<?xml version="1.0" encoding="UTF-8"?>
<testsuites name="signup" time="14" tests="1" failures="0" errors="0">
   <testsuite name="signup" tests="1" failures="0" errors="0" time="14" timestamp="2019-04-12 15:03:51" hostname="cloudkibo-muzamil - cloudkibomuzamil-Precision-T1700" id="Test Suites/signup">
      <properties>
         <property name="deviceName" value=""/>
         <property name="devicePlatform" value=""/>
         <property name="logFolder" value="/home/cloudkibo-muzamil/Downloads/Test cases/production/KiboPush/Reports/signup/20190412_144005"/>
         <property name="logFiles" value="/home/cloudkibo-muzamil/Downloads/Test cases/production/KiboPush/Reports/signup/20190412_144005/execution0.log"/>
         <property name="attachments" value=""/>
         <property name="hostName" value="cloudkibo-muzamil - cloudkibomuzamil-Precision-T1700"/>
         <property name="os" value="Linux 64bit"/>
         <property name="katalonVersion" value="6.0.6.4"/>
         <property name="browser" value="Chrome 73.0.3683.86"/>
         <property name="hostAddress" value="127.0.1.1"/>
         <property name="sessionId" value="02fcbc181b068484e3dec3058f430b0c"/>
         <property name="seleniumVersion" value="3.7.1"/>
         <property name="proxyInformation" value="ProxyInformation{proxyOption=NO_PROXY, proxyServerType=HTTP, password=, proxyServerAddress=, proxyServerPort=0}"/>
         <property name="platform" value="Linux"/>
      </properties>
      <testcase name="Test Cases/SignUp Test Cases/TC0009" classname="Test Cases/SignUp Test Cases/TC0009" status="PASSED">
         <system-out><![CDATA[2019-04-12 15:03:51 - [TEST_CASE][PASSED] - Test Cases/SignUp Test Cases/TC0009: Test Cases/SignUp Test Cases/TC0009

2019-04-12 15:03:51 - [TEST_STEP][PASSED] - openBrowser(""): Browser is opened with url: ''

2019-04-12 15:03:51 - [MESSAGE][INFO] - Starting 'Chrome' driver

2019-04-12 15:03:51 - [MESSAGE][INFO] - Action delay is set to 0 seconds

2019-04-12 15:03:52 - [MESSAGE][PASSED] - Browser is opened with url: ''

2019-04-12 15:03:52 - [TEST_STEP][PASSED] - maximizeWindow(): Current window maximized

2019-04-12 15:03:52 - [MESSAGE][PASSED] - Current window maximized

2019-04-12 15:03:52 - [TEST_STEP][PASSED] - navigateToUrl("https://kiboengage.cloudkibo.com/"): Navigate to 'https://kiboengage.cloudkibo.com/' successfully

2019-04-12 15:04:02 - [MESSAGE][PASSED] - Navigate to 'https://kiboengage.cloudkibo.com/' successfully

2019-04-12 15:04:02 - [TEST_STEP][PASSED] - navigateToUrl("https://accounts.cloudkibo.com/?continue=https://kiboengage.cloudkibo.com"): Navigate to 'https://accounts.cloudkibo.com/?continue=https://kiboengage.cloudkibo.com' successfully

2019-04-12 15:04:03 - [MESSAGE][PASSED] - Navigate to 'https://accounts.cloudkibo.com/?continue=https://kiboengage.cloudkibo.com' successfully

2019-04-12 15:04:03 - [TEST_STEP][PASSED] - click(findTestObject("Page_KiboPush/a_Sign Up (2)")): Object: 'Object Repository/Page_KiboPush/a_Sign Up (2)' is clicked on

2019-04-12 15:04:04 - [MESSAGE][PASSED] - Object: 'Object Repository/Page_KiboPush/a_Sign Up (2)' is clicked on

2019-04-12 15:04:04 - [TEST_STEP][PASSED] - click(findTestObject("Page_KiboPush/a_Individual Account (9)")): Object: 'Object Repository/Page_KiboPush/a_Individual Account (9)' is clicked on

2019-04-12 15:04:05 - [MESSAGE][PASSED] - Object: 'Object Repository/Page_KiboPush/a_Individual Account (9)' is clicked on

2019-04-12 15:04:05 - [TEST_STEP][PASSED] - click(findTestObject("Page_KiboPush/h3_Individual Sign Up (1)")): Object: 'Object Repository/Page_KiboPush/h3_Individual Sign Up (1)' is clicked on

2019-04-12 15:04:05 - [MESSAGE][PASSED] - Object: 'Object Repository/Page_KiboPush/h3_Individual Sign Up (1)' is clicked on]]></system-out>
         <system-err><![CDATA[]]></system-err>
      </testcase>
      <system-out><![CDATA[2019-04-12 15:03:51 - [TEST_SUITE][PASSED] - signup: Test Cases/SignUp Test Cases/TC0009]]></system-out>
      <system-err><![CDATA[]]></system-err>
   </testsuite>
</testsuites>
