<?xml version="1.0" encoding="UTF-8"?>
<testsuites name="broadcast" time="1325" tests="84" failures="12" errors="0">
   <testsuite name="broadcast" tests="84" failures="12" errors="0" time="1325" timestamp="2019-04-24 12:46:42" hostname="cloudkibo - 10.0.2.15" id="Test Suites/broadcast">
      <properties>
         <property name="deviceName" value=""/>
         <property name="devicePlatform" value=""/>
         <property name="logFolder" value="C:\\Users\\cloudkibo\\Desktop\\KiboPush_Automated_Testing\\KiboPush Katalon\\Reports\\broadcast\\20190424_124145"/>
         <property name="logFiles" value="C:\\Users\\cloudkibo\\Desktop\\KiboPush_Automated_Testing\\KiboPush Katalon\\Reports\\broadcast\\20190424_124145\\execution0.log"/>
         <property name="attachments" value="C:\\Users\\cloudkibo\\Desktop\\KiboPush_Automated_Testing\\KiboPush Katalon\\Reports\\broadcast\\20190424_124145\\1556092239949.png, C:\\Users\\cloudkibo\\Desktop\\KiboPush_Automated_Testing\\KiboPush Katalon\\Reports\\broadcast\\20190424_124145\\1556092542812.png, C:\\Users\\cloudkibo\\Desktop\\KiboPush_Automated_Testing\\KiboPush Katalon\\Reports\\broadcast\\20190424_124145\\1556092656101.png, C:\\Users\\cloudkibo\\Desktop\\KiboPush_Automated_Testing\\KiboPush Katalon\\Reports\\broadcast\\20190424_124145\\1556092909380.png, C:\\Users\\cloudkibo\\Desktop\\KiboPush_Automated_Testing\\KiboPush Katalon\\Reports\\broadcast\\20190424_124145\\1556092953516.png, C:\\Users\\cloudkibo\\Desktop\\KiboPush_Automated_Testing\\KiboPush Katalon\\Reports\\broadcast\\20190424_124145\\1556093078203.png, C:\\Users\\cloudkibo\\Desktop\\KiboPush_Automated_Testing\\KiboPush Katalon\\Reports\\broadcast\\20190424_124145\\1556093121879.png, C:\\Users\\cloudkibo\\Desktop\\KiboPush_Automated_Testing\\KiboPush Katalon\\Reports\\broadcast\\20190424_124145\\1556093166201.png, C:\\Users\\cloudkibo\\Desktop\\KiboPush_Automated_Testing\\KiboPush Katalon\\Reports\\broadcast\\20190424_124145\\1556093210022.png, C:\\Users\\cloudkibo\\Desktop\\KiboPush_Automated_Testing\\KiboPush Katalon\\Reports\\broadcast\\20190424_124145\\1556093253512.png"/>
         <property name="hostName" value="cloudkibo - 10.0.2.15"/>
         <property name="os" value="Windows 10 64bit"/>
         <property name="katalonVersion" value="5.6.0.1"/>
         <property name="browser" value="Chrome 73.0.3683.103"/>
         <property name="hostAddress" value="10.0.2.15"/>
         <property name="sessionId" value="ac98958e195a482c440ae6c1df4c3a6a"/>
         <property name="seleniumVersion" value="3.7.1"/>
         <property name="proxyInformation" value="ProxyInformation{proxyOption=NO_PROXY, proxyServerType=HTTP, password=, proxyServerAddress=, proxyServerPort=0}"/>
         <property name="platform" value="Windows 10"/>
      </properties>
      <testcase name="Test Cases/s-sidebar_navigation/individualAccount/arveen_production_login_kiboengage" classname="Test Cases/s-sidebar_navigation/individualAccount/arveen_production_login_kiboengage" status="PASSED">
         <system-out><![CDATA[2019-04-24 12:46:43 - [TEST_CASE][PASSED] - Test Cases/s-sidebar_navigation/individualAccount/arveen_production_login_kiboengage: Test Cases/s-sidebar_navigation/individualAccount/arveen_production_login_kiboengage

2019-04-24 12:46:44 - [TEST_STEP][PASSED] - openBrowser: Browser is opened with url: ''

2019-04-24 12:46:51 - [MESSAGE][PASSED] - Browser is opened with url: ''

2019-04-24 12:46:51 - [TEST_STEP][PASSED] - maximizeWindow: Current window maximized

2019-04-24 12:46:52 - [MESSAGE][PASSED] - Current window maximized

2019-04-24 12:46:52 - [TEST_STEP][PASSED] - navigateToUrl: Navigate to 'https://kiboengage.cloudkibo.com/' successfully

2019-04-24 12:47:08 - [MESSAGE][PASSED] - Navigate to 'https://kiboengage.cloudkibo.com/' successfully

2019-04-24 12:47:08 - [TEST_STEP][PASSED] - navigateToUrl: Navigate to 'https://accounts.cloudkibo.com/?continue=https://kiboengage.cloudkibo.com' successfully

2019-04-24 12:47:10 - [MESSAGE][PASSED] - Navigate to 'https://accounts.cloudkibo.com/?continue=https://kiboengage.cloudkibo.com' successfully

2019-04-24 12:47:10 - [TEST_STEP][PASSED] - click: Object: 'Object Repository/Page_CloudKibo/a_Login (2) (1) (1)' is clicked on

2019-04-24 12:47:11 - [MESSAGE][PASSED] - Object: 'Object Repository/Page_CloudKibo/a_Login (2) (1) (1)' is clicked on

2019-04-24 12:47:11 - [TEST_STEP][PASSED] - setText: Text 'individual@cloudkibo.com' is set on object 'Object Repository/Page_KiboPush/input_email (10) (1) (1)'

2019-04-24 12:47:11 - [MESSAGE][PASSED] - Text 'individual@cloudkibo.com' is set on object 'Object Repository/Page_KiboPush/input_email (10) (1) (1)'

2019-04-24 12:47:11 - [TEST_STEP][PASSED] - setEncryptedText: Text ****** has been set on object 'Object Repository/Page_CloudKibo/input_Sign In_password (7)'

2019-04-24 12:47:11 - [MESSAGE][PASSED] - Text ****** has been set on object 'Object Repository/Page_CloudKibo/input_Sign In_password (7)'

2019-04-24 12:47:11 - [TEST_STEP][PASSED] - click: Object: 'Object Repository/Page_KiboPush/button_Sign In (10) (1) (2)' is clicked on

2019-04-24 12:47:11 - [MESSAGE][PASSED] - Object: 'Object Repository/Page_KiboPush/button_Sign In (10) (1) (2)' is clicked on

2019-04-24 12:47:11 - [TEST_STEP][PASSED] - click: Object: 'Object Repository/Page_KiboPush  Dashboard/h3_Dashboard (57)' is clicked on

2019-04-24 12:47:38 - [MESSAGE][PASSED] - Object: 'Object Repository/Page_KiboPush  Dashboard/h3_Dashboard (57)' is clicked on

2019-04-24 12:47:38 - [TEST_STEP][PASSED] - delay: Delayed 3 second(s)

2019-04-24 12:47:41 - [MESSAGE][PASSED] - Delayed 3 second(s)

2019-04-24 12:47:41 - [TEST_STEP][PASSED] - click: Object: 'Object Repository/Page_KiboEngage  Dashboard/a_SMS (2) (1) (1) (1) (3)' is clicked on

2019-04-24 12:47:41 - [MESSAGE][PASSED] - Object: 'Object Repository/Page_KiboEngage  Dashboard/a_SMS (2) (1) (1) (1) (3)' is clicked on

2019-04-24 12:47:41 - [TEST_STEP][PASSED] - delay: Delayed 2 second(s)

2019-04-24 12:47:43 - [MESSAGE][PASSED] - Delayed 2 second(s)

2019-04-24 12:47:43 - [TEST_STEP][PASSED] - click: Object: 'Object Repository/Page_KiboEngage  Dashboard/span_Messenger (1) (1) (1) (3)' is clicked on

2019-04-24 12:47:43 - [MESSAGE][PASSED] - Object: 'Object Repository/Page_KiboEngage  Dashboard/span_Messenger (1) (1) (1) (3)' is clicked on

2019-04-24 12:47:43 - [TEST_STEP][PASSED] - delay: Delayed 2 second(s)

2019-04-24 12:47:45 - [MESSAGE][PASSED] - Delayed 2 second(s)]]></system-out>
         <system-err><![CDATA[]]></system-err>
      </testcase>
      <testcase name="Test Cases/Broadcasts/open_broadcast" classname="Test Cases/Broadcasts/open_broadcast" status="PASSED">
         <system-out><![CDATA[2019-04-24 12:47:45 - [TEST_CASE][PASSED] - Test Cases/Broadcasts/open_broadcast: Test Cases/Broadcasts/open_broadcast

2019-04-24 12:47:46 - [TEST_STEP][PASSED] - click: Object: 'Object Repository/Page_KiboPush  Dashboard/span_Broadcasting' is clicked on

2019-04-24 12:47:46 - [MESSAGE][PASSED] - Object: 'Object Repository/Page_KiboPush  Dashboard/span_Broadcasting' is clicked on

2019-04-24 12:47:46 - [TEST_STEP][PASSED] - delay: Delayed 2 second(s)

2019-04-24 12:47:48 - [MESSAGE][PASSED] - Delayed 2 second(s)]]></system-out>
         <system-err><![CDATA[]]></system-err>
      </testcase>
      <testcase name="Test Cases/Broadcasts/TC0106" classname="Test Cases/Broadcasts/TC0106" status="PASSED">
         <system-out><![CDATA[2019-04-24 12:47:48 - [TEST_CASE][PASSED] - Test Cases/Broadcasts/TC0106: Test Cases/Broadcasts/TC0106

2019-04-24 12:47:48 - [TEST_STEP][PASSED] - callTestCase: Call Test Case 'Test Cases/s-sidebar_navigation/TeamAccount/Broadcasts' successfully

2019-04-24 12:47:48 - [TEST_CASE][PASSED] - Test Cases/s-sidebar_navigation/TeamAccount/Broadcasts: Test Cases/s-sidebar_navigation/TeamAccount/Broadcasts

2019-04-24 12:47:48 - [TEST_STEP][PASSED] - callTestCase: Call Test Case 'Test Cases/s-sidebar_navigation/individualAccount/broadcast' successfully

2019-04-24 12:47:49 - [TEST_CASE][PASSED] - Test Cases/s-sidebar_navigation/individualAccount/broadcast: Test Cases/s-sidebar_navigation/individualAccount/broadcast

2019-04-24 12:47:49 - [TEST_STEP][PASSED] - click: Object: 'Object Repository/Page_KiboPush  Dashboard/span_Polls' is clicked on

2019-04-24 12:47:49 - [MESSAGE][PASSED] - Object: 'Object Repository/Page_KiboPush  Dashboard/span_Polls' is clicked on

2019-04-24 12:47:49 - [TEST_STEP][PASSED] - delay: Delayed 1 second(s)

2019-04-24 12:47:50 - [MESSAGE][PASSED] - Delayed 1 second(s)

2019-04-24 12:47:50 - [TEST_STEP][PASSED] - click: Object: 'Object Repository/Page_KiboPush  Dashboard/span_Broadcasts' is clicked on

2019-04-24 12:47:50 - [MESSAGE][PASSED] - Object: 'Object Repository/Page_KiboPush  Dashboard/span_Broadcasts' is clicked on

2019-04-24 12:47:50 - [TEST_STEP][PASSED] - delay: Delayed 1 second(s)

2019-04-24 12:47:52 - [MESSAGE][PASSED] - Delayed 1 second(s)

2019-04-24 12:47:52 - [TEST_STEP][PASSED] - scrollToPosition: Browser is scrolled to position x = 0, y = 0

2019-04-24 12:47:52 - [MESSAGE][PASSED] - Browser is scrolled to position x = 0, y = 0

2019-04-24 12:47:52 - [TEST_STEP][PASSED] - click: Object: 'Object Repository/Page_KiboPush  Broadcast/h3_Manage Broadcasts' is clicked on

2019-04-24 12:47:52 - [MESSAGE][PASSED] - Object: 'Object Repository/Page_KiboPush  Broadcast/h3_Manage Broadcasts' is clicked on

2019-04-24 12:47:52 - [MESSAGE][PASSED] - Call Test Case 'Test Cases/s-sidebar_navigation/individualAccount/broadcast' successfully

2019-04-24 12:47:52 - [MESSAGE][PASSED] - Call Test Case 'Test Cases/s-sidebar_navigation/TeamAccount/Broadcasts' successfully

2019-04-24 12:47:52 - [TEST_STEP][PASSED] - click: Object: 'Object Repository/Page_KiboPush  Broadcast/a_documentation' is clicked on

2019-04-24 12:47:53 - [MESSAGE][PASSED] - Object: 'Object Repository/Page_KiboPush  Broadcast/a_documentation' is clicked on]]></system-out>
         <system-err><![CDATA[]]></system-err>
      </testcase>
      <testcase name="Test Cases/Broadcasts/TC0107" classname="Test Cases/Broadcasts/TC0107" status="PASSED">
         <system-out><![CDATA[2019-04-24 12:47:53 - [TEST_CASE][PASSED] - Test Cases/Broadcasts/TC0107: Test Cases/Broadcasts/TC0107

2019-04-24 12:47:53 - [TEST_STEP][PASSED] - callTestCase: Call Test Case 'Test Cases/s-sidebar_navigation/TeamAccount/Broadcasts' successfully

2019-04-24 12:47:53 - [TEST_CASE][PASSED] - Test Cases/s-sidebar_navigation/TeamAccount/Broadcasts: Test Cases/s-sidebar_navigation/TeamAccount/Broadcasts

2019-04-24 12:47:53 - [TEST_STEP][PASSED] - callTestCase: Call Test Case 'Test Cases/s-sidebar_navigation/individualAccount/broadcast' successfully

2019-04-24 12:47:53 - [TEST_CASE][PASSED] - Test Cases/s-sidebar_navigation/individualAccount/broadcast: Test Cases/s-sidebar_navigation/individualAccount/broadcast

2019-04-24 12:47:53 - [TEST_STEP][PASSED] - click: Object: 'Object Repository/Page_KiboPush  Dashboard/span_Polls' is clicked on

2019-04-24 12:47:54 - [MESSAGE][PASSED] - Object: 'Object Repository/Page_KiboPush  Dashboard/span_Polls' is clicked on

2019-04-24 12:47:54 - [TEST_STEP][PASSED] - delay: Delayed 1 second(s)

2019-04-24 12:47:55 - [MESSAGE][PASSED] - Delayed 1 second(s)

2019-04-24 12:47:55 - [TEST_STEP][PASSED] - click: Object: 'Object Repository/Page_KiboPush  Dashboard/span_Broadcasts' is clicked on

2019-04-24 12:48:02 - [MESSAGE][PASSED] - Object: 'Object Repository/Page_KiboPush  Dashboard/span_Broadcasts' is clicked on

2019-04-24 12:48:02 - [TEST_STEP][PASSED] - delay: Delayed 1 second(s)

2019-04-24 12:48:03 - [MESSAGE][PASSED] - Delayed 1 second(s)

2019-04-24 12:48:03 - [TEST_STEP][PASSED] - scrollToPosition: Browser is scrolled to position x = 0, y = 0

2019-04-24 12:48:03 - [MESSAGE][PASSED] - Browser is scrolled to position x = 0, y = 0

2019-04-24 12:48:03 - [TEST_STEP][PASSED] - click: Object: 'Object Repository/Page_KiboPush  Broadcast/h3_Manage Broadcasts' is clicked on

2019-04-24 12:48:04 - [MESSAGE][PASSED] - Object: 'Object Repository/Page_KiboPush  Broadcast/h3_Manage Broadcasts' is clicked on

2019-04-24 12:48:04 - [MESSAGE][PASSED] - Call Test Case 'Test Cases/s-sidebar_navigation/individualAccount/broadcast' successfully

2019-04-24 12:48:04 - [MESSAGE][PASSED] - Call Test Case 'Test Cases/s-sidebar_navigation/TeamAccount/Broadcasts' successfully

2019-04-24 12:48:04 - [TEST_STEP][PASSED] - click: Object: 'Object Repository/Page_KiboPush  Broadcast/a_video tutorial (1)' is clicked on

2019-04-24 12:48:04 - [MESSAGE][PASSED] - Object: 'Object Repository/Page_KiboPush  Broadcast/a_video tutorial (1)' is clicked on]]></system-out>
         <system-err><![CDATA[]]></system-err>
      </testcase>
      <testcase name="Test Cases/Broadcasts/TC0108" classname="Test Cases/Broadcasts/TC0108" status="PASSED">
         <system-out><![CDATA[2019-04-24 12:48:04 - [TEST_CASE][PASSED] - Test Cases/Broadcasts/TC0108: Test Cases/Broadcasts/TC0108

2019-04-24 12:48:05 - [TEST_STEP][PASSED] - callTestCase: Call Test Case 'Test Cases/s-sidebar_navigation/TeamAccount/Broadcasts' successfully

2019-04-24 12:48:05 - [TEST_CASE][PASSED] - Test Cases/s-sidebar_navigation/TeamAccount/Broadcasts: Test Cases/s-sidebar_navigation/TeamAccount/Broadcasts

2019-04-24 12:48:05 - [TEST_STEP][PASSED] - callTestCase: Call Test Case 'Test Cases/s-sidebar_navigation/individualAccount/broadcast' successfully

2019-04-24 12:48:05 - [TEST_CASE][PASSED] - Test Cases/s-sidebar_navigation/individualAccount/broadcast: Test Cases/s-sidebar_navigation/individualAccount/broadcast

2019-04-24 12:48:05 - [TEST_STEP][PASSED] - click: Object: 'Object Repository/Page_KiboPush  Dashboard/span_Polls' is clicked on

2019-04-24 12:48:06 - [MESSAGE][PASSED] - Object: 'Object Repository/Page_KiboPush  Dashboard/span_Polls' is clicked on

2019-04-24 12:48:06 - [TEST_STEP][PASSED] - delay: Delayed 1 second(s)

2019-04-24 12:48:07 - [MESSAGE][PASSED] - Delayed 1 second(s)

2019-04-24 12:48:07 - [TEST_STEP][PASSED] - click: Object: 'Object Repository/Page_KiboPush  Dashboard/span_Broadcasts' is clicked on

2019-04-24 12:48:07 - [MESSAGE][PASSED] - Object: 'Object Repository/Page_KiboPush  Dashboard/span_Broadcasts' is clicked on

2019-04-24 12:48:07 - [TEST_STEP][PASSED] - delay: Delayed 1 second(s)

2019-04-24 12:48:08 - [MESSAGE][PASSED] - Delayed 1 second(s)

2019-04-24 12:48:08 - [TEST_STEP][PASSED] - scrollToPosition: Browser is scrolled to position x = 0, y = 0

2019-04-24 12:48:08 - [MESSAGE][PASSED] - Browser is scrolled to position x = 0, y = 0

2019-04-24 12:48:08 - [TEST_STEP][PASSED] - click: Object: 'Object Repository/Page_KiboPush  Broadcast/h3_Manage Broadcasts' is clicked on

2019-04-24 12:48:08 - [MESSAGE][PASSED] - Object: 'Object Repository/Page_KiboPush  Broadcast/h3_Manage Broadcasts' is clicked on

2019-04-24 12:48:08 - [MESSAGE][PASSED] - Call Test Case 'Test Cases/s-sidebar_navigation/individualAccount/broadcast' successfully

2019-04-24 12:48:08 - [MESSAGE][PASSED] - Call Test Case 'Test Cases/s-sidebar_navigation/TeamAccount/Broadcasts' successfully

2019-04-24 12:48:08 - [TEST_STEP][PASSED] - delay: Delayed 1 second(s)

2019-04-24 12:48:09 - [MESSAGE][PASSED] - Delayed 1 second(s)

2019-04-24 12:48:09 - [TEST_STEP][PASSED] - Statement - driver = com.kms.katalon.core.webui.driver.DriverFactory.getWebDriver(): null

2019-04-24 12:48:09 - [TEST_STEP][PASSED] - Statement - Table = driver.findElement(org.openqa.selenium.By.xpath("//table/tbody")): null

2019-04-24 12:48:09 - [TEST_STEP][PASSED] - Statement - rows_table = Table.findElements(org.openqa.selenium.By.tagName("tr")): null

2019-04-24 12:48:09 - [TEST_STEP][PASSED] - Statement - rows_count = rows_table.size(): null

2019-04-24 12:48:09 - [TEST_STEP][PASSED] - verifyGreaterThanOrEqual: Actual number '10' is greater than or equal to expected number '1'

2019-04-24 12:48:09 - [MESSAGE][PASSED] - Actual number '10' is greater than or equal to expected number '1']]></system-out>
         <system-err><![CDATA[]]></system-err>
      </testcase>
      <testcase name="Test Cases/Broadcasts/TC0109" classname="Test Cases/Broadcasts/TC0109" status="PASSED">
         <system-out><![CDATA[2019-04-24 12:48:09 - [TEST_CASE][PASSED] - Test Cases/Broadcasts/TC0109: Test Cases/Broadcasts/TC0109

2019-04-24 12:48:10 - [TEST_STEP][PASSED] - callTestCase: Call Test Case 'Test Cases/s-sidebar_navigation/TeamAccount/Broadcasts' successfully

2019-04-24 12:48:10 - [TEST_CASE][PASSED] - Test Cases/s-sidebar_navigation/TeamAccount/Broadcasts: Test Cases/s-sidebar_navigation/TeamAccount/Broadcasts

2019-04-24 12:48:10 - [TEST_STEP][PASSED] - callTestCase: Call Test Case 'Test Cases/s-sidebar_navigation/individualAccount/broadcast' successfully

2019-04-24 12:48:10 - [TEST_CASE][PASSED] - Test Cases/s-sidebar_navigation/individualAccount/broadcast: Test Cases/s-sidebar_navigation/individualAccount/broadcast

2019-04-24 12:48:10 - [TEST_STEP][PASSED] - click: Object: 'Object Repository/Page_KiboPush  Dashboard/span_Polls' is clicked on

2019-04-24 12:48:10 - [MESSAGE][PASSED] - Object: 'Object Repository/Page_KiboPush  Dashboard/span_Polls' is clicked on

2019-04-24 12:48:10 - [TEST_STEP][PASSED] - delay: Delayed 1 second(s)

2019-04-24 12:48:11 - [MESSAGE][PASSED] - Delayed 1 second(s)

2019-04-24 12:48:11 - [TEST_STEP][PASSED] - click: Object: 'Object Repository/Page_KiboPush  Dashboard/span_Broadcasts' is clicked on

2019-04-24 12:48:11 - [MESSAGE][PASSED] - Object: 'Object Repository/Page_KiboPush  Dashboard/span_Broadcasts' is clicked on

2019-04-24 12:48:11 - [TEST_STEP][PASSED] - delay: Delayed 1 second(s)

2019-04-24 12:48:12 - [MESSAGE][PASSED] - Delayed 1 second(s)

2019-04-24 12:48:12 - [TEST_STEP][PASSED] - scrollToPosition: Browser is scrolled to position x = 0, y = 0

2019-04-24 12:48:12 - [MESSAGE][PASSED] - Browser is scrolled to position x = 0, y = 0

2019-04-24 12:48:12 - [TEST_STEP][PASSED] - click: Object: 'Object Repository/Page_KiboPush  Broadcast/h3_Manage Broadcasts' is clicked on

2019-04-24 12:48:12 - [MESSAGE][PASSED] - Object: 'Object Repository/Page_KiboPush  Broadcast/h3_Manage Broadcasts' is clicked on

2019-04-24 12:48:12 - [MESSAGE][PASSED] - Call Test Case 'Test Cases/s-sidebar_navigation/individualAccount/broadcast' successfully

2019-04-24 12:48:12 - [MESSAGE][PASSED] - Call Test Case 'Test Cases/s-sidebar_navigation/TeamAccount/Broadcasts' successfully

2019-04-24 12:48:12 - [TEST_STEP][PASSED] - delay: Delayed 1 second(s)

2019-04-24 12:48:13 - [MESSAGE][PASSED] - Delayed 1 second(s)

2019-04-24 12:48:13 - [TEST_STEP][PASSED] - setText: Text 'TitleX' is set on object 'Object Repository/Page_KiboPush  Broadcast/input_form-control'

2019-04-24 12:48:14 - [MESSAGE][PASSED] - Text 'TitleX' is set on object 'Object Repository/Page_KiboPush  Broadcast/input_form-control'

2019-04-24 12:48:14 - [TEST_STEP][PASSED] - click: Object: 'Object Repository/Page_KiboPush  Broadcast/span_TitleX' is clicked on

2019-04-24 12:48:14 - [MESSAGE][PASSED] - Object: 'Object Repository/Page_KiboPush  Broadcast/span_TitleX' is clicked on]]></system-out>
         <system-err><![CDATA[]]></system-err>
      </testcase>
      <testcase name="Test Cases/Broadcasts/TC0110" classname="Test Cases/Broadcasts/TC0110" status="PASSED">
         <system-out><![CDATA[2019-04-24 12:48:14 - [TEST_CASE][PASSED] - Test Cases/Broadcasts/TC0110: Test Cases/Broadcasts/TC0110

2019-04-24 12:48:14 - [TEST_STEP][PASSED] - callTestCase: Call Test Case 'Test Cases/s-sidebar_navigation/TeamAccount/Broadcasts' successfully

2019-04-24 12:48:14 - [TEST_CASE][PASSED] - Test Cases/s-sidebar_navigation/TeamAccount/Broadcasts: Test Cases/s-sidebar_navigation/TeamAccount/Broadcasts

2019-04-24 12:48:14 - [TEST_STEP][PASSED] - callTestCase: Call Test Case 'Test Cases/s-sidebar_navigation/individualAccount/broadcast' successfully

2019-04-24 12:48:14 - [TEST_CASE][PASSED] - Test Cases/s-sidebar_navigation/individualAccount/broadcast: Test Cases/s-sidebar_navigation/individualAccount/broadcast

2019-04-24 12:48:14 - [TEST_STEP][PASSED] - click: Object: 'Object Repository/Page_KiboPush  Dashboard/span_Polls' is clicked on

2019-04-24 12:48:14 - [MESSAGE][PASSED] - Object: 'Object Repository/Page_KiboPush  Dashboard/span_Polls' is clicked on

2019-04-24 12:48:14 - [TEST_STEP][PASSED] - delay: Delayed 1 second(s)

2019-04-24 12:48:15 - [MESSAGE][PASSED] - Delayed 1 second(s)

2019-04-24 12:48:15 - [TEST_STEP][PASSED] - click: Object: 'Object Repository/Page_KiboPush  Dashboard/span_Broadcasts' is clicked on

2019-04-24 12:48:16 - [MESSAGE][PASSED] - Object: 'Object Repository/Page_KiboPush  Dashboard/span_Broadcasts' is clicked on

2019-04-24 12:48:16 - [TEST_STEP][PASSED] - delay: Delayed 1 second(s)

2019-04-24 12:48:17 - [MESSAGE][PASSED] - Delayed 1 second(s)

2019-04-24 12:48:17 - [TEST_STEP][PASSED] - scrollToPosition: Browser is scrolled to position x = 0, y = 0

2019-04-24 12:48:17 - [MESSAGE][PASSED] - Browser is scrolled to position x = 0, y = 0

2019-04-24 12:48:17 - [TEST_STEP][PASSED] - click: Object: 'Object Repository/Page_KiboPush  Broadcast/h3_Manage Broadcasts' is clicked on

2019-04-24 12:48:17 - [MESSAGE][PASSED] - Object: 'Object Repository/Page_KiboPush  Broadcast/h3_Manage Broadcasts' is clicked on

2019-04-24 12:48:17 - [MESSAGE][PASSED] - Call Test Case 'Test Cases/s-sidebar_navigation/individualAccount/broadcast' successfully

2019-04-24 12:48:17 - [MESSAGE][PASSED] - Call Test Case 'Test Cases/s-sidebar_navigation/TeamAccount/Broadcasts' successfully

2019-04-24 12:48:17 - [TEST_STEP][PASSED] - selectOptionByValue: All options with value 'image' are selected in object 'Object Repository/Page_KiboPush  Broadcast/select_Filter by type...textim'  using regular expression

2019-04-24 12:48:17 - [MESSAGE][PASSED] - All options with value 'image' are selected in object 'Object Repository/Page_KiboPush  Broadcast/select_Filter by type...textim'  using regular expression

2019-04-24 12:48:17 - [TEST_STEP][PASSED] - delay: Delayed 1 second(s)

2019-04-24 12:48:18 - [MESSAGE][PASSED] - Delayed 1 second(s)

2019-04-24 12:48:18 - [TEST_STEP][PASSED] - click: Object: 'Object Repository/Page_KiboPush  Broadcast/span_image' is clicked on

2019-04-24 12:48:18 - [MESSAGE][PASSED] - Object: 'Object Repository/Page_KiboPush  Broadcast/span_image' is clicked on]]></system-out>
         <system-err><![CDATA[]]></system-err>
      </testcase>
      <testcase name="Test Cases/Broadcasts/TC0111" classname="Test Cases/Broadcasts/TC0111" status="PASSED">
         <system-out><![CDATA[2019-04-24 12:48:18 - [TEST_CASE][PASSED] - Test Cases/Broadcasts/TC0111: Test Cases/Broadcasts/TC0111

2019-04-24 12:48:19 - [TEST_STEP][PASSED] - callTestCase: Call Test Case 'Test Cases/s-sidebar_navigation/TeamAccount/Broadcasts' successfully

2019-04-24 12:48:19 - [TEST_CASE][PASSED] - Test Cases/s-sidebar_navigation/TeamAccount/Broadcasts: Test Cases/s-sidebar_navigation/TeamAccount/Broadcasts

2019-04-24 12:48:19 - [TEST_STEP][PASSED] - callTestCase: Call Test Case 'Test Cases/s-sidebar_navigation/individualAccount/broadcast' successfully

2019-04-24 12:48:19 - [TEST_CASE][PASSED] - Test Cases/s-sidebar_navigation/individualAccount/broadcast: Test Cases/s-sidebar_navigation/individualAccount/broadcast

2019-04-24 12:48:19 - [TEST_STEP][PASSED] - click: Object: 'Object Repository/Page_KiboPush  Dashboard/span_Polls' is clicked on

2019-04-24 12:48:19 - [MESSAGE][PASSED] - Object: 'Object Repository/Page_KiboPush  Dashboard/span_Polls' is clicked on

2019-04-24 12:48:19 - [TEST_STEP][PASSED] - delay: Delayed 1 second(s)

2019-04-24 12:48:20 - [MESSAGE][PASSED] - Delayed 1 second(s)

2019-04-24 12:48:20 - [TEST_STEP][PASSED] - click: Object: 'Object Repository/Page_KiboPush  Dashboard/span_Broadcasts' is clicked on

2019-04-24 12:48:20 - [MESSAGE][PASSED] - Object: 'Object Repository/Page_KiboPush  Dashboard/span_Broadcasts' is clicked on

2019-04-24 12:48:20 - [TEST_STEP][PASSED] - delay: Delayed 1 second(s)

2019-04-24 12:48:21 - [MESSAGE][PASSED] - Delayed 1 second(s)

2019-04-24 12:48:21 - [TEST_STEP][PASSED] - scrollToPosition: Browser is scrolled to position x = 0, y = 0

2019-04-24 12:48:21 - [MESSAGE][PASSED] - Browser is scrolled to position x = 0, y = 0

2019-04-24 12:48:21 - [TEST_STEP][PASSED] - click: Object: 'Object Repository/Page_KiboPush  Broadcast/h3_Manage Broadcasts' is clicked on

2019-04-24 12:48:21 - [MESSAGE][PASSED] - Object: 'Object Repository/Page_KiboPush  Broadcast/h3_Manage Broadcasts' is clicked on

2019-04-24 12:48:21 - [MESSAGE][PASSED] - Call Test Case 'Test Cases/s-sidebar_navigation/individualAccount/broadcast' successfully

2019-04-24 12:48:21 - [MESSAGE][PASSED] - Call Test Case 'Test Cases/s-sidebar_navigation/TeamAccount/Broadcasts' successfully

2019-04-24 12:48:21 - [TEST_STEP][PASSED] - selectOptionByValue: All options with value 'text' are selected in object 'Object Repository/Page_KiboPush  Broadcast/select_Filter by type...textim'  using regular expression

2019-04-24 12:48:22 - [MESSAGE][PASSED] - All options with value 'text' are selected in object 'Object Repository/Page_KiboPush  Broadcast/select_Filter by type...textim'  using regular expression

2019-04-24 12:48:22 - [TEST_STEP][PASSED] - click: Object: 'Object Repository/Page_KiboPush  Broadcast/span_text' is clicked on

2019-04-24 12:48:22 - [MESSAGE][PASSED] - Object: 'Object Repository/Page_KiboPush  Broadcast/span_text' is clicked on]]></system-out>
         <system-err><![CDATA[]]></system-err>
      </testcase>
      <testcase name="Test Cases/Broadcasts/TC0112" classname="Test Cases/Broadcasts/TC0112" status="PASSED">
         <system-out><![CDATA[2019-04-24 12:48:22 - [TEST_CASE][PASSED] - Test Cases/Broadcasts/TC0112: Test Cases/Broadcasts/TC0112

2019-04-24 12:48:22 - [TEST_STEP][PASSED] - callTestCase: Call Test Case 'Test Cases/s-sidebar_navigation/TeamAccount/Broadcasts' successfully

2019-04-24 12:48:22 - [TEST_CASE][PASSED] - Test Cases/s-sidebar_navigation/TeamAccount/Broadcasts: Test Cases/s-sidebar_navigation/TeamAccount/Broadcasts

2019-04-24 12:48:22 - [TEST_STEP][PASSED] - callTestCase: Call Test Case 'Test Cases/s-sidebar_navigation/individualAccount/broadcast' successfully

2019-04-24 12:48:22 - [TEST_CASE][PASSED] - Test Cases/s-sidebar_navigation/individualAccount/broadcast: Test Cases/s-sidebar_navigation/individualAccount/broadcast

2019-04-24 12:48:22 - [TEST_STEP][PASSED] - click: Object: 'Object Repository/Page_KiboPush  Dashboard/span_Polls' is clicked on

2019-04-24 12:48:23 - [MESSAGE][PASSED] - Object: 'Object Repository/Page_KiboPush  Dashboard/span_Polls' is clicked on

2019-04-24 12:48:23 - [TEST_STEP][PASSED] - delay: Delayed 1 second(s)

2019-04-24 12:48:24 - [MESSAGE][PASSED] - Delayed 1 second(s)

2019-04-24 12:48:24 - [TEST_STEP][PASSED] - click: Object: 'Object Repository/Page_KiboPush  Dashboard/span_Broadcasts' is clicked on

2019-04-24 12:48:24 - [MESSAGE][PASSED] - Object: 'Object Repository/Page_KiboPush  Dashboard/span_Broadcasts' is clicked on

2019-04-24 12:48:24 - [TEST_STEP][PASSED] - delay: Delayed 1 second(s)

2019-04-24 12:48:25 - [MESSAGE][PASSED] - Delayed 1 second(s)

2019-04-24 12:48:25 - [TEST_STEP][PASSED] - scrollToPosition: Browser is scrolled to position x = 0, y = 0

2019-04-24 12:48:25 - [MESSAGE][PASSED] - Browser is scrolled to position x = 0, y = 0

2019-04-24 12:48:25 - [TEST_STEP][PASSED] - click: Object: 'Object Repository/Page_KiboPush  Broadcast/h3_Manage Broadcasts' is clicked on

2019-04-24 12:48:25 - [MESSAGE][PASSED] - Object: 'Object Repository/Page_KiboPush  Broadcast/h3_Manage Broadcasts' is clicked on

2019-04-24 12:48:25 - [MESSAGE][PASSED] - Call Test Case 'Test Cases/s-sidebar_navigation/individualAccount/broadcast' successfully

2019-04-24 12:48:25 - [MESSAGE][PASSED] - Call Test Case 'Test Cases/s-sidebar_navigation/TeamAccount/Broadcasts' successfully

2019-04-24 12:48:25 - [TEST_STEP][PASSED] - selectOptionByValue: All options with value 'card' are selected in object 'Object Repository/Page_KiboPush  Broadcast/select_Filter by type...textim'  using regular expression

2019-04-24 12:48:26 - [MESSAGE][PASSED] - All options with value 'card' are selected in object 'Object Repository/Page_KiboPush  Broadcast/select_Filter by type...textim'  using regular expression

2019-04-24 12:48:26 - [TEST_STEP][PASSED] - delay: Delayed 1 second(s)

2019-04-24 12:48:27 - [MESSAGE][PASSED] - Delayed 1 second(s)

2019-04-24 12:48:27 - [TEST_STEP][PASSED] - click: Object: 'Object Repository/Page_KiboPush  Broadcast/span_card' is clicked on

2019-04-24 12:48:27 - [MESSAGE][PASSED] - Object: 'Object Repository/Page_KiboPush  Broadcast/span_card' is clicked on]]></system-out>
         <system-err><![CDATA[]]></system-err>
      </testcase>
      <testcase name="Test Cases/Broadcasts/TC0113" classname="Test Cases/Broadcasts/TC0113" status="PASSED">
         <system-out><![CDATA[2019-04-24 12:48:27 - [TEST_CASE][PASSED] - Test Cases/Broadcasts/TC0113: Test Cases/Broadcasts/TC0113

2019-04-24 12:48:27 - [TEST_STEP][PASSED] - callTestCase: Call Test Case 'Test Cases/s-sidebar_navigation/TeamAccount/Broadcasts' successfully

2019-04-24 12:48:27 - [TEST_CASE][PASSED] - Test Cases/s-sidebar_navigation/TeamAccount/Broadcasts: Test Cases/s-sidebar_navigation/TeamAccount/Broadcasts

2019-04-24 12:48:27 - [TEST_STEP][PASSED] - callTestCase: Call Test Case 'Test Cases/s-sidebar_navigation/individualAccount/broadcast' successfully

2019-04-24 12:48:27 - [TEST_CASE][PASSED] - Test Cases/s-sidebar_navigation/individualAccount/broadcast: Test Cases/s-sidebar_navigation/individualAccount/broadcast

2019-04-24 12:48:27 - [TEST_STEP][PASSED] - click: Object: 'Object Repository/Page_KiboPush  Dashboard/span_Polls' is clicked on

2019-04-24 12:48:27 - [MESSAGE][PASSED] - Object: 'Object Repository/Page_KiboPush  Dashboard/span_Polls' is clicked on

2019-04-24 12:48:27 - [TEST_STEP][PASSED] - delay: Delayed 1 second(s)

2019-04-24 12:48:28 - [MESSAGE][PASSED] - Delayed 1 second(s)

2019-04-24 12:48:28 - [TEST_STEP][PASSED] - click: Object: 'Object Repository/Page_KiboPush  Dashboard/span_Broadcasts' is clicked on

2019-04-24 12:48:28 - [MESSAGE][PASSED] - Object: 'Object Repository/Page_KiboPush  Dashboard/span_Broadcasts' is clicked on

2019-04-24 12:48:28 - [TEST_STEP][PASSED] - delay: Delayed 1 second(s)

2019-04-24 12:48:29 - [MESSAGE][PASSED] - Delayed 1 second(s)

2019-04-24 12:48:29 - [TEST_STEP][PASSED] - scrollToPosition: Browser is scrolled to position x = 0, y = 0

2019-04-24 12:48:29 - [MESSAGE][PASSED] - Browser is scrolled to position x = 0, y = 0

2019-04-24 12:48:29 - [TEST_STEP][PASSED] - click: Object: 'Object Repository/Page_KiboPush  Broadcast/h3_Manage Broadcasts' is clicked on

2019-04-24 12:48:29 - [MESSAGE][PASSED] - Object: 'Object Repository/Page_KiboPush  Broadcast/h3_Manage Broadcasts' is clicked on

2019-04-24 12:48:29 - [MESSAGE][PASSED] - Call Test Case 'Test Cases/s-sidebar_navigation/individualAccount/broadcast' successfully

2019-04-24 12:48:29 - [MESSAGE][PASSED] - Call Test Case 'Test Cases/s-sidebar_navigation/TeamAccount/Broadcasts' successfully

2019-04-24 12:48:29 - [TEST_STEP][PASSED] - selectOptionByValue: All options with value 'gallery' are selected in object 'Object Repository/Page_KiboPush  Broadcast/select_Filter by type...textim (4)'  using regular expression

2019-04-24 12:48:30 - [MESSAGE][PASSED] - All options with value 'gallery' are selected in object 'Object Repository/Page_KiboPush  Broadcast/select_Filter by type...textim (4)'  using regular expression

2019-04-24 12:48:30 - [TEST_STEP][PASSED] - click: Object: 'Object Repository/Page_KiboPush  Broadcast/span_gallery' is clicked on

2019-04-24 12:48:31 - [MESSAGE][PASSED] - Object: 'Object Repository/Page_KiboPush  Broadcast/span_gallery' is clicked on]]></system-out>
         <system-err><![CDATA[]]></system-err>
      </testcase>
      <testcase name="Test Cases/Broadcasts/TC0114" classname="Test Cases/Broadcasts/TC0114" status="PASSED">
         <system-out><![CDATA[2019-04-24 12:48:31 - [TEST_CASE][PASSED] - Test Cases/Broadcasts/TC0114: Test Cases/Broadcasts/TC0114

2019-04-24 12:48:32 - [TEST_STEP][PASSED] - callTestCase: Call Test Case 'Test Cases/s-sidebar_navigation/TeamAccount/Broadcasts' successfully

2019-04-24 12:48:32 - [TEST_CASE][PASSED] - Test Cases/s-sidebar_navigation/TeamAccount/Broadcasts: Test Cases/s-sidebar_navigation/TeamAccount/Broadcasts

2019-04-24 12:48:32 - [TEST_STEP][PASSED] - callTestCase: Call Test Case 'Test Cases/s-sidebar_navigation/individualAccount/broadcast' successfully

2019-04-24 12:48:32 - [TEST_CASE][PASSED] - Test Cases/s-sidebar_navigation/individualAccount/broadcast: Test Cases/s-sidebar_navigation/individualAccount/broadcast

2019-04-24 12:48:32 - [TEST_STEP][PASSED] - click: Object: 'Object Repository/Page_KiboPush  Dashboard/span_Polls' is clicked on

2019-04-24 12:48:32 - [MESSAGE][PASSED] - Object: 'Object Repository/Page_KiboPush  Dashboard/span_Polls' is clicked on

2019-04-24 12:48:32 - [TEST_STEP][PASSED] - delay: Delayed 1 second(s)

2019-04-24 12:48:33 - [MESSAGE][PASSED] - Delayed 1 second(s)

2019-04-24 12:48:33 - [TEST_STEP][PASSED] - click: Object: 'Object Repository/Page_KiboPush  Dashboard/span_Broadcasts' is clicked on

2019-04-24 12:48:33 - [MESSAGE][PASSED] - Object: 'Object Repository/Page_KiboPush  Dashboard/span_Broadcasts' is clicked on

2019-04-24 12:48:33 - [TEST_STEP][PASSED] - delay: Delayed 1 second(s)

2019-04-24 12:48:34 - [MESSAGE][PASSED] - Delayed 1 second(s)

2019-04-24 12:48:34 - [TEST_STEP][PASSED] - scrollToPosition: Browser is scrolled to position x = 0, y = 0

2019-04-24 12:48:34 - [MESSAGE][PASSED] - Browser is scrolled to position x = 0, y = 0

2019-04-24 12:48:34 - [TEST_STEP][PASSED] - click: Object: 'Object Repository/Page_KiboPush  Broadcast/h3_Manage Broadcasts' is clicked on

2019-04-24 12:48:34 - [MESSAGE][PASSED] - Object: 'Object Repository/Page_KiboPush  Broadcast/h3_Manage Broadcasts' is clicked on

2019-04-24 12:48:34 - [MESSAGE][PASSED] - Call Test Case 'Test Cases/s-sidebar_navigation/individualAccount/broadcast' successfully

2019-04-24 12:48:34 - [MESSAGE][PASSED] - Call Test Case 'Test Cases/s-sidebar_navigation/TeamAccount/Broadcasts' successfully

2019-04-24 12:48:34 - [TEST_STEP][PASSED] - selectOptionByValue: All options with value 'audio' are selected in object 'Object Repository/Page_KiboPush  Broadcast/select_Filter by type...textim'  using regular expression

2019-04-24 12:48:35 - [MESSAGE][PASSED] - All options with value 'audio' are selected in object 'Object Repository/Page_KiboPush  Broadcast/select_Filter by type...textim'  using regular expression

2019-04-24 12:48:35 - [TEST_STEP][PASSED] - click: Object: 'Object Repository/Page_KiboPush  Broadcast/span_audio' is clicked on

2019-04-24 12:48:35 - [MESSAGE][PASSED] - Object: 'Object Repository/Page_KiboPush  Broadcast/span_audio' is clicked on]]></system-out>
         <system-err><![CDATA[]]></system-err>
      </testcase>
      <testcase name="Test Cases/Broadcasts/TC0115" classname="Test Cases/Broadcasts/TC0115" status="PASSED">
         <system-out><![CDATA[2019-04-24 12:48:35 - [TEST_CASE][PASSED] - Test Cases/Broadcasts/TC0115: Test Cases/Broadcasts/TC0115

2019-04-24 12:48:35 - [TEST_STEP][PASSED] - callTestCase: Call Test Case 'Test Cases/s-sidebar_navigation/TeamAccount/Broadcasts' successfully

2019-04-24 12:48:35 - [TEST_CASE][PASSED] - Test Cases/s-sidebar_navigation/TeamAccount/Broadcasts: Test Cases/s-sidebar_navigation/TeamAccount/Broadcasts

2019-04-24 12:48:35 - [TEST_STEP][PASSED] - callTestCase: Call Test Case 'Test Cases/s-sidebar_navigation/individualAccount/broadcast' successfully

2019-04-24 12:48:35 - [TEST_CASE][PASSED] - Test Cases/s-sidebar_navigation/individualAccount/broadcast: Test Cases/s-sidebar_navigation/individualAccount/broadcast

2019-04-24 12:48:35 - [TEST_STEP][PASSED] - click: Object: 'Object Repository/Page_KiboPush  Dashboard/span_Polls' is clicked on

2019-04-24 12:48:35 - [MESSAGE][PASSED] - Object: 'Object Repository/Page_KiboPush  Dashboard/span_Polls' is clicked on

2019-04-24 12:48:35 - [TEST_STEP][PASSED] - delay: Delayed 1 second(s)

2019-04-24 12:48:36 - [MESSAGE][PASSED] - Delayed 1 second(s)

2019-04-24 12:48:36 - [TEST_STEP][PASSED] - click: Object: 'Object Repository/Page_KiboPush  Dashboard/span_Broadcasts' is clicked on

2019-04-24 12:48:36 - [MESSAGE][PASSED] - Object: 'Object Repository/Page_KiboPush  Dashboard/span_Broadcasts' is clicked on

2019-04-24 12:48:36 - [TEST_STEP][PASSED] - delay: Delayed 1 second(s)

2019-04-24 12:48:37 - [MESSAGE][PASSED] - Delayed 1 second(s)

2019-04-24 12:48:37 - [TEST_STEP][PASSED] - scrollToPosition: Browser is scrolled to position x = 0, y = 0

2019-04-24 12:48:38 - [MESSAGE][PASSED] - Browser is scrolled to position x = 0, y = 0

2019-04-24 12:48:38 - [TEST_STEP][PASSED] - click: Object: 'Object Repository/Page_KiboPush  Broadcast/h3_Manage Broadcasts' is clicked on

2019-04-24 12:48:38 - [MESSAGE][PASSED] - Object: 'Object Repository/Page_KiboPush  Broadcast/h3_Manage Broadcasts' is clicked on

2019-04-24 12:48:38 - [MESSAGE][PASSED] - Call Test Case 'Test Cases/s-sidebar_navigation/individualAccount/broadcast' successfully

2019-04-24 12:48:38 - [MESSAGE][PASSED] - Call Test Case 'Test Cases/s-sidebar_navigation/TeamAccount/Broadcasts' successfully

2019-04-24 12:48:38 - [TEST_STEP][PASSED] - selectOptionByValue: All options with value 'video' are selected in object 'Object Repository/Page_KiboPush  Broadcast/select_Filter by type...textim (1)'  using regular expression

2019-04-24 12:48:38 - [MESSAGE][PASSED] - All options with value 'video' are selected in object 'Object Repository/Page_KiboPush  Broadcast/select_Filter by type...textim (1)'  using regular expression

2019-04-24 12:48:38 - [TEST_STEP][PASSED] - click: Object: 'Object Repository/Page_KiboPush  Broadcast/span_video' is clicked on

2019-04-24 12:48:39 - [MESSAGE][PASSED] - Object: 'Object Repository/Page_KiboPush  Broadcast/span_video' is clicked on]]></system-out>
         <system-err><![CDATA[]]></system-err>
      </testcase>
      <testcase name="Test Cases/Broadcasts/TC0116" classname="Test Cases/Broadcasts/TC0116" status="PASSED">
         <system-out><![CDATA[2019-04-24 12:48:39 - [TEST_CASE][PASSED] - Test Cases/Broadcasts/TC0116: Test Cases/Broadcasts/TC0116

2019-04-24 12:48:39 - [TEST_STEP][PASSED] - callTestCase: Call Test Case 'Test Cases/s-sidebar_navigation/TeamAccount/Broadcasts' successfully

2019-04-24 12:48:39 - [TEST_CASE][PASSED] - Test Cases/s-sidebar_navigation/TeamAccount/Broadcasts: Test Cases/s-sidebar_navigation/TeamAccount/Broadcasts

2019-04-24 12:48:39 - [TEST_STEP][PASSED] - callTestCase: Call Test Case 'Test Cases/s-sidebar_navigation/individualAccount/broadcast' successfully

2019-04-24 12:48:40 - [TEST_CASE][PASSED] - Test Cases/s-sidebar_navigation/individualAccount/broadcast: Test Cases/s-sidebar_navigation/individualAccount/broadcast

2019-04-24 12:48:40 - [TEST_STEP][PASSED] - click: Object: 'Object Repository/Page_KiboPush  Dashboard/span_Polls' is clicked on

2019-04-24 12:48:40 - [MESSAGE][PASSED] - Object: 'Object Repository/Page_KiboPush  Dashboard/span_Polls' is clicked on

2019-04-24 12:48:40 - [TEST_STEP][PASSED] - delay: Delayed 1 second(s)

2019-04-24 12:48:41 - [MESSAGE][PASSED] - Delayed 1 second(s)

2019-04-24 12:48:41 - [TEST_STEP][PASSED] - click: Object: 'Object Repository/Page_KiboPush  Dashboard/span_Broadcasts' is clicked on

2019-04-24 12:48:41 - [MESSAGE][PASSED] - Object: 'Object Repository/Page_KiboPush  Dashboard/span_Broadcasts' is clicked on

2019-04-24 12:48:41 - [TEST_STEP][PASSED] - delay: Delayed 1 second(s)

2019-04-24 12:48:42 - [MESSAGE][PASSED] - Delayed 1 second(s)

2019-04-24 12:48:42 - [TEST_STEP][PASSED] - scrollToPosition: Browser is scrolled to position x = 0, y = 0

2019-04-24 12:48:42 - [MESSAGE][PASSED] - Browser is scrolled to position x = 0, y = 0

2019-04-24 12:48:42 - [TEST_STEP][PASSED] - click: Object: 'Object Repository/Page_KiboPush  Broadcast/h3_Manage Broadcasts' is clicked on

2019-04-24 12:48:42 - [MESSAGE][PASSED] - Object: 'Object Repository/Page_KiboPush  Broadcast/h3_Manage Broadcasts' is clicked on

2019-04-24 12:48:42 - [MESSAGE][PASSED] - Call Test Case 'Test Cases/s-sidebar_navigation/individualAccount/broadcast' successfully

2019-04-24 12:48:42 - [MESSAGE][PASSED] - Call Test Case 'Test Cases/s-sidebar_navigation/TeamAccount/Broadcasts' successfully

2019-04-24 12:48:42 - [TEST_STEP][PASSED] - selectOptionByValue: All options with value 'file' are selected in object 'Object Repository/Page_KiboPush  Broadcast/select_Filter by type...textim (5)'  using regular expression

2019-04-24 12:48:43 - [MESSAGE][PASSED] - All options with value 'file' are selected in object 'Object Repository/Page_KiboPush  Broadcast/select_Filter by type...textim (5)'  using regular expression

2019-04-24 12:48:43 - [TEST_STEP][PASSED] - click: Object: 'Object Repository/Page_KiboPush  Broadcast/span_file' is clicked on

2019-04-24 12:48:44 - [MESSAGE][PASSED] - Object: 'Object Repository/Page_KiboPush  Broadcast/span_file' is clicked on]]></system-out>
         <system-err><![CDATA[]]></system-err>
      </testcase>
      <testcase name="Test Cases/Broadcasts/TC0117" classname="Test Cases/Broadcasts/TC0117" status="PASSED">
         <system-out><![CDATA[2019-04-24 12:48:44 - [TEST_CASE][PASSED] - Test Cases/Broadcasts/TC0117: Test Cases/Broadcasts/TC0117

2019-04-24 12:48:44 - [TEST_STEP][PASSED] - callTestCase: Call Test Case 'Test Cases/s-sidebar_navigation/TeamAccount/Broadcasts' successfully

2019-04-24 12:48:44 - [TEST_CASE][PASSED] - Test Cases/s-sidebar_navigation/TeamAccount/Broadcasts: Test Cases/s-sidebar_navigation/TeamAccount/Broadcasts

2019-04-24 12:48:44 - [TEST_STEP][PASSED] - callTestCase: Call Test Case 'Test Cases/s-sidebar_navigation/individualAccount/broadcast' successfully

2019-04-24 12:48:44 - [TEST_CASE][PASSED] - Test Cases/s-sidebar_navigation/individualAccount/broadcast: Test Cases/s-sidebar_navigation/individualAccount/broadcast

2019-04-24 12:48:44 - [TEST_STEP][PASSED] - click: Object: 'Object Repository/Page_KiboPush  Dashboard/span_Polls' is clicked on

2019-04-24 12:48:44 - [MESSAGE][PASSED] - Object: 'Object Repository/Page_KiboPush  Dashboard/span_Polls' is clicked on

2019-04-24 12:48:44 - [TEST_STEP][PASSED] - delay: Delayed 1 second(s)

2019-04-24 12:48:45 - [MESSAGE][PASSED] - Delayed 1 second(s)

2019-04-24 12:48:45 - [TEST_STEP][PASSED] - click: Object: 'Object Repository/Page_KiboPush  Dashboard/span_Broadcasts' is clicked on

2019-04-24 12:48:45 - [MESSAGE][PASSED] - Object: 'Object Repository/Page_KiboPush  Dashboard/span_Broadcasts' is clicked on

2019-04-24 12:48:45 - [TEST_STEP][PASSED] - delay: Delayed 1 second(s)

2019-04-24 12:48:46 - [MESSAGE][PASSED] - Delayed 1 second(s)

2019-04-24 12:48:46 - [TEST_STEP][PASSED] - scrollToPosition: Browser is scrolled to position x = 0, y = 0

2019-04-24 12:48:47 - [MESSAGE][PASSED] - Browser is scrolled to position x = 0, y = 0

2019-04-24 12:48:47 - [TEST_STEP][PASSED] - click: Object: 'Object Repository/Page_KiboPush  Broadcast/h3_Manage Broadcasts' is clicked on

2019-04-24 12:48:47 - [MESSAGE][PASSED] - Object: 'Object Repository/Page_KiboPush  Broadcast/h3_Manage Broadcasts' is clicked on

2019-04-24 12:48:47 - [MESSAGE][PASSED] - Call Test Case 'Test Cases/s-sidebar_navigation/individualAccount/broadcast' successfully

2019-04-24 12:48:47 - [MESSAGE][PASSED] - Call Test Case 'Test Cases/s-sidebar_navigation/TeamAccount/Broadcasts' successfully

2019-04-24 12:48:47 - [TEST_STEP][PASSED] - selectOptionByValue: All options with value 'list' are selected in object 'Object Repository/Page_KiboPush  Broadcast/select_Filter by type...textim (6)'  using regular expression

2019-04-24 12:48:47 - [MESSAGE][PASSED] - All options with value 'list' are selected in object 'Object Repository/Page_KiboPush  Broadcast/select_Filter by type...textim (6)'  using regular expression

2019-04-24 12:48:47 - [TEST_STEP][PASSED] - click: Object: 'Object Repository/Page_KiboPush  Broadcast/span_list' is clicked on

2019-04-24 12:48:49 - [MESSAGE][PASSED] - Object: 'Object Repository/Page_KiboPush  Broadcast/span_list' is clicked on]]></system-out>
         <system-err><![CDATA[]]></system-err>
      </testcase>
      <testcase name="Test Cases/Broadcasts/TC0119" classname="Test Cases/Broadcasts/TC0119" status="PASSED">
         <system-out><![CDATA[2019-04-24 12:48:49 - [TEST_CASE][PASSED] - Test Cases/Broadcasts/TC0119: Test Cases/Broadcasts/TC0119

2019-04-24 12:48:49 - [TEST_STEP][PASSED] - callTestCase: Call Test Case 'Test Cases/s-sidebar_navigation/TeamAccount/Broadcasts' successfully

2019-04-24 12:48:49 - [TEST_CASE][PASSED] - Test Cases/s-sidebar_navigation/TeamAccount/Broadcasts: Test Cases/s-sidebar_navigation/TeamAccount/Broadcasts

2019-04-24 12:48:49 - [TEST_STEP][PASSED] - callTestCase: Call Test Case 'Test Cases/s-sidebar_navigation/individualAccount/broadcast' successfully

2019-04-24 12:48:49 - [TEST_CASE][PASSED] - Test Cases/s-sidebar_navigation/individualAccount/broadcast: Test Cases/s-sidebar_navigation/individualAccount/broadcast

2019-04-24 12:48:49 - [TEST_STEP][PASSED] - click: Object: 'Object Repository/Page_KiboPush  Dashboard/span_Polls' is clicked on

2019-04-24 12:48:49 - [MESSAGE][PASSED] - Object: 'Object Repository/Page_KiboPush  Dashboard/span_Polls' is clicked on

2019-04-24 12:48:49 - [TEST_STEP][PASSED] - delay: Delayed 1 second(s)

2019-04-24 12:48:50 - [MESSAGE][PASSED] - Delayed 1 second(s)

2019-04-24 12:48:50 - [TEST_STEP][PASSED] - click: Object: 'Object Repository/Page_KiboPush  Dashboard/span_Broadcasts' is clicked on

2019-04-24 12:48:50 - [MESSAGE][PASSED] - Object: 'Object Repository/Page_KiboPush  Dashboard/span_Broadcasts' is clicked on

2019-04-24 12:48:50 - [TEST_STEP][PASSED] - delay: Delayed 1 second(s)

2019-04-24 12:48:51 - [MESSAGE][PASSED] - Delayed 1 second(s)

2019-04-24 12:48:51 - [TEST_STEP][PASSED] - scrollToPosition: Browser is scrolled to position x = 0, y = 0

2019-04-24 12:48:51 - [MESSAGE][PASSED] - Browser is scrolled to position x = 0, y = 0

2019-04-24 12:48:51 - [TEST_STEP][PASSED] - click: Object: 'Object Repository/Page_KiboPush  Broadcast/h3_Manage Broadcasts' is clicked on

2019-04-24 12:48:51 - [MESSAGE][PASSED] - Object: 'Object Repository/Page_KiboPush  Broadcast/h3_Manage Broadcasts' is clicked on

2019-04-24 12:48:51 - [MESSAGE][PASSED] - Call Test Case 'Test Cases/s-sidebar_navigation/individualAccount/broadcast' successfully

2019-04-24 12:48:51 - [MESSAGE][PASSED] - Call Test Case 'Test Cases/s-sidebar_navigation/TeamAccount/Broadcasts' successfully

2019-04-24 12:48:51 - [TEST_STEP][PASSED] - selectOptionByValue: All options with value 'miscellaneous' are selected in object 'Object Repository/Page_KiboPush  Broadcast/select_Filter by type...textim'  using regular expression

2019-04-24 12:48:52 - [MESSAGE][PASSED] - All options with value 'miscellaneous' are selected in object 'Object Repository/Page_KiboPush  Broadcast/select_Filter by type...textim'  using regular expression

2019-04-24 12:48:52 - [TEST_STEP][PASSED] - click: Object: 'Object Repository/Page_KiboPush  Broadcast/span_Miscellaneous' is clicked on

2019-04-24 12:48:53 - [MESSAGE][PASSED] - Object: 'Object Repository/Page_KiboPush  Broadcast/span_Miscellaneous' is clicked on]]></system-out>
         <system-err><![CDATA[]]></system-err>
      </testcase>
      <testcase name="Test Cases/Broadcasts/TC0120" classname="Test Cases/Broadcasts/TC0120" status="PASSED">
         <system-out><![CDATA[2019-04-24 12:48:53 - [TEST_CASE][PASSED] - Test Cases/Broadcasts/TC0120: Test Cases/Broadcasts/TC0120

2019-04-24 12:48:53 - [TEST_STEP][PASSED] - callTestCase: Call Test Case 'Test Cases/s-sidebar_navigation/TeamAccount/Broadcasts' successfully

2019-04-24 12:48:53 - [TEST_CASE][PASSED] - Test Cases/s-sidebar_navigation/TeamAccount/Broadcasts: Test Cases/s-sidebar_navigation/TeamAccount/Broadcasts

2019-04-24 12:48:53 - [TEST_STEP][PASSED] - callTestCase: Call Test Case 'Test Cases/s-sidebar_navigation/individualAccount/broadcast' successfully

2019-04-24 12:48:53 - [TEST_CASE][PASSED] - Test Cases/s-sidebar_navigation/individualAccount/broadcast: Test Cases/s-sidebar_navigation/individualAccount/broadcast

2019-04-24 12:48:53 - [TEST_STEP][PASSED] - click: Object: 'Object Repository/Page_KiboPush  Dashboard/span_Polls' is clicked on

2019-04-24 12:48:54 - [MESSAGE][PASSED] - Object: 'Object Repository/Page_KiboPush  Dashboard/span_Polls' is clicked on

2019-04-24 12:48:54 - [TEST_STEP][PASSED] - delay: Delayed 1 second(s)

2019-04-24 12:48:55 - [MESSAGE][PASSED] - Delayed 1 second(s)

2019-04-24 12:48:55 - [TEST_STEP][PASSED] - click: Object: 'Object Repository/Page_KiboPush  Dashboard/span_Broadcasts' is clicked on

2019-04-24 12:48:55 - [MESSAGE][PASSED] - Object: 'Object Repository/Page_KiboPush  Dashboard/span_Broadcasts' is clicked on

2019-04-24 12:48:55 - [TEST_STEP][PASSED] - delay: Delayed 1 second(s)

2019-04-24 12:48:56 - [MESSAGE][PASSED] - Delayed 1 second(s)

2019-04-24 12:48:56 - [TEST_STEP][PASSED] - scrollToPosition: Browser is scrolled to position x = 0, y = 0

2019-04-24 12:48:56 - [MESSAGE][PASSED] - Browser is scrolled to position x = 0, y = 0

2019-04-24 12:48:56 - [TEST_STEP][PASSED] - click: Object: 'Object Repository/Page_KiboPush  Broadcast/h3_Manage Broadcasts' is clicked on

2019-04-24 12:48:56 - [MESSAGE][PASSED] - Object: 'Object Repository/Page_KiboPush  Broadcast/h3_Manage Broadcasts' is clicked on

2019-04-24 12:48:56 - [MESSAGE][PASSED] - Call Test Case 'Test Cases/s-sidebar_navigation/individualAccount/broadcast' successfully

2019-04-24 12:48:56 - [MESSAGE][PASSED] - Call Test Case 'Test Cases/s-sidebar_navigation/TeamAccount/Broadcasts' successfully

2019-04-24 12:48:56 - [TEST_STEP][PASSED] - selectOptionByValue: All options with value 'all' are selected in object 'Object Repository/Page_KiboPush  Broadcast/select_Filter by type...textim'  using regular expression

2019-04-24 12:48:56 - [MESSAGE][PASSED] - All options with value 'all' are selected in object 'Object Repository/Page_KiboPush  Broadcast/select_Filter by type...textim'  using regular expression]]></system-out>
         <system-err><![CDATA[]]></system-err>
      </testcase>
      <testcase name="Test Cases/Broadcasts/TC0121" classname="Test Cases/Broadcasts/TC0121" status="PASSED">
         <system-out><![CDATA[2019-04-24 12:48:56 - [TEST_CASE][PASSED] - Test Cases/Broadcasts/TC0121: Test Cases/Broadcasts/TC0121

2019-04-24 12:48:57 - [TEST_STEP][PASSED] - callTestCase: Call Test Case 'Test Cases/s-sidebar_navigation/TeamAccount/Broadcasts' successfully

2019-04-24 12:48:57 - [TEST_CASE][PASSED] - Test Cases/s-sidebar_navigation/TeamAccount/Broadcasts: Test Cases/s-sidebar_navigation/TeamAccount/Broadcasts

2019-04-24 12:48:57 - [TEST_STEP][PASSED] - callTestCase: Call Test Case 'Test Cases/s-sidebar_navigation/individualAccount/broadcast' successfully

2019-04-24 12:48:57 - [TEST_CASE][PASSED] - Test Cases/s-sidebar_navigation/individualAccount/broadcast: Test Cases/s-sidebar_navigation/individualAccount/broadcast

2019-04-24 12:48:57 - [TEST_STEP][PASSED] - click: Object: 'Object Repository/Page_KiboPush  Dashboard/span_Polls' is clicked on

2019-04-24 12:48:57 - [MESSAGE][PASSED] - Object: 'Object Repository/Page_KiboPush  Dashboard/span_Polls' is clicked on

2019-04-24 12:48:57 - [TEST_STEP][PASSED] - delay: Delayed 1 second(s)

2019-04-24 12:48:58 - [MESSAGE][PASSED] - Delayed 1 second(s)

2019-04-24 12:48:58 - [TEST_STEP][PASSED] - click: Object: 'Object Repository/Page_KiboPush  Dashboard/span_Broadcasts' is clicked on

2019-04-24 12:48:58 - [MESSAGE][PASSED] - Object: 'Object Repository/Page_KiboPush  Dashboard/span_Broadcasts' is clicked on

2019-04-24 12:48:58 - [TEST_STEP][PASSED] - delay: Delayed 1 second(s)

2019-04-24 12:48:59 - [MESSAGE][PASSED] - Delayed 1 second(s)

2019-04-24 12:48:59 - [TEST_STEP][PASSED] - scrollToPosition: Browser is scrolled to position x = 0, y = 0

2019-04-24 12:48:59 - [MESSAGE][PASSED] - Browser is scrolled to position x = 0, y = 0

2019-04-24 12:48:59 - [TEST_STEP][PASSED] - click: Object: 'Object Repository/Page_KiboPush  Broadcast/h3_Manage Broadcasts' is clicked on

2019-04-24 12:48:59 - [MESSAGE][PASSED] - Object: 'Object Repository/Page_KiboPush  Broadcast/h3_Manage Broadcasts' is clicked on

2019-04-24 12:48:59 - [MESSAGE][PASSED] - Call Test Case 'Test Cases/s-sidebar_navigation/individualAccount/broadcast' successfully

2019-04-24 12:48:59 - [MESSAGE][PASSED] - Call Test Case 'Test Cases/s-sidebar_navigation/TeamAccount/Broadcasts' successfully

2019-04-24 12:48:59 - [TEST_STEP][PASSED] - selectOptionByValue: All options with value 'video' are selected in object 'Object Repository/Page_KiboPush  Broadcast/select_Filter by type...textim (3)'  using regular expression

2019-04-24 12:49:00 - [MESSAGE][PASSED] - All options with value 'video' are selected in object 'Object Repository/Page_KiboPush  Broadcast/select_Filter by type...textim (3)'  using regular expression

2019-04-24 12:49:00 - [TEST_STEP][PASSED] - click: Object: 'Object Repository/Page_KiboPush  Broadcast/span_video (1)' is clicked on

2019-04-24 12:49:01 - [MESSAGE][PASSED] - Object: 'Object Repository/Page_KiboPush  Broadcast/span_video (1)' is clicked on]]></system-out>
         <system-err><![CDATA[]]></system-err>
      </testcase>
      <testcase name="Test Cases/Broadcasts/TC0122" classname="Test Cases/Broadcasts/TC0122" status="FAILED">
         <failure type="FAILED" message="Unable to verify match between actual text '0' and expected text '1' (Root cause: Actual text '0' and expected text '1' are not matched)"/>
         <system-out><![CDATA[2019-04-24 12:49:01 - [TEST_CASE][FAILED] - Test Cases/Broadcasts/TC0122: Test Cases/Broadcasts/TC0122 FAILED because (of) Unable to verify match between actual text '0' and expected text '1' (Root cause: Actual text '0' and expected text '1' are not matched)

2019-04-24 12:49:01 - [TEST_STEP][PASSED] - callTestCase: Call Test Case 'Test Cases/s-sidebar_navigation/TeamAccount/Broadcasts' successfully

2019-04-24 12:49:01 - [TEST_CASE][PASSED] - Test Cases/s-sidebar_navigation/TeamAccount/Broadcasts: Test Cases/s-sidebar_navigation/TeamAccount/Broadcasts

2019-04-24 12:49:01 - [TEST_STEP][PASSED] - callTestCase: Call Test Case 'Test Cases/s-sidebar_navigation/individualAccount/broadcast' successfully

2019-04-24 12:49:01 - [TEST_CASE][PASSED] - Test Cases/s-sidebar_navigation/individualAccount/broadcast: Test Cases/s-sidebar_navigation/individualAccount/broadcast

2019-04-24 12:49:01 - [TEST_STEP][PASSED] - click: Object: 'Object Repository/Page_KiboPush  Dashboard/span_Polls' is clicked on

2019-04-24 12:49:01 - [MESSAGE][PASSED] - Object: 'Object Repository/Page_KiboPush  Dashboard/span_Polls' is clicked on

2019-04-24 12:49:01 - [TEST_STEP][PASSED] - delay: Delayed 1 second(s)

2019-04-24 12:49:02 - [MESSAGE][PASSED] - Delayed 1 second(s)

2019-04-24 12:49:02 - [TEST_STEP][PASSED] - click: Object: 'Object Repository/Page_KiboPush  Dashboard/span_Broadcasts' is clicked on

2019-04-24 12:49:03 - [MESSAGE][PASSED] - Object: 'Object Repository/Page_KiboPush  Dashboard/span_Broadcasts' is clicked on

2019-04-24 12:49:03 - [TEST_STEP][PASSED] - delay: Delayed 1 second(s)

2019-04-24 12:49:04 - [MESSAGE][PASSED] - Delayed 1 second(s)

2019-04-24 12:49:04 - [TEST_STEP][PASSED] - scrollToPosition: Browser is scrolled to position x = 0, y = 0

2019-04-24 12:49:04 - [MESSAGE][PASSED] - Browser is scrolled to position x = 0, y = 0

2019-04-24 12:49:04 - [TEST_STEP][PASSED] - click: Object: 'Object Repository/Page_KiboPush  Broadcast/h3_Manage Broadcasts' is clicked on

2019-04-24 12:49:04 - [MESSAGE][PASSED] - Object: 'Object Repository/Page_KiboPush  Broadcast/h3_Manage Broadcasts' is clicked on

2019-04-24 12:49:04 - [MESSAGE][PASSED] - Call Test Case 'Test Cases/s-sidebar_navigation/individualAccount/broadcast' successfully

2019-04-24 12:49:04 - [MESSAGE][PASSED] - Call Test Case 'Test Cases/s-sidebar_navigation/TeamAccount/Broadcasts' successfully

2019-04-24 12:49:04 - [TEST_STEP][PASSED] - delay: Delayed 2 second(s)

2019-04-24 12:49:06 - [MESSAGE][PASSED] - Delayed 2 second(s)

2019-04-24 12:49:06 - [TEST_STEP][PASSED] - Statement - driver = com.kms.katalon.core.webui.driver.DriverFactory.getWebDriver(): null

2019-04-24 12:49:06 - [TEST_STEP][PASSED] - Statement - Table = driver.findElement(org.openqa.selenium.By.xpath("//table/tbody")): null

2019-04-24 12:49:06 - [TEST_STEP][PASSED] - Statement - rows_table = Table.findElements(org.openqa.selenium.By.tagName("tr")): null

2019-04-24 12:49:06 - [TEST_STEP][PASSED] - Statement - rows_count_before = rows_table.size(): null

2019-04-24 12:49:06 - [TEST_STEP][PASSED] - setText: Text '7' is set on object 'Object Repository/Page_KiboPush  Broadcast/input_example-text-input'

2019-04-24 12:49:06 - [MESSAGE][PASSED] - Text '7' is set on object 'Object Repository/Page_KiboPush  Broadcast/input_example-text-input'

2019-04-24 12:49:06 - [TEST_STEP][PASSED] - delay: Delayed 2 second(s)

2019-04-24 12:49:08 - [MESSAGE][PASSED] - Delayed 2 second(s)

2019-04-24 12:49:08 - [TEST_STEP][PASSED] - Statement - Table = driver.findElement(org.openqa.selenium.By.xpath("//table/tbody")): null

2019-04-24 12:49:08 - [TEST_STEP][PASSED] - Statement - rows_table = Table.findElements(org.openqa.selenium.By.tagName("tr")): null

2019-04-24 12:49:08 - [TEST_STEP][PASSED] - Statement - rows_count_after = rows_table.size(): null

2019-04-24 12:49:08 - [TEST_STEP][PASSED] - verifyNotMatch: Actual text '10' and expected text '1' are not matched 

2019-04-24 12:49:08 - [MESSAGE][PASSED] - Actual text '10' and expected text '1' are not matched 

2019-04-24 12:49:08 - [TEST_STEP][PASSED] - Statement - lastDateStr = Table.findElement(org.openqa.selenium.By.xpath("./tr[" + rows_count_after + "]/td[3]")).getText(): null

2019-04-24 12:49:08 - [TEST_STEP][PASSED] - Statement - dateFormat = new java.text.SimpleDateFormat(EEE MMM dd yyyy hh:mm aaa, java.util.Locale.ENGLISH): null

2019-04-24 12:49:08 - [TEST_STEP][PASSED] - Statement - lastDate = dateFormat.parse(lastDateStr): null

2019-04-24 12:49:08 - [TEST_STEP][PASSED] - Statement - currentDate = new java.util.Date(): null

2019-04-24 12:49:08 - [TEST_STEP][PASSED] - Statement - ltime = currentDate.getTime() - 7 * 24 * 60 * 60 * 1000: null

2019-04-24 12:49:08 - [TEST_STEP][PASSED] - Statement - currentDate = new java.util.Date(ltime): null

2019-04-24 12:49:08 - [TEST_STEP][PASSED] - Statement - If (currentDate.compareTo(lastDate).toString() == "-1"): null

2019-04-24 12:49:08 - [TEST_STEP][FAILED] - Statement - Else: Unable to verify match between actual text '0' and expected text '1' (Root cause: Actual text '0' and expected text '1' are not matched)

2019-04-24 12:49:08 - [TEST_STEP][FAILED] - verifyMatch: Unable to verify match between actual text '0' and expected text '1' (Root cause: Actual text '0' and expected text '1' are not matched)

2019-04-24 12:49:08 - [MESSAGE][FAILED] - Unable to verify match between actual text '0' and expected text '1' (Root cause: Actual text '0' and expected text '1' are not matched)]]></system-out>
         <system-err><![CDATA[2019-04-24 12:49:01 - [TEST_CASE][FAILED] - Test Cases/Broadcasts/TC0122: Test Cases/Broadcasts/TC0122 FAILED because (of) Unable to verify match between actual text '0' and expected text '1' (Root cause: Actual text '0' and expected text '1' are not matched)]]></system-err>
      </testcase>
      <testcase name="Test Cases/Broadcasts/TC0123" classname="Test Cases/Broadcasts/TC0123" status="PASSED">
         <system-out><![CDATA[2019-04-24 12:49:08 - [TEST_CASE][PASSED] - Test Cases/Broadcasts/TC0123: Test Cases/Broadcasts/TC0123

2019-04-24 12:49:09 - [TEST_STEP][PASSED] - callTestCase: Call Test Case 'Test Cases/s-sidebar_navigation/TeamAccount/Broadcasts' successfully

2019-04-24 12:49:09 - [TEST_CASE][PASSED] - Test Cases/s-sidebar_navigation/TeamAccount/Broadcasts: Test Cases/s-sidebar_navigation/TeamAccount/Broadcasts

2019-04-24 12:49:09 - [TEST_STEP][PASSED] - callTestCase: Call Test Case 'Test Cases/s-sidebar_navigation/individualAccount/broadcast' successfully

2019-04-24 12:49:09 - [TEST_CASE][PASSED] - Test Cases/s-sidebar_navigation/individualAccount/broadcast: Test Cases/s-sidebar_navigation/individualAccount/broadcast

2019-04-24 12:49:09 - [TEST_STEP][PASSED] - click: Object: 'Object Repository/Page_KiboPush  Dashboard/span_Polls' is clicked on

2019-04-24 12:49:09 - [MESSAGE][PASSED] - Object: 'Object Repository/Page_KiboPush  Dashboard/span_Polls' is clicked on

2019-04-24 12:49:09 - [TEST_STEP][PASSED] - delay: Delayed 1 second(s)

2019-04-24 12:49:10 - [MESSAGE][PASSED] - Delayed 1 second(s)

2019-04-24 12:49:10 - [TEST_STEP][PASSED] - click: Object: 'Object Repository/Page_KiboPush  Dashboard/span_Broadcasts' is clicked on

2019-04-24 12:49:10 - [MESSAGE][PASSED] - Object: 'Object Repository/Page_KiboPush  Dashboard/span_Broadcasts' is clicked on

2019-04-24 12:49:10 - [TEST_STEP][PASSED] - delay: Delayed 1 second(s)

2019-04-24 12:49:11 - [MESSAGE][PASSED] - Delayed 1 second(s)

2019-04-24 12:49:11 - [TEST_STEP][PASSED] - scrollToPosition: Browser is scrolled to position x = 0, y = 0

2019-04-24 12:49:11 - [MESSAGE][PASSED] - Browser is scrolled to position x = 0, y = 0

2019-04-24 12:49:11 - [TEST_STEP][PASSED] - click: Object: 'Object Repository/Page_KiboPush  Broadcast/h3_Manage Broadcasts' is clicked on

2019-04-24 12:49:11 - [MESSAGE][PASSED] - Object: 'Object Repository/Page_KiboPush  Broadcast/h3_Manage Broadcasts' is clicked on

2019-04-24 12:49:11 - [MESSAGE][PASSED] - Call Test Case 'Test Cases/s-sidebar_navigation/individualAccount/broadcast' successfully

2019-04-24 12:49:11 - [MESSAGE][PASSED] - Call Test Case 'Test Cases/s-sidebar_navigation/TeamAccount/Broadcasts' successfully

2019-04-24 12:49:11 - [TEST_STEP][PASSED] - delay: Delayed 2 second(s)

2019-04-24 12:49:13 - [MESSAGE][PASSED] - Delayed 2 second(s)

2019-04-24 12:49:13 - [TEST_STEP][PASSED] - Statement - date_page1 = getFirstRowDate(): null

2019-04-24 12:49:13 - [TEST_STEP][PASSED] - Statement - driver = com.kms.katalon.core.webui.driver.DriverFactory.getWebDriver(): null

2019-04-24 12:49:13 - [TEST_STEP][PASSED] - Statement - Try: null

2019-04-24 12:49:13 - [TEST_STEP][PASSED] - Statement - Table = driver.findElement(org.openqa.selenium.By.xpath("//table/tbody")): null

2019-04-24 12:49:13 - [TEST_STEP][PASSED] - Statement - rows_table = Table.findElements(org.openqa.selenium.By.tagName("tr")): null

2019-04-24 12:49:14 - [TEST_STEP][PASSED] - Statement - dates = new java.util.ArrayList(): null

2019-04-24 12:49:14 - [TEST_STEP][PASSED] - Statement - date = rows_table.get(0).findElement(org.openqa.selenium.By.xpath(".//td[@data-field="datetime"]")).getText(): null

2019-04-24 12:49:14 - [TEST_STEP][PASSED] - Statement - return date: null

2019-04-24 12:49:14 - [TEST_STEP][PASSED] - click: Object: 'Object Repository/Page_KiboPush  Broadcast/a_next (1)' is clicked on

2019-04-24 12:49:14 - [MESSAGE][PASSED] - Object: 'Object Repository/Page_KiboPush  Broadcast/a_next (1)' is clicked on

2019-04-24 12:49:14 - [TEST_STEP][PASSED] - delay: Delayed 2 second(s)

2019-04-24 12:49:16 - [MESSAGE][PASSED] - Delayed 2 second(s)

2019-04-24 12:49:16 - [TEST_STEP][PASSED] - Statement - date_page2 = getFirstRowDate(): null

2019-04-24 12:49:16 - [TEST_STEP][PASSED] - Statement - driver = com.kms.katalon.core.webui.driver.DriverFactory.getWebDriver(): null

2019-04-24 12:49:16 - [TEST_STEP][PASSED] - Statement - Try: null

2019-04-24 12:49:16 - [TEST_STEP][PASSED] - Statement - Table = driver.findElement(org.openqa.selenium.By.xpath("//table/tbody")): null

2019-04-24 12:49:16 - [TEST_STEP][PASSED] - Statement - rows_table = Table.findElements(org.openqa.selenium.By.tagName("tr")): null

2019-04-24 12:49:16 - [TEST_STEP][PASSED] - Statement - dates = new java.util.ArrayList(): null

2019-04-24 12:49:16 - [TEST_STEP][PASSED] - Statement - date = rows_table.get(0).findElement(org.openqa.selenium.By.xpath(".//td[@data-field="datetime"]")).getText(): null

2019-04-24 12:49:16 - [TEST_STEP][PASSED] - Statement - return date: null

2019-04-24 12:49:16 - [TEST_STEP][PASSED] - click: Object: 'Object Repository/Page_KiboPush  Broadcast/a_next (1)' is clicked on

2019-04-24 12:49:16 - [MESSAGE][PASSED] - Object: 'Object Repository/Page_KiboPush  Broadcast/a_next (1)' is clicked on

2019-04-24 12:49:16 - [TEST_STEP][PASSED] - delay: Delayed 2 second(s)

2019-04-24 12:49:18 - [MESSAGE][PASSED] - Delayed 2 second(s)

2019-04-24 12:49:18 - [TEST_STEP][PASSED] - Statement - date_page3 = getFirstRowDate(): null

2019-04-24 12:49:18 - [TEST_STEP][PASSED] - Statement - driver = com.kms.katalon.core.webui.driver.DriverFactory.getWebDriver(): null

2019-04-24 12:49:18 - [TEST_STEP][PASSED] - Statement - Try: null

2019-04-24 12:49:18 - [TEST_STEP][PASSED] - Statement - Table = driver.findElement(org.openqa.selenium.By.xpath("//table/tbody")): null

2019-04-24 12:49:18 - [TEST_STEP][PASSED] - Statement - rows_table = Table.findElements(org.openqa.selenium.By.tagName("tr")): null

2019-04-24 12:49:18 - [TEST_STEP][PASSED] - Statement - dates = new java.util.ArrayList(): null

2019-04-24 12:49:18 - [TEST_STEP][PASSED] - Statement - date = rows_table.get(0).findElement(org.openqa.selenium.By.xpath(".//td[@data-field="datetime"]")).getText(): null

2019-04-24 12:49:18 - [TEST_STEP][PASSED] - Statement - return date: null

2019-04-24 12:49:18 - [TEST_STEP][PASSED] - verifyNotMatch: Actual text 'Wed Apr 17 2019 11:47 AM' and expected text 'Mon Mar 11 2019 1:57 PM' are not matched 

2019-04-24 12:49:18 - [MESSAGE][PASSED] - Actual text 'Wed Apr 17 2019 11:47 AM' and expected text 'Mon Mar 11 2019 1:57 PM' are not matched 

2019-04-24 12:49:18 - [TEST_STEP][PASSED] - verifyNotMatch: Actual text 'Wed Apr 17 2019 11:47 AM' and expected text 'Thu Mar 07 2019 2:04 PM' are not matched 

2019-04-24 12:49:18 - [MESSAGE][PASSED] - Actual text 'Wed Apr 17 2019 11:47 AM' and expected text 'Thu Mar 07 2019 2:04 PM' are not matched 

2019-04-24 12:49:18 - [TEST_STEP][PASSED] - verifyNotMatch: Actual text 'Mon Mar 11 2019 1:57 PM' and expected text 'Thu Mar 07 2019 2:04 PM' are not matched 

2019-04-24 12:49:18 - [MESSAGE][PASSED] - Actual text 'Mon Mar 11 2019 1:57 PM' and expected text 'Thu Mar 07 2019 2:04 PM' are not matched 

2019-04-24 12:49:18 - [TEST_STEP][PASSED] - Statement - dateFormat = new java.text.SimpleDateFormat(EEE MMM dd yyyy hh:mm aaa, java.util.Locale.ENGLISH): null

2019-04-24 12:49:18 - [TEST_STEP][PASSED] - Statement - date1 = dateFormat.parse(date_page1): null

2019-04-24 12:49:18 - [TEST_STEP][PASSED] - Statement - date2 = dateFormat.parse(date_page2): null

2019-04-24 12:49:18 - [TEST_STEP][PASSED] - Statement - date3 = dateFormat.parse(date_page3): null

2019-04-24 12:49:18 - [TEST_STEP][PASSED] - Statement - println(date1): null

2019-04-24 12:49:18 - [TEST_STEP][PASSED] - Statement - println(date2): null

2019-04-24 12:49:18 - [TEST_STEP][PASSED] - Statement - println(date3): null

2019-04-24 12:49:18 - [TEST_STEP][PASSED] - Statement - If (!(date1.after(date2) && date2.after(date3))): null]]></system-out>
         <system-err><![CDATA[]]></system-err>
      </testcase>
      <testcase name="Test Cases/Broadcasts/TC0124" classname="Test Cases/Broadcasts/TC0124" status="PASSED">
         <system-out><![CDATA[2019-04-24 12:49:18 - [TEST_CASE][PASSED] - Test Cases/Broadcasts/TC0124: Test Cases/Broadcasts/TC0124

2019-04-24 12:49:19 - [TEST_STEP][PASSED] - callTestCase: Call Test Case 'Test Cases/s-sidebar_navigation/TeamAccount/Broadcasts' successfully

2019-04-24 12:49:19 - [TEST_CASE][PASSED] - Test Cases/s-sidebar_navigation/TeamAccount/Broadcasts: Test Cases/s-sidebar_navigation/TeamAccount/Broadcasts

2019-04-24 12:49:19 - [TEST_STEP][PASSED] - callTestCase: Call Test Case 'Test Cases/s-sidebar_navigation/individualAccount/broadcast' successfully

2019-04-24 12:49:19 - [TEST_CASE][PASSED] - Test Cases/s-sidebar_navigation/individualAccount/broadcast: Test Cases/s-sidebar_navigation/individualAccount/broadcast

2019-04-24 12:49:19 - [TEST_STEP][PASSED] - click: Object: 'Object Repository/Page_KiboPush  Dashboard/span_Polls' is clicked on

2019-04-24 12:49:19 - [MESSAGE][PASSED] - Object: 'Object Repository/Page_KiboPush  Dashboard/span_Polls' is clicked on

2019-04-24 12:49:19 - [TEST_STEP][PASSED] - delay: Delayed 1 second(s)

2019-04-24 12:49:20 - [MESSAGE][PASSED] - Delayed 1 second(s)

2019-04-24 12:49:20 - [TEST_STEP][PASSED] - click: Object: 'Object Repository/Page_KiboPush  Dashboard/span_Broadcasts' is clicked on

2019-04-24 12:49:21 - [MESSAGE][PASSED] - Object: 'Object Repository/Page_KiboPush  Dashboard/span_Broadcasts' is clicked on

2019-04-24 12:49:21 - [TEST_STEP][PASSED] - delay: Delayed 1 second(s)

2019-04-24 12:49:22 - [MESSAGE][PASSED] - Delayed 1 second(s)

2019-04-24 12:49:22 - [TEST_STEP][PASSED] - scrollToPosition: Browser is scrolled to position x = 0, y = 0

2019-04-24 12:49:22 - [MESSAGE][PASSED] - Browser is scrolled to position x = 0, y = 0

2019-04-24 12:49:22 - [TEST_STEP][PASSED] - click: Object: 'Object Repository/Page_KiboPush  Broadcast/h3_Manage Broadcasts' is clicked on

2019-04-24 12:49:22 - [MESSAGE][PASSED] - Object: 'Object Repository/Page_KiboPush  Broadcast/h3_Manage Broadcasts' is clicked on

2019-04-24 12:49:22 - [MESSAGE][PASSED] - Call Test Case 'Test Cases/s-sidebar_navigation/individualAccount/broadcast' successfully

2019-04-24 12:49:22 - [MESSAGE][PASSED] - Call Test Case 'Test Cases/s-sidebar_navigation/TeamAccount/Broadcasts' successfully

2019-04-24 12:49:22 - [TEST_STEP][PASSED] - delay: Delayed 2 second(s)

2019-04-24 12:49:24 - [MESSAGE][PASSED] - Delayed 2 second(s)

2019-04-24 12:49:24 - [TEST_STEP][PASSED] - click: Object: 'Object Repository/Page_KiboPush  Broadcast/a_4' is clicked on

2019-04-24 12:49:24 - [MESSAGE][PASSED] - Object: 'Object Repository/Page_KiboPush  Broadcast/a_4' is clicked on

2019-04-24 12:49:24 - [TEST_STEP][PASSED] - delay: Delayed 2 second(s)

2019-04-24 12:49:26 - [MESSAGE][PASSED] - Delayed 2 second(s)

2019-04-24 12:49:26 - [TEST_STEP][PASSED] - Statement - date_page4 = getFirstRowDate(): null

2019-04-24 12:49:26 - [TEST_STEP][PASSED] - Statement - driver = com.kms.katalon.core.webui.driver.DriverFactory.getWebDriver(): null

2019-04-24 12:49:26 - [TEST_STEP][PASSED] - Statement - Try: null

2019-04-24 12:49:26 - [TEST_STEP][PASSED] - Statement - Table = driver.findElement(org.openqa.selenium.By.xpath("//table/tbody")): null

2019-04-24 12:49:26 - [TEST_STEP][PASSED] - Statement - rows_table = Table.findElements(org.openqa.selenium.By.tagName("tr")): null

2019-04-24 12:49:26 - [TEST_STEP][PASSED] - Statement - dates = new java.util.ArrayList(): null

2019-04-24 12:49:26 - [TEST_STEP][PASSED] - Statement - date = rows_table.get(0).findElement(org.openqa.selenium.By.xpath(".//td[@data-field="datetime"]")).getText(): null

2019-04-24 12:49:26 - [TEST_STEP][PASSED] - Statement - return date: null

2019-04-24 12:49:26 - [TEST_STEP][PASSED] - click: Object: 'Object Repository/Page_KiboPush  Broadcast/a_previous' is clicked on

2019-04-24 12:49:26 - [MESSAGE][PASSED] - Object: 'Object Repository/Page_KiboPush  Broadcast/a_previous' is clicked on

2019-04-24 12:49:26 - [TEST_STEP][PASSED] - delay: Delayed 2 second(s)

2019-04-24 12:49:28 - [MESSAGE][PASSED] - Delayed 2 second(s)

2019-04-24 12:49:28 - [TEST_STEP][PASSED] - Statement - date_page3 = getFirstRowDate(): null

2019-04-24 12:49:28 - [TEST_STEP][PASSED] - Statement - driver = com.kms.katalon.core.webui.driver.DriverFactory.getWebDriver(): null

2019-04-24 12:49:28 - [TEST_STEP][PASSED] - Statement - Try: null

2019-04-24 12:49:28 - [TEST_STEP][PASSED] - Statement - Table = driver.findElement(org.openqa.selenium.By.xpath("//table/tbody")): null

2019-04-24 12:49:28 - [TEST_STEP][PASSED] - Statement - rows_table = Table.findElements(org.openqa.selenium.By.tagName("tr")): null

2019-04-24 12:49:28 - [TEST_STEP][PASSED] - Statement - dates = new java.util.ArrayList(): null

2019-04-24 12:49:28 - [TEST_STEP][PASSED] - Statement - date = rows_table.get(0).findElement(org.openqa.selenium.By.xpath(".//td[@data-field="datetime"]")).getText(): null

2019-04-24 12:49:28 - [TEST_STEP][PASSED] - Statement - return date: null

2019-04-24 12:49:28 - [TEST_STEP][PASSED] - click: Object: 'Object Repository/Page_KiboPush  Broadcast/a_previous' is clicked on

2019-04-24 12:49:28 - [MESSAGE][PASSED] - Object: 'Object Repository/Page_KiboPush  Broadcast/a_previous' is clicked on

2019-04-24 12:49:28 - [TEST_STEP][PASSED] - delay: Delayed 3 second(s)

2019-04-24 12:49:31 - [MESSAGE][PASSED] - Delayed 3 second(s)

2019-04-24 12:49:31 - [TEST_STEP][PASSED] - Statement - date_page2 = getFirstRowDate(): null

2019-04-24 12:49:31 - [TEST_STEP][PASSED] - Statement - driver = com.kms.katalon.core.webui.driver.DriverFactory.getWebDriver(): null

2019-04-24 12:49:31 - [TEST_STEP][PASSED] - Statement - Try: null

2019-04-24 12:49:31 - [TEST_STEP][PASSED] - Statement - Table = driver.findElement(org.openqa.selenium.By.xpath("//table/tbody")): null

2019-04-24 12:49:31 - [TEST_STEP][PASSED] - Statement - rows_table = Table.findElements(org.openqa.selenium.By.tagName("tr")): null

2019-04-24 12:49:31 - [TEST_STEP][PASSED] - Statement - dates = new java.util.ArrayList(): null

2019-04-24 12:49:31 - [TEST_STEP][PASSED] - Statement - date = rows_table.get(0).findElement(org.openqa.selenium.By.xpath(".//td[@data-field="datetime"]")).getText(): null

2019-04-24 12:49:31 - [TEST_STEP][PASSED] - Statement - return date: null

2019-04-24 12:49:31 - [TEST_STEP][PASSED] - verifyNotMatch: Actual text 'Thu Mar 07 2019 1:51 PM' and expected text 'Thu Mar 07 2019 2:04 PM' are not matched 

2019-04-24 12:49:31 - [MESSAGE][PASSED] - Actual text 'Thu Mar 07 2019 1:51 PM' and expected text 'Thu Mar 07 2019 2:04 PM' are not matched 

2019-04-24 12:49:31 - [TEST_STEP][PASSED] - verifyNotMatch: Actual text 'Thu Mar 07 2019 1:51 PM' and expected text 'Mon Mar 11 2019 1:57 PM' are not matched 

2019-04-24 12:49:31 - [MESSAGE][PASSED] - Actual text 'Thu Mar 07 2019 1:51 PM' and expected text 'Mon Mar 11 2019 1:57 PM' are not matched 

2019-04-24 12:49:31 - [TEST_STEP][PASSED] - verifyNotMatch: Actual text 'Thu Mar 07 2019 2:04 PM' and expected text 'Mon Mar 11 2019 1:57 PM' are not matched 

2019-04-24 12:49:31 - [MESSAGE][PASSED] - Actual text 'Thu Mar 07 2019 2:04 PM' and expected text 'Mon Mar 11 2019 1:57 PM' are not matched 

2019-04-24 12:49:31 - [TEST_STEP][PASSED] - Statement - dateFormat = new java.text.SimpleDateFormat(EEE MMM dd yyyy hh:mm aaa, java.util.Locale.ENGLISH): null

2019-04-24 12:49:31 - [TEST_STEP][PASSED] - Statement - date4 = dateFormat.parse(date_page4): null

2019-04-24 12:49:31 - [TEST_STEP][PASSED] - Statement - date3 = dateFormat.parse(date_page3): null

2019-04-24 12:49:31 - [TEST_STEP][PASSED] - Statement - date2 = dateFormat.parse(date_page2): null

2019-04-24 12:49:31 - [TEST_STEP][PASSED] - Statement - If (!(date2.after(date3) && date3.after(date4))): null]]></system-out>
         <system-err><![CDATA[]]></system-err>
      </testcase>
      <testcase name="Test Cases/Broadcasts/TC0125" classname="Test Cases/Broadcasts/TC0125" status="FAILED">
         <failure type="FAILED" message="ERROR: No Table Present"/>
         <system-out><![CDATA[2019-04-24 12:49:31 - [TEST_CASE][FAILED] - Test Cases/Broadcasts/TC0125: Test Cases/Broadcasts/TC0125 FAILED because (of) ERROR: No Table Present

2019-04-24 12:49:32 - [TEST_STEP][PASSED] - callTestCase: Call Test Case 'Test Cases/s-sidebar_navigation/TeamAccount/Broadcasts' successfully

2019-04-24 12:49:32 - [TEST_CASE][PASSED] - Test Cases/s-sidebar_navigation/TeamAccount/Broadcasts: Test Cases/s-sidebar_navigation/TeamAccount/Broadcasts

2019-04-24 12:49:32 - [TEST_STEP][PASSED] - callTestCase: Call Test Case 'Test Cases/s-sidebar_navigation/individualAccount/broadcast' successfully

2019-04-24 12:49:32 - [TEST_CASE][PASSED] - Test Cases/s-sidebar_navigation/individualAccount/broadcast: Test Cases/s-sidebar_navigation/individualAccount/broadcast

2019-04-24 12:49:32 - [TEST_STEP][PASSED] - click: Object: 'Object Repository/Page_KiboPush  Dashboard/span_Polls' is clicked on

2019-04-24 12:49:32 - [MESSAGE][PASSED] - Object: 'Object Repository/Page_KiboPush  Dashboard/span_Polls' is clicked on

2019-04-24 12:49:32 - [TEST_STEP][PASSED] - delay: Delayed 1 second(s)

2019-04-24 12:49:33 - [MESSAGE][PASSED] - Delayed 1 second(s)

2019-04-24 12:49:33 - [TEST_STEP][PASSED] - click: Object: 'Object Repository/Page_KiboPush  Dashboard/span_Broadcasts' is clicked on

2019-04-24 12:49:33 - [MESSAGE][PASSED] - Object: 'Object Repository/Page_KiboPush  Dashboard/span_Broadcasts' is clicked on

2019-04-24 12:49:33 - [TEST_STEP][PASSED] - delay: Delayed 1 second(s)

2019-04-24 12:49:34 - [MESSAGE][PASSED] - Delayed 1 second(s)

2019-04-24 12:49:34 - [TEST_STEP][PASSED] - scrollToPosition: Browser is scrolled to position x = 0, y = 0

2019-04-24 12:49:34 - [MESSAGE][PASSED] - Browser is scrolled to position x = 0, y = 0

2019-04-24 12:49:34 - [TEST_STEP][PASSED] - click: Object: 'Object Repository/Page_KiboPush  Broadcast/h3_Manage Broadcasts' is clicked on

2019-04-24 12:49:34 - [MESSAGE][PASSED] - Object: 'Object Repository/Page_KiboPush  Broadcast/h3_Manage Broadcasts' is clicked on

2019-04-24 12:49:34 - [MESSAGE][PASSED] - Call Test Case 'Test Cases/s-sidebar_navigation/individualAccount/broadcast' successfully

2019-04-24 12:49:34 - [MESSAGE][PASSED] - Call Test Case 'Test Cases/s-sidebar_navigation/TeamAccount/Broadcasts' successfully

2019-04-24 12:49:34 - [TEST_STEP][PASSED] - delay: Delayed 1 second(s)

2019-04-24 12:49:35 - [MESSAGE][PASSED] - Delayed 1 second(s)

2019-04-24 12:49:35 - [TEST_STEP][PASSED] - Statement - date_page1 = getFirstRowDate(): null

2019-04-24 12:49:35 - [TEST_STEP][PASSED] - Statement - driver = com.kms.katalon.core.webui.driver.DriverFactory.getWebDriver(): null

2019-04-24 12:49:35 - [TEST_STEP][PASSED] - Statement - Try: null

2019-04-24 12:49:35 - [TEST_STEP][PASSED] - Statement - Table = driver.findElement(org.openqa.selenium.By.xpath("//table/tbody")): null

2019-04-24 12:49:35 - [TEST_STEP][PASSED] - Statement - rows_table = Table.findElements(org.openqa.selenium.By.tagName("tr")): null

2019-04-24 12:49:35 - [TEST_STEP][PASSED] - Statement - dates = new java.util.ArrayList(): null

2019-04-24 12:49:35 - [TEST_STEP][PASSED] - Statement - date = rows_table.get(0).findElement(org.openqa.selenium.By.xpath(".//td[@data-field="datetime"]")).getText(): null

2019-04-24 12:49:36 - [TEST_STEP][PASSED] - Statement - return date: null

2019-04-24 12:49:36 - [TEST_STEP][PASSED] - click: Object: 'Object Repository/Page_KiboPush  Broadcast/a_2' is clicked on

2019-04-24 12:49:36 - [MESSAGE][PASSED] - Object: 'Object Repository/Page_KiboPush  Broadcast/a_2' is clicked on

2019-04-24 12:49:36 - [TEST_STEP][PASSED] - delay: Delayed 1 second(s)

2019-04-24 12:49:37 - [MESSAGE][PASSED] - Delayed 1 second(s)

2019-04-24 12:49:37 - [TEST_STEP][PASSED] - Statement - date_page2 = getFirstRowDate(): null

2019-04-24 12:49:37 - [TEST_STEP][PASSED] - Statement - driver = com.kms.katalon.core.webui.driver.DriverFactory.getWebDriver(): null

2019-04-24 12:49:37 - [TEST_STEP][PASSED] - Statement - Try: null

2019-04-24 12:49:37 - [TEST_STEP][PASSED] - Statement - Table = driver.findElement(org.openqa.selenium.By.xpath("//table/tbody")): null

2019-04-24 12:49:37 - [TEST_STEP][PASSED] - Statement - Catch (Exception e): null

2019-04-24 12:49:37 - [TEST_STEP][PASSED] - Statement - com.kms.katalon.core.util.KeywordUtil.markFailed("ERROR: No Table Present"): null

2019-04-24 12:49:37 - [TEST_STEP][PASSED] - click: Object: 'Object Repository/Page_KiboPush  Broadcast/a_4' is clicked on

2019-04-24 12:49:37 - [MESSAGE][PASSED] - Object: 'Object Repository/Page_KiboPush  Broadcast/a_4' is clicked on

2019-04-24 12:49:37 - [TEST_STEP][PASSED] - delay: Delayed 2 second(s)

2019-04-24 12:49:39 - [MESSAGE][PASSED] - Delayed 2 second(s)

2019-04-24 12:49:39 - [TEST_STEP][PASSED] - Statement - date_page4 = getFirstRowDate(): null

2019-04-24 12:49:39 - [TEST_STEP][PASSED] - Statement - driver = com.kms.katalon.core.webui.driver.DriverFactory.getWebDriver(): null

2019-04-24 12:49:39 - [TEST_STEP][PASSED] - Statement - Try: null

2019-04-24 12:49:39 - [TEST_STEP][PASSED] - Statement - Table = driver.findElement(org.openqa.selenium.By.xpath("//table/tbody")): null

2019-04-24 12:49:39 - [TEST_STEP][PASSED] - Statement - rows_table = Table.findElements(org.openqa.selenium.By.tagName("tr")): null

2019-04-24 12:49:39 - [TEST_STEP][PASSED] - Statement - dates = new java.util.ArrayList(): null

2019-04-24 12:49:39 - [TEST_STEP][PASSED] - Statement - date = rows_table.get(0).findElement(org.openqa.selenium.By.xpath(".//td[@data-field="datetime"]")).getText(): null

2019-04-24 12:49:39 - [TEST_STEP][PASSED] - Statement - return date: null

2019-04-24 12:49:39 - [TEST_STEP][PASSED] - Statement - println("Testing next pages"): null

2019-04-24 12:49:39 - [TEST_STEP][PASSED] - verifyNotMatch: Actual text 'Wed Apr 17 2019 11:47 AM' and expected text 'null' are not matched 

2019-04-24 12:49:39 - [MESSAGE][PASSED] - Actual text 'Wed Apr 17 2019 11:47 AM' and expected text 'null' are not matched 

2019-04-24 12:49:39 - [TEST_STEP][PASSED] - verifyNotMatch: Actual text 'Wed Apr 17 2019 11:47 AM' and expected text 'Thu Mar 07 2019 1:51 PM' are not matched 

2019-04-24 12:49:39 - [MESSAGE][PASSED] - Actual text 'Wed Apr 17 2019 11:47 AM' and expected text 'Thu Mar 07 2019 1:51 PM' are not matched 

2019-04-24 12:49:39 - [TEST_STEP][PASSED] - verifyNotMatch: Actual text 'null' and expected text 'Thu Mar 07 2019 1:51 PM' are not matched 

2019-04-24 12:49:39 - [MESSAGE][PASSED] - Actual text 'null' and expected text 'Thu Mar 07 2019 1:51 PM' are not matched 

2019-04-24 12:49:39 - [TEST_STEP][PASSED] - click: Object: 'Object Repository/Page_KiboPush  Broadcast/a_3' is clicked on

2019-04-24 12:49:39 - [MESSAGE][PASSED] - Object: 'Object Repository/Page_KiboPush  Broadcast/a_3' is clicked on

2019-04-24 12:49:39 - [TEST_STEP][PASSED] - delay: Delayed 2 second(s)

2019-04-24 12:49:41 - [MESSAGE][PASSED] - Delayed 2 second(s)

2019-04-24 12:49:41 - [TEST_STEP][PASSED] - Statement - date_page3 = getFirstRowDate(): null

2019-04-24 12:49:41 - [TEST_STEP][PASSED] - Statement - driver = com.kms.katalon.core.webui.driver.DriverFactory.getWebDriver(): null

2019-04-24 12:49:41 - [TEST_STEP][PASSED] - Statement - Try: null

2019-04-24 12:49:41 - [TEST_STEP][PASSED] - Statement - Table = driver.findElement(org.openqa.selenium.By.xpath("//table/tbody")): null

2019-04-24 12:49:41 - [TEST_STEP][PASSED] - Statement - rows_table = Table.findElements(org.openqa.selenium.By.tagName("tr")): null

2019-04-24 12:49:41 - [TEST_STEP][PASSED] - Statement - dates = new java.util.ArrayList(): null

2019-04-24 12:49:41 - [TEST_STEP][PASSED] - Statement - date = rows_table.get(0).findElement(org.openqa.selenium.By.xpath(".//td[@data-field="datetime"]")).getText(): null

2019-04-24 12:49:41 - [TEST_STEP][PASSED] - Statement - return date: null

2019-04-24 12:49:41 - [TEST_STEP][PASSED] - click: Object: 'Object Repository/Page_KiboPush  Broadcast/a_1' is clicked on

2019-04-24 12:49:41 - [MESSAGE][PASSED] - Object: 'Object Repository/Page_KiboPush  Broadcast/a_1' is clicked on

2019-04-24 12:49:41 - [TEST_STEP][PASSED] - delay: Delayed 2 second(s)

2019-04-24 12:49:43 - [MESSAGE][PASSED] - Delayed 2 second(s)

2019-04-24 12:49:43 - [TEST_STEP][PASSED] - Statement - date_page1 = getFirstRowDate(): null

2019-04-24 12:49:43 - [TEST_STEP][PASSED] - Statement - driver = com.kms.katalon.core.webui.driver.DriverFactory.getWebDriver(): null

2019-04-24 12:49:43 - [TEST_STEP][PASSED] - Statement - Try: null

2019-04-24 12:49:43 - [TEST_STEP][PASSED] - Statement - Table = driver.findElement(org.openqa.selenium.By.xpath("//table/tbody")): null

2019-04-24 12:49:43 - [TEST_STEP][PASSED] - Statement - rows_table = Table.findElements(org.openqa.selenium.By.tagName("tr")): null

2019-04-24 12:49:43 - [TEST_STEP][PASSED] - Statement - dates = new java.util.ArrayList(): null

2019-04-24 12:49:43 - [TEST_STEP][PASSED] - Statement - date = rows_table.get(0).findElement(org.openqa.selenium.By.xpath(".//td[@data-field="datetime"]")).getText(): null

2019-04-24 12:49:44 - [TEST_STEP][PASSED] - Statement - return date: null

2019-04-24 12:49:44 - [TEST_STEP][PASSED] - Statement - println("Testing previous pages"): null

2019-04-24 12:49:44 - [TEST_STEP][PASSED] - verifyNotMatch: Actual text 'Thu Mar 07 2019 1:51 PM' and expected text 'Thu Mar 07 2019 2:04 PM' are not matched 

2019-04-24 12:49:44 - [MESSAGE][PASSED] - Actual text 'Thu Mar 07 2019 1:51 PM' and expected text 'Thu Mar 07 2019 2:04 PM' are not matched 

2019-04-24 12:49:44 - [TEST_STEP][PASSED] - verifyNotMatch: Actual text 'Thu Mar 07 2019 1:51 PM' and expected text 'Wed Apr 17 2019 11:47 AM' are not matched 

2019-04-24 12:49:44 - [MESSAGE][PASSED] - Actual text 'Thu Mar 07 2019 1:51 PM' and expected text 'Wed Apr 17 2019 11:47 AM' are not matched 

2019-04-24 12:49:44 - [TEST_STEP][PASSED] - verifyNotMatch: Actual text 'Thu Mar 07 2019 2:04 PM' and expected text 'Wed Apr 17 2019 11:47 AM' are not matched 

2019-04-24 12:49:44 - [MESSAGE][PASSED] - Actual text 'Thu Mar 07 2019 2:04 PM' and expected text 'Wed Apr 17 2019 11:47 AM' are not matched 

2019-04-24 12:49:44 - [TEST_STEP][PASSED] - Statement - dateFormat = new java.text.SimpleDateFormat(EEE MMM dd yyyy hh:mm aaa, java.util.Locale.ENGLISH): null

2019-04-24 12:49:44 - [TEST_STEP][PASSED] - Statement - date4 = dateFormat.parse(date_page4): null

2019-04-24 12:49:44 - [TEST_STEP][PASSED] - Statement - date3 = dateFormat.parse(date_page3): null

2019-04-24 12:49:44 - [TEST_STEP][PASSED] - Statement - date1 = dateFormat.parse(date_page1): null

2019-04-24 12:49:44 - [TEST_STEP][PASSED] - Statement - If (!(date1.after(date3) && date3.after(date4))): null]]></system-out>
         <system-err><![CDATA[2019-04-24 12:49:31 - [TEST_CASE][FAILED] - Test Cases/Broadcasts/TC0125: Test Cases/Broadcasts/TC0125 FAILED because (of) ERROR: No Table Present]]></system-err>
      </testcase>
      <testcase name="Test Cases/Broadcasts/TC0126" classname="Test Cases/Broadcasts/TC0126" status="PASSED">
         <system-out><![CDATA[2019-04-24 12:49:44 - [TEST_CASE][PASSED] - Test Cases/Broadcasts/TC0126: Test Cases/Broadcasts/TC0126

2019-04-24 12:49:44 - [TEST_STEP][PASSED] - callTestCase: Call Test Case 'Test Cases/s-sidebar_navigation/TeamAccount/Broadcasts' successfully

2019-04-24 12:49:44 - [TEST_CASE][PASSED] - Test Cases/s-sidebar_navigation/TeamAccount/Broadcasts: Test Cases/s-sidebar_navigation/TeamAccount/Broadcasts

2019-04-24 12:49:44 - [TEST_STEP][PASSED] - callTestCase: Call Test Case 'Test Cases/s-sidebar_navigation/individualAccount/broadcast' successfully

2019-04-24 12:49:44 - [TEST_CASE][PASSED] - Test Cases/s-sidebar_navigation/individualAccount/broadcast: Test Cases/s-sidebar_navigation/individualAccount/broadcast

2019-04-24 12:49:44 - [TEST_STEP][PASSED] - click: Object: 'Object Repository/Page_KiboPush  Dashboard/span_Polls' is clicked on

2019-04-24 12:49:44 - [MESSAGE][PASSED] - Object: 'Object Repository/Page_KiboPush  Dashboard/span_Polls' is clicked on

2019-04-24 12:49:44 - [TEST_STEP][PASSED] - delay: Delayed 1 second(s)

2019-04-24 12:49:45 - [MESSAGE][PASSED] - Delayed 1 second(s)

2019-04-24 12:49:45 - [TEST_STEP][PASSED] - click: Object: 'Object Repository/Page_KiboPush  Dashboard/span_Broadcasts' is clicked on

2019-04-24 12:49:45 - [MESSAGE][PASSED] - Object: 'Object Repository/Page_KiboPush  Dashboard/span_Broadcasts' is clicked on

2019-04-24 12:49:45 - [TEST_STEP][PASSED] - delay: Delayed 1 second(s)

2019-04-24 12:49:46 - [MESSAGE][PASSED] - Delayed 1 second(s)

2019-04-24 12:49:46 - [TEST_STEP][PASSED] - scrollToPosition: Browser is scrolled to position x = 0, y = 0

2019-04-24 12:49:46 - [MESSAGE][PASSED] - Browser is scrolled to position x = 0, y = 0

2019-04-24 12:49:46 - [TEST_STEP][PASSED] - click: Object: 'Object Repository/Page_KiboPush  Broadcast/h3_Manage Broadcasts' is clicked on

2019-04-24 12:49:47 - [MESSAGE][PASSED] - Object: 'Object Repository/Page_KiboPush  Broadcast/h3_Manage Broadcasts' is clicked on

2019-04-24 12:49:47 - [MESSAGE][PASSED] - Call Test Case 'Test Cases/s-sidebar_navigation/individualAccount/broadcast' successfully

2019-04-24 12:49:47 - [MESSAGE][PASSED] - Call Test Case 'Test Cases/s-sidebar_navigation/TeamAccount/Broadcasts' successfully

2019-04-24 12:49:47 - [TEST_STEP][PASSED] - click: Object: 'Object Repository/Page_KiboPush  Broadcast/span_Create New Broadcast' is clicked on

2019-04-24 12:49:47 - [MESSAGE][PASSED] - Object: 'Object Repository/Page_KiboPush  Broadcast/span_Create New Broadcast' is clicked on

2019-04-24 12:49:47 - [TEST_STEP][PASSED] - click: Object: 'Object Repository/Page_KiboPush  Broadcast/h3_Create Broadcast (1) (1)' is clicked on

2019-04-24 12:49:47 - [MESSAGE][PASSED] - Object: 'Object Repository/Page_KiboPush  Broadcast/h3_Create Broadcast (1) (1)' is clicked on

2019-04-24 12:49:47 - [TEST_STEP][PASSED] - click: Object: 'Object Repository/Page_KiboPush  Broadcast/p_To create a new broadcast fr (1)' is clicked on

2019-04-24 12:49:47 - [MESSAGE][PASSED] - Object: 'Object Repository/Page_KiboPush  Broadcast/p_To create a new broadcast fr (1)' is clicked on

2019-04-24 12:49:47 - [TEST_STEP][PASSED] - click: Object: 'Object Repository/Page_KiboPush  Broadcast/a_Create New Broadcast' is clicked on

2019-04-24 12:49:47 - [MESSAGE][PASSED] - Object: 'Object Repository/Page_KiboPush  Broadcast/a_Create New Broadcast' is clicked on]]></system-out>
         <system-err><![CDATA[]]></system-err>
      </testcase>
      <testcase name="Test Cases/Broadcasts/TC0127" classname="Test Cases/Broadcasts/TC0127" status="PASSED">
         <system-out><![CDATA[2019-04-24 12:49:47 - [TEST_CASE][PASSED] - Test Cases/Broadcasts/TC0127: Test Cases/Broadcasts/TC0127

2019-04-24 12:49:47 - [TEST_STEP][PASSED] - callTestCase: Call Test Case 'Test Cases/s-sidebar_navigation/TeamAccount/Broadcasts' successfully

2019-04-24 12:49:48 - [TEST_CASE][PASSED] - Test Cases/s-sidebar_navigation/TeamAccount/Broadcasts: Test Cases/s-sidebar_navigation/TeamAccount/Broadcasts

2019-04-24 12:49:48 - [TEST_STEP][PASSED] - callTestCase: Call Test Case 'Test Cases/s-sidebar_navigation/individualAccount/broadcast' successfully

2019-04-24 12:49:48 - [TEST_CASE][PASSED] - Test Cases/s-sidebar_navigation/individualAccount/broadcast: Test Cases/s-sidebar_navigation/individualAccount/broadcast

2019-04-24 12:49:48 - [TEST_STEP][PASSED] - click: Object: 'Object Repository/Page_KiboPush  Dashboard/span_Polls' is clicked on

2019-04-24 12:49:49 - [MESSAGE][PASSED] - Object: 'Object Repository/Page_KiboPush  Dashboard/span_Polls' is clicked on

2019-04-24 12:49:49 - [TEST_STEP][PASSED] - delay: Delayed 1 second(s)

2019-04-24 12:49:50 - [MESSAGE][PASSED] - Delayed 1 second(s)

2019-04-24 12:49:50 - [TEST_STEP][PASSED] - click: Object: 'Object Repository/Page_KiboPush  Dashboard/span_Broadcasts' is clicked on

2019-04-24 12:49:50 - [MESSAGE][PASSED] - Object: 'Object Repository/Page_KiboPush  Dashboard/span_Broadcasts' is clicked on

2019-04-24 12:49:50 - [TEST_STEP][PASSED] - delay: Delayed 1 second(s)

2019-04-24 12:49:51 - [MESSAGE][PASSED] - Delayed 1 second(s)

2019-04-24 12:49:51 - [TEST_STEP][PASSED] - scrollToPosition: Browser is scrolled to position x = 0, y = 0

2019-04-24 12:49:51 - [MESSAGE][PASSED] - Browser is scrolled to position x = 0, y = 0

2019-04-24 12:49:51 - [TEST_STEP][PASSED] - click: Object: 'Object Repository/Page_KiboPush  Broadcast/h3_Manage Broadcasts' is clicked on

2019-04-24 12:49:51 - [MESSAGE][PASSED] - Object: 'Object Repository/Page_KiboPush  Broadcast/h3_Manage Broadcasts' is clicked on

2019-04-24 12:49:51 - [MESSAGE][PASSED] - Call Test Case 'Test Cases/s-sidebar_navigation/individualAccount/broadcast' successfully

2019-04-24 12:49:51 - [MESSAGE][PASSED] - Call Test Case 'Test Cases/s-sidebar_navigation/TeamAccount/Broadcasts' successfully

2019-04-24 12:49:51 - [TEST_STEP][PASSED] - click: Object: 'Object Repository/Page_KiboPush  Broadcast/span_Create New Broadcast' is clicked on

2019-04-24 12:49:51 - [MESSAGE][PASSED] - Object: 'Object Repository/Page_KiboPush  Broadcast/span_Create New Broadcast' is clicked on

2019-04-24 12:49:51 - [TEST_STEP][PASSED] - click: Object: 'Object Repository/Page_KiboPush  Broadcast/a_Use Template' is clicked on

2019-04-24 12:49:52 - [MESSAGE][PASSED] - Object: 'Object Repository/Page_KiboPush  Broadcast/a_Use Template' is clicked on

2019-04-24 12:49:52 - [TEST_STEP][PASSED] - custom.newKeyword.clickUsingJS: custom.newKeyword.clickUsingJS is PASSED

2019-04-24 12:49:52 - [MESSAGE][PASSED] - custom.newKeyword.clickUsingJS is PASSED]]></system-out>
         <system-err><![CDATA[]]></system-err>
      </testcase>
      <testcase name="Test Cases/Broadcasts/TC0128" classname="Test Cases/Broadcasts/TC0128" status="PASSED">
         <system-out><![CDATA[2019-04-24 12:49:52 - [TEST_CASE][PASSED] - Test Cases/Broadcasts/TC0128: Test Cases/Broadcasts/TC0128

2019-04-24 12:49:52 - [TEST_STEP][PASSED] - callTestCase: Call Test Case 'Test Cases/s-sidebar_navigation/TeamAccount/Broadcasts' successfully

2019-04-24 12:49:52 - [TEST_CASE][PASSED] - Test Cases/s-sidebar_navigation/TeamAccount/Broadcasts: Test Cases/s-sidebar_navigation/TeamAccount/Broadcasts

2019-04-24 12:49:52 - [TEST_STEP][PASSED] - callTestCase: Call Test Case 'Test Cases/s-sidebar_navigation/individualAccount/broadcast' successfully

2019-04-24 12:49:52 - [TEST_CASE][PASSED] - Test Cases/s-sidebar_navigation/individualAccount/broadcast: Test Cases/s-sidebar_navigation/individualAccount/broadcast

2019-04-24 12:49:52 - [TEST_STEP][PASSED] - click: Object: 'Object Repository/Page_KiboPush  Dashboard/span_Polls' is clicked on

2019-04-24 12:49:53 - [MESSAGE][PASSED] - Object: 'Object Repository/Page_KiboPush  Dashboard/span_Polls' is clicked on

2019-04-24 12:49:53 - [TEST_STEP][PASSED] - delay: Delayed 1 second(s)

2019-04-24 12:49:54 - [MESSAGE][PASSED] - Delayed 1 second(s)

2019-04-24 12:49:54 - [TEST_STEP][PASSED] - click: Object: 'Object Repository/Page_KiboPush  Dashboard/span_Broadcasts' is clicked on

2019-04-24 12:49:54 - [MESSAGE][PASSED] - Object: 'Object Repository/Page_KiboPush  Dashboard/span_Broadcasts' is clicked on

2019-04-24 12:49:54 - [TEST_STEP][PASSED] - delay: Delayed 1 second(s)

2019-04-24 12:49:55 - [MESSAGE][PASSED] - Delayed 1 second(s)

2019-04-24 12:49:55 - [TEST_STEP][PASSED] - scrollToPosition: Browser is scrolled to position x = 0, y = 0

2019-04-24 12:49:55 - [MESSAGE][PASSED] - Browser is scrolled to position x = 0, y = 0

2019-04-24 12:49:55 - [TEST_STEP][PASSED] - click: Object: 'Object Repository/Page_KiboPush  Broadcast/h3_Manage Broadcasts' is clicked on

2019-04-24 12:49:55 - [MESSAGE][PASSED] - Object: 'Object Repository/Page_KiboPush  Broadcast/h3_Manage Broadcasts' is clicked on

2019-04-24 12:49:55 - [MESSAGE][PASSED] - Call Test Case 'Test Cases/s-sidebar_navigation/individualAccount/broadcast' successfully

2019-04-24 12:49:55 - [MESSAGE][PASSED] - Call Test Case 'Test Cases/s-sidebar_navigation/TeamAccount/Broadcasts' successfully

2019-04-24 12:49:55 - [TEST_STEP][PASSED] - click: Object: 'Object Repository/Page_KiboPush  Broadcast/span_Create New Broadcast' is clicked on

2019-04-24 12:49:55 - [MESSAGE][PASSED] - Object: 'Object Repository/Page_KiboPush  Broadcast/span_Create New Broadcast' is clicked on

2019-04-24 12:49:55 - [TEST_STEP][PASSED] - click: Object: 'Object Repository/Page_KiboPush  Broadcast/a_Use Template' is clicked on

2019-04-24 12:49:56 - [MESSAGE][PASSED] - Object: 'Object Repository/Page_KiboPush  Broadcast/a_Use Template' is clicked on

2019-04-24 12:49:56 - [TEST_STEP][PASSED] - delay: Delayed 2 second(s)

2019-04-24 12:49:58 - [MESSAGE][PASSED] - Delayed 2 second(s)

2019-04-24 12:49:58 - [TEST_STEP][PASSED] - Statement - driver = com.kms.katalon.core.webui.driver.DriverFactory.getWebDriver(): null

2019-04-24 12:49:58 - [TEST_STEP][PASSED] - Statement - templates = driver.findElements(org.openqa.selenium.By.className("m-widget4__item")): null

2019-04-24 12:49:58 - [TEST_STEP][PASSED] - Statement - println(templates.size()): null

2019-04-24 12:49:58 - [TEST_STEP][PASSED] - Statement - If (templates.size() < 10): null]]></system-out>
         <system-err><![CDATA[]]></system-err>
      </testcase>
      <testcase name="Test Cases/Broadcasts/TC0129" classname="Test Cases/Broadcasts/TC0129" status="PASSED">
         <system-out><![CDATA[2019-04-24 12:49:58 - [TEST_CASE][PASSED] - Test Cases/Broadcasts/TC0129: Test Cases/Broadcasts/TC0129

2019-04-24 12:49:58 - [TEST_STEP][PASSED] - callTestCase: Call Test Case 'Test Cases/s-sidebar_navigation/TeamAccount/Broadcasts' successfully

2019-04-24 12:49:58 - [TEST_CASE][PASSED] - Test Cases/s-sidebar_navigation/TeamAccount/Broadcasts: Test Cases/s-sidebar_navigation/TeamAccount/Broadcasts

2019-04-24 12:49:58 - [TEST_STEP][PASSED] - callTestCase: Call Test Case 'Test Cases/s-sidebar_navigation/individualAccount/broadcast' successfully

2019-04-24 12:49:58 - [TEST_CASE][PASSED] - Test Cases/s-sidebar_navigation/individualAccount/broadcast: Test Cases/s-sidebar_navigation/individualAccount/broadcast

2019-04-24 12:49:58 - [TEST_STEP][PASSED] - click: Object: 'Object Repository/Page_KiboPush  Dashboard/span_Polls' is clicked on

2019-04-24 12:49:58 - [MESSAGE][PASSED] - Object: 'Object Repository/Page_KiboPush  Dashboard/span_Polls' is clicked on

2019-04-24 12:49:58 - [TEST_STEP][PASSED] - delay: Delayed 1 second(s)

2019-04-24 12:49:59 - [MESSAGE][PASSED] - Delayed 1 second(s)

2019-04-24 12:49:59 - [TEST_STEP][PASSED] - click: Object: 'Object Repository/Page_KiboPush  Dashboard/span_Broadcasts' is clicked on

2019-04-24 12:49:59 - [MESSAGE][PASSED] - Object: 'Object Repository/Page_KiboPush  Dashboard/span_Broadcasts' is clicked on

2019-04-24 12:49:59 - [TEST_STEP][PASSED] - delay: Delayed 1 second(s)

2019-04-24 12:50:00 - [MESSAGE][PASSED] - Delayed 1 second(s)

2019-04-24 12:50:00 - [TEST_STEP][PASSED] - scrollToPosition: Browser is scrolled to position x = 0, y = 0

2019-04-24 12:50:00 - [MESSAGE][PASSED] - Browser is scrolled to position x = 0, y = 0

2019-04-24 12:50:00 - [TEST_STEP][PASSED] - click: Object: 'Object Repository/Page_KiboPush  Broadcast/h3_Manage Broadcasts' is clicked on

2019-04-24 12:50:00 - [MESSAGE][PASSED] - Object: 'Object Repository/Page_KiboPush  Broadcast/h3_Manage Broadcasts' is clicked on

2019-04-24 12:50:00 - [MESSAGE][PASSED] - Call Test Case 'Test Cases/s-sidebar_navigation/individualAccount/broadcast' successfully

2019-04-24 12:50:00 - [MESSAGE][PASSED] - Call Test Case 'Test Cases/s-sidebar_navigation/TeamAccount/Broadcasts' successfully

2019-04-24 12:50:00 - [TEST_STEP][PASSED] - click: Object: 'Object Repository/Page_KiboPush  Broadcast/span_Create New Broadcast' is clicked on

2019-04-24 12:50:01 - [MESSAGE][PASSED] - Object: 'Object Repository/Page_KiboPush  Broadcast/span_Create New Broadcast' is clicked on

2019-04-24 12:50:01 - [TEST_STEP][PASSED] - click: Object: 'Object Repository/Page_KiboPush  Broadcast/a_Use Template' is clicked on

2019-04-24 12:50:01 - [MESSAGE][PASSED] - Object: 'Object Repository/Page_KiboPush  Broadcast/a_Use Template' is clicked on

2019-04-24 12:50:01 - [TEST_STEP][PASSED] - selectOptionByValue: All options with value 'Customer Behavior' are selected in object 'Object Repository/Page_KiboPush  Broadcast/select_Filter by Category...Al'  using regular expression

2019-04-24 12:50:02 - [MESSAGE][PASSED] - All options with value 'Customer Behavior' are selected in object 'Object Repository/Page_KiboPush  Broadcast/select_Filter by Category...Al'  using regular expression

2019-04-24 12:50:02 - [TEST_STEP][PASSED] - click: Object: 'Object Repository/Page_KiboPush  Broadcast/span_Category Customer Behavio' is clicked on

2019-04-24 12:50:03 - [MESSAGE][PASSED] - Object: 'Object Repository/Page_KiboPush  Broadcast/span_Category Customer Behavio' is clicked on]]></system-out>
         <system-err><![CDATA[]]></system-err>
      </testcase>
      <testcase name="Test Cases/Broadcasts/TC0130" classname="Test Cases/Broadcasts/TC0130" status="PASSED">
         <system-out><![CDATA[2019-04-24 12:50:03 - [TEST_CASE][PASSED] - Test Cases/Broadcasts/TC0130: Test Cases/Broadcasts/TC0130

2019-04-24 12:50:03 - [TEST_STEP][PASSED] - callTestCase: Call Test Case 'Test Cases/s-sidebar_navigation/TeamAccount/Broadcasts' successfully

2019-04-24 12:50:03 - [TEST_CASE][PASSED] - Test Cases/s-sidebar_navigation/TeamAccount/Broadcasts: Test Cases/s-sidebar_navigation/TeamAccount/Broadcasts

2019-04-24 12:50:03 - [TEST_STEP][PASSED] - callTestCase: Call Test Case 'Test Cases/s-sidebar_navigation/individualAccount/broadcast' successfully

2019-04-24 12:50:03 - [TEST_CASE][PASSED] - Test Cases/s-sidebar_navigation/individualAccount/broadcast: Test Cases/s-sidebar_navigation/individualAccount/broadcast

2019-04-24 12:50:03 - [TEST_STEP][PASSED] - click: Object: 'Object Repository/Page_KiboPush  Dashboard/span_Polls' is clicked on

2019-04-24 12:50:03 - [MESSAGE][PASSED] - Object: 'Object Repository/Page_KiboPush  Dashboard/span_Polls' is clicked on

2019-04-24 12:50:03 - [TEST_STEP][PASSED] - delay: Delayed 1 second(s)

2019-04-24 12:50:04 - [MESSAGE][PASSED] - Delayed 1 second(s)

2019-04-24 12:50:04 - [TEST_STEP][PASSED] - click: Object: 'Object Repository/Page_KiboPush  Dashboard/span_Broadcasts' is clicked on

2019-04-24 12:50:04 - [MESSAGE][PASSED] - Object: 'Object Repository/Page_KiboPush  Dashboard/span_Broadcasts' is clicked on

2019-04-24 12:50:04 - [TEST_STEP][PASSED] - delay: Delayed 1 second(s)

2019-04-24 12:50:05 - [MESSAGE][PASSED] - Delayed 1 second(s)

2019-04-24 12:50:05 - [TEST_STEP][PASSED] - scrollToPosition: Browser is scrolled to position x = 0, y = 0

2019-04-24 12:50:05 - [MESSAGE][PASSED] - Browser is scrolled to position x = 0, y = 0

2019-04-24 12:50:05 - [TEST_STEP][PASSED] - click: Object: 'Object Repository/Page_KiboPush  Broadcast/h3_Manage Broadcasts' is clicked on

2019-04-24 12:50:05 - [MESSAGE][PASSED] - Object: 'Object Repository/Page_KiboPush  Broadcast/h3_Manage Broadcasts' is clicked on

2019-04-24 12:50:05 - [MESSAGE][PASSED] - Call Test Case 'Test Cases/s-sidebar_navigation/individualAccount/broadcast' successfully

2019-04-24 12:50:05 - [MESSAGE][PASSED] - Call Test Case 'Test Cases/s-sidebar_navigation/TeamAccount/Broadcasts' successfully

2019-04-24 12:50:05 - [TEST_STEP][PASSED] - click: Object: 'Object Repository/Page_KiboPush  Broadcast/span_Create New Broadcast (4)' is clicked on

2019-04-24 12:50:06 - [MESSAGE][PASSED] - Object: 'Object Repository/Page_KiboPush  Broadcast/span_Create New Broadcast (4)' is clicked on

2019-04-24 12:50:06 - [TEST_STEP][PASSED] - click: Object: 'Object Repository/Page_KiboPush  Broadcast/a_Use Template (3)' is clicked on

2019-04-24 12:50:06 - [MESSAGE][PASSED] - Object: 'Object Repository/Page_KiboPush  Broadcast/a_Use Template (3)' is clicked on

2019-04-24 12:50:06 - [TEST_STEP][PASSED] - delay: Delayed 2 second(s)

2019-04-24 12:50:08 - [MESSAGE][PASSED] - Delayed 2 second(s)

2019-04-24 12:50:08 - [TEST_STEP][PASSED] - click: Object: 'Object Repository/Page_KiboPush  Broadcast/a_Edit Template (1)' is clicked on

2019-04-24 12:50:09 - [MESSAGE][PASSED] - Object: 'Object Repository/Page_KiboPush  Broadcast/a_Edit Template (1)' is clicked on

2019-04-24 12:50:09 - [TEST_STEP][PASSED] - delay: Delayed 1 second(s)

2019-04-24 12:50:10 - [MESSAGE][PASSED] - Delayed 1 second(s)

2019-04-24 12:50:10 - [TEST_STEP][PASSED] - scrollToPosition: Browser is scrolled to position x = 0, y = 0

2019-04-24 12:50:10 - [MESSAGE][PASSED] - Browser is scrolled to position x = 0, y = 0]]></system-out>
         <system-err><![CDATA[]]></system-err>
      </testcase>
      <testcase name="Test Cases/Broadcasts/TC0131" classname="Test Cases/Broadcasts/TC0131" status="PASSED">
         <system-out><![CDATA[2019-04-24 12:50:10 - [TEST_CASE][PASSED] - Test Cases/Broadcasts/TC0131: Test Cases/Broadcasts/TC0131

2019-04-24 12:50:10 - [TEST_STEP][PASSED] - callTestCase: Call Test Case 'Test Cases/s-sidebar_navigation/TeamAccount/Broadcasts' successfully

2019-04-24 12:50:10 - [TEST_CASE][PASSED] - Test Cases/s-sidebar_navigation/TeamAccount/Broadcasts: Test Cases/s-sidebar_navigation/TeamAccount/Broadcasts

2019-04-24 12:50:10 - [TEST_STEP][PASSED] - callTestCase: Call Test Case 'Test Cases/s-sidebar_navigation/individualAccount/broadcast' successfully

2019-04-24 12:50:10 - [TEST_CASE][PASSED] - Test Cases/s-sidebar_navigation/individualAccount/broadcast: Test Cases/s-sidebar_navigation/individualAccount/broadcast

2019-04-24 12:50:10 - [TEST_STEP][PASSED] - click: Object: 'Object Repository/Page_KiboPush  Dashboard/span_Polls' is clicked on

2019-04-24 12:50:11 - [MESSAGE][PASSED] - Object: 'Object Repository/Page_KiboPush  Dashboard/span_Polls' is clicked on

2019-04-24 12:50:11 - [TEST_STEP][PASSED] - delay: Delayed 1 second(s)

2019-04-24 12:50:12 - [MESSAGE][PASSED] - Delayed 1 second(s)

2019-04-24 12:50:12 - [TEST_STEP][PASSED] - click: Object: 'Object Repository/Page_KiboPush  Dashboard/span_Broadcasts' is clicked on

2019-04-24 12:50:12 - [MESSAGE][PASSED] - Object: 'Object Repository/Page_KiboPush  Dashboard/span_Broadcasts' is clicked on

2019-04-24 12:50:12 - [TEST_STEP][PASSED] - delay: Delayed 1 second(s)

2019-04-24 12:50:13 - [MESSAGE][PASSED] - Delayed 1 second(s)

2019-04-24 12:50:13 - [TEST_STEP][PASSED] - scrollToPosition: Browser is scrolled to position x = 0, y = 0

2019-04-24 12:50:13 - [MESSAGE][PASSED] - Browser is scrolled to position x = 0, y = 0

2019-04-24 12:50:13 - [TEST_STEP][PASSED] - click: Object: 'Object Repository/Page_KiboPush  Broadcast/h3_Manage Broadcasts' is clicked on

2019-04-24 12:50:13 - [MESSAGE][PASSED] - Object: 'Object Repository/Page_KiboPush  Broadcast/h3_Manage Broadcasts' is clicked on

2019-04-24 12:50:13 - [MESSAGE][PASSED] - Call Test Case 'Test Cases/s-sidebar_navigation/individualAccount/broadcast' successfully

2019-04-24 12:50:13 - [MESSAGE][PASSED] - Call Test Case 'Test Cases/s-sidebar_navigation/TeamAccount/Broadcasts' successfully

2019-04-24 12:50:13 - [TEST_STEP][PASSED] - click: Object: 'Object Repository/Page_KiboPush  Broadcast/span_Create New Broadcast' is clicked on

2019-04-24 12:50:14 - [MESSAGE][PASSED] - Object: 'Object Repository/Page_KiboPush  Broadcast/span_Create New Broadcast' is clicked on

2019-04-24 12:50:14 - [TEST_STEP][PASSED] - click: Object: 'Object Repository/Page_KiboPush  Broadcast/a_Create New Broadcast' is clicked on

2019-04-24 12:50:14 - [MESSAGE][PASSED] - Object: 'Object Repository/Page_KiboPush  Broadcast/a_Create New Broadcast' is clicked on

2019-04-24 12:50:14 - [TEST_STEP][PASSED] - delay: Delayed 1 second(s)

2019-04-24 12:50:15 - [MESSAGE][PASSED] - Delayed 1 second(s)

2019-04-24 12:50:15 - [TEST_STEP][PASSED] - click: Object: 'Object Repository/Page_KiboPush  Create Broadcast/div_Text_1' is clicked on

2019-04-24 12:50:15 - [MESSAGE][PASSED] - Object: 'Object Repository/Page_KiboPush  Create Broadcast/div_Text_1' is clicked on]]></system-out>
         <system-err><![CDATA[]]></system-err>
      </testcase>
      <testcase name="Test Cases/Broadcasts/TC0132" classname="Test Cases/Broadcasts/TC0132" status="PASSED">
         <system-out><![CDATA[2019-04-24 12:50:15 - [TEST_CASE][PASSED] - Test Cases/Broadcasts/TC0132: Test Cases/Broadcasts/TC0132

2019-04-24 12:50:16 - [TEST_STEP][PASSED] - callTestCase: Call Test Case 'Test Cases/s-sidebar_navigation/TeamAccount/Broadcasts' successfully

2019-04-24 12:50:16 - [TEST_CASE][PASSED] - Test Cases/s-sidebar_navigation/TeamAccount/Broadcasts: Test Cases/s-sidebar_navigation/TeamAccount/Broadcasts

2019-04-24 12:50:16 - [TEST_STEP][PASSED] - callTestCase: Call Test Case 'Test Cases/s-sidebar_navigation/individualAccount/broadcast' successfully

2019-04-24 12:50:16 - [TEST_CASE][PASSED] - Test Cases/s-sidebar_navigation/individualAccount/broadcast: Test Cases/s-sidebar_navigation/individualAccount/broadcast

2019-04-24 12:50:16 - [TEST_STEP][PASSED] - click: Object: 'Object Repository/Page_KiboPush  Dashboard/span_Polls' is clicked on

2019-04-24 12:50:17 - [MESSAGE][PASSED] - Object: 'Object Repository/Page_KiboPush  Dashboard/span_Polls' is clicked on

2019-04-24 12:50:17 - [TEST_STEP][PASSED] - delay: Delayed 1 second(s)

2019-04-24 12:50:18 - [MESSAGE][PASSED] - Delayed 1 second(s)

2019-04-24 12:50:18 - [TEST_STEP][PASSED] - click: Object: 'Object Repository/Page_KiboPush  Dashboard/span_Broadcasts' is clicked on

2019-04-24 12:50:18 - [MESSAGE][PASSED] - Object: 'Object Repository/Page_KiboPush  Dashboard/span_Broadcasts' is clicked on

2019-04-24 12:50:18 - [TEST_STEP][PASSED] - delay: Delayed 1 second(s)

2019-04-24 12:50:19 - [MESSAGE][PASSED] - Delayed 1 second(s)

2019-04-24 12:50:19 - [TEST_STEP][PASSED] - scrollToPosition: Browser is scrolled to position x = 0, y = 0

2019-04-24 12:50:19 - [MESSAGE][PASSED] - Browser is scrolled to position x = 0, y = 0

2019-04-24 12:50:19 - [TEST_STEP][PASSED] - click: Object: 'Object Repository/Page_KiboPush  Broadcast/h3_Manage Broadcasts' is clicked on

2019-04-24 12:50:19 - [MESSAGE][PASSED] - Object: 'Object Repository/Page_KiboPush  Broadcast/h3_Manage Broadcasts' is clicked on

2019-04-24 12:50:19 - [MESSAGE][PASSED] - Call Test Case 'Test Cases/s-sidebar_navigation/individualAccount/broadcast' successfully

2019-04-24 12:50:19 - [MESSAGE][PASSED] - Call Test Case 'Test Cases/s-sidebar_navigation/TeamAccount/Broadcasts' successfully

2019-04-24 12:50:19 - [TEST_STEP][PASSED] - click: Object: 'Object Repository/Page_KiboPush  Broadcast/span_Create New Broadcast' is clicked on

2019-04-24 12:50:19 - [MESSAGE][PASSED] - Object: 'Object Repository/Page_KiboPush  Broadcast/span_Create New Broadcast' is clicked on

2019-04-24 12:50:19 - [TEST_STEP][PASSED] - click: Object: 'Object Repository/Page_KiboPush  Broadcast/a_Create New Broadcast' is clicked on

2019-04-24 12:50:20 - [MESSAGE][PASSED] - Object: 'Object Repository/Page_KiboPush  Broadcast/a_Create New Broadcast' is clicked on

2019-04-24 12:50:20 - [TEST_STEP][PASSED] - delay: Delayed 1 second(s)

2019-04-24 12:50:21 - [MESSAGE][PASSED] - Delayed 1 second(s)

2019-04-24 12:50:21 - [TEST_STEP][PASSED] - click: Object: 'Object Repository/Page_KiboPush  Create Broadcast/div_Text_1' is clicked on

2019-04-24 12:50:21 - [MESSAGE][PASSED] - Object: 'Object Repository/Page_KiboPush  Create Broadcast/div_Text_1' is clicked on

2019-04-24 12:50:21 - [TEST_STEP][PASSED] - scrollToPosition: Browser is scrolled to position x = 0, y = 0

2019-04-24 12:50:21 - [MESSAGE][PASSED] - Browser is scrolled to position x = 0, y = 0

2019-04-24 12:50:21 - [TEST_STEP][PASSED] - delay: Delayed 3 second(s)

2019-04-24 12:50:24 - [MESSAGE][PASSED] - Delayed 3 second(s)

2019-04-24 12:50:24 - [TEST_STEP][PASSED] - click: Object: 'Object Repository/Page_KiboPush  Create Broadcast/button_Next' is clicked on

2019-04-24 12:50:25 - [MESSAGE][PASSED] - Object: 'Object Repository/Page_KiboPush  Create Broadcast/button_Next' is clicked on

2019-04-24 12:50:25 - [TEST_STEP][PASSED] - delay: Delayed 3 second(s)

2019-04-24 12:50:28 - [MESSAGE][PASSED] - Delayed 3 second(s)

2019-04-24 12:50:28 - [TEST_STEP][PASSED] - click: Object: 'Object Repository/Page_KiboPush  Create Broadcast/div_Text cannot be empty' is clicked on

2019-04-24 12:50:28 - [MESSAGE][PASSED] - Object: 'Object Repository/Page_KiboPush  Create Broadcast/div_Text cannot be empty' is clicked on]]></system-out>
         <system-err><![CDATA[]]></system-err>
      </testcase>
      <testcase name="Test Cases/Broadcasts/TC0133" classname="Test Cases/Broadcasts/TC0133" status="PASSED">
         <system-out><![CDATA[2019-04-24 12:50:28 - [TEST_CASE][PASSED] - Test Cases/Broadcasts/TC0133: Test Cases/Broadcasts/TC0133

2019-04-24 12:50:28 - [TEST_STEP][PASSED] - callTestCase: Call Test Case 'Test Cases/s-sidebar_navigation/TeamAccount/Broadcasts' successfully

2019-04-24 12:50:28 - [TEST_CASE][PASSED] - Test Cases/s-sidebar_navigation/TeamAccount/Broadcasts: Test Cases/s-sidebar_navigation/TeamAccount/Broadcasts

2019-04-24 12:50:28 - [TEST_STEP][PASSED] - callTestCase: Call Test Case 'Test Cases/s-sidebar_navigation/individualAccount/broadcast' successfully

2019-04-24 12:50:28 - [TEST_CASE][PASSED] - Test Cases/s-sidebar_navigation/individualAccount/broadcast: Test Cases/s-sidebar_navigation/individualAccount/broadcast

2019-04-24 12:50:28 - [TEST_STEP][PASSED] - click: Object: 'Object Repository/Page_KiboPush  Dashboard/span_Polls' is clicked on

2019-04-24 12:50:28 - [MESSAGE][PASSED] - Object: 'Object Repository/Page_KiboPush  Dashboard/span_Polls' is clicked on

2019-04-24 12:50:28 - [TEST_STEP][PASSED] - delay: Delayed 1 second(s)

2019-04-24 12:50:29 - [MESSAGE][PASSED] - Delayed 1 second(s)

2019-04-24 12:50:29 - [TEST_STEP][PASSED] - click: Object: 'Object Repository/Page_KiboPush  Dashboard/span_Broadcasts' is clicked on

2019-04-24 12:50:30 - [MESSAGE][PASSED] - Object: 'Object Repository/Page_KiboPush  Dashboard/span_Broadcasts' is clicked on

2019-04-24 12:50:30 - [TEST_STEP][PASSED] - delay: Delayed 1 second(s)

2019-04-24 12:50:31 - [MESSAGE][PASSED] - Delayed 1 second(s)

2019-04-24 12:50:31 - [TEST_STEP][PASSED] - scrollToPosition: Browser is scrolled to position x = 0, y = 0

2019-04-24 12:50:31 - [MESSAGE][PASSED] - Browser is scrolled to position x = 0, y = 0

2019-04-24 12:50:31 - [TEST_STEP][PASSED] - click: Object: 'Object Repository/Page_KiboPush  Broadcast/h3_Manage Broadcasts' is clicked on

2019-04-24 12:50:31 - [MESSAGE][PASSED] - Object: 'Object Repository/Page_KiboPush  Broadcast/h3_Manage Broadcasts' is clicked on

2019-04-24 12:50:31 - [MESSAGE][PASSED] - Call Test Case 'Test Cases/s-sidebar_navigation/individualAccount/broadcast' successfully

2019-04-24 12:50:31 - [MESSAGE][PASSED] - Call Test Case 'Test Cases/s-sidebar_navigation/TeamAccount/Broadcasts' successfully

2019-04-24 12:50:31 - [TEST_STEP][PASSED] - click: Object: 'Object Repository/Page_KiboPush  Broadcast/span_Create New Broadcast' is clicked on

2019-04-24 12:50:31 - [MESSAGE][PASSED] - Object: 'Object Repository/Page_KiboPush  Broadcast/span_Create New Broadcast' is clicked on

2019-04-24 12:50:31 - [TEST_STEP][PASSED] - click: Object: 'Object Repository/Page_KiboPush  Broadcast/a_Create New Broadcast' is clicked on

2019-04-24 12:50:32 - [MESSAGE][PASSED] - Object: 'Object Repository/Page_KiboPush  Broadcast/a_Create New Broadcast' is clicked on

2019-04-24 12:50:32 - [TEST_STEP][PASSED] - delay: Delayed 1 second(s)

2019-04-24 12:50:33 - [MESSAGE][PASSED] - Delayed 1 second(s)

2019-04-24 12:50:33 - [TEST_STEP][PASSED] - click: Object: 'Object Repository/Page_KiboPush  Create Broadcast/div_Text' is clicked on

2019-04-24 12:50:33 - [MESSAGE][PASSED] - Object: 'Object Repository/Page_KiboPush  Create Broadcast/div_Text' is clicked on

2019-04-24 12:50:33 - [TEST_STEP][PASSED] - click: Object: 'Object Repository/Page_KiboPush  Create Broadcast/div_ Add Button' is clicked on

2019-04-24 12:50:33 - [MESSAGE][PASSED] - Object: 'Object Repository/Page_KiboPush  Create Broadcast/div_ Add Button' is clicked on

2019-04-24 12:50:33 - [TEST_STEP][PASSED] - setText: Text 'KiboPush' is set on object 'Object Repository/Page_KiboPush  Create Broadcast/input_form-control (9)'

2019-04-24 12:50:33 - [MESSAGE][PASSED] - Text 'KiboPush' is set on object 'Object Repository/Page_KiboPush  Create Broadcast/input_form-control (9)'

2019-04-24 12:50:33 - [TEST_STEP][PASSED] - click: Object: 'Object Repository/Page_KiboPush  Create Broadcast/div_Open a website (5)' is clicked on

2019-04-24 12:50:34 - [MESSAGE][PASSED] - Object: 'Object Repository/Page_KiboPush  Create Broadcast/div_Open a website (5)' is clicked on

2019-04-24 12:50:34 - [TEST_STEP][PASSED] - setText: Text 'kibopush.com' is set on object 'Object Repository/Page_KiboPush  Create Broadcast/input_form-control_1 (5)'

2019-04-24 12:50:34 - [MESSAGE][PASSED] - Text 'kibopush.com' is set on object 'Object Repository/Page_KiboPush  Create Broadcast/input_form-control_1 (5)'

2019-04-24 12:50:34 - [TEST_STEP][PASSED] - click: Object: 'Object Repository/Page_KiboPush  Create Broadcast/button_Done (5)' is clicked on

2019-04-24 12:50:35 - [MESSAGE][PASSED] - Object: 'Object Repository/Page_KiboPush  Create Broadcast/button_Done (5)' is clicked on]]></system-out>
         <system-err><![CDATA[]]></system-err>
      </testcase>
      <testcase name="Test Cases/Broadcasts/TC0137" classname="Test Cases/Broadcasts/TC0137" status="FAILED">
         <failure type="FAILED" message="Unable to click on object 'Object Repository/Page_KiboPush  Create Broadcast/div_Image (2)' (Root cause: org.openqa.selenium.WebDriverException: unknown error: Element &lt;div class=&quot;col-3&quot;>...&lt;/div> is not clickable at point (494, 404). Other element would receive the click: &lt;div style=&quot;opacity: 0; overflow-y: auto; position: absolute; top: 0px; left: 0px; height: 100%; width: 100%; transition: opacity 0.3s ease 0s; cursor: pointer;&quot;>...&lt;/div>
  (Session info: chrome=73.0.3683.103)
  (Driver info: chromedriver=2.35.528161 (5b82f2d2aae0ca24b877009200ced9065a772e73),platform=Windows NT 10.0.17134 x86_64) (WARNING: The server did not provide any stacktrace information)
Command duration or timeout: 0 milliseconds
Build info: version: '3.7.1', revision: '8a0099a', time: '2017-11-06T21:07:36.161Z'
System info: host: 'DESKTOP-4M6R1V0', ip: '10.0.2.15', os.name: 'Windows 10', os.arch: 'amd64', os.version: '10.0', java.version: '1.8.0_181'
Driver info: com.kms.katalon.selenium.driver.CChromeDriver
Capabilities {acceptInsecureCerts: false, acceptSslCerts: false, applicationCacheEnabled: false, browserConnectionEnabled: false, browserName: chrome, chrome: {chromedriverVersion: 2.35.528161 (5b82f2d2aae0ca..., userDataDir: C:\Users\CLOUDK~1\AppData\L...}, cssSelectorsEnabled: true, databaseEnabled: false, handlesAlerts: true, hasTouchScreen: false, javascriptEnabled: true, locationContextEnabled: true, mobileEmulationEnabled: false, nativeEvents: true, networkConnectionEnabled: false, pageLoadStrategy: normal, platform: XP, platformName: XP, rotatable: false, setWindowRect: true, takesHeapSnapshot: true, takesScreenshot: true, unexpectedAlertBehaviour: , unhandledPromptBehavior: , version: 73.0.3683.103, webStorageEnabled: true}
Session ID: 210afccab35ba39d826066a22fd9f830)"/>
         <system-out><![CDATA[2019-04-24 12:50:35 - [TEST_CASE][FAILED] - Test Cases/Broadcasts/TC0137: Test Cases/Broadcasts/TC0137 FAILED because (of) Unable to click on object 'Object Repository/Page_KiboPush  Create Broadcast/div_Image (2)' (Root cause: org.openqa.selenium.WebDriverException: unknown error: Element <div class="col-3">...</div> is not clickable at point (494, 404). Other element would receive the click: <div style="opacity: 0; overflow-y: auto; position: absolute; top: 0px; left: 0px; height: 100%; width: 100%; transition: opacity 0.3s ease 0s; cursor: pointer;">...</div>
  (Session info: chrome=73.0.3683.103)
  (Driver info: chromedriver=2.35.528161 (5b82f2d2aae0ca24b877009200ced9065a772e73),platform=Windows NT 10.0.17134 x86_64) (WARNING: The server did not provide any stacktrace information)
Command duration or timeout: 0 milliseconds
Build info: version: '3.7.1', revision: '8a0099a', time: '2017-11-06T21:07:36.161Z'
System info: host: 'DESKTOP-4M6R1V0', ip: '10.0.2.15', os.name: 'Windows 10', os.arch: 'amd64', os.version: '10.0', java.version: '1.8.0_181'
Driver info: com.kms.katalon.selenium.driver.CChromeDriver
Capabilities {acceptInsecureCerts: false, acceptSslCerts: false, applicationCacheEnabled: false, browserConnectionEnabled: false, browserName: chrome, chrome: {chromedriverVersion: 2.35.528161 (5b82f2d2aae0ca..., userDataDir: C:\Users\CLOUDK~1\AppData\L...}, cssSelectorsEnabled: true, databaseEnabled: false, handlesAlerts: true, hasTouchScreen: false, javascriptEnabled: true, locationContextEnabled: true, mobileEmulationEnabled: false, nativeEvents: true, networkConnectionEnabled: false, pageLoadStrategy: normal, platform: XP, platformName: XP, rotatable: false, setWindowRect: true, takesHeapSnapshot: true, takesScreenshot: true, unexpectedAlertBehaviour: , unhandledPromptBehavior: , version: 73.0.3683.103, webStorageEnabled: true}
Session ID: 210afccab35ba39d826066a22fd9f830)

2019-04-24 12:50:35 - [TEST_STEP][PASSED] - callTestCase: Call Test Case 'Test Cases/s-sidebar_navigation/TeamAccount/Broadcasts' successfully

2019-04-24 12:50:35 - [TEST_CASE][PASSED] - Test Cases/s-sidebar_navigation/TeamAccount/Broadcasts: Test Cases/s-sidebar_navigation/TeamAccount/Broadcasts

2019-04-24 12:50:35 - [TEST_STEP][PASSED] - callTestCase: Call Test Case 'Test Cases/s-sidebar_navigation/individualAccount/broadcast' successfully

2019-04-24 12:50:35 - [TEST_CASE][PASSED] - Test Cases/s-sidebar_navigation/individualAccount/broadcast: Test Cases/s-sidebar_navigation/individualAccount/broadcast

2019-04-24 12:50:35 - [TEST_STEP][PASSED] - click: Object: 'Object Repository/Page_KiboPush  Dashboard/span_Polls' is clicked on

2019-04-24 12:50:35 - [MESSAGE][PASSED] - Object: 'Object Repository/Page_KiboPush  Dashboard/span_Polls' is clicked on

2019-04-24 12:50:35 - [TEST_STEP][PASSED] - delay: Delayed 1 second(s)

2019-04-24 12:50:36 - [MESSAGE][PASSED] - Delayed 1 second(s)

2019-04-24 12:50:36 - [TEST_STEP][PASSED] - click: Object: 'Object Repository/Page_KiboPush  Dashboard/span_Broadcasts' is clicked on

2019-04-24 12:50:37 - [MESSAGE][PASSED] - Object: 'Object Repository/Page_KiboPush  Dashboard/span_Broadcasts' is clicked on

2019-04-24 12:50:37 - [TEST_STEP][PASSED] - delay: Delayed 1 second(s)

2019-04-24 12:50:38 - [MESSAGE][PASSED] - Delayed 1 second(s)

2019-04-24 12:50:38 - [TEST_STEP][PASSED] - scrollToPosition: Browser is scrolled to position x = 0, y = 0

2019-04-24 12:50:38 - [MESSAGE][PASSED] - Browser is scrolled to position x = 0, y = 0

2019-04-24 12:50:38 - [TEST_STEP][PASSED] - click: Object: 'Object Repository/Page_KiboPush  Broadcast/h3_Manage Broadcasts' is clicked on

2019-04-24 12:50:38 - [MESSAGE][PASSED] - Object: 'Object Repository/Page_KiboPush  Broadcast/h3_Manage Broadcasts' is clicked on

2019-04-24 12:50:38 - [MESSAGE][PASSED] - Call Test Case 'Test Cases/s-sidebar_navigation/individualAccount/broadcast' successfully

2019-04-24 12:50:38 - [MESSAGE][PASSED] - Call Test Case 'Test Cases/s-sidebar_navigation/TeamAccount/Broadcasts' successfully

2019-04-24 12:50:38 - [TEST_STEP][PASSED] - click: Object: 'Object Repository/Page_KiboPush  Broadcast/span_Create New Broadcast' is clicked on

2019-04-24 12:50:38 - [MESSAGE][PASSED] - Object: 'Object Repository/Page_KiboPush  Broadcast/span_Create New Broadcast' is clicked on

2019-04-24 12:50:38 - [TEST_STEP][PASSED] - click: Object: 'Object Repository/Page_KiboPush  Broadcast/a_Create New Broadcast' is clicked on

2019-04-24 12:50:38 - [MESSAGE][PASSED] - Object: 'Object Repository/Page_KiboPush  Broadcast/a_Create New Broadcast' is clicked on

2019-04-24 12:50:38 - [TEST_STEP][PASSED] - delay: Delayed 1 second(s)

2019-04-24 12:50:39 - [MESSAGE][PASSED] - Delayed 1 second(s)

2019-04-24 12:50:39 - [TEST_STEP][FAILED] - click: Unable to click on object 'Object Repository/Page_KiboPush  Create Broadcast/div_Image (2)' (Root cause: org.openqa.selenium.WebDriverException: unknown error: Element <div class="col-3">...</div> is not clickable at point (494, 404). Other element would receive the click: <div style="opacity: 0; overflow-y: auto; position: absolute; top: 0px; left: 0px; height: 100%; width: 100%; transition: opacity 0.3s ease 0s; cursor: pointer;">...</div>
  (Session info: chrome=73.0.3683.103)
  (Driver info: chromedriver=2.35.528161 (5b82f2d2aae0ca24b877009200ced9065a772e73),platform=Windows NT 10.0.17134 x86_64) (WARNING: The server did not provide any stacktrace information)
Command duration or timeout: 0 milliseconds
Build info: version: '3.7.1', revision: '8a0099a', time: '2017-11-06T21:07:36.161Z'
System info: host: 'DESKTOP-4M6R1V0', ip: '10.0.2.15', os.name: 'Windows 10', os.arch: 'amd64', os.version: '10.0', java.version: '1.8.0_181'
Driver info: com.kms.katalon.selenium.driver.CChromeDriver
Capabilities {acceptInsecureCerts: false, acceptSslCerts: false, applicationCacheEnabled: false, browserConnectionEnabled: false, browserName: chrome, chrome: {chromedriverVersion: 2.35.528161 (5b82f2d2aae0ca..., userDataDir: C:\Users\CLOUDK~1\AppData\L...}, cssSelectorsEnabled: true, databaseEnabled: false, handlesAlerts: true, hasTouchScreen: false, javascriptEnabled: true, locationContextEnabled: true, mobileEmulationEnabled: false, nativeEvents: true, networkConnectionEnabled: false, pageLoadStrategy: normal, platform: XP, platformName: XP, rotatable: false, setWindowRect: true, takesHeapSnapshot: true, takesScreenshot: true, unexpectedAlertBehaviour: , unhandledPromptBehavior: , version: 73.0.3683.103, webStorageEnabled: true}
Session ID: 210afccab35ba39d826066a22fd9f830)

2019-04-24 12:50:40 - [MESSAGE][FAILED] - Unable to click on object 'Object Repository/Page_KiboPush  Create Broadcast/div_Image (2)' (Root cause: org.openqa.selenium.WebDriverException: unknown error: Element <div class="col-3">...</div> is not clickable at point (494, 404). Other element would receive the click: <div style="opacity: 0; overflow-y: auto; position: absolute; top: 0px; left: 0px; height: 100%; width: 100%; transition: opacity 0.3s ease 0s; cursor: pointer;">...</div>
  (Session info: chrome=73.0.3683.103)
  (Driver info: chromedriver=2.35.528161 (5b82f2d2aae0ca24b877009200ced9065a772e73),platform=Windows NT 10.0.17134 x86_64) (WARNING: The server did not provide any stacktrace information)
Command duration or timeout: 0 milliseconds
Build info: version: '3.7.1', revision: '8a0099a', time: '2017-11-06T21:07:36.161Z'
System info: host: 'DESKTOP-4M6R1V0', ip: '10.0.2.15', os.name: 'Windows 10', os.arch: 'amd64', os.version: '10.0', java.version: '1.8.0_181'
Driver info: com.kms.katalon.selenium.driver.CChromeDriver
Capabilities {acceptInsecureCerts: false, acceptSslCerts: false, applicationCacheEnabled: false, browserConnectionEnabled: false, browserName: chrome, chrome: {chromedriverVersion: 2.35.528161 (5b82f2d2aae0ca..., userDataDir: C:\Users\CLOUDK~1\AppData\L...}, cssSelectorsEnabled: true, databaseEnabled: false, handlesAlerts: true, hasTouchScreen: false, javascriptEnabled: true, locationContextEnabled: true, mobileEmulationEnabled: false, nativeEvents: true, networkConnectionEnabled: false, pageLoadStrategy: normal, platform: XP, platformName: XP, rotatable: false, setWindowRect: true, takesHeapSnapshot: true, takesScreenshot: true, unexpectedAlertBehaviour: , unhandledPromptBehavior: , version: 73.0.3683.103, webStorageEnabled: true}
Session ID: 210afccab35ba39d826066a22fd9f830)
[[ATTACHMENT|C:\\Users\\cloudkibo\\Desktop\\KiboPush_Automated_Testing\\KiboPush Katalon\\Reports\\broadcast\\20190424_124145\\1556092239949.png]]]]></system-out>
         <system-err><![CDATA[2019-04-24 12:50:35 - [TEST_CASE][FAILED] - Test Cases/Broadcasts/TC0137: Test Cases/Broadcasts/TC0137 FAILED because (of) Unable to click on object 'Object Repository/Page_KiboPush  Create Broadcast/div_Image (2)' (Root cause: org.openqa.selenium.WebDriverException: unknown error: Element <div class="col-3">...</div> is not clickable at point (494, 404). Other element would receive the click: <div style="opacity: 0; overflow-y: auto; position: absolute; top: 0px; left: 0px; height: 100%; width: 100%; transition: opacity 0.3s ease 0s; cursor: pointer;">...</div>
  (Session info: chrome=73.0.3683.103)
  (Driver info: chromedriver=2.35.528161 (5b82f2d2aae0ca24b877009200ced9065a772e73),platform=Windows NT 10.0.17134 x86_64) (WARNING: The server did not provide any stacktrace information)
Command duration or timeout: 0 milliseconds
Build info: version: '3.7.1', revision: '8a0099a', time: '2017-11-06T21:07:36.161Z'
System info: host: 'DESKTOP-4M6R1V0', ip: '10.0.2.15', os.name: 'Windows 10', os.arch: 'amd64', os.version: '10.0', java.version: '1.8.0_181'
Driver info: com.kms.katalon.selenium.driver.CChromeDriver
Capabilities {acceptInsecureCerts: false, acceptSslCerts: false, applicationCacheEnabled: false, browserConnectionEnabled: false, browserName: chrome, chrome: {chromedriverVersion: 2.35.528161 (5b82f2d2aae0ca..., userDataDir: C:\Users\CLOUDK~1\AppData\L...}, cssSelectorsEnabled: true, databaseEnabled: false, handlesAlerts: true, hasTouchScreen: false, javascriptEnabled: true, locationContextEnabled: true, mobileEmulationEnabled: false, nativeEvents: true, networkConnectionEnabled: false, pageLoadStrategy: normal, platform: XP, platformName: XP, rotatable: false, setWindowRect: true, takesHeapSnapshot: true, takesScreenshot: true, unexpectedAlertBehaviour: , unhandledPromptBehavior: , version: 73.0.3683.103, webStorageEnabled: true}
Session ID: 210afccab35ba39d826066a22fd9f830)]]></system-err>
      </testcase>
      <testcase name="Test Cases/Broadcasts/TC0138" classname="Test Cases/Broadcasts/TC0138" status="PASSED">
         <system-out><![CDATA[2019-04-24 12:50:40 - [TEST_CASE][PASSED] - Test Cases/Broadcasts/TC0138: Test Cases/Broadcasts/TC0138

2019-04-24 12:50:40 - [TEST_STEP][PASSED] - callTestCase: Call Test Case 'Test Cases/s-sidebar_navigation/TeamAccount/Broadcasts' successfully

2019-04-24 12:50:40 - [TEST_CASE][PASSED] - Test Cases/s-sidebar_navigation/TeamAccount/Broadcasts: Test Cases/s-sidebar_navigation/TeamAccount/Broadcasts

2019-04-24 12:50:41 - [TEST_STEP][PASSED] - callTestCase: Call Test Case 'Test Cases/s-sidebar_navigation/individualAccount/broadcast' successfully

2019-04-24 12:50:41 - [TEST_CASE][PASSED] - Test Cases/s-sidebar_navigation/individualAccount/broadcast: Test Cases/s-sidebar_navigation/individualAccount/broadcast

2019-04-24 12:50:41 - [TEST_STEP][PASSED] - click: Object: 'Object Repository/Page_KiboPush  Dashboard/span_Polls' is clicked on

2019-04-24 12:50:41 - [MESSAGE][PASSED] - Object: 'Object Repository/Page_KiboPush  Dashboard/span_Polls' is clicked on

2019-04-24 12:50:41 - [TEST_STEP][PASSED] - delay: Delayed 1 second(s)

2019-04-24 12:50:42 - [MESSAGE][PASSED] - Delayed 1 second(s)

2019-04-24 12:50:42 - [TEST_STEP][PASSED] - click: Object: 'Object Repository/Page_KiboPush  Dashboard/span_Broadcasts' is clicked on

2019-04-24 12:50:43 - [MESSAGE][PASSED] - Object: 'Object Repository/Page_KiboPush  Dashboard/span_Broadcasts' is clicked on

2019-04-24 12:50:43 - [TEST_STEP][PASSED] - delay: Delayed 1 second(s)

2019-04-24 12:50:44 - [MESSAGE][PASSED] - Delayed 1 second(s)

2019-04-24 12:50:44 - [TEST_STEP][PASSED] - scrollToPosition: Browser is scrolled to position x = 0, y = 0

2019-04-24 12:50:44 - [MESSAGE][PASSED] - Browser is scrolled to position x = 0, y = 0

2019-04-24 12:50:44 - [TEST_STEP][PASSED] - click: Object: 'Object Repository/Page_KiboPush  Broadcast/h3_Manage Broadcasts' is clicked on

2019-04-24 12:50:44 - [MESSAGE][PASSED] - Object: 'Object Repository/Page_KiboPush  Broadcast/h3_Manage Broadcasts' is clicked on

2019-04-24 12:50:44 - [MESSAGE][PASSED] - Call Test Case 'Test Cases/s-sidebar_navigation/individualAccount/broadcast' successfully

2019-04-24 12:50:44 - [MESSAGE][PASSED] - Call Test Case 'Test Cases/s-sidebar_navigation/TeamAccount/Broadcasts' successfully

2019-04-24 12:50:44 - [TEST_STEP][PASSED] - click: Object: 'Object Repository/Page_KiboPush  Broadcast/span_Create New Broadcast (5)' is clicked on

2019-04-24 12:50:44 - [MESSAGE][PASSED] - Object: 'Object Repository/Page_KiboPush  Broadcast/span_Create New Broadcast (5)' is clicked on

2019-04-24 12:50:44 - [TEST_STEP][PASSED] - click: Object: 'Object Repository/Page_KiboPush  Broadcast/a_Create New Broadcast (3)' is clicked on

2019-04-24 12:50:45 - [MESSAGE][PASSED] - Object: 'Object Repository/Page_KiboPush  Broadcast/a_Create New Broadcast (3)' is clicked on

2019-04-24 12:50:45 - [TEST_STEP][PASSED] - delay: Delayed 1 second(s)

2019-04-24 12:50:46 - [MESSAGE][PASSED] - Delayed 1 second(s)

2019-04-24 12:50:46 - [TEST_STEP][PASSED] - click: Object: 'Object Repository/Page_KiboPush  Create Broadcast/div_Image (3) (1)' is clicked on

2019-04-24 12:50:46 - [MESSAGE][PASSED] - Object: 'Object Repository/Page_KiboPush  Create Broadcast/div_Image (3) (1)' is clicked on

2019-04-24 12:50:46 - [TEST_STEP][PASSED] - delay: Delayed 3 second(s)

2019-04-24 12:50:49 - [MESSAGE][PASSED] - Delayed 3 second(s)

2019-04-24 12:50:49 - [TEST_STEP][PASSED] - click: Object: 'Object Repository/Page_KiboPush  Create Broadcast/button_Next (1) (1)' is clicked on

2019-04-24 12:50:49 - [MESSAGE][PASSED] - Object: 'Object Repository/Page_KiboPush  Create Broadcast/button_Next (1) (1)' is clicked on

2019-04-24 12:50:49 - [TEST_STEP][PASSED] - delay: Delayed 3 second(s)

2019-04-24 12:50:52 - [MESSAGE][PASSED] - Delayed 3 second(s)

2019-04-24 12:50:52 - [TEST_STEP][PASSED] - click: Object: 'Object Repository/Page_KiboEngage  Create Broadcast/div_Select a valid image' is clicked on

2019-04-24 12:50:52 - [MESSAGE][PASSED] - Object: 'Object Repository/Page_KiboEngage  Create Broadcast/div_Select a valid image' is clicked on]]></system-out>
         <system-err><![CDATA[]]></system-err>
      </testcase>
      <testcase name="Test Cases/Broadcasts/TC0139" classname="Test Cases/Broadcasts/TC0139" status="PASSED">
         <system-out><![CDATA[2019-04-24 12:50:52 - [TEST_CASE][PASSED] - Test Cases/Broadcasts/TC0139: Test Cases/Broadcasts/TC0139

2019-04-24 12:50:52 - [TEST_STEP][PASSED] - callTestCase: Call Test Case 'Test Cases/s-sidebar_navigation/TeamAccount/Broadcasts' successfully

2019-04-24 12:50:52 - [TEST_CASE][PASSED] - Test Cases/s-sidebar_navigation/TeamAccount/Broadcasts: Test Cases/s-sidebar_navigation/TeamAccount/Broadcasts

2019-04-24 12:50:52 - [TEST_STEP][PASSED] - callTestCase: Call Test Case 'Test Cases/s-sidebar_navigation/individualAccount/broadcast' successfully

2019-04-24 12:50:52 - [TEST_CASE][PASSED] - Test Cases/s-sidebar_navigation/individualAccount/broadcast: Test Cases/s-sidebar_navigation/individualAccount/broadcast

2019-04-24 12:50:52 - [TEST_STEP][PASSED] - click: Object: 'Object Repository/Page_KiboPush  Dashboard/span_Polls' is clicked on

2019-04-24 12:50:53 - [MESSAGE][PASSED] - Object: 'Object Repository/Page_KiboPush  Dashboard/span_Polls' is clicked on

2019-04-24 12:50:53 - [TEST_STEP][PASSED] - delay: Delayed 1 second(s)

2019-04-24 12:50:54 - [MESSAGE][PASSED] - Delayed 1 second(s)

2019-04-24 12:50:54 - [TEST_STEP][PASSED] - click: Object: 'Object Repository/Page_KiboPush  Dashboard/span_Broadcasts' is clicked on

2019-04-24 12:50:54 - [MESSAGE][PASSED] - Object: 'Object Repository/Page_KiboPush  Dashboard/span_Broadcasts' is clicked on

2019-04-24 12:50:54 - [TEST_STEP][PASSED] - delay: Delayed 1 second(s)

2019-04-24 12:50:55 - [MESSAGE][PASSED] - Delayed 1 second(s)

2019-04-24 12:50:55 - [TEST_STEP][PASSED] - scrollToPosition: Browser is scrolled to position x = 0, y = 0

2019-04-24 12:50:55 - [MESSAGE][PASSED] - Browser is scrolled to position x = 0, y = 0

2019-04-24 12:50:55 - [TEST_STEP][PASSED] - click: Object: 'Object Repository/Page_KiboPush  Broadcast/h3_Manage Broadcasts' is clicked on

2019-04-24 12:50:55 - [MESSAGE][PASSED] - Object: 'Object Repository/Page_KiboPush  Broadcast/h3_Manage Broadcasts' is clicked on

2019-04-24 12:50:55 - [MESSAGE][PASSED] - Call Test Case 'Test Cases/s-sidebar_navigation/individualAccount/broadcast' successfully

2019-04-24 12:50:55 - [MESSAGE][PASSED] - Call Test Case 'Test Cases/s-sidebar_navigation/TeamAccount/Broadcasts' successfully

2019-04-24 12:50:55 - [TEST_STEP][PASSED] - click: Object: 'Object Repository/Page_KiboPush  Broadcast/span_Create New Broadcast' is clicked on

2019-04-24 12:50:55 - [MESSAGE][PASSED] - Object: 'Object Repository/Page_KiboPush  Broadcast/span_Create New Broadcast' is clicked on

2019-04-24 12:50:55 - [TEST_STEP][PASSED] - click: Object: 'Object Repository/Page_KiboPush  Broadcast/a_Create New Broadcast' is clicked on

2019-04-24 12:50:56 - [MESSAGE][PASSED] - Object: 'Object Repository/Page_KiboPush  Broadcast/a_Create New Broadcast' is clicked on

2019-04-24 12:50:56 - [TEST_STEP][PASSED] - delay: Delayed 1 second(s)

2019-04-24 12:50:57 - [MESSAGE][PASSED] - Delayed 1 second(s)

2019-04-24 12:50:57 - [TEST_STEP][PASSED] - click: Object: 'Object Repository/Page_KiboPush  Create Broadcast/div_Image (1)' is clicked on

2019-04-24 12:50:58 - [MESSAGE][PASSED] - Object: 'Object Repository/Page_KiboPush  Create Broadcast/div_Image (1)' is clicked on

2019-04-24 12:50:58 - [TEST_STEP][PASSED] - delay: Delayed 1 second(s)

2019-04-24 12:50:59 - [MESSAGE][PASSED] - Delayed 1 second(s)

2019-04-24 12:50:59 - [TEST_STEP][PASSED] - Statement - driver = com.kms.katalon.core.webui.driver.DriverFactory.getWebDriver(): null

2019-04-24 12:50:59 - [TEST_STEP][PASSED] - Statement - upload = driver.findElement(org.openqa.selenium.By.xpath("//input[@type='file']")): null

2019-04-24 12:50:59 - [TEST_STEP][PASSED] - Statement - img = com.kms.katalon.core.configuration.RunConfiguration.getProjectDir() + "/sample.jpg": null

2019-04-24 12:50:59 - [TEST_STEP][PASSED] - Statement - upload.sendKeys(img): null

2019-04-24 12:50:59 - [TEST_STEP][PASSED] - delay: Delayed 5 second(s)

2019-04-24 12:51:04 - [MESSAGE][PASSED] - Delayed 5 second(s)]]></system-out>
         <system-err><![CDATA[]]></system-err>
      </testcase>
      <testcase name="Test Cases/Broadcasts/TC0141" classname="Test Cases/Broadcasts/TC0141" status="PASSED">
         <system-out><![CDATA[2019-04-24 12:51:04 - [TEST_CASE][PASSED] - Test Cases/Broadcasts/TC0141: Test Cases/Broadcasts/TC0141

2019-04-24 12:51:04 - [TEST_STEP][PASSED] - callTestCase: Call Test Case 'Test Cases/s-sidebar_navigation/TeamAccount/Broadcasts' successfully

2019-04-24 12:51:04 - [TEST_CASE][PASSED] - Test Cases/s-sidebar_navigation/TeamAccount/Broadcasts: Test Cases/s-sidebar_navigation/TeamAccount/Broadcasts

2019-04-24 12:51:04 - [TEST_STEP][PASSED] - callTestCase: Call Test Case 'Test Cases/s-sidebar_navigation/individualAccount/broadcast' successfully

2019-04-24 12:51:04 - [TEST_CASE][PASSED] - Test Cases/s-sidebar_navigation/individualAccount/broadcast: Test Cases/s-sidebar_navigation/individualAccount/broadcast

2019-04-24 12:51:04 - [TEST_STEP][PASSED] - click: Object: 'Object Repository/Page_KiboPush  Dashboard/span_Polls' is clicked on

2019-04-24 12:51:05 - [MESSAGE][PASSED] - Object: 'Object Repository/Page_KiboPush  Dashboard/span_Polls' is clicked on

2019-04-24 12:51:05 - [TEST_STEP][PASSED] - delay: Delayed 1 second(s)

2019-04-24 12:51:06 - [MESSAGE][PASSED] - Delayed 1 second(s)

2019-04-24 12:51:06 - [TEST_STEP][PASSED] - click: Object: 'Object Repository/Page_KiboPush  Dashboard/span_Broadcasts' is clicked on

2019-04-24 12:51:06 - [MESSAGE][PASSED] - Object: 'Object Repository/Page_KiboPush  Dashboard/span_Broadcasts' is clicked on

2019-04-24 12:51:06 - [TEST_STEP][PASSED] - delay: Delayed 1 second(s)

2019-04-24 12:51:07 - [MESSAGE][PASSED] - Delayed 1 second(s)

2019-04-24 12:51:07 - [TEST_STEP][PASSED] - scrollToPosition: Browser is scrolled to position x = 0, y = 0

2019-04-24 12:51:07 - [MESSAGE][PASSED] - Browser is scrolled to position x = 0, y = 0

2019-04-24 12:51:07 - [TEST_STEP][PASSED] - click: Object: 'Object Repository/Page_KiboPush  Broadcast/h3_Manage Broadcasts' is clicked on

2019-04-24 12:51:07 - [MESSAGE][PASSED] - Object: 'Object Repository/Page_KiboPush  Broadcast/h3_Manage Broadcasts' is clicked on

2019-04-24 12:51:07 - [MESSAGE][PASSED] - Call Test Case 'Test Cases/s-sidebar_navigation/individualAccount/broadcast' successfully

2019-04-24 12:51:07 - [MESSAGE][PASSED] - Call Test Case 'Test Cases/s-sidebar_navigation/TeamAccount/Broadcasts' successfully

2019-04-24 12:51:07 - [TEST_STEP][PASSED] - click: Object: 'Object Repository/Page_KiboPush  Broadcast/span_Create New Broadcast' is clicked on

2019-04-24 12:51:08 - [MESSAGE][PASSED] - Object: 'Object Repository/Page_KiboPush  Broadcast/span_Create New Broadcast' is clicked on

2019-04-24 12:51:08 - [TEST_STEP][PASSED] - click: Object: 'Object Repository/Page_KiboPush  Broadcast/a_Create New Broadcast' is clicked on

2019-04-24 12:51:08 - [MESSAGE][PASSED] - Object: 'Object Repository/Page_KiboPush  Broadcast/a_Create New Broadcast' is clicked on

2019-04-24 12:51:08 - [TEST_STEP][PASSED] - delay: Delayed 1 second(s)

2019-04-24 12:51:09 - [MESSAGE][PASSED] - Delayed 1 second(s)

2019-04-24 12:51:09 - [TEST_STEP][PASSED] - click: Object: 'Object Repository/Page_KiboPush  Create Broadcast/div_Card' is clicked on

2019-04-24 12:51:10 - [MESSAGE][PASSED] - Object: 'Object Repository/Page_KiboPush  Create Broadcast/div_Card' is clicked on]]></system-out>
         <system-err><![CDATA[]]></system-err>
      </testcase>
      <testcase name="Test Cases/Broadcasts/TC0142" classname="Test Cases/Broadcasts/TC0142" status="PASSED">
         <system-out><![CDATA[2019-04-24 12:51:10 - [TEST_CASE][PASSED] - Test Cases/Broadcasts/TC0142: Test Cases/Broadcasts/TC0142

2019-04-24 12:51:10 - [TEST_STEP][PASSED] - callTestCase: Call Test Case 'Test Cases/s-sidebar_navigation/TeamAccount/Broadcasts' successfully

2019-04-24 12:51:10 - [TEST_CASE][PASSED] - Test Cases/s-sidebar_navigation/TeamAccount/Broadcasts: Test Cases/s-sidebar_navigation/TeamAccount/Broadcasts

2019-04-24 12:51:10 - [TEST_STEP][PASSED] - callTestCase: Call Test Case 'Test Cases/s-sidebar_navigation/individualAccount/broadcast' successfully

2019-04-24 12:51:10 - [TEST_CASE][PASSED] - Test Cases/s-sidebar_navigation/individualAccount/broadcast: Test Cases/s-sidebar_navigation/individualAccount/broadcast

2019-04-24 12:51:10 - [TEST_STEP][PASSED] - click: Object: 'Object Repository/Page_KiboPush  Dashboard/span_Polls' is clicked on

2019-04-24 12:51:10 - [MESSAGE][PASSED] - Object: 'Object Repository/Page_KiboPush  Dashboard/span_Polls' is clicked on

2019-04-24 12:51:10 - [TEST_STEP][PASSED] - delay: Delayed 1 second(s)

2019-04-24 12:51:11 - [MESSAGE][PASSED] - Delayed 1 second(s)

2019-04-24 12:51:11 - [TEST_STEP][PASSED] - click: Object: 'Object Repository/Page_KiboPush  Dashboard/span_Broadcasts' is clicked on

2019-04-24 12:51:12 - [MESSAGE][PASSED] - Object: 'Object Repository/Page_KiboPush  Dashboard/span_Broadcasts' is clicked on

2019-04-24 12:51:12 - [TEST_STEP][PASSED] - delay: Delayed 1 second(s)

2019-04-24 12:51:13 - [MESSAGE][PASSED] - Delayed 1 second(s)

2019-04-24 12:51:13 - [TEST_STEP][PASSED] - scrollToPosition: Browser is scrolled to position x = 0, y = 0

2019-04-24 12:51:13 - [MESSAGE][PASSED] - Browser is scrolled to position x = 0, y = 0

2019-04-24 12:51:13 - [TEST_STEP][PASSED] - click: Object: 'Object Repository/Page_KiboPush  Broadcast/h3_Manage Broadcasts' is clicked on

2019-04-24 12:51:13 - [MESSAGE][PASSED] - Object: 'Object Repository/Page_KiboPush  Broadcast/h3_Manage Broadcasts' is clicked on

2019-04-24 12:51:13 - [MESSAGE][PASSED] - Call Test Case 'Test Cases/s-sidebar_navigation/individualAccount/broadcast' successfully

2019-04-24 12:51:13 - [MESSAGE][PASSED] - Call Test Case 'Test Cases/s-sidebar_navigation/TeamAccount/Broadcasts' successfully

2019-04-24 12:51:13 - [TEST_STEP][PASSED] - click: Object: 'Object Repository/Page_KiboPush  Broadcast/span_Create New Broadcast' is clicked on

2019-04-24 12:51:13 - [MESSAGE][PASSED] - Object: 'Object Repository/Page_KiboPush  Broadcast/span_Create New Broadcast' is clicked on

2019-04-24 12:51:13 - [TEST_STEP][PASSED] - click: Object: 'Object Repository/Page_KiboPush  Broadcast/a_Create New Broadcast' is clicked on

2019-04-24 12:51:14 - [MESSAGE][PASSED] - Object: 'Object Repository/Page_KiboPush  Broadcast/a_Create New Broadcast' is clicked on

2019-04-24 12:51:14 - [TEST_STEP][PASSED] - delay: Delayed 1 second(s)

2019-04-24 12:51:15 - [MESSAGE][PASSED] - Delayed 1 second(s)

2019-04-24 12:51:15 - [TEST_STEP][PASSED] - click: Object: 'Object Repository/Page_KiboPush  Create Broadcast/div_Card (1)' is clicked on

2019-04-24 12:51:15 - [MESSAGE][PASSED] - Object: 'Object Repository/Page_KiboPush  Create Broadcast/div_Card (1)' is clicked on

2019-04-24 12:51:15 - [TEST_STEP][PASSED] - setText: Text 'Card Title' is set on object 'Object Repository/Page_KiboPush  Create Broadcast/input_form-control (3)'

2019-04-24 12:51:16 - [MESSAGE][PASSED] - Text 'Card Title' is set on object 'Object Repository/Page_KiboPush  Create Broadcast/input_form-control (3)'

2019-04-24 12:51:16 - [TEST_STEP][PASSED] - setText: Text 'Card Subtitle' is set on object 'Object Repository/Page_KiboPush  Create Broadcast/textarea_form-control'

2019-04-24 12:51:16 - [MESSAGE][PASSED] - Text 'Card Subtitle' is set on object 'Object Repository/Page_KiboPush  Create Broadcast/textarea_form-control'

2019-04-24 12:51:16 - [TEST_STEP][PASSED] - scrollToPosition: Browser is scrolled to position x = 0, y = 0

2019-04-24 12:51:16 - [MESSAGE][PASSED] - Browser is scrolled to position x = 0, y = 0

2019-04-24 12:51:16 - [TEST_STEP][PASSED] - click: Object: 'Object Repository/Page_KiboPush  Create Broadcast/button_Next (2)' is clicked on

2019-04-24 12:51:17 - [MESSAGE][PASSED] - Object: 'Object Repository/Page_KiboPush  Create Broadcast/button_Next (2)' is clicked on

2019-04-24 12:51:17 - [TEST_STEP][PASSED] - delay: Delayed 1 second(s)

2019-04-24 12:51:18 - [MESSAGE][PASSED] - Delayed 1 second(s)

2019-04-24 12:51:18 - [TEST_STEP][PASSED] - verifyTextPresent: Text 'CARD MUST HAVE AN IMAGE' is present on page 

2019-04-24 12:51:18 - [MESSAGE][PASSED] - Text 'CARD MUST HAVE AN IMAGE' is present on page]]></system-out>
         <system-err><![CDATA[]]></system-err>
      </testcase>
      <testcase name="Test Cases/Broadcasts/TC0143" classname="Test Cases/Broadcasts/TC0143" status="PASSED">
         <system-out><![CDATA[2019-04-24 12:51:18 - [TEST_CASE][PASSED] - Test Cases/Broadcasts/TC0143: Test Cases/Broadcasts/TC0143

2019-04-24 12:51:18 - [TEST_STEP][PASSED] - callTestCase: Call Test Case 'Test Cases/s-sidebar_navigation/TeamAccount/Broadcasts' successfully

2019-04-24 12:51:18 - [TEST_CASE][PASSED] - Test Cases/s-sidebar_navigation/TeamAccount/Broadcasts: Test Cases/s-sidebar_navigation/TeamAccount/Broadcasts

2019-04-24 12:51:18 - [TEST_STEP][PASSED] - callTestCase: Call Test Case 'Test Cases/s-sidebar_navigation/individualAccount/broadcast' successfully

2019-04-24 12:51:18 - [TEST_CASE][PASSED] - Test Cases/s-sidebar_navigation/individualAccount/broadcast: Test Cases/s-sidebar_navigation/individualAccount/broadcast

2019-04-24 12:51:18 - [TEST_STEP][PASSED] - click: Object: 'Object Repository/Page_KiboPush  Dashboard/span_Polls' is clicked on

2019-04-24 12:51:19 - [MESSAGE][PASSED] - Object: 'Object Repository/Page_KiboPush  Dashboard/span_Polls' is clicked on

2019-04-24 12:51:19 - [TEST_STEP][PASSED] - delay: Delayed 1 second(s)

2019-04-24 12:51:20 - [MESSAGE][PASSED] - Delayed 1 second(s)

2019-04-24 12:51:20 - [TEST_STEP][PASSED] - click: Object: 'Object Repository/Page_KiboPush  Dashboard/span_Broadcasts' is clicked on

2019-04-24 12:51:20 - [MESSAGE][PASSED] - Object: 'Object Repository/Page_KiboPush  Dashboard/span_Broadcasts' is clicked on

2019-04-24 12:51:20 - [TEST_STEP][PASSED] - delay: Delayed 1 second(s)

2019-04-24 12:51:21 - [MESSAGE][PASSED] - Delayed 1 second(s)

2019-04-24 12:51:21 - [TEST_STEP][PASSED] - scrollToPosition: Browser is scrolled to position x = 0, y = 0

2019-04-24 12:51:21 - [MESSAGE][PASSED] - Browser is scrolled to position x = 0, y = 0

2019-04-24 12:51:21 - [TEST_STEP][PASSED] - click: Object: 'Object Repository/Page_KiboPush  Broadcast/h3_Manage Broadcasts' is clicked on

2019-04-24 12:51:21 - [MESSAGE][PASSED] - Object: 'Object Repository/Page_KiboPush  Broadcast/h3_Manage Broadcasts' is clicked on

2019-04-24 12:51:21 - [MESSAGE][PASSED] - Call Test Case 'Test Cases/s-sidebar_navigation/individualAccount/broadcast' successfully

2019-04-24 12:51:21 - [MESSAGE][PASSED] - Call Test Case 'Test Cases/s-sidebar_navigation/TeamAccount/Broadcasts' successfully

2019-04-24 12:51:21 - [TEST_STEP][PASSED] - click: Object: 'Object Repository/Page_KiboPush  Broadcast/span_Create New Broadcast' is clicked on

2019-04-24 12:51:21 - [MESSAGE][PASSED] - Object: 'Object Repository/Page_KiboPush  Broadcast/span_Create New Broadcast' is clicked on

2019-04-24 12:51:21 - [TEST_STEP][PASSED] - click: Object: 'Object Repository/Page_KiboPush  Broadcast/a_Create New Broadcast' is clicked on

2019-04-24 12:51:22 - [MESSAGE][PASSED] - Object: 'Object Repository/Page_KiboPush  Broadcast/a_Create New Broadcast' is clicked on

2019-04-24 12:51:22 - [TEST_STEP][PASSED] - delay: Delayed 1 second(s)

2019-04-24 12:51:23 - [MESSAGE][PASSED] - Delayed 1 second(s)

2019-04-24 12:51:23 - [TEST_STEP][PASSED] - click: Object: 'Object Repository/Page_KiboPush  Create Broadcast/div_Card' is clicked on

2019-04-24 12:51:23 - [MESSAGE][PASSED] - Object: 'Object Repository/Page_KiboPush  Create Broadcast/div_Card' is clicked on

2019-04-24 12:51:23 - [TEST_STEP][PASSED] - delay: Delayed 3 second(s)

2019-04-24 12:51:26 - [MESSAGE][PASSED] - Delayed 3 second(s)

2019-04-24 12:51:26 - [TEST_STEP][PASSED] - Statement - img = com.kms.katalon.core.configuration.RunConfiguration.getProjectDir() + "/sample.jpg": null

2019-04-24 12:51:26 - [TEST_STEP][PASSED] - uploadFile: File 'C:/Users/cloudkibo/Desktop/KiboPush_Automated_Testing/KiboPush Katalon/sample.jpg' sent to object: 'Object Repository/Page_KiboPush  Create Broadcast/input_file'

2019-04-24 12:51:27 - [MESSAGE][PASSED] - File 'C:/Users/cloudkibo/Desktop/KiboPush_Automated_Testing/KiboPush Katalon/sample.jpg' sent to object: 'Object Repository/Page_KiboPush  Create Broadcast/input_file'

2019-04-24 12:51:27 - [TEST_STEP][PASSED] - delay: Delayed 5 second(s)

2019-04-24 12:51:32 - [MESSAGE][PASSED] - Delayed 5 second(s)

2019-04-24 12:51:32 - [TEST_STEP][PASSED] - Statement - driver = com.kms.katalon.core.webui.driver.DriverFactory.getWebDriver(): null

2019-04-24 12:51:32 - [TEST_STEP][PASSED] - Statement - image_popup = driver.findElement(org.openqa.selenium.By.xpath("/html/body/div[5]/div/div[2]/div/a")): null

2019-04-24 12:51:32 - [TEST_STEP][PASSED] - Statement - image_popup.click(): null

2019-04-24 12:51:32 - [TEST_STEP][PASSED] - delay: Delayed 2 second(s)

2019-04-24 12:51:34 - [MESSAGE][PASSED] - Delayed 2 second(s)

2019-04-24 12:51:34 - [TEST_STEP][PASSED] - setText: Text 'Card Subtitle' is set on object 'Object Repository/Page_KiboPush  Create Broadcast/textarea_form-control'

2019-04-24 12:51:34 - [MESSAGE][PASSED] - Text 'Card Subtitle' is set on object 'Object Repository/Page_KiboPush  Create Broadcast/textarea_form-control'

2019-04-24 12:51:34 - [TEST_STEP][PASSED] - scrollToPosition: Browser is scrolled to position x = 0, y = 0

2019-04-24 12:51:34 - [MESSAGE][PASSED] - Browser is scrolled to position x = 0, y = 0

2019-04-24 12:51:34 - [TEST_STEP][PASSED] - click: Object: 'Object Repository/Page_KiboPush  Create Broadcast/button_Next (2)' is clicked on

2019-04-24 12:51:35 - [MESSAGE][PASSED] - Object: 'Object Repository/Page_KiboPush  Create Broadcast/button_Next (2)' is clicked on

2019-04-24 12:51:35 - [TEST_STEP][PASSED] - verifyTextPresent: Text 'CARD MUST HAVE A TITLE' is present on page 

2019-04-24 12:51:35 - [MESSAGE][PASSED] - Text 'CARD MUST HAVE A TITLE' is present on page]]></system-out>
         <system-err><![CDATA[]]></system-err>
      </testcase>
      <testcase name="Test Cases/Broadcasts/TC0144" classname="Test Cases/Broadcasts/TC0144" status="PASSED">
         <system-out><![CDATA[2019-04-24 12:51:35 - [TEST_CASE][PASSED] - Test Cases/Broadcasts/TC0144: Test Cases/Broadcasts/TC0144

2019-04-24 12:51:35 - [TEST_STEP][PASSED] - callTestCase: Call Test Case 'Test Cases/s-sidebar_navigation/TeamAccount/Broadcasts' successfully

2019-04-24 12:51:35 - [TEST_CASE][PASSED] - Test Cases/s-sidebar_navigation/TeamAccount/Broadcasts: Test Cases/s-sidebar_navigation/TeamAccount/Broadcasts

2019-04-24 12:51:35 - [TEST_STEP][PASSED] - callTestCase: Call Test Case 'Test Cases/s-sidebar_navigation/individualAccount/broadcast' successfully

2019-04-24 12:51:35 - [TEST_CASE][PASSED] - Test Cases/s-sidebar_navigation/individualAccount/broadcast: Test Cases/s-sidebar_navigation/individualAccount/broadcast

2019-04-24 12:51:35 - [TEST_STEP][PASSED] - click: Object: 'Object Repository/Page_KiboPush  Dashboard/span_Polls' is clicked on

2019-04-24 12:51:36 - [MESSAGE][PASSED] - Object: 'Object Repository/Page_KiboPush  Dashboard/span_Polls' is clicked on

2019-04-24 12:51:36 - [TEST_STEP][PASSED] - delay: Delayed 1 second(s)

2019-04-24 12:51:37 - [MESSAGE][PASSED] - Delayed 1 second(s)

2019-04-24 12:51:37 - [TEST_STEP][PASSED] - click: Object: 'Object Repository/Page_KiboPush  Dashboard/span_Broadcasts' is clicked on

2019-04-24 12:51:37 - [MESSAGE][PASSED] - Object: 'Object Repository/Page_KiboPush  Dashboard/span_Broadcasts' is clicked on

2019-04-24 12:51:37 - [TEST_STEP][PASSED] - delay: Delayed 1 second(s)

2019-04-24 12:51:38 - [MESSAGE][PASSED] - Delayed 1 second(s)

2019-04-24 12:51:38 - [TEST_STEP][PASSED] - scrollToPosition: Browser is scrolled to position x = 0, y = 0

2019-04-24 12:51:38 - [MESSAGE][PASSED] - Browser is scrolled to position x = 0, y = 0

2019-04-24 12:51:38 - [TEST_STEP][PASSED] - click: Object: 'Object Repository/Page_KiboPush  Broadcast/h3_Manage Broadcasts' is clicked on

2019-04-24 12:51:38 - [MESSAGE][PASSED] - Object: 'Object Repository/Page_KiboPush  Broadcast/h3_Manage Broadcasts' is clicked on

2019-04-24 12:51:38 - [MESSAGE][PASSED] - Call Test Case 'Test Cases/s-sidebar_navigation/individualAccount/broadcast' successfully

2019-04-24 12:51:38 - [MESSAGE][PASSED] - Call Test Case 'Test Cases/s-sidebar_navigation/TeamAccount/Broadcasts' successfully

2019-04-24 12:51:38 - [TEST_STEP][PASSED] - click: Object: 'Object Repository/Page_KiboPush  Broadcast/span_Create New Broadcast' is clicked on

2019-04-24 12:51:38 - [MESSAGE][PASSED] - Object: 'Object Repository/Page_KiboPush  Broadcast/span_Create New Broadcast' is clicked on

2019-04-24 12:51:38 - [TEST_STEP][PASSED] - click: Object: 'Object Repository/Page_KiboPush  Broadcast/a_Create New Broadcast' is clicked on

2019-04-24 12:51:39 - [MESSAGE][PASSED] - Object: 'Object Repository/Page_KiboPush  Broadcast/a_Create New Broadcast' is clicked on

2019-04-24 12:51:39 - [TEST_STEP][PASSED] - delay: Delayed 1 second(s)

2019-04-24 12:51:40 - [MESSAGE][PASSED] - Delayed 1 second(s)

2019-04-24 12:51:40 - [TEST_STEP][PASSED] - click: Object: 'Object Repository/Page_KiboPush  Create Broadcast/div_Card (3)' is clicked on

2019-04-24 12:51:41 - [MESSAGE][PASSED] - Object: 'Object Repository/Page_KiboPush  Create Broadcast/div_Card (3)' is clicked on

2019-04-24 12:51:41 - [TEST_STEP][PASSED] - delay: Delayed 1 second(s)

2019-04-24 12:51:42 - [MESSAGE][PASSED] - Delayed 1 second(s)

2019-04-24 12:51:42 - [TEST_STEP][PASSED] - Statement - img = com.kms.katalon.core.configuration.RunConfiguration.getProjectDir() + "/sample.jpg": null

2019-04-24 12:51:42 - [TEST_STEP][PASSED] - uploadFile: File 'C:/Users/cloudkibo/Desktop/KiboPush_Automated_Testing/KiboPush Katalon/sample.jpg' sent to object: 'Object Repository/Page_KiboPush  Create Broadcast/input_file'

2019-04-24 12:51:42 - [MESSAGE][PASSED] - File 'C:/Users/cloudkibo/Desktop/KiboPush_Automated_Testing/KiboPush Katalon/sample.jpg' sent to object: 'Object Repository/Page_KiboPush  Create Broadcast/input_file'

2019-04-24 12:51:42 - [TEST_STEP][PASSED] - delay: Delayed 5 second(s)

2019-04-24 12:51:47 - [MESSAGE][PASSED] - Delayed 5 second(s)

2019-04-24 12:51:47 - [TEST_STEP][PASSED] - Statement - driver = com.kms.katalon.core.webui.driver.DriverFactory.getWebDriver(): null

2019-04-24 12:51:47 - [TEST_STEP][PASSED] - Statement - image_popup = driver.findElement(org.openqa.selenium.By.xpath("/html/body/div[5]/div/div[2]/div/a")): null

2019-04-24 12:51:47 - [TEST_STEP][PASSED] - Statement - image_popup.click(): null

2019-04-24 12:51:47 - [TEST_STEP][PASSED] - delay: Delayed 2 second(s)

2019-04-24 12:51:49 - [MESSAGE][PASSED] - Delayed 2 second(s)

2019-04-24 12:51:49 - [TEST_STEP][PASSED] - setText: Text 'Card Title' is set on object 'Object Repository/Page_KiboPush  Create Broadcast/input_form-control (4)'

2019-04-24 12:51:50 - [MESSAGE][PASSED] - Text 'Card Title' is set on object 'Object Repository/Page_KiboPush  Create Broadcast/input_form-control (4)'

2019-04-24 12:51:50 - [TEST_STEP][PASSED] - scrollToPosition: Browser is scrolled to position x = 0, y = 0

2019-04-24 12:51:50 - [MESSAGE][PASSED] - Browser is scrolled to position x = 0, y = 0

2019-04-24 12:51:50 - [TEST_STEP][PASSED] - click: Object: 'Object Repository/Page_KiboPush  Create Broadcast/button_Next (4)' is clicked on

2019-04-24 12:51:50 - [MESSAGE][PASSED] - Object: 'Object Repository/Page_KiboPush  Create Broadcast/button_Next (4)' is clicked on

2019-04-24 12:51:50 - [TEST_STEP][PASSED] - delay: Delayed 1 second(s)

2019-04-24 12:51:51 - [MESSAGE][PASSED] - Delayed 1 second(s)

2019-04-24 12:51:51 - [TEST_STEP][PASSED] - verifyTextPresent: Text 'CARD MUST HAVE A SUBTITLE' is present on page 

2019-04-24 12:51:51 - [MESSAGE][PASSED] - Text 'CARD MUST HAVE A SUBTITLE' is present on page]]></system-out>
         <system-err><![CDATA[]]></system-err>
      </testcase>
      <testcase name="Test Cases/Broadcasts/TC0145" classname="Test Cases/Broadcasts/TC0145" status="PASSED">
         <system-out><![CDATA[2019-04-24 12:51:51 - [TEST_CASE][PASSED] - Test Cases/Broadcasts/TC0145: Test Cases/Broadcasts/TC0145

2019-04-24 12:51:51 - [TEST_STEP][PASSED] - callTestCase: Call Test Case 'Test Cases/s-sidebar_navigation/TeamAccount/Broadcasts' successfully

2019-04-24 12:51:51 - [TEST_CASE][PASSED] - Test Cases/s-sidebar_navigation/TeamAccount/Broadcasts: Test Cases/s-sidebar_navigation/TeamAccount/Broadcasts

2019-04-24 12:51:51 - [TEST_STEP][PASSED] - callTestCase: Call Test Case 'Test Cases/s-sidebar_navigation/individualAccount/broadcast' successfully

2019-04-24 12:51:52 - [TEST_CASE][PASSED] - Test Cases/s-sidebar_navigation/individualAccount/broadcast: Test Cases/s-sidebar_navigation/individualAccount/broadcast

2019-04-24 12:51:52 - [TEST_STEP][PASSED] - click: Object: 'Object Repository/Page_KiboPush  Dashboard/span_Polls' is clicked on

2019-04-24 12:51:52 - [MESSAGE][PASSED] - Object: 'Object Repository/Page_KiboPush  Dashboard/span_Polls' is clicked on

2019-04-24 12:51:52 - [TEST_STEP][PASSED] - delay: Delayed 1 second(s)

2019-04-24 12:51:53 - [MESSAGE][PASSED] - Delayed 1 second(s)

2019-04-24 12:51:53 - [TEST_STEP][PASSED] - click: Object: 'Object Repository/Page_KiboPush  Dashboard/span_Broadcasts' is clicked on

2019-04-24 12:51:53 - [MESSAGE][PASSED] - Object: 'Object Repository/Page_KiboPush  Dashboard/span_Broadcasts' is clicked on

2019-04-24 12:51:53 - [TEST_STEP][PASSED] - delay: Delayed 1 second(s)

2019-04-24 12:51:54 - [MESSAGE][PASSED] - Delayed 1 second(s)

2019-04-24 12:51:54 - [TEST_STEP][PASSED] - scrollToPosition: Browser is scrolled to position x = 0, y = 0

2019-04-24 12:51:54 - [MESSAGE][PASSED] - Browser is scrolled to position x = 0, y = 0

2019-04-24 12:51:54 - [TEST_STEP][PASSED] - click: Object: 'Object Repository/Page_KiboPush  Broadcast/h3_Manage Broadcasts' is clicked on

2019-04-24 12:51:54 - [MESSAGE][PASSED] - Object: 'Object Repository/Page_KiboPush  Broadcast/h3_Manage Broadcasts' is clicked on

2019-04-24 12:51:54 - [MESSAGE][PASSED] - Call Test Case 'Test Cases/s-sidebar_navigation/individualAccount/broadcast' successfully

2019-04-24 12:51:54 - [MESSAGE][PASSED] - Call Test Case 'Test Cases/s-sidebar_navigation/TeamAccount/Broadcasts' successfully

2019-04-24 12:51:54 - [TEST_STEP][PASSED] - click: Object: 'Object Repository/Page_KiboPush  Broadcast/span_Create New Broadcast' is clicked on

2019-04-24 12:51:55 - [MESSAGE][PASSED] - Object: 'Object Repository/Page_KiboPush  Broadcast/span_Create New Broadcast' is clicked on

2019-04-24 12:51:55 - [TEST_STEP][PASSED] - click: Object: 'Object Repository/Page_KiboPush  Broadcast/a_Create New Broadcast' is clicked on

2019-04-24 12:51:56 - [MESSAGE][PASSED] - Object: 'Object Repository/Page_KiboPush  Broadcast/a_Create New Broadcast' is clicked on

2019-04-24 12:51:56 - [TEST_STEP][PASSED] - delay: Delayed 1 second(s)

2019-04-24 12:51:57 - [MESSAGE][PASSED] - Delayed 1 second(s)

2019-04-24 12:51:57 - [TEST_STEP][PASSED] - click: Object: 'Object Repository/Page_KiboPush  Create Broadcast/div_Card (3) (1)' is clicked on

2019-04-24 12:51:57 - [MESSAGE][PASSED] - Object: 'Object Repository/Page_KiboPush  Create Broadcast/div_Card (3) (1)' is clicked on

2019-04-24 12:51:57 - [TEST_STEP][PASSED] - delay: Delayed 1 second(s)

2019-04-24 12:51:58 - [MESSAGE][PASSED] - Delayed 1 second(s)

2019-04-24 12:51:58 - [TEST_STEP][PASSED] - Statement - driver = com.kms.katalon.core.webui.driver.DriverFactory.getWebDriver(): null

2019-04-24 12:51:58 - [TEST_STEP][PASSED] - Statement - upload = driver.findElement(org.openqa.selenium.By.xpath("//input[@type='file']")): null

2019-04-24 12:51:58 - [TEST_STEP][PASSED] - Statement - img = com.kms.katalon.core.configuration.RunConfiguration.getProjectDir() + "/sample.jpg": null

2019-04-24 12:51:58 - [TEST_STEP][PASSED] - Statement - upload.sendKeys(img): null

2019-04-24 12:51:58 - [TEST_STEP][PASSED] - delay: Delayed 5 second(s)

2019-04-24 12:52:03 - [MESSAGE][PASSED] - Delayed 5 second(s)

2019-04-24 12:52:03 - [TEST_STEP][PASSED] - Statement - image_popup = driver.findElement(org.openqa.selenium.By.xpath("/html/body/div[5]/div/div[2]/div/a")): null

2019-04-24 12:52:03 - [TEST_STEP][PASSED] - Statement - image_popup.click(): null

2019-04-24 12:52:03 - [TEST_STEP][PASSED] - delay: Delayed 2 second(s)

2019-04-24 12:52:05 - [MESSAGE][PASSED] - Delayed 2 second(s)

2019-04-24 12:52:05 - [TEST_STEP][PASSED] - setText: Text 'Card Title' is set on object 'Object Repository/Page_KiboPush  Create Broadcast/input_form-control (4) (1)'

2019-04-24 12:52:06 - [MESSAGE][PASSED] - Text 'Card Title' is set on object 'Object Repository/Page_KiboPush  Create Broadcast/input_form-control (4) (1)'

2019-04-24 12:52:06 - [TEST_STEP][PASSED] - setText: Text 'Card Subtitle' is set on object 'Object Repository/Page_KiboPush  Create Broadcast/textarea_form-control'

2019-04-24 12:52:06 - [MESSAGE][PASSED] - Text 'Card Subtitle' is set on object 'Object Repository/Page_KiboPush  Create Broadcast/textarea_form-control'

2019-04-24 12:52:06 - [TEST_STEP][PASSED] - scrollToPosition: Browser is scrolled to position x = 0, y = 0

2019-04-24 12:52:06 - [MESSAGE][PASSED] - Browser is scrolled to position x = 0, y = 0

2019-04-24 12:52:06 - [TEST_STEP][PASSED] - click: Object: 'Object Repository/Page_KiboPush  Create Broadcast/button_Next (4) (1)' is clicked on

2019-04-24 12:52:07 - [MESSAGE][PASSED] - Object: 'Object Repository/Page_KiboPush  Create Broadcast/button_Next (4) (1)' is clicked on

2019-04-24 12:52:07 - [TEST_STEP][PASSED] - delay: Delayed 1 second(s)

2019-04-24 12:52:08 - [MESSAGE][PASSED] - Delayed 1 second(s)

2019-04-24 12:52:08 - [TEST_STEP][PASSED] - verifyTextPresent: Text 'CARD MUST HAVE AT LEAST ONE BUTTON.' is present on page 

2019-04-24 12:52:08 - [MESSAGE][PASSED] - Text 'CARD MUST HAVE AT LEAST ONE BUTTON.' is present on page]]></system-out>
         <system-err><![CDATA[]]></system-err>
      </testcase>
      <testcase name="Test Cases/Broadcasts/TC0146" classname="Test Cases/Broadcasts/TC0146" status="PASSED">
         <system-out><![CDATA[2019-04-24 12:52:08 - [TEST_CASE][PASSED] - Test Cases/Broadcasts/TC0146: Test Cases/Broadcasts/TC0146

2019-04-24 12:52:08 - [TEST_STEP][PASSED] - callTestCase: Call Test Case 'Test Cases/s-sidebar_navigation/TeamAccount/Broadcasts' successfully

2019-04-24 12:52:08 - [TEST_CASE][PASSED] - Test Cases/s-sidebar_navigation/TeamAccount/Broadcasts: Test Cases/s-sidebar_navigation/TeamAccount/Broadcasts

2019-04-24 12:52:08 - [TEST_STEP][PASSED] - callTestCase: Call Test Case 'Test Cases/s-sidebar_navigation/individualAccount/broadcast' successfully

2019-04-24 12:52:08 - [TEST_CASE][PASSED] - Test Cases/s-sidebar_navigation/individualAccount/broadcast: Test Cases/s-sidebar_navigation/individualAccount/broadcast

2019-04-24 12:52:08 - [TEST_STEP][PASSED] - click: Object: 'Object Repository/Page_KiboPush  Dashboard/span_Polls' is clicked on

2019-04-24 12:52:09 - [MESSAGE][PASSED] - Object: 'Object Repository/Page_KiboPush  Dashboard/span_Polls' is clicked on

2019-04-24 12:52:09 - [TEST_STEP][PASSED] - delay: Delayed 1 second(s)

2019-04-24 12:52:10 - [MESSAGE][PASSED] - Delayed 1 second(s)

2019-04-24 12:52:10 - [TEST_STEP][PASSED] - click: Object: 'Object Repository/Page_KiboPush  Dashboard/span_Broadcasts' is clicked on

2019-04-24 12:52:10 - [MESSAGE][PASSED] - Object: 'Object Repository/Page_KiboPush  Dashboard/span_Broadcasts' is clicked on

2019-04-24 12:52:10 - [TEST_STEP][PASSED] - delay: Delayed 1 second(s)

2019-04-24 12:52:11 - [MESSAGE][PASSED] - Delayed 1 second(s)

2019-04-24 12:52:11 - [TEST_STEP][PASSED] - scrollToPosition: Browser is scrolled to position x = 0, y = 0

2019-04-24 12:52:11 - [MESSAGE][PASSED] - Browser is scrolled to position x = 0, y = 0

2019-04-24 12:52:11 - [TEST_STEP][PASSED] - click: Object: 'Object Repository/Page_KiboPush  Broadcast/h3_Manage Broadcasts' is clicked on

2019-04-24 12:52:11 - [MESSAGE][PASSED] - Object: 'Object Repository/Page_KiboPush  Broadcast/h3_Manage Broadcasts' is clicked on

2019-04-24 12:52:11 - [MESSAGE][PASSED] - Call Test Case 'Test Cases/s-sidebar_navigation/individualAccount/broadcast' successfully

2019-04-24 12:52:11 - [MESSAGE][PASSED] - Call Test Case 'Test Cases/s-sidebar_navigation/TeamAccount/Broadcasts' successfully

2019-04-24 12:52:11 - [TEST_STEP][PASSED] - click: Object: 'Object Repository/Page_KiboPush  Broadcast/span_Create New Broadcast' is clicked on

2019-04-24 12:52:11 - [MESSAGE][PASSED] - Object: 'Object Repository/Page_KiboPush  Broadcast/span_Create New Broadcast' is clicked on

2019-04-24 12:52:11 - [TEST_STEP][PASSED] - click: Object: 'Object Repository/Page_KiboPush  Broadcast/a_Create New Broadcast' is clicked on

2019-04-24 12:52:12 - [MESSAGE][PASSED] - Object: 'Object Repository/Page_KiboPush  Broadcast/a_Create New Broadcast' is clicked on

2019-04-24 12:52:12 - [TEST_STEP][PASSED] - delay: Delayed 1 second(s)

2019-04-24 12:52:13 - [MESSAGE][PASSED] - Delayed 1 second(s)

2019-04-24 12:52:13 - [TEST_STEP][PASSED] - click: Object: 'Object Repository/Page_KiboPush  Create Broadcast/div_Card (3) (1)' is clicked on

2019-04-24 12:52:14 - [MESSAGE][PASSED] - Object: 'Object Repository/Page_KiboPush  Create Broadcast/div_Card (3) (1)' is clicked on

2019-04-24 12:52:14 - [TEST_STEP][PASSED] - delay: Delayed 1 second(s)

2019-04-24 12:52:15 - [MESSAGE][PASSED] - Delayed 1 second(s)

2019-04-24 12:52:15 - [TEST_STEP][PASSED] - Statement - img = com.kms.katalon.core.configuration.RunConfiguration.getProjectDir() + "/sample.jpg": null

2019-04-24 12:52:15 - [TEST_STEP][PASSED] - uploadFile: File 'C:/Users/cloudkibo/Desktop/KiboPush_Automated_Testing/KiboPush Katalon/sample.jpg' sent to object: 'Object Repository/Page_KiboPush  Create Broadcast/input_file'

2019-04-24 12:52:15 - [MESSAGE][PASSED] - File 'C:/Users/cloudkibo/Desktop/KiboPush_Automated_Testing/KiboPush Katalon/sample.jpg' sent to object: 'Object Repository/Page_KiboPush  Create Broadcast/input_file']]></system-out>
         <system-err><![CDATA[]]></system-err>
      </testcase>
      <testcase name="Test Cases/Broadcasts/TC0147" classname="Test Cases/Broadcasts/TC0147" status="PASSED">
         <system-out><![CDATA[2019-04-24 12:52:15 - [TEST_CASE][PASSED] - Test Cases/Broadcasts/TC0147: Test Cases/Broadcasts/TC0147

2019-04-24 12:52:15 - [TEST_STEP][PASSED] - callTestCase: Call Test Case 'Test Cases/s-sidebar_navigation/TeamAccount/Broadcasts' successfully

2019-04-24 12:52:15 - [TEST_CASE][PASSED] - Test Cases/s-sidebar_navigation/TeamAccount/Broadcasts: Test Cases/s-sidebar_navigation/TeamAccount/Broadcasts

2019-04-24 12:52:15 - [TEST_STEP][PASSED] - callTestCase: Call Test Case 'Test Cases/s-sidebar_navigation/individualAccount/broadcast' successfully

2019-04-24 12:52:15 - [TEST_CASE][PASSED] - Test Cases/s-sidebar_navigation/individualAccount/broadcast: Test Cases/s-sidebar_navigation/individualAccount/broadcast

2019-04-24 12:52:15 - [TEST_STEP][PASSED] - click: Object: 'Object Repository/Page_KiboPush  Dashboard/span_Polls' is clicked on

2019-04-24 12:52:15 - [MESSAGE][PASSED] - Object: 'Object Repository/Page_KiboPush  Dashboard/span_Polls' is clicked on

2019-04-24 12:52:15 - [TEST_STEP][PASSED] - delay: Delayed 1 second(s)

2019-04-24 12:52:16 - [MESSAGE][PASSED] - Delayed 1 second(s)

2019-04-24 12:52:16 - [TEST_STEP][PASSED] - click: Object: 'Object Repository/Page_KiboPush  Dashboard/span_Broadcasts' is clicked on

2019-04-24 12:52:17 - [MESSAGE][PASSED] - Object: 'Object Repository/Page_KiboPush  Dashboard/span_Broadcasts' is clicked on

2019-04-24 12:52:17 - [TEST_STEP][PASSED] - delay: Delayed 1 second(s)

2019-04-24 12:52:18 - [MESSAGE][PASSED] - Delayed 1 second(s)

2019-04-24 12:52:18 - [TEST_STEP][PASSED] - scrollToPosition: Browser is scrolled to position x = 0, y = 0

2019-04-24 12:52:18 - [MESSAGE][PASSED] - Browser is scrolled to position x = 0, y = 0

2019-04-24 12:52:18 - [TEST_STEP][PASSED] - click: Object: 'Object Repository/Page_KiboPush  Broadcast/h3_Manage Broadcasts' is clicked on

2019-04-24 12:52:18 - [MESSAGE][PASSED] - Object: 'Object Repository/Page_KiboPush  Broadcast/h3_Manage Broadcasts' is clicked on

2019-04-24 12:52:18 - [MESSAGE][PASSED] - Call Test Case 'Test Cases/s-sidebar_navigation/individualAccount/broadcast' successfully

2019-04-24 12:52:18 - [MESSAGE][PASSED] - Call Test Case 'Test Cases/s-sidebar_navigation/TeamAccount/Broadcasts' successfully

2019-04-24 12:52:18 - [TEST_STEP][PASSED] - click: Object: 'Object Repository/Page_KiboPush  Broadcast/span_Create New Broadcast' is clicked on

2019-04-24 12:52:18 - [MESSAGE][PASSED] - Object: 'Object Repository/Page_KiboPush  Broadcast/span_Create New Broadcast' is clicked on

2019-04-24 12:52:18 - [TEST_STEP][PASSED] - click: Object: 'Object Repository/Page_KiboPush  Broadcast/a_Create New Broadcast' is clicked on

2019-04-24 12:52:19 - [MESSAGE][PASSED] - Object: 'Object Repository/Page_KiboPush  Broadcast/a_Create New Broadcast' is clicked on

2019-04-24 12:52:19 - [TEST_STEP][PASSED] - delay: Delayed 1 second(s)

2019-04-24 12:52:20 - [MESSAGE][PASSED] - Delayed 1 second(s)

2019-04-24 12:52:20 - [TEST_STEP][PASSED] - click: Object: 'Object Repository/Page_KiboPush  Create Broadcast/div_Card' is clicked on

2019-04-24 12:52:21 - [MESSAGE][PASSED] - Object: 'Object Repository/Page_KiboPush  Create Broadcast/div_Card' is clicked on

2019-04-24 12:52:21 - [TEST_STEP][PASSED] - click: Object: 'Object Repository/Page_KiboPush  Create Broadcast/div_ Add Button' is clicked on

2019-04-24 12:52:21 - [MESSAGE][PASSED] - Object: 'Object Repository/Page_KiboPush  Create Broadcast/div_ Add Button' is clicked on

2019-04-24 12:52:21 - [TEST_STEP][PASSED] - setText: Text 'KiboPush' is set on object 'Object Repository/Page_KiboPush  Create Broadcast/input_form-control'

2019-04-24 12:52:21 - [MESSAGE][PASSED] - Text 'KiboPush' is set on object 'Object Repository/Page_KiboPush  Create Broadcast/input_form-control'

2019-04-24 12:52:21 - [TEST_STEP][PASSED] - click: Object: 'Object Repository/Page_KiboPush  Create Broadcast/div_Open a website' is clicked on

2019-04-24 12:52:22 - [MESSAGE][PASSED] - Object: 'Object Repository/Page_KiboPush  Create Broadcast/div_Open a website' is clicked on

2019-04-24 12:52:22 - [TEST_STEP][PASSED] - setText: Text 'kibopush.com' is set on object 'Object Repository/Page_KiboPush  Create Broadcast/input_form-control_1'

2019-04-24 12:52:22 - [MESSAGE][PASSED] - Text 'kibopush.com' is set on object 'Object Repository/Page_KiboPush  Create Broadcast/input_form-control_1'

2019-04-24 12:52:22 - [TEST_STEP][PASSED] - click: Object: 'Object Repository/Page_KiboPush  Create Broadcast/button_Done' is clicked on

2019-04-24 12:52:22 - [MESSAGE][PASSED] - Object: 'Object Repository/Page_KiboPush  Create Broadcast/button_Done' is clicked on]]></system-out>
         <system-err><![CDATA[]]></system-err>
      </testcase>
      <testcase name="Test Cases/Broadcasts/TC0150" classname="Test Cases/Broadcasts/TC0150" status="PASSED">
         <system-out><![CDATA[2019-04-24 12:52:22 - [TEST_CASE][PASSED] - Test Cases/Broadcasts/TC0150: Test Cases/Broadcasts/TC0150

2019-04-24 12:52:22 - [TEST_STEP][PASSED] - callTestCase: Call Test Case 'Test Cases/s-sidebar_navigation/TeamAccount/Broadcasts' successfully

2019-04-24 12:52:23 - [TEST_CASE][PASSED] - Test Cases/s-sidebar_navigation/TeamAccount/Broadcasts: Test Cases/s-sidebar_navigation/TeamAccount/Broadcasts

2019-04-24 12:52:23 - [TEST_STEP][PASSED] - callTestCase: Call Test Case 'Test Cases/s-sidebar_navigation/individualAccount/broadcast' successfully

2019-04-24 12:52:23 - [TEST_CASE][PASSED] - Test Cases/s-sidebar_navigation/individualAccount/broadcast: Test Cases/s-sidebar_navigation/individualAccount/broadcast

2019-04-24 12:52:23 - [TEST_STEP][PASSED] - click: Object: 'Object Repository/Page_KiboPush  Dashboard/span_Polls' is clicked on

2019-04-24 12:52:23 - [MESSAGE][PASSED] - Object: 'Object Repository/Page_KiboPush  Dashboard/span_Polls' is clicked on

2019-04-24 12:52:23 - [TEST_STEP][PASSED] - delay: Delayed 1 second(s)

2019-04-24 12:52:24 - [MESSAGE][PASSED] - Delayed 1 second(s)

2019-04-24 12:52:24 - [TEST_STEP][PASSED] - click: Object: 'Object Repository/Page_KiboPush  Dashboard/span_Broadcasts' is clicked on

2019-04-24 12:52:24 - [MESSAGE][PASSED] - Object: 'Object Repository/Page_KiboPush  Dashboard/span_Broadcasts' is clicked on

2019-04-24 12:52:24 - [TEST_STEP][PASSED] - delay: Delayed 1 second(s)

2019-04-24 12:52:25 - [MESSAGE][PASSED] - Delayed 1 second(s)

2019-04-24 12:52:25 - [TEST_STEP][PASSED] - scrollToPosition: Browser is scrolled to position x = 0, y = 0

2019-04-24 12:52:25 - [MESSAGE][PASSED] - Browser is scrolled to position x = 0, y = 0

2019-04-24 12:52:25 - [TEST_STEP][PASSED] - click: Object: 'Object Repository/Page_KiboPush  Broadcast/h3_Manage Broadcasts' is clicked on

2019-04-24 12:52:25 - [MESSAGE][PASSED] - Object: 'Object Repository/Page_KiboPush  Broadcast/h3_Manage Broadcasts' is clicked on

2019-04-24 12:52:25 - [MESSAGE][PASSED] - Call Test Case 'Test Cases/s-sidebar_navigation/individualAccount/broadcast' successfully

2019-04-24 12:52:25 - [MESSAGE][PASSED] - Call Test Case 'Test Cases/s-sidebar_navigation/TeamAccount/Broadcasts' successfully

2019-04-24 12:52:25 - [TEST_STEP][PASSED] - click: Object: 'Object Repository/Page_KiboPush  Broadcast/span_Create New Broadcast' is clicked on

2019-04-24 12:52:26 - [MESSAGE][PASSED] - Object: 'Object Repository/Page_KiboPush  Broadcast/span_Create New Broadcast' is clicked on

2019-04-24 12:52:26 - [TEST_STEP][PASSED] - click: Object: 'Object Repository/Page_KiboPush  Broadcast/a_Create New Broadcast' is clicked on

2019-04-24 12:52:27 - [MESSAGE][PASSED] - Object: 'Object Repository/Page_KiboPush  Broadcast/a_Create New Broadcast' is clicked on

2019-04-24 12:52:27 - [TEST_STEP][PASSED] - delay: Delayed 1 second(s)

2019-04-24 12:52:28 - [MESSAGE][PASSED] - Delayed 1 second(s)

2019-04-24 12:52:28 - [TEST_STEP][PASSED] - click: Object: 'Object Repository/Page_KiboPush  Create Broadcast/div_Gallery (1)' is clicked on

2019-04-24 12:52:28 - [MESSAGE][PASSED] - Object: 'Object Repository/Page_KiboPush  Create Broadcast/div_Gallery (1)' is clicked on

2019-04-24 12:52:28 - [TEST_STEP][PASSED] - delay: Delayed 2 second(s)

2019-04-24 12:52:30 - [MESSAGE][PASSED] - Delayed 2 second(s)]]></system-out>
         <system-err><![CDATA[]]></system-err>
      </testcase>
      <testcase name="Test Cases/Broadcasts/TC0151" classname="Test Cases/Broadcasts/TC0151" status="PASSED">
         <system-out><![CDATA[2019-04-24 12:52:30 - [TEST_CASE][PASSED] - Test Cases/Broadcasts/TC0151: Test Cases/Broadcasts/TC0151

2019-04-24 12:52:30 - [TEST_STEP][PASSED] - callTestCase: Call Test Case 'Test Cases/Broadcasts/TC0150' successfully

2019-04-24 12:52:30 - [TEST_CASE][PASSED] - Test Cases/Broadcasts/TC0150: Test Cases/Broadcasts/TC0150

2019-04-24 12:52:30 - [TEST_STEP][PASSED] - callTestCase: Call Test Case 'Test Cases/s-sidebar_navigation/TeamAccount/Broadcasts' successfully

2019-04-24 12:52:30 - [TEST_CASE][PASSED] - Test Cases/s-sidebar_navigation/TeamAccount/Broadcasts: Test Cases/s-sidebar_navigation/TeamAccount/Broadcasts

2019-04-24 12:52:30 - [TEST_STEP][PASSED] - callTestCase: Call Test Case 'Test Cases/s-sidebar_navigation/individualAccount/broadcast' successfully

2019-04-24 12:52:30 - [TEST_CASE][PASSED] - Test Cases/s-sidebar_navigation/individualAccount/broadcast: Test Cases/s-sidebar_navigation/individualAccount/broadcast

2019-04-24 12:52:30 - [TEST_STEP][PASSED] - click: Object: 'Object Repository/Page_KiboPush  Dashboard/span_Polls' is clicked on

2019-04-24 12:52:31 - [MESSAGE][PASSED] - Object: 'Object Repository/Page_KiboPush  Dashboard/span_Polls' is clicked on

2019-04-24 12:52:31 - [TEST_STEP][PASSED] - delay: Delayed 1 second(s)

2019-04-24 12:52:32 - [MESSAGE][PASSED] - Delayed 1 second(s)

2019-04-24 12:52:32 - [TEST_STEP][PASSED] - click: Object: 'Object Repository/Page_KiboPush  Dashboard/span_Broadcasts' is clicked on

2019-04-24 12:52:32 - [MESSAGE][PASSED] - Object: 'Object Repository/Page_KiboPush  Dashboard/span_Broadcasts' is clicked on

2019-04-24 12:52:32 - [TEST_STEP][PASSED] - delay: Delayed 1 second(s)

2019-04-24 12:52:33 - [MESSAGE][PASSED] - Delayed 1 second(s)

2019-04-24 12:52:33 - [TEST_STEP][PASSED] - scrollToPosition: Browser is scrolled to position x = 0, y = 0

2019-04-24 12:52:33 - [MESSAGE][PASSED] - Browser is scrolled to position x = 0, y = 0

2019-04-24 12:52:33 - [TEST_STEP][PASSED] - click: Object: 'Object Repository/Page_KiboPush  Broadcast/h3_Manage Broadcasts' is clicked on

2019-04-24 12:52:33 - [MESSAGE][PASSED] - Object: 'Object Repository/Page_KiboPush  Broadcast/h3_Manage Broadcasts' is clicked on

2019-04-24 12:52:33 - [MESSAGE][PASSED] - Call Test Case 'Test Cases/s-sidebar_navigation/individualAccount/broadcast' successfully

2019-04-24 12:52:33 - [MESSAGE][PASSED] - Call Test Case 'Test Cases/s-sidebar_navigation/TeamAccount/Broadcasts' successfully

2019-04-24 12:52:33 - [TEST_STEP][PASSED] - click: Object: 'Object Repository/Page_KiboPush  Broadcast/span_Create New Broadcast' is clicked on

2019-04-24 12:52:34 - [MESSAGE][PASSED] - Object: 'Object Repository/Page_KiboPush  Broadcast/span_Create New Broadcast' is clicked on

2019-04-24 12:52:34 - [TEST_STEP][PASSED] - click: Object: 'Object Repository/Page_KiboPush  Broadcast/a_Create New Broadcast' is clicked on

2019-04-24 12:52:34 - [MESSAGE][PASSED] - Object: 'Object Repository/Page_KiboPush  Broadcast/a_Create New Broadcast' is clicked on

2019-04-24 12:52:34 - [TEST_STEP][PASSED] - delay: Delayed 1 second(s)

2019-04-24 12:52:35 - [MESSAGE][PASSED] - Delayed 1 second(s)

2019-04-24 12:52:35 - [TEST_STEP][PASSED] - click: Object: 'Object Repository/Page_KiboPush  Create Broadcast/div_Gallery (1)' is clicked on

2019-04-24 12:52:36 - [MESSAGE][PASSED] - Object: 'Object Repository/Page_KiboPush  Create Broadcast/div_Gallery (1)' is clicked on

2019-04-24 12:52:36 - [TEST_STEP][PASSED] - delay: Delayed 2 second(s)

2019-04-24 12:52:38 - [MESSAGE][PASSED] - Delayed 2 second(s)

2019-04-24 12:52:38 - [MESSAGE][PASSED] - Call Test Case 'Test Cases/Broadcasts/TC0150' successfully]]></system-out>
         <system-err><![CDATA[]]></system-err>
      </testcase>
      <testcase name="Test Cases/Broadcasts/TC0152" classname="Test Cases/Broadcasts/TC0152" status="PASSED">
         <system-out><![CDATA[2019-04-24 12:52:38 - [TEST_CASE][PASSED] - Test Cases/Broadcasts/TC0152: Test Cases/Broadcasts/TC0152

2019-04-24 12:52:38 - [TEST_STEP][PASSED] - callTestCase: Call Test Case 'Test Cases/Broadcasts/TC0150' successfully

2019-04-24 12:52:38 - [TEST_CASE][PASSED] - Test Cases/Broadcasts/TC0150: Test Cases/Broadcasts/TC0150

2019-04-24 12:52:38 - [TEST_STEP][PASSED] - callTestCase: Call Test Case 'Test Cases/s-sidebar_navigation/TeamAccount/Broadcasts' successfully

2019-04-24 12:52:38 - [TEST_CASE][PASSED] - Test Cases/s-sidebar_navigation/TeamAccount/Broadcasts: Test Cases/s-sidebar_navigation/TeamAccount/Broadcasts

2019-04-24 12:52:38 - [TEST_STEP][PASSED] - callTestCase: Call Test Case 'Test Cases/s-sidebar_navigation/individualAccount/broadcast' successfully

2019-04-24 12:52:38 - [TEST_CASE][PASSED] - Test Cases/s-sidebar_navigation/individualAccount/broadcast: Test Cases/s-sidebar_navigation/individualAccount/broadcast

2019-04-24 12:52:38 - [TEST_STEP][PASSED] - click: Object: 'Object Repository/Page_KiboPush  Dashboard/span_Polls' is clicked on

2019-04-24 12:52:39 - [MESSAGE][PASSED] - Object: 'Object Repository/Page_KiboPush  Dashboard/span_Polls' is clicked on

2019-04-24 12:52:39 - [TEST_STEP][PASSED] - delay: Delayed 1 second(s)

2019-04-24 12:52:40 - [MESSAGE][PASSED] - Delayed 1 second(s)

2019-04-24 12:52:40 - [TEST_STEP][PASSED] - click: Object: 'Object Repository/Page_KiboPush  Dashboard/span_Broadcasts' is clicked on

2019-04-24 12:52:40 - [MESSAGE][PASSED] - Object: 'Object Repository/Page_KiboPush  Dashboard/span_Broadcasts' is clicked on

2019-04-24 12:52:40 - [TEST_STEP][PASSED] - delay: Delayed 1 second(s)

2019-04-24 12:52:41 - [MESSAGE][PASSED] - Delayed 1 second(s)

2019-04-24 12:52:41 - [TEST_STEP][PASSED] - scrollToPosition: Browser is scrolled to position x = 0, y = 0

2019-04-24 12:52:41 - [MESSAGE][PASSED] - Browser is scrolled to position x = 0, y = 0

2019-04-24 12:52:41 - [TEST_STEP][PASSED] - click: Object: 'Object Repository/Page_KiboPush  Broadcast/h3_Manage Broadcasts' is clicked on

2019-04-24 12:52:42 - [MESSAGE][PASSED] - Object: 'Object Repository/Page_KiboPush  Broadcast/h3_Manage Broadcasts' is clicked on

2019-04-24 12:52:42 - [MESSAGE][PASSED] - Call Test Case 'Test Cases/s-sidebar_navigation/individualAccount/broadcast' successfully

2019-04-24 12:52:42 - [MESSAGE][PASSED] - Call Test Case 'Test Cases/s-sidebar_navigation/TeamAccount/Broadcasts' successfully

2019-04-24 12:52:42 - [TEST_STEP][PASSED] - click: Object: 'Object Repository/Page_KiboPush  Broadcast/span_Create New Broadcast' is clicked on

2019-04-24 12:52:42 - [MESSAGE][PASSED] - Object: 'Object Repository/Page_KiboPush  Broadcast/span_Create New Broadcast' is clicked on

2019-04-24 12:52:42 - [TEST_STEP][PASSED] - click: Object: 'Object Repository/Page_KiboPush  Broadcast/a_Create New Broadcast' is clicked on

2019-04-24 12:52:43 - [MESSAGE][PASSED] - Object: 'Object Repository/Page_KiboPush  Broadcast/a_Create New Broadcast' is clicked on

2019-04-24 12:52:43 - [TEST_STEP][PASSED] - delay: Delayed 1 second(s)

2019-04-24 12:52:44 - [MESSAGE][PASSED] - Delayed 1 second(s)

2019-04-24 12:52:44 - [TEST_STEP][PASSED] - click: Object: 'Object Repository/Page_KiboPush  Create Broadcast/div_Gallery (1)' is clicked on

2019-04-24 12:52:44 - [MESSAGE][PASSED] - Object: 'Object Repository/Page_KiboPush  Create Broadcast/div_Gallery (1)' is clicked on

2019-04-24 12:52:44 - [TEST_STEP][PASSED] - delay: Delayed 2 second(s)

2019-04-24 12:52:46 - [MESSAGE][PASSED] - Delayed 2 second(s)

2019-04-24 12:52:46 - [MESSAGE][PASSED] - Call Test Case 'Test Cases/Broadcasts/TC0150' successfully

2019-04-24 12:52:46 - [TEST_STEP][PASSED] - setText: Text 'Title' is set on object 'Object Repository/Page_KiboPush  Create Broadcast/input_form-control (6)'

2019-04-24 12:52:47 - [MESSAGE][PASSED] - Text 'Title' is set on object 'Object Repository/Page_KiboPush  Create Broadcast/input_form-control (6)'

2019-04-24 12:52:47 - [TEST_STEP][PASSED] - setText: Text 'Subtitle' is set on object 'Object Repository/Page_KiboPush  Create Broadcast/textarea_form-control'

2019-04-24 12:52:47 - [MESSAGE][PASSED] - Text 'Subtitle' is set on object 'Object Repository/Page_KiboPush  Create Broadcast/textarea_form-control'

2019-04-24 12:52:47 - [TEST_STEP][PASSED] - click: Object: 'Object Repository/Page_KiboPush  Create Broadcast/h6_ Add Button (1)' is clicked on

2019-04-24 12:52:47 - [MESSAGE][PASSED] - Object: 'Object Repository/Page_KiboPush  Create Broadcast/h6_ Add Button (1)' is clicked on

2019-04-24 12:52:47 - [TEST_STEP][PASSED] - click: Object: 'Object Repository/Page_KiboPush  Create Broadcast/button_Cancel (1)' is clicked on

2019-04-24 12:52:48 - [MESSAGE][PASSED] - Object: 'Object Repository/Page_KiboPush  Create Broadcast/button_Cancel (1)' is clicked on

2019-04-24 12:52:48 - [TEST_STEP][PASSED] - click: Object: 'Object Repository/Page_KiboPush  Create Broadcast/div_ Add Button (3)' is clicked on

2019-04-24 12:52:48 - [MESSAGE][PASSED] - Object: 'Object Repository/Page_KiboPush  Create Broadcast/div_ Add Button (3)' is clicked on

2019-04-24 12:52:48 - [TEST_STEP][PASSED] - setText: Text 'KiboPush' is set on object 'Object Repository/Page_KiboPush  Create Broadcast/input_form-control_1 (2)'

2019-04-24 12:52:48 - [MESSAGE][PASSED] - Text 'KiboPush' is set on object 'Object Repository/Page_KiboPush  Create Broadcast/input_form-control_1 (2)'

2019-04-24 12:52:48 - [TEST_STEP][PASSED] - click: Object: 'Object Repository/Page_KiboPush  Create Broadcast/div_Open a website (2)' is clicked on

2019-04-24 12:52:48 - [MESSAGE][PASSED] - Object: 'Object Repository/Page_KiboPush  Create Broadcast/div_Open a website (2)' is clicked on

2019-04-24 12:52:48 - [TEST_STEP][PASSED] - setText: Text 'kibopush.com' is set on object 'Object Repository/Page_KiboPush  Create Broadcast/input_form-control_2'

2019-04-24 12:52:49 - [MESSAGE][PASSED] - Text 'kibopush.com' is set on object 'Object Repository/Page_KiboPush  Create Broadcast/input_form-control_2'

2019-04-24 12:52:49 - [TEST_STEP][PASSED] - click: Object: 'Object Repository/Page_KiboPush  Create Broadcast/button_Done (2)' is clicked on

2019-04-24 12:52:49 - [MESSAGE][PASSED] - Object: 'Object Repository/Page_KiboPush  Create Broadcast/button_Done (2)' is clicked on

2019-04-24 12:52:49 - [TEST_STEP][PASSED] - scrollToPosition: Browser is scrolled to position x = 0, y = 0

2019-04-24 12:52:49 - [MESSAGE][PASSED] - Browser is scrolled to position x = 0, y = 0

2019-04-24 12:52:49 - [TEST_STEP][PASSED] - delay: Delayed 2 second(s)

2019-04-24 12:52:51 - [MESSAGE][PASSED] - Delayed 2 second(s)

2019-04-24 12:52:51 - [TEST_STEP][PASSED] - click: Object: 'Object Repository/Page_KiboPush  Create Broadcast/button_Next (6)' is clicked on

2019-04-24 12:52:51 - [MESSAGE][PASSED] - Object: 'Object Repository/Page_KiboPush  Create Broadcast/button_Next (6)' is clicked on

2019-04-24 12:52:51 - [TEST_STEP][PASSED] - delay: Delayed 1 second(s)

2019-04-24 12:52:52 - [MESSAGE][PASSED] - Delayed 1 second(s)

2019-04-24 12:52:52 - [TEST_STEP][PASSED] - verifyTextPresent: Text 'IN GALLERY MUST HAVE AT LEAST TWO FILLED CARDS.' is present on page 

2019-04-24 12:52:53 - [MESSAGE][PASSED] - Text 'IN GALLERY MUST HAVE AT LEAST TWO FILLED CARDS.' is present on page]]></system-out>
         <system-err><![CDATA[]]></system-err>
      </testcase>
      <testcase name="Test Cases/Broadcasts/TC0153" classname="Test Cases/Broadcasts/TC0153" status="PASSED">
         <system-out><![CDATA[2019-04-24 12:52:53 - [TEST_CASE][PASSED] - Test Cases/Broadcasts/TC0153: Test Cases/Broadcasts/TC0153

2019-04-24 12:52:53 - [TEST_STEP][PASSED] - callTestCase: Call Test Case 'Test Cases/Broadcasts/TC0150' successfully

2019-04-24 12:52:53 - [TEST_CASE][PASSED] - Test Cases/Broadcasts/TC0150: Test Cases/Broadcasts/TC0150

2019-04-24 12:52:53 - [TEST_STEP][PASSED] - callTestCase: Call Test Case 'Test Cases/s-sidebar_navigation/TeamAccount/Broadcasts' successfully

2019-04-24 12:52:53 - [TEST_CASE][PASSED] - Test Cases/s-sidebar_navigation/TeamAccount/Broadcasts: Test Cases/s-sidebar_navigation/TeamAccount/Broadcasts

2019-04-24 12:52:53 - [TEST_STEP][PASSED] - callTestCase: Call Test Case 'Test Cases/s-sidebar_navigation/individualAccount/broadcast' successfully

2019-04-24 12:52:53 - [TEST_CASE][PASSED] - Test Cases/s-sidebar_navigation/individualAccount/broadcast: Test Cases/s-sidebar_navigation/individualAccount/broadcast

2019-04-24 12:52:53 - [TEST_STEP][PASSED] - click: Object: 'Object Repository/Page_KiboPush  Dashboard/span_Polls' is clicked on

2019-04-24 12:52:53 - [MESSAGE][PASSED] - Object: 'Object Repository/Page_KiboPush  Dashboard/span_Polls' is clicked on

2019-04-24 12:52:53 - [TEST_STEP][PASSED] - delay: Delayed 1 second(s)

2019-04-24 12:52:54 - [MESSAGE][PASSED] - Delayed 1 second(s)

2019-04-24 12:52:54 - [TEST_STEP][PASSED] - click: Object: 'Object Repository/Page_KiboPush  Dashboard/span_Broadcasts' is clicked on

2019-04-24 12:52:55 - [MESSAGE][PASSED] - Object: 'Object Repository/Page_KiboPush  Dashboard/span_Broadcasts' is clicked on

2019-04-24 12:52:55 - [TEST_STEP][PASSED] - delay: Delayed 1 second(s)

2019-04-24 12:52:56 - [MESSAGE][PASSED] - Delayed 1 second(s)

2019-04-24 12:52:56 - [TEST_STEP][PASSED] - scrollToPosition: Browser is scrolled to position x = 0, y = 0

2019-04-24 12:52:56 - [MESSAGE][PASSED] - Browser is scrolled to position x = 0, y = 0

2019-04-24 12:52:56 - [TEST_STEP][PASSED] - click: Object: 'Object Repository/Page_KiboPush  Broadcast/h3_Manage Broadcasts' is clicked on

2019-04-24 12:52:56 - [MESSAGE][PASSED] - Object: 'Object Repository/Page_KiboPush  Broadcast/h3_Manage Broadcasts' is clicked on

2019-04-24 12:52:56 - [MESSAGE][PASSED] - Call Test Case 'Test Cases/s-sidebar_navigation/individualAccount/broadcast' successfully

2019-04-24 12:52:56 - [MESSAGE][PASSED] - Call Test Case 'Test Cases/s-sidebar_navigation/TeamAccount/Broadcasts' successfully

2019-04-24 12:52:56 - [TEST_STEP][PASSED] - click: Object: 'Object Repository/Page_KiboPush  Broadcast/span_Create New Broadcast' is clicked on

2019-04-24 12:52:56 - [MESSAGE][PASSED] - Object: 'Object Repository/Page_KiboPush  Broadcast/span_Create New Broadcast' is clicked on

2019-04-24 12:52:56 - [TEST_STEP][PASSED] - click: Object: 'Object Repository/Page_KiboPush  Broadcast/a_Create New Broadcast' is clicked on

2019-04-24 12:52:57 - [MESSAGE][PASSED] - Object: 'Object Repository/Page_KiboPush  Broadcast/a_Create New Broadcast' is clicked on

2019-04-24 12:52:57 - [TEST_STEP][PASSED] - delay: Delayed 1 second(s)

2019-04-24 12:52:58 - [MESSAGE][PASSED] - Delayed 1 second(s)

2019-04-24 12:52:58 - [TEST_STEP][PASSED] - click: Object: 'Object Repository/Page_KiboPush  Create Broadcast/div_Gallery (1)' is clicked on

2019-04-24 12:52:58 - [MESSAGE][PASSED] - Object: 'Object Repository/Page_KiboPush  Create Broadcast/div_Gallery (1)' is clicked on

2019-04-24 12:52:58 - [TEST_STEP][PASSED] - delay: Delayed 2 second(s)

2019-04-24 12:53:00 - [MESSAGE][PASSED] - Delayed 2 second(s)

2019-04-24 12:53:00 - [MESSAGE][PASSED] - Call Test Case 'Test Cases/Broadcasts/TC0150' successfully

2019-04-24 12:53:00 - [TEST_STEP][PASSED] - setText: Text 'Subtitle' is set on object 'Object Repository/Page_KiboPush  Create Broadcast/textarea_S'

2019-04-24 12:53:01 - [MESSAGE][PASSED] - Text 'Subtitle' is set on object 'Object Repository/Page_KiboPush  Create Broadcast/textarea_S'

2019-04-24 12:53:01 - [TEST_STEP][PASSED] - click: Object: 'Object Repository/Page_KiboPush  Create Broadcast/div_ Add Button' is clicked on

2019-04-24 12:53:01 - [MESSAGE][PASSED] - Object: 'Object Repository/Page_KiboPush  Create Broadcast/div_ Add Button' is clicked on

2019-04-24 12:53:01 - [TEST_STEP][PASSED] - setText: Text 'KiboPush' is set on object 'Object Repository/Page_KiboPush  Create Broadcast/input_form-control'

2019-04-24 12:53:02 - [MESSAGE][PASSED] - Text 'KiboPush' is set on object 'Object Repository/Page_KiboPush  Create Broadcast/input_form-control'

2019-04-24 12:53:02 - [TEST_STEP][PASSED] - click: Object: 'Object Repository/Page_KiboPush  Create Broadcast/div_Open a website' is clicked on

2019-04-24 12:53:02 - [MESSAGE][PASSED] - Object: 'Object Repository/Page_KiboPush  Create Broadcast/div_Open a website' is clicked on

2019-04-24 12:53:02 - [TEST_STEP][PASSED] - setText: Text 'kibopush.com' is set on object 'Object Repository/Page_KiboPush  Create Broadcast/input_form-control_2'

2019-04-24 12:53:02 - [MESSAGE][PASSED] - Text 'kibopush.com' is set on object 'Object Repository/Page_KiboPush  Create Broadcast/input_form-control_2'

2019-04-24 12:53:02 - [TEST_STEP][PASSED] - click: Object: 'Object Repository/Page_KiboPush  Create Broadcast/button_Done' is clicked on

2019-04-24 12:53:02 - [MESSAGE][PASSED] - Object: 'Object Repository/Page_KiboPush  Create Broadcast/button_Done' is clicked on

2019-04-24 12:53:02 - [TEST_STEP][PASSED] - Statement - img = com.kms.katalon.core.configuration.RunConfiguration.getProjectDir() + "/sample.jpg": null

2019-04-24 12:53:02 - [TEST_STEP][PASSED] - uploadFile: File 'C:/Users/cloudkibo/Desktop/KiboPush_Automated_Testing/KiboPush Katalon/sample.jpg' sent to object: 'Object Repository/Page_KiboPush  Create Broadcast/input_file'

2019-04-24 12:53:02 - [MESSAGE][PASSED] - File 'C:/Users/cloudkibo/Desktop/KiboPush_Automated_Testing/KiboPush Katalon/sample.jpg' sent to object: 'Object Repository/Page_KiboPush  Create Broadcast/input_file'

2019-04-24 12:53:02 - [TEST_STEP][PASSED] - delay: Delayed 5 second(s)

2019-04-24 12:53:07 - [MESSAGE][PASSED] - Delayed 5 second(s)

2019-04-24 12:53:07 - [TEST_STEP][PASSED] - Statement - driver = com.kms.katalon.core.webui.driver.DriverFactory.getWebDriver(): null

2019-04-24 12:53:07 - [TEST_STEP][PASSED] - Statement - image_popup = driver.findElement(org.openqa.selenium.By.xpath("/html/body/div[5]/div/div[2]/div/a")): null

2019-04-24 12:53:07 - [TEST_STEP][PASSED] - Statement - image_popup.click(): null

2019-04-24 12:53:08 - [TEST_STEP][PASSED] - delay: Delayed 2 second(s)

2019-04-24 12:53:10 - [MESSAGE][PASSED] - Delayed 2 second(s)

2019-04-24 12:53:10 - [TEST_STEP][PASSED] - scrollToPosition: Browser is scrolled to position x = 0, y = 0

2019-04-24 12:53:10 - [MESSAGE][PASSED] - Browser is scrolled to position x = 0, y = 0

2019-04-24 12:53:10 - [TEST_STEP][PASSED] - click: Object: 'Object Repository/Page_KiboPush  Create Broadcast/button_Next' is clicked on

2019-04-24 12:53:10 - [MESSAGE][PASSED] - Object: 'Object Repository/Page_KiboPush  Create Broadcast/button_Next' is clicked on

2019-04-24 12:53:10 - [TEST_STEP][PASSED] - delay: Delayed 1 second(s)

2019-04-24 12:53:11 - [MESSAGE][PASSED] - Delayed 1 second(s)

2019-04-24 12:53:11 - [TEST_STEP][PASSED] - verifyTextPresent: Text 'IN GALLERY MUST HAVE AT LEAST TWO FILLED CARDS.' is present on page 

2019-04-24 12:53:11 - [MESSAGE][PASSED] - Text 'IN GALLERY MUST HAVE AT LEAST TWO FILLED CARDS.' is present on page]]></system-out>
         <system-err><![CDATA[]]></system-err>
      </testcase>
      <testcase name="Test Cases/Broadcasts/TC0154" classname="Test Cases/Broadcasts/TC0154" status="PASSED">
         <system-out><![CDATA[2019-04-24 12:53:11 - [TEST_CASE][PASSED] - Test Cases/Broadcasts/TC0154: Test Cases/Broadcasts/TC0154

2019-04-24 12:53:11 - [TEST_STEP][PASSED] - callTestCase: Call Test Case 'Test Cases/Broadcasts/TC0150' successfully

2019-04-24 12:53:11 - [TEST_CASE][PASSED] - Test Cases/Broadcasts/TC0150: Test Cases/Broadcasts/TC0150

2019-04-24 12:53:12 - [TEST_STEP][PASSED] - callTestCase: Call Test Case 'Test Cases/s-sidebar_navigation/TeamAccount/Broadcasts' successfully

2019-04-24 12:53:12 - [TEST_CASE][PASSED] - Test Cases/s-sidebar_navigation/TeamAccount/Broadcasts: Test Cases/s-sidebar_navigation/TeamAccount/Broadcasts

2019-04-24 12:53:12 - [TEST_STEP][PASSED] - callTestCase: Call Test Case 'Test Cases/s-sidebar_navigation/individualAccount/broadcast' successfully

2019-04-24 12:53:12 - [TEST_CASE][PASSED] - Test Cases/s-sidebar_navigation/individualAccount/broadcast: Test Cases/s-sidebar_navigation/individualAccount/broadcast

2019-04-24 12:53:12 - [TEST_STEP][PASSED] - click: Object: 'Object Repository/Page_KiboPush  Dashboard/span_Polls' is clicked on

2019-04-24 12:53:12 - [MESSAGE][PASSED] - Object: 'Object Repository/Page_KiboPush  Dashboard/span_Polls' is clicked on

2019-04-24 12:53:12 - [TEST_STEP][PASSED] - delay: Delayed 1 second(s)

2019-04-24 12:53:13 - [MESSAGE][PASSED] - Delayed 1 second(s)

2019-04-24 12:53:13 - [TEST_STEP][PASSED] - click: Object: 'Object Repository/Page_KiboPush  Dashboard/span_Broadcasts' is clicked on

2019-04-24 12:53:13 - [MESSAGE][PASSED] - Object: 'Object Repository/Page_KiboPush  Dashboard/span_Broadcasts' is clicked on

2019-04-24 12:53:13 - [TEST_STEP][PASSED] - delay: Delayed 1 second(s)

2019-04-24 12:53:14 - [MESSAGE][PASSED] - Delayed 1 second(s)

2019-04-24 12:53:14 - [TEST_STEP][PASSED] - scrollToPosition: Browser is scrolled to position x = 0, y = 0

2019-04-24 12:53:14 - [MESSAGE][PASSED] - Browser is scrolled to position x = 0, y = 0

2019-04-24 12:53:14 - [TEST_STEP][PASSED] - click: Object: 'Object Repository/Page_KiboPush  Broadcast/h3_Manage Broadcasts' is clicked on

2019-04-24 12:53:14 - [MESSAGE][PASSED] - Object: 'Object Repository/Page_KiboPush  Broadcast/h3_Manage Broadcasts' is clicked on

2019-04-24 12:53:14 - [MESSAGE][PASSED] - Call Test Case 'Test Cases/s-sidebar_navigation/individualAccount/broadcast' successfully

2019-04-24 12:53:14 - [MESSAGE][PASSED] - Call Test Case 'Test Cases/s-sidebar_navigation/TeamAccount/Broadcasts' successfully

2019-04-24 12:53:14 - [TEST_STEP][PASSED] - click: Object: 'Object Repository/Page_KiboPush  Broadcast/span_Create New Broadcast' is clicked on

2019-04-24 12:53:15 - [MESSAGE][PASSED] - Object: 'Object Repository/Page_KiboPush  Broadcast/span_Create New Broadcast' is clicked on

2019-04-24 12:53:15 - [TEST_STEP][PASSED] - click: Object: 'Object Repository/Page_KiboPush  Broadcast/a_Create New Broadcast' is clicked on

2019-04-24 12:53:16 - [MESSAGE][PASSED] - Object: 'Object Repository/Page_KiboPush  Broadcast/a_Create New Broadcast' is clicked on

2019-04-24 12:53:16 - [TEST_STEP][PASSED] - delay: Delayed 1 second(s)

2019-04-24 12:53:17 - [MESSAGE][PASSED] - Delayed 1 second(s)

2019-04-24 12:53:17 - [TEST_STEP][PASSED] - click: Object: 'Object Repository/Page_KiboPush  Create Broadcast/div_Gallery (1)' is clicked on

2019-04-24 12:53:17 - [MESSAGE][PASSED] - Object: 'Object Repository/Page_KiboPush  Create Broadcast/div_Gallery (1)' is clicked on

2019-04-24 12:53:17 - [TEST_STEP][PASSED] - delay: Delayed 2 second(s)

2019-04-24 12:53:19 - [MESSAGE][PASSED] - Delayed 2 second(s)

2019-04-24 12:53:19 - [MESSAGE][PASSED] - Call Test Case 'Test Cases/Broadcasts/TC0150' successfully

2019-04-24 12:53:19 - [TEST_STEP][PASSED] - setText: Text 'Title' is set on object 'Object Repository/Page_KiboPush  Create Broadcast/input_form-control_3'

2019-04-24 12:53:20 - [MESSAGE][PASSED] - Text 'Title' is set on object 'Object Repository/Page_KiboPush  Create Broadcast/input_form-control_3'

2019-04-24 12:53:20 - [TEST_STEP][PASSED] - click: Object: 'Object Repository/Page_KiboPush  Create Broadcast/div_ Add Button' is clicked on

2019-04-24 12:53:20 - [MESSAGE][PASSED] - Object: 'Object Repository/Page_KiboPush  Create Broadcast/div_ Add Button' is clicked on

2019-04-24 12:53:20 - [TEST_STEP][PASSED] - setText: Text 'KiboPush' is set on object 'Object Repository/Page_KiboPush  Create Broadcast/input_form-control (9)'

2019-04-24 12:53:20 - [MESSAGE][PASSED] - Text 'KiboPush' is set on object 'Object Repository/Page_KiboPush  Create Broadcast/input_form-control (9)'

2019-04-24 12:53:20 - [TEST_STEP][PASSED] - click: Object: 'Object Repository/Page_KiboPush  Create Broadcast/div_Open a website' is clicked on

2019-04-24 12:53:20 - [MESSAGE][PASSED] - Object: 'Object Repository/Page_KiboPush  Create Broadcast/div_Open a website' is clicked on

2019-04-24 12:53:20 - [TEST_STEP][PASSED] - setText: Text 'kibopush.com' is set on object 'Object Repository/Page_KiboPush  Create Broadcast/input_form-control_2'

2019-04-24 12:53:21 - [MESSAGE][PASSED] - Text 'kibopush.com' is set on object 'Object Repository/Page_KiboPush  Create Broadcast/input_form-control_2'

2019-04-24 12:53:21 - [TEST_STEP][PASSED] - click: Object: 'Object Repository/Page_KiboPush  Create Broadcast/button_Done' is clicked on

2019-04-24 12:53:21 - [MESSAGE][PASSED] - Object: 'Object Repository/Page_KiboPush  Create Broadcast/button_Done' is clicked on

2019-04-24 12:53:21 - [TEST_STEP][PASSED] - Statement - img = com.kms.katalon.core.configuration.RunConfiguration.getProjectDir() + "/sample.jpg": null

2019-04-24 12:53:21 - [TEST_STEP][PASSED] - uploadFile: File 'C:/Users/cloudkibo/Desktop/KiboPush_Automated_Testing/KiboPush Katalon/sample.jpg' sent to object: 'Object Repository/Page_KiboPush  Create Broadcast/input_file'

2019-04-24 12:53:21 - [MESSAGE][PASSED] - File 'C:/Users/cloudkibo/Desktop/KiboPush_Automated_Testing/KiboPush Katalon/sample.jpg' sent to object: 'Object Repository/Page_KiboPush  Create Broadcast/input_file'

2019-04-24 12:53:21 - [TEST_STEP][PASSED] - delay: Delayed 5 second(s)

2019-04-24 12:53:26 - [MESSAGE][PASSED] - Delayed 5 second(s)

2019-04-24 12:53:26 - [TEST_STEP][PASSED] - Statement - driver = com.kms.katalon.core.webui.driver.DriverFactory.getWebDriver(): null

2019-04-24 12:53:26 - [TEST_STEP][PASSED] - Statement - image_popup = driver.findElement(org.openqa.selenium.By.xpath("/html/body/div[5]/div/div[2]/div/a")): null

2019-04-24 12:53:26 - [TEST_STEP][PASSED] - Statement - image_popup.click(): null

2019-04-24 12:53:26 - [TEST_STEP][PASSED] - delay: Delayed 2 second(s)

2019-04-24 12:53:28 - [MESSAGE][PASSED] - Delayed 2 second(s)

2019-04-24 12:53:28 - [TEST_STEP][PASSED] - scrollToPosition: Browser is scrolled to position x = 0, y = 0

2019-04-24 12:53:28 - [MESSAGE][PASSED] - Browser is scrolled to position x = 0, y = 0

2019-04-24 12:53:28 - [TEST_STEP][PASSED] - click: Object: 'Object Repository/Page_KiboPush  Create Broadcast/button_Next' is clicked on

2019-04-24 12:53:29 - [MESSAGE][PASSED] - Object: 'Object Repository/Page_KiboPush  Create Broadcast/button_Next' is clicked on

2019-04-24 12:53:29 - [TEST_STEP][PASSED] - verifyTextPresent: Text 'IN GALLERY MUST HAVE AT LEAST TWO FILLED CARDS.' is present on page 

2019-04-24 12:53:29 - [MESSAGE][PASSED] - Text 'IN GALLERY MUST HAVE AT LEAST TWO FILLED CARDS.' is present on page]]></system-out>
         <system-err><![CDATA[]]></system-err>
      </testcase>
      <testcase name="Test Cases/Broadcasts/TC0155" classname="Test Cases/Broadcasts/TC0155" status="PASSED">
         <system-out><![CDATA[2019-04-24 12:53:29 - [TEST_CASE][PASSED] - Test Cases/Broadcasts/TC0155: Test Cases/Broadcasts/TC0155

2019-04-24 12:53:29 - [TEST_STEP][PASSED] - callTestCase: Call Test Case 'Test Cases/Broadcasts/TC0150' successfully

2019-04-24 12:53:29 - [TEST_CASE][PASSED] - Test Cases/Broadcasts/TC0150: Test Cases/Broadcasts/TC0150

2019-04-24 12:53:29 - [TEST_STEP][PASSED] - callTestCase: Call Test Case 'Test Cases/s-sidebar_navigation/TeamAccount/Broadcasts' successfully

2019-04-24 12:53:29 - [TEST_CASE][PASSED] - Test Cases/s-sidebar_navigation/TeamAccount/Broadcasts: Test Cases/s-sidebar_navigation/TeamAccount/Broadcasts

2019-04-24 12:53:29 - [TEST_STEP][PASSED] - callTestCase: Call Test Case 'Test Cases/s-sidebar_navigation/individualAccount/broadcast' successfully

2019-04-24 12:53:29 - [TEST_CASE][PASSED] - Test Cases/s-sidebar_navigation/individualAccount/broadcast: Test Cases/s-sidebar_navigation/individualAccount/broadcast

2019-04-24 12:53:29 - [TEST_STEP][PASSED] - click: Object: 'Object Repository/Page_KiboPush  Dashboard/span_Polls' is clicked on

2019-04-24 12:53:30 - [MESSAGE][PASSED] - Object: 'Object Repository/Page_KiboPush  Dashboard/span_Polls' is clicked on

2019-04-24 12:53:30 - [TEST_STEP][PASSED] - delay: Delayed 1 second(s)

2019-04-24 12:53:31 - [MESSAGE][PASSED] - Delayed 1 second(s)

2019-04-24 12:53:31 - [TEST_STEP][PASSED] - click: Object: 'Object Repository/Page_KiboPush  Dashboard/span_Broadcasts' is clicked on

2019-04-24 12:53:31 - [MESSAGE][PASSED] - Object: 'Object Repository/Page_KiboPush  Dashboard/span_Broadcasts' is clicked on

2019-04-24 12:53:31 - [TEST_STEP][PASSED] - delay: Delayed 1 second(s)

2019-04-24 12:53:32 - [MESSAGE][PASSED] - Delayed 1 second(s)

2019-04-24 12:53:32 - [TEST_STEP][PASSED] - scrollToPosition: Browser is scrolled to position x = 0, y = 0

2019-04-24 12:53:32 - [MESSAGE][PASSED] - Browser is scrolled to position x = 0, y = 0

2019-04-24 12:53:32 - [TEST_STEP][PASSED] - click: Object: 'Object Repository/Page_KiboPush  Broadcast/h3_Manage Broadcasts' is clicked on

2019-04-24 12:53:32 - [MESSAGE][PASSED] - Object: 'Object Repository/Page_KiboPush  Broadcast/h3_Manage Broadcasts' is clicked on

2019-04-24 12:53:32 - [MESSAGE][PASSED] - Call Test Case 'Test Cases/s-sidebar_navigation/individualAccount/broadcast' successfully

2019-04-24 12:53:32 - [MESSAGE][PASSED] - Call Test Case 'Test Cases/s-sidebar_navigation/TeamAccount/Broadcasts' successfully

2019-04-24 12:53:32 - [TEST_STEP][PASSED] - click: Object: 'Object Repository/Page_KiboPush  Broadcast/span_Create New Broadcast' is clicked on

2019-04-24 12:53:33 - [MESSAGE][PASSED] - Object: 'Object Repository/Page_KiboPush  Broadcast/span_Create New Broadcast' is clicked on

2019-04-24 12:53:33 - [TEST_STEP][PASSED] - click: Object: 'Object Repository/Page_KiboPush  Broadcast/a_Create New Broadcast' is clicked on

2019-04-24 12:53:33 - [MESSAGE][PASSED] - Object: 'Object Repository/Page_KiboPush  Broadcast/a_Create New Broadcast' is clicked on

2019-04-24 12:53:33 - [TEST_STEP][PASSED] - delay: Delayed 1 second(s)

2019-04-24 12:53:34 - [MESSAGE][PASSED] - Delayed 1 second(s)

2019-04-24 12:53:34 - [TEST_STEP][PASSED] - click: Object: 'Object Repository/Page_KiboPush  Create Broadcast/div_Gallery (1)' is clicked on

2019-04-24 12:53:35 - [MESSAGE][PASSED] - Object: 'Object Repository/Page_KiboPush  Create Broadcast/div_Gallery (1)' is clicked on

2019-04-24 12:53:35 - [TEST_STEP][PASSED] - delay: Delayed 2 second(s)

2019-04-24 12:53:37 - [MESSAGE][PASSED] - Delayed 2 second(s)

2019-04-24 12:53:37 - [MESSAGE][PASSED] - Call Test Case 'Test Cases/Broadcasts/TC0150' successfully

2019-04-24 12:53:37 - [TEST_STEP][PASSED] - setText: Text 'Title' is set on object 'Object Repository/Page_KiboPush  Create Broadcast/input_form-control_3'

2019-04-24 12:53:37 - [MESSAGE][PASSED] - Text 'Title' is set on object 'Object Repository/Page_KiboPush  Create Broadcast/input_form-control_3'

2019-04-24 12:53:37 - [TEST_STEP][PASSED] - setText: Text 'Subtitle' is set on object 'Object Repository/Page_KiboPush  Create Broadcast/textarea_form-control'

2019-04-24 12:53:38 - [MESSAGE][PASSED] - Text 'Subtitle' is set on object 'Object Repository/Page_KiboPush  Create Broadcast/textarea_form-control'

2019-04-24 12:53:38 - [TEST_STEP][PASSED] - Statement - img = com.kms.katalon.core.configuration.RunConfiguration.getProjectDir() + "/sample.jpg": null

2019-04-24 12:53:38 - [TEST_STEP][PASSED] - uploadFile: File 'C:/Users/cloudkibo/Desktop/KiboPush_Automated_Testing/KiboPush Katalon/sample.jpg' sent to object: 'Object Repository/Page_KiboPush  Create Broadcast/input_file'

2019-04-24 12:53:38 - [MESSAGE][PASSED] - File 'C:/Users/cloudkibo/Desktop/KiboPush_Automated_Testing/KiboPush Katalon/sample.jpg' sent to object: 'Object Repository/Page_KiboPush  Create Broadcast/input_file'

2019-04-24 12:53:38 - [TEST_STEP][PASSED] - delay: Delayed 5 second(s)

2019-04-24 12:53:43 - [MESSAGE][PASSED] - Delayed 5 second(s)

2019-04-24 12:53:43 - [TEST_STEP][PASSED] - Statement - driver = com.kms.katalon.core.webui.driver.DriverFactory.getWebDriver(): null

2019-04-24 12:53:43 - [TEST_STEP][PASSED] - Statement - image_popup = driver.findElement(org.openqa.selenium.By.xpath("/html/body/div[5]/div/div[2]/div/a")): null

2019-04-24 12:53:43 - [TEST_STEP][PASSED] - Statement - image_popup.click(): null

2019-04-24 12:53:43 - [TEST_STEP][PASSED] - delay: Delayed 2 second(s)

2019-04-24 12:53:45 - [MESSAGE][PASSED] - Delayed 2 second(s)

2019-04-24 12:53:45 - [TEST_STEP][PASSED] - scrollToPosition: Browser is scrolled to position x = 0, y = 0

2019-04-24 12:53:45 - [MESSAGE][PASSED] - Browser is scrolled to position x = 0, y = 0

2019-04-24 12:53:45 - [TEST_STEP][PASSED] - click: Object: 'Object Repository/Page_KiboPush  Create Broadcast/button_Next' is clicked on

2019-04-24 12:53:45 - [MESSAGE][PASSED] - Object: 'Object Repository/Page_KiboPush  Create Broadcast/button_Next' is clicked on

2019-04-24 12:53:45 - [TEST_STEP][PASSED] - verifyTextPresent: Text 'IN GALLERY MUST HAVE AT LEAST TWO FILLED CARDS.' is present on page 

2019-04-24 12:53:46 - [MESSAGE][PASSED] - Text 'IN GALLERY MUST HAVE AT LEAST TWO FILLED CARDS.' is present on page]]></system-out>
         <system-err><![CDATA[]]></system-err>
      </testcase>
      <testcase name="Test Cases/Broadcasts/TC0156" classname="Test Cases/Broadcasts/TC0156" status="PASSED">
         <system-out><![CDATA[2019-04-24 12:53:46 - [TEST_CASE][PASSED] - Test Cases/Broadcasts/TC0156: Test Cases/Broadcasts/TC0156

2019-04-24 12:53:46 - [TEST_STEP][PASSED] - callTestCase: Call Test Case 'Test Cases/Broadcasts/TC0150' successfully

2019-04-24 12:53:46 - [TEST_CASE][PASSED] - Test Cases/Broadcasts/TC0150: Test Cases/Broadcasts/TC0150

2019-04-24 12:53:46 - [TEST_STEP][PASSED] - callTestCase: Call Test Case 'Test Cases/s-sidebar_navigation/TeamAccount/Broadcasts' successfully

2019-04-24 12:53:46 - [TEST_CASE][PASSED] - Test Cases/s-sidebar_navigation/TeamAccount/Broadcasts: Test Cases/s-sidebar_navigation/TeamAccount/Broadcasts

2019-04-24 12:53:46 - [TEST_STEP][PASSED] - callTestCase: Call Test Case 'Test Cases/s-sidebar_navigation/individualAccount/broadcast' successfully

2019-04-24 12:53:46 - [TEST_CASE][PASSED] - Test Cases/s-sidebar_navigation/individualAccount/broadcast: Test Cases/s-sidebar_navigation/individualAccount/broadcast

2019-04-24 12:53:46 - [TEST_STEP][PASSED] - click: Object: 'Object Repository/Page_KiboPush  Dashboard/span_Polls' is clicked on

2019-04-24 12:53:46 - [MESSAGE][PASSED] - Object: 'Object Repository/Page_KiboPush  Dashboard/span_Polls' is clicked on

2019-04-24 12:53:46 - [TEST_STEP][PASSED] - delay: Delayed 1 second(s)

2019-04-24 12:53:47 - [MESSAGE][PASSED] - Delayed 1 second(s)

2019-04-24 12:53:47 - [TEST_STEP][PASSED] - click: Object: 'Object Repository/Page_KiboPush  Dashboard/span_Broadcasts' is clicked on

2019-04-24 12:53:48 - [MESSAGE][PASSED] - Object: 'Object Repository/Page_KiboPush  Dashboard/span_Broadcasts' is clicked on

2019-04-24 12:53:48 - [TEST_STEP][PASSED] - delay: Delayed 1 second(s)

2019-04-24 12:53:49 - [MESSAGE][PASSED] - Delayed 1 second(s)

2019-04-24 12:53:49 - [TEST_STEP][PASSED] - scrollToPosition: Browser is scrolled to position x = 0, y = 0

2019-04-24 12:53:49 - [MESSAGE][PASSED] - Browser is scrolled to position x = 0, y = 0

2019-04-24 12:53:49 - [TEST_STEP][PASSED] - click: Object: 'Object Repository/Page_KiboPush  Broadcast/h3_Manage Broadcasts' is clicked on

2019-04-24 12:53:49 - [MESSAGE][PASSED] - Object: 'Object Repository/Page_KiboPush  Broadcast/h3_Manage Broadcasts' is clicked on

2019-04-24 12:53:49 - [MESSAGE][PASSED] - Call Test Case 'Test Cases/s-sidebar_navigation/individualAccount/broadcast' successfully

2019-04-24 12:53:49 - [MESSAGE][PASSED] - Call Test Case 'Test Cases/s-sidebar_navigation/TeamAccount/Broadcasts' successfully

2019-04-24 12:53:49 - [TEST_STEP][PASSED] - click: Object: 'Object Repository/Page_KiboPush  Broadcast/span_Create New Broadcast' is clicked on

2019-04-24 12:53:49 - [MESSAGE][PASSED] - Object: 'Object Repository/Page_KiboPush  Broadcast/span_Create New Broadcast' is clicked on

2019-04-24 12:53:49 - [TEST_STEP][PASSED] - click: Object: 'Object Repository/Page_KiboPush  Broadcast/a_Create New Broadcast' is clicked on

2019-04-24 12:53:50 - [MESSAGE][PASSED] - Object: 'Object Repository/Page_KiboPush  Broadcast/a_Create New Broadcast' is clicked on

2019-04-24 12:53:50 - [TEST_STEP][PASSED] - delay: Delayed 1 second(s)

2019-04-24 12:53:51 - [MESSAGE][PASSED] - Delayed 1 second(s)

2019-04-24 12:53:51 - [TEST_STEP][PASSED] - click: Object: 'Object Repository/Page_KiboPush  Create Broadcast/div_Gallery (1)' is clicked on

2019-04-24 12:53:52 - [MESSAGE][PASSED] - Object: 'Object Repository/Page_KiboPush  Create Broadcast/div_Gallery (1)' is clicked on

2019-04-24 12:53:52 - [TEST_STEP][PASSED] - delay: Delayed 2 second(s)

2019-04-24 12:53:54 - [MESSAGE][PASSED] - Delayed 2 second(s)

2019-04-24 12:53:54 - [MESSAGE][PASSED] - Call Test Case 'Test Cases/Broadcasts/TC0150' successfully

2019-04-24 12:53:54 - [TEST_STEP][PASSED] - Statement - img = com.kms.katalon.core.configuration.RunConfiguration.getProjectDir() + "/sample.jpg": null

2019-04-24 12:53:54 - [TEST_STEP][PASSED] - uploadFile: File 'C:/Users/cloudkibo/Desktop/KiboPush_Automated_Testing/KiboPush Katalon/sample.jpg' sent to object: 'Object Repository/Page_KiboPush  Create Broadcast/input_file'

2019-04-24 12:53:54 - [MESSAGE][PASSED] - File 'C:/Users/cloudkibo/Desktop/KiboPush_Automated_Testing/KiboPush Katalon/sample.jpg' sent to object: 'Object Repository/Page_KiboPush  Create Broadcast/input_file']]></system-out>
         <system-err><![CDATA[]]></system-err>
      </testcase>
      <testcase name="Test Cases/Broadcasts/TC0157" classname="Test Cases/Broadcasts/TC0157" status="PASSED">
         <system-out><![CDATA[2019-04-24 12:53:54 - [TEST_CASE][PASSED] - Test Cases/Broadcasts/TC0157: Test Cases/Broadcasts/TC0157

2019-04-24 12:53:54 - [TEST_STEP][PASSED] - callTestCase: Call Test Case 'Test Cases/Broadcasts/TC0150' successfully

2019-04-24 12:53:54 - [TEST_CASE][PASSED] - Test Cases/Broadcasts/TC0150: Test Cases/Broadcasts/TC0150

2019-04-24 12:53:54 - [TEST_STEP][PASSED] - callTestCase: Call Test Case 'Test Cases/s-sidebar_navigation/TeamAccount/Broadcasts' successfully

2019-04-24 12:53:54 - [TEST_CASE][PASSED] - Test Cases/s-sidebar_navigation/TeamAccount/Broadcasts: Test Cases/s-sidebar_navigation/TeamAccount/Broadcasts

2019-04-24 12:53:54 - [TEST_STEP][PASSED] - callTestCase: Call Test Case 'Test Cases/s-sidebar_navigation/individualAccount/broadcast' successfully

2019-04-24 12:53:54 - [TEST_CASE][PASSED] - Test Cases/s-sidebar_navigation/individualAccount/broadcast: Test Cases/s-sidebar_navigation/individualAccount/broadcast

2019-04-24 12:53:54 - [TEST_STEP][PASSED] - click: Object: 'Object Repository/Page_KiboPush  Dashboard/span_Polls' is clicked on

2019-04-24 12:53:54 - [MESSAGE][PASSED] - Object: 'Object Repository/Page_KiboPush  Dashboard/span_Polls' is clicked on

2019-04-24 12:53:54 - [TEST_STEP][PASSED] - delay: Delayed 1 second(s)

2019-04-24 12:53:55 - [MESSAGE][PASSED] - Delayed 1 second(s)

2019-04-24 12:53:55 - [TEST_STEP][PASSED] - click: Object: 'Object Repository/Page_KiboPush  Dashboard/span_Broadcasts' is clicked on

2019-04-24 12:53:56 - [MESSAGE][PASSED] - Object: 'Object Repository/Page_KiboPush  Dashboard/span_Broadcasts' is clicked on

2019-04-24 12:53:56 - [TEST_STEP][PASSED] - delay: Delayed 1 second(s)

2019-04-24 12:53:57 - [MESSAGE][PASSED] - Delayed 1 second(s)

2019-04-24 12:53:57 - [TEST_STEP][PASSED] - scrollToPosition: Browser is scrolled to position x = 0, y = 0

2019-04-24 12:53:57 - [MESSAGE][PASSED] - Browser is scrolled to position x = 0, y = 0

2019-04-24 12:53:57 - [TEST_STEP][PASSED] - click: Object: 'Object Repository/Page_KiboPush  Broadcast/h3_Manage Broadcasts' is clicked on

2019-04-24 12:53:57 - [MESSAGE][PASSED] - Object: 'Object Repository/Page_KiboPush  Broadcast/h3_Manage Broadcasts' is clicked on

2019-04-24 12:53:57 - [MESSAGE][PASSED] - Call Test Case 'Test Cases/s-sidebar_navigation/individualAccount/broadcast' successfully

2019-04-24 12:53:57 - [MESSAGE][PASSED] - Call Test Case 'Test Cases/s-sidebar_navigation/TeamAccount/Broadcasts' successfully

2019-04-24 12:53:57 - [TEST_STEP][PASSED] - click: Object: 'Object Repository/Page_KiboPush  Broadcast/span_Create New Broadcast' is clicked on

2019-04-24 12:53:57 - [MESSAGE][PASSED] - Object: 'Object Repository/Page_KiboPush  Broadcast/span_Create New Broadcast' is clicked on

2019-04-24 12:53:57 - [TEST_STEP][PASSED] - click: Object: 'Object Repository/Page_KiboPush  Broadcast/a_Create New Broadcast' is clicked on

2019-04-24 12:53:58 - [MESSAGE][PASSED] - Object: 'Object Repository/Page_KiboPush  Broadcast/a_Create New Broadcast' is clicked on

2019-04-24 12:53:58 - [TEST_STEP][PASSED] - delay: Delayed 1 second(s)

2019-04-24 12:53:59 - [MESSAGE][PASSED] - Delayed 1 second(s)

2019-04-24 12:53:59 - [TEST_STEP][PASSED] - click: Object: 'Object Repository/Page_KiboPush  Create Broadcast/div_Gallery (1)' is clicked on

2019-04-24 12:54:00 - [MESSAGE][PASSED] - Object: 'Object Repository/Page_KiboPush  Create Broadcast/div_Gallery (1)' is clicked on

2019-04-24 12:54:00 - [TEST_STEP][PASSED] - delay: Delayed 2 second(s)

2019-04-24 12:54:02 - [MESSAGE][PASSED] - Delayed 2 second(s)

2019-04-24 12:54:02 - [MESSAGE][PASSED] - Call Test Case 'Test Cases/Broadcasts/TC0150' successfully

2019-04-24 12:54:02 - [TEST_STEP][PASSED] - delay: Delayed 1 second(s)

2019-04-24 12:54:03 - [MESSAGE][PASSED] - Delayed 1 second(s)

2019-04-24 12:54:03 - [TEST_STEP][PASSED] - click: Object: 'Object Repository/Page_KiboPush  Create Broadcast/div_ Add Button' is clicked on

2019-04-24 12:54:03 - [MESSAGE][PASSED] - Object: 'Object Repository/Page_KiboPush  Create Broadcast/div_ Add Button' is clicked on

2019-04-24 12:54:03 - [TEST_STEP][PASSED] - setText: Text 'KiboPush' is set on object 'Object Repository/Page_KiboPush  Create Broadcast/input_form-control'

2019-04-24 12:54:03 - [MESSAGE][PASSED] - Text 'KiboPush' is set on object 'Object Repository/Page_KiboPush  Create Broadcast/input_form-control'

2019-04-24 12:54:03 - [TEST_STEP][PASSED] - click: Object: 'Object Repository/Page_KiboPush  Create Broadcast/div_Open a website' is clicked on

2019-04-24 12:54:03 - [MESSAGE][PASSED] - Object: 'Object Repository/Page_KiboPush  Create Broadcast/div_Open a website' is clicked on

2019-04-24 12:54:03 - [TEST_STEP][PASSED] - setText: Text 'kibopush.com' is set on object 'Object Repository/Page_KiboPush  Create Broadcast/input_form-control_1'

2019-04-24 12:54:04 - [MESSAGE][PASSED] - Text 'kibopush.com' is set on object 'Object Repository/Page_KiboPush  Create Broadcast/input_form-control_1'

2019-04-24 12:54:04 - [TEST_STEP][PASSED] - click: Object: 'Object Repository/Page_KiboPush  Create Broadcast/button_Done' is clicked on

2019-04-24 12:54:04 - [MESSAGE][PASSED] - Object: 'Object Repository/Page_KiboPush  Create Broadcast/button_Done' is clicked on]]></system-out>
         <system-err><![CDATA[]]></system-err>
      </testcase>
      <testcase name="Test Cases/Broadcasts/TC0160" classname="Test Cases/Broadcasts/TC0160" status="PASSED">
         <system-out><![CDATA[2019-04-24 12:54:04 - [TEST_CASE][PASSED] - Test Cases/Broadcasts/TC0160: Test Cases/Broadcasts/TC0160

2019-04-24 12:54:04 - [TEST_STEP][PASSED] - callTestCase: Call Test Case 'Test Cases/Broadcasts/TC0150' successfully

2019-04-24 12:54:04 - [TEST_CASE][PASSED] - Test Cases/Broadcasts/TC0150: Test Cases/Broadcasts/TC0150

2019-04-24 12:54:04 - [TEST_STEP][PASSED] - callTestCase: Call Test Case 'Test Cases/s-sidebar_navigation/TeamAccount/Broadcasts' successfully

2019-04-24 12:54:04 - [TEST_CASE][PASSED] - Test Cases/s-sidebar_navigation/TeamAccount/Broadcasts: Test Cases/s-sidebar_navigation/TeamAccount/Broadcasts

2019-04-24 12:54:04 - [TEST_STEP][PASSED] - callTestCase: Call Test Case 'Test Cases/s-sidebar_navigation/individualAccount/broadcast' successfully

2019-04-24 12:54:04 - [TEST_CASE][PASSED] - Test Cases/s-sidebar_navigation/individualAccount/broadcast: Test Cases/s-sidebar_navigation/individualAccount/broadcast

2019-04-24 12:54:04 - [TEST_STEP][PASSED] - click: Object: 'Object Repository/Page_KiboPush  Dashboard/span_Polls' is clicked on

2019-04-24 12:54:05 - [MESSAGE][PASSED] - Object: 'Object Repository/Page_KiboPush  Dashboard/span_Polls' is clicked on

2019-04-24 12:54:05 - [TEST_STEP][PASSED] - delay: Delayed 1 second(s)

2019-04-24 12:54:06 - [MESSAGE][PASSED] - Delayed 1 second(s)

2019-04-24 12:54:06 - [TEST_STEP][PASSED] - click: Object: 'Object Repository/Page_KiboPush  Dashboard/span_Broadcasts' is clicked on

2019-04-24 12:54:06 - [MESSAGE][PASSED] - Object: 'Object Repository/Page_KiboPush  Dashboard/span_Broadcasts' is clicked on

2019-04-24 12:54:06 - [TEST_STEP][PASSED] - delay: Delayed 1 second(s)

2019-04-24 12:54:07 - [MESSAGE][PASSED] - Delayed 1 second(s)

2019-04-24 12:54:07 - [TEST_STEP][PASSED] - scrollToPosition: Browser is scrolled to position x = 0, y = 0

2019-04-24 12:54:07 - [MESSAGE][PASSED] - Browser is scrolled to position x = 0, y = 0

2019-04-24 12:54:07 - [TEST_STEP][PASSED] - click: Object: 'Object Repository/Page_KiboPush  Broadcast/h3_Manage Broadcasts' is clicked on

2019-04-24 12:54:07 - [MESSAGE][PASSED] - Object: 'Object Repository/Page_KiboPush  Broadcast/h3_Manage Broadcasts' is clicked on

2019-04-24 12:54:07 - [MESSAGE][PASSED] - Call Test Case 'Test Cases/s-sidebar_navigation/individualAccount/broadcast' successfully

2019-04-24 12:54:07 - [MESSAGE][PASSED] - Call Test Case 'Test Cases/s-sidebar_navigation/TeamAccount/Broadcasts' successfully

2019-04-24 12:54:07 - [TEST_STEP][PASSED] - click: Object: 'Object Repository/Page_KiboPush  Broadcast/span_Create New Broadcast' is clicked on

2019-04-24 12:54:08 - [MESSAGE][PASSED] - Object: 'Object Repository/Page_KiboPush  Broadcast/span_Create New Broadcast' is clicked on

2019-04-24 12:54:08 - [TEST_STEP][PASSED] - click: Object: 'Object Repository/Page_KiboPush  Broadcast/a_Create New Broadcast' is clicked on

2019-04-24 12:54:09 - [MESSAGE][PASSED] - Object: 'Object Repository/Page_KiboPush  Broadcast/a_Create New Broadcast' is clicked on

2019-04-24 12:54:09 - [TEST_STEP][PASSED] - delay: Delayed 1 second(s)

2019-04-24 12:54:10 - [MESSAGE][PASSED] - Delayed 1 second(s)

2019-04-24 12:54:10 - [TEST_STEP][PASSED] - click: Object: 'Object Repository/Page_KiboPush  Create Broadcast/div_Gallery (1)' is clicked on

2019-04-24 12:54:10 - [MESSAGE][PASSED] - Object: 'Object Repository/Page_KiboPush  Create Broadcast/div_Gallery (1)' is clicked on

2019-04-24 12:54:10 - [TEST_STEP][PASSED] - delay: Delayed 2 second(s)

2019-04-24 12:54:12 - [MESSAGE][PASSED] - Delayed 2 second(s)

2019-04-24 12:54:12 - [MESSAGE][PASSED] - Call Test Case 'Test Cases/Broadcasts/TC0150' successfully

2019-04-24 12:54:12 - [TEST_STEP][PASSED] - delay: Delayed 1 second(s)

2019-04-24 12:54:13 - [MESSAGE][PASSED] - Delayed 1 second(s)

2019-04-24 12:54:13 - [TEST_STEP][PASSED] - click: Object: 'Object Repository/Page_KiboPush  Create Broadcast/span_slick-arrow slick-next (3) (1)' is clicked on

2019-04-24 12:54:14 - [MESSAGE][PASSED] - Object: 'Object Repository/Page_KiboPush  Create Broadcast/span_slick-arrow slick-next (3) (1)' is clicked on

2019-04-24 12:54:14 - [TEST_STEP][PASSED] - click: Object: 'Object Repository/Page_KiboPush  Create Broadcast/span_Add' is clicked on

2019-04-24 12:54:14 - [MESSAGE][PASSED] - Object: 'Object Repository/Page_KiboPush  Create Broadcast/span_Add' is clicked on

2019-04-24 12:54:14 - [TEST_STEP][PASSED] - delay: Delayed 1 second(s)

2019-04-24 12:54:15 - [MESSAGE][PASSED] - Delayed 1 second(s)]]></system-out>
         <system-err><![CDATA[]]></system-err>
      </testcase>
      <testcase name="Test Cases/Broadcasts/TC0161" classname="Test Cases/Broadcasts/TC0161" status="PASSED">
         <system-out><![CDATA[2019-04-24 12:54:15 - [TEST_CASE][PASSED] - Test Cases/Broadcasts/TC0161: Test Cases/Broadcasts/TC0161

2019-04-24 12:54:15 - [TEST_STEP][PASSED] - callTestCase: Call Test Case 'Test Cases/s-sidebar_navigation/individualAccount/arveen_production_login_kiboengage' successfully

2019-04-24 12:54:15 - [TEST_CASE][PASSED] - Test Cases/s-sidebar_navigation/individualAccount/arveen_production_login_kiboengage: Test Cases/s-sidebar_navigation/individualAccount/arveen_production_login_kiboengage

2019-04-24 12:54:15 - [TEST_STEP][PASSED] - openBrowser: Browser is opened with url: ''

2019-04-24 12:54:15 - [MESSAGE][WARNING] - A browser is already opened. Closing browser and opening a new one

2019-04-24 12:54:19 - [MESSAGE][PASSED] - Browser is opened with url: ''

2019-04-24 12:54:19 - [TEST_STEP][PASSED] - maximizeWindow: Current window maximized

2019-04-24 12:54:20 - [MESSAGE][PASSED] - Current window maximized

2019-04-24 12:54:20 - [TEST_STEP][PASSED] - navigateToUrl: Navigate to 'https://kiboengage.cloudkibo.com/' successfully

2019-04-24 12:54:34 - [MESSAGE][PASSED] - Navigate to 'https://kiboengage.cloudkibo.com/' successfully

2019-04-24 12:54:34 - [TEST_STEP][PASSED] - navigateToUrl: Navigate to 'https://accounts.cloudkibo.com/?continue=https://kiboengage.cloudkibo.com' successfully

2019-04-24 12:54:36 - [MESSAGE][PASSED] - Navigate to 'https://accounts.cloudkibo.com/?continue=https://kiboengage.cloudkibo.com' successfully

2019-04-24 12:54:36 - [TEST_STEP][PASSED] - click: Object: 'Object Repository/Page_CloudKibo/a_Login (2) (1) (1)' is clicked on

2019-04-24 12:54:37 - [MESSAGE][PASSED] - Object: 'Object Repository/Page_CloudKibo/a_Login (2) (1) (1)' is clicked on

2019-04-24 12:54:37 - [TEST_STEP][PASSED] - setText: Text 'individual@cloudkibo.com' is set on object 'Object Repository/Page_KiboPush/input_email (10) (1) (1)'

2019-04-24 12:54:37 - [MESSAGE][PASSED] - Text 'individual@cloudkibo.com' is set on object 'Object Repository/Page_KiboPush/input_email (10) (1) (1)'

2019-04-24 12:54:37 - [TEST_STEP][PASSED] - setEncryptedText: Text ****** has been set on object 'Object Repository/Page_CloudKibo/input_Sign In_password (7)'

2019-04-24 12:54:38 - [MESSAGE][PASSED] - Text ****** has been set on object 'Object Repository/Page_CloudKibo/input_Sign In_password (7)'

2019-04-24 12:54:38 - [TEST_STEP][PASSED] - click: Object: 'Object Repository/Page_KiboPush/button_Sign In (10) (1) (2)' is clicked on

2019-04-24 12:54:38 - [MESSAGE][PASSED] - Object: 'Object Repository/Page_KiboPush/button_Sign In (10) (1) (2)' is clicked on

2019-04-24 12:54:38 - [TEST_STEP][PASSED] - click: Object: 'Object Repository/Page_KiboPush  Dashboard/h3_Dashboard (57)' is clicked on

2019-04-24 12:54:51 - [MESSAGE][PASSED] - Object: 'Object Repository/Page_KiboPush  Dashboard/h3_Dashboard (57)' is clicked on

2019-04-24 12:54:51 - [TEST_STEP][PASSED] - delay: Delayed 3 second(s)

2019-04-24 12:54:54 - [MESSAGE][PASSED] - Delayed 3 second(s)

2019-04-24 12:54:54 - [TEST_STEP][PASSED] - click: Object: 'Object Repository/Page_KiboEngage  Dashboard/a_SMS (2) (1) (1) (1) (3)' is clicked on

2019-04-24 12:54:54 - [MESSAGE][PASSED] - Object: 'Object Repository/Page_KiboEngage  Dashboard/a_SMS (2) (1) (1) (1) (3)' is clicked on

2019-04-24 12:54:54 - [TEST_STEP][PASSED] - delay: Delayed 2 second(s)

2019-04-24 12:54:56 - [MESSAGE][PASSED] - Delayed 2 second(s)

2019-04-24 12:54:56 - [TEST_STEP][PASSED] - click: Object: 'Object Repository/Page_KiboEngage  Dashboard/span_Messenger (1) (1) (1) (3)' is clicked on

2019-04-24 12:54:57 - [MESSAGE][PASSED] - Object: 'Object Repository/Page_KiboEngage  Dashboard/span_Messenger (1) (1) (1) (3)' is clicked on

2019-04-24 12:54:57 - [TEST_STEP][PASSED] - delay: Delayed 2 second(s)

2019-04-24 12:54:59 - [MESSAGE][PASSED] - Delayed 2 second(s)

2019-04-24 12:54:59 - [MESSAGE][PASSED] - Call Test Case 'Test Cases/s-sidebar_navigation/individualAccount/arveen_production_login_kiboengage' successfully

2019-04-24 12:54:59 - [TEST_STEP][PASSED] - callTestCase: Call Test Case 'Test Cases/Broadcasts/open_broadcast' successfully

2019-04-24 12:54:59 - [TEST_CASE][PASSED] - Test Cases/Broadcasts/open_broadcast: Test Cases/Broadcasts/open_broadcast

2019-04-24 12:54:59 - [TEST_STEP][PASSED] - click: Object: 'Object Repository/Page_KiboPush  Dashboard/span_Broadcasting' is clicked on

2019-04-24 12:54:59 - [MESSAGE][PASSED] - Object: 'Object Repository/Page_KiboPush  Dashboard/span_Broadcasting' is clicked on

2019-04-24 12:54:59 - [TEST_STEP][PASSED] - delay: Delayed 2 second(s)

2019-04-24 12:55:01 - [MESSAGE][PASSED] - Delayed 2 second(s)

2019-04-24 12:55:01 - [MESSAGE][PASSED] - Call Test Case 'Test Cases/Broadcasts/open_broadcast' successfully

2019-04-24 12:55:01 - [TEST_STEP][PASSED] - callTestCase: Call Test Case 'Test Cases/Broadcasts/TC0150' successfully

2019-04-24 12:55:01 - [TEST_CASE][PASSED] - Test Cases/Broadcasts/TC0150: Test Cases/Broadcasts/TC0150

2019-04-24 12:55:01 - [TEST_STEP][PASSED] - callTestCase: Call Test Case 'Test Cases/s-sidebar_navigation/TeamAccount/Broadcasts' successfully

2019-04-24 12:55:01 - [TEST_CASE][PASSED] - Test Cases/s-sidebar_navigation/TeamAccount/Broadcasts: Test Cases/s-sidebar_navigation/TeamAccount/Broadcasts

2019-04-24 12:55:01 - [TEST_STEP][PASSED] - callTestCase: Call Test Case 'Test Cases/s-sidebar_navigation/individualAccount/broadcast' successfully

2019-04-24 12:55:01 - [TEST_CASE][PASSED] - Test Cases/s-sidebar_navigation/individualAccount/broadcast: Test Cases/s-sidebar_navigation/individualAccount/broadcast

2019-04-24 12:55:01 - [TEST_STEP][PASSED] - click: Object: 'Object Repository/Page_KiboPush  Dashboard/span_Polls' is clicked on

2019-04-24 12:55:02 - [MESSAGE][PASSED] - Object: 'Object Repository/Page_KiboPush  Dashboard/span_Polls' is clicked on

2019-04-24 12:55:02 - [TEST_STEP][PASSED] - delay: Delayed 1 second(s)

2019-04-24 12:55:03 - [MESSAGE][PASSED] - Delayed 1 second(s)

2019-04-24 12:55:03 - [TEST_STEP][PASSED] - click: Object: 'Object Repository/Page_KiboPush  Dashboard/span_Broadcasts' is clicked on

2019-04-24 12:55:03 - [MESSAGE][PASSED] - Object: 'Object Repository/Page_KiboPush  Dashboard/span_Broadcasts' is clicked on

2019-04-24 12:55:03 - [TEST_STEP][PASSED] - delay: Delayed 1 second(s)

2019-04-24 12:55:04 - [MESSAGE][PASSED] - Delayed 1 second(s)

2019-04-24 12:55:04 - [TEST_STEP][PASSED] - scrollToPosition: Browser is scrolled to position x = 0, y = 0

2019-04-24 12:55:04 - [MESSAGE][PASSED] - Browser is scrolled to position x = 0, y = 0

2019-04-24 12:55:04 - [TEST_STEP][PASSED] - click: Object: 'Object Repository/Page_KiboPush  Broadcast/h3_Manage Broadcasts' is clicked on

2019-04-24 12:55:04 - [MESSAGE][PASSED] - Object: 'Object Repository/Page_KiboPush  Broadcast/h3_Manage Broadcasts' is clicked on

2019-04-24 12:55:04 - [MESSAGE][PASSED] - Call Test Case 'Test Cases/s-sidebar_navigation/individualAccount/broadcast' successfully

2019-04-24 12:55:04 - [MESSAGE][PASSED] - Call Test Case 'Test Cases/s-sidebar_navigation/TeamAccount/Broadcasts' successfully

2019-04-24 12:55:04 - [TEST_STEP][PASSED] - click: Object: 'Object Repository/Page_KiboPush  Broadcast/span_Create New Broadcast' is clicked on

2019-04-24 12:55:05 - [MESSAGE][PASSED] - Object: 'Object Repository/Page_KiboPush  Broadcast/span_Create New Broadcast' is clicked on

2019-04-24 12:55:05 - [TEST_STEP][PASSED] - click: Object: 'Object Repository/Page_KiboPush  Broadcast/a_Create New Broadcast' is clicked on

2019-04-24 12:55:05 - [MESSAGE][PASSED] - Object: 'Object Repository/Page_KiboPush  Broadcast/a_Create New Broadcast' is clicked on

2019-04-24 12:55:05 - [TEST_STEP][PASSED] - delay: Delayed 1 second(s)

2019-04-24 12:55:06 - [MESSAGE][PASSED] - Delayed 1 second(s)

2019-04-24 12:55:06 - [TEST_STEP][PASSED] - click: Object: 'Object Repository/Page_KiboPush  Create Broadcast/div_Gallery (1)' is clicked on

2019-04-24 12:55:07 - [MESSAGE][PASSED] - Object: 'Object Repository/Page_KiboPush  Create Broadcast/div_Gallery (1)' is clicked on

2019-04-24 12:55:07 - [TEST_STEP][PASSED] - delay: Delayed 2 second(s)

2019-04-24 12:55:09 - [MESSAGE][PASSED] - Delayed 2 second(s)

2019-04-24 12:55:09 - [MESSAGE][PASSED] - Call Test Case 'Test Cases/Broadcasts/TC0150' successfully

2019-04-24 12:55:09 - [TEST_STEP][PASSED] - delay: Delayed 1 second(s)

2019-04-24 12:55:10 - [MESSAGE][PASSED] - Delayed 1 second(s)]]></system-out>
         <system-err><![CDATA[]]></system-err>
      </testcase>
      <testcase name="Test Cases/Broadcasts/TC0163" classname="Test Cases/Broadcasts/TC0163" status="PASSED">
         <system-out><![CDATA[2019-04-24 12:55:10 - [TEST_CASE][PASSED] - Test Cases/Broadcasts/TC0163: Test Cases/Broadcasts/TC0163

2019-04-24 12:55:10 - [TEST_STEP][PASSED] - callTestCase: Call Test Case 'Test Cases/s-sidebar_navigation/TeamAccount/Broadcasts' successfully

2019-04-24 12:55:10 - [TEST_CASE][PASSED] - Test Cases/s-sidebar_navigation/TeamAccount/Broadcasts: Test Cases/s-sidebar_navigation/TeamAccount/Broadcasts

2019-04-24 12:55:10 - [TEST_STEP][PASSED] - callTestCase: Call Test Case 'Test Cases/s-sidebar_navigation/individualAccount/broadcast' successfully

2019-04-24 12:55:10 - [TEST_CASE][PASSED] - Test Cases/s-sidebar_navigation/individualAccount/broadcast: Test Cases/s-sidebar_navigation/individualAccount/broadcast

2019-04-24 12:55:10 - [TEST_STEP][PASSED] - click: Object: 'Object Repository/Page_KiboPush  Dashboard/span_Polls' is clicked on

2019-04-24 12:55:11 - [MESSAGE][PASSED] - Object: 'Object Repository/Page_KiboPush  Dashboard/span_Polls' is clicked on

2019-04-24 12:55:11 - [TEST_STEP][PASSED] - delay: Delayed 1 second(s)

2019-04-24 12:55:12 - [MESSAGE][PASSED] - Delayed 1 second(s)

2019-04-24 12:55:12 - [TEST_STEP][PASSED] - click: Object: 'Object Repository/Page_KiboPush  Dashboard/span_Broadcasts' is clicked on

2019-04-24 12:55:12 - [MESSAGE][PASSED] - Object: 'Object Repository/Page_KiboPush  Dashboard/span_Broadcasts' is clicked on

2019-04-24 12:55:12 - [TEST_STEP][PASSED] - delay: Delayed 1 second(s)

2019-04-24 12:55:13 - [MESSAGE][PASSED] - Delayed 1 second(s)

2019-04-24 12:55:13 - [TEST_STEP][PASSED] - scrollToPosition: Browser is scrolled to position x = 0, y = 0

2019-04-24 12:55:13 - [MESSAGE][PASSED] - Browser is scrolled to position x = 0, y = 0

2019-04-24 12:55:13 - [TEST_STEP][PASSED] - click: Object: 'Object Repository/Page_KiboPush  Broadcast/h3_Manage Broadcasts' is clicked on

2019-04-24 12:55:13 - [MESSAGE][PASSED] - Object: 'Object Repository/Page_KiboPush  Broadcast/h3_Manage Broadcasts' is clicked on

2019-04-24 12:55:13 - [MESSAGE][PASSED] - Call Test Case 'Test Cases/s-sidebar_navigation/individualAccount/broadcast' successfully

2019-04-24 12:55:13 - [MESSAGE][PASSED] - Call Test Case 'Test Cases/s-sidebar_navigation/TeamAccount/Broadcasts' successfully

2019-04-24 12:55:13 - [TEST_STEP][PASSED] - click: Object: 'Object Repository/Page_KiboPush  Broadcast/span_Create New Broadcast' is clicked on

2019-04-24 12:55:13 - [MESSAGE][PASSED] - Object: 'Object Repository/Page_KiboPush  Broadcast/span_Create New Broadcast' is clicked on

2019-04-24 12:55:13 - [TEST_STEP][PASSED] - click: Object: 'Object Repository/Page_KiboPush  Broadcast/a_Create New Broadcast' is clicked on

2019-04-24 12:55:14 - [MESSAGE][PASSED] - Object: 'Object Repository/Page_KiboPush  Broadcast/a_Create New Broadcast' is clicked on

2019-04-24 12:55:14 - [TEST_STEP][PASSED] - delay: Delayed 1 second(s)

2019-04-24 12:55:15 - [MESSAGE][PASSED] - Delayed 1 second(s)

2019-04-24 12:55:15 - [TEST_STEP][PASSED] - click: Object: 'Object Repository/Page_KiboPush  Create Broadcast/div_Audio' is clicked on

2019-04-24 12:55:15 - [MESSAGE][PASSED] - Object: 'Object Repository/Page_KiboPush  Create Broadcast/div_Audio' is clicked on

2019-04-24 12:55:15 - [TEST_STEP][PASSED] - verifyElementPresent: Object 'Object Repository/Page_KiboPush  Create Broadcast/h4_Audio' is present

2019-04-24 12:55:15 - [MESSAGE][PASSED] - Object 'Object Repository/Page_KiboPush  Create Broadcast/h4_Audio' is present]]></system-out>
         <system-err><![CDATA[]]></system-err>
      </testcase>
      <testcase name="Test Cases/Broadcasts/TC0164" classname="Test Cases/Broadcasts/TC0164" status="PASSED">
         <system-out><![CDATA[2019-04-24 12:55:15 - [TEST_CASE][PASSED] - Test Cases/Broadcasts/TC0164: Test Cases/Broadcasts/TC0164

2019-04-24 12:55:15 - [TEST_STEP][PASSED] - callTestCase: Call Test Case 'Test Cases/Broadcasts/TC0163' successfully

2019-04-24 12:55:15 - [TEST_CASE][PASSED] - Test Cases/Broadcasts/TC0163: Test Cases/Broadcasts/TC0163

2019-04-24 12:55:15 - [TEST_STEP][PASSED] - callTestCase: Call Test Case 'Test Cases/s-sidebar_navigation/TeamAccount/Broadcasts' successfully

2019-04-24 12:55:15 - [TEST_CASE][PASSED] - Test Cases/s-sidebar_navigation/TeamAccount/Broadcasts: Test Cases/s-sidebar_navigation/TeamAccount/Broadcasts

2019-04-24 12:55:15 - [TEST_STEP][PASSED] - callTestCase: Call Test Case 'Test Cases/s-sidebar_navigation/individualAccount/broadcast' successfully

2019-04-24 12:55:15 - [TEST_CASE][PASSED] - Test Cases/s-sidebar_navigation/individualAccount/broadcast: Test Cases/s-sidebar_navigation/individualAccount/broadcast

2019-04-24 12:55:15 - [TEST_STEP][PASSED] - click: Object: 'Object Repository/Page_KiboPush  Dashboard/span_Polls' is clicked on

2019-04-24 12:55:16 - [MESSAGE][PASSED] - Object: 'Object Repository/Page_KiboPush  Dashboard/span_Polls' is clicked on

2019-04-24 12:55:16 - [TEST_STEP][PASSED] - delay: Delayed 1 second(s)

2019-04-24 12:55:17 - [MESSAGE][PASSED] - Delayed 1 second(s)

2019-04-24 12:55:17 - [TEST_STEP][PASSED] - click: Object: 'Object Repository/Page_KiboPush  Dashboard/span_Broadcasts' is clicked on

2019-04-24 12:55:17 - [MESSAGE][PASSED] - Object: 'Object Repository/Page_KiboPush  Dashboard/span_Broadcasts' is clicked on

2019-04-24 12:55:17 - [TEST_STEP][PASSED] - delay: Delayed 1 second(s)

2019-04-24 12:55:18 - [MESSAGE][PASSED] - Delayed 1 second(s)

2019-04-24 12:55:18 - [TEST_STEP][PASSED] - scrollToPosition: Browser is scrolled to position x = 0, y = 0

2019-04-24 12:55:18 - [MESSAGE][PASSED] - Browser is scrolled to position x = 0, y = 0

2019-04-24 12:55:18 - [TEST_STEP][PASSED] - click: Object: 'Object Repository/Page_KiboPush  Broadcast/h3_Manage Broadcasts' is clicked on

2019-04-24 12:55:18 - [MESSAGE][PASSED] - Object: 'Object Repository/Page_KiboPush  Broadcast/h3_Manage Broadcasts' is clicked on

2019-04-24 12:55:18 - [MESSAGE][PASSED] - Call Test Case 'Test Cases/s-sidebar_navigation/individualAccount/broadcast' successfully

2019-04-24 12:55:18 - [MESSAGE][PASSED] - Call Test Case 'Test Cases/s-sidebar_navigation/TeamAccount/Broadcasts' successfully

2019-04-24 12:55:18 - [TEST_STEP][PASSED] - click: Object: 'Object Repository/Page_KiboPush  Broadcast/span_Create New Broadcast' is clicked on

2019-04-24 12:55:19 - [MESSAGE][PASSED] - Object: 'Object Repository/Page_KiboPush  Broadcast/span_Create New Broadcast' is clicked on

2019-04-24 12:55:19 - [TEST_STEP][PASSED] - click: Object: 'Object Repository/Page_KiboPush  Broadcast/a_Create New Broadcast' is clicked on

2019-04-24 12:55:19 - [MESSAGE][PASSED] - Object: 'Object Repository/Page_KiboPush  Broadcast/a_Create New Broadcast' is clicked on

2019-04-24 12:55:19 - [TEST_STEP][PASSED] - delay: Delayed 1 second(s)

2019-04-24 12:55:20 - [MESSAGE][PASSED] - Delayed 1 second(s)

2019-04-24 12:55:20 - [TEST_STEP][PASSED] - click: Object: 'Object Repository/Page_KiboPush  Create Broadcast/div_Audio' is clicked on

2019-04-24 12:55:20 - [MESSAGE][PASSED] - Object: 'Object Repository/Page_KiboPush  Create Broadcast/div_Audio' is clicked on

2019-04-24 12:55:20 - [TEST_STEP][PASSED] - verifyElementPresent: Object 'Object Repository/Page_KiboPush  Create Broadcast/h4_Audio' is present

2019-04-24 12:55:20 - [MESSAGE][PASSED] - Object 'Object Repository/Page_KiboPush  Create Broadcast/h4_Audio' is present

2019-04-24 12:55:20 - [MESSAGE][PASSED] - Call Test Case 'Test Cases/Broadcasts/TC0163' successfully

2019-04-24 12:55:20 - [TEST_STEP][PASSED] - delay: Delayed 2 second(s)

2019-04-24 12:55:22 - [MESSAGE][PASSED] - Delayed 2 second(s)

2019-04-24 12:55:22 - [TEST_STEP][PASSED] - click: Object: 'Object Repository/Page_KiboPush  Create Broadcast/button_Next (7)' is clicked on

2019-04-24 12:55:23 - [MESSAGE][PASSED] - Object: 'Object Repository/Page_KiboPush  Create Broadcast/button_Next (7)' is clicked on

2019-04-24 12:55:23 - [TEST_STEP][PASSED] - delay: Delayed 3 second(s)

2019-04-24 12:55:26 - [MESSAGE][PASSED] - Delayed 3 second(s)

2019-04-24 12:55:26 - [TEST_STEP][PASSED] - click: Object: 'Object Repository/Page_KiboPush  Create Broadcast/div_Select an audio file' is clicked on

2019-04-24 12:55:26 - [MESSAGE][PASSED] - Object: 'Object Repository/Page_KiboPush  Create Broadcast/div_Select an audio file' is clicked on]]></system-out>
         <system-err><![CDATA[]]></system-err>
      </testcase>
      <testcase name="Test Cases/Broadcasts/TC0165" classname="Test Cases/Broadcasts/TC0165" status="PASSED">
         <system-out><![CDATA[2019-04-24 12:55:26 - [TEST_CASE][PASSED] - Test Cases/Broadcasts/TC0165: Test Cases/Broadcasts/TC0165

2019-04-24 12:55:26 - [TEST_STEP][PASSED] - callTestCase: Call Test Case 'Test Cases/Broadcasts/TC0163' successfully

2019-04-24 12:55:26 - [TEST_CASE][PASSED] - Test Cases/Broadcasts/TC0163: Test Cases/Broadcasts/TC0163

2019-04-24 12:55:26 - [TEST_STEP][PASSED] - callTestCase: Call Test Case 'Test Cases/s-sidebar_navigation/TeamAccount/Broadcasts' successfully

2019-04-24 12:55:26 - [TEST_CASE][PASSED] - Test Cases/s-sidebar_navigation/TeamAccount/Broadcasts: Test Cases/s-sidebar_navigation/TeamAccount/Broadcasts

2019-04-24 12:55:26 - [TEST_STEP][PASSED] - callTestCase: Call Test Case 'Test Cases/s-sidebar_navigation/individualAccount/broadcast' successfully

2019-04-24 12:55:26 - [TEST_CASE][PASSED] - Test Cases/s-sidebar_navigation/individualAccount/broadcast: Test Cases/s-sidebar_navigation/individualAccount/broadcast

2019-04-24 12:55:26 - [TEST_STEP][PASSED] - click: Object: 'Object Repository/Page_KiboPush  Dashboard/span_Polls' is clicked on

2019-04-24 12:55:26 - [MESSAGE][PASSED] - Object: 'Object Repository/Page_KiboPush  Dashboard/span_Polls' is clicked on

2019-04-24 12:55:26 - [TEST_STEP][PASSED] - delay: Delayed 1 second(s)

2019-04-24 12:55:27 - [MESSAGE][PASSED] - Delayed 1 second(s)

2019-04-24 12:55:27 - [TEST_STEP][PASSED] - click: Object: 'Object Repository/Page_KiboPush  Dashboard/span_Broadcasts' is clicked on

2019-04-24 12:55:27 - [MESSAGE][PASSED] - Object: 'Object Repository/Page_KiboPush  Dashboard/span_Broadcasts' is clicked on

2019-04-24 12:55:27 - [TEST_STEP][PASSED] - delay: Delayed 1 second(s)

2019-04-24 12:55:28 - [MESSAGE][PASSED] - Delayed 1 second(s)

2019-04-24 12:55:28 - [TEST_STEP][PASSED] - scrollToPosition: Browser is scrolled to position x = 0, y = 0

2019-04-24 12:55:28 - [MESSAGE][PASSED] - Browser is scrolled to position x = 0, y = 0

2019-04-24 12:55:28 - [TEST_STEP][PASSED] - click: Object: 'Object Repository/Page_KiboPush  Broadcast/h3_Manage Broadcasts' is clicked on

2019-04-24 12:55:28 - [MESSAGE][PASSED] - Object: 'Object Repository/Page_KiboPush  Broadcast/h3_Manage Broadcasts' is clicked on

2019-04-24 12:55:28 - [MESSAGE][PASSED] - Call Test Case 'Test Cases/s-sidebar_navigation/individualAccount/broadcast' successfully

2019-04-24 12:55:28 - [MESSAGE][PASSED] - Call Test Case 'Test Cases/s-sidebar_navigation/TeamAccount/Broadcasts' successfully

2019-04-24 12:55:28 - [TEST_STEP][PASSED] - click: Object: 'Object Repository/Page_KiboPush  Broadcast/span_Create New Broadcast' is clicked on

2019-04-24 12:55:29 - [MESSAGE][PASSED] - Object: 'Object Repository/Page_KiboPush  Broadcast/span_Create New Broadcast' is clicked on

2019-04-24 12:55:29 - [TEST_STEP][PASSED] - click: Object: 'Object Repository/Page_KiboPush  Broadcast/a_Create New Broadcast' is clicked on

2019-04-24 12:55:29 - [MESSAGE][PASSED] - Object: 'Object Repository/Page_KiboPush  Broadcast/a_Create New Broadcast' is clicked on

2019-04-24 12:55:29 - [TEST_STEP][PASSED] - delay: Delayed 1 second(s)

2019-04-24 12:55:30 - [MESSAGE][PASSED] - Delayed 1 second(s)

2019-04-24 12:55:30 - [TEST_STEP][PASSED] - click: Object: 'Object Repository/Page_KiboPush  Create Broadcast/div_Audio' is clicked on

2019-04-24 12:55:31 - [MESSAGE][PASSED] - Object: 'Object Repository/Page_KiboPush  Create Broadcast/div_Audio' is clicked on

2019-04-24 12:55:31 - [TEST_STEP][PASSED] - verifyElementPresent: Object 'Object Repository/Page_KiboPush  Create Broadcast/h4_Audio' is present

2019-04-24 12:55:31 - [MESSAGE][PASSED] - Object 'Object Repository/Page_KiboPush  Create Broadcast/h4_Audio' is present

2019-04-24 12:55:31 - [MESSAGE][PASSED] - Call Test Case 'Test Cases/Broadcasts/TC0163' successfully

2019-04-24 12:55:31 - [TEST_STEP][PASSED] - Statement - audio = com.kms.katalon.core.configuration.RunConfiguration.getProjectDir() + "/audio.mp3": null

2019-04-24 12:55:31 - [TEST_STEP][PASSED] - uploadFile: File 'C:/Users/cloudkibo/Desktop/KiboPush_Automated_Testing/KiboPush Katalon/audio.mp3' sent to object: 'Object Repository/Page_KiboPush  Create Broadcast/input_file'

2019-04-24 12:55:31 - [MESSAGE][PASSED] - File 'C:/Users/cloudkibo/Desktop/KiboPush_Automated_Testing/KiboPush Katalon/audio.mp3' sent to object: 'Object Repository/Page_KiboPush  Create Broadcast/input_file']]></system-out>
         <system-err><![CDATA[]]></system-err>
      </testcase>
      <testcase name="Test Cases/Broadcasts/TC0167" classname="Test Cases/Broadcasts/TC0167" status="PASSED">
         <system-out><![CDATA[2019-04-24 12:55:31 - [TEST_CASE][PASSED] - Test Cases/Broadcasts/TC0167: Test Cases/Broadcasts/TC0167

2019-04-24 12:55:31 - [TEST_STEP][PASSED] - callTestCase: Call Test Case 'Test Cases/s-sidebar_navigation/TeamAccount/Broadcasts' successfully

2019-04-24 12:55:31 - [TEST_CASE][PASSED] - Test Cases/s-sidebar_navigation/TeamAccount/Broadcasts: Test Cases/s-sidebar_navigation/TeamAccount/Broadcasts

2019-04-24 12:55:31 - [TEST_STEP][PASSED] - callTestCase: Call Test Case 'Test Cases/s-sidebar_navigation/individualAccount/broadcast' successfully

2019-04-24 12:55:31 - [TEST_CASE][PASSED] - Test Cases/s-sidebar_navigation/individualAccount/broadcast: Test Cases/s-sidebar_navigation/individualAccount/broadcast

2019-04-24 12:55:31 - [TEST_STEP][PASSED] - click: Object: 'Object Repository/Page_KiboPush  Dashboard/span_Polls' is clicked on

2019-04-24 12:55:31 - [MESSAGE][PASSED] - Object: 'Object Repository/Page_KiboPush  Dashboard/span_Polls' is clicked on

2019-04-24 12:55:31 - [TEST_STEP][PASSED] - delay: Delayed 1 second(s)

2019-04-24 12:55:32 - [MESSAGE][PASSED] - Delayed 1 second(s)

2019-04-24 12:55:32 - [TEST_STEP][PASSED] - click: Object: 'Object Repository/Page_KiboPush  Dashboard/span_Broadcasts' is clicked on

2019-04-24 12:55:32 - [MESSAGE][PASSED] - Object: 'Object Repository/Page_KiboPush  Dashboard/span_Broadcasts' is clicked on

2019-04-24 12:55:32 - [TEST_STEP][PASSED] - delay: Delayed 1 second(s)

2019-04-24 12:55:33 - [MESSAGE][PASSED] - Delayed 1 second(s)

2019-04-24 12:55:33 - [TEST_STEP][PASSED] - scrollToPosition: Browser is scrolled to position x = 0, y = 0

2019-04-24 12:55:33 - [MESSAGE][PASSED] - Browser is scrolled to position x = 0, y = 0

2019-04-24 12:55:33 - [TEST_STEP][PASSED] - click: Object: 'Object Repository/Page_KiboPush  Broadcast/h3_Manage Broadcasts' is clicked on

2019-04-24 12:55:34 - [MESSAGE][PASSED] - Object: 'Object Repository/Page_KiboPush  Broadcast/h3_Manage Broadcasts' is clicked on

2019-04-24 12:55:34 - [MESSAGE][PASSED] - Call Test Case 'Test Cases/s-sidebar_navigation/individualAccount/broadcast' successfully

2019-04-24 12:55:34 - [MESSAGE][PASSED] - Call Test Case 'Test Cases/s-sidebar_navigation/TeamAccount/Broadcasts' successfully

2019-04-24 12:55:34 - [TEST_STEP][PASSED] - click: Object: 'Object Repository/Page_KiboPush  Broadcast/span_Create New Broadcast' is clicked on

2019-04-24 12:55:34 - [MESSAGE][PASSED] - Object: 'Object Repository/Page_KiboPush  Broadcast/span_Create New Broadcast' is clicked on

2019-04-24 12:55:34 - [TEST_STEP][PASSED] - click: Object: 'Object Repository/Page_KiboPush  Broadcast/a_Create New Broadcast' is clicked on

2019-04-24 12:55:35 - [MESSAGE][PASSED] - Object: 'Object Repository/Page_KiboPush  Broadcast/a_Create New Broadcast' is clicked on

2019-04-24 12:55:35 - [TEST_STEP][PASSED] - delay: Delayed 1 second(s)

2019-04-24 12:55:36 - [MESSAGE][PASSED] - Delayed 1 second(s)

2019-04-24 12:55:36 - [TEST_STEP][PASSED] - click: Object: 'Object Repository/Page_KiboPush  Create Broadcast/div_Video' is clicked on

2019-04-24 12:55:36 - [MESSAGE][PASSED] - Object: 'Object Repository/Page_KiboPush  Create Broadcast/div_Video' is clicked on

2019-04-24 12:55:36 - [TEST_STEP][PASSED] - verifyElementPresent: Object 'Object Repository/Page_KiboPush  Create Broadcast/h4_Video' is present

2019-04-24 12:55:36 - [MESSAGE][PASSED] - Object 'Object Repository/Page_KiboPush  Create Broadcast/h4_Video' is present

2019-04-24 12:55:36 - [TEST_STEP][PASSED] - delay: Delayed 3 second(s)

2019-04-24 12:55:39 - [MESSAGE][PASSED] - Delayed 3 second(s)]]></system-out>
         <system-err><![CDATA[]]></system-err>
      </testcase>
      <testcase name="Test Cases/Broadcasts/TC0168" classname="Test Cases/Broadcasts/TC0168" status="FAILED">
         <failure type="FAILED" message="Unable to click on object 'Object Repository/Page_KiboPush  Broadcast/a_Create New Broadcast' (Root cause: org.openqa.selenium.WebDriverException: unknown error: Element &lt;button class=&quot;btn btn-primary&quot; style=&quot;color: white;&quot;>...&lt;/button> is not clickable at point (607, 302). Other element would receive the click: &lt;div style=&quot;width: 100%; text-align: center;&quot;>...&lt;/div>
  (Session info: chrome=73.0.3683.103)
  (Driver info: chromedriver=2.35.528161 (5b82f2d2aae0ca24b877009200ced9065a772e73),platform=Windows NT 10.0.17134 x86_64) (WARNING: The server did not provide any stacktrace information)
Command duration or timeout: 0 milliseconds
Build info: version: '3.7.1', revision: '8a0099a', time: '2017-11-06T21:07:36.161Z'
System info: host: 'DESKTOP-4M6R1V0', ip: '10.0.2.15', os.name: 'Windows 10', os.arch: 'amd64', os.version: '10.0', java.version: '1.8.0_181'
Driver info: com.kms.katalon.selenium.driver.CChromeDriver
Capabilities {acceptInsecureCerts: false, acceptSslCerts: false, applicationCacheEnabled: false, browserConnectionEnabled: false, browserName: chrome, chrome: {chromedriverVersion: 2.35.528161 (5b82f2d2aae0ca..., userDataDir: C:\Users\CLOUDK~1\AppData\L...}, cssSelectorsEnabled: true, databaseEnabled: false, handlesAlerts: true, hasTouchScreen: false, javascriptEnabled: true, locationContextEnabled: true, mobileEmulationEnabled: false, nativeEvents: true, networkConnectionEnabled: false, pageLoadStrategy: normal, platform: XP, platformName: XP, rotatable: false, setWindowRect: true, takesHeapSnapshot: true, takesScreenshot: true, unexpectedAlertBehaviour: , unhandledPromptBehavior: , version: 73.0.3683.103, webStorageEnabled: true}
Session ID: af6bd398f5bf782192e64289291742cd)"/>
         <system-out><![CDATA[2019-04-24 12:55:39 - [TEST_CASE][FAILED] - Test Cases/Broadcasts/TC0168: Test Cases/Broadcasts/TC0168 FAILED because (of) Unable to click on object 'Object Repository/Page_KiboPush  Broadcast/a_Create New Broadcast' (Root cause: org.openqa.selenium.WebDriverException: unknown error: Element <button class="btn btn-primary" style="color: white;">...</button> is not clickable at point (607, 302). Other element would receive the click: <div style="width: 100%; text-align: center;">...</div>
  (Session info: chrome=73.0.3683.103)
  (Driver info: chromedriver=2.35.528161 (5b82f2d2aae0ca24b877009200ced9065a772e73),platform=Windows NT 10.0.17134 x86_64) (WARNING: The server did not provide any stacktrace information)
Command duration or timeout: 0 milliseconds
Build info: version: '3.7.1', revision: '8a0099a', time: '2017-11-06T21:07:36.161Z'
System info: host: 'DESKTOP-4M6R1V0', ip: '10.0.2.15', os.name: 'Windows 10', os.arch: 'amd64', os.version: '10.0', java.version: '1.8.0_181'
Driver info: com.kms.katalon.selenium.driver.CChromeDriver
Capabilities {acceptInsecureCerts: false, acceptSslCerts: false, applicationCacheEnabled: false, browserConnectionEnabled: false, browserName: chrome, chrome: {chromedriverVersion: 2.35.528161 (5b82f2d2aae0ca..., userDataDir: C:\Users\CLOUDK~1\AppData\L...}, cssSelectorsEnabled: true, databaseEnabled: false, handlesAlerts: true, hasTouchScreen: false, javascriptEnabled: true, locationContextEnabled: true, mobileEmulationEnabled: false, nativeEvents: true, networkConnectionEnabled: false, pageLoadStrategy: normal, platform: XP, platformName: XP, rotatable: false, setWindowRect: true, takesHeapSnapshot: true, takesScreenshot: true, unexpectedAlertBehaviour: , unhandledPromptBehavior: , version: 73.0.3683.103, webStorageEnabled: true}
Session ID: af6bd398f5bf782192e64289291742cd)

2019-04-24 12:55:39 - [TEST_STEP][FAILED] - callTestCase: Unable to call Test Case with id 'Test Cases/Broadcasts/TC0167' (Root cause: Call Test Case 'Test Cases/Broadcasts/TC0167' failed)

2019-04-24 12:55:39 - [TEST_CASE][FAILED] - Test Cases/Broadcasts/TC0167: Test Cases/Broadcasts/TC0167 FAILED because (of) Unable to click on object 'Object Repository/Page_KiboPush  Broadcast/a_Create New Broadcast' (Root cause: org.openqa.selenium.WebDriverException: unknown error: Element <button class="btn btn-primary" style="color: white;">...</button> is not clickable at point (607, 302). Other element would receive the click: <div style="width: 100%; text-align: center;">...</div>
  (Session info: chrome=73.0.3683.103)
  (Driver info: chromedriver=2.35.528161 (5b82f2d2aae0ca24b877009200ced9065a772e73),platform=Windows NT 10.0.17134 x86_64) (WARNING: The server did not provide any stacktrace information)
Command duration or timeout: 0 milliseconds
Build info: version: '3.7.1', revision: '8a0099a', time: '2017-11-06T21:07:36.161Z'
System info: host: 'DESKTOP-4M6R1V0', ip: '10.0.2.15', os.name: 'Windows 10', os.arch: 'amd64', os.version: '10.0', java.version: '1.8.0_181'
Driver info: com.kms.katalon.selenium.driver.CChromeDriver
Capabilities {acceptInsecureCerts: false, acceptSslCerts: false, applicationCacheEnabled: false, browserConnectionEnabled: false, browserName: chrome, chrome: {chromedriverVersion: 2.35.528161 (5b82f2d2aae0ca..., userDataDir: C:\Users\CLOUDK~1\AppData\L...}, cssSelectorsEnabled: true, databaseEnabled: false, handlesAlerts: true, hasTouchScreen: false, javascriptEnabled: true, locationContextEnabled: true, mobileEmulationEnabled: false, nativeEvents: true, networkConnectionEnabled: false, pageLoadStrategy: normal, platform: XP, platformName: XP, rotatable: false, setWindowRect: true, takesHeapSnapshot: true, takesScreenshot: true, unexpectedAlertBehaviour: , unhandledPromptBehavior: , version: 73.0.3683.103, webStorageEnabled: true}
Session ID: af6bd398f5bf782192e64289291742cd)

2019-04-24 12:55:39 - [TEST_STEP][PASSED] - callTestCase: Call Test Case 'Test Cases/s-sidebar_navigation/TeamAccount/Broadcasts' successfully

2019-04-24 12:55:39 - [TEST_CASE][PASSED] - Test Cases/s-sidebar_navigation/TeamAccount/Broadcasts: Test Cases/s-sidebar_navigation/TeamAccount/Broadcasts

2019-04-24 12:55:39 - [TEST_STEP][PASSED] - callTestCase: Call Test Case 'Test Cases/s-sidebar_navigation/individualAccount/broadcast' successfully

2019-04-24 12:55:40 - [TEST_CASE][PASSED] - Test Cases/s-sidebar_navigation/individualAccount/broadcast: Test Cases/s-sidebar_navigation/individualAccount/broadcast

2019-04-24 12:55:40 - [TEST_STEP][PASSED] - click: Object: 'Object Repository/Page_KiboPush  Dashboard/span_Polls' is clicked on

2019-04-24 12:55:40 - [MESSAGE][PASSED] - Object: 'Object Repository/Page_KiboPush  Dashboard/span_Polls' is clicked on

2019-04-24 12:55:40 - [TEST_STEP][PASSED] - delay: Delayed 1 second(s)

2019-04-24 12:55:41 - [MESSAGE][PASSED] - Delayed 1 second(s)

2019-04-24 12:55:41 - [TEST_STEP][PASSED] - click: Object: 'Object Repository/Page_KiboPush  Dashboard/span_Broadcasts' is clicked on

2019-04-24 12:55:41 - [MESSAGE][PASSED] - Object: 'Object Repository/Page_KiboPush  Dashboard/span_Broadcasts' is clicked on

2019-04-24 12:55:41 - [TEST_STEP][PASSED] - delay: Delayed 1 second(s)

2019-04-24 12:55:42 - [MESSAGE][PASSED] - Delayed 1 second(s)

2019-04-24 12:55:42 - [TEST_STEP][PASSED] - scrollToPosition: Browser is scrolled to position x = 0, y = 0

2019-04-24 12:55:42 - [MESSAGE][PASSED] - Browser is scrolled to position x = 0, y = 0

2019-04-24 12:55:42 - [TEST_STEP][PASSED] - click: Object: 'Object Repository/Page_KiboPush  Broadcast/h3_Manage Broadcasts' is clicked on

2019-04-24 12:55:42 - [MESSAGE][PASSED] - Object: 'Object Repository/Page_KiboPush  Broadcast/h3_Manage Broadcasts' is clicked on

2019-04-24 12:55:42 - [MESSAGE][PASSED] - Call Test Case 'Test Cases/s-sidebar_navigation/individualAccount/broadcast' successfully

2019-04-24 12:55:42 - [MESSAGE][PASSED] - Call Test Case 'Test Cases/s-sidebar_navigation/TeamAccount/Broadcasts' successfully

2019-04-24 12:55:42 - [TEST_STEP][PASSED] - click: Object: 'Object Repository/Page_KiboPush  Broadcast/span_Create New Broadcast' is clicked on

2019-04-24 12:55:42 - [MESSAGE][PASSED] - Object: 'Object Repository/Page_KiboPush  Broadcast/span_Create New Broadcast' is clicked on

2019-04-24 12:55:42 - [TEST_STEP][FAILED] - click: Unable to click on object 'Object Repository/Page_KiboPush  Broadcast/a_Create New Broadcast' (Root cause: org.openqa.selenium.WebDriverException: unknown error: Element <button class="btn btn-primary" style="color: white;">...</button> is not clickable at point (607, 302). Other element would receive the click: <div style="width: 100%; text-align: center;">...</div>
  (Session info: chrome=73.0.3683.103)
  (Driver info: chromedriver=2.35.528161 (5b82f2d2aae0ca24b877009200ced9065a772e73),platform=Windows NT 10.0.17134 x86_64) (WARNING: The server did not provide any stacktrace information)
Command duration or timeout: 0 milliseconds
Build info: version: '3.7.1', revision: '8a0099a', time: '2017-11-06T21:07:36.161Z'
System info: host: 'DESKTOP-4M6R1V0', ip: '10.0.2.15', os.name: 'Windows 10', os.arch: 'amd64', os.version: '10.0', java.version: '1.8.0_181'
Driver info: com.kms.katalon.selenium.driver.CChromeDriver
Capabilities {acceptInsecureCerts: false, acceptSslCerts: false, applicationCacheEnabled: false, browserConnectionEnabled: false, browserName: chrome, chrome: {chromedriverVersion: 2.35.528161 (5b82f2d2aae0ca..., userDataDir: C:\Users\CLOUDK~1\AppData\L...}, cssSelectorsEnabled: true, databaseEnabled: false, handlesAlerts: true, hasTouchScreen: false, javascriptEnabled: true, locationContextEnabled: true, mobileEmulationEnabled: false, nativeEvents: true, networkConnectionEnabled: false, pageLoadStrategy: normal, platform: XP, platformName: XP, rotatable: false, setWindowRect: true, takesHeapSnapshot: true, takesScreenshot: true, unexpectedAlertBehaviour: , unhandledPromptBehavior: , version: 73.0.3683.103, webStorageEnabled: true}
Session ID: af6bd398f5bf782192e64289291742cd)

2019-04-24 12:55:43 - [MESSAGE][FAILED] - Unable to click on object 'Object Repository/Page_KiboPush  Broadcast/a_Create New Broadcast' (Root cause: org.openqa.selenium.WebDriverException: unknown error: Element <button class="btn btn-primary" style="color: white;">...</button> is not clickable at point (607, 302). Other element would receive the click: <div style="width: 100%; text-align: center;">...</div>
  (Session info: chrome=73.0.3683.103)
  (Driver info: chromedriver=2.35.528161 (5b82f2d2aae0ca24b877009200ced9065a772e73),platform=Windows NT 10.0.17134 x86_64) (WARNING: The server did not provide any stacktrace information)
Command duration or timeout: 0 milliseconds
Build info: version: '3.7.1', revision: '8a0099a', time: '2017-11-06T21:07:36.161Z'
System info: host: 'DESKTOP-4M6R1V0', ip: '10.0.2.15', os.name: 'Windows 10', os.arch: 'amd64', os.version: '10.0', java.version: '1.8.0_181'
Driver info: com.kms.katalon.selenium.driver.CChromeDriver
Capabilities {acceptInsecureCerts: false, acceptSslCerts: false, applicationCacheEnabled: false, browserConnectionEnabled: false, browserName: chrome, chrome: {chromedriverVersion: 2.35.528161 (5b82f2d2aae0ca..., userDataDir: C:\Users\CLOUDK~1\AppData\L...}, cssSelectorsEnabled: true, databaseEnabled: false, handlesAlerts: true, hasTouchScreen: false, javascriptEnabled: true, locationContextEnabled: true, mobileEmulationEnabled: false, nativeEvents: true, networkConnectionEnabled: false, pageLoadStrategy: normal, platform: XP, platformName: XP, rotatable: false, setWindowRect: true, takesHeapSnapshot: true, takesScreenshot: true, unexpectedAlertBehaviour: , unhandledPromptBehavior: , version: 73.0.3683.103, webStorageEnabled: true}
Session ID: af6bd398f5bf782192e64289291742cd)
[[ATTACHMENT|C:\\Users\\cloudkibo\\Desktop\\KiboPush_Automated_Testing\\KiboPush Katalon\\Reports\\broadcast\\20190424_124145\\1556092542812.png]]

2019-04-24 12:55:43 - [MESSAGE][FAILED] - Unable to call Test Case with id 'Test Cases/Broadcasts/TC0167' (Root cause: Call Test Case 'Test Cases/Broadcasts/TC0167' failed)]]></system-out>
         <system-err><![CDATA[2019-04-24 12:55:39 - [TEST_CASE][FAILED] - Test Cases/Broadcasts/TC0168: Test Cases/Broadcasts/TC0168 FAILED because (of) Unable to click on object 'Object Repository/Page_KiboPush  Broadcast/a_Create New Broadcast' (Root cause: org.openqa.selenium.WebDriverException: unknown error: Element <button class="btn btn-primary" style="color: white;">...</button> is not clickable at point (607, 302). Other element would receive the click: <div style="width: 100%; text-align: center;">...</div>
  (Session info: chrome=73.0.3683.103)
  (Driver info: chromedriver=2.35.528161 (5b82f2d2aae0ca24b877009200ced9065a772e73),platform=Windows NT 10.0.17134 x86_64) (WARNING: The server did not provide any stacktrace information)
Command duration or timeout: 0 milliseconds
Build info: version: '3.7.1', revision: '8a0099a', time: '2017-11-06T21:07:36.161Z'
System info: host: 'DESKTOP-4M6R1V0', ip: '10.0.2.15', os.name: 'Windows 10', os.arch: 'amd64', os.version: '10.0', java.version: '1.8.0_181'
Driver info: com.kms.katalon.selenium.driver.CChromeDriver
Capabilities {acceptInsecureCerts: false, acceptSslCerts: false, applicationCacheEnabled: false, browserConnectionEnabled: false, browserName: chrome, chrome: {chromedriverVersion: 2.35.528161 (5b82f2d2aae0ca..., userDataDir: C:\Users\CLOUDK~1\AppData\L...}, cssSelectorsEnabled: true, databaseEnabled: false, handlesAlerts: true, hasTouchScreen: false, javascriptEnabled: true, locationContextEnabled: true, mobileEmulationEnabled: false, nativeEvents: true, networkConnectionEnabled: false, pageLoadStrategy: normal, platform: XP, platformName: XP, rotatable: false, setWindowRect: true, takesHeapSnapshot: true, takesScreenshot: true, unexpectedAlertBehaviour: , unhandledPromptBehavior: , version: 73.0.3683.103, webStorageEnabled: true}
Session ID: af6bd398f5bf782192e64289291742cd)]]></system-err>
      </testcase>
      <testcase name="Test Cases/Broadcasts/TC0169" classname="Test Cases/Broadcasts/TC0169" status="PASSED">
         <system-out><![CDATA[2019-04-24 12:55:43 - [TEST_CASE][PASSED] - Test Cases/Broadcasts/TC0169: Test Cases/Broadcasts/TC0169

2019-04-24 12:55:43 - [TEST_STEP][PASSED] - callTestCase: Call Test Case 'Test Cases/Broadcasts/TC0167' successfully

2019-04-24 12:55:43 - [TEST_CASE][PASSED] - Test Cases/Broadcasts/TC0167: Test Cases/Broadcasts/TC0167

2019-04-24 12:55:43 - [TEST_STEP][PASSED] - callTestCase: Call Test Case 'Test Cases/s-sidebar_navigation/TeamAccount/Broadcasts' successfully

2019-04-24 12:55:43 - [TEST_CASE][PASSED] - Test Cases/s-sidebar_navigation/TeamAccount/Broadcasts: Test Cases/s-sidebar_navigation/TeamAccount/Broadcasts

2019-04-24 12:55:43 - [TEST_STEP][PASSED] - callTestCase: Call Test Case 'Test Cases/s-sidebar_navigation/individualAccount/broadcast' successfully

2019-04-24 12:55:43 - [TEST_CASE][PASSED] - Test Cases/s-sidebar_navigation/individualAccount/broadcast: Test Cases/s-sidebar_navigation/individualAccount/broadcast

2019-04-24 12:55:43 - [TEST_STEP][PASSED] - click: Object: 'Object Repository/Page_KiboPush  Dashboard/span_Polls' is clicked on

2019-04-24 12:55:44 - [MESSAGE][PASSED] - Object: 'Object Repository/Page_KiboPush  Dashboard/span_Polls' is clicked on

2019-04-24 12:55:44 - [TEST_STEP][PASSED] - delay: Delayed 1 second(s)

2019-04-24 12:55:45 - [MESSAGE][PASSED] - Delayed 1 second(s)

2019-04-24 12:55:45 - [TEST_STEP][PASSED] - click: Object: 'Object Repository/Page_KiboPush  Dashboard/span_Broadcasts' is clicked on

2019-04-24 12:55:45 - [MESSAGE][PASSED] - Object: 'Object Repository/Page_KiboPush  Dashboard/span_Broadcasts' is clicked on

2019-04-24 12:55:45 - [TEST_STEP][PASSED] - delay: Delayed 1 second(s)

2019-04-24 12:55:46 - [MESSAGE][PASSED] - Delayed 1 second(s)

2019-04-24 12:55:46 - [TEST_STEP][PASSED] - scrollToPosition: Browser is scrolled to position x = 0, y = 0

2019-04-24 12:55:46 - [MESSAGE][PASSED] - Browser is scrolled to position x = 0, y = 0

2019-04-24 12:55:46 - [TEST_STEP][PASSED] - click: Object: 'Object Repository/Page_KiboPush  Broadcast/h3_Manage Broadcasts' is clicked on

2019-04-24 12:55:46 - [MESSAGE][PASSED] - Object: 'Object Repository/Page_KiboPush  Broadcast/h3_Manage Broadcasts' is clicked on

2019-04-24 12:55:46 - [MESSAGE][PASSED] - Call Test Case 'Test Cases/s-sidebar_navigation/individualAccount/broadcast' successfully

2019-04-24 12:55:46 - [MESSAGE][PASSED] - Call Test Case 'Test Cases/s-sidebar_navigation/TeamAccount/Broadcasts' successfully

2019-04-24 12:55:46 - [TEST_STEP][PASSED] - click: Object: 'Object Repository/Page_KiboPush  Broadcast/span_Create New Broadcast' is clicked on

2019-04-24 12:55:46 - [MESSAGE][PASSED] - Object: 'Object Repository/Page_KiboPush  Broadcast/span_Create New Broadcast' is clicked on

2019-04-24 12:55:46 - [TEST_STEP][PASSED] - click: Object: 'Object Repository/Page_KiboPush  Broadcast/a_Create New Broadcast' is clicked on

2019-04-24 12:55:47 - [MESSAGE][PASSED] - Object: 'Object Repository/Page_KiboPush  Broadcast/a_Create New Broadcast' is clicked on

2019-04-24 12:55:47 - [TEST_STEP][PASSED] - delay: Delayed 1 second(s)

2019-04-24 12:55:48 - [MESSAGE][PASSED] - Delayed 1 second(s)

2019-04-24 12:55:48 - [TEST_STEP][PASSED] - click: Object: 'Object Repository/Page_KiboPush  Create Broadcast/div_Video' is clicked on

2019-04-24 12:55:48 - [MESSAGE][PASSED] - Object: 'Object Repository/Page_KiboPush  Create Broadcast/div_Video' is clicked on

2019-04-24 12:55:48 - [TEST_STEP][PASSED] - verifyElementPresent: Object 'Object Repository/Page_KiboPush  Create Broadcast/h4_Video' is present

2019-04-24 12:55:48 - [MESSAGE][PASSED] - Object 'Object Repository/Page_KiboPush  Create Broadcast/h4_Video' is present

2019-04-24 12:55:48 - [TEST_STEP][PASSED] - delay: Delayed 3 second(s)

2019-04-24 12:55:51 - [MESSAGE][PASSED] - Delayed 3 second(s)

2019-04-24 12:55:51 - [MESSAGE][PASSED] - Call Test Case 'Test Cases/Broadcasts/TC0167' successfully

2019-04-24 12:55:51 - [TEST_STEP][PASSED] - Statement - video = com.kms.katalon.core.configuration.RunConfiguration.getProjectDir() + "/video.mp4": null

2019-04-24 12:55:51 - [TEST_STEP][PASSED] - uploadFile: File 'C:/Users/cloudkibo/Desktop/KiboPush_Automated_Testing/KiboPush Katalon/video.mp4' sent to object: 'Object Repository/Page_KiboPush  Create Broadcast/input_file'

2019-04-24 12:55:51 - [MESSAGE][PASSED] - File 'C:/Users/cloudkibo/Desktop/KiboPush_Automated_Testing/KiboPush Katalon/video.mp4' sent to object: 'Object Repository/Page_KiboPush  Create Broadcast/input_file']]></system-out>
         <system-err><![CDATA[]]></system-err>
      </testcase>
      <testcase name="Test Cases/Broadcasts/TC0171" classname="Test Cases/Broadcasts/TC0171" status="PASSED">
         <system-out><![CDATA[2019-04-24 12:55:51 - [TEST_CASE][PASSED] - Test Cases/Broadcasts/TC0171: Test Cases/Broadcasts/TC0171

2019-04-24 12:55:51 - [TEST_STEP][PASSED] - callTestCase: Call Test Case 'Test Cases/s-sidebar_navigation/TeamAccount/Broadcasts' successfully

2019-04-24 12:55:51 - [TEST_CASE][PASSED] - Test Cases/s-sidebar_navigation/TeamAccount/Broadcasts: Test Cases/s-sidebar_navigation/TeamAccount/Broadcasts

2019-04-24 12:55:51 - [TEST_STEP][PASSED] - callTestCase: Call Test Case 'Test Cases/s-sidebar_navigation/individualAccount/broadcast' successfully

2019-04-24 12:55:52 - [TEST_CASE][PASSED] - Test Cases/s-sidebar_navigation/individualAccount/broadcast: Test Cases/s-sidebar_navigation/individualAccount/broadcast

2019-04-24 12:55:52 - [TEST_STEP][PASSED] - click: Object: 'Object Repository/Page_KiboPush  Dashboard/span_Polls' is clicked on

2019-04-24 12:55:52 - [MESSAGE][PASSED] - Object: 'Object Repository/Page_KiboPush  Dashboard/span_Polls' is clicked on

2019-04-24 12:55:52 - [TEST_STEP][PASSED] - delay: Delayed 1 second(s)

2019-04-24 12:55:53 - [MESSAGE][PASSED] - Delayed 1 second(s)

2019-04-24 12:55:53 - [TEST_STEP][PASSED] - click: Object: 'Object Repository/Page_KiboPush  Dashboard/span_Broadcasts' is clicked on

2019-04-24 12:55:53 - [MESSAGE][PASSED] - Object: 'Object Repository/Page_KiboPush  Dashboard/span_Broadcasts' is clicked on

2019-04-24 12:55:53 - [TEST_STEP][PASSED] - delay: Delayed 1 second(s)

2019-04-24 12:55:54 - [MESSAGE][PASSED] - Delayed 1 second(s)

2019-04-24 12:55:54 - [TEST_STEP][PASSED] - scrollToPosition: Browser is scrolled to position x = 0, y = 0

2019-04-24 12:55:54 - [MESSAGE][PASSED] - Browser is scrolled to position x = 0, y = 0

2019-04-24 12:55:54 - [TEST_STEP][PASSED] - click: Object: 'Object Repository/Page_KiboPush  Broadcast/h3_Manage Broadcasts' is clicked on

2019-04-24 12:55:54 - [MESSAGE][PASSED] - Object: 'Object Repository/Page_KiboPush  Broadcast/h3_Manage Broadcasts' is clicked on

2019-04-24 12:55:54 - [MESSAGE][PASSED] - Call Test Case 'Test Cases/s-sidebar_navigation/individualAccount/broadcast' successfully

2019-04-24 12:55:54 - [MESSAGE][PASSED] - Call Test Case 'Test Cases/s-sidebar_navigation/TeamAccount/Broadcasts' successfully

2019-04-24 12:55:54 - [TEST_STEP][PASSED] - click: Object: 'Object Repository/Page_KiboPush  Broadcast/span_Create New Broadcast' is clicked on

2019-04-24 12:55:54 - [MESSAGE][PASSED] - Object: 'Object Repository/Page_KiboPush  Broadcast/span_Create New Broadcast' is clicked on

2019-04-24 12:55:54 - [TEST_STEP][PASSED] - click: Object: 'Object Repository/Page_KiboPush  Broadcast/a_Create New Broadcast' is clicked on

2019-04-24 12:55:55 - [MESSAGE][PASSED] - Object: 'Object Repository/Page_KiboPush  Broadcast/a_Create New Broadcast' is clicked on

2019-04-24 12:55:55 - [TEST_STEP][PASSED] - delay: Delayed 1 second(s)

2019-04-24 12:55:56 - [MESSAGE][PASSED] - Delayed 1 second(s)

2019-04-24 12:55:56 - [TEST_STEP][PASSED] - click: Object: 'Object Repository/Page_KiboPush  Create Broadcast/div_File' is clicked on

2019-04-24 12:55:56 - [MESSAGE][PASSED] - Object: 'Object Repository/Page_KiboPush  Create Broadcast/div_File' is clicked on

2019-04-24 12:55:56 - [TEST_STEP][PASSED] - verifyElementPresent: Object 'Object Repository/Page_KiboPush  Create Broadcast/h4_File' is present

2019-04-24 12:55:56 - [MESSAGE][PASSED] - Object 'Object Repository/Page_KiboPush  Create Broadcast/h4_File' is present

2019-04-24 12:55:56 - [TEST_STEP][PASSED] - delay: Delayed 3 second(s)

2019-04-24 12:55:59 - [MESSAGE][PASSED] - Delayed 3 second(s)]]></system-out>
         <system-err><![CDATA[]]></system-err>
      </testcase>
      <testcase name="Test Cases/Broadcasts/TC0172" classname="Test Cases/Broadcasts/TC0172" status="PASSED">
         <system-out><![CDATA[2019-04-24 12:55:59 - [TEST_CASE][PASSED] - Test Cases/Broadcasts/TC0172: Test Cases/Broadcasts/TC0172

2019-04-24 12:56:00 - [TEST_STEP][PASSED] - callTestCase: Call Test Case 'Test Cases/Broadcasts/TC0171' successfully

2019-04-24 12:56:00 - [TEST_CASE][PASSED] - Test Cases/Broadcasts/TC0171: Test Cases/Broadcasts/TC0171

2019-04-24 12:56:00 - [TEST_STEP][PASSED] - callTestCase: Call Test Case 'Test Cases/s-sidebar_navigation/TeamAccount/Broadcasts' successfully

2019-04-24 12:56:00 - [TEST_CASE][PASSED] - Test Cases/s-sidebar_navigation/TeamAccount/Broadcasts: Test Cases/s-sidebar_navigation/TeamAccount/Broadcasts

2019-04-24 12:56:00 - [TEST_STEP][PASSED] - callTestCase: Call Test Case 'Test Cases/s-sidebar_navigation/individualAccount/broadcast' successfully

2019-04-24 12:56:00 - [TEST_CASE][PASSED] - Test Cases/s-sidebar_navigation/individualAccount/broadcast: Test Cases/s-sidebar_navigation/individualAccount/broadcast

2019-04-24 12:56:00 - [TEST_STEP][PASSED] - click: Object: 'Object Repository/Page_KiboPush  Dashboard/span_Polls' is clicked on

2019-04-24 12:56:00 - [MESSAGE][PASSED] - Object: 'Object Repository/Page_KiboPush  Dashboard/span_Polls' is clicked on

2019-04-24 12:56:00 - [TEST_STEP][PASSED] - delay: Delayed 1 second(s)

2019-04-24 12:56:01 - [MESSAGE][PASSED] - Delayed 1 second(s)

2019-04-24 12:56:01 - [TEST_STEP][PASSED] - click: Object: 'Object Repository/Page_KiboPush  Dashboard/span_Broadcasts' is clicked on

2019-04-24 12:56:01 - [MESSAGE][PASSED] - Object: 'Object Repository/Page_KiboPush  Dashboard/span_Broadcasts' is clicked on

2019-04-24 12:56:01 - [TEST_STEP][PASSED] - delay: Delayed 1 second(s)

2019-04-24 12:56:02 - [MESSAGE][PASSED] - Delayed 1 second(s)

2019-04-24 12:56:02 - [TEST_STEP][PASSED] - scrollToPosition: Browser is scrolled to position x = 0, y = 0

2019-04-24 12:56:02 - [MESSAGE][PASSED] - Browser is scrolled to position x = 0, y = 0

2019-04-24 12:56:02 - [TEST_STEP][PASSED] - click: Object: 'Object Repository/Page_KiboPush  Broadcast/h3_Manage Broadcasts' is clicked on

2019-04-24 12:56:02 - [MESSAGE][PASSED] - Object: 'Object Repository/Page_KiboPush  Broadcast/h3_Manage Broadcasts' is clicked on

2019-04-24 12:56:02 - [MESSAGE][PASSED] - Call Test Case 'Test Cases/s-sidebar_navigation/individualAccount/broadcast' successfully

2019-04-24 12:56:02 - [MESSAGE][PASSED] - Call Test Case 'Test Cases/s-sidebar_navigation/TeamAccount/Broadcasts' successfully

2019-04-24 12:56:02 - [TEST_STEP][PASSED] - click: Object: 'Object Repository/Page_KiboPush  Broadcast/span_Create New Broadcast' is clicked on

2019-04-24 12:56:03 - [MESSAGE][PASSED] - Object: 'Object Repository/Page_KiboPush  Broadcast/span_Create New Broadcast' is clicked on

2019-04-24 12:56:03 - [TEST_STEP][PASSED] - click: Object: 'Object Repository/Page_KiboPush  Broadcast/a_Create New Broadcast' is clicked on

2019-04-24 12:56:03 - [MESSAGE][PASSED] - Object: 'Object Repository/Page_KiboPush  Broadcast/a_Create New Broadcast' is clicked on

2019-04-24 12:56:03 - [TEST_STEP][PASSED] - delay: Delayed 1 second(s)

2019-04-24 12:56:04 - [MESSAGE][PASSED] - Delayed 1 second(s)

2019-04-24 12:56:04 - [TEST_STEP][PASSED] - click: Object: 'Object Repository/Page_KiboPush  Create Broadcast/div_File' is clicked on

2019-04-24 12:56:04 - [MESSAGE][PASSED] - Object: 'Object Repository/Page_KiboPush  Create Broadcast/div_File' is clicked on

2019-04-24 12:56:04 - [TEST_STEP][PASSED] - verifyElementPresent: Object 'Object Repository/Page_KiboPush  Create Broadcast/h4_File' is present

2019-04-24 12:56:04 - [MESSAGE][PASSED] - Object 'Object Repository/Page_KiboPush  Create Broadcast/h4_File' is present

2019-04-24 12:56:04 - [TEST_STEP][PASSED] - delay: Delayed 3 second(s)

2019-04-24 12:56:07 - [MESSAGE][PASSED] - Delayed 3 second(s)

2019-04-24 12:56:07 - [MESSAGE][PASSED] - Call Test Case 'Test Cases/Broadcasts/TC0171' successfully

2019-04-24 12:56:07 - [TEST_STEP][PASSED] - click: Object: 'Object Repository/Page_KiboPush  Create Broadcast/button_Next (9)' is clicked on

2019-04-24 12:56:08 - [MESSAGE][PASSED] - Object: 'Object Repository/Page_KiboPush  Create Broadcast/button_Next (9)' is clicked on

2019-04-24 12:56:08 - [TEST_STEP][PASSED] - delay: Delayed 3 second(s)

2019-04-24 12:56:11 - [MESSAGE][PASSED] - Delayed 3 second(s)

2019-04-24 12:56:11 - [TEST_STEP][PASSED] - click: Object: 'Object Repository/Page_KiboPush  Create Broadcast/div_Select a valid file' is clicked on

2019-04-24 12:56:11 - [MESSAGE][PASSED] - Object: 'Object Repository/Page_KiboPush  Create Broadcast/div_Select a valid file' is clicked on]]></system-out>
         <system-err><![CDATA[]]></system-err>
      </testcase>
      <testcase name="Test Cases/Broadcasts/TC0173" classname="Test Cases/Broadcasts/TC0173" status="PASSED">
         <system-out><![CDATA[2019-04-24 12:56:11 - [TEST_CASE][PASSED] - Test Cases/Broadcasts/TC0173: Test Cases/Broadcasts/TC0173

2019-04-24 12:56:11 - [TEST_STEP][PASSED] - callTestCase: Call Test Case 'Test Cases/Broadcasts/TC0171' successfully

2019-04-24 12:56:11 - [TEST_CASE][PASSED] - Test Cases/Broadcasts/TC0171: Test Cases/Broadcasts/TC0171

2019-04-24 12:56:11 - [TEST_STEP][PASSED] - callTestCase: Call Test Case 'Test Cases/s-sidebar_navigation/TeamAccount/Broadcasts' successfully

2019-04-24 12:56:11 - [TEST_CASE][PASSED] - Test Cases/s-sidebar_navigation/TeamAccount/Broadcasts: Test Cases/s-sidebar_navigation/TeamAccount/Broadcasts

2019-04-24 12:56:11 - [TEST_STEP][PASSED] - callTestCase: Call Test Case 'Test Cases/s-sidebar_navigation/individualAccount/broadcast' successfully

2019-04-24 12:56:11 - [TEST_CASE][PASSED] - Test Cases/s-sidebar_navigation/individualAccount/broadcast: Test Cases/s-sidebar_navigation/individualAccount/broadcast

2019-04-24 12:56:11 - [TEST_STEP][PASSED] - click: Object: 'Object Repository/Page_KiboPush  Dashboard/span_Polls' is clicked on

2019-04-24 12:56:12 - [MESSAGE][PASSED] - Object: 'Object Repository/Page_KiboPush  Dashboard/span_Polls' is clicked on

2019-04-24 12:56:12 - [TEST_STEP][PASSED] - delay: Delayed 1 second(s)

2019-04-24 12:56:13 - [MESSAGE][PASSED] - Delayed 1 second(s)

2019-04-24 12:56:13 - [TEST_STEP][PASSED] - click: Object: 'Object Repository/Page_KiboPush  Dashboard/span_Broadcasts' is clicked on

2019-04-24 12:56:13 - [MESSAGE][PASSED] - Object: 'Object Repository/Page_KiboPush  Dashboard/span_Broadcasts' is clicked on

2019-04-24 12:56:13 - [TEST_STEP][PASSED] - delay: Delayed 1 second(s)

2019-04-24 12:56:14 - [MESSAGE][PASSED] - Delayed 1 second(s)

2019-04-24 12:56:14 - [TEST_STEP][PASSED] - scrollToPosition: Browser is scrolled to position x = 0, y = 0

2019-04-24 12:56:14 - [MESSAGE][PASSED] - Browser is scrolled to position x = 0, y = 0

2019-04-24 12:56:14 - [TEST_STEP][PASSED] - click: Object: 'Object Repository/Page_KiboPush  Broadcast/h3_Manage Broadcasts' is clicked on

2019-04-24 12:56:14 - [MESSAGE][PASSED] - Object: 'Object Repository/Page_KiboPush  Broadcast/h3_Manage Broadcasts' is clicked on

2019-04-24 12:56:14 - [MESSAGE][PASSED] - Call Test Case 'Test Cases/s-sidebar_navigation/individualAccount/broadcast' successfully

2019-04-24 12:56:14 - [MESSAGE][PASSED] - Call Test Case 'Test Cases/s-sidebar_navigation/TeamAccount/Broadcasts' successfully

2019-04-24 12:56:14 - [TEST_STEP][PASSED] - click: Object: 'Object Repository/Page_KiboPush  Broadcast/span_Create New Broadcast' is clicked on

2019-04-24 12:56:14 - [MESSAGE][PASSED] - Object: 'Object Repository/Page_KiboPush  Broadcast/span_Create New Broadcast' is clicked on

2019-04-24 12:56:14 - [TEST_STEP][PASSED] - click: Object: 'Object Repository/Page_KiboPush  Broadcast/a_Create New Broadcast' is clicked on

2019-04-24 12:56:15 - [MESSAGE][PASSED] - Object: 'Object Repository/Page_KiboPush  Broadcast/a_Create New Broadcast' is clicked on

2019-04-24 12:56:15 - [TEST_STEP][PASSED] - delay: Delayed 1 second(s)

2019-04-24 12:56:16 - [MESSAGE][PASSED] - Delayed 1 second(s)

2019-04-24 12:56:16 - [TEST_STEP][PASSED] - click: Object: 'Object Repository/Page_KiboPush  Create Broadcast/div_File' is clicked on

2019-04-24 12:56:16 - [MESSAGE][PASSED] - Object: 'Object Repository/Page_KiboPush  Create Broadcast/div_File' is clicked on

2019-04-24 12:56:16 - [TEST_STEP][PASSED] - verifyElementPresent: Object 'Object Repository/Page_KiboPush  Create Broadcast/h4_File' is present

2019-04-24 12:56:16 - [MESSAGE][PASSED] - Object 'Object Repository/Page_KiboPush  Create Broadcast/h4_File' is present

2019-04-24 12:56:16 - [TEST_STEP][PASSED] - delay: Delayed 3 second(s)

2019-04-24 12:56:19 - [MESSAGE][PASSED] - Delayed 3 second(s)

2019-04-24 12:56:19 - [MESSAGE][PASSED] - Call Test Case 'Test Cases/Broadcasts/TC0171' successfully

2019-04-24 12:56:19 - [TEST_STEP][PASSED] - Statement - file = com.kms.katalon.core.configuration.RunConfiguration.getProjectDir() + "/sampleFile.csv": null

2019-04-24 12:56:19 - [TEST_STEP][PASSED] - uploadFile: File 'C:/Users/cloudkibo/Desktop/KiboPush_Automated_Testing/KiboPush Katalon/sampleFile.csv' sent to object: 'Object Repository/Page_KiboPush  Create Broadcast/input_file'

2019-04-24 12:56:19 - [MESSAGE][PASSED] - File 'C:/Users/cloudkibo/Desktop/KiboPush_Automated_Testing/KiboPush Katalon/sampleFile.csv' sent to object: 'Object Repository/Page_KiboPush  Create Broadcast/input_file']]></system-out>
         <system-err><![CDATA[]]></system-err>
      </testcase>
      <testcase name="Test Cases/Broadcasts/TC0175" classname="Test Cases/Broadcasts/TC0175" status="PASSED">
         <system-out><![CDATA[2019-04-24 12:56:19 - [TEST_CASE][PASSED] - Test Cases/Broadcasts/TC0175: Test Cases/Broadcasts/TC0175

2019-04-24 12:56:19 - [TEST_STEP][PASSED] - callTestCase: Call Test Case 'Test Cases/s-sidebar_navigation/TeamAccount/Broadcasts' successfully

2019-04-24 12:56:19 - [TEST_CASE][PASSED] - Test Cases/s-sidebar_navigation/TeamAccount/Broadcasts: Test Cases/s-sidebar_navigation/TeamAccount/Broadcasts

2019-04-24 12:56:19 - [TEST_STEP][PASSED] - callTestCase: Call Test Case 'Test Cases/s-sidebar_navigation/individualAccount/broadcast' successfully

2019-04-24 12:56:19 - [TEST_CASE][PASSED] - Test Cases/s-sidebar_navigation/individualAccount/broadcast: Test Cases/s-sidebar_navigation/individualAccount/broadcast

2019-04-24 12:56:19 - [TEST_STEP][PASSED] - click: Object: 'Object Repository/Page_KiboPush  Dashboard/span_Polls' is clicked on

2019-04-24 12:56:20 - [MESSAGE][PASSED] - Object: 'Object Repository/Page_KiboPush  Dashboard/span_Polls' is clicked on

2019-04-24 12:56:20 - [TEST_STEP][PASSED] - delay: Delayed 1 second(s)

2019-04-24 12:56:21 - [MESSAGE][PASSED] - Delayed 1 second(s)

2019-04-24 12:56:21 - [TEST_STEP][PASSED] - click: Object: 'Object Repository/Page_KiboPush  Dashboard/span_Broadcasts' is clicked on

2019-04-24 12:56:21 - [MESSAGE][PASSED] - Object: 'Object Repository/Page_KiboPush  Dashboard/span_Broadcasts' is clicked on

2019-04-24 12:56:21 - [TEST_STEP][PASSED] - delay: Delayed 1 second(s)

2019-04-24 12:56:22 - [MESSAGE][PASSED] - Delayed 1 second(s)

2019-04-24 12:56:22 - [TEST_STEP][PASSED] - scrollToPosition: Browser is scrolled to position x = 0, y = 0

2019-04-24 12:56:22 - [MESSAGE][PASSED] - Browser is scrolled to position x = 0, y = 0

2019-04-24 12:56:22 - [TEST_STEP][PASSED] - click: Object: 'Object Repository/Page_KiboPush  Broadcast/h3_Manage Broadcasts' is clicked on

2019-04-24 12:56:22 - [MESSAGE][PASSED] - Object: 'Object Repository/Page_KiboPush  Broadcast/h3_Manage Broadcasts' is clicked on

2019-04-24 12:56:22 - [MESSAGE][PASSED] - Call Test Case 'Test Cases/s-sidebar_navigation/individualAccount/broadcast' successfully

2019-04-24 12:56:22 - [MESSAGE][PASSED] - Call Test Case 'Test Cases/s-sidebar_navigation/TeamAccount/Broadcasts' successfully

2019-04-24 12:56:22 - [TEST_STEP][PASSED] - click: Object: 'Object Repository/Page_KiboPush  Broadcast/span_Create New Broadcast' is clicked on

2019-04-24 12:56:22 - [MESSAGE][PASSED] - Object: 'Object Repository/Page_KiboPush  Broadcast/span_Create New Broadcast' is clicked on

2019-04-24 12:56:22 - [TEST_STEP][PASSED] - click: Object: 'Object Repository/Page_KiboPush  Broadcast/a_Create New Broadcast' is clicked on

2019-04-24 12:56:23 - [MESSAGE][PASSED] - Object: 'Object Repository/Page_KiboPush  Broadcast/a_Create New Broadcast' is clicked on

2019-04-24 12:56:23 - [TEST_STEP][PASSED] - delay: Delayed 1 second(s)

2019-04-24 12:56:24 - [MESSAGE][PASSED] - Delayed 1 second(s)

2019-04-24 12:56:24 - [TEST_STEP][PASSED] - click: Object: 'Object Repository/Page_KiboPush  Create Broadcast/div_Media' is clicked on

2019-04-24 12:56:24 - [MESSAGE][PASSED] - Object: 'Object Repository/Page_KiboPush  Create Broadcast/div_Media' is clicked on

2019-04-24 12:56:24 - [TEST_STEP][PASSED] - verifyElementPresent: Object 'Object Repository/Page_KiboPush  Create Broadcast/div_Media_1' is present

2019-04-24 12:56:24 - [MESSAGE][PASSED] - Object 'Object Repository/Page_KiboPush  Create Broadcast/div_Media_1' is present

2019-04-24 12:56:24 - [TEST_STEP][PASSED] - delay: Delayed 3 second(s)

2019-04-24 12:56:27 - [MESSAGE][PASSED] - Delayed 3 second(s)]]></system-out>
         <system-err><![CDATA[]]></system-err>
      </testcase>
      <testcase name="Test Cases/Broadcasts/TC0176" classname="Test Cases/Broadcasts/TC0176" status="PASSED">
         <system-out><![CDATA[2019-04-24 12:56:27 - [TEST_CASE][PASSED] - Test Cases/Broadcasts/TC0176: Test Cases/Broadcasts/TC0176

2019-04-24 12:56:27 - [TEST_STEP][PASSED] - callTestCase: Call Test Case 'Test Cases/Broadcasts/TC0175' successfully

2019-04-24 12:56:27 - [TEST_CASE][PASSED] - Test Cases/Broadcasts/TC0175: Test Cases/Broadcasts/TC0175

2019-04-24 12:56:27 - [TEST_STEP][PASSED] - callTestCase: Call Test Case 'Test Cases/s-sidebar_navigation/TeamAccount/Broadcasts' successfully

2019-04-24 12:56:28 - [TEST_CASE][PASSED] - Test Cases/s-sidebar_navigation/TeamAccount/Broadcasts: Test Cases/s-sidebar_navigation/TeamAccount/Broadcasts

2019-04-24 12:56:28 - [TEST_STEP][PASSED] - callTestCase: Call Test Case 'Test Cases/s-sidebar_navigation/individualAccount/broadcast' successfully

2019-04-24 12:56:28 - [TEST_CASE][PASSED] - Test Cases/s-sidebar_navigation/individualAccount/broadcast: Test Cases/s-sidebar_navigation/individualAccount/broadcast

2019-04-24 12:56:28 - [TEST_STEP][PASSED] - click: Object: 'Object Repository/Page_KiboPush  Dashboard/span_Polls' is clicked on

2019-04-24 12:56:28 - [MESSAGE][PASSED] - Object: 'Object Repository/Page_KiboPush  Dashboard/span_Polls' is clicked on

2019-04-24 12:56:28 - [TEST_STEP][PASSED] - delay: Delayed 1 second(s)

2019-04-24 12:56:29 - [MESSAGE][PASSED] - Delayed 1 second(s)

2019-04-24 12:56:29 - [TEST_STEP][PASSED] - click: Object: 'Object Repository/Page_KiboPush  Dashboard/span_Broadcasts' is clicked on

2019-04-24 12:56:29 - [MESSAGE][PASSED] - Object: 'Object Repository/Page_KiboPush  Dashboard/span_Broadcasts' is clicked on

2019-04-24 12:56:29 - [TEST_STEP][PASSED] - delay: Delayed 1 second(s)

2019-04-24 12:56:30 - [MESSAGE][PASSED] - Delayed 1 second(s)

2019-04-24 12:56:30 - [TEST_STEP][PASSED] - scrollToPosition: Browser is scrolled to position x = 0, y = 0

2019-04-24 12:56:30 - [MESSAGE][PASSED] - Browser is scrolled to position x = 0, y = 0

2019-04-24 12:56:30 - [TEST_STEP][PASSED] - click: Object: 'Object Repository/Page_KiboPush  Broadcast/h3_Manage Broadcasts' is clicked on

2019-04-24 12:56:30 - [MESSAGE][PASSED] - Object: 'Object Repository/Page_KiboPush  Broadcast/h3_Manage Broadcasts' is clicked on

2019-04-24 12:56:30 - [MESSAGE][PASSED] - Call Test Case 'Test Cases/s-sidebar_navigation/individualAccount/broadcast' successfully

2019-04-24 12:56:30 - [MESSAGE][PASSED] - Call Test Case 'Test Cases/s-sidebar_navigation/TeamAccount/Broadcasts' successfully

2019-04-24 12:56:30 - [TEST_STEP][PASSED] - click: Object: 'Object Repository/Page_KiboPush  Broadcast/span_Create New Broadcast' is clicked on

2019-04-24 12:56:30 - [MESSAGE][PASSED] - Object: 'Object Repository/Page_KiboPush  Broadcast/span_Create New Broadcast' is clicked on

2019-04-24 12:56:30 - [TEST_STEP][PASSED] - click: Object: 'Object Repository/Page_KiboPush  Broadcast/a_Create New Broadcast' is clicked on

2019-04-24 12:56:31 - [MESSAGE][PASSED] - Object: 'Object Repository/Page_KiboPush  Broadcast/a_Create New Broadcast' is clicked on

2019-04-24 12:56:31 - [TEST_STEP][PASSED] - delay: Delayed 1 second(s)

2019-04-24 12:56:32 - [MESSAGE][PASSED] - Delayed 1 second(s)

2019-04-24 12:56:32 - [TEST_STEP][PASSED] - click: Object: 'Object Repository/Page_KiboPush  Create Broadcast/div_Media' is clicked on

2019-04-24 12:56:32 - [MESSAGE][PASSED] - Object: 'Object Repository/Page_KiboPush  Create Broadcast/div_Media' is clicked on

2019-04-24 12:56:32 - [TEST_STEP][PASSED] - verifyElementPresent: Object 'Object Repository/Page_KiboPush  Create Broadcast/div_Media_1' is present

2019-04-24 12:56:32 - [MESSAGE][PASSED] - Object 'Object Repository/Page_KiboPush  Create Broadcast/div_Media_1' is present

2019-04-24 12:56:32 - [TEST_STEP][PASSED] - delay: Delayed 3 second(s)

2019-04-24 12:56:35 - [MESSAGE][PASSED] - Delayed 3 second(s)

2019-04-24 12:56:35 - [MESSAGE][PASSED] - Call Test Case 'Test Cases/Broadcasts/TC0175' successfully

2019-04-24 12:56:35 - [TEST_STEP][PASSED] - scrollToPosition: Browser is scrolled to position x = 0, y = 0

2019-04-24 12:56:35 - [MESSAGE][PASSED] - Browser is scrolled to position x = 0, y = 0

2019-04-24 12:56:35 - [TEST_STEP][PASSED] - click: Object: 'Object Repository/Page_KiboPush  Create Broadcast/button_Next (11) (1)' is clicked on

2019-04-24 12:56:35 - [MESSAGE][PASSED] - Object: 'Object Repository/Page_KiboPush  Create Broadcast/button_Next (11) (1)' is clicked on

2019-04-24 12:56:35 - [TEST_STEP][PASSED] - delay: Delayed 3 second(s)

2019-04-24 12:56:38 - [MESSAGE][PASSED] - Delayed 3 second(s)

2019-04-24 12:56:38 - [TEST_STEP][PASSED] - click: Object: 'Object Repository/Page_KiboPush  Create Broadcast/div_Select an image or video' is clicked on

2019-04-24 12:56:38 - [MESSAGE][PASSED] - Object: 'Object Repository/Page_KiboPush  Create Broadcast/div_Select an image or video' is clicked on]]></system-out>
         <system-err><![CDATA[]]></system-err>
      </testcase>
      <testcase name="Test Cases/Broadcasts/TC0177" classname="Test Cases/Broadcasts/TC0177" status="PASSED">
         <system-out><![CDATA[2019-04-24 12:56:38 - [TEST_CASE][PASSED] - Test Cases/Broadcasts/TC0177: Test Cases/Broadcasts/TC0177

2019-04-24 12:56:39 - [TEST_STEP][PASSED] - callTestCase: Call Test Case 'Test Cases/Broadcasts/TC0175' successfully

2019-04-24 12:56:39 - [TEST_CASE][PASSED] - Test Cases/Broadcasts/TC0175: Test Cases/Broadcasts/TC0175

2019-04-24 12:56:39 - [TEST_STEP][PASSED] - callTestCase: Call Test Case 'Test Cases/s-sidebar_navigation/TeamAccount/Broadcasts' successfully

2019-04-24 12:56:39 - [TEST_CASE][PASSED] - Test Cases/s-sidebar_navigation/TeamAccount/Broadcasts: Test Cases/s-sidebar_navigation/TeamAccount/Broadcasts

2019-04-24 12:56:39 - [TEST_STEP][PASSED] - callTestCase: Call Test Case 'Test Cases/s-sidebar_navigation/individualAccount/broadcast' successfully

2019-04-24 12:56:39 - [TEST_CASE][PASSED] - Test Cases/s-sidebar_navigation/individualAccount/broadcast: Test Cases/s-sidebar_navigation/individualAccount/broadcast

2019-04-24 12:56:39 - [TEST_STEP][PASSED] - click: Object: 'Object Repository/Page_KiboPush  Dashboard/span_Polls' is clicked on

2019-04-24 12:56:39 - [MESSAGE][PASSED] - Object: 'Object Repository/Page_KiboPush  Dashboard/span_Polls' is clicked on

2019-04-24 12:56:39 - [TEST_STEP][PASSED] - delay: Delayed 1 second(s)

2019-04-24 12:56:40 - [MESSAGE][PASSED] - Delayed 1 second(s)

2019-04-24 12:56:40 - [TEST_STEP][PASSED] - click: Object: 'Object Repository/Page_KiboPush  Dashboard/span_Broadcasts' is clicked on

2019-04-24 12:56:40 - [MESSAGE][PASSED] - Object: 'Object Repository/Page_KiboPush  Dashboard/span_Broadcasts' is clicked on

2019-04-24 12:56:40 - [TEST_STEP][PASSED] - delay: Delayed 1 second(s)

2019-04-24 12:56:41 - [MESSAGE][PASSED] - Delayed 1 second(s)

2019-04-24 12:56:41 - [TEST_STEP][PASSED] - scrollToPosition: Browser is scrolled to position x = 0, y = 0

2019-04-24 12:56:41 - [MESSAGE][PASSED] - Browser is scrolled to position x = 0, y = 0

2019-04-24 12:56:41 - [TEST_STEP][PASSED] - click: Object: 'Object Repository/Page_KiboPush  Broadcast/h3_Manage Broadcasts' is clicked on

2019-04-24 12:56:41 - [MESSAGE][PASSED] - Object: 'Object Repository/Page_KiboPush  Broadcast/h3_Manage Broadcasts' is clicked on

2019-04-24 12:56:41 - [MESSAGE][PASSED] - Call Test Case 'Test Cases/s-sidebar_navigation/individualAccount/broadcast' successfully

2019-04-24 12:56:41 - [MESSAGE][PASSED] - Call Test Case 'Test Cases/s-sidebar_navigation/TeamAccount/Broadcasts' successfully

2019-04-24 12:56:41 - [TEST_STEP][PASSED] - click: Object: 'Object Repository/Page_KiboPush  Broadcast/span_Create New Broadcast' is clicked on

2019-04-24 12:56:42 - [MESSAGE][PASSED] - Object: 'Object Repository/Page_KiboPush  Broadcast/span_Create New Broadcast' is clicked on

2019-04-24 12:56:42 - [TEST_STEP][PASSED] - click: Object: 'Object Repository/Page_KiboPush  Broadcast/a_Create New Broadcast' is clicked on

2019-04-24 12:56:42 - [MESSAGE][PASSED] - Object: 'Object Repository/Page_KiboPush  Broadcast/a_Create New Broadcast' is clicked on

2019-04-24 12:56:42 - [TEST_STEP][PASSED] - delay: Delayed 1 second(s)

2019-04-24 12:56:43 - [MESSAGE][PASSED] - Delayed 1 second(s)

2019-04-24 12:56:43 - [TEST_STEP][PASSED] - click: Object: 'Object Repository/Page_KiboPush  Create Broadcast/div_Media' is clicked on

2019-04-24 12:56:43 - [MESSAGE][PASSED] - Object: 'Object Repository/Page_KiboPush  Create Broadcast/div_Media' is clicked on

2019-04-24 12:56:44 - [TEST_STEP][PASSED] - verifyElementPresent: Object 'Object Repository/Page_KiboPush  Create Broadcast/div_Media_1' is present

2019-04-24 12:56:44 - [MESSAGE][PASSED] - Object 'Object Repository/Page_KiboPush  Create Broadcast/div_Media_1' is present

2019-04-24 12:56:44 - [TEST_STEP][PASSED] - delay: Delayed 3 second(s)

2019-04-24 12:56:47 - [MESSAGE][PASSED] - Delayed 3 second(s)

2019-04-24 12:56:47 - [MESSAGE][PASSED] - Call Test Case 'Test Cases/Broadcasts/TC0175' successfully

2019-04-24 12:56:47 - [TEST_STEP][PASSED] - click: Object: 'Object Repository/Page_KiboPush  Create Broadcast/div_ Add Button' is clicked on

2019-04-24 12:56:47 - [MESSAGE][PASSED] - Object: 'Object Repository/Page_KiboPush  Create Broadcast/div_ Add Button' is clicked on

2019-04-24 12:56:47 - [TEST_STEP][PASSED] - setText: Text 'KiboPush' is set on object 'Object Repository/Page_KiboPush  Create Broadcast/input_form-control'

2019-04-24 12:56:47 - [MESSAGE][PASSED] - Text 'KiboPush' is set on object 'Object Repository/Page_KiboPush  Create Broadcast/input_form-control'

2019-04-24 12:56:47 - [TEST_STEP][PASSED] - click: Object: 'Object Repository/Page_KiboPush  Create Broadcast/div_Open a website' is clicked on

2019-04-24 12:56:47 - [MESSAGE][PASSED] - Object: 'Object Repository/Page_KiboPush  Create Broadcast/div_Open a website' is clicked on

2019-04-24 12:56:47 - [TEST_STEP][PASSED] - setText: Text 'kibopush.com' is set on object 'Object Repository/Page_KiboPush  Create Broadcast/input_form-control_1'

2019-04-24 12:56:47 - [MESSAGE][PASSED] - Text 'kibopush.com' is set on object 'Object Repository/Page_KiboPush  Create Broadcast/input_form-control_1'

2019-04-24 12:56:48 - [TEST_STEP][PASSED] - click: Object: 'Object Repository/Page_KiboPush  Create Broadcast/button_Done' is clicked on

2019-04-24 12:56:48 - [MESSAGE][PASSED] - Object: 'Object Repository/Page_KiboPush  Create Broadcast/button_Done' is clicked on]]></system-out>
         <system-err><![CDATA[]]></system-err>
      </testcase>
      <testcase name="Test Cases/Broadcasts/TC0178" classname="Test Cases/Broadcasts/TC0178" status="PASSED">
         <system-out><![CDATA[2019-04-24 12:56:48 - [TEST_CASE][PASSED] - Test Cases/Broadcasts/TC0178: Test Cases/Broadcasts/TC0178

2019-04-24 12:56:48 - [TEST_STEP][PASSED] - callTestCase: Call Test Case 'Test Cases/Broadcasts/TC0175' successfully

2019-04-24 12:56:48 - [TEST_CASE][PASSED] - Test Cases/Broadcasts/TC0175: Test Cases/Broadcasts/TC0175

2019-04-24 12:56:48 - [TEST_STEP][PASSED] - callTestCase: Call Test Case 'Test Cases/s-sidebar_navigation/TeamAccount/Broadcasts' successfully

2019-04-24 12:56:48 - [TEST_CASE][PASSED] - Test Cases/s-sidebar_navigation/TeamAccount/Broadcasts: Test Cases/s-sidebar_navigation/TeamAccount/Broadcasts

2019-04-24 12:56:48 - [TEST_STEP][PASSED] - callTestCase: Call Test Case 'Test Cases/s-sidebar_navigation/individualAccount/broadcast' successfully

2019-04-24 12:56:48 - [TEST_CASE][PASSED] - Test Cases/s-sidebar_navigation/individualAccount/broadcast: Test Cases/s-sidebar_navigation/individualAccount/broadcast

2019-04-24 12:56:48 - [TEST_STEP][PASSED] - click: Object: 'Object Repository/Page_KiboPush  Dashboard/span_Polls' is clicked on

2019-04-24 12:56:48 - [MESSAGE][PASSED] - Object: 'Object Repository/Page_KiboPush  Dashboard/span_Polls' is clicked on

2019-04-24 12:56:48 - [TEST_STEP][PASSED] - delay: Delayed 1 second(s)

2019-04-24 12:56:49 - [MESSAGE][PASSED] - Delayed 1 second(s)

2019-04-24 12:56:49 - [TEST_STEP][PASSED] - click: Object: 'Object Repository/Page_KiboPush  Dashboard/span_Broadcasts' is clicked on

2019-04-24 12:56:49 - [MESSAGE][PASSED] - Object: 'Object Repository/Page_KiboPush  Dashboard/span_Broadcasts' is clicked on

2019-04-24 12:56:49 - [TEST_STEP][PASSED] - delay: Delayed 1 second(s)

2019-04-24 12:56:50 - [MESSAGE][PASSED] - Delayed 1 second(s)

2019-04-24 12:56:50 - [TEST_STEP][PASSED] - scrollToPosition: Browser is scrolled to position x = 0, y = 0

2019-04-24 12:56:50 - [MESSAGE][PASSED] - Browser is scrolled to position x = 0, y = 0

2019-04-24 12:56:50 - [TEST_STEP][PASSED] - click: Object: 'Object Repository/Page_KiboPush  Broadcast/h3_Manage Broadcasts' is clicked on

2019-04-24 12:56:50 - [MESSAGE][PASSED] - Object: 'Object Repository/Page_KiboPush  Broadcast/h3_Manage Broadcasts' is clicked on

2019-04-24 12:56:50 - [MESSAGE][PASSED] - Call Test Case 'Test Cases/s-sidebar_navigation/individualAccount/broadcast' successfully

2019-04-24 12:56:50 - [MESSAGE][PASSED] - Call Test Case 'Test Cases/s-sidebar_navigation/TeamAccount/Broadcasts' successfully

2019-04-24 12:56:50 - [TEST_STEP][PASSED] - click: Object: 'Object Repository/Page_KiboPush  Broadcast/span_Create New Broadcast' is clicked on

2019-04-24 12:56:51 - [MESSAGE][PASSED] - Object: 'Object Repository/Page_KiboPush  Broadcast/span_Create New Broadcast' is clicked on

2019-04-24 12:56:51 - [TEST_STEP][PASSED] - click: Object: 'Object Repository/Page_KiboPush  Broadcast/a_Create New Broadcast' is clicked on

2019-04-24 12:56:51 - [MESSAGE][PASSED] - Object: 'Object Repository/Page_KiboPush  Broadcast/a_Create New Broadcast' is clicked on

2019-04-24 12:56:51 - [TEST_STEP][PASSED] - delay: Delayed 1 second(s)

2019-04-24 12:56:52 - [MESSAGE][PASSED] - Delayed 1 second(s)

2019-04-24 12:56:52 - [TEST_STEP][PASSED] - click: Object: 'Object Repository/Page_KiboPush  Create Broadcast/div_Media' is clicked on

2019-04-24 12:56:52 - [MESSAGE][PASSED] - Object: 'Object Repository/Page_KiboPush  Create Broadcast/div_Media' is clicked on

2019-04-24 12:56:52 - [TEST_STEP][PASSED] - verifyElementPresent: Object 'Object Repository/Page_KiboPush  Create Broadcast/div_Media_1' is present

2019-04-24 12:56:52 - [MESSAGE][PASSED] - Object 'Object Repository/Page_KiboPush  Create Broadcast/div_Media_1' is present

2019-04-24 12:56:52 - [TEST_STEP][PASSED] - delay: Delayed 3 second(s)

2019-04-24 12:56:55 - [MESSAGE][PASSED] - Delayed 3 second(s)

2019-04-24 12:56:55 - [MESSAGE][PASSED] - Call Test Case 'Test Cases/Broadcasts/TC0175' successfully

2019-04-24 12:56:55 - [TEST_STEP][PASSED] - Statement - img = com.kms.katalon.core.configuration.RunConfiguration.getProjectDir() + "/sample.jpg": null

2019-04-24 12:56:55 - [TEST_STEP][PASSED] - uploadFile: File 'C:/Users/cloudkibo/Desktop/KiboPush_Automated_Testing/KiboPush Katalon/sample.jpg' sent to object: 'Object Repository/Page_KiboPush  Create Broadcast/input_file'

2019-04-24 12:56:56 - [MESSAGE][PASSED] - File 'C:/Users/cloudkibo/Desktop/KiboPush_Automated_Testing/KiboPush Katalon/sample.jpg' sent to object: 'Object Repository/Page_KiboPush  Create Broadcast/input_file']]></system-out>
         <system-err><![CDATA[]]></system-err>
      </testcase>
      <testcase name="Test Cases/Broadcasts/TC0182" classname="Test Cases/Broadcasts/TC0182" status="FAILED">
         <failure type="FAILED" message="Unable to click on object 'Object Repository/Page_KiboPush  Create Broadcast/div_Text_1' (Root cause: com.kms.katalon.core.webui.exception.WebElementNotFoundException: Web element with id: 'Object Repository/Page_KiboPush  Create Broadcast/div_Text_1' located by 'By.xpath: //div[@id = 'text' and (text() = 'Text' or . = 'Text')]' not found)"/>
         <system-out><![CDATA[2019-04-24 12:56:56 - [TEST_CASE][FAILED] - Test Cases/Broadcasts/TC0182: Test Cases/Broadcasts/TC0182 FAILED because (of) Unable to click on object 'Object Repository/Page_KiboPush  Create Broadcast/div_Text_1' (Root cause: com.kms.katalon.core.webui.exception.WebElementNotFoundException: Web element with id: 'Object Repository/Page_KiboPush  Create Broadcast/div_Text_1' located by 'By.xpath: //div[@id = 'text' and (text() = 'Text' or . = 'Text')]' not found)

2019-04-24 12:56:56 - [TEST_STEP][FAILED] - callTestCase: Unable to call Test Case with id 'Test Cases/Broadcasts/TC0131' (Root cause: Call Test Case 'Test Cases/Broadcasts/TC0131' failed)

2019-04-24 12:56:56 - [TEST_CASE][FAILED] - Test Cases/Broadcasts/TC0131: Test Cases/Broadcasts/TC0131 FAILED because (of) Unable to click on object 'Object Repository/Page_KiboPush  Create Broadcast/div_Text_1' (Root cause: com.kms.katalon.core.webui.exception.WebElementNotFoundException: Web element with id: 'Object Repository/Page_KiboPush  Create Broadcast/div_Text_1' located by 'By.xpath: //div[@id = 'text' and (text() = 'Text' or . = 'Text')]' not found)

2019-04-24 12:56:56 - [TEST_STEP][PASSED] - callTestCase: Call Test Case 'Test Cases/s-sidebar_navigation/TeamAccount/Broadcasts' successfully

2019-04-24 12:56:56 - [TEST_CASE][PASSED] - Test Cases/s-sidebar_navigation/TeamAccount/Broadcasts: Test Cases/s-sidebar_navigation/TeamAccount/Broadcasts

2019-04-24 12:56:56 - [TEST_STEP][PASSED] - callTestCase: Call Test Case 'Test Cases/s-sidebar_navigation/individualAccount/broadcast' successfully

2019-04-24 12:56:56 - [TEST_CASE][PASSED] - Test Cases/s-sidebar_navigation/individualAccount/broadcast: Test Cases/s-sidebar_navigation/individualAccount/broadcast

2019-04-24 12:56:56 - [TEST_STEP][PASSED] - click: Object: 'Object Repository/Page_KiboPush  Dashboard/span_Polls' is clicked on

2019-04-24 12:56:56 - [MESSAGE][PASSED] - Object: 'Object Repository/Page_KiboPush  Dashboard/span_Polls' is clicked on

2019-04-24 12:56:56 - [TEST_STEP][PASSED] - delay: Delayed 1 second(s)

2019-04-24 12:56:57 - [MESSAGE][PASSED] - Delayed 1 second(s)

2019-04-24 12:56:57 - [TEST_STEP][PASSED] - click: Object: 'Object Repository/Page_KiboPush  Dashboard/span_Broadcasts' is clicked on

2019-04-24 12:56:57 - [MESSAGE][PASSED] - Object: 'Object Repository/Page_KiboPush  Dashboard/span_Broadcasts' is clicked on

2019-04-24 12:56:57 - [TEST_STEP][PASSED] - delay: Delayed 1 second(s)

2019-04-24 12:56:58 - [MESSAGE][PASSED] - Delayed 1 second(s)

2019-04-24 12:56:58 - [TEST_STEP][PASSED] - scrollToPosition: Browser is scrolled to position x = 0, y = 0

2019-04-24 12:56:58 - [MESSAGE][PASSED] - Browser is scrolled to position x = 0, y = 0

2019-04-24 12:56:58 - [TEST_STEP][PASSED] - click: Object: 'Object Repository/Page_KiboPush  Broadcast/h3_Manage Broadcasts' is clicked on

2019-04-24 12:56:58 - [MESSAGE][PASSED] - Object: 'Object Repository/Page_KiboPush  Broadcast/h3_Manage Broadcasts' is clicked on

2019-04-24 12:56:58 - [MESSAGE][PASSED] - Call Test Case 'Test Cases/s-sidebar_navigation/individualAccount/broadcast' successfully

2019-04-24 12:56:58 - [MESSAGE][PASSED] - Call Test Case 'Test Cases/s-sidebar_navigation/TeamAccount/Broadcasts' successfully

2019-04-24 12:56:58 - [TEST_STEP][PASSED] - click: Object: 'Object Repository/Page_KiboPush  Broadcast/span_Create New Broadcast' is clicked on

2019-04-24 12:56:58 - [MESSAGE][PASSED] - Object: 'Object Repository/Page_KiboPush  Broadcast/span_Create New Broadcast' is clicked on

2019-04-24 12:56:58 - [TEST_STEP][PASSED] - click: Object: 'Object Repository/Page_KiboPush  Broadcast/a_Create New Broadcast' is clicked on

2019-04-24 12:56:59 - [MESSAGE][PASSED] - Object: 'Object Repository/Page_KiboPush  Broadcast/a_Create New Broadcast' is clicked on

2019-04-24 12:56:59 - [TEST_STEP][PASSED] - delay: Delayed 1 second(s)

2019-04-24 12:57:00 - [MESSAGE][PASSED] - Delayed 1 second(s)

2019-04-24 12:57:00 - [TEST_STEP][FAILED] - click: Unable to click on object 'Object Repository/Page_KiboPush  Create Broadcast/div_Text_1' (Root cause: com.kms.katalon.core.webui.exception.WebElementNotFoundException: Web element with id: 'Object Repository/Page_KiboPush  Create Broadcast/div_Text_1' located by 'By.xpath: //div[@id = 'text' and (text() = 'Text' or . = 'Text')]' not found)

2019-04-24 12:57:36 - [MESSAGE][FAILED] - Unable to click on object 'Object Repository/Page_KiboPush  Create Broadcast/div_Text_1' (Root cause: com.kms.katalon.core.webui.exception.WebElementNotFoundException: Web element with id: 'Object Repository/Page_KiboPush  Create Broadcast/div_Text_1' located by 'By.xpath: //div[@id = 'text' and (text() = 'Text' or . = 'Text')]' not found)
[[ATTACHMENT|C:\\Users\\cloudkibo\\Desktop\\KiboPush_Automated_Testing\\KiboPush Katalon\\Reports\\broadcast\\20190424_124145\\1556092656101.png]]

2019-04-24 12:57:36 - [MESSAGE][FAILED] - Unable to call Test Case with id 'Test Cases/Broadcasts/TC0131' (Root cause: Call Test Case 'Test Cases/Broadcasts/TC0131' failed)]]></system-out>
         <system-err><![CDATA[2019-04-24 12:56:56 - [TEST_CASE][FAILED] - Test Cases/Broadcasts/TC0182: Test Cases/Broadcasts/TC0182 FAILED because (of) Unable to click on object 'Object Repository/Page_KiboPush  Create Broadcast/div_Text_1' (Root cause: com.kms.katalon.core.webui.exception.WebElementNotFoundException: Web element with id: 'Object Repository/Page_KiboPush  Create Broadcast/div_Text_1' located by 'By.xpath: //div[@id = 'text' and (text() = 'Text' or . = 'Text')]' not found)]]></system-err>
      </testcase>
      <testcase name="Test Cases/Broadcasts/TC0183" classname="Test Cases/Broadcasts/TC0183" status="PASSED">
         <system-out><![CDATA[2019-04-24 12:57:36 - [TEST_CASE][PASSED] - Test Cases/Broadcasts/TC0183: Test Cases/Broadcasts/TC0183

2019-04-24 12:57:36 - [TEST_STEP][PASSED] - callTestCase: Call Test Case 'Test Cases/Broadcasts/TC0137' successfully

2019-04-24 12:57:36 - [TEST_CASE][PASSED] - Test Cases/Broadcasts/TC0137: Test Cases/Broadcasts/TC0137

2019-04-24 12:57:36 - [TEST_STEP][PASSED] - callTestCase: Call Test Case 'Test Cases/s-sidebar_navigation/TeamAccount/Broadcasts' successfully

2019-04-24 12:57:36 - [TEST_CASE][PASSED] - Test Cases/s-sidebar_navigation/TeamAccount/Broadcasts: Test Cases/s-sidebar_navigation/TeamAccount/Broadcasts

2019-04-24 12:57:36 - [TEST_STEP][PASSED] - callTestCase: Call Test Case 'Test Cases/s-sidebar_navigation/individualAccount/broadcast' successfully

2019-04-24 12:57:36 - [TEST_CASE][PASSED] - Test Cases/s-sidebar_navigation/individualAccount/broadcast: Test Cases/s-sidebar_navigation/individualAccount/broadcast

2019-04-24 12:57:36 - [TEST_STEP][PASSED] - click: Object: 'Object Repository/Page_KiboPush  Dashboard/span_Polls' is clicked on

2019-04-24 12:57:37 - [MESSAGE][PASSED] - Object: 'Object Repository/Page_KiboPush  Dashboard/span_Polls' is clicked on

2019-04-24 12:57:37 - [TEST_STEP][PASSED] - delay: Delayed 1 second(s)

2019-04-24 12:57:38 - [MESSAGE][PASSED] - Delayed 1 second(s)

2019-04-24 12:57:38 - [TEST_STEP][PASSED] - click: Object: 'Object Repository/Page_KiboPush  Dashboard/span_Broadcasts' is clicked on

2019-04-24 12:57:39 - [MESSAGE][PASSED] - Object: 'Object Repository/Page_KiboPush  Dashboard/span_Broadcasts' is clicked on

2019-04-24 12:57:39 - [TEST_STEP][PASSED] - delay: Delayed 1 second(s)

2019-04-24 12:57:40 - [MESSAGE][PASSED] - Delayed 1 second(s)

2019-04-24 12:57:40 - [TEST_STEP][PASSED] - scrollToPosition: Browser is scrolled to position x = 0, y = 0

2019-04-24 12:57:40 - [MESSAGE][PASSED] - Browser is scrolled to position x = 0, y = 0

2019-04-24 12:57:40 - [TEST_STEP][PASSED] - click: Object: 'Object Repository/Page_KiboPush  Broadcast/h3_Manage Broadcasts' is clicked on

2019-04-24 12:57:40 - [MESSAGE][PASSED] - Object: 'Object Repository/Page_KiboPush  Broadcast/h3_Manage Broadcasts' is clicked on

2019-04-24 12:57:40 - [MESSAGE][PASSED] - Call Test Case 'Test Cases/s-sidebar_navigation/individualAccount/broadcast' successfully

2019-04-24 12:57:40 - [MESSAGE][PASSED] - Call Test Case 'Test Cases/s-sidebar_navigation/TeamAccount/Broadcasts' successfully

2019-04-24 12:57:40 - [TEST_STEP][PASSED] - click: Object: 'Object Repository/Page_KiboPush  Broadcast/span_Create New Broadcast' is clicked on

2019-04-24 12:57:40 - [MESSAGE][PASSED] - Object: 'Object Repository/Page_KiboPush  Broadcast/span_Create New Broadcast' is clicked on

2019-04-24 12:57:40 - [TEST_STEP][PASSED] - click: Object: 'Object Repository/Page_KiboPush  Broadcast/a_Create New Broadcast' is clicked on

2019-04-24 12:57:41 - [MESSAGE][PASSED] - Object: 'Object Repository/Page_KiboPush  Broadcast/a_Create New Broadcast' is clicked on

2019-04-24 12:57:41 - [TEST_STEP][PASSED] - delay: Delayed 1 second(s)

2019-04-24 12:57:42 - [MESSAGE][PASSED] - Delayed 1 second(s)

2019-04-24 12:57:42 - [TEST_STEP][PASSED] - click: Object: 'Object Repository/Page_KiboPush  Create Broadcast/div_Image (2)' is clicked on

2019-04-24 12:57:43 - [MESSAGE][PASSED] - Object: 'Object Repository/Page_KiboPush  Create Broadcast/div_Image (2)' is clicked on

2019-04-24 12:57:43 - [TEST_STEP][PASSED] - delay: Delayed 1 second(s)

2019-04-24 12:57:44 - [MESSAGE][PASSED] - Delayed 1 second(s)

2019-04-24 12:57:44 - [TEST_STEP][PASSED] - verifyElementPresent: Object 'Object Repository/Page_KiboPush  Create Broadcast/div_Image_1' is present

2019-04-24 12:57:44 - [MESSAGE][PASSED] - Object 'Object Repository/Page_KiboPush  Create Broadcast/div_Image_1' is present

2019-04-24 12:57:44 - [MESSAGE][PASSED] - Call Test Case 'Test Cases/Broadcasts/TC0137' successfully

2019-04-24 12:57:44 - [TEST_STEP][PASSED] - click: Object: 'Object Repository/Page_KiboPush  Create Broadcast/i_fa fa-times fa-stack-2x' is clicked on

2019-04-24 12:57:45 - [MESSAGE][PASSED] - Object: 'Object Repository/Page_KiboPush  Create Broadcast/i_fa fa-times fa-stack-2x' is clicked on

2019-04-24 12:57:45 - [TEST_STEP][PASSED] - verifyElementNotPresent: Web element with id: 'Object Repository/Page_KiboPush  Create Broadcast/div_Image_1' located by 'By.xpath: //div[(text() = ' Image ' or . = ' Image ')]' is not present after '5' second(s)

2019-04-24 12:57:45 - [MESSAGE][PASSED] - Web element with id: 'Object Repository/Page_KiboPush  Create Broadcast/div_Image_1' located by 'By.xpath: //div[(text() = ' Image ' or . = ' Image ')]' is not present after '5' second(s)]]></system-out>
         <system-err><![CDATA[]]></system-err>
      </testcase>
      <testcase name="Test Cases/Broadcasts/TC0184" classname="Test Cases/Broadcasts/TC0184" status="PASSED">
         <system-out><![CDATA[2019-04-24 12:57:45 - [TEST_CASE][PASSED] - Test Cases/Broadcasts/TC0184: Test Cases/Broadcasts/TC0184

2019-04-24 12:57:45 - [TEST_STEP][PASSED] - callTestCase: Call Test Case 'Test Cases/Broadcasts/TC0141' successfully

2019-04-24 12:57:45 - [TEST_CASE][PASSED] - Test Cases/Broadcasts/TC0141: Test Cases/Broadcasts/TC0141

2019-04-24 12:57:45 - [TEST_STEP][PASSED] - callTestCase: Call Test Case 'Test Cases/s-sidebar_navigation/TeamAccount/Broadcasts' successfully

2019-04-24 12:57:45 - [TEST_CASE][PASSED] - Test Cases/s-sidebar_navigation/TeamAccount/Broadcasts: Test Cases/s-sidebar_navigation/TeamAccount/Broadcasts

2019-04-24 12:57:45 - [TEST_STEP][PASSED] - callTestCase: Call Test Case 'Test Cases/s-sidebar_navigation/individualAccount/broadcast' successfully

2019-04-24 12:57:45 - [TEST_CASE][PASSED] - Test Cases/s-sidebar_navigation/individualAccount/broadcast: Test Cases/s-sidebar_navigation/individualAccount/broadcast

2019-04-24 12:57:45 - [TEST_STEP][PASSED] - click: Object: 'Object Repository/Page_KiboPush  Dashboard/span_Polls' is clicked on

2019-04-24 12:57:45 - [MESSAGE][PASSED] - Object: 'Object Repository/Page_KiboPush  Dashboard/span_Polls' is clicked on

2019-04-24 12:57:45 - [TEST_STEP][PASSED] - delay: Delayed 1 second(s)

2019-04-24 12:57:46 - [MESSAGE][PASSED] - Delayed 1 second(s)

2019-04-24 12:57:46 - [TEST_STEP][PASSED] - click: Object: 'Object Repository/Page_KiboPush  Dashboard/span_Broadcasts' is clicked on

2019-04-24 12:57:47 - [MESSAGE][PASSED] - Object: 'Object Repository/Page_KiboPush  Dashboard/span_Broadcasts' is clicked on

2019-04-24 12:57:47 - [TEST_STEP][PASSED] - delay: Delayed 1 second(s)

2019-04-24 12:57:48 - [MESSAGE][PASSED] - Delayed 1 second(s)

2019-04-24 12:57:48 - [TEST_STEP][PASSED] - scrollToPosition: Browser is scrolled to position x = 0, y = 0

2019-04-24 12:57:48 - [MESSAGE][PASSED] - Browser is scrolled to position x = 0, y = 0

2019-04-24 12:57:48 - [TEST_STEP][PASSED] - click: Object: 'Object Repository/Page_KiboPush  Broadcast/h3_Manage Broadcasts' is clicked on

2019-04-24 12:57:48 - [MESSAGE][PASSED] - Object: 'Object Repository/Page_KiboPush  Broadcast/h3_Manage Broadcasts' is clicked on

2019-04-24 12:57:48 - [MESSAGE][PASSED] - Call Test Case 'Test Cases/s-sidebar_navigation/individualAccount/broadcast' successfully

2019-04-24 12:57:48 - [MESSAGE][PASSED] - Call Test Case 'Test Cases/s-sidebar_navigation/TeamAccount/Broadcasts' successfully

2019-04-24 12:57:48 - [TEST_STEP][PASSED] - click: Object: 'Object Repository/Page_KiboPush  Broadcast/span_Create New Broadcast' is clicked on

2019-04-24 12:57:48 - [MESSAGE][PASSED] - Object: 'Object Repository/Page_KiboPush  Broadcast/span_Create New Broadcast' is clicked on

2019-04-24 12:57:48 - [TEST_STEP][PASSED] - click: Object: 'Object Repository/Page_KiboPush  Broadcast/a_Create New Broadcast' is clicked on

2019-04-24 12:57:49 - [MESSAGE][PASSED] - Object: 'Object Repository/Page_KiboPush  Broadcast/a_Create New Broadcast' is clicked on

2019-04-24 12:57:49 - [TEST_STEP][PASSED] - delay: Delayed 1 second(s)

2019-04-24 12:57:50 - [MESSAGE][PASSED] - Delayed 1 second(s)

2019-04-24 12:57:50 - [TEST_STEP][PASSED] - click: Object: 'Object Repository/Page_KiboPush  Create Broadcast/div_Card' is clicked on

2019-04-24 12:57:51 - [MESSAGE][PASSED] - Object: 'Object Repository/Page_KiboPush  Create Broadcast/div_Card' is clicked on

2019-04-24 12:57:51 - [MESSAGE][PASSED] - Call Test Case 'Test Cases/Broadcasts/TC0141' successfully

2019-04-24 12:57:51 - [TEST_STEP][PASSED] - click: Object: 'Object Repository/Page_KiboPush  Create Broadcast/i_fa fa-times fa-stack-2x' is clicked on

2019-04-24 12:57:51 - [MESSAGE][PASSED] - Object: 'Object Repository/Page_KiboPush  Create Broadcast/i_fa fa-times fa-stack-2x' is clicked on

2019-04-24 12:57:51 - [TEST_STEP][PASSED] - verifyElementNotPresent: Web element with id: 'Object Repository/Page_KiboPush  Create Broadcast/card_component' located by 'By.xpath: //*[@id="List1"]/div/div/div[3]/div[1]' is not present after '5' second(s)

2019-04-24 12:57:51 - [MESSAGE][PASSED] - Web element with id: 'Object Repository/Page_KiboPush  Create Broadcast/card_component' located by 'By.xpath: //*[@id="List1"]/div/div/div[3]/div[1]' is not present after '5' second(s)]]></system-out>
         <system-err><![CDATA[]]></system-err>
      </testcase>
      <testcase name="Test Cases/Broadcasts/TC0185" classname="Test Cases/Broadcasts/TC0185" status="PASSED">
         <system-out><![CDATA[2019-04-24 12:57:51 - [TEST_CASE][PASSED] - Test Cases/Broadcasts/TC0185: Test Cases/Broadcasts/TC0185

2019-04-24 12:57:52 - [TEST_STEP][PASSED] - callTestCase: Call Test Case 'Test Cases/Broadcasts/TC0150' successfully

2019-04-24 12:57:52 - [TEST_CASE][PASSED] - Test Cases/Broadcasts/TC0150: Test Cases/Broadcasts/TC0150

2019-04-24 12:57:52 - [TEST_STEP][PASSED] - callTestCase: Call Test Case 'Test Cases/s-sidebar_navigation/TeamAccount/Broadcasts' successfully

2019-04-24 12:57:52 - [TEST_CASE][PASSED] - Test Cases/s-sidebar_navigation/TeamAccount/Broadcasts: Test Cases/s-sidebar_navigation/TeamAccount/Broadcasts

2019-04-24 12:57:52 - [TEST_STEP][PASSED] - callTestCase: Call Test Case 'Test Cases/s-sidebar_navigation/individualAccount/broadcast' successfully

2019-04-24 12:57:52 - [TEST_CASE][PASSED] - Test Cases/s-sidebar_navigation/individualAccount/broadcast: Test Cases/s-sidebar_navigation/individualAccount/broadcast

2019-04-24 12:57:52 - [TEST_STEP][PASSED] - click: Object: 'Object Repository/Page_KiboPush  Dashboard/span_Polls' is clicked on

2019-04-24 12:57:52 - [MESSAGE][PASSED] - Object: 'Object Repository/Page_KiboPush  Dashboard/span_Polls' is clicked on

2019-04-24 12:57:52 - [TEST_STEP][PASSED] - delay: Delayed 1 second(s)

2019-04-24 12:57:53 - [MESSAGE][PASSED] - Delayed 1 second(s)

2019-04-24 12:57:53 - [TEST_STEP][PASSED] - click: Object: 'Object Repository/Page_KiboPush  Dashboard/span_Broadcasts' is clicked on

2019-04-24 12:57:54 - [MESSAGE][PASSED] - Object: 'Object Repository/Page_KiboPush  Dashboard/span_Broadcasts' is clicked on

2019-04-24 12:57:54 - [TEST_STEP][PASSED] - delay: Delayed 1 second(s)

2019-04-24 12:57:55 - [MESSAGE][PASSED] - Delayed 1 second(s)

2019-04-24 12:57:55 - [TEST_STEP][PASSED] - scrollToPosition: Browser is scrolled to position x = 0, y = 0

2019-04-24 12:57:55 - [MESSAGE][PASSED] - Browser is scrolled to position x = 0, y = 0

2019-04-24 12:57:55 - [TEST_STEP][PASSED] - click: Object: 'Object Repository/Page_KiboPush  Broadcast/h3_Manage Broadcasts' is clicked on

2019-04-24 12:57:55 - [MESSAGE][PASSED] - Object: 'Object Repository/Page_KiboPush  Broadcast/h3_Manage Broadcasts' is clicked on

2019-04-24 12:57:55 - [MESSAGE][PASSED] - Call Test Case 'Test Cases/s-sidebar_navigation/individualAccount/broadcast' successfully

2019-04-24 12:57:55 - [MESSAGE][PASSED] - Call Test Case 'Test Cases/s-sidebar_navigation/TeamAccount/Broadcasts' successfully

2019-04-24 12:57:55 - [TEST_STEP][PASSED] - click: Object: 'Object Repository/Page_KiboPush  Broadcast/span_Create New Broadcast' is clicked on

2019-04-24 12:57:55 - [MESSAGE][PASSED] - Object: 'Object Repository/Page_KiboPush  Broadcast/span_Create New Broadcast' is clicked on

2019-04-24 12:57:55 - [TEST_STEP][PASSED] - click: Object: 'Object Repository/Page_KiboPush  Broadcast/a_Create New Broadcast' is clicked on

2019-04-24 12:57:56 - [MESSAGE][PASSED] - Object: 'Object Repository/Page_KiboPush  Broadcast/a_Create New Broadcast' is clicked on

2019-04-24 12:57:56 - [TEST_STEP][PASSED] - delay: Delayed 1 second(s)

2019-04-24 12:57:57 - [MESSAGE][PASSED] - Delayed 1 second(s)

2019-04-24 12:57:57 - [TEST_STEP][PASSED] - click: Object: 'Object Repository/Page_KiboPush  Create Broadcast/div_Gallery (1)' is clicked on

2019-04-24 12:57:57 - [MESSAGE][PASSED] - Object: 'Object Repository/Page_KiboPush  Create Broadcast/div_Gallery (1)' is clicked on

2019-04-24 12:57:57 - [TEST_STEP][PASSED] - delay: Delayed 2 second(s)

2019-04-24 12:57:59 - [MESSAGE][PASSED] - Delayed 2 second(s)

2019-04-24 12:57:59 - [MESSAGE][PASSED] - Call Test Case 'Test Cases/Broadcasts/TC0150' successfully

2019-04-24 12:57:59 - [TEST_STEP][PASSED] - click: Object: 'Object Repository/Page_KiboPush  Create Broadcast/i_fa fa-times fa-stack-2x' is clicked on

2019-04-24 12:58:00 - [MESSAGE][PASSED] - Object: 'Object Repository/Page_KiboPush  Create Broadcast/i_fa fa-times fa-stack-2x' is clicked on

2019-04-24 12:58:00 - [TEST_STEP][PASSED] - delay: Delayed 2 second(s)

2019-04-24 12:58:02 - [MESSAGE][PASSED] - Delayed 2 second(s)

2019-04-24 12:58:02 - [TEST_STEP][PASSED] - verifyElementNotPresent: Web element with id: 'Object Repository/Page_KiboPush  Create Broadcast/gallery_component' located by 'By.xpath: //*[@id="List3"]/div/div/div[3]/div/div[2]/div/div[1]/div/div[2]/div[1]' is not present after '5' second(s)

2019-04-24 12:58:02 - [MESSAGE][PASSED] - Web element with id: 'Object Repository/Page_KiboPush  Create Broadcast/gallery_component' located by 'By.xpath: //*[@id="List3"]/div/div/div[3]/div/div[2]/div/div[1]/div/div[2]/div[1]' is not present after '5' second(s)]]></system-out>
         <system-err><![CDATA[]]></system-err>
      </testcase>
      <testcase name="Test Cases/Broadcasts/TC0186" classname="Test Cases/Broadcasts/TC0186" status="PASSED">
         <system-out><![CDATA[2019-04-24 12:58:02 - [TEST_CASE][PASSED] - Test Cases/Broadcasts/TC0186: Test Cases/Broadcasts/TC0186

2019-04-24 12:58:02 - [TEST_STEP][PASSED] - callTestCase: Call Test Case 'Test Cases/Broadcasts/TC0163' successfully

2019-04-24 12:58:02 - [TEST_CASE][PASSED] - Test Cases/Broadcasts/TC0163: Test Cases/Broadcasts/TC0163

2019-04-24 12:58:02 - [TEST_STEP][PASSED] - callTestCase: Call Test Case 'Test Cases/s-sidebar_navigation/TeamAccount/Broadcasts' successfully

2019-04-24 12:58:02 - [TEST_CASE][PASSED] - Test Cases/s-sidebar_navigation/TeamAccount/Broadcasts: Test Cases/s-sidebar_navigation/TeamAccount/Broadcasts

2019-04-24 12:58:02 - [TEST_STEP][PASSED] - callTestCase: Call Test Case 'Test Cases/s-sidebar_navigation/individualAccount/broadcast' successfully

2019-04-24 12:58:02 - [TEST_CASE][PASSED] - Test Cases/s-sidebar_navigation/individualAccount/broadcast: Test Cases/s-sidebar_navigation/individualAccount/broadcast

2019-04-24 12:58:02 - [TEST_STEP][PASSED] - click: Object: 'Object Repository/Page_KiboPush  Dashboard/span_Polls' is clicked on

2019-04-24 12:58:02 - [MESSAGE][PASSED] - Object: 'Object Repository/Page_KiboPush  Dashboard/span_Polls' is clicked on

2019-04-24 12:58:02 - [TEST_STEP][PASSED] - delay: Delayed 1 second(s)

2019-04-24 12:58:03 - [MESSAGE][PASSED] - Delayed 1 second(s)

2019-04-24 12:58:03 - [TEST_STEP][PASSED] - click: Object: 'Object Repository/Page_KiboPush  Dashboard/span_Broadcasts' is clicked on

2019-04-24 12:58:04 - [MESSAGE][PASSED] - Object: 'Object Repository/Page_KiboPush  Dashboard/span_Broadcasts' is clicked on

2019-04-24 12:58:04 - [TEST_STEP][PASSED] - delay: Delayed 1 second(s)

2019-04-24 12:58:05 - [MESSAGE][PASSED] - Delayed 1 second(s)

2019-04-24 12:58:05 - [TEST_STEP][PASSED] - scrollToPosition: Browser is scrolled to position x = 0, y = 0

2019-04-24 12:58:05 - [MESSAGE][PASSED] - Browser is scrolled to position x = 0, y = 0

2019-04-24 12:58:05 - [TEST_STEP][PASSED] - click: Object: 'Object Repository/Page_KiboPush  Broadcast/h3_Manage Broadcasts' is clicked on

2019-04-24 12:58:05 - [MESSAGE][PASSED] - Object: 'Object Repository/Page_KiboPush  Broadcast/h3_Manage Broadcasts' is clicked on

2019-04-24 12:58:05 - [MESSAGE][PASSED] - Call Test Case 'Test Cases/s-sidebar_navigation/individualAccount/broadcast' successfully

2019-04-24 12:58:05 - [MESSAGE][PASSED] - Call Test Case 'Test Cases/s-sidebar_navigation/TeamAccount/Broadcasts' successfully

2019-04-24 12:58:05 - [TEST_STEP][PASSED] - click: Object: 'Object Repository/Page_KiboPush  Broadcast/span_Create New Broadcast' is clicked on

2019-04-24 12:58:05 - [MESSAGE][PASSED] - Object: 'Object Repository/Page_KiboPush  Broadcast/span_Create New Broadcast' is clicked on

2019-04-24 12:58:05 - [TEST_STEP][PASSED] - click: Object: 'Object Repository/Page_KiboPush  Broadcast/a_Create New Broadcast' is clicked on

2019-04-24 12:58:06 - [MESSAGE][PASSED] - Object: 'Object Repository/Page_KiboPush  Broadcast/a_Create New Broadcast' is clicked on

2019-04-24 12:58:06 - [TEST_STEP][PASSED] - delay: Delayed 1 second(s)

2019-04-24 12:58:07 - [MESSAGE][PASSED] - Delayed 1 second(s)

2019-04-24 12:58:07 - [TEST_STEP][PASSED] - click: Object: 'Object Repository/Page_KiboPush  Create Broadcast/div_Audio' is clicked on

2019-04-24 12:58:07 - [MESSAGE][PASSED] - Object: 'Object Repository/Page_KiboPush  Create Broadcast/div_Audio' is clicked on

2019-04-24 12:58:07 - [TEST_STEP][PASSED] - verifyElementPresent: Object 'Object Repository/Page_KiboPush  Create Broadcast/h4_Audio' is present

2019-04-24 12:58:07 - [MESSAGE][PASSED] - Object 'Object Repository/Page_KiboPush  Create Broadcast/h4_Audio' is present

2019-04-24 12:58:07 - [MESSAGE][PASSED] - Call Test Case 'Test Cases/Broadcasts/TC0163' successfully

2019-04-24 12:58:07 - [TEST_STEP][PASSED] - click: Object: 'Object Repository/Page_KiboPush  Create Broadcast/i_fa fa-times fa-stack-2x' is clicked on

2019-04-24 12:58:07 - [MESSAGE][PASSED] - Object: 'Object Repository/Page_KiboPush  Create Broadcast/i_fa fa-times fa-stack-2x' is clicked on

2019-04-24 12:58:07 - [TEST_STEP][PASSED] - verifyElementNotPresent: Web element with id: 'Object Repository/Page_KiboPush  Create Broadcast/h4_Audio' located by 'By.xpath: //h4[(text() = 'Audio' or . = 'Audio')]' is not present after '30' second(s)

2019-04-24 12:58:07 - [MESSAGE][WARNING] - Timeout '0' is invalid. Using default page load timeout: '30'

2019-04-24 12:58:07 - [MESSAGE][PASSED] - Web element with id: 'Object Repository/Page_KiboPush  Create Broadcast/h4_Audio' located by 'By.xpath: //h4[(text() = 'Audio' or . = 'Audio')]' is not present after '30' second(s)]]></system-out>
         <system-err><![CDATA[]]></system-err>
      </testcase>
      <testcase name="Test Cases/Broadcasts/TC0187" classname="Test Cases/Broadcasts/TC0187" status="PASSED">
         <system-out><![CDATA[2019-04-24 12:58:07 - [TEST_CASE][PASSED] - Test Cases/Broadcasts/TC0187: Test Cases/Broadcasts/TC0187

2019-04-24 12:58:08 - [TEST_STEP][PASSED] - callTestCase: Call Test Case 'Test Cases/Broadcasts/TC0167' successfully

2019-04-24 12:58:08 - [TEST_CASE][PASSED] - Test Cases/Broadcasts/TC0167: Test Cases/Broadcasts/TC0167

2019-04-24 12:58:08 - [TEST_STEP][PASSED] - callTestCase: Call Test Case 'Test Cases/s-sidebar_navigation/TeamAccount/Broadcasts' successfully

2019-04-24 12:58:08 - [TEST_CASE][PASSED] - Test Cases/s-sidebar_navigation/TeamAccount/Broadcasts: Test Cases/s-sidebar_navigation/TeamAccount/Broadcasts

2019-04-24 12:58:08 - [TEST_STEP][PASSED] - callTestCase: Call Test Case 'Test Cases/s-sidebar_navigation/individualAccount/broadcast' successfully

2019-04-24 12:58:08 - [TEST_CASE][PASSED] - Test Cases/s-sidebar_navigation/individualAccount/broadcast: Test Cases/s-sidebar_navigation/individualAccount/broadcast

2019-04-24 12:58:08 - [TEST_STEP][PASSED] - click: Object: 'Object Repository/Page_KiboPush  Dashboard/span_Polls' is clicked on

2019-04-24 12:58:08 - [MESSAGE][PASSED] - Object: 'Object Repository/Page_KiboPush  Dashboard/span_Polls' is clicked on

2019-04-24 12:58:08 - [TEST_STEP][PASSED] - delay: Delayed 1 second(s)

2019-04-24 12:58:09 - [MESSAGE][PASSED] - Delayed 1 second(s)

2019-04-24 12:58:09 - [TEST_STEP][PASSED] - click: Object: 'Object Repository/Page_KiboPush  Dashboard/span_Broadcasts' is clicked on

2019-04-24 12:58:10 - [MESSAGE][PASSED] - Object: 'Object Repository/Page_KiboPush  Dashboard/span_Broadcasts' is clicked on

2019-04-24 12:58:10 - [TEST_STEP][PASSED] - delay: Delayed 1 second(s)

2019-04-24 12:58:11 - [MESSAGE][PASSED] - Delayed 1 second(s)

2019-04-24 12:58:11 - [TEST_STEP][PASSED] - scrollToPosition: Browser is scrolled to position x = 0, y = 0

2019-04-24 12:58:11 - [MESSAGE][PASSED] - Browser is scrolled to position x = 0, y = 0

2019-04-24 12:58:11 - [TEST_STEP][PASSED] - click: Object: 'Object Repository/Page_KiboPush  Broadcast/h3_Manage Broadcasts' is clicked on

2019-04-24 12:58:11 - [MESSAGE][PASSED] - Object: 'Object Repository/Page_KiboPush  Broadcast/h3_Manage Broadcasts' is clicked on

2019-04-24 12:58:11 - [MESSAGE][PASSED] - Call Test Case 'Test Cases/s-sidebar_navigation/individualAccount/broadcast' successfully

2019-04-24 12:58:11 - [MESSAGE][PASSED] - Call Test Case 'Test Cases/s-sidebar_navigation/TeamAccount/Broadcasts' successfully

2019-04-24 12:58:11 - [TEST_STEP][PASSED] - click: Object: 'Object Repository/Page_KiboPush  Broadcast/span_Create New Broadcast' is clicked on

2019-04-24 12:58:11 - [MESSAGE][PASSED] - Object: 'Object Repository/Page_KiboPush  Broadcast/span_Create New Broadcast' is clicked on

2019-04-24 12:58:11 - [TEST_STEP][PASSED] - click: Object: 'Object Repository/Page_KiboPush  Broadcast/a_Create New Broadcast' is clicked on

2019-04-24 12:58:11 - [MESSAGE][PASSED] - Object: 'Object Repository/Page_KiboPush  Broadcast/a_Create New Broadcast' is clicked on

2019-04-24 12:58:11 - [TEST_STEP][PASSED] - delay: Delayed 1 second(s)

2019-04-24 12:58:12 - [MESSAGE][PASSED] - Delayed 1 second(s)

2019-04-24 12:58:12 - [TEST_STEP][PASSED] - click: Object: 'Object Repository/Page_KiboPush  Create Broadcast/div_Video' is clicked on

2019-04-24 12:58:13 - [MESSAGE][PASSED] - Object: 'Object Repository/Page_KiboPush  Create Broadcast/div_Video' is clicked on

2019-04-24 12:58:13 - [TEST_STEP][PASSED] - verifyElementPresent: Object 'Object Repository/Page_KiboPush  Create Broadcast/h4_Video' is present

2019-04-24 12:58:13 - [MESSAGE][PASSED] - Object 'Object Repository/Page_KiboPush  Create Broadcast/h4_Video' is present

2019-04-24 12:58:13 - [TEST_STEP][PASSED] - delay: Delayed 3 second(s)

2019-04-24 12:58:16 - [MESSAGE][PASSED] - Delayed 3 second(s)

2019-04-24 12:58:16 - [MESSAGE][PASSED] - Call Test Case 'Test Cases/Broadcasts/TC0167' successfully

2019-04-24 12:58:16 - [TEST_STEP][PASSED] - click: Object: 'Object Repository/Page_KiboPush  Create Broadcast/i_fa fa-times fa-stack-2x' is clicked on

2019-04-24 12:58:16 - [MESSAGE][PASSED] - Object: 'Object Repository/Page_KiboPush  Create Broadcast/i_fa fa-times fa-stack-2x' is clicked on

2019-04-24 12:58:16 - [TEST_STEP][PASSED] - verifyElementNotPresent: Web element with id: 'Object Repository/Page_KiboPush  Create Broadcast/h4_Video' located by 'By.xpath: //h4[(text() = 'Video' or . = 'Video')]' is not present after '5' second(s)

2019-04-24 12:58:16 - [MESSAGE][PASSED] - Web element with id: 'Object Repository/Page_KiboPush  Create Broadcast/h4_Video' located by 'By.xpath: //h4[(text() = 'Video' or . = 'Video')]' is not present after '5' second(s)]]></system-out>
         <system-err><![CDATA[]]></system-err>
      </testcase>
      <testcase name="Test Cases/Broadcasts/TC0188" classname="Test Cases/Broadcasts/TC0188" status="PASSED">
         <system-out><![CDATA[2019-04-24 12:58:16 - [TEST_CASE][PASSED] - Test Cases/Broadcasts/TC0188: Test Cases/Broadcasts/TC0188

2019-04-24 12:58:16 - [TEST_STEP][PASSED] - callTestCase: Call Test Case 'Test Cases/Broadcasts/TC0171' successfully

2019-04-24 12:58:16 - [TEST_CASE][PASSED] - Test Cases/Broadcasts/TC0171: Test Cases/Broadcasts/TC0171

2019-04-24 12:58:16 - [TEST_STEP][PASSED] - callTestCase: Call Test Case 'Test Cases/s-sidebar_navigation/TeamAccount/Broadcasts' successfully

2019-04-24 12:58:16 - [TEST_CASE][PASSED] - Test Cases/s-sidebar_navigation/TeamAccount/Broadcasts: Test Cases/s-sidebar_navigation/TeamAccount/Broadcasts

2019-04-24 12:58:16 - [TEST_STEP][PASSED] - callTestCase: Call Test Case 'Test Cases/s-sidebar_navigation/individualAccount/broadcast' successfully

2019-04-24 12:58:16 - [TEST_CASE][PASSED] - Test Cases/s-sidebar_navigation/individualAccount/broadcast: Test Cases/s-sidebar_navigation/individualAccount/broadcast

2019-04-24 12:58:16 - [TEST_STEP][PASSED] - click: Object: 'Object Repository/Page_KiboPush  Dashboard/span_Polls' is clicked on

2019-04-24 12:58:17 - [MESSAGE][PASSED] - Object: 'Object Repository/Page_KiboPush  Dashboard/span_Polls' is clicked on

2019-04-24 12:58:17 - [TEST_STEP][PASSED] - delay: Delayed 1 second(s)

2019-04-24 12:58:18 - [MESSAGE][PASSED] - Delayed 1 second(s)

2019-04-24 12:58:18 - [TEST_STEP][PASSED] - click: Object: 'Object Repository/Page_KiboPush  Dashboard/span_Broadcasts' is clicked on

2019-04-24 12:58:18 - [MESSAGE][PASSED] - Object: 'Object Repository/Page_KiboPush  Dashboard/span_Broadcasts' is clicked on

2019-04-24 12:58:18 - [TEST_STEP][PASSED] - delay: Delayed 1 second(s)

2019-04-24 12:58:19 - [MESSAGE][PASSED] - Delayed 1 second(s)

2019-04-24 12:58:19 - [TEST_STEP][PASSED] - scrollToPosition: Browser is scrolled to position x = 0, y = 0

2019-04-24 12:58:19 - [MESSAGE][PASSED] - Browser is scrolled to position x = 0, y = 0

2019-04-24 12:58:19 - [TEST_STEP][PASSED] - click: Object: 'Object Repository/Page_KiboPush  Broadcast/h3_Manage Broadcasts' is clicked on

2019-04-24 12:58:19 - [MESSAGE][PASSED] - Object: 'Object Repository/Page_KiboPush  Broadcast/h3_Manage Broadcasts' is clicked on

2019-04-24 12:58:19 - [MESSAGE][PASSED] - Call Test Case 'Test Cases/s-sidebar_navigation/individualAccount/broadcast' successfully

2019-04-24 12:58:19 - [MESSAGE][PASSED] - Call Test Case 'Test Cases/s-sidebar_navigation/TeamAccount/Broadcasts' successfully

2019-04-24 12:58:19 - [TEST_STEP][PASSED] - click: Object: 'Object Repository/Page_KiboPush  Broadcast/span_Create New Broadcast' is clicked on

2019-04-24 12:58:19 - [MESSAGE][PASSED] - Object: 'Object Repository/Page_KiboPush  Broadcast/span_Create New Broadcast' is clicked on

2019-04-24 12:58:19 - [TEST_STEP][PASSED] - click: Object: 'Object Repository/Page_KiboPush  Broadcast/a_Create New Broadcast' is clicked on

2019-04-24 12:58:20 - [MESSAGE][PASSED] - Object: 'Object Repository/Page_KiboPush  Broadcast/a_Create New Broadcast' is clicked on

2019-04-24 12:58:20 - [TEST_STEP][PASSED] - delay: Delayed 1 second(s)

2019-04-24 12:58:21 - [MESSAGE][PASSED] - Delayed 1 second(s)

2019-04-24 12:58:21 - [TEST_STEP][PASSED] - click: Object: 'Object Repository/Page_KiboPush  Create Broadcast/div_File' is clicked on

2019-04-24 12:58:21 - [MESSAGE][PASSED] - Object: 'Object Repository/Page_KiboPush  Create Broadcast/div_File' is clicked on

2019-04-24 12:58:21 - [TEST_STEP][PASSED] - verifyElementPresent: Object 'Object Repository/Page_KiboPush  Create Broadcast/h4_File' is present

2019-04-24 12:58:21 - [MESSAGE][PASSED] - Object 'Object Repository/Page_KiboPush  Create Broadcast/h4_File' is present

2019-04-24 12:58:21 - [TEST_STEP][PASSED] - delay: Delayed 3 second(s)

2019-04-24 12:58:24 - [MESSAGE][PASSED] - Delayed 3 second(s)

2019-04-24 12:58:24 - [MESSAGE][PASSED] - Call Test Case 'Test Cases/Broadcasts/TC0171' successfully

2019-04-24 12:58:24 - [TEST_STEP][PASSED] - click: Object: 'Object Repository/Page_KiboPush  Create Broadcast/i_fa fa-times fa-stack-2x' is clicked on

2019-04-24 12:58:25 - [MESSAGE][PASSED] - Object: 'Object Repository/Page_KiboPush  Create Broadcast/i_fa fa-times fa-stack-2x' is clicked on

2019-04-24 12:58:25 - [TEST_STEP][PASSED] - verifyElementNotPresent: Web element with id: 'Object Repository/Page_KiboPush  Create Broadcast/h4_File' located by 'By.xpath: //h4[(text() = 'File' or . = 'File')]' is not present after '5' second(s)

2019-04-24 12:58:25 - [MESSAGE][PASSED] - Web element with id: 'Object Repository/Page_KiboPush  Create Broadcast/h4_File' located by 'By.xpath: //h4[(text() = 'File' or . = 'File')]' is not present after '5' second(s)]]></system-out>
         <system-err><![CDATA[]]></system-err>
      </testcase>
      <testcase name="Test Cases/Broadcasts/TC0189" classname="Test Cases/Broadcasts/TC0189" status="PASSED">
         <system-out><![CDATA[2019-04-24 12:58:25 - [TEST_CASE][PASSED] - Test Cases/Broadcasts/TC0189: Test Cases/Broadcasts/TC0189

2019-04-24 12:58:25 - [TEST_STEP][PASSED] - callTestCase: Call Test Case 'Test Cases/Broadcasts/TC0175' successfully

2019-04-24 12:58:25 - [TEST_CASE][PASSED] - Test Cases/Broadcasts/TC0175: Test Cases/Broadcasts/TC0175

2019-04-24 12:58:25 - [TEST_STEP][PASSED] - callTestCase: Call Test Case 'Test Cases/s-sidebar_navigation/TeamAccount/Broadcasts' successfully

2019-04-24 12:58:25 - [TEST_CASE][PASSED] - Test Cases/s-sidebar_navigation/TeamAccount/Broadcasts: Test Cases/s-sidebar_navigation/TeamAccount/Broadcasts

2019-04-24 12:58:25 - [TEST_STEP][PASSED] - callTestCase: Call Test Case 'Test Cases/s-sidebar_navigation/individualAccount/broadcast' successfully

2019-04-24 12:58:25 - [TEST_CASE][PASSED] - Test Cases/s-sidebar_navigation/individualAccount/broadcast: Test Cases/s-sidebar_navigation/individualAccount/broadcast

2019-04-24 12:58:25 - [TEST_STEP][PASSED] - click: Object: 'Object Repository/Page_KiboPush  Dashboard/span_Polls' is clicked on

2019-04-24 12:58:25 - [MESSAGE][PASSED] - Object: 'Object Repository/Page_KiboPush  Dashboard/span_Polls' is clicked on

2019-04-24 12:58:25 - [TEST_STEP][PASSED] - delay: Delayed 1 second(s)

2019-04-24 12:58:26 - [MESSAGE][PASSED] - Delayed 1 second(s)

2019-04-24 12:58:26 - [TEST_STEP][PASSED] - click: Object: 'Object Repository/Page_KiboPush  Dashboard/span_Broadcasts' is clicked on

2019-04-24 12:58:27 - [MESSAGE][PASSED] - Object: 'Object Repository/Page_KiboPush  Dashboard/span_Broadcasts' is clicked on

2019-04-24 12:58:27 - [TEST_STEP][PASSED] - delay: Delayed 1 second(s)

2019-04-24 12:58:28 - [MESSAGE][PASSED] - Delayed 1 second(s)

2019-04-24 12:58:28 - [TEST_STEP][PASSED] - scrollToPosition: Browser is scrolled to position x = 0, y = 0

2019-04-24 12:58:28 - [MESSAGE][PASSED] - Browser is scrolled to position x = 0, y = 0

2019-04-24 12:58:28 - [TEST_STEP][PASSED] - click: Object: 'Object Repository/Page_KiboPush  Broadcast/h3_Manage Broadcasts' is clicked on

2019-04-24 12:58:28 - [MESSAGE][PASSED] - Object: 'Object Repository/Page_KiboPush  Broadcast/h3_Manage Broadcasts' is clicked on

2019-04-24 12:58:28 - [MESSAGE][PASSED] - Call Test Case 'Test Cases/s-sidebar_navigation/individualAccount/broadcast' successfully

2019-04-24 12:58:28 - [MESSAGE][PASSED] - Call Test Case 'Test Cases/s-sidebar_navigation/TeamAccount/Broadcasts' successfully

2019-04-24 12:58:28 - [TEST_STEP][PASSED] - click: Object: 'Object Repository/Page_KiboPush  Broadcast/span_Create New Broadcast' is clicked on

2019-04-24 12:58:28 - [MESSAGE][PASSED] - Object: 'Object Repository/Page_KiboPush  Broadcast/span_Create New Broadcast' is clicked on

2019-04-24 12:58:28 - [TEST_STEP][PASSED] - click: Object: 'Object Repository/Page_KiboPush  Broadcast/a_Create New Broadcast' is clicked on

2019-04-24 12:58:29 - [MESSAGE][PASSED] - Object: 'Object Repository/Page_KiboPush  Broadcast/a_Create New Broadcast' is clicked on

2019-04-24 12:58:29 - [TEST_STEP][PASSED] - delay: Delayed 1 second(s)

2019-04-24 12:58:30 - [MESSAGE][PASSED] - Delayed 1 second(s)

2019-04-24 12:58:30 - [TEST_STEP][PASSED] - click: Object: 'Object Repository/Page_KiboPush  Create Broadcast/div_Media' is clicked on

2019-04-24 12:58:30 - [MESSAGE][PASSED] - Object: 'Object Repository/Page_KiboPush  Create Broadcast/div_Media' is clicked on

2019-04-24 12:58:30 - [TEST_STEP][PASSED] - verifyElementPresent: Object 'Object Repository/Page_KiboPush  Create Broadcast/div_Media_1' is present

2019-04-24 12:58:30 - [MESSAGE][PASSED] - Object 'Object Repository/Page_KiboPush  Create Broadcast/div_Media_1' is present

2019-04-24 12:58:30 - [TEST_STEP][PASSED] - delay: Delayed 3 second(s)

2019-04-24 12:58:33 - [MESSAGE][PASSED] - Delayed 3 second(s)

2019-04-24 12:58:33 - [MESSAGE][PASSED] - Call Test Case 'Test Cases/Broadcasts/TC0175' successfully

2019-04-24 12:58:33 - [TEST_STEP][PASSED] - click: Object: 'Object Repository/Page_KiboPush  Create Broadcast/i_fa fa-times fa-stack-2x' is clicked on

2019-04-24 12:58:33 - [MESSAGE][PASSED] - Object: 'Object Repository/Page_KiboPush  Create Broadcast/i_fa fa-times fa-stack-2x' is clicked on

2019-04-24 12:58:33 - [TEST_STEP][PASSED] - verifyElementNotPresent: Web element with id: 'Object Repository/Page_KiboPush  Create Broadcast/div_Media_1' located by 'By.xpath: //div[(text() = ' Media ' or . = ' Media ')]' is not present after '5' second(s)

2019-04-24 12:58:33 - [MESSAGE][PASSED] - Web element with id: 'Object Repository/Page_KiboPush  Create Broadcast/div_Media_1' located by 'By.xpath: //div[(text() = ' Media ' or . = ' Media ')]' is not present after '5' second(s)]]></system-out>
         <system-err><![CDATA[]]></system-err>
      </testcase>
      <testcase name="Test Cases/Broadcasts/TC0190" classname="Test Cases/Broadcasts/TC0190" status="PASSED">
         <system-out><![CDATA[2019-04-24 12:58:33 - [TEST_CASE][PASSED] - Test Cases/Broadcasts/TC0190: Test Cases/Broadcasts/TC0190

2019-04-24 12:58:34 - [TEST_STEP][PASSED] - callTestCase: Call Test Case 'Test Cases/s-sidebar_navigation/TeamAccount/Broadcasts' successfully

2019-04-24 12:58:34 - [TEST_CASE][PASSED] - Test Cases/s-sidebar_navigation/TeamAccount/Broadcasts: Test Cases/s-sidebar_navigation/TeamAccount/Broadcasts

2019-04-24 12:58:34 - [TEST_STEP][PASSED] - callTestCase: Call Test Case 'Test Cases/s-sidebar_navigation/individualAccount/broadcast' successfully

2019-04-24 12:58:34 - [TEST_CASE][PASSED] - Test Cases/s-sidebar_navigation/individualAccount/broadcast: Test Cases/s-sidebar_navigation/individualAccount/broadcast

2019-04-24 12:58:34 - [TEST_STEP][PASSED] - click: Object: 'Object Repository/Page_KiboPush  Dashboard/span_Polls' is clicked on

2019-04-24 12:58:34 - [MESSAGE][PASSED] - Object: 'Object Repository/Page_KiboPush  Dashboard/span_Polls' is clicked on

2019-04-24 12:58:34 - [TEST_STEP][PASSED] - delay: Delayed 1 second(s)

2019-04-24 12:58:35 - [MESSAGE][PASSED] - Delayed 1 second(s)

2019-04-24 12:58:35 - [TEST_STEP][PASSED] - click: Object: 'Object Repository/Page_KiboPush  Dashboard/span_Broadcasts' is clicked on

2019-04-24 12:58:35 - [MESSAGE][PASSED] - Object: 'Object Repository/Page_KiboPush  Dashboard/span_Broadcasts' is clicked on

2019-04-24 12:58:35 - [TEST_STEP][PASSED] - delay: Delayed 1 second(s)

2019-04-24 12:58:36 - [MESSAGE][PASSED] - Delayed 1 second(s)

2019-04-24 12:58:36 - [TEST_STEP][PASSED] - scrollToPosition: Browser is scrolled to position x = 0, y = 0

2019-04-24 12:58:36 - [MESSAGE][PASSED] - Browser is scrolled to position x = 0, y = 0

2019-04-24 12:58:36 - [TEST_STEP][PASSED] - click: Object: 'Object Repository/Page_KiboPush  Broadcast/h3_Manage Broadcasts' is clicked on

2019-04-24 12:58:36 - [MESSAGE][PASSED] - Object: 'Object Repository/Page_KiboPush  Broadcast/h3_Manage Broadcasts' is clicked on

2019-04-24 12:58:36 - [MESSAGE][PASSED] - Call Test Case 'Test Cases/s-sidebar_navigation/individualAccount/broadcast' successfully

2019-04-24 12:58:36 - [MESSAGE][PASSED] - Call Test Case 'Test Cases/s-sidebar_navigation/TeamAccount/Broadcasts' successfully

2019-04-24 12:58:36 - [TEST_STEP][PASSED] - click: Object: 'Object Repository/Page_KiboPush  Broadcast/span_Create New Broadcast' is clicked on

2019-04-24 12:58:37 - [MESSAGE][PASSED] - Object: 'Object Repository/Page_KiboPush  Broadcast/span_Create New Broadcast' is clicked on

2019-04-24 12:58:37 - [TEST_STEP][PASSED] - click: Object: 'Object Repository/Page_KiboPush  Broadcast/a_Create New Broadcast' is clicked on

2019-04-24 12:58:38 - [MESSAGE][PASSED] - Object: 'Object Repository/Page_KiboPush  Broadcast/a_Create New Broadcast' is clicked on

2019-04-24 12:58:38 - [TEST_STEP][PASSED] - delay: Delayed 1 second(s)

2019-04-24 12:58:39 - [MESSAGE][PASSED] - Delayed 1 second(s)

2019-04-24 12:58:39 - [TEST_STEP][PASSED] - click: Object: 'Object Repository/Page_KiboPush  Create Broadcast/i_convoTitle' is clicked on

2019-04-24 12:58:39 - [MESSAGE][PASSED] - Object: 'Object Repository/Page_KiboPush  Create Broadcast/i_convoTitle' is clicked on

2019-04-24 12:58:39 - [TEST_STEP][PASSED] - setText: Text 'TitleX' is set on object 'Object Repository/Page_KiboPush  Create Broadcast/input_form-control (10)'

2019-04-24 12:58:39 - [MESSAGE][PASSED] - Text 'TitleX' is set on object 'Object Repository/Page_KiboPush  Create Broadcast/input_form-control (10)'

2019-04-24 12:58:39 - [TEST_STEP][PASSED] - click: Object: 'Object Repository/Page_KiboPush  Create Broadcast/button_Save' is clicked on

2019-04-24 12:58:40 - [MESSAGE][PASSED] - Object: 'Object Repository/Page_KiboPush  Create Broadcast/button_Save' is clicked on

2019-04-24 12:58:40 - [TEST_STEP][PASSED] - delay: Delayed 1 second(s)

2019-04-24 12:58:41 - [MESSAGE][PASSED] - Delayed 1 second(s)

2019-04-24 12:58:41 - [TEST_STEP][PASSED] - click: Object: 'Object Repository/Page_KiboPush  Create Broadcast/h3_TitleX' is clicked on

2019-04-24 12:58:41 - [MESSAGE][PASSED] - Object: 'Object Repository/Page_KiboPush  Create Broadcast/h3_TitleX' is clicked on]]></system-out>
         <system-err><![CDATA[]]></system-err>
      </testcase>
      <testcase name="Test Cases/Broadcasts/TC0192" classname="Test Cases/Broadcasts/TC0192" status="PASSED">
         <system-out><![CDATA[2019-04-24 12:58:41 - [TEST_CASE][PASSED] - Test Cases/Broadcasts/TC0192: Test Cases/Broadcasts/TC0192

2019-04-24 12:58:41 - [TEST_STEP][PASSED] - callTestCase: Call Test Case 'Test Cases/Broadcasts/TC0131' successfully

2019-04-24 12:58:41 - [TEST_CASE][PASSED] - Test Cases/Broadcasts/TC0131: Test Cases/Broadcasts/TC0131

2019-04-24 12:58:41 - [TEST_STEP][PASSED] - callTestCase: Call Test Case 'Test Cases/s-sidebar_navigation/TeamAccount/Broadcasts' successfully

2019-04-24 12:58:41 - [TEST_CASE][PASSED] - Test Cases/s-sidebar_navigation/TeamAccount/Broadcasts: Test Cases/s-sidebar_navigation/TeamAccount/Broadcasts

2019-04-24 12:58:41 - [TEST_STEP][PASSED] - callTestCase: Call Test Case 'Test Cases/s-sidebar_navigation/individualAccount/broadcast' successfully

2019-04-24 12:58:41 - [TEST_CASE][PASSED] - Test Cases/s-sidebar_navigation/individualAccount/broadcast: Test Cases/s-sidebar_navigation/individualAccount/broadcast

2019-04-24 12:58:41 - [TEST_STEP][PASSED] - click: Object: 'Object Repository/Page_KiboPush  Dashboard/span_Polls' is clicked on

2019-04-24 12:58:42 - [MESSAGE][PASSED] - Object: 'Object Repository/Page_KiboPush  Dashboard/span_Polls' is clicked on

2019-04-24 12:58:42 - [TEST_STEP][PASSED] - delay: Delayed 1 second(s)

2019-04-24 12:58:43 - [MESSAGE][PASSED] - Delayed 1 second(s)

2019-04-24 12:58:43 - [TEST_STEP][PASSED] - click: Object: 'Object Repository/Page_KiboPush  Dashboard/span_Broadcasts' is clicked on

2019-04-24 12:58:43 - [MESSAGE][PASSED] - Object: 'Object Repository/Page_KiboPush  Dashboard/span_Broadcasts' is clicked on

2019-04-24 12:58:43 - [TEST_STEP][PASSED] - delay: Delayed 1 second(s)

2019-04-24 12:58:44 - [MESSAGE][PASSED] - Delayed 1 second(s)

2019-04-24 12:58:44 - [TEST_STEP][PASSED] - scrollToPosition: Browser is scrolled to position x = 0, y = 0

2019-04-24 12:58:44 - [MESSAGE][PASSED] - Browser is scrolled to position x = 0, y = 0

2019-04-24 12:58:44 - [TEST_STEP][PASSED] - click: Object: 'Object Repository/Page_KiboPush  Broadcast/h3_Manage Broadcasts' is clicked on

2019-04-24 12:58:44 - [MESSAGE][PASSED] - Object: 'Object Repository/Page_KiboPush  Broadcast/h3_Manage Broadcasts' is clicked on

2019-04-24 12:58:44 - [MESSAGE][PASSED] - Call Test Case 'Test Cases/s-sidebar_navigation/individualAccount/broadcast' successfully

2019-04-24 12:58:44 - [MESSAGE][PASSED] - Call Test Case 'Test Cases/s-sidebar_navigation/TeamAccount/Broadcasts' successfully

2019-04-24 12:58:44 - [TEST_STEP][PASSED] - click: Object: 'Object Repository/Page_KiboPush  Broadcast/span_Create New Broadcast' is clicked on

2019-04-24 12:58:44 - [MESSAGE][PASSED] - Object: 'Object Repository/Page_KiboPush  Broadcast/span_Create New Broadcast' is clicked on

2019-04-24 12:58:44 - [TEST_STEP][PASSED] - click: Object: 'Object Repository/Page_KiboPush  Broadcast/a_Create New Broadcast' is clicked on

2019-04-24 12:58:45 - [MESSAGE][PASSED] - Object: 'Object Repository/Page_KiboPush  Broadcast/a_Create New Broadcast' is clicked on

2019-04-24 12:58:45 - [TEST_STEP][PASSED] - delay: Delayed 1 second(s)

2019-04-24 12:58:46 - [MESSAGE][PASSED] - Delayed 1 second(s)

2019-04-24 12:58:46 - [TEST_STEP][PASSED] - click: Object: 'Object Repository/Page_KiboPush  Create Broadcast/div_Text_1' is clicked on

2019-04-24 12:58:46 - [MESSAGE][PASSED] - Object: 'Object Repository/Page_KiboPush  Create Broadcast/div_Text_1' is clicked on

2019-04-24 12:58:46 - [MESSAGE][PASSED] - Call Test Case 'Test Cases/Broadcasts/TC0131' successfully

2019-04-24 12:58:46 - [TEST_STEP][PASSED] - click: Object: 'Object Repository/Page_KiboPush  Create Broadcast/div_ Add Button' is clicked on

2019-04-24 12:58:46 - [MESSAGE][PASSED] - Object: 'Object Repository/Page_KiboPush  Create Broadcast/div_ Add Button' is clicked on

2019-04-24 12:58:46 - [TEST_STEP][PASSED] - setText: Text 'KiboPush' is set on object 'Object Repository/Page_KiboPush  Create Broadcast/input_form-control'

2019-04-24 12:58:47 - [MESSAGE][PASSED] - Text 'KiboPush' is set on object 'Object Repository/Page_KiboPush  Create Broadcast/input_form-control'

2019-04-24 12:58:47 - [TEST_STEP][PASSED] - verifyElementNotClickable: Object 'Object Repository/Page_KiboPush  Create Broadcast/button_Done' is NOT clickable

2019-04-24 12:58:47 - [MESSAGE][PASSED] - Object 'Object Repository/Page_KiboPush  Create Broadcast/button_Done' is NOT clickable]]></system-out>
         <system-err><![CDATA[]]></system-err>
      </testcase>
      <testcase name="Test Cases/Broadcasts/TC0193" classname="Test Cases/Broadcasts/TC0193" status="PASSED">
         <system-out><![CDATA[2019-04-24 12:58:47 - [TEST_CASE][PASSED] - Test Cases/Broadcasts/TC0193: Test Cases/Broadcasts/TC0193

2019-04-24 12:58:47 - [TEST_STEP][PASSED] - callTestCase: Call Test Case 'Test Cases/Broadcasts/TC0133' successfully

2019-04-24 12:58:47 - [TEST_CASE][PASSED] - Test Cases/Broadcasts/TC0133: Test Cases/Broadcasts/TC0133

2019-04-24 12:58:47 - [TEST_STEP][PASSED] - callTestCase: Call Test Case 'Test Cases/s-sidebar_navigation/TeamAccount/Broadcasts' successfully

2019-04-24 12:58:47 - [TEST_CASE][PASSED] - Test Cases/s-sidebar_navigation/TeamAccount/Broadcasts: Test Cases/s-sidebar_navigation/TeamAccount/Broadcasts

2019-04-24 12:58:47 - [TEST_STEP][PASSED] - callTestCase: Call Test Case 'Test Cases/s-sidebar_navigation/individualAccount/broadcast' successfully

2019-04-24 12:58:47 - [TEST_CASE][PASSED] - Test Cases/s-sidebar_navigation/individualAccount/broadcast: Test Cases/s-sidebar_navigation/individualAccount/broadcast

2019-04-24 12:58:47 - [TEST_STEP][PASSED] - click: Object: 'Object Repository/Page_KiboPush  Dashboard/span_Polls' is clicked on

2019-04-24 12:58:48 - [MESSAGE][PASSED] - Object: 'Object Repository/Page_KiboPush  Dashboard/span_Polls' is clicked on

2019-04-24 12:58:48 - [TEST_STEP][PASSED] - delay: Delayed 1 second(s)

2019-04-24 12:58:49 - [MESSAGE][PASSED] - Delayed 1 second(s)

2019-04-24 12:58:49 - [TEST_STEP][PASSED] - click: Object: 'Object Repository/Page_KiboPush  Dashboard/span_Broadcasts' is clicked on

2019-04-24 12:58:49 - [MESSAGE][PASSED] - Object: 'Object Repository/Page_KiboPush  Dashboard/span_Broadcasts' is clicked on

2019-04-24 12:58:49 - [TEST_STEP][PASSED] - delay: Delayed 1 second(s)

2019-04-24 12:58:50 - [MESSAGE][PASSED] - Delayed 1 second(s)

2019-04-24 12:58:50 - [TEST_STEP][PASSED] - scrollToPosition: Browser is scrolled to position x = 0, y = 0

2019-04-24 12:58:50 - [MESSAGE][PASSED] - Browser is scrolled to position x = 0, y = 0

2019-04-24 12:58:50 - [TEST_STEP][PASSED] - click: Object: 'Object Repository/Page_KiboPush  Broadcast/h3_Manage Broadcasts' is clicked on

2019-04-24 12:58:50 - [MESSAGE][PASSED] - Object: 'Object Repository/Page_KiboPush  Broadcast/h3_Manage Broadcasts' is clicked on

2019-04-24 12:58:50 - [MESSAGE][PASSED] - Call Test Case 'Test Cases/s-sidebar_navigation/individualAccount/broadcast' successfully

2019-04-24 12:58:50 - [MESSAGE][PASSED] - Call Test Case 'Test Cases/s-sidebar_navigation/TeamAccount/Broadcasts' successfully

2019-04-24 12:58:50 - [TEST_STEP][PASSED] - click: Object: 'Object Repository/Page_KiboPush  Broadcast/span_Create New Broadcast' is clicked on

2019-04-24 12:58:50 - [MESSAGE][PASSED] - Object: 'Object Repository/Page_KiboPush  Broadcast/span_Create New Broadcast' is clicked on

2019-04-24 12:58:50 - [TEST_STEP][PASSED] - click: Object: 'Object Repository/Page_KiboPush  Broadcast/a_Create New Broadcast' is clicked on

2019-04-24 12:58:50 - [MESSAGE][PASSED] - Object: 'Object Repository/Page_KiboPush  Broadcast/a_Create New Broadcast' is clicked on

2019-04-24 12:58:50 - [TEST_STEP][PASSED] - delay: Delayed 1 second(s)

2019-04-24 12:58:51 - [MESSAGE][PASSED] - Delayed 1 second(s)

2019-04-24 12:58:51 - [TEST_STEP][PASSED] - click: Object: 'Object Repository/Page_KiboPush  Create Broadcast/div_Text' is clicked on

2019-04-24 12:58:52 - [MESSAGE][PASSED] - Object: 'Object Repository/Page_KiboPush  Create Broadcast/div_Text' is clicked on

2019-04-24 12:58:52 - [TEST_STEP][PASSED] - click: Object: 'Object Repository/Page_KiboPush  Create Broadcast/div_ Add Button' is clicked on

2019-04-24 12:58:52 - [MESSAGE][PASSED] - Object: 'Object Repository/Page_KiboPush  Create Broadcast/div_ Add Button' is clicked on

2019-04-24 12:58:52 - [TEST_STEP][PASSED] - setText: Text 'KiboPush' is set on object 'Object Repository/Page_KiboPush  Create Broadcast/input_form-control (9)'

2019-04-24 12:58:52 - [MESSAGE][PASSED] - Text 'KiboPush' is set on object 'Object Repository/Page_KiboPush  Create Broadcast/input_form-control (9)'

2019-04-24 12:58:52 - [TEST_STEP][PASSED] - click: Object: 'Object Repository/Page_KiboPush  Create Broadcast/div_Open a website (5)' is clicked on

2019-04-24 12:58:52 - [MESSAGE][PASSED] - Object: 'Object Repository/Page_KiboPush  Create Broadcast/div_Open a website (5)' is clicked on

2019-04-24 12:58:52 - [TEST_STEP][PASSED] - setText: Text 'kibopush.com' is set on object 'Object Repository/Page_KiboPush  Create Broadcast/input_form-control_1 (5)'

2019-04-24 12:58:53 - [MESSAGE][PASSED] - Text 'kibopush.com' is set on object 'Object Repository/Page_KiboPush  Create Broadcast/input_form-control_1 (5)'

2019-04-24 12:58:53 - [TEST_STEP][PASSED] - click: Object: 'Object Repository/Page_KiboPush  Create Broadcast/button_Done (5)' is clicked on

2019-04-24 12:58:53 - [MESSAGE][PASSED] - Object: 'Object Repository/Page_KiboPush  Create Broadcast/button_Done (5)' is clicked on

2019-04-24 12:58:53 - [MESSAGE][PASSED] - Call Test Case 'Test Cases/Broadcasts/TC0133' successfully

2019-04-24 12:58:53 - [TEST_STEP][PASSED] - click: Object: 'Object Repository/Page_KiboPush  Create Broadcast/button_KiboPush (1)' is clicked on

2019-04-24 12:58:54 - [MESSAGE][PASSED] - Object: 'Object Repository/Page_KiboPush  Create Broadcast/button_KiboPush (1)' is clicked on

2019-04-24 12:58:54 - [TEST_STEP][PASSED] - doubleClick: Object: 'Object Repository/Page_KiboPush  Create Broadcast/input_form-control (11)' is double clicked on

2019-04-24 12:58:54 - [MESSAGE][PASSED] - Object: 'Object Repository/Page_KiboPush  Create Broadcast/input_form-control (11)' is double clicked on

2019-04-24 12:58:54 - [TEST_STEP][PASSED] - verifyElementAttributeValue: Object 'Object Repository/Page_KiboPush  Create Broadcast/input_form-control' has attribute 'value' with value 'KiboPush'

2019-04-24 12:58:54 - [MESSAGE][PASSED] - Object 'Object Repository/Page_KiboPush  Create Broadcast/input_form-control' has attribute 'value' with value 'KiboPush']]></system-out>
         <system-err><![CDATA[]]></system-err>
      </testcase>
      <testcase name="Test Cases/Broadcasts/TC0194" classname="Test Cases/Broadcasts/TC0194" status="PASSED">
         <system-out><![CDATA[2019-04-24 12:58:54 - [TEST_CASE][PASSED] - Test Cases/Broadcasts/TC0194: Test Cases/Broadcasts/TC0194

2019-04-24 12:58:54 - [TEST_STEP][PASSED] - callTestCase: Call Test Case 'Test Cases/Broadcasts/TC0131' successfully

2019-04-24 12:58:55 - [TEST_CASE][PASSED] - Test Cases/Broadcasts/TC0131: Test Cases/Broadcasts/TC0131

2019-04-24 12:58:55 - [TEST_STEP][PASSED] - callTestCase: Call Test Case 'Test Cases/s-sidebar_navigation/TeamAccount/Broadcasts' successfully

2019-04-24 12:58:55 - [TEST_CASE][PASSED] - Test Cases/s-sidebar_navigation/TeamAccount/Broadcasts: Test Cases/s-sidebar_navigation/TeamAccount/Broadcasts

2019-04-24 12:58:55 - [TEST_STEP][PASSED] - callTestCase: Call Test Case 'Test Cases/s-sidebar_navigation/individualAccount/broadcast' successfully

2019-04-24 12:58:55 - [TEST_CASE][PASSED] - Test Cases/s-sidebar_navigation/individualAccount/broadcast: Test Cases/s-sidebar_navigation/individualAccount/broadcast

2019-04-24 12:58:55 - [TEST_STEP][PASSED] - click: Object: 'Object Repository/Page_KiboPush  Dashboard/span_Polls' is clicked on

2019-04-24 12:58:55 - [MESSAGE][PASSED] - Object: 'Object Repository/Page_KiboPush  Dashboard/span_Polls' is clicked on

2019-04-24 12:58:55 - [TEST_STEP][PASSED] - delay: Delayed 1 second(s)

2019-04-24 12:58:56 - [MESSAGE][PASSED] - Delayed 1 second(s)

2019-04-24 12:58:56 - [TEST_STEP][PASSED] - click: Object: 'Object Repository/Page_KiboPush  Dashboard/span_Broadcasts' is clicked on

2019-04-24 12:58:56 - [MESSAGE][PASSED] - Object: 'Object Repository/Page_KiboPush  Dashboard/span_Broadcasts' is clicked on

2019-04-24 12:58:56 - [TEST_STEP][PASSED] - delay: Delayed 1 second(s)

2019-04-24 12:58:57 - [MESSAGE][PASSED] - Delayed 1 second(s)

2019-04-24 12:58:57 - [TEST_STEP][PASSED] - scrollToPosition: Browser is scrolled to position x = 0, y = 0

2019-04-24 12:58:57 - [MESSAGE][PASSED] - Browser is scrolled to position x = 0, y = 0

2019-04-24 12:58:57 - [TEST_STEP][PASSED] - click: Object: 'Object Repository/Page_KiboPush  Broadcast/h3_Manage Broadcasts' is clicked on

2019-04-24 12:58:57 - [MESSAGE][PASSED] - Object: 'Object Repository/Page_KiboPush  Broadcast/h3_Manage Broadcasts' is clicked on

2019-04-24 12:58:57 - [MESSAGE][PASSED] - Call Test Case 'Test Cases/s-sidebar_navigation/individualAccount/broadcast' successfully

2019-04-24 12:58:57 - [MESSAGE][PASSED] - Call Test Case 'Test Cases/s-sidebar_navigation/TeamAccount/Broadcasts' successfully

2019-04-24 12:58:57 - [TEST_STEP][PASSED] - click: Object: 'Object Repository/Page_KiboPush  Broadcast/span_Create New Broadcast' is clicked on

2019-04-24 12:58:57 - [MESSAGE][PASSED] - Object: 'Object Repository/Page_KiboPush  Broadcast/span_Create New Broadcast' is clicked on

2019-04-24 12:58:57 - [TEST_STEP][PASSED] - click: Object: 'Object Repository/Page_KiboPush  Broadcast/a_Create New Broadcast' is clicked on

2019-04-24 12:58:58 - [MESSAGE][PASSED] - Object: 'Object Repository/Page_KiboPush  Broadcast/a_Create New Broadcast' is clicked on

2019-04-24 12:58:58 - [TEST_STEP][PASSED] - delay: Delayed 1 second(s)

2019-04-24 12:58:59 - [MESSAGE][PASSED] - Delayed 1 second(s)

2019-04-24 12:58:59 - [TEST_STEP][PASSED] - click: Object: 'Object Repository/Page_KiboPush  Create Broadcast/div_Text_1' is clicked on

2019-04-24 12:58:59 - [MESSAGE][PASSED] - Object: 'Object Repository/Page_KiboPush  Create Broadcast/div_Text_1' is clicked on

2019-04-24 12:58:59 - [MESSAGE][PASSED] - Call Test Case 'Test Cases/Broadcasts/TC0131' successfully

2019-04-24 12:58:59 - [TEST_STEP][PASSED] - click: Object: 'Object Repository/Page_KiboPush  Create Broadcast/div_ Add Button' is clicked on

2019-04-24 12:58:59 - [MESSAGE][PASSED] - Object: 'Object Repository/Page_KiboPush  Create Broadcast/div_ Add Button' is clicked on

2019-04-24 12:58:59 - [TEST_STEP][PASSED] - verifyElementPresent: Object 'Object Repository/Page_KiboPush  Create Broadcast/strong_Add Button' is present

2019-04-24 12:58:59 - [MESSAGE][PASSED] - Object 'Object Repository/Page_KiboPush  Create Broadcast/strong_Add Button' is present

2019-04-24 12:58:59 - [TEST_STEP][PASSED] - click: Object: 'Object Repository/Page_KiboPush  Create Broadcast/button_Cancel' is clicked on

2019-04-24 12:58:59 - [MESSAGE][PASSED] - Object: 'Object Repository/Page_KiboPush  Create Broadcast/button_Cancel' is clicked on

2019-04-24 12:58:59 - [TEST_STEP][PASSED] - verifyElementNotPresent: Web element with id: 'Object Repository/Page_KiboPush  Create Broadcast/strong_Add Button' located by 'By.xpath: //strong[(text() = 'Add Button' or . = 'Add Button')]' is not present after '5' second(s)

2019-04-24 12:59:00 - [MESSAGE][PASSED] - Web element with id: 'Object Repository/Page_KiboPush  Create Broadcast/strong_Add Button' located by 'By.xpath: //strong[(text() = 'Add Button' or . = 'Add Button')]' is not present after '5' second(s)]]></system-out>
         <system-err><![CDATA[]]></system-err>
      </testcase>
      <testcase name="Test Cases/Broadcasts/TC0195" classname="Test Cases/Broadcasts/TC0195" status="PASSED">
         <system-out><![CDATA[2019-04-24 12:59:00 - [TEST_CASE][PASSED] - Test Cases/Broadcasts/TC0195: Test Cases/Broadcasts/TC0195

2019-04-24 12:59:00 - [TEST_STEP][PASSED] - callTestCase: Call Test Case 'Test Cases/Broadcasts/TC0133' successfully

2019-04-24 12:59:00 - [TEST_CASE][PASSED] - Test Cases/Broadcasts/TC0133: Test Cases/Broadcasts/TC0133

2019-04-24 12:59:00 - [TEST_STEP][PASSED] - callTestCase: Call Test Case 'Test Cases/s-sidebar_navigation/TeamAccount/Broadcasts' successfully

2019-04-24 12:59:00 - [TEST_CASE][PASSED] - Test Cases/s-sidebar_navigation/TeamAccount/Broadcasts: Test Cases/s-sidebar_navigation/TeamAccount/Broadcasts

2019-04-24 12:59:00 - [TEST_STEP][PASSED] - callTestCase: Call Test Case 'Test Cases/s-sidebar_navigation/individualAccount/broadcast' successfully

2019-04-24 12:59:00 - [TEST_CASE][PASSED] - Test Cases/s-sidebar_navigation/individualAccount/broadcast: Test Cases/s-sidebar_navigation/individualAccount/broadcast

2019-04-24 12:59:00 - [TEST_STEP][PASSED] - click: Object: 'Object Repository/Page_KiboPush  Dashboard/span_Polls' is clicked on

2019-04-24 12:59:00 - [MESSAGE][PASSED] - Object: 'Object Repository/Page_KiboPush  Dashboard/span_Polls' is clicked on

2019-04-24 12:59:00 - [TEST_STEP][PASSED] - delay: Delayed 1 second(s)

2019-04-24 12:59:01 - [MESSAGE][PASSED] - Delayed 1 second(s)

2019-04-24 12:59:01 - [TEST_STEP][PASSED] - click: Object: 'Object Repository/Page_KiboPush  Dashboard/span_Broadcasts' is clicked on

2019-04-24 12:59:01 - [MESSAGE][PASSED] - Object: 'Object Repository/Page_KiboPush  Dashboard/span_Broadcasts' is clicked on

2019-04-24 12:59:01 - [TEST_STEP][PASSED] - delay: Delayed 1 second(s)

2019-04-24 12:59:02 - [MESSAGE][PASSED] - Delayed 1 second(s)

2019-04-24 12:59:02 - [TEST_STEP][PASSED] - scrollToPosition: Browser is scrolled to position x = 0, y = 0

2019-04-24 12:59:02 - [MESSAGE][PASSED] - Browser is scrolled to position x = 0, y = 0

2019-04-24 12:59:02 - [TEST_STEP][PASSED] - click: Object: 'Object Repository/Page_KiboPush  Broadcast/h3_Manage Broadcasts' is clicked on

2019-04-24 12:59:03 - [MESSAGE][PASSED] - Object: 'Object Repository/Page_KiboPush  Broadcast/h3_Manage Broadcasts' is clicked on

2019-04-24 12:59:03 - [MESSAGE][PASSED] - Call Test Case 'Test Cases/s-sidebar_navigation/individualAccount/broadcast' successfully

2019-04-24 12:59:03 - [MESSAGE][PASSED] - Call Test Case 'Test Cases/s-sidebar_navigation/TeamAccount/Broadcasts' successfully

2019-04-24 12:59:03 - [TEST_STEP][PASSED] - click: Object: 'Object Repository/Page_KiboPush  Broadcast/span_Create New Broadcast' is clicked on

2019-04-24 12:59:03 - [MESSAGE][PASSED] - Object: 'Object Repository/Page_KiboPush  Broadcast/span_Create New Broadcast' is clicked on

2019-04-24 12:59:03 - [TEST_STEP][PASSED] - click: Object: 'Object Repository/Page_KiboPush  Broadcast/a_Create New Broadcast' is clicked on

2019-04-24 12:59:03 - [MESSAGE][PASSED] - Object: 'Object Repository/Page_KiboPush  Broadcast/a_Create New Broadcast' is clicked on

2019-04-24 12:59:03 - [TEST_STEP][PASSED] - delay: Delayed 1 second(s)

2019-04-24 12:59:04 - [MESSAGE][PASSED] - Delayed 1 second(s)

2019-04-24 12:59:04 - [TEST_STEP][PASSED] - click: Object: 'Object Repository/Page_KiboPush  Create Broadcast/div_Text' is clicked on

2019-04-24 12:59:05 - [MESSAGE][PASSED] - Object: 'Object Repository/Page_KiboPush  Create Broadcast/div_Text' is clicked on

2019-04-24 12:59:05 - [TEST_STEP][PASSED] - click: Object: 'Object Repository/Page_KiboPush  Create Broadcast/div_ Add Button' is clicked on

2019-04-24 12:59:05 - [MESSAGE][PASSED] - Object: 'Object Repository/Page_KiboPush  Create Broadcast/div_ Add Button' is clicked on

2019-04-24 12:59:05 - [TEST_STEP][PASSED] - setText: Text 'KiboPush' is set on object 'Object Repository/Page_KiboPush  Create Broadcast/input_form-control (9)'

2019-04-24 12:59:06 - [MESSAGE][PASSED] - Text 'KiboPush' is set on object 'Object Repository/Page_KiboPush  Create Broadcast/input_form-control (9)'

2019-04-24 12:59:06 - [TEST_STEP][PASSED] - click: Object: 'Object Repository/Page_KiboPush  Create Broadcast/div_Open a website (5)' is clicked on

2019-04-24 12:59:06 - [MESSAGE][PASSED] - Object: 'Object Repository/Page_KiboPush  Create Broadcast/div_Open a website (5)' is clicked on

2019-04-24 12:59:06 - [TEST_STEP][PASSED] - setText: Text 'kibopush.com' is set on object 'Object Repository/Page_KiboPush  Create Broadcast/input_form-control_1 (5)'

2019-04-24 12:59:06 - [MESSAGE][PASSED] - Text 'kibopush.com' is set on object 'Object Repository/Page_KiboPush  Create Broadcast/input_form-control_1 (5)'

2019-04-24 12:59:06 - [TEST_STEP][PASSED] - click: Object: 'Object Repository/Page_KiboPush  Create Broadcast/button_Done (5)' is clicked on

2019-04-24 12:59:06 - [MESSAGE][PASSED] - Object: 'Object Repository/Page_KiboPush  Create Broadcast/button_Done (5)' is clicked on

2019-04-24 12:59:06 - [MESSAGE][PASSED] - Call Test Case 'Test Cases/Broadcasts/TC0133' successfully

2019-04-24 12:59:06 - [TEST_STEP][PASSED] - verifyElementPresent: Object 'Object Repository/Page_KiboPush  Create Broadcast/button_KiboPush' is present

2019-04-24 12:59:08 - [MESSAGE][PASSED] - Object 'Object Repository/Page_KiboPush  Create Broadcast/button_KiboPush' is present

2019-04-24 12:59:08 - [TEST_STEP][PASSED] - click: Object: 'Object Repository/Page_KiboPush  Create Broadcast/button_KiboPush' is clicked on

2019-04-24 12:59:08 - [MESSAGE][PASSED] - Object: 'Object Repository/Page_KiboPush  Create Broadcast/button_KiboPush' is clicked on

2019-04-24 12:59:08 - [TEST_STEP][PASSED] - click: Object: 'Object Repository/Page_KiboPush  Create Broadcast/button_Remove' is clicked on

2019-04-24 12:59:08 - [MESSAGE][PASSED] - Object: 'Object Repository/Page_KiboPush  Create Broadcast/button_Remove' is clicked on

2019-04-24 12:59:08 - [TEST_STEP][PASSED] - verifyElementNotPresent: Web element with id: 'Object Repository/Page_KiboPush  Create Broadcast/button_KiboPush' located by 'By.xpath: //button[(text() = 'KiboPush' or . = 'KiboPush')]' is not present after '5' second(s)

2019-04-24 12:59:08 - [MESSAGE][PASSED] - Web element with id: 'Object Repository/Page_KiboPush  Create Broadcast/button_KiboPush' located by 'By.xpath: //button[(text() = 'KiboPush' or . = 'KiboPush')]' is not present after '5' second(s)]]></system-out>
         <system-err><![CDATA[]]></system-err>
      </testcase>
      <testcase name="Test Cases/Broadcasts/TC0196" classname="Test Cases/Broadcasts/TC0196" status="PASSED">
         <system-out><![CDATA[2019-04-24 12:59:08 - [TEST_CASE][PASSED] - Test Cases/Broadcasts/TC0196: Test Cases/Broadcasts/TC0196

2019-04-24 12:59:09 - [TEST_STEP][PASSED] - callTestCase: Call Test Case 'Test Cases/Broadcasts/TC0131' successfully

2019-04-24 12:59:09 - [TEST_CASE][PASSED] - Test Cases/Broadcasts/TC0131: Test Cases/Broadcasts/TC0131

2019-04-24 12:59:09 - [TEST_STEP][PASSED] - callTestCase: Call Test Case 'Test Cases/s-sidebar_navigation/TeamAccount/Broadcasts' successfully

2019-04-24 12:59:09 - [TEST_CASE][PASSED] - Test Cases/s-sidebar_navigation/TeamAccount/Broadcasts: Test Cases/s-sidebar_navigation/TeamAccount/Broadcasts

2019-04-24 12:59:09 - [TEST_STEP][PASSED] - callTestCase: Call Test Case 'Test Cases/s-sidebar_navigation/individualAccount/broadcast' successfully

2019-04-24 12:59:09 - [TEST_CASE][PASSED] - Test Cases/s-sidebar_navigation/individualAccount/broadcast: Test Cases/s-sidebar_navigation/individualAccount/broadcast

2019-04-24 12:59:09 - [TEST_STEP][PASSED] - click: Object: 'Object Repository/Page_KiboPush  Dashboard/span_Polls' is clicked on

2019-04-24 12:59:09 - [MESSAGE][PASSED] - Object: 'Object Repository/Page_KiboPush  Dashboard/span_Polls' is clicked on

2019-04-24 12:59:09 - [TEST_STEP][PASSED] - delay: Delayed 1 second(s)

2019-04-24 12:59:10 - [MESSAGE][PASSED] - Delayed 1 second(s)

2019-04-24 12:59:10 - [TEST_STEP][PASSED] - click: Object: 'Object Repository/Page_KiboPush  Dashboard/span_Broadcasts' is clicked on

2019-04-24 12:59:11 - [MESSAGE][PASSED] - Object: 'Object Repository/Page_KiboPush  Dashboard/span_Broadcasts' is clicked on

2019-04-24 12:59:11 - [TEST_STEP][PASSED] - delay: Delayed 1 second(s)

2019-04-24 12:59:12 - [MESSAGE][PASSED] - Delayed 1 second(s)

2019-04-24 12:59:12 - [TEST_STEP][PASSED] - scrollToPosition: Browser is scrolled to position x = 0, y = 0

2019-04-24 12:59:12 - [MESSAGE][PASSED] - Browser is scrolled to position x = 0, y = 0

2019-04-24 12:59:12 - [TEST_STEP][PASSED] - click: Object: 'Object Repository/Page_KiboPush  Broadcast/h3_Manage Broadcasts' is clicked on

2019-04-24 12:59:12 - [MESSAGE][PASSED] - Object: 'Object Repository/Page_KiboPush  Broadcast/h3_Manage Broadcasts' is clicked on

2019-04-24 12:59:12 - [MESSAGE][PASSED] - Call Test Case 'Test Cases/s-sidebar_navigation/individualAccount/broadcast' successfully

2019-04-24 12:59:12 - [MESSAGE][PASSED] - Call Test Case 'Test Cases/s-sidebar_navigation/TeamAccount/Broadcasts' successfully

2019-04-24 12:59:12 - [TEST_STEP][PASSED] - click: Object: 'Object Repository/Page_KiboPush  Broadcast/span_Create New Broadcast' is clicked on

2019-04-24 12:59:12 - [MESSAGE][PASSED] - Object: 'Object Repository/Page_KiboPush  Broadcast/span_Create New Broadcast' is clicked on

2019-04-24 12:59:12 - [TEST_STEP][PASSED] - click: Object: 'Object Repository/Page_KiboPush  Broadcast/a_Create New Broadcast' is clicked on

2019-04-24 12:59:13 - [MESSAGE][PASSED] - Object: 'Object Repository/Page_KiboPush  Broadcast/a_Create New Broadcast' is clicked on

2019-04-24 12:59:13 - [TEST_STEP][PASSED] - delay: Delayed 1 second(s)

2019-04-24 12:59:14 - [MESSAGE][PASSED] - Delayed 1 second(s)

2019-04-24 12:59:14 - [TEST_STEP][PASSED] - click: Object: 'Object Repository/Page_KiboPush  Create Broadcast/div_Text_1' is clicked on

2019-04-24 12:59:14 - [MESSAGE][PASSED] - Object: 'Object Repository/Page_KiboPush  Create Broadcast/div_Text_1' is clicked on

2019-04-24 12:59:14 - [MESSAGE][PASSED] - Call Test Case 'Test Cases/Broadcasts/TC0131' successfully

2019-04-24 12:59:14 - [TEST_STEP][PASSED] - click: Object: 'Object Repository/Page_KiboPush  Create Broadcast/div_Text' is clicked on

2019-04-24 12:59:15 - [MESSAGE][PASSED] - Object: 'Object Repository/Page_KiboPush  Create Broadcast/div_Text' is clicked on

2019-04-24 12:59:15 - [TEST_STEP][PASSED] - click: Object: 'Object Repository/Page_KiboPush  Create Broadcast/button_Reset (1)' is clicked on

2019-04-24 12:59:15 - [MESSAGE][PASSED] - Object: 'Object Repository/Page_KiboPush  Create Broadcast/button_Reset (1)' is clicked on

2019-04-24 12:59:15 - [TEST_STEP][PASSED] - click: Object: 'Object Repository/Page_KiboPush  Create Broadcast/button_Yes' is clicked on

2019-04-24 12:59:15 - [MESSAGE][PASSED] - Object: 'Object Repository/Page_KiboPush  Create Broadcast/button_Yes' is clicked on]]></system-out>
         <system-err><![CDATA[]]></system-err>
      </testcase>
      <testcase name="Test Cases/Broadcasts/TC0204" classname="Test Cases/Broadcasts/TC0204" status="PASSED">
         <system-out><![CDATA[2019-04-24 12:59:15 - [TEST_CASE][PASSED] - Test Cases/Broadcasts/TC0204: Test Cases/Broadcasts/TC0204

2019-04-24 12:59:15 - [TEST_STEP][PASSED] - callTestCase: Call Test Case 'Test Cases/s-sidebar_navigation/individualAccount/arveen_production_login_kiboengage' successfully

2019-04-24 12:59:15 - [TEST_CASE][PASSED] - Test Cases/s-sidebar_navigation/individualAccount/arveen_production_login_kiboengage: Test Cases/s-sidebar_navigation/individualAccount/arveen_production_login_kiboengage

2019-04-24 12:59:15 - [TEST_STEP][PASSED] - openBrowser: Browser is opened with url: ''

2019-04-24 12:59:15 - [MESSAGE][WARNING] - A browser is already opened. Closing browser and opening a new one

2019-04-24 12:59:20 - [MESSAGE][PASSED] - Browser is opened with url: ''

2019-04-24 12:59:20 - [TEST_STEP][PASSED] - maximizeWindow: Current window maximized

2019-04-24 12:59:22 - [MESSAGE][PASSED] - Current window maximized

2019-04-24 12:59:22 - [TEST_STEP][PASSED] - navigateToUrl: Navigate to 'https://kiboengage.cloudkibo.com/' successfully

2019-04-24 12:59:37 - [MESSAGE][PASSED] - Navigate to 'https://kiboengage.cloudkibo.com/' successfully

2019-04-24 12:59:37 - [TEST_STEP][PASSED] - navigateToUrl: Navigate to 'https://accounts.cloudkibo.com/?continue=https://kiboengage.cloudkibo.com' successfully

2019-04-24 12:59:38 - [MESSAGE][PASSED] - Navigate to 'https://accounts.cloudkibo.com/?continue=https://kiboengage.cloudkibo.com' successfully

2019-04-24 12:59:38 - [TEST_STEP][PASSED] - click: Object: 'Object Repository/Page_CloudKibo/a_Login (2) (1) (1)' is clicked on

2019-04-24 12:59:40 - [MESSAGE][PASSED] - Object: 'Object Repository/Page_CloudKibo/a_Login (2) (1) (1)' is clicked on

2019-04-24 12:59:40 - [TEST_STEP][PASSED] - setText: Text 'individual@cloudkibo.com' is set on object 'Object Repository/Page_KiboPush/input_email (10) (1) (1)'

2019-04-24 12:59:40 - [MESSAGE][PASSED] - Text 'individual@cloudkibo.com' is set on object 'Object Repository/Page_KiboPush/input_email (10) (1) (1)'

2019-04-24 12:59:40 - [TEST_STEP][PASSED] - setEncryptedText: Text ****** has been set on object 'Object Repository/Page_CloudKibo/input_Sign In_password (7)'

2019-04-24 12:59:40 - [MESSAGE][PASSED] - Text ****** has been set on object 'Object Repository/Page_CloudKibo/input_Sign In_password (7)'

2019-04-24 12:59:40 - [TEST_STEP][PASSED] - click: Object: 'Object Repository/Page_KiboPush/button_Sign In (10) (1) (2)' is clicked on

2019-04-24 12:59:40 - [MESSAGE][PASSED] - Object: 'Object Repository/Page_KiboPush/button_Sign In (10) (1) (2)' is clicked on

2019-04-24 12:59:40 - [TEST_STEP][PASSED] - click: Object: 'Object Repository/Page_KiboPush  Dashboard/h3_Dashboard (57)' is clicked on

2019-04-24 13:00:34 - [MESSAGE][PASSED] - Object: 'Object Repository/Page_KiboPush  Dashboard/h3_Dashboard (57)' is clicked on

2019-04-24 13:00:34 - [TEST_STEP][PASSED] - delay: Delayed 3 second(s)

2019-04-24 13:00:37 - [MESSAGE][PASSED] - Delayed 3 second(s)

2019-04-24 13:00:37 - [TEST_STEP][PASSED] - click: Object: 'Object Repository/Page_KiboEngage  Dashboard/a_SMS (2) (1) (1) (1) (3)' is clicked on

2019-04-24 13:00:37 - [MESSAGE][PASSED] - Object: 'Object Repository/Page_KiboEngage  Dashboard/a_SMS (2) (1) (1) (1) (3)' is clicked on

2019-04-24 13:00:37 - [TEST_STEP][PASSED] - delay: Delayed 2 second(s)

2019-04-24 13:00:39 - [MESSAGE][PASSED] - Delayed 2 second(s)

2019-04-24 13:00:39 - [TEST_STEP][PASSED] - click: Object: 'Object Repository/Page_KiboEngage  Dashboard/span_Messenger (1) (1) (1) (3)' is clicked on

2019-04-24 13:00:39 - [MESSAGE][PASSED] - Object: 'Object Repository/Page_KiboEngage  Dashboard/span_Messenger (1) (1) (1) (3)' is clicked on

2019-04-24 13:00:39 - [TEST_STEP][PASSED] - delay: Delayed 2 second(s)

2019-04-24 13:00:41 - [MESSAGE][PASSED] - Delayed 2 second(s)

2019-04-24 13:00:41 - [MESSAGE][PASSED] - Call Test Case 'Test Cases/s-sidebar_navigation/individualAccount/arveen_production_login_kiboengage' successfully

2019-04-24 13:00:41 - [TEST_STEP][PASSED] - callTestCase: Call Test Case 'Test Cases/Broadcasts/open_broadcast' successfully

2019-04-24 13:00:41 - [TEST_CASE][PASSED] - Test Cases/Broadcasts/open_broadcast: Test Cases/Broadcasts/open_broadcast

2019-04-24 13:00:41 - [TEST_STEP][PASSED] - click: Object: 'Object Repository/Page_KiboPush  Dashboard/span_Broadcasting' is clicked on

2019-04-24 13:00:42 - [MESSAGE][PASSED] - Object: 'Object Repository/Page_KiboPush  Dashboard/span_Broadcasting' is clicked on

2019-04-24 13:00:42 - [TEST_STEP][PASSED] - delay: Delayed 2 second(s)

2019-04-24 13:00:44 - [MESSAGE][PASSED] - Delayed 2 second(s)

2019-04-24 13:00:44 - [MESSAGE][PASSED] - Call Test Case 'Test Cases/Broadcasts/open_broadcast' successfully

2019-04-24 13:00:44 - [TEST_STEP][PASSED] - callTestCase: Call Test Case 'Test Cases/Broadcasts/TC0131' successfully

2019-04-24 13:00:44 - [TEST_CASE][PASSED] - Test Cases/Broadcasts/TC0131: Test Cases/Broadcasts/TC0131

2019-04-24 13:00:44 - [TEST_STEP][PASSED] - callTestCase: Call Test Case 'Test Cases/s-sidebar_navigation/TeamAccount/Broadcasts' successfully

2019-04-24 13:00:44 - [TEST_CASE][PASSED] - Test Cases/s-sidebar_navigation/TeamAccount/Broadcasts: Test Cases/s-sidebar_navigation/TeamAccount/Broadcasts

2019-04-24 13:00:44 - [TEST_STEP][PASSED] - callTestCase: Call Test Case 'Test Cases/s-sidebar_navigation/individualAccount/broadcast' successfully

2019-04-24 13:00:44 - [TEST_CASE][PASSED] - Test Cases/s-sidebar_navigation/individualAccount/broadcast: Test Cases/s-sidebar_navigation/individualAccount/broadcast

2019-04-24 13:00:44 - [TEST_STEP][PASSED] - click: Object: 'Object Repository/Page_KiboPush  Dashboard/span_Polls' is clicked on

2019-04-24 13:00:44 - [MESSAGE][PASSED] - Object: 'Object Repository/Page_KiboPush  Dashboard/span_Polls' is clicked on

2019-04-24 13:00:44 - [TEST_STEP][PASSED] - delay: Delayed 1 second(s)

2019-04-24 13:00:45 - [MESSAGE][PASSED] - Delayed 1 second(s)

2019-04-24 13:00:45 - [TEST_STEP][PASSED] - click: Object: 'Object Repository/Page_KiboPush  Dashboard/span_Broadcasts' is clicked on

2019-04-24 13:00:45 - [MESSAGE][PASSED] - Object: 'Object Repository/Page_KiboPush  Dashboard/span_Broadcasts' is clicked on

2019-04-24 13:00:45 - [TEST_STEP][PASSED] - delay: Delayed 1 second(s)

2019-04-24 13:00:46 - [MESSAGE][PASSED] - Delayed 1 second(s)

2019-04-24 13:00:46 - [TEST_STEP][PASSED] - scrollToPosition: Browser is scrolled to position x = 0, y = 0

2019-04-24 13:00:46 - [MESSAGE][PASSED] - Browser is scrolled to position x = 0, y = 0

2019-04-24 13:00:46 - [TEST_STEP][PASSED] - click: Object: 'Object Repository/Page_KiboPush  Broadcast/h3_Manage Broadcasts' is clicked on

2019-04-24 13:00:47 - [MESSAGE][PASSED] - Object: 'Object Repository/Page_KiboPush  Broadcast/h3_Manage Broadcasts' is clicked on

2019-04-24 13:00:47 - [MESSAGE][PASSED] - Call Test Case 'Test Cases/s-sidebar_navigation/individualAccount/broadcast' successfully

2019-04-24 13:00:47 - [MESSAGE][PASSED] - Call Test Case 'Test Cases/s-sidebar_navigation/TeamAccount/Broadcasts' successfully

2019-04-24 13:00:47 - [TEST_STEP][PASSED] - click: Object: 'Object Repository/Page_KiboPush  Broadcast/span_Create New Broadcast' is clicked on

2019-04-24 13:00:47 - [MESSAGE][PASSED] - Object: 'Object Repository/Page_KiboPush  Broadcast/span_Create New Broadcast' is clicked on

2019-04-24 13:00:47 - [TEST_STEP][PASSED] - click: Object: 'Object Repository/Page_KiboPush  Broadcast/a_Create New Broadcast' is clicked on

2019-04-24 13:00:48 - [MESSAGE][PASSED] - Object: 'Object Repository/Page_KiboPush  Broadcast/a_Create New Broadcast' is clicked on

2019-04-24 13:00:48 - [TEST_STEP][PASSED] - delay: Delayed 1 second(s)

2019-04-24 13:00:49 - [MESSAGE][PASSED] - Delayed 1 second(s)

2019-04-24 13:00:49 - [TEST_STEP][PASSED] - click: Object: 'Object Repository/Page_KiboPush  Create Broadcast/div_Text_1' is clicked on

2019-04-24 13:00:50 - [MESSAGE][PASSED] - Object: 'Object Repository/Page_KiboPush  Create Broadcast/div_Text_1' is clicked on

2019-04-24 13:00:50 - [MESSAGE][PASSED] - Call Test Case 'Test Cases/Broadcasts/TC0131' successfully

2019-04-24 13:00:50 - [TEST_STEP][PASSED] - click: Object: 'Object Repository/Page_KiboPush  Create Broadcast/div_Text' is clicked on

2019-04-24 13:00:50 - [MESSAGE][PASSED] - Object: 'Object Repository/Page_KiboPush  Create Broadcast/div_Text' is clicked on

2019-04-24 13:00:50 - [TEST_STEP][PASSED] - setText: Text 'X' is set on object 'Object Repository/Page_KiboPush  Create Broadcast/text_component'

2019-04-24 13:00:50 - [MESSAGE][PASSED] - Text 'X' is set on object 'Object Repository/Page_KiboPush  Create Broadcast/text_component'

2019-04-24 13:00:50 - [TEST_STEP][PASSED] - setText: Text 'XY' is set on object 'Object Repository/Page_KiboPush  Create Broadcast/textarea_X'

2019-04-24 13:00:50 - [MESSAGE][PASSED] - Text 'XY' is set on object 'Object Repository/Page_KiboPush  Create Broadcast/textarea_X'

2019-04-24 13:00:50 - [TEST_STEP][PASSED] - setText: Text 'XYZ' is set on object 'Object Repository/Page_KiboPush  Create Broadcast/textarea_XY'

2019-04-24 13:00:51 - [MESSAGE][PASSED] - Text 'XYZ' is set on object 'Object Repository/Page_KiboPush  Create Broadcast/textarea_XY']]></system-out>
         <system-err><![CDATA[]]></system-err>
      </testcase>
      <testcase name="Test Cases/Broadcasts/TC0684" classname="Test Cases/Broadcasts/TC0684" status="PASSED">
         <system-out><![CDATA[2019-04-24 13:00:51 - [TEST_CASE][PASSED] - Test Cases/Broadcasts/TC0684: Test Cases/Broadcasts/TC0684

2019-04-24 13:00:51 - [TEST_STEP][PASSED] - callTestCase: Call Test Case 'Test Cases/s-sidebar_navigation/TeamAccount/Broadcasts' successfully

2019-04-24 13:00:51 - [TEST_CASE][PASSED] - Test Cases/s-sidebar_navigation/TeamAccount/Broadcasts: Test Cases/s-sidebar_navigation/TeamAccount/Broadcasts

2019-04-24 13:00:51 - [TEST_STEP][PASSED] - callTestCase: Call Test Case 'Test Cases/s-sidebar_navigation/individualAccount/broadcast' successfully

2019-04-24 13:00:51 - [TEST_CASE][PASSED] - Test Cases/s-sidebar_navigation/individualAccount/broadcast: Test Cases/s-sidebar_navigation/individualAccount/broadcast

2019-04-24 13:00:51 - [TEST_STEP][PASSED] - click: Object: 'Object Repository/Page_KiboPush  Dashboard/span_Polls' is clicked on

2019-04-24 13:00:51 - [MESSAGE][PASSED] - Object: 'Object Repository/Page_KiboPush  Dashboard/span_Polls' is clicked on

2019-04-24 13:00:51 - [TEST_STEP][PASSED] - delay: Delayed 1 second(s)

2019-04-24 13:00:52 - [MESSAGE][PASSED] - Delayed 1 second(s)

2019-04-24 13:00:52 - [TEST_STEP][PASSED] - click: Object: 'Object Repository/Page_KiboPush  Dashboard/span_Broadcasts' is clicked on

2019-04-24 13:00:52 - [MESSAGE][PASSED] - Object: 'Object Repository/Page_KiboPush  Dashboard/span_Broadcasts' is clicked on

2019-04-24 13:00:52 - [TEST_STEP][PASSED] - delay: Delayed 1 second(s)

2019-04-24 13:00:53 - [MESSAGE][PASSED] - Delayed 1 second(s)

2019-04-24 13:00:53 - [TEST_STEP][PASSED] - scrollToPosition: Browser is scrolled to position x = 0, y = 0

2019-04-24 13:00:54 - [MESSAGE][PASSED] - Browser is scrolled to position x = 0, y = 0

2019-04-24 13:00:54 - [TEST_STEP][PASSED] - click: Object: 'Object Repository/Page_KiboPush  Broadcast/h3_Manage Broadcasts' is clicked on

2019-04-24 13:00:54 - [MESSAGE][PASSED] - Object: 'Object Repository/Page_KiboPush  Broadcast/h3_Manage Broadcasts' is clicked on

2019-04-24 13:00:54 - [MESSAGE][PASSED] - Call Test Case 'Test Cases/s-sidebar_navigation/individualAccount/broadcast' successfully

2019-04-24 13:00:54 - [MESSAGE][PASSED] - Call Test Case 'Test Cases/s-sidebar_navigation/TeamAccount/Broadcasts' successfully

2019-04-24 13:00:54 - [TEST_STEP][PASSED] - click: Object: 'Object Repository/Page_KiboPush  Broadcast/span_Create New Broadcast' is clicked on

2019-04-24 13:00:54 - [MESSAGE][PASSED] - Object: 'Object Repository/Page_KiboPush  Broadcast/span_Create New Broadcast' is clicked on

2019-04-24 13:00:54 - [TEST_STEP][PASSED] - click: Object: 'Object Repository/Page_KiboPush  Broadcast/a_Create New Broadcast' is clicked on

2019-04-24 13:00:55 - [MESSAGE][PASSED] - Object: 'Object Repository/Page_KiboPush  Broadcast/a_Create New Broadcast' is clicked on

2019-04-24 13:00:55 - [TEST_STEP][PASSED] - delay: Delayed 1 second(s)

2019-04-24 13:00:56 - [MESSAGE][PASSED] - Delayed 1 second(s)

2019-04-24 13:00:56 - [TEST_STEP][PASSED] - click: Object: 'Object Repository/Page_KiboPush  Create Broadcast/div_List' is clicked on

2019-04-24 13:00:56 - [MESSAGE][PASSED] - Object: 'Object Repository/Page_KiboPush  Create Broadcast/div_List' is clicked on

2019-04-24 13:00:56 - [TEST_STEP][PASSED] - delay: Delayed 1 second(s)

2019-04-24 13:00:57 - [MESSAGE][PASSED] - Delayed 1 second(s)

2019-04-24 13:00:57 - [TEST_STEP][PASSED] - click: Object: 'Object Repository/Page_KiboPush  Create Broadcast/div_ Add Button  Add Action' is clicked on

2019-04-24 13:00:58 - [MESSAGE][PASSED] - Object: 'Object Repository/Page_KiboPush  Create Broadcast/div_ Add Button  Add Action' is clicked on

2019-04-24 13:00:58 - [TEST_STEP][PASSED] - delay: Delayed 2 second(s)

2019-04-24 13:01:00 - [MESSAGE][PASSED] - Delayed 2 second(s)]]></system-out>
         <system-err><![CDATA[]]></system-err>
      </testcase>
      <testcase name="Test Cases/Broadcasts/TC0685" classname="Test Cases/Broadcasts/TC0685" status="PASSED">
         <system-out><![CDATA[2019-04-24 13:01:00 - [TEST_CASE][PASSED] - Test Cases/Broadcasts/TC0685: Test Cases/Broadcasts/TC0685

2019-04-24 13:01:00 - [TEST_STEP][PASSED] - callTestCase: Call Test Case 'Test Cases/Broadcasts/TC0684' successfully

2019-04-24 13:01:00 - [TEST_CASE][PASSED] - Test Cases/Broadcasts/TC0684: Test Cases/Broadcasts/TC0684

2019-04-24 13:01:00 - [TEST_STEP][PASSED] - callTestCase: Call Test Case 'Test Cases/s-sidebar_navigation/TeamAccount/Broadcasts' successfully

2019-04-24 13:01:00 - [TEST_CASE][PASSED] - Test Cases/s-sidebar_navigation/TeamAccount/Broadcasts: Test Cases/s-sidebar_navigation/TeamAccount/Broadcasts

2019-04-24 13:01:00 - [TEST_STEP][PASSED] - callTestCase: Call Test Case 'Test Cases/s-sidebar_navigation/individualAccount/broadcast' successfully

2019-04-24 13:01:00 - [TEST_CASE][PASSED] - Test Cases/s-sidebar_navigation/individualAccount/broadcast: Test Cases/s-sidebar_navigation/individualAccount/broadcast

2019-04-24 13:01:00 - [TEST_STEP][PASSED] - click: Object: 'Object Repository/Page_KiboPush  Dashboard/span_Polls' is clicked on

2019-04-24 13:01:00 - [MESSAGE][PASSED] - Object: 'Object Repository/Page_KiboPush  Dashboard/span_Polls' is clicked on

2019-04-24 13:01:00 - [TEST_STEP][PASSED] - delay: Delayed 1 second(s)

2019-04-24 13:01:01 - [MESSAGE][PASSED] - Delayed 1 second(s)

2019-04-24 13:01:01 - [TEST_STEP][PASSED] - click: Object: 'Object Repository/Page_KiboPush  Dashboard/span_Broadcasts' is clicked on

2019-04-24 13:01:02 - [MESSAGE][PASSED] - Object: 'Object Repository/Page_KiboPush  Dashboard/span_Broadcasts' is clicked on

2019-04-24 13:01:02 - [TEST_STEP][PASSED] - delay: Delayed 1 second(s)

2019-04-24 13:01:03 - [MESSAGE][PASSED] - Delayed 1 second(s)

2019-04-24 13:01:03 - [TEST_STEP][PASSED] - scrollToPosition: Browser is scrolled to position x = 0, y = 0

2019-04-24 13:01:03 - [MESSAGE][PASSED] - Browser is scrolled to position x = 0, y = 0

2019-04-24 13:01:03 - [TEST_STEP][PASSED] - click: Object: 'Object Repository/Page_KiboPush  Broadcast/h3_Manage Broadcasts' is clicked on

2019-04-24 13:01:03 - [MESSAGE][PASSED] - Object: 'Object Repository/Page_KiboPush  Broadcast/h3_Manage Broadcasts' is clicked on

2019-04-24 13:01:03 - [MESSAGE][PASSED] - Call Test Case 'Test Cases/s-sidebar_navigation/individualAccount/broadcast' successfully

2019-04-24 13:01:03 - [MESSAGE][PASSED] - Call Test Case 'Test Cases/s-sidebar_navigation/TeamAccount/Broadcasts' successfully

2019-04-24 13:01:03 - [TEST_STEP][PASSED] - click: Object: 'Object Repository/Page_KiboPush  Broadcast/span_Create New Broadcast' is clicked on

2019-04-24 13:01:03 - [MESSAGE][PASSED] - Object: 'Object Repository/Page_KiboPush  Broadcast/span_Create New Broadcast' is clicked on

2019-04-24 13:01:03 - [TEST_STEP][PASSED] - click: Object: 'Object Repository/Page_KiboPush  Broadcast/a_Create New Broadcast' is clicked on

2019-04-24 13:01:04 - [MESSAGE][PASSED] - Object: 'Object Repository/Page_KiboPush  Broadcast/a_Create New Broadcast' is clicked on

2019-04-24 13:01:04 - [TEST_STEP][PASSED] - delay: Delayed 1 second(s)

2019-04-24 13:01:05 - [MESSAGE][PASSED] - Delayed 1 second(s)

2019-04-24 13:01:05 - [TEST_STEP][PASSED] - click: Object: 'Object Repository/Page_KiboPush  Create Broadcast/div_List' is clicked on

2019-04-24 13:01:05 - [MESSAGE][PASSED] - Object: 'Object Repository/Page_KiboPush  Create Broadcast/div_List' is clicked on

2019-04-24 13:01:05 - [TEST_STEP][PASSED] - delay: Delayed 1 second(s)

2019-04-24 13:01:06 - [MESSAGE][PASSED] - Delayed 1 second(s)

2019-04-24 13:01:06 - [TEST_STEP][PASSED] - click: Object: 'Object Repository/Page_KiboPush  Create Broadcast/div_ Add Button  Add Action' is clicked on

2019-04-24 13:01:06 - [MESSAGE][PASSED] - Object: 'Object Repository/Page_KiboPush  Create Broadcast/div_ Add Button  Add Action' is clicked on

2019-04-24 13:01:06 - [TEST_STEP][PASSED] - delay: Delayed 2 second(s)

2019-04-24 13:01:08 - [MESSAGE][PASSED] - Delayed 2 second(s)

2019-04-24 13:01:08 - [MESSAGE][PASSED] - Call Test Case 'Test Cases/Broadcasts/TC0684' successfully

2019-04-24 13:01:08 - [TEST_STEP][PASSED] - click: Object: 'Object Repository/Page_KiboPush  Create Broadcast/i_fa fa-times fa-stack-2x' is clicked on

2019-04-24 13:01:09 - [MESSAGE][PASSED] - Object: 'Object Repository/Page_KiboPush  Create Broadcast/i_fa fa-times fa-stack-2x' is clicked on

2019-04-24 13:01:09 - [TEST_STEP][PASSED] - verifyElementNotPresent: Web element with id: 'Object Repository/Page_KiboPush  Create Broadcast/div_ Add Button  Add Action' located by 'By.xpath: //div[(text() = ' + Add Button  Add Action' or . = ' + Add Button  Add Action')]' is not present after '5' second(s)

2019-04-24 13:01:09 - [MESSAGE][PASSED] - Web element with id: 'Object Repository/Page_KiboPush  Create Broadcast/div_ Add Button  Add Action' located by 'By.xpath: //div[(text() = ' + Add Button  Add Action' or . = ' + Add Button  Add Action')]' is not present after '5' second(s)]]></system-out>
         <system-err><![CDATA[]]></system-err>
      </testcase>
      <testcase name="Test Cases/Broadcasts/TC0686" classname="Test Cases/Broadcasts/TC0686" status="FAILED">
         <failure type="FAILED" message="Unable to click on object 'Object Repository/Page_KiboPush  Create Broadcast/i_fa fa-times-circle-o (1)' (Root cause: org.openqa.selenium.InvalidSelectorException: invalid selector: Unable to locate an element with the xpath expression  because of the following error:
SyntaxError: Failed to execute 'evaluate' on 'Document': The string '' is not a valid XPath expression.
  (Session info: chrome=73.0.3683.103)
  (Driver info: chromedriver=2.35.528161 (5b82f2d2aae0ca24b877009200ced9065a772e73),platform=Windows NT 10.0.17134 x86_64) (WARNING: The server did not provide any stacktrace information)
Command duration or timeout: 0 milliseconds
For documentation on this error, please visit: http://seleniumhq.org/exceptions/invalid_selector_exception.html
Build info: version: '3.7.1', revision: '8a0099a', time: '2017-11-06T21:07:36.161Z'
System info: host: 'DESKTOP-4M6R1V0', ip: '10.0.2.15', os.name: 'Windows 10', os.arch: 'amd64', os.version: '10.0', java.version: '1.8.0_181'
Driver info: com.kms.katalon.selenium.driver.CChromeDriver
Capabilities {acceptInsecureCerts: false, acceptSslCerts: false, applicationCacheEnabled: false, browserConnectionEnabled: false, browserName: chrome, chrome: {chromedriverVersion: 2.35.528161 (5b82f2d2aae0ca..., userDataDir: C:\Users\CLOUDK~1\AppData\L...}, cssSelectorsEnabled: true, databaseEnabled: false, handlesAlerts: true, hasTouchScreen: false, javascriptEnabled: true, locationContextEnabled: true, mobileEmulationEnabled: false, nativeEvents: true, networkConnectionEnabled: false, pageLoadStrategy: normal, platform: XP, platformName: XP, rotatable: false, setWindowRect: true, takesHeapSnapshot: true, takesScreenshot: true, unexpectedAlertBehaviour: , unhandledPromptBehavior: , version: 73.0.3683.103, webStorageEnabled: true}
Session ID: 84e0193179e9337189bba55b15611d41
*** Element info: {Using=xpath, value=})"/>
         <system-out><![CDATA[2019-04-24 13:01:09 - [TEST_CASE][FAILED] - Test Cases/Broadcasts/TC0686: Test Cases/Broadcasts/TC0686 FAILED because (of) Unable to click on object 'Object Repository/Page_KiboPush  Create Broadcast/i_fa fa-times-circle-o (1)' (Root cause: org.openqa.selenium.InvalidSelectorException: invalid selector: Unable to locate an element with the xpath expression  because of the following error:
SyntaxError: Failed to execute 'evaluate' on 'Document': The string '' is not a valid XPath expression.
  (Session info: chrome=73.0.3683.103)
  (Driver info: chromedriver=2.35.528161 (5b82f2d2aae0ca24b877009200ced9065a772e73),platform=Windows NT 10.0.17134 x86_64) (WARNING: The server did not provide any stacktrace information)
Command duration or timeout: 0 milliseconds
For documentation on this error, please visit: http://seleniumhq.org/exceptions/invalid_selector_exception.html
Build info: version: '3.7.1', revision: '8a0099a', time: '2017-11-06T21:07:36.161Z'
System info: host: 'DESKTOP-4M6R1V0', ip: '10.0.2.15', os.name: 'Windows 10', os.arch: 'amd64', os.version: '10.0', java.version: '1.8.0_181'
Driver info: com.kms.katalon.selenium.driver.CChromeDriver
Capabilities {acceptInsecureCerts: false, acceptSslCerts: false, applicationCacheEnabled: false, browserConnectionEnabled: false, browserName: chrome, chrome: {chromedriverVersion: 2.35.528161 (5b82f2d2aae0ca..., userDataDir: C:\Users\CLOUDK~1\AppData\L...}, cssSelectorsEnabled: true, databaseEnabled: false, handlesAlerts: true, hasTouchScreen: false, javascriptEnabled: true, locationContextEnabled: true, mobileEmulationEnabled: false, nativeEvents: true, networkConnectionEnabled: false, pageLoadStrategy: normal, platform: XP, platformName: XP, rotatable: false, setWindowRect: true, takesHeapSnapshot: true, takesScreenshot: true, unexpectedAlertBehaviour: , unhandledPromptBehavior: , version: 73.0.3683.103, webStorageEnabled: true}
Session ID: 84e0193179e9337189bba55b15611d41
*** Element info: {Using=xpath, value=})

2019-04-24 13:01:09 - [TEST_STEP][PASSED] - callTestCase: Call Test Case 'Test Cases/Broadcasts/TC0684' successfully

2019-04-24 13:01:09 - [TEST_CASE][PASSED] - Test Cases/Broadcasts/TC0684: Test Cases/Broadcasts/TC0684

2019-04-24 13:01:09 - [TEST_STEP][PASSED] - callTestCase: Call Test Case 'Test Cases/s-sidebar_navigation/TeamAccount/Broadcasts' successfully

2019-04-24 13:01:09 - [TEST_CASE][PASSED] - Test Cases/s-sidebar_navigation/TeamAccount/Broadcasts: Test Cases/s-sidebar_navigation/TeamAccount/Broadcasts

2019-04-24 13:01:09 - [TEST_STEP][PASSED] - callTestCase: Call Test Case 'Test Cases/s-sidebar_navigation/individualAccount/broadcast' successfully

2019-04-24 13:01:09 - [TEST_CASE][PASSED] - Test Cases/s-sidebar_navigation/individualAccount/broadcast: Test Cases/s-sidebar_navigation/individualAccount/broadcast

2019-04-24 13:01:09 - [TEST_STEP][PASSED] - click: Object: 'Object Repository/Page_KiboPush  Dashboard/span_Polls' is clicked on

2019-04-24 13:01:09 - [MESSAGE][PASSED] - Object: 'Object Repository/Page_KiboPush  Dashboard/span_Polls' is clicked on

2019-04-24 13:01:09 - [TEST_STEP][PASSED] - delay: Delayed 1 second(s)

2019-04-24 13:01:10 - [MESSAGE][PASSED] - Delayed 1 second(s)

2019-04-24 13:01:10 - [TEST_STEP][PASSED] - click: Object: 'Object Repository/Page_KiboPush  Dashboard/span_Broadcasts' is clicked on

2019-04-24 13:01:10 - [MESSAGE][PASSED] - Object: 'Object Repository/Page_KiboPush  Dashboard/span_Broadcasts' is clicked on

2019-04-24 13:01:10 - [TEST_STEP][PASSED] - delay: Delayed 1 second(s)

2019-04-24 13:01:11 - [MESSAGE][PASSED] - Delayed 1 second(s)

2019-04-24 13:01:11 - [TEST_STEP][PASSED] - scrollToPosition: Browser is scrolled to position x = 0, y = 0

2019-04-24 13:01:12 - [MESSAGE][PASSED] - Browser is scrolled to position x = 0, y = 0

2019-04-24 13:01:12 - [TEST_STEP][PASSED] - click: Object: 'Object Repository/Page_KiboPush  Broadcast/h3_Manage Broadcasts' is clicked on

2019-04-24 13:01:12 - [MESSAGE][PASSED] - Object: 'Object Repository/Page_KiboPush  Broadcast/h3_Manage Broadcasts' is clicked on

2019-04-24 13:01:12 - [MESSAGE][PASSED] - Call Test Case 'Test Cases/s-sidebar_navigation/individualAccount/broadcast' successfully

2019-04-24 13:01:12 - [MESSAGE][PASSED] - Call Test Case 'Test Cases/s-sidebar_navigation/TeamAccount/Broadcasts' successfully

2019-04-24 13:01:12 - [TEST_STEP][PASSED] - click: Object: 'Object Repository/Page_KiboPush  Broadcast/span_Create New Broadcast' is clicked on

2019-04-24 13:01:12 - [MESSAGE][PASSED] - Object: 'Object Repository/Page_KiboPush  Broadcast/span_Create New Broadcast' is clicked on

2019-04-24 13:01:12 - [TEST_STEP][PASSED] - click: Object: 'Object Repository/Page_KiboPush  Broadcast/a_Create New Broadcast' is clicked on

2019-04-24 13:01:13 - [MESSAGE][PASSED] - Object: 'Object Repository/Page_KiboPush  Broadcast/a_Create New Broadcast' is clicked on

2019-04-24 13:01:13 - [TEST_STEP][PASSED] - delay: Delayed 1 second(s)

2019-04-24 13:01:14 - [MESSAGE][PASSED] - Delayed 1 second(s)

2019-04-24 13:01:14 - [TEST_STEP][PASSED] - click: Object: 'Object Repository/Page_KiboPush  Create Broadcast/div_List' is clicked on

2019-04-24 13:01:14 - [MESSAGE][PASSED] - Object: 'Object Repository/Page_KiboPush  Create Broadcast/div_List' is clicked on

2019-04-24 13:01:14 - [TEST_STEP][PASSED] - delay: Delayed 1 second(s)

2019-04-24 13:01:15 - [MESSAGE][PASSED] - Delayed 1 second(s)

2019-04-24 13:01:15 - [TEST_STEP][PASSED] - click: Object: 'Object Repository/Page_KiboPush  Create Broadcast/div_ Add Button  Add Action' is clicked on

2019-04-24 13:01:15 - [MESSAGE][PASSED] - Object: 'Object Repository/Page_KiboPush  Create Broadcast/div_ Add Button  Add Action' is clicked on

2019-04-24 13:01:15 - [TEST_STEP][PASSED] - delay: Delayed 2 second(s)

2019-04-24 13:01:17 - [MESSAGE][PASSED] - Delayed 2 second(s)

2019-04-24 13:01:17 - [MESSAGE][PASSED] - Call Test Case 'Test Cases/Broadcasts/TC0684' successfully

2019-04-24 13:01:17 - [TEST_STEP][FAILED] - click: Unable to click on object 'Object Repository/Page_KiboPush  Create Broadcast/i_fa fa-times-circle-o (1)' (Root cause: org.openqa.selenium.InvalidSelectorException: invalid selector: Unable to locate an element with the xpath expression  because of the following error:
SyntaxError: Failed to execute 'evaluate' on 'Document': The string '' is not a valid XPath expression.
  (Session info: chrome=73.0.3683.103)
  (Driver info: chromedriver=2.35.528161 (5b82f2d2aae0ca24b877009200ced9065a772e73),platform=Windows NT 10.0.17134 x86_64) (WARNING: The server did not provide any stacktrace information)
Command duration or timeout: 0 milliseconds
For documentation on this error, please visit: http://seleniumhq.org/exceptions/invalid_selector_exception.html
Build info: version: '3.7.1', revision: '8a0099a', time: '2017-11-06T21:07:36.161Z'
System info: host: 'DESKTOP-4M6R1V0', ip: '10.0.2.15', os.name: 'Windows 10', os.arch: 'amd64', os.version: '10.0', java.version: '1.8.0_181'
Driver info: com.kms.katalon.selenium.driver.CChromeDriver
Capabilities {acceptInsecureCerts: false, acceptSslCerts: false, applicationCacheEnabled: false, browserConnectionEnabled: false, browserName: chrome, chrome: {chromedriverVersion: 2.35.528161 (5b82f2d2aae0ca..., userDataDir: C:\Users\CLOUDK~1\AppData\L...}, cssSelectorsEnabled: true, databaseEnabled: false, handlesAlerts: true, hasTouchScreen: false, javascriptEnabled: true, locationContextEnabled: true, mobileEmulationEnabled: false, nativeEvents: true, networkConnectionEnabled: false, pageLoadStrategy: normal, platform: XP, platformName: XP, rotatable: false, setWindowRect: true, takesHeapSnapshot: true, takesScreenshot: true, unexpectedAlertBehaviour: , unhandledPromptBehavior: , version: 73.0.3683.103, webStorageEnabled: true}
Session ID: 84e0193179e9337189bba55b15611d41
*** Element info: {Using=xpath, value=})

2019-04-24 13:01:49 - [MESSAGE][FAILED] - Unable to click on object 'Object Repository/Page_KiboPush  Create Broadcast/i_fa fa-times-circle-o (1)' (Root cause: org.openqa.selenium.InvalidSelectorException: invalid selector: Unable to locate an element with the xpath expression  because of the following error:
SyntaxError: Failed to execute 'evaluate' on 'Document': The string '' is not a valid XPath expression.
  (Session info: chrome=73.0.3683.103)
  (Driver info: chromedriver=2.35.528161 (5b82f2d2aae0ca24b877009200ced9065a772e73),platform=Windows NT 10.0.17134 x86_64) (WARNING: The server did not provide any stacktrace information)
Command duration or timeout: 0 milliseconds
For documentation on this error, please visit: http://seleniumhq.org/exceptions/invalid_selector_exception.html
Build info: version: '3.7.1', revision: '8a0099a', time: '2017-11-06T21:07:36.161Z'
System info: host: 'DESKTOP-4M6R1V0', ip: '10.0.2.15', os.name: 'Windows 10', os.arch: 'amd64', os.version: '10.0', java.version: '1.8.0_181'
Driver info: com.kms.katalon.selenium.driver.CChromeDriver
Capabilities {acceptInsecureCerts: false, acceptSslCerts: false, applicationCacheEnabled: false, browserConnectionEnabled: false, browserName: chrome, chrome: {chromedriverVersion: 2.35.528161 (5b82f2d2aae0ca..., userDataDir: C:\Users\CLOUDK~1\AppData\L...}, cssSelectorsEnabled: true, databaseEnabled: false, handlesAlerts: true, hasTouchScreen: false, javascriptEnabled: true, locationContextEnabled: true, mobileEmulationEnabled: false, nativeEvents: true, networkConnectionEnabled: false, pageLoadStrategy: normal, platform: XP, platformName: XP, rotatable: false, setWindowRect: true, takesHeapSnapshot: true, takesScreenshot: true, unexpectedAlertBehaviour: , unhandledPromptBehavior: , version: 73.0.3683.103, webStorageEnabled: true}
Session ID: 84e0193179e9337189bba55b15611d41
*** Element info: {Using=xpath, value=})
[[ATTACHMENT|C:\\Users\\cloudkibo\\Desktop\\KiboPush_Automated_Testing\\KiboPush Katalon\\Reports\\broadcast\\20190424_124145\\1556092909380.png]]]]></system-out>
         <system-err><![CDATA[2019-04-24 13:01:09 - [TEST_CASE][FAILED] - Test Cases/Broadcasts/TC0686: Test Cases/Broadcasts/TC0686 FAILED because (of) Unable to click on object 'Object Repository/Page_KiboPush  Create Broadcast/i_fa fa-times-circle-o (1)' (Root cause: org.openqa.selenium.InvalidSelectorException: invalid selector: Unable to locate an element with the xpath expression  because of the following error:
SyntaxError: Failed to execute 'evaluate' on 'Document': The string '' is not a valid XPath expression.
  (Session info: chrome=73.0.3683.103)
  (Driver info: chromedriver=2.35.528161 (5b82f2d2aae0ca24b877009200ced9065a772e73),platform=Windows NT 10.0.17134 x86_64) (WARNING: The server did not provide any stacktrace information)
Command duration or timeout: 0 milliseconds
For documentation on this error, please visit: http://seleniumhq.org/exceptions/invalid_selector_exception.html
Build info: version: '3.7.1', revision: '8a0099a', time: '2017-11-06T21:07:36.161Z'
System info: host: 'DESKTOP-4M6R1V0', ip: '10.0.2.15', os.name: 'Windows 10', os.arch: 'amd64', os.version: '10.0', java.version: '1.8.0_181'
Driver info: com.kms.katalon.selenium.driver.CChromeDriver
Capabilities {acceptInsecureCerts: false, acceptSslCerts: false, applicationCacheEnabled: false, browserConnectionEnabled: false, browserName: chrome, chrome: {chromedriverVersion: 2.35.528161 (5b82f2d2aae0ca..., userDataDir: C:\Users\CLOUDK~1\AppData\L...}, cssSelectorsEnabled: true, databaseEnabled: false, handlesAlerts: true, hasTouchScreen: false, javascriptEnabled: true, locationContextEnabled: true, mobileEmulationEnabled: false, nativeEvents: true, networkConnectionEnabled: false, pageLoadStrategy: normal, platform: XP, platformName: XP, rotatable: false, setWindowRect: true, takesHeapSnapshot: true, takesScreenshot: true, unexpectedAlertBehaviour: , unhandledPromptBehavior: , version: 73.0.3683.103, webStorageEnabled: true}
Session ID: 84e0193179e9337189bba55b15611d41
*** Element info: {Using=xpath, value=})]]></system-err>
      </testcase>
      <testcase name="Test Cases/Broadcasts/TC0687" classname="Test Cases/Broadcasts/TC0687" status="FAILED">
         <failure type="FAILED" message="Unable to set text 'X' of object 'Object Repository/Page_KiboPush  Create Broadcast/Second_Card_List_Title' (Root cause: org.openqa.selenium.InvalidSelectorException: invalid selector: Unable to locate an element with the xpath expression  because of the following error:
SyntaxError: Failed to execute 'evaluate' on 'Document': The string '' is not a valid XPath expression.
  (Session info: chrome=73.0.3683.103)
  (Driver info: chromedriver=2.35.528161 (5b82f2d2aae0ca24b877009200ced9065a772e73),platform=Windows NT 10.0.17134 x86_64) (WARNING: The server did not provide any stacktrace information)
Command duration or timeout: 0 milliseconds
For documentation on this error, please visit: http://seleniumhq.org/exceptions/invalid_selector_exception.html
Build info: version: '3.7.1', revision: '8a0099a', time: '2017-11-06T21:07:36.161Z'
System info: host: 'DESKTOP-4M6R1V0', ip: '10.0.2.15', os.name: 'Windows 10', os.arch: 'amd64', os.version: '10.0', java.version: '1.8.0_181'
Driver info: com.kms.katalon.selenium.driver.CChromeDriver
Capabilities {acceptInsecureCerts: false, acceptSslCerts: false, applicationCacheEnabled: false, browserConnectionEnabled: false, browserName: chrome, chrome: {chromedriverVersion: 2.35.528161 (5b82f2d2aae0ca..., userDataDir: C:\Users\CLOUDK~1\AppData\L...}, cssSelectorsEnabled: true, databaseEnabled: false, handlesAlerts: true, hasTouchScreen: false, javascriptEnabled: true, locationContextEnabled: true, mobileEmulationEnabled: false, nativeEvents: true, networkConnectionEnabled: false, pageLoadStrategy: normal, platform: XP, platformName: XP, rotatable: false, setWindowRect: true, takesHeapSnapshot: true, takesScreenshot: true, unexpectedAlertBehaviour: , unhandledPromptBehavior: , version: 73.0.3683.103, webStorageEnabled: true}
Session ID: 84e0193179e9337189bba55b15611d41
*** Element info: {Using=xpath, value=})"/>
         <system-out><![CDATA[2019-04-24 13:01:49 - [TEST_CASE][FAILED] - Test Cases/Broadcasts/TC0687: Test Cases/Broadcasts/TC0687 FAILED because (of) Unable to set text 'X' of object 'Object Repository/Page_KiboPush  Create Broadcast/Second_Card_List_Title' (Root cause: org.openqa.selenium.InvalidSelectorException: invalid selector: Unable to locate an element with the xpath expression  because of the following error:
SyntaxError: Failed to execute 'evaluate' on 'Document': The string '' is not a valid XPath expression.
  (Session info: chrome=73.0.3683.103)
  (Driver info: chromedriver=2.35.528161 (5b82f2d2aae0ca24b877009200ced9065a772e73),platform=Windows NT 10.0.17134 x86_64) (WARNING: The server did not provide any stacktrace information)
Command duration or timeout: 0 milliseconds
For documentation on this error, please visit: http://seleniumhq.org/exceptions/invalid_selector_exception.html
Build info: version: '3.7.1', revision: '8a0099a', time: '2017-11-06T21:07:36.161Z'
System info: host: 'DESKTOP-4M6R1V0', ip: '10.0.2.15', os.name: 'Windows 10', os.arch: 'amd64', os.version: '10.0', java.version: '1.8.0_181'
Driver info: com.kms.katalon.selenium.driver.CChromeDriver
Capabilities {acceptInsecureCerts: false, acceptSslCerts: false, applicationCacheEnabled: false, browserConnectionEnabled: false, browserName: chrome, chrome: {chromedriverVersion: 2.35.528161 (5b82f2d2aae0ca..., userDataDir: C:\Users\CLOUDK~1\AppData\L...}, cssSelectorsEnabled: true, databaseEnabled: false, handlesAlerts: true, hasTouchScreen: false, javascriptEnabled: true, locationContextEnabled: true, mobileEmulationEnabled: false, nativeEvents: true, networkConnectionEnabled: false, pageLoadStrategy: normal, platform: XP, platformName: XP, rotatable: false, setWindowRect: true, takesHeapSnapshot: true, takesScreenshot: true, unexpectedAlertBehaviour: , unhandledPromptBehavior: , version: 73.0.3683.103, webStorageEnabled: true}
Session ID: 84e0193179e9337189bba55b15611d41
*** Element info: {Using=xpath, value=})

2019-04-24 13:01:49 - [TEST_STEP][PASSED] - callTestCase: Call Test Case 'Test Cases/Broadcasts/TC0684' successfully

2019-04-24 13:01:49 - [TEST_CASE][PASSED] - Test Cases/Broadcasts/TC0684: Test Cases/Broadcasts/TC0684

2019-04-24 13:01:49 - [TEST_STEP][PASSED] - callTestCase: Call Test Case 'Test Cases/s-sidebar_navigation/TeamAccount/Broadcasts' successfully

2019-04-24 13:01:50 - [TEST_CASE][PASSED] - Test Cases/s-sidebar_navigation/TeamAccount/Broadcasts: Test Cases/s-sidebar_navigation/TeamAccount/Broadcasts

2019-04-24 13:01:50 - [TEST_STEP][PASSED] - callTestCase: Call Test Case 'Test Cases/s-sidebar_navigation/individualAccount/broadcast' successfully

2019-04-24 13:01:50 - [TEST_CASE][PASSED] - Test Cases/s-sidebar_navigation/individualAccount/broadcast: Test Cases/s-sidebar_navigation/individualAccount/broadcast

2019-04-24 13:01:50 - [TEST_STEP][PASSED] - click: Object: 'Object Repository/Page_KiboPush  Dashboard/span_Polls' is clicked on

2019-04-24 13:01:50 - [MESSAGE][PASSED] - Object: 'Object Repository/Page_KiboPush  Dashboard/span_Polls' is clicked on

2019-04-24 13:01:50 - [TEST_STEP][PASSED] - delay: Delayed 1 second(s)

2019-04-24 13:01:51 - [MESSAGE][PASSED] - Delayed 1 second(s)

2019-04-24 13:01:51 - [TEST_STEP][PASSED] - click: Object: 'Object Repository/Page_KiboPush  Dashboard/span_Broadcasts' is clicked on

2019-04-24 13:01:51 - [MESSAGE][PASSED] - Object: 'Object Repository/Page_KiboPush  Dashboard/span_Broadcasts' is clicked on

2019-04-24 13:01:51 - [TEST_STEP][PASSED] - delay: Delayed 1 second(s)

2019-04-24 13:01:52 - [MESSAGE][PASSED] - Delayed 1 second(s)

2019-04-24 13:01:52 - [TEST_STEP][PASSED] - scrollToPosition: Browser is scrolled to position x = 0, y = 0

2019-04-24 13:01:52 - [MESSAGE][PASSED] - Browser is scrolled to position x = 0, y = 0

2019-04-24 13:01:52 - [TEST_STEP][PASSED] - click: Object: 'Object Repository/Page_KiboPush  Broadcast/h3_Manage Broadcasts' is clicked on

2019-04-24 13:01:53 - [MESSAGE][PASSED] - Object: 'Object Repository/Page_KiboPush  Broadcast/h3_Manage Broadcasts' is clicked on

2019-04-24 13:01:53 - [MESSAGE][PASSED] - Call Test Case 'Test Cases/s-sidebar_navigation/individualAccount/broadcast' successfully

2019-04-24 13:01:53 - [MESSAGE][PASSED] - Call Test Case 'Test Cases/s-sidebar_navigation/TeamAccount/Broadcasts' successfully

2019-04-24 13:01:53 - [TEST_STEP][PASSED] - click: Object: 'Object Repository/Page_KiboPush  Broadcast/span_Create New Broadcast' is clicked on

2019-04-24 13:01:53 - [MESSAGE][PASSED] - Object: 'Object Repository/Page_KiboPush  Broadcast/span_Create New Broadcast' is clicked on

2019-04-24 13:01:53 - [TEST_STEP][PASSED] - click: Object: 'Object Repository/Page_KiboPush  Broadcast/a_Create New Broadcast' is clicked on

2019-04-24 13:01:54 - [MESSAGE][PASSED] - Object: 'Object Repository/Page_KiboPush  Broadcast/a_Create New Broadcast' is clicked on

2019-04-24 13:01:54 - [TEST_STEP][PASSED] - delay: Delayed 1 second(s)

2019-04-24 13:01:55 - [MESSAGE][PASSED] - Delayed 1 second(s)

2019-04-24 13:01:55 - [TEST_STEP][PASSED] - click: Object: 'Object Repository/Page_KiboPush  Create Broadcast/div_List' is clicked on

2019-04-24 13:01:56 - [MESSAGE][PASSED] - Object: 'Object Repository/Page_KiboPush  Create Broadcast/div_List' is clicked on

2019-04-24 13:01:56 - [TEST_STEP][PASSED] - delay: Delayed 1 second(s)

2019-04-24 13:01:57 - [MESSAGE][PASSED] - Delayed 1 second(s)

2019-04-24 13:01:57 - [TEST_STEP][PASSED] - click: Object: 'Object Repository/Page_KiboPush  Create Broadcast/div_ Add Button  Add Action' is clicked on

2019-04-24 13:01:57 - [MESSAGE][PASSED] - Object: 'Object Repository/Page_KiboPush  Create Broadcast/div_ Add Button  Add Action' is clicked on

2019-04-24 13:01:57 - [TEST_STEP][PASSED] - delay: Delayed 2 second(s)

2019-04-24 13:01:59 - [MESSAGE][PASSED] - Delayed 2 second(s)

2019-04-24 13:01:59 - [MESSAGE][PASSED] - Call Test Case 'Test Cases/Broadcasts/TC0684' successfully

2019-04-24 13:01:59 - [TEST_STEP][PASSED] - delay: Delayed 3 second(s)

2019-04-24 13:02:02 - [MESSAGE][PASSED] - Delayed 3 second(s)

2019-04-24 13:02:02 - [TEST_STEP][FAILED] - setText: Unable to set text 'X' of object 'Object Repository/Page_KiboPush  Create Broadcast/Second_Card_List_Title' (Root cause: org.openqa.selenium.InvalidSelectorException: invalid selector: Unable to locate an element with the xpath expression  because of the following error:
SyntaxError: Failed to execute 'evaluate' on 'Document': The string '' is not a valid XPath expression.
  (Session info: chrome=73.0.3683.103)
  (Driver info: chromedriver=2.35.528161 (5b82f2d2aae0ca24b877009200ced9065a772e73),platform=Windows NT 10.0.17134 x86_64) (WARNING: The server did not provide any stacktrace information)
Command duration or timeout: 0 milliseconds
For documentation on this error, please visit: http://seleniumhq.org/exceptions/invalid_selector_exception.html
Build info: version: '3.7.1', revision: '8a0099a', time: '2017-11-06T21:07:36.161Z'
System info: host: 'DESKTOP-4M6R1V0', ip: '10.0.2.15', os.name: 'Windows 10', os.arch: 'amd64', os.version: '10.0', java.version: '1.8.0_181'
Driver info: com.kms.katalon.selenium.driver.CChromeDriver
Capabilities {acceptInsecureCerts: false, acceptSslCerts: false, applicationCacheEnabled: false, browserConnectionEnabled: false, browserName: chrome, chrome: {chromedriverVersion: 2.35.528161 (5b82f2d2aae0ca..., userDataDir: C:\Users\CLOUDK~1\AppData\L...}, cssSelectorsEnabled: true, databaseEnabled: false, handlesAlerts: true, hasTouchScreen: false, javascriptEnabled: true, locationContextEnabled: true, mobileEmulationEnabled: false, nativeEvents: true, networkConnectionEnabled: false, pageLoadStrategy: normal, platform: XP, platformName: XP, rotatable: false, setWindowRect: true, takesHeapSnapshot: true, takesScreenshot: true, unexpectedAlertBehaviour: , unhandledPromptBehavior: , version: 73.0.3683.103, webStorageEnabled: true}
Session ID: 84e0193179e9337189bba55b15611d41
*** Element info: {Using=xpath, value=})

2019-04-24 13:02:33 - [MESSAGE][FAILED] - Unable to set text 'X' of object 'Object Repository/Page_KiboPush  Create Broadcast/Second_Card_List_Title' (Root cause: org.openqa.selenium.InvalidSelectorException: invalid selector: Unable to locate an element with the xpath expression  because of the following error:
SyntaxError: Failed to execute 'evaluate' on 'Document': The string '' is not a valid XPath expression.
  (Session info: chrome=73.0.3683.103)
  (Driver info: chromedriver=2.35.528161 (5b82f2d2aae0ca24b877009200ced9065a772e73),platform=Windows NT 10.0.17134 x86_64) (WARNING: The server did not provide any stacktrace information)
Command duration or timeout: 0 milliseconds
For documentation on this error, please visit: http://seleniumhq.org/exceptions/invalid_selector_exception.html
Build info: version: '3.7.1', revision: '8a0099a', time: '2017-11-06T21:07:36.161Z'
System info: host: 'DESKTOP-4M6R1V0', ip: '10.0.2.15', os.name: 'Windows 10', os.arch: 'amd64', os.version: '10.0', java.version: '1.8.0_181'
Driver info: com.kms.katalon.selenium.driver.CChromeDriver
Capabilities {acceptInsecureCerts: false, acceptSslCerts: false, applicationCacheEnabled: false, browserConnectionEnabled: false, browserName: chrome, chrome: {chromedriverVersion: 2.35.528161 (5b82f2d2aae0ca..., userDataDir: C:\Users\CLOUDK~1\AppData\L...}, cssSelectorsEnabled: true, databaseEnabled: false, handlesAlerts: true, hasTouchScreen: false, javascriptEnabled: true, locationContextEnabled: true, mobileEmulationEnabled: false, nativeEvents: true, networkConnectionEnabled: false, pageLoadStrategy: normal, platform: XP, platformName: XP, rotatable: false, setWindowRect: true, takesHeapSnapshot: true, takesScreenshot: true, unexpectedAlertBehaviour: , unhandledPromptBehavior: , version: 73.0.3683.103, webStorageEnabled: true}
Session ID: 84e0193179e9337189bba55b15611d41
*** Element info: {Using=xpath, value=})
[[ATTACHMENT|C:\\Users\\cloudkibo\\Desktop\\KiboPush_Automated_Testing\\KiboPush Katalon\\Reports\\broadcast\\20190424_124145\\1556092953516.png]]]]></system-out>
         <system-err><![CDATA[2019-04-24 13:01:49 - [TEST_CASE][FAILED] - Test Cases/Broadcasts/TC0687: Test Cases/Broadcasts/TC0687 FAILED because (of) Unable to set text 'X' of object 'Object Repository/Page_KiboPush  Create Broadcast/Second_Card_List_Title' (Root cause: org.openqa.selenium.InvalidSelectorException: invalid selector: Unable to locate an element with the xpath expression  because of the following error:
SyntaxError: Failed to execute 'evaluate' on 'Document': The string '' is not a valid XPath expression.
  (Session info: chrome=73.0.3683.103)
  (Driver info: chromedriver=2.35.528161 (5b82f2d2aae0ca24b877009200ced9065a772e73),platform=Windows NT 10.0.17134 x86_64) (WARNING: The server did not provide any stacktrace information)
Command duration or timeout: 0 milliseconds
For documentation on this error, please visit: http://seleniumhq.org/exceptions/invalid_selector_exception.html
Build info: version: '3.7.1', revision: '8a0099a', time: '2017-11-06T21:07:36.161Z'
System info: host: 'DESKTOP-4M6R1V0', ip: '10.0.2.15', os.name: 'Windows 10', os.arch: 'amd64', os.version: '10.0', java.version: '1.8.0_181'
Driver info: com.kms.katalon.selenium.driver.CChromeDriver
Capabilities {acceptInsecureCerts: false, acceptSslCerts: false, applicationCacheEnabled: false, browserConnectionEnabled: false, browserName: chrome, chrome: {chromedriverVersion: 2.35.528161 (5b82f2d2aae0ca..., userDataDir: C:\Users\CLOUDK~1\AppData\L...}, cssSelectorsEnabled: true, databaseEnabled: false, handlesAlerts: true, hasTouchScreen: false, javascriptEnabled: true, locationContextEnabled: true, mobileEmulationEnabled: false, nativeEvents: true, networkConnectionEnabled: false, pageLoadStrategy: normal, platform: XP, platformName: XP, rotatable: false, setWindowRect: true, takesHeapSnapshot: true, takesScreenshot: true, unexpectedAlertBehaviour: , unhandledPromptBehavior: , version: 73.0.3683.103, webStorageEnabled: true}
Session ID: 84e0193179e9337189bba55b15611d41
*** Element info: {Using=xpath, value=})]]></system-err>
      </testcase>
      <testcase name="Test Cases/Broadcasts/TC0688" classname="Test Cases/Broadcasts/TC0688" status="PASSED">
         <system-out><![CDATA[2019-04-24 13:02:33 - [TEST_CASE][PASSED] - Test Cases/Broadcasts/TC0688: Test Cases/Broadcasts/TC0688

2019-04-24 13:02:34 - [TEST_STEP][PASSED] - callTestCase: Call Test Case 'Test Cases/s-sidebar_navigation/individualAccount/arveen_production_login_kiboengage' successfully

2019-04-24 13:02:34 - [TEST_CASE][PASSED] - Test Cases/s-sidebar_navigation/individualAccount/arveen_production_login_kiboengage: Test Cases/s-sidebar_navigation/individualAccount/arveen_production_login_kiboengage

2019-04-24 13:02:34 - [TEST_STEP][PASSED] - openBrowser: Browser is opened with url: ''

2019-04-24 13:02:34 - [MESSAGE][WARNING] - A browser is already opened. Closing browser and opening a new one

2019-04-24 13:02:37 - [MESSAGE][PASSED] - Browser is opened with url: ''

2019-04-24 13:02:37 - [TEST_STEP][PASSED] - maximizeWindow: Current window maximized

2019-04-24 13:02:39 - [MESSAGE][PASSED] - Current window maximized

2019-04-24 13:02:39 - [TEST_STEP][PASSED] - navigateToUrl: Navigate to 'https://kiboengage.cloudkibo.com/' successfully

2019-04-24 13:02:53 - [MESSAGE][PASSED] - Navigate to 'https://kiboengage.cloudkibo.com/' successfully

2019-04-24 13:02:53 - [TEST_STEP][PASSED] - navigateToUrl: Navigate to 'https://accounts.cloudkibo.com/?continue=https://kiboengage.cloudkibo.com' successfully

2019-04-24 13:02:55 - [MESSAGE][PASSED] - Navigate to 'https://accounts.cloudkibo.com/?continue=https://kiboengage.cloudkibo.com' successfully

2019-04-24 13:02:55 - [TEST_STEP][PASSED] - click: Object: 'Object Repository/Page_CloudKibo/a_Login (2) (1) (1)' is clicked on

2019-04-24 13:03:01 - [MESSAGE][PASSED] - Object: 'Object Repository/Page_CloudKibo/a_Login (2) (1) (1)' is clicked on

2019-04-24 13:03:01 - [TEST_STEP][PASSED] - setText: Text 'individual@cloudkibo.com' is set on object 'Object Repository/Page_KiboPush/input_email (10) (1) (1)'

2019-04-24 13:03:05 - [MESSAGE][PASSED] - Text 'individual@cloudkibo.com' is set on object 'Object Repository/Page_KiboPush/input_email (10) (1) (1)'

2019-04-24 13:03:05 - [TEST_STEP][PASSED] - setEncryptedText: Text ****** has been set on object 'Object Repository/Page_CloudKibo/input_Sign In_password (7)'

2019-04-24 13:03:05 - [MESSAGE][PASSED] - Text ****** has been set on object 'Object Repository/Page_CloudKibo/input_Sign In_password (7)'

2019-04-24 13:03:05 - [TEST_STEP][PASSED] - click: Object: 'Object Repository/Page_KiboPush/button_Sign In (10) (1) (2)' is clicked on

2019-04-24 13:03:05 - [MESSAGE][PASSED] - Object: 'Object Repository/Page_KiboPush/button_Sign In (10) (1) (2)' is clicked on

2019-04-24 13:03:05 - [TEST_STEP][PASSED] - click: Object: 'Object Repository/Page_KiboPush  Dashboard/h3_Dashboard (57)' is clicked on

2019-04-24 13:03:22 - [MESSAGE][PASSED] - Object: 'Object Repository/Page_KiboPush  Dashboard/h3_Dashboard (57)' is clicked on

2019-04-24 13:03:22 - [TEST_STEP][PASSED] - delay: Delayed 3 second(s)

2019-04-24 13:03:25 - [MESSAGE][PASSED] - Delayed 3 second(s)

2019-04-24 13:03:25 - [TEST_STEP][PASSED] - click: Object: 'Object Repository/Page_KiboEngage  Dashboard/a_SMS (2) (1) (1) (1) (3)' is clicked on

2019-04-24 13:03:26 - [MESSAGE][PASSED] - Object: 'Object Repository/Page_KiboEngage  Dashboard/a_SMS (2) (1) (1) (1) (3)' is clicked on

2019-04-24 13:03:26 - [TEST_STEP][PASSED] - delay: Delayed 2 second(s)

2019-04-24 13:03:28 - [MESSAGE][PASSED] - Delayed 2 second(s)

2019-04-24 13:03:28 - [TEST_STEP][PASSED] - click: Object: 'Object Repository/Page_KiboEngage  Dashboard/span_Messenger (1) (1) (1) (3)' is clicked on

2019-04-24 13:03:28 - [MESSAGE][PASSED] - Object: 'Object Repository/Page_KiboEngage  Dashboard/span_Messenger (1) (1) (1) (3)' is clicked on

2019-04-24 13:03:28 - [TEST_STEP][PASSED] - delay: Delayed 2 second(s)

2019-04-24 13:03:30 - [MESSAGE][PASSED] - Delayed 2 second(s)

2019-04-24 13:03:30 - [MESSAGE][PASSED] - Call Test Case 'Test Cases/s-sidebar_navigation/individualAccount/arveen_production_login_kiboengage' successfully

2019-04-24 13:03:30 - [TEST_STEP][PASSED] - callTestCase: Call Test Case 'Test Cases/Broadcasts/open_broadcast' successfully

2019-04-24 13:03:30 - [TEST_CASE][PASSED] - Test Cases/Broadcasts/open_broadcast: Test Cases/Broadcasts/open_broadcast

2019-04-24 13:03:30 - [TEST_STEP][PASSED] - click: Object: 'Object Repository/Page_KiboPush  Dashboard/span_Broadcasting' is clicked on

2019-04-24 13:03:30 - [MESSAGE][PASSED] - Object: 'Object Repository/Page_KiboPush  Dashboard/span_Broadcasting' is clicked on

2019-04-24 13:03:30 - [TEST_STEP][PASSED] - delay: Delayed 2 second(s)

2019-04-24 13:03:32 - [MESSAGE][PASSED] - Delayed 2 second(s)

2019-04-24 13:03:32 - [MESSAGE][PASSED] - Call Test Case 'Test Cases/Broadcasts/open_broadcast' successfully

2019-04-24 13:03:32 - [TEST_STEP][PASSED] - callTestCase: Call Test Case 'Test Cases/Broadcasts/TC0684' successfully

2019-04-24 13:03:32 - [TEST_CASE][PASSED] - Test Cases/Broadcasts/TC0684: Test Cases/Broadcasts/TC0684

2019-04-24 13:03:32 - [TEST_STEP][PASSED] - callTestCase: Call Test Case 'Test Cases/s-sidebar_navigation/TeamAccount/Broadcasts' successfully

2019-04-24 13:03:32 - [TEST_CASE][PASSED] - Test Cases/s-sidebar_navigation/TeamAccount/Broadcasts: Test Cases/s-sidebar_navigation/TeamAccount/Broadcasts

2019-04-24 13:03:32 - [TEST_STEP][PASSED] - callTestCase: Call Test Case 'Test Cases/s-sidebar_navigation/individualAccount/broadcast' successfully

2019-04-24 13:03:32 - [TEST_CASE][PASSED] - Test Cases/s-sidebar_navigation/individualAccount/broadcast: Test Cases/s-sidebar_navigation/individualAccount/broadcast

2019-04-24 13:03:32 - [TEST_STEP][PASSED] - click: Object: 'Object Repository/Page_KiboPush  Dashboard/span_Polls' is clicked on

2019-04-24 13:03:33 - [MESSAGE][PASSED] - Object: 'Object Repository/Page_KiboPush  Dashboard/span_Polls' is clicked on

2019-04-24 13:03:33 - [TEST_STEP][PASSED] - delay: Delayed 1 second(s)

2019-04-24 13:03:34 - [MESSAGE][PASSED] - Delayed 1 second(s)

2019-04-24 13:03:34 - [TEST_STEP][PASSED] - click: Object: 'Object Repository/Page_KiboPush  Dashboard/span_Broadcasts' is clicked on

2019-04-24 13:03:34 - [MESSAGE][PASSED] - Object: 'Object Repository/Page_KiboPush  Dashboard/span_Broadcasts' is clicked on

2019-04-24 13:03:34 - [TEST_STEP][PASSED] - delay: Delayed 1 second(s)

2019-04-24 13:03:35 - [MESSAGE][PASSED] - Delayed 1 second(s)

2019-04-24 13:03:35 - [TEST_STEP][PASSED] - scrollToPosition: Browser is scrolled to position x = 0, y = 0

2019-04-24 13:03:35 - [MESSAGE][PASSED] - Browser is scrolled to position x = 0, y = 0

2019-04-24 13:03:35 - [TEST_STEP][PASSED] - click: Object: 'Object Repository/Page_KiboPush  Broadcast/h3_Manage Broadcasts' is clicked on

2019-04-24 13:03:35 - [MESSAGE][PASSED] - Object: 'Object Repository/Page_KiboPush  Broadcast/h3_Manage Broadcasts' is clicked on

2019-04-24 13:03:35 - [MESSAGE][PASSED] - Call Test Case 'Test Cases/s-sidebar_navigation/individualAccount/broadcast' successfully

2019-04-24 13:03:35 - [MESSAGE][PASSED] - Call Test Case 'Test Cases/s-sidebar_navigation/TeamAccount/Broadcasts' successfully

2019-04-24 13:03:35 - [TEST_STEP][PASSED] - click: Object: 'Object Repository/Page_KiboPush  Broadcast/span_Create New Broadcast' is clicked on

2019-04-24 13:03:36 - [MESSAGE][PASSED] - Object: 'Object Repository/Page_KiboPush  Broadcast/span_Create New Broadcast' is clicked on

2019-04-24 13:03:36 - [TEST_STEP][PASSED] - click: Object: 'Object Repository/Page_KiboPush  Broadcast/a_Create New Broadcast' is clicked on

2019-04-24 13:03:37 - [MESSAGE][PASSED] - Object: 'Object Repository/Page_KiboPush  Broadcast/a_Create New Broadcast' is clicked on

2019-04-24 13:03:37 - [TEST_STEP][PASSED] - delay: Delayed 1 second(s)

2019-04-24 13:03:38 - [MESSAGE][PASSED] - Delayed 1 second(s)

2019-04-24 13:03:38 - [TEST_STEP][PASSED] - click: Object: 'Object Repository/Page_KiboPush  Create Broadcast/div_List' is clicked on

2019-04-24 13:03:39 - [MESSAGE][PASSED] - Object: 'Object Repository/Page_KiboPush  Create Broadcast/div_List' is clicked on

2019-04-24 13:03:39 - [TEST_STEP][PASSED] - delay: Delayed 1 second(s)

2019-04-24 13:03:40 - [MESSAGE][PASSED] - Delayed 1 second(s)

2019-04-24 13:03:40 - [TEST_STEP][PASSED] - click: Object: 'Object Repository/Page_KiboPush  Create Broadcast/div_ Add Button  Add Action' is clicked on

2019-04-24 13:03:40 - [MESSAGE][PASSED] - Object: 'Object Repository/Page_KiboPush  Create Broadcast/div_ Add Button  Add Action' is clicked on

2019-04-24 13:03:40 - [TEST_STEP][PASSED] - delay: Delayed 2 second(s)

2019-04-24 13:03:42 - [MESSAGE][PASSED] - Delayed 2 second(s)

2019-04-24 13:03:42 - [MESSAGE][PASSED] - Call Test Case 'Test Cases/Broadcasts/TC0684' successfully

2019-04-24 13:03:42 - [TEST_STEP][PASSED] - setText: Text 'Title1' is set on object 'Object Repository/Page_KiboPush  Create Broadcast/First_Card_List_Title'

2019-04-24 13:03:42 - [MESSAGE][PASSED] - Text 'Title1' is set on object 'Object Repository/Page_KiboPush  Create Broadcast/First_Card_List_Title'

2019-04-24 13:03:42 - [TEST_STEP][PASSED] - setText: Text 'Title2' is set on object 'Object Repository/Page_KiboPush  Create Broadcast/Second_Card_List_Title'

2019-04-24 13:03:43 - [MESSAGE][PASSED] - Text 'Title2' is set on object 'Object Repository/Page_KiboPush  Create Broadcast/Second_Card_List_Title'

2019-04-24 13:03:43 - [TEST_STEP][PASSED] - scrollToPosition: Browser is scrolled to position x = 0, y = 0

2019-04-24 13:03:43 - [MESSAGE][PASSED] - Browser is scrolled to position x = 0, y = 0

2019-04-24 13:03:43 - [TEST_STEP][PASSED] - click: Object: 'Object Repository/Page_KiboPush  Create Broadcast/button_Next (12) (1)' is clicked on

2019-04-24 13:03:43 - [MESSAGE][PASSED] - Object: 'Object Repository/Page_KiboPush  Create Broadcast/button_Next (12) (1)' is clicked on

2019-04-24 13:03:43 - [TEST_STEP][PASSED] - delay: Delayed 3 second(s)

2019-04-24 13:03:46 - [MESSAGE][PASSED] - Delayed 3 second(s)

2019-04-24 13:03:46 - [TEST_STEP][PASSED] - click: Object: 'Object Repository/Page_KiboPush  Create Broadcast/div_Element in list must have (1)' is clicked on

2019-04-24 13:03:46 - [MESSAGE][PASSED] - Object: 'Object Repository/Page_KiboPush  Create Broadcast/div_Element in list must have (1)' is clicked on]]></system-out>
         <system-err><![CDATA[]]></system-err>
      </testcase>
      <testcase name="Test Cases/Broadcasts/TC0689" classname="Test Cases/Broadcasts/TC0689" status="PASSED">
         <system-out><![CDATA[2019-04-24 13:03:46 - [TEST_CASE][PASSED] - Test Cases/Broadcasts/TC0689: Test Cases/Broadcasts/TC0689

2019-04-24 13:03:46 - [TEST_STEP][PASSED] - callTestCase: Call Test Case 'Test Cases/Broadcasts/TC0684' successfully

2019-04-24 13:03:47 - [TEST_CASE][PASSED] - Test Cases/Broadcasts/TC0684: Test Cases/Broadcasts/TC0684

2019-04-24 13:03:47 - [TEST_STEP][PASSED] - callTestCase: Call Test Case 'Test Cases/s-sidebar_navigation/TeamAccount/Broadcasts' successfully

2019-04-24 13:03:47 - [TEST_CASE][PASSED] - Test Cases/s-sidebar_navigation/TeamAccount/Broadcasts: Test Cases/s-sidebar_navigation/TeamAccount/Broadcasts

2019-04-24 13:03:47 - [TEST_STEP][PASSED] - callTestCase: Call Test Case 'Test Cases/s-sidebar_navigation/individualAccount/broadcast' successfully

2019-04-24 13:03:47 - [TEST_CASE][PASSED] - Test Cases/s-sidebar_navigation/individualAccount/broadcast: Test Cases/s-sidebar_navigation/individualAccount/broadcast

2019-04-24 13:03:47 - [TEST_STEP][PASSED] - click: Object: 'Object Repository/Page_KiboPush  Dashboard/span_Polls' is clicked on

2019-04-24 13:03:47 - [MESSAGE][PASSED] - Object: 'Object Repository/Page_KiboPush  Dashboard/span_Polls' is clicked on

2019-04-24 13:03:47 - [TEST_STEP][PASSED] - delay: Delayed 1 second(s)

2019-04-24 13:03:48 - [MESSAGE][PASSED] - Delayed 1 second(s)

2019-04-24 13:03:48 - [TEST_STEP][PASSED] - click: Object: 'Object Repository/Page_KiboPush  Dashboard/span_Broadcasts' is clicked on

2019-04-24 13:03:48 - [MESSAGE][PASSED] - Object: 'Object Repository/Page_KiboPush  Dashboard/span_Broadcasts' is clicked on

2019-04-24 13:03:48 - [TEST_STEP][PASSED] - delay: Delayed 1 second(s)

2019-04-24 13:03:49 - [MESSAGE][PASSED] - Delayed 1 second(s)

2019-04-24 13:03:49 - [TEST_STEP][PASSED] - scrollToPosition: Browser is scrolled to position x = 0, y = 0

2019-04-24 13:03:49 - [MESSAGE][PASSED] - Browser is scrolled to position x = 0, y = 0

2019-04-24 13:03:49 - [TEST_STEP][PASSED] - click: Object: 'Object Repository/Page_KiboPush  Broadcast/h3_Manage Broadcasts' is clicked on

2019-04-24 13:03:50 - [MESSAGE][PASSED] - Object: 'Object Repository/Page_KiboPush  Broadcast/h3_Manage Broadcasts' is clicked on

2019-04-24 13:03:50 - [MESSAGE][PASSED] - Call Test Case 'Test Cases/s-sidebar_navigation/individualAccount/broadcast' successfully

2019-04-24 13:03:50 - [MESSAGE][PASSED] - Call Test Case 'Test Cases/s-sidebar_navigation/TeamAccount/Broadcasts' successfully

2019-04-24 13:03:50 - [TEST_STEP][PASSED] - click: Object: 'Object Repository/Page_KiboPush  Broadcast/span_Create New Broadcast' is clicked on

2019-04-24 13:03:50 - [MESSAGE][PASSED] - Object: 'Object Repository/Page_KiboPush  Broadcast/span_Create New Broadcast' is clicked on

2019-04-24 13:03:50 - [TEST_STEP][PASSED] - click: Object: 'Object Repository/Page_KiboPush  Broadcast/a_Create New Broadcast' is clicked on

2019-04-24 13:03:51 - [MESSAGE][PASSED] - Object: 'Object Repository/Page_KiboPush  Broadcast/a_Create New Broadcast' is clicked on

2019-04-24 13:03:51 - [TEST_STEP][PASSED] - delay: Delayed 1 second(s)

2019-04-24 13:03:52 - [MESSAGE][PASSED] - Delayed 1 second(s)

2019-04-24 13:03:52 - [TEST_STEP][PASSED] - click: Object: 'Object Repository/Page_KiboPush  Create Broadcast/div_List' is clicked on

2019-04-24 13:03:52 - [MESSAGE][PASSED] - Object: 'Object Repository/Page_KiboPush  Create Broadcast/div_List' is clicked on

2019-04-24 13:03:52 - [TEST_STEP][PASSED] - delay: Delayed 1 second(s)

2019-04-24 13:03:53 - [MESSAGE][PASSED] - Delayed 1 second(s)

2019-04-24 13:03:53 - [TEST_STEP][PASSED] - click: Object: 'Object Repository/Page_KiboPush  Create Broadcast/div_ Add Button  Add Action' is clicked on

2019-04-24 13:03:53 - [MESSAGE][PASSED] - Object: 'Object Repository/Page_KiboPush  Create Broadcast/div_ Add Button  Add Action' is clicked on

2019-04-24 13:03:53 - [TEST_STEP][PASSED] - delay: Delayed 2 second(s)

2019-04-24 13:03:55 - [MESSAGE][PASSED] - Delayed 2 second(s)

2019-04-24 13:03:55 - [MESSAGE][PASSED] - Call Test Case 'Test Cases/Broadcasts/TC0684' successfully

2019-04-24 13:03:55 - [TEST_STEP][PASSED] - scrollToPosition: Browser is scrolled to position x = 0, y = 0

2019-04-24 13:03:55 - [MESSAGE][PASSED] - Browser is scrolled to position x = 0, y = 0

2019-04-24 13:03:55 - [TEST_STEP][PASSED] - click: Object: 'Object Repository/Page_KiboPush  Create Broadcast/button_Next (12) (1) (1)' is clicked on

2019-04-24 13:03:55 - [MESSAGE][PASSED] - Object: 'Object Repository/Page_KiboPush  Create Broadcast/button_Next (12) (1) (1)' is clicked on

2019-04-24 13:03:55 - [TEST_STEP][PASSED] - delay: Delayed 2 second(s)

2019-04-24 13:03:57 - [MESSAGE][PASSED] - Delayed 2 second(s)

2019-04-24 13:03:57 - [TEST_STEP][PASSED] - verifyTextPresent: Text 'A LIST MUST HAVE AT LEAST 2 COMPLETE ELEMENTS' is present on page 

2019-04-24 13:03:58 - [MESSAGE][PASSED] - Text 'A LIST MUST HAVE AT LEAST 2 COMPLETE ELEMENTS' is present on page]]></system-out>
         <system-err><![CDATA[]]></system-err>
      </testcase>
      <testcase name="Test Cases/Broadcasts/TC0690" classname="Test Cases/Broadcasts/TC0690" status="FAILED">
         <failure type="FAILED" message="Unable to set text 'Subtitle1' of object 'Object Repository/Page_KiboPush  Create Broadcast/First_Card_Subtitle' (Root cause: org.openqa.selenium.InvalidSelectorException: invalid selector: Unable to locate an element with the xpath expression  because of the following error:
SyntaxError: Failed to execute 'evaluate' on 'Document': The string '' is not a valid XPath expression.
  (Session info: chrome=73.0.3683.103)
  (Driver info: chromedriver=2.35.528161 (5b82f2d2aae0ca24b877009200ced9065a772e73),platform=Windows NT 10.0.17134 x86_64) (WARNING: The server did not provide any stacktrace information)
Command duration or timeout: 0 milliseconds
For documentation on this error, please visit: http://seleniumhq.org/exceptions/invalid_selector_exception.html
Build info: version: '3.7.1', revision: '8a0099a', time: '2017-11-06T21:07:36.161Z'
System info: host: 'DESKTOP-4M6R1V0', ip: '10.0.2.15', os.name: 'Windows 10', os.arch: 'amd64', os.version: '10.0', java.version: '1.8.0_181'
Driver info: com.kms.katalon.selenium.driver.CChromeDriver
Capabilities {acceptInsecureCerts: false, acceptSslCerts: false, applicationCacheEnabled: false, browserConnectionEnabled: false, browserName: chrome, chrome: {chromedriverVersion: 2.35.528161 (5b82f2d2aae0ca..., userDataDir: C:\Users\CLOUDK~1\AppData\L...}, cssSelectorsEnabled: true, databaseEnabled: false, handlesAlerts: true, hasTouchScreen: false, javascriptEnabled: true, locationContextEnabled: true, mobileEmulationEnabled: false, nativeEvents: true, networkConnectionEnabled: false, pageLoadStrategy: normal, platform: XP, platformName: XP, rotatable: false, setWindowRect: true, takesHeapSnapshot: true, takesScreenshot: true, unexpectedAlertBehaviour: , unhandledPromptBehavior: , version: 73.0.3683.103, webStorageEnabled: true}
Session ID: ac98958e195a482c440ae6c1df4c3a6a
*** Element info: {Using=xpath, value=})"/>
         <system-out><![CDATA[2019-04-24 13:03:58 - [TEST_CASE][FAILED] - Test Cases/Broadcasts/TC0690: Test Cases/Broadcasts/TC0690 FAILED because (of) Unable to set text 'Subtitle1' of object 'Object Repository/Page_KiboPush  Create Broadcast/First_Card_Subtitle' (Root cause: org.openqa.selenium.InvalidSelectorException: invalid selector: Unable to locate an element with the xpath expression  because of the following error:
SyntaxError: Failed to execute 'evaluate' on 'Document': The string '' is not a valid XPath expression.
  (Session info: chrome=73.0.3683.103)
  (Driver info: chromedriver=2.35.528161 (5b82f2d2aae0ca24b877009200ced9065a772e73),platform=Windows NT 10.0.17134 x86_64) (WARNING: The server did not provide any stacktrace information)
Command duration or timeout: 0 milliseconds
For documentation on this error, please visit: http://seleniumhq.org/exceptions/invalid_selector_exception.html
Build info: version: '3.7.1', revision: '8a0099a', time: '2017-11-06T21:07:36.161Z'
System info: host: 'DESKTOP-4M6R1V0', ip: '10.0.2.15', os.name: 'Windows 10', os.arch: 'amd64', os.version: '10.0', java.version: '1.8.0_181'
Driver info: com.kms.katalon.selenium.driver.CChromeDriver
Capabilities {acceptInsecureCerts: false, acceptSslCerts: false, applicationCacheEnabled: false, browserConnectionEnabled: false, browserName: chrome, chrome: {chromedriverVersion: 2.35.528161 (5b82f2d2aae0ca..., userDataDir: C:\Users\CLOUDK~1\AppData\L...}, cssSelectorsEnabled: true, databaseEnabled: false, handlesAlerts: true, hasTouchScreen: false, javascriptEnabled: true, locationContextEnabled: true, mobileEmulationEnabled: false, nativeEvents: true, networkConnectionEnabled: false, pageLoadStrategy: normal, platform: XP, platformName: XP, rotatable: false, setWindowRect: true, takesHeapSnapshot: true, takesScreenshot: true, unexpectedAlertBehaviour: , unhandledPromptBehavior: , version: 73.0.3683.103, webStorageEnabled: true}
Session ID: ac98958e195a482c440ae6c1df4c3a6a
*** Element info: {Using=xpath, value=})

2019-04-24 13:03:58 - [TEST_STEP][PASSED] - callTestCase: Call Test Case 'Test Cases/Broadcasts/TC0684' successfully

2019-04-24 13:03:58 - [TEST_CASE][PASSED] - Test Cases/Broadcasts/TC0684: Test Cases/Broadcasts/TC0684

2019-04-24 13:03:58 - [TEST_STEP][PASSED] - callTestCase: Call Test Case 'Test Cases/s-sidebar_navigation/TeamAccount/Broadcasts' successfully

2019-04-24 13:03:58 - [TEST_CASE][PASSED] - Test Cases/s-sidebar_navigation/TeamAccount/Broadcasts: Test Cases/s-sidebar_navigation/TeamAccount/Broadcasts

2019-04-24 13:03:58 - [TEST_STEP][PASSED] - callTestCase: Call Test Case 'Test Cases/s-sidebar_navigation/individualAccount/broadcast' successfully

2019-04-24 13:03:58 - [TEST_CASE][PASSED] - Test Cases/s-sidebar_navigation/individualAccount/broadcast: Test Cases/s-sidebar_navigation/individualAccount/broadcast

2019-04-24 13:03:58 - [TEST_STEP][PASSED] - click: Object: 'Object Repository/Page_KiboPush  Dashboard/span_Polls' is clicked on

2019-04-24 13:03:58 - [MESSAGE][PASSED] - Object: 'Object Repository/Page_KiboPush  Dashboard/span_Polls' is clicked on

2019-04-24 13:03:58 - [TEST_STEP][PASSED] - delay: Delayed 1 second(s)

2019-04-24 13:03:59 - [MESSAGE][PASSED] - Delayed 1 second(s)

2019-04-24 13:03:59 - [TEST_STEP][PASSED] - click: Object: 'Object Repository/Page_KiboPush  Dashboard/span_Broadcasts' is clicked on

2019-04-24 13:04:00 - [MESSAGE][PASSED] - Object: 'Object Repository/Page_KiboPush  Dashboard/span_Broadcasts' is clicked on

2019-04-24 13:04:00 - [TEST_STEP][PASSED] - delay: Delayed 1 second(s)

2019-04-24 13:04:01 - [MESSAGE][PASSED] - Delayed 1 second(s)

2019-04-24 13:04:01 - [TEST_STEP][PASSED] - scrollToPosition: Browser is scrolled to position x = 0, y = 0

2019-04-24 13:04:01 - [MESSAGE][PASSED] - Browser is scrolled to position x = 0, y = 0

2019-04-24 13:04:01 - [TEST_STEP][PASSED] - click: Object: 'Object Repository/Page_KiboPush  Broadcast/h3_Manage Broadcasts' is clicked on

2019-04-24 13:04:01 - [MESSAGE][PASSED] - Object: 'Object Repository/Page_KiboPush  Broadcast/h3_Manage Broadcasts' is clicked on

2019-04-24 13:04:01 - [MESSAGE][PASSED] - Call Test Case 'Test Cases/s-sidebar_navigation/individualAccount/broadcast' successfully

2019-04-24 13:04:01 - [MESSAGE][PASSED] - Call Test Case 'Test Cases/s-sidebar_navigation/TeamAccount/Broadcasts' successfully

2019-04-24 13:04:01 - [TEST_STEP][PASSED] - click: Object: 'Object Repository/Page_KiboPush  Broadcast/span_Create New Broadcast' is clicked on

2019-04-24 13:04:01 - [MESSAGE][PASSED] - Object: 'Object Repository/Page_KiboPush  Broadcast/span_Create New Broadcast' is clicked on

2019-04-24 13:04:01 - [TEST_STEP][PASSED] - click: Object: 'Object Repository/Page_KiboPush  Broadcast/a_Create New Broadcast' is clicked on

2019-04-24 13:04:02 - [MESSAGE][PASSED] - Object: 'Object Repository/Page_KiboPush  Broadcast/a_Create New Broadcast' is clicked on

2019-04-24 13:04:02 - [TEST_STEP][PASSED] - delay: Delayed 1 second(s)

2019-04-24 13:04:03 - [MESSAGE][PASSED] - Delayed 1 second(s)

2019-04-24 13:04:03 - [TEST_STEP][PASSED] - click: Object: 'Object Repository/Page_KiboPush  Create Broadcast/div_List' is clicked on

2019-04-24 13:04:03 - [MESSAGE][PASSED] - Object: 'Object Repository/Page_KiboPush  Create Broadcast/div_List' is clicked on

2019-04-24 13:04:03 - [TEST_STEP][PASSED] - delay: Delayed 1 second(s)

2019-04-24 13:04:04 - [MESSAGE][PASSED] - Delayed 1 second(s)

2019-04-24 13:04:04 - [TEST_STEP][PASSED] - click: Object: 'Object Repository/Page_KiboPush  Create Broadcast/div_ Add Button  Add Action' is clicked on

2019-04-24 13:04:04 - [MESSAGE][PASSED] - Object: 'Object Repository/Page_KiboPush  Create Broadcast/div_ Add Button  Add Action' is clicked on

2019-04-24 13:04:04 - [TEST_STEP][PASSED] - delay: Delayed 2 second(s)

2019-04-24 13:04:06 - [MESSAGE][PASSED] - Delayed 2 second(s)

2019-04-24 13:04:06 - [MESSAGE][PASSED] - Call Test Case 'Test Cases/Broadcasts/TC0684' successfully

2019-04-24 13:04:06 - [TEST_STEP][FAILED] - setText: Unable to set text 'Subtitle1' of object 'Object Repository/Page_KiboPush  Create Broadcast/First_Card_Subtitle' (Root cause: org.openqa.selenium.InvalidSelectorException: invalid selector: Unable to locate an element with the xpath expression  because of the following error:
SyntaxError: Failed to execute 'evaluate' on 'Document': The string '' is not a valid XPath expression.
  (Session info: chrome=73.0.3683.103)
  (Driver info: chromedriver=2.35.528161 (5b82f2d2aae0ca24b877009200ced9065a772e73),platform=Windows NT 10.0.17134 x86_64) (WARNING: The server did not provide any stacktrace information)
Command duration or timeout: 0 milliseconds
For documentation on this error, please visit: http://seleniumhq.org/exceptions/invalid_selector_exception.html
Build info: version: '3.7.1', revision: '8a0099a', time: '2017-11-06T21:07:36.161Z'
System info: host: 'DESKTOP-4M6R1V0', ip: '10.0.2.15', os.name: 'Windows 10', os.arch: 'amd64', os.version: '10.0', java.version: '1.8.0_181'
Driver info: com.kms.katalon.selenium.driver.CChromeDriver
Capabilities {acceptInsecureCerts: false, acceptSslCerts: false, applicationCacheEnabled: false, browserConnectionEnabled: false, browserName: chrome, chrome: {chromedriverVersion: 2.35.528161 (5b82f2d2aae0ca..., userDataDir: C:\Users\CLOUDK~1\AppData\L...}, cssSelectorsEnabled: true, databaseEnabled: false, handlesAlerts: true, hasTouchScreen: false, javascriptEnabled: true, locationContextEnabled: true, mobileEmulationEnabled: false, nativeEvents: true, networkConnectionEnabled: false, pageLoadStrategy: normal, platform: XP, platformName: XP, rotatable: false, setWindowRect: true, takesHeapSnapshot: true, takesScreenshot: true, unexpectedAlertBehaviour: , unhandledPromptBehavior: , version: 73.0.3683.103, webStorageEnabled: true}
Session ID: ac98958e195a482c440ae6c1df4c3a6a
*** Element info: {Using=xpath, value=})

2019-04-24 13:04:38 - [MESSAGE][FAILED] - Unable to set text 'Subtitle1' of object 'Object Repository/Page_KiboPush  Create Broadcast/First_Card_Subtitle' (Root cause: org.openqa.selenium.InvalidSelectorException: invalid selector: Unable to locate an element with the xpath expression  because of the following error:
SyntaxError: Failed to execute 'evaluate' on 'Document': The string '' is not a valid XPath expression.
  (Session info: chrome=73.0.3683.103)
  (Driver info: chromedriver=2.35.528161 (5b82f2d2aae0ca24b877009200ced9065a772e73),platform=Windows NT 10.0.17134 x86_64) (WARNING: The server did not provide any stacktrace information)
Command duration or timeout: 0 milliseconds
For documentation on this error, please visit: http://seleniumhq.org/exceptions/invalid_selector_exception.html
Build info: version: '3.7.1', revision: '8a0099a', time: '2017-11-06T21:07:36.161Z'
System info: host: 'DESKTOP-4M6R1V0', ip: '10.0.2.15', os.name: 'Windows 10', os.arch: 'amd64', os.version: '10.0', java.version: '1.8.0_181'
Driver info: com.kms.katalon.selenium.driver.CChromeDriver
Capabilities {acceptInsecureCerts: false, acceptSslCerts: false, applicationCacheEnabled: false, browserConnectionEnabled: false, browserName: chrome, chrome: {chromedriverVersion: 2.35.528161 (5b82f2d2aae0ca..., userDataDir: C:\Users\CLOUDK~1\AppData\L...}, cssSelectorsEnabled: true, databaseEnabled: false, handlesAlerts: true, hasTouchScreen: false, javascriptEnabled: true, locationContextEnabled: true, mobileEmulationEnabled: false, nativeEvents: true, networkConnectionEnabled: false, pageLoadStrategy: normal, platform: XP, platformName: XP, rotatable: false, setWindowRect: true, takesHeapSnapshot: true, takesScreenshot: true, unexpectedAlertBehaviour: , unhandledPromptBehavior: , version: 73.0.3683.103, webStorageEnabled: true}
Session ID: ac98958e195a482c440ae6c1df4c3a6a
*** Element info: {Using=xpath, value=})
[[ATTACHMENT|C:\\Users\\cloudkibo\\Desktop\\KiboPush_Automated_Testing\\KiboPush Katalon\\Reports\\broadcast\\20190424_124145\\1556093078203.png]]]]></system-out>
         <system-err><![CDATA[2019-04-24 13:03:58 - [TEST_CASE][FAILED] - Test Cases/Broadcasts/TC0690: Test Cases/Broadcasts/TC0690 FAILED because (of) Unable to set text 'Subtitle1' of object 'Object Repository/Page_KiboPush  Create Broadcast/First_Card_Subtitle' (Root cause: org.openqa.selenium.InvalidSelectorException: invalid selector: Unable to locate an element with the xpath expression  because of the following error:
SyntaxError: Failed to execute 'evaluate' on 'Document': The string '' is not a valid XPath expression.
  (Session info: chrome=73.0.3683.103)
  (Driver info: chromedriver=2.35.528161 (5b82f2d2aae0ca24b877009200ced9065a772e73),platform=Windows NT 10.0.17134 x86_64) (WARNING: The server did not provide any stacktrace information)
Command duration or timeout: 0 milliseconds
For documentation on this error, please visit: http://seleniumhq.org/exceptions/invalid_selector_exception.html
Build info: version: '3.7.1', revision: '8a0099a', time: '2017-11-06T21:07:36.161Z'
System info: host: 'DESKTOP-4M6R1V0', ip: '10.0.2.15', os.name: 'Windows 10', os.arch: 'amd64', os.version: '10.0', java.version: '1.8.0_181'
Driver info: com.kms.katalon.selenium.driver.CChromeDriver
Capabilities {acceptInsecureCerts: false, acceptSslCerts: false, applicationCacheEnabled: false, browserConnectionEnabled: false, browserName: chrome, chrome: {chromedriverVersion: 2.35.528161 (5b82f2d2aae0ca..., userDataDir: C:\Users\CLOUDK~1\AppData\L...}, cssSelectorsEnabled: true, databaseEnabled: false, handlesAlerts: true, hasTouchScreen: false, javascriptEnabled: true, locationContextEnabled: true, mobileEmulationEnabled: false, nativeEvents: true, networkConnectionEnabled: false, pageLoadStrategy: normal, platform: XP, platformName: XP, rotatable: false, setWindowRect: true, takesHeapSnapshot: true, takesScreenshot: true, unexpectedAlertBehaviour: , unhandledPromptBehavior: , version: 73.0.3683.103, webStorageEnabled: true}
Session ID: ac98958e195a482c440ae6c1df4c3a6a
*** Element info: {Using=xpath, value=})]]></system-err>
      </testcase>
      <testcase name="Test Cases/Broadcasts/TC0691" classname="Test Cases/Broadcasts/TC0691" status="FAILED">
         <failure type="FAILED" message="Unable to set text 'Title1' of object 'Object Repository/Page_KiboPush  Create Broadcast/First_Card_List_Title' (Root cause: org.openqa.selenium.InvalidSelectorException: invalid selector: Unable to locate an element with the xpath expression  because of the following error:
SyntaxError: Failed to execute 'evaluate' on 'Document': The string '' is not a valid XPath expression.
  (Session info: chrome=73.0.3683.103)
  (Driver info: chromedriver=2.35.528161 (5b82f2d2aae0ca24b877009200ced9065a772e73),platform=Windows NT 10.0.17134 x86_64) (WARNING: The server did not provide any stacktrace information)
Command duration or timeout: 0 milliseconds
For documentation on this error, please visit: http://seleniumhq.org/exceptions/invalid_selector_exception.html
Build info: version: '3.7.1', revision: '8a0099a', time: '2017-11-06T21:07:36.161Z'
System info: host: 'DESKTOP-4M6R1V0', ip: '10.0.2.15', os.name: 'Windows 10', os.arch: 'amd64', os.version: '10.0', java.version: '1.8.0_181'
Driver info: com.kms.katalon.selenium.driver.CChromeDriver
Capabilities {acceptInsecureCerts: false, acceptSslCerts: false, applicationCacheEnabled: false, browserConnectionEnabled: false, browserName: chrome, chrome: {chromedriverVersion: 2.35.528161 (5b82f2d2aae0ca..., userDataDir: C:\Users\CLOUDK~1\AppData\L...}, cssSelectorsEnabled: true, databaseEnabled: false, handlesAlerts: true, hasTouchScreen: false, javascriptEnabled: true, locationContextEnabled: true, mobileEmulationEnabled: false, nativeEvents: true, networkConnectionEnabled: false, pageLoadStrategy: normal, platform: XP, platformName: XP, rotatable: false, setWindowRect: true, takesHeapSnapshot: true, takesScreenshot: true, unexpectedAlertBehaviour: , unhandledPromptBehavior: , version: 73.0.3683.103, webStorageEnabled: true}
Session ID: ac98958e195a482c440ae6c1df4c3a6a
*** Element info: {Using=xpath, value=})"/>
         <system-out><![CDATA[2019-04-24 13:04:38 - [TEST_CASE][FAILED] - Test Cases/Broadcasts/TC0691: Test Cases/Broadcasts/TC0691 FAILED because (of) Unable to set text 'Title1' of object 'Object Repository/Page_KiboPush  Create Broadcast/First_Card_List_Title' (Root cause: org.openqa.selenium.InvalidSelectorException: invalid selector: Unable to locate an element with the xpath expression  because of the following error:
SyntaxError: Failed to execute 'evaluate' on 'Document': The string '' is not a valid XPath expression.
  (Session info: chrome=73.0.3683.103)
  (Driver info: chromedriver=2.35.528161 (5b82f2d2aae0ca24b877009200ced9065a772e73),platform=Windows NT 10.0.17134 x86_64) (WARNING: The server did not provide any stacktrace information)
Command duration or timeout: 0 milliseconds
For documentation on this error, please visit: http://seleniumhq.org/exceptions/invalid_selector_exception.html
Build info: version: '3.7.1', revision: '8a0099a', time: '2017-11-06T21:07:36.161Z'
System info: host: 'DESKTOP-4M6R1V0', ip: '10.0.2.15', os.name: 'Windows 10', os.arch: 'amd64', os.version: '10.0', java.version: '1.8.0_181'
Driver info: com.kms.katalon.selenium.driver.CChromeDriver
Capabilities {acceptInsecureCerts: false, acceptSslCerts: false, applicationCacheEnabled: false, browserConnectionEnabled: false, browserName: chrome, chrome: {chromedriverVersion: 2.35.528161 (5b82f2d2aae0ca..., userDataDir: C:\Users\CLOUDK~1\AppData\L...}, cssSelectorsEnabled: true, databaseEnabled: false, handlesAlerts: true, hasTouchScreen: false, javascriptEnabled: true, locationContextEnabled: true, mobileEmulationEnabled: false, nativeEvents: true, networkConnectionEnabled: false, pageLoadStrategy: normal, platform: XP, platformName: XP, rotatable: false, setWindowRect: true, takesHeapSnapshot: true, takesScreenshot: true, unexpectedAlertBehaviour: , unhandledPromptBehavior: , version: 73.0.3683.103, webStorageEnabled: true}
Session ID: ac98958e195a482c440ae6c1df4c3a6a
*** Element info: {Using=xpath, value=})

2019-04-24 13:04:38 - [TEST_STEP][PASSED] - callTestCase: Call Test Case 'Test Cases/Broadcasts/TC0684' successfully

2019-04-24 13:04:38 - [TEST_CASE][PASSED] - Test Cases/Broadcasts/TC0684: Test Cases/Broadcasts/TC0684

2019-04-24 13:04:38 - [TEST_STEP][PASSED] - callTestCase: Call Test Case 'Test Cases/s-sidebar_navigation/TeamAccount/Broadcasts' successfully

2019-04-24 13:04:38 - [TEST_CASE][PASSED] - Test Cases/s-sidebar_navigation/TeamAccount/Broadcasts: Test Cases/s-sidebar_navigation/TeamAccount/Broadcasts

2019-04-24 13:04:38 - [TEST_STEP][PASSED] - callTestCase: Call Test Case 'Test Cases/s-sidebar_navigation/individualAccount/broadcast' successfully

2019-04-24 13:04:38 - [TEST_CASE][PASSED] - Test Cases/s-sidebar_navigation/individualAccount/broadcast: Test Cases/s-sidebar_navigation/individualAccount/broadcast

2019-04-24 13:04:38 - [TEST_STEP][PASSED] - click: Object: 'Object Repository/Page_KiboPush  Dashboard/span_Polls' is clicked on

2019-04-24 13:04:39 - [MESSAGE][PASSED] - Object: 'Object Repository/Page_KiboPush  Dashboard/span_Polls' is clicked on

2019-04-24 13:04:39 - [TEST_STEP][PASSED] - delay: Delayed 1 second(s)

2019-04-24 13:04:40 - [MESSAGE][PASSED] - Delayed 1 second(s)

2019-04-24 13:04:40 - [TEST_STEP][PASSED] - click: Object: 'Object Repository/Page_KiboPush  Dashboard/span_Broadcasts' is clicked on

2019-04-24 13:04:41 - [MESSAGE][PASSED] - Object: 'Object Repository/Page_KiboPush  Dashboard/span_Broadcasts' is clicked on

2019-04-24 13:04:41 - [TEST_STEP][PASSED] - delay: Delayed 1 second(s)

2019-04-24 13:04:42 - [MESSAGE][PASSED] - Delayed 1 second(s)

2019-04-24 13:04:42 - [TEST_STEP][PASSED] - scrollToPosition: Browser is scrolled to position x = 0, y = 0

2019-04-24 13:04:42 - [MESSAGE][PASSED] - Browser is scrolled to position x = 0, y = 0

2019-04-24 13:04:42 - [TEST_STEP][PASSED] - click: Object: 'Object Repository/Page_KiboPush  Broadcast/h3_Manage Broadcasts' is clicked on

2019-04-24 13:04:42 - [MESSAGE][PASSED] - Object: 'Object Repository/Page_KiboPush  Broadcast/h3_Manage Broadcasts' is clicked on

2019-04-24 13:04:42 - [MESSAGE][PASSED] - Call Test Case 'Test Cases/s-sidebar_navigation/individualAccount/broadcast' successfully

2019-04-24 13:04:42 - [MESSAGE][PASSED] - Call Test Case 'Test Cases/s-sidebar_navigation/TeamAccount/Broadcasts' successfully

2019-04-24 13:04:42 - [TEST_STEP][PASSED] - click: Object: 'Object Repository/Page_KiboPush  Broadcast/span_Create New Broadcast' is clicked on

2019-04-24 13:04:42 - [MESSAGE][PASSED] - Object: 'Object Repository/Page_KiboPush  Broadcast/span_Create New Broadcast' is clicked on

2019-04-24 13:04:42 - [TEST_STEP][PASSED] - click: Object: 'Object Repository/Page_KiboPush  Broadcast/a_Create New Broadcast' is clicked on

2019-04-24 13:04:43 - [MESSAGE][PASSED] - Object: 'Object Repository/Page_KiboPush  Broadcast/a_Create New Broadcast' is clicked on

2019-04-24 13:04:43 - [TEST_STEP][PASSED] - delay: Delayed 1 second(s)

2019-04-24 13:04:44 - [MESSAGE][PASSED] - Delayed 1 second(s)

2019-04-24 13:04:44 - [TEST_STEP][PASSED] - click: Object: 'Object Repository/Page_KiboPush  Create Broadcast/div_List' is clicked on

2019-04-24 13:04:45 - [MESSAGE][PASSED] - Object: 'Object Repository/Page_KiboPush  Create Broadcast/div_List' is clicked on

2019-04-24 13:04:45 - [TEST_STEP][PASSED] - delay: Delayed 1 second(s)

2019-04-24 13:04:46 - [MESSAGE][PASSED] - Delayed 1 second(s)

2019-04-24 13:04:46 - [TEST_STEP][PASSED] - click: Object: 'Object Repository/Page_KiboPush  Create Broadcast/div_ Add Button  Add Action' is clicked on

2019-04-24 13:04:46 - [MESSAGE][PASSED] - Object: 'Object Repository/Page_KiboPush  Create Broadcast/div_ Add Button  Add Action' is clicked on

2019-04-24 13:04:46 - [TEST_STEP][PASSED] - delay: Delayed 2 second(s)

2019-04-24 13:04:48 - [MESSAGE][PASSED] - Delayed 2 second(s)

2019-04-24 13:04:48 - [MESSAGE][PASSED] - Call Test Case 'Test Cases/Broadcasts/TC0684' successfully

2019-04-24 13:04:48 - [TEST_STEP][PASSED] - delay: Delayed 2 second(s)

2019-04-24 13:04:50 - [MESSAGE][PASSED] - Delayed 2 second(s)

2019-04-24 13:04:50 - [TEST_STEP][FAILED] - setText: Unable to set text 'Title1' of object 'Object Repository/Page_KiboPush  Create Broadcast/First_Card_List_Title' (Root cause: org.openqa.selenium.InvalidSelectorException: invalid selector: Unable to locate an element with the xpath expression  because of the following error:
SyntaxError: Failed to execute 'evaluate' on 'Document': The string '' is not a valid XPath expression.
  (Session info: chrome=73.0.3683.103)
  (Driver info: chromedriver=2.35.528161 (5b82f2d2aae0ca24b877009200ced9065a772e73),platform=Windows NT 10.0.17134 x86_64) (WARNING: The server did not provide any stacktrace information)
Command duration or timeout: 0 milliseconds
For documentation on this error, please visit: http://seleniumhq.org/exceptions/invalid_selector_exception.html
Build info: version: '3.7.1', revision: '8a0099a', time: '2017-11-06T21:07:36.161Z'
System info: host: 'DESKTOP-4M6R1V0', ip: '10.0.2.15', os.name: 'Windows 10', os.arch: 'amd64', os.version: '10.0', java.version: '1.8.0_181'
Driver info: com.kms.katalon.selenium.driver.CChromeDriver
Capabilities {acceptInsecureCerts: false, acceptSslCerts: false, applicationCacheEnabled: false, browserConnectionEnabled: false, browserName: chrome, chrome: {chromedriverVersion: 2.35.528161 (5b82f2d2aae0ca..., userDataDir: C:\Users\CLOUDK~1\AppData\L...}, cssSelectorsEnabled: true, databaseEnabled: false, handlesAlerts: true, hasTouchScreen: false, javascriptEnabled: true, locationContextEnabled: true, mobileEmulationEnabled: false, nativeEvents: true, networkConnectionEnabled: false, pageLoadStrategy: normal, platform: XP, platformName: XP, rotatable: false, setWindowRect: true, takesHeapSnapshot: true, takesScreenshot: true, unexpectedAlertBehaviour: , unhandledPromptBehavior: , version: 73.0.3683.103, webStorageEnabled: true}
Session ID: ac98958e195a482c440ae6c1df4c3a6a
*** Element info: {Using=xpath, value=})

2019-04-24 13:05:22 - [MESSAGE][FAILED] - Unable to set text 'Title1' of object 'Object Repository/Page_KiboPush  Create Broadcast/First_Card_List_Title' (Root cause: org.openqa.selenium.InvalidSelectorException: invalid selector: Unable to locate an element with the xpath expression  because of the following error:
SyntaxError: Failed to execute 'evaluate' on 'Document': The string '' is not a valid XPath expression.
  (Session info: chrome=73.0.3683.103)
  (Driver info: chromedriver=2.35.528161 (5b82f2d2aae0ca24b877009200ced9065a772e73),platform=Windows NT 10.0.17134 x86_64) (WARNING: The server did not provide any stacktrace information)
Command duration or timeout: 0 milliseconds
For documentation on this error, please visit: http://seleniumhq.org/exceptions/invalid_selector_exception.html
Build info: version: '3.7.1', revision: '8a0099a', time: '2017-11-06T21:07:36.161Z'
System info: host: 'DESKTOP-4M6R1V0', ip: '10.0.2.15', os.name: 'Windows 10', os.arch: 'amd64', os.version: '10.0', java.version: '1.8.0_181'
Driver info: com.kms.katalon.selenium.driver.CChromeDriver
Capabilities {acceptInsecureCerts: false, acceptSslCerts: false, applicationCacheEnabled: false, browserConnectionEnabled: false, browserName: chrome, chrome: {chromedriverVersion: 2.35.528161 (5b82f2d2aae0ca..., userDataDir: C:\Users\CLOUDK~1\AppData\L...}, cssSelectorsEnabled: true, databaseEnabled: false, handlesAlerts: true, hasTouchScreen: false, javascriptEnabled: true, locationContextEnabled: true, mobileEmulationEnabled: false, nativeEvents: true, networkConnectionEnabled: false, pageLoadStrategy: normal, platform: XP, platformName: XP, rotatable: false, setWindowRect: true, takesHeapSnapshot: true, takesScreenshot: true, unexpectedAlertBehaviour: , unhandledPromptBehavior: , version: 73.0.3683.103, webStorageEnabled: true}
Session ID: ac98958e195a482c440ae6c1df4c3a6a
*** Element info: {Using=xpath, value=})
[[ATTACHMENT|C:\\Users\\cloudkibo\\Desktop\\KiboPush_Automated_Testing\\KiboPush Katalon\\Reports\\broadcast\\20190424_124145\\1556093121879.png]]]]></system-out>
         <system-err><![CDATA[2019-04-24 13:04:38 - [TEST_CASE][FAILED] - Test Cases/Broadcasts/TC0691: Test Cases/Broadcasts/TC0691 FAILED because (of) Unable to set text 'Title1' of object 'Object Repository/Page_KiboPush  Create Broadcast/First_Card_List_Title' (Root cause: org.openqa.selenium.InvalidSelectorException: invalid selector: Unable to locate an element with the xpath expression  because of the following error:
SyntaxError: Failed to execute 'evaluate' on 'Document': The string '' is not a valid XPath expression.
  (Session info: chrome=73.0.3683.103)
  (Driver info: chromedriver=2.35.528161 (5b82f2d2aae0ca24b877009200ced9065a772e73),platform=Windows NT 10.0.17134 x86_64) (WARNING: The server did not provide any stacktrace information)
Command duration or timeout: 0 milliseconds
For documentation on this error, please visit: http://seleniumhq.org/exceptions/invalid_selector_exception.html
Build info: version: '3.7.1', revision: '8a0099a', time: '2017-11-06T21:07:36.161Z'
System info: host: 'DESKTOP-4M6R1V0', ip: '10.0.2.15', os.name: 'Windows 10', os.arch: 'amd64', os.version: '10.0', java.version: '1.8.0_181'
Driver info: com.kms.katalon.selenium.driver.CChromeDriver
Capabilities {acceptInsecureCerts: false, acceptSslCerts: false, applicationCacheEnabled: false, browserConnectionEnabled: false, browserName: chrome, chrome: {chromedriverVersion: 2.35.528161 (5b82f2d2aae0ca..., userDataDir: C:\Users\CLOUDK~1\AppData\L...}, cssSelectorsEnabled: true, databaseEnabled: false, handlesAlerts: true, hasTouchScreen: false, javascriptEnabled: true, locationContextEnabled: true, mobileEmulationEnabled: false, nativeEvents: true, networkConnectionEnabled: false, pageLoadStrategy: normal, platform: XP, platformName: XP, rotatable: false, setWindowRect: true, takesHeapSnapshot: true, takesScreenshot: true, unexpectedAlertBehaviour: , unhandledPromptBehavior: , version: 73.0.3683.103, webStorageEnabled: true}
Session ID: ac98958e195a482c440ae6c1df4c3a6a
*** Element info: {Using=xpath, value=})]]></system-err>
      </testcase>
      <testcase name="Test Cases/Broadcasts/TC0692" classname="Test Cases/Broadcasts/TC0692" status="FAILED">
         <failure type="FAILED" message="Unable to set text 'Title1' of object 'Object Repository/Page_KiboPush  Create Broadcast/First_Card_List_Title' (Root cause: org.openqa.selenium.InvalidSelectorException: invalid selector: Unable to locate an element with the xpath expression  because of the following error:
SyntaxError: Failed to execute 'evaluate' on 'Document': The string '' is not a valid XPath expression.
  (Session info: chrome=73.0.3683.103)
  (Driver info: chromedriver=2.35.528161 (5b82f2d2aae0ca24b877009200ced9065a772e73),platform=Windows NT 10.0.17134 x86_64) (WARNING: The server did not provide any stacktrace information)
Command duration or timeout: 0 milliseconds
For documentation on this error, please visit: http://seleniumhq.org/exceptions/invalid_selector_exception.html
Build info: version: '3.7.1', revision: '8a0099a', time: '2017-11-06T21:07:36.161Z'
System info: host: 'DESKTOP-4M6R1V0', ip: '10.0.2.15', os.name: 'Windows 10', os.arch: 'amd64', os.version: '10.0', java.version: '1.8.0_181'
Driver info: com.kms.katalon.selenium.driver.CChromeDriver
Capabilities {acceptInsecureCerts: false, acceptSslCerts: false, applicationCacheEnabled: false, browserConnectionEnabled: false, browserName: chrome, chrome: {chromedriverVersion: 2.35.528161 (5b82f2d2aae0ca..., userDataDir: C:\Users\CLOUDK~1\AppData\L...}, cssSelectorsEnabled: true, databaseEnabled: false, handlesAlerts: true, hasTouchScreen: false, javascriptEnabled: true, locationContextEnabled: true, mobileEmulationEnabled: false, nativeEvents: true, networkConnectionEnabled: false, pageLoadStrategy: normal, platform: XP, platformName: XP, rotatable: false, setWindowRect: true, takesHeapSnapshot: true, takesScreenshot: true, unexpectedAlertBehaviour: , unhandledPromptBehavior: , version: 73.0.3683.103, webStorageEnabled: true}
Session ID: ac98958e195a482c440ae6c1df4c3a6a
*** Element info: {Using=xpath, value=})"/>
         <system-out><![CDATA[2019-04-24 13:05:22 - [TEST_CASE][FAILED] - Test Cases/Broadcasts/TC0692: Test Cases/Broadcasts/TC0692 FAILED because (of) Unable to set text 'Title1' of object 'Object Repository/Page_KiboPush  Create Broadcast/First_Card_List_Title' (Root cause: org.openqa.selenium.InvalidSelectorException: invalid selector: Unable to locate an element with the xpath expression  because of the following error:
SyntaxError: Failed to execute 'evaluate' on 'Document': The string '' is not a valid XPath expression.
  (Session info: chrome=73.0.3683.103)
  (Driver info: chromedriver=2.35.528161 (5b82f2d2aae0ca24b877009200ced9065a772e73),platform=Windows NT 10.0.17134 x86_64) (WARNING: The server did not provide any stacktrace information)
Command duration or timeout: 0 milliseconds
For documentation on this error, please visit: http://seleniumhq.org/exceptions/invalid_selector_exception.html
Build info: version: '3.7.1', revision: '8a0099a', time: '2017-11-06T21:07:36.161Z'
System info: host: 'DESKTOP-4M6R1V0', ip: '10.0.2.15', os.name: 'Windows 10', os.arch: 'amd64', os.version: '10.0', java.version: '1.8.0_181'
Driver info: com.kms.katalon.selenium.driver.CChromeDriver
Capabilities {acceptInsecureCerts: false, acceptSslCerts: false, applicationCacheEnabled: false, browserConnectionEnabled: false, browserName: chrome, chrome: {chromedriverVersion: 2.35.528161 (5b82f2d2aae0ca..., userDataDir: C:\Users\CLOUDK~1\AppData\L...}, cssSelectorsEnabled: true, databaseEnabled: false, handlesAlerts: true, hasTouchScreen: false, javascriptEnabled: true, locationContextEnabled: true, mobileEmulationEnabled: false, nativeEvents: true, networkConnectionEnabled: false, pageLoadStrategy: normal, platform: XP, platformName: XP, rotatable: false, setWindowRect: true, takesHeapSnapshot: true, takesScreenshot: true, unexpectedAlertBehaviour: , unhandledPromptBehavior: , version: 73.0.3683.103, webStorageEnabled: true}
Session ID: ac98958e195a482c440ae6c1df4c3a6a
*** Element info: {Using=xpath, value=})

2019-04-24 13:05:22 - [TEST_STEP][PASSED] - callTestCase: Call Test Case 'Test Cases/Broadcasts/TC0684' successfully

2019-04-24 13:05:22 - [TEST_CASE][PASSED] - Test Cases/Broadcasts/TC0684: Test Cases/Broadcasts/TC0684

2019-04-24 13:05:22 - [TEST_STEP][PASSED] - callTestCase: Call Test Case 'Test Cases/s-sidebar_navigation/TeamAccount/Broadcasts' successfully

2019-04-24 13:05:22 - [TEST_CASE][PASSED] - Test Cases/s-sidebar_navigation/TeamAccount/Broadcasts: Test Cases/s-sidebar_navigation/TeamAccount/Broadcasts

2019-04-24 13:05:22 - [TEST_STEP][PASSED] - callTestCase: Call Test Case 'Test Cases/s-sidebar_navigation/individualAccount/broadcast' successfully

2019-04-24 13:05:22 - [TEST_CASE][PASSED] - Test Cases/s-sidebar_navigation/individualAccount/broadcast: Test Cases/s-sidebar_navigation/individualAccount/broadcast

2019-04-24 13:05:22 - [TEST_STEP][PASSED] - click: Object: 'Object Repository/Page_KiboPush  Dashboard/span_Polls' is clicked on

2019-04-24 13:05:22 - [MESSAGE][PASSED] - Object: 'Object Repository/Page_KiboPush  Dashboard/span_Polls' is clicked on

2019-04-24 13:05:22 - [TEST_STEP][PASSED] - delay: Delayed 1 second(s)

2019-04-24 13:05:23 - [MESSAGE][PASSED] - Delayed 1 second(s)

2019-04-24 13:05:23 - [TEST_STEP][PASSED] - click: Object: 'Object Repository/Page_KiboPush  Dashboard/span_Broadcasts' is clicked on

2019-04-24 13:05:24 - [MESSAGE][PASSED] - Object: 'Object Repository/Page_KiboPush  Dashboard/span_Broadcasts' is clicked on

2019-04-24 13:05:24 - [TEST_STEP][PASSED] - delay: Delayed 1 second(s)

2019-04-24 13:05:25 - [MESSAGE][PASSED] - Delayed 1 second(s)

2019-04-24 13:05:25 - [TEST_STEP][PASSED] - scrollToPosition: Browser is scrolled to position x = 0, y = 0

2019-04-24 13:05:25 - [MESSAGE][PASSED] - Browser is scrolled to position x = 0, y = 0

2019-04-24 13:05:25 - [TEST_STEP][PASSED] - click: Object: 'Object Repository/Page_KiboPush  Broadcast/h3_Manage Broadcasts' is clicked on

2019-04-24 13:05:25 - [MESSAGE][PASSED] - Object: 'Object Repository/Page_KiboPush  Broadcast/h3_Manage Broadcasts' is clicked on

2019-04-24 13:05:25 - [MESSAGE][PASSED] - Call Test Case 'Test Cases/s-sidebar_navigation/individualAccount/broadcast' successfully

2019-04-24 13:05:25 - [MESSAGE][PASSED] - Call Test Case 'Test Cases/s-sidebar_navigation/TeamAccount/Broadcasts' successfully

2019-04-24 13:05:25 - [TEST_STEP][PASSED] - click: Object: 'Object Repository/Page_KiboPush  Broadcast/span_Create New Broadcast' is clicked on

2019-04-24 13:05:26 - [MESSAGE][PASSED] - Object: 'Object Repository/Page_KiboPush  Broadcast/span_Create New Broadcast' is clicked on

2019-04-24 13:05:26 - [TEST_STEP][PASSED] - click: Object: 'Object Repository/Page_KiboPush  Broadcast/a_Create New Broadcast' is clicked on

2019-04-24 13:05:27 - [MESSAGE][PASSED] - Object: 'Object Repository/Page_KiboPush  Broadcast/a_Create New Broadcast' is clicked on

2019-04-24 13:05:27 - [TEST_STEP][PASSED] - delay: Delayed 1 second(s)

2019-04-24 13:05:28 - [MESSAGE][PASSED] - Delayed 1 second(s)

2019-04-24 13:05:28 - [TEST_STEP][PASSED] - click: Object: 'Object Repository/Page_KiboPush  Create Broadcast/div_List' is clicked on

2019-04-24 13:05:28 - [MESSAGE][PASSED] - Object: 'Object Repository/Page_KiboPush  Create Broadcast/div_List' is clicked on

2019-04-24 13:05:28 - [TEST_STEP][PASSED] - delay: Delayed 1 second(s)

2019-04-24 13:05:29 - [MESSAGE][PASSED] - Delayed 1 second(s)

2019-04-24 13:05:29 - [TEST_STEP][PASSED] - click: Object: 'Object Repository/Page_KiboPush  Create Broadcast/div_ Add Button  Add Action' is clicked on

2019-04-24 13:05:29 - [MESSAGE][PASSED] - Object: 'Object Repository/Page_KiboPush  Create Broadcast/div_ Add Button  Add Action' is clicked on

2019-04-24 13:05:29 - [TEST_STEP][PASSED] - delay: Delayed 2 second(s)

2019-04-24 13:05:31 - [MESSAGE][PASSED] - Delayed 2 second(s)

2019-04-24 13:05:31 - [MESSAGE][PASSED] - Call Test Case 'Test Cases/Broadcasts/TC0684' successfully

2019-04-24 13:05:31 - [TEST_STEP][PASSED] - delay: Delayed 2 second(s)

2019-04-24 13:05:33 - [MESSAGE][PASSED] - Delayed 2 second(s)

2019-04-24 13:05:33 - [TEST_STEP][FAILED] - setText: Unable to set text 'Title1' of object 'Object Repository/Page_KiboPush  Create Broadcast/First_Card_List_Title' (Root cause: org.openqa.selenium.InvalidSelectorException: invalid selector: Unable to locate an element with the xpath expression  because of the following error:
SyntaxError: Failed to execute 'evaluate' on 'Document': The string '' is not a valid XPath expression.
  (Session info: chrome=73.0.3683.103)
  (Driver info: chromedriver=2.35.528161 (5b82f2d2aae0ca24b877009200ced9065a772e73),platform=Windows NT 10.0.17134 x86_64) (WARNING: The server did not provide any stacktrace information)
Command duration or timeout: 0 milliseconds
For documentation on this error, please visit: http://seleniumhq.org/exceptions/invalid_selector_exception.html
Build info: version: '3.7.1', revision: '8a0099a', time: '2017-11-06T21:07:36.161Z'
System info: host: 'DESKTOP-4M6R1V0', ip: '10.0.2.15', os.name: 'Windows 10', os.arch: 'amd64', os.version: '10.0', java.version: '1.8.0_181'
Driver info: com.kms.katalon.selenium.driver.CChromeDriver
Capabilities {acceptInsecureCerts: false, acceptSslCerts: false, applicationCacheEnabled: false, browserConnectionEnabled: false, browserName: chrome, chrome: {chromedriverVersion: 2.35.528161 (5b82f2d2aae0ca..., userDataDir: C:\Users\CLOUDK~1\AppData\L...}, cssSelectorsEnabled: true, databaseEnabled: false, handlesAlerts: true, hasTouchScreen: false, javascriptEnabled: true, locationContextEnabled: true, mobileEmulationEnabled: false, nativeEvents: true, networkConnectionEnabled: false, pageLoadStrategy: normal, platform: XP, platformName: XP, rotatable: false, setWindowRect: true, takesHeapSnapshot: true, takesScreenshot: true, unexpectedAlertBehaviour: , unhandledPromptBehavior: , version: 73.0.3683.103, webStorageEnabled: true}
Session ID: ac98958e195a482c440ae6c1df4c3a6a
*** Element info: {Using=xpath, value=})

2019-04-24 13:06:06 - [MESSAGE][FAILED] - Unable to set text 'Title1' of object 'Object Repository/Page_KiboPush  Create Broadcast/First_Card_List_Title' (Root cause: org.openqa.selenium.InvalidSelectorException: invalid selector: Unable to locate an element with the xpath expression  because of the following error:
SyntaxError: Failed to execute 'evaluate' on 'Document': The string '' is not a valid XPath expression.
  (Session info: chrome=73.0.3683.103)
  (Driver info: chromedriver=2.35.528161 (5b82f2d2aae0ca24b877009200ced9065a772e73),platform=Windows NT 10.0.17134 x86_64) (WARNING: The server did not provide any stacktrace information)
Command duration or timeout: 0 milliseconds
For documentation on this error, please visit: http://seleniumhq.org/exceptions/invalid_selector_exception.html
Build info: version: '3.7.1', revision: '8a0099a', time: '2017-11-06T21:07:36.161Z'
System info: host: 'DESKTOP-4M6R1V0', ip: '10.0.2.15', os.name: 'Windows 10', os.arch: 'amd64', os.version: '10.0', java.version: '1.8.0_181'
Driver info: com.kms.katalon.selenium.driver.CChromeDriver
Capabilities {acceptInsecureCerts: false, acceptSslCerts: false, applicationCacheEnabled: false, browserConnectionEnabled: false, browserName: chrome, chrome: {chromedriverVersion: 2.35.528161 (5b82f2d2aae0ca..., userDataDir: C:\Users\CLOUDK~1\AppData\L...}, cssSelectorsEnabled: true, databaseEnabled: false, handlesAlerts: true, hasTouchScreen: false, javascriptEnabled: true, locationContextEnabled: true, mobileEmulationEnabled: false, nativeEvents: true, networkConnectionEnabled: false, pageLoadStrategy: normal, platform: XP, platformName: XP, rotatable: false, setWindowRect: true, takesHeapSnapshot: true, takesScreenshot: true, unexpectedAlertBehaviour: , unhandledPromptBehavior: , version: 73.0.3683.103, webStorageEnabled: true}
Session ID: ac98958e195a482c440ae6c1df4c3a6a
*** Element info: {Using=xpath, value=})
[[ATTACHMENT|C:\\Users\\cloudkibo\\Desktop\\KiboPush_Automated_Testing\\KiboPush Katalon\\Reports\\broadcast\\20190424_124145\\1556093166201.png]]]]></system-out>
         <system-err><![CDATA[2019-04-24 13:05:22 - [TEST_CASE][FAILED] - Test Cases/Broadcasts/TC0692: Test Cases/Broadcasts/TC0692 FAILED because (of) Unable to set text 'Title1' of object 'Object Repository/Page_KiboPush  Create Broadcast/First_Card_List_Title' (Root cause: org.openqa.selenium.InvalidSelectorException: invalid selector: Unable to locate an element with the xpath expression  because of the following error:
SyntaxError: Failed to execute 'evaluate' on 'Document': The string '' is not a valid XPath expression.
  (Session info: chrome=73.0.3683.103)
  (Driver info: chromedriver=2.35.528161 (5b82f2d2aae0ca24b877009200ced9065a772e73),platform=Windows NT 10.0.17134 x86_64) (WARNING: The server did not provide any stacktrace information)
Command duration or timeout: 0 milliseconds
For documentation on this error, please visit: http://seleniumhq.org/exceptions/invalid_selector_exception.html
Build info: version: '3.7.1', revision: '8a0099a', time: '2017-11-06T21:07:36.161Z'
System info: host: 'DESKTOP-4M6R1V0', ip: '10.0.2.15', os.name: 'Windows 10', os.arch: 'amd64', os.version: '10.0', java.version: '1.8.0_181'
Driver info: com.kms.katalon.selenium.driver.CChromeDriver
Capabilities {acceptInsecureCerts: false, acceptSslCerts: false, applicationCacheEnabled: false, browserConnectionEnabled: false, browserName: chrome, chrome: {chromedriverVersion: 2.35.528161 (5b82f2d2aae0ca..., userDataDir: C:\Users\CLOUDK~1\AppData\L...}, cssSelectorsEnabled: true, databaseEnabled: false, handlesAlerts: true, hasTouchScreen: false, javascriptEnabled: true, locationContextEnabled: true, mobileEmulationEnabled: false, nativeEvents: true, networkConnectionEnabled: false, pageLoadStrategy: normal, platform: XP, platformName: XP, rotatable: false, setWindowRect: true, takesHeapSnapshot: true, takesScreenshot: true, unexpectedAlertBehaviour: , unhandledPromptBehavior: , version: 73.0.3683.103, webStorageEnabled: true}
Session ID: ac98958e195a482c440ae6c1df4c3a6a
*** Element info: {Using=xpath, value=})]]></system-err>
      </testcase>
      <testcase name="Test Cases/Broadcasts/TC0693" classname="Test Cases/Broadcasts/TC0693" status="FAILED">
         <failure type="FAILED" message="Unable to set text 'Title1' of object 'Object Repository/Page_KiboPush  Create Broadcast/First_Card_List_Title' (Root cause: org.openqa.selenium.InvalidSelectorException: invalid selector: Unable to locate an element with the xpath expression  because of the following error:
SyntaxError: Failed to execute 'evaluate' on 'Document': The string '' is not a valid XPath expression.
  (Session info: chrome=73.0.3683.103)
  (Driver info: chromedriver=2.35.528161 (5b82f2d2aae0ca24b877009200ced9065a772e73),platform=Windows NT 10.0.17134 x86_64) (WARNING: The server did not provide any stacktrace information)
Command duration or timeout: 0 milliseconds
For documentation on this error, please visit: http://seleniumhq.org/exceptions/invalid_selector_exception.html
Build info: version: '3.7.1', revision: '8a0099a', time: '2017-11-06T21:07:36.161Z'
System info: host: 'DESKTOP-4M6R1V0', ip: '10.0.2.15', os.name: 'Windows 10', os.arch: 'amd64', os.version: '10.0', java.version: '1.8.0_181'
Driver info: com.kms.katalon.selenium.driver.CChromeDriver
Capabilities {acceptInsecureCerts: false, acceptSslCerts: false, applicationCacheEnabled: false, browserConnectionEnabled: false, browserName: chrome, chrome: {chromedriverVersion: 2.35.528161 (5b82f2d2aae0ca..., userDataDir: C:\Users\CLOUDK~1\AppData\L...}, cssSelectorsEnabled: true, databaseEnabled: false, handlesAlerts: true, hasTouchScreen: false, javascriptEnabled: true, locationContextEnabled: true, mobileEmulationEnabled: false, nativeEvents: true, networkConnectionEnabled: false, pageLoadStrategy: normal, platform: XP, platformName: XP, rotatable: false, setWindowRect: true, takesHeapSnapshot: true, takesScreenshot: true, unexpectedAlertBehaviour: , unhandledPromptBehavior: , version: 73.0.3683.103, webStorageEnabled: true}
Session ID: ac98958e195a482c440ae6c1df4c3a6a
*** Element info: {Using=xpath, value=})"/>
         <system-out><![CDATA[2019-04-24 13:06:06 - [TEST_CASE][FAILED] - Test Cases/Broadcasts/TC0693: Test Cases/Broadcasts/TC0693 FAILED because (of) Unable to set text 'Title1' of object 'Object Repository/Page_KiboPush  Create Broadcast/First_Card_List_Title' (Root cause: org.openqa.selenium.InvalidSelectorException: invalid selector: Unable to locate an element with the xpath expression  because of the following error:
SyntaxError: Failed to execute 'evaluate' on 'Document': The string '' is not a valid XPath expression.
  (Session info: chrome=73.0.3683.103)
  (Driver info: chromedriver=2.35.528161 (5b82f2d2aae0ca24b877009200ced9065a772e73),platform=Windows NT 10.0.17134 x86_64) (WARNING: The server did not provide any stacktrace information)
Command duration or timeout: 0 milliseconds
For documentation on this error, please visit: http://seleniumhq.org/exceptions/invalid_selector_exception.html
Build info: version: '3.7.1', revision: '8a0099a', time: '2017-11-06T21:07:36.161Z'
System info: host: 'DESKTOP-4M6R1V0', ip: '10.0.2.15', os.name: 'Windows 10', os.arch: 'amd64', os.version: '10.0', java.version: '1.8.0_181'
Driver info: com.kms.katalon.selenium.driver.CChromeDriver
Capabilities {acceptInsecureCerts: false, acceptSslCerts: false, applicationCacheEnabled: false, browserConnectionEnabled: false, browserName: chrome, chrome: {chromedriverVersion: 2.35.528161 (5b82f2d2aae0ca..., userDataDir: C:\Users\CLOUDK~1\AppData\L...}, cssSelectorsEnabled: true, databaseEnabled: false, handlesAlerts: true, hasTouchScreen: false, javascriptEnabled: true, locationContextEnabled: true, mobileEmulationEnabled: false, nativeEvents: true, networkConnectionEnabled: false, pageLoadStrategy: normal, platform: XP, platformName: XP, rotatable: false, setWindowRect: true, takesHeapSnapshot: true, takesScreenshot: true, unexpectedAlertBehaviour: , unhandledPromptBehavior: , version: 73.0.3683.103, webStorageEnabled: true}
Session ID: ac98958e195a482c440ae6c1df4c3a6a
*** Element info: {Using=xpath, value=})

2019-04-24 13:06:06 - [TEST_STEP][PASSED] - callTestCase: Call Test Case 'Test Cases/Broadcasts/TC0684' successfully

2019-04-24 13:06:06 - [TEST_CASE][PASSED] - Test Cases/Broadcasts/TC0684: Test Cases/Broadcasts/TC0684

2019-04-24 13:06:06 - [TEST_STEP][PASSED] - callTestCase: Call Test Case 'Test Cases/s-sidebar_navigation/TeamAccount/Broadcasts' successfully

2019-04-24 13:06:07 - [TEST_CASE][PASSED] - Test Cases/s-sidebar_navigation/TeamAccount/Broadcasts: Test Cases/s-sidebar_navigation/TeamAccount/Broadcasts

2019-04-24 13:06:07 - [TEST_STEP][PASSED] - callTestCase: Call Test Case 'Test Cases/s-sidebar_navigation/individualAccount/broadcast' successfully

2019-04-24 13:06:07 - [TEST_CASE][PASSED] - Test Cases/s-sidebar_navigation/individualAccount/broadcast: Test Cases/s-sidebar_navigation/individualAccount/broadcast

2019-04-24 13:06:07 - [TEST_STEP][PASSED] - click: Object: 'Object Repository/Page_KiboPush  Dashboard/span_Polls' is clicked on

2019-04-24 13:06:07 - [MESSAGE][PASSED] - Object: 'Object Repository/Page_KiboPush  Dashboard/span_Polls' is clicked on

2019-04-24 13:06:07 - [TEST_STEP][PASSED] - delay: Delayed 1 second(s)

2019-04-24 13:06:08 - [MESSAGE][PASSED] - Delayed 1 second(s)

2019-04-24 13:06:08 - [TEST_STEP][PASSED] - click: Object: 'Object Repository/Page_KiboPush  Dashboard/span_Broadcasts' is clicked on

2019-04-24 13:06:08 - [MESSAGE][PASSED] - Object: 'Object Repository/Page_KiboPush  Dashboard/span_Broadcasts' is clicked on

2019-04-24 13:06:08 - [TEST_STEP][PASSED] - delay: Delayed 1 second(s)

2019-04-24 13:06:09 - [MESSAGE][PASSED] - Delayed 1 second(s)

2019-04-24 13:06:09 - [TEST_STEP][PASSED] - scrollToPosition: Browser is scrolled to position x = 0, y = 0

2019-04-24 13:06:09 - [MESSAGE][PASSED] - Browser is scrolled to position x = 0, y = 0

2019-04-24 13:06:09 - [TEST_STEP][PASSED] - click: Object: 'Object Repository/Page_KiboPush  Broadcast/h3_Manage Broadcasts' is clicked on

2019-04-24 13:06:10 - [MESSAGE][PASSED] - Object: 'Object Repository/Page_KiboPush  Broadcast/h3_Manage Broadcasts' is clicked on

2019-04-24 13:06:10 - [MESSAGE][PASSED] - Call Test Case 'Test Cases/s-sidebar_navigation/individualAccount/broadcast' successfully

2019-04-24 13:06:10 - [MESSAGE][PASSED] - Call Test Case 'Test Cases/s-sidebar_navigation/TeamAccount/Broadcasts' successfully

2019-04-24 13:06:10 - [TEST_STEP][PASSED] - click: Object: 'Object Repository/Page_KiboPush  Broadcast/span_Create New Broadcast' is clicked on

2019-04-24 13:06:10 - [MESSAGE][PASSED] - Object: 'Object Repository/Page_KiboPush  Broadcast/span_Create New Broadcast' is clicked on

2019-04-24 13:06:10 - [TEST_STEP][PASSED] - click: Object: 'Object Repository/Page_KiboPush  Broadcast/a_Create New Broadcast' is clicked on

2019-04-24 13:06:11 - [MESSAGE][PASSED] - Object: 'Object Repository/Page_KiboPush  Broadcast/a_Create New Broadcast' is clicked on

2019-04-24 13:06:11 - [TEST_STEP][PASSED] - delay: Delayed 1 second(s)

2019-04-24 13:06:12 - [MESSAGE][PASSED] - Delayed 1 second(s)

2019-04-24 13:06:12 - [TEST_STEP][PASSED] - click: Object: 'Object Repository/Page_KiboPush  Create Broadcast/div_List' is clicked on

2019-04-24 13:06:13 - [MESSAGE][PASSED] - Object: 'Object Repository/Page_KiboPush  Create Broadcast/div_List' is clicked on

2019-04-24 13:06:13 - [TEST_STEP][PASSED] - delay: Delayed 1 second(s)

2019-04-24 13:06:14 - [MESSAGE][PASSED] - Delayed 1 second(s)

2019-04-24 13:06:14 - [TEST_STEP][PASSED] - click: Object: 'Object Repository/Page_KiboPush  Create Broadcast/div_ Add Button  Add Action' is clicked on

2019-04-24 13:06:14 - [MESSAGE][PASSED] - Object: 'Object Repository/Page_KiboPush  Create Broadcast/div_ Add Button  Add Action' is clicked on

2019-04-24 13:06:14 - [TEST_STEP][PASSED] - delay: Delayed 2 second(s)

2019-04-24 13:06:16 - [MESSAGE][PASSED] - Delayed 2 second(s)

2019-04-24 13:06:16 - [MESSAGE][PASSED] - Call Test Case 'Test Cases/Broadcasts/TC0684' successfully

2019-04-24 13:06:16 - [TEST_STEP][PASSED] - delay: Delayed 2 second(s)

2019-04-24 13:06:18 - [MESSAGE][PASSED] - Delayed 2 second(s)

2019-04-24 13:06:18 - [TEST_STEP][FAILED] - setText: Unable to set text 'Title1' of object 'Object Repository/Page_KiboPush  Create Broadcast/First_Card_List_Title' (Root cause: org.openqa.selenium.InvalidSelectorException: invalid selector: Unable to locate an element with the xpath expression  because of the following error:
SyntaxError: Failed to execute 'evaluate' on 'Document': The string '' is not a valid XPath expression.
  (Session info: chrome=73.0.3683.103)
  (Driver info: chromedriver=2.35.528161 (5b82f2d2aae0ca24b877009200ced9065a772e73),platform=Windows NT 10.0.17134 x86_64) (WARNING: The server did not provide any stacktrace information)
Command duration or timeout: 0 milliseconds
For documentation on this error, please visit: http://seleniumhq.org/exceptions/invalid_selector_exception.html
Build info: version: '3.7.1', revision: '8a0099a', time: '2017-11-06T21:07:36.161Z'
System info: host: 'DESKTOP-4M6R1V0', ip: '10.0.2.15', os.name: 'Windows 10', os.arch: 'amd64', os.version: '10.0', java.version: '1.8.0_181'
Driver info: com.kms.katalon.selenium.driver.CChromeDriver
Capabilities {acceptInsecureCerts: false, acceptSslCerts: false, applicationCacheEnabled: false, browserConnectionEnabled: false, browserName: chrome, chrome: {chromedriverVersion: 2.35.528161 (5b82f2d2aae0ca..., userDataDir: C:\Users\CLOUDK~1\AppData\L...}, cssSelectorsEnabled: true, databaseEnabled: false, handlesAlerts: true, hasTouchScreen: false, javascriptEnabled: true, locationContextEnabled: true, mobileEmulationEnabled: false, nativeEvents: true, networkConnectionEnabled: false, pageLoadStrategy: normal, platform: XP, platformName: XP, rotatable: false, setWindowRect: true, takesHeapSnapshot: true, takesScreenshot: true, unexpectedAlertBehaviour: , unhandledPromptBehavior: , version: 73.0.3683.103, webStorageEnabled: true}
Session ID: ac98958e195a482c440ae6c1df4c3a6a
*** Element info: {Using=xpath, value=})

2019-04-24 13:06:50 - [MESSAGE][FAILED] - Unable to set text 'Title1' of object 'Object Repository/Page_KiboPush  Create Broadcast/First_Card_List_Title' (Root cause: org.openqa.selenium.InvalidSelectorException: invalid selector: Unable to locate an element with the xpath expression  because of the following error:
SyntaxError: Failed to execute 'evaluate' on 'Document': The string '' is not a valid XPath expression.
  (Session info: chrome=73.0.3683.103)
  (Driver info: chromedriver=2.35.528161 (5b82f2d2aae0ca24b877009200ced9065a772e73),platform=Windows NT 10.0.17134 x86_64) (WARNING: The server did not provide any stacktrace information)
Command duration or timeout: 0 milliseconds
For documentation on this error, please visit: http://seleniumhq.org/exceptions/invalid_selector_exception.html
Build info: version: '3.7.1', revision: '8a0099a', time: '2017-11-06T21:07:36.161Z'
System info: host: 'DESKTOP-4M6R1V0', ip: '10.0.2.15', os.name: 'Windows 10', os.arch: 'amd64', os.version: '10.0', java.version: '1.8.0_181'
Driver info: com.kms.katalon.selenium.driver.CChromeDriver
Capabilities {acceptInsecureCerts: false, acceptSslCerts: false, applicationCacheEnabled: false, browserConnectionEnabled: false, browserName: chrome, chrome: {chromedriverVersion: 2.35.528161 (5b82f2d2aae0ca..., userDataDir: C:\Users\CLOUDK~1\AppData\L...}, cssSelectorsEnabled: true, databaseEnabled: false, handlesAlerts: true, hasTouchScreen: false, javascriptEnabled: true, locationContextEnabled: true, mobileEmulationEnabled: false, nativeEvents: true, networkConnectionEnabled: false, pageLoadStrategy: normal, platform: XP, platformName: XP, rotatable: false, setWindowRect: true, takesHeapSnapshot: true, takesScreenshot: true, unexpectedAlertBehaviour: , unhandledPromptBehavior: , version: 73.0.3683.103, webStorageEnabled: true}
Session ID: ac98958e195a482c440ae6c1df4c3a6a
*** Element info: {Using=xpath, value=})
[[ATTACHMENT|C:\\Users\\cloudkibo\\Desktop\\KiboPush_Automated_Testing\\KiboPush Katalon\\Reports\\broadcast\\20190424_124145\\1556093210022.png]]]]></system-out>
         <system-err><![CDATA[2019-04-24 13:06:06 - [TEST_CASE][FAILED] - Test Cases/Broadcasts/TC0693: Test Cases/Broadcasts/TC0693 FAILED because (of) Unable to set text 'Title1' of object 'Object Repository/Page_KiboPush  Create Broadcast/First_Card_List_Title' (Root cause: org.openqa.selenium.InvalidSelectorException: invalid selector: Unable to locate an element with the xpath expression  because of the following error:
SyntaxError: Failed to execute 'evaluate' on 'Document': The string '' is not a valid XPath expression.
  (Session info: chrome=73.0.3683.103)
  (Driver info: chromedriver=2.35.528161 (5b82f2d2aae0ca24b877009200ced9065a772e73),platform=Windows NT 10.0.17134 x86_64) (WARNING: The server did not provide any stacktrace information)
Command duration or timeout: 0 milliseconds
For documentation on this error, please visit: http://seleniumhq.org/exceptions/invalid_selector_exception.html
Build info: version: '3.7.1', revision: '8a0099a', time: '2017-11-06T21:07:36.161Z'
System info: host: 'DESKTOP-4M6R1V0', ip: '10.0.2.15', os.name: 'Windows 10', os.arch: 'amd64', os.version: '10.0', java.version: '1.8.0_181'
Driver info: com.kms.katalon.selenium.driver.CChromeDriver
Capabilities {acceptInsecureCerts: false, acceptSslCerts: false, applicationCacheEnabled: false, browserConnectionEnabled: false, browserName: chrome, chrome: {chromedriverVersion: 2.35.528161 (5b82f2d2aae0ca..., userDataDir: C:\Users\CLOUDK~1\AppData\L...}, cssSelectorsEnabled: true, databaseEnabled: false, handlesAlerts: true, hasTouchScreen: false, javascriptEnabled: true, locationContextEnabled: true, mobileEmulationEnabled: false, nativeEvents: true, networkConnectionEnabled: false, pageLoadStrategy: normal, platform: XP, platformName: XP, rotatable: false, setWindowRect: true, takesHeapSnapshot: true, takesScreenshot: true, unexpectedAlertBehaviour: , unhandledPromptBehavior: , version: 73.0.3683.103, webStorageEnabled: true}
Session ID: ac98958e195a482c440ae6c1df4c3a6a
*** Element info: {Using=xpath, value=})]]></system-err>
      </testcase>
      <testcase name="Test Cases/Broadcasts/TC0694" classname="Test Cases/Broadcasts/TC0694" status="FAILED">
         <failure type="FAILED" message="Unable to upload file 'C:/Users/cloudkibo/Desktop/KiboPush_Automated_Testing/KiboPush Katalon/sample.jpg' to object 'Object Repository/Page_KiboPush  Create Broadcast/Upload_Image_List1' (Root cause: org.openqa.selenium.InvalidSelectorException: invalid selector: Unable to locate an element with the xpath expression  because of the following error:
SyntaxError: Failed to execute 'evaluate' on 'Document': The string '' is not a valid XPath expression.
  (Session info: chrome=73.0.3683.103)
  (Driver info: chromedriver=2.35.528161 (5b82f2d2aae0ca24b877009200ced9065a772e73),platform=Windows NT 10.0.17134 x86_64) (WARNING: The server did not provide any stacktrace information)
Command duration or timeout: 0 milliseconds
For documentation on this error, please visit: http://seleniumhq.org/exceptions/invalid_selector_exception.html
Build info: version: '3.7.1', revision: '8a0099a', time: '2017-11-06T21:07:36.161Z'
System info: host: 'DESKTOP-4M6R1V0', ip: '10.0.2.15', os.name: 'Windows 10', os.arch: 'amd64', os.version: '10.0', java.version: '1.8.0_181'
Driver info: com.kms.katalon.selenium.driver.CChromeDriver
Capabilities {acceptInsecureCerts: false, acceptSslCerts: false, applicationCacheEnabled: false, browserConnectionEnabled: false, browserName: chrome, chrome: {chromedriverVersion: 2.35.528161 (5b82f2d2aae0ca..., userDataDir: C:\Users\CLOUDK~1\AppData\L...}, cssSelectorsEnabled: true, databaseEnabled: false, handlesAlerts: true, hasTouchScreen: false, javascriptEnabled: true, locationContextEnabled: true, mobileEmulationEnabled: false, nativeEvents: true, networkConnectionEnabled: false, pageLoadStrategy: normal, platform: XP, platformName: XP, rotatable: false, setWindowRect: true, takesHeapSnapshot: true, takesScreenshot: true, unexpectedAlertBehaviour: , unhandledPromptBehavior: , version: 73.0.3683.103, webStorageEnabled: true}
Session ID: ac98958e195a482c440ae6c1df4c3a6a
*** Element info: {Using=xpath, value=})"/>
         <system-out><![CDATA[2019-04-24 13:06:50 - [TEST_CASE][FAILED] - Test Cases/Broadcasts/TC0694: Test Cases/Broadcasts/TC0694 FAILED because (of) Unable to upload file 'C:/Users/cloudkibo/Desktop/KiboPush_Automated_Testing/KiboPush Katalon/sample.jpg' to object 'Object Repository/Page_KiboPush  Create Broadcast/Upload_Image_List1' (Root cause: org.openqa.selenium.InvalidSelectorException: invalid selector: Unable to locate an element with the xpath expression  because of the following error:
SyntaxError: Failed to execute 'evaluate' on 'Document': The string '' is not a valid XPath expression.
  (Session info: chrome=73.0.3683.103)
  (Driver info: chromedriver=2.35.528161 (5b82f2d2aae0ca24b877009200ced9065a772e73),platform=Windows NT 10.0.17134 x86_64) (WARNING: The server did not provide any stacktrace information)
Command duration or timeout: 0 milliseconds
For documentation on this error, please visit: http://seleniumhq.org/exceptions/invalid_selector_exception.html
Build info: version: '3.7.1', revision: '8a0099a', time: '2017-11-06T21:07:36.161Z'
System info: host: 'DESKTOP-4M6R1V0', ip: '10.0.2.15', os.name: 'Windows 10', os.arch: 'amd64', os.version: '10.0', java.version: '1.8.0_181'
Driver info: com.kms.katalon.selenium.driver.CChromeDriver
Capabilities {acceptInsecureCerts: false, acceptSslCerts: false, applicationCacheEnabled: false, browserConnectionEnabled: false, browserName: chrome, chrome: {chromedriverVersion: 2.35.528161 (5b82f2d2aae0ca..., userDataDir: C:\Users\CLOUDK~1\AppData\L...}, cssSelectorsEnabled: true, databaseEnabled: false, handlesAlerts: true, hasTouchScreen: false, javascriptEnabled: true, locationContextEnabled: true, mobileEmulationEnabled: false, nativeEvents: true, networkConnectionEnabled: false, pageLoadStrategy: normal, platform: XP, platformName: XP, rotatable: false, setWindowRect: true, takesHeapSnapshot: true, takesScreenshot: true, unexpectedAlertBehaviour: , unhandledPromptBehavior: , version: 73.0.3683.103, webStorageEnabled: true}
Session ID: ac98958e195a482c440ae6c1df4c3a6a
*** Element info: {Using=xpath, value=})

2019-04-24 13:06:50 - [TEST_STEP][PASSED] - callTestCase: Call Test Case 'Test Cases/Broadcasts/TC0684' successfully

2019-04-24 13:06:50 - [TEST_CASE][PASSED] - Test Cases/Broadcasts/TC0684: Test Cases/Broadcasts/TC0684

2019-04-24 13:06:50 - [TEST_STEP][PASSED] - callTestCase: Call Test Case 'Test Cases/s-sidebar_navigation/TeamAccount/Broadcasts' successfully

2019-04-24 13:06:50 - [TEST_CASE][PASSED] - Test Cases/s-sidebar_navigation/TeamAccount/Broadcasts: Test Cases/s-sidebar_navigation/TeamAccount/Broadcasts

2019-04-24 13:06:50 - [TEST_STEP][PASSED] - callTestCase: Call Test Case 'Test Cases/s-sidebar_navigation/individualAccount/broadcast' successfully

2019-04-24 13:06:50 - [TEST_CASE][PASSED] - Test Cases/s-sidebar_navigation/individualAccount/broadcast: Test Cases/s-sidebar_navigation/individualAccount/broadcast

2019-04-24 13:06:50 - [TEST_STEP][PASSED] - click: Object: 'Object Repository/Page_KiboPush  Dashboard/span_Polls' is clicked on

2019-04-24 13:06:51 - [MESSAGE][PASSED] - Object: 'Object Repository/Page_KiboPush  Dashboard/span_Polls' is clicked on

2019-04-24 13:06:51 - [TEST_STEP][PASSED] - delay: Delayed 1 second(s)

2019-04-24 13:06:52 - [MESSAGE][PASSED] - Delayed 1 second(s)

2019-04-24 13:06:52 - [TEST_STEP][PASSED] - click: Object: 'Object Repository/Page_KiboPush  Dashboard/span_Broadcasts' is clicked on

2019-04-24 13:06:52 - [MESSAGE][PASSED] - Object: 'Object Repository/Page_KiboPush  Dashboard/span_Broadcasts' is clicked on

2019-04-24 13:06:52 - [TEST_STEP][PASSED] - delay: Delayed 1 second(s)

2019-04-24 13:06:53 - [MESSAGE][PASSED] - Delayed 1 second(s)

2019-04-24 13:06:53 - [TEST_STEP][PASSED] - scrollToPosition: Browser is scrolled to position x = 0, y = 0

2019-04-24 13:06:53 - [MESSAGE][PASSED] - Browser is scrolled to position x = 0, y = 0

2019-04-24 13:06:53 - [TEST_STEP][PASSED] - click: Object: 'Object Repository/Page_KiboPush  Broadcast/h3_Manage Broadcasts' is clicked on

2019-04-24 13:06:53 - [MESSAGE][PASSED] - Object: 'Object Repository/Page_KiboPush  Broadcast/h3_Manage Broadcasts' is clicked on

2019-04-24 13:06:53 - [MESSAGE][PASSED] - Call Test Case 'Test Cases/s-sidebar_navigation/individualAccount/broadcast' successfully

2019-04-24 13:06:53 - [MESSAGE][PASSED] - Call Test Case 'Test Cases/s-sidebar_navigation/TeamAccount/Broadcasts' successfully

2019-04-24 13:06:53 - [TEST_STEP][PASSED] - click: Object: 'Object Repository/Page_KiboPush  Broadcast/span_Create New Broadcast' is clicked on

2019-04-24 13:06:54 - [MESSAGE][PASSED] - Object: 'Object Repository/Page_KiboPush  Broadcast/span_Create New Broadcast' is clicked on

2019-04-24 13:06:54 - [TEST_STEP][PASSED] - click: Object: 'Object Repository/Page_KiboPush  Broadcast/a_Create New Broadcast' is clicked on

2019-04-24 13:06:55 - [MESSAGE][PASSED] - Object: 'Object Repository/Page_KiboPush  Broadcast/a_Create New Broadcast' is clicked on

2019-04-24 13:06:55 - [TEST_STEP][PASSED] - delay: Delayed 1 second(s)

2019-04-24 13:06:56 - [MESSAGE][PASSED] - Delayed 1 second(s)

2019-04-24 13:06:56 - [TEST_STEP][PASSED] - click: Object: 'Object Repository/Page_KiboPush  Create Broadcast/div_List' is clicked on

2019-04-24 13:06:56 - [MESSAGE][PASSED] - Object: 'Object Repository/Page_KiboPush  Create Broadcast/div_List' is clicked on

2019-04-24 13:06:56 - [TEST_STEP][PASSED] - delay: Delayed 1 second(s)

2019-04-24 13:06:57 - [MESSAGE][PASSED] - Delayed 1 second(s)

2019-04-24 13:06:57 - [TEST_STEP][PASSED] - click: Object: 'Object Repository/Page_KiboPush  Create Broadcast/div_ Add Button  Add Action' is clicked on

2019-04-24 13:06:57 - [MESSAGE][PASSED] - Object: 'Object Repository/Page_KiboPush  Create Broadcast/div_ Add Button  Add Action' is clicked on

2019-04-24 13:06:57 - [TEST_STEP][PASSED] - delay: Delayed 2 second(s)

2019-04-24 13:06:59 - [MESSAGE][PASSED] - Delayed 2 second(s)

2019-04-24 13:06:59 - [MESSAGE][PASSED] - Call Test Case 'Test Cases/Broadcasts/TC0684' successfully

2019-04-24 13:06:59 - [TEST_STEP][PASSED] - delay: Delayed 2 second(s)

2019-04-24 13:07:01 - [MESSAGE][PASSED] - Delayed 2 second(s)

2019-04-24 13:07:01 - [TEST_STEP][PASSED] - Statement - img = com.kms.katalon.core.configuration.RunConfiguration.getProjectDir() + "/sample.jpg": null

2019-04-24 13:07:01 - [TEST_STEP][FAILED] - uploadFile: Unable to upload file 'C:/Users/cloudkibo/Desktop/KiboPush_Automated_Testing/KiboPush Katalon/sample.jpg' to object 'Object Repository/Page_KiboPush  Create Broadcast/Upload_Image_List1' (Root cause: org.openqa.selenium.InvalidSelectorException: invalid selector: Unable to locate an element with the xpath expression  because of the following error:
SyntaxError: Failed to execute 'evaluate' on 'Document': The string '' is not a valid XPath expression.
  (Session info: chrome=73.0.3683.103)
  (Driver info: chromedriver=2.35.528161 (5b82f2d2aae0ca24b877009200ced9065a772e73),platform=Windows NT 10.0.17134 x86_64) (WARNING: The server did not provide any stacktrace information)
Command duration or timeout: 0 milliseconds
For documentation on this error, please visit: http://seleniumhq.org/exceptions/invalid_selector_exception.html
Build info: version: '3.7.1', revision: '8a0099a', time: '2017-11-06T21:07:36.161Z'
System info: host: 'DESKTOP-4M6R1V0', ip: '10.0.2.15', os.name: 'Windows 10', os.arch: 'amd64', os.version: '10.0', java.version: '1.8.0_181'
Driver info: com.kms.katalon.selenium.driver.CChromeDriver
Capabilities {acceptInsecureCerts: false, acceptSslCerts: false, applicationCacheEnabled: false, browserConnectionEnabled: false, browserName: chrome, chrome: {chromedriverVersion: 2.35.528161 (5b82f2d2aae0ca..., userDataDir: C:\Users\CLOUDK~1\AppData\L...}, cssSelectorsEnabled: true, databaseEnabled: false, handlesAlerts: true, hasTouchScreen: false, javascriptEnabled: true, locationContextEnabled: true, mobileEmulationEnabled: false, nativeEvents: true, networkConnectionEnabled: false, pageLoadStrategy: normal, platform: XP, platformName: XP, rotatable: false, setWindowRect: true, takesHeapSnapshot: true, takesScreenshot: true, unexpectedAlertBehaviour: , unhandledPromptBehavior: , version: 73.0.3683.103, webStorageEnabled: true}
Session ID: ac98958e195a482c440ae6c1df4c3a6a
*** Element info: {Using=xpath, value=})

2019-04-24 13:07:33 - [MESSAGE][FAILED] - Unable to upload file 'C:/Users/cloudkibo/Desktop/KiboPush_Automated_Testing/KiboPush Katalon/sample.jpg' to object 'Object Repository/Page_KiboPush  Create Broadcast/Upload_Image_List1' (Root cause: org.openqa.selenium.InvalidSelectorException: invalid selector: Unable to locate an element with the xpath expression  because of the following error:
SyntaxError: Failed to execute 'evaluate' on 'Document': The string '' is not a valid XPath expression.
  (Session info: chrome=73.0.3683.103)
  (Driver info: chromedriver=2.35.528161 (5b82f2d2aae0ca24b877009200ced9065a772e73),platform=Windows NT 10.0.17134 x86_64) (WARNING: The server did not provide any stacktrace information)
Command duration or timeout: 0 milliseconds
For documentation on this error, please visit: http://seleniumhq.org/exceptions/invalid_selector_exception.html
Build info: version: '3.7.1', revision: '8a0099a', time: '2017-11-06T21:07:36.161Z'
System info: host: 'DESKTOP-4M6R1V0', ip: '10.0.2.15', os.name: 'Windows 10', os.arch: 'amd64', os.version: '10.0', java.version: '1.8.0_181'
Driver info: com.kms.katalon.selenium.driver.CChromeDriver
Capabilities {acceptInsecureCerts: false, acceptSslCerts: false, applicationCacheEnabled: false, browserConnectionEnabled: false, browserName: chrome, chrome: {chromedriverVersion: 2.35.528161 (5b82f2d2aae0ca..., userDataDir: C:\Users\CLOUDK~1\AppData\L...}, cssSelectorsEnabled: true, databaseEnabled: false, handlesAlerts: true, hasTouchScreen: false, javascriptEnabled: true, locationContextEnabled: true, mobileEmulationEnabled: false, nativeEvents: true, networkConnectionEnabled: false, pageLoadStrategy: normal, platform: XP, platformName: XP, rotatable: false, setWindowRect: true, takesHeapSnapshot: true, takesScreenshot: true, unexpectedAlertBehaviour: , unhandledPromptBehavior: , version: 73.0.3683.103, webStorageEnabled: true}
Session ID: ac98958e195a482c440ae6c1df4c3a6a
*** Element info: {Using=xpath, value=})
[[ATTACHMENT|C:\\Users\\cloudkibo\\Desktop\\KiboPush_Automated_Testing\\KiboPush Katalon\\Reports\\broadcast\\20190424_124145\\1556093253512.png]]]]></system-out>
         <system-err><![CDATA[2019-04-24 13:06:50 - [TEST_CASE][FAILED] - Test Cases/Broadcasts/TC0694: Test Cases/Broadcasts/TC0694 FAILED because (of) Unable to upload file 'C:/Users/cloudkibo/Desktop/KiboPush_Automated_Testing/KiboPush Katalon/sample.jpg' to object 'Object Repository/Page_KiboPush  Create Broadcast/Upload_Image_List1' (Root cause: org.openqa.selenium.InvalidSelectorException: invalid selector: Unable to locate an element with the xpath expression  because of the following error:
SyntaxError: Failed to execute 'evaluate' on 'Document': The string '' is not a valid XPath expression.
  (Session info: chrome=73.0.3683.103)
  (Driver info: chromedriver=2.35.528161 (5b82f2d2aae0ca24b877009200ced9065a772e73),platform=Windows NT 10.0.17134 x86_64) (WARNING: The server did not provide any stacktrace information)
Command duration or timeout: 0 milliseconds
For documentation on this error, please visit: http://seleniumhq.org/exceptions/invalid_selector_exception.html
Build info: version: '3.7.1', revision: '8a0099a', time: '2017-11-06T21:07:36.161Z'
System info: host: 'DESKTOP-4M6R1V0', ip: '10.0.2.15', os.name: 'Windows 10', os.arch: 'amd64', os.version: '10.0', java.version: '1.8.0_181'
Driver info: com.kms.katalon.selenium.driver.CChromeDriver
Capabilities {acceptInsecureCerts: false, acceptSslCerts: false, applicationCacheEnabled: false, browserConnectionEnabled: false, browserName: chrome, chrome: {chromedriverVersion: 2.35.528161 (5b82f2d2aae0ca..., userDataDir: C:\Users\CLOUDK~1\AppData\L...}, cssSelectorsEnabled: true, databaseEnabled: false, handlesAlerts: true, hasTouchScreen: false, javascriptEnabled: true, locationContextEnabled: true, mobileEmulationEnabled: false, nativeEvents: true, networkConnectionEnabled: false, pageLoadStrategy: normal, platform: XP, platformName: XP, rotatable: false, setWindowRect: true, takesHeapSnapshot: true, takesScreenshot: true, unexpectedAlertBehaviour: , unhandledPromptBehavior: , version: 73.0.3683.103, webStorageEnabled: true}
Session ID: ac98958e195a482c440ae6c1df4c3a6a
*** Element info: {Using=xpath, value=})]]></system-err>
      </testcase>
      <testcase name="Test Cases/Broadcasts/TC0695" classname="Test Cases/Broadcasts/TC0695" status="PASSED">
         <system-out><![CDATA[2019-04-24 13:07:33 - [TEST_CASE][PASSED] - Test Cases/Broadcasts/TC0695: Test Cases/Broadcasts/TC0695

2019-04-24 13:07:34 - [TEST_STEP][PASSED] - callTestCase: Call Test Case 'Test Cases/Broadcasts/TC0684' successfully

2019-04-24 13:07:34 - [TEST_CASE][PASSED] - Test Cases/Broadcasts/TC0684: Test Cases/Broadcasts/TC0684

2019-04-24 13:07:34 - [TEST_STEP][PASSED] - callTestCase: Call Test Case 'Test Cases/s-sidebar_navigation/TeamAccount/Broadcasts' successfully

2019-04-24 13:07:34 - [TEST_CASE][PASSED] - Test Cases/s-sidebar_navigation/TeamAccount/Broadcasts: Test Cases/s-sidebar_navigation/TeamAccount/Broadcasts

2019-04-24 13:07:34 - [TEST_STEP][PASSED] - callTestCase: Call Test Case 'Test Cases/s-sidebar_navigation/individualAccount/broadcast' successfully

2019-04-24 13:07:34 - [TEST_CASE][PASSED] - Test Cases/s-sidebar_navigation/individualAccount/broadcast: Test Cases/s-sidebar_navigation/individualAccount/broadcast

2019-04-24 13:07:34 - [TEST_STEP][PASSED] - click: Object: 'Object Repository/Page_KiboPush  Dashboard/span_Polls' is clicked on

2019-04-24 13:07:34 - [MESSAGE][PASSED] - Object: 'Object Repository/Page_KiboPush  Dashboard/span_Polls' is clicked on

2019-04-24 13:07:34 - [TEST_STEP][PASSED] - delay: Delayed 1 second(s)

2019-04-24 13:07:35 - [MESSAGE][PASSED] - Delayed 1 second(s)

2019-04-24 13:07:35 - [TEST_STEP][PASSED] - click: Object: 'Object Repository/Page_KiboPush  Dashboard/span_Broadcasts' is clicked on

2019-04-24 13:07:36 - [MESSAGE][PASSED] - Object: 'Object Repository/Page_KiboPush  Dashboard/span_Broadcasts' is clicked on

2019-04-24 13:07:36 - [TEST_STEP][PASSED] - delay: Delayed 1 second(s)

2019-04-24 13:07:37 - [MESSAGE][PASSED] - Delayed 1 second(s)

2019-04-24 13:07:37 - [TEST_STEP][PASSED] - scrollToPosition: Browser is scrolled to position x = 0, y = 0

2019-04-24 13:07:37 - [MESSAGE][PASSED] - Browser is scrolled to position x = 0, y = 0

2019-04-24 13:07:37 - [TEST_STEP][PASSED] - click: Object: 'Object Repository/Page_KiboPush  Broadcast/h3_Manage Broadcasts' is clicked on

2019-04-24 13:07:37 - [MESSAGE][PASSED] - Object: 'Object Repository/Page_KiboPush  Broadcast/h3_Manage Broadcasts' is clicked on

2019-04-24 13:07:37 - [MESSAGE][PASSED] - Call Test Case 'Test Cases/s-sidebar_navigation/individualAccount/broadcast' successfully

2019-04-24 13:07:37 - [MESSAGE][PASSED] - Call Test Case 'Test Cases/s-sidebar_navigation/TeamAccount/Broadcasts' successfully

2019-04-24 13:07:37 - [TEST_STEP][PASSED] - click: Object: 'Object Repository/Page_KiboPush  Broadcast/span_Create New Broadcast' is clicked on

2019-04-24 13:07:38 - [MESSAGE][PASSED] - Object: 'Object Repository/Page_KiboPush  Broadcast/span_Create New Broadcast' is clicked on

2019-04-24 13:07:38 - [TEST_STEP][PASSED] - click: Object: 'Object Repository/Page_KiboPush  Broadcast/a_Create New Broadcast' is clicked on

2019-04-24 13:07:39 - [MESSAGE][PASSED] - Object: 'Object Repository/Page_KiboPush  Broadcast/a_Create New Broadcast' is clicked on

2019-04-24 13:07:39 - [TEST_STEP][PASSED] - delay: Delayed 1 second(s)

2019-04-24 13:07:40 - [MESSAGE][PASSED] - Delayed 1 second(s)

2019-04-24 13:07:40 - [TEST_STEP][PASSED] - click: Object: 'Object Repository/Page_KiboPush  Create Broadcast/div_List' is clicked on

2019-04-24 13:07:40 - [MESSAGE][PASSED] - Object: 'Object Repository/Page_KiboPush  Create Broadcast/div_List' is clicked on

2019-04-24 13:07:40 - [TEST_STEP][PASSED] - delay: Delayed 1 second(s)

2019-04-24 13:07:41 - [MESSAGE][PASSED] - Delayed 1 second(s)

2019-04-24 13:07:41 - [TEST_STEP][PASSED] - click: Object: 'Object Repository/Page_KiboPush  Create Broadcast/div_ Add Button  Add Action' is clicked on

2019-04-24 13:07:42 - [MESSAGE][PASSED] - Object: 'Object Repository/Page_KiboPush  Create Broadcast/div_ Add Button  Add Action' is clicked on

2019-04-24 13:07:42 - [TEST_STEP][PASSED] - delay: Delayed 2 second(s)

2019-04-24 13:07:44 - [MESSAGE][PASSED] - Delayed 2 second(s)

2019-04-24 13:07:44 - [MESSAGE][PASSED] - Call Test Case 'Test Cases/Broadcasts/TC0684' successfully]]></system-out>
         <system-err><![CDATA[]]></system-err>
      </testcase>
      <testcase name="Test Cases/Broadcasts/TC0696" classname="Test Cases/Broadcasts/TC0696" status="PASSED">
         <system-out><![CDATA[2019-04-24 13:07:44 - [TEST_CASE][PASSED] - Test Cases/Broadcasts/TC0696: Test Cases/Broadcasts/TC0696

2019-04-24 13:07:44 - [TEST_STEP][PASSED] - callTestCase: Call Test Case 'Test Cases/Broadcasts/TC0684' successfully

2019-04-24 13:07:44 - [TEST_CASE][PASSED] - Test Cases/Broadcasts/TC0684: Test Cases/Broadcasts/TC0684

2019-04-24 13:07:44 - [TEST_STEP][PASSED] - callTestCase: Call Test Case 'Test Cases/s-sidebar_navigation/TeamAccount/Broadcasts' successfully

2019-04-24 13:07:44 - [TEST_CASE][PASSED] - Test Cases/s-sidebar_navigation/TeamAccount/Broadcasts: Test Cases/s-sidebar_navigation/TeamAccount/Broadcasts

2019-04-24 13:07:44 - [TEST_STEP][PASSED] - callTestCase: Call Test Case 'Test Cases/s-sidebar_navigation/individualAccount/broadcast' successfully

2019-04-24 13:07:44 - [TEST_CASE][PASSED] - Test Cases/s-sidebar_navigation/individualAccount/broadcast: Test Cases/s-sidebar_navigation/individualAccount/broadcast

2019-04-24 13:07:44 - [TEST_STEP][PASSED] - click: Object: 'Object Repository/Page_KiboPush  Dashboard/span_Polls' is clicked on

2019-04-24 13:07:44 - [MESSAGE][PASSED] - Object: 'Object Repository/Page_KiboPush  Dashboard/span_Polls' is clicked on

2019-04-24 13:07:44 - [TEST_STEP][PASSED] - delay: Delayed 1 second(s)

2019-04-24 13:07:45 - [MESSAGE][PASSED] - Delayed 1 second(s)

2019-04-24 13:07:45 - [TEST_STEP][PASSED] - click: Object: 'Object Repository/Page_KiboPush  Dashboard/span_Broadcasts' is clicked on

2019-04-24 13:07:46 - [MESSAGE][PASSED] - Object: 'Object Repository/Page_KiboPush  Dashboard/span_Broadcasts' is clicked on

2019-04-24 13:07:46 - [TEST_STEP][PASSED] - delay: Delayed 1 second(s)

2019-04-24 13:07:47 - [MESSAGE][PASSED] - Delayed 1 second(s)

2019-04-24 13:07:47 - [TEST_STEP][PASSED] - scrollToPosition: Browser is scrolled to position x = 0, y = 0

2019-04-24 13:07:47 - [MESSAGE][PASSED] - Browser is scrolled to position x = 0, y = 0

2019-04-24 13:07:47 - [TEST_STEP][PASSED] - click: Object: 'Object Repository/Page_KiboPush  Broadcast/h3_Manage Broadcasts' is clicked on

2019-04-24 13:07:47 - [MESSAGE][PASSED] - Object: 'Object Repository/Page_KiboPush  Broadcast/h3_Manage Broadcasts' is clicked on

2019-04-24 13:07:47 - [MESSAGE][PASSED] - Call Test Case 'Test Cases/s-sidebar_navigation/individualAccount/broadcast' successfully

2019-04-24 13:07:47 - [MESSAGE][PASSED] - Call Test Case 'Test Cases/s-sidebar_navigation/TeamAccount/Broadcasts' successfully

2019-04-24 13:07:47 - [TEST_STEP][PASSED] - click: Object: 'Object Repository/Page_KiboPush  Broadcast/span_Create New Broadcast' is clicked on

2019-04-24 13:07:48 - [MESSAGE][PASSED] - Object: 'Object Repository/Page_KiboPush  Broadcast/span_Create New Broadcast' is clicked on

2019-04-24 13:07:48 - [TEST_STEP][PASSED] - click: Object: 'Object Repository/Page_KiboPush  Broadcast/a_Create New Broadcast' is clicked on

2019-04-24 13:07:48 - [MESSAGE][PASSED] - Object: 'Object Repository/Page_KiboPush  Broadcast/a_Create New Broadcast' is clicked on

2019-04-24 13:07:48 - [TEST_STEP][PASSED] - delay: Delayed 1 second(s)

2019-04-24 13:07:49 - [MESSAGE][PASSED] - Delayed 1 second(s)

2019-04-24 13:07:49 - [TEST_STEP][PASSED] - click: Object: 'Object Repository/Page_KiboPush  Create Broadcast/div_List' is clicked on

2019-04-24 13:07:50 - [MESSAGE][PASSED] - Object: 'Object Repository/Page_KiboPush  Create Broadcast/div_List' is clicked on

2019-04-24 13:07:50 - [TEST_STEP][PASSED] - delay: Delayed 1 second(s)

2019-04-24 13:07:51 - [MESSAGE][PASSED] - Delayed 1 second(s)

2019-04-24 13:07:51 - [TEST_STEP][PASSED] - click: Object: 'Object Repository/Page_KiboPush  Create Broadcast/div_ Add Button  Add Action' is clicked on

2019-04-24 13:07:51 - [MESSAGE][PASSED] - Object: 'Object Repository/Page_KiboPush  Create Broadcast/div_ Add Button  Add Action' is clicked on

2019-04-24 13:07:51 - [TEST_STEP][PASSED] - delay: Delayed 2 second(s)

2019-04-24 13:07:53 - [MESSAGE][PASSED] - Delayed 2 second(s)

2019-04-24 13:07:53 - [MESSAGE][PASSED] - Call Test Case 'Test Cases/Broadcasts/TC0684' successfully]]></system-out>
         <system-err><![CDATA[]]></system-err>
      </testcase>
      <testcase name="Test Cases/Broadcasts/TC0697" classname="Test Cases/Broadcasts/TC0697" status="PASSED">
         <system-out><![CDATA[2019-04-24 13:07:53 - [TEST_CASE][PASSED] - Test Cases/Broadcasts/TC0697: Test Cases/Broadcasts/TC0697

2019-04-24 13:07:53 - [TEST_STEP][PASSED] - callTestCase: Call Test Case 'Test Cases/Broadcasts/TC0684' successfully

2019-04-24 13:07:53 - [TEST_CASE][PASSED] - Test Cases/Broadcasts/TC0684: Test Cases/Broadcasts/TC0684

2019-04-24 13:07:53 - [TEST_STEP][PASSED] - callTestCase: Call Test Case 'Test Cases/s-sidebar_navigation/TeamAccount/Broadcasts' successfully

2019-04-24 13:07:53 - [TEST_CASE][PASSED] - Test Cases/s-sidebar_navigation/TeamAccount/Broadcasts: Test Cases/s-sidebar_navigation/TeamAccount/Broadcasts

2019-04-24 13:07:53 - [TEST_STEP][PASSED] - callTestCase: Call Test Case 'Test Cases/s-sidebar_navigation/individualAccount/broadcast' successfully

2019-04-24 13:07:53 - [TEST_CASE][PASSED] - Test Cases/s-sidebar_navigation/individualAccount/broadcast: Test Cases/s-sidebar_navigation/individualAccount/broadcast

2019-04-24 13:07:53 - [TEST_STEP][PASSED] - click: Object: 'Object Repository/Page_KiboPush  Dashboard/span_Polls' is clicked on

2019-04-24 13:07:54 - [MESSAGE][PASSED] - Object: 'Object Repository/Page_KiboPush  Dashboard/span_Polls' is clicked on

2019-04-24 13:07:54 - [TEST_STEP][PASSED] - delay: Delayed 1 second(s)

2019-04-24 13:07:55 - [MESSAGE][PASSED] - Delayed 1 second(s)

2019-04-24 13:07:55 - [TEST_STEP][PASSED] - click: Object: 'Object Repository/Page_KiboPush  Dashboard/span_Broadcasts' is clicked on

2019-04-24 13:07:55 - [MESSAGE][PASSED] - Object: 'Object Repository/Page_KiboPush  Dashboard/span_Broadcasts' is clicked on

2019-04-24 13:07:55 - [TEST_STEP][PASSED] - delay: Delayed 1 second(s)

2019-04-24 13:07:56 - [MESSAGE][PASSED] - Delayed 1 second(s)

2019-04-24 13:07:56 - [TEST_STEP][PASSED] - scrollToPosition: Browser is scrolled to position x = 0, y = 0

2019-04-24 13:07:56 - [MESSAGE][PASSED] - Browser is scrolled to position x = 0, y = 0

2019-04-24 13:07:56 - [TEST_STEP][PASSED] - click: Object: 'Object Repository/Page_KiboPush  Broadcast/h3_Manage Broadcasts' is clicked on

2019-04-24 13:07:56 - [MESSAGE][PASSED] - Object: 'Object Repository/Page_KiboPush  Broadcast/h3_Manage Broadcasts' is clicked on

2019-04-24 13:07:56 - [MESSAGE][PASSED] - Call Test Case 'Test Cases/s-sidebar_navigation/individualAccount/broadcast' successfully

2019-04-24 13:07:56 - [MESSAGE][PASSED] - Call Test Case 'Test Cases/s-sidebar_navigation/TeamAccount/Broadcasts' successfully

2019-04-24 13:07:56 - [TEST_STEP][PASSED] - click: Object: 'Object Repository/Page_KiboPush  Broadcast/span_Create New Broadcast' is clicked on

2019-04-24 13:07:57 - [MESSAGE][PASSED] - Object: 'Object Repository/Page_KiboPush  Broadcast/span_Create New Broadcast' is clicked on

2019-04-24 13:07:57 - [TEST_STEP][PASSED] - click: Object: 'Object Repository/Page_KiboPush  Broadcast/a_Create New Broadcast' is clicked on

2019-04-24 13:07:57 - [MESSAGE][PASSED] - Object: 'Object Repository/Page_KiboPush  Broadcast/a_Create New Broadcast' is clicked on

2019-04-24 13:07:57 - [TEST_STEP][PASSED] - delay: Delayed 1 second(s)

2019-04-24 13:07:58 - [MESSAGE][PASSED] - Delayed 1 second(s)

2019-04-24 13:07:58 - [TEST_STEP][PASSED] - click: Object: 'Object Repository/Page_KiboPush  Create Broadcast/div_List' is clicked on

2019-04-24 13:07:59 - [MESSAGE][PASSED] - Object: 'Object Repository/Page_KiboPush  Create Broadcast/div_List' is clicked on

2019-04-24 13:07:59 - [TEST_STEP][PASSED] - delay: Delayed 1 second(s)

2019-04-24 13:08:00 - [MESSAGE][PASSED] - Delayed 1 second(s)

2019-04-24 13:08:00 - [TEST_STEP][PASSED] - click: Object: 'Object Repository/Page_KiboPush  Create Broadcast/div_ Add Button  Add Action' is clicked on

2019-04-24 13:08:00 - [MESSAGE][PASSED] - Object: 'Object Repository/Page_KiboPush  Create Broadcast/div_ Add Button  Add Action' is clicked on

2019-04-24 13:08:00 - [TEST_STEP][PASSED] - delay: Delayed 2 second(s)

2019-04-24 13:08:02 - [MESSAGE][PASSED] - Delayed 2 second(s)

2019-04-24 13:08:02 - [MESSAGE][PASSED] - Call Test Case 'Test Cases/Broadcasts/TC0684' successfully]]></system-out>
         <system-err><![CDATA[]]></system-err>
      </testcase>
      <testcase name="Test Cases/Broadcasts/TC0698" classname="Test Cases/Broadcasts/TC0698" status="PASSED">
         <system-out><![CDATA[2019-04-24 13:08:02 - [TEST_CASE][PASSED] - Test Cases/Broadcasts/TC0698: Test Cases/Broadcasts/TC0698

2019-04-24 13:08:02 - [TEST_STEP][PASSED] - callTestCase: Call Test Case 'Test Cases/Broadcasts/TC0684' successfully

2019-04-24 13:08:02 - [TEST_CASE][PASSED] - Test Cases/Broadcasts/TC0684: Test Cases/Broadcasts/TC0684

2019-04-24 13:08:02 - [TEST_STEP][PASSED] - callTestCase: Call Test Case 'Test Cases/s-sidebar_navigation/TeamAccount/Broadcasts' successfully

2019-04-24 13:08:02 - [TEST_CASE][PASSED] - Test Cases/s-sidebar_navigation/TeamAccount/Broadcasts: Test Cases/s-sidebar_navigation/TeamAccount/Broadcasts

2019-04-24 13:08:02 - [TEST_STEP][PASSED] - callTestCase: Call Test Case 'Test Cases/s-sidebar_navigation/individualAccount/broadcast' successfully

2019-04-24 13:08:02 - [TEST_CASE][PASSED] - Test Cases/s-sidebar_navigation/individualAccount/broadcast: Test Cases/s-sidebar_navigation/individualAccount/broadcast

2019-04-24 13:08:02 - [TEST_STEP][PASSED] - click: Object: 'Object Repository/Page_KiboPush  Dashboard/span_Polls' is clicked on

2019-04-24 13:08:03 - [MESSAGE][PASSED] - Object: 'Object Repository/Page_KiboPush  Dashboard/span_Polls' is clicked on

2019-04-24 13:08:03 - [TEST_STEP][PASSED] - delay: Delayed 1 second(s)

2019-04-24 13:08:04 - [MESSAGE][PASSED] - Delayed 1 second(s)

2019-04-24 13:08:04 - [TEST_STEP][PASSED] - click: Object: 'Object Repository/Page_KiboPush  Dashboard/span_Broadcasts' is clicked on

2019-04-24 13:08:04 - [MESSAGE][PASSED] - Object: 'Object Repository/Page_KiboPush  Dashboard/span_Broadcasts' is clicked on

2019-04-24 13:08:04 - [TEST_STEP][PASSED] - delay: Delayed 1 second(s)

2019-04-24 13:08:05 - [MESSAGE][PASSED] - Delayed 1 second(s)

2019-04-24 13:08:05 - [TEST_STEP][PASSED] - scrollToPosition: Browser is scrolled to position x = 0, y = 0

2019-04-24 13:08:05 - [MESSAGE][PASSED] - Browser is scrolled to position x = 0, y = 0

2019-04-24 13:08:05 - [TEST_STEP][PASSED] - click: Object: 'Object Repository/Page_KiboPush  Broadcast/h3_Manage Broadcasts' is clicked on

2019-04-24 13:08:05 - [MESSAGE][PASSED] - Object: 'Object Repository/Page_KiboPush  Broadcast/h3_Manage Broadcasts' is clicked on

2019-04-24 13:08:05 - [MESSAGE][PASSED] - Call Test Case 'Test Cases/s-sidebar_navigation/individualAccount/broadcast' successfully

2019-04-24 13:08:05 - [MESSAGE][PASSED] - Call Test Case 'Test Cases/s-sidebar_navigation/TeamAccount/Broadcasts' successfully

2019-04-24 13:08:05 - [TEST_STEP][PASSED] - click: Object: 'Object Repository/Page_KiboPush  Broadcast/span_Create New Broadcast' is clicked on

2019-04-24 13:08:05 - [MESSAGE][PASSED] - Object: 'Object Repository/Page_KiboPush  Broadcast/span_Create New Broadcast' is clicked on

2019-04-24 13:08:05 - [TEST_STEP][PASSED] - click: Object: 'Object Repository/Page_KiboPush  Broadcast/a_Create New Broadcast' is clicked on

2019-04-24 13:08:06 - [MESSAGE][PASSED] - Object: 'Object Repository/Page_KiboPush  Broadcast/a_Create New Broadcast' is clicked on

2019-04-24 13:08:06 - [TEST_STEP][PASSED] - delay: Delayed 1 second(s)

2019-04-24 13:08:07 - [MESSAGE][PASSED] - Delayed 1 second(s)

2019-04-24 13:08:07 - [TEST_STEP][PASSED] - click: Object: 'Object Repository/Page_KiboPush  Create Broadcast/div_List' is clicked on

2019-04-24 13:08:07 - [MESSAGE][PASSED] - Object: 'Object Repository/Page_KiboPush  Create Broadcast/div_List' is clicked on

2019-04-24 13:08:07 - [TEST_STEP][PASSED] - delay: Delayed 1 second(s)

2019-04-24 13:08:08 - [MESSAGE][PASSED] - Delayed 1 second(s)

2019-04-24 13:08:08 - [TEST_STEP][PASSED] - click: Object: 'Object Repository/Page_KiboPush  Create Broadcast/div_ Add Button  Add Action' is clicked on

2019-04-24 13:08:08 - [MESSAGE][PASSED] - Object: 'Object Repository/Page_KiboPush  Create Broadcast/div_ Add Button  Add Action' is clicked on

2019-04-24 13:08:08 - [TEST_STEP][PASSED] - delay: Delayed 2 second(s)

2019-04-24 13:08:10 - [MESSAGE][PASSED] - Delayed 2 second(s)

2019-04-24 13:08:10 - [MESSAGE][PASSED] - Call Test Case 'Test Cases/Broadcasts/TC0684' successfully]]></system-out>
         <system-err><![CDATA[]]></system-err>
      </testcase>
      <testcase name="Test Cases/Broadcasts/TC0699" classname="Test Cases/Broadcasts/TC0699" status="PASSED">
         <system-out><![CDATA[2019-04-24 13:08:10 - [TEST_CASE][PASSED] - Test Cases/Broadcasts/TC0699: Test Cases/Broadcasts/TC0699

2019-04-24 13:08:11 - [TEST_STEP][PASSED] - callTestCase: Call Test Case 'Test Cases/Broadcasts/TC0684' successfully

2019-04-24 13:08:11 - [TEST_CASE][PASSED] - Test Cases/Broadcasts/TC0684: Test Cases/Broadcasts/TC0684

2019-04-24 13:08:11 - [TEST_STEP][PASSED] - callTestCase: Call Test Case 'Test Cases/s-sidebar_navigation/TeamAccount/Broadcasts' successfully

2019-04-24 13:08:11 - [TEST_CASE][PASSED] - Test Cases/s-sidebar_navigation/TeamAccount/Broadcasts: Test Cases/s-sidebar_navigation/TeamAccount/Broadcasts

2019-04-24 13:08:11 - [TEST_STEP][PASSED] - callTestCase: Call Test Case 'Test Cases/s-sidebar_navigation/individualAccount/broadcast' successfully

2019-04-24 13:08:11 - [TEST_CASE][PASSED] - Test Cases/s-sidebar_navigation/individualAccount/broadcast: Test Cases/s-sidebar_navigation/individualAccount/broadcast

2019-04-24 13:08:11 - [TEST_STEP][PASSED] - click: Object: 'Object Repository/Page_KiboPush  Dashboard/span_Polls' is clicked on

2019-04-24 13:08:11 - [MESSAGE][PASSED] - Object: 'Object Repository/Page_KiboPush  Dashboard/span_Polls' is clicked on

2019-04-24 13:08:11 - [TEST_STEP][PASSED] - delay: Delayed 1 second(s)

2019-04-24 13:08:12 - [MESSAGE][PASSED] - Delayed 1 second(s)

2019-04-24 13:08:12 - [TEST_STEP][PASSED] - click: Object: 'Object Repository/Page_KiboPush  Dashboard/span_Broadcasts' is clicked on

2019-04-24 13:08:12 - [MESSAGE][PASSED] - Object: 'Object Repository/Page_KiboPush  Dashboard/span_Broadcasts' is clicked on

2019-04-24 13:08:12 - [TEST_STEP][PASSED] - delay: Delayed 1 second(s)

2019-04-24 13:08:13 - [MESSAGE][PASSED] - Delayed 1 second(s)

2019-04-24 13:08:13 - [TEST_STEP][PASSED] - scrollToPosition: Browser is scrolled to position x = 0, y = 0

2019-04-24 13:08:13 - [MESSAGE][PASSED] - Browser is scrolled to position x = 0, y = 0

2019-04-24 13:08:13 - [TEST_STEP][PASSED] - click: Object: 'Object Repository/Page_KiboPush  Broadcast/h3_Manage Broadcasts' is clicked on

2019-04-24 13:08:13 - [MESSAGE][PASSED] - Object: 'Object Repository/Page_KiboPush  Broadcast/h3_Manage Broadcasts' is clicked on

2019-04-24 13:08:13 - [MESSAGE][PASSED] - Call Test Case 'Test Cases/s-sidebar_navigation/individualAccount/broadcast' successfully

2019-04-24 13:08:13 - [MESSAGE][PASSED] - Call Test Case 'Test Cases/s-sidebar_navigation/TeamAccount/Broadcasts' successfully

2019-04-24 13:08:13 - [TEST_STEP][PASSED] - click: Object: 'Object Repository/Page_KiboPush  Broadcast/span_Create New Broadcast' is clicked on

2019-04-24 13:08:14 - [MESSAGE][PASSED] - Object: 'Object Repository/Page_KiboPush  Broadcast/span_Create New Broadcast' is clicked on

2019-04-24 13:08:14 - [TEST_STEP][PASSED] - click: Object: 'Object Repository/Page_KiboPush  Broadcast/a_Create New Broadcast' is clicked on

2019-04-24 13:08:15 - [MESSAGE][PASSED] - Object: 'Object Repository/Page_KiboPush  Broadcast/a_Create New Broadcast' is clicked on

2019-04-24 13:08:15 - [TEST_STEP][PASSED] - delay: Delayed 1 second(s)

2019-04-24 13:08:16 - [MESSAGE][PASSED] - Delayed 1 second(s)

2019-04-24 13:08:16 - [TEST_STEP][PASSED] - click: Object: 'Object Repository/Page_KiboPush  Create Broadcast/div_List' is clicked on

2019-04-24 13:08:16 - [MESSAGE][PASSED] - Object: 'Object Repository/Page_KiboPush  Create Broadcast/div_List' is clicked on

2019-04-24 13:08:16 - [TEST_STEP][PASSED] - delay: Delayed 1 second(s)

2019-04-24 13:08:17 - [MESSAGE][PASSED] - Delayed 1 second(s)

2019-04-24 13:08:17 - [TEST_STEP][PASSED] - click: Object: 'Object Repository/Page_KiboPush  Create Broadcast/div_ Add Button  Add Action' is clicked on

2019-04-24 13:08:17 - [MESSAGE][PASSED] - Object: 'Object Repository/Page_KiboPush  Create Broadcast/div_ Add Button  Add Action' is clicked on

2019-04-24 13:08:17 - [TEST_STEP][PASSED] - delay: Delayed 2 second(s)

2019-04-24 13:08:19 - [MESSAGE][PASSED] - Delayed 2 second(s)

2019-04-24 13:08:19 - [MESSAGE][PASSED] - Call Test Case 'Test Cases/Broadcasts/TC0684' successfully

2019-04-24 13:08:19 - [TEST_STEP][PASSED] - verifyElementNotPresent: Web element with id: 'Object Repository/Page_KiboPush  Create Broadcast/div_Open a website' located by 'By.xpath: //div[(text() = ' Open a website' or . = ' Open a website')]' is not present after '30' second(s)

2019-04-24 13:08:19 - [MESSAGE][WARNING] - Timeout '0' is invalid. Using default page load timeout: '30'

2019-04-24 13:08:19 - [MESSAGE][PASSED] - Web element with id: 'Object Repository/Page_KiboPush  Create Broadcast/div_Open a website' located by 'By.xpath: //div[(text() = ' Open a website' or . = ' Open a website')]' is not present after '30' second(s)]]></system-out>
         <system-err><![CDATA[]]></system-err>
      </testcase>
      <testcase name="Test Cases/Broadcasts/TC0700" classname="Test Cases/Broadcasts/TC0700" status="PASSED">
         <system-out><![CDATA[2019-04-24 13:08:19 - [TEST_CASE][PASSED] - Test Cases/Broadcasts/TC0700: Test Cases/Broadcasts/TC0700

2019-04-24 13:08:19 - [TEST_STEP][PASSED] - callTestCase: Call Test Case 'Test Cases/Broadcasts/TC0699' successfully

2019-04-24 13:08:20 - [TEST_CASE][PASSED] - Test Cases/Broadcasts/TC0699: Test Cases/Broadcasts/TC0699

2019-04-24 13:08:20 - [TEST_STEP][PASSED] - callTestCase: Call Test Case 'Test Cases/Broadcasts/TC0684' successfully

2019-04-24 13:08:20 - [TEST_CASE][PASSED] - Test Cases/Broadcasts/TC0684: Test Cases/Broadcasts/TC0684

2019-04-24 13:08:20 - [TEST_STEP][PASSED] - callTestCase: Call Test Case 'Test Cases/s-sidebar_navigation/TeamAccount/Broadcasts' successfully

2019-04-24 13:08:20 - [TEST_CASE][PASSED] - Test Cases/s-sidebar_navigation/TeamAccount/Broadcasts: Test Cases/s-sidebar_navigation/TeamAccount/Broadcasts

2019-04-24 13:08:20 - [TEST_STEP][PASSED] - callTestCase: Call Test Case 'Test Cases/s-sidebar_navigation/individualAccount/broadcast' successfully

2019-04-24 13:08:20 - [TEST_CASE][PASSED] - Test Cases/s-sidebar_navigation/individualAccount/broadcast: Test Cases/s-sidebar_navigation/individualAccount/broadcast

2019-04-24 13:08:20 - [TEST_STEP][PASSED] - click: Object: 'Object Repository/Page_KiboPush  Dashboard/span_Polls' is clicked on

2019-04-24 13:08:20 - [MESSAGE][PASSED] - Object: 'Object Repository/Page_KiboPush  Dashboard/span_Polls' is clicked on

2019-04-24 13:08:20 - [TEST_STEP][PASSED] - delay: Delayed 1 second(s)

2019-04-24 13:08:21 - [MESSAGE][PASSED] - Delayed 1 second(s)

2019-04-24 13:08:21 - [TEST_STEP][PASSED] - click: Object: 'Object Repository/Page_KiboPush  Dashboard/span_Broadcasts' is clicked on

2019-04-24 13:08:21 - [MESSAGE][PASSED] - Object: 'Object Repository/Page_KiboPush  Dashboard/span_Broadcasts' is clicked on

2019-04-24 13:08:21 - [TEST_STEP][PASSED] - delay: Delayed 1 second(s)

2019-04-24 13:08:22 - [MESSAGE][PASSED] - Delayed 1 second(s)

2019-04-24 13:08:22 - [TEST_STEP][PASSED] - scrollToPosition: Browser is scrolled to position x = 0, y = 0

2019-04-24 13:08:22 - [MESSAGE][PASSED] - Browser is scrolled to position x = 0, y = 0

2019-04-24 13:08:22 - [TEST_STEP][PASSED] - click: Object: 'Object Repository/Page_KiboPush  Broadcast/h3_Manage Broadcasts' is clicked on

2019-04-24 13:08:22 - [MESSAGE][PASSED] - Object: 'Object Repository/Page_KiboPush  Broadcast/h3_Manage Broadcasts' is clicked on

2019-04-24 13:08:22 - [MESSAGE][PASSED] - Call Test Case 'Test Cases/s-sidebar_navigation/individualAccount/broadcast' successfully

2019-04-24 13:08:22 - [MESSAGE][PASSED] - Call Test Case 'Test Cases/s-sidebar_navigation/TeamAccount/Broadcasts' successfully

2019-04-24 13:08:22 - [TEST_STEP][PASSED] - click: Object: 'Object Repository/Page_KiboPush  Broadcast/span_Create New Broadcast' is clicked on

2019-04-24 13:08:23 - [MESSAGE][PASSED] - Object: 'Object Repository/Page_KiboPush  Broadcast/span_Create New Broadcast' is clicked on

2019-04-24 13:08:23 - [TEST_STEP][PASSED] - click: Object: 'Object Repository/Page_KiboPush  Broadcast/a_Create New Broadcast' is clicked on

2019-04-24 13:08:24 - [MESSAGE][PASSED] - Object: 'Object Repository/Page_KiboPush  Broadcast/a_Create New Broadcast' is clicked on

2019-04-24 13:08:24 - [TEST_STEP][PASSED] - delay: Delayed 1 second(s)

2019-04-24 13:08:25 - [MESSAGE][PASSED] - Delayed 1 second(s)

2019-04-24 13:08:25 - [TEST_STEP][PASSED] - click: Object: 'Object Repository/Page_KiboPush  Create Broadcast/div_List' is clicked on

2019-04-24 13:08:25 - [MESSAGE][PASSED] - Object: 'Object Repository/Page_KiboPush  Create Broadcast/div_List' is clicked on

2019-04-24 13:08:25 - [TEST_STEP][PASSED] - delay: Delayed 1 second(s)

2019-04-24 13:08:26 - [MESSAGE][PASSED] - Delayed 1 second(s)

2019-04-24 13:08:26 - [TEST_STEP][PASSED] - click: Object: 'Object Repository/Page_KiboPush  Create Broadcast/div_ Add Button  Add Action' is clicked on

2019-04-24 13:08:26 - [MESSAGE][PASSED] - Object: 'Object Repository/Page_KiboPush  Create Broadcast/div_ Add Button  Add Action' is clicked on

2019-04-24 13:08:26 - [TEST_STEP][PASSED] - delay: Delayed 2 second(s)

2019-04-24 13:08:28 - [MESSAGE][PASSED] - Delayed 2 second(s)

2019-04-24 13:08:28 - [MESSAGE][PASSED] - Call Test Case 'Test Cases/Broadcasts/TC0684' successfully

2019-04-24 13:08:28 - [TEST_STEP][PASSED] - verifyElementNotPresent: Web element with id: 'Object Repository/Page_KiboPush  Create Broadcast/div_Open a website' located by 'By.xpath: //div[(text() = ' Open a website' or . = ' Open a website')]' is not present after '30' second(s)

2019-04-24 13:08:28 - [MESSAGE][WARNING] - Timeout '0' is invalid. Using default page load timeout: '30'

2019-04-24 13:08:28 - [MESSAGE][PASSED] - Web element with id: 'Object Repository/Page_KiboPush  Create Broadcast/div_Open a website' located by 'By.xpath: //div[(text() = ' Open a website' or . = ' Open a website')]' is not present after '30' second(s)

2019-04-24 13:08:28 - [MESSAGE][PASSED] - Call Test Case 'Test Cases/Broadcasts/TC0699' successfully]]></system-out>
         <system-err><![CDATA[]]></system-err>
      </testcase>
      <testcase name="Test Cases/Broadcasts/TC0701" classname="Test Cases/Broadcasts/TC0701" status="PASSED">
         <system-out><![CDATA[2019-04-24 13:08:28 - [TEST_CASE][PASSED] - Test Cases/Broadcasts/TC0701: Test Cases/Broadcasts/TC0701

2019-04-24 13:08:29 - [TEST_STEP][PASSED] - callTestCase: Call Test Case 'Test Cases/Broadcasts/TC0684' successfully

2019-04-24 13:08:29 - [TEST_CASE][PASSED] - Test Cases/Broadcasts/TC0684: Test Cases/Broadcasts/TC0684

2019-04-24 13:08:29 - [TEST_STEP][PASSED] - callTestCase: Call Test Case 'Test Cases/s-sidebar_navigation/TeamAccount/Broadcasts' successfully

2019-04-24 13:08:29 - [TEST_CASE][PASSED] - Test Cases/s-sidebar_navigation/TeamAccount/Broadcasts: Test Cases/s-sidebar_navigation/TeamAccount/Broadcasts

2019-04-24 13:08:29 - [TEST_STEP][PASSED] - callTestCase: Call Test Case 'Test Cases/s-sidebar_navigation/individualAccount/broadcast' successfully

2019-04-24 13:08:29 - [TEST_CASE][PASSED] - Test Cases/s-sidebar_navigation/individualAccount/broadcast: Test Cases/s-sidebar_navigation/individualAccount/broadcast

2019-04-24 13:08:29 - [TEST_STEP][PASSED] - click: Object: 'Object Repository/Page_KiboPush  Dashboard/span_Polls' is clicked on

2019-04-24 13:08:29 - [MESSAGE][PASSED] - Object: 'Object Repository/Page_KiboPush  Dashboard/span_Polls' is clicked on

2019-04-24 13:08:29 - [TEST_STEP][PASSED] - delay: Delayed 1 second(s)

2019-04-24 13:08:30 - [MESSAGE][PASSED] - Delayed 1 second(s)

2019-04-24 13:08:30 - [TEST_STEP][PASSED] - click: Object: 'Object Repository/Page_KiboPush  Dashboard/span_Broadcasts' is clicked on

2019-04-24 13:08:30 - [MESSAGE][PASSED] - Object: 'Object Repository/Page_KiboPush  Dashboard/span_Broadcasts' is clicked on

2019-04-24 13:08:30 - [TEST_STEP][PASSED] - delay: Delayed 1 second(s)

2019-04-24 13:08:31 - [MESSAGE][PASSED] - Delayed 1 second(s)

2019-04-24 13:08:31 - [TEST_STEP][PASSED] - scrollToPosition: Browser is scrolled to position x = 0, y = 0

2019-04-24 13:08:31 - [MESSAGE][PASSED] - Browser is scrolled to position x = 0, y = 0

2019-04-24 13:08:31 - [TEST_STEP][PASSED] - click: Object: 'Object Repository/Page_KiboPush  Broadcast/h3_Manage Broadcasts' is clicked on

2019-04-24 13:08:32 - [MESSAGE][PASSED] - Object: 'Object Repository/Page_KiboPush  Broadcast/h3_Manage Broadcasts' is clicked on

2019-04-24 13:08:32 - [MESSAGE][PASSED] - Call Test Case 'Test Cases/s-sidebar_navigation/individualAccount/broadcast' successfully

2019-04-24 13:08:32 - [MESSAGE][PASSED] - Call Test Case 'Test Cases/s-sidebar_navigation/TeamAccount/Broadcasts' successfully

2019-04-24 13:08:32 - [TEST_STEP][PASSED] - click: Object: 'Object Repository/Page_KiboPush  Broadcast/span_Create New Broadcast' is clicked on

2019-04-24 13:08:32 - [MESSAGE][PASSED] - Object: 'Object Repository/Page_KiboPush  Broadcast/span_Create New Broadcast' is clicked on

2019-04-24 13:08:32 - [TEST_STEP][PASSED] - click: Object: 'Object Repository/Page_KiboPush  Broadcast/a_Create New Broadcast' is clicked on

2019-04-24 13:08:33 - [MESSAGE][PASSED] - Object: 'Object Repository/Page_KiboPush  Broadcast/a_Create New Broadcast' is clicked on

2019-04-24 13:08:33 - [TEST_STEP][PASSED] - delay: Delayed 1 second(s)

2019-04-24 13:08:34 - [MESSAGE][PASSED] - Delayed 1 second(s)

2019-04-24 13:08:34 - [TEST_STEP][PASSED] - click: Object: 'Object Repository/Page_KiboPush  Create Broadcast/div_List' is clicked on

2019-04-24 13:08:34 - [MESSAGE][PASSED] - Object: 'Object Repository/Page_KiboPush  Create Broadcast/div_List' is clicked on

2019-04-24 13:08:34 - [TEST_STEP][PASSED] - delay: Delayed 1 second(s)

2019-04-24 13:08:35 - [MESSAGE][PASSED] - Delayed 1 second(s)

2019-04-24 13:08:35 - [TEST_STEP][PASSED] - click: Object: 'Object Repository/Page_KiboPush  Create Broadcast/div_ Add Button  Add Action' is clicked on

2019-04-24 13:08:35 - [MESSAGE][PASSED] - Object: 'Object Repository/Page_KiboPush  Create Broadcast/div_ Add Button  Add Action' is clicked on

2019-04-24 13:08:35 - [TEST_STEP][PASSED] - delay: Delayed 2 second(s)

2019-04-24 13:08:37 - [MESSAGE][PASSED] - Delayed 2 second(s)

2019-04-24 13:08:37 - [MESSAGE][PASSED] - Call Test Case 'Test Cases/Broadcasts/TC0684' successfully]]></system-out>
         <system-err><![CDATA[]]></system-err>
      </testcase>
      <testcase name="Test Cases/Broadcasts/TC0702" classname="Test Cases/Broadcasts/TC0702" status="PASSED">
         <system-out><![CDATA[2019-04-24 13:08:37 - [TEST_CASE][PASSED] - Test Cases/Broadcasts/TC0702: Test Cases/Broadcasts/TC0702

2019-04-24 13:08:38 - [TEST_STEP][PASSED] - callTestCase: Call Test Case 'Test Cases/Broadcasts/TC0684' successfully

2019-04-24 13:08:38 - [TEST_CASE][PASSED] - Test Cases/Broadcasts/TC0684: Test Cases/Broadcasts/TC0684

2019-04-24 13:08:38 - [TEST_STEP][PASSED] - callTestCase: Call Test Case 'Test Cases/s-sidebar_navigation/TeamAccount/Broadcasts' successfully

2019-04-24 13:08:38 - [TEST_CASE][PASSED] - Test Cases/s-sidebar_navigation/TeamAccount/Broadcasts: Test Cases/s-sidebar_navigation/TeamAccount/Broadcasts

2019-04-24 13:08:38 - [TEST_STEP][PASSED] - callTestCase: Call Test Case 'Test Cases/s-sidebar_navigation/individualAccount/broadcast' successfully

2019-04-24 13:08:38 - [TEST_CASE][PASSED] - Test Cases/s-sidebar_navigation/individualAccount/broadcast: Test Cases/s-sidebar_navigation/individualAccount/broadcast

2019-04-24 13:08:38 - [TEST_STEP][PASSED] - click: Object: 'Object Repository/Page_KiboPush  Dashboard/span_Polls' is clicked on

2019-04-24 13:08:38 - [MESSAGE][PASSED] - Object: 'Object Repository/Page_KiboPush  Dashboard/span_Polls' is clicked on

2019-04-24 13:08:38 - [TEST_STEP][PASSED] - delay: Delayed 1 second(s)

2019-04-24 13:08:39 - [MESSAGE][PASSED] - Delayed 1 second(s)

2019-04-24 13:08:39 - [TEST_STEP][PASSED] - click: Object: 'Object Repository/Page_KiboPush  Dashboard/span_Broadcasts' is clicked on

2019-04-24 13:08:39 - [MESSAGE][PASSED] - Object: 'Object Repository/Page_KiboPush  Dashboard/span_Broadcasts' is clicked on

2019-04-24 13:08:39 - [TEST_STEP][PASSED] - delay: Delayed 1 second(s)

2019-04-24 13:08:40 - [MESSAGE][PASSED] - Delayed 1 second(s)

2019-04-24 13:08:40 - [TEST_STEP][PASSED] - scrollToPosition: Browser is scrolled to position x = 0, y = 0

2019-04-24 13:08:40 - [MESSAGE][PASSED] - Browser is scrolled to position x = 0, y = 0

2019-04-24 13:08:40 - [TEST_STEP][PASSED] - click: Object: 'Object Repository/Page_KiboPush  Broadcast/h3_Manage Broadcasts' is clicked on

2019-04-24 13:08:40 - [MESSAGE][PASSED] - Object: 'Object Repository/Page_KiboPush  Broadcast/h3_Manage Broadcasts' is clicked on

2019-04-24 13:08:40 - [MESSAGE][PASSED] - Call Test Case 'Test Cases/s-sidebar_navigation/individualAccount/broadcast' successfully

2019-04-24 13:08:40 - [MESSAGE][PASSED] - Call Test Case 'Test Cases/s-sidebar_navigation/TeamAccount/Broadcasts' successfully

2019-04-24 13:08:40 - [TEST_STEP][PASSED] - click: Object: 'Object Repository/Page_KiboPush  Broadcast/span_Create New Broadcast' is clicked on

2019-04-24 13:08:41 - [MESSAGE][PASSED] - Object: 'Object Repository/Page_KiboPush  Broadcast/span_Create New Broadcast' is clicked on

2019-04-24 13:08:41 - [TEST_STEP][PASSED] - click: Object: 'Object Repository/Page_KiboPush  Broadcast/a_Create New Broadcast' is clicked on

2019-04-24 13:08:41 - [MESSAGE][PASSED] - Object: 'Object Repository/Page_KiboPush  Broadcast/a_Create New Broadcast' is clicked on

2019-04-24 13:08:41 - [TEST_STEP][PASSED] - delay: Delayed 1 second(s)

2019-04-24 13:08:42 - [MESSAGE][PASSED] - Delayed 1 second(s)

2019-04-24 13:08:42 - [TEST_STEP][PASSED] - click: Object: 'Object Repository/Page_KiboPush  Create Broadcast/div_List' is clicked on

2019-04-24 13:08:43 - [MESSAGE][PASSED] - Object: 'Object Repository/Page_KiboPush  Create Broadcast/div_List' is clicked on

2019-04-24 13:08:43 - [TEST_STEP][PASSED] - delay: Delayed 1 second(s)

2019-04-24 13:08:44 - [MESSAGE][PASSED] - Delayed 1 second(s)

2019-04-24 13:08:44 - [TEST_STEP][PASSED] - click: Object: 'Object Repository/Page_KiboPush  Create Broadcast/div_ Add Button  Add Action' is clicked on

2019-04-24 13:08:44 - [MESSAGE][PASSED] - Object: 'Object Repository/Page_KiboPush  Create Broadcast/div_ Add Button  Add Action' is clicked on

2019-04-24 13:08:44 - [TEST_STEP][PASSED] - delay: Delayed 2 second(s)

2019-04-24 13:08:46 - [MESSAGE][PASSED] - Delayed 2 second(s)

2019-04-24 13:08:46 - [MESSAGE][PASSED] - Call Test Case 'Test Cases/Broadcasts/TC0684' successfully

2019-04-24 13:08:46 - [TEST_STEP][PASSED] - click: Object: 'Object Repository/Page_KiboPush  Create Broadcast/div_ Add Element' is clicked on

2019-04-24 13:08:46 - [MESSAGE][PASSED] - Object: 'Object Repository/Page_KiboPush  Create Broadcast/div_ Add Element' is clicked on]]></system-out>
         <system-err><![CDATA[]]></system-err>
      </testcase>
      <system-out><![CDATA[2019-04-24 12:46:42 - [TEST_SUITE][FAILED] - broadcast: Test Cases/Broadcasts/TC0122 FAILED because (of) Unable to verify match between actual text '0' and expected text '1' (Root cause: Actual text '0' and expected text '1' are not matched)]]></system-out>
      <system-err><![CDATA[2019-04-24 12:46:42 - [TEST_SUITE][FAILED] - broadcast: Test Cases/Broadcasts/TC0122 FAILED because (of) Unable to verify match between actual text '0' and expected text '1' (Root cause: Actual text '0' and expected text '1' are not matched)]]></system-err>
   </testsuite>
</testsuites>
