<?xml version="1.0" encoding="UTF-8"?>
<testsuites name="broadcast" time="1540" tests="88" failures="7" errors="1">
   <testsuite name="broadcast" tests="88" failures="7" errors="1" time="1540" timestamp="2019-04-23 09:39:47" hostname="cloudkibo - 10.0.2.15" id="Test Suites/broadcast">
      <properties>
         <property name="deviceName" value=""/>
         <property name="devicePlatform" value=""/>
         <property name="logFolder" value="C:\\Users\\cloudkibo\\Desktop\\KiboPush_Automated_Testing\\KiboPush Katalon\\Reports\\broadcast\\20190423_093942"/>
         <property name="logFiles" value="C:\\Users\\cloudkibo\\Desktop\\KiboPush_Automated_Testing\\KiboPush Katalon\\Reports\\broadcast\\20190423_093942\\execution0.log"/>
         <property name="attachments" value="C:\\Users\\cloudkibo\\Desktop\\KiboPush_Automated_Testing\\KiboPush Katalon\\Reports\\broadcast\\20190423_093942\\1555995491615.png, C:\\Users\\cloudkibo\\Desktop\\KiboPush_Automated_Testing\\KiboPush Katalon\\Reports\\broadcast\\20190423_093942\\1555995537237.png, C:\\Users\\cloudkibo\\Desktop\\KiboPush_Automated_Testing\\KiboPush Katalon\\Reports\\broadcast\\20190423_093942\\1555995670684.png, C:\\Users\\cloudkibo\\Desktop\\KiboPush_Automated_Testing\\KiboPush Katalon\\Reports\\broadcast\\20190423_093942\\1555995713874.png, C:\\Users\\cloudkibo\\Desktop\\KiboPush_Automated_Testing\\KiboPush Katalon\\Reports\\broadcast\\20190423_093942\\1555995756483.png, C:\\Users\\cloudkibo\\Desktop\\KiboPush_Automated_Testing\\KiboPush Katalon\\Reports\\broadcast\\20190423_093942\\1555995800072.png, C:\\Users\\cloudkibo\\Desktop\\KiboPush_Automated_Testing\\KiboPush Katalon\\Reports\\broadcast\\20190423_093942\\1555995843537.png"/>
         <property name="hostName" value="cloudkibo - 10.0.2.15"/>
         <property name="os" value="Windows 10 64bit"/>
         <property name="katalonVersion" value="5.6.0.1"/>
         <property name="browser" value="Chrome 73.0.3683.103"/>
         <property name="hostAddress" value="10.0.2.15"/>
         <property name="sessionId" value="dca00343d0b52b1327e5eeadc1ec8128"/>
         <property name="seleniumVersion" value="3.7.1"/>
         <property name="proxyInformation" value="ProxyInformation{proxyOption=NO_PROXY, proxyServerType=HTTP, password=, proxyServerAddress=, proxyServerPort=0}"/>
         <property name="platform" value="Windows 10"/>
      </properties>
      <testcase name="Test Cases/s-sidebar_navigation/individualAccount/arveen_production_login_kiboengage" classname="Test Cases/s-sidebar_navigation/individualAccount/arveen_production_login_kiboengage" status="PASSED">
         <system-out><![CDATA[2019-04-23 09:39:47 - [TEST_CASE][PASSED] - Test Cases/s-sidebar_navigation/individualAccount/arveen_production_login_kiboengage: Test Cases/s-sidebar_navigation/individualAccount/arveen_production_login_kiboengage

2019-04-23 09:39:48 - [TEST_STEP][PASSED] - openBrowser: Browser is opened with url: ''

2019-04-23 09:39:58 - [MESSAGE][PASSED] - Browser is opened with url: ''

2019-04-23 09:39:58 - [TEST_STEP][PASSED] - maximizeWindow: Current window maximized

2019-04-23 09:39:59 - [MESSAGE][PASSED] - Current window maximized

2019-04-23 09:39:59 - [TEST_STEP][PASSED] - navigateToUrl: Navigate to 'https://kiboengage.cloudkibo.com/' successfully

2019-04-23 09:40:14 - [MESSAGE][PASSED] - Navigate to 'https://kiboengage.cloudkibo.com/' successfully

2019-04-23 09:40:14 - [TEST_STEP][PASSED] - navigateToUrl: Navigate to 'https://accounts.cloudkibo.com/?continue=https://kiboengage.cloudkibo.com' successfully

2019-04-23 09:40:15 - [MESSAGE][PASSED] - Navigate to 'https://accounts.cloudkibo.com/?continue=https://kiboengage.cloudkibo.com' successfully

2019-04-23 09:40:15 - [TEST_STEP][PASSED] - click: Object: 'Object Repository/Page_CloudKibo/a_Login (2) (1) (1)' is clicked on

2019-04-23 09:40:17 - [MESSAGE][PASSED] - Object: 'Object Repository/Page_CloudKibo/a_Login (2) (1) (1)' is clicked on

2019-04-23 09:40:17 - [TEST_STEP][PASSED] - setText: Text 'individual@cloudkibo.com' is set on object 'Object Repository/Page_KiboPush/input_email (10) (1) (1)'

2019-04-23 09:40:18 - [MESSAGE][PASSED] - Text 'individual@cloudkibo.com' is set on object 'Object Repository/Page_KiboPush/input_email (10) (1) (1)'

2019-04-23 09:40:18 - [TEST_STEP][PASSED] - setEncryptedText: Text ****** has been set on object 'Object Repository/Page_CloudKibo/input_Sign In_password (7)'

2019-04-23 09:40:19 - [MESSAGE][PASSED] - Text ****** has been set on object 'Object Repository/Page_CloudKibo/input_Sign In_password (7)'

2019-04-23 09:40:19 - [TEST_STEP][PASSED] - click: Object: 'Object Repository/Page_KiboPush/button_Sign In (10) (1) (2)' is clicked on

2019-04-23 09:40:19 - [MESSAGE][PASSED] - Object: 'Object Repository/Page_KiboPush/button_Sign In (10) (1) (2)' is clicked on

2019-04-23 09:40:19 - [TEST_STEP][PASSED] - click: Object: 'Object Repository/Page_KiboPush  Dashboard/h3_Dashboard (57)' is clicked on

2019-04-23 09:40:35 - [MESSAGE][PASSED] - Object: 'Object Repository/Page_KiboPush  Dashboard/h3_Dashboard (57)' is clicked on

2019-04-23 09:40:35 - [TEST_STEP][PASSED] - delay: Delayed 3 second(s)

2019-04-23 09:40:38 - [MESSAGE][PASSED] - Delayed 3 second(s)

2019-04-23 09:40:38 - [TEST_STEP][PASSED] - click: Object: 'Object Repository/Page_KiboEngage  Dashboard/a_SMS (2) (1) (1) (1) (3)' is clicked on

2019-04-23 09:40:39 - [MESSAGE][PASSED] - Object: 'Object Repository/Page_KiboEngage  Dashboard/a_SMS (2) (1) (1) (1) (3)' is clicked on

2019-04-23 09:40:39 - [TEST_STEP][PASSED] - delay: Delayed 2 second(s)

2019-04-23 09:40:41 - [MESSAGE][PASSED] - Delayed 2 second(s)

2019-04-23 09:40:41 - [TEST_STEP][PASSED] - click: Object: 'Object Repository/Page_KiboEngage  Dashboard/span_Messenger (1) (1) (1) (3)' is clicked on

2019-04-23 09:40:41 - [MESSAGE][PASSED] - Object: 'Object Repository/Page_KiboEngage  Dashboard/span_Messenger (1) (1) (1) (3)' is clicked on

2019-04-23 09:40:41 - [TEST_STEP][PASSED] - delay: Delayed 2 second(s)

2019-04-23 09:40:43 - [MESSAGE][PASSED] - Delayed 2 second(s)]]></system-out>
         <system-err><![CDATA[]]></system-err>
      </testcase>
      <testcase name="Test Cases/Broadcasts/open_broadcast" classname="Test Cases/Broadcasts/open_broadcast" status="PASSED">
         <system-out><![CDATA[2019-04-23 09:40:43 - [TEST_CASE][PASSED] - Test Cases/Broadcasts/open_broadcast: Test Cases/Broadcasts/open_broadcast

2019-04-23 09:40:44 - [TEST_STEP][PASSED] - click: Object: 'Object Repository/Page_KiboPush  Dashboard/span_Broadcasting' is clicked on

2019-04-23 09:40:44 - [MESSAGE][PASSED] - Object: 'Object Repository/Page_KiboPush  Dashboard/span_Broadcasting' is clicked on

2019-04-23 09:40:44 - [TEST_STEP][PASSED] - delay: Delayed 2 second(s)

2019-04-23 09:40:46 - [MESSAGE][PASSED] - Delayed 2 second(s)]]></system-out>
         <system-err><![CDATA[]]></system-err>
      </testcase>
      <testcase name="Test Cases/Broadcasts/TC0106" classname="Test Cases/Broadcasts/TC0106" status="PASSED">
         <system-out><![CDATA[2019-04-23 09:40:46 - [TEST_CASE][PASSED] - Test Cases/Broadcasts/TC0106: Test Cases/Broadcasts/TC0106

2019-04-23 09:40:47 - [TEST_STEP][PASSED] - callTestCase: Call Test Case 'Test Cases/s-sidebar_navigation/TeamAccount/Broadcasts' successfully

2019-04-23 09:40:47 - [TEST_CASE][PASSED] - Test Cases/s-sidebar_navigation/TeamAccount/Broadcasts: Test Cases/s-sidebar_navigation/TeamAccount/Broadcasts

2019-04-23 09:40:47 - [TEST_STEP][PASSED] - callTestCase: Call Test Case 'Test Cases/s-sidebar_navigation/individualAccount/broadcast' successfully

2019-04-23 09:40:47 - [TEST_CASE][PASSED] - Test Cases/s-sidebar_navigation/individualAccount/broadcast: Test Cases/s-sidebar_navigation/individualAccount/broadcast

2019-04-23 09:40:47 - [TEST_STEP][PASSED] - click: Object: 'Object Repository/Page_KiboPush  Dashboard/span_Polls' is clicked on

2019-04-23 09:40:48 - [MESSAGE][PASSED] - Object: 'Object Repository/Page_KiboPush  Dashboard/span_Polls' is clicked on

2019-04-23 09:40:48 - [TEST_STEP][PASSED] - delay: Delayed 1 second(s)

2019-04-23 09:40:49 - [MESSAGE][PASSED] - Delayed 1 second(s)

2019-04-23 09:40:49 - [TEST_STEP][PASSED] - click: Object: 'Object Repository/Page_KiboPush  Dashboard/span_Broadcasts' is clicked on

2019-04-23 09:40:50 - [MESSAGE][PASSED] - Object: 'Object Repository/Page_KiboPush  Dashboard/span_Broadcasts' is clicked on

2019-04-23 09:40:50 - [TEST_STEP][PASSED] - delay: Delayed 1 second(s)

2019-04-23 09:40:51 - [MESSAGE][PASSED] - Delayed 1 second(s)

2019-04-23 09:40:51 - [TEST_STEP][PASSED] - scrollToPosition: Browser is scrolled to position x = 0, y = 0

2019-04-23 09:40:51 - [MESSAGE][PASSED] - Browser is scrolled to position x = 0, y = 0

2019-04-23 09:40:51 - [TEST_STEP][PASSED] - click: Object: 'Object Repository/Page_KiboPush  Broadcast/h3_Manage Broadcasts' is clicked on

2019-04-23 09:40:51 - [MESSAGE][PASSED] - Object: 'Object Repository/Page_KiboPush  Broadcast/h3_Manage Broadcasts' is clicked on

2019-04-23 09:40:51 - [MESSAGE][PASSED] - Call Test Case 'Test Cases/s-sidebar_navigation/individualAccount/broadcast' successfully

2019-04-23 09:40:51 - [MESSAGE][PASSED] - Call Test Case 'Test Cases/s-sidebar_navigation/TeamAccount/Broadcasts' successfully

2019-04-23 09:40:51 - [TEST_STEP][PASSED] - click: Object: 'Object Repository/Page_KiboPush  Broadcast/a_documentation' is clicked on

2019-04-23 09:40:52 - [MESSAGE][PASSED] - Object: 'Object Repository/Page_KiboPush  Broadcast/a_documentation' is clicked on]]></system-out>
         <system-err><![CDATA[]]></system-err>
      </testcase>
      <testcase name="Test Cases/Broadcasts/TC0107" classname="Test Cases/Broadcasts/TC0107" status="PASSED">
         <system-out><![CDATA[2019-04-23 09:40:52 - [TEST_CASE][PASSED] - Test Cases/Broadcasts/TC0107: Test Cases/Broadcasts/TC0107

2019-04-23 09:40:53 - [TEST_STEP][PASSED] - callTestCase: Call Test Case 'Test Cases/s-sidebar_navigation/TeamAccount/Broadcasts' successfully

2019-04-23 09:40:53 - [TEST_CASE][PASSED] - Test Cases/s-sidebar_navigation/TeamAccount/Broadcasts: Test Cases/s-sidebar_navigation/TeamAccount/Broadcasts

2019-04-23 09:40:53 - [TEST_STEP][PASSED] - callTestCase: Call Test Case 'Test Cases/s-sidebar_navigation/individualAccount/broadcast' successfully

2019-04-23 09:40:53 - [TEST_CASE][PASSED] - Test Cases/s-sidebar_navigation/individualAccount/broadcast: Test Cases/s-sidebar_navigation/individualAccount/broadcast

2019-04-23 09:40:53 - [TEST_STEP][PASSED] - click: Object: 'Object Repository/Page_KiboPush  Dashboard/span_Polls' is clicked on

2019-04-23 09:40:54 - [MESSAGE][PASSED] - Object: 'Object Repository/Page_KiboPush  Dashboard/span_Polls' is clicked on

2019-04-23 09:40:54 - [TEST_STEP][PASSED] - delay: Delayed 1 second(s)

2019-04-23 09:40:55 - [MESSAGE][PASSED] - Delayed 1 second(s)

2019-04-23 09:40:55 - [TEST_STEP][PASSED] - click: Object: 'Object Repository/Page_KiboPush  Dashboard/span_Broadcasts' is clicked on

2019-04-23 09:40:56 - [MESSAGE][PASSED] - Object: 'Object Repository/Page_KiboPush  Dashboard/span_Broadcasts' is clicked on

2019-04-23 09:40:56 - [TEST_STEP][PASSED] - delay: Delayed 1 second(s)

2019-04-23 09:40:57 - [MESSAGE][PASSED] - Delayed 1 second(s)

2019-04-23 09:40:57 - [TEST_STEP][PASSED] - scrollToPosition: Browser is scrolled to position x = 0, y = 0

2019-04-23 09:41:02 - [MESSAGE][PASSED] - Browser is scrolled to position x = 0, y = 0

2019-04-23 09:41:02 - [TEST_STEP][PASSED] - click: Object: 'Object Repository/Page_KiboPush  Broadcast/h3_Manage Broadcasts' is clicked on

2019-04-23 09:41:03 - [MESSAGE][PASSED] - Object: 'Object Repository/Page_KiboPush  Broadcast/h3_Manage Broadcasts' is clicked on

2019-04-23 09:41:03 - [MESSAGE][PASSED] - Call Test Case 'Test Cases/s-sidebar_navigation/individualAccount/broadcast' successfully

2019-04-23 09:41:03 - [MESSAGE][PASSED] - Call Test Case 'Test Cases/s-sidebar_navigation/TeamAccount/Broadcasts' successfully

2019-04-23 09:41:03 - [TEST_STEP][PASSED] - click: Object: 'Object Repository/Page_KiboPush  Broadcast/a_video tutorial (1)' is clicked on

2019-04-23 09:41:04 - [MESSAGE][PASSED] - Object: 'Object Repository/Page_KiboPush  Broadcast/a_video tutorial (1)' is clicked on]]></system-out>
         <system-err><![CDATA[]]></system-err>
      </testcase>
      <testcase name="Test Cases/Broadcasts/TC0108" classname="Test Cases/Broadcasts/TC0108" status="PASSED">
         <system-out><![CDATA[2019-04-23 09:41:04 - [TEST_CASE][PASSED] - Test Cases/Broadcasts/TC0108: Test Cases/Broadcasts/TC0108

2019-04-23 09:41:05 - [TEST_STEP][PASSED] - callTestCase: Call Test Case 'Test Cases/s-sidebar_navigation/TeamAccount/Broadcasts' successfully

2019-04-23 09:41:05 - [TEST_CASE][PASSED] - Test Cases/s-sidebar_navigation/TeamAccount/Broadcasts: Test Cases/s-sidebar_navigation/TeamAccount/Broadcasts

2019-04-23 09:41:05 - [TEST_STEP][PASSED] - callTestCase: Call Test Case 'Test Cases/s-sidebar_navigation/individualAccount/broadcast' successfully

2019-04-23 09:41:05 - [TEST_CASE][PASSED] - Test Cases/s-sidebar_navigation/individualAccount/broadcast: Test Cases/s-sidebar_navigation/individualAccount/broadcast

2019-04-23 09:41:05 - [TEST_STEP][PASSED] - click: Object: 'Object Repository/Page_KiboPush  Dashboard/span_Polls' is clicked on

2019-04-23 09:41:06 - [MESSAGE][PASSED] - Object: 'Object Repository/Page_KiboPush  Dashboard/span_Polls' is clicked on

2019-04-23 09:41:06 - [TEST_STEP][PASSED] - delay: Delayed 1 second(s)

2019-04-23 09:41:07 - [MESSAGE][PASSED] - Delayed 1 second(s)

2019-04-23 09:41:07 - [TEST_STEP][PASSED] - click: Object: 'Object Repository/Page_KiboPush  Dashboard/span_Broadcasts' is clicked on

2019-04-23 09:41:07 - [MESSAGE][PASSED] - Object: 'Object Repository/Page_KiboPush  Dashboard/span_Broadcasts' is clicked on

2019-04-23 09:41:07 - [TEST_STEP][PASSED] - delay: Delayed 1 second(s)

2019-04-23 09:41:08 - [MESSAGE][PASSED] - Delayed 1 second(s)

2019-04-23 09:41:08 - [TEST_STEP][PASSED] - scrollToPosition: Browser is scrolled to position x = 0, y = 0

2019-04-23 09:41:08 - [MESSAGE][PASSED] - Browser is scrolled to position x = 0, y = 0

2019-04-23 09:41:08 - [TEST_STEP][PASSED] - click: Object: 'Object Repository/Page_KiboPush  Broadcast/h3_Manage Broadcasts' is clicked on

2019-04-23 09:41:08 - [MESSAGE][PASSED] - Object: 'Object Repository/Page_KiboPush  Broadcast/h3_Manage Broadcasts' is clicked on

2019-04-23 09:41:08 - [MESSAGE][PASSED] - Call Test Case 'Test Cases/s-sidebar_navigation/individualAccount/broadcast' successfully

2019-04-23 09:41:08 - [MESSAGE][PASSED] - Call Test Case 'Test Cases/s-sidebar_navigation/TeamAccount/Broadcasts' successfully

2019-04-23 09:41:08 - [TEST_STEP][PASSED] - delay: Delayed 1 second(s)

2019-04-23 09:41:09 - [MESSAGE][PASSED] - Delayed 1 second(s)

2019-04-23 09:41:09 - [TEST_STEP][PASSED] - Statement - driver = com.kms.katalon.core.webui.driver.DriverFactory.getWebDriver(): null

2019-04-23 09:41:09 - [TEST_STEP][PASSED] - Statement - Table = driver.findElement(org.openqa.selenium.By.xpath("//table/tbody")): null

2019-04-23 09:41:10 - [TEST_STEP][PASSED] - Statement - rows_table = Table.findElements(org.openqa.selenium.By.tagName("tr")): null

2019-04-23 09:41:10 - [TEST_STEP][PASSED] - Statement - rows_count = rows_table.size(): null

2019-04-23 09:41:10 - [TEST_STEP][PASSED] - verifyGreaterThanOrEqual: Actual number '10' is greater than or equal to expected number '1'

2019-04-23 09:41:10 - [MESSAGE][PASSED] - Actual number '10' is greater than or equal to expected number '1']]></system-out>
         <system-err><![CDATA[]]></system-err>
      </testcase>
      <testcase name="Test Cases/Broadcasts/TC0109" classname="Test Cases/Broadcasts/TC0109" status="PASSED">
         <system-out><![CDATA[2019-04-23 09:41:10 - [TEST_CASE][PASSED] - Test Cases/Broadcasts/TC0109: Test Cases/Broadcasts/TC0109

2019-04-23 09:41:10 - [TEST_STEP][PASSED] - callTestCase: Call Test Case 'Test Cases/s-sidebar_navigation/TeamAccount/Broadcasts' successfully

2019-04-23 09:41:10 - [TEST_CASE][PASSED] - Test Cases/s-sidebar_navigation/TeamAccount/Broadcasts: Test Cases/s-sidebar_navigation/TeamAccount/Broadcasts

2019-04-23 09:41:10 - [TEST_STEP][PASSED] - callTestCase: Call Test Case 'Test Cases/s-sidebar_navigation/individualAccount/broadcast' successfully

2019-04-23 09:41:10 - [TEST_CASE][PASSED] - Test Cases/s-sidebar_navigation/individualAccount/broadcast: Test Cases/s-sidebar_navigation/individualAccount/broadcast

2019-04-23 09:41:10 - [TEST_STEP][PASSED] - click: Object: 'Object Repository/Page_KiboPush  Dashboard/span_Polls' is clicked on

2019-04-23 09:41:11 - [MESSAGE][PASSED] - Object: 'Object Repository/Page_KiboPush  Dashboard/span_Polls' is clicked on

2019-04-23 09:41:11 - [TEST_STEP][PASSED] - delay: Delayed 1 second(s)

2019-04-23 09:41:12 - [MESSAGE][PASSED] - Delayed 1 second(s)

2019-04-23 09:41:12 - [TEST_STEP][PASSED] - click: Object: 'Object Repository/Page_KiboPush  Dashboard/span_Broadcasts' is clicked on

2019-04-23 09:41:12 - [MESSAGE][PASSED] - Object: 'Object Repository/Page_KiboPush  Dashboard/span_Broadcasts' is clicked on

2019-04-23 09:41:12 - [TEST_STEP][PASSED] - delay: Delayed 1 second(s)

2019-04-23 09:41:13 - [MESSAGE][PASSED] - Delayed 1 second(s)

2019-04-23 09:41:13 - [TEST_STEP][PASSED] - scrollToPosition: Browser is scrolled to position x = 0, y = 0

2019-04-23 09:41:13 - [MESSAGE][PASSED] - Browser is scrolled to position x = 0, y = 0

2019-04-23 09:41:13 - [TEST_STEP][PASSED] - click: Object: 'Object Repository/Page_KiboPush  Broadcast/h3_Manage Broadcasts' is clicked on

2019-04-23 09:41:14 - [MESSAGE][PASSED] - Object: 'Object Repository/Page_KiboPush  Broadcast/h3_Manage Broadcasts' is clicked on

2019-04-23 09:41:14 - [MESSAGE][PASSED] - Call Test Case 'Test Cases/s-sidebar_navigation/individualAccount/broadcast' successfully

2019-04-23 09:41:14 - [MESSAGE][PASSED] - Call Test Case 'Test Cases/s-sidebar_navigation/TeamAccount/Broadcasts' successfully

2019-04-23 09:41:14 - [TEST_STEP][PASSED] - delay: Delayed 1 second(s)

2019-04-23 09:41:15 - [MESSAGE][PASSED] - Delayed 1 second(s)

2019-04-23 09:41:15 - [TEST_STEP][PASSED] - setText: Text 'TitleX' is set on object 'Object Repository/Page_KiboPush  Broadcast/input_form-control'

2019-04-23 09:41:15 - [MESSAGE][PASSED] - Text 'TitleX' is set on object 'Object Repository/Page_KiboPush  Broadcast/input_form-control'

2019-04-23 09:41:15 - [TEST_STEP][PASSED] - click: Object: 'Object Repository/Page_KiboPush  Broadcast/span_TitleX' is clicked on

2019-04-23 09:41:16 - [MESSAGE][PASSED] - Object: 'Object Repository/Page_KiboPush  Broadcast/span_TitleX' is clicked on]]></system-out>
         <system-err><![CDATA[]]></system-err>
      </testcase>
      <testcase name="Test Cases/Broadcasts/TC0110" classname="Test Cases/Broadcasts/TC0110" status="PASSED">
         <system-out><![CDATA[2019-04-23 09:41:16 - [TEST_CASE][PASSED] - Test Cases/Broadcasts/TC0110: Test Cases/Broadcasts/TC0110

2019-04-23 09:41:16 - [TEST_STEP][PASSED] - callTestCase: Call Test Case 'Test Cases/s-sidebar_navigation/TeamAccount/Broadcasts' successfully

2019-04-23 09:41:16 - [TEST_CASE][PASSED] - Test Cases/s-sidebar_navigation/TeamAccount/Broadcasts: Test Cases/s-sidebar_navigation/TeamAccount/Broadcasts

2019-04-23 09:41:16 - [TEST_STEP][PASSED] - callTestCase: Call Test Case 'Test Cases/s-sidebar_navigation/individualAccount/broadcast' successfully

2019-04-23 09:41:16 - [TEST_CASE][PASSED] - Test Cases/s-sidebar_navigation/individualAccount/broadcast: Test Cases/s-sidebar_navigation/individualAccount/broadcast

2019-04-23 09:41:16 - [TEST_STEP][PASSED] - click: Object: 'Object Repository/Page_KiboPush  Dashboard/span_Polls' is clicked on

2019-04-23 09:41:16 - [MESSAGE][PASSED] - Object: 'Object Repository/Page_KiboPush  Dashboard/span_Polls' is clicked on

2019-04-23 09:41:16 - [TEST_STEP][PASSED] - delay: Delayed 1 second(s)

2019-04-23 09:41:17 - [MESSAGE][PASSED] - Delayed 1 second(s)

2019-04-23 09:41:17 - [TEST_STEP][PASSED] - click: Object: 'Object Repository/Page_KiboPush  Dashboard/span_Broadcasts' is clicked on

2019-04-23 09:41:18 - [MESSAGE][PASSED] - Object: 'Object Repository/Page_KiboPush  Dashboard/span_Broadcasts' is clicked on

2019-04-23 09:41:18 - [TEST_STEP][PASSED] - delay: Delayed 1 second(s)

2019-04-23 09:41:19 - [MESSAGE][PASSED] - Delayed 1 second(s)

2019-04-23 09:41:19 - [TEST_STEP][PASSED] - scrollToPosition: Browser is scrolled to position x = 0, y = 0

2019-04-23 09:41:19 - [MESSAGE][PASSED] - Browser is scrolled to position x = 0, y = 0

2019-04-23 09:41:19 - [TEST_STEP][PASSED] - click: Object: 'Object Repository/Page_KiboPush  Broadcast/h3_Manage Broadcasts' is clicked on

2019-04-23 09:41:19 - [MESSAGE][PASSED] - Object: 'Object Repository/Page_KiboPush  Broadcast/h3_Manage Broadcasts' is clicked on

2019-04-23 09:41:19 - [MESSAGE][PASSED] - Call Test Case 'Test Cases/s-sidebar_navigation/individualAccount/broadcast' successfully

2019-04-23 09:41:19 - [MESSAGE][PASSED] - Call Test Case 'Test Cases/s-sidebar_navigation/TeamAccount/Broadcasts' successfully

2019-04-23 09:41:19 - [TEST_STEP][PASSED] - selectOptionByValue: All options with value 'image' are selected in object 'Object Repository/Page_KiboPush  Broadcast/select_Filter by type...textim'  using regular expression

2019-04-23 09:41:20 - [MESSAGE][PASSED] - All options with value 'image' are selected in object 'Object Repository/Page_KiboPush  Broadcast/select_Filter by type...textim'  using regular expression

2019-04-23 09:41:20 - [TEST_STEP][PASSED] - delay: Delayed 1 second(s)

2019-04-23 09:41:21 - [MESSAGE][PASSED] - Delayed 1 second(s)

2019-04-23 09:41:21 - [TEST_STEP][PASSED] - click: Object: 'Object Repository/Page_KiboPush  Broadcast/span_image' is clicked on

2019-04-23 09:41:21 - [MESSAGE][PASSED] - Object: 'Object Repository/Page_KiboPush  Broadcast/span_image' is clicked on]]></system-out>
         <system-err><![CDATA[]]></system-err>
      </testcase>
      <testcase name="Test Cases/Broadcasts/TC0111" classname="Test Cases/Broadcasts/TC0111" status="PASSED">
         <system-out><![CDATA[2019-04-23 09:41:21 - [TEST_CASE][PASSED] - Test Cases/Broadcasts/TC0111: Test Cases/Broadcasts/TC0111

2019-04-23 09:41:22 - [TEST_STEP][PASSED] - callTestCase: Call Test Case 'Test Cases/s-sidebar_navigation/TeamAccount/Broadcasts' successfully

2019-04-23 09:41:22 - [TEST_CASE][PASSED] - Test Cases/s-sidebar_navigation/TeamAccount/Broadcasts: Test Cases/s-sidebar_navigation/TeamAccount/Broadcasts

2019-04-23 09:41:22 - [TEST_STEP][PASSED] - callTestCase: Call Test Case 'Test Cases/s-sidebar_navigation/individualAccount/broadcast' successfully

2019-04-23 09:41:22 - [TEST_CASE][PASSED] - Test Cases/s-sidebar_navigation/individualAccount/broadcast: Test Cases/s-sidebar_navigation/individualAccount/broadcast

2019-04-23 09:41:22 - [TEST_STEP][PASSED] - click: Object: 'Object Repository/Page_KiboPush  Dashboard/span_Polls' is clicked on

2019-04-23 09:41:22 - [MESSAGE][PASSED] - Object: 'Object Repository/Page_KiboPush  Dashboard/span_Polls' is clicked on

2019-04-23 09:41:22 - [TEST_STEP][PASSED] - delay: Delayed 1 second(s)

2019-04-23 09:41:23 - [MESSAGE][PASSED] - Delayed 1 second(s)

2019-04-23 09:41:23 - [TEST_STEP][PASSED] - click: Object: 'Object Repository/Page_KiboPush  Dashboard/span_Broadcasts' is clicked on

2019-04-23 09:41:24 - [MESSAGE][PASSED] - Object: 'Object Repository/Page_KiboPush  Dashboard/span_Broadcasts' is clicked on

2019-04-23 09:41:24 - [TEST_STEP][PASSED] - delay: Delayed 1 second(s)

2019-04-23 09:41:26 - [MESSAGE][PASSED] - Delayed 1 second(s)

2019-04-23 09:41:26 - [TEST_STEP][PASSED] - scrollToPosition: Browser is scrolled to position x = 0, y = 0

2019-04-23 09:41:27 - [MESSAGE][PASSED] - Browser is scrolled to position x = 0, y = 0

2019-04-23 09:41:27 - [TEST_STEP][PASSED] - click: Object: 'Object Repository/Page_KiboPush  Broadcast/h3_Manage Broadcasts' is clicked on

2019-04-23 09:41:28 - [MESSAGE][PASSED] - Object: 'Object Repository/Page_KiboPush  Broadcast/h3_Manage Broadcasts' is clicked on

2019-04-23 09:41:28 - [MESSAGE][PASSED] - Call Test Case 'Test Cases/s-sidebar_navigation/individualAccount/broadcast' successfully

2019-04-23 09:41:28 - [MESSAGE][PASSED] - Call Test Case 'Test Cases/s-sidebar_navigation/TeamAccount/Broadcasts' successfully

2019-04-23 09:41:28 - [TEST_STEP][PASSED] - selectOptionByValue: All options with value 'text' are selected in object 'Object Repository/Page_KiboPush  Broadcast/select_Filter by type...textim'  using regular expression

2019-04-23 09:41:29 - [MESSAGE][PASSED] - All options with value 'text' are selected in object 'Object Repository/Page_KiboPush  Broadcast/select_Filter by type...textim'  using regular expression

2019-04-23 09:41:29 - [TEST_STEP][PASSED] - click: Object: 'Object Repository/Page_KiboPush  Broadcast/span_text' is clicked on

2019-04-23 09:41:29 - [MESSAGE][PASSED] - Object: 'Object Repository/Page_KiboPush  Broadcast/span_text' is clicked on]]></system-out>
         <system-err><![CDATA[]]></system-err>
      </testcase>
      <testcase name="Test Cases/Broadcasts/TC0112" classname="Test Cases/Broadcasts/TC0112" status="PASSED">
         <system-out><![CDATA[2019-04-23 09:41:29 - [TEST_CASE][PASSED] - Test Cases/Broadcasts/TC0112: Test Cases/Broadcasts/TC0112

2019-04-23 09:41:30 - [TEST_STEP][PASSED] - callTestCase: Call Test Case 'Test Cases/s-sidebar_navigation/TeamAccount/Broadcasts' successfully

2019-04-23 09:41:30 - [TEST_CASE][PASSED] - Test Cases/s-sidebar_navigation/TeamAccount/Broadcasts: Test Cases/s-sidebar_navigation/TeamAccount/Broadcasts

2019-04-23 09:41:30 - [TEST_STEP][PASSED] - callTestCase: Call Test Case 'Test Cases/s-sidebar_navigation/individualAccount/broadcast' successfully

2019-04-23 09:41:30 - [TEST_CASE][PASSED] - Test Cases/s-sidebar_navigation/individualAccount/broadcast: Test Cases/s-sidebar_navigation/individualAccount/broadcast

2019-04-23 09:41:30 - [TEST_STEP][PASSED] - click: Object: 'Object Repository/Page_KiboPush  Dashboard/span_Polls' is clicked on

2019-04-23 09:41:31 - [MESSAGE][PASSED] - Object: 'Object Repository/Page_KiboPush  Dashboard/span_Polls' is clicked on

2019-04-23 09:41:31 - [TEST_STEP][PASSED] - delay: Delayed 1 second(s)

2019-04-23 09:41:32 - [MESSAGE][PASSED] - Delayed 1 second(s)

2019-04-23 09:41:32 - [TEST_STEP][PASSED] - click: Object: 'Object Repository/Page_KiboPush  Dashboard/span_Broadcasts' is clicked on

2019-04-23 09:41:33 - [MESSAGE][PASSED] - Object: 'Object Repository/Page_KiboPush  Dashboard/span_Broadcasts' is clicked on

2019-04-23 09:41:33 - [TEST_STEP][PASSED] - delay: Delayed 1 second(s)

2019-04-23 09:41:34 - [MESSAGE][PASSED] - Delayed 1 second(s)

2019-04-23 09:41:34 - [TEST_STEP][PASSED] - scrollToPosition: Browser is scrolled to position x = 0, y = 0

2019-04-23 09:41:34 - [MESSAGE][PASSED] - Browser is scrolled to position x = 0, y = 0

2019-04-23 09:41:34 - [TEST_STEP][PASSED] - click: Object: 'Object Repository/Page_KiboPush  Broadcast/h3_Manage Broadcasts' is clicked on

2019-04-23 09:41:35 - [MESSAGE][PASSED] - Object: 'Object Repository/Page_KiboPush  Broadcast/h3_Manage Broadcasts' is clicked on

2019-04-23 09:41:35 - [MESSAGE][PASSED] - Call Test Case 'Test Cases/s-sidebar_navigation/individualAccount/broadcast' successfully

2019-04-23 09:41:35 - [MESSAGE][PASSED] - Call Test Case 'Test Cases/s-sidebar_navigation/TeamAccount/Broadcasts' successfully

2019-04-23 09:41:35 - [TEST_STEP][PASSED] - selectOptionByValue: All options with value 'card' are selected in object 'Object Repository/Page_KiboPush  Broadcast/select_Filter by type...textim'  using regular expression

2019-04-23 09:41:36 - [MESSAGE][PASSED] - All options with value 'card' are selected in object 'Object Repository/Page_KiboPush  Broadcast/select_Filter by type...textim'  using regular expression

2019-04-23 09:41:36 - [TEST_STEP][PASSED] - delay: Delayed 1 second(s)

2019-04-23 09:41:37 - [MESSAGE][PASSED] - Delayed 1 second(s)

2019-04-23 09:41:37 - [TEST_STEP][PASSED] - click: Object: 'Object Repository/Page_KiboPush  Broadcast/span_card' is clicked on

2019-04-23 09:41:37 - [MESSAGE][PASSED] - Object: 'Object Repository/Page_KiboPush  Broadcast/span_card' is clicked on]]></system-out>
         <system-err><![CDATA[]]></system-err>
      </testcase>
      <testcase name="Test Cases/Broadcasts/TC0113" classname="Test Cases/Broadcasts/TC0113" status="PASSED">
         <system-out><![CDATA[2019-04-23 09:41:37 - [TEST_CASE][PASSED] - Test Cases/Broadcasts/TC0113: Test Cases/Broadcasts/TC0113

2019-04-23 09:41:37 - [TEST_STEP][PASSED] - callTestCase: Call Test Case 'Test Cases/s-sidebar_navigation/TeamAccount/Broadcasts' successfully

2019-04-23 09:41:38 - [TEST_CASE][PASSED] - Test Cases/s-sidebar_navigation/TeamAccount/Broadcasts: Test Cases/s-sidebar_navigation/TeamAccount/Broadcasts

2019-04-23 09:41:38 - [TEST_STEP][PASSED] - callTestCase: Call Test Case 'Test Cases/s-sidebar_navigation/individualAccount/broadcast' successfully

2019-04-23 09:41:38 - [TEST_CASE][PASSED] - Test Cases/s-sidebar_navigation/individualAccount/broadcast: Test Cases/s-sidebar_navigation/individualAccount/broadcast

2019-04-23 09:41:38 - [TEST_STEP][PASSED] - click: Object: 'Object Repository/Page_KiboPush  Dashboard/span_Polls' is clicked on

2019-04-23 09:41:38 - [MESSAGE][PASSED] - Object: 'Object Repository/Page_KiboPush  Dashboard/span_Polls' is clicked on

2019-04-23 09:41:38 - [TEST_STEP][PASSED] - delay: Delayed 1 second(s)

2019-04-23 09:41:39 - [MESSAGE][PASSED] - Delayed 1 second(s)

2019-04-23 09:41:39 - [TEST_STEP][PASSED] - click: Object: 'Object Repository/Page_KiboPush  Dashboard/span_Broadcasts' is clicked on

2019-04-23 09:41:40 - [MESSAGE][PASSED] - Object: 'Object Repository/Page_KiboPush  Dashboard/span_Broadcasts' is clicked on

2019-04-23 09:41:40 - [TEST_STEP][PASSED] - delay: Delayed 1 second(s)

2019-04-23 09:41:41 - [MESSAGE][PASSED] - Delayed 1 second(s)

2019-04-23 09:41:41 - [TEST_STEP][PASSED] - scrollToPosition: Browser is scrolled to position x = 0, y = 0

2019-04-23 09:41:41 - [MESSAGE][PASSED] - Browser is scrolled to position x = 0, y = 0

2019-04-23 09:41:41 - [TEST_STEP][PASSED] - click: Object: 'Object Repository/Page_KiboPush  Broadcast/h3_Manage Broadcasts' is clicked on

2019-04-23 09:41:42 - [MESSAGE][PASSED] - Object: 'Object Repository/Page_KiboPush  Broadcast/h3_Manage Broadcasts' is clicked on

2019-04-23 09:41:42 - [MESSAGE][PASSED] - Call Test Case 'Test Cases/s-sidebar_navigation/individualAccount/broadcast' successfully

2019-04-23 09:41:42 - [MESSAGE][PASSED] - Call Test Case 'Test Cases/s-sidebar_navigation/TeamAccount/Broadcasts' successfully

2019-04-23 09:41:42 - [TEST_STEP][PASSED] - selectOptionByValue: All options with value 'gallery' are selected in object 'Object Repository/Page_KiboPush  Broadcast/select_Filter by type...textim (4)'  using regular expression

2019-04-23 09:41:44 - [MESSAGE][PASSED] - All options with value 'gallery' are selected in object 'Object Repository/Page_KiboPush  Broadcast/select_Filter by type...textim (4)'  using regular expression

2019-04-23 09:41:44 - [TEST_STEP][PASSED] - click: Object: 'Object Repository/Page_KiboPush  Broadcast/span_gallery' is clicked on

2019-04-23 09:41:44 - [MESSAGE][PASSED] - Object: 'Object Repository/Page_KiboPush  Broadcast/span_gallery' is clicked on]]></system-out>
         <system-err><![CDATA[]]></system-err>
      </testcase>
      <testcase name="Test Cases/Broadcasts/TC0114" classname="Test Cases/Broadcasts/TC0114" status="PASSED">
         <system-out><![CDATA[2019-04-23 09:41:44 - [TEST_CASE][PASSED] - Test Cases/Broadcasts/TC0114: Test Cases/Broadcasts/TC0114

2019-04-23 09:41:45 - [TEST_STEP][PASSED] - callTestCase: Call Test Case 'Test Cases/s-sidebar_navigation/TeamAccount/Broadcasts' successfully

2019-04-23 09:41:45 - [TEST_CASE][PASSED] - Test Cases/s-sidebar_navigation/TeamAccount/Broadcasts: Test Cases/s-sidebar_navigation/TeamAccount/Broadcasts

2019-04-23 09:41:45 - [TEST_STEP][PASSED] - callTestCase: Call Test Case 'Test Cases/s-sidebar_navigation/individualAccount/broadcast' successfully

2019-04-23 09:41:45 - [TEST_CASE][PASSED] - Test Cases/s-sidebar_navigation/individualAccount/broadcast: Test Cases/s-sidebar_navigation/individualAccount/broadcast

2019-04-23 09:41:45 - [TEST_STEP][PASSED] - click: Object: 'Object Repository/Page_KiboPush  Dashboard/span_Polls' is clicked on

2019-04-23 09:41:45 - [MESSAGE][PASSED] - Object: 'Object Repository/Page_KiboPush  Dashboard/span_Polls' is clicked on

2019-04-23 09:41:45 - [TEST_STEP][PASSED] - delay: Delayed 1 second(s)

2019-04-23 09:41:47 - [MESSAGE][PASSED] - Delayed 1 second(s)

2019-04-23 09:41:47 - [TEST_STEP][PASSED] - click: Object: 'Object Repository/Page_KiboPush  Dashboard/span_Broadcasts' is clicked on

2019-04-23 09:41:47 - [MESSAGE][PASSED] - Object: 'Object Repository/Page_KiboPush  Dashboard/span_Broadcasts' is clicked on

2019-04-23 09:41:47 - [TEST_STEP][PASSED] - delay: Delayed 1 second(s)

2019-04-23 09:41:48 - [MESSAGE][PASSED] - Delayed 1 second(s)

2019-04-23 09:41:48 - [TEST_STEP][PASSED] - scrollToPosition: Browser is scrolled to position x = 0, y = 0

2019-04-23 09:41:48 - [MESSAGE][PASSED] - Browser is scrolled to position x = 0, y = 0

2019-04-23 09:41:48 - [TEST_STEP][PASSED] - click: Object: 'Object Repository/Page_KiboPush  Broadcast/h3_Manage Broadcasts' is clicked on

2019-04-23 09:41:49 - [MESSAGE][PASSED] - Object: 'Object Repository/Page_KiboPush  Broadcast/h3_Manage Broadcasts' is clicked on

2019-04-23 09:41:49 - [MESSAGE][PASSED] - Call Test Case 'Test Cases/s-sidebar_navigation/individualAccount/broadcast' successfully

2019-04-23 09:41:49 - [MESSAGE][PASSED] - Call Test Case 'Test Cases/s-sidebar_navigation/TeamAccount/Broadcasts' successfully

2019-04-23 09:41:49 - [TEST_STEP][PASSED] - selectOptionByValue: All options with value 'audio' are selected in object 'Object Repository/Page_KiboPush  Broadcast/select_Filter by type...textim'  using regular expression

2019-04-23 09:41:50 - [MESSAGE][PASSED] - All options with value 'audio' are selected in object 'Object Repository/Page_KiboPush  Broadcast/select_Filter by type...textim'  using regular expression

2019-04-23 09:41:50 - [TEST_STEP][PASSED] - click: Object: 'Object Repository/Page_KiboPush  Broadcast/span_audio' is clicked on

2019-04-23 09:41:50 - [MESSAGE][PASSED] - Object: 'Object Repository/Page_KiboPush  Broadcast/span_audio' is clicked on]]></system-out>
         <system-err><![CDATA[]]></system-err>
      </testcase>
      <testcase name="Test Cases/Broadcasts/TC0115" classname="Test Cases/Broadcasts/TC0115" status="PASSED">
         <system-out><![CDATA[2019-04-23 09:41:50 - [TEST_CASE][PASSED] - Test Cases/Broadcasts/TC0115: Test Cases/Broadcasts/TC0115

2019-04-23 09:41:51 - [TEST_STEP][PASSED] - callTestCase: Call Test Case 'Test Cases/s-sidebar_navigation/TeamAccount/Broadcasts' successfully

2019-04-23 09:41:51 - [TEST_CASE][PASSED] - Test Cases/s-sidebar_navigation/TeamAccount/Broadcasts: Test Cases/s-sidebar_navigation/TeamAccount/Broadcasts

2019-04-23 09:41:51 - [TEST_STEP][PASSED] - callTestCase: Call Test Case 'Test Cases/s-sidebar_navigation/individualAccount/broadcast' successfully

2019-04-23 09:41:51 - [TEST_CASE][PASSED] - Test Cases/s-sidebar_navigation/individualAccount/broadcast: Test Cases/s-sidebar_navigation/individualAccount/broadcast

2019-04-23 09:41:51 - [TEST_STEP][PASSED] - click: Object: 'Object Repository/Page_KiboPush  Dashboard/span_Polls' is clicked on

2019-04-23 09:41:52 - [MESSAGE][PASSED] - Object: 'Object Repository/Page_KiboPush  Dashboard/span_Polls' is clicked on

2019-04-23 09:41:52 - [TEST_STEP][PASSED] - delay: Delayed 1 second(s)

2019-04-23 09:41:53 - [MESSAGE][PASSED] - Delayed 1 second(s)

2019-04-23 09:41:53 - [TEST_STEP][PASSED] - click: Object: 'Object Repository/Page_KiboPush  Dashboard/span_Broadcasts' is clicked on

2019-04-23 09:41:53 - [MESSAGE][PASSED] - Object: 'Object Repository/Page_KiboPush  Dashboard/span_Broadcasts' is clicked on

2019-04-23 09:41:53 - [TEST_STEP][PASSED] - delay: Delayed 1 second(s)

2019-04-23 09:41:54 - [MESSAGE][PASSED] - Delayed 1 second(s)

2019-04-23 09:41:54 - [TEST_STEP][PASSED] - scrollToPosition: Browser is scrolled to position x = 0, y = 0

2019-04-23 09:41:55 - [MESSAGE][PASSED] - Browser is scrolled to position x = 0, y = 0

2019-04-23 09:41:55 - [TEST_STEP][PASSED] - click: Object: 'Object Repository/Page_KiboPush  Broadcast/h3_Manage Broadcasts' is clicked on

2019-04-23 09:41:55 - [MESSAGE][PASSED] - Object: 'Object Repository/Page_KiboPush  Broadcast/h3_Manage Broadcasts' is clicked on

2019-04-23 09:41:55 - [MESSAGE][PASSED] - Call Test Case 'Test Cases/s-sidebar_navigation/individualAccount/broadcast' successfully

2019-04-23 09:41:55 - [MESSAGE][PASSED] - Call Test Case 'Test Cases/s-sidebar_navigation/TeamAccount/Broadcasts' successfully

2019-04-23 09:41:55 - [TEST_STEP][PASSED] - selectOptionByValue: All options with value 'video' are selected in object 'Object Repository/Page_KiboPush  Broadcast/select_Filter by type...textim (1)'  using regular expression

2019-04-23 09:41:56 - [MESSAGE][PASSED] - All options with value 'video' are selected in object 'Object Repository/Page_KiboPush  Broadcast/select_Filter by type...textim (1)'  using regular expression

2019-04-23 09:41:56 - [TEST_STEP][PASSED] - click: Object: 'Object Repository/Page_KiboPush  Broadcast/span_video' is clicked on

2019-04-23 09:41:57 - [MESSAGE][PASSED] - Object: 'Object Repository/Page_KiboPush  Broadcast/span_video' is clicked on]]></system-out>
         <system-err><![CDATA[]]></system-err>
      </testcase>
      <testcase name="Test Cases/Broadcasts/TC0116" classname="Test Cases/Broadcasts/TC0116" status="PASSED">
         <system-out><![CDATA[2019-04-23 09:41:57 - [TEST_CASE][PASSED] - Test Cases/Broadcasts/TC0116: Test Cases/Broadcasts/TC0116

2019-04-23 09:41:57 - [TEST_STEP][PASSED] - callTestCase: Call Test Case 'Test Cases/s-sidebar_navigation/TeamAccount/Broadcasts' successfully

2019-04-23 09:41:57 - [TEST_CASE][PASSED] - Test Cases/s-sidebar_navigation/TeamAccount/Broadcasts: Test Cases/s-sidebar_navigation/TeamAccount/Broadcasts

2019-04-23 09:41:58 - [TEST_STEP][PASSED] - callTestCase: Call Test Case 'Test Cases/s-sidebar_navigation/individualAccount/broadcast' successfully

2019-04-23 09:41:58 - [TEST_CASE][PASSED] - Test Cases/s-sidebar_navigation/individualAccount/broadcast: Test Cases/s-sidebar_navigation/individualAccount/broadcast

2019-04-23 09:41:58 - [TEST_STEP][PASSED] - click: Object: 'Object Repository/Page_KiboPush  Dashboard/span_Polls' is clicked on

2019-04-23 09:41:58 - [MESSAGE][PASSED] - Object: 'Object Repository/Page_KiboPush  Dashboard/span_Polls' is clicked on

2019-04-23 09:41:58 - [TEST_STEP][PASSED] - delay: Delayed 1 second(s)

2019-04-23 09:41:59 - [MESSAGE][PASSED] - Delayed 1 second(s)

2019-04-23 09:41:59 - [TEST_STEP][PASSED] - click: Object: 'Object Repository/Page_KiboPush  Dashboard/span_Broadcasts' is clicked on

2019-04-23 09:42:00 - [MESSAGE][PASSED] - Object: 'Object Repository/Page_KiboPush  Dashboard/span_Broadcasts' is clicked on

2019-04-23 09:42:00 - [TEST_STEP][PASSED] - delay: Delayed 1 second(s)

2019-04-23 09:42:01 - [MESSAGE][PASSED] - Delayed 1 second(s)

2019-04-23 09:42:01 - [TEST_STEP][PASSED] - scrollToPosition: Browser is scrolled to position x = 0, y = 0

2019-04-23 09:42:01 - [MESSAGE][PASSED] - Browser is scrolled to position x = 0, y = 0

2019-04-23 09:42:01 - [TEST_STEP][PASSED] - click: Object: 'Object Repository/Page_KiboPush  Broadcast/h3_Manage Broadcasts' is clicked on

2019-04-23 09:42:02 - [MESSAGE][PASSED] - Object: 'Object Repository/Page_KiboPush  Broadcast/h3_Manage Broadcasts' is clicked on

2019-04-23 09:42:02 - [MESSAGE][PASSED] - Call Test Case 'Test Cases/s-sidebar_navigation/individualAccount/broadcast' successfully

2019-04-23 09:42:02 - [MESSAGE][PASSED] - Call Test Case 'Test Cases/s-sidebar_navigation/TeamAccount/Broadcasts' successfully

2019-04-23 09:42:02 - [TEST_STEP][PASSED] - selectOptionByValue: All options with value 'file' are selected in object 'Object Repository/Page_KiboPush  Broadcast/select_Filter by type...textim (5)'  using regular expression

2019-04-23 09:42:03 - [MESSAGE][PASSED] - All options with value 'file' are selected in object 'Object Repository/Page_KiboPush  Broadcast/select_Filter by type...textim (5)'  using regular expression

2019-04-23 09:42:03 - [TEST_STEP][PASSED] - click: Object: 'Object Repository/Page_KiboPush  Broadcast/span_file' is clicked on

2019-04-23 09:42:04 - [MESSAGE][PASSED] - Object: 'Object Repository/Page_KiboPush  Broadcast/span_file' is clicked on]]></system-out>
         <system-err><![CDATA[]]></system-err>
      </testcase>
      <testcase name="Test Cases/Broadcasts/TC0117" classname="Test Cases/Broadcasts/TC0117" status="PASSED">
         <system-out><![CDATA[2019-04-23 09:42:04 - [TEST_CASE][PASSED] - Test Cases/Broadcasts/TC0117: Test Cases/Broadcasts/TC0117

2019-04-23 09:42:04 - [TEST_STEP][PASSED] - callTestCase: Call Test Case 'Test Cases/s-sidebar_navigation/TeamAccount/Broadcasts' successfully

2019-04-23 09:42:04 - [TEST_CASE][PASSED] - Test Cases/s-sidebar_navigation/TeamAccount/Broadcasts: Test Cases/s-sidebar_navigation/TeamAccount/Broadcasts

2019-04-23 09:42:04 - [TEST_STEP][PASSED] - callTestCase: Call Test Case 'Test Cases/s-sidebar_navigation/individualAccount/broadcast' successfully

2019-04-23 09:42:04 - [TEST_CASE][PASSED] - Test Cases/s-sidebar_navigation/individualAccount/broadcast: Test Cases/s-sidebar_navigation/individualAccount/broadcast

2019-04-23 09:42:04 - [TEST_STEP][PASSED] - click: Object: 'Object Repository/Page_KiboPush  Dashboard/span_Polls' is clicked on

2019-04-23 09:42:05 - [MESSAGE][PASSED] - Object: 'Object Repository/Page_KiboPush  Dashboard/span_Polls' is clicked on

2019-04-23 09:42:05 - [TEST_STEP][PASSED] - delay: Delayed 1 second(s)

2019-04-23 09:42:06 - [MESSAGE][PASSED] - Delayed 1 second(s)

2019-04-23 09:42:06 - [TEST_STEP][PASSED] - click: Object: 'Object Repository/Page_KiboPush  Dashboard/span_Broadcasts' is clicked on

2019-04-23 09:42:06 - [MESSAGE][PASSED] - Object: 'Object Repository/Page_KiboPush  Dashboard/span_Broadcasts' is clicked on

2019-04-23 09:42:06 - [TEST_STEP][PASSED] - delay: Delayed 1 second(s)

2019-04-23 09:42:07 - [MESSAGE][PASSED] - Delayed 1 second(s)

2019-04-23 09:42:07 - [TEST_STEP][PASSED] - scrollToPosition: Browser is scrolled to position x = 0, y = 0

2019-04-23 09:42:08 - [MESSAGE][PASSED] - Browser is scrolled to position x = 0, y = 0

2019-04-23 09:42:08 - [TEST_STEP][PASSED] - click: Object: 'Object Repository/Page_KiboPush  Broadcast/h3_Manage Broadcasts' is clicked on

2019-04-23 09:42:08 - [MESSAGE][PASSED] - Object: 'Object Repository/Page_KiboPush  Broadcast/h3_Manage Broadcasts' is clicked on

2019-04-23 09:42:08 - [MESSAGE][PASSED] - Call Test Case 'Test Cases/s-sidebar_navigation/individualAccount/broadcast' successfully

2019-04-23 09:42:08 - [MESSAGE][PASSED] - Call Test Case 'Test Cases/s-sidebar_navigation/TeamAccount/Broadcasts' successfully

2019-04-23 09:42:08 - [TEST_STEP][PASSED] - selectOptionByValue: All options with value 'list' are selected in object 'Object Repository/Page_KiboPush  Broadcast/select_Filter by type...textim (6)'  using regular expression

2019-04-23 09:42:09 - [MESSAGE][PASSED] - All options with value 'list' are selected in object 'Object Repository/Page_KiboPush  Broadcast/select_Filter by type...textim (6)'  using regular expression

2019-04-23 09:42:09 - [TEST_STEP][PASSED] - click: Object: 'Object Repository/Page_KiboPush  Broadcast/span_list' is clicked on

2019-04-23 09:42:11 - [MESSAGE][PASSED] - Object: 'Object Repository/Page_KiboPush  Broadcast/span_list' is clicked on]]></system-out>
         <system-err><![CDATA[]]></system-err>
      </testcase>
      <testcase name="Test Cases/Broadcasts/TC0119" classname="Test Cases/Broadcasts/TC0119" status="PASSED">
         <system-out><![CDATA[2019-04-23 09:42:11 - [TEST_CASE][PASSED] - Test Cases/Broadcasts/TC0119: Test Cases/Broadcasts/TC0119

2019-04-23 09:42:11 - [TEST_STEP][PASSED] - callTestCase: Call Test Case 'Test Cases/s-sidebar_navigation/TeamAccount/Broadcasts' successfully

2019-04-23 09:42:11 - [TEST_CASE][PASSED] - Test Cases/s-sidebar_navigation/TeamAccount/Broadcasts: Test Cases/s-sidebar_navigation/TeamAccount/Broadcasts

2019-04-23 09:42:11 - [TEST_STEP][PASSED] - callTestCase: Call Test Case 'Test Cases/s-sidebar_navigation/individualAccount/broadcast' successfully

2019-04-23 09:42:11 - [TEST_CASE][PASSED] - Test Cases/s-sidebar_navigation/individualAccount/broadcast: Test Cases/s-sidebar_navigation/individualAccount/broadcast

2019-04-23 09:42:11 - [TEST_STEP][PASSED] - click: Object: 'Object Repository/Page_KiboPush  Dashboard/span_Polls' is clicked on

2019-04-23 09:42:12 - [MESSAGE][PASSED] - Object: 'Object Repository/Page_KiboPush  Dashboard/span_Polls' is clicked on

2019-04-23 09:42:12 - [TEST_STEP][PASSED] - delay: Delayed 1 second(s)

2019-04-23 09:42:13 - [MESSAGE][PASSED] - Delayed 1 second(s)

2019-04-23 09:42:13 - [TEST_STEP][PASSED] - click: Object: 'Object Repository/Page_KiboPush  Dashboard/span_Broadcasts' is clicked on

2019-04-23 09:42:13 - [MESSAGE][PASSED] - Object: 'Object Repository/Page_KiboPush  Dashboard/span_Broadcasts' is clicked on

2019-04-23 09:42:13 - [TEST_STEP][PASSED] - delay: Delayed 1 second(s)

2019-04-23 09:42:14 - [MESSAGE][PASSED] - Delayed 1 second(s)

2019-04-23 09:42:14 - [TEST_STEP][PASSED] - scrollToPosition: Browser is scrolled to position x = 0, y = 0

2019-04-23 09:42:14 - [MESSAGE][PASSED] - Browser is scrolled to position x = 0, y = 0

2019-04-23 09:42:14 - [TEST_STEP][PASSED] - click: Object: 'Object Repository/Page_KiboPush  Broadcast/h3_Manage Broadcasts' is clicked on

2019-04-23 09:42:15 - [MESSAGE][PASSED] - Object: 'Object Repository/Page_KiboPush  Broadcast/h3_Manage Broadcasts' is clicked on

2019-04-23 09:42:15 - [MESSAGE][PASSED] - Call Test Case 'Test Cases/s-sidebar_navigation/individualAccount/broadcast' successfully

2019-04-23 09:42:15 - [MESSAGE][PASSED] - Call Test Case 'Test Cases/s-sidebar_navigation/TeamAccount/Broadcasts' successfully

2019-04-23 09:42:15 - [TEST_STEP][PASSED] - selectOptionByValue: All options with value 'miscellaneous' are selected in object 'Object Repository/Page_KiboPush  Broadcast/select_Filter by type...textim'  using regular expression

2019-04-23 09:42:16 - [MESSAGE][PASSED] - All options with value 'miscellaneous' are selected in object 'Object Repository/Page_KiboPush  Broadcast/select_Filter by type...textim'  using regular expression

2019-04-23 09:42:16 - [TEST_STEP][PASSED] - click: Object: 'Object Repository/Page_KiboPush  Broadcast/span_Miscellaneous' is clicked on

2019-04-23 09:42:17 - [MESSAGE][PASSED] - Object: 'Object Repository/Page_KiboPush  Broadcast/span_Miscellaneous' is clicked on]]></system-out>
         <system-err><![CDATA[]]></system-err>
      </testcase>
      <testcase name="Test Cases/Broadcasts/TC0120" classname="Test Cases/Broadcasts/TC0120" status="PASSED">
         <system-out><![CDATA[2019-04-23 09:42:17 - [TEST_CASE][PASSED] - Test Cases/Broadcasts/TC0120: Test Cases/Broadcasts/TC0120

2019-04-23 09:42:17 - [TEST_STEP][PASSED] - callTestCase: Call Test Case 'Test Cases/s-sidebar_navigation/TeamAccount/Broadcasts' successfully

2019-04-23 09:42:17 - [TEST_CASE][PASSED] - Test Cases/s-sidebar_navigation/TeamAccount/Broadcasts: Test Cases/s-sidebar_navigation/TeamAccount/Broadcasts

2019-04-23 09:42:17 - [TEST_STEP][PASSED] - callTestCase: Call Test Case 'Test Cases/s-sidebar_navigation/individualAccount/broadcast' successfully

2019-04-23 09:42:17 - [TEST_CASE][PASSED] - Test Cases/s-sidebar_navigation/individualAccount/broadcast: Test Cases/s-sidebar_navigation/individualAccount/broadcast

2019-04-23 09:42:17 - [TEST_STEP][PASSED] - click: Object: 'Object Repository/Page_KiboPush  Dashboard/span_Polls' is clicked on

2019-04-23 09:42:18 - [MESSAGE][PASSED] - Object: 'Object Repository/Page_KiboPush  Dashboard/span_Polls' is clicked on

2019-04-23 09:42:18 - [TEST_STEP][PASSED] - delay: Delayed 1 second(s)

2019-04-23 09:42:19 - [MESSAGE][PASSED] - Delayed 1 second(s)

2019-04-23 09:42:19 - [TEST_STEP][PASSED] - click: Object: 'Object Repository/Page_KiboPush  Dashboard/span_Broadcasts' is clicked on

2019-04-23 09:42:19 - [MESSAGE][PASSED] - Object: 'Object Repository/Page_KiboPush  Dashboard/span_Broadcasts' is clicked on

2019-04-23 09:42:19 - [TEST_STEP][PASSED] - delay: Delayed 1 second(s)

2019-04-23 09:42:20 - [MESSAGE][PASSED] - Delayed 1 second(s)

2019-04-23 09:42:20 - [TEST_STEP][PASSED] - scrollToPosition: Browser is scrolled to position x = 0, y = 0

2019-04-23 09:42:21 - [MESSAGE][PASSED] - Browser is scrolled to position x = 0, y = 0

2019-04-23 09:42:21 - [TEST_STEP][PASSED] - click: Object: 'Object Repository/Page_KiboPush  Broadcast/h3_Manage Broadcasts' is clicked on

2019-04-23 09:42:21 - [MESSAGE][PASSED] - Object: 'Object Repository/Page_KiboPush  Broadcast/h3_Manage Broadcasts' is clicked on

2019-04-23 09:42:21 - [MESSAGE][PASSED] - Call Test Case 'Test Cases/s-sidebar_navigation/individualAccount/broadcast' successfully

2019-04-23 09:42:21 - [MESSAGE][PASSED] - Call Test Case 'Test Cases/s-sidebar_navigation/TeamAccount/Broadcasts' successfully

2019-04-23 09:42:21 - [TEST_STEP][PASSED] - selectOptionByValue: All options with value 'all' are selected in object 'Object Repository/Page_KiboPush  Broadcast/select_Filter by type...textim'  using regular expression

2019-04-23 09:42:22 - [MESSAGE][PASSED] - All options with value 'all' are selected in object 'Object Repository/Page_KiboPush  Broadcast/select_Filter by type...textim'  using regular expression]]></system-out>
         <system-err><![CDATA[]]></system-err>
      </testcase>
      <testcase name="Test Cases/Broadcasts/TC0121" classname="Test Cases/Broadcasts/TC0121" status="PASSED">
         <system-out><![CDATA[2019-04-23 09:42:22 - [TEST_CASE][PASSED] - Test Cases/Broadcasts/TC0121: Test Cases/Broadcasts/TC0121

2019-04-23 09:42:22 - [TEST_STEP][PASSED] - callTestCase: Call Test Case 'Test Cases/s-sidebar_navigation/TeamAccount/Broadcasts' successfully

2019-04-23 09:42:22 - [TEST_CASE][PASSED] - Test Cases/s-sidebar_navigation/TeamAccount/Broadcasts: Test Cases/s-sidebar_navigation/TeamAccount/Broadcasts

2019-04-23 09:42:22 - [TEST_STEP][PASSED] - callTestCase: Call Test Case 'Test Cases/s-sidebar_navigation/individualAccount/broadcast' successfully

2019-04-23 09:42:23 - [TEST_CASE][PASSED] - Test Cases/s-sidebar_navigation/individualAccount/broadcast: Test Cases/s-sidebar_navigation/individualAccount/broadcast

2019-04-23 09:42:23 - [TEST_STEP][PASSED] - click: Object: 'Object Repository/Page_KiboPush  Dashboard/span_Polls' is clicked on

2019-04-23 09:42:23 - [MESSAGE][PASSED] - Object: 'Object Repository/Page_KiboPush  Dashboard/span_Polls' is clicked on

2019-04-23 09:42:23 - [TEST_STEP][PASSED] - delay: Delayed 1 second(s)

2019-04-23 09:42:24 - [MESSAGE][PASSED] - Delayed 1 second(s)

2019-04-23 09:42:25 - [TEST_STEP][PASSED] - click: Object: 'Object Repository/Page_KiboPush  Dashboard/span_Broadcasts' is clicked on

2019-04-23 09:42:25 - [MESSAGE][PASSED] - Object: 'Object Repository/Page_KiboPush  Dashboard/span_Broadcasts' is clicked on

2019-04-23 09:42:25 - [TEST_STEP][PASSED] - delay: Delayed 1 second(s)

2019-04-23 09:42:26 - [MESSAGE][PASSED] - Delayed 1 second(s)

2019-04-23 09:42:26 - [TEST_STEP][PASSED] - scrollToPosition: Browser is scrolled to position x = 0, y = 0

2019-04-23 09:42:26 - [MESSAGE][PASSED] - Browser is scrolled to position x = 0, y = 0

2019-04-23 09:42:26 - [TEST_STEP][PASSED] - click: Object: 'Object Repository/Page_KiboPush  Broadcast/h3_Manage Broadcasts' is clicked on

2019-04-23 09:42:27 - [MESSAGE][PASSED] - Object: 'Object Repository/Page_KiboPush  Broadcast/h3_Manage Broadcasts' is clicked on

2019-04-23 09:42:27 - [MESSAGE][PASSED] - Call Test Case 'Test Cases/s-sidebar_navigation/individualAccount/broadcast' successfully

2019-04-23 09:42:27 - [MESSAGE][PASSED] - Call Test Case 'Test Cases/s-sidebar_navigation/TeamAccount/Broadcasts' successfully

2019-04-23 09:42:27 - [TEST_STEP][PASSED] - selectOptionByValue: All options with value 'video' are selected in object 'Object Repository/Page_KiboPush  Broadcast/select_Filter by type...textim (3)'  using regular expression

2019-04-23 09:42:27 - [MESSAGE][PASSED] - All options with value 'video' are selected in object 'Object Repository/Page_KiboPush  Broadcast/select_Filter by type...textim (3)'  using regular expression

2019-04-23 09:42:27 - [TEST_STEP][PASSED] - click: Object: 'Object Repository/Page_KiboPush  Broadcast/span_video (1)' is clicked on

2019-04-23 09:42:29 - [MESSAGE][PASSED] - Object: 'Object Repository/Page_KiboPush  Broadcast/span_video (1)' is clicked on]]></system-out>
         <system-err><![CDATA[]]></system-err>
      </testcase>
      <testcase name="Test Cases/Broadcasts/TC0122" classname="Test Cases/Broadcasts/TC0122" status="PASSED">
         <system-out><![CDATA[2019-04-23 09:42:29 - [TEST_CASE][PASSED] - Test Cases/Broadcasts/TC0122: Test Cases/Broadcasts/TC0122

2019-04-23 09:42:29 - [TEST_STEP][PASSED] - callTestCase: Call Test Case 'Test Cases/s-sidebar_navigation/TeamAccount/Broadcasts' successfully

2019-04-23 09:42:29 - [TEST_CASE][PASSED] - Test Cases/s-sidebar_navigation/TeamAccount/Broadcasts: Test Cases/s-sidebar_navigation/TeamAccount/Broadcasts

2019-04-23 09:42:29 - [TEST_STEP][PASSED] - callTestCase: Call Test Case 'Test Cases/s-sidebar_navigation/individualAccount/broadcast' successfully

2019-04-23 09:42:29 - [TEST_CASE][PASSED] - Test Cases/s-sidebar_navigation/individualAccount/broadcast: Test Cases/s-sidebar_navigation/individualAccount/broadcast

2019-04-23 09:42:29 - [TEST_STEP][PASSED] - click: Object: 'Object Repository/Page_KiboPush  Dashboard/span_Polls' is clicked on

2019-04-23 09:42:30 - [MESSAGE][PASSED] - Object: 'Object Repository/Page_KiboPush  Dashboard/span_Polls' is clicked on

2019-04-23 09:42:30 - [TEST_STEP][PASSED] - delay: Delayed 1 second(s)

2019-04-23 09:42:31 - [MESSAGE][PASSED] - Delayed 1 second(s)

2019-04-23 09:42:31 - [TEST_STEP][PASSED] - click: Object: 'Object Repository/Page_KiboPush  Dashboard/span_Broadcasts' is clicked on

2019-04-23 09:42:32 - [MESSAGE][PASSED] - Object: 'Object Repository/Page_KiboPush  Dashboard/span_Broadcasts' is clicked on

2019-04-23 09:42:32 - [TEST_STEP][PASSED] - delay: Delayed 1 second(s)

2019-04-23 09:42:33 - [MESSAGE][PASSED] - Delayed 1 second(s)

2019-04-23 09:42:33 - [TEST_STEP][PASSED] - scrollToPosition: Browser is scrolled to position x = 0, y = 0

2019-04-23 09:42:33 - [MESSAGE][PASSED] - Browser is scrolled to position x = 0, y = 0

2019-04-23 09:42:33 - [TEST_STEP][PASSED] - click: Object: 'Object Repository/Page_KiboPush  Broadcast/h3_Manage Broadcasts' is clicked on

2019-04-23 09:42:33 - [MESSAGE][PASSED] - Object: 'Object Repository/Page_KiboPush  Broadcast/h3_Manage Broadcasts' is clicked on

2019-04-23 09:42:33 - [MESSAGE][PASSED] - Call Test Case 'Test Cases/s-sidebar_navigation/individualAccount/broadcast' successfully

2019-04-23 09:42:33 - [MESSAGE][PASSED] - Call Test Case 'Test Cases/s-sidebar_navigation/TeamAccount/Broadcasts' successfully

2019-04-23 09:42:33 - [TEST_STEP][PASSED] - delay: Delayed 2 second(s)

2019-04-23 09:42:35 - [MESSAGE][PASSED] - Delayed 2 second(s)

2019-04-23 09:42:35 - [TEST_STEP][PASSED] - Statement - driver = com.kms.katalon.core.webui.driver.DriverFactory.getWebDriver(): null

2019-04-23 09:42:35 - [TEST_STEP][PASSED] - Statement - Table = driver.findElement(org.openqa.selenium.By.xpath("//table/tbody")): null

2019-04-23 09:42:36 - [TEST_STEP][PASSED] - Statement - rows_table = Table.findElements(org.openqa.selenium.By.tagName("tr")): null

2019-04-23 09:42:36 - [TEST_STEP][PASSED] - Statement - rows_count_before = rows_table.size(): null

2019-04-23 09:42:36 - [TEST_STEP][PASSED] - setText: Text '7' is set on object 'Object Repository/Page_KiboPush  Broadcast/input_example-text-input'

2019-04-23 09:42:37 - [MESSAGE][PASSED] - Text '7' is set on object 'Object Repository/Page_KiboPush  Broadcast/input_example-text-input'

2019-04-23 09:42:37 - [TEST_STEP][PASSED] - delay: Delayed 2 second(s)

2019-04-23 09:42:39 - [MESSAGE][PASSED] - Delayed 2 second(s)

2019-04-23 09:42:39 - [TEST_STEP][PASSED] - Statement - Table = driver.findElement(org.openqa.selenium.By.xpath("//table/tbody")): null

2019-04-23 09:42:39 - [TEST_STEP][PASSED] - Statement - rows_table = Table.findElements(org.openqa.selenium.By.tagName("tr")): null

2019-04-23 09:42:39 - [TEST_STEP][PASSED] - Statement - rows_count_after = rows_table.size(): null

2019-04-23 09:42:39 - [TEST_STEP][PASSED] - verifyNotMatch: Actual text '10' and expected text '7' are not matched 

2019-04-23 09:42:39 - [MESSAGE][PASSED] - Actual text '10' and expected text '7' are not matched 

2019-04-23 09:42:39 - [TEST_STEP][PASSED] - Statement - lastDateStr = Table.findElement(org.openqa.selenium.By.xpath("./tr[" + rows_count_after + "]/td[3]")).getText(): null

2019-04-23 09:42:39 - [TEST_STEP][PASSED] - Statement - dateFormat = new java.text.SimpleDateFormat(EEE MMM dd yyyy hh:mm aaa, java.util.Locale.ENGLISH): null

2019-04-23 09:42:39 - [TEST_STEP][PASSED] - Statement - lastDate = dateFormat.parse(lastDateStr): null

2019-04-23 09:42:39 - [TEST_STEP][PASSED] - Statement - currentDate = new java.util.Date(): null

2019-04-23 09:42:39 - [TEST_STEP][PASSED] - Statement - ltime = currentDate.getTime() - 7 * 24 * 60 * 60 * 1000: null

2019-04-23 09:42:39 - [TEST_STEP][PASSED] - Statement - currentDate = new java.util.Date(ltime): null

2019-04-23 09:42:39 - [TEST_STEP][PASSED] - Statement - If (currentDate.compareTo(lastDate).toString() == "-1"): Actual text '-1' and expected text '-1' are matched 

2019-04-23 09:42:39 - [TEST_STEP][PASSED] - verifyMatch: Actual text '-1' and expected text '-1' are matched 

2019-04-23 09:42:39 - [MESSAGE][PASSED] - Actual text '-1' and expected text '-1' are matched]]></system-out>
         <system-err><![CDATA[]]></system-err>
      </testcase>
      <testcase name="Test Cases/Broadcasts/TC0123" classname="Test Cases/Broadcasts/TC0123" status="PASSED">
         <system-out><![CDATA[2019-04-23 09:42:39 - [TEST_CASE][PASSED] - Test Cases/Broadcasts/TC0123: Test Cases/Broadcasts/TC0123

2019-04-23 09:42:40 - [TEST_STEP][PASSED] - callTestCase: Call Test Case 'Test Cases/s-sidebar_navigation/TeamAccount/Broadcasts' successfully

2019-04-23 09:42:40 - [TEST_CASE][PASSED] - Test Cases/s-sidebar_navigation/TeamAccount/Broadcasts: Test Cases/s-sidebar_navigation/TeamAccount/Broadcasts

2019-04-23 09:42:40 - [TEST_STEP][PASSED] - callTestCase: Call Test Case 'Test Cases/s-sidebar_navigation/individualAccount/broadcast' successfully

2019-04-23 09:42:40 - [TEST_CASE][PASSED] - Test Cases/s-sidebar_navigation/individualAccount/broadcast: Test Cases/s-sidebar_navigation/individualAccount/broadcast

2019-04-23 09:42:40 - [TEST_STEP][PASSED] - click: Object: 'Object Repository/Page_KiboPush  Dashboard/span_Polls' is clicked on

2019-04-23 09:42:41 - [MESSAGE][PASSED] - Object: 'Object Repository/Page_KiboPush  Dashboard/span_Polls' is clicked on

2019-04-23 09:42:41 - [TEST_STEP][PASSED] - delay: Delayed 1 second(s)

2019-04-23 09:42:42 - [MESSAGE][PASSED] - Delayed 1 second(s)

2019-04-23 09:42:42 - [TEST_STEP][PASSED] - click: Object: 'Object Repository/Page_KiboPush  Dashboard/span_Broadcasts' is clicked on

2019-04-23 09:42:43 - [MESSAGE][PASSED] - Object: 'Object Repository/Page_KiboPush  Dashboard/span_Broadcasts' is clicked on

2019-04-23 09:42:43 - [TEST_STEP][PASSED] - delay: Delayed 1 second(s)

2019-04-23 09:42:44 - [MESSAGE][PASSED] - Delayed 1 second(s)

2019-04-23 09:42:44 - [TEST_STEP][PASSED] - scrollToPosition: Browser is scrolled to position x = 0, y = 0

2019-04-23 09:42:45 - [MESSAGE][PASSED] - Browser is scrolled to position x = 0, y = 0

2019-04-23 09:42:45 - [TEST_STEP][PASSED] - click: Object: 'Object Repository/Page_KiboPush  Broadcast/h3_Manage Broadcasts' is clicked on

2019-04-23 09:42:45 - [MESSAGE][PASSED] - Object: 'Object Repository/Page_KiboPush  Broadcast/h3_Manage Broadcasts' is clicked on

2019-04-23 09:42:45 - [MESSAGE][PASSED] - Call Test Case 'Test Cases/s-sidebar_navigation/individualAccount/broadcast' successfully

2019-04-23 09:42:45 - [MESSAGE][PASSED] - Call Test Case 'Test Cases/s-sidebar_navigation/TeamAccount/Broadcasts' successfully

2019-04-23 09:42:45 - [TEST_STEP][PASSED] - delay: Delayed 2 second(s)

2019-04-23 09:42:47 - [MESSAGE][PASSED] - Delayed 2 second(s)

2019-04-23 09:42:47 - [TEST_STEP][PASSED] - Statement - date_page1 = getFirstRowDate(): null

2019-04-23 09:42:47 - [TEST_STEP][PASSED] - Statement - driver = com.kms.katalon.core.webui.driver.DriverFactory.getWebDriver(): null

2019-04-23 09:42:47 - [TEST_STEP][PASSED] - Statement - Try: null

2019-04-23 09:42:47 - [TEST_STEP][PASSED] - Statement - Table = driver.findElement(org.openqa.selenium.By.xpath("//table/tbody")): null

2019-04-23 09:42:47 - [TEST_STEP][PASSED] - Statement - rows_table = Table.findElements(org.openqa.selenium.By.tagName("tr")): null

2019-04-23 09:42:47 - [TEST_STEP][PASSED] - Statement - dates = new java.util.ArrayList(): null

2019-04-23 09:42:47 - [TEST_STEP][PASSED] - Statement - date = rows_table.get(0).findElement(org.openqa.selenium.By.xpath(".//td[@data-field="datetime"]")).getText(): null

2019-04-23 09:42:48 - [TEST_STEP][PASSED] - Statement - return date: null

2019-04-23 09:42:48 - [TEST_STEP][PASSED] - click: Object: 'Object Repository/Page_KiboPush  Broadcast/a_next (1)' is clicked on

2019-04-23 09:42:48 - [MESSAGE][PASSED] - Object: 'Object Repository/Page_KiboPush  Broadcast/a_next (1)' is clicked on

2019-04-23 09:42:48 - [TEST_STEP][PASSED] - delay: Delayed 2 second(s)

2019-04-23 09:42:50 - [MESSAGE][PASSED] - Delayed 2 second(s)

2019-04-23 09:42:50 - [TEST_STEP][PASSED] - Statement - date_page2 = getFirstRowDate(): null

2019-04-23 09:42:50 - [TEST_STEP][PASSED] - Statement - driver = com.kms.katalon.core.webui.driver.DriverFactory.getWebDriver(): null

2019-04-23 09:42:51 - [TEST_STEP][PASSED] - Statement - Try: null

2019-04-23 09:42:51 - [TEST_STEP][PASSED] - Statement - Table = driver.findElement(org.openqa.selenium.By.xpath("//table/tbody")): null

2019-04-23 09:42:51 - [TEST_STEP][PASSED] - Statement - rows_table = Table.findElements(org.openqa.selenium.By.tagName("tr")): null

2019-04-23 09:42:51 - [TEST_STEP][PASSED] - Statement - dates = new java.util.ArrayList(): null

2019-04-23 09:42:51 - [TEST_STEP][PASSED] - Statement - date = rows_table.get(0).findElement(org.openqa.selenium.By.xpath(".//td[@data-field="datetime"]")).getText(): null

2019-04-23 09:42:51 - [TEST_STEP][PASSED] - Statement - return date: null

2019-04-23 09:42:51 - [TEST_STEP][PASSED] - click: Object: 'Object Repository/Page_KiboPush  Broadcast/a_next (1)' is clicked on

2019-04-23 09:42:51 - [MESSAGE][PASSED] - Object: 'Object Repository/Page_KiboPush  Broadcast/a_next (1)' is clicked on

2019-04-23 09:42:51 - [TEST_STEP][PASSED] - delay: Delayed 2 second(s)

2019-04-23 09:42:53 - [MESSAGE][PASSED] - Delayed 2 second(s)

2019-04-23 09:42:53 - [TEST_STEP][PASSED] - Statement - date_page3 = getFirstRowDate(): null

2019-04-23 09:42:53 - [TEST_STEP][PASSED] - Statement - driver = com.kms.katalon.core.webui.driver.DriverFactory.getWebDriver(): null

2019-04-23 09:42:53 - [TEST_STEP][PASSED] - Statement - Try: null

2019-04-23 09:42:53 - [TEST_STEP][PASSED] - Statement - Table = driver.findElement(org.openqa.selenium.By.xpath("//table/tbody")): null

2019-04-23 09:42:53 - [TEST_STEP][PASSED] - Statement - rows_table = Table.findElements(org.openqa.selenium.By.tagName("tr")): null

2019-04-23 09:42:53 - [TEST_STEP][PASSED] - Statement - dates = new java.util.ArrayList(): null

2019-04-23 09:42:53 - [TEST_STEP][PASSED] - Statement - date = rows_table.get(0).findElement(org.openqa.selenium.By.xpath(".//td[@data-field="datetime"]")).getText(): null

2019-04-23 09:42:54 - [TEST_STEP][PASSED] - Statement - return date: null

2019-04-23 09:42:54 - [TEST_STEP][PASSED] - verifyNotMatch: Actual text 'Wed Apr 17 2019 11:47 AM' and expected text 'Mon Mar 11 2019 1:57 PM' are not matched 

2019-04-23 09:42:54 - [MESSAGE][PASSED] - Actual text 'Wed Apr 17 2019 11:47 AM' and expected text 'Mon Mar 11 2019 1:57 PM' are not matched 

2019-04-23 09:42:54 - [TEST_STEP][PASSED] - verifyNotMatch: Actual text 'Wed Apr 17 2019 11:47 AM' and expected text 'Thu Mar 07 2019 2:04 PM' are not matched 

2019-04-23 09:42:54 - [MESSAGE][PASSED] - Actual text 'Wed Apr 17 2019 11:47 AM' and expected text 'Thu Mar 07 2019 2:04 PM' are not matched 

2019-04-23 09:42:54 - [TEST_STEP][PASSED] - verifyNotMatch: Actual text 'Mon Mar 11 2019 1:57 PM' and expected text 'Thu Mar 07 2019 2:04 PM' are not matched 

2019-04-23 09:42:54 - [MESSAGE][PASSED] - Actual text 'Mon Mar 11 2019 1:57 PM' and expected text 'Thu Mar 07 2019 2:04 PM' are not matched 

2019-04-23 09:42:54 - [TEST_STEP][PASSED] - Statement - dateFormat = new java.text.SimpleDateFormat(EEE MMM dd yyyy hh:mm aaa, java.util.Locale.ENGLISH): null

2019-04-23 09:42:54 - [TEST_STEP][PASSED] - Statement - date1 = dateFormat.parse(date_page1): null

2019-04-23 09:42:54 - [TEST_STEP][PASSED] - Statement - date2 = dateFormat.parse(date_page2): null

2019-04-23 09:42:54 - [TEST_STEP][PASSED] - Statement - date3 = dateFormat.parse(date_page3): null

2019-04-23 09:42:54 - [TEST_STEP][PASSED] - Statement - println(date1): null

2019-04-23 09:42:54 - [TEST_STEP][PASSED] - Statement - println(date2): null

2019-04-23 09:42:54 - [TEST_STEP][PASSED] - Statement - println(date3): null

2019-04-23 09:42:54 - [TEST_STEP][PASSED] - Statement - If (!(date1.after(date2) && date2.after(date3))): null]]></system-out>
         <system-err><![CDATA[]]></system-err>
      </testcase>
      <testcase name="Test Cases/Broadcasts/TC0124" classname="Test Cases/Broadcasts/TC0124" status="PASSED">
         <system-out><![CDATA[2019-04-23 09:42:54 - [TEST_CASE][PASSED] - Test Cases/Broadcasts/TC0124: Test Cases/Broadcasts/TC0124

2019-04-23 09:42:55 - [TEST_STEP][PASSED] - callTestCase: Call Test Case 'Test Cases/s-sidebar_navigation/TeamAccount/Broadcasts' successfully

2019-04-23 09:42:56 - [TEST_CASE][PASSED] - Test Cases/s-sidebar_navigation/TeamAccount/Broadcasts: Test Cases/s-sidebar_navigation/TeamAccount/Broadcasts

2019-04-23 09:42:56 - [TEST_STEP][PASSED] - callTestCase: Call Test Case 'Test Cases/s-sidebar_navigation/individualAccount/broadcast' successfully

2019-04-23 09:42:56 - [TEST_CASE][PASSED] - Test Cases/s-sidebar_navigation/individualAccount/broadcast: Test Cases/s-sidebar_navigation/individualAccount/broadcast

2019-04-23 09:42:56 - [TEST_STEP][PASSED] - click: Object: 'Object Repository/Page_KiboPush  Dashboard/span_Polls' is clicked on

2019-04-23 09:42:57 - [MESSAGE][PASSED] - Object: 'Object Repository/Page_KiboPush  Dashboard/span_Polls' is clicked on

2019-04-23 09:42:57 - [TEST_STEP][PASSED] - delay: Delayed 1 second(s)

2019-04-23 09:42:58 - [MESSAGE][PASSED] - Delayed 1 second(s)

2019-04-23 09:42:58 - [TEST_STEP][PASSED] - click: Object: 'Object Repository/Page_KiboPush  Dashboard/span_Broadcasts' is clicked on

2019-04-23 09:42:59 - [MESSAGE][PASSED] - Object: 'Object Repository/Page_KiboPush  Dashboard/span_Broadcasts' is clicked on

2019-04-23 09:42:59 - [TEST_STEP][PASSED] - delay: Delayed 1 second(s)

2019-04-23 09:43:00 - [MESSAGE][PASSED] - Delayed 1 second(s)

2019-04-23 09:43:00 - [TEST_STEP][PASSED] - scrollToPosition: Browser is scrolled to position x = 0, y = 0

2019-04-23 09:43:00 - [MESSAGE][PASSED] - Browser is scrolled to position x = 0, y = 0

2019-04-23 09:43:00 - [TEST_STEP][PASSED] - click: Object: 'Object Repository/Page_KiboPush  Broadcast/h3_Manage Broadcasts' is clicked on

2019-04-23 09:43:01 - [MESSAGE][PASSED] - Object: 'Object Repository/Page_KiboPush  Broadcast/h3_Manage Broadcasts' is clicked on

2019-04-23 09:43:01 - [MESSAGE][PASSED] - Call Test Case 'Test Cases/s-sidebar_navigation/individualAccount/broadcast' successfully

2019-04-23 09:43:01 - [MESSAGE][PASSED] - Call Test Case 'Test Cases/s-sidebar_navigation/TeamAccount/Broadcasts' successfully

2019-04-23 09:43:01 - [TEST_STEP][PASSED] - delay: Delayed 2 second(s)

2019-04-23 09:43:03 - [MESSAGE][PASSED] - Delayed 2 second(s)

2019-04-23 09:43:03 - [TEST_STEP][PASSED] - click: Object: 'Object Repository/Page_KiboPush  Broadcast/a_4' is clicked on

2019-04-23 09:43:03 - [MESSAGE][PASSED] - Object: 'Object Repository/Page_KiboPush  Broadcast/a_4' is clicked on

2019-04-23 09:43:03 - [TEST_STEP][PASSED] - delay: Delayed 2 second(s)

2019-04-23 09:43:05 - [MESSAGE][PASSED] - Delayed 2 second(s)

2019-04-23 09:43:05 - [TEST_STEP][PASSED] - Statement - date_page4 = getFirstRowDate(): null

2019-04-23 09:43:05 - [TEST_STEP][PASSED] - Statement - driver = com.kms.katalon.core.webui.driver.DriverFactory.getWebDriver(): null

2019-04-23 09:43:05 - [TEST_STEP][PASSED] - Statement - Try: null

2019-04-23 09:43:05 - [TEST_STEP][PASSED] - Statement - Table = driver.findElement(org.openqa.selenium.By.xpath("//table/tbody")): null

2019-04-23 09:43:05 - [TEST_STEP][PASSED] - Statement - rows_table = Table.findElements(org.openqa.selenium.By.tagName("tr")): null

2019-04-23 09:43:05 - [TEST_STEP][PASSED] - Statement - dates = new java.util.ArrayList(): null

2019-04-23 09:43:05 - [TEST_STEP][PASSED] - Statement - date = rows_table.get(0).findElement(org.openqa.selenium.By.xpath(".//td[@data-field="datetime"]")).getText(): null

2019-04-23 09:43:06 - [TEST_STEP][PASSED] - Statement - return date: null

2019-04-23 09:43:06 - [TEST_STEP][PASSED] - click: Object: 'Object Repository/Page_KiboPush  Broadcast/a_previous' is clicked on

2019-04-23 09:43:06 - [MESSAGE][PASSED] - Object: 'Object Repository/Page_KiboPush  Broadcast/a_previous' is clicked on

2019-04-23 09:43:06 - [TEST_STEP][PASSED] - delay: Delayed 2 second(s)

2019-04-23 09:43:08 - [MESSAGE][PASSED] - Delayed 2 second(s)

2019-04-23 09:43:08 - [TEST_STEP][PASSED] - Statement - date_page3 = getFirstRowDate(): null

2019-04-23 09:43:08 - [TEST_STEP][PASSED] - Statement - driver = com.kms.katalon.core.webui.driver.DriverFactory.getWebDriver(): null

2019-04-23 09:43:08 - [TEST_STEP][PASSED] - Statement - Try: null

2019-04-23 09:43:08 - [TEST_STEP][PASSED] - Statement - Table = driver.findElement(org.openqa.selenium.By.xpath("//table/tbody")): null

2019-04-23 09:43:08 - [TEST_STEP][PASSED] - Statement - rows_table = Table.findElements(org.openqa.selenium.By.tagName("tr")): null

2019-04-23 09:43:08 - [TEST_STEP][PASSED] - Statement - dates = new java.util.ArrayList(): null

2019-04-23 09:43:08 - [TEST_STEP][PASSED] - Statement - date = rows_table.get(0).findElement(org.openqa.selenium.By.xpath(".//td[@data-field="datetime"]")).getText(): null

2019-04-23 09:43:08 - [TEST_STEP][PASSED] - Statement - return date: null

2019-04-23 09:43:08 - [TEST_STEP][PASSED] - click: Object: 'Object Repository/Page_KiboPush  Broadcast/a_previous' is clicked on

2019-04-23 09:43:09 - [MESSAGE][PASSED] - Object: 'Object Repository/Page_KiboPush  Broadcast/a_previous' is clicked on

2019-04-23 09:43:09 - [TEST_STEP][PASSED] - delay: Delayed 3 second(s)

2019-04-23 09:43:12 - [MESSAGE][PASSED] - Delayed 3 second(s)

2019-04-23 09:43:12 - [TEST_STEP][PASSED] - Statement - date_page2 = getFirstRowDate(): null

2019-04-23 09:43:12 - [TEST_STEP][PASSED] - Statement - driver = com.kms.katalon.core.webui.driver.DriverFactory.getWebDriver(): null

2019-04-23 09:43:12 - [TEST_STEP][PASSED] - Statement - Try: null

2019-04-23 09:43:12 - [TEST_STEP][PASSED] - Statement - Table = driver.findElement(org.openqa.selenium.By.xpath("//table/tbody")): null

2019-04-23 09:43:12 - [TEST_STEP][PASSED] - Statement - rows_table = Table.findElements(org.openqa.selenium.By.tagName("tr")): null

2019-04-23 09:43:12 - [TEST_STEP][PASSED] - Statement - dates = new java.util.ArrayList(): null

2019-04-23 09:43:12 - [TEST_STEP][PASSED] - Statement - date = rows_table.get(0).findElement(org.openqa.selenium.By.xpath(".//td[@data-field="datetime"]")).getText(): null

2019-04-23 09:43:12 - [TEST_STEP][PASSED] - Statement - return date: null

2019-04-23 09:43:12 - [TEST_STEP][PASSED] - verifyNotMatch: Actual text 'Thu Mar 07 2019 1:51 PM' and expected text 'Thu Mar 07 2019 2:04 PM' are not matched 

2019-04-23 09:43:13 - [MESSAGE][PASSED] - Actual text 'Thu Mar 07 2019 1:51 PM' and expected text 'Thu Mar 07 2019 2:04 PM' are not matched 

2019-04-23 09:43:13 - [TEST_STEP][PASSED] - verifyNotMatch: Actual text 'Thu Mar 07 2019 1:51 PM' and expected text 'Mon Mar 11 2019 1:57 PM' are not matched 

2019-04-23 09:43:13 - [MESSAGE][PASSED] - Actual text 'Thu Mar 07 2019 1:51 PM' and expected text 'Mon Mar 11 2019 1:57 PM' are not matched 

2019-04-23 09:43:13 - [TEST_STEP][PASSED] - verifyNotMatch: Actual text 'Thu Mar 07 2019 2:04 PM' and expected text 'Mon Mar 11 2019 1:57 PM' are not matched 

2019-04-23 09:43:13 - [MESSAGE][PASSED] - Actual text 'Thu Mar 07 2019 2:04 PM' and expected text 'Mon Mar 11 2019 1:57 PM' are not matched 

2019-04-23 09:43:13 - [TEST_STEP][PASSED] - Statement - dateFormat = new java.text.SimpleDateFormat(EEE MMM dd yyyy hh:mm aaa, java.util.Locale.ENGLISH): null

2019-04-23 09:43:13 - [TEST_STEP][PASSED] - Statement - date4 = dateFormat.parse(date_page4): null

2019-04-23 09:43:13 - [TEST_STEP][PASSED] - Statement - date3 = dateFormat.parse(date_page3): null

2019-04-23 09:43:13 - [TEST_STEP][PASSED] - Statement - date2 = dateFormat.parse(date_page2): null

2019-04-23 09:43:13 - [TEST_STEP][PASSED] - Statement - If (!(date2.after(date3) && date3.after(date4))): null]]></system-out>
         <system-err><![CDATA[]]></system-err>
      </testcase>
      <testcase name="Test Cases/Broadcasts/TC0125" classname="Test Cases/Broadcasts/TC0125" status="PASSED">
         <system-out><![CDATA[2019-04-23 09:43:13 - [TEST_CASE][PASSED] - Test Cases/Broadcasts/TC0125: Test Cases/Broadcasts/TC0125

2019-04-23 09:43:14 - [TEST_STEP][PASSED] - callTestCase: Call Test Case 'Test Cases/s-sidebar_navigation/TeamAccount/Broadcasts' successfully

2019-04-23 09:43:14 - [TEST_CASE][PASSED] - Test Cases/s-sidebar_navigation/TeamAccount/Broadcasts: Test Cases/s-sidebar_navigation/TeamAccount/Broadcasts

2019-04-23 09:43:14 - [TEST_STEP][PASSED] - callTestCase: Call Test Case 'Test Cases/s-sidebar_navigation/individualAccount/broadcast' successfully

2019-04-23 09:43:14 - [TEST_CASE][PASSED] - Test Cases/s-sidebar_navigation/individualAccount/broadcast: Test Cases/s-sidebar_navigation/individualAccount/broadcast

2019-04-23 09:43:14 - [TEST_STEP][PASSED] - click: Object: 'Object Repository/Page_KiboPush  Dashboard/span_Polls' is clicked on

2019-04-23 09:43:15 - [MESSAGE][PASSED] - Object: 'Object Repository/Page_KiboPush  Dashboard/span_Polls' is clicked on

2019-04-23 09:43:15 - [TEST_STEP][PASSED] - delay: Delayed 1 second(s)

2019-04-23 09:43:16 - [MESSAGE][PASSED] - Delayed 1 second(s)

2019-04-23 09:43:16 - [TEST_STEP][PASSED] - click: Object: 'Object Repository/Page_KiboPush  Dashboard/span_Broadcasts' is clicked on

2019-04-23 09:43:16 - [MESSAGE][PASSED] - Object: 'Object Repository/Page_KiboPush  Dashboard/span_Broadcasts' is clicked on

2019-04-23 09:43:16 - [TEST_STEP][PASSED] - delay: Delayed 1 second(s)

2019-04-23 09:43:17 - [MESSAGE][PASSED] - Delayed 1 second(s)

2019-04-23 09:43:17 - [TEST_STEP][PASSED] - scrollToPosition: Browser is scrolled to position x = 0, y = 0

2019-04-23 09:43:18 - [MESSAGE][PASSED] - Browser is scrolled to position x = 0, y = 0

2019-04-23 09:43:18 - [TEST_STEP][PASSED] - click: Object: 'Object Repository/Page_KiboPush  Broadcast/h3_Manage Broadcasts' is clicked on

2019-04-23 09:43:18 - [MESSAGE][PASSED] - Object: 'Object Repository/Page_KiboPush  Broadcast/h3_Manage Broadcasts' is clicked on

2019-04-23 09:43:18 - [MESSAGE][PASSED] - Call Test Case 'Test Cases/s-sidebar_navigation/individualAccount/broadcast' successfully

2019-04-23 09:43:18 - [MESSAGE][PASSED] - Call Test Case 'Test Cases/s-sidebar_navigation/TeamAccount/Broadcasts' successfully

2019-04-23 09:43:18 - [TEST_STEP][PASSED] - delay: Delayed 1 second(s)

2019-04-23 09:43:19 - [MESSAGE][PASSED] - Delayed 1 second(s)

2019-04-23 09:43:19 - [TEST_STEP][PASSED] - Statement - date_page1 = getFirstRowDate(): null

2019-04-23 09:43:19 - [TEST_STEP][PASSED] - Statement - driver = com.kms.katalon.core.webui.driver.DriverFactory.getWebDriver(): null

2019-04-23 09:43:19 - [TEST_STEP][PASSED] - Statement - Try: null

2019-04-23 09:43:19 - [TEST_STEP][PASSED] - Statement - Table = driver.findElement(org.openqa.selenium.By.xpath("//table/tbody")): null

2019-04-23 09:43:19 - [TEST_STEP][PASSED] - Statement - rows_table = Table.findElements(org.openqa.selenium.By.tagName("tr")): null

2019-04-23 09:43:19 - [TEST_STEP][PASSED] - Statement - dates = new java.util.ArrayList(): null

2019-04-23 09:43:20 - [TEST_STEP][PASSED] - Statement - date = rows_table.get(0).findElement(org.openqa.selenium.By.xpath(".//td[@data-field="datetime"]")).getText(): null

2019-04-23 09:43:20 - [TEST_STEP][PASSED] - Statement - return date: null

2019-04-23 09:43:20 - [TEST_STEP][PASSED] - click: Object: 'Object Repository/Page_KiboPush  Broadcast/a_2' is clicked on

2019-04-23 09:43:20 - [MESSAGE][PASSED] - Object: 'Object Repository/Page_KiboPush  Broadcast/a_2' is clicked on

2019-04-23 09:43:20 - [TEST_STEP][PASSED] - delay: Delayed 1 second(s)

2019-04-23 09:43:21 - [MESSAGE][PASSED] - Delayed 1 second(s)

2019-04-23 09:43:21 - [TEST_STEP][PASSED] - Statement - date_page2 = getFirstRowDate(): null

2019-04-23 09:43:21 - [TEST_STEP][PASSED] - Statement - driver = com.kms.katalon.core.webui.driver.DriverFactory.getWebDriver(): null

2019-04-23 09:43:21 - [TEST_STEP][PASSED] - Statement - Try: null

2019-04-23 09:43:21 - [TEST_STEP][PASSED] - Statement - Table = driver.findElement(org.openqa.selenium.By.xpath("//table/tbody")): null

2019-04-23 09:43:21 - [TEST_STEP][PASSED] - Statement - rows_table = Table.findElements(org.openqa.selenium.By.tagName("tr")): null

2019-04-23 09:43:21 - [TEST_STEP][PASSED] - Statement - dates = new java.util.ArrayList(): null

2019-04-23 09:43:21 - [TEST_STEP][PASSED] - Statement - date = rows_table.get(0).findElement(org.openqa.selenium.By.xpath(".//td[@data-field="datetime"]")).getText(): null

2019-04-23 09:43:21 - [TEST_STEP][PASSED] - Statement - return date: null

2019-04-23 09:43:21 - [TEST_STEP][PASSED] - click: Object: 'Object Repository/Page_KiboPush  Broadcast/a_4' is clicked on

2019-04-23 09:43:22 - [MESSAGE][PASSED] - Object: 'Object Repository/Page_KiboPush  Broadcast/a_4' is clicked on

2019-04-23 09:43:22 - [TEST_STEP][PASSED] - delay: Delayed 2 second(s)

2019-04-23 09:43:24 - [MESSAGE][PASSED] - Delayed 2 second(s)

2019-04-23 09:43:24 - [TEST_STEP][PASSED] - Statement - date_page4 = getFirstRowDate(): null

2019-04-23 09:43:24 - [TEST_STEP][PASSED] - Statement - driver = com.kms.katalon.core.webui.driver.DriverFactory.getWebDriver(): null

2019-04-23 09:43:24 - [TEST_STEP][PASSED] - Statement - Try: null

2019-04-23 09:43:24 - [TEST_STEP][PASSED] - Statement - Table = driver.findElement(org.openqa.selenium.By.xpath("//table/tbody")): null

2019-04-23 09:43:24 - [TEST_STEP][PASSED] - Statement - rows_table = Table.findElements(org.openqa.selenium.By.tagName("tr")): null

2019-04-23 09:43:24 - [TEST_STEP][PASSED] - Statement - dates = new java.util.ArrayList(): null

2019-04-23 09:43:24 - [TEST_STEP][PASSED] - Statement - date = rows_table.get(0).findElement(org.openqa.selenium.By.xpath(".//td[@data-field="datetime"]")).getText(): null

2019-04-23 09:43:24 - [TEST_STEP][PASSED] - Statement - return date: null

2019-04-23 09:43:24 - [TEST_STEP][PASSED] - Statement - println("Testing next pages"): null

2019-04-23 09:43:24 - [TEST_STEP][PASSED] - verifyNotMatch: Actual text 'Wed Apr 17 2019 11:47 AM' and expected text 'Mon Mar 11 2019 1:57 PM' are not matched 

2019-04-23 09:43:24 - [MESSAGE][PASSED] - Actual text 'Wed Apr 17 2019 11:47 AM' and expected text 'Mon Mar 11 2019 1:57 PM' are not matched 

2019-04-23 09:43:24 - [TEST_STEP][PASSED] - verifyNotMatch: Actual text 'Wed Apr 17 2019 11:47 AM' and expected text 'Thu Mar 07 2019 1:51 PM' are not matched 

2019-04-23 09:43:24 - [MESSAGE][PASSED] - Actual text 'Wed Apr 17 2019 11:47 AM' and expected text 'Thu Mar 07 2019 1:51 PM' are not matched 

2019-04-23 09:43:24 - [TEST_STEP][PASSED] - verifyNotMatch: Actual text 'Mon Mar 11 2019 1:57 PM' and expected text 'Thu Mar 07 2019 1:51 PM' are not matched 

2019-04-23 09:43:24 - [MESSAGE][PASSED] - Actual text 'Mon Mar 11 2019 1:57 PM' and expected text 'Thu Mar 07 2019 1:51 PM' are not matched 

2019-04-23 09:43:24 - [TEST_STEP][PASSED] - click: Object: 'Object Repository/Page_KiboPush  Broadcast/a_3' is clicked on

2019-04-23 09:43:25 - [MESSAGE][PASSED] - Object: 'Object Repository/Page_KiboPush  Broadcast/a_3' is clicked on

2019-04-23 09:43:25 - [TEST_STEP][PASSED] - delay: Delayed 2 second(s)

2019-04-23 09:43:27 - [MESSAGE][PASSED] - Delayed 2 second(s)

2019-04-23 09:43:27 - [TEST_STEP][PASSED] - Statement - date_page3 = getFirstRowDate(): null

2019-04-23 09:43:27 - [TEST_STEP][PASSED] - Statement - driver = com.kms.katalon.core.webui.driver.DriverFactory.getWebDriver(): null

2019-04-23 09:43:27 - [TEST_STEP][PASSED] - Statement - Try: null

2019-04-23 09:43:27 - [TEST_STEP][PASSED] - Statement - Table = driver.findElement(org.openqa.selenium.By.xpath("//table/tbody")): null

2019-04-23 09:43:27 - [TEST_STEP][PASSED] - Statement - rows_table = Table.findElements(org.openqa.selenium.By.tagName("tr")): null

2019-04-23 09:43:27 - [TEST_STEP][PASSED] - Statement - dates = new java.util.ArrayList(): null

2019-04-23 09:43:27 - [TEST_STEP][PASSED] - Statement - date = rows_table.get(0).findElement(org.openqa.selenium.By.xpath(".//td[@data-field="datetime"]")).getText(): null

2019-04-23 09:43:27 - [TEST_STEP][PASSED] - Statement - return date: null

2019-04-23 09:43:27 - [TEST_STEP][PASSED] - click: Object: 'Object Repository/Page_KiboPush  Broadcast/a_1' is clicked on

2019-04-23 09:43:28 - [MESSAGE][PASSED] - Object: 'Object Repository/Page_KiboPush  Broadcast/a_1' is clicked on

2019-04-23 09:43:28 - [TEST_STEP][PASSED] - delay: Delayed 2 second(s)

2019-04-23 09:43:30 - [MESSAGE][PASSED] - Delayed 2 second(s)

2019-04-23 09:43:30 - [TEST_STEP][PASSED] - Statement - date_page1 = getFirstRowDate(): null

2019-04-23 09:43:30 - [TEST_STEP][PASSED] - Statement - driver = com.kms.katalon.core.webui.driver.DriverFactory.getWebDriver(): null

2019-04-23 09:43:30 - [TEST_STEP][PASSED] - Statement - Try: null

2019-04-23 09:43:30 - [TEST_STEP][PASSED] - Statement - Table = driver.findElement(org.openqa.selenium.By.xpath("//table/tbody")): null

2019-04-23 09:43:30 - [TEST_STEP][PASSED] - Statement - rows_table = Table.findElements(org.openqa.selenium.By.tagName("tr")): null

2019-04-23 09:43:30 - [TEST_STEP][PASSED] - Statement - dates = new java.util.ArrayList(): null

2019-04-23 09:43:30 - [TEST_STEP][PASSED] - Statement - date = rows_table.get(0).findElement(org.openqa.selenium.By.xpath(".//td[@data-field="datetime"]")).getText(): null

2019-04-23 09:43:30 - [TEST_STEP][PASSED] - Statement - return date: null

2019-04-23 09:43:30 - [TEST_STEP][PASSED] - Statement - println("Testing previous pages"): null

2019-04-23 09:43:30 - [TEST_STEP][PASSED] - verifyNotMatch: Actual text 'Thu Mar 07 2019 1:51 PM' and expected text 'Thu Mar 07 2019 2:04 PM' are not matched 

2019-04-23 09:43:30 - [MESSAGE][PASSED] - Actual text 'Thu Mar 07 2019 1:51 PM' and expected text 'Thu Mar 07 2019 2:04 PM' are not matched 

2019-04-23 09:43:30 - [TEST_STEP][PASSED] - verifyNotMatch: Actual text 'Thu Mar 07 2019 1:51 PM' and expected text 'Wed Apr 17 2019 11:47 AM' are not matched 

2019-04-23 09:43:30 - [MESSAGE][PASSED] - Actual text 'Thu Mar 07 2019 1:51 PM' and expected text 'Wed Apr 17 2019 11:47 AM' are not matched 

2019-04-23 09:43:30 - [TEST_STEP][PASSED] - verifyNotMatch: Actual text 'Thu Mar 07 2019 2:04 PM' and expected text 'Wed Apr 17 2019 11:47 AM' are not matched 

2019-04-23 09:43:30 - [MESSAGE][PASSED] - Actual text 'Thu Mar 07 2019 2:04 PM' and expected text 'Wed Apr 17 2019 11:47 AM' are not matched 

2019-04-23 09:43:30 - [TEST_STEP][PASSED] - Statement - dateFormat = new java.text.SimpleDateFormat(EEE MMM dd yyyy hh:mm aaa, java.util.Locale.ENGLISH): null

2019-04-23 09:43:30 - [TEST_STEP][PASSED] - Statement - date4 = dateFormat.parse(date_page4): null

2019-04-23 09:43:30 - [TEST_STEP][PASSED] - Statement - date3 = dateFormat.parse(date_page3): null

2019-04-23 09:43:30 - [TEST_STEP][PASSED] - Statement - date1 = dateFormat.parse(date_page1): null

2019-04-23 09:43:30 - [TEST_STEP][PASSED] - Statement - If (!(date1.after(date3) && date3.after(date4))): null]]></system-out>
         <system-err><![CDATA[]]></system-err>
      </testcase>
      <testcase name="Test Cases/Broadcasts/TC0126" classname="Test Cases/Broadcasts/TC0126" status="PASSED">
         <system-out><![CDATA[2019-04-23 09:43:30 - [TEST_CASE][PASSED] - Test Cases/Broadcasts/TC0126: Test Cases/Broadcasts/TC0126

2019-04-23 09:43:31 - [TEST_STEP][PASSED] - callTestCase: Call Test Case 'Test Cases/s-sidebar_navigation/TeamAccount/Broadcasts' successfully

2019-04-23 09:43:31 - [TEST_CASE][PASSED] - Test Cases/s-sidebar_navigation/TeamAccount/Broadcasts: Test Cases/s-sidebar_navigation/TeamAccount/Broadcasts

2019-04-23 09:43:31 - [TEST_STEP][PASSED] - callTestCase: Call Test Case 'Test Cases/s-sidebar_navigation/individualAccount/broadcast' successfully

2019-04-23 09:43:31 - [TEST_CASE][PASSED] - Test Cases/s-sidebar_navigation/individualAccount/broadcast: Test Cases/s-sidebar_navigation/individualAccount/broadcast

2019-04-23 09:43:31 - [TEST_STEP][PASSED] - click: Object: 'Object Repository/Page_KiboPush  Dashboard/span_Polls' is clicked on

2019-04-23 09:43:32 - [MESSAGE][PASSED] - Object: 'Object Repository/Page_KiboPush  Dashboard/span_Polls' is clicked on

2019-04-23 09:43:32 - [TEST_STEP][PASSED] - delay: Delayed 1 second(s)

2019-04-23 09:43:33 - [MESSAGE][PASSED] - Delayed 1 second(s)

2019-04-23 09:43:33 - [TEST_STEP][PASSED] - click: Object: 'Object Repository/Page_KiboPush  Dashboard/span_Broadcasts' is clicked on

2019-04-23 09:43:34 - [MESSAGE][PASSED] - Object: 'Object Repository/Page_KiboPush  Dashboard/span_Broadcasts' is clicked on

2019-04-23 09:43:34 - [TEST_STEP][PASSED] - delay: Delayed 1 second(s)

2019-04-23 09:43:35 - [MESSAGE][PASSED] - Delayed 1 second(s)

2019-04-23 09:43:35 - [TEST_STEP][PASSED] - scrollToPosition: Browser is scrolled to position x = 0, y = 0

2019-04-23 09:43:35 - [MESSAGE][PASSED] - Browser is scrolled to position x = 0, y = 0

2019-04-23 09:43:35 - [TEST_STEP][PASSED] - click: Object: 'Object Repository/Page_KiboPush  Broadcast/h3_Manage Broadcasts' is clicked on

2019-04-23 09:43:35 - [MESSAGE][PASSED] - Object: 'Object Repository/Page_KiboPush  Broadcast/h3_Manage Broadcasts' is clicked on

2019-04-23 09:43:35 - [MESSAGE][PASSED] - Call Test Case 'Test Cases/s-sidebar_navigation/individualAccount/broadcast' successfully

2019-04-23 09:43:35 - [MESSAGE][PASSED] - Call Test Case 'Test Cases/s-sidebar_navigation/TeamAccount/Broadcasts' successfully

2019-04-23 09:43:35 - [TEST_STEP][PASSED] - click: Object: 'Object Repository/Page_KiboPush  Broadcast/span_Create New Broadcast' is clicked on

2019-04-23 09:43:36 - [MESSAGE][PASSED] - Object: 'Object Repository/Page_KiboPush  Broadcast/span_Create New Broadcast' is clicked on

2019-04-23 09:43:36 - [TEST_STEP][PASSED] - click: Object: 'Object Repository/Page_KiboPush  Broadcast/h3_Create Broadcast (1) (1)' is clicked on

2019-04-23 09:43:37 - [MESSAGE][PASSED] - Object: 'Object Repository/Page_KiboPush  Broadcast/h3_Create Broadcast (1) (1)' is clicked on

2019-04-23 09:43:37 - [TEST_STEP][PASSED] - click: Object: 'Object Repository/Page_KiboPush  Broadcast/p_To create a new broadcast fr (1)' is clicked on

2019-04-23 09:43:37 - [MESSAGE][PASSED] - Object: 'Object Repository/Page_KiboPush  Broadcast/p_To create a new broadcast fr (1)' is clicked on

2019-04-23 09:43:37 - [TEST_STEP][PASSED] - click: Object: 'Object Repository/Page_KiboPush  Broadcast/a_Create New Broadcast' is clicked on

2019-04-23 09:43:38 - [MESSAGE][PASSED] - Object: 'Object Repository/Page_KiboPush  Broadcast/a_Create New Broadcast' is clicked on]]></system-out>
         <system-err><![CDATA[]]></system-err>
      </testcase>
      <testcase name="Test Cases/Broadcasts/TC0127" classname="Test Cases/Broadcasts/TC0127" status="PASSED">
         <system-out><![CDATA[2019-04-23 09:43:38 - [TEST_CASE][PASSED] - Test Cases/Broadcasts/TC0127: Test Cases/Broadcasts/TC0127

2019-04-23 09:43:38 - [TEST_STEP][PASSED] - callTestCase: Call Test Case 'Test Cases/s-sidebar_navigation/TeamAccount/Broadcasts' successfully

2019-04-23 09:43:39 - [TEST_CASE][PASSED] - Test Cases/s-sidebar_navigation/TeamAccount/Broadcasts: Test Cases/s-sidebar_navigation/TeamAccount/Broadcasts

2019-04-23 09:43:39 - [TEST_STEP][PASSED] - callTestCase: Call Test Case 'Test Cases/s-sidebar_navigation/individualAccount/broadcast' successfully

2019-04-23 09:43:39 - [TEST_CASE][PASSED] - Test Cases/s-sidebar_navigation/individualAccount/broadcast: Test Cases/s-sidebar_navigation/individualAccount/broadcast

2019-04-23 09:43:39 - [TEST_STEP][PASSED] - click: Object: 'Object Repository/Page_KiboPush  Dashboard/span_Polls' is clicked on

2019-04-23 09:43:40 - [MESSAGE][PASSED] - Object: 'Object Repository/Page_KiboPush  Dashboard/span_Polls' is clicked on

2019-04-23 09:43:40 - [TEST_STEP][PASSED] - delay: Delayed 1 second(s)

2019-04-23 09:43:41 - [MESSAGE][PASSED] - Delayed 1 second(s)

2019-04-23 09:43:41 - [TEST_STEP][PASSED] - click: Object: 'Object Repository/Page_KiboPush  Dashboard/span_Broadcasts' is clicked on

2019-04-23 09:43:42 - [MESSAGE][PASSED] - Object: 'Object Repository/Page_KiboPush  Dashboard/span_Broadcasts' is clicked on

2019-04-23 09:43:42 - [TEST_STEP][PASSED] - delay: Delayed 1 second(s)

2019-04-23 09:43:43 - [MESSAGE][PASSED] - Delayed 1 second(s)

2019-04-23 09:43:43 - [TEST_STEP][PASSED] - scrollToPosition: Browser is scrolled to position x = 0, y = 0

2019-04-23 09:43:43 - [MESSAGE][PASSED] - Browser is scrolled to position x = 0, y = 0

2019-04-23 09:43:43 - [TEST_STEP][PASSED] - click: Object: 'Object Repository/Page_KiboPush  Broadcast/h3_Manage Broadcasts' is clicked on

2019-04-23 09:43:43 - [MESSAGE][PASSED] - Object: 'Object Repository/Page_KiboPush  Broadcast/h3_Manage Broadcasts' is clicked on

2019-04-23 09:43:43 - [MESSAGE][PASSED] - Call Test Case 'Test Cases/s-sidebar_navigation/individualAccount/broadcast' successfully

2019-04-23 09:43:43 - [MESSAGE][PASSED] - Call Test Case 'Test Cases/s-sidebar_navigation/TeamAccount/Broadcasts' successfully

2019-04-23 09:43:43 - [TEST_STEP][PASSED] - click: Object: 'Object Repository/Page_KiboPush  Broadcast/span_Create New Broadcast' is clicked on

2019-04-23 09:43:44 - [MESSAGE][PASSED] - Object: 'Object Repository/Page_KiboPush  Broadcast/span_Create New Broadcast' is clicked on

2019-04-23 09:43:44 - [TEST_STEP][PASSED] - click: Object: 'Object Repository/Page_KiboPush  Broadcast/a_Use Template' is clicked on

2019-04-23 09:43:45 - [MESSAGE][PASSED] - Object: 'Object Repository/Page_KiboPush  Broadcast/a_Use Template' is clicked on

2019-04-23 09:43:45 - [TEST_STEP][PASSED] - custom.newKeyword.clickUsingJS: custom.newKeyword.clickUsingJS is PASSED

2019-04-23 09:43:45 - [MESSAGE][PASSED] - custom.newKeyword.clickUsingJS is PASSED]]></system-out>
         <system-err><![CDATA[]]></system-err>
      </testcase>
      <testcase name="Test Cases/Broadcasts/TC0128" classname="Test Cases/Broadcasts/TC0128" status="PASSED">
         <system-out><![CDATA[2019-04-23 09:43:45 - [TEST_CASE][PASSED] - Test Cases/Broadcasts/TC0128: Test Cases/Broadcasts/TC0128

2019-04-23 09:43:46 - [TEST_STEP][PASSED] - callTestCase: Call Test Case 'Test Cases/s-sidebar_navigation/TeamAccount/Broadcasts' successfully

2019-04-23 09:43:46 - [TEST_CASE][PASSED] - Test Cases/s-sidebar_navigation/TeamAccount/Broadcasts: Test Cases/s-sidebar_navigation/TeamAccount/Broadcasts

2019-04-23 09:43:46 - [TEST_STEP][PASSED] - callTestCase: Call Test Case 'Test Cases/s-sidebar_navigation/individualAccount/broadcast' successfully

2019-04-23 09:43:46 - [TEST_CASE][PASSED] - Test Cases/s-sidebar_navigation/individualAccount/broadcast: Test Cases/s-sidebar_navigation/individualAccount/broadcast

2019-04-23 09:43:46 - [TEST_STEP][PASSED] - click: Object: 'Object Repository/Page_KiboPush  Dashboard/span_Polls' is clicked on

2019-04-23 09:43:47 - [MESSAGE][PASSED] - Object: 'Object Repository/Page_KiboPush  Dashboard/span_Polls' is clicked on

2019-04-23 09:43:47 - [TEST_STEP][PASSED] - delay: Delayed 1 second(s)

2019-04-23 09:43:48 - [MESSAGE][PASSED] - Delayed 1 second(s)

2019-04-23 09:43:48 - [TEST_STEP][PASSED] - click: Object: 'Object Repository/Page_KiboPush  Dashboard/span_Broadcasts' is clicked on

2019-04-23 09:43:49 - [MESSAGE][PASSED] - Object: 'Object Repository/Page_KiboPush  Dashboard/span_Broadcasts' is clicked on

2019-04-23 09:43:49 - [TEST_STEP][PASSED] - delay: Delayed 1 second(s)

2019-04-23 09:43:50 - [MESSAGE][PASSED] - Delayed 1 second(s)

2019-04-23 09:43:50 - [TEST_STEP][PASSED] - scrollToPosition: Browser is scrolled to position x = 0, y = 0

2019-04-23 09:43:50 - [MESSAGE][PASSED] - Browser is scrolled to position x = 0, y = 0

2019-04-23 09:43:50 - [TEST_STEP][PASSED] - click: Object: 'Object Repository/Page_KiboPush  Broadcast/h3_Manage Broadcasts' is clicked on

2019-04-23 09:43:50 - [MESSAGE][PASSED] - Object: 'Object Repository/Page_KiboPush  Broadcast/h3_Manage Broadcasts' is clicked on

2019-04-23 09:43:50 - [MESSAGE][PASSED] - Call Test Case 'Test Cases/s-sidebar_navigation/individualAccount/broadcast' successfully

2019-04-23 09:43:50 - [MESSAGE][PASSED] - Call Test Case 'Test Cases/s-sidebar_navigation/TeamAccount/Broadcasts' successfully

2019-04-23 09:43:50 - [TEST_STEP][PASSED] - click: Object: 'Object Repository/Page_KiboPush  Broadcast/span_Create New Broadcast' is clicked on

2019-04-23 09:43:51 - [MESSAGE][PASSED] - Object: 'Object Repository/Page_KiboPush  Broadcast/span_Create New Broadcast' is clicked on

2019-04-23 09:43:51 - [TEST_STEP][PASSED] - click: Object: 'Object Repository/Page_KiboPush  Broadcast/a_Use Template' is clicked on

2019-04-23 09:43:52 - [MESSAGE][PASSED] - Object: 'Object Repository/Page_KiboPush  Broadcast/a_Use Template' is clicked on

2019-04-23 09:43:52 - [TEST_STEP][PASSED] - delay: Delayed 2 second(s)

2019-04-23 09:43:54 - [MESSAGE][PASSED] - Delayed 2 second(s)

2019-04-23 09:43:54 - [TEST_STEP][PASSED] - Statement - driver = com.kms.katalon.core.webui.driver.DriverFactory.getWebDriver(): null

2019-04-23 09:43:54 - [TEST_STEP][PASSED] - Statement - templates = driver.findElements(org.openqa.selenium.By.className("m-widget4__item")): null

2019-04-23 09:43:54 - [TEST_STEP][PASSED] - Statement - println(templates.size()): null

2019-04-23 09:43:54 - [TEST_STEP][PASSED] - Statement - If (templates.size() < 10): null]]></system-out>
         <system-err><![CDATA[]]></system-err>
      </testcase>
      <testcase name="Test Cases/Broadcasts/TC0129" classname="Test Cases/Broadcasts/TC0129" status="PASSED">
         <system-out><![CDATA[2019-04-23 09:43:54 - [TEST_CASE][PASSED] - Test Cases/Broadcasts/TC0129: Test Cases/Broadcasts/TC0129

2019-04-23 09:43:54 - [TEST_STEP][PASSED] - callTestCase: Call Test Case 'Test Cases/s-sidebar_navigation/TeamAccount/Broadcasts' successfully

2019-04-23 09:43:54 - [TEST_CASE][PASSED] - Test Cases/s-sidebar_navigation/TeamAccount/Broadcasts: Test Cases/s-sidebar_navigation/TeamAccount/Broadcasts

2019-04-23 09:43:54 - [TEST_STEP][PASSED] - callTestCase: Call Test Case 'Test Cases/s-sidebar_navigation/individualAccount/broadcast' successfully

2019-04-23 09:43:55 - [TEST_CASE][PASSED] - Test Cases/s-sidebar_navigation/individualAccount/broadcast: Test Cases/s-sidebar_navigation/individualAccount/broadcast

2019-04-23 09:43:55 - [TEST_STEP][PASSED] - click: Object: 'Object Repository/Page_KiboPush  Dashboard/span_Polls' is clicked on

2019-04-23 09:43:55 - [MESSAGE][PASSED] - Object: 'Object Repository/Page_KiboPush  Dashboard/span_Polls' is clicked on

2019-04-23 09:43:55 - [TEST_STEP][PASSED] - delay: Delayed 1 second(s)

2019-04-23 09:43:56 - [MESSAGE][PASSED] - Delayed 1 second(s)

2019-04-23 09:43:56 - [TEST_STEP][PASSED] - click: Object: 'Object Repository/Page_KiboPush  Dashboard/span_Broadcasts' is clicked on

2019-04-23 09:43:57 - [MESSAGE][PASSED] - Object: 'Object Repository/Page_KiboPush  Dashboard/span_Broadcasts' is clicked on

2019-04-23 09:43:57 - [TEST_STEP][PASSED] - delay: Delayed 1 second(s)

2019-04-23 09:43:58 - [MESSAGE][PASSED] - Delayed 1 second(s)

2019-04-23 09:43:58 - [TEST_STEP][PASSED] - scrollToPosition: Browser is scrolled to position x = 0, y = 0

2019-04-23 09:43:58 - [MESSAGE][PASSED] - Browser is scrolled to position x = 0, y = 0

2019-04-23 09:43:58 - [TEST_STEP][PASSED] - click: Object: 'Object Repository/Page_KiboPush  Broadcast/h3_Manage Broadcasts' is clicked on

2019-04-23 09:43:58 - [MESSAGE][PASSED] - Object: 'Object Repository/Page_KiboPush  Broadcast/h3_Manage Broadcasts' is clicked on

2019-04-23 09:43:58 - [MESSAGE][PASSED] - Call Test Case 'Test Cases/s-sidebar_navigation/individualAccount/broadcast' successfully

2019-04-23 09:43:58 - [MESSAGE][PASSED] - Call Test Case 'Test Cases/s-sidebar_navigation/TeamAccount/Broadcasts' successfully

2019-04-23 09:43:58 - [TEST_STEP][PASSED] - click: Object: 'Object Repository/Page_KiboPush  Broadcast/span_Create New Broadcast' is clicked on

2019-04-23 09:43:59 - [MESSAGE][PASSED] - Object: 'Object Repository/Page_KiboPush  Broadcast/span_Create New Broadcast' is clicked on

2019-04-23 09:43:59 - [TEST_STEP][PASSED] - click: Object: 'Object Repository/Page_KiboPush  Broadcast/a_Use Template' is clicked on

2019-04-23 09:43:59 - [MESSAGE][PASSED] - Object: 'Object Repository/Page_KiboPush  Broadcast/a_Use Template' is clicked on

2019-04-23 09:43:59 - [TEST_STEP][PASSED] - selectOptionByValue: All options with value 'Customer Behavior' are selected in object 'Object Repository/Page_KiboPush  Broadcast/select_Filter by Category...Al'  using regular expression

2019-04-23 09:44:01 - [MESSAGE][PASSED] - All options with value 'Customer Behavior' are selected in object 'Object Repository/Page_KiboPush  Broadcast/select_Filter by Category...Al'  using regular expression

2019-04-23 09:44:01 - [TEST_STEP][PASSED] - click: Object: 'Object Repository/Page_KiboPush  Broadcast/span_Category Customer Behavio' is clicked on

2019-04-23 09:44:01 - [MESSAGE][PASSED] - Object: 'Object Repository/Page_KiboPush  Broadcast/span_Category Customer Behavio' is clicked on]]></system-out>
         <system-err><![CDATA[]]></system-err>
      </testcase>
      <testcase name="Test Cases/Broadcasts/TC0130" classname="Test Cases/Broadcasts/TC0130" status="PASSED">
         <system-out><![CDATA[2019-04-23 09:44:02 - [TEST_CASE][PASSED] - Test Cases/Broadcasts/TC0130: Test Cases/Broadcasts/TC0130

2019-04-23 09:44:02 - [TEST_STEP][PASSED] - callTestCase: Call Test Case 'Test Cases/s-sidebar_navigation/TeamAccount/Broadcasts' successfully

2019-04-23 09:44:02 - [TEST_CASE][PASSED] - Test Cases/s-sidebar_navigation/TeamAccount/Broadcasts: Test Cases/s-sidebar_navigation/TeamAccount/Broadcasts

2019-04-23 09:44:02 - [TEST_STEP][PASSED] - callTestCase: Call Test Case 'Test Cases/s-sidebar_navigation/individualAccount/broadcast' successfully

2019-04-23 09:44:02 - [TEST_CASE][PASSED] - Test Cases/s-sidebar_navigation/individualAccount/broadcast: Test Cases/s-sidebar_navigation/individualAccount/broadcast

2019-04-23 09:44:02 - [TEST_STEP][PASSED] - click: Object: 'Object Repository/Page_KiboPush  Dashboard/span_Polls' is clicked on

2019-04-23 09:44:02 - [MESSAGE][PASSED] - Object: 'Object Repository/Page_KiboPush  Dashboard/span_Polls' is clicked on

2019-04-23 09:44:02 - [TEST_STEP][PASSED] - delay: Delayed 1 second(s)

2019-04-23 09:44:03 - [MESSAGE][PASSED] - Delayed 1 second(s)

2019-04-23 09:44:03 - [TEST_STEP][PASSED] - click: Object: 'Object Repository/Page_KiboPush  Dashboard/span_Broadcasts' is clicked on

2019-04-23 09:44:04 - [MESSAGE][PASSED] - Object: 'Object Repository/Page_KiboPush  Dashboard/span_Broadcasts' is clicked on

2019-04-23 09:44:04 - [TEST_STEP][PASSED] - delay: Delayed 1 second(s)

2019-04-23 09:44:05 - [MESSAGE][PASSED] - Delayed 1 second(s)

2019-04-23 09:44:05 - [TEST_STEP][PASSED] - scrollToPosition: Browser is scrolled to position x = 0, y = 0

2019-04-23 09:44:05 - [MESSAGE][PASSED] - Browser is scrolled to position x = 0, y = 0

2019-04-23 09:44:05 - [TEST_STEP][PASSED] - click: Object: 'Object Repository/Page_KiboPush  Broadcast/h3_Manage Broadcasts' is clicked on

2019-04-23 09:44:06 - [MESSAGE][PASSED] - Object: 'Object Repository/Page_KiboPush  Broadcast/h3_Manage Broadcasts' is clicked on

2019-04-23 09:44:06 - [MESSAGE][PASSED] - Call Test Case 'Test Cases/s-sidebar_navigation/individualAccount/broadcast' successfully

2019-04-23 09:44:06 - [MESSAGE][PASSED] - Call Test Case 'Test Cases/s-sidebar_navigation/TeamAccount/Broadcasts' successfully

2019-04-23 09:44:06 - [TEST_STEP][PASSED] - click: Object: 'Object Repository/Page_KiboPush  Broadcast/span_Create New Broadcast (4)' is clicked on

2019-04-23 09:44:06 - [MESSAGE][PASSED] - Object: 'Object Repository/Page_KiboPush  Broadcast/span_Create New Broadcast (4)' is clicked on

2019-04-23 09:44:06 - [TEST_STEP][PASSED] - click: Object: 'Object Repository/Page_KiboPush  Broadcast/a_Use Template (3)' is clicked on

2019-04-23 09:44:07 - [MESSAGE][PASSED] - Object: 'Object Repository/Page_KiboPush  Broadcast/a_Use Template (3)' is clicked on

2019-04-23 09:44:07 - [TEST_STEP][PASSED] - delay: Delayed 2 second(s)

2019-04-23 09:44:09 - [MESSAGE][PASSED] - Delayed 2 second(s)

2019-04-23 09:44:09 - [TEST_STEP][PASSED] - click: Object: 'Object Repository/Page_KiboPush  Broadcast/a_Edit Template (1)' is clicked on

2019-04-23 09:44:10 - [MESSAGE][PASSED] - Object: 'Object Repository/Page_KiboPush  Broadcast/a_Edit Template (1)' is clicked on

2019-04-23 09:44:10 - [TEST_STEP][PASSED] - delay: Delayed 1 second(s)

2019-04-23 09:44:11 - [MESSAGE][PASSED] - Delayed 1 second(s)

2019-04-23 09:44:11 - [TEST_STEP][PASSED] - scrollToPosition: Browser is scrolled to position x = 0, y = 0

2019-04-23 09:44:11 - [MESSAGE][PASSED] - Browser is scrolled to position x = 0, y = 0]]></system-out>
         <system-err><![CDATA[]]></system-err>
      </testcase>
      <testcase name="Test Cases/Broadcasts/TC0131" classname="Test Cases/Broadcasts/TC0131" status="PASSED">
         <system-out><![CDATA[2019-04-23 09:44:11 - [TEST_CASE][PASSED] - Test Cases/Broadcasts/TC0131: Test Cases/Broadcasts/TC0131

2019-04-23 09:44:12 - [TEST_STEP][PASSED] - callTestCase: Call Test Case 'Test Cases/s-sidebar_navigation/TeamAccount/Broadcasts' successfully

2019-04-23 09:44:12 - [TEST_CASE][PASSED] - Test Cases/s-sidebar_navigation/TeamAccount/Broadcasts: Test Cases/s-sidebar_navigation/TeamAccount/Broadcasts

2019-04-23 09:44:12 - [TEST_STEP][PASSED] - callTestCase: Call Test Case 'Test Cases/s-sidebar_navigation/individualAccount/broadcast' successfully

2019-04-23 09:44:12 - [TEST_CASE][PASSED] - Test Cases/s-sidebar_navigation/individualAccount/broadcast: Test Cases/s-sidebar_navigation/individualAccount/broadcast

2019-04-23 09:44:13 - [TEST_STEP][PASSED] - click: Object: 'Object Repository/Page_KiboPush  Dashboard/span_Polls' is clicked on

2019-04-23 09:44:13 - [MESSAGE][PASSED] - Object: 'Object Repository/Page_KiboPush  Dashboard/span_Polls' is clicked on

2019-04-23 09:44:13 - [TEST_STEP][PASSED] - delay: Delayed 1 second(s)

2019-04-23 09:44:14 - [MESSAGE][PASSED] - Delayed 1 second(s)

2019-04-23 09:44:14 - [TEST_STEP][PASSED] - click: Object: 'Object Repository/Page_KiboPush  Dashboard/span_Broadcasts' is clicked on

2019-04-23 09:44:14 - [MESSAGE][PASSED] - Object: 'Object Repository/Page_KiboPush  Dashboard/span_Broadcasts' is clicked on

2019-04-23 09:44:14 - [TEST_STEP][PASSED] - delay: Delayed 1 second(s)

2019-04-23 09:44:15 - [MESSAGE][PASSED] - Delayed 1 second(s)

2019-04-23 09:44:15 - [TEST_STEP][PASSED] - scrollToPosition: Browser is scrolled to position x = 0, y = 0

2019-04-23 09:44:16 - [MESSAGE][PASSED] - Browser is scrolled to position x = 0, y = 0

2019-04-23 09:44:16 - [TEST_STEP][PASSED] - click: Object: 'Object Repository/Page_KiboPush  Broadcast/h3_Manage Broadcasts' is clicked on

2019-04-23 09:44:16 - [MESSAGE][PASSED] - Object: 'Object Repository/Page_KiboPush  Broadcast/h3_Manage Broadcasts' is clicked on

2019-04-23 09:44:16 - [MESSAGE][PASSED] - Call Test Case 'Test Cases/s-sidebar_navigation/individualAccount/broadcast' successfully

2019-04-23 09:44:16 - [MESSAGE][PASSED] - Call Test Case 'Test Cases/s-sidebar_navigation/TeamAccount/Broadcasts' successfully

2019-04-23 09:44:16 - [TEST_STEP][PASSED] - click: Object: 'Object Repository/Page_KiboPush  Broadcast/span_Create New Broadcast' is clicked on

2019-04-23 09:44:17 - [MESSAGE][PASSED] - Object: 'Object Repository/Page_KiboPush  Broadcast/span_Create New Broadcast' is clicked on

2019-04-23 09:44:17 - [TEST_STEP][PASSED] - click: Object: 'Object Repository/Page_KiboPush  Broadcast/a_Create New Broadcast' is clicked on

2019-04-23 09:44:18 - [MESSAGE][PASSED] - Object: 'Object Repository/Page_KiboPush  Broadcast/a_Create New Broadcast' is clicked on

2019-04-23 09:44:18 - [TEST_STEP][PASSED] - delay: Delayed 1 second(s)

2019-04-23 09:44:19 - [MESSAGE][PASSED] - Delayed 1 second(s)

2019-04-23 09:44:19 - [TEST_STEP][PASSED] - click: Object: 'Object Repository/Page_KiboPush  Create Broadcast/div_Text_1' is clicked on

2019-04-23 09:44:19 - [MESSAGE][PASSED] - Object: 'Object Repository/Page_KiboPush  Create Broadcast/div_Text_1' is clicked on]]></system-out>
         <system-err><![CDATA[]]></system-err>
      </testcase>
      <testcase name="Test Cases/Broadcasts/TC0132" classname="Test Cases/Broadcasts/TC0132" status="PASSED">
         <system-out><![CDATA[2019-04-23 09:44:19 - [TEST_CASE][PASSED] - Test Cases/Broadcasts/TC0132: Test Cases/Broadcasts/TC0132

2019-04-23 09:44:21 - [TEST_STEP][PASSED] - callTestCase: Call Test Case 'Test Cases/s-sidebar_navigation/TeamAccount/Broadcasts' successfully

2019-04-23 09:44:21 - [TEST_CASE][PASSED] - Test Cases/s-sidebar_navigation/TeamAccount/Broadcasts: Test Cases/s-sidebar_navigation/TeamAccount/Broadcasts

2019-04-23 09:44:21 - [TEST_STEP][PASSED] - callTestCase: Call Test Case 'Test Cases/s-sidebar_navigation/individualAccount/broadcast' successfully

2019-04-23 09:44:21 - [TEST_CASE][PASSED] - Test Cases/s-sidebar_navigation/individualAccount/broadcast: Test Cases/s-sidebar_navigation/individualAccount/broadcast

2019-04-23 09:44:21 - [TEST_STEP][PASSED] - click: Object: 'Object Repository/Page_KiboPush  Dashboard/span_Polls' is clicked on

2019-04-23 09:44:21 - [MESSAGE][PASSED] - Object: 'Object Repository/Page_KiboPush  Dashboard/span_Polls' is clicked on

2019-04-23 09:44:21 - [TEST_STEP][PASSED] - delay: Delayed 1 second(s)

2019-04-23 09:44:22 - [MESSAGE][PASSED] - Delayed 1 second(s)

2019-04-23 09:44:22 - [TEST_STEP][PASSED] - click: Object: 'Object Repository/Page_KiboPush  Dashboard/span_Broadcasts' is clicked on

2019-04-23 09:44:23 - [MESSAGE][PASSED] - Object: 'Object Repository/Page_KiboPush  Dashboard/span_Broadcasts' is clicked on

2019-04-23 09:44:23 - [TEST_STEP][PASSED] - delay: Delayed 1 second(s)

2019-04-23 09:44:24 - [MESSAGE][PASSED] - Delayed 1 second(s)

2019-04-23 09:44:24 - [TEST_STEP][PASSED] - scrollToPosition: Browser is scrolled to position x = 0, y = 0

2019-04-23 09:44:24 - [MESSAGE][PASSED] - Browser is scrolled to position x = 0, y = 0

2019-04-23 09:44:24 - [TEST_STEP][PASSED] - click: Object: 'Object Repository/Page_KiboPush  Broadcast/h3_Manage Broadcasts' is clicked on

2019-04-23 09:44:25 - [MESSAGE][PASSED] - Object: 'Object Repository/Page_KiboPush  Broadcast/h3_Manage Broadcasts' is clicked on

2019-04-23 09:44:25 - [MESSAGE][PASSED] - Call Test Case 'Test Cases/s-sidebar_navigation/individualAccount/broadcast' successfully

2019-04-23 09:44:25 - [MESSAGE][PASSED] - Call Test Case 'Test Cases/s-sidebar_navigation/TeamAccount/Broadcasts' successfully

2019-04-23 09:44:25 - [TEST_STEP][PASSED] - click: Object: 'Object Repository/Page_KiboPush  Broadcast/span_Create New Broadcast' is clicked on

2019-04-23 09:44:25 - [MESSAGE][PASSED] - Object: 'Object Repository/Page_KiboPush  Broadcast/span_Create New Broadcast' is clicked on

2019-04-23 09:44:25 - [TEST_STEP][PASSED] - click: Object: 'Object Repository/Page_KiboPush  Broadcast/a_Create New Broadcast' is clicked on

2019-04-23 09:44:26 - [MESSAGE][PASSED] - Object: 'Object Repository/Page_KiboPush  Broadcast/a_Create New Broadcast' is clicked on

2019-04-23 09:44:26 - [TEST_STEP][PASSED] - delay: Delayed 1 second(s)

2019-04-23 09:44:27 - [MESSAGE][PASSED] - Delayed 1 second(s)

2019-04-23 09:44:27 - [TEST_STEP][PASSED] - click: Object: 'Object Repository/Page_KiboPush  Create Broadcast/div_Text_1' is clicked on

2019-04-23 09:44:28 - [MESSAGE][PASSED] - Object: 'Object Repository/Page_KiboPush  Create Broadcast/div_Text_1' is clicked on

2019-04-23 09:44:28 - [TEST_STEP][PASSED] - scrollToPosition: Browser is scrolled to position x = 0, y = 0

2019-04-23 09:44:28 - [MESSAGE][PASSED] - Browser is scrolled to position x = 0, y = 0

2019-04-23 09:44:28 - [TEST_STEP][PASSED] - delay: Delayed 3 second(s)

2019-04-23 09:44:31 - [MESSAGE][PASSED] - Delayed 3 second(s)

2019-04-23 09:44:31 - [TEST_STEP][PASSED] - click: Object: 'Object Repository/Page_KiboPush  Create Broadcast/button_Next' is clicked on

2019-04-23 09:44:31 - [MESSAGE][PASSED] - Object: 'Object Repository/Page_KiboPush  Create Broadcast/button_Next' is clicked on

2019-04-23 09:44:31 - [TEST_STEP][PASSED] - delay: Delayed 3 second(s)

2019-04-23 09:44:34 - [MESSAGE][PASSED] - Delayed 3 second(s)

2019-04-23 09:44:34 - [TEST_STEP][PASSED] - click: Object: 'Object Repository/Page_KiboPush  Create Broadcast/div_Text cannot be empty' is clicked on

2019-04-23 09:44:35 - [MESSAGE][PASSED] - Object: 'Object Repository/Page_KiboPush  Create Broadcast/div_Text cannot be empty' is clicked on]]></system-out>
         <system-err><![CDATA[]]></system-err>
      </testcase>
      <testcase name="Test Cases/Broadcasts/TC0133" classname="Test Cases/Broadcasts/TC0133" status="PASSED">
         <system-out><![CDATA[2019-04-23 09:44:35 - [TEST_CASE][PASSED] - Test Cases/Broadcasts/TC0133: Test Cases/Broadcasts/TC0133

2019-04-23 09:44:35 - [TEST_STEP][PASSED] - callTestCase: Call Test Case 'Test Cases/s-sidebar_navigation/TeamAccount/Broadcasts' successfully

2019-04-23 09:44:35 - [TEST_CASE][PASSED] - Test Cases/s-sidebar_navigation/TeamAccount/Broadcasts: Test Cases/s-sidebar_navigation/TeamAccount/Broadcasts

2019-04-23 09:44:35 - [TEST_STEP][PASSED] - callTestCase: Call Test Case 'Test Cases/s-sidebar_navigation/individualAccount/broadcast' successfully

2019-04-23 09:44:35 - [TEST_CASE][PASSED] - Test Cases/s-sidebar_navigation/individualAccount/broadcast: Test Cases/s-sidebar_navigation/individualAccount/broadcast

2019-04-23 09:44:35 - [TEST_STEP][PASSED] - click: Object: 'Object Repository/Page_KiboPush  Dashboard/span_Polls' is clicked on

2019-04-23 09:44:36 - [MESSAGE][PASSED] - Object: 'Object Repository/Page_KiboPush  Dashboard/span_Polls' is clicked on

2019-04-23 09:44:36 - [TEST_STEP][PASSED] - delay: Delayed 1 second(s)

2019-04-23 09:44:37 - [MESSAGE][PASSED] - Delayed 1 second(s)

2019-04-23 09:44:37 - [TEST_STEP][PASSED] - click: Object: 'Object Repository/Page_KiboPush  Dashboard/span_Broadcasts' is clicked on

2019-04-23 09:44:37 - [MESSAGE][PASSED] - Object: 'Object Repository/Page_KiboPush  Dashboard/span_Broadcasts' is clicked on

2019-04-23 09:44:37 - [TEST_STEP][PASSED] - delay: Delayed 1 second(s)

2019-04-23 09:44:38 - [MESSAGE][PASSED] - Delayed 1 second(s)

2019-04-23 09:44:38 - [TEST_STEP][PASSED] - scrollToPosition: Browser is scrolled to position x = 0, y = 0

2019-04-23 09:44:38 - [MESSAGE][PASSED] - Browser is scrolled to position x = 0, y = 0

2019-04-23 09:44:38 - [TEST_STEP][PASSED] - click: Object: 'Object Repository/Page_KiboPush  Broadcast/h3_Manage Broadcasts' is clicked on

2019-04-23 09:44:39 - [MESSAGE][PASSED] - Object: 'Object Repository/Page_KiboPush  Broadcast/h3_Manage Broadcasts' is clicked on

2019-04-23 09:44:39 - [MESSAGE][PASSED] - Call Test Case 'Test Cases/s-sidebar_navigation/individualAccount/broadcast' successfully

2019-04-23 09:44:39 - [MESSAGE][PASSED] - Call Test Case 'Test Cases/s-sidebar_navigation/TeamAccount/Broadcasts' successfully

2019-04-23 09:44:39 - [TEST_STEP][PASSED] - click: Object: 'Object Repository/Page_KiboPush  Broadcast/span_Create New Broadcast' is clicked on

2019-04-23 09:44:39 - [MESSAGE][PASSED] - Object: 'Object Repository/Page_KiboPush  Broadcast/span_Create New Broadcast' is clicked on

2019-04-23 09:44:39 - [TEST_STEP][PASSED] - click: Object: 'Object Repository/Page_KiboPush  Broadcast/a_Create New Broadcast' is clicked on

2019-04-23 09:44:40 - [MESSAGE][PASSED] - Object: 'Object Repository/Page_KiboPush  Broadcast/a_Create New Broadcast' is clicked on

2019-04-23 09:44:40 - [TEST_STEP][PASSED] - delay: Delayed 1 second(s)

2019-04-23 09:44:41 - [MESSAGE][PASSED] - Delayed 1 second(s)

2019-04-23 09:44:41 - [TEST_STEP][PASSED] - click: Object: 'Object Repository/Page_KiboPush  Create Broadcast/div_Text' is clicked on

2019-04-23 09:44:42 - [MESSAGE][PASSED] - Object: 'Object Repository/Page_KiboPush  Create Broadcast/div_Text' is clicked on

2019-04-23 09:44:42 - [TEST_STEP][PASSED] - click: Object: 'Object Repository/Page_KiboPush  Create Broadcast/div_ Add Button' is clicked on

2019-04-23 09:44:43 - [MESSAGE][PASSED] - Object: 'Object Repository/Page_KiboPush  Create Broadcast/div_ Add Button' is clicked on

2019-04-23 09:44:43 - [TEST_STEP][PASSED] - setText: Text 'KiboPush' is set on object 'Object Repository/Page_KiboPush  Create Broadcast/input_form-control (9)'

2019-04-23 09:44:43 - [MESSAGE][PASSED] - Text 'KiboPush' is set on object 'Object Repository/Page_KiboPush  Create Broadcast/input_form-control (9)'

2019-04-23 09:44:43 - [TEST_STEP][PASSED] - click: Object: 'Object Repository/Page_KiboPush  Create Broadcast/div_Open a website (5)' is clicked on

2019-04-23 09:44:44 - [MESSAGE][PASSED] - Object: 'Object Repository/Page_KiboPush  Create Broadcast/div_Open a website (5)' is clicked on

2019-04-23 09:44:44 - [TEST_STEP][PASSED] - setText: Text 'kibopush.com' is set on object 'Object Repository/Page_KiboPush  Create Broadcast/input_form-control_1 (5)'

2019-04-23 09:44:45 - [MESSAGE][PASSED] - Text 'kibopush.com' is set on object 'Object Repository/Page_KiboPush  Create Broadcast/input_form-control_1 (5)'

2019-04-23 09:44:45 - [TEST_STEP][PASSED] - click: Object: 'Object Repository/Page_KiboPush  Create Broadcast/button_Done (5)' is clicked on

2019-04-23 09:44:45 - [MESSAGE][PASSED] - Object: 'Object Repository/Page_KiboPush  Create Broadcast/button_Done (5)' is clicked on]]></system-out>
         <system-err><![CDATA[]]></system-err>
      </testcase>
      <testcase name="Test Cases/Broadcasts/TC0137" classname="Test Cases/Broadcasts/TC0137" status="PASSED">
         <system-out><![CDATA[2019-04-23 09:44:45 - [TEST_CASE][PASSED] - Test Cases/Broadcasts/TC0137: Test Cases/Broadcasts/TC0137

2019-04-23 09:44:45 - [TEST_STEP][PASSED] - callTestCase: Call Test Case 'Test Cases/s-sidebar_navigation/TeamAccount/Broadcasts' successfully

2019-04-23 09:44:45 - [TEST_CASE][PASSED] - Test Cases/s-sidebar_navigation/TeamAccount/Broadcasts: Test Cases/s-sidebar_navigation/TeamAccount/Broadcasts

2019-04-23 09:44:45 - [TEST_STEP][PASSED] - callTestCase: Call Test Case 'Test Cases/s-sidebar_navigation/individualAccount/broadcast' successfully

2019-04-23 09:44:46 - [TEST_CASE][PASSED] - Test Cases/s-sidebar_navigation/individualAccount/broadcast: Test Cases/s-sidebar_navigation/individualAccount/broadcast

2019-04-23 09:44:46 - [TEST_STEP][PASSED] - click: Object: 'Object Repository/Page_KiboPush  Dashboard/span_Polls' is clicked on

2019-04-23 09:44:46 - [MESSAGE][PASSED] - Object: 'Object Repository/Page_KiboPush  Dashboard/span_Polls' is clicked on

2019-04-23 09:44:46 - [TEST_STEP][PASSED] - delay: Delayed 1 second(s)

2019-04-23 09:44:47 - [MESSAGE][PASSED] - Delayed 1 second(s)

2019-04-23 09:44:47 - [TEST_STEP][PASSED] - click: Object: 'Object Repository/Page_KiboPush  Dashboard/span_Broadcasts' is clicked on

2019-04-23 09:44:48 - [MESSAGE][PASSED] - Object: 'Object Repository/Page_KiboPush  Dashboard/span_Broadcasts' is clicked on

2019-04-23 09:44:48 - [TEST_STEP][PASSED] - delay: Delayed 1 second(s)

2019-04-23 09:44:49 - [MESSAGE][PASSED] - Delayed 1 second(s)

2019-04-23 09:44:49 - [TEST_STEP][PASSED] - scrollToPosition: Browser is scrolled to position x = 0, y = 0

2019-04-23 09:44:49 - [MESSAGE][PASSED] - Browser is scrolled to position x = 0, y = 0

2019-04-23 09:44:49 - [TEST_STEP][PASSED] - click: Object: 'Object Repository/Page_KiboPush  Broadcast/h3_Manage Broadcasts' is clicked on

2019-04-23 09:44:49 - [MESSAGE][PASSED] - Object: 'Object Repository/Page_KiboPush  Broadcast/h3_Manage Broadcasts' is clicked on

2019-04-23 09:44:49 - [MESSAGE][PASSED] - Call Test Case 'Test Cases/s-sidebar_navigation/individualAccount/broadcast' successfully

2019-04-23 09:44:49 - [MESSAGE][PASSED] - Call Test Case 'Test Cases/s-sidebar_navigation/TeamAccount/Broadcasts' successfully

2019-04-23 09:44:49 - [TEST_STEP][PASSED] - click: Object: 'Object Repository/Page_KiboPush  Broadcast/span_Create New Broadcast' is clicked on

2019-04-23 09:44:50 - [MESSAGE][PASSED] - Object: 'Object Repository/Page_KiboPush  Broadcast/span_Create New Broadcast' is clicked on

2019-04-23 09:44:50 - [TEST_STEP][PASSED] - click: Object: 'Object Repository/Page_KiboPush  Broadcast/a_Create New Broadcast' is clicked on

2019-04-23 09:44:51 - [MESSAGE][PASSED] - Object: 'Object Repository/Page_KiboPush  Broadcast/a_Create New Broadcast' is clicked on

2019-04-23 09:44:51 - [TEST_STEP][PASSED] - delay: Delayed 1 second(s)

2019-04-23 09:44:52 - [MESSAGE][PASSED] - Delayed 1 second(s)

2019-04-23 09:44:52 - [TEST_STEP][PASSED] - click: Object: 'Object Repository/Page_KiboPush  Create Broadcast/div_Image (2)' is clicked on

2019-04-23 09:44:52 - [MESSAGE][PASSED] - Object: 'Object Repository/Page_KiboPush  Create Broadcast/div_Image (2)' is clicked on

2019-04-23 09:44:52 - [TEST_STEP][PASSED] - delay: Delayed 1 second(s)

2019-04-23 09:44:53 - [MESSAGE][PASSED] - Delayed 1 second(s)

2019-04-23 09:44:53 - [TEST_STEP][PASSED] - verifyElementPresent: Object 'Object Repository/Page_KiboPush  Create Broadcast/div_Image_1' is present

2019-04-23 09:44:54 - [MESSAGE][PASSED] - Object 'Object Repository/Page_KiboPush  Create Broadcast/div_Image_1' is present]]></system-out>
         <system-err><![CDATA[]]></system-err>
      </testcase>
      <testcase name="Test Cases/Broadcasts/TC0138" classname="Test Cases/Broadcasts/TC0138" status="PASSED">
         <system-out><![CDATA[2019-04-23 09:44:54 - [TEST_CASE][PASSED] - Test Cases/Broadcasts/TC0138: Test Cases/Broadcasts/TC0138

2019-04-23 09:44:54 - [TEST_STEP][PASSED] - callTestCase: Call Test Case 'Test Cases/s-sidebar_navigation/TeamAccount/Broadcasts' successfully

2019-04-23 09:44:54 - [TEST_CASE][PASSED] - Test Cases/s-sidebar_navigation/TeamAccount/Broadcasts: Test Cases/s-sidebar_navigation/TeamAccount/Broadcasts

2019-04-23 09:44:54 - [TEST_STEP][PASSED] - callTestCase: Call Test Case 'Test Cases/s-sidebar_navigation/individualAccount/broadcast' successfully

2019-04-23 09:44:54 - [TEST_CASE][PASSED] - Test Cases/s-sidebar_navigation/individualAccount/broadcast: Test Cases/s-sidebar_navigation/individualAccount/broadcast

2019-04-23 09:44:54 - [TEST_STEP][PASSED] - click: Object: 'Object Repository/Page_KiboPush  Dashboard/span_Polls' is clicked on

2019-04-23 09:44:55 - [MESSAGE][PASSED] - Object: 'Object Repository/Page_KiboPush  Dashboard/span_Polls' is clicked on

2019-04-23 09:44:55 - [TEST_STEP][PASSED] - delay: Delayed 1 second(s)

2019-04-23 09:44:56 - [MESSAGE][PASSED] - Delayed 1 second(s)

2019-04-23 09:44:56 - [TEST_STEP][PASSED] - click: Object: 'Object Repository/Page_KiboPush  Dashboard/span_Broadcasts' is clicked on

2019-04-23 09:44:57 - [MESSAGE][PASSED] - Object: 'Object Repository/Page_KiboPush  Dashboard/span_Broadcasts' is clicked on

2019-04-23 09:44:57 - [TEST_STEP][PASSED] - delay: Delayed 1 second(s)

2019-04-23 09:44:58 - [MESSAGE][PASSED] - Delayed 1 second(s)

2019-04-23 09:44:58 - [TEST_STEP][PASSED] - scrollToPosition: Browser is scrolled to position x = 0, y = 0

2019-04-23 09:44:58 - [MESSAGE][PASSED] - Browser is scrolled to position x = 0, y = 0

2019-04-23 09:44:58 - [TEST_STEP][PASSED] - click: Object: 'Object Repository/Page_KiboPush  Broadcast/h3_Manage Broadcasts' is clicked on

2019-04-23 09:44:58 - [MESSAGE][PASSED] - Object: 'Object Repository/Page_KiboPush  Broadcast/h3_Manage Broadcasts' is clicked on

2019-04-23 09:44:58 - [MESSAGE][PASSED] - Call Test Case 'Test Cases/s-sidebar_navigation/individualAccount/broadcast' successfully

2019-04-23 09:44:58 - [MESSAGE][PASSED] - Call Test Case 'Test Cases/s-sidebar_navigation/TeamAccount/Broadcasts' successfully

2019-04-23 09:44:58 - [TEST_STEP][PASSED] - click: Object: 'Object Repository/Page_KiboPush  Broadcast/span_Create New Broadcast (5)' is clicked on

2019-04-23 09:44:59 - [MESSAGE][PASSED] - Object: 'Object Repository/Page_KiboPush  Broadcast/span_Create New Broadcast (5)' is clicked on

2019-04-23 09:44:59 - [TEST_STEP][PASSED] - click: Object: 'Object Repository/Page_KiboPush  Broadcast/a_Create New Broadcast (3)' is clicked on

2019-04-23 09:45:00 - [MESSAGE][PASSED] - Object: 'Object Repository/Page_KiboPush  Broadcast/a_Create New Broadcast (3)' is clicked on

2019-04-23 09:45:00 - [TEST_STEP][PASSED] - delay: Delayed 1 second(s)

2019-04-23 09:45:01 - [MESSAGE][PASSED] - Delayed 1 second(s)

2019-04-23 09:45:01 - [TEST_STEP][PASSED] - click: Object: 'Object Repository/Page_KiboPush  Create Broadcast/div_Image (3) (1)' is clicked on

2019-04-23 09:45:02 - [MESSAGE][PASSED] - Object: 'Object Repository/Page_KiboPush  Create Broadcast/div_Image (3) (1)' is clicked on

2019-04-23 09:45:02 - [TEST_STEP][PASSED] - delay: Delayed 3 second(s)

2019-04-23 09:45:05 - [MESSAGE][PASSED] - Delayed 3 second(s)

2019-04-23 09:45:05 - [TEST_STEP][PASSED] - click: Object: 'Object Repository/Page_KiboPush  Create Broadcast/button_Next (1) (1)' is clicked on

2019-04-23 09:45:05 - [MESSAGE][PASSED] - Object: 'Object Repository/Page_KiboPush  Create Broadcast/button_Next (1) (1)' is clicked on

2019-04-23 09:45:05 - [TEST_STEP][PASSED] - delay: Delayed 3 second(s)

2019-04-23 09:45:08 - [MESSAGE][PASSED] - Delayed 3 second(s)

2019-04-23 09:45:08 - [TEST_STEP][PASSED] - click: Object: 'Object Repository/Page_KiboEngage  Create Broadcast/div_Select a valid image' is clicked on

2019-04-23 09:45:09 - [MESSAGE][PASSED] - Object: 'Object Repository/Page_KiboEngage  Create Broadcast/div_Select a valid image' is clicked on]]></system-out>
         <system-err><![CDATA[]]></system-err>
      </testcase>
      <testcase name="Test Cases/Broadcasts/TC0139" classname="Test Cases/Broadcasts/TC0139" status="PASSED">
         <system-out><![CDATA[2019-04-23 09:45:09 - [TEST_CASE][PASSED] - Test Cases/Broadcasts/TC0139: Test Cases/Broadcasts/TC0139

2019-04-23 09:45:09 - [TEST_STEP][PASSED] - callTestCase: Call Test Case 'Test Cases/s-sidebar_navigation/TeamAccount/Broadcasts' successfully

2019-04-23 09:45:09 - [TEST_CASE][PASSED] - Test Cases/s-sidebar_navigation/TeamAccount/Broadcasts: Test Cases/s-sidebar_navigation/TeamAccount/Broadcasts

2019-04-23 09:45:09 - [TEST_STEP][PASSED] - callTestCase: Call Test Case 'Test Cases/s-sidebar_navigation/individualAccount/broadcast' successfully

2019-04-23 09:45:09 - [TEST_CASE][PASSED] - Test Cases/s-sidebar_navigation/individualAccount/broadcast: Test Cases/s-sidebar_navigation/individualAccount/broadcast

2019-04-23 09:45:09 - [TEST_STEP][PASSED] - click: Object: 'Object Repository/Page_KiboPush  Dashboard/span_Polls' is clicked on

2019-04-23 09:45:10 - [MESSAGE][PASSED] - Object: 'Object Repository/Page_KiboPush  Dashboard/span_Polls' is clicked on

2019-04-23 09:45:10 - [TEST_STEP][PASSED] - delay: Delayed 1 second(s)

2019-04-23 09:45:11 - [MESSAGE][PASSED] - Delayed 1 second(s)

2019-04-23 09:45:11 - [TEST_STEP][PASSED] - click: Object: 'Object Repository/Page_KiboPush  Dashboard/span_Broadcasts' is clicked on

2019-04-23 09:45:11 - [MESSAGE][PASSED] - Object: 'Object Repository/Page_KiboPush  Dashboard/span_Broadcasts' is clicked on

2019-04-23 09:45:11 - [TEST_STEP][PASSED] - delay: Delayed 1 second(s)

2019-04-23 09:45:12 - [MESSAGE][PASSED] - Delayed 1 second(s)

2019-04-23 09:45:12 - [TEST_STEP][PASSED] - scrollToPosition: Browser is scrolled to position x = 0, y = 0

2019-04-23 09:45:13 - [MESSAGE][PASSED] - Browser is scrolled to position x = 0, y = 0

2019-04-23 09:45:13 - [TEST_STEP][PASSED] - click: Object: 'Object Repository/Page_KiboPush  Broadcast/h3_Manage Broadcasts' is clicked on

2019-04-23 09:45:13 - [MESSAGE][PASSED] - Object: 'Object Repository/Page_KiboPush  Broadcast/h3_Manage Broadcasts' is clicked on

2019-04-23 09:45:13 - [MESSAGE][PASSED] - Call Test Case 'Test Cases/s-sidebar_navigation/individualAccount/broadcast' successfully

2019-04-23 09:45:13 - [MESSAGE][PASSED] - Call Test Case 'Test Cases/s-sidebar_navigation/TeamAccount/Broadcasts' successfully

2019-04-23 09:45:13 - [TEST_STEP][PASSED] - click: Object: 'Object Repository/Page_KiboPush  Broadcast/span_Create New Broadcast' is clicked on

2019-04-23 09:45:14 - [MESSAGE][PASSED] - Object: 'Object Repository/Page_KiboPush  Broadcast/span_Create New Broadcast' is clicked on

2019-04-23 09:45:14 - [TEST_STEP][PASSED] - click: Object: 'Object Repository/Page_KiboPush  Broadcast/a_Create New Broadcast' is clicked on

2019-04-23 09:45:15 - [MESSAGE][PASSED] - Object: 'Object Repository/Page_KiboPush  Broadcast/a_Create New Broadcast' is clicked on

2019-04-23 09:45:15 - [TEST_STEP][PASSED] - delay: Delayed 1 second(s)

2019-04-23 09:45:16 - [MESSAGE][PASSED] - Delayed 1 second(s)

2019-04-23 09:45:16 - [TEST_STEP][PASSED] - click: Object: 'Object Repository/Page_KiboPush  Create Broadcast/div_Image (1)' is clicked on

2019-04-23 09:45:17 - [MESSAGE][PASSED] - Object: 'Object Repository/Page_KiboPush  Create Broadcast/div_Image (1)' is clicked on

2019-04-23 09:45:17 - [TEST_STEP][PASSED] - delay: Delayed 1 second(s)

2019-04-23 09:45:18 - [MESSAGE][PASSED] - Delayed 1 second(s)

2019-04-23 09:45:18 - [TEST_STEP][PASSED] - Statement - driver = com.kms.katalon.core.webui.driver.DriverFactory.getWebDriver(): null

2019-04-23 09:45:18 - [TEST_STEP][PASSED] - Statement - upload = driver.findElement(org.openqa.selenium.By.xpath("//input[@type='file']")): null

2019-04-23 09:45:18 - [TEST_STEP][PASSED] - Statement - img = com.kms.katalon.core.configuration.RunConfiguration.getProjectDir() + "/sample.jpg": null

2019-04-23 09:45:18 - [TEST_STEP][PASSED] - Statement - upload.sendKeys(img): null

2019-04-23 09:45:18 - [TEST_STEP][PASSED] - delay: Delayed 5 second(s)

2019-04-23 09:45:23 - [MESSAGE][PASSED] - Delayed 5 second(s)]]></system-out>
         <system-err><![CDATA[]]></system-err>
      </testcase>
      <testcase name="Test Cases/Broadcasts/TC0141" classname="Test Cases/Broadcasts/TC0141" status="PASSED">
         <system-out><![CDATA[2019-04-23 09:45:23 - [TEST_CASE][PASSED] - Test Cases/Broadcasts/TC0141: Test Cases/Broadcasts/TC0141

2019-04-23 09:45:24 - [TEST_STEP][PASSED] - callTestCase: Call Test Case 'Test Cases/s-sidebar_navigation/TeamAccount/Broadcasts' successfully

2019-04-23 09:45:24 - [TEST_CASE][PASSED] - Test Cases/s-sidebar_navigation/TeamAccount/Broadcasts: Test Cases/s-sidebar_navigation/TeamAccount/Broadcasts

2019-04-23 09:45:24 - [TEST_STEP][PASSED] - callTestCase: Call Test Case 'Test Cases/s-sidebar_navigation/individualAccount/broadcast' successfully

2019-04-23 09:45:24 - [TEST_CASE][PASSED] - Test Cases/s-sidebar_navigation/individualAccount/broadcast: Test Cases/s-sidebar_navigation/individualAccount/broadcast

2019-04-23 09:45:24 - [TEST_STEP][PASSED] - click: Object: 'Object Repository/Page_KiboPush  Dashboard/span_Polls' is clicked on

2019-04-23 09:45:24 - [MESSAGE][PASSED] - Object: 'Object Repository/Page_KiboPush  Dashboard/span_Polls' is clicked on

2019-04-23 09:45:24 - [TEST_STEP][PASSED] - delay: Delayed 1 second(s)

2019-04-23 09:45:25 - [MESSAGE][PASSED] - Delayed 1 second(s)

2019-04-23 09:45:25 - [TEST_STEP][PASSED] - click: Object: 'Object Repository/Page_KiboPush  Dashboard/span_Broadcasts' is clicked on

2019-04-23 09:45:26 - [MESSAGE][PASSED] - Object: 'Object Repository/Page_KiboPush  Dashboard/span_Broadcasts' is clicked on

2019-04-23 09:45:26 - [TEST_STEP][PASSED] - delay: Delayed 1 second(s)

2019-04-23 09:45:27 - [MESSAGE][PASSED] - Delayed 1 second(s)

2019-04-23 09:45:27 - [TEST_STEP][PASSED] - scrollToPosition: Browser is scrolled to position x = 0, y = 0

2019-04-23 09:45:27 - [MESSAGE][PASSED] - Browser is scrolled to position x = 0, y = 0

2019-04-23 09:45:27 - [TEST_STEP][PASSED] - click: Object: 'Object Repository/Page_KiboPush  Broadcast/h3_Manage Broadcasts' is clicked on

2019-04-23 09:45:28 - [MESSAGE][PASSED] - Object: 'Object Repository/Page_KiboPush  Broadcast/h3_Manage Broadcasts' is clicked on

2019-04-23 09:45:28 - [MESSAGE][PASSED] - Call Test Case 'Test Cases/s-sidebar_navigation/individualAccount/broadcast' successfully

2019-04-23 09:45:28 - [MESSAGE][PASSED] - Call Test Case 'Test Cases/s-sidebar_navigation/TeamAccount/Broadcasts' successfully

2019-04-23 09:45:28 - [TEST_STEP][PASSED] - click: Object: 'Object Repository/Page_KiboPush  Broadcast/span_Create New Broadcast' is clicked on

2019-04-23 09:45:28 - [MESSAGE][PASSED] - Object: 'Object Repository/Page_KiboPush  Broadcast/span_Create New Broadcast' is clicked on

2019-04-23 09:45:28 - [TEST_STEP][PASSED] - click: Object: 'Object Repository/Page_KiboPush  Broadcast/a_Create New Broadcast' is clicked on

2019-04-23 09:45:30 - [MESSAGE][PASSED] - Object: 'Object Repository/Page_KiboPush  Broadcast/a_Create New Broadcast' is clicked on

2019-04-23 09:45:30 - [TEST_STEP][PASSED] - delay: Delayed 1 second(s)

2019-04-23 09:45:31 - [MESSAGE][PASSED] - Delayed 1 second(s)

2019-04-23 09:45:31 - [TEST_STEP][PASSED] - click: Object: 'Object Repository/Page_KiboPush  Create Broadcast/div_Card' is clicked on

2019-04-23 09:45:32 - [MESSAGE][PASSED] - Object: 'Object Repository/Page_KiboPush  Create Broadcast/div_Card' is clicked on]]></system-out>
         <system-err><![CDATA[]]></system-err>
      </testcase>
      <testcase name="Test Cases/Broadcasts/TC0142" classname="Test Cases/Broadcasts/TC0142" status="PASSED">
         <system-out><![CDATA[2019-04-23 09:45:32 - [TEST_CASE][PASSED] - Test Cases/Broadcasts/TC0142: Test Cases/Broadcasts/TC0142

2019-04-23 09:45:33 - [TEST_STEP][PASSED] - callTestCase: Call Test Case 'Test Cases/s-sidebar_navigation/TeamAccount/Broadcasts' successfully

2019-04-23 09:45:33 - [TEST_CASE][PASSED] - Test Cases/s-sidebar_navigation/TeamAccount/Broadcasts: Test Cases/s-sidebar_navigation/TeamAccount/Broadcasts

2019-04-23 09:45:33 - [TEST_STEP][PASSED] - callTestCase: Call Test Case 'Test Cases/s-sidebar_navigation/individualAccount/broadcast' successfully

2019-04-23 09:45:33 - [TEST_CASE][PASSED] - Test Cases/s-sidebar_navigation/individualAccount/broadcast: Test Cases/s-sidebar_navigation/individualAccount/broadcast

2019-04-23 09:45:33 - [TEST_STEP][PASSED] - click: Object: 'Object Repository/Page_KiboPush  Dashboard/span_Polls' is clicked on

2019-04-23 09:45:33 - [MESSAGE][PASSED] - Object: 'Object Repository/Page_KiboPush  Dashboard/span_Polls' is clicked on

2019-04-23 09:45:33 - [TEST_STEP][PASSED] - delay: Delayed 1 second(s)

2019-04-23 09:45:34 - [MESSAGE][PASSED] - Delayed 1 second(s)

2019-04-23 09:45:34 - [TEST_STEP][PASSED] - click: Object: 'Object Repository/Page_KiboPush  Dashboard/span_Broadcasts' is clicked on

2019-04-23 09:45:35 - [MESSAGE][PASSED] - Object: 'Object Repository/Page_KiboPush  Dashboard/span_Broadcasts' is clicked on

2019-04-23 09:45:35 - [TEST_STEP][PASSED] - delay: Delayed 1 second(s)

2019-04-23 09:45:36 - [MESSAGE][PASSED] - Delayed 1 second(s)

2019-04-23 09:45:36 - [TEST_STEP][PASSED] - scrollToPosition: Browser is scrolled to position x = 0, y = 0

2019-04-23 09:45:36 - [MESSAGE][PASSED] - Browser is scrolled to position x = 0, y = 0

2019-04-23 09:45:36 - [TEST_STEP][PASSED] - click: Object: 'Object Repository/Page_KiboPush  Broadcast/h3_Manage Broadcasts' is clicked on

2019-04-23 09:45:37 - [MESSAGE][PASSED] - Object: 'Object Repository/Page_KiboPush  Broadcast/h3_Manage Broadcasts' is clicked on

2019-04-23 09:45:37 - [MESSAGE][PASSED] - Call Test Case 'Test Cases/s-sidebar_navigation/individualAccount/broadcast' successfully

2019-04-23 09:45:37 - [MESSAGE][PASSED] - Call Test Case 'Test Cases/s-sidebar_navigation/TeamAccount/Broadcasts' successfully

2019-04-23 09:45:37 - [TEST_STEP][PASSED] - click: Object: 'Object Repository/Page_KiboPush  Broadcast/span_Create New Broadcast' is clicked on

2019-04-23 09:45:38 - [MESSAGE][PASSED] - Object: 'Object Repository/Page_KiboPush  Broadcast/span_Create New Broadcast' is clicked on

2019-04-23 09:45:38 - [TEST_STEP][PASSED] - click: Object: 'Object Repository/Page_KiboPush  Broadcast/a_Create New Broadcast' is clicked on

2019-04-23 09:45:39 - [MESSAGE][PASSED] - Object: 'Object Repository/Page_KiboPush  Broadcast/a_Create New Broadcast' is clicked on

2019-04-23 09:45:39 - [TEST_STEP][PASSED] - delay: Delayed 1 second(s)

2019-04-23 09:45:40 - [MESSAGE][PASSED] - Delayed 1 second(s)

2019-04-23 09:45:40 - [TEST_STEP][PASSED] - click: Object: 'Object Repository/Page_KiboPush  Create Broadcast/div_Card (1)' is clicked on

2019-04-23 09:45:40 - [MESSAGE][PASSED] - Object: 'Object Repository/Page_KiboPush  Create Broadcast/div_Card (1)' is clicked on

2019-04-23 09:45:40 - [TEST_STEP][PASSED] - setText: Text 'Card Title' is set on object 'Object Repository/Page_KiboPush  Create Broadcast/input_form-control (3)'

2019-04-23 09:45:41 - [MESSAGE][PASSED] - Text 'Card Title' is set on object 'Object Repository/Page_KiboPush  Create Broadcast/input_form-control (3)'

2019-04-23 09:45:41 - [TEST_STEP][PASSED] - setText: Text 'Card Subtitle' is set on object 'Object Repository/Page_KiboPush  Create Broadcast/textarea_form-control'

2019-04-23 09:45:42 - [MESSAGE][PASSED] - Text 'Card Subtitle' is set on object 'Object Repository/Page_KiboPush  Create Broadcast/textarea_form-control'

2019-04-23 09:45:42 - [TEST_STEP][PASSED] - scrollToPosition: Browser is scrolled to position x = 0, y = 0

2019-04-23 09:45:42 - [MESSAGE][PASSED] - Browser is scrolled to position x = 0, y = 0

2019-04-23 09:45:42 - [TEST_STEP][PASSED] - click: Object: 'Object Repository/Page_KiboPush  Create Broadcast/button_Next (2)' is clicked on

2019-04-23 09:45:43 - [MESSAGE][PASSED] - Object: 'Object Repository/Page_KiboPush  Create Broadcast/button_Next (2)' is clicked on

2019-04-23 09:45:43 - [TEST_STEP][PASSED] - delay: Delayed 1 second(s)

2019-04-23 09:45:44 - [MESSAGE][PASSED] - Delayed 1 second(s)

2019-04-23 09:45:44 - [TEST_STEP][PASSED] - verifyTextPresent: Text 'CARD MUST HAVE AN IMAGE' is present on page 

2019-04-23 09:45:44 - [MESSAGE][PASSED] - Text 'CARD MUST HAVE AN IMAGE' is present on page]]></system-out>
         <system-err><![CDATA[]]></system-err>
      </testcase>
      <testcase name="Test Cases/Broadcasts/TC0143" classname="Test Cases/Broadcasts/TC0143" status="PASSED">
         <system-out><![CDATA[2019-04-23 09:45:44 - [TEST_CASE][PASSED] - Test Cases/Broadcasts/TC0143: Test Cases/Broadcasts/TC0143

2019-04-23 09:45:45 - [TEST_STEP][PASSED] - callTestCase: Call Test Case 'Test Cases/s-sidebar_navigation/TeamAccount/Broadcasts' successfully

2019-04-23 09:45:45 - [TEST_CASE][PASSED] - Test Cases/s-sidebar_navigation/TeamAccount/Broadcasts: Test Cases/s-sidebar_navigation/TeamAccount/Broadcasts

2019-04-23 09:45:45 - [TEST_STEP][PASSED] - callTestCase: Call Test Case 'Test Cases/s-sidebar_navigation/individualAccount/broadcast' successfully

2019-04-23 09:45:45 - [TEST_CASE][PASSED] - Test Cases/s-sidebar_navigation/individualAccount/broadcast: Test Cases/s-sidebar_navigation/individualAccount/broadcast

2019-04-23 09:45:45 - [TEST_STEP][PASSED] - click: Object: 'Object Repository/Page_KiboPush  Dashboard/span_Polls' is clicked on

2019-04-23 09:45:45 - [MESSAGE][PASSED] - Object: 'Object Repository/Page_KiboPush  Dashboard/span_Polls' is clicked on

2019-04-23 09:45:45 - [TEST_STEP][PASSED] - delay: Delayed 1 second(s)

2019-04-23 09:45:46 - [MESSAGE][PASSED] - Delayed 1 second(s)

2019-04-23 09:45:46 - [TEST_STEP][PASSED] - click: Object: 'Object Repository/Page_KiboPush  Dashboard/span_Broadcasts' is clicked on

2019-04-23 09:45:47 - [MESSAGE][PASSED] - Object: 'Object Repository/Page_KiboPush  Dashboard/span_Broadcasts' is clicked on

2019-04-23 09:45:47 - [TEST_STEP][PASSED] - delay: Delayed 1 second(s)

2019-04-23 09:45:48 - [MESSAGE][PASSED] - Delayed 1 second(s)

2019-04-23 09:45:48 - [TEST_STEP][PASSED] - scrollToPosition: Browser is scrolled to position x = 0, y = 0

2019-04-23 09:45:48 - [MESSAGE][PASSED] - Browser is scrolled to position x = 0, y = 0

2019-04-23 09:45:48 - [TEST_STEP][PASSED] - click: Object: 'Object Repository/Page_KiboPush  Broadcast/h3_Manage Broadcasts' is clicked on

2019-04-23 09:45:48 - [MESSAGE][PASSED] - Object: 'Object Repository/Page_KiboPush  Broadcast/h3_Manage Broadcasts' is clicked on

2019-04-23 09:45:48 - [MESSAGE][PASSED] - Call Test Case 'Test Cases/s-sidebar_navigation/individualAccount/broadcast' successfully

2019-04-23 09:45:48 - [MESSAGE][PASSED] - Call Test Case 'Test Cases/s-sidebar_navigation/TeamAccount/Broadcasts' successfully

2019-04-23 09:45:48 - [TEST_STEP][PASSED] - click: Object: 'Object Repository/Page_KiboPush  Broadcast/span_Create New Broadcast' is clicked on

2019-04-23 09:45:49 - [MESSAGE][PASSED] - Object: 'Object Repository/Page_KiboPush  Broadcast/span_Create New Broadcast' is clicked on

2019-04-23 09:45:49 - [TEST_STEP][PASSED] - click: Object: 'Object Repository/Page_KiboPush  Broadcast/a_Create New Broadcast' is clicked on

2019-04-23 09:45:50 - [MESSAGE][PASSED] - Object: 'Object Repository/Page_KiboPush  Broadcast/a_Create New Broadcast' is clicked on

2019-04-23 09:45:50 - [TEST_STEP][PASSED] - delay: Delayed 1 second(s)

2019-04-23 09:45:51 - [MESSAGE][PASSED] - Delayed 1 second(s)

2019-04-23 09:45:51 - [TEST_STEP][PASSED] - click: Object: 'Object Repository/Page_KiboPush  Create Broadcast/div_Card' is clicked on

2019-04-23 09:45:52 - [MESSAGE][PASSED] - Object: 'Object Repository/Page_KiboPush  Create Broadcast/div_Card' is clicked on

2019-04-23 09:45:52 - [TEST_STEP][PASSED] - delay: Delayed 3 second(s)

2019-04-23 09:45:55 - [MESSAGE][PASSED] - Delayed 3 second(s)

2019-04-23 09:45:55 - [TEST_STEP][PASSED] - Statement - img = com.kms.katalon.core.configuration.RunConfiguration.getProjectDir() + "/sample.jpg": null

2019-04-23 09:45:55 - [TEST_STEP][PASSED] - uploadFile: File 'C:/Users/cloudkibo/Desktop/KiboPush_Automated_Testing/KiboPush Katalon/sample.jpg' sent to object: 'Object Repository/Page_KiboPush  Create Broadcast/input_file'

2019-04-23 09:45:55 - [MESSAGE][PASSED] - File 'C:/Users/cloudkibo/Desktop/KiboPush_Automated_Testing/KiboPush Katalon/sample.jpg' sent to object: 'Object Repository/Page_KiboPush  Create Broadcast/input_file'

2019-04-23 09:45:55 - [TEST_STEP][PASSED] - delay: Delayed 5 second(s)

2019-04-23 09:46:00 - [MESSAGE][PASSED] - Delayed 5 second(s)

2019-04-23 09:46:00 - [TEST_STEP][PASSED] - Statement - driver = com.kms.katalon.core.webui.driver.DriverFactory.getWebDriver(): null

2019-04-23 09:46:01 - [TEST_STEP][PASSED] - Statement - image_popup = driver.findElement(org.openqa.selenium.By.xpath("/html/body/div[5]/div/div[2]/div/a")): null

2019-04-23 09:46:01 - [TEST_STEP][PASSED] - Statement - image_popup.click(): null

2019-04-23 09:46:01 - [TEST_STEP][PASSED] - delay: Delayed 2 second(s)

2019-04-23 09:46:03 - [MESSAGE][PASSED] - Delayed 2 second(s)

2019-04-23 09:46:03 - [TEST_STEP][PASSED] - setText: Text 'Card Subtitle' is set on object 'Object Repository/Page_KiboPush  Create Broadcast/textarea_form-control'

2019-04-23 09:46:04 - [MESSAGE][PASSED] - Text 'Card Subtitle' is set on object 'Object Repository/Page_KiboPush  Create Broadcast/textarea_form-control'

2019-04-23 09:46:04 - [TEST_STEP][PASSED] - scrollToPosition: Browser is scrolled to position x = 0, y = 0

2019-04-23 09:46:04 - [MESSAGE][PASSED] - Browser is scrolled to position x = 0, y = 0

2019-04-23 09:46:04 - [TEST_STEP][PASSED] - click: Object: 'Object Repository/Page_KiboPush  Create Broadcast/button_Next (2)' is clicked on

2019-04-23 09:46:04 - [MESSAGE][PASSED] - Object: 'Object Repository/Page_KiboPush  Create Broadcast/button_Next (2)' is clicked on

2019-04-23 09:46:04 - [TEST_STEP][PASSED] - verifyTextPresent: Text 'CARD MUST HAVE A TITLE' is present on page 

2019-04-23 09:46:05 - [MESSAGE][PASSED] - Text 'CARD MUST HAVE A TITLE' is present on page]]></system-out>
         <system-err><![CDATA[]]></system-err>
      </testcase>
      <testcase name="Test Cases/Broadcasts/TC0144" classname="Test Cases/Broadcasts/TC0144" status="ERROR">
         <error type="ERROR" message="Test Cases/Broadcasts/TC0144 FAILED because (of) org.openqa.selenium.NoSuchElementException: no such element: Unable to locate element: {&quot;method&quot;:&quot;xpath&quot;,&quot;selector&quot;:&quot;/html/body/div[5]/div/div[2]/div/a&quot;}
  (Session info: chrome=73.0.3683.103)
  (Driver info: chromedriver=2.35.528161 (5b82f2d2aae0ca24b877009200ced9065a772e73),platform=Windows NT 10.0.17134 x86_64) (WARNING: The server did not provide any stacktrace information)
Command duration or timeout: 0 milliseconds
For documentation on this error, please visit: http://seleniumhq.org/exceptions/no_such_element.html
Build info: version: '3.7.1', revision: '8a0099a', time: '2017-11-06T21:07:36.161Z'
System info: host: 'DESKTOP-4M6R1V0', ip: '10.0.2.15', os.name: 'Windows 10', os.arch: 'amd64', os.version: '10.0', java.version: '1.8.0_181'
Driver info: com.kms.katalon.selenium.driver.CChromeDriver
Capabilities {acceptInsecureCerts: false, acceptSslCerts: false, applicationCacheEnabled: false, browserConnectionEnabled: false, browserName: chrome, chrome: {chromedriverVersion: 2.35.528161 (5b82f2d2aae0ca..., userDataDir: C:\Users\CLOUDK~1\AppData\L...}, cssSelectorsEnabled: true, databaseEnabled: false, handlesAlerts: true, hasTouchScreen: false, javascriptEnabled: true, locationContextEnabled: true, mobileEmulationEnabled: false, nativeEvents: true, networkConnectionEnabled: false, pageLoadStrategy: normal, platform: XP, platformName: XP, rotatable: false, setWindowRect: true, takesHeapSnapshot: true, takesScreenshot: true, unexpectedAlertBehaviour: , unhandledPromptBehavior: , version: 73.0.3683.103, webStorageEnabled: true}
Session ID: 8e93d7609dd9e8edce6d3260ea16ae38
*** Element info: {Using=xpath, value=/html/body/div[5]/div/div[2]/div/a}"/>
         <system-out><![CDATA[2019-04-23 09:46:05 - [TEST_CASE][ERROR] - Test Cases/Broadcasts/TC0144: Test Cases/Broadcasts/TC0144 FAILED because (of) org.openqa.selenium.NoSuchElementException: no such element: Unable to locate element: {"method":"xpath","selector":"/html/body/div[5]/div/div[2]/div/a"}
  (Session info: chrome=73.0.3683.103)
  (Driver info: chromedriver=2.35.528161 (5b82f2d2aae0ca24b877009200ced9065a772e73),platform=Windows NT 10.0.17134 x86_64) (WARNING: The server did not provide any stacktrace information)
Command duration or timeout: 0 milliseconds
For documentation on this error, please visit: http://seleniumhq.org/exceptions/no_such_element.html
Build info: version: '3.7.1', revision: '8a0099a', time: '2017-11-06T21:07:36.161Z'
System info: host: 'DESKTOP-4M6R1V0', ip: '10.0.2.15', os.name: 'Windows 10', os.arch: 'amd64', os.version: '10.0', java.version: '1.8.0_181'
Driver info: com.kms.katalon.selenium.driver.CChromeDriver
Capabilities {acceptInsecureCerts: false, acceptSslCerts: false, applicationCacheEnabled: false, browserConnectionEnabled: false, browserName: chrome, chrome: {chromedriverVersion: 2.35.528161 (5b82f2d2aae0ca..., userDataDir: C:\Users\CLOUDK~1\AppData\L...}, cssSelectorsEnabled: true, databaseEnabled: false, handlesAlerts: true, hasTouchScreen: false, javascriptEnabled: true, locationContextEnabled: true, mobileEmulationEnabled: false, nativeEvents: true, networkConnectionEnabled: false, pageLoadStrategy: normal, platform: XP, platformName: XP, rotatable: false, setWindowRect: true, takesHeapSnapshot: true, takesScreenshot: true, unexpectedAlertBehaviour: , unhandledPromptBehavior: , version: 73.0.3683.103, webStorageEnabled: true}
Session ID: 8e93d7609dd9e8edce6d3260ea16ae38
*** Element info: {Using=xpath, value=/html/body/div[5]/div/div[2]/div/a}

2019-04-23 09:46:05 - [TEST_STEP][PASSED] - callTestCase: Call Test Case 'Test Cases/s-sidebar_navigation/TeamAccount/Broadcasts' successfully

2019-04-23 09:46:05 - [TEST_CASE][PASSED] - Test Cases/s-sidebar_navigation/TeamAccount/Broadcasts: Test Cases/s-sidebar_navigation/TeamAccount/Broadcasts

2019-04-23 09:46:05 - [TEST_STEP][PASSED] - callTestCase: Call Test Case 'Test Cases/s-sidebar_navigation/individualAccount/broadcast' successfully

2019-04-23 09:46:05 - [TEST_CASE][PASSED] - Test Cases/s-sidebar_navigation/individualAccount/broadcast: Test Cases/s-sidebar_navigation/individualAccount/broadcast

2019-04-23 09:46:05 - [TEST_STEP][PASSED] - click: Object: 'Object Repository/Page_KiboPush  Dashboard/span_Polls' is clicked on

2019-04-23 09:46:06 - [MESSAGE][PASSED] - Object: 'Object Repository/Page_KiboPush  Dashboard/span_Polls' is clicked on

2019-04-23 09:46:06 - [TEST_STEP][PASSED] - delay: Delayed 1 second(s)

2019-04-23 09:46:07 - [MESSAGE][PASSED] - Delayed 1 second(s)

2019-04-23 09:46:07 - [TEST_STEP][PASSED] - click: Object: 'Object Repository/Page_KiboPush  Dashboard/span_Broadcasts' is clicked on

2019-04-23 09:46:08 - [MESSAGE][PASSED] - Object: 'Object Repository/Page_KiboPush  Dashboard/span_Broadcasts' is clicked on

2019-04-23 09:46:08 - [TEST_STEP][PASSED] - delay: Delayed 1 second(s)

2019-04-23 09:46:09 - [MESSAGE][PASSED] - Delayed 1 second(s)

2019-04-23 09:46:09 - [TEST_STEP][PASSED] - scrollToPosition: Browser is scrolled to position x = 0, y = 0

2019-04-23 09:46:09 - [MESSAGE][PASSED] - Browser is scrolled to position x = 0, y = 0

2019-04-23 09:46:09 - [TEST_STEP][PASSED] - click: Object: 'Object Repository/Page_KiboPush  Broadcast/h3_Manage Broadcasts' is clicked on

2019-04-23 09:46:09 - [MESSAGE][PASSED] - Object: 'Object Repository/Page_KiboPush  Broadcast/h3_Manage Broadcasts' is clicked on

2019-04-23 09:46:09 - [MESSAGE][PASSED] - Call Test Case 'Test Cases/s-sidebar_navigation/individualAccount/broadcast' successfully

2019-04-23 09:46:09 - [MESSAGE][PASSED] - Call Test Case 'Test Cases/s-sidebar_navigation/TeamAccount/Broadcasts' successfully

2019-04-23 09:46:09 - [TEST_STEP][PASSED] - click: Object: 'Object Repository/Page_KiboPush  Broadcast/span_Create New Broadcast' is clicked on

2019-04-23 09:46:10 - [MESSAGE][PASSED] - Object: 'Object Repository/Page_KiboPush  Broadcast/span_Create New Broadcast' is clicked on

2019-04-23 09:46:10 - [TEST_STEP][PASSED] - click: Object: 'Object Repository/Page_KiboPush  Broadcast/a_Create New Broadcast' is clicked on

2019-04-23 09:46:11 - [MESSAGE][PASSED] - Object: 'Object Repository/Page_KiboPush  Broadcast/a_Create New Broadcast' is clicked on

2019-04-23 09:46:11 - [TEST_STEP][PASSED] - delay: Delayed 1 second(s)

2019-04-23 09:46:12 - [MESSAGE][PASSED] - Delayed 1 second(s)

2019-04-23 09:46:12 - [TEST_STEP][PASSED] - click: Object: 'Object Repository/Page_KiboPush  Create Broadcast/div_Card (3)' is clicked on

2019-04-23 09:46:12 - [MESSAGE][PASSED] - Object: 'Object Repository/Page_KiboPush  Create Broadcast/div_Card (3)' is clicked on

2019-04-23 09:46:12 - [TEST_STEP][PASSED] - delay: Delayed 1 second(s)

2019-04-23 09:46:13 - [MESSAGE][PASSED] - Delayed 1 second(s)

2019-04-23 09:46:13 - [TEST_STEP][PASSED] - Statement - img = com.kms.katalon.core.configuration.RunConfiguration.getProjectDir() + "/sample.jpg": null

2019-04-23 09:46:13 - [TEST_STEP][PASSED] - delay: Delayed 5 second(s)

2019-04-23 09:46:18 - [MESSAGE][PASSED] - Delayed 5 second(s)

2019-04-23 09:46:19 - [TEST_STEP][PASSED] - uploadFile: File 'C:/Users/cloudkibo/Desktop/KiboPush_Automated_Testing/KiboPush Katalon/sample.jpg' sent to object: 'Object Repository/Page_KiboPush  Create Broadcast/input_file'

2019-04-23 09:46:19 - [MESSAGE][PASSED] - File 'C:/Users/cloudkibo/Desktop/KiboPush_Automated_Testing/KiboPush Katalon/sample.jpg' sent to object: 'Object Repository/Page_KiboPush  Create Broadcast/input_file'

2019-04-23 09:46:19 - [TEST_STEP][PASSED] - Statement - driver = com.kms.katalon.core.webui.driver.DriverFactory.getWebDriver(): null

2019-04-23 09:46:19 - [TEST_STEP][PASSED] - Statement - image_popup = driver.findElement(org.openqa.selenium.By.xpath("/html/body/div[5]/div/div[2]/div/a")): null]]></system-out>
         <system-err><![CDATA[2019-04-23 09:46:05 - [TEST_CASE][ERROR] - Test Cases/Broadcasts/TC0144: Test Cases/Broadcasts/TC0144 FAILED because (of) org.openqa.selenium.NoSuchElementException: no such element: Unable to locate element: {"method":"xpath","selector":"/html/body/div[5]/div/div[2]/div/a"}
  (Session info: chrome=73.0.3683.103)
  (Driver info: chromedriver=2.35.528161 (5b82f2d2aae0ca24b877009200ced9065a772e73),platform=Windows NT 10.0.17134 x86_64) (WARNING: The server did not provide any stacktrace information)
Command duration or timeout: 0 milliseconds
For documentation on this error, please visit: http://seleniumhq.org/exceptions/no_such_element.html
Build info: version: '3.7.1', revision: '8a0099a', time: '2017-11-06T21:07:36.161Z'
System info: host: 'DESKTOP-4M6R1V0', ip: '10.0.2.15', os.name: 'Windows 10', os.arch: 'amd64', os.version: '10.0', java.version: '1.8.0_181'
Driver info: com.kms.katalon.selenium.driver.CChromeDriver
Capabilities {acceptInsecureCerts: false, acceptSslCerts: false, applicationCacheEnabled: false, browserConnectionEnabled: false, browserName: chrome, chrome: {chromedriverVersion: 2.35.528161 (5b82f2d2aae0ca..., userDataDir: C:\Users\CLOUDK~1\AppData\L...}, cssSelectorsEnabled: true, databaseEnabled: false, handlesAlerts: true, hasTouchScreen: false, javascriptEnabled: true, locationContextEnabled: true, mobileEmulationEnabled: false, nativeEvents: true, networkConnectionEnabled: false, pageLoadStrategy: normal, platform: XP, platformName: XP, rotatable: false, setWindowRect: true, takesHeapSnapshot: true, takesScreenshot: true, unexpectedAlertBehaviour: , unhandledPromptBehavior: , version: 73.0.3683.103, webStorageEnabled: true}
Session ID: 8e93d7609dd9e8edce6d3260ea16ae38
*** Element info: {Using=xpath, value=/html/body/div[5]/div/div[2]/div/a}]]></system-err>
      </testcase>
      <testcase name="Test Cases/Broadcasts/TC0145" classname="Test Cases/Broadcasts/TC0145" status="PASSED">
         <system-out><![CDATA[2019-04-23 09:46:19 - [TEST_CASE][PASSED] - Test Cases/Broadcasts/TC0145: Test Cases/Broadcasts/TC0145

2019-04-23 09:46:20 - [TEST_STEP][PASSED] - callTestCase: Call Test Case 'Test Cases/s-sidebar_navigation/TeamAccount/Broadcasts' successfully

2019-04-23 09:46:20 - [TEST_CASE][PASSED] - Test Cases/s-sidebar_navigation/TeamAccount/Broadcasts: Test Cases/s-sidebar_navigation/TeamAccount/Broadcasts

2019-04-23 09:46:20 - [TEST_STEP][PASSED] - callTestCase: Call Test Case 'Test Cases/s-sidebar_navigation/individualAccount/broadcast' successfully

2019-04-23 09:46:20 - [TEST_CASE][PASSED] - Test Cases/s-sidebar_navigation/individualAccount/broadcast: Test Cases/s-sidebar_navigation/individualAccount/broadcast

2019-04-23 09:46:20 - [TEST_STEP][PASSED] - click: Object: 'Object Repository/Page_KiboPush  Dashboard/span_Polls' is clicked on

2019-04-23 09:46:21 - [MESSAGE][PASSED] - Object: 'Object Repository/Page_KiboPush  Dashboard/span_Polls' is clicked on

2019-04-23 09:46:21 - [TEST_STEP][PASSED] - delay: Delayed 1 second(s)

2019-04-23 09:46:22 - [MESSAGE][PASSED] - Delayed 1 second(s)

2019-04-23 09:46:22 - [TEST_STEP][PASSED] - click: Object: 'Object Repository/Page_KiboPush  Dashboard/span_Broadcasts' is clicked on

2019-04-23 09:46:22 - [MESSAGE][PASSED] - Object: 'Object Repository/Page_KiboPush  Dashboard/span_Broadcasts' is clicked on

2019-04-23 09:46:22 - [TEST_STEP][PASSED] - delay: Delayed 1 second(s)

2019-04-23 09:46:23 - [MESSAGE][PASSED] - Delayed 1 second(s)

2019-04-23 09:46:23 - [TEST_STEP][PASSED] - scrollToPosition: Browser is scrolled to position x = 0, y = 0

2019-04-23 09:46:23 - [MESSAGE][PASSED] - Browser is scrolled to position x = 0, y = 0

2019-04-23 09:46:23 - [TEST_STEP][PASSED] - click: Object: 'Object Repository/Page_KiboPush  Broadcast/h3_Manage Broadcasts' is clicked on

2019-04-23 09:46:24 - [MESSAGE][PASSED] - Object: 'Object Repository/Page_KiboPush  Broadcast/h3_Manage Broadcasts' is clicked on

2019-04-23 09:46:24 - [MESSAGE][PASSED] - Call Test Case 'Test Cases/s-sidebar_navigation/individualAccount/broadcast' successfully

2019-04-23 09:46:24 - [MESSAGE][PASSED] - Call Test Case 'Test Cases/s-sidebar_navigation/TeamAccount/Broadcasts' successfully

2019-04-23 09:46:24 - [TEST_STEP][PASSED] - click: Object: 'Object Repository/Page_KiboPush  Broadcast/span_Create New Broadcast' is clicked on

2019-04-23 09:46:25 - [MESSAGE][PASSED] - Object: 'Object Repository/Page_KiboPush  Broadcast/span_Create New Broadcast' is clicked on

2019-04-23 09:46:25 - [TEST_STEP][PASSED] - click: Object: 'Object Repository/Page_KiboPush  Broadcast/a_Create New Broadcast' is clicked on

2019-04-23 09:46:27 - [MESSAGE][PASSED] - Object: 'Object Repository/Page_KiboPush  Broadcast/a_Create New Broadcast' is clicked on

2019-04-23 09:46:27 - [TEST_STEP][PASSED] - delay: Delayed 1 second(s)

2019-04-23 09:46:28 - [MESSAGE][PASSED] - Delayed 1 second(s)

2019-04-23 09:46:28 - [TEST_STEP][PASSED] - click: Object: 'Object Repository/Page_KiboPush  Create Broadcast/div_Card (3) (1)' is clicked on

2019-04-23 09:46:34 - [MESSAGE][PASSED] - Object: 'Object Repository/Page_KiboPush  Create Broadcast/div_Card (3) (1)' is clicked on

2019-04-23 09:46:34 - [TEST_STEP][PASSED] - delay: Delayed 1 second(s)

2019-04-23 09:46:35 - [MESSAGE][PASSED] - Delayed 1 second(s)

2019-04-23 09:46:35 - [TEST_STEP][PASSED] - Statement - driver = com.kms.katalon.core.webui.driver.DriverFactory.getWebDriver(): null

2019-04-23 09:46:35 - [TEST_STEP][PASSED] - Statement - upload = driver.findElement(org.openqa.selenium.By.xpath("//input[@type='file']")): null

2019-04-23 09:46:35 - [TEST_STEP][PASSED] - Statement - img = com.kms.katalon.core.configuration.RunConfiguration.getProjectDir() + "/sample.jpg": null

2019-04-23 09:46:35 - [TEST_STEP][PASSED] - Statement - upload.sendKeys(img): null

2019-04-23 09:46:35 - [TEST_STEP][PASSED] - delay: Delayed 5 second(s)

2019-04-23 09:46:40 - [MESSAGE][PASSED] - Delayed 5 second(s)

2019-04-23 09:46:40 - [TEST_STEP][PASSED] - Statement - image_popup = driver.findElement(org.openqa.selenium.By.xpath("/html/body/div[5]/div/div[2]/div/a")): null

2019-04-23 09:46:40 - [TEST_STEP][PASSED] - Statement - image_popup.click(): null

2019-04-23 09:46:40 - [TEST_STEP][PASSED] - delay: Delayed 2 second(s)

2019-04-23 09:46:42 - [MESSAGE][PASSED] - Delayed 2 second(s)

2019-04-23 09:46:42 - [TEST_STEP][PASSED] - setText: Text 'Card Title' is set on object 'Object Repository/Page_KiboPush  Create Broadcast/input_form-control (4) (1)'

2019-04-23 09:46:43 - [MESSAGE][PASSED] - Text 'Card Title' is set on object 'Object Repository/Page_KiboPush  Create Broadcast/input_form-control (4) (1)'

2019-04-23 09:46:43 - [TEST_STEP][PASSED] - setText: Text 'Card Subtitle' is set on object 'Object Repository/Page_KiboPush  Create Broadcast/textarea_form-control'

2019-04-23 09:46:44 - [MESSAGE][PASSED] - Text 'Card Subtitle' is set on object 'Object Repository/Page_KiboPush  Create Broadcast/textarea_form-control'

2019-04-23 09:46:44 - [TEST_STEP][PASSED] - scrollToPosition: Browser is scrolled to position x = 0, y = 0

2019-04-23 09:46:45 - [MESSAGE][PASSED] - Browser is scrolled to position x = 0, y = 0

2019-04-23 09:46:45 - [TEST_STEP][PASSED] - click: Object: 'Object Repository/Page_KiboPush  Create Broadcast/button_Next (4) (1)' is clicked on

2019-04-23 09:46:45 - [MESSAGE][PASSED] - Object: 'Object Repository/Page_KiboPush  Create Broadcast/button_Next (4) (1)' is clicked on

2019-04-23 09:46:45 - [TEST_STEP][PASSED] - delay: Delayed 1 second(s)

2019-04-23 09:46:46 - [MESSAGE][PASSED] - Delayed 1 second(s)

2019-04-23 09:46:46 - [TEST_STEP][PASSED] - verifyTextPresent: Text 'CARD MUST HAVE AT LEAST ONE BUTTON.' is present on page 

2019-04-23 09:46:46 - [MESSAGE][PASSED] - Text 'CARD MUST HAVE AT LEAST ONE BUTTON.' is present on page]]></system-out>
         <system-err><![CDATA[]]></system-err>
      </testcase>
      <testcase name="Test Cases/Broadcasts/TC0146" classname="Test Cases/Broadcasts/TC0146" status="PASSED">
         <system-out><![CDATA[2019-04-23 09:46:46 - [TEST_CASE][PASSED] - Test Cases/Broadcasts/TC0146: Test Cases/Broadcasts/TC0146

2019-04-23 09:46:47 - [TEST_STEP][PASSED] - callTestCase: Call Test Case 'Test Cases/s-sidebar_navigation/TeamAccount/Broadcasts' successfully

2019-04-23 09:46:47 - [TEST_CASE][PASSED] - Test Cases/s-sidebar_navigation/TeamAccount/Broadcasts: Test Cases/s-sidebar_navigation/TeamAccount/Broadcasts

2019-04-23 09:46:47 - [TEST_STEP][PASSED] - callTestCase: Call Test Case 'Test Cases/s-sidebar_navigation/individualAccount/broadcast' successfully

2019-04-23 09:46:47 - [TEST_CASE][PASSED] - Test Cases/s-sidebar_navigation/individualAccount/broadcast: Test Cases/s-sidebar_navigation/individualAccount/broadcast

2019-04-23 09:46:47 - [TEST_STEP][PASSED] - click: Object: 'Object Repository/Page_KiboPush  Dashboard/span_Polls' is clicked on

2019-04-23 09:46:48 - [MESSAGE][PASSED] - Object: 'Object Repository/Page_KiboPush  Dashboard/span_Polls' is clicked on

2019-04-23 09:46:48 - [TEST_STEP][PASSED] - delay: Delayed 1 second(s)

2019-04-23 09:46:49 - [MESSAGE][PASSED] - Delayed 1 second(s)

2019-04-23 09:46:49 - [TEST_STEP][PASSED] - click: Object: 'Object Repository/Page_KiboPush  Dashboard/span_Broadcasts' is clicked on

2019-04-23 09:46:50 - [MESSAGE][PASSED] - Object: 'Object Repository/Page_KiboPush  Dashboard/span_Broadcasts' is clicked on

2019-04-23 09:46:50 - [TEST_STEP][PASSED] - delay: Delayed 1 second(s)

2019-04-23 09:46:51 - [MESSAGE][PASSED] - Delayed 1 second(s)

2019-04-23 09:46:51 - [TEST_STEP][PASSED] - scrollToPosition: Browser is scrolled to position x = 0, y = 0

2019-04-23 09:46:51 - [MESSAGE][PASSED] - Browser is scrolled to position x = 0, y = 0

2019-04-23 09:46:51 - [TEST_STEP][PASSED] - click: Object: 'Object Repository/Page_KiboPush  Broadcast/h3_Manage Broadcasts' is clicked on

2019-04-23 09:46:52 - [MESSAGE][PASSED] - Object: 'Object Repository/Page_KiboPush  Broadcast/h3_Manage Broadcasts' is clicked on

2019-04-23 09:46:52 - [MESSAGE][PASSED] - Call Test Case 'Test Cases/s-sidebar_navigation/individualAccount/broadcast' successfully

2019-04-23 09:46:52 - [MESSAGE][PASSED] - Call Test Case 'Test Cases/s-sidebar_navigation/TeamAccount/Broadcasts' successfully

2019-04-23 09:46:52 - [TEST_STEP][PASSED] - click: Object: 'Object Repository/Page_KiboPush  Broadcast/span_Create New Broadcast' is clicked on

2019-04-23 09:46:53 - [MESSAGE][PASSED] - Object: 'Object Repository/Page_KiboPush  Broadcast/span_Create New Broadcast' is clicked on

2019-04-23 09:46:53 - [TEST_STEP][PASSED] - click: Object: 'Object Repository/Page_KiboPush  Broadcast/a_Create New Broadcast' is clicked on

2019-04-23 09:46:53 - [MESSAGE][PASSED] - Object: 'Object Repository/Page_KiboPush  Broadcast/a_Create New Broadcast' is clicked on

2019-04-23 09:46:53 - [TEST_STEP][PASSED] - delay: Delayed 1 second(s)

2019-04-23 09:46:54 - [MESSAGE][PASSED] - Delayed 1 second(s)

2019-04-23 09:46:54 - [TEST_STEP][PASSED] - click: Object: 'Object Repository/Page_KiboPush  Create Broadcast/div_Card (3) (1)' is clicked on

2019-04-23 09:46:55 - [MESSAGE][PASSED] - Object: 'Object Repository/Page_KiboPush  Create Broadcast/div_Card (3) (1)' is clicked on

2019-04-23 09:46:55 - [TEST_STEP][PASSED] - delay: Delayed 1 second(s)

2019-04-23 09:46:56 - [MESSAGE][PASSED] - Delayed 1 second(s)

2019-04-23 09:46:56 - [TEST_STEP][PASSED] - Statement - img = com.kms.katalon.core.configuration.RunConfiguration.getProjectDir() + "/sample.jpg": null

2019-04-23 09:46:56 - [TEST_STEP][PASSED] - uploadFile: File 'C:/Users/cloudkibo/Desktop/KiboPush_Automated_Testing/KiboPush Katalon/sample.jpg' sent to object: 'Object Repository/Page_KiboPush  Create Broadcast/input_file'

2019-04-23 09:46:57 - [MESSAGE][PASSED] - File 'C:/Users/cloudkibo/Desktop/KiboPush_Automated_Testing/KiboPush Katalon/sample.jpg' sent to object: 'Object Repository/Page_KiboPush  Create Broadcast/input_file']]></system-out>
         <system-err><![CDATA[]]></system-err>
      </testcase>
      <testcase name="Test Cases/Broadcasts/TC0147" classname="Test Cases/Broadcasts/TC0147" status="PASSED">
         <system-out><![CDATA[2019-04-23 09:46:57 - [TEST_CASE][PASSED] - Test Cases/Broadcasts/TC0147: Test Cases/Broadcasts/TC0147

2019-04-23 09:46:57 - [TEST_STEP][PASSED] - callTestCase: Call Test Case 'Test Cases/s-sidebar_navigation/TeamAccount/Broadcasts' successfully

2019-04-23 09:46:57 - [TEST_CASE][PASSED] - Test Cases/s-sidebar_navigation/TeamAccount/Broadcasts: Test Cases/s-sidebar_navigation/TeamAccount/Broadcasts

2019-04-23 09:46:57 - [TEST_STEP][PASSED] - callTestCase: Call Test Case 'Test Cases/s-sidebar_navigation/individualAccount/broadcast' successfully

2019-04-23 09:46:57 - [TEST_CASE][PASSED] - Test Cases/s-sidebar_navigation/individualAccount/broadcast: Test Cases/s-sidebar_navigation/individualAccount/broadcast

2019-04-23 09:46:57 - [TEST_STEP][PASSED] - click: Object: 'Object Repository/Page_KiboPush  Dashboard/span_Polls' is clicked on

2019-04-23 09:46:58 - [MESSAGE][PASSED] - Object: 'Object Repository/Page_KiboPush  Dashboard/span_Polls' is clicked on

2019-04-23 09:46:58 - [TEST_STEP][PASSED] - delay: Delayed 1 second(s)

2019-04-23 09:46:59 - [MESSAGE][PASSED] - Delayed 1 second(s)

2019-04-23 09:46:59 - [TEST_STEP][PASSED] - click: Object: 'Object Repository/Page_KiboPush  Dashboard/span_Broadcasts' is clicked on

2019-04-23 09:46:59 - [MESSAGE][PASSED] - Object: 'Object Repository/Page_KiboPush  Dashboard/span_Broadcasts' is clicked on

2019-04-23 09:46:59 - [TEST_STEP][PASSED] - delay: Delayed 1 second(s)

2019-04-23 09:47:00 - [MESSAGE][PASSED] - Delayed 1 second(s)

2019-04-23 09:47:00 - [TEST_STEP][PASSED] - scrollToPosition: Browser is scrolled to position x = 0, y = 0

2019-04-23 09:47:00 - [MESSAGE][PASSED] - Browser is scrolled to position x = 0, y = 0

2019-04-23 09:47:00 - [TEST_STEP][PASSED] - click: Object: 'Object Repository/Page_KiboPush  Broadcast/h3_Manage Broadcasts' is clicked on

2019-04-23 09:47:01 - [MESSAGE][PASSED] - Object: 'Object Repository/Page_KiboPush  Broadcast/h3_Manage Broadcasts' is clicked on

2019-04-23 09:47:01 - [MESSAGE][PASSED] - Call Test Case 'Test Cases/s-sidebar_navigation/individualAccount/broadcast' successfully

2019-04-23 09:47:01 - [MESSAGE][PASSED] - Call Test Case 'Test Cases/s-sidebar_navigation/TeamAccount/Broadcasts' successfully

2019-04-23 09:47:01 - [TEST_STEP][PASSED] - click: Object: 'Object Repository/Page_KiboPush  Broadcast/span_Create New Broadcast' is clicked on

2019-04-23 09:47:02 - [MESSAGE][PASSED] - Object: 'Object Repository/Page_KiboPush  Broadcast/span_Create New Broadcast' is clicked on

2019-04-23 09:47:02 - [TEST_STEP][PASSED] - click: Object: 'Object Repository/Page_KiboPush  Broadcast/a_Create New Broadcast' is clicked on

2019-04-23 09:47:03 - [MESSAGE][PASSED] - Object: 'Object Repository/Page_KiboPush  Broadcast/a_Create New Broadcast' is clicked on

2019-04-23 09:47:03 - [TEST_STEP][PASSED] - delay: Delayed 1 second(s)

2019-04-23 09:47:04 - [MESSAGE][PASSED] - Delayed 1 second(s)

2019-04-23 09:47:04 - [TEST_STEP][PASSED] - click: Object: 'Object Repository/Page_KiboPush  Create Broadcast/div_Card' is clicked on

2019-04-23 09:47:04 - [MESSAGE][PASSED] - Object: 'Object Repository/Page_KiboPush  Create Broadcast/div_Card' is clicked on

2019-04-23 09:47:04 - [TEST_STEP][PASSED] - click: Object: 'Object Repository/Page_KiboPush  Create Broadcast/div_ Add Button' is clicked on

2019-04-23 09:47:05 - [MESSAGE][PASSED] - Object: 'Object Repository/Page_KiboPush  Create Broadcast/div_ Add Button' is clicked on

2019-04-23 09:47:05 - [TEST_STEP][PASSED] - setText: Text 'KiboPush' is set on object 'Object Repository/Page_KiboPush  Create Broadcast/input_form-control'

2019-04-23 09:47:05 - [MESSAGE][PASSED] - Text 'KiboPush' is set on object 'Object Repository/Page_KiboPush  Create Broadcast/input_form-control'

2019-04-23 09:47:05 - [TEST_STEP][PASSED] - click: Object: 'Object Repository/Page_KiboPush  Create Broadcast/div_Open a website' is clicked on

2019-04-23 09:47:06 - [MESSAGE][PASSED] - Object: 'Object Repository/Page_KiboPush  Create Broadcast/div_Open a website' is clicked on

2019-04-23 09:47:06 - [TEST_STEP][PASSED] - setText: Text 'kibopush.com' is set on object 'Object Repository/Page_KiboPush  Create Broadcast/input_form-control_1'

2019-04-23 09:47:07 - [MESSAGE][PASSED] - Text 'kibopush.com' is set on object 'Object Repository/Page_KiboPush  Create Broadcast/input_form-control_1'

2019-04-23 09:47:07 - [TEST_STEP][PASSED] - click: Object: 'Object Repository/Page_KiboPush  Create Broadcast/button_Done' is clicked on

2019-04-23 09:47:07 - [MESSAGE][PASSED] - Object: 'Object Repository/Page_KiboPush  Create Broadcast/button_Done' is clicked on]]></system-out>
         <system-err><![CDATA[]]></system-err>
      </testcase>
      <testcase name="Test Cases/Broadcasts/TC0150" classname="Test Cases/Broadcasts/TC0150" status="PASSED">
         <system-out><![CDATA[2019-04-23 09:47:07 - [TEST_CASE][PASSED] - Test Cases/Broadcasts/TC0150: Test Cases/Broadcasts/TC0150

2019-04-23 09:47:07 - [TEST_STEP][PASSED] - callTestCase: Call Test Case 'Test Cases/s-sidebar_navigation/TeamAccount/Broadcasts' successfully

2019-04-23 09:47:07 - [TEST_CASE][PASSED] - Test Cases/s-sidebar_navigation/TeamAccount/Broadcasts: Test Cases/s-sidebar_navigation/TeamAccount/Broadcasts

2019-04-23 09:47:08 - [TEST_STEP][PASSED] - callTestCase: Call Test Case 'Test Cases/s-sidebar_navigation/individualAccount/broadcast' successfully

2019-04-23 09:47:08 - [TEST_CASE][PASSED] - Test Cases/s-sidebar_navigation/individualAccount/broadcast: Test Cases/s-sidebar_navigation/individualAccount/broadcast

2019-04-23 09:47:08 - [TEST_STEP][PASSED] - click: Object: 'Object Repository/Page_KiboPush  Dashboard/span_Polls' is clicked on

2019-04-23 09:47:08 - [MESSAGE][PASSED] - Object: 'Object Repository/Page_KiboPush  Dashboard/span_Polls' is clicked on

2019-04-23 09:47:08 - [TEST_STEP][PASSED] - delay: Delayed 1 second(s)

2019-04-23 09:47:09 - [MESSAGE][PASSED] - Delayed 1 second(s)

2019-04-23 09:47:09 - [TEST_STEP][PASSED] - click: Object: 'Object Repository/Page_KiboPush  Dashboard/span_Broadcasts' is clicked on

2019-04-23 09:47:10 - [MESSAGE][PASSED] - Object: 'Object Repository/Page_KiboPush  Dashboard/span_Broadcasts' is clicked on

2019-04-23 09:47:10 - [TEST_STEP][PASSED] - delay: Delayed 1 second(s)

2019-04-23 09:47:11 - [MESSAGE][PASSED] - Delayed 1 second(s)

2019-04-23 09:47:11 - [TEST_STEP][PASSED] - scrollToPosition: Browser is scrolled to position x = 0, y = 0

2019-04-23 09:47:11 - [MESSAGE][PASSED] - Browser is scrolled to position x = 0, y = 0

2019-04-23 09:47:11 - [TEST_STEP][PASSED] - click: Object: 'Object Repository/Page_KiboPush  Broadcast/h3_Manage Broadcasts' is clicked on

2019-04-23 09:47:12 - [MESSAGE][PASSED] - Object: 'Object Repository/Page_KiboPush  Broadcast/h3_Manage Broadcasts' is clicked on

2019-04-23 09:47:12 - [MESSAGE][PASSED] - Call Test Case 'Test Cases/s-sidebar_navigation/individualAccount/broadcast' successfully

2019-04-23 09:47:12 - [MESSAGE][PASSED] - Call Test Case 'Test Cases/s-sidebar_navigation/TeamAccount/Broadcasts' successfully

2019-04-23 09:47:12 - [TEST_STEP][PASSED] - click: Object: 'Object Repository/Page_KiboPush  Broadcast/span_Create New Broadcast' is clicked on

2019-04-23 09:47:12 - [MESSAGE][PASSED] - Object: 'Object Repository/Page_KiboPush  Broadcast/span_Create New Broadcast' is clicked on

2019-04-23 09:47:12 - [TEST_STEP][PASSED] - click: Object: 'Object Repository/Page_KiboPush  Broadcast/a_Create New Broadcast' is clicked on

2019-04-23 09:47:13 - [MESSAGE][PASSED] - Object: 'Object Repository/Page_KiboPush  Broadcast/a_Create New Broadcast' is clicked on

2019-04-23 09:47:13 - [TEST_STEP][PASSED] - delay: Delayed 1 second(s)

2019-04-23 09:47:14 - [MESSAGE][PASSED] - Delayed 1 second(s)

2019-04-23 09:47:14 - [TEST_STEP][PASSED] - click: Object: 'Object Repository/Page_KiboPush  Create Broadcast/div_Gallery (1)' is clicked on

2019-04-23 09:47:15 - [MESSAGE][PASSED] - Object: 'Object Repository/Page_KiboPush  Create Broadcast/div_Gallery (1)' is clicked on

2019-04-23 09:47:15 - [TEST_STEP][PASSED] - delay: Delayed 2 second(s)

2019-04-23 09:47:17 - [MESSAGE][PASSED] - Delayed 2 second(s)]]></system-out>
         <system-err><![CDATA[]]></system-err>
      </testcase>
      <testcase name="Test Cases/Broadcasts/TC0151" classname="Test Cases/Broadcasts/TC0151" status="PASSED">
         <system-out><![CDATA[2019-04-23 09:47:17 - [TEST_CASE][PASSED] - Test Cases/Broadcasts/TC0151: Test Cases/Broadcasts/TC0151

2019-04-23 09:47:17 - [TEST_STEP][PASSED] - callTestCase: Call Test Case 'Test Cases/Broadcasts/TC0150' successfully

2019-04-23 09:47:18 - [TEST_CASE][PASSED] - Test Cases/Broadcasts/TC0150: Test Cases/Broadcasts/TC0150

2019-04-23 09:47:18 - [TEST_STEP][PASSED] - callTestCase: Call Test Case 'Test Cases/s-sidebar_navigation/TeamAccount/Broadcasts' successfully

2019-04-23 09:47:18 - [TEST_CASE][PASSED] - Test Cases/s-sidebar_navigation/TeamAccount/Broadcasts: Test Cases/s-sidebar_navigation/TeamAccount/Broadcasts

2019-04-23 09:47:18 - [TEST_STEP][PASSED] - callTestCase: Call Test Case 'Test Cases/s-sidebar_navigation/individualAccount/broadcast' successfully

2019-04-23 09:47:18 - [TEST_CASE][PASSED] - Test Cases/s-sidebar_navigation/individualAccount/broadcast: Test Cases/s-sidebar_navigation/individualAccount/broadcast

2019-04-23 09:47:18 - [TEST_STEP][PASSED] - click: Object: 'Object Repository/Page_KiboPush  Dashboard/span_Polls' is clicked on

2019-04-23 09:47:18 - [MESSAGE][PASSED] - Object: 'Object Repository/Page_KiboPush  Dashboard/span_Polls' is clicked on

2019-04-23 09:47:18 - [TEST_STEP][PASSED] - delay: Delayed 1 second(s)

2019-04-23 09:47:19 - [MESSAGE][PASSED] - Delayed 1 second(s)

2019-04-23 09:47:19 - [TEST_STEP][PASSED] - click: Object: 'Object Repository/Page_KiboPush  Dashboard/span_Broadcasts' is clicked on

2019-04-23 09:47:20 - [MESSAGE][PASSED] - Object: 'Object Repository/Page_KiboPush  Dashboard/span_Broadcasts' is clicked on

2019-04-23 09:47:20 - [TEST_STEP][PASSED] - delay: Delayed 1 second(s)

2019-04-23 09:47:21 - [MESSAGE][PASSED] - Delayed 1 second(s)

2019-04-23 09:47:21 - [TEST_STEP][PASSED] - scrollToPosition: Browser is scrolled to position x = 0, y = 0

2019-04-23 09:47:21 - [MESSAGE][PASSED] - Browser is scrolled to position x = 0, y = 0

2019-04-23 09:47:21 - [TEST_STEP][PASSED] - click: Object: 'Object Repository/Page_KiboPush  Broadcast/h3_Manage Broadcasts' is clicked on

2019-04-23 09:47:21 - [MESSAGE][PASSED] - Object: 'Object Repository/Page_KiboPush  Broadcast/h3_Manage Broadcasts' is clicked on

2019-04-23 09:47:21 - [MESSAGE][PASSED] - Call Test Case 'Test Cases/s-sidebar_navigation/individualAccount/broadcast' successfully

2019-04-23 09:47:22 - [MESSAGE][PASSED] - Call Test Case 'Test Cases/s-sidebar_navigation/TeamAccount/Broadcasts' successfully

2019-04-23 09:47:22 - [TEST_STEP][PASSED] - click: Object: 'Object Repository/Page_KiboPush  Broadcast/span_Create New Broadcast' is clicked on

2019-04-23 09:47:22 - [MESSAGE][PASSED] - Object: 'Object Repository/Page_KiboPush  Broadcast/span_Create New Broadcast' is clicked on

2019-04-23 09:47:22 - [TEST_STEP][PASSED] - click: Object: 'Object Repository/Page_KiboPush  Broadcast/a_Create New Broadcast' is clicked on

2019-04-23 09:47:23 - [MESSAGE][PASSED] - Object: 'Object Repository/Page_KiboPush  Broadcast/a_Create New Broadcast' is clicked on

2019-04-23 09:47:23 - [TEST_STEP][PASSED] - delay: Delayed 1 second(s)

2019-04-23 09:47:24 - [MESSAGE][PASSED] - Delayed 1 second(s)

2019-04-23 09:47:24 - [TEST_STEP][PASSED] - click: Object: 'Object Repository/Page_KiboPush  Create Broadcast/div_Gallery (1)' is clicked on

2019-04-23 09:47:25 - [MESSAGE][PASSED] - Object: 'Object Repository/Page_KiboPush  Create Broadcast/div_Gallery (1)' is clicked on

2019-04-23 09:47:25 - [TEST_STEP][PASSED] - delay: Delayed 2 second(s)

2019-04-23 09:47:27 - [MESSAGE][PASSED] - Delayed 2 second(s)

2019-04-23 09:47:27 - [MESSAGE][PASSED] - Call Test Case 'Test Cases/Broadcasts/TC0150' successfully]]></system-out>
         <system-err><![CDATA[]]></system-err>
      </testcase>
      <testcase name="Test Cases/Broadcasts/TC0152" classname="Test Cases/Broadcasts/TC0152" status="PASSED">
         <system-out><![CDATA[2019-04-23 09:47:27 - [TEST_CASE][PASSED] - Test Cases/Broadcasts/TC0152: Test Cases/Broadcasts/TC0152

2019-04-23 09:47:27 - [TEST_STEP][PASSED] - callTestCase: Call Test Case 'Test Cases/Broadcasts/TC0150' successfully

2019-04-23 09:47:27 - [TEST_CASE][PASSED] - Test Cases/Broadcasts/TC0150: Test Cases/Broadcasts/TC0150

2019-04-23 09:47:28 - [TEST_STEP][PASSED] - callTestCase: Call Test Case 'Test Cases/s-sidebar_navigation/TeamAccount/Broadcasts' successfully

2019-04-23 09:47:28 - [TEST_CASE][PASSED] - Test Cases/s-sidebar_navigation/TeamAccount/Broadcasts: Test Cases/s-sidebar_navigation/TeamAccount/Broadcasts

2019-04-23 09:47:28 - [TEST_STEP][PASSED] - callTestCase: Call Test Case 'Test Cases/s-sidebar_navigation/individualAccount/broadcast' successfully

2019-04-23 09:47:28 - [TEST_CASE][PASSED] - Test Cases/s-sidebar_navigation/individualAccount/broadcast: Test Cases/s-sidebar_navigation/individualAccount/broadcast

2019-04-23 09:47:28 - [TEST_STEP][PASSED] - click: Object: 'Object Repository/Page_KiboPush  Dashboard/span_Polls' is clicked on

2019-04-23 09:47:28 - [MESSAGE][PASSED] - Object: 'Object Repository/Page_KiboPush  Dashboard/span_Polls' is clicked on

2019-04-23 09:47:28 - [TEST_STEP][PASSED] - delay: Delayed 1 second(s)

2019-04-23 09:47:29 - [MESSAGE][PASSED] - Delayed 1 second(s)

2019-04-23 09:47:29 - [TEST_STEP][PASSED] - click: Object: 'Object Repository/Page_KiboPush  Dashboard/span_Broadcasts' is clicked on

2019-04-23 09:47:30 - [MESSAGE][PASSED] - Object: 'Object Repository/Page_KiboPush  Dashboard/span_Broadcasts' is clicked on

2019-04-23 09:47:30 - [TEST_STEP][PASSED] - delay: Delayed 1 second(s)

2019-04-23 09:47:31 - [MESSAGE][PASSED] - Delayed 1 second(s)

2019-04-23 09:47:31 - [TEST_STEP][PASSED] - scrollToPosition: Browser is scrolled to position x = 0, y = 0

2019-04-23 09:47:31 - [MESSAGE][PASSED] - Browser is scrolled to position x = 0, y = 0

2019-04-23 09:47:31 - [TEST_STEP][PASSED] - click: Object: 'Object Repository/Page_KiboPush  Broadcast/h3_Manage Broadcasts' is clicked on

2019-04-23 09:47:32 - [MESSAGE][PASSED] - Object: 'Object Repository/Page_KiboPush  Broadcast/h3_Manage Broadcasts' is clicked on

2019-04-23 09:47:32 - [MESSAGE][PASSED] - Call Test Case 'Test Cases/s-sidebar_navigation/individualAccount/broadcast' successfully

2019-04-23 09:47:32 - [MESSAGE][PASSED] - Call Test Case 'Test Cases/s-sidebar_navigation/TeamAccount/Broadcasts' successfully

2019-04-23 09:47:32 - [TEST_STEP][PASSED] - click: Object: 'Object Repository/Page_KiboPush  Broadcast/span_Create New Broadcast' is clicked on

2019-04-23 09:47:32 - [MESSAGE][PASSED] - Object: 'Object Repository/Page_KiboPush  Broadcast/span_Create New Broadcast' is clicked on

2019-04-23 09:47:32 - [TEST_STEP][PASSED] - click: Object: 'Object Repository/Page_KiboPush  Broadcast/a_Create New Broadcast' is clicked on

2019-04-23 09:47:33 - [MESSAGE][PASSED] - Object: 'Object Repository/Page_KiboPush  Broadcast/a_Create New Broadcast' is clicked on

2019-04-23 09:47:33 - [TEST_STEP][PASSED] - delay: Delayed 1 second(s)

2019-04-23 09:47:34 - [MESSAGE][PASSED] - Delayed 1 second(s)

2019-04-23 09:47:34 - [TEST_STEP][PASSED] - click: Object: 'Object Repository/Page_KiboPush  Create Broadcast/div_Gallery (1)' is clicked on

2019-04-23 09:47:35 - [MESSAGE][PASSED] - Object: 'Object Repository/Page_KiboPush  Create Broadcast/div_Gallery (1)' is clicked on

2019-04-23 09:47:35 - [TEST_STEP][PASSED] - delay: Delayed 2 second(s)

2019-04-23 09:47:37 - [MESSAGE][PASSED] - Delayed 2 second(s)

2019-04-23 09:47:37 - [MESSAGE][PASSED] - Call Test Case 'Test Cases/Broadcasts/TC0150' successfully

2019-04-23 09:47:37 - [TEST_STEP][PASSED] - setText: Text 'Title' is set on object 'Object Repository/Page_KiboPush  Create Broadcast/input_form-control (6)'

2019-04-23 09:47:38 - [MESSAGE][PASSED] - Text 'Title' is set on object 'Object Repository/Page_KiboPush  Create Broadcast/input_form-control (6)'

2019-04-23 09:47:38 - [TEST_STEP][PASSED] - setText: Text 'Subtitle' is set on object 'Object Repository/Page_KiboPush  Create Broadcast/textarea_form-control'

2019-04-23 09:47:39 - [MESSAGE][PASSED] - Text 'Subtitle' is set on object 'Object Repository/Page_KiboPush  Create Broadcast/textarea_form-control'

2019-04-23 09:47:39 - [TEST_STEP][PASSED] - click: Object: 'Object Repository/Page_KiboPush  Create Broadcast/h6_ Add Button (1)' is clicked on

2019-04-23 09:47:39 - [MESSAGE][PASSED] - Object: 'Object Repository/Page_KiboPush  Create Broadcast/h6_ Add Button (1)' is clicked on

2019-04-23 09:47:39 - [TEST_STEP][PASSED] - click: Object: 'Object Repository/Page_KiboPush  Create Broadcast/button_Cancel (1)' is clicked on

2019-04-23 09:47:39 - [MESSAGE][PASSED] - Object: 'Object Repository/Page_KiboPush  Create Broadcast/button_Cancel (1)' is clicked on

2019-04-23 09:47:39 - [TEST_STEP][PASSED] - click: Object: 'Object Repository/Page_KiboPush  Create Broadcast/div_ Add Button (3)' is clicked on

2019-04-23 09:47:40 - [MESSAGE][PASSED] - Object: 'Object Repository/Page_KiboPush  Create Broadcast/div_ Add Button (3)' is clicked on

2019-04-23 09:47:40 - [TEST_STEP][PASSED] - setText: Text 'KiboPush' is set on object 'Object Repository/Page_KiboPush  Create Broadcast/input_form-control_1 (2)'

2019-04-23 09:47:40 - [MESSAGE][PASSED] - Text 'KiboPush' is set on object 'Object Repository/Page_KiboPush  Create Broadcast/input_form-control_1 (2)'

2019-04-23 09:47:40 - [TEST_STEP][PASSED] - click: Object: 'Object Repository/Page_KiboPush  Create Broadcast/div_Open a website (2)' is clicked on

2019-04-23 09:47:41 - [MESSAGE][PASSED] - Object: 'Object Repository/Page_KiboPush  Create Broadcast/div_Open a website (2)' is clicked on

2019-04-23 09:47:41 - [TEST_STEP][PASSED] - setText: Text 'kibopush.com' is set on object 'Object Repository/Page_KiboPush  Create Broadcast/input_form-control_2'

2019-04-23 09:47:42 - [MESSAGE][PASSED] - Text 'kibopush.com' is set on object 'Object Repository/Page_KiboPush  Create Broadcast/input_form-control_2'

2019-04-23 09:47:42 - [TEST_STEP][PASSED] - click: Object: 'Object Repository/Page_KiboPush  Create Broadcast/button_Done (2)' is clicked on

2019-04-23 09:47:42 - [MESSAGE][PASSED] - Object: 'Object Repository/Page_KiboPush  Create Broadcast/button_Done (2)' is clicked on

2019-04-23 09:47:42 - [TEST_STEP][PASSED] - scrollToPosition: Browser is scrolled to position x = 0, y = 0

2019-04-23 09:47:42 - [MESSAGE][PASSED] - Browser is scrolled to position x = 0, y = 0

2019-04-23 09:47:42 - [TEST_STEP][PASSED] - delay: Delayed 2 second(s)

2019-04-23 09:47:44 - [MESSAGE][PASSED] - Delayed 2 second(s)

2019-04-23 09:47:44 - [TEST_STEP][PASSED] - click: Object: 'Object Repository/Page_KiboPush  Create Broadcast/button_Next (6)' is clicked on

2019-04-23 09:47:45 - [MESSAGE][PASSED] - Object: 'Object Repository/Page_KiboPush  Create Broadcast/button_Next (6)' is clicked on

2019-04-23 09:47:45 - [TEST_STEP][PASSED] - delay: Delayed 1 second(s)

2019-04-23 09:47:46 - [MESSAGE][PASSED] - Delayed 1 second(s)

2019-04-23 09:47:46 - [TEST_STEP][PASSED] - verifyTextPresent: Text 'IN GALLERY MUST HAVE AT LEAST TWO FILLED CARDS.' is present on page 

2019-04-23 09:47:46 - [MESSAGE][PASSED] - Text 'IN GALLERY MUST HAVE AT LEAST TWO FILLED CARDS.' is present on page]]></system-out>
         <system-err><![CDATA[]]></system-err>
      </testcase>
      <testcase name="Test Cases/Broadcasts/TC0153" classname="Test Cases/Broadcasts/TC0153" status="PASSED">
         <system-out><![CDATA[2019-04-23 09:47:46 - [TEST_CASE][PASSED] - Test Cases/Broadcasts/TC0153: Test Cases/Broadcasts/TC0153

2019-04-23 09:47:47 - [TEST_STEP][PASSED] - callTestCase: Call Test Case 'Test Cases/Broadcasts/TC0150' successfully

2019-04-23 09:47:47 - [TEST_CASE][PASSED] - Test Cases/Broadcasts/TC0150: Test Cases/Broadcasts/TC0150

2019-04-23 09:47:47 - [TEST_STEP][PASSED] - callTestCase: Call Test Case 'Test Cases/s-sidebar_navigation/TeamAccount/Broadcasts' successfully

2019-04-23 09:47:47 - [TEST_CASE][PASSED] - Test Cases/s-sidebar_navigation/TeamAccount/Broadcasts: Test Cases/s-sidebar_navigation/TeamAccount/Broadcasts

2019-04-23 09:47:47 - [TEST_STEP][PASSED] - callTestCase: Call Test Case 'Test Cases/s-sidebar_navigation/individualAccount/broadcast' successfully

2019-04-23 09:47:47 - [TEST_CASE][PASSED] - Test Cases/s-sidebar_navigation/individualAccount/broadcast: Test Cases/s-sidebar_navigation/individualAccount/broadcast

2019-04-23 09:47:47 - [TEST_STEP][PASSED] - click: Object: 'Object Repository/Page_KiboPush  Dashboard/span_Polls' is clicked on

2019-04-23 09:47:48 - [MESSAGE][PASSED] - Object: 'Object Repository/Page_KiboPush  Dashboard/span_Polls' is clicked on

2019-04-23 09:47:48 - [TEST_STEP][PASSED] - delay: Delayed 1 second(s)

2019-04-23 09:47:49 - [MESSAGE][PASSED] - Delayed 1 second(s)

2019-04-23 09:47:49 - [TEST_STEP][PASSED] - click: Object: 'Object Repository/Page_KiboPush  Dashboard/span_Broadcasts' is clicked on

2019-04-23 09:47:50 - [MESSAGE][PASSED] - Object: 'Object Repository/Page_KiboPush  Dashboard/span_Broadcasts' is clicked on

2019-04-23 09:47:50 - [TEST_STEP][PASSED] - delay: Delayed 1 second(s)

2019-04-23 09:47:51 - [MESSAGE][PASSED] - Delayed 1 second(s)

2019-04-23 09:47:51 - [TEST_STEP][PASSED] - scrollToPosition: Browser is scrolled to position x = 0, y = 0

2019-04-23 09:47:51 - [MESSAGE][PASSED] - Browser is scrolled to position x = 0, y = 0

2019-04-23 09:47:51 - [TEST_STEP][PASSED] - click: Object: 'Object Repository/Page_KiboPush  Broadcast/h3_Manage Broadcasts' is clicked on

2019-04-23 09:47:51 - [MESSAGE][PASSED] - Object: 'Object Repository/Page_KiboPush  Broadcast/h3_Manage Broadcasts' is clicked on

2019-04-23 09:47:51 - [MESSAGE][PASSED] - Call Test Case 'Test Cases/s-sidebar_navigation/individualAccount/broadcast' successfully

2019-04-23 09:47:51 - [MESSAGE][PASSED] - Call Test Case 'Test Cases/s-sidebar_navigation/TeamAccount/Broadcasts' successfully

2019-04-23 09:47:51 - [TEST_STEP][PASSED] - click: Object: 'Object Repository/Page_KiboPush  Broadcast/span_Create New Broadcast' is clicked on

2019-04-23 09:47:52 - [MESSAGE][PASSED] - Object: 'Object Repository/Page_KiboPush  Broadcast/span_Create New Broadcast' is clicked on

2019-04-23 09:47:52 - [TEST_STEP][PASSED] - click: Object: 'Object Repository/Page_KiboPush  Broadcast/a_Create New Broadcast' is clicked on

2019-04-23 09:47:53 - [MESSAGE][PASSED] - Object: 'Object Repository/Page_KiboPush  Broadcast/a_Create New Broadcast' is clicked on

2019-04-23 09:47:53 - [TEST_STEP][PASSED] - delay: Delayed 1 second(s)

2019-04-23 09:47:54 - [MESSAGE][PASSED] - Delayed 1 second(s)

2019-04-23 09:47:54 - [TEST_STEP][PASSED] - click: Object: 'Object Repository/Page_KiboPush  Create Broadcast/div_Gallery (1)' is clicked on

2019-04-23 09:47:55 - [MESSAGE][PASSED] - Object: 'Object Repository/Page_KiboPush  Create Broadcast/div_Gallery (1)' is clicked on

2019-04-23 09:47:55 - [TEST_STEP][PASSED] - delay: Delayed 2 second(s)

2019-04-23 09:47:57 - [MESSAGE][PASSED] - Delayed 2 second(s)

2019-04-23 09:47:57 - [MESSAGE][PASSED] - Call Test Case 'Test Cases/Broadcasts/TC0150' successfully

2019-04-23 09:47:57 - [TEST_STEP][PASSED] - setText: Text 'Subtitle' is set on object 'Object Repository/Page_KiboPush  Create Broadcast/textarea_S'

2019-04-23 09:47:58 - [MESSAGE][PASSED] - Text 'Subtitle' is set on object 'Object Repository/Page_KiboPush  Create Broadcast/textarea_S'

2019-04-23 09:47:58 - [TEST_STEP][PASSED] - click: Object: 'Object Repository/Page_KiboPush  Create Broadcast/div_ Add Button' is clicked on

2019-04-23 09:47:58 - [MESSAGE][PASSED] - Object: 'Object Repository/Page_KiboPush  Create Broadcast/div_ Add Button' is clicked on

2019-04-23 09:47:58 - [TEST_STEP][PASSED] - setText: Text 'KiboPush' is set on object 'Object Repository/Page_KiboPush  Create Broadcast/input_form-control'

2019-04-23 09:47:59 - [MESSAGE][PASSED] - Text 'KiboPush' is set on object 'Object Repository/Page_KiboPush  Create Broadcast/input_form-control'

2019-04-23 09:47:59 - [TEST_STEP][PASSED] - click: Object: 'Object Repository/Page_KiboPush  Create Broadcast/div_Open a website' is clicked on

2019-04-23 09:47:59 - [MESSAGE][PASSED] - Object: 'Object Repository/Page_KiboPush  Create Broadcast/div_Open a website' is clicked on

2019-04-23 09:47:59 - [TEST_STEP][PASSED] - setText: Text 'kibopush.com' is set on object 'Object Repository/Page_KiboPush  Create Broadcast/input_form-control_2'

2019-04-23 09:48:00 - [MESSAGE][PASSED] - Text 'kibopush.com' is set on object 'Object Repository/Page_KiboPush  Create Broadcast/input_form-control_2'

2019-04-23 09:48:00 - [TEST_STEP][PASSED] - click: Object: 'Object Repository/Page_KiboPush  Create Broadcast/button_Done' is clicked on

2019-04-23 09:48:00 - [MESSAGE][PASSED] - Object: 'Object Repository/Page_KiboPush  Create Broadcast/button_Done' is clicked on

2019-04-23 09:48:00 - [TEST_STEP][PASSED] - Statement - img = com.kms.katalon.core.configuration.RunConfiguration.getProjectDir() + "/sample.jpg": null

2019-04-23 09:48:00 - [TEST_STEP][PASSED] - uploadFile: File 'C:/Users/cloudkibo/Desktop/KiboPush_Automated_Testing/KiboPush Katalon/sample.jpg' sent to object: 'Object Repository/Page_KiboPush  Create Broadcast/input_file'

2019-04-23 09:48:01 - [MESSAGE][PASSED] - File 'C:/Users/cloudkibo/Desktop/KiboPush_Automated_Testing/KiboPush Katalon/sample.jpg' sent to object: 'Object Repository/Page_KiboPush  Create Broadcast/input_file'

2019-04-23 09:48:01 - [TEST_STEP][PASSED] - delay: Delayed 5 second(s)

2019-04-23 09:48:06 - [MESSAGE][PASSED] - Delayed 5 second(s)

2019-04-23 09:48:06 - [TEST_STEP][PASSED] - Statement - driver = com.kms.katalon.core.webui.driver.DriverFactory.getWebDriver(): null

2019-04-23 09:48:06 - [TEST_STEP][PASSED] - Statement - image_popup = driver.findElement(org.openqa.selenium.By.xpath("/html/body/div[5]/div/div[2]/div/a")): null

2019-04-23 09:48:06 - [TEST_STEP][PASSED] - Statement - image_popup.click(): null

2019-04-23 09:48:06 - [TEST_STEP][PASSED] - delay: Delayed 2 second(s)

2019-04-23 09:48:08 - [MESSAGE][PASSED] - Delayed 2 second(s)

2019-04-23 09:48:08 - [TEST_STEP][PASSED] - scrollToPosition: Browser is scrolled to position x = 0, y = 0

2019-04-23 09:48:09 - [MESSAGE][PASSED] - Browser is scrolled to position x = 0, y = 0

2019-04-23 09:48:09 - [TEST_STEP][PASSED] - click: Object: 'Object Repository/Page_KiboPush  Create Broadcast/button_Next' is clicked on

2019-04-23 09:48:09 - [MESSAGE][PASSED] - Object: 'Object Repository/Page_KiboPush  Create Broadcast/button_Next' is clicked on

2019-04-23 09:48:09 - [TEST_STEP][PASSED] - delay: Delayed 1 second(s)

2019-04-23 09:48:10 - [MESSAGE][PASSED] - Delayed 1 second(s)

2019-04-23 09:48:10 - [TEST_STEP][PASSED] - verifyTextPresent: Text 'IN GALLERY MUST HAVE AT LEAST TWO FILLED CARDS.' is present on page 

2019-04-23 09:48:10 - [MESSAGE][PASSED] - Text 'IN GALLERY MUST HAVE AT LEAST TWO FILLED CARDS.' is present on page]]></system-out>
         <system-err><![CDATA[]]></system-err>
      </testcase>
      <testcase name="Test Cases/Broadcasts/TC0154" classname="Test Cases/Broadcasts/TC0154" status="PASSED">
         <system-out><![CDATA[2019-04-23 09:48:10 - [TEST_CASE][PASSED] - Test Cases/Broadcasts/TC0154: Test Cases/Broadcasts/TC0154

2019-04-23 09:48:11 - [TEST_STEP][PASSED] - callTestCase: Call Test Case 'Test Cases/Broadcasts/TC0150' successfully

2019-04-23 09:48:11 - [TEST_CASE][PASSED] - Test Cases/Broadcasts/TC0150: Test Cases/Broadcasts/TC0150

2019-04-23 09:48:11 - [TEST_STEP][PASSED] - callTestCase: Call Test Case 'Test Cases/s-sidebar_navigation/TeamAccount/Broadcasts' successfully

2019-04-23 09:48:11 - [TEST_CASE][PASSED] - Test Cases/s-sidebar_navigation/TeamAccount/Broadcasts: Test Cases/s-sidebar_navigation/TeamAccount/Broadcasts

2019-04-23 09:48:11 - [TEST_STEP][PASSED] - callTestCase: Call Test Case 'Test Cases/s-sidebar_navigation/individualAccount/broadcast' successfully

2019-04-23 09:48:11 - [TEST_CASE][PASSED] - Test Cases/s-sidebar_navigation/individualAccount/broadcast: Test Cases/s-sidebar_navigation/individualAccount/broadcast

2019-04-23 09:48:11 - [TEST_STEP][PASSED] - click: Object: 'Object Repository/Page_KiboPush  Dashboard/span_Polls' is clicked on

2019-04-23 09:48:12 - [MESSAGE][PASSED] - Object: 'Object Repository/Page_KiboPush  Dashboard/span_Polls' is clicked on

2019-04-23 09:48:12 - [TEST_STEP][PASSED] - delay: Delayed 1 second(s)

2019-04-23 09:48:13 - [MESSAGE][PASSED] - Delayed 1 second(s)

2019-04-23 09:48:13 - [TEST_STEP][PASSED] - click: Object: 'Object Repository/Page_KiboPush  Dashboard/span_Broadcasts' is clicked on

2019-04-23 09:48:14 - [MESSAGE][PASSED] - Object: 'Object Repository/Page_KiboPush  Dashboard/span_Broadcasts' is clicked on

2019-04-23 09:48:14 - [TEST_STEP][PASSED] - delay: Delayed 1 second(s)

2019-04-23 09:48:15 - [MESSAGE][PASSED] - Delayed 1 second(s)

2019-04-23 09:48:15 - [TEST_STEP][PASSED] - scrollToPosition: Browser is scrolled to position x = 0, y = 0

2019-04-23 09:48:15 - [MESSAGE][PASSED] - Browser is scrolled to position x = 0, y = 0

2019-04-23 09:48:15 - [TEST_STEP][PASSED] - click: Object: 'Object Repository/Page_KiboPush  Broadcast/h3_Manage Broadcasts' is clicked on

2019-04-23 09:48:15 - [MESSAGE][PASSED] - Object: 'Object Repository/Page_KiboPush  Broadcast/h3_Manage Broadcasts' is clicked on

2019-04-23 09:48:15 - [MESSAGE][PASSED] - Call Test Case 'Test Cases/s-sidebar_navigation/individualAccount/broadcast' successfully

2019-04-23 09:48:15 - [MESSAGE][PASSED] - Call Test Case 'Test Cases/s-sidebar_navigation/TeamAccount/Broadcasts' successfully

2019-04-23 09:48:15 - [TEST_STEP][PASSED] - click: Object: 'Object Repository/Page_KiboPush  Broadcast/span_Create New Broadcast' is clicked on

2019-04-23 09:48:16 - [MESSAGE][PASSED] - Object: 'Object Repository/Page_KiboPush  Broadcast/span_Create New Broadcast' is clicked on

2019-04-23 09:48:16 - [TEST_STEP][PASSED] - click: Object: 'Object Repository/Page_KiboPush  Broadcast/a_Create New Broadcast' is clicked on

2019-04-23 09:48:17 - [MESSAGE][PASSED] - Object: 'Object Repository/Page_KiboPush  Broadcast/a_Create New Broadcast' is clicked on

2019-04-23 09:48:17 - [TEST_STEP][PASSED] - delay: Delayed 1 second(s)

2019-04-23 09:48:18 - [MESSAGE][PASSED] - Delayed 1 second(s)

2019-04-23 09:48:18 - [TEST_STEP][PASSED] - click: Object: 'Object Repository/Page_KiboPush  Create Broadcast/div_Gallery (1)' is clicked on

2019-04-23 09:48:18 - [MESSAGE][PASSED] - Object: 'Object Repository/Page_KiboPush  Create Broadcast/div_Gallery (1)' is clicked on

2019-04-23 09:48:18 - [TEST_STEP][PASSED] - delay: Delayed 2 second(s)

2019-04-23 09:48:20 - [MESSAGE][PASSED] - Delayed 2 second(s)

2019-04-23 09:48:20 - [MESSAGE][PASSED] - Call Test Case 'Test Cases/Broadcasts/TC0150' successfully

2019-04-23 09:48:20 - [TEST_STEP][PASSED] - setText: Text 'Title' is set on object 'Object Repository/Page_KiboPush  Create Broadcast/input_form-control_3'

2019-04-23 09:48:21 - [MESSAGE][PASSED] - Text 'Title' is set on object 'Object Repository/Page_KiboPush  Create Broadcast/input_form-control_3'

2019-04-23 09:48:21 - [TEST_STEP][PASSED] - click: Object: 'Object Repository/Page_KiboPush  Create Broadcast/div_ Add Button' is clicked on

2019-04-23 09:48:22 - [MESSAGE][PASSED] - Object: 'Object Repository/Page_KiboPush  Create Broadcast/div_ Add Button' is clicked on

2019-04-23 09:48:22 - [TEST_STEP][PASSED] - setText: Text 'KiboPush' is set on object 'Object Repository/Page_KiboPush  Create Broadcast/input_form-control (9)'

2019-04-23 09:48:22 - [MESSAGE][PASSED] - Text 'KiboPush' is set on object 'Object Repository/Page_KiboPush  Create Broadcast/input_form-control (9)'

2019-04-23 09:48:22 - [TEST_STEP][PASSED] - click: Object: 'Object Repository/Page_KiboPush  Create Broadcast/div_Open a website' is clicked on

2019-04-23 09:48:23 - [MESSAGE][PASSED] - Object: 'Object Repository/Page_KiboPush  Create Broadcast/div_Open a website' is clicked on

2019-04-23 09:48:23 - [TEST_STEP][PASSED] - setText: Text 'kibopush.com' is set on object 'Object Repository/Page_KiboPush  Create Broadcast/input_form-control_2'

2019-04-23 09:48:24 - [MESSAGE][PASSED] - Text 'kibopush.com' is set on object 'Object Repository/Page_KiboPush  Create Broadcast/input_form-control_2'

2019-04-23 09:48:24 - [TEST_STEP][PASSED] - click: Object: 'Object Repository/Page_KiboPush  Create Broadcast/button_Done' is clicked on

2019-04-23 09:48:24 - [MESSAGE][PASSED] - Object: 'Object Repository/Page_KiboPush  Create Broadcast/button_Done' is clicked on

2019-04-23 09:48:24 - [TEST_STEP][PASSED] - Statement - img = com.kms.katalon.core.configuration.RunConfiguration.getProjectDir() + "/sample.jpg": null

2019-04-23 09:48:24 - [TEST_STEP][PASSED] - uploadFile: File 'C:/Users/cloudkibo/Desktop/KiboPush_Automated_Testing/KiboPush Katalon/sample.jpg' sent to object: 'Object Repository/Page_KiboPush  Create Broadcast/input_file'

2019-04-23 09:48:25 - [MESSAGE][PASSED] - File 'C:/Users/cloudkibo/Desktop/KiboPush_Automated_Testing/KiboPush Katalon/sample.jpg' sent to object: 'Object Repository/Page_KiboPush  Create Broadcast/input_file'

2019-04-23 09:48:25 - [TEST_STEP][PASSED] - delay: Delayed 5 second(s)

2019-04-23 09:48:30 - [MESSAGE][PASSED] - Delayed 5 second(s)

2019-04-23 09:48:30 - [TEST_STEP][PASSED] - Statement - driver = com.kms.katalon.core.webui.driver.DriverFactory.getWebDriver(): null

2019-04-23 09:48:30 - [TEST_STEP][PASSED] - Statement - image_popup = driver.findElement(org.openqa.selenium.By.xpath("/html/body/div[5]/div/div[2]/div/a")): null

2019-04-23 09:48:30 - [TEST_STEP][PASSED] - Statement - image_popup.click(): null

2019-04-23 09:48:31 - [TEST_STEP][PASSED] - delay: Delayed 2 second(s)

2019-04-23 09:48:33 - [MESSAGE][PASSED] - Delayed 2 second(s)

2019-04-23 09:48:33 - [TEST_STEP][PASSED] - scrollToPosition: Browser is scrolled to position x = 0, y = 0

2019-04-23 09:48:33 - [MESSAGE][PASSED] - Browser is scrolled to position x = 0, y = 0

2019-04-23 09:48:33 - [TEST_STEP][PASSED] - click: Object: 'Object Repository/Page_KiboPush  Create Broadcast/button_Next' is clicked on

2019-04-23 09:48:33 - [MESSAGE][PASSED] - Object: 'Object Repository/Page_KiboPush  Create Broadcast/button_Next' is clicked on

2019-04-23 09:48:33 - [TEST_STEP][PASSED] - verifyTextPresent: Text 'IN GALLERY MUST HAVE AT LEAST TWO FILLED CARDS.' is present on page 

2019-04-23 09:48:34 - [MESSAGE][PASSED] - Text 'IN GALLERY MUST HAVE AT LEAST TWO FILLED CARDS.' is present on page]]></system-out>
         <system-err><![CDATA[]]></system-err>
      </testcase>
      <testcase name="Test Cases/Broadcasts/TC0155" classname="Test Cases/Broadcasts/TC0155" status="PASSED">
         <system-out><![CDATA[2019-04-23 09:48:34 - [TEST_CASE][PASSED] - Test Cases/Broadcasts/TC0155: Test Cases/Broadcasts/TC0155

2019-04-23 09:48:35 - [TEST_STEP][PASSED] - callTestCase: Call Test Case 'Test Cases/Broadcasts/TC0150' successfully

2019-04-23 09:48:35 - [TEST_CASE][PASSED] - Test Cases/Broadcasts/TC0150: Test Cases/Broadcasts/TC0150

2019-04-23 09:48:35 - [TEST_STEP][PASSED] - callTestCase: Call Test Case 'Test Cases/s-sidebar_navigation/TeamAccount/Broadcasts' successfully

2019-04-23 09:48:35 - [TEST_CASE][PASSED] - Test Cases/s-sidebar_navigation/TeamAccount/Broadcasts: Test Cases/s-sidebar_navigation/TeamAccount/Broadcasts

2019-04-23 09:48:35 - [TEST_STEP][PASSED] - callTestCase: Call Test Case 'Test Cases/s-sidebar_navigation/individualAccount/broadcast' successfully

2019-04-23 09:48:35 - [TEST_CASE][PASSED] - Test Cases/s-sidebar_navigation/individualAccount/broadcast: Test Cases/s-sidebar_navigation/individualAccount/broadcast

2019-04-23 09:48:35 - [TEST_STEP][PASSED] - click: Object: 'Object Repository/Page_KiboPush  Dashboard/span_Polls' is clicked on

2019-04-23 09:48:36 - [MESSAGE][PASSED] - Object: 'Object Repository/Page_KiboPush  Dashboard/span_Polls' is clicked on

2019-04-23 09:48:36 - [TEST_STEP][PASSED] - delay: Delayed 1 second(s)

2019-04-23 09:48:37 - [MESSAGE][PASSED] - Delayed 1 second(s)

2019-04-23 09:48:37 - [TEST_STEP][PASSED] - click: Object: 'Object Repository/Page_KiboPush  Dashboard/span_Broadcasts' is clicked on

2019-04-23 09:48:41 - [MESSAGE][PASSED] - Object: 'Object Repository/Page_KiboPush  Dashboard/span_Broadcasts' is clicked on

2019-04-23 09:48:41 - [TEST_STEP][PASSED] - delay: Delayed 1 second(s)

2019-04-23 09:48:42 - [MESSAGE][PASSED] - Delayed 1 second(s)

2019-04-23 09:48:42 - [TEST_STEP][PASSED] - scrollToPosition: Browser is scrolled to position x = 0, y = 0

2019-04-23 09:48:43 - [MESSAGE][PASSED] - Browser is scrolled to position x = 0, y = 0

2019-04-23 09:48:43 - [TEST_STEP][PASSED] - click: Object: 'Object Repository/Page_KiboPush  Broadcast/h3_Manage Broadcasts' is clicked on

2019-04-23 09:48:43 - [MESSAGE][PASSED] - Object: 'Object Repository/Page_KiboPush  Broadcast/h3_Manage Broadcasts' is clicked on

2019-04-23 09:48:43 - [MESSAGE][PASSED] - Call Test Case 'Test Cases/s-sidebar_navigation/individualAccount/broadcast' successfully

2019-04-23 09:48:43 - [MESSAGE][PASSED] - Call Test Case 'Test Cases/s-sidebar_navigation/TeamAccount/Broadcasts' successfully

2019-04-23 09:48:43 - [TEST_STEP][PASSED] - click: Object: 'Object Repository/Page_KiboPush  Broadcast/span_Create New Broadcast' is clicked on

2019-04-23 09:48:44 - [MESSAGE][PASSED] - Object: 'Object Repository/Page_KiboPush  Broadcast/span_Create New Broadcast' is clicked on

2019-04-23 09:48:44 - [TEST_STEP][PASSED] - click: Object: 'Object Repository/Page_KiboPush  Broadcast/a_Create New Broadcast' is clicked on

2019-04-23 09:48:45 - [MESSAGE][PASSED] - Object: 'Object Repository/Page_KiboPush  Broadcast/a_Create New Broadcast' is clicked on

2019-04-23 09:48:45 - [TEST_STEP][PASSED] - delay: Delayed 1 second(s)

2019-04-23 09:48:47 - [MESSAGE][PASSED] - Delayed 1 second(s)

2019-04-23 09:48:47 - [TEST_STEP][PASSED] - click: Object: 'Object Repository/Page_KiboPush  Create Broadcast/div_Gallery (1)' is clicked on

2019-04-23 09:48:51 - [MESSAGE][PASSED] - Object: 'Object Repository/Page_KiboPush  Create Broadcast/div_Gallery (1)' is clicked on

2019-04-23 09:48:51 - [TEST_STEP][PASSED] - delay: Delayed 2 second(s)

2019-04-23 09:48:53 - [MESSAGE][PASSED] - Delayed 2 second(s)

2019-04-23 09:48:53 - [MESSAGE][PASSED] - Call Test Case 'Test Cases/Broadcasts/TC0150' successfully

2019-04-23 09:48:53 - [TEST_STEP][PASSED] - setText: Text 'Title' is set on object 'Object Repository/Page_KiboPush  Create Broadcast/input_form-control_3'

2019-04-23 09:48:56 - [MESSAGE][PASSED] - Text 'Title' is set on object 'Object Repository/Page_KiboPush  Create Broadcast/input_form-control_3'

2019-04-23 09:48:56 - [TEST_STEP][PASSED] - setText: Text 'Subtitle' is set on object 'Object Repository/Page_KiboPush  Create Broadcast/textarea_form-control'

2019-04-23 09:48:57 - [MESSAGE][PASSED] - Text 'Subtitle' is set on object 'Object Repository/Page_KiboPush  Create Broadcast/textarea_form-control'

2019-04-23 09:48:57 - [TEST_STEP][PASSED] - Statement - img = com.kms.katalon.core.configuration.RunConfiguration.getProjectDir() + "/sample.jpg": null

2019-04-23 09:48:57 - [TEST_STEP][PASSED] - uploadFile: File 'C:/Users/cloudkibo/Desktop/KiboPush_Automated_Testing/KiboPush Katalon/sample.jpg' sent to object: 'Object Repository/Page_KiboPush  Create Broadcast/input_file'

2019-04-23 09:48:58 - [MESSAGE][PASSED] - File 'C:/Users/cloudkibo/Desktop/KiboPush_Automated_Testing/KiboPush Katalon/sample.jpg' sent to object: 'Object Repository/Page_KiboPush  Create Broadcast/input_file'

2019-04-23 09:48:58 - [TEST_STEP][PASSED] - delay: Delayed 5 second(s)

2019-04-23 09:49:03 - [MESSAGE][PASSED] - Delayed 5 second(s)

2019-04-23 09:49:03 - [TEST_STEP][PASSED] - Statement - driver = com.kms.katalon.core.webui.driver.DriverFactory.getWebDriver(): null

2019-04-23 09:49:03 - [TEST_STEP][PASSED] - Statement - image_popup = driver.findElement(org.openqa.selenium.By.xpath("/html/body/div[5]/div/div[2]/div/a")): null

2019-04-23 09:49:03 - [TEST_STEP][PASSED] - Statement - image_popup.click(): null

2019-04-23 09:49:04 - [TEST_STEP][PASSED] - delay: Delayed 2 second(s)

2019-04-23 09:49:06 - [MESSAGE][PASSED] - Delayed 2 second(s)

2019-04-23 09:49:06 - [TEST_STEP][PASSED] - scrollToPosition: Browser is scrolled to position x = 0, y = 0

2019-04-23 09:49:06 - [MESSAGE][PASSED] - Browser is scrolled to position x = 0, y = 0

2019-04-23 09:49:06 - [TEST_STEP][PASSED] - click: Object: 'Object Repository/Page_KiboPush  Create Broadcast/button_Next' is clicked on

2019-04-23 09:49:06 - [MESSAGE][PASSED] - Object: 'Object Repository/Page_KiboPush  Create Broadcast/button_Next' is clicked on

2019-04-23 09:49:06 - [TEST_STEP][PASSED] - verifyTextPresent: Text 'IN GALLERY MUST HAVE AT LEAST TWO FILLED CARDS.' is present on page 

2019-04-23 09:49:09 - [MESSAGE][PASSED] - Text 'IN GALLERY MUST HAVE AT LEAST TWO FILLED CARDS.' is present on page]]></system-out>
         <system-err><![CDATA[]]></system-err>
      </testcase>
      <testcase name="Test Cases/Broadcasts/TC0156" classname="Test Cases/Broadcasts/TC0156" status="PASSED">
         <system-out><![CDATA[2019-04-23 09:49:09 - [TEST_CASE][PASSED] - Test Cases/Broadcasts/TC0156: Test Cases/Broadcasts/TC0156

2019-04-23 09:49:10 - [TEST_STEP][PASSED] - callTestCase: Call Test Case 'Test Cases/Broadcasts/TC0150' successfully

2019-04-23 09:49:10 - [TEST_CASE][PASSED] - Test Cases/Broadcasts/TC0150: Test Cases/Broadcasts/TC0150

2019-04-23 09:49:10 - [TEST_STEP][PASSED] - callTestCase: Call Test Case 'Test Cases/s-sidebar_navigation/TeamAccount/Broadcasts' successfully

2019-04-23 09:49:10 - [TEST_CASE][PASSED] - Test Cases/s-sidebar_navigation/TeamAccount/Broadcasts: Test Cases/s-sidebar_navigation/TeamAccount/Broadcasts

2019-04-23 09:49:10 - [TEST_STEP][PASSED] - callTestCase: Call Test Case 'Test Cases/s-sidebar_navigation/individualAccount/broadcast' successfully

2019-04-23 09:49:10 - [TEST_CASE][PASSED] - Test Cases/s-sidebar_navigation/individualAccount/broadcast: Test Cases/s-sidebar_navigation/individualAccount/broadcast

2019-04-23 09:49:10 - [TEST_STEP][PASSED] - click: Object: 'Object Repository/Page_KiboPush  Dashboard/span_Polls' is clicked on

2019-04-23 09:49:11 - [MESSAGE][PASSED] - Object: 'Object Repository/Page_KiboPush  Dashboard/span_Polls' is clicked on

2019-04-23 09:49:11 - [TEST_STEP][PASSED] - delay: Delayed 1 second(s)

2019-04-23 09:49:12 - [MESSAGE][PASSED] - Delayed 1 second(s)

2019-04-23 09:49:12 - [TEST_STEP][PASSED] - click: Object: 'Object Repository/Page_KiboPush  Dashboard/span_Broadcasts' is clicked on

2019-04-23 09:49:15 - [MESSAGE][PASSED] - Object: 'Object Repository/Page_KiboPush  Dashboard/span_Broadcasts' is clicked on

2019-04-23 09:49:15 - [TEST_STEP][PASSED] - delay: Delayed 1 second(s)

2019-04-23 09:49:16 - [MESSAGE][PASSED] - Delayed 1 second(s)

2019-04-23 09:49:16 - [TEST_STEP][PASSED] - scrollToPosition: Browser is scrolled to position x = 0, y = 0

2019-04-23 09:49:16 - [MESSAGE][PASSED] - Browser is scrolled to position x = 0, y = 0

2019-04-23 09:49:16 - [TEST_STEP][PASSED] - click: Object: 'Object Repository/Page_KiboPush  Broadcast/h3_Manage Broadcasts' is clicked on

2019-04-23 09:49:18 - [MESSAGE][PASSED] - Object: 'Object Repository/Page_KiboPush  Broadcast/h3_Manage Broadcasts' is clicked on

2019-04-23 09:49:18 - [MESSAGE][PASSED] - Call Test Case 'Test Cases/s-sidebar_navigation/individualAccount/broadcast' successfully

2019-04-23 09:49:18 - [MESSAGE][PASSED] - Call Test Case 'Test Cases/s-sidebar_navigation/TeamAccount/Broadcasts' successfully

2019-04-23 09:49:18 - [TEST_STEP][PASSED] - click: Object: 'Object Repository/Page_KiboPush  Broadcast/span_Create New Broadcast' is clicked on

2019-04-23 09:49:20 - [MESSAGE][PASSED] - Object: 'Object Repository/Page_KiboPush  Broadcast/span_Create New Broadcast' is clicked on

2019-04-23 09:49:20 - [TEST_STEP][PASSED] - click: Object: 'Object Repository/Page_KiboPush  Broadcast/a_Create New Broadcast' is clicked on

2019-04-23 09:49:23 - [MESSAGE][PASSED] - Object: 'Object Repository/Page_KiboPush  Broadcast/a_Create New Broadcast' is clicked on

2019-04-23 09:49:23 - [TEST_STEP][PASSED] - delay: Delayed 1 second(s)

2019-04-23 09:49:24 - [MESSAGE][PASSED] - Delayed 1 second(s)

2019-04-23 09:49:24 - [TEST_STEP][PASSED] - click: Object: 'Object Repository/Page_KiboPush  Create Broadcast/div_Gallery (1)' is clicked on

2019-04-23 09:49:27 - [MESSAGE][PASSED] - Object: 'Object Repository/Page_KiboPush  Create Broadcast/div_Gallery (1)' is clicked on

2019-04-23 09:49:27 - [TEST_STEP][PASSED] - delay: Delayed 2 second(s)

2019-04-23 09:49:29 - [MESSAGE][PASSED] - Delayed 2 second(s)

2019-04-23 09:49:29 - [MESSAGE][PASSED] - Call Test Case 'Test Cases/Broadcasts/TC0150' successfully

2019-04-23 09:49:29 - [TEST_STEP][PASSED] - Statement - img = com.kms.katalon.core.configuration.RunConfiguration.getProjectDir() + "/sample.jpg": null

2019-04-23 09:49:30 - [TEST_STEP][PASSED] - uploadFile: File 'C:/Users/cloudkibo/Desktop/KiboPush_Automated_Testing/KiboPush Katalon/sample.jpg' sent to object: 'Object Repository/Page_KiboPush  Create Broadcast/input_file'

2019-04-23 09:49:30 - [MESSAGE][PASSED] - File 'C:/Users/cloudkibo/Desktop/KiboPush_Automated_Testing/KiboPush Katalon/sample.jpg' sent to object: 'Object Repository/Page_KiboPush  Create Broadcast/input_file']]></system-out>
         <system-err><![CDATA[]]></system-err>
      </testcase>
      <testcase name="Test Cases/Broadcasts/TC0157" classname="Test Cases/Broadcasts/TC0157" status="PASSED">
         <system-out><![CDATA[2019-04-23 09:49:31 - [TEST_CASE][PASSED] - Test Cases/Broadcasts/TC0157: Test Cases/Broadcasts/TC0157

2019-04-23 09:49:31 - [TEST_STEP][PASSED] - callTestCase: Call Test Case 'Test Cases/Broadcasts/TC0150' successfully

2019-04-23 09:49:31 - [TEST_CASE][PASSED] - Test Cases/Broadcasts/TC0150: Test Cases/Broadcasts/TC0150

2019-04-23 09:49:32 - [TEST_STEP][PASSED] - callTestCase: Call Test Case 'Test Cases/s-sidebar_navigation/TeamAccount/Broadcasts' successfully

2019-04-23 09:49:32 - [TEST_CASE][PASSED] - Test Cases/s-sidebar_navigation/TeamAccount/Broadcasts: Test Cases/s-sidebar_navigation/TeamAccount/Broadcasts

2019-04-23 09:49:32 - [TEST_STEP][PASSED] - callTestCase: Call Test Case 'Test Cases/s-sidebar_navigation/individualAccount/broadcast' successfully

2019-04-23 09:49:32 - [TEST_CASE][PASSED] - Test Cases/s-sidebar_navigation/individualAccount/broadcast: Test Cases/s-sidebar_navigation/individualAccount/broadcast

2019-04-23 09:49:32 - [TEST_STEP][PASSED] - click: Object: 'Object Repository/Page_KiboPush  Dashboard/span_Polls' is clicked on

2019-04-23 09:49:33 - [MESSAGE][PASSED] - Object: 'Object Repository/Page_KiboPush  Dashboard/span_Polls' is clicked on

2019-04-23 09:49:33 - [TEST_STEP][PASSED] - delay: Delayed 1 second(s)

2019-04-23 09:49:34 - [MESSAGE][PASSED] - Delayed 1 second(s)

2019-04-23 09:49:34 - [TEST_STEP][PASSED] - click: Object: 'Object Repository/Page_KiboPush  Dashboard/span_Broadcasts' is clicked on

2019-04-23 09:49:36 - [MESSAGE][PASSED] - Object: 'Object Repository/Page_KiboPush  Dashboard/span_Broadcasts' is clicked on

2019-04-23 09:49:36 - [TEST_STEP][PASSED] - delay: Delayed 1 second(s)

2019-04-23 09:49:37 - [MESSAGE][PASSED] - Delayed 1 second(s)

2019-04-23 09:49:37 - [TEST_STEP][PASSED] - scrollToPosition: Browser is scrolled to position x = 0, y = 0

2019-04-23 09:49:37 - [MESSAGE][PASSED] - Browser is scrolled to position x = 0, y = 0

2019-04-23 09:49:37 - [TEST_STEP][PASSED] - click: Object: 'Object Repository/Page_KiboPush  Broadcast/h3_Manage Broadcasts' is clicked on

2019-04-23 09:49:42 - [MESSAGE][PASSED] - Object: 'Object Repository/Page_KiboPush  Broadcast/h3_Manage Broadcasts' is clicked on

2019-04-23 09:49:42 - [MESSAGE][PASSED] - Call Test Case 'Test Cases/s-sidebar_navigation/individualAccount/broadcast' successfully

2019-04-23 09:49:42 - [MESSAGE][PASSED] - Call Test Case 'Test Cases/s-sidebar_navigation/TeamAccount/Broadcasts' successfully

2019-04-23 09:49:42 - [TEST_STEP][PASSED] - click: Object: 'Object Repository/Page_KiboPush  Broadcast/span_Create New Broadcast' is clicked on

2019-04-23 09:49:42 - [MESSAGE][PASSED] - Object: 'Object Repository/Page_KiboPush  Broadcast/span_Create New Broadcast' is clicked on

2019-04-23 09:49:42 - [TEST_STEP][PASSED] - click: Object: 'Object Repository/Page_KiboPush  Broadcast/a_Create New Broadcast' is clicked on

2019-04-23 09:49:43 - [MESSAGE][PASSED] - Object: 'Object Repository/Page_KiboPush  Broadcast/a_Create New Broadcast' is clicked on

2019-04-23 09:49:43 - [TEST_STEP][PASSED] - delay: Delayed 1 second(s)

2019-04-23 09:49:45 - [MESSAGE][PASSED] - Delayed 1 second(s)

2019-04-23 09:49:45 - [TEST_STEP][PASSED] - click: Object: 'Object Repository/Page_KiboPush  Create Broadcast/div_Gallery (1)' is clicked on

2019-04-23 09:49:46 - [MESSAGE][PASSED] - Object: 'Object Repository/Page_KiboPush  Create Broadcast/div_Gallery (1)' is clicked on

2019-04-23 09:49:46 - [TEST_STEP][PASSED] - delay: Delayed 2 second(s)

2019-04-23 09:49:48 - [MESSAGE][PASSED] - Delayed 2 second(s)

2019-04-23 09:49:48 - [MESSAGE][PASSED] - Call Test Case 'Test Cases/Broadcasts/TC0150' successfully

2019-04-23 09:49:48 - [TEST_STEP][PASSED] - delay: Delayed 1 second(s)

2019-04-23 09:49:49 - [MESSAGE][PASSED] - Delayed 1 second(s)

2019-04-23 09:49:49 - [TEST_STEP][PASSED] - click: Object: 'Object Repository/Page_KiboPush  Create Broadcast/div_ Add Button' is clicked on

2019-04-23 09:49:50 - [MESSAGE][PASSED] - Object: 'Object Repository/Page_KiboPush  Create Broadcast/div_ Add Button' is clicked on

2019-04-23 09:49:50 - [TEST_STEP][PASSED] - setText: Text 'KiboPush' is set on object 'Object Repository/Page_KiboPush  Create Broadcast/input_form-control'

2019-04-23 09:49:51 - [MESSAGE][PASSED] - Text 'KiboPush' is set on object 'Object Repository/Page_KiboPush  Create Broadcast/input_form-control'

2019-04-23 09:49:51 - [TEST_STEP][PASSED] - click: Object: 'Object Repository/Page_KiboPush  Create Broadcast/div_Open a website' is clicked on

2019-04-23 09:49:51 - [MESSAGE][PASSED] - Object: 'Object Repository/Page_KiboPush  Create Broadcast/div_Open a website' is clicked on

2019-04-23 09:49:51 - [TEST_STEP][PASSED] - setText: Text 'kibopush.com' is set on object 'Object Repository/Page_KiboPush  Create Broadcast/input_form-control_1'

2019-04-23 09:49:52 - [MESSAGE][PASSED] - Text 'kibopush.com' is set on object 'Object Repository/Page_KiboPush  Create Broadcast/input_form-control_1'

2019-04-23 09:49:52 - [TEST_STEP][PASSED] - click: Object: 'Object Repository/Page_KiboPush  Create Broadcast/button_Done' is clicked on

2019-04-23 09:49:53 - [MESSAGE][PASSED] - Object: 'Object Repository/Page_KiboPush  Create Broadcast/button_Done' is clicked on]]></system-out>
         <system-err><![CDATA[]]></system-err>
      </testcase>
      <testcase name="Test Cases/Broadcasts/TC0160" classname="Test Cases/Broadcasts/TC0160" status="PASSED">
         <system-out><![CDATA[2019-04-23 09:49:53 - [TEST_CASE][PASSED] - Test Cases/Broadcasts/TC0160: Test Cases/Broadcasts/TC0160

2019-04-23 09:49:53 - [TEST_STEP][PASSED] - callTestCase: Call Test Case 'Test Cases/Broadcasts/TC0150' successfully

2019-04-23 09:49:53 - [TEST_CASE][PASSED] - Test Cases/Broadcasts/TC0150: Test Cases/Broadcasts/TC0150

2019-04-23 09:49:54 - [TEST_STEP][PASSED] - callTestCase: Call Test Case 'Test Cases/s-sidebar_navigation/TeamAccount/Broadcasts' successfully

2019-04-23 09:49:54 - [TEST_CASE][PASSED] - Test Cases/s-sidebar_navigation/TeamAccount/Broadcasts: Test Cases/s-sidebar_navigation/TeamAccount/Broadcasts

2019-04-23 09:49:54 - [TEST_STEP][PASSED] - callTestCase: Call Test Case 'Test Cases/s-sidebar_navigation/individualAccount/broadcast' successfully

2019-04-23 09:49:54 - [TEST_CASE][PASSED] - Test Cases/s-sidebar_navigation/individualAccount/broadcast: Test Cases/s-sidebar_navigation/individualAccount/broadcast

2019-04-23 09:49:54 - [TEST_STEP][PASSED] - click: Object: 'Object Repository/Page_KiboPush  Dashboard/span_Polls' is clicked on

2019-04-23 09:49:55 - [MESSAGE][PASSED] - Object: 'Object Repository/Page_KiboPush  Dashboard/span_Polls' is clicked on

2019-04-23 09:49:55 - [TEST_STEP][PASSED] - delay: Delayed 1 second(s)

2019-04-23 09:49:56 - [MESSAGE][PASSED] - Delayed 1 second(s)

2019-04-23 09:49:56 - [TEST_STEP][PASSED] - click: Object: 'Object Repository/Page_KiboPush  Dashboard/span_Broadcasts' is clicked on

2019-04-23 09:49:56 - [MESSAGE][PASSED] - Object: 'Object Repository/Page_KiboPush  Dashboard/span_Broadcasts' is clicked on

2019-04-23 09:49:56 - [TEST_STEP][PASSED] - delay: Delayed 1 second(s)

2019-04-23 09:49:57 - [MESSAGE][PASSED] - Delayed 1 second(s)

2019-04-23 09:49:57 - [TEST_STEP][PASSED] - scrollToPosition: Browser is scrolled to position x = 0, y = 0

2019-04-23 09:49:58 - [MESSAGE][PASSED] - Browser is scrolled to position x = 0, y = 0

2019-04-23 09:49:58 - [TEST_STEP][PASSED] - click: Object: 'Object Repository/Page_KiboPush  Broadcast/h3_Manage Broadcasts' is clicked on

2019-04-23 09:49:58 - [MESSAGE][PASSED] - Object: 'Object Repository/Page_KiboPush  Broadcast/h3_Manage Broadcasts' is clicked on

2019-04-23 09:49:58 - [MESSAGE][PASSED] - Call Test Case 'Test Cases/s-sidebar_navigation/individualAccount/broadcast' successfully

2019-04-23 09:49:58 - [MESSAGE][PASSED] - Call Test Case 'Test Cases/s-sidebar_navigation/TeamAccount/Broadcasts' successfully

2019-04-23 09:49:58 - [TEST_STEP][PASSED] - click: Object: 'Object Repository/Page_KiboPush  Broadcast/span_Create New Broadcast' is clicked on

2019-04-23 09:49:58 - [MESSAGE][PASSED] - Object: 'Object Repository/Page_KiboPush  Broadcast/span_Create New Broadcast' is clicked on

2019-04-23 09:49:58 - [TEST_STEP][PASSED] - click: Object: 'Object Repository/Page_KiboPush  Broadcast/a_Create New Broadcast' is clicked on

2019-04-23 09:49:59 - [MESSAGE][PASSED] - Object: 'Object Repository/Page_KiboPush  Broadcast/a_Create New Broadcast' is clicked on

2019-04-23 09:49:59 - [TEST_STEP][PASSED] - delay: Delayed 1 second(s)

2019-04-23 09:50:00 - [MESSAGE][PASSED] - Delayed 1 second(s)

2019-04-23 09:50:00 - [TEST_STEP][PASSED] - click: Object: 'Object Repository/Page_KiboPush  Create Broadcast/div_Gallery (1)' is clicked on

2019-04-23 09:50:01 - [MESSAGE][PASSED] - Object: 'Object Repository/Page_KiboPush  Create Broadcast/div_Gallery (1)' is clicked on

2019-04-23 09:50:01 - [TEST_STEP][PASSED] - delay: Delayed 2 second(s)

2019-04-23 09:50:03 - [MESSAGE][PASSED] - Delayed 2 second(s)

2019-04-23 09:50:03 - [MESSAGE][PASSED] - Call Test Case 'Test Cases/Broadcasts/TC0150' successfully

2019-04-23 09:50:03 - [TEST_STEP][PASSED] - delay: Delayed 1 second(s)

2019-04-23 09:50:04 - [MESSAGE][PASSED] - Delayed 1 second(s)

2019-04-23 09:50:04 - [TEST_STEP][PASSED] - click: Object: 'Object Repository/Page_KiboPush  Create Broadcast/span_slick-arrow slick-next (3) (1)' is clicked on

2019-04-23 09:50:05 - [MESSAGE][PASSED] - Object: 'Object Repository/Page_KiboPush  Create Broadcast/span_slick-arrow slick-next (3) (1)' is clicked on

2019-04-23 09:50:05 - [TEST_STEP][PASSED] - click: Object: 'Object Repository/Page_KiboPush  Create Broadcast/span_Add' is clicked on

2019-04-23 09:50:05 - [MESSAGE][PASSED] - Object: 'Object Repository/Page_KiboPush  Create Broadcast/span_Add' is clicked on

2019-04-23 09:50:05 - [TEST_STEP][PASSED] - delay: Delayed 1 second(s)

2019-04-23 09:50:06 - [MESSAGE][PASSED] - Delayed 1 second(s)]]></system-out>
         <system-err><![CDATA[]]></system-err>
      </testcase>
      <testcase name="Test Cases/Broadcasts/TC0161" classname="Test Cases/Broadcasts/TC0161" status="PASSED">
         <system-out><![CDATA[2019-04-23 09:50:06 - [TEST_CASE][PASSED] - Test Cases/Broadcasts/TC0161: Test Cases/Broadcasts/TC0161

2019-04-23 09:50:06 - [TEST_STEP][PASSED] - callTestCase: Call Test Case 'Test Cases/s-sidebar_navigation/individualAccount/arveen_production_login_kiboengage' successfully

2019-04-23 09:50:07 - [TEST_CASE][PASSED] - Test Cases/s-sidebar_navigation/individualAccount/arveen_production_login_kiboengage: Test Cases/s-sidebar_navigation/individualAccount/arveen_production_login_kiboengage

2019-04-23 09:50:07 - [TEST_STEP][PASSED] - openBrowser: Browser is opened with url: ''

2019-04-23 09:50:07 - [MESSAGE][WARNING] - A browser is already opened. Closing browser and opening a new one

2019-04-23 09:50:11 - [MESSAGE][PASSED] - Browser is opened with url: ''

2019-04-23 09:50:11 - [TEST_STEP][PASSED] - maximizeWindow: Current window maximized

2019-04-23 09:50:12 - [MESSAGE][PASSED] - Current window maximized

2019-04-23 09:50:12 - [TEST_STEP][PASSED] - navigateToUrl: Navigate to 'https://kiboengage.cloudkibo.com/' successfully

2019-04-23 09:50:22 - [MESSAGE][PASSED] - Navigate to 'https://kiboengage.cloudkibo.com/' successfully

2019-04-23 09:50:22 - [TEST_STEP][PASSED] - navigateToUrl: Navigate to 'https://accounts.cloudkibo.com/?continue=https://kiboengage.cloudkibo.com' successfully

2019-04-23 09:50:23 - [MESSAGE][PASSED] - Navigate to 'https://accounts.cloudkibo.com/?continue=https://kiboengage.cloudkibo.com' successfully

2019-04-23 09:50:23 - [TEST_STEP][PASSED] - click: Object: 'Object Repository/Page_CloudKibo/a_Login (2) (1) (1)' is clicked on

2019-04-23 09:50:26 - [MESSAGE][PASSED] - Object: 'Object Repository/Page_CloudKibo/a_Login (2) (1) (1)' is clicked on

2019-04-23 09:50:26 - [TEST_STEP][PASSED] - setText: Text 'individual@cloudkibo.com' is set on object 'Object Repository/Page_KiboPush/input_email (10) (1) (1)'

2019-04-23 09:50:26 - [MESSAGE][PASSED] - Text 'individual@cloudkibo.com' is set on object 'Object Repository/Page_KiboPush/input_email (10) (1) (1)'

2019-04-23 09:50:26 - [TEST_STEP][PASSED] - setEncryptedText: Text ****** has been set on object 'Object Repository/Page_CloudKibo/input_Sign In_password (7)'

2019-04-23 09:50:27 - [MESSAGE][PASSED] - Text ****** has been set on object 'Object Repository/Page_CloudKibo/input_Sign In_password (7)'

2019-04-23 09:50:27 - [TEST_STEP][PASSED] - click: Object: 'Object Repository/Page_KiboPush/button_Sign In (10) (1) (2)' is clicked on

2019-04-23 09:50:27 - [MESSAGE][PASSED] - Object: 'Object Repository/Page_KiboPush/button_Sign In (10) (1) (2)' is clicked on

2019-04-23 09:50:27 - [TEST_STEP][PASSED] - click: Object: 'Object Repository/Page_KiboPush  Dashboard/h3_Dashboard (57)' is clicked on

2019-04-23 09:50:47 - [MESSAGE][PASSED] - Object: 'Object Repository/Page_KiboPush  Dashboard/h3_Dashboard (57)' is clicked on

2019-04-23 09:50:47 - [TEST_STEP][PASSED] - delay: Delayed 3 second(s)

2019-04-23 09:50:50 - [MESSAGE][PASSED] - Delayed 3 second(s)

2019-04-23 09:50:50 - [TEST_STEP][PASSED] - click: Object: 'Object Repository/Page_KiboEngage  Dashboard/a_SMS (2) (1) (1) (1) (3)' is clicked on

2019-04-23 09:50:50 - [MESSAGE][PASSED] - Object: 'Object Repository/Page_KiboEngage  Dashboard/a_SMS (2) (1) (1) (1) (3)' is clicked on

2019-04-23 09:50:50 - [TEST_STEP][PASSED] - delay: Delayed 2 second(s)

2019-04-23 09:50:52 - [MESSAGE][PASSED] - Delayed 2 second(s)

2019-04-23 09:50:52 - [TEST_STEP][PASSED] - click: Object: 'Object Repository/Page_KiboEngage  Dashboard/span_Messenger (1) (1) (1) (3)' is clicked on

2019-04-23 09:50:53 - [MESSAGE][PASSED] - Object: 'Object Repository/Page_KiboEngage  Dashboard/span_Messenger (1) (1) (1) (3)' is clicked on

2019-04-23 09:50:53 - [TEST_STEP][PASSED] - delay: Delayed 2 second(s)

2019-04-23 09:50:55 - [MESSAGE][PASSED] - Delayed 2 second(s)

2019-04-23 09:50:55 - [MESSAGE][PASSED] - Call Test Case 'Test Cases/s-sidebar_navigation/individualAccount/arveen_production_login_kiboengage' successfully

2019-04-23 09:50:55 - [TEST_STEP][PASSED] - callTestCase: Call Test Case 'Test Cases/Broadcasts/open_broadcast' successfully

2019-04-23 09:50:55 - [TEST_CASE][PASSED] - Test Cases/Broadcasts/open_broadcast: Test Cases/Broadcasts/open_broadcast

2019-04-23 09:50:55 - [TEST_STEP][PASSED] - click: Object: 'Object Repository/Page_KiboPush  Dashboard/span_Broadcasting' is clicked on

2019-04-23 09:50:55 - [MESSAGE][PASSED] - Object: 'Object Repository/Page_KiboPush  Dashboard/span_Broadcasting' is clicked on

2019-04-23 09:50:55 - [TEST_STEP][PASSED] - delay: Delayed 2 second(s)

2019-04-23 09:50:57 - [MESSAGE][PASSED] - Delayed 2 second(s)

2019-04-23 09:50:57 - [MESSAGE][PASSED] - Call Test Case 'Test Cases/Broadcasts/open_broadcast' successfully

2019-04-23 09:50:57 - [TEST_STEP][PASSED] - callTestCase: Call Test Case 'Test Cases/Broadcasts/TC0150' successfully

2019-04-23 09:50:57 - [TEST_CASE][PASSED] - Test Cases/Broadcasts/TC0150: Test Cases/Broadcasts/TC0150

2019-04-23 09:50:57 - [TEST_STEP][PASSED] - callTestCase: Call Test Case 'Test Cases/s-sidebar_navigation/TeamAccount/Broadcasts' successfully

2019-04-23 09:50:57 - [TEST_CASE][PASSED] - Test Cases/s-sidebar_navigation/TeamAccount/Broadcasts: Test Cases/s-sidebar_navigation/TeamAccount/Broadcasts

2019-04-23 09:50:57 - [TEST_STEP][PASSED] - callTestCase: Call Test Case 'Test Cases/s-sidebar_navigation/individualAccount/broadcast' successfully

2019-04-23 09:50:57 - [TEST_CASE][PASSED] - Test Cases/s-sidebar_navigation/individualAccount/broadcast: Test Cases/s-sidebar_navigation/individualAccount/broadcast

2019-04-23 09:50:57 - [TEST_STEP][PASSED] - click: Object: 'Object Repository/Page_KiboPush  Dashboard/span_Polls' is clicked on

2019-04-23 09:50:58 - [MESSAGE][PASSED] - Object: 'Object Repository/Page_KiboPush  Dashboard/span_Polls' is clicked on

2019-04-23 09:50:58 - [TEST_STEP][PASSED] - delay: Delayed 1 second(s)

2019-04-23 09:50:59 - [MESSAGE][PASSED] - Delayed 1 second(s)

2019-04-23 09:50:59 - [TEST_STEP][PASSED] - click: Object: 'Object Repository/Page_KiboPush  Dashboard/span_Broadcasts' is clicked on

2019-04-23 09:50:59 - [MESSAGE][PASSED] - Object: 'Object Repository/Page_KiboPush  Dashboard/span_Broadcasts' is clicked on

2019-04-23 09:50:59 - [TEST_STEP][PASSED] - delay: Delayed 1 second(s)

2019-04-23 09:51:00 - [MESSAGE][PASSED] - Delayed 1 second(s)

2019-04-23 09:51:00 - [TEST_STEP][PASSED] - scrollToPosition: Browser is scrolled to position x = 0, y = 0

2019-04-23 09:51:00 - [MESSAGE][PASSED] - Browser is scrolled to position x = 0, y = 0

2019-04-23 09:51:00 - [TEST_STEP][PASSED] - click: Object: 'Object Repository/Page_KiboPush  Broadcast/h3_Manage Broadcasts' is clicked on

2019-04-23 09:51:01 - [MESSAGE][PASSED] - Object: 'Object Repository/Page_KiboPush  Broadcast/h3_Manage Broadcasts' is clicked on

2019-04-23 09:51:01 - [MESSAGE][PASSED] - Call Test Case 'Test Cases/s-sidebar_navigation/individualAccount/broadcast' successfully

2019-04-23 09:51:01 - [MESSAGE][PASSED] - Call Test Case 'Test Cases/s-sidebar_navigation/TeamAccount/Broadcasts' successfully

2019-04-23 09:51:01 - [TEST_STEP][PASSED] - click: Object: 'Object Repository/Page_KiboPush  Broadcast/span_Create New Broadcast' is clicked on

2019-04-23 09:51:02 - [MESSAGE][PASSED] - Object: 'Object Repository/Page_KiboPush  Broadcast/span_Create New Broadcast' is clicked on

2019-04-23 09:51:02 - [TEST_STEP][PASSED] - click: Object: 'Object Repository/Page_KiboPush  Broadcast/a_Create New Broadcast' is clicked on

2019-04-23 09:51:03 - [MESSAGE][PASSED] - Object: 'Object Repository/Page_KiboPush  Broadcast/a_Create New Broadcast' is clicked on

2019-04-23 09:51:03 - [TEST_STEP][PASSED] - delay: Delayed 1 second(s)

2019-04-23 09:51:04 - [MESSAGE][PASSED] - Delayed 1 second(s)

2019-04-23 09:51:04 - [TEST_STEP][PASSED] - click: Object: 'Object Repository/Page_KiboPush  Create Broadcast/div_Gallery (1)' is clicked on

2019-04-23 09:51:04 - [MESSAGE][PASSED] - Object: 'Object Repository/Page_KiboPush  Create Broadcast/div_Gallery (1)' is clicked on

2019-04-23 09:51:04 - [TEST_STEP][PASSED] - delay: Delayed 2 second(s)

2019-04-23 09:51:06 - [MESSAGE][PASSED] - Delayed 2 second(s)

2019-04-23 09:51:06 - [MESSAGE][PASSED] - Call Test Case 'Test Cases/Broadcasts/TC0150' successfully

2019-04-23 09:51:06 - [TEST_STEP][PASSED] - delay: Delayed 1 second(s)

2019-04-23 09:51:07 - [MESSAGE][PASSED] - Delayed 1 second(s)]]></system-out>
         <system-err><![CDATA[]]></system-err>
      </testcase>
      <testcase name="Test Cases/Broadcasts/TC0163" classname="Test Cases/Broadcasts/TC0163" status="PASSED">
         <system-out><![CDATA[2019-04-23 09:51:07 - [TEST_CASE][PASSED] - Test Cases/Broadcasts/TC0163: Test Cases/Broadcasts/TC0163

2019-04-23 09:51:08 - [TEST_STEP][PASSED] - callTestCase: Call Test Case 'Test Cases/s-sidebar_navigation/TeamAccount/Broadcasts' successfully

2019-04-23 09:51:08 - [TEST_CASE][PASSED] - Test Cases/s-sidebar_navigation/TeamAccount/Broadcasts: Test Cases/s-sidebar_navigation/TeamAccount/Broadcasts

2019-04-23 09:51:08 - [TEST_STEP][PASSED] - callTestCase: Call Test Case 'Test Cases/s-sidebar_navigation/individualAccount/broadcast' successfully

2019-04-23 09:51:08 - [TEST_CASE][PASSED] - Test Cases/s-sidebar_navigation/individualAccount/broadcast: Test Cases/s-sidebar_navigation/individualAccount/broadcast

2019-04-23 09:51:08 - [TEST_STEP][PASSED] - click: Object: 'Object Repository/Page_KiboPush  Dashboard/span_Polls' is clicked on

2019-04-23 09:51:08 - [MESSAGE][PASSED] - Object: 'Object Repository/Page_KiboPush  Dashboard/span_Polls' is clicked on

2019-04-23 09:51:08 - [TEST_STEP][PASSED] - delay: Delayed 1 second(s)

2019-04-23 09:51:09 - [MESSAGE][PASSED] - Delayed 1 second(s)

2019-04-23 09:51:09 - [TEST_STEP][PASSED] - click: Object: 'Object Repository/Page_KiboPush  Dashboard/span_Broadcasts' is clicked on

2019-04-23 09:51:10 - [MESSAGE][PASSED] - Object: 'Object Repository/Page_KiboPush  Dashboard/span_Broadcasts' is clicked on

2019-04-23 09:51:10 - [TEST_STEP][PASSED] - delay: Delayed 1 second(s)

2019-04-23 09:51:11 - [MESSAGE][PASSED] - Delayed 1 second(s)

2019-04-23 09:51:11 - [TEST_STEP][PASSED] - scrollToPosition: Browser is scrolled to position x = 0, y = 0

2019-04-23 09:51:11 - [MESSAGE][PASSED] - Browser is scrolled to position x = 0, y = 0

2019-04-23 09:51:11 - [TEST_STEP][PASSED] - click: Object: 'Object Repository/Page_KiboPush  Broadcast/h3_Manage Broadcasts' is clicked on

2019-04-23 09:51:11 - [MESSAGE][PASSED] - Object: 'Object Repository/Page_KiboPush  Broadcast/h3_Manage Broadcasts' is clicked on

2019-04-23 09:51:11 - [MESSAGE][PASSED] - Call Test Case 'Test Cases/s-sidebar_navigation/individualAccount/broadcast' successfully

2019-04-23 09:51:11 - [MESSAGE][PASSED] - Call Test Case 'Test Cases/s-sidebar_navigation/TeamAccount/Broadcasts' successfully

2019-04-23 09:51:11 - [TEST_STEP][PASSED] - click: Object: 'Object Repository/Page_KiboPush  Broadcast/span_Create New Broadcast' is clicked on

2019-04-23 09:51:12 - [MESSAGE][PASSED] - Object: 'Object Repository/Page_KiboPush  Broadcast/span_Create New Broadcast' is clicked on

2019-04-23 09:51:12 - [TEST_STEP][PASSED] - click: Object: 'Object Repository/Page_KiboPush  Broadcast/a_Create New Broadcast' is clicked on

2019-04-23 09:51:13 - [MESSAGE][PASSED] - Object: 'Object Repository/Page_KiboPush  Broadcast/a_Create New Broadcast' is clicked on

2019-04-23 09:51:13 - [TEST_STEP][PASSED] - delay: Delayed 1 second(s)

2019-04-23 09:51:14 - [MESSAGE][PASSED] - Delayed 1 second(s)

2019-04-23 09:51:14 - [TEST_STEP][PASSED] - click: Object: 'Object Repository/Page_KiboPush  Create Broadcast/div_Audio' is clicked on

2019-04-23 09:51:14 - [MESSAGE][PASSED] - Object: 'Object Repository/Page_KiboPush  Create Broadcast/div_Audio' is clicked on

2019-04-23 09:51:14 - [TEST_STEP][PASSED] - verifyElementPresent: Object 'Object Repository/Page_KiboPush  Create Broadcast/h4_Audio' is present

2019-04-23 09:51:15 - [MESSAGE][PASSED] - Object 'Object Repository/Page_KiboPush  Create Broadcast/h4_Audio' is present]]></system-out>
         <system-err><![CDATA[]]></system-err>
      </testcase>
      <testcase name="Test Cases/Broadcasts/TC0164" classname="Test Cases/Broadcasts/TC0164" status="PASSED">
         <system-out><![CDATA[2019-04-23 09:51:15 - [TEST_CASE][PASSED] - Test Cases/Broadcasts/TC0164: Test Cases/Broadcasts/TC0164

2019-04-23 09:51:15 - [TEST_STEP][PASSED] - callTestCase: Call Test Case 'Test Cases/Broadcasts/TC0163' successfully

2019-04-23 09:51:15 - [TEST_CASE][PASSED] - Test Cases/Broadcasts/TC0163: Test Cases/Broadcasts/TC0163

2019-04-23 09:51:15 - [TEST_STEP][PASSED] - callTestCase: Call Test Case 'Test Cases/s-sidebar_navigation/TeamAccount/Broadcasts' successfully

2019-04-23 09:51:15 - [TEST_CASE][PASSED] - Test Cases/s-sidebar_navigation/TeamAccount/Broadcasts: Test Cases/s-sidebar_navigation/TeamAccount/Broadcasts

2019-04-23 09:51:15 - [TEST_STEP][PASSED] - callTestCase: Call Test Case 'Test Cases/s-sidebar_navigation/individualAccount/broadcast' successfully

2019-04-23 09:51:15 - [TEST_CASE][PASSED] - Test Cases/s-sidebar_navigation/individualAccount/broadcast: Test Cases/s-sidebar_navigation/individualAccount/broadcast

2019-04-23 09:51:15 - [TEST_STEP][PASSED] - click: Object: 'Object Repository/Page_KiboPush  Dashboard/span_Polls' is clicked on

2019-04-23 09:51:15 - [MESSAGE][PASSED] - Object: 'Object Repository/Page_KiboPush  Dashboard/span_Polls' is clicked on

2019-04-23 09:51:15 - [TEST_STEP][PASSED] - delay: Delayed 1 second(s)

2019-04-23 09:51:16 - [MESSAGE][PASSED] - Delayed 1 second(s)

2019-04-23 09:51:16 - [TEST_STEP][PASSED] - click: Object: 'Object Repository/Page_KiboPush  Dashboard/span_Broadcasts' is clicked on

2019-04-23 09:51:17 - [MESSAGE][PASSED] - Object: 'Object Repository/Page_KiboPush  Dashboard/span_Broadcasts' is clicked on

2019-04-23 09:51:17 - [TEST_STEP][PASSED] - delay: Delayed 1 second(s)

2019-04-23 09:51:18 - [MESSAGE][PASSED] - Delayed 1 second(s)

2019-04-23 09:51:18 - [TEST_STEP][PASSED] - scrollToPosition: Browser is scrolled to position x = 0, y = 0

2019-04-23 09:51:18 - [MESSAGE][PASSED] - Browser is scrolled to position x = 0, y = 0

2019-04-23 09:51:18 - [TEST_STEP][PASSED] - click: Object: 'Object Repository/Page_KiboPush  Broadcast/h3_Manage Broadcasts' is clicked on

2019-04-23 09:51:18 - [MESSAGE][PASSED] - Object: 'Object Repository/Page_KiboPush  Broadcast/h3_Manage Broadcasts' is clicked on

2019-04-23 09:51:18 - [MESSAGE][PASSED] - Call Test Case 'Test Cases/s-sidebar_navigation/individualAccount/broadcast' successfully

2019-04-23 09:51:18 - [MESSAGE][PASSED] - Call Test Case 'Test Cases/s-sidebar_navigation/TeamAccount/Broadcasts' successfully

2019-04-23 09:51:18 - [TEST_STEP][PASSED] - click: Object: 'Object Repository/Page_KiboPush  Broadcast/span_Create New Broadcast' is clicked on

2019-04-23 09:51:19 - [MESSAGE][PASSED] - Object: 'Object Repository/Page_KiboPush  Broadcast/span_Create New Broadcast' is clicked on

2019-04-23 09:51:19 - [TEST_STEP][PASSED] - click: Object: 'Object Repository/Page_KiboPush  Broadcast/a_Create New Broadcast' is clicked on

2019-04-23 09:51:20 - [MESSAGE][PASSED] - Object: 'Object Repository/Page_KiboPush  Broadcast/a_Create New Broadcast' is clicked on

2019-04-23 09:51:20 - [TEST_STEP][PASSED] - delay: Delayed 1 second(s)

2019-04-23 09:51:21 - [MESSAGE][PASSED] - Delayed 1 second(s)

2019-04-23 09:51:21 - [TEST_STEP][PASSED] - click: Object: 'Object Repository/Page_KiboPush  Create Broadcast/div_Audio' is clicked on

2019-04-23 09:51:21 - [MESSAGE][PASSED] - Object: 'Object Repository/Page_KiboPush  Create Broadcast/div_Audio' is clicked on

2019-04-23 09:51:21 - [TEST_STEP][PASSED] - verifyElementPresent: Object 'Object Repository/Page_KiboPush  Create Broadcast/h4_Audio' is present

2019-04-23 09:51:21 - [MESSAGE][PASSED] - Object 'Object Repository/Page_KiboPush  Create Broadcast/h4_Audio' is present

2019-04-23 09:51:21 - [MESSAGE][PASSED] - Call Test Case 'Test Cases/Broadcasts/TC0163' successfully

2019-04-23 09:51:21 - [TEST_STEP][PASSED] - delay: Delayed 2 second(s)

2019-04-23 09:51:23 - [MESSAGE][PASSED] - Delayed 2 second(s)

2019-04-23 09:51:23 - [TEST_STEP][PASSED] - click: Object: 'Object Repository/Page_KiboPush  Create Broadcast/button_Next (7)' is clicked on

2019-04-23 09:51:24 - [MESSAGE][PASSED] - Object: 'Object Repository/Page_KiboPush  Create Broadcast/button_Next (7)' is clicked on

2019-04-23 09:51:24 - [TEST_STEP][PASSED] - delay: Delayed 3 second(s)

2019-04-23 09:51:27 - [MESSAGE][PASSED] - Delayed 3 second(s)

2019-04-23 09:51:27 - [TEST_STEP][PASSED] - click: Object: 'Object Repository/Page_KiboPush  Create Broadcast/div_Select an audio file' is clicked on

2019-04-23 09:51:27 - [MESSAGE][PASSED] - Object: 'Object Repository/Page_KiboPush  Create Broadcast/div_Select an audio file' is clicked on]]></system-out>
         <system-err><![CDATA[]]></system-err>
      </testcase>
      <testcase name="Test Cases/Broadcasts/TC0165" classname="Test Cases/Broadcasts/TC0165" status="PASSED">
         <system-out><![CDATA[2019-04-23 09:51:27 - [TEST_CASE][PASSED] - Test Cases/Broadcasts/TC0165: Test Cases/Broadcasts/TC0165

2019-04-23 09:51:27 - [TEST_STEP][PASSED] - callTestCase: Call Test Case 'Test Cases/Broadcasts/TC0163' successfully

2019-04-23 09:51:27 - [TEST_CASE][PASSED] - Test Cases/Broadcasts/TC0163: Test Cases/Broadcasts/TC0163

2019-04-23 09:51:27 - [TEST_STEP][PASSED] - callTestCase: Call Test Case 'Test Cases/s-sidebar_navigation/TeamAccount/Broadcasts' successfully

2019-04-23 09:51:27 - [TEST_CASE][PASSED] - Test Cases/s-sidebar_navigation/TeamAccount/Broadcasts: Test Cases/s-sidebar_navigation/TeamAccount/Broadcasts

2019-04-23 09:51:27 - [TEST_STEP][PASSED] - callTestCase: Call Test Case 'Test Cases/s-sidebar_navigation/individualAccount/broadcast' successfully

2019-04-23 09:51:27 - [TEST_CASE][PASSED] - Test Cases/s-sidebar_navigation/individualAccount/broadcast: Test Cases/s-sidebar_navigation/individualAccount/broadcast

2019-04-23 09:51:27 - [TEST_STEP][PASSED] - click: Object: 'Object Repository/Page_KiboPush  Dashboard/span_Polls' is clicked on

2019-04-23 09:51:28 - [MESSAGE][PASSED] - Object: 'Object Repository/Page_KiboPush  Dashboard/span_Polls' is clicked on

2019-04-23 09:51:28 - [TEST_STEP][PASSED] - delay: Delayed 1 second(s)

2019-04-23 09:51:29 - [MESSAGE][PASSED] - Delayed 1 second(s)

2019-04-23 09:51:29 - [TEST_STEP][PASSED] - click: Object: 'Object Repository/Page_KiboPush  Dashboard/span_Broadcasts' is clicked on

2019-04-23 09:51:29 - [MESSAGE][PASSED] - Object: 'Object Repository/Page_KiboPush  Dashboard/span_Broadcasts' is clicked on

2019-04-23 09:51:29 - [TEST_STEP][PASSED] - delay: Delayed 1 second(s)

2019-04-23 09:51:30 - [MESSAGE][PASSED] - Delayed 1 second(s)

2019-04-23 09:51:30 - [TEST_STEP][PASSED] - scrollToPosition: Browser is scrolled to position x = 0, y = 0

2019-04-23 09:51:30 - [MESSAGE][PASSED] - Browser is scrolled to position x = 0, y = 0

2019-04-23 09:51:30 - [TEST_STEP][PASSED] - click: Object: 'Object Repository/Page_KiboPush  Broadcast/h3_Manage Broadcasts' is clicked on

2019-04-23 09:51:31 - [MESSAGE][PASSED] - Object: 'Object Repository/Page_KiboPush  Broadcast/h3_Manage Broadcasts' is clicked on

2019-04-23 09:51:31 - [MESSAGE][PASSED] - Call Test Case 'Test Cases/s-sidebar_navigation/individualAccount/broadcast' successfully

2019-04-23 09:51:31 - [MESSAGE][PASSED] - Call Test Case 'Test Cases/s-sidebar_navigation/TeamAccount/Broadcasts' successfully

2019-04-23 09:51:31 - [TEST_STEP][PASSED] - click: Object: 'Object Repository/Page_KiboPush  Broadcast/span_Create New Broadcast' is clicked on

2019-04-23 09:51:32 - [MESSAGE][PASSED] - Object: 'Object Repository/Page_KiboPush  Broadcast/span_Create New Broadcast' is clicked on

2019-04-23 09:51:32 - [TEST_STEP][PASSED] - click: Object: 'Object Repository/Page_KiboPush  Broadcast/a_Create New Broadcast' is clicked on

2019-04-23 09:51:32 - [MESSAGE][PASSED] - Object: 'Object Repository/Page_KiboPush  Broadcast/a_Create New Broadcast' is clicked on

2019-04-23 09:51:32 - [TEST_STEP][PASSED] - delay: Delayed 1 second(s)

2019-04-23 09:51:33 - [MESSAGE][PASSED] - Delayed 1 second(s)

2019-04-23 09:51:33 - [TEST_STEP][PASSED] - click: Object: 'Object Repository/Page_KiboPush  Create Broadcast/div_Audio' is clicked on

2019-04-23 09:51:34 - [MESSAGE][PASSED] - Object: 'Object Repository/Page_KiboPush  Create Broadcast/div_Audio' is clicked on

2019-04-23 09:51:34 - [TEST_STEP][PASSED] - verifyElementPresent: Object 'Object Repository/Page_KiboPush  Create Broadcast/h4_Audio' is present

2019-04-23 09:51:34 - [MESSAGE][PASSED] - Object 'Object Repository/Page_KiboPush  Create Broadcast/h4_Audio' is present

2019-04-23 09:51:34 - [MESSAGE][PASSED] - Call Test Case 'Test Cases/Broadcasts/TC0163' successfully

2019-04-23 09:51:34 - [TEST_STEP][PASSED] - Statement - audio = com.kms.katalon.core.configuration.RunConfiguration.getProjectDir() + "/audio.mp3": null

2019-04-23 09:51:34 - [TEST_STEP][PASSED] - uploadFile: File 'C:/Users/cloudkibo/Desktop/KiboPush_Automated_Testing/KiboPush Katalon/audio.mp3' sent to object: 'Object Repository/Page_KiboPush  Create Broadcast/input_file'

2019-04-23 09:51:35 - [MESSAGE][PASSED] - File 'C:/Users/cloudkibo/Desktop/KiboPush_Automated_Testing/KiboPush Katalon/audio.mp3' sent to object: 'Object Repository/Page_KiboPush  Create Broadcast/input_file']]></system-out>
         <system-err><![CDATA[]]></system-err>
      </testcase>
      <testcase name="Test Cases/Broadcasts/TC0167" classname="Test Cases/Broadcasts/TC0167" status="PASSED">
         <system-out><![CDATA[2019-04-23 09:51:35 - [TEST_CASE][PASSED] - Test Cases/Broadcasts/TC0167: Test Cases/Broadcasts/TC0167

2019-04-23 09:51:35 - [TEST_STEP][PASSED] - callTestCase: Call Test Case 'Test Cases/s-sidebar_navigation/TeamAccount/Broadcasts' successfully

2019-04-23 09:51:35 - [TEST_CASE][PASSED] - Test Cases/s-sidebar_navigation/TeamAccount/Broadcasts: Test Cases/s-sidebar_navigation/TeamAccount/Broadcasts

2019-04-23 09:51:35 - [TEST_STEP][PASSED] - callTestCase: Call Test Case 'Test Cases/s-sidebar_navigation/individualAccount/broadcast' successfully

2019-04-23 09:51:35 - [TEST_CASE][PASSED] - Test Cases/s-sidebar_navigation/individualAccount/broadcast: Test Cases/s-sidebar_navigation/individualAccount/broadcast

2019-04-23 09:51:35 - [TEST_STEP][PASSED] - click: Object: 'Object Repository/Page_KiboPush  Dashboard/span_Polls' is clicked on

2019-04-23 09:51:36 - [MESSAGE][PASSED] - Object: 'Object Repository/Page_KiboPush  Dashboard/span_Polls' is clicked on

2019-04-23 09:51:36 - [TEST_STEP][PASSED] - delay: Delayed 1 second(s)

2019-04-23 09:51:37 - [MESSAGE][PASSED] - Delayed 1 second(s)

2019-04-23 09:51:37 - [TEST_STEP][PASSED] - click: Object: 'Object Repository/Page_KiboPush  Dashboard/span_Broadcasts' is clicked on

2019-04-23 09:51:38 - [MESSAGE][PASSED] - Object: 'Object Repository/Page_KiboPush  Dashboard/span_Broadcasts' is clicked on

2019-04-23 09:51:38 - [TEST_STEP][PASSED] - delay: Delayed 1 second(s)

2019-04-23 09:51:39 - [MESSAGE][PASSED] - Delayed 1 second(s)

2019-04-23 09:51:39 - [TEST_STEP][PASSED] - scrollToPosition: Browser is scrolled to position x = 0, y = 0

2019-04-23 09:51:39 - [MESSAGE][PASSED] - Browser is scrolled to position x = 0, y = 0

2019-04-23 09:51:39 - [TEST_STEP][PASSED] - click: Object: 'Object Repository/Page_KiboPush  Broadcast/h3_Manage Broadcasts' is clicked on

2019-04-23 09:51:39 - [MESSAGE][PASSED] - Object: 'Object Repository/Page_KiboPush  Broadcast/h3_Manage Broadcasts' is clicked on

2019-04-23 09:51:39 - [MESSAGE][PASSED] - Call Test Case 'Test Cases/s-sidebar_navigation/individualAccount/broadcast' successfully

2019-04-23 09:51:39 - [MESSAGE][PASSED] - Call Test Case 'Test Cases/s-sidebar_navigation/TeamAccount/Broadcasts' successfully

2019-04-23 09:51:39 - [TEST_STEP][PASSED] - click: Object: 'Object Repository/Page_KiboPush  Broadcast/span_Create New Broadcast' is clicked on

2019-04-23 09:51:41 - [MESSAGE][PASSED] - Object: 'Object Repository/Page_KiboPush  Broadcast/span_Create New Broadcast' is clicked on

2019-04-23 09:51:41 - [TEST_STEP][PASSED] - click: Object: 'Object Repository/Page_KiboPush  Broadcast/a_Create New Broadcast' is clicked on

2019-04-23 09:51:42 - [MESSAGE][PASSED] - Object: 'Object Repository/Page_KiboPush  Broadcast/a_Create New Broadcast' is clicked on

2019-04-23 09:51:42 - [TEST_STEP][PASSED] - delay: Delayed 1 second(s)

2019-04-23 09:51:43 - [MESSAGE][PASSED] - Delayed 1 second(s)

2019-04-23 09:51:43 - [TEST_STEP][PASSED] - click: Object: 'Object Repository/Page_KiboPush  Create Broadcast/div_Video' is clicked on

2019-04-23 09:51:43 - [MESSAGE][PASSED] - Object: 'Object Repository/Page_KiboPush  Create Broadcast/div_Video' is clicked on

2019-04-23 09:51:43 - [TEST_STEP][PASSED] - verifyElementPresent: Object 'Object Repository/Page_KiboPush  Create Broadcast/h4_Video' is present

2019-04-23 09:51:44 - [MESSAGE][PASSED] - Object 'Object Repository/Page_KiboPush  Create Broadcast/h4_Video' is present

2019-04-23 09:51:44 - [TEST_STEP][PASSED] - delay: Delayed 3 second(s)

2019-04-23 09:51:47 - [MESSAGE][PASSED] - Delayed 3 second(s)]]></system-out>
         <system-err><![CDATA[]]></system-err>
      </testcase>
      <testcase name="Test Cases/Broadcasts/TC0168" classname="Test Cases/Broadcasts/TC0168" status="PASSED">
         <system-out><![CDATA[2019-04-23 09:51:47 - [TEST_CASE][PASSED] - Test Cases/Broadcasts/TC0168: Test Cases/Broadcasts/TC0168

2019-04-23 09:51:47 - [TEST_STEP][PASSED] - callTestCase: Call Test Case 'Test Cases/Broadcasts/TC0167' successfully

2019-04-23 09:51:47 - [TEST_CASE][PASSED] - Test Cases/Broadcasts/TC0167: Test Cases/Broadcasts/TC0167

2019-04-23 09:51:47 - [TEST_STEP][PASSED] - callTestCase: Call Test Case 'Test Cases/s-sidebar_navigation/TeamAccount/Broadcasts' successfully

2019-04-23 09:51:47 - [TEST_CASE][PASSED] - Test Cases/s-sidebar_navigation/TeamAccount/Broadcasts: Test Cases/s-sidebar_navigation/TeamAccount/Broadcasts

2019-04-23 09:51:47 - [TEST_STEP][PASSED] - callTestCase: Call Test Case 'Test Cases/s-sidebar_navigation/individualAccount/broadcast' successfully

2019-04-23 09:51:48 - [TEST_CASE][PASSED] - Test Cases/s-sidebar_navigation/individualAccount/broadcast: Test Cases/s-sidebar_navigation/individualAccount/broadcast

2019-04-23 09:51:48 - [TEST_STEP][PASSED] - click: Object: 'Object Repository/Page_KiboPush  Dashboard/span_Polls' is clicked on

2019-04-23 09:51:48 - [MESSAGE][PASSED] - Object: 'Object Repository/Page_KiboPush  Dashboard/span_Polls' is clicked on

2019-04-23 09:51:48 - [TEST_STEP][PASSED] - delay: Delayed 1 second(s)

2019-04-23 09:51:49 - [MESSAGE][PASSED] - Delayed 1 second(s)

2019-04-23 09:51:49 - [TEST_STEP][PASSED] - click: Object: 'Object Repository/Page_KiboPush  Dashboard/span_Broadcasts' is clicked on

2019-04-23 09:51:50 - [MESSAGE][PASSED] - Object: 'Object Repository/Page_KiboPush  Dashboard/span_Broadcasts' is clicked on

2019-04-23 09:51:50 - [TEST_STEP][PASSED] - delay: Delayed 1 second(s)

2019-04-23 09:51:51 - [MESSAGE][PASSED] - Delayed 1 second(s)

2019-04-23 09:51:51 - [TEST_STEP][PASSED] - scrollToPosition: Browser is scrolled to position x = 0, y = 0

2019-04-23 09:51:51 - [MESSAGE][PASSED] - Browser is scrolled to position x = 0, y = 0

2019-04-23 09:51:51 - [TEST_STEP][PASSED] - click: Object: 'Object Repository/Page_KiboPush  Broadcast/h3_Manage Broadcasts' is clicked on

2019-04-23 09:51:51 - [MESSAGE][PASSED] - Object: 'Object Repository/Page_KiboPush  Broadcast/h3_Manage Broadcasts' is clicked on

2019-04-23 09:51:51 - [MESSAGE][PASSED] - Call Test Case 'Test Cases/s-sidebar_navigation/individualAccount/broadcast' successfully

2019-04-23 09:51:51 - [MESSAGE][PASSED] - Call Test Case 'Test Cases/s-sidebar_navigation/TeamAccount/Broadcasts' successfully

2019-04-23 09:51:51 - [TEST_STEP][PASSED] - click: Object: 'Object Repository/Page_KiboPush  Broadcast/span_Create New Broadcast' is clicked on

2019-04-23 09:51:52 - [MESSAGE][PASSED] - Object: 'Object Repository/Page_KiboPush  Broadcast/span_Create New Broadcast' is clicked on

2019-04-23 09:51:52 - [TEST_STEP][PASSED] - click: Object: 'Object Repository/Page_KiboPush  Broadcast/a_Create New Broadcast' is clicked on

2019-04-23 09:51:53 - [MESSAGE][PASSED] - Object: 'Object Repository/Page_KiboPush  Broadcast/a_Create New Broadcast' is clicked on

2019-04-23 09:51:53 - [TEST_STEP][PASSED] - delay: Delayed 1 second(s)

2019-04-23 09:51:54 - [MESSAGE][PASSED] - Delayed 1 second(s)

2019-04-23 09:51:54 - [TEST_STEP][PASSED] - click: Object: 'Object Repository/Page_KiboPush  Create Broadcast/div_Video' is clicked on

2019-04-23 09:51:55 - [MESSAGE][PASSED] - Object: 'Object Repository/Page_KiboPush  Create Broadcast/div_Video' is clicked on

2019-04-23 09:51:55 - [TEST_STEP][PASSED] - verifyElementPresent: Object 'Object Repository/Page_KiboPush  Create Broadcast/h4_Video' is present

2019-04-23 09:51:55 - [MESSAGE][PASSED] - Object 'Object Repository/Page_KiboPush  Create Broadcast/h4_Video' is present

2019-04-23 09:51:55 - [TEST_STEP][PASSED] - delay: Delayed 3 second(s)

2019-04-23 09:51:58 - [MESSAGE][PASSED] - Delayed 3 second(s)

2019-04-23 09:51:58 - [MESSAGE][PASSED] - Call Test Case 'Test Cases/Broadcasts/TC0167' successfully

2019-04-23 09:51:58 - [TEST_STEP][PASSED] - click: Object: 'Object Repository/Page_KiboPush  Create Broadcast/button_Next (8)' is clicked on

2019-04-23 09:51:58 - [MESSAGE][PASSED] - Object: 'Object Repository/Page_KiboPush  Create Broadcast/button_Next (8)' is clicked on

2019-04-23 09:51:58 - [TEST_STEP][PASSED] - delay: Delayed 3 second(s)

2019-04-23 09:52:01 - [MESSAGE][PASSED] - Delayed 3 second(s)

2019-04-23 09:52:02 - [TEST_STEP][PASSED] - click: Object: 'Object Repository/Page_KiboPush  Create Broadcast/div_Select a video file' is clicked on

2019-04-23 09:52:02 - [MESSAGE][PASSED] - Object: 'Object Repository/Page_KiboPush  Create Broadcast/div_Select a video file' is clicked on]]></system-out>
         <system-err><![CDATA[]]></system-err>
      </testcase>
      <testcase name="Test Cases/Broadcasts/TC0169" classname="Test Cases/Broadcasts/TC0169" status="PASSED">
         <system-out><![CDATA[2019-04-23 09:52:02 - [TEST_CASE][PASSED] - Test Cases/Broadcasts/TC0169: Test Cases/Broadcasts/TC0169

2019-04-23 09:52:02 - [TEST_STEP][PASSED] - callTestCase: Call Test Case 'Test Cases/Broadcasts/TC0167' successfully

2019-04-23 09:52:02 - [TEST_CASE][PASSED] - Test Cases/Broadcasts/TC0167: Test Cases/Broadcasts/TC0167

2019-04-23 09:52:02 - [TEST_STEP][PASSED] - callTestCase: Call Test Case 'Test Cases/s-sidebar_navigation/TeamAccount/Broadcasts' successfully

2019-04-23 09:52:03 - [TEST_CASE][PASSED] - Test Cases/s-sidebar_navigation/TeamAccount/Broadcasts: Test Cases/s-sidebar_navigation/TeamAccount/Broadcasts

2019-04-23 09:52:03 - [TEST_STEP][PASSED] - callTestCase: Call Test Case 'Test Cases/s-sidebar_navigation/individualAccount/broadcast' successfully

2019-04-23 09:52:03 - [TEST_CASE][PASSED] - Test Cases/s-sidebar_navigation/individualAccount/broadcast: Test Cases/s-sidebar_navigation/individualAccount/broadcast

2019-04-23 09:52:03 - [TEST_STEP][PASSED] - click: Object: 'Object Repository/Page_KiboPush  Dashboard/span_Polls' is clicked on

2019-04-23 09:52:03 - [MESSAGE][PASSED] - Object: 'Object Repository/Page_KiboPush  Dashboard/span_Polls' is clicked on

2019-04-23 09:52:03 - [TEST_STEP][PASSED] - delay: Delayed 1 second(s)

2019-04-23 09:52:04 - [MESSAGE][PASSED] - Delayed 1 second(s)

2019-04-23 09:52:04 - [TEST_STEP][PASSED] - click: Object: 'Object Repository/Page_KiboPush  Dashboard/span_Broadcasts' is clicked on

2019-04-23 09:52:05 - [MESSAGE][PASSED] - Object: 'Object Repository/Page_KiboPush  Dashboard/span_Broadcasts' is clicked on

2019-04-23 09:52:05 - [TEST_STEP][PASSED] - delay: Delayed 1 second(s)

2019-04-23 09:52:06 - [MESSAGE][PASSED] - Delayed 1 second(s)

2019-04-23 09:52:06 - [TEST_STEP][PASSED] - scrollToPosition: Browser is scrolled to position x = 0, y = 0

2019-04-23 09:52:06 - [MESSAGE][PASSED] - Browser is scrolled to position x = 0, y = 0

2019-04-23 09:52:06 - [TEST_STEP][PASSED] - click: Object: 'Object Repository/Page_KiboPush  Broadcast/h3_Manage Broadcasts' is clicked on

2019-04-23 09:52:06 - [MESSAGE][PASSED] - Object: 'Object Repository/Page_KiboPush  Broadcast/h3_Manage Broadcasts' is clicked on

2019-04-23 09:52:06 - [MESSAGE][PASSED] - Call Test Case 'Test Cases/s-sidebar_navigation/individualAccount/broadcast' successfully

2019-04-23 09:52:06 - [MESSAGE][PASSED] - Call Test Case 'Test Cases/s-sidebar_navigation/TeamAccount/Broadcasts' successfully

2019-04-23 09:52:06 - [TEST_STEP][PASSED] - click: Object: 'Object Repository/Page_KiboPush  Broadcast/span_Create New Broadcast' is clicked on

2019-04-23 09:52:07 - [MESSAGE][PASSED] - Object: 'Object Repository/Page_KiboPush  Broadcast/span_Create New Broadcast' is clicked on

2019-04-23 09:52:07 - [TEST_STEP][PASSED] - click: Object: 'Object Repository/Page_KiboPush  Broadcast/a_Create New Broadcast' is clicked on

2019-04-23 09:52:08 - [MESSAGE][PASSED] - Object: 'Object Repository/Page_KiboPush  Broadcast/a_Create New Broadcast' is clicked on

2019-04-23 09:52:08 - [TEST_STEP][PASSED] - delay: Delayed 1 second(s)

2019-04-23 09:52:09 - [MESSAGE][PASSED] - Delayed 1 second(s)

2019-04-23 09:52:09 - [TEST_STEP][PASSED] - click: Object: 'Object Repository/Page_KiboPush  Create Broadcast/div_Video' is clicked on

2019-04-23 09:52:10 - [MESSAGE][PASSED] - Object: 'Object Repository/Page_KiboPush  Create Broadcast/div_Video' is clicked on

2019-04-23 09:52:10 - [TEST_STEP][PASSED] - verifyElementPresent: Object 'Object Repository/Page_KiboPush  Create Broadcast/h4_Video' is present

2019-04-23 09:52:10 - [MESSAGE][PASSED] - Object 'Object Repository/Page_KiboPush  Create Broadcast/h4_Video' is present

2019-04-23 09:52:10 - [TEST_STEP][PASSED] - delay: Delayed 3 second(s)

2019-04-23 09:52:13 - [MESSAGE][PASSED] - Delayed 3 second(s)

2019-04-23 09:52:13 - [MESSAGE][PASSED] - Call Test Case 'Test Cases/Broadcasts/TC0167' successfully

2019-04-23 09:52:13 - [TEST_STEP][PASSED] - Statement - video = com.kms.katalon.core.configuration.RunConfiguration.getProjectDir() + "/video.mp4": null

2019-04-23 09:52:13 - [TEST_STEP][PASSED] - uploadFile: File 'C:/Users/cloudkibo/Desktop/KiboPush_Automated_Testing/KiboPush Katalon/video.mp4' sent to object: 'Object Repository/Page_KiboPush  Create Broadcast/input_file'

2019-04-23 09:52:14 - [MESSAGE][PASSED] - File 'C:/Users/cloudkibo/Desktop/KiboPush_Automated_Testing/KiboPush Katalon/video.mp4' sent to object: 'Object Repository/Page_KiboPush  Create Broadcast/input_file']]></system-out>
         <system-err><![CDATA[]]></system-err>
      </testcase>
      <testcase name="Test Cases/Broadcasts/TC0171" classname="Test Cases/Broadcasts/TC0171" status="PASSED">
         <system-out><![CDATA[2019-04-23 09:52:14 - [TEST_CASE][PASSED] - Test Cases/Broadcasts/TC0171: Test Cases/Broadcasts/TC0171

2019-04-23 09:52:14 - [TEST_STEP][PASSED] - callTestCase: Call Test Case 'Test Cases/s-sidebar_navigation/TeamAccount/Broadcasts' successfully

2019-04-23 09:52:14 - [TEST_CASE][PASSED] - Test Cases/s-sidebar_navigation/TeamAccount/Broadcasts: Test Cases/s-sidebar_navigation/TeamAccount/Broadcasts

2019-04-23 09:52:14 - [TEST_STEP][PASSED] - callTestCase: Call Test Case 'Test Cases/s-sidebar_navigation/individualAccount/broadcast' successfully

2019-04-23 09:52:14 - [TEST_CASE][PASSED] - Test Cases/s-sidebar_navigation/individualAccount/broadcast: Test Cases/s-sidebar_navigation/individualAccount/broadcast

2019-04-23 09:52:14 - [TEST_STEP][PASSED] - click: Object: 'Object Repository/Page_KiboPush  Dashboard/span_Polls' is clicked on

2019-04-23 09:52:15 - [MESSAGE][PASSED] - Object: 'Object Repository/Page_KiboPush  Dashboard/span_Polls' is clicked on

2019-04-23 09:52:15 - [TEST_STEP][PASSED] - delay: Delayed 1 second(s)

2019-04-23 09:52:16 - [MESSAGE][PASSED] - Delayed 1 second(s)

2019-04-23 09:52:16 - [TEST_STEP][PASSED] - click: Object: 'Object Repository/Page_KiboPush  Dashboard/span_Broadcasts' is clicked on

2019-04-23 09:52:16 - [MESSAGE][PASSED] - Object: 'Object Repository/Page_KiboPush  Dashboard/span_Broadcasts' is clicked on

2019-04-23 09:52:16 - [TEST_STEP][PASSED] - delay: Delayed 1 second(s)

2019-04-23 09:52:17 - [MESSAGE][PASSED] - Delayed 1 second(s)

2019-04-23 09:52:17 - [TEST_STEP][PASSED] - scrollToPosition: Browser is scrolled to position x = 0, y = 0

2019-04-23 09:52:17 - [MESSAGE][PASSED] - Browser is scrolled to position x = 0, y = 0

2019-04-23 09:52:17 - [TEST_STEP][PASSED] - click: Object: 'Object Repository/Page_KiboPush  Broadcast/h3_Manage Broadcasts' is clicked on

2019-04-23 09:52:18 - [MESSAGE][PASSED] - Object: 'Object Repository/Page_KiboPush  Broadcast/h3_Manage Broadcasts' is clicked on

2019-04-23 09:52:18 - [MESSAGE][PASSED] - Call Test Case 'Test Cases/s-sidebar_navigation/individualAccount/broadcast' successfully

2019-04-23 09:52:18 - [MESSAGE][PASSED] - Call Test Case 'Test Cases/s-sidebar_navigation/TeamAccount/Broadcasts' successfully

2019-04-23 09:52:18 - [TEST_STEP][PASSED] - click: Object: 'Object Repository/Page_KiboPush  Broadcast/span_Create New Broadcast' is clicked on

2019-04-23 09:52:19 - [MESSAGE][PASSED] - Object: 'Object Repository/Page_KiboPush  Broadcast/span_Create New Broadcast' is clicked on

2019-04-23 09:52:19 - [TEST_STEP][PASSED] - click: Object: 'Object Repository/Page_KiboPush  Broadcast/a_Create New Broadcast' is clicked on

2019-04-23 09:52:20 - [MESSAGE][PASSED] - Object: 'Object Repository/Page_KiboPush  Broadcast/a_Create New Broadcast' is clicked on

2019-04-23 09:52:20 - [TEST_STEP][PASSED] - delay: Delayed 1 second(s)

2019-04-23 09:52:21 - [MESSAGE][PASSED] - Delayed 1 second(s)

2019-04-23 09:52:21 - [TEST_STEP][PASSED] - click: Object: 'Object Repository/Page_KiboPush  Create Broadcast/div_File' is clicked on

2019-04-23 09:52:21 - [MESSAGE][PASSED] - Object: 'Object Repository/Page_KiboPush  Create Broadcast/div_File' is clicked on

2019-04-23 09:52:21 - [TEST_STEP][PASSED] - verifyElementPresent: Object 'Object Repository/Page_KiboPush  Create Broadcast/h4_File' is present

2019-04-23 09:52:21 - [MESSAGE][PASSED] - Object 'Object Repository/Page_KiboPush  Create Broadcast/h4_File' is present

2019-04-23 09:52:21 - [TEST_STEP][PASSED] - delay: Delayed 3 second(s)

2019-04-23 09:52:24 - [MESSAGE][PASSED] - Delayed 3 second(s)]]></system-out>
         <system-err><![CDATA[]]></system-err>
      </testcase>
      <testcase name="Test Cases/Broadcasts/TC0172" classname="Test Cases/Broadcasts/TC0172" status="PASSED">
         <system-out><![CDATA[2019-04-23 09:52:24 - [TEST_CASE][PASSED] - Test Cases/Broadcasts/TC0172: Test Cases/Broadcasts/TC0172

2019-04-23 09:52:25 - [TEST_STEP][PASSED] - callTestCase: Call Test Case 'Test Cases/Broadcasts/TC0171' successfully

2019-04-23 09:52:25 - [TEST_CASE][PASSED] - Test Cases/Broadcasts/TC0171: Test Cases/Broadcasts/TC0171

2019-04-23 09:52:25 - [TEST_STEP][PASSED] - callTestCase: Call Test Case 'Test Cases/s-sidebar_navigation/TeamAccount/Broadcasts' successfully

2019-04-23 09:52:25 - [TEST_CASE][PASSED] - Test Cases/s-sidebar_navigation/TeamAccount/Broadcasts: Test Cases/s-sidebar_navigation/TeamAccount/Broadcasts

2019-04-23 09:52:25 - [TEST_STEP][PASSED] - callTestCase: Call Test Case 'Test Cases/s-sidebar_navigation/individualAccount/broadcast' successfully

2019-04-23 09:52:25 - [TEST_CASE][PASSED] - Test Cases/s-sidebar_navigation/individualAccount/broadcast: Test Cases/s-sidebar_navigation/individualAccount/broadcast

2019-04-23 09:52:25 - [TEST_STEP][PASSED] - click: Object: 'Object Repository/Page_KiboPush  Dashboard/span_Polls' is clicked on

2019-04-23 09:52:26 - [MESSAGE][PASSED] - Object: 'Object Repository/Page_KiboPush  Dashboard/span_Polls' is clicked on

2019-04-23 09:52:26 - [TEST_STEP][PASSED] - delay: Delayed 1 second(s)

2019-04-23 09:52:27 - [MESSAGE][PASSED] - Delayed 1 second(s)

2019-04-23 09:52:27 - [TEST_STEP][PASSED] - click: Object: 'Object Repository/Page_KiboPush  Dashboard/span_Broadcasts' is clicked on

2019-04-23 09:52:28 - [MESSAGE][PASSED] - Object: 'Object Repository/Page_KiboPush  Dashboard/span_Broadcasts' is clicked on

2019-04-23 09:52:28 - [TEST_STEP][PASSED] - delay: Delayed 1 second(s)

2019-04-23 09:52:29 - [MESSAGE][PASSED] - Delayed 1 second(s)

2019-04-23 09:52:29 - [TEST_STEP][PASSED] - scrollToPosition: Browser is scrolled to position x = 0, y = 0

2019-04-23 09:52:29 - [MESSAGE][PASSED] - Browser is scrolled to position x = 0, y = 0

2019-04-23 09:52:29 - [TEST_STEP][PASSED] - click: Object: 'Object Repository/Page_KiboPush  Broadcast/h3_Manage Broadcasts' is clicked on

2019-04-23 09:52:29 - [MESSAGE][PASSED] - Object: 'Object Repository/Page_KiboPush  Broadcast/h3_Manage Broadcasts' is clicked on

2019-04-23 09:52:29 - [MESSAGE][PASSED] - Call Test Case 'Test Cases/s-sidebar_navigation/individualAccount/broadcast' successfully

2019-04-23 09:52:29 - [MESSAGE][PASSED] - Call Test Case 'Test Cases/s-sidebar_navigation/TeamAccount/Broadcasts' successfully

2019-04-23 09:52:29 - [TEST_STEP][PASSED] - click: Object: 'Object Repository/Page_KiboPush  Broadcast/span_Create New Broadcast' is clicked on

2019-04-23 09:52:30 - [MESSAGE][PASSED] - Object: 'Object Repository/Page_KiboPush  Broadcast/span_Create New Broadcast' is clicked on

2019-04-23 09:52:30 - [TEST_STEP][PASSED] - click: Object: 'Object Repository/Page_KiboPush  Broadcast/a_Create New Broadcast' is clicked on

2019-04-23 09:52:31 - [MESSAGE][PASSED] - Object: 'Object Repository/Page_KiboPush  Broadcast/a_Create New Broadcast' is clicked on

2019-04-23 09:52:31 - [TEST_STEP][PASSED] - delay: Delayed 1 second(s)

2019-04-23 09:52:32 - [MESSAGE][PASSED] - Delayed 1 second(s)

2019-04-23 09:52:32 - [TEST_STEP][PASSED] - click: Object: 'Object Repository/Page_KiboPush  Create Broadcast/div_File' is clicked on

2019-04-23 09:52:33 - [MESSAGE][PASSED] - Object: 'Object Repository/Page_KiboPush  Create Broadcast/div_File' is clicked on

2019-04-23 09:52:33 - [TEST_STEP][PASSED] - verifyElementPresent: Object 'Object Repository/Page_KiboPush  Create Broadcast/h4_File' is present

2019-04-23 09:52:33 - [MESSAGE][PASSED] - Object 'Object Repository/Page_KiboPush  Create Broadcast/h4_File' is present

2019-04-23 09:52:33 - [TEST_STEP][PASSED] - delay: Delayed 3 second(s)

2019-04-23 09:52:36 - [MESSAGE][PASSED] - Delayed 3 second(s)

2019-04-23 09:52:36 - [MESSAGE][PASSED] - Call Test Case 'Test Cases/Broadcasts/TC0171' successfully

2019-04-23 09:52:36 - [TEST_STEP][PASSED] - click: Object: 'Object Repository/Page_KiboPush  Create Broadcast/button_Next (9)' is clicked on

2019-04-23 09:52:36 - [MESSAGE][PASSED] - Object: 'Object Repository/Page_KiboPush  Create Broadcast/button_Next (9)' is clicked on

2019-04-23 09:52:36 - [TEST_STEP][PASSED] - delay: Delayed 3 second(s)

2019-04-23 09:52:39 - [MESSAGE][PASSED] - Delayed 3 second(s)

2019-04-23 09:52:39 - [TEST_STEP][PASSED] - click: Object: 'Object Repository/Page_KiboPush  Create Broadcast/div_Select a valid file' is clicked on

2019-04-23 09:52:40 - [MESSAGE][PASSED] - Object: 'Object Repository/Page_KiboPush  Create Broadcast/div_Select a valid file' is clicked on]]></system-out>
         <system-err><![CDATA[]]></system-err>
      </testcase>
      <testcase name="Test Cases/Broadcasts/TC0173" classname="Test Cases/Broadcasts/TC0173" status="PASSED">
         <system-out><![CDATA[2019-04-23 09:52:40 - [TEST_CASE][PASSED] - Test Cases/Broadcasts/TC0173: Test Cases/Broadcasts/TC0173

2019-04-23 09:52:40 - [TEST_STEP][PASSED] - callTestCase: Call Test Case 'Test Cases/Broadcasts/TC0171' successfully

2019-04-23 09:52:40 - [TEST_CASE][PASSED] - Test Cases/Broadcasts/TC0171: Test Cases/Broadcasts/TC0171

2019-04-23 09:52:40 - [TEST_STEP][PASSED] - callTestCase: Call Test Case 'Test Cases/s-sidebar_navigation/TeamAccount/Broadcasts' successfully

2019-04-23 09:52:40 - [TEST_CASE][PASSED] - Test Cases/s-sidebar_navigation/TeamAccount/Broadcasts: Test Cases/s-sidebar_navigation/TeamAccount/Broadcasts

2019-04-23 09:52:40 - [TEST_STEP][PASSED] - callTestCase: Call Test Case 'Test Cases/s-sidebar_navigation/individualAccount/broadcast' successfully

2019-04-23 09:52:40 - [TEST_CASE][PASSED] - Test Cases/s-sidebar_navigation/individualAccount/broadcast: Test Cases/s-sidebar_navigation/individualAccount/broadcast

2019-04-23 09:52:40 - [TEST_STEP][PASSED] - click: Object: 'Object Repository/Page_KiboPush  Dashboard/span_Polls' is clicked on

2019-04-23 09:52:41 - [MESSAGE][PASSED] - Object: 'Object Repository/Page_KiboPush  Dashboard/span_Polls' is clicked on

2019-04-23 09:52:41 - [TEST_STEP][PASSED] - delay: Delayed 1 second(s)

2019-04-23 09:52:42 - [MESSAGE][PASSED] - Delayed 1 second(s)

2019-04-23 09:52:42 - [TEST_STEP][PASSED] - click: Object: 'Object Repository/Page_KiboPush  Dashboard/span_Broadcasts' is clicked on

2019-04-23 09:52:42 - [MESSAGE][PASSED] - Object: 'Object Repository/Page_KiboPush  Dashboard/span_Broadcasts' is clicked on

2019-04-23 09:52:42 - [TEST_STEP][PASSED] - delay: Delayed 1 second(s)

2019-04-23 09:52:43 - [MESSAGE][PASSED] - Delayed 1 second(s)

2019-04-23 09:52:43 - [TEST_STEP][PASSED] - scrollToPosition: Browser is scrolled to position x = 0, y = 0

2019-04-23 09:52:43 - [MESSAGE][PASSED] - Browser is scrolled to position x = 0, y = 0

2019-04-23 09:52:43 - [TEST_STEP][PASSED] - click: Object: 'Object Repository/Page_KiboPush  Broadcast/h3_Manage Broadcasts' is clicked on

2019-04-23 09:52:44 - [MESSAGE][PASSED] - Object: 'Object Repository/Page_KiboPush  Broadcast/h3_Manage Broadcasts' is clicked on

2019-04-23 09:52:44 - [MESSAGE][PASSED] - Call Test Case 'Test Cases/s-sidebar_navigation/individualAccount/broadcast' successfully

2019-04-23 09:52:44 - [MESSAGE][PASSED] - Call Test Case 'Test Cases/s-sidebar_navigation/TeamAccount/Broadcasts' successfully

2019-04-23 09:52:44 - [TEST_STEP][PASSED] - click: Object: 'Object Repository/Page_KiboPush  Broadcast/span_Create New Broadcast' is clicked on

2019-04-23 09:52:45 - [MESSAGE][PASSED] - Object: 'Object Repository/Page_KiboPush  Broadcast/span_Create New Broadcast' is clicked on

2019-04-23 09:52:45 - [TEST_STEP][PASSED] - click: Object: 'Object Repository/Page_KiboPush  Broadcast/a_Create New Broadcast' is clicked on

2019-04-23 09:52:45 - [MESSAGE][PASSED] - Object: 'Object Repository/Page_KiboPush  Broadcast/a_Create New Broadcast' is clicked on

2019-04-23 09:52:45 - [TEST_STEP][PASSED] - delay: Delayed 1 second(s)

2019-04-23 09:52:47 - [MESSAGE][PASSED] - Delayed 1 second(s)

2019-04-23 09:52:47 - [TEST_STEP][PASSED] - click: Object: 'Object Repository/Page_KiboPush  Create Broadcast/div_File' is clicked on

2019-04-23 09:52:47 - [MESSAGE][PASSED] - Object: 'Object Repository/Page_KiboPush  Create Broadcast/div_File' is clicked on

2019-04-23 09:52:47 - [TEST_STEP][PASSED] - verifyElementPresent: Object 'Object Repository/Page_KiboPush  Create Broadcast/h4_File' is present

2019-04-23 09:52:47 - [MESSAGE][PASSED] - Object 'Object Repository/Page_KiboPush  Create Broadcast/h4_File' is present

2019-04-23 09:52:47 - [TEST_STEP][PASSED] - delay: Delayed 3 second(s)

2019-04-23 09:52:50 - [MESSAGE][PASSED] - Delayed 3 second(s)

2019-04-23 09:52:50 - [MESSAGE][PASSED] - Call Test Case 'Test Cases/Broadcasts/TC0171' successfully

2019-04-23 09:52:50 - [TEST_STEP][PASSED] - Statement - file = com.kms.katalon.core.configuration.RunConfiguration.getProjectDir() + "/sampleFile.csv": null

2019-04-23 09:52:50 - [TEST_STEP][PASSED] - uploadFile: File 'C:/Users/cloudkibo/Desktop/KiboPush_Automated_Testing/KiboPush Katalon/sampleFile.csv' sent to object: 'Object Repository/Page_KiboPush  Create Broadcast/input_file'

2019-04-23 09:52:51 - [MESSAGE][PASSED] - File 'C:/Users/cloudkibo/Desktop/KiboPush_Automated_Testing/KiboPush Katalon/sampleFile.csv' sent to object: 'Object Repository/Page_KiboPush  Create Broadcast/input_file']]></system-out>
         <system-err><![CDATA[]]></system-err>
      </testcase>
      <testcase name="Test Cases/Broadcasts/TC0175" classname="Test Cases/Broadcasts/TC0175" status="PASSED">
         <system-out><![CDATA[2019-04-23 09:52:51 - [TEST_CASE][PASSED] - Test Cases/Broadcasts/TC0175: Test Cases/Broadcasts/TC0175

2019-04-23 09:52:51 - [TEST_STEP][PASSED] - callTestCase: Call Test Case 'Test Cases/s-sidebar_navigation/TeamAccount/Broadcasts' successfully

2019-04-23 09:52:51 - [TEST_CASE][PASSED] - Test Cases/s-sidebar_navigation/TeamAccount/Broadcasts: Test Cases/s-sidebar_navigation/TeamAccount/Broadcasts

2019-04-23 09:52:51 - [TEST_STEP][PASSED] - callTestCase: Call Test Case 'Test Cases/s-sidebar_navigation/individualAccount/broadcast' successfully

2019-04-23 09:52:51 - [TEST_CASE][PASSED] - Test Cases/s-sidebar_navigation/individualAccount/broadcast: Test Cases/s-sidebar_navigation/individualAccount/broadcast

2019-04-23 09:52:51 - [TEST_STEP][PASSED] - click: Object: 'Object Repository/Page_KiboPush  Dashboard/span_Polls' is clicked on

2019-04-23 09:52:51 - [MESSAGE][PASSED] - Object: 'Object Repository/Page_KiboPush  Dashboard/span_Polls' is clicked on

2019-04-23 09:52:51 - [TEST_STEP][PASSED] - delay: Delayed 1 second(s)

2019-04-23 09:52:52 - [MESSAGE][PASSED] - Delayed 1 second(s)

2019-04-23 09:52:52 - [TEST_STEP][PASSED] - click: Object: 'Object Repository/Page_KiboPush  Dashboard/span_Broadcasts' is clicked on

2019-04-23 09:52:53 - [MESSAGE][PASSED] - Object: 'Object Repository/Page_KiboPush  Dashboard/span_Broadcasts' is clicked on

2019-04-23 09:52:53 - [TEST_STEP][PASSED] - delay: Delayed 1 second(s)

2019-04-23 09:52:54 - [MESSAGE][PASSED] - Delayed 1 second(s)

2019-04-23 09:52:54 - [TEST_STEP][PASSED] - scrollToPosition: Browser is scrolled to position x = 0, y = 0

2019-04-23 09:52:54 - [MESSAGE][PASSED] - Browser is scrolled to position x = 0, y = 0

2019-04-23 09:52:54 - [TEST_STEP][PASSED] - click: Object: 'Object Repository/Page_KiboPush  Broadcast/h3_Manage Broadcasts' is clicked on

2019-04-23 09:52:55 - [MESSAGE][PASSED] - Object: 'Object Repository/Page_KiboPush  Broadcast/h3_Manage Broadcasts' is clicked on

2019-04-23 09:52:55 - [MESSAGE][PASSED] - Call Test Case 'Test Cases/s-sidebar_navigation/individualAccount/broadcast' successfully

2019-04-23 09:52:55 - [MESSAGE][PASSED] - Call Test Case 'Test Cases/s-sidebar_navigation/TeamAccount/Broadcasts' successfully

2019-04-23 09:52:55 - [TEST_STEP][PASSED] - click: Object: 'Object Repository/Page_KiboPush  Broadcast/span_Create New Broadcast' is clicked on

2019-04-23 09:52:55 - [MESSAGE][PASSED] - Object: 'Object Repository/Page_KiboPush  Broadcast/span_Create New Broadcast' is clicked on

2019-04-23 09:52:55 - [TEST_STEP][PASSED] - click: Object: 'Object Repository/Page_KiboPush  Broadcast/a_Create New Broadcast' is clicked on

2019-04-23 09:52:56 - [MESSAGE][PASSED] - Object: 'Object Repository/Page_KiboPush  Broadcast/a_Create New Broadcast' is clicked on

2019-04-23 09:52:56 - [TEST_STEP][PASSED] - delay: Delayed 1 second(s)

2019-04-23 09:52:57 - [MESSAGE][PASSED] - Delayed 1 second(s)

2019-04-23 09:52:57 - [TEST_STEP][PASSED] - click: Object: 'Object Repository/Page_KiboPush  Create Broadcast/div_Media' is clicked on

2019-04-23 09:52:58 - [MESSAGE][PASSED] - Object: 'Object Repository/Page_KiboPush  Create Broadcast/div_Media' is clicked on

2019-04-23 09:52:58 - [TEST_STEP][PASSED] - verifyElementPresent: Object 'Object Repository/Page_KiboPush  Create Broadcast/div_Media_1' is present

2019-04-23 09:52:58 - [MESSAGE][PASSED] - Object 'Object Repository/Page_KiboPush  Create Broadcast/div_Media_1' is present

2019-04-23 09:52:58 - [TEST_STEP][PASSED] - delay: Delayed 3 second(s)

2019-04-23 09:53:01 - [MESSAGE][PASSED] - Delayed 3 second(s)]]></system-out>
         <system-err><![CDATA[]]></system-err>
      </testcase>
      <testcase name="Test Cases/Broadcasts/TC0176" classname="Test Cases/Broadcasts/TC0176" status="PASSED">
         <system-out><![CDATA[2019-04-23 09:53:01 - [TEST_CASE][PASSED] - Test Cases/Broadcasts/TC0176: Test Cases/Broadcasts/TC0176

2019-04-23 09:53:02 - [TEST_STEP][PASSED] - callTestCase: Call Test Case 'Test Cases/Broadcasts/TC0175' successfully

2019-04-23 09:53:02 - [TEST_CASE][PASSED] - Test Cases/Broadcasts/TC0175: Test Cases/Broadcasts/TC0175

2019-04-23 09:53:02 - [TEST_STEP][PASSED] - callTestCase: Call Test Case 'Test Cases/s-sidebar_navigation/TeamAccount/Broadcasts' successfully

2019-04-23 09:53:02 - [TEST_CASE][PASSED] - Test Cases/s-sidebar_navigation/TeamAccount/Broadcasts: Test Cases/s-sidebar_navigation/TeamAccount/Broadcasts

2019-04-23 09:53:02 - [TEST_STEP][PASSED] - callTestCase: Call Test Case 'Test Cases/s-sidebar_navigation/individualAccount/broadcast' successfully

2019-04-23 09:53:02 - [TEST_CASE][PASSED] - Test Cases/s-sidebar_navigation/individualAccount/broadcast: Test Cases/s-sidebar_navigation/individualAccount/broadcast

2019-04-23 09:53:02 - [TEST_STEP][PASSED] - click: Object: 'Object Repository/Page_KiboPush  Dashboard/span_Polls' is clicked on

2019-04-23 09:53:02 - [MESSAGE][PASSED] - Object: 'Object Repository/Page_KiboPush  Dashboard/span_Polls' is clicked on

2019-04-23 09:53:02 - [TEST_STEP][PASSED] - delay: Delayed 1 second(s)

2019-04-23 09:53:03 - [MESSAGE][PASSED] - Delayed 1 second(s)

2019-04-23 09:53:03 - [TEST_STEP][PASSED] - click: Object: 'Object Repository/Page_KiboPush  Dashboard/span_Broadcasts' is clicked on

2019-04-23 09:53:04 - [MESSAGE][PASSED] - Object: 'Object Repository/Page_KiboPush  Dashboard/span_Broadcasts' is clicked on

2019-04-23 09:53:04 - [TEST_STEP][PASSED] - delay: Delayed 1 second(s)

2019-04-23 09:53:05 - [MESSAGE][PASSED] - Delayed 1 second(s)

2019-04-23 09:53:05 - [TEST_STEP][PASSED] - scrollToPosition: Browser is scrolled to position x = 0, y = 0

2019-04-23 09:53:05 - [MESSAGE][PASSED] - Browser is scrolled to position x = 0, y = 0

2019-04-23 09:53:05 - [TEST_STEP][PASSED] - click: Object: 'Object Repository/Page_KiboPush  Broadcast/h3_Manage Broadcasts' is clicked on

2019-04-23 09:53:05 - [MESSAGE][PASSED] - Object: 'Object Repository/Page_KiboPush  Broadcast/h3_Manage Broadcasts' is clicked on

2019-04-23 09:53:05 - [MESSAGE][PASSED] - Call Test Case 'Test Cases/s-sidebar_navigation/individualAccount/broadcast' successfully

2019-04-23 09:53:05 - [MESSAGE][PASSED] - Call Test Case 'Test Cases/s-sidebar_navigation/TeamAccount/Broadcasts' successfully

2019-04-23 09:53:05 - [TEST_STEP][PASSED] - click: Object: 'Object Repository/Page_KiboPush  Broadcast/span_Create New Broadcast' is clicked on

2019-04-23 09:53:06 - [MESSAGE][PASSED] - Object: 'Object Repository/Page_KiboPush  Broadcast/span_Create New Broadcast' is clicked on

2019-04-23 09:53:06 - [TEST_STEP][PASSED] - click: Object: 'Object Repository/Page_KiboPush  Broadcast/a_Create New Broadcast' is clicked on

2019-04-23 09:53:07 - [MESSAGE][PASSED] - Object: 'Object Repository/Page_KiboPush  Broadcast/a_Create New Broadcast' is clicked on

2019-04-23 09:53:07 - [TEST_STEP][PASSED] - delay: Delayed 1 second(s)

2019-04-23 09:53:08 - [MESSAGE][PASSED] - Delayed 1 second(s)

2019-04-23 09:53:08 - [TEST_STEP][PASSED] - click: Object: 'Object Repository/Page_KiboPush  Create Broadcast/div_Media' is clicked on

2019-04-23 09:53:09 - [MESSAGE][PASSED] - Object: 'Object Repository/Page_KiboPush  Create Broadcast/div_Media' is clicked on

2019-04-23 09:53:09 - [TEST_STEP][PASSED] - verifyElementPresent: Object 'Object Repository/Page_KiboPush  Create Broadcast/div_Media_1' is present

2019-04-23 09:53:09 - [MESSAGE][PASSED] - Object 'Object Repository/Page_KiboPush  Create Broadcast/div_Media_1' is present

2019-04-23 09:53:09 - [TEST_STEP][PASSED] - delay: Delayed 3 second(s)

2019-04-23 09:53:12 - [MESSAGE][PASSED] - Delayed 3 second(s)

2019-04-23 09:53:12 - [MESSAGE][PASSED] - Call Test Case 'Test Cases/Broadcasts/TC0175' successfully

2019-04-23 09:53:12 - [TEST_STEP][PASSED] - scrollToPosition: Browser is scrolled to position x = 0, y = 0

2019-04-23 09:53:12 - [MESSAGE][PASSED] - Browser is scrolled to position x = 0, y = 0

2019-04-23 09:53:12 - [TEST_STEP][PASSED] - click: Object: 'Object Repository/Page_KiboPush  Create Broadcast/button_Next (11) (1)' is clicked on

2019-04-23 09:53:13 - [MESSAGE][PASSED] - Object: 'Object Repository/Page_KiboPush  Create Broadcast/button_Next (11) (1)' is clicked on

2019-04-23 09:53:13 - [TEST_STEP][PASSED] - delay: Delayed 3 second(s)

2019-04-23 09:53:16 - [MESSAGE][PASSED] - Delayed 3 second(s)

2019-04-23 09:53:16 - [TEST_STEP][PASSED] - click: Object: 'Object Repository/Page_KiboPush  Create Broadcast/div_Select an image or video' is clicked on

2019-04-23 09:53:16 - [MESSAGE][PASSED] - Object: 'Object Repository/Page_KiboPush  Create Broadcast/div_Select an image or video' is clicked on]]></system-out>
         <system-err><![CDATA[]]></system-err>
      </testcase>
      <testcase name="Test Cases/Broadcasts/TC0177" classname="Test Cases/Broadcasts/TC0177" status="PASSED">
         <system-out><![CDATA[2019-04-23 09:53:16 - [TEST_CASE][PASSED] - Test Cases/Broadcasts/TC0177: Test Cases/Broadcasts/TC0177

2019-04-23 09:53:16 - [TEST_STEP][PASSED] - callTestCase: Call Test Case 'Test Cases/Broadcasts/TC0175' successfully

2019-04-23 09:53:16 - [TEST_CASE][PASSED] - Test Cases/Broadcasts/TC0175: Test Cases/Broadcasts/TC0175

2019-04-23 09:53:16 - [TEST_STEP][PASSED] - callTestCase: Call Test Case 'Test Cases/s-sidebar_navigation/TeamAccount/Broadcasts' successfully

2019-04-23 09:53:17 - [TEST_CASE][PASSED] - Test Cases/s-sidebar_navigation/TeamAccount/Broadcasts: Test Cases/s-sidebar_navigation/TeamAccount/Broadcasts

2019-04-23 09:53:17 - [TEST_STEP][PASSED] - callTestCase: Call Test Case 'Test Cases/s-sidebar_navigation/individualAccount/broadcast' successfully

2019-04-23 09:53:17 - [TEST_CASE][PASSED] - Test Cases/s-sidebar_navigation/individualAccount/broadcast: Test Cases/s-sidebar_navigation/individualAccount/broadcast

2019-04-23 09:53:17 - [TEST_STEP][PASSED] - click: Object: 'Object Repository/Page_KiboPush  Dashboard/span_Polls' is clicked on

2019-04-23 09:53:17 - [MESSAGE][PASSED] - Object: 'Object Repository/Page_KiboPush  Dashboard/span_Polls' is clicked on

2019-04-23 09:53:17 - [TEST_STEP][PASSED] - delay: Delayed 1 second(s)

2019-04-23 09:53:18 - [MESSAGE][PASSED] - Delayed 1 second(s)

2019-04-23 09:53:18 - [TEST_STEP][PASSED] - click: Object: 'Object Repository/Page_KiboPush  Dashboard/span_Broadcasts' is clicked on

2019-04-23 09:53:19 - [MESSAGE][PASSED] - Object: 'Object Repository/Page_KiboPush  Dashboard/span_Broadcasts' is clicked on

2019-04-23 09:53:19 - [TEST_STEP][PASSED] - delay: Delayed 1 second(s)

2019-04-23 09:53:20 - [MESSAGE][PASSED] - Delayed 1 second(s)

2019-04-23 09:53:20 - [TEST_STEP][PASSED] - scrollToPosition: Browser is scrolled to position x = 0, y = 0

2019-04-23 09:53:20 - [MESSAGE][PASSED] - Browser is scrolled to position x = 0, y = 0

2019-04-23 09:53:20 - [TEST_STEP][PASSED] - click: Object: 'Object Repository/Page_KiboPush  Broadcast/h3_Manage Broadcasts' is clicked on

2019-04-23 09:53:21 - [MESSAGE][PASSED] - Object: 'Object Repository/Page_KiboPush  Broadcast/h3_Manage Broadcasts' is clicked on

2019-04-23 09:53:21 - [MESSAGE][PASSED] - Call Test Case 'Test Cases/s-sidebar_navigation/individualAccount/broadcast' successfully

2019-04-23 09:53:21 - [MESSAGE][PASSED] - Call Test Case 'Test Cases/s-sidebar_navigation/TeamAccount/Broadcasts' successfully

2019-04-23 09:53:21 - [TEST_STEP][PASSED] - click: Object: 'Object Repository/Page_KiboPush  Broadcast/span_Create New Broadcast' is clicked on

2019-04-23 09:53:21 - [MESSAGE][PASSED] - Object: 'Object Repository/Page_KiboPush  Broadcast/span_Create New Broadcast' is clicked on

2019-04-23 09:53:21 - [TEST_STEP][PASSED] - click: Object: 'Object Repository/Page_KiboPush  Broadcast/a_Create New Broadcast' is clicked on

2019-04-23 09:53:22 - [MESSAGE][PASSED] - Object: 'Object Repository/Page_KiboPush  Broadcast/a_Create New Broadcast' is clicked on

2019-04-23 09:53:22 - [TEST_STEP][PASSED] - delay: Delayed 1 second(s)

2019-04-23 09:53:23 - [MESSAGE][PASSED] - Delayed 1 second(s)

2019-04-23 09:53:23 - [TEST_STEP][PASSED] - click: Object: 'Object Repository/Page_KiboPush  Create Broadcast/div_Media' is clicked on

2019-04-23 09:53:24 - [MESSAGE][PASSED] - Object: 'Object Repository/Page_KiboPush  Create Broadcast/div_Media' is clicked on

2019-04-23 09:53:24 - [TEST_STEP][PASSED] - verifyElementPresent: Object 'Object Repository/Page_KiboPush  Create Broadcast/div_Media_1' is present

2019-04-23 09:53:24 - [MESSAGE][PASSED] - Object 'Object Repository/Page_KiboPush  Create Broadcast/div_Media_1' is present

2019-04-23 09:53:24 - [TEST_STEP][PASSED] - delay: Delayed 3 second(s)

2019-04-23 09:53:27 - [MESSAGE][PASSED] - Delayed 3 second(s)

2019-04-23 09:53:27 - [MESSAGE][PASSED] - Call Test Case 'Test Cases/Broadcasts/TC0175' successfully

2019-04-23 09:53:27 - [TEST_STEP][PASSED] - click: Object: 'Object Repository/Page_KiboPush  Create Broadcast/div_ Add Button' is clicked on

2019-04-23 09:53:28 - [MESSAGE][PASSED] - Object: 'Object Repository/Page_KiboPush  Create Broadcast/div_ Add Button' is clicked on

2019-04-23 09:53:28 - [TEST_STEP][PASSED] - setText: Text 'KiboPush' is set on object 'Object Repository/Page_KiboPush  Create Broadcast/input_form-control'

2019-04-23 09:53:28 - [MESSAGE][PASSED] - Text 'KiboPush' is set on object 'Object Repository/Page_KiboPush  Create Broadcast/input_form-control'

2019-04-23 09:53:28 - [TEST_STEP][PASSED] - click: Object: 'Object Repository/Page_KiboPush  Create Broadcast/div_Open a website' is clicked on

2019-04-23 09:53:28 - [MESSAGE][PASSED] - Object: 'Object Repository/Page_KiboPush  Create Broadcast/div_Open a website' is clicked on

2019-04-23 09:53:28 - [TEST_STEP][PASSED] - setText: Text 'kibopush.com' is set on object 'Object Repository/Page_KiboPush  Create Broadcast/input_form-control_1'

2019-04-23 09:53:29 - [MESSAGE][PASSED] - Text 'kibopush.com' is set on object 'Object Repository/Page_KiboPush  Create Broadcast/input_form-control_1'

2019-04-23 09:53:29 - [TEST_STEP][PASSED] - click: Object: 'Object Repository/Page_KiboPush  Create Broadcast/button_Done' is clicked on

2019-04-23 09:53:30 - [MESSAGE][PASSED] - Object: 'Object Repository/Page_KiboPush  Create Broadcast/button_Done' is clicked on]]></system-out>
         <system-err><![CDATA[]]></system-err>
      </testcase>
      <testcase name="Test Cases/Broadcasts/TC0178" classname="Test Cases/Broadcasts/TC0178" status="PASSED">
         <system-out><![CDATA[2019-04-23 09:53:30 - [TEST_CASE][PASSED] - Test Cases/Broadcasts/TC0178: Test Cases/Broadcasts/TC0178

2019-04-23 09:53:30 - [TEST_STEP][PASSED] - callTestCase: Call Test Case 'Test Cases/Broadcasts/TC0175' successfully

2019-04-23 09:53:30 - [TEST_CASE][PASSED] - Test Cases/Broadcasts/TC0175: Test Cases/Broadcasts/TC0175

2019-04-23 09:53:30 - [TEST_STEP][PASSED] - callTestCase: Call Test Case 'Test Cases/s-sidebar_navigation/TeamAccount/Broadcasts' successfully

2019-04-23 09:53:30 - [TEST_CASE][PASSED] - Test Cases/s-sidebar_navigation/TeamAccount/Broadcasts: Test Cases/s-sidebar_navigation/TeamAccount/Broadcasts

2019-04-23 09:53:31 - [TEST_STEP][PASSED] - callTestCase: Call Test Case 'Test Cases/s-sidebar_navigation/individualAccount/broadcast' successfully

2019-04-23 09:53:31 - [TEST_CASE][PASSED] - Test Cases/s-sidebar_navigation/individualAccount/broadcast: Test Cases/s-sidebar_navigation/individualAccount/broadcast

2019-04-23 09:53:31 - [TEST_STEP][PASSED] - click: Object: 'Object Repository/Page_KiboPush  Dashboard/span_Polls' is clicked on

2019-04-23 09:53:31 - [MESSAGE][PASSED] - Object: 'Object Repository/Page_KiboPush  Dashboard/span_Polls' is clicked on

2019-04-23 09:53:31 - [TEST_STEP][PASSED] - delay: Delayed 1 second(s)

2019-04-23 09:53:32 - [MESSAGE][PASSED] - Delayed 1 second(s)

2019-04-23 09:53:32 - [TEST_STEP][PASSED] - click: Object: 'Object Repository/Page_KiboPush  Dashboard/span_Broadcasts' is clicked on

2019-04-23 09:53:33 - [MESSAGE][PASSED] - Object: 'Object Repository/Page_KiboPush  Dashboard/span_Broadcasts' is clicked on

2019-04-23 09:53:33 - [TEST_STEP][PASSED] - delay: Delayed 1 second(s)

2019-04-23 09:53:34 - [MESSAGE][PASSED] - Delayed 1 second(s)

2019-04-23 09:53:34 - [TEST_STEP][PASSED] - scrollToPosition: Browser is scrolled to position x = 0, y = 0

2019-04-23 09:53:34 - [MESSAGE][PASSED] - Browser is scrolled to position x = 0, y = 0

2019-04-23 09:53:34 - [TEST_STEP][PASSED] - click: Object: 'Object Repository/Page_KiboPush  Broadcast/h3_Manage Broadcasts' is clicked on

2019-04-23 09:53:35 - [MESSAGE][PASSED] - Object: 'Object Repository/Page_KiboPush  Broadcast/h3_Manage Broadcasts' is clicked on

2019-04-23 09:53:35 - [MESSAGE][PASSED] - Call Test Case 'Test Cases/s-sidebar_navigation/individualAccount/broadcast' successfully

2019-04-23 09:53:35 - [MESSAGE][PASSED] - Call Test Case 'Test Cases/s-sidebar_navigation/TeamAccount/Broadcasts' successfully

2019-04-23 09:53:35 - [TEST_STEP][PASSED] - click: Object: 'Object Repository/Page_KiboPush  Broadcast/span_Create New Broadcast' is clicked on

2019-04-23 09:53:35 - [MESSAGE][PASSED] - Object: 'Object Repository/Page_KiboPush  Broadcast/span_Create New Broadcast' is clicked on

2019-04-23 09:53:35 - [TEST_STEP][PASSED] - click: Object: 'Object Repository/Page_KiboPush  Broadcast/a_Create New Broadcast' is clicked on

2019-04-23 09:53:36 - [MESSAGE][PASSED] - Object: 'Object Repository/Page_KiboPush  Broadcast/a_Create New Broadcast' is clicked on

2019-04-23 09:53:36 - [TEST_STEP][PASSED] - delay: Delayed 1 second(s)

2019-04-23 09:53:37 - [MESSAGE][PASSED] - Delayed 1 second(s)

2019-04-23 09:53:38 - [TEST_STEP][PASSED] - click: Object: 'Object Repository/Page_KiboPush  Create Broadcast/div_Media' is clicked on

2019-04-23 09:53:38 - [MESSAGE][PASSED] - Object: 'Object Repository/Page_KiboPush  Create Broadcast/div_Media' is clicked on

2019-04-23 09:53:38 - [TEST_STEP][PASSED] - verifyElementPresent: Object 'Object Repository/Page_KiboPush  Create Broadcast/div_Media_1' is present

2019-04-23 09:53:38 - [MESSAGE][PASSED] - Object 'Object Repository/Page_KiboPush  Create Broadcast/div_Media_1' is present

2019-04-23 09:53:38 - [TEST_STEP][PASSED] - delay: Delayed 3 second(s)

2019-04-23 09:53:41 - [MESSAGE][PASSED] - Delayed 3 second(s)

2019-04-23 09:53:41 - [MESSAGE][PASSED] - Call Test Case 'Test Cases/Broadcasts/TC0175' successfully

2019-04-23 09:53:41 - [TEST_STEP][PASSED] - Statement - img = com.kms.katalon.core.configuration.RunConfiguration.getProjectDir() + "/sample.jpg": null

2019-04-23 09:53:41 - [TEST_STEP][PASSED] - uploadFile: File 'C:/Users/cloudkibo/Desktop/KiboPush_Automated_Testing/KiboPush Katalon/sample.jpg' sent to object: 'Object Repository/Page_KiboPush  Create Broadcast/input_file'

2019-04-23 09:53:42 - [MESSAGE][PASSED] - File 'C:/Users/cloudkibo/Desktop/KiboPush_Automated_Testing/KiboPush Katalon/sample.jpg' sent to object: 'Object Repository/Page_KiboPush  Create Broadcast/input_file']]></system-out>
         <system-err><![CDATA[]]></system-err>
      </testcase>
      <testcase name="Test Cases/Broadcasts/TC0182" classname="Test Cases/Broadcasts/TC0182" status="PASSED">
         <system-out><![CDATA[2019-04-23 09:53:42 - [TEST_CASE][PASSED] - Test Cases/Broadcasts/TC0182: Test Cases/Broadcasts/TC0182

2019-04-23 09:53:42 - [TEST_STEP][PASSED] - callTestCase: Call Test Case 'Test Cases/Broadcasts/TC0131' successfully

2019-04-23 09:53:42 - [TEST_CASE][PASSED] - Test Cases/Broadcasts/TC0131: Test Cases/Broadcasts/TC0131

2019-04-23 09:53:42 - [TEST_STEP][PASSED] - callTestCase: Call Test Case 'Test Cases/s-sidebar_navigation/TeamAccount/Broadcasts' successfully

2019-04-23 09:53:42 - [TEST_CASE][PASSED] - Test Cases/s-sidebar_navigation/TeamAccount/Broadcasts: Test Cases/s-sidebar_navigation/TeamAccount/Broadcasts

2019-04-23 09:53:42 - [TEST_STEP][PASSED] - callTestCase: Call Test Case 'Test Cases/s-sidebar_navigation/individualAccount/broadcast' successfully

2019-04-23 09:53:43 - [TEST_CASE][PASSED] - Test Cases/s-sidebar_navigation/individualAccount/broadcast: Test Cases/s-sidebar_navigation/individualAccount/broadcast

2019-04-23 09:53:43 - [TEST_STEP][PASSED] - click: Object: 'Object Repository/Page_KiboPush  Dashboard/span_Polls' is clicked on

2019-04-23 09:53:43 - [MESSAGE][PASSED] - Object: 'Object Repository/Page_KiboPush  Dashboard/span_Polls' is clicked on

2019-04-23 09:53:43 - [TEST_STEP][PASSED] - delay: Delayed 1 second(s)

2019-04-23 09:53:44 - [MESSAGE][PASSED] - Delayed 1 second(s)

2019-04-23 09:53:44 - [TEST_STEP][PASSED] - click: Object: 'Object Repository/Page_KiboPush  Dashboard/span_Broadcasts' is clicked on

2019-04-23 09:53:45 - [MESSAGE][PASSED] - Object: 'Object Repository/Page_KiboPush  Dashboard/span_Broadcasts' is clicked on

2019-04-23 09:53:45 - [TEST_STEP][PASSED] - delay: Delayed 1 second(s)

2019-04-23 09:53:46 - [MESSAGE][PASSED] - Delayed 1 second(s)

2019-04-23 09:53:46 - [TEST_STEP][PASSED] - scrollToPosition: Browser is scrolled to position x = 0, y = 0

2019-04-23 09:53:46 - [MESSAGE][PASSED] - Browser is scrolled to position x = 0, y = 0

2019-04-23 09:53:46 - [TEST_STEP][PASSED] - click: Object: 'Object Repository/Page_KiboPush  Broadcast/h3_Manage Broadcasts' is clicked on

2019-04-23 09:53:46 - [MESSAGE][PASSED] - Object: 'Object Repository/Page_KiboPush  Broadcast/h3_Manage Broadcasts' is clicked on

2019-04-23 09:53:46 - [MESSAGE][PASSED] - Call Test Case 'Test Cases/s-sidebar_navigation/individualAccount/broadcast' successfully

2019-04-23 09:53:46 - [MESSAGE][PASSED] - Call Test Case 'Test Cases/s-sidebar_navigation/TeamAccount/Broadcasts' successfully

2019-04-23 09:53:46 - [TEST_STEP][PASSED] - click: Object: 'Object Repository/Page_KiboPush  Broadcast/span_Create New Broadcast' is clicked on

2019-04-23 09:53:47 - [MESSAGE][PASSED] - Object: 'Object Repository/Page_KiboPush  Broadcast/span_Create New Broadcast' is clicked on

2019-04-23 09:53:47 - [TEST_STEP][PASSED] - click: Object: 'Object Repository/Page_KiboPush  Broadcast/a_Create New Broadcast' is clicked on

2019-04-23 09:53:48 - [MESSAGE][PASSED] - Object: 'Object Repository/Page_KiboPush  Broadcast/a_Create New Broadcast' is clicked on

2019-04-23 09:53:48 - [TEST_STEP][PASSED] - delay: Delayed 1 second(s)

2019-04-23 09:53:49 - [MESSAGE][PASSED] - Delayed 1 second(s)

2019-04-23 09:53:49 - [TEST_STEP][PASSED] - click: Object: 'Object Repository/Page_KiboPush  Create Broadcast/div_Text_1' is clicked on

2019-04-23 09:53:50 - [MESSAGE][PASSED] - Object: 'Object Repository/Page_KiboPush  Create Broadcast/div_Text_1' is clicked on

2019-04-23 09:53:50 - [MESSAGE][PASSED] - Call Test Case 'Test Cases/Broadcasts/TC0131' successfully

2019-04-23 09:53:50 - [TEST_STEP][PASSED] - click: Object: 'Object Repository/Page_KiboPush  Create Broadcast/i_fa fa-times fa-stack-2x' is clicked on

2019-04-23 09:53:50 - [MESSAGE][PASSED] - Object: 'Object Repository/Page_KiboPush  Create Broadcast/i_fa fa-times fa-stack-2x' is clicked on

2019-04-23 09:53:50 - [TEST_STEP][PASSED] - verifyElementNotPresent: Web element with id: 'Object Repository/Page_KiboPush  Create Broadcast/text_component' located by 'By.xpath: //*[@id="List1"]/div/div/div[2]/textarea' is not present after '5' second(s)

2019-04-23 09:53:50 - [MESSAGE][PASSED] - Web element with id: 'Object Repository/Page_KiboPush  Create Broadcast/text_component' located by 'By.xpath: //*[@id="List1"]/div/div/div[2]/textarea' is not present after '5' second(s)]]></system-out>
         <system-err><![CDATA[]]></system-err>
      </testcase>
      <testcase name="Test Cases/Broadcasts/TC0183" classname="Test Cases/Broadcasts/TC0183" status="PASSED">
         <system-out><![CDATA[2019-04-23 09:53:50 - [TEST_CASE][PASSED] - Test Cases/Broadcasts/TC0183: Test Cases/Broadcasts/TC0183

2019-04-23 09:53:51 - [TEST_STEP][PASSED] - callTestCase: Call Test Case 'Test Cases/Broadcasts/TC0137' successfully

2019-04-23 09:53:51 - [TEST_CASE][PASSED] - Test Cases/Broadcasts/TC0137: Test Cases/Broadcasts/TC0137

2019-04-23 09:53:51 - [TEST_STEP][PASSED] - callTestCase: Call Test Case 'Test Cases/s-sidebar_navigation/TeamAccount/Broadcasts' successfully

2019-04-23 09:53:51 - [TEST_CASE][PASSED] - Test Cases/s-sidebar_navigation/TeamAccount/Broadcasts: Test Cases/s-sidebar_navigation/TeamAccount/Broadcasts

2019-04-23 09:53:51 - [TEST_STEP][PASSED] - callTestCase: Call Test Case 'Test Cases/s-sidebar_navigation/individualAccount/broadcast' successfully

2019-04-23 09:53:51 - [TEST_CASE][PASSED] - Test Cases/s-sidebar_navigation/individualAccount/broadcast: Test Cases/s-sidebar_navigation/individualAccount/broadcast

2019-04-23 09:53:51 - [TEST_STEP][PASSED] - click: Object: 'Object Repository/Page_KiboPush  Dashboard/span_Polls' is clicked on

2019-04-23 09:53:52 - [MESSAGE][PASSED] - Object: 'Object Repository/Page_KiboPush  Dashboard/span_Polls' is clicked on

2019-04-23 09:53:52 - [TEST_STEP][PASSED] - delay: Delayed 1 second(s)

2019-04-23 09:53:53 - [MESSAGE][PASSED] - Delayed 1 second(s)

2019-04-23 09:53:53 - [TEST_STEP][PASSED] - click: Object: 'Object Repository/Page_KiboPush  Dashboard/span_Broadcasts' is clicked on

2019-04-23 09:53:53 - [MESSAGE][PASSED] - Object: 'Object Repository/Page_KiboPush  Dashboard/span_Broadcasts' is clicked on

2019-04-23 09:53:53 - [TEST_STEP][PASSED] - delay: Delayed 1 second(s)

2019-04-23 09:53:54 - [MESSAGE][PASSED] - Delayed 1 second(s)

2019-04-23 09:53:54 - [TEST_STEP][PASSED] - scrollToPosition: Browser is scrolled to position x = 0, y = 0

2019-04-23 09:53:54 - [MESSAGE][PASSED] - Browser is scrolled to position x = 0, y = 0

2019-04-23 09:53:54 - [TEST_STEP][PASSED] - click: Object: 'Object Repository/Page_KiboPush  Broadcast/h3_Manage Broadcasts' is clicked on

2019-04-23 09:53:55 - [MESSAGE][PASSED] - Object: 'Object Repository/Page_KiboPush  Broadcast/h3_Manage Broadcasts' is clicked on

2019-04-23 09:53:55 - [MESSAGE][PASSED] - Call Test Case 'Test Cases/s-sidebar_navigation/individualAccount/broadcast' successfully

2019-04-23 09:53:55 - [MESSAGE][PASSED] - Call Test Case 'Test Cases/s-sidebar_navigation/TeamAccount/Broadcasts' successfully

2019-04-23 09:53:55 - [TEST_STEP][PASSED] - click: Object: 'Object Repository/Page_KiboPush  Broadcast/span_Create New Broadcast' is clicked on

2019-04-23 09:53:55 - [MESSAGE][PASSED] - Object: 'Object Repository/Page_KiboPush  Broadcast/span_Create New Broadcast' is clicked on

2019-04-23 09:53:55 - [TEST_STEP][PASSED] - click: Object: 'Object Repository/Page_KiboPush  Broadcast/a_Create New Broadcast' is clicked on

2019-04-23 09:53:57 - [MESSAGE][PASSED] - Object: 'Object Repository/Page_KiboPush  Broadcast/a_Create New Broadcast' is clicked on

2019-04-23 09:53:57 - [TEST_STEP][PASSED] - delay: Delayed 1 second(s)

2019-04-23 09:53:58 - [MESSAGE][PASSED] - Delayed 1 second(s)

2019-04-23 09:53:58 - [TEST_STEP][PASSED] - click: Object: 'Object Repository/Page_KiboPush  Create Broadcast/div_Image (2)' is clicked on

2019-04-23 09:53:58 - [MESSAGE][PASSED] - Object: 'Object Repository/Page_KiboPush  Create Broadcast/div_Image (2)' is clicked on

2019-04-23 09:53:58 - [TEST_STEP][PASSED] - delay: Delayed 1 second(s)

2019-04-23 09:53:59 - [MESSAGE][PASSED] - Delayed 1 second(s)

2019-04-23 09:53:59 - [TEST_STEP][PASSED] - verifyElementPresent: Object 'Object Repository/Page_KiboPush  Create Broadcast/div_Image_1' is present

2019-04-23 09:53:59 - [MESSAGE][PASSED] - Object 'Object Repository/Page_KiboPush  Create Broadcast/div_Image_1' is present

2019-04-23 09:53:59 - [MESSAGE][PASSED] - Call Test Case 'Test Cases/Broadcasts/TC0137' successfully

2019-04-23 09:53:59 - [TEST_STEP][PASSED] - click: Object: 'Object Repository/Page_KiboPush  Create Broadcast/i_fa fa-times fa-stack-2x' is clicked on

2019-04-23 09:54:00 - [MESSAGE][PASSED] - Object: 'Object Repository/Page_KiboPush  Create Broadcast/i_fa fa-times fa-stack-2x' is clicked on

2019-04-23 09:54:00 - [TEST_STEP][PASSED] - verifyElementNotPresent: Web element with id: 'Object Repository/Page_KiboPush  Create Broadcast/div_Image_1' located by 'By.xpath: //div[(text() = ' Image ' or . = ' Image ')]' is not present after '5' second(s)

2019-04-23 09:54:00 - [MESSAGE][PASSED] - Web element with id: 'Object Repository/Page_KiboPush  Create Broadcast/div_Image_1' located by 'By.xpath: //div[(text() = ' Image ' or . = ' Image ')]' is not present after '5' second(s)]]></system-out>
         <system-err><![CDATA[]]></system-err>
      </testcase>
      <testcase name="Test Cases/Broadcasts/TC0184" classname="Test Cases/Broadcasts/TC0184" status="PASSED">
         <system-out><![CDATA[2019-04-23 09:54:00 - [TEST_CASE][PASSED] - Test Cases/Broadcasts/TC0184: Test Cases/Broadcasts/TC0184

2019-04-23 09:54:01 - [TEST_STEP][PASSED] - callTestCase: Call Test Case 'Test Cases/Broadcasts/TC0141' successfully

2019-04-23 09:54:01 - [TEST_CASE][PASSED] - Test Cases/Broadcasts/TC0141: Test Cases/Broadcasts/TC0141

2019-04-23 09:54:01 - [TEST_STEP][PASSED] - callTestCase: Call Test Case 'Test Cases/s-sidebar_navigation/TeamAccount/Broadcasts' successfully

2019-04-23 09:54:01 - [TEST_CASE][PASSED] - Test Cases/s-sidebar_navigation/TeamAccount/Broadcasts: Test Cases/s-sidebar_navigation/TeamAccount/Broadcasts

2019-04-23 09:54:01 - [TEST_STEP][PASSED] - callTestCase: Call Test Case 'Test Cases/s-sidebar_navigation/individualAccount/broadcast' successfully

2019-04-23 09:54:01 - [TEST_CASE][PASSED] - Test Cases/s-sidebar_navigation/individualAccount/broadcast: Test Cases/s-sidebar_navigation/individualAccount/broadcast

2019-04-23 09:54:01 - [TEST_STEP][PASSED] - click: Object: 'Object Repository/Page_KiboPush  Dashboard/span_Polls' is clicked on

2019-04-23 09:54:02 - [MESSAGE][PASSED] - Object: 'Object Repository/Page_KiboPush  Dashboard/span_Polls' is clicked on

2019-04-23 09:54:02 - [TEST_STEP][PASSED] - delay: Delayed 1 second(s)

2019-04-23 09:54:03 - [MESSAGE][PASSED] - Delayed 1 second(s)

2019-04-23 09:54:03 - [TEST_STEP][PASSED] - click: Object: 'Object Repository/Page_KiboPush  Dashboard/span_Broadcasts' is clicked on

2019-04-23 09:54:03 - [MESSAGE][PASSED] - Object: 'Object Repository/Page_KiboPush  Dashboard/span_Broadcasts' is clicked on

2019-04-23 09:54:03 - [TEST_STEP][PASSED] - delay: Delayed 1 second(s)

2019-04-23 09:54:04 - [MESSAGE][PASSED] - Delayed 1 second(s)

2019-04-23 09:54:04 - [TEST_STEP][PASSED] - scrollToPosition: Browser is scrolled to position x = 0, y = 0

2019-04-23 09:54:04 - [MESSAGE][PASSED] - Browser is scrolled to position x = 0, y = 0

2019-04-23 09:54:04 - [TEST_STEP][PASSED] - click: Object: 'Object Repository/Page_KiboPush  Broadcast/h3_Manage Broadcasts' is clicked on

2019-04-23 09:54:05 - [MESSAGE][PASSED] - Object: 'Object Repository/Page_KiboPush  Broadcast/h3_Manage Broadcasts' is clicked on

2019-04-23 09:54:05 - [MESSAGE][PASSED] - Call Test Case 'Test Cases/s-sidebar_navigation/individualAccount/broadcast' successfully

2019-04-23 09:54:05 - [MESSAGE][PASSED] - Call Test Case 'Test Cases/s-sidebar_navigation/TeamAccount/Broadcasts' successfully

2019-04-23 09:54:05 - [TEST_STEP][PASSED] - click: Object: 'Object Repository/Page_KiboPush  Broadcast/span_Create New Broadcast' is clicked on

2019-04-23 09:54:06 - [MESSAGE][PASSED] - Object: 'Object Repository/Page_KiboPush  Broadcast/span_Create New Broadcast' is clicked on

2019-04-23 09:54:06 - [TEST_STEP][PASSED] - click: Object: 'Object Repository/Page_KiboPush  Broadcast/a_Create New Broadcast' is clicked on

2019-04-23 09:54:07 - [MESSAGE][PASSED] - Object: 'Object Repository/Page_KiboPush  Broadcast/a_Create New Broadcast' is clicked on

2019-04-23 09:54:07 - [TEST_STEP][PASSED] - delay: Delayed 1 second(s)

2019-04-23 09:54:08 - [MESSAGE][PASSED] - Delayed 1 second(s)

2019-04-23 09:54:08 - [TEST_STEP][PASSED] - click: Object: 'Object Repository/Page_KiboPush  Create Broadcast/div_Card' is clicked on

2019-04-23 09:54:08 - [MESSAGE][PASSED] - Object: 'Object Repository/Page_KiboPush  Create Broadcast/div_Card' is clicked on

2019-04-23 09:54:08 - [MESSAGE][PASSED] - Call Test Case 'Test Cases/Broadcasts/TC0141' successfully

2019-04-23 09:54:08 - [TEST_STEP][PASSED] - click: Object: 'Object Repository/Page_KiboPush  Create Broadcast/i_fa fa-times fa-stack-2x' is clicked on

2019-04-23 09:54:09 - [MESSAGE][PASSED] - Object: 'Object Repository/Page_KiboPush  Create Broadcast/i_fa fa-times fa-stack-2x' is clicked on

2019-04-23 09:54:09 - [TEST_STEP][PASSED] - verifyElementNotPresent: Web element with id: 'Object Repository/Page_KiboPush  Create Broadcast/card_component' located by 'By.xpath: //*[@id="List1"]/div/div/div[3]/div[1]' is not present after '5' second(s)

2019-04-23 09:54:09 - [MESSAGE][PASSED] - Web element with id: 'Object Repository/Page_KiboPush  Create Broadcast/card_component' located by 'By.xpath: //*[@id="List1"]/div/div/div[3]/div[1]' is not present after '5' second(s)]]></system-out>
         <system-err><![CDATA[]]></system-err>
      </testcase>
      <testcase name="Test Cases/Broadcasts/TC0185" classname="Test Cases/Broadcasts/TC0185" status="PASSED">
         <system-out><![CDATA[2019-04-23 09:54:09 - [TEST_CASE][PASSED] - Test Cases/Broadcasts/TC0185: Test Cases/Broadcasts/TC0185

2019-04-23 09:54:10 - [TEST_STEP][PASSED] - callTestCase: Call Test Case 'Test Cases/Broadcasts/TC0150' successfully

2019-04-23 09:54:10 - [TEST_CASE][PASSED] - Test Cases/Broadcasts/TC0150: Test Cases/Broadcasts/TC0150

2019-04-23 09:54:10 - [TEST_STEP][PASSED] - callTestCase: Call Test Case 'Test Cases/s-sidebar_navigation/TeamAccount/Broadcasts' successfully

2019-04-23 09:54:10 - [TEST_CASE][PASSED] - Test Cases/s-sidebar_navigation/TeamAccount/Broadcasts: Test Cases/s-sidebar_navigation/TeamAccount/Broadcasts

2019-04-23 09:54:10 - [TEST_STEP][PASSED] - callTestCase: Call Test Case 'Test Cases/s-sidebar_navigation/individualAccount/broadcast' successfully

2019-04-23 09:54:11 - [TEST_CASE][PASSED] - Test Cases/s-sidebar_navigation/individualAccount/broadcast: Test Cases/s-sidebar_navigation/individualAccount/broadcast

2019-04-23 09:54:11 - [TEST_STEP][PASSED] - click: Object: 'Object Repository/Page_KiboPush  Dashboard/span_Polls' is clicked on

2019-04-23 09:54:11 - [MESSAGE][PASSED] - Object: 'Object Repository/Page_KiboPush  Dashboard/span_Polls' is clicked on

2019-04-23 09:54:11 - [TEST_STEP][PASSED] - delay: Delayed 1 second(s)

2019-04-23 09:54:12 - [MESSAGE][PASSED] - Delayed 1 second(s)

2019-04-23 09:54:12 - [TEST_STEP][PASSED] - click: Object: 'Object Repository/Page_KiboPush  Dashboard/span_Broadcasts' is clicked on

2019-04-23 09:54:13 - [MESSAGE][PASSED] - Object: 'Object Repository/Page_KiboPush  Dashboard/span_Broadcasts' is clicked on

2019-04-23 09:54:13 - [TEST_STEP][PASSED] - delay: Delayed 1 second(s)

2019-04-23 09:54:14 - [MESSAGE][PASSED] - Delayed 1 second(s)

2019-04-23 09:54:14 - [TEST_STEP][PASSED] - scrollToPosition: Browser is scrolled to position x = 0, y = 0

2019-04-23 09:54:14 - [MESSAGE][PASSED] - Browser is scrolled to position x = 0, y = 0

2019-04-23 09:54:14 - [TEST_STEP][PASSED] - click: Object: 'Object Repository/Page_KiboPush  Broadcast/h3_Manage Broadcasts' is clicked on

2019-04-23 09:54:15 - [MESSAGE][PASSED] - Object: 'Object Repository/Page_KiboPush  Broadcast/h3_Manage Broadcasts' is clicked on

2019-04-23 09:54:15 - [MESSAGE][PASSED] - Call Test Case 'Test Cases/s-sidebar_navigation/individualAccount/broadcast' successfully

2019-04-23 09:54:15 - [MESSAGE][PASSED] - Call Test Case 'Test Cases/s-sidebar_navigation/TeamAccount/Broadcasts' successfully

2019-04-23 09:54:15 - [TEST_STEP][PASSED] - click: Object: 'Object Repository/Page_KiboPush  Broadcast/span_Create New Broadcast' is clicked on

2019-04-23 09:54:15 - [MESSAGE][PASSED] - Object: 'Object Repository/Page_KiboPush  Broadcast/span_Create New Broadcast' is clicked on

2019-04-23 09:54:15 - [TEST_STEP][PASSED] - click: Object: 'Object Repository/Page_KiboPush  Broadcast/a_Create New Broadcast' is clicked on

2019-04-23 09:54:16 - [MESSAGE][PASSED] - Object: 'Object Repository/Page_KiboPush  Broadcast/a_Create New Broadcast' is clicked on

2019-04-23 09:54:16 - [TEST_STEP][PASSED] - delay: Delayed 1 second(s)

2019-04-23 09:54:17 - [MESSAGE][PASSED] - Delayed 1 second(s)

2019-04-23 09:54:17 - [TEST_STEP][PASSED] - click: Object: 'Object Repository/Page_KiboPush  Create Broadcast/div_Gallery (1)' is clicked on

2019-04-23 09:54:18 - [MESSAGE][PASSED] - Object: 'Object Repository/Page_KiboPush  Create Broadcast/div_Gallery (1)' is clicked on

2019-04-23 09:54:18 - [TEST_STEP][PASSED] - delay: Delayed 2 second(s)

2019-04-23 09:54:20 - [MESSAGE][PASSED] - Delayed 2 second(s)

2019-04-23 09:54:20 - [MESSAGE][PASSED] - Call Test Case 'Test Cases/Broadcasts/TC0150' successfully

2019-04-23 09:54:20 - [TEST_STEP][PASSED] - click: Object: 'Object Repository/Page_KiboPush  Create Broadcast/i_fa fa-times fa-stack-2x' is clicked on

2019-04-23 09:54:20 - [MESSAGE][PASSED] - Object: 'Object Repository/Page_KiboPush  Create Broadcast/i_fa fa-times fa-stack-2x' is clicked on

2019-04-23 09:54:20 - [TEST_STEP][PASSED] - delay: Delayed 2 second(s)

2019-04-23 09:54:22 - [MESSAGE][PASSED] - Delayed 2 second(s)

2019-04-23 09:54:22 - [TEST_STEP][PASSED] - verifyElementNotPresent: Web element with id: 'Object Repository/Page_KiboPush  Create Broadcast/gallery_component' located by 'By.xpath: //*[@id="List3"]/div/div/div[3]/div/div[2]/div/div[1]/div/div[2]/div[1]' is not present after '5' second(s)

2019-04-23 09:54:23 - [MESSAGE][PASSED] - Web element with id: 'Object Repository/Page_KiboPush  Create Broadcast/gallery_component' located by 'By.xpath: //*[@id="List3"]/div/div/div[3]/div/div[2]/div/div[1]/div/div[2]/div[1]' is not present after '5' second(s)]]></system-out>
         <system-err><![CDATA[]]></system-err>
      </testcase>
      <testcase name="Test Cases/Broadcasts/TC0186" classname="Test Cases/Broadcasts/TC0186" status="PASSED">
         <system-out><![CDATA[2019-04-23 09:54:23 - [TEST_CASE][PASSED] - Test Cases/Broadcasts/TC0186: Test Cases/Broadcasts/TC0186

2019-04-23 09:54:23 - [TEST_STEP][PASSED] - callTestCase: Call Test Case 'Test Cases/Broadcasts/TC0163' successfully

2019-04-23 09:54:23 - [TEST_CASE][PASSED] - Test Cases/Broadcasts/TC0163: Test Cases/Broadcasts/TC0163

2019-04-23 09:54:23 - [TEST_STEP][PASSED] - callTestCase: Call Test Case 'Test Cases/s-sidebar_navigation/TeamAccount/Broadcasts' successfully

2019-04-23 09:54:24 - [TEST_CASE][PASSED] - Test Cases/s-sidebar_navigation/TeamAccount/Broadcasts: Test Cases/s-sidebar_navigation/TeamAccount/Broadcasts

2019-04-23 09:54:24 - [TEST_STEP][PASSED] - callTestCase: Call Test Case 'Test Cases/s-sidebar_navigation/individualAccount/broadcast' successfully

2019-04-23 09:54:24 - [TEST_CASE][PASSED] - Test Cases/s-sidebar_navigation/individualAccount/broadcast: Test Cases/s-sidebar_navigation/individualAccount/broadcast

2019-04-23 09:54:24 - [TEST_STEP][PASSED] - click: Object: 'Object Repository/Page_KiboPush  Dashboard/span_Polls' is clicked on

2019-04-23 09:54:24 - [MESSAGE][PASSED] - Object: 'Object Repository/Page_KiboPush  Dashboard/span_Polls' is clicked on

2019-04-23 09:54:24 - [TEST_STEP][PASSED] - delay: Delayed 1 second(s)

2019-04-23 09:54:25 - [MESSAGE][PASSED] - Delayed 1 second(s)

2019-04-23 09:54:25 - [TEST_STEP][PASSED] - click: Object: 'Object Repository/Page_KiboPush  Dashboard/span_Broadcasts' is clicked on

2019-04-23 09:54:26 - [MESSAGE][PASSED] - Object: 'Object Repository/Page_KiboPush  Dashboard/span_Broadcasts' is clicked on

2019-04-23 09:54:26 - [TEST_STEP][PASSED] - delay: Delayed 1 second(s)

2019-04-23 09:54:27 - [MESSAGE][PASSED] - Delayed 1 second(s)

2019-04-23 09:54:27 - [TEST_STEP][PASSED] - scrollToPosition: Browser is scrolled to position x = 0, y = 0

2019-04-23 09:54:27 - [MESSAGE][PASSED] - Browser is scrolled to position x = 0, y = 0

2019-04-23 09:54:27 - [TEST_STEP][PASSED] - click: Object: 'Object Repository/Page_KiboPush  Broadcast/h3_Manage Broadcasts' is clicked on

2019-04-23 09:54:28 - [MESSAGE][PASSED] - Object: 'Object Repository/Page_KiboPush  Broadcast/h3_Manage Broadcasts' is clicked on

2019-04-23 09:54:28 - [MESSAGE][PASSED] - Call Test Case 'Test Cases/s-sidebar_navigation/individualAccount/broadcast' successfully

2019-04-23 09:54:28 - [MESSAGE][PASSED] - Call Test Case 'Test Cases/s-sidebar_navigation/TeamAccount/Broadcasts' successfully

2019-04-23 09:54:28 - [TEST_STEP][PASSED] - click: Object: 'Object Repository/Page_KiboPush  Broadcast/span_Create New Broadcast' is clicked on

2019-04-23 09:54:29 - [MESSAGE][PASSED] - Object: 'Object Repository/Page_KiboPush  Broadcast/span_Create New Broadcast' is clicked on

2019-04-23 09:54:29 - [TEST_STEP][PASSED] - click: Object: 'Object Repository/Page_KiboPush  Broadcast/a_Create New Broadcast' is clicked on

2019-04-23 09:54:30 - [MESSAGE][PASSED] - Object: 'Object Repository/Page_KiboPush  Broadcast/a_Create New Broadcast' is clicked on

2019-04-23 09:54:30 - [TEST_STEP][PASSED] - delay: Delayed 1 second(s)

2019-04-23 09:54:31 - [MESSAGE][PASSED] - Delayed 1 second(s)

2019-04-23 09:54:31 - [TEST_STEP][PASSED] - click: Object: 'Object Repository/Page_KiboPush  Create Broadcast/div_Audio' is clicked on

2019-04-23 09:54:32 - [MESSAGE][PASSED] - Object: 'Object Repository/Page_KiboPush  Create Broadcast/div_Audio' is clicked on

2019-04-23 09:54:32 - [TEST_STEP][PASSED] - verifyElementPresent: Object 'Object Repository/Page_KiboPush  Create Broadcast/h4_Audio' is present

2019-04-23 09:54:32 - [MESSAGE][PASSED] - Object 'Object Repository/Page_KiboPush  Create Broadcast/h4_Audio' is present

2019-04-23 09:54:32 - [MESSAGE][PASSED] - Call Test Case 'Test Cases/Broadcasts/TC0163' successfully

2019-04-23 09:54:32 - [TEST_STEP][PASSED] - click: Object: 'Object Repository/Page_KiboPush  Create Broadcast/i_fa fa-times fa-stack-2x' is clicked on

2019-04-23 09:54:32 - [MESSAGE][PASSED] - Object: 'Object Repository/Page_KiboPush  Create Broadcast/i_fa fa-times fa-stack-2x' is clicked on

2019-04-23 09:54:32 - [TEST_STEP][PASSED] - verifyElementNotPresent: Web element with id: 'Object Repository/Page_KiboPush  Create Broadcast/h4_Audio' located by 'By.xpath: //h4[(text() = 'Audio' or . = 'Audio')]' is not present after '30' second(s)

2019-04-23 09:54:32 - [MESSAGE][WARNING] - Timeout '0' is invalid. Using default page load timeout: '30'

2019-04-23 09:54:33 - [MESSAGE][PASSED] - Web element with id: 'Object Repository/Page_KiboPush  Create Broadcast/h4_Audio' located by 'By.xpath: //h4[(text() = 'Audio' or . = 'Audio')]' is not present after '30' second(s)]]></system-out>
         <system-err><![CDATA[]]></system-err>
      </testcase>
      <testcase name="Test Cases/Broadcasts/TC0187" classname="Test Cases/Broadcasts/TC0187" status="PASSED">
         <system-out><![CDATA[2019-04-23 09:54:33 - [TEST_CASE][PASSED] - Test Cases/Broadcasts/TC0187: Test Cases/Broadcasts/TC0187

2019-04-23 09:54:33 - [TEST_STEP][PASSED] - callTestCase: Call Test Case 'Test Cases/Broadcasts/TC0167' successfully

2019-04-23 09:54:33 - [TEST_CASE][PASSED] - Test Cases/Broadcasts/TC0167: Test Cases/Broadcasts/TC0167

2019-04-23 09:54:33 - [TEST_STEP][PASSED] - callTestCase: Call Test Case 'Test Cases/s-sidebar_navigation/TeamAccount/Broadcasts' successfully

2019-04-23 09:54:33 - [TEST_CASE][PASSED] - Test Cases/s-sidebar_navigation/TeamAccount/Broadcasts: Test Cases/s-sidebar_navigation/TeamAccount/Broadcasts

2019-04-23 09:54:33 - [TEST_STEP][PASSED] - callTestCase: Call Test Case 'Test Cases/s-sidebar_navigation/individualAccount/broadcast' successfully

2019-04-23 09:54:33 - [TEST_CASE][PASSED] - Test Cases/s-sidebar_navigation/individualAccount/broadcast: Test Cases/s-sidebar_navigation/individualAccount/broadcast

2019-04-23 09:54:33 - [TEST_STEP][PASSED] - click: Object: 'Object Repository/Page_KiboPush  Dashboard/span_Polls' is clicked on

2019-04-23 09:54:34 - [MESSAGE][PASSED] - Object: 'Object Repository/Page_KiboPush  Dashboard/span_Polls' is clicked on

2019-04-23 09:54:34 - [TEST_STEP][PASSED] - delay: Delayed 1 second(s)

2019-04-23 09:54:35 - [MESSAGE][PASSED] - Delayed 1 second(s)

2019-04-23 09:54:35 - [TEST_STEP][PASSED] - click: Object: 'Object Repository/Page_KiboPush  Dashboard/span_Broadcasts' is clicked on

2019-04-23 09:54:35 - [MESSAGE][PASSED] - Object: 'Object Repository/Page_KiboPush  Dashboard/span_Broadcasts' is clicked on

2019-04-23 09:54:35 - [TEST_STEP][PASSED] - delay: Delayed 1 second(s)

2019-04-23 09:54:36 - [MESSAGE][PASSED] - Delayed 1 second(s)

2019-04-23 09:54:36 - [TEST_STEP][PASSED] - scrollToPosition: Browser is scrolled to position x = 0, y = 0

2019-04-23 09:54:36 - [MESSAGE][PASSED] - Browser is scrolled to position x = 0, y = 0

2019-04-23 09:54:36 - [TEST_STEP][PASSED] - click: Object: 'Object Repository/Page_KiboPush  Broadcast/h3_Manage Broadcasts' is clicked on

2019-04-23 09:54:37 - [MESSAGE][PASSED] - Object: 'Object Repository/Page_KiboPush  Broadcast/h3_Manage Broadcasts' is clicked on

2019-04-23 09:54:37 - [MESSAGE][PASSED] - Call Test Case 'Test Cases/s-sidebar_navigation/individualAccount/broadcast' successfully

2019-04-23 09:54:37 - [MESSAGE][PASSED] - Call Test Case 'Test Cases/s-sidebar_navigation/TeamAccount/Broadcasts' successfully

2019-04-23 09:54:37 - [TEST_STEP][PASSED] - click: Object: 'Object Repository/Page_KiboPush  Broadcast/span_Create New Broadcast' is clicked on

2019-04-23 09:54:38 - [MESSAGE][PASSED] - Object: 'Object Repository/Page_KiboPush  Broadcast/span_Create New Broadcast' is clicked on

2019-04-23 09:54:38 - [TEST_STEP][PASSED] - click: Object: 'Object Repository/Page_KiboPush  Broadcast/a_Create New Broadcast' is clicked on

2019-04-23 09:54:39 - [MESSAGE][PASSED] - Object: 'Object Repository/Page_KiboPush  Broadcast/a_Create New Broadcast' is clicked on

2019-04-23 09:54:39 - [TEST_STEP][PASSED] - delay: Delayed 1 second(s)

2019-04-23 09:54:40 - [MESSAGE][PASSED] - Delayed 1 second(s)

2019-04-23 09:54:40 - [TEST_STEP][PASSED] - click: Object: 'Object Repository/Page_KiboPush  Create Broadcast/div_Video' is clicked on

2019-04-23 09:54:40 - [MESSAGE][PASSED] - Object: 'Object Repository/Page_KiboPush  Create Broadcast/div_Video' is clicked on

2019-04-23 09:54:40 - [TEST_STEP][PASSED] - verifyElementPresent: Object 'Object Repository/Page_KiboPush  Create Broadcast/h4_Video' is present

2019-04-23 09:54:40 - [MESSAGE][PASSED] - Object 'Object Repository/Page_KiboPush  Create Broadcast/h4_Video' is present

2019-04-23 09:54:40 - [TEST_STEP][PASSED] - delay: Delayed 3 second(s)

2019-04-23 09:54:43 - [MESSAGE][PASSED] - Delayed 3 second(s)

2019-04-23 09:54:43 - [MESSAGE][PASSED] - Call Test Case 'Test Cases/Broadcasts/TC0167' successfully

2019-04-23 09:54:43 - [TEST_STEP][PASSED] - click: Object: 'Object Repository/Page_KiboPush  Create Broadcast/i_fa fa-times fa-stack-2x' is clicked on

2019-04-23 09:54:44 - [MESSAGE][PASSED] - Object: 'Object Repository/Page_KiboPush  Create Broadcast/i_fa fa-times fa-stack-2x' is clicked on

2019-04-23 09:54:44 - [TEST_STEP][PASSED] - verifyElementNotPresent: Web element with id: 'Object Repository/Page_KiboPush  Create Broadcast/h4_Video' located by 'By.xpath: //h4[(text() = 'Video' or . = 'Video')]' is not present after '5' second(s)

2019-04-23 09:54:44 - [MESSAGE][PASSED] - Web element with id: 'Object Repository/Page_KiboPush  Create Broadcast/h4_Video' located by 'By.xpath: //h4[(text() = 'Video' or . = 'Video')]' is not present after '5' second(s)]]></system-out>
         <system-err><![CDATA[]]></system-err>
      </testcase>
      <testcase name="Test Cases/Broadcasts/TC0188" classname="Test Cases/Broadcasts/TC0188" status="PASSED">
         <system-out><![CDATA[2019-04-23 09:54:44 - [TEST_CASE][PASSED] - Test Cases/Broadcasts/TC0188: Test Cases/Broadcasts/TC0188

2019-04-23 09:54:44 - [TEST_STEP][PASSED] - callTestCase: Call Test Case 'Test Cases/Broadcasts/TC0171' successfully

2019-04-23 09:54:44 - [TEST_CASE][PASSED] - Test Cases/Broadcasts/TC0171: Test Cases/Broadcasts/TC0171

2019-04-23 09:54:44 - [TEST_STEP][PASSED] - callTestCase: Call Test Case 'Test Cases/s-sidebar_navigation/TeamAccount/Broadcasts' successfully

2019-04-23 09:54:45 - [TEST_CASE][PASSED] - Test Cases/s-sidebar_navigation/TeamAccount/Broadcasts: Test Cases/s-sidebar_navigation/TeamAccount/Broadcasts

2019-04-23 09:54:45 - [TEST_STEP][PASSED] - callTestCase: Call Test Case 'Test Cases/s-sidebar_navigation/individualAccount/broadcast' successfully

2019-04-23 09:54:45 - [TEST_CASE][PASSED] - Test Cases/s-sidebar_navigation/individualAccount/broadcast: Test Cases/s-sidebar_navigation/individualAccount/broadcast

2019-04-23 09:54:45 - [TEST_STEP][PASSED] - click: Object: 'Object Repository/Page_KiboPush  Dashboard/span_Polls' is clicked on

2019-04-23 09:54:45 - [MESSAGE][PASSED] - Object: 'Object Repository/Page_KiboPush  Dashboard/span_Polls' is clicked on

2019-04-23 09:54:45 - [TEST_STEP][PASSED] - delay: Delayed 1 second(s)

2019-04-23 09:54:46 - [MESSAGE][PASSED] - Delayed 1 second(s)

2019-04-23 09:54:46 - [TEST_STEP][PASSED] - click: Object: 'Object Repository/Page_KiboPush  Dashboard/span_Broadcasts' is clicked on

2019-04-23 09:54:47 - [MESSAGE][PASSED] - Object: 'Object Repository/Page_KiboPush  Dashboard/span_Broadcasts' is clicked on

2019-04-23 09:54:47 - [TEST_STEP][PASSED] - delay: Delayed 1 second(s)

2019-04-23 09:54:48 - [MESSAGE][PASSED] - Delayed 1 second(s)

2019-04-23 09:54:48 - [TEST_STEP][PASSED] - scrollToPosition: Browser is scrolled to position x = 0, y = 0

2019-04-23 09:54:48 - [MESSAGE][PASSED] - Browser is scrolled to position x = 0, y = 0

2019-04-23 09:54:48 - [TEST_STEP][PASSED] - click: Object: 'Object Repository/Page_KiboPush  Broadcast/h3_Manage Broadcasts' is clicked on

2019-04-23 09:54:48 - [MESSAGE][PASSED] - Object: 'Object Repository/Page_KiboPush  Broadcast/h3_Manage Broadcasts' is clicked on

2019-04-23 09:54:48 - [MESSAGE][PASSED] - Call Test Case 'Test Cases/s-sidebar_navigation/individualAccount/broadcast' successfully

2019-04-23 09:54:48 - [MESSAGE][PASSED] - Call Test Case 'Test Cases/s-sidebar_navigation/TeamAccount/Broadcasts' successfully

2019-04-23 09:54:48 - [TEST_STEP][PASSED] - click: Object: 'Object Repository/Page_KiboPush  Broadcast/span_Create New Broadcast' is clicked on

2019-04-23 09:54:49 - [MESSAGE][PASSED] - Object: 'Object Repository/Page_KiboPush  Broadcast/span_Create New Broadcast' is clicked on

2019-04-23 09:54:49 - [TEST_STEP][PASSED] - click: Object: 'Object Repository/Page_KiboPush  Broadcast/a_Create New Broadcast' is clicked on

2019-04-23 09:54:50 - [MESSAGE][PASSED] - Object: 'Object Repository/Page_KiboPush  Broadcast/a_Create New Broadcast' is clicked on

2019-04-23 09:54:50 - [TEST_STEP][PASSED] - delay: Delayed 1 second(s)

2019-04-23 09:54:51 - [MESSAGE][PASSED] - Delayed 1 second(s)

2019-04-23 09:54:51 - [TEST_STEP][PASSED] - click: Object: 'Object Repository/Page_KiboPush  Create Broadcast/div_File' is clicked on

2019-04-23 09:54:52 - [MESSAGE][PASSED] - Object: 'Object Repository/Page_KiboPush  Create Broadcast/div_File' is clicked on

2019-04-23 09:54:52 - [TEST_STEP][PASSED] - verifyElementPresent: Object 'Object Repository/Page_KiboPush  Create Broadcast/h4_File' is present

2019-04-23 09:54:52 - [MESSAGE][PASSED] - Object 'Object Repository/Page_KiboPush  Create Broadcast/h4_File' is present

2019-04-23 09:54:52 - [TEST_STEP][PASSED] - delay: Delayed 3 second(s)

2019-04-23 09:54:55 - [MESSAGE][PASSED] - Delayed 3 second(s)

2019-04-23 09:54:55 - [MESSAGE][PASSED] - Call Test Case 'Test Cases/Broadcasts/TC0171' successfully

2019-04-23 09:54:55 - [TEST_STEP][PASSED] - click: Object: 'Object Repository/Page_KiboPush  Create Broadcast/i_fa fa-times fa-stack-2x' is clicked on

2019-04-23 09:54:56 - [MESSAGE][PASSED] - Object: 'Object Repository/Page_KiboPush  Create Broadcast/i_fa fa-times fa-stack-2x' is clicked on

2019-04-23 09:54:56 - [TEST_STEP][PASSED] - verifyElementNotPresent: Web element with id: 'Object Repository/Page_KiboPush  Create Broadcast/h4_File' located by 'By.xpath: //h4[(text() = 'File' or . = 'File')]' is not present after '5' second(s)

2019-04-23 09:54:56 - [MESSAGE][PASSED] - Web element with id: 'Object Repository/Page_KiboPush  Create Broadcast/h4_File' located by 'By.xpath: //h4[(text() = 'File' or . = 'File')]' is not present after '5' second(s)]]></system-out>
         <system-err><![CDATA[]]></system-err>
      </testcase>
      <testcase name="Test Cases/Broadcasts/TC0189" classname="Test Cases/Broadcasts/TC0189" status="PASSED">
         <system-out><![CDATA[2019-04-23 09:54:56 - [TEST_CASE][PASSED] - Test Cases/Broadcasts/TC0189: Test Cases/Broadcasts/TC0189

2019-04-23 09:54:56 - [TEST_STEP][PASSED] - callTestCase: Call Test Case 'Test Cases/Broadcasts/TC0175' successfully

2019-04-23 09:54:56 - [TEST_CASE][PASSED] - Test Cases/Broadcasts/TC0175: Test Cases/Broadcasts/TC0175

2019-04-23 09:54:56 - [TEST_STEP][PASSED] - callTestCase: Call Test Case 'Test Cases/s-sidebar_navigation/TeamAccount/Broadcasts' successfully

2019-04-23 09:54:56 - [TEST_CASE][PASSED] - Test Cases/s-sidebar_navigation/TeamAccount/Broadcasts: Test Cases/s-sidebar_navigation/TeamAccount/Broadcasts

2019-04-23 09:54:56 - [TEST_STEP][PASSED] - callTestCase: Call Test Case 'Test Cases/s-sidebar_navigation/individualAccount/broadcast' successfully

2019-04-23 09:54:57 - [TEST_CASE][PASSED] - Test Cases/s-sidebar_navigation/individualAccount/broadcast: Test Cases/s-sidebar_navigation/individualAccount/broadcast

2019-04-23 09:54:57 - [TEST_STEP][PASSED] - click: Object: 'Object Repository/Page_KiboPush  Dashboard/span_Polls' is clicked on

2019-04-23 09:54:57 - [MESSAGE][PASSED] - Object: 'Object Repository/Page_KiboPush  Dashboard/span_Polls' is clicked on

2019-04-23 09:54:57 - [TEST_STEP][PASSED] - delay: Delayed 1 second(s)

2019-04-23 09:54:58 - [MESSAGE][PASSED] - Delayed 1 second(s)

2019-04-23 09:54:58 - [TEST_STEP][PASSED] - click: Object: 'Object Repository/Page_KiboPush  Dashboard/span_Broadcasts' is clicked on

2019-04-23 09:54:59 - [MESSAGE][PASSED] - Object: 'Object Repository/Page_KiboPush  Dashboard/span_Broadcasts' is clicked on

2019-04-23 09:54:59 - [TEST_STEP][PASSED] - delay: Delayed 1 second(s)

2019-04-23 09:55:00 - [MESSAGE][PASSED] - Delayed 1 second(s)

2019-04-23 09:55:00 - [TEST_STEP][PASSED] - scrollToPosition: Browser is scrolled to position x = 0, y = 0

2019-04-23 09:55:00 - [MESSAGE][PASSED] - Browser is scrolled to position x = 0, y = 0

2019-04-23 09:55:00 - [TEST_STEP][PASSED] - click: Object: 'Object Repository/Page_KiboPush  Broadcast/h3_Manage Broadcasts' is clicked on

2019-04-23 09:55:00 - [MESSAGE][PASSED] - Object: 'Object Repository/Page_KiboPush  Broadcast/h3_Manage Broadcasts' is clicked on

2019-04-23 09:55:00 - [MESSAGE][PASSED] - Call Test Case 'Test Cases/s-sidebar_navigation/individualAccount/broadcast' successfully

2019-04-23 09:55:00 - [MESSAGE][PASSED] - Call Test Case 'Test Cases/s-sidebar_navigation/TeamAccount/Broadcasts' successfully

2019-04-23 09:55:00 - [TEST_STEP][PASSED] - click: Object: 'Object Repository/Page_KiboPush  Broadcast/span_Create New Broadcast' is clicked on

2019-04-23 09:55:01 - [MESSAGE][PASSED] - Object: 'Object Repository/Page_KiboPush  Broadcast/span_Create New Broadcast' is clicked on

2019-04-23 09:55:01 - [TEST_STEP][PASSED] - click: Object: 'Object Repository/Page_KiboPush  Broadcast/a_Create New Broadcast' is clicked on

2019-04-23 09:55:02 - [MESSAGE][PASSED] - Object: 'Object Repository/Page_KiboPush  Broadcast/a_Create New Broadcast' is clicked on

2019-04-23 09:55:02 - [TEST_STEP][PASSED] - delay: Delayed 1 second(s)

2019-04-23 09:55:03 - [MESSAGE][PASSED] - Delayed 1 second(s)

2019-04-23 09:55:03 - [TEST_STEP][PASSED] - click: Object: 'Object Repository/Page_KiboPush  Create Broadcast/div_Media' is clicked on

2019-04-23 09:55:03 - [MESSAGE][PASSED] - Object: 'Object Repository/Page_KiboPush  Create Broadcast/div_Media' is clicked on

2019-04-23 09:55:03 - [TEST_STEP][PASSED] - verifyElementPresent: Object 'Object Repository/Page_KiboPush  Create Broadcast/div_Media_1' is present

2019-04-23 09:55:04 - [MESSAGE][PASSED] - Object 'Object Repository/Page_KiboPush  Create Broadcast/div_Media_1' is present

2019-04-23 09:55:04 - [TEST_STEP][PASSED] - delay: Delayed 3 second(s)

2019-04-23 09:55:07 - [MESSAGE][PASSED] - Delayed 3 second(s)

2019-04-23 09:55:07 - [MESSAGE][PASSED] - Call Test Case 'Test Cases/Broadcasts/TC0175' successfully

2019-04-23 09:55:07 - [TEST_STEP][PASSED] - click: Object: 'Object Repository/Page_KiboPush  Create Broadcast/i_fa fa-times fa-stack-2x' is clicked on

2019-04-23 09:55:07 - [MESSAGE][PASSED] - Object: 'Object Repository/Page_KiboPush  Create Broadcast/i_fa fa-times fa-stack-2x' is clicked on

2019-04-23 09:55:07 - [TEST_STEP][PASSED] - verifyElementNotPresent: Web element with id: 'Object Repository/Page_KiboPush  Create Broadcast/div_Media_1' located by 'By.xpath: //div[(text() = ' Media ' or . = ' Media ')]' is not present after '5' second(s)

2019-04-23 09:55:07 - [MESSAGE][PASSED] - Web element with id: 'Object Repository/Page_KiboPush  Create Broadcast/div_Media_1' located by 'By.xpath: //div[(text() = ' Media ' or . = ' Media ')]' is not present after '5' second(s)]]></system-out>
         <system-err><![CDATA[]]></system-err>
      </testcase>
      <testcase name="Test Cases/Broadcasts/TC0190" classname="Test Cases/Broadcasts/TC0190" status="PASSED">
         <system-out><![CDATA[2019-04-23 09:55:08 - [TEST_CASE][PASSED] - Test Cases/Broadcasts/TC0190: Test Cases/Broadcasts/TC0190

2019-04-23 09:55:08 - [TEST_STEP][PASSED] - callTestCase: Call Test Case 'Test Cases/s-sidebar_navigation/TeamAccount/Broadcasts' successfully

2019-04-23 09:55:08 - [TEST_CASE][PASSED] - Test Cases/s-sidebar_navigation/TeamAccount/Broadcasts: Test Cases/s-sidebar_navigation/TeamAccount/Broadcasts

2019-04-23 09:55:08 - [TEST_STEP][PASSED] - callTestCase: Call Test Case 'Test Cases/s-sidebar_navigation/individualAccount/broadcast' successfully

2019-04-23 09:55:08 - [TEST_CASE][PASSED] - Test Cases/s-sidebar_navigation/individualAccount/broadcast: Test Cases/s-sidebar_navigation/individualAccount/broadcast

2019-04-23 09:55:08 - [TEST_STEP][PASSED] - click: Object: 'Object Repository/Page_KiboPush  Dashboard/span_Polls' is clicked on

2019-04-23 09:55:08 - [MESSAGE][PASSED] - Object: 'Object Repository/Page_KiboPush  Dashboard/span_Polls' is clicked on

2019-04-23 09:55:08 - [TEST_STEP][PASSED] - delay: Delayed 1 second(s)

2019-04-23 09:55:10 - [MESSAGE][PASSED] - Delayed 1 second(s)

2019-04-23 09:55:10 - [TEST_STEP][PASSED] - click: Object: 'Object Repository/Page_KiboPush  Dashboard/span_Broadcasts' is clicked on

2019-04-23 09:55:10 - [MESSAGE][PASSED] - Object: 'Object Repository/Page_KiboPush  Dashboard/span_Broadcasts' is clicked on

2019-04-23 09:55:10 - [TEST_STEP][PASSED] - delay: Delayed 1 second(s)

2019-04-23 09:55:11 - [MESSAGE][PASSED] - Delayed 1 second(s)

2019-04-23 09:55:11 - [TEST_STEP][PASSED] - scrollToPosition: Browser is scrolled to position x = 0, y = 0

2019-04-23 09:55:11 - [MESSAGE][PASSED] - Browser is scrolled to position x = 0, y = 0

2019-04-23 09:55:11 - [TEST_STEP][PASSED] - click: Object: 'Object Repository/Page_KiboPush  Broadcast/h3_Manage Broadcasts' is clicked on

2019-04-23 09:55:12 - [MESSAGE][PASSED] - Object: 'Object Repository/Page_KiboPush  Broadcast/h3_Manage Broadcasts' is clicked on

2019-04-23 09:55:12 - [MESSAGE][PASSED] - Call Test Case 'Test Cases/s-sidebar_navigation/individualAccount/broadcast' successfully

2019-04-23 09:55:12 - [MESSAGE][PASSED] - Call Test Case 'Test Cases/s-sidebar_navigation/TeamAccount/Broadcasts' successfully

2019-04-23 09:55:12 - [TEST_STEP][PASSED] - click: Object: 'Object Repository/Page_KiboPush  Broadcast/span_Create New Broadcast' is clicked on

2019-04-23 09:55:12 - [MESSAGE][PASSED] - Object: 'Object Repository/Page_KiboPush  Broadcast/span_Create New Broadcast' is clicked on

2019-04-23 09:55:12 - [TEST_STEP][PASSED] - click: Object: 'Object Repository/Page_KiboPush  Broadcast/a_Create New Broadcast' is clicked on

2019-04-23 09:55:13 - [MESSAGE][PASSED] - Object: 'Object Repository/Page_KiboPush  Broadcast/a_Create New Broadcast' is clicked on

2019-04-23 09:55:13 - [TEST_STEP][PASSED] - delay: Delayed 1 second(s)

2019-04-23 09:55:14 - [MESSAGE][PASSED] - Delayed 1 second(s)

2019-04-23 09:55:14 - [TEST_STEP][PASSED] - click: Object: 'Object Repository/Page_KiboPush  Create Broadcast/i_convoTitle' is clicked on

2019-04-23 09:55:15 - [MESSAGE][PASSED] - Object: 'Object Repository/Page_KiboPush  Create Broadcast/i_convoTitle' is clicked on

2019-04-23 09:55:15 - [TEST_STEP][PASSED] - setText: Text 'TitleX' is set on object 'Object Repository/Page_KiboPush  Create Broadcast/input_form-control (10)'

2019-04-23 09:55:16 - [MESSAGE][PASSED] - Text 'TitleX' is set on object 'Object Repository/Page_KiboPush  Create Broadcast/input_form-control (10)'

2019-04-23 09:55:16 - [TEST_STEP][PASSED] - click: Object: 'Object Repository/Page_KiboPush  Create Broadcast/button_Save' is clicked on

2019-04-23 09:55:16 - [MESSAGE][PASSED] - Object: 'Object Repository/Page_KiboPush  Create Broadcast/button_Save' is clicked on

2019-04-23 09:55:16 - [TEST_STEP][PASSED] - delay: Delayed 1 second(s)

2019-04-23 09:55:17 - [MESSAGE][PASSED] - Delayed 1 second(s)

2019-04-23 09:55:17 - [TEST_STEP][PASSED] - click: Object: 'Object Repository/Page_KiboPush  Create Broadcast/h3_TitleX' is clicked on

2019-04-23 09:55:18 - [MESSAGE][PASSED] - Object: 'Object Repository/Page_KiboPush  Create Broadcast/h3_TitleX' is clicked on]]></system-out>
         <system-err><![CDATA[]]></system-err>
      </testcase>
      <testcase name="Test Cases/Broadcasts/TC0192" classname="Test Cases/Broadcasts/TC0192" status="PASSED">
         <system-out><![CDATA[2019-04-23 09:55:18 - [TEST_CASE][PASSED] - Test Cases/Broadcasts/TC0192: Test Cases/Broadcasts/TC0192

2019-04-23 09:55:18 - [TEST_STEP][PASSED] - callTestCase: Call Test Case 'Test Cases/Broadcasts/TC0131' successfully

2019-04-23 09:55:18 - [TEST_CASE][PASSED] - Test Cases/Broadcasts/TC0131: Test Cases/Broadcasts/TC0131

2019-04-23 09:55:18 - [TEST_STEP][PASSED] - callTestCase: Call Test Case 'Test Cases/s-sidebar_navigation/TeamAccount/Broadcasts' successfully

2019-04-23 09:55:18 - [TEST_CASE][PASSED] - Test Cases/s-sidebar_navigation/TeamAccount/Broadcasts: Test Cases/s-sidebar_navigation/TeamAccount/Broadcasts

2019-04-23 09:55:18 - [TEST_STEP][PASSED] - callTestCase: Call Test Case 'Test Cases/s-sidebar_navigation/individualAccount/broadcast' successfully

2019-04-23 09:55:18 - [TEST_CASE][PASSED] - Test Cases/s-sidebar_navigation/individualAccount/broadcast: Test Cases/s-sidebar_navigation/individualAccount/broadcast

2019-04-23 09:55:18 - [TEST_STEP][PASSED] - click: Object: 'Object Repository/Page_KiboPush  Dashboard/span_Polls' is clicked on

2019-04-23 09:55:19 - [MESSAGE][PASSED] - Object: 'Object Repository/Page_KiboPush  Dashboard/span_Polls' is clicked on

2019-04-23 09:55:19 - [TEST_STEP][PASSED] - delay: Delayed 1 second(s)

2019-04-23 09:55:20 - [MESSAGE][PASSED] - Delayed 1 second(s)

2019-04-23 09:55:20 - [TEST_STEP][PASSED] - click: Object: 'Object Repository/Page_KiboPush  Dashboard/span_Broadcasts' is clicked on

2019-04-23 09:55:21 - [MESSAGE][PASSED] - Object: 'Object Repository/Page_KiboPush  Dashboard/span_Broadcasts' is clicked on

2019-04-23 09:55:21 - [TEST_STEP][PASSED] - delay: Delayed 1 second(s)

2019-04-23 09:55:22 - [MESSAGE][PASSED] - Delayed 1 second(s)

2019-04-23 09:55:22 - [TEST_STEP][PASSED] - scrollToPosition: Browser is scrolled to position x = 0, y = 0

2019-04-23 09:55:22 - [MESSAGE][PASSED] - Browser is scrolled to position x = 0, y = 0

2019-04-23 09:55:22 - [TEST_STEP][PASSED] - click: Object: 'Object Repository/Page_KiboPush  Broadcast/h3_Manage Broadcasts' is clicked on

2019-04-23 09:55:22 - [MESSAGE][PASSED] - Object: 'Object Repository/Page_KiboPush  Broadcast/h3_Manage Broadcasts' is clicked on

2019-04-23 09:55:22 - [MESSAGE][PASSED] - Call Test Case 'Test Cases/s-sidebar_navigation/individualAccount/broadcast' successfully

2019-04-23 09:55:22 - [MESSAGE][PASSED] - Call Test Case 'Test Cases/s-sidebar_navigation/TeamAccount/Broadcasts' successfully

2019-04-23 09:55:22 - [TEST_STEP][PASSED] - click: Object: 'Object Repository/Page_KiboPush  Broadcast/span_Create New Broadcast' is clicked on

2019-04-23 09:55:23 - [MESSAGE][PASSED] - Object: 'Object Repository/Page_KiboPush  Broadcast/span_Create New Broadcast' is clicked on

2019-04-23 09:55:23 - [TEST_STEP][PASSED] - click: Object: 'Object Repository/Page_KiboPush  Broadcast/a_Create New Broadcast' is clicked on

2019-04-23 09:55:24 - [MESSAGE][PASSED] - Object: 'Object Repository/Page_KiboPush  Broadcast/a_Create New Broadcast' is clicked on

2019-04-23 09:55:24 - [TEST_STEP][PASSED] - delay: Delayed 1 second(s)

2019-04-23 09:55:25 - [MESSAGE][PASSED] - Delayed 1 second(s)

2019-04-23 09:55:25 - [TEST_STEP][PASSED] - click: Object: 'Object Repository/Page_KiboPush  Create Broadcast/div_Text_1' is clicked on

2019-04-23 09:55:25 - [MESSAGE][PASSED] - Object: 'Object Repository/Page_KiboPush  Create Broadcast/div_Text_1' is clicked on

2019-04-23 09:55:25 - [MESSAGE][PASSED] - Call Test Case 'Test Cases/Broadcasts/TC0131' successfully

2019-04-23 09:55:25 - [TEST_STEP][PASSED] - click: Object: 'Object Repository/Page_KiboPush  Create Broadcast/div_ Add Button' is clicked on

2019-04-23 09:55:26 - [MESSAGE][PASSED] - Object: 'Object Repository/Page_KiboPush  Create Broadcast/div_ Add Button' is clicked on

2019-04-23 09:55:26 - [TEST_STEP][PASSED] - setText: Text 'KiboPush' is set on object 'Object Repository/Page_KiboPush  Create Broadcast/input_form-control'

2019-04-23 09:55:27 - [MESSAGE][PASSED] - Text 'KiboPush' is set on object 'Object Repository/Page_KiboPush  Create Broadcast/input_form-control'

2019-04-23 09:55:27 - [TEST_STEP][PASSED] - verifyElementNotClickable: Object 'Object Repository/Page_KiboPush  Create Broadcast/button_Done' is NOT clickable

2019-04-23 09:55:27 - [MESSAGE][PASSED] - Object 'Object Repository/Page_KiboPush  Create Broadcast/button_Done' is NOT clickable]]></system-out>
         <system-err><![CDATA[]]></system-err>
      </testcase>
      <testcase name="Test Cases/Broadcasts/TC0193" classname="Test Cases/Broadcasts/TC0193" status="PASSED">
         <system-out><![CDATA[2019-04-23 09:55:27 - [TEST_CASE][PASSED] - Test Cases/Broadcasts/TC0193: Test Cases/Broadcasts/TC0193

2019-04-23 09:55:27 - [TEST_STEP][PASSED] - callTestCase: Call Test Case 'Test Cases/Broadcasts/TC0133' successfully

2019-04-23 09:55:27 - [TEST_CASE][PASSED] - Test Cases/Broadcasts/TC0133: Test Cases/Broadcasts/TC0133

2019-04-23 09:55:27 - [TEST_STEP][PASSED] - callTestCase: Call Test Case 'Test Cases/s-sidebar_navigation/TeamAccount/Broadcasts' successfully

2019-04-23 09:55:27 - [TEST_CASE][PASSED] - Test Cases/s-sidebar_navigation/TeamAccount/Broadcasts: Test Cases/s-sidebar_navigation/TeamAccount/Broadcasts

2019-04-23 09:55:27 - [TEST_STEP][PASSED] - callTestCase: Call Test Case 'Test Cases/s-sidebar_navigation/individualAccount/broadcast' successfully

2019-04-23 09:55:28 - [TEST_CASE][PASSED] - Test Cases/s-sidebar_navigation/individualAccount/broadcast: Test Cases/s-sidebar_navigation/individualAccount/broadcast

2019-04-23 09:55:28 - [TEST_STEP][PASSED] - click: Object: 'Object Repository/Page_KiboPush  Dashboard/span_Polls' is clicked on

2019-04-23 09:55:28 - [MESSAGE][PASSED] - Object: 'Object Repository/Page_KiboPush  Dashboard/span_Polls' is clicked on

2019-04-23 09:55:28 - [TEST_STEP][PASSED] - delay: Delayed 1 second(s)

2019-04-23 09:55:29 - [MESSAGE][PASSED] - Delayed 1 second(s)

2019-04-23 09:55:29 - [TEST_STEP][PASSED] - click: Object: 'Object Repository/Page_KiboPush  Dashboard/span_Broadcasts' is clicked on

2019-04-23 09:55:30 - [MESSAGE][PASSED] - Object: 'Object Repository/Page_KiboPush  Dashboard/span_Broadcasts' is clicked on

2019-04-23 09:55:30 - [TEST_STEP][PASSED] - delay: Delayed 1 second(s)

2019-04-23 09:55:31 - [MESSAGE][PASSED] - Delayed 1 second(s)

2019-04-23 09:55:31 - [TEST_STEP][PASSED] - scrollToPosition: Browser is scrolled to position x = 0, y = 0

2019-04-23 09:55:31 - [MESSAGE][PASSED] - Browser is scrolled to position x = 0, y = 0

2019-04-23 09:55:31 - [TEST_STEP][PASSED] - click: Object: 'Object Repository/Page_KiboPush  Broadcast/h3_Manage Broadcasts' is clicked on

2019-04-23 09:55:31 - [MESSAGE][PASSED] - Object: 'Object Repository/Page_KiboPush  Broadcast/h3_Manage Broadcasts' is clicked on

2019-04-23 09:55:31 - [MESSAGE][PASSED] - Call Test Case 'Test Cases/s-sidebar_navigation/individualAccount/broadcast' successfully

2019-04-23 09:55:31 - [MESSAGE][PASSED] - Call Test Case 'Test Cases/s-sidebar_navigation/TeamAccount/Broadcasts' successfully

2019-04-23 09:55:31 - [TEST_STEP][PASSED] - click: Object: 'Object Repository/Page_KiboPush  Broadcast/span_Create New Broadcast' is clicked on

2019-04-23 09:55:32 - [MESSAGE][PASSED] - Object: 'Object Repository/Page_KiboPush  Broadcast/span_Create New Broadcast' is clicked on

2019-04-23 09:55:32 - [TEST_STEP][PASSED] - click: Object: 'Object Repository/Page_KiboPush  Broadcast/a_Create New Broadcast' is clicked on

2019-04-23 09:55:33 - [MESSAGE][PASSED] - Object: 'Object Repository/Page_KiboPush  Broadcast/a_Create New Broadcast' is clicked on

2019-04-23 09:55:33 - [TEST_STEP][PASSED] - delay: Delayed 1 second(s)

2019-04-23 09:55:34 - [MESSAGE][PASSED] - Delayed 1 second(s)

2019-04-23 09:55:34 - [TEST_STEP][PASSED] - click: Object: 'Object Repository/Page_KiboPush  Create Broadcast/div_Text' is clicked on

2019-04-23 09:55:35 - [MESSAGE][PASSED] - Object: 'Object Repository/Page_KiboPush  Create Broadcast/div_Text' is clicked on

2019-04-23 09:55:35 - [TEST_STEP][PASSED] - click: Object: 'Object Repository/Page_KiboPush  Create Broadcast/div_ Add Button' is clicked on

2019-04-23 09:55:35 - [MESSAGE][PASSED] - Object: 'Object Repository/Page_KiboPush  Create Broadcast/div_ Add Button' is clicked on

2019-04-23 09:55:35 - [TEST_STEP][PASSED] - setText: Text 'KiboPush' is set on object 'Object Repository/Page_KiboPush  Create Broadcast/input_form-control (9)'

2019-04-23 09:55:36 - [MESSAGE][PASSED] - Text 'KiboPush' is set on object 'Object Repository/Page_KiboPush  Create Broadcast/input_form-control (9)'

2019-04-23 09:55:36 - [TEST_STEP][PASSED] - click: Object: 'Object Repository/Page_KiboPush  Create Broadcast/div_Open a website (5)' is clicked on

2019-04-23 09:55:36 - [MESSAGE][PASSED] - Object: 'Object Repository/Page_KiboPush  Create Broadcast/div_Open a website (5)' is clicked on

2019-04-23 09:55:36 - [TEST_STEP][PASSED] - setText: Text 'kibopush.com' is set on object 'Object Repository/Page_KiboPush  Create Broadcast/input_form-control_1 (5)'

2019-04-23 09:55:37 - [MESSAGE][PASSED] - Text 'kibopush.com' is set on object 'Object Repository/Page_KiboPush  Create Broadcast/input_form-control_1 (5)'

2019-04-23 09:55:37 - [TEST_STEP][PASSED] - click: Object: 'Object Repository/Page_KiboPush  Create Broadcast/button_Done (5)' is clicked on

2019-04-23 09:55:38 - [MESSAGE][PASSED] - Object: 'Object Repository/Page_KiboPush  Create Broadcast/button_Done (5)' is clicked on

2019-04-23 09:55:38 - [MESSAGE][PASSED] - Call Test Case 'Test Cases/Broadcasts/TC0133' successfully

2019-04-23 09:55:38 - [TEST_STEP][PASSED] - click: Object: 'Object Repository/Page_KiboPush  Create Broadcast/button_KiboPush (1)' is clicked on

2019-04-23 09:55:39 - [MESSAGE][PASSED] - Object: 'Object Repository/Page_KiboPush  Create Broadcast/button_KiboPush (1)' is clicked on

2019-04-23 09:55:39 - [TEST_STEP][PASSED] - doubleClick: Object: 'Object Repository/Page_KiboPush  Create Broadcast/input_form-control (11)' is double clicked on

2019-04-23 09:55:39 - [MESSAGE][PASSED] - Object: 'Object Repository/Page_KiboPush  Create Broadcast/input_form-control (11)' is double clicked on

2019-04-23 09:55:39 - [TEST_STEP][PASSED] - verifyElementAttributeValue: Object 'Object Repository/Page_KiboPush  Create Broadcast/input_form-control' has attribute 'value' with value 'KiboPush'

2019-04-23 09:55:39 - [MESSAGE][PASSED] - Object 'Object Repository/Page_KiboPush  Create Broadcast/input_form-control' has attribute 'value' with value 'KiboPush']]></system-out>
         <system-err><![CDATA[]]></system-err>
      </testcase>
      <testcase name="Test Cases/Broadcasts/TC0194" classname="Test Cases/Broadcasts/TC0194" status="PASSED">
         <system-out><![CDATA[2019-04-23 09:55:39 - [TEST_CASE][PASSED] - Test Cases/Broadcasts/TC0194: Test Cases/Broadcasts/TC0194

2019-04-23 09:55:39 - [TEST_STEP][PASSED] - callTestCase: Call Test Case 'Test Cases/Broadcasts/TC0131' successfully

2019-04-23 09:55:40 - [TEST_CASE][PASSED] - Test Cases/Broadcasts/TC0131: Test Cases/Broadcasts/TC0131

2019-04-23 09:55:40 - [TEST_STEP][PASSED] - callTestCase: Call Test Case 'Test Cases/s-sidebar_navigation/TeamAccount/Broadcasts' successfully

2019-04-23 09:55:40 - [TEST_CASE][PASSED] - Test Cases/s-sidebar_navigation/TeamAccount/Broadcasts: Test Cases/s-sidebar_navigation/TeamAccount/Broadcasts

2019-04-23 09:55:40 - [TEST_STEP][PASSED] - callTestCase: Call Test Case 'Test Cases/s-sidebar_navigation/individualAccount/broadcast' successfully

2019-04-23 09:55:40 - [TEST_CASE][PASSED] - Test Cases/s-sidebar_navigation/individualAccount/broadcast: Test Cases/s-sidebar_navigation/individualAccount/broadcast

2019-04-23 09:55:40 - [TEST_STEP][PASSED] - click: Object: 'Object Repository/Page_KiboPush  Dashboard/span_Polls' is clicked on

2019-04-23 09:55:40 - [MESSAGE][PASSED] - Object: 'Object Repository/Page_KiboPush  Dashboard/span_Polls' is clicked on

2019-04-23 09:55:40 - [TEST_STEP][PASSED] - delay: Delayed 1 second(s)

2019-04-23 09:55:41 - [MESSAGE][PASSED] - Delayed 1 second(s)

2019-04-23 09:55:41 - [TEST_STEP][PASSED] - click: Object: 'Object Repository/Page_KiboPush  Dashboard/span_Broadcasts' is clicked on

2019-04-23 09:55:42 - [MESSAGE][PASSED] - Object: 'Object Repository/Page_KiboPush  Dashboard/span_Broadcasts' is clicked on

2019-04-23 09:55:42 - [TEST_STEP][PASSED] - delay: Delayed 1 second(s)

2019-04-23 09:55:43 - [MESSAGE][PASSED] - Delayed 1 second(s)

2019-04-23 09:55:43 - [TEST_STEP][PASSED] - scrollToPosition: Browser is scrolled to position x = 0, y = 0

2019-04-23 09:55:43 - [MESSAGE][PASSED] - Browser is scrolled to position x = 0, y = 0

2019-04-23 09:55:43 - [TEST_STEP][PASSED] - click: Object: 'Object Repository/Page_KiboPush  Broadcast/h3_Manage Broadcasts' is clicked on

2019-04-23 09:55:43 - [MESSAGE][PASSED] - Object: 'Object Repository/Page_KiboPush  Broadcast/h3_Manage Broadcasts' is clicked on

2019-04-23 09:55:43 - [MESSAGE][PASSED] - Call Test Case 'Test Cases/s-sidebar_navigation/individualAccount/broadcast' successfully

2019-04-23 09:55:43 - [MESSAGE][PASSED] - Call Test Case 'Test Cases/s-sidebar_navigation/TeamAccount/Broadcasts' successfully

2019-04-23 09:55:43 - [TEST_STEP][PASSED] - click: Object: 'Object Repository/Page_KiboPush  Broadcast/span_Create New Broadcast' is clicked on

2019-04-23 09:55:44 - [MESSAGE][PASSED] - Object: 'Object Repository/Page_KiboPush  Broadcast/span_Create New Broadcast' is clicked on

2019-04-23 09:55:44 - [TEST_STEP][PASSED] - click: Object: 'Object Repository/Page_KiboPush  Broadcast/a_Create New Broadcast' is clicked on

2019-04-23 09:55:45 - [MESSAGE][PASSED] - Object: 'Object Repository/Page_KiboPush  Broadcast/a_Create New Broadcast' is clicked on

2019-04-23 09:55:45 - [TEST_STEP][PASSED] - delay: Delayed 1 second(s)

2019-04-23 09:55:46 - [MESSAGE][PASSED] - Delayed 1 second(s)

2019-04-23 09:55:46 - [TEST_STEP][PASSED] - click: Object: 'Object Repository/Page_KiboPush  Create Broadcast/div_Text_1' is clicked on

2019-04-23 09:55:46 - [MESSAGE][PASSED] - Object: 'Object Repository/Page_KiboPush  Create Broadcast/div_Text_1' is clicked on

2019-04-23 09:55:46 - [MESSAGE][PASSED] - Call Test Case 'Test Cases/Broadcasts/TC0131' successfully

2019-04-23 09:55:46 - [TEST_STEP][PASSED] - click: Object: 'Object Repository/Page_KiboPush  Create Broadcast/div_ Add Button' is clicked on

2019-04-23 09:55:47 - [MESSAGE][PASSED] - Object: 'Object Repository/Page_KiboPush  Create Broadcast/div_ Add Button' is clicked on

2019-04-23 09:55:47 - [TEST_STEP][PASSED] - verifyElementPresent: Object 'Object Repository/Page_KiboPush  Create Broadcast/strong_Add Button' is present

2019-04-23 09:55:47 - [MESSAGE][PASSED] - Object 'Object Repository/Page_KiboPush  Create Broadcast/strong_Add Button' is present

2019-04-23 09:55:47 - [TEST_STEP][PASSED] - click: Object: 'Object Repository/Page_KiboPush  Create Broadcast/button_Cancel' is clicked on

2019-04-23 09:55:47 - [MESSAGE][PASSED] - Object: 'Object Repository/Page_KiboPush  Create Broadcast/button_Cancel' is clicked on

2019-04-23 09:55:47 - [TEST_STEP][PASSED] - verifyElementNotPresent: Web element with id: 'Object Repository/Page_KiboPush  Create Broadcast/strong_Add Button' located by 'By.xpath: //strong[(text() = 'Add Button' or . = 'Add Button')]' is not present after '5' second(s)

2019-04-23 09:55:48 - [MESSAGE][PASSED] - Web element with id: 'Object Repository/Page_KiboPush  Create Broadcast/strong_Add Button' located by 'By.xpath: //strong[(text() = 'Add Button' or . = 'Add Button')]' is not present after '5' second(s)]]></system-out>
         <system-err><![CDATA[]]></system-err>
      </testcase>
      <testcase name="Test Cases/Broadcasts/TC0195" classname="Test Cases/Broadcasts/TC0195" status="PASSED">
         <system-out><![CDATA[2019-04-23 09:55:48 - [TEST_CASE][PASSED] - Test Cases/Broadcasts/TC0195: Test Cases/Broadcasts/TC0195

2019-04-23 09:55:48 - [TEST_STEP][PASSED] - callTestCase: Call Test Case 'Test Cases/Broadcasts/TC0133' successfully

2019-04-23 09:55:48 - [TEST_CASE][PASSED] - Test Cases/Broadcasts/TC0133: Test Cases/Broadcasts/TC0133

2019-04-23 09:55:48 - [TEST_STEP][PASSED] - callTestCase: Call Test Case 'Test Cases/s-sidebar_navigation/TeamAccount/Broadcasts' successfully

2019-04-23 09:55:48 - [TEST_CASE][PASSED] - Test Cases/s-sidebar_navigation/TeamAccount/Broadcasts: Test Cases/s-sidebar_navigation/TeamAccount/Broadcasts

2019-04-23 09:55:48 - [TEST_STEP][PASSED] - callTestCase: Call Test Case 'Test Cases/s-sidebar_navigation/individualAccount/broadcast' successfully

2019-04-23 09:55:48 - [TEST_CASE][PASSED] - Test Cases/s-sidebar_navigation/individualAccount/broadcast: Test Cases/s-sidebar_navigation/individualAccount/broadcast

2019-04-23 09:55:48 - [TEST_STEP][PASSED] - click: Object: 'Object Repository/Page_KiboPush  Dashboard/span_Polls' is clicked on

2019-04-23 09:55:49 - [MESSAGE][PASSED] - Object: 'Object Repository/Page_KiboPush  Dashboard/span_Polls' is clicked on

2019-04-23 09:55:49 - [TEST_STEP][PASSED] - delay: Delayed 1 second(s)

2019-04-23 09:55:50 - [MESSAGE][PASSED] - Delayed 1 second(s)

2019-04-23 09:55:50 - [TEST_STEP][PASSED] - click: Object: 'Object Repository/Page_KiboPush  Dashboard/span_Broadcasts' is clicked on

2019-04-23 09:55:50 - [MESSAGE][PASSED] - Object: 'Object Repository/Page_KiboPush  Dashboard/span_Broadcasts' is clicked on

2019-04-23 09:55:50 - [TEST_STEP][PASSED] - delay: Delayed 1 second(s)

2019-04-23 09:55:51 - [MESSAGE][PASSED] - Delayed 1 second(s)

2019-04-23 09:55:51 - [TEST_STEP][PASSED] - scrollToPosition: Browser is scrolled to position x = 0, y = 0

2019-04-23 09:55:51 - [MESSAGE][PASSED] - Browser is scrolled to position x = 0, y = 0

2019-04-23 09:55:51 - [TEST_STEP][PASSED] - click: Object: 'Object Repository/Page_KiboPush  Broadcast/h3_Manage Broadcasts' is clicked on

2019-04-23 09:55:52 - [MESSAGE][PASSED] - Object: 'Object Repository/Page_KiboPush  Broadcast/h3_Manage Broadcasts' is clicked on

2019-04-23 09:55:52 - [MESSAGE][PASSED] - Call Test Case 'Test Cases/s-sidebar_navigation/individualAccount/broadcast' successfully

2019-04-23 09:55:52 - [MESSAGE][PASSED] - Call Test Case 'Test Cases/s-sidebar_navigation/TeamAccount/Broadcasts' successfully

2019-04-23 09:55:52 - [TEST_STEP][PASSED] - click: Object: 'Object Repository/Page_KiboPush  Broadcast/span_Create New Broadcast' is clicked on

2019-04-23 09:55:52 - [MESSAGE][PASSED] - Object: 'Object Repository/Page_KiboPush  Broadcast/span_Create New Broadcast' is clicked on

2019-04-23 09:55:52 - [TEST_STEP][PASSED] - click: Object: 'Object Repository/Page_KiboPush  Broadcast/a_Create New Broadcast' is clicked on

2019-04-23 09:55:53 - [MESSAGE][PASSED] - Object: 'Object Repository/Page_KiboPush  Broadcast/a_Create New Broadcast' is clicked on

2019-04-23 09:55:53 - [TEST_STEP][PASSED] - delay: Delayed 1 second(s)

2019-04-23 09:55:54 - [MESSAGE][PASSED] - Delayed 1 second(s)

2019-04-23 09:55:54 - [TEST_STEP][PASSED] - click: Object: 'Object Repository/Page_KiboPush  Create Broadcast/div_Text' is clicked on

2019-04-23 09:55:55 - [MESSAGE][PASSED] - Object: 'Object Repository/Page_KiboPush  Create Broadcast/div_Text' is clicked on

2019-04-23 09:55:55 - [TEST_STEP][PASSED] - click: Object: 'Object Repository/Page_KiboPush  Create Broadcast/div_ Add Button' is clicked on

2019-04-23 09:55:55 - [MESSAGE][PASSED] - Object: 'Object Repository/Page_KiboPush  Create Broadcast/div_ Add Button' is clicked on

2019-04-23 09:55:55 - [TEST_STEP][PASSED] - setText: Text 'KiboPush' is set on object 'Object Repository/Page_KiboPush  Create Broadcast/input_form-control (9)'

2019-04-23 09:55:56 - [MESSAGE][PASSED] - Text 'KiboPush' is set on object 'Object Repository/Page_KiboPush  Create Broadcast/input_form-control (9)'

2019-04-23 09:55:56 - [TEST_STEP][PASSED] - click: Object: 'Object Repository/Page_KiboPush  Create Broadcast/div_Open a website (5)' is clicked on

2019-04-23 09:55:56 - [MESSAGE][PASSED] - Object: 'Object Repository/Page_KiboPush  Create Broadcast/div_Open a website (5)' is clicked on

2019-04-23 09:55:56 - [TEST_STEP][PASSED] - setText: Text 'kibopush.com' is set on object 'Object Repository/Page_KiboPush  Create Broadcast/input_form-control_1 (5)'

2019-04-23 09:55:57 - [MESSAGE][PASSED] - Text 'kibopush.com' is set on object 'Object Repository/Page_KiboPush  Create Broadcast/input_form-control_1 (5)'

2019-04-23 09:55:57 - [TEST_STEP][PASSED] - click: Object: 'Object Repository/Page_KiboPush  Create Broadcast/button_Done (5)' is clicked on

2019-04-23 09:55:57 - [MESSAGE][PASSED] - Object: 'Object Repository/Page_KiboPush  Create Broadcast/button_Done (5)' is clicked on

2019-04-23 09:55:57 - [MESSAGE][PASSED] - Call Test Case 'Test Cases/Broadcasts/TC0133' successfully

2019-04-23 09:55:57 - [TEST_STEP][PASSED] - verifyElementPresent: Object 'Object Repository/Page_KiboPush  Create Broadcast/button_KiboPush' is present

2019-04-23 09:55:58 - [MESSAGE][PASSED] - Object 'Object Repository/Page_KiboPush  Create Broadcast/button_KiboPush' is present

2019-04-23 09:55:58 - [TEST_STEP][PASSED] - click: Object: 'Object Repository/Page_KiboPush  Create Broadcast/button_KiboPush' is clicked on

2019-04-23 09:55:59 - [MESSAGE][PASSED] - Object: 'Object Repository/Page_KiboPush  Create Broadcast/button_KiboPush' is clicked on

2019-04-23 09:55:59 - [TEST_STEP][PASSED] - click: Object: 'Object Repository/Page_KiboPush  Create Broadcast/button_Remove' is clicked on

2019-04-23 09:55:59 - [MESSAGE][PASSED] - Object: 'Object Repository/Page_KiboPush  Create Broadcast/button_Remove' is clicked on

2019-04-23 09:55:59 - [TEST_STEP][PASSED] - verifyElementNotPresent: Web element with id: 'Object Repository/Page_KiboPush  Create Broadcast/button_KiboPush' located by 'By.xpath: //button[(text() = 'KiboPush' or . = 'KiboPush')]' is not present after '5' second(s)

2019-04-23 09:55:59 - [MESSAGE][PASSED] - Web element with id: 'Object Repository/Page_KiboPush  Create Broadcast/button_KiboPush' located by 'By.xpath: //button[(text() = 'KiboPush' or . = 'KiboPush')]' is not present after '5' second(s)]]></system-out>
         <system-err><![CDATA[]]></system-err>
      </testcase>
      <testcase name="Test Cases/Broadcasts/TC0196" classname="Test Cases/Broadcasts/TC0196" status="PASSED">
         <system-out><![CDATA[2019-04-23 09:55:59 - [TEST_CASE][PASSED] - Test Cases/Broadcasts/TC0196: Test Cases/Broadcasts/TC0196

2019-04-23 09:56:00 - [TEST_STEP][PASSED] - callTestCase: Call Test Case 'Test Cases/Broadcasts/TC0131' successfully

2019-04-23 09:56:00 - [TEST_CASE][PASSED] - Test Cases/Broadcasts/TC0131: Test Cases/Broadcasts/TC0131

2019-04-23 09:56:00 - [TEST_STEP][PASSED] - callTestCase: Call Test Case 'Test Cases/s-sidebar_navigation/TeamAccount/Broadcasts' successfully

2019-04-23 09:56:00 - [TEST_CASE][PASSED] - Test Cases/s-sidebar_navigation/TeamAccount/Broadcasts: Test Cases/s-sidebar_navigation/TeamAccount/Broadcasts

2019-04-23 09:56:00 - [TEST_STEP][PASSED] - callTestCase: Call Test Case 'Test Cases/s-sidebar_navigation/individualAccount/broadcast' successfully

2019-04-23 09:56:01 - [TEST_CASE][PASSED] - Test Cases/s-sidebar_navigation/individualAccount/broadcast: Test Cases/s-sidebar_navigation/individualAccount/broadcast

2019-04-23 09:56:01 - [TEST_STEP][PASSED] - click: Object: 'Object Repository/Page_KiboPush  Dashboard/span_Polls' is clicked on

2019-04-23 09:56:01 - [MESSAGE][PASSED] - Object: 'Object Repository/Page_KiboPush  Dashboard/span_Polls' is clicked on

2019-04-23 09:56:01 - [TEST_STEP][PASSED] - delay: Delayed 1 second(s)

2019-04-23 09:56:02 - [MESSAGE][PASSED] - Delayed 1 second(s)

2019-04-23 09:56:02 - [TEST_STEP][PASSED] - click: Object: 'Object Repository/Page_KiboPush  Dashboard/span_Broadcasts' is clicked on

2019-04-23 09:56:03 - [MESSAGE][PASSED] - Object: 'Object Repository/Page_KiboPush  Dashboard/span_Broadcasts' is clicked on

2019-04-23 09:56:03 - [TEST_STEP][PASSED] - delay: Delayed 1 second(s)

2019-04-23 09:56:04 - [MESSAGE][PASSED] - Delayed 1 second(s)

2019-04-23 09:56:04 - [TEST_STEP][PASSED] - scrollToPosition: Browser is scrolled to position x = 0, y = 0

2019-04-23 09:56:04 - [MESSAGE][PASSED] - Browser is scrolled to position x = 0, y = 0

2019-04-23 09:56:04 - [TEST_STEP][PASSED] - click: Object: 'Object Repository/Page_KiboPush  Broadcast/h3_Manage Broadcasts' is clicked on

2019-04-23 09:56:04 - [MESSAGE][PASSED] - Object: 'Object Repository/Page_KiboPush  Broadcast/h3_Manage Broadcasts' is clicked on

2019-04-23 09:56:04 - [MESSAGE][PASSED] - Call Test Case 'Test Cases/s-sidebar_navigation/individualAccount/broadcast' successfully

2019-04-23 09:56:04 - [MESSAGE][PASSED] - Call Test Case 'Test Cases/s-sidebar_navigation/TeamAccount/Broadcasts' successfully

2019-04-23 09:56:04 - [TEST_STEP][PASSED] - click: Object: 'Object Repository/Page_KiboPush  Broadcast/span_Create New Broadcast' is clicked on

2019-04-23 09:56:05 - [MESSAGE][PASSED] - Object: 'Object Repository/Page_KiboPush  Broadcast/span_Create New Broadcast' is clicked on

2019-04-23 09:56:05 - [TEST_STEP][PASSED] - click: Object: 'Object Repository/Page_KiboPush  Broadcast/a_Create New Broadcast' is clicked on

2019-04-23 09:56:05 - [MESSAGE][PASSED] - Object: 'Object Repository/Page_KiboPush  Broadcast/a_Create New Broadcast' is clicked on

2019-04-23 09:56:05 - [TEST_STEP][PASSED] - delay: Delayed 1 second(s)

2019-04-23 09:56:06 - [MESSAGE][PASSED] - Delayed 1 second(s)

2019-04-23 09:56:06 - [TEST_STEP][PASSED] - click: Object: 'Object Repository/Page_KiboPush  Create Broadcast/div_Text_1' is clicked on

2019-04-23 09:56:07 - [MESSAGE][PASSED] - Object: 'Object Repository/Page_KiboPush  Create Broadcast/div_Text_1' is clicked on

2019-04-23 09:56:07 - [MESSAGE][PASSED] - Call Test Case 'Test Cases/Broadcasts/TC0131' successfully

2019-04-23 09:56:07 - [TEST_STEP][PASSED] - click: Object: 'Object Repository/Page_KiboPush  Create Broadcast/div_Text' is clicked on

2019-04-23 09:56:07 - [MESSAGE][PASSED] - Object: 'Object Repository/Page_KiboPush  Create Broadcast/div_Text' is clicked on

2019-04-23 09:56:07 - [TEST_STEP][PASSED] - click: Object: 'Object Repository/Page_KiboPush  Create Broadcast/button_Reset (1)' is clicked on

2019-04-23 09:56:08 - [MESSAGE][PASSED] - Object: 'Object Repository/Page_KiboPush  Create Broadcast/button_Reset (1)' is clicked on

2019-04-23 09:56:08 - [TEST_STEP][PASSED] - click: Object: 'Object Repository/Page_KiboPush  Create Broadcast/button_Yes' is clicked on

2019-04-23 09:56:08 - [MESSAGE][PASSED] - Object: 'Object Repository/Page_KiboPush  Create Broadcast/button_Yes' is clicked on]]></system-out>
         <system-err><![CDATA[]]></system-err>
      </testcase>
      <testcase name="Test Cases/Broadcasts/TC0204" classname="Test Cases/Broadcasts/TC0204" status="PASSED">
         <system-out><![CDATA[2019-04-23 09:56:09 - [TEST_CASE][PASSED] - Test Cases/Broadcasts/TC0204: Test Cases/Broadcasts/TC0204

2019-04-23 09:56:09 - [TEST_STEP][PASSED] - callTestCase: Call Test Case 'Test Cases/s-sidebar_navigation/individualAccount/arveen_production_login_kiboengage' successfully

2019-04-23 09:56:09 - [TEST_CASE][PASSED] - Test Cases/s-sidebar_navigation/individualAccount/arveen_production_login_kiboengage: Test Cases/s-sidebar_navigation/individualAccount/arveen_production_login_kiboengage

2019-04-23 09:56:09 - [TEST_STEP][PASSED] - openBrowser: Browser is opened with url: ''

2019-04-23 09:56:09 - [MESSAGE][WARNING] - A browser is already opened. Closing browser and opening a new one

2019-04-23 09:56:13 - [MESSAGE][PASSED] - Browser is opened with url: ''

2019-04-23 09:56:13 - [TEST_STEP][PASSED] - maximizeWindow: Current window maximized

2019-04-23 09:56:14 - [MESSAGE][PASSED] - Current window maximized

2019-04-23 09:56:14 - [TEST_STEP][PASSED] - navigateToUrl: Navigate to 'https://kiboengage.cloudkibo.com/' successfully

2019-04-23 09:56:28 - [MESSAGE][PASSED] - Navigate to 'https://kiboengage.cloudkibo.com/' successfully

2019-04-23 09:56:28 - [TEST_STEP][PASSED] - navigateToUrl: Navigate to 'https://accounts.cloudkibo.com/?continue=https://kiboengage.cloudkibo.com' successfully

2019-04-23 09:56:30 - [MESSAGE][PASSED] - Navigate to 'https://accounts.cloudkibo.com/?continue=https://kiboengage.cloudkibo.com' successfully

2019-04-23 09:56:30 - [TEST_STEP][PASSED] - click: Object: 'Object Repository/Page_CloudKibo/a_Login (2) (1) (1)' is clicked on

2019-04-23 09:56:31 - [MESSAGE][PASSED] - Object: 'Object Repository/Page_CloudKibo/a_Login (2) (1) (1)' is clicked on

2019-04-23 09:56:31 - [TEST_STEP][PASSED] - setText: Text 'individual@cloudkibo.com' is set on object 'Object Repository/Page_KiboPush/input_email (10) (1) (1)'

2019-04-23 09:56:32 - [MESSAGE][PASSED] - Text 'individual@cloudkibo.com' is set on object 'Object Repository/Page_KiboPush/input_email (10) (1) (1)'

2019-04-23 09:56:32 - [TEST_STEP][PASSED] - setEncryptedText: Text ****** has been set on object 'Object Repository/Page_CloudKibo/input_Sign In_password (7)'

2019-04-23 09:56:32 - [MESSAGE][PASSED] - Text ****** has been set on object 'Object Repository/Page_CloudKibo/input_Sign In_password (7)'

2019-04-23 09:56:32 - [TEST_STEP][PASSED] - click: Object: 'Object Repository/Page_KiboPush/button_Sign In (10) (1) (2)' is clicked on

2019-04-23 09:56:32 - [MESSAGE][PASSED] - Object: 'Object Repository/Page_KiboPush/button_Sign In (10) (1) (2)' is clicked on

2019-04-23 09:56:32 - [TEST_STEP][PASSED] - click: Object: 'Object Repository/Page_KiboPush  Dashboard/h3_Dashboard (57)' is clicked on

2019-04-23 09:56:49 - [MESSAGE][PASSED] - Object: 'Object Repository/Page_KiboPush  Dashboard/h3_Dashboard (57)' is clicked on

2019-04-23 09:56:49 - [TEST_STEP][PASSED] - delay: Delayed 3 second(s)

2019-04-23 09:56:52 - [MESSAGE][PASSED] - Delayed 3 second(s)

2019-04-23 09:56:52 - [TEST_STEP][PASSED] - click: Object: 'Object Repository/Page_KiboEngage  Dashboard/a_SMS (2) (1) (1) (1) (3)' is clicked on

2019-04-23 09:56:53 - [MESSAGE][PASSED] - Object: 'Object Repository/Page_KiboEngage  Dashboard/a_SMS (2) (1) (1) (1) (3)' is clicked on

2019-04-23 09:56:53 - [TEST_STEP][PASSED] - delay: Delayed 2 second(s)

2019-04-23 09:56:55 - [MESSAGE][PASSED] - Delayed 2 second(s)

2019-04-23 09:56:55 - [TEST_STEP][PASSED] - click: Object: 'Object Repository/Page_KiboEngage  Dashboard/span_Messenger (1) (1) (1) (3)' is clicked on

2019-04-23 09:56:55 - [MESSAGE][PASSED] - Object: 'Object Repository/Page_KiboEngage  Dashboard/span_Messenger (1) (1) (1) (3)' is clicked on

2019-04-23 09:56:55 - [TEST_STEP][PASSED] - delay: Delayed 2 second(s)

2019-04-23 09:56:57 - [MESSAGE][PASSED] - Delayed 2 second(s)

2019-04-23 09:56:57 - [MESSAGE][PASSED] - Call Test Case 'Test Cases/s-sidebar_navigation/individualAccount/arveen_production_login_kiboengage' successfully

2019-04-23 09:56:57 - [TEST_STEP][PASSED] - callTestCase: Call Test Case 'Test Cases/Broadcasts/open_broadcast' successfully

2019-04-23 09:56:57 - [TEST_CASE][PASSED] - Test Cases/Broadcasts/open_broadcast: Test Cases/Broadcasts/open_broadcast

2019-04-23 09:56:57 - [TEST_STEP][PASSED] - click: Object: 'Object Repository/Page_KiboPush  Dashboard/span_Broadcasting' is clicked on

2019-04-23 09:56:58 - [MESSAGE][PASSED] - Object: 'Object Repository/Page_KiboPush  Dashboard/span_Broadcasting' is clicked on

2019-04-23 09:56:58 - [TEST_STEP][PASSED] - delay: Delayed 2 second(s)

2019-04-23 09:57:00 - [MESSAGE][PASSED] - Delayed 2 second(s)

2019-04-23 09:57:00 - [MESSAGE][PASSED] - Call Test Case 'Test Cases/Broadcasts/open_broadcast' successfully

2019-04-23 09:57:00 - [TEST_STEP][PASSED] - callTestCase: Call Test Case 'Test Cases/Broadcasts/TC0131' successfully

2019-04-23 09:57:00 - [TEST_CASE][PASSED] - Test Cases/Broadcasts/TC0131: Test Cases/Broadcasts/TC0131

2019-04-23 09:57:00 - [TEST_STEP][PASSED] - callTestCase: Call Test Case 'Test Cases/s-sidebar_navigation/TeamAccount/Broadcasts' successfully

2019-04-23 09:57:00 - [TEST_CASE][PASSED] - Test Cases/s-sidebar_navigation/TeamAccount/Broadcasts: Test Cases/s-sidebar_navigation/TeamAccount/Broadcasts

2019-04-23 09:57:00 - [TEST_STEP][PASSED] - callTestCase: Call Test Case 'Test Cases/s-sidebar_navigation/individualAccount/broadcast' successfully

2019-04-23 09:57:00 - [TEST_CASE][PASSED] - Test Cases/s-sidebar_navigation/individualAccount/broadcast: Test Cases/s-sidebar_navigation/individualAccount/broadcast

2019-04-23 09:57:00 - [TEST_STEP][PASSED] - click: Object: 'Object Repository/Page_KiboPush  Dashboard/span_Polls' is clicked on

2019-04-23 09:57:00 - [MESSAGE][PASSED] - Object: 'Object Repository/Page_KiboPush  Dashboard/span_Polls' is clicked on

2019-04-23 09:57:00 - [TEST_STEP][PASSED] - delay: Delayed 1 second(s)

2019-04-23 09:57:01 - [MESSAGE][PASSED] - Delayed 1 second(s)

2019-04-23 09:57:01 - [TEST_STEP][PASSED] - click: Object: 'Object Repository/Page_KiboPush  Dashboard/span_Broadcasts' is clicked on

2019-04-23 09:57:02 - [MESSAGE][PASSED] - Object: 'Object Repository/Page_KiboPush  Dashboard/span_Broadcasts' is clicked on

2019-04-23 09:57:02 - [TEST_STEP][PASSED] - delay: Delayed 1 second(s)

2019-04-23 09:57:03 - [MESSAGE][PASSED] - Delayed 1 second(s)

2019-04-23 09:57:03 - [TEST_STEP][PASSED] - scrollToPosition: Browser is scrolled to position x = 0, y = 0

2019-04-23 09:57:03 - [MESSAGE][PASSED] - Browser is scrolled to position x = 0, y = 0

2019-04-23 09:57:03 - [TEST_STEP][PASSED] - click: Object: 'Object Repository/Page_KiboPush  Broadcast/h3_Manage Broadcasts' is clicked on

2019-04-23 09:57:03 - [MESSAGE][PASSED] - Object: 'Object Repository/Page_KiboPush  Broadcast/h3_Manage Broadcasts' is clicked on

2019-04-23 09:57:03 - [MESSAGE][PASSED] - Call Test Case 'Test Cases/s-sidebar_navigation/individualAccount/broadcast' successfully

2019-04-23 09:57:03 - [MESSAGE][PASSED] - Call Test Case 'Test Cases/s-sidebar_navigation/TeamAccount/Broadcasts' successfully

2019-04-23 09:57:03 - [TEST_STEP][PASSED] - click: Object: 'Object Repository/Page_KiboPush  Broadcast/span_Create New Broadcast' is clicked on

2019-04-23 09:57:04 - [MESSAGE][PASSED] - Object: 'Object Repository/Page_KiboPush  Broadcast/span_Create New Broadcast' is clicked on

2019-04-23 09:57:04 - [TEST_STEP][PASSED] - click: Object: 'Object Repository/Page_KiboPush  Broadcast/a_Create New Broadcast' is clicked on

2019-04-23 09:57:05 - [MESSAGE][PASSED] - Object: 'Object Repository/Page_KiboPush  Broadcast/a_Create New Broadcast' is clicked on

2019-04-23 09:57:05 - [TEST_STEP][PASSED] - delay: Delayed 1 second(s)

2019-04-23 09:57:06 - [MESSAGE][PASSED] - Delayed 1 second(s)

2019-04-23 09:57:06 - [TEST_STEP][PASSED] - click: Object: 'Object Repository/Page_KiboPush  Create Broadcast/div_Text_1' is clicked on

2019-04-23 09:57:07 - [MESSAGE][PASSED] - Object: 'Object Repository/Page_KiboPush  Create Broadcast/div_Text_1' is clicked on

2019-04-23 09:57:07 - [MESSAGE][PASSED] - Call Test Case 'Test Cases/Broadcasts/TC0131' successfully

2019-04-23 09:57:07 - [TEST_STEP][PASSED] - click: Object: 'Object Repository/Page_KiboPush  Create Broadcast/div_Text' is clicked on

2019-04-23 09:57:07 - [MESSAGE][PASSED] - Object: 'Object Repository/Page_KiboPush  Create Broadcast/div_Text' is clicked on

2019-04-23 09:57:07 - [TEST_STEP][PASSED] - setText: Text 'X' is set on object 'Object Repository/Page_KiboPush  Create Broadcast/text_component'

2019-04-23 09:57:08 - [MESSAGE][PASSED] - Text 'X' is set on object 'Object Repository/Page_KiboPush  Create Broadcast/text_component'

2019-04-23 09:57:08 - [TEST_STEP][PASSED] - setText: Text 'XY' is set on object 'Object Repository/Page_KiboPush  Create Broadcast/textarea_X'

2019-04-23 09:57:08 - [MESSAGE][PASSED] - Text 'XY' is set on object 'Object Repository/Page_KiboPush  Create Broadcast/textarea_X'

2019-04-23 09:57:08 - [TEST_STEP][PASSED] - setText: Text 'XYZ' is set on object 'Object Repository/Page_KiboPush  Create Broadcast/textarea_XY'

2019-04-23 09:57:09 - [MESSAGE][PASSED] - Text 'XYZ' is set on object 'Object Repository/Page_KiboPush  Create Broadcast/textarea_XY']]></system-out>
         <system-err><![CDATA[]]></system-err>
      </testcase>
      <testcase name="Test Cases/Broadcasts/TC0684" classname="Test Cases/Broadcasts/TC0684" status="PASSED">
         <system-out><![CDATA[2019-04-23 09:57:09 - [TEST_CASE][PASSED] - Test Cases/Broadcasts/TC0684: Test Cases/Broadcasts/TC0684

2019-04-23 09:57:09 - [TEST_STEP][PASSED] - callTestCase: Call Test Case 'Test Cases/s-sidebar_navigation/TeamAccount/Broadcasts' successfully

2019-04-23 09:57:09 - [TEST_CASE][PASSED] - Test Cases/s-sidebar_navigation/TeamAccount/Broadcasts: Test Cases/s-sidebar_navigation/TeamAccount/Broadcasts

2019-04-23 09:57:09 - [TEST_STEP][PASSED] - callTestCase: Call Test Case 'Test Cases/s-sidebar_navigation/individualAccount/broadcast' successfully

2019-04-23 09:57:09 - [TEST_CASE][PASSED] - Test Cases/s-sidebar_navigation/individualAccount/broadcast: Test Cases/s-sidebar_navigation/individualAccount/broadcast

2019-04-23 09:57:09 - [TEST_STEP][PASSED] - click: Object: 'Object Repository/Page_KiboPush  Dashboard/span_Polls' is clicked on

2019-04-23 09:57:09 - [MESSAGE][PASSED] - Object: 'Object Repository/Page_KiboPush  Dashboard/span_Polls' is clicked on

2019-04-23 09:57:09 - [TEST_STEP][PASSED] - delay: Delayed 1 second(s)

2019-04-23 09:57:10 - [MESSAGE][PASSED] - Delayed 1 second(s)

2019-04-23 09:57:10 - [TEST_STEP][PASSED] - click: Object: 'Object Repository/Page_KiboPush  Dashboard/span_Broadcasts' is clicked on

2019-04-23 09:57:11 - [MESSAGE][PASSED] - Object: 'Object Repository/Page_KiboPush  Dashboard/span_Broadcasts' is clicked on

2019-04-23 09:57:11 - [TEST_STEP][PASSED] - delay: Delayed 1 second(s)

2019-04-23 09:57:12 - [MESSAGE][PASSED] - Delayed 1 second(s)

2019-04-23 09:57:12 - [TEST_STEP][PASSED] - scrollToPosition: Browser is scrolled to position x = 0, y = 0

2019-04-23 09:57:12 - [MESSAGE][PASSED] - Browser is scrolled to position x = 0, y = 0

2019-04-23 09:57:12 - [TEST_STEP][PASSED] - click: Object: 'Object Repository/Page_KiboPush  Broadcast/h3_Manage Broadcasts' is clicked on

2019-04-23 09:57:12 - [MESSAGE][PASSED] - Object: 'Object Repository/Page_KiboPush  Broadcast/h3_Manage Broadcasts' is clicked on

2019-04-23 09:57:12 - [MESSAGE][PASSED] - Call Test Case 'Test Cases/s-sidebar_navigation/individualAccount/broadcast' successfully

2019-04-23 09:57:12 - [MESSAGE][PASSED] - Call Test Case 'Test Cases/s-sidebar_navigation/TeamAccount/Broadcasts' successfully

2019-04-23 09:57:12 - [TEST_STEP][PASSED] - click: Object: 'Object Repository/Page_KiboPush  Broadcast/span_Create New Broadcast' is clicked on

2019-04-23 09:57:13 - [MESSAGE][PASSED] - Object: 'Object Repository/Page_KiboPush  Broadcast/span_Create New Broadcast' is clicked on

2019-04-23 09:57:13 - [TEST_STEP][PASSED] - click: Object: 'Object Repository/Page_KiboPush  Broadcast/a_Create New Broadcast' is clicked on

2019-04-23 09:57:14 - [MESSAGE][PASSED] - Object: 'Object Repository/Page_KiboPush  Broadcast/a_Create New Broadcast' is clicked on

2019-04-23 09:57:14 - [TEST_STEP][PASSED] - delay: Delayed 1 second(s)

2019-04-23 09:57:15 - [MESSAGE][PASSED] - Delayed 1 second(s)

2019-04-23 09:57:15 - [TEST_STEP][PASSED] - click: Object: 'Object Repository/Page_KiboPush  Create Broadcast/div_List' is clicked on

2019-04-23 09:57:16 - [MESSAGE][PASSED] - Object: 'Object Repository/Page_KiboPush  Create Broadcast/div_List' is clicked on

2019-04-23 09:57:16 - [TEST_STEP][PASSED] - delay: Delayed 1 second(s)

2019-04-23 09:57:17 - [MESSAGE][PASSED] - Delayed 1 second(s)

2019-04-23 09:57:17 - [TEST_STEP][PASSED] - click: Object: 'Object Repository/Page_KiboPush  Create Broadcast/div_ Add Button  Add Action' is clicked on

2019-04-23 09:57:17 - [MESSAGE][PASSED] - Object: 'Object Repository/Page_KiboPush  Create Broadcast/div_ Add Button  Add Action' is clicked on

2019-04-23 09:57:17 - [TEST_STEP][PASSED] - delay: Delayed 2 second(s)

2019-04-23 09:57:19 - [MESSAGE][PASSED] - Delayed 2 second(s)]]></system-out>
         <system-err><![CDATA[]]></system-err>
      </testcase>
      <testcase name="Test Cases/Broadcasts/TC0685" classname="Test Cases/Broadcasts/TC0685" status="PASSED">
         <system-out><![CDATA[2019-04-23 09:57:19 - [TEST_CASE][PASSED] - Test Cases/Broadcasts/TC0685: Test Cases/Broadcasts/TC0685

2019-04-23 09:57:19 - [TEST_STEP][PASSED] - callTestCase: Call Test Case 'Test Cases/Broadcasts/TC0684' successfully

2019-04-23 09:57:19 - [TEST_CASE][PASSED] - Test Cases/Broadcasts/TC0684: Test Cases/Broadcasts/TC0684

2019-04-23 09:57:19 - [TEST_STEP][PASSED] - callTestCase: Call Test Case 'Test Cases/s-sidebar_navigation/TeamAccount/Broadcasts' successfully

2019-04-23 09:57:19 - [TEST_CASE][PASSED] - Test Cases/s-sidebar_navigation/TeamAccount/Broadcasts: Test Cases/s-sidebar_navigation/TeamAccount/Broadcasts

2019-04-23 09:57:19 - [TEST_STEP][PASSED] - callTestCase: Call Test Case 'Test Cases/s-sidebar_navigation/individualAccount/broadcast' successfully

2019-04-23 09:57:19 - [TEST_CASE][PASSED] - Test Cases/s-sidebar_navigation/individualAccount/broadcast: Test Cases/s-sidebar_navigation/individualAccount/broadcast

2019-04-23 09:57:19 - [TEST_STEP][PASSED] - click: Object: 'Object Repository/Page_KiboPush  Dashboard/span_Polls' is clicked on

2019-04-23 09:57:20 - [MESSAGE][PASSED] - Object: 'Object Repository/Page_KiboPush  Dashboard/span_Polls' is clicked on

2019-04-23 09:57:20 - [TEST_STEP][PASSED] - delay: Delayed 1 second(s)

2019-04-23 09:57:21 - [MESSAGE][PASSED] - Delayed 1 second(s)

2019-04-23 09:57:21 - [TEST_STEP][PASSED] - click: Object: 'Object Repository/Page_KiboPush  Dashboard/span_Broadcasts' is clicked on

2019-04-23 09:57:21 - [MESSAGE][PASSED] - Object: 'Object Repository/Page_KiboPush  Dashboard/span_Broadcasts' is clicked on

2019-04-23 09:57:21 - [TEST_STEP][PASSED] - delay: Delayed 1 second(s)

2019-04-23 09:57:22 - [MESSAGE][PASSED] - Delayed 1 second(s)

2019-04-23 09:57:22 - [TEST_STEP][PASSED] - scrollToPosition: Browser is scrolled to position x = 0, y = 0

2019-04-23 09:57:22 - [MESSAGE][PASSED] - Browser is scrolled to position x = 0, y = 0

2019-04-23 09:57:22 - [TEST_STEP][PASSED] - click: Object: 'Object Repository/Page_KiboPush  Broadcast/h3_Manage Broadcasts' is clicked on

2019-04-23 09:57:23 - [MESSAGE][PASSED] - Object: 'Object Repository/Page_KiboPush  Broadcast/h3_Manage Broadcasts' is clicked on

2019-04-23 09:57:23 - [MESSAGE][PASSED] - Call Test Case 'Test Cases/s-sidebar_navigation/individualAccount/broadcast' successfully

2019-04-23 09:57:23 - [MESSAGE][PASSED] - Call Test Case 'Test Cases/s-sidebar_navigation/TeamAccount/Broadcasts' successfully

2019-04-23 09:57:23 - [TEST_STEP][PASSED] - click: Object: 'Object Repository/Page_KiboPush  Broadcast/span_Create New Broadcast' is clicked on

2019-04-23 09:57:23 - [MESSAGE][PASSED] - Object: 'Object Repository/Page_KiboPush  Broadcast/span_Create New Broadcast' is clicked on

2019-04-23 09:57:23 - [TEST_STEP][PASSED] - click: Object: 'Object Repository/Page_KiboPush  Broadcast/a_Create New Broadcast' is clicked on

2019-04-23 09:57:24 - [MESSAGE][PASSED] - Object: 'Object Repository/Page_KiboPush  Broadcast/a_Create New Broadcast' is clicked on

2019-04-23 09:57:24 - [TEST_STEP][PASSED] - delay: Delayed 1 second(s)

2019-04-23 09:57:25 - [MESSAGE][PASSED] - Delayed 1 second(s)

2019-04-23 09:57:25 - [TEST_STEP][PASSED] - click: Object: 'Object Repository/Page_KiboPush  Create Broadcast/div_List' is clicked on

2019-04-23 09:57:26 - [MESSAGE][PASSED] - Object: 'Object Repository/Page_KiboPush  Create Broadcast/div_List' is clicked on

2019-04-23 09:57:26 - [TEST_STEP][PASSED] - delay: Delayed 1 second(s)

2019-04-23 09:57:27 - [MESSAGE][PASSED] - Delayed 1 second(s)

2019-04-23 09:57:27 - [TEST_STEP][PASSED] - click: Object: 'Object Repository/Page_KiboPush  Create Broadcast/div_ Add Button  Add Action' is clicked on

2019-04-23 09:57:27 - [MESSAGE][PASSED] - Object: 'Object Repository/Page_KiboPush  Create Broadcast/div_ Add Button  Add Action' is clicked on

2019-04-23 09:57:27 - [TEST_STEP][PASSED] - delay: Delayed 2 second(s)

2019-04-23 09:57:29 - [MESSAGE][PASSED] - Delayed 2 second(s)

2019-04-23 09:57:29 - [MESSAGE][PASSED] - Call Test Case 'Test Cases/Broadcasts/TC0684' successfully

2019-04-23 09:57:29 - [TEST_STEP][PASSED] - click: Object: 'Object Repository/Page_KiboPush  Create Broadcast/i_fa fa-times fa-stack-2x' is clicked on

2019-04-23 09:57:29 - [MESSAGE][PASSED] - Object: 'Object Repository/Page_KiboPush  Create Broadcast/i_fa fa-times fa-stack-2x' is clicked on

2019-04-23 09:57:29 - [TEST_STEP][PASSED] - verifyElementNotPresent: Web element with id: 'Object Repository/Page_KiboPush  Create Broadcast/div_ Add Button  Add Action' located by 'By.xpath: //div[(text() = ' + Add Button  Add Action' or . = ' + Add Button  Add Action')]' is not present after '5' second(s)

2019-04-23 09:57:29 - [MESSAGE][PASSED] - Web element with id: 'Object Repository/Page_KiboPush  Create Broadcast/div_ Add Button  Add Action' located by 'By.xpath: //div[(text() = ' + Add Button  Add Action' or . = ' + Add Button  Add Action')]' is not present after '5' second(s)]]></system-out>
         <system-err><![CDATA[]]></system-err>
      </testcase>
      <testcase name="Test Cases/Broadcasts/TC0686" classname="Test Cases/Broadcasts/TC0686" status="FAILED">
         <failure type="FAILED" message="Unable to click on object 'Object Repository/Page_KiboPush  Create Broadcast/i_fa fa-times-circle-o' (Root cause: org.openqa.selenium.InvalidSelectorException: invalid selector: Unable to locate an element with the xpath expression  because of the following error:
SyntaxError: Failed to execute 'evaluate' on 'Document': The string '' is not a valid XPath expression.
  (Session info: chrome=73.0.3683.103)
  (Driver info: chromedriver=2.35.528161 (5b82f2d2aae0ca24b877009200ced9065a772e73),platform=Windows NT 10.0.17134 x86_64) (WARNING: The server did not provide any stacktrace information)
Command duration or timeout: 0 milliseconds
For documentation on this error, please visit: http://seleniumhq.org/exceptions/invalid_selector_exception.html
Build info: version: '3.7.1', revision: '8a0099a', time: '2017-11-06T21:07:36.161Z'
System info: host: 'DESKTOP-4M6R1V0', ip: '10.0.2.15', os.name: 'Windows 10', os.arch: 'amd64', os.version: '10.0', java.version: '1.8.0_181'
Driver info: com.kms.katalon.selenium.driver.CChromeDriver
Capabilities {acceptInsecureCerts: false, acceptSslCerts: false, applicationCacheEnabled: false, browserConnectionEnabled: false, browserName: chrome, chrome: {chromedriverVersion: 2.35.528161 (5b82f2d2aae0ca..., userDataDir: C:\Users\CLOUDK~1\AppData\L...}, cssSelectorsEnabled: true, databaseEnabled: false, handlesAlerts: true, hasTouchScreen: false, javascriptEnabled: true, locationContextEnabled: true, mobileEmulationEnabled: false, nativeEvents: true, networkConnectionEnabled: false, pageLoadStrategy: normal, platform: XP, platformName: XP, rotatable: false, setWindowRect: true, takesHeapSnapshot: true, takesScreenshot: true, unexpectedAlertBehaviour: , unhandledPromptBehavior: , version: 73.0.3683.103, webStorageEnabled: true}
Session ID: 49b3bc855a92b2fa193b7182764a0e8c
*** Element info: {Using=xpath, value=})"/>
         <system-out><![CDATA[2019-04-23 09:57:29 - [TEST_CASE][FAILED] - Test Cases/Broadcasts/TC0686: Test Cases/Broadcasts/TC0686 FAILED because (of) Unable to click on object 'Object Repository/Page_KiboPush  Create Broadcast/i_fa fa-times-circle-o' (Root cause: org.openqa.selenium.InvalidSelectorException: invalid selector: Unable to locate an element with the xpath expression  because of the following error:
SyntaxError: Failed to execute 'evaluate' on 'Document': The string '' is not a valid XPath expression.
  (Session info: chrome=73.0.3683.103)
  (Driver info: chromedriver=2.35.528161 (5b82f2d2aae0ca24b877009200ced9065a772e73),platform=Windows NT 10.0.17134 x86_64) (WARNING: The server did not provide any stacktrace information)
Command duration or timeout: 0 milliseconds
For documentation on this error, please visit: http://seleniumhq.org/exceptions/invalid_selector_exception.html
Build info: version: '3.7.1', revision: '8a0099a', time: '2017-11-06T21:07:36.161Z'
System info: host: 'DESKTOP-4M6R1V0', ip: '10.0.2.15', os.name: 'Windows 10', os.arch: 'amd64', os.version: '10.0', java.version: '1.8.0_181'
Driver info: com.kms.katalon.selenium.driver.CChromeDriver
Capabilities {acceptInsecureCerts: false, acceptSslCerts: false, applicationCacheEnabled: false, browserConnectionEnabled: false, browserName: chrome, chrome: {chromedriverVersion: 2.35.528161 (5b82f2d2aae0ca..., userDataDir: C:\Users\CLOUDK~1\AppData\L...}, cssSelectorsEnabled: true, databaseEnabled: false, handlesAlerts: true, hasTouchScreen: false, javascriptEnabled: true, locationContextEnabled: true, mobileEmulationEnabled: false, nativeEvents: true, networkConnectionEnabled: false, pageLoadStrategy: normal, platform: XP, platformName: XP, rotatable: false, setWindowRect: true, takesHeapSnapshot: true, takesScreenshot: true, unexpectedAlertBehaviour: , unhandledPromptBehavior: , version: 73.0.3683.103, webStorageEnabled: true}
Session ID: 49b3bc855a92b2fa193b7182764a0e8c
*** Element info: {Using=xpath, value=})

2019-04-23 09:57:30 - [TEST_STEP][PASSED] - callTestCase: Call Test Case 'Test Cases/Broadcasts/TC0684' successfully

2019-04-23 09:57:30 - [TEST_CASE][PASSED] - Test Cases/Broadcasts/TC0684: Test Cases/Broadcasts/TC0684

2019-04-23 09:57:30 - [TEST_STEP][PASSED] - callTestCase: Call Test Case 'Test Cases/s-sidebar_navigation/TeamAccount/Broadcasts' successfully

2019-04-23 09:57:30 - [TEST_CASE][PASSED] - Test Cases/s-sidebar_navigation/TeamAccount/Broadcasts: Test Cases/s-sidebar_navigation/TeamAccount/Broadcasts

2019-04-23 09:57:30 - [TEST_STEP][PASSED] - callTestCase: Call Test Case 'Test Cases/s-sidebar_navigation/individualAccount/broadcast' successfully

2019-04-23 09:57:30 - [TEST_CASE][PASSED] - Test Cases/s-sidebar_navigation/individualAccount/broadcast: Test Cases/s-sidebar_navigation/individualAccount/broadcast

2019-04-23 09:57:30 - [TEST_STEP][PASSED] - click: Object: 'Object Repository/Page_KiboPush  Dashboard/span_Polls' is clicked on

2019-04-23 09:57:30 - [MESSAGE][PASSED] - Object: 'Object Repository/Page_KiboPush  Dashboard/span_Polls' is clicked on

2019-04-23 09:57:30 - [TEST_STEP][PASSED] - delay: Delayed 1 second(s)

2019-04-23 09:57:31 - [MESSAGE][PASSED] - Delayed 1 second(s)

2019-04-23 09:57:31 - [TEST_STEP][PASSED] - click: Object: 'Object Repository/Page_KiboPush  Dashboard/span_Broadcasts' is clicked on

2019-04-23 09:57:32 - [MESSAGE][PASSED] - Object: 'Object Repository/Page_KiboPush  Dashboard/span_Broadcasts' is clicked on

2019-04-23 09:57:32 - [TEST_STEP][PASSED] - delay: Delayed 1 second(s)

2019-04-23 09:57:33 - [MESSAGE][PASSED] - Delayed 1 second(s)

2019-04-23 09:57:33 - [TEST_STEP][PASSED] - scrollToPosition: Browser is scrolled to position x = 0, y = 0

2019-04-23 09:57:33 - [MESSAGE][PASSED] - Browser is scrolled to position x = 0, y = 0

2019-04-23 09:57:33 - [TEST_STEP][PASSED] - click: Object: 'Object Repository/Page_KiboPush  Broadcast/h3_Manage Broadcasts' is clicked on

2019-04-23 09:57:33 - [MESSAGE][PASSED] - Object: 'Object Repository/Page_KiboPush  Broadcast/h3_Manage Broadcasts' is clicked on

2019-04-23 09:57:33 - [MESSAGE][PASSED] - Call Test Case 'Test Cases/s-sidebar_navigation/individualAccount/broadcast' successfully

2019-04-23 09:57:33 - [MESSAGE][PASSED] - Call Test Case 'Test Cases/s-sidebar_navigation/TeamAccount/Broadcasts' successfully

2019-04-23 09:57:33 - [TEST_STEP][PASSED] - click: Object: 'Object Repository/Page_KiboPush  Broadcast/span_Create New Broadcast' is clicked on

2019-04-23 09:57:34 - [MESSAGE][PASSED] - Object: 'Object Repository/Page_KiboPush  Broadcast/span_Create New Broadcast' is clicked on

2019-04-23 09:57:34 - [TEST_STEP][PASSED] - click: Object: 'Object Repository/Page_KiboPush  Broadcast/a_Create New Broadcast' is clicked on

2019-04-23 09:57:35 - [MESSAGE][PASSED] - Object: 'Object Repository/Page_KiboPush  Broadcast/a_Create New Broadcast' is clicked on

2019-04-23 09:57:35 - [TEST_STEP][PASSED] - delay: Delayed 1 second(s)

2019-04-23 09:57:36 - [MESSAGE][PASSED] - Delayed 1 second(s)

2019-04-23 09:57:36 - [TEST_STEP][PASSED] - click: Object: 'Object Repository/Page_KiboPush  Create Broadcast/div_List' is clicked on

2019-04-23 09:57:36 - [MESSAGE][PASSED] - Object: 'Object Repository/Page_KiboPush  Create Broadcast/div_List' is clicked on

2019-04-23 09:57:36 - [TEST_STEP][PASSED] - delay: Delayed 1 second(s)

2019-04-23 09:57:37 - [MESSAGE][PASSED] - Delayed 1 second(s)

2019-04-23 09:57:37 - [TEST_STEP][PASSED] - click: Object: 'Object Repository/Page_KiboPush  Create Broadcast/div_ Add Button  Add Action' is clicked on

2019-04-23 09:57:38 - [MESSAGE][PASSED] - Object: 'Object Repository/Page_KiboPush  Create Broadcast/div_ Add Button  Add Action' is clicked on

2019-04-23 09:57:38 - [TEST_STEP][PASSED] - delay: Delayed 2 second(s)

2019-04-23 09:57:40 - [MESSAGE][PASSED] - Delayed 2 second(s)

2019-04-23 09:57:40 - [MESSAGE][PASSED] - Call Test Case 'Test Cases/Broadcasts/TC0684' successfully

2019-04-23 09:57:40 - [TEST_STEP][FAILED] - click: Unable to click on object 'Object Repository/Page_KiboPush  Create Broadcast/i_fa fa-times-circle-o' (Root cause: org.openqa.selenium.InvalidSelectorException: invalid selector: Unable to locate an element with the xpath expression  because of the following error:
SyntaxError: Failed to execute 'evaluate' on 'Document': The string '' is not a valid XPath expression.
  (Session info: chrome=73.0.3683.103)
  (Driver info: chromedriver=2.35.528161 (5b82f2d2aae0ca24b877009200ced9065a772e73),platform=Windows NT 10.0.17134 x86_64) (WARNING: The server did not provide any stacktrace information)
Command duration or timeout: 0 milliseconds
For documentation on this error, please visit: http://seleniumhq.org/exceptions/invalid_selector_exception.html
Build info: version: '3.7.1', revision: '8a0099a', time: '2017-11-06T21:07:36.161Z'
System info: host: 'DESKTOP-4M6R1V0', ip: '10.0.2.15', os.name: 'Windows 10', os.arch: 'amd64', os.version: '10.0', java.version: '1.8.0_181'
Driver info: com.kms.katalon.selenium.driver.CChromeDriver
Capabilities {acceptInsecureCerts: false, acceptSslCerts: false, applicationCacheEnabled: false, browserConnectionEnabled: false, browserName: chrome, chrome: {chromedriverVersion: 2.35.528161 (5b82f2d2aae0ca..., userDataDir: C:\Users\CLOUDK~1\AppData\L...}, cssSelectorsEnabled: true, databaseEnabled: false, handlesAlerts: true, hasTouchScreen: false, javascriptEnabled: true, locationContextEnabled: true, mobileEmulationEnabled: false, nativeEvents: true, networkConnectionEnabled: false, pageLoadStrategy: normal, platform: XP, platformName: XP, rotatable: false, setWindowRect: true, takesHeapSnapshot: true, takesScreenshot: true, unexpectedAlertBehaviour: , unhandledPromptBehavior: , version: 73.0.3683.103, webStorageEnabled: true}
Session ID: 49b3bc855a92b2fa193b7182764a0e8c
*** Element info: {Using=xpath, value=})

2019-04-23 09:58:12 - [MESSAGE][FAILED] - Unable to click on object 'Object Repository/Page_KiboPush  Create Broadcast/i_fa fa-times-circle-o' (Root cause: org.openqa.selenium.InvalidSelectorException: invalid selector: Unable to locate an element with the xpath expression  because of the following error:
SyntaxError: Failed to execute 'evaluate' on 'Document': The string '' is not a valid XPath expression.
  (Session info: chrome=73.0.3683.103)
  (Driver info: chromedriver=2.35.528161 (5b82f2d2aae0ca24b877009200ced9065a772e73),platform=Windows NT 10.0.17134 x86_64) (WARNING: The server did not provide any stacktrace information)
Command duration or timeout: 0 milliseconds
For documentation on this error, please visit: http://seleniumhq.org/exceptions/invalid_selector_exception.html
Build info: version: '3.7.1', revision: '8a0099a', time: '2017-11-06T21:07:36.161Z'
System info: host: 'DESKTOP-4M6R1V0', ip: '10.0.2.15', os.name: 'Windows 10', os.arch: 'amd64', os.version: '10.0', java.version: '1.8.0_181'
Driver info: com.kms.katalon.selenium.driver.CChromeDriver
Capabilities {acceptInsecureCerts: false, acceptSslCerts: false, applicationCacheEnabled: false, browserConnectionEnabled: false, browserName: chrome, chrome: {chromedriverVersion: 2.35.528161 (5b82f2d2aae0ca..., userDataDir: C:\Users\CLOUDK~1\AppData\L...}, cssSelectorsEnabled: true, databaseEnabled: false, handlesAlerts: true, hasTouchScreen: false, javascriptEnabled: true, locationContextEnabled: true, mobileEmulationEnabled: false, nativeEvents: true, networkConnectionEnabled: false, pageLoadStrategy: normal, platform: XP, platformName: XP, rotatable: false, setWindowRect: true, takesHeapSnapshot: true, takesScreenshot: true, unexpectedAlertBehaviour: , unhandledPromptBehavior: , version: 73.0.3683.103, webStorageEnabled: true}
Session ID: 49b3bc855a92b2fa193b7182764a0e8c
*** Element info: {Using=xpath, value=})
[[ATTACHMENT|C:\\Users\\cloudkibo\\Desktop\\KiboPush_Automated_Testing\\KiboPush Katalon\\Reports\\broadcast\\20190423_093942\\1555995491615.png]]]]></system-out>
         <system-err><![CDATA[2019-04-23 09:57:29 - [TEST_CASE][FAILED] - Test Cases/Broadcasts/TC0686: Test Cases/Broadcasts/TC0686 FAILED because (of) Unable to click on object 'Object Repository/Page_KiboPush  Create Broadcast/i_fa fa-times-circle-o' (Root cause: org.openqa.selenium.InvalidSelectorException: invalid selector: Unable to locate an element with the xpath expression  because of the following error:
SyntaxError: Failed to execute 'evaluate' on 'Document': The string '' is not a valid XPath expression.
  (Session info: chrome=73.0.3683.103)
  (Driver info: chromedriver=2.35.528161 (5b82f2d2aae0ca24b877009200ced9065a772e73),platform=Windows NT 10.0.17134 x86_64) (WARNING: The server did not provide any stacktrace information)
Command duration or timeout: 0 milliseconds
For documentation on this error, please visit: http://seleniumhq.org/exceptions/invalid_selector_exception.html
Build info: version: '3.7.1', revision: '8a0099a', time: '2017-11-06T21:07:36.161Z'
System info: host: 'DESKTOP-4M6R1V0', ip: '10.0.2.15', os.name: 'Windows 10', os.arch: 'amd64', os.version: '10.0', java.version: '1.8.0_181'
Driver info: com.kms.katalon.selenium.driver.CChromeDriver
Capabilities {acceptInsecureCerts: false, acceptSslCerts: false, applicationCacheEnabled: false, browserConnectionEnabled: false, browserName: chrome, chrome: {chromedriverVersion: 2.35.528161 (5b82f2d2aae0ca..., userDataDir: C:\Users\CLOUDK~1\AppData\L...}, cssSelectorsEnabled: true, databaseEnabled: false, handlesAlerts: true, hasTouchScreen: false, javascriptEnabled: true, locationContextEnabled: true, mobileEmulationEnabled: false, nativeEvents: true, networkConnectionEnabled: false, pageLoadStrategy: normal, platform: XP, platformName: XP, rotatable: false, setWindowRect: true, takesHeapSnapshot: true, takesScreenshot: true, unexpectedAlertBehaviour: , unhandledPromptBehavior: , version: 73.0.3683.103, webStorageEnabled: true}
Session ID: 49b3bc855a92b2fa193b7182764a0e8c
*** Element info: {Using=xpath, value=})]]></system-err>
      </testcase>
      <testcase name="Test Cases/Broadcasts/TC0687" classname="Test Cases/Broadcasts/TC0687" status="FAILED">
         <failure type="FAILED" message="Unable to set text 'X' of object 'Object Repository/Page_KiboPush  Create Broadcast/Second_Card_List_Title' (Root cause: org.openqa.selenium.InvalidSelectorException: invalid selector: Unable to locate an element with the xpath expression  because of the following error:
SyntaxError: Failed to execute 'evaluate' on 'Document': The string '' is not a valid XPath expression.
  (Session info: chrome=73.0.3683.103)
  (Driver info: chromedriver=2.35.528161 (5b82f2d2aae0ca24b877009200ced9065a772e73),platform=Windows NT 10.0.17134 x86_64) (WARNING: The server did not provide any stacktrace information)
Command duration or timeout: 0 milliseconds
For documentation on this error, please visit: http://seleniumhq.org/exceptions/invalid_selector_exception.html
Build info: version: '3.7.1', revision: '8a0099a', time: '2017-11-06T21:07:36.161Z'
System info: host: 'DESKTOP-4M6R1V0', ip: '10.0.2.15', os.name: 'Windows 10', os.arch: 'amd64', os.version: '10.0', java.version: '1.8.0_181'
Driver info: com.kms.katalon.selenium.driver.CChromeDriver
Capabilities {acceptInsecureCerts: false, acceptSslCerts: false, applicationCacheEnabled: false, browserConnectionEnabled: false, browserName: chrome, chrome: {chromedriverVersion: 2.35.528161 (5b82f2d2aae0ca..., userDataDir: C:\Users\CLOUDK~1\AppData\L...}, cssSelectorsEnabled: true, databaseEnabled: false, handlesAlerts: true, hasTouchScreen: false, javascriptEnabled: true, locationContextEnabled: true, mobileEmulationEnabled: false, nativeEvents: true, networkConnectionEnabled: false, pageLoadStrategy: normal, platform: XP, platformName: XP, rotatable: false, setWindowRect: true, takesHeapSnapshot: true, takesScreenshot: true, unexpectedAlertBehaviour: , unhandledPromptBehavior: , version: 73.0.3683.103, webStorageEnabled: true}
Session ID: 49b3bc855a92b2fa193b7182764a0e8c
*** Element info: {Using=xpath, value=})"/>
         <system-out><![CDATA[2019-04-23 09:58:12 - [TEST_CASE][FAILED] - Test Cases/Broadcasts/TC0687: Test Cases/Broadcasts/TC0687 FAILED because (of) Unable to set text 'X' of object 'Object Repository/Page_KiboPush  Create Broadcast/Second_Card_List_Title' (Root cause: org.openqa.selenium.InvalidSelectorException: invalid selector: Unable to locate an element with the xpath expression  because of the following error:
SyntaxError: Failed to execute 'evaluate' on 'Document': The string '' is not a valid XPath expression.
  (Session info: chrome=73.0.3683.103)
  (Driver info: chromedriver=2.35.528161 (5b82f2d2aae0ca24b877009200ced9065a772e73),platform=Windows NT 10.0.17134 x86_64) (WARNING: The server did not provide any stacktrace information)
Command duration or timeout: 0 milliseconds
For documentation on this error, please visit: http://seleniumhq.org/exceptions/invalid_selector_exception.html
Build info: version: '3.7.1', revision: '8a0099a', time: '2017-11-06T21:07:36.161Z'
System info: host: 'DESKTOP-4M6R1V0', ip: '10.0.2.15', os.name: 'Windows 10', os.arch: 'amd64', os.version: '10.0', java.version: '1.8.0_181'
Driver info: com.kms.katalon.selenium.driver.CChromeDriver
Capabilities {acceptInsecureCerts: false, acceptSslCerts: false, applicationCacheEnabled: false, browserConnectionEnabled: false, browserName: chrome, chrome: {chromedriverVersion: 2.35.528161 (5b82f2d2aae0ca..., userDataDir: C:\Users\CLOUDK~1\AppData\L...}, cssSelectorsEnabled: true, databaseEnabled: false, handlesAlerts: true, hasTouchScreen: false, javascriptEnabled: true, locationContextEnabled: true, mobileEmulationEnabled: false, nativeEvents: true, networkConnectionEnabled: false, pageLoadStrategy: normal, platform: XP, platformName: XP, rotatable: false, setWindowRect: true, takesHeapSnapshot: true, takesScreenshot: true, unexpectedAlertBehaviour: , unhandledPromptBehavior: , version: 73.0.3683.103, webStorageEnabled: true}
Session ID: 49b3bc855a92b2fa193b7182764a0e8c
*** Element info: {Using=xpath, value=})

2019-04-23 09:58:13 - [TEST_STEP][PASSED] - callTestCase: Call Test Case 'Test Cases/Broadcasts/TC0684' successfully

2019-04-23 09:58:13 - [TEST_CASE][PASSED] - Test Cases/Broadcasts/TC0684: Test Cases/Broadcasts/TC0684

2019-04-23 09:58:13 - [TEST_STEP][PASSED] - callTestCase: Call Test Case 'Test Cases/s-sidebar_navigation/TeamAccount/Broadcasts' successfully

2019-04-23 09:58:13 - [TEST_CASE][PASSED] - Test Cases/s-sidebar_navigation/TeamAccount/Broadcasts: Test Cases/s-sidebar_navigation/TeamAccount/Broadcasts

2019-04-23 09:58:13 - [TEST_STEP][PASSED] - callTestCase: Call Test Case 'Test Cases/s-sidebar_navigation/individualAccount/broadcast' successfully

2019-04-23 09:58:13 - [TEST_CASE][PASSED] - Test Cases/s-sidebar_navigation/individualAccount/broadcast: Test Cases/s-sidebar_navigation/individualAccount/broadcast

2019-04-23 09:58:13 - [TEST_STEP][PASSED] - click: Object: 'Object Repository/Page_KiboPush  Dashboard/span_Polls' is clicked on

2019-04-23 09:58:14 - [MESSAGE][PASSED] - Object: 'Object Repository/Page_KiboPush  Dashboard/span_Polls' is clicked on

2019-04-23 09:58:14 - [TEST_STEP][PASSED] - delay: Delayed 1 second(s)

2019-04-23 09:58:15 - [MESSAGE][PASSED] - Delayed 1 second(s)

2019-04-23 09:58:15 - [TEST_STEP][PASSED] - click: Object: 'Object Repository/Page_KiboPush  Dashboard/span_Broadcasts' is clicked on

2019-04-23 09:58:16 - [MESSAGE][PASSED] - Object: 'Object Repository/Page_KiboPush  Dashboard/span_Broadcasts' is clicked on

2019-04-23 09:58:16 - [TEST_STEP][PASSED] - delay: Delayed 1 second(s)

2019-04-23 09:58:17 - [MESSAGE][PASSED] - Delayed 1 second(s)

2019-04-23 09:58:17 - [TEST_STEP][PASSED] - scrollToPosition: Browser is scrolled to position x = 0, y = 0

2019-04-23 09:58:17 - [MESSAGE][PASSED] - Browser is scrolled to position x = 0, y = 0

2019-04-23 09:58:17 - [TEST_STEP][PASSED] - click: Object: 'Object Repository/Page_KiboPush  Broadcast/h3_Manage Broadcasts' is clicked on

2019-04-23 09:58:17 - [MESSAGE][PASSED] - Object: 'Object Repository/Page_KiboPush  Broadcast/h3_Manage Broadcasts' is clicked on

2019-04-23 09:58:17 - [MESSAGE][PASSED] - Call Test Case 'Test Cases/s-sidebar_navigation/individualAccount/broadcast' successfully

2019-04-23 09:58:17 - [MESSAGE][PASSED] - Call Test Case 'Test Cases/s-sidebar_navigation/TeamAccount/Broadcasts' successfully

2019-04-23 09:58:17 - [TEST_STEP][PASSED] - click: Object: 'Object Repository/Page_KiboPush  Broadcast/span_Create New Broadcast' is clicked on

2019-04-23 09:58:18 - [MESSAGE][PASSED] - Object: 'Object Repository/Page_KiboPush  Broadcast/span_Create New Broadcast' is clicked on

2019-04-23 09:58:18 - [TEST_STEP][PASSED] - click: Object: 'Object Repository/Page_KiboPush  Broadcast/a_Create New Broadcast' is clicked on

2019-04-23 09:58:19 - [MESSAGE][PASSED] - Object: 'Object Repository/Page_KiboPush  Broadcast/a_Create New Broadcast' is clicked on

2019-04-23 09:58:19 - [TEST_STEP][PASSED] - delay: Delayed 1 second(s)

2019-04-23 09:58:20 - [MESSAGE][PASSED] - Delayed 1 second(s)

2019-04-23 09:58:20 - [TEST_STEP][PASSED] - click: Object: 'Object Repository/Page_KiboPush  Create Broadcast/div_List' is clicked on

2019-04-23 09:58:21 - [MESSAGE][PASSED] - Object: 'Object Repository/Page_KiboPush  Create Broadcast/div_List' is clicked on

2019-04-23 09:58:21 - [TEST_STEP][PASSED] - delay: Delayed 1 second(s)

2019-04-23 09:58:22 - [MESSAGE][PASSED] - Delayed 1 second(s)

2019-04-23 09:58:22 - [TEST_STEP][PASSED] - click: Object: 'Object Repository/Page_KiboPush  Create Broadcast/div_ Add Button  Add Action' is clicked on

2019-04-23 09:58:22 - [MESSAGE][PASSED] - Object: 'Object Repository/Page_KiboPush  Create Broadcast/div_ Add Button  Add Action' is clicked on

2019-04-23 09:58:22 - [TEST_STEP][PASSED] - delay: Delayed 2 second(s)

2019-04-23 09:58:24 - [MESSAGE][PASSED] - Delayed 2 second(s)

2019-04-23 09:58:24 - [MESSAGE][PASSED] - Call Test Case 'Test Cases/Broadcasts/TC0684' successfully

2019-04-23 09:58:24 - [TEST_STEP][FAILED] - setText: Unable to set text 'X' of object 'Object Repository/Page_KiboPush  Create Broadcast/Second_Card_List_Title' (Root cause: org.openqa.selenium.InvalidSelectorException: invalid selector: Unable to locate an element with the xpath expression  because of the following error:
SyntaxError: Failed to execute 'evaluate' on 'Document': The string '' is not a valid XPath expression.
  (Session info: chrome=73.0.3683.103)
  (Driver info: chromedriver=2.35.528161 (5b82f2d2aae0ca24b877009200ced9065a772e73),platform=Windows NT 10.0.17134 x86_64) (WARNING: The server did not provide any stacktrace information)
Command duration or timeout: 0 milliseconds
For documentation on this error, please visit: http://seleniumhq.org/exceptions/invalid_selector_exception.html
Build info: version: '3.7.1', revision: '8a0099a', time: '2017-11-06T21:07:36.161Z'
System info: host: 'DESKTOP-4M6R1V0', ip: '10.0.2.15', os.name: 'Windows 10', os.arch: 'amd64', os.version: '10.0', java.version: '1.8.0_181'
Driver info: com.kms.katalon.selenium.driver.CChromeDriver
Capabilities {acceptInsecureCerts: false, acceptSslCerts: false, applicationCacheEnabled: false, browserConnectionEnabled: false, browserName: chrome, chrome: {chromedriverVersion: 2.35.528161 (5b82f2d2aae0ca..., userDataDir: C:\Users\CLOUDK~1\AppData\L...}, cssSelectorsEnabled: true, databaseEnabled: false, handlesAlerts: true, hasTouchScreen: false, javascriptEnabled: true, locationContextEnabled: true, mobileEmulationEnabled: false, nativeEvents: true, networkConnectionEnabled: false, pageLoadStrategy: normal, platform: XP, platformName: XP, rotatable: false, setWindowRect: true, takesHeapSnapshot: true, takesScreenshot: true, unexpectedAlertBehaviour: , unhandledPromptBehavior: , version: 73.0.3683.103, webStorageEnabled: true}
Session ID: 49b3bc855a92b2fa193b7182764a0e8c
*** Element info: {Using=xpath, value=})

2019-04-23 09:58:57 - [MESSAGE][FAILED] - Unable to set text 'X' of object 'Object Repository/Page_KiboPush  Create Broadcast/Second_Card_List_Title' (Root cause: org.openqa.selenium.InvalidSelectorException: invalid selector: Unable to locate an element with the xpath expression  because of the following error:
SyntaxError: Failed to execute 'evaluate' on 'Document': The string '' is not a valid XPath expression.
  (Session info: chrome=73.0.3683.103)
  (Driver info: chromedriver=2.35.528161 (5b82f2d2aae0ca24b877009200ced9065a772e73),platform=Windows NT 10.0.17134 x86_64) (WARNING: The server did not provide any stacktrace information)
Command duration or timeout: 0 milliseconds
For documentation on this error, please visit: http://seleniumhq.org/exceptions/invalid_selector_exception.html
Build info: version: '3.7.1', revision: '8a0099a', time: '2017-11-06T21:07:36.161Z'
System info: host: 'DESKTOP-4M6R1V0', ip: '10.0.2.15', os.name: 'Windows 10', os.arch: 'amd64', os.version: '10.0', java.version: '1.8.0_181'
Driver info: com.kms.katalon.selenium.driver.CChromeDriver
Capabilities {acceptInsecureCerts: false, acceptSslCerts: false, applicationCacheEnabled: false, browserConnectionEnabled: false, browserName: chrome, chrome: {chromedriverVersion: 2.35.528161 (5b82f2d2aae0ca..., userDataDir: C:\Users\CLOUDK~1\AppData\L...}, cssSelectorsEnabled: true, databaseEnabled: false, handlesAlerts: true, hasTouchScreen: false, javascriptEnabled: true, locationContextEnabled: true, mobileEmulationEnabled: false, nativeEvents: true, networkConnectionEnabled: false, pageLoadStrategy: normal, platform: XP, platformName: XP, rotatable: false, setWindowRect: true, takesHeapSnapshot: true, takesScreenshot: true, unexpectedAlertBehaviour: , unhandledPromptBehavior: , version: 73.0.3683.103, webStorageEnabled: true}
Session ID: 49b3bc855a92b2fa193b7182764a0e8c
*** Element info: {Using=xpath, value=})
[[ATTACHMENT|C:\\Users\\cloudkibo\\Desktop\\KiboPush_Automated_Testing\\KiboPush Katalon\\Reports\\broadcast\\20190423_093942\\1555995537237.png]]]]></system-out>
         <system-err><![CDATA[2019-04-23 09:58:12 - [TEST_CASE][FAILED] - Test Cases/Broadcasts/TC0687: Test Cases/Broadcasts/TC0687 FAILED because (of) Unable to set text 'X' of object 'Object Repository/Page_KiboPush  Create Broadcast/Second_Card_List_Title' (Root cause: org.openqa.selenium.InvalidSelectorException: invalid selector: Unable to locate an element with the xpath expression  because of the following error:
SyntaxError: Failed to execute 'evaluate' on 'Document': The string '' is not a valid XPath expression.
  (Session info: chrome=73.0.3683.103)
  (Driver info: chromedriver=2.35.528161 (5b82f2d2aae0ca24b877009200ced9065a772e73),platform=Windows NT 10.0.17134 x86_64) (WARNING: The server did not provide any stacktrace information)
Command duration or timeout: 0 milliseconds
For documentation on this error, please visit: http://seleniumhq.org/exceptions/invalid_selector_exception.html
Build info: version: '3.7.1', revision: '8a0099a', time: '2017-11-06T21:07:36.161Z'
System info: host: 'DESKTOP-4M6R1V0', ip: '10.0.2.15', os.name: 'Windows 10', os.arch: 'amd64', os.version: '10.0', java.version: '1.8.0_181'
Driver info: com.kms.katalon.selenium.driver.CChromeDriver
Capabilities {acceptInsecureCerts: false, acceptSslCerts: false, applicationCacheEnabled: false, browserConnectionEnabled: false, browserName: chrome, chrome: {chromedriverVersion: 2.35.528161 (5b82f2d2aae0ca..., userDataDir: C:\Users\CLOUDK~1\AppData\L...}, cssSelectorsEnabled: true, databaseEnabled: false, handlesAlerts: true, hasTouchScreen: false, javascriptEnabled: true, locationContextEnabled: true, mobileEmulationEnabled: false, nativeEvents: true, networkConnectionEnabled: false, pageLoadStrategy: normal, platform: XP, platformName: XP, rotatable: false, setWindowRect: true, takesHeapSnapshot: true, takesScreenshot: true, unexpectedAlertBehaviour: , unhandledPromptBehavior: , version: 73.0.3683.103, webStorageEnabled: true}
Session ID: 49b3bc855a92b2fa193b7182764a0e8c
*** Element info: {Using=xpath, value=})]]></system-err>
      </testcase>
      <testcase name="Test Cases/Broadcasts/TC0688" classname="Test Cases/Broadcasts/TC0688" status="PASSED">
         <system-out><![CDATA[2019-04-23 09:58:57 - [TEST_CASE][PASSED] - Test Cases/Broadcasts/TC0688: Test Cases/Broadcasts/TC0688

2019-04-23 09:58:58 - [TEST_STEP][PASSED] - callTestCase: Call Test Case 'Test Cases/s-sidebar_navigation/individualAccount/arveen_production_login_kiboengage' successfully

2019-04-23 09:58:58 - [TEST_CASE][PASSED] - Test Cases/s-sidebar_navigation/individualAccount/arveen_production_login_kiboengage: Test Cases/s-sidebar_navigation/individualAccount/arveen_production_login_kiboengage

2019-04-23 09:58:58 - [TEST_STEP][PASSED] - openBrowser: Browser is opened with url: ''

2019-04-23 09:58:58 - [MESSAGE][WARNING] - A browser is already opened. Closing browser and opening a new one

2019-04-23 09:59:07 - [MESSAGE][PASSED] - Browser is opened with url: ''

2019-04-23 09:59:07 - [TEST_STEP][PASSED] - maximizeWindow: Current window maximized

2019-04-23 09:59:09 - [MESSAGE][PASSED] - Current window maximized

2019-04-23 09:59:09 - [TEST_STEP][PASSED] - navigateToUrl: Navigate to 'https://kiboengage.cloudkibo.com/' successfully

2019-04-23 09:59:25 - [MESSAGE][PASSED] - Navigate to 'https://kiboengage.cloudkibo.com/' successfully

2019-04-23 09:59:25 - [TEST_STEP][PASSED] - navigateToUrl: Navigate to 'https://accounts.cloudkibo.com/?continue=https://kiboengage.cloudkibo.com' successfully

2019-04-23 09:59:26 - [MESSAGE][PASSED] - Navigate to 'https://accounts.cloudkibo.com/?continue=https://kiboengage.cloudkibo.com' successfully

2019-04-23 09:59:26 - [TEST_STEP][PASSED] - click: Object: 'Object Repository/Page_CloudKibo/a_Login (2) (1) (1)' is clicked on

2019-04-23 09:59:27 - [MESSAGE][PASSED] - Object: 'Object Repository/Page_CloudKibo/a_Login (2) (1) (1)' is clicked on

2019-04-23 09:59:27 - [TEST_STEP][PASSED] - setText: Text 'individual@cloudkibo.com' is set on object 'Object Repository/Page_KiboPush/input_email (10) (1) (1)'

2019-04-23 09:59:28 - [MESSAGE][PASSED] - Text 'individual@cloudkibo.com' is set on object 'Object Repository/Page_KiboPush/input_email (10) (1) (1)'

2019-04-23 09:59:28 - [TEST_STEP][PASSED] - setEncryptedText: Text ****** has been set on object 'Object Repository/Page_CloudKibo/input_Sign In_password (7)'

2019-04-23 09:59:29 - [MESSAGE][PASSED] - Text ****** has been set on object 'Object Repository/Page_CloudKibo/input_Sign In_password (7)'

2019-04-23 09:59:29 - [TEST_STEP][PASSED] - click: Object: 'Object Repository/Page_KiboPush/button_Sign In (10) (1) (2)' is clicked on

2019-04-23 09:59:29 - [MESSAGE][PASSED] - Object: 'Object Repository/Page_KiboPush/button_Sign In (10) (1) (2)' is clicked on

2019-04-23 09:59:29 - [TEST_STEP][PASSED] - click: Object: 'Object Repository/Page_KiboPush  Dashboard/h3_Dashboard (57)' is clicked on

2019-04-23 09:59:49 - [MESSAGE][PASSED] - Object: 'Object Repository/Page_KiboPush  Dashboard/h3_Dashboard (57)' is clicked on

2019-04-23 09:59:49 - [TEST_STEP][PASSED] - delay: Delayed 3 second(s)

2019-04-23 09:59:52 - [MESSAGE][PASSED] - Delayed 3 second(s)

2019-04-23 09:59:52 - [TEST_STEP][PASSED] - click: Object: 'Object Repository/Page_KiboEngage  Dashboard/a_SMS (2) (1) (1) (1) (3)' is clicked on

2019-04-23 09:59:52 - [MESSAGE][PASSED] - Object: 'Object Repository/Page_KiboEngage  Dashboard/a_SMS (2) (1) (1) (1) (3)' is clicked on

2019-04-23 09:59:52 - [TEST_STEP][PASSED] - delay: Delayed 2 second(s)

2019-04-23 09:59:54 - [MESSAGE][PASSED] - Delayed 2 second(s)

2019-04-23 09:59:54 - [TEST_STEP][PASSED] - click: Object: 'Object Repository/Page_KiboEngage  Dashboard/span_Messenger (1) (1) (1) (3)' is clicked on

2019-04-23 09:59:54 - [MESSAGE][PASSED] - Object: 'Object Repository/Page_KiboEngage  Dashboard/span_Messenger (1) (1) (1) (3)' is clicked on

2019-04-23 09:59:54 - [TEST_STEP][PASSED] - delay: Delayed 2 second(s)

2019-04-23 09:59:56 - [MESSAGE][PASSED] - Delayed 2 second(s)

2019-04-23 09:59:56 - [MESSAGE][PASSED] - Call Test Case 'Test Cases/s-sidebar_navigation/individualAccount/arveen_production_login_kiboengage' successfully

2019-04-23 09:59:56 - [TEST_STEP][PASSED] - callTestCase: Call Test Case 'Test Cases/Broadcasts/open_broadcast' successfully

2019-04-23 09:59:56 - [TEST_CASE][PASSED] - Test Cases/Broadcasts/open_broadcast: Test Cases/Broadcasts/open_broadcast

2019-04-23 09:59:56 - [TEST_STEP][PASSED] - click: Object: 'Object Repository/Page_KiboPush  Dashboard/span_Broadcasting' is clicked on

2019-04-23 09:59:57 - [MESSAGE][PASSED] - Object: 'Object Repository/Page_KiboPush  Dashboard/span_Broadcasting' is clicked on

2019-04-23 09:59:57 - [TEST_STEP][PASSED] - delay: Delayed 2 second(s)

2019-04-23 09:59:59 - [MESSAGE][PASSED] - Delayed 2 second(s)

2019-04-23 09:59:59 - [MESSAGE][PASSED] - Call Test Case 'Test Cases/Broadcasts/open_broadcast' successfully

2019-04-23 09:59:59 - [TEST_STEP][PASSED] - callTestCase: Call Test Case 'Test Cases/Broadcasts/TC0684' successfully

2019-04-23 09:59:59 - [TEST_CASE][PASSED] - Test Cases/Broadcasts/TC0684: Test Cases/Broadcasts/TC0684

2019-04-23 09:59:59 - [TEST_STEP][PASSED] - callTestCase: Call Test Case 'Test Cases/s-sidebar_navigation/TeamAccount/Broadcasts' successfully

2019-04-23 09:59:59 - [TEST_CASE][PASSED] - Test Cases/s-sidebar_navigation/TeamAccount/Broadcasts: Test Cases/s-sidebar_navigation/TeamAccount/Broadcasts

2019-04-23 09:59:59 - [TEST_STEP][PASSED] - callTestCase: Call Test Case 'Test Cases/s-sidebar_navigation/individualAccount/broadcast' successfully

2019-04-23 09:59:59 - [TEST_CASE][PASSED] - Test Cases/s-sidebar_navigation/individualAccount/broadcast: Test Cases/s-sidebar_navigation/individualAccount/broadcast

2019-04-23 09:59:59 - [TEST_STEP][PASSED] - click: Object: 'Object Repository/Page_KiboPush  Dashboard/span_Polls' is clicked on

2019-04-23 10:00:00 - [MESSAGE][PASSED] - Object: 'Object Repository/Page_KiboPush  Dashboard/span_Polls' is clicked on

2019-04-23 10:00:00 - [TEST_STEP][PASSED] - delay: Delayed 1 second(s)

2019-04-23 10:00:01 - [MESSAGE][PASSED] - Delayed 1 second(s)

2019-04-23 10:00:01 - [TEST_STEP][PASSED] - click: Object: 'Object Repository/Page_KiboPush  Dashboard/span_Broadcasts' is clicked on

2019-04-23 10:00:01 - [MESSAGE][PASSED] - Object: 'Object Repository/Page_KiboPush  Dashboard/span_Broadcasts' is clicked on

2019-04-23 10:00:01 - [TEST_STEP][PASSED] - delay: Delayed 1 second(s)

2019-04-23 10:00:02 - [MESSAGE][PASSED] - Delayed 1 second(s)

2019-04-23 10:00:02 - [TEST_STEP][PASSED] - scrollToPosition: Browser is scrolled to position x = 0, y = 0

2019-04-23 10:00:03 - [MESSAGE][PASSED] - Browser is scrolled to position x = 0, y = 0

2019-04-23 10:00:03 - [TEST_STEP][PASSED] - click: Object: 'Object Repository/Page_KiboPush  Broadcast/h3_Manage Broadcasts' is clicked on

2019-04-23 10:00:03 - [MESSAGE][PASSED] - Object: 'Object Repository/Page_KiboPush  Broadcast/h3_Manage Broadcasts' is clicked on

2019-04-23 10:00:03 - [MESSAGE][PASSED] - Call Test Case 'Test Cases/s-sidebar_navigation/individualAccount/broadcast' successfully

2019-04-23 10:00:03 - [MESSAGE][PASSED] - Call Test Case 'Test Cases/s-sidebar_navigation/TeamAccount/Broadcasts' successfully

2019-04-23 10:00:03 - [TEST_STEP][PASSED] - click: Object: 'Object Repository/Page_KiboPush  Broadcast/span_Create New Broadcast' is clicked on

2019-04-23 10:00:03 - [MESSAGE][PASSED] - Object: 'Object Repository/Page_KiboPush  Broadcast/span_Create New Broadcast' is clicked on

2019-04-23 10:00:03 - [TEST_STEP][PASSED] - click: Object: 'Object Repository/Page_KiboPush  Broadcast/a_Create New Broadcast' is clicked on

2019-04-23 10:00:05 - [MESSAGE][PASSED] - Object: 'Object Repository/Page_KiboPush  Broadcast/a_Create New Broadcast' is clicked on

2019-04-23 10:00:05 - [TEST_STEP][PASSED] - delay: Delayed 1 second(s)

2019-04-23 10:00:06 - [MESSAGE][PASSED] - Delayed 1 second(s)

2019-04-23 10:00:06 - [TEST_STEP][PASSED] - click: Object: 'Object Repository/Page_KiboPush  Create Broadcast/div_List' is clicked on

2019-04-23 10:00:06 - [MESSAGE][PASSED] - Object: 'Object Repository/Page_KiboPush  Create Broadcast/div_List' is clicked on

2019-04-23 10:00:06 - [TEST_STEP][PASSED] - delay: Delayed 1 second(s)

2019-04-23 10:00:07 - [MESSAGE][PASSED] - Delayed 1 second(s)

2019-04-23 10:00:07 - [TEST_STEP][PASSED] - click: Object: 'Object Repository/Page_KiboPush  Create Broadcast/div_ Add Button  Add Action' is clicked on

2019-04-23 10:00:08 - [MESSAGE][PASSED] - Object: 'Object Repository/Page_KiboPush  Create Broadcast/div_ Add Button  Add Action' is clicked on

2019-04-23 10:00:08 - [TEST_STEP][PASSED] - delay: Delayed 2 second(s)

2019-04-23 10:00:10 - [MESSAGE][PASSED] - Delayed 2 second(s)

2019-04-23 10:00:10 - [MESSAGE][PASSED] - Call Test Case 'Test Cases/Broadcasts/TC0684' successfully

2019-04-23 10:00:10 - [TEST_STEP][PASSED] - setText: Text 'Title1' is set on object 'Object Repository/Page_KiboPush  Create Broadcast/First_Card_List_Title'

2019-04-23 10:00:10 - [MESSAGE][PASSED] - Text 'Title1' is set on object 'Object Repository/Page_KiboPush  Create Broadcast/First_Card_List_Title'

2019-04-23 10:00:10 - [TEST_STEP][PASSED] - setText: Text 'Title2' is set on object 'Object Repository/Page_KiboPush  Create Broadcast/Second_Card_List_Title'

2019-04-23 10:00:11 - [MESSAGE][PASSED] - Text 'Title2' is set on object 'Object Repository/Page_KiboPush  Create Broadcast/Second_Card_List_Title'

2019-04-23 10:00:11 - [TEST_STEP][PASSED] - scrollToPosition: Browser is scrolled to position x = 0, y = 0

2019-04-23 10:00:11 - [MESSAGE][PASSED] - Browser is scrolled to position x = 0, y = 0

2019-04-23 10:00:11 - [TEST_STEP][PASSED] - click: Object: 'Object Repository/Page_KiboPush  Create Broadcast/button_Next (12) (1)' is clicked on

2019-04-23 10:00:12 - [MESSAGE][PASSED] - Object: 'Object Repository/Page_KiboPush  Create Broadcast/button_Next (12) (1)' is clicked on

2019-04-23 10:00:12 - [TEST_STEP][PASSED] - delay: Delayed 3 second(s)

2019-04-23 10:00:15 - [MESSAGE][PASSED] - Delayed 3 second(s)

2019-04-23 10:00:15 - [TEST_STEP][PASSED] - click: Object: 'Object Repository/Page_KiboPush  Create Broadcast/div_Element in list must have (1)' is clicked on

2019-04-23 10:00:15 - [MESSAGE][PASSED] - Object: 'Object Repository/Page_KiboPush  Create Broadcast/div_Element in list must have (1)' is clicked on]]></system-out>
         <system-err><![CDATA[]]></system-err>
      </testcase>
      <testcase name="Test Cases/Broadcasts/TC0689" classname="Test Cases/Broadcasts/TC0689" status="PASSED">
         <system-out><![CDATA[2019-04-23 10:00:15 - [TEST_CASE][PASSED] - Test Cases/Broadcasts/TC0689: Test Cases/Broadcasts/TC0689

2019-04-23 10:00:15 - [TEST_STEP][PASSED] - callTestCase: Call Test Case 'Test Cases/Broadcasts/TC0684' successfully

2019-04-23 10:00:15 - [TEST_CASE][PASSED] - Test Cases/Broadcasts/TC0684: Test Cases/Broadcasts/TC0684

2019-04-23 10:00:15 - [TEST_STEP][PASSED] - callTestCase: Call Test Case 'Test Cases/s-sidebar_navigation/TeamAccount/Broadcasts' successfully

2019-04-23 10:00:15 - [TEST_CASE][PASSED] - Test Cases/s-sidebar_navigation/TeamAccount/Broadcasts: Test Cases/s-sidebar_navigation/TeamAccount/Broadcasts

2019-04-23 10:00:15 - [TEST_STEP][PASSED] - callTestCase: Call Test Case 'Test Cases/s-sidebar_navigation/individualAccount/broadcast' successfully

2019-04-23 10:00:16 - [TEST_CASE][PASSED] - Test Cases/s-sidebar_navigation/individualAccount/broadcast: Test Cases/s-sidebar_navigation/individualAccount/broadcast

2019-04-23 10:00:16 - [TEST_STEP][PASSED] - click: Object: 'Object Repository/Page_KiboPush  Dashboard/span_Polls' is clicked on

2019-04-23 10:00:16 - [MESSAGE][PASSED] - Object: 'Object Repository/Page_KiboPush  Dashboard/span_Polls' is clicked on

2019-04-23 10:00:16 - [TEST_STEP][PASSED] - delay: Delayed 1 second(s)

2019-04-23 10:00:17 - [MESSAGE][PASSED] - Delayed 1 second(s)

2019-04-23 10:00:17 - [TEST_STEP][PASSED] - click: Object: 'Object Repository/Page_KiboPush  Dashboard/span_Broadcasts' is clicked on

2019-04-23 10:00:18 - [MESSAGE][PASSED] - Object: 'Object Repository/Page_KiboPush  Dashboard/span_Broadcasts' is clicked on

2019-04-23 10:00:18 - [TEST_STEP][PASSED] - delay: Delayed 1 second(s)

2019-04-23 10:00:19 - [MESSAGE][PASSED] - Delayed 1 second(s)

2019-04-23 10:00:19 - [TEST_STEP][PASSED] - scrollToPosition: Browser is scrolled to position x = 0, y = 0

2019-04-23 10:00:19 - [MESSAGE][PASSED] - Browser is scrolled to position x = 0, y = 0

2019-04-23 10:00:19 - [TEST_STEP][PASSED] - click: Object: 'Object Repository/Page_KiboPush  Broadcast/h3_Manage Broadcasts' is clicked on

2019-04-23 10:00:19 - [MESSAGE][PASSED] - Object: 'Object Repository/Page_KiboPush  Broadcast/h3_Manage Broadcasts' is clicked on

2019-04-23 10:00:19 - [MESSAGE][PASSED] - Call Test Case 'Test Cases/s-sidebar_navigation/individualAccount/broadcast' successfully

2019-04-23 10:00:19 - [MESSAGE][PASSED] - Call Test Case 'Test Cases/s-sidebar_navigation/TeamAccount/Broadcasts' successfully

2019-04-23 10:00:19 - [TEST_STEP][PASSED] - click: Object: 'Object Repository/Page_KiboPush  Broadcast/span_Create New Broadcast' is clicked on

2019-04-23 10:00:20 - [MESSAGE][PASSED] - Object: 'Object Repository/Page_KiboPush  Broadcast/span_Create New Broadcast' is clicked on

2019-04-23 10:00:20 - [TEST_STEP][PASSED] - click: Object: 'Object Repository/Page_KiboPush  Broadcast/a_Create New Broadcast' is clicked on

2019-04-23 10:00:21 - [MESSAGE][PASSED] - Object: 'Object Repository/Page_KiboPush  Broadcast/a_Create New Broadcast' is clicked on

2019-04-23 10:00:21 - [TEST_STEP][PASSED] - delay: Delayed 1 second(s)

2019-04-23 10:00:22 - [MESSAGE][PASSED] - Delayed 1 second(s)

2019-04-23 10:00:22 - [TEST_STEP][PASSED] - click: Object: 'Object Repository/Page_KiboPush  Create Broadcast/div_List' is clicked on

2019-04-23 10:00:22 - [MESSAGE][PASSED] - Object: 'Object Repository/Page_KiboPush  Create Broadcast/div_List' is clicked on

2019-04-23 10:00:22 - [TEST_STEP][PASSED] - delay: Delayed 1 second(s)

2019-04-23 10:00:23 - [MESSAGE][PASSED] - Delayed 1 second(s)

2019-04-23 10:00:23 - [TEST_STEP][PASSED] - click: Object: 'Object Repository/Page_KiboPush  Create Broadcast/div_ Add Button  Add Action' is clicked on

2019-04-23 10:00:24 - [MESSAGE][PASSED] - Object: 'Object Repository/Page_KiboPush  Create Broadcast/div_ Add Button  Add Action' is clicked on

2019-04-23 10:00:24 - [TEST_STEP][PASSED] - delay: Delayed 2 second(s)

2019-04-23 10:00:26 - [MESSAGE][PASSED] - Delayed 2 second(s)

2019-04-23 10:00:26 - [MESSAGE][PASSED] - Call Test Case 'Test Cases/Broadcasts/TC0684' successfully

2019-04-23 10:00:26 - [TEST_STEP][PASSED] - scrollToPosition: Browser is scrolled to position x = 0, y = 0

2019-04-23 10:00:26 - [MESSAGE][PASSED] - Browser is scrolled to position x = 0, y = 0

2019-04-23 10:00:26 - [TEST_STEP][PASSED] - click: Object: 'Object Repository/Page_KiboPush  Create Broadcast/button_Next (12) (1) (1)' is clicked on

2019-04-23 10:00:26 - [MESSAGE][PASSED] - Object: 'Object Repository/Page_KiboPush  Create Broadcast/button_Next (12) (1) (1)' is clicked on

2019-04-23 10:00:26 - [TEST_STEP][PASSED] - delay: Delayed 2 second(s)

2019-04-23 10:00:28 - [MESSAGE][PASSED] - Delayed 2 second(s)

2019-04-23 10:00:28 - [TEST_STEP][PASSED] - verifyTextPresent: Text 'A LIST MUST HAVE AT LEAST 2 COMPLETE ELEMENTS' is present on page 

2019-04-23 10:00:29 - [MESSAGE][PASSED] - Text 'A LIST MUST HAVE AT LEAST 2 COMPLETE ELEMENTS' is present on page]]></system-out>
         <system-err><![CDATA[]]></system-err>
      </testcase>
      <testcase name="Test Cases/Broadcasts/TC0690" classname="Test Cases/Broadcasts/TC0690" status="FAILED">
         <failure type="FAILED" message="Unable to set text 'Subtitle1' of object 'Object Repository/Page_KiboPush  Create Broadcast/First_Card_Subtitle' (Root cause: org.openqa.selenium.InvalidSelectorException: invalid selector: Unable to locate an element with the xpath expression  because of the following error:
SyntaxError: Failed to execute 'evaluate' on 'Document': The string '' is not a valid XPath expression.
  (Session info: chrome=73.0.3683.103)
  (Driver info: chromedriver=2.35.528161 (5b82f2d2aae0ca24b877009200ced9065a772e73),platform=Windows NT 10.0.17134 x86_64) (WARNING: The server did not provide any stacktrace information)
Command duration or timeout: 0 milliseconds
For documentation on this error, please visit: http://seleniumhq.org/exceptions/invalid_selector_exception.html
Build info: version: '3.7.1', revision: '8a0099a', time: '2017-11-06T21:07:36.161Z'
System info: host: 'DESKTOP-4M6R1V0', ip: '10.0.2.15', os.name: 'Windows 10', os.arch: 'amd64', os.version: '10.0', java.version: '1.8.0_181'
Driver info: com.kms.katalon.selenium.driver.CChromeDriver
Capabilities {acceptInsecureCerts: false, acceptSslCerts: false, applicationCacheEnabled: false, browserConnectionEnabled: false, browserName: chrome, chrome: {chromedriverVersion: 2.35.528161 (5b82f2d2aae0ca..., userDataDir: C:\Users\CLOUDK~1\AppData\L...}, cssSelectorsEnabled: true, databaseEnabled: false, handlesAlerts: true, hasTouchScreen: false, javascriptEnabled: true, locationContextEnabled: true, mobileEmulationEnabled: false, nativeEvents: true, networkConnectionEnabled: false, pageLoadStrategy: normal, platform: XP, platformName: XP, rotatable: false, setWindowRect: true, takesHeapSnapshot: true, takesScreenshot: true, unexpectedAlertBehaviour: , unhandledPromptBehavior: , version: 73.0.3683.103, webStorageEnabled: true}
Session ID: dca00343d0b52b1327e5eeadc1ec8128
*** Element info: {Using=xpath, value=})"/>
         <system-out><![CDATA[2019-04-23 10:00:29 - [TEST_CASE][FAILED] - Test Cases/Broadcasts/TC0690: Test Cases/Broadcasts/TC0690 FAILED because (of) Unable to set text 'Subtitle1' of object 'Object Repository/Page_KiboPush  Create Broadcast/First_Card_Subtitle' (Root cause: org.openqa.selenium.InvalidSelectorException: invalid selector: Unable to locate an element with the xpath expression  because of the following error:
SyntaxError: Failed to execute 'evaluate' on 'Document': The string '' is not a valid XPath expression.
  (Session info: chrome=73.0.3683.103)
  (Driver info: chromedriver=2.35.528161 (5b82f2d2aae0ca24b877009200ced9065a772e73),platform=Windows NT 10.0.17134 x86_64) (WARNING: The server did not provide any stacktrace information)
Command duration or timeout: 0 milliseconds
For documentation on this error, please visit: http://seleniumhq.org/exceptions/invalid_selector_exception.html
Build info: version: '3.7.1', revision: '8a0099a', time: '2017-11-06T21:07:36.161Z'
System info: host: 'DESKTOP-4M6R1V0', ip: '10.0.2.15', os.name: 'Windows 10', os.arch: 'amd64', os.version: '10.0', java.version: '1.8.0_181'
Driver info: com.kms.katalon.selenium.driver.CChromeDriver
Capabilities {acceptInsecureCerts: false, acceptSslCerts: false, applicationCacheEnabled: false, browserConnectionEnabled: false, browserName: chrome, chrome: {chromedriverVersion: 2.35.528161 (5b82f2d2aae0ca..., userDataDir: C:\Users\CLOUDK~1\AppData\L...}, cssSelectorsEnabled: true, databaseEnabled: false, handlesAlerts: true, hasTouchScreen: false, javascriptEnabled: true, locationContextEnabled: true, mobileEmulationEnabled: false, nativeEvents: true, networkConnectionEnabled: false, pageLoadStrategy: normal, platform: XP, platformName: XP, rotatable: false, setWindowRect: true, takesHeapSnapshot: true, takesScreenshot: true, unexpectedAlertBehaviour: , unhandledPromptBehavior: , version: 73.0.3683.103, webStorageEnabled: true}
Session ID: dca00343d0b52b1327e5eeadc1ec8128
*** Element info: {Using=xpath, value=})

2019-04-23 10:00:29 - [TEST_STEP][PASSED] - callTestCase: Call Test Case 'Test Cases/Broadcasts/TC0684' successfully

2019-04-23 10:00:29 - [TEST_CASE][PASSED] - Test Cases/Broadcasts/TC0684: Test Cases/Broadcasts/TC0684

2019-04-23 10:00:29 - [TEST_STEP][PASSED] - callTestCase: Call Test Case 'Test Cases/s-sidebar_navigation/TeamAccount/Broadcasts' successfully

2019-04-23 10:00:29 - [TEST_CASE][PASSED] - Test Cases/s-sidebar_navigation/TeamAccount/Broadcasts: Test Cases/s-sidebar_navigation/TeamAccount/Broadcasts

2019-04-23 10:00:29 - [TEST_STEP][PASSED] - callTestCase: Call Test Case 'Test Cases/s-sidebar_navigation/individualAccount/broadcast' successfully

2019-04-23 10:00:29 - [TEST_CASE][PASSED] - Test Cases/s-sidebar_navigation/individualAccount/broadcast: Test Cases/s-sidebar_navigation/individualAccount/broadcast

2019-04-23 10:00:29 - [TEST_STEP][PASSED] - click: Object: 'Object Repository/Page_KiboPush  Dashboard/span_Polls' is clicked on

2019-04-23 10:00:30 - [MESSAGE][PASSED] - Object: 'Object Repository/Page_KiboPush  Dashboard/span_Polls' is clicked on

2019-04-23 10:00:30 - [TEST_STEP][PASSED] - delay: Delayed 1 second(s)

2019-04-23 10:00:31 - [MESSAGE][PASSED] - Delayed 1 second(s)

2019-04-23 10:00:31 - [TEST_STEP][PASSED] - click: Object: 'Object Repository/Page_KiboPush  Dashboard/span_Broadcasts' is clicked on

2019-04-23 10:00:31 - [MESSAGE][PASSED] - Object: 'Object Repository/Page_KiboPush  Dashboard/span_Broadcasts' is clicked on

2019-04-23 10:00:31 - [TEST_STEP][PASSED] - delay: Delayed 1 second(s)

2019-04-23 10:00:32 - [MESSAGE][PASSED] - Delayed 1 second(s)

2019-04-23 10:00:32 - [TEST_STEP][PASSED] - scrollToPosition: Browser is scrolled to position x = 0, y = 0

2019-04-23 10:00:32 - [MESSAGE][PASSED] - Browser is scrolled to position x = 0, y = 0

2019-04-23 10:00:32 - [TEST_STEP][PASSED] - click: Object: 'Object Repository/Page_KiboPush  Broadcast/h3_Manage Broadcasts' is clicked on

2019-04-23 10:00:33 - [MESSAGE][PASSED] - Object: 'Object Repository/Page_KiboPush  Broadcast/h3_Manage Broadcasts' is clicked on

2019-04-23 10:00:33 - [MESSAGE][PASSED] - Call Test Case 'Test Cases/s-sidebar_navigation/individualAccount/broadcast' successfully

2019-04-23 10:00:33 - [MESSAGE][PASSED] - Call Test Case 'Test Cases/s-sidebar_navigation/TeamAccount/Broadcasts' successfully

2019-04-23 10:00:33 - [TEST_STEP][PASSED] - click: Object: 'Object Repository/Page_KiboPush  Broadcast/span_Create New Broadcast' is clicked on

2019-04-23 10:00:33 - [MESSAGE][PASSED] - Object: 'Object Repository/Page_KiboPush  Broadcast/span_Create New Broadcast' is clicked on

2019-04-23 10:00:33 - [TEST_STEP][PASSED] - click: Object: 'Object Repository/Page_KiboPush  Broadcast/a_Create New Broadcast' is clicked on

2019-04-23 10:00:34 - [MESSAGE][PASSED] - Object: 'Object Repository/Page_KiboPush  Broadcast/a_Create New Broadcast' is clicked on

2019-04-23 10:00:34 - [TEST_STEP][PASSED] - delay: Delayed 1 second(s)

2019-04-23 10:00:35 - [MESSAGE][PASSED] - Delayed 1 second(s)

2019-04-23 10:00:35 - [TEST_STEP][PASSED] - click: Object: 'Object Repository/Page_KiboPush  Create Broadcast/div_List' is clicked on

2019-04-23 10:00:36 - [MESSAGE][PASSED] - Object: 'Object Repository/Page_KiboPush  Create Broadcast/div_List' is clicked on

2019-04-23 10:00:36 - [TEST_STEP][PASSED] - delay: Delayed 1 second(s)

2019-04-23 10:00:37 - [MESSAGE][PASSED] - Delayed 1 second(s)

2019-04-23 10:00:37 - [TEST_STEP][PASSED] - click: Object: 'Object Repository/Page_KiboPush  Create Broadcast/div_ Add Button  Add Action' is clicked on

2019-04-23 10:00:37 - [MESSAGE][PASSED] - Object: 'Object Repository/Page_KiboPush  Create Broadcast/div_ Add Button  Add Action' is clicked on

2019-04-23 10:00:37 - [TEST_STEP][PASSED] - delay: Delayed 2 second(s)

2019-04-23 10:00:39 - [MESSAGE][PASSED] - Delayed 2 second(s)

2019-04-23 10:00:39 - [MESSAGE][PASSED] - Call Test Case 'Test Cases/Broadcasts/TC0684' successfully

2019-04-23 10:00:39 - [TEST_STEP][FAILED] - setText: Unable to set text 'Subtitle1' of object 'Object Repository/Page_KiboPush  Create Broadcast/First_Card_Subtitle' (Root cause: org.openqa.selenium.InvalidSelectorException: invalid selector: Unable to locate an element with the xpath expression  because of the following error:
SyntaxError: Failed to execute 'evaluate' on 'Document': The string '' is not a valid XPath expression.
  (Session info: chrome=73.0.3683.103)
  (Driver info: chromedriver=2.35.528161 (5b82f2d2aae0ca24b877009200ced9065a772e73),platform=Windows NT 10.0.17134 x86_64) (WARNING: The server did not provide any stacktrace information)
Command duration or timeout: 0 milliseconds
For documentation on this error, please visit: http://seleniumhq.org/exceptions/invalid_selector_exception.html
Build info: version: '3.7.1', revision: '8a0099a', time: '2017-11-06T21:07:36.161Z'
System info: host: 'DESKTOP-4M6R1V0', ip: '10.0.2.15', os.name: 'Windows 10', os.arch: 'amd64', os.version: '10.0', java.version: '1.8.0_181'
Driver info: com.kms.katalon.selenium.driver.CChromeDriver
Capabilities {acceptInsecureCerts: false, acceptSslCerts: false, applicationCacheEnabled: false, browserConnectionEnabled: false, browserName: chrome, chrome: {chromedriverVersion: 2.35.528161 (5b82f2d2aae0ca..., userDataDir: C:\Users\CLOUDK~1\AppData\L...}, cssSelectorsEnabled: true, databaseEnabled: false, handlesAlerts: true, hasTouchScreen: false, javascriptEnabled: true, locationContextEnabled: true, mobileEmulationEnabled: false, nativeEvents: true, networkConnectionEnabled: false, pageLoadStrategy: normal, platform: XP, platformName: XP, rotatable: false, setWindowRect: true, takesHeapSnapshot: true, takesScreenshot: true, unexpectedAlertBehaviour: , unhandledPromptBehavior: , version: 73.0.3683.103, webStorageEnabled: true}
Session ID: dca00343d0b52b1327e5eeadc1ec8128
*** Element info: {Using=xpath, value=})

2019-04-23 10:01:11 - [MESSAGE][FAILED] - Unable to set text 'Subtitle1' of object 'Object Repository/Page_KiboPush  Create Broadcast/First_Card_Subtitle' (Root cause: org.openqa.selenium.InvalidSelectorException: invalid selector: Unable to locate an element with the xpath expression  because of the following error:
SyntaxError: Failed to execute 'evaluate' on 'Document': The string '' is not a valid XPath expression.
  (Session info: chrome=73.0.3683.103)
  (Driver info: chromedriver=2.35.528161 (5b82f2d2aae0ca24b877009200ced9065a772e73),platform=Windows NT 10.0.17134 x86_64) (WARNING: The server did not provide any stacktrace information)
Command duration or timeout: 0 milliseconds
For documentation on this error, please visit: http://seleniumhq.org/exceptions/invalid_selector_exception.html
Build info: version: '3.7.1', revision: '8a0099a', time: '2017-11-06T21:07:36.161Z'
System info: host: 'DESKTOP-4M6R1V0', ip: '10.0.2.15', os.name: 'Windows 10', os.arch: 'amd64', os.version: '10.0', java.version: '1.8.0_181'
Driver info: com.kms.katalon.selenium.driver.CChromeDriver
Capabilities {acceptInsecureCerts: false, acceptSslCerts: false, applicationCacheEnabled: false, browserConnectionEnabled: false, browserName: chrome, chrome: {chromedriverVersion: 2.35.528161 (5b82f2d2aae0ca..., userDataDir: C:\Users\CLOUDK~1\AppData\L...}, cssSelectorsEnabled: true, databaseEnabled: false, handlesAlerts: true, hasTouchScreen: false, javascriptEnabled: true, locationContextEnabled: true, mobileEmulationEnabled: false, nativeEvents: true, networkConnectionEnabled: false, pageLoadStrategy: normal, platform: XP, platformName: XP, rotatable: false, setWindowRect: true, takesHeapSnapshot: true, takesScreenshot: true, unexpectedAlertBehaviour: , unhandledPromptBehavior: , version: 73.0.3683.103, webStorageEnabled: true}
Session ID: dca00343d0b52b1327e5eeadc1ec8128
*** Element info: {Using=xpath, value=})
[[ATTACHMENT|C:\\Users\\cloudkibo\\Desktop\\KiboPush_Automated_Testing\\KiboPush Katalon\\Reports\\broadcast\\20190423_093942\\1555995670684.png]]]]></system-out>
         <system-err><![CDATA[2019-04-23 10:00:29 - [TEST_CASE][FAILED] - Test Cases/Broadcasts/TC0690: Test Cases/Broadcasts/TC0690 FAILED because (of) Unable to set text 'Subtitle1' of object 'Object Repository/Page_KiboPush  Create Broadcast/First_Card_Subtitle' (Root cause: org.openqa.selenium.InvalidSelectorException: invalid selector: Unable to locate an element with the xpath expression  because of the following error:
SyntaxError: Failed to execute 'evaluate' on 'Document': The string '' is not a valid XPath expression.
  (Session info: chrome=73.0.3683.103)
  (Driver info: chromedriver=2.35.528161 (5b82f2d2aae0ca24b877009200ced9065a772e73),platform=Windows NT 10.0.17134 x86_64) (WARNING: The server did not provide any stacktrace information)
Command duration or timeout: 0 milliseconds
For documentation on this error, please visit: http://seleniumhq.org/exceptions/invalid_selector_exception.html
Build info: version: '3.7.1', revision: '8a0099a', time: '2017-11-06T21:07:36.161Z'
System info: host: 'DESKTOP-4M6R1V0', ip: '10.0.2.15', os.name: 'Windows 10', os.arch: 'amd64', os.version: '10.0', java.version: '1.8.0_181'
Driver info: com.kms.katalon.selenium.driver.CChromeDriver
Capabilities {acceptInsecureCerts: false, acceptSslCerts: false, applicationCacheEnabled: false, browserConnectionEnabled: false, browserName: chrome, chrome: {chromedriverVersion: 2.35.528161 (5b82f2d2aae0ca..., userDataDir: C:\Users\CLOUDK~1\AppData\L...}, cssSelectorsEnabled: true, databaseEnabled: false, handlesAlerts: true, hasTouchScreen: false, javascriptEnabled: true, locationContextEnabled: true, mobileEmulationEnabled: false, nativeEvents: true, networkConnectionEnabled: false, pageLoadStrategy: normal, platform: XP, platformName: XP, rotatable: false, setWindowRect: true, takesHeapSnapshot: true, takesScreenshot: true, unexpectedAlertBehaviour: , unhandledPromptBehavior: , version: 73.0.3683.103, webStorageEnabled: true}
Session ID: dca00343d0b52b1327e5eeadc1ec8128
*** Element info: {Using=xpath, value=})]]></system-err>
      </testcase>
      <testcase name="Test Cases/Broadcasts/TC0691" classname="Test Cases/Broadcasts/TC0691" status="FAILED">
         <failure type="FAILED" message="Unable to set text 'Title1' of object 'Object Repository/Page_KiboPush  Create Broadcast/First_Card_List_Title' (Root cause: org.openqa.selenium.InvalidSelectorException: invalid selector: Unable to locate an element with the xpath expression  because of the following error:
SyntaxError: Failed to execute 'evaluate' on 'Document': The string '' is not a valid XPath expression.
  (Session info: chrome=73.0.3683.103)
  (Driver info: chromedriver=2.35.528161 (5b82f2d2aae0ca24b877009200ced9065a772e73),platform=Windows NT 10.0.17134 x86_64) (WARNING: The server did not provide any stacktrace information)
Command duration or timeout: 0 milliseconds
For documentation on this error, please visit: http://seleniumhq.org/exceptions/invalid_selector_exception.html
Build info: version: '3.7.1', revision: '8a0099a', time: '2017-11-06T21:07:36.161Z'
System info: host: 'DESKTOP-4M6R1V0', ip: '10.0.2.15', os.name: 'Windows 10', os.arch: 'amd64', os.version: '10.0', java.version: '1.8.0_181'
Driver info: com.kms.katalon.selenium.driver.CChromeDriver
Capabilities {acceptInsecureCerts: false, acceptSslCerts: false, applicationCacheEnabled: false, browserConnectionEnabled: false, browserName: chrome, chrome: {chromedriverVersion: 2.35.528161 (5b82f2d2aae0ca..., userDataDir: C:\Users\CLOUDK~1\AppData\L...}, cssSelectorsEnabled: true, databaseEnabled: false, handlesAlerts: true, hasTouchScreen: false, javascriptEnabled: true, locationContextEnabled: true, mobileEmulationEnabled: false, nativeEvents: true, networkConnectionEnabled: false, pageLoadStrategy: normal, platform: XP, platformName: XP, rotatable: false, setWindowRect: true, takesHeapSnapshot: true, takesScreenshot: true, unexpectedAlertBehaviour: , unhandledPromptBehavior: , version: 73.0.3683.103, webStorageEnabled: true}
Session ID: dca00343d0b52b1327e5eeadc1ec8128
*** Element info: {Using=xpath, value=})"/>
         <system-out><![CDATA[2019-04-23 10:01:11 - [TEST_CASE][FAILED] - Test Cases/Broadcasts/TC0691: Test Cases/Broadcasts/TC0691 FAILED because (of) Unable to set text 'Title1' of object 'Object Repository/Page_KiboPush  Create Broadcast/First_Card_List_Title' (Root cause: org.openqa.selenium.InvalidSelectorException: invalid selector: Unable to locate an element with the xpath expression  because of the following error:
SyntaxError: Failed to execute 'evaluate' on 'Document': The string '' is not a valid XPath expression.
  (Session info: chrome=73.0.3683.103)
  (Driver info: chromedriver=2.35.528161 (5b82f2d2aae0ca24b877009200ced9065a772e73),platform=Windows NT 10.0.17134 x86_64) (WARNING: The server did not provide any stacktrace information)
Command duration or timeout: 0 milliseconds
For documentation on this error, please visit: http://seleniumhq.org/exceptions/invalid_selector_exception.html
Build info: version: '3.7.1', revision: '8a0099a', time: '2017-11-06T21:07:36.161Z'
System info: host: 'DESKTOP-4M6R1V0', ip: '10.0.2.15', os.name: 'Windows 10', os.arch: 'amd64', os.version: '10.0', java.version: '1.8.0_181'
Driver info: com.kms.katalon.selenium.driver.CChromeDriver
Capabilities {acceptInsecureCerts: false, acceptSslCerts: false, applicationCacheEnabled: false, browserConnectionEnabled: false, browserName: chrome, chrome: {chromedriverVersion: 2.35.528161 (5b82f2d2aae0ca..., userDataDir: C:\Users\CLOUDK~1\AppData\L...}, cssSelectorsEnabled: true, databaseEnabled: false, handlesAlerts: true, hasTouchScreen: false, javascriptEnabled: true, locationContextEnabled: true, mobileEmulationEnabled: false, nativeEvents: true, networkConnectionEnabled: false, pageLoadStrategy: normal, platform: XP, platformName: XP, rotatable: false, setWindowRect: true, takesHeapSnapshot: true, takesScreenshot: true, unexpectedAlertBehaviour: , unhandledPromptBehavior: , version: 73.0.3683.103, webStorageEnabled: true}
Session ID: dca00343d0b52b1327e5eeadc1ec8128
*** Element info: {Using=xpath, value=})

2019-04-23 10:01:11 - [TEST_STEP][PASSED] - callTestCase: Call Test Case 'Test Cases/Broadcasts/TC0684' successfully

2019-04-23 10:01:11 - [TEST_CASE][PASSED] - Test Cases/Broadcasts/TC0684: Test Cases/Broadcasts/TC0684

2019-04-23 10:01:11 - [TEST_STEP][PASSED] - callTestCase: Call Test Case 'Test Cases/s-sidebar_navigation/TeamAccount/Broadcasts' successfully

2019-04-23 10:01:11 - [TEST_CASE][PASSED] - Test Cases/s-sidebar_navigation/TeamAccount/Broadcasts: Test Cases/s-sidebar_navigation/TeamAccount/Broadcasts

2019-04-23 10:01:11 - [TEST_STEP][PASSED] - callTestCase: Call Test Case 'Test Cases/s-sidebar_navigation/individualAccount/broadcast' successfully

2019-04-23 10:01:11 - [TEST_CASE][PASSED] - Test Cases/s-sidebar_navigation/individualAccount/broadcast: Test Cases/s-sidebar_navigation/individualAccount/broadcast

2019-04-23 10:01:11 - [TEST_STEP][PASSED] - click: Object: 'Object Repository/Page_KiboPush  Dashboard/span_Polls' is clicked on

2019-04-23 10:01:12 - [MESSAGE][PASSED] - Object: 'Object Repository/Page_KiboPush  Dashboard/span_Polls' is clicked on

2019-04-23 10:01:12 - [TEST_STEP][PASSED] - delay: Delayed 1 second(s)

2019-04-23 10:01:13 - [MESSAGE][PASSED] - Delayed 1 second(s)

2019-04-23 10:01:13 - [TEST_STEP][PASSED] - click: Object: 'Object Repository/Page_KiboPush  Dashboard/span_Broadcasts' is clicked on

2019-04-23 10:01:14 - [MESSAGE][PASSED] - Object: 'Object Repository/Page_KiboPush  Dashboard/span_Broadcasts' is clicked on

2019-04-23 10:01:14 - [TEST_STEP][PASSED] - delay: Delayed 1 second(s)

2019-04-23 10:01:15 - [MESSAGE][PASSED] - Delayed 1 second(s)

2019-04-23 10:01:15 - [TEST_STEP][PASSED] - scrollToPosition: Browser is scrolled to position x = 0, y = 0

2019-04-23 10:01:15 - [MESSAGE][PASSED] - Browser is scrolled to position x = 0, y = 0

2019-04-23 10:01:15 - [TEST_STEP][PASSED] - click: Object: 'Object Repository/Page_KiboPush  Broadcast/h3_Manage Broadcasts' is clicked on

2019-04-23 10:01:15 - [MESSAGE][PASSED] - Object: 'Object Repository/Page_KiboPush  Broadcast/h3_Manage Broadcasts' is clicked on

2019-04-23 10:01:15 - [MESSAGE][PASSED] - Call Test Case 'Test Cases/s-sidebar_navigation/individualAccount/broadcast' successfully

2019-04-23 10:01:15 - [MESSAGE][PASSED] - Call Test Case 'Test Cases/s-sidebar_navigation/TeamAccount/Broadcasts' successfully

2019-04-23 10:01:15 - [TEST_STEP][PASSED] - click: Object: 'Object Repository/Page_KiboPush  Broadcast/span_Create New Broadcast' is clicked on

2019-04-23 10:01:16 - [MESSAGE][PASSED] - Object: 'Object Repository/Page_KiboPush  Broadcast/span_Create New Broadcast' is clicked on

2019-04-23 10:01:16 - [TEST_STEP][PASSED] - click: Object: 'Object Repository/Page_KiboPush  Broadcast/a_Create New Broadcast' is clicked on

2019-04-23 10:01:17 - [MESSAGE][PASSED] - Object: 'Object Repository/Page_KiboPush  Broadcast/a_Create New Broadcast' is clicked on

2019-04-23 10:01:17 - [TEST_STEP][PASSED] - delay: Delayed 1 second(s)

2019-04-23 10:01:18 - [MESSAGE][PASSED] - Delayed 1 second(s)

2019-04-23 10:01:18 - [TEST_STEP][PASSED] - click: Object: 'Object Repository/Page_KiboPush  Create Broadcast/div_List' is clicked on

2019-04-23 10:01:19 - [MESSAGE][PASSED] - Object: 'Object Repository/Page_KiboPush  Create Broadcast/div_List' is clicked on

2019-04-23 10:01:19 - [TEST_STEP][PASSED] - delay: Delayed 1 second(s)

2019-04-23 10:01:20 - [MESSAGE][PASSED] - Delayed 1 second(s)

2019-04-23 10:01:20 - [TEST_STEP][PASSED] - click: Object: 'Object Repository/Page_KiboPush  Create Broadcast/div_ Add Button  Add Action' is clicked on

2019-04-23 10:01:20 - [MESSAGE][PASSED] - Object: 'Object Repository/Page_KiboPush  Create Broadcast/div_ Add Button  Add Action' is clicked on

2019-04-23 10:01:20 - [TEST_STEP][PASSED] - delay: Delayed 2 second(s)

2019-04-23 10:01:22 - [MESSAGE][PASSED] - Delayed 2 second(s)

2019-04-23 10:01:22 - [MESSAGE][PASSED] - Call Test Case 'Test Cases/Broadcasts/TC0684' successfully

2019-04-23 10:01:22 - [TEST_STEP][FAILED] - setText: Unable to set text 'Title1' of object 'Object Repository/Page_KiboPush  Create Broadcast/First_Card_List_Title' (Root cause: org.openqa.selenium.InvalidSelectorException: invalid selector: Unable to locate an element with the xpath expression  because of the following error:
SyntaxError: Failed to execute 'evaluate' on 'Document': The string '' is not a valid XPath expression.
  (Session info: chrome=73.0.3683.103)
  (Driver info: chromedriver=2.35.528161 (5b82f2d2aae0ca24b877009200ced9065a772e73),platform=Windows NT 10.0.17134 x86_64) (WARNING: The server did not provide any stacktrace information)
Command duration or timeout: 0 milliseconds
For documentation on this error, please visit: http://seleniumhq.org/exceptions/invalid_selector_exception.html
Build info: version: '3.7.1', revision: '8a0099a', time: '2017-11-06T21:07:36.161Z'
System info: host: 'DESKTOP-4M6R1V0', ip: '10.0.2.15', os.name: 'Windows 10', os.arch: 'amd64', os.version: '10.0', java.version: '1.8.0_181'
Driver info: com.kms.katalon.selenium.driver.CChromeDriver
Capabilities {acceptInsecureCerts: false, acceptSslCerts: false, applicationCacheEnabled: false, browserConnectionEnabled: false, browserName: chrome, chrome: {chromedriverVersion: 2.35.528161 (5b82f2d2aae0ca..., userDataDir: C:\Users\CLOUDK~1\AppData\L...}, cssSelectorsEnabled: true, databaseEnabled: false, handlesAlerts: true, hasTouchScreen: false, javascriptEnabled: true, locationContextEnabled: true, mobileEmulationEnabled: false, nativeEvents: true, networkConnectionEnabled: false, pageLoadStrategy: normal, platform: XP, platformName: XP, rotatable: false, setWindowRect: true, takesHeapSnapshot: true, takesScreenshot: true, unexpectedAlertBehaviour: , unhandledPromptBehavior: , version: 73.0.3683.103, webStorageEnabled: true}
Session ID: dca00343d0b52b1327e5eeadc1ec8128
*** Element info: {Using=xpath, value=})

2019-04-23 10:01:54 - [MESSAGE][FAILED] - Unable to set text 'Title1' of object 'Object Repository/Page_KiboPush  Create Broadcast/First_Card_List_Title' (Root cause: org.openqa.selenium.InvalidSelectorException: invalid selector: Unable to locate an element with the xpath expression  because of the following error:
SyntaxError: Failed to execute 'evaluate' on 'Document': The string '' is not a valid XPath expression.
  (Session info: chrome=73.0.3683.103)
  (Driver info: chromedriver=2.35.528161 (5b82f2d2aae0ca24b877009200ced9065a772e73),platform=Windows NT 10.0.17134 x86_64) (WARNING: The server did not provide any stacktrace information)
Command duration or timeout: 0 milliseconds
For documentation on this error, please visit: http://seleniumhq.org/exceptions/invalid_selector_exception.html
Build info: version: '3.7.1', revision: '8a0099a', time: '2017-11-06T21:07:36.161Z'
System info: host: 'DESKTOP-4M6R1V0', ip: '10.0.2.15', os.name: 'Windows 10', os.arch: 'amd64', os.version: '10.0', java.version: '1.8.0_181'
Driver info: com.kms.katalon.selenium.driver.CChromeDriver
Capabilities {acceptInsecureCerts: false, acceptSslCerts: false, applicationCacheEnabled: false, browserConnectionEnabled: false, browserName: chrome, chrome: {chromedriverVersion: 2.35.528161 (5b82f2d2aae0ca..., userDataDir: C:\Users\CLOUDK~1\AppData\L...}, cssSelectorsEnabled: true, databaseEnabled: false, handlesAlerts: true, hasTouchScreen: false, javascriptEnabled: true, locationContextEnabled: true, mobileEmulationEnabled: false, nativeEvents: true, networkConnectionEnabled: false, pageLoadStrategy: normal, platform: XP, platformName: XP, rotatable: false, setWindowRect: true, takesHeapSnapshot: true, takesScreenshot: true, unexpectedAlertBehaviour: , unhandledPromptBehavior: , version: 73.0.3683.103, webStorageEnabled: true}
Session ID: dca00343d0b52b1327e5eeadc1ec8128
*** Element info: {Using=xpath, value=})
[[ATTACHMENT|C:\\Users\\cloudkibo\\Desktop\\KiboPush_Automated_Testing\\KiboPush Katalon\\Reports\\broadcast\\20190423_093942\\1555995713874.png]]]]></system-out>
         <system-err><![CDATA[2019-04-23 10:01:11 - [TEST_CASE][FAILED] - Test Cases/Broadcasts/TC0691: Test Cases/Broadcasts/TC0691 FAILED because (of) Unable to set text 'Title1' of object 'Object Repository/Page_KiboPush  Create Broadcast/First_Card_List_Title' (Root cause: org.openqa.selenium.InvalidSelectorException: invalid selector: Unable to locate an element with the xpath expression  because of the following error:
SyntaxError: Failed to execute 'evaluate' on 'Document': The string '' is not a valid XPath expression.
  (Session info: chrome=73.0.3683.103)
  (Driver info: chromedriver=2.35.528161 (5b82f2d2aae0ca24b877009200ced9065a772e73),platform=Windows NT 10.0.17134 x86_64) (WARNING: The server did not provide any stacktrace information)
Command duration or timeout: 0 milliseconds
For documentation on this error, please visit: http://seleniumhq.org/exceptions/invalid_selector_exception.html
Build info: version: '3.7.1', revision: '8a0099a', time: '2017-11-06T21:07:36.161Z'
System info: host: 'DESKTOP-4M6R1V0', ip: '10.0.2.15', os.name: 'Windows 10', os.arch: 'amd64', os.version: '10.0', java.version: '1.8.0_181'
Driver info: com.kms.katalon.selenium.driver.CChromeDriver
Capabilities {acceptInsecureCerts: false, acceptSslCerts: false, applicationCacheEnabled: false, browserConnectionEnabled: false, browserName: chrome, chrome: {chromedriverVersion: 2.35.528161 (5b82f2d2aae0ca..., userDataDir: C:\Users\CLOUDK~1\AppData\L...}, cssSelectorsEnabled: true, databaseEnabled: false, handlesAlerts: true, hasTouchScreen: false, javascriptEnabled: true, locationContextEnabled: true, mobileEmulationEnabled: false, nativeEvents: true, networkConnectionEnabled: false, pageLoadStrategy: normal, platform: XP, platformName: XP, rotatable: false, setWindowRect: true, takesHeapSnapshot: true, takesScreenshot: true, unexpectedAlertBehaviour: , unhandledPromptBehavior: , version: 73.0.3683.103, webStorageEnabled: true}
Session ID: dca00343d0b52b1327e5eeadc1ec8128
*** Element info: {Using=xpath, value=})]]></system-err>
      </testcase>
      <testcase name="Test Cases/Broadcasts/TC0692" classname="Test Cases/Broadcasts/TC0692" status="FAILED">
         <failure type="FAILED" message="Unable to set text 'Title1' of object 'Object Repository/Page_KiboPush  Create Broadcast/First_Card_List_Title' (Root cause: org.openqa.selenium.InvalidSelectorException: invalid selector: Unable to locate an element with the xpath expression  because of the following error:
SyntaxError: Failed to execute 'evaluate' on 'Document': The string '' is not a valid XPath expression.
  (Session info: chrome=73.0.3683.103)
  (Driver info: chromedriver=2.35.528161 (5b82f2d2aae0ca24b877009200ced9065a772e73),platform=Windows NT 10.0.17134 x86_64) (WARNING: The server did not provide any stacktrace information)
Command duration or timeout: 0 milliseconds
For documentation on this error, please visit: http://seleniumhq.org/exceptions/invalid_selector_exception.html
Build info: version: '3.7.1', revision: '8a0099a', time: '2017-11-06T21:07:36.161Z'
System info: host: 'DESKTOP-4M6R1V0', ip: '10.0.2.15', os.name: 'Windows 10', os.arch: 'amd64', os.version: '10.0', java.version: '1.8.0_181'
Driver info: com.kms.katalon.selenium.driver.CChromeDriver
Capabilities {acceptInsecureCerts: false, acceptSslCerts: false, applicationCacheEnabled: false, browserConnectionEnabled: false, browserName: chrome, chrome: {chromedriverVersion: 2.35.528161 (5b82f2d2aae0ca..., userDataDir: C:\Users\CLOUDK~1\AppData\L...}, cssSelectorsEnabled: true, databaseEnabled: false, handlesAlerts: true, hasTouchScreen: false, javascriptEnabled: true, locationContextEnabled: true, mobileEmulationEnabled: false, nativeEvents: true, networkConnectionEnabled: false, pageLoadStrategy: normal, platform: XP, platformName: XP, rotatable: false, setWindowRect: true, takesHeapSnapshot: true, takesScreenshot: true, unexpectedAlertBehaviour: , unhandledPromptBehavior: , version: 73.0.3683.103, webStorageEnabled: true}
Session ID: dca00343d0b52b1327e5eeadc1ec8128
*** Element info: {Using=xpath, value=})"/>
         <system-out><![CDATA[2019-04-23 10:01:54 - [TEST_CASE][FAILED] - Test Cases/Broadcasts/TC0692: Test Cases/Broadcasts/TC0692 FAILED because (of) Unable to set text 'Title1' of object 'Object Repository/Page_KiboPush  Create Broadcast/First_Card_List_Title' (Root cause: org.openqa.selenium.InvalidSelectorException: invalid selector: Unable to locate an element with the xpath expression  because of the following error:
SyntaxError: Failed to execute 'evaluate' on 'Document': The string '' is not a valid XPath expression.
  (Session info: chrome=73.0.3683.103)
  (Driver info: chromedriver=2.35.528161 (5b82f2d2aae0ca24b877009200ced9065a772e73),platform=Windows NT 10.0.17134 x86_64) (WARNING: The server did not provide any stacktrace information)
Command duration or timeout: 0 milliseconds
For documentation on this error, please visit: http://seleniumhq.org/exceptions/invalid_selector_exception.html
Build info: version: '3.7.1', revision: '8a0099a', time: '2017-11-06T21:07:36.161Z'
System info: host: 'DESKTOP-4M6R1V0', ip: '10.0.2.15', os.name: 'Windows 10', os.arch: 'amd64', os.version: '10.0', java.version: '1.8.0_181'
Driver info: com.kms.katalon.selenium.driver.CChromeDriver
Capabilities {acceptInsecureCerts: false, acceptSslCerts: false, applicationCacheEnabled: false, browserConnectionEnabled: false, browserName: chrome, chrome: {chromedriverVersion: 2.35.528161 (5b82f2d2aae0ca..., userDataDir: C:\Users\CLOUDK~1\AppData\L...}, cssSelectorsEnabled: true, databaseEnabled: false, handlesAlerts: true, hasTouchScreen: false, javascriptEnabled: true, locationContextEnabled: true, mobileEmulationEnabled: false, nativeEvents: true, networkConnectionEnabled: false, pageLoadStrategy: normal, platform: XP, platformName: XP, rotatable: false, setWindowRect: true, takesHeapSnapshot: true, takesScreenshot: true, unexpectedAlertBehaviour: , unhandledPromptBehavior: , version: 73.0.3683.103, webStorageEnabled: true}
Session ID: dca00343d0b52b1327e5eeadc1ec8128
*** Element info: {Using=xpath, value=})

2019-04-23 10:01:54 - [TEST_STEP][PASSED] - callTestCase: Call Test Case 'Test Cases/Broadcasts/TC0684' successfully

2019-04-23 10:01:54 - [TEST_CASE][PASSED] - Test Cases/Broadcasts/TC0684: Test Cases/Broadcasts/TC0684

2019-04-23 10:01:54 - [TEST_STEP][PASSED] - callTestCase: Call Test Case 'Test Cases/s-sidebar_navigation/TeamAccount/Broadcasts' successfully

2019-04-23 10:01:54 - [TEST_CASE][PASSED] - Test Cases/s-sidebar_navigation/TeamAccount/Broadcasts: Test Cases/s-sidebar_navigation/TeamAccount/Broadcasts

2019-04-23 10:01:54 - [TEST_STEP][PASSED] - callTestCase: Call Test Case 'Test Cases/s-sidebar_navigation/individualAccount/broadcast' successfully

2019-04-23 10:01:54 - [TEST_CASE][PASSED] - Test Cases/s-sidebar_navigation/individualAccount/broadcast: Test Cases/s-sidebar_navigation/individualAccount/broadcast

2019-04-23 10:01:54 - [TEST_STEP][PASSED] - click: Object: 'Object Repository/Page_KiboPush  Dashboard/span_Polls' is clicked on

2019-04-23 10:01:55 - [MESSAGE][PASSED] - Object: 'Object Repository/Page_KiboPush  Dashboard/span_Polls' is clicked on

2019-04-23 10:01:55 - [TEST_STEP][PASSED] - delay: Delayed 1 second(s)

2019-04-23 10:01:56 - [MESSAGE][PASSED] - Delayed 1 second(s)

2019-04-23 10:01:56 - [TEST_STEP][PASSED] - click: Object: 'Object Repository/Page_KiboPush  Dashboard/span_Broadcasts' is clicked on

2019-04-23 10:01:56 - [MESSAGE][PASSED] - Object: 'Object Repository/Page_KiboPush  Dashboard/span_Broadcasts' is clicked on

2019-04-23 10:01:56 - [TEST_STEP][PASSED] - delay: Delayed 1 second(s)

2019-04-23 10:01:57 - [MESSAGE][PASSED] - Delayed 1 second(s)

2019-04-23 10:01:57 - [TEST_STEP][PASSED] - scrollToPosition: Browser is scrolled to position x = 0, y = 0

2019-04-23 10:01:58 - [MESSAGE][PASSED] - Browser is scrolled to position x = 0, y = 0

2019-04-23 10:01:58 - [TEST_STEP][PASSED] - click: Object: 'Object Repository/Page_KiboPush  Broadcast/h3_Manage Broadcasts' is clicked on

2019-04-23 10:01:58 - [MESSAGE][PASSED] - Object: 'Object Repository/Page_KiboPush  Broadcast/h3_Manage Broadcasts' is clicked on

2019-04-23 10:01:58 - [MESSAGE][PASSED] - Call Test Case 'Test Cases/s-sidebar_navigation/individualAccount/broadcast' successfully

2019-04-23 10:01:58 - [MESSAGE][PASSED] - Call Test Case 'Test Cases/s-sidebar_navigation/TeamAccount/Broadcasts' successfully

2019-04-23 10:01:58 - [TEST_STEP][PASSED] - click: Object: 'Object Repository/Page_KiboPush  Broadcast/span_Create New Broadcast' is clicked on

2019-04-23 10:01:58 - [MESSAGE][PASSED] - Object: 'Object Repository/Page_KiboPush  Broadcast/span_Create New Broadcast' is clicked on

2019-04-23 10:01:58 - [TEST_STEP][PASSED] - click: Object: 'Object Repository/Page_KiboPush  Broadcast/a_Create New Broadcast' is clicked on

2019-04-23 10:01:59 - [MESSAGE][PASSED] - Object: 'Object Repository/Page_KiboPush  Broadcast/a_Create New Broadcast' is clicked on

2019-04-23 10:01:59 - [TEST_STEP][PASSED] - delay: Delayed 1 second(s)

2019-04-23 10:02:00 - [MESSAGE][PASSED] - Delayed 1 second(s)

2019-04-23 10:02:00 - [TEST_STEP][PASSED] - click: Object: 'Object Repository/Page_KiboPush  Create Broadcast/div_List' is clicked on

2019-04-23 10:02:01 - [MESSAGE][PASSED] - Object: 'Object Repository/Page_KiboPush  Create Broadcast/div_List' is clicked on

2019-04-23 10:02:01 - [TEST_STEP][PASSED] - delay: Delayed 1 second(s)

2019-04-23 10:02:02 - [MESSAGE][PASSED] - Delayed 1 second(s)

2019-04-23 10:02:02 - [TEST_STEP][PASSED] - click: Object: 'Object Repository/Page_KiboPush  Create Broadcast/div_ Add Button  Add Action' is clicked on

2019-04-23 10:02:02 - [MESSAGE][PASSED] - Object: 'Object Repository/Page_KiboPush  Create Broadcast/div_ Add Button  Add Action' is clicked on

2019-04-23 10:02:02 - [TEST_STEP][PASSED] - delay: Delayed 2 second(s)

2019-04-23 10:02:04 - [MESSAGE][PASSED] - Delayed 2 second(s)

2019-04-23 10:02:04 - [MESSAGE][PASSED] - Call Test Case 'Test Cases/Broadcasts/TC0684' successfully

2019-04-23 10:02:04 - [TEST_STEP][FAILED] - setText: Unable to set text 'Title1' of object 'Object Repository/Page_KiboPush  Create Broadcast/First_Card_List_Title' (Root cause: org.openqa.selenium.InvalidSelectorException: invalid selector: Unable to locate an element with the xpath expression  because of the following error:
SyntaxError: Failed to execute 'evaluate' on 'Document': The string '' is not a valid XPath expression.
  (Session info: chrome=73.0.3683.103)
  (Driver info: chromedriver=2.35.528161 (5b82f2d2aae0ca24b877009200ced9065a772e73),platform=Windows NT 10.0.17134 x86_64) (WARNING: The server did not provide any stacktrace information)
Command duration or timeout: 0 milliseconds
For documentation on this error, please visit: http://seleniumhq.org/exceptions/invalid_selector_exception.html
Build info: version: '3.7.1', revision: '8a0099a', time: '2017-11-06T21:07:36.161Z'
System info: host: 'DESKTOP-4M6R1V0', ip: '10.0.2.15', os.name: 'Windows 10', os.arch: 'amd64', os.version: '10.0', java.version: '1.8.0_181'
Driver info: com.kms.katalon.selenium.driver.CChromeDriver
Capabilities {acceptInsecureCerts: false, acceptSslCerts: false, applicationCacheEnabled: false, browserConnectionEnabled: false, browserName: chrome, chrome: {chromedriverVersion: 2.35.528161 (5b82f2d2aae0ca..., userDataDir: C:\Users\CLOUDK~1\AppData\L...}, cssSelectorsEnabled: true, databaseEnabled: false, handlesAlerts: true, hasTouchScreen: false, javascriptEnabled: true, locationContextEnabled: true, mobileEmulationEnabled: false, nativeEvents: true, networkConnectionEnabled: false, pageLoadStrategy: normal, platform: XP, platformName: XP, rotatable: false, setWindowRect: true, takesHeapSnapshot: true, takesScreenshot: true, unexpectedAlertBehaviour: , unhandledPromptBehavior: , version: 73.0.3683.103, webStorageEnabled: true}
Session ID: dca00343d0b52b1327e5eeadc1ec8128
*** Element info: {Using=xpath, value=})

2019-04-23 10:02:36 - [MESSAGE][FAILED] - Unable to set text 'Title1' of object 'Object Repository/Page_KiboPush  Create Broadcast/First_Card_List_Title' (Root cause: org.openqa.selenium.InvalidSelectorException: invalid selector: Unable to locate an element with the xpath expression  because of the following error:
SyntaxError: Failed to execute 'evaluate' on 'Document': The string '' is not a valid XPath expression.
  (Session info: chrome=73.0.3683.103)
  (Driver info: chromedriver=2.35.528161 (5b82f2d2aae0ca24b877009200ced9065a772e73),platform=Windows NT 10.0.17134 x86_64) (WARNING: The server did not provide any stacktrace information)
Command duration or timeout: 0 milliseconds
For documentation on this error, please visit: http://seleniumhq.org/exceptions/invalid_selector_exception.html
Build info: version: '3.7.1', revision: '8a0099a', time: '2017-11-06T21:07:36.161Z'
System info: host: 'DESKTOP-4M6R1V0', ip: '10.0.2.15', os.name: 'Windows 10', os.arch: 'amd64', os.version: '10.0', java.version: '1.8.0_181'
Driver info: com.kms.katalon.selenium.driver.CChromeDriver
Capabilities {acceptInsecureCerts: false, acceptSslCerts: false, applicationCacheEnabled: false, browserConnectionEnabled: false, browserName: chrome, chrome: {chromedriverVersion: 2.35.528161 (5b82f2d2aae0ca..., userDataDir: C:\Users\CLOUDK~1\AppData\L...}, cssSelectorsEnabled: true, databaseEnabled: false, handlesAlerts: true, hasTouchScreen: false, javascriptEnabled: true, locationContextEnabled: true, mobileEmulationEnabled: false, nativeEvents: true, networkConnectionEnabled: false, pageLoadStrategy: normal, platform: XP, platformName: XP, rotatable: false, setWindowRect: true, takesHeapSnapshot: true, takesScreenshot: true, unexpectedAlertBehaviour: , unhandledPromptBehavior: , version: 73.0.3683.103, webStorageEnabled: true}
Session ID: dca00343d0b52b1327e5eeadc1ec8128
*** Element info: {Using=xpath, value=})
[[ATTACHMENT|C:\\Users\\cloudkibo\\Desktop\\KiboPush_Automated_Testing\\KiboPush Katalon\\Reports\\broadcast\\20190423_093942\\1555995756483.png]]]]></system-out>
         <system-err><![CDATA[2019-04-23 10:01:54 - [TEST_CASE][FAILED] - Test Cases/Broadcasts/TC0692: Test Cases/Broadcasts/TC0692 FAILED because (of) Unable to set text 'Title1' of object 'Object Repository/Page_KiboPush  Create Broadcast/First_Card_List_Title' (Root cause: org.openqa.selenium.InvalidSelectorException: invalid selector: Unable to locate an element with the xpath expression  because of the following error:
SyntaxError: Failed to execute 'evaluate' on 'Document': The string '' is not a valid XPath expression.
  (Session info: chrome=73.0.3683.103)
  (Driver info: chromedriver=2.35.528161 (5b82f2d2aae0ca24b877009200ced9065a772e73),platform=Windows NT 10.0.17134 x86_64) (WARNING: The server did not provide any stacktrace information)
Command duration or timeout: 0 milliseconds
For documentation on this error, please visit: http://seleniumhq.org/exceptions/invalid_selector_exception.html
Build info: version: '3.7.1', revision: '8a0099a', time: '2017-11-06T21:07:36.161Z'
System info: host: 'DESKTOP-4M6R1V0', ip: '10.0.2.15', os.name: 'Windows 10', os.arch: 'amd64', os.version: '10.0', java.version: '1.8.0_181'
Driver info: com.kms.katalon.selenium.driver.CChromeDriver
Capabilities {acceptInsecureCerts: false, acceptSslCerts: false, applicationCacheEnabled: false, browserConnectionEnabled: false, browserName: chrome, chrome: {chromedriverVersion: 2.35.528161 (5b82f2d2aae0ca..., userDataDir: C:\Users\CLOUDK~1\AppData\L...}, cssSelectorsEnabled: true, databaseEnabled: false, handlesAlerts: true, hasTouchScreen: false, javascriptEnabled: true, locationContextEnabled: true, mobileEmulationEnabled: false, nativeEvents: true, networkConnectionEnabled: false, pageLoadStrategy: normal, platform: XP, platformName: XP, rotatable: false, setWindowRect: true, takesHeapSnapshot: true, takesScreenshot: true, unexpectedAlertBehaviour: , unhandledPromptBehavior: , version: 73.0.3683.103, webStorageEnabled: true}
Session ID: dca00343d0b52b1327e5eeadc1ec8128
*** Element info: {Using=xpath, value=})]]></system-err>
      </testcase>
      <testcase name="Test Cases/Broadcasts/TC0693" classname="Test Cases/Broadcasts/TC0693" status="FAILED">
         <failure type="FAILED" message="Unable to set text 'Title1' of object 'Object Repository/Page_KiboPush  Create Broadcast/First_Card_List_Title' (Root cause: org.openqa.selenium.InvalidSelectorException: invalid selector: Unable to locate an element with the xpath expression  because of the following error:
SyntaxError: Failed to execute 'evaluate' on 'Document': The string '' is not a valid XPath expression.
  (Session info: chrome=73.0.3683.103)
  (Driver info: chromedriver=2.35.528161 (5b82f2d2aae0ca24b877009200ced9065a772e73),platform=Windows NT 10.0.17134 x86_64) (WARNING: The server did not provide any stacktrace information)
Command duration or timeout: 0 milliseconds
For documentation on this error, please visit: http://seleniumhq.org/exceptions/invalid_selector_exception.html
Build info: version: '3.7.1', revision: '8a0099a', time: '2017-11-06T21:07:36.161Z'
System info: host: 'DESKTOP-4M6R1V0', ip: '10.0.2.15', os.name: 'Windows 10', os.arch: 'amd64', os.version: '10.0', java.version: '1.8.0_181'
Driver info: com.kms.katalon.selenium.driver.CChromeDriver
Capabilities {acceptInsecureCerts: false, acceptSslCerts: false, applicationCacheEnabled: false, browserConnectionEnabled: false, browserName: chrome, chrome: {chromedriverVersion: 2.35.528161 (5b82f2d2aae0ca..., userDataDir: C:\Users\CLOUDK~1\AppData\L...}, cssSelectorsEnabled: true, databaseEnabled: false, handlesAlerts: true, hasTouchScreen: false, javascriptEnabled: true, locationContextEnabled: true, mobileEmulationEnabled: false, nativeEvents: true, networkConnectionEnabled: false, pageLoadStrategy: normal, platform: XP, platformName: XP, rotatable: false, setWindowRect: true, takesHeapSnapshot: true, takesScreenshot: true, unexpectedAlertBehaviour: , unhandledPromptBehavior: , version: 73.0.3683.103, webStorageEnabled: true}
Session ID: dca00343d0b52b1327e5eeadc1ec8128
*** Element info: {Using=xpath, value=})"/>
         <system-out><![CDATA[2019-04-23 10:02:36 - [TEST_CASE][FAILED] - Test Cases/Broadcasts/TC0693: Test Cases/Broadcasts/TC0693 FAILED because (of) Unable to set text 'Title1' of object 'Object Repository/Page_KiboPush  Create Broadcast/First_Card_List_Title' (Root cause: org.openqa.selenium.InvalidSelectorException: invalid selector: Unable to locate an element with the xpath expression  because of the following error:
SyntaxError: Failed to execute 'evaluate' on 'Document': The string '' is not a valid XPath expression.
  (Session info: chrome=73.0.3683.103)
  (Driver info: chromedriver=2.35.528161 (5b82f2d2aae0ca24b877009200ced9065a772e73),platform=Windows NT 10.0.17134 x86_64) (WARNING: The server did not provide any stacktrace information)
Command duration or timeout: 0 milliseconds
For documentation on this error, please visit: http://seleniumhq.org/exceptions/invalid_selector_exception.html
Build info: version: '3.7.1', revision: '8a0099a', time: '2017-11-06T21:07:36.161Z'
System info: host: 'DESKTOP-4M6R1V0', ip: '10.0.2.15', os.name: 'Windows 10', os.arch: 'amd64', os.version: '10.0', java.version: '1.8.0_181'
Driver info: com.kms.katalon.selenium.driver.CChromeDriver
Capabilities {acceptInsecureCerts: false, acceptSslCerts: false, applicationCacheEnabled: false, browserConnectionEnabled: false, browserName: chrome, chrome: {chromedriverVersion: 2.35.528161 (5b82f2d2aae0ca..., userDataDir: C:\Users\CLOUDK~1\AppData\L...}, cssSelectorsEnabled: true, databaseEnabled: false, handlesAlerts: true, hasTouchScreen: false, javascriptEnabled: true, locationContextEnabled: true, mobileEmulationEnabled: false, nativeEvents: true, networkConnectionEnabled: false, pageLoadStrategy: normal, platform: XP, platformName: XP, rotatable: false, setWindowRect: true, takesHeapSnapshot: true, takesScreenshot: true, unexpectedAlertBehaviour: , unhandledPromptBehavior: , version: 73.0.3683.103, webStorageEnabled: true}
Session ID: dca00343d0b52b1327e5eeadc1ec8128
*** Element info: {Using=xpath, value=})

2019-04-23 10:02:37 - [TEST_STEP][PASSED] - callTestCase: Call Test Case 'Test Cases/Broadcasts/TC0684' successfully

2019-04-23 10:02:37 - [TEST_CASE][PASSED] - Test Cases/Broadcasts/TC0684: Test Cases/Broadcasts/TC0684

2019-04-23 10:02:37 - [TEST_STEP][PASSED] - callTestCase: Call Test Case 'Test Cases/s-sidebar_navigation/TeamAccount/Broadcasts' successfully

2019-04-23 10:02:37 - [TEST_CASE][PASSED] - Test Cases/s-sidebar_navigation/TeamAccount/Broadcasts: Test Cases/s-sidebar_navigation/TeamAccount/Broadcasts

2019-04-23 10:02:37 - [TEST_STEP][PASSED] - callTestCase: Call Test Case 'Test Cases/s-sidebar_navigation/individualAccount/broadcast' successfully

2019-04-23 10:02:37 - [TEST_CASE][PASSED] - Test Cases/s-sidebar_navigation/individualAccount/broadcast: Test Cases/s-sidebar_navigation/individualAccount/broadcast

2019-04-23 10:02:37 - [TEST_STEP][PASSED] - click: Object: 'Object Repository/Page_KiboPush  Dashboard/span_Polls' is clicked on

2019-04-23 10:02:38 - [MESSAGE][PASSED] - Object: 'Object Repository/Page_KiboPush  Dashboard/span_Polls' is clicked on

2019-04-23 10:02:38 - [TEST_STEP][PASSED] - delay: Delayed 1 second(s)

2019-04-23 10:02:39 - [MESSAGE][PASSED] - Delayed 1 second(s)

2019-04-23 10:02:39 - [TEST_STEP][PASSED] - click: Object: 'Object Repository/Page_KiboPush  Dashboard/span_Broadcasts' is clicked on

2019-04-23 10:02:40 - [MESSAGE][PASSED] - Object: 'Object Repository/Page_KiboPush  Dashboard/span_Broadcasts' is clicked on

2019-04-23 10:02:40 - [TEST_STEP][PASSED] - delay: Delayed 1 second(s)

2019-04-23 10:02:41 - [MESSAGE][PASSED] - Delayed 1 second(s)

2019-04-23 10:02:41 - [TEST_STEP][PASSED] - scrollToPosition: Browser is scrolled to position x = 0, y = 0

2019-04-23 10:02:41 - [MESSAGE][PASSED] - Browser is scrolled to position x = 0, y = 0

2019-04-23 10:02:41 - [TEST_STEP][PASSED] - click: Object: 'Object Repository/Page_KiboPush  Broadcast/h3_Manage Broadcasts' is clicked on

2019-04-23 10:02:41 - [MESSAGE][PASSED] - Object: 'Object Repository/Page_KiboPush  Broadcast/h3_Manage Broadcasts' is clicked on

2019-04-23 10:02:41 - [MESSAGE][PASSED] - Call Test Case 'Test Cases/s-sidebar_navigation/individualAccount/broadcast' successfully

2019-04-23 10:02:41 - [MESSAGE][PASSED] - Call Test Case 'Test Cases/s-sidebar_navigation/TeamAccount/Broadcasts' successfully

2019-04-23 10:02:41 - [TEST_STEP][PASSED] - click: Object: 'Object Repository/Page_KiboPush  Broadcast/span_Create New Broadcast' is clicked on

2019-04-23 10:02:42 - [MESSAGE][PASSED] - Object: 'Object Repository/Page_KiboPush  Broadcast/span_Create New Broadcast' is clicked on

2019-04-23 10:02:42 - [TEST_STEP][PASSED] - click: Object: 'Object Repository/Page_KiboPush  Broadcast/a_Create New Broadcast' is clicked on

2019-04-23 10:02:43 - [MESSAGE][PASSED] - Object: 'Object Repository/Page_KiboPush  Broadcast/a_Create New Broadcast' is clicked on

2019-04-23 10:02:43 - [TEST_STEP][PASSED] - delay: Delayed 1 second(s)

2019-04-23 10:02:44 - [MESSAGE][PASSED] - Delayed 1 second(s)

2019-04-23 10:02:44 - [TEST_STEP][PASSED] - click: Object: 'Object Repository/Page_KiboPush  Create Broadcast/div_List' is clicked on

2019-04-23 10:02:45 - [MESSAGE][PASSED] - Object: 'Object Repository/Page_KiboPush  Create Broadcast/div_List' is clicked on

2019-04-23 10:02:45 - [TEST_STEP][PASSED] - delay: Delayed 1 second(s)

2019-04-23 10:02:46 - [MESSAGE][PASSED] - Delayed 1 second(s)

2019-04-23 10:02:46 - [TEST_STEP][PASSED] - click: Object: 'Object Repository/Page_KiboPush  Create Broadcast/div_ Add Button  Add Action' is clicked on

2019-04-23 10:02:46 - [MESSAGE][PASSED] - Object: 'Object Repository/Page_KiboPush  Create Broadcast/div_ Add Button  Add Action' is clicked on

2019-04-23 10:02:46 - [TEST_STEP][PASSED] - delay: Delayed 2 second(s)

2019-04-23 10:02:48 - [MESSAGE][PASSED] - Delayed 2 second(s)

2019-04-23 10:02:48 - [MESSAGE][PASSED] - Call Test Case 'Test Cases/Broadcasts/TC0684' successfully

2019-04-23 10:02:48 - [TEST_STEP][FAILED] - setText: Unable to set text 'Title1' of object 'Object Repository/Page_KiboPush  Create Broadcast/First_Card_List_Title' (Root cause: org.openqa.selenium.InvalidSelectorException: invalid selector: Unable to locate an element with the xpath expression  because of the following error:
SyntaxError: Failed to execute 'evaluate' on 'Document': The string '' is not a valid XPath expression.
  (Session info: chrome=73.0.3683.103)
  (Driver info: chromedriver=2.35.528161 (5b82f2d2aae0ca24b877009200ced9065a772e73),platform=Windows NT 10.0.17134 x86_64) (WARNING: The server did not provide any stacktrace information)
Command duration or timeout: 0 milliseconds
For documentation on this error, please visit: http://seleniumhq.org/exceptions/invalid_selector_exception.html
Build info: version: '3.7.1', revision: '8a0099a', time: '2017-11-06T21:07:36.161Z'
System info: host: 'DESKTOP-4M6R1V0', ip: '10.0.2.15', os.name: 'Windows 10', os.arch: 'amd64', os.version: '10.0', java.version: '1.8.0_181'
Driver info: com.kms.katalon.selenium.driver.CChromeDriver
Capabilities {acceptInsecureCerts: false, acceptSslCerts: false, applicationCacheEnabled: false, browserConnectionEnabled: false, browserName: chrome, chrome: {chromedriverVersion: 2.35.528161 (5b82f2d2aae0ca..., userDataDir: C:\Users\CLOUDK~1\AppData\L...}, cssSelectorsEnabled: true, databaseEnabled: false, handlesAlerts: true, hasTouchScreen: false, javascriptEnabled: true, locationContextEnabled: true, mobileEmulationEnabled: false, nativeEvents: true, networkConnectionEnabled: false, pageLoadStrategy: normal, platform: XP, platformName: XP, rotatable: false, setWindowRect: true, takesHeapSnapshot: true, takesScreenshot: true, unexpectedAlertBehaviour: , unhandledPromptBehavior: , version: 73.0.3683.103, webStorageEnabled: true}
Session ID: dca00343d0b52b1327e5eeadc1ec8128
*** Element info: {Using=xpath, value=})

2019-04-23 10:03:20 - [MESSAGE][FAILED] - Unable to set text 'Title1' of object 'Object Repository/Page_KiboPush  Create Broadcast/First_Card_List_Title' (Root cause: org.openqa.selenium.InvalidSelectorException: invalid selector: Unable to locate an element with the xpath expression  because of the following error:
SyntaxError: Failed to execute 'evaluate' on 'Document': The string '' is not a valid XPath expression.
  (Session info: chrome=73.0.3683.103)
  (Driver info: chromedriver=2.35.528161 (5b82f2d2aae0ca24b877009200ced9065a772e73),platform=Windows NT 10.0.17134 x86_64) (WARNING: The server did not provide any stacktrace information)
Command duration or timeout: 0 milliseconds
For documentation on this error, please visit: http://seleniumhq.org/exceptions/invalid_selector_exception.html
Build info: version: '3.7.1', revision: '8a0099a', time: '2017-11-06T21:07:36.161Z'
System info: host: 'DESKTOP-4M6R1V0', ip: '10.0.2.15', os.name: 'Windows 10', os.arch: 'amd64', os.version: '10.0', java.version: '1.8.0_181'
Driver info: com.kms.katalon.selenium.driver.CChromeDriver
Capabilities {acceptInsecureCerts: false, acceptSslCerts: false, applicationCacheEnabled: false, browserConnectionEnabled: false, browserName: chrome, chrome: {chromedriverVersion: 2.35.528161 (5b82f2d2aae0ca..., userDataDir: C:\Users\CLOUDK~1\AppData\L...}, cssSelectorsEnabled: true, databaseEnabled: false, handlesAlerts: true, hasTouchScreen: false, javascriptEnabled: true, locationContextEnabled: true, mobileEmulationEnabled: false, nativeEvents: true, networkConnectionEnabled: false, pageLoadStrategy: normal, platform: XP, platformName: XP, rotatable: false, setWindowRect: true, takesHeapSnapshot: true, takesScreenshot: true, unexpectedAlertBehaviour: , unhandledPromptBehavior: , version: 73.0.3683.103, webStorageEnabled: true}
Session ID: dca00343d0b52b1327e5eeadc1ec8128
*** Element info: {Using=xpath, value=})
[[ATTACHMENT|C:\\Users\\cloudkibo\\Desktop\\KiboPush_Automated_Testing\\KiboPush Katalon\\Reports\\broadcast\\20190423_093942\\1555995800072.png]]]]></system-out>
         <system-err><![CDATA[2019-04-23 10:02:36 - [TEST_CASE][FAILED] - Test Cases/Broadcasts/TC0693: Test Cases/Broadcasts/TC0693 FAILED because (of) Unable to set text 'Title1' of object 'Object Repository/Page_KiboPush  Create Broadcast/First_Card_List_Title' (Root cause: org.openqa.selenium.InvalidSelectorException: invalid selector: Unable to locate an element with the xpath expression  because of the following error:
SyntaxError: Failed to execute 'evaluate' on 'Document': The string '' is not a valid XPath expression.
  (Session info: chrome=73.0.3683.103)
  (Driver info: chromedriver=2.35.528161 (5b82f2d2aae0ca24b877009200ced9065a772e73),platform=Windows NT 10.0.17134 x86_64) (WARNING: The server did not provide any stacktrace information)
Command duration or timeout: 0 milliseconds
For documentation on this error, please visit: http://seleniumhq.org/exceptions/invalid_selector_exception.html
Build info: version: '3.7.1', revision: '8a0099a', time: '2017-11-06T21:07:36.161Z'
System info: host: 'DESKTOP-4M6R1V0', ip: '10.0.2.15', os.name: 'Windows 10', os.arch: 'amd64', os.version: '10.0', java.version: '1.8.0_181'
Driver info: com.kms.katalon.selenium.driver.CChromeDriver
Capabilities {acceptInsecureCerts: false, acceptSslCerts: false, applicationCacheEnabled: false, browserConnectionEnabled: false, browserName: chrome, chrome: {chromedriverVersion: 2.35.528161 (5b82f2d2aae0ca..., userDataDir: C:\Users\CLOUDK~1\AppData\L...}, cssSelectorsEnabled: true, databaseEnabled: false, handlesAlerts: true, hasTouchScreen: false, javascriptEnabled: true, locationContextEnabled: true, mobileEmulationEnabled: false, nativeEvents: true, networkConnectionEnabled: false, pageLoadStrategy: normal, platform: XP, platformName: XP, rotatable: false, setWindowRect: true, takesHeapSnapshot: true, takesScreenshot: true, unexpectedAlertBehaviour: , unhandledPromptBehavior: , version: 73.0.3683.103, webStorageEnabled: true}
Session ID: dca00343d0b52b1327e5eeadc1ec8128
*** Element info: {Using=xpath, value=})]]></system-err>
      </testcase>
      <testcase name="Test Cases/Broadcasts/TC0694" classname="Test Cases/Broadcasts/TC0694" status="FAILED">
         <failure type="FAILED" message="Unable to upload file 'C:/Users/cloudkibo/Desktop/KiboPush_Automated_Testing/KiboPush Katalon/sample.jpg' to object 'Object Repository/Page_KiboPush  Create Broadcast/Upload_Image_List1' (Root cause: org.openqa.selenium.InvalidSelectorException: invalid selector: Unable to locate an element with the xpath expression  because of the following error:
SyntaxError: Failed to execute 'evaluate' on 'Document': The string '' is not a valid XPath expression.
  (Session info: chrome=73.0.3683.103)
  (Driver info: chromedriver=2.35.528161 (5b82f2d2aae0ca24b877009200ced9065a772e73),platform=Windows NT 10.0.17134 x86_64) (WARNING: The server did not provide any stacktrace information)
Command duration or timeout: 0 milliseconds
For documentation on this error, please visit: http://seleniumhq.org/exceptions/invalid_selector_exception.html
Build info: version: '3.7.1', revision: '8a0099a', time: '2017-11-06T21:07:36.161Z'
System info: host: 'DESKTOP-4M6R1V0', ip: '10.0.2.15', os.name: 'Windows 10', os.arch: 'amd64', os.version: '10.0', java.version: '1.8.0_181'
Driver info: com.kms.katalon.selenium.driver.CChromeDriver
Capabilities {acceptInsecureCerts: false, acceptSslCerts: false, applicationCacheEnabled: false, browserConnectionEnabled: false, browserName: chrome, chrome: {chromedriverVersion: 2.35.528161 (5b82f2d2aae0ca..., userDataDir: C:\Users\CLOUDK~1\AppData\L...}, cssSelectorsEnabled: true, databaseEnabled: false, handlesAlerts: true, hasTouchScreen: false, javascriptEnabled: true, locationContextEnabled: true, mobileEmulationEnabled: false, nativeEvents: true, networkConnectionEnabled: false, pageLoadStrategy: normal, platform: XP, platformName: XP, rotatable: false, setWindowRect: true, takesHeapSnapshot: true, takesScreenshot: true, unexpectedAlertBehaviour: , unhandledPromptBehavior: , version: 73.0.3683.103, webStorageEnabled: true}
Session ID: dca00343d0b52b1327e5eeadc1ec8128
*** Element info: {Using=xpath, value=})"/>
         <system-out><![CDATA[2019-04-23 10:03:20 - [TEST_CASE][FAILED] - Test Cases/Broadcasts/TC0694: Test Cases/Broadcasts/TC0694 FAILED because (of) Unable to upload file 'C:/Users/cloudkibo/Desktop/KiboPush_Automated_Testing/KiboPush Katalon/sample.jpg' to object 'Object Repository/Page_KiboPush  Create Broadcast/Upload_Image_List1' (Root cause: org.openqa.selenium.InvalidSelectorException: invalid selector: Unable to locate an element with the xpath expression  because of the following error:
SyntaxError: Failed to execute 'evaluate' on 'Document': The string '' is not a valid XPath expression.
  (Session info: chrome=73.0.3683.103)
  (Driver info: chromedriver=2.35.528161 (5b82f2d2aae0ca24b877009200ced9065a772e73),platform=Windows NT 10.0.17134 x86_64) (WARNING: The server did not provide any stacktrace information)
Command duration or timeout: 0 milliseconds
For documentation on this error, please visit: http://seleniumhq.org/exceptions/invalid_selector_exception.html
Build info: version: '3.7.1', revision: '8a0099a', time: '2017-11-06T21:07:36.161Z'
System info: host: 'DESKTOP-4M6R1V0', ip: '10.0.2.15', os.name: 'Windows 10', os.arch: 'amd64', os.version: '10.0', java.version: '1.8.0_181'
Driver info: com.kms.katalon.selenium.driver.CChromeDriver
Capabilities {acceptInsecureCerts: false, acceptSslCerts: false, applicationCacheEnabled: false, browserConnectionEnabled: false, browserName: chrome, chrome: {chromedriverVersion: 2.35.528161 (5b82f2d2aae0ca..., userDataDir: C:\Users\CLOUDK~1\AppData\L...}, cssSelectorsEnabled: true, databaseEnabled: false, handlesAlerts: true, hasTouchScreen: false, javascriptEnabled: true, locationContextEnabled: true, mobileEmulationEnabled: false, nativeEvents: true, networkConnectionEnabled: false, pageLoadStrategy: normal, platform: XP, platformName: XP, rotatable: false, setWindowRect: true, takesHeapSnapshot: true, takesScreenshot: true, unexpectedAlertBehaviour: , unhandledPromptBehavior: , version: 73.0.3683.103, webStorageEnabled: true}
Session ID: dca00343d0b52b1327e5eeadc1ec8128
*** Element info: {Using=xpath, value=})

2019-04-23 10:03:20 - [TEST_STEP][PASSED] - callTestCase: Call Test Case 'Test Cases/Broadcasts/TC0684' successfully

2019-04-23 10:03:20 - [TEST_CASE][PASSED] - Test Cases/Broadcasts/TC0684: Test Cases/Broadcasts/TC0684

2019-04-23 10:03:20 - [TEST_STEP][PASSED] - callTestCase: Call Test Case 'Test Cases/s-sidebar_navigation/TeamAccount/Broadcasts' successfully

2019-04-23 10:03:20 - [TEST_CASE][PASSED] - Test Cases/s-sidebar_navigation/TeamAccount/Broadcasts: Test Cases/s-sidebar_navigation/TeamAccount/Broadcasts

2019-04-23 10:03:20 - [TEST_STEP][PASSED] - callTestCase: Call Test Case 'Test Cases/s-sidebar_navigation/individualAccount/broadcast' successfully

2019-04-23 10:03:20 - [TEST_CASE][PASSED] - Test Cases/s-sidebar_navigation/individualAccount/broadcast: Test Cases/s-sidebar_navigation/individualAccount/broadcast

2019-04-23 10:03:21 - [TEST_STEP][PASSED] - click: Object: 'Object Repository/Page_KiboPush  Dashboard/span_Polls' is clicked on

2019-04-23 10:03:21 - [MESSAGE][PASSED] - Object: 'Object Repository/Page_KiboPush  Dashboard/span_Polls' is clicked on

2019-04-23 10:03:21 - [TEST_STEP][PASSED] - delay: Delayed 1 second(s)

2019-04-23 10:03:22 - [MESSAGE][PASSED] - Delayed 1 second(s)

2019-04-23 10:03:22 - [TEST_STEP][PASSED] - click: Object: 'Object Repository/Page_KiboPush  Dashboard/span_Broadcasts' is clicked on

2019-04-23 10:03:22 - [MESSAGE][PASSED] - Object: 'Object Repository/Page_KiboPush  Dashboard/span_Broadcasts' is clicked on

2019-04-23 10:03:22 - [TEST_STEP][PASSED] - delay: Delayed 1 second(s)

2019-04-23 10:03:23 - [MESSAGE][PASSED] - Delayed 1 second(s)

2019-04-23 10:03:23 - [TEST_STEP][PASSED] - scrollToPosition: Browser is scrolled to position x = 0, y = 0

2019-04-23 10:03:24 - [MESSAGE][PASSED] - Browser is scrolled to position x = 0, y = 0

2019-04-23 10:03:24 - [TEST_STEP][PASSED] - click: Object: 'Object Repository/Page_KiboPush  Broadcast/h3_Manage Broadcasts' is clicked on

2019-04-23 10:03:24 - [MESSAGE][PASSED] - Object: 'Object Repository/Page_KiboPush  Broadcast/h3_Manage Broadcasts' is clicked on

2019-04-23 10:03:24 - [MESSAGE][PASSED] - Call Test Case 'Test Cases/s-sidebar_navigation/individualAccount/broadcast' successfully

2019-04-23 10:03:24 - [MESSAGE][PASSED] - Call Test Case 'Test Cases/s-sidebar_navigation/TeamAccount/Broadcasts' successfully

2019-04-23 10:03:24 - [TEST_STEP][PASSED] - click: Object: 'Object Repository/Page_KiboPush  Broadcast/span_Create New Broadcast' is clicked on

2019-04-23 10:03:25 - [MESSAGE][PASSED] - Object: 'Object Repository/Page_KiboPush  Broadcast/span_Create New Broadcast' is clicked on

2019-04-23 10:03:25 - [TEST_STEP][PASSED] - click: Object: 'Object Repository/Page_KiboPush  Broadcast/a_Create New Broadcast' is clicked on

2019-04-23 10:03:26 - [MESSAGE][PASSED] - Object: 'Object Repository/Page_KiboPush  Broadcast/a_Create New Broadcast' is clicked on

2019-04-23 10:03:26 - [TEST_STEP][PASSED] - delay: Delayed 1 second(s)

2019-04-23 10:03:27 - [MESSAGE][PASSED] - Delayed 1 second(s)

2019-04-23 10:03:27 - [TEST_STEP][PASSED] - click: Object: 'Object Repository/Page_KiboPush  Create Broadcast/div_List' is clicked on

2019-04-23 10:03:28 - [MESSAGE][PASSED] - Object: 'Object Repository/Page_KiboPush  Create Broadcast/div_List' is clicked on

2019-04-23 10:03:28 - [TEST_STEP][PASSED] - delay: Delayed 1 second(s)

2019-04-23 10:03:29 - [MESSAGE][PASSED] - Delayed 1 second(s)

2019-04-23 10:03:29 - [TEST_STEP][PASSED] - click: Object: 'Object Repository/Page_KiboPush  Create Broadcast/div_ Add Button  Add Action' is clicked on

2019-04-23 10:03:29 - [MESSAGE][PASSED] - Object: 'Object Repository/Page_KiboPush  Create Broadcast/div_ Add Button  Add Action' is clicked on

2019-04-23 10:03:29 - [TEST_STEP][PASSED] - delay: Delayed 2 second(s)

2019-04-23 10:03:31 - [MESSAGE][PASSED] - Delayed 2 second(s)

2019-04-23 10:03:31 - [MESSAGE][PASSED] - Call Test Case 'Test Cases/Broadcasts/TC0684' successfully

2019-04-23 10:03:31 - [TEST_STEP][PASSED] - Statement - img = com.kms.katalon.core.configuration.RunConfiguration.getProjectDir() + "/sample.jpg": null

2019-04-23 10:03:31 - [TEST_STEP][FAILED] - uploadFile: Unable to upload file 'C:/Users/cloudkibo/Desktop/KiboPush_Automated_Testing/KiboPush Katalon/sample.jpg' to object 'Object Repository/Page_KiboPush  Create Broadcast/Upload_Image_List1' (Root cause: org.openqa.selenium.InvalidSelectorException: invalid selector: Unable to locate an element with the xpath expression  because of the following error:
SyntaxError: Failed to execute 'evaluate' on 'Document': The string '' is not a valid XPath expression.
  (Session info: chrome=73.0.3683.103)
  (Driver info: chromedriver=2.35.528161 (5b82f2d2aae0ca24b877009200ced9065a772e73),platform=Windows NT 10.0.17134 x86_64) (WARNING: The server did not provide any stacktrace information)
Command duration or timeout: 0 milliseconds
For documentation on this error, please visit: http://seleniumhq.org/exceptions/invalid_selector_exception.html
Build info: version: '3.7.1', revision: '8a0099a', time: '2017-11-06T21:07:36.161Z'
System info: host: 'DESKTOP-4M6R1V0', ip: '10.0.2.15', os.name: 'Windows 10', os.arch: 'amd64', os.version: '10.0', java.version: '1.8.0_181'
Driver info: com.kms.katalon.selenium.driver.CChromeDriver
Capabilities {acceptInsecureCerts: false, acceptSslCerts: false, applicationCacheEnabled: false, browserConnectionEnabled: false, browserName: chrome, chrome: {chromedriverVersion: 2.35.528161 (5b82f2d2aae0ca..., userDataDir: C:\Users\CLOUDK~1\AppData\L...}, cssSelectorsEnabled: true, databaseEnabled: false, handlesAlerts: true, hasTouchScreen: false, javascriptEnabled: true, locationContextEnabled: true, mobileEmulationEnabled: false, nativeEvents: true, networkConnectionEnabled: false, pageLoadStrategy: normal, platform: XP, platformName: XP, rotatable: false, setWindowRect: true, takesHeapSnapshot: true, takesScreenshot: true, unexpectedAlertBehaviour: , unhandledPromptBehavior: , version: 73.0.3683.103, webStorageEnabled: true}
Session ID: dca00343d0b52b1327e5eeadc1ec8128
*** Element info: {Using=xpath, value=})

2019-04-23 10:04:03 - [MESSAGE][FAILED] - Unable to upload file 'C:/Users/cloudkibo/Desktop/KiboPush_Automated_Testing/KiboPush Katalon/sample.jpg' to object 'Object Repository/Page_KiboPush  Create Broadcast/Upload_Image_List1' (Root cause: org.openqa.selenium.InvalidSelectorException: invalid selector: Unable to locate an element with the xpath expression  because of the following error:
SyntaxError: Failed to execute 'evaluate' on 'Document': The string '' is not a valid XPath expression.
  (Session info: chrome=73.0.3683.103)
  (Driver info: chromedriver=2.35.528161 (5b82f2d2aae0ca24b877009200ced9065a772e73),platform=Windows NT 10.0.17134 x86_64) (WARNING: The server did not provide any stacktrace information)
Command duration or timeout: 0 milliseconds
For documentation on this error, please visit: http://seleniumhq.org/exceptions/invalid_selector_exception.html
Build info: version: '3.7.1', revision: '8a0099a', time: '2017-11-06T21:07:36.161Z'
System info: host: 'DESKTOP-4M6R1V0', ip: '10.0.2.15', os.name: 'Windows 10', os.arch: 'amd64', os.version: '10.0', java.version: '1.8.0_181'
Driver info: com.kms.katalon.selenium.driver.CChromeDriver
Capabilities {acceptInsecureCerts: false, acceptSslCerts: false, applicationCacheEnabled: false, browserConnectionEnabled: false, browserName: chrome, chrome: {chromedriverVersion: 2.35.528161 (5b82f2d2aae0ca..., userDataDir: C:\Users\CLOUDK~1\AppData\L...}, cssSelectorsEnabled: true, databaseEnabled: false, handlesAlerts: true, hasTouchScreen: false, javascriptEnabled: true, locationContextEnabled: true, mobileEmulationEnabled: false, nativeEvents: true, networkConnectionEnabled: false, pageLoadStrategy: normal, platform: XP, platformName: XP, rotatable: false, setWindowRect: true, takesHeapSnapshot: true, takesScreenshot: true, unexpectedAlertBehaviour: , unhandledPromptBehavior: , version: 73.0.3683.103, webStorageEnabled: true}
Session ID: dca00343d0b52b1327e5eeadc1ec8128
*** Element info: {Using=xpath, value=})
[[ATTACHMENT|C:\\Users\\cloudkibo\\Desktop\\KiboPush_Automated_Testing\\KiboPush Katalon\\Reports\\broadcast\\20190423_093942\\1555995843537.png]]]]></system-out>
         <system-err><![CDATA[2019-04-23 10:03:20 - [TEST_CASE][FAILED] - Test Cases/Broadcasts/TC0694: Test Cases/Broadcasts/TC0694 FAILED because (of) Unable to upload file 'C:/Users/cloudkibo/Desktop/KiboPush_Automated_Testing/KiboPush Katalon/sample.jpg' to object 'Object Repository/Page_KiboPush  Create Broadcast/Upload_Image_List1' (Root cause: org.openqa.selenium.InvalidSelectorException: invalid selector: Unable to locate an element with the xpath expression  because of the following error:
SyntaxError: Failed to execute 'evaluate' on 'Document': The string '' is not a valid XPath expression.
  (Session info: chrome=73.0.3683.103)
  (Driver info: chromedriver=2.35.528161 (5b82f2d2aae0ca24b877009200ced9065a772e73),platform=Windows NT 10.0.17134 x86_64) (WARNING: The server did not provide any stacktrace information)
Command duration or timeout: 0 milliseconds
For documentation on this error, please visit: http://seleniumhq.org/exceptions/invalid_selector_exception.html
Build info: version: '3.7.1', revision: '8a0099a', time: '2017-11-06T21:07:36.161Z'
System info: host: 'DESKTOP-4M6R1V0', ip: '10.0.2.15', os.name: 'Windows 10', os.arch: 'amd64', os.version: '10.0', java.version: '1.8.0_181'
Driver info: com.kms.katalon.selenium.driver.CChromeDriver
Capabilities {acceptInsecureCerts: false, acceptSslCerts: false, applicationCacheEnabled: false, browserConnectionEnabled: false, browserName: chrome, chrome: {chromedriverVersion: 2.35.528161 (5b82f2d2aae0ca..., userDataDir: C:\Users\CLOUDK~1\AppData\L...}, cssSelectorsEnabled: true, databaseEnabled: false, handlesAlerts: true, hasTouchScreen: false, javascriptEnabled: true, locationContextEnabled: true, mobileEmulationEnabled: false, nativeEvents: true, networkConnectionEnabled: false, pageLoadStrategy: normal, platform: XP, platformName: XP, rotatable: false, setWindowRect: true, takesHeapSnapshot: true, takesScreenshot: true, unexpectedAlertBehaviour: , unhandledPromptBehavior: , version: 73.0.3683.103, webStorageEnabled: true}
Session ID: dca00343d0b52b1327e5eeadc1ec8128
*** Element info: {Using=xpath, value=})]]></system-err>
      </testcase>
      <testcase name="Test Cases/Broadcasts/TC0695" classname="Test Cases/Broadcasts/TC0695" status="PASSED">
         <system-out><![CDATA[2019-04-23 10:04:03 - [TEST_CASE][PASSED] - Test Cases/Broadcasts/TC0695: Test Cases/Broadcasts/TC0695

2019-04-23 10:04:04 - [TEST_STEP][PASSED] - callTestCase: Call Test Case 'Test Cases/Broadcasts/TC0684' successfully

2019-04-23 10:04:04 - [TEST_CASE][PASSED] - Test Cases/Broadcasts/TC0684: Test Cases/Broadcasts/TC0684

2019-04-23 10:04:04 - [TEST_STEP][PASSED] - callTestCase: Call Test Case 'Test Cases/s-sidebar_navigation/TeamAccount/Broadcasts' successfully

2019-04-23 10:04:04 - [TEST_CASE][PASSED] - Test Cases/s-sidebar_navigation/TeamAccount/Broadcasts: Test Cases/s-sidebar_navigation/TeamAccount/Broadcasts

2019-04-23 10:04:04 - [TEST_STEP][PASSED] - callTestCase: Call Test Case 'Test Cases/s-sidebar_navigation/individualAccount/broadcast' successfully

2019-04-23 10:04:04 - [TEST_CASE][PASSED] - Test Cases/s-sidebar_navigation/individualAccount/broadcast: Test Cases/s-sidebar_navigation/individualAccount/broadcast

2019-04-23 10:04:04 - [TEST_STEP][PASSED] - click: Object: 'Object Repository/Page_KiboPush  Dashboard/span_Polls' is clicked on

2019-04-23 10:04:04 - [MESSAGE][PASSED] - Object: 'Object Repository/Page_KiboPush  Dashboard/span_Polls' is clicked on

2019-04-23 10:04:04 - [TEST_STEP][PASSED] - delay: Delayed 1 second(s)

2019-04-23 10:04:05 - [MESSAGE][PASSED] - Delayed 1 second(s)

2019-04-23 10:04:05 - [TEST_STEP][PASSED] - click: Object: 'Object Repository/Page_KiboPush  Dashboard/span_Broadcasts' is clicked on

2019-04-23 10:04:06 - [MESSAGE][PASSED] - Object: 'Object Repository/Page_KiboPush  Dashboard/span_Broadcasts' is clicked on

2019-04-23 10:04:06 - [TEST_STEP][PASSED] - delay: Delayed 1 second(s)

2019-04-23 10:04:07 - [MESSAGE][PASSED] - Delayed 1 second(s)

2019-04-23 10:04:07 - [TEST_STEP][PASSED] - scrollToPosition: Browser is scrolled to position x = 0, y = 0

2019-04-23 10:04:07 - [MESSAGE][PASSED] - Browser is scrolled to position x = 0, y = 0

2019-04-23 10:04:07 - [TEST_STEP][PASSED] - click: Object: 'Object Repository/Page_KiboPush  Broadcast/h3_Manage Broadcasts' is clicked on

2019-04-23 10:04:08 - [MESSAGE][PASSED] - Object: 'Object Repository/Page_KiboPush  Broadcast/h3_Manage Broadcasts' is clicked on

2019-04-23 10:04:08 - [MESSAGE][PASSED] - Call Test Case 'Test Cases/s-sidebar_navigation/individualAccount/broadcast' successfully

2019-04-23 10:04:08 - [MESSAGE][PASSED] - Call Test Case 'Test Cases/s-sidebar_navigation/TeamAccount/Broadcasts' successfully

2019-04-23 10:04:08 - [TEST_STEP][PASSED] - click: Object: 'Object Repository/Page_KiboPush  Broadcast/span_Create New Broadcast' is clicked on

2019-04-23 10:04:09 - [MESSAGE][PASSED] - Object: 'Object Repository/Page_KiboPush  Broadcast/span_Create New Broadcast' is clicked on

2019-04-23 10:04:09 - [TEST_STEP][PASSED] - click: Object: 'Object Repository/Page_KiboPush  Broadcast/a_Create New Broadcast' is clicked on

2019-04-23 10:04:10 - [MESSAGE][PASSED] - Object: 'Object Repository/Page_KiboPush  Broadcast/a_Create New Broadcast' is clicked on

2019-04-23 10:04:10 - [TEST_STEP][PASSED] - delay: Delayed 1 second(s)

2019-04-23 10:04:11 - [MESSAGE][PASSED] - Delayed 1 second(s)

2019-04-23 10:04:11 - [TEST_STEP][PASSED] - click: Object: 'Object Repository/Page_KiboPush  Create Broadcast/div_List' is clicked on

2019-04-23 10:04:11 - [MESSAGE][PASSED] - Object: 'Object Repository/Page_KiboPush  Create Broadcast/div_List' is clicked on

2019-04-23 10:04:11 - [TEST_STEP][PASSED] - delay: Delayed 1 second(s)

2019-04-23 10:04:12 - [MESSAGE][PASSED] - Delayed 1 second(s)

2019-04-23 10:04:12 - [TEST_STEP][PASSED] - click: Object: 'Object Repository/Page_KiboPush  Create Broadcast/div_ Add Button  Add Action' is clicked on

2019-04-23 10:04:13 - [MESSAGE][PASSED] - Object: 'Object Repository/Page_KiboPush  Create Broadcast/div_ Add Button  Add Action' is clicked on

2019-04-23 10:04:13 - [TEST_STEP][PASSED] - delay: Delayed 2 second(s)

2019-04-23 10:04:15 - [MESSAGE][PASSED] - Delayed 2 second(s)

2019-04-23 10:04:15 - [MESSAGE][PASSED] - Call Test Case 'Test Cases/Broadcasts/TC0684' successfully]]></system-out>
         <system-err><![CDATA[]]></system-err>
      </testcase>
      <testcase name="Test Cases/Broadcasts/TC0696" classname="Test Cases/Broadcasts/TC0696" status="PASSED">
         <system-out><![CDATA[2019-04-23 10:04:15 - [TEST_CASE][PASSED] - Test Cases/Broadcasts/TC0696: Test Cases/Broadcasts/TC0696

2019-04-23 10:04:15 - [TEST_STEP][PASSED] - callTestCase: Call Test Case 'Test Cases/Broadcasts/TC0684' successfully

2019-04-23 10:04:15 - [TEST_CASE][PASSED] - Test Cases/Broadcasts/TC0684: Test Cases/Broadcasts/TC0684

2019-04-23 10:04:15 - [TEST_STEP][PASSED] - callTestCase: Call Test Case 'Test Cases/s-sidebar_navigation/TeamAccount/Broadcasts' successfully

2019-04-23 10:04:15 - [TEST_CASE][PASSED] - Test Cases/s-sidebar_navigation/TeamAccount/Broadcasts: Test Cases/s-sidebar_navigation/TeamAccount/Broadcasts

2019-04-23 10:04:15 - [TEST_STEP][PASSED] - callTestCase: Call Test Case 'Test Cases/s-sidebar_navigation/individualAccount/broadcast' successfully

2019-04-23 10:04:15 - [TEST_CASE][PASSED] - Test Cases/s-sidebar_navigation/individualAccount/broadcast: Test Cases/s-sidebar_navigation/individualAccount/broadcast

2019-04-23 10:04:15 - [TEST_STEP][PASSED] - click: Object: 'Object Repository/Page_KiboPush  Dashboard/span_Polls' is clicked on

2019-04-23 10:04:16 - [MESSAGE][PASSED] - Object: 'Object Repository/Page_KiboPush  Dashboard/span_Polls' is clicked on

2019-04-23 10:04:16 - [TEST_STEP][PASSED] - delay: Delayed 1 second(s)

2019-04-23 10:04:17 - [MESSAGE][PASSED] - Delayed 1 second(s)

2019-04-23 10:04:17 - [TEST_STEP][PASSED] - click: Object: 'Object Repository/Page_KiboPush  Dashboard/span_Broadcasts' is clicked on

2019-04-23 10:04:17 - [MESSAGE][PASSED] - Object: 'Object Repository/Page_KiboPush  Dashboard/span_Broadcasts' is clicked on

2019-04-23 10:04:17 - [TEST_STEP][PASSED] - delay: Delayed 1 second(s)

2019-04-23 10:04:18 - [MESSAGE][PASSED] - Delayed 1 second(s)

2019-04-23 10:04:18 - [TEST_STEP][PASSED] - scrollToPosition: Browser is scrolled to position x = 0, y = 0

2019-04-23 10:04:18 - [MESSAGE][PASSED] - Browser is scrolled to position x = 0, y = 0

2019-04-23 10:04:18 - [TEST_STEP][PASSED] - click: Object: 'Object Repository/Page_KiboPush  Broadcast/h3_Manage Broadcasts' is clicked on

2019-04-23 10:04:19 - [MESSAGE][PASSED] - Object: 'Object Repository/Page_KiboPush  Broadcast/h3_Manage Broadcasts' is clicked on

2019-04-23 10:04:19 - [MESSAGE][PASSED] - Call Test Case 'Test Cases/s-sidebar_navigation/individualAccount/broadcast' successfully

2019-04-23 10:04:19 - [MESSAGE][PASSED] - Call Test Case 'Test Cases/s-sidebar_navigation/TeamAccount/Broadcasts' successfully

2019-04-23 10:04:19 - [TEST_STEP][PASSED] - click: Object: 'Object Repository/Page_KiboPush  Broadcast/span_Create New Broadcast' is clicked on

2019-04-23 10:04:19 - [MESSAGE][PASSED] - Object: 'Object Repository/Page_KiboPush  Broadcast/span_Create New Broadcast' is clicked on

2019-04-23 10:04:19 - [TEST_STEP][PASSED] - click: Object: 'Object Repository/Page_KiboPush  Broadcast/a_Create New Broadcast' is clicked on

2019-04-23 10:04:21 - [MESSAGE][PASSED] - Object: 'Object Repository/Page_KiboPush  Broadcast/a_Create New Broadcast' is clicked on

2019-04-23 10:04:21 - [TEST_STEP][PASSED] - delay: Delayed 1 second(s)

2019-04-23 10:04:22 - [MESSAGE][PASSED] - Delayed 1 second(s)

2019-04-23 10:04:22 - [TEST_STEP][PASSED] - click: Object: 'Object Repository/Page_KiboPush  Create Broadcast/div_List' is clicked on

2019-04-23 10:04:22 - [MESSAGE][PASSED] - Object: 'Object Repository/Page_KiboPush  Create Broadcast/div_List' is clicked on

2019-04-23 10:04:22 - [TEST_STEP][PASSED] - delay: Delayed 1 second(s)

2019-04-23 10:04:23 - [MESSAGE][PASSED] - Delayed 1 second(s)

2019-04-23 10:04:23 - [TEST_STEP][PASSED] - click: Object: 'Object Repository/Page_KiboPush  Create Broadcast/div_ Add Button  Add Action' is clicked on

2019-04-23 10:04:24 - [MESSAGE][PASSED] - Object: 'Object Repository/Page_KiboPush  Create Broadcast/div_ Add Button  Add Action' is clicked on

2019-04-23 10:04:24 - [TEST_STEP][PASSED] - delay: Delayed 2 second(s)

2019-04-23 10:04:26 - [MESSAGE][PASSED] - Delayed 2 second(s)

2019-04-23 10:04:26 - [MESSAGE][PASSED] - Call Test Case 'Test Cases/Broadcasts/TC0684' successfully]]></system-out>
         <system-err><![CDATA[]]></system-err>
      </testcase>
      <testcase name="Test Cases/Broadcasts/TC0697" classname="Test Cases/Broadcasts/TC0697" status="PASSED">
         <system-out><![CDATA[2019-04-23 10:04:26 - [TEST_CASE][PASSED] - Test Cases/Broadcasts/TC0697: Test Cases/Broadcasts/TC0697

2019-04-23 10:04:26 - [TEST_STEP][PASSED] - callTestCase: Call Test Case 'Test Cases/Broadcasts/TC0684' successfully

2019-04-23 10:04:26 - [TEST_CASE][PASSED] - Test Cases/Broadcasts/TC0684: Test Cases/Broadcasts/TC0684

2019-04-23 10:04:26 - [TEST_STEP][PASSED] - callTestCase: Call Test Case 'Test Cases/s-sidebar_navigation/TeamAccount/Broadcasts' successfully

2019-04-23 10:04:26 - [TEST_CASE][PASSED] - Test Cases/s-sidebar_navigation/TeamAccount/Broadcasts: Test Cases/s-sidebar_navigation/TeamAccount/Broadcasts

2019-04-23 10:04:26 - [TEST_STEP][PASSED] - callTestCase: Call Test Case 'Test Cases/s-sidebar_navigation/individualAccount/broadcast' successfully

2019-04-23 10:04:26 - [TEST_CASE][PASSED] - Test Cases/s-sidebar_navigation/individualAccount/broadcast: Test Cases/s-sidebar_navigation/individualAccount/broadcast

2019-04-23 10:04:26 - [TEST_STEP][PASSED] - click: Object: 'Object Repository/Page_KiboPush  Dashboard/span_Polls' is clicked on

2019-04-23 10:04:27 - [MESSAGE][PASSED] - Object: 'Object Repository/Page_KiboPush  Dashboard/span_Polls' is clicked on

2019-04-23 10:04:27 - [TEST_STEP][PASSED] - delay: Delayed 1 second(s)

2019-04-23 10:04:28 - [MESSAGE][PASSED] - Delayed 1 second(s)

2019-04-23 10:04:28 - [TEST_STEP][PASSED] - click: Object: 'Object Repository/Page_KiboPush  Dashboard/span_Broadcasts' is clicked on

2019-04-23 10:04:28 - [MESSAGE][PASSED] - Object: 'Object Repository/Page_KiboPush  Dashboard/span_Broadcasts' is clicked on

2019-04-23 10:04:28 - [TEST_STEP][PASSED] - delay: Delayed 1 second(s)

2019-04-23 10:04:29 - [MESSAGE][PASSED] - Delayed 1 second(s)

2019-04-23 10:04:29 - [TEST_STEP][PASSED] - scrollToPosition: Browser is scrolled to position x = 0, y = 0

2019-04-23 10:04:29 - [MESSAGE][PASSED] - Browser is scrolled to position x = 0, y = 0

2019-04-23 10:04:29 - [TEST_STEP][PASSED] - click: Object: 'Object Repository/Page_KiboPush  Broadcast/h3_Manage Broadcasts' is clicked on

2019-04-23 10:04:29 - [MESSAGE][PASSED] - Object: 'Object Repository/Page_KiboPush  Broadcast/h3_Manage Broadcasts' is clicked on

2019-04-23 10:04:29 - [MESSAGE][PASSED] - Call Test Case 'Test Cases/s-sidebar_navigation/individualAccount/broadcast' successfully

2019-04-23 10:04:29 - [MESSAGE][PASSED] - Call Test Case 'Test Cases/s-sidebar_navigation/TeamAccount/Broadcasts' successfully

2019-04-23 10:04:29 - [TEST_STEP][PASSED] - click: Object: 'Object Repository/Page_KiboPush  Broadcast/span_Create New Broadcast' is clicked on

2019-04-23 10:04:30 - [MESSAGE][PASSED] - Object: 'Object Repository/Page_KiboPush  Broadcast/span_Create New Broadcast' is clicked on

2019-04-23 10:04:30 - [TEST_STEP][PASSED] - click: Object: 'Object Repository/Page_KiboPush  Broadcast/a_Create New Broadcast' is clicked on

2019-04-23 10:04:31 - [MESSAGE][PASSED] - Object: 'Object Repository/Page_KiboPush  Broadcast/a_Create New Broadcast' is clicked on

2019-04-23 10:04:31 - [TEST_STEP][PASSED] - delay: Delayed 1 second(s)

2019-04-23 10:04:32 - [MESSAGE][PASSED] - Delayed 1 second(s)

2019-04-23 10:04:32 - [TEST_STEP][PASSED] - click: Object: 'Object Repository/Page_KiboPush  Create Broadcast/div_List' is clicked on

2019-04-23 10:04:33 - [MESSAGE][PASSED] - Object: 'Object Repository/Page_KiboPush  Create Broadcast/div_List' is clicked on

2019-04-23 10:04:33 - [TEST_STEP][PASSED] - delay: Delayed 1 second(s)

2019-04-23 10:04:34 - [MESSAGE][PASSED] - Delayed 1 second(s)

2019-04-23 10:04:34 - [TEST_STEP][PASSED] - click: Object: 'Object Repository/Page_KiboPush  Create Broadcast/div_ Add Button  Add Action' is clicked on

2019-04-23 10:04:34 - [MESSAGE][PASSED] - Object: 'Object Repository/Page_KiboPush  Create Broadcast/div_ Add Button  Add Action' is clicked on

2019-04-23 10:04:34 - [TEST_STEP][PASSED] - delay: Delayed 2 second(s)

2019-04-23 10:04:36 - [MESSAGE][PASSED] - Delayed 2 second(s)

2019-04-23 10:04:36 - [MESSAGE][PASSED] - Call Test Case 'Test Cases/Broadcasts/TC0684' successfully]]></system-out>
         <system-err><![CDATA[]]></system-err>
      </testcase>
      <testcase name="Test Cases/Broadcasts/TC0698" classname="Test Cases/Broadcasts/TC0698" status="PASSED">
         <system-out><![CDATA[2019-04-23 10:04:36 - [TEST_CASE][PASSED] - Test Cases/Broadcasts/TC0698: Test Cases/Broadcasts/TC0698

2019-04-23 10:04:36 - [TEST_STEP][PASSED] - callTestCase: Call Test Case 'Test Cases/Broadcasts/TC0684' successfully

2019-04-23 10:04:36 - [TEST_CASE][PASSED] - Test Cases/Broadcasts/TC0684: Test Cases/Broadcasts/TC0684

2019-04-23 10:04:36 - [TEST_STEP][PASSED] - callTestCase: Call Test Case 'Test Cases/s-sidebar_navigation/TeamAccount/Broadcasts' successfully

2019-04-23 10:04:36 - [TEST_CASE][PASSED] - Test Cases/s-sidebar_navigation/TeamAccount/Broadcasts: Test Cases/s-sidebar_navigation/TeamAccount/Broadcasts

2019-04-23 10:04:36 - [TEST_STEP][PASSED] - callTestCase: Call Test Case 'Test Cases/s-sidebar_navigation/individualAccount/broadcast' successfully

2019-04-23 10:04:37 - [TEST_CASE][PASSED] - Test Cases/s-sidebar_navigation/individualAccount/broadcast: Test Cases/s-sidebar_navigation/individualAccount/broadcast

2019-04-23 10:04:37 - [TEST_STEP][PASSED] - click: Object: 'Object Repository/Page_KiboPush  Dashboard/span_Polls' is clicked on

2019-04-23 10:04:37 - [MESSAGE][PASSED] - Object: 'Object Repository/Page_KiboPush  Dashboard/span_Polls' is clicked on

2019-04-23 10:04:37 - [TEST_STEP][PASSED] - delay: Delayed 1 second(s)

2019-04-23 10:04:38 - [MESSAGE][PASSED] - Delayed 1 second(s)

2019-04-23 10:04:38 - [TEST_STEP][PASSED] - click: Object: 'Object Repository/Page_KiboPush  Dashboard/span_Broadcasts' is clicked on

2019-04-23 10:04:39 - [MESSAGE][PASSED] - Object: 'Object Repository/Page_KiboPush  Dashboard/span_Broadcasts' is clicked on

2019-04-23 10:04:39 - [TEST_STEP][PASSED] - delay: Delayed 1 second(s)

2019-04-23 10:04:40 - [MESSAGE][PASSED] - Delayed 1 second(s)

2019-04-23 10:04:40 - [TEST_STEP][PASSED] - scrollToPosition: Browser is scrolled to position x = 0, y = 0

2019-04-23 10:04:40 - [MESSAGE][PASSED] - Browser is scrolled to position x = 0, y = 0

2019-04-23 10:04:40 - [TEST_STEP][PASSED] - click: Object: 'Object Repository/Page_KiboPush  Broadcast/h3_Manage Broadcasts' is clicked on

2019-04-23 10:04:40 - [MESSAGE][PASSED] - Object: 'Object Repository/Page_KiboPush  Broadcast/h3_Manage Broadcasts' is clicked on

2019-04-23 10:04:40 - [MESSAGE][PASSED] - Call Test Case 'Test Cases/s-sidebar_navigation/individualAccount/broadcast' successfully

2019-04-23 10:04:40 - [MESSAGE][PASSED] - Call Test Case 'Test Cases/s-sidebar_navigation/TeamAccount/Broadcasts' successfully

2019-04-23 10:04:40 - [TEST_STEP][PASSED] - click: Object: 'Object Repository/Page_KiboPush  Broadcast/span_Create New Broadcast' is clicked on

2019-04-23 10:04:40 - [MESSAGE][PASSED] - Object: 'Object Repository/Page_KiboPush  Broadcast/span_Create New Broadcast' is clicked on

2019-04-23 10:04:40 - [TEST_STEP][PASSED] - click: Object: 'Object Repository/Page_KiboPush  Broadcast/a_Create New Broadcast' is clicked on

2019-04-23 10:04:41 - [MESSAGE][PASSED] - Object: 'Object Repository/Page_KiboPush  Broadcast/a_Create New Broadcast' is clicked on

2019-04-23 10:04:41 - [TEST_STEP][PASSED] - delay: Delayed 1 second(s)

2019-04-23 10:04:42 - [MESSAGE][PASSED] - Delayed 1 second(s)

2019-04-23 10:04:42 - [TEST_STEP][PASSED] - click: Object: 'Object Repository/Page_KiboPush  Create Broadcast/div_List' is clicked on

2019-04-23 10:04:43 - [MESSAGE][PASSED] - Object: 'Object Repository/Page_KiboPush  Create Broadcast/div_List' is clicked on

2019-04-23 10:04:43 - [TEST_STEP][PASSED] - delay: Delayed 1 second(s)

2019-04-23 10:04:44 - [MESSAGE][PASSED] - Delayed 1 second(s)

2019-04-23 10:04:44 - [TEST_STEP][PASSED] - click: Object: 'Object Repository/Page_KiboPush  Create Broadcast/div_ Add Button  Add Action' is clicked on

2019-04-23 10:04:44 - [MESSAGE][PASSED] - Object: 'Object Repository/Page_KiboPush  Create Broadcast/div_ Add Button  Add Action' is clicked on

2019-04-23 10:04:44 - [TEST_STEP][PASSED] - delay: Delayed 2 second(s)

2019-04-23 10:04:46 - [MESSAGE][PASSED] - Delayed 2 second(s)

2019-04-23 10:04:46 - [MESSAGE][PASSED] - Call Test Case 'Test Cases/Broadcasts/TC0684' successfully]]></system-out>
         <system-err><![CDATA[]]></system-err>
      </testcase>
      <testcase name="Test Cases/Broadcasts/TC0699" classname="Test Cases/Broadcasts/TC0699" status="PASSED">
         <system-out><![CDATA[2019-04-23 10:04:46 - [TEST_CASE][PASSED] - Test Cases/Broadcasts/TC0699: Test Cases/Broadcasts/TC0699

2019-04-23 10:04:46 - [TEST_STEP][PASSED] - callTestCase: Call Test Case 'Test Cases/Broadcasts/TC0684' successfully

2019-04-23 10:04:46 - [TEST_CASE][PASSED] - Test Cases/Broadcasts/TC0684: Test Cases/Broadcasts/TC0684

2019-04-23 10:04:46 - [TEST_STEP][PASSED] - callTestCase: Call Test Case 'Test Cases/s-sidebar_navigation/TeamAccount/Broadcasts' successfully

2019-04-23 10:04:46 - [TEST_CASE][PASSED] - Test Cases/s-sidebar_navigation/TeamAccount/Broadcasts: Test Cases/s-sidebar_navigation/TeamAccount/Broadcasts

2019-04-23 10:04:46 - [TEST_STEP][PASSED] - callTestCase: Call Test Case 'Test Cases/s-sidebar_navigation/individualAccount/broadcast' successfully

2019-04-23 10:04:46 - [TEST_CASE][PASSED] - Test Cases/s-sidebar_navigation/individualAccount/broadcast: Test Cases/s-sidebar_navigation/individualAccount/broadcast

2019-04-23 10:04:46 - [TEST_STEP][PASSED] - click: Object: 'Object Repository/Page_KiboPush  Dashboard/span_Polls' is clicked on

2019-04-23 10:04:47 - [MESSAGE][PASSED] - Object: 'Object Repository/Page_KiboPush  Dashboard/span_Polls' is clicked on

2019-04-23 10:04:47 - [TEST_STEP][PASSED] - delay: Delayed 1 second(s)

2019-04-23 10:04:48 - [MESSAGE][PASSED] - Delayed 1 second(s)

2019-04-23 10:04:48 - [TEST_STEP][PASSED] - click: Object: 'Object Repository/Page_KiboPush  Dashboard/span_Broadcasts' is clicked on

2019-04-23 10:04:48 - [MESSAGE][PASSED] - Object: 'Object Repository/Page_KiboPush  Dashboard/span_Broadcasts' is clicked on

2019-04-23 10:04:48 - [TEST_STEP][PASSED] - delay: Delayed 1 second(s)

2019-04-23 10:04:49 - [MESSAGE][PASSED] - Delayed 1 second(s)

2019-04-23 10:04:49 - [TEST_STEP][PASSED] - scrollToPosition: Browser is scrolled to position x = 0, y = 0

2019-04-23 10:04:49 - [MESSAGE][PASSED] - Browser is scrolled to position x = 0, y = 0

2019-04-23 10:04:49 - [TEST_STEP][PASSED] - click: Object: 'Object Repository/Page_KiboPush  Broadcast/h3_Manage Broadcasts' is clicked on

2019-04-23 10:04:50 - [MESSAGE][PASSED] - Object: 'Object Repository/Page_KiboPush  Broadcast/h3_Manage Broadcasts' is clicked on

2019-04-23 10:04:50 - [MESSAGE][PASSED] - Call Test Case 'Test Cases/s-sidebar_navigation/individualAccount/broadcast' successfully

2019-04-23 10:04:50 - [MESSAGE][PASSED] - Call Test Case 'Test Cases/s-sidebar_navigation/TeamAccount/Broadcasts' successfully

2019-04-23 10:04:50 - [TEST_STEP][PASSED] - click: Object: 'Object Repository/Page_KiboPush  Broadcast/span_Create New Broadcast' is clicked on

2019-04-23 10:04:50 - [MESSAGE][PASSED] - Object: 'Object Repository/Page_KiboPush  Broadcast/span_Create New Broadcast' is clicked on

2019-04-23 10:04:50 - [TEST_STEP][PASSED] - click: Object: 'Object Repository/Page_KiboPush  Broadcast/a_Create New Broadcast' is clicked on

2019-04-23 10:04:51 - [MESSAGE][PASSED] - Object: 'Object Repository/Page_KiboPush  Broadcast/a_Create New Broadcast' is clicked on

2019-04-23 10:04:51 - [TEST_STEP][PASSED] - delay: Delayed 1 second(s)

2019-04-23 10:04:52 - [MESSAGE][PASSED] - Delayed 1 second(s)

2019-04-23 10:04:52 - [TEST_STEP][PASSED] - click: Object: 'Object Repository/Page_KiboPush  Create Broadcast/div_List' is clicked on

2019-04-23 10:04:53 - [MESSAGE][PASSED] - Object: 'Object Repository/Page_KiboPush  Create Broadcast/div_List' is clicked on

2019-04-23 10:04:53 - [TEST_STEP][PASSED] - delay: Delayed 1 second(s)

2019-04-23 10:04:54 - [MESSAGE][PASSED] - Delayed 1 second(s)

2019-04-23 10:04:54 - [TEST_STEP][PASSED] - click: Object: 'Object Repository/Page_KiboPush  Create Broadcast/div_ Add Button  Add Action' is clicked on

2019-04-23 10:04:54 - [MESSAGE][PASSED] - Object: 'Object Repository/Page_KiboPush  Create Broadcast/div_ Add Button  Add Action' is clicked on

2019-04-23 10:04:54 - [TEST_STEP][PASSED] - delay: Delayed 2 second(s)

2019-04-23 10:04:56 - [MESSAGE][PASSED] - Delayed 2 second(s)

2019-04-23 10:04:56 - [MESSAGE][PASSED] - Call Test Case 'Test Cases/Broadcasts/TC0684' successfully

2019-04-23 10:04:56 - [TEST_STEP][PASSED] - verifyElementNotPresent: Web element with id: 'Object Repository/Page_KiboPush  Create Broadcast/div_Open a website' located by 'By.xpath: //div[(text() = ' Open a website' or . = ' Open a website')]' is not present after '30' second(s)

2019-04-23 10:04:56 - [MESSAGE][WARNING] - Timeout '0' is invalid. Using default page load timeout: '30'

2019-04-23 10:04:56 - [MESSAGE][PASSED] - Web element with id: 'Object Repository/Page_KiboPush  Create Broadcast/div_Open a website' located by 'By.xpath: //div[(text() = ' Open a website' or . = ' Open a website')]' is not present after '30' second(s)]]></system-out>
         <system-err><![CDATA[]]></system-err>
      </testcase>
      <testcase name="Test Cases/Broadcasts/TC0700" classname="Test Cases/Broadcasts/TC0700" status="PASSED">
         <system-out><![CDATA[2019-04-23 10:04:56 - [TEST_CASE][PASSED] - Test Cases/Broadcasts/TC0700: Test Cases/Broadcasts/TC0700

2019-04-23 10:04:56 - [TEST_STEP][PASSED] - callTestCase: Call Test Case 'Test Cases/Broadcasts/TC0699' successfully

2019-04-23 10:04:56 - [TEST_CASE][PASSED] - Test Cases/Broadcasts/TC0699: Test Cases/Broadcasts/TC0699

2019-04-23 10:04:56 - [TEST_STEP][PASSED] - callTestCase: Call Test Case 'Test Cases/Broadcasts/TC0684' successfully

2019-04-23 10:04:57 - [TEST_CASE][PASSED] - Test Cases/Broadcasts/TC0684: Test Cases/Broadcasts/TC0684

2019-04-23 10:04:57 - [TEST_STEP][PASSED] - callTestCase: Call Test Case 'Test Cases/s-sidebar_navigation/TeamAccount/Broadcasts' successfully

2019-04-23 10:04:57 - [TEST_CASE][PASSED] - Test Cases/s-sidebar_navigation/TeamAccount/Broadcasts: Test Cases/s-sidebar_navigation/TeamAccount/Broadcasts

2019-04-23 10:04:57 - [TEST_STEP][PASSED] - callTestCase: Call Test Case 'Test Cases/s-sidebar_navigation/individualAccount/broadcast' successfully

2019-04-23 10:04:57 - [TEST_CASE][PASSED] - Test Cases/s-sidebar_navigation/individualAccount/broadcast: Test Cases/s-sidebar_navigation/individualAccount/broadcast

2019-04-23 10:04:57 - [TEST_STEP][PASSED] - click: Object: 'Object Repository/Page_KiboPush  Dashboard/span_Polls' is clicked on

2019-04-23 10:04:57 - [MESSAGE][PASSED] - Object: 'Object Repository/Page_KiboPush  Dashboard/span_Polls' is clicked on

2019-04-23 10:04:57 - [TEST_STEP][PASSED] - delay: Delayed 1 second(s)

2019-04-23 10:04:58 - [MESSAGE][PASSED] - Delayed 1 second(s)

2019-04-23 10:04:58 - [TEST_STEP][PASSED] - click: Object: 'Object Repository/Page_KiboPush  Dashboard/span_Broadcasts' is clicked on

2019-04-23 10:04:59 - [MESSAGE][PASSED] - Object: 'Object Repository/Page_KiboPush  Dashboard/span_Broadcasts' is clicked on

2019-04-23 10:04:59 - [TEST_STEP][PASSED] - delay: Delayed 1 second(s)

2019-04-23 10:05:00 - [MESSAGE][PASSED] - Delayed 1 second(s)

2019-04-23 10:05:00 - [TEST_STEP][PASSED] - scrollToPosition: Browser is scrolled to position x = 0, y = 0

2019-04-23 10:05:00 - [MESSAGE][PASSED] - Browser is scrolled to position x = 0, y = 0

2019-04-23 10:05:00 - [TEST_STEP][PASSED] - click: Object: 'Object Repository/Page_KiboPush  Broadcast/h3_Manage Broadcasts' is clicked on

2019-04-23 10:05:00 - [MESSAGE][PASSED] - Object: 'Object Repository/Page_KiboPush  Broadcast/h3_Manage Broadcasts' is clicked on

2019-04-23 10:05:00 - [MESSAGE][PASSED] - Call Test Case 'Test Cases/s-sidebar_navigation/individualAccount/broadcast' successfully

2019-04-23 10:05:00 - [MESSAGE][PASSED] - Call Test Case 'Test Cases/s-sidebar_navigation/TeamAccount/Broadcasts' successfully

2019-04-23 10:05:00 - [TEST_STEP][PASSED] - click: Object: 'Object Repository/Page_KiboPush  Broadcast/span_Create New Broadcast' is clicked on

2019-04-23 10:05:00 - [MESSAGE][PASSED] - Object: 'Object Repository/Page_KiboPush  Broadcast/span_Create New Broadcast' is clicked on

2019-04-23 10:05:00 - [TEST_STEP][PASSED] - click: Object: 'Object Repository/Page_KiboPush  Broadcast/a_Create New Broadcast' is clicked on

2019-04-23 10:05:01 - [MESSAGE][PASSED] - Object: 'Object Repository/Page_KiboPush  Broadcast/a_Create New Broadcast' is clicked on

2019-04-23 10:05:01 - [TEST_STEP][PASSED] - delay: Delayed 1 second(s)

2019-04-23 10:05:02 - [MESSAGE][PASSED] - Delayed 1 second(s)

2019-04-23 10:05:02 - [TEST_STEP][PASSED] - click: Object: 'Object Repository/Page_KiboPush  Create Broadcast/div_List' is clicked on

2019-04-23 10:05:03 - [MESSAGE][PASSED] - Object: 'Object Repository/Page_KiboPush  Create Broadcast/div_List' is clicked on

2019-04-23 10:05:03 - [TEST_STEP][PASSED] - delay: Delayed 1 second(s)

2019-04-23 10:05:04 - [MESSAGE][PASSED] - Delayed 1 second(s)

2019-04-23 10:05:04 - [TEST_STEP][PASSED] - click: Object: 'Object Repository/Page_KiboPush  Create Broadcast/div_ Add Button  Add Action' is clicked on

2019-04-23 10:05:04 - [MESSAGE][PASSED] - Object: 'Object Repository/Page_KiboPush  Create Broadcast/div_ Add Button  Add Action' is clicked on

2019-04-23 10:05:04 - [TEST_STEP][PASSED] - delay: Delayed 2 second(s)

2019-04-23 10:05:06 - [MESSAGE][PASSED] - Delayed 2 second(s)

2019-04-23 10:05:06 - [MESSAGE][PASSED] - Call Test Case 'Test Cases/Broadcasts/TC0684' successfully

2019-04-23 10:05:06 - [TEST_STEP][PASSED] - verifyElementNotPresent: Web element with id: 'Object Repository/Page_KiboPush  Create Broadcast/div_Open a website' located by 'By.xpath: //div[(text() = ' Open a website' or . = ' Open a website')]' is not present after '30' second(s)

2019-04-23 10:05:06 - [MESSAGE][WARNING] - Timeout '0' is invalid. Using default page load timeout: '30'

2019-04-23 10:05:06 - [MESSAGE][PASSED] - Web element with id: 'Object Repository/Page_KiboPush  Create Broadcast/div_Open a website' located by 'By.xpath: //div[(text() = ' Open a website' or . = ' Open a website')]' is not present after '30' second(s)

2019-04-23 10:05:06 - [MESSAGE][PASSED] - Call Test Case 'Test Cases/Broadcasts/TC0699' successfully]]></system-out>
         <system-err><![CDATA[]]></system-err>
      </testcase>
      <testcase name="Test Cases/Broadcasts/TC0701" classname="Test Cases/Broadcasts/TC0701" status="PASSED">
         <system-out><![CDATA[2019-04-23 10:05:06 - [TEST_CASE][PASSED] - Test Cases/Broadcasts/TC0701: Test Cases/Broadcasts/TC0701

2019-04-23 10:05:07 - [TEST_STEP][PASSED] - callTestCase: Call Test Case 'Test Cases/Broadcasts/TC0684' successfully

2019-04-23 10:05:07 - [TEST_CASE][PASSED] - Test Cases/Broadcasts/TC0684: Test Cases/Broadcasts/TC0684

2019-04-23 10:05:07 - [TEST_STEP][PASSED] - callTestCase: Call Test Case 'Test Cases/s-sidebar_navigation/TeamAccount/Broadcasts' successfully

2019-04-23 10:05:07 - [TEST_CASE][PASSED] - Test Cases/s-sidebar_navigation/TeamAccount/Broadcasts: Test Cases/s-sidebar_navigation/TeamAccount/Broadcasts

2019-04-23 10:05:07 - [TEST_STEP][PASSED] - callTestCase: Call Test Case 'Test Cases/s-sidebar_navigation/individualAccount/broadcast' successfully

2019-04-23 10:05:07 - [TEST_CASE][PASSED] - Test Cases/s-sidebar_navigation/individualAccount/broadcast: Test Cases/s-sidebar_navigation/individualAccount/broadcast

2019-04-23 10:05:07 - [TEST_STEP][PASSED] - click: Object: 'Object Repository/Page_KiboPush  Dashboard/span_Polls' is clicked on

2019-04-23 10:05:07 - [MESSAGE][PASSED] - Object: 'Object Repository/Page_KiboPush  Dashboard/span_Polls' is clicked on

2019-04-23 10:05:07 - [TEST_STEP][PASSED] - delay: Delayed 1 second(s)

2019-04-23 10:05:08 - [MESSAGE][PASSED] - Delayed 1 second(s)

2019-04-23 10:05:08 - [TEST_STEP][PASSED] - click: Object: 'Object Repository/Page_KiboPush  Dashboard/span_Broadcasts' is clicked on

2019-04-23 10:05:09 - [MESSAGE][PASSED] - Object: 'Object Repository/Page_KiboPush  Dashboard/span_Broadcasts' is clicked on

2019-04-23 10:05:09 - [TEST_STEP][PASSED] - delay: Delayed 1 second(s)

2019-04-23 10:05:10 - [MESSAGE][PASSED] - Delayed 1 second(s)

2019-04-23 10:05:10 - [TEST_STEP][PASSED] - scrollToPosition: Browser is scrolled to position x = 0, y = 0

2019-04-23 10:05:10 - [MESSAGE][PASSED] - Browser is scrolled to position x = 0, y = 0

2019-04-23 10:05:10 - [TEST_STEP][PASSED] - click: Object: 'Object Repository/Page_KiboPush  Broadcast/h3_Manage Broadcasts' is clicked on

2019-04-23 10:05:10 - [MESSAGE][PASSED] - Object: 'Object Repository/Page_KiboPush  Broadcast/h3_Manage Broadcasts' is clicked on

2019-04-23 10:05:10 - [MESSAGE][PASSED] - Call Test Case 'Test Cases/s-sidebar_navigation/individualAccount/broadcast' successfully

2019-04-23 10:05:10 - [MESSAGE][PASSED] - Call Test Case 'Test Cases/s-sidebar_navigation/TeamAccount/Broadcasts' successfully

2019-04-23 10:05:10 - [TEST_STEP][PASSED] - click: Object: 'Object Repository/Page_KiboPush  Broadcast/span_Create New Broadcast' is clicked on

2019-04-23 10:05:10 - [MESSAGE][PASSED] - Object: 'Object Repository/Page_KiboPush  Broadcast/span_Create New Broadcast' is clicked on

2019-04-23 10:05:10 - [TEST_STEP][PASSED] - click: Object: 'Object Repository/Page_KiboPush  Broadcast/a_Create New Broadcast' is clicked on

2019-04-23 10:05:11 - [MESSAGE][PASSED] - Object: 'Object Repository/Page_KiboPush  Broadcast/a_Create New Broadcast' is clicked on

2019-04-23 10:05:11 - [TEST_STEP][PASSED] - delay: Delayed 1 second(s)

2019-04-23 10:05:12 - [MESSAGE][PASSED] - Delayed 1 second(s)

2019-04-23 10:05:12 - [TEST_STEP][PASSED] - click: Object: 'Object Repository/Page_KiboPush  Create Broadcast/div_List' is clicked on

2019-04-23 10:05:13 - [MESSAGE][PASSED] - Object: 'Object Repository/Page_KiboPush  Create Broadcast/div_List' is clicked on

2019-04-23 10:05:13 - [TEST_STEP][PASSED] - delay: Delayed 1 second(s)

2019-04-23 10:05:14 - [MESSAGE][PASSED] - Delayed 1 second(s)

2019-04-23 10:05:14 - [TEST_STEP][PASSED] - click: Object: 'Object Repository/Page_KiboPush  Create Broadcast/div_ Add Button  Add Action' is clicked on

2019-04-23 10:05:14 - [MESSAGE][PASSED] - Object: 'Object Repository/Page_KiboPush  Create Broadcast/div_ Add Button  Add Action' is clicked on

2019-04-23 10:05:14 - [TEST_STEP][PASSED] - delay: Delayed 2 second(s)

2019-04-23 10:05:16 - [MESSAGE][PASSED] - Delayed 2 second(s)

2019-04-23 10:05:16 - [MESSAGE][PASSED] - Call Test Case 'Test Cases/Broadcasts/TC0684' successfully]]></system-out>
         <system-err><![CDATA[]]></system-err>
      </testcase>
      <testcase name="Test Cases/Broadcasts/TC0702" classname="Test Cases/Broadcasts/TC0702" status="PASSED">
         <system-out><![CDATA[2019-04-23 10:05:16 - [TEST_CASE][PASSED] - Test Cases/Broadcasts/TC0702: Test Cases/Broadcasts/TC0702

2019-04-23 10:05:16 - [TEST_STEP][PASSED] - callTestCase: Call Test Case 'Test Cases/Broadcasts/TC0684' successfully

2019-04-23 10:05:16 - [TEST_CASE][PASSED] - Test Cases/Broadcasts/TC0684: Test Cases/Broadcasts/TC0684

2019-04-23 10:05:16 - [TEST_STEP][PASSED] - callTestCase: Call Test Case 'Test Cases/s-sidebar_navigation/TeamAccount/Broadcasts' successfully

2019-04-23 10:05:17 - [TEST_CASE][PASSED] - Test Cases/s-sidebar_navigation/TeamAccount/Broadcasts: Test Cases/s-sidebar_navigation/TeamAccount/Broadcasts

2019-04-23 10:05:17 - [TEST_STEP][PASSED] - callTestCase: Call Test Case 'Test Cases/s-sidebar_navigation/individualAccount/broadcast' successfully

2019-04-23 10:05:17 - [TEST_CASE][PASSED] - Test Cases/s-sidebar_navigation/individualAccount/broadcast: Test Cases/s-sidebar_navigation/individualAccount/broadcast

2019-04-23 10:05:17 - [TEST_STEP][PASSED] - click: Object: 'Object Repository/Page_KiboPush  Dashboard/span_Polls' is clicked on

2019-04-23 10:05:17 - [MESSAGE][PASSED] - Object: 'Object Repository/Page_KiboPush  Dashboard/span_Polls' is clicked on

2019-04-23 10:05:17 - [TEST_STEP][PASSED] - delay: Delayed 1 second(s)

2019-04-23 10:05:18 - [MESSAGE][PASSED] - Delayed 1 second(s)

2019-04-23 10:05:18 - [TEST_STEP][PASSED] - click: Object: 'Object Repository/Page_KiboPush  Dashboard/span_Broadcasts' is clicked on

2019-04-23 10:05:18 - [MESSAGE][PASSED] - Object: 'Object Repository/Page_KiboPush  Dashboard/span_Broadcasts' is clicked on

2019-04-23 10:05:18 - [TEST_STEP][PASSED] - delay: Delayed 1 second(s)

2019-04-23 10:05:19 - [MESSAGE][PASSED] - Delayed 1 second(s)

2019-04-23 10:05:19 - [TEST_STEP][PASSED] - scrollToPosition: Browser is scrolled to position x = 0, y = 0

2019-04-23 10:05:19 - [MESSAGE][PASSED] - Browser is scrolled to position x = 0, y = 0

2019-04-23 10:05:19 - [TEST_STEP][PASSED] - click: Object: 'Object Repository/Page_KiboPush  Broadcast/h3_Manage Broadcasts' is clicked on

2019-04-23 10:05:20 - [MESSAGE][PASSED] - Object: 'Object Repository/Page_KiboPush  Broadcast/h3_Manage Broadcasts' is clicked on

2019-04-23 10:05:20 - [MESSAGE][PASSED] - Call Test Case 'Test Cases/s-sidebar_navigation/individualAccount/broadcast' successfully

2019-04-23 10:05:20 - [MESSAGE][PASSED] - Call Test Case 'Test Cases/s-sidebar_navigation/TeamAccount/Broadcasts' successfully

2019-04-23 10:05:20 - [TEST_STEP][PASSED] - click: Object: 'Object Repository/Page_KiboPush  Broadcast/span_Create New Broadcast' is clicked on

2019-04-23 10:05:20 - [MESSAGE][PASSED] - Object: 'Object Repository/Page_KiboPush  Broadcast/span_Create New Broadcast' is clicked on

2019-04-23 10:05:20 - [TEST_STEP][PASSED] - click: Object: 'Object Repository/Page_KiboPush  Broadcast/a_Create New Broadcast' is clicked on

2019-04-23 10:05:21 - [MESSAGE][PASSED] - Object: 'Object Repository/Page_KiboPush  Broadcast/a_Create New Broadcast' is clicked on

2019-04-23 10:05:21 - [TEST_STEP][PASSED] - delay: Delayed 1 second(s)

2019-04-23 10:05:22 - [MESSAGE][PASSED] - Delayed 1 second(s)

2019-04-23 10:05:22 - [TEST_STEP][PASSED] - click: Object: 'Object Repository/Page_KiboPush  Create Broadcast/div_List' is clicked on

2019-04-23 10:05:23 - [MESSAGE][PASSED] - Object: 'Object Repository/Page_KiboPush  Create Broadcast/div_List' is clicked on

2019-04-23 10:05:23 - [TEST_STEP][PASSED] - delay: Delayed 1 second(s)

2019-04-23 10:05:24 - [MESSAGE][PASSED] - Delayed 1 second(s)

2019-04-23 10:05:24 - [TEST_STEP][PASSED] - click: Object: 'Object Repository/Page_KiboPush  Create Broadcast/div_ Add Button  Add Action' is clicked on

2019-04-23 10:05:24 - [MESSAGE][PASSED] - Object: 'Object Repository/Page_KiboPush  Create Broadcast/div_ Add Button  Add Action' is clicked on

2019-04-23 10:05:24 - [TEST_STEP][PASSED] - delay: Delayed 2 second(s)

2019-04-23 10:05:26 - [MESSAGE][PASSED] - Delayed 2 second(s)

2019-04-23 10:05:26 - [MESSAGE][PASSED] - Call Test Case 'Test Cases/Broadcasts/TC0684' successfully

2019-04-23 10:05:26 - [TEST_STEP][PASSED] - click: Object: 'Object Repository/Page_KiboPush  Create Broadcast/div_ Add Element' is clicked on

2019-04-23 10:05:26 - [MESSAGE][PASSED] - Object: 'Object Repository/Page_KiboPush  Create Broadcast/div_ Add Element' is clicked on]]></system-out>
         <system-err><![CDATA[]]></system-err>
      </testcase>
      <system-out><![CDATA[2019-04-23 09:39:47 - [TEST_SUITE][ERROR] - broadcast: Test Cases/Broadcasts/TC0144 FAILED because (of) org.openqa.selenium.NoSuchElementException: no such element: Unable to locate element: {"method":"xpath","selector":"/html/body/div[5]/div/div[2]/div/a"}
  (Session info: chrome=73.0.3683.103)
  (Driver info: chromedriver=2.35.528161 (5b82f2d2aae0ca24b877009200ced9065a772e73),platform=Windows NT 10.0.17134 x86_64) (WARNING: The server did not provide any stacktrace information)
Command duration or timeout: 0 milliseconds
For documentation on this error, please visit: http://seleniumhq.org/exceptions/no_such_element.html
Build info: version: '3.7.1', revision: '8a0099a', time: '2017-11-06T21:07:36.161Z'
System info: host: 'DESKTOP-4M6R1V0', ip: '10.0.2.15', os.name: 'Windows 10', os.arch: 'amd64', os.version: '10.0', java.version: '1.8.0_181'
Driver info: com.kms.katalon.selenium.driver.CChromeDriver
Capabilities {acceptInsecureCerts: false, acceptSslCerts: false, applicationCacheEnabled: false, browserConnectionEnabled: false, browserName: chrome, chrome: {chromedriverVersion: 2.35.528161 (5b82f2d2aae0ca..., userDataDir: C:\Users\CLOUDK~1\AppData\L...}, cssSelectorsEnabled: true, databaseEnabled: false, handlesAlerts: true, hasTouchScreen: false, javascriptEnabled: true, locationContextEnabled: true, mobileEmulationEnabled: false, nativeEvents: true, networkConnectionEnabled: false, pageLoadStrategy: normal, platform: XP, platformName: XP, rotatable: false, setWindowRect: true, takesHeapSnapshot: true, takesScreenshot: true, unexpectedAlertBehaviour: , unhandledPromptBehavior: , version: 73.0.3683.103, webStorageEnabled: true}
Session ID: 8e93d7609dd9e8edce6d3260ea16ae38
*** Element info: {Using=xpath, value=/html/body/div[5]/div/div[2]/div/a}]]></system-out>
      <system-err><![CDATA[2019-04-23 09:39:47 - [TEST_SUITE][ERROR] - broadcast: Test Cases/Broadcasts/TC0144 FAILED because (of) org.openqa.selenium.NoSuchElementException: no such element: Unable to locate element: {"method":"xpath","selector":"/html/body/div[5]/div/div[2]/div/a"}
  (Session info: chrome=73.0.3683.103)
  (Driver info: chromedriver=2.35.528161 (5b82f2d2aae0ca24b877009200ced9065a772e73),platform=Windows NT 10.0.17134 x86_64) (WARNING: The server did not provide any stacktrace information)
Command duration or timeout: 0 milliseconds
For documentation on this error, please visit: http://seleniumhq.org/exceptions/no_such_element.html
Build info: version: '3.7.1', revision: '8a0099a', time: '2017-11-06T21:07:36.161Z'
System info: host: 'DESKTOP-4M6R1V0', ip: '10.0.2.15', os.name: 'Windows 10', os.arch: 'amd64', os.version: '10.0', java.version: '1.8.0_181'
Driver info: com.kms.katalon.selenium.driver.CChromeDriver
Capabilities {acceptInsecureCerts: false, acceptSslCerts: false, applicationCacheEnabled: false, browserConnectionEnabled: false, browserName: chrome, chrome: {chromedriverVersion: 2.35.528161 (5b82f2d2aae0ca..., userDataDir: C:\Users\CLOUDK~1\AppData\L...}, cssSelectorsEnabled: true, databaseEnabled: false, handlesAlerts: true, hasTouchScreen: false, javascriptEnabled: true, locationContextEnabled: true, mobileEmulationEnabled: false, nativeEvents: true, networkConnectionEnabled: false, pageLoadStrategy: normal, platform: XP, platformName: XP, rotatable: false, setWindowRect: true, takesHeapSnapshot: true, takesScreenshot: true, unexpectedAlertBehaviour: , unhandledPromptBehavior: , version: 73.0.3683.103, webStorageEnabled: true}
Session ID: 8e93d7609dd9e8edce6d3260ea16ae38
*** Element info: {Using=xpath, value=/html/body/div[5]/div/div[2]/div/a}]]></system-err>
   </testsuite>
</testsuites>
