<?xml version="1.0" encoding="UTF-8"?>
<testsuites name="SMS" time="242" tests="24" failures="8" errors="0">
   <testsuite name="SMS" tests="24" failures="8" errors="0" time="242" timestamp="2019-04-21 05:17:15" hostname="faizan - faizan-HP-EliteBook-850-G2" id="Test Suites/Faizan Suits/SMS">
      <properties>
         <property name="deviceName" value=""/>
         <property name="devicePlatform" value=""/>
         <property name="logFolder" value="/home/faizan/Drive/KiboPush_Automated_Testing/KiboPush Katalon/Reports/Faizan Suits/SMS/20190421_051707"/>
         <property name="logFiles" value="/home/faizan/Drive/KiboPush_Automated_Testing/KiboPush Katalon/Reports/Faizan Suits/SMS/20190421_051707/execution0.log"/>
         <property name="attachments" value="/home/faizan/Drive/KiboPush_Automated_Testing/KiboPush Katalon/Reports/Faizan Suits/SMS/20190421_051707/1555805985968.png, /home/faizan/Drive/KiboPush_Automated_Testing/KiboPush Katalon/Reports/Faizan Suits/SMS/20190421_051707/1555805997355.png, /home/faizan/Drive/KiboPush_Automated_Testing/KiboPush Katalon/Reports/Faizan Suits/SMS/20190421_051707/1555806008136.png, /home/faizan/Drive/KiboPush_Automated_Testing/KiboPush Katalon/Reports/Faizan Suits/SMS/20190421_051707/1555806020601.png, /home/faizan/Drive/KiboPush_Automated_Testing/KiboPush Katalon/Reports/Faizan Suits/SMS/20190421_051707/1555806033438.png, /home/faizan/Drive/KiboPush_Automated_Testing/KiboPush Katalon/Reports/Faizan Suits/SMS/20190421_051707/1555806047164.png, /home/faizan/Drive/KiboPush_Automated_Testing/KiboPush Katalon/Reports/Faizan Suits/SMS/20190421_051707/1555806061883.png, /home/faizan/Drive/KiboPush_Automated_Testing/KiboPush Katalon/Reports/Faizan Suits/SMS/20190421_051707/1555806077043.png"/>
         <property name="hostName" value="faizan - faizan-HP-EliteBook-850-G2"/>
         <property name="os" value="Linux 64bit"/>
         <property name="katalonVersion" value="6.1.2.2"/>
         <property name="browser" value="Chrome 73.0.3683.103"/>
         <property name="hostAddress" value="127.0.1.1"/>
         <property name="sessionId" value="f87268ee1c35c1ced596fe180b363839"/>
         <property name="seleniumVersion" value="3.7.1"/>
         <property name="proxyInformation" value="ProxyInformation{proxyOption=NO_PROXY, proxyServerType=HTTP, password=, proxyServerAddress=, proxyServerPort=0}"/>
         <property name="platform" value="Linux"/>
      </properties>
      <testcase name="Test Cases/s-sidebar_navigation/individualAccount/Faizan_production_login_kiboengage" classname="Test Cases/s-sidebar_navigation/individualAccount/Faizan_production_login_kiboengage" status="PASSED">
         <system-out><![CDATA[2019-04-21 05:17:15 - [TEST_CASE][PASSED] - Test Cases/s-sidebar_navigation/individualAccount/Faizan_production_login_kiboengage: Test Cases/s-sidebar_navigation/individualAccount/Faizan_production_login_kiboengage

2019-04-21 05:17:16 - [TEST_STEP][PASSED] - openBrowser(""): Browser is opened with url: ''

2019-04-21 05:17:17 - [MESSAGE][INFO] - Starting 'Chrome' driver

2019-04-21 05:17:17 - [MESSAGE][INFO] - User set preference: ['args', '[--no-sandbox]']

2019-04-21 05:17:17 - [MESSAGE][INFO] - Action delay is set to 0 seconds

2019-04-21 05:17:29 - [MESSAGE][PASSED] - Browser is opened with url: ''

2019-04-21 05:17:29 - [TEST_STEP][PASSED] - maximizeWindow(): Current window maximized

2019-04-21 05:17:29 - [MESSAGE][PASSED] - Current window maximized

2019-04-21 05:17:29 - [TEST_STEP][PASSED] - navigateToUrl("https://kiboengage.cloudkibo.com/"): Navigate to 'https://kiboengage.cloudkibo.com/' successfully

2019-04-21 05:17:39 - [MESSAGE][PASSED] - Navigate to 'https://kiboengage.cloudkibo.com/' successfully

2019-04-21 05:17:39 - [TEST_STEP][PASSED] - navigateToUrl("https://accounts.cloudkibo.com/?continue=https://kiboengage.cloudkibo.com"): Navigate to 'https://accounts.cloudkibo.com/?continue=https://kiboengage.cloudkibo.com' successfully

2019-04-21 05:17:39 - [MESSAGE][PASSED] - Navigate to 'https://accounts.cloudkibo.com/?continue=https://kiboengage.cloudkibo.com' successfully

2019-04-21 05:17:39 - [TEST_STEP][PASSED] - click(findTestObject("Page_CloudKibo/a_Login (2) (1) (1)")): Object: 'Object Repository/Page_CloudKibo/a_Login (2) (1) (1)' is clicked on

2019-04-21 05:17:41 - [MESSAGE][PASSED] - Object: 'Object Repository/Page_CloudKibo/a_Login (2) (1) (1)' is clicked on

2019-04-21 05:17:41 - [TEST_STEP][PASSED] - setText(findTestObject("Page_KiboPush/input_email (10) (1) (1)"), "faizan@cloudkibo.com"): Text 'faizan@cloudkibo.com' is set on object 'Object Repository/Page_KiboPush/input_email (10) (1) (1)'

2019-04-21 05:17:41 - [MESSAGE][PASSED] - Text 'faizan@cloudkibo.com' is set on object 'Object Repository/Page_KiboPush/input_email (10) (1) (1)'

2019-04-21 05:17:41 - [TEST_STEP][PASSED] - setEncryptedText(findTestObject("Page_CloudKibo/input_Sign In_password (7)"), "qeJ0sjJnwEs="): Text ****** has been set on object 'Object Repository/Page_CloudKibo/input_Sign In_password (7)'

2019-04-21 05:17:42 - [MESSAGE][PASSED] - Text ****** has been set on object 'Object Repository/Page_CloudKibo/input_Sign In_password (7)'

2019-04-21 05:17:42 - [TEST_STEP][PASSED] - click(findTestObject("Page_KiboPush/button_Sign In (10) (1) (2)")): Object: 'Object Repository/Page_KiboPush/button_Sign In (10) (1) (2)' is clicked on

2019-04-21 05:17:42 - [MESSAGE][PASSED] - Object: 'Object Repository/Page_KiboPush/button_Sign In (10) (1) (2)' is clicked on

2019-04-21 05:17:42 - [TEST_STEP][PASSED] - navigateToUrl("https://kiboengage.cloudkibo.com/dashboard"): Navigate to 'https://kiboengage.cloudkibo.com/dashboard' successfully

2019-04-21 05:18:12 - [MESSAGE][PASSED] - Navigate to 'https://kiboengage.cloudkibo.com/dashboard' successfully

2019-04-21 05:18:12 - [TEST_STEP][PASSED] - click(findTestObject("Page_KiboPush  Dashboard/h3_Dashboard (57)")): Object: 'Object Repository/Page_KiboPush  Dashboard/h3_Dashboard (57)' is clicked on

2019-04-21 05:18:13 - [MESSAGE][PASSED] - Object: 'Object Repository/Page_KiboPush  Dashboard/h3_Dashboard (57)' is clicked on

2019-04-21 05:18:13 - [TEST_STEP][PASSED] - delay(3): Delayed 3 second(s)

2019-04-21 05:18:16 - [MESSAGE][PASSED] - Delayed 3 second(s)

2019-04-21 05:18:16 - [TEST_STEP][PASSED] - click(findTestObject("Page_KiboEngage  Dashboard/a_SMS (2) (1) (1) (1) (3)")): Object: 'Object Repository/Page_KiboEngage  Dashboard/a_SMS (2) (1) (1) (1) (3)' is clicked on

2019-04-21 05:18:16 - [MESSAGE][PASSED] - Object: 'Object Repository/Page_KiboEngage  Dashboard/a_SMS (2) (1) (1) (1) (3)' is clicked on

2019-04-21 05:18:16 - [TEST_STEP][PASSED] - click(findTestObject("Page_KiboEngage  Dashboard/span_Messenger (1) (1) (1) (3)")): Object: 'Object Repository/Page_KiboEngage  Dashboard/span_Messenger (1) (1) (1) (3)' is clicked on

2019-04-21 05:18:16 - [MESSAGE][PASSED] - Object: 'Object Repository/Page_KiboEngage  Dashboard/span_Messenger (1) (1) (1) (3)' is clicked on]]></system-out>
         <system-err><![CDATA[]]></system-err>
      </testcase>
      <testcase name="Test Cases/SMS/contacts/TC11149" classname="Test Cases/SMS/contacts/TC11149" status="PASSED">
         <system-out><![CDATA[2019-04-21 05:18:17 - [TEST_CASE][PASSED] - Test Cases/SMS/contacts/TC11149: Test Cases/SMS/contacts/TC11149

2019-04-21 05:18:17 - [TEST_STEP][PASSED] - callTestCase(findTestCase("SMS/SMSPlatform"), [:], STOP_ON_FAILURE): Call Test Case 'Test Cases/SMS/SMSPlatform' successfully

2019-04-21 05:18:17 - [TEST_CASE][PASSED] - Test Cases/SMS/SMSPlatform: Test Cases/SMS/SMSPlatform

2019-04-21 05:18:17 - [TEST_STEP][PASSED] - click(findTestObject("Page_KiboEngage  Dashboard/a_SMS (1)")): Object: 'Object Repository/Page_KiboEngage  Dashboard/a_SMS (1)' is clicked on

2019-04-21 05:18:18 - [MESSAGE][PASSED] - Object: 'Object Repository/Page_KiboEngage  Dashboard/a_SMS (1)' is clicked on

2019-04-21 05:18:18 - [TEST_STEP][PASSED] - click(findTestObject("Page_KiboEngage  Dashboard/span_SMS (1)")): Object: 'Object Repository/Page_KiboEngage  Dashboard/span_SMS (1)' is clicked on

2019-04-21 05:18:18 - [MESSAGE][PASSED] - Object: 'Object Repository/Page_KiboEngage  Dashboard/span_SMS (1)' is clicked on

2019-04-21 05:18:18 - [TEST_STEP][PASSED] - delay(1): Delayed 1 second(s)

2019-04-21 05:18:19 - [MESSAGE][PASSED] - Delayed 1 second(s)

2019-04-21 05:18:19 - [MESSAGE][PASSED] - Call Test Case 'Test Cases/SMS/SMSPlatform' successfully

2019-04-21 05:18:19 - [TEST_STEP][PASSED] - click(findTestObject("Page_KiboPush  Dashboard/span_Dashboard")): Object: 'Object Repository/Page_KiboPush  Dashboard/span_Dashboard' is clicked on

2019-04-21 05:18:19 - [MESSAGE][PASSED] - Object: 'Object Repository/Page_KiboPush  Dashboard/span_Dashboard' is clicked on

2019-04-21 05:18:19 - [TEST_STEP][PASSED] - delay(1): Delayed 1 second(s)

2019-04-21 05:18:20 - [MESSAGE][PASSED] - Delayed 1 second(s)

2019-04-21 05:18:20 - [TEST_STEP][PASSED] - click(findTestObject("Page_KiboEngage  Dashboard/span_Subscribers (1)")): Object: 'Object Repository/Page_KiboEngage  Dashboard/span_Subscribers (1)' is clicked on

2019-04-21 05:18:20 - [MESSAGE][PASSED] - Object: 'Object Repository/Page_KiboEngage  Dashboard/span_Subscribers (1)' is clicked on

2019-04-21 05:18:20 - [TEST_STEP][PASSED] - delay(1): Delayed 1 second(s)

2019-04-21 05:18:21 - [MESSAGE][PASSED] - Delayed 1 second(s)]]></system-out>
         <system-err><![CDATA[]]></system-err>
      </testcase>
      <testcase name="Test Cases/SMS/contacts/TC11150" classname="Test Cases/SMS/contacts/TC11150" status="PASSED">
         <system-out><![CDATA[2019-04-21 05:18:21 - [TEST_CASE][PASSED] - Test Cases/SMS/contacts/TC11150: Test Cases/SMS/contacts/TC11150

2019-04-21 05:18:22 - [TEST_STEP][PASSED] - callTestCase(findTestCase("SMS/SMSPlatform"), [:], STOP_ON_FAILURE): Call Test Case 'Test Cases/SMS/SMSPlatform' successfully

2019-04-21 05:18:22 - [TEST_CASE][PASSED] - Test Cases/SMS/SMSPlatform: Test Cases/SMS/SMSPlatform

2019-04-21 05:18:22 - [TEST_STEP][PASSED] - click(findTestObject("Page_KiboEngage  Dashboard/a_SMS (1)")): Object: 'Object Repository/Page_KiboEngage  Dashboard/a_SMS (1)' is clicked on

2019-04-21 05:18:22 - [MESSAGE][PASSED] - Object: 'Object Repository/Page_KiboEngage  Dashboard/a_SMS (1)' is clicked on

2019-04-21 05:18:22 - [TEST_STEP][PASSED] - click(findTestObject("Page_KiboEngage  Dashboard/span_SMS (1)")): Object: 'Object Repository/Page_KiboEngage  Dashboard/span_SMS (1)' is clicked on

2019-04-21 05:18:22 - [MESSAGE][PASSED] - Object: 'Object Repository/Page_KiboEngage  Dashboard/span_SMS (1)' is clicked on

2019-04-21 05:18:22 - [TEST_STEP][PASSED] - delay(1): Delayed 1 second(s)

2019-04-21 05:18:23 - [MESSAGE][PASSED] - Delayed 1 second(s)

2019-04-21 05:18:23 - [MESSAGE][PASSED] - Call Test Case 'Test Cases/SMS/SMSPlatform' successfully

2019-04-21 05:18:23 - [TEST_STEP][PASSED] - click(findTestObject("Page_KiboPush  Dashboard/span_Dashboard")): Object: 'Object Repository/Page_KiboPush  Dashboard/span_Dashboard' is clicked on

2019-04-21 05:18:23 - [MESSAGE][PASSED] - Object: 'Object Repository/Page_KiboPush  Dashboard/span_Dashboard' is clicked on

2019-04-21 05:18:23 - [TEST_STEP][PASSED] - delay(1): Delayed 1 second(s)

2019-04-21 05:18:24 - [MESSAGE][PASSED] - Delayed 1 second(s)

2019-04-21 05:18:24 - [TEST_STEP][PASSED] - click(findTestObject("Page_KiboEngage  Dashboard/span_Subscribers (1)")): Object: 'Object Repository/Page_KiboEngage  Dashboard/span_Subscribers (1)' is clicked on

2019-04-21 05:18:24 - [MESSAGE][PASSED] - Object: 'Object Repository/Page_KiboEngage  Dashboard/span_Subscribers (1)' is clicked on

2019-04-21 05:18:24 - [TEST_STEP][PASSED] - delay(1): Delayed 1 second(s)

2019-04-21 05:18:25 - [MESSAGE][PASSED] - Delayed 1 second(s)

2019-04-21 05:18:25 - [TEST_STEP][PASSED] - click(findTestObject("Object Repository/Page_KiboEngage  Subscribers/h3_Subscribers")): Object: 'Object Repository/Page_KiboEngage  Subscribers/h3_Subscribers' is clicked on

2019-04-21 05:18:26 - [MESSAGE][PASSED] - Object: 'Object Repository/Page_KiboEngage  Subscribers/h3_Subscribers' is clicked on

2019-04-21 05:18:26 - [TEST_STEP][PASSED] - delay(1): Delayed 1 second(s)

2019-04-21 05:18:27 - [MESSAGE][PASSED] - Delayed 1 second(s)

2019-04-21 05:18:27 - [TEST_STEP][PASSED] - driver = getWebDriver(): null

2019-04-21 05:18:27 - [TEST_STEP][PASSED] - Table = driver.findElement(By.xpath("//*[@id="ajax_data"]/table/tbody")): null

2019-04-21 05:18:27 - [TEST_STEP][PASSED] - rows_table = Table.findElements(By.tagName("tr")): null

2019-04-21 05:18:27 - [TEST_STEP][PASSED] - verifyGreaterThanOrEqual(rows_table.size(), 1): Actual number '5' is greater than or equal to expected number '1'

2019-04-21 05:18:27 - [MESSAGE][PASSED] - Actual number '5' is greater than or equal to expected number '1']]></system-out>
         <system-err><![CDATA[]]></system-err>
      </testcase>
      <testcase name="Test Cases/SMS/contacts/TC11151" classname="Test Cases/SMS/contacts/TC11151" status="PASSED">
         <system-out><![CDATA[2019-04-21 05:18:27 - [TEST_CASE][PASSED] - Test Cases/SMS/contacts/TC11151: Test Cases/SMS/contacts/TC11151

2019-04-21 05:18:27 - [TEST_STEP][PASSED] - callTestCase(findTestCase("SMS/SMSPlatform"), [:], STOP_ON_FAILURE): Call Test Case 'Test Cases/SMS/SMSPlatform' successfully

2019-04-21 05:18:27 - [TEST_CASE][PASSED] - Test Cases/SMS/SMSPlatform: Test Cases/SMS/SMSPlatform

2019-04-21 05:18:27 - [TEST_STEP][PASSED] - click(findTestObject("Page_KiboEngage  Dashboard/a_SMS (1)")): Object: 'Object Repository/Page_KiboEngage  Dashboard/a_SMS (1)' is clicked on

2019-04-21 05:18:28 - [MESSAGE][PASSED] - Object: 'Object Repository/Page_KiboEngage  Dashboard/a_SMS (1)' is clicked on

2019-04-21 05:18:28 - [TEST_STEP][PASSED] - click(findTestObject("Page_KiboEngage  Dashboard/span_SMS (1)")): Object: 'Object Repository/Page_KiboEngage  Dashboard/span_SMS (1)' is clicked on

2019-04-21 05:18:28 - [MESSAGE][PASSED] - Object: 'Object Repository/Page_KiboEngage  Dashboard/span_SMS (1)' is clicked on

2019-04-21 05:18:28 - [TEST_STEP][PASSED] - delay(1): Delayed 1 second(s)

2019-04-21 05:18:29 - [MESSAGE][PASSED] - Delayed 1 second(s)

2019-04-21 05:18:29 - [MESSAGE][PASSED] - Call Test Case 'Test Cases/SMS/SMSPlatform' successfully

2019-04-21 05:18:29 - [TEST_STEP][PASSED] - click(findTestObject("Page_KiboPush  Dashboard/span_Dashboard")): Object: 'Object Repository/Page_KiboPush  Dashboard/span_Dashboard' is clicked on

2019-04-21 05:18:29 - [MESSAGE][PASSED] - Object: 'Object Repository/Page_KiboPush  Dashboard/span_Dashboard' is clicked on

2019-04-21 05:18:29 - [TEST_STEP][PASSED] - delay(1): Delayed 1 second(s)

2019-04-21 05:18:30 - [MESSAGE][PASSED] - Delayed 1 second(s)

2019-04-21 05:18:30 - [TEST_STEP][PASSED] - click(findTestObject("Page_KiboEngage  Dashboard/span_Subscribers (1)")): Object: 'Object Repository/Page_KiboEngage  Dashboard/span_Subscribers (1)' is clicked on

2019-04-21 05:18:30 - [MESSAGE][PASSED] - Object: 'Object Repository/Page_KiboEngage  Dashboard/span_Subscribers (1)' is clicked on

2019-04-21 05:18:30 - [TEST_STEP][PASSED] - delay(1): Delayed 1 second(s)

2019-04-21 05:18:31 - [MESSAGE][PASSED] - Delayed 1 second(s)

2019-04-21 05:18:31 - [TEST_STEP][PASSED] - click(findTestObject("Object Repository/Page_KiboEngage  Subscribers/a_next")): Object: 'Object Repository/Page_KiboEngage  Subscribers/a_next' is clicked on

2019-04-21 05:18:31 - [MESSAGE][PASSED] - Object: 'Object Repository/Page_KiboEngage  Subscribers/a_next' is clicked on]]></system-out>
         <system-err><![CDATA[]]></system-err>
      </testcase>
      <testcase name="Test Cases/SMS/contacts/TC11152" classname="Test Cases/SMS/contacts/TC11152" status="PASSED">
         <system-out><![CDATA[2019-04-21 05:18:31 - [TEST_CASE][PASSED] - Test Cases/SMS/contacts/TC11152: Test Cases/SMS/contacts/TC11152

2019-04-21 05:18:32 - [TEST_STEP][PASSED] - callTestCase(findTestCase("SMS/SMSPlatform"), [:], STOP_ON_FAILURE): Call Test Case 'Test Cases/SMS/SMSPlatform' successfully

2019-04-21 05:18:32 - [TEST_CASE][PASSED] - Test Cases/SMS/SMSPlatform: Test Cases/SMS/SMSPlatform

2019-04-21 05:18:32 - [TEST_STEP][PASSED] - click(findTestObject("Page_KiboEngage  Dashboard/a_SMS (1)")): Object: 'Object Repository/Page_KiboEngage  Dashboard/a_SMS (1)' is clicked on

2019-04-21 05:18:32 - [MESSAGE][PASSED] - Object: 'Object Repository/Page_KiboEngage  Dashboard/a_SMS (1)' is clicked on

2019-04-21 05:18:32 - [TEST_STEP][PASSED] - click(findTestObject("Page_KiboEngage  Dashboard/span_SMS (1)")): Object: 'Object Repository/Page_KiboEngage  Dashboard/span_SMS (1)' is clicked on

2019-04-21 05:18:32 - [MESSAGE][PASSED] - Object: 'Object Repository/Page_KiboEngage  Dashboard/span_SMS (1)' is clicked on

2019-04-21 05:18:32 - [TEST_STEP][PASSED] - delay(1): Delayed 1 second(s)

2019-04-21 05:18:33 - [MESSAGE][PASSED] - Delayed 1 second(s)

2019-04-21 05:18:33 - [MESSAGE][PASSED] - Call Test Case 'Test Cases/SMS/SMSPlatform' successfully

2019-04-21 05:18:33 - [TEST_STEP][PASSED] - click(findTestObject("Page_KiboPush  Dashboard/span_Dashboard")): Object: 'Object Repository/Page_KiboPush  Dashboard/span_Dashboard' is clicked on

2019-04-21 05:18:34 - [MESSAGE][PASSED] - Object: 'Object Repository/Page_KiboPush  Dashboard/span_Dashboard' is clicked on

2019-04-21 05:18:34 - [TEST_STEP][PASSED] - delay(1): Delayed 1 second(s)

2019-04-21 05:18:35 - [MESSAGE][PASSED] - Delayed 1 second(s)

2019-04-21 05:18:35 - [TEST_STEP][PASSED] - click(findTestObject("Page_KiboEngage  Dashboard/span_Subscribers (1)")): Object: 'Object Repository/Page_KiboEngage  Dashboard/span_Subscribers (1)' is clicked on

2019-04-21 05:18:35 - [MESSAGE][PASSED] - Object: 'Object Repository/Page_KiboEngage  Dashboard/span_Subscribers (1)' is clicked on

2019-04-21 05:18:35 - [TEST_STEP][PASSED] - delay(1): Delayed 1 second(s)

2019-04-21 05:18:36 - [MESSAGE][PASSED] - Delayed 1 second(s)

2019-04-21 05:18:36 - [TEST_STEP][PASSED] - click(findTestObject("Object Repository/Page_KiboEngage  Subscribers/a_previous")): Object: 'Object Repository/Page_KiboEngage  Subscribers/a_previous' is clicked on

2019-04-21 05:18:36 - [MESSAGE][PASSED] - Object: 'Object Repository/Page_KiboEngage  Subscribers/a_previous' is clicked on]]></system-out>
         <system-err><![CDATA[]]></system-err>
      </testcase>
      <testcase name="Test Cases/SMS/contacts/TC11153" classname="Test Cases/SMS/contacts/TC11153" status="PASSED">
         <system-out><![CDATA[2019-04-21 05:18:36 - [TEST_CASE][PASSED] - Test Cases/SMS/contacts/TC11153: Test Cases/SMS/contacts/TC11153

2019-04-21 05:18:36 - [TEST_STEP][PASSED] - callTestCase(findTestCase("SMS/SMSPlatform"), [:], STOP_ON_FAILURE): Call Test Case 'Test Cases/SMS/SMSPlatform' successfully

2019-04-21 05:18:36 - [TEST_CASE][PASSED] - Test Cases/SMS/SMSPlatform: Test Cases/SMS/SMSPlatform

2019-04-21 05:18:36 - [TEST_STEP][PASSED] - click(findTestObject("Page_KiboEngage  Dashboard/a_SMS (1)")): Object: 'Object Repository/Page_KiboEngage  Dashboard/a_SMS (1)' is clicked on

2019-04-21 05:18:36 - [MESSAGE][PASSED] - Object: 'Object Repository/Page_KiboEngage  Dashboard/a_SMS (1)' is clicked on

2019-04-21 05:18:36 - [TEST_STEP][PASSED] - click(findTestObject("Page_KiboEngage  Dashboard/span_SMS (1)")): Object: 'Object Repository/Page_KiboEngage  Dashboard/span_SMS (1)' is clicked on

2019-04-21 05:18:36 - [MESSAGE][PASSED] - Object: 'Object Repository/Page_KiboEngage  Dashboard/span_SMS (1)' is clicked on

2019-04-21 05:18:36 - [TEST_STEP][PASSED] - delay(1): Delayed 1 second(s)

2019-04-21 05:18:37 - [MESSAGE][PASSED] - Delayed 1 second(s)

2019-04-21 05:18:37 - [MESSAGE][PASSED] - Call Test Case 'Test Cases/SMS/SMSPlatform' successfully

2019-04-21 05:18:37 - [TEST_STEP][PASSED] - click(findTestObject("Page_KiboPush  Dashboard/span_Dashboard")): Object: 'Object Repository/Page_KiboPush  Dashboard/span_Dashboard' is clicked on

2019-04-21 05:18:38 - [MESSAGE][PASSED] - Object: 'Object Repository/Page_KiboPush  Dashboard/span_Dashboard' is clicked on

2019-04-21 05:18:38 - [TEST_STEP][PASSED] - delay(1): Delayed 1 second(s)

2019-04-21 05:18:39 - [MESSAGE][PASSED] - Delayed 1 second(s)

2019-04-21 05:18:39 - [TEST_STEP][PASSED] - click(findTestObject("Page_KiboEngage  Dashboard/span_Subscribers (1)")): Object: 'Object Repository/Page_KiboEngage  Dashboard/span_Subscribers (1)' is clicked on

2019-04-21 05:18:40 - [MESSAGE][PASSED] - Object: 'Object Repository/Page_KiboEngage  Dashboard/span_Subscribers (1)' is clicked on

2019-04-21 05:18:40 - [TEST_STEP][PASSED] - delay(1): Delayed 1 second(s)

2019-04-21 05:18:41 - [MESSAGE][PASSED] - Delayed 1 second(s)

2019-04-21 05:18:41 - [TEST_STEP][PASSED] - click(findTestObject("Object Repository/Page_KiboEngage  Subscribers/a_previous")): Object: 'Object Repository/Page_KiboEngage  Subscribers/a_previous' is clicked on

2019-04-21 05:18:41 - [MESSAGE][PASSED] - Object: 'Object Repository/Page_KiboEngage  Subscribers/a_previous' is clicked on]]></system-out>
         <system-err><![CDATA[]]></system-err>
      </testcase>
      <testcase name="Test Cases/SMS/upload contacts/TC11154" classname="Test Cases/SMS/upload contacts/TC11154" status="PASSED">
         <system-out><![CDATA[2019-04-21 05:18:41 - [TEST_CASE][PASSED] - Test Cases/SMS/upload contacts/TC11154: Test Cases/SMS/upload contacts/TC11154

2019-04-21 05:18:41 - [TEST_STEP][PASSED] - callTestCase(findTestCase("SMS/SMSPlatform"), [:], STOP_ON_FAILURE): Call Test Case 'Test Cases/SMS/SMSPlatform' successfully

2019-04-21 05:18:41 - [TEST_CASE][PASSED] - Test Cases/SMS/SMSPlatform: Test Cases/SMS/SMSPlatform

2019-04-21 05:18:41 - [TEST_STEP][PASSED] - click(findTestObject("Page_KiboEngage  Dashboard/a_SMS (1)")): Object: 'Object Repository/Page_KiboEngage  Dashboard/a_SMS (1)' is clicked on

2019-04-21 05:18:41 - [MESSAGE][PASSED] - Object: 'Object Repository/Page_KiboEngage  Dashboard/a_SMS (1)' is clicked on

2019-04-21 05:18:41 - [TEST_STEP][PASSED] - click(findTestObject("Page_KiboEngage  Dashboard/span_SMS (1)")): Object: 'Object Repository/Page_KiboEngage  Dashboard/span_SMS (1)' is clicked on

2019-04-21 05:18:42 - [MESSAGE][PASSED] - Object: 'Object Repository/Page_KiboEngage  Dashboard/span_SMS (1)' is clicked on

2019-04-21 05:18:42 - [TEST_STEP][PASSED] - delay(1): Delayed 1 second(s)

2019-04-21 05:18:43 - [MESSAGE][PASSED] - Delayed 1 second(s)

2019-04-21 05:18:43 - [MESSAGE][PASSED] - Call Test Case 'Test Cases/SMS/SMSPlatform' successfully

2019-04-21 05:18:43 - [TEST_STEP][PASSED] - click(findTestObject("Page_KiboPush  Dashboard/span_Dashboard")): Object: 'Object Repository/Page_KiboPush  Dashboard/span_Dashboard' is clicked on

2019-04-21 05:18:43 - [MESSAGE][PASSED] - Object: 'Object Repository/Page_KiboPush  Dashboard/span_Dashboard' is clicked on

2019-04-21 05:18:43 - [TEST_STEP][PASSED] - delay(1): Delayed 1 second(s)

2019-04-21 05:18:44 - [MESSAGE][PASSED] - Delayed 1 second(s)

2019-04-21 05:18:44 - [TEST_STEP][PASSED] - click(findTestObject("Object Repository/Page_KiboEngage  Dashboard/span_Upload Contacts")): Object: 'Object Repository/Page_KiboEngage  Dashboard/span_Upload Contacts' is clicked on

2019-04-21 05:18:45 - [MESSAGE][PASSED] - Object: 'Object Repository/Page_KiboEngage  Dashboard/span_Upload Contacts' is clicked on

2019-04-21 05:18:45 - [TEST_STEP][PASSED] - delay(1): Delayed 1 second(s)

2019-04-21 05:18:46 - [MESSAGE][PASSED] - Delayed 1 second(s)

2019-04-21 05:18:46 - [TEST_STEP][PASSED] - click(findTestObject("Object Repository/Page_KiboEngage  Upload Contacts/h3_Upload Contacts")): Object: 'Object Repository/Page_KiboEngage  Upload Contacts/h3_Upload Contacts' is clicked on

2019-04-21 05:18:46 - [MESSAGE][PASSED] - Object: 'Object Repository/Page_KiboEngage  Upload Contacts/h3_Upload Contacts' is clicked on]]></system-out>
         <system-err><![CDATA[]]></system-err>
      </testcase>
      <testcase name="Test Cases/SMS/upload contacts/TC11155" classname="Test Cases/SMS/upload contacts/TC11155" status="PASSED">
         <system-out><![CDATA[2019-04-21 05:18:46 - [TEST_CASE][PASSED] - Test Cases/SMS/upload contacts/TC11155: Test Cases/SMS/upload contacts/TC11155

2019-04-21 05:18:46 - [TEST_STEP][PASSED] - callTestCase(findTestCase("SMS/SMSPlatform"), [:], STOP_ON_FAILURE): Call Test Case 'Test Cases/SMS/SMSPlatform' successfully

2019-04-21 05:18:46 - [TEST_CASE][PASSED] - Test Cases/SMS/SMSPlatform: Test Cases/SMS/SMSPlatform

2019-04-21 05:18:46 - [TEST_STEP][PASSED] - click(findTestObject("Page_KiboEngage  Dashboard/a_SMS (1)")): Object: 'Object Repository/Page_KiboEngage  Dashboard/a_SMS (1)' is clicked on

2019-04-21 05:18:46 - [MESSAGE][PASSED] - Object: 'Object Repository/Page_KiboEngage  Dashboard/a_SMS (1)' is clicked on

2019-04-21 05:18:46 - [TEST_STEP][PASSED] - click(findTestObject("Page_KiboEngage  Dashboard/span_SMS (1)")): Object: 'Object Repository/Page_KiboEngage  Dashboard/span_SMS (1)' is clicked on

2019-04-21 05:18:46 - [MESSAGE][PASSED] - Object: 'Object Repository/Page_KiboEngage  Dashboard/span_SMS (1)' is clicked on

2019-04-21 05:18:46 - [TEST_STEP][PASSED] - delay(1): Delayed 1 second(s)

2019-04-21 05:18:47 - [MESSAGE][PASSED] - Delayed 1 second(s)

2019-04-21 05:18:47 - [MESSAGE][PASSED] - Call Test Case 'Test Cases/SMS/SMSPlatform' successfully

2019-04-21 05:18:47 - [TEST_STEP][PASSED] - click(findTestObject("Page_KiboPush  Dashboard/span_Dashboard")): Object: 'Object Repository/Page_KiboPush  Dashboard/span_Dashboard' is clicked on

2019-04-21 05:18:48 - [MESSAGE][PASSED] - Object: 'Object Repository/Page_KiboPush  Dashboard/span_Dashboard' is clicked on

2019-04-21 05:18:48 - [TEST_STEP][PASSED] - delay(1): Delayed 1 second(s)

2019-04-21 05:18:49 - [MESSAGE][PASSED] - Delayed 1 second(s)

2019-04-21 05:18:49 - [TEST_STEP][PASSED] - click(findTestObject("Object Repository/Page_KiboEngage  Dashboard/span_Upload Contacts")): Object: 'Object Repository/Page_KiboEngage  Dashboard/span_Upload Contacts' is clicked on

2019-04-21 05:18:49 - [MESSAGE][PASSED] - Object: 'Object Repository/Page_KiboEngage  Dashboard/span_Upload Contacts' is clicked on

2019-04-21 05:18:49 - [TEST_STEP][PASSED] - delay(1): Delayed 1 second(s)

2019-04-21 05:18:50 - [MESSAGE][PASSED] - Delayed 1 second(s)

2019-04-21 05:18:50 - [TEST_STEP][PASSED] - click(findTestObject("Object Repository/Page_KiboEngage  Upload Contacts/h3_Upload Contacts (1)")): Object: 'Object Repository/Page_KiboEngage  Upload Contacts/h3_Upload Contacts (1)' is clicked on

2019-04-21 05:18:50 - [MESSAGE][PASSED] - Object: 'Object Repository/Page_KiboEngage  Upload Contacts/h3_Upload Contacts (1)' is clicked on

2019-04-21 05:18:50 - [TEST_STEP][PASSED] - click(findTestObject("Object Repository/Page_KiboEngage  Upload Contacts/button_Submit")): Object: 'Object Repository/Page_KiboEngage  Upload Contacts/button_Submit' is clicked on

2019-04-21 05:18:50 - [MESSAGE][PASSED] - Object: 'Object Repository/Page_KiboEngage  Upload Contacts/button_Submit' is clicked on

2019-04-21 05:18:50 - [TEST_STEP][PASSED] - click(findTestObject("Object Repository/Page_KiboEngage  Upload Contacts/div_Please upload a file or enter numbers manually")): Object: 'Object Repository/Page_KiboEngage  Upload Contacts/div_Please upload a file or enter numbers manually' is clicked on

2019-04-21 05:18:50 - [MESSAGE][PASSED] - Object: 'Object Repository/Page_KiboEngage  Upload Contacts/div_Please upload a file or enter numbers manually' is clicked on]]></system-out>
         <system-err><![CDATA[]]></system-err>
      </testcase>
      <testcase name="Test Cases/SMS/upload contacts/TC11156" classname="Test Cases/SMS/upload contacts/TC11156" status="PASSED">
         <system-out><![CDATA[2019-04-21 05:18:50 - [TEST_CASE][PASSED] - Test Cases/SMS/upload contacts/TC11156: Test Cases/SMS/upload contacts/TC11156

2019-04-21 05:18:51 - [TEST_STEP][PASSED] - callTestCase(findTestCase("SMS/SMSPlatform"), [:], STOP_ON_FAILURE): Call Test Case 'Test Cases/SMS/SMSPlatform' successfully

2019-04-21 05:18:51 - [TEST_CASE][PASSED] - Test Cases/SMS/SMSPlatform: Test Cases/SMS/SMSPlatform

2019-04-21 05:18:51 - [TEST_STEP][PASSED] - click(findTestObject("Page_KiboEngage  Dashboard/a_SMS (1)")): Object: 'Object Repository/Page_KiboEngage  Dashboard/a_SMS (1)' is clicked on

2019-04-21 05:18:51 - [MESSAGE][PASSED] - Object: 'Object Repository/Page_KiboEngage  Dashboard/a_SMS (1)' is clicked on

2019-04-21 05:18:51 - [TEST_STEP][PASSED] - click(findTestObject("Page_KiboEngage  Dashboard/span_SMS (1)")): Object: 'Object Repository/Page_KiboEngage  Dashboard/span_SMS (1)' is clicked on

2019-04-21 05:18:51 - [MESSAGE][PASSED] - Object: 'Object Repository/Page_KiboEngage  Dashboard/span_SMS (1)' is clicked on

2019-04-21 05:18:51 - [TEST_STEP][PASSED] - delay(1): Delayed 1 second(s)

2019-04-21 05:18:52 - [MESSAGE][PASSED] - Delayed 1 second(s)

2019-04-21 05:18:52 - [MESSAGE][PASSED] - Call Test Case 'Test Cases/SMS/SMSPlatform' successfully

2019-04-21 05:18:52 - [TEST_STEP][PASSED] - click(findTestObject("Page_KiboPush  Dashboard/span_Dashboard")): Object: 'Object Repository/Page_KiboPush  Dashboard/span_Dashboard' is clicked on

2019-04-21 05:18:52 - [MESSAGE][PASSED] - Object: 'Object Repository/Page_KiboPush  Dashboard/span_Dashboard' is clicked on

2019-04-21 05:18:52 - [TEST_STEP][PASSED] - delay(1): Delayed 1 second(s)

2019-04-21 05:18:53 - [MESSAGE][PASSED] - Delayed 1 second(s)

2019-04-21 05:18:53 - [TEST_STEP][PASSED] - click(findTestObject("Object Repository/Page_KiboEngage  Dashboard/span_Upload Contacts")): Object: 'Object Repository/Page_KiboEngage  Dashboard/span_Upload Contacts' is clicked on

2019-04-21 05:18:54 - [MESSAGE][PASSED] - Object: 'Object Repository/Page_KiboEngage  Dashboard/span_Upload Contacts' is clicked on

2019-04-21 05:18:54 - [TEST_STEP][PASSED] - delay(1): Delayed 1 second(s)

2019-04-21 05:18:55 - [MESSAGE][PASSED] - Delayed 1 second(s)

2019-04-21 05:18:55 - [TEST_STEP][PASSED] - click(findTestObject("Object Repository/Page_KiboEngage  Upload Contacts/h3_Upload Contacts (1) (1)")): Object: 'Object Repository/Page_KiboEngage  Upload Contacts/h3_Upload Contacts (1) (1)' is clicked on

2019-04-21 05:18:55 - [MESSAGE][PASSED] - Object: 'Object Repository/Page_KiboEngage  Upload Contacts/h3_Upload Contacts (1) (1)' is clicked on

2019-04-21 05:18:55 - [TEST_STEP][PASSED] - click(findTestObject("Object Repository/Page_KiboEngage  Upload Contacts/button_Enter phone numbers manually")): Object: 'Object Repository/Page_KiboEngage  Upload Contacts/button_Enter phone numbers manually' is clicked on

2019-04-21 05:18:55 - [MESSAGE][PASSED] - Object: 'Object Repository/Page_KiboEngage  Upload Contacts/button_Enter phone numbers manually' is clicked on

2019-04-21 05:18:55 - [TEST_STEP][PASSED] - click(findTestObject("Object Repository/Page_KiboEngage  Upload Contacts/button_Add")): Object: 'Object Repository/Page_KiboEngage  Upload Contacts/button_Add' is clicked on

2019-04-21 05:18:55 - [MESSAGE][PASSED] - Object: 'Object Repository/Page_KiboEngage  Upload Contacts/button_Add' is clicked on

2019-04-21 05:18:55 - [TEST_STEP][PASSED] - click(findTestObject("Object Repository/Page_KiboEngage  Upload Contacts/span_Please fill all the fields")): Object: 'Object Repository/Page_KiboEngage  Upload Contacts/span_Please fill all the fields' is clicked on

2019-04-21 05:18:55 - [MESSAGE][PASSED] - Object: 'Object Repository/Page_KiboEngage  Upload Contacts/span_Please fill all the fields' is clicked on]]></system-out>
         <system-err><![CDATA[]]></system-err>
      </testcase>
      <testcase name="Test Cases/SMS/upload contacts/TC11157" classname="Test Cases/SMS/upload contacts/TC11157" status="PASSED">
         <system-out><![CDATA[2019-04-21 05:18:55 - [TEST_CASE][PASSED] - Test Cases/SMS/upload contacts/TC11157: Test Cases/SMS/upload contacts/TC11157

2019-04-21 05:18:56 - [TEST_STEP][PASSED] - callTestCase(findTestCase("SMS/SMSPlatform"), [:], STOP_ON_FAILURE): Call Test Case 'Test Cases/SMS/SMSPlatform' successfully

2019-04-21 05:18:56 - [TEST_CASE][PASSED] - Test Cases/SMS/SMSPlatform: Test Cases/SMS/SMSPlatform

2019-04-21 05:18:56 - [TEST_STEP][PASSED] - click(findTestObject("Page_KiboEngage  Dashboard/a_SMS (1)")): Object: 'Object Repository/Page_KiboEngage  Dashboard/a_SMS (1)' is clicked on

2019-04-21 05:18:56 - [MESSAGE][PASSED] - Object: 'Object Repository/Page_KiboEngage  Dashboard/a_SMS (1)' is clicked on

2019-04-21 05:18:56 - [TEST_STEP][PASSED] - click(findTestObject("Page_KiboEngage  Dashboard/span_SMS (1)")): Object: 'Object Repository/Page_KiboEngage  Dashboard/span_SMS (1)' is clicked on

2019-04-21 05:18:56 - [MESSAGE][PASSED] - Object: 'Object Repository/Page_KiboEngage  Dashboard/span_SMS (1)' is clicked on

2019-04-21 05:18:56 - [TEST_STEP][PASSED] - delay(1): Delayed 1 second(s)

2019-04-21 05:18:57 - [MESSAGE][PASSED] - Delayed 1 second(s)

2019-04-21 05:18:57 - [MESSAGE][PASSED] - Call Test Case 'Test Cases/SMS/SMSPlatform' successfully

2019-04-21 05:18:57 - [TEST_STEP][PASSED] - click(findTestObject("Page_KiboPush  Dashboard/span_Dashboard")): Object: 'Object Repository/Page_KiboPush  Dashboard/span_Dashboard' is clicked on

2019-04-21 05:18:57 - [MESSAGE][PASSED] - Object: 'Object Repository/Page_KiboPush  Dashboard/span_Dashboard' is clicked on

2019-04-21 05:18:57 - [TEST_STEP][PASSED] - delay(1): Delayed 1 second(s)

2019-04-21 05:18:58 - [MESSAGE][PASSED] - Delayed 1 second(s)

2019-04-21 05:18:58 - [TEST_STEP][PASSED] - click(findTestObject("Object Repository/Page_KiboEngage  Dashboard/span_Upload Contacts")): Object: 'Object Repository/Page_KiboEngage  Dashboard/span_Upload Contacts' is clicked on

2019-04-21 05:18:59 - [MESSAGE][PASSED] - Object: 'Object Repository/Page_KiboEngage  Dashboard/span_Upload Contacts' is clicked on

2019-04-21 05:18:59 - [TEST_STEP][PASSED] - delay(1): Delayed 1 second(s)

2019-04-21 05:19:00 - [MESSAGE][PASSED] - Delayed 1 second(s)

2019-04-21 05:19:00 - [TEST_STEP][PASSED] - click(findTestObject("Object Repository/Page_KiboEngage  Upload Contacts/h3_Upload Contacts (1) (1) (1)")): Object: 'Object Repository/Page_KiboEngage  Upload Contacts/h3_Upload Contacts (1) (1) (1)' is clicked on

2019-04-21 05:19:00 - [MESSAGE][PASSED] - Object: 'Object Repository/Page_KiboEngage  Upload Contacts/h3_Upload Contacts (1) (1) (1)' is clicked on

2019-04-21 05:19:00 - [TEST_STEP][PASSED] - click(findTestObject("Object Repository/Page_KiboEngage  Upload Contacts/button_Enter phone numbers manually (1)")): Object: 'Object Repository/Page_KiboEngage  Upload Contacts/button_Enter phone numbers manually (1)' is clicked on

2019-04-21 05:19:00 - [MESSAGE][PASSED] - Object: 'Object Repository/Page_KiboEngage  Upload Contacts/button_Enter phone numbers manually (1)' is clicked on

2019-04-21 05:19:00 - [TEST_STEP][PASSED] - setText(findTestObject("Page_KiboEngage  Upload Contacts/input_Upload Contacts_form-control m-input"), "+923333739566"): Text '+923333739566' is set on object 'Object Repository/Page_KiboEngage  Upload Contacts/input_Upload Contacts_form-control m-input'

2019-04-21 05:19:01 - [MESSAGE][PASSED] - Text '+923333739566' is set on object 'Object Repository/Page_KiboEngage  Upload Contacts/input_Upload Contacts_form-control m-input'

2019-04-21 05:19:01 - [TEST_STEP][PASSED] - click(findTestObject("Object Repository/Page_KiboEngage  Upload Contacts/button_Add (1)")): Object: 'Object Repository/Page_KiboEngage  Upload Contacts/button_Add (1)' is clicked on

2019-04-21 05:19:01 - [MESSAGE][PASSED] - Object: 'Object Repository/Page_KiboEngage  Upload Contacts/button_Add (1)' is clicked on

2019-04-21 05:19:01 - [TEST_STEP][PASSED] - click(findTestObject("Object Repository/Page_KiboEngage  Upload Contacts/span_Please fill all the fields (1)")): Object: 'Object Repository/Page_KiboEngage  Upload Contacts/span_Please fill all the fields (1)' is clicked on

2019-04-21 05:19:01 - [MESSAGE][PASSED] - Object: 'Object Repository/Page_KiboEngage  Upload Contacts/span_Please fill all the fields (1)' is clicked on]]></system-out>
         <system-err><![CDATA[]]></system-err>
      </testcase>
      <testcase name="Test Cases/SMS/upload contacts/TC11158" classname="Test Cases/SMS/upload contacts/TC11158" status="PASSED">
         <system-out><![CDATA[2019-04-21 05:19:01 - [TEST_CASE][PASSED] - Test Cases/SMS/upload contacts/TC11158: Test Cases/SMS/upload contacts/TC11158

2019-04-21 05:19:01 - [TEST_STEP][PASSED] - callTestCase(findTestCase("SMS/SMSPlatform"), [:], STOP_ON_FAILURE): Call Test Case 'Test Cases/SMS/SMSPlatform' successfully

2019-04-21 05:19:01 - [TEST_CASE][PASSED] - Test Cases/SMS/SMSPlatform: Test Cases/SMS/SMSPlatform

2019-04-21 05:19:01 - [TEST_STEP][PASSED] - click(findTestObject("Page_KiboEngage  Dashboard/a_SMS (1)")): Object: 'Object Repository/Page_KiboEngage  Dashboard/a_SMS (1)' is clicked on

2019-04-21 05:19:01 - [MESSAGE][PASSED] - Object: 'Object Repository/Page_KiboEngage  Dashboard/a_SMS (1)' is clicked on

2019-04-21 05:19:01 - [TEST_STEP][PASSED] - click(findTestObject("Page_KiboEngage  Dashboard/span_SMS (1)")): Object: 'Object Repository/Page_KiboEngage  Dashboard/span_SMS (1)' is clicked on

2019-04-21 05:19:01 - [MESSAGE][PASSED] - Object: 'Object Repository/Page_KiboEngage  Dashboard/span_SMS (1)' is clicked on

2019-04-21 05:19:01 - [TEST_STEP][PASSED] - delay(1): Delayed 1 second(s)

2019-04-21 05:19:02 - [MESSAGE][PASSED] - Delayed 1 second(s)

2019-04-21 05:19:02 - [MESSAGE][PASSED] - Call Test Case 'Test Cases/SMS/SMSPlatform' successfully

2019-04-21 05:19:02 - [TEST_STEP][PASSED] - click(findTestObject("Page_KiboPush  Dashboard/span_Dashboard")): Object: 'Object Repository/Page_KiboPush  Dashboard/span_Dashboard' is clicked on

2019-04-21 05:19:03 - [MESSAGE][PASSED] - Object: 'Object Repository/Page_KiboPush  Dashboard/span_Dashboard' is clicked on

2019-04-21 05:19:03 - [TEST_STEP][PASSED] - delay(1): Delayed 1 second(s)

2019-04-21 05:19:04 - [MESSAGE][PASSED] - Delayed 1 second(s)

2019-04-21 05:19:04 - [TEST_STEP][PASSED] - click(findTestObject("Object Repository/Page_KiboEngage  Dashboard/span_Upload Contacts")): Object: 'Object Repository/Page_KiboEngage  Dashboard/span_Upload Contacts' is clicked on

2019-04-21 05:19:04 - [MESSAGE][PASSED] - Object: 'Object Repository/Page_KiboEngage  Dashboard/span_Upload Contacts' is clicked on

2019-04-21 05:19:04 - [TEST_STEP][PASSED] - delay(1): Delayed 1 second(s)

2019-04-21 05:19:05 - [MESSAGE][PASSED] - Delayed 1 second(s)

2019-04-21 05:19:05 - [TEST_STEP][PASSED] - click(findTestObject("Page_KiboEngage  Upload Contacts/h3_Upload Contacts (1) (1) (1) (1)")): Object: 'Object Repository/Page_KiboEngage  Upload Contacts/h3_Upload Contacts (1) (1) (1) (1)' is clicked on

2019-04-21 05:19:05 - [MESSAGE][PASSED] - Object: 'Object Repository/Page_KiboEngage  Upload Contacts/h3_Upload Contacts (1) (1) (1) (1)' is clicked on

2019-04-21 05:19:05 - [TEST_STEP][PASSED] - click(findTestObject("Page_KiboEngage  Upload Contacts/button_Enter phone numbers manually (1) (1)")): Object: 'Object Repository/Page_KiboEngage  Upload Contacts/button_Enter phone numbers manually (1) (1)' is clicked on

2019-04-21 05:19:05 - [MESSAGE][PASSED] - Object: 'Object Repository/Page_KiboEngage  Upload Contacts/button_Enter phone numbers manually (1) (1)' is clicked on

2019-04-21 05:19:05 - [TEST_STEP][PASSED] - click(findTestObject("Page_KiboEngage  Upload Contacts/button_Add (1) (1)")): Object: 'Object Repository/Page_KiboEngage  Upload Contacts/button_Add (1) (1)' is clicked on

2019-04-21 05:19:05 - [MESSAGE][PASSED] - Object: 'Object Repository/Page_KiboEngage  Upload Contacts/button_Add (1) (1)' is clicked on

2019-04-21 05:19:05 - [TEST_STEP][PASSED] - click(findTestObject("Page_KiboEngage  Upload Contacts/span_Please fill all the fields (1) (1)")): Object: 'Object Repository/Page_KiboEngage  Upload Contacts/span_Please fill all the fields (1) (1)' is clicked on

2019-04-21 05:19:06 - [MESSAGE][PASSED] - Object: 'Object Repository/Page_KiboEngage  Upload Contacts/span_Please fill all the fields (1) (1)' is clicked on

2019-04-21 05:19:06 - [TEST_STEP][PASSED] - setText(findTestObject("Page_KiboEngage  Upload Contacts/input_Upload Contacts_form-control m-input (1)"), "Faizan"): Text 'Faizan' is set on object 'Object Repository/Page_KiboEngage  Upload Contacts/input_Upload Contacts_form-control m-input (1)'

2019-04-21 05:19:06 - [MESSAGE][PASSED] - Text 'Faizan' is set on object 'Object Repository/Page_KiboEngage  Upload Contacts/input_Upload Contacts_form-control m-input (1)'

2019-04-21 05:19:06 - [TEST_STEP][PASSED] - click(findTestObject("Page_KiboEngage  Upload Contacts/button_Add (2)")): Object: 'Object Repository/Page_KiboEngage  Upload Contacts/button_Add (2)' is clicked on

2019-04-21 05:19:06 - [MESSAGE][PASSED] - Object: 'Object Repository/Page_KiboEngage  Upload Contacts/button_Add (2)' is clicked on

2019-04-21 05:19:06 - [TEST_STEP][PASSED] - click(findTestObject("Page_KiboEngage  Upload Contacts/span_Please fill all the fields (2)")): Object: 'Object Repository/Page_KiboEngage  Upload Contacts/span_Please fill all the fields (2)' is clicked on

2019-04-21 05:19:06 - [MESSAGE][PASSED] - Object: 'Object Repository/Page_KiboEngage  Upload Contacts/span_Please fill all the fields (2)' is clicked on]]></system-out>
         <system-err><![CDATA[]]></system-err>
      </testcase>
      <testcase name="Test Cases/SMS/upload contacts/TC11159" classname="Test Cases/SMS/upload contacts/TC11159" status="PASSED">
         <system-out><![CDATA[2019-04-21 05:19:06 - [TEST_CASE][PASSED] - Test Cases/SMS/upload contacts/TC11159: Test Cases/SMS/upload contacts/TC11159

2019-04-21 05:19:06 - [TEST_STEP][PASSED] - callTestCase(findTestCase("SMS/SMSPlatform"), [:], STOP_ON_FAILURE): Call Test Case 'Test Cases/SMS/SMSPlatform' successfully

2019-04-21 05:19:06 - [TEST_CASE][PASSED] - Test Cases/SMS/SMSPlatform: Test Cases/SMS/SMSPlatform

2019-04-21 05:19:06 - [TEST_STEP][PASSED] - click(findTestObject("Page_KiboEngage  Dashboard/a_SMS (1)")): Object: 'Object Repository/Page_KiboEngage  Dashboard/a_SMS (1)' is clicked on

2019-04-21 05:19:06 - [MESSAGE][PASSED] - Object: 'Object Repository/Page_KiboEngage  Dashboard/a_SMS (1)' is clicked on

2019-04-21 05:19:06 - [TEST_STEP][PASSED] - click(findTestObject("Page_KiboEngage  Dashboard/span_SMS (1)")): Object: 'Object Repository/Page_KiboEngage  Dashboard/span_SMS (1)' is clicked on

2019-04-21 05:19:07 - [MESSAGE][PASSED] - Object: 'Object Repository/Page_KiboEngage  Dashboard/span_SMS (1)' is clicked on

2019-04-21 05:19:07 - [TEST_STEP][PASSED] - delay(1): Delayed 1 second(s)

2019-04-21 05:19:08 - [MESSAGE][PASSED] - Delayed 1 second(s)

2019-04-21 05:19:08 - [MESSAGE][PASSED] - Call Test Case 'Test Cases/SMS/SMSPlatform' successfully

2019-04-21 05:19:08 - [TEST_STEP][PASSED] - click(findTestObject("Page_KiboPush  Dashboard/span_Dashboard")): Object: 'Object Repository/Page_KiboPush  Dashboard/span_Dashboard' is clicked on

2019-04-21 05:19:08 - [MESSAGE][PASSED] - Object: 'Object Repository/Page_KiboPush  Dashboard/span_Dashboard' is clicked on

2019-04-21 05:19:08 - [TEST_STEP][PASSED] - delay(1): Delayed 1 second(s)

2019-04-21 05:19:09 - [MESSAGE][PASSED] - Delayed 1 second(s)

2019-04-21 05:19:09 - [TEST_STEP][PASSED] - click(findTestObject("Object Repository/Page_KiboEngage  Dashboard/span_Upload Contacts")): Object: 'Object Repository/Page_KiboEngage  Dashboard/span_Upload Contacts' is clicked on

2019-04-21 05:19:10 - [MESSAGE][PASSED] - Object: 'Object Repository/Page_KiboEngage  Dashboard/span_Upload Contacts' is clicked on

2019-04-21 05:19:10 - [TEST_STEP][PASSED] - delay(1): Delayed 1 second(s)

2019-04-21 05:19:11 - [MESSAGE][PASSED] - Delayed 1 second(s)

2019-04-21 05:19:11 - [TEST_STEP][PASSED] - click(findTestObject("Object Repository/Page_KiboEngage  Upload Contacts/h3_Upload Contacts (1) (1) (1) (1) (1)")): Object: 'Object Repository/Page_KiboEngage  Upload Contacts/h3_Upload Contacts (1) (1) (1) (1) (1)' is clicked on

2019-04-21 05:19:11 - [MESSAGE][PASSED] - Object: 'Object Repository/Page_KiboEngage  Upload Contacts/h3_Upload Contacts (1) (1) (1) (1) (1)' is clicked on

2019-04-21 05:19:11 - [TEST_STEP][PASSED] - click(findTestObject("Object Repository/Page_KiboEngage  Upload Contacts/button_Enter phone numbers manually (1) (1) (1)")): Object: 'Object Repository/Page_KiboEngage  Upload Contacts/button_Enter phone numbers manually (1) (1) (1)' is clicked on

2019-04-21 05:19:11 - [MESSAGE][PASSED] - Object: 'Object Repository/Page_KiboEngage  Upload Contacts/button_Enter phone numbers manually (1) (1) (1)' is clicked on

2019-04-21 05:19:11 - [TEST_STEP][PASSED] - click(findTestObject("Object Repository/Page_KiboEngage  Upload Contacts/button_Add (1) (1) (1)")): Object: 'Object Repository/Page_KiboEngage  Upload Contacts/button_Add (1) (1) (1)' is clicked on

2019-04-21 05:19:11 - [MESSAGE][PASSED] - Object: 'Object Repository/Page_KiboEngage  Upload Contacts/button_Add (1) (1) (1)' is clicked on

2019-04-21 05:19:11 - [TEST_STEP][PASSED] - click(findTestObject("Object Repository/Page_KiboEngage  Upload Contacts/span_Please fill all the fields (1) (1) (1)")): Object: 'Object Repository/Page_KiboEngage  Upload Contacts/span_Please fill all the fields (1) (1) (1)' is clicked on

2019-04-21 05:19:11 - [MESSAGE][PASSED] - Object: 'Object Repository/Page_KiboEngage  Upload Contacts/span_Please fill all the fields (1) (1) (1)' is clicked on

2019-04-21 05:19:11 - [TEST_STEP][PASSED] - setText(findTestObject("Object Repository/Page_KiboEngage  Upload Contacts/input_Upload Contacts_form-control m-input (1) (1)"), "Faizan"): Text 'Faizan' is set on object 'Object Repository/Page_KiboEngage  Upload Contacts/input_Upload Contacts_form-control m-input (1) (1)'

2019-04-21 05:19:11 - [MESSAGE][PASSED] - Text 'Faizan' is set on object 'Object Repository/Page_KiboEngage  Upload Contacts/input_Upload Contacts_form-control m-input (1) (1)'

2019-04-21 05:19:11 - [TEST_STEP][PASSED] - setText(findTestObject("Object Repository/Page_KiboEngage  Upload Contacts/input_Upload Contacts_form-control m-input (2)"), "923333739566"): Text '923333739566' is set on object 'Object Repository/Page_KiboEngage  Upload Contacts/input_Upload Contacts_form-control m-input (2)'

2019-04-21 05:19:12 - [MESSAGE][PASSED] - Text '923333739566' is set on object 'Object Repository/Page_KiboEngage  Upload Contacts/input_Upload Contacts_form-control m-input (2)'

2019-04-21 05:19:12 - [TEST_STEP][PASSED] - click(findTestObject("Object Repository/Page_KiboEngage  Upload Contacts/button_Add (2) (1)")): Object: 'Object Repository/Page_KiboEngage  Upload Contacts/button_Add (2) (1)' is clicked on

2019-04-21 05:19:12 - [MESSAGE][PASSED] - Object: 'Object Repository/Page_KiboEngage  Upload Contacts/button_Add (2) (1)' is clicked on

2019-04-21 05:19:12 - [TEST_STEP][PASSED] - click(findTestObject("Object Repository/Page_KiboEngage  Upload Contacts/span_This number is invalid Please enter a valid number")): Object: 'Object Repository/Page_KiboEngage  Upload Contacts/span_This number is invalid Please enter a valid number' is clicked on

2019-04-21 05:19:12 - [MESSAGE][PASSED] - Object: 'Object Repository/Page_KiboEngage  Upload Contacts/span_This number is invalid Please enter a valid number' is clicked on]]></system-out>
         <system-err><![CDATA[]]></system-err>
      </testcase>
      <testcase name="Test Cases/SMS/upload contacts/TC11160" classname="Test Cases/SMS/upload contacts/TC11160" status="PASSED">
         <system-out><![CDATA[2019-04-21 05:19:12 - [TEST_CASE][PASSED] - Test Cases/SMS/upload contacts/TC11160: Test Cases/SMS/upload contacts/TC11160

2019-04-21 05:19:12 - [TEST_STEP][PASSED] - callTestCase(findTestCase("SMS/SMSPlatform"), [:], STOP_ON_FAILURE): Call Test Case 'Test Cases/SMS/SMSPlatform' successfully

2019-04-21 05:19:12 - [TEST_CASE][PASSED] - Test Cases/SMS/SMSPlatform: Test Cases/SMS/SMSPlatform

2019-04-21 05:19:12 - [TEST_STEP][PASSED] - click(findTestObject("Page_KiboEngage  Dashboard/a_SMS (1)")): Object: 'Object Repository/Page_KiboEngage  Dashboard/a_SMS (1)' is clicked on

2019-04-21 05:19:12 - [MESSAGE][PASSED] - Object: 'Object Repository/Page_KiboEngage  Dashboard/a_SMS (1)' is clicked on

2019-04-21 05:19:12 - [TEST_STEP][PASSED] - click(findTestObject("Page_KiboEngage  Dashboard/span_SMS (1)")): Object: 'Object Repository/Page_KiboEngage  Dashboard/span_SMS (1)' is clicked on

2019-04-21 05:19:12 - [MESSAGE][PASSED] - Object: 'Object Repository/Page_KiboEngage  Dashboard/span_SMS (1)' is clicked on

2019-04-21 05:19:12 - [TEST_STEP][PASSED] - delay(1): Delayed 1 second(s)

2019-04-21 05:19:13 - [MESSAGE][PASSED] - Delayed 1 second(s)

2019-04-21 05:19:13 - [MESSAGE][PASSED] - Call Test Case 'Test Cases/SMS/SMSPlatform' successfully

2019-04-21 05:19:13 - [TEST_STEP][PASSED] - click(findTestObject("Page_KiboPush  Dashboard/span_Dashboard")): Object: 'Object Repository/Page_KiboPush  Dashboard/span_Dashboard' is clicked on

2019-04-21 05:19:14 - [MESSAGE][PASSED] - Object: 'Object Repository/Page_KiboPush  Dashboard/span_Dashboard' is clicked on

2019-04-21 05:19:14 - [TEST_STEP][PASSED] - delay(1): Delayed 1 second(s)

2019-04-21 05:19:15 - [MESSAGE][PASSED] - Delayed 1 second(s)

2019-04-21 05:19:15 - [TEST_STEP][PASSED] - click(findTestObject("Object Repository/Page_KiboEngage  Dashboard/span_Upload Contacts")): Object: 'Object Repository/Page_KiboEngage  Dashboard/span_Upload Contacts' is clicked on

2019-04-21 05:19:15 - [MESSAGE][PASSED] - Object: 'Object Repository/Page_KiboEngage  Dashboard/span_Upload Contacts' is clicked on

2019-04-21 05:19:15 - [TEST_STEP][PASSED] - delay(1): Delayed 1 second(s)

2019-04-21 05:19:16 - [MESSAGE][PASSED] - Delayed 1 second(s)

2019-04-21 05:19:16 - [TEST_STEP][PASSED] - click(findTestObject("Object Repository/Page_KiboEngage  Upload Contacts/h3_Upload Contacts (1) (1) (1) (1) (1) (1)")): Object: 'Object Repository/Page_KiboEngage  Upload Contacts/h3_Upload Contacts (1) (1) (1) (1) (1) (1)' is clicked on

2019-04-21 05:19:17 - [MESSAGE][PASSED] - Object: 'Object Repository/Page_KiboEngage  Upload Contacts/h3_Upload Contacts (1) (1) (1) (1) (1) (1)' is clicked on

2019-04-21 05:19:17 - [TEST_STEP][PASSED] - click(findTestObject("Object Repository/Page_KiboEngage  Upload Contacts/button_Enter phone numbers manually (1) (1) (1) (1)")): Object: 'Object Repository/Page_KiboEngage  Upload Contacts/button_Enter phone numbers manually (1) (1) (1) (1)' is clicked on

2019-04-21 05:19:17 - [MESSAGE][PASSED] - Object: 'Object Repository/Page_KiboEngage  Upload Contacts/button_Enter phone numbers manually (1) (1) (1) (1)' is clicked on

2019-04-21 05:19:17 - [TEST_STEP][PASSED] - click(findTestObject("Object Repository/Page_KiboEngage  Upload Contacts/button_Add (1) (1) (1) (1)")): Object: 'Object Repository/Page_KiboEngage  Upload Contacts/button_Add (1) (1) (1) (1)' is clicked on

2019-04-21 05:19:17 - [MESSAGE][PASSED] - Object: 'Object Repository/Page_KiboEngage  Upload Contacts/button_Add (1) (1) (1) (1)' is clicked on

2019-04-21 05:19:17 - [TEST_STEP][PASSED] - click(findTestObject("Object Repository/Page_KiboEngage  Upload Contacts/span_Please fill all the fields (1) (1) (1) (1)")): Object: 'Object Repository/Page_KiboEngage  Upload Contacts/span_Please fill all the fields (1) (1) (1) (1)' is clicked on

2019-04-21 05:19:17 - [MESSAGE][PASSED] - Object: 'Object Repository/Page_KiboEngage  Upload Contacts/span_Please fill all the fields (1) (1) (1) (1)' is clicked on

2019-04-21 05:19:17 - [TEST_STEP][PASSED] - setText(findTestObject("Object Repository/Page_KiboEngage  Upload Contacts/input_Upload Contacts_form-control m-input (1) (1) (1)"), "Faizan"): Text 'Faizan' is set on object 'Object Repository/Page_KiboEngage  Upload Contacts/input_Upload Contacts_form-control m-input (1) (1) (1)'

2019-04-21 05:19:18 - [MESSAGE][PASSED] - Text 'Faizan' is set on object 'Object Repository/Page_KiboEngage  Upload Contacts/input_Upload Contacts_form-control m-input (1) (1) (1)'

2019-04-21 05:19:18 - [TEST_STEP][PASSED] - setText(findTestObject("Object Repository/Page_KiboEngage  Upload Contacts/input_Upload Contacts_form-control m-input (2) (1)"), "+923333739566"): Text '+923333739566' is set on object 'Object Repository/Page_KiboEngage  Upload Contacts/input_Upload Contacts_form-control m-input (2) (1)'

2019-04-21 05:19:18 - [MESSAGE][PASSED] - Text '+923333739566' is set on object 'Object Repository/Page_KiboEngage  Upload Contacts/input_Upload Contacts_form-control m-input (2) (1)'

2019-04-21 05:19:18 - [TEST_STEP][PASSED] - click(findTestObject("Object Repository/Page_KiboEngage  Upload Contacts/button_Add (2) (1) (1)")): Object: 'Object Repository/Page_KiboEngage  Upload Contacts/button_Add (2) (1) (1)' is clicked on

2019-04-21 05:19:18 - [MESSAGE][PASSED] - Object: 'Object Repository/Page_KiboEngage  Upload Contacts/button_Add (2) (1) (1)' is clicked on

2019-04-21 05:19:18 - [TEST_STEP][PASSED] - click(findTestObject("Object Repository/Page_KiboEngage  Upload Contacts/button_Submit (1)")): Object: 'Object Repository/Page_KiboEngage  Upload Contacts/button_Submit (1)' is clicked on

2019-04-21 05:19:18 - [MESSAGE][PASSED] - Object: 'Object Repository/Page_KiboEngage  Upload Contacts/button_Submit (1)' is clicked on

2019-04-21 05:19:18 - [TEST_STEP][PASSED] - click(findTestObject("Object Repository/Page_KiboEngage  Upload Contacts/div_Contacts saved successfully")): Object: 'Object Repository/Page_KiboEngage  Upload Contacts/div_Contacts saved successfully' is clicked on

2019-04-21 05:19:19 - [MESSAGE][PASSED] - Object: 'Object Repository/Page_KiboEngage  Upload Contacts/div_Contacts saved successfully' is clicked on]]></system-out>
         <system-err><![CDATA[]]></system-err>
      </testcase>
      <testcase name="Test Cases/SMS/upload contacts/TC11161" classname="Test Cases/SMS/upload contacts/TC11161" status="PASSED">
         <system-out><![CDATA[2019-04-21 05:19:19 - [TEST_CASE][PASSED] - Test Cases/SMS/upload contacts/TC11161: Test Cases/SMS/upload contacts/TC11161

2019-04-21 05:19:19 - [TEST_STEP][PASSED] - callTestCase(findTestCase("SMS/SMSPlatform"), [:], STOP_ON_FAILURE): Call Test Case 'Test Cases/SMS/SMSPlatform' successfully

2019-04-21 05:19:19 - [TEST_CASE][PASSED] - Test Cases/SMS/SMSPlatform: Test Cases/SMS/SMSPlatform

2019-04-21 05:19:19 - [TEST_STEP][PASSED] - click(findTestObject("Page_KiboEngage  Dashboard/a_SMS (1)")): Object: 'Object Repository/Page_KiboEngage  Dashboard/a_SMS (1)' is clicked on

2019-04-21 05:19:19 - [MESSAGE][PASSED] - Object: 'Object Repository/Page_KiboEngage  Dashboard/a_SMS (1)' is clicked on

2019-04-21 05:19:19 - [TEST_STEP][PASSED] - click(findTestObject("Page_KiboEngage  Dashboard/span_SMS (1)")): Object: 'Object Repository/Page_KiboEngage  Dashboard/span_SMS (1)' is clicked on

2019-04-21 05:19:19 - [MESSAGE][PASSED] - Object: 'Object Repository/Page_KiboEngage  Dashboard/span_SMS (1)' is clicked on

2019-04-21 05:19:19 - [TEST_STEP][PASSED] - delay(1): Delayed 1 second(s)

2019-04-21 05:19:20 - [MESSAGE][PASSED] - Delayed 1 second(s)

2019-04-21 05:19:20 - [MESSAGE][PASSED] - Call Test Case 'Test Cases/SMS/SMSPlatform' successfully

2019-04-21 05:19:20 - [TEST_STEP][PASSED] - click(findTestObject("Page_KiboPush  Dashboard/span_Dashboard")): Object: 'Object Repository/Page_KiboPush  Dashboard/span_Dashboard' is clicked on

2019-04-21 05:19:21 - [MESSAGE][PASSED] - Object: 'Object Repository/Page_KiboPush  Dashboard/span_Dashboard' is clicked on

2019-04-21 05:19:21 - [TEST_STEP][PASSED] - delay(1): Delayed 1 second(s)

2019-04-21 05:19:22 - [MESSAGE][PASSED] - Delayed 1 second(s)

2019-04-21 05:19:22 - [TEST_STEP][PASSED] - click(findTestObject("Object Repository/Page_KiboEngage  Dashboard/span_Upload Contacts")): Object: 'Object Repository/Page_KiboEngage  Dashboard/span_Upload Contacts' is clicked on

2019-04-21 05:19:22 - [MESSAGE][PASSED] - Object: 'Object Repository/Page_KiboEngage  Dashboard/span_Upload Contacts' is clicked on

2019-04-21 05:19:22 - [TEST_STEP][PASSED] - delay(1): Delayed 1 second(s)

2019-04-21 05:19:23 - [MESSAGE][PASSED] - Delayed 1 second(s)

2019-04-21 05:19:23 - [TEST_STEP][PASSED] - click(findTestObject("Object Repository/Page_KiboEngage  Upload Contacts/h3_Upload Contacts (1) (1) (1) (1) (1) (1) (1)")): Object: 'Object Repository/Page_KiboEngage  Upload Contacts/h3_Upload Contacts (1) (1) (1) (1) (1) (1) (1)' is clicked on

2019-04-21 05:19:23 - [MESSAGE][PASSED] - Object: 'Object Repository/Page_KiboEngage  Upload Contacts/h3_Upload Contacts (1) (1) (1) (1) (1) (1) (1)' is clicked on

2019-04-21 05:19:23 - [TEST_STEP][PASSED] - click(findTestObject("Object Repository/Page_KiboEngage  Upload Contacts/button_Enter phone numbers manually (1) (1) (1) (1) (1)")): Object: 'Object Repository/Page_KiboEngage  Upload Contacts/button_Enter phone numbers manually (1) (1) (1) (1) (1)' is clicked on

2019-04-21 05:19:23 - [MESSAGE][PASSED] - Object: 'Object Repository/Page_KiboEngage  Upload Contacts/button_Enter phone numbers manually (1) (1) (1) (1) (1)' is clicked on

2019-04-21 05:19:23 - [TEST_STEP][PASSED] - click(findTestObject("Object Repository/Page_KiboEngage  Upload Contacts/button_Add (1) (1) (1) (1) (1)")): Object: 'Object Repository/Page_KiboEngage  Upload Contacts/button_Add (1) (1) (1) (1) (1)' is clicked on

2019-04-21 05:19:23 - [MESSAGE][PASSED] - Object: 'Object Repository/Page_KiboEngage  Upload Contacts/button_Add (1) (1) (1) (1) (1)' is clicked on

2019-04-21 05:19:23 - [TEST_STEP][PASSED] - click(findTestObject("Object Repository/Page_KiboEngage  Upload Contacts/span_Please fill all the fields (1) (1) (1) (1) (1)")): Object: 'Object Repository/Page_KiboEngage  Upload Contacts/span_Please fill all the fields (1) (1) (1) (1) (1)' is clicked on

2019-04-21 05:19:24 - [MESSAGE][PASSED] - Object: 'Object Repository/Page_KiboEngage  Upload Contacts/span_Please fill all the fields (1) (1) (1) (1) (1)' is clicked on

2019-04-21 05:19:24 - [TEST_STEP][PASSED] - setText(findTestObject("Object Repository/Page_KiboEngage  Upload Contacts/input_Upload Contacts_form-control m-input (1) (1) (1) (1)"), "Faizan"): Text 'Faizan' is set on object 'Object Repository/Page_KiboEngage  Upload Contacts/input_Upload Contacts_form-control m-input (1) (1) (1) (1)'

2019-04-21 05:19:24 - [MESSAGE][PASSED] - Text 'Faizan' is set on object 'Object Repository/Page_KiboEngage  Upload Contacts/input_Upload Contacts_form-control m-input (1) (1) (1) (1)'

2019-04-21 05:19:24 - [TEST_STEP][PASSED] - setText(findTestObject("Object Repository/Page_KiboEngage  Upload Contacts/input_Upload Contacts_form-control m-input (2) (1) (1)"), "+923333739566"): Text '+923333739566' is set on object 'Object Repository/Page_KiboEngage  Upload Contacts/input_Upload Contacts_form-control m-input (2) (1) (1)'

2019-04-21 05:19:24 - [MESSAGE][PASSED] - Text '+923333739566' is set on object 'Object Repository/Page_KiboEngage  Upload Contacts/input_Upload Contacts_form-control m-input (2) (1) (1)'

2019-04-21 05:19:24 - [TEST_STEP][PASSED] - click(findTestObject("Object Repository/Page_KiboEngage  Upload Contacts/button_Add (2) (1) (1) (1)")): Object: 'Object Repository/Page_KiboEngage  Upload Contacts/button_Add (2) (1) (1) (1)' is clicked on

2019-04-21 05:19:24 - [MESSAGE][PASSED] - Object: 'Object Repository/Page_KiboEngage  Upload Contacts/button_Add (2) (1) (1) (1)' is clicked on

2019-04-21 05:19:24 - [TEST_STEP][PASSED] - setText(findTestObject("Object Repository/Page_KiboEngage  Upload Contacts/input_Upload Contacts_form-control m-input (1) (1) (1) (1)"), "Faizan"): Text 'Faizan' is set on object 'Object Repository/Page_KiboEngage  Upload Contacts/input_Upload Contacts_form-control m-input (1) (1) (1) (1)'

2019-04-21 05:19:24 - [MESSAGE][PASSED] - Text 'Faizan' is set on object 'Object Repository/Page_KiboEngage  Upload Contacts/input_Upload Contacts_form-control m-input (1) (1) (1) (1)'

2019-04-21 05:19:24 - [TEST_STEP][PASSED] - setText(findTestObject("Object Repository/Page_KiboEngage  Upload Contacts/input_Upload Contacts_form-control m-input (2) (1) (1)"), "+923333739566"): Text '+923333739566' is set on object 'Object Repository/Page_KiboEngage  Upload Contacts/input_Upload Contacts_form-control m-input (2) (1) (1)'

2019-04-21 05:19:25 - [MESSAGE][PASSED] - Text '+923333739566' is set on object 'Object Repository/Page_KiboEngage  Upload Contacts/input_Upload Contacts_form-control m-input (2) (1) (1)'

2019-04-21 05:19:25 - [TEST_STEP][PASSED] - click(findTestObject("Object Repository/Page_KiboEngage  Upload Contacts/button_Add (2) (1) (1) (1)")): Object: 'Object Repository/Page_KiboEngage  Upload Contacts/button_Add (2) (1) (1) (1)' is clicked on

2019-04-21 05:19:25 - [MESSAGE][PASSED] - Object: 'Object Repository/Page_KiboEngage  Upload Contacts/button_Add (2) (1) (1) (1)' is clicked on

2019-04-21 05:19:25 - [TEST_STEP][PASSED] - click(findTestObject("Object Repository/Page_KiboEngage  Upload Contacts/span_This number is already added")): Object: 'Object Repository/Page_KiboEngage  Upload Contacts/span_This number is already added' is clicked on

2019-04-21 05:19:25 - [MESSAGE][PASSED] - Object: 'Object Repository/Page_KiboEngage  Upload Contacts/span_This number is already added' is clicked on]]></system-out>
         <system-err><![CDATA[]]></system-err>
      </testcase>
      <testcase name="Test Cases/SMS/upload contacts/TC11162" classname="Test Cases/SMS/upload contacts/TC11162" status="PASSED">
         <system-out><![CDATA[2019-04-21 05:19:25 - [TEST_CASE][PASSED] - Test Cases/SMS/upload contacts/TC11162: Test Cases/SMS/upload contacts/TC11162

2019-04-21 05:19:25 - [TEST_STEP][PASSED] - callTestCase(findTestCase("SMS/SMSPlatform"), [:], STOP_ON_FAILURE): Call Test Case 'Test Cases/SMS/SMSPlatform' successfully

2019-04-21 05:19:25 - [TEST_CASE][PASSED] - Test Cases/SMS/SMSPlatform: Test Cases/SMS/SMSPlatform

2019-04-21 05:19:25 - [TEST_STEP][PASSED] - click(findTestObject("Page_KiboEngage  Dashboard/a_SMS (1)")): Object: 'Object Repository/Page_KiboEngage  Dashboard/a_SMS (1)' is clicked on

2019-04-21 05:19:25 - [MESSAGE][PASSED] - Object: 'Object Repository/Page_KiboEngage  Dashboard/a_SMS (1)' is clicked on

2019-04-21 05:19:25 - [TEST_STEP][PASSED] - click(findTestObject("Page_KiboEngage  Dashboard/span_SMS (1)")): Object: 'Object Repository/Page_KiboEngage  Dashboard/span_SMS (1)' is clicked on

2019-04-21 05:19:25 - [MESSAGE][PASSED] - Object: 'Object Repository/Page_KiboEngage  Dashboard/span_SMS (1)' is clicked on

2019-04-21 05:19:25 - [TEST_STEP][PASSED] - delay(1): Delayed 1 second(s)

2019-04-21 05:19:26 - [MESSAGE][PASSED] - Delayed 1 second(s)

2019-04-21 05:19:26 - [MESSAGE][PASSED] - Call Test Case 'Test Cases/SMS/SMSPlatform' successfully

2019-04-21 05:19:26 - [TEST_STEP][PASSED] - click(findTestObject("Page_KiboPush  Dashboard/span_Dashboard")): Object: 'Object Repository/Page_KiboPush  Dashboard/span_Dashboard' is clicked on

2019-04-21 05:19:27 - [MESSAGE][PASSED] - Object: 'Object Repository/Page_KiboPush  Dashboard/span_Dashboard' is clicked on

2019-04-21 05:19:27 - [TEST_STEP][PASSED] - delay(1): Delayed 1 second(s)

2019-04-21 05:19:28 - [MESSAGE][PASSED] - Delayed 1 second(s)

2019-04-21 05:19:28 - [TEST_STEP][PASSED] - click(findTestObject("Object Repository/Page_KiboEngage  Dashboard/span_Upload Contacts")): Object: 'Object Repository/Page_KiboEngage  Dashboard/span_Upload Contacts' is clicked on

2019-04-21 05:19:28 - [MESSAGE][PASSED] - Object: 'Object Repository/Page_KiboEngage  Dashboard/span_Upload Contacts' is clicked on

2019-04-21 05:19:28 - [TEST_STEP][PASSED] - delay(1): Delayed 1 second(s)

2019-04-21 05:19:29 - [MESSAGE][PASSED] - Delayed 1 second(s)

2019-04-21 05:19:29 - [TEST_STEP][PASSED] - click(findTestObject("Object Repository/Page_KiboEngage  Upload Contacts/h3_Upload Contacts (1) (1) (1) (1) (1) (1) (1) (1)")): Object: 'Object Repository/Page_KiboEngage  Upload Contacts/h3_Upload Contacts (1) (1) (1) (1) (1) (1) (1) (1)' is clicked on

2019-04-21 05:19:29 - [MESSAGE][PASSED] - Object: 'Object Repository/Page_KiboEngage  Upload Contacts/h3_Upload Contacts (1) (1) (1) (1) (1) (1) (1) (1)' is clicked on

2019-04-21 05:19:29 - [TEST_STEP][PASSED] - click(findTestObject("Object Repository/Page_KiboEngage  Upload Contacts/button_Enter phone numbers manually (1) (1) (1) (1) (1) (1)")): Object: 'Object Repository/Page_KiboEngage  Upload Contacts/button_Enter phone numbers manually (1) (1) (1) (1) (1) (1)' is clicked on

2019-04-21 05:19:29 - [MESSAGE][PASSED] - Object: 'Object Repository/Page_KiboEngage  Upload Contacts/button_Enter phone numbers manually (1) (1) (1) (1) (1) (1)' is clicked on

2019-04-21 05:19:29 - [TEST_STEP][PASSED] - click(findTestObject("Object Repository/Page_KiboEngage  Upload Contacts/button_Back")): Object: 'Object Repository/Page_KiboEngage  Upload Contacts/button_Back' is clicked on

2019-04-21 05:19:30 - [MESSAGE][PASSED] - Object: 'Object Repository/Page_KiboEngage  Upload Contacts/button_Back' is clicked on]]></system-out>
         <system-err><![CDATA[]]></system-err>
      </testcase>
      <testcase name="Test Cases/SMS/upload contacts/TC11163" classname="Test Cases/SMS/upload contacts/TC11163" status="PASSED">
         <system-out><![CDATA[2019-04-21 05:19:30 - [TEST_CASE][PASSED] - Test Cases/SMS/upload contacts/TC11163: Test Cases/SMS/upload contacts/TC11163

2019-04-21 05:19:30 - [TEST_STEP][PASSED] - callTestCase(findTestCase("SMS/SMSPlatform"), [:], STOP_ON_FAILURE): Call Test Case 'Test Cases/SMS/SMSPlatform' successfully

2019-04-21 05:19:30 - [TEST_CASE][PASSED] - Test Cases/SMS/SMSPlatform: Test Cases/SMS/SMSPlatform

2019-04-21 05:19:30 - [TEST_STEP][PASSED] - click(findTestObject("Page_KiboEngage  Dashboard/a_SMS (1)")): Object: 'Object Repository/Page_KiboEngage  Dashboard/a_SMS (1)' is clicked on

2019-04-21 05:19:30 - [MESSAGE][PASSED] - Object: 'Object Repository/Page_KiboEngage  Dashboard/a_SMS (1)' is clicked on

2019-04-21 05:19:30 - [TEST_STEP][PASSED] - click(findTestObject("Page_KiboEngage  Dashboard/span_SMS (1)")): Object: 'Object Repository/Page_KiboEngage  Dashboard/span_SMS (1)' is clicked on

2019-04-21 05:19:30 - [MESSAGE][PASSED] - Object: 'Object Repository/Page_KiboEngage  Dashboard/span_SMS (1)' is clicked on

2019-04-21 05:19:30 - [TEST_STEP][PASSED] - delay(1): Delayed 1 second(s)

2019-04-21 05:19:31 - [MESSAGE][PASSED] - Delayed 1 second(s)

2019-04-21 05:19:31 - [MESSAGE][PASSED] - Call Test Case 'Test Cases/SMS/SMSPlatform' successfully

2019-04-21 05:19:31 - [TEST_STEP][PASSED] - click(findTestObject("Page_KiboPush  Dashboard/span_Dashboard")): Object: 'Object Repository/Page_KiboPush  Dashboard/span_Dashboard' is clicked on

2019-04-21 05:19:31 - [MESSAGE][PASSED] - Object: 'Object Repository/Page_KiboPush  Dashboard/span_Dashboard' is clicked on

2019-04-21 05:19:31 - [TEST_STEP][PASSED] - delay(1): Delayed 1 second(s)

2019-04-21 05:19:32 - [MESSAGE][PASSED] - Delayed 1 second(s)

2019-04-21 05:19:32 - [TEST_STEP][PASSED] - click(findTestObject("Object Repository/Page_KiboEngage  Dashboard/span_Upload Contacts")): Object: 'Object Repository/Page_KiboEngage  Dashboard/span_Upload Contacts' is clicked on

2019-04-21 05:19:33 - [MESSAGE][PASSED] - Object: 'Object Repository/Page_KiboEngage  Dashboard/span_Upload Contacts' is clicked on

2019-04-21 05:19:33 - [TEST_STEP][PASSED] - delay(1): Delayed 1 second(s)

2019-04-21 05:19:34 - [MESSAGE][PASSED] - Delayed 1 second(s)

2019-04-21 05:19:34 - [TEST_STEP][PASSED] - click(findTestObject("Object Repository/Page_KiboEngage  Upload Contacts/h3_Upload Contacts (1) (1) (1) (1) (1) (1) (1) (2)")): Object: 'Object Repository/Page_KiboEngage  Upload Contacts/h3_Upload Contacts (1) (1) (1) (1) (1) (1) (1) (2)' is clicked on

2019-04-21 05:19:34 - [MESSAGE][PASSED] - Object: 'Object Repository/Page_KiboEngage  Upload Contacts/h3_Upload Contacts (1) (1) (1) (1) (1) (1) (1) (2)' is clicked on

2019-04-21 05:19:34 - [TEST_STEP][PASSED] - click(findTestObject("Object Repository/Page_KiboEngage  Upload Contacts/button_Enter phone numbers manually (1) (1) (1) (1) (1) (2)")): Object: 'Object Repository/Page_KiboEngage  Upload Contacts/button_Enter phone numbers manually (1) (1) (1) (1) (1) (2)' is clicked on

2019-04-21 05:19:34 - [MESSAGE][PASSED] - Object: 'Object Repository/Page_KiboEngage  Upload Contacts/button_Enter phone numbers manually (1) (1) (1) (1) (1) (2)' is clicked on

2019-04-21 05:19:34 - [TEST_STEP][PASSED] - click(findTestObject("Object Repository/Page_KiboEngage  Upload Contacts/button_Add (1) (1) (1) (1) (1) (1)")): Object: 'Object Repository/Page_KiboEngage  Upload Contacts/button_Add (1) (1) (1) (1) (1) (1)' is clicked on

2019-04-21 05:19:34 - [MESSAGE][PASSED] - Object: 'Object Repository/Page_KiboEngage  Upload Contacts/button_Add (1) (1) (1) (1) (1) (1)' is clicked on

2019-04-21 05:19:34 - [TEST_STEP][PASSED] - click(findTestObject("Object Repository/Page_KiboEngage  Upload Contacts/span_Please fill all the fields (1) (1) (1) (1) (1) (1)")): Object: 'Object Repository/Page_KiboEngage  Upload Contacts/span_Please fill all the fields (1) (1) (1) (1) (1) (1)' is clicked on

2019-04-21 05:19:34 - [MESSAGE][PASSED] - Object: 'Object Repository/Page_KiboEngage  Upload Contacts/span_Please fill all the fields (1) (1) (1) (1) (1) (1)' is clicked on

2019-04-21 05:19:34 - [TEST_STEP][PASSED] - setText(findTestObject("Object Repository/Page_KiboEngage  Upload Contacts/input_Upload Contacts_form-control m-input (1) (1) (1) (1) (1)"), "Faizan"): Text 'Faizan' is set on object 'Object Repository/Page_KiboEngage  Upload Contacts/input_Upload Contacts_form-control m-input (1) (1) (1) (1) (1)'

2019-04-21 05:19:35 - [MESSAGE][PASSED] - Text 'Faizan' is set on object 'Object Repository/Page_KiboEngage  Upload Contacts/input_Upload Contacts_form-control m-input (1) (1) (1) (1) (1)'

2019-04-21 05:19:35 - [TEST_STEP][PASSED] - setText(findTestObject("Object Repository/Page_KiboEngage  Upload Contacts/input_Upload Contacts_form-control m-input (2) (1) (1) (1)"), "+923333739566"): Text '+923333739566' is set on object 'Object Repository/Page_KiboEngage  Upload Contacts/input_Upload Contacts_form-control m-input (2) (1) (1) (1)'

2019-04-21 05:19:35 - [MESSAGE][PASSED] - Text '+923333739566' is set on object 'Object Repository/Page_KiboEngage  Upload Contacts/input_Upload Contacts_form-control m-input (2) (1) (1) (1)'

2019-04-21 05:19:35 - [TEST_STEP][PASSED] - click(findTestObject("Object Repository/Page_KiboEngage  Upload Contacts/button_Add (2) (1) (1) (1) (1)")): Object: 'Object Repository/Page_KiboEngage  Upload Contacts/button_Add (2) (1) (1) (1) (1)' is clicked on

2019-04-21 05:19:35 - [MESSAGE][PASSED] - Object: 'Object Repository/Page_KiboEngage  Upload Contacts/button_Add (2) (1) (1) (1) (1)' is clicked on

2019-04-21 05:19:35 - [TEST_STEP][PASSED] - click(findTestObject("Object Repository/Page_KiboEngage  Upload Contacts/i_Faizan_fa fa-times-circle")): Object: 'Object Repository/Page_KiboEngage  Upload Contacts/i_Faizan_fa fa-times-circle' is clicked on

2019-04-21 05:19:35 - [MESSAGE][PASSED] - Object: 'Object Repository/Page_KiboEngage  Upload Contacts/i_Faizan_fa fa-times-circle' is clicked on]]></system-out>
         <system-err><![CDATA[]]></system-err>
      </testcase>
      <testcase name="Test Cases/SMS/sms broadcast/TC11171" classname="Test Cases/SMS/sms broadcast/TC11171" status="PASSED">
         <system-out><![CDATA[2019-04-21 05:19:35 - [TEST_CASE][PASSED] - Test Cases/SMS/sms broadcast/TC11171: Test Cases/SMS/sms broadcast/TC11171

2019-04-21 05:19:36 - [TEST_STEP][PASSED] - callTestCase(findTestCase("SMS/SMSPlatform"), [:], STOP_ON_FAILURE): Call Test Case 'Test Cases/SMS/SMSPlatform' successfully

2019-04-21 05:19:36 - [TEST_CASE][PASSED] - Test Cases/SMS/SMSPlatform: Test Cases/SMS/SMSPlatform

2019-04-21 05:19:36 - [TEST_STEP][PASSED] - click(findTestObject("Page_KiboEngage  Dashboard/a_SMS (1)")): Object: 'Object Repository/Page_KiboEngage  Dashboard/a_SMS (1)' is clicked on

2019-04-21 05:19:36 - [MESSAGE][PASSED] - Object: 'Object Repository/Page_KiboEngage  Dashboard/a_SMS (1)' is clicked on

2019-04-21 05:19:36 - [TEST_STEP][PASSED] - click(findTestObject("Page_KiboEngage  Dashboard/span_SMS (1)")): Object: 'Object Repository/Page_KiboEngage  Dashboard/span_SMS (1)' is clicked on

2019-04-21 05:19:36 - [MESSAGE][PASSED] - Object: 'Object Repository/Page_KiboEngage  Dashboard/span_SMS (1)' is clicked on

2019-04-21 05:19:36 - [TEST_STEP][PASSED] - delay(1): Delayed 1 second(s)

2019-04-21 05:19:37 - [MESSAGE][PASSED] - Delayed 1 second(s)

2019-04-21 05:19:37 - [MESSAGE][PASSED] - Call Test Case 'Test Cases/SMS/SMSPlatform' successfully

2019-04-21 05:19:37 - [TEST_STEP][PASSED] - click(findTestObject("Page_KiboPush  Dashboard/span_Dashboard")): Object: 'Object Repository/Page_KiboPush  Dashboard/span_Dashboard' is clicked on

2019-04-21 05:19:37 - [MESSAGE][PASSED] - Object: 'Object Repository/Page_KiboPush  Dashboard/span_Dashboard' is clicked on

2019-04-21 05:19:37 - [TEST_STEP][PASSED] - delay(1): Delayed 1 second(s)

2019-04-21 05:19:38 - [MESSAGE][PASSED] - Delayed 1 second(s)

2019-04-21 05:19:38 - [TEST_STEP][PASSED] - click(findTestObject("Page_KiboEngage  Dashboard/span_Broadcasting (1)")): Object: 'Object Repository/Page_KiboEngage  Dashboard/span_Broadcasting (1)' is clicked on

2019-04-21 05:19:38 - [MESSAGE][PASSED] - Object: 'Object Repository/Page_KiboEngage  Dashboard/span_Broadcasting (1)' is clicked on

2019-04-21 05:19:38 - [TEST_STEP][PASSED] - delay(1): Delayed 1 second(s)

2019-04-21 05:19:39 - [MESSAGE][PASSED] - Delayed 1 second(s)

2019-04-21 05:19:39 - [TEST_STEP][PASSED] - click(findTestObject("Object Repository/Page_KiboEngage  Dashboard/span_Broadcasts")): Object: 'Object Repository/Page_KiboEngage  Dashboard/span_Broadcasts' is clicked on

2019-04-21 05:19:40 - [MESSAGE][PASSED] - Object: 'Object Repository/Page_KiboEngage  Dashboard/span_Broadcasts' is clicked on

2019-04-21 05:19:40 - [TEST_STEP][PASSED] - delay(1): Delayed 1 second(s)

2019-04-21 05:19:41 - [MESSAGE][PASSED] - Delayed 1 second(s)

2019-04-21 05:19:41 - [TEST_STEP][PASSED] - click(findTestObject("Object Repository/Page_KiboEngage  Broadcasts/h3_Broadcasts")): Object: 'Object Repository/Page_KiboEngage  Broadcasts/h3_Broadcasts' is clicked on

2019-04-21 05:19:41 - [MESSAGE][PASSED] - Object: 'Object Repository/Page_KiboEngage  Broadcasts/h3_Broadcasts' is clicked on]]></system-out>
         <system-err><![CDATA[]]></system-err>
      </testcase>
      <testcase name="Test Cases/SMS/sms broadcast/TC11172" classname="Test Cases/SMS/sms broadcast/TC11172" status="FAILED">
         <failure type="FAILED" message="Test Cases/SMS/sms broadcast/TC11172 FAILED.
Reason:
com.kms.katalon.core.exception.StepFailedException: Unable to click on object 'Object Repository/Page_KiboEngage  Dashboard/span_Broadcasts'
	at com.kms.katalon.core.webui.keyword.internal.WebUIKeywordMain.stepFailed(WebUIKeywordMain.groovy:64)
	at com.kms.katalon.core.webui.keyword.internal.WebUIKeywordMain.runKeyword(WebUIKeywordMain.groovy:26)
	at com.kms.katalon.core.webui.keyword.builtin.ClickKeyword.click(ClickKeyword.groovy:86)
	at com.kms.katalon.core.webui.keyword.builtin.ClickKeyword.execute(ClickKeyword.groovy:67)
	at com.kms.katalon.core.keyword.internal.KeywordExecutor.executeKeywordForPlatform(KeywordExecutor.groovy:56)
	at com.kms.katalon.core.webui.keyword.WebUiBuiltInKeywords.click(WebUiBuiltInKeywords.groovy:616)
	at com.kms.katalon.core.webui.keyword.WebUiBuiltInKeywords$click$2.call(Unknown Source)
	at TC11172.run(TC11172:30)
	at com.kms.katalon.core.main.ScriptEngine.run(ScriptEngine.java:194)
	at com.kms.katalon.core.main.ScriptEngine.runScriptAsRawText(ScriptEngine.java:119)
	at com.kms.katalon.core.main.TestCaseExecutor.runScript(TestCaseExecutor.java:336)
	at com.kms.katalon.core.main.TestCaseExecutor.doExecute(TestCaseExecutor.java:327)
	at com.kms.katalon.core.main.TestCaseExecutor.processExecutionPhase(TestCaseExecutor.java:306)
	at com.kms.katalon.core.main.TestCaseExecutor.accessMainPhase(TestCaseExecutor.java:298)
	at com.kms.katalon.core.main.TestCaseExecutor.execute(TestCaseExecutor.java:232)
	at com.kms.katalon.core.main.TestSuiteExecutor.accessTestCaseMainPhase(TestSuiteExecutor.java:129)
	at com.kms.katalon.core.main.TestSuiteExecutor.accessTestSuiteMainPhase(TestSuiteExecutor.java:112)
	at com.kms.katalon.core.main.TestSuiteExecutor.execute(TestSuiteExecutor.java:81)
	at com.kms.katalon.core.main.TestCaseMain.startTestSuite(TestCaseMain.java:157)
	at com.kms.katalon.core.main.TestCaseMain$startTestSuite$0.call(Unknown Source)
	at TempTestSuite1555805827617.run(TempTestSuite1555805827617.groovy:35)
Caused by: org.openqa.selenium.ElementNotVisibleException: element not interactable
  (Session info: chrome=73.0.3683.103)
  (Driver info: chromedriver=73.0.3683.68 (47787ec04b6e38e22703e856e101e840b65afe72),platform=Linux 4.15.0-47-generic x86_64) (WARNING: The server did not provide any stacktrace information)
Command duration or timeout: 0 milliseconds
Build info: version: '3.7.1', revision: '8a0099a', time: '2017-11-06T21:07:36.161Z'
System info: host: 'faizan-HP-EliteBook-850-G2', ip: '127.0.1.1', os.name: 'Linux', os.arch: 'amd64', os.version: '4.15.0-47-generic', java.version: '1.8.0_191'
Driver info: com.kms.katalon.selenium.driver.CChromeDriver
Capabilities {acceptInsecureCerts: false, acceptSslCerts: false, applicationCacheEnabled: false, browserConnectionEnabled: false, browserName: chrome, chrome: {chromedriverVersion: 73.0.3683.68 (47787ec04b6e3..., userDataDir: /tmp/.com.google.Chrome.3MGpH3}, cssSelectorsEnabled: true, databaseEnabled: false, goog:chromeOptions: {debuggerAddress: localhost:40385}, handlesAlerts: true, hasTouchScreen: false, javascriptEnabled: true, locationContextEnabled: true, mobileEmulationEnabled: false, nativeEvents: true, networkConnectionEnabled: false, pageLoadStrategy: normal, platform: LINUX, platformName: LINUX, proxy: Proxy(direct), rotatable: false, setWindowRect: true, strictFileInteractability: false, takesHeapSnapshot: true, takesScreenshot: true, timeouts: {implicit: 0, pageLoad: 300000, script: 30000}, unexpectedAlertBehaviour: ignore, unhandledPromptBehavior: ignore, version: 73.0.3683.103, webStorageEnabled: true}
Session ID: f87268ee1c35c1ced596fe180b363839
	at org.openqa.selenium.remote.ErrorHandler.createThrowable(ErrorHandler.java:214)
	at org.openqa.selenium.remote.ErrorHandler.throwIfResponseFailed(ErrorHandler.java:166)
	at org.openqa.selenium.remote.http.JsonHttpResponseCodec.reconstructValue(JsonHttpResponseCodec.java:40)
	at org.openqa.selenium.remote.http.AbstractHttpResponseCodec.decode(AbstractHttpResponseCodec.java:80)
	at org.openqa.selenium.remote.http.AbstractHttpResponseCodec.decode(AbstractHttpResponseCodec.java:44)
	at org.openqa.selenium.remote.HttpCommandExecutor.execute(HttpCommandExecutor.java:164)
	at org.openqa.selenium.remote.service.DriverCommandExecutor.execute(DriverCommandExecutor.java:83)
	at org.openqa.selenium.remote.RemoteWebDriver.execute(RemoteWebDriver.java:600)
	at com.kms.katalon.selenium.driver.CChromeDriver.execute(CChromeDriver.java:20)
	at org.openqa.selenium.remote.RemoteWebElement.execute(RemoteWebElement.java:279)
	at org.openqa.selenium.remote.RemoteWebElement.click(RemoteWebElement.java:83)
	at com.kms.katalon.core.webui.keyword.builtin.ClickKeyword$_click_closure1.doCall(ClickKeyword.groovy:79)
	at com.kms.katalon.core.webui.keyword.builtin.ClickKeyword$_click_closure1.call(ClickKeyword.groovy)
	at com.kms.katalon.core.webui.keyword.internal.WebUIKeywordMain.runKeyword(WebUIKeywordMain.groovy:20)
	at com.kms.katalon.core.webui.keyword.builtin.ClickKeyword.click(ClickKeyword.groovy:86)
	at com.kms.katalon.core.webui.keyword.builtin.ClickKeyword.execute(ClickKeyword.groovy:67)
	at com.kms.katalon.core.keyword.internal.KeywordExecutor.executeKeywordForPlatform(KeywordExecutor.groovy:56)
	at com.kms.katalon.core.webui.keyword.WebUiBuiltInKeywords.click(WebUiBuiltInKeywords.groovy:616)
	at com.kms.katalon.core.webui.keyword.WebUiBuiltInKeywords$click$2.call(Unknown Source)
	at Script1554207645034.run(Script1554207645034.groovy:30)
	... 13 more
"/>
         <system-out><![CDATA[2019-04-21 05:19:41 - [TEST_CASE][FAILED] - Test Cases/SMS/sms broadcast/TC11172: Test Cases/SMS/sms broadcast/TC11172 FAILED.
Reason:
com.kms.katalon.core.exception.StepFailedException: Unable to click on object 'Object Repository/Page_KiboEngage  Dashboard/span_Broadcasts'
	at com.kms.katalon.core.webui.keyword.internal.WebUIKeywordMain.stepFailed(WebUIKeywordMain.groovy:64)
	at com.kms.katalon.core.webui.keyword.internal.WebUIKeywordMain.runKeyword(WebUIKeywordMain.groovy:26)
	at com.kms.katalon.core.webui.keyword.builtin.ClickKeyword.click(ClickKeyword.groovy:86)
	at com.kms.katalon.core.webui.keyword.builtin.ClickKeyword.execute(ClickKeyword.groovy:67)
	at com.kms.katalon.core.keyword.internal.KeywordExecutor.executeKeywordForPlatform(KeywordExecutor.groovy:56)
	at com.kms.katalon.core.webui.keyword.WebUiBuiltInKeywords.click(WebUiBuiltInKeywords.groovy:616)
	at com.kms.katalon.core.webui.keyword.WebUiBuiltInKeywords$click$2.call(Unknown Source)
	at TC11172.run(TC11172:30)
	at com.kms.katalon.core.main.ScriptEngine.run(ScriptEngine.java:194)
	at com.kms.katalon.core.main.ScriptEngine.runScriptAsRawText(ScriptEngine.java:119)
	at com.kms.katalon.core.main.TestCaseExecutor.runScript(TestCaseExecutor.java:336)
	at com.kms.katalon.core.main.TestCaseExecutor.doExecute(TestCaseExecutor.java:327)
	at com.kms.katalon.core.main.TestCaseExecutor.processExecutionPhase(TestCaseExecutor.java:306)
	at com.kms.katalon.core.main.TestCaseExecutor.accessMainPhase(TestCaseExecutor.java:298)
	at com.kms.katalon.core.main.TestCaseExecutor.execute(TestCaseExecutor.java:232)
	at com.kms.katalon.core.main.TestSuiteExecutor.accessTestCaseMainPhase(TestSuiteExecutor.java:129)
	at com.kms.katalon.core.main.TestSuiteExecutor.accessTestSuiteMainPhase(TestSuiteExecutor.java:112)
	at com.kms.katalon.core.main.TestSuiteExecutor.execute(TestSuiteExecutor.java:81)
	at com.kms.katalon.core.main.TestCaseMain.startTestSuite(TestCaseMain.java:157)
	at com.kms.katalon.core.main.TestCaseMain$startTestSuite$0.call(Unknown Source)
	at TempTestSuite1555805827617.run(TempTestSuite1555805827617.groovy:35)
Caused by: org.openqa.selenium.ElementNotVisibleException: element not interactable
  (Session info: chrome=73.0.3683.103)
  (Driver info: chromedriver=73.0.3683.68 (47787ec04b6e38e22703e856e101e840b65afe72),platform=Linux 4.15.0-47-generic x86_64) (WARNING: The server did not provide any stacktrace information)
Command duration or timeout: 0 milliseconds
Build info: version: '3.7.1', revision: '8a0099a', time: '2017-11-06T21:07:36.161Z'
System info: host: 'faizan-HP-EliteBook-850-G2', ip: '127.0.1.1', os.name: 'Linux', os.arch: 'amd64', os.version: '4.15.0-47-generic', java.version: '1.8.0_191'
Driver info: com.kms.katalon.selenium.driver.CChromeDriver
Capabilities {acceptInsecureCerts: false, acceptSslCerts: false, applicationCacheEnabled: false, browserConnectionEnabled: false, browserName: chrome, chrome: {chromedriverVersion: 73.0.3683.68 (47787ec04b6e3..., userDataDir: /tmp/.com.google.Chrome.3MGpH3}, cssSelectorsEnabled: true, databaseEnabled: false, goog:chromeOptions: {debuggerAddress: localhost:40385}, handlesAlerts: true, hasTouchScreen: false, javascriptEnabled: true, locationContextEnabled: true, mobileEmulationEnabled: false, nativeEvents: true, networkConnectionEnabled: false, pageLoadStrategy: normal, platform: LINUX, platformName: LINUX, proxy: Proxy(direct), rotatable: false, setWindowRect: true, strictFileInteractability: false, takesHeapSnapshot: true, takesScreenshot: true, timeouts: {implicit: 0, pageLoad: 300000, script: 30000}, unexpectedAlertBehaviour: ignore, unhandledPromptBehavior: ignore, version: 73.0.3683.103, webStorageEnabled: true}
Session ID: f87268ee1c35c1ced596fe180b363839
	at org.openqa.selenium.remote.ErrorHandler.createThrowable(ErrorHandler.java:214)
	at org.openqa.selenium.remote.ErrorHandler.throwIfResponseFailed(ErrorHandler.java:166)
	at org.openqa.selenium.remote.http.JsonHttpResponseCodec.reconstructValue(JsonHttpResponseCodec.java:40)
	at org.openqa.selenium.remote.http.AbstractHttpResponseCodec.decode(AbstractHttpResponseCodec.java:80)
	at org.openqa.selenium.remote.http.AbstractHttpResponseCodec.decode(AbstractHttpResponseCodec.java:44)
	at org.openqa.selenium.remote.HttpCommandExecutor.execute(HttpCommandExecutor.java:164)
	at org.openqa.selenium.remote.service.DriverCommandExecutor.execute(DriverCommandExecutor.java:83)
	at org.openqa.selenium.remote.RemoteWebDriver.execute(RemoteWebDriver.java:600)
	at com.kms.katalon.selenium.driver.CChromeDriver.execute(CChromeDriver.java:20)
	at org.openqa.selenium.remote.RemoteWebElement.execute(RemoteWebElement.java:279)
	at org.openqa.selenium.remote.RemoteWebElement.click(RemoteWebElement.java:83)
	at com.kms.katalon.core.webui.keyword.builtin.ClickKeyword$_click_closure1.doCall(ClickKeyword.groovy:79)
	at com.kms.katalon.core.webui.keyword.builtin.ClickKeyword$_click_closure1.call(ClickKeyword.groovy)
	at com.kms.katalon.core.webui.keyword.internal.WebUIKeywordMain.runKeyword(WebUIKeywordMain.groovy:20)
	at com.kms.katalon.core.webui.keyword.builtin.ClickKeyword.click(ClickKeyword.groovy:86)
	at com.kms.katalon.core.webui.keyword.builtin.ClickKeyword.execute(ClickKeyword.groovy:67)
	at com.kms.katalon.core.keyword.internal.KeywordExecutor.executeKeywordForPlatform(KeywordExecutor.groovy:56)
	at com.kms.katalon.core.webui.keyword.WebUiBuiltInKeywords.click(WebUiBuiltInKeywords.groovy:616)
	at com.kms.katalon.core.webui.keyword.WebUiBuiltInKeywords$click$2.call(Unknown Source)
	at Script1554207645034.run(Script1554207645034.groovy:30)
	... 13 more


2019-04-21 05:19:41 - [TEST_STEP][PASSED] - callTestCase(findTestCase("SMS/SMSPlatform"), [:], STOP_ON_FAILURE): Call Test Case 'Test Cases/SMS/SMSPlatform' successfully

2019-04-21 05:19:41 - [TEST_CASE][PASSED] - Test Cases/SMS/SMSPlatform: Test Cases/SMS/SMSPlatform

2019-04-21 05:19:41 - [TEST_STEP][PASSED] - click(findTestObject("Page_KiboEngage  Dashboard/a_SMS (1)")): Object: 'Object Repository/Page_KiboEngage  Dashboard/a_SMS (1)' is clicked on

2019-04-21 05:19:41 - [MESSAGE][PASSED] - Object: 'Object Repository/Page_KiboEngage  Dashboard/a_SMS (1)' is clicked on

2019-04-21 05:19:41 - [TEST_STEP][PASSED] - click(findTestObject("Page_KiboEngage  Dashboard/span_SMS (1)")): Object: 'Object Repository/Page_KiboEngage  Dashboard/span_SMS (1)' is clicked on

2019-04-21 05:19:41 - [MESSAGE][PASSED] - Object: 'Object Repository/Page_KiboEngage  Dashboard/span_SMS (1)' is clicked on

2019-04-21 05:19:41 - [TEST_STEP][PASSED] - delay(1): Delayed 1 second(s)

2019-04-21 05:19:42 - [MESSAGE][PASSED] - Delayed 1 second(s)

2019-04-21 05:19:42 - [MESSAGE][PASSED] - Call Test Case 'Test Cases/SMS/SMSPlatform' successfully

2019-04-21 05:19:42 - [TEST_STEP][PASSED] - click(findTestObject("Page_KiboPush  Dashboard/span_Dashboard")): Object: 'Object Repository/Page_KiboPush  Dashboard/span_Dashboard' is clicked on

2019-04-21 05:19:43 - [MESSAGE][PASSED] - Object: 'Object Repository/Page_KiboPush  Dashboard/span_Dashboard' is clicked on

2019-04-21 05:19:43 - [TEST_STEP][PASSED] - delay(1): Delayed 1 second(s)

2019-04-21 05:19:44 - [MESSAGE][PASSED] - Delayed 1 second(s)

2019-04-21 05:19:44 - [TEST_STEP][PASSED] - click(findTestObject("Page_KiboEngage  Dashboard/span_Broadcasting (1)")): Object: 'Object Repository/Page_KiboEngage  Dashboard/span_Broadcasting (1)' is clicked on

2019-04-21 05:19:44 - [MESSAGE][PASSED] - Object: 'Object Repository/Page_KiboEngage  Dashboard/span_Broadcasting (1)' is clicked on

2019-04-21 05:19:44 - [TEST_STEP][PASSED] - delay(1): Delayed 1 second(s)

2019-04-21 05:19:45 - [MESSAGE][PASSED] - Delayed 1 second(s)

2019-04-21 05:19:45 - [TEST_STEP][FAILED] - click(findTestObject("Object Repository/Page_KiboEngage  Dashboard/span_Broadcasts")): Unable to click on object 'Object Repository/Page_KiboEngage  Dashboard/span_Broadcasts' (Root cause: com.kms.katalon.core.exception.StepFailedException: Unable to click on object 'Object Repository/Page_KiboEngage  Dashboard/span_Broadcasts'
	at com.kms.katalon.core.webui.keyword.internal.WebUIKeywordMain.stepFailed(WebUIKeywordMain.groovy:64)
	at com.kms.katalon.core.webui.keyword.internal.WebUIKeywordMain.runKeyword(WebUIKeywordMain.groovy:26)
	at com.kms.katalon.core.webui.keyword.builtin.ClickKeyword.click(ClickKeyword.groovy:86)
	at com.kms.katalon.core.webui.keyword.builtin.ClickKeyword.execute(ClickKeyword.groovy:67)
	at com.kms.katalon.core.keyword.internal.KeywordExecutor.executeKeywordForPlatform(KeywordExecutor.groovy:56)
	at com.kms.katalon.core.webui.keyword.WebUiBuiltInKeywords.click(WebUiBuiltInKeywords.groovy:616)
	at com.kms.katalon.core.webui.keyword.WebUiBuiltInKeywords$click$2.call(Unknown Source)
	at TC11172.run(TC11172:30)
	at com.kms.katalon.core.main.ScriptEngine.run(ScriptEngine.java:194)
	at com.kms.katalon.core.main.ScriptEngine.runScriptAsRawText(ScriptEngine.java:119)
	at com.kms.katalon.core.main.TestCaseExecutor.runScript(TestCaseExecutor.java:336)
	at com.kms.katalon.core.main.TestCaseExecutor.doExecute(TestCaseExecutor.java:327)
	at com.kms.katalon.core.main.TestCaseExecutor.processExecutionPhase(TestCaseExecutor.java:306)
	at com.kms.katalon.core.main.TestCaseExecutor.accessMainPhase(TestCaseExecutor.java:298)
	at com.kms.katalon.core.main.TestCaseExecutor.execute(TestCaseExecutor.java:232)
	at com.kms.katalon.core.main.TestSuiteExecutor.accessTestCaseMainPhase(TestSuiteExecutor.java:129)
	at com.kms.katalon.core.main.TestSuiteExecutor.accessTestSuiteMainPhase(TestSuiteExecutor.java:112)
	at com.kms.katalon.core.main.TestSuiteExecutor.execute(TestSuiteExecutor.java:81)
	at com.kms.katalon.core.main.TestCaseMain.startTestSuite(TestCaseMain.java:157)
	at com.kms.katalon.core.main.TestCaseMain$startTestSuite$0.call(Unknown Source)
	at TempTestSuite1555805827617.run(TempTestSuite1555805827617.groovy:35)
Caused by: org.openqa.selenium.ElementNotVisibleException: element not interactable
  (Session info: chrome=73.0.3683.103)
  (Driver info: chromedriver=73.0.3683.68 (47787ec04b6e38e22703e856e101e840b65afe72),platform=Linux 4.15.0-47-generic x86_64) (WARNING: The server did not provide any stacktrace information)
Command duration or timeout: 0 milliseconds
Build info: version: '3.7.1', revision: '8a0099a', time: '2017-11-06T21:07:36.161Z'
System info: host: 'faizan-HP-EliteBook-850-G2', ip: '127.0.1.1', os.name: 'Linux', os.arch: 'amd64', os.version: '4.15.0-47-generic', java.version: '1.8.0_191'
Driver info: com.kms.katalon.selenium.driver.CChromeDriver
Capabilities {acceptInsecureCerts: false, acceptSslCerts: false, applicationCacheEnabled: false, browserConnectionEnabled: false, browserName: chrome, chrome: {chromedriverVersion: 73.0.3683.68 (47787ec04b6e3..., userDataDir: /tmp/.com.google.Chrome.3MGpH3}, cssSelectorsEnabled: true, databaseEnabled: false, goog:chromeOptions: {debuggerAddress: localhost:40385}, handlesAlerts: true, hasTouchScreen: false, javascriptEnabled: true, locationContextEnabled: true, mobileEmulationEnabled: false, nativeEvents: true, networkConnectionEnabled: false, pageLoadStrategy: normal, platform: LINUX, platformName: LINUX, proxy: Proxy(direct), rotatable: false, setWindowRect: true, strictFileInteractability: false, takesHeapSnapshot: true, takesScreenshot: true, timeouts: {implicit: 0, pageLoad: 300000, script: 30000}, unexpectedAlertBehaviour: ignore, unhandledPromptBehavior: ignore, version: 73.0.3683.103, webStorageEnabled: true}
Session ID: f87268ee1c35c1ced596fe180b363839
	at org.openqa.selenium.remote.ErrorHandler.createThrowable(ErrorHandler.java:214)
	at org.openqa.selenium.remote.ErrorHandler.throwIfResponseFailed(ErrorHandler.java:166)
	at org.openqa.selenium.remote.http.JsonHttpResponseCodec.reconstructValue(JsonHttpResponseCodec.java:40)
	at org.openqa.selenium.remote.http.AbstractHttpResponseCodec.decode(AbstractHttpResponseCodec.java:80)
	at org.openqa.selenium.remote.http.AbstractHttpResponseCodec.decode(AbstractHttpResponseCodec.java:44)
	at org.openqa.selenium.remote.HttpCommandExecutor.execute(HttpCommandExecutor.java:164)
	at org.openqa.selenium.remote.service.DriverCommandExecutor.execute(DriverCommandExecutor.java:83)
	at org.openqa.selenium.remote.RemoteWebDriver.execute(RemoteWebDriver.java:600)
	at com.kms.katalon.selenium.driver.CChromeDriver.execute(CChromeDriver.java:20)
	at org.openqa.selenium.remote.RemoteWebElement.execute(RemoteWebElement.java:279)
	at org.openqa.selenium.remote.RemoteWebElement.click(RemoteWebElement.java:83)
	at com.kms.katalon.core.webui.keyword.builtin.ClickKeyword$_click_closure1.doCall(ClickKeyword.groovy:79)
	at com.kms.katalon.core.webui.keyword.builtin.ClickKeyword$_click_closure1.call(ClickKeyword.groovy)
	at com.kms.katalon.core.webui.keyword.internal.WebUIKeywordMain.runKeyword(WebUIKeywordMain.groovy:20)
	at com.kms.katalon.core.webui.keyword.builtin.ClickKeyword.click(ClickKeyword.groovy:86)
	at com.kms.katalon.core.webui.keyword.builtin.ClickKeyword.execute(ClickKeyword.groovy:67)
	at com.kms.katalon.core.keyword.internal.KeywordExecutor.executeKeywordForPlatform(KeywordExecutor.groovy:56)
	at com.kms.katalon.core.webui.keyword.WebUiBuiltInKeywords.click(WebUiBuiltInKeywords.groovy:616)
	at com.kms.katalon.core.webui.keyword.WebUiBuiltInKeywords$click$2.call(Unknown Source)
	at Script1554207645034.run(Script1554207645034.groovy:30)
	... 13 more
)

2019-04-21 05:19:47 - [MESSAGE][FAILED] - Unable to click on object 'Object Repository/Page_KiboEngage  Dashboard/span_Broadcasts' (Root cause: com.kms.katalon.core.exception.StepFailedException: Unable to click on object 'Object Repository/Page_KiboEngage  Dashboard/span_Broadcasts'
	at com.kms.katalon.core.webui.keyword.internal.WebUIKeywordMain.stepFailed(WebUIKeywordMain.groovy:64)
	at com.kms.katalon.core.webui.keyword.internal.WebUIKeywordMain.runKeyword(WebUIKeywordMain.groovy:26)
	at com.kms.katalon.core.webui.keyword.builtin.ClickKeyword.click(ClickKeyword.groovy:86)
	at com.kms.katalon.core.webui.keyword.builtin.ClickKeyword.execute(ClickKeyword.groovy:67)
	at com.kms.katalon.core.keyword.internal.KeywordExecutor.executeKeywordForPlatform(KeywordExecutor.groovy:56)
	at com.kms.katalon.core.webui.keyword.WebUiBuiltInKeywords.click(WebUiBuiltInKeywords.groovy:616)
	at com.kms.katalon.core.webui.keyword.WebUiBuiltInKeywords$click$2.call(Unknown Source)
	at TC11172.run(TC11172:30)
	at com.kms.katalon.core.main.ScriptEngine.run(ScriptEngine.java:194)
	at com.kms.katalon.core.main.ScriptEngine.runScriptAsRawText(ScriptEngine.java:119)
	at com.kms.katalon.core.main.TestCaseExecutor.runScript(TestCaseExecutor.java:336)
	at com.kms.katalon.core.main.TestCaseExecutor.doExecute(TestCaseExecutor.java:327)
	at com.kms.katalon.core.main.TestCaseExecutor.processExecutionPhase(TestCaseExecutor.java:306)
	at com.kms.katalon.core.main.TestCaseExecutor.accessMainPhase(TestCaseExecutor.java:298)
	at com.kms.katalon.core.main.TestCaseExecutor.execute(TestCaseExecutor.java:232)
	at com.kms.katalon.core.main.TestSuiteExecutor.accessTestCaseMainPhase(TestSuiteExecutor.java:129)
	at com.kms.katalon.core.main.TestSuiteExecutor.accessTestSuiteMainPhase(TestSuiteExecutor.java:112)
	at com.kms.katalon.core.main.TestSuiteExecutor.execute(TestSuiteExecutor.java:81)
	at com.kms.katalon.core.main.TestCaseMain.startTestSuite(TestCaseMain.java:157)
	at com.kms.katalon.core.main.TestCaseMain$startTestSuite$0.call(Unknown Source)
	at TempTestSuite1555805827617.run(TempTestSuite1555805827617.groovy:35)
Caused by: org.openqa.selenium.ElementNotVisibleException: element not interactable
  (Session info: chrome=73.0.3683.103)
  (Driver info: chromedriver=73.0.3683.68 (47787ec04b6e38e22703e856e101e840b65afe72),platform=Linux 4.15.0-47-generic x86_64) (WARNING: The server did not provide any stacktrace information)
Command duration or timeout: 0 milliseconds
Build info: version: '3.7.1', revision: '8a0099a', time: '2017-11-06T21:07:36.161Z'
System info: host: 'faizan-HP-EliteBook-850-G2', ip: '127.0.1.1', os.name: 'Linux', os.arch: 'amd64', os.version: '4.15.0-47-generic', java.version: '1.8.0_191'
Driver info: com.kms.katalon.selenium.driver.CChromeDriver
Capabilities {acceptInsecureCerts: false, acceptSslCerts: false, applicationCacheEnabled: false, browserConnectionEnabled: false, browserName: chrome, chrome: {chromedriverVersion: 73.0.3683.68 (47787ec04b6e3..., userDataDir: /tmp/.com.google.Chrome.3MGpH3}, cssSelectorsEnabled: true, databaseEnabled: false, goog:chromeOptions: {debuggerAddress: localhost:40385}, handlesAlerts: true, hasTouchScreen: false, javascriptEnabled: true, locationContextEnabled: true, mobileEmulationEnabled: false, nativeEvents: true, networkConnectionEnabled: false, pageLoadStrategy: normal, platform: LINUX, platformName: LINUX, proxy: Proxy(direct), rotatable: false, setWindowRect: true, strictFileInteractability: false, takesHeapSnapshot: true, takesScreenshot: true, timeouts: {implicit: 0, pageLoad: 300000, script: 30000}, unexpectedAlertBehaviour: ignore, unhandledPromptBehavior: ignore, version: 73.0.3683.103, webStorageEnabled: true}
Session ID: f87268ee1c35c1ced596fe180b363839
	at org.openqa.selenium.remote.ErrorHandler.createThrowable(ErrorHandler.java:214)
	at org.openqa.selenium.remote.ErrorHandler.throwIfResponseFailed(ErrorHandler.java:166)
	at org.openqa.selenium.remote.http.JsonHttpResponseCodec.reconstructValue(JsonHttpResponseCodec.java:40)
	at org.openqa.selenium.remote.http.AbstractHttpResponseCodec.decode(AbstractHttpResponseCodec.java:80)
	at org.openqa.selenium.remote.http.AbstractHttpResponseCodec.decode(AbstractHttpResponseCodec.java:44)
	at org.openqa.selenium.remote.HttpCommandExecutor.execute(HttpCommandExecutor.java:164)
	at org.openqa.selenium.remote.service.DriverCommandExecutor.execute(DriverCommandExecutor.java:83)
	at org.openqa.selenium.remote.RemoteWebDriver.execute(RemoteWebDriver.java:600)
	at com.kms.katalon.selenium.driver.CChromeDriver.execute(CChromeDriver.java:20)
	at org.openqa.selenium.remote.RemoteWebElement.execute(RemoteWebElement.java:279)
	at org.openqa.selenium.remote.RemoteWebElement.click(RemoteWebElement.java:83)
	at com.kms.katalon.core.webui.keyword.builtin.ClickKeyword$_click_closure1.doCall(ClickKeyword.groovy:79)
	at com.kms.katalon.core.webui.keyword.builtin.ClickKeyword$_click_closure1.call(ClickKeyword.groovy)
	at com.kms.katalon.core.webui.keyword.internal.WebUIKeywordMain.runKeyword(WebUIKeywordMain.groovy:20)
	at com.kms.katalon.core.webui.keyword.builtin.ClickKeyword.click(ClickKeyword.groovy:86)
	at com.kms.katalon.core.webui.keyword.builtin.ClickKeyword.execute(ClickKeyword.groovy:67)
	at com.kms.katalon.core.keyword.internal.KeywordExecutor.executeKeywordForPlatform(KeywordExecutor.groovy:56)
	at com.kms.katalon.core.webui.keyword.WebUiBuiltInKeywords.click(WebUiBuiltInKeywords.groovy:616)
	at com.kms.katalon.core.webui.keyword.WebUiBuiltInKeywords$click$2.call(Unknown Source)
	at Script1554207645034.run(Script1554207645034.groovy:30)
	... 13 more
)
[[ATTACHMENT|/home/faizan/Drive/KiboPush_Automated_Testing/KiboPush Katalon/Reports/Faizan Suits/SMS/20190421_051707/1555805985968.png]]]]></system-out>
         <system-err><![CDATA[2019-04-21 05:19:41 - [TEST_CASE][FAILED] - Test Cases/SMS/sms broadcast/TC11172: Test Cases/SMS/sms broadcast/TC11172 FAILED.
Reason:
com.kms.katalon.core.exception.StepFailedException: Unable to click on object 'Object Repository/Page_KiboEngage  Dashboard/span_Broadcasts'
	at com.kms.katalon.core.webui.keyword.internal.WebUIKeywordMain.stepFailed(WebUIKeywordMain.groovy:64)
	at com.kms.katalon.core.webui.keyword.internal.WebUIKeywordMain.runKeyword(WebUIKeywordMain.groovy:26)
	at com.kms.katalon.core.webui.keyword.builtin.ClickKeyword.click(ClickKeyword.groovy:86)
	at com.kms.katalon.core.webui.keyword.builtin.ClickKeyword.execute(ClickKeyword.groovy:67)
	at com.kms.katalon.core.keyword.internal.KeywordExecutor.executeKeywordForPlatform(KeywordExecutor.groovy:56)
	at com.kms.katalon.core.webui.keyword.WebUiBuiltInKeywords.click(WebUiBuiltInKeywords.groovy:616)
	at com.kms.katalon.core.webui.keyword.WebUiBuiltInKeywords$click$2.call(Unknown Source)
	at TC11172.run(TC11172:30)
	at com.kms.katalon.core.main.ScriptEngine.run(ScriptEngine.java:194)
	at com.kms.katalon.core.main.ScriptEngine.runScriptAsRawText(ScriptEngine.java:119)
	at com.kms.katalon.core.main.TestCaseExecutor.runScript(TestCaseExecutor.java:336)
	at com.kms.katalon.core.main.TestCaseExecutor.doExecute(TestCaseExecutor.java:327)
	at com.kms.katalon.core.main.TestCaseExecutor.processExecutionPhase(TestCaseExecutor.java:306)
	at com.kms.katalon.core.main.TestCaseExecutor.accessMainPhase(TestCaseExecutor.java:298)
	at com.kms.katalon.core.main.TestCaseExecutor.execute(TestCaseExecutor.java:232)
	at com.kms.katalon.core.main.TestSuiteExecutor.accessTestCaseMainPhase(TestSuiteExecutor.java:129)
	at com.kms.katalon.core.main.TestSuiteExecutor.accessTestSuiteMainPhase(TestSuiteExecutor.java:112)
	at com.kms.katalon.core.main.TestSuiteExecutor.execute(TestSuiteExecutor.java:81)
	at com.kms.katalon.core.main.TestCaseMain.startTestSuite(TestCaseMain.java:157)
	at com.kms.katalon.core.main.TestCaseMain$startTestSuite$0.call(Unknown Source)
	at TempTestSuite1555805827617.run(TempTestSuite1555805827617.groovy:35)
Caused by: org.openqa.selenium.ElementNotVisibleException: element not interactable
  (Session info: chrome=73.0.3683.103)
  (Driver info: chromedriver=73.0.3683.68 (47787ec04b6e38e22703e856e101e840b65afe72),platform=Linux 4.15.0-47-generic x86_64) (WARNING: The server did not provide any stacktrace information)
Command duration or timeout: 0 milliseconds
Build info: version: '3.7.1', revision: '8a0099a', time: '2017-11-06T21:07:36.161Z'
System info: host: 'faizan-HP-EliteBook-850-G2', ip: '127.0.1.1', os.name: 'Linux', os.arch: 'amd64', os.version: '4.15.0-47-generic', java.version: '1.8.0_191'
Driver info: com.kms.katalon.selenium.driver.CChromeDriver
Capabilities {acceptInsecureCerts: false, acceptSslCerts: false, applicationCacheEnabled: false, browserConnectionEnabled: false, browserName: chrome, chrome: {chromedriverVersion: 73.0.3683.68 (47787ec04b6e3..., userDataDir: /tmp/.com.google.Chrome.3MGpH3}, cssSelectorsEnabled: true, databaseEnabled: false, goog:chromeOptions: {debuggerAddress: localhost:40385}, handlesAlerts: true, hasTouchScreen: false, javascriptEnabled: true, locationContextEnabled: true, mobileEmulationEnabled: false, nativeEvents: true, networkConnectionEnabled: false, pageLoadStrategy: normal, platform: LINUX, platformName: LINUX, proxy: Proxy(direct), rotatable: false, setWindowRect: true, strictFileInteractability: false, takesHeapSnapshot: true, takesScreenshot: true, timeouts: {implicit: 0, pageLoad: 300000, script: 30000}, unexpectedAlertBehaviour: ignore, unhandledPromptBehavior: ignore, version: 73.0.3683.103, webStorageEnabled: true}
Session ID: f87268ee1c35c1ced596fe180b363839
	at org.openqa.selenium.remote.ErrorHandler.createThrowable(ErrorHandler.java:214)
	at org.openqa.selenium.remote.ErrorHandler.throwIfResponseFailed(ErrorHandler.java:166)
	at org.openqa.selenium.remote.http.JsonHttpResponseCodec.reconstructValue(JsonHttpResponseCodec.java:40)
	at org.openqa.selenium.remote.http.AbstractHttpResponseCodec.decode(AbstractHttpResponseCodec.java:80)
	at org.openqa.selenium.remote.http.AbstractHttpResponseCodec.decode(AbstractHttpResponseCodec.java:44)
	at org.openqa.selenium.remote.HttpCommandExecutor.execute(HttpCommandExecutor.java:164)
	at org.openqa.selenium.remote.service.DriverCommandExecutor.execute(DriverCommandExecutor.java:83)
	at org.openqa.selenium.remote.RemoteWebDriver.execute(RemoteWebDriver.java:600)
	at com.kms.katalon.selenium.driver.CChromeDriver.execute(CChromeDriver.java:20)
	at org.openqa.selenium.remote.RemoteWebElement.execute(RemoteWebElement.java:279)
	at org.openqa.selenium.remote.RemoteWebElement.click(RemoteWebElement.java:83)
	at com.kms.katalon.core.webui.keyword.builtin.ClickKeyword$_click_closure1.doCall(ClickKeyword.groovy:79)
	at com.kms.katalon.core.webui.keyword.builtin.ClickKeyword$_click_closure1.call(ClickKeyword.groovy)
	at com.kms.katalon.core.webui.keyword.internal.WebUIKeywordMain.runKeyword(WebUIKeywordMain.groovy:20)
	at com.kms.katalon.core.webui.keyword.builtin.ClickKeyword.click(ClickKeyword.groovy:86)
	at com.kms.katalon.core.webui.keyword.builtin.ClickKeyword.execute(ClickKeyword.groovy:67)
	at com.kms.katalon.core.keyword.internal.KeywordExecutor.executeKeywordForPlatform(KeywordExecutor.groovy:56)
	at com.kms.katalon.core.webui.keyword.WebUiBuiltInKeywords.click(WebUiBuiltInKeywords.groovy:616)
	at com.kms.katalon.core.webui.keyword.WebUiBuiltInKeywords$click$2.call(Unknown Source)
	at Script1554207645034.run(Script1554207645034.groovy:30)
	... 13 more]]></system-err>
      </testcase>
      <testcase name="Test Cases/SMS/sms broadcast/TC11173" classname="Test Cases/SMS/sms broadcast/TC11173" status="PASSED">
         <system-out><![CDATA[2019-04-21 05:19:47 - [TEST_CASE][PASSED] - Test Cases/SMS/sms broadcast/TC11173: Test Cases/SMS/sms broadcast/TC11173

2019-04-21 05:19:47 - [TEST_STEP][PASSED] - callTestCase(findTestCase("SMS/SMSPlatform"), [:], STOP_ON_FAILURE): Call Test Case 'Test Cases/SMS/SMSPlatform' successfully

2019-04-21 05:19:47 - [TEST_CASE][PASSED] - Test Cases/SMS/SMSPlatform: Test Cases/SMS/SMSPlatform

2019-04-21 05:19:47 - [TEST_STEP][PASSED] - click(findTestObject("Page_KiboEngage  Dashboard/a_SMS (1)")): Object: 'Object Repository/Page_KiboEngage  Dashboard/a_SMS (1)' is clicked on

2019-04-21 05:19:47 - [MESSAGE][PASSED] - Object: 'Object Repository/Page_KiboEngage  Dashboard/a_SMS (1)' is clicked on

2019-04-21 05:19:47 - [TEST_STEP][PASSED] - click(findTestObject("Page_KiboEngage  Dashboard/span_SMS (1)")): Object: 'Object Repository/Page_KiboEngage  Dashboard/span_SMS (1)' is clicked on

2019-04-21 05:19:47 - [MESSAGE][PASSED] - Object: 'Object Repository/Page_KiboEngage  Dashboard/span_SMS (1)' is clicked on

2019-04-21 05:19:47 - [TEST_STEP][PASSED] - delay(1): Delayed 1 second(s)

2019-04-21 05:19:48 - [MESSAGE][PASSED] - Delayed 1 second(s)

2019-04-21 05:19:48 - [MESSAGE][PASSED] - Call Test Case 'Test Cases/SMS/SMSPlatform' successfully

2019-04-21 05:19:48 - [TEST_STEP][PASSED] - click(findTestObject("Page_KiboPush  Dashboard/span_Dashboard")): Object: 'Object Repository/Page_KiboPush  Dashboard/span_Dashboard' is clicked on

2019-04-21 05:19:48 - [MESSAGE][PASSED] - Object: 'Object Repository/Page_KiboPush  Dashboard/span_Dashboard' is clicked on

2019-04-21 05:19:48 - [TEST_STEP][PASSED] - delay(1): Delayed 1 second(s)

2019-04-21 05:19:49 - [MESSAGE][PASSED] - Delayed 1 second(s)

2019-04-21 05:19:49 - [TEST_STEP][PASSED] - click(findTestObject("Page_KiboEngage  Dashboard/span_Broadcasting (1)")): Object: 'Object Repository/Page_KiboEngage  Dashboard/span_Broadcasting (1)' is clicked on

2019-04-21 05:19:49 - [MESSAGE][PASSED] - Object: 'Object Repository/Page_KiboEngage  Dashboard/span_Broadcasting (1)' is clicked on

2019-04-21 05:19:49 - [TEST_STEP][PASSED] - delay(1): Delayed 1 second(s)

2019-04-21 05:19:50 - [MESSAGE][PASSED] - Delayed 1 second(s)

2019-04-21 05:19:50 - [TEST_STEP][PASSED] - click(findTestObject("Object Repository/Page_KiboEngage  Dashboard/span_Broadcasts")): Object: 'Object Repository/Page_KiboEngage  Dashboard/span_Broadcasts' is clicked on

2019-04-21 05:19:51 - [MESSAGE][PASSED] - Object: 'Object Repository/Page_KiboEngage  Dashboard/span_Broadcasts' is clicked on

2019-04-21 05:19:51 - [TEST_STEP][PASSED] - delay(1): Delayed 1 second(s)

2019-04-21 05:19:52 - [MESSAGE][PASSED] - Delayed 1 second(s)

2019-04-21 05:19:52 - [TEST_STEP][PASSED] - click(findTestObject("Object Repository/Page_KiboEngage  Broadcasts/h3_Broadcasts")): Object: 'Object Repository/Page_KiboEngage  Broadcasts/h3_Broadcasts' is clicked on

2019-04-21 05:19:52 - [MESSAGE][PASSED] - Object: 'Object Repository/Page_KiboEngage  Broadcasts/h3_Broadcasts' is clicked on

2019-04-21 05:19:52 - [TEST_STEP][PASSED] - delay(1): Delayed 1 second(s)

2019-04-21 05:19:53 - [MESSAGE][PASSED] - Delayed 1 second(s)]]></system-out>
         <system-err><![CDATA[]]></system-err>
      </testcase>
      <testcase name="Test Cases/SMS/sms broadcast/TC11174" classname="Test Cases/SMS/sms broadcast/TC11174" status="FAILED">
         <failure type="FAILED" message="Test Cases/SMS/sms broadcast/TC11174 FAILED.
Reason:
com.kms.katalon.core.exception.StepFailedException: Unable to click on object 'Object Repository/Page_KiboEngage  Dashboard/span_Broadcasts'
	at com.kms.katalon.core.webui.keyword.internal.WebUIKeywordMain.stepFailed(WebUIKeywordMain.groovy:64)
	at com.kms.katalon.core.webui.keyword.internal.WebUIKeywordMain.runKeyword(WebUIKeywordMain.groovy:26)
	at com.kms.katalon.core.webui.keyword.builtin.ClickKeyword.click(ClickKeyword.groovy:86)
	at com.kms.katalon.core.webui.keyword.builtin.ClickKeyword.execute(ClickKeyword.groovy:67)
	at com.kms.katalon.core.keyword.internal.KeywordExecutor.executeKeywordForPlatform(KeywordExecutor.groovy:56)
	at com.kms.katalon.core.webui.keyword.WebUiBuiltInKeywords.click(WebUiBuiltInKeywords.groovy:616)
	at com.kms.katalon.core.webui.keyword.WebUiBuiltInKeywords$click$2.call(Unknown Source)
	at TC11174.run(TC11174:30)
	at com.kms.katalon.core.main.ScriptEngine.run(ScriptEngine.java:194)
	at com.kms.katalon.core.main.ScriptEngine.runScriptAsRawText(ScriptEngine.java:119)
	at com.kms.katalon.core.main.TestCaseExecutor.runScript(TestCaseExecutor.java:336)
	at com.kms.katalon.core.main.TestCaseExecutor.doExecute(TestCaseExecutor.java:327)
	at com.kms.katalon.core.main.TestCaseExecutor.processExecutionPhase(TestCaseExecutor.java:306)
	at com.kms.katalon.core.main.TestCaseExecutor.accessMainPhase(TestCaseExecutor.java:298)
	at com.kms.katalon.core.main.TestCaseExecutor.execute(TestCaseExecutor.java:232)
	at com.kms.katalon.core.main.TestSuiteExecutor.accessTestCaseMainPhase(TestSuiteExecutor.java:129)
	at com.kms.katalon.core.main.TestSuiteExecutor.accessTestSuiteMainPhase(TestSuiteExecutor.java:112)
	at com.kms.katalon.core.main.TestSuiteExecutor.execute(TestSuiteExecutor.java:81)
	at com.kms.katalon.core.main.TestCaseMain.startTestSuite(TestCaseMain.java:157)
	at com.kms.katalon.core.main.TestCaseMain$startTestSuite$0.call(Unknown Source)
	at TempTestSuite1555805827617.run(TempTestSuite1555805827617.groovy:35)
Caused by: org.openqa.selenium.ElementNotVisibleException: element not interactable
  (Session info: chrome=73.0.3683.103)
  (Driver info: chromedriver=73.0.3683.68 (47787ec04b6e38e22703e856e101e840b65afe72),platform=Linux 4.15.0-47-generic x86_64) (WARNING: The server did not provide any stacktrace information)
Command duration or timeout: 0 milliseconds
Build info: version: '3.7.1', revision: '8a0099a', time: '2017-11-06T21:07:36.161Z'
System info: host: 'faizan-HP-EliteBook-850-G2', ip: '127.0.1.1', os.name: 'Linux', os.arch: 'amd64', os.version: '4.15.0-47-generic', java.version: '1.8.0_191'
Driver info: com.kms.katalon.selenium.driver.CChromeDriver
Capabilities {acceptInsecureCerts: false, acceptSslCerts: false, applicationCacheEnabled: false, browserConnectionEnabled: false, browserName: chrome, chrome: {chromedriverVersion: 73.0.3683.68 (47787ec04b6e3..., userDataDir: /tmp/.com.google.Chrome.3MGpH3}, cssSelectorsEnabled: true, databaseEnabled: false, goog:chromeOptions: {debuggerAddress: localhost:40385}, handlesAlerts: true, hasTouchScreen: false, javascriptEnabled: true, locationContextEnabled: true, mobileEmulationEnabled: false, nativeEvents: true, networkConnectionEnabled: false, pageLoadStrategy: normal, platform: LINUX, platformName: LINUX, proxy: Proxy(direct), rotatable: false, setWindowRect: true, strictFileInteractability: false, takesHeapSnapshot: true, takesScreenshot: true, timeouts: {implicit: 0, pageLoad: 300000, script: 30000}, unexpectedAlertBehaviour: ignore, unhandledPromptBehavior: ignore, version: 73.0.3683.103, webStorageEnabled: true}
Session ID: f87268ee1c35c1ced596fe180b363839
	at org.openqa.selenium.remote.ErrorHandler.createThrowable(ErrorHandler.java:214)
	at org.openqa.selenium.remote.ErrorHandler.throwIfResponseFailed(ErrorHandler.java:166)
	at org.openqa.selenium.remote.http.JsonHttpResponseCodec.reconstructValue(JsonHttpResponseCodec.java:40)
	at org.openqa.selenium.remote.http.AbstractHttpResponseCodec.decode(AbstractHttpResponseCodec.java:80)
	at org.openqa.selenium.remote.http.AbstractHttpResponseCodec.decode(AbstractHttpResponseCodec.java:44)
	at org.openqa.selenium.remote.HttpCommandExecutor.execute(HttpCommandExecutor.java:164)
	at org.openqa.selenium.remote.service.DriverCommandExecutor.execute(DriverCommandExecutor.java:83)
	at org.openqa.selenium.remote.RemoteWebDriver.execute(RemoteWebDriver.java:600)
	at com.kms.katalon.selenium.driver.CChromeDriver.execute(CChromeDriver.java:20)
	at org.openqa.selenium.remote.RemoteWebElement.execute(RemoteWebElement.java:279)
	at org.openqa.selenium.remote.RemoteWebElement.click(RemoteWebElement.java:83)
	at com.kms.katalon.core.webui.keyword.builtin.ClickKeyword$_click_closure1.doCall(ClickKeyword.groovy:79)
	at com.kms.katalon.core.webui.keyword.builtin.ClickKeyword$_click_closure1.call(ClickKeyword.groovy)
	at com.kms.katalon.core.webui.keyword.internal.WebUIKeywordMain.runKeyword(WebUIKeywordMain.groovy:20)
	at com.kms.katalon.core.webui.keyword.builtin.ClickKeyword.click(ClickKeyword.groovy:86)
	at com.kms.katalon.core.webui.keyword.builtin.ClickKeyword.execute(ClickKeyword.groovy:67)
	at com.kms.katalon.core.keyword.internal.KeywordExecutor.executeKeywordForPlatform(KeywordExecutor.groovy:56)
	at com.kms.katalon.core.webui.keyword.WebUiBuiltInKeywords.click(WebUiBuiltInKeywords.groovy:616)
	at com.kms.katalon.core.webui.keyword.WebUiBuiltInKeywords$click$2.call(Unknown Source)
	at Script1554207937899.run(Script1554207937899.groovy:30)
	... 13 more
"/>
         <system-out><![CDATA[2019-04-21 05:19:53 - [TEST_CASE][FAILED] - Test Cases/SMS/sms broadcast/TC11174: Test Cases/SMS/sms broadcast/TC11174 FAILED.
Reason:
com.kms.katalon.core.exception.StepFailedException: Unable to click on object 'Object Repository/Page_KiboEngage  Dashboard/span_Broadcasts'
	at com.kms.katalon.core.webui.keyword.internal.WebUIKeywordMain.stepFailed(WebUIKeywordMain.groovy:64)
	at com.kms.katalon.core.webui.keyword.internal.WebUIKeywordMain.runKeyword(WebUIKeywordMain.groovy:26)
	at com.kms.katalon.core.webui.keyword.builtin.ClickKeyword.click(ClickKeyword.groovy:86)
	at com.kms.katalon.core.webui.keyword.builtin.ClickKeyword.execute(ClickKeyword.groovy:67)
	at com.kms.katalon.core.keyword.internal.KeywordExecutor.executeKeywordForPlatform(KeywordExecutor.groovy:56)
	at com.kms.katalon.core.webui.keyword.WebUiBuiltInKeywords.click(WebUiBuiltInKeywords.groovy:616)
	at com.kms.katalon.core.webui.keyword.WebUiBuiltInKeywords$click$2.call(Unknown Source)
	at TC11174.run(TC11174:30)
	at com.kms.katalon.core.main.ScriptEngine.run(ScriptEngine.java:194)
	at com.kms.katalon.core.main.ScriptEngine.runScriptAsRawText(ScriptEngine.java:119)
	at com.kms.katalon.core.main.TestCaseExecutor.runScript(TestCaseExecutor.java:336)
	at com.kms.katalon.core.main.TestCaseExecutor.doExecute(TestCaseExecutor.java:327)
	at com.kms.katalon.core.main.TestCaseExecutor.processExecutionPhase(TestCaseExecutor.java:306)
	at com.kms.katalon.core.main.TestCaseExecutor.accessMainPhase(TestCaseExecutor.java:298)
	at com.kms.katalon.core.main.TestCaseExecutor.execute(TestCaseExecutor.java:232)
	at com.kms.katalon.core.main.TestSuiteExecutor.accessTestCaseMainPhase(TestSuiteExecutor.java:129)
	at com.kms.katalon.core.main.TestSuiteExecutor.accessTestSuiteMainPhase(TestSuiteExecutor.java:112)
	at com.kms.katalon.core.main.TestSuiteExecutor.execute(TestSuiteExecutor.java:81)
	at com.kms.katalon.core.main.TestCaseMain.startTestSuite(TestCaseMain.java:157)
	at com.kms.katalon.core.main.TestCaseMain$startTestSuite$0.call(Unknown Source)
	at TempTestSuite1555805827617.run(TempTestSuite1555805827617.groovy:35)
Caused by: org.openqa.selenium.ElementNotVisibleException: element not interactable
  (Session info: chrome=73.0.3683.103)
  (Driver info: chromedriver=73.0.3683.68 (47787ec04b6e38e22703e856e101e840b65afe72),platform=Linux 4.15.0-47-generic x86_64) (WARNING: The server did not provide any stacktrace information)
Command duration or timeout: 0 milliseconds
Build info: version: '3.7.1', revision: '8a0099a', time: '2017-11-06T21:07:36.161Z'
System info: host: 'faizan-HP-EliteBook-850-G2', ip: '127.0.1.1', os.name: 'Linux', os.arch: 'amd64', os.version: '4.15.0-47-generic', java.version: '1.8.0_191'
Driver info: com.kms.katalon.selenium.driver.CChromeDriver
Capabilities {acceptInsecureCerts: false, acceptSslCerts: false, applicationCacheEnabled: false, browserConnectionEnabled: false, browserName: chrome, chrome: {chromedriverVersion: 73.0.3683.68 (47787ec04b6e3..., userDataDir: /tmp/.com.google.Chrome.3MGpH3}, cssSelectorsEnabled: true, databaseEnabled: false, goog:chromeOptions: {debuggerAddress: localhost:40385}, handlesAlerts: true, hasTouchScreen: false, javascriptEnabled: true, locationContextEnabled: true, mobileEmulationEnabled: false, nativeEvents: true, networkConnectionEnabled: false, pageLoadStrategy: normal, platform: LINUX, platformName: LINUX, proxy: Proxy(direct), rotatable: false, setWindowRect: true, strictFileInteractability: false, takesHeapSnapshot: true, takesScreenshot: true, timeouts: {implicit: 0, pageLoad: 300000, script: 30000}, unexpectedAlertBehaviour: ignore, unhandledPromptBehavior: ignore, version: 73.0.3683.103, webStorageEnabled: true}
Session ID: f87268ee1c35c1ced596fe180b363839
	at org.openqa.selenium.remote.ErrorHandler.createThrowable(ErrorHandler.java:214)
	at org.openqa.selenium.remote.ErrorHandler.throwIfResponseFailed(ErrorHandler.java:166)
	at org.openqa.selenium.remote.http.JsonHttpResponseCodec.reconstructValue(JsonHttpResponseCodec.java:40)
	at org.openqa.selenium.remote.http.AbstractHttpResponseCodec.decode(AbstractHttpResponseCodec.java:80)
	at org.openqa.selenium.remote.http.AbstractHttpResponseCodec.decode(AbstractHttpResponseCodec.java:44)
	at org.openqa.selenium.remote.HttpCommandExecutor.execute(HttpCommandExecutor.java:164)
	at org.openqa.selenium.remote.service.DriverCommandExecutor.execute(DriverCommandExecutor.java:83)
	at org.openqa.selenium.remote.RemoteWebDriver.execute(RemoteWebDriver.java:600)
	at com.kms.katalon.selenium.driver.CChromeDriver.execute(CChromeDriver.java:20)
	at org.openqa.selenium.remote.RemoteWebElement.execute(RemoteWebElement.java:279)
	at org.openqa.selenium.remote.RemoteWebElement.click(RemoteWebElement.java:83)
	at com.kms.katalon.core.webui.keyword.builtin.ClickKeyword$_click_closure1.doCall(ClickKeyword.groovy:79)
	at com.kms.katalon.core.webui.keyword.builtin.ClickKeyword$_click_closure1.call(ClickKeyword.groovy)
	at com.kms.katalon.core.webui.keyword.internal.WebUIKeywordMain.runKeyword(WebUIKeywordMain.groovy:20)
	at com.kms.katalon.core.webui.keyword.builtin.ClickKeyword.click(ClickKeyword.groovy:86)
	at com.kms.katalon.core.webui.keyword.builtin.ClickKeyword.execute(ClickKeyword.groovy:67)
	at com.kms.katalon.core.keyword.internal.KeywordExecutor.executeKeywordForPlatform(KeywordExecutor.groovy:56)
	at com.kms.katalon.core.webui.keyword.WebUiBuiltInKeywords.click(WebUiBuiltInKeywords.groovy:616)
	at com.kms.katalon.core.webui.keyword.WebUiBuiltInKeywords$click$2.call(Unknown Source)
	at Script1554207937899.run(Script1554207937899.groovy:30)
	... 13 more


2019-04-21 05:19:53 - [TEST_STEP][PASSED] - callTestCase(findTestCase("SMS/SMSPlatform"), [:], STOP_ON_FAILURE): Call Test Case 'Test Cases/SMS/SMSPlatform' successfully

2019-04-21 05:19:53 - [TEST_CASE][PASSED] - Test Cases/SMS/SMSPlatform: Test Cases/SMS/SMSPlatform

2019-04-21 05:19:53 - [TEST_STEP][PASSED] - click(findTestObject("Page_KiboEngage  Dashboard/a_SMS (1)")): Object: 'Object Repository/Page_KiboEngage  Dashboard/a_SMS (1)' is clicked on

2019-04-21 05:19:53 - [MESSAGE][PASSED] - Object: 'Object Repository/Page_KiboEngage  Dashboard/a_SMS (1)' is clicked on

2019-04-21 05:19:53 - [TEST_STEP][PASSED] - click(findTestObject("Page_KiboEngage  Dashboard/span_SMS (1)")): Object: 'Object Repository/Page_KiboEngage  Dashboard/span_SMS (1)' is clicked on

2019-04-21 05:19:53 - [MESSAGE][PASSED] - Object: 'Object Repository/Page_KiboEngage  Dashboard/span_SMS (1)' is clicked on

2019-04-21 05:19:53 - [TEST_STEP][PASSED] - delay(1): Delayed 1 second(s)

2019-04-21 05:19:54 - [MESSAGE][PASSED] - Delayed 1 second(s)

2019-04-21 05:19:54 - [MESSAGE][PASSED] - Call Test Case 'Test Cases/SMS/SMSPlatform' successfully

2019-04-21 05:19:54 - [TEST_STEP][PASSED] - click(findTestObject("Page_KiboPush  Dashboard/span_Dashboard")): Object: 'Object Repository/Page_KiboPush  Dashboard/span_Dashboard' is clicked on

2019-04-21 05:19:54 - [MESSAGE][PASSED] - Object: 'Object Repository/Page_KiboPush  Dashboard/span_Dashboard' is clicked on

2019-04-21 05:19:54 - [TEST_STEP][PASSED] - delay(1): Delayed 1 second(s)

2019-04-21 05:19:55 - [MESSAGE][PASSED] - Delayed 1 second(s)

2019-04-21 05:19:55 - [TEST_STEP][PASSED] - click(findTestObject("Page_KiboEngage  Dashboard/span_Broadcasting (1)")): Object: 'Object Repository/Page_KiboEngage  Dashboard/span_Broadcasting (1)' is clicked on

2019-04-21 05:19:56 - [MESSAGE][PASSED] - Object: 'Object Repository/Page_KiboEngage  Dashboard/span_Broadcasting (1)' is clicked on

2019-04-21 05:19:56 - [TEST_STEP][PASSED] - delay(1): Delayed 1 second(s)

2019-04-21 05:19:57 - [MESSAGE][PASSED] - Delayed 1 second(s)

2019-04-21 05:19:57 - [TEST_STEP][FAILED] - click(findTestObject("Object Repository/Page_KiboEngage  Dashboard/span_Broadcasts")): Unable to click on object 'Object Repository/Page_KiboEngage  Dashboard/span_Broadcasts' (Root cause: com.kms.katalon.core.exception.StepFailedException: Unable to click on object 'Object Repository/Page_KiboEngage  Dashboard/span_Broadcasts'
	at com.kms.katalon.core.webui.keyword.internal.WebUIKeywordMain.stepFailed(WebUIKeywordMain.groovy:64)
	at com.kms.katalon.core.webui.keyword.internal.WebUIKeywordMain.runKeyword(WebUIKeywordMain.groovy:26)
	at com.kms.katalon.core.webui.keyword.builtin.ClickKeyword.click(ClickKeyword.groovy:86)
	at com.kms.katalon.core.webui.keyword.builtin.ClickKeyword.execute(ClickKeyword.groovy:67)
	at com.kms.katalon.core.keyword.internal.KeywordExecutor.executeKeywordForPlatform(KeywordExecutor.groovy:56)
	at com.kms.katalon.core.webui.keyword.WebUiBuiltInKeywords.click(WebUiBuiltInKeywords.groovy:616)
	at com.kms.katalon.core.webui.keyword.WebUiBuiltInKeywords$click$2.call(Unknown Source)
	at TC11174.run(TC11174:30)
	at com.kms.katalon.core.main.ScriptEngine.run(ScriptEngine.java:194)
	at com.kms.katalon.core.main.ScriptEngine.runScriptAsRawText(ScriptEngine.java:119)
	at com.kms.katalon.core.main.TestCaseExecutor.runScript(TestCaseExecutor.java:336)
	at com.kms.katalon.core.main.TestCaseExecutor.doExecute(TestCaseExecutor.java:327)
	at com.kms.katalon.core.main.TestCaseExecutor.processExecutionPhase(TestCaseExecutor.java:306)
	at com.kms.katalon.core.main.TestCaseExecutor.accessMainPhase(TestCaseExecutor.java:298)
	at com.kms.katalon.core.main.TestCaseExecutor.execute(TestCaseExecutor.java:232)
	at com.kms.katalon.core.main.TestSuiteExecutor.accessTestCaseMainPhase(TestSuiteExecutor.java:129)
	at com.kms.katalon.core.main.TestSuiteExecutor.accessTestSuiteMainPhase(TestSuiteExecutor.java:112)
	at com.kms.katalon.core.main.TestSuiteExecutor.execute(TestSuiteExecutor.java:81)
	at com.kms.katalon.core.main.TestCaseMain.startTestSuite(TestCaseMain.java:157)
	at com.kms.katalon.core.main.TestCaseMain$startTestSuite$0.call(Unknown Source)
	at TempTestSuite1555805827617.run(TempTestSuite1555805827617.groovy:35)
Caused by: org.openqa.selenium.ElementNotVisibleException: element not interactable
  (Session info: chrome=73.0.3683.103)
  (Driver info: chromedriver=73.0.3683.68 (47787ec04b6e38e22703e856e101e840b65afe72),platform=Linux 4.15.0-47-generic x86_64) (WARNING: The server did not provide any stacktrace information)
Command duration or timeout: 0 milliseconds
Build info: version: '3.7.1', revision: '8a0099a', time: '2017-11-06T21:07:36.161Z'
System info: host: 'faizan-HP-EliteBook-850-G2', ip: '127.0.1.1', os.name: 'Linux', os.arch: 'amd64', os.version: '4.15.0-47-generic', java.version: '1.8.0_191'
Driver info: com.kms.katalon.selenium.driver.CChromeDriver
Capabilities {acceptInsecureCerts: false, acceptSslCerts: false, applicationCacheEnabled: false, browserConnectionEnabled: false, browserName: chrome, chrome: {chromedriverVersion: 73.0.3683.68 (47787ec04b6e3..., userDataDir: /tmp/.com.google.Chrome.3MGpH3}, cssSelectorsEnabled: true, databaseEnabled: false, goog:chromeOptions: {debuggerAddress: localhost:40385}, handlesAlerts: true, hasTouchScreen: false, javascriptEnabled: true, locationContextEnabled: true, mobileEmulationEnabled: false, nativeEvents: true, networkConnectionEnabled: false, pageLoadStrategy: normal, platform: LINUX, platformName: LINUX, proxy: Proxy(direct), rotatable: false, setWindowRect: true, strictFileInteractability: false, takesHeapSnapshot: true, takesScreenshot: true, timeouts: {implicit: 0, pageLoad: 300000, script: 30000}, unexpectedAlertBehaviour: ignore, unhandledPromptBehavior: ignore, version: 73.0.3683.103, webStorageEnabled: true}
Session ID: f87268ee1c35c1ced596fe180b363839
	at org.openqa.selenium.remote.ErrorHandler.createThrowable(ErrorHandler.java:214)
	at org.openqa.selenium.remote.ErrorHandler.throwIfResponseFailed(ErrorHandler.java:166)
	at org.openqa.selenium.remote.http.JsonHttpResponseCodec.reconstructValue(JsonHttpResponseCodec.java:40)
	at org.openqa.selenium.remote.http.AbstractHttpResponseCodec.decode(AbstractHttpResponseCodec.java:80)
	at org.openqa.selenium.remote.http.AbstractHttpResponseCodec.decode(AbstractHttpResponseCodec.java:44)
	at org.openqa.selenium.remote.HttpCommandExecutor.execute(HttpCommandExecutor.java:164)
	at org.openqa.selenium.remote.service.DriverCommandExecutor.execute(DriverCommandExecutor.java:83)
	at org.openqa.selenium.remote.RemoteWebDriver.execute(RemoteWebDriver.java:600)
	at com.kms.katalon.selenium.driver.CChromeDriver.execute(CChromeDriver.java:20)
	at org.openqa.selenium.remote.RemoteWebElement.execute(RemoteWebElement.java:279)
	at org.openqa.selenium.remote.RemoteWebElement.click(RemoteWebElement.java:83)
	at com.kms.katalon.core.webui.keyword.builtin.ClickKeyword$_click_closure1.doCall(ClickKeyword.groovy:79)
	at com.kms.katalon.core.webui.keyword.builtin.ClickKeyword$_click_closure1.call(ClickKeyword.groovy)
	at com.kms.katalon.core.webui.keyword.internal.WebUIKeywordMain.runKeyword(WebUIKeywordMain.groovy:20)
	at com.kms.katalon.core.webui.keyword.builtin.ClickKeyword.click(ClickKeyword.groovy:86)
	at com.kms.katalon.core.webui.keyword.builtin.ClickKeyword.execute(ClickKeyword.groovy:67)
	at com.kms.katalon.core.keyword.internal.KeywordExecutor.executeKeywordForPlatform(KeywordExecutor.groovy:56)
	at com.kms.katalon.core.webui.keyword.WebUiBuiltInKeywords.click(WebUiBuiltInKeywords.groovy:616)
	at com.kms.katalon.core.webui.keyword.WebUiBuiltInKeywords$click$2.call(Unknown Source)
	at Script1554207937899.run(Script1554207937899.groovy:30)
	... 13 more
)

2019-04-21 05:19:57 - [MESSAGE][FAILED] - Unable to click on object 'Object Repository/Page_KiboEngage  Dashboard/span_Broadcasts' (Root cause: com.kms.katalon.core.exception.StepFailedException: Unable to click on object 'Object Repository/Page_KiboEngage  Dashboard/span_Broadcasts'
	at com.kms.katalon.core.webui.keyword.internal.WebUIKeywordMain.stepFailed(WebUIKeywordMain.groovy:64)
	at com.kms.katalon.core.webui.keyword.internal.WebUIKeywordMain.runKeyword(WebUIKeywordMain.groovy:26)
	at com.kms.katalon.core.webui.keyword.builtin.ClickKeyword.click(ClickKeyword.groovy:86)
	at com.kms.katalon.core.webui.keyword.builtin.ClickKeyword.execute(ClickKeyword.groovy:67)
	at com.kms.katalon.core.keyword.internal.KeywordExecutor.executeKeywordForPlatform(KeywordExecutor.groovy:56)
	at com.kms.katalon.core.webui.keyword.WebUiBuiltInKeywords.click(WebUiBuiltInKeywords.groovy:616)
	at com.kms.katalon.core.webui.keyword.WebUiBuiltInKeywords$click$2.call(Unknown Source)
	at TC11174.run(TC11174:30)
	at com.kms.katalon.core.main.ScriptEngine.run(ScriptEngine.java:194)
	at com.kms.katalon.core.main.ScriptEngine.runScriptAsRawText(ScriptEngine.java:119)
	at com.kms.katalon.core.main.TestCaseExecutor.runScript(TestCaseExecutor.java:336)
	at com.kms.katalon.core.main.TestCaseExecutor.doExecute(TestCaseExecutor.java:327)
	at com.kms.katalon.core.main.TestCaseExecutor.processExecutionPhase(TestCaseExecutor.java:306)
	at com.kms.katalon.core.main.TestCaseExecutor.accessMainPhase(TestCaseExecutor.java:298)
	at com.kms.katalon.core.main.TestCaseExecutor.execute(TestCaseExecutor.java:232)
	at com.kms.katalon.core.main.TestSuiteExecutor.accessTestCaseMainPhase(TestSuiteExecutor.java:129)
	at com.kms.katalon.core.main.TestSuiteExecutor.accessTestSuiteMainPhase(TestSuiteExecutor.java:112)
	at com.kms.katalon.core.main.TestSuiteExecutor.execute(TestSuiteExecutor.java:81)
	at com.kms.katalon.core.main.TestCaseMain.startTestSuite(TestCaseMain.java:157)
	at com.kms.katalon.core.main.TestCaseMain$startTestSuite$0.call(Unknown Source)
	at TempTestSuite1555805827617.run(TempTestSuite1555805827617.groovy:35)
Caused by: org.openqa.selenium.ElementNotVisibleException: element not interactable
  (Session info: chrome=73.0.3683.103)
  (Driver info: chromedriver=73.0.3683.68 (47787ec04b6e38e22703e856e101e840b65afe72),platform=Linux 4.15.0-47-generic x86_64) (WARNING: The server did not provide any stacktrace information)
Command duration or timeout: 0 milliseconds
Build info: version: '3.7.1', revision: '8a0099a', time: '2017-11-06T21:07:36.161Z'
System info: host: 'faizan-HP-EliteBook-850-G2', ip: '127.0.1.1', os.name: 'Linux', os.arch: 'amd64', os.version: '4.15.0-47-generic', java.version: '1.8.0_191'
Driver info: com.kms.katalon.selenium.driver.CChromeDriver
Capabilities {acceptInsecureCerts: false, acceptSslCerts: false, applicationCacheEnabled: false, browserConnectionEnabled: false, browserName: chrome, chrome: {chromedriverVersion: 73.0.3683.68 (47787ec04b6e3..., userDataDir: /tmp/.com.google.Chrome.3MGpH3}, cssSelectorsEnabled: true, databaseEnabled: false, goog:chromeOptions: {debuggerAddress: localhost:40385}, handlesAlerts: true, hasTouchScreen: false, javascriptEnabled: true, locationContextEnabled: true, mobileEmulationEnabled: false, nativeEvents: true, networkConnectionEnabled: false, pageLoadStrategy: normal, platform: LINUX, platformName: LINUX, proxy: Proxy(direct), rotatable: false, setWindowRect: true, strictFileInteractability: false, takesHeapSnapshot: true, takesScreenshot: true, timeouts: {implicit: 0, pageLoad: 300000, script: 30000}, unexpectedAlertBehaviour: ignore, unhandledPromptBehavior: ignore, version: 73.0.3683.103, webStorageEnabled: true}
Session ID: f87268ee1c35c1ced596fe180b363839
	at org.openqa.selenium.remote.ErrorHandler.createThrowable(ErrorHandler.java:214)
	at org.openqa.selenium.remote.ErrorHandler.throwIfResponseFailed(ErrorHandler.java:166)
	at org.openqa.selenium.remote.http.JsonHttpResponseCodec.reconstructValue(JsonHttpResponseCodec.java:40)
	at org.openqa.selenium.remote.http.AbstractHttpResponseCodec.decode(AbstractHttpResponseCodec.java:80)
	at org.openqa.selenium.remote.http.AbstractHttpResponseCodec.decode(AbstractHttpResponseCodec.java:44)
	at org.openqa.selenium.remote.HttpCommandExecutor.execute(HttpCommandExecutor.java:164)
	at org.openqa.selenium.remote.service.DriverCommandExecutor.execute(DriverCommandExecutor.java:83)
	at org.openqa.selenium.remote.RemoteWebDriver.execute(RemoteWebDriver.java:600)
	at com.kms.katalon.selenium.driver.CChromeDriver.execute(CChromeDriver.java:20)
	at org.openqa.selenium.remote.RemoteWebElement.execute(RemoteWebElement.java:279)
	at org.openqa.selenium.remote.RemoteWebElement.click(RemoteWebElement.java:83)
	at com.kms.katalon.core.webui.keyword.builtin.ClickKeyword$_click_closure1.doCall(ClickKeyword.groovy:79)
	at com.kms.katalon.core.webui.keyword.builtin.ClickKeyword$_click_closure1.call(ClickKeyword.groovy)
	at com.kms.katalon.core.webui.keyword.internal.WebUIKeywordMain.runKeyword(WebUIKeywordMain.groovy:20)
	at com.kms.katalon.core.webui.keyword.builtin.ClickKeyword.click(ClickKeyword.groovy:86)
	at com.kms.katalon.core.webui.keyword.builtin.ClickKeyword.execute(ClickKeyword.groovy:67)
	at com.kms.katalon.core.keyword.internal.KeywordExecutor.executeKeywordForPlatform(KeywordExecutor.groovy:56)
	at com.kms.katalon.core.webui.keyword.WebUiBuiltInKeywords.click(WebUiBuiltInKeywords.groovy:616)
	at com.kms.katalon.core.webui.keyword.WebUiBuiltInKeywords$click$2.call(Unknown Source)
	at Script1554207937899.run(Script1554207937899.groovy:30)
	... 13 more
)
[[ATTACHMENT|/home/faizan/Drive/KiboPush_Automated_Testing/KiboPush Katalon/Reports/Faizan Suits/SMS/20190421_051707/1555805997355.png]]]]></system-out>
         <system-err><![CDATA[2019-04-21 05:19:53 - [TEST_CASE][FAILED] - Test Cases/SMS/sms broadcast/TC11174: Test Cases/SMS/sms broadcast/TC11174 FAILED.
Reason:
com.kms.katalon.core.exception.StepFailedException: Unable to click on object 'Object Repository/Page_KiboEngage  Dashboard/span_Broadcasts'
	at com.kms.katalon.core.webui.keyword.internal.WebUIKeywordMain.stepFailed(WebUIKeywordMain.groovy:64)
	at com.kms.katalon.core.webui.keyword.internal.WebUIKeywordMain.runKeyword(WebUIKeywordMain.groovy:26)
	at com.kms.katalon.core.webui.keyword.builtin.ClickKeyword.click(ClickKeyword.groovy:86)
	at com.kms.katalon.core.webui.keyword.builtin.ClickKeyword.execute(ClickKeyword.groovy:67)
	at com.kms.katalon.core.keyword.internal.KeywordExecutor.executeKeywordForPlatform(KeywordExecutor.groovy:56)
	at com.kms.katalon.core.webui.keyword.WebUiBuiltInKeywords.click(WebUiBuiltInKeywords.groovy:616)
	at com.kms.katalon.core.webui.keyword.WebUiBuiltInKeywords$click$2.call(Unknown Source)
	at TC11174.run(TC11174:30)
	at com.kms.katalon.core.main.ScriptEngine.run(ScriptEngine.java:194)
	at com.kms.katalon.core.main.ScriptEngine.runScriptAsRawText(ScriptEngine.java:119)
	at com.kms.katalon.core.main.TestCaseExecutor.runScript(TestCaseExecutor.java:336)
	at com.kms.katalon.core.main.TestCaseExecutor.doExecute(TestCaseExecutor.java:327)
	at com.kms.katalon.core.main.TestCaseExecutor.processExecutionPhase(TestCaseExecutor.java:306)
	at com.kms.katalon.core.main.TestCaseExecutor.accessMainPhase(TestCaseExecutor.java:298)
	at com.kms.katalon.core.main.TestCaseExecutor.execute(TestCaseExecutor.java:232)
	at com.kms.katalon.core.main.TestSuiteExecutor.accessTestCaseMainPhase(TestSuiteExecutor.java:129)
	at com.kms.katalon.core.main.TestSuiteExecutor.accessTestSuiteMainPhase(TestSuiteExecutor.java:112)
	at com.kms.katalon.core.main.TestSuiteExecutor.execute(TestSuiteExecutor.java:81)
	at com.kms.katalon.core.main.TestCaseMain.startTestSuite(TestCaseMain.java:157)
	at com.kms.katalon.core.main.TestCaseMain$startTestSuite$0.call(Unknown Source)
	at TempTestSuite1555805827617.run(TempTestSuite1555805827617.groovy:35)
Caused by: org.openqa.selenium.ElementNotVisibleException: element not interactable
  (Session info: chrome=73.0.3683.103)
  (Driver info: chromedriver=73.0.3683.68 (47787ec04b6e38e22703e856e101e840b65afe72),platform=Linux 4.15.0-47-generic x86_64) (WARNING: The server did not provide any stacktrace information)
Command duration or timeout: 0 milliseconds
Build info: version: '3.7.1', revision: '8a0099a', time: '2017-11-06T21:07:36.161Z'
System info: host: 'faizan-HP-EliteBook-850-G2', ip: '127.0.1.1', os.name: 'Linux', os.arch: 'amd64', os.version: '4.15.0-47-generic', java.version: '1.8.0_191'
Driver info: com.kms.katalon.selenium.driver.CChromeDriver
Capabilities {acceptInsecureCerts: false, acceptSslCerts: false, applicationCacheEnabled: false, browserConnectionEnabled: false, browserName: chrome, chrome: {chromedriverVersion: 73.0.3683.68 (47787ec04b6e3..., userDataDir: /tmp/.com.google.Chrome.3MGpH3}, cssSelectorsEnabled: true, databaseEnabled: false, goog:chromeOptions: {debuggerAddress: localhost:40385}, handlesAlerts: true, hasTouchScreen: false, javascriptEnabled: true, locationContextEnabled: true, mobileEmulationEnabled: false, nativeEvents: true, networkConnectionEnabled: false, pageLoadStrategy: normal, platform: LINUX, platformName: LINUX, proxy: Proxy(direct), rotatable: false, setWindowRect: true, strictFileInteractability: false, takesHeapSnapshot: true, takesScreenshot: true, timeouts: {implicit: 0, pageLoad: 300000, script: 30000}, unexpectedAlertBehaviour: ignore, unhandledPromptBehavior: ignore, version: 73.0.3683.103, webStorageEnabled: true}
Session ID: f87268ee1c35c1ced596fe180b363839
	at org.openqa.selenium.remote.ErrorHandler.createThrowable(ErrorHandler.java:214)
	at org.openqa.selenium.remote.ErrorHandler.throwIfResponseFailed(ErrorHandler.java:166)
	at org.openqa.selenium.remote.http.JsonHttpResponseCodec.reconstructValue(JsonHttpResponseCodec.java:40)
	at org.openqa.selenium.remote.http.AbstractHttpResponseCodec.decode(AbstractHttpResponseCodec.java:80)
	at org.openqa.selenium.remote.http.AbstractHttpResponseCodec.decode(AbstractHttpResponseCodec.java:44)
	at org.openqa.selenium.remote.HttpCommandExecutor.execute(HttpCommandExecutor.java:164)
	at org.openqa.selenium.remote.service.DriverCommandExecutor.execute(DriverCommandExecutor.java:83)
	at org.openqa.selenium.remote.RemoteWebDriver.execute(RemoteWebDriver.java:600)
	at com.kms.katalon.selenium.driver.CChromeDriver.execute(CChromeDriver.java:20)
	at org.openqa.selenium.remote.RemoteWebElement.execute(RemoteWebElement.java:279)
	at org.openqa.selenium.remote.RemoteWebElement.click(RemoteWebElement.java:83)
	at com.kms.katalon.core.webui.keyword.builtin.ClickKeyword$_click_closure1.doCall(ClickKeyword.groovy:79)
	at com.kms.katalon.core.webui.keyword.builtin.ClickKeyword$_click_closure1.call(ClickKeyword.groovy)
	at com.kms.katalon.core.webui.keyword.internal.WebUIKeywordMain.runKeyword(WebUIKeywordMain.groovy:20)
	at com.kms.katalon.core.webui.keyword.builtin.ClickKeyword.click(ClickKeyword.groovy:86)
	at com.kms.katalon.core.webui.keyword.builtin.ClickKeyword.execute(ClickKeyword.groovy:67)
	at com.kms.katalon.core.keyword.internal.KeywordExecutor.executeKeywordForPlatform(KeywordExecutor.groovy:56)
	at com.kms.katalon.core.webui.keyword.WebUiBuiltInKeywords.click(WebUiBuiltInKeywords.groovy:616)
	at com.kms.katalon.core.webui.keyword.WebUiBuiltInKeywords$click$2.call(Unknown Source)
	at Script1554207937899.run(Script1554207937899.groovy:30)
	... 13 more]]></system-err>
      </testcase>
      <testcase name="Test Cases/SMS/sms broadcast/TC11175" classname="Test Cases/SMS/sms broadcast/TC11175" status="PASSED">
         <system-out><![CDATA[2019-04-21 05:19:57 - [TEST_CASE][PASSED] - Test Cases/SMS/sms broadcast/TC11175: Test Cases/SMS/sms broadcast/TC11175

2019-04-21 05:19:57 - [TEST_STEP][PASSED] - callTestCase(findTestCase("SMS/SMSPlatform"), [:], STOP_ON_FAILURE): Call Test Case 'Test Cases/SMS/SMSPlatform' successfully

2019-04-21 05:19:57 - [TEST_CASE][PASSED] - Test Cases/SMS/SMSPlatform: Test Cases/SMS/SMSPlatform

2019-04-21 05:19:57 - [TEST_STEP][PASSED] - click(findTestObject("Page_KiboEngage  Dashboard/a_SMS (1)")): Object: 'Object Repository/Page_KiboEngage  Dashboard/a_SMS (1)' is clicked on

2019-04-21 05:19:58 - [MESSAGE][PASSED] - Object: 'Object Repository/Page_KiboEngage  Dashboard/a_SMS (1)' is clicked on

2019-04-21 05:19:58 - [TEST_STEP][PASSED] - click(findTestObject("Page_KiboEngage  Dashboard/span_SMS (1)")): Object: 'Object Repository/Page_KiboEngage  Dashboard/span_SMS (1)' is clicked on

2019-04-21 05:19:58 - [MESSAGE][PASSED] - Object: 'Object Repository/Page_KiboEngage  Dashboard/span_SMS (1)' is clicked on

2019-04-21 05:19:58 - [TEST_STEP][PASSED] - delay(1): Delayed 1 second(s)

2019-04-21 05:19:59 - [MESSAGE][PASSED] - Delayed 1 second(s)

2019-04-21 05:19:59 - [MESSAGE][PASSED] - Call Test Case 'Test Cases/SMS/SMSPlatform' successfully

2019-04-21 05:19:59 - [TEST_STEP][PASSED] - click(findTestObject("Page_KiboPush  Dashboard/span_Dashboard")): Object: 'Object Repository/Page_KiboPush  Dashboard/span_Dashboard' is clicked on

2019-04-21 05:19:59 - [MESSAGE][PASSED] - Object: 'Object Repository/Page_KiboPush  Dashboard/span_Dashboard' is clicked on

2019-04-21 05:19:59 - [TEST_STEP][PASSED] - delay(1): Delayed 1 second(s)

2019-04-21 05:20:00 - [MESSAGE][PASSED] - Delayed 1 second(s)

2019-04-21 05:20:00 - [TEST_STEP][PASSED] - click(findTestObject("Page_KiboEngage  Dashboard/span_Broadcasting (1)")): Object: 'Object Repository/Page_KiboEngage  Dashboard/span_Broadcasting (1)' is clicked on

2019-04-21 05:20:00 - [MESSAGE][PASSED] - Object: 'Object Repository/Page_KiboEngage  Dashboard/span_Broadcasting (1)' is clicked on

2019-04-21 05:20:00 - [TEST_STEP][PASSED] - delay(1): Delayed 1 second(s)

2019-04-21 05:20:01 - [MESSAGE][PASSED] - Delayed 1 second(s)

2019-04-21 05:20:01 - [TEST_STEP][PASSED] - click(findTestObject("Object Repository/Page_KiboEngage  Dashboard/span_Broadcasts")): Object: 'Object Repository/Page_KiboEngage  Dashboard/span_Broadcasts' is clicked on

2019-04-21 05:20:01 - [MESSAGE][PASSED] - Object: 'Object Repository/Page_KiboEngage  Dashboard/span_Broadcasts' is clicked on

2019-04-21 05:20:01 - [TEST_STEP][PASSED] - delay(1): Delayed 1 second(s)

2019-04-21 05:20:02 - [MESSAGE][PASSED] - Delayed 1 second(s)

2019-04-21 05:20:02 - [TEST_STEP][PASSED] - click(findTestObject("Object Repository/Page_KiboEngage  Broadcasts/h3_Broadcasts")): Object: 'Object Repository/Page_KiboEngage  Broadcasts/h3_Broadcasts' is clicked on

2019-04-21 05:20:02 - [MESSAGE][PASSED] - Object: 'Object Repository/Page_KiboEngage  Broadcasts/h3_Broadcasts' is clicked on

2019-04-21 05:20:02 - [TEST_STEP][PASSED] - delay(1): Delayed 1 second(s)

2019-04-21 05:20:03 - [MESSAGE][PASSED] - Delayed 1 second(s)]]></system-out>
         <system-err><![CDATA[]]></system-err>
      </testcase>
      <testcase name="Test Cases/SMS/sms broadcast/TC11176" classname="Test Cases/SMS/sms broadcast/TC11176" status="FAILED">
         <failure type="FAILED" message="Test Cases/SMS/sms broadcast/TC11176 FAILED.
Reason:
com.kms.katalon.core.exception.StepFailedException: Unable to click on object 'Object Repository/Page_KiboEngage  Dashboard/span_Broadcasts'
	at com.kms.katalon.core.webui.keyword.internal.WebUIKeywordMain.stepFailed(WebUIKeywordMain.groovy:64)
	at com.kms.katalon.core.webui.keyword.internal.WebUIKeywordMain.runKeyword(WebUIKeywordMain.groovy:26)
	at com.kms.katalon.core.webui.keyword.builtin.ClickKeyword.click(ClickKeyword.groovy:86)
	at com.kms.katalon.core.webui.keyword.builtin.ClickKeyword.execute(ClickKeyword.groovy:67)
	at com.kms.katalon.core.keyword.internal.KeywordExecutor.executeKeywordForPlatform(KeywordExecutor.groovy:56)
	at com.kms.katalon.core.webui.keyword.WebUiBuiltInKeywords.click(WebUiBuiltInKeywords.groovy:616)
	at com.kms.katalon.core.webui.keyword.WebUiBuiltInKeywords$click$2.call(Unknown Source)
	at TC11176.run(TC11176:26)
	at com.kms.katalon.core.main.ScriptEngine.run(ScriptEngine.java:194)
	at com.kms.katalon.core.main.ScriptEngine.runScriptAsRawText(ScriptEngine.java:119)
	at com.kms.katalon.core.main.TestCaseExecutor.runScript(TestCaseExecutor.java:336)
	at com.kms.katalon.core.main.TestCaseExecutor.doExecute(TestCaseExecutor.java:327)
	at com.kms.katalon.core.main.TestCaseExecutor.processExecutionPhase(TestCaseExecutor.java:306)
	at com.kms.katalon.core.main.TestCaseExecutor.accessMainPhase(TestCaseExecutor.java:298)
	at com.kms.katalon.core.main.TestCaseExecutor.execute(TestCaseExecutor.java:232)
	at com.kms.katalon.core.main.TestSuiteExecutor.accessTestCaseMainPhase(TestSuiteExecutor.java:129)
	at com.kms.katalon.core.main.TestSuiteExecutor.accessTestSuiteMainPhase(TestSuiteExecutor.java:112)
	at com.kms.katalon.core.main.TestSuiteExecutor.execute(TestSuiteExecutor.java:81)
	at com.kms.katalon.core.main.TestCaseMain.startTestSuite(TestCaseMain.java:157)
	at com.kms.katalon.core.main.TestCaseMain$startTestSuite$0.call(Unknown Source)
	at TempTestSuite1555805827617.run(TempTestSuite1555805827617.groovy:35)
Caused by: org.openqa.selenium.ElementNotVisibleException: element not interactable
  (Session info: chrome=73.0.3683.103)
  (Driver info: chromedriver=73.0.3683.68 (47787ec04b6e38e22703e856e101e840b65afe72),platform=Linux 4.15.0-47-generic x86_64) (WARNING: The server did not provide any stacktrace information)
Command duration or timeout: 0 milliseconds
Build info: version: '3.7.1', revision: '8a0099a', time: '2017-11-06T21:07:36.161Z'
System info: host: 'faizan-HP-EliteBook-850-G2', ip: '127.0.1.1', os.name: 'Linux', os.arch: 'amd64', os.version: '4.15.0-47-generic', java.version: '1.8.0_191'
Driver info: com.kms.katalon.selenium.driver.CChromeDriver
Capabilities {acceptInsecureCerts: false, acceptSslCerts: false, applicationCacheEnabled: false, browserConnectionEnabled: false, browserName: chrome, chrome: {chromedriverVersion: 73.0.3683.68 (47787ec04b6e3..., userDataDir: /tmp/.com.google.Chrome.3MGpH3}, cssSelectorsEnabled: true, databaseEnabled: false, goog:chromeOptions: {debuggerAddress: localhost:40385}, handlesAlerts: true, hasTouchScreen: false, javascriptEnabled: true, locationContextEnabled: true, mobileEmulationEnabled: false, nativeEvents: true, networkConnectionEnabled: false, pageLoadStrategy: normal, platform: LINUX, platformName: LINUX, proxy: Proxy(direct), rotatable: false, setWindowRect: true, strictFileInteractability: false, takesHeapSnapshot: true, takesScreenshot: true, timeouts: {implicit: 0, pageLoad: 300000, script: 30000}, unexpectedAlertBehaviour: ignore, unhandledPromptBehavior: ignore, version: 73.0.3683.103, webStorageEnabled: true}
Session ID: f87268ee1c35c1ced596fe180b363839
	at org.openqa.selenium.remote.ErrorHandler.createThrowable(ErrorHandler.java:214)
	at org.openqa.selenium.remote.ErrorHandler.throwIfResponseFailed(ErrorHandler.java:166)
	at org.openqa.selenium.remote.http.JsonHttpResponseCodec.reconstructValue(JsonHttpResponseCodec.java:40)
	at org.openqa.selenium.remote.http.AbstractHttpResponseCodec.decode(AbstractHttpResponseCodec.java:80)
	at org.openqa.selenium.remote.http.AbstractHttpResponseCodec.decode(AbstractHttpResponseCodec.java:44)
	at org.openqa.selenium.remote.HttpCommandExecutor.execute(HttpCommandExecutor.java:164)
	at org.openqa.selenium.remote.service.DriverCommandExecutor.execute(DriverCommandExecutor.java:83)
	at org.openqa.selenium.remote.RemoteWebDriver.execute(RemoteWebDriver.java:600)
	at com.kms.katalon.selenium.driver.CChromeDriver.execute(CChromeDriver.java:20)
	at org.openqa.selenium.remote.RemoteWebElement.execute(RemoteWebElement.java:279)
	at org.openqa.selenium.remote.RemoteWebElement.click(RemoteWebElement.java:83)
	at com.kms.katalon.core.webui.keyword.builtin.ClickKeyword$_click_closure1.doCall(ClickKeyword.groovy:79)
	at com.kms.katalon.core.webui.keyword.builtin.ClickKeyword$_click_closure1.call(ClickKeyword.groovy)
	at com.kms.katalon.core.webui.keyword.internal.WebUIKeywordMain.runKeyword(WebUIKeywordMain.groovy:20)
	at com.kms.katalon.core.webui.keyword.builtin.ClickKeyword.click(ClickKeyword.groovy:86)
	at com.kms.katalon.core.webui.keyword.builtin.ClickKeyword.execute(ClickKeyword.groovy:67)
	at com.kms.katalon.core.keyword.internal.KeywordExecutor.executeKeywordForPlatform(KeywordExecutor.groovy:56)
	at com.kms.katalon.core.webui.keyword.WebUiBuiltInKeywords.click(WebUiBuiltInKeywords.groovy:616)
	at com.kms.katalon.core.webui.keyword.WebUiBuiltInKeywords$click$2.call(Unknown Source)
	at Script1554208001052.run(Script1554208001052.groovy:26)
	... 13 more
"/>
         <system-out><![CDATA[2019-04-21 05:20:03 - [TEST_CASE][FAILED] - Test Cases/SMS/sms broadcast/TC11176: Test Cases/SMS/sms broadcast/TC11176 FAILED.
Reason:
com.kms.katalon.core.exception.StepFailedException: Unable to click on object 'Object Repository/Page_KiboEngage  Dashboard/span_Broadcasts'
	at com.kms.katalon.core.webui.keyword.internal.WebUIKeywordMain.stepFailed(WebUIKeywordMain.groovy:64)
	at com.kms.katalon.core.webui.keyword.internal.WebUIKeywordMain.runKeyword(WebUIKeywordMain.groovy:26)
	at com.kms.katalon.core.webui.keyword.builtin.ClickKeyword.click(ClickKeyword.groovy:86)
	at com.kms.katalon.core.webui.keyword.builtin.ClickKeyword.execute(ClickKeyword.groovy:67)
	at com.kms.katalon.core.keyword.internal.KeywordExecutor.executeKeywordForPlatform(KeywordExecutor.groovy:56)
	at com.kms.katalon.core.webui.keyword.WebUiBuiltInKeywords.click(WebUiBuiltInKeywords.groovy:616)
	at com.kms.katalon.core.webui.keyword.WebUiBuiltInKeywords$click$2.call(Unknown Source)
	at TC11176.run(TC11176:26)
	at com.kms.katalon.core.main.ScriptEngine.run(ScriptEngine.java:194)
	at com.kms.katalon.core.main.ScriptEngine.runScriptAsRawText(ScriptEngine.java:119)
	at com.kms.katalon.core.main.TestCaseExecutor.runScript(TestCaseExecutor.java:336)
	at com.kms.katalon.core.main.TestCaseExecutor.doExecute(TestCaseExecutor.java:327)
	at com.kms.katalon.core.main.TestCaseExecutor.processExecutionPhase(TestCaseExecutor.java:306)
	at com.kms.katalon.core.main.TestCaseExecutor.accessMainPhase(TestCaseExecutor.java:298)
	at com.kms.katalon.core.main.TestCaseExecutor.execute(TestCaseExecutor.java:232)
	at com.kms.katalon.core.main.TestSuiteExecutor.accessTestCaseMainPhase(TestSuiteExecutor.java:129)
	at com.kms.katalon.core.main.TestSuiteExecutor.accessTestSuiteMainPhase(TestSuiteExecutor.java:112)
	at com.kms.katalon.core.main.TestSuiteExecutor.execute(TestSuiteExecutor.java:81)
	at com.kms.katalon.core.main.TestCaseMain.startTestSuite(TestCaseMain.java:157)
	at com.kms.katalon.core.main.TestCaseMain$startTestSuite$0.call(Unknown Source)
	at TempTestSuite1555805827617.run(TempTestSuite1555805827617.groovy:35)
Caused by: org.openqa.selenium.ElementNotVisibleException: element not interactable
  (Session info: chrome=73.0.3683.103)
  (Driver info: chromedriver=73.0.3683.68 (47787ec04b6e38e22703e856e101e840b65afe72),platform=Linux 4.15.0-47-generic x86_64) (WARNING: The server did not provide any stacktrace information)
Command duration or timeout: 0 milliseconds
Build info: version: '3.7.1', revision: '8a0099a', time: '2017-11-06T21:07:36.161Z'
System info: host: 'faizan-HP-EliteBook-850-G2', ip: '127.0.1.1', os.name: 'Linux', os.arch: 'amd64', os.version: '4.15.0-47-generic', java.version: '1.8.0_191'
Driver info: com.kms.katalon.selenium.driver.CChromeDriver
Capabilities {acceptInsecureCerts: false, acceptSslCerts: false, applicationCacheEnabled: false, browserConnectionEnabled: false, browserName: chrome, chrome: {chromedriverVersion: 73.0.3683.68 (47787ec04b6e3..., userDataDir: /tmp/.com.google.Chrome.3MGpH3}, cssSelectorsEnabled: true, databaseEnabled: false, goog:chromeOptions: {debuggerAddress: localhost:40385}, handlesAlerts: true, hasTouchScreen: false, javascriptEnabled: true, locationContextEnabled: true, mobileEmulationEnabled: false, nativeEvents: true, networkConnectionEnabled: false, pageLoadStrategy: normal, platform: LINUX, platformName: LINUX, proxy: Proxy(direct), rotatable: false, setWindowRect: true, strictFileInteractability: false, takesHeapSnapshot: true, takesScreenshot: true, timeouts: {implicit: 0, pageLoad: 300000, script: 30000}, unexpectedAlertBehaviour: ignore, unhandledPromptBehavior: ignore, version: 73.0.3683.103, webStorageEnabled: true}
Session ID: f87268ee1c35c1ced596fe180b363839
	at org.openqa.selenium.remote.ErrorHandler.createThrowable(ErrorHandler.java:214)
	at org.openqa.selenium.remote.ErrorHandler.throwIfResponseFailed(ErrorHandler.java:166)
	at org.openqa.selenium.remote.http.JsonHttpResponseCodec.reconstructValue(JsonHttpResponseCodec.java:40)
	at org.openqa.selenium.remote.http.AbstractHttpResponseCodec.decode(AbstractHttpResponseCodec.java:80)
	at org.openqa.selenium.remote.http.AbstractHttpResponseCodec.decode(AbstractHttpResponseCodec.java:44)
	at org.openqa.selenium.remote.HttpCommandExecutor.execute(HttpCommandExecutor.java:164)
	at org.openqa.selenium.remote.service.DriverCommandExecutor.execute(DriverCommandExecutor.java:83)
	at org.openqa.selenium.remote.RemoteWebDriver.execute(RemoteWebDriver.java:600)
	at com.kms.katalon.selenium.driver.CChromeDriver.execute(CChromeDriver.java:20)
	at org.openqa.selenium.remote.RemoteWebElement.execute(RemoteWebElement.java:279)
	at org.openqa.selenium.remote.RemoteWebElement.click(RemoteWebElement.java:83)
	at com.kms.katalon.core.webui.keyword.builtin.ClickKeyword$_click_closure1.doCall(ClickKeyword.groovy:79)
	at com.kms.katalon.core.webui.keyword.builtin.ClickKeyword$_click_closure1.call(ClickKeyword.groovy)
	at com.kms.katalon.core.webui.keyword.internal.WebUIKeywordMain.runKeyword(WebUIKeywordMain.groovy:20)
	at com.kms.katalon.core.webui.keyword.builtin.ClickKeyword.click(ClickKeyword.groovy:86)
	at com.kms.katalon.core.webui.keyword.builtin.ClickKeyword.execute(ClickKeyword.groovy:67)
	at com.kms.katalon.core.keyword.internal.KeywordExecutor.executeKeywordForPlatform(KeywordExecutor.groovy:56)
	at com.kms.katalon.core.webui.keyword.WebUiBuiltInKeywords.click(WebUiBuiltInKeywords.groovy:616)
	at com.kms.katalon.core.webui.keyword.WebUiBuiltInKeywords$click$2.call(Unknown Source)
	at Script1554208001052.run(Script1554208001052.groovy:26)
	... 13 more


2019-04-21 05:20:04 - [TEST_STEP][PASSED] - callTestCase(findTestCase("SMS/SMSPlatform"), [:], STOP_ON_FAILURE): Call Test Case 'Test Cases/SMS/SMSPlatform' successfully

2019-04-21 05:20:04 - [TEST_CASE][PASSED] - Test Cases/SMS/SMSPlatform: Test Cases/SMS/SMSPlatform

2019-04-21 05:20:04 - [TEST_STEP][PASSED] - click(findTestObject("Page_KiboEngage  Dashboard/a_SMS (1)")): Object: 'Object Repository/Page_KiboEngage  Dashboard/a_SMS (1)' is clicked on

2019-04-21 05:20:04 - [MESSAGE][PASSED] - Object: 'Object Repository/Page_KiboEngage  Dashboard/a_SMS (1)' is clicked on

2019-04-21 05:20:04 - [TEST_STEP][PASSED] - click(findTestObject("Page_KiboEngage  Dashboard/span_SMS (1)")): Object: 'Object Repository/Page_KiboEngage  Dashboard/span_SMS (1)' is clicked on

2019-04-21 05:20:04 - [MESSAGE][PASSED] - Object: 'Object Repository/Page_KiboEngage  Dashboard/span_SMS (1)' is clicked on

2019-04-21 05:20:04 - [TEST_STEP][PASSED] - delay(1): Delayed 1 second(s)

2019-04-21 05:20:05 - [MESSAGE][PASSED] - Delayed 1 second(s)

2019-04-21 05:20:05 - [MESSAGE][PASSED] - Call Test Case 'Test Cases/SMS/SMSPlatform' successfully

2019-04-21 05:20:05 - [TEST_STEP][PASSED] - click(findTestObject("Page_KiboPush  Dashboard/span_Dashboard")): Object: 'Object Repository/Page_KiboPush  Dashboard/span_Dashboard' is clicked on

2019-04-21 05:20:05 - [MESSAGE][PASSED] - Object: 'Object Repository/Page_KiboPush  Dashboard/span_Dashboard' is clicked on

2019-04-21 05:20:05 - [TEST_STEP][PASSED] - delay(1): Delayed 1 second(s)

2019-04-21 05:20:06 - [MESSAGE][PASSED] - Delayed 1 second(s)

2019-04-21 05:20:06 - [TEST_STEP][PASSED] - click(findTestObject("Page_KiboEngage  Dashboard/span_Broadcasting (1)")): Object: 'Object Repository/Page_KiboEngage  Dashboard/span_Broadcasting (1)' is clicked on

2019-04-21 05:20:07 - [MESSAGE][PASSED] - Object: 'Object Repository/Page_KiboEngage  Dashboard/span_Broadcasting (1)' is clicked on

2019-04-21 05:20:07 - [TEST_STEP][PASSED] - delay(1): Delayed 1 second(s)

2019-04-21 05:20:08 - [MESSAGE][PASSED] - Delayed 1 second(s)

2019-04-21 05:20:08 - [TEST_STEP][FAILED] - click(findTestObject("Object Repository/Page_KiboEngage  Dashboard/span_Broadcasts")): Unable to click on object 'Object Repository/Page_KiboEngage  Dashboard/span_Broadcasts' (Root cause: com.kms.katalon.core.exception.StepFailedException: Unable to click on object 'Object Repository/Page_KiboEngage  Dashboard/span_Broadcasts'
	at com.kms.katalon.core.webui.keyword.internal.WebUIKeywordMain.stepFailed(WebUIKeywordMain.groovy:64)
	at com.kms.katalon.core.webui.keyword.internal.WebUIKeywordMain.runKeyword(WebUIKeywordMain.groovy:26)
	at com.kms.katalon.core.webui.keyword.builtin.ClickKeyword.click(ClickKeyword.groovy:86)
	at com.kms.katalon.core.webui.keyword.builtin.ClickKeyword.execute(ClickKeyword.groovy:67)
	at com.kms.katalon.core.keyword.internal.KeywordExecutor.executeKeywordForPlatform(KeywordExecutor.groovy:56)
	at com.kms.katalon.core.webui.keyword.WebUiBuiltInKeywords.click(WebUiBuiltInKeywords.groovy:616)
	at com.kms.katalon.core.webui.keyword.WebUiBuiltInKeywords$click$2.call(Unknown Source)
	at TC11176.run(TC11176:26)
	at com.kms.katalon.core.main.ScriptEngine.run(ScriptEngine.java:194)
	at com.kms.katalon.core.main.ScriptEngine.runScriptAsRawText(ScriptEngine.java:119)
	at com.kms.katalon.core.main.TestCaseExecutor.runScript(TestCaseExecutor.java:336)
	at com.kms.katalon.core.main.TestCaseExecutor.doExecute(TestCaseExecutor.java:327)
	at com.kms.katalon.core.main.TestCaseExecutor.processExecutionPhase(TestCaseExecutor.java:306)
	at com.kms.katalon.core.main.TestCaseExecutor.accessMainPhase(TestCaseExecutor.java:298)
	at com.kms.katalon.core.main.TestCaseExecutor.execute(TestCaseExecutor.java:232)
	at com.kms.katalon.core.main.TestSuiteExecutor.accessTestCaseMainPhase(TestSuiteExecutor.java:129)
	at com.kms.katalon.core.main.TestSuiteExecutor.accessTestSuiteMainPhase(TestSuiteExecutor.java:112)
	at com.kms.katalon.core.main.TestSuiteExecutor.execute(TestSuiteExecutor.java:81)
	at com.kms.katalon.core.main.TestCaseMain.startTestSuite(TestCaseMain.java:157)
	at com.kms.katalon.core.main.TestCaseMain$startTestSuite$0.call(Unknown Source)
	at TempTestSuite1555805827617.run(TempTestSuite1555805827617.groovy:35)
Caused by: org.openqa.selenium.ElementNotVisibleException: element not interactable
  (Session info: chrome=73.0.3683.103)
  (Driver info: chromedriver=73.0.3683.68 (47787ec04b6e38e22703e856e101e840b65afe72),platform=Linux 4.15.0-47-generic x86_64) (WARNING: The server did not provide any stacktrace information)
Command duration or timeout: 0 milliseconds
Build info: version: '3.7.1', revision: '8a0099a', time: '2017-11-06T21:07:36.161Z'
System info: host: 'faizan-HP-EliteBook-850-G2', ip: '127.0.1.1', os.name: 'Linux', os.arch: 'amd64', os.version: '4.15.0-47-generic', java.version: '1.8.0_191'
Driver info: com.kms.katalon.selenium.driver.CChromeDriver
Capabilities {acceptInsecureCerts: false, acceptSslCerts: false, applicationCacheEnabled: false, browserConnectionEnabled: false, browserName: chrome, chrome: {chromedriverVersion: 73.0.3683.68 (47787ec04b6e3..., userDataDir: /tmp/.com.google.Chrome.3MGpH3}, cssSelectorsEnabled: true, databaseEnabled: false, goog:chromeOptions: {debuggerAddress: localhost:40385}, handlesAlerts: true, hasTouchScreen: false, javascriptEnabled: true, locationContextEnabled: true, mobileEmulationEnabled: false, nativeEvents: true, networkConnectionEnabled: false, pageLoadStrategy: normal, platform: LINUX, platformName: LINUX, proxy: Proxy(direct), rotatable: false, setWindowRect: true, strictFileInteractability: false, takesHeapSnapshot: true, takesScreenshot: true, timeouts: {implicit: 0, pageLoad: 300000, script: 30000}, unexpectedAlertBehaviour: ignore, unhandledPromptBehavior: ignore, version: 73.0.3683.103, webStorageEnabled: true}
Session ID: f87268ee1c35c1ced596fe180b363839
	at org.openqa.selenium.remote.ErrorHandler.createThrowable(ErrorHandler.java:214)
	at org.openqa.selenium.remote.ErrorHandler.throwIfResponseFailed(ErrorHandler.java:166)
	at org.openqa.selenium.remote.http.JsonHttpResponseCodec.reconstructValue(JsonHttpResponseCodec.java:40)
	at org.openqa.selenium.remote.http.AbstractHttpResponseCodec.decode(AbstractHttpResponseCodec.java:80)
	at org.openqa.selenium.remote.http.AbstractHttpResponseCodec.decode(AbstractHttpResponseCodec.java:44)
	at org.openqa.selenium.remote.HttpCommandExecutor.execute(HttpCommandExecutor.java:164)
	at org.openqa.selenium.remote.service.DriverCommandExecutor.execute(DriverCommandExecutor.java:83)
	at org.openqa.selenium.remote.RemoteWebDriver.execute(RemoteWebDriver.java:600)
	at com.kms.katalon.selenium.driver.CChromeDriver.execute(CChromeDriver.java:20)
	at org.openqa.selenium.remote.RemoteWebElement.execute(RemoteWebElement.java:279)
	at org.openqa.selenium.remote.RemoteWebElement.click(RemoteWebElement.java:83)
	at com.kms.katalon.core.webui.keyword.builtin.ClickKeyword$_click_closure1.doCall(ClickKeyword.groovy:79)
	at com.kms.katalon.core.webui.keyword.builtin.ClickKeyword$_click_closure1.call(ClickKeyword.groovy)
	at com.kms.katalon.core.webui.keyword.internal.WebUIKeywordMain.runKeyword(WebUIKeywordMain.groovy:20)
	at com.kms.katalon.core.webui.keyword.builtin.ClickKeyword.click(ClickKeyword.groovy:86)
	at com.kms.katalon.core.webui.keyword.builtin.ClickKeyword.execute(ClickKeyword.groovy:67)
	at com.kms.katalon.core.keyword.internal.KeywordExecutor.executeKeywordForPlatform(KeywordExecutor.groovy:56)
	at com.kms.katalon.core.webui.keyword.WebUiBuiltInKeywords.click(WebUiBuiltInKeywords.groovy:616)
	at com.kms.katalon.core.webui.keyword.WebUiBuiltInKeywords$click$2.call(Unknown Source)
	at Script1554208001052.run(Script1554208001052.groovy:26)
	... 13 more
)

2019-04-21 05:20:08 - [MESSAGE][FAILED] - Unable to click on object 'Object Repository/Page_KiboEngage  Dashboard/span_Broadcasts' (Root cause: com.kms.katalon.core.exception.StepFailedException: Unable to click on object 'Object Repository/Page_KiboEngage  Dashboard/span_Broadcasts'
	at com.kms.katalon.core.webui.keyword.internal.WebUIKeywordMain.stepFailed(WebUIKeywordMain.groovy:64)
	at com.kms.katalon.core.webui.keyword.internal.WebUIKeywordMain.runKeyword(WebUIKeywordMain.groovy:26)
	at com.kms.katalon.core.webui.keyword.builtin.ClickKeyword.click(ClickKeyword.groovy:86)
	at com.kms.katalon.core.webui.keyword.builtin.ClickKeyword.execute(ClickKeyword.groovy:67)
	at com.kms.katalon.core.keyword.internal.KeywordExecutor.executeKeywordForPlatform(KeywordExecutor.groovy:56)
	at com.kms.katalon.core.webui.keyword.WebUiBuiltInKeywords.click(WebUiBuiltInKeywords.groovy:616)
	at com.kms.katalon.core.webui.keyword.WebUiBuiltInKeywords$click$2.call(Unknown Source)
	at TC11176.run(TC11176:26)
	at com.kms.katalon.core.main.ScriptEngine.run(ScriptEngine.java:194)
	at com.kms.katalon.core.main.ScriptEngine.runScriptAsRawText(ScriptEngine.java:119)
	at com.kms.katalon.core.main.TestCaseExecutor.runScript(TestCaseExecutor.java:336)
	at com.kms.katalon.core.main.TestCaseExecutor.doExecute(TestCaseExecutor.java:327)
	at com.kms.katalon.core.main.TestCaseExecutor.processExecutionPhase(TestCaseExecutor.java:306)
	at com.kms.katalon.core.main.TestCaseExecutor.accessMainPhase(TestCaseExecutor.java:298)
	at com.kms.katalon.core.main.TestCaseExecutor.execute(TestCaseExecutor.java:232)
	at com.kms.katalon.core.main.TestSuiteExecutor.accessTestCaseMainPhase(TestSuiteExecutor.java:129)
	at com.kms.katalon.core.main.TestSuiteExecutor.accessTestSuiteMainPhase(TestSuiteExecutor.java:112)
	at com.kms.katalon.core.main.TestSuiteExecutor.execute(TestSuiteExecutor.java:81)
	at com.kms.katalon.core.main.TestCaseMain.startTestSuite(TestCaseMain.java:157)
	at com.kms.katalon.core.main.TestCaseMain$startTestSuite$0.call(Unknown Source)
	at TempTestSuite1555805827617.run(TempTestSuite1555805827617.groovy:35)
Caused by: org.openqa.selenium.ElementNotVisibleException: element not interactable
  (Session info: chrome=73.0.3683.103)
  (Driver info: chromedriver=73.0.3683.68 (47787ec04b6e38e22703e856e101e840b65afe72),platform=Linux 4.15.0-47-generic x86_64) (WARNING: The server did not provide any stacktrace information)
Command duration or timeout: 0 milliseconds
Build info: version: '3.7.1', revision: '8a0099a', time: '2017-11-06T21:07:36.161Z'
System info: host: 'faizan-HP-EliteBook-850-G2', ip: '127.0.1.1', os.name: 'Linux', os.arch: 'amd64', os.version: '4.15.0-47-generic', java.version: '1.8.0_191'
Driver info: com.kms.katalon.selenium.driver.CChromeDriver
Capabilities {acceptInsecureCerts: false, acceptSslCerts: false, applicationCacheEnabled: false, browserConnectionEnabled: false, browserName: chrome, chrome: {chromedriverVersion: 73.0.3683.68 (47787ec04b6e3..., userDataDir: /tmp/.com.google.Chrome.3MGpH3}, cssSelectorsEnabled: true, databaseEnabled: false, goog:chromeOptions: {debuggerAddress: localhost:40385}, handlesAlerts: true, hasTouchScreen: false, javascriptEnabled: true, locationContextEnabled: true, mobileEmulationEnabled: false, nativeEvents: true, networkConnectionEnabled: false, pageLoadStrategy: normal, platform: LINUX, platformName: LINUX, proxy: Proxy(direct), rotatable: false, setWindowRect: true, strictFileInteractability: false, takesHeapSnapshot: true, takesScreenshot: true, timeouts: {implicit: 0, pageLoad: 300000, script: 30000}, unexpectedAlertBehaviour: ignore, unhandledPromptBehavior: ignore, version: 73.0.3683.103, webStorageEnabled: true}
Session ID: f87268ee1c35c1ced596fe180b363839
	at org.openqa.selenium.remote.ErrorHandler.createThrowable(ErrorHandler.java:214)
	at org.openqa.selenium.remote.ErrorHandler.throwIfResponseFailed(ErrorHandler.java:166)
	at org.openqa.selenium.remote.http.JsonHttpResponseCodec.reconstructValue(JsonHttpResponseCodec.java:40)
	at org.openqa.selenium.remote.http.AbstractHttpResponseCodec.decode(AbstractHttpResponseCodec.java:80)
	at org.openqa.selenium.remote.http.AbstractHttpResponseCodec.decode(AbstractHttpResponseCodec.java:44)
	at org.openqa.selenium.remote.HttpCommandExecutor.execute(HttpCommandExecutor.java:164)
	at org.openqa.selenium.remote.service.DriverCommandExecutor.execute(DriverCommandExecutor.java:83)
	at org.openqa.selenium.remote.RemoteWebDriver.execute(RemoteWebDriver.java:600)
	at com.kms.katalon.selenium.driver.CChromeDriver.execute(CChromeDriver.java:20)
	at org.openqa.selenium.remote.RemoteWebElement.execute(RemoteWebElement.java:279)
	at org.openqa.selenium.remote.RemoteWebElement.click(RemoteWebElement.java:83)
	at com.kms.katalon.core.webui.keyword.builtin.ClickKeyword$_click_closure1.doCall(ClickKeyword.groovy:79)
	at com.kms.katalon.core.webui.keyword.builtin.ClickKeyword$_click_closure1.call(ClickKeyword.groovy)
	at com.kms.katalon.core.webui.keyword.internal.WebUIKeywordMain.runKeyword(WebUIKeywordMain.groovy:20)
	at com.kms.katalon.core.webui.keyword.builtin.ClickKeyword.click(ClickKeyword.groovy:86)
	at com.kms.katalon.core.webui.keyword.builtin.ClickKeyword.execute(ClickKeyword.groovy:67)
	at com.kms.katalon.core.keyword.internal.KeywordExecutor.executeKeywordForPlatform(KeywordExecutor.groovy:56)
	at com.kms.katalon.core.webui.keyword.WebUiBuiltInKeywords.click(WebUiBuiltInKeywords.groovy:616)
	at com.kms.katalon.core.webui.keyword.WebUiBuiltInKeywords$click$2.call(Unknown Source)
	at Script1554208001052.run(Script1554208001052.groovy:26)
	... 13 more
)
[[ATTACHMENT|/home/faizan/Drive/KiboPush_Automated_Testing/KiboPush Katalon/Reports/Faizan Suits/SMS/20190421_051707/1555806008136.png]]]]></system-out>
         <system-err><![CDATA[2019-04-21 05:20:03 - [TEST_CASE][FAILED] - Test Cases/SMS/sms broadcast/TC11176: Test Cases/SMS/sms broadcast/TC11176 FAILED.
Reason:
com.kms.katalon.core.exception.StepFailedException: Unable to click on object 'Object Repository/Page_KiboEngage  Dashboard/span_Broadcasts'
	at com.kms.katalon.core.webui.keyword.internal.WebUIKeywordMain.stepFailed(WebUIKeywordMain.groovy:64)
	at com.kms.katalon.core.webui.keyword.internal.WebUIKeywordMain.runKeyword(WebUIKeywordMain.groovy:26)
	at com.kms.katalon.core.webui.keyword.builtin.ClickKeyword.click(ClickKeyword.groovy:86)
	at com.kms.katalon.core.webui.keyword.builtin.ClickKeyword.execute(ClickKeyword.groovy:67)
	at com.kms.katalon.core.keyword.internal.KeywordExecutor.executeKeywordForPlatform(KeywordExecutor.groovy:56)
	at com.kms.katalon.core.webui.keyword.WebUiBuiltInKeywords.click(WebUiBuiltInKeywords.groovy:616)
	at com.kms.katalon.core.webui.keyword.WebUiBuiltInKeywords$click$2.call(Unknown Source)
	at TC11176.run(TC11176:26)
	at com.kms.katalon.core.main.ScriptEngine.run(ScriptEngine.java:194)
	at com.kms.katalon.core.main.ScriptEngine.runScriptAsRawText(ScriptEngine.java:119)
	at com.kms.katalon.core.main.TestCaseExecutor.runScript(TestCaseExecutor.java:336)
	at com.kms.katalon.core.main.TestCaseExecutor.doExecute(TestCaseExecutor.java:327)
	at com.kms.katalon.core.main.TestCaseExecutor.processExecutionPhase(TestCaseExecutor.java:306)
	at com.kms.katalon.core.main.TestCaseExecutor.accessMainPhase(TestCaseExecutor.java:298)
	at com.kms.katalon.core.main.TestCaseExecutor.execute(TestCaseExecutor.java:232)
	at com.kms.katalon.core.main.TestSuiteExecutor.accessTestCaseMainPhase(TestSuiteExecutor.java:129)
	at com.kms.katalon.core.main.TestSuiteExecutor.accessTestSuiteMainPhase(TestSuiteExecutor.java:112)
	at com.kms.katalon.core.main.TestSuiteExecutor.execute(TestSuiteExecutor.java:81)
	at com.kms.katalon.core.main.TestCaseMain.startTestSuite(TestCaseMain.java:157)
	at com.kms.katalon.core.main.TestCaseMain$startTestSuite$0.call(Unknown Source)
	at TempTestSuite1555805827617.run(TempTestSuite1555805827617.groovy:35)
Caused by: org.openqa.selenium.ElementNotVisibleException: element not interactable
  (Session info: chrome=73.0.3683.103)
  (Driver info: chromedriver=73.0.3683.68 (47787ec04b6e38e22703e856e101e840b65afe72),platform=Linux 4.15.0-47-generic x86_64) (WARNING: The server did not provide any stacktrace information)
Command duration or timeout: 0 milliseconds
Build info: version: '3.7.1', revision: '8a0099a', time: '2017-11-06T21:07:36.161Z'
System info: host: 'faizan-HP-EliteBook-850-G2', ip: '127.0.1.1', os.name: 'Linux', os.arch: 'amd64', os.version: '4.15.0-47-generic', java.version: '1.8.0_191'
Driver info: com.kms.katalon.selenium.driver.CChromeDriver
Capabilities {acceptInsecureCerts: false, acceptSslCerts: false, applicationCacheEnabled: false, browserConnectionEnabled: false, browserName: chrome, chrome: {chromedriverVersion: 73.0.3683.68 (47787ec04b6e3..., userDataDir: /tmp/.com.google.Chrome.3MGpH3}, cssSelectorsEnabled: true, databaseEnabled: false, goog:chromeOptions: {debuggerAddress: localhost:40385}, handlesAlerts: true, hasTouchScreen: false, javascriptEnabled: true, locationContextEnabled: true, mobileEmulationEnabled: false, nativeEvents: true, networkConnectionEnabled: false, pageLoadStrategy: normal, platform: LINUX, platformName: LINUX, proxy: Proxy(direct), rotatable: false, setWindowRect: true, strictFileInteractability: false, takesHeapSnapshot: true, takesScreenshot: true, timeouts: {implicit: 0, pageLoad: 300000, script: 30000}, unexpectedAlertBehaviour: ignore, unhandledPromptBehavior: ignore, version: 73.0.3683.103, webStorageEnabled: true}
Session ID: f87268ee1c35c1ced596fe180b363839
	at org.openqa.selenium.remote.ErrorHandler.createThrowable(ErrorHandler.java:214)
	at org.openqa.selenium.remote.ErrorHandler.throwIfResponseFailed(ErrorHandler.java:166)
	at org.openqa.selenium.remote.http.JsonHttpResponseCodec.reconstructValue(JsonHttpResponseCodec.java:40)
	at org.openqa.selenium.remote.http.AbstractHttpResponseCodec.decode(AbstractHttpResponseCodec.java:80)
	at org.openqa.selenium.remote.http.AbstractHttpResponseCodec.decode(AbstractHttpResponseCodec.java:44)
	at org.openqa.selenium.remote.HttpCommandExecutor.execute(HttpCommandExecutor.java:164)
	at org.openqa.selenium.remote.service.DriverCommandExecutor.execute(DriverCommandExecutor.java:83)
	at org.openqa.selenium.remote.RemoteWebDriver.execute(RemoteWebDriver.java:600)
	at com.kms.katalon.selenium.driver.CChromeDriver.execute(CChromeDriver.java:20)
	at org.openqa.selenium.remote.RemoteWebElement.execute(RemoteWebElement.java:279)
	at org.openqa.selenium.remote.RemoteWebElement.click(RemoteWebElement.java:83)
	at com.kms.katalon.core.webui.keyword.builtin.ClickKeyword$_click_closure1.doCall(ClickKeyword.groovy:79)
	at com.kms.katalon.core.webui.keyword.builtin.ClickKeyword$_click_closure1.call(ClickKeyword.groovy)
	at com.kms.katalon.core.webui.keyword.internal.WebUIKeywordMain.runKeyword(WebUIKeywordMain.groovy:20)
	at com.kms.katalon.core.webui.keyword.builtin.ClickKeyword.click(ClickKeyword.groovy:86)
	at com.kms.katalon.core.webui.keyword.builtin.ClickKeyword.execute(ClickKeyword.groovy:67)
	at com.kms.katalon.core.keyword.internal.KeywordExecutor.executeKeywordForPlatform(KeywordExecutor.groovy:56)
	at com.kms.katalon.core.webui.keyword.WebUiBuiltInKeywords.click(WebUiBuiltInKeywords.groovy:616)
	at com.kms.katalon.core.webui.keyword.WebUiBuiltInKeywords$click$2.call(Unknown Source)
	at Script1554208001052.run(Script1554208001052.groovy:26)
	... 13 more]]></system-err>
      </testcase>
      <testcase name="Test Cases/SMS/sms broadcast/TC11177" classname="Test Cases/SMS/sms broadcast/TC11177" status="PASSED">
         <system-out><![CDATA[2019-04-21 05:20:08 - [TEST_CASE][PASSED] - Test Cases/SMS/sms broadcast/TC11177: Test Cases/SMS/sms broadcast/TC11177

2019-04-21 05:20:08 - [TEST_STEP][PASSED] - callTestCase(findTestCase("SMS/SMSPlatform"), [:], STOP_ON_FAILURE): Call Test Case 'Test Cases/SMS/SMSPlatform' successfully

2019-04-21 05:20:08 - [TEST_CASE][PASSED] - Test Cases/SMS/SMSPlatform: Test Cases/SMS/SMSPlatform

2019-04-21 05:20:08 - [TEST_STEP][PASSED] - click(findTestObject("Page_KiboEngage  Dashboard/a_SMS (1)")): Object: 'Object Repository/Page_KiboEngage  Dashboard/a_SMS (1)' is clicked on

2019-04-21 05:20:08 - [MESSAGE][PASSED] - Object: 'Object Repository/Page_KiboEngage  Dashboard/a_SMS (1)' is clicked on

2019-04-21 05:20:08 - [TEST_STEP][PASSED] - click(findTestObject("Page_KiboEngage  Dashboard/span_SMS (1)")): Object: 'Object Repository/Page_KiboEngage  Dashboard/span_SMS (1)' is clicked on

2019-04-21 05:20:08 - [MESSAGE][PASSED] - Object: 'Object Repository/Page_KiboEngage  Dashboard/span_SMS (1)' is clicked on

2019-04-21 05:20:08 - [TEST_STEP][PASSED] - delay(1): Delayed 1 second(s)

2019-04-21 05:20:09 - [MESSAGE][PASSED] - Delayed 1 second(s)

2019-04-21 05:20:09 - [MESSAGE][PASSED] - Call Test Case 'Test Cases/SMS/SMSPlatform' successfully

2019-04-21 05:20:09 - [TEST_STEP][PASSED] - click(findTestObject("Page_KiboPush  Dashboard/span_Dashboard")): Object: 'Object Repository/Page_KiboPush  Dashboard/span_Dashboard' is clicked on

2019-04-21 05:20:10 - [MESSAGE][PASSED] - Object: 'Object Repository/Page_KiboPush  Dashboard/span_Dashboard' is clicked on

2019-04-21 05:20:10 - [TEST_STEP][PASSED] - delay(1): Delayed 1 second(s)

2019-04-21 05:20:11 - [MESSAGE][PASSED] - Delayed 1 second(s)

2019-04-21 05:20:11 - [TEST_STEP][PASSED] - click(findTestObject("Page_KiboEngage  Dashboard/span_Broadcasting (1)")): Object: 'Object Repository/Page_KiboEngage  Dashboard/span_Broadcasting (1)' is clicked on

2019-04-21 05:20:11 - [MESSAGE][PASSED] - Object: 'Object Repository/Page_KiboEngage  Dashboard/span_Broadcasting (1)' is clicked on

2019-04-21 05:20:11 - [TEST_STEP][PASSED] - delay(1): Delayed 1 second(s)

2019-04-21 05:20:12 - [MESSAGE][PASSED] - Delayed 1 second(s)

2019-04-21 05:20:12 - [TEST_STEP][PASSED] - click(findTestObject("Object Repository/Page_KiboEngage  Dashboard/span_Broadcasts")): Object: 'Object Repository/Page_KiboEngage  Dashboard/span_Broadcasts' is clicked on

2019-04-21 05:20:12 - [MESSAGE][PASSED] - Object: 'Object Repository/Page_KiboEngage  Dashboard/span_Broadcasts' is clicked on

2019-04-21 05:20:12 - [TEST_STEP][PASSED] - delay(1): Delayed 1 second(s)

2019-04-21 05:20:13 - [MESSAGE][PASSED] - Delayed 1 second(s)

2019-04-21 05:20:13 - [TEST_STEP][PASSED] - click(findTestObject("Object Repository/Page_KiboEngage  Broadcasts/h3_Broadcasts (1)")): Object: 'Object Repository/Page_KiboEngage  Broadcasts/h3_Broadcasts (1)' is clicked on

2019-04-21 05:20:13 - [MESSAGE][PASSED] - Object: 'Object Repository/Page_KiboEngage  Broadcasts/h3_Broadcasts (1)' is clicked on

2019-04-21 05:20:13 - [TEST_STEP][PASSED] - delay(1): Delayed 1 second(s)

2019-04-21 05:20:14 - [MESSAGE][PASSED] - Delayed 1 second(s)

2019-04-21 05:20:14 - [TEST_STEP][PASSED] - click(findTestObject("Object Repository/Page_KiboEngage  Broadcasts/span_Create New")): Object: 'Object Repository/Page_KiboEngage  Broadcasts/span_Create New' is clicked on

2019-04-21 05:20:14 - [MESSAGE][PASSED] - Object: 'Object Repository/Page_KiboEngage  Broadcasts/span_Create New' is clicked on

2019-04-21 05:20:14 - [TEST_STEP][PASSED] - click(findTestObject("Object Repository/Page_KiboEngage  Broadcasts/button_Create New Broadcast")): Object: 'Object Repository/Page_KiboEngage  Broadcasts/button_Create New Broadcast' is clicked on

2019-04-21 05:20:15 - [MESSAGE][PASSED] - Object: 'Object Repository/Page_KiboEngage  Broadcasts/button_Create New Broadcast' is clicked on

2019-04-21 05:20:15 - [TEST_STEP][PASSED] - delay(1): Delayed 1 second(s)

2019-04-21 05:20:16 - [MESSAGE][PASSED] - Delayed 1 second(s)

2019-04-21 05:20:16 - [TEST_STEP][PASSED] - click(findTestObject("Object Repository/Page_KiboEngage  Broadcasts/span_Send")): Object: 'Object Repository/Page_KiboEngage  Broadcasts/span_Send' is clicked on

2019-04-21 05:20:16 - [MESSAGE][PASSED] - Object: 'Object Repository/Page_KiboEngage  Broadcasts/span_Send' is clicked on

2019-04-21 05:20:16 - [TEST_STEP][PASSED] - click(findTestObject("Object Repository/Page_KiboEngage  Broadcasts/div_Please enter the title of the broadcast")): Object: 'Object Repository/Page_KiboEngage  Broadcasts/div_Please enter the title of the broadcast' is clicked on

2019-04-21 05:20:16 - [MESSAGE][PASSED] - Object: 'Object Repository/Page_KiboEngage  Broadcasts/div_Please enter the title of the broadcast' is clicked on]]></system-out>
         <system-err><![CDATA[]]></system-err>
      </testcase>
      <testcase name="Test Cases/SMS/sms broadcast/TC11178" classname="Test Cases/SMS/sms broadcast/TC11178" status="FAILED">
         <failure type="FAILED" message="Test Cases/SMS/sms broadcast/TC11178 FAILED.
Reason:
com.kms.katalon.core.exception.StepFailedException: Unable to click on object 'Object Repository/Page_KiboEngage  Dashboard/span_Broadcasts'
	at com.kms.katalon.core.webui.keyword.internal.WebUIKeywordMain.stepFailed(WebUIKeywordMain.groovy:64)
	at com.kms.katalon.core.webui.keyword.internal.WebUIKeywordMain.runKeyword(WebUIKeywordMain.groovy:26)
	at com.kms.katalon.core.webui.keyword.builtin.ClickKeyword.click(ClickKeyword.groovy:86)
	at com.kms.katalon.core.webui.keyword.builtin.ClickKeyword.execute(ClickKeyword.groovy:67)
	at com.kms.katalon.core.keyword.internal.KeywordExecutor.executeKeywordForPlatform(KeywordExecutor.groovy:56)
	at com.kms.katalon.core.webui.keyword.WebUiBuiltInKeywords.click(WebUiBuiltInKeywords.groovy:616)
	at com.kms.katalon.core.webui.keyword.WebUiBuiltInKeywords$click$2.call(Unknown Source)
	at TC11178.run(TC11178:26)
	at com.kms.katalon.core.main.ScriptEngine.run(ScriptEngine.java:194)
	at com.kms.katalon.core.main.ScriptEngine.runScriptAsRawText(ScriptEngine.java:119)
	at com.kms.katalon.core.main.TestCaseExecutor.runScript(TestCaseExecutor.java:336)
	at com.kms.katalon.core.main.TestCaseExecutor.doExecute(TestCaseExecutor.java:327)
	at com.kms.katalon.core.main.TestCaseExecutor.processExecutionPhase(TestCaseExecutor.java:306)
	at com.kms.katalon.core.main.TestCaseExecutor.accessMainPhase(TestCaseExecutor.java:298)
	at com.kms.katalon.core.main.TestCaseExecutor.execute(TestCaseExecutor.java:232)
	at com.kms.katalon.core.main.TestSuiteExecutor.accessTestCaseMainPhase(TestSuiteExecutor.java:129)
	at com.kms.katalon.core.main.TestSuiteExecutor.accessTestSuiteMainPhase(TestSuiteExecutor.java:112)
	at com.kms.katalon.core.main.TestSuiteExecutor.execute(TestSuiteExecutor.java:81)
	at com.kms.katalon.core.main.TestCaseMain.startTestSuite(TestCaseMain.java:157)
	at com.kms.katalon.core.main.TestCaseMain$startTestSuite$0.call(Unknown Source)
	at TempTestSuite1555805827617.run(TempTestSuite1555805827617.groovy:35)
Caused by: org.openqa.selenium.ElementNotVisibleException: element not interactable
  (Session info: chrome=73.0.3683.103)
  (Driver info: chromedriver=73.0.3683.68 (47787ec04b6e38e22703e856e101e840b65afe72),platform=Linux 4.15.0-47-generic x86_64) (WARNING: The server did not provide any stacktrace information)
Command duration or timeout: 0 milliseconds
Build info: version: '3.7.1', revision: '8a0099a', time: '2017-11-06T21:07:36.161Z'
System info: host: 'faizan-HP-EliteBook-850-G2', ip: '127.0.1.1', os.name: 'Linux', os.arch: 'amd64', os.version: '4.15.0-47-generic', java.version: '1.8.0_191'
Driver info: com.kms.katalon.selenium.driver.CChromeDriver
Capabilities {acceptInsecureCerts: false, acceptSslCerts: false, applicationCacheEnabled: false, browserConnectionEnabled: false, browserName: chrome, chrome: {chromedriverVersion: 73.0.3683.68 (47787ec04b6e3..., userDataDir: /tmp/.com.google.Chrome.3MGpH3}, cssSelectorsEnabled: true, databaseEnabled: false, goog:chromeOptions: {debuggerAddress: localhost:40385}, handlesAlerts: true, hasTouchScreen: false, javascriptEnabled: true, locationContextEnabled: true, mobileEmulationEnabled: false, nativeEvents: true, networkConnectionEnabled: false, pageLoadStrategy: normal, platform: LINUX, platformName: LINUX, proxy: Proxy(direct), rotatable: false, setWindowRect: true, strictFileInteractability: false, takesHeapSnapshot: true, takesScreenshot: true, timeouts: {implicit: 0, pageLoad: 300000, script: 30000}, unexpectedAlertBehaviour: ignore, unhandledPromptBehavior: ignore, version: 73.0.3683.103, webStorageEnabled: true}
Session ID: f87268ee1c35c1ced596fe180b363839
	at org.openqa.selenium.remote.ErrorHandler.createThrowable(ErrorHandler.java:214)
	at org.openqa.selenium.remote.ErrorHandler.throwIfResponseFailed(ErrorHandler.java:166)
	at org.openqa.selenium.remote.http.JsonHttpResponseCodec.reconstructValue(JsonHttpResponseCodec.java:40)
	at org.openqa.selenium.remote.http.AbstractHttpResponseCodec.decode(AbstractHttpResponseCodec.java:80)
	at org.openqa.selenium.remote.http.AbstractHttpResponseCodec.decode(AbstractHttpResponseCodec.java:44)
	at org.openqa.selenium.remote.HttpCommandExecutor.execute(HttpCommandExecutor.java:164)
	at org.openqa.selenium.remote.service.DriverCommandExecutor.execute(DriverCommandExecutor.java:83)
	at org.openqa.selenium.remote.RemoteWebDriver.execute(RemoteWebDriver.java:600)
	at com.kms.katalon.selenium.driver.CChromeDriver.execute(CChromeDriver.java:20)
	at org.openqa.selenium.remote.RemoteWebElement.execute(RemoteWebElement.java:279)
	at org.openqa.selenium.remote.RemoteWebElement.click(RemoteWebElement.java:83)
	at com.kms.katalon.core.webui.keyword.builtin.ClickKeyword$_click_closure1.doCall(ClickKeyword.groovy:79)
	at com.kms.katalon.core.webui.keyword.builtin.ClickKeyword$_click_closure1.call(ClickKeyword.groovy)
	at com.kms.katalon.core.webui.keyword.internal.WebUIKeywordMain.runKeyword(WebUIKeywordMain.groovy:20)
	at com.kms.katalon.core.webui.keyword.builtin.ClickKeyword.click(ClickKeyword.groovy:86)
	at com.kms.katalon.core.webui.keyword.builtin.ClickKeyword.execute(ClickKeyword.groovy:67)
	at com.kms.katalon.core.keyword.internal.KeywordExecutor.executeKeywordForPlatform(KeywordExecutor.groovy:56)
	at com.kms.katalon.core.webui.keyword.WebUiBuiltInKeywords.click(WebUiBuiltInKeywords.groovy:616)
	at com.kms.katalon.core.webui.keyword.WebUiBuiltInKeywords$click$2.call(Unknown Source)
	at Script1554208303861.run(Script1554208303861.groovy:26)
	... 13 more
"/>
         <system-out><![CDATA[2019-04-21 05:20:16 - [TEST_CASE][FAILED] - Test Cases/SMS/sms broadcast/TC11178: Test Cases/SMS/sms broadcast/TC11178 FAILED.
Reason:
com.kms.katalon.core.exception.StepFailedException: Unable to click on object 'Object Repository/Page_KiboEngage  Dashboard/span_Broadcasts'
	at com.kms.katalon.core.webui.keyword.internal.WebUIKeywordMain.stepFailed(WebUIKeywordMain.groovy:64)
	at com.kms.katalon.core.webui.keyword.internal.WebUIKeywordMain.runKeyword(WebUIKeywordMain.groovy:26)
	at com.kms.katalon.core.webui.keyword.builtin.ClickKeyword.click(ClickKeyword.groovy:86)
	at com.kms.katalon.core.webui.keyword.builtin.ClickKeyword.execute(ClickKeyword.groovy:67)
	at com.kms.katalon.core.keyword.internal.KeywordExecutor.executeKeywordForPlatform(KeywordExecutor.groovy:56)
	at com.kms.katalon.core.webui.keyword.WebUiBuiltInKeywords.click(WebUiBuiltInKeywords.groovy:616)
	at com.kms.katalon.core.webui.keyword.WebUiBuiltInKeywords$click$2.call(Unknown Source)
	at TC11178.run(TC11178:26)
	at com.kms.katalon.core.main.ScriptEngine.run(ScriptEngine.java:194)
	at com.kms.katalon.core.main.ScriptEngine.runScriptAsRawText(ScriptEngine.java:119)
	at com.kms.katalon.core.main.TestCaseExecutor.runScript(TestCaseExecutor.java:336)
	at com.kms.katalon.core.main.TestCaseExecutor.doExecute(TestCaseExecutor.java:327)
	at com.kms.katalon.core.main.TestCaseExecutor.processExecutionPhase(TestCaseExecutor.java:306)
	at com.kms.katalon.core.main.TestCaseExecutor.accessMainPhase(TestCaseExecutor.java:298)
	at com.kms.katalon.core.main.TestCaseExecutor.execute(TestCaseExecutor.java:232)
	at com.kms.katalon.core.main.TestSuiteExecutor.accessTestCaseMainPhase(TestSuiteExecutor.java:129)
	at com.kms.katalon.core.main.TestSuiteExecutor.accessTestSuiteMainPhase(TestSuiteExecutor.java:112)
	at com.kms.katalon.core.main.TestSuiteExecutor.execute(TestSuiteExecutor.java:81)
	at com.kms.katalon.core.main.TestCaseMain.startTestSuite(TestCaseMain.java:157)
	at com.kms.katalon.core.main.TestCaseMain$startTestSuite$0.call(Unknown Source)
	at TempTestSuite1555805827617.run(TempTestSuite1555805827617.groovy:35)
Caused by: org.openqa.selenium.ElementNotVisibleException: element not interactable
  (Session info: chrome=73.0.3683.103)
  (Driver info: chromedriver=73.0.3683.68 (47787ec04b6e38e22703e856e101e840b65afe72),platform=Linux 4.15.0-47-generic x86_64) (WARNING: The server did not provide any stacktrace information)
Command duration or timeout: 0 milliseconds
Build info: version: '3.7.1', revision: '8a0099a', time: '2017-11-06T21:07:36.161Z'
System info: host: 'faizan-HP-EliteBook-850-G2', ip: '127.0.1.1', os.name: 'Linux', os.arch: 'amd64', os.version: '4.15.0-47-generic', java.version: '1.8.0_191'
Driver info: com.kms.katalon.selenium.driver.CChromeDriver
Capabilities {acceptInsecureCerts: false, acceptSslCerts: false, applicationCacheEnabled: false, browserConnectionEnabled: false, browserName: chrome, chrome: {chromedriverVersion: 73.0.3683.68 (47787ec04b6e3..., userDataDir: /tmp/.com.google.Chrome.3MGpH3}, cssSelectorsEnabled: true, databaseEnabled: false, goog:chromeOptions: {debuggerAddress: localhost:40385}, handlesAlerts: true, hasTouchScreen: false, javascriptEnabled: true, locationContextEnabled: true, mobileEmulationEnabled: false, nativeEvents: true, networkConnectionEnabled: false, pageLoadStrategy: normal, platform: LINUX, platformName: LINUX, proxy: Proxy(direct), rotatable: false, setWindowRect: true, strictFileInteractability: false, takesHeapSnapshot: true, takesScreenshot: true, timeouts: {implicit: 0, pageLoad: 300000, script: 30000}, unexpectedAlertBehaviour: ignore, unhandledPromptBehavior: ignore, version: 73.0.3683.103, webStorageEnabled: true}
Session ID: f87268ee1c35c1ced596fe180b363839
	at org.openqa.selenium.remote.ErrorHandler.createThrowable(ErrorHandler.java:214)
	at org.openqa.selenium.remote.ErrorHandler.throwIfResponseFailed(ErrorHandler.java:166)
	at org.openqa.selenium.remote.http.JsonHttpResponseCodec.reconstructValue(JsonHttpResponseCodec.java:40)
	at org.openqa.selenium.remote.http.AbstractHttpResponseCodec.decode(AbstractHttpResponseCodec.java:80)
	at org.openqa.selenium.remote.http.AbstractHttpResponseCodec.decode(AbstractHttpResponseCodec.java:44)
	at org.openqa.selenium.remote.HttpCommandExecutor.execute(HttpCommandExecutor.java:164)
	at org.openqa.selenium.remote.service.DriverCommandExecutor.execute(DriverCommandExecutor.java:83)
	at org.openqa.selenium.remote.RemoteWebDriver.execute(RemoteWebDriver.java:600)
	at com.kms.katalon.selenium.driver.CChromeDriver.execute(CChromeDriver.java:20)
	at org.openqa.selenium.remote.RemoteWebElement.execute(RemoteWebElement.java:279)
	at org.openqa.selenium.remote.RemoteWebElement.click(RemoteWebElement.java:83)
	at com.kms.katalon.core.webui.keyword.builtin.ClickKeyword$_click_closure1.doCall(ClickKeyword.groovy:79)
	at com.kms.katalon.core.webui.keyword.builtin.ClickKeyword$_click_closure1.call(ClickKeyword.groovy)
	at com.kms.katalon.core.webui.keyword.internal.WebUIKeywordMain.runKeyword(WebUIKeywordMain.groovy:20)
	at com.kms.katalon.core.webui.keyword.builtin.ClickKeyword.click(ClickKeyword.groovy:86)
	at com.kms.katalon.core.webui.keyword.builtin.ClickKeyword.execute(ClickKeyword.groovy:67)
	at com.kms.katalon.core.keyword.internal.KeywordExecutor.executeKeywordForPlatform(KeywordExecutor.groovy:56)
	at com.kms.katalon.core.webui.keyword.WebUiBuiltInKeywords.click(WebUiBuiltInKeywords.groovy:616)
	at com.kms.katalon.core.webui.keyword.WebUiBuiltInKeywords$click$2.call(Unknown Source)
	at Script1554208303861.run(Script1554208303861.groovy:26)
	... 13 more


2019-04-21 05:20:16 - [TEST_STEP][PASSED] - callTestCase(findTestCase("SMS/SMSPlatform"), [:], STOP_ON_FAILURE): Call Test Case 'Test Cases/SMS/SMSPlatform' successfully

2019-04-21 05:20:16 - [TEST_CASE][PASSED] - Test Cases/SMS/SMSPlatform: Test Cases/SMS/SMSPlatform

2019-04-21 05:20:16 - [TEST_STEP][PASSED] - click(findTestObject("Page_KiboEngage  Dashboard/a_SMS (1)")): Object: 'Object Repository/Page_KiboEngage  Dashboard/a_SMS (1)' is clicked on

2019-04-21 05:20:17 - [MESSAGE][PASSED] - Object: 'Object Repository/Page_KiboEngage  Dashboard/a_SMS (1)' is clicked on

2019-04-21 05:20:17 - [TEST_STEP][PASSED] - click(findTestObject("Page_KiboEngage  Dashboard/span_SMS (1)")): Object: 'Object Repository/Page_KiboEngage  Dashboard/span_SMS (1)' is clicked on

2019-04-21 05:20:17 - [MESSAGE][PASSED] - Object: 'Object Repository/Page_KiboEngage  Dashboard/span_SMS (1)' is clicked on

2019-04-21 05:20:17 - [TEST_STEP][PASSED] - delay(1): Delayed 1 second(s)

2019-04-21 05:20:18 - [MESSAGE][PASSED] - Delayed 1 second(s)

2019-04-21 05:20:18 - [MESSAGE][PASSED] - Call Test Case 'Test Cases/SMS/SMSPlatform' successfully

2019-04-21 05:20:18 - [TEST_STEP][PASSED] - click(findTestObject("Page_KiboPush  Dashboard/span_Dashboard")): Object: 'Object Repository/Page_KiboPush  Dashboard/span_Dashboard' is clicked on

2019-04-21 05:20:18 - [MESSAGE][PASSED] - Object: 'Object Repository/Page_KiboPush  Dashboard/span_Dashboard' is clicked on

2019-04-21 05:20:18 - [TEST_STEP][PASSED] - delay(1): Delayed 1 second(s)

2019-04-21 05:20:19 - [MESSAGE][PASSED] - Delayed 1 second(s)

2019-04-21 05:20:19 - [TEST_STEP][PASSED] - click(findTestObject("Page_KiboEngage  Dashboard/span_Broadcasting (1)")): Object: 'Object Repository/Page_KiboEngage  Dashboard/span_Broadcasting (1)' is clicked on

2019-04-21 05:20:19 - [MESSAGE][PASSED] - Object: 'Object Repository/Page_KiboEngage  Dashboard/span_Broadcasting (1)' is clicked on

2019-04-21 05:20:19 - [TEST_STEP][PASSED] - delay(1): Delayed 1 second(s)

2019-04-21 05:20:20 - [MESSAGE][PASSED] - Delayed 1 second(s)

2019-04-21 05:20:20 - [TEST_STEP][FAILED] - click(findTestObject("Object Repository/Page_KiboEngage  Dashboard/span_Broadcasts")): Unable to click on object 'Object Repository/Page_KiboEngage  Dashboard/span_Broadcasts' (Root cause: com.kms.katalon.core.exception.StepFailedException: Unable to click on object 'Object Repository/Page_KiboEngage  Dashboard/span_Broadcasts'
	at com.kms.katalon.core.webui.keyword.internal.WebUIKeywordMain.stepFailed(WebUIKeywordMain.groovy:64)
	at com.kms.katalon.core.webui.keyword.internal.WebUIKeywordMain.runKeyword(WebUIKeywordMain.groovy:26)
	at com.kms.katalon.core.webui.keyword.builtin.ClickKeyword.click(ClickKeyword.groovy:86)
	at com.kms.katalon.core.webui.keyword.builtin.ClickKeyword.execute(ClickKeyword.groovy:67)
	at com.kms.katalon.core.keyword.internal.KeywordExecutor.executeKeywordForPlatform(KeywordExecutor.groovy:56)
	at com.kms.katalon.core.webui.keyword.WebUiBuiltInKeywords.click(WebUiBuiltInKeywords.groovy:616)
	at com.kms.katalon.core.webui.keyword.WebUiBuiltInKeywords$click$2.call(Unknown Source)
	at TC11178.run(TC11178:26)
	at com.kms.katalon.core.main.ScriptEngine.run(ScriptEngine.java:194)
	at com.kms.katalon.core.main.ScriptEngine.runScriptAsRawText(ScriptEngine.java:119)
	at com.kms.katalon.core.main.TestCaseExecutor.runScript(TestCaseExecutor.java:336)
	at com.kms.katalon.core.main.TestCaseExecutor.doExecute(TestCaseExecutor.java:327)
	at com.kms.katalon.core.main.TestCaseExecutor.processExecutionPhase(TestCaseExecutor.java:306)
	at com.kms.katalon.core.main.TestCaseExecutor.accessMainPhase(TestCaseExecutor.java:298)
	at com.kms.katalon.core.main.TestCaseExecutor.execute(TestCaseExecutor.java:232)
	at com.kms.katalon.core.main.TestSuiteExecutor.accessTestCaseMainPhase(TestSuiteExecutor.java:129)
	at com.kms.katalon.core.main.TestSuiteExecutor.accessTestSuiteMainPhase(TestSuiteExecutor.java:112)
	at com.kms.katalon.core.main.TestSuiteExecutor.execute(TestSuiteExecutor.java:81)
	at com.kms.katalon.core.main.TestCaseMain.startTestSuite(TestCaseMain.java:157)
	at com.kms.katalon.core.main.TestCaseMain$startTestSuite$0.call(Unknown Source)
	at TempTestSuite1555805827617.run(TempTestSuite1555805827617.groovy:35)
Caused by: org.openqa.selenium.ElementNotVisibleException: element not interactable
  (Session info: chrome=73.0.3683.103)
  (Driver info: chromedriver=73.0.3683.68 (47787ec04b6e38e22703e856e101e840b65afe72),platform=Linux 4.15.0-47-generic x86_64) (WARNING: The server did not provide any stacktrace information)
Command duration or timeout: 0 milliseconds
Build info: version: '3.7.1', revision: '8a0099a', time: '2017-11-06T21:07:36.161Z'
System info: host: 'faizan-HP-EliteBook-850-G2', ip: '127.0.1.1', os.name: 'Linux', os.arch: 'amd64', os.version: '4.15.0-47-generic', java.version: '1.8.0_191'
Driver info: com.kms.katalon.selenium.driver.CChromeDriver
Capabilities {acceptInsecureCerts: false, acceptSslCerts: false, applicationCacheEnabled: false, browserConnectionEnabled: false, browserName: chrome, chrome: {chromedriverVersion: 73.0.3683.68 (47787ec04b6e3..., userDataDir: /tmp/.com.google.Chrome.3MGpH3}, cssSelectorsEnabled: true, databaseEnabled: false, goog:chromeOptions: {debuggerAddress: localhost:40385}, handlesAlerts: true, hasTouchScreen: false, javascriptEnabled: true, locationContextEnabled: true, mobileEmulationEnabled: false, nativeEvents: true, networkConnectionEnabled: false, pageLoadStrategy: normal, platform: LINUX, platformName: LINUX, proxy: Proxy(direct), rotatable: false, setWindowRect: true, strictFileInteractability: false, takesHeapSnapshot: true, takesScreenshot: true, timeouts: {implicit: 0, pageLoad: 300000, script: 30000}, unexpectedAlertBehaviour: ignore, unhandledPromptBehavior: ignore, version: 73.0.3683.103, webStorageEnabled: true}
Session ID: f87268ee1c35c1ced596fe180b363839
	at org.openqa.selenium.remote.ErrorHandler.createThrowable(ErrorHandler.java:214)
	at org.openqa.selenium.remote.ErrorHandler.throwIfResponseFailed(ErrorHandler.java:166)
	at org.openqa.selenium.remote.http.JsonHttpResponseCodec.reconstructValue(JsonHttpResponseCodec.java:40)
	at org.openqa.selenium.remote.http.AbstractHttpResponseCodec.decode(AbstractHttpResponseCodec.java:80)
	at org.openqa.selenium.remote.http.AbstractHttpResponseCodec.decode(AbstractHttpResponseCodec.java:44)
	at org.openqa.selenium.remote.HttpCommandExecutor.execute(HttpCommandExecutor.java:164)
	at org.openqa.selenium.remote.service.DriverCommandExecutor.execute(DriverCommandExecutor.java:83)
	at org.openqa.selenium.remote.RemoteWebDriver.execute(RemoteWebDriver.java:600)
	at com.kms.katalon.selenium.driver.CChromeDriver.execute(CChromeDriver.java:20)
	at org.openqa.selenium.remote.RemoteWebElement.execute(RemoteWebElement.java:279)
	at org.openqa.selenium.remote.RemoteWebElement.click(RemoteWebElement.java:83)
	at com.kms.katalon.core.webui.keyword.builtin.ClickKeyword$_click_closure1.doCall(ClickKeyword.groovy:79)
	at com.kms.katalon.core.webui.keyword.builtin.ClickKeyword$_click_closure1.call(ClickKeyword.groovy)
	at com.kms.katalon.core.webui.keyword.internal.WebUIKeywordMain.runKeyword(WebUIKeywordMain.groovy:20)
	at com.kms.katalon.core.webui.keyword.builtin.ClickKeyword.click(ClickKeyword.groovy:86)
	at com.kms.katalon.core.webui.keyword.builtin.ClickKeyword.execute(ClickKeyword.groovy:67)
	at com.kms.katalon.core.keyword.internal.KeywordExecutor.executeKeywordForPlatform(KeywordExecutor.groovy:56)
	at com.kms.katalon.core.webui.keyword.WebUiBuiltInKeywords.click(WebUiBuiltInKeywords.groovy:616)
	at com.kms.katalon.core.webui.keyword.WebUiBuiltInKeywords$click$2.call(Unknown Source)
	at Script1554208303861.run(Script1554208303861.groovy:26)
	... 13 more
)

2019-04-21 05:20:20 - [MESSAGE][FAILED] - Unable to click on object 'Object Repository/Page_KiboEngage  Dashboard/span_Broadcasts' (Root cause: com.kms.katalon.core.exception.StepFailedException: Unable to click on object 'Object Repository/Page_KiboEngage  Dashboard/span_Broadcasts'
	at com.kms.katalon.core.webui.keyword.internal.WebUIKeywordMain.stepFailed(WebUIKeywordMain.groovy:64)
	at com.kms.katalon.core.webui.keyword.internal.WebUIKeywordMain.runKeyword(WebUIKeywordMain.groovy:26)
	at com.kms.katalon.core.webui.keyword.builtin.ClickKeyword.click(ClickKeyword.groovy:86)
	at com.kms.katalon.core.webui.keyword.builtin.ClickKeyword.execute(ClickKeyword.groovy:67)
	at com.kms.katalon.core.keyword.internal.KeywordExecutor.executeKeywordForPlatform(KeywordExecutor.groovy:56)
	at com.kms.katalon.core.webui.keyword.WebUiBuiltInKeywords.click(WebUiBuiltInKeywords.groovy:616)
	at com.kms.katalon.core.webui.keyword.WebUiBuiltInKeywords$click$2.call(Unknown Source)
	at TC11178.run(TC11178:26)
	at com.kms.katalon.core.main.ScriptEngine.run(ScriptEngine.java:194)
	at com.kms.katalon.core.main.ScriptEngine.runScriptAsRawText(ScriptEngine.java:119)
	at com.kms.katalon.core.main.TestCaseExecutor.runScript(TestCaseExecutor.java:336)
	at com.kms.katalon.core.main.TestCaseExecutor.doExecute(TestCaseExecutor.java:327)
	at com.kms.katalon.core.main.TestCaseExecutor.processExecutionPhase(TestCaseExecutor.java:306)
	at com.kms.katalon.core.main.TestCaseExecutor.accessMainPhase(TestCaseExecutor.java:298)
	at com.kms.katalon.core.main.TestCaseExecutor.execute(TestCaseExecutor.java:232)
	at com.kms.katalon.core.main.TestSuiteExecutor.accessTestCaseMainPhase(TestSuiteExecutor.java:129)
	at com.kms.katalon.core.main.TestSuiteExecutor.accessTestSuiteMainPhase(TestSuiteExecutor.java:112)
	at com.kms.katalon.core.main.TestSuiteExecutor.execute(TestSuiteExecutor.java:81)
	at com.kms.katalon.core.main.TestCaseMain.startTestSuite(TestCaseMain.java:157)
	at com.kms.katalon.core.main.TestCaseMain$startTestSuite$0.call(Unknown Source)
	at TempTestSuite1555805827617.run(TempTestSuite1555805827617.groovy:35)
Caused by: org.openqa.selenium.ElementNotVisibleException: element not interactable
  (Session info: chrome=73.0.3683.103)
  (Driver info: chromedriver=73.0.3683.68 (47787ec04b6e38e22703e856e101e840b65afe72),platform=Linux 4.15.0-47-generic x86_64) (WARNING: The server did not provide any stacktrace information)
Command duration or timeout: 0 milliseconds
Build info: version: '3.7.1', revision: '8a0099a', time: '2017-11-06T21:07:36.161Z'
System info: host: 'faizan-HP-EliteBook-850-G2', ip: '127.0.1.1', os.name: 'Linux', os.arch: 'amd64', os.version: '4.15.0-47-generic', java.version: '1.8.0_191'
Driver info: com.kms.katalon.selenium.driver.CChromeDriver
Capabilities {acceptInsecureCerts: false, acceptSslCerts: false, applicationCacheEnabled: false, browserConnectionEnabled: false, browserName: chrome, chrome: {chromedriverVersion: 73.0.3683.68 (47787ec04b6e3..., userDataDir: /tmp/.com.google.Chrome.3MGpH3}, cssSelectorsEnabled: true, databaseEnabled: false, goog:chromeOptions: {debuggerAddress: localhost:40385}, handlesAlerts: true, hasTouchScreen: false, javascriptEnabled: true, locationContextEnabled: true, mobileEmulationEnabled: false, nativeEvents: true, networkConnectionEnabled: false, pageLoadStrategy: normal, platform: LINUX, platformName: LINUX, proxy: Proxy(direct), rotatable: false, setWindowRect: true, strictFileInteractability: false, takesHeapSnapshot: true, takesScreenshot: true, timeouts: {implicit: 0, pageLoad: 300000, script: 30000}, unexpectedAlertBehaviour: ignore, unhandledPromptBehavior: ignore, version: 73.0.3683.103, webStorageEnabled: true}
Session ID: f87268ee1c35c1ced596fe180b363839
	at org.openqa.selenium.remote.ErrorHandler.createThrowable(ErrorHandler.java:214)
	at org.openqa.selenium.remote.ErrorHandler.throwIfResponseFailed(ErrorHandler.java:166)
	at org.openqa.selenium.remote.http.JsonHttpResponseCodec.reconstructValue(JsonHttpResponseCodec.java:40)
	at org.openqa.selenium.remote.http.AbstractHttpResponseCodec.decode(AbstractHttpResponseCodec.java:80)
	at org.openqa.selenium.remote.http.AbstractHttpResponseCodec.decode(AbstractHttpResponseCodec.java:44)
	at org.openqa.selenium.remote.HttpCommandExecutor.execute(HttpCommandExecutor.java:164)
	at org.openqa.selenium.remote.service.DriverCommandExecutor.execute(DriverCommandExecutor.java:83)
	at org.openqa.selenium.remote.RemoteWebDriver.execute(RemoteWebDriver.java:600)
	at com.kms.katalon.selenium.driver.CChromeDriver.execute(CChromeDriver.java:20)
	at org.openqa.selenium.remote.RemoteWebElement.execute(RemoteWebElement.java:279)
	at org.openqa.selenium.remote.RemoteWebElement.click(RemoteWebElement.java:83)
	at com.kms.katalon.core.webui.keyword.builtin.ClickKeyword$_click_closure1.doCall(ClickKeyword.groovy:79)
	at com.kms.katalon.core.webui.keyword.builtin.ClickKeyword$_click_closure1.call(ClickKeyword.groovy)
	at com.kms.katalon.core.webui.keyword.internal.WebUIKeywordMain.runKeyword(WebUIKeywordMain.groovy:20)
	at com.kms.katalon.core.webui.keyword.builtin.ClickKeyword.click(ClickKeyword.groovy:86)
	at com.kms.katalon.core.webui.keyword.builtin.ClickKeyword.execute(ClickKeyword.groovy:67)
	at com.kms.katalon.core.keyword.internal.KeywordExecutor.executeKeywordForPlatform(KeywordExecutor.groovy:56)
	at com.kms.katalon.core.webui.keyword.WebUiBuiltInKeywords.click(WebUiBuiltInKeywords.groovy:616)
	at com.kms.katalon.core.webui.keyword.WebUiBuiltInKeywords$click$2.call(Unknown Source)
	at Script1554208303861.run(Script1554208303861.groovy:26)
	... 13 more
)
[[ATTACHMENT|/home/faizan/Drive/KiboPush_Automated_Testing/KiboPush Katalon/Reports/Faizan Suits/SMS/20190421_051707/1555806020601.png]]]]></system-out>
         <system-err><![CDATA[2019-04-21 05:20:16 - [TEST_CASE][FAILED] - Test Cases/SMS/sms broadcast/TC11178: Test Cases/SMS/sms broadcast/TC11178 FAILED.
Reason:
com.kms.katalon.core.exception.StepFailedException: Unable to click on object 'Object Repository/Page_KiboEngage  Dashboard/span_Broadcasts'
	at com.kms.katalon.core.webui.keyword.internal.WebUIKeywordMain.stepFailed(WebUIKeywordMain.groovy:64)
	at com.kms.katalon.core.webui.keyword.internal.WebUIKeywordMain.runKeyword(WebUIKeywordMain.groovy:26)
	at com.kms.katalon.core.webui.keyword.builtin.ClickKeyword.click(ClickKeyword.groovy:86)
	at com.kms.katalon.core.webui.keyword.builtin.ClickKeyword.execute(ClickKeyword.groovy:67)
	at com.kms.katalon.core.keyword.internal.KeywordExecutor.executeKeywordForPlatform(KeywordExecutor.groovy:56)
	at com.kms.katalon.core.webui.keyword.WebUiBuiltInKeywords.click(WebUiBuiltInKeywords.groovy:616)
	at com.kms.katalon.core.webui.keyword.WebUiBuiltInKeywords$click$2.call(Unknown Source)
	at TC11178.run(TC11178:26)
	at com.kms.katalon.core.main.ScriptEngine.run(ScriptEngine.java:194)
	at com.kms.katalon.core.main.ScriptEngine.runScriptAsRawText(ScriptEngine.java:119)
	at com.kms.katalon.core.main.TestCaseExecutor.runScript(TestCaseExecutor.java:336)
	at com.kms.katalon.core.main.TestCaseExecutor.doExecute(TestCaseExecutor.java:327)
	at com.kms.katalon.core.main.TestCaseExecutor.processExecutionPhase(TestCaseExecutor.java:306)
	at com.kms.katalon.core.main.TestCaseExecutor.accessMainPhase(TestCaseExecutor.java:298)
	at com.kms.katalon.core.main.TestCaseExecutor.execute(TestCaseExecutor.java:232)
	at com.kms.katalon.core.main.TestSuiteExecutor.accessTestCaseMainPhase(TestSuiteExecutor.java:129)
	at com.kms.katalon.core.main.TestSuiteExecutor.accessTestSuiteMainPhase(TestSuiteExecutor.java:112)
	at com.kms.katalon.core.main.TestSuiteExecutor.execute(TestSuiteExecutor.java:81)
	at com.kms.katalon.core.main.TestCaseMain.startTestSuite(TestCaseMain.java:157)
	at com.kms.katalon.core.main.TestCaseMain$startTestSuite$0.call(Unknown Source)
	at TempTestSuite1555805827617.run(TempTestSuite1555805827617.groovy:35)
Caused by: org.openqa.selenium.ElementNotVisibleException: element not interactable
  (Session info: chrome=73.0.3683.103)
  (Driver info: chromedriver=73.0.3683.68 (47787ec04b6e38e22703e856e101e840b65afe72),platform=Linux 4.15.0-47-generic x86_64) (WARNING: The server did not provide any stacktrace information)
Command duration or timeout: 0 milliseconds
Build info: version: '3.7.1', revision: '8a0099a', time: '2017-11-06T21:07:36.161Z'
System info: host: 'faizan-HP-EliteBook-850-G2', ip: '127.0.1.1', os.name: 'Linux', os.arch: 'amd64', os.version: '4.15.0-47-generic', java.version: '1.8.0_191'
Driver info: com.kms.katalon.selenium.driver.CChromeDriver
Capabilities {acceptInsecureCerts: false, acceptSslCerts: false, applicationCacheEnabled: false, browserConnectionEnabled: false, browserName: chrome, chrome: {chromedriverVersion: 73.0.3683.68 (47787ec04b6e3..., userDataDir: /tmp/.com.google.Chrome.3MGpH3}, cssSelectorsEnabled: true, databaseEnabled: false, goog:chromeOptions: {debuggerAddress: localhost:40385}, handlesAlerts: true, hasTouchScreen: false, javascriptEnabled: true, locationContextEnabled: true, mobileEmulationEnabled: false, nativeEvents: true, networkConnectionEnabled: false, pageLoadStrategy: normal, platform: LINUX, platformName: LINUX, proxy: Proxy(direct), rotatable: false, setWindowRect: true, strictFileInteractability: false, takesHeapSnapshot: true, takesScreenshot: true, timeouts: {implicit: 0, pageLoad: 300000, script: 30000}, unexpectedAlertBehaviour: ignore, unhandledPromptBehavior: ignore, version: 73.0.3683.103, webStorageEnabled: true}
Session ID: f87268ee1c35c1ced596fe180b363839
	at org.openqa.selenium.remote.ErrorHandler.createThrowable(ErrorHandler.java:214)
	at org.openqa.selenium.remote.ErrorHandler.throwIfResponseFailed(ErrorHandler.java:166)
	at org.openqa.selenium.remote.http.JsonHttpResponseCodec.reconstructValue(JsonHttpResponseCodec.java:40)
	at org.openqa.selenium.remote.http.AbstractHttpResponseCodec.decode(AbstractHttpResponseCodec.java:80)
	at org.openqa.selenium.remote.http.AbstractHttpResponseCodec.decode(AbstractHttpResponseCodec.java:44)
	at org.openqa.selenium.remote.HttpCommandExecutor.execute(HttpCommandExecutor.java:164)
	at org.openqa.selenium.remote.service.DriverCommandExecutor.execute(DriverCommandExecutor.java:83)
	at org.openqa.selenium.remote.RemoteWebDriver.execute(RemoteWebDriver.java:600)
	at com.kms.katalon.selenium.driver.CChromeDriver.execute(CChromeDriver.java:20)
	at org.openqa.selenium.remote.RemoteWebElement.execute(RemoteWebElement.java:279)
	at org.openqa.selenium.remote.RemoteWebElement.click(RemoteWebElement.java:83)
	at com.kms.katalon.core.webui.keyword.builtin.ClickKeyword$_click_closure1.doCall(ClickKeyword.groovy:79)
	at com.kms.katalon.core.webui.keyword.builtin.ClickKeyword$_click_closure1.call(ClickKeyword.groovy)
	at com.kms.katalon.core.webui.keyword.internal.WebUIKeywordMain.runKeyword(WebUIKeywordMain.groovy:20)
	at com.kms.katalon.core.webui.keyword.builtin.ClickKeyword.click(ClickKeyword.groovy:86)
	at com.kms.katalon.core.webui.keyword.builtin.ClickKeyword.execute(ClickKeyword.groovy:67)
	at com.kms.katalon.core.keyword.internal.KeywordExecutor.executeKeywordForPlatform(KeywordExecutor.groovy:56)
	at com.kms.katalon.core.webui.keyword.WebUiBuiltInKeywords.click(WebUiBuiltInKeywords.groovy:616)
	at com.kms.katalon.core.webui.keyword.WebUiBuiltInKeywords$click$2.call(Unknown Source)
	at Script1554208303861.run(Script1554208303861.groovy:26)
	... 13 more]]></system-err>
      </testcase>
      <testcase name="Test Cases/SMS/sms broadcast/TC11179" classname="Test Cases/SMS/sms broadcast/TC11179" status="PASSED">
         <system-out><![CDATA[2019-04-21 05:20:20 - [TEST_CASE][PASSED] - Test Cases/SMS/sms broadcast/TC11179: Test Cases/SMS/sms broadcast/TC11179

2019-04-21 05:20:21 - [TEST_STEP][PASSED] - callTestCase(findTestCase("SMS/SMSPlatform"), [:], STOP_ON_FAILURE): Call Test Case 'Test Cases/SMS/SMSPlatform' successfully

2019-04-21 05:20:21 - [TEST_CASE][PASSED] - Test Cases/SMS/SMSPlatform: Test Cases/SMS/SMSPlatform

2019-04-21 05:20:21 - [TEST_STEP][PASSED] - click(findTestObject("Page_KiboEngage  Dashboard/a_SMS (1)")): Object: 'Object Repository/Page_KiboEngage  Dashboard/a_SMS (1)' is clicked on

2019-04-21 05:20:21 - [MESSAGE][PASSED] - Object: 'Object Repository/Page_KiboEngage  Dashboard/a_SMS (1)' is clicked on

2019-04-21 05:20:21 - [TEST_STEP][PASSED] - click(findTestObject("Page_KiboEngage  Dashboard/span_SMS (1)")): Object: 'Object Repository/Page_KiboEngage  Dashboard/span_SMS (1)' is clicked on

2019-04-21 05:20:21 - [MESSAGE][PASSED] - Object: 'Object Repository/Page_KiboEngage  Dashboard/span_SMS (1)' is clicked on

2019-04-21 05:20:21 - [TEST_STEP][PASSED] - delay(1): Delayed 1 second(s)

2019-04-21 05:20:22 - [MESSAGE][PASSED] - Delayed 1 second(s)

2019-04-21 05:20:22 - [MESSAGE][PASSED] - Call Test Case 'Test Cases/SMS/SMSPlatform' successfully

2019-04-21 05:20:22 - [TEST_STEP][PASSED] - click(findTestObject("Page_KiboPush  Dashboard/span_Dashboard")): Object: 'Object Repository/Page_KiboPush  Dashboard/span_Dashboard' is clicked on

2019-04-21 05:20:22 - [MESSAGE][PASSED] - Object: 'Object Repository/Page_KiboPush  Dashboard/span_Dashboard' is clicked on

2019-04-21 05:20:22 - [TEST_STEP][PASSED] - delay(1): Delayed 1 second(s)

2019-04-21 05:20:23 - [MESSAGE][PASSED] - Delayed 1 second(s)

2019-04-21 05:20:23 - [TEST_STEP][PASSED] - click(findTestObject("Page_KiboEngage  Dashboard/span_Broadcasting (1)")): Object: 'Object Repository/Page_KiboEngage  Dashboard/span_Broadcasting (1)' is clicked on

2019-04-21 05:20:23 - [MESSAGE][PASSED] - Object: 'Object Repository/Page_KiboEngage  Dashboard/span_Broadcasting (1)' is clicked on

2019-04-21 05:20:23 - [TEST_STEP][PASSED] - delay(1): Delayed 1 second(s)

2019-04-21 05:20:24 - [MESSAGE][PASSED] - Delayed 1 second(s)

2019-04-21 05:20:24 - [TEST_STEP][PASSED] - click(findTestObject("Object Repository/Page_KiboEngage  Dashboard/span_Broadcasts")): Object: 'Object Repository/Page_KiboEngage  Dashboard/span_Broadcasts' is clicked on

2019-04-21 05:20:24 - [MESSAGE][PASSED] - Object: 'Object Repository/Page_KiboEngage  Dashboard/span_Broadcasts' is clicked on

2019-04-21 05:20:24 - [TEST_STEP][PASSED] - delay(1): Delayed 1 second(s)

2019-04-21 05:20:25 - [MESSAGE][PASSED] - Delayed 1 second(s)

2019-04-21 05:20:25 - [TEST_STEP][PASSED] - click(findTestObject("Object Repository/Page_KiboEngage  Broadcasts/h3_Broadcasts (1) (1) (1)")): Object: 'Object Repository/Page_KiboEngage  Broadcasts/h3_Broadcasts (1) (1) (1)' is clicked on

2019-04-21 05:20:26 - [MESSAGE][PASSED] - Object: 'Object Repository/Page_KiboEngage  Broadcasts/h3_Broadcasts (1) (1) (1)' is clicked on

2019-04-21 05:20:26 - [TEST_STEP][PASSED] - delay(1): Delayed 1 second(s)

2019-04-21 05:20:27 - [MESSAGE][PASSED] - Delayed 1 second(s)

2019-04-21 05:20:27 - [TEST_STEP][PASSED] - click(findTestObject("Object Repository/Page_KiboEngage  Broadcasts/span_Create New (1) (1)")): Object: 'Object Repository/Page_KiboEngage  Broadcasts/span_Create New (1) (1)' is clicked on

2019-04-21 05:20:27 - [MESSAGE][PASSED] - Object: 'Object Repository/Page_KiboEngage  Broadcasts/span_Create New (1) (1)' is clicked on

2019-04-21 05:20:27 - [TEST_STEP][PASSED] - click(findTestObject("Object Repository/Page_KiboEngage  Broadcasts/button_Create New Broadcast (1) (1)")): Object: 'Object Repository/Page_KiboEngage  Broadcasts/button_Create New Broadcast (1) (1)' is clicked on

2019-04-21 05:20:27 - [MESSAGE][PASSED] - Object: 'Object Repository/Page_KiboEngage  Broadcasts/button_Create New Broadcast (1) (1)' is clicked on

2019-04-21 05:20:27 - [TEST_STEP][PASSED] - delay(1): Delayed 1 second(s)

2019-04-21 05:20:28 - [MESSAGE][PASSED] - Delayed 1 second(s)

2019-04-21 05:20:28 - [TEST_STEP][PASSED] - setText(findTestObject("Object Repository/Page_KiboEngage  Broadcasts/input_Push Message_form-control m-input"), "faizan"): Text 'faizan' is set on object 'Object Repository/Page_KiboEngage  Broadcasts/input_Push Message_form-control m-input'

2019-04-21 05:20:29 - [MESSAGE][PASSED] - Text 'faizan' is set on object 'Object Repository/Page_KiboEngage  Broadcasts/input_Push Message_form-control m-input'

2019-04-21 05:20:29 - [TEST_STEP][PASSED] - click(findTestObject("Object Repository/Page_KiboEngage  Broadcasts/span_Send (2)")): Object: 'Object Repository/Page_KiboEngage  Broadcasts/span_Send (2)' is clicked on

2019-04-21 05:20:29 - [MESSAGE][PASSED] - Object: 'Object Repository/Page_KiboEngage  Broadcasts/span_Send (2)' is clicked on

2019-04-21 05:20:29 - [TEST_STEP][PASSED] - click(findTestObject("Object Repository/Page_KiboEngage  Broadcasts/div_Please enter the message to send")): Object: 'Object Repository/Page_KiboEngage  Broadcasts/div_Please enter the message to send' is clicked on

2019-04-21 05:20:29 - [MESSAGE][PASSED] - Object: 'Object Repository/Page_KiboEngage  Broadcasts/div_Please enter the message to send' is clicked on]]></system-out>
         <system-err><![CDATA[]]></system-err>
      </testcase>
      <testcase name="Test Cases/SMS/sms broadcast/TC11181" classname="Test Cases/SMS/sms broadcast/TC11181" status="FAILED">
         <failure type="FAILED" message="Test Cases/SMS/sms broadcast/TC11181 FAILED.
Reason:
com.kms.katalon.core.exception.StepFailedException: Unable to click on object 'Object Repository/Page_KiboEngage  Dashboard/span_Broadcasts'
	at com.kms.katalon.core.webui.keyword.internal.WebUIKeywordMain.stepFailed(WebUIKeywordMain.groovy:64)
	at com.kms.katalon.core.webui.keyword.internal.WebUIKeywordMain.runKeyword(WebUIKeywordMain.groovy:26)
	at com.kms.katalon.core.webui.keyword.builtin.ClickKeyword.click(ClickKeyword.groovy:86)
	at com.kms.katalon.core.webui.keyword.builtin.ClickKeyword.execute(ClickKeyword.groovy:67)
	at com.kms.katalon.core.keyword.internal.KeywordExecutor.executeKeywordForPlatform(KeywordExecutor.groovy:56)
	at com.kms.katalon.core.webui.keyword.WebUiBuiltInKeywords.click(WebUiBuiltInKeywords.groovy:616)
	at com.kms.katalon.core.webui.keyword.WebUiBuiltInKeywords$click$2.call(Unknown Source)
	at TC11181.run(TC11181:26)
	at com.kms.katalon.core.main.ScriptEngine.run(ScriptEngine.java:194)
	at com.kms.katalon.core.main.ScriptEngine.runScriptAsRawText(ScriptEngine.java:119)
	at com.kms.katalon.core.main.TestCaseExecutor.runScript(TestCaseExecutor.java:336)
	at com.kms.katalon.core.main.TestCaseExecutor.doExecute(TestCaseExecutor.java:327)
	at com.kms.katalon.core.main.TestCaseExecutor.processExecutionPhase(TestCaseExecutor.java:306)
	at com.kms.katalon.core.main.TestCaseExecutor.accessMainPhase(TestCaseExecutor.java:298)
	at com.kms.katalon.core.main.TestCaseExecutor.execute(TestCaseExecutor.java:232)
	at com.kms.katalon.core.main.TestSuiteExecutor.accessTestCaseMainPhase(TestSuiteExecutor.java:129)
	at com.kms.katalon.core.main.TestSuiteExecutor.accessTestSuiteMainPhase(TestSuiteExecutor.java:112)
	at com.kms.katalon.core.main.TestSuiteExecutor.execute(TestSuiteExecutor.java:81)
	at com.kms.katalon.core.main.TestCaseMain.startTestSuite(TestCaseMain.java:157)
	at com.kms.katalon.core.main.TestCaseMain$startTestSuite$0.call(Unknown Source)
	at TempTestSuite1555805827617.run(TempTestSuite1555805827617.groovy:35)
Caused by: org.openqa.selenium.ElementNotVisibleException: element not interactable
  (Session info: chrome=73.0.3683.103)
  (Driver info: chromedriver=73.0.3683.68 (47787ec04b6e38e22703e856e101e840b65afe72),platform=Linux 4.15.0-47-generic x86_64) (WARNING: The server did not provide any stacktrace information)
Command duration or timeout: 0 milliseconds
Build info: version: '3.7.1', revision: '8a0099a', time: '2017-11-06T21:07:36.161Z'
System info: host: 'faizan-HP-EliteBook-850-G2', ip: '127.0.1.1', os.name: 'Linux', os.arch: 'amd64', os.version: '4.15.0-47-generic', java.version: '1.8.0_191'
Driver info: com.kms.katalon.selenium.driver.CChromeDriver
Capabilities {acceptInsecureCerts: false, acceptSslCerts: false, applicationCacheEnabled: false, browserConnectionEnabled: false, browserName: chrome, chrome: {chromedriverVersion: 73.0.3683.68 (47787ec04b6e3..., userDataDir: /tmp/.com.google.Chrome.3MGpH3}, cssSelectorsEnabled: true, databaseEnabled: false, goog:chromeOptions: {debuggerAddress: localhost:40385}, handlesAlerts: true, hasTouchScreen: false, javascriptEnabled: true, locationContextEnabled: true, mobileEmulationEnabled: false, nativeEvents: true, networkConnectionEnabled: false, pageLoadStrategy: normal, platform: LINUX, platformName: LINUX, proxy: Proxy(direct), rotatable: false, setWindowRect: true, strictFileInteractability: false, takesHeapSnapshot: true, takesScreenshot: true, timeouts: {implicit: 0, pageLoad: 300000, script: 30000}, unexpectedAlertBehaviour: ignore, unhandledPromptBehavior: ignore, version: 73.0.3683.103, webStorageEnabled: true}
Session ID: f87268ee1c35c1ced596fe180b363839
	at org.openqa.selenium.remote.ErrorHandler.createThrowable(ErrorHandler.java:214)
	at org.openqa.selenium.remote.ErrorHandler.throwIfResponseFailed(ErrorHandler.java:166)
	at org.openqa.selenium.remote.http.JsonHttpResponseCodec.reconstructValue(JsonHttpResponseCodec.java:40)
	at org.openqa.selenium.remote.http.AbstractHttpResponseCodec.decode(AbstractHttpResponseCodec.java:80)
	at org.openqa.selenium.remote.http.AbstractHttpResponseCodec.decode(AbstractHttpResponseCodec.java:44)
	at org.openqa.selenium.remote.HttpCommandExecutor.execute(HttpCommandExecutor.java:164)
	at org.openqa.selenium.remote.service.DriverCommandExecutor.execute(DriverCommandExecutor.java:83)
	at org.openqa.selenium.remote.RemoteWebDriver.execute(RemoteWebDriver.java:600)
	at com.kms.katalon.selenium.driver.CChromeDriver.execute(CChromeDriver.java:20)
	at org.openqa.selenium.remote.RemoteWebElement.execute(RemoteWebElement.java:279)
	at org.openqa.selenium.remote.RemoteWebElement.click(RemoteWebElement.java:83)
	at com.kms.katalon.core.webui.keyword.builtin.ClickKeyword$_click_closure1.doCall(ClickKeyword.groovy:79)
	at com.kms.katalon.core.webui.keyword.builtin.ClickKeyword$_click_closure1.call(ClickKeyword.groovy)
	at com.kms.katalon.core.webui.keyword.internal.WebUIKeywordMain.runKeyword(WebUIKeywordMain.groovy:20)
	at com.kms.katalon.core.webui.keyword.builtin.ClickKeyword.click(ClickKeyword.groovy:86)
	at com.kms.katalon.core.webui.keyword.builtin.ClickKeyword.execute(ClickKeyword.groovy:67)
	at com.kms.katalon.core.keyword.internal.KeywordExecutor.executeKeywordForPlatform(KeywordExecutor.groovy:56)
	at com.kms.katalon.core.webui.keyword.WebUiBuiltInKeywords.click(WebUiBuiltInKeywords.groovy:616)
	at com.kms.katalon.core.webui.keyword.WebUiBuiltInKeywords$click$2.call(Unknown Source)
	at Script1554208947599.run(Script1554208947599.groovy:26)
	... 13 more
"/>
         <system-out><![CDATA[2019-04-21 05:20:29 - [TEST_CASE][FAILED] - Test Cases/SMS/sms broadcast/TC11181: Test Cases/SMS/sms broadcast/TC11181 FAILED.
Reason:
com.kms.katalon.core.exception.StepFailedException: Unable to click on object 'Object Repository/Page_KiboEngage  Dashboard/span_Broadcasts'
	at com.kms.katalon.core.webui.keyword.internal.WebUIKeywordMain.stepFailed(WebUIKeywordMain.groovy:64)
	at com.kms.katalon.core.webui.keyword.internal.WebUIKeywordMain.runKeyword(WebUIKeywordMain.groovy:26)
	at com.kms.katalon.core.webui.keyword.builtin.ClickKeyword.click(ClickKeyword.groovy:86)
	at com.kms.katalon.core.webui.keyword.builtin.ClickKeyword.execute(ClickKeyword.groovy:67)
	at com.kms.katalon.core.keyword.internal.KeywordExecutor.executeKeywordForPlatform(KeywordExecutor.groovy:56)
	at com.kms.katalon.core.webui.keyword.WebUiBuiltInKeywords.click(WebUiBuiltInKeywords.groovy:616)
	at com.kms.katalon.core.webui.keyword.WebUiBuiltInKeywords$click$2.call(Unknown Source)
	at TC11181.run(TC11181:26)
	at com.kms.katalon.core.main.ScriptEngine.run(ScriptEngine.java:194)
	at com.kms.katalon.core.main.ScriptEngine.runScriptAsRawText(ScriptEngine.java:119)
	at com.kms.katalon.core.main.TestCaseExecutor.runScript(TestCaseExecutor.java:336)
	at com.kms.katalon.core.main.TestCaseExecutor.doExecute(TestCaseExecutor.java:327)
	at com.kms.katalon.core.main.TestCaseExecutor.processExecutionPhase(TestCaseExecutor.java:306)
	at com.kms.katalon.core.main.TestCaseExecutor.accessMainPhase(TestCaseExecutor.java:298)
	at com.kms.katalon.core.main.TestCaseExecutor.execute(TestCaseExecutor.java:232)
	at com.kms.katalon.core.main.TestSuiteExecutor.accessTestCaseMainPhase(TestSuiteExecutor.java:129)
	at com.kms.katalon.core.main.TestSuiteExecutor.accessTestSuiteMainPhase(TestSuiteExecutor.java:112)
	at com.kms.katalon.core.main.TestSuiteExecutor.execute(TestSuiteExecutor.java:81)
	at com.kms.katalon.core.main.TestCaseMain.startTestSuite(TestCaseMain.java:157)
	at com.kms.katalon.core.main.TestCaseMain$startTestSuite$0.call(Unknown Source)
	at TempTestSuite1555805827617.run(TempTestSuite1555805827617.groovy:35)
Caused by: org.openqa.selenium.ElementNotVisibleException: element not interactable
  (Session info: chrome=73.0.3683.103)
  (Driver info: chromedriver=73.0.3683.68 (47787ec04b6e38e22703e856e101e840b65afe72),platform=Linux 4.15.0-47-generic x86_64) (WARNING: The server did not provide any stacktrace information)
Command duration or timeout: 0 milliseconds
Build info: version: '3.7.1', revision: '8a0099a', time: '2017-11-06T21:07:36.161Z'
System info: host: 'faizan-HP-EliteBook-850-G2', ip: '127.0.1.1', os.name: 'Linux', os.arch: 'amd64', os.version: '4.15.0-47-generic', java.version: '1.8.0_191'
Driver info: com.kms.katalon.selenium.driver.CChromeDriver
Capabilities {acceptInsecureCerts: false, acceptSslCerts: false, applicationCacheEnabled: false, browserConnectionEnabled: false, browserName: chrome, chrome: {chromedriverVersion: 73.0.3683.68 (47787ec04b6e3..., userDataDir: /tmp/.com.google.Chrome.3MGpH3}, cssSelectorsEnabled: true, databaseEnabled: false, goog:chromeOptions: {debuggerAddress: localhost:40385}, handlesAlerts: true, hasTouchScreen: false, javascriptEnabled: true, locationContextEnabled: true, mobileEmulationEnabled: false, nativeEvents: true, networkConnectionEnabled: false, pageLoadStrategy: normal, platform: LINUX, platformName: LINUX, proxy: Proxy(direct), rotatable: false, setWindowRect: true, strictFileInteractability: false, takesHeapSnapshot: true, takesScreenshot: true, timeouts: {implicit: 0, pageLoad: 300000, script: 30000}, unexpectedAlertBehaviour: ignore, unhandledPromptBehavior: ignore, version: 73.0.3683.103, webStorageEnabled: true}
Session ID: f87268ee1c35c1ced596fe180b363839
	at org.openqa.selenium.remote.ErrorHandler.createThrowable(ErrorHandler.java:214)
	at org.openqa.selenium.remote.ErrorHandler.throwIfResponseFailed(ErrorHandler.java:166)
	at org.openqa.selenium.remote.http.JsonHttpResponseCodec.reconstructValue(JsonHttpResponseCodec.java:40)
	at org.openqa.selenium.remote.http.AbstractHttpResponseCodec.decode(AbstractHttpResponseCodec.java:80)
	at org.openqa.selenium.remote.http.AbstractHttpResponseCodec.decode(AbstractHttpResponseCodec.java:44)
	at org.openqa.selenium.remote.HttpCommandExecutor.execute(HttpCommandExecutor.java:164)
	at org.openqa.selenium.remote.service.DriverCommandExecutor.execute(DriverCommandExecutor.java:83)
	at org.openqa.selenium.remote.RemoteWebDriver.execute(RemoteWebDriver.java:600)
	at com.kms.katalon.selenium.driver.CChromeDriver.execute(CChromeDriver.java:20)
	at org.openqa.selenium.remote.RemoteWebElement.execute(RemoteWebElement.java:279)
	at org.openqa.selenium.remote.RemoteWebElement.click(RemoteWebElement.java:83)
	at com.kms.katalon.core.webui.keyword.builtin.ClickKeyword$_click_closure1.doCall(ClickKeyword.groovy:79)
	at com.kms.katalon.core.webui.keyword.builtin.ClickKeyword$_click_closure1.call(ClickKeyword.groovy)
	at com.kms.katalon.core.webui.keyword.internal.WebUIKeywordMain.runKeyword(WebUIKeywordMain.groovy:20)
	at com.kms.katalon.core.webui.keyword.builtin.ClickKeyword.click(ClickKeyword.groovy:86)
	at com.kms.katalon.core.webui.keyword.builtin.ClickKeyword.execute(ClickKeyword.groovy:67)
	at com.kms.katalon.core.keyword.internal.KeywordExecutor.executeKeywordForPlatform(KeywordExecutor.groovy:56)
	at com.kms.katalon.core.webui.keyword.WebUiBuiltInKeywords.click(WebUiBuiltInKeywords.groovy:616)
	at com.kms.katalon.core.webui.keyword.WebUiBuiltInKeywords$click$2.call(Unknown Source)
	at Script1554208947599.run(Script1554208947599.groovy:26)
	... 13 more


2019-04-21 05:20:29 - [TEST_STEP][PASSED] - callTestCase(findTestCase("SMS/SMSPlatform"), [:], STOP_ON_FAILURE): Call Test Case 'Test Cases/SMS/SMSPlatform' successfully

2019-04-21 05:20:29 - [TEST_CASE][PASSED] - Test Cases/SMS/SMSPlatform: Test Cases/SMS/SMSPlatform

2019-04-21 05:20:29 - [TEST_STEP][PASSED] - click(findTestObject("Page_KiboEngage  Dashboard/a_SMS (1)")): Object: 'Object Repository/Page_KiboEngage  Dashboard/a_SMS (1)' is clicked on

2019-04-21 05:20:29 - [MESSAGE][PASSED] - Object: 'Object Repository/Page_KiboEngage  Dashboard/a_SMS (1)' is clicked on

2019-04-21 05:20:29 - [TEST_STEP][PASSED] - click(findTestObject("Page_KiboEngage  Dashboard/span_SMS (1)")): Object: 'Object Repository/Page_KiboEngage  Dashboard/span_SMS (1)' is clicked on

2019-04-21 05:20:29 - [MESSAGE][PASSED] - Object: 'Object Repository/Page_KiboEngage  Dashboard/span_SMS (1)' is clicked on

2019-04-21 05:20:29 - [TEST_STEP][PASSED] - delay(1): Delayed 1 second(s)

2019-04-21 05:20:30 - [MESSAGE][PASSED] - Delayed 1 second(s)

2019-04-21 05:20:30 - [MESSAGE][PASSED] - Call Test Case 'Test Cases/SMS/SMSPlatform' successfully

2019-04-21 05:20:30 - [TEST_STEP][PASSED] - click(findTestObject("Page_KiboPush  Dashboard/span_Dashboard")): Object: 'Object Repository/Page_KiboPush  Dashboard/span_Dashboard' is clicked on

2019-04-21 05:20:31 - [MESSAGE][PASSED] - Object: 'Object Repository/Page_KiboPush  Dashboard/span_Dashboard' is clicked on

2019-04-21 05:20:31 - [TEST_STEP][PASSED] - delay(1): Delayed 1 second(s)

2019-04-21 05:20:32 - [MESSAGE][PASSED] - Delayed 1 second(s)

2019-04-21 05:20:32 - [TEST_STEP][PASSED] - click(findTestObject("Page_KiboEngage  Dashboard/span_Broadcasting (1)")): Object: 'Object Repository/Page_KiboEngage  Dashboard/span_Broadcasting (1)' is clicked on

2019-04-21 05:20:32 - [MESSAGE][PASSED] - Object: 'Object Repository/Page_KiboEngage  Dashboard/span_Broadcasting (1)' is clicked on

2019-04-21 05:20:32 - [TEST_STEP][PASSED] - delay(1): Delayed 1 second(s)

2019-04-21 05:20:33 - [MESSAGE][PASSED] - Delayed 1 second(s)

2019-04-21 05:20:33 - [TEST_STEP][FAILED] - click(findTestObject("Object Repository/Page_KiboEngage  Dashboard/span_Broadcasts")): Unable to click on object 'Object Repository/Page_KiboEngage  Dashboard/span_Broadcasts' (Root cause: com.kms.katalon.core.exception.StepFailedException: Unable to click on object 'Object Repository/Page_KiboEngage  Dashboard/span_Broadcasts'
	at com.kms.katalon.core.webui.keyword.internal.WebUIKeywordMain.stepFailed(WebUIKeywordMain.groovy:64)
	at com.kms.katalon.core.webui.keyword.internal.WebUIKeywordMain.runKeyword(WebUIKeywordMain.groovy:26)
	at com.kms.katalon.core.webui.keyword.builtin.ClickKeyword.click(ClickKeyword.groovy:86)
	at com.kms.katalon.core.webui.keyword.builtin.ClickKeyword.execute(ClickKeyword.groovy:67)
	at com.kms.katalon.core.keyword.internal.KeywordExecutor.executeKeywordForPlatform(KeywordExecutor.groovy:56)
	at com.kms.katalon.core.webui.keyword.WebUiBuiltInKeywords.click(WebUiBuiltInKeywords.groovy:616)
	at com.kms.katalon.core.webui.keyword.WebUiBuiltInKeywords$click$2.call(Unknown Source)
	at TC11181.run(TC11181:26)
	at com.kms.katalon.core.main.ScriptEngine.run(ScriptEngine.java:194)
	at com.kms.katalon.core.main.ScriptEngine.runScriptAsRawText(ScriptEngine.java:119)
	at com.kms.katalon.core.main.TestCaseExecutor.runScript(TestCaseExecutor.java:336)
	at com.kms.katalon.core.main.TestCaseExecutor.doExecute(TestCaseExecutor.java:327)
	at com.kms.katalon.core.main.TestCaseExecutor.processExecutionPhase(TestCaseExecutor.java:306)
	at com.kms.katalon.core.main.TestCaseExecutor.accessMainPhase(TestCaseExecutor.java:298)
	at com.kms.katalon.core.main.TestCaseExecutor.execute(TestCaseExecutor.java:232)
	at com.kms.katalon.core.main.TestSuiteExecutor.accessTestCaseMainPhase(TestSuiteExecutor.java:129)
	at com.kms.katalon.core.main.TestSuiteExecutor.accessTestSuiteMainPhase(TestSuiteExecutor.java:112)
	at com.kms.katalon.core.main.TestSuiteExecutor.execute(TestSuiteExecutor.java:81)
	at com.kms.katalon.core.main.TestCaseMain.startTestSuite(TestCaseMain.java:157)
	at com.kms.katalon.core.main.TestCaseMain$startTestSuite$0.call(Unknown Source)
	at TempTestSuite1555805827617.run(TempTestSuite1555805827617.groovy:35)
Caused by: org.openqa.selenium.ElementNotVisibleException: element not interactable
  (Session info: chrome=73.0.3683.103)
  (Driver info: chromedriver=73.0.3683.68 (47787ec04b6e38e22703e856e101e840b65afe72),platform=Linux 4.15.0-47-generic x86_64) (WARNING: The server did not provide any stacktrace information)
Command duration or timeout: 0 milliseconds
Build info: version: '3.7.1', revision: '8a0099a', time: '2017-11-06T21:07:36.161Z'
System info: host: 'faizan-HP-EliteBook-850-G2', ip: '127.0.1.1', os.name: 'Linux', os.arch: 'amd64', os.version: '4.15.0-47-generic', java.version: '1.8.0_191'
Driver info: com.kms.katalon.selenium.driver.CChromeDriver
Capabilities {acceptInsecureCerts: false, acceptSslCerts: false, applicationCacheEnabled: false, browserConnectionEnabled: false, browserName: chrome, chrome: {chromedriverVersion: 73.0.3683.68 (47787ec04b6e3..., userDataDir: /tmp/.com.google.Chrome.3MGpH3}, cssSelectorsEnabled: true, databaseEnabled: false, goog:chromeOptions: {debuggerAddress: localhost:40385}, handlesAlerts: true, hasTouchScreen: false, javascriptEnabled: true, locationContextEnabled: true, mobileEmulationEnabled: false, nativeEvents: true, networkConnectionEnabled: false, pageLoadStrategy: normal, platform: LINUX, platformName: LINUX, proxy: Proxy(direct), rotatable: false, setWindowRect: true, strictFileInteractability: false, takesHeapSnapshot: true, takesScreenshot: true, timeouts: {implicit: 0, pageLoad: 300000, script: 30000}, unexpectedAlertBehaviour: ignore, unhandledPromptBehavior: ignore, version: 73.0.3683.103, webStorageEnabled: true}
Session ID: f87268ee1c35c1ced596fe180b363839
	at org.openqa.selenium.remote.ErrorHandler.createThrowable(ErrorHandler.java:214)
	at org.openqa.selenium.remote.ErrorHandler.throwIfResponseFailed(ErrorHandler.java:166)
	at org.openqa.selenium.remote.http.JsonHttpResponseCodec.reconstructValue(JsonHttpResponseCodec.java:40)
	at org.openqa.selenium.remote.http.AbstractHttpResponseCodec.decode(AbstractHttpResponseCodec.java:80)
	at org.openqa.selenium.remote.http.AbstractHttpResponseCodec.decode(AbstractHttpResponseCodec.java:44)
	at org.openqa.selenium.remote.HttpCommandExecutor.execute(HttpCommandExecutor.java:164)
	at org.openqa.selenium.remote.service.DriverCommandExecutor.execute(DriverCommandExecutor.java:83)
	at org.openqa.selenium.remote.RemoteWebDriver.execute(RemoteWebDriver.java:600)
	at com.kms.katalon.selenium.driver.CChromeDriver.execute(CChromeDriver.java:20)
	at org.openqa.selenium.remote.RemoteWebElement.execute(RemoteWebElement.java:279)
	at org.openqa.selenium.remote.RemoteWebElement.click(RemoteWebElement.java:83)
	at com.kms.katalon.core.webui.keyword.builtin.ClickKeyword$_click_closure1.doCall(ClickKeyword.groovy:79)
	at com.kms.katalon.core.webui.keyword.builtin.ClickKeyword$_click_closure1.call(ClickKeyword.groovy)
	at com.kms.katalon.core.webui.keyword.internal.WebUIKeywordMain.runKeyword(WebUIKeywordMain.groovy:20)
	at com.kms.katalon.core.webui.keyword.builtin.ClickKeyword.click(ClickKeyword.groovy:86)
	at com.kms.katalon.core.webui.keyword.builtin.ClickKeyword.execute(ClickKeyword.groovy:67)
	at com.kms.katalon.core.keyword.internal.KeywordExecutor.executeKeywordForPlatform(KeywordExecutor.groovy:56)
	at com.kms.katalon.core.webui.keyword.WebUiBuiltInKeywords.click(WebUiBuiltInKeywords.groovy:616)
	at com.kms.katalon.core.webui.keyword.WebUiBuiltInKeywords$click$2.call(Unknown Source)
	at Script1554208947599.run(Script1554208947599.groovy:26)
	... 13 more
)

2019-04-21 05:20:33 - [MESSAGE][FAILED] - Unable to click on object 'Object Repository/Page_KiboEngage  Dashboard/span_Broadcasts' (Root cause: com.kms.katalon.core.exception.StepFailedException: Unable to click on object 'Object Repository/Page_KiboEngage  Dashboard/span_Broadcasts'
	at com.kms.katalon.core.webui.keyword.internal.WebUIKeywordMain.stepFailed(WebUIKeywordMain.groovy:64)
	at com.kms.katalon.core.webui.keyword.internal.WebUIKeywordMain.runKeyword(WebUIKeywordMain.groovy:26)
	at com.kms.katalon.core.webui.keyword.builtin.ClickKeyword.click(ClickKeyword.groovy:86)
	at com.kms.katalon.core.webui.keyword.builtin.ClickKeyword.execute(ClickKeyword.groovy:67)
	at com.kms.katalon.core.keyword.internal.KeywordExecutor.executeKeywordForPlatform(KeywordExecutor.groovy:56)
	at com.kms.katalon.core.webui.keyword.WebUiBuiltInKeywords.click(WebUiBuiltInKeywords.groovy:616)
	at com.kms.katalon.core.webui.keyword.WebUiBuiltInKeywords$click$2.call(Unknown Source)
	at TC11181.run(TC11181:26)
	at com.kms.katalon.core.main.ScriptEngine.run(ScriptEngine.java:194)
	at com.kms.katalon.core.main.ScriptEngine.runScriptAsRawText(ScriptEngine.java:119)
	at com.kms.katalon.core.main.TestCaseExecutor.runScript(TestCaseExecutor.java:336)
	at com.kms.katalon.core.main.TestCaseExecutor.doExecute(TestCaseExecutor.java:327)
	at com.kms.katalon.core.main.TestCaseExecutor.processExecutionPhase(TestCaseExecutor.java:306)
	at com.kms.katalon.core.main.TestCaseExecutor.accessMainPhase(TestCaseExecutor.java:298)
	at com.kms.katalon.core.main.TestCaseExecutor.execute(TestCaseExecutor.java:232)
	at com.kms.katalon.core.main.TestSuiteExecutor.accessTestCaseMainPhase(TestSuiteExecutor.java:129)
	at com.kms.katalon.core.main.TestSuiteExecutor.accessTestSuiteMainPhase(TestSuiteExecutor.java:112)
	at com.kms.katalon.core.main.TestSuiteExecutor.execute(TestSuiteExecutor.java:81)
	at com.kms.katalon.core.main.TestCaseMain.startTestSuite(TestCaseMain.java:157)
	at com.kms.katalon.core.main.TestCaseMain$startTestSuite$0.call(Unknown Source)
	at TempTestSuite1555805827617.run(TempTestSuite1555805827617.groovy:35)
Caused by: org.openqa.selenium.ElementNotVisibleException: element not interactable
  (Session info: chrome=73.0.3683.103)
  (Driver info: chromedriver=73.0.3683.68 (47787ec04b6e38e22703e856e101e840b65afe72),platform=Linux 4.15.0-47-generic x86_64) (WARNING: The server did not provide any stacktrace information)
Command duration or timeout: 0 milliseconds
Build info: version: '3.7.1', revision: '8a0099a', time: '2017-11-06T21:07:36.161Z'
System info: host: 'faizan-HP-EliteBook-850-G2', ip: '127.0.1.1', os.name: 'Linux', os.arch: 'amd64', os.version: '4.15.0-47-generic', java.version: '1.8.0_191'
Driver info: com.kms.katalon.selenium.driver.CChromeDriver
Capabilities {acceptInsecureCerts: false, acceptSslCerts: false, applicationCacheEnabled: false, browserConnectionEnabled: false, browserName: chrome, chrome: {chromedriverVersion: 73.0.3683.68 (47787ec04b6e3..., userDataDir: /tmp/.com.google.Chrome.3MGpH3}, cssSelectorsEnabled: true, databaseEnabled: false, goog:chromeOptions: {debuggerAddress: localhost:40385}, handlesAlerts: true, hasTouchScreen: false, javascriptEnabled: true, locationContextEnabled: true, mobileEmulationEnabled: false, nativeEvents: true, networkConnectionEnabled: false, pageLoadStrategy: normal, platform: LINUX, platformName: LINUX, proxy: Proxy(direct), rotatable: false, setWindowRect: true, strictFileInteractability: false, takesHeapSnapshot: true, takesScreenshot: true, timeouts: {implicit: 0, pageLoad: 300000, script: 30000}, unexpectedAlertBehaviour: ignore, unhandledPromptBehavior: ignore, version: 73.0.3683.103, webStorageEnabled: true}
Session ID: f87268ee1c35c1ced596fe180b363839
	at org.openqa.selenium.remote.ErrorHandler.createThrowable(ErrorHandler.java:214)
	at org.openqa.selenium.remote.ErrorHandler.throwIfResponseFailed(ErrorHandler.java:166)
	at org.openqa.selenium.remote.http.JsonHttpResponseCodec.reconstructValue(JsonHttpResponseCodec.java:40)
	at org.openqa.selenium.remote.http.AbstractHttpResponseCodec.decode(AbstractHttpResponseCodec.java:80)
	at org.openqa.selenium.remote.http.AbstractHttpResponseCodec.decode(AbstractHttpResponseCodec.java:44)
	at org.openqa.selenium.remote.HttpCommandExecutor.execute(HttpCommandExecutor.java:164)
	at org.openqa.selenium.remote.service.DriverCommandExecutor.execute(DriverCommandExecutor.java:83)
	at org.openqa.selenium.remote.RemoteWebDriver.execute(RemoteWebDriver.java:600)
	at com.kms.katalon.selenium.driver.CChromeDriver.execute(CChromeDriver.java:20)
	at org.openqa.selenium.remote.RemoteWebElement.execute(RemoteWebElement.java:279)
	at org.openqa.selenium.remote.RemoteWebElement.click(RemoteWebElement.java:83)
	at com.kms.katalon.core.webui.keyword.builtin.ClickKeyword$_click_closure1.doCall(ClickKeyword.groovy:79)
	at com.kms.katalon.core.webui.keyword.builtin.ClickKeyword$_click_closure1.call(ClickKeyword.groovy)
	at com.kms.katalon.core.webui.keyword.internal.WebUIKeywordMain.runKeyword(WebUIKeywordMain.groovy:20)
	at com.kms.katalon.core.webui.keyword.builtin.ClickKeyword.click(ClickKeyword.groovy:86)
	at com.kms.katalon.core.webui.keyword.builtin.ClickKeyword.execute(ClickKeyword.groovy:67)
	at com.kms.katalon.core.keyword.internal.KeywordExecutor.executeKeywordForPlatform(KeywordExecutor.groovy:56)
	at com.kms.katalon.core.webui.keyword.WebUiBuiltInKeywords.click(WebUiBuiltInKeywords.groovy:616)
	at com.kms.katalon.core.webui.keyword.WebUiBuiltInKeywords$click$2.call(Unknown Source)
	at Script1554208947599.run(Script1554208947599.groovy:26)
	... 13 more
)
[[ATTACHMENT|/home/faizan/Drive/KiboPush_Automated_Testing/KiboPush Katalon/Reports/Faizan Suits/SMS/20190421_051707/1555806033438.png]]]]></system-out>
         <system-err><![CDATA[2019-04-21 05:20:29 - [TEST_CASE][FAILED] - Test Cases/SMS/sms broadcast/TC11181: Test Cases/SMS/sms broadcast/TC11181 FAILED.
Reason:
com.kms.katalon.core.exception.StepFailedException: Unable to click on object 'Object Repository/Page_KiboEngage  Dashboard/span_Broadcasts'
	at com.kms.katalon.core.webui.keyword.internal.WebUIKeywordMain.stepFailed(WebUIKeywordMain.groovy:64)
	at com.kms.katalon.core.webui.keyword.internal.WebUIKeywordMain.runKeyword(WebUIKeywordMain.groovy:26)
	at com.kms.katalon.core.webui.keyword.builtin.ClickKeyword.click(ClickKeyword.groovy:86)
	at com.kms.katalon.core.webui.keyword.builtin.ClickKeyword.execute(ClickKeyword.groovy:67)
	at com.kms.katalon.core.keyword.internal.KeywordExecutor.executeKeywordForPlatform(KeywordExecutor.groovy:56)
	at com.kms.katalon.core.webui.keyword.WebUiBuiltInKeywords.click(WebUiBuiltInKeywords.groovy:616)
	at com.kms.katalon.core.webui.keyword.WebUiBuiltInKeywords$click$2.call(Unknown Source)
	at TC11181.run(TC11181:26)
	at com.kms.katalon.core.main.ScriptEngine.run(ScriptEngine.java:194)
	at com.kms.katalon.core.main.ScriptEngine.runScriptAsRawText(ScriptEngine.java:119)
	at com.kms.katalon.core.main.TestCaseExecutor.runScript(TestCaseExecutor.java:336)
	at com.kms.katalon.core.main.TestCaseExecutor.doExecute(TestCaseExecutor.java:327)
	at com.kms.katalon.core.main.TestCaseExecutor.processExecutionPhase(TestCaseExecutor.java:306)
	at com.kms.katalon.core.main.TestCaseExecutor.accessMainPhase(TestCaseExecutor.java:298)
	at com.kms.katalon.core.main.TestCaseExecutor.execute(TestCaseExecutor.java:232)
	at com.kms.katalon.core.main.TestSuiteExecutor.accessTestCaseMainPhase(TestSuiteExecutor.java:129)
	at com.kms.katalon.core.main.TestSuiteExecutor.accessTestSuiteMainPhase(TestSuiteExecutor.java:112)
	at com.kms.katalon.core.main.TestSuiteExecutor.execute(TestSuiteExecutor.java:81)
	at com.kms.katalon.core.main.TestCaseMain.startTestSuite(TestCaseMain.java:157)
	at com.kms.katalon.core.main.TestCaseMain$startTestSuite$0.call(Unknown Source)
	at TempTestSuite1555805827617.run(TempTestSuite1555805827617.groovy:35)
Caused by: org.openqa.selenium.ElementNotVisibleException: element not interactable
  (Session info: chrome=73.0.3683.103)
  (Driver info: chromedriver=73.0.3683.68 (47787ec04b6e38e22703e856e101e840b65afe72),platform=Linux 4.15.0-47-generic x86_64) (WARNING: The server did not provide any stacktrace information)
Command duration or timeout: 0 milliseconds
Build info: version: '3.7.1', revision: '8a0099a', time: '2017-11-06T21:07:36.161Z'
System info: host: 'faizan-HP-EliteBook-850-G2', ip: '127.0.1.1', os.name: 'Linux', os.arch: 'amd64', os.version: '4.15.0-47-generic', java.version: '1.8.0_191'
Driver info: com.kms.katalon.selenium.driver.CChromeDriver
Capabilities {acceptInsecureCerts: false, acceptSslCerts: false, applicationCacheEnabled: false, browserConnectionEnabled: false, browserName: chrome, chrome: {chromedriverVersion: 73.0.3683.68 (47787ec04b6e3..., userDataDir: /tmp/.com.google.Chrome.3MGpH3}, cssSelectorsEnabled: true, databaseEnabled: false, goog:chromeOptions: {debuggerAddress: localhost:40385}, handlesAlerts: true, hasTouchScreen: false, javascriptEnabled: true, locationContextEnabled: true, mobileEmulationEnabled: false, nativeEvents: true, networkConnectionEnabled: false, pageLoadStrategy: normal, platform: LINUX, platformName: LINUX, proxy: Proxy(direct), rotatable: false, setWindowRect: true, strictFileInteractability: false, takesHeapSnapshot: true, takesScreenshot: true, timeouts: {implicit: 0, pageLoad: 300000, script: 30000}, unexpectedAlertBehaviour: ignore, unhandledPromptBehavior: ignore, version: 73.0.3683.103, webStorageEnabled: true}
Session ID: f87268ee1c35c1ced596fe180b363839
	at org.openqa.selenium.remote.ErrorHandler.createThrowable(ErrorHandler.java:214)
	at org.openqa.selenium.remote.ErrorHandler.throwIfResponseFailed(ErrorHandler.java:166)
	at org.openqa.selenium.remote.http.JsonHttpResponseCodec.reconstructValue(JsonHttpResponseCodec.java:40)
	at org.openqa.selenium.remote.http.AbstractHttpResponseCodec.decode(AbstractHttpResponseCodec.java:80)
	at org.openqa.selenium.remote.http.AbstractHttpResponseCodec.decode(AbstractHttpResponseCodec.java:44)
	at org.openqa.selenium.remote.HttpCommandExecutor.execute(HttpCommandExecutor.java:164)
	at org.openqa.selenium.remote.service.DriverCommandExecutor.execute(DriverCommandExecutor.java:83)
	at org.openqa.selenium.remote.RemoteWebDriver.execute(RemoteWebDriver.java:600)
	at com.kms.katalon.selenium.driver.CChromeDriver.execute(CChromeDriver.java:20)
	at org.openqa.selenium.remote.RemoteWebElement.execute(RemoteWebElement.java:279)
	at org.openqa.selenium.remote.RemoteWebElement.click(RemoteWebElement.java:83)
	at com.kms.katalon.core.webui.keyword.builtin.ClickKeyword$_click_closure1.doCall(ClickKeyword.groovy:79)
	at com.kms.katalon.core.webui.keyword.builtin.ClickKeyword$_click_closure1.call(ClickKeyword.groovy)
	at com.kms.katalon.core.webui.keyword.internal.WebUIKeywordMain.runKeyword(WebUIKeywordMain.groovy:20)
	at com.kms.katalon.core.webui.keyword.builtin.ClickKeyword.click(ClickKeyword.groovy:86)
	at com.kms.katalon.core.webui.keyword.builtin.ClickKeyword.execute(ClickKeyword.groovy:67)
	at com.kms.katalon.core.keyword.internal.KeywordExecutor.executeKeywordForPlatform(KeywordExecutor.groovy:56)
	at com.kms.katalon.core.webui.keyword.WebUiBuiltInKeywords.click(WebUiBuiltInKeywords.groovy:616)
	at com.kms.katalon.core.webui.keyword.WebUiBuiltInKeywords$click$2.call(Unknown Source)
	at Script1554208947599.run(Script1554208947599.groovy:26)
	... 13 more]]></system-err>
      </testcase>
      <testcase name="Test Cases/SMS/sms broadcast/TC11182" classname="Test Cases/SMS/sms broadcast/TC11182" status="PASSED">
         <system-out><![CDATA[2019-04-21 05:20:33 - [TEST_CASE][PASSED] - Test Cases/SMS/sms broadcast/TC11182: Test Cases/SMS/sms broadcast/TC11182

2019-04-21 05:20:33 - [TEST_STEP][PASSED] - callTestCase(findTestCase("SMS/SMSPlatform"), [:], STOP_ON_FAILURE): Call Test Case 'Test Cases/SMS/SMSPlatform' successfully

2019-04-21 05:20:33 - [TEST_CASE][PASSED] - Test Cases/SMS/SMSPlatform: Test Cases/SMS/SMSPlatform

2019-04-21 05:20:33 - [TEST_STEP][PASSED] - click(findTestObject("Page_KiboEngage  Dashboard/a_SMS (1)")): Object: 'Object Repository/Page_KiboEngage  Dashboard/a_SMS (1)' is clicked on

2019-04-21 05:20:34 - [MESSAGE][PASSED] - Object: 'Object Repository/Page_KiboEngage  Dashboard/a_SMS (1)' is clicked on

2019-04-21 05:20:34 - [TEST_STEP][PASSED] - click(findTestObject("Page_KiboEngage  Dashboard/span_SMS (1)")): Object: 'Object Repository/Page_KiboEngage  Dashboard/span_SMS (1)' is clicked on

2019-04-21 05:20:34 - [MESSAGE][PASSED] - Object: 'Object Repository/Page_KiboEngage  Dashboard/span_SMS (1)' is clicked on

2019-04-21 05:20:34 - [TEST_STEP][PASSED] - delay(1): Delayed 1 second(s)

2019-04-21 05:20:35 - [MESSAGE][PASSED] - Delayed 1 second(s)

2019-04-21 05:20:35 - [MESSAGE][PASSED] - Call Test Case 'Test Cases/SMS/SMSPlatform' successfully

2019-04-21 05:20:35 - [TEST_STEP][PASSED] - click(findTestObject("Page_KiboPush  Dashboard/span_Dashboard")): Object: 'Object Repository/Page_KiboPush  Dashboard/span_Dashboard' is clicked on

2019-04-21 05:20:35 - [MESSAGE][PASSED] - Object: 'Object Repository/Page_KiboPush  Dashboard/span_Dashboard' is clicked on

2019-04-21 05:20:35 - [TEST_STEP][PASSED] - delay(1): Delayed 1 second(s)

2019-04-21 05:20:36 - [MESSAGE][PASSED] - Delayed 1 second(s)

2019-04-21 05:20:36 - [TEST_STEP][PASSED] - click(findTestObject("Page_KiboEngage  Dashboard/span_Broadcasting (1)")): Object: 'Object Repository/Page_KiboEngage  Dashboard/span_Broadcasting (1)' is clicked on

2019-04-21 05:20:36 - [MESSAGE][PASSED] - Object: 'Object Repository/Page_KiboEngage  Dashboard/span_Broadcasting (1)' is clicked on

2019-04-21 05:20:36 - [TEST_STEP][PASSED] - delay(1): Delayed 1 second(s)

2019-04-21 05:20:37 - [MESSAGE][PASSED] - Delayed 1 second(s)

2019-04-21 05:20:37 - [TEST_STEP][PASSED] - click(findTestObject("Object Repository/Page_KiboEngage  Dashboard/span_Broadcasts")): Object: 'Object Repository/Page_KiboEngage  Dashboard/span_Broadcasts' is clicked on

2019-04-21 05:20:37 - [MESSAGE][PASSED] - Object: 'Object Repository/Page_KiboEngage  Dashboard/span_Broadcasts' is clicked on

2019-04-21 05:20:37 - [TEST_STEP][PASSED] - delay(1): Delayed 1 second(s)

2019-04-21 05:20:38 - [MESSAGE][PASSED] - Delayed 1 second(s)

2019-04-21 05:20:38 - [TEST_STEP][PASSED] - click(findTestObject("Object Repository/Page_KiboEngage  Broadcasts/h3_Broadcasts (1) (1) (1) (1) (1)")): Object: 'Object Repository/Page_KiboEngage  Broadcasts/h3_Broadcasts (1) (1) (1) (1) (1)' is clicked on

2019-04-21 05:20:38 - [MESSAGE][PASSED] - Object: 'Object Repository/Page_KiboEngage  Broadcasts/h3_Broadcasts (1) (1) (1) (1) (1)' is clicked on

2019-04-21 05:20:38 - [TEST_STEP][PASSED] - delay(1): Delayed 1 second(s)

2019-04-21 05:20:39 - [MESSAGE][PASSED] - Delayed 1 second(s)

2019-04-21 05:20:39 - [TEST_STEP][PASSED] - click(findTestObject("Object Repository/Page_KiboEngage  Broadcasts/span_Create New (1) (1) (1) (1)")): Object: 'Object Repository/Page_KiboEngage  Broadcasts/span_Create New (1) (1) (1) (1)' is clicked on

2019-04-21 05:20:40 - [MESSAGE][PASSED] - Object: 'Object Repository/Page_KiboEngage  Broadcasts/span_Create New (1) (1) (1) (1)' is clicked on

2019-04-21 05:20:40 - [TEST_STEP][PASSED] - click(findTestObject("Object Repository/Page_KiboEngage  Broadcasts/button_Create New Broadcast (1) (1) (1) (1)")): Object: 'Object Repository/Page_KiboEngage  Broadcasts/button_Create New Broadcast (1) (1) (1) (1)' is clicked on

2019-04-21 05:20:40 - [MESSAGE][PASSED] - Object: 'Object Repository/Page_KiboEngage  Broadcasts/button_Create New Broadcast (1) (1) (1) (1)' is clicked on

2019-04-21 05:20:40 - [TEST_STEP][PASSED] - delay(1): Delayed 1 second(s)

2019-04-21 05:20:41 - [MESSAGE][PASSED] - Delayed 1 second(s)

2019-04-21 05:20:41 - [TEST_STEP][PASSED] - setText(findTestObject("Object Repository/Page_KiboEngage  Broadcasts/input_Push Message_form-control m-input (1) (1)"), "faizan"): Text 'faizan' is set on object 'Object Repository/Page_KiboEngage  Broadcasts/input_Push Message_form-control m-input (1) (1)'

2019-04-21 05:20:41 - [MESSAGE][PASSED] - Text 'faizan' is set on object 'Object Repository/Page_KiboEngage  Broadcasts/input_Push Message_form-control m-input (1) (1)'

2019-04-21 05:20:41 - [TEST_STEP][PASSED] - setText(findTestObject("Object Repository/Page_KiboEngage  Broadcasts/textarea_HELLO (1) (1)"), "HELLO"): Text 'HELLO' is set on object 'Object Repository/Page_KiboEngage  Broadcasts/textarea_HELLO (1) (1)'

2019-04-21 05:20:42 - [MESSAGE][PASSED] - Text 'HELLO' is set on object 'Object Repository/Page_KiboEngage  Broadcasts/textarea_HELLO (1) (1)'

2019-04-21 05:20:42 - [TEST_STEP][PASSED] - setText(findTestObject("Object Repository/Page_KiboEngage  Broadcasts/textarea_HELLO (2)"), "HELLO"): Text 'HELLO' is set on object 'Object Repository/Page_KiboEngage  Broadcasts/textarea_HELLO (2)'

2019-04-21 05:20:42 - [MESSAGE][PASSED] - Text 'HELLO' is set on object 'Object Repository/Page_KiboEngage  Broadcasts/textarea_HELLO (2)'

2019-04-21 05:20:42 - [TEST_STEP][PASSED] - selectOptionByValue(findTestObject("Object Repository/Page_KiboEngage  Broadcasts/select_Select Conditionnamenumber"), "name", true): All options with value 'name' are selected in object 'Object Repository/Page_KiboEngage  Broadcasts/select_Select Conditionnamenumber'  using regular expression

2019-04-21 05:20:42 - [MESSAGE][PASSED] - All options with value 'name' are selected in object 'Object Repository/Page_KiboEngage  Broadcasts/select_Select Conditionnamenumber'  using regular expression

2019-04-21 05:20:42 - [TEST_STEP][PASSED] - setText(findTestObject("Object Repository/Page_KiboEngage  Broadcasts/input_Value_text (1)"), "aaa"): Text 'aaa' is set on object 'Object Repository/Page_KiboEngage  Broadcasts/input_Value_text (1)'

2019-04-21 05:20:42 - [MESSAGE][PASSED] - Text 'aaa' is set on object 'Object Repository/Page_KiboEngage  Broadcasts/input_Value_text (1)'

2019-04-21 05:20:42 - [TEST_STEP][PASSED] - click(findTestObject("Object Repository/Page_KiboEngage  Broadcasts/span_Send (4)")): Object: 'Object Repository/Page_KiboEngage  Broadcasts/span_Send (4)' is clicked on

2019-04-21 05:20:42 - [MESSAGE][PASSED] - Object: 'Object Repository/Page_KiboEngage  Broadcasts/span_Send (4)' is clicked on

2019-04-21 05:20:42 - [TEST_STEP][PASSED] - click(findTestObject("Object Repository/Page_KiboEngage  Broadcasts/span_Please choose a valid criteria")): Object: 'Object Repository/Page_KiboEngage  Broadcasts/span_Please choose a valid criteria' is clicked on

2019-04-21 05:20:43 - [MESSAGE][PASSED] - Object: 'Object Repository/Page_KiboEngage  Broadcasts/span_Please choose a valid criteria' is clicked on]]></system-out>
         <system-err><![CDATA[]]></system-err>
      </testcase>
      <testcase name="Test Cases/SMS/sms broadcast/TC11183" classname="Test Cases/SMS/sms broadcast/TC11183" status="FAILED">
         <failure type="FAILED" message="Test Cases/SMS/sms broadcast/TC11183 FAILED.
Reason:
com.kms.katalon.core.exception.StepFailedException: Unable to click on object 'Object Repository/Page_KiboEngage  Dashboard/span_Broadcasts'
	at com.kms.katalon.core.webui.keyword.internal.WebUIKeywordMain.stepFailed(WebUIKeywordMain.groovy:64)
	at com.kms.katalon.core.webui.keyword.internal.WebUIKeywordMain.runKeyword(WebUIKeywordMain.groovy:26)
	at com.kms.katalon.core.webui.keyword.builtin.ClickKeyword.click(ClickKeyword.groovy:86)
	at com.kms.katalon.core.webui.keyword.builtin.ClickKeyword.execute(ClickKeyword.groovy:67)
	at com.kms.katalon.core.keyword.internal.KeywordExecutor.executeKeywordForPlatform(KeywordExecutor.groovy:56)
	at com.kms.katalon.core.webui.keyword.WebUiBuiltInKeywords.click(WebUiBuiltInKeywords.groovy:616)
	at com.kms.katalon.core.webui.keyword.WebUiBuiltInKeywords$click$2.call(Unknown Source)
	at TC11183.run(TC11183:27)
	at com.kms.katalon.core.main.ScriptEngine.run(ScriptEngine.java:194)
	at com.kms.katalon.core.main.ScriptEngine.runScriptAsRawText(ScriptEngine.java:119)
	at com.kms.katalon.core.main.TestCaseExecutor.runScript(TestCaseExecutor.java:336)
	at com.kms.katalon.core.main.TestCaseExecutor.doExecute(TestCaseExecutor.java:327)
	at com.kms.katalon.core.main.TestCaseExecutor.processExecutionPhase(TestCaseExecutor.java:306)
	at com.kms.katalon.core.main.TestCaseExecutor.accessMainPhase(TestCaseExecutor.java:298)
	at com.kms.katalon.core.main.TestCaseExecutor.execute(TestCaseExecutor.java:232)
	at com.kms.katalon.core.main.TestSuiteExecutor.accessTestCaseMainPhase(TestSuiteExecutor.java:129)
	at com.kms.katalon.core.main.TestSuiteExecutor.accessTestSuiteMainPhase(TestSuiteExecutor.java:112)
	at com.kms.katalon.core.main.TestSuiteExecutor.execute(TestSuiteExecutor.java:81)
	at com.kms.katalon.core.main.TestCaseMain.startTestSuite(TestCaseMain.java:157)
	at com.kms.katalon.core.main.TestCaseMain$startTestSuite$0.call(Unknown Source)
	at TempTestSuite1555805827617.run(TempTestSuite1555805827617.groovy:35)
Caused by: org.openqa.selenium.ElementNotVisibleException: element not interactable
  (Session info: chrome=73.0.3683.103)
  (Driver info: chromedriver=73.0.3683.68 (47787ec04b6e38e22703e856e101e840b65afe72),platform=Linux 4.15.0-47-generic x86_64) (WARNING: The server did not provide any stacktrace information)
Command duration or timeout: 0 milliseconds
Build info: version: '3.7.1', revision: '8a0099a', time: '2017-11-06T21:07:36.161Z'
System info: host: 'faizan-HP-EliteBook-850-G2', ip: '127.0.1.1', os.name: 'Linux', os.arch: 'amd64', os.version: '4.15.0-47-generic', java.version: '1.8.0_191'
Driver info: com.kms.katalon.selenium.driver.CChromeDriver
Capabilities {acceptInsecureCerts: false, acceptSslCerts: false, applicationCacheEnabled: false, browserConnectionEnabled: false, browserName: chrome, chrome: {chromedriverVersion: 73.0.3683.68 (47787ec04b6e3..., userDataDir: /tmp/.com.google.Chrome.3MGpH3}, cssSelectorsEnabled: true, databaseEnabled: false, goog:chromeOptions: {debuggerAddress: localhost:40385}, handlesAlerts: true, hasTouchScreen: false, javascriptEnabled: true, locationContextEnabled: true, mobileEmulationEnabled: false, nativeEvents: true, networkConnectionEnabled: false, pageLoadStrategy: normal, platform: LINUX, platformName: LINUX, proxy: Proxy(direct), rotatable: false, setWindowRect: true, strictFileInteractability: false, takesHeapSnapshot: true, takesScreenshot: true, timeouts: {implicit: 0, pageLoad: 300000, script: 30000}, unexpectedAlertBehaviour: ignore, unhandledPromptBehavior: ignore, version: 73.0.3683.103, webStorageEnabled: true}
Session ID: f87268ee1c35c1ced596fe180b363839
	at org.openqa.selenium.remote.ErrorHandler.createThrowable(ErrorHandler.java:214)
	at org.openqa.selenium.remote.ErrorHandler.throwIfResponseFailed(ErrorHandler.java:166)
	at org.openqa.selenium.remote.http.JsonHttpResponseCodec.reconstructValue(JsonHttpResponseCodec.java:40)
	at org.openqa.selenium.remote.http.AbstractHttpResponseCodec.decode(AbstractHttpResponseCodec.java:80)
	at org.openqa.selenium.remote.http.AbstractHttpResponseCodec.decode(AbstractHttpResponseCodec.java:44)
	at org.openqa.selenium.remote.HttpCommandExecutor.execute(HttpCommandExecutor.java:164)
	at org.openqa.selenium.remote.service.DriverCommandExecutor.execute(DriverCommandExecutor.java:83)
	at org.openqa.selenium.remote.RemoteWebDriver.execute(RemoteWebDriver.java:600)
	at com.kms.katalon.selenium.driver.CChromeDriver.execute(CChromeDriver.java:20)
	at org.openqa.selenium.remote.RemoteWebElement.execute(RemoteWebElement.java:279)
	at org.openqa.selenium.remote.RemoteWebElement.click(RemoteWebElement.java:83)
	at com.kms.katalon.core.webui.keyword.builtin.ClickKeyword$_click_closure1.doCall(ClickKeyword.groovy:79)
	at com.kms.katalon.core.webui.keyword.builtin.ClickKeyword$_click_closure1.call(ClickKeyword.groovy)
	at com.kms.katalon.core.webui.keyword.internal.WebUIKeywordMain.runKeyword(WebUIKeywordMain.groovy:20)
	at com.kms.katalon.core.webui.keyword.builtin.ClickKeyword.click(ClickKeyword.groovy:86)
	at com.kms.katalon.core.webui.keyword.builtin.ClickKeyword.execute(ClickKeyword.groovy:67)
	at com.kms.katalon.core.keyword.internal.KeywordExecutor.executeKeywordForPlatform(KeywordExecutor.groovy:56)
	at com.kms.katalon.core.webui.keyword.WebUiBuiltInKeywords.click(WebUiBuiltInKeywords.groovy:616)
	at com.kms.katalon.core.webui.keyword.WebUiBuiltInKeywords$click$2.call(Unknown Source)
	at Script1554274236820.run(Script1554274236820.groovy:27)
	... 13 more
"/>
         <system-out><![CDATA[2019-04-21 05:20:43 - [TEST_CASE][FAILED] - Test Cases/SMS/sms broadcast/TC11183: Test Cases/SMS/sms broadcast/TC11183 FAILED.
Reason:
com.kms.katalon.core.exception.StepFailedException: Unable to click on object 'Object Repository/Page_KiboEngage  Dashboard/span_Broadcasts'
	at com.kms.katalon.core.webui.keyword.internal.WebUIKeywordMain.stepFailed(WebUIKeywordMain.groovy:64)
	at com.kms.katalon.core.webui.keyword.internal.WebUIKeywordMain.runKeyword(WebUIKeywordMain.groovy:26)
	at com.kms.katalon.core.webui.keyword.builtin.ClickKeyword.click(ClickKeyword.groovy:86)
	at com.kms.katalon.core.webui.keyword.builtin.ClickKeyword.execute(ClickKeyword.groovy:67)
	at com.kms.katalon.core.keyword.internal.KeywordExecutor.executeKeywordForPlatform(KeywordExecutor.groovy:56)
	at com.kms.katalon.core.webui.keyword.WebUiBuiltInKeywords.click(WebUiBuiltInKeywords.groovy:616)
	at com.kms.katalon.core.webui.keyword.WebUiBuiltInKeywords$click$2.call(Unknown Source)
	at TC11183.run(TC11183:27)
	at com.kms.katalon.core.main.ScriptEngine.run(ScriptEngine.java:194)
	at com.kms.katalon.core.main.ScriptEngine.runScriptAsRawText(ScriptEngine.java:119)
	at com.kms.katalon.core.main.TestCaseExecutor.runScript(TestCaseExecutor.java:336)
	at com.kms.katalon.core.main.TestCaseExecutor.doExecute(TestCaseExecutor.java:327)
	at com.kms.katalon.core.main.TestCaseExecutor.processExecutionPhase(TestCaseExecutor.java:306)
	at com.kms.katalon.core.main.TestCaseExecutor.accessMainPhase(TestCaseExecutor.java:298)
	at com.kms.katalon.core.main.TestCaseExecutor.execute(TestCaseExecutor.java:232)
	at com.kms.katalon.core.main.TestSuiteExecutor.accessTestCaseMainPhase(TestSuiteExecutor.java:129)
	at com.kms.katalon.core.main.TestSuiteExecutor.accessTestSuiteMainPhase(TestSuiteExecutor.java:112)
	at com.kms.katalon.core.main.TestSuiteExecutor.execute(TestSuiteExecutor.java:81)
	at com.kms.katalon.core.main.TestCaseMain.startTestSuite(TestCaseMain.java:157)
	at com.kms.katalon.core.main.TestCaseMain$startTestSuite$0.call(Unknown Source)
	at TempTestSuite1555805827617.run(TempTestSuite1555805827617.groovy:35)
Caused by: org.openqa.selenium.ElementNotVisibleException: element not interactable
  (Session info: chrome=73.0.3683.103)
  (Driver info: chromedriver=73.0.3683.68 (47787ec04b6e38e22703e856e101e840b65afe72),platform=Linux 4.15.0-47-generic x86_64) (WARNING: The server did not provide any stacktrace information)
Command duration or timeout: 0 milliseconds
Build info: version: '3.7.1', revision: '8a0099a', time: '2017-11-06T21:07:36.161Z'
System info: host: 'faizan-HP-EliteBook-850-G2', ip: '127.0.1.1', os.name: 'Linux', os.arch: 'amd64', os.version: '4.15.0-47-generic', java.version: '1.8.0_191'
Driver info: com.kms.katalon.selenium.driver.CChromeDriver
Capabilities {acceptInsecureCerts: false, acceptSslCerts: false, applicationCacheEnabled: false, browserConnectionEnabled: false, browserName: chrome, chrome: {chromedriverVersion: 73.0.3683.68 (47787ec04b6e3..., userDataDir: /tmp/.com.google.Chrome.3MGpH3}, cssSelectorsEnabled: true, databaseEnabled: false, goog:chromeOptions: {debuggerAddress: localhost:40385}, handlesAlerts: true, hasTouchScreen: false, javascriptEnabled: true, locationContextEnabled: true, mobileEmulationEnabled: false, nativeEvents: true, networkConnectionEnabled: false, pageLoadStrategy: normal, platform: LINUX, platformName: LINUX, proxy: Proxy(direct), rotatable: false, setWindowRect: true, strictFileInteractability: false, takesHeapSnapshot: true, takesScreenshot: true, timeouts: {implicit: 0, pageLoad: 300000, script: 30000}, unexpectedAlertBehaviour: ignore, unhandledPromptBehavior: ignore, version: 73.0.3683.103, webStorageEnabled: true}
Session ID: f87268ee1c35c1ced596fe180b363839
	at org.openqa.selenium.remote.ErrorHandler.createThrowable(ErrorHandler.java:214)
	at org.openqa.selenium.remote.ErrorHandler.throwIfResponseFailed(ErrorHandler.java:166)
	at org.openqa.selenium.remote.http.JsonHttpResponseCodec.reconstructValue(JsonHttpResponseCodec.java:40)
	at org.openqa.selenium.remote.http.AbstractHttpResponseCodec.decode(AbstractHttpResponseCodec.java:80)
	at org.openqa.selenium.remote.http.AbstractHttpResponseCodec.decode(AbstractHttpResponseCodec.java:44)
	at org.openqa.selenium.remote.HttpCommandExecutor.execute(HttpCommandExecutor.java:164)
	at org.openqa.selenium.remote.service.DriverCommandExecutor.execute(DriverCommandExecutor.java:83)
	at org.openqa.selenium.remote.RemoteWebDriver.execute(RemoteWebDriver.java:600)
	at com.kms.katalon.selenium.driver.CChromeDriver.execute(CChromeDriver.java:20)
	at org.openqa.selenium.remote.RemoteWebElement.execute(RemoteWebElement.java:279)
	at org.openqa.selenium.remote.RemoteWebElement.click(RemoteWebElement.java:83)
	at com.kms.katalon.core.webui.keyword.builtin.ClickKeyword$_click_closure1.doCall(ClickKeyword.groovy:79)
	at com.kms.katalon.core.webui.keyword.builtin.ClickKeyword$_click_closure1.call(ClickKeyword.groovy)
	at com.kms.katalon.core.webui.keyword.internal.WebUIKeywordMain.runKeyword(WebUIKeywordMain.groovy:20)
	at com.kms.katalon.core.webui.keyword.builtin.ClickKeyword.click(ClickKeyword.groovy:86)
	at com.kms.katalon.core.webui.keyword.builtin.ClickKeyword.execute(ClickKeyword.groovy:67)
	at com.kms.katalon.core.keyword.internal.KeywordExecutor.executeKeywordForPlatform(KeywordExecutor.groovy:56)
	at com.kms.katalon.core.webui.keyword.WebUiBuiltInKeywords.click(WebUiBuiltInKeywords.groovy:616)
	at com.kms.katalon.core.webui.keyword.WebUiBuiltInKeywords$click$2.call(Unknown Source)
	at Script1554274236820.run(Script1554274236820.groovy:27)
	... 13 more


2019-04-21 05:20:43 - [TEST_STEP][PASSED] - callTestCase(findTestCase("SMS/SMSPlatform"), [:], STOP_ON_FAILURE): Call Test Case 'Test Cases/SMS/SMSPlatform' successfully

2019-04-21 05:20:43 - [TEST_CASE][PASSED] - Test Cases/SMS/SMSPlatform: Test Cases/SMS/SMSPlatform

2019-04-21 05:20:43 - [TEST_STEP][PASSED] - click(findTestObject("Page_KiboEngage  Dashboard/a_SMS (1)")): Object: 'Object Repository/Page_KiboEngage  Dashboard/a_SMS (1)' is clicked on

2019-04-21 05:20:43 - [MESSAGE][PASSED] - Object: 'Object Repository/Page_KiboEngage  Dashboard/a_SMS (1)' is clicked on

2019-04-21 05:20:43 - [TEST_STEP][PASSED] - click(findTestObject("Page_KiboEngage  Dashboard/span_SMS (1)")): Object: 'Object Repository/Page_KiboEngage  Dashboard/span_SMS (1)' is clicked on

2019-04-21 05:20:43 - [MESSAGE][PASSED] - Object: 'Object Repository/Page_KiboEngage  Dashboard/span_SMS (1)' is clicked on

2019-04-21 05:20:43 - [TEST_STEP][PASSED] - delay(1): Delayed 1 second(s)

2019-04-21 05:20:44 - [MESSAGE][PASSED] - Delayed 1 second(s)

2019-04-21 05:20:44 - [MESSAGE][PASSED] - Call Test Case 'Test Cases/SMS/SMSPlatform' successfully

2019-04-21 05:20:44 - [TEST_STEP][PASSED] - click(findTestObject("Page_KiboPush  Dashboard/span_Dashboard")): Object: 'Object Repository/Page_KiboPush  Dashboard/span_Dashboard' is clicked on

2019-04-21 05:20:44 - [MESSAGE][PASSED] - Object: 'Object Repository/Page_KiboPush  Dashboard/span_Dashboard' is clicked on

2019-04-21 05:20:44 - [TEST_STEP][PASSED] - delay(1): Delayed 1 second(s)

2019-04-21 05:20:45 - [MESSAGE][PASSED] - Delayed 1 second(s)

2019-04-21 05:20:45 - [TEST_STEP][PASSED] - click(findTestObject("Page_KiboEngage  Dashboard/span_Broadcasting (1)")): Object: 'Object Repository/Page_KiboEngage  Dashboard/span_Broadcasting (1)' is clicked on

2019-04-21 05:20:46 - [MESSAGE][PASSED] - Object: 'Object Repository/Page_KiboEngage  Dashboard/span_Broadcasting (1)' is clicked on

2019-04-21 05:20:46 - [TEST_STEP][PASSED] - delay(1): Delayed 1 second(s)

2019-04-21 05:20:47 - [MESSAGE][PASSED] - Delayed 1 second(s)

2019-04-21 05:20:47 - [TEST_STEP][FAILED] - click(findTestObject("Object Repository/Page_KiboEngage  Dashboard/span_Broadcasts")): Unable to click on object 'Object Repository/Page_KiboEngage  Dashboard/span_Broadcasts' (Root cause: com.kms.katalon.core.exception.StepFailedException: Unable to click on object 'Object Repository/Page_KiboEngage  Dashboard/span_Broadcasts'
	at com.kms.katalon.core.webui.keyword.internal.WebUIKeywordMain.stepFailed(WebUIKeywordMain.groovy:64)
	at com.kms.katalon.core.webui.keyword.internal.WebUIKeywordMain.runKeyword(WebUIKeywordMain.groovy:26)
	at com.kms.katalon.core.webui.keyword.builtin.ClickKeyword.click(ClickKeyword.groovy:86)
	at com.kms.katalon.core.webui.keyword.builtin.ClickKeyword.execute(ClickKeyword.groovy:67)
	at com.kms.katalon.core.keyword.internal.KeywordExecutor.executeKeywordForPlatform(KeywordExecutor.groovy:56)
	at com.kms.katalon.core.webui.keyword.WebUiBuiltInKeywords.click(WebUiBuiltInKeywords.groovy:616)
	at com.kms.katalon.core.webui.keyword.WebUiBuiltInKeywords$click$2.call(Unknown Source)
	at TC11183.run(TC11183:27)
	at com.kms.katalon.core.main.ScriptEngine.run(ScriptEngine.java:194)
	at com.kms.katalon.core.main.ScriptEngine.runScriptAsRawText(ScriptEngine.java:119)
	at com.kms.katalon.core.main.TestCaseExecutor.runScript(TestCaseExecutor.java:336)
	at com.kms.katalon.core.main.TestCaseExecutor.doExecute(TestCaseExecutor.java:327)
	at com.kms.katalon.core.main.TestCaseExecutor.processExecutionPhase(TestCaseExecutor.java:306)
	at com.kms.katalon.core.main.TestCaseExecutor.accessMainPhase(TestCaseExecutor.java:298)
	at com.kms.katalon.core.main.TestCaseExecutor.execute(TestCaseExecutor.java:232)
	at com.kms.katalon.core.main.TestSuiteExecutor.accessTestCaseMainPhase(TestSuiteExecutor.java:129)
	at com.kms.katalon.core.main.TestSuiteExecutor.accessTestSuiteMainPhase(TestSuiteExecutor.java:112)
	at com.kms.katalon.core.main.TestSuiteExecutor.execute(TestSuiteExecutor.java:81)
	at com.kms.katalon.core.main.TestCaseMain.startTestSuite(TestCaseMain.java:157)
	at com.kms.katalon.core.main.TestCaseMain$startTestSuite$0.call(Unknown Source)
	at TempTestSuite1555805827617.run(TempTestSuite1555805827617.groovy:35)
Caused by: org.openqa.selenium.ElementNotVisibleException: element not interactable
  (Session info: chrome=73.0.3683.103)
  (Driver info: chromedriver=73.0.3683.68 (47787ec04b6e38e22703e856e101e840b65afe72),platform=Linux 4.15.0-47-generic x86_64) (WARNING: The server did not provide any stacktrace information)
Command duration or timeout: 0 milliseconds
Build info: version: '3.7.1', revision: '8a0099a', time: '2017-11-06T21:07:36.161Z'
System info: host: 'faizan-HP-EliteBook-850-G2', ip: '127.0.1.1', os.name: 'Linux', os.arch: 'amd64', os.version: '4.15.0-47-generic', java.version: '1.8.0_191'
Driver info: com.kms.katalon.selenium.driver.CChromeDriver
Capabilities {acceptInsecureCerts: false, acceptSslCerts: false, applicationCacheEnabled: false, browserConnectionEnabled: false, browserName: chrome, chrome: {chromedriverVersion: 73.0.3683.68 (47787ec04b6e3..., userDataDir: /tmp/.com.google.Chrome.3MGpH3}, cssSelectorsEnabled: true, databaseEnabled: false, goog:chromeOptions: {debuggerAddress: localhost:40385}, handlesAlerts: true, hasTouchScreen: false, javascriptEnabled: true, locationContextEnabled: true, mobileEmulationEnabled: false, nativeEvents: true, networkConnectionEnabled: false, pageLoadStrategy: normal, platform: LINUX, platformName: LINUX, proxy: Proxy(direct), rotatable: false, setWindowRect: true, strictFileInteractability: false, takesHeapSnapshot: true, takesScreenshot: true, timeouts: {implicit: 0, pageLoad: 300000, script: 30000}, unexpectedAlertBehaviour: ignore, unhandledPromptBehavior: ignore, version: 73.0.3683.103, webStorageEnabled: true}
Session ID: f87268ee1c35c1ced596fe180b363839
	at org.openqa.selenium.remote.ErrorHandler.createThrowable(ErrorHandler.java:214)
	at org.openqa.selenium.remote.ErrorHandler.throwIfResponseFailed(ErrorHandler.java:166)
	at org.openqa.selenium.remote.http.JsonHttpResponseCodec.reconstructValue(JsonHttpResponseCodec.java:40)
	at org.openqa.selenium.remote.http.AbstractHttpResponseCodec.decode(AbstractHttpResponseCodec.java:80)
	at org.openqa.selenium.remote.http.AbstractHttpResponseCodec.decode(AbstractHttpResponseCodec.java:44)
	at org.openqa.selenium.remote.HttpCommandExecutor.execute(HttpCommandExecutor.java:164)
	at org.openqa.selenium.remote.service.DriverCommandExecutor.execute(DriverCommandExecutor.java:83)
	at org.openqa.selenium.remote.RemoteWebDriver.execute(RemoteWebDriver.java:600)
	at com.kms.katalon.selenium.driver.CChromeDriver.execute(CChromeDriver.java:20)
	at org.openqa.selenium.remote.RemoteWebElement.execute(RemoteWebElement.java:279)
	at org.openqa.selenium.remote.RemoteWebElement.click(RemoteWebElement.java:83)
	at com.kms.katalon.core.webui.keyword.builtin.ClickKeyword$_click_closure1.doCall(ClickKeyword.groovy:79)
	at com.kms.katalon.core.webui.keyword.builtin.ClickKeyword$_click_closure1.call(ClickKeyword.groovy)
	at com.kms.katalon.core.webui.keyword.internal.WebUIKeywordMain.runKeyword(WebUIKeywordMain.groovy:20)
	at com.kms.katalon.core.webui.keyword.builtin.ClickKeyword.click(ClickKeyword.groovy:86)
	at com.kms.katalon.core.webui.keyword.builtin.ClickKeyword.execute(ClickKeyword.groovy:67)
	at com.kms.katalon.core.keyword.internal.KeywordExecutor.executeKeywordForPlatform(KeywordExecutor.groovy:56)
	at com.kms.katalon.core.webui.keyword.WebUiBuiltInKeywords.click(WebUiBuiltInKeywords.groovy:616)
	at com.kms.katalon.core.webui.keyword.WebUiBuiltInKeywords$click$2.call(Unknown Source)
	at Script1554274236820.run(Script1554274236820.groovy:27)
	... 13 more
)

2019-04-21 05:20:47 - [MESSAGE][FAILED] - Unable to click on object 'Object Repository/Page_KiboEngage  Dashboard/span_Broadcasts' (Root cause: com.kms.katalon.core.exception.StepFailedException: Unable to click on object 'Object Repository/Page_KiboEngage  Dashboard/span_Broadcasts'
	at com.kms.katalon.core.webui.keyword.internal.WebUIKeywordMain.stepFailed(WebUIKeywordMain.groovy:64)
	at com.kms.katalon.core.webui.keyword.internal.WebUIKeywordMain.runKeyword(WebUIKeywordMain.groovy:26)
	at com.kms.katalon.core.webui.keyword.builtin.ClickKeyword.click(ClickKeyword.groovy:86)
	at com.kms.katalon.core.webui.keyword.builtin.ClickKeyword.execute(ClickKeyword.groovy:67)
	at com.kms.katalon.core.keyword.internal.KeywordExecutor.executeKeywordForPlatform(KeywordExecutor.groovy:56)
	at com.kms.katalon.core.webui.keyword.WebUiBuiltInKeywords.click(WebUiBuiltInKeywords.groovy:616)
	at com.kms.katalon.core.webui.keyword.WebUiBuiltInKeywords$click$2.call(Unknown Source)
	at TC11183.run(TC11183:27)
	at com.kms.katalon.core.main.ScriptEngine.run(ScriptEngine.java:194)
	at com.kms.katalon.core.main.ScriptEngine.runScriptAsRawText(ScriptEngine.java:119)
	at com.kms.katalon.core.main.TestCaseExecutor.runScript(TestCaseExecutor.java:336)
	at com.kms.katalon.core.main.TestCaseExecutor.doExecute(TestCaseExecutor.java:327)
	at com.kms.katalon.core.main.TestCaseExecutor.processExecutionPhase(TestCaseExecutor.java:306)
	at com.kms.katalon.core.main.TestCaseExecutor.accessMainPhase(TestCaseExecutor.java:298)
	at com.kms.katalon.core.main.TestCaseExecutor.execute(TestCaseExecutor.java:232)
	at com.kms.katalon.core.main.TestSuiteExecutor.accessTestCaseMainPhase(TestSuiteExecutor.java:129)
	at com.kms.katalon.core.main.TestSuiteExecutor.accessTestSuiteMainPhase(TestSuiteExecutor.java:112)
	at com.kms.katalon.core.main.TestSuiteExecutor.execute(TestSuiteExecutor.java:81)
	at com.kms.katalon.core.main.TestCaseMain.startTestSuite(TestCaseMain.java:157)
	at com.kms.katalon.core.main.TestCaseMain$startTestSuite$0.call(Unknown Source)
	at TempTestSuite1555805827617.run(TempTestSuite1555805827617.groovy:35)
Caused by: org.openqa.selenium.ElementNotVisibleException: element not interactable
  (Session info: chrome=73.0.3683.103)
  (Driver info: chromedriver=73.0.3683.68 (47787ec04b6e38e22703e856e101e840b65afe72),platform=Linux 4.15.0-47-generic x86_64) (WARNING: The server did not provide any stacktrace information)
Command duration or timeout: 0 milliseconds
Build info: version: '3.7.1', revision: '8a0099a', time: '2017-11-06T21:07:36.161Z'
System info: host: 'faizan-HP-EliteBook-850-G2', ip: '127.0.1.1', os.name: 'Linux', os.arch: 'amd64', os.version: '4.15.0-47-generic', java.version: '1.8.0_191'
Driver info: com.kms.katalon.selenium.driver.CChromeDriver
Capabilities {acceptInsecureCerts: false, acceptSslCerts: false, applicationCacheEnabled: false, browserConnectionEnabled: false, browserName: chrome, chrome: {chromedriverVersion: 73.0.3683.68 (47787ec04b6e3..., userDataDir: /tmp/.com.google.Chrome.3MGpH3}, cssSelectorsEnabled: true, databaseEnabled: false, goog:chromeOptions: {debuggerAddress: localhost:40385}, handlesAlerts: true, hasTouchScreen: false, javascriptEnabled: true, locationContextEnabled: true, mobileEmulationEnabled: false, nativeEvents: true, networkConnectionEnabled: false, pageLoadStrategy: normal, platform: LINUX, platformName: LINUX, proxy: Proxy(direct), rotatable: false, setWindowRect: true, strictFileInteractability: false, takesHeapSnapshot: true, takesScreenshot: true, timeouts: {implicit: 0, pageLoad: 300000, script: 30000}, unexpectedAlertBehaviour: ignore, unhandledPromptBehavior: ignore, version: 73.0.3683.103, webStorageEnabled: true}
Session ID: f87268ee1c35c1ced596fe180b363839
	at org.openqa.selenium.remote.ErrorHandler.createThrowable(ErrorHandler.java:214)
	at org.openqa.selenium.remote.ErrorHandler.throwIfResponseFailed(ErrorHandler.java:166)
	at org.openqa.selenium.remote.http.JsonHttpResponseCodec.reconstructValue(JsonHttpResponseCodec.java:40)
	at org.openqa.selenium.remote.http.AbstractHttpResponseCodec.decode(AbstractHttpResponseCodec.java:80)
	at org.openqa.selenium.remote.http.AbstractHttpResponseCodec.decode(AbstractHttpResponseCodec.java:44)
	at org.openqa.selenium.remote.HttpCommandExecutor.execute(HttpCommandExecutor.java:164)
	at org.openqa.selenium.remote.service.DriverCommandExecutor.execute(DriverCommandExecutor.java:83)
	at org.openqa.selenium.remote.RemoteWebDriver.execute(RemoteWebDriver.java:600)
	at com.kms.katalon.selenium.driver.CChromeDriver.execute(CChromeDriver.java:20)
	at org.openqa.selenium.remote.RemoteWebElement.execute(RemoteWebElement.java:279)
	at org.openqa.selenium.remote.RemoteWebElement.click(RemoteWebElement.java:83)
	at com.kms.katalon.core.webui.keyword.builtin.ClickKeyword$_click_closure1.doCall(ClickKeyword.groovy:79)
	at com.kms.katalon.core.webui.keyword.builtin.ClickKeyword$_click_closure1.call(ClickKeyword.groovy)
	at com.kms.katalon.core.webui.keyword.internal.WebUIKeywordMain.runKeyword(WebUIKeywordMain.groovy:20)
	at com.kms.katalon.core.webui.keyword.builtin.ClickKeyword.click(ClickKeyword.groovy:86)
	at com.kms.katalon.core.webui.keyword.builtin.ClickKeyword.execute(ClickKeyword.groovy:67)
	at com.kms.katalon.core.keyword.internal.KeywordExecutor.executeKeywordForPlatform(KeywordExecutor.groovy:56)
	at com.kms.katalon.core.webui.keyword.WebUiBuiltInKeywords.click(WebUiBuiltInKeywords.groovy:616)
	at com.kms.katalon.core.webui.keyword.WebUiBuiltInKeywords$click$2.call(Unknown Source)
	at Script1554274236820.run(Script1554274236820.groovy:27)
	... 13 more
)
[[ATTACHMENT|/home/faizan/Drive/KiboPush_Automated_Testing/KiboPush Katalon/Reports/Faizan Suits/SMS/20190421_051707/1555806047164.png]]]]></system-out>
         <system-err><![CDATA[2019-04-21 05:20:43 - [TEST_CASE][FAILED] - Test Cases/SMS/sms broadcast/TC11183: Test Cases/SMS/sms broadcast/TC11183 FAILED.
Reason:
com.kms.katalon.core.exception.StepFailedException: Unable to click on object 'Object Repository/Page_KiboEngage  Dashboard/span_Broadcasts'
	at com.kms.katalon.core.webui.keyword.internal.WebUIKeywordMain.stepFailed(WebUIKeywordMain.groovy:64)
	at com.kms.katalon.core.webui.keyword.internal.WebUIKeywordMain.runKeyword(WebUIKeywordMain.groovy:26)
	at com.kms.katalon.core.webui.keyword.builtin.ClickKeyword.click(ClickKeyword.groovy:86)
	at com.kms.katalon.core.webui.keyword.builtin.ClickKeyword.execute(ClickKeyword.groovy:67)
	at com.kms.katalon.core.keyword.internal.KeywordExecutor.executeKeywordForPlatform(KeywordExecutor.groovy:56)
	at com.kms.katalon.core.webui.keyword.WebUiBuiltInKeywords.click(WebUiBuiltInKeywords.groovy:616)
	at com.kms.katalon.core.webui.keyword.WebUiBuiltInKeywords$click$2.call(Unknown Source)
	at TC11183.run(TC11183:27)
	at com.kms.katalon.core.main.ScriptEngine.run(ScriptEngine.java:194)
	at com.kms.katalon.core.main.ScriptEngine.runScriptAsRawText(ScriptEngine.java:119)
	at com.kms.katalon.core.main.TestCaseExecutor.runScript(TestCaseExecutor.java:336)
	at com.kms.katalon.core.main.TestCaseExecutor.doExecute(TestCaseExecutor.java:327)
	at com.kms.katalon.core.main.TestCaseExecutor.processExecutionPhase(TestCaseExecutor.java:306)
	at com.kms.katalon.core.main.TestCaseExecutor.accessMainPhase(TestCaseExecutor.java:298)
	at com.kms.katalon.core.main.TestCaseExecutor.execute(TestCaseExecutor.java:232)
	at com.kms.katalon.core.main.TestSuiteExecutor.accessTestCaseMainPhase(TestSuiteExecutor.java:129)
	at com.kms.katalon.core.main.TestSuiteExecutor.accessTestSuiteMainPhase(TestSuiteExecutor.java:112)
	at com.kms.katalon.core.main.TestSuiteExecutor.execute(TestSuiteExecutor.java:81)
	at com.kms.katalon.core.main.TestCaseMain.startTestSuite(TestCaseMain.java:157)
	at com.kms.katalon.core.main.TestCaseMain$startTestSuite$0.call(Unknown Source)
	at TempTestSuite1555805827617.run(TempTestSuite1555805827617.groovy:35)
Caused by: org.openqa.selenium.ElementNotVisibleException: element not interactable
  (Session info: chrome=73.0.3683.103)
  (Driver info: chromedriver=73.0.3683.68 (47787ec04b6e38e22703e856e101e840b65afe72),platform=Linux 4.15.0-47-generic x86_64) (WARNING: The server did not provide any stacktrace information)
Command duration or timeout: 0 milliseconds
Build info: version: '3.7.1', revision: '8a0099a', time: '2017-11-06T21:07:36.161Z'
System info: host: 'faizan-HP-EliteBook-850-G2', ip: '127.0.1.1', os.name: 'Linux', os.arch: 'amd64', os.version: '4.15.0-47-generic', java.version: '1.8.0_191'
Driver info: com.kms.katalon.selenium.driver.CChromeDriver
Capabilities {acceptInsecureCerts: false, acceptSslCerts: false, applicationCacheEnabled: false, browserConnectionEnabled: false, browserName: chrome, chrome: {chromedriverVersion: 73.0.3683.68 (47787ec04b6e3..., userDataDir: /tmp/.com.google.Chrome.3MGpH3}, cssSelectorsEnabled: true, databaseEnabled: false, goog:chromeOptions: {debuggerAddress: localhost:40385}, handlesAlerts: true, hasTouchScreen: false, javascriptEnabled: true, locationContextEnabled: true, mobileEmulationEnabled: false, nativeEvents: true, networkConnectionEnabled: false, pageLoadStrategy: normal, platform: LINUX, platformName: LINUX, proxy: Proxy(direct), rotatable: false, setWindowRect: true, strictFileInteractability: false, takesHeapSnapshot: true, takesScreenshot: true, timeouts: {implicit: 0, pageLoad: 300000, script: 30000}, unexpectedAlertBehaviour: ignore, unhandledPromptBehavior: ignore, version: 73.0.3683.103, webStorageEnabled: true}
Session ID: f87268ee1c35c1ced596fe180b363839
	at org.openqa.selenium.remote.ErrorHandler.createThrowable(ErrorHandler.java:214)
	at org.openqa.selenium.remote.ErrorHandler.throwIfResponseFailed(ErrorHandler.java:166)
	at org.openqa.selenium.remote.http.JsonHttpResponseCodec.reconstructValue(JsonHttpResponseCodec.java:40)
	at org.openqa.selenium.remote.http.AbstractHttpResponseCodec.decode(AbstractHttpResponseCodec.java:80)
	at org.openqa.selenium.remote.http.AbstractHttpResponseCodec.decode(AbstractHttpResponseCodec.java:44)
	at org.openqa.selenium.remote.HttpCommandExecutor.execute(HttpCommandExecutor.java:164)
	at org.openqa.selenium.remote.service.DriverCommandExecutor.execute(DriverCommandExecutor.java:83)
	at org.openqa.selenium.remote.RemoteWebDriver.execute(RemoteWebDriver.java:600)
	at com.kms.katalon.selenium.driver.CChromeDriver.execute(CChromeDriver.java:20)
	at org.openqa.selenium.remote.RemoteWebElement.execute(RemoteWebElement.java:279)
	at org.openqa.selenium.remote.RemoteWebElement.click(RemoteWebElement.java:83)
	at com.kms.katalon.core.webui.keyword.builtin.ClickKeyword$_click_closure1.doCall(ClickKeyword.groovy:79)
	at com.kms.katalon.core.webui.keyword.builtin.ClickKeyword$_click_closure1.call(ClickKeyword.groovy)
	at com.kms.katalon.core.webui.keyword.internal.WebUIKeywordMain.runKeyword(WebUIKeywordMain.groovy:20)
	at com.kms.katalon.core.webui.keyword.builtin.ClickKeyword.click(ClickKeyword.groovy:86)
	at com.kms.katalon.core.webui.keyword.builtin.ClickKeyword.execute(ClickKeyword.groovy:67)
	at com.kms.katalon.core.keyword.internal.KeywordExecutor.executeKeywordForPlatform(KeywordExecutor.groovy:56)
	at com.kms.katalon.core.webui.keyword.WebUiBuiltInKeywords.click(WebUiBuiltInKeywords.groovy:616)
	at com.kms.katalon.core.webui.keyword.WebUiBuiltInKeywords$click$2.call(Unknown Source)
	at Script1554274236820.run(Script1554274236820.groovy:27)
	... 13 more]]></system-err>
      </testcase>
      <testcase name="Test Cases/SMS/sms broadcast/TC11184" classname="Test Cases/SMS/sms broadcast/TC11184" status="PASSED">
         <system-out><![CDATA[2019-04-21 05:20:47 - [TEST_CASE][PASSED] - Test Cases/SMS/sms broadcast/TC11184: Test Cases/SMS/sms broadcast/TC11184

2019-04-21 05:20:47 - [TEST_STEP][PASSED] - callTestCase(findTestCase("SMS/SMSPlatform"), [:], STOP_ON_FAILURE): Call Test Case 'Test Cases/SMS/SMSPlatform' successfully

2019-04-21 05:20:47 - [TEST_CASE][PASSED] - Test Cases/SMS/SMSPlatform: Test Cases/SMS/SMSPlatform

2019-04-21 05:20:47 - [TEST_STEP][PASSED] - click(findTestObject("Page_KiboEngage  Dashboard/a_SMS (1)")): Object: 'Object Repository/Page_KiboEngage  Dashboard/a_SMS (1)' is clicked on

2019-04-21 05:20:47 - [MESSAGE][PASSED] - Object: 'Object Repository/Page_KiboEngage  Dashboard/a_SMS (1)' is clicked on

2019-04-21 05:20:47 - [TEST_STEP][PASSED] - click(findTestObject("Page_KiboEngage  Dashboard/span_SMS (1)")): Object: 'Object Repository/Page_KiboEngage  Dashboard/span_SMS (1)' is clicked on

2019-04-21 05:20:47 - [MESSAGE][PASSED] - Object: 'Object Repository/Page_KiboEngage  Dashboard/span_SMS (1)' is clicked on

2019-04-21 05:20:47 - [TEST_STEP][PASSED] - delay(1): Delayed 1 second(s)

2019-04-21 05:20:48 - [MESSAGE][PASSED] - Delayed 1 second(s)

2019-04-21 05:20:48 - [MESSAGE][PASSED] - Call Test Case 'Test Cases/SMS/SMSPlatform' successfully

2019-04-21 05:20:48 - [TEST_STEP][PASSED] - click(findTestObject("Page_KiboPush  Dashboard/span_Dashboard")): Object: 'Object Repository/Page_KiboPush  Dashboard/span_Dashboard' is clicked on

2019-04-21 05:20:49 - [MESSAGE][PASSED] - Object: 'Object Repository/Page_KiboPush  Dashboard/span_Dashboard' is clicked on

2019-04-21 05:20:49 - [TEST_STEP][PASSED] - delay(1): Delayed 1 second(s)

2019-04-21 05:20:50 - [MESSAGE][PASSED] - Delayed 1 second(s)

2019-04-21 05:20:50 - [TEST_STEP][PASSED] - click(findTestObject("Page_KiboEngage  Dashboard/span_Broadcasting (1)")): Object: 'Object Repository/Page_KiboEngage  Dashboard/span_Broadcasting (1)' is clicked on

2019-04-21 05:20:50 - [MESSAGE][PASSED] - Object: 'Object Repository/Page_KiboEngage  Dashboard/span_Broadcasting (1)' is clicked on

2019-04-21 05:20:50 - [TEST_STEP][PASSED] - delay(1): Delayed 1 second(s)

2019-04-21 05:20:51 - [MESSAGE][PASSED] - Delayed 1 second(s)

2019-04-21 05:20:51 - [TEST_STEP][PASSED] - click(findTestObject("Object Repository/Page_KiboEngage  Dashboard/span_Broadcasts")): Object: 'Object Repository/Page_KiboEngage  Dashboard/span_Broadcasts' is clicked on

2019-04-21 05:20:51 - [MESSAGE][PASSED] - Object: 'Object Repository/Page_KiboEngage  Dashboard/span_Broadcasts' is clicked on

2019-04-21 05:20:51 - [TEST_STEP][PASSED] - delay(1): Delayed 1 second(s)

2019-04-21 05:20:52 - [MESSAGE][PASSED] - Delayed 1 second(s)

2019-04-21 05:20:52 - [TEST_STEP][PASSED] - click(findTestObject("Object Repository/Page_KiboEngage  Broadcasts/h3_Broadcasts (1) (1) (1) (1) (1) (1) (1)")): Object: 'Object Repository/Page_KiboEngage  Broadcasts/h3_Broadcasts (1) (1) (1) (1) (1) (1) (1)' is clicked on

2019-04-21 05:20:52 - [MESSAGE][PASSED] - Object: 'Object Repository/Page_KiboEngage  Broadcasts/h3_Broadcasts (1) (1) (1) (1) (1) (1) (1)' is clicked on

2019-04-21 05:20:52 - [TEST_STEP][PASSED] - delay(1): Delayed 1 second(s)

2019-04-21 05:20:53 - [MESSAGE][PASSED] - Delayed 1 second(s)

2019-04-21 05:20:53 - [TEST_STEP][PASSED] - click(findTestObject("Object Repository/Page_KiboEngage  Broadcasts/span_Create New (1) (1) (1) (1) (1) (1)")): Object: 'Object Repository/Page_KiboEngage  Broadcasts/span_Create New (1) (1) (1) (1) (1) (1)' is clicked on

2019-04-21 05:20:53 - [MESSAGE][PASSED] - Object: 'Object Repository/Page_KiboEngage  Broadcasts/span_Create New (1) (1) (1) (1) (1) (1)' is clicked on

2019-04-21 05:20:53 - [TEST_STEP][PASSED] - click(findTestObject("Object Repository/Page_KiboEngage  Broadcasts/button_Create New Broadcast (1) (1) (1) (1) (1) (1)")): Object: 'Object Repository/Page_KiboEngage  Broadcasts/button_Create New Broadcast (1) (1) (1) (1) (1) (1)' is clicked on

2019-04-21 05:20:54 - [MESSAGE][PASSED] - Object: 'Object Repository/Page_KiboEngage  Broadcasts/button_Create New Broadcast (1) (1) (1) (1) (1) (1)' is clicked on

2019-04-21 05:20:54 - [TEST_STEP][PASSED] - delay(1): Delayed 1 second(s)

2019-04-21 05:20:55 - [MESSAGE][PASSED] - Delayed 1 second(s)

2019-04-21 05:20:55 - [TEST_STEP][PASSED] - setText(findTestObject("Object Repository/Page_KiboEngage  Broadcasts/input_Push Message_form-control m-input (1) (1) (1) (1)"), "faizan"): Text 'faizan' is set on object 'Object Repository/Page_KiboEngage  Broadcasts/input_Push Message_form-control m-input (1) (1) (1) (1)'

2019-04-21 05:20:55 - [MESSAGE][PASSED] - Text 'faizan' is set on object 'Object Repository/Page_KiboEngage  Broadcasts/input_Push Message_form-control m-input (1) (1) (1) (1)'

2019-04-21 05:20:55 - [TEST_STEP][PASSED] - setText(findTestObject("Object Repository/Page_KiboEngage  Broadcasts/textarea_Automated testing"), "Automated testing"): Text 'Automated testing' is set on object 'Object Repository/Page_KiboEngage  Broadcasts/textarea_Automated testing'

2019-04-21 05:20:55 - [MESSAGE][PASSED] - Text 'Automated testing' is set on object 'Object Repository/Page_KiboEngage  Broadcasts/textarea_Automated testing'

2019-04-21 05:20:55 - [TEST_STEP][PASSED] - selectOptionByValue(findTestObject("Object Repository/Page_KiboEngage  Broadcasts/select_Select Conditionnamenumber (2)"), "number", true): All options with value 'number' are selected in object 'Object Repository/Page_KiboEngage  Broadcasts/select_Select Conditionnamenumber (2)'  using regular expression

2019-04-21 05:20:56 - [MESSAGE][PASSED] - All options with value 'number' are selected in object 'Object Repository/Page_KiboEngage  Broadcasts/select_Select Conditionnamenumber (2)'  using regular expression

2019-04-21 05:20:56 - [TEST_STEP][PASSED] - selectOptionByValue(findTestObject("Object Repository/Page_KiboEngage  Broadcasts/select_Select Criteriaiscontainsbegins with (2)"), "is", true): All options with value 'is' are selected in object 'Object Repository/Page_KiboEngage  Broadcasts/select_Select Criteriaiscontainsbegins with (2)'  using regular expression

2019-04-21 05:20:56 - [MESSAGE][PASSED] - All options with value 'is' are selected in object 'Object Repository/Page_KiboEngage  Broadcasts/select_Select Criteriaiscontainsbegins with (2)'  using regular expression

2019-04-21 05:20:56 - [TEST_STEP][PASSED] - setText(findTestObject("Object Repository/Page_KiboEngage  Broadcasts/input_Value_text (2)"), "+923333739566"): Text '+923333739566' is set on object 'Object Repository/Page_KiboEngage  Broadcasts/input_Value_text (2)'

2019-04-21 05:20:56 - [MESSAGE][PASSED] - Text '+923333739566' is set on object 'Object Repository/Page_KiboEngage  Broadcasts/input_Value_text (2)'

2019-04-21 05:20:56 - [TEST_STEP][PASSED] - click(findTestObject("Object Repository/Page_KiboEngage  Broadcasts/span_Send (5)")): Object: 'Object Repository/Page_KiboEngage  Broadcasts/span_Send (5)' is clicked on

2019-04-21 05:20:56 - [MESSAGE][PASSED] - Object: 'Object Repository/Page_KiboEngage  Broadcasts/span_Send (5)' is clicked on

2019-04-21 05:20:56 - [TEST_STEP][PASSED] - click(findTestObject("Object Repository/Page_KiboEngage  Broadcasts/div_Broadcast sent successfully")): Object: 'Object Repository/Page_KiboEngage  Broadcasts/div_Broadcast sent successfully' is clicked on

2019-04-21 05:20:57 - [MESSAGE][PASSED] - Object: 'Object Repository/Page_KiboEngage  Broadcasts/div_Broadcast sent successfully' is clicked on]]></system-out>
         <system-err><![CDATA[]]></system-err>
      </testcase>
      <testcase name="Test Cases/SMS/sms broadcast/TC11185" classname="Test Cases/SMS/sms broadcast/TC11185" status="FAILED">
         <failure type="FAILED" message="Test Cases/SMS/sms broadcast/TC11185 FAILED.
Reason:
com.kms.katalon.core.exception.StepFailedException: Unable to click on object 'Object Repository/Page_KiboEngage  Dashboard/span_Broadcasts'
	at com.kms.katalon.core.webui.keyword.internal.WebUIKeywordMain.stepFailed(WebUIKeywordMain.groovy:64)
	at com.kms.katalon.core.webui.keyword.internal.WebUIKeywordMain.runKeyword(WebUIKeywordMain.groovy:26)
	at com.kms.katalon.core.webui.keyword.builtin.ClickKeyword.click(ClickKeyword.groovy:86)
	at com.kms.katalon.core.webui.keyword.builtin.ClickKeyword.execute(ClickKeyword.groovy:67)
	at com.kms.katalon.core.keyword.internal.KeywordExecutor.executeKeywordForPlatform(KeywordExecutor.groovy:56)
	at com.kms.katalon.core.webui.keyword.WebUiBuiltInKeywords.click(WebUiBuiltInKeywords.groovy:616)
	at com.kms.katalon.core.webui.keyword.WebUiBuiltInKeywords$click$2.call(Unknown Source)
	at TC11185.run(TC11185:26)
	at com.kms.katalon.core.main.ScriptEngine.run(ScriptEngine.java:194)
	at com.kms.katalon.core.main.ScriptEngine.runScriptAsRawText(ScriptEngine.java:119)
	at com.kms.katalon.core.main.TestCaseExecutor.runScript(TestCaseExecutor.java:336)
	at com.kms.katalon.core.main.TestCaseExecutor.doExecute(TestCaseExecutor.java:327)
	at com.kms.katalon.core.main.TestCaseExecutor.processExecutionPhase(TestCaseExecutor.java:306)
	at com.kms.katalon.core.main.TestCaseExecutor.accessMainPhase(TestCaseExecutor.java:298)
	at com.kms.katalon.core.main.TestCaseExecutor.execute(TestCaseExecutor.java:232)
	at com.kms.katalon.core.main.TestSuiteExecutor.accessTestCaseMainPhase(TestSuiteExecutor.java:129)
	at com.kms.katalon.core.main.TestSuiteExecutor.accessTestSuiteMainPhase(TestSuiteExecutor.java:112)
	at com.kms.katalon.core.main.TestSuiteExecutor.execute(TestSuiteExecutor.java:81)
	at com.kms.katalon.core.main.TestCaseMain.startTestSuite(TestCaseMain.java:157)
	at com.kms.katalon.core.main.TestCaseMain$startTestSuite$0.call(Unknown Source)
	at TempTestSuite1555805827617.run(TempTestSuite1555805827617.groovy:35)
Caused by: org.openqa.selenium.ElementNotVisibleException: element not interactable
  (Session info: chrome=73.0.3683.103)
  (Driver info: chromedriver=73.0.3683.68 (47787ec04b6e38e22703e856e101e840b65afe72),platform=Linux 4.15.0-47-generic x86_64) (WARNING: The server did not provide any stacktrace information)
Command duration or timeout: 0 milliseconds
Build info: version: '3.7.1', revision: '8a0099a', time: '2017-11-06T21:07:36.161Z'
System info: host: 'faizan-HP-EliteBook-850-G2', ip: '127.0.1.1', os.name: 'Linux', os.arch: 'amd64', os.version: '4.15.0-47-generic', java.version: '1.8.0_191'
Driver info: com.kms.katalon.selenium.driver.CChromeDriver
Capabilities {acceptInsecureCerts: false, acceptSslCerts: false, applicationCacheEnabled: false, browserConnectionEnabled: false, browserName: chrome, chrome: {chromedriverVersion: 73.0.3683.68 (47787ec04b6e3..., userDataDir: /tmp/.com.google.Chrome.3MGpH3}, cssSelectorsEnabled: true, databaseEnabled: false, goog:chromeOptions: {debuggerAddress: localhost:40385}, handlesAlerts: true, hasTouchScreen: false, javascriptEnabled: true, locationContextEnabled: true, mobileEmulationEnabled: false, nativeEvents: true, networkConnectionEnabled: false, pageLoadStrategy: normal, platform: LINUX, platformName: LINUX, proxy: Proxy(direct), rotatable: false, setWindowRect: true, strictFileInteractability: false, takesHeapSnapshot: true, takesScreenshot: true, timeouts: {implicit: 0, pageLoad: 300000, script: 30000}, unexpectedAlertBehaviour: ignore, unhandledPromptBehavior: ignore, version: 73.0.3683.103, webStorageEnabled: true}
Session ID: f87268ee1c35c1ced596fe180b363839
	at org.openqa.selenium.remote.ErrorHandler.createThrowable(ErrorHandler.java:214)
	at org.openqa.selenium.remote.ErrorHandler.throwIfResponseFailed(ErrorHandler.java:166)
	at org.openqa.selenium.remote.http.JsonHttpResponseCodec.reconstructValue(JsonHttpResponseCodec.java:40)
	at org.openqa.selenium.remote.http.AbstractHttpResponseCodec.decode(AbstractHttpResponseCodec.java:80)
	at org.openqa.selenium.remote.http.AbstractHttpResponseCodec.decode(AbstractHttpResponseCodec.java:44)
	at org.openqa.selenium.remote.HttpCommandExecutor.execute(HttpCommandExecutor.java:164)
	at org.openqa.selenium.remote.service.DriverCommandExecutor.execute(DriverCommandExecutor.java:83)
	at org.openqa.selenium.remote.RemoteWebDriver.execute(RemoteWebDriver.java:600)
	at com.kms.katalon.selenium.driver.CChromeDriver.execute(CChromeDriver.java:20)
	at org.openqa.selenium.remote.RemoteWebElement.execute(RemoteWebElement.java:279)
	at org.openqa.selenium.remote.RemoteWebElement.click(RemoteWebElement.java:83)
	at com.kms.katalon.core.webui.keyword.builtin.ClickKeyword$_click_closure1.doCall(ClickKeyword.groovy:79)
	at com.kms.katalon.core.webui.keyword.builtin.ClickKeyword$_click_closure1.call(ClickKeyword.groovy)
	at com.kms.katalon.core.webui.keyword.internal.WebUIKeywordMain.runKeyword(WebUIKeywordMain.groovy:20)
	at com.kms.katalon.core.webui.keyword.builtin.ClickKeyword.click(ClickKeyword.groovy:86)
	at com.kms.katalon.core.webui.keyword.builtin.ClickKeyword.execute(ClickKeyword.groovy:67)
	at com.kms.katalon.core.keyword.internal.KeywordExecutor.executeKeywordForPlatform(KeywordExecutor.groovy:56)
	at com.kms.katalon.core.webui.keyword.WebUiBuiltInKeywords.click(WebUiBuiltInKeywords.groovy:616)
	at com.kms.katalon.core.webui.keyword.WebUiBuiltInKeywords$click$2.call(Unknown Source)
	at Script1554274926099.run(Script1554274926099.groovy:26)
	... 13 more
"/>
         <system-out><![CDATA[2019-04-21 05:20:57 - [TEST_CASE][FAILED] - Test Cases/SMS/sms broadcast/TC11185: Test Cases/SMS/sms broadcast/TC11185 FAILED.
Reason:
com.kms.katalon.core.exception.StepFailedException: Unable to click on object 'Object Repository/Page_KiboEngage  Dashboard/span_Broadcasts'
	at com.kms.katalon.core.webui.keyword.internal.WebUIKeywordMain.stepFailed(WebUIKeywordMain.groovy:64)
	at com.kms.katalon.core.webui.keyword.internal.WebUIKeywordMain.runKeyword(WebUIKeywordMain.groovy:26)
	at com.kms.katalon.core.webui.keyword.builtin.ClickKeyword.click(ClickKeyword.groovy:86)
	at com.kms.katalon.core.webui.keyword.builtin.ClickKeyword.execute(ClickKeyword.groovy:67)
	at com.kms.katalon.core.keyword.internal.KeywordExecutor.executeKeywordForPlatform(KeywordExecutor.groovy:56)
	at com.kms.katalon.core.webui.keyword.WebUiBuiltInKeywords.click(WebUiBuiltInKeywords.groovy:616)
	at com.kms.katalon.core.webui.keyword.WebUiBuiltInKeywords$click$2.call(Unknown Source)
	at TC11185.run(TC11185:26)
	at com.kms.katalon.core.main.ScriptEngine.run(ScriptEngine.java:194)
	at com.kms.katalon.core.main.ScriptEngine.runScriptAsRawText(ScriptEngine.java:119)
	at com.kms.katalon.core.main.TestCaseExecutor.runScript(TestCaseExecutor.java:336)
	at com.kms.katalon.core.main.TestCaseExecutor.doExecute(TestCaseExecutor.java:327)
	at com.kms.katalon.core.main.TestCaseExecutor.processExecutionPhase(TestCaseExecutor.java:306)
	at com.kms.katalon.core.main.TestCaseExecutor.accessMainPhase(TestCaseExecutor.java:298)
	at com.kms.katalon.core.main.TestCaseExecutor.execute(TestCaseExecutor.java:232)
	at com.kms.katalon.core.main.TestSuiteExecutor.accessTestCaseMainPhase(TestSuiteExecutor.java:129)
	at com.kms.katalon.core.main.TestSuiteExecutor.accessTestSuiteMainPhase(TestSuiteExecutor.java:112)
	at com.kms.katalon.core.main.TestSuiteExecutor.execute(TestSuiteExecutor.java:81)
	at com.kms.katalon.core.main.TestCaseMain.startTestSuite(TestCaseMain.java:157)
	at com.kms.katalon.core.main.TestCaseMain$startTestSuite$0.call(Unknown Source)
	at TempTestSuite1555805827617.run(TempTestSuite1555805827617.groovy:35)
Caused by: org.openqa.selenium.ElementNotVisibleException: element not interactable
  (Session info: chrome=73.0.3683.103)
  (Driver info: chromedriver=73.0.3683.68 (47787ec04b6e38e22703e856e101e840b65afe72),platform=Linux 4.15.0-47-generic x86_64) (WARNING: The server did not provide any stacktrace information)
Command duration or timeout: 0 milliseconds
Build info: version: '3.7.1', revision: '8a0099a', time: '2017-11-06T21:07:36.161Z'
System info: host: 'faizan-HP-EliteBook-850-G2', ip: '127.0.1.1', os.name: 'Linux', os.arch: 'amd64', os.version: '4.15.0-47-generic', java.version: '1.8.0_191'
Driver info: com.kms.katalon.selenium.driver.CChromeDriver
Capabilities {acceptInsecureCerts: false, acceptSslCerts: false, applicationCacheEnabled: false, browserConnectionEnabled: false, browserName: chrome, chrome: {chromedriverVersion: 73.0.3683.68 (47787ec04b6e3..., userDataDir: /tmp/.com.google.Chrome.3MGpH3}, cssSelectorsEnabled: true, databaseEnabled: false, goog:chromeOptions: {debuggerAddress: localhost:40385}, handlesAlerts: true, hasTouchScreen: false, javascriptEnabled: true, locationContextEnabled: true, mobileEmulationEnabled: false, nativeEvents: true, networkConnectionEnabled: false, pageLoadStrategy: normal, platform: LINUX, platformName: LINUX, proxy: Proxy(direct), rotatable: false, setWindowRect: true, strictFileInteractability: false, takesHeapSnapshot: true, takesScreenshot: true, timeouts: {implicit: 0, pageLoad: 300000, script: 30000}, unexpectedAlertBehaviour: ignore, unhandledPromptBehavior: ignore, version: 73.0.3683.103, webStorageEnabled: true}
Session ID: f87268ee1c35c1ced596fe180b363839
	at org.openqa.selenium.remote.ErrorHandler.createThrowable(ErrorHandler.java:214)
	at org.openqa.selenium.remote.ErrorHandler.throwIfResponseFailed(ErrorHandler.java:166)
	at org.openqa.selenium.remote.http.JsonHttpResponseCodec.reconstructValue(JsonHttpResponseCodec.java:40)
	at org.openqa.selenium.remote.http.AbstractHttpResponseCodec.decode(AbstractHttpResponseCodec.java:80)
	at org.openqa.selenium.remote.http.AbstractHttpResponseCodec.decode(AbstractHttpResponseCodec.java:44)
	at org.openqa.selenium.remote.HttpCommandExecutor.execute(HttpCommandExecutor.java:164)
	at org.openqa.selenium.remote.service.DriverCommandExecutor.execute(DriverCommandExecutor.java:83)
	at org.openqa.selenium.remote.RemoteWebDriver.execute(RemoteWebDriver.java:600)
	at com.kms.katalon.selenium.driver.CChromeDriver.execute(CChromeDriver.java:20)
	at org.openqa.selenium.remote.RemoteWebElement.execute(RemoteWebElement.java:279)
	at org.openqa.selenium.remote.RemoteWebElement.click(RemoteWebElement.java:83)
	at com.kms.katalon.core.webui.keyword.builtin.ClickKeyword$_click_closure1.doCall(ClickKeyword.groovy:79)
	at com.kms.katalon.core.webui.keyword.builtin.ClickKeyword$_click_closure1.call(ClickKeyword.groovy)
	at com.kms.katalon.core.webui.keyword.internal.WebUIKeywordMain.runKeyword(WebUIKeywordMain.groovy:20)
	at com.kms.katalon.core.webui.keyword.builtin.ClickKeyword.click(ClickKeyword.groovy:86)
	at com.kms.katalon.core.webui.keyword.builtin.ClickKeyword.execute(ClickKeyword.groovy:67)
	at com.kms.katalon.core.keyword.internal.KeywordExecutor.executeKeywordForPlatform(KeywordExecutor.groovy:56)
	at com.kms.katalon.core.webui.keyword.WebUiBuiltInKeywords.click(WebUiBuiltInKeywords.groovy:616)
	at com.kms.katalon.core.webui.keyword.WebUiBuiltInKeywords$click$2.call(Unknown Source)
	at Script1554274926099.run(Script1554274926099.groovy:26)
	... 13 more


2019-04-21 05:20:57 - [TEST_STEP][PASSED] - callTestCase(findTestCase("SMS/SMSPlatform"), [:], STOP_ON_FAILURE): Call Test Case 'Test Cases/SMS/SMSPlatform' successfully

2019-04-21 05:20:58 - [TEST_CASE][PASSED] - Test Cases/SMS/SMSPlatform: Test Cases/SMS/SMSPlatform

2019-04-21 05:20:58 - [TEST_STEP][PASSED] - click(findTestObject("Page_KiboEngage  Dashboard/a_SMS (1)")): Object: 'Object Repository/Page_KiboEngage  Dashboard/a_SMS (1)' is clicked on

2019-04-21 05:20:58 - [MESSAGE][PASSED] - Object: 'Object Repository/Page_KiboEngage  Dashboard/a_SMS (1)' is clicked on

2019-04-21 05:20:58 - [TEST_STEP][PASSED] - click(findTestObject("Page_KiboEngage  Dashboard/span_SMS (1)")): Object: 'Object Repository/Page_KiboEngage  Dashboard/span_SMS (1)' is clicked on

2019-04-21 05:20:58 - [MESSAGE][PASSED] - Object: 'Object Repository/Page_KiboEngage  Dashboard/span_SMS (1)' is clicked on

2019-04-21 05:20:58 - [TEST_STEP][PASSED] - delay(1): Delayed 1 second(s)

2019-04-21 05:20:59 - [MESSAGE][PASSED] - Delayed 1 second(s)

2019-04-21 05:20:59 - [MESSAGE][PASSED] - Call Test Case 'Test Cases/SMS/SMSPlatform' successfully

2019-04-21 05:20:59 - [TEST_STEP][PASSED] - click(findTestObject("Page_KiboPush  Dashboard/span_Dashboard")): Object: 'Object Repository/Page_KiboPush  Dashboard/span_Dashboard' is clicked on

2019-04-21 05:20:59 - [MESSAGE][PASSED] - Object: 'Object Repository/Page_KiboPush  Dashboard/span_Dashboard' is clicked on

2019-04-21 05:20:59 - [TEST_STEP][PASSED] - delay(1): Delayed 1 second(s)

2019-04-21 05:21:00 - [MESSAGE][PASSED] - Delayed 1 second(s)

2019-04-21 05:21:00 - [TEST_STEP][PASSED] - click(findTestObject("Page_KiboEngage  Dashboard/span_Broadcasting (1)")): Object: 'Object Repository/Page_KiboEngage  Dashboard/span_Broadcasting (1)' is clicked on

2019-04-21 05:21:00 - [MESSAGE][PASSED] - Object: 'Object Repository/Page_KiboEngage  Dashboard/span_Broadcasting (1)' is clicked on

2019-04-21 05:21:00 - [TEST_STEP][PASSED] - delay(1): Delayed 1 second(s)

2019-04-21 05:21:01 - [MESSAGE][PASSED] - Delayed 1 second(s)

2019-04-21 05:21:01 - [TEST_STEP][FAILED] - click(findTestObject("Object Repository/Page_KiboEngage  Dashboard/span_Broadcasts")): Unable to click on object 'Object Repository/Page_KiboEngage  Dashboard/span_Broadcasts' (Root cause: com.kms.katalon.core.exception.StepFailedException: Unable to click on object 'Object Repository/Page_KiboEngage  Dashboard/span_Broadcasts'
	at com.kms.katalon.core.webui.keyword.internal.WebUIKeywordMain.stepFailed(WebUIKeywordMain.groovy:64)
	at com.kms.katalon.core.webui.keyword.internal.WebUIKeywordMain.runKeyword(WebUIKeywordMain.groovy:26)
	at com.kms.katalon.core.webui.keyword.builtin.ClickKeyword.click(ClickKeyword.groovy:86)
	at com.kms.katalon.core.webui.keyword.builtin.ClickKeyword.execute(ClickKeyword.groovy:67)
	at com.kms.katalon.core.keyword.internal.KeywordExecutor.executeKeywordForPlatform(KeywordExecutor.groovy:56)
	at com.kms.katalon.core.webui.keyword.WebUiBuiltInKeywords.click(WebUiBuiltInKeywords.groovy:616)
	at com.kms.katalon.core.webui.keyword.WebUiBuiltInKeywords$click$2.call(Unknown Source)
	at TC11185.run(TC11185:26)
	at com.kms.katalon.core.main.ScriptEngine.run(ScriptEngine.java:194)
	at com.kms.katalon.core.main.ScriptEngine.runScriptAsRawText(ScriptEngine.java:119)
	at com.kms.katalon.core.main.TestCaseExecutor.runScript(TestCaseExecutor.java:336)
	at com.kms.katalon.core.main.TestCaseExecutor.doExecute(TestCaseExecutor.java:327)
	at com.kms.katalon.core.main.TestCaseExecutor.processExecutionPhase(TestCaseExecutor.java:306)
	at com.kms.katalon.core.main.TestCaseExecutor.accessMainPhase(TestCaseExecutor.java:298)
	at com.kms.katalon.core.main.TestCaseExecutor.execute(TestCaseExecutor.java:232)
	at com.kms.katalon.core.main.TestSuiteExecutor.accessTestCaseMainPhase(TestSuiteExecutor.java:129)
	at com.kms.katalon.core.main.TestSuiteExecutor.accessTestSuiteMainPhase(TestSuiteExecutor.java:112)
	at com.kms.katalon.core.main.TestSuiteExecutor.execute(TestSuiteExecutor.java:81)
	at com.kms.katalon.core.main.TestCaseMain.startTestSuite(TestCaseMain.java:157)
	at com.kms.katalon.core.main.TestCaseMain$startTestSuite$0.call(Unknown Source)
	at TempTestSuite1555805827617.run(TempTestSuite1555805827617.groovy:35)
Caused by: org.openqa.selenium.ElementNotVisibleException: element not interactable
  (Session info: chrome=73.0.3683.103)
  (Driver info: chromedriver=73.0.3683.68 (47787ec04b6e38e22703e856e101e840b65afe72),platform=Linux 4.15.0-47-generic x86_64) (WARNING: The server did not provide any stacktrace information)
Command duration or timeout: 0 milliseconds
Build info: version: '3.7.1', revision: '8a0099a', time: '2017-11-06T21:07:36.161Z'
System info: host: 'faizan-HP-EliteBook-850-G2', ip: '127.0.1.1', os.name: 'Linux', os.arch: 'amd64', os.version: '4.15.0-47-generic', java.version: '1.8.0_191'
Driver info: com.kms.katalon.selenium.driver.CChromeDriver
Capabilities {acceptInsecureCerts: false, acceptSslCerts: false, applicationCacheEnabled: false, browserConnectionEnabled: false, browserName: chrome, chrome: {chromedriverVersion: 73.0.3683.68 (47787ec04b6e3..., userDataDir: /tmp/.com.google.Chrome.3MGpH3}, cssSelectorsEnabled: true, databaseEnabled: false, goog:chromeOptions: {debuggerAddress: localhost:40385}, handlesAlerts: true, hasTouchScreen: false, javascriptEnabled: true, locationContextEnabled: true, mobileEmulationEnabled: false, nativeEvents: true, networkConnectionEnabled: false, pageLoadStrategy: normal, platform: LINUX, platformName: LINUX, proxy: Proxy(direct), rotatable: false, setWindowRect: true, strictFileInteractability: false, takesHeapSnapshot: true, takesScreenshot: true, timeouts: {implicit: 0, pageLoad: 300000, script: 30000}, unexpectedAlertBehaviour: ignore, unhandledPromptBehavior: ignore, version: 73.0.3683.103, webStorageEnabled: true}
Session ID: f87268ee1c35c1ced596fe180b363839
	at org.openqa.selenium.remote.ErrorHandler.createThrowable(ErrorHandler.java:214)
	at org.openqa.selenium.remote.ErrorHandler.throwIfResponseFailed(ErrorHandler.java:166)
	at org.openqa.selenium.remote.http.JsonHttpResponseCodec.reconstructValue(JsonHttpResponseCodec.java:40)
	at org.openqa.selenium.remote.http.AbstractHttpResponseCodec.decode(AbstractHttpResponseCodec.java:80)
	at org.openqa.selenium.remote.http.AbstractHttpResponseCodec.decode(AbstractHttpResponseCodec.java:44)
	at org.openqa.selenium.remote.HttpCommandExecutor.execute(HttpCommandExecutor.java:164)
	at org.openqa.selenium.remote.service.DriverCommandExecutor.execute(DriverCommandExecutor.java:83)
	at org.openqa.selenium.remote.RemoteWebDriver.execute(RemoteWebDriver.java:600)
	at com.kms.katalon.selenium.driver.CChromeDriver.execute(CChromeDriver.java:20)
	at org.openqa.selenium.remote.RemoteWebElement.execute(RemoteWebElement.java:279)
	at org.openqa.selenium.remote.RemoteWebElement.click(RemoteWebElement.java:83)
	at com.kms.katalon.core.webui.keyword.builtin.ClickKeyword$_click_closure1.doCall(ClickKeyword.groovy:79)
	at com.kms.katalon.core.webui.keyword.builtin.ClickKeyword$_click_closure1.call(ClickKeyword.groovy)
	at com.kms.katalon.core.webui.keyword.internal.WebUIKeywordMain.runKeyword(WebUIKeywordMain.groovy:20)
	at com.kms.katalon.core.webui.keyword.builtin.ClickKeyword.click(ClickKeyword.groovy:86)
	at com.kms.katalon.core.webui.keyword.builtin.ClickKeyword.execute(ClickKeyword.groovy:67)
	at com.kms.katalon.core.keyword.internal.KeywordExecutor.executeKeywordForPlatform(KeywordExecutor.groovy:56)
	at com.kms.katalon.core.webui.keyword.WebUiBuiltInKeywords.click(WebUiBuiltInKeywords.groovy:616)
	at com.kms.katalon.core.webui.keyword.WebUiBuiltInKeywords$click$2.call(Unknown Source)
	at Script1554274926099.run(Script1554274926099.groovy:26)
	... 13 more
)

2019-04-21 05:21:02 - [MESSAGE][FAILED] - Unable to click on object 'Object Repository/Page_KiboEngage  Dashboard/span_Broadcasts' (Root cause: com.kms.katalon.core.exception.StepFailedException: Unable to click on object 'Object Repository/Page_KiboEngage  Dashboard/span_Broadcasts'
	at com.kms.katalon.core.webui.keyword.internal.WebUIKeywordMain.stepFailed(WebUIKeywordMain.groovy:64)
	at com.kms.katalon.core.webui.keyword.internal.WebUIKeywordMain.runKeyword(WebUIKeywordMain.groovy:26)
	at com.kms.katalon.core.webui.keyword.builtin.ClickKeyword.click(ClickKeyword.groovy:86)
	at com.kms.katalon.core.webui.keyword.builtin.ClickKeyword.execute(ClickKeyword.groovy:67)
	at com.kms.katalon.core.keyword.internal.KeywordExecutor.executeKeywordForPlatform(KeywordExecutor.groovy:56)
	at com.kms.katalon.core.webui.keyword.WebUiBuiltInKeywords.click(WebUiBuiltInKeywords.groovy:616)
	at com.kms.katalon.core.webui.keyword.WebUiBuiltInKeywords$click$2.call(Unknown Source)
	at TC11185.run(TC11185:26)
	at com.kms.katalon.core.main.ScriptEngine.run(ScriptEngine.java:194)
	at com.kms.katalon.core.main.ScriptEngine.runScriptAsRawText(ScriptEngine.java:119)
	at com.kms.katalon.core.main.TestCaseExecutor.runScript(TestCaseExecutor.java:336)
	at com.kms.katalon.core.main.TestCaseExecutor.doExecute(TestCaseExecutor.java:327)
	at com.kms.katalon.core.main.TestCaseExecutor.processExecutionPhase(TestCaseExecutor.java:306)
	at com.kms.katalon.core.main.TestCaseExecutor.accessMainPhase(TestCaseExecutor.java:298)
	at com.kms.katalon.core.main.TestCaseExecutor.execute(TestCaseExecutor.java:232)
	at com.kms.katalon.core.main.TestSuiteExecutor.accessTestCaseMainPhase(TestSuiteExecutor.java:129)
	at com.kms.katalon.core.main.TestSuiteExecutor.accessTestSuiteMainPhase(TestSuiteExecutor.java:112)
	at com.kms.katalon.core.main.TestSuiteExecutor.execute(TestSuiteExecutor.java:81)
	at com.kms.katalon.core.main.TestCaseMain.startTestSuite(TestCaseMain.java:157)
	at com.kms.katalon.core.main.TestCaseMain$startTestSuite$0.call(Unknown Source)
	at TempTestSuite1555805827617.run(TempTestSuite1555805827617.groovy:35)
Caused by: org.openqa.selenium.ElementNotVisibleException: element not interactable
  (Session info: chrome=73.0.3683.103)
  (Driver info: chromedriver=73.0.3683.68 (47787ec04b6e38e22703e856e101e840b65afe72),platform=Linux 4.15.0-47-generic x86_64) (WARNING: The server did not provide any stacktrace information)
Command duration or timeout: 0 milliseconds
Build info: version: '3.7.1', revision: '8a0099a', time: '2017-11-06T21:07:36.161Z'
System info: host: 'faizan-HP-EliteBook-850-G2', ip: '127.0.1.1', os.name: 'Linux', os.arch: 'amd64', os.version: '4.15.0-47-generic', java.version: '1.8.0_191'
Driver info: com.kms.katalon.selenium.driver.CChromeDriver
Capabilities {acceptInsecureCerts: false, acceptSslCerts: false, applicationCacheEnabled: false, browserConnectionEnabled: false, browserName: chrome, chrome: {chromedriverVersion: 73.0.3683.68 (47787ec04b6e3..., userDataDir: /tmp/.com.google.Chrome.3MGpH3}, cssSelectorsEnabled: true, databaseEnabled: false, goog:chromeOptions: {debuggerAddress: localhost:40385}, handlesAlerts: true, hasTouchScreen: false, javascriptEnabled: true, locationContextEnabled: true, mobileEmulationEnabled: false, nativeEvents: true, networkConnectionEnabled: false, pageLoadStrategy: normal, platform: LINUX, platformName: LINUX, proxy: Proxy(direct), rotatable: false, setWindowRect: true, strictFileInteractability: false, takesHeapSnapshot: true, takesScreenshot: true, timeouts: {implicit: 0, pageLoad: 300000, script: 30000}, unexpectedAlertBehaviour: ignore, unhandledPromptBehavior: ignore, version: 73.0.3683.103, webStorageEnabled: true}
Session ID: f87268ee1c35c1ced596fe180b363839
	at org.openqa.selenium.remote.ErrorHandler.createThrowable(ErrorHandler.java:214)
	at org.openqa.selenium.remote.ErrorHandler.throwIfResponseFailed(ErrorHandler.java:166)
	at org.openqa.selenium.remote.http.JsonHttpResponseCodec.reconstructValue(JsonHttpResponseCodec.java:40)
	at org.openqa.selenium.remote.http.AbstractHttpResponseCodec.decode(AbstractHttpResponseCodec.java:80)
	at org.openqa.selenium.remote.http.AbstractHttpResponseCodec.decode(AbstractHttpResponseCodec.java:44)
	at org.openqa.selenium.remote.HttpCommandExecutor.execute(HttpCommandExecutor.java:164)
	at org.openqa.selenium.remote.service.DriverCommandExecutor.execute(DriverCommandExecutor.java:83)
	at org.openqa.selenium.remote.RemoteWebDriver.execute(RemoteWebDriver.java:600)
	at com.kms.katalon.selenium.driver.CChromeDriver.execute(CChromeDriver.java:20)
	at org.openqa.selenium.remote.RemoteWebElement.execute(RemoteWebElement.java:279)
	at org.openqa.selenium.remote.RemoteWebElement.click(RemoteWebElement.java:83)
	at com.kms.katalon.core.webui.keyword.builtin.ClickKeyword$_click_closure1.doCall(ClickKeyword.groovy:79)
	at com.kms.katalon.core.webui.keyword.builtin.ClickKeyword$_click_closure1.call(ClickKeyword.groovy)
	at com.kms.katalon.core.webui.keyword.internal.WebUIKeywordMain.runKeyword(WebUIKeywordMain.groovy:20)
	at com.kms.katalon.core.webui.keyword.builtin.ClickKeyword.click(ClickKeyword.groovy:86)
	at com.kms.katalon.core.webui.keyword.builtin.ClickKeyword.execute(ClickKeyword.groovy:67)
	at com.kms.katalon.core.keyword.internal.KeywordExecutor.executeKeywordForPlatform(KeywordExecutor.groovy:56)
	at com.kms.katalon.core.webui.keyword.WebUiBuiltInKeywords.click(WebUiBuiltInKeywords.groovy:616)
	at com.kms.katalon.core.webui.keyword.WebUiBuiltInKeywords$click$2.call(Unknown Source)
	at Script1554274926099.run(Script1554274926099.groovy:26)
	... 13 more
)
[[ATTACHMENT|/home/faizan/Drive/KiboPush_Automated_Testing/KiboPush Katalon/Reports/Faizan Suits/SMS/20190421_051707/1555806061883.png]]]]></system-out>
         <system-err><![CDATA[2019-04-21 05:20:57 - [TEST_CASE][FAILED] - Test Cases/SMS/sms broadcast/TC11185: Test Cases/SMS/sms broadcast/TC11185 FAILED.
Reason:
com.kms.katalon.core.exception.StepFailedException: Unable to click on object 'Object Repository/Page_KiboEngage  Dashboard/span_Broadcasts'
	at com.kms.katalon.core.webui.keyword.internal.WebUIKeywordMain.stepFailed(WebUIKeywordMain.groovy:64)
	at com.kms.katalon.core.webui.keyword.internal.WebUIKeywordMain.runKeyword(WebUIKeywordMain.groovy:26)
	at com.kms.katalon.core.webui.keyword.builtin.ClickKeyword.click(ClickKeyword.groovy:86)
	at com.kms.katalon.core.webui.keyword.builtin.ClickKeyword.execute(ClickKeyword.groovy:67)
	at com.kms.katalon.core.keyword.internal.KeywordExecutor.executeKeywordForPlatform(KeywordExecutor.groovy:56)
	at com.kms.katalon.core.webui.keyword.WebUiBuiltInKeywords.click(WebUiBuiltInKeywords.groovy:616)
	at com.kms.katalon.core.webui.keyword.WebUiBuiltInKeywords$click$2.call(Unknown Source)
	at TC11185.run(TC11185:26)
	at com.kms.katalon.core.main.ScriptEngine.run(ScriptEngine.java:194)
	at com.kms.katalon.core.main.ScriptEngine.runScriptAsRawText(ScriptEngine.java:119)
	at com.kms.katalon.core.main.TestCaseExecutor.runScript(TestCaseExecutor.java:336)
	at com.kms.katalon.core.main.TestCaseExecutor.doExecute(TestCaseExecutor.java:327)
	at com.kms.katalon.core.main.TestCaseExecutor.processExecutionPhase(TestCaseExecutor.java:306)
	at com.kms.katalon.core.main.TestCaseExecutor.accessMainPhase(TestCaseExecutor.java:298)
	at com.kms.katalon.core.main.TestCaseExecutor.execute(TestCaseExecutor.java:232)
	at com.kms.katalon.core.main.TestSuiteExecutor.accessTestCaseMainPhase(TestSuiteExecutor.java:129)
	at com.kms.katalon.core.main.TestSuiteExecutor.accessTestSuiteMainPhase(TestSuiteExecutor.java:112)
	at com.kms.katalon.core.main.TestSuiteExecutor.execute(TestSuiteExecutor.java:81)
	at com.kms.katalon.core.main.TestCaseMain.startTestSuite(TestCaseMain.java:157)
	at com.kms.katalon.core.main.TestCaseMain$startTestSuite$0.call(Unknown Source)
	at TempTestSuite1555805827617.run(TempTestSuite1555805827617.groovy:35)
Caused by: org.openqa.selenium.ElementNotVisibleException: element not interactable
  (Session info: chrome=73.0.3683.103)
  (Driver info: chromedriver=73.0.3683.68 (47787ec04b6e38e22703e856e101e840b65afe72),platform=Linux 4.15.0-47-generic x86_64) (WARNING: The server did not provide any stacktrace information)
Command duration or timeout: 0 milliseconds
Build info: version: '3.7.1', revision: '8a0099a', time: '2017-11-06T21:07:36.161Z'
System info: host: 'faizan-HP-EliteBook-850-G2', ip: '127.0.1.1', os.name: 'Linux', os.arch: 'amd64', os.version: '4.15.0-47-generic', java.version: '1.8.0_191'
Driver info: com.kms.katalon.selenium.driver.CChromeDriver
Capabilities {acceptInsecureCerts: false, acceptSslCerts: false, applicationCacheEnabled: false, browserConnectionEnabled: false, browserName: chrome, chrome: {chromedriverVersion: 73.0.3683.68 (47787ec04b6e3..., userDataDir: /tmp/.com.google.Chrome.3MGpH3}, cssSelectorsEnabled: true, databaseEnabled: false, goog:chromeOptions: {debuggerAddress: localhost:40385}, handlesAlerts: true, hasTouchScreen: false, javascriptEnabled: true, locationContextEnabled: true, mobileEmulationEnabled: false, nativeEvents: true, networkConnectionEnabled: false, pageLoadStrategy: normal, platform: LINUX, platformName: LINUX, proxy: Proxy(direct), rotatable: false, setWindowRect: true, strictFileInteractability: false, takesHeapSnapshot: true, takesScreenshot: true, timeouts: {implicit: 0, pageLoad: 300000, script: 30000}, unexpectedAlertBehaviour: ignore, unhandledPromptBehavior: ignore, version: 73.0.3683.103, webStorageEnabled: true}
Session ID: f87268ee1c35c1ced596fe180b363839
	at org.openqa.selenium.remote.ErrorHandler.createThrowable(ErrorHandler.java:214)
	at org.openqa.selenium.remote.ErrorHandler.throwIfResponseFailed(ErrorHandler.java:166)
	at org.openqa.selenium.remote.http.JsonHttpResponseCodec.reconstructValue(JsonHttpResponseCodec.java:40)
	at org.openqa.selenium.remote.http.AbstractHttpResponseCodec.decode(AbstractHttpResponseCodec.java:80)
	at org.openqa.selenium.remote.http.AbstractHttpResponseCodec.decode(AbstractHttpResponseCodec.java:44)
	at org.openqa.selenium.remote.HttpCommandExecutor.execute(HttpCommandExecutor.java:164)
	at org.openqa.selenium.remote.service.DriverCommandExecutor.execute(DriverCommandExecutor.java:83)
	at org.openqa.selenium.remote.RemoteWebDriver.execute(RemoteWebDriver.java:600)
	at com.kms.katalon.selenium.driver.CChromeDriver.execute(CChromeDriver.java:20)
	at org.openqa.selenium.remote.RemoteWebElement.execute(RemoteWebElement.java:279)
	at org.openqa.selenium.remote.RemoteWebElement.click(RemoteWebElement.java:83)
	at com.kms.katalon.core.webui.keyword.builtin.ClickKeyword$_click_closure1.doCall(ClickKeyword.groovy:79)
	at com.kms.katalon.core.webui.keyword.builtin.ClickKeyword$_click_closure1.call(ClickKeyword.groovy)
	at com.kms.katalon.core.webui.keyword.internal.WebUIKeywordMain.runKeyword(WebUIKeywordMain.groovy:20)
	at com.kms.katalon.core.webui.keyword.builtin.ClickKeyword.click(ClickKeyword.groovy:86)
	at com.kms.katalon.core.webui.keyword.builtin.ClickKeyword.execute(ClickKeyword.groovy:67)
	at com.kms.katalon.core.keyword.internal.KeywordExecutor.executeKeywordForPlatform(KeywordExecutor.groovy:56)
	at com.kms.katalon.core.webui.keyword.WebUiBuiltInKeywords.click(WebUiBuiltInKeywords.groovy:616)
	at com.kms.katalon.core.webui.keyword.WebUiBuiltInKeywords$click$2.call(Unknown Source)
	at Script1554274926099.run(Script1554274926099.groovy:26)
	... 13 more]]></system-err>
      </testcase>
      <testcase name="Test Cases/SMS/sms broadcast/TC11186" classname="Test Cases/SMS/sms broadcast/TC11186" status="PASSED">
         <system-out><![CDATA[2019-04-21 05:21:02 - [TEST_CASE][PASSED] - Test Cases/SMS/sms broadcast/TC11186: Test Cases/SMS/sms broadcast/TC11186

2019-04-21 05:21:02 - [TEST_STEP][PASSED] - callTestCase(findTestCase("SMS/SMSPlatform"), [:], STOP_ON_FAILURE): Call Test Case 'Test Cases/SMS/SMSPlatform' successfully

2019-04-21 05:21:02 - [TEST_CASE][PASSED] - Test Cases/SMS/SMSPlatform: Test Cases/SMS/SMSPlatform

2019-04-21 05:21:02 - [TEST_STEP][PASSED] - click(findTestObject("Page_KiboEngage  Dashboard/a_SMS (1)")): Object: 'Object Repository/Page_KiboEngage  Dashboard/a_SMS (1)' is clicked on

2019-04-21 05:21:02 - [MESSAGE][PASSED] - Object: 'Object Repository/Page_KiboEngage  Dashboard/a_SMS (1)' is clicked on

2019-04-21 05:21:02 - [TEST_STEP][PASSED] - click(findTestObject("Page_KiboEngage  Dashboard/span_SMS (1)")): Object: 'Object Repository/Page_KiboEngage  Dashboard/span_SMS (1)' is clicked on

2019-04-21 05:21:02 - [MESSAGE][PASSED] - Object: 'Object Repository/Page_KiboEngage  Dashboard/span_SMS (1)' is clicked on

2019-04-21 05:21:02 - [TEST_STEP][PASSED] - delay(1): Delayed 1 second(s)

2019-04-21 05:21:03 - [MESSAGE][PASSED] - Delayed 1 second(s)

2019-04-21 05:21:03 - [MESSAGE][PASSED] - Call Test Case 'Test Cases/SMS/SMSPlatform' successfully

2019-04-21 05:21:03 - [TEST_STEP][PASSED] - click(findTestObject("Page_KiboPush  Dashboard/span_Dashboard")): Object: 'Object Repository/Page_KiboPush  Dashboard/span_Dashboard' is clicked on

2019-04-21 05:21:04 - [MESSAGE][PASSED] - Object: 'Object Repository/Page_KiboPush  Dashboard/span_Dashboard' is clicked on

2019-04-21 05:21:04 - [TEST_STEP][PASSED] - delay(1): Delayed 1 second(s)

2019-04-21 05:21:05 - [MESSAGE][PASSED] - Delayed 1 second(s)

2019-04-21 05:21:05 - [TEST_STEP][PASSED] - click(findTestObject("Page_KiboEngage  Dashboard/span_Broadcasting (1)")): Object: 'Object Repository/Page_KiboEngage  Dashboard/span_Broadcasting (1)' is clicked on

2019-04-21 05:21:05 - [MESSAGE][PASSED] - Object: 'Object Repository/Page_KiboEngage  Dashboard/span_Broadcasting (1)' is clicked on

2019-04-21 05:21:05 - [TEST_STEP][PASSED] - delay(1): Delayed 1 second(s)

2019-04-21 05:21:06 - [MESSAGE][PASSED] - Delayed 1 second(s)

2019-04-21 05:21:06 - [TEST_STEP][PASSED] - click(findTestObject("Object Repository/Page_KiboEngage  Dashboard/span_Broadcasts")): Object: 'Object Repository/Page_KiboEngage  Dashboard/span_Broadcasts' is clicked on

2019-04-21 05:21:06 - [MESSAGE][PASSED] - Object: 'Object Repository/Page_KiboEngage  Dashboard/span_Broadcasts' is clicked on

2019-04-21 05:21:06 - [TEST_STEP][PASSED] - delay(1): Delayed 1 second(s)

2019-04-21 05:21:07 - [MESSAGE][PASSED] - Delayed 1 second(s)

2019-04-21 05:21:07 - [TEST_STEP][PASSED] - click(findTestObject("Object Repository/Page_KiboEngage  Broadcasts/h3_Broadcasts (1) (1) (1) (1) (1) (1) (1) (1) (1) (1)")): Object: 'Object Repository/Page_KiboEngage  Broadcasts/h3_Broadcasts (1) (1) (1) (1) (1) (1) (1) (1) (1) (1)' is clicked on

2019-04-21 05:21:07 - [MESSAGE][PASSED] - Object: 'Object Repository/Page_KiboEngage  Broadcasts/h3_Broadcasts (1) (1) (1) (1) (1) (1) (1) (1) (1) (1)' is clicked on

2019-04-21 05:21:07 - [TEST_STEP][PASSED] - delay(1): Delayed 1 second(s)

2019-04-21 05:21:08 - [MESSAGE][PASSED] - Delayed 1 second(s)

2019-04-21 05:21:08 - [TEST_STEP][PASSED] - click(findTestObject("Object Repository/Page_KiboEngage  Broadcasts/span_Create New (1) (1) (1) (1) (1) (1) (1) (1) (1)")): Object: 'Object Repository/Page_KiboEngage  Broadcasts/span_Create New (1) (1) (1) (1) (1) (1) (1) (1) (1)' is clicked on

2019-04-21 05:21:08 - [MESSAGE][PASSED] - Object: 'Object Repository/Page_KiboEngage  Broadcasts/span_Create New (1) (1) (1) (1) (1) (1) (1) (1) (1)' is clicked on

2019-04-21 05:21:08 - [TEST_STEP][PASSED] - click(findTestObject("Object Repository/Page_KiboEngage  Broadcasts/button_Create New Broadcast (1) (1) (1) (1) (1) (1) (1) (1) (1)")): Object: 'Object Repository/Page_KiboEngage  Broadcasts/button_Create New Broadcast (1) (1) (1) (1) (1) (1) (1) (1) (1)' is clicked on

2019-04-21 05:21:09 - [MESSAGE][PASSED] - Object: 'Object Repository/Page_KiboEngage  Broadcasts/button_Create New Broadcast (1) (1) (1) (1) (1) (1) (1) (1) (1)' is clicked on

2019-04-21 05:21:09 - [TEST_STEP][PASSED] - delay(1): Delayed 1 second(s)

2019-04-21 05:21:10 - [MESSAGE][PASSED] - Delayed 1 second(s)

2019-04-21 05:21:10 - [TEST_STEP][PASSED] - setText(findTestObject("Object Repository/Page_KiboEngage  Broadcasts/input_Push Message_form-control m-input (1) (1) (1) (1) (1) (1) (1)"), "faizan"): Text 'faizan' is set on object 'Object Repository/Page_KiboEngage  Broadcasts/input_Push Message_form-control m-input (1) (1) (1) (1) (1) (1) (1)'

2019-04-21 05:21:10 - [MESSAGE][PASSED] - Text 'faizan' is set on object 'Object Repository/Page_KiboEngage  Broadcasts/input_Push Message_form-control m-input (1) (1) (1) (1) (1) (1) (1)'

2019-04-21 05:21:10 - [TEST_STEP][PASSED] - setText(findTestObject("Object Repository/Page_KiboEngage  Broadcasts/textarea_Automated testing (1) (1) (1)"), "Automated testing"): Text 'Automated testing' is set on object 'Object Repository/Page_KiboEngage  Broadcasts/textarea_Automated testing (1) (1) (1)'

2019-04-21 05:21:11 - [MESSAGE][PASSED] - Text 'Automated testing' is set on object 'Object Repository/Page_KiboEngage  Broadcasts/textarea_Automated testing (1) (1) (1)'

2019-04-21 05:21:11 - [TEST_STEP][PASSED] - selectOptionByValue(findTestObject("Object Repository/Page_KiboEngage  Broadcasts/select_Select Conditionnamenumber (2) (1) (1) (1)"), "number", true): All options with value 'number' are selected in object 'Object Repository/Page_KiboEngage  Broadcasts/select_Select Conditionnamenumber (2) (1) (1) (1)'  using regular expression

2019-04-21 05:21:11 - [MESSAGE][PASSED] - All options with value 'number' are selected in object 'Object Repository/Page_KiboEngage  Broadcasts/select_Select Conditionnamenumber (2) (1) (1) (1)'  using regular expression

2019-04-21 05:21:11 - [TEST_STEP][PASSED] - selectOptionByValue(findTestObject("Object Repository/Page_KiboEngage  Broadcasts/select_Select Criteriaiscontainsbegins with (2) (1) (1) (1)"), "is", true): All options with value 'is' are selected in object 'Object Repository/Page_KiboEngage  Broadcasts/select_Select Criteriaiscontainsbegins with (2) (1) (1) (1)'  using regular expression

2019-04-21 05:21:11 - [MESSAGE][PASSED] - All options with value 'is' are selected in object 'Object Repository/Page_KiboEngage  Broadcasts/select_Select Criteriaiscontainsbegins with (2) (1) (1) (1)'  using regular expression

2019-04-21 05:21:11 - [TEST_STEP][PASSED] - setText(findTestObject("Object Repository/Page_KiboEngage  Broadcasts/input_Value_text (2) (1) (1) (1)"), "+923333739566"): Text '+923333739566' is set on object 'Object Repository/Page_KiboEngage  Broadcasts/input_Value_text (2) (1) (1) (1)'

2019-04-21 05:21:12 - [MESSAGE][PASSED] - Text '+923333739566' is set on object 'Object Repository/Page_KiboEngage  Broadcasts/input_Value_text (2) (1) (1) (1)'

2019-04-21 05:21:12 - [TEST_STEP][PASSED] - click(findTestObject("Object Repository/Page_KiboEngage  Broadcasts/button_ Add Condition (1)")): Object: 'Object Repository/Page_KiboEngage  Broadcasts/button_ Add Condition (1)' is clicked on

2019-04-21 05:21:12 - [MESSAGE][PASSED] - Object: 'Object Repository/Page_KiboEngage  Broadcasts/button_ Add Condition (1)' is clicked on

2019-04-21 05:21:12 - [TEST_STEP][PASSED] - selectOptionByValue(findTestObject("Object Repository/Page_KiboEngage  Broadcasts/select_Select Conditionnamenumber (3) (1)"), "name", true): All options with value 'name' are selected in object 'Object Repository/Page_KiboEngage  Broadcasts/select_Select Conditionnamenumber (3) (1)'  using regular expression

2019-04-21 05:21:12 - [MESSAGE][PASSED] - All options with value 'name' are selected in object 'Object Repository/Page_KiboEngage  Broadcasts/select_Select Conditionnamenumber (3) (1)'  using regular expression

2019-04-21 05:21:12 - [TEST_STEP][PASSED] - selectOptionByValue(findTestObject("Object Repository/Page_KiboEngage  Broadcasts/select_Select Criteriaiscontainsbegins with (3) (1)"), "contains", true): All options with value 'contains' are selected in object 'Object Repository/Page_KiboEngage  Broadcasts/select_Select Criteriaiscontainsbegins with (3) (1)'  using regular expression

2019-04-21 05:21:12 - [MESSAGE][PASSED] - All options with value 'contains' are selected in object 'Object Repository/Page_KiboEngage  Broadcasts/select_Select Criteriaiscontainsbegins with (3) (1)'  using regular expression

2019-04-21 05:21:12 - [TEST_STEP][PASSED] - setText(findTestObject("Object Repository/Page_KiboEngage  Broadcasts/input_Remove_text (1)"), "Fa"): Text 'Fa' is set on object 'Object Repository/Page_KiboEngage  Broadcasts/input_Remove_text (1)'

2019-04-21 05:21:12 - [MESSAGE][PASSED] - Text 'Fa' is set on object 'Object Repository/Page_KiboEngage  Broadcasts/input_Remove_text (1)'

2019-04-21 05:21:12 - [TEST_STEP][PASSED] - click(findTestObject("Object Repository/Page_KiboEngage  Broadcasts/button_Remove")): Object: 'Object Repository/Page_KiboEngage  Broadcasts/button_Remove' is clicked on

2019-04-21 05:21:13 - [MESSAGE][PASSED] - Object: 'Object Repository/Page_KiboEngage  Broadcasts/button_Remove' is clicked on

2019-04-21 05:21:13 - [TEST_STEP][PASSED] - driver = getWebDriver(): null

2019-04-21 05:21:13 - [TEST_STEP][PASSED] - Table = driver.findElement(By.xpath("//*[@id="m-datatable--27866229129"]/tbody")): null

2019-04-21 05:21:13 - [TEST_STEP][PASSED] - rows_table = Table.findElements(By.tagName("tr")): null

2019-04-21 05:21:13 - [TEST_STEP][PASSED] - verifyEqual(rows_table.size(), 1): Actual object '1' and expected object '1' are equal

2019-04-21 05:21:13 - [MESSAGE][PASSED] - Actual object '1' and expected object '1' are equal]]></system-out>
         <system-err><![CDATA[]]></system-err>
      </testcase>
      <testcase name="Test Cases/SMS/sms broadcast/TC11187" classname="Test Cases/SMS/sms broadcast/TC11187" status="FAILED">
         <failure type="FAILED" message="Test Cases/SMS/sms broadcast/TC11187 FAILED.
Reason:
com.kms.katalon.core.exception.StepFailedException: Unable to click on object 'Object Repository/Page_KiboEngage  Dashboard/span_Broadcasts'
	at com.kms.katalon.core.webui.keyword.internal.WebUIKeywordMain.stepFailed(WebUIKeywordMain.groovy:64)
	at com.kms.katalon.core.webui.keyword.internal.WebUIKeywordMain.runKeyword(WebUIKeywordMain.groovy:26)
	at com.kms.katalon.core.webui.keyword.builtin.ClickKeyword.click(ClickKeyword.groovy:86)
	at com.kms.katalon.core.webui.keyword.builtin.ClickKeyword.execute(ClickKeyword.groovy:67)
	at com.kms.katalon.core.keyword.internal.KeywordExecutor.executeKeywordForPlatform(KeywordExecutor.groovy:56)
	at com.kms.katalon.core.webui.keyword.WebUiBuiltInKeywords.click(WebUiBuiltInKeywords.groovy:616)
	at com.kms.katalon.core.webui.keyword.WebUiBuiltInKeywords$click$2.call(Unknown Source)
	at TC11187.run(TC11187:30)
	at com.kms.katalon.core.main.ScriptEngine.run(ScriptEngine.java:194)
	at com.kms.katalon.core.main.ScriptEngine.runScriptAsRawText(ScriptEngine.java:119)
	at com.kms.katalon.core.main.TestCaseExecutor.runScript(TestCaseExecutor.java:336)
	at com.kms.katalon.core.main.TestCaseExecutor.doExecute(TestCaseExecutor.java:327)
	at com.kms.katalon.core.main.TestCaseExecutor.processExecutionPhase(TestCaseExecutor.java:306)
	at com.kms.katalon.core.main.TestCaseExecutor.accessMainPhase(TestCaseExecutor.java:298)
	at com.kms.katalon.core.main.TestCaseExecutor.execute(TestCaseExecutor.java:232)
	at com.kms.katalon.core.main.TestSuiteExecutor.accessTestCaseMainPhase(TestSuiteExecutor.java:129)
	at com.kms.katalon.core.main.TestSuiteExecutor.accessTestSuiteMainPhase(TestSuiteExecutor.java:112)
	at com.kms.katalon.core.main.TestSuiteExecutor.execute(TestSuiteExecutor.java:81)
	at com.kms.katalon.core.main.TestCaseMain.startTestSuite(TestCaseMain.java:157)
	at com.kms.katalon.core.main.TestCaseMain$startTestSuite$0.call(Unknown Source)
	at TempTestSuite1555805827617.run(TempTestSuite1555805827617.groovy:35)
Caused by: org.openqa.selenium.ElementNotVisibleException: element not interactable
  (Session info: chrome=73.0.3683.103)
  (Driver info: chromedriver=73.0.3683.68 (47787ec04b6e38e22703e856e101e840b65afe72),platform=Linux 4.15.0-47-generic x86_64) (WARNING: The server did not provide any stacktrace information)
Command duration or timeout: 0 milliseconds
Build info: version: '3.7.1', revision: '8a0099a', time: '2017-11-06T21:07:36.161Z'
System info: host: 'faizan-HP-EliteBook-850-G2', ip: '127.0.1.1', os.name: 'Linux', os.arch: 'amd64', os.version: '4.15.0-47-generic', java.version: '1.8.0_191'
Driver info: com.kms.katalon.selenium.driver.CChromeDriver
Capabilities {acceptInsecureCerts: false, acceptSslCerts: false, applicationCacheEnabled: false, browserConnectionEnabled: false, browserName: chrome, chrome: {chromedriverVersion: 73.0.3683.68 (47787ec04b6e3..., userDataDir: /tmp/.com.google.Chrome.3MGpH3}, cssSelectorsEnabled: true, databaseEnabled: false, goog:chromeOptions: {debuggerAddress: localhost:40385}, handlesAlerts: true, hasTouchScreen: false, javascriptEnabled: true, locationContextEnabled: true, mobileEmulationEnabled: false, nativeEvents: true, networkConnectionEnabled: false, pageLoadStrategy: normal, platform: LINUX, platformName: LINUX, proxy: Proxy(direct), rotatable: false, setWindowRect: true, strictFileInteractability: false, takesHeapSnapshot: true, takesScreenshot: true, timeouts: {implicit: 0, pageLoad: 300000, script: 30000}, unexpectedAlertBehaviour: ignore, unhandledPromptBehavior: ignore, version: 73.0.3683.103, webStorageEnabled: true}
Session ID: f87268ee1c35c1ced596fe180b363839
	at org.openqa.selenium.remote.ErrorHandler.createThrowable(ErrorHandler.java:214)
	at org.openqa.selenium.remote.ErrorHandler.throwIfResponseFailed(ErrorHandler.java:166)
	at org.openqa.selenium.remote.http.JsonHttpResponseCodec.reconstructValue(JsonHttpResponseCodec.java:40)
	at org.openqa.selenium.remote.http.AbstractHttpResponseCodec.decode(AbstractHttpResponseCodec.java:80)
	at org.openqa.selenium.remote.http.AbstractHttpResponseCodec.decode(AbstractHttpResponseCodec.java:44)
	at org.openqa.selenium.remote.HttpCommandExecutor.execute(HttpCommandExecutor.java:164)
	at org.openqa.selenium.remote.service.DriverCommandExecutor.execute(DriverCommandExecutor.java:83)
	at org.openqa.selenium.remote.RemoteWebDriver.execute(RemoteWebDriver.java:600)
	at com.kms.katalon.selenium.driver.CChromeDriver.execute(CChromeDriver.java:20)
	at org.openqa.selenium.remote.RemoteWebElement.execute(RemoteWebElement.java:279)
	at org.openqa.selenium.remote.RemoteWebElement.click(RemoteWebElement.java:83)
	at com.kms.katalon.core.webui.keyword.builtin.ClickKeyword$_click_closure1.doCall(ClickKeyword.groovy:79)
	at com.kms.katalon.core.webui.keyword.builtin.ClickKeyword$_click_closure1.call(ClickKeyword.groovy)
	at com.kms.katalon.core.webui.keyword.internal.WebUIKeywordMain.runKeyword(WebUIKeywordMain.groovy:20)
	at com.kms.katalon.core.webui.keyword.builtin.ClickKeyword.click(ClickKeyword.groovy:86)
	at com.kms.katalon.core.webui.keyword.builtin.ClickKeyword.execute(ClickKeyword.groovy:67)
	at com.kms.katalon.core.keyword.internal.KeywordExecutor.executeKeywordForPlatform(KeywordExecutor.groovy:56)
	at com.kms.katalon.core.webui.keyword.WebUiBuiltInKeywords.click(WebUiBuiltInKeywords.groovy:616)
	at com.kms.katalon.core.webui.keyword.WebUiBuiltInKeywords$click$2.call(Unknown Source)
	at Script1554276852907.run(Script1554276852907.groovy:30)
	... 13 more
"/>
         <system-out><![CDATA[2019-04-21 05:21:13 - [TEST_CASE][FAILED] - Test Cases/SMS/sms broadcast/TC11187: Test Cases/SMS/sms broadcast/TC11187 FAILED.
Reason:
com.kms.katalon.core.exception.StepFailedException: Unable to click on object 'Object Repository/Page_KiboEngage  Dashboard/span_Broadcasts'
	at com.kms.katalon.core.webui.keyword.internal.WebUIKeywordMain.stepFailed(WebUIKeywordMain.groovy:64)
	at com.kms.katalon.core.webui.keyword.internal.WebUIKeywordMain.runKeyword(WebUIKeywordMain.groovy:26)
	at com.kms.katalon.core.webui.keyword.builtin.ClickKeyword.click(ClickKeyword.groovy:86)
	at com.kms.katalon.core.webui.keyword.builtin.ClickKeyword.execute(ClickKeyword.groovy:67)
	at com.kms.katalon.core.keyword.internal.KeywordExecutor.executeKeywordForPlatform(KeywordExecutor.groovy:56)
	at com.kms.katalon.core.webui.keyword.WebUiBuiltInKeywords.click(WebUiBuiltInKeywords.groovy:616)
	at com.kms.katalon.core.webui.keyword.WebUiBuiltInKeywords$click$2.call(Unknown Source)
	at TC11187.run(TC11187:30)
	at com.kms.katalon.core.main.ScriptEngine.run(ScriptEngine.java:194)
	at com.kms.katalon.core.main.ScriptEngine.runScriptAsRawText(ScriptEngine.java:119)
	at com.kms.katalon.core.main.TestCaseExecutor.runScript(TestCaseExecutor.java:336)
	at com.kms.katalon.core.main.TestCaseExecutor.doExecute(TestCaseExecutor.java:327)
	at com.kms.katalon.core.main.TestCaseExecutor.processExecutionPhase(TestCaseExecutor.java:306)
	at com.kms.katalon.core.main.TestCaseExecutor.accessMainPhase(TestCaseExecutor.java:298)
	at com.kms.katalon.core.main.TestCaseExecutor.execute(TestCaseExecutor.java:232)
	at com.kms.katalon.core.main.TestSuiteExecutor.accessTestCaseMainPhase(TestSuiteExecutor.java:129)
	at com.kms.katalon.core.main.TestSuiteExecutor.accessTestSuiteMainPhase(TestSuiteExecutor.java:112)
	at com.kms.katalon.core.main.TestSuiteExecutor.execute(TestSuiteExecutor.java:81)
	at com.kms.katalon.core.main.TestCaseMain.startTestSuite(TestCaseMain.java:157)
	at com.kms.katalon.core.main.TestCaseMain$startTestSuite$0.call(Unknown Source)
	at TempTestSuite1555805827617.run(TempTestSuite1555805827617.groovy:35)
Caused by: org.openqa.selenium.ElementNotVisibleException: element not interactable
  (Session info: chrome=73.0.3683.103)
  (Driver info: chromedriver=73.0.3683.68 (47787ec04b6e38e22703e856e101e840b65afe72),platform=Linux 4.15.0-47-generic x86_64) (WARNING: The server did not provide any stacktrace information)
Command duration or timeout: 0 milliseconds
Build info: version: '3.7.1', revision: '8a0099a', time: '2017-11-06T21:07:36.161Z'
System info: host: 'faizan-HP-EliteBook-850-G2', ip: '127.0.1.1', os.name: 'Linux', os.arch: 'amd64', os.version: '4.15.0-47-generic', java.version: '1.8.0_191'
Driver info: com.kms.katalon.selenium.driver.CChromeDriver
Capabilities {acceptInsecureCerts: false, acceptSslCerts: false, applicationCacheEnabled: false, browserConnectionEnabled: false, browserName: chrome, chrome: {chromedriverVersion: 73.0.3683.68 (47787ec04b6e3..., userDataDir: /tmp/.com.google.Chrome.3MGpH3}, cssSelectorsEnabled: true, databaseEnabled: false, goog:chromeOptions: {debuggerAddress: localhost:40385}, handlesAlerts: true, hasTouchScreen: false, javascriptEnabled: true, locationContextEnabled: true, mobileEmulationEnabled: false, nativeEvents: true, networkConnectionEnabled: false, pageLoadStrategy: normal, platform: LINUX, platformName: LINUX, proxy: Proxy(direct), rotatable: false, setWindowRect: true, strictFileInteractability: false, takesHeapSnapshot: true, takesScreenshot: true, timeouts: {implicit: 0, pageLoad: 300000, script: 30000}, unexpectedAlertBehaviour: ignore, unhandledPromptBehavior: ignore, version: 73.0.3683.103, webStorageEnabled: true}
Session ID: f87268ee1c35c1ced596fe180b363839
	at org.openqa.selenium.remote.ErrorHandler.createThrowable(ErrorHandler.java:214)
	at org.openqa.selenium.remote.ErrorHandler.throwIfResponseFailed(ErrorHandler.java:166)
	at org.openqa.selenium.remote.http.JsonHttpResponseCodec.reconstructValue(JsonHttpResponseCodec.java:40)
	at org.openqa.selenium.remote.http.AbstractHttpResponseCodec.decode(AbstractHttpResponseCodec.java:80)
	at org.openqa.selenium.remote.http.AbstractHttpResponseCodec.decode(AbstractHttpResponseCodec.java:44)
	at org.openqa.selenium.remote.HttpCommandExecutor.execute(HttpCommandExecutor.java:164)
	at org.openqa.selenium.remote.service.DriverCommandExecutor.execute(DriverCommandExecutor.java:83)
	at org.openqa.selenium.remote.RemoteWebDriver.execute(RemoteWebDriver.java:600)
	at com.kms.katalon.selenium.driver.CChromeDriver.execute(CChromeDriver.java:20)
	at org.openqa.selenium.remote.RemoteWebElement.execute(RemoteWebElement.java:279)
	at org.openqa.selenium.remote.RemoteWebElement.click(RemoteWebElement.java:83)
	at com.kms.katalon.core.webui.keyword.builtin.ClickKeyword$_click_closure1.doCall(ClickKeyword.groovy:79)
	at com.kms.katalon.core.webui.keyword.builtin.ClickKeyword$_click_closure1.call(ClickKeyword.groovy)
	at com.kms.katalon.core.webui.keyword.internal.WebUIKeywordMain.runKeyword(WebUIKeywordMain.groovy:20)
	at com.kms.katalon.core.webui.keyword.builtin.ClickKeyword.click(ClickKeyword.groovy:86)
	at com.kms.katalon.core.webui.keyword.builtin.ClickKeyword.execute(ClickKeyword.groovy:67)
	at com.kms.katalon.core.keyword.internal.KeywordExecutor.executeKeywordForPlatform(KeywordExecutor.groovy:56)
	at com.kms.katalon.core.webui.keyword.WebUiBuiltInKeywords.click(WebUiBuiltInKeywords.groovy:616)
	at com.kms.katalon.core.webui.keyword.WebUiBuiltInKeywords$click$2.call(Unknown Source)
	at Script1554276852907.run(Script1554276852907.groovy:30)
	... 13 more


2019-04-21 05:21:13 - [TEST_STEP][PASSED] - callTestCase(findTestCase("SMS/SMSPlatform"), [:], STOP_ON_FAILURE): Call Test Case 'Test Cases/SMS/SMSPlatform' successfully

2019-04-21 05:21:13 - [TEST_CASE][PASSED] - Test Cases/SMS/SMSPlatform: Test Cases/SMS/SMSPlatform

2019-04-21 05:21:13 - [TEST_STEP][PASSED] - click(findTestObject("Page_KiboEngage  Dashboard/a_SMS (1)")): Object: 'Object Repository/Page_KiboEngage  Dashboard/a_SMS (1)' is clicked on

2019-04-21 05:21:13 - [MESSAGE][PASSED] - Object: 'Object Repository/Page_KiboEngage  Dashboard/a_SMS (1)' is clicked on

2019-04-21 05:21:13 - [TEST_STEP][PASSED] - click(findTestObject("Page_KiboEngage  Dashboard/span_SMS (1)")): Object: 'Object Repository/Page_KiboEngage  Dashboard/span_SMS (1)' is clicked on

2019-04-21 05:21:13 - [MESSAGE][PASSED] - Object: 'Object Repository/Page_KiboEngage  Dashboard/span_SMS (1)' is clicked on

2019-04-21 05:21:13 - [TEST_STEP][PASSED] - delay(1): Delayed 1 second(s)

2019-04-21 05:21:14 - [MESSAGE][PASSED] - Delayed 1 second(s)

2019-04-21 05:21:14 - [MESSAGE][PASSED] - Call Test Case 'Test Cases/SMS/SMSPlatform' successfully

2019-04-21 05:21:14 - [TEST_STEP][PASSED] - click(findTestObject("Page_KiboPush  Dashboard/span_Dashboard")): Object: 'Object Repository/Page_KiboPush  Dashboard/span_Dashboard' is clicked on

2019-04-21 05:21:14 - [MESSAGE][PASSED] - Object: 'Object Repository/Page_KiboPush  Dashboard/span_Dashboard' is clicked on

2019-04-21 05:21:14 - [TEST_STEP][PASSED] - delay(1): Delayed 1 second(s)

2019-04-21 05:21:15 - [MESSAGE][PASSED] - Delayed 1 second(s)

2019-04-21 05:21:15 - [TEST_STEP][PASSED] - click(findTestObject("Page_KiboEngage  Dashboard/span_Broadcasting (1)")): Object: 'Object Repository/Page_KiboEngage  Dashboard/span_Broadcasting (1)' is clicked on

2019-04-21 05:21:15 - [MESSAGE][PASSED] - Object: 'Object Repository/Page_KiboEngage  Dashboard/span_Broadcasting (1)' is clicked on

2019-04-21 05:21:15 - [TEST_STEP][PASSED] - delay(1): Delayed 1 second(s)

2019-04-21 05:21:16 - [MESSAGE][PASSED] - Delayed 1 second(s)

2019-04-21 05:21:16 - [TEST_STEP][FAILED] - click(findTestObject("Object Repository/Page_KiboEngage  Dashboard/span_Broadcasts")): Unable to click on object 'Object Repository/Page_KiboEngage  Dashboard/span_Broadcasts' (Root cause: com.kms.katalon.core.exception.StepFailedException: Unable to click on object 'Object Repository/Page_KiboEngage  Dashboard/span_Broadcasts'
	at com.kms.katalon.core.webui.keyword.internal.WebUIKeywordMain.stepFailed(WebUIKeywordMain.groovy:64)
	at com.kms.katalon.core.webui.keyword.internal.WebUIKeywordMain.runKeyword(WebUIKeywordMain.groovy:26)
	at com.kms.katalon.core.webui.keyword.builtin.ClickKeyword.click(ClickKeyword.groovy:86)
	at com.kms.katalon.core.webui.keyword.builtin.ClickKeyword.execute(ClickKeyword.groovy:67)
	at com.kms.katalon.core.keyword.internal.KeywordExecutor.executeKeywordForPlatform(KeywordExecutor.groovy:56)
	at com.kms.katalon.core.webui.keyword.WebUiBuiltInKeywords.click(WebUiBuiltInKeywords.groovy:616)
	at com.kms.katalon.core.webui.keyword.WebUiBuiltInKeywords$click$2.call(Unknown Source)
	at TC11187.run(TC11187:30)
	at com.kms.katalon.core.main.ScriptEngine.run(ScriptEngine.java:194)
	at com.kms.katalon.core.main.ScriptEngine.runScriptAsRawText(ScriptEngine.java:119)
	at com.kms.katalon.core.main.TestCaseExecutor.runScript(TestCaseExecutor.java:336)
	at com.kms.katalon.core.main.TestCaseExecutor.doExecute(TestCaseExecutor.java:327)
	at com.kms.katalon.core.main.TestCaseExecutor.processExecutionPhase(TestCaseExecutor.java:306)
	at com.kms.katalon.core.main.TestCaseExecutor.accessMainPhase(TestCaseExecutor.java:298)
	at com.kms.katalon.core.main.TestCaseExecutor.execute(TestCaseExecutor.java:232)
	at com.kms.katalon.core.main.TestSuiteExecutor.accessTestCaseMainPhase(TestSuiteExecutor.java:129)
	at com.kms.katalon.core.main.TestSuiteExecutor.accessTestSuiteMainPhase(TestSuiteExecutor.java:112)
	at com.kms.katalon.core.main.TestSuiteExecutor.execute(TestSuiteExecutor.java:81)
	at com.kms.katalon.core.main.TestCaseMain.startTestSuite(TestCaseMain.java:157)
	at com.kms.katalon.core.main.TestCaseMain$startTestSuite$0.call(Unknown Source)
	at TempTestSuite1555805827617.run(TempTestSuite1555805827617.groovy:35)
Caused by: org.openqa.selenium.ElementNotVisibleException: element not interactable
  (Session info: chrome=73.0.3683.103)
  (Driver info: chromedriver=73.0.3683.68 (47787ec04b6e38e22703e856e101e840b65afe72),platform=Linux 4.15.0-47-generic x86_64) (WARNING: The server did not provide any stacktrace information)
Command duration or timeout: 0 milliseconds
Build info: version: '3.7.1', revision: '8a0099a', time: '2017-11-06T21:07:36.161Z'
System info: host: 'faizan-HP-EliteBook-850-G2', ip: '127.0.1.1', os.name: 'Linux', os.arch: 'amd64', os.version: '4.15.0-47-generic', java.version: '1.8.0_191'
Driver info: com.kms.katalon.selenium.driver.CChromeDriver
Capabilities {acceptInsecureCerts: false, acceptSslCerts: false, applicationCacheEnabled: false, browserConnectionEnabled: false, browserName: chrome, chrome: {chromedriverVersion: 73.0.3683.68 (47787ec04b6e3..., userDataDir: /tmp/.com.google.Chrome.3MGpH3}, cssSelectorsEnabled: true, databaseEnabled: false, goog:chromeOptions: {debuggerAddress: localhost:40385}, handlesAlerts: true, hasTouchScreen: false, javascriptEnabled: true, locationContextEnabled: true, mobileEmulationEnabled: false, nativeEvents: true, networkConnectionEnabled: false, pageLoadStrategy: normal, platform: LINUX, platformName: LINUX, proxy: Proxy(direct), rotatable: false, setWindowRect: true, strictFileInteractability: false, takesHeapSnapshot: true, takesScreenshot: true, timeouts: {implicit: 0, pageLoad: 300000, script: 30000}, unexpectedAlertBehaviour: ignore, unhandledPromptBehavior: ignore, version: 73.0.3683.103, webStorageEnabled: true}
Session ID: f87268ee1c35c1ced596fe180b363839
	at org.openqa.selenium.remote.ErrorHandler.createThrowable(ErrorHandler.java:214)
	at org.openqa.selenium.remote.ErrorHandler.throwIfResponseFailed(ErrorHandler.java:166)
	at org.openqa.selenium.remote.http.JsonHttpResponseCodec.reconstructValue(JsonHttpResponseCodec.java:40)
	at org.openqa.selenium.remote.http.AbstractHttpResponseCodec.decode(AbstractHttpResponseCodec.java:80)
	at org.openqa.selenium.remote.http.AbstractHttpResponseCodec.decode(AbstractHttpResponseCodec.java:44)
	at org.openqa.selenium.remote.HttpCommandExecutor.execute(HttpCommandExecutor.java:164)
	at org.openqa.selenium.remote.service.DriverCommandExecutor.execute(DriverCommandExecutor.java:83)
	at org.openqa.selenium.remote.RemoteWebDriver.execute(RemoteWebDriver.java:600)
	at com.kms.katalon.selenium.driver.CChromeDriver.execute(CChromeDriver.java:20)
	at org.openqa.selenium.remote.RemoteWebElement.execute(RemoteWebElement.java:279)
	at org.openqa.selenium.remote.RemoteWebElement.click(RemoteWebElement.java:83)
	at com.kms.katalon.core.webui.keyword.builtin.ClickKeyword$_click_closure1.doCall(ClickKeyword.groovy:79)
	at com.kms.katalon.core.webui.keyword.builtin.ClickKeyword$_click_closure1.call(ClickKeyword.groovy)
	at com.kms.katalon.core.webui.keyword.internal.WebUIKeywordMain.runKeyword(WebUIKeywordMain.groovy:20)
	at com.kms.katalon.core.webui.keyword.builtin.ClickKeyword.click(ClickKeyword.groovy:86)
	at com.kms.katalon.core.webui.keyword.builtin.ClickKeyword.execute(ClickKeyword.groovy:67)
	at com.kms.katalon.core.keyword.internal.KeywordExecutor.executeKeywordForPlatform(KeywordExecutor.groovy:56)
	at com.kms.katalon.core.webui.keyword.WebUiBuiltInKeywords.click(WebUiBuiltInKeywords.groovy:616)
	at com.kms.katalon.core.webui.keyword.WebUiBuiltInKeywords$click$2.call(Unknown Source)
	at Script1554276852907.run(Script1554276852907.groovy:30)
	... 13 more
)

2019-04-21 05:21:17 - [MESSAGE][FAILED] - Unable to click on object 'Object Repository/Page_KiboEngage  Dashboard/span_Broadcasts' (Root cause: com.kms.katalon.core.exception.StepFailedException: Unable to click on object 'Object Repository/Page_KiboEngage  Dashboard/span_Broadcasts'
	at com.kms.katalon.core.webui.keyword.internal.WebUIKeywordMain.stepFailed(WebUIKeywordMain.groovy:64)
	at com.kms.katalon.core.webui.keyword.internal.WebUIKeywordMain.runKeyword(WebUIKeywordMain.groovy:26)
	at com.kms.katalon.core.webui.keyword.builtin.ClickKeyword.click(ClickKeyword.groovy:86)
	at com.kms.katalon.core.webui.keyword.builtin.ClickKeyword.execute(ClickKeyword.groovy:67)
	at com.kms.katalon.core.keyword.internal.KeywordExecutor.executeKeywordForPlatform(KeywordExecutor.groovy:56)
	at com.kms.katalon.core.webui.keyword.WebUiBuiltInKeywords.click(WebUiBuiltInKeywords.groovy:616)
	at com.kms.katalon.core.webui.keyword.WebUiBuiltInKeywords$click$2.call(Unknown Source)
	at TC11187.run(TC11187:30)
	at com.kms.katalon.core.main.ScriptEngine.run(ScriptEngine.java:194)
	at com.kms.katalon.core.main.ScriptEngine.runScriptAsRawText(ScriptEngine.java:119)
	at com.kms.katalon.core.main.TestCaseExecutor.runScript(TestCaseExecutor.java:336)
	at com.kms.katalon.core.main.TestCaseExecutor.doExecute(TestCaseExecutor.java:327)
	at com.kms.katalon.core.main.TestCaseExecutor.processExecutionPhase(TestCaseExecutor.java:306)
	at com.kms.katalon.core.main.TestCaseExecutor.accessMainPhase(TestCaseExecutor.java:298)
	at com.kms.katalon.core.main.TestCaseExecutor.execute(TestCaseExecutor.java:232)
	at com.kms.katalon.core.main.TestSuiteExecutor.accessTestCaseMainPhase(TestSuiteExecutor.java:129)
	at com.kms.katalon.core.main.TestSuiteExecutor.accessTestSuiteMainPhase(TestSuiteExecutor.java:112)
	at com.kms.katalon.core.main.TestSuiteExecutor.execute(TestSuiteExecutor.java:81)
	at com.kms.katalon.core.main.TestCaseMain.startTestSuite(TestCaseMain.java:157)
	at com.kms.katalon.core.main.TestCaseMain$startTestSuite$0.call(Unknown Source)
	at TempTestSuite1555805827617.run(TempTestSuite1555805827617.groovy:35)
Caused by: org.openqa.selenium.ElementNotVisibleException: element not interactable
  (Session info: chrome=73.0.3683.103)
  (Driver info: chromedriver=73.0.3683.68 (47787ec04b6e38e22703e856e101e840b65afe72),platform=Linux 4.15.0-47-generic x86_64) (WARNING: The server did not provide any stacktrace information)
Command duration or timeout: 0 milliseconds
Build info: version: '3.7.1', revision: '8a0099a', time: '2017-11-06T21:07:36.161Z'
System info: host: 'faizan-HP-EliteBook-850-G2', ip: '127.0.1.1', os.name: 'Linux', os.arch: 'amd64', os.version: '4.15.0-47-generic', java.version: '1.8.0_191'
Driver info: com.kms.katalon.selenium.driver.CChromeDriver
Capabilities {acceptInsecureCerts: false, acceptSslCerts: false, applicationCacheEnabled: false, browserConnectionEnabled: false, browserName: chrome, chrome: {chromedriverVersion: 73.0.3683.68 (47787ec04b6e3..., userDataDir: /tmp/.com.google.Chrome.3MGpH3}, cssSelectorsEnabled: true, databaseEnabled: false, goog:chromeOptions: {debuggerAddress: localhost:40385}, handlesAlerts: true, hasTouchScreen: false, javascriptEnabled: true, locationContextEnabled: true, mobileEmulationEnabled: false, nativeEvents: true, networkConnectionEnabled: false, pageLoadStrategy: normal, platform: LINUX, platformName: LINUX, proxy: Proxy(direct), rotatable: false, setWindowRect: true, strictFileInteractability: false, takesHeapSnapshot: true, takesScreenshot: true, timeouts: {implicit: 0, pageLoad: 300000, script: 30000}, unexpectedAlertBehaviour: ignore, unhandledPromptBehavior: ignore, version: 73.0.3683.103, webStorageEnabled: true}
Session ID: f87268ee1c35c1ced596fe180b363839
	at org.openqa.selenium.remote.ErrorHandler.createThrowable(ErrorHandler.java:214)
	at org.openqa.selenium.remote.ErrorHandler.throwIfResponseFailed(ErrorHandler.java:166)
	at org.openqa.selenium.remote.http.JsonHttpResponseCodec.reconstructValue(JsonHttpResponseCodec.java:40)
	at org.openqa.selenium.remote.http.AbstractHttpResponseCodec.decode(AbstractHttpResponseCodec.java:80)
	at org.openqa.selenium.remote.http.AbstractHttpResponseCodec.decode(AbstractHttpResponseCodec.java:44)
	at org.openqa.selenium.remote.HttpCommandExecutor.execute(HttpCommandExecutor.java:164)
	at org.openqa.selenium.remote.service.DriverCommandExecutor.execute(DriverCommandExecutor.java:83)
	at org.openqa.selenium.remote.RemoteWebDriver.execute(RemoteWebDriver.java:600)
	at com.kms.katalon.selenium.driver.CChromeDriver.execute(CChromeDriver.java:20)
	at org.openqa.selenium.remote.RemoteWebElement.execute(RemoteWebElement.java:279)
	at org.openqa.selenium.remote.RemoteWebElement.click(RemoteWebElement.java:83)
	at com.kms.katalon.core.webui.keyword.builtin.ClickKeyword$_click_closure1.doCall(ClickKeyword.groovy:79)
	at com.kms.katalon.core.webui.keyword.builtin.ClickKeyword$_click_closure1.call(ClickKeyword.groovy)
	at com.kms.katalon.core.webui.keyword.internal.WebUIKeywordMain.runKeyword(WebUIKeywordMain.groovy:20)
	at com.kms.katalon.core.webui.keyword.builtin.ClickKeyword.click(ClickKeyword.groovy:86)
	at com.kms.katalon.core.webui.keyword.builtin.ClickKeyword.execute(ClickKeyword.groovy:67)
	at com.kms.katalon.core.keyword.internal.KeywordExecutor.executeKeywordForPlatform(KeywordExecutor.groovy:56)
	at com.kms.katalon.core.webui.keyword.WebUiBuiltInKeywords.click(WebUiBuiltInKeywords.groovy:616)
	at com.kms.katalon.core.webui.keyword.WebUiBuiltInKeywords$click$2.call(Unknown Source)
	at Script1554276852907.run(Script1554276852907.groovy:30)
	... 13 more
)
[[ATTACHMENT|/home/faizan/Drive/KiboPush_Automated_Testing/KiboPush Katalon/Reports/Faizan Suits/SMS/20190421_051707/1555806077043.png]]]]></system-out>
         <system-err><![CDATA[2019-04-21 05:21:13 - [TEST_CASE][FAILED] - Test Cases/SMS/sms broadcast/TC11187: Test Cases/SMS/sms broadcast/TC11187 FAILED.
Reason:
com.kms.katalon.core.exception.StepFailedException: Unable to click on object 'Object Repository/Page_KiboEngage  Dashboard/span_Broadcasts'
	at com.kms.katalon.core.webui.keyword.internal.WebUIKeywordMain.stepFailed(WebUIKeywordMain.groovy:64)
	at com.kms.katalon.core.webui.keyword.internal.WebUIKeywordMain.runKeyword(WebUIKeywordMain.groovy:26)
	at com.kms.katalon.core.webui.keyword.builtin.ClickKeyword.click(ClickKeyword.groovy:86)
	at com.kms.katalon.core.webui.keyword.builtin.ClickKeyword.execute(ClickKeyword.groovy:67)
	at com.kms.katalon.core.keyword.internal.KeywordExecutor.executeKeywordForPlatform(KeywordExecutor.groovy:56)
	at com.kms.katalon.core.webui.keyword.WebUiBuiltInKeywords.click(WebUiBuiltInKeywords.groovy:616)
	at com.kms.katalon.core.webui.keyword.WebUiBuiltInKeywords$click$2.call(Unknown Source)
	at TC11187.run(TC11187:30)
	at com.kms.katalon.core.main.ScriptEngine.run(ScriptEngine.java:194)
	at com.kms.katalon.core.main.ScriptEngine.runScriptAsRawText(ScriptEngine.java:119)
	at com.kms.katalon.core.main.TestCaseExecutor.runScript(TestCaseExecutor.java:336)
	at com.kms.katalon.core.main.TestCaseExecutor.doExecute(TestCaseExecutor.java:327)
	at com.kms.katalon.core.main.TestCaseExecutor.processExecutionPhase(TestCaseExecutor.java:306)
	at com.kms.katalon.core.main.TestCaseExecutor.accessMainPhase(TestCaseExecutor.java:298)
	at com.kms.katalon.core.main.TestCaseExecutor.execute(TestCaseExecutor.java:232)
	at com.kms.katalon.core.main.TestSuiteExecutor.accessTestCaseMainPhase(TestSuiteExecutor.java:129)
	at com.kms.katalon.core.main.TestSuiteExecutor.accessTestSuiteMainPhase(TestSuiteExecutor.java:112)
	at com.kms.katalon.core.main.TestSuiteExecutor.execute(TestSuiteExecutor.java:81)
	at com.kms.katalon.core.main.TestCaseMain.startTestSuite(TestCaseMain.java:157)
	at com.kms.katalon.core.main.TestCaseMain$startTestSuite$0.call(Unknown Source)
	at TempTestSuite1555805827617.run(TempTestSuite1555805827617.groovy:35)
Caused by: org.openqa.selenium.ElementNotVisibleException: element not interactable
  (Session info: chrome=73.0.3683.103)
  (Driver info: chromedriver=73.0.3683.68 (47787ec04b6e38e22703e856e101e840b65afe72),platform=Linux 4.15.0-47-generic x86_64) (WARNING: The server did not provide any stacktrace information)
Command duration or timeout: 0 milliseconds
Build info: version: '3.7.1', revision: '8a0099a', time: '2017-11-06T21:07:36.161Z'
System info: host: 'faizan-HP-EliteBook-850-G2', ip: '127.0.1.1', os.name: 'Linux', os.arch: 'amd64', os.version: '4.15.0-47-generic', java.version: '1.8.0_191'
Driver info: com.kms.katalon.selenium.driver.CChromeDriver
Capabilities {acceptInsecureCerts: false, acceptSslCerts: false, applicationCacheEnabled: false, browserConnectionEnabled: false, browserName: chrome, chrome: {chromedriverVersion: 73.0.3683.68 (47787ec04b6e3..., userDataDir: /tmp/.com.google.Chrome.3MGpH3}, cssSelectorsEnabled: true, databaseEnabled: false, goog:chromeOptions: {debuggerAddress: localhost:40385}, handlesAlerts: true, hasTouchScreen: false, javascriptEnabled: true, locationContextEnabled: true, mobileEmulationEnabled: false, nativeEvents: true, networkConnectionEnabled: false, pageLoadStrategy: normal, platform: LINUX, platformName: LINUX, proxy: Proxy(direct), rotatable: false, setWindowRect: true, strictFileInteractability: false, takesHeapSnapshot: true, takesScreenshot: true, timeouts: {implicit: 0, pageLoad: 300000, script: 30000}, unexpectedAlertBehaviour: ignore, unhandledPromptBehavior: ignore, version: 73.0.3683.103, webStorageEnabled: true}
Session ID: f87268ee1c35c1ced596fe180b363839
	at org.openqa.selenium.remote.ErrorHandler.createThrowable(ErrorHandler.java:214)
	at org.openqa.selenium.remote.ErrorHandler.throwIfResponseFailed(ErrorHandler.java:166)
	at org.openqa.selenium.remote.http.JsonHttpResponseCodec.reconstructValue(JsonHttpResponseCodec.java:40)
	at org.openqa.selenium.remote.http.AbstractHttpResponseCodec.decode(AbstractHttpResponseCodec.java:80)
	at org.openqa.selenium.remote.http.AbstractHttpResponseCodec.decode(AbstractHttpResponseCodec.java:44)
	at org.openqa.selenium.remote.HttpCommandExecutor.execute(HttpCommandExecutor.java:164)
	at org.openqa.selenium.remote.service.DriverCommandExecutor.execute(DriverCommandExecutor.java:83)
	at org.openqa.selenium.remote.RemoteWebDriver.execute(RemoteWebDriver.java:600)
	at com.kms.katalon.selenium.driver.CChromeDriver.execute(CChromeDriver.java:20)
	at org.openqa.selenium.remote.RemoteWebElement.execute(RemoteWebElement.java:279)
	at org.openqa.selenium.remote.RemoteWebElement.click(RemoteWebElement.java:83)
	at com.kms.katalon.core.webui.keyword.builtin.ClickKeyword$_click_closure1.doCall(ClickKeyword.groovy:79)
	at com.kms.katalon.core.webui.keyword.builtin.ClickKeyword$_click_closure1.call(ClickKeyword.groovy)
	at com.kms.katalon.core.webui.keyword.internal.WebUIKeywordMain.runKeyword(WebUIKeywordMain.groovy:20)
	at com.kms.katalon.core.webui.keyword.builtin.ClickKeyword.click(ClickKeyword.groovy:86)
	at com.kms.katalon.core.webui.keyword.builtin.ClickKeyword.execute(ClickKeyword.groovy:67)
	at com.kms.katalon.core.keyword.internal.KeywordExecutor.executeKeywordForPlatform(KeywordExecutor.groovy:56)
	at com.kms.katalon.core.webui.keyword.WebUiBuiltInKeywords.click(WebUiBuiltInKeywords.groovy:616)
	at com.kms.katalon.core.webui.keyword.WebUiBuiltInKeywords$click$2.call(Unknown Source)
	at Script1554276852907.run(Script1554276852907.groovy:30)
	... 13 more]]></system-err>
      </testcase>
      <system-out><![CDATA[2019-04-21 05:17:15 - [TEST_SUITE][FAILED] - SMS: Test Cases/SMS/sms broadcast/TC11172 FAILED.
Reason:
com.kms.katalon.core.exception.StepFailedException: Unable to click on object 'Object Repository/Page_KiboEngage  Dashboard/span_Broadcasts'
	at com.kms.katalon.core.webui.keyword.internal.WebUIKeywordMain.stepFailed(WebUIKeywordMain.groovy:64)
	at com.kms.katalon.core.webui.keyword.internal.WebUIKeywordMain.runKeyword(WebUIKeywordMain.groovy:26)
	at com.kms.katalon.core.webui.keyword.builtin.ClickKeyword.click(ClickKeyword.groovy:86)
	at com.kms.katalon.core.webui.keyword.builtin.ClickKeyword.execute(ClickKeyword.groovy:67)
	at com.kms.katalon.core.keyword.internal.KeywordExecutor.executeKeywordForPlatform(KeywordExecutor.groovy:56)
	at com.kms.katalon.core.webui.keyword.WebUiBuiltInKeywords.click(WebUiBuiltInKeywords.groovy:616)
	at com.kms.katalon.core.webui.keyword.WebUiBuiltInKeywords$click$2.call(Unknown Source)
	at TC11172.run(TC11172:30)
	at com.kms.katalon.core.main.ScriptEngine.run(ScriptEngine.java:194)
	at com.kms.katalon.core.main.ScriptEngine.runScriptAsRawText(ScriptEngine.java:119)
	at com.kms.katalon.core.main.TestCaseExecutor.runScript(TestCaseExecutor.java:336)
	at com.kms.katalon.core.main.TestCaseExecutor.doExecute(TestCaseExecutor.java:327)
	at com.kms.katalon.core.main.TestCaseExecutor.processExecutionPhase(TestCaseExecutor.java:306)
	at com.kms.katalon.core.main.TestCaseExecutor.accessMainPhase(TestCaseExecutor.java:298)
	at com.kms.katalon.core.main.TestCaseExecutor.execute(TestCaseExecutor.java:232)
	at com.kms.katalon.core.main.TestSuiteExecutor.accessTestCaseMainPhase(TestSuiteExecutor.java:129)
	at com.kms.katalon.core.main.TestSuiteExecutor.accessTestSuiteMainPhase(TestSuiteExecutor.java:112)
	at com.kms.katalon.core.main.TestSuiteExecutor.execute(TestSuiteExecutor.java:81)
	at com.kms.katalon.core.main.TestCaseMain.startTestSuite(TestCaseMain.java:157)
	at com.kms.katalon.core.main.TestCaseMain$startTestSuite$0.call(Unknown Source)
	at TempTestSuite1555805827617.run(TempTestSuite1555805827617.groovy:35)
Caused by: org.openqa.selenium.ElementNotVisibleException: element not interactable
  (Session info: chrome=73.0.3683.103)
  (Driver info: chromedriver=73.0.3683.68 (47787ec04b6e38e22703e856e101e840b65afe72),platform=Linux 4.15.0-47-generic x86_64) (WARNING: The server did not provide any stacktrace information)
Command duration or timeout: 0 milliseconds
Build info: version: '3.7.1', revision: '8a0099a', time: '2017-11-06T21:07:36.161Z'
System info: host: 'faizan-HP-EliteBook-850-G2', ip: '127.0.1.1', os.name: 'Linux', os.arch: 'amd64', os.version: '4.15.0-47-generic', java.version: '1.8.0_191'
Driver info: com.kms.katalon.selenium.driver.CChromeDriver
Capabilities {acceptInsecureCerts: false, acceptSslCerts: false, applicationCacheEnabled: false, browserConnectionEnabled: false, browserName: chrome, chrome: {chromedriverVersion: 73.0.3683.68 (47787ec04b6e3..., userDataDir: /tmp/.com.google.Chrome.3MGpH3}, cssSelectorsEnabled: true, databaseEnabled: false, goog:chromeOptions: {debuggerAddress: localhost:40385}, handlesAlerts: true, hasTouchScreen: false, javascriptEnabled: true, locationContextEnabled: true, mobileEmulationEnabled: false, nativeEvents: true, networkConnectionEnabled: false, pageLoadStrategy: normal, platform: LINUX, platformName: LINUX, proxy: Proxy(direct), rotatable: false, setWindowRect: true, strictFileInteractability: false, takesHeapSnapshot: true, takesScreenshot: true, timeouts: {implicit: 0, pageLoad: 300000, script: 30000}, unexpectedAlertBehaviour: ignore, unhandledPromptBehavior: ignore, version: 73.0.3683.103, webStorageEnabled: true}
Session ID: f87268ee1c35c1ced596fe180b363839
	at org.openqa.selenium.remote.ErrorHandler.createThrowable(ErrorHandler.java:214)
	at org.openqa.selenium.remote.ErrorHandler.throwIfResponseFailed(ErrorHandler.java:166)
	at org.openqa.selenium.remote.http.JsonHttpResponseCodec.reconstructValue(JsonHttpResponseCodec.java:40)
	at org.openqa.selenium.remote.http.AbstractHttpResponseCodec.decode(AbstractHttpResponseCodec.java:80)
	at org.openqa.selenium.remote.http.AbstractHttpResponseCodec.decode(AbstractHttpResponseCodec.java:44)
	at org.openqa.selenium.remote.HttpCommandExecutor.execute(HttpCommandExecutor.java:164)
	at org.openqa.selenium.remote.service.DriverCommandExecutor.execute(DriverCommandExecutor.java:83)
	at org.openqa.selenium.remote.RemoteWebDriver.execute(RemoteWebDriver.java:600)
	at com.kms.katalon.selenium.driver.CChromeDriver.execute(CChromeDriver.java:20)
	at org.openqa.selenium.remote.RemoteWebElement.execute(RemoteWebElement.java:279)
	at org.openqa.selenium.remote.RemoteWebElement.click(RemoteWebElement.java:83)
	at com.kms.katalon.core.webui.keyword.builtin.ClickKeyword$_click_closure1.doCall(ClickKeyword.groovy:79)
	at com.kms.katalon.core.webui.keyword.builtin.ClickKeyword$_click_closure1.call(ClickKeyword.groovy)
	at com.kms.katalon.core.webui.keyword.internal.WebUIKeywordMain.runKeyword(WebUIKeywordMain.groovy:20)
	at com.kms.katalon.core.webui.keyword.builtin.ClickKeyword.click(ClickKeyword.groovy:86)
	at com.kms.katalon.core.webui.keyword.builtin.ClickKeyword.execute(ClickKeyword.groovy:67)
	at com.kms.katalon.core.keyword.internal.KeywordExecutor.executeKeywordForPlatform(KeywordExecutor.groovy:56)
	at com.kms.katalon.core.webui.keyword.WebUiBuiltInKeywords.click(WebUiBuiltInKeywords.groovy:616)
	at com.kms.katalon.core.webui.keyword.WebUiBuiltInKeywords$click$2.call(Unknown Source)
	at Script1554207645034.run(Script1554207645034.groovy:30)
	... 13 more]]></system-out>
      <system-err><![CDATA[2019-04-21 05:17:15 - [TEST_SUITE][FAILED] - SMS: Test Cases/SMS/sms broadcast/TC11172 FAILED.
Reason:
com.kms.katalon.core.exception.StepFailedException: Unable to click on object 'Object Repository/Page_KiboEngage  Dashboard/span_Broadcasts'
	at com.kms.katalon.core.webui.keyword.internal.WebUIKeywordMain.stepFailed(WebUIKeywordMain.groovy:64)
	at com.kms.katalon.core.webui.keyword.internal.WebUIKeywordMain.runKeyword(WebUIKeywordMain.groovy:26)
	at com.kms.katalon.core.webui.keyword.builtin.ClickKeyword.click(ClickKeyword.groovy:86)
	at com.kms.katalon.core.webui.keyword.builtin.ClickKeyword.execute(ClickKeyword.groovy:67)
	at com.kms.katalon.core.keyword.internal.KeywordExecutor.executeKeywordForPlatform(KeywordExecutor.groovy:56)
	at com.kms.katalon.core.webui.keyword.WebUiBuiltInKeywords.click(WebUiBuiltInKeywords.groovy:616)
	at com.kms.katalon.core.webui.keyword.WebUiBuiltInKeywords$click$2.call(Unknown Source)
	at TC11172.run(TC11172:30)
	at com.kms.katalon.core.main.ScriptEngine.run(ScriptEngine.java:194)
	at com.kms.katalon.core.main.ScriptEngine.runScriptAsRawText(ScriptEngine.java:119)
	at com.kms.katalon.core.main.TestCaseExecutor.runScript(TestCaseExecutor.java:336)
	at com.kms.katalon.core.main.TestCaseExecutor.doExecute(TestCaseExecutor.java:327)
	at com.kms.katalon.core.main.TestCaseExecutor.processExecutionPhase(TestCaseExecutor.java:306)
	at com.kms.katalon.core.main.TestCaseExecutor.accessMainPhase(TestCaseExecutor.java:298)
	at com.kms.katalon.core.main.TestCaseExecutor.execute(TestCaseExecutor.java:232)
	at com.kms.katalon.core.main.TestSuiteExecutor.accessTestCaseMainPhase(TestSuiteExecutor.java:129)
	at com.kms.katalon.core.main.TestSuiteExecutor.accessTestSuiteMainPhase(TestSuiteExecutor.java:112)
	at com.kms.katalon.core.main.TestSuiteExecutor.execute(TestSuiteExecutor.java:81)
	at com.kms.katalon.core.main.TestCaseMain.startTestSuite(TestCaseMain.java:157)
	at com.kms.katalon.core.main.TestCaseMain$startTestSuite$0.call(Unknown Source)
	at TempTestSuite1555805827617.run(TempTestSuite1555805827617.groovy:35)
Caused by: org.openqa.selenium.ElementNotVisibleException: element not interactable
  (Session info: chrome=73.0.3683.103)
  (Driver info: chromedriver=73.0.3683.68 (47787ec04b6e38e22703e856e101e840b65afe72),platform=Linux 4.15.0-47-generic x86_64) (WARNING: The server did not provide any stacktrace information)
Command duration or timeout: 0 milliseconds
Build info: version: '3.7.1', revision: '8a0099a', time: '2017-11-06T21:07:36.161Z'
System info: host: 'faizan-HP-EliteBook-850-G2', ip: '127.0.1.1', os.name: 'Linux', os.arch: 'amd64', os.version: '4.15.0-47-generic', java.version: '1.8.0_191'
Driver info: com.kms.katalon.selenium.driver.CChromeDriver
Capabilities {acceptInsecureCerts: false, acceptSslCerts: false, applicationCacheEnabled: false, browserConnectionEnabled: false, browserName: chrome, chrome: {chromedriverVersion: 73.0.3683.68 (47787ec04b6e3..., userDataDir: /tmp/.com.google.Chrome.3MGpH3}, cssSelectorsEnabled: true, databaseEnabled: false, goog:chromeOptions: {debuggerAddress: localhost:40385}, handlesAlerts: true, hasTouchScreen: false, javascriptEnabled: true, locationContextEnabled: true, mobileEmulationEnabled: false, nativeEvents: true, networkConnectionEnabled: false, pageLoadStrategy: normal, platform: LINUX, platformName: LINUX, proxy: Proxy(direct), rotatable: false, setWindowRect: true, strictFileInteractability: false, takesHeapSnapshot: true, takesScreenshot: true, timeouts: {implicit: 0, pageLoad: 300000, script: 30000}, unexpectedAlertBehaviour: ignore, unhandledPromptBehavior: ignore, version: 73.0.3683.103, webStorageEnabled: true}
Session ID: f87268ee1c35c1ced596fe180b363839
	at org.openqa.selenium.remote.ErrorHandler.createThrowable(ErrorHandler.java:214)
	at org.openqa.selenium.remote.ErrorHandler.throwIfResponseFailed(ErrorHandler.java:166)
	at org.openqa.selenium.remote.http.JsonHttpResponseCodec.reconstructValue(JsonHttpResponseCodec.java:40)
	at org.openqa.selenium.remote.http.AbstractHttpResponseCodec.decode(AbstractHttpResponseCodec.java:80)
	at org.openqa.selenium.remote.http.AbstractHttpResponseCodec.decode(AbstractHttpResponseCodec.java:44)
	at org.openqa.selenium.remote.HttpCommandExecutor.execute(HttpCommandExecutor.java:164)
	at org.openqa.selenium.remote.service.DriverCommandExecutor.execute(DriverCommandExecutor.java:83)
	at org.openqa.selenium.remote.RemoteWebDriver.execute(RemoteWebDriver.java:600)
	at com.kms.katalon.selenium.driver.CChromeDriver.execute(CChromeDriver.java:20)
	at org.openqa.selenium.remote.RemoteWebElement.execute(RemoteWebElement.java:279)
	at org.openqa.selenium.remote.RemoteWebElement.click(RemoteWebElement.java:83)
	at com.kms.katalon.core.webui.keyword.builtin.ClickKeyword$_click_closure1.doCall(ClickKeyword.groovy:79)
	at com.kms.katalon.core.webui.keyword.builtin.ClickKeyword$_click_closure1.call(ClickKeyword.groovy)
	at com.kms.katalon.core.webui.keyword.internal.WebUIKeywordMain.runKeyword(WebUIKeywordMain.groovy:20)
	at com.kms.katalon.core.webui.keyword.builtin.ClickKeyword.click(ClickKeyword.groovy:86)
	at com.kms.katalon.core.webui.keyword.builtin.ClickKeyword.execute(ClickKeyword.groovy:67)
	at com.kms.katalon.core.keyword.internal.KeywordExecutor.executeKeywordForPlatform(KeywordExecutor.groovy:56)
	at com.kms.katalon.core.webui.keyword.WebUiBuiltInKeywords.click(WebUiBuiltInKeywords.groovy:616)
	at com.kms.katalon.core.webui.keyword.WebUiBuiltInKeywords$click$2.call(Unknown Source)
	at Script1554207645034.run(Script1554207645034.groovy:30)
	... 13 more]]></system-err>
   </testsuite>
</testsuites>
