<?xml version="1.0" encoding="UTF-8"?>
<testsuites name="InviteSubscribers" time="55" tests="4" failures="0" errors="0">
   <testsuite name="InviteSubscribers" tests="4" failures="0" errors="0" time="55" timestamp="2019-04-19 17:16:15" hostname="cloudkibo-faizan - cloudkibo-faizan" id="Test Suites/Faizan Suits/InviteSubscribers">
      <properties>
         <property name="deviceName" value=""/>
         <property name="devicePlatform" value=""/>
         <property name="logFolder" value="/home/cloudkibo-faizan/Desktop/KiboPush_Automated_Testing/KiboPush Katalon/Reports/Faizan Suits/InviteSubscribers/20190419_171613"/>
         <property name="logFiles" value="/home/cloudkibo-faizan/Desktop/KiboPush_Automated_Testing/KiboPush Katalon/Reports/Faizan Suits/InviteSubscribers/20190419_171613/execution0.log"/>
         <property name="attachments" value=""/>
         <property name="hostName" value="cloudkibo-faizan - cloudkibo-faizan"/>
         <property name="os" value="Linux 64bit"/>
         <property name="katalonVersion" value="6.0.6.4"/>
         <property name="browser" value="Chrome 73.0.3683.75"/>
         <property name="hostAddress" value="127.0.1.1"/>
         <property name="sessionId" value="4d692b034aa1fb1ebcd92017d163c5df"/>
         <property name="seleniumVersion" value="3.7.1"/>
         <property name="proxyInformation" value="ProxyInformation{proxyOption=NO_PROXY, proxyServerType=HTTP, password=, proxyServerAddress=, proxyServerPort=0}"/>
         <property name="platform" value="Linux"/>
      </properties>
      <testcase name="Test Cases/s-sidebar_navigation/individualAccount/Faizan_production_login_kiboengage" classname="Test Cases/s-sidebar_navigation/individualAccount/Faizan_production_login_kiboengage" status="PASSED">
         <system-out><![CDATA[2019-04-19 17:16:15 - [TEST_CASE][PASSED] - Test Cases/s-sidebar_navigation/individualAccount/Faizan_production_login_kiboengage: Test Cases/s-sidebar_navigation/individualAccount/Faizan_production_login_kiboengage

2019-04-19 17:16:15 - [TEST_STEP][PASSED] - openBrowser(""): Browser is opened with url: ''

2019-04-19 17:16:15 - [MESSAGE][INFO] - Starting 'Chrome' driver

2019-04-19 17:16:15 - [MESSAGE][INFO] - Action delay is set to 0 seconds

2019-04-19 17:16:16 - [MESSAGE][PASSED] - Browser is opened with url: ''

2019-04-19 17:16:16 - [TEST_STEP][PASSED] - maximizeWindow(): Current window maximized

2019-04-19 17:16:16 - [MESSAGE][PASSED] - Current window maximized

2019-04-19 17:16:16 - [TEST_STEP][PASSED] - navigateToUrl("https://kiboengage.cloudkibo.com/"): Navigate to 'https://kiboengage.cloudkibo.com/' successfully

2019-04-19 17:16:33 - [MESSAGE][PASSED] - Navigate to 'https://kiboengage.cloudkibo.com/' successfully

2019-04-19 17:16:33 - [TEST_STEP][PASSED] - navigateToUrl("https://accounts.cloudkibo.com/?continue=https://kiboengage.cloudkibo.com"): Navigate to 'https://accounts.cloudkibo.com/?continue=https://kiboengage.cloudkibo.com' successfully

2019-04-19 17:16:33 - [MESSAGE][PASSED] - Navigate to 'https://accounts.cloudkibo.com/?continue=https://kiboengage.cloudkibo.com' successfully

2019-04-19 17:16:33 - [TEST_STEP][PASSED] - click(findTestObject("Page_CloudKibo/a_Login (2) (1) (1)")): Object: 'Object Repository/Page_CloudKibo/a_Login (2) (1) (1)' is clicked on

2019-04-19 17:16:34 - [MESSAGE][PASSED] - Object: 'Object Repository/Page_CloudKibo/a_Login (2) (1) (1)' is clicked on

2019-04-19 17:16:34 - [TEST_STEP][PASSED] - setText(findTestObject("Page_KiboPush/input_email (10) (1) (1)"), "faizan@cloudkibo.com"): Text 'faizan@cloudkibo.com' is set on object 'Object Repository/Page_KiboPush/input_email (10) (1) (1)'

2019-04-19 17:16:34 - [MESSAGE][PASSED] - Text 'faizan@cloudkibo.com' is set on object 'Object Repository/Page_KiboPush/input_email (10) (1) (1)'

2019-04-19 17:16:34 - [TEST_STEP][PASSED] - setEncryptedText(findTestObject("Page_CloudKibo/input_Sign In_password (7)"), "qeJ0sjJnwEs="): Text ****** has been set on object 'Object Repository/Page_CloudKibo/input_Sign In_password (7)'

2019-04-19 17:16:35 - [MESSAGE][PASSED] - Text ****** has been set on object 'Object Repository/Page_CloudKibo/input_Sign In_password (7)'

2019-04-19 17:16:35 - [TEST_STEP][PASSED] - click(findTestObject("Page_KiboPush/button_Sign In (10) (1) (2)")): Object: 'Object Repository/Page_KiboPush/button_Sign In (10) (1) (2)' is clicked on

2019-04-19 17:16:35 - [MESSAGE][PASSED] - Object: 'Object Repository/Page_KiboPush/button_Sign In (10) (1) (2)' is clicked on

2019-04-19 17:16:35 - [TEST_STEP][PASSED] - navigateToUrl("https://kiboengage.cloudkibo.com/dashboard"): Navigate to 'https://kiboengage.cloudkibo.com/dashboard' successfully

2019-04-19 17:16:58 - [MESSAGE][PASSED] - Navigate to 'https://kiboengage.cloudkibo.com/dashboard' successfully

2019-04-19 17:16:58 - [TEST_STEP][PASSED] - click(findTestObject("Page_KiboPush  Dashboard/h3_Dashboard (57)")): Object: 'Object Repository/Page_KiboPush  Dashboard/h3_Dashboard (57)' is clicked on

2019-04-19 17:16:58 - [MESSAGE][PASSED] - Object: 'Object Repository/Page_KiboPush  Dashboard/h3_Dashboard (57)' is clicked on

2019-04-19 17:16:58 - [TEST_STEP][PASSED] - delay(3): Delayed 3 second(s)

2019-04-19 17:17:02 - [MESSAGE][PASSED] - Delayed 3 second(s)

2019-04-19 17:17:02 - [TEST_STEP][PASSED] - click(findTestObject("Page_KiboEngage  Dashboard/a_SMS (2) (1) (1) (1) (3)")): Object: 'Object Repository/Page_KiboEngage  Dashboard/a_SMS (2) (1) (1) (1) (3)' is clicked on

2019-04-19 17:17:02 - [MESSAGE][PASSED] - Object: 'Object Repository/Page_KiboEngage  Dashboard/a_SMS (2) (1) (1) (1) (3)' is clicked on

2019-04-19 17:17:02 - [TEST_STEP][PASSED] - click(findTestObject("Page_KiboEngage  Dashboard/span_Messenger (1) (1) (1) (3)")): Object: 'Object Repository/Page_KiboEngage  Dashboard/span_Messenger (1) (1) (1) (3)' is clicked on

2019-04-19 17:17:02 - [MESSAGE][PASSED] - Object: 'Object Repository/Page_KiboEngage  Dashboard/span_Messenger (1) (1) (1) (3)' is clicked on]]></system-out>
         <system-err><![CDATA[]]></system-err>
      </testcase>
      <testcase name="Test Cases/Invite subscribers/open growth tools" classname="Test Cases/Invite subscribers/open growth tools" status="PASSED">
         <system-out><![CDATA[2019-04-19 17:17:02 - [TEST_CASE][PASSED] - Test Cases/Invite subscribers/open growth tools: Test Cases/Invite subscribers/open growth tools

2019-04-19 17:17:02 - [TEST_STEP][PASSED] - click(findTestObject("Object Repository/Page_KiboPush  Dashboard/span_Growth Tools (3)")): Object: 'Object Repository/Page_KiboPush  Dashboard/span_Growth Tools (3)' is clicked on

2019-04-19 17:17:02 - [MESSAGE][PASSED] - Object: 'Object Repository/Page_KiboPush  Dashboard/span_Growth Tools (3)' is clicked on

2019-04-19 17:17:02 - [TEST_STEP][PASSED] - delay(1): Delayed 1 second(s)

2019-04-19 17:17:03 - [MESSAGE][PASSED] - Delayed 1 second(s)]]></system-out>
         <system-err><![CDATA[]]></system-err>
      </testcase>
      <testcase name="Test Cases/Invite subscribers/TC0681" classname="Test Cases/Invite subscribers/TC0681" status="PASSED">
         <system-out><![CDATA[2019-04-19 17:17:03 - [TEST_CASE][PASSED] - Test Cases/Invite subscribers/TC0681: Test Cases/Invite subscribers/TC0681

2019-04-19 17:17:03 - [TEST_STEP][PASSED] - callTestCase(findTestCase("Subscriber TestCases/TC0678"), [:], STOP_ON_FAILURE): Call Test Case 'Test Cases/Subscriber TestCases/TC0678' successfully

2019-04-19 17:17:03 - [TEST_CASE][PASSED] - Test Cases/Subscriber TestCases/TC0678: Test Cases/Subscriber TestCases/TC0678

2019-04-19 17:17:04 - [TEST_STEP][PASSED] - callTestCase(findTestCase("s-sidebar_navigation/individualAccount/Subscriber"), [:], STOP_ON_FAILURE): Call Test Case 'Test Cases/s-sidebar_navigation/individualAccount/Subscriber' successfully

2019-04-19 17:17:04 - [TEST_CASE][PASSED] - Test Cases/s-sidebar_navigation/individualAccount/Subscriber: Test Cases/s-sidebar_navigation/individualAccount/Subscriber

2019-04-19 17:17:04 - [TEST_STEP][PASSED] - delay(2): Delayed 2 second(s)

2019-04-19 17:17:06 - [MESSAGE][PASSED] - Delayed 2 second(s)

2019-04-19 17:17:06 - [TEST_STEP][PASSED] - click(findTestObject("Page_KiboPush  Subscribers/span_Subscribers (5)")): Object: 'Object Repository/Page_KiboPush  Subscribers/span_Subscribers (5)' is clicked on

2019-04-19 17:17:06 - [MESSAGE][PASSED] - Object: 'Object Repository/Page_KiboPush  Subscribers/span_Subscribers (5)' is clicked on

2019-04-19 17:17:06 - [TEST_STEP][PASSED] - click(findTestObject("Page_KiboPush  Subscribers/h3_Manage Subscribers (1)")): Object: 'Object Repository/Page_KiboPush  Subscribers/h3_Manage Subscribers (1)' is clicked on

2019-04-19 17:17:06 - [MESSAGE][PASSED] - Object: 'Object Repository/Page_KiboPush  Subscribers/h3_Manage Subscribers (1)' is clicked on

2019-04-19 17:17:06 - [MESSAGE][PASSED] - Call Test Case 'Test Cases/s-sidebar_navigation/individualAccount/Subscriber' successfully

2019-04-19 17:17:06 - [TEST_STEP][PASSED] - click(findTestObject("Object Repository/Page_KiboPush  Subscribers/button_Invite Subscribers")): Object: 'Object Repository/Page_KiboPush  Subscribers/button_Invite Subscribers' is clicked on

2019-04-19 17:17:07 - [MESSAGE][PASSED] - Object: 'Object Repository/Page_KiboPush  Subscribers/button_Invite Subscribers' is clicked on

2019-04-19 17:17:07 - [TEST_STEP][PASSED] - click(findTestObject("Object Repository/Page_KiboPush  Invite Subscribers/h3_Invite Subscribers")): Object: 'Object Repository/Page_KiboPush  Invite Subscribers/h3_Invite Subscribers' is clicked on

2019-04-19 17:17:07 - [MESSAGE][PASSED] - Object: 'Object Repository/Page_KiboPush  Invite Subscribers/h3_Invite Subscribers' is clicked on

2019-04-19 17:17:07 - [MESSAGE][PASSED] - Call Test Case 'Test Cases/Subscriber TestCases/TC0678' successfully

2019-04-19 17:17:07 - [TEST_STEP][PASSED] - click(findTestObject("Page_KiboPush  Invite Subscribers/span_Share Page")): Object: 'Object Repository/Page_KiboPush  Invite Subscribers/span_Share Page' is clicked on

2019-04-19 17:17:07 - [MESSAGE][PASSED] - Object: 'Object Repository/Page_KiboPush  Invite Subscribers/span_Share Page' is clicked on]]></system-out>
         <system-err><![CDATA[]]></system-err>
      </testcase>
      <testcase name="Test Cases/Invite subscribers/TC0682" classname="Test Cases/Invite subscribers/TC0682" status="PASSED">
         <system-out><![CDATA[2019-04-19 17:17:07 - [TEST_CASE][PASSED] - Test Cases/Invite subscribers/TC0682: Test Cases/Invite subscribers/TC0682

2019-04-19 17:17:07 - [TEST_STEP][PASSED] - callTestCase(findTestCase("Subscriber TestCases/TC0678"), [:], STOP_ON_FAILURE): Call Test Case 'Test Cases/Subscriber TestCases/TC0678' successfully

2019-04-19 17:17:07 - [TEST_CASE][PASSED] - Test Cases/Subscriber TestCases/TC0678: Test Cases/Subscriber TestCases/TC0678

2019-04-19 17:17:07 - [TEST_STEP][PASSED] - callTestCase(findTestCase("s-sidebar_navigation/individualAccount/Subscriber"), [:], STOP_ON_FAILURE): Call Test Case 'Test Cases/s-sidebar_navigation/individualAccount/Subscriber' successfully

2019-04-19 17:17:07 - [TEST_CASE][PASSED] - Test Cases/s-sidebar_navigation/individualAccount/Subscriber: Test Cases/s-sidebar_navigation/individualAccount/Subscriber

2019-04-19 17:17:07 - [TEST_STEP][PASSED] - delay(2): Delayed 2 second(s)

2019-04-19 17:17:09 - [MESSAGE][PASSED] - Delayed 2 second(s)

2019-04-19 17:17:09 - [TEST_STEP][PASSED] - click(findTestObject("Page_KiboPush  Subscribers/span_Subscribers (5)")): Object: 'Object Repository/Page_KiboPush  Subscribers/span_Subscribers (5)' is clicked on

2019-04-19 17:17:09 - [MESSAGE][PASSED] - Object: 'Object Repository/Page_KiboPush  Subscribers/span_Subscribers (5)' is clicked on

2019-04-19 17:17:09 - [TEST_STEP][PASSED] - click(findTestObject("Page_KiboPush  Subscribers/h3_Manage Subscribers (1)")): Object: 'Object Repository/Page_KiboPush  Subscribers/h3_Manage Subscribers (1)' is clicked on

2019-04-19 17:17:10 - [MESSAGE][PASSED] - Object: 'Object Repository/Page_KiboPush  Subscribers/h3_Manage Subscribers (1)' is clicked on

2019-04-19 17:17:10 - [MESSAGE][PASSED] - Call Test Case 'Test Cases/s-sidebar_navigation/individualAccount/Subscriber' successfully

2019-04-19 17:17:10 - [TEST_STEP][PASSED] - click(findTestObject("Object Repository/Page_KiboPush  Subscribers/button_Invite Subscribers")): Object: 'Object Repository/Page_KiboPush  Subscribers/button_Invite Subscribers' is clicked on

2019-04-19 17:17:10 - [MESSAGE][PASSED] - Object: 'Object Repository/Page_KiboPush  Subscribers/button_Invite Subscribers' is clicked on

2019-04-19 17:17:10 - [TEST_STEP][PASSED] - click(findTestObject("Object Repository/Page_KiboPush  Invite Subscribers/h3_Invite Subscribers")): Object: 'Object Repository/Page_KiboPush  Invite Subscribers/h3_Invite Subscribers' is clicked on

2019-04-19 17:17:10 - [MESSAGE][PASSED] - Object: 'Object Repository/Page_KiboPush  Invite Subscribers/h3_Invite Subscribers' is clicked on

2019-04-19 17:17:10 - [MESSAGE][PASSED] - Call Test Case 'Test Cases/Subscriber TestCases/TC0678' successfully

2019-04-19 17:17:10 - [TEST_STEP][PASSED] - click(findTestObject("Object Repository/Page_KiboPush  Invite Subscribers/h3_Invite Subscribers (2)")): Object: 'Object Repository/Page_KiboPush  Invite Subscribers/h3_Invite Subscribers (2)' is clicked on

2019-04-19 17:17:10 - [MESSAGE][PASSED] - Object: 'Object Repository/Page_KiboPush  Invite Subscribers/h3_Invite Subscribers (2)' is clicked on

2019-04-19 17:17:10 - [TEST_STEP][PASSED] - click(findTestObject("Object Repository/Page_KiboPush  Invite Subscribers/button_Copy Link (1)")): Object: 'Object Repository/Page_KiboPush  Invite Subscribers/button_Copy Link (1)' is clicked on

2019-04-19 17:17:10 - [MESSAGE][PASSED] - Object: 'Object Repository/Page_KiboPush  Invite Subscribers/button_Copy Link (1)' is clicked on

2019-04-19 17:17:10 - [TEST_STEP][PASSED] - click(findTestObject("Object Repository/Page_KiboPush  Invite Subscribers/div_Link Copied Successfully")): Object: 'Object Repository/Page_KiboPush  Invite Subscribers/div_Link Copied Successfully' is clicked on

2019-04-19 17:17:10 - [MESSAGE][PASSED] - Object: 'Object Repository/Page_KiboPush  Invite Subscribers/div_Link Copied Successfully' is clicked on]]></system-out>
         <system-err><![CDATA[]]></system-err>
      </testcase>
      <system-out><![CDATA[2019-04-19 17:16:15 - [TEST_SUITE][PASSED] - InviteSubscribers: Test Cases/Invite subscribers/TC0682]]></system-out>
      <system-err><![CDATA[]]></system-err>
   </testsuite>
</testsuites>
