<?xml version="1.0" encoding="UTF-8"?>
<testsuites name="Webview" time="504" tests="8" failures="0" errors="0">
   <testsuite name="Webview" tests="8" failures="0" errors="0" time="504" timestamp="2019-03-22 09:44:30" hostname="cloudkibo-muzamil - cloudkibomuzamil-Precision-T1700" id="Test Suites/Webview">
      <properties>
         <property name="deviceName" value=""/>
         <property name="devicePlatform" value=""/>
         <property name="logFolder" value="/home/cloudkibo-muzamil/Downloads/Test cases/production/KiboPush/Reports/Webview/20190322_094428"/>
         <property name="logFiles" value="/home/cloudkibo-muzamil/Downloads/Test cases/production/KiboPush/Reports/Webview/20190322_094428/execution0.log"/>
         <property name="attachments" value=""/>
         <property name="hostName" value="cloudkibo-muzamil - cloudkibomuzamil-Precision-T1700"/>
         <property name="os" value="Linux 64bit"/>
         <property name="katalonVersion" value="6.0.6.4"/>
         <property name="browser" value="Chrome 73.0.3683.86"/>
         <property name="hostAddress" value="127.0.1.1"/>
         <property name="sessionId" value="80a1b0c4e38f7e079cc10db126e84f31"/>
         <property name="seleniumVersion" value="3.7.1"/>
         <property name="proxyInformation" value="ProxyInformation{proxyOption=NO_PROXY, proxyServerType=HTTP, password=, proxyServerAddress=, proxyServerPort=0}"/>
         <property name="platform" value="Linux"/>
      </properties>
      <testcase name="Test Cases/Webview/TC1085" classname="Test Cases/Webview/TC1085" status="PASSED">
         <system-out><![CDATA[2019-03-22 09:44:30 - [TEST_CASE][PASSED] - Test Cases/Webview/TC1085: Test Cases/Webview/TC1085

2019-03-22 09:44:30 - [TEST_STEP][PASSED] - callTestCase(findTestCase("s-sidebar_navigation/individualAccount/Login_Muzamil"), [:], STOP_ON_FAILURE): Call Test Case 'Test Cases/s-sidebar_navigation/individualAccount/Login_Muzamil' successfully

2019-03-22 09:44:30 - [TEST_CASE][PASSED] - Test Cases/s-sidebar_navigation/individualAccount/Login_Muzamil: Test Cases/s-sidebar_navigation/individualAccount/Login_Muzamil

2019-03-22 09:44:30 - [TEST_STEP][PASSED] - openBrowser(""): Browser is opened with url: ''

2019-03-22 09:44:31 - [MESSAGE][INFO] - Starting 'Chrome' driver

2019-03-22 09:44:31 - [MESSAGE][INFO] - Action delay is set to 0 seconds

2019-03-22 09:44:32 - [MESSAGE][PASSED] - Browser is opened with url: ''

2019-03-22 09:44:32 - [TEST_STEP][PASSED] - maximizeWindow(): Current window maximized

2019-03-22 09:44:33 - [MESSAGE][PASSED] - Current window maximized

2019-03-22 09:44:33 - [TEST_STEP][PASSED] - navigateToUrl("https://app.kibopush.com/"): Navigate to 'https://app.kibopush.com/' successfully

2019-03-22 09:44:46 - [MESSAGE][PASSED] - Navigate to 'https://app.kibopush.com/' successfully

2019-03-22 09:44:46 - [TEST_STEP][PASSED] - click(findTestObject("Page_CloudKibo/a_Login (2)")): Object: 'Object Repository/Page_CloudKibo/a_Login (2)' is clicked on

2019-03-22 09:44:47 - [MESSAGE][PASSED] - Object: 'Object Repository/Page_CloudKibo/a_Login (2)' is clicked on

2019-03-22 09:44:47 - [TEST_STEP][PASSED] - delay(2): Delayed 2 second(s)

2019-03-22 09:44:49 - [MESSAGE][PASSED] - Delayed 2 second(s)

2019-03-22 09:44:49 - [TEST_STEP][PASSED] - setText(findTestObject("Page_CloudKibo/input_Sign In_email (1)"), "muzamil.bukhari.39@gmail.com"): Text 'muzamil.bukhari.39@gmail.com' is set on object 'Object Repository/Page_CloudKibo/input_Sign In_email (1)'

2019-03-22 09:44:49 - [MESSAGE][PASSED] - Text 'muzamil.bukhari.39@gmail.com' is set on object 'Object Repository/Page_CloudKibo/input_Sign In_email (1)'

2019-03-22 09:44:49 - [TEST_STEP][PASSED] - setEncryptedText(findTestObject("Page_CloudKibo/input_Sign In_password (1)"), "ZOMPkeJIpHWb3LMKk986MQ=="): Text ****** has been set on object 'Object Repository/Page_CloudKibo/input_Sign In_password (1)'

2019-03-22 09:44:50 - [MESSAGE][PASSED] - Text ****** has been set on object 'Object Repository/Page_CloudKibo/input_Sign In_password (1)'

2019-03-22 09:44:50 - [TEST_STEP][PASSED] - delay(1): Delayed 1 second(s)

2019-03-22 09:44:51 - [MESSAGE][PASSED] - Delayed 1 second(s)

2019-03-22 09:44:51 - [TEST_STEP][PASSED] - click(findTestObject("Page_CloudKibo/button_Sign In (5)")): Object: 'Object Repository/Page_CloudKibo/button_Sign In (5)' is clicked on

2019-03-22 09:44:51 - [MESSAGE][PASSED] - Object: 'Object Repository/Page_CloudKibo/button_Sign In (5)' is clicked on

2019-03-22 09:44:51 - [TEST_STEP][PASSED] - delay(3): Delayed 3 second(s)

2019-03-22 09:44:54 - [MESSAGE][PASSED] - Delayed 3 second(s)

2019-03-22 09:44:54 - [TEST_STEP][PASSED] - click(findTestObject("Object Repository/Page_KiboEngage  Dashboard/h4_KIBOPUSH")): Object: 'Object Repository/Page_KiboEngage  Dashboard/h4_KIBOPUSH' is clicked on

2019-03-22 09:45:07 - [MESSAGE][PASSED] - Object: 'Object Repository/Page_KiboEngage  Dashboard/h4_KIBOPUSH' is clicked on

2019-03-22 09:45:07 - [MESSAGE][PASSED] - Call Test Case 'Test Cases/s-sidebar_navigation/individualAccount/Login_Muzamil' successfully

2019-03-22 09:45:07 - [TEST_STEP][PASSED] - delay(2): Delayed 2 second(s)

2019-03-22 09:45:09 - [MESSAGE][PASSED] - Delayed 2 second(s)

2019-03-22 09:45:09 - [TEST_STEP][PASSED] - click(findTestObject("Object Repository/Page_KiboEngage  Dashboard/span_Broadcasting (1)")): Object: 'Object Repository/Page_KiboEngage  Dashboard/span_Broadcasting (1)' is clicked on

2019-03-22 09:45:09 - [MESSAGE][PASSED] - Object: 'Object Repository/Page_KiboEngage  Dashboard/span_Broadcasting (1)' is clicked on

2019-03-22 09:45:09 - [TEST_STEP][PASSED] - delay(1): Delayed 1 second(s)

2019-03-22 09:45:10 - [MESSAGE][PASSED] - Delayed 1 second(s)

2019-03-22 09:45:10 - [TEST_STEP][PASSED] - click(findTestObject("Object Repository/Page_KiboEngage  Dashboard/span_Broadcasts")): Object: 'Object Repository/Page_KiboEngage  Dashboard/span_Broadcasts' is clicked on

2019-03-22 09:45:10 - [MESSAGE][PASSED] - Object: 'Object Repository/Page_KiboEngage  Dashboard/span_Broadcasts' is clicked on

2019-03-22 09:45:10 - [TEST_STEP][PASSED] - delay(1): Delayed 1 second(s)

2019-03-22 09:45:11 - [MESSAGE][PASSED] - Delayed 1 second(s)

2019-03-22 09:45:11 - [TEST_STEP][PASSED] - click(findTestObject("Page_KiboEngage  Broadcast/span_Create New")): Object: 'Object Repository/Page_KiboEngage  Broadcast/span_Create New' is clicked on

2019-03-22 09:45:11 - [MESSAGE][PASSED] - Object: 'Object Repository/Page_KiboEngage  Broadcast/span_Create New' is clicked on

2019-03-22 09:45:11 - [TEST_STEP][PASSED] - click(findTestObject("Page_KiboEngage  Broadcast/button_Create New Broadcast (1)")): Object: 'Object Repository/Page_KiboEngage  Broadcast/button_Create New Broadcast (1)' is clicked on

2019-03-22 09:45:11 - [MESSAGE][PASSED] - Object: 'Object Repository/Page_KiboEngage  Broadcast/button_Create New Broadcast (1)' is clicked on

2019-03-22 09:45:11 - [TEST_STEP][PASSED] - delay(1): Delayed 1 second(s)

2019-03-22 09:45:12 - [MESSAGE][PASSED] - Delayed 1 second(s)

2019-03-22 09:45:12 - [TEST_STEP][PASSED] - click(findTestObject("Object Repository/Page_KiboEngage  Create Broadcast/div_Text")): Object: 'Object Repository/Page_KiboEngage  Create Broadcast/div_Text' is clicked on

2019-03-22 09:45:12 - [MESSAGE][PASSED] - Object: 'Object Repository/Page_KiboEngage  Create Broadcast/div_Text' is clicked on

2019-03-22 09:45:12 - [TEST_STEP][PASSED] - delay(1): Delayed 1 second(s)

2019-03-22 09:45:13 - [MESSAGE][PASSED] - Delayed 1 second(s)

2019-03-22 09:45:13 - [TEST_STEP][PASSED] - click(findTestObject("Object Repository/Page_KiboEngage  Create Broadcast/h6_ Add Button")): Object: 'Object Repository/Page_KiboEngage  Create Broadcast/h6_ Add Button' is clicked on

2019-03-22 09:45:13 - [MESSAGE][PASSED] - Object: 'Object Repository/Page_KiboEngage  Create Broadcast/h6_ Add Button' is clicked on

2019-03-22 09:45:13 - [TEST_STEP][PASSED] - setText(findTestObject("Object Repository/Page_KiboEngage  Create Broadcast/input_Button Title_form-control"), "test"): Text 'test' is set on object 'Object Repository/Page_KiboEngage  Create Broadcast/input_Button Title_form-control'

2019-03-22 09:45:14 - [MESSAGE][PASSED] - Text 'test' is set on object 'Object Repository/Page_KiboEngage  Create Broadcast/input_Button Title_form-control'

2019-03-22 09:45:14 - [TEST_STEP][PASSED] - click(findTestObject("Object Repository/Page_KiboEngage  Create Broadcast/h7_Open a webview")): Object: 'Object Repository/Page_KiboEngage  Create Broadcast/h7_Open a webview' is clicked on

2019-03-22 09:45:14 - [MESSAGE][PASSED] - Object: 'Object Repository/Page_KiboEngage  Create Broadcast/h7_Open a webview' is clicked on

2019-03-22 09:45:14 - [TEST_STEP][PASSED] - setText(findTestObject("Object Repository/Page_KiboEngage  Create Broadcast/input_Url_form-control"), "https://kiboengage.cloudkibo.com"): Text 'https://kiboengage.cloudkibo.com' is set on object 'Object Repository/Page_KiboEngage  Create Broadcast/input_Url_form-control'

2019-03-22 09:45:14 - [MESSAGE][PASSED] - Text 'https://kiboengage.cloudkibo.com' is set on object 'Object Repository/Page_KiboEngage  Create Broadcast/input_Url_form-control'

2019-03-22 09:45:14 - [TEST_STEP][PASSED] - click(findTestObject("Object Repository/Page_KiboEngage  Create Broadcast/button_Done")): Object: 'Object Repository/Page_KiboEngage  Create Broadcast/button_Done' is clicked on

2019-03-22 09:45:14 - [MESSAGE][PASSED] - Object: 'Object Repository/Page_KiboEngage  Create Broadcast/button_Done' is clicked on

2019-03-22 09:45:14 - [TEST_STEP][PASSED] - delay(1): Delayed 1 second(s)

2019-03-22 09:45:15 - [MESSAGE][PASSED] - Delayed 1 second(s)

2019-03-22 09:45:15 - [TEST_STEP][PASSED] - click(findTestObject("Object Repository/Page_KiboEngage  Create Broadcast/button_test")): Object: 'Object Repository/Page_KiboEngage  Create Broadcast/button_test' is clicked on

2019-03-22 09:45:16 - [MESSAGE][PASSED] - Object: 'Object Repository/Page_KiboEngage  Create Broadcast/button_test' is clicked on

2019-03-22 09:45:16 - [TEST_STEP][PASSED] - delay(1): Delayed 1 second(s)

2019-03-22 09:45:17 - [MESSAGE][PASSED] - Delayed 1 second(s)

2019-03-22 09:45:17 - [TEST_STEP][PASSED] - click(findTestObject("Object Repository/Page_KiboEngage  Create Broadcast/strong_Edit Button")): Object: 'Object Repository/Page_KiboEngage  Create Broadcast/strong_Edit Button' is clicked on

2019-03-22 09:45:17 - [MESSAGE][PASSED] - Object: 'Object Repository/Page_KiboEngage  Create Broadcast/strong_Edit Button' is clicked on

2019-03-22 09:45:17 - [TEST_STEP][PASSED] - click(findTestObject("Object Repository/Page_KiboEngage  Create Broadcast/button_Remove")): Object: 'Object Repository/Page_KiboEngage  Create Broadcast/button_Remove' is clicked on

2019-03-22 09:45:17 - [MESSAGE][PASSED] - Object: 'Object Repository/Page_KiboEngage  Create Broadcast/button_Remove' is clicked on

2019-03-22 09:45:17 - [TEST_STEP][PASSED] - delay(1): Delayed 1 second(s)

2019-03-22 09:45:18 - [MESSAGE][PASSED] - Delayed 1 second(s)

2019-03-22 09:45:18 - [TEST_STEP][PASSED] - click(findTestObject("Object Repository/Page_KiboEngage  Create Broadcast/i_Broadcast Title_fa fa-times fa-stack-2x")): Object: 'Object Repository/Page_KiboEngage  Create Broadcast/i_Broadcast Title_fa fa-times fa-stack-2x' is clicked on

2019-03-22 09:45:18 - [MESSAGE][PASSED] - Object: 'Object Repository/Page_KiboEngage  Create Broadcast/i_Broadcast Title_fa fa-times fa-stack-2x' is clicked on

2019-03-22 09:45:18 - [TEST_STEP][PASSED] - delay(1): Delayed 1 second(s)

2019-03-22 09:45:19 - [MESSAGE][PASSED] - Delayed 1 second(s)

2019-03-22 09:45:19 - [TEST_STEP][PASSED] - click(findTestObject("Object Repository/Page_KiboEngage  Create Broadcast/div_Card")): Object: 'Object Repository/Page_KiboEngage  Create Broadcast/div_Card' is clicked on

2019-03-22 09:45:19 - [MESSAGE][PASSED] - Object: 'Object Repository/Page_KiboEngage  Create Broadcast/div_Card' is clicked on

2019-03-22 09:45:19 - [TEST_STEP][PASSED] - click(findTestObject("Object Repository/Page_KiboEngage  Create Broadcast/h6_ Add Button")): Object: 'Object Repository/Page_KiboEngage  Create Broadcast/h6_ Add Button' is clicked on

2019-03-22 09:45:19 - [MESSAGE][PASSED] - Object: 'Object Repository/Page_KiboEngage  Create Broadcast/h6_ Add Button' is clicked on

2019-03-22 09:45:19 - [TEST_STEP][PASSED] - setText(findTestObject("Object Repository/Page_KiboEngage  Create Broadcast/input_Button Title_form-control"), "test2"): Text 'test2' is set on object 'Object Repository/Page_KiboEngage  Create Broadcast/input_Button Title_form-control'

2019-03-22 09:45:19 - [MESSAGE][PASSED] - Text 'test2' is set on object 'Object Repository/Page_KiboEngage  Create Broadcast/input_Button Title_form-control'

2019-03-22 09:45:19 - [TEST_STEP][PASSED] - click(findTestObject("Object Repository/Page_KiboEngage  Create Broadcast/h7_Open a webview")): Object: 'Object Repository/Page_KiboEngage  Create Broadcast/h7_Open a webview' is clicked on

2019-03-22 09:45:19 - [MESSAGE][PASSED] - Object: 'Object Repository/Page_KiboEngage  Create Broadcast/h7_Open a webview' is clicked on

2019-03-22 09:45:19 - [TEST_STEP][PASSED] - setText(findTestObject("Object Repository/Page_KiboEngage  Create Broadcast/input_Url_form-control"), "https://kiboengage.cloudkibo.com"): Text 'https://kiboengage.cloudkibo.com' is set on object 'Object Repository/Page_KiboEngage  Create Broadcast/input_Url_form-control'

2019-03-22 09:45:20 - [MESSAGE][PASSED] - Text 'https://kiboengage.cloudkibo.com' is set on object 'Object Repository/Page_KiboEngage  Create Broadcast/input_Url_form-control'

2019-03-22 09:45:20 - [TEST_STEP][PASSED] - click(findTestObject("Object Repository/Page_KiboEngage  Create Broadcast/button_Done")): Object: 'Object Repository/Page_KiboEngage  Create Broadcast/button_Done' is clicked on

2019-03-22 09:45:20 - [MESSAGE][PASSED] - Object: 'Object Repository/Page_KiboEngage  Create Broadcast/button_Done' is clicked on

2019-03-22 09:45:20 - [TEST_STEP][PASSED] - delay(1): Delayed 1 second(s)

2019-03-22 09:45:21 - [MESSAGE][PASSED] - Delayed 1 second(s)

2019-03-22 09:45:21 - [TEST_STEP][PASSED] - click(findTestObject("Object Repository/Page_KiboEngage  Create Broadcast/button_test2")): Object: 'Object Repository/Page_KiboEngage  Create Broadcast/button_test2' is clicked on

2019-03-22 09:45:21 - [MESSAGE][PASSED] - Object: 'Object Repository/Page_KiboEngage  Create Broadcast/button_test2' is clicked on

2019-03-22 09:45:21 - [TEST_STEP][PASSED] - click(findTestObject("Object Repository/Page_KiboEngage  Create Broadcast/strong_Edit Button")): Object: 'Object Repository/Page_KiboEngage  Create Broadcast/strong_Edit Button' is clicked on

2019-03-22 09:45:21 - [MESSAGE][PASSED] - Object: 'Object Repository/Page_KiboEngage  Create Broadcast/strong_Edit Button' is clicked on

2019-03-22 09:45:21 - [TEST_STEP][PASSED] - click(findTestObject("Object Repository/Page_KiboEngage  Create Broadcast/button_Remove")): Object: 'Object Repository/Page_KiboEngage  Create Broadcast/button_Remove' is clicked on

2019-03-22 09:45:21 - [MESSAGE][PASSED] - Object: 'Object Repository/Page_KiboEngage  Create Broadcast/button_Remove' is clicked on

2019-03-22 09:45:21 - [TEST_STEP][PASSED] - click(findTestObject("Object Repository/Page_KiboEngage  Create Broadcast/i_Broadcast Title_fa fa-times fa-stack-2x_1")): Object: 'Object Repository/Page_KiboEngage  Create Broadcast/i_Broadcast Title_fa fa-times fa-stack-2x_1' is clicked on

2019-03-22 09:45:21 - [MESSAGE][PASSED] - Object: 'Object Repository/Page_KiboEngage  Create Broadcast/i_Broadcast Title_fa fa-times fa-stack-2x_1' is clicked on

2019-03-22 09:45:21 - [TEST_STEP][PASSED] - delay(2): Delayed 2 second(s)

2019-03-22 09:45:23 - [MESSAGE][PASSED] - Delayed 2 second(s)

2019-03-22 09:45:23 - [TEST_STEP][PASSED] - click(findTestObject("Object Repository/Page_KiboEngage  Create Broadcast/div_Gallery")): Object: 'Object Repository/Page_KiboEngage  Create Broadcast/div_Gallery' is clicked on

2019-03-22 09:45:23 - [MESSAGE][PASSED] - Object: 'Object Repository/Page_KiboEngage  Create Broadcast/div_Gallery' is clicked on

2019-03-22 09:45:23 - [TEST_STEP][PASSED] - click(findTestObject("Object Repository/Page_KiboEngage  Create Broadcast/h6_ Add Button")): Object: 'Object Repository/Page_KiboEngage  Create Broadcast/h6_ Add Button' is clicked on

2019-03-22 09:45:24 - [MESSAGE][PASSED] - Object: 'Object Repository/Page_KiboEngage  Create Broadcast/h6_ Add Button' is clicked on

2019-03-22 09:45:24 - [TEST_STEP][PASSED] - setText(findTestObject("Object Repository/Page_KiboEngage  Create Broadcast/input_Button Title_form-control"), "test3"): Text 'test3' is set on object 'Object Repository/Page_KiboEngage  Create Broadcast/input_Button Title_form-control'

2019-03-22 09:45:24 - [MESSAGE][PASSED] - Text 'test3' is set on object 'Object Repository/Page_KiboEngage  Create Broadcast/input_Button Title_form-control'

2019-03-22 09:45:24 - [TEST_STEP][PASSED] - click(findTestObject("Object Repository/Page_KiboEngage  Create Broadcast/div_Open a webview")): Object: 'Object Repository/Page_KiboEngage  Create Broadcast/div_Open a webview' is clicked on

2019-03-22 09:45:24 - [MESSAGE][PASSED] - Object: 'Object Repository/Page_KiboEngage  Create Broadcast/div_Open a webview' is clicked on

2019-03-22 09:45:24 - [TEST_STEP][PASSED] - setText(findTestObject("Object Repository/Page_KiboEngage  Create Broadcast/input_Url_form-control"), "https://kiboengage.cloudkibo.com"): Text 'https://kiboengage.cloudkibo.com' is set on object 'Object Repository/Page_KiboEngage  Create Broadcast/input_Url_form-control'

2019-03-22 09:45:24 - [MESSAGE][PASSED] - Text 'https://kiboengage.cloudkibo.com' is set on object 'Object Repository/Page_KiboEngage  Create Broadcast/input_Url_form-control'

2019-03-22 09:45:24 - [TEST_STEP][PASSED] - click(findTestObject("Object Repository/Page_KiboEngage  Create Broadcast/button_Done")): Object: 'Object Repository/Page_KiboEngage  Create Broadcast/button_Done' is clicked on

2019-03-22 09:45:24 - [MESSAGE][PASSED] - Object: 'Object Repository/Page_KiboEngage  Create Broadcast/button_Done' is clicked on

2019-03-22 09:45:24 - [TEST_STEP][PASSED] - delay(1): Delayed 1 second(s)

2019-03-22 09:45:25 - [MESSAGE][PASSED] - Delayed 1 second(s)

2019-03-22 09:45:25 - [TEST_STEP][PASSED] - click(findTestObject("Object Repository/Page_KiboEngage  Create Broadcast/button_test3")): Object: 'Object Repository/Page_KiboEngage  Create Broadcast/button_test3' is clicked on

2019-03-22 09:45:26 - [MESSAGE][PASSED] - Object: 'Object Repository/Page_KiboEngage  Create Broadcast/button_test3' is clicked on

2019-03-22 09:45:26 - [TEST_STEP][PASSED] - click(findTestObject("Object Repository/Page_KiboEngage  Create Broadcast/strong_Edit Button")): Object: 'Object Repository/Page_KiboEngage  Create Broadcast/strong_Edit Button' is clicked on

2019-03-22 09:45:26 - [MESSAGE][PASSED] - Object: 'Object Repository/Page_KiboEngage  Create Broadcast/strong_Edit Button' is clicked on

2019-03-22 09:45:26 - [TEST_STEP][PASSED] - click(findTestObject("Object Repository/Page_KiboEngage  Create Broadcast/button_Remove")): Object: 'Object Repository/Page_KiboEngage  Create Broadcast/button_Remove' is clicked on

2019-03-22 09:45:26 - [MESSAGE][PASSED] - Object: 'Object Repository/Page_KiboEngage  Create Broadcast/button_Remove' is clicked on

2019-03-22 09:45:26 - [TEST_STEP][PASSED] - click(findTestObject("Object Repository/Page_KiboEngage  Create Broadcast/i_Broadcast Title_fa fa-times fa-stack-2x_2")): Object: 'Object Repository/Page_KiboEngage  Create Broadcast/i_Broadcast Title_fa fa-times fa-stack-2x_2' is clicked on

2019-03-22 09:45:26 - [MESSAGE][PASSED] - Object: 'Object Repository/Page_KiboEngage  Create Broadcast/i_Broadcast Title_fa fa-times fa-stack-2x_2' is clicked on

2019-03-22 09:45:26 - [TEST_STEP][PASSED] - delay(2): Delayed 2 second(s)

2019-03-22 09:45:28 - [MESSAGE][PASSED] - Delayed 2 second(s)

2019-03-22 09:45:28 - [TEST_STEP][PASSED] - click(findTestObject("Object Repository/Page_KiboEngage  Create Broadcast/div_List")): Object: 'Object Repository/Page_KiboEngage  Create Broadcast/div_List' is clicked on

2019-03-22 09:45:28 - [MESSAGE][PASSED] - Object: 'Object Repository/Page_KiboEngage  Create Broadcast/div_List' is clicked on

2019-03-22 09:45:28 - [TEST_STEP][PASSED] - click(findTestObject("Object Repository/Page_KiboEngage  Create Broadcast/h6_ Add Button")): Object: 'Object Repository/Page_KiboEngage  Create Broadcast/h6_ Add Button' is clicked on

2019-03-22 09:45:28 - [MESSAGE][PASSED] - Object: 'Object Repository/Page_KiboEngage  Create Broadcast/h6_ Add Button' is clicked on

2019-03-22 09:45:28 - [TEST_STEP][PASSED] - setText(findTestObject("Object Repository/Page_KiboEngage  Create Broadcast/input_Button Title_form-control"), "test4"): Text 'test4' is set on object 'Object Repository/Page_KiboEngage  Create Broadcast/input_Button Title_form-control'

2019-03-22 09:45:28 - [MESSAGE][PASSED] - Text 'test4' is set on object 'Object Repository/Page_KiboEngage  Create Broadcast/input_Button Title_form-control'

2019-03-22 09:45:28 - [TEST_STEP][PASSED] - click(findTestObject("Object Repository/Page_KiboEngage  Create Broadcast/h7_Open a webview")): Object: 'Object Repository/Page_KiboEngage  Create Broadcast/h7_Open a webview' is clicked on

2019-03-22 09:45:28 - [MESSAGE][PASSED] - Object: 'Object Repository/Page_KiboEngage  Create Broadcast/h7_Open a webview' is clicked on

2019-03-22 09:45:28 - [TEST_STEP][PASSED] - setText(findTestObject("Object Repository/Page_KiboEngage  Create Broadcast/input_Url_form-control"), "https://kiboengage.cloudkibo.com"): Text 'https://kiboengage.cloudkibo.com' is set on object 'Object Repository/Page_KiboEngage  Create Broadcast/input_Url_form-control'

2019-03-22 09:45:29 - [MESSAGE][PASSED] - Text 'https://kiboengage.cloudkibo.com' is set on object 'Object Repository/Page_KiboEngage  Create Broadcast/input_Url_form-control'

2019-03-22 09:45:29 - [TEST_STEP][PASSED] - click(findTestObject("Object Repository/Page_KiboEngage  Create Broadcast/button_Done")): Object: 'Object Repository/Page_KiboEngage  Create Broadcast/button_Done' is clicked on

2019-03-22 09:45:29 - [MESSAGE][PASSED] - Object: 'Object Repository/Page_KiboEngage  Create Broadcast/button_Done' is clicked on

2019-03-22 09:45:29 - [TEST_STEP][PASSED] - delay(1): Delayed 1 second(s)

2019-03-22 09:45:30 - [MESSAGE][PASSED] - Delayed 1 second(s)

2019-03-22 09:45:30 - [TEST_STEP][PASSED] - click(findTestObject("Object Repository/Page_KiboEngage  Create Broadcast/button_test4")): Object: 'Object Repository/Page_KiboEngage  Create Broadcast/button_test4' is clicked on

2019-03-22 09:45:30 - [MESSAGE][PASSED] - Object: 'Object Repository/Page_KiboEngage  Create Broadcast/button_test4' is clicked on

2019-03-22 09:45:30 - [TEST_STEP][PASSED] - click(findTestObject("Object Repository/Page_KiboEngage  Create Broadcast/strong_Edit Button")): Object: 'Object Repository/Page_KiboEngage  Create Broadcast/strong_Edit Button' is clicked on

2019-03-22 09:45:30 - [MESSAGE][PASSED] - Object: 'Object Repository/Page_KiboEngage  Create Broadcast/strong_Edit Button' is clicked on

2019-03-22 09:45:30 - [TEST_STEP][PASSED] - click(findTestObject("Object Repository/Page_KiboEngage  Create Broadcast/button_Remove")): Object: 'Object Repository/Page_KiboEngage  Create Broadcast/button_Remove' is clicked on

2019-03-22 09:45:30 - [MESSAGE][PASSED] - Object: 'Object Repository/Page_KiboEngage  Create Broadcast/button_Remove' is clicked on]]></system-out>
         <system-err><![CDATA[]]></system-err>
      </testcase>
      <testcase name="Test Cases/Webview/TC1086" classname="Test Cases/Webview/TC1086" status="PASSED">
         <system-out><![CDATA[2019-03-22 09:45:30 - [TEST_CASE][PASSED] - Test Cases/Webview/TC1086: Test Cases/Webview/TC1086

2019-03-22 09:45:30 - [TEST_STEP][PASSED] - callTestCase(findTestCase("s-sidebar_navigation/individualAccount/Login_Muzamil"), [:], STOP_ON_FAILURE): Call Test Case 'Test Cases/s-sidebar_navigation/individualAccount/Login_Muzamil' successfully

2019-03-22 09:45:30 - [TEST_CASE][PASSED] - Test Cases/s-sidebar_navigation/individualAccount/Login_Muzamil: Test Cases/s-sidebar_navigation/individualAccount/Login_Muzamil

2019-03-22 09:45:30 - [TEST_STEP][PASSED] - openBrowser(""): Browser is opened with url: ''

2019-03-22 09:45:30 - [MESSAGE][WARNING] - A browser is already opened. Closing browser and opening a new one

2019-03-22 09:45:30 - [MESSAGE][INFO] - Starting 'Chrome' driver

2019-03-22 09:45:31 - [MESSAGE][PASSED] - Browser is opened with url: ''

2019-03-22 09:45:31 - [TEST_STEP][PASSED] - maximizeWindow(): Current window maximized

2019-03-22 09:45:31 - [MESSAGE][PASSED] - Current window maximized

2019-03-22 09:45:31 - [TEST_STEP][PASSED] - navigateToUrl("https://app.kibopush.com/"): Navigate to 'https://app.kibopush.com/' successfully

2019-03-22 09:45:46 - [MESSAGE][PASSED] - Navigate to 'https://app.kibopush.com/' successfully

2019-03-22 09:45:46 - [TEST_STEP][PASSED] - click(findTestObject("Page_CloudKibo/a_Login (2)")): Object: 'Object Repository/Page_CloudKibo/a_Login (2)' is clicked on

2019-03-22 09:45:47 - [MESSAGE][PASSED] - Object: 'Object Repository/Page_CloudKibo/a_Login (2)' is clicked on

2019-03-22 09:45:47 - [TEST_STEP][PASSED] - delay(2): Delayed 2 second(s)

2019-03-22 09:45:49 - [MESSAGE][PASSED] - Delayed 2 second(s)

2019-03-22 09:45:49 - [TEST_STEP][PASSED] - setText(findTestObject("Page_CloudKibo/input_Sign In_email (1)"), "muzamil.bukhari.39@gmail.com"): Text 'muzamil.bukhari.39@gmail.com' is set on object 'Object Repository/Page_CloudKibo/input_Sign In_email (1)'

2019-03-22 09:45:49 - [MESSAGE][PASSED] - Text 'muzamil.bukhari.39@gmail.com' is set on object 'Object Repository/Page_CloudKibo/input_Sign In_email (1)'

2019-03-22 09:45:49 - [TEST_STEP][PASSED] - setEncryptedText(findTestObject("Page_CloudKibo/input_Sign In_password (1)"), "ZOMPkeJIpHWb3LMKk986MQ=="): Text ****** has been set on object 'Object Repository/Page_CloudKibo/input_Sign In_password (1)'

2019-03-22 09:45:49 - [MESSAGE][PASSED] - Text ****** has been set on object 'Object Repository/Page_CloudKibo/input_Sign In_password (1)'

2019-03-22 09:45:49 - [TEST_STEP][PASSED] - delay(1): Delayed 1 second(s)

2019-03-22 09:45:50 - [MESSAGE][PASSED] - Delayed 1 second(s)

2019-03-22 09:45:50 - [TEST_STEP][PASSED] - click(findTestObject("Page_CloudKibo/button_Sign In (5)")): Object: 'Object Repository/Page_CloudKibo/button_Sign In (5)' is clicked on

2019-03-22 09:45:50 - [MESSAGE][PASSED] - Object: 'Object Repository/Page_CloudKibo/button_Sign In (5)' is clicked on

2019-03-22 09:45:50 - [TEST_STEP][PASSED] - delay(3): Delayed 3 second(s)

2019-03-22 09:45:53 - [MESSAGE][PASSED] - Delayed 3 second(s)

2019-03-22 09:45:53 - [TEST_STEP][PASSED] - click(findTestObject("Object Repository/Page_KiboEngage  Dashboard/h4_KIBOPUSH")): Object: 'Object Repository/Page_KiboEngage  Dashboard/h4_KIBOPUSH' is clicked on

2019-03-22 09:47:05 - [MESSAGE][PASSED] - Object: 'Object Repository/Page_KiboEngage  Dashboard/h4_KIBOPUSH' is clicked on

2019-03-22 09:47:05 - [MESSAGE][PASSED] - Call Test Case 'Test Cases/s-sidebar_navigation/individualAccount/Login_Muzamil' successfully

2019-03-22 09:47:05 - [TEST_STEP][PASSED] - delay(2): Delayed 2 second(s)

2019-03-22 09:47:07 - [MESSAGE][PASSED] - Delayed 2 second(s)

2019-03-22 09:47:07 - [TEST_STEP][PASSED] - click(findTestObject("Page_KiboEngage  Dashboard/span_Broadcasting (1)")): Object: 'Object Repository/Page_KiboEngage  Dashboard/span_Broadcasting (1)' is clicked on

2019-03-22 09:47:07 - [MESSAGE][PASSED] - Object: 'Object Repository/Page_KiboEngage  Dashboard/span_Broadcasting (1)' is clicked on

2019-03-22 09:47:07 - [TEST_STEP][PASSED] - delay(1): Delayed 1 second(s)

2019-03-22 09:47:08 - [MESSAGE][PASSED] - Delayed 1 second(s)

2019-03-22 09:47:08 - [TEST_STEP][PASSED] - click(findTestObject("Page_KiboEngage  Dashboard/span_Broadcasts")): Object: 'Object Repository/Page_KiboEngage  Dashboard/span_Broadcasts' is clicked on

2019-03-22 09:47:08 - [MESSAGE][PASSED] - Object: 'Object Repository/Page_KiboEngage  Dashboard/span_Broadcasts' is clicked on

2019-03-22 09:47:08 - [TEST_STEP][PASSED] - delay(1): Delayed 1 second(s)

2019-03-22 09:47:09 - [MESSAGE][PASSED] - Delayed 1 second(s)

2019-03-22 09:47:09 - [TEST_STEP][PASSED] - click(findTestObject("Page_KiboEngage  Broadcast/span_Create New (1)")): Object: 'Object Repository/Page_KiboEngage  Broadcast/span_Create New (1)' is clicked on

2019-03-22 09:47:09 - [MESSAGE][PASSED] - Object: 'Object Repository/Page_KiboEngage  Broadcast/span_Create New (1)' is clicked on

2019-03-22 09:47:09 - [TEST_STEP][PASSED] - delay(1): Delayed 1 second(s)

2019-03-22 09:47:10 - [MESSAGE][PASSED] - Delayed 1 second(s)

2019-03-22 09:47:10 - [TEST_STEP][PASSED] - click(findTestObject("Page_KiboEngage  Broadcast/button_Create New Broadcast (1) (1)")): Object: 'Object Repository/Page_KiboEngage  Broadcast/button_Create New Broadcast (1) (1)' is clicked on

2019-03-22 09:47:10 - [MESSAGE][PASSED] - Object: 'Object Repository/Page_KiboEngage  Broadcast/button_Create New Broadcast (1) (1)' is clicked on

2019-03-22 09:47:10 - [TEST_STEP][PASSED] - delay(1): Delayed 1 second(s)

2019-03-22 09:47:11 - [MESSAGE][PASSED] - Delayed 1 second(s)

2019-03-22 09:47:11 - [TEST_STEP][PASSED] - click(findTestObject("Object Repository/Page_KiboEngage  Create Broadcast/div_Text (1)")): Object: 'Object Repository/Page_KiboEngage  Create Broadcast/div_Text (1)' is clicked on

2019-03-22 09:47:11 - [MESSAGE][PASSED] - Object: 'Object Repository/Page_KiboEngage  Create Broadcast/div_Text (1)' is clicked on

2019-03-22 09:47:11 - [TEST_STEP][PASSED] - delay(1): Delayed 1 second(s)

2019-03-22 09:47:12 - [MESSAGE][PASSED] - Delayed 1 second(s)

2019-03-22 09:47:12 - [TEST_STEP][PASSED] - click(findTestObject("Object Repository/Page_KiboEngage  Create Broadcast/h6_ Add Button (1)")): Object: 'Object Repository/Page_KiboEngage  Create Broadcast/h6_ Add Button (1)' is clicked on

2019-03-22 09:47:12 - [MESSAGE][PASSED] - Object: 'Object Repository/Page_KiboEngage  Create Broadcast/h6_ Add Button (1)' is clicked on

2019-03-22 09:47:12 - [TEST_STEP][PASSED] - delay(1): Delayed 1 second(s)

2019-03-22 09:47:13 - [MESSAGE][PASSED] - Delayed 1 second(s)

2019-03-22 09:47:13 - [TEST_STEP][PASSED] - setText(findTestObject("Object Repository/Page_KiboEngage  Create Broadcast/input_Button Title_form-control (1)"), "test"): Text 'test' is set on object 'Object Repository/Page_KiboEngage  Create Broadcast/input_Button Title_form-control (1)'

2019-03-22 09:47:14 - [MESSAGE][PASSED] - Text 'test' is set on object 'Object Repository/Page_KiboEngage  Create Broadcast/input_Button Title_form-control (1)'

2019-03-22 09:47:14 - [TEST_STEP][PASSED] - delay(1): Delayed 1 second(s)

2019-03-22 09:47:15 - [MESSAGE][PASSED] - Delayed 1 second(s)

2019-03-22 09:47:15 - [TEST_STEP][PASSED] - click(findTestObject("Object Repository/Page_KiboEngage  Create Broadcast/h7_Open a webview (1)")): Object: 'Object Repository/Page_KiboEngage  Create Broadcast/h7_Open a webview (1)' is clicked on

2019-03-22 09:47:15 - [MESSAGE][PASSED] - Object: 'Object Repository/Page_KiboEngage  Create Broadcast/h7_Open a webview (1)' is clicked on

2019-03-22 09:47:15 - [TEST_STEP][PASSED] - delay(1): Delayed 1 second(s)

2019-03-22 09:47:16 - [MESSAGE][PASSED] - Delayed 1 second(s)

2019-03-22 09:47:16 - [TEST_STEP][PASSED] - click(findTestObject("Object Repository/Page_KiboEngage  Create Broadcast/a_Whitelist url domains to open in-app browser")): Object: 'Object Repository/Page_KiboEngage  Create Broadcast/a_Whitelist url domains to open in-app browser' is clicked on

2019-03-22 09:47:16 - [MESSAGE][PASSED] - Object: 'Object Repository/Page_KiboEngage  Create Broadcast/a_Whitelist url domains to open in-app browser' is clicked on

2019-03-22 09:47:16 - [TEST_STEP][PASSED] - delay(1): Delayed 1 second(s)

2019-03-22 09:47:17 - [MESSAGE][PASSED] - Delayed 1 second(s)

2019-03-22 09:47:17 - [TEST_STEP][PASSED] - click(findTestObject("Object Repository/Page_KiboPush  api_settings/span_Whitelist Domains")): Object: 'Object Repository/Page_KiboPush  api_settings/span_Whitelist Domains' is clicked on

2019-03-22 09:47:17 - [MESSAGE][PASSED] - Object: 'Object Repository/Page_KiboPush  api_settings/span_Whitelist Domains' is clicked on

2019-03-22 09:47:17 - [TEST_STEP][PASSED] - delay(1): Delayed 1 second(s)

2019-03-22 09:47:18 - [MESSAGE][PASSED] - Delayed 1 second(s)

2019-03-22 09:47:18 - [TEST_STEP][PASSED] - click(findTestObject("Object Repository/Page_KiboPush  Whitelist Domains/span_Whitelist Domains")): Object: 'Object Repository/Page_KiboPush  Whitelist Domains/span_Whitelist Domains' is clicked on

2019-03-22 09:47:18 - [MESSAGE][PASSED] - Object: 'Object Repository/Page_KiboPush  Whitelist Domains/span_Whitelist Domains' is clicked on]]></system-out>
         <system-err><![CDATA[]]></system-err>
      </testcase>
      <testcase name="Test Cases/Webview/TC1087" classname="Test Cases/Webview/TC1087" status="PASSED">
         <system-out><![CDATA[2019-03-22 09:47:18 - [TEST_CASE][PASSED] - Test Cases/Webview/TC1087: Test Cases/Webview/TC1087

2019-03-22 09:47:18 - [TEST_STEP][PASSED] - callTestCase(findTestCase("s-sidebar_navigation/individualAccount/Login_Muzamil"), [:], STOP_ON_FAILURE): Call Test Case 'Test Cases/s-sidebar_navigation/individualAccount/Login_Muzamil' successfully

2019-03-22 09:47:18 - [TEST_CASE][PASSED] - Test Cases/s-sidebar_navigation/individualAccount/Login_Muzamil: Test Cases/s-sidebar_navigation/individualAccount/Login_Muzamil

2019-03-22 09:47:18 - [TEST_STEP][PASSED] - openBrowser(""): Browser is opened with url: ''

2019-03-22 09:47:18 - [MESSAGE][WARNING] - A browser is already opened. Closing browser and opening a new one

2019-03-22 09:47:18 - [MESSAGE][INFO] - Starting 'Chrome' driver

2019-03-22 09:47:19 - [MESSAGE][PASSED] - Browser is opened with url: ''

2019-03-22 09:47:19 - [TEST_STEP][PASSED] - maximizeWindow(): Current window maximized

2019-03-22 09:47:19 - [MESSAGE][PASSED] - Current window maximized

2019-03-22 09:47:19 - [TEST_STEP][PASSED] - navigateToUrl("https://app.kibopush.com/"): Navigate to 'https://app.kibopush.com/' successfully

2019-03-22 09:47:37 - [MESSAGE][PASSED] - Navigate to 'https://app.kibopush.com/' successfully

2019-03-22 09:47:37 - [TEST_STEP][PASSED] - click(findTestObject("Page_CloudKibo/a_Login (2)")): Object: 'Object Repository/Page_CloudKibo/a_Login (2)' is clicked on

2019-03-22 09:47:38 - [MESSAGE][PASSED] - Object: 'Object Repository/Page_CloudKibo/a_Login (2)' is clicked on

2019-03-22 09:47:38 - [TEST_STEP][PASSED] - delay(2): Delayed 2 second(s)

2019-03-22 09:47:40 - [MESSAGE][PASSED] - Delayed 2 second(s)

2019-03-22 09:47:40 - [TEST_STEP][PASSED] - setText(findTestObject("Page_CloudKibo/input_Sign In_email (1)"), "muzamil.bukhari.39@gmail.com"): Text 'muzamil.bukhari.39@gmail.com' is set on object 'Object Repository/Page_CloudKibo/input_Sign In_email (1)'

2019-03-22 09:47:40 - [MESSAGE][PASSED] - Text 'muzamil.bukhari.39@gmail.com' is set on object 'Object Repository/Page_CloudKibo/input_Sign In_email (1)'

2019-03-22 09:47:40 - [TEST_STEP][PASSED] - setEncryptedText(findTestObject("Page_CloudKibo/input_Sign In_password (1)"), "ZOMPkeJIpHWb3LMKk986MQ=="): Text ****** has been set on object 'Object Repository/Page_CloudKibo/input_Sign In_password (1)'

2019-03-22 09:47:40 - [MESSAGE][PASSED] - Text ****** has been set on object 'Object Repository/Page_CloudKibo/input_Sign In_password (1)'

2019-03-22 09:47:40 - [TEST_STEP][PASSED] - delay(1): Delayed 1 second(s)

2019-03-22 09:47:41 - [MESSAGE][PASSED] - Delayed 1 second(s)

2019-03-22 09:47:41 - [TEST_STEP][PASSED] - click(findTestObject("Page_CloudKibo/button_Sign In (5)")): Object: 'Object Repository/Page_CloudKibo/button_Sign In (5)' is clicked on

2019-03-22 09:47:41 - [MESSAGE][PASSED] - Object: 'Object Repository/Page_CloudKibo/button_Sign In (5)' is clicked on

2019-03-22 09:47:41 - [TEST_STEP][PASSED] - delay(3): Delayed 3 second(s)

2019-03-22 09:47:44 - [MESSAGE][PASSED] - Delayed 3 second(s)

2019-03-22 09:47:44 - [TEST_STEP][PASSED] - click(findTestObject("Object Repository/Page_KiboEngage  Dashboard/h4_KIBOPUSH")): Object: 'Object Repository/Page_KiboEngage  Dashboard/h4_KIBOPUSH' is clicked on

2019-03-22 09:47:54 - [MESSAGE][PASSED] - Object: 'Object Repository/Page_KiboEngage  Dashboard/h4_KIBOPUSH' is clicked on

2019-03-22 09:47:54 - [MESSAGE][PASSED] - Call Test Case 'Test Cases/s-sidebar_navigation/individualAccount/Login_Muzamil' successfully

2019-03-22 09:47:54 - [TEST_STEP][PASSED] - delay(2): Delayed 2 second(s)

2019-03-22 09:47:56 - [MESSAGE][PASSED] - Delayed 2 second(s)

2019-03-22 09:47:56 - [TEST_STEP][PASSED] - click(findTestObject("Page_KiboEngage  Dashboard/span_Broadcasting (1)")): Object: 'Object Repository/Page_KiboEngage  Dashboard/span_Broadcasting (1)' is clicked on

2019-03-22 09:47:57 - [MESSAGE][PASSED] - Object: 'Object Repository/Page_KiboEngage  Dashboard/span_Broadcasting (1)' is clicked on

2019-03-22 09:47:57 - [TEST_STEP][PASSED] - delay(1): Delayed 1 second(s)

2019-03-22 09:47:58 - [MESSAGE][PASSED] - Delayed 1 second(s)

2019-03-22 09:47:58 - [TEST_STEP][PASSED] - click(findTestObject("Page_KiboEngage  Dashboard/span_Broadcasts")): Object: 'Object Repository/Page_KiboEngage  Dashboard/span_Broadcasts' is clicked on

2019-03-22 09:47:58 - [MESSAGE][PASSED] - Object: 'Object Repository/Page_KiboEngage  Dashboard/span_Broadcasts' is clicked on

2019-03-22 09:47:58 - [TEST_STEP][PASSED] - delay(1): Delayed 1 second(s)

2019-03-22 09:47:59 - [MESSAGE][PASSED] - Delayed 1 second(s)

2019-03-22 09:47:59 - [TEST_STEP][PASSED] - click(findTestObject("Page_KiboEngage  Broadcast/span_Create New (1)")): Object: 'Object Repository/Page_KiboEngage  Broadcast/span_Create New (1)' is clicked on

2019-03-22 09:47:59 - [MESSAGE][PASSED] - Object: 'Object Repository/Page_KiboEngage  Broadcast/span_Create New (1)' is clicked on

2019-03-22 09:47:59 - [TEST_STEP][PASSED] - delay(1): Delayed 1 second(s)

2019-03-22 09:48:00 - [MESSAGE][PASSED] - Delayed 1 second(s)

2019-03-22 09:48:00 - [TEST_STEP][PASSED] - click(findTestObject("Page_KiboEngage  Broadcast/button_Create New Broadcast (1) (1)")): Object: 'Object Repository/Page_KiboEngage  Broadcast/button_Create New Broadcast (1) (1)' is clicked on

2019-03-22 09:48:00 - [MESSAGE][PASSED] - Object: 'Object Repository/Page_KiboEngage  Broadcast/button_Create New Broadcast (1) (1)' is clicked on

2019-03-22 09:48:00 - [TEST_STEP][PASSED] - delay(1): Delayed 1 second(s)

2019-03-22 09:48:01 - [MESSAGE][PASSED] - Delayed 1 second(s)

2019-03-22 09:48:01 - [TEST_STEP][PASSED] - click(findTestObject("Object Repository/Page_KiboEngage  Create Broadcast/div_Text (1) (1)")): Object: 'Object Repository/Page_KiboEngage  Create Broadcast/div_Text (1) (1)' is clicked on

2019-03-22 09:48:01 - [MESSAGE][PASSED] - Object: 'Object Repository/Page_KiboEngage  Create Broadcast/div_Text (1) (1)' is clicked on

2019-03-22 09:48:01 - [TEST_STEP][PASSED] - delay(1): Delayed 1 second(s)

2019-03-22 09:48:02 - [MESSAGE][PASSED] - Delayed 1 second(s)

2019-03-22 09:48:02 - [TEST_STEP][PASSED] - click(findTestObject("Object Repository/Page_KiboEngage  Create Broadcast/h6_ Add Button (1) (1)")): Object: 'Object Repository/Page_KiboEngage  Create Broadcast/h6_ Add Button (1) (1)' is clicked on

2019-03-22 09:48:02 - [MESSAGE][PASSED] - Object: 'Object Repository/Page_KiboEngage  Create Broadcast/h6_ Add Button (1) (1)' is clicked on

2019-03-22 09:48:02 - [TEST_STEP][PASSED] - delay(1): Delayed 1 second(s)

2019-03-22 09:48:03 - [MESSAGE][PASSED] - Delayed 1 second(s)

2019-03-22 09:48:03 - [TEST_STEP][PASSED] - setText(findTestObject("Object Repository/Page_KiboEngage  Create Broadcast/input_Button Title_form-control (1) (1)"), "test"): Text 'test' is set on object 'Object Repository/Page_KiboEngage  Create Broadcast/input_Button Title_form-control (1) (1)'

2019-03-22 09:48:03 - [MESSAGE][PASSED] - Text 'test' is set on object 'Object Repository/Page_KiboEngage  Create Broadcast/input_Button Title_form-control (1) (1)'

2019-03-22 09:48:03 - [TEST_STEP][PASSED] - delay(1): Delayed 1 second(s)

2019-03-22 09:48:04 - [MESSAGE][PASSED] - Delayed 1 second(s)

2019-03-22 09:48:04 - [TEST_STEP][PASSED] - click(findTestObject("Object Repository/Page_KiboEngage  Create Broadcast/h7_Open a webview (1) (1)")): Object: 'Object Repository/Page_KiboEngage  Create Broadcast/h7_Open a webview (1) (1)' is clicked on

2019-03-22 09:48:04 - [MESSAGE][PASSED] - Object: 'Object Repository/Page_KiboEngage  Create Broadcast/h7_Open a webview (1) (1)' is clicked on

2019-03-22 09:48:04 - [TEST_STEP][PASSED] - delay(1): Delayed 1 second(s)

2019-03-22 09:48:05 - [MESSAGE][PASSED] - Delayed 1 second(s)

2019-03-22 09:48:05 - [TEST_STEP][PASSED] - click(findTestObject("Object Repository/Page_KiboEngage  Create Broadcast/button_Cancel")): Object: 'Object Repository/Page_KiboEngage  Create Broadcast/button_Cancel' is clicked on

2019-03-22 09:48:06 - [MESSAGE][PASSED] - Object: 'Object Repository/Page_KiboEngage  Create Broadcast/button_Cancel' is clicked on

2019-03-22 09:48:06 - [TEST_STEP][PASSED] - delay(1): Delayed 1 second(s)

2019-03-22 09:48:07 - [MESSAGE][PASSED] - Delayed 1 second(s)

2019-03-22 09:48:07 - [TEST_STEP][PASSED] - click(findTestObject("Object Repository/Page_KiboEngage  Create Broadcast/div_ Add Button")): Object: 'Object Repository/Page_KiboEngage  Create Broadcast/div_ Add Button' is clicked on

2019-03-22 09:48:07 - [MESSAGE][PASSED] - Object: 'Object Repository/Page_KiboEngage  Create Broadcast/div_ Add Button' is clicked on]]></system-out>
         <system-err><![CDATA[]]></system-err>
      </testcase>
      <testcase name="Test Cases/Webview/TC1088" classname="Test Cases/Webview/TC1088" status="PASSED">
         <system-out><![CDATA[2019-03-22 09:48:07 - [TEST_CASE][PASSED] - Test Cases/Webview/TC1088: Test Cases/Webview/TC1088

2019-03-22 09:48:07 - [TEST_STEP][PASSED] - callTestCase(findTestCase("s-sidebar_navigation/individualAccount/Login_Muzamil"), [:], STOP_ON_FAILURE): Call Test Case 'Test Cases/s-sidebar_navigation/individualAccount/Login_Muzamil' successfully

2019-03-22 09:48:07 - [TEST_CASE][PASSED] - Test Cases/s-sidebar_navigation/individualAccount/Login_Muzamil: Test Cases/s-sidebar_navigation/individualAccount/Login_Muzamil

2019-03-22 09:48:07 - [TEST_STEP][PASSED] - openBrowser(""): Browser is opened with url: ''

2019-03-22 09:48:07 - [MESSAGE][WARNING] - A browser is already opened. Closing browser and opening a new one

2019-03-22 09:48:07 - [MESSAGE][INFO] - Starting 'Chrome' driver

2019-03-22 09:48:07 - [MESSAGE][PASSED] - Browser is opened with url: ''

2019-03-22 09:48:07 - [TEST_STEP][PASSED] - maximizeWindow(): Current window maximized

2019-03-22 09:48:07 - [MESSAGE][PASSED] - Current window maximized

2019-03-22 09:48:07 - [TEST_STEP][PASSED] - navigateToUrl("https://app.kibopush.com/"): Navigate to 'https://app.kibopush.com/' successfully

2019-03-22 09:48:21 - [MESSAGE][PASSED] - Navigate to 'https://app.kibopush.com/' successfully

2019-03-22 09:48:21 - [TEST_STEP][PASSED] - click(findTestObject("Page_CloudKibo/a_Login (2)")): Object: 'Object Repository/Page_CloudKibo/a_Login (2)' is clicked on

2019-03-22 09:48:21 - [MESSAGE][PASSED] - Object: 'Object Repository/Page_CloudKibo/a_Login (2)' is clicked on

2019-03-22 09:48:21 - [TEST_STEP][PASSED] - delay(2): Delayed 2 second(s)

2019-03-22 09:48:24 - [MESSAGE][PASSED] - Delayed 2 second(s)

2019-03-22 09:48:24 - [TEST_STEP][PASSED] - setText(findTestObject("Page_CloudKibo/input_Sign In_email (1)"), "muzamil.bukhari.39@gmail.com"): Text 'muzamil.bukhari.39@gmail.com' is set on object 'Object Repository/Page_CloudKibo/input_Sign In_email (1)'

2019-03-22 09:48:24 - [MESSAGE][PASSED] - Text 'muzamil.bukhari.39@gmail.com' is set on object 'Object Repository/Page_CloudKibo/input_Sign In_email (1)'

2019-03-22 09:48:24 - [TEST_STEP][PASSED] - setEncryptedText(findTestObject("Page_CloudKibo/input_Sign In_password (1)"), "ZOMPkeJIpHWb3LMKk986MQ=="): Text ****** has been set on object 'Object Repository/Page_CloudKibo/input_Sign In_password (1)'

2019-03-22 09:48:24 - [MESSAGE][PASSED] - Text ****** has been set on object 'Object Repository/Page_CloudKibo/input_Sign In_password (1)'

2019-03-22 09:48:24 - [TEST_STEP][PASSED] - delay(1): Delayed 1 second(s)

2019-03-22 09:48:25 - [MESSAGE][PASSED] - Delayed 1 second(s)

2019-03-22 09:48:25 - [TEST_STEP][PASSED] - click(findTestObject("Page_CloudKibo/button_Sign In (5)")): Object: 'Object Repository/Page_CloudKibo/button_Sign In (5)' is clicked on

2019-03-22 09:48:25 - [MESSAGE][PASSED] - Object: 'Object Repository/Page_CloudKibo/button_Sign In (5)' is clicked on

2019-03-22 09:48:25 - [TEST_STEP][PASSED] - delay(3): Delayed 3 second(s)

2019-03-22 09:48:28 - [MESSAGE][PASSED] - Delayed 3 second(s)

2019-03-22 09:48:28 - [TEST_STEP][PASSED] - click(findTestObject("Object Repository/Page_KiboEngage  Dashboard/h4_KIBOPUSH")): Object: 'Object Repository/Page_KiboEngage  Dashboard/h4_KIBOPUSH' is clicked on

2019-03-22 09:48:38 - [MESSAGE][PASSED] - Object: 'Object Repository/Page_KiboEngage  Dashboard/h4_KIBOPUSH' is clicked on

2019-03-22 09:48:38 - [MESSAGE][PASSED] - Call Test Case 'Test Cases/s-sidebar_navigation/individualAccount/Login_Muzamil' successfully

2019-03-22 09:48:38 - [TEST_STEP][PASSED] - delay(2): Delayed 2 second(s)

2019-03-22 09:48:40 - [MESSAGE][PASSED] - Delayed 2 second(s)

2019-03-22 09:48:40 - [TEST_STEP][PASSED] - click(findTestObject("Page_KiboEngage  Dashboard/span_Broadcasting (1)")): Object: 'Object Repository/Page_KiboEngage  Dashboard/span_Broadcasting (1)' is clicked on

2019-03-22 09:48:40 - [MESSAGE][PASSED] - Object: 'Object Repository/Page_KiboEngage  Dashboard/span_Broadcasting (1)' is clicked on

2019-03-22 09:48:40 - [TEST_STEP][PASSED] - delay(1): Delayed 1 second(s)

2019-03-22 09:48:41 - [MESSAGE][PASSED] - Delayed 1 second(s)

2019-03-22 09:48:41 - [TEST_STEP][PASSED] - click(findTestObject("Page_KiboEngage  Dashboard/span_Broadcasts")): Object: 'Object Repository/Page_KiboEngage  Dashboard/span_Broadcasts' is clicked on

2019-03-22 09:48:41 - [MESSAGE][PASSED] - Object: 'Object Repository/Page_KiboEngage  Dashboard/span_Broadcasts' is clicked on

2019-03-22 09:48:41 - [TEST_STEP][PASSED] - delay(1): Delayed 1 second(s)

2019-03-22 09:48:42 - [MESSAGE][PASSED] - Delayed 1 second(s)

2019-03-22 09:48:42 - [TEST_STEP][PASSED] - click(findTestObject("Page_KiboEngage  Broadcast/span_Create New")): Object: 'Object Repository/Page_KiboEngage  Broadcast/span_Create New' is clicked on

2019-03-22 09:48:42 - [MESSAGE][PASSED] - Object: 'Object Repository/Page_KiboEngage  Broadcast/span_Create New' is clicked on

2019-03-22 09:48:42 - [TEST_STEP][PASSED] - click(findTestObject("Page_KiboEngage  Broadcast/button_Create New Broadcast (1)")): Object: 'Object Repository/Page_KiboEngage  Broadcast/button_Create New Broadcast (1)' is clicked on

2019-03-22 09:48:43 - [MESSAGE][PASSED] - Object: 'Object Repository/Page_KiboEngage  Broadcast/button_Create New Broadcast (1)' is clicked on

2019-03-22 09:48:43 - [TEST_STEP][PASSED] - delay(1): Delayed 1 second(s)

2019-03-22 09:48:44 - [MESSAGE][PASSED] - Delayed 1 second(s)

2019-03-22 09:48:44 - [TEST_STEP][PASSED] - click(findTestObject("Object Repository/Page_KiboEngage  Create Broadcast/div_Text (2)")): Object: 'Object Repository/Page_KiboEngage  Create Broadcast/div_Text (2)' is clicked on

2019-03-22 09:48:44 - [MESSAGE][PASSED] - Object: 'Object Repository/Page_KiboEngage  Create Broadcast/div_Text (2)' is clicked on

2019-03-22 09:48:44 - [TEST_STEP][PASSED] - delay(1): Delayed 1 second(s)

2019-03-22 09:48:45 - [MESSAGE][PASSED] - Delayed 1 second(s)

2019-03-22 09:48:45 - [TEST_STEP][PASSED] - click(findTestObject("Object Repository/Page_KiboEngage  Create Broadcast/h6_ Add Button (2)")): Object: 'Object Repository/Page_KiboEngage  Create Broadcast/h6_ Add Button (2)' is clicked on

2019-03-22 09:48:45 - [MESSAGE][PASSED] - Object: 'Object Repository/Page_KiboEngage  Create Broadcast/h6_ Add Button (2)' is clicked on

2019-03-22 09:48:45 - [TEST_STEP][PASSED] - setText(findTestObject("Object Repository/Page_KiboEngage  Create Broadcast/input_Button Title_form-control (2)"), "test"): Text 'test' is set on object 'Object Repository/Page_KiboEngage  Create Broadcast/input_Button Title_form-control (2)'

2019-03-22 09:48:45 - [MESSAGE][PASSED] - Text 'test' is set on object 'Object Repository/Page_KiboEngage  Create Broadcast/input_Button Title_form-control (2)'

2019-03-22 09:48:45 - [TEST_STEP][PASSED] - click(findTestObject("Object Repository/Page_KiboEngage  Create Broadcast/h7_Open a webview (2)")): Object: 'Object Repository/Page_KiboEngage  Create Broadcast/h7_Open a webview (2)' is clicked on

2019-03-22 09:48:45 - [MESSAGE][PASSED] - Object: 'Object Repository/Page_KiboEngage  Create Broadcast/h7_Open a webview (2)' is clicked on

2019-03-22 09:48:45 - [TEST_STEP][PASSED] - setText(findTestObject("Object Repository/Page_KiboEngage  Create Broadcast/input_Url_form-control (1)"), "https://kiboengage.cloudkibo.com"): Text 'https://kiboengage.cloudkibo.com' is set on object 'Object Repository/Page_KiboEngage  Create Broadcast/input_Url_form-control (1)'

2019-03-22 09:48:46 - [MESSAGE][PASSED] - Text 'https://kiboengage.cloudkibo.com' is set on object 'Object Repository/Page_KiboEngage  Create Broadcast/input_Url_form-control (1)'

2019-03-22 09:48:46 - [TEST_STEP][PASSED] - click(findTestObject("Object Repository/Page_KiboEngage  Create Broadcast/button_Done (1)")): Object: 'Object Repository/Page_KiboEngage  Create Broadcast/button_Done (1)' is clicked on

2019-03-22 09:48:46 - [MESSAGE][PASSED] - Object: 'Object Repository/Page_KiboEngage  Create Broadcast/button_Done (1)' is clicked on

2019-03-22 09:48:46 - [TEST_STEP][PASSED] - delay(1): Delayed 1 second(s)

2019-03-22 09:48:47 - [MESSAGE][PASSED] - Delayed 1 second(s)

2019-03-22 09:48:47 - [TEST_STEP][PASSED] - click(findTestObject("Object Repository/Page_KiboEngage  Create Broadcast/button_test (1)")): Object: 'Object Repository/Page_KiboEngage  Create Broadcast/button_test (1)' is clicked on

2019-03-22 09:48:47 - [MESSAGE][PASSED] - Object: 'Object Repository/Page_KiboEngage  Create Broadcast/button_test (1)' is clicked on

2019-03-22 09:48:47 - [TEST_STEP][PASSED] - delay(1): Delayed 1 second(s)

2019-03-22 09:48:48 - [MESSAGE][PASSED] - Delayed 1 second(s)

2019-03-22 09:48:48 - [TEST_STEP][PASSED] - selectOptionByValue(findTestObject("Object Repository/Page_KiboEngage  Create Broadcast/select_COMPACTTALLFULL"), "COMPACT", true): All options with value 'COMPACT' are selected in object 'Object Repository/Page_KiboEngage  Create Broadcast/select_COMPACTTALLFULL'  using regular expression

2019-03-22 09:48:48 - [MESSAGE][PASSED] - All options with value 'COMPACT' are selected in object 'Object Repository/Page_KiboEngage  Create Broadcast/select_COMPACTTALLFULL'  using regular expression

2019-03-22 09:48:48 - [TEST_STEP][PASSED] - click(findTestObject("Object Repository/Page_KiboEngage  Create Broadcast/button_Done (1)")): Object: 'Object Repository/Page_KiboEngage  Create Broadcast/button_Done (1)' is clicked on

2019-03-22 09:48:48 - [MESSAGE][PASSED] - Object: 'Object Repository/Page_KiboEngage  Create Broadcast/button_Done (1)' is clicked on]]></system-out>
         <system-err><![CDATA[]]></system-err>
      </testcase>
      <testcase name="Test Cases/Webview/TC1089" classname="Test Cases/Webview/TC1089" status="PASSED">
         <system-out><![CDATA[2019-03-22 09:48:48 - [TEST_CASE][PASSED] - Test Cases/Webview/TC1089: Test Cases/Webview/TC1089

2019-03-22 09:48:48 - [TEST_STEP][PASSED] - callTestCase(findTestCase("s-sidebar_navigation/individualAccount/Login_Muzamil"), [:], STOP_ON_FAILURE): Call Test Case 'Test Cases/s-sidebar_navigation/individualAccount/Login_Muzamil' successfully

2019-03-22 09:48:48 - [TEST_CASE][PASSED] - Test Cases/s-sidebar_navigation/individualAccount/Login_Muzamil: Test Cases/s-sidebar_navigation/individualAccount/Login_Muzamil

2019-03-22 09:48:48 - [TEST_STEP][PASSED] - openBrowser(""): Browser is opened with url: ''

2019-03-22 09:48:48 - [MESSAGE][WARNING] - A browser is already opened. Closing browser and opening a new one

2019-03-22 09:48:48 - [MESSAGE][INFO] - Starting 'Chrome' driver

2019-03-22 09:48:49 - [MESSAGE][PASSED] - Browser is opened with url: ''

2019-03-22 09:48:49 - [TEST_STEP][PASSED] - maximizeWindow(): Current window maximized

2019-03-22 09:48:49 - [MESSAGE][PASSED] - Current window maximized

2019-03-22 09:48:49 - [TEST_STEP][PASSED] - navigateToUrl("https://app.kibopush.com/"): Navigate to 'https://app.kibopush.com/' successfully

2019-03-22 09:48:59 - [MESSAGE][PASSED] - Navigate to 'https://app.kibopush.com/' successfully

2019-03-22 09:48:59 - [TEST_STEP][PASSED] - click(findTestObject("Page_CloudKibo/a_Login (2)")): Object: 'Object Repository/Page_CloudKibo/a_Login (2)' is clicked on

2019-03-22 09:49:00 - [MESSAGE][PASSED] - Object: 'Object Repository/Page_CloudKibo/a_Login (2)' is clicked on

2019-03-22 09:49:00 - [TEST_STEP][PASSED] - delay(2): Delayed 2 second(s)

2019-03-22 09:49:02 - [MESSAGE][PASSED] - Delayed 2 second(s)

2019-03-22 09:49:02 - [TEST_STEP][PASSED] - setText(findTestObject("Page_CloudKibo/input_Sign In_email (1)"), "muzamil.bukhari.39@gmail.com"): Text 'muzamil.bukhari.39@gmail.com' is set on object 'Object Repository/Page_CloudKibo/input_Sign In_email (1)'

2019-03-22 09:49:02 - [MESSAGE][PASSED] - Text 'muzamil.bukhari.39@gmail.com' is set on object 'Object Repository/Page_CloudKibo/input_Sign In_email (1)'

2019-03-22 09:49:02 - [TEST_STEP][PASSED] - setEncryptedText(findTestObject("Page_CloudKibo/input_Sign In_password (1)"), "ZOMPkeJIpHWb3LMKk986MQ=="): Text ****** has been set on object 'Object Repository/Page_CloudKibo/input_Sign In_password (1)'

2019-03-22 09:49:02 - [MESSAGE][PASSED] - Text ****** has been set on object 'Object Repository/Page_CloudKibo/input_Sign In_password (1)'

2019-03-22 09:49:02 - [TEST_STEP][PASSED] - delay(1): Delayed 1 second(s)

2019-03-22 09:49:03 - [MESSAGE][PASSED] - Delayed 1 second(s)

2019-03-22 09:49:03 - [TEST_STEP][PASSED] - click(findTestObject("Page_CloudKibo/button_Sign In (5)")): Object: 'Object Repository/Page_CloudKibo/button_Sign In (5)' is clicked on

2019-03-22 09:49:03 - [MESSAGE][PASSED] - Object: 'Object Repository/Page_CloudKibo/button_Sign In (5)' is clicked on

2019-03-22 09:49:03 - [TEST_STEP][PASSED] - delay(3): Delayed 3 second(s)

2019-03-22 09:49:06 - [MESSAGE][PASSED] - Delayed 3 second(s)

2019-03-22 09:49:06 - [TEST_STEP][PASSED] - click(findTestObject("Object Repository/Page_KiboEngage  Dashboard/h4_KIBOPUSH")): Object: 'Object Repository/Page_KiboEngage  Dashboard/h4_KIBOPUSH' is clicked on

2019-03-22 09:49:16 - [MESSAGE][PASSED] - Object: 'Object Repository/Page_KiboEngage  Dashboard/h4_KIBOPUSH' is clicked on

2019-03-22 09:49:16 - [MESSAGE][PASSED] - Call Test Case 'Test Cases/s-sidebar_navigation/individualAccount/Login_Muzamil' successfully

2019-03-22 09:49:16 - [TEST_STEP][PASSED] - delay(2): Delayed 2 second(s)

2019-03-22 09:49:18 - [MESSAGE][PASSED] - Delayed 2 second(s)

2019-03-22 09:49:18 - [TEST_STEP][PASSED] - click(findTestObject("Page_KiboEngage  Dashboard/span_Broadcasting (1)")): Object: 'Object Repository/Page_KiboEngage  Dashboard/span_Broadcasting (1)' is clicked on

2019-03-22 09:49:18 - [MESSAGE][PASSED] - Object: 'Object Repository/Page_KiboEngage  Dashboard/span_Broadcasting (1)' is clicked on

2019-03-22 09:49:18 - [TEST_STEP][PASSED] - delay(1): Delayed 1 second(s)

2019-03-22 09:49:19 - [MESSAGE][PASSED] - Delayed 1 second(s)

2019-03-22 09:49:19 - [TEST_STEP][PASSED] - click(findTestObject("Page_KiboEngage  Dashboard/span_Broadcasts")): Object: 'Object Repository/Page_KiboEngage  Dashboard/span_Broadcasts' is clicked on

2019-03-22 09:49:19 - [MESSAGE][PASSED] - Object: 'Object Repository/Page_KiboEngage  Dashboard/span_Broadcasts' is clicked on

2019-03-22 09:49:19 - [TEST_STEP][PASSED] - delay(1): Delayed 1 second(s)

2019-03-22 09:49:20 - [MESSAGE][PASSED] - Delayed 1 second(s)

2019-03-22 09:49:20 - [TEST_STEP][PASSED] - click(findTestObject("Page_KiboEngage  Broadcast/span_Create New")): Object: 'Object Repository/Page_KiboEngage  Broadcast/span_Create New' is clicked on

2019-03-22 09:49:20 - [MESSAGE][PASSED] - Object: 'Object Repository/Page_KiboEngage  Broadcast/span_Create New' is clicked on

2019-03-22 09:49:20 - [TEST_STEP][PASSED] - click(findTestObject("Page_KiboEngage  Broadcast/button_Create New Broadcast (1)")): Object: 'Object Repository/Page_KiboEngage  Broadcast/button_Create New Broadcast (1)' is clicked on

2019-03-22 09:49:20 - [MESSAGE][PASSED] - Object: 'Object Repository/Page_KiboEngage  Broadcast/button_Create New Broadcast (1)' is clicked on

2019-03-22 09:49:20 - [TEST_STEP][PASSED] - delay(1): Delayed 1 second(s)

2019-03-22 09:49:21 - [MESSAGE][PASSED] - Delayed 1 second(s)

2019-03-22 09:49:21 - [TEST_STEP][PASSED] - click(findTestObject("Page_KiboEngage  Create Broadcast/div_Text (2) (1)")): Object: 'Object Repository/Page_KiboEngage  Create Broadcast/div_Text (2) (1)' is clicked on

2019-03-22 09:49:21 - [MESSAGE][PASSED] - Object: 'Object Repository/Page_KiboEngage  Create Broadcast/div_Text (2) (1)' is clicked on

2019-03-22 09:49:21 - [TEST_STEP][PASSED] - delay(1): Delayed 1 second(s)

2019-03-22 09:49:22 - [MESSAGE][PASSED] - Delayed 1 second(s)

2019-03-22 09:49:22 - [TEST_STEP][PASSED] - click(findTestObject("Page_KiboEngage  Create Broadcast/h6_ Add Button (2) (1)")): Object: 'Object Repository/Page_KiboEngage  Create Broadcast/h6_ Add Button (2) (1)' is clicked on

2019-03-22 09:49:22 - [MESSAGE][PASSED] - Object: 'Object Repository/Page_KiboEngage  Create Broadcast/h6_ Add Button (2) (1)' is clicked on

2019-03-22 09:49:22 - [TEST_STEP][PASSED] - setText(findTestObject("Page_KiboEngage  Create Broadcast/input_Button Title_form-control (2) (1)"), "test"): Text 'test' is set on object 'Object Repository/Page_KiboEngage  Create Broadcast/input_Button Title_form-control (2) (1)'

2019-03-22 09:49:23 - [MESSAGE][PASSED] - Text 'test' is set on object 'Object Repository/Page_KiboEngage  Create Broadcast/input_Button Title_form-control (2) (1)'

2019-03-22 09:49:23 - [TEST_STEP][PASSED] - click(findTestObject("Page_KiboEngage  Create Broadcast/h7_Open a webview (2) (1)")): Object: 'Object Repository/Page_KiboEngage  Create Broadcast/h7_Open a webview (2) (1)' is clicked on

2019-03-22 09:49:23 - [MESSAGE][PASSED] - Object: 'Object Repository/Page_KiboEngage  Create Broadcast/h7_Open a webview (2) (1)' is clicked on

2019-03-22 09:49:23 - [TEST_STEP][PASSED] - setText(findTestObject("Page_KiboEngage  Create Broadcast/input_Url_form-control (1) (1)"), "https://kiboengage.cloudkibo.com"): Text 'https://kiboengage.cloudkibo.com' is set on object 'Object Repository/Page_KiboEngage  Create Broadcast/input_Url_form-control (1) (1)'

2019-03-22 09:49:23 - [MESSAGE][PASSED] - Text 'https://kiboengage.cloudkibo.com' is set on object 'Object Repository/Page_KiboEngage  Create Broadcast/input_Url_form-control (1) (1)'

2019-03-22 09:49:23 - [TEST_STEP][PASSED] - click(findTestObject("Page_KiboEngage  Create Broadcast/button_Done (1) (1)")): Object: 'Object Repository/Page_KiboEngage  Create Broadcast/button_Done (1) (1)' is clicked on

2019-03-22 09:49:23 - [MESSAGE][PASSED] - Object: 'Object Repository/Page_KiboEngage  Create Broadcast/button_Done (1) (1)' is clicked on

2019-03-22 09:49:23 - [TEST_STEP][PASSED] - delay(1): Delayed 1 second(s)

2019-03-22 09:49:24 - [MESSAGE][PASSED] - Delayed 1 second(s)

2019-03-22 09:49:24 - [TEST_STEP][PASSED] - click(findTestObject("Page_KiboEngage  Create Broadcast/button_test (2)")): Object: 'Object Repository/Page_KiboEngage  Create Broadcast/button_test (2)' is clicked on

2019-03-22 09:49:24 - [MESSAGE][PASSED] - Object: 'Object Repository/Page_KiboEngage  Create Broadcast/button_test (2)' is clicked on

2019-03-22 09:49:24 - [TEST_STEP][PASSED] - delay(1): Delayed 1 second(s)

2019-03-22 09:49:25 - [MESSAGE][PASSED] - Delayed 1 second(s)

2019-03-22 09:49:25 - [TEST_STEP][PASSED] - click(findTestObject("Page_KiboEngage  Create Broadcast/button_Remove (1)")): Object: 'Object Repository/Page_KiboEngage  Create Broadcast/button_Remove (1)' is clicked on

2019-03-22 09:49:26 - [MESSAGE][PASSED] - Object: 'Object Repository/Page_KiboEngage  Create Broadcast/button_Remove (1)' is clicked on

2019-03-22 09:49:26 - [TEST_STEP][PASSED] - delay(1): Delayed 1 second(s)

2019-03-22 09:49:27 - [MESSAGE][PASSED] - Delayed 1 second(s)

2019-03-22 09:49:27 - [TEST_STEP][PASSED] - verifyElementNotPresent(findTestObject("Page_KiboEngage  Create Broadcast/button_test (2)"), 0): Web element with id: 'Object Repository/Page_KiboEngage  Create Broadcast/button_test (2)' located by 'By.xpath: //button[(text() = 'test' or . = 'test')]' is not present after '30' second(s)

2019-03-22 09:49:27 - [MESSAGE][WARNING] - Timeout '0' is invalid. Using default page load timeout: '30'

2019-03-22 09:49:27 - [MESSAGE][PASSED] - Web element with id: 'Object Repository/Page_KiboEngage  Create Broadcast/button_test (2)' located by 'By.xpath: //button[(text() = 'test' or . = 'test')]' is not present after '30' second(s)]]></system-out>
         <system-err><![CDATA[]]></system-err>
      </testcase>
      <testcase name="Test Cases/Webview/TC1090" classname="Test Cases/Webview/TC1090" status="PASSED">
         <system-out><![CDATA[2019-03-22 09:49:27 - [TEST_CASE][PASSED] - Test Cases/Webview/TC1090: Test Cases/Webview/TC1090

2019-03-22 09:49:27 - [TEST_STEP][PASSED] - callTestCase(findTestCase("s-sidebar_navigation/individualAccount/Login_Muzamil"), [:], STOP_ON_FAILURE): Call Test Case 'Test Cases/s-sidebar_navigation/individualAccount/Login_Muzamil' successfully

2019-03-22 09:49:27 - [TEST_CASE][PASSED] - Test Cases/s-sidebar_navigation/individualAccount/Login_Muzamil: Test Cases/s-sidebar_navigation/individualAccount/Login_Muzamil

2019-03-22 09:49:27 - [TEST_STEP][PASSED] - openBrowser(""): Browser is opened with url: ''

2019-03-22 09:49:27 - [MESSAGE][WARNING] - A browser is already opened. Closing browser and opening a new one

2019-03-22 09:49:27 - [MESSAGE][INFO] - Starting 'Chrome' driver

2019-03-22 09:49:27 - [MESSAGE][PASSED] - Browser is opened with url: ''

2019-03-22 09:49:27 - [TEST_STEP][PASSED] - maximizeWindow(): Current window maximized

2019-03-22 09:49:27 - [MESSAGE][PASSED] - Current window maximized

2019-03-22 09:49:27 - [TEST_STEP][PASSED] - navigateToUrl("https://app.kibopush.com/"): Navigate to 'https://app.kibopush.com/' successfully

2019-03-22 09:49:41 - [MESSAGE][PASSED] - Navigate to 'https://app.kibopush.com/' successfully

2019-03-22 09:49:41 - [TEST_STEP][PASSED] - click(findTestObject("Page_CloudKibo/a_Login (2)")): Object: 'Object Repository/Page_CloudKibo/a_Login (2)' is clicked on

2019-03-22 09:49:42 - [MESSAGE][PASSED] - Object: 'Object Repository/Page_CloudKibo/a_Login (2)' is clicked on

2019-03-22 09:49:42 - [TEST_STEP][PASSED] - delay(2): Delayed 2 second(s)

2019-03-22 09:49:44 - [MESSAGE][PASSED] - Delayed 2 second(s)

2019-03-22 09:49:44 - [TEST_STEP][PASSED] - setText(findTestObject("Page_CloudKibo/input_Sign In_email (1)"), "muzamil.bukhari.39@gmail.com"): Text 'muzamil.bukhari.39@gmail.com' is set on object 'Object Repository/Page_CloudKibo/input_Sign In_email (1)'

2019-03-22 09:49:44 - [MESSAGE][PASSED] - Text 'muzamil.bukhari.39@gmail.com' is set on object 'Object Repository/Page_CloudKibo/input_Sign In_email (1)'

2019-03-22 09:49:44 - [TEST_STEP][PASSED] - setEncryptedText(findTestObject("Page_CloudKibo/input_Sign In_password (1)"), "ZOMPkeJIpHWb3LMKk986MQ=="): Text ****** has been set on object 'Object Repository/Page_CloudKibo/input_Sign In_password (1)'

2019-03-22 09:49:44 - [MESSAGE][PASSED] - Text ****** has been set on object 'Object Repository/Page_CloudKibo/input_Sign In_password (1)'

2019-03-22 09:49:44 - [TEST_STEP][PASSED] - delay(1): Delayed 1 second(s)

2019-03-22 09:49:45 - [MESSAGE][PASSED] - Delayed 1 second(s)

2019-03-22 09:49:45 - [TEST_STEP][PASSED] - click(findTestObject("Page_CloudKibo/button_Sign In (5)")): Object: 'Object Repository/Page_CloudKibo/button_Sign In (5)' is clicked on

2019-03-22 09:49:45 - [MESSAGE][PASSED] - Object: 'Object Repository/Page_CloudKibo/button_Sign In (5)' is clicked on

2019-03-22 09:49:45 - [TEST_STEP][PASSED] - delay(3): Delayed 3 second(s)

2019-03-22 09:49:48 - [MESSAGE][PASSED] - Delayed 3 second(s)

2019-03-22 09:49:48 - [TEST_STEP][PASSED] - click(findTestObject("Object Repository/Page_KiboEngage  Dashboard/h4_KIBOPUSH")): Object: 'Object Repository/Page_KiboEngage  Dashboard/h4_KIBOPUSH' is clicked on

2019-03-22 09:49:58 - [MESSAGE][PASSED] - Object: 'Object Repository/Page_KiboEngage  Dashboard/h4_KIBOPUSH' is clicked on

2019-03-22 09:49:58 - [MESSAGE][PASSED] - Call Test Case 'Test Cases/s-sidebar_navigation/individualAccount/Login_Muzamil' successfully

2019-03-22 09:49:58 - [TEST_STEP][PASSED] - delay(2): Delayed 2 second(s)

2019-03-22 09:50:00 - [MESSAGE][PASSED] - Delayed 2 second(s)

2019-03-22 09:50:00 - [TEST_STEP][PASSED] - click(findTestObject("Page_KiboEngage  Dashboard/span_Broadcasting (1)")): Object: 'Object Repository/Page_KiboEngage  Dashboard/span_Broadcasting (1)' is clicked on

2019-03-22 09:50:00 - [MESSAGE][PASSED] - Object: 'Object Repository/Page_KiboEngage  Dashboard/span_Broadcasting (1)' is clicked on

2019-03-22 09:50:00 - [TEST_STEP][PASSED] - delay(1): Delayed 1 second(s)

2019-03-22 09:50:01 - [MESSAGE][PASSED] - Delayed 1 second(s)

2019-03-22 09:50:01 - [TEST_STEP][PASSED] - click(findTestObject("Page_KiboEngage  Dashboard/span_Broadcasts")): Object: 'Object Repository/Page_KiboEngage  Dashboard/span_Broadcasts' is clicked on

2019-03-22 09:50:01 - [MESSAGE][PASSED] - Object: 'Object Repository/Page_KiboEngage  Dashboard/span_Broadcasts' is clicked on

2019-03-22 09:50:01 - [TEST_STEP][PASSED] - delay(1): Delayed 1 second(s)

2019-03-22 09:50:02 - [MESSAGE][PASSED] - Delayed 1 second(s)

2019-03-22 09:50:02 - [TEST_STEP][PASSED] - click(findTestObject("Page_KiboEngage  Broadcast/span_Create New")): Object: 'Object Repository/Page_KiboEngage  Broadcast/span_Create New' is clicked on

2019-03-22 09:50:03 - [MESSAGE][PASSED] - Object: 'Object Repository/Page_KiboEngage  Broadcast/span_Create New' is clicked on

2019-03-22 09:50:03 - [TEST_STEP][PASSED] - delay(1): Delayed 1 second(s)

2019-03-22 09:50:04 - [MESSAGE][PASSED] - Delayed 1 second(s)

2019-03-22 09:50:04 - [TEST_STEP][PASSED] - click(findTestObject("Page_KiboEngage  Broadcast/button_Create New Broadcast (1)")): Object: 'Object Repository/Page_KiboEngage  Broadcast/button_Create New Broadcast (1)' is clicked on

2019-03-22 09:50:04 - [MESSAGE][PASSED] - Object: 'Object Repository/Page_KiboEngage  Broadcast/button_Create New Broadcast (1)' is clicked on

2019-03-22 09:50:04 - [TEST_STEP][PASSED] - delay(1): Delayed 1 second(s)

2019-03-22 09:50:05 - [MESSAGE][PASSED] - Delayed 1 second(s)

2019-03-22 09:50:05 - [TEST_STEP][PASSED] - click(findTestObject("Object Repository/Page_KiboEngage  Create Broadcast/div_Card (1) (1) (2)")): Object: 'Object Repository/Page_KiboEngage  Create Broadcast/div_Card (1) (1) (2)' is clicked on

2019-03-22 09:50:05 - [MESSAGE][PASSED] - Object: 'Object Repository/Page_KiboEngage  Create Broadcast/div_Card (1) (1) (2)' is clicked on

2019-03-22 09:50:05 - [TEST_STEP][PASSED] - delay(1): Delayed 1 second(s)

2019-03-22 09:50:06 - [MESSAGE][PASSED] - Delayed 1 second(s)

2019-03-22 09:50:06 - [TEST_STEP][PASSED] - setText(findTestObject("Object Repository/Page_KiboEngage  Create Broadcast/input_Broadcast Title_form-control (1) (2)"), "test"): Text 'test' is set on object 'Object Repository/Page_KiboEngage  Create Broadcast/input_Broadcast Title_form-control (1) (2)'

2019-03-22 09:50:06 - [MESSAGE][PASSED] - Text 'test' is set on object 'Object Repository/Page_KiboEngage  Create Broadcast/input_Broadcast Title_form-control (1) (2)'

2019-03-22 09:50:06 - [TEST_STEP][PASSED] - delay(1): Delayed 1 second(s)

2019-03-22 09:50:07 - [MESSAGE][PASSED] - Delayed 1 second(s)

2019-03-22 09:50:07 - [TEST_STEP][PASSED] - setText(findTestObject("Object Repository/Page_KiboEngage  Create Broadcast/textarea_Broadcast Title_form-control (1) (2)"), "subtitle"): Text 'subtitle' is set on object 'Object Repository/Page_KiboEngage  Create Broadcast/textarea_Broadcast Title_form-control (1) (2)'

2019-03-22 09:50:07 - [MESSAGE][PASSED] - Text 'subtitle' is set on object 'Object Repository/Page_KiboEngage  Create Broadcast/textarea_Broadcast Title_form-control (1) (2)'

2019-03-22 09:50:07 - [TEST_STEP][PASSED] - delay(1): Delayed 1 second(s)

2019-03-22 09:50:08 - [MESSAGE][PASSED] - Delayed 1 second(s)

2019-03-22 09:50:08 - [TEST_STEP][PASSED] - click(findTestObject("Object Repository/Page_KiboEngage  Create Broadcast/h6_ Add Button (3) (1) (2)")): Object: 'Object Repository/Page_KiboEngage  Create Broadcast/h6_ Add Button (3) (1) (2)' is clicked on

2019-03-22 09:50:08 - [MESSAGE][PASSED] - Object: 'Object Repository/Page_KiboEngage  Create Broadcast/h6_ Add Button (3) (1) (2)' is clicked on

2019-03-22 09:50:08 - [TEST_STEP][PASSED] - setText(findTestObject("Object Repository/Page_KiboEngage  Create Broadcast/input_Button Title_form-control (5)"), "test"): Text 'test' is set on object 'Object Repository/Page_KiboEngage  Create Broadcast/input_Button Title_form-control (5)'

2019-03-22 09:50:08 - [MESSAGE][PASSED] - Text 'test' is set on object 'Object Repository/Page_KiboEngage  Create Broadcast/input_Button Title_form-control (5)'

2019-03-22 09:50:08 - [TEST_STEP][PASSED] - click(findTestObject("Object Repository/Page_KiboEngage  Create Broadcast/h7_Open a webview (5)")): Object: 'Object Repository/Page_KiboEngage  Create Broadcast/h7_Open a webview (5)' is clicked on

2019-03-22 09:50:09 - [MESSAGE][PASSED] - Object: 'Object Repository/Page_KiboEngage  Create Broadcast/h7_Open a webview (5)' is clicked on

2019-03-22 09:50:09 - [TEST_STEP][PASSED] - setText(findTestObject("Object Repository/Page_KiboEngage  Create Broadcast/input_Url_form-control (4)"), "https://kiboengage.cloudkibo.com"): Text 'https://kiboengage.cloudkibo.com' is set on object 'Object Repository/Page_KiboEngage  Create Broadcast/input_Url_form-control (4)'

2019-03-22 09:50:09 - [MESSAGE][PASSED] - Text 'https://kiboengage.cloudkibo.com' is set on object 'Object Repository/Page_KiboEngage  Create Broadcast/input_Url_form-control (4)'

2019-03-22 09:50:09 - [TEST_STEP][PASSED] - delay(1): Delayed 1 second(s)

2019-03-22 09:50:10 - [MESSAGE][PASSED] - Delayed 1 second(s)

2019-03-22 09:50:10 - [TEST_STEP][PASSED] - click(findTestObject("Object Repository/Page_KiboEngage  Create Broadcast/button_Done (2) (1) (2)")): Object: 'Object Repository/Page_KiboEngage  Create Broadcast/button_Done (2) (1) (2)' is clicked on

2019-03-22 09:50:10 - [MESSAGE][PASSED] - Object: 'Object Repository/Page_KiboEngage  Create Broadcast/button_Done (2) (1) (2)' is clicked on

2019-03-22 09:50:10 - [TEST_STEP][PASSED] - delay(1): Delayed 1 second(s)

2019-03-22 09:50:11 - [MESSAGE][PASSED] - Delayed 1 second(s)

2019-03-22 09:50:11 - [TEST_STEP][PASSED] - img = getProjectDir() + "/sample.jpg": null

2019-03-22 09:50:11 - [TEST_STEP][PASSED] - delay(3): Delayed 3 second(s)

2019-03-22 09:50:14 - [MESSAGE][PASSED] - Delayed 3 second(s)

2019-03-22 09:50:14 - [TEST_STEP][PASSED] - uploadFile(findTestObject("Object Repository/Page_KiboEngage  Create Broadcast/Upload Image (1) (2)"), img): File '/home/cloudkibo-muzamil/Downloads/Test cases/production/KiboPush/sample.jpg' sent to object: 'Object Repository/Page_KiboEngage  Create Broadcast/Upload Image (1) (2)'

2019-03-22 09:50:14 - [MESSAGE][PASSED] - File '/home/cloudkibo-muzamil/Downloads/Test cases/production/KiboPush/sample.jpg' sent to object: 'Object Repository/Page_KiboEngage  Create Broadcast/Upload Image (1) (2)'

2019-03-22 09:50:14 - [TEST_STEP][PASSED] - delay(10): Delayed 10 second(s)

2019-03-22 09:50:24 - [MESSAGE][PASSED] - Delayed 10 second(s)

2019-03-22 09:50:24 - [TEST_STEP][PASSED] - click(findTestObject("Object Repository/Page_KiboEngage  Dashboard/h4_KIBOPUSH")): Object: 'Object Repository/Page_KiboEngage  Dashboard/h4_KIBOPUSH' is clicked on

2019-03-22 09:50:24 - [MESSAGE][PASSED] - Object: 'Object Repository/Page_KiboEngage  Dashboard/h4_KIBOPUSH' is clicked on

2019-03-22 09:50:24 - [TEST_STEP][PASSED] - delay(1): Delayed 1 second(s)

2019-03-22 09:50:25 - [MESSAGE][PASSED] - Delayed 1 second(s)

2019-03-22 09:50:25 - [TEST_STEP][PASSED] - click(findTestObject("Object Repository/Page_KiboEngage  Create Broadcast/button_Next (3) (1) (2)")): Object: 'Object Repository/Page_KiboEngage  Create Broadcast/button_Next (3) (1) (2)' is clicked on

2019-03-22 09:50:25 - [MESSAGE][PASSED] - Object: 'Object Repository/Page_KiboEngage  Create Broadcast/button_Next (3) (1) (2)' is clicked on

2019-03-22 09:50:25 - [TEST_STEP][PASSED] - delay(1): Delayed 1 second(s)

2019-03-22 09:50:26 - [MESSAGE][PASSED] - Delayed 1 second(s)

2019-03-22 09:50:26 - [TEST_STEP][PASSED] - click(findTestObject("Object Repository/Page_KiboEngage  Create Broadcast/button_Send (2) (1) (2)")): Object: 'Object Repository/Page_KiboEngage  Create Broadcast/button_Send (2) (1) (2)' is clicked on

2019-03-22 09:50:26 - [MESSAGE][PASSED] - Object: 'Object Repository/Page_KiboEngage  Create Broadcast/button_Send (2) (1) (2)' is clicked on

2019-03-22 09:50:26 - [TEST_STEP][PASSED] - delay(1): Delayed 1 second(s)

2019-03-22 09:50:27 - [MESSAGE][PASSED] - Delayed 1 second(s)

2019-03-22 09:50:27 - [TEST_STEP][PASSED] - click(findTestObject("Page_KiboEngage  Create Broadcast/div_Sending broadcast You will be notified when it is sent (1) (1) (1)")): Object: 'Object Repository/Page_KiboEngage  Create Broadcast/div_Sending broadcast You will be notified when it is sent (1) (1) (1)' is clicked on

2019-03-22 09:50:28 - [MESSAGE][PASSED] - Object: 'Object Repository/Page_KiboEngage  Create Broadcast/div_Sending broadcast You will be notified when it is sent (1) (1) (1)' is clicked on

2019-03-22 09:50:28 - [TEST_STEP][PASSED] - delay(3): Delayed 3 second(s)

2019-03-22 09:50:31 - [MESSAGE][PASSED] - Delayed 3 second(s)

2019-03-22 09:50:31 - [TEST_STEP][PASSED] - click(findTestObject("Object Repository/Page_KiboEngage  Create Broadcast/div_Conversation successfully sent (2) (1) (2)")): Object: 'Object Repository/Page_KiboEngage  Create Broadcast/div_Conversation successfully sent (2) (1) (2)' is clicked on

2019-03-22 09:50:32 - [MESSAGE][PASSED] - Object: 'Object Repository/Page_KiboEngage  Create Broadcast/div_Conversation successfully sent (2) (1) (2)' is clicked on]]></system-out>
         <system-err><![CDATA[]]></system-err>
      </testcase>
      <testcase name="Test Cases/Webview/TC1091" classname="Test Cases/Webview/TC1091" status="PASSED">
         <system-out><![CDATA[2019-03-22 09:50:32 - [TEST_CASE][PASSED] - Test Cases/Webview/TC1091: Test Cases/Webview/TC1091

2019-03-22 09:50:32 - [TEST_STEP][PASSED] - callTestCase(findTestCase("Webview/TC1090"), [:], STOP_ON_FAILURE): Call Test Case 'Test Cases/Webview/TC1090' successfully

2019-03-22 09:50:32 - [TEST_CASE][PASSED] - Test Cases/Webview/TC1090: Test Cases/Webview/TC1090

2019-03-22 09:50:32 - [TEST_STEP][PASSED] - callTestCase(findTestCase("s-sidebar_navigation/individualAccount/Login_Muzamil"), [:], STOP_ON_FAILURE): Call Test Case 'Test Cases/s-sidebar_navigation/individualAccount/Login_Muzamil' successfully

2019-03-22 09:50:32 - [TEST_CASE][PASSED] - Test Cases/s-sidebar_navigation/individualAccount/Login_Muzamil: Test Cases/s-sidebar_navigation/individualAccount/Login_Muzamil

2019-03-22 09:50:32 - [TEST_STEP][PASSED] - openBrowser(""): Browser is opened with url: ''

2019-03-22 09:50:32 - [MESSAGE][WARNING] - A browser is already opened. Closing browser and opening a new one

2019-03-22 09:50:32 - [MESSAGE][INFO] - Starting 'Chrome' driver

2019-03-22 09:50:33 - [MESSAGE][PASSED] - Browser is opened with url: ''

2019-03-22 09:50:33 - [TEST_STEP][PASSED] - maximizeWindow(): Current window maximized

2019-03-22 09:50:33 - [MESSAGE][PASSED] - Current window maximized

2019-03-22 09:50:33 - [TEST_STEP][PASSED] - navigateToUrl("https://app.kibopush.com/"): Navigate to 'https://app.kibopush.com/' successfully

2019-03-22 09:50:42 - [MESSAGE][PASSED] - Navigate to 'https://app.kibopush.com/' successfully

2019-03-22 09:50:42 - [TEST_STEP][PASSED] - click(findTestObject("Page_CloudKibo/a_Login (2)")): Object: 'Object Repository/Page_CloudKibo/a_Login (2)' is clicked on

2019-03-22 09:50:43 - [MESSAGE][PASSED] - Object: 'Object Repository/Page_CloudKibo/a_Login (2)' is clicked on

2019-03-22 09:50:43 - [TEST_STEP][PASSED] - delay(2): Delayed 2 second(s)

2019-03-22 09:50:45 - [MESSAGE][PASSED] - Delayed 2 second(s)

2019-03-22 09:50:45 - [TEST_STEP][PASSED] - setText(findTestObject("Page_CloudKibo/input_Sign In_email (1)"), "muzamil.bukhari.39@gmail.com"): Text 'muzamil.bukhari.39@gmail.com' is set on object 'Object Repository/Page_CloudKibo/input_Sign In_email (1)'

2019-03-22 09:50:45 - [MESSAGE][PASSED] - Text 'muzamil.bukhari.39@gmail.com' is set on object 'Object Repository/Page_CloudKibo/input_Sign In_email (1)'

2019-03-22 09:50:45 - [TEST_STEP][PASSED] - setEncryptedText(findTestObject("Page_CloudKibo/input_Sign In_password (1)"), "ZOMPkeJIpHWb3LMKk986MQ=="): Text ****** has been set on object 'Object Repository/Page_CloudKibo/input_Sign In_password (1)'

2019-03-22 09:50:45 - [MESSAGE][PASSED] - Text ****** has been set on object 'Object Repository/Page_CloudKibo/input_Sign In_password (1)'

2019-03-22 09:50:45 - [TEST_STEP][PASSED] - delay(1): Delayed 1 second(s)

2019-03-22 09:50:46 - [MESSAGE][PASSED] - Delayed 1 second(s)

2019-03-22 09:50:46 - [TEST_STEP][PASSED] - click(findTestObject("Page_CloudKibo/button_Sign In (5)")): Object: 'Object Repository/Page_CloudKibo/button_Sign In (5)' is clicked on

2019-03-22 09:50:46 - [MESSAGE][PASSED] - Object: 'Object Repository/Page_CloudKibo/button_Sign In (5)' is clicked on

2019-03-22 09:50:46 - [TEST_STEP][PASSED] - delay(3): Delayed 3 second(s)

2019-03-22 09:50:49 - [MESSAGE][PASSED] - Delayed 3 second(s)

2019-03-22 09:50:49 - [TEST_STEP][PASSED] - click(findTestObject("Object Repository/Page_KiboEngage  Dashboard/h4_KIBOPUSH")): Object: 'Object Repository/Page_KiboEngage  Dashboard/h4_KIBOPUSH' is clicked on

2019-03-22 09:50:59 - [MESSAGE][PASSED] - Object: 'Object Repository/Page_KiboEngage  Dashboard/h4_KIBOPUSH' is clicked on

2019-03-22 09:50:59 - [MESSAGE][PASSED] - Call Test Case 'Test Cases/s-sidebar_navigation/individualAccount/Login_Muzamil' successfully

2019-03-22 09:50:59 - [TEST_STEP][PASSED] - delay(2): Delayed 2 second(s)

2019-03-22 09:51:01 - [MESSAGE][PASSED] - Delayed 2 second(s)

2019-03-22 09:51:01 - [TEST_STEP][PASSED] - click(findTestObject("Page_KiboEngage  Dashboard/span_Broadcasting (1)")): Object: 'Object Repository/Page_KiboEngage  Dashboard/span_Broadcasting (1)' is clicked on

2019-03-22 09:51:01 - [MESSAGE][PASSED] - Object: 'Object Repository/Page_KiboEngage  Dashboard/span_Broadcasting (1)' is clicked on

2019-03-22 09:51:01 - [TEST_STEP][PASSED] - delay(1): Delayed 1 second(s)

2019-03-22 09:51:02 - [MESSAGE][PASSED] - Delayed 1 second(s)

2019-03-22 09:51:02 - [TEST_STEP][PASSED] - click(findTestObject("Page_KiboEngage  Dashboard/span_Broadcasts")): Object: 'Object Repository/Page_KiboEngage  Dashboard/span_Broadcasts' is clicked on

2019-03-22 09:51:03 - [MESSAGE][PASSED] - Object: 'Object Repository/Page_KiboEngage  Dashboard/span_Broadcasts' is clicked on

2019-03-22 09:51:03 - [TEST_STEP][PASSED] - delay(1): Delayed 1 second(s)

2019-03-22 09:51:04 - [MESSAGE][PASSED] - Delayed 1 second(s)

2019-03-22 09:51:04 - [TEST_STEP][PASSED] - click(findTestObject("Page_KiboEngage  Broadcast/span_Create New")): Object: 'Object Repository/Page_KiboEngage  Broadcast/span_Create New' is clicked on

2019-03-22 09:51:04 - [MESSAGE][PASSED] - Object: 'Object Repository/Page_KiboEngage  Broadcast/span_Create New' is clicked on

2019-03-22 09:51:04 - [TEST_STEP][PASSED] - delay(1): Delayed 1 second(s)

2019-03-22 09:51:05 - [MESSAGE][PASSED] - Delayed 1 second(s)

2019-03-22 09:51:05 - [TEST_STEP][PASSED] - click(findTestObject("Page_KiboEngage  Broadcast/button_Create New Broadcast (1)")): Object: 'Object Repository/Page_KiboEngage  Broadcast/button_Create New Broadcast (1)' is clicked on

2019-03-22 09:51:05 - [MESSAGE][PASSED] - Object: 'Object Repository/Page_KiboEngage  Broadcast/button_Create New Broadcast (1)' is clicked on

2019-03-22 09:51:05 - [TEST_STEP][PASSED] - delay(1): Delayed 1 second(s)

2019-03-22 09:51:06 - [MESSAGE][PASSED] - Delayed 1 second(s)

2019-03-22 09:51:06 - [TEST_STEP][PASSED] - click(findTestObject("Object Repository/Page_KiboEngage  Create Broadcast/div_Card (1) (1) (2)")): Object: 'Object Repository/Page_KiboEngage  Create Broadcast/div_Card (1) (1) (2)' is clicked on

2019-03-22 09:51:06 - [MESSAGE][PASSED] - Object: 'Object Repository/Page_KiboEngage  Create Broadcast/div_Card (1) (1) (2)' is clicked on

2019-03-22 09:51:06 - [TEST_STEP][PASSED] - delay(1): Delayed 1 second(s)

2019-03-22 09:51:07 - [MESSAGE][PASSED] - Delayed 1 second(s)

2019-03-22 09:51:07 - [TEST_STEP][PASSED] - setText(findTestObject("Object Repository/Page_KiboEngage  Create Broadcast/input_Broadcast Title_form-control (1) (2)"), "test"): Text 'test' is set on object 'Object Repository/Page_KiboEngage  Create Broadcast/input_Broadcast Title_form-control (1) (2)'

2019-03-22 09:51:07 - [MESSAGE][PASSED] - Text 'test' is set on object 'Object Repository/Page_KiboEngage  Create Broadcast/input_Broadcast Title_form-control (1) (2)'

2019-03-22 09:51:07 - [TEST_STEP][PASSED] - delay(1): Delayed 1 second(s)

2019-03-22 09:51:08 - [MESSAGE][PASSED] - Delayed 1 second(s)

2019-03-22 09:51:08 - [TEST_STEP][PASSED] - setText(findTestObject("Object Repository/Page_KiboEngage  Create Broadcast/textarea_Broadcast Title_form-control (1) (2)"), "subtitle"): Text 'subtitle' is set on object 'Object Repository/Page_KiboEngage  Create Broadcast/textarea_Broadcast Title_form-control (1) (2)'

2019-03-22 09:51:08 - [MESSAGE][PASSED] - Text 'subtitle' is set on object 'Object Repository/Page_KiboEngage  Create Broadcast/textarea_Broadcast Title_form-control (1) (2)'

2019-03-22 09:51:08 - [TEST_STEP][PASSED] - delay(1): Delayed 1 second(s)

2019-03-22 09:51:09 - [MESSAGE][PASSED] - Delayed 1 second(s)

2019-03-22 09:51:09 - [TEST_STEP][PASSED] - click(findTestObject("Object Repository/Page_KiboEngage  Create Broadcast/h6_ Add Button (3) (1) (2)")): Object: 'Object Repository/Page_KiboEngage  Create Broadcast/h6_ Add Button (3) (1) (2)' is clicked on

2019-03-22 09:51:09 - [MESSAGE][PASSED] - Object: 'Object Repository/Page_KiboEngage  Create Broadcast/h6_ Add Button (3) (1) (2)' is clicked on

2019-03-22 09:51:09 - [TEST_STEP][PASSED] - setText(findTestObject("Object Repository/Page_KiboEngage  Create Broadcast/input_Button Title_form-control (5)"), "test"): Text 'test' is set on object 'Object Repository/Page_KiboEngage  Create Broadcast/input_Button Title_form-control (5)'

2019-03-22 09:51:10 - [MESSAGE][PASSED] - Text 'test' is set on object 'Object Repository/Page_KiboEngage  Create Broadcast/input_Button Title_form-control (5)'

2019-03-22 09:51:10 - [TEST_STEP][PASSED] - click(findTestObject("Object Repository/Page_KiboEngage  Create Broadcast/h7_Open a webview (5)")): Object: 'Object Repository/Page_KiboEngage  Create Broadcast/h7_Open a webview (5)' is clicked on

2019-03-22 09:51:10 - [MESSAGE][PASSED] - Object: 'Object Repository/Page_KiboEngage  Create Broadcast/h7_Open a webview (5)' is clicked on

2019-03-22 09:51:10 - [TEST_STEP][PASSED] - setText(findTestObject("Object Repository/Page_KiboEngage  Create Broadcast/input_Url_form-control (4)"), "https://kiboengage.cloudkibo.com"): Text 'https://kiboengage.cloudkibo.com' is set on object 'Object Repository/Page_KiboEngage  Create Broadcast/input_Url_form-control (4)'

2019-03-22 09:51:10 - [MESSAGE][PASSED] - Text 'https://kiboengage.cloudkibo.com' is set on object 'Object Repository/Page_KiboEngage  Create Broadcast/input_Url_form-control (4)'

2019-03-22 09:51:10 - [TEST_STEP][PASSED] - delay(1): Delayed 1 second(s)

2019-03-22 09:51:11 - [MESSAGE][PASSED] - Delayed 1 second(s)

2019-03-22 09:51:11 - [TEST_STEP][PASSED] - click(findTestObject("Object Repository/Page_KiboEngage  Create Broadcast/button_Done (2) (1) (2)")): Object: 'Object Repository/Page_KiboEngage  Create Broadcast/button_Done (2) (1) (2)' is clicked on

2019-03-22 09:51:11 - [MESSAGE][PASSED] - Object: 'Object Repository/Page_KiboEngage  Create Broadcast/button_Done (2) (1) (2)' is clicked on

2019-03-22 09:51:11 - [TEST_STEP][PASSED] - delay(1): Delayed 1 second(s)

2019-03-22 09:51:12 - [MESSAGE][PASSED] - Delayed 1 second(s)

2019-03-22 09:51:12 - [TEST_STEP][PASSED] - img = getProjectDir() + "/sample.jpg": null

2019-03-22 09:51:12 - [TEST_STEP][PASSED] - delay(3): Delayed 3 second(s)

2019-03-22 09:51:15 - [MESSAGE][PASSED] - Delayed 3 second(s)

2019-03-22 09:51:15 - [TEST_STEP][PASSED] - uploadFile(findTestObject("Object Repository/Page_KiboEngage  Create Broadcast/Upload Image (1) (2)"), img): File '/home/cloudkibo-muzamil/Downloads/Test cases/production/KiboPush/sample.jpg' sent to object: 'Object Repository/Page_KiboEngage  Create Broadcast/Upload Image (1) (2)'

2019-03-22 09:51:15 - [MESSAGE][PASSED] - File '/home/cloudkibo-muzamil/Downloads/Test cases/production/KiboPush/sample.jpg' sent to object: 'Object Repository/Page_KiboEngage  Create Broadcast/Upload Image (1) (2)'

2019-03-22 09:51:15 - [TEST_STEP][PASSED] - delay(10): Delayed 10 second(s)

2019-03-22 09:51:25 - [MESSAGE][PASSED] - Delayed 10 second(s)

2019-03-22 09:51:25 - [TEST_STEP][PASSED] - click(findTestObject("Object Repository/Page_KiboEngage  Dashboard/h4_KIBOPUSH")): Object: 'Object Repository/Page_KiboEngage  Dashboard/h4_KIBOPUSH' is clicked on

2019-03-22 09:51:25 - [MESSAGE][PASSED] - Object: 'Object Repository/Page_KiboEngage  Dashboard/h4_KIBOPUSH' is clicked on

2019-03-22 09:51:25 - [TEST_STEP][PASSED] - delay(1): Delayed 1 second(s)

2019-03-22 09:51:26 - [MESSAGE][PASSED] - Delayed 1 second(s)

2019-03-22 09:51:26 - [TEST_STEP][PASSED] - click(findTestObject("Object Repository/Page_KiboEngage  Create Broadcast/button_Next (3) (1) (2)")): Object: 'Object Repository/Page_KiboEngage  Create Broadcast/button_Next (3) (1) (2)' is clicked on

2019-03-22 09:51:27 - [MESSAGE][PASSED] - Object: 'Object Repository/Page_KiboEngage  Create Broadcast/button_Next (3) (1) (2)' is clicked on

2019-03-22 09:51:27 - [TEST_STEP][PASSED] - delay(1): Delayed 1 second(s)

2019-03-22 09:51:28 - [MESSAGE][PASSED] - Delayed 1 second(s)

2019-03-22 09:51:28 - [TEST_STEP][PASSED] - click(findTestObject("Object Repository/Page_KiboEngage  Create Broadcast/button_Send (2) (1) (2)")): Object: 'Object Repository/Page_KiboEngage  Create Broadcast/button_Send (2) (1) (2)' is clicked on

2019-03-22 09:51:28 - [MESSAGE][PASSED] - Object: 'Object Repository/Page_KiboEngage  Create Broadcast/button_Send (2) (1) (2)' is clicked on

2019-03-22 09:51:28 - [TEST_STEP][PASSED] - delay(1): Delayed 1 second(s)

2019-03-22 09:51:29 - [MESSAGE][PASSED] - Delayed 1 second(s)

2019-03-22 09:51:29 - [TEST_STEP][PASSED] - click(findTestObject("Page_KiboEngage  Create Broadcast/div_Sending broadcast You will be notified when it is sent (1) (1) (1)")): Object: 'Object Repository/Page_KiboEngage  Create Broadcast/div_Sending broadcast You will be notified when it is sent (1) (1) (1)' is clicked on

2019-03-22 09:51:29 - [MESSAGE][PASSED] - Object: 'Object Repository/Page_KiboEngage  Create Broadcast/div_Sending broadcast You will be notified when it is sent (1) (1) (1)' is clicked on

2019-03-22 09:51:29 - [TEST_STEP][PASSED] - delay(3): Delayed 3 second(s)

2019-03-22 09:51:32 - [MESSAGE][PASSED] - Delayed 3 second(s)

2019-03-22 09:51:32 - [TEST_STEP][PASSED] - click(findTestObject("Object Repository/Page_KiboEngage  Create Broadcast/div_Conversation successfully sent (2) (1) (2)")): Object: 'Object Repository/Page_KiboEngage  Create Broadcast/div_Conversation successfully sent (2) (1) (2)' is clicked on

2019-03-22 09:51:33 - [MESSAGE][PASSED] - Object: 'Object Repository/Page_KiboEngage  Create Broadcast/div_Conversation successfully sent (2) (1) (2)' is clicked on

2019-03-22 09:51:33 - [MESSAGE][PASSED] - Call Test Case 'Test Cases/Webview/TC1090' successfully]]></system-out>
         <system-err><![CDATA[]]></system-err>
      </testcase>
      <testcase name="Test Cases/Webview/TC1092" classname="Test Cases/Webview/TC1092" status="PASSED">
         <system-out><![CDATA[2019-03-22 09:51:33 - [TEST_CASE][PASSED] - Test Cases/Webview/TC1092: Test Cases/Webview/TC1092

2019-03-22 09:51:33 - [TEST_STEP][PASSED] - callTestCase(findTestCase("s-sidebar_navigation/individualAccount/Login_Muzamil"), [:], STOP_ON_FAILURE): Call Test Case 'Test Cases/s-sidebar_navigation/individualAccount/Login_Muzamil' successfully

2019-03-22 09:51:33 - [TEST_CASE][PASSED] - Test Cases/s-sidebar_navigation/individualAccount/Login_Muzamil: Test Cases/s-sidebar_navigation/individualAccount/Login_Muzamil

2019-03-22 09:51:33 - [TEST_STEP][PASSED] - openBrowser(""): Browser is opened with url: ''

2019-03-22 09:51:33 - [MESSAGE][WARNING] - A browser is already opened. Closing browser and opening a new one

2019-03-22 09:51:33 - [MESSAGE][INFO] - Starting 'Chrome' driver

2019-03-22 09:51:34 - [MESSAGE][PASSED] - Browser is opened with url: ''

2019-03-22 09:51:34 - [TEST_STEP][PASSED] - maximizeWindow(): Current window maximized

2019-03-22 09:51:34 - [MESSAGE][PASSED] - Current window maximized

2019-03-22 09:51:34 - [TEST_STEP][PASSED] - navigateToUrl("https://app.kibopush.com/"): Navigate to 'https://app.kibopush.com/' successfully

2019-03-22 09:51:52 - [MESSAGE][PASSED] - Navigate to 'https://app.kibopush.com/' successfully

2019-03-22 09:51:52 - [TEST_STEP][PASSED] - click(findTestObject("Page_CloudKibo/a_Login (2)")): Object: 'Object Repository/Page_CloudKibo/a_Login (2)' is clicked on

2019-03-22 09:51:53 - [MESSAGE][PASSED] - Object: 'Object Repository/Page_CloudKibo/a_Login (2)' is clicked on

2019-03-22 09:51:53 - [TEST_STEP][PASSED] - delay(2): Delayed 2 second(s)

2019-03-22 09:51:55 - [MESSAGE][PASSED] - Delayed 2 second(s)

2019-03-22 09:51:55 - [TEST_STEP][PASSED] - setText(findTestObject("Page_CloudKibo/input_Sign In_email (1)"), "muzamil.bukhari.39@gmail.com"): Text 'muzamil.bukhari.39@gmail.com' is set on object 'Object Repository/Page_CloudKibo/input_Sign In_email (1)'

2019-03-22 09:51:55 - [MESSAGE][PASSED] - Text 'muzamil.bukhari.39@gmail.com' is set on object 'Object Repository/Page_CloudKibo/input_Sign In_email (1)'

2019-03-22 09:51:55 - [TEST_STEP][PASSED] - setEncryptedText(findTestObject("Page_CloudKibo/input_Sign In_password (1)"), "ZOMPkeJIpHWb3LMKk986MQ=="): Text ****** has been set on object 'Object Repository/Page_CloudKibo/input_Sign In_password (1)'

2019-03-22 09:51:55 - [MESSAGE][PASSED] - Text ****** has been set on object 'Object Repository/Page_CloudKibo/input_Sign In_password (1)'

2019-03-22 09:51:55 - [TEST_STEP][PASSED] - delay(1): Delayed 1 second(s)

2019-03-22 09:51:56 - [MESSAGE][PASSED] - Delayed 1 second(s)

2019-03-22 09:51:56 - [TEST_STEP][PASSED] - click(findTestObject("Page_CloudKibo/button_Sign In (5)")): Object: 'Object Repository/Page_CloudKibo/button_Sign In (5)' is clicked on

2019-03-22 09:51:56 - [MESSAGE][PASSED] - Object: 'Object Repository/Page_CloudKibo/button_Sign In (5)' is clicked on

2019-03-22 09:51:56 - [TEST_STEP][PASSED] - delay(3): Delayed 3 second(s)

2019-03-22 09:51:59 - [MESSAGE][PASSED] - Delayed 3 second(s)

2019-03-22 09:51:59 - [TEST_STEP][PASSED] - click(findTestObject("Object Repository/Page_KiboEngage  Dashboard/h4_KIBOPUSH")): Object: 'Object Repository/Page_KiboEngage  Dashboard/h4_KIBOPUSH' is clicked on

2019-03-22 09:52:16 - [MESSAGE][PASSED] - Object: 'Object Repository/Page_KiboEngage  Dashboard/h4_KIBOPUSH' is clicked on

2019-03-22 09:52:16 - [MESSAGE][PASSED] - Call Test Case 'Test Cases/s-sidebar_navigation/individualAccount/Login_Muzamil' successfully

2019-03-22 09:52:16 - [TEST_STEP][PASSED] - delay(2): Delayed 2 second(s)

2019-03-22 09:52:18 - [MESSAGE][PASSED] - Delayed 2 second(s)

2019-03-22 09:52:18 - [TEST_STEP][PASSED] - click(findTestObject("Page_KiboEngage  Dashboard/span_Broadcasting (1)")): Object: 'Object Repository/Page_KiboEngage  Dashboard/span_Broadcasting (1)' is clicked on

2019-03-22 09:52:18 - [MESSAGE][PASSED] - Object: 'Object Repository/Page_KiboEngage  Dashboard/span_Broadcasting (1)' is clicked on

2019-03-22 09:52:18 - [TEST_STEP][PASSED] - delay(1): Delayed 1 second(s)

2019-03-22 09:52:19 - [MESSAGE][PASSED] - Delayed 1 second(s)

2019-03-22 09:52:19 - [TEST_STEP][PASSED] - click(findTestObject("Page_KiboEngage  Dashboard/span_Broadcasts")): Object: 'Object Repository/Page_KiboEngage  Dashboard/span_Broadcasts' is clicked on

2019-03-22 09:52:19 - [MESSAGE][PASSED] - Object: 'Object Repository/Page_KiboEngage  Dashboard/span_Broadcasts' is clicked on

2019-03-22 09:52:19 - [TEST_STEP][PASSED] - delay(1): Delayed 1 second(s)

2019-03-22 09:52:20 - [MESSAGE][PASSED] - Delayed 1 second(s)

2019-03-22 09:52:20 - [TEST_STEP][PASSED] - click(findTestObject("Page_KiboEngage  Broadcast/span_Create New")): Object: 'Object Repository/Page_KiboEngage  Broadcast/span_Create New' is clicked on

2019-03-22 09:52:20 - [MESSAGE][PASSED] - Object: 'Object Repository/Page_KiboEngage  Broadcast/span_Create New' is clicked on

2019-03-22 09:52:20 - [TEST_STEP][PASSED] - delay(1): Delayed 1 second(s)

2019-03-22 09:52:21 - [MESSAGE][PASSED] - Delayed 1 second(s)

2019-03-22 09:52:21 - [TEST_STEP][PASSED] - click(findTestObject("Page_KiboEngage  Broadcast/button_Create New Broadcast (1)")): Object: 'Object Repository/Page_KiboEngage  Broadcast/button_Create New Broadcast (1)' is clicked on

2019-03-22 09:52:21 - [MESSAGE][PASSED] - Object: 'Object Repository/Page_KiboEngage  Broadcast/button_Create New Broadcast (1)' is clicked on

2019-03-22 09:52:21 - [TEST_STEP][PASSED] - delay(1): Delayed 1 second(s)

2019-03-22 09:52:22 - [MESSAGE][PASSED] - Delayed 1 second(s)

2019-03-22 09:52:22 - [TEST_STEP][PASSED] - click(findTestObject("Page_KiboEngage  Create Broadcast/div_Card (1) (1) (2) (2) (1) (1)")): Object: 'Object Repository/Page_KiboEngage  Create Broadcast/div_Card (1) (1) (2) (2) (1) (1)' is clicked on

2019-03-22 09:52:22 - [MESSAGE][PASSED] - Object: 'Object Repository/Page_KiboEngage  Create Broadcast/div_Card (1) (1) (2) (2) (1) (1)' is clicked on

2019-03-22 09:52:22 - [TEST_STEP][PASSED] - delay(1): Delayed 1 second(s)

2019-03-22 09:52:23 - [MESSAGE][PASSED] - Delayed 1 second(s)

2019-03-22 09:52:23 - [TEST_STEP][PASSED] - setText(findTestObject("Page_KiboEngage  Create Broadcast/input_Broadcast Title_form-control (1) (2) (2) (1) (1)"), "test"): Text 'test' is set on object 'Object Repository/Page_KiboEngage  Create Broadcast/input_Broadcast Title_form-control (1) (2) (2) (1) (1)'

2019-03-22 09:52:24 - [MESSAGE][PASSED] - Text 'test' is set on object 'Object Repository/Page_KiboEngage  Create Broadcast/input_Broadcast Title_form-control (1) (2) (2) (1) (1)'

2019-03-22 09:52:24 - [TEST_STEP][PASSED] - delay(1): Delayed 1 second(s)

2019-03-22 09:52:25 - [MESSAGE][PASSED] - Delayed 1 second(s)

2019-03-22 09:52:25 - [TEST_STEP][PASSED] - setText(findTestObject("Page_KiboEngage  Create Broadcast/textarea_Broadcast Title_form-control (1) (2) (2) (1) (1)"), "subtitle"): Text 'subtitle' is set on object 'Object Repository/Page_KiboEngage  Create Broadcast/textarea_Broadcast Title_form-control (1) (2) (2) (1) (1)'

2019-03-22 09:52:25 - [MESSAGE][PASSED] - Text 'subtitle' is set on object 'Object Repository/Page_KiboEngage  Create Broadcast/textarea_Broadcast Title_form-control (1) (2) (2) (1) (1)'

2019-03-22 09:52:25 - [TEST_STEP][PASSED] - delay(1): Delayed 1 second(s)

2019-03-22 09:52:26 - [MESSAGE][PASSED] - Delayed 1 second(s)

2019-03-22 09:52:26 - [TEST_STEP][PASSED] - click(findTestObject("Page_KiboEngage  Create Broadcast/h6_ Add Button (3) (1) (2) (2) (1) (1)")): Object: 'Object Repository/Page_KiboEngage  Create Broadcast/h6_ Add Button (3) (1) (2) (2) (1) (1)' is clicked on

2019-03-22 09:52:26 - [MESSAGE][PASSED] - Object: 'Object Repository/Page_KiboEngage  Create Broadcast/h6_ Add Button (3) (1) (2) (2) (1) (1)' is clicked on

2019-03-22 09:52:26 - [TEST_STEP][PASSED] - setText(findTestObject("Page_KiboEngage  Create Broadcast/input_Button Title_form-control (5) (2) (1) (1)"), "test"): Text 'test' is set on object 'Object Repository/Page_KiboEngage  Create Broadcast/input_Button Title_form-control (5) (2) (1) (1)'

2019-03-22 09:52:26 - [MESSAGE][PASSED] - Text 'test' is set on object 'Object Repository/Page_KiboEngage  Create Broadcast/input_Button Title_form-control (5) (2) (1) (1)'

2019-03-22 09:52:26 - [TEST_STEP][PASSED] - click(findTestObject("Page_KiboEngage  Create Broadcast/h7_Open a webview (5) (2) (1) (1)")): Object: 'Object Repository/Page_KiboEngage  Create Broadcast/h7_Open a webview (5) (2) (1) (1)' is clicked on

2019-03-22 09:52:26 - [MESSAGE][PASSED] - Object: 'Object Repository/Page_KiboEngage  Create Broadcast/h7_Open a webview (5) (2) (1) (1)' is clicked on

2019-03-22 09:52:26 - [TEST_STEP][PASSED] - setText(findTestObject("Page_KiboEngage  Create Broadcast/input_Url_form-control (4) (2) (1) (1)"), "https://kiboengage.cloudkibo.com"): Text 'https://kiboengage.cloudkibo.com' is set on object 'Object Repository/Page_KiboEngage  Create Broadcast/input_Url_form-control (4) (2) (1) (1)'

2019-03-22 09:52:27 - [MESSAGE][PASSED] - Text 'https://kiboengage.cloudkibo.com' is set on object 'Object Repository/Page_KiboEngage  Create Broadcast/input_Url_form-control (4) (2) (1) (1)'

2019-03-22 09:52:27 - [TEST_STEP][PASSED] - delay(1): Delayed 1 second(s)

2019-03-22 09:52:28 - [MESSAGE][PASSED] - Delayed 1 second(s)

2019-03-22 09:52:28 - [TEST_STEP][PASSED] - click(findTestObject("Page_KiboEngage  Create Broadcast/button_Done (2) (1) (2) (2) (1) (1)")): Object: 'Object Repository/Page_KiboEngage  Create Broadcast/button_Done (2) (1) (2) (2) (1) (1)' is clicked on

2019-03-22 09:52:28 - [MESSAGE][PASSED] - Object: 'Object Repository/Page_KiboEngage  Create Broadcast/button_Done (2) (1) (2) (2) (1) (1)' is clicked on

2019-03-22 09:52:28 - [TEST_STEP][PASSED] - delay(1): Delayed 1 second(s)

2019-03-22 09:52:29 - [MESSAGE][PASSED] - Delayed 1 second(s)

2019-03-22 09:52:29 - [TEST_STEP][PASSED] - img = getProjectDir() + "/sample.jpg": null

2019-03-22 09:52:29 - [TEST_STEP][PASSED] - delay(3): Delayed 3 second(s)

2019-03-22 09:52:32 - [MESSAGE][PASSED] - Delayed 3 second(s)

2019-03-22 09:52:32 - [TEST_STEP][PASSED] - uploadFile(findTestObject("Page_KiboEngage  Create Broadcast/Upload Image (1) (2) (1) (1) (1)"), img): File '/home/cloudkibo-muzamil/Downloads/Test cases/production/KiboPush/sample.jpg' sent to object: 'Object Repository/Page_KiboEngage  Create Broadcast/Upload Image (1) (2) (1) (1) (1)'

2019-03-22 09:52:32 - [MESSAGE][PASSED] - File '/home/cloudkibo-muzamil/Downloads/Test cases/production/KiboPush/sample.jpg' sent to object: 'Object Repository/Page_KiboEngage  Create Broadcast/Upload Image (1) (2) (1) (1) (1)'

2019-03-22 09:52:32 - [TEST_STEP][PASSED] - delay(10): Delayed 10 second(s)

2019-03-22 09:52:42 - [MESSAGE][PASSED] - Delayed 10 second(s)

2019-03-22 09:52:42 - [TEST_STEP][PASSED] - click(findTestObject("Page_KiboEngage  Dashboard/h4_KIBOPUSH")): Object: 'Object Repository/Page_KiboEngage  Dashboard/h4_KIBOPUSH' is clicked on

2019-03-22 09:52:42 - [MESSAGE][PASSED] - Object: 'Object Repository/Page_KiboEngage  Dashboard/h4_KIBOPUSH' is clicked on

2019-03-22 09:52:42 - [TEST_STEP][PASSED] - delay(2): Delayed 2 second(s)

2019-03-22 09:52:44 - [MESSAGE][PASSED] - Delayed 2 second(s)

2019-03-22 09:52:44 - [TEST_STEP][PASSED] - click(findTestObject("Page_KiboEngage  Create Broadcast/a_Add Action")): Object: 'Object Repository/Page_KiboEngage  Create Broadcast/a_Add Action' is clicked on

2019-03-22 09:52:44 - [MESSAGE][PASSED] - Object: 'Object Repository/Page_KiboEngage  Create Broadcast/a_Add Action' is clicked on

2019-03-22 09:52:44 - [TEST_STEP][PASSED] - click(findTestObject("Page_KiboEngage  Create Broadcast/h7_Open a webview (7) (1)")): Object: 'Object Repository/Page_KiboEngage  Create Broadcast/h7_Open a webview (7) (1)' is clicked on

2019-03-22 09:52:44 - [MESSAGE][PASSED] - Object: 'Object Repository/Page_KiboEngage  Create Broadcast/h7_Open a webview (7) (1)' is clicked on

2019-03-22 09:52:44 - [TEST_STEP][PASSED] - setText(findTestObject("Page_KiboEngage  Create Broadcast/input_Url_form-control (6) (1)"), "https://kiboengage.cloudkibo.com"): Text 'https://kiboengage.cloudkibo.com' is set on object 'Object Repository/Page_KiboEngage  Create Broadcast/input_Url_form-control (6) (1)'

2019-03-22 09:52:45 - [MESSAGE][PASSED] - Text 'https://kiboengage.cloudkibo.com' is set on object 'Object Repository/Page_KiboEngage  Create Broadcast/input_Url_form-control (6) (1)'

2019-03-22 09:52:45 - [TEST_STEP][PASSED] - click(findTestObject("Page_KiboEngage  Create Broadcast/button_Done (5) (1)")): Object: 'Object Repository/Page_KiboEngage  Create Broadcast/button_Done (5) (1)' is clicked on

2019-03-22 09:52:45 - [MESSAGE][PASSED] - Object: 'Object Repository/Page_KiboEngage  Create Broadcast/button_Done (5) (1)' is clicked on

2019-03-22 09:52:45 - [TEST_STEP][PASSED] - delay(2): Delayed 2 second(s)

2019-03-22 09:52:47 - [MESSAGE][PASSED] - Delayed 2 second(s)

2019-03-22 09:52:47 - [TEST_STEP][PASSED] - click(findTestObject("Page_KiboEngage  Create Broadcast/a_Edit Action")): Object: 'Object Repository/Page_KiboEngage  Create Broadcast/a_Edit Action' is clicked on

2019-03-22 09:52:47 - [MESSAGE][PASSED] - Object: 'Object Repository/Page_KiboEngage  Create Broadcast/a_Edit Action' is clicked on

2019-03-22 09:52:47 - [TEST_STEP][PASSED] - selectOptionByValue(findTestObject("Page_KiboEngage  Create Broadcast/select_COMPACTTALLFULL (2) (1)"), "COMPACT", true): All options with value 'COMPACT' are selected in object 'Object Repository/Page_KiboEngage  Create Broadcast/select_COMPACTTALLFULL (2) (1)'  using regular expression

2019-03-22 09:52:47 - [MESSAGE][PASSED] - All options with value 'COMPACT' are selected in object 'Object Repository/Page_KiboEngage  Create Broadcast/select_COMPACTTALLFULL (2) (1)'  using regular expression

2019-03-22 09:52:47 - [TEST_STEP][PASSED] - click(findTestObject("Page_KiboEngage  Create Broadcast/button_Done (5) (1)")): Object: 'Object Repository/Page_KiboEngage  Create Broadcast/button_Done (5) (1)' is clicked on

2019-03-22 09:52:47 - [MESSAGE][PASSED] - Object: 'Object Repository/Page_KiboEngage  Create Broadcast/button_Done (5) (1)' is clicked on

2019-03-22 09:52:47 - [TEST_STEP][PASSED] - delay(1): Delayed 1 second(s)

2019-03-22 09:52:48 - [MESSAGE][PASSED] - Delayed 1 second(s)

2019-03-22 09:52:48 - [TEST_STEP][PASSED] - click(findTestObject("Page_KiboEngage  Create Broadcast/button_Next (3) (1) (2) (1) (1)")): Object: 'Object Repository/Page_KiboEngage  Create Broadcast/button_Next (3) (1) (2) (1) (1)' is clicked on

2019-03-22 09:52:48 - [MESSAGE][PASSED] - Object: 'Object Repository/Page_KiboEngage  Create Broadcast/button_Next (3) (1) (2) (1) (1)' is clicked on

2019-03-22 09:52:48 - [TEST_STEP][PASSED] - delay(1): Delayed 1 second(s)

2019-03-22 09:52:49 - [MESSAGE][PASSED] - Delayed 1 second(s)

2019-03-22 09:52:49 - [TEST_STEP][PASSED] - click(findTestObject("Page_KiboEngage  Create Broadcast/button_Send (2) (1) (2) (1) (1)")): Object: 'Object Repository/Page_KiboEngage  Create Broadcast/button_Send (2) (1) (2) (1) (1)' is clicked on

2019-03-22 09:52:49 - [MESSAGE][PASSED] - Object: 'Object Repository/Page_KiboEngage  Create Broadcast/button_Send (2) (1) (2) (1) (1)' is clicked on

2019-03-22 09:52:49 - [TEST_STEP][PASSED] - delay(1): Delayed 1 second(s)

2019-03-22 09:52:50 - [MESSAGE][PASSED] - Delayed 1 second(s)

2019-03-22 09:52:50 - [TEST_STEP][PASSED] - click(findTestObject("Page_KiboEngage  Create Broadcast/div_Sending broadcast You will be notified when it is sent (1) (1) (1) (1) (1)")): Object: 'Object Repository/Page_KiboEngage  Create Broadcast/div_Sending broadcast You will be notified when it is sent (1) (1) (1) (1) (1)' is clicked on

2019-03-22 09:52:50 - [MESSAGE][PASSED] - Object: 'Object Repository/Page_KiboEngage  Create Broadcast/div_Sending broadcast You will be notified when it is sent (1) (1) (1) (1) (1)' is clicked on

2019-03-22 09:52:50 - [TEST_STEP][PASSED] - delay(3): Delayed 3 second(s)

2019-03-22 09:52:53 - [MESSAGE][PASSED] - Delayed 3 second(s)

2019-03-22 09:52:53 - [TEST_STEP][PASSED] - click(findTestObject("Page_KiboEngage  Create Broadcast/div_Conversation successfully sent (2) (1) (2) (1) (1)")): Object: 'Object Repository/Page_KiboEngage  Create Broadcast/div_Conversation successfully sent (2) (1) (2) (1) (1)' is clicked on

2019-03-22 09:52:54 - [MESSAGE][PASSED] - Object: 'Object Repository/Page_KiboEngage  Create Broadcast/div_Conversation successfully sent (2) (1) (2) (1) (1)' is clicked on]]></system-out>
         <system-err><![CDATA[]]></system-err>
      </testcase>
      <system-out><![CDATA[2019-03-22 09:44:30 - [TEST_SUITE][PASSED] - Webview: Test Cases/Webview/TC1092]]></system-out>
      <system-err><![CDATA[]]></system-err>
   </testsuite>
</testsuites>
