<?xml version="1.0" encoding="UTF-8"?>
<testsuites name="Messenger Ads" time="363" tests="19" failures="0" errors="0">
   <testsuite name="Messenger Ads" tests="19" failures="0" errors="0" time="363" timestamp="2019-04-20 18:20:49" hostname="faizan - faizan-HP-EliteBook-850-G2" id="Test Suites/Faizan Suits/Messenger Ads">
      <properties>
         <property name="deviceName" value=""/>
         <property name="devicePlatform" value=""/>
         <property name="logFolder" value="/home/faizan/Drive/KiboPush_Automated_Testing/KiboPush Katalon/Reports/Faizan Suits/Messenger Ads/20190420_182043"/>
         <property name="logFiles" value="/home/faizan/Drive/KiboPush_Automated_Testing/KiboPush Katalon/Reports/Faizan Suits/Messenger Ads/20190420_182043/execution0.log"/>
         <property name="attachments" value=""/>
         <property name="hostName" value="faizan - faizan-HP-EliteBook-850-G2"/>
         <property name="os" value="Linux 64bit"/>
         <property name="katalonVersion" value="6.1.2.2"/>
         <property name="browser" value="Chrome 73.0.3683.103"/>
         <property name="hostAddress" value="127.0.1.1"/>
         <property name="sessionId" value="34c4e4a90c00bd67ec80518c35dfc4d8"/>
         <property name="seleniumVersion" value="3.7.1"/>
         <property name="proxyInformation" value="ProxyInformation{proxyOption=NO_PROXY, proxyServerType=HTTP, password=, proxyServerAddress=, proxyServerPort=0}"/>
         <property name="platform" value="Linux"/>
      </properties>
      <testcase name="Test Cases/s-sidebar_navigation/individualAccount/Faizan_production_login_kiboengage" classname="Test Cases/s-sidebar_navigation/individualAccount/Faizan_production_login_kiboengage" status="PASSED">
         <system-out><![CDATA[2019-04-20 18:20:50 - [TEST_CASE][PASSED] - Test Cases/s-sidebar_navigation/individualAccount/Faizan_production_login_kiboengage: Test Cases/s-sidebar_navigation/individualAccount/Faizan_production_login_kiboengage

2019-04-20 18:20:50 - [TEST_STEP][PASSED] - openBrowser(""): Browser is opened with url: ''

2019-04-20 18:20:51 - [MESSAGE][INFO] - Starting 'Chrome' driver

2019-04-20 18:20:51 - [MESSAGE][INFO] - User set preference: ['args', '[--no-sandbox]']

2019-04-20 18:20:51 - [MESSAGE][INFO] - Action delay is set to 0 seconds

2019-04-20 18:21:03 - [MESSAGE][PASSED] - Browser is opened with url: ''

2019-04-20 18:21:03 - [TEST_STEP][PASSED] - maximizeWindow(): Current window maximized

2019-04-20 18:21:03 - [MESSAGE][PASSED] - Current window maximized

2019-04-20 18:21:03 - [TEST_STEP][PASSED] - navigateToUrl("https://kiboengage.cloudkibo.com/"): Navigate to 'https://kiboengage.cloudkibo.com/' successfully

2019-04-20 18:21:15 - [MESSAGE][PASSED] - Navigate to 'https://kiboengage.cloudkibo.com/' successfully

2019-04-20 18:21:15 - [TEST_STEP][PASSED] - navigateToUrl("https://accounts.cloudkibo.com/?continue=https://kiboengage.cloudkibo.com"): Navigate to 'https://accounts.cloudkibo.com/?continue=https://kiboengage.cloudkibo.com' successfully

2019-04-20 18:21:15 - [MESSAGE][PASSED] - Navigate to 'https://accounts.cloudkibo.com/?continue=https://kiboengage.cloudkibo.com' successfully

2019-04-20 18:21:15 - [TEST_STEP][PASSED] - click(findTestObject("Page_CloudKibo/a_Login (2) (1) (1)")): Object: 'Object Repository/Page_CloudKibo/a_Login (2) (1) (1)' is clicked on

2019-04-20 18:21:17 - [MESSAGE][PASSED] - Object: 'Object Repository/Page_CloudKibo/a_Login (2) (1) (1)' is clicked on

2019-04-20 18:21:17 - [TEST_STEP][PASSED] - setText(findTestObject("Page_KiboPush/input_email (10) (1) (1)"), "faizan@cloudkibo.com"): Text 'faizan@cloudkibo.com' is set on object 'Object Repository/Page_KiboPush/input_email (10) (1) (1)'

2019-04-20 18:21:17 - [MESSAGE][PASSED] - Text 'faizan@cloudkibo.com' is set on object 'Object Repository/Page_KiboPush/input_email (10) (1) (1)'

2019-04-20 18:21:17 - [TEST_STEP][PASSED] - setEncryptedText(findTestObject("Page_CloudKibo/input_Sign In_password (7)"), "qeJ0sjJnwEs="): Text ****** has been set on object 'Object Repository/Page_CloudKibo/input_Sign In_password (7)'

2019-04-20 18:21:17 - [MESSAGE][PASSED] - Text ****** has been set on object 'Object Repository/Page_CloudKibo/input_Sign In_password (7)'

2019-04-20 18:21:17 - [TEST_STEP][PASSED] - click(findTestObject("Page_KiboPush/button_Sign In (10) (1) (2)")): Object: 'Object Repository/Page_KiboPush/button_Sign In (10) (1) (2)' is clicked on

2019-04-20 18:21:18 - [MESSAGE][PASSED] - Object: 'Object Repository/Page_KiboPush/button_Sign In (10) (1) (2)' is clicked on

2019-04-20 18:21:18 - [TEST_STEP][PASSED] - navigateToUrl("https://kiboengage.cloudkibo.com/dashboard"): Navigate to 'https://kiboengage.cloudkibo.com/dashboard' successfully

2019-04-20 18:21:41 - [MESSAGE][PASSED] - Navigate to 'https://kiboengage.cloudkibo.com/dashboard' successfully

2019-04-20 18:21:41 - [TEST_STEP][PASSED] - click(findTestObject("Page_KiboPush  Dashboard/h3_Dashboard (57)")): Object: 'Object Repository/Page_KiboPush  Dashboard/h3_Dashboard (57)' is clicked on

2019-04-20 18:21:41 - [MESSAGE][PASSED] - Object: 'Object Repository/Page_KiboPush  Dashboard/h3_Dashboard (57)' is clicked on

2019-04-20 18:21:41 - [TEST_STEP][PASSED] - delay(3): Delayed 3 second(s)

2019-04-20 18:21:44 - [MESSAGE][PASSED] - Delayed 3 second(s)

2019-04-20 18:21:44 - [TEST_STEP][PASSED] - click(findTestObject("Page_KiboEngage  Dashboard/a_SMS (2) (1) (1) (1) (3)")): Object: 'Object Repository/Page_KiboEngage  Dashboard/a_SMS (2) (1) (1) (1) (3)' is clicked on

2019-04-20 18:21:45 - [MESSAGE][PASSED] - Object: 'Object Repository/Page_KiboEngage  Dashboard/a_SMS (2) (1) (1) (1) (3)' is clicked on

2019-04-20 18:21:45 - [TEST_STEP][PASSED] - click(findTestObject("Page_KiboEngage  Dashboard/span_Messenger (1) (1) (1) (3)")): Object: 'Object Repository/Page_KiboEngage  Dashboard/span_Messenger (1) (1) (1) (3)' is clicked on

2019-04-20 18:21:45 - [MESSAGE][PASSED] - Object: 'Object Repository/Page_KiboEngage  Dashboard/span_Messenger (1) (1) (1) (3)' is clicked on]]></system-out>
         <system-err><![CDATA[]]></system-err>
      </testcase>
      <testcase name="Test Cases/Invite subscribers/open growth tools" classname="Test Cases/Invite subscribers/open growth tools" status="PASSED">
         <system-out><![CDATA[2019-04-20 18:21:45 - [TEST_CASE][PASSED] - Test Cases/Invite subscribers/open growth tools: Test Cases/Invite subscribers/open growth tools

2019-04-20 18:21:45 - [TEST_STEP][PASSED] - click(findTestObject("Object Repository/Page_KiboPush  Dashboard/span_Growth Tools (3)")): Object: 'Object Repository/Page_KiboPush  Dashboard/span_Growth Tools (3)' is clicked on

2019-04-20 18:21:45 - [MESSAGE][PASSED] - Object: 'Object Repository/Page_KiboPush  Dashboard/span_Growth Tools (3)' is clicked on

2019-04-20 18:21:45 - [TEST_STEP][PASSED] - delay(1): Delayed 1 second(s)

2019-04-20 18:21:46 - [MESSAGE][PASSED] - Delayed 1 second(s)]]></system-out>
         <system-err><![CDATA[]]></system-err>
      </testcase>
      <testcase name="Test Cases/Messenger Ads/TC1072" classname="Test Cases/Messenger Ads/TC1072" status="PASSED">
         <system-out><![CDATA[2019-04-20 18:21:46 - [TEST_CASE][PASSED] - Test Cases/Messenger Ads/TC1072: Test Cases/Messenger Ads/TC1072

2019-04-20 18:21:47 - [TEST_STEP][PASSED] - callTestCase(findTestCase("s-sidebar_navigation/individualAccount/Messenger Ads"), [:], STOP_ON_FAILURE): Call Test Case 'Test Cases/s-sidebar_navigation/individualAccount/Messenger Ads' successfully

2019-04-20 18:21:47 - [TEST_CASE][PASSED] - Test Cases/s-sidebar_navigation/individualAccount/Messenger Ads: Test Cases/s-sidebar_navigation/individualAccount/Messenger Ads

2019-04-20 18:21:47 - [TEST_STEP][PASSED] - click(findTestObject("Object Repository/Page_KiboPush  Dashboard/span_Invite Subscribers")): Object: 'Object Repository/Page_KiboPush  Dashboard/span_Invite Subscribers' is clicked on

2019-04-20 18:21:47 - [MESSAGE][PASSED] - Object: 'Object Repository/Page_KiboPush  Dashboard/span_Invite Subscribers' is clicked on

2019-04-20 18:21:47 - [TEST_STEP][PASSED] - delay(1): Delayed 1 second(s)

2019-04-20 18:21:48 - [MESSAGE][PASSED] - Delayed 1 second(s)

2019-04-20 18:21:48 - [TEST_STEP][PASSED] - click(findTestObject("Object Repository/Page_KiboEngage  Dashboard/span_Messenger Code")): Object: 'Object Repository/Page_KiboEngage  Dashboard/span_Messenger Code' is clicked on

2019-04-20 18:21:48 - [MESSAGE][PASSED] - Object: 'Object Repository/Page_KiboEngage  Dashboard/span_Messenger Code' is clicked on

2019-04-20 18:21:48 - [TEST_STEP][PASSED] - delay(1): Delayed 1 second(s)

2019-04-20 18:21:49 - [MESSAGE][PASSED] - Delayed 1 second(s)

2019-04-20 18:21:49 - [MESSAGE][PASSED] - Call Test Case 'Test Cases/s-sidebar_navigation/individualAccount/Messenger Ads' successfully

2019-04-20 18:21:49 - [TEST_STEP][PASSED] - click(findTestObject("Object Repository/Page_KiboEngage  Messenger Code/a_documentation")): Object: 'Object Repository/Page_KiboEngage  Messenger Code/a_documentation' is clicked on

2019-04-20 18:21:49 - [MESSAGE][PASSED] - Object: 'Object Repository/Page_KiboEngage  Messenger Code/a_documentation' is clicked on]]></system-out>
         <system-err><![CDATA[]]></system-err>
      </testcase>
      <testcase name="Test Cases/Messenger Ads/TC1059" classname="Test Cases/Messenger Ads/TC1059" status="PASSED">
         <system-out><![CDATA[2019-04-20 18:21:49 - [TEST_CASE][PASSED] - Test Cases/Messenger Ads/TC1059: Test Cases/Messenger Ads/TC1059

2019-04-20 18:21:50 - [TEST_STEP][PASSED] - callTestCase(findTestCase("s-sidebar_navigation/individualAccount/Messenger Ads"), [:], STOP_ON_FAILURE): Call Test Case 'Test Cases/s-sidebar_navigation/individualAccount/Messenger Ads' successfully

2019-04-20 18:21:50 - [TEST_CASE][PASSED] - Test Cases/s-sidebar_navigation/individualAccount/Messenger Ads: Test Cases/s-sidebar_navigation/individualAccount/Messenger Ads

2019-04-20 18:21:50 - [TEST_STEP][PASSED] - click(findTestObject("Object Repository/Page_KiboPush  Dashboard/span_Invite Subscribers")): Object: 'Object Repository/Page_KiboPush  Dashboard/span_Invite Subscribers' is clicked on

2019-04-20 18:21:50 - [MESSAGE][PASSED] - Object: 'Object Repository/Page_KiboPush  Dashboard/span_Invite Subscribers' is clicked on

2019-04-20 18:21:50 - [TEST_STEP][PASSED] - delay(1): Delayed 1 second(s)

2019-04-20 18:21:51 - [MESSAGE][PASSED] - Delayed 1 second(s)

2019-04-20 18:21:51 - [TEST_STEP][PASSED] - click(findTestObject("Object Repository/Page_KiboEngage  Dashboard/span_Messenger Code")): Object: 'Object Repository/Page_KiboEngage  Dashboard/span_Messenger Code' is clicked on

2019-04-20 18:21:51 - [MESSAGE][PASSED] - Object: 'Object Repository/Page_KiboEngage  Dashboard/span_Messenger Code' is clicked on

2019-04-20 18:21:51 - [TEST_STEP][PASSED] - delay(1): Delayed 1 second(s)

2019-04-20 18:21:52 - [MESSAGE][PASSED] - Delayed 1 second(s)

2019-04-20 18:21:52 - [MESSAGE][PASSED] - Call Test Case 'Test Cases/s-sidebar_navigation/individualAccount/Messenger Ads' successfully

2019-04-20 18:21:52 - [TEST_STEP][PASSED] - click(findTestObject("Object Repository/Page_KiboEngage  Messenger Code/a_documentation")): Object: 'Object Repository/Page_KiboEngage  Messenger Code/a_documentation' is clicked on

2019-04-20 18:21:52 - [MESSAGE][PASSED] - Object: 'Object Repository/Page_KiboEngage  Messenger Code/a_documentation' is clicked on]]></system-out>
         <system-err><![CDATA[]]></system-err>
      </testcase>
      <testcase name="Test Cases/Messenger Ads/TC1069" classname="Test Cases/Messenger Ads/TC1069" status="PASSED">
         <system-out><![CDATA[2019-04-20 18:21:52 - [TEST_CASE][PASSED] - Test Cases/Messenger Ads/TC1069: Test Cases/Messenger Ads/TC1069

2019-04-20 18:21:52 - [TEST_STEP][PASSED] - callTestCase(findTestCase("s-sidebar_navigation/individualAccount/Messenger Ads"), [:], STOP_ON_FAILURE): Call Test Case 'Test Cases/s-sidebar_navigation/individualAccount/Messenger Ads' successfully

2019-04-20 18:21:52 - [TEST_CASE][PASSED] - Test Cases/s-sidebar_navigation/individualAccount/Messenger Ads: Test Cases/s-sidebar_navigation/individualAccount/Messenger Ads

2019-04-20 18:21:52 - [TEST_STEP][PASSED] - click(findTestObject("Object Repository/Page_KiboPush  Dashboard/span_Invite Subscribers")): Object: 'Object Repository/Page_KiboPush  Dashboard/span_Invite Subscribers' is clicked on

2019-04-20 18:21:53 - [MESSAGE][PASSED] - Object: 'Object Repository/Page_KiboPush  Dashboard/span_Invite Subscribers' is clicked on

2019-04-20 18:21:53 - [TEST_STEP][PASSED] - delay(1): Delayed 1 second(s)

2019-04-20 18:21:54 - [MESSAGE][PASSED] - Delayed 1 second(s)

2019-04-20 18:21:54 - [TEST_STEP][PASSED] - click(findTestObject("Object Repository/Page_KiboEngage  Dashboard/span_Messenger Code")): Object: 'Object Repository/Page_KiboEngage  Dashboard/span_Messenger Code' is clicked on

2019-04-20 18:21:54 - [MESSAGE][PASSED] - Object: 'Object Repository/Page_KiboEngage  Dashboard/span_Messenger Code' is clicked on

2019-04-20 18:21:54 - [TEST_STEP][PASSED] - delay(1): Delayed 1 second(s)

2019-04-20 18:21:55 - [MESSAGE][PASSED] - Delayed 1 second(s)

2019-04-20 18:21:55 - [MESSAGE][PASSED] - Call Test Case 'Test Cases/s-sidebar_navigation/individualAccount/Messenger Ads' successfully

2019-04-20 18:21:55 - [TEST_STEP][PASSED] - click(findTestObject("Object Repository/Page_KiboEngage  Messenger Code/a_documentation")): Object: 'Object Repository/Page_KiboEngage  Messenger Code/a_documentation' is clicked on

2019-04-20 18:21:55 - [MESSAGE][PASSED] - Object: 'Object Repository/Page_KiboEngage  Messenger Code/a_documentation' is clicked on]]></system-out>
         <system-err><![CDATA[]]></system-err>
      </testcase>
      <testcase name="Test Cases/Messenger Ads/TC1067" classname="Test Cases/Messenger Ads/TC1067" status="PASSED">
         <system-out><![CDATA[2019-04-20 18:21:55 - [TEST_CASE][PASSED] - Test Cases/Messenger Ads/TC1067: Test Cases/Messenger Ads/TC1067

2019-04-20 18:21:55 - [TEST_STEP][PASSED] - callTestCase(findTestCase("s-sidebar_navigation/individualAccount/Messenger Ads"), [:], STOP_ON_FAILURE): Call Test Case 'Test Cases/s-sidebar_navigation/individualAccount/Messenger Ads' successfully

2019-04-20 18:21:55 - [TEST_CASE][PASSED] - Test Cases/s-sidebar_navigation/individualAccount/Messenger Ads: Test Cases/s-sidebar_navigation/individualAccount/Messenger Ads

2019-04-20 18:21:55 - [TEST_STEP][PASSED] - click(findTestObject("Object Repository/Page_KiboPush  Dashboard/span_Invite Subscribers")): Object: 'Object Repository/Page_KiboPush  Dashboard/span_Invite Subscribers' is clicked on

2019-04-20 18:21:56 - [MESSAGE][PASSED] - Object: 'Object Repository/Page_KiboPush  Dashboard/span_Invite Subscribers' is clicked on

2019-04-20 18:21:56 - [TEST_STEP][PASSED] - delay(1): Delayed 1 second(s)

2019-04-20 18:21:57 - [MESSAGE][PASSED] - Delayed 1 second(s)

2019-04-20 18:21:57 - [TEST_STEP][PASSED] - click(findTestObject("Object Repository/Page_KiboEngage  Dashboard/span_Messenger Code")): Object: 'Object Repository/Page_KiboEngage  Dashboard/span_Messenger Code' is clicked on

2019-04-20 18:21:57 - [MESSAGE][PASSED] - Object: 'Object Repository/Page_KiboEngage  Dashboard/span_Messenger Code' is clicked on

2019-04-20 18:21:57 - [TEST_STEP][PASSED] - delay(1): Delayed 1 second(s)

2019-04-20 18:21:58 - [MESSAGE][PASSED] - Delayed 1 second(s)

2019-04-20 18:21:58 - [MESSAGE][PASSED] - Call Test Case 'Test Cases/s-sidebar_navigation/individualAccount/Messenger Ads' successfully

2019-04-20 18:21:58 - [TEST_STEP][PASSED] - click(findTestObject("Object Repository/Page_KiboEngage  Messenger Code/a_documentation")): Object: 'Object Repository/Page_KiboEngage  Messenger Code/a_documentation' is clicked on

2019-04-20 18:21:58 - [MESSAGE][PASSED] - Object: 'Object Repository/Page_KiboEngage  Messenger Code/a_documentation' is clicked on]]></system-out>
         <system-err><![CDATA[]]></system-err>
      </testcase>
      <testcase name="Test Cases/Messenger Ads/TC1063" classname="Test Cases/Messenger Ads/TC1063" status="PASSED">
         <system-out><![CDATA[2019-04-20 18:21:59 - [TEST_CASE][PASSED] - Test Cases/Messenger Ads/TC1063: Test Cases/Messenger Ads/TC1063

2019-04-20 18:21:59 - [TEST_STEP][PASSED] - callTestCase(findTestCase("s-sidebar_navigation/individualAccount/Messenger Ads"), [:], STOP_ON_FAILURE): Call Test Case 'Test Cases/s-sidebar_navigation/individualAccount/Messenger Ads' successfully

2019-04-20 18:21:59 - [TEST_CASE][PASSED] - Test Cases/s-sidebar_navigation/individualAccount/Messenger Ads: Test Cases/s-sidebar_navigation/individualAccount/Messenger Ads

2019-04-20 18:21:59 - [TEST_STEP][PASSED] - click(findTestObject("Object Repository/Page_KiboPush  Dashboard/span_Invite Subscribers")): Object: 'Object Repository/Page_KiboPush  Dashboard/span_Invite Subscribers' is clicked on

2019-04-20 18:21:59 - [MESSAGE][PASSED] - Object: 'Object Repository/Page_KiboPush  Dashboard/span_Invite Subscribers' is clicked on

2019-04-20 18:21:59 - [TEST_STEP][PASSED] - delay(1): Delayed 1 second(s)

2019-04-20 18:22:00 - [MESSAGE][PASSED] - Delayed 1 second(s)

2019-04-20 18:22:00 - [TEST_STEP][PASSED] - click(findTestObject("Object Repository/Page_KiboEngage  Dashboard/span_Messenger Code")): Object: 'Object Repository/Page_KiboEngage  Dashboard/span_Messenger Code' is clicked on

2019-04-20 18:22:01 - [MESSAGE][PASSED] - Object: 'Object Repository/Page_KiboEngage  Dashboard/span_Messenger Code' is clicked on

2019-04-20 18:22:01 - [TEST_STEP][PASSED] - delay(1): Delayed 1 second(s)

2019-04-20 18:22:02 - [MESSAGE][PASSED] - Delayed 1 second(s)

2019-04-20 18:22:02 - [MESSAGE][PASSED] - Call Test Case 'Test Cases/s-sidebar_navigation/individualAccount/Messenger Ads' successfully

2019-04-20 18:22:02 - [TEST_STEP][PASSED] - click(findTestObject("Object Repository/Page_KiboEngage  Messenger Code/a_documentation")): Object: 'Object Repository/Page_KiboEngage  Messenger Code/a_documentation' is clicked on

2019-04-20 18:22:02 - [MESSAGE][PASSED] - Object: 'Object Repository/Page_KiboEngage  Messenger Code/a_documentation' is clicked on]]></system-out>
         <system-err><![CDATA[]]></system-err>
      </testcase>
      <testcase name="Test Cases/Messenger Ads/TC1061" classname="Test Cases/Messenger Ads/TC1061" status="PASSED">
         <system-out><![CDATA[2019-04-20 18:22:02 - [TEST_CASE][PASSED] - Test Cases/Messenger Ads/TC1061: Test Cases/Messenger Ads/TC1061

2019-04-20 18:22:02 - [TEST_STEP][PASSED] - callTestCase(findTestCase("s-sidebar_navigation/individualAccount/Messenger Ads"), [:], STOP_ON_FAILURE): Call Test Case 'Test Cases/s-sidebar_navigation/individualAccount/Messenger Ads' successfully

2019-04-20 18:22:02 - [TEST_CASE][PASSED] - Test Cases/s-sidebar_navigation/individualAccount/Messenger Ads: Test Cases/s-sidebar_navigation/individualAccount/Messenger Ads

2019-04-20 18:22:03 - [TEST_STEP][PASSED] - click(findTestObject("Object Repository/Page_KiboPush  Dashboard/span_Invite Subscribers")): Object: 'Object Repository/Page_KiboPush  Dashboard/span_Invite Subscribers' is clicked on

2019-04-20 18:22:03 - [MESSAGE][PASSED] - Object: 'Object Repository/Page_KiboPush  Dashboard/span_Invite Subscribers' is clicked on

2019-04-20 18:22:03 - [TEST_STEP][PASSED] - delay(1): Delayed 1 second(s)

2019-04-20 18:22:04 - [MESSAGE][PASSED] - Delayed 1 second(s)

2019-04-20 18:22:04 - [TEST_STEP][PASSED] - click(findTestObject("Object Repository/Page_KiboEngage  Dashboard/span_Messenger Code")): Object: 'Object Repository/Page_KiboEngage  Dashboard/span_Messenger Code' is clicked on

2019-04-20 18:22:04 - [MESSAGE][PASSED] - Object: 'Object Repository/Page_KiboEngage  Dashboard/span_Messenger Code' is clicked on

2019-04-20 18:22:04 - [TEST_STEP][PASSED] - delay(1): Delayed 1 second(s)

2019-04-20 18:22:05 - [MESSAGE][PASSED] - Delayed 1 second(s)

2019-04-20 18:22:05 - [MESSAGE][PASSED] - Call Test Case 'Test Cases/s-sidebar_navigation/individualAccount/Messenger Ads' successfully

2019-04-20 18:22:05 - [TEST_STEP][PASSED] - click(findTestObject("Object Repository/Page_KiboEngage  Messenger Code/a_documentation")): Object: 'Object Repository/Page_KiboEngage  Messenger Code/a_documentation' is clicked on

2019-04-20 18:22:05 - [MESSAGE][PASSED] - Object: 'Object Repository/Page_KiboEngage  Messenger Code/a_documentation' is clicked on]]></system-out>
         <system-err><![CDATA[]]></system-err>
      </testcase>
      <testcase name="Test Cases/Messenger Ads/TC1065" classname="Test Cases/Messenger Ads/TC1065" status="PASSED">
         <system-out><![CDATA[2019-04-20 18:22:05 - [TEST_CASE][PASSED] - Test Cases/Messenger Ads/TC1065: Test Cases/Messenger Ads/TC1065

2019-04-20 18:22:06 - [TEST_STEP][PASSED] - callTestCase(findTestCase("s-sidebar_navigation/individualAccount/Messenger Ads"), [:], STOP_ON_FAILURE): Call Test Case 'Test Cases/s-sidebar_navigation/individualAccount/Messenger Ads' successfully

2019-04-20 18:22:06 - [TEST_CASE][PASSED] - Test Cases/s-sidebar_navigation/individualAccount/Messenger Ads: Test Cases/s-sidebar_navigation/individualAccount/Messenger Ads

2019-04-20 18:22:06 - [TEST_STEP][PASSED] - click(findTestObject("Object Repository/Page_KiboPush  Dashboard/span_Invite Subscribers")): Object: 'Object Repository/Page_KiboPush  Dashboard/span_Invite Subscribers' is clicked on

2019-04-20 18:22:06 - [MESSAGE][PASSED] - Object: 'Object Repository/Page_KiboPush  Dashboard/span_Invite Subscribers' is clicked on

2019-04-20 18:22:06 - [TEST_STEP][PASSED] - delay(1): Delayed 1 second(s)

2019-04-20 18:22:07 - [MESSAGE][PASSED] - Delayed 1 second(s)

2019-04-20 18:22:07 - [TEST_STEP][PASSED] - click(findTestObject("Object Repository/Page_KiboEngage  Dashboard/span_Messenger Code")): Object: 'Object Repository/Page_KiboEngage  Dashboard/span_Messenger Code' is clicked on

2019-04-20 18:22:07 - [MESSAGE][PASSED] - Object: 'Object Repository/Page_KiboEngage  Dashboard/span_Messenger Code' is clicked on

2019-04-20 18:22:07 - [TEST_STEP][PASSED] - delay(1): Delayed 1 second(s)

2019-04-20 18:22:08 - [MESSAGE][PASSED] - Delayed 1 second(s)

2019-04-20 18:22:08 - [MESSAGE][PASSED] - Call Test Case 'Test Cases/s-sidebar_navigation/individualAccount/Messenger Ads' successfully

2019-04-20 18:22:08 - [TEST_STEP][PASSED] - click(findTestObject("Object Repository/Page_KiboEngage  Messenger Code/a_documentation")): Object: 'Object Repository/Page_KiboEngage  Messenger Code/a_documentation' is clicked on

2019-04-20 18:22:08 - [MESSAGE][PASSED] - Object: 'Object Repository/Page_KiboEngage  Messenger Code/a_documentation' is clicked on]]></system-out>
         <system-err><![CDATA[]]></system-err>
      </testcase>
      <testcase name="Test Cases/Messenger Ads/TC1068" classname="Test Cases/Messenger Ads/TC1068" status="PASSED">
         <system-out><![CDATA[2019-04-20 18:22:08 - [TEST_CASE][PASSED] - Test Cases/Messenger Ads/TC1068: Test Cases/Messenger Ads/TC1068

2019-04-20 18:22:08 - [TEST_STEP][PASSED] - callTestCase(findTestCase("s-sidebar_navigation/individualAccount/Messenger Ads"), [:], STOP_ON_FAILURE): Call Test Case 'Test Cases/s-sidebar_navigation/individualAccount/Messenger Ads' successfully

2019-04-20 18:22:08 - [TEST_CASE][PASSED] - Test Cases/s-sidebar_navigation/individualAccount/Messenger Ads: Test Cases/s-sidebar_navigation/individualAccount/Messenger Ads

2019-04-20 18:22:08 - [TEST_STEP][PASSED] - click(findTestObject("Object Repository/Page_KiboPush  Dashboard/span_Invite Subscribers")): Object: 'Object Repository/Page_KiboPush  Dashboard/span_Invite Subscribers' is clicked on

2019-04-20 18:22:12 - [MESSAGE][PASSED] - Object: 'Object Repository/Page_KiboPush  Dashboard/span_Invite Subscribers' is clicked on

2019-04-20 18:22:12 - [TEST_STEP][PASSED] - delay(1): Delayed 1 second(s)

2019-04-20 18:22:13 - [MESSAGE][PASSED] - Delayed 1 second(s)

2019-04-20 18:22:13 - [TEST_STEP][PASSED] - click(findTestObject("Object Repository/Page_KiboEngage  Dashboard/span_Messenger Code")): Object: 'Object Repository/Page_KiboEngage  Dashboard/span_Messenger Code' is clicked on

2019-04-20 18:22:13 - [MESSAGE][PASSED] - Object: 'Object Repository/Page_KiboEngage  Dashboard/span_Messenger Code' is clicked on

2019-04-20 18:22:13 - [TEST_STEP][PASSED] - delay(1): Delayed 1 second(s)

2019-04-20 18:22:14 - [MESSAGE][PASSED] - Delayed 1 second(s)

2019-04-20 18:22:14 - [MESSAGE][PASSED] - Call Test Case 'Test Cases/s-sidebar_navigation/individualAccount/Messenger Ads' successfully

2019-04-20 18:22:14 - [TEST_STEP][PASSED] - click(findTestObject("Object Repository/Page_KiboEngage  Messenger Code/a_documentation")): Object: 'Object Repository/Page_KiboEngage  Messenger Code/a_documentation' is clicked on

2019-04-20 18:22:14 - [MESSAGE][PASSED] - Object: 'Object Repository/Page_KiboEngage  Messenger Code/a_documentation' is clicked on]]></system-out>
         <system-err><![CDATA[]]></system-err>
      </testcase>
      <testcase name="Test Cases/Messenger Ads/TC1060" classname="Test Cases/Messenger Ads/TC1060" status="PASSED">
         <system-out><![CDATA[2019-04-20 18:22:14 - [TEST_CASE][PASSED] - Test Cases/Messenger Ads/TC1060: Test Cases/Messenger Ads/TC1060

2019-04-20 18:22:15 - [TEST_STEP][PASSED] - callTestCase(findTestCase("s-sidebar_navigation/individualAccount/Messenger Ads"), [:], STOP_ON_FAILURE): Call Test Case 'Test Cases/s-sidebar_navigation/individualAccount/Messenger Ads' successfully

2019-04-20 18:22:17 - [TEST_CASE][PASSED] - Test Cases/s-sidebar_navigation/individualAccount/Messenger Ads: Test Cases/s-sidebar_navigation/individualAccount/Messenger Ads

2019-04-20 18:22:17 - [TEST_STEP][PASSED] - click(findTestObject("Object Repository/Page_KiboPush  Dashboard/span_Invite Subscribers")): Object: 'Object Repository/Page_KiboPush  Dashboard/span_Invite Subscribers' is clicked on

2019-04-20 18:22:17 - [MESSAGE][PASSED] - Object: 'Object Repository/Page_KiboPush  Dashboard/span_Invite Subscribers' is clicked on

2019-04-20 18:22:17 - [TEST_STEP][PASSED] - delay(1): Delayed 1 second(s)

2019-04-20 18:22:18 - [MESSAGE][PASSED] - Delayed 1 second(s)

2019-04-20 18:22:18 - [TEST_STEP][PASSED] - click(findTestObject("Object Repository/Page_KiboEngage  Dashboard/span_Messenger Code")): Object: 'Object Repository/Page_KiboEngage  Dashboard/span_Messenger Code' is clicked on

2019-04-20 18:22:19 - [MESSAGE][PASSED] - Object: 'Object Repository/Page_KiboEngage  Dashboard/span_Messenger Code' is clicked on

2019-04-20 18:22:19 - [TEST_STEP][PASSED] - delay(1): Delayed 1 second(s)

2019-04-20 18:22:20 - [MESSAGE][PASSED] - Delayed 1 second(s)

2019-04-20 18:22:20 - [MESSAGE][PASSED] - Call Test Case 'Test Cases/s-sidebar_navigation/individualAccount/Messenger Ads' successfully

2019-04-20 18:22:20 - [TEST_STEP][PASSED] - click(findTestObject("Object Repository/Page_KiboEngage  Messenger Code/a_documentation")): Object: 'Object Repository/Page_KiboEngage  Messenger Code/a_documentation' is clicked on

2019-04-20 18:22:20 - [MESSAGE][PASSED] - Object: 'Object Repository/Page_KiboEngage  Messenger Code/a_documentation' is clicked on]]></system-out>
         <system-err><![CDATA[]]></system-err>
      </testcase>
      <testcase name="Test Cases/Messenger Ads/TC1074" classname="Test Cases/Messenger Ads/TC1074" status="PASSED">
         <system-out><![CDATA[2019-04-20 18:22:20 - [TEST_CASE][PASSED] - Test Cases/Messenger Ads/TC1074: Test Cases/Messenger Ads/TC1074

2019-04-20 18:22:20 - [TEST_STEP][PASSED] - callTestCase(findTestCase("s-sidebar_navigation/individualAccount/Messenger Ads"), [:], STOP_ON_FAILURE): Call Test Case 'Test Cases/s-sidebar_navigation/individualAccount/Messenger Ads' successfully

2019-04-20 18:22:20 - [TEST_CASE][PASSED] - Test Cases/s-sidebar_navigation/individualAccount/Messenger Ads: Test Cases/s-sidebar_navigation/individualAccount/Messenger Ads

2019-04-20 18:22:20 - [TEST_STEP][PASSED] - click(findTestObject("Object Repository/Page_KiboPush  Dashboard/span_Invite Subscribers")): Object: 'Object Repository/Page_KiboPush  Dashboard/span_Invite Subscribers' is clicked on

2019-04-20 18:22:21 - [MESSAGE][PASSED] - Object: 'Object Repository/Page_KiboPush  Dashboard/span_Invite Subscribers' is clicked on

2019-04-20 18:22:21 - [TEST_STEP][PASSED] - delay(1): Delayed 1 second(s)

2019-04-20 18:22:22 - [MESSAGE][PASSED] - Delayed 1 second(s)

2019-04-20 18:22:22 - [TEST_STEP][PASSED] - click(findTestObject("Object Repository/Page_KiboEngage  Dashboard/span_Messenger Code")): Object: 'Object Repository/Page_KiboEngage  Dashboard/span_Messenger Code' is clicked on

2019-04-20 18:22:22 - [MESSAGE][PASSED] - Object: 'Object Repository/Page_KiboEngage  Dashboard/span_Messenger Code' is clicked on

2019-04-20 18:22:22 - [TEST_STEP][PASSED] - delay(1): Delayed 1 second(s)

2019-04-20 18:22:23 - [MESSAGE][PASSED] - Delayed 1 second(s)

2019-04-20 18:22:23 - [MESSAGE][PASSED] - Call Test Case 'Test Cases/s-sidebar_navigation/individualAccount/Messenger Ads' successfully

2019-04-20 18:22:23 - [TEST_STEP][PASSED] - click(findTestObject("Object Repository/Page_KiboEngage  Messenger Code/a_documentation")): Object: 'Object Repository/Page_KiboEngage  Messenger Code/a_documentation' is clicked on

2019-04-20 18:22:23 - [MESSAGE][PASSED] - Object: 'Object Repository/Page_KiboEngage  Messenger Code/a_documentation' is clicked on]]></system-out>
         <system-err><![CDATA[]]></system-err>
      </testcase>
      <testcase name="Test Cases/Messenger Ads/TC1070" classname="Test Cases/Messenger Ads/TC1070" status="PASSED">
         <system-out><![CDATA[2019-04-20 18:22:23 - [TEST_CASE][PASSED] - Test Cases/Messenger Ads/TC1070: Test Cases/Messenger Ads/TC1070

2019-04-20 18:22:27 - [TEST_STEP][PASSED] - callTestCase(findTestCase("s-sidebar_navigation/individualAccount/Messenger Ads"), [:], STOP_ON_FAILURE): Call Test Case 'Test Cases/s-sidebar_navigation/individualAccount/Messenger Ads' successfully

2019-04-20 18:22:27 - [TEST_CASE][PASSED] - Test Cases/s-sidebar_navigation/individualAccount/Messenger Ads: Test Cases/s-sidebar_navigation/individualAccount/Messenger Ads

2019-04-20 18:22:27 - [TEST_STEP][PASSED] - click(findTestObject("Object Repository/Page_KiboPush  Dashboard/span_Invite Subscribers")): Object: 'Object Repository/Page_KiboPush  Dashboard/span_Invite Subscribers' is clicked on

2019-04-20 18:22:27 - [MESSAGE][PASSED] - Object: 'Object Repository/Page_KiboPush  Dashboard/span_Invite Subscribers' is clicked on

2019-04-20 18:22:27 - [TEST_STEP][PASSED] - delay(1): Delayed 1 second(s)

2019-04-20 18:22:28 - [MESSAGE][PASSED] - Delayed 1 second(s)

2019-04-20 18:22:28 - [TEST_STEP][PASSED] - click(findTestObject("Object Repository/Page_KiboEngage  Dashboard/span_Messenger Code")): Object: 'Object Repository/Page_KiboEngage  Dashboard/span_Messenger Code' is clicked on

2019-04-20 18:22:29 - [MESSAGE][PASSED] - Object: 'Object Repository/Page_KiboEngage  Dashboard/span_Messenger Code' is clicked on

2019-04-20 18:22:29 - [TEST_STEP][PASSED] - delay(1): Delayed 1 second(s)

2019-04-20 18:22:30 - [MESSAGE][PASSED] - Delayed 1 second(s)

2019-04-20 18:22:30 - [MESSAGE][PASSED] - Call Test Case 'Test Cases/s-sidebar_navigation/individualAccount/Messenger Ads' successfully

2019-04-20 18:22:30 - [TEST_STEP][PASSED] - click(findTestObject("Object Repository/Page_KiboEngage  Messenger Code/a_documentation")): Object: 'Object Repository/Page_KiboEngage  Messenger Code/a_documentation' is clicked on

2019-04-20 18:22:30 - [MESSAGE][PASSED] - Object: 'Object Repository/Page_KiboEngage  Messenger Code/a_documentation' is clicked on]]></system-out>
         <system-err><![CDATA[]]></system-err>
      </testcase>
      <testcase name="Test Cases/Messenger Ads/TC1071" classname="Test Cases/Messenger Ads/TC1071" status="PASSED">
         <system-out><![CDATA[2019-04-20 18:22:31 - [TEST_CASE][PASSED] - Test Cases/Messenger Ads/TC1071: Test Cases/Messenger Ads/TC1071

2019-04-20 18:22:31 - [TEST_STEP][PASSED] - callTestCase(findTestCase("s-sidebar_navigation/individualAccount/Messenger Ads"), [:], STOP_ON_FAILURE): Call Test Case 'Test Cases/s-sidebar_navigation/individualAccount/Messenger Ads' successfully

2019-04-20 18:22:31 - [TEST_CASE][PASSED] - Test Cases/s-sidebar_navigation/individualAccount/Messenger Ads: Test Cases/s-sidebar_navigation/individualAccount/Messenger Ads

2019-04-20 18:22:31 - [TEST_STEP][PASSED] - click(findTestObject("Object Repository/Page_KiboPush  Dashboard/span_Invite Subscribers")): Object: 'Object Repository/Page_KiboPush  Dashboard/span_Invite Subscribers' is clicked on

2019-04-20 18:22:31 - [MESSAGE][PASSED] - Object: 'Object Repository/Page_KiboPush  Dashboard/span_Invite Subscribers' is clicked on

2019-04-20 18:22:31 - [TEST_STEP][PASSED] - delay(1): Delayed 1 second(s)

2019-04-20 18:22:32 - [MESSAGE][PASSED] - Delayed 1 second(s)

2019-04-20 18:22:32 - [TEST_STEP][PASSED] - click(findTestObject("Object Repository/Page_KiboEngage  Dashboard/span_Messenger Code")): Object: 'Object Repository/Page_KiboEngage  Dashboard/span_Messenger Code' is clicked on

2019-04-20 18:22:33 - [MESSAGE][PASSED] - Object: 'Object Repository/Page_KiboEngage  Dashboard/span_Messenger Code' is clicked on

2019-04-20 18:22:33 - [TEST_STEP][PASSED] - delay(1): Delayed 1 second(s)

2019-04-20 18:22:34 - [MESSAGE][PASSED] - Delayed 1 second(s)

2019-04-20 18:22:34 - [MESSAGE][PASSED] - Call Test Case 'Test Cases/s-sidebar_navigation/individualAccount/Messenger Ads' successfully

2019-04-20 18:22:34 - [TEST_STEP][PASSED] - click(findTestObject("Object Repository/Page_KiboEngage  Messenger Code/a_documentation")): Object: 'Object Repository/Page_KiboEngage  Messenger Code/a_documentation' is clicked on

2019-04-20 18:22:34 - [MESSAGE][PASSED] - Object: 'Object Repository/Page_KiboEngage  Messenger Code/a_documentation' is clicked on]]></system-out>
         <system-err><![CDATA[]]></system-err>
      </testcase>
      <testcase name="Test Cases/Messenger Ads/TC1064" classname="Test Cases/Messenger Ads/TC1064" status="PASSED">
         <system-out><![CDATA[2019-04-20 18:22:34 - [TEST_CASE][PASSED] - Test Cases/Messenger Ads/TC1064: Test Cases/Messenger Ads/TC1064

2019-04-20 18:22:34 - [TEST_STEP][PASSED] - callTestCase(findTestCase("s-sidebar_navigation/individualAccount/Messenger Ads"), [:], STOP_ON_FAILURE): Call Test Case 'Test Cases/s-sidebar_navigation/individualAccount/Messenger Ads' successfully

2019-04-20 18:22:35 - [TEST_CASE][PASSED] - Test Cases/s-sidebar_navigation/individualAccount/Messenger Ads: Test Cases/s-sidebar_navigation/individualAccount/Messenger Ads

2019-04-20 18:22:35 - [TEST_STEP][PASSED] - click(findTestObject("Object Repository/Page_KiboPush  Dashboard/span_Invite Subscribers")): Object: 'Object Repository/Page_KiboPush  Dashboard/span_Invite Subscribers' is clicked on

2019-04-20 18:22:35 - [MESSAGE][PASSED] - Object: 'Object Repository/Page_KiboPush  Dashboard/span_Invite Subscribers' is clicked on

2019-04-20 18:22:35 - [TEST_STEP][PASSED] - delay(1): Delayed 1 second(s)

2019-04-20 18:22:36 - [MESSAGE][PASSED] - Delayed 1 second(s)

2019-04-20 18:22:36 - [TEST_STEP][PASSED] - click(findTestObject("Object Repository/Page_KiboEngage  Dashboard/span_Messenger Code")): Object: 'Object Repository/Page_KiboEngage  Dashboard/span_Messenger Code' is clicked on

2019-04-20 18:22:36 - [MESSAGE][PASSED] - Object: 'Object Repository/Page_KiboEngage  Dashboard/span_Messenger Code' is clicked on

2019-04-20 18:22:36 - [TEST_STEP][PASSED] - delay(1): Delayed 1 second(s)

2019-04-20 18:22:37 - [MESSAGE][PASSED] - Delayed 1 second(s)

2019-04-20 18:22:37 - [MESSAGE][PASSED] - Call Test Case 'Test Cases/s-sidebar_navigation/individualAccount/Messenger Ads' successfully

2019-04-20 18:22:37 - [TEST_STEP][PASSED] - click(findTestObject("Object Repository/Page_KiboEngage  Messenger Code/a_documentation")): Object: 'Object Repository/Page_KiboEngage  Messenger Code/a_documentation' is clicked on

2019-04-20 18:22:37 - [MESSAGE][PASSED] - Object: 'Object Repository/Page_KiboEngage  Messenger Code/a_documentation' is clicked on]]></system-out>
         <system-err><![CDATA[]]></system-err>
      </testcase>
      <testcase name="Test Cases/Messenger Ads/TC1062" classname="Test Cases/Messenger Ads/TC1062" status="PASSED">
         <system-out><![CDATA[2019-04-20 18:22:37 - [TEST_CASE][PASSED] - Test Cases/Messenger Ads/TC1062: Test Cases/Messenger Ads/TC1062

2019-04-20 18:22:37 - [TEST_STEP][PASSED] - callTestCase(findTestCase("s-sidebar_navigation/individualAccount/Messenger Ads"), [:], STOP_ON_FAILURE): Call Test Case 'Test Cases/s-sidebar_navigation/individualAccount/Messenger Ads' successfully

2019-04-20 18:22:37 - [TEST_CASE][PASSED] - Test Cases/s-sidebar_navigation/individualAccount/Messenger Ads: Test Cases/s-sidebar_navigation/individualAccount/Messenger Ads

2019-04-20 18:22:37 - [TEST_STEP][PASSED] - click(findTestObject("Object Repository/Page_KiboPush  Dashboard/span_Invite Subscribers")): Object: 'Object Repository/Page_KiboPush  Dashboard/span_Invite Subscribers' is clicked on

2019-04-20 18:22:38 - [MESSAGE][PASSED] - Object: 'Object Repository/Page_KiboPush  Dashboard/span_Invite Subscribers' is clicked on

2019-04-20 18:22:38 - [TEST_STEP][PASSED] - delay(1): Delayed 1 second(s)

2019-04-20 18:22:39 - [MESSAGE][PASSED] - Delayed 1 second(s)

2019-04-20 18:22:39 - [TEST_STEP][PASSED] - click(findTestObject("Object Repository/Page_KiboEngage  Dashboard/span_Messenger Code")): Object: 'Object Repository/Page_KiboEngage  Dashboard/span_Messenger Code' is clicked on

2019-04-20 18:22:39 - [MESSAGE][PASSED] - Object: 'Object Repository/Page_KiboEngage  Dashboard/span_Messenger Code' is clicked on

2019-04-20 18:22:39 - [TEST_STEP][PASSED] - delay(1): Delayed 1 second(s)

2019-04-20 18:22:40 - [MESSAGE][PASSED] - Delayed 1 second(s)

2019-04-20 18:22:40 - [MESSAGE][PASSED] - Call Test Case 'Test Cases/s-sidebar_navigation/individualAccount/Messenger Ads' successfully

2019-04-20 18:22:40 - [TEST_STEP][PASSED] - click(findTestObject("Object Repository/Page_KiboEngage  Messenger Code/a_documentation")): Object: 'Object Repository/Page_KiboEngage  Messenger Code/a_documentation' is clicked on

2019-04-20 18:22:45 - [MESSAGE][PASSED] - Object: 'Object Repository/Page_KiboEngage  Messenger Code/a_documentation' is clicked on]]></system-out>
         <system-err><![CDATA[]]></system-err>
      </testcase>
      <testcase name="Test Cases/Messenger Ads/TC1058" classname="Test Cases/Messenger Ads/TC1058" status="PASSED">
         <system-out><![CDATA[2019-04-20 18:22:46 - [TEST_CASE][PASSED] - Test Cases/Messenger Ads/TC1058: Test Cases/Messenger Ads/TC1058

2019-04-20 18:22:46 - [TEST_STEP][PASSED] - callTestCase(findTestCase("s-sidebar_navigation/individualAccount/Messenger Ads"), [:], STOP_ON_FAILURE): Call Test Case 'Test Cases/s-sidebar_navigation/individualAccount/Messenger Ads' successfully

2019-04-20 18:22:47 - [TEST_CASE][PASSED] - Test Cases/s-sidebar_navigation/individualAccount/Messenger Ads: Test Cases/s-sidebar_navigation/individualAccount/Messenger Ads

2019-04-20 18:22:47 - [TEST_STEP][PASSED] - click(findTestObject("Object Repository/Page_KiboPush  Dashboard/span_Invite Subscribers")): Object: 'Object Repository/Page_KiboPush  Dashboard/span_Invite Subscribers' is clicked on

2019-04-20 18:22:47 - [MESSAGE][PASSED] - Object: 'Object Repository/Page_KiboPush  Dashboard/span_Invite Subscribers' is clicked on

2019-04-20 18:22:47 - [TEST_STEP][PASSED] - delay(1): Delayed 1 second(s)

2019-04-20 18:22:48 - [MESSAGE][PASSED] - Delayed 1 second(s)

2019-04-20 18:22:48 - [TEST_STEP][PASSED] - click(findTestObject("Object Repository/Page_KiboEngage  Dashboard/span_Messenger Code")): Object: 'Object Repository/Page_KiboEngage  Dashboard/span_Messenger Code' is clicked on

2019-04-20 18:23:03 - [MESSAGE][PASSED] - Object: 'Object Repository/Page_KiboEngage  Dashboard/span_Messenger Code' is clicked on

2019-04-20 18:23:03 - [TEST_STEP][PASSED] - delay(1): Delayed 1 second(s)

2019-04-20 18:23:05 - [MESSAGE][PASSED] - Delayed 1 second(s)

2019-04-20 18:23:05 - [MESSAGE][PASSED] - Call Test Case 'Test Cases/s-sidebar_navigation/individualAccount/Messenger Ads' successfully

2019-04-20 18:23:05 - [TEST_STEP][PASSED] - click(findTestObject("Object Repository/Page_KiboEngage  Messenger Code/a_documentation")): Object: 'Object Repository/Page_KiboEngage  Messenger Code/a_documentation' is clicked on

2019-04-20 18:23:16 - [MESSAGE][PASSED] - Object: 'Object Repository/Page_KiboEngage  Messenger Code/a_documentation' is clicked on]]></system-out>
         <system-err><![CDATA[]]></system-err>
      </testcase>
      <testcase name="Test Cases/Messenger Ads/TC1073" classname="Test Cases/Messenger Ads/TC1073" status="PASSED">
         <system-out><![CDATA[2019-04-20 18:23:17 - [TEST_CASE][PASSED] - Test Cases/Messenger Ads/TC1073: Test Cases/Messenger Ads/TC1073

2019-04-20 18:23:18 - [TEST_STEP][PASSED] - callTestCase(findTestCase("s-sidebar_navigation/individualAccount/Messenger Ads"), [:], STOP_ON_FAILURE): Call Test Case 'Test Cases/s-sidebar_navigation/individualAccount/Messenger Ads' successfully

2019-04-20 18:23:18 - [TEST_CASE][PASSED] - Test Cases/s-sidebar_navigation/individualAccount/Messenger Ads: Test Cases/s-sidebar_navigation/individualAccount/Messenger Ads

2019-04-20 18:23:18 - [TEST_STEP][PASSED] - click(findTestObject("Object Repository/Page_KiboPush  Dashboard/span_Invite Subscribers")): Object: 'Object Repository/Page_KiboPush  Dashboard/span_Invite Subscribers' is clicked on

2019-04-20 18:23:33 - [MESSAGE][PASSED] - Object: 'Object Repository/Page_KiboPush  Dashboard/span_Invite Subscribers' is clicked on

2019-04-20 18:23:33 - [TEST_STEP][PASSED] - delay(1): Delayed 1 second(s)

2019-04-20 18:23:34 - [MESSAGE][PASSED] - Delayed 1 second(s)

2019-04-20 18:23:34 - [TEST_STEP][PASSED] - click(findTestObject("Object Repository/Page_KiboEngage  Dashboard/span_Messenger Code")): Object: 'Object Repository/Page_KiboEngage  Dashboard/span_Messenger Code' is clicked on

2019-04-20 18:24:41 - [MESSAGE][PASSED] - Object: 'Object Repository/Page_KiboEngage  Dashboard/span_Messenger Code' is clicked on

2019-04-20 18:24:41 - [TEST_STEP][PASSED] - delay(1): Delayed 1 second(s)

2019-04-20 18:24:43 - [MESSAGE][PASSED] - Delayed 1 second(s)

2019-04-20 18:24:43 - [MESSAGE][PASSED] - Call Test Case 'Test Cases/s-sidebar_navigation/individualAccount/Messenger Ads' successfully

2019-04-20 18:24:43 - [TEST_STEP][PASSED] - click(findTestObject("Object Repository/Page_KiboEngage  Messenger Code/a_documentation")): Object: 'Object Repository/Page_KiboEngage  Messenger Code/a_documentation' is clicked on

2019-04-20 18:25:17 - [MESSAGE][PASSED] - Object: 'Object Repository/Page_KiboEngage  Messenger Code/a_documentation' is clicked on]]></system-out>
         <system-err><![CDATA[]]></system-err>
      </testcase>
      <testcase name="Test Cases/Messenger Ads/TC1066" classname="Test Cases/Messenger Ads/TC1066" status="PASSED">
         <system-out><![CDATA[2019-04-20 18:25:22 - [TEST_CASE][PASSED] - Test Cases/Messenger Ads/TC1066: Test Cases/Messenger Ads/TC1066

2019-04-20 18:25:22 - [TEST_STEP][PASSED] - callTestCase(findTestCase("s-sidebar_navigation/individualAccount/Messenger Ads"), [:], STOP_ON_FAILURE): Call Test Case 'Test Cases/s-sidebar_navigation/individualAccount/Messenger Ads' successfully

2019-04-20 18:25:22 - [TEST_CASE][PASSED] - Test Cases/s-sidebar_navigation/individualAccount/Messenger Ads: Test Cases/s-sidebar_navigation/individualAccount/Messenger Ads

2019-04-20 18:25:23 - [TEST_STEP][PASSED] - click(findTestObject("Object Repository/Page_KiboPush  Dashboard/span_Invite Subscribers")): Object: 'Object Repository/Page_KiboPush  Dashboard/span_Invite Subscribers' is clicked on

2019-04-20 18:25:35 - [MESSAGE][PASSED] - Object: 'Object Repository/Page_KiboPush  Dashboard/span_Invite Subscribers' is clicked on

2019-04-20 18:25:39 - [TEST_STEP][PASSED] - delay(1): Delayed 1 second(s)

2019-04-20 18:25:42 - [MESSAGE][PASSED] - Delayed 1 second(s)

2019-04-20 18:25:42 - [TEST_STEP][PASSED] - click(findTestObject("Object Repository/Page_KiboEngage  Dashboard/span_Messenger Code")): Object: 'Object Repository/Page_KiboEngage  Dashboard/span_Messenger Code' is clicked on

2019-04-20 18:26:01 - [MESSAGE][PASSED] - Object: 'Object Repository/Page_KiboEngage  Dashboard/span_Messenger Code' is clicked on

2019-04-20 18:26:01 - [TEST_STEP][PASSED] - delay(1): Delayed 1 second(s)

2019-04-20 18:26:03 - [MESSAGE][PASSED] - Delayed 1 second(s)

2019-04-20 18:26:03 - [MESSAGE][PASSED] - Call Test Case 'Test Cases/s-sidebar_navigation/individualAccount/Messenger Ads' successfully

2019-04-20 18:26:03 - [TEST_STEP][PASSED] - click(findTestObject("Object Repository/Page_KiboEngage  Messenger Code/a_documentation")): Object: 'Object Repository/Page_KiboEngage  Messenger Code/a_documentation' is clicked on

2019-04-20 18:26:36 - [MESSAGE][PASSED] - Object: 'Object Repository/Page_KiboEngage  Messenger Code/a_documentation' is clicked on]]></system-out>
         <system-err><![CDATA[]]></system-err>
      </testcase>
      <system-out><![CDATA[2019-04-20 18:20:49 - [TEST_SUITE][PASSED] - Messenger Ads: Test Cases/Messenger Ads/TC1066]]></system-out>
      <system-err><![CDATA[]]></system-err>
   </testsuite>
</testsuites>
