<?xml version="1.0" encoding="UTF-8"?>
<testsuites name="Messenger Ads" time="100" tests="19" failures="0" errors="0">
   <testsuite name="Messenger Ads" tests="19" failures="0" errors="0" time="100" timestamp="2019-04-22 15:19:33" hostname="cloudkibo-faizan - cloudkibo-faizan" id="Test Suites/Faizan Suits/Messenger Ads">
      <properties>
         <property name="deviceName" value=""/>
         <property name="devicePlatform" value=""/>
         <property name="logFolder" value="/home/cloudkibo-faizan/Desktop/KiboPush_Automated_Testing/KiboPush Katalon/Reports/Faizan Suits/Messenger Ads/20190422_151843"/>
         <property name="logFiles" value="/home/cloudkibo-faizan/Desktop/KiboPush_Automated_Testing/KiboPush Katalon/Reports/Faizan Suits/Messenger Ads/20190422_151843/execution0.log"/>
         <property name="attachments" value=""/>
         <property name="hostName" value="cloudkibo-faizan - cloudkibo-faizan"/>
         <property name="os" value="Linux 64bit"/>
         <property name="katalonVersion" value="6.0.6.4"/>
         <property name="browser" value="Chrome 73.0.3683.75"/>
         <property name="hostAddress" value="127.0.1.1"/>
         <property name="sessionId" value="d8b62befb640b9fa7980d74f91be6ade"/>
         <property name="seleniumVersion" value="3.7.1"/>
         <property name="proxyInformation" value="ProxyInformation{proxyOption=NO_PROXY, proxyServerType=HTTP, password=, proxyServerAddress=, proxyServerPort=0}"/>
         <property name="platform" value="Linux"/>
      </properties>
      <testcase name="Test Cases/s-sidebar_navigation/individualAccount/Faizan_production_login_kiboengage" classname="Test Cases/s-sidebar_navigation/individualAccount/Faizan_production_login_kiboengage" status="PASSED">
         <system-out><![CDATA[2019-04-22 15:19:34 - [TEST_CASE][PASSED] - Test Cases/s-sidebar_navigation/individualAccount/Faizan_production_login_kiboengage: Test Cases/s-sidebar_navigation/individualAccount/Faizan_production_login_kiboengage

2019-04-22 15:19:34 - [TEST_STEP][PASSED] - openBrowser(""): Browser is opened with url: ''

2019-04-22 15:19:34 - [MESSAGE][INFO] - Starting 'Chrome' driver

2019-04-22 15:19:34 - [MESSAGE][INFO] - User set preference: ['args', '[--no-sandbox]']

2019-04-22 15:19:34 - [MESSAGE][INFO] - Action delay is set to 0 seconds

2019-04-22 15:19:36 - [MESSAGE][PASSED] - Browser is opened with url: ''

2019-04-22 15:19:36 - [TEST_STEP][PASSED] - maximizeWindow(): Current window maximized

2019-04-22 15:19:36 - [MESSAGE][PASSED] - Current window maximized

2019-04-22 15:19:36 - [TEST_STEP][PASSED] - navigateToUrl("https://kiboengage.cloudkibo.com/"): Navigate to 'https://kiboengage.cloudkibo.com/' successfully

2019-04-22 15:19:52 - [MESSAGE][PASSED] - Navigate to 'https://kiboengage.cloudkibo.com/' successfully

2019-04-22 15:19:52 - [TEST_STEP][PASSED] - navigateToUrl("https://accounts.cloudkibo.com/?continue=https://kiboengage.cloudkibo.com"): Navigate to 'https://accounts.cloudkibo.com/?continue=https://kiboengage.cloudkibo.com' successfully

2019-04-22 15:19:53 - [MESSAGE][PASSED] - Navigate to 'https://accounts.cloudkibo.com/?continue=https://kiboengage.cloudkibo.com' successfully

2019-04-22 15:19:53 - [TEST_STEP][PASSED] - click(findTestObject("Page_CloudKibo/a_Login (2) (1) (1)")): Object: 'Object Repository/Page_CloudKibo/a_Login (2) (1) (1)' is clicked on

2019-04-22 15:19:54 - [MESSAGE][PASSED] - Object: 'Object Repository/Page_CloudKibo/a_Login (2) (1) (1)' is clicked on

2019-04-22 15:19:54 - [TEST_STEP][PASSED] - setText(findTestObject("Page_KiboPush/input_email (10) (1) (1)"), "faizan@cloudkibo.com"): Text 'faizan@cloudkibo.com' is set on object 'Object Repository/Page_KiboPush/input_email (10) (1) (1)'

2019-04-22 15:19:54 - [MESSAGE][PASSED] - Text 'faizan@cloudkibo.com' is set on object 'Object Repository/Page_KiboPush/input_email (10) (1) (1)'

2019-04-22 15:19:54 - [TEST_STEP][PASSED] - setEncryptedText(findTestObject("Page_CloudKibo/input_Sign In_password (7)"), "qeJ0sjJnwEs="): Text ****** has been set on object 'Object Repository/Page_CloudKibo/input_Sign In_password (7)'

2019-04-22 15:19:54 - [MESSAGE][PASSED] - Text ****** has been set on object 'Object Repository/Page_CloudKibo/input_Sign In_password (7)'

2019-04-22 15:19:54 - [TEST_STEP][PASSED] - click(findTestObject("Page_KiboPush/button_Sign In (10) (1) (2)")): Object: 'Object Repository/Page_KiboPush/button_Sign In (10) (1) (2)' is clicked on

2019-04-22 15:19:54 - [MESSAGE][PASSED] - Object: 'Object Repository/Page_KiboPush/button_Sign In (10) (1) (2)' is clicked on

2019-04-22 15:19:54 - [TEST_STEP][PASSED] - navigateToUrl("https://kiboengage.cloudkibo.com/dashboard"): Navigate to 'https://kiboengage.cloudkibo.com/dashboard' successfully

2019-04-22 15:20:24 - [MESSAGE][PASSED] - Navigate to 'https://kiboengage.cloudkibo.com/dashboard' successfully

2019-04-22 15:20:24 - [TEST_STEP][PASSED] - click(findTestObject("Page_KiboPush  Dashboard/h3_Dashboard (57)")): Object: 'Object Repository/Page_KiboPush  Dashboard/h3_Dashboard (57)' is clicked on

2019-04-22 15:20:24 - [MESSAGE][PASSED] - Object: 'Object Repository/Page_KiboPush  Dashboard/h3_Dashboard (57)' is clicked on

2019-04-22 15:20:24 - [TEST_STEP][PASSED] - delay(3): Delayed 3 second(s)

2019-04-22 15:20:27 - [MESSAGE][PASSED] - Delayed 3 second(s)

2019-04-22 15:20:27 - [TEST_STEP][PASSED] - click(findTestObject("Page_KiboEngage  Dashboard/a_SMS (2) (1) (1) (1) (3)")): Object: 'Object Repository/Page_KiboEngage  Dashboard/a_SMS (2) (1) (1) (1) (3)' is clicked on

2019-04-22 15:20:27 - [MESSAGE][PASSED] - Object: 'Object Repository/Page_KiboEngage  Dashboard/a_SMS (2) (1) (1) (1) (3)' is clicked on

2019-04-22 15:20:27 - [TEST_STEP][PASSED] - click(findTestObject("Page_KiboEngage  Dashboard/span_Messenger (1) (1) (1) (3)")): Object: 'Object Repository/Page_KiboEngage  Dashboard/span_Messenger (1) (1) (1) (3)' is clicked on

2019-04-22 15:20:28 - [MESSAGE][PASSED] - Object: 'Object Repository/Page_KiboEngage  Dashboard/span_Messenger (1) (1) (1) (3)' is clicked on]]></system-out>
         <system-err><![CDATA[]]></system-err>
      </testcase>
      <testcase name="Test Cases/Invite subscribers/open growth tools" classname="Test Cases/Invite subscribers/open growth tools" status="PASSED">
         <system-out><![CDATA[2019-04-22 15:20:28 - [TEST_CASE][PASSED] - Test Cases/Invite subscribers/open growth tools: Test Cases/Invite subscribers/open growth tools

2019-04-22 15:20:28 - [TEST_STEP][PASSED] - click(findTestObject("Object Repository/Page_KiboPush  Dashboard/span_Growth Tools (3)")): Object: 'Object Repository/Page_KiboPush  Dashboard/span_Growth Tools (3)' is clicked on

2019-04-22 15:20:28 - [MESSAGE][PASSED] - Object: 'Object Repository/Page_KiboPush  Dashboard/span_Growth Tools (3)' is clicked on

2019-04-22 15:20:28 - [TEST_STEP][PASSED] - delay(1): Delayed 1 second(s)

2019-04-22 15:20:29 - [MESSAGE][PASSED] - Delayed 1 second(s)]]></system-out>
         <system-err><![CDATA[]]></system-err>
      </testcase>
      <testcase name="Test Cases/Messenger Ads/TC1072" classname="Test Cases/Messenger Ads/TC1072" status="PASSED">
         <system-out><![CDATA[2019-04-22 15:20:29 - [TEST_CASE][PASSED] - Test Cases/Messenger Ads/TC1072: Test Cases/Messenger Ads/TC1072

2019-04-22 15:20:29 - [TEST_STEP][PASSED] - callTestCase(findTestCase("s-sidebar_navigation/individualAccount/Messenger Ads"), [:], STOP_ON_FAILURE): Call Test Case 'Test Cases/s-sidebar_navigation/individualAccount/Messenger Ads' successfully

2019-04-22 15:20:29 - [TEST_CASE][PASSED] - Test Cases/s-sidebar_navigation/individualAccount/Messenger Ads: Test Cases/s-sidebar_navigation/individualAccount/Messenger Ads

2019-04-22 15:20:29 - [TEST_STEP][PASSED] - click(findTestObject("Object Repository/Page_KiboPush  Dashboard/span_Invite Subscribers")): Object: 'Object Repository/Page_KiboPush  Dashboard/span_Invite Subscribers' is clicked on

2019-04-22 15:20:29 - [MESSAGE][PASSED] - Object: 'Object Repository/Page_KiboPush  Dashboard/span_Invite Subscribers' is clicked on

2019-04-22 15:20:29 - [TEST_STEP][PASSED] - delay(1): Delayed 1 second(s)

2019-04-22 15:20:30 - [MESSAGE][PASSED] - Delayed 1 second(s)

2019-04-22 15:20:30 - [TEST_STEP][PASSED] - click(findTestObject("Object Repository/Page_KiboEngage  Dashboard/span_Messenger Code")): Object: 'Object Repository/Page_KiboEngage  Dashboard/span_Messenger Code' is clicked on

2019-04-22 15:20:30 - [MESSAGE][PASSED] - Object: 'Object Repository/Page_KiboEngage  Dashboard/span_Messenger Code' is clicked on

2019-04-22 15:20:30 - [TEST_STEP][PASSED] - delay(1): Delayed 1 second(s)

2019-04-22 15:20:31 - [MESSAGE][PASSED] - Delayed 1 second(s)

2019-04-22 15:20:31 - [MESSAGE][PASSED] - Call Test Case 'Test Cases/s-sidebar_navigation/individualAccount/Messenger Ads' successfully

2019-04-22 15:20:31 - [TEST_STEP][PASSED] - click(findTestObject("Object Repository/Page_KiboEngage  Messenger Code/a_documentation")): Object: 'Object Repository/Page_KiboEngage  Messenger Code/a_documentation' is clicked on

2019-04-22 15:20:31 - [MESSAGE][PASSED] - Object: 'Object Repository/Page_KiboEngage  Messenger Code/a_documentation' is clicked on]]></system-out>
         <system-err><![CDATA[]]></system-err>
      </testcase>
      <testcase name="Test Cases/Messenger Ads/TC1059" classname="Test Cases/Messenger Ads/TC1059" status="PASSED">
         <system-out><![CDATA[2019-04-22 15:20:31 - [TEST_CASE][PASSED] - Test Cases/Messenger Ads/TC1059: Test Cases/Messenger Ads/TC1059

2019-04-22 15:20:32 - [TEST_STEP][PASSED] - callTestCase(findTestCase("s-sidebar_navigation/individualAccount/Messenger Ads"), [:], STOP_ON_FAILURE): Call Test Case 'Test Cases/s-sidebar_navigation/individualAccount/Messenger Ads' successfully

2019-04-22 15:20:32 - [TEST_CASE][PASSED] - Test Cases/s-sidebar_navigation/individualAccount/Messenger Ads: Test Cases/s-sidebar_navigation/individualAccount/Messenger Ads

2019-04-22 15:20:32 - [TEST_STEP][PASSED] - click(findTestObject("Object Repository/Page_KiboPush  Dashboard/span_Invite Subscribers")): Object: 'Object Repository/Page_KiboPush  Dashboard/span_Invite Subscribers' is clicked on

2019-04-22 15:20:32 - [MESSAGE][PASSED] - Object: 'Object Repository/Page_KiboPush  Dashboard/span_Invite Subscribers' is clicked on

2019-04-22 15:20:32 - [TEST_STEP][PASSED] - delay(1): Delayed 1 second(s)

2019-04-22 15:20:33 - [MESSAGE][PASSED] - Delayed 1 second(s)

2019-04-22 15:20:33 - [TEST_STEP][PASSED] - click(findTestObject("Object Repository/Page_KiboEngage  Dashboard/span_Messenger Code")): Object: 'Object Repository/Page_KiboEngage  Dashboard/span_Messenger Code' is clicked on

2019-04-22 15:20:33 - [MESSAGE][PASSED] - Object: 'Object Repository/Page_KiboEngage  Dashboard/span_Messenger Code' is clicked on

2019-04-22 15:20:33 - [TEST_STEP][PASSED] - delay(1): Delayed 1 second(s)

2019-04-22 15:20:34 - [MESSAGE][PASSED] - Delayed 1 second(s)

2019-04-22 15:20:34 - [MESSAGE][PASSED] - Call Test Case 'Test Cases/s-sidebar_navigation/individualAccount/Messenger Ads' successfully

2019-04-22 15:20:34 - [TEST_STEP][PASSED] - click(findTestObject("Object Repository/Page_KiboEngage  Messenger Code/a_documentation")): Object: 'Object Repository/Page_KiboEngage  Messenger Code/a_documentation' is clicked on

2019-04-22 15:20:34 - [MESSAGE][PASSED] - Object: 'Object Repository/Page_KiboEngage  Messenger Code/a_documentation' is clicked on]]></system-out>
         <system-err><![CDATA[]]></system-err>
      </testcase>
      <testcase name="Test Cases/Messenger Ads/TC1069" classname="Test Cases/Messenger Ads/TC1069" status="PASSED">
         <system-out><![CDATA[2019-04-22 15:20:34 - [TEST_CASE][PASSED] - Test Cases/Messenger Ads/TC1069: Test Cases/Messenger Ads/TC1069

2019-04-22 15:20:34 - [TEST_STEP][PASSED] - callTestCase(findTestCase("s-sidebar_navigation/individualAccount/Messenger Ads"), [:], STOP_ON_FAILURE): Call Test Case 'Test Cases/s-sidebar_navigation/individualAccount/Messenger Ads' successfully

2019-04-22 15:20:34 - [TEST_CASE][PASSED] - Test Cases/s-sidebar_navigation/individualAccount/Messenger Ads: Test Cases/s-sidebar_navigation/individualAccount/Messenger Ads

2019-04-22 15:20:34 - [TEST_STEP][PASSED] - click(findTestObject("Object Repository/Page_KiboPush  Dashboard/span_Invite Subscribers")): Object: 'Object Repository/Page_KiboPush  Dashboard/span_Invite Subscribers' is clicked on

2019-04-22 15:20:34 - [MESSAGE][PASSED] - Object: 'Object Repository/Page_KiboPush  Dashboard/span_Invite Subscribers' is clicked on

2019-04-22 15:20:34 - [TEST_STEP][PASSED] - delay(1): Delayed 1 second(s)

2019-04-22 15:20:35 - [MESSAGE][PASSED] - Delayed 1 second(s)

2019-04-22 15:20:35 - [TEST_STEP][PASSED] - click(findTestObject("Object Repository/Page_KiboEngage  Dashboard/span_Messenger Code")): Object: 'Object Repository/Page_KiboEngage  Dashboard/span_Messenger Code' is clicked on

2019-04-22 15:20:35 - [MESSAGE][PASSED] - Object: 'Object Repository/Page_KiboEngage  Dashboard/span_Messenger Code' is clicked on

2019-04-22 15:20:35 - [TEST_STEP][PASSED] - delay(1): Delayed 1 second(s)

2019-04-22 15:20:36 - [MESSAGE][PASSED] - Delayed 1 second(s)

2019-04-22 15:20:36 - [MESSAGE][PASSED] - Call Test Case 'Test Cases/s-sidebar_navigation/individualAccount/Messenger Ads' successfully

2019-04-22 15:20:36 - [TEST_STEP][PASSED] - click(findTestObject("Object Repository/Page_KiboEngage  Messenger Code/a_documentation")): Object: 'Object Repository/Page_KiboEngage  Messenger Code/a_documentation' is clicked on

2019-04-22 15:20:37 - [MESSAGE][PASSED] - Object: 'Object Repository/Page_KiboEngage  Messenger Code/a_documentation' is clicked on]]></system-out>
         <system-err><![CDATA[]]></system-err>
      </testcase>
      <testcase name="Test Cases/Messenger Ads/TC1067" classname="Test Cases/Messenger Ads/TC1067" status="PASSED">
         <system-out><![CDATA[2019-04-22 15:20:37 - [TEST_CASE][PASSED] - Test Cases/Messenger Ads/TC1067: Test Cases/Messenger Ads/TC1067

2019-04-22 15:20:37 - [TEST_STEP][PASSED] - callTestCase(findTestCase("s-sidebar_navigation/individualAccount/Messenger Ads"), [:], STOP_ON_FAILURE): Call Test Case 'Test Cases/s-sidebar_navigation/individualAccount/Messenger Ads' successfully

2019-04-22 15:20:37 - [TEST_CASE][PASSED] - Test Cases/s-sidebar_navigation/individualAccount/Messenger Ads: Test Cases/s-sidebar_navigation/individualAccount/Messenger Ads

2019-04-22 15:20:37 - [TEST_STEP][PASSED] - click(findTestObject("Object Repository/Page_KiboPush  Dashboard/span_Invite Subscribers")): Object: 'Object Repository/Page_KiboPush  Dashboard/span_Invite Subscribers' is clicked on

2019-04-22 15:20:37 - [MESSAGE][PASSED] - Object: 'Object Repository/Page_KiboPush  Dashboard/span_Invite Subscribers' is clicked on

2019-04-22 15:20:37 - [TEST_STEP][PASSED] - delay(1): Delayed 1 second(s)

2019-04-22 15:20:38 - [MESSAGE][PASSED] - Delayed 1 second(s)

2019-04-22 15:20:38 - [TEST_STEP][PASSED] - click(findTestObject("Object Repository/Page_KiboEngage  Dashboard/span_Messenger Code")): Object: 'Object Repository/Page_KiboEngage  Dashboard/span_Messenger Code' is clicked on

2019-04-22 15:20:38 - [MESSAGE][PASSED] - Object: 'Object Repository/Page_KiboEngage  Dashboard/span_Messenger Code' is clicked on

2019-04-22 15:20:38 - [TEST_STEP][PASSED] - delay(1): Delayed 1 second(s)

2019-04-22 15:20:39 - [MESSAGE][PASSED] - Delayed 1 second(s)

2019-04-22 15:20:39 - [MESSAGE][PASSED] - Call Test Case 'Test Cases/s-sidebar_navigation/individualAccount/Messenger Ads' successfully

2019-04-22 15:20:39 - [TEST_STEP][PASSED] - click(findTestObject("Object Repository/Page_KiboEngage  Messenger Code/a_documentation")): Object: 'Object Repository/Page_KiboEngage  Messenger Code/a_documentation' is clicked on

2019-04-22 15:20:39 - [MESSAGE][PASSED] - Object: 'Object Repository/Page_KiboEngage  Messenger Code/a_documentation' is clicked on]]></system-out>
         <system-err><![CDATA[]]></system-err>
      </testcase>
      <testcase name="Test Cases/Messenger Ads/TC1063" classname="Test Cases/Messenger Ads/TC1063" status="PASSED">
         <system-out><![CDATA[2019-04-22 15:20:39 - [TEST_CASE][PASSED] - Test Cases/Messenger Ads/TC1063: Test Cases/Messenger Ads/TC1063

2019-04-22 15:20:39 - [TEST_STEP][PASSED] - callTestCase(findTestCase("s-sidebar_navigation/individualAccount/Messenger Ads"), [:], STOP_ON_FAILURE): Call Test Case 'Test Cases/s-sidebar_navigation/individualAccount/Messenger Ads' successfully

2019-04-22 15:20:40 - [TEST_CASE][PASSED] - Test Cases/s-sidebar_navigation/individualAccount/Messenger Ads: Test Cases/s-sidebar_navigation/individualAccount/Messenger Ads

2019-04-22 15:20:40 - [TEST_STEP][PASSED] - click(findTestObject("Object Repository/Page_KiboPush  Dashboard/span_Invite Subscribers")): Object: 'Object Repository/Page_KiboPush  Dashboard/span_Invite Subscribers' is clicked on

2019-04-22 15:20:40 - [MESSAGE][PASSED] - Object: 'Object Repository/Page_KiboPush  Dashboard/span_Invite Subscribers' is clicked on

2019-04-22 15:20:40 - [TEST_STEP][PASSED] - delay(1): Delayed 1 second(s)

2019-04-22 15:20:41 - [MESSAGE][PASSED] - Delayed 1 second(s)

2019-04-22 15:20:41 - [TEST_STEP][PASSED] - click(findTestObject("Object Repository/Page_KiboEngage  Dashboard/span_Messenger Code")): Object: 'Object Repository/Page_KiboEngage  Dashboard/span_Messenger Code' is clicked on

2019-04-22 15:20:41 - [MESSAGE][PASSED] - Object: 'Object Repository/Page_KiboEngage  Dashboard/span_Messenger Code' is clicked on

2019-04-22 15:20:41 - [TEST_STEP][PASSED] - delay(1): Delayed 1 second(s)

2019-04-22 15:20:42 - [MESSAGE][PASSED] - Delayed 1 second(s)

2019-04-22 15:20:42 - [MESSAGE][PASSED] - Call Test Case 'Test Cases/s-sidebar_navigation/individualAccount/Messenger Ads' successfully

2019-04-22 15:20:42 - [TEST_STEP][PASSED] - click(findTestObject("Object Repository/Page_KiboEngage  Messenger Code/a_documentation")): Object: 'Object Repository/Page_KiboEngage  Messenger Code/a_documentation' is clicked on

2019-04-22 15:20:42 - [MESSAGE][PASSED] - Object: 'Object Repository/Page_KiboEngage  Messenger Code/a_documentation' is clicked on]]></system-out>
         <system-err><![CDATA[]]></system-err>
      </testcase>
      <testcase name="Test Cases/Messenger Ads/TC1061" classname="Test Cases/Messenger Ads/TC1061" status="PASSED">
         <system-out><![CDATA[2019-04-22 15:20:42 - [TEST_CASE][PASSED] - Test Cases/Messenger Ads/TC1061: Test Cases/Messenger Ads/TC1061

2019-04-22 15:20:42 - [TEST_STEP][PASSED] - callTestCase(findTestCase("s-sidebar_navigation/individualAccount/Messenger Ads"), [:], STOP_ON_FAILURE): Call Test Case 'Test Cases/s-sidebar_navigation/individualAccount/Messenger Ads' successfully

2019-04-22 15:20:42 - [TEST_CASE][PASSED] - Test Cases/s-sidebar_navigation/individualAccount/Messenger Ads: Test Cases/s-sidebar_navigation/individualAccount/Messenger Ads

2019-04-22 15:20:42 - [TEST_STEP][PASSED] - click(findTestObject("Object Repository/Page_KiboPush  Dashboard/span_Invite Subscribers")): Object: 'Object Repository/Page_KiboPush  Dashboard/span_Invite Subscribers' is clicked on

2019-04-22 15:20:43 - [MESSAGE][PASSED] - Object: 'Object Repository/Page_KiboPush  Dashboard/span_Invite Subscribers' is clicked on

2019-04-22 15:20:43 - [TEST_STEP][PASSED] - delay(1): Delayed 1 second(s)

2019-04-22 15:20:44 - [MESSAGE][PASSED] - Delayed 1 second(s)

2019-04-22 15:20:44 - [TEST_STEP][PASSED] - click(findTestObject("Object Repository/Page_KiboEngage  Dashboard/span_Messenger Code")): Object: 'Object Repository/Page_KiboEngage  Dashboard/span_Messenger Code' is clicked on

2019-04-22 15:20:44 - [MESSAGE][PASSED] - Object: 'Object Repository/Page_KiboEngage  Dashboard/span_Messenger Code' is clicked on

2019-04-22 15:20:44 - [TEST_STEP][PASSED] - delay(1): Delayed 1 second(s)

2019-04-22 15:20:45 - [MESSAGE][PASSED] - Delayed 1 second(s)

2019-04-22 15:20:45 - [MESSAGE][PASSED] - Call Test Case 'Test Cases/s-sidebar_navigation/individualAccount/Messenger Ads' successfully

2019-04-22 15:20:45 - [TEST_STEP][PASSED] - click(findTestObject("Object Repository/Page_KiboEngage  Messenger Code/a_documentation")): Object: 'Object Repository/Page_KiboEngage  Messenger Code/a_documentation' is clicked on

2019-04-22 15:20:45 - [MESSAGE][PASSED] - Object: 'Object Repository/Page_KiboEngage  Messenger Code/a_documentation' is clicked on]]></system-out>
         <system-err><![CDATA[]]></system-err>
      </testcase>
      <testcase name="Test Cases/Messenger Ads/TC1065" classname="Test Cases/Messenger Ads/TC1065" status="PASSED">
         <system-out><![CDATA[2019-04-22 15:20:45 - [TEST_CASE][PASSED] - Test Cases/Messenger Ads/TC1065: Test Cases/Messenger Ads/TC1065

2019-04-22 15:20:45 - [TEST_STEP][PASSED] - callTestCase(findTestCase("s-sidebar_navigation/individualAccount/Messenger Ads"), [:], STOP_ON_FAILURE): Call Test Case 'Test Cases/s-sidebar_navigation/individualAccount/Messenger Ads' successfully

2019-04-22 15:20:45 - [TEST_CASE][PASSED] - Test Cases/s-sidebar_navigation/individualAccount/Messenger Ads: Test Cases/s-sidebar_navigation/individualAccount/Messenger Ads

2019-04-22 15:20:45 - [TEST_STEP][PASSED] - click(findTestObject("Object Repository/Page_KiboPush  Dashboard/span_Invite Subscribers")): Object: 'Object Repository/Page_KiboPush  Dashboard/span_Invite Subscribers' is clicked on

2019-04-22 15:20:45 - [MESSAGE][PASSED] - Object: 'Object Repository/Page_KiboPush  Dashboard/span_Invite Subscribers' is clicked on

2019-04-22 15:20:45 - [TEST_STEP][PASSED] - delay(1): Delayed 1 second(s)

2019-04-22 15:20:46 - [MESSAGE][PASSED] - Delayed 1 second(s)

2019-04-22 15:20:46 - [TEST_STEP][PASSED] - click(findTestObject("Object Repository/Page_KiboEngage  Dashboard/span_Messenger Code")): Object: 'Object Repository/Page_KiboEngage  Dashboard/span_Messenger Code' is clicked on

2019-04-22 15:20:47 - [MESSAGE][PASSED] - Object: 'Object Repository/Page_KiboEngage  Dashboard/span_Messenger Code' is clicked on

2019-04-22 15:20:47 - [TEST_STEP][PASSED] - delay(1): Delayed 1 second(s)

2019-04-22 15:20:48 - [MESSAGE][PASSED] - Delayed 1 second(s)

2019-04-22 15:20:48 - [MESSAGE][PASSED] - Call Test Case 'Test Cases/s-sidebar_navigation/individualAccount/Messenger Ads' successfully

2019-04-22 15:20:48 - [TEST_STEP][PASSED] - click(findTestObject("Object Repository/Page_KiboEngage  Messenger Code/a_documentation")): Object: 'Object Repository/Page_KiboEngage  Messenger Code/a_documentation' is clicked on

2019-04-22 15:20:48 - [MESSAGE][PASSED] - Object: 'Object Repository/Page_KiboEngage  Messenger Code/a_documentation' is clicked on]]></system-out>
         <system-err><![CDATA[]]></system-err>
      </testcase>
      <testcase name="Test Cases/Messenger Ads/TC1068" classname="Test Cases/Messenger Ads/TC1068" status="PASSED">
         <system-out><![CDATA[2019-04-22 15:20:48 - [TEST_CASE][PASSED] - Test Cases/Messenger Ads/TC1068: Test Cases/Messenger Ads/TC1068

2019-04-22 15:20:48 - [TEST_STEP][PASSED] - callTestCase(findTestCase("s-sidebar_navigation/individualAccount/Messenger Ads"), [:], STOP_ON_FAILURE): Call Test Case 'Test Cases/s-sidebar_navigation/individualAccount/Messenger Ads' successfully

2019-04-22 15:20:48 - [TEST_CASE][PASSED] - Test Cases/s-sidebar_navigation/individualAccount/Messenger Ads: Test Cases/s-sidebar_navigation/individualAccount/Messenger Ads

2019-04-22 15:20:48 - [TEST_STEP][PASSED] - click(findTestObject("Object Repository/Page_KiboPush  Dashboard/span_Invite Subscribers")): Object: 'Object Repository/Page_KiboPush  Dashboard/span_Invite Subscribers' is clicked on

2019-04-22 15:20:48 - [MESSAGE][PASSED] - Object: 'Object Repository/Page_KiboPush  Dashboard/span_Invite Subscribers' is clicked on

2019-04-22 15:20:48 - [TEST_STEP][PASSED] - delay(1): Delayed 1 second(s)

2019-04-22 15:20:49 - [MESSAGE][PASSED] - Delayed 1 second(s)

2019-04-22 15:20:49 - [TEST_STEP][PASSED] - click(findTestObject("Object Repository/Page_KiboEngage  Dashboard/span_Messenger Code")): Object: 'Object Repository/Page_KiboEngage  Dashboard/span_Messenger Code' is clicked on

2019-04-22 15:20:49 - [MESSAGE][PASSED] - Object: 'Object Repository/Page_KiboEngage  Dashboard/span_Messenger Code' is clicked on

2019-04-22 15:20:49 - [TEST_STEP][PASSED] - delay(1): Delayed 1 second(s)

2019-04-22 15:20:50 - [MESSAGE][PASSED] - Delayed 1 second(s)

2019-04-22 15:20:50 - [MESSAGE][PASSED] - Call Test Case 'Test Cases/s-sidebar_navigation/individualAccount/Messenger Ads' successfully

2019-04-22 15:20:50 - [TEST_STEP][PASSED] - click(findTestObject("Object Repository/Page_KiboEngage  Messenger Code/a_documentation")): Object: 'Object Repository/Page_KiboEngage  Messenger Code/a_documentation' is clicked on

2019-04-22 15:20:50 - [MESSAGE][PASSED] - Object: 'Object Repository/Page_KiboEngage  Messenger Code/a_documentation' is clicked on]]></system-out>
         <system-err><![CDATA[]]></system-err>
      </testcase>
      <testcase name="Test Cases/Messenger Ads/TC1060" classname="Test Cases/Messenger Ads/TC1060" status="PASSED">
         <system-out><![CDATA[2019-04-22 15:20:50 - [TEST_CASE][PASSED] - Test Cases/Messenger Ads/TC1060: Test Cases/Messenger Ads/TC1060

2019-04-22 15:20:50 - [TEST_STEP][PASSED] - callTestCase(findTestCase("s-sidebar_navigation/individualAccount/Messenger Ads"), [:], STOP_ON_FAILURE): Call Test Case 'Test Cases/s-sidebar_navigation/individualAccount/Messenger Ads' successfully

2019-04-22 15:20:50 - [TEST_CASE][PASSED] - Test Cases/s-sidebar_navigation/individualAccount/Messenger Ads: Test Cases/s-sidebar_navigation/individualAccount/Messenger Ads

2019-04-22 15:20:50 - [TEST_STEP][PASSED] - click(findTestObject("Object Repository/Page_KiboPush  Dashboard/span_Invite Subscribers")): Object: 'Object Repository/Page_KiboPush  Dashboard/span_Invite Subscribers' is clicked on

2019-04-22 15:20:51 - [MESSAGE][PASSED] - Object: 'Object Repository/Page_KiboPush  Dashboard/span_Invite Subscribers' is clicked on

2019-04-22 15:20:51 - [TEST_STEP][PASSED] - delay(1): Delayed 1 second(s)

2019-04-22 15:20:52 - [MESSAGE][PASSED] - Delayed 1 second(s)

2019-04-22 15:20:52 - [TEST_STEP][PASSED] - click(findTestObject("Object Repository/Page_KiboEngage  Dashboard/span_Messenger Code")): Object: 'Object Repository/Page_KiboEngage  Dashboard/span_Messenger Code' is clicked on

2019-04-22 15:20:52 - [MESSAGE][PASSED] - Object: 'Object Repository/Page_KiboEngage  Dashboard/span_Messenger Code' is clicked on

2019-04-22 15:20:52 - [TEST_STEP][PASSED] - delay(1): Delayed 1 second(s)

2019-04-22 15:20:53 - [MESSAGE][PASSED] - Delayed 1 second(s)

2019-04-22 15:20:53 - [MESSAGE][PASSED] - Call Test Case 'Test Cases/s-sidebar_navigation/individualAccount/Messenger Ads' successfully

2019-04-22 15:20:53 - [TEST_STEP][PASSED] - click(findTestObject("Object Repository/Page_KiboEngage  Messenger Code/a_documentation")): Object: 'Object Repository/Page_KiboEngage  Messenger Code/a_documentation' is clicked on

2019-04-22 15:20:53 - [MESSAGE][PASSED] - Object: 'Object Repository/Page_KiboEngage  Messenger Code/a_documentation' is clicked on]]></system-out>
         <system-err><![CDATA[]]></system-err>
      </testcase>
      <testcase name="Test Cases/Messenger Ads/TC1074" classname="Test Cases/Messenger Ads/TC1074" status="PASSED">
         <system-out><![CDATA[2019-04-22 15:20:53 - [TEST_CASE][PASSED] - Test Cases/Messenger Ads/TC1074: Test Cases/Messenger Ads/TC1074

2019-04-22 15:20:53 - [TEST_STEP][PASSED] - callTestCase(findTestCase("s-sidebar_navigation/individualAccount/Messenger Ads"), [:], STOP_ON_FAILURE): Call Test Case 'Test Cases/s-sidebar_navigation/individualAccount/Messenger Ads' successfully

2019-04-22 15:20:53 - [TEST_CASE][PASSED] - Test Cases/s-sidebar_navigation/individualAccount/Messenger Ads: Test Cases/s-sidebar_navigation/individualAccount/Messenger Ads

2019-04-22 15:20:53 - [TEST_STEP][PASSED] - click(findTestObject("Object Repository/Page_KiboPush  Dashboard/span_Invite Subscribers")): Object: 'Object Repository/Page_KiboPush  Dashboard/span_Invite Subscribers' is clicked on

2019-04-22 15:20:53 - [MESSAGE][PASSED] - Object: 'Object Repository/Page_KiboPush  Dashboard/span_Invite Subscribers' is clicked on

2019-04-22 15:20:53 - [TEST_STEP][PASSED] - delay(1): Delayed 1 second(s)

2019-04-22 15:20:54 - [MESSAGE][PASSED] - Delayed 1 second(s)

2019-04-22 15:20:54 - [TEST_STEP][PASSED] - click(findTestObject("Object Repository/Page_KiboEngage  Dashboard/span_Messenger Code")): Object: 'Object Repository/Page_KiboEngage  Dashboard/span_Messenger Code' is clicked on

2019-04-22 15:20:54 - [MESSAGE][PASSED] - Object: 'Object Repository/Page_KiboEngage  Dashboard/span_Messenger Code' is clicked on

2019-04-22 15:20:54 - [TEST_STEP][PASSED] - delay(1): Delayed 1 second(s)

2019-04-22 15:20:55 - [MESSAGE][PASSED] - Delayed 1 second(s)

2019-04-22 15:20:55 - [MESSAGE][PASSED] - Call Test Case 'Test Cases/s-sidebar_navigation/individualAccount/Messenger Ads' successfully

2019-04-22 15:20:55 - [TEST_STEP][PASSED] - click(findTestObject("Object Repository/Page_KiboEngage  Messenger Code/a_documentation")): Object: 'Object Repository/Page_KiboEngage  Messenger Code/a_documentation' is clicked on

2019-04-22 15:20:56 - [MESSAGE][PASSED] - Object: 'Object Repository/Page_KiboEngage  Messenger Code/a_documentation' is clicked on]]></system-out>
         <system-err><![CDATA[]]></system-err>
      </testcase>
      <testcase name="Test Cases/Messenger Ads/TC1070" classname="Test Cases/Messenger Ads/TC1070" status="PASSED">
         <system-out><![CDATA[2019-04-22 15:20:56 - [TEST_CASE][PASSED] - Test Cases/Messenger Ads/TC1070: Test Cases/Messenger Ads/TC1070

2019-04-22 15:20:56 - [TEST_STEP][PASSED] - callTestCase(findTestCase("s-sidebar_navigation/individualAccount/Messenger Ads"), [:], STOP_ON_FAILURE): Call Test Case 'Test Cases/s-sidebar_navigation/individualAccount/Messenger Ads' successfully

2019-04-22 15:20:56 - [TEST_CASE][PASSED] - Test Cases/s-sidebar_navigation/individualAccount/Messenger Ads: Test Cases/s-sidebar_navigation/individualAccount/Messenger Ads

2019-04-22 15:20:56 - [TEST_STEP][PASSED] - click(findTestObject("Object Repository/Page_KiboPush  Dashboard/span_Invite Subscribers")): Object: 'Object Repository/Page_KiboPush  Dashboard/span_Invite Subscribers' is clicked on

2019-04-22 15:20:56 - [MESSAGE][PASSED] - Object: 'Object Repository/Page_KiboPush  Dashboard/span_Invite Subscribers' is clicked on

2019-04-22 15:20:56 - [TEST_STEP][PASSED] - delay(1): Delayed 1 second(s)

2019-04-22 15:20:57 - [MESSAGE][PASSED] - Delayed 1 second(s)

2019-04-22 15:20:57 - [TEST_STEP][PASSED] - click(findTestObject("Object Repository/Page_KiboEngage  Dashboard/span_Messenger Code")): Object: 'Object Repository/Page_KiboEngage  Dashboard/span_Messenger Code' is clicked on

2019-04-22 15:20:57 - [MESSAGE][PASSED] - Object: 'Object Repository/Page_KiboEngage  Dashboard/span_Messenger Code' is clicked on

2019-04-22 15:20:57 - [TEST_STEP][PASSED] - delay(1): Delayed 1 second(s)

2019-04-22 15:20:58 - [MESSAGE][PASSED] - Delayed 1 second(s)

2019-04-22 15:20:58 - [MESSAGE][PASSED] - Call Test Case 'Test Cases/s-sidebar_navigation/individualAccount/Messenger Ads' successfully

2019-04-22 15:20:58 - [TEST_STEP][PASSED] - click(findTestObject("Object Repository/Page_KiboEngage  Messenger Code/a_documentation")): Object: 'Object Repository/Page_KiboEngage  Messenger Code/a_documentation' is clicked on

2019-04-22 15:20:58 - [MESSAGE][PASSED] - Object: 'Object Repository/Page_KiboEngage  Messenger Code/a_documentation' is clicked on]]></system-out>
         <system-err><![CDATA[]]></system-err>
      </testcase>
      <testcase name="Test Cases/Messenger Ads/TC1071" classname="Test Cases/Messenger Ads/TC1071" status="PASSED">
         <system-out><![CDATA[2019-04-22 15:20:58 - [TEST_CASE][PASSED] - Test Cases/Messenger Ads/TC1071: Test Cases/Messenger Ads/TC1071

2019-04-22 15:20:58 - [TEST_STEP][PASSED] - callTestCase(findTestCase("s-sidebar_navigation/individualAccount/Messenger Ads"), [:], STOP_ON_FAILURE): Call Test Case 'Test Cases/s-sidebar_navigation/individualAccount/Messenger Ads' successfully

2019-04-22 15:20:58 - [TEST_CASE][PASSED] - Test Cases/s-sidebar_navigation/individualAccount/Messenger Ads: Test Cases/s-sidebar_navigation/individualAccount/Messenger Ads

2019-04-22 15:20:58 - [TEST_STEP][PASSED] - click(findTestObject("Object Repository/Page_KiboPush  Dashboard/span_Invite Subscribers")): Object: 'Object Repository/Page_KiboPush  Dashboard/span_Invite Subscribers' is clicked on

2019-04-22 15:20:58 - [MESSAGE][PASSED] - Object: 'Object Repository/Page_KiboPush  Dashboard/span_Invite Subscribers' is clicked on

2019-04-22 15:20:58 - [TEST_STEP][PASSED] - delay(1): Delayed 1 second(s)

2019-04-22 15:20:59 - [MESSAGE][PASSED] - Delayed 1 second(s)

2019-04-22 15:20:59 - [TEST_STEP][PASSED] - click(findTestObject("Object Repository/Page_KiboEngage  Dashboard/span_Messenger Code")): Object: 'Object Repository/Page_KiboEngage  Dashboard/span_Messenger Code' is clicked on

2019-04-22 15:21:00 - [MESSAGE][PASSED] - Object: 'Object Repository/Page_KiboEngage  Dashboard/span_Messenger Code' is clicked on

2019-04-22 15:21:00 - [TEST_STEP][PASSED] - delay(1): Delayed 1 second(s)

2019-04-22 15:21:01 - [MESSAGE][PASSED] - Delayed 1 second(s)

2019-04-22 15:21:01 - [MESSAGE][PASSED] - Call Test Case 'Test Cases/s-sidebar_navigation/individualAccount/Messenger Ads' successfully

2019-04-22 15:21:01 - [TEST_STEP][PASSED] - click(findTestObject("Object Repository/Page_KiboEngage  Messenger Code/a_documentation")): Object: 'Object Repository/Page_KiboEngage  Messenger Code/a_documentation' is clicked on

2019-04-22 15:21:01 - [MESSAGE][PASSED] - Object: 'Object Repository/Page_KiboEngage  Messenger Code/a_documentation' is clicked on]]></system-out>
         <system-err><![CDATA[]]></system-err>
      </testcase>
      <testcase name="Test Cases/Messenger Ads/TC1064" classname="Test Cases/Messenger Ads/TC1064" status="PASSED">
         <system-out><![CDATA[2019-04-22 15:21:01 - [TEST_CASE][PASSED] - Test Cases/Messenger Ads/TC1064: Test Cases/Messenger Ads/TC1064

2019-04-22 15:21:01 - [TEST_STEP][PASSED] - callTestCase(findTestCase("s-sidebar_navigation/individualAccount/Messenger Ads"), [:], STOP_ON_FAILURE): Call Test Case 'Test Cases/s-sidebar_navigation/individualAccount/Messenger Ads' successfully

2019-04-22 15:21:01 - [TEST_CASE][PASSED] - Test Cases/s-sidebar_navigation/individualAccount/Messenger Ads: Test Cases/s-sidebar_navigation/individualAccount/Messenger Ads

2019-04-22 15:21:01 - [TEST_STEP][PASSED] - click(findTestObject("Object Repository/Page_KiboPush  Dashboard/span_Invite Subscribers")): Object: 'Object Repository/Page_KiboPush  Dashboard/span_Invite Subscribers' is clicked on

2019-04-22 15:21:01 - [MESSAGE][PASSED] - Object: 'Object Repository/Page_KiboPush  Dashboard/span_Invite Subscribers' is clicked on

2019-04-22 15:21:01 - [TEST_STEP][PASSED] - delay(1): Delayed 1 second(s)

2019-04-22 15:21:02 - [MESSAGE][PASSED] - Delayed 1 second(s)

2019-04-22 15:21:02 - [TEST_STEP][PASSED] - click(findTestObject("Object Repository/Page_KiboEngage  Dashboard/span_Messenger Code")): Object: 'Object Repository/Page_KiboEngage  Dashboard/span_Messenger Code' is clicked on

2019-04-22 15:21:02 - [MESSAGE][PASSED] - Object: 'Object Repository/Page_KiboEngage  Dashboard/span_Messenger Code' is clicked on

2019-04-22 15:21:02 - [TEST_STEP][PASSED] - delay(1): Delayed 1 second(s)

2019-04-22 15:21:03 - [MESSAGE][PASSED] - Delayed 1 second(s)

2019-04-22 15:21:03 - [MESSAGE][PASSED] - Call Test Case 'Test Cases/s-sidebar_navigation/individualAccount/Messenger Ads' successfully

2019-04-22 15:21:03 - [TEST_STEP][PASSED] - click(findTestObject("Object Repository/Page_KiboEngage  Messenger Code/a_documentation")): Object: 'Object Repository/Page_KiboEngage  Messenger Code/a_documentation' is clicked on

2019-04-22 15:21:03 - [MESSAGE][PASSED] - Object: 'Object Repository/Page_KiboEngage  Messenger Code/a_documentation' is clicked on]]></system-out>
         <system-err><![CDATA[]]></system-err>
      </testcase>
      <testcase name="Test Cases/Messenger Ads/TC1062" classname="Test Cases/Messenger Ads/TC1062" status="PASSED">
         <system-out><![CDATA[2019-04-22 15:21:03 - [TEST_CASE][PASSED] - Test Cases/Messenger Ads/TC1062: Test Cases/Messenger Ads/TC1062

2019-04-22 15:21:04 - [TEST_STEP][PASSED] - callTestCase(findTestCase("s-sidebar_navigation/individualAccount/Messenger Ads"), [:], STOP_ON_FAILURE): Call Test Case 'Test Cases/s-sidebar_navigation/individualAccount/Messenger Ads' successfully

2019-04-22 15:21:04 - [TEST_CASE][PASSED] - Test Cases/s-sidebar_navigation/individualAccount/Messenger Ads: Test Cases/s-sidebar_navigation/individualAccount/Messenger Ads

2019-04-22 15:21:04 - [TEST_STEP][PASSED] - click(findTestObject("Object Repository/Page_KiboPush  Dashboard/span_Invite Subscribers")): Object: 'Object Repository/Page_KiboPush  Dashboard/span_Invite Subscribers' is clicked on

2019-04-22 15:21:04 - [MESSAGE][PASSED] - Object: 'Object Repository/Page_KiboPush  Dashboard/span_Invite Subscribers' is clicked on

2019-04-22 15:21:04 - [TEST_STEP][PASSED] - delay(1): Delayed 1 second(s)

2019-04-22 15:21:05 - [MESSAGE][PASSED] - Delayed 1 second(s)

2019-04-22 15:21:05 - [TEST_STEP][PASSED] - click(findTestObject("Object Repository/Page_KiboEngage  Dashboard/span_Messenger Code")): Object: 'Object Repository/Page_KiboEngage  Dashboard/span_Messenger Code' is clicked on

2019-04-22 15:21:05 - [MESSAGE][PASSED] - Object: 'Object Repository/Page_KiboEngage  Dashboard/span_Messenger Code' is clicked on

2019-04-22 15:21:05 - [TEST_STEP][PASSED] - delay(1): Delayed 1 second(s)

2019-04-22 15:21:06 - [MESSAGE][PASSED] - Delayed 1 second(s)

2019-04-22 15:21:06 - [MESSAGE][PASSED] - Call Test Case 'Test Cases/s-sidebar_navigation/individualAccount/Messenger Ads' successfully

2019-04-22 15:21:06 - [TEST_STEP][PASSED] - click(findTestObject("Object Repository/Page_KiboEngage  Messenger Code/a_documentation")): Object: 'Object Repository/Page_KiboEngage  Messenger Code/a_documentation' is clicked on

2019-04-22 15:21:06 - [MESSAGE][PASSED] - Object: 'Object Repository/Page_KiboEngage  Messenger Code/a_documentation' is clicked on]]></system-out>
         <system-err><![CDATA[]]></system-err>
      </testcase>
      <testcase name="Test Cases/Messenger Ads/TC1058" classname="Test Cases/Messenger Ads/TC1058" status="PASSED">
         <system-out><![CDATA[2019-04-22 15:21:06 - [TEST_CASE][PASSED] - Test Cases/Messenger Ads/TC1058: Test Cases/Messenger Ads/TC1058

2019-04-22 15:21:06 - [TEST_STEP][PASSED] - callTestCase(findTestCase("s-sidebar_navigation/individualAccount/Messenger Ads"), [:], STOP_ON_FAILURE): Call Test Case 'Test Cases/s-sidebar_navigation/individualAccount/Messenger Ads' successfully

2019-04-22 15:21:06 - [TEST_CASE][PASSED] - Test Cases/s-sidebar_navigation/individualAccount/Messenger Ads: Test Cases/s-sidebar_navigation/individualAccount/Messenger Ads

2019-04-22 15:21:06 - [TEST_STEP][PASSED] - click(findTestObject("Object Repository/Page_KiboPush  Dashboard/span_Invite Subscribers")): Object: 'Object Repository/Page_KiboPush  Dashboard/span_Invite Subscribers' is clicked on

2019-04-22 15:21:06 - [MESSAGE][PASSED] - Object: 'Object Repository/Page_KiboPush  Dashboard/span_Invite Subscribers' is clicked on

2019-04-22 15:21:06 - [TEST_STEP][PASSED] - delay(1): Delayed 1 second(s)

2019-04-22 15:21:07 - [MESSAGE][PASSED] - Delayed 1 second(s)

2019-04-22 15:21:07 - [TEST_STEP][PASSED] - click(findTestObject("Object Repository/Page_KiboEngage  Dashboard/span_Messenger Code")): Object: 'Object Repository/Page_KiboEngage  Dashboard/span_Messenger Code' is clicked on

2019-04-22 15:21:07 - [MESSAGE][PASSED] - Object: 'Object Repository/Page_KiboEngage  Dashboard/span_Messenger Code' is clicked on

2019-04-22 15:21:07 - [TEST_STEP][PASSED] - delay(1): Delayed 1 second(s)

2019-04-22 15:21:08 - [MESSAGE][PASSED] - Delayed 1 second(s)

2019-04-22 15:21:08 - [MESSAGE][PASSED] - Call Test Case 'Test Cases/s-sidebar_navigation/individualAccount/Messenger Ads' successfully

2019-04-22 15:21:08 - [TEST_STEP][PASSED] - click(findTestObject("Object Repository/Page_KiboEngage  Messenger Code/a_documentation")): Object: 'Object Repository/Page_KiboEngage  Messenger Code/a_documentation' is clicked on

2019-04-22 15:21:09 - [MESSAGE][PASSED] - Object: 'Object Repository/Page_KiboEngage  Messenger Code/a_documentation' is clicked on]]></system-out>
         <system-err><![CDATA[]]></system-err>
      </testcase>
      <testcase name="Test Cases/Messenger Ads/TC1073" classname="Test Cases/Messenger Ads/TC1073" status="PASSED">
         <system-out><![CDATA[2019-04-22 15:21:09 - [TEST_CASE][PASSED] - Test Cases/Messenger Ads/TC1073: Test Cases/Messenger Ads/TC1073

2019-04-22 15:21:09 - [TEST_STEP][PASSED] - callTestCase(findTestCase("s-sidebar_navigation/individualAccount/Messenger Ads"), [:], STOP_ON_FAILURE): Call Test Case 'Test Cases/s-sidebar_navigation/individualAccount/Messenger Ads' successfully

2019-04-22 15:21:09 - [TEST_CASE][PASSED] - Test Cases/s-sidebar_navigation/individualAccount/Messenger Ads: Test Cases/s-sidebar_navigation/individualAccount/Messenger Ads

2019-04-22 15:21:09 - [TEST_STEP][PASSED] - click(findTestObject("Object Repository/Page_KiboPush  Dashboard/span_Invite Subscribers")): Object: 'Object Repository/Page_KiboPush  Dashboard/span_Invite Subscribers' is clicked on

2019-04-22 15:21:09 - [MESSAGE][PASSED] - Object: 'Object Repository/Page_KiboPush  Dashboard/span_Invite Subscribers' is clicked on

2019-04-22 15:21:09 - [TEST_STEP][PASSED] - delay(1): Delayed 1 second(s)

2019-04-22 15:21:10 - [MESSAGE][PASSED] - Delayed 1 second(s)

2019-04-22 15:21:10 - [TEST_STEP][PASSED] - click(findTestObject("Object Repository/Page_KiboEngage  Dashboard/span_Messenger Code")): Object: 'Object Repository/Page_KiboEngage  Dashboard/span_Messenger Code' is clicked on

2019-04-22 15:21:10 - [MESSAGE][PASSED] - Object: 'Object Repository/Page_KiboEngage  Dashboard/span_Messenger Code' is clicked on

2019-04-22 15:21:10 - [TEST_STEP][PASSED] - delay(1): Delayed 1 second(s)

2019-04-22 15:21:11 - [MESSAGE][PASSED] - Delayed 1 second(s)

2019-04-22 15:21:11 - [MESSAGE][PASSED] - Call Test Case 'Test Cases/s-sidebar_navigation/individualAccount/Messenger Ads' successfully

2019-04-22 15:21:11 - [TEST_STEP][PASSED] - click(findTestObject("Object Repository/Page_KiboEngage  Messenger Code/a_documentation")): Object: 'Object Repository/Page_KiboEngage  Messenger Code/a_documentation' is clicked on

2019-04-22 15:21:11 - [MESSAGE][PASSED] - Object: 'Object Repository/Page_KiboEngage  Messenger Code/a_documentation' is clicked on]]></system-out>
         <system-err><![CDATA[]]></system-err>
      </testcase>
      <testcase name="Test Cases/Messenger Ads/TC1066" classname="Test Cases/Messenger Ads/TC1066" status="PASSED">
         <system-out><![CDATA[2019-04-22 15:21:11 - [TEST_CASE][PASSED] - Test Cases/Messenger Ads/TC1066: Test Cases/Messenger Ads/TC1066

2019-04-22 15:21:11 - [TEST_STEP][PASSED] - callTestCase(findTestCase("s-sidebar_navigation/individualAccount/Messenger Ads"), [:], STOP_ON_FAILURE): Call Test Case 'Test Cases/s-sidebar_navigation/individualAccount/Messenger Ads' successfully

2019-04-22 15:21:11 - [TEST_CASE][PASSED] - Test Cases/s-sidebar_navigation/individualAccount/Messenger Ads: Test Cases/s-sidebar_navigation/individualAccount/Messenger Ads

2019-04-22 15:21:11 - [TEST_STEP][PASSED] - click(findTestObject("Object Repository/Page_KiboPush  Dashboard/span_Invite Subscribers")): Object: 'Object Repository/Page_KiboPush  Dashboard/span_Invite Subscribers' is clicked on

2019-04-22 15:21:12 - [MESSAGE][PASSED] - Object: 'Object Repository/Page_KiboPush  Dashboard/span_Invite Subscribers' is clicked on

2019-04-22 15:21:12 - [TEST_STEP][PASSED] - delay(1): Delayed 1 second(s)

2019-04-22 15:21:13 - [MESSAGE][PASSED] - Delayed 1 second(s)

2019-04-22 15:21:13 - [TEST_STEP][PASSED] - click(findTestObject("Object Repository/Page_KiboEngage  Dashboard/span_Messenger Code")): Object: 'Object Repository/Page_KiboEngage  Dashboard/span_Messenger Code' is clicked on

2019-04-22 15:21:13 - [MESSAGE][PASSED] - Object: 'Object Repository/Page_KiboEngage  Dashboard/span_Messenger Code' is clicked on

2019-04-22 15:21:13 - [TEST_STEP][PASSED] - delay(1): Delayed 1 second(s)

2019-04-22 15:21:14 - [MESSAGE][PASSED] - Delayed 1 second(s)

2019-04-22 15:21:14 - [MESSAGE][PASSED] - Call Test Case 'Test Cases/s-sidebar_navigation/individualAccount/Messenger Ads' successfully

2019-04-22 15:21:14 - [TEST_STEP][PASSED] - click(findTestObject("Object Repository/Page_KiboEngage  Messenger Code/a_documentation")): Object: 'Object Repository/Page_KiboEngage  Messenger Code/a_documentation' is clicked on

2019-04-22 15:21:14 - [MESSAGE][PASSED] - Object: 'Object Repository/Page_KiboEngage  Messenger Code/a_documentation' is clicked on]]></system-out>
         <system-err><![CDATA[]]></system-err>
      </testcase>
      <system-out><![CDATA[2019-04-22 15:19:33 - [TEST_SUITE][PASSED] - Messenger Ads: Test Cases/Messenger Ads/TC1066]]></system-out>
      <system-err><![CDATA[]]></system-err>
   </testsuite>
</testsuites>
