<?xml version="1.0" encoding="UTF-8"?>
<testsuites name="KiboPush Broadcasts" time="905" tests="33" failures="5" errors="0">
   <testsuite name="KiboPush Broadcasts" tests="33" failures="5" errors="0" time="905" timestamp="2018-08-08 16:25:44" hostname="baqarjafri - 192.168.8.103" id="Test Suites/KiboPush Broadcasts">
      <properties>
         <property name="deviceName" value=""/>
         <property name="devicePlatform" value=""/>
         <property name="logFolder" value="/Users/baqarjafri/Katalon Studio/KiboPush/Reports/KiboPush Broadcasts/20180808_162527"/>
         <property name="logFiles" value="/Users/baqarjafri/Katalon Studio/KiboPush/Reports/KiboPush Broadcasts/20180808_162527/execution0.log"/>
         <property name="attachments" value="/Users/baqarjafri/Katalon Studio/KiboPush/Reports/KiboPush Broadcasts/20180808_162527/1533727894229.png, /Users/baqarjafri/Katalon Studio/KiboPush/Reports/KiboPush Broadcasts/20180808_162527/1533727944902.png, /Users/baqarjafri/Katalon Studio/KiboPush/Reports/KiboPush Broadcasts/20180808_162527/1533728013030.png, /Users/baqarjafri/Katalon Studio/KiboPush/Reports/KiboPush Broadcasts/20180808_162527/1533728029254.png"/>
         <property name="hostName" value="baqarjafri - 192.168.8.103"/>
         <property name="os" value="Mac OS X 64bit"/>
         <property name="katalonVersion" value="5.6.0.1"/>
         <property name="browser" value="Chrome 67.0.3396.99"/>
         <property name="hostAddress" value="192.168.8.103"/>
         <property name="sessionId" value="37a01c34b8a5435db6aa657568d9a01c"/>
         <property name="seleniumVersion" value="3.7.1"/>
         <property name="proxyInformation" value="ProxyInformation{proxyOption=NO_PROXY, proxyServerType=HTTP, password=, proxyServerAddress=, proxyServerPort=0}"/>
         <property name="platform" value="Mac OS X"/>
      </properties>
      <testcase name="Test Cases/TC0106" classname="Test Cases/TC0106" status="PASSED">
         <system-out><![CDATA[2018-08-08 16:25:45 - [TEST_CASE][PASSED] - Test Cases/TC0106: Test Cases/TC0106

2018-08-08 16:25:45 - [TEST_STEP][PASSED] - openBrowser: Browser is opened with url: ''

2018-08-08 16:25:48 - [MESSAGE][PASSED] - Browser is opened with url: ''

2018-08-08 16:25:48 - [TEST_STEP][PASSED] - navigateToUrl: Navigate to 'https://staging.kibopush.com/' successfully

2018-08-08 16:25:58 - [MESSAGE][PASSED] - Navigate to 'https://staging.kibopush.com/' successfully

2018-08-08 16:25:59 - [TEST_STEP][PASSED] - click: Object: 'Object Repository/Page_KiboPush  Sign In/a_Login' is clicked on

2018-08-08 16:25:59 - [MESSAGE][PASSED] - Object: 'Object Repository/Page_KiboPush  Sign In/a_Login' is clicked on

2018-08-08 16:25:59 - [TEST_STEP][PASSED] - click: Object: 'Object Repository/Page_KiboPush  Sign In/button_Team Account' is clicked on

2018-08-08 16:25:59 - [MESSAGE][PASSED] - Object: 'Object Repository/Page_KiboPush  Sign In/button_Team Account' is clicked on

2018-08-08 16:25:59 - [TEST_STEP][PASSED] - setText: Text 'kibopush.com' is set on object 'Object Repository/Page_KiboPush  Sign In/input_form-control m-input'

2018-08-08 16:25:59 - [MESSAGE][PASSED] - Text 'kibopush.com' is set on object 'Object Repository/Page_KiboPush  Sign In/input_form-control m-input'

2018-08-08 16:25:59 - [TEST_STEP][PASSED] - setText: Text 'bjafri5@gmail.com' is set on object 'Object Repository/Page_KiboPush  Sign In/input_form-control m-input_1'

2018-08-08 16:26:00 - [MESSAGE][PASSED] - Text 'bjafri5@gmail.com' is set on object 'Object Repository/Page_KiboPush  Sign In/input_form-control m-input_1'

2018-08-08 16:26:00 - [TEST_STEP][PASSED] - setEncryptedText: Text ****** has been set on object 'Object Repository/Page_KiboPush  Sign In/input_form-control m-input_2'

2018-08-08 16:26:00 - [MESSAGE][PASSED] - Text ****** has been set on object 'Object Repository/Page_KiboPush  Sign In/input_form-control m-input_2'

2018-08-08 16:26:00 - [TEST_STEP][PASSED] - click: Object: 'Object Repository/Page_KiboPush  Sign In/button_Sign In' is clicked on

2018-08-08 16:26:00 - [MESSAGE][PASSED] - Object: 'Object Repository/Page_KiboPush  Sign In/button_Sign In' is clicked on

2018-08-08 16:26:00 - [TEST_STEP][PASSED] - click: Object: 'Object Repository/Page_KiboPush  Dashboard/span_Broadcasts' is clicked on

2018-08-08 16:26:03 - [MESSAGE][PASSED] - Object: 'Object Repository/Page_KiboPush  Dashboard/span_Broadcasts' is clicked on

2018-08-08 16:26:03 - [TEST_STEP][PASSED] - click: Object: 'Object Repository/Page_KiboPush  Broadcast/a_documentation' is clicked on

2018-08-08 16:26:04 - [MESSAGE][PASSED] - Object: 'Object Repository/Page_KiboPush  Broadcast/a_documentation' is clicked on

2018-08-08 16:26:04 - [TEST_STEP][PASSED] - switchToWindowTitle: Switched to window with title: 'Broadcasts - KiboPush'

2018-08-08 16:26:11 - [MESSAGE][PASSED] - Switched to window with title: 'Broadcasts - KiboPush'

2018-08-08 16:26:11 - [TEST_STEP][PASSED] - switchToWindowTitle: Switched to window with title: 'KiboPush | Broadcast'

2018-08-08 16:26:11 - [MESSAGE][PASSED] - Switched to window with title: 'KiboPush | Broadcast']]></system-out>
         <system-err><![CDATA[]]></system-err>
      </testcase>
      <testcase name="Test Cases/TC0107" classname="Test Cases/TC0107" status="PASSED">
         <system-out><![CDATA[2018-08-08 16:26:11 - [TEST_CASE][PASSED] - Test Cases/TC0107: Test Cases/TC0107

2018-08-08 16:26:11 - [TEST_STEP][PASSED] - openBrowser: Browser is opened with url: ''

2018-08-08 16:26:11 - [MESSAGE][WARNING] - A browser is already opened. Closing browser and opening a new one

2018-08-08 16:26:12 - [MESSAGE][PASSED] - Browser is opened with url: ''

2018-08-08 16:26:12 - [TEST_STEP][PASSED] - navigateToUrl: Navigate to 'https://staging.kibopush.com/' successfully

2018-08-08 16:26:23 - [MESSAGE][PASSED] - Navigate to 'https://staging.kibopush.com/' successfully

2018-08-08 16:26:23 - [TEST_STEP][PASSED] - click: Object: 'Object Repository/Page_KiboPush  Sign In/a_Login' is clicked on

2018-08-08 16:26:23 - [MESSAGE][PASSED] - Object: 'Object Repository/Page_KiboPush  Sign In/a_Login' is clicked on

2018-08-08 16:26:23 - [TEST_STEP][PASSED] - click: Object: 'Object Repository/Page_KiboPush  Sign In/button_Team Account' is clicked on

2018-08-08 16:26:23 - [MESSAGE][PASSED] - Object: 'Object Repository/Page_KiboPush  Sign In/button_Team Account' is clicked on

2018-08-08 16:26:23 - [TEST_STEP][PASSED] - setText: Text 'kibopush.com' is set on object 'Object Repository/Page_KiboPush  Sign In/input_form-control m-input'

2018-08-08 16:26:24 - [MESSAGE][PASSED] - Text 'kibopush.com' is set on object 'Object Repository/Page_KiboPush  Sign In/input_form-control m-input'

2018-08-08 16:26:24 - [TEST_STEP][PASSED] - setText: Text 'bjafri5@gmail.com' is set on object 'Object Repository/Page_KiboPush  Sign In/input_form-control m-input_1'

2018-08-08 16:26:24 - [MESSAGE][PASSED] - Text 'bjafri5@gmail.com' is set on object 'Object Repository/Page_KiboPush  Sign In/input_form-control m-input_1'

2018-08-08 16:26:24 - [TEST_STEP][PASSED] - setEncryptedText: Text ****** has been set on object 'Object Repository/Page_KiboPush  Sign In/input_form-control m-input_2'

2018-08-08 16:26:24 - [MESSAGE][PASSED] - Text ****** has been set on object 'Object Repository/Page_KiboPush  Sign In/input_form-control m-input_2'

2018-08-08 16:26:24 - [TEST_STEP][PASSED] - click: Object: 'Object Repository/Page_KiboPush  Sign In/button_Sign In' is clicked on

2018-08-08 16:26:24 - [MESSAGE][PASSED] - Object: 'Object Repository/Page_KiboPush  Sign In/button_Sign In' is clicked on

2018-08-08 16:26:24 - [TEST_STEP][PASSED] - click: Object: 'Object Repository/Page_KiboPush  Dashboard/span_Broadcasts' is clicked on

2018-08-08 16:26:27 - [MESSAGE][PASSED] - Object: 'Object Repository/Page_KiboPush  Dashboard/span_Broadcasts' is clicked on

2018-08-08 16:26:27 - [TEST_STEP][PASSED] - click: Object: 'Object Repository/Page_KiboPush  Broadcast/a_video tutorial (1)' is clicked on

2018-08-08 16:26:27 - [MESSAGE][PASSED] - Object: 'Object Repository/Page_KiboPush  Broadcast/a_video tutorial (1)' is clicked on

2018-08-08 16:26:27 - [TEST_STEP][PASSED] - delay: Delayed 5 second(s)

2018-08-08 16:26:32 - [MESSAGE][PASSED] - Delayed 5 second(s)

2018-08-08 16:26:32 - [TEST_STEP][PASSED] - click: Object: 'Object Repository/Page_KiboPush  Broadcast/a_ytp-youtube-button ytp-butto' is clicked on

2018-08-08 16:26:33 - [MESSAGE][PASSED] - Object: 'Object Repository/Page_KiboPush  Broadcast/a_ytp-youtube-button ytp-butto' is clicked on

2018-08-08 16:26:33 - [TEST_STEP][PASSED] - switchToWindowTitle: Switched to window with title: 'Broadcasts - YouTube'

2018-08-08 16:26:36 - [MESSAGE][PASSED] - Switched to window with title: 'Broadcasts - YouTube'

2018-08-08 16:26:36 - [TEST_STEP][PASSED] - click: Object: 'Object Repository/Page_Broadcasts - YouTube/yt-formatted-string_Broadcasts' is clicked on

2018-08-08 16:26:37 - [MESSAGE][PASSED] - Object: 'Object Repository/Page_Broadcasts - YouTube/yt-formatted-string_Broadcasts' is clicked on]]></system-out>
         <system-err><![CDATA[]]></system-err>
      </testcase>
      <testcase name="Test Cases/TC0108" classname="Test Cases/TC0108" status="PASSED">
         <system-out><![CDATA[2018-08-08 16:26:37 - [TEST_CASE][PASSED] - Test Cases/TC0108: Test Cases/TC0108

2018-08-08 16:26:37 - [TEST_STEP][PASSED] - openBrowser: Browser is opened with url: ''

2018-08-08 16:26:37 - [MESSAGE][WARNING] - A browser is already opened. Closing browser and opening a new one

2018-08-08 16:26:38 - [MESSAGE][PASSED] - Browser is opened with url: ''

2018-08-08 16:26:38 - [TEST_STEP][PASSED] - navigateToUrl: Navigate to 'https://staging.kibopush.com/' successfully

2018-08-08 16:26:47 - [MESSAGE][PASSED] - Navigate to 'https://staging.kibopush.com/' successfully

2018-08-08 16:26:47 - [TEST_STEP][PASSED] - click: Object: 'Object Repository/Page_KiboPush  Sign In/a_Login' is clicked on

2018-08-08 16:26:48 - [MESSAGE][PASSED] - Object: 'Object Repository/Page_KiboPush  Sign In/a_Login' is clicked on

2018-08-08 16:26:48 - [TEST_STEP][PASSED] - click: Object: 'Object Repository/Page_KiboPush  Sign In/button_Team Account' is clicked on

2018-08-08 16:26:48 - [MESSAGE][PASSED] - Object: 'Object Repository/Page_KiboPush  Sign In/button_Team Account' is clicked on

2018-08-08 16:26:48 - [TEST_STEP][PASSED] - setText: Text 'kibopush.com' is set on object 'Object Repository/Page_KiboPush  Sign In/input_form-control m-input'

2018-08-08 16:26:48 - [MESSAGE][PASSED] - Text 'kibopush.com' is set on object 'Object Repository/Page_KiboPush  Sign In/input_form-control m-input'

2018-08-08 16:26:48 - [TEST_STEP][PASSED] - setText: Text 'bjafri5@gmail.com' is set on object 'Object Repository/Page_KiboPush  Sign In/input_form-control m-input_1'

2018-08-08 16:26:48 - [MESSAGE][PASSED] - Text 'bjafri5@gmail.com' is set on object 'Object Repository/Page_KiboPush  Sign In/input_form-control m-input_1'

2018-08-08 16:26:48 - [TEST_STEP][PASSED] - setEncryptedText: Text ****** has been set on object 'Object Repository/Page_KiboPush  Sign In/input_form-control m-input_2'

2018-08-08 16:26:48 - [MESSAGE][PASSED] - Text ****** has been set on object 'Object Repository/Page_KiboPush  Sign In/input_form-control m-input_2'

2018-08-08 16:26:48 - [TEST_STEP][PASSED] - click: Object: 'Object Repository/Page_KiboPush  Sign In/button_Sign In' is clicked on

2018-08-08 16:26:49 - [MESSAGE][PASSED] - Object: 'Object Repository/Page_KiboPush  Sign In/button_Sign In' is clicked on

2018-08-08 16:26:49 - [TEST_STEP][PASSED] - click: Object: 'Object Repository/Page_KiboPush  Dashboard/span_Broadcasts' is clicked on

2018-08-08 16:26:52 - [MESSAGE][PASSED] - Object: 'Object Repository/Page_KiboPush  Dashboard/span_Broadcasts' is clicked on

2018-08-08 16:26:52 - [TEST_STEP][PASSED] - delay: Delayed 1 second(s)

2018-08-08 16:26:53 - [MESSAGE][PASSED] - Delayed 1 second(s)

2018-08-08 16:26:53 - [TEST_STEP][PASSED] - Statement - driver = com.kms.katalon.core.webui.driver.DriverFactory.getWebDriver(): null

2018-08-08 16:26:53 - [TEST_STEP][PASSED] - Statement - Table = driver.findElement(org.openqa.selenium.By.xpath("//table/tbody")): null

2018-08-08 16:26:53 - [TEST_STEP][PASSED] - Statement - rows_table = Table.findElements(org.openqa.selenium.By.tagName("tr")): null

2018-08-08 16:26:53 - [TEST_STEP][PASSED] - Statement - rows_count = rows_table.size(): null

2018-08-08 16:26:53 - [TEST_STEP][PASSED] - verifyEqual: Actual object '10' and expected object '10' are equal

2018-08-08 16:26:53 - [MESSAGE][PASSED] - Actual object '10' and expected object '10' are equal

2018-08-08 16:26:53 - [TEST_STEP][PASSED] - closeBrowser: Browser is closed

2018-08-08 16:26:53 - [MESSAGE][PASSED] - Browser is closed]]></system-out>
         <system-err><![CDATA[]]></system-err>
      </testcase>
      <testcase name="Test Cases/TC0109" classname="Test Cases/TC0109" status="PASSED">
         <system-out><![CDATA[2018-08-08 16:26:53 - [TEST_CASE][PASSED] - Test Cases/TC0109: Test Cases/TC0109

2018-08-08 16:26:53 - [TEST_STEP][PASSED] - openBrowser: Browser is opened with url: ''

2018-08-08 16:26:54 - [MESSAGE][PASSED] - Browser is opened with url: ''

2018-08-08 16:26:54 - [TEST_STEP][PASSED] - navigateToUrl: Navigate to 'https://staging.kibopush.com/' successfully

2018-08-08 16:27:06 - [MESSAGE][PASSED] - Navigate to 'https://staging.kibopush.com/' successfully

2018-08-08 16:27:06 - [TEST_STEP][PASSED] - click: Object: 'Object Repository/Page_KiboPush  Sign In/a_Login' is clicked on

2018-08-08 16:27:06 - [MESSAGE][PASSED] - Object: 'Object Repository/Page_KiboPush  Sign In/a_Login' is clicked on

2018-08-08 16:27:06 - [TEST_STEP][PASSED] - click: Object: 'Object Repository/Page_KiboPush  Sign In/button_Team Account' is clicked on

2018-08-08 16:27:07 - [MESSAGE][PASSED] - Object: 'Object Repository/Page_KiboPush  Sign In/button_Team Account' is clicked on

2018-08-08 16:27:07 - [TEST_STEP][PASSED] - setText: Text 'kibopush.com' is set on object 'Object Repository/Page_KiboPush  Sign In/input_form-control m-input'

2018-08-08 16:27:07 - [MESSAGE][PASSED] - Text 'kibopush.com' is set on object 'Object Repository/Page_KiboPush  Sign In/input_form-control m-input'

2018-08-08 16:27:07 - [TEST_STEP][PASSED] - setText: Text 'bjafri5@gmail.com' is set on object 'Object Repository/Page_KiboPush  Sign In/input_form-control m-input_1'

2018-08-08 16:27:07 - [MESSAGE][PASSED] - Text 'bjafri5@gmail.com' is set on object 'Object Repository/Page_KiboPush  Sign In/input_form-control m-input_1'

2018-08-08 16:27:07 - [TEST_STEP][PASSED] - setEncryptedText: Text ****** has been set on object 'Object Repository/Page_KiboPush  Sign In/input_form-control m-input_2'

2018-08-08 16:27:07 - [MESSAGE][PASSED] - Text ****** has been set on object 'Object Repository/Page_KiboPush  Sign In/input_form-control m-input_2'

2018-08-08 16:27:07 - [TEST_STEP][PASSED] - click: Object: 'Object Repository/Page_KiboPush  Sign In/button_Sign In' is clicked on

2018-08-08 16:27:07 - [MESSAGE][PASSED] - Object: 'Object Repository/Page_KiboPush  Sign In/button_Sign In' is clicked on

2018-08-08 16:27:07 - [TEST_STEP][PASSED] - click: Object: 'Object Repository/Page_KiboPush  Dashboard/span_Broadcasts' is clicked on

2018-08-08 16:27:10 - [MESSAGE][PASSED] - Object: 'Object Repository/Page_KiboPush  Dashboard/span_Broadcasts' is clicked on

2018-08-08 16:27:10 - [TEST_STEP][PASSED] - setText: Text 'TitleX' is set on object 'Object Repository/Page_KiboPush  Broadcast/input_form-control'

2018-08-08 16:27:11 - [MESSAGE][PASSED] - Text 'TitleX' is set on object 'Object Repository/Page_KiboPush  Broadcast/input_form-control'

2018-08-08 16:27:11 - [TEST_STEP][PASSED] - click: Object: 'Object Repository/Page_KiboPush  Broadcast/span_TitleX' is clicked on

2018-08-08 16:27:11 - [MESSAGE][PASSED] - Object: 'Object Repository/Page_KiboPush  Broadcast/span_TitleX' is clicked on]]></system-out>
         <system-err><![CDATA[]]></system-err>
      </testcase>
      <testcase name="Test Cases/TC0110" classname="Test Cases/TC0110" status="PASSED">
         <system-out><![CDATA[2018-08-08 16:27:11 - [TEST_CASE][PASSED] - Test Cases/TC0110: Test Cases/TC0110

2018-08-08 16:27:12 - [TEST_STEP][PASSED] - openBrowser: Browser is opened with url: ''

2018-08-08 16:27:12 - [MESSAGE][WARNING] - A browser is already opened. Closing browser and opening a new one

2018-08-08 16:27:13 - [MESSAGE][PASSED] - Browser is opened with url: ''

2018-08-08 16:27:13 - [TEST_STEP][PASSED] - navigateToUrl: Navigate to 'https://staging.kibopush.com/' successfully

2018-08-08 16:27:28 - [MESSAGE][PASSED] - Navigate to 'https://staging.kibopush.com/' successfully

2018-08-08 16:27:28 - [TEST_STEP][PASSED] - click: Object: 'Object Repository/Page_KiboPush  Sign In/a_Login' is clicked on

2018-08-08 16:27:28 - [MESSAGE][PASSED] - Object: 'Object Repository/Page_KiboPush  Sign In/a_Login' is clicked on

2018-08-08 16:27:28 - [TEST_STEP][PASSED] - click: Object: 'Object Repository/Page_KiboPush  Sign In/button_Team Account' is clicked on

2018-08-08 16:27:29 - [MESSAGE][PASSED] - Object: 'Object Repository/Page_KiboPush  Sign In/button_Team Account' is clicked on

2018-08-08 16:27:29 - [TEST_STEP][PASSED] - setText: Text 'kibopush.com' is set on object 'Object Repository/Page_KiboPush  Sign In/input_form-control m-input'

2018-08-08 16:27:29 - [MESSAGE][PASSED] - Text 'kibopush.com' is set on object 'Object Repository/Page_KiboPush  Sign In/input_form-control m-input'

2018-08-08 16:27:29 - [TEST_STEP][PASSED] - setText: Text 'bjafri5@gmail.com' is set on object 'Object Repository/Page_KiboPush  Sign In/input_form-control m-input_1'

2018-08-08 16:27:29 - [MESSAGE][PASSED] - Text 'bjafri5@gmail.com' is set on object 'Object Repository/Page_KiboPush  Sign In/input_form-control m-input_1'

2018-08-08 16:27:29 - [TEST_STEP][PASSED] - setEncryptedText: Text ****** has been set on object 'Object Repository/Page_KiboPush  Sign In/input_form-control m-input_2'

2018-08-08 16:27:29 - [MESSAGE][PASSED] - Text ****** has been set on object 'Object Repository/Page_KiboPush  Sign In/input_form-control m-input_2'

2018-08-08 16:27:29 - [TEST_STEP][PASSED] - click: Object: 'Object Repository/Page_KiboPush  Sign In/button_Sign In' is clicked on

2018-08-08 16:27:29 - [MESSAGE][PASSED] - Object: 'Object Repository/Page_KiboPush  Sign In/button_Sign In' is clicked on

2018-08-08 16:27:29 - [TEST_STEP][PASSED] - click: Object: 'Object Repository/Page_KiboPush  Dashboard/span_Broadcasts' is clicked on

2018-08-08 16:27:33 - [MESSAGE][PASSED] - Object: 'Object Repository/Page_KiboPush  Dashboard/span_Broadcasts' is clicked on

2018-08-08 16:27:33 - [TEST_STEP][PASSED] - selectOptionByValue: All options with value 'image' are selected in object 'Object Repository/Page_KiboPush  Broadcast/select_Filter by type...textim'  using regular expression

2018-08-08 16:27:33 - [MESSAGE][PASSED] - All options with value 'image' are selected in object 'Object Repository/Page_KiboPush  Broadcast/select_Filter by type...textim'  using regular expression

2018-08-08 16:27:33 - [TEST_STEP][PASSED] - click: Object: 'Object Repository/Page_KiboPush  Broadcast/span_image' is clicked on

2018-08-08 16:27:34 - [MESSAGE][PASSED] - Object: 'Object Repository/Page_KiboPush  Broadcast/span_image' is clicked on]]></system-out>
         <system-err><![CDATA[]]></system-err>
      </testcase>
      <testcase name="Test Cases/TC0111" classname="Test Cases/TC0111" status="PASSED">
         <system-out><![CDATA[2018-08-08 16:27:34 - [TEST_CASE][PASSED] - Test Cases/TC0111: Test Cases/TC0111

2018-08-08 16:27:34 - [TEST_STEP][PASSED] - openBrowser: Browser is opened with url: ''

2018-08-08 16:27:34 - [MESSAGE][WARNING] - A browser is already opened. Closing browser and opening a new one

2018-08-08 16:27:35 - [MESSAGE][PASSED] - Browser is opened with url: ''

2018-08-08 16:27:35 - [TEST_STEP][PASSED] - navigateToUrl: Navigate to 'https://staging.kibopush.com/' successfully

2018-08-08 16:27:53 - [MESSAGE][PASSED] - Navigate to 'https://staging.kibopush.com/' successfully

2018-08-08 16:27:53 - [TEST_STEP][PASSED] - click: Object: 'Object Repository/Page_KiboPush  Sign In/a_Login' is clicked on

2018-08-08 16:27:54 - [MESSAGE][PASSED] - Object: 'Object Repository/Page_KiboPush  Sign In/a_Login' is clicked on

2018-08-08 16:27:54 - [TEST_STEP][PASSED] - click: Object: 'Object Repository/Page_KiboPush  Sign In/button_Team Account' is clicked on

2018-08-08 16:27:54 - [MESSAGE][PASSED] - Object: 'Object Repository/Page_KiboPush  Sign In/button_Team Account' is clicked on

2018-08-08 16:27:54 - [TEST_STEP][PASSED] - setText: Text 'kibopush.com' is set on object 'Object Repository/Page_KiboPush  Sign In/input_form-control m-input'

2018-08-08 16:27:54 - [MESSAGE][PASSED] - Text 'kibopush.com' is set on object 'Object Repository/Page_KiboPush  Sign In/input_form-control m-input'

2018-08-08 16:27:54 - [TEST_STEP][PASSED] - setText: Text 'bjafri5@gmail.com' is set on object 'Object Repository/Page_KiboPush  Sign In/input_form-control m-input_1'

2018-08-08 16:27:54 - [MESSAGE][PASSED] - Text 'bjafri5@gmail.com' is set on object 'Object Repository/Page_KiboPush  Sign In/input_form-control m-input_1'

2018-08-08 16:27:54 - [TEST_STEP][PASSED] - setEncryptedText: Text ****** has been set on object 'Object Repository/Page_KiboPush  Sign In/input_form-control m-input_2'

2018-08-08 16:27:54 - [MESSAGE][PASSED] - Text ****** has been set on object 'Object Repository/Page_KiboPush  Sign In/input_form-control m-input_2'

2018-08-08 16:27:54 - [TEST_STEP][PASSED] - click: Object: 'Object Repository/Page_KiboPush  Sign In/button_Sign In' is clicked on

2018-08-08 16:27:54 - [MESSAGE][PASSED] - Object: 'Object Repository/Page_KiboPush  Sign In/button_Sign In' is clicked on

2018-08-08 16:27:54 - [TEST_STEP][PASSED] - click: Object: 'Object Repository/Page_KiboPush  Dashboard/span_Broadcasts' is clicked on

2018-08-08 16:27:57 - [MESSAGE][PASSED] - Object: 'Object Repository/Page_KiboPush  Dashboard/span_Broadcasts' is clicked on

2018-08-08 16:27:57 - [TEST_STEP][PASSED] - selectOptionByValue: All options with value 'text' are selected in object 'Object Repository/Page_KiboPush  Broadcast/select_Filter by type...textim'  using regular expression

2018-08-08 16:27:58 - [MESSAGE][PASSED] - All options with value 'text' are selected in object 'Object Repository/Page_KiboPush  Broadcast/select_Filter by type...textim'  using regular expression

2018-08-08 16:27:58 - [TEST_STEP][PASSED] - click: Object: 'Object Repository/Page_KiboPush  Broadcast/span_text' is clicked on

2018-08-08 16:27:58 - [MESSAGE][PASSED] - Object: 'Object Repository/Page_KiboPush  Broadcast/span_text' is clicked on]]></system-out>
         <system-err><![CDATA[]]></system-err>
      </testcase>
      <testcase name="Test Cases/TC0112" classname="Test Cases/TC0112" status="PASSED">
         <system-out><![CDATA[2018-08-08 16:27:58 - [TEST_CASE][PASSED] - Test Cases/TC0112: Test Cases/TC0112

2018-08-08 16:27:59 - [TEST_STEP][PASSED] - openBrowser: Browser is opened with url: ''

2018-08-08 16:27:59 - [MESSAGE][WARNING] - A browser is already opened. Closing browser and opening a new one

2018-08-08 16:28:00 - [MESSAGE][PASSED] - Browser is opened with url: ''

2018-08-08 16:28:00 - [TEST_STEP][PASSED] - navigateToUrl: Navigate to 'https://staging.kibopush.com/' successfully

2018-08-08 16:28:23 - [MESSAGE][PASSED] - Navigate to 'https://staging.kibopush.com/' successfully

2018-08-08 16:28:23 - [TEST_STEP][PASSED] - click: Object: 'Object Repository/Page_KiboPush  Sign In/a_Login' is clicked on

2018-08-08 16:28:23 - [MESSAGE][PASSED] - Object: 'Object Repository/Page_KiboPush  Sign In/a_Login' is clicked on

2018-08-08 16:28:23 - [TEST_STEP][PASSED] - click: Object: 'Object Repository/Page_KiboPush  Sign In/button_Team Account' is clicked on

2018-08-08 16:28:23 - [MESSAGE][PASSED] - Object: 'Object Repository/Page_KiboPush  Sign In/button_Team Account' is clicked on

2018-08-08 16:28:23 - [TEST_STEP][PASSED] - setText: Text 'kibopush.com' is set on object 'Object Repository/Page_KiboPush  Sign In/input_form-control m-input'

2018-08-08 16:28:23 - [MESSAGE][PASSED] - Text 'kibopush.com' is set on object 'Object Repository/Page_KiboPush  Sign In/input_form-control m-input'

2018-08-08 16:28:23 - [TEST_STEP][PASSED] - setText: Text 'bjafri5@gmail.com' is set on object 'Object Repository/Page_KiboPush  Sign In/input_form-control m-input_1'

2018-08-08 16:28:24 - [MESSAGE][PASSED] - Text 'bjafri5@gmail.com' is set on object 'Object Repository/Page_KiboPush  Sign In/input_form-control m-input_1'

2018-08-08 16:28:24 - [TEST_STEP][PASSED] - setEncryptedText: Text ****** has been set on object 'Object Repository/Page_KiboPush  Sign In/input_form-control m-input_2'

2018-08-08 16:28:24 - [MESSAGE][PASSED] - Text ****** has been set on object 'Object Repository/Page_KiboPush  Sign In/input_form-control m-input_2'

2018-08-08 16:28:24 - [TEST_STEP][PASSED] - click: Object: 'Object Repository/Page_KiboPush  Sign In/button_Sign In' is clicked on

2018-08-08 16:28:24 - [MESSAGE][PASSED] - Object: 'Object Repository/Page_KiboPush  Sign In/button_Sign In' is clicked on

2018-08-08 16:28:24 - [TEST_STEP][PASSED] - click: Object: 'Object Repository/Page_KiboPush  Dashboard/span_Broadcasts' is clicked on

2018-08-08 16:28:27 - [MESSAGE][PASSED] - Object: 'Object Repository/Page_KiboPush  Dashboard/span_Broadcasts' is clicked on

2018-08-08 16:28:27 - [TEST_STEP][PASSED] - selectOptionByValue: All options with value 'card' are selected in object 'Object Repository/Page_KiboPush  Broadcast/select_Filter by type...textim'  using regular expression

2018-08-08 16:28:27 - [MESSAGE][PASSED] - All options with value 'card' are selected in object 'Object Repository/Page_KiboPush  Broadcast/select_Filter by type...textim'  using regular expression

2018-08-08 16:28:27 - [TEST_STEP][PASSED] - delay: Delayed 1 second(s)

2018-08-08 16:28:28 - [MESSAGE][PASSED] - Delayed 1 second(s)

2018-08-08 16:28:28 - [TEST_STEP][PASSED] - click: Object: 'Object Repository/Page_KiboPush  Broadcast/span_card' is clicked on

2018-08-08 16:28:29 - [MESSAGE][PASSED] - Object: 'Object Repository/Page_KiboPush  Broadcast/span_card' is clicked on]]></system-out>
         <system-err><![CDATA[]]></system-err>
      </testcase>
      <testcase name="Test Cases/TC0113" classname="Test Cases/TC0113" status="PASSED">
         <system-out><![CDATA[2018-08-08 16:28:29 - [TEST_CASE][PASSED] - Test Cases/TC0113: Test Cases/TC0113

2018-08-08 16:28:29 - [TEST_STEP][PASSED] - openBrowser: Browser is opened with url: ''

2018-08-08 16:28:29 - [MESSAGE][WARNING] - A browser is already opened. Closing browser and opening a new one

2018-08-08 16:28:30 - [MESSAGE][PASSED] - Browser is opened with url: ''

2018-08-08 16:28:30 - [TEST_STEP][PASSED] - navigateToUrl: Navigate to 'https://staging.kibopush.com/' successfully

2018-08-08 16:28:45 - [MESSAGE][PASSED] - Navigate to 'https://staging.kibopush.com/' successfully

2018-08-08 16:28:45 - [TEST_STEP][PASSED] - click: Object: 'Object Repository/Page_KiboPush  Sign In/a_Login' is clicked on

2018-08-08 16:28:45 - [MESSAGE][PASSED] - Object: 'Object Repository/Page_KiboPush  Sign In/a_Login' is clicked on

2018-08-08 16:28:45 - [TEST_STEP][PASSED] - click: Object: 'Object Repository/Page_KiboPush  Sign In/button_Team Account' is clicked on

2018-08-08 16:28:45 - [MESSAGE][PASSED] - Object: 'Object Repository/Page_KiboPush  Sign In/button_Team Account' is clicked on

2018-08-08 16:28:45 - [TEST_STEP][PASSED] - setText: Text 'kibopush.com' is set on object 'Object Repository/Page_KiboPush  Sign In/input_form-control m-input'

2018-08-08 16:28:45 - [MESSAGE][PASSED] - Text 'kibopush.com' is set on object 'Object Repository/Page_KiboPush  Sign In/input_form-control m-input'

2018-08-08 16:28:45 - [TEST_STEP][PASSED] - setText: Text 'bjafri5@gmail.com' is set on object 'Object Repository/Page_KiboPush  Sign In/input_form-control m-input_1'

2018-08-08 16:28:45 - [MESSAGE][PASSED] - Text 'bjafri5@gmail.com' is set on object 'Object Repository/Page_KiboPush  Sign In/input_form-control m-input_1'

2018-08-08 16:28:45 - [TEST_STEP][PASSED] - setEncryptedText: Text ****** has been set on object 'Object Repository/Page_KiboPush  Sign In/input_form-control m-input_2'

2018-08-08 16:28:46 - [MESSAGE][PASSED] - Text ****** has been set on object 'Object Repository/Page_KiboPush  Sign In/input_form-control m-input_2'

2018-08-08 16:28:46 - [TEST_STEP][PASSED] - click: Object: 'Object Repository/Page_KiboPush  Sign In/button_Sign In' is clicked on

2018-08-08 16:28:46 - [MESSAGE][PASSED] - Object: 'Object Repository/Page_KiboPush  Sign In/button_Sign In' is clicked on

2018-08-08 16:28:46 - [TEST_STEP][PASSED] - click: Object: 'Object Repository/Page_KiboPush  Dashboard/span_Broadcasts' is clicked on

2018-08-08 16:28:49 - [MESSAGE][PASSED] - Object: 'Object Repository/Page_KiboPush  Dashboard/span_Broadcasts' is clicked on

2018-08-08 16:28:49 - [TEST_STEP][PASSED] - selectOptionByValue: All options with value 'gallery' are selected in object 'Object Repository/Page_KiboPush  Broadcast/select_Filter by type...textim (4)'  using regular expression

2018-08-08 16:28:49 - [MESSAGE][PASSED] - All options with value 'gallery' are selected in object 'Object Repository/Page_KiboPush  Broadcast/select_Filter by type...textim (4)'  using regular expression

2018-08-08 16:28:49 - [TEST_STEP][PASSED] - click: Object: 'Object Repository/Page_KiboPush  Broadcast/span_gallery' is clicked on

2018-08-08 16:28:50 - [MESSAGE][PASSED] - Object: 'Object Repository/Page_KiboPush  Broadcast/span_gallery' is clicked on

2018-08-08 16:28:50 - [TEST_STEP][PASSED] - closeBrowser: Browser is closed

2018-08-08 16:28:50 - [MESSAGE][PASSED] - Browser is closed]]></system-out>
         <system-err><![CDATA[]]></system-err>
      </testcase>
      <testcase name="Test Cases/TC0114" classname="Test Cases/TC0114" status="PASSED">
         <system-out><![CDATA[2018-08-08 16:28:50 - [TEST_CASE][PASSED] - Test Cases/TC0114: Test Cases/TC0114

2018-08-08 16:28:50 - [TEST_STEP][PASSED] - callTestCase: Call Test Case 'Test Cases/Login' successfully

2018-08-08 16:28:50 - [TEST_CASE][PASSED] - Test Cases/Login: Test Cases/Login

2018-08-08 16:28:50 - [TEST_STEP][PASSED] - openBrowser: Browser is opened with url: ''

2018-08-08 16:28:51 - [MESSAGE][PASSED] - Browser is opened with url: ''

2018-08-08 16:28:51 - [TEST_STEP][PASSED] - navigateToUrl: Navigate to 'https://staging.kibopush.com/' successfully

2018-08-08 16:29:07 - [MESSAGE][PASSED] - Navigate to 'https://staging.kibopush.com/' successfully

2018-08-08 16:29:07 - [TEST_STEP][PASSED] - click: Object: 'Object Repository/Page_KiboPush  Sign In/a_Login' is clicked on

2018-08-08 16:29:07 - [MESSAGE][PASSED] - Object: 'Object Repository/Page_KiboPush  Sign In/a_Login' is clicked on

2018-08-08 16:29:07 - [TEST_STEP][PASSED] - click: Object: 'Object Repository/Page_KiboPush  Sign In/button_Team Account' is clicked on

2018-08-08 16:29:07 - [MESSAGE][PASSED] - Object: 'Object Repository/Page_KiboPush  Sign In/button_Team Account' is clicked on

2018-08-08 16:29:07 - [TEST_STEP][PASSED] - setText: Text 'kibopush.com' is set on object 'Object Repository/Page_KiboPush  Sign In/input_form-control m-input'

2018-08-08 16:29:08 - [MESSAGE][PASSED] - Text 'kibopush.com' is set on object 'Object Repository/Page_KiboPush  Sign In/input_form-control m-input'

2018-08-08 16:29:08 - [TEST_STEP][PASSED] - setText: Text 'bjafri5@gmail.com' is set on object 'Object Repository/Page_KiboPush  Sign In/input_form-control m-input_1'

2018-08-08 16:29:08 - [MESSAGE][PASSED] - Text 'bjafri5@gmail.com' is set on object 'Object Repository/Page_KiboPush  Sign In/input_form-control m-input_1'

2018-08-08 16:29:08 - [TEST_STEP][PASSED] - setEncryptedText: Text ****** has been set on object 'Object Repository/Page_KiboPush  Sign In/input_form-control m-input_2'

2018-08-08 16:29:08 - [MESSAGE][PASSED] - Text ****** has been set on object 'Object Repository/Page_KiboPush  Sign In/input_form-control m-input_2'

2018-08-08 16:29:08 - [TEST_STEP][PASSED] - click: Object: 'Object Repository/Page_KiboPush  Sign In/button_Sign In' is clicked on

2018-08-08 16:29:08 - [MESSAGE][PASSED] - Object: 'Object Repository/Page_KiboPush  Sign In/button_Sign In' is clicked on

2018-08-08 16:29:08 - [MESSAGE][PASSED] - Call Test Case 'Test Cases/Login' successfully

2018-08-08 16:29:08 - [TEST_STEP][PASSED] - click: Object: 'Object Repository/Page_KiboPush  Dashboard/span_Broadcasts' is clicked on

2018-08-08 16:29:11 - [MESSAGE][PASSED] - Object: 'Object Repository/Page_KiboPush  Dashboard/span_Broadcasts' is clicked on

2018-08-08 16:29:11 - [TEST_STEP][PASSED] - selectOptionByValue: All options with value 'audio' are selected in object 'Object Repository/Page_KiboPush  Broadcast/select_Filter by type...textim'  using regular expression

2018-08-08 16:29:12 - [MESSAGE][PASSED] - All options with value 'audio' are selected in object 'Object Repository/Page_KiboPush  Broadcast/select_Filter by type...textim'  using regular expression

2018-08-08 16:29:12 - [TEST_STEP][PASSED] - click: Object: 'Object Repository/Page_KiboPush  Broadcast/span_audio' is clicked on

2018-08-08 16:29:13 - [MESSAGE][PASSED] - Object: 'Object Repository/Page_KiboPush  Broadcast/span_audio' is clicked on]]></system-out>
         <system-err><![CDATA[]]></system-err>
      </testcase>
      <testcase name="Test Cases/TC0115" classname="Test Cases/TC0115" status="PASSED">
         <system-out><![CDATA[2018-08-08 16:29:13 - [TEST_CASE][PASSED] - Test Cases/TC0115: Test Cases/TC0115

2018-08-08 16:29:13 - [TEST_STEP][PASSED] - callTestCase: Call Test Case 'Test Cases/Login' successfully

2018-08-08 16:29:13 - [TEST_CASE][PASSED] - Test Cases/Login: Test Cases/Login

2018-08-08 16:29:13 - [TEST_STEP][PASSED] - openBrowser: Browser is opened with url: ''

2018-08-08 16:29:13 - [MESSAGE][WARNING] - A browser is already opened. Closing browser and opening a new one

2018-08-08 16:29:14 - [MESSAGE][PASSED] - Browser is opened with url: ''

2018-08-08 16:29:14 - [TEST_STEP][PASSED] - navigateToUrl: Navigate to 'https://staging.kibopush.com/' successfully

2018-08-08 16:29:31 - [MESSAGE][PASSED] - Navigate to 'https://staging.kibopush.com/' successfully

2018-08-08 16:29:31 - [TEST_STEP][PASSED] - click: Object: 'Object Repository/Page_KiboPush  Sign In/a_Login' is clicked on

2018-08-08 16:29:31 - [MESSAGE][PASSED] - Object: 'Object Repository/Page_KiboPush  Sign In/a_Login' is clicked on

2018-08-08 16:29:31 - [TEST_STEP][PASSED] - click: Object: 'Object Repository/Page_KiboPush  Sign In/button_Team Account' is clicked on

2018-08-08 16:29:31 - [MESSAGE][PASSED] - Object: 'Object Repository/Page_KiboPush  Sign In/button_Team Account' is clicked on

2018-08-08 16:29:31 - [TEST_STEP][PASSED] - setText: Text 'kibopush.com' is set on object 'Object Repository/Page_KiboPush  Sign In/input_form-control m-input'

2018-08-08 16:29:31 - [MESSAGE][PASSED] - Text 'kibopush.com' is set on object 'Object Repository/Page_KiboPush  Sign In/input_form-control m-input'

2018-08-08 16:29:31 - [TEST_STEP][PASSED] - setText: Text 'bjafri5@gmail.com' is set on object 'Object Repository/Page_KiboPush  Sign In/input_form-control m-input_1'

2018-08-08 16:29:32 - [MESSAGE][PASSED] - Text 'bjafri5@gmail.com' is set on object 'Object Repository/Page_KiboPush  Sign In/input_form-control m-input_1'

2018-08-08 16:29:32 - [TEST_STEP][PASSED] - setEncryptedText: Text ****** has been set on object 'Object Repository/Page_KiboPush  Sign In/input_form-control m-input_2'

2018-08-08 16:29:32 - [MESSAGE][PASSED] - Text ****** has been set on object 'Object Repository/Page_KiboPush  Sign In/input_form-control m-input_2'

2018-08-08 16:29:32 - [TEST_STEP][PASSED] - click: Object: 'Object Repository/Page_KiboPush  Sign In/button_Sign In' is clicked on

2018-08-08 16:29:32 - [MESSAGE][PASSED] - Object: 'Object Repository/Page_KiboPush  Sign In/button_Sign In' is clicked on

2018-08-08 16:29:32 - [MESSAGE][PASSED] - Call Test Case 'Test Cases/Login' successfully

2018-08-08 16:29:32 - [TEST_STEP][PASSED] - click: Object: 'Object Repository/Page_KiboPush  Dashboard/span_Broadcasts' is clicked on

2018-08-08 16:29:35 - [MESSAGE][PASSED] - Object: 'Object Repository/Page_KiboPush  Dashboard/span_Broadcasts' is clicked on

2018-08-08 16:29:35 - [TEST_STEP][PASSED] - selectOptionByValue: All options with value 'video' are selected in object 'Object Repository/Page_KiboPush  Broadcast/select_Filter by type...textim (1)'  using regular expression

2018-08-08 16:29:35 - [MESSAGE][PASSED] - All options with value 'video' are selected in object 'Object Repository/Page_KiboPush  Broadcast/select_Filter by type...textim (1)'  using regular expression

2018-08-08 16:29:35 - [TEST_STEP][PASSED] - click: Object: 'Object Repository/Page_KiboPush  Broadcast/span_video' is clicked on

2018-08-08 16:29:36 - [MESSAGE][PASSED] - Object: 'Object Repository/Page_KiboPush  Broadcast/span_video' is clicked on]]></system-out>
         <system-err><![CDATA[]]></system-err>
      </testcase>
      <testcase name="Test Cases/TC0119" classname="Test Cases/TC0119" status="PASSED">
         <system-out><![CDATA[2018-08-08 16:29:36 - [TEST_CASE][PASSED] - Test Cases/TC0119: Test Cases/TC0119

2018-08-08 16:29:36 - [TEST_STEP][PASSED] - openBrowser: Browser is opened with url: ''

2018-08-08 16:29:36 - [MESSAGE][WARNING] - A browser is already opened. Closing browser and opening a new one

2018-08-08 16:29:37 - [MESSAGE][PASSED] - Browser is opened with url: ''

2018-08-08 16:29:37 - [TEST_STEP][PASSED] - navigateToUrl: Navigate to 'https://staging.kibopush.com/' successfully

2018-08-08 16:29:52 - [MESSAGE][PASSED] - Navigate to 'https://staging.kibopush.com/' successfully

2018-08-08 16:29:52 - [TEST_STEP][PASSED] - click: Object: 'Object Repository/Page_KiboPush  Sign In/a_Login' is clicked on

2018-08-08 16:29:52 - [MESSAGE][PASSED] - Object: 'Object Repository/Page_KiboPush  Sign In/a_Login' is clicked on

2018-08-08 16:29:52 - [TEST_STEP][PASSED] - click: Object: 'Object Repository/Page_KiboPush  Sign In/button_Team Account' is clicked on

2018-08-08 16:29:53 - [MESSAGE][PASSED] - Object: 'Object Repository/Page_KiboPush  Sign In/button_Team Account' is clicked on

2018-08-08 16:29:53 - [TEST_STEP][PASSED] - setText: Text 'kibopush.com' is set on object 'Object Repository/Page_KiboPush  Sign In/input_form-control m-input'

2018-08-08 16:29:53 - [MESSAGE][PASSED] - Text 'kibopush.com' is set on object 'Object Repository/Page_KiboPush  Sign In/input_form-control m-input'

2018-08-08 16:29:53 - [TEST_STEP][PASSED] - setText: Text 'bjafri5@gmail.com' is set on object 'Object Repository/Page_KiboPush  Sign In/input_form-control m-input_1'

2018-08-08 16:29:53 - [MESSAGE][PASSED] - Text 'bjafri5@gmail.com' is set on object 'Object Repository/Page_KiboPush  Sign In/input_form-control m-input_1'

2018-08-08 16:29:53 - [TEST_STEP][PASSED] - setEncryptedText: Text ****** has been set on object 'Object Repository/Page_KiboPush  Sign In/input_form-control m-input_2'

2018-08-08 16:29:53 - [MESSAGE][PASSED] - Text ****** has been set on object 'Object Repository/Page_KiboPush  Sign In/input_form-control m-input_2'

2018-08-08 16:29:53 - [TEST_STEP][PASSED] - click: Object: 'Object Repository/Page_KiboPush  Sign In/button_Sign In' is clicked on

2018-08-08 16:29:53 - [MESSAGE][PASSED] - Object: 'Object Repository/Page_KiboPush  Sign In/button_Sign In' is clicked on

2018-08-08 16:29:53 - [TEST_STEP][PASSED] - click: Object: 'Object Repository/Page_KiboPush  Dashboard/span_Broadcasts' is clicked on

2018-08-08 16:29:56 - [MESSAGE][PASSED] - Object: 'Object Repository/Page_KiboPush  Dashboard/span_Broadcasts' is clicked on

2018-08-08 16:29:56 - [TEST_STEP][PASSED] - selectOptionByValue: All options with value 'miscellaneous' are selected in object 'Object Repository/Page_KiboPush  Broadcast/select_Filter by type...textim'  using regular expression

2018-08-08 16:29:57 - [MESSAGE][PASSED] - All options with value 'miscellaneous' are selected in object 'Object Repository/Page_KiboPush  Broadcast/select_Filter by type...textim'  using regular expression

2018-08-08 16:29:57 - [TEST_STEP][PASSED] - click: Object: 'Object Repository/Page_KiboPush  Broadcast/span_Miscellaneous' is clicked on

2018-08-08 16:29:57 - [MESSAGE][PASSED] - Object: 'Object Repository/Page_KiboPush  Broadcast/span_Miscellaneous' is clicked on]]></system-out>
         <system-err><![CDATA[]]></system-err>
      </testcase>
      <testcase name="Test Cases/TC0120" classname="Test Cases/TC0120" status="PASSED">
         <system-out><![CDATA[2018-08-08 16:29:57 - [TEST_CASE][PASSED] - Test Cases/TC0120: Test Cases/TC0120

2018-08-08 16:29:57 - [TEST_STEP][PASSED] - openBrowser: Browser is opened with url: ''

2018-08-08 16:29:57 - [MESSAGE][WARNING] - A browser is already opened. Closing browser and opening a new one

2018-08-08 16:29:59 - [MESSAGE][PASSED] - Browser is opened with url: ''

2018-08-08 16:29:59 - [TEST_STEP][PASSED] - navigateToUrl: Navigate to 'https://staging.kibopush.com/' successfully

2018-08-08 16:30:11 - [MESSAGE][PASSED] - Navigate to 'https://staging.kibopush.com/' successfully

2018-08-08 16:30:11 - [TEST_STEP][PASSED] - click: Object: 'Object Repository/Page_KiboPush  Sign In/a_Login' is clicked on

2018-08-08 16:30:12 - [MESSAGE][PASSED] - Object: 'Object Repository/Page_KiboPush  Sign In/a_Login' is clicked on

2018-08-08 16:30:12 - [TEST_STEP][PASSED] - click: Object: 'Object Repository/Page_KiboPush  Sign In/button_Team Account' is clicked on

2018-08-08 16:30:12 - [MESSAGE][PASSED] - Object: 'Object Repository/Page_KiboPush  Sign In/button_Team Account' is clicked on

2018-08-08 16:30:12 - [TEST_STEP][PASSED] - setText: Text 'kibopush.com' is set on object 'Object Repository/Page_KiboPush  Sign In/input_form-control m-input'

2018-08-08 16:30:12 - [MESSAGE][PASSED] - Text 'kibopush.com' is set on object 'Object Repository/Page_KiboPush  Sign In/input_form-control m-input'

2018-08-08 16:30:12 - [TEST_STEP][PASSED] - setText: Text 'bjafri5@gmail.com' is set on object 'Object Repository/Page_KiboPush  Sign In/input_form-control m-input_1'

2018-08-08 16:30:12 - [MESSAGE][PASSED] - Text 'bjafri5@gmail.com' is set on object 'Object Repository/Page_KiboPush  Sign In/input_form-control m-input_1'

2018-08-08 16:30:12 - [TEST_STEP][PASSED] - setEncryptedText: Text ****** has been set on object 'Object Repository/Page_KiboPush  Sign In/input_form-control m-input_2'

2018-08-08 16:30:12 - [MESSAGE][PASSED] - Text ****** has been set on object 'Object Repository/Page_KiboPush  Sign In/input_form-control m-input_2'

2018-08-08 16:30:12 - [TEST_STEP][PASSED] - click: Object: 'Object Repository/Page_KiboPush  Sign In/button_Sign In' is clicked on

2018-08-08 16:30:13 - [MESSAGE][PASSED] - Object: 'Object Repository/Page_KiboPush  Sign In/button_Sign In' is clicked on

2018-08-08 16:30:13 - [TEST_STEP][PASSED] - click: Object: 'Object Repository/Page_KiboPush  Dashboard/span_Broadcasts' is clicked on

2018-08-08 16:30:15 - [MESSAGE][PASSED] - Object: 'Object Repository/Page_KiboPush  Dashboard/span_Broadcasts' is clicked on

2018-08-08 16:30:15 - [TEST_STEP][PASSED] - selectOptionByValue: All options with value 'all' are selected in object 'Object Repository/Page_KiboPush  Broadcast/select_Filter by type...textim'  using regular expression

2018-08-08 16:30:16 - [MESSAGE][PASSED] - All options with value 'all' are selected in object 'Object Repository/Page_KiboPush  Broadcast/select_Filter by type...textim'  using regular expression

2018-08-08 16:30:16 - [TEST_STEP][PASSED] - closeBrowser: Browser is closed

2018-08-08 16:30:16 - [MESSAGE][PASSED] - Browser is closed]]></system-out>
         <system-err><![CDATA[]]></system-err>
      </testcase>
      <testcase name="Test Cases/TC0121" classname="Test Cases/TC0121" status="PASSED">
         <system-out><![CDATA[2018-08-08 16:30:16 - [TEST_CASE][PASSED] - Test Cases/TC0121: Test Cases/TC0121

2018-08-08 16:30:16 - [TEST_STEP][PASSED] - openBrowser: Browser is opened with url: ''

2018-08-08 16:30:17 - [MESSAGE][PASSED] - Browser is opened with url: ''

2018-08-08 16:30:17 - [TEST_STEP][PASSED] - navigateToUrl: Navigate to 'https://staging.kibopush.com/' successfully

2018-08-08 16:30:41 - [MESSAGE][PASSED] - Navigate to 'https://staging.kibopush.com/' successfully

2018-08-08 16:30:41 - [TEST_STEP][PASSED] - click: Object: 'Object Repository/Page_KiboPush  Sign In/a_Login' is clicked on

2018-08-08 16:30:41 - [MESSAGE][PASSED] - Object: 'Object Repository/Page_KiboPush  Sign In/a_Login' is clicked on

2018-08-08 16:30:41 - [TEST_STEP][PASSED] - click: Object: 'Object Repository/Page_KiboPush  Sign In/button_Team Account' is clicked on

2018-08-08 16:30:41 - [MESSAGE][PASSED] - Object: 'Object Repository/Page_KiboPush  Sign In/button_Team Account' is clicked on

2018-08-08 16:30:41 - [TEST_STEP][PASSED] - setText: Text 'kibopush.com' is set on object 'Object Repository/Page_KiboPush  Sign In/input_form-control m-input'

2018-08-08 16:30:41 - [MESSAGE][PASSED] - Text 'kibopush.com' is set on object 'Object Repository/Page_KiboPush  Sign In/input_form-control m-input'

2018-08-08 16:30:41 - [TEST_STEP][PASSED] - setText: Text 'bjafri5@gmail.com' is set on object 'Object Repository/Page_KiboPush  Sign In/input_form-control m-input_1'

2018-08-08 16:30:42 - [MESSAGE][PASSED] - Text 'bjafri5@gmail.com' is set on object 'Object Repository/Page_KiboPush  Sign In/input_form-control m-input_1'

2018-08-08 16:30:42 - [TEST_STEP][PASSED] - setEncryptedText: Text ****** has been set on object 'Object Repository/Page_KiboPush  Sign In/input_form-control m-input_2'

2018-08-08 16:30:42 - [MESSAGE][PASSED] - Text ****** has been set on object 'Object Repository/Page_KiboPush  Sign In/input_form-control m-input_2'

2018-08-08 16:30:42 - [TEST_STEP][PASSED] - click: Object: 'Object Repository/Page_KiboPush  Sign In/button_Sign In' is clicked on

2018-08-08 16:30:42 - [MESSAGE][PASSED] - Object: 'Object Repository/Page_KiboPush  Sign In/button_Sign In' is clicked on

2018-08-08 16:30:42 - [TEST_STEP][PASSED] - click: Object: 'Object Repository/Page_KiboPush  Dashboard/span_Broadcasts' is clicked on

2018-08-08 16:30:45 - [MESSAGE][PASSED] - Object: 'Object Repository/Page_KiboPush  Dashboard/span_Broadcasts' is clicked on

2018-08-08 16:30:45 - [TEST_STEP][PASSED] - selectOptionByValue: All options with value 'video' are selected in object 'Object Repository/Page_KiboPush  Broadcast/select_Filter by type...textim (3)'  using regular expression

2018-08-08 16:30:45 - [MESSAGE][PASSED] - All options with value 'video' are selected in object 'Object Repository/Page_KiboPush  Broadcast/select_Filter by type...textim (3)'  using regular expression

2018-08-08 16:30:45 - [TEST_STEP][PASSED] - click: Object: 'Object Repository/Page_KiboPush  Broadcast/span_video (1)' is clicked on

2018-08-08 16:30:46 - [MESSAGE][PASSED] - Object: 'Object Repository/Page_KiboPush  Broadcast/span_video (1)' is clicked on

2018-08-08 16:30:46 - [TEST_STEP][PASSED] - setText: Text 'SampleVideo' is set on object 'Object Repository/Page_KiboPush  Broadcast/input_form-control (1)'

2018-08-08 16:30:46 - [MESSAGE][PASSED] - Text 'SampleVideo' is set on object 'Object Repository/Page_KiboPush  Broadcast/input_form-control (1)'

2018-08-08 16:30:46 - [TEST_STEP][PASSED] - click: Object: 'Object Repository/Page_KiboPush  Broadcast/span_SampleVideo' is clicked on

2018-08-08 16:30:46 - [MESSAGE][PASSED] - Object: 'Object Repository/Page_KiboPush  Broadcast/span_SampleVideo' is clicked on

2018-08-08 16:30:46 - [TEST_STEP][PASSED] - closeBrowser: Browser is closed

2018-08-08 16:30:46 - [MESSAGE][PASSED] - Browser is closed]]></system-out>
         <system-err><![CDATA[]]></system-err>
      </testcase>
      <testcase name="Test Cases/TC0122" classname="Test Cases/TC0122" status="FAILED">
         <failure type="FAILED" message="Unable to click on object 'Object Repository/Page_KiboPush  Broadcast/div_Filter by type...textimage' (Root cause: com.kms.katalon.core.webui.exception.WebElementNotFoundException: Web element with id: 'Object Repository/Page_KiboPush  Broadcast/div_Filter by type...textimage' located by 'By.xpath: //div[(text() = 'Filter by type...textimagecardgalleryaudiovideofilelistmediamiscellaneousallShow records for last:    daysTitleTypeCreated AtSentSeenClicksBroadcast TitletextWed Aug 08 2018 11:10 AM100SampleVideovideoMon Aug 06 2018 9:45 AM110Broadcast TitlegalleryFri Aug 03 2018 8:06 AM110TitleYtextThu Aug 02 2018 1:12 PM110TitleXtextThu Aug 02 2018 9:42 AM110Broadcast TitletextWed Aug 01 2018 10:59 AM110Broadcast TitletextWed Aug 01 2018 10:59 AM110Broadcast TitletextWed Aug 01 2018 10:58 AM110Broadcast TitlemediaMon Jul 30 2018 2:07 PM110Broadcast TitlecardThu Jul 19 2018 8:25 AM110previous1234next' or . = 'Filter by type...textimagecardgalleryaudiovideofilelistmediamiscellaneousallShow records for last:    daysTitleTypeCreated AtSentSeenClicksBroadcast TitletextWed Aug 08 2018 11:10 AM100SampleVideovideoMon Aug 06 2018 9:45 AM110Broadcast TitlegalleryFri Aug 03 2018 8:06 AM110TitleYtextThu Aug 02 2018 1:12 PM110TitleXtextThu Aug 02 2018 9:42 AM110Broadcast TitletextWed Aug 01 2018 10:59 AM110Broadcast TitletextWed Aug 01 2018 10:59 AM110Broadcast TitletextWed Aug 01 2018 10:58 AM110Broadcast TitlemediaMon Jul 30 2018 2:07 PM110Broadcast TitlecardThu Jul 19 2018 8:25 AM110previous1234next')]' not found)"/>
         <system-out><![CDATA[2018-08-08 16:30:46 - [TEST_CASE][FAILED] - Test Cases/TC0122: Test Cases/TC0122 FAILED because (of) Unable to click on object 'Object Repository/Page_KiboPush  Broadcast/div_Filter by type...textimage' (Root cause: com.kms.katalon.core.webui.exception.WebElementNotFoundException: Web element with id: 'Object Repository/Page_KiboPush  Broadcast/div_Filter by type...textimage' located by 'By.xpath: //div[(text() = 'Filter by type...textimagecardgalleryaudiovideofilelistmediamiscellaneousallShow records for last:    daysTitleTypeCreated AtSentSeenClicksBroadcast TitletextWed Aug 08 2018 11:10 AM100SampleVideovideoMon Aug 06 2018 9:45 AM110Broadcast TitlegalleryFri Aug 03 2018 8:06 AM110TitleYtextThu Aug 02 2018 1:12 PM110TitleXtextThu Aug 02 2018 9:42 AM110Broadcast TitletextWed Aug 01 2018 10:59 AM110Broadcast TitletextWed Aug 01 2018 10:59 AM110Broadcast TitletextWed Aug 01 2018 10:58 AM110Broadcast TitlemediaMon Jul 30 2018 2:07 PM110Broadcast TitlecardThu Jul 19 2018 8:25 AM110previous1234next' or . = 'Filter by type...textimagecardgalleryaudiovideofilelistmediamiscellaneousallShow records for last:    daysTitleTypeCreated AtSentSeenClicksBroadcast TitletextWed Aug 08 2018 11:10 AM100SampleVideovideoMon Aug 06 2018 9:45 AM110Broadcast TitlegalleryFri Aug 03 2018 8:06 AM110TitleYtextThu Aug 02 2018 1:12 PM110TitleXtextThu Aug 02 2018 9:42 AM110Broadcast TitletextWed Aug 01 2018 10:59 AM110Broadcast TitletextWed Aug 01 2018 10:59 AM110Broadcast TitletextWed Aug 01 2018 10:58 AM110Broadcast TitlemediaMon Jul 30 2018 2:07 PM110Broadcast TitlecardThu Jul 19 2018 8:25 AM110previous1234next')]' not found)

2018-08-08 16:30:47 - [TEST_STEP][PASSED] - openBrowser: Browser is opened with url: ''

2018-08-08 16:30:47 - [MESSAGE][PASSED] - Browser is opened with url: ''

2018-08-08 16:30:47 - [TEST_STEP][PASSED] - navigateToUrl: Navigate to 'https://staging.kibopush.com/' successfully

2018-08-08 16:30:57 - [MESSAGE][PASSED] - Navigate to 'https://staging.kibopush.com/' successfully

2018-08-08 16:30:57 - [TEST_STEP][PASSED] - click: Object: 'Object Repository/Page_KiboPush  Sign In/a_Login' is clicked on

2018-08-08 16:30:57 - [MESSAGE][PASSED] - Object: 'Object Repository/Page_KiboPush  Sign In/a_Login' is clicked on

2018-08-08 16:30:57 - [TEST_STEP][PASSED] - click: Object: 'Object Repository/Page_KiboPush  Sign In/button_Team Account' is clicked on

2018-08-08 16:30:57 - [MESSAGE][PASSED] - Object: 'Object Repository/Page_KiboPush  Sign In/button_Team Account' is clicked on

2018-08-08 16:30:57 - [TEST_STEP][PASSED] - setText: Text 'kibopush.com' is set on object 'Object Repository/Page_KiboPush  Sign In/input_form-control m-input'

2018-08-08 16:30:57 - [MESSAGE][PASSED] - Text 'kibopush.com' is set on object 'Object Repository/Page_KiboPush  Sign In/input_form-control m-input'

2018-08-08 16:30:57 - [TEST_STEP][PASSED] - setText: Text 'bjafri5@gmail.com' is set on object 'Object Repository/Page_KiboPush  Sign In/input_form-control m-input_1'

2018-08-08 16:30:57 - [MESSAGE][PASSED] - Text 'bjafri5@gmail.com' is set on object 'Object Repository/Page_KiboPush  Sign In/input_form-control m-input_1'

2018-08-08 16:30:57 - [TEST_STEP][PASSED] - setEncryptedText: Text ****** has been set on object 'Object Repository/Page_KiboPush  Sign In/input_form-control m-input_2'

2018-08-08 16:30:58 - [MESSAGE][PASSED] - Text ****** has been set on object 'Object Repository/Page_KiboPush  Sign In/input_form-control m-input_2'

2018-08-08 16:30:58 - [TEST_STEP][PASSED] - click: Object: 'Object Repository/Page_KiboPush  Sign In/button_Sign In' is clicked on

2018-08-08 16:30:58 - [MESSAGE][PASSED] - Object: 'Object Repository/Page_KiboPush  Sign In/button_Sign In' is clicked on

2018-08-08 16:30:58 - [TEST_STEP][PASSED] - click: Object: 'Object Repository/Page_KiboPush  Dashboard/span_Broadcasts' is clicked on

2018-08-08 16:31:01 - [MESSAGE][PASSED] - Object: 'Object Repository/Page_KiboPush  Dashboard/span_Broadcasts' is clicked on

2018-08-08 16:31:01 - [TEST_STEP][PASSED] - delay: Delayed 1 second(s)

2018-08-08 16:31:02 - [MESSAGE][PASSED] - Delayed 1 second(s)

2018-08-08 16:31:02 - [TEST_STEP][FAILED] - click: Unable to click on object 'Object Repository/Page_KiboPush  Broadcast/div_Filter by type...textimage' (Root cause: com.kms.katalon.core.webui.exception.WebElementNotFoundException: Web element with id: 'Object Repository/Page_KiboPush  Broadcast/div_Filter by type...textimage' located by 'By.xpath: //div[(text() = 'Filter by type...textimagecardgalleryaudiovideofilelistmediamiscellaneousallShow records for last:    daysTitleTypeCreated AtSentSeenClicksBroadcast TitletextWed Aug 08 2018 11:10 AM100SampleVideovideoMon Aug 06 2018 9:45 AM110Broadcast TitlegalleryFri Aug 03 2018 8:06 AM110TitleYtextThu Aug 02 2018 1:12 PM110TitleXtextThu Aug 02 2018 9:42 AM110Broadcast TitletextWed Aug 01 2018 10:59 AM110Broadcast TitletextWed Aug 01 2018 10:59 AM110Broadcast TitletextWed Aug 01 2018 10:58 AM110Broadcast TitlemediaMon Jul 30 2018 2:07 PM110Broadcast TitlecardThu Jul 19 2018 8:25 AM110previous1234next' or . = 'Filter by type...textimagecardgalleryaudiovideofilelistmediamiscellaneousallShow records for last:    daysTitleTypeCreated AtSentSeenClicksBroadcast TitletextWed Aug 08 2018 11:10 AM100SampleVideovideoMon Aug 06 2018 9:45 AM110Broadcast TitlegalleryFri Aug 03 2018 8:06 AM110TitleYtextThu Aug 02 2018 1:12 PM110TitleXtextThu Aug 02 2018 9:42 AM110Broadcast TitletextWed Aug 01 2018 10:59 AM110Broadcast TitletextWed Aug 01 2018 10:59 AM110Broadcast TitletextWed Aug 01 2018 10:58 AM110Broadcast TitlemediaMon Jul 30 2018 2:07 PM110Broadcast TitlecardThu Jul 19 2018 8:25 AM110previous1234next')]' not found)

2018-08-08 16:31:34 - [MESSAGE][FAILED] - Unable to click on object 'Object Repository/Page_KiboPush  Broadcast/div_Filter by type...textimage' (Root cause: com.kms.katalon.core.webui.exception.WebElementNotFoundException: Web element with id: 'Object Repository/Page_KiboPush  Broadcast/div_Filter by type...textimage' located by 'By.xpath: //div[(text() = 'Filter by type...textimagecardgalleryaudiovideofilelistmediamiscellaneousallShow records for last:    daysTitleTypeCreated AtSentSeenClicksBroadcast TitletextWed Aug 08 2018 11:10 AM100SampleVideovideoMon Aug 06 2018 9:45 AM110Broadcast TitlegalleryFri Aug 03 2018 8:06 AM110TitleYtextThu Aug 02 2018 1:12 PM110TitleXtextThu Aug 02 2018 9:42 AM110Broadcast TitletextWed Aug 01 2018 10:59 AM110Broadcast TitletextWed Aug 01 2018 10:59 AM110Broadcast TitletextWed Aug 01 2018 10:58 AM110Broadcast TitlemediaMon Jul 30 2018 2:07 PM110Broadcast TitlecardThu Jul 19 2018 8:25 AM110previous1234next' or . = 'Filter by type...textimagecardgalleryaudiovideofilelistmediamiscellaneousallShow records for last:    daysTitleTypeCreated AtSentSeenClicksBroadcast TitletextWed Aug 08 2018 11:10 AM100SampleVideovideoMon Aug 06 2018 9:45 AM110Broadcast TitlegalleryFri Aug 03 2018 8:06 AM110TitleYtextThu Aug 02 2018 1:12 PM110TitleXtextThu Aug 02 2018 9:42 AM110Broadcast TitletextWed Aug 01 2018 10:59 AM110Broadcast TitletextWed Aug 01 2018 10:59 AM110Broadcast TitletextWed Aug 01 2018 10:58 AM110Broadcast TitlemediaMon Jul 30 2018 2:07 PM110Broadcast TitlecardThu Jul 19 2018 8:25 AM110previous1234next')]' not found)
[[ATTACHMENT|/Users/baqarjafri/Katalon Studio/KiboPush/Reports/KiboPush Broadcasts/20180808_162527/1533727894229.png]]]]></system-out>
         <system-err><![CDATA[2018-08-08 16:30:46 - [TEST_CASE][FAILED] - Test Cases/TC0122: Test Cases/TC0122 FAILED because (of) Unable to click on object 'Object Repository/Page_KiboPush  Broadcast/div_Filter by type...textimage' (Root cause: com.kms.katalon.core.webui.exception.WebElementNotFoundException: Web element with id: 'Object Repository/Page_KiboPush  Broadcast/div_Filter by type...textimage' located by 'By.xpath: //div[(text() = 'Filter by type...textimagecardgalleryaudiovideofilelistmediamiscellaneousallShow records for last:    daysTitleTypeCreated AtSentSeenClicksBroadcast TitletextWed Aug 08 2018 11:10 AM100SampleVideovideoMon Aug 06 2018 9:45 AM110Broadcast TitlegalleryFri Aug 03 2018 8:06 AM110TitleYtextThu Aug 02 2018 1:12 PM110TitleXtextThu Aug 02 2018 9:42 AM110Broadcast TitletextWed Aug 01 2018 10:59 AM110Broadcast TitletextWed Aug 01 2018 10:59 AM110Broadcast TitletextWed Aug 01 2018 10:58 AM110Broadcast TitlemediaMon Jul 30 2018 2:07 PM110Broadcast TitlecardThu Jul 19 2018 8:25 AM110previous1234next' or . = 'Filter by type...textimagecardgalleryaudiovideofilelistmediamiscellaneousallShow records for last:    daysTitleTypeCreated AtSentSeenClicksBroadcast TitletextWed Aug 08 2018 11:10 AM100SampleVideovideoMon Aug 06 2018 9:45 AM110Broadcast TitlegalleryFri Aug 03 2018 8:06 AM110TitleYtextThu Aug 02 2018 1:12 PM110TitleXtextThu Aug 02 2018 9:42 AM110Broadcast TitletextWed Aug 01 2018 10:59 AM110Broadcast TitletextWed Aug 01 2018 10:59 AM110Broadcast TitletextWed Aug 01 2018 10:58 AM110Broadcast TitlemediaMon Jul 30 2018 2:07 PM110Broadcast TitlecardThu Jul 19 2018 8:25 AM110previous1234next')]' not found)]]></system-err>
      </testcase>
      <testcase name="Test Cases/TC0123" classname="Test Cases/TC0123" status="FAILED">
         <failure type="FAILED" message="Unable to click on object 'Object Repository/Page_KiboPush  Broadcast/div_Filter by type...textimage (3)' (Root cause: com.kms.katalon.core.webui.exception.WebElementNotFoundException: Web element with id: 'Object Repository/Page_KiboPush  Broadcast/div_Filter by type...textimage (3)' located by 'By.xpath: //div[(text() = 'Filter by type...textimagecardgalleryaudiovideofilelistmediamiscellaneousallShow records for last:    daysTitleTypeCreated AtSentSeenClicksSampleVideovideoMon Aug 06 2018 9:45 AM110Broadcast TitlegalleryFri Aug 03 2018 8:06 AM110TitleYtextThu Aug 02 2018 1:12 PM110TitleXtextThu Aug 02 2018 9:42 AM110Broadcast TitletextWed Aug 01 2018 10:59 AM110Broadcast TitletextWed Aug 01 2018 10:59 AM110Broadcast TitletextWed Aug 01 2018 10:58 AM110Broadcast TitlemediaMon Jul 30 2018 2:07 PM110Broadcast TitlecardThu Jul 19 2018 8:25 AM110Broadcast TitlecardThu Jul 19 2018 8:21 AM110previous1234next' or . = 'Filter by type...textimagecardgalleryaudiovideofilelistmediamiscellaneousallShow records for last:    daysTitleTypeCreated AtSentSeenClicksSampleVideovideoMon Aug 06 2018 9:45 AM110Broadcast TitlegalleryFri Aug 03 2018 8:06 AM110TitleYtextThu Aug 02 2018 1:12 PM110TitleXtextThu Aug 02 2018 9:42 AM110Broadcast TitletextWed Aug 01 2018 10:59 AM110Broadcast TitletextWed Aug 01 2018 10:59 AM110Broadcast TitletextWed Aug 01 2018 10:58 AM110Broadcast TitlemediaMon Jul 30 2018 2:07 PM110Broadcast TitlecardThu Jul 19 2018 8:25 AM110Broadcast TitlecardThu Jul 19 2018 8:21 AM110previous1234next')]' not found)"/>
         <system-out><![CDATA[2018-08-08 16:31:34 - [TEST_CASE][FAILED] - Test Cases/TC0123: Test Cases/TC0123 FAILED because (of) Unable to click on object 'Object Repository/Page_KiboPush  Broadcast/div_Filter by type...textimage (3)' (Root cause: com.kms.katalon.core.webui.exception.WebElementNotFoundException: Web element with id: 'Object Repository/Page_KiboPush  Broadcast/div_Filter by type...textimage (3)' located by 'By.xpath: //div[(text() = 'Filter by type...textimagecardgalleryaudiovideofilelistmediamiscellaneousallShow records for last:    daysTitleTypeCreated AtSentSeenClicksSampleVideovideoMon Aug 06 2018 9:45 AM110Broadcast TitlegalleryFri Aug 03 2018 8:06 AM110TitleYtextThu Aug 02 2018 1:12 PM110TitleXtextThu Aug 02 2018 9:42 AM110Broadcast TitletextWed Aug 01 2018 10:59 AM110Broadcast TitletextWed Aug 01 2018 10:59 AM110Broadcast TitletextWed Aug 01 2018 10:58 AM110Broadcast TitlemediaMon Jul 30 2018 2:07 PM110Broadcast TitlecardThu Jul 19 2018 8:25 AM110Broadcast TitlecardThu Jul 19 2018 8:21 AM110previous1234next' or . = 'Filter by type...textimagecardgalleryaudiovideofilelistmediamiscellaneousallShow records for last:    daysTitleTypeCreated AtSentSeenClicksSampleVideovideoMon Aug 06 2018 9:45 AM110Broadcast TitlegalleryFri Aug 03 2018 8:06 AM110TitleYtextThu Aug 02 2018 1:12 PM110TitleXtextThu Aug 02 2018 9:42 AM110Broadcast TitletextWed Aug 01 2018 10:59 AM110Broadcast TitletextWed Aug 01 2018 10:59 AM110Broadcast TitletextWed Aug 01 2018 10:58 AM110Broadcast TitlemediaMon Jul 30 2018 2:07 PM110Broadcast TitlecardThu Jul 19 2018 8:25 AM110Broadcast TitlecardThu Jul 19 2018 8:21 AM110previous1234next')]' not found)

2018-08-08 16:31:35 - [TEST_STEP][PASSED] - openBrowser: Browser is opened with url: ''

2018-08-08 16:31:35 - [MESSAGE][WARNING] - A browser is already opened. Closing browser and opening a new one

2018-08-08 16:31:37 - [MESSAGE][PASSED] - Browser is opened with url: ''

2018-08-08 16:31:37 - [TEST_STEP][PASSED] - navigateToUrl: Navigate to 'https://staging.kibopush.com/' successfully

2018-08-08 16:31:47 - [MESSAGE][PASSED] - Navigate to 'https://staging.kibopush.com/' successfully

2018-08-08 16:31:47 - [TEST_STEP][PASSED] - click: Object: 'Object Repository/Page_KiboPush  Sign In/a_Login' is clicked on

2018-08-08 16:31:48 - [MESSAGE][PASSED] - Object: 'Object Repository/Page_KiboPush  Sign In/a_Login' is clicked on

2018-08-08 16:31:48 - [TEST_STEP][PASSED] - click: Object: 'Object Repository/Page_KiboPush  Sign In/button_Team Account' is clicked on

2018-08-08 16:31:48 - [MESSAGE][PASSED] - Object: 'Object Repository/Page_KiboPush  Sign In/button_Team Account' is clicked on

2018-08-08 16:31:48 - [TEST_STEP][PASSED] - setText: Text 'kibopush.com' is set on object 'Object Repository/Page_KiboPush  Sign In/input_form-control m-input'

2018-08-08 16:31:48 - [MESSAGE][PASSED] - Text 'kibopush.com' is set on object 'Object Repository/Page_KiboPush  Sign In/input_form-control m-input'

2018-08-08 16:31:48 - [TEST_STEP][PASSED] - setText: Text 'bjafri5@gmail.com' is set on object 'Object Repository/Page_KiboPush  Sign In/input_form-control m-input_1'

2018-08-08 16:31:48 - [MESSAGE][PASSED] - Text 'bjafri5@gmail.com' is set on object 'Object Repository/Page_KiboPush  Sign In/input_form-control m-input_1'

2018-08-08 16:31:48 - [TEST_STEP][PASSED] - setEncryptedText: Text ****** has been set on object 'Object Repository/Page_KiboPush  Sign In/input_form-control m-input_2'

2018-08-08 16:31:48 - [MESSAGE][PASSED] - Text ****** has been set on object 'Object Repository/Page_KiboPush  Sign In/input_form-control m-input_2'

2018-08-08 16:31:48 - [TEST_STEP][PASSED] - click: Object: 'Object Repository/Page_KiboPush  Sign In/button_Sign In' is clicked on

2018-08-08 16:31:49 - [MESSAGE][PASSED] - Object: 'Object Repository/Page_KiboPush  Sign In/button_Sign In' is clicked on

2018-08-08 16:31:49 - [TEST_STEP][PASSED] - click: Object: 'Object Repository/Page_KiboPush  Dashboard/span_Broadcasts' is clicked on

2018-08-08 16:31:51 - [MESSAGE][PASSED] - Object: 'Object Repository/Page_KiboPush  Dashboard/span_Broadcasts' is clicked on

2018-08-08 16:31:51 - [TEST_STEP][PASSED] - delay: Delayed 1 second(s)

2018-08-08 16:31:52 - [MESSAGE][PASSED] - Delayed 1 second(s)

2018-08-08 16:31:52 - [TEST_STEP][FAILED] - click: Unable to click on object 'Object Repository/Page_KiboPush  Broadcast/div_Filter by type...textimage (3)' (Root cause: com.kms.katalon.core.webui.exception.WebElementNotFoundException: Web element with id: 'Object Repository/Page_KiboPush  Broadcast/div_Filter by type...textimage (3)' located by 'By.xpath: //div[(text() = 'Filter by type...textimagecardgalleryaudiovideofilelistmediamiscellaneousallShow records for last:    daysTitleTypeCreated AtSentSeenClicksSampleVideovideoMon Aug 06 2018 9:45 AM110Broadcast TitlegalleryFri Aug 03 2018 8:06 AM110TitleYtextThu Aug 02 2018 1:12 PM110TitleXtextThu Aug 02 2018 9:42 AM110Broadcast TitletextWed Aug 01 2018 10:59 AM110Broadcast TitletextWed Aug 01 2018 10:59 AM110Broadcast TitletextWed Aug 01 2018 10:58 AM110Broadcast TitlemediaMon Jul 30 2018 2:07 PM110Broadcast TitlecardThu Jul 19 2018 8:25 AM110Broadcast TitlecardThu Jul 19 2018 8:21 AM110previous1234next' or . = 'Filter by type...textimagecardgalleryaudiovideofilelistmediamiscellaneousallShow records for last:    daysTitleTypeCreated AtSentSeenClicksSampleVideovideoMon Aug 06 2018 9:45 AM110Broadcast TitlegalleryFri Aug 03 2018 8:06 AM110TitleYtextThu Aug 02 2018 1:12 PM110TitleXtextThu Aug 02 2018 9:42 AM110Broadcast TitletextWed Aug 01 2018 10:59 AM110Broadcast TitletextWed Aug 01 2018 10:59 AM110Broadcast TitletextWed Aug 01 2018 10:58 AM110Broadcast TitlemediaMon Jul 30 2018 2:07 PM110Broadcast TitlecardThu Jul 19 2018 8:25 AM110Broadcast TitlecardThu Jul 19 2018 8:21 AM110previous1234next')]' not found)

2018-08-08 16:32:25 - [MESSAGE][FAILED] - Unable to click on object 'Object Repository/Page_KiboPush  Broadcast/div_Filter by type...textimage (3)' (Root cause: com.kms.katalon.core.webui.exception.WebElementNotFoundException: Web element with id: 'Object Repository/Page_KiboPush  Broadcast/div_Filter by type...textimage (3)' located by 'By.xpath: //div[(text() = 'Filter by type...textimagecardgalleryaudiovideofilelistmediamiscellaneousallShow records for last:    daysTitleTypeCreated AtSentSeenClicksSampleVideovideoMon Aug 06 2018 9:45 AM110Broadcast TitlegalleryFri Aug 03 2018 8:06 AM110TitleYtextThu Aug 02 2018 1:12 PM110TitleXtextThu Aug 02 2018 9:42 AM110Broadcast TitletextWed Aug 01 2018 10:59 AM110Broadcast TitletextWed Aug 01 2018 10:59 AM110Broadcast TitletextWed Aug 01 2018 10:58 AM110Broadcast TitlemediaMon Jul 30 2018 2:07 PM110Broadcast TitlecardThu Jul 19 2018 8:25 AM110Broadcast TitlecardThu Jul 19 2018 8:21 AM110previous1234next' or . = 'Filter by type...textimagecardgalleryaudiovideofilelistmediamiscellaneousallShow records for last:    daysTitleTypeCreated AtSentSeenClicksSampleVideovideoMon Aug 06 2018 9:45 AM110Broadcast TitlegalleryFri Aug 03 2018 8:06 AM110TitleYtextThu Aug 02 2018 1:12 PM110TitleXtextThu Aug 02 2018 9:42 AM110Broadcast TitletextWed Aug 01 2018 10:59 AM110Broadcast TitletextWed Aug 01 2018 10:59 AM110Broadcast TitletextWed Aug 01 2018 10:58 AM110Broadcast TitlemediaMon Jul 30 2018 2:07 PM110Broadcast TitlecardThu Jul 19 2018 8:25 AM110Broadcast TitlecardThu Jul 19 2018 8:21 AM110previous1234next')]' not found)
[[ATTACHMENT|/Users/baqarjafri/Katalon Studio/KiboPush/Reports/KiboPush Broadcasts/20180808_162527/1533727944902.png]]]]></system-out>
         <system-err><![CDATA[2018-08-08 16:31:34 - [TEST_CASE][FAILED] - Test Cases/TC0123: Test Cases/TC0123 FAILED because (of) Unable to click on object 'Object Repository/Page_KiboPush  Broadcast/div_Filter by type...textimage (3)' (Root cause: com.kms.katalon.core.webui.exception.WebElementNotFoundException: Web element with id: 'Object Repository/Page_KiboPush  Broadcast/div_Filter by type...textimage (3)' located by 'By.xpath: //div[(text() = 'Filter by type...textimagecardgalleryaudiovideofilelistmediamiscellaneousallShow records for last:    daysTitleTypeCreated AtSentSeenClicksSampleVideovideoMon Aug 06 2018 9:45 AM110Broadcast TitlegalleryFri Aug 03 2018 8:06 AM110TitleYtextThu Aug 02 2018 1:12 PM110TitleXtextThu Aug 02 2018 9:42 AM110Broadcast TitletextWed Aug 01 2018 10:59 AM110Broadcast TitletextWed Aug 01 2018 10:59 AM110Broadcast TitletextWed Aug 01 2018 10:58 AM110Broadcast TitlemediaMon Jul 30 2018 2:07 PM110Broadcast TitlecardThu Jul 19 2018 8:25 AM110Broadcast TitlecardThu Jul 19 2018 8:21 AM110previous1234next' or . = 'Filter by type...textimagecardgalleryaudiovideofilelistmediamiscellaneousallShow records for last:    daysTitleTypeCreated AtSentSeenClicksSampleVideovideoMon Aug 06 2018 9:45 AM110Broadcast TitlegalleryFri Aug 03 2018 8:06 AM110TitleYtextThu Aug 02 2018 1:12 PM110TitleXtextThu Aug 02 2018 9:42 AM110Broadcast TitletextWed Aug 01 2018 10:59 AM110Broadcast TitletextWed Aug 01 2018 10:59 AM110Broadcast TitletextWed Aug 01 2018 10:58 AM110Broadcast TitlemediaMon Jul 30 2018 2:07 PM110Broadcast TitlecardThu Jul 19 2018 8:25 AM110Broadcast TitlecardThu Jul 19 2018 8:21 AM110previous1234next')]' not found)]]></system-err>
      </testcase>
      <testcase name="Test Cases/TC0124" classname="Test Cases/TC0124" status="FAILED">
         <failure type="FAILED" message="ERROR: No Table Present"/>
         <system-out><![CDATA[2018-08-08 16:32:25 - [TEST_CASE][FAILED] - Test Cases/TC0124: Test Cases/TC0124 FAILED because (of) ERROR: No Table Present

2018-08-08 16:32:25 - [TEST_STEP][PASSED] - openBrowser: Browser is opened with url: ''

2018-08-08 16:32:25 - [MESSAGE][WARNING] - A browser is already opened. Closing browser and opening a new one

2018-08-08 16:32:27 - [MESSAGE][PASSED] - Browser is opened with url: ''

2018-08-08 16:32:27 - [TEST_STEP][PASSED] - navigateToUrl: Navigate to 'https://staging.kibopush.com/' successfully

2018-08-08 16:32:37 - [MESSAGE][PASSED] - Navigate to 'https://staging.kibopush.com/' successfully

2018-08-08 16:32:37 - [TEST_STEP][PASSED] - click: Object: 'Object Repository/Page_KiboPush  Sign In/a_Login' is clicked on

2018-08-08 16:32:37 - [MESSAGE][PASSED] - Object: 'Object Repository/Page_KiboPush  Sign In/a_Login' is clicked on

2018-08-08 16:32:37 - [TEST_STEP][PASSED] - click: Object: 'Object Repository/Page_KiboPush  Sign In/button_Team Account' is clicked on

2018-08-08 16:32:37 - [MESSAGE][PASSED] - Object: 'Object Repository/Page_KiboPush  Sign In/button_Team Account' is clicked on

2018-08-08 16:32:37 - [TEST_STEP][PASSED] - setText: Text 'kibopush.com' is set on object 'Object Repository/Page_KiboPush  Sign In/input_form-control m-input'

2018-08-08 16:32:37 - [MESSAGE][PASSED] - Text 'kibopush.com' is set on object 'Object Repository/Page_KiboPush  Sign In/input_form-control m-input'

2018-08-08 16:32:37 - [TEST_STEP][PASSED] - setText: Text 'bjafri5@gmail.com' is set on object 'Object Repository/Page_KiboPush  Sign In/input_form-control m-input_1'

2018-08-08 16:32:37 - [MESSAGE][PASSED] - Text 'bjafri5@gmail.com' is set on object 'Object Repository/Page_KiboPush  Sign In/input_form-control m-input_1'

2018-08-08 16:32:37 - [TEST_STEP][PASSED] - setEncryptedText: Text ****** has been set on object 'Object Repository/Page_KiboPush  Sign In/input_form-control m-input_2'

2018-08-08 16:32:38 - [MESSAGE][PASSED] - Text ****** has been set on object 'Object Repository/Page_KiboPush  Sign In/input_form-control m-input_2'

2018-08-08 16:32:38 - [TEST_STEP][PASSED] - click: Object: 'Object Repository/Page_KiboPush  Sign In/button_Sign In' is clicked on

2018-08-08 16:32:38 - [MESSAGE][PASSED] - Object: 'Object Repository/Page_KiboPush  Sign In/button_Sign In' is clicked on

2018-08-08 16:32:38 - [TEST_STEP][PASSED] - click: Object: 'Object Repository/Page_KiboPush  Dashboard/span_Broadcasts' is clicked on

2018-08-08 16:32:41 - [MESSAGE][PASSED] - Object: 'Object Repository/Page_KiboPush  Dashboard/span_Broadcasts' is clicked on

2018-08-08 16:32:41 - [TEST_STEP][PASSED] - delay: Delayed 1 second(s)

2018-08-08 16:32:42 - [MESSAGE][PASSED] - Delayed 1 second(s)

2018-08-08 16:32:42 - [TEST_STEP][PASSED] - click: Object: 'Object Repository/Page_KiboPush  Broadcast/a_4' is clicked on

2018-08-08 16:32:42 - [MESSAGE][PASSED] - Object: 'Object Repository/Page_KiboPush  Broadcast/a_4' is clicked on

2018-08-08 16:32:42 - [TEST_STEP][PASSED] - delay: Delayed 1 second(s)

2018-08-08 16:32:43 - [MESSAGE][PASSED] - Delayed 1 second(s)

2018-08-08 16:32:43 - [TEST_STEP][PASSED] - Statement - date_page4 = getFirstRowDate(): null

2018-08-08 16:32:43 - [TEST_STEP][PASSED] - Statement - driver = com.kms.katalon.core.webui.driver.DriverFactory.getWebDriver(): null

2018-08-08 16:32:43 - [TEST_STEP][PASSED] - Statement - Try: null

2018-08-08 16:32:43 - [TEST_STEP][PASSED] - Statement - Table = driver.findElement(org.openqa.selenium.By.xpath("//table/tbody")): null

2018-08-08 16:32:43 - [TEST_STEP][PASSED] - Statement - rows_table = Table.findElements(org.openqa.selenium.By.tagName("tr")): null

2018-08-08 16:32:43 - [TEST_STEP][PASSED] - Statement - dates = new java.util.ArrayList(): null

2018-08-08 16:32:43 - [TEST_STEP][PASSED] - Statement - date = rows_table.get(0).findElement(org.openqa.selenium.By.xpath(".//td[@data-field="datetime"]")).getText(): null

2018-08-08 16:32:43 - [TEST_STEP][PASSED] - Statement - return date: null

2018-08-08 16:32:43 - [TEST_STEP][PASSED] - click: Object: 'Object Repository/Page_KiboPush  Broadcast/a_previous' is clicked on

2018-08-08 16:32:43 - [MESSAGE][PASSED] - Object: 'Object Repository/Page_KiboPush  Broadcast/a_previous' is clicked on

2018-08-08 16:32:43 - [TEST_STEP][PASSED] - delay: Delayed 1 second(s)

2018-08-08 16:32:44 - [MESSAGE][PASSED] - Delayed 1 second(s)

2018-08-08 16:32:44 - [TEST_STEP][PASSED] - Statement - date_page3 = getFirstRowDate(): null

2018-08-08 16:32:44 - [TEST_STEP][PASSED] - Statement - driver = com.kms.katalon.core.webui.driver.DriverFactory.getWebDriver(): null

2018-08-08 16:32:44 - [TEST_STEP][PASSED] - Statement - Try: null

2018-08-08 16:32:44 - [TEST_STEP][PASSED] - Statement - Table = driver.findElement(org.openqa.selenium.By.xpath("//table/tbody")): null

2018-08-08 16:32:44 - [TEST_STEP][PASSED] - Statement - rows_table = Table.findElements(org.openqa.selenium.By.tagName("tr")): null

2018-08-08 16:32:44 - [TEST_STEP][PASSED] - Statement - dates = new java.util.ArrayList(): null

2018-08-08 16:32:44 - [TEST_STEP][PASSED] - Statement - date = rows_table.get(0).findElement(org.openqa.selenium.By.xpath(".//td[@data-field="datetime"]")).getText(): null

2018-08-08 16:32:44 - [TEST_STEP][PASSED] - Statement - return date: null

2018-08-08 16:32:44 - [TEST_STEP][PASSED] - click: Object: 'Object Repository/Page_KiboPush  Broadcast/a_previous' is clicked on

2018-08-08 16:32:44 - [MESSAGE][PASSED] - Object: 'Object Repository/Page_KiboPush  Broadcast/a_previous' is clicked on

2018-08-08 16:32:44 - [TEST_STEP][PASSED] - delay: Delayed 1 second(s)

2018-08-08 16:32:45 - [MESSAGE][PASSED] - Delayed 1 second(s)

2018-08-08 16:32:45 - [TEST_STEP][PASSED] - Statement - date_page2 = getFirstRowDate(): null

2018-08-08 16:32:45 - [TEST_STEP][PASSED] - Statement - driver = com.kms.katalon.core.webui.driver.DriverFactory.getWebDriver(): null

2018-08-08 16:32:45 - [TEST_STEP][PASSED] - Statement - Try: null

2018-08-08 16:32:45 - [TEST_STEP][PASSED] - Statement - Table = driver.findElement(org.openqa.selenium.By.xpath("//table/tbody")): null

2018-08-08 16:32:45 - [TEST_STEP][PASSED] - Statement - Catch (Exception e): null

2018-08-08 16:32:45 - [TEST_STEP][PASSED] - Statement - com.kms.katalon.core.util.KeywordUtil.markFailed("ERROR: No Table Present"): null

2018-08-08 16:32:45 - [TEST_STEP][PASSED] - verifyNotMatch: Actual text 'Fri Jun 29 2018 6:41 AM' and expected text 'Wed Aug 08 2018 11:47 AM' are not matched 

2018-08-08 16:32:45 - [MESSAGE][PASSED] - Actual text 'Fri Jun 29 2018 6:41 AM' and expected text 'Wed Aug 08 2018 11:47 AM' are not matched 

2018-08-08 16:32:45 - [TEST_STEP][PASSED] - verifyNotMatch: Actual text 'Fri Jun 29 2018 6:41 AM' and expected text 'null' are not matched 

2018-08-08 16:32:45 - [MESSAGE][PASSED] - Actual text 'Fri Jun 29 2018 6:41 AM' and expected text 'null' are not matched 

2018-08-08 16:32:45 - [TEST_STEP][PASSED] - verifyNotMatch: Actual text 'Wed Aug 08 2018 11:47 AM' and expected text 'null' are not matched 

2018-08-08 16:32:45 - [MESSAGE][PASSED] - Actual text 'Wed Aug 08 2018 11:47 AM' and expected text 'null' are not matched 

2018-08-08 16:32:45 - [TEST_STEP][PASSED] - closeBrowser: Browser is closed

2018-08-08 16:32:46 - [MESSAGE][PASSED] - Browser is closed]]></system-out>
         <system-err><![CDATA[2018-08-08 16:32:25 - [TEST_CASE][FAILED] - Test Cases/TC0124: Test Cases/TC0124 FAILED because (of) ERROR: No Table Present]]></system-err>
      </testcase>
      <testcase name="Test Cases/TC0125" classname="Test Cases/TC0125" status="FAILED">
         <failure type="FAILED" message="Unable to click on object 'Object Repository/Page_KiboPush  Broadcast/div_Filter by type...textimage (2)' (Root cause: com.kms.katalon.core.webui.exception.WebElementNotFoundException: Web element with id: 'Object Repository/Page_KiboPush  Broadcast/div_Filter by type...textimage (2)' located by 'By.xpath: //div[(text() = 'Filter by type...textimagecardgalleryaudiovideofilelistmediamiscellaneousallShow records for last:    daysTitleTypeCreated AtSentSeenClicksSampleVideovideoMon Aug 06 2018 9:45 AM100Broadcast TitlegalleryFri Aug 03 2018 8:06 AM110TitleYtextThu Aug 02 2018 1:12 PM110TitleXtextThu Aug 02 2018 9:42 AM110Broadcast TitletextWed Aug 01 2018 10:59 AM110Broadcast TitletextWed Aug 01 2018 10:59 AM110Broadcast TitletextWed Aug 01 2018 10:58 AM110Broadcast TitlemediaMon Jul 30 2018 2:07 PM110Broadcast TitlecardThu Jul 19 2018 8:25 AM110Broadcast TitlecardThu Jul 19 2018 8:21 AM110previous1234next' or . = 'Filter by type...textimagecardgalleryaudiovideofilelistmediamiscellaneousallShow records for last:    daysTitleTypeCreated AtSentSeenClicksSampleVideovideoMon Aug 06 2018 9:45 AM100Broadcast TitlegalleryFri Aug 03 2018 8:06 AM110TitleYtextThu Aug 02 2018 1:12 PM110TitleXtextThu Aug 02 2018 9:42 AM110Broadcast TitletextWed Aug 01 2018 10:59 AM110Broadcast TitletextWed Aug 01 2018 10:59 AM110Broadcast TitletextWed Aug 01 2018 10:58 AM110Broadcast TitlemediaMon Jul 30 2018 2:07 PM110Broadcast TitlecardThu Jul 19 2018 8:25 AM110Broadcast TitlecardThu Jul 19 2018 8:21 AM110previous1234next')]' not found)"/>
         <system-out><![CDATA[2018-08-08 16:32:46 - [TEST_CASE][FAILED] - Test Cases/TC0125: Test Cases/TC0125 FAILED because (of) Unable to click on object 'Object Repository/Page_KiboPush  Broadcast/div_Filter by type...textimage (2)' (Root cause: com.kms.katalon.core.webui.exception.WebElementNotFoundException: Web element with id: 'Object Repository/Page_KiboPush  Broadcast/div_Filter by type...textimage (2)' located by 'By.xpath: //div[(text() = 'Filter by type...textimagecardgalleryaudiovideofilelistmediamiscellaneousallShow records for last:    daysTitleTypeCreated AtSentSeenClicksSampleVideovideoMon Aug 06 2018 9:45 AM100Broadcast TitlegalleryFri Aug 03 2018 8:06 AM110TitleYtextThu Aug 02 2018 1:12 PM110TitleXtextThu Aug 02 2018 9:42 AM110Broadcast TitletextWed Aug 01 2018 10:59 AM110Broadcast TitletextWed Aug 01 2018 10:59 AM110Broadcast TitletextWed Aug 01 2018 10:58 AM110Broadcast TitlemediaMon Jul 30 2018 2:07 PM110Broadcast TitlecardThu Jul 19 2018 8:25 AM110Broadcast TitlecardThu Jul 19 2018 8:21 AM110previous1234next' or . = 'Filter by type...textimagecardgalleryaudiovideofilelistmediamiscellaneousallShow records for last:    daysTitleTypeCreated AtSentSeenClicksSampleVideovideoMon Aug 06 2018 9:45 AM100Broadcast TitlegalleryFri Aug 03 2018 8:06 AM110TitleYtextThu Aug 02 2018 1:12 PM110TitleXtextThu Aug 02 2018 9:42 AM110Broadcast TitletextWed Aug 01 2018 10:59 AM110Broadcast TitletextWed Aug 01 2018 10:59 AM110Broadcast TitletextWed Aug 01 2018 10:58 AM110Broadcast TitlemediaMon Jul 30 2018 2:07 PM110Broadcast TitlecardThu Jul 19 2018 8:25 AM110Broadcast TitlecardThu Jul 19 2018 8:21 AM110previous1234next')]' not found)

2018-08-08 16:32:46 - [TEST_STEP][PASSED] - openBrowser: Browser is opened with url: ''

2018-08-08 16:32:47 - [MESSAGE][PASSED] - Browser is opened with url: ''

2018-08-08 16:32:47 - [TEST_STEP][PASSED] - navigateToUrl: Navigate to 'https://staging.kibopush.com/' successfully

2018-08-08 16:32:55 - [MESSAGE][PASSED] - Navigate to 'https://staging.kibopush.com/' successfully

2018-08-08 16:32:55 - [TEST_STEP][PASSED] - click: Object: 'Object Repository/Page_KiboPush  Sign In/a_Login' is clicked on

2018-08-08 16:32:55 - [MESSAGE][PASSED] - Object: 'Object Repository/Page_KiboPush  Sign In/a_Login' is clicked on

2018-08-08 16:32:55 - [TEST_STEP][PASSED] - click: Object: 'Object Repository/Page_KiboPush  Sign In/button_Team Account' is clicked on

2018-08-08 16:32:56 - [MESSAGE][PASSED] - Object: 'Object Repository/Page_KiboPush  Sign In/button_Team Account' is clicked on

2018-08-08 16:32:56 - [TEST_STEP][PASSED] - setText: Text 'kibopush.com' is set on object 'Object Repository/Page_KiboPush  Sign In/input_form-control m-input'

2018-08-08 16:32:56 - [MESSAGE][PASSED] - Text 'kibopush.com' is set on object 'Object Repository/Page_KiboPush  Sign In/input_form-control m-input'

2018-08-08 16:32:56 - [TEST_STEP][PASSED] - setText: Text 'bjafri5@gmail.com' is set on object 'Object Repository/Page_KiboPush  Sign In/input_form-control m-input_1'

2018-08-08 16:32:56 - [MESSAGE][PASSED] - Text 'bjafri5@gmail.com' is set on object 'Object Repository/Page_KiboPush  Sign In/input_form-control m-input_1'

2018-08-08 16:32:56 - [TEST_STEP][PASSED] - setEncryptedText: Text ****** has been set on object 'Object Repository/Page_KiboPush  Sign In/input_form-control m-input_2'

2018-08-08 16:32:56 - [MESSAGE][PASSED] - Text ****** has been set on object 'Object Repository/Page_KiboPush  Sign In/input_form-control m-input_2'

2018-08-08 16:32:56 - [TEST_STEP][PASSED] - click: Object: 'Object Repository/Page_KiboPush  Sign In/button_Sign In' is clicked on

2018-08-08 16:32:56 - [MESSAGE][PASSED] - Object: 'Object Repository/Page_KiboPush  Sign In/button_Sign In' is clicked on

2018-08-08 16:32:56 - [TEST_STEP][PASSED] - click: Object: 'Object Repository/Page_KiboPush  Dashboard/span_Broadcasts' is clicked on

2018-08-08 16:32:59 - [MESSAGE][PASSED] - Object: 'Object Repository/Page_KiboPush  Dashboard/span_Broadcasts' is clicked on

2018-08-08 16:32:59 - [TEST_STEP][PASSED] - delay: Delayed 1 second(s)

2018-08-08 16:33:00 - [MESSAGE][PASSED] - Delayed 1 second(s)

2018-08-08 16:33:00 - [TEST_STEP][FAILED] - click: Unable to click on object 'Object Repository/Page_KiboPush  Broadcast/div_Filter by type...textimage (2)' (Root cause: com.kms.katalon.core.webui.exception.WebElementNotFoundException: Web element with id: 'Object Repository/Page_KiboPush  Broadcast/div_Filter by type...textimage (2)' located by 'By.xpath: //div[(text() = 'Filter by type...textimagecardgalleryaudiovideofilelistmediamiscellaneousallShow records for last:    daysTitleTypeCreated AtSentSeenClicksSampleVideovideoMon Aug 06 2018 9:45 AM100Broadcast TitlegalleryFri Aug 03 2018 8:06 AM110TitleYtextThu Aug 02 2018 1:12 PM110TitleXtextThu Aug 02 2018 9:42 AM110Broadcast TitletextWed Aug 01 2018 10:59 AM110Broadcast TitletextWed Aug 01 2018 10:59 AM110Broadcast TitletextWed Aug 01 2018 10:58 AM110Broadcast TitlemediaMon Jul 30 2018 2:07 PM110Broadcast TitlecardThu Jul 19 2018 8:25 AM110Broadcast TitlecardThu Jul 19 2018 8:21 AM110previous1234next' or . = 'Filter by type...textimagecardgalleryaudiovideofilelistmediamiscellaneousallShow records for last:    daysTitleTypeCreated AtSentSeenClicksSampleVideovideoMon Aug 06 2018 9:45 AM100Broadcast TitlegalleryFri Aug 03 2018 8:06 AM110TitleYtextThu Aug 02 2018 1:12 PM110TitleXtextThu Aug 02 2018 9:42 AM110Broadcast TitletextWed Aug 01 2018 10:59 AM110Broadcast TitletextWed Aug 01 2018 10:59 AM110Broadcast TitletextWed Aug 01 2018 10:58 AM110Broadcast TitlemediaMon Jul 30 2018 2:07 PM110Broadcast TitlecardThu Jul 19 2018 8:25 AM110Broadcast TitlecardThu Jul 19 2018 8:21 AM110previous1234next')]' not found)

2018-08-08 16:33:33 - [MESSAGE][FAILED] - Unable to click on object 'Object Repository/Page_KiboPush  Broadcast/div_Filter by type...textimage (2)' (Root cause: com.kms.katalon.core.webui.exception.WebElementNotFoundException: Web element with id: 'Object Repository/Page_KiboPush  Broadcast/div_Filter by type...textimage (2)' located by 'By.xpath: //div[(text() = 'Filter by type...textimagecardgalleryaudiovideofilelistmediamiscellaneousallShow records for last:    daysTitleTypeCreated AtSentSeenClicksSampleVideovideoMon Aug 06 2018 9:45 AM100Broadcast TitlegalleryFri Aug 03 2018 8:06 AM110TitleYtextThu Aug 02 2018 1:12 PM110TitleXtextThu Aug 02 2018 9:42 AM110Broadcast TitletextWed Aug 01 2018 10:59 AM110Broadcast TitletextWed Aug 01 2018 10:59 AM110Broadcast TitletextWed Aug 01 2018 10:58 AM110Broadcast TitlemediaMon Jul 30 2018 2:07 PM110Broadcast TitlecardThu Jul 19 2018 8:25 AM110Broadcast TitlecardThu Jul 19 2018 8:21 AM110previous1234next' or . = 'Filter by type...textimagecardgalleryaudiovideofilelistmediamiscellaneousallShow records for last:    daysTitleTypeCreated AtSentSeenClicksSampleVideovideoMon Aug 06 2018 9:45 AM100Broadcast TitlegalleryFri Aug 03 2018 8:06 AM110TitleYtextThu Aug 02 2018 1:12 PM110TitleXtextThu Aug 02 2018 9:42 AM110Broadcast TitletextWed Aug 01 2018 10:59 AM110Broadcast TitletextWed Aug 01 2018 10:59 AM110Broadcast TitletextWed Aug 01 2018 10:58 AM110Broadcast TitlemediaMon Jul 30 2018 2:07 PM110Broadcast TitlecardThu Jul 19 2018 8:25 AM110Broadcast TitlecardThu Jul 19 2018 8:21 AM110previous1234next')]' not found)
[[ATTACHMENT|/Users/baqarjafri/Katalon Studio/KiboPush/Reports/KiboPush Broadcasts/20180808_162527/1533728013030.png]]]]></system-out>
         <system-err><![CDATA[2018-08-08 16:32:46 - [TEST_CASE][FAILED] - Test Cases/TC0125: Test Cases/TC0125 FAILED because (of) Unable to click on object 'Object Repository/Page_KiboPush  Broadcast/div_Filter by type...textimage (2)' (Root cause: com.kms.katalon.core.webui.exception.WebElementNotFoundException: Web element with id: 'Object Repository/Page_KiboPush  Broadcast/div_Filter by type...textimage (2)' located by 'By.xpath: //div[(text() = 'Filter by type...textimagecardgalleryaudiovideofilelistmediamiscellaneousallShow records for last:    daysTitleTypeCreated AtSentSeenClicksSampleVideovideoMon Aug 06 2018 9:45 AM100Broadcast TitlegalleryFri Aug 03 2018 8:06 AM110TitleYtextThu Aug 02 2018 1:12 PM110TitleXtextThu Aug 02 2018 9:42 AM110Broadcast TitletextWed Aug 01 2018 10:59 AM110Broadcast TitletextWed Aug 01 2018 10:59 AM110Broadcast TitletextWed Aug 01 2018 10:58 AM110Broadcast TitlemediaMon Jul 30 2018 2:07 PM110Broadcast TitlecardThu Jul 19 2018 8:25 AM110Broadcast TitlecardThu Jul 19 2018 8:21 AM110previous1234next' or . = 'Filter by type...textimagecardgalleryaudiovideofilelistmediamiscellaneousallShow records for last:    daysTitleTypeCreated AtSentSeenClicksSampleVideovideoMon Aug 06 2018 9:45 AM100Broadcast TitlegalleryFri Aug 03 2018 8:06 AM110TitleYtextThu Aug 02 2018 1:12 PM110TitleXtextThu Aug 02 2018 9:42 AM110Broadcast TitletextWed Aug 01 2018 10:59 AM110Broadcast TitletextWed Aug 01 2018 10:59 AM110Broadcast TitletextWed Aug 01 2018 10:58 AM110Broadcast TitlemediaMon Jul 30 2018 2:07 PM110Broadcast TitlecardThu Jul 19 2018 8:25 AM110Broadcast TitlecardThu Jul 19 2018 8:21 AM110previous1234next')]' not found)]]></system-err>
      </testcase>
      <testcase name="Test Cases/TC0126" classname="Test Cases/TC0126" status="FAILED">
         <failure type="FAILED" message="Unable to click on object 'Object Repository/Page_KiboPush  Create Broadcast/div_Broadcast TargetingTextIma' (Root cause: org.openqa.selenium.WebDriverException: unknown error: Element &lt;div class=&quot;row&quot;>...&lt;/div> is not clickable at point (726, 310). Other element would receive the click: &lt;p>...&lt;/p>
  (Session info: chrome=67.0.3396.99)
  (Driver info: chromedriver=2.35.528157 (4429ca2590d6988c0745c24c8858745aaaec01ef),platform=Mac OS X 10.13.1 x86_64) (WARNING: The server did not provide any stacktrace information)
Command duration or timeout: 0 milliseconds
Build info: version: '3.7.1', revision: '8a0099a', time: '2017-11-06T21:07:36.161Z'
System info: host: 'Baqars-MacBook-Pro.local', ip: 'fe80:0:0:0:86b:36f2:e832:f5d1%en0', os.name: 'Mac OS X', os.arch: 'x86_64', os.version: '10.13.1', java.version: '1.8.0_102'
Driver info: com.kms.katalon.selenium.driver.CChromeDriver
Capabilities {acceptInsecureCerts: false, acceptSslCerts: false, applicationCacheEnabled: false, browserConnectionEnabled: false, browserName: chrome, chrome: {chromedriverVersion: 2.35.528157 (4429ca2590d698..., userDataDir: /var/folders/d9/974yd97x407...}, cssSelectorsEnabled: true, databaseEnabled: false, handlesAlerts: true, hasTouchScreen: false, javascriptEnabled: true, locationContextEnabled: true, mobileEmulationEnabled: false, nativeEvents: true, networkConnectionEnabled: false, pageLoadStrategy: normal, platform: MAC, platformName: MAC, rotatable: false, setWindowRect: true, takesHeapSnapshot: true, takesScreenshot: true, unexpectedAlertBehaviour: , unhandledPromptBehavior: , version: 67.0.3396.99, webStorageEnabled: true}
Session ID: 0bf9292a66ae48efbb6e080208d2bab9)"/>
         <system-out><![CDATA[2018-08-08 16:33:33 - [TEST_CASE][FAILED] - Test Cases/TC0126: Test Cases/TC0126 FAILED because (of) Unable to click on object 'Object Repository/Page_KiboPush  Create Broadcast/div_Broadcast TargetingTextIma' (Root cause: org.openqa.selenium.WebDriverException: unknown error: Element <div class="row">...</div> is not clickable at point (726, 310). Other element would receive the click: <p>...</p>
  (Session info: chrome=67.0.3396.99)
  (Driver info: chromedriver=2.35.528157 (4429ca2590d6988c0745c24c8858745aaaec01ef),platform=Mac OS X 10.13.1 x86_64) (WARNING: The server did not provide any stacktrace information)
Command duration or timeout: 0 milliseconds
Build info: version: '3.7.1', revision: '8a0099a', time: '2017-11-06T21:07:36.161Z'
System info: host: 'Baqars-MacBook-Pro.local', ip: 'fe80:0:0:0:86b:36f2:e832:f5d1%en0', os.name: 'Mac OS X', os.arch: 'x86_64', os.version: '10.13.1', java.version: '1.8.0_102'
Driver info: com.kms.katalon.selenium.driver.CChromeDriver
Capabilities {acceptInsecureCerts: false, acceptSslCerts: false, applicationCacheEnabled: false, browserConnectionEnabled: false, browserName: chrome, chrome: {chromedriverVersion: 2.35.528157 (4429ca2590d698..., userDataDir: /var/folders/d9/974yd97x407...}, cssSelectorsEnabled: true, databaseEnabled: false, handlesAlerts: true, hasTouchScreen: false, javascriptEnabled: true, locationContextEnabled: true, mobileEmulationEnabled: false, nativeEvents: true, networkConnectionEnabled: false, pageLoadStrategy: normal, platform: MAC, platformName: MAC, rotatable: false, setWindowRect: true, takesHeapSnapshot: true, takesScreenshot: true, unexpectedAlertBehaviour: , unhandledPromptBehavior: , version: 67.0.3396.99, webStorageEnabled: true}
Session ID: 0bf9292a66ae48efbb6e080208d2bab9)

2018-08-08 16:33:33 - [TEST_STEP][PASSED] - openBrowser: Browser is opened with url: ''

2018-08-08 16:33:33 - [MESSAGE][WARNING] - A browser is already opened. Closing browser and opening a new one

2018-08-08 16:33:35 - [MESSAGE][PASSED] - Browser is opened with url: ''

2018-08-08 16:33:35 - [TEST_STEP][PASSED] - navigateToUrl: Navigate to 'https://staging.kibopush.com/' successfully

2018-08-08 16:33:43 - [MESSAGE][PASSED] - Navigate to 'https://staging.kibopush.com/' successfully

2018-08-08 16:33:43 - [TEST_STEP][PASSED] - click: Object: 'Object Repository/Page_KiboPush  Sign In/a_Login' is clicked on

2018-08-08 16:33:43 - [MESSAGE][PASSED] - Object: 'Object Repository/Page_KiboPush  Sign In/a_Login' is clicked on

2018-08-08 16:33:43 - [TEST_STEP][PASSED] - click: Object: 'Object Repository/Page_KiboPush  Sign In/button_Team Account' is clicked on

2018-08-08 16:33:43 - [MESSAGE][PASSED] - Object: 'Object Repository/Page_KiboPush  Sign In/button_Team Account' is clicked on

2018-08-08 16:33:43 - [TEST_STEP][PASSED] - setText: Text 'kibopush.com' is set on object 'Object Repository/Page_KiboPush  Sign In/input_form-control m-input'

2018-08-08 16:33:44 - [MESSAGE][PASSED] - Text 'kibopush.com' is set on object 'Object Repository/Page_KiboPush  Sign In/input_form-control m-input'

2018-08-08 16:33:44 - [TEST_STEP][PASSED] - setText: Text 'bjafri5@gmail.com' is set on object 'Object Repository/Page_KiboPush  Sign In/input_form-control m-input_1'

2018-08-08 16:33:44 - [MESSAGE][PASSED] - Text 'bjafri5@gmail.com' is set on object 'Object Repository/Page_KiboPush  Sign In/input_form-control m-input_1'

2018-08-08 16:33:44 - [TEST_STEP][PASSED] - setEncryptedText: Text ****** has been set on object 'Object Repository/Page_KiboPush  Sign In/input_form-control m-input_2'

2018-08-08 16:33:44 - [MESSAGE][PASSED] - Text ****** has been set on object 'Object Repository/Page_KiboPush  Sign In/input_form-control m-input_2'

2018-08-08 16:33:44 - [TEST_STEP][PASSED] - click: Object: 'Object Repository/Page_KiboPush  Sign In/button_Sign In' is clicked on

2018-08-08 16:33:44 - [MESSAGE][PASSED] - Object: 'Object Repository/Page_KiboPush  Sign In/button_Sign In' is clicked on

2018-08-08 16:33:44 - [TEST_STEP][PASSED] - click: Object: 'Object Repository/Page_KiboPush  Dashboard/span_Broadcasts' is clicked on

2018-08-08 16:33:47 - [MESSAGE][PASSED] - Object: 'Object Repository/Page_KiboPush  Dashboard/span_Broadcasts' is clicked on

2018-08-08 16:33:47 - [TEST_STEP][PASSED] - click: Object: 'Object Repository/Page_KiboPush  Broadcast/span_Create New Broadcast' is clicked on

2018-08-08 16:33:48 - [MESSAGE][PASSED] - Object: 'Object Repository/Page_KiboPush  Broadcast/span_Create New Broadcast' is clicked on

2018-08-08 16:33:48 - [TEST_STEP][PASSED] - click: Object: 'Object Repository/Page_KiboPush  Broadcast/h3_Create Broadcast' is clicked on

2018-08-08 16:33:48 - [MESSAGE][PASSED] - Object: 'Object Repository/Page_KiboPush  Broadcast/h3_Create Broadcast' is clicked on

2018-08-08 16:33:48 - [TEST_STEP][PASSED] - click: Object: 'Object Repository/Page_KiboPush  Broadcast/p_To create a new broadcast fr' is clicked on

2018-08-08 16:33:48 - [MESSAGE][PASSED] - Object: 'Object Repository/Page_KiboPush  Broadcast/p_To create a new broadcast fr' is clicked on

2018-08-08 16:33:48 - [TEST_STEP][PASSED] - click: Object: 'Object Repository/Page_KiboPush  Broadcast/a_Create New Broadcast' is clicked on

2018-08-08 16:33:48 - [MESSAGE][PASSED] - Object: 'Object Repository/Page_KiboPush  Broadcast/a_Create New Broadcast' is clicked on

2018-08-08 16:33:48 - [TEST_STEP][FAILED] - click: Unable to click on object 'Object Repository/Page_KiboPush  Create Broadcast/div_Broadcast TargetingTextIma' (Root cause: org.openqa.selenium.WebDriverException: unknown error: Element <div class="row">...</div> is not clickable at point (726, 310). Other element would receive the click: <p>...</p>
  (Session info: chrome=67.0.3396.99)
  (Driver info: chromedriver=2.35.528157 (4429ca2590d6988c0745c24c8858745aaaec01ef),platform=Mac OS X 10.13.1 x86_64) (WARNING: The server did not provide any stacktrace information)
Command duration or timeout: 0 milliseconds
Build info: version: '3.7.1', revision: '8a0099a', time: '2017-11-06T21:07:36.161Z'
System info: host: 'Baqars-MacBook-Pro.local', ip: 'fe80:0:0:0:86b:36f2:e832:f5d1%en0', os.name: 'Mac OS X', os.arch: 'x86_64', os.version: '10.13.1', java.version: '1.8.0_102'
Driver info: com.kms.katalon.selenium.driver.CChromeDriver
Capabilities {acceptInsecureCerts: false, acceptSslCerts: false, applicationCacheEnabled: false, browserConnectionEnabled: false, browserName: chrome, chrome: {chromedriverVersion: 2.35.528157 (4429ca2590d698..., userDataDir: /var/folders/d9/974yd97x407...}, cssSelectorsEnabled: true, databaseEnabled: false, handlesAlerts: true, hasTouchScreen: false, javascriptEnabled: true, locationContextEnabled: true, mobileEmulationEnabled: false, nativeEvents: true, networkConnectionEnabled: false, pageLoadStrategy: normal, platform: MAC, platformName: MAC, rotatable: false, setWindowRect: true, takesHeapSnapshot: true, takesScreenshot: true, unexpectedAlertBehaviour: , unhandledPromptBehavior: , version: 67.0.3396.99, webStorageEnabled: true}
Session ID: 0bf9292a66ae48efbb6e080208d2bab9)

2018-08-08 16:33:49 - [MESSAGE][FAILED] - Unable to click on object 'Object Repository/Page_KiboPush  Create Broadcast/div_Broadcast TargetingTextIma' (Root cause: org.openqa.selenium.WebDriverException: unknown error: Element <div class="row">...</div> is not clickable at point (726, 310). Other element would receive the click: <p>...</p>
  (Session info: chrome=67.0.3396.99)
  (Driver info: chromedriver=2.35.528157 (4429ca2590d6988c0745c24c8858745aaaec01ef),platform=Mac OS X 10.13.1 x86_64) (WARNING: The server did not provide any stacktrace information)
Command duration or timeout: 0 milliseconds
Build info: version: '3.7.1', revision: '8a0099a', time: '2017-11-06T21:07:36.161Z'
System info: host: 'Baqars-MacBook-Pro.local', ip: 'fe80:0:0:0:86b:36f2:e832:f5d1%en0', os.name: 'Mac OS X', os.arch: 'x86_64', os.version: '10.13.1', java.version: '1.8.0_102'
Driver info: com.kms.katalon.selenium.driver.CChromeDriver
Capabilities {acceptInsecureCerts: false, acceptSslCerts: false, applicationCacheEnabled: false, browserConnectionEnabled: false, browserName: chrome, chrome: {chromedriverVersion: 2.35.528157 (4429ca2590d698..., userDataDir: /var/folders/d9/974yd97x407...}, cssSelectorsEnabled: true, databaseEnabled: false, handlesAlerts: true, hasTouchScreen: false, javascriptEnabled: true, locationContextEnabled: true, mobileEmulationEnabled: false, nativeEvents: true, networkConnectionEnabled: false, pageLoadStrategy: normal, platform: MAC, platformName: MAC, rotatable: false, setWindowRect: true, takesHeapSnapshot: true, takesScreenshot: true, unexpectedAlertBehaviour: , unhandledPromptBehavior: , version: 67.0.3396.99, webStorageEnabled: true}
Session ID: 0bf9292a66ae48efbb6e080208d2bab9)
[[ATTACHMENT|/Users/baqarjafri/Katalon Studio/KiboPush/Reports/KiboPush Broadcasts/20180808_162527/1533728029254.png]]]]></system-out>
         <system-err><![CDATA[2018-08-08 16:33:33 - [TEST_CASE][FAILED] - Test Cases/TC0126: Test Cases/TC0126 FAILED because (of) Unable to click on object 'Object Repository/Page_KiboPush  Create Broadcast/div_Broadcast TargetingTextIma' (Root cause: org.openqa.selenium.WebDriverException: unknown error: Element <div class="row">...</div> is not clickable at point (726, 310). Other element would receive the click: <p>...</p>
  (Session info: chrome=67.0.3396.99)
  (Driver info: chromedriver=2.35.528157 (4429ca2590d6988c0745c24c8858745aaaec01ef),platform=Mac OS X 10.13.1 x86_64) (WARNING: The server did not provide any stacktrace information)
Command duration or timeout: 0 milliseconds
Build info: version: '3.7.1', revision: '8a0099a', time: '2017-11-06T21:07:36.161Z'
System info: host: 'Baqars-MacBook-Pro.local', ip: 'fe80:0:0:0:86b:36f2:e832:f5d1%en0', os.name: 'Mac OS X', os.arch: 'x86_64', os.version: '10.13.1', java.version: '1.8.0_102'
Driver info: com.kms.katalon.selenium.driver.CChromeDriver
Capabilities {acceptInsecureCerts: false, acceptSslCerts: false, applicationCacheEnabled: false, browserConnectionEnabled: false, browserName: chrome, chrome: {chromedriverVersion: 2.35.528157 (4429ca2590d698..., userDataDir: /var/folders/d9/974yd97x407...}, cssSelectorsEnabled: true, databaseEnabled: false, handlesAlerts: true, hasTouchScreen: false, javascriptEnabled: true, locationContextEnabled: true, mobileEmulationEnabled: false, nativeEvents: true, networkConnectionEnabled: false, pageLoadStrategy: normal, platform: MAC, platformName: MAC, rotatable: false, setWindowRect: true, takesHeapSnapshot: true, takesScreenshot: true, unexpectedAlertBehaviour: , unhandledPromptBehavior: , version: 67.0.3396.99, webStorageEnabled: true}
Session ID: 0bf9292a66ae48efbb6e080208d2bab9)]]></system-err>
      </testcase>
      <testcase name="Test Cases/TC0127" classname="Test Cases/TC0127" status="PASSED">
         <system-out><![CDATA[2018-08-08 16:33:49 - [TEST_CASE][PASSED] - Test Cases/TC0127: Test Cases/TC0127

2018-08-08 16:33:49 - [TEST_STEP][PASSED] - openBrowser: Browser is opened with url: ''

2018-08-08 16:33:49 - [MESSAGE][WARNING] - A browser is already opened. Closing browser and opening a new one

2018-08-08 16:33:51 - [MESSAGE][PASSED] - Browser is opened with url: ''

2018-08-08 16:33:51 - [TEST_STEP][PASSED] - navigateToUrl: Navigate to 'https://staging.kibopush.com/' successfully

2018-08-08 16:34:04 - [MESSAGE][PASSED] - Navigate to 'https://staging.kibopush.com/' successfully

2018-08-08 16:34:04 - [TEST_STEP][PASSED] - click: Object: 'Object Repository/Page_KiboPush  Sign In/a_Login' is clicked on

2018-08-08 16:34:04 - [MESSAGE][PASSED] - Object: 'Object Repository/Page_KiboPush  Sign In/a_Login' is clicked on

2018-08-08 16:34:04 - [TEST_STEP][PASSED] - click: Object: 'Object Repository/Page_KiboPush  Sign In/button_Team Account' is clicked on

2018-08-08 16:34:04 - [MESSAGE][PASSED] - Object: 'Object Repository/Page_KiboPush  Sign In/button_Team Account' is clicked on

2018-08-08 16:34:04 - [TEST_STEP][PASSED] - setText: Text 'kibopush.com' is set on object 'Object Repository/Page_KiboPush  Sign In/input_form-control m-input'

2018-08-08 16:34:04 - [MESSAGE][PASSED] - Text 'kibopush.com' is set on object 'Object Repository/Page_KiboPush  Sign In/input_form-control m-input'

2018-08-08 16:34:04 - [TEST_STEP][PASSED] - setText: Text 'bjafri5@gmail.com' is set on object 'Object Repository/Page_KiboPush  Sign In/input_form-control m-input_1'

2018-08-08 16:34:04 - [MESSAGE][PASSED] - Text 'bjafri5@gmail.com' is set on object 'Object Repository/Page_KiboPush  Sign In/input_form-control m-input_1'

2018-08-08 16:34:04 - [TEST_STEP][PASSED] - setEncryptedText: Text ****** has been set on object 'Object Repository/Page_KiboPush  Sign In/input_form-control m-input_2'

2018-08-08 16:34:05 - [MESSAGE][PASSED] - Text ****** has been set on object 'Object Repository/Page_KiboPush  Sign In/input_form-control m-input_2'

2018-08-08 16:34:05 - [TEST_STEP][PASSED] - click: Object: 'Object Repository/Page_KiboPush  Sign In/button_Sign In' is clicked on

2018-08-08 16:34:05 - [MESSAGE][PASSED] - Object: 'Object Repository/Page_KiboPush  Sign In/button_Sign In' is clicked on

2018-08-08 16:34:05 - [TEST_STEP][PASSED] - click: Object: 'Object Repository/Page_KiboPush  Dashboard/span_Broadcasts' is clicked on

2018-08-08 16:34:08 - [MESSAGE][PASSED] - Object: 'Object Repository/Page_KiboPush  Dashboard/span_Broadcasts' is clicked on

2018-08-08 16:34:08 - [TEST_STEP][PASSED] - click: Object: 'Object Repository/Page_KiboPush  Broadcast/button_Create New Broadcast' is clicked on

2018-08-08 16:34:08 - [MESSAGE][PASSED] - Object: 'Object Repository/Page_KiboPush  Broadcast/button_Create New Broadcast' is clicked on

2018-08-08 16:34:08 - [TEST_STEP][PASSED] - click: Object: 'Object Repository/Page_KiboPush  Broadcast/a_Use Template' is clicked on

2018-08-08 16:34:08 - [MESSAGE][PASSED] - Object: 'Object Repository/Page_KiboPush  Broadcast/a_Use Template' is clicked on

2018-08-08 16:34:08 - [TEST_STEP][PASSED] - custom.newKeyword.clickUsingJS: custom.newKeyword.clickUsingJS is PASSED

2018-08-08 16:34:08 - [MESSAGE][PASSED] - custom.newKeyword.clickUsingJS is PASSED

2018-08-08 16:34:08 - [TEST_STEP][PASSED] - click: Object: 'Object Repository/Page_KiboPush  Create Broadcast/div_Broadcast TargetingTextIma' is clicked on

2018-08-08 16:34:09 - [MESSAGE][PASSED] - Object: 'Object Repository/Page_KiboPush  Create Broadcast/div_Broadcast TargetingTextIma' is clicked on

2018-08-08 16:34:09 - [TEST_STEP][PASSED] - closeBrowser: Browser is closed

2018-08-08 16:34:09 - [MESSAGE][PASSED] - Browser is closed]]></system-out>
         <system-err><![CDATA[]]></system-err>
      </testcase>
      <testcase name="Test Cases/TC0129" classname="Test Cases/TC0129" status="PASSED">
         <system-out><![CDATA[2018-08-08 16:34:09 - [TEST_CASE][PASSED] - Test Cases/TC0129: Test Cases/TC0129

2018-08-08 16:34:09 - [TEST_STEP][PASSED] - openBrowser: Browser is opened with url: ''

2018-08-08 16:34:10 - [MESSAGE][PASSED] - Browser is opened with url: ''

2018-08-08 16:34:10 - [TEST_STEP][PASSED] - navigateToUrl: Navigate to 'https://staging.kibopush.com/' successfully

2018-08-08 16:34:17 - [MESSAGE][PASSED] - Navigate to 'https://staging.kibopush.com/' successfully

2018-08-08 16:34:17 - [TEST_STEP][PASSED] - click: Object: 'Object Repository/Page_KiboPush  Sign In/a_Login' is clicked on

2018-08-08 16:34:18 - [MESSAGE][PASSED] - Object: 'Object Repository/Page_KiboPush  Sign In/a_Login' is clicked on

2018-08-08 16:34:18 - [TEST_STEP][PASSED] - click: Object: 'Object Repository/Page_KiboPush  Sign In/button_Team Account' is clicked on

2018-08-08 16:34:18 - [MESSAGE][PASSED] - Object: 'Object Repository/Page_KiboPush  Sign In/button_Team Account' is clicked on

2018-08-08 16:34:18 - [TEST_STEP][PASSED] - setText: Text 'kibopush.com' is set on object 'Object Repository/Page_KiboPush  Sign In/input_form-control m-input'

2018-08-08 16:34:18 - [MESSAGE][PASSED] - Text 'kibopush.com' is set on object 'Object Repository/Page_KiboPush  Sign In/input_form-control m-input'

2018-08-08 16:34:18 - [TEST_STEP][PASSED] - setText: Text 'bjafri5@gmail.com' is set on object 'Object Repository/Page_KiboPush  Sign In/input_form-control m-input_1'

2018-08-08 16:34:18 - [MESSAGE][PASSED] - Text 'bjafri5@gmail.com' is set on object 'Object Repository/Page_KiboPush  Sign In/input_form-control m-input_1'

2018-08-08 16:34:18 - [TEST_STEP][PASSED] - setEncryptedText: Text ****** has been set on object 'Object Repository/Page_KiboPush  Sign In/input_form-control m-input_2'

2018-08-08 16:34:18 - [MESSAGE][PASSED] - Text ****** has been set on object 'Object Repository/Page_KiboPush  Sign In/input_form-control m-input_2'

2018-08-08 16:34:18 - [TEST_STEP][PASSED] - click: Object: 'Object Repository/Page_KiboPush  Sign In/button_Sign In' is clicked on

2018-08-08 16:34:19 - [MESSAGE][PASSED] - Object: 'Object Repository/Page_KiboPush  Sign In/button_Sign In' is clicked on

2018-08-08 16:34:19 - [TEST_STEP][PASSED] - click: Object: 'Object Repository/Page_KiboPush  Dashboard/span_Broadcasts' is clicked on

2018-08-08 16:34:21 - [MESSAGE][PASSED] - Object: 'Object Repository/Page_KiboPush  Dashboard/span_Broadcasts' is clicked on

2018-08-08 16:34:21 - [TEST_STEP][PASSED] - click: Object: 'Object Repository/Page_KiboPush  Broadcast/span_Create New Broadcast (1)' is clicked on

2018-08-08 16:34:22 - [MESSAGE][PASSED] - Object: 'Object Repository/Page_KiboPush  Broadcast/span_Create New Broadcast (1)' is clicked on

2018-08-08 16:34:22 - [TEST_STEP][PASSED] - click: Object: 'Object Repository/Page_KiboPush  Broadcast/a_Use Template (1)' is clicked on

2018-08-08 16:34:22 - [MESSAGE][PASSED] - Object: 'Object Repository/Page_KiboPush  Broadcast/a_Use Template (1)' is clicked on

2018-08-08 16:34:22 - [TEST_STEP][PASSED] - selectOptionByValue: All options with value 'Customer Behavior' are selected in object 'Object Repository/Page_KiboPush  Broadcast/select_Filter by Category...Al'  using regular expression

2018-08-08 16:34:23 - [MESSAGE][PASSED] - All options with value 'Customer Behavior' are selected in object 'Object Repository/Page_KiboPush  Broadcast/select_Filter by Category...Al'  using regular expression

2018-08-08 16:34:23 - [TEST_STEP][PASSED] - click: Object: 'Object Repository/Page_KiboPush  Broadcast/span_Category Customer Behavio' is clicked on

2018-08-08 16:34:23 - [MESSAGE][PASSED] - Object: 'Object Repository/Page_KiboPush  Broadcast/span_Category Customer Behavio' is clicked on

2018-08-08 16:34:23 - [TEST_STEP][PASSED] - selectOptionByValue: All options with value 'Product Use' are selected in object 'Object Repository/Page_KiboPush  Broadcast/select_Filter by Category...Al'  using regular expression

2018-08-08 16:34:23 - [MESSAGE][PASSED] - All options with value 'Product Use' are selected in object 'Object Repository/Page_KiboPush  Broadcast/select_Filter by Category...Al'  using regular expression

2018-08-08 16:34:23 - [TEST_STEP][PASSED] - click: Object: 'Object Repository/Page_KiboPush  Broadcast/span_Category Product Use' is clicked on

2018-08-08 16:34:23 - [MESSAGE][PASSED] - Object: 'Object Repository/Page_KiboPush  Broadcast/span_Category Product Use' is clicked on

2018-08-08 16:34:23 - [TEST_STEP][PASSED] - selectOptionByValue: All options with value 'Entertain and Engage' are selected in object 'Object Repository/Page_KiboPush  Broadcast/select_Filter by Category...Al'  using regular expression

2018-08-08 16:34:24 - [MESSAGE][PASSED] - All options with value 'Entertain and Engage' are selected in object 'Object Repository/Page_KiboPush  Broadcast/select_Filter by Category...Al'  using regular expression

2018-08-08 16:34:24 - [TEST_STEP][PASSED] - click: Object: 'Object Repository/Page_KiboPush  Broadcast/span_Category Entertain and En' is clicked on

2018-08-08 16:34:24 - [MESSAGE][PASSED] - Object: 'Object Repository/Page_KiboPush  Broadcast/span_Category Entertain and En' is clicked on

2018-08-08 16:34:24 - [TEST_STEP][PASSED] - closeBrowser: Browser is closed

2018-08-08 16:34:24 - [MESSAGE][PASSED] - Browser is closed]]></system-out>
         <system-err><![CDATA[]]></system-err>
      </testcase>
      <testcase name="Test Cases/TC0130" classname="Test Cases/TC0130" status="PASSED">
         <system-out><![CDATA[2018-08-08 16:34:24 - [TEST_CASE][PASSED] - Test Cases/TC0130: Test Cases/TC0130

2018-08-08 16:34:24 - [TEST_STEP][PASSED] - openBrowser: Browser is opened with url: ''

2018-08-08 16:34:25 - [MESSAGE][PASSED] - Browser is opened with url: ''

2018-08-08 16:34:25 - [TEST_STEP][PASSED] - navigateToUrl: Navigate to 'https://staging.kibopush.com/' successfully

2018-08-08 16:34:33 - [MESSAGE][PASSED] - Navigate to 'https://staging.kibopush.com/' successfully

2018-08-08 16:34:33 - [TEST_STEP][PASSED] - click: Object: 'Object Repository/Page_KiboPush  Sign In/a_Login' is clicked on

2018-08-08 16:34:34 - [MESSAGE][PASSED] - Object: 'Object Repository/Page_KiboPush  Sign In/a_Login' is clicked on

2018-08-08 16:34:34 - [TEST_STEP][PASSED] - click: Object: 'Object Repository/Page_KiboPush  Sign In/button_Team Account' is clicked on

2018-08-08 16:34:34 - [MESSAGE][PASSED] - Object: 'Object Repository/Page_KiboPush  Sign In/button_Team Account' is clicked on

2018-08-08 16:34:34 - [TEST_STEP][PASSED] - setText: Text 'kibopush.com' is set on object 'Object Repository/Page_KiboPush  Sign In/input_form-control m-input'

2018-08-08 16:34:34 - [MESSAGE][PASSED] - Text 'kibopush.com' is set on object 'Object Repository/Page_KiboPush  Sign In/input_form-control m-input'

2018-08-08 16:34:34 - [TEST_STEP][PASSED] - setText: Text 'bjafri5@gmail.com' is set on object 'Object Repository/Page_KiboPush  Sign In/input_form-control m-input_1'

2018-08-08 16:34:34 - [MESSAGE][PASSED] - Text 'bjafri5@gmail.com' is set on object 'Object Repository/Page_KiboPush  Sign In/input_form-control m-input_1'

2018-08-08 16:34:34 - [TEST_STEP][PASSED] - setEncryptedText: Text ****** has been set on object 'Object Repository/Page_KiboPush  Sign In/input_form-control m-input_2'

2018-08-08 16:34:34 - [MESSAGE][PASSED] - Text ****** has been set on object 'Object Repository/Page_KiboPush  Sign In/input_form-control m-input_2'

2018-08-08 16:34:34 - [TEST_STEP][PASSED] - click: Object: 'Object Repository/Page_KiboPush  Sign In/button_Sign In' is clicked on

2018-08-08 16:34:35 - [MESSAGE][PASSED] - Object: 'Object Repository/Page_KiboPush  Sign In/button_Sign In' is clicked on

2018-08-08 16:34:35 - [TEST_STEP][PASSED] - click: Object: 'Object Repository/Page_KiboPush  Dashboard/span_Broadcasts' is clicked on

2018-08-08 16:34:37 - [MESSAGE][PASSED] - Object: 'Object Repository/Page_KiboPush  Dashboard/span_Broadcasts' is clicked on

2018-08-08 16:34:37 - [TEST_STEP][PASSED] - click: Object: 'Object Repository/Page_KiboPush  Broadcast/span_Create New Broadcast' is clicked on

2018-08-08 16:34:38 - [MESSAGE][PASSED] - Object: 'Object Repository/Page_KiboPush  Broadcast/span_Create New Broadcast' is clicked on

2018-08-08 16:34:38 - [TEST_STEP][PASSED] - click: Object: 'Object Repository/Page_KiboPush  Broadcast/a_Use Template' is clicked on

2018-08-08 16:34:38 - [MESSAGE][PASSED] - Object: 'Object Repository/Page_KiboPush  Broadcast/a_Use Template' is clicked on

2018-08-08 16:34:38 - [TEST_STEP][PASSED] - click: Object: 'Object Repository/Page_KiboPush  Broadcast/a_Edit Template' is clicked on

2018-08-08 16:34:39 - [MESSAGE][PASSED] - Object: 'Object Repository/Page_KiboPush  Broadcast/a_Edit Template' is clicked on

2018-08-08 16:34:39 - [TEST_STEP][PASSED] - delay: Delayed 1 second(s)

2018-08-08 16:34:40 - [MESSAGE][PASSED] - Delayed 1 second(s)

2018-08-08 16:34:40 - [TEST_STEP][PASSED] - setText: Text 'TitleX' is set on object 'Object Repository/Page_KiboPush  Create Broadcast/input_form-control (1)'

2018-08-08 16:34:40 - [MESSAGE][PASSED] - Text 'TitleX' is set on object 'Object Repository/Page_KiboPush  Create Broadcast/input_form-control (1)'

2018-08-08 16:34:40 - [TEST_STEP][PASSED] - setText: Text 'X' is set on object 'Object Repository/Page_KiboPush  Create Broadcast/textarea_form-control'

2018-08-08 16:34:40 - [MESSAGE][PASSED] - Text 'X' is set on object 'Object Repository/Page_KiboPush  Create Broadcast/textarea_form-control'

2018-08-08 16:34:40 - [TEST_STEP][PASSED] - closeBrowser: Browser is closed

2018-08-08 16:34:41 - [MESSAGE][PASSED] - Browser is closed]]></system-out>
         <system-err><![CDATA[]]></system-err>
      </testcase>
      <testcase name="Test Cases/TC0131" classname="Test Cases/TC0131" status="PASSED">
         <system-out><![CDATA[2018-08-08 16:34:41 - [TEST_CASE][PASSED] - Test Cases/TC0131: Test Cases/TC0131

2018-08-08 16:34:41 - [TEST_STEP][PASSED] - openBrowser: Browser is opened with url: ''

2018-08-08 16:34:42 - [MESSAGE][PASSED] - Browser is opened with url: ''

2018-08-08 16:34:42 - [TEST_STEP][PASSED] - navigateToUrl: Navigate to 'https://staging.kibopush.com/' successfully

2018-08-08 16:34:51 - [MESSAGE][PASSED] - Navigate to 'https://staging.kibopush.com/' successfully

2018-08-08 16:34:51 - [TEST_STEP][PASSED] - click: Object: 'Object Repository/Page_KiboPush  Sign In/a_Login' is clicked on

2018-08-08 16:34:52 - [MESSAGE][PASSED] - Object: 'Object Repository/Page_KiboPush  Sign In/a_Login' is clicked on

2018-08-08 16:34:52 - [TEST_STEP][PASSED] - click: Object: 'Object Repository/Page_KiboPush  Sign In/button_Team Account' is clicked on

2018-08-08 16:34:52 - [MESSAGE][PASSED] - Object: 'Object Repository/Page_KiboPush  Sign In/button_Team Account' is clicked on

2018-08-08 16:34:52 - [TEST_STEP][PASSED] - setText: Text 'kibopush.com' is set on object 'Object Repository/Page_KiboPush  Sign In/input_form-control m-input'

2018-08-08 16:34:52 - [MESSAGE][PASSED] - Text 'kibopush.com' is set on object 'Object Repository/Page_KiboPush  Sign In/input_form-control m-input'

2018-08-08 16:34:52 - [TEST_STEP][PASSED] - setText: Text 'bjafri5@gmail.com' is set on object 'Object Repository/Page_KiboPush  Sign In/input_form-control m-input_1'

2018-08-08 16:34:52 - [MESSAGE][PASSED] - Text 'bjafri5@gmail.com' is set on object 'Object Repository/Page_KiboPush  Sign In/input_form-control m-input_1'

2018-08-08 16:34:52 - [TEST_STEP][PASSED] - setEncryptedText: Text ****** has been set on object 'Object Repository/Page_KiboPush  Sign In/input_form-control m-input_2'

2018-08-08 16:34:53 - [MESSAGE][PASSED] - Text ****** has been set on object 'Object Repository/Page_KiboPush  Sign In/input_form-control m-input_2'

2018-08-08 16:34:53 - [TEST_STEP][PASSED] - click: Object: 'Object Repository/Page_KiboPush  Sign In/button_Sign In' is clicked on

2018-08-08 16:34:53 - [MESSAGE][PASSED] - Object: 'Object Repository/Page_KiboPush  Sign In/button_Sign In' is clicked on

2018-08-08 16:34:53 - [TEST_STEP][PASSED] - click: Object: 'Object Repository/Page_KiboPush  Dashboard/span_Broadcasts' is clicked on

2018-08-08 16:34:57 - [MESSAGE][PASSED] - Object: 'Object Repository/Page_KiboPush  Dashboard/span_Broadcasts' is clicked on

2018-08-08 16:34:57 - [TEST_STEP][PASSED] - click: Object: 'Object Repository/Page_KiboPush  Broadcast/span_Create New Broadcast' is clicked on

2018-08-08 16:34:57 - [MESSAGE][PASSED] - Object: 'Object Repository/Page_KiboPush  Broadcast/span_Create New Broadcast' is clicked on

2018-08-08 16:34:57 - [TEST_STEP][PASSED] - click: Object: 'Object Repository/Page_KiboPush  Broadcast/a_Create New Broadcast' is clicked on

2018-08-08 16:34:58 - [MESSAGE][PASSED] - Object: 'Object Repository/Page_KiboPush  Broadcast/a_Create New Broadcast' is clicked on

2018-08-08 16:34:58 - [TEST_STEP][PASSED] - custom.newKeyword.clickUsingJS: custom.newKeyword.clickUsingJS is PASSED

2018-08-08 16:34:58 - [MESSAGE][PASSED] - custom.newKeyword.clickUsingJS is PASSED

2018-08-08 16:34:58 - [TEST_STEP][PASSED] - setText: Text 'T' is set on object 'Object Repository/Page_KiboPush  Create Broadcast/textarea_hoverbordersolid form'

2018-08-08 16:34:58 - [MESSAGE][PASSED] - Text 'T' is set on object 'Object Repository/Page_KiboPush  Create Broadcast/textarea_hoverbordersolid form'

2018-08-08 16:34:58 - [TEST_STEP][PASSED] - setText: Text 'Te' is set on object 'Object Repository/Page_KiboPush  Create Broadcast/textarea_T'

2018-08-08 16:34:58 - [MESSAGE][PASSED] - Text 'Te' is set on object 'Object Repository/Page_KiboPush  Create Broadcast/textarea_T'

2018-08-08 16:34:58 - [TEST_STEP][PASSED] - setText: Text 'Tex' is set on object 'Object Repository/Page_KiboPush  Create Broadcast/textarea_Te'

2018-08-08 16:34:58 - [MESSAGE][PASSED] - Text 'Tex' is set on object 'Object Repository/Page_KiboPush  Create Broadcast/textarea_Te'

2018-08-08 16:34:58 - [TEST_STEP][PASSED] - setText: Text 'Text' is set on object 'Object Repository/Page_KiboPush  Create Broadcast/textarea_Tex'

2018-08-08 16:34:58 - [MESSAGE][PASSED] - Text 'Text' is set on object 'Object Repository/Page_KiboPush  Create Broadcast/textarea_Tex'

2018-08-08 16:34:58 - [TEST_STEP][PASSED] - closeBrowser: Browser is closed

2018-08-08 16:34:59 - [MESSAGE][PASSED] - Browser is closed]]></system-out>
         <system-err><![CDATA[]]></system-err>
      </testcase>
      <testcase name="Test Cases/TC0132" classname="Test Cases/TC0132" status="PASSED">
         <system-out><![CDATA[2018-08-08 16:34:59 - [TEST_CASE][PASSED] - Test Cases/TC0132: Test Cases/TC0132

2018-08-08 16:34:59 - [TEST_STEP][PASSED] - openBrowser: Browser is opened with url: ''

2018-08-08 16:35:00 - [MESSAGE][PASSED] - Browser is opened with url: ''

2018-08-08 16:35:00 - [TEST_STEP][PASSED] - navigateToUrl: Navigate to 'https://staging.kibopush.com/' successfully

2018-08-08 16:35:12 - [MESSAGE][PASSED] - Navigate to 'https://staging.kibopush.com/' successfully

2018-08-08 16:35:12 - [TEST_STEP][PASSED] - click: Object: 'Object Repository/Page_KiboPush  Sign In/a_Login' is clicked on

2018-08-08 16:35:12 - [MESSAGE][PASSED] - Object: 'Object Repository/Page_KiboPush  Sign In/a_Login' is clicked on

2018-08-08 16:35:12 - [TEST_STEP][PASSED] - click: Object: 'Object Repository/Page_KiboPush  Sign In/button_Team Account' is clicked on

2018-08-08 16:35:12 - [MESSAGE][PASSED] - Object: 'Object Repository/Page_KiboPush  Sign In/button_Team Account' is clicked on

2018-08-08 16:35:12 - [TEST_STEP][PASSED] - setText: Text 'kibopush.com' is set on object 'Object Repository/Page_KiboPush  Sign In/input_form-control m-input'

2018-08-08 16:35:12 - [MESSAGE][PASSED] - Text 'kibopush.com' is set on object 'Object Repository/Page_KiboPush  Sign In/input_form-control m-input'

2018-08-08 16:35:12 - [TEST_STEP][PASSED] - setText: Text 'bjafri5@gmail.com' is set on object 'Object Repository/Page_KiboPush  Sign In/input_form-control m-input_1'

2018-08-08 16:35:12 - [MESSAGE][PASSED] - Text 'bjafri5@gmail.com' is set on object 'Object Repository/Page_KiboPush  Sign In/input_form-control m-input_1'

2018-08-08 16:35:12 - [TEST_STEP][PASSED] - setEncryptedText: Text ****** has been set on object 'Object Repository/Page_KiboPush  Sign In/input_form-control m-input_2'

2018-08-08 16:35:13 - [MESSAGE][PASSED] - Text ****** has been set on object 'Object Repository/Page_KiboPush  Sign In/input_form-control m-input_2'

2018-08-08 16:35:13 - [TEST_STEP][PASSED] - click: Object: 'Object Repository/Page_KiboPush  Sign In/button_Sign In' is clicked on

2018-08-08 16:35:13 - [MESSAGE][PASSED] - Object: 'Object Repository/Page_KiboPush  Sign In/button_Sign In' is clicked on

2018-08-08 16:35:13 - [TEST_STEP][PASSED] - click: Object: 'Object Repository/Page_KiboPush  Dashboard/span_Broadcasts' is clicked on

2018-08-08 16:35:16 - [MESSAGE][PASSED] - Object: 'Object Repository/Page_KiboPush  Dashboard/span_Broadcasts' is clicked on

2018-08-08 16:35:16 - [TEST_STEP][PASSED] - click: Object: 'Object Repository/Page_KiboPush  Broadcast/span_Create New Broadcast' is clicked on

2018-08-08 16:35:16 - [MESSAGE][PASSED] - Object: 'Object Repository/Page_KiboPush  Broadcast/span_Create New Broadcast' is clicked on

2018-08-08 16:35:16 - [TEST_STEP][PASSED] - click: Object: 'Object Repository/Page_KiboPush  Broadcast/a_Create New Broadcast' is clicked on

2018-08-08 16:35:16 - [MESSAGE][PASSED] - Object: 'Object Repository/Page_KiboPush  Broadcast/a_Create New Broadcast' is clicked on

2018-08-08 16:35:16 - [TEST_STEP][PASSED] - custom.newKeyword.clickUsingJS: custom.newKeyword.clickUsingJS is PASSED

2018-08-08 16:35:17 - [MESSAGE][PASSED] - custom.newKeyword.clickUsingJS is PASSED

2018-08-08 16:35:17 - [TEST_STEP][PASSED] - click: Object: 'Object Repository/Page_KiboPush  Create Broadcast/button_Next' is clicked on

2018-08-08 16:35:17 - [MESSAGE][PASSED] - Object: 'Object Repository/Page_KiboPush  Create Broadcast/button_Next' is clicked on

2018-08-08 16:35:17 - [TEST_STEP][PASSED] - click: Object: 'Object Repository/Page_KiboPush  Create Broadcast/div_Text cannot be empty' is clicked on

2018-08-08 16:35:17 - [MESSAGE][PASSED] - Object: 'Object Repository/Page_KiboPush  Create Broadcast/div_Text cannot be empty' is clicked on

2018-08-08 16:35:17 - [TEST_STEP][PASSED] - setText: Text 'X' is set on object 'Object Repository/Page_KiboPush  Create Broadcast/textarea_hoverbordersolid form (1)'

2018-08-08 16:35:17 - [MESSAGE][PASSED] - Text 'X' is set on object 'Object Repository/Page_KiboPush  Create Broadcast/textarea_hoverbordersolid form (1)'

2018-08-08 16:35:17 - [TEST_STEP][PASSED] - closeBrowser: Browser is closed

2018-08-08 16:35:17 - [MESSAGE][PASSED] - Browser is closed]]></system-out>
         <system-err><![CDATA[]]></system-err>
      </testcase>
      <testcase name="Test Cases/TC0133" classname="Test Cases/TC0133" status="PASSED">
         <system-out><![CDATA[2018-08-08 16:35:17 - [TEST_CASE][PASSED] - Test Cases/TC0133: Test Cases/TC0133

2018-08-08 16:35:18 - [TEST_STEP][PASSED] - openBrowser: Browser is opened with url: ''

2018-08-08 16:35:18 - [MESSAGE][PASSED] - Browser is opened with url: ''

2018-08-08 16:35:18 - [TEST_STEP][PASSED] - navigateToUrl: Navigate to 'https://staging.kibopush.com/' successfully

2018-08-08 16:35:31 - [MESSAGE][PASSED] - Navigate to 'https://staging.kibopush.com/' successfully

2018-08-08 16:35:31 - [TEST_STEP][PASSED] - click: Object: 'Object Repository/Page_KiboPush  Sign In/a_Login' is clicked on

2018-08-08 16:35:31 - [MESSAGE][PASSED] - Object: 'Object Repository/Page_KiboPush  Sign In/a_Login' is clicked on

2018-08-08 16:35:31 - [TEST_STEP][PASSED] - click: Object: 'Object Repository/Page_KiboPush  Sign In/button_Team Account' is clicked on

2018-08-08 16:35:31 - [MESSAGE][PASSED] - Object: 'Object Repository/Page_KiboPush  Sign In/button_Team Account' is clicked on

2018-08-08 16:35:31 - [TEST_STEP][PASSED] - setText: Text 'kibopush.com' is set on object 'Object Repository/Page_KiboPush  Sign In/input_form-control m-input'

2018-08-08 16:35:31 - [MESSAGE][PASSED] - Text 'kibopush.com' is set on object 'Object Repository/Page_KiboPush  Sign In/input_form-control m-input'

2018-08-08 16:35:31 - [TEST_STEP][PASSED] - setText: Text 'bjafri5@gmail.com' is set on object 'Object Repository/Page_KiboPush  Sign In/input_form-control m-input_1'

2018-08-08 16:35:31 - [MESSAGE][PASSED] - Text 'bjafri5@gmail.com' is set on object 'Object Repository/Page_KiboPush  Sign In/input_form-control m-input_1'

2018-08-08 16:35:31 - [TEST_STEP][PASSED] - setEncryptedText: Text ****** has been set on object 'Object Repository/Page_KiboPush  Sign In/input_form-control m-input_2'

2018-08-08 16:35:32 - [MESSAGE][PASSED] - Text ****** has been set on object 'Object Repository/Page_KiboPush  Sign In/input_form-control m-input_2'

2018-08-08 16:35:32 - [TEST_STEP][PASSED] - click: Object: 'Object Repository/Page_KiboPush  Sign In/button_Sign In' is clicked on

2018-08-08 16:35:32 - [MESSAGE][PASSED] - Object: 'Object Repository/Page_KiboPush  Sign In/button_Sign In' is clicked on

2018-08-08 16:35:32 - [TEST_STEP][PASSED] - click: Object: 'Object Repository/Page_KiboPush  Dashboard/span_Broadcasts' is clicked on

2018-08-08 16:35:35 - [MESSAGE][PASSED] - Object: 'Object Repository/Page_KiboPush  Dashboard/span_Broadcasts' is clicked on

2018-08-08 16:35:35 - [TEST_STEP][PASSED] - click: Object: 'Object Repository/Page_KiboPush  Broadcast/span_Create New Broadcast' is clicked on

2018-08-08 16:35:35 - [MESSAGE][PASSED] - Object: 'Object Repository/Page_KiboPush  Broadcast/span_Create New Broadcast' is clicked on

2018-08-08 16:35:35 - [TEST_STEP][PASSED] - click: Object: 'Object Repository/Page_KiboPush  Broadcast/a_Create New Broadcast' is clicked on

2018-08-08 16:35:35 - [MESSAGE][PASSED] - Object: 'Object Repository/Page_KiboPush  Broadcast/a_Create New Broadcast' is clicked on

2018-08-08 16:35:35 - [TEST_STEP][PASSED] - delay: Delayed 1 second(s)

2018-08-08 16:35:36 - [MESSAGE][PASSED] - Delayed 1 second(s)

2018-08-08 16:35:36 - [TEST_STEP][PASSED] - click: Object: 'Object Repository/Page_KiboPush  Create Broadcast/div_Text' is clicked on

2018-08-08 16:35:36 - [MESSAGE][PASSED] - Object: 'Object Repository/Page_KiboPush  Create Broadcast/div_Text' is clicked on

2018-08-08 16:35:36 - [TEST_STEP][PASSED] - click: Object: 'Object Repository/Page_KiboPush  Create Broadcast/div_ Add Button' is clicked on

2018-08-08 16:35:37 - [MESSAGE][PASSED] - Object: 'Object Repository/Page_KiboPush  Create Broadcast/div_ Add Button' is clicked on

2018-08-08 16:35:37 - [TEST_STEP][PASSED] - setText: Text 'KiboPush' is set on object 'Object Repository/Page_KiboPush  Create Broadcast/input_form-control'

2018-08-08 16:35:37 - [MESSAGE][PASSED] - Text 'KiboPush' is set on object 'Object Repository/Page_KiboPush  Create Broadcast/input_form-control'

2018-08-08 16:35:37 - [TEST_STEP][PASSED] - click: Object: 'Object Repository/Page_KiboPush  Create Broadcast/div_Open a website' is clicked on

2018-08-08 16:35:37 - [MESSAGE][PASSED] - Object: 'Object Repository/Page_KiboPush  Create Broadcast/div_Open a website' is clicked on

2018-08-08 16:35:37 - [TEST_STEP][PASSED] - setText: Text 'kibopush.com' is set on object 'Object Repository/Page_KiboPush  Create Broadcast/input_form-control_1'

2018-08-08 16:35:37 - [MESSAGE][PASSED] - Text 'kibopush.com' is set on object 'Object Repository/Page_KiboPush  Create Broadcast/input_form-control_1'

2018-08-08 16:35:37 - [TEST_STEP][PASSED] - click: Object: 'Object Repository/Page_KiboPush  Create Broadcast/button_Done' is clicked on

2018-08-08 16:35:38 - [MESSAGE][PASSED] - Object: 'Object Repository/Page_KiboPush  Create Broadcast/button_Done' is clicked on]]></system-out>
         <system-err><![CDATA[]]></system-err>
      </testcase>
      <testcase name="Test Cases/TC0137" classname="Test Cases/TC0137" status="PASSED">
         <system-out><![CDATA[2018-08-08 16:35:38 - [TEST_CASE][PASSED] - Test Cases/TC0137: Test Cases/TC0137

2018-08-08 16:35:38 - [TEST_STEP][PASSED] - openBrowser: Browser is opened with url: ''

2018-08-08 16:35:38 - [MESSAGE][WARNING] - A browser is already opened. Closing browser and opening a new one

2018-08-08 16:35:39 - [MESSAGE][PASSED] - Browser is opened with url: ''

2018-08-08 16:35:39 - [TEST_STEP][PASSED] - navigateToUrl: Navigate to 'https://staging.kibopush.com/' successfully

2018-08-08 16:35:51 - [MESSAGE][PASSED] - Navigate to 'https://staging.kibopush.com/' successfully

2018-08-08 16:35:51 - [TEST_STEP][PASSED] - click: Object: 'Object Repository/Page_KiboPush  Sign In/a_Login' is clicked on

2018-08-08 16:35:51 - [MESSAGE][PASSED] - Object: 'Object Repository/Page_KiboPush  Sign In/a_Login' is clicked on

2018-08-08 16:35:51 - [TEST_STEP][PASSED] - click: Object: 'Object Repository/Page_KiboPush  Sign In/button_Team Account' is clicked on

2018-08-08 16:35:51 - [MESSAGE][PASSED] - Object: 'Object Repository/Page_KiboPush  Sign In/button_Team Account' is clicked on

2018-08-08 16:35:51 - [TEST_STEP][PASSED] - setText: Text 'kibopush.com' is set on object 'Object Repository/Page_KiboPush  Sign In/input_form-control m-input'

2018-08-08 16:35:51 - [MESSAGE][PASSED] - Text 'kibopush.com' is set on object 'Object Repository/Page_KiboPush  Sign In/input_form-control m-input'

2018-08-08 16:35:51 - [TEST_STEP][PASSED] - setText: Text 'bjafri5@gmail.com' is set on object 'Object Repository/Page_KiboPush  Sign In/input_form-control m-input_1'

2018-08-08 16:35:52 - [MESSAGE][PASSED] - Text 'bjafri5@gmail.com' is set on object 'Object Repository/Page_KiboPush  Sign In/input_form-control m-input_1'

2018-08-08 16:35:52 - [TEST_STEP][PASSED] - setEncryptedText: Text ****** has been set on object 'Object Repository/Page_KiboPush  Sign In/input_form-control m-input_2'

2018-08-08 16:35:52 - [MESSAGE][PASSED] - Text ****** has been set on object 'Object Repository/Page_KiboPush  Sign In/input_form-control m-input_2'

2018-08-08 16:35:52 - [TEST_STEP][PASSED] - click: Object: 'Object Repository/Page_KiboPush  Sign In/button_Sign In' is clicked on

2018-08-08 16:35:52 - [MESSAGE][PASSED] - Object: 'Object Repository/Page_KiboPush  Sign In/button_Sign In' is clicked on

2018-08-08 16:35:52 - [TEST_STEP][PASSED] - click: Object: 'Object Repository/Page_KiboPush  Dashboard/span_Broadcasts' is clicked on

2018-08-08 16:35:55 - [MESSAGE][PASSED] - Object: 'Object Repository/Page_KiboPush  Dashboard/span_Broadcasts' is clicked on

2018-08-08 16:35:55 - [TEST_STEP][PASSED] - click: Object: 'Object Repository/Page_KiboPush  Broadcast/span_Create New Broadcast' is clicked on

2018-08-08 16:35:55 - [MESSAGE][PASSED] - Object: 'Object Repository/Page_KiboPush  Broadcast/span_Create New Broadcast' is clicked on

2018-08-08 16:35:55 - [TEST_STEP][PASSED] - click: Object: 'Object Repository/Page_KiboPush  Broadcast/a_Create New Broadcast' is clicked on

2018-08-08 16:35:55 - [MESSAGE][PASSED] - Object: 'Object Repository/Page_KiboPush  Broadcast/a_Create New Broadcast' is clicked on

2018-08-08 16:35:55 - [TEST_STEP][PASSED] - delay: Delayed 1 second(s)

2018-08-08 16:35:56 - [MESSAGE][PASSED] - Delayed 1 second(s)

2018-08-08 16:35:56 - [TEST_STEP][PASSED] - click: Object: 'Object Repository/Page_KiboPush  Create Broadcast/div_Image (2)' is clicked on

2018-08-08 16:35:56 - [MESSAGE][PASSED] - Object: 'Object Repository/Page_KiboPush  Create Broadcast/div_Image (2)' is clicked on

2018-08-08 16:35:56 - [TEST_STEP][PASSED] - delay: Delayed 1 second(s)

2018-08-08 16:35:57 - [MESSAGE][PASSED] - Delayed 1 second(s)

2018-08-08 16:35:57 - [TEST_STEP][PASSED] - click: Object: 'Object Repository/Page_KiboPush  Create Broadcast/div_Image_1' is clicked on

2018-08-08 16:35:57 - [MESSAGE][PASSED] - Object: 'Object Repository/Page_KiboPush  Create Broadcast/div_Image_1' is clicked on

2018-08-08 16:35:57 - [TEST_STEP][PASSED] - closeBrowser: Browser is closed

2018-08-08 16:35:58 - [MESSAGE][PASSED] - Browser is closed]]></system-out>
         <system-err><![CDATA[]]></system-err>
      </testcase>
      <testcase name="Test Cases/TC0138" classname="Test Cases/TC0138" status="PASSED">
         <system-out><![CDATA[2018-08-08 16:35:58 - [TEST_CASE][PASSED] - Test Cases/TC0138: Test Cases/TC0138

2018-08-08 16:35:58 - [TEST_STEP][PASSED] - openBrowser: Browser is opened with url: ''

2018-08-08 16:35:59 - [MESSAGE][PASSED] - Browser is opened with url: ''

2018-08-08 16:35:59 - [TEST_STEP][PASSED] - navigateToUrl: Navigate to 'https://staging.kibopush.com/' successfully

2018-08-08 16:36:10 - [MESSAGE][PASSED] - Navigate to 'https://staging.kibopush.com/' successfully

2018-08-08 16:36:10 - [TEST_STEP][PASSED] - click: Object: 'Object Repository/Page_KiboPush  Sign In/a_Login' is clicked on

2018-08-08 16:36:10 - [MESSAGE][PASSED] - Object: 'Object Repository/Page_KiboPush  Sign In/a_Login' is clicked on

2018-08-08 16:36:10 - [TEST_STEP][PASSED] - click: Object: 'Object Repository/Page_KiboPush  Sign In/button_Team Account' is clicked on

2018-08-08 16:36:10 - [MESSAGE][PASSED] - Object: 'Object Repository/Page_KiboPush  Sign In/button_Team Account' is clicked on

2018-08-08 16:36:10 - [TEST_STEP][PASSED] - setText: Text 'kibopush.com' is set on object 'Object Repository/Page_KiboPush  Sign In/input_form-control m-input'

2018-08-08 16:36:10 - [MESSAGE][PASSED] - Text 'kibopush.com' is set on object 'Object Repository/Page_KiboPush  Sign In/input_form-control m-input'

2018-08-08 16:36:10 - [TEST_STEP][PASSED] - setText: Text 'bjafri5@gmail.com' is set on object 'Object Repository/Page_KiboPush  Sign In/input_form-control m-input_1'

2018-08-08 16:36:11 - [MESSAGE][PASSED] - Text 'bjafri5@gmail.com' is set on object 'Object Repository/Page_KiboPush  Sign In/input_form-control m-input_1'

2018-08-08 16:36:11 - [TEST_STEP][PASSED] - setEncryptedText: Text ****** has been set on object 'Object Repository/Page_KiboPush  Sign In/input_form-control m-input_2'

2018-08-08 16:36:11 - [MESSAGE][PASSED] - Text ****** has been set on object 'Object Repository/Page_KiboPush  Sign In/input_form-control m-input_2'

2018-08-08 16:36:11 - [TEST_STEP][PASSED] - click: Object: 'Object Repository/Page_KiboPush  Sign In/button_Sign In' is clicked on

2018-08-08 16:36:11 - [MESSAGE][PASSED] - Object: 'Object Repository/Page_KiboPush  Sign In/button_Sign In' is clicked on

2018-08-08 16:36:11 - [TEST_STEP][PASSED] - click: Object: 'Object Repository/Page_KiboPush  Dashboard/span_Broadcasts' is clicked on

2018-08-08 16:36:14 - [MESSAGE][PASSED] - Object: 'Object Repository/Page_KiboPush  Dashboard/span_Broadcasts' is clicked on

2018-08-08 16:36:14 - [TEST_STEP][PASSED] - click: Object: 'Object Repository/Page_KiboPush  Broadcast/button_Create New Broadcast' is clicked on

2018-08-08 16:36:14 - [MESSAGE][PASSED] - Object: 'Object Repository/Page_KiboPush  Broadcast/button_Create New Broadcast' is clicked on

2018-08-08 16:36:14 - [TEST_STEP][PASSED] - click: Object: 'Object Repository/Page_KiboPush  Broadcast/a_Create New Broadcast' is clicked on

2018-08-08 16:36:14 - [MESSAGE][PASSED] - Object: 'Object Repository/Page_KiboPush  Broadcast/a_Create New Broadcast' is clicked on

2018-08-08 16:36:14 - [TEST_STEP][PASSED] - delay: Delayed 1 second(s)

2018-08-08 16:36:15 - [MESSAGE][PASSED] - Delayed 1 second(s)

2018-08-08 16:36:15 - [TEST_STEP][PASSED] - click: Object: 'Object Repository/Page_KiboPush  Create Broadcast/div_Image (3)' is clicked on

2018-08-08 16:36:15 - [MESSAGE][PASSED] - Object: 'Object Repository/Page_KiboPush  Create Broadcast/div_Image (3)' is clicked on

2018-08-08 16:36:15 - [TEST_STEP][PASSED] - delay: Delayed 1 second(s)

2018-08-08 16:36:16 - [MESSAGE][PASSED] - Delayed 1 second(s)

2018-08-08 16:36:16 - [TEST_STEP][PASSED] - click: Object: 'Object Repository/Page_KiboPush  Create Broadcast/button_Next (1)' is clicked on

2018-08-08 16:36:17 - [MESSAGE][PASSED] - Object: 'Object Repository/Page_KiboPush  Create Broadcast/button_Next (1)' is clicked on

2018-08-08 16:36:17 - [TEST_STEP][PASSED] - click: Object: 'Object Repository/Page_KiboPush  Create Broadcast/div_Select a valid image' is clicked on

2018-08-08 16:36:17 - [MESSAGE][PASSED] - Object: 'Object Repository/Page_KiboPush  Create Broadcast/div_Select a valid image' is clicked on

2018-08-08 16:36:17 - [TEST_STEP][PASSED] - closeBrowser: Browser is closed

2018-08-08 16:36:17 - [MESSAGE][PASSED] - Browser is closed]]></system-out>
         <system-err><![CDATA[]]></system-err>
      </testcase>
      <testcase name="Test Cases/TC0139" classname="Test Cases/TC0139" status="PASSED">
         <system-out><![CDATA[2018-08-08 16:36:17 - [TEST_CASE][PASSED] - Test Cases/TC0139: Test Cases/TC0139

2018-08-08 16:36:17 - [TEST_STEP][PASSED] - openBrowser: Browser is opened with url: ''

2018-08-08 16:36:18 - [MESSAGE][PASSED] - Browser is opened with url: ''

2018-08-08 16:36:18 - [TEST_STEP][PASSED] - navigateToUrl: Navigate to 'https://staging.kibopush.com/' successfully

2018-08-08 16:36:29 - [MESSAGE][PASSED] - Navigate to 'https://staging.kibopush.com/' successfully

2018-08-08 16:36:29 - [TEST_STEP][PASSED] - click: Object: 'Object Repository/Page_KiboPush  Sign In/a_Login' is clicked on

2018-08-08 16:36:29 - [MESSAGE][PASSED] - Object: 'Object Repository/Page_KiboPush  Sign In/a_Login' is clicked on

2018-08-08 16:36:29 - [TEST_STEP][PASSED] - click: Object: 'Object Repository/Page_KiboPush  Sign In/button_Team Account' is clicked on

2018-08-08 16:36:29 - [MESSAGE][PASSED] - Object: 'Object Repository/Page_KiboPush  Sign In/button_Team Account' is clicked on

2018-08-08 16:36:29 - [TEST_STEP][PASSED] - setText: Text 'kibopush.com' is set on object 'Object Repository/Page_KiboPush  Sign In/input_form-control m-input'

2018-08-08 16:36:29 - [MESSAGE][PASSED] - Text 'kibopush.com' is set on object 'Object Repository/Page_KiboPush  Sign In/input_form-control m-input'

2018-08-08 16:36:29 - [TEST_STEP][PASSED] - setText: Text 'bjafri5@gmail.com' is set on object 'Object Repository/Page_KiboPush  Sign In/input_form-control m-input_1'

2018-08-08 16:36:30 - [MESSAGE][PASSED] - Text 'bjafri5@gmail.com' is set on object 'Object Repository/Page_KiboPush  Sign In/input_form-control m-input_1'

2018-08-08 16:36:30 - [TEST_STEP][PASSED] - setEncryptedText: Text ****** has been set on object 'Object Repository/Page_KiboPush  Sign In/input_form-control m-input_2'

2018-08-08 16:36:30 - [MESSAGE][PASSED] - Text ****** has been set on object 'Object Repository/Page_KiboPush  Sign In/input_form-control m-input_2'

2018-08-08 16:36:30 - [TEST_STEP][PASSED] - click: Object: 'Object Repository/Page_KiboPush  Sign In/button_Sign In' is clicked on

2018-08-08 16:36:30 - [MESSAGE][PASSED] - Object: 'Object Repository/Page_KiboPush  Sign In/button_Sign In' is clicked on

2018-08-08 16:36:30 - [TEST_STEP][PASSED] - click: Object: 'Object Repository/Page_KiboPush  Dashboard/span_Broadcasts' is clicked on

2018-08-08 16:36:33 - [MESSAGE][PASSED] - Object: 'Object Repository/Page_KiboPush  Dashboard/span_Broadcasts' is clicked on

2018-08-08 16:36:33 - [TEST_STEP][PASSED] - click: Object: 'Object Repository/Page_KiboPush  Broadcast/button_Create New Broadcast' is clicked on

2018-08-08 16:36:33 - [MESSAGE][PASSED] - Object: 'Object Repository/Page_KiboPush  Broadcast/button_Create New Broadcast' is clicked on

2018-08-08 16:36:33 - [TEST_STEP][PASSED] - click: Object: 'Object Repository/Page_KiboPush  Broadcast/a_Create New Broadcast' is clicked on

2018-08-08 16:36:33 - [MESSAGE][PASSED] - Object: 'Object Repository/Page_KiboPush  Broadcast/a_Create New Broadcast' is clicked on

2018-08-08 16:36:33 - [TEST_STEP][PASSED] - delay: Delayed 1 second(s)

2018-08-08 16:36:34 - [MESSAGE][PASSED] - Delayed 1 second(s)

2018-08-08 16:36:34 - [TEST_STEP][PASSED] - click: Object: 'Object Repository/Page_KiboPush  Create Broadcast/div_Image (1)' is clicked on

2018-08-08 16:36:34 - [MESSAGE][PASSED] - Object: 'Object Repository/Page_KiboPush  Create Broadcast/div_Image (1)' is clicked on

2018-08-08 16:36:34 - [TEST_STEP][PASSED] - delay: Delayed 1 second(s)

2018-08-08 16:36:35 - [MESSAGE][PASSED] - Delayed 1 second(s)

2018-08-08 16:36:35 - [TEST_STEP][PASSED] - Statement - driver = com.kms.katalon.core.webui.driver.DriverFactory.getWebDriver(): null

2018-08-08 16:36:35 - [TEST_STEP][PASSED] - Statement - upload = driver.findElement(org.openqa.selenium.By.xpath("//input[@type='file']")): null

2018-08-08 16:36:35 - [TEST_STEP][PASSED] - Statement - img = com.kms.katalon.core.configuration.RunConfiguration.getProjectDir() + "/sample.jpg": null

2018-08-08 16:36:35 - [TEST_STEP][PASSED] - Statement - upload.sendKeys(img): null

2018-08-08 16:36:35 - [TEST_STEP][PASSED] - delay: Delayed 5 second(s)

2018-08-08 16:36:40 - [MESSAGE][PASSED] - Delayed 5 second(s)

2018-08-08 16:36:40 - [TEST_STEP][PASSED] - verifyElementPresent: Object 'Object Repository/Page_KiboPush  Create Broadcast/img' is present

2018-08-08 16:36:40 - [MESSAGE][PASSED] - Object 'Object Repository/Page_KiboPush  Create Broadcast/img' is present

2018-08-08 16:36:40 - [TEST_STEP][PASSED] - closeBrowser: Browser is closed

2018-08-08 16:36:41 - [MESSAGE][PASSED] - Browser is closed]]></system-out>
         <system-err><![CDATA[]]></system-err>
      </testcase>
      <testcase name="Test Cases/TC0141" classname="Test Cases/TC0141" status="PASSED">
         <system-out><![CDATA[2018-08-08 16:36:41 - [TEST_CASE][PASSED] - Test Cases/TC0141: Test Cases/TC0141

2018-08-08 16:36:41 - [TEST_STEP][PASSED] - openBrowser: Browser is opened with url: ''

2018-08-08 16:36:42 - [MESSAGE][PASSED] - Browser is opened with url: ''

2018-08-08 16:36:42 - [TEST_STEP][PASSED] - navigateToUrl: Navigate to 'https://staging.kibopush.com/' successfully

2018-08-08 16:36:51 - [MESSAGE][PASSED] - Navigate to 'https://staging.kibopush.com/' successfully

2018-08-08 16:36:51 - [TEST_STEP][PASSED] - click: Object: 'Object Repository/Page_KiboPush  Sign In/a_Login' is clicked on

2018-08-08 16:36:51 - [MESSAGE][PASSED] - Object: 'Object Repository/Page_KiboPush  Sign In/a_Login' is clicked on

2018-08-08 16:36:51 - [TEST_STEP][PASSED] - click: Object: 'Object Repository/Page_KiboPush  Sign In/button_Team Account' is clicked on

2018-08-08 16:36:51 - [MESSAGE][PASSED] - Object: 'Object Repository/Page_KiboPush  Sign In/button_Team Account' is clicked on

2018-08-08 16:36:51 - [TEST_STEP][PASSED] - setText: Text 'kibopush.com' is set on object 'Object Repository/Page_KiboPush  Sign In/input_form-control m-input'

2018-08-08 16:36:52 - [MESSAGE][PASSED] - Text 'kibopush.com' is set on object 'Object Repository/Page_KiboPush  Sign In/input_form-control m-input'

2018-08-08 16:36:52 - [TEST_STEP][PASSED] - setText: Text 'bjafri5@gmail.com' is set on object 'Object Repository/Page_KiboPush  Sign In/input_form-control m-input_1'

2018-08-08 16:36:52 - [MESSAGE][PASSED] - Text 'bjafri5@gmail.com' is set on object 'Object Repository/Page_KiboPush  Sign In/input_form-control m-input_1'

2018-08-08 16:36:52 - [TEST_STEP][PASSED] - setEncryptedText: Text ****** has been set on object 'Object Repository/Page_KiboPush  Sign In/input_form-control m-input_2'

2018-08-08 16:36:52 - [MESSAGE][PASSED] - Text ****** has been set on object 'Object Repository/Page_KiboPush  Sign In/input_form-control m-input_2'

2018-08-08 16:36:52 - [TEST_STEP][PASSED] - click: Object: 'Object Repository/Page_KiboPush  Sign In/button_Sign In' is clicked on

2018-08-08 16:36:52 - [MESSAGE][PASSED] - Object: 'Object Repository/Page_KiboPush  Sign In/button_Sign In' is clicked on

2018-08-08 16:36:52 - [TEST_STEP][PASSED] - click: Object: 'Object Repository/Page_KiboPush  Dashboard/span_Broadcasts' is clicked on

2018-08-08 16:36:55 - [MESSAGE][PASSED] - Object: 'Object Repository/Page_KiboPush  Dashboard/span_Broadcasts' is clicked on

2018-08-08 16:36:55 - [TEST_STEP][PASSED] - click: Object: 'Object Repository/Page_KiboPush  Broadcast/span_Create New Broadcast' is clicked on

2018-08-08 16:36:55 - [MESSAGE][PASSED] - Object: 'Object Repository/Page_KiboPush  Broadcast/span_Create New Broadcast' is clicked on

2018-08-08 16:36:55 - [TEST_STEP][PASSED] - click: Object: 'Object Repository/Page_KiboPush  Broadcast/a_Create New Broadcast' is clicked on

2018-08-08 16:36:56 - [MESSAGE][PASSED] - Object: 'Object Repository/Page_KiboPush  Broadcast/a_Create New Broadcast' is clicked on

2018-08-08 16:36:56 - [TEST_STEP][PASSED] - delay: Delayed 1 second(s)

2018-08-08 16:36:57 - [MESSAGE][PASSED] - Delayed 1 second(s)

2018-08-08 16:36:57 - [TEST_STEP][PASSED] - click: Object: 'Object Repository/Page_KiboPush  Create Broadcast/div_Card' is clicked on

2018-08-08 16:36:57 - [MESSAGE][PASSED] - Object: 'Object Repository/Page_KiboPush  Create Broadcast/div_Card' is clicked on

2018-08-08 16:36:57 - [TEST_STEP][PASSED] - click: Object: 'Object Repository/Page_KiboPush  Create Broadcast/div_ui-block hoverbordersolid' is clicked on

2018-08-08 16:36:58 - [MESSAGE][PASSED] - Object: 'Object Repository/Page_KiboPush  Create Broadcast/div_ui-block hoverbordersolid' is clicked on

2018-08-08 16:36:58 - [TEST_STEP][PASSED] - setText: Text 'Card Title' is set on object 'Object Repository/Page_KiboPush  Create Broadcast/input_form-control (2)'

2018-08-08 16:36:59 - [MESSAGE][PASSED] - Text 'Card Title' is set on object 'Object Repository/Page_KiboPush  Create Broadcast/input_form-control (2)'

2018-08-08 16:36:59 - [TEST_STEP][PASSED] - setText: Text 'C' is set on object 'Object Repository/Page_KiboPush  Create Broadcast/textarea_form-control (1)'

2018-08-08 16:36:59 - [MESSAGE][PASSED] - Text 'C' is set on object 'Object Repository/Page_KiboPush  Create Broadcast/textarea_form-control (1)'

2018-08-08 16:36:59 - [TEST_STEP][PASSED] - setText: Text 'Ca' is set on object 'Object Repository/Page_KiboPush  Create Broadcast/textarea_C'

2018-08-08 16:36:59 - [MESSAGE][PASSED] - Text 'Ca' is set on object 'Object Repository/Page_KiboPush  Create Broadcast/textarea_C'

2018-08-08 16:36:59 - [TEST_STEP][PASSED] - setText: Text 'Car' is set on object 'Object Repository/Page_KiboPush  Create Broadcast/textarea_Ca'

2018-08-08 16:36:59 - [MESSAGE][PASSED] - Text 'Car' is set on object 'Object Repository/Page_KiboPush  Create Broadcast/textarea_Ca'

2018-08-08 16:36:59 - [TEST_STEP][PASSED] - setText: Text 'Card' is set on object 'Object Repository/Page_KiboPush  Create Broadcast/textarea_Car'

2018-08-08 16:36:59 - [MESSAGE][PASSED] - Text 'Card' is set on object 'Object Repository/Page_KiboPush  Create Broadcast/textarea_Car'

2018-08-08 16:36:59 - [TEST_STEP][PASSED] - setText: Text 'Card ' is set on object 'Object Repository/Page_KiboPush  Create Broadcast/textarea_Card'

2018-08-08 16:36:59 - [MESSAGE][PASSED] - Text 'Card ' is set on object 'Object Repository/Page_KiboPush  Create Broadcast/textarea_Card'

2018-08-08 16:36:59 - [TEST_STEP][PASSED] - setText: Text 'Card S' is set on object 'Object Repository/Page_KiboPush  Create Broadcast/textarea_Card_1'

2018-08-08 16:36:59 - [MESSAGE][PASSED] - Text 'Card S' is set on object 'Object Repository/Page_KiboPush  Create Broadcast/textarea_Card_1'

2018-08-08 16:36:59 - [TEST_STEP][PASSED] - setText: Text 'Card Su' is set on object 'Object Repository/Page_KiboPush  Create Broadcast/textarea_Card S'

2018-08-08 16:37:00 - [MESSAGE][PASSED] - Text 'Card Su' is set on object 'Object Repository/Page_KiboPush  Create Broadcast/textarea_Card S'

2018-08-08 16:37:00 - [TEST_STEP][PASSED] - setText: Text 'Card Sub' is set on object 'Object Repository/Page_KiboPush  Create Broadcast/textarea_Card Su'

2018-08-08 16:37:00 - [MESSAGE][PASSED] - Text 'Card Sub' is set on object 'Object Repository/Page_KiboPush  Create Broadcast/textarea_Card Su'

2018-08-08 16:37:00 - [TEST_STEP][PASSED] - setText: Text 'Card Subt' is set on object 'Object Repository/Page_KiboPush  Create Broadcast/textarea_Card Sub'

2018-08-08 16:37:00 - [MESSAGE][PASSED] - Text 'Card Subt' is set on object 'Object Repository/Page_KiboPush  Create Broadcast/textarea_Card Sub'

2018-08-08 16:37:00 - [TEST_STEP][PASSED] - setText: Text 'Card Subti' is set on object 'Object Repository/Page_KiboPush  Create Broadcast/textarea_Card Subt'

2018-08-08 16:37:00 - [MESSAGE][PASSED] - Text 'Card Subti' is set on object 'Object Repository/Page_KiboPush  Create Broadcast/textarea_Card Subt'

2018-08-08 16:37:00 - [TEST_STEP][PASSED] - setText: Text 'Card Subtit' is set on object 'Object Repository/Page_KiboPush  Create Broadcast/textarea_Card Subti'

2018-08-08 16:37:00 - [MESSAGE][PASSED] - Text 'Card Subtit' is set on object 'Object Repository/Page_KiboPush  Create Broadcast/textarea_Card Subti'

2018-08-08 16:37:00 - [TEST_STEP][PASSED] - setText: Text 'Card Subtitl' is set on object 'Object Repository/Page_KiboPush  Create Broadcast/textarea_Card Subtit'

2018-08-08 16:37:01 - [MESSAGE][PASSED] - Text 'Card Subtitl' is set on object 'Object Repository/Page_KiboPush  Create Broadcast/textarea_Card Subtit'

2018-08-08 16:37:01 - [TEST_STEP][PASSED] - setText: Text 'Card Subtitle' is set on object 'Object Repository/Page_KiboPush  Create Broadcast/textarea_Card Subtitl'

2018-08-08 16:37:01 - [MESSAGE][PASSED] - Text 'Card Subtitle' is set on object 'Object Repository/Page_KiboPush  Create Broadcast/textarea_Card Subtitl'

2018-08-08 16:37:01 - [TEST_STEP][PASSED] - closeBrowser: Browser is closed

2018-08-08 16:37:01 - [MESSAGE][PASSED] - Browser is closed]]></system-out>
         <system-err><![CDATA[]]></system-err>
      </testcase>
      <testcase name="Test Cases/TC0142" classname="Test Cases/TC0142" status="PASSED">
         <system-out><![CDATA[2018-08-08 16:37:01 - [TEST_CASE][PASSED] - Test Cases/TC0142: Test Cases/TC0142

2018-08-08 16:37:01 - [TEST_STEP][PASSED] - openBrowser: Browser is opened with url: ''

2018-08-08 16:37:02 - [MESSAGE][PASSED] - Browser is opened with url: ''

2018-08-08 16:37:02 - [TEST_STEP][PASSED] - navigateToUrl: Navigate to 'https://staging.kibopush.com/' successfully

2018-08-08 16:37:15 - [MESSAGE][PASSED] - Navigate to 'https://staging.kibopush.com/' successfully

2018-08-08 16:37:15 - [TEST_STEP][PASSED] - click: Object: 'Object Repository/Page_KiboPush  Sign In/a_Login' is clicked on

2018-08-08 16:37:15 - [MESSAGE][PASSED] - Object: 'Object Repository/Page_KiboPush  Sign In/a_Login' is clicked on

2018-08-08 16:37:15 - [TEST_STEP][PASSED] - click: Object: 'Object Repository/Page_KiboPush  Sign In/button_Team Account' is clicked on

2018-08-08 16:37:15 - [MESSAGE][PASSED] - Object: 'Object Repository/Page_KiboPush  Sign In/button_Team Account' is clicked on

2018-08-08 16:37:15 - [TEST_STEP][PASSED] - setText: Text 'kibopush.com' is set on object 'Object Repository/Page_KiboPush  Sign In/input_form-control m-input'

2018-08-08 16:37:15 - [MESSAGE][PASSED] - Text 'kibopush.com' is set on object 'Object Repository/Page_KiboPush  Sign In/input_form-control m-input'

2018-08-08 16:37:15 - [TEST_STEP][PASSED] - setText: Text 'bjafri5@gmail.com' is set on object 'Object Repository/Page_KiboPush  Sign In/input_form-control m-input_1'

2018-08-08 16:37:15 - [MESSAGE][PASSED] - Text 'bjafri5@gmail.com' is set on object 'Object Repository/Page_KiboPush  Sign In/input_form-control m-input_1'

2018-08-08 16:37:15 - [TEST_STEP][PASSED] - setEncryptedText: Text ****** has been set on object 'Object Repository/Page_KiboPush  Sign In/input_form-control m-input_2'

2018-08-08 16:37:16 - [MESSAGE][PASSED] - Text ****** has been set on object 'Object Repository/Page_KiboPush  Sign In/input_form-control m-input_2'

2018-08-08 16:37:16 - [TEST_STEP][PASSED] - click: Object: 'Object Repository/Page_KiboPush  Sign In/button_Sign In' is clicked on

2018-08-08 16:37:16 - [MESSAGE][PASSED] - Object: 'Object Repository/Page_KiboPush  Sign In/button_Sign In' is clicked on

2018-08-08 16:37:16 - [TEST_STEP][PASSED] - click: Object: 'Object Repository/Page_KiboPush  Dashboard/span_Broadcasts' is clicked on

2018-08-08 16:37:19 - [MESSAGE][PASSED] - Object: 'Object Repository/Page_KiboPush  Dashboard/span_Broadcasts' is clicked on

2018-08-08 16:37:19 - [TEST_STEP][PASSED] - click: Object: 'Object Repository/Page_KiboPush  Broadcast/span_Create New Broadcast' is clicked on

2018-08-08 16:37:19 - [MESSAGE][PASSED] - Object: 'Object Repository/Page_KiboPush  Broadcast/span_Create New Broadcast' is clicked on

2018-08-08 16:37:19 - [TEST_STEP][PASSED] - click: Object: 'Object Repository/Page_KiboPush  Broadcast/a_Create New Broadcast' is clicked on

2018-08-08 16:37:19 - [MESSAGE][PASSED] - Object: 'Object Repository/Page_KiboPush  Broadcast/a_Create New Broadcast' is clicked on

2018-08-08 16:37:19 - [TEST_STEP][PASSED] - delay: Delayed 1 second(s)

2018-08-08 16:37:20 - [MESSAGE][PASSED] - Delayed 1 second(s)

2018-08-08 16:37:20 - [TEST_STEP][PASSED] - click: Object: 'Object Repository/Page_KiboPush  Create Broadcast/div_Card (1)' is clicked on

2018-08-08 16:37:20 - [MESSAGE][PASSED] - Object: 'Object Repository/Page_KiboPush  Create Broadcast/div_Card (1)' is clicked on

2018-08-08 16:37:20 - [TEST_STEP][PASSED] - setText: Text 'Card Title' is set on object 'Object Repository/Page_KiboPush  Create Broadcast/input_form-control (3)'

2018-08-08 16:37:21 - [MESSAGE][PASSED] - Text 'Card Title' is set on object 'Object Repository/Page_KiboPush  Create Broadcast/input_form-control (3)'

2018-08-08 16:37:21 - [TEST_STEP][PASSED] - setText: Text 'Card Subtitle' is set on object 'Object Repository/Page_KiboPush  Create Broadcast/textarea_form-control'

2018-08-08 16:37:21 - [MESSAGE][PASSED] - Text 'Card Subtitle' is set on object 'Object Repository/Page_KiboPush  Create Broadcast/textarea_form-control'

2018-08-08 16:37:21 - [TEST_STEP][PASSED] - scrollToPosition: Browser is scrolled to position x = 0, y = 0

2018-08-08 16:37:21 - [MESSAGE][PASSED] - Browser is scrolled to position x = 0, y = 0

2018-08-08 16:37:21 - [TEST_STEP][PASSED] - click: Object: 'Object Repository/Page_KiboPush  Create Broadcast/button_Next (2)' is clicked on

2018-08-08 16:37:21 - [MESSAGE][PASSED] - Object: 'Object Repository/Page_KiboPush  Create Broadcast/button_Next (2)' is clicked on

2018-08-08 16:37:21 - [TEST_STEP][PASSED] - click: Object: 'Object Repository/Page_KiboPush  Create Broadcast/div_Card must have an image' is clicked on

2018-08-08 16:37:21 - [MESSAGE][PASSED] - Object: 'Object Repository/Page_KiboPush  Create Broadcast/div_Card must have an image' is clicked on

2018-08-08 16:37:21 - [TEST_STEP][PASSED] - closeBrowser: Browser is closed

2018-08-08 16:37:21 - [MESSAGE][PASSED] - Browser is closed]]></system-out>
         <system-err><![CDATA[]]></system-err>
      </testcase>
      <testcase name="Test Cases/TC0143" classname="Test Cases/TC0143" status="PASSED">
         <system-out><![CDATA[2018-08-08 16:37:21 - [TEST_CASE][PASSED] - Test Cases/TC0143: Test Cases/TC0143

2018-08-08 16:37:22 - [TEST_STEP][PASSED] - openBrowser: Browser is opened with url: ''

2018-08-08 16:37:22 - [MESSAGE][PASSED] - Browser is opened with url: ''

2018-08-08 16:37:22 - [TEST_STEP][PASSED] - navigateToUrl: Navigate to 'https://staging.kibopush.com/' successfully

2018-08-08 16:37:35 - [MESSAGE][PASSED] - Navigate to 'https://staging.kibopush.com/' successfully

2018-08-08 16:37:35 - [TEST_STEP][PASSED] - click: Object: 'Object Repository/Page_KiboPush  Sign In/a_Login' is clicked on

2018-08-08 16:37:35 - [MESSAGE][PASSED] - Object: 'Object Repository/Page_KiboPush  Sign In/a_Login' is clicked on

2018-08-08 16:37:35 - [TEST_STEP][PASSED] - click: Object: 'Object Repository/Page_KiboPush  Sign In/button_Team Account' is clicked on

2018-08-08 16:37:35 - [MESSAGE][PASSED] - Object: 'Object Repository/Page_KiboPush  Sign In/button_Team Account' is clicked on

2018-08-08 16:37:35 - [TEST_STEP][PASSED] - setText: Text 'kibopush.com' is set on object 'Object Repository/Page_KiboPush  Sign In/input_form-control m-input'

2018-08-08 16:37:36 - [MESSAGE][PASSED] - Text 'kibopush.com' is set on object 'Object Repository/Page_KiboPush  Sign In/input_form-control m-input'

2018-08-08 16:37:36 - [TEST_STEP][PASSED] - setText: Text 'bjafri5@gmail.com' is set on object 'Object Repository/Page_KiboPush  Sign In/input_form-control m-input_1'

2018-08-08 16:37:36 - [MESSAGE][PASSED] - Text 'bjafri5@gmail.com' is set on object 'Object Repository/Page_KiboPush  Sign In/input_form-control m-input_1'

2018-08-08 16:37:36 - [TEST_STEP][PASSED] - setEncryptedText: Text ****** has been set on object 'Object Repository/Page_KiboPush  Sign In/input_form-control m-input_2'

2018-08-08 16:37:36 - [MESSAGE][PASSED] - Text ****** has been set on object 'Object Repository/Page_KiboPush  Sign In/input_form-control m-input_2'

2018-08-08 16:37:36 - [TEST_STEP][PASSED] - click: Object: 'Object Repository/Page_KiboPush  Sign In/button_Sign In' is clicked on

2018-08-08 16:37:36 - [MESSAGE][PASSED] - Object: 'Object Repository/Page_KiboPush  Sign In/button_Sign In' is clicked on

2018-08-08 16:37:36 - [TEST_STEP][PASSED] - click: Object: 'Object Repository/Page_KiboPush  Dashboard/span_Broadcasts' is clicked on

2018-08-08 16:37:39 - [MESSAGE][PASSED] - Object: 'Object Repository/Page_KiboPush  Dashboard/span_Broadcasts' is clicked on

2018-08-08 16:37:39 - [TEST_STEP][PASSED] - click: Object: 'Object Repository/Page_KiboPush  Broadcast/span_Create New Broadcast' is clicked on

2018-08-08 16:37:39 - [MESSAGE][PASSED] - Object: 'Object Repository/Page_KiboPush  Broadcast/span_Create New Broadcast' is clicked on

2018-08-08 16:37:39 - [TEST_STEP][PASSED] - click: Object: 'Object Repository/Page_KiboPush  Broadcast/a_Create New Broadcast' is clicked on

2018-08-08 16:37:40 - [MESSAGE][PASSED] - Object: 'Object Repository/Page_KiboPush  Broadcast/a_Create New Broadcast' is clicked on

2018-08-08 16:37:40 - [TEST_STEP][PASSED] - delay: Delayed 1 second(s)

2018-08-08 16:37:41 - [MESSAGE][PASSED] - Delayed 1 second(s)

2018-08-08 16:37:41 - [TEST_STEP][PASSED] - click: Object: 'Object Repository/Page_KiboPush  Create Broadcast/div_Card' is clicked on

2018-08-08 16:37:41 - [MESSAGE][PASSED] - Object: 'Object Repository/Page_KiboPush  Create Broadcast/div_Card' is clicked on

2018-08-08 16:37:41 - [TEST_STEP][PASSED] - delay: Delayed 1 second(s)

2018-08-08 16:37:42 - [MESSAGE][PASSED] - Delayed 1 second(s)

2018-08-08 16:37:42 - [TEST_STEP][PASSED] - Statement - driver = com.kms.katalon.core.webui.driver.DriverFactory.getWebDriver(): null

2018-08-08 16:37:42 - [TEST_STEP][PASSED] - Statement - upload = driver.findElement(org.openqa.selenium.By.xpath("//input[@type='file']")): null

2018-08-08 16:37:42 - [TEST_STEP][PASSED] - Statement - img = com.kms.katalon.core.configuration.RunConfiguration.getProjectDir() + "/sample.jpg": null

2018-08-08 16:37:42 - [TEST_STEP][PASSED] - Statement - upload.sendKeys(img): null

2018-08-08 16:37:42 - [TEST_STEP][PASSED] - delay: Delayed 5 second(s)

2018-08-08 16:37:47 - [MESSAGE][PASSED] - Delayed 5 second(s)

2018-08-08 16:37:47 - [TEST_STEP][PASSED] - setText: Text 'Card Subtitle' is set on object 'Object Repository/Page_KiboPush  Create Broadcast/textarea_form-control'

2018-08-08 16:37:47 - [MESSAGE][PASSED] - Text 'Card Subtitle' is set on object 'Object Repository/Page_KiboPush  Create Broadcast/textarea_form-control'

2018-08-08 16:37:47 - [TEST_STEP][PASSED] - scrollToPosition: Browser is scrolled to position x = 0, y = 0

2018-08-08 16:37:47 - [MESSAGE][PASSED] - Browser is scrolled to position x = 0, y = 0

2018-08-08 16:37:47 - [TEST_STEP][PASSED] - click: Object: 'Object Repository/Page_KiboPush  Create Broadcast/button_Next' is clicked on

2018-08-08 16:37:47 - [MESSAGE][PASSED] - Object: 'Object Repository/Page_KiboPush  Create Broadcast/button_Next' is clicked on

2018-08-08 16:37:47 - [TEST_STEP][PASSED] - click: Object: 'Object Repository/Page_KiboPush  Create Broadcast/div_Card must have a Title' is clicked on

2018-08-08 16:37:47 - [MESSAGE][PASSED] - Object: 'Object Repository/Page_KiboPush  Create Broadcast/div_Card must have a Title' is clicked on

2018-08-08 16:37:47 - [TEST_STEP][PASSED] - closeBrowser: Browser is closed

2018-08-08 16:37:48 - [MESSAGE][PASSED] - Browser is closed]]></system-out>
         <system-err><![CDATA[]]></system-err>
      </testcase>
      <testcase name="Test Cases/TC0144" classname="Test Cases/TC0144" status="PASSED">
         <system-out><![CDATA[2018-08-08 16:37:48 - [TEST_CASE][PASSED] - Test Cases/TC0144: Test Cases/TC0144

2018-08-08 16:37:48 - [TEST_STEP][PASSED] - openBrowser: Browser is opened with url: ''

2018-08-08 16:37:49 - [MESSAGE][PASSED] - Browser is opened with url: ''

2018-08-08 16:37:49 - [TEST_STEP][PASSED] - navigateToUrl: Navigate to 'https://staging.kibopush.com/' successfully

2018-08-08 16:37:58 - [MESSAGE][PASSED] - Navigate to 'https://staging.kibopush.com/' successfully

2018-08-08 16:37:58 - [TEST_STEP][PASSED] - click: Object: 'Object Repository/Page_KiboPush  Sign In/a_Login' is clicked on

2018-08-08 16:37:58 - [MESSAGE][PASSED] - Object: 'Object Repository/Page_KiboPush  Sign In/a_Login' is clicked on

2018-08-08 16:37:58 - [TEST_STEP][PASSED] - click: Object: 'Object Repository/Page_KiboPush  Sign In/button_Team Account' is clicked on

2018-08-08 16:37:58 - [MESSAGE][PASSED] - Object: 'Object Repository/Page_KiboPush  Sign In/button_Team Account' is clicked on

2018-08-08 16:37:58 - [TEST_STEP][PASSED] - setText: Text 'kibopush.com' is set on object 'Object Repository/Page_KiboPush  Sign In/input_form-control m-input'

2018-08-08 16:37:58 - [MESSAGE][PASSED] - Text 'kibopush.com' is set on object 'Object Repository/Page_KiboPush  Sign In/input_form-control m-input'

2018-08-08 16:37:58 - [TEST_STEP][PASSED] - setText: Text 'bjafri5@gmail.com' is set on object 'Object Repository/Page_KiboPush  Sign In/input_form-control m-input_1'

2018-08-08 16:37:58 - [MESSAGE][PASSED] - Text 'bjafri5@gmail.com' is set on object 'Object Repository/Page_KiboPush  Sign In/input_form-control m-input_1'

2018-08-08 16:37:58 - [TEST_STEP][PASSED] - setEncryptedText: Text ****** has been set on object 'Object Repository/Page_KiboPush  Sign In/input_form-control m-input_2'

2018-08-08 16:37:59 - [MESSAGE][PASSED] - Text ****** has been set on object 'Object Repository/Page_KiboPush  Sign In/input_form-control m-input_2'

2018-08-08 16:37:59 - [TEST_STEP][PASSED] - click: Object: 'Object Repository/Page_KiboPush  Sign In/button_Sign In' is clicked on

2018-08-08 16:37:59 - [MESSAGE][PASSED] - Object: 'Object Repository/Page_KiboPush  Sign In/button_Sign In' is clicked on

2018-08-08 16:37:59 - [TEST_STEP][PASSED] - click: Object: 'Object Repository/Page_KiboPush  Dashboard/span_Broadcasts' is clicked on

2018-08-08 16:38:02 - [MESSAGE][PASSED] - Object: 'Object Repository/Page_KiboPush  Dashboard/span_Broadcasts' is clicked on

2018-08-08 16:38:02 - [TEST_STEP][PASSED] - click: Object: 'Object Repository/Page_KiboPush  Broadcast/span_Create New Broadcast' is clicked on

2018-08-08 16:38:02 - [MESSAGE][PASSED] - Object: 'Object Repository/Page_KiboPush  Broadcast/span_Create New Broadcast' is clicked on

2018-08-08 16:38:02 - [TEST_STEP][PASSED] - click: Object: 'Object Repository/Page_KiboPush  Broadcast/a_Create New Broadcast' is clicked on

2018-08-08 16:38:02 - [MESSAGE][PASSED] - Object: 'Object Repository/Page_KiboPush  Broadcast/a_Create New Broadcast' is clicked on

2018-08-08 16:38:02 - [TEST_STEP][PASSED] - delay: Delayed 1 second(s)

2018-08-08 16:38:03 - [MESSAGE][PASSED] - Delayed 1 second(s)

2018-08-08 16:38:03 - [TEST_STEP][PASSED] - click: Object: 'Object Repository/Page_KiboPush  Create Broadcast/div_Card (3)' is clicked on

2018-08-08 16:38:03 - [MESSAGE][PASSED] - Object: 'Object Repository/Page_KiboPush  Create Broadcast/div_Card (3)' is clicked on

2018-08-08 16:38:03 - [TEST_STEP][PASSED] - delay: Delayed 1 second(s)

2018-08-08 16:38:04 - [MESSAGE][PASSED] - Delayed 1 second(s)

2018-08-08 16:38:04 - [TEST_STEP][PASSED] - Statement - driver = com.kms.katalon.core.webui.driver.DriverFactory.getWebDriver(): null

2018-08-08 16:38:04 - [TEST_STEP][PASSED] - Statement - upload = driver.findElement(org.openqa.selenium.By.xpath("//input[@type='file']")): null

2018-08-08 16:38:04 - [TEST_STEP][PASSED] - Statement - img = com.kms.katalon.core.configuration.RunConfiguration.getProjectDir() + "/sample.jpg": null

2018-08-08 16:38:04 - [TEST_STEP][PASSED] - Statement - upload.sendKeys(img): null

2018-08-08 16:38:04 - [TEST_STEP][PASSED] - delay: Delayed 5 second(s)

2018-08-08 16:38:09 - [MESSAGE][PASSED] - Delayed 5 second(s)

2018-08-08 16:38:09 - [TEST_STEP][PASSED] - setText: Text 'Card Title' is set on object 'Object Repository/Page_KiboPush  Create Broadcast/input_form-control (4)'

2018-08-08 16:38:10 - [MESSAGE][PASSED] - Text 'Card Title' is set on object 'Object Repository/Page_KiboPush  Create Broadcast/input_form-control (4)'

2018-08-08 16:38:10 - [TEST_STEP][PASSED] - scrollToPosition: Browser is scrolled to position x = 0, y = 0

2018-08-08 16:38:10 - [MESSAGE][PASSED] - Browser is scrolled to position x = 0, y = 0

2018-08-08 16:38:10 - [TEST_STEP][PASSED] - click: Object: 'Object Repository/Page_KiboPush  Create Broadcast/button_Next (4)' is clicked on

2018-08-08 16:38:10 - [MESSAGE][PASSED] - Object: 'Object Repository/Page_KiboPush  Create Broadcast/button_Next (4)' is clicked on

2018-08-08 16:38:10 - [TEST_STEP][PASSED] - click: Object: 'Object Repository/Page_KiboPush  Create Broadcast/div_Card must have a subtitle' is clicked on

2018-08-08 16:38:10 - [MESSAGE][PASSED] - Object: 'Object Repository/Page_KiboPush  Create Broadcast/div_Card must have a subtitle' is clicked on

2018-08-08 16:38:10 - [TEST_STEP][PASSED] - closeBrowser: Browser is closed

2018-08-08 16:38:10 - [MESSAGE][PASSED] - Browser is closed]]></system-out>
         <system-err><![CDATA[]]></system-err>
      </testcase>
      <testcase name="Test Cases/TC0145" classname="Test Cases/TC0145" status="PASSED">
         <system-out><![CDATA[2018-08-08 16:38:10 - [TEST_CASE][PASSED] - Test Cases/TC0145: Test Cases/TC0145

2018-08-08 16:38:10 - [TEST_STEP][PASSED] - openBrowser: Browser is opened with url: ''

2018-08-08 16:38:11 - [MESSAGE][PASSED] - Browser is opened with url: ''

2018-08-08 16:38:11 - [TEST_STEP][PASSED] - navigateToUrl: Navigate to 'https://staging.kibopush.com/' successfully

2018-08-08 16:38:26 - [MESSAGE][PASSED] - Navigate to 'https://staging.kibopush.com/' successfully

2018-08-08 16:38:26 - [TEST_STEP][PASSED] - click: Object: 'Object Repository/Page_KiboPush  Sign In/a_Login' is clicked on

2018-08-08 16:38:26 - [MESSAGE][PASSED] - Object: 'Object Repository/Page_KiboPush  Sign In/a_Login' is clicked on

2018-08-08 16:38:26 - [TEST_STEP][PASSED] - click: Object: 'Object Repository/Page_KiboPush  Sign In/button_Team Account' is clicked on

2018-08-08 16:38:26 - [MESSAGE][PASSED] - Object: 'Object Repository/Page_KiboPush  Sign In/button_Team Account' is clicked on

2018-08-08 16:38:26 - [TEST_STEP][PASSED] - setText: Text 'kibopush.com' is set on object 'Object Repository/Page_KiboPush  Sign In/input_form-control m-input'

2018-08-08 16:38:27 - [MESSAGE][PASSED] - Text 'kibopush.com' is set on object 'Object Repository/Page_KiboPush  Sign In/input_form-control m-input'

2018-08-08 16:38:27 - [TEST_STEP][PASSED] - setText: Text 'bjafri5@gmail.com' is set on object 'Object Repository/Page_KiboPush  Sign In/input_form-control m-input_1'

2018-08-08 16:38:27 - [MESSAGE][PASSED] - Text 'bjafri5@gmail.com' is set on object 'Object Repository/Page_KiboPush  Sign In/input_form-control m-input_1'

2018-08-08 16:38:27 - [TEST_STEP][PASSED] - setEncryptedText: Text ****** has been set on object 'Object Repository/Page_KiboPush  Sign In/input_form-control m-input_2'

2018-08-08 16:38:27 - [MESSAGE][PASSED] - Text ****** has been set on object 'Object Repository/Page_KiboPush  Sign In/input_form-control m-input_2'

2018-08-08 16:38:27 - [TEST_STEP][PASSED] - click: Object: 'Object Repository/Page_KiboPush  Sign In/button_Sign In' is clicked on

2018-08-08 16:38:27 - [MESSAGE][PASSED] - Object: 'Object Repository/Page_KiboPush  Sign In/button_Sign In' is clicked on

2018-08-08 16:38:27 - [TEST_STEP][PASSED] - click: Object: 'Object Repository/Page_KiboPush  Dashboard/span_Broadcasts' is clicked on

2018-08-08 16:38:30 - [MESSAGE][PASSED] - Object: 'Object Repository/Page_KiboPush  Dashboard/span_Broadcasts' is clicked on

2018-08-08 16:38:30 - [TEST_STEP][PASSED] - click: Object: 'Object Repository/Page_KiboPush  Broadcast/span_Create New Broadcast' is clicked on

2018-08-08 16:38:30 - [MESSAGE][PASSED] - Object: 'Object Repository/Page_KiboPush  Broadcast/span_Create New Broadcast' is clicked on

2018-08-08 16:38:30 - [TEST_STEP][PASSED] - click: Object: 'Object Repository/Page_KiboPush  Broadcast/a_Create New Broadcast' is clicked on

2018-08-08 16:38:31 - [MESSAGE][PASSED] - Object: 'Object Repository/Page_KiboPush  Broadcast/a_Create New Broadcast' is clicked on

2018-08-08 16:38:31 - [TEST_STEP][PASSED] - delay: Delayed 1 second(s)

2018-08-08 16:38:32 - [MESSAGE][PASSED] - Delayed 1 second(s)

2018-08-08 16:38:32 - [TEST_STEP][PASSED] - click: Object: 'Object Repository/Page_KiboPush  Create Broadcast/div_Card (3) (1)' is clicked on

2018-08-08 16:38:32 - [MESSAGE][PASSED] - Object: 'Object Repository/Page_KiboPush  Create Broadcast/div_Card (3) (1)' is clicked on

2018-08-08 16:38:32 - [TEST_STEP][PASSED] - delay: Delayed 1 second(s)

2018-08-08 16:38:33 - [MESSAGE][PASSED] - Delayed 1 second(s)

2018-08-08 16:38:33 - [TEST_STEP][PASSED] - Statement - driver = com.kms.katalon.core.webui.driver.DriverFactory.getWebDriver(): null

2018-08-08 16:38:33 - [TEST_STEP][PASSED] - Statement - upload = driver.findElement(org.openqa.selenium.By.xpath("//input[@type='file']")): null

2018-08-08 16:38:33 - [TEST_STEP][PASSED] - Statement - img = com.kms.katalon.core.configuration.RunConfiguration.getProjectDir() + "/sample.jpg": null

2018-08-08 16:38:33 - [TEST_STEP][PASSED] - Statement - upload.sendKeys(img): null

2018-08-08 16:38:33 - [TEST_STEP][PASSED] - delay: Delayed 5 second(s)

2018-08-08 16:38:38 - [MESSAGE][PASSED] - Delayed 5 second(s)

2018-08-08 16:38:38 - [TEST_STEP][PASSED] - setText: Text 'Card Title' is set on object 'Object Repository/Page_KiboPush  Create Broadcast/input_form-control (4) (1)'

2018-08-08 16:38:38 - [MESSAGE][PASSED] - Text 'Card Title' is set on object 'Object Repository/Page_KiboPush  Create Broadcast/input_form-control (4) (1)'

2018-08-08 16:38:38 - [TEST_STEP][PASSED] - setText: Text 'Card Subtitle' is set on object 'Object Repository/Page_KiboPush  Create Broadcast/textarea_form-control'

2018-08-08 16:38:38 - [MESSAGE][PASSED] - Text 'Card Subtitle' is set on object 'Object Repository/Page_KiboPush  Create Broadcast/textarea_form-control'

2018-08-08 16:38:38 - [TEST_STEP][PASSED] - scrollToPosition: Browser is scrolled to position x = 0, y = 0

2018-08-08 16:38:38 - [MESSAGE][PASSED] - Browser is scrolled to position x = 0, y = 0

2018-08-08 16:38:38 - [TEST_STEP][PASSED] - click: Object: 'Object Repository/Page_KiboPush  Create Broadcast/button_Next (4) (1)' is clicked on

2018-08-08 16:38:38 - [MESSAGE][PASSED] - Object: 'Object Repository/Page_KiboPush  Create Broadcast/button_Next (4) (1)' is clicked on

2018-08-08 16:38:38 - [TEST_STEP][PASSED] - click: Object: 'Object Repository/Page_KiboPush  Create Broadcast/div_Card must have at least on' is clicked on

2018-08-08 16:38:39 - [MESSAGE][PASSED] - Object: 'Object Repository/Page_KiboPush  Create Broadcast/div_Card must have at least on' is clicked on

2018-08-08 16:38:39 - [TEST_STEP][PASSED] - closeBrowser: Browser is closed

2018-08-08 16:38:39 - [MESSAGE][PASSED] - Browser is closed]]></system-out>
         <system-err><![CDATA[]]></system-err>
      </testcase>
      <testcase name="Test Cases/TC0146" classname="Test Cases/TC0146" status="PASSED">
         <system-out><![CDATA[2018-08-08 16:38:39 - [TEST_CASE][PASSED] - Test Cases/TC0146: Test Cases/TC0146

2018-08-08 16:38:39 - [TEST_STEP][PASSED] - openBrowser: Browser is opened with url: ''

2018-08-08 16:38:40 - [MESSAGE][PASSED] - Browser is opened with url: ''

2018-08-08 16:38:40 - [TEST_STEP][PASSED] - navigateToUrl: Navigate to 'https://staging.kibopush.com/' successfully

2018-08-08 16:38:52 - [MESSAGE][PASSED] - Navigate to 'https://staging.kibopush.com/' successfully

2018-08-08 16:38:52 - [TEST_STEP][PASSED] - click: Object: 'Object Repository/Page_KiboPush  Sign In/a_Login' is clicked on

2018-08-08 16:38:52 - [MESSAGE][PASSED] - Object: 'Object Repository/Page_KiboPush  Sign In/a_Login' is clicked on

2018-08-08 16:38:52 - [TEST_STEP][PASSED] - click: Object: 'Object Repository/Page_KiboPush  Sign In/button_Team Account' is clicked on

2018-08-08 16:38:52 - [MESSAGE][PASSED] - Object: 'Object Repository/Page_KiboPush  Sign In/button_Team Account' is clicked on

2018-08-08 16:38:52 - [TEST_STEP][PASSED] - setText: Text 'kibopush.com' is set on object 'Object Repository/Page_KiboPush  Sign In/input_form-control m-input'

2018-08-08 16:38:53 - [MESSAGE][PASSED] - Text 'kibopush.com' is set on object 'Object Repository/Page_KiboPush  Sign In/input_form-control m-input'

2018-08-08 16:38:53 - [TEST_STEP][PASSED] - setText: Text 'bjafri5@gmail.com' is set on object 'Object Repository/Page_KiboPush  Sign In/input_form-control m-input_1'

2018-08-08 16:38:53 - [MESSAGE][PASSED] - Text 'bjafri5@gmail.com' is set on object 'Object Repository/Page_KiboPush  Sign In/input_form-control m-input_1'

2018-08-08 16:38:53 - [TEST_STEP][PASSED] - setEncryptedText: Text ****** has been set on object 'Object Repository/Page_KiboPush  Sign In/input_form-control m-input_2'

2018-08-08 16:38:53 - [MESSAGE][PASSED] - Text ****** has been set on object 'Object Repository/Page_KiboPush  Sign In/input_form-control m-input_2'

2018-08-08 16:38:53 - [TEST_STEP][PASSED] - click: Object: 'Object Repository/Page_KiboPush  Sign In/button_Sign In' is clicked on

2018-08-08 16:38:53 - [MESSAGE][PASSED] - Object: 'Object Repository/Page_KiboPush  Sign In/button_Sign In' is clicked on

2018-08-08 16:38:53 - [TEST_STEP][PASSED] - click: Object: 'Object Repository/Page_KiboPush  Dashboard/span_Broadcasts' is clicked on

2018-08-08 16:38:56 - [MESSAGE][PASSED] - Object: 'Object Repository/Page_KiboPush  Dashboard/span_Broadcasts' is clicked on

2018-08-08 16:38:56 - [TEST_STEP][PASSED] - click: Object: 'Object Repository/Page_KiboPush  Broadcast/span_Create New Broadcast' is clicked on

2018-08-08 16:38:56 - [MESSAGE][PASSED] - Object: 'Object Repository/Page_KiboPush  Broadcast/span_Create New Broadcast' is clicked on

2018-08-08 16:38:56 - [TEST_STEP][PASSED] - click: Object: 'Object Repository/Page_KiboPush  Broadcast/a_Create New Broadcast' is clicked on

2018-08-08 16:38:57 - [MESSAGE][PASSED] - Object: 'Object Repository/Page_KiboPush  Broadcast/a_Create New Broadcast' is clicked on

2018-08-08 16:38:57 - [TEST_STEP][PASSED] - delay: Delayed 1 second(s)

2018-08-08 16:38:58 - [MESSAGE][PASSED] - Delayed 1 second(s)

2018-08-08 16:38:58 - [TEST_STEP][PASSED] - click: Object: 'Object Repository/Page_KiboPush  Create Broadcast/div_Card (3) (1)' is clicked on

2018-08-08 16:38:58 - [MESSAGE][PASSED] - Object: 'Object Repository/Page_KiboPush  Create Broadcast/div_Card (3) (1)' is clicked on

2018-08-08 16:38:58 - [TEST_STEP][PASSED] - delay: Delayed 1 second(s)

2018-08-08 16:38:59 - [MESSAGE][PASSED] - Delayed 1 second(s)

2018-08-08 16:38:59 - [TEST_STEP][PASSED] - Statement - driver = com.kms.katalon.core.webui.driver.DriverFactory.getWebDriver(): null

2018-08-08 16:38:59 - [TEST_STEP][PASSED] - Statement - upload = driver.findElement(org.openqa.selenium.By.xpath("//input[@type='file']")): null

2018-08-08 16:38:59 - [TEST_STEP][PASSED] - Statement - img = com.kms.katalon.core.configuration.RunConfiguration.getProjectDir() + "/sample.jpg": null

2018-08-08 16:38:59 - [TEST_STEP][PASSED] - Statement - upload.sendKeys(img): null

2018-08-08 16:38:59 - [TEST_STEP][PASSED] - delay: Delayed 5 second(s)

2018-08-08 16:39:04 - [MESSAGE][PASSED] - Delayed 5 second(s)

2018-08-08 16:39:04 - [TEST_STEP][PASSED] - verifyElementPresent: Object 'Object Repository/Page_KiboPush  Create Broadcast/img' is present

2018-08-08 16:39:04 - [MESSAGE][PASSED] - Object 'Object Repository/Page_KiboPush  Create Broadcast/img' is present

2018-08-08 16:39:04 - [TEST_STEP][PASSED] - closeBrowser: Browser is closed

2018-08-08 16:39:04 - [MESSAGE][PASSED] - Browser is closed]]></system-out>
         <system-err><![CDATA[]]></system-err>
      </testcase>
      <testcase name="Test Cases/TC0147" classname="Test Cases/TC0147" status="PASSED">
         <system-out><![CDATA[2018-08-08 16:39:04 - [TEST_CASE][PASSED] - Test Cases/TC0147: Test Cases/TC0147

2018-08-08 16:39:04 - [TEST_STEP][PASSED] - openBrowser: Browser is opened with url: ''

2018-08-08 16:39:05 - [MESSAGE][PASSED] - Browser is opened with url: ''

2018-08-08 16:39:05 - [TEST_STEP][PASSED] - navigateToUrl: Navigate to 'https://staging.kibopush.com/' successfully

2018-08-08 16:39:17 - [MESSAGE][PASSED] - Navigate to 'https://staging.kibopush.com/' successfully

2018-08-08 16:39:17 - [TEST_STEP][PASSED] - click: Object: 'Object Repository/Page_KiboPush  Sign In/a_Login' is clicked on

2018-08-08 16:39:17 - [MESSAGE][PASSED] - Object: 'Object Repository/Page_KiboPush  Sign In/a_Login' is clicked on

2018-08-08 16:39:17 - [TEST_STEP][PASSED] - click: Object: 'Object Repository/Page_KiboPush  Sign In/button_Team Account' is clicked on

2018-08-08 16:39:17 - [MESSAGE][PASSED] - Object: 'Object Repository/Page_KiboPush  Sign In/button_Team Account' is clicked on

2018-08-08 16:39:17 - [TEST_STEP][PASSED] - setText: Text 'kibopush.com' is set on object 'Object Repository/Page_KiboPush  Sign In/input_form-control m-input'

2018-08-08 16:39:18 - [MESSAGE][PASSED] - Text 'kibopush.com' is set on object 'Object Repository/Page_KiboPush  Sign In/input_form-control m-input'

2018-08-08 16:39:18 - [TEST_STEP][PASSED] - setText: Text 'bjafri5@gmail.com' is set on object 'Object Repository/Page_KiboPush  Sign In/input_form-control m-input_1'

2018-08-08 16:39:18 - [MESSAGE][PASSED] - Text 'bjafri5@gmail.com' is set on object 'Object Repository/Page_KiboPush  Sign In/input_form-control m-input_1'

2018-08-08 16:39:18 - [TEST_STEP][PASSED] - setEncryptedText: Text ****** has been set on object 'Object Repository/Page_KiboPush  Sign In/input_form-control m-input_2'

2018-08-08 16:39:18 - [MESSAGE][PASSED] - Text ****** has been set on object 'Object Repository/Page_KiboPush  Sign In/input_form-control m-input_2'

2018-08-08 16:39:18 - [TEST_STEP][PASSED] - click: Object: 'Object Repository/Page_KiboPush  Sign In/button_Sign In' is clicked on

2018-08-08 16:39:18 - [MESSAGE][PASSED] - Object: 'Object Repository/Page_KiboPush  Sign In/button_Sign In' is clicked on

2018-08-08 16:39:18 - [TEST_STEP][PASSED] - click: Object: 'Object Repository/Page_KiboPush  Dashboard/span_Broadcasts' is clicked on

2018-08-08 16:39:21 - [MESSAGE][PASSED] - Object: 'Object Repository/Page_KiboPush  Dashboard/span_Broadcasts' is clicked on

2018-08-08 16:39:21 - [TEST_STEP][PASSED] - click: Object: 'Object Repository/Page_KiboPush  Broadcast/span_Create New Broadcast' is clicked on

2018-08-08 16:39:21 - [MESSAGE][PASSED] - Object: 'Object Repository/Page_KiboPush  Broadcast/span_Create New Broadcast' is clicked on

2018-08-08 16:39:21 - [TEST_STEP][PASSED] - click: Object: 'Object Repository/Page_KiboPush  Broadcast/a_Create New Broadcast' is clicked on

2018-08-08 16:39:22 - [MESSAGE][PASSED] - Object: 'Object Repository/Page_KiboPush  Broadcast/a_Create New Broadcast' is clicked on

2018-08-08 16:39:22 - [TEST_STEP][PASSED] - delay: Delayed 1 second(s)

2018-08-08 16:39:23 - [MESSAGE][PASSED] - Delayed 1 second(s)

2018-08-08 16:39:23 - [TEST_STEP][PASSED] - click: Object: 'Object Repository/Page_KiboPush  Create Broadcast/div_Card' is clicked on

2018-08-08 16:39:23 - [MESSAGE][PASSED] - Object: 'Object Repository/Page_KiboPush  Create Broadcast/div_Card' is clicked on

2018-08-08 16:39:23 - [TEST_STEP][PASSED] - click: Object: 'Object Repository/Page_KiboPush  Create Broadcast/div_ Add Button' is clicked on

2018-08-08 16:39:23 - [MESSAGE][PASSED] - Object: 'Object Repository/Page_KiboPush  Create Broadcast/div_ Add Button' is clicked on

2018-08-08 16:39:23 - [TEST_STEP][PASSED] - setText: Text 'KiboPush' is set on object 'Object Repository/Page_KiboPush  Create Broadcast/input_form-control'

2018-08-08 16:39:23 - [MESSAGE][PASSED] - Text 'KiboPush' is set on object 'Object Repository/Page_KiboPush  Create Broadcast/input_form-control'

2018-08-08 16:39:23 - [TEST_STEP][PASSED] - click: Object: 'Object Repository/Page_KiboPush  Create Broadcast/div_Open a website' is clicked on

2018-08-08 16:39:23 - [MESSAGE][PASSED] - Object: 'Object Repository/Page_KiboPush  Create Broadcast/div_Open a website' is clicked on

2018-08-08 16:39:23 - [TEST_STEP][PASSED] - setText: Text 'kibopush.com' is set on object 'Object Repository/Page_KiboPush  Create Broadcast/input_form-control_1'

2018-08-08 16:39:23 - [MESSAGE][PASSED] - Text 'kibopush.com' is set on object 'Object Repository/Page_KiboPush  Create Broadcast/input_form-control_1'

2018-08-08 16:39:23 - [TEST_STEP][PASSED] - click: Object: 'Object Repository/Page_KiboPush  Create Broadcast/button_Done' is clicked on

2018-08-08 16:39:24 - [MESSAGE][PASSED] - Object: 'Object Repository/Page_KiboPush  Create Broadcast/button_Done' is clicked on]]></system-out>
         <system-err><![CDATA[]]></system-err>
      </testcase>
      <testcase name="Test Cases/TC0150" classname="Test Cases/TC0150" status="PASSED">
         <system-out><![CDATA[2018-08-08 16:39:24 - [TEST_CASE][PASSED] - Test Cases/TC0150: Test Cases/TC0150

2018-08-08 16:39:24 - [TEST_STEP][PASSED] - openBrowser: Browser is opened with url: ''

2018-08-08 16:39:24 - [MESSAGE][WARNING] - A browser is already opened. Closing browser and opening a new one

2018-08-08 16:39:25 - [MESSAGE][PASSED] - Browser is opened with url: ''

2018-08-08 16:39:25 - [TEST_STEP][PASSED] - navigateToUrl: Navigate to 'https://staging.kibopush.com/' successfully

2018-08-08 16:39:38 - [MESSAGE][PASSED] - Navigate to 'https://staging.kibopush.com/' successfully

2018-08-08 16:39:38 - [TEST_STEP][PASSED] - click: Object: 'Object Repository/Page_KiboPush  Sign In/a_Login' is clicked on

2018-08-08 16:39:38 - [MESSAGE][PASSED] - Object: 'Object Repository/Page_KiboPush  Sign In/a_Login' is clicked on

2018-08-08 16:39:38 - [TEST_STEP][PASSED] - click: Object: 'Object Repository/Page_KiboPush  Sign In/button_Team Account' is clicked on

2018-08-08 16:39:38 - [MESSAGE][PASSED] - Object: 'Object Repository/Page_KiboPush  Sign In/button_Team Account' is clicked on

2018-08-08 16:39:38 - [TEST_STEP][PASSED] - setText: Text 'kibopush.com' is set on object 'Object Repository/Page_KiboPush  Sign In/input_form-control m-input'

2018-08-08 16:39:38 - [MESSAGE][PASSED] - Text 'kibopush.com' is set on object 'Object Repository/Page_KiboPush  Sign In/input_form-control m-input'

2018-08-08 16:39:38 - [TEST_STEP][PASSED] - setText: Text 'bjafri5@gmail.com' is set on object 'Object Repository/Page_KiboPush  Sign In/input_form-control m-input_1'

2018-08-08 16:39:39 - [MESSAGE][PASSED] - Text 'bjafri5@gmail.com' is set on object 'Object Repository/Page_KiboPush  Sign In/input_form-control m-input_1'

2018-08-08 16:39:39 - [TEST_STEP][PASSED] - setEncryptedText: Text ****** has been set on object 'Object Repository/Page_KiboPush  Sign In/input_form-control m-input_2'

2018-08-08 16:39:39 - [MESSAGE][PASSED] - Text ****** has been set on object 'Object Repository/Page_KiboPush  Sign In/input_form-control m-input_2'

2018-08-08 16:39:39 - [TEST_STEP][PASSED] - click: Object: 'Object Repository/Page_KiboPush  Sign In/button_Sign In' is clicked on

2018-08-08 16:39:39 - [MESSAGE][PASSED] - Object: 'Object Repository/Page_KiboPush  Sign In/button_Sign In' is clicked on

2018-08-08 16:39:39 - [TEST_STEP][PASSED] - click: Object: 'Object Repository/Page_KiboPush  Dashboard/span_Broadcasts' is clicked on

2018-08-08 16:39:42 - [MESSAGE][PASSED] - Object: 'Object Repository/Page_KiboPush  Dashboard/span_Broadcasts' is clicked on

2018-08-08 16:39:42 - [TEST_STEP][PASSED] - click: Object: 'Object Repository/Page_KiboPush  Broadcast/span_Create New Broadcast' is clicked on

2018-08-08 16:39:42 - [MESSAGE][PASSED] - Object: 'Object Repository/Page_KiboPush  Broadcast/span_Create New Broadcast' is clicked on

2018-08-08 16:39:42 - [TEST_STEP][PASSED] - click: Object: 'Object Repository/Page_KiboPush  Broadcast/a_Create New Broadcast' is clicked on

2018-08-08 16:39:43 - [MESSAGE][PASSED] - Object: 'Object Repository/Page_KiboPush  Broadcast/a_Create New Broadcast' is clicked on

2018-08-08 16:39:43 - [TEST_STEP][PASSED] - delay: Delayed 1 second(s)

2018-08-08 16:39:44 - [MESSAGE][PASSED] - Delayed 1 second(s)

2018-08-08 16:39:44 - [TEST_STEP][PASSED] - click: Object: 'Object Repository/Page_KiboPush  Create Broadcast/div_Gallery (1)' is clicked on

2018-08-08 16:39:44 - [MESSAGE][PASSED] - Object: 'Object Repository/Page_KiboPush  Create Broadcast/div_Gallery (1)' is clicked on

2018-08-08 16:39:44 - [TEST_STEP][PASSED] - click: Object: 'Object Repository/Page_KiboPush  Create Broadcast/div_New Gallery Component Adde (1)' is clicked on

2018-08-08 16:39:44 - [MESSAGE][PASSED] - Object: 'Object Repository/Page_KiboPush  Create Broadcast/div_New Gallery Component Adde (1)' is clicked on

2018-08-08 16:39:44 - [TEST_STEP][PASSED] - click: Object: 'Object Repository/Page_KiboPush  Create Broadcast/span_slick-arrow slick-next (2)' is clicked on

2018-08-08 16:39:44 - [MESSAGE][PASSED] - Object: 'Object Repository/Page_KiboPush  Create Broadcast/span_slick-arrow slick-next (2)' is clicked on

2018-08-08 16:39:44 - [TEST_STEP][PASSED] - delay: Delayed 1 second(s)

2018-08-08 16:39:45 - [MESSAGE][PASSED] - Delayed 1 second(s)

2018-08-08 16:39:45 - [TEST_STEP][PASSED] - click: Object: 'Object Repository/Page_KiboPush  Create Broadcast/span_slick-arrow slick-prev (1) (1)' is clicked on

2018-08-08 16:39:45 - [MESSAGE][PASSED] - Object: 'Object Repository/Page_KiboPush  Create Broadcast/span_slick-arrow slick-prev (1) (1)' is clicked on]]></system-out>
         <system-err><![CDATA[]]></system-err>
      </testcase>
      <testcase name="Test Cases/TC0151" classname="Test Cases/TC0151" status="PASSED">
         <system-out><![CDATA[2018-08-08 16:39:45 - [TEST_CASE][PASSED] - Test Cases/TC0151: Test Cases/TC0151

2018-08-08 16:39:45 - [TEST_STEP][PASSED] - callTestCase: Call Test Case 'Test Cases/TC0150' successfully

2018-08-08 16:39:45 - [TEST_CASE][PASSED] - Test Cases/TC0150: Test Cases/TC0150

2018-08-08 16:39:45 - [TEST_STEP][PASSED] - openBrowser: Browser is opened with url: ''

2018-08-08 16:39:45 - [MESSAGE][WARNING] - A browser is already opened. Closing browser and opening a new one

2018-08-08 16:39:46 - [MESSAGE][PASSED] - Browser is opened with url: ''

2018-08-08 16:39:46 - [TEST_STEP][PASSED] - navigateToUrl: Navigate to 'https://staging.kibopush.com/' successfully

2018-08-08 16:39:58 - [MESSAGE][PASSED] - Navigate to 'https://staging.kibopush.com/' successfully

2018-08-08 16:39:58 - [TEST_STEP][PASSED] - click: Object: 'Object Repository/Page_KiboPush  Sign In/a_Login' is clicked on

2018-08-08 16:39:59 - [MESSAGE][PASSED] - Object: 'Object Repository/Page_KiboPush  Sign In/a_Login' is clicked on

2018-08-08 16:39:59 - [TEST_STEP][PASSED] - click: Object: 'Object Repository/Page_KiboPush  Sign In/button_Team Account' is clicked on

2018-08-08 16:39:59 - [MESSAGE][PASSED] - Object: 'Object Repository/Page_KiboPush  Sign In/button_Team Account' is clicked on

2018-08-08 16:39:59 - [TEST_STEP][PASSED] - setText: Text 'kibopush.com' is set on object 'Object Repository/Page_KiboPush  Sign In/input_form-control m-input'

2018-08-08 16:39:59 - [MESSAGE][PASSED] - Text 'kibopush.com' is set on object 'Object Repository/Page_KiboPush  Sign In/input_form-control m-input'

2018-08-08 16:39:59 - [TEST_STEP][PASSED] - setText: Text 'bjafri5@gmail.com' is set on object 'Object Repository/Page_KiboPush  Sign In/input_form-control m-input_1'

2018-08-08 16:39:59 - [MESSAGE][PASSED] - Text 'bjafri5@gmail.com' is set on object 'Object Repository/Page_KiboPush  Sign In/input_form-control m-input_1'

2018-08-08 16:39:59 - [TEST_STEP][PASSED] - setEncryptedText: Text ****** has been set on object 'Object Repository/Page_KiboPush  Sign In/input_form-control m-input_2'

2018-08-08 16:39:59 - [MESSAGE][PASSED] - Text ****** has been set on object 'Object Repository/Page_KiboPush  Sign In/input_form-control m-input_2'

2018-08-08 16:39:59 - [TEST_STEP][PASSED] - click: Object: 'Object Repository/Page_KiboPush  Sign In/button_Sign In' is clicked on

2018-08-08 16:40:00 - [MESSAGE][PASSED] - Object: 'Object Repository/Page_KiboPush  Sign In/button_Sign In' is clicked on

2018-08-08 16:40:00 - [TEST_STEP][PASSED] - click: Object: 'Object Repository/Page_KiboPush  Dashboard/span_Broadcasts' is clicked on

2018-08-08 16:40:03 - [MESSAGE][PASSED] - Object: 'Object Repository/Page_KiboPush  Dashboard/span_Broadcasts' is clicked on

2018-08-08 16:40:03 - [TEST_STEP][PASSED] - click: Object: 'Object Repository/Page_KiboPush  Broadcast/span_Create New Broadcast' is clicked on

2018-08-08 16:40:03 - [MESSAGE][PASSED] - Object: 'Object Repository/Page_KiboPush  Broadcast/span_Create New Broadcast' is clicked on

2018-08-08 16:40:03 - [TEST_STEP][PASSED] - click: Object: 'Object Repository/Page_KiboPush  Broadcast/a_Create New Broadcast' is clicked on

2018-08-08 16:40:03 - [MESSAGE][PASSED] - Object: 'Object Repository/Page_KiboPush  Broadcast/a_Create New Broadcast' is clicked on

2018-08-08 16:40:03 - [TEST_STEP][PASSED] - delay: Delayed 1 second(s)

2018-08-08 16:40:04 - [MESSAGE][PASSED] - Delayed 1 second(s)

2018-08-08 16:40:04 - [TEST_STEP][PASSED] - click: Object: 'Object Repository/Page_KiboPush  Create Broadcast/div_Gallery (1)' is clicked on

2018-08-08 16:40:04 - [MESSAGE][PASSED] - Object: 'Object Repository/Page_KiboPush  Create Broadcast/div_Gallery (1)' is clicked on

2018-08-08 16:40:04 - [TEST_STEP][PASSED] - click: Object: 'Object Repository/Page_KiboPush  Create Broadcast/div_New Gallery Component Adde (1)' is clicked on

2018-08-08 16:40:04 - [MESSAGE][PASSED] - Object: 'Object Repository/Page_KiboPush  Create Broadcast/div_New Gallery Component Adde (1)' is clicked on

2018-08-08 16:40:04 - [TEST_STEP][PASSED] - click: Object: 'Object Repository/Page_KiboPush  Create Broadcast/span_slick-arrow slick-next (2)' is clicked on

2018-08-08 16:40:04 - [MESSAGE][PASSED] - Object: 'Object Repository/Page_KiboPush  Create Broadcast/span_slick-arrow slick-next (2)' is clicked on

2018-08-08 16:40:04 - [TEST_STEP][PASSED] - delay: Delayed 1 second(s)

2018-08-08 16:40:05 - [MESSAGE][PASSED] - Delayed 1 second(s)

2018-08-08 16:40:05 - [TEST_STEP][PASSED] - click: Object: 'Object Repository/Page_KiboPush  Create Broadcast/span_slick-arrow slick-prev (1) (1)' is clicked on

2018-08-08 16:40:06 - [MESSAGE][PASSED] - Object: 'Object Repository/Page_KiboPush  Create Broadcast/span_slick-arrow slick-prev (1) (1)' is clicked on

2018-08-08 16:40:06 - [MESSAGE][PASSED] - Call Test Case 'Test Cases/TC0150' successfully

2018-08-08 16:40:06 - [TEST_STEP][PASSED] - click: Object: 'Object Repository/Page_KiboPush  Create Broadcast/button_Next (5)' is clicked on

2018-08-08 16:40:06 - [MESSAGE][PASSED] - Object: 'Object Repository/Page_KiboPush  Create Broadcast/button_Next (5)' is clicked on

2018-08-08 16:40:06 - [TEST_STEP][PASSED] - click: Object: 'Object Repository/Page_KiboPush  Create Broadcast/div_All cards in a gallery can' is clicked on

2018-08-08 16:40:06 - [MESSAGE][PASSED] - Object: 'Object Repository/Page_KiboPush  Create Broadcast/div_All cards in a gallery can' is clicked on

2018-08-08 16:40:06 - [TEST_STEP][PASSED] - closeBrowser: Browser is closed

2018-08-08 16:40:06 - [MESSAGE][PASSED] - Browser is closed]]></system-out>
         <system-err><![CDATA[]]></system-err>
      </testcase>
      <testcase name="Test Cases/TC0152" classname="Test Cases/TC0152" status="PASSED">
         <system-out><![CDATA[2018-08-08 16:40:06 - [TEST_CASE][PASSED] - Test Cases/TC0152: Test Cases/TC0152

2018-08-08 16:40:06 - [TEST_STEP][PASSED] - callTestCase: Call Test Case 'Test Cases/TC0150' successfully

2018-08-08 16:40:06 - [TEST_CASE][PASSED] - Test Cases/TC0150: Test Cases/TC0150

2018-08-08 16:40:06 - [TEST_STEP][PASSED] - openBrowser: Browser is opened with url: ''

2018-08-08 16:40:07 - [MESSAGE][PASSED] - Browser is opened with url: ''

2018-08-08 16:40:07 - [TEST_STEP][PASSED] - navigateToUrl: Navigate to 'https://staging.kibopush.com/' successfully

2018-08-08 16:40:16 - [MESSAGE][PASSED] - Navigate to 'https://staging.kibopush.com/' successfully

2018-08-08 16:40:16 - [TEST_STEP][PASSED] - click: Object: 'Object Repository/Page_KiboPush  Sign In/a_Login' is clicked on

2018-08-08 16:40:16 - [MESSAGE][PASSED] - Object: 'Object Repository/Page_KiboPush  Sign In/a_Login' is clicked on

2018-08-08 16:40:16 - [TEST_STEP][PASSED] - click: Object: 'Object Repository/Page_KiboPush  Sign In/button_Team Account' is clicked on

2018-08-08 16:40:16 - [MESSAGE][PASSED] - Object: 'Object Repository/Page_KiboPush  Sign In/button_Team Account' is clicked on

2018-08-08 16:40:16 - [TEST_STEP][PASSED] - setText: Text 'kibopush.com' is set on object 'Object Repository/Page_KiboPush  Sign In/input_form-control m-input'

2018-08-08 16:40:16 - [MESSAGE][PASSED] - Text 'kibopush.com' is set on object 'Object Repository/Page_KiboPush  Sign In/input_form-control m-input'

2018-08-08 16:40:16 - [TEST_STEP][PASSED] - setText: Text 'bjafri5@gmail.com' is set on object 'Object Repository/Page_KiboPush  Sign In/input_form-control m-input_1'

2018-08-08 16:40:16 - [MESSAGE][PASSED] - Text 'bjafri5@gmail.com' is set on object 'Object Repository/Page_KiboPush  Sign In/input_form-control m-input_1'

2018-08-08 16:40:16 - [TEST_STEP][PASSED] - setEncryptedText: Text ****** has been set on object 'Object Repository/Page_KiboPush  Sign In/input_form-control m-input_2'

2018-08-08 16:40:17 - [MESSAGE][PASSED] - Text ****** has been set on object 'Object Repository/Page_KiboPush  Sign In/input_form-control m-input_2'

2018-08-08 16:40:17 - [TEST_STEP][PASSED] - click: Object: 'Object Repository/Page_KiboPush  Sign In/button_Sign In' is clicked on

2018-08-08 16:40:17 - [MESSAGE][PASSED] - Object: 'Object Repository/Page_KiboPush  Sign In/button_Sign In' is clicked on

2018-08-08 16:40:17 - [TEST_STEP][PASSED] - click: Object: 'Object Repository/Page_KiboPush  Dashboard/span_Broadcasts' is clicked on

2018-08-08 16:40:19 - [MESSAGE][PASSED] - Object: 'Object Repository/Page_KiboPush  Dashboard/span_Broadcasts' is clicked on

2018-08-08 16:40:19 - [TEST_STEP][PASSED] - click: Object: 'Object Repository/Page_KiboPush  Broadcast/span_Create New Broadcast' is clicked on

2018-08-08 16:40:20 - [MESSAGE][PASSED] - Object: 'Object Repository/Page_KiboPush  Broadcast/span_Create New Broadcast' is clicked on

2018-08-08 16:40:20 - [TEST_STEP][PASSED] - click: Object: 'Object Repository/Page_KiboPush  Broadcast/a_Create New Broadcast' is clicked on

2018-08-08 16:40:20 - [MESSAGE][PASSED] - Object: 'Object Repository/Page_KiboPush  Broadcast/a_Create New Broadcast' is clicked on

2018-08-08 16:40:20 - [TEST_STEP][PASSED] - delay: Delayed 1 second(s)

2018-08-08 16:40:21 - [MESSAGE][PASSED] - Delayed 1 second(s)

2018-08-08 16:40:21 - [TEST_STEP][PASSED] - click: Object: 'Object Repository/Page_KiboPush  Create Broadcast/div_Gallery (1)' is clicked on

2018-08-08 16:40:21 - [MESSAGE][PASSED] - Object: 'Object Repository/Page_KiboPush  Create Broadcast/div_Gallery (1)' is clicked on

2018-08-08 16:40:21 - [TEST_STEP][PASSED] - click: Object: 'Object Repository/Page_KiboPush  Create Broadcast/div_New Gallery Component Adde (1)' is clicked on

2018-08-08 16:40:21 - [MESSAGE][PASSED] - Object: 'Object Repository/Page_KiboPush  Create Broadcast/div_New Gallery Component Adde (1)' is clicked on

2018-08-08 16:40:21 - [TEST_STEP][PASSED] - click: Object: 'Object Repository/Page_KiboPush  Create Broadcast/span_slick-arrow slick-next (2)' is clicked on

2018-08-08 16:40:21 - [MESSAGE][PASSED] - Object: 'Object Repository/Page_KiboPush  Create Broadcast/span_slick-arrow slick-next (2)' is clicked on

2018-08-08 16:40:21 - [TEST_STEP][PASSED] - delay: Delayed 1 second(s)

2018-08-08 16:40:22 - [MESSAGE][PASSED] - Delayed 1 second(s)

2018-08-08 16:40:22 - [TEST_STEP][PASSED] - click: Object: 'Object Repository/Page_KiboPush  Create Broadcast/span_slick-arrow slick-prev (1) (1)' is clicked on

2018-08-08 16:40:22 - [MESSAGE][PASSED] - Object: 'Object Repository/Page_KiboPush  Create Broadcast/span_slick-arrow slick-prev (1) (1)' is clicked on

2018-08-08 16:40:22 - [MESSAGE][PASSED] - Call Test Case 'Test Cases/TC0150' successfully

2018-08-08 16:40:22 - [TEST_STEP][PASSED] - setText: Text 'Title' is set on object 'Object Repository/Page_KiboPush  Create Broadcast/input_form-control (6)'

2018-08-08 16:40:23 - [MESSAGE][PASSED] - Text 'Title' is set on object 'Object Repository/Page_KiboPush  Create Broadcast/input_form-control (6)'

2018-08-08 16:40:23 - [TEST_STEP][PASSED] - setText: Text 'Subtitle' is set on object 'Object Repository/Page_KiboPush  Create Broadcast/textarea_form-control'

2018-08-08 16:40:23 - [MESSAGE][PASSED] - Text 'Subtitle' is set on object 'Object Repository/Page_KiboPush  Create Broadcast/textarea_form-control'

2018-08-08 16:40:23 - [TEST_STEP][PASSED] - click: Object: 'Object Repository/Page_KiboPush  Create Broadcast/h6_ Add Button (1)' is clicked on

2018-08-08 16:40:23 - [MESSAGE][PASSED] - Object: 'Object Repository/Page_KiboPush  Create Broadcast/h6_ Add Button (1)' is clicked on

2018-08-08 16:40:23 - [TEST_STEP][PASSED] - click: Object: 'Object Repository/Page_KiboPush  Create Broadcast/button_Cancel (1)' is clicked on

2018-08-08 16:40:23 - [MESSAGE][PASSED] - Object: 'Object Repository/Page_KiboPush  Create Broadcast/button_Cancel (1)' is clicked on

2018-08-08 16:40:23 - [TEST_STEP][PASSED] - click: Object: 'Object Repository/Page_KiboPush  Create Broadcast/div_ Add Button (3)' is clicked on

2018-08-08 16:40:23 - [MESSAGE][PASSED] - Object: 'Object Repository/Page_KiboPush  Create Broadcast/div_ Add Button (3)' is clicked on

2018-08-08 16:40:23 - [TEST_STEP][PASSED] - setText: Text 'KiboPush' is set on object 'Object Repository/Page_KiboPush  Create Broadcast/input_form-control_1 (2)'

2018-08-08 16:40:24 - [MESSAGE][PASSED] - Text 'KiboPush' is set on object 'Object Repository/Page_KiboPush  Create Broadcast/input_form-control_1 (2)'

2018-08-08 16:40:24 - [TEST_STEP][PASSED] - click: Object: 'Object Repository/Page_KiboPush  Create Broadcast/div_Open a website (2)' is clicked on

2018-08-08 16:40:24 - [MESSAGE][PASSED] - Object: 'Object Repository/Page_KiboPush  Create Broadcast/div_Open a website (2)' is clicked on

2018-08-08 16:40:24 - [TEST_STEP][PASSED] - setText: Text 'kibopush.com' is set on object 'Object Repository/Page_KiboPush  Create Broadcast/input_form-control_2'

2018-08-08 16:40:24 - [MESSAGE][PASSED] - Text 'kibopush.com' is set on object 'Object Repository/Page_KiboPush  Create Broadcast/input_form-control_2'

2018-08-08 16:40:24 - [TEST_STEP][PASSED] - click: Object: 'Object Repository/Page_KiboPush  Create Broadcast/button_Done (2)' is clicked on

2018-08-08 16:40:24 - [MESSAGE][PASSED] - Object: 'Object Repository/Page_KiboPush  Create Broadcast/button_Done (2)' is clicked on

2018-08-08 16:40:24 - [TEST_STEP][PASSED] - scrollToPosition: Browser is scrolled to position x = 0, y = 0

2018-08-08 16:40:24 - [MESSAGE][PASSED] - Browser is scrolled to position x = 0, y = 0

2018-08-08 16:40:24 - [TEST_STEP][PASSED] - delay: Delayed 1 second(s)

2018-08-08 16:40:25 - [MESSAGE][PASSED] - Delayed 1 second(s)

2018-08-08 16:40:25 - [TEST_STEP][PASSED] - click: Object: 'Object Repository/Page_KiboPush  Create Broadcast/button_Next (6)' is clicked on

2018-08-08 16:40:25 - [MESSAGE][PASSED] - Object: 'Object Repository/Page_KiboPush  Create Broadcast/button_Next (6)' is clicked on

2018-08-08 16:40:25 - [TEST_STEP][PASSED] - click: Object: 'Object Repository/Page_KiboPush  Create Broadcast/div_Card in gallery must have _1' is clicked on

2018-08-08 16:40:25 - [MESSAGE][PASSED] - Object: 'Object Repository/Page_KiboPush  Create Broadcast/div_Card in gallery must have _1' is clicked on]]></system-out>
         <system-err><![CDATA[]]></system-err>
      </testcase>
      <testcase name="Test Cases/TC0153" classname="Test Cases/TC0153" status="PASSED">
         <system-out><![CDATA[2018-08-08 16:40:25 - [TEST_CASE][PASSED] - Test Cases/TC0153: Test Cases/TC0153

2018-08-08 16:40:26 - [TEST_STEP][PASSED] - callTestCase: Call Test Case 'Test Cases/TC0150' successfully

2018-08-08 16:40:26 - [TEST_CASE][PASSED] - Test Cases/TC0150: Test Cases/TC0150

2018-08-08 16:40:26 - [TEST_STEP][PASSED] - openBrowser: Browser is opened with url: ''

2018-08-08 16:40:26 - [MESSAGE][WARNING] - A browser is already opened. Closing browser and opening a new one

2018-08-08 16:40:27 - [MESSAGE][PASSED] - Browser is opened with url: ''

2018-08-08 16:40:27 - [TEST_STEP][PASSED] - navigateToUrl: Navigate to 'https://staging.kibopush.com/' successfully

2018-08-08 16:40:36 - [MESSAGE][PASSED] - Navigate to 'https://staging.kibopush.com/' successfully

2018-08-08 16:40:36 - [TEST_STEP][PASSED] - click: Object: 'Object Repository/Page_KiboPush  Sign In/a_Login' is clicked on

2018-08-08 16:40:36 - [MESSAGE][PASSED] - Object: 'Object Repository/Page_KiboPush  Sign In/a_Login' is clicked on

2018-08-08 16:40:36 - [TEST_STEP][PASSED] - click: Object: 'Object Repository/Page_KiboPush  Sign In/button_Team Account' is clicked on

2018-08-08 16:40:36 - [MESSAGE][PASSED] - Object: 'Object Repository/Page_KiboPush  Sign In/button_Team Account' is clicked on

2018-08-08 16:40:36 - [TEST_STEP][PASSED] - setText: Text 'kibopush.com' is set on object 'Object Repository/Page_KiboPush  Sign In/input_form-control m-input'

2018-08-08 16:40:37 - [MESSAGE][PASSED] - Text 'kibopush.com' is set on object 'Object Repository/Page_KiboPush  Sign In/input_form-control m-input'

2018-08-08 16:40:37 - [TEST_STEP][PASSED] - setText: Text 'bjafri5@gmail.com' is set on object 'Object Repository/Page_KiboPush  Sign In/input_form-control m-input_1'

2018-08-08 16:40:37 - [MESSAGE][PASSED] - Text 'bjafri5@gmail.com' is set on object 'Object Repository/Page_KiboPush  Sign In/input_form-control m-input_1'

2018-08-08 16:40:37 - [TEST_STEP][PASSED] - setEncryptedText: Text ****** has been set on object 'Object Repository/Page_KiboPush  Sign In/input_form-control m-input_2'

2018-08-08 16:40:37 - [MESSAGE][PASSED] - Text ****** has been set on object 'Object Repository/Page_KiboPush  Sign In/input_form-control m-input_2'

2018-08-08 16:40:37 - [TEST_STEP][PASSED] - click: Object: 'Object Repository/Page_KiboPush  Sign In/button_Sign In' is clicked on

2018-08-08 16:40:37 - [MESSAGE][PASSED] - Object: 'Object Repository/Page_KiboPush  Sign In/button_Sign In' is clicked on

2018-08-08 16:40:37 - [TEST_STEP][PASSED] - click: Object: 'Object Repository/Page_KiboPush  Dashboard/span_Broadcasts' is clicked on

2018-08-08 16:40:40 - [MESSAGE][PASSED] - Object: 'Object Repository/Page_KiboPush  Dashboard/span_Broadcasts' is clicked on

2018-08-08 16:40:40 - [TEST_STEP][PASSED] - click: Object: 'Object Repository/Page_KiboPush  Broadcast/span_Create New Broadcast' is clicked on

2018-08-08 16:40:40 - [MESSAGE][PASSED] - Object: 'Object Repository/Page_KiboPush  Broadcast/span_Create New Broadcast' is clicked on

2018-08-08 16:40:40 - [TEST_STEP][PASSED] - click: Object: 'Object Repository/Page_KiboPush  Broadcast/a_Create New Broadcast' is clicked on

2018-08-08 16:40:41 - [MESSAGE][PASSED] - Object: 'Object Repository/Page_KiboPush  Broadcast/a_Create New Broadcast' is clicked on

2018-08-08 16:40:41 - [TEST_STEP][PASSED] - delay: Delayed 1 second(s)

2018-08-08 16:40:42 - [MESSAGE][PASSED] - Delayed 1 second(s)

2018-08-08 16:40:42 - [TEST_STEP][PASSED] - click: Object: 'Object Repository/Page_KiboPush  Create Broadcast/div_Gallery (1)' is clicked on

2018-08-08 16:40:42 - [MESSAGE][PASSED] - Object: 'Object Repository/Page_KiboPush  Create Broadcast/div_Gallery (1)' is clicked on

2018-08-08 16:40:42 - [TEST_STEP][PASSED] - click: Object: 'Object Repository/Page_KiboPush  Create Broadcast/div_New Gallery Component Adde (1)' is clicked on

2018-08-08 16:40:42 - [MESSAGE][PASSED] - Object: 'Object Repository/Page_KiboPush  Create Broadcast/div_New Gallery Component Adde (1)' is clicked on

2018-08-08 16:40:42 - [TEST_STEP][PASSED] - click: Object: 'Object Repository/Page_KiboPush  Create Broadcast/span_slick-arrow slick-next (2)' is clicked on

2018-08-08 16:40:42 - [MESSAGE][PASSED] - Object: 'Object Repository/Page_KiboPush  Create Broadcast/span_slick-arrow slick-next (2)' is clicked on

2018-08-08 16:40:42 - [TEST_STEP][PASSED] - delay: Delayed 1 second(s)

2018-08-08 16:40:43 - [MESSAGE][PASSED] - Delayed 1 second(s)

2018-08-08 16:40:43 - [TEST_STEP][PASSED] - click: Object: 'Object Repository/Page_KiboPush  Create Broadcast/span_slick-arrow slick-prev (1) (1)' is clicked on

2018-08-08 16:40:43 - [MESSAGE][PASSED] - Object: 'Object Repository/Page_KiboPush  Create Broadcast/span_slick-arrow slick-prev (1) (1)' is clicked on

2018-08-08 16:40:43 - [MESSAGE][PASSED] - Call Test Case 'Test Cases/TC0150' successfully

2018-08-08 16:40:43 - [TEST_STEP][PASSED] - setText: Text 'Subtitle' is set on object 'Object Repository/Page_KiboPush  Create Broadcast/textarea_form-control'

2018-08-08 16:40:44 - [MESSAGE][PASSED] - Text 'Subtitle' is set on object 'Object Repository/Page_KiboPush  Create Broadcast/textarea_form-control'

2018-08-08 16:40:44 - [TEST_STEP][PASSED] - click: Object: 'Object Repository/Page_KiboPush  Create Broadcast/div_ Add Button' is clicked on

2018-08-08 16:40:44 - [MESSAGE][PASSED] - Object: 'Object Repository/Page_KiboPush  Create Broadcast/div_ Add Button' is clicked on

2018-08-08 16:40:44 - [TEST_STEP][PASSED] - setText: Text 'kibopush.com' is set on object 'Object Repository/Page_KiboPush  Create Broadcast/input_form-control'

2018-08-08 16:40:44 - [MESSAGE][PASSED] - Text 'kibopush.com' is set on object 'Object Repository/Page_KiboPush  Create Broadcast/input_form-control'

2018-08-08 16:40:44 - [TEST_STEP][PASSED] - click: Object: 'Object Repository/Page_KiboPush  Create Broadcast/div_Open a website' is clicked on

2018-08-08 16:40:44 - [MESSAGE][PASSED] - Object: 'Object Repository/Page_KiboPush  Create Broadcast/div_Open a website' is clicked on

2018-08-08 16:40:44 - [TEST_STEP][PASSED] - setText: Text 'kibopush.com' is set on object 'Object Repository/Page_KiboPush  Create Broadcast/input_form-control_1'

2018-08-08 16:40:44 - [MESSAGE][PASSED] - Text 'kibopush.com' is set on object 'Object Repository/Page_KiboPush  Create Broadcast/input_form-control_1'

2018-08-08 16:40:44 - [TEST_STEP][PASSED] - click: Object: 'Object Repository/Page_KiboPush  Create Broadcast/button_Done' is clicked on

2018-08-08 16:40:44 - [MESSAGE][PASSED] - Object: 'Object Repository/Page_KiboPush  Create Broadcast/button_Done' is clicked on

2018-08-08 16:40:44 - [TEST_STEP][PASSED] - Statement - driver = com.kms.katalon.core.webui.driver.DriverFactory.getWebDriver(): null

2018-08-08 16:40:44 - [TEST_STEP][PASSED] - Statement - upload = driver.findElement(org.openqa.selenium.By.xpath("//input[@type='file']")): null

2018-08-08 16:40:44 - [TEST_STEP][PASSED] - Statement - img = com.kms.katalon.core.configuration.RunConfiguration.getProjectDir() + "/sample.jpg": null

2018-08-08 16:40:44 - [TEST_STEP][PASSED] - Statement - upload.sendKeys(img): null

2018-08-08 16:40:45 - [TEST_STEP][PASSED] - delay: Delayed 5 second(s)

2018-08-08 16:40:50 - [MESSAGE][PASSED] - Delayed 5 second(s)

2018-08-08 16:40:50 - [TEST_STEP][PASSED] - scrollToPosition: Browser is scrolled to position x = 0, y = 0

2018-08-08 16:40:50 - [MESSAGE][PASSED] - Browser is scrolled to position x = 0, y = 0

2018-08-08 16:40:50 - [TEST_STEP][PASSED] - click: Object: 'Object Repository/Page_KiboPush  Create Broadcast/button_Next' is clicked on

2018-08-08 16:40:50 - [MESSAGE][PASSED] - Object: 'Object Repository/Page_KiboPush  Create Broadcast/button_Next' is clicked on

2018-08-08 16:40:50 - [TEST_STEP][PASSED] - click: Object: 'Object Repository/Page_KiboPush  Create Broadcast/div_Card in gallery must have' is clicked on

2018-08-08 16:40:50 - [MESSAGE][PASSED] - Object: 'Object Repository/Page_KiboPush  Create Broadcast/div_Card in gallery must have' is clicked on]]></system-out>
         <system-err><![CDATA[]]></system-err>
      </testcase>
      <system-out><![CDATA[2018-08-08 16:25:44 - [TEST_SUITE][FAILED] - KiboPush Broadcasts: Test Cases/TC0122 FAILED because (of) Unable to click on object 'Object Repository/Page_KiboPush  Broadcast/div_Filter by type...textimage' (Root cause: com.kms.katalon.core.webui.exception.WebElementNotFoundException: Web element with id: 'Object Repository/Page_KiboPush  Broadcast/div_Filter by type...textimage' located by 'By.xpath: //div[(text() = 'Filter by type...textimagecardgalleryaudiovideofilelistmediamiscellaneousallShow records for last:    daysTitleTypeCreated AtSentSeenClicksBroadcast TitletextWed Aug 08 2018 11:10 AM100SampleVideovideoMon Aug 06 2018 9:45 AM110Broadcast TitlegalleryFri Aug 03 2018 8:06 AM110TitleYtextThu Aug 02 2018 1:12 PM110TitleXtextThu Aug 02 2018 9:42 AM110Broadcast TitletextWed Aug 01 2018 10:59 AM110Broadcast TitletextWed Aug 01 2018 10:59 AM110Broadcast TitletextWed Aug 01 2018 10:58 AM110Broadcast TitlemediaMon Jul 30 2018 2:07 PM110Broadcast TitlecardThu Jul 19 2018 8:25 AM110previous1234next' or . = 'Filter by type...textimagecardgalleryaudiovideofilelistmediamiscellaneousallShow records for last:    daysTitleTypeCreated AtSentSeenClicksBroadcast TitletextWed Aug 08 2018 11:10 AM100SampleVideovideoMon Aug 06 2018 9:45 AM110Broadcast TitlegalleryFri Aug 03 2018 8:06 AM110TitleYtextThu Aug 02 2018 1:12 PM110TitleXtextThu Aug 02 2018 9:42 AM110Broadcast TitletextWed Aug 01 2018 10:59 AM110Broadcast TitletextWed Aug 01 2018 10:59 AM110Broadcast TitletextWed Aug 01 2018 10:58 AM110Broadcast TitlemediaMon Jul 30 2018 2:07 PM110Broadcast TitlecardThu Jul 19 2018 8:25 AM110previous1234next')]' not found)]]></system-out>
      <system-err><![CDATA[2018-08-08 16:25:44 - [TEST_SUITE][FAILED] - KiboPush Broadcasts: Test Cases/TC0122 FAILED because (of) Unable to click on object 'Object Repository/Page_KiboPush  Broadcast/div_Filter by type...textimage' (Root cause: com.kms.katalon.core.webui.exception.WebElementNotFoundException: Web element with id: 'Object Repository/Page_KiboPush  Broadcast/div_Filter by type...textimage' located by 'By.xpath: //div[(text() = 'Filter by type...textimagecardgalleryaudiovideofilelistmediamiscellaneousallShow records for last:    daysTitleTypeCreated AtSentSeenClicksBroadcast TitletextWed Aug 08 2018 11:10 AM100SampleVideovideoMon Aug 06 2018 9:45 AM110Broadcast TitlegalleryFri Aug 03 2018 8:06 AM110TitleYtextThu Aug 02 2018 1:12 PM110TitleXtextThu Aug 02 2018 9:42 AM110Broadcast TitletextWed Aug 01 2018 10:59 AM110Broadcast TitletextWed Aug 01 2018 10:59 AM110Broadcast TitletextWed Aug 01 2018 10:58 AM110Broadcast TitlemediaMon Jul 30 2018 2:07 PM110Broadcast TitlecardThu Jul 19 2018 8:25 AM110previous1234next' or . = 'Filter by type...textimagecardgalleryaudiovideofilelistmediamiscellaneousallShow records for last:    daysTitleTypeCreated AtSentSeenClicksBroadcast TitletextWed Aug 08 2018 11:10 AM100SampleVideovideoMon Aug 06 2018 9:45 AM110Broadcast TitlegalleryFri Aug 03 2018 8:06 AM110TitleYtextThu Aug 02 2018 1:12 PM110TitleXtextThu Aug 02 2018 9:42 AM110Broadcast TitletextWed Aug 01 2018 10:59 AM110Broadcast TitletextWed Aug 01 2018 10:59 AM110Broadcast TitletextWed Aug 01 2018 10:58 AM110Broadcast TitlemediaMon Jul 30 2018 2:07 PM110Broadcast TitlecardThu Jul 19 2018 8:25 AM110previous1234next')]' not found)]]></system-err>
   </testsuite>
</testsuites>
