<?xml version="1.0" encoding="UTF-8"?>
<testsuites name="Login" time="141" tests="6" failures="0" errors="0">
   <testsuite name="Login" tests="6" failures="0" errors="0" time="141" timestamp="2019-04-16 10:55:39" hostname="cloudkibo-muzamil - cloudkibomuzamil-Precision-T1700" id="Test Suites/Login">
      <properties>
         <property name="deviceName" value=""/>
         <property name="devicePlatform" value=""/>
         <property name="logFolder" value="/home/cloudkibo-muzamil/Downloads/Test cases/production/KiboPush/Reports/Login/20190416_105531"/>
         <property name="logFiles" value="/home/cloudkibo-muzamil/Downloads/Test cases/production/KiboPush/Reports/Login/20190416_105531/execution0.log"/>
         <property name="attachments" value=""/>
         <property name="hostName" value="cloudkibo-muzamil - cloudkibomuzamil-Precision-T1700"/>
         <property name="os" value="Linux 64bit"/>
         <property name="katalonVersion" value="6.0.6.4"/>
         <property name="browser" value="Chrome 73.0.3683.86"/>
         <property name="hostAddress" value="127.0.1.1"/>
         <property name="sessionId" value="ffd1dd025e2f8a3dcd16753d3a692118"/>
         <property name="seleniumVersion" value="3.7.1"/>
         <property name="proxyInformation" value="ProxyInformation{proxyOption=NO_PROXY, proxyServerType=HTTP, password=, proxyServerAddress=, proxyServerPort=0}"/>
         <property name="platform" value="Linux"/>
      </properties>
      <testcase name="Test Cases/Login Test Cases/TC0001" classname="Test Cases/Login Test Cases/TC0001" status="PASSED">
         <system-out><![CDATA[2019-04-16 10:55:39 - [TEST_CASE][PASSED] - Test Cases/Login Test Cases/TC0001: Test Cases/Login Test Cases/TC0001

2019-04-16 10:55:40 - [TEST_STEP][PASSED] - callTestCase(findTestCase("s-sidebar_navigation/individualAccount/Login_Muzamil - Staging"), [:], STOP_ON_FAILURE): Call Test Case 'Test Cases/s-sidebar_navigation/individualAccount/Login_Muzamil - Staging' successfully

2019-04-16 10:55:40 - [TEST_CASE][PASSED] - Test Cases/s-sidebar_navigation/individualAccount/Login_Muzamil - Staging: Test Cases/s-sidebar_navigation/individualAccount/Login_Muzamil - Staging

2019-04-16 10:55:40 - [TEST_STEP][PASSED] - openBrowser(""): Browser is opened with url: ''

2019-04-16 10:55:40 - [MESSAGE][INFO] - Starting 'Chrome' driver

2019-04-16 10:55:40 - [MESSAGE][INFO] - Action delay is set to 0 seconds

2019-04-16 10:55:43 - [MESSAGE][PASSED] - Browser is opened with url: ''

2019-04-16 10:55:43 - [TEST_STEP][PASSED] - maximizeWindow(): Current window maximized

2019-04-16 10:55:43 - [MESSAGE][PASSED] - Current window maximized

2019-04-16 10:55:43 - [TEST_STEP][PASSED] - navigateToUrl("https://saccounts.cloudkibo.com/?continue=https://skiboengage.cloudkibo.com"): Navigate to 'https://saccounts.cloudkibo.com/?continue=https://skiboengage.cloudkibo.com' successfully

2019-04-16 10:55:51 - [MESSAGE][PASSED] - Navigate to 'https://saccounts.cloudkibo.com/?continue=https://skiboengage.cloudkibo.com' successfully

2019-04-16 10:55:51 - [TEST_STEP][PASSED] - delay(2): Delayed 2 second(s)

2019-04-16 10:55:53 - [MESSAGE][PASSED] - Delayed 2 second(s)

2019-04-16 10:55:53 - [TEST_STEP][PASSED] - click(findTestObject("Page_CloudKibo/a_Login (4)")): Object: 'Object Repository/Page_CloudKibo/a_Login (4)' is clicked on

2019-04-16 10:55:53 - [MESSAGE][PASSED] - Object: 'Object Repository/Page_CloudKibo/a_Login (4)' is clicked on

2019-04-16 10:55:53 - [TEST_STEP][PASSED] - setText(findTestObject("Page_CloudKibo/input_Sign In_email (3)"), "muzamil.bukhari.39@gmail.com"): Text 'muzamil.bukhari.39@gmail.com' is set on object 'Object Repository/Page_CloudKibo/input_Sign In_email (3)'

2019-04-16 10:55:54 - [MESSAGE][PASSED] - Text 'muzamil.bukhari.39@gmail.com' is set on object 'Object Repository/Page_CloudKibo/input_Sign In_email (3)'

2019-04-16 10:55:54 - [TEST_STEP][PASSED] - setEncryptedText(findTestObject("Page_CloudKibo/input_Sign In_password (3)"), "ZOMPkeJIpHVS6OGLcNHjig=="): Text ****** has been set on object 'Object Repository/Page_CloudKibo/input_Sign In_password (3)'

2019-04-16 10:55:54 - [MESSAGE][PASSED] - Text ****** has been set on object 'Object Repository/Page_CloudKibo/input_Sign In_password (3)'

2019-04-16 10:55:54 - [TEST_STEP][PASSED] - click(findTestObject("Page_CloudKibo/button_Sign In (7)")): Object: 'Object Repository/Page_CloudKibo/button_Sign In (7)' is clicked on

2019-04-16 10:55:54 - [MESSAGE][PASSED] - Object: 'Object Repository/Page_CloudKibo/button_Sign In (7)' is clicked on

2019-04-16 10:55:54 - [TEST_STEP][PASSED] - click(findTestObject("Page_KiboEngage  Dashboard/h4_KIBOPUSH (2)")): Object: 'Object Repository/Page_KiboEngage  Dashboard/h4_KIBOPUSH (2)' is clicked on

2019-04-16 10:56:16 - [MESSAGE][PASSED] - Object: 'Object Repository/Page_KiboEngage  Dashboard/h4_KIBOPUSH (2)' is clicked on

2019-04-16 10:56:16 - [MESSAGE][PASSED] - Call Test Case 'Test Cases/s-sidebar_navigation/individualAccount/Login_Muzamil - Staging' successfully]]></system-out>
         <system-err><![CDATA[]]></system-err>
      </testcase>
      <testcase name="Test Cases/Login Test Cases/TC0002" classname="Test Cases/Login Test Cases/TC0002" status="PASSED">
         <system-out><![CDATA[2019-04-16 10:56:16 - [TEST_CASE][PASSED] - Test Cases/Login Test Cases/TC0002: Test Cases/Login Test Cases/TC0002

2019-04-16 10:56:16 - [TEST_STEP][PASSED] - callTestCase(findTestCase("s-sidebar_navigation/TeamAccount/Team Login Muzamil Staging"), [:], STOP_ON_FAILURE): Call Test Case 'Test Cases/s-sidebar_navigation/TeamAccount/Team Login Muzamil Staging' successfully

2019-04-16 10:56:16 - [TEST_CASE][PASSED] - Test Cases/s-sidebar_navigation/TeamAccount/Team Login Muzamil Staging: Test Cases/s-sidebar_navigation/TeamAccount/Team Login Muzamil Staging

2019-04-16 10:56:16 - [TEST_STEP][PASSED] - openBrowser(""): Browser is opened with url: ''

2019-04-16 10:56:16 - [MESSAGE][WARNING] - A browser is already opened. Closing browser and opening a new one

2019-04-16 10:56:16 - [MESSAGE][INFO] - Starting 'Chrome' driver

2019-04-16 10:56:17 - [MESSAGE][PASSED] - Browser is opened with url: ''

2019-04-16 10:56:17 - [TEST_STEP][PASSED] - maximizeWindow(): Current window maximized

2019-04-16 10:56:17 - [MESSAGE][PASSED] - Current window maximized

2019-04-16 10:56:17 - [TEST_STEP][PASSED] - navigateToUrl("https://saccounts.cloudkibo.com/?continue=https://skiboengage.cloudkibo.com"): Navigate to 'https://saccounts.cloudkibo.com/?continue=https://skiboengage.cloudkibo.com' successfully

2019-04-16 10:56:28 - [MESSAGE][PASSED] - Navigate to 'https://saccounts.cloudkibo.com/?continue=https://skiboengage.cloudkibo.com' successfully

2019-04-16 10:56:28 - [TEST_STEP][PASSED] - delay(2): Delayed 2 second(s)

2019-04-16 10:56:30 - [MESSAGE][PASSED] - Delayed 2 second(s)

2019-04-16 10:56:30 - [TEST_STEP][PASSED] - click(findTestObject("Page_CloudKibo/a_Login (4) (2)")): Object: 'Object Repository/Page_CloudKibo/a_Login (4) (2)' is clicked on

2019-04-16 10:56:31 - [MESSAGE][PASSED] - Object: 'Object Repository/Page_CloudKibo/a_Login (4) (2)' is clicked on

2019-04-16 10:56:31 - [TEST_STEP][PASSED] - setText(findTestObject("Page_CloudKibo/input_Sign In_email (4)"), "muzamil.abbas@khi.iba.edu.pk"): Text 'muzamil.abbas@khi.iba.edu.pk' is set on object 'Object Repository/Page_CloudKibo/input_Sign In_email (4)'

2019-04-16 10:56:31 - [MESSAGE][PASSED] - Text 'muzamil.abbas@khi.iba.edu.pk' is set on object 'Object Repository/Page_CloudKibo/input_Sign In_email (4)'

2019-04-16 10:56:31 - [TEST_STEP][PASSED] - setEncryptedText(findTestObject("Page_CloudKibo/input_Sign In_password (4)"), "ZOMPkeJIpHVS6OGLcNHjig=="): Text ****** has been set on object 'Object Repository/Page_CloudKibo/input_Sign In_password (4)'

2019-04-16 10:56:31 - [MESSAGE][PASSED] - Text ****** has been set on object 'Object Repository/Page_CloudKibo/input_Sign In_password (4)'

2019-04-16 10:56:31 - [TEST_STEP][PASSED] - click(findTestObject("Page_CloudKibo/button_Sign In (8)")): Object: 'Object Repository/Page_CloudKibo/button_Sign In (8)' is clicked on

2019-04-16 10:56:31 - [MESSAGE][PASSED] - Object: 'Object Repository/Page_CloudKibo/button_Sign In (8)' is clicked on

2019-04-16 10:56:31 - [TEST_STEP][PASSED] - delay(2): Delayed 2 second(s)

2019-04-16 10:56:33 - [MESSAGE][PASSED] - Delayed 2 second(s)

2019-04-16 10:56:33 - [TEST_STEP][PASSED] - click(findTestObject("Page_KiboEngage  Dashboard/h4_KIBOPUSH (3)")): Object: 'Object Repository/Page_KiboEngage  Dashboard/h4_KIBOPUSH (3)' is clicked on

2019-04-16 10:56:56 - [MESSAGE][PASSED] - Object: 'Object Repository/Page_KiboEngage  Dashboard/h4_KIBOPUSH (3)' is clicked on

2019-04-16 10:56:56 - [MESSAGE][PASSED] - Call Test Case 'Test Cases/s-sidebar_navigation/TeamAccount/Team Login Muzamil Staging' successfully]]></system-out>
         <system-err><![CDATA[]]></system-err>
      </testcase>
      <testcase name="Test Cases/Login Test Cases/TC0003" classname="Test Cases/Login Test Cases/TC0003" status="PASSED">
         <system-out><![CDATA[2019-04-16 10:56:56 - [TEST_CASE][PASSED] - Test Cases/Login Test Cases/TC0003: Test Cases/Login Test Cases/TC0003

2019-04-16 10:56:56 - [TEST_STEP][PASSED] - openBrowser(""): Browser is opened with url: ''

2019-04-16 10:56:56 - [MESSAGE][WARNING] - A browser is already opened. Closing browser and opening a new one

2019-04-16 10:56:56 - [MESSAGE][INFO] - Starting 'Chrome' driver

2019-04-16 10:56:57 - [MESSAGE][PASSED] - Browser is opened with url: ''

2019-04-16 10:56:57 - [TEST_STEP][PASSED] - maximizeWindow(): Current window maximized

2019-04-16 10:56:57 - [MESSAGE][PASSED] - Current window maximized

2019-04-16 10:56:57 - [TEST_STEP][PASSED] - navigateToUrl("https://saccounts.cloudkibo.com/?continue=https://skiboengage.cloudkibo.com"): Navigate to 'https://saccounts.cloudkibo.com/?continue=https://skiboengage.cloudkibo.com' successfully

2019-04-16 10:57:04 - [MESSAGE][PASSED] - Navigate to 'https://saccounts.cloudkibo.com/?continue=https://skiboengage.cloudkibo.com' successfully

2019-04-16 10:57:04 - [TEST_STEP][PASSED] - delay(2): Delayed 2 second(s)

2019-04-16 10:57:06 - [MESSAGE][PASSED] - Delayed 2 second(s)

2019-04-16 10:57:06 - [TEST_STEP][PASSED] - click(findTestObject("Object Repository/Page_CloudKibo/a_Login (4) (2) (1)")): Object: 'Object Repository/Page_CloudKibo/a_Login (4) (2) (1)' is clicked on

2019-04-16 10:57:07 - [MESSAGE][PASSED] - Object: 'Object Repository/Page_CloudKibo/a_Login (4) (2) (1)' is clicked on

2019-04-16 10:57:07 - [TEST_STEP][PASSED] - setText(findTestObject("Object Repository/Page_CloudKibo/input_Sign In_email (4) (1)"), "muzamil@khi.iba.edu.pk"): Text 'muzamil@khi.iba.edu.pk' is set on object 'Object Repository/Page_CloudKibo/input_Sign In_email (4) (1)'

2019-04-16 10:57:07 - [MESSAGE][PASSED] - Text 'muzamil@khi.iba.edu.pk' is set on object 'Object Repository/Page_CloudKibo/input_Sign In_email (4) (1)'

2019-04-16 10:57:07 - [TEST_STEP][PASSED] - setEncryptedText(findTestObject("Object Repository/Page_CloudKibo/input_Sign In_password (4) (1)"), "ZOMPkeJIpHVS6OGLcNHjig=="): Text ****** has been set on object 'Object Repository/Page_CloudKibo/input_Sign In_password (4) (1)'

2019-04-16 10:57:07 - [MESSAGE][PASSED] - Text ****** has been set on object 'Object Repository/Page_CloudKibo/input_Sign In_password (4) (1)'

2019-04-16 10:57:07 - [TEST_STEP][PASSED] - click(findTestObject("Object Repository/Page_CloudKibo/button_Sign In (9)")): Object: 'Object Repository/Page_CloudKibo/button_Sign In (9)' is clicked on

2019-04-16 10:57:07 - [MESSAGE][PASSED] - Object: 'Object Repository/Page_CloudKibo/button_Sign In (9)' is clicked on

2019-04-16 10:57:07 - [TEST_STEP][PASSED] - delay(1): Delayed 1 second(s)

2019-04-16 10:57:08 - [MESSAGE][PASSED] - Delayed 1 second(s)

2019-04-16 10:57:08 - [TEST_STEP][PASSED] - click(findTestObject("Object Repository/Page_CloudKibo/div_No account found with this email address")): Object: 'Object Repository/Page_CloudKibo/div_No account found with this email address' is clicked on

2019-04-16 10:57:08 - [MESSAGE][PASSED] - Object: 'Object Repository/Page_CloudKibo/div_No account found with this email address' is clicked on]]></system-out>
         <system-err><![CDATA[]]></system-err>
      </testcase>
      <testcase name="Test Cases/Login Test Cases/TC0004" classname="Test Cases/Login Test Cases/TC0004" status="PASSED">
         <system-out><![CDATA[2019-04-16 10:57:08 - [TEST_CASE][PASSED] - Test Cases/Login Test Cases/TC0004: Test Cases/Login Test Cases/TC0004

2019-04-16 10:57:08 - [TEST_STEP][PASSED] - openBrowser(""): Browser is opened with url: ''

2019-04-16 10:57:08 - [MESSAGE][WARNING] - A browser is already opened. Closing browser and opening a new one

2019-04-16 10:57:08 - [MESSAGE][INFO] - Starting 'Chrome' driver

2019-04-16 10:57:09 - [MESSAGE][PASSED] - Browser is opened with url: ''

2019-04-16 10:57:09 - [TEST_STEP][PASSED] - maximizeWindow(): Current window maximized

2019-04-16 10:57:09 - [MESSAGE][PASSED] - Current window maximized

2019-04-16 10:57:09 - [TEST_STEP][PASSED] - navigateToUrl("https://saccounts.cloudkibo.com/?continue=https://skiboengage.cloudkibo.com"): Navigate to 'https://saccounts.cloudkibo.com/?continue=https://skiboengage.cloudkibo.com' successfully

2019-04-16 10:57:18 - [MESSAGE][PASSED] - Navigate to 'https://saccounts.cloudkibo.com/?continue=https://skiboengage.cloudkibo.com' successfully

2019-04-16 10:57:18 - [TEST_STEP][PASSED] - delay(2): Delayed 2 second(s)

2019-04-16 10:57:20 - [MESSAGE][PASSED] - Delayed 2 second(s)

2019-04-16 10:57:20 - [TEST_STEP][PASSED] - click(findTestObject("Object Repository/Page_CloudKibo/a_Login (4) (2) (2)")): Object: 'Object Repository/Page_CloudKibo/a_Login (4) (2) (2)' is clicked on

2019-04-16 10:57:21 - [MESSAGE][PASSED] - Object: 'Object Repository/Page_CloudKibo/a_Login (4) (2) (2)' is clicked on

2019-04-16 10:57:21 - [TEST_STEP][PASSED] - setText(findTestObject("Object Repository/Page_CloudKibo/input_Sign In_email (5)"), "muzamil.abbas@khi.iba.edu.pk"): Text 'muzamil.abbas@khi.iba.edu.pk' is set on object 'Object Repository/Page_CloudKibo/input_Sign In_email (5)'

2019-04-16 10:57:21 - [MESSAGE][PASSED] - Text 'muzamil.abbas@khi.iba.edu.pk' is set on object 'Object Repository/Page_CloudKibo/input_Sign In_email (5)'

2019-04-16 10:57:21 - [TEST_STEP][PASSED] - setEncryptedText(findTestObject("Object Repository/Page_CloudKibo/input_Sign In_password (6)"), "GMQllEmfdY/HHKodjIYgDA=="): Text ****** has been set on object 'Object Repository/Page_CloudKibo/input_Sign In_password (6)'

2019-04-16 10:57:21 - [MESSAGE][PASSED] - Text ****** has been set on object 'Object Repository/Page_CloudKibo/input_Sign In_password (6)'

2019-04-16 10:57:21 - [TEST_STEP][PASSED] - click(findTestObject("Object Repository/Page_CloudKibo/button_Sign In (10)")): Object: 'Object Repository/Page_CloudKibo/button_Sign In (10)' is clicked on

2019-04-16 10:57:21 - [MESSAGE][PASSED] - Object: 'Object Repository/Page_CloudKibo/button_Sign In (10)' is clicked on

2019-04-16 10:57:21 - [TEST_STEP][PASSED] - delay(1): Delayed 1 second(s)

2019-04-16 10:57:22 - [MESSAGE][PASSED] - Delayed 1 second(s)

2019-04-16 10:57:22 - [TEST_STEP][PASSED] - click(findTestObject("Object Repository/Page_CloudKibo/div_This password is not correct")): Object: 'Object Repository/Page_CloudKibo/div_This password is not correct' is clicked on

2019-04-16 10:57:22 - [MESSAGE][PASSED] - Object: 'Object Repository/Page_CloudKibo/div_This password is not correct' is clicked on]]></system-out>
         <system-err><![CDATA[]]></system-err>
      </testcase>
      <testcase name="Test Cases/Login Test Cases/TC0005" classname="Test Cases/Login Test Cases/TC0005" status="PASSED">
         <system-out><![CDATA[2019-04-16 10:57:22 - [TEST_CASE][PASSED] - Test Cases/Login Test Cases/TC0005: Test Cases/Login Test Cases/TC0005

2019-04-16 10:57:22 - [TEST_STEP][PASSED] - openBrowser(""): Browser is opened with url: ''

2019-04-16 10:57:22 - [MESSAGE][WARNING] - A browser is already opened. Closing browser and opening a new one

2019-04-16 10:57:23 - [MESSAGE][INFO] - Starting 'Chrome' driver

2019-04-16 10:57:23 - [MESSAGE][PASSED] - Browser is opened with url: ''

2019-04-16 10:57:23 - [TEST_STEP][PASSED] - maximizeWindow(): Current window maximized

2019-04-16 10:57:23 - [MESSAGE][PASSED] - Current window maximized

2019-04-16 10:57:23 - [TEST_STEP][PASSED] - navigateToUrl("https://saccounts.cloudkibo.com/?continue=https://skiboengage.cloudkibo.com"): Navigate to 'https://saccounts.cloudkibo.com/?continue=https://skiboengage.cloudkibo.com' successfully

2019-04-16 10:57:36 - [MESSAGE][PASSED] - Navigate to 'https://saccounts.cloudkibo.com/?continue=https://skiboengage.cloudkibo.com' successfully

2019-04-16 10:57:36 - [TEST_STEP][PASSED] - delay(2): Delayed 2 second(s)

2019-04-16 10:57:38 - [MESSAGE][PASSED] - Delayed 2 second(s)

2019-04-16 10:57:38 - [TEST_STEP][PASSED] - click(findTestObject("Object Repository/Page_CloudKibo/a_Login (4) (2) (2) (1)")): Object: 'Object Repository/Page_CloudKibo/a_Login (4) (2) (2) (1)' is clicked on

2019-04-16 10:57:39 - [MESSAGE][PASSED] - Object: 'Object Repository/Page_CloudKibo/a_Login (4) (2) (2) (1)' is clicked on

2019-04-16 10:57:39 - [TEST_STEP][PASSED] - click(findTestObject("Object Repository/Page_CloudKibo/button_Sign In (10) (1)")): Object: 'Object Repository/Page_CloudKibo/button_Sign In (10) (1)' is clicked on

2019-04-16 10:57:39 - [MESSAGE][PASSED] - Object: 'Object Repository/Page_CloudKibo/button_Sign In (10) (1)' is clicked on

2019-04-16 10:57:39 - [TEST_STEP][PASSED] - click(findTestObject("Object Repository/Page_CloudKibo/div_Email is required")): Object: 'Object Repository/Page_CloudKibo/div_Email is required' is clicked on

2019-04-16 10:57:39 - [MESSAGE][PASSED] - Object: 'Object Repository/Page_CloudKibo/div_Email is required' is clicked on]]></system-out>
         <system-err><![CDATA[]]></system-err>
      </testcase>
      <testcase name="Test Cases/Login Test Cases/TC0012" classname="Test Cases/Login Test Cases/TC0012" status="PASSED">
         <system-out><![CDATA[2019-04-16 10:57:39 - [TEST_CASE][PASSED] - Test Cases/Login Test Cases/TC0012: Test Cases/Login Test Cases/TC0012

2019-04-16 10:57:39 - [TEST_STEP][PASSED] - openBrowser(""): Browser is opened with url: ''

2019-04-16 10:57:39 - [MESSAGE][WARNING] - A browser is already opened. Closing browser and opening a new one

2019-04-16 10:57:39 - [MESSAGE][INFO] - Starting 'Chrome' driver

2019-04-16 10:57:39 - [MESSAGE][PASSED] - Browser is opened with url: ''

2019-04-16 10:57:39 - [TEST_STEP][PASSED] - maximizeWindow(): Current window maximized

2019-04-16 10:57:39 - [MESSAGE][PASSED] - Current window maximized

2019-04-16 10:57:39 - [TEST_STEP][PASSED] - navigateToUrl("https://saccounts.cloudkibo.com/?continue=https://skiboengage.cloudkibo.com"): Navigate to 'https://saccounts.cloudkibo.com/?continue=https://skiboengage.cloudkibo.com' successfully

2019-04-16 10:57:49 - [MESSAGE][PASSED] - Navigate to 'https://saccounts.cloudkibo.com/?continue=https://skiboengage.cloudkibo.com' successfully

2019-04-16 10:57:49 - [TEST_STEP][PASSED] - navigateToUrl("https://saccounts.cloudkibo.com/?continue=https://skiboengage.cloudkibo.com"): Navigate to 'https://saccounts.cloudkibo.com/?continue=https://skiboengage.cloudkibo.com' successfully

2019-04-16 10:57:49 - [MESSAGE][PASSED] - Navigate to 'https://saccounts.cloudkibo.com/?continue=https://skiboengage.cloudkibo.com' successfully

2019-04-16 10:57:49 - [TEST_STEP][PASSED] - click(findTestObject("Object Repository/Page_CloudKibo/a_Visit FAQ page")): Object: 'Object Repository/Page_CloudKibo/a_Visit FAQ page' is clicked on

2019-04-16 10:57:56 - [MESSAGE][PASSED] - Object: 'Object Repository/Page_CloudKibo/a_Visit FAQ page' is clicked on

2019-04-16 10:57:56 - [TEST_STEP][PASSED] - delay(3): Delayed 3 second(s)

2019-04-16 10:57:59 - [MESSAGE][PASSED] - Delayed 3 second(s)

2019-04-16 10:57:59 - [TEST_STEP][PASSED] - click(findTestObject("Object Repository/Page_Faq  The Marketing Newsletter/h2_Do you have a question")): Object: 'Object Repository/Page_Faq  The Marketing Newsletter/h2_Do you have a question' is clicked on

2019-04-16 10:57:59 - [MESSAGE][PASSED] - Object: 'Object Repository/Page_Faq  The Marketing Newsletter/h2_Do you have a question' is clicked on]]></system-out>
         <system-err><![CDATA[]]></system-err>
      </testcase>
      <system-out><![CDATA[2019-04-16 10:55:39 - [TEST_SUITE][PASSED] - Login: Test Cases/Login Test Cases/TC0012]]></system-out>
      <system-err><![CDATA[]]></system-err>
   </testsuite>
</testsuites>
