<?xml version="1.0" encoding="UTF-8"?>
<testsuites name="inviteUsingPhoneNumber" time="85" tests="7" failures="0" errors="0">
   <testsuite name="inviteUsingPhoneNumber" tests="7" failures="0" errors="0" time="85" timestamp="2019-04-20 17:34:26" hostname="faizan - faizan-HP-EliteBook-850-G2" id="Test Suites/Faizan Suits/inviteUsingPhoneNumber">
      <properties>
         <property name="deviceName" value=""/>
         <property name="devicePlatform" value=""/>
         <property name="logFolder" value="/home/faizan/Drive/KiboPush_Automated_Testing/KiboPush Katalon/Reports/Faizan Suits/inviteUsingPhoneNumber/20190420_173418"/>
         <property name="logFiles" value="/home/faizan/Drive/KiboPush_Automated_Testing/KiboPush Katalon/Reports/Faizan Suits/inviteUsingPhoneNumber/20190420_173418/execution0.log"/>
         <property name="attachments" value=""/>
         <property name="hostName" value="faizan - faizan-HP-EliteBook-850-G2"/>
         <property name="os" value="Linux 64bit"/>
         <property name="katalonVersion" value="6.1.2.2"/>
         <property name="browser" value="Chrome 73.0.3683.103"/>
         <property name="hostAddress" value="127.0.1.1"/>
         <property name="sessionId" value="aee151d60e2c1a8190566f9a2e3d99f9"/>
         <property name="seleniumVersion" value="3.7.1"/>
         <property name="proxyInformation" value="ProxyInformation{proxyOption=NO_PROXY, proxyServerType=HTTP, password=, proxyServerAddress=, proxyServerPort=0}"/>
         <property name="platform" value="Linux"/>
      </properties>
      <testcase name="Test Cases/s-sidebar_navigation/individualAccount/Faizan_production_login_kiboengage" classname="Test Cases/s-sidebar_navigation/individualAccount/Faizan_production_login_kiboengage" status="PASSED">
         <system-out><![CDATA[2019-04-20 17:34:26 - [TEST_CASE][PASSED] - Test Cases/s-sidebar_navigation/individualAccount/Faizan_production_login_kiboengage: Test Cases/s-sidebar_navigation/individualAccount/Faizan_production_login_kiboengage

2019-04-20 17:34:27 - [TEST_STEP][PASSED] - openBrowser(""): Browser is opened with url: ''

2019-04-20 17:34:27 - [MESSAGE][INFO] - Starting 'Chrome' driver

2019-04-20 17:34:27 - [MESSAGE][INFO] - User set preference: ['args', '[--no-sandbox]']

2019-04-20 17:34:27 - [MESSAGE][INFO] - Action delay is set to 0 seconds

2019-04-20 17:34:34 - [MESSAGE][PASSED] - Browser is opened with url: ''

2019-04-20 17:34:34 - [TEST_STEP][PASSED] - maximizeWindow(): Current window maximized

2019-04-20 17:34:34 - [MESSAGE][PASSED] - Current window maximized

2019-04-20 17:34:34 - [TEST_STEP][PASSED] - navigateToUrl("https://kiboengage.cloudkibo.com/"): Navigate to 'https://kiboengage.cloudkibo.com/' successfully

2019-04-20 17:34:44 - [MESSAGE][PASSED] - Navigate to 'https://kiboengage.cloudkibo.com/' successfully

2019-04-20 17:34:44 - [TEST_STEP][PASSED] - navigateToUrl("https://accounts.cloudkibo.com/?continue=https://kiboengage.cloudkibo.com"): Navigate to 'https://accounts.cloudkibo.com/?continue=https://kiboengage.cloudkibo.com' successfully

2019-04-20 17:34:44 - [MESSAGE][PASSED] - Navigate to 'https://accounts.cloudkibo.com/?continue=https://kiboengage.cloudkibo.com' successfully

2019-04-20 17:34:44 - [TEST_STEP][PASSED] - click(findTestObject("Page_CloudKibo/a_Login (2) (1) (1)")): Object: 'Object Repository/Page_CloudKibo/a_Login (2) (1) (1)' is clicked on

2019-04-20 17:34:45 - [MESSAGE][PASSED] - Object: 'Object Repository/Page_CloudKibo/a_Login (2) (1) (1)' is clicked on

2019-04-20 17:34:45 - [TEST_STEP][PASSED] - setText(findTestObject("Page_KiboPush/input_email (10) (1) (1)"), "faizan@cloudkibo.com"): Text 'faizan@cloudkibo.com' is set on object 'Object Repository/Page_KiboPush/input_email (10) (1) (1)'

2019-04-20 17:34:46 - [MESSAGE][PASSED] - Text 'faizan@cloudkibo.com' is set on object 'Object Repository/Page_KiboPush/input_email (10) (1) (1)'

2019-04-20 17:34:46 - [TEST_STEP][PASSED] - setEncryptedText(findTestObject("Page_CloudKibo/input_Sign In_password (7)"), "qeJ0sjJnwEs="): Text ****** has been set on object 'Object Repository/Page_CloudKibo/input_Sign In_password (7)'

2019-04-20 17:34:46 - [MESSAGE][PASSED] - Text ****** has been set on object 'Object Repository/Page_CloudKibo/input_Sign In_password (7)'

2019-04-20 17:34:46 - [TEST_STEP][PASSED] - click(findTestObject("Page_KiboPush/button_Sign In (10) (1) (2)")): Object: 'Object Repository/Page_KiboPush/button_Sign In (10) (1) (2)' is clicked on

2019-04-20 17:34:46 - [MESSAGE][PASSED] - Object: 'Object Repository/Page_KiboPush/button_Sign In (10) (1) (2)' is clicked on

2019-04-20 17:34:46 - [TEST_STEP][PASSED] - navigateToUrl("https://kiboengage.cloudkibo.com/dashboard"): Navigate to 'https://kiboengage.cloudkibo.com/dashboard' successfully

2019-04-20 17:35:12 - [MESSAGE][PASSED] - Navigate to 'https://kiboengage.cloudkibo.com/dashboard' successfully

2019-04-20 17:35:12 - [TEST_STEP][PASSED] - click(findTestObject("Page_KiboPush  Dashboard/h3_Dashboard (57)")): Object: 'Object Repository/Page_KiboPush  Dashboard/h3_Dashboard (57)' is clicked on

2019-04-20 17:35:12 - [MESSAGE][PASSED] - Object: 'Object Repository/Page_KiboPush  Dashboard/h3_Dashboard (57)' is clicked on

2019-04-20 17:35:12 - [TEST_STEP][PASSED] - delay(3): Delayed 3 second(s)

2019-04-20 17:35:15 - [MESSAGE][PASSED] - Delayed 3 second(s)

2019-04-20 17:35:15 - [TEST_STEP][PASSED] - click(findTestObject("Page_KiboEngage  Dashboard/a_SMS (2) (1) (1) (1) (3)")): Object: 'Object Repository/Page_KiboEngage  Dashboard/a_SMS (2) (1) (1) (1) (3)' is clicked on

2019-04-20 17:35:16 - [MESSAGE][PASSED] - Object: 'Object Repository/Page_KiboEngage  Dashboard/a_SMS (2) (1) (1) (1) (3)' is clicked on

2019-04-20 17:35:16 - [TEST_STEP][PASSED] - click(findTestObject("Page_KiboEngage  Dashboard/span_Messenger (1) (1) (1) (3)")): Object: 'Object Repository/Page_KiboEngage  Dashboard/span_Messenger (1) (1) (1) (3)' is clicked on

2019-04-20 17:35:16 - [MESSAGE][PASSED] - Object: 'Object Repository/Page_KiboEngage  Dashboard/span_Messenger (1) (1) (1) (3)' is clicked on]]></system-out>
         <system-err><![CDATA[]]></system-err>
      </testcase>
      <testcase name="Test Cases/Invite subscribers/open growth tools" classname="Test Cases/Invite subscribers/open growth tools" status="PASSED">
         <system-out><![CDATA[2019-04-20 17:35:16 - [TEST_CASE][PASSED] - Test Cases/Invite subscribers/open growth tools: Test Cases/Invite subscribers/open growth tools

2019-04-20 17:35:16 - [TEST_STEP][PASSED] - click(findTestObject("Object Repository/Page_KiboPush  Dashboard/span_Growth Tools (3)")): Object: 'Object Repository/Page_KiboPush  Dashboard/span_Growth Tools (3)' is clicked on

2019-04-20 17:35:16 - [MESSAGE][PASSED] - Object: 'Object Repository/Page_KiboPush  Dashboard/span_Growth Tools (3)' is clicked on

2019-04-20 17:35:16 - [TEST_STEP][PASSED] - delay(1): Delayed 1 second(s)

2019-04-20 17:35:17 - [MESSAGE][PASSED] - Delayed 1 second(s)]]></system-out>
         <system-err><![CDATA[]]></system-err>
      </testcase>
      <testcase name="Test Cases/Invite Using Phone Number/TC0919" classname="Test Cases/Invite Using Phone Number/TC0919" status="PASSED">
         <system-out><![CDATA[2019-04-20 17:35:17 - [TEST_CASE][PASSED] - Test Cases/Invite Using Phone Number/TC0919: Test Cases/Invite Using Phone Number/TC0919

2019-04-20 17:35:17 - [TEST_STEP][PASSED] - callTestCase(findTestCase("s-sidebar_navigation/individualAccount/Invite using Phone Number"), [:], STOP_ON_FAILURE): Call Test Case 'Test Cases/s-sidebar_navigation/individualAccount/Invite using Phone Number' successfully

2019-04-20 17:35:17 - [TEST_CASE][PASSED] - Test Cases/s-sidebar_navigation/individualAccount/Invite using Phone Number: Test Cases/s-sidebar_navigation/individualAccount/Invite using Phone Number

2019-04-20 17:35:18 - [TEST_STEP][PASSED] - click(findTestObject("Object Repository/Page_KiboPush  Dashboard/span_Invite Subscribers")): Object: 'Object Repository/Page_KiboPush  Dashboard/span_Invite Subscribers' is clicked on

2019-04-20 17:35:18 - [MESSAGE][PASSED] - Object: 'Object Repository/Page_KiboPush  Dashboard/span_Invite Subscribers' is clicked on

2019-04-20 17:35:18 - [TEST_STEP][PASSED] - delay(1): Delayed 1 second(s)

2019-04-20 17:35:19 - [MESSAGE][PASSED] - Delayed 1 second(s)

2019-04-20 17:35:19 - [TEST_STEP][PASSED] - click(findTestObject("Page_KiboPush  Dashboard/span_Invite Using Phone Number")): Object: 'Object Repository/Page_KiboPush  Dashboard/span_Invite Using Phone Number' is clicked on

2019-04-20 17:35:19 - [MESSAGE][PASSED] - Object: 'Object Repository/Page_KiboPush  Dashboard/span_Invite Using Phone Number' is clicked on

2019-04-20 17:35:19 - [TEST_STEP][PASSED] - delay(3): Delayed 3 second(s)

2019-04-20 17:35:22 - [MESSAGE][PASSED] - Delayed 3 second(s)

2019-04-20 17:35:22 - [MESSAGE][PASSED] - Call Test Case 'Test Cases/s-sidebar_navigation/individualAccount/Invite using Phone Number' successfully

2019-04-20 17:35:22 - [TEST_STEP][PASSED] - click(findTestObject("Page_KiboPush  Dashboard/a_documentation (3)")): Object: 'Object Repository/Page_KiboPush  Dashboard/a_documentation (3)' is clicked on

2019-04-20 17:35:22 - [MESSAGE][PASSED] - Object: 'Object Repository/Page_KiboPush  Dashboard/a_documentation (3)' is clicked on]]></system-out>
         <system-err><![CDATA[]]></system-err>
      </testcase>
      <testcase name="Test Cases/Invite Using Phone Number/TC0928" classname="Test Cases/Invite Using Phone Number/TC0928" status="PASSED">
         <system-out><![CDATA[2019-04-20 17:35:22 - [TEST_CASE][PASSED] - Test Cases/Invite Using Phone Number/TC0928: Test Cases/Invite Using Phone Number/TC0928

2019-04-20 17:35:22 - [TEST_STEP][PASSED] - callTestCase(findTestCase("s-sidebar_navigation/individualAccount/Invite using Phone Number"), [:], STOP_ON_FAILURE): Call Test Case 'Test Cases/s-sidebar_navigation/individualAccount/Invite using Phone Number' successfully

2019-04-20 17:35:22 - [TEST_CASE][PASSED] - Test Cases/s-sidebar_navigation/individualAccount/Invite using Phone Number: Test Cases/s-sidebar_navigation/individualAccount/Invite using Phone Number

2019-04-20 17:35:22 - [TEST_STEP][PASSED] - click(findTestObject("Object Repository/Page_KiboPush  Dashboard/span_Invite Subscribers")): Object: 'Object Repository/Page_KiboPush  Dashboard/span_Invite Subscribers' is clicked on

2019-04-20 17:35:22 - [MESSAGE][PASSED] - Object: 'Object Repository/Page_KiboPush  Dashboard/span_Invite Subscribers' is clicked on

2019-04-20 17:35:22 - [TEST_STEP][PASSED] - delay(1): Delayed 1 second(s)

2019-04-20 17:35:23 - [MESSAGE][PASSED] - Delayed 1 second(s)

2019-04-20 17:35:23 - [TEST_STEP][PASSED] - click(findTestObject("Page_KiboPush  Dashboard/span_Invite Using Phone Number")): Object: 'Object Repository/Page_KiboPush  Dashboard/span_Invite Using Phone Number' is clicked on

2019-04-20 17:35:23 - [MESSAGE][PASSED] - Object: 'Object Repository/Page_KiboPush  Dashboard/span_Invite Using Phone Number' is clicked on

2019-04-20 17:35:23 - [TEST_STEP][PASSED] - delay(3): Delayed 3 second(s)

2019-04-20 17:35:26 - [MESSAGE][PASSED] - Delayed 3 second(s)

2019-04-20 17:35:26 - [MESSAGE][PASSED] - Call Test Case 'Test Cases/s-sidebar_navigation/individualAccount/Invite using Phone Number' successfully

2019-04-20 17:35:26 - [TEST_STEP][PASSED] - delay(1): Delayed 1 second(s)

2019-04-20 17:35:27 - [MESSAGE][PASSED] - Delayed 1 second(s)]]></system-out>
         <system-err><![CDATA[]]></system-err>
      </testcase>
      <testcase name="Test Cases/Invite Using Phone Number/TC0929" classname="Test Cases/Invite Using Phone Number/TC0929" status="PASSED">
         <system-out><![CDATA[2019-04-20 17:35:28 - [TEST_CASE][PASSED] - Test Cases/Invite Using Phone Number/TC0929: Test Cases/Invite Using Phone Number/TC0929

2019-04-20 17:35:28 - [TEST_STEP][PASSED] - callTestCase(findTestCase("s-sidebar_navigation/individualAccount/Invite using Phone Number"), [:], STOP_ON_FAILURE): Call Test Case 'Test Cases/s-sidebar_navigation/individualAccount/Invite using Phone Number' successfully

2019-04-20 17:35:28 - [TEST_CASE][PASSED] - Test Cases/s-sidebar_navigation/individualAccount/Invite using Phone Number: Test Cases/s-sidebar_navigation/individualAccount/Invite using Phone Number

2019-04-20 17:35:28 - [TEST_STEP][PASSED] - click(findTestObject("Object Repository/Page_KiboPush  Dashboard/span_Invite Subscribers")): Object: 'Object Repository/Page_KiboPush  Dashboard/span_Invite Subscribers' is clicked on

2019-04-20 17:35:28 - [MESSAGE][PASSED] - Object: 'Object Repository/Page_KiboPush  Dashboard/span_Invite Subscribers' is clicked on

2019-04-20 17:35:28 - [TEST_STEP][PASSED] - delay(1): Delayed 1 second(s)

2019-04-20 17:35:29 - [MESSAGE][PASSED] - Delayed 1 second(s)

2019-04-20 17:35:29 - [TEST_STEP][PASSED] - click(findTestObject("Page_KiboPush  Dashboard/span_Invite Using Phone Number")): Object: 'Object Repository/Page_KiboPush  Dashboard/span_Invite Using Phone Number' is clicked on

2019-04-20 17:35:29 - [MESSAGE][PASSED] - Object: 'Object Repository/Page_KiboPush  Dashboard/span_Invite Using Phone Number' is clicked on

2019-04-20 17:35:29 - [TEST_STEP][PASSED] - delay(3): Delayed 3 second(s)

2019-04-20 17:35:32 - [MESSAGE][PASSED] - Delayed 3 second(s)

2019-04-20 17:35:32 - [MESSAGE][PASSED] - Call Test Case 'Test Cases/s-sidebar_navigation/individualAccount/Invite using Phone Number' successfully

2019-04-20 17:35:32 - [TEST_STEP][PASSED] - delay(1): Delayed 1 second(s)

2019-04-20 17:35:33 - [MESSAGE][PASSED] - Delayed 1 second(s)

2019-04-20 17:35:33 - [TEST_STEP][PASSED] - scrollToPosition(0, 0): Browser is scrolled to position x = 0, y = 0

2019-04-20 17:35:33 - [MESSAGE][PASSED] - Browser is scrolled to position x = 0, y = 0

2019-04-20 17:35:33 - [TEST_STEP][PASSED] - click(findTestObject("Page_KiboPush  Dashboard/a_View Customers Lists (1)")): Object: 'Object Repository/Page_KiboPush  Dashboard/a_View Customers Lists (1)' is clicked on

2019-04-20 17:35:33 - [MESSAGE][PASSED] - Object: 'Object Repository/Page_KiboPush  Dashboard/a_View Customers Lists (1)' is clicked on

2019-04-20 17:35:33 - [TEST_STEP][PASSED] - scrollToPosition(0, 0): Browser is scrolled to position x = 0, y = 0

2019-04-20 17:35:33 - [MESSAGE][PASSED] - Browser is scrolled to position x = 0, y = 0

2019-04-20 17:35:33 - [TEST_STEP][PASSED] - click(findTestObject("Page_KiboPush  Dashboard/h3_Customer Lists (1)")): Object: 'Object Repository/Page_KiboPush  Dashboard/h3_Customer Lists (1)' is clicked on

2019-04-20 17:35:34 - [MESSAGE][PASSED] - Object: 'Object Repository/Page_KiboPush  Dashboard/h3_Customer Lists (1)' is clicked on]]></system-out>
         <system-err><![CDATA[]]></system-err>
      </testcase>
      <testcase name="Test Cases/Invite Using Phone Number/TC0930" classname="Test Cases/Invite Using Phone Number/TC0930" status="PASSED">
         <system-out><![CDATA[2019-04-20 17:35:34 - [TEST_CASE][PASSED] - Test Cases/Invite Using Phone Number/TC0930: Test Cases/Invite Using Phone Number/TC0930

2019-04-20 17:35:34 - [TEST_STEP][PASSED] - callTestCase(findTestCase("Invite Using Phone Number/TC0928-viewCustomers"), [:], STOP_ON_FAILURE): Call Test Case 'Test Cases/Invite Using Phone Number/TC0928-viewCustomers' successfully

2019-04-20 17:35:34 - [TEST_CASE][PASSED] - Test Cases/Invite Using Phone Number/TC0928-viewCustomers: Test Cases/Invite Using Phone Number/TC0928-viewCustomers

2019-04-20 17:35:34 - [TEST_STEP][PASSED] - callTestCase(findTestCase("s-sidebar_navigation/individualAccount/Invite using Phone Number"), [:], STOP_ON_FAILURE): Call Test Case 'Test Cases/s-sidebar_navigation/individualAccount/Invite using Phone Number' successfully

2019-04-20 17:35:34 - [TEST_CASE][PASSED] - Test Cases/s-sidebar_navigation/individualAccount/Invite using Phone Number: Test Cases/s-sidebar_navigation/individualAccount/Invite using Phone Number

2019-04-20 17:35:34 - [TEST_STEP][PASSED] - click(findTestObject("Object Repository/Page_KiboPush  Dashboard/span_Invite Subscribers")): Object: 'Object Repository/Page_KiboPush  Dashboard/span_Invite Subscribers' is clicked on

2019-04-20 17:35:34 - [MESSAGE][PASSED] - Object: 'Object Repository/Page_KiboPush  Dashboard/span_Invite Subscribers' is clicked on

2019-04-20 17:35:34 - [TEST_STEP][PASSED] - delay(1): Delayed 1 second(s)

2019-04-20 17:35:35 - [MESSAGE][PASSED] - Delayed 1 second(s)

2019-04-20 17:35:35 - [TEST_STEP][PASSED] - click(findTestObject("Page_KiboPush  Dashboard/span_Invite Using Phone Number")): Object: 'Object Repository/Page_KiboPush  Dashboard/span_Invite Using Phone Number' is clicked on

2019-04-20 17:35:35 - [MESSAGE][PASSED] - Object: 'Object Repository/Page_KiboPush  Dashboard/span_Invite Using Phone Number' is clicked on

2019-04-20 17:35:35 - [TEST_STEP][PASSED] - delay(3): Delayed 3 second(s)

2019-04-20 17:35:38 - [MESSAGE][PASSED] - Delayed 3 second(s)

2019-04-20 17:35:38 - [MESSAGE][PASSED] - Call Test Case 'Test Cases/s-sidebar_navigation/individualAccount/Invite using Phone Number' successfully

2019-04-20 17:35:38 - [TEST_STEP][PASSED] - delay(1): Delayed 1 second(s)

2019-04-20 17:35:39 - [MESSAGE][PASSED] - Delayed 1 second(s)

2019-04-20 17:35:39 - [TEST_STEP][PASSED] - click(findTestObject("Page_KiboPush  Dashboard/a_View Customers Lists")): Object: 'Object Repository/Page_KiboPush  Dashboard/a_View Customers Lists' is clicked on

2019-04-20 17:35:40 - [MESSAGE][PASSED] - Object: 'Object Repository/Page_KiboPush  Dashboard/a_View Customers Lists' is clicked on

2019-04-20 17:35:40 - [TEST_STEP][PASSED] - delay(2): Delayed 2 second(s)

2019-04-20 17:35:42 - [MESSAGE][PASSED] - Delayed 2 second(s)

2019-04-20 17:35:42 - [TEST_STEP][PASSED] - scrollToPosition(0, 0): Browser is scrolled to position x = 0, y = 0

2019-04-20 17:35:42 - [MESSAGE][PASSED] - Browser is scrolled to position x = 0, y = 0

2019-04-20 17:35:42 - [TEST_STEP][PASSED] - click(findTestObject("Object Repository/Page_KiboEngage  Customer Lists/h3_Customer Lists")): Object: 'Object Repository/Page_KiboEngage  Customer Lists/h3_Customer Lists' is clicked on

2019-04-20 17:35:42 - [MESSAGE][PASSED] - Object: 'Object Repository/Page_KiboEngage  Customer Lists/h3_Customer Lists' is clicked on

2019-04-20 17:35:42 - [MESSAGE][PASSED] - Call Test Case 'Test Cases/Invite Using Phone Number/TC0928-viewCustomers' successfully

2019-04-20 17:35:42 - [TEST_STEP][PASSED] - driver = getWebDriver(): null

2019-04-20 17:35:42 - [TEST_STEP][PASSED] - Table = driver.findElements(By.xpath("//table/tbody/tr")): null

2019-04-20 17:35:42 - [TEST_STEP][PASSED] - verifyGreaterThanOrEqual(Table.size(), 1): Actual number '1' is greater than or equal to expected number '1'

2019-04-20 17:35:42 - [MESSAGE][PASSED] - Actual number '1' is greater than or equal to expected number '1']]></system-out>
         <system-err><![CDATA[]]></system-err>
      </testcase>
      <testcase name="Test Cases/Invite Using Phone Number/TC0938" classname="Test Cases/Invite Using Phone Number/TC0938" status="PASSED">
         <system-out><![CDATA[2019-04-20 17:35:42 - [TEST_CASE][PASSED] - Test Cases/Invite Using Phone Number/TC0938: Test Cases/Invite Using Phone Number/TC0938

2019-04-20 17:35:42 - [TEST_STEP][PASSED] - callTestCase(findTestCase("Invite Using Phone Number/TC0930"), [:], STOP_ON_FAILURE): Call Test Case 'Test Cases/Invite Using Phone Number/TC0930' successfully

2019-04-20 17:35:42 - [TEST_CASE][PASSED] - Test Cases/Invite Using Phone Number/TC0930: Test Cases/Invite Using Phone Number/TC0930

2019-04-20 17:35:42 - [TEST_STEP][PASSED] - callTestCase(findTestCase("Invite Using Phone Number/TC0928-viewCustomers"), [:], STOP_ON_FAILURE): Call Test Case 'Test Cases/Invite Using Phone Number/TC0928-viewCustomers' successfully

2019-04-20 17:35:42 - [TEST_CASE][PASSED] - Test Cases/Invite Using Phone Number/TC0928-viewCustomers: Test Cases/Invite Using Phone Number/TC0928-viewCustomers

2019-04-20 17:35:42 - [TEST_STEP][PASSED] - callTestCase(findTestCase("s-sidebar_navigation/individualAccount/Invite using Phone Number"), [:], STOP_ON_FAILURE): Call Test Case 'Test Cases/s-sidebar_navigation/individualAccount/Invite using Phone Number' successfully

2019-04-20 17:35:42 - [TEST_CASE][PASSED] - Test Cases/s-sidebar_navigation/individualAccount/Invite using Phone Number: Test Cases/s-sidebar_navigation/individualAccount/Invite using Phone Number

2019-04-20 17:35:42 - [TEST_STEP][PASSED] - click(findTestObject("Object Repository/Page_KiboPush  Dashboard/span_Invite Subscribers")): Object: 'Object Repository/Page_KiboPush  Dashboard/span_Invite Subscribers' is clicked on

2019-04-20 17:35:42 - [MESSAGE][PASSED] - Object: 'Object Repository/Page_KiboPush  Dashboard/span_Invite Subscribers' is clicked on

2019-04-20 17:35:42 - [TEST_STEP][PASSED] - delay(1): Delayed 1 second(s)

2019-04-20 17:35:43 - [MESSAGE][PASSED] - Delayed 1 second(s)

2019-04-20 17:35:43 - [TEST_STEP][PASSED] - click(findTestObject("Page_KiboPush  Dashboard/span_Invite Using Phone Number")): Object: 'Object Repository/Page_KiboPush  Dashboard/span_Invite Using Phone Number' is clicked on

2019-04-20 17:35:44 - [MESSAGE][PASSED] - Object: 'Object Repository/Page_KiboPush  Dashboard/span_Invite Using Phone Number' is clicked on

2019-04-20 17:35:44 - [TEST_STEP][PASSED] - delay(3): Delayed 3 second(s)

2019-04-20 17:35:47 - [MESSAGE][PASSED] - Delayed 3 second(s)

2019-04-20 17:35:47 - [MESSAGE][PASSED] - Call Test Case 'Test Cases/s-sidebar_navigation/individualAccount/Invite using Phone Number' successfully

2019-04-20 17:35:47 - [TEST_STEP][PASSED] - delay(1): Delayed 1 second(s)

2019-04-20 17:35:48 - [MESSAGE][PASSED] - Delayed 1 second(s)

2019-04-20 17:35:48 - [TEST_STEP][PASSED] - click(findTestObject("Page_KiboPush  Dashboard/a_View Customers Lists")): Object: 'Object Repository/Page_KiboPush  Dashboard/a_View Customers Lists' is clicked on

2019-04-20 17:35:48 - [MESSAGE][PASSED] - Object: 'Object Repository/Page_KiboPush  Dashboard/a_View Customers Lists' is clicked on

2019-04-20 17:35:48 - [TEST_STEP][PASSED] - delay(2): Delayed 2 second(s)

2019-04-20 17:35:50 - [MESSAGE][PASSED] - Delayed 2 second(s)

2019-04-20 17:35:50 - [TEST_STEP][PASSED] - scrollToPosition(0, 0): Browser is scrolled to position x = 0, y = 0

2019-04-20 17:35:50 - [MESSAGE][PASSED] - Browser is scrolled to position x = 0, y = 0

2019-04-20 17:35:50 - [TEST_STEP][PASSED] - click(findTestObject("Object Repository/Page_KiboEngage  Customer Lists/h3_Customer Lists")): Object: 'Object Repository/Page_KiboEngage  Customer Lists/h3_Customer Lists' is clicked on

2019-04-20 17:35:50 - [MESSAGE][PASSED] - Object: 'Object Repository/Page_KiboEngage  Customer Lists/h3_Customer Lists' is clicked on

2019-04-20 17:35:50 - [MESSAGE][PASSED] - Call Test Case 'Test Cases/Invite Using Phone Number/TC0928-viewCustomers' successfully

2019-04-20 17:35:50 - [TEST_STEP][PASSED] - driver = getWebDriver(): null

2019-04-20 17:35:50 - [TEST_STEP][PASSED] - Table = driver.findElements(By.xpath("//table/tbody/tr")): null

2019-04-20 17:35:50 - [TEST_STEP][PASSED] - verifyGreaterThanOrEqual(Table.size(), 1): Actual number '1' is greater than or equal to expected number '1'

2019-04-20 17:35:50 - [MESSAGE][PASSED] - Actual number '1' is greater than or equal to expected number '1'

2019-04-20 17:35:50 - [MESSAGE][PASSED] - Call Test Case 'Test Cases/Invite Using Phone Number/TC0930' successfully

2019-04-20 17:35:50 - [TEST_STEP][PASSED] - click(findTestObject("Page_KiboPush  Dashboard/a_Back (3)")): Object: 'Object Repository/Page_KiboPush  Dashboard/a_Back (3)' is clicked on

2019-04-20 17:35:50 - [MESSAGE][PASSED] - Object: 'Object Repository/Page_KiboPush  Dashboard/a_Back (3)' is clicked on

2019-04-20 17:35:50 - [TEST_STEP][PASSED] - delay(1): Delayed 1 second(s)

2019-04-20 17:35:51 - [MESSAGE][PASSED] - Delayed 1 second(s)

2019-04-20 17:35:51 - [TEST_STEP][PASSED] - scrollToPosition(0, 0): Browser is scrolled to position x = 0, y = 0

2019-04-20 17:35:51 - [MESSAGE][PASSED] - Browser is scrolled to position x = 0, y = 0

2019-04-20 17:35:51 - [TEST_STEP][PASSED] - click(findTestObject("Page_KiboPush  Dashboard/h3_Invite using Phone Number ( (2)")): Object: 'Object Repository/Page_KiboPush  Dashboard/h3_Invite using Phone Number ( (2)' is clicked on

2019-04-20 17:35:51 - [MESSAGE][PASSED] - Object: 'Object Repository/Page_KiboPush  Dashboard/h3_Invite using Phone Number ( (2)' is clicked on]]></system-out>
         <system-err><![CDATA[]]></system-err>
      </testcase>
      <system-out><![CDATA[2019-04-20 17:34:26 - [TEST_SUITE][PASSED] - inviteUsingPhoneNumber: Test Cases/Invite Using Phone Number/TC0938]]></system-out>
      <system-err><![CDATA[]]></system-err>
   </testsuite>
</testsuites>
