<?xml version="1.0" encoding="UTF-8"?>
<testsuites name="seq_message" time="631" tests="21" failures="0" errors="0">
   <testsuite name="seq_message" tests="21" failures="0" errors="0" time="631" timestamp="2019-04-25 17:10:36" hostname="cloudkibo - 10.0.2.15" id="Test Suites/seq_message">
      <properties>
         <property name="deviceName" value=""/>
         <property name="devicePlatform" value=""/>
         <property name="logFolder" value="C:\\Users\\cloudkibo\\Desktop\\KiboPush_Automated_Testing\\KiboPush Katalon\\Reports\\seq_message\\20190425_170238"/>
         <property name="logFiles" value="C:\\Users\\cloudkibo\\Desktop\\KiboPush_Automated_Testing\\KiboPush Katalon\\Reports\\seq_message\\20190425_170238\\execution0.log"/>
         <property name="attachments" value=""/>
         <property name="hostName" value="cloudkibo - 10.0.2.15"/>
         <property name="os" value="Windows 10 64bit"/>
         <property name="katalonVersion" value="5.6.0.1"/>
         <property name="browser" value="Chrome 73.0.3683.103"/>
         <property name="hostAddress" value="10.0.2.15"/>
         <property name="sessionId" value="dd955ee8eb0a53cf669a7823a520fe87"/>
         <property name="seleniumVersion" value="3.7.1"/>
         <property name="proxyInformation" value="ProxyInformation{proxyOption=NO_PROXY, proxyServerType=HTTP, password=, proxyServerAddress=, proxyServerPort=0}"/>
         <property name="platform" value="Windows 10"/>
      </properties>
      <testcase name="Test Cases/s-sidebar_navigation/individualAccount/arveen_production_login_kiboengage" classname="Test Cases/s-sidebar_navigation/individualAccount/arveen_production_login_kiboengage" status="PASSED">
         <system-out><![CDATA[2019-04-25 17:10:38 - [TEST_CASE][PASSED] - Test Cases/s-sidebar_navigation/individualAccount/arveen_production_login_kiboengage: Test Cases/s-sidebar_navigation/individualAccount/arveen_production_login_kiboengage

2019-04-25 17:10:40 - [TEST_STEP][PASSED] - openBrowser: Browser is opened with url: ''

2019-04-25 17:10:47 - [MESSAGE][PASSED] - Browser is opened with url: ''

2019-04-25 17:10:47 - [TEST_STEP][PASSED] - maximizeWindow: Current window maximized

2019-04-25 17:10:49 - [MESSAGE][PASSED] - Current window maximized

2019-04-25 17:10:49 - [TEST_STEP][PASSED] - navigateToUrl: Navigate to 'https://kiboengage.cloudkibo.com/' successfully

2019-04-25 17:11:13 - [MESSAGE][PASSED] - Navigate to 'https://kiboengage.cloudkibo.com/' successfully

2019-04-25 17:11:13 - [TEST_STEP][PASSED] - navigateToUrl: Navigate to 'https://accounts.cloudkibo.com/?continue=https://kiboengage.cloudkibo.com' successfully

2019-04-25 17:11:14 - [MESSAGE][PASSED] - Navigate to 'https://accounts.cloudkibo.com/?continue=https://kiboengage.cloudkibo.com' successfully

2019-04-25 17:11:14 - [TEST_STEP][PASSED] - click: Object: 'Object Repository/Page_CloudKibo/a_Login (2) (1) (1)' is clicked on

2019-04-25 17:11:15 - [MESSAGE][PASSED] - Object: 'Object Repository/Page_CloudKibo/a_Login (2) (1) (1)' is clicked on

2019-04-25 17:11:15 - [TEST_STEP][PASSED] - setText: Text 'individual@cloudkibo.com' is set on object 'Object Repository/Page_KiboPush/input_email (10) (1) (1)'

2019-04-25 17:11:15 - [MESSAGE][PASSED] - Text 'individual@cloudkibo.com' is set on object 'Object Repository/Page_KiboPush/input_email (10) (1) (1)'

2019-04-25 17:11:15 - [TEST_STEP][PASSED] - setEncryptedText: Text ****** has been set on object 'Object Repository/Page_CloudKibo/input_Sign In_password (7)'

2019-04-25 17:11:16 - [MESSAGE][PASSED] - Text ****** has been set on object 'Object Repository/Page_CloudKibo/input_Sign In_password (7)'

2019-04-25 17:11:16 - [TEST_STEP][PASSED] - click: Object: 'Object Repository/Page_KiboPush/button_Sign In (10) (1) (2)' is clicked on

2019-04-25 17:11:16 - [MESSAGE][PASSED] - Object: 'Object Repository/Page_KiboPush/button_Sign In (10) (1) (2)' is clicked on

2019-04-25 17:11:16 - [TEST_STEP][PASSED] - click: Object: 'Object Repository/Page_KiboPush  Dashboard/h3_Dashboard (57)' is clicked on

2019-04-25 17:13:04 - [MESSAGE][PASSED] - Object: 'Object Repository/Page_KiboPush  Dashboard/h3_Dashboard (57)' is clicked on

2019-04-25 17:13:04 - [TEST_STEP][PASSED] - delay: Delayed 3 second(s)

2019-04-25 17:13:07 - [MESSAGE][PASSED] - Delayed 3 second(s)

2019-04-25 17:13:07 - [TEST_STEP][PASSED] - click: Object: 'Object Repository/Page_KiboEngage  Dashboard/a_SMS (2) (1) (1) (1) (3)' is clicked on

2019-04-25 17:13:07 - [MESSAGE][PASSED] - Object: 'Object Repository/Page_KiboEngage  Dashboard/a_SMS (2) (1) (1) (1) (3)' is clicked on

2019-04-25 17:13:07 - [TEST_STEP][PASSED] - delay: Delayed 2 second(s)

2019-04-25 17:13:09 - [MESSAGE][PASSED] - Delayed 2 second(s)

2019-04-25 17:13:09 - [TEST_STEP][PASSED] - click: Object: 'Object Repository/Page_KiboEngage  Dashboard/span_Messenger (1) (1) (1) (3)' is clicked on

2019-04-25 17:13:09 - [MESSAGE][PASSED] - Object: 'Object Repository/Page_KiboEngage  Dashboard/span_Messenger (1) (1) (1) (3)' is clicked on

2019-04-25 17:13:09 - [TEST_STEP][PASSED] - delay: Delayed 2 second(s)

2019-04-25 17:13:11 - [MESSAGE][PASSED] - Delayed 2 second(s)]]></system-out>
         <system-err><![CDATA[]]></system-err>
      </testcase>
      <testcase name="Test Cases/Sequence Messaging/open_automation" classname="Test Cases/Sequence Messaging/open_automation" status="PASSED">
         <system-out><![CDATA[2019-04-25 17:13:11 - [TEST_CASE][PASSED] - Test Cases/Sequence Messaging/open_automation: Test Cases/Sequence Messaging/open_automation

2019-04-25 17:13:12 - [TEST_STEP][PASSED] - click: Object: 'Object Repository/Page_KiboPush  Dashboard/span_Automation (1) (1)' is clicked on

2019-04-25 17:13:12 - [MESSAGE][PASSED] - Object: 'Object Repository/Page_KiboPush  Dashboard/span_Automation (1) (1)' is clicked on

2019-04-25 17:13:12 - [TEST_STEP][PASSED] - delay: Delayed 1 second(s)

2019-04-25 17:13:13 - [MESSAGE][PASSED] - Delayed 1 second(s)]]></system-out>
         <system-err><![CDATA[]]></system-err>
      </testcase>
      <testcase name="Test Cases/Sequence Messaging/TC0980" classname="Test Cases/Sequence Messaging/TC0980" status="PASSED">
         <system-out><![CDATA[2019-04-25 17:13:13 - [TEST_CASE][PASSED] - Test Cases/Sequence Messaging/TC0980: Test Cases/Sequence Messaging/TC0980

2019-04-25 17:13:14 - [TEST_STEP][PASSED] - callTestCase: Call Test Case 'Test Cases/Sequence Messaging/Go_to_Seq_Messaging' successfully

2019-04-25 17:13:14 - [TEST_CASE][PASSED] - Test Cases/Sequence Messaging/Go_to_Seq_Messaging: Test Cases/Sequence Messaging/Go_to_Seq_Messaging

2019-04-25 17:13:14 - [TEST_STEP][PASSED] - callTestCase: Call Test Case 'Test Cases/Sequence Messaging/Login' successfully

2019-04-25 17:13:14 - [TEST_CASE][PASSED] - Test Cases/Sequence Messaging/Login: Test Cases/Sequence Messaging/Login

2019-04-25 17:13:14 - [TEST_STEP][PASSED] - callTestCase: Call Test Case 'Test Cases/s-sidebar_navigation/individualAccount/sequenceMessaging' successfully

2019-04-25 17:13:14 - [TEST_CASE][PASSED] - Test Cases/s-sidebar_navigation/individualAccount/sequenceMessaging: Test Cases/s-sidebar_navigation/individualAccount/sequenceMessaging

2019-04-25 17:13:15 - [TEST_STEP][PASSED] - click: Object: 'Object Repository/Page_KiboPush  Dashboard/span_Autoposting' is clicked on

2019-04-25 17:13:15 - [MESSAGE][PASSED] - Object: 'Object Repository/Page_KiboPush  Dashboard/span_Autoposting' is clicked on

2019-04-25 17:13:15 - [TEST_STEP][PASSED] - delay: Delayed 1 second(s)

2019-04-25 17:13:16 - [MESSAGE][PASSED] - Delayed 1 second(s)

2019-04-25 17:13:16 - [TEST_STEP][PASSED] - click: Object: 'Object Repository/Page_KiboPush  Dashboard/span_Sequence Messaging' is clicked on

2019-04-25 17:13:16 - [MESSAGE][PASSED] - Object: 'Object Repository/Page_KiboPush  Dashboard/span_Sequence Messaging' is clicked on

2019-04-25 17:13:16 - [TEST_STEP][PASSED] - scrollToPosition: Browser is scrolled to position x = 0, y = 0

2019-04-25 17:13:16 - [MESSAGE][PASSED] - Browser is scrolled to position x = 0, y = 0

2019-04-25 17:13:16 - [TEST_STEP][PASSED] - click: Object: 'Object Repository/Page_KiboPush  Sequence Messaging/h3_Sequence Messaging' is clicked on

2019-04-25 17:13:16 - [MESSAGE][PASSED] - Object: 'Object Repository/Page_KiboPush  Sequence Messaging/h3_Sequence Messaging' is clicked on

2019-04-25 17:13:16 - [TEST_STEP][PASSED] - delay: Delayed 1 second(s)

2019-04-25 17:13:17 - [MESSAGE][PASSED] - Delayed 1 second(s)

2019-04-25 17:13:17 - [MESSAGE][PASSED] - Call Test Case 'Test Cases/s-sidebar_navigation/individualAccount/sequenceMessaging' successfully

2019-04-25 17:13:17 - [MESSAGE][PASSED] - Call Test Case 'Test Cases/Sequence Messaging/Login' successfully

2019-04-25 17:13:17 - [MESSAGE][PASSED] - Call Test Case 'Test Cases/Sequence Messaging/Go_to_Seq_Messaging' successfully

2019-04-25 17:13:17 - [TEST_STEP][PASSED] - delay: Delayed 4 second(s)

2019-04-25 17:13:21 - [MESSAGE][PASSED] - Delayed 4 second(s)]]></system-out>
         <system-err><![CDATA[]]></system-err>
      </testcase>
      <testcase name="Test Cases/Sequence Messaging/TC0981" classname="Test Cases/Sequence Messaging/TC0981" status="PASSED">
         <system-out><![CDATA[2019-04-25 17:13:21 - [TEST_CASE][PASSED] - Test Cases/Sequence Messaging/TC0981: Test Cases/Sequence Messaging/TC0981

2019-04-25 17:13:21 - [TEST_STEP][PASSED] - callTestCase: Call Test Case 'Test Cases/Sequence Messaging/TC0980' successfully

2019-04-25 17:13:22 - [TEST_CASE][PASSED] - Test Cases/Sequence Messaging/TC0980: Test Cases/Sequence Messaging/TC0980

2019-04-25 17:13:22 - [TEST_STEP][PASSED] - callTestCase: Call Test Case 'Test Cases/Sequence Messaging/Go_to_Seq_Messaging' successfully

2019-04-25 17:13:22 - [TEST_CASE][PASSED] - Test Cases/Sequence Messaging/Go_to_Seq_Messaging: Test Cases/Sequence Messaging/Go_to_Seq_Messaging

2019-04-25 17:13:22 - [TEST_STEP][PASSED] - callTestCase: Call Test Case 'Test Cases/Sequence Messaging/Login' successfully

2019-04-25 17:13:22 - [TEST_CASE][PASSED] - Test Cases/Sequence Messaging/Login: Test Cases/Sequence Messaging/Login

2019-04-25 17:13:22 - [TEST_STEP][PASSED] - callTestCase: Call Test Case 'Test Cases/s-sidebar_navigation/individualAccount/sequenceMessaging' successfully

2019-04-25 17:13:22 - [TEST_CASE][PASSED] - Test Cases/s-sidebar_navigation/individualAccount/sequenceMessaging: Test Cases/s-sidebar_navigation/individualAccount/sequenceMessaging

2019-04-25 17:13:22 - [TEST_STEP][PASSED] - click: Object: 'Object Repository/Page_KiboPush  Dashboard/span_Autoposting' is clicked on

2019-04-25 17:13:22 - [MESSAGE][PASSED] - Object: 'Object Repository/Page_KiboPush  Dashboard/span_Autoposting' is clicked on

2019-04-25 17:13:22 - [TEST_STEP][PASSED] - delay: Delayed 1 second(s)

2019-04-25 17:13:23 - [MESSAGE][PASSED] - Delayed 1 second(s)

2019-04-25 17:13:23 - [TEST_STEP][PASSED] - click: Object: 'Object Repository/Page_KiboPush  Dashboard/span_Sequence Messaging' is clicked on

2019-04-25 17:13:24 - [MESSAGE][PASSED] - Object: 'Object Repository/Page_KiboPush  Dashboard/span_Sequence Messaging' is clicked on

2019-04-25 17:13:24 - [TEST_STEP][PASSED] - scrollToPosition: Browser is scrolled to position x = 0, y = 0

2019-04-25 17:13:24 - [MESSAGE][PASSED] - Browser is scrolled to position x = 0, y = 0

2019-04-25 17:13:24 - [TEST_STEP][PASSED] - click: Object: 'Object Repository/Page_KiboPush  Sequence Messaging/h3_Sequence Messaging' is clicked on

2019-04-25 17:13:24 - [MESSAGE][PASSED] - Object: 'Object Repository/Page_KiboPush  Sequence Messaging/h3_Sequence Messaging' is clicked on

2019-04-25 17:13:24 - [TEST_STEP][PASSED] - delay: Delayed 1 second(s)

2019-04-25 17:13:25 - [MESSAGE][PASSED] - Delayed 1 second(s)

2019-04-25 17:13:25 - [MESSAGE][PASSED] - Call Test Case 'Test Cases/s-sidebar_navigation/individualAccount/sequenceMessaging' successfully

2019-04-25 17:13:25 - [MESSAGE][PASSED] - Call Test Case 'Test Cases/Sequence Messaging/Login' successfully

2019-04-25 17:13:25 - [MESSAGE][PASSED] - Call Test Case 'Test Cases/Sequence Messaging/Go_to_Seq_Messaging' successfully

2019-04-25 17:13:25 - [TEST_STEP][PASSED] - delay: Delayed 4 second(s)

2019-04-25 17:13:29 - [MESSAGE][PASSED] - Delayed 4 second(s)

2019-04-25 17:13:29 - [MESSAGE][PASSED] - Call Test Case 'Test Cases/Sequence Messaging/TC0980' successfully

2019-04-25 17:13:29 - [TEST_STEP][PASSED] - setText: Text 'Test' is set on object 'Object Repository/Page_KiboPush  Sequence Messaging/input_Create New Sequence_form'

2019-04-25 17:13:29 - [MESSAGE][PASSED] - Text 'Test' is set on object 'Object Repository/Page_KiboPush  Sequence Messaging/input_Create New Sequence_form'

2019-04-25 17:13:29 - [TEST_STEP][PASSED] - delay: Delayed 3 second(s)

2019-04-25 17:13:32 - [MESSAGE][PASSED] - Delayed 3 second(s)]]></system-out>
         <system-err><![CDATA[]]></system-err>
      </testcase>
      <testcase name="Test Cases/Sequence Messaging/TC0982" classname="Test Cases/Sequence Messaging/TC0982" status="PASSED">
         <system-out><![CDATA[2019-04-25 17:13:32 - [TEST_CASE][PASSED] - Test Cases/Sequence Messaging/TC0982: Test Cases/Sequence Messaging/TC0982

2019-04-25 17:13:32 - [TEST_STEP][PASSED] - callTestCase: Call Test Case 'Test Cases/Sequence Messaging/TC0980' successfully

2019-04-25 17:13:33 - [TEST_CASE][PASSED] - Test Cases/Sequence Messaging/TC0980: Test Cases/Sequence Messaging/TC0980

2019-04-25 17:13:33 - [TEST_STEP][PASSED] - callTestCase: Call Test Case 'Test Cases/Sequence Messaging/Go_to_Seq_Messaging' successfully

2019-04-25 17:13:33 - [TEST_CASE][PASSED] - Test Cases/Sequence Messaging/Go_to_Seq_Messaging: Test Cases/Sequence Messaging/Go_to_Seq_Messaging

2019-04-25 17:13:33 - [TEST_STEP][PASSED] - callTestCase: Call Test Case 'Test Cases/Sequence Messaging/Login' successfully

2019-04-25 17:13:33 - [TEST_CASE][PASSED] - Test Cases/Sequence Messaging/Login: Test Cases/Sequence Messaging/Login

2019-04-25 17:13:33 - [TEST_STEP][PASSED] - callTestCase: Call Test Case 'Test Cases/s-sidebar_navigation/individualAccount/sequenceMessaging' successfully

2019-04-25 17:13:33 - [TEST_CASE][PASSED] - Test Cases/s-sidebar_navigation/individualAccount/sequenceMessaging: Test Cases/s-sidebar_navigation/individualAccount/sequenceMessaging

2019-04-25 17:13:33 - [TEST_STEP][PASSED] - click: Object: 'Object Repository/Page_KiboPush  Dashboard/span_Autoposting' is clicked on

2019-04-25 17:13:33 - [MESSAGE][PASSED] - Object: 'Object Repository/Page_KiboPush  Dashboard/span_Autoposting' is clicked on

2019-04-25 17:13:33 - [TEST_STEP][PASSED] - delay: Delayed 1 second(s)

2019-04-25 17:13:34 - [MESSAGE][PASSED] - Delayed 1 second(s)

2019-04-25 17:13:34 - [TEST_STEP][PASSED] - click: Object: 'Object Repository/Page_KiboPush  Dashboard/span_Sequence Messaging' is clicked on

2019-04-25 17:13:34 - [MESSAGE][PASSED] - Object: 'Object Repository/Page_KiboPush  Dashboard/span_Sequence Messaging' is clicked on

2019-04-25 17:13:34 - [TEST_STEP][PASSED] - scrollToPosition: Browser is scrolled to position x = 0, y = 0

2019-04-25 17:13:34 - [MESSAGE][PASSED] - Browser is scrolled to position x = 0, y = 0

2019-04-25 17:13:34 - [TEST_STEP][PASSED] - click: Object: 'Object Repository/Page_KiboPush  Sequence Messaging/h3_Sequence Messaging' is clicked on

2019-04-25 17:13:34 - [MESSAGE][PASSED] - Object: 'Object Repository/Page_KiboPush  Sequence Messaging/h3_Sequence Messaging' is clicked on

2019-04-25 17:13:34 - [TEST_STEP][PASSED] - delay: Delayed 1 second(s)

2019-04-25 17:13:35 - [MESSAGE][PASSED] - Delayed 1 second(s)

2019-04-25 17:13:35 - [MESSAGE][PASSED] - Call Test Case 'Test Cases/s-sidebar_navigation/individualAccount/sequenceMessaging' successfully

2019-04-25 17:13:35 - [MESSAGE][PASSED] - Call Test Case 'Test Cases/Sequence Messaging/Login' successfully

2019-04-25 17:13:35 - [MESSAGE][PASSED] - Call Test Case 'Test Cases/Sequence Messaging/Go_to_Seq_Messaging' successfully

2019-04-25 17:13:35 - [TEST_STEP][PASSED] - delay: Delayed 4 second(s)

2019-04-25 17:13:39 - [MESSAGE][PASSED] - Delayed 4 second(s)

2019-04-25 17:13:39 - [MESSAGE][PASSED] - Call Test Case 'Test Cases/Sequence Messaging/TC0980' successfully

2019-04-25 17:13:39 - [TEST_STEP][PASSED] - delay: Delayed 2 second(s)

2019-04-25 17:13:41 - [MESSAGE][PASSED] - Delayed 2 second(s)

2019-04-25 17:13:41 - [TEST_STEP][PASSED] - click: Object: 'Object Repository/Page_KiboPush  Sequence Messaging/span_Create New Sequence (2)' is clicked on

2019-04-25 17:13:42 - [MESSAGE][PASSED] - Object: 'Object Repository/Page_KiboPush  Sequence Messaging/span_Create New Sequence (2)' is clicked on

2019-04-25 17:13:42 - [TEST_STEP][PASSED] - delay: Delayed 2 second(s)

2019-04-25 17:13:44 - [MESSAGE][PASSED] - Delayed 2 second(s)]]></system-out>
         <system-err><![CDATA[]]></system-err>
      </testcase>
      <testcase name="Test Cases/Sequence Messaging/TC0983" classname="Test Cases/Sequence Messaging/TC0983" status="PASSED">
         <system-out><![CDATA[2019-04-25 17:13:44 - [TEST_CASE][PASSED] - Test Cases/Sequence Messaging/TC0983: Test Cases/Sequence Messaging/TC0983

2019-04-25 17:13:44 - [TEST_STEP][PASSED] - callTestCase: Call Test Case 'Test Cases/Sequence Messaging/TC0982' successfully

2019-04-25 17:13:44 - [TEST_CASE][PASSED] - Test Cases/Sequence Messaging/TC0982: Test Cases/Sequence Messaging/TC0982

2019-04-25 17:13:44 - [TEST_STEP][PASSED] - callTestCase: Call Test Case 'Test Cases/Sequence Messaging/TC0980' successfully

2019-04-25 17:13:44 - [TEST_CASE][PASSED] - Test Cases/Sequence Messaging/TC0980: Test Cases/Sequence Messaging/TC0980

2019-04-25 17:13:44 - [TEST_STEP][PASSED] - callTestCase: Call Test Case 'Test Cases/Sequence Messaging/Go_to_Seq_Messaging' successfully

2019-04-25 17:13:44 - [TEST_CASE][PASSED] - Test Cases/Sequence Messaging/Go_to_Seq_Messaging: Test Cases/Sequence Messaging/Go_to_Seq_Messaging

2019-04-25 17:13:44 - [TEST_STEP][PASSED] - callTestCase: Call Test Case 'Test Cases/Sequence Messaging/Login' successfully

2019-04-25 17:13:44 - [TEST_CASE][PASSED] - Test Cases/Sequence Messaging/Login: Test Cases/Sequence Messaging/Login

2019-04-25 17:13:44 - [TEST_STEP][PASSED] - callTestCase: Call Test Case 'Test Cases/s-sidebar_navigation/individualAccount/sequenceMessaging' successfully

2019-04-25 17:13:44 - [TEST_CASE][PASSED] - Test Cases/s-sidebar_navigation/individualAccount/sequenceMessaging: Test Cases/s-sidebar_navigation/individualAccount/sequenceMessaging

2019-04-25 17:13:44 - [TEST_STEP][PASSED] - click: Object: 'Object Repository/Page_KiboPush  Dashboard/span_Autoposting' is clicked on

2019-04-25 17:13:45 - [MESSAGE][PASSED] - Object: 'Object Repository/Page_KiboPush  Dashboard/span_Autoposting' is clicked on

2019-04-25 17:13:45 - [TEST_STEP][PASSED] - delay: Delayed 1 second(s)

2019-04-25 17:13:46 - [MESSAGE][PASSED] - Delayed 1 second(s)

2019-04-25 17:13:46 - [TEST_STEP][PASSED] - click: Object: 'Object Repository/Page_KiboPush  Dashboard/span_Sequence Messaging' is clicked on

2019-04-25 17:13:46 - [MESSAGE][PASSED] - Object: 'Object Repository/Page_KiboPush  Dashboard/span_Sequence Messaging' is clicked on

2019-04-25 17:13:46 - [TEST_STEP][PASSED] - scrollToPosition: Browser is scrolled to position x = 0, y = 0

2019-04-25 17:13:46 - [MESSAGE][PASSED] - Browser is scrolled to position x = 0, y = 0

2019-04-25 17:13:46 - [TEST_STEP][PASSED] - click: Object: 'Object Repository/Page_KiboPush  Sequence Messaging/h3_Sequence Messaging' is clicked on

2019-04-25 17:13:46 - [MESSAGE][PASSED] - Object: 'Object Repository/Page_KiboPush  Sequence Messaging/h3_Sequence Messaging' is clicked on

2019-04-25 17:13:46 - [TEST_STEP][PASSED] - delay: Delayed 1 second(s)

2019-04-25 17:13:47 - [MESSAGE][PASSED] - Delayed 1 second(s)

2019-04-25 17:13:47 - [MESSAGE][PASSED] - Call Test Case 'Test Cases/s-sidebar_navigation/individualAccount/sequenceMessaging' successfully

2019-04-25 17:13:47 - [MESSAGE][PASSED] - Call Test Case 'Test Cases/Sequence Messaging/Login' successfully

2019-04-25 17:13:47 - [MESSAGE][PASSED] - Call Test Case 'Test Cases/Sequence Messaging/Go_to_Seq_Messaging' successfully

2019-04-25 17:13:47 - [TEST_STEP][PASSED] - delay: Delayed 4 second(s)

2019-04-25 17:13:51 - [MESSAGE][PASSED] - Delayed 4 second(s)

2019-04-25 17:13:51 - [MESSAGE][PASSED] - Call Test Case 'Test Cases/Sequence Messaging/TC0980' successfully

2019-04-25 17:13:51 - [TEST_STEP][PASSED] - delay: Delayed 2 second(s)

2019-04-25 17:13:53 - [MESSAGE][PASSED] - Delayed 2 second(s)

2019-04-25 17:13:53 - [TEST_STEP][PASSED] - click: Object: 'Object Repository/Page_KiboPush  Sequence Messaging/span_Create New Sequence (2)' is clicked on

2019-04-25 17:13:53 - [MESSAGE][PASSED] - Object: 'Object Repository/Page_KiboPush  Sequence Messaging/span_Create New Sequence (2)' is clicked on

2019-04-25 17:13:53 - [TEST_STEP][PASSED] - delay: Delayed 2 second(s)

2019-04-25 17:13:55 - [MESSAGE][PASSED] - Delayed 2 second(s)

2019-04-25 17:13:55 - [MESSAGE][PASSED] - Call Test Case 'Test Cases/Sequence Messaging/TC0982' successfully

2019-04-25 17:13:55 - [TEST_STEP][PASSED] - setText: Text 'Sequence1' is set on object 'Object Repository/Page_KiboPush  Sequence Messaging/input_Sequence Name_form-contr'

2019-04-25 17:13:56 - [MESSAGE][PASSED] - Text 'Sequence1' is set on object 'Object Repository/Page_KiboPush  Sequence Messaging/input_Sequence Name_form-contr'

2019-04-25 17:13:56 - [TEST_STEP][PASSED] - delay: Delayed 2 second(s)

2019-04-25 17:13:58 - [MESSAGE][PASSED] - Delayed 2 second(s)

2019-04-25 17:13:58 - [TEST_STEP][PASSED] - click: Object: 'Object Repository/Page_KiboPush  Sequence Messaging/button_Create' is clicked on

2019-04-25 17:13:58 - [MESSAGE][PASSED] - Object: 'Object Repository/Page_KiboPush  Sequence Messaging/button_Create' is clicked on

2019-04-25 17:13:58 - [TEST_STEP][PASSED] - delay: Delayed 2 second(s)

2019-04-25 17:14:00 - [MESSAGE][PASSED] - Delayed 2 second(s)

2019-04-25 17:14:00 - [TEST_STEP][PASSED] - click: Object: 'Object Repository/Page_KiboPush  Sequence Messaging/button_Add Message (1)' is clicked on

2019-04-25 17:14:00 - [MESSAGE][PASSED] - Object: 'Object Repository/Page_KiboPush  Sequence Messaging/button_Add Message (1)' is clicked on

2019-04-25 17:14:00 - [TEST_STEP][PASSED] - delay: Delayed 2 second(s)

2019-04-25 17:14:02 - [MESSAGE][PASSED] - Delayed 2 second(s)

2019-04-25 17:14:02 - [TEST_STEP][PASSED] - click: Object: 'Object Repository/Page_KiboPush  Sequence Messaging/button_Add Message (1)' is clicked on

2019-04-25 17:14:02 - [MESSAGE][PASSED] - Object: 'Object Repository/Page_KiboPush  Sequence Messaging/button_Add Message (1)' is clicked on

2019-04-25 17:14:02 - [TEST_STEP][PASSED] - delay: Delayed 2 second(s)

2019-04-25 17:14:04 - [MESSAGE][PASSED] - Delayed 2 second(s)]]></system-out>
         <system-err><![CDATA[]]></system-err>
      </testcase>
      <testcase name="Test Cases/Sequence Messaging/TC0984" classname="Test Cases/Sequence Messaging/TC0984" status="PASSED">
         <system-out><![CDATA[2019-04-25 17:14:04 - [TEST_CASE][PASSED] - Test Cases/Sequence Messaging/TC0984: Test Cases/Sequence Messaging/TC0984

2019-04-25 17:14:05 - [TEST_STEP][PASSED] - callTestCase: Call Test Case 'Test Cases/Sequence Messaging/TC0980' successfully

2019-04-25 17:14:05 - [TEST_CASE][PASSED] - Test Cases/Sequence Messaging/TC0980: Test Cases/Sequence Messaging/TC0980

2019-04-25 17:14:05 - [TEST_STEP][PASSED] - callTestCase: Call Test Case 'Test Cases/Sequence Messaging/Go_to_Seq_Messaging' successfully

2019-04-25 17:14:05 - [TEST_CASE][PASSED] - Test Cases/Sequence Messaging/Go_to_Seq_Messaging: Test Cases/Sequence Messaging/Go_to_Seq_Messaging

2019-04-25 17:14:05 - [TEST_STEP][PASSED] - callTestCase: Call Test Case 'Test Cases/Sequence Messaging/Login' successfully

2019-04-25 17:14:05 - [TEST_CASE][PASSED] - Test Cases/Sequence Messaging/Login: Test Cases/Sequence Messaging/Login

2019-04-25 17:14:05 - [TEST_STEP][PASSED] - callTestCase: Call Test Case 'Test Cases/s-sidebar_navigation/individualAccount/sequenceMessaging' successfully

2019-04-25 17:14:05 - [TEST_CASE][PASSED] - Test Cases/s-sidebar_navigation/individualAccount/sequenceMessaging: Test Cases/s-sidebar_navigation/individualAccount/sequenceMessaging

2019-04-25 17:14:05 - [TEST_STEP][PASSED] - click: Object: 'Object Repository/Page_KiboPush  Dashboard/span_Autoposting' is clicked on

2019-04-25 17:14:05 - [MESSAGE][PASSED] - Object: 'Object Repository/Page_KiboPush  Dashboard/span_Autoposting' is clicked on

2019-04-25 17:14:05 - [TEST_STEP][PASSED] - delay: Delayed 1 second(s)

2019-04-25 17:14:06 - [MESSAGE][PASSED] - Delayed 1 second(s)

2019-04-25 17:14:06 - [TEST_STEP][PASSED] - click: Object: 'Object Repository/Page_KiboPush  Dashboard/span_Sequence Messaging' is clicked on

2019-04-25 17:14:07 - [MESSAGE][PASSED] - Object: 'Object Repository/Page_KiboPush  Dashboard/span_Sequence Messaging' is clicked on

2019-04-25 17:14:07 - [TEST_STEP][PASSED] - scrollToPosition: Browser is scrolled to position x = 0, y = 0

2019-04-25 17:14:07 - [MESSAGE][PASSED] - Browser is scrolled to position x = 0, y = 0

2019-04-25 17:14:07 - [TEST_STEP][PASSED] - click: Object: 'Object Repository/Page_KiboPush  Sequence Messaging/h3_Sequence Messaging' is clicked on

2019-04-25 17:14:07 - [MESSAGE][PASSED] - Object: 'Object Repository/Page_KiboPush  Sequence Messaging/h3_Sequence Messaging' is clicked on

2019-04-25 17:14:07 - [TEST_STEP][PASSED] - delay: Delayed 1 second(s)

2019-04-25 17:14:08 - [MESSAGE][PASSED] - Delayed 1 second(s)

2019-04-25 17:14:08 - [MESSAGE][PASSED] - Call Test Case 'Test Cases/s-sidebar_navigation/individualAccount/sequenceMessaging' successfully

2019-04-25 17:14:08 - [MESSAGE][PASSED] - Call Test Case 'Test Cases/Sequence Messaging/Login' successfully

2019-04-25 17:14:08 - [MESSAGE][PASSED] - Call Test Case 'Test Cases/Sequence Messaging/Go_to_Seq_Messaging' successfully

2019-04-25 17:14:08 - [TEST_STEP][PASSED] - delay: Delayed 4 second(s)

2019-04-25 17:14:12 - [MESSAGE][PASSED] - Delayed 4 second(s)

2019-04-25 17:14:12 - [MESSAGE][PASSED] - Call Test Case 'Test Cases/Sequence Messaging/TC0980' successfully

2019-04-25 17:14:12 - [TEST_STEP][PASSED] - delay: Delayed 2 second(s)

2019-04-25 17:14:14 - [MESSAGE][PASSED] - Delayed 2 second(s)

2019-04-25 17:14:14 - [TEST_STEP][PASSED] - click: Object: 'Object Repository/Page_KiboPush  Sequence Messaging/Delete Sequence Icon (1)' is clicked on

2019-04-25 17:14:14 - [MESSAGE][PASSED] - Object: 'Object Repository/Page_KiboPush  Sequence Messaging/Delete Sequence Icon (1)' is clicked on

2019-04-25 17:14:14 - [TEST_STEP][PASSED] - delay: Delayed 2 second(s)

2019-04-25 17:14:16 - [MESSAGE][PASSED] - Delayed 2 second(s)

2019-04-25 17:14:16 - [TEST_STEP][PASSED] - click: Object: 'Object Repository/Page_KiboPush  Sequence Messaging/button_Delete (2)' is clicked on

2019-04-25 17:14:16 - [MESSAGE][PASSED] - Object: 'Object Repository/Page_KiboPush  Sequence Messaging/button_Delete (2)' is clicked on

2019-04-25 17:14:16 - [TEST_STEP][PASSED] - delay: Delayed 2 second(s)

2019-04-25 17:14:18 - [MESSAGE][PASSED] - Delayed 2 second(s)

2019-04-25 17:14:18 - [TEST_STEP][PASSED] - click: Object: 'Object Repository/Page_KiboPush  Sequence Messaging/button_Create New Sequence' is clicked on

2019-04-25 17:14:19 - [MESSAGE][PASSED] - Object: 'Object Repository/Page_KiboPush  Sequence Messaging/button_Create New Sequence' is clicked on

2019-04-25 17:14:19 - [TEST_STEP][PASSED] - setText: Text 'Sequence1' is set on object 'Object Repository/Page_KiboPush  Sequence Messaging/input_Sequence Name_form-contr (3)'

2019-04-25 17:14:20 - [MESSAGE][PASSED] - Text 'Sequence1' is set on object 'Object Repository/Page_KiboPush  Sequence Messaging/input_Sequence Name_form-contr (3)'

2019-04-25 17:14:20 - [TEST_STEP][PASSED] - delay: Delayed 2 second(s)

2019-04-25 17:14:22 - [MESSAGE][PASSED] - Delayed 2 second(s)

2019-04-25 17:14:22 - [TEST_STEP][PASSED] - click: Object: 'Object Repository/Page_KiboPush  Sequence Messaging/button_Create (2)' is clicked on

2019-04-25 17:14:22 - [MESSAGE][PASSED] - Object: 'Object Repository/Page_KiboPush  Sequence Messaging/button_Create (2)' is clicked on

2019-04-25 17:14:22 - [TEST_STEP][PASSED] - delay: Delayed 2 second(s)

2019-04-25 17:14:24 - [MESSAGE][PASSED] - Delayed 2 second(s)

2019-04-25 17:14:24 - [TEST_STEP][PASSED] - click: Object: 'Object Repository/Page_KiboPush  Sequence Messaging/button_Add Message (1)' is clicked on

2019-04-25 17:14:24 - [MESSAGE][PASSED] - Object: 'Object Repository/Page_KiboPush  Sequence Messaging/button_Add Message (1)' is clicked on

2019-04-25 17:14:24 - [TEST_STEP][PASSED] - delay: Delayed 2 second(s)

2019-04-25 17:14:26 - [MESSAGE][PASSED] - Delayed 2 second(s)

2019-04-25 17:14:26 - [TEST_STEP][PASSED] - click: Object: 'Object Repository/Page_KiboPush  Sequence Messaging/button_Add Message (1)' is clicked on

2019-04-25 17:14:26 - [MESSAGE][PASSED] - Object: 'Object Repository/Page_KiboPush  Sequence Messaging/button_Add Message (1)' is clicked on

2019-04-25 17:14:26 - [TEST_STEP][PASSED] - delay: Delayed 2 second(s)

2019-04-25 17:14:28 - [MESSAGE][PASSED] - Delayed 2 second(s)

2019-04-25 17:14:28 - [TEST_STEP][PASSED] - click: Object: 'Object Repository/Page_KiboPush  Sequence Messaging/a_Back (5)' is clicked on

2019-04-25 17:14:29 - [MESSAGE][PASSED] - Object: 'Object Repository/Page_KiboPush  Sequence Messaging/a_Back (5)' is clicked on

2019-04-25 17:14:29 - [TEST_STEP][PASSED] - click: Object: 'Object Repository/Page_KiboPush  Sequence Messaging/span_Edit' is clicked on

2019-04-25 17:14:30 - [MESSAGE][PASSED] - Object: 'Object Repository/Page_KiboPush  Sequence Messaging/span_Edit' is clicked on

2019-04-25 17:14:30 - [TEST_STEP][PASSED] - delay: Delayed 2 second(s)

2019-04-25 17:14:32 - [MESSAGE][PASSED] - Delayed 2 second(s)]]></system-out>
         <system-err><![CDATA[]]></system-err>
      </testcase>
      <testcase name="Test Cases/Sequence Messaging/TC0985" classname="Test Cases/Sequence Messaging/TC0985" status="PASSED">
         <system-out><![CDATA[2019-04-25 17:14:32 - [TEST_CASE][PASSED] - Test Cases/Sequence Messaging/TC0985: Test Cases/Sequence Messaging/TC0985

2019-04-25 17:14:32 - [TEST_STEP][PASSED] - callTestCase: Call Test Case 'Test Cases/Sequence Messaging/TC0984' successfully

2019-04-25 17:14:33 - [TEST_CASE][PASSED] - Test Cases/Sequence Messaging/TC0984: Test Cases/Sequence Messaging/TC0984

2019-04-25 17:14:33 - [TEST_STEP][PASSED] - callTestCase: Call Test Case 'Test Cases/Sequence Messaging/TC0980' successfully

2019-04-25 17:14:33 - [TEST_CASE][PASSED] - Test Cases/Sequence Messaging/TC0980: Test Cases/Sequence Messaging/TC0980

2019-04-25 17:14:33 - [TEST_STEP][PASSED] - callTestCase: Call Test Case 'Test Cases/Sequence Messaging/Go_to_Seq_Messaging' successfully

2019-04-25 17:14:33 - [TEST_CASE][PASSED] - Test Cases/Sequence Messaging/Go_to_Seq_Messaging: Test Cases/Sequence Messaging/Go_to_Seq_Messaging

2019-04-25 17:14:33 - [TEST_STEP][PASSED] - callTestCase: Call Test Case 'Test Cases/Sequence Messaging/Login' successfully

2019-04-25 17:14:33 - [TEST_CASE][PASSED] - Test Cases/Sequence Messaging/Login: Test Cases/Sequence Messaging/Login

2019-04-25 17:14:33 - [TEST_STEP][PASSED] - callTestCase: Call Test Case 'Test Cases/s-sidebar_navigation/individualAccount/sequenceMessaging' successfully

2019-04-25 17:14:33 - [TEST_CASE][PASSED] - Test Cases/s-sidebar_navigation/individualAccount/sequenceMessaging: Test Cases/s-sidebar_navigation/individualAccount/sequenceMessaging

2019-04-25 17:14:33 - [TEST_STEP][PASSED] - click: Object: 'Object Repository/Page_KiboPush  Dashboard/span_Autoposting' is clicked on

2019-04-25 17:14:33 - [MESSAGE][PASSED] - Object: 'Object Repository/Page_KiboPush  Dashboard/span_Autoposting' is clicked on

2019-04-25 17:14:33 - [TEST_STEP][PASSED] - delay: Delayed 1 second(s)

2019-04-25 17:14:34 - [MESSAGE][PASSED] - Delayed 1 second(s)

2019-04-25 17:14:34 - [TEST_STEP][PASSED] - click: Object: 'Object Repository/Page_KiboPush  Dashboard/span_Sequence Messaging' is clicked on

2019-04-25 17:14:34 - [MESSAGE][PASSED] - Object: 'Object Repository/Page_KiboPush  Dashboard/span_Sequence Messaging' is clicked on

2019-04-25 17:14:34 - [TEST_STEP][PASSED] - scrollToPosition: Browser is scrolled to position x = 0, y = 0

2019-04-25 17:14:34 - [MESSAGE][PASSED] - Browser is scrolled to position x = 0, y = 0

2019-04-25 17:14:34 - [TEST_STEP][PASSED] - click: Object: 'Object Repository/Page_KiboPush  Sequence Messaging/h3_Sequence Messaging' is clicked on

2019-04-25 17:14:35 - [MESSAGE][PASSED] - Object: 'Object Repository/Page_KiboPush  Sequence Messaging/h3_Sequence Messaging' is clicked on

2019-04-25 17:14:35 - [TEST_STEP][PASSED] - delay: Delayed 1 second(s)

2019-04-25 17:14:36 - [MESSAGE][PASSED] - Delayed 1 second(s)

2019-04-25 17:14:36 - [MESSAGE][PASSED] - Call Test Case 'Test Cases/s-sidebar_navigation/individualAccount/sequenceMessaging' successfully

2019-04-25 17:14:36 - [MESSAGE][PASSED] - Call Test Case 'Test Cases/Sequence Messaging/Login' successfully

2019-04-25 17:14:36 - [MESSAGE][PASSED] - Call Test Case 'Test Cases/Sequence Messaging/Go_to_Seq_Messaging' successfully

2019-04-25 17:14:36 - [TEST_STEP][PASSED] - delay: Delayed 4 second(s)

2019-04-25 17:14:40 - [MESSAGE][PASSED] - Delayed 4 second(s)

2019-04-25 17:14:40 - [MESSAGE][PASSED] - Call Test Case 'Test Cases/Sequence Messaging/TC0980' successfully

2019-04-25 17:14:40 - [TEST_STEP][PASSED] - delay: Delayed 2 second(s)

2019-04-25 17:14:42 - [MESSAGE][PASSED] - Delayed 2 second(s)

2019-04-25 17:14:42 - [TEST_STEP][PASSED] - click: Object: 'Object Repository/Page_KiboPush  Sequence Messaging/Delete Sequence Icon (1)' is clicked on

2019-04-25 17:14:42 - [MESSAGE][PASSED] - Object: 'Object Repository/Page_KiboPush  Sequence Messaging/Delete Sequence Icon (1)' is clicked on

2019-04-25 17:14:42 - [TEST_STEP][PASSED] - delay: Delayed 2 second(s)

2019-04-25 17:14:44 - [MESSAGE][PASSED] - Delayed 2 second(s)

2019-04-25 17:14:44 - [TEST_STEP][PASSED] - click: Object: 'Object Repository/Page_KiboPush  Sequence Messaging/button_Delete (2)' is clicked on

2019-04-25 17:14:44 - [MESSAGE][PASSED] - Object: 'Object Repository/Page_KiboPush  Sequence Messaging/button_Delete (2)' is clicked on

2019-04-25 17:14:44 - [TEST_STEP][PASSED] - delay: Delayed 2 second(s)

2019-04-25 17:14:46 - [MESSAGE][PASSED] - Delayed 2 second(s)

2019-04-25 17:14:46 - [TEST_STEP][PASSED] - click: Object: 'Object Repository/Page_KiboPush  Sequence Messaging/button_Create New Sequence' is clicked on

2019-04-25 17:14:46 - [MESSAGE][PASSED] - Object: 'Object Repository/Page_KiboPush  Sequence Messaging/button_Create New Sequence' is clicked on

2019-04-25 17:14:46 - [TEST_STEP][PASSED] - setText: Text 'Sequence1' is set on object 'Object Repository/Page_KiboPush  Sequence Messaging/input_Sequence Name_form-contr (3)'

2019-04-25 17:14:47 - [MESSAGE][PASSED] - Text 'Sequence1' is set on object 'Object Repository/Page_KiboPush  Sequence Messaging/input_Sequence Name_form-contr (3)'

2019-04-25 17:14:47 - [TEST_STEP][PASSED] - delay: Delayed 2 second(s)

2019-04-25 17:14:49 - [MESSAGE][PASSED] - Delayed 2 second(s)

2019-04-25 17:14:49 - [TEST_STEP][PASSED] - click: Object: 'Object Repository/Page_KiboPush  Sequence Messaging/button_Create (2)' is clicked on

2019-04-25 17:14:49 - [MESSAGE][PASSED] - Object: 'Object Repository/Page_KiboPush  Sequence Messaging/button_Create (2)' is clicked on

2019-04-25 17:14:49 - [TEST_STEP][PASSED] - delay: Delayed 2 second(s)

2019-04-25 17:14:51 - [MESSAGE][PASSED] - Delayed 2 second(s)

2019-04-25 17:14:51 - [TEST_STEP][PASSED] - click: Object: 'Object Repository/Page_KiboPush  Sequence Messaging/button_Add Message (1)' is clicked on

2019-04-25 17:14:51 - [MESSAGE][PASSED] - Object: 'Object Repository/Page_KiboPush  Sequence Messaging/button_Add Message (1)' is clicked on

2019-04-25 17:14:51 - [TEST_STEP][PASSED] - delay: Delayed 2 second(s)

2019-04-25 17:14:53 - [MESSAGE][PASSED] - Delayed 2 second(s)

2019-04-25 17:14:53 - [TEST_STEP][PASSED] - click: Object: 'Object Repository/Page_KiboPush  Sequence Messaging/button_Add Message (1)' is clicked on

2019-04-25 17:14:54 - [MESSAGE][PASSED] - Object: 'Object Repository/Page_KiboPush  Sequence Messaging/button_Add Message (1)' is clicked on

2019-04-25 17:14:54 - [TEST_STEP][PASSED] - delay: Delayed 2 second(s)

2019-04-25 17:14:56 - [MESSAGE][PASSED] - Delayed 2 second(s)

2019-04-25 17:14:56 - [TEST_STEP][PASSED] - click: Object: 'Object Repository/Page_KiboPush  Sequence Messaging/a_Back (5)' is clicked on

2019-04-25 17:14:56 - [MESSAGE][PASSED] - Object: 'Object Repository/Page_KiboPush  Sequence Messaging/a_Back (5)' is clicked on

2019-04-25 17:14:56 - [TEST_STEP][PASSED] - click: Object: 'Object Repository/Page_KiboPush  Sequence Messaging/span_Edit' is clicked on

2019-04-25 17:14:57 - [MESSAGE][PASSED] - Object: 'Object Repository/Page_KiboPush  Sequence Messaging/span_Edit' is clicked on

2019-04-25 17:14:57 - [TEST_STEP][PASSED] - delay: Delayed 2 second(s)

2019-04-25 17:14:59 - [MESSAGE][PASSED] - Delayed 2 second(s)

2019-04-25 17:14:59 - [MESSAGE][PASSED] - Call Test Case 'Test Cases/Sequence Messaging/TC0984' successfully

2019-04-25 17:14:59 - [TEST_STEP][PASSED] - scrollToPosition: Browser is scrolled to position x = 0, y = 0

2019-04-25 17:14:59 - [MESSAGE][PASSED] - Browser is scrolled to position x = 0, y = 0

2019-04-25 17:14:59 - [TEST_STEP][PASSED] - click: Object: 'Object Repository/Page_KiboPush  Sequence Messaging/button_Add Message (1)' is clicked on

2019-04-25 17:14:59 - [MESSAGE][PASSED] - Object: 'Object Repository/Page_KiboPush  Sequence Messaging/button_Add Message (1)' is clicked on

2019-04-25 17:14:59 - [TEST_STEP][PASSED] - click: Object: 'Object Repository/Page_KiboPush  Sequence Messaging/span_New Message (3)' is clicked on

2019-04-25 17:14:59 - [MESSAGE][PASSED] - Object: 'Object Repository/Page_KiboPush  Sequence Messaging/span_New Message (3)' is clicked on

2019-04-25 17:14:59 - [TEST_STEP][PASSED] - delay: Delayed 2 second(s)

2019-04-25 17:15:01 - [MESSAGE][PASSED] - Delayed 2 second(s)]]></system-out>
         <system-err><![CDATA[]]></system-err>
      </testcase>
      <testcase name="Test Cases/Sequence Messaging/TC0986" classname="Test Cases/Sequence Messaging/TC0986" status="PASSED">
         <system-out><![CDATA[2019-04-25 17:15:01 - [TEST_CASE][PASSED] - Test Cases/Sequence Messaging/TC0986: Test Cases/Sequence Messaging/TC0986

2019-04-25 17:15:02 - [TEST_STEP][PASSED] - callTestCase: Call Test Case 'Test Cases/Sequence Messaging/TC0980' successfully

2019-04-25 17:15:02 - [TEST_CASE][PASSED] - Test Cases/Sequence Messaging/TC0980: Test Cases/Sequence Messaging/TC0980

2019-04-25 17:15:02 - [TEST_STEP][PASSED] - callTestCase: Call Test Case 'Test Cases/Sequence Messaging/Go_to_Seq_Messaging' successfully

2019-04-25 17:15:02 - [TEST_CASE][PASSED] - Test Cases/Sequence Messaging/Go_to_Seq_Messaging: Test Cases/Sequence Messaging/Go_to_Seq_Messaging

2019-04-25 17:15:02 - [TEST_STEP][PASSED] - callTestCase: Call Test Case 'Test Cases/Sequence Messaging/Login' successfully

2019-04-25 17:15:02 - [TEST_CASE][PASSED] - Test Cases/Sequence Messaging/Login: Test Cases/Sequence Messaging/Login

2019-04-25 17:15:02 - [TEST_STEP][PASSED] - callTestCase: Call Test Case 'Test Cases/s-sidebar_navigation/individualAccount/sequenceMessaging' successfully

2019-04-25 17:15:02 - [TEST_CASE][PASSED] - Test Cases/s-sidebar_navigation/individualAccount/sequenceMessaging: Test Cases/s-sidebar_navigation/individualAccount/sequenceMessaging

2019-04-25 17:15:02 - [TEST_STEP][PASSED] - click: Object: 'Object Repository/Page_KiboPush  Dashboard/span_Autoposting' is clicked on

2019-04-25 17:15:02 - [MESSAGE][PASSED] - Object: 'Object Repository/Page_KiboPush  Dashboard/span_Autoposting' is clicked on

2019-04-25 17:15:02 - [TEST_STEP][PASSED] - delay: Delayed 1 second(s)

2019-04-25 17:15:03 - [MESSAGE][PASSED] - Delayed 1 second(s)

2019-04-25 17:15:03 - [TEST_STEP][PASSED] - click: Object: 'Object Repository/Page_KiboPush  Dashboard/span_Sequence Messaging' is clicked on

2019-04-25 17:15:03 - [MESSAGE][PASSED] - Object: 'Object Repository/Page_KiboPush  Dashboard/span_Sequence Messaging' is clicked on

2019-04-25 17:15:03 - [TEST_STEP][PASSED] - scrollToPosition: Browser is scrolled to position x = 0, y = 0

2019-04-25 17:15:03 - [MESSAGE][PASSED] - Browser is scrolled to position x = 0, y = 0

2019-04-25 17:15:03 - [TEST_STEP][PASSED] - click: Object: 'Object Repository/Page_KiboPush  Sequence Messaging/h3_Sequence Messaging' is clicked on

2019-04-25 17:15:04 - [MESSAGE][PASSED] - Object: 'Object Repository/Page_KiboPush  Sequence Messaging/h3_Sequence Messaging' is clicked on

2019-04-25 17:15:04 - [TEST_STEP][PASSED] - delay: Delayed 1 second(s)

2019-04-25 17:15:05 - [MESSAGE][PASSED] - Delayed 1 second(s)

2019-04-25 17:15:05 - [MESSAGE][PASSED] - Call Test Case 'Test Cases/s-sidebar_navigation/individualAccount/sequenceMessaging' successfully

2019-04-25 17:15:05 - [MESSAGE][PASSED] - Call Test Case 'Test Cases/Sequence Messaging/Login' successfully

2019-04-25 17:15:05 - [MESSAGE][PASSED] - Call Test Case 'Test Cases/Sequence Messaging/Go_to_Seq_Messaging' successfully

2019-04-25 17:15:05 - [TEST_STEP][PASSED] - delay: Delayed 4 second(s)

2019-04-25 17:15:09 - [MESSAGE][PASSED] - Delayed 4 second(s)

2019-04-25 17:15:09 - [MESSAGE][PASSED] - Call Test Case 'Test Cases/Sequence Messaging/TC0980' successfully

2019-04-25 17:15:09 - [TEST_STEP][PASSED] - click: Object: 'Object Repository/Page_KiboPush  Sequence Messaging/span_Edit (1)' is clicked on

2019-04-25 17:15:09 - [MESSAGE][PASSED] - Object: 'Object Repository/Page_KiboPush  Sequence Messaging/span_Edit (1)' is clicked on

2019-04-25 17:15:09 - [TEST_STEP][PASSED] - delay: Delayed 2 second(s)

2019-04-25 17:15:11 - [MESSAGE][PASSED] - Delayed 2 second(s)

2019-04-25 17:15:11 - [TEST_STEP][PASSED] - click: Object: 'Object Repository/Page_KiboPush  Sequence Messaging/Delete Message Icon' is clicked on

2019-04-25 17:15:11 - [MESSAGE][PASSED] - Object: 'Object Repository/Page_KiboPush  Sequence Messaging/Delete Message Icon' is clicked on

2019-04-25 17:15:11 - [TEST_STEP][PASSED] - click: Object: 'Object Repository/Page_KiboPush  Sequence Messaging/button_Delete (3)' is clicked on

2019-04-25 17:15:11 - [MESSAGE][PASSED] - Object: 'Object Repository/Page_KiboPush  Sequence Messaging/button_Delete (3)' is clicked on

2019-04-25 17:15:11 - [TEST_STEP][PASSED] - delay: Delayed 4 second(s)

2019-04-25 17:15:15 - [MESSAGE][PASSED] - Delayed 4 second(s)

2019-04-25 17:15:15 - [TEST_STEP][PASSED] - scrollToPosition: Browser is scrolled to position x = 0, y = 0

2019-04-25 17:15:15 - [MESSAGE][PASSED] - Browser is scrolled to position x = 0, y = 0

2019-04-25 17:15:15 - [TEST_STEP][PASSED] - delay: Delayed 1 second(s)

2019-04-25 17:15:16 - [MESSAGE][PASSED] - Delayed 1 second(s)

2019-04-25 17:15:16 - [TEST_STEP][PASSED] - click: Object: 'Object Repository/Page_KiboPush  Sequence Messaging/button_Add Message (1)' is clicked on

2019-04-25 17:15:16 - [MESSAGE][PASSED] - Object: 'Object Repository/Page_KiboPush  Sequence Messaging/button_Add Message (1)' is clicked on

2019-04-25 17:15:16 - [TEST_STEP][PASSED] - delay: Delayed 2 second(s)

2019-04-25 17:15:18 - [MESSAGE][PASSED] - Delayed 2 second(s)

2019-04-25 17:15:18 - [TEST_STEP][PASSED] - click: Object: 'Object Repository/Page_KiboPush  Sequence Messaging/span_New Message (4)' is clicked on

2019-04-25 17:15:19 - [MESSAGE][PASSED] - Object: 'Object Repository/Page_KiboPush  Sequence Messaging/span_New Message (4)' is clicked on

2019-04-25 17:15:19 - [TEST_STEP][PASSED] - delay: Delayed 3 second(s)

2019-04-25 17:15:22 - [MESSAGE][PASSED] - Delayed 3 second(s)

2019-04-25 17:15:22 - [TEST_STEP][PASSED] - click: Object: 'Object Repository/Page_KiboPush  Edit Message/i_New Message_convoTitle' is clicked on

2019-04-25 17:15:22 - [MESSAGE][PASSED] - Object: 'Object Repository/Page_KiboPush  Edit Message/i_New Message_convoTitle' is clicked on

2019-04-25 17:15:22 - [TEST_STEP][PASSED] - delay: Delayed 2 second(s)

2019-04-25 17:15:24 - [MESSAGE][PASSED] - Delayed 2 second(s)

2019-04-25 17:15:24 - [TEST_STEP][PASSED] - setText: Text 'Message1' is set on object 'Object Repository/Page_KiboPush  Edit Message/input_Rename_form-control'

2019-04-25 17:15:24 - [MESSAGE][PASSED] - Text 'Message1' is set on object 'Object Repository/Page_KiboPush  Edit Message/input_Rename_form-control'

2019-04-25 17:15:24 - [TEST_STEP][PASSED] - scrollToElement: Scroll to object 'Object Repository/Page_KiboPush  Edit Message/div_View Facebook guidelines r' successfully

2019-04-25 17:15:24 - [MESSAGE][PASSED] - Scroll to object 'Object Repository/Page_KiboPush  Edit Message/div_View Facebook guidelines r' successfully

2019-04-25 17:15:24 - [TEST_STEP][PASSED] - click: Object: 'Object Repository/Page_KiboPush  Edit Message/button_Save' is clicked on

2019-04-25 17:15:24 - [MESSAGE][PASSED] - Object: 'Object Repository/Page_KiboPush  Edit Message/button_Save' is clicked on

2019-04-25 17:15:24 - [TEST_STEP][PASSED] - delay: Delayed 3 second(s)

2019-04-25 17:15:28 - [MESSAGE][PASSED] - Delayed 3 second(s)

2019-04-25 17:15:28 - [TEST_STEP][PASSED] - click: Object: 'Object Repository/Page_KiboPush  Edit Message/div_Text' is clicked on

2019-04-25 17:15:28 - [MESSAGE][PASSED] - Object: 'Object Repository/Page_KiboPush  Edit Message/div_Text' is clicked on

2019-04-25 17:15:28 - [TEST_STEP][PASSED] - setText: Text 'Text1' is set on object 'Object Repository/Page_KiboPush  Edit Message/Set Text Component'

2019-04-25 17:15:28 - [MESSAGE][PASSED] - Text 'Text1' is set on object 'Object Repository/Page_KiboPush  Edit Message/Set Text Component'

2019-04-25 17:15:28 - [TEST_STEP][PASSED] - click: Object: 'Object Repository/Page_KiboPush  Edit Message/button_Save_1' is clicked on

2019-04-25 17:15:28 - [MESSAGE][PASSED] - Object: 'Object Repository/Page_KiboPush  Edit Message/button_Save_1' is clicked on

2019-04-25 17:15:28 - [TEST_STEP][PASSED] - scrollToPosition: Browser is scrolled to position x = 0, y = 0

2019-04-25 17:15:28 - [MESSAGE][PASSED] - Browser is scrolled to position x = 0, y = 0

2019-04-25 17:15:28 - [TEST_STEP][PASSED] - click: Object: 'Object Repository/Page_KiboPush  Edit Message/a_Back' is clicked on

2019-04-25 17:15:29 - [MESSAGE][PASSED] - Object: 'Object Repository/Page_KiboPush  Edit Message/a_Back' is clicked on]]></system-out>
         <system-err><![CDATA[]]></system-err>
      </testcase>
      <testcase name="Test Cases/Sequence Messaging/TC0987" classname="Test Cases/Sequence Messaging/TC0987" status="PASSED">
         <system-out><![CDATA[2019-04-25 17:15:29 - [TEST_CASE][PASSED] - Test Cases/Sequence Messaging/TC0987: Test Cases/Sequence Messaging/TC0987

2019-04-25 17:15:29 - [TEST_STEP][PASSED] - callTestCase: Call Test Case 'Test Cases/Sequence Messaging/TC0980' successfully

2019-04-25 17:15:29 - [TEST_CASE][PASSED] - Test Cases/Sequence Messaging/TC0980: Test Cases/Sequence Messaging/TC0980

2019-04-25 17:15:29 - [TEST_STEP][PASSED] - callTestCase: Call Test Case 'Test Cases/Sequence Messaging/Go_to_Seq_Messaging' successfully

2019-04-25 17:15:29 - [TEST_CASE][PASSED] - Test Cases/Sequence Messaging/Go_to_Seq_Messaging: Test Cases/Sequence Messaging/Go_to_Seq_Messaging

2019-04-25 17:15:29 - [TEST_STEP][PASSED] - callTestCase: Call Test Case 'Test Cases/Sequence Messaging/Login' successfully

2019-04-25 17:15:29 - [TEST_CASE][PASSED] - Test Cases/Sequence Messaging/Login: Test Cases/Sequence Messaging/Login

2019-04-25 17:15:29 - [TEST_STEP][PASSED] - callTestCase: Call Test Case 'Test Cases/s-sidebar_navigation/individualAccount/sequenceMessaging' successfully

2019-04-25 17:15:29 - [TEST_CASE][PASSED] - Test Cases/s-sidebar_navigation/individualAccount/sequenceMessaging: Test Cases/s-sidebar_navigation/individualAccount/sequenceMessaging

2019-04-25 17:15:29 - [TEST_STEP][PASSED] - click: Object: 'Object Repository/Page_KiboPush  Dashboard/span_Autoposting' is clicked on

2019-04-25 17:15:29 - [MESSAGE][PASSED] - Object: 'Object Repository/Page_KiboPush  Dashboard/span_Autoposting' is clicked on

2019-04-25 17:15:29 - [TEST_STEP][PASSED] - delay: Delayed 1 second(s)

2019-04-25 17:15:30 - [MESSAGE][PASSED] - Delayed 1 second(s)

2019-04-25 17:15:30 - [TEST_STEP][PASSED] - click: Object: 'Object Repository/Page_KiboPush  Dashboard/span_Sequence Messaging' is clicked on

2019-04-25 17:15:31 - [MESSAGE][PASSED] - Object: 'Object Repository/Page_KiboPush  Dashboard/span_Sequence Messaging' is clicked on

2019-04-25 17:15:31 - [TEST_STEP][PASSED] - scrollToPosition: Browser is scrolled to position x = 0, y = 0

2019-04-25 17:15:31 - [MESSAGE][PASSED] - Browser is scrolled to position x = 0, y = 0

2019-04-25 17:15:31 - [TEST_STEP][PASSED] - click: Object: 'Object Repository/Page_KiboPush  Sequence Messaging/h3_Sequence Messaging' is clicked on

2019-04-25 17:15:31 - [MESSAGE][PASSED] - Object: 'Object Repository/Page_KiboPush  Sequence Messaging/h3_Sequence Messaging' is clicked on

2019-04-25 17:15:31 - [TEST_STEP][PASSED] - delay: Delayed 1 second(s)

2019-04-25 17:15:32 - [MESSAGE][PASSED] - Delayed 1 second(s)

2019-04-25 17:15:32 - [MESSAGE][PASSED] - Call Test Case 'Test Cases/s-sidebar_navigation/individualAccount/sequenceMessaging' successfully

2019-04-25 17:15:32 - [MESSAGE][PASSED] - Call Test Case 'Test Cases/Sequence Messaging/Login' successfully

2019-04-25 17:15:32 - [MESSAGE][PASSED] - Call Test Case 'Test Cases/Sequence Messaging/Go_to_Seq_Messaging' successfully

2019-04-25 17:15:32 - [TEST_STEP][PASSED] - delay: Delayed 4 second(s)

2019-04-25 17:15:36 - [MESSAGE][PASSED] - Delayed 4 second(s)

2019-04-25 17:15:36 - [MESSAGE][PASSED] - Call Test Case 'Test Cases/Sequence Messaging/TC0980' successfully

2019-04-25 17:15:36 - [TEST_STEP][PASSED] - click: Object: 'Object Repository/Page_KiboPush  Sequence Messaging/span_-- Edit_1 (1)' is clicked on

2019-04-25 17:15:36 - [MESSAGE][PASSED] - Object: 'Object Repository/Page_KiboPush  Sequence Messaging/span_-- Edit_1 (1)' is clicked on

2019-04-25 17:15:36 - [TEST_STEP][PASSED] - click: Object: 'Object Repository/Page_KiboPush  Sequence Messaging/div_When subscriber subscribes (1) (1)' is clicked on

2019-04-25 17:15:36 - [MESSAGE][PASSED] - Object: 'Object Repository/Page_KiboPush  Sequence Messaging/div_When subscriber subscribes (1) (1)' is clicked on

2019-04-25 17:15:36 - [TEST_STEP][PASSED] - click: Object: 'Object Repository/Page_KiboPush  Sequence Messaging/button_Save (1) (1)' is clicked on

2019-04-25 17:15:36 - [MESSAGE][PASSED] - Object: 'Object Repository/Page_KiboPush  Sequence Messaging/button_Save (1) (1)' is clicked on]]></system-out>
         <system-err><![CDATA[]]></system-err>
      </testcase>
      <testcase name="Test Cases/Sequence Messaging/TC0990" classname="Test Cases/Sequence Messaging/TC0990" status="PASSED">
         <system-out><![CDATA[2019-04-25 17:15:37 - [TEST_CASE][PASSED] - Test Cases/Sequence Messaging/TC0990: Test Cases/Sequence Messaging/TC0990

2019-04-25 17:15:37 - [TEST_STEP][PASSED] - callTestCase: Call Test Case 'Test Cases/Sequence Messaging/Test Edit Sequence Button' successfully

2019-04-25 17:15:37 - [TEST_CASE][PASSED] - Test Cases/Sequence Messaging/Test Edit Sequence Button: Test Cases/Sequence Messaging/Test Edit Sequence Button

2019-04-25 17:15:37 - [TEST_STEP][PASSED] - callTestCase: Call Test Case 'Test Cases/Sequence Messaging/TC0980' successfully

2019-04-25 17:15:37 - [TEST_CASE][PASSED] - Test Cases/Sequence Messaging/TC0980: Test Cases/Sequence Messaging/TC0980

2019-04-25 17:15:37 - [TEST_STEP][PASSED] - callTestCase: Call Test Case 'Test Cases/Sequence Messaging/Go_to_Seq_Messaging' successfully

2019-04-25 17:15:37 - [TEST_CASE][PASSED] - Test Cases/Sequence Messaging/Go_to_Seq_Messaging: Test Cases/Sequence Messaging/Go_to_Seq_Messaging

2019-04-25 17:15:37 - [TEST_STEP][PASSED] - callTestCase: Call Test Case 'Test Cases/Sequence Messaging/Login' successfully

2019-04-25 17:15:37 - [TEST_CASE][PASSED] - Test Cases/Sequence Messaging/Login: Test Cases/Sequence Messaging/Login

2019-04-25 17:15:37 - [TEST_STEP][PASSED] - callTestCase: Call Test Case 'Test Cases/s-sidebar_navigation/individualAccount/sequenceMessaging' successfully

2019-04-25 17:15:37 - [TEST_CASE][PASSED] - Test Cases/s-sidebar_navigation/individualAccount/sequenceMessaging: Test Cases/s-sidebar_navigation/individualAccount/sequenceMessaging

2019-04-25 17:15:37 - [TEST_STEP][PASSED] - click: Object: 'Object Repository/Page_KiboPush  Dashboard/span_Autoposting' is clicked on

2019-04-25 17:15:38 - [MESSAGE][PASSED] - Object: 'Object Repository/Page_KiboPush  Dashboard/span_Autoposting' is clicked on

2019-04-25 17:15:38 - [TEST_STEP][PASSED] - delay: Delayed 1 second(s)

2019-04-25 17:15:39 - [MESSAGE][PASSED] - Delayed 1 second(s)

2019-04-25 17:15:39 - [TEST_STEP][PASSED] - click: Object: 'Object Repository/Page_KiboPush  Dashboard/span_Sequence Messaging' is clicked on

2019-04-25 17:15:39 - [MESSAGE][PASSED] - Object: 'Object Repository/Page_KiboPush  Dashboard/span_Sequence Messaging' is clicked on

2019-04-25 17:15:39 - [TEST_STEP][PASSED] - scrollToPosition: Browser is scrolled to position x = 0, y = 0

2019-04-25 17:15:39 - [MESSAGE][PASSED] - Browser is scrolled to position x = 0, y = 0

2019-04-25 17:15:39 - [TEST_STEP][PASSED] - click: Object: 'Object Repository/Page_KiboPush  Sequence Messaging/h3_Sequence Messaging' is clicked on

2019-04-25 17:15:39 - [MESSAGE][PASSED] - Object: 'Object Repository/Page_KiboPush  Sequence Messaging/h3_Sequence Messaging' is clicked on

2019-04-25 17:15:39 - [TEST_STEP][PASSED] - delay: Delayed 1 second(s)

2019-04-25 17:15:40 - [MESSAGE][PASSED] - Delayed 1 second(s)

2019-04-25 17:15:40 - [MESSAGE][PASSED] - Call Test Case 'Test Cases/s-sidebar_navigation/individualAccount/sequenceMessaging' successfully

2019-04-25 17:15:40 - [MESSAGE][PASSED] - Call Test Case 'Test Cases/Sequence Messaging/Login' successfully

2019-04-25 17:15:40 - [MESSAGE][PASSED] - Call Test Case 'Test Cases/Sequence Messaging/Go_to_Seq_Messaging' successfully

2019-04-25 17:15:40 - [TEST_STEP][PASSED] - delay: Delayed 4 second(s)

2019-04-25 17:15:44 - [MESSAGE][PASSED] - Delayed 4 second(s)

2019-04-25 17:15:44 - [MESSAGE][PASSED] - Call Test Case 'Test Cases/Sequence Messaging/TC0980' successfully

2019-04-25 17:15:44 - [TEST_STEP][PASSED] - click: Object: 'Object Repository/Page_KiboPush  Sequence Messaging/span_Edit (2)' is clicked on

2019-04-25 17:15:44 - [MESSAGE][PASSED] - Object: 'Object Repository/Page_KiboPush  Sequence Messaging/span_Edit (2)' is clicked on

2019-04-25 17:15:44 - [TEST_STEP][PASSED] - delay: Delayed 2 second(s)

2019-04-25 17:15:46 - [MESSAGE][PASSED] - Delayed 2 second(s)

2019-04-25 17:15:46 - [MESSAGE][PASSED] - Call Test Case 'Test Cases/Sequence Messaging/Test Edit Sequence Button' successfully

2019-04-25 17:15:46 - [TEST_STEP][PASSED] - click: Object: 'Object Repository/Page_KiboPush  Sequence Messaging/Edit Schedule Button (1)' is clicked on

2019-04-25 17:15:46 - [MESSAGE][PASSED] - Object: 'Object Repository/Page_KiboPush  Sequence Messaging/Edit Schedule Button (1)' is clicked on

2019-04-25 17:15:46 - [TEST_STEP][PASSED] - delay: Delayed 2 second(s)

2019-04-25 17:15:48 - [MESSAGE][PASSED] - Delayed 2 second(s)

2019-04-25 17:15:48 - [TEST_STEP][PASSED] - selectOptionByValue: All options with value 'immediately' are selected in object 'Object Repository/Page_KiboPush  Sequence Messaging/select_AfterImmediately (2)'  using regular expression

2019-04-25 17:15:49 - [MESSAGE][PASSED] - All options with value 'immediately' are selected in object 'Object Repository/Page_KiboPush  Sequence Messaging/select_AfterImmediately (2)'  using regular expression

2019-04-25 17:15:49 - [TEST_STEP][PASSED] - click: Object: 'Object Repository/Page_KiboPush  Sequence Messaging/button_Save (2)' is clicked on

2019-04-25 17:15:49 - [MESSAGE][PASSED] - Object: 'Object Repository/Page_KiboPush  Sequence Messaging/button_Save (2)' is clicked on]]></system-out>
         <system-err><![CDATA[]]></system-err>
      </testcase>
      <testcase name="Test Cases/Sequence Messaging/TC1001" classname="Test Cases/Sequence Messaging/TC1001" status="PASSED">
         <system-out><![CDATA[2019-04-25 17:15:49 - [TEST_CASE][PASSED] - Test Cases/Sequence Messaging/TC1001: Test Cases/Sequence Messaging/TC1001

2019-04-25 17:15:49 - [TEST_STEP][PASSED] - callTestCase: Call Test Case 'Test Cases/Sequence Messaging/TC0986' successfully

2019-04-25 17:15:49 - [TEST_CASE][PASSED] - Test Cases/Sequence Messaging/TC0986: Test Cases/Sequence Messaging/TC0986

2019-04-25 17:15:49 - [TEST_STEP][PASSED] - callTestCase: Call Test Case 'Test Cases/Sequence Messaging/TC0980' successfully

2019-04-25 17:15:49 - [TEST_CASE][PASSED] - Test Cases/Sequence Messaging/TC0980: Test Cases/Sequence Messaging/TC0980

2019-04-25 17:15:49 - [TEST_STEP][PASSED] - callTestCase: Call Test Case 'Test Cases/Sequence Messaging/Go_to_Seq_Messaging' successfully

2019-04-25 17:15:49 - [TEST_CASE][PASSED] - Test Cases/Sequence Messaging/Go_to_Seq_Messaging: Test Cases/Sequence Messaging/Go_to_Seq_Messaging

2019-04-25 17:15:49 - [TEST_STEP][PASSED] - callTestCase: Call Test Case 'Test Cases/Sequence Messaging/Login' successfully

2019-04-25 17:15:49 - [TEST_CASE][PASSED] - Test Cases/Sequence Messaging/Login: Test Cases/Sequence Messaging/Login

2019-04-25 17:15:49 - [TEST_STEP][PASSED] - callTestCase: Call Test Case 'Test Cases/s-sidebar_navigation/individualAccount/sequenceMessaging' successfully

2019-04-25 17:15:49 - [TEST_CASE][PASSED] - Test Cases/s-sidebar_navigation/individualAccount/sequenceMessaging: Test Cases/s-sidebar_navigation/individualAccount/sequenceMessaging

2019-04-25 17:15:49 - [TEST_STEP][PASSED] - click: Object: 'Object Repository/Page_KiboPush  Dashboard/span_Autoposting' is clicked on

2019-04-25 17:15:49 - [MESSAGE][PASSED] - Object: 'Object Repository/Page_KiboPush  Dashboard/span_Autoposting' is clicked on

2019-04-25 17:15:49 - [TEST_STEP][PASSED] - delay: Delayed 1 second(s)

2019-04-25 17:15:50 - [MESSAGE][PASSED] - Delayed 1 second(s)

2019-04-25 17:15:50 - [TEST_STEP][PASSED] - click: Object: 'Object Repository/Page_KiboPush  Dashboard/span_Sequence Messaging' is clicked on

2019-04-25 17:15:51 - [MESSAGE][PASSED] - Object: 'Object Repository/Page_KiboPush  Dashboard/span_Sequence Messaging' is clicked on

2019-04-25 17:15:51 - [TEST_STEP][PASSED] - scrollToPosition: Browser is scrolled to position x = 0, y = 0

2019-04-25 17:15:51 - [MESSAGE][PASSED] - Browser is scrolled to position x = 0, y = 0

2019-04-25 17:15:51 - [TEST_STEP][PASSED] - click: Object: 'Object Repository/Page_KiboPush  Sequence Messaging/h3_Sequence Messaging' is clicked on

2019-04-25 17:15:51 - [MESSAGE][PASSED] - Object: 'Object Repository/Page_KiboPush  Sequence Messaging/h3_Sequence Messaging' is clicked on

2019-04-25 17:15:51 - [TEST_STEP][PASSED] - delay: Delayed 1 second(s)

2019-04-25 17:15:52 - [MESSAGE][PASSED] - Delayed 1 second(s)

2019-04-25 17:15:52 - [MESSAGE][PASSED] - Call Test Case 'Test Cases/s-sidebar_navigation/individualAccount/sequenceMessaging' successfully

2019-04-25 17:15:52 - [MESSAGE][PASSED] - Call Test Case 'Test Cases/Sequence Messaging/Login' successfully

2019-04-25 17:15:52 - [MESSAGE][PASSED] - Call Test Case 'Test Cases/Sequence Messaging/Go_to_Seq_Messaging' successfully

2019-04-25 17:15:52 - [TEST_STEP][PASSED] - delay: Delayed 4 second(s)

2019-04-25 17:15:56 - [MESSAGE][PASSED] - Delayed 4 second(s)

2019-04-25 17:15:56 - [MESSAGE][PASSED] - Call Test Case 'Test Cases/Sequence Messaging/TC0980' successfully

2019-04-25 17:15:56 - [TEST_STEP][PASSED] - click: Object: 'Object Repository/Page_KiboPush  Sequence Messaging/span_Edit (1)' is clicked on

2019-04-25 17:15:56 - [MESSAGE][PASSED] - Object: 'Object Repository/Page_KiboPush  Sequence Messaging/span_Edit (1)' is clicked on

2019-04-25 17:15:56 - [TEST_STEP][PASSED] - delay: Delayed 2 second(s)

2019-04-25 17:15:58 - [MESSAGE][PASSED] - Delayed 2 second(s)

2019-04-25 17:15:58 - [TEST_STEP][PASSED] - click: Object: 'Object Repository/Page_KiboPush  Sequence Messaging/Delete Message Icon' is clicked on

2019-04-25 17:15:58 - [MESSAGE][PASSED] - Object: 'Object Repository/Page_KiboPush  Sequence Messaging/Delete Message Icon' is clicked on

2019-04-25 17:15:58 - [TEST_STEP][PASSED] - click: Object: 'Object Repository/Page_KiboPush  Sequence Messaging/button_Delete (3)' is clicked on

2019-04-25 17:15:59 - [MESSAGE][PASSED] - Object: 'Object Repository/Page_KiboPush  Sequence Messaging/button_Delete (3)' is clicked on

2019-04-25 17:15:59 - [TEST_STEP][PASSED] - delay: Delayed 4 second(s)

2019-04-25 17:16:03 - [MESSAGE][PASSED] - Delayed 4 second(s)

2019-04-25 17:16:03 - [TEST_STEP][PASSED] - scrollToPosition: Browser is scrolled to position x = 0, y = 0

2019-04-25 17:16:03 - [MESSAGE][PASSED] - Browser is scrolled to position x = 0, y = 0

2019-04-25 17:16:03 - [TEST_STEP][PASSED] - delay: Delayed 1 second(s)

2019-04-25 17:16:04 - [MESSAGE][PASSED] - Delayed 1 second(s)

2019-04-25 17:16:04 - [TEST_STEP][PASSED] - click: Object: 'Object Repository/Page_KiboPush  Sequence Messaging/button_Add Message (1)' is clicked on

2019-04-25 17:16:04 - [MESSAGE][PASSED] - Object: 'Object Repository/Page_KiboPush  Sequence Messaging/button_Add Message (1)' is clicked on

2019-04-25 17:16:04 - [TEST_STEP][PASSED] - delay: Delayed 2 second(s)

2019-04-25 17:16:06 - [MESSAGE][PASSED] - Delayed 2 second(s)

2019-04-25 17:16:06 - [TEST_STEP][PASSED] - click: Object: 'Object Repository/Page_KiboPush  Sequence Messaging/span_New Message (4)' is clicked on

2019-04-25 17:16:06 - [MESSAGE][PASSED] - Object: 'Object Repository/Page_KiboPush  Sequence Messaging/span_New Message (4)' is clicked on

2019-04-25 17:16:06 - [TEST_STEP][PASSED] - delay: Delayed 3 second(s)

2019-04-25 17:16:09 - [MESSAGE][PASSED] - Delayed 3 second(s)

2019-04-25 17:16:09 - [TEST_STEP][PASSED] - click: Object: 'Object Repository/Page_KiboPush  Edit Message/i_New Message_convoTitle' is clicked on

2019-04-25 17:16:09 - [MESSAGE][PASSED] - Object: 'Object Repository/Page_KiboPush  Edit Message/i_New Message_convoTitle' is clicked on

2019-04-25 17:16:09 - [TEST_STEP][PASSED] - delay: Delayed 2 second(s)

2019-04-25 17:16:11 - [MESSAGE][PASSED] - Delayed 2 second(s)

2019-04-25 17:16:11 - [TEST_STEP][PASSED] - setText: Text 'Message1' is set on object 'Object Repository/Page_KiboPush  Edit Message/input_Rename_form-control'

2019-04-25 17:16:12 - [MESSAGE][PASSED] - Text 'Message1' is set on object 'Object Repository/Page_KiboPush  Edit Message/input_Rename_form-control'

2019-04-25 17:16:12 - [TEST_STEP][PASSED] - scrollToElement: Scroll to object 'Object Repository/Page_KiboPush  Edit Message/div_View Facebook guidelines r' successfully

2019-04-25 17:16:12 - [MESSAGE][PASSED] - Scroll to object 'Object Repository/Page_KiboPush  Edit Message/div_View Facebook guidelines r' successfully

2019-04-25 17:16:12 - [TEST_STEP][PASSED] - click: Object: 'Object Repository/Page_KiboPush  Edit Message/button_Save' is clicked on

2019-04-25 17:16:12 - [MESSAGE][PASSED] - Object: 'Object Repository/Page_KiboPush  Edit Message/button_Save' is clicked on

2019-04-25 17:16:12 - [TEST_STEP][PASSED] - delay: Delayed 3 second(s)

2019-04-25 17:16:15 - [MESSAGE][PASSED] - Delayed 3 second(s)

2019-04-25 17:16:15 - [TEST_STEP][PASSED] - click: Object: 'Object Repository/Page_KiboPush  Edit Message/div_Text' is clicked on

2019-04-25 17:16:15 - [MESSAGE][PASSED] - Object: 'Object Repository/Page_KiboPush  Edit Message/div_Text' is clicked on

2019-04-25 17:16:15 - [TEST_STEP][PASSED] - setText: Text 'Text1' is set on object 'Object Repository/Page_KiboPush  Edit Message/Set Text Component'

2019-04-25 17:16:15 - [MESSAGE][PASSED] - Text 'Text1' is set on object 'Object Repository/Page_KiboPush  Edit Message/Set Text Component'

2019-04-25 17:16:15 - [TEST_STEP][PASSED] - click: Object: 'Object Repository/Page_KiboPush  Edit Message/button_Save_1' is clicked on

2019-04-25 17:16:15 - [MESSAGE][PASSED] - Object: 'Object Repository/Page_KiboPush  Edit Message/button_Save_1' is clicked on

2019-04-25 17:16:15 - [TEST_STEP][PASSED] - scrollToPosition: Browser is scrolled to position x = 0, y = 0

2019-04-25 17:16:16 - [MESSAGE][PASSED] - Browser is scrolled to position x = 0, y = 0

2019-04-25 17:16:16 - [TEST_STEP][PASSED] - click: Object: 'Object Repository/Page_KiboPush  Edit Message/a_Back' is clicked on

2019-04-25 17:16:16 - [MESSAGE][PASSED] - Object: 'Object Repository/Page_KiboPush  Edit Message/a_Back' is clicked on

2019-04-25 17:16:16 - [MESSAGE][PASSED] - Call Test Case 'Test Cases/Sequence Messaging/TC0986' successfully

2019-04-25 17:16:16 - [TEST_STEP][PASSED] - click: Object: 'Object Repository/Page_KiboPush  Sequence Messaging/span_-- Edit (7)' is clicked on

2019-04-25 17:16:16 - [MESSAGE][PASSED] - Object: 'Object Repository/Page_KiboPush  Sequence Messaging/span_-- Edit (7)' is clicked on

2019-04-25 17:16:16 - [TEST_STEP][PASSED] - selectOptionByValue: All options with value 'sees' are selected in object 'Object Repository/Page_KiboPush  Sequence Messaging/select_Select Event seesclicks (2)'  using regular expression

2019-04-25 17:16:17 - [MESSAGE][PASSED] - All options with value 'sees' are selected in object 'Object Repository/Page_KiboPush  Sequence Messaging/select_Select Event seesclicks (2)'  using regular expression]]></system-out>
         <system-err><![CDATA[]]></system-err>
      </testcase>
      <testcase name="Test Cases/Sequence Messaging/TC1002" classname="Test Cases/Sequence Messaging/TC1002" status="PASSED">
         <system-out><![CDATA[2019-04-25 17:16:17 - [TEST_CASE][PASSED] - Test Cases/Sequence Messaging/TC1002: Test Cases/Sequence Messaging/TC1002

2019-04-25 17:16:17 - [TEST_STEP][PASSED] - callTestCase: Call Test Case 'Test Cases/Sequence Messaging/Test Edit Sequence Button' successfully

2019-04-25 17:16:17 - [TEST_CASE][PASSED] - Test Cases/Sequence Messaging/Test Edit Sequence Button: Test Cases/Sequence Messaging/Test Edit Sequence Button

2019-04-25 17:16:17 - [TEST_STEP][PASSED] - callTestCase: Call Test Case 'Test Cases/Sequence Messaging/TC0980' successfully

2019-04-25 17:16:17 - [TEST_CASE][PASSED] - Test Cases/Sequence Messaging/TC0980: Test Cases/Sequence Messaging/TC0980

2019-04-25 17:16:17 - [TEST_STEP][PASSED] - callTestCase: Call Test Case 'Test Cases/Sequence Messaging/Go_to_Seq_Messaging' successfully

2019-04-25 17:16:17 - [TEST_CASE][PASSED] - Test Cases/Sequence Messaging/Go_to_Seq_Messaging: Test Cases/Sequence Messaging/Go_to_Seq_Messaging

2019-04-25 17:16:17 - [TEST_STEP][PASSED] - callTestCase: Call Test Case 'Test Cases/Sequence Messaging/Login' successfully

2019-04-25 17:16:18 - [TEST_CASE][PASSED] - Test Cases/Sequence Messaging/Login: Test Cases/Sequence Messaging/Login

2019-04-25 17:16:18 - [TEST_STEP][PASSED] - callTestCase: Call Test Case 'Test Cases/s-sidebar_navigation/individualAccount/sequenceMessaging' successfully

2019-04-25 17:16:18 - [TEST_CASE][PASSED] - Test Cases/s-sidebar_navigation/individualAccount/sequenceMessaging: Test Cases/s-sidebar_navigation/individualAccount/sequenceMessaging

2019-04-25 17:16:18 - [TEST_STEP][PASSED] - click: Object: 'Object Repository/Page_KiboPush  Dashboard/span_Autoposting' is clicked on

2019-04-25 17:16:18 - [MESSAGE][PASSED] - Object: 'Object Repository/Page_KiboPush  Dashboard/span_Autoposting' is clicked on

2019-04-25 17:16:18 - [TEST_STEP][PASSED] - delay: Delayed 1 second(s)

2019-04-25 17:16:19 - [MESSAGE][PASSED] - Delayed 1 second(s)

2019-04-25 17:16:19 - [TEST_STEP][PASSED] - click: Object: 'Object Repository/Page_KiboPush  Dashboard/span_Sequence Messaging' is clicked on

2019-04-25 17:16:19 - [MESSAGE][PASSED] - Object: 'Object Repository/Page_KiboPush  Dashboard/span_Sequence Messaging' is clicked on

2019-04-25 17:16:19 - [TEST_STEP][PASSED] - scrollToPosition: Browser is scrolled to position x = 0, y = 0

2019-04-25 17:16:19 - [MESSAGE][PASSED] - Browser is scrolled to position x = 0, y = 0

2019-04-25 17:16:19 - [TEST_STEP][PASSED] - click: Object: 'Object Repository/Page_KiboPush  Sequence Messaging/h3_Sequence Messaging' is clicked on

2019-04-25 17:16:19 - [MESSAGE][PASSED] - Object: 'Object Repository/Page_KiboPush  Sequence Messaging/h3_Sequence Messaging' is clicked on

2019-04-25 17:16:19 - [TEST_STEP][PASSED] - delay: Delayed 1 second(s)

2019-04-25 17:16:20 - [MESSAGE][PASSED] - Delayed 1 second(s)

2019-04-25 17:16:20 - [MESSAGE][PASSED] - Call Test Case 'Test Cases/s-sidebar_navigation/individualAccount/sequenceMessaging' successfully

2019-04-25 17:16:20 - [MESSAGE][PASSED] - Call Test Case 'Test Cases/Sequence Messaging/Login' successfully

2019-04-25 17:16:20 - [MESSAGE][PASSED] - Call Test Case 'Test Cases/Sequence Messaging/Go_to_Seq_Messaging' successfully

2019-04-25 17:16:20 - [TEST_STEP][PASSED] - delay: Delayed 4 second(s)

2019-04-25 17:16:24 - [MESSAGE][PASSED] - Delayed 4 second(s)

2019-04-25 17:16:24 - [MESSAGE][PASSED] - Call Test Case 'Test Cases/Sequence Messaging/TC0980' successfully

2019-04-25 17:16:24 - [TEST_STEP][PASSED] - click: Object: 'Object Repository/Page_KiboPush  Sequence Messaging/span_Edit (2)' is clicked on

2019-04-25 17:16:25 - [MESSAGE][PASSED] - Object: 'Object Repository/Page_KiboPush  Sequence Messaging/span_Edit (2)' is clicked on

2019-04-25 17:16:25 - [TEST_STEP][PASSED] - delay: Delayed 2 second(s)

2019-04-25 17:16:27 - [MESSAGE][PASSED] - Delayed 2 second(s)

2019-04-25 17:16:27 - [MESSAGE][PASSED] - Call Test Case 'Test Cases/Sequence Messaging/Test Edit Sequence Button' successfully

2019-04-25 17:16:27 - [TEST_STEP][PASSED] - delay: Delayed 2 second(s)

2019-04-25 17:16:29 - [MESSAGE][PASSED] - Delayed 2 second(s)

2019-04-25 17:16:29 - [TEST_STEP][PASSED] - click: Object: 'Object Repository/Page_KiboPush  Sequence Messaging/span_-- Edit (6)' is clicked on

2019-04-25 17:16:29 - [MESSAGE][PASSED] - Object: 'Object Repository/Page_KiboPush  Sequence Messaging/span_-- Edit (6)' is clicked on

2019-04-25 17:16:29 - [TEST_STEP][PASSED] - delay: Delayed 2 second(s)

2019-04-25 17:16:31 - [MESSAGE][PASSED] - Delayed 2 second(s)]]></system-out>
         <system-err><![CDATA[]]></system-err>
      </testcase>
      <testcase name="Test Cases/Sequence Messaging/TC1003" classname="Test Cases/Sequence Messaging/TC1003" status="PASSED">
         <system-out><![CDATA[2019-04-25 17:16:31 - [TEST_CASE][PASSED] - Test Cases/Sequence Messaging/TC1003: Test Cases/Sequence Messaging/TC1003

2019-04-25 17:16:31 - [TEST_STEP][PASSED] - callTestCase: Call Test Case 'Test Cases/Sequence Messaging/TC1002' successfully

2019-04-25 17:16:31 - [TEST_CASE][PASSED] - Test Cases/Sequence Messaging/TC1002: Test Cases/Sequence Messaging/TC1002

2019-04-25 17:16:31 - [TEST_STEP][PASSED] - callTestCase: Call Test Case 'Test Cases/Sequence Messaging/Test Edit Sequence Button' successfully

2019-04-25 17:16:31 - [TEST_CASE][PASSED] - Test Cases/Sequence Messaging/Test Edit Sequence Button: Test Cases/Sequence Messaging/Test Edit Sequence Button

2019-04-25 17:16:31 - [TEST_STEP][PASSED] - callTestCase: Call Test Case 'Test Cases/Sequence Messaging/TC0980' successfully

2019-04-25 17:16:31 - [TEST_CASE][PASSED] - Test Cases/Sequence Messaging/TC0980: Test Cases/Sequence Messaging/TC0980

2019-04-25 17:16:31 - [TEST_STEP][PASSED] - callTestCase: Call Test Case 'Test Cases/Sequence Messaging/Go_to_Seq_Messaging' successfully

2019-04-25 17:16:31 - [TEST_CASE][PASSED] - Test Cases/Sequence Messaging/Go_to_Seq_Messaging: Test Cases/Sequence Messaging/Go_to_Seq_Messaging

2019-04-25 17:16:31 - [TEST_STEP][PASSED] - callTestCase: Call Test Case 'Test Cases/Sequence Messaging/Login' successfully

2019-04-25 17:16:31 - [TEST_CASE][PASSED] - Test Cases/Sequence Messaging/Login: Test Cases/Sequence Messaging/Login

2019-04-25 17:16:31 - [TEST_STEP][PASSED] - callTestCase: Call Test Case 'Test Cases/s-sidebar_navigation/individualAccount/sequenceMessaging' successfully

2019-04-25 17:16:32 - [TEST_CASE][PASSED] - Test Cases/s-sidebar_navigation/individualAccount/sequenceMessaging: Test Cases/s-sidebar_navigation/individualAccount/sequenceMessaging

2019-04-25 17:16:32 - [TEST_STEP][PASSED] - click: Object: 'Object Repository/Page_KiboPush  Dashboard/span_Autoposting' is clicked on

2019-04-25 17:16:32 - [MESSAGE][PASSED] - Object: 'Object Repository/Page_KiboPush  Dashboard/span_Autoposting' is clicked on

2019-04-25 17:16:32 - [TEST_STEP][PASSED] - delay: Delayed 1 second(s)

2019-04-25 17:16:33 - [MESSAGE][PASSED] - Delayed 1 second(s)

2019-04-25 17:16:33 - [TEST_STEP][PASSED] - click: Object: 'Object Repository/Page_KiboPush  Dashboard/span_Sequence Messaging' is clicked on

2019-04-25 17:16:33 - [MESSAGE][PASSED] - Object: 'Object Repository/Page_KiboPush  Dashboard/span_Sequence Messaging' is clicked on

2019-04-25 17:16:33 - [TEST_STEP][PASSED] - scrollToPosition: Browser is scrolled to position x = 0, y = 0

2019-04-25 17:16:33 - [MESSAGE][PASSED] - Browser is scrolled to position x = 0, y = 0

2019-04-25 17:16:33 - [TEST_STEP][PASSED] - click: Object: 'Object Repository/Page_KiboPush  Sequence Messaging/h3_Sequence Messaging' is clicked on

2019-04-25 17:16:33 - [MESSAGE][PASSED] - Object: 'Object Repository/Page_KiboPush  Sequence Messaging/h3_Sequence Messaging' is clicked on

2019-04-25 17:16:33 - [TEST_STEP][PASSED] - delay: Delayed 1 second(s)

2019-04-25 17:16:34 - [MESSAGE][PASSED] - Delayed 1 second(s)

2019-04-25 17:16:34 - [MESSAGE][PASSED] - Call Test Case 'Test Cases/s-sidebar_navigation/individualAccount/sequenceMessaging' successfully

2019-04-25 17:16:34 - [MESSAGE][PASSED] - Call Test Case 'Test Cases/Sequence Messaging/Login' successfully

2019-04-25 17:16:34 - [MESSAGE][PASSED] - Call Test Case 'Test Cases/Sequence Messaging/Go_to_Seq_Messaging' successfully

2019-04-25 17:16:34 - [TEST_STEP][PASSED] - delay: Delayed 4 second(s)

2019-04-25 17:16:38 - [MESSAGE][PASSED] - Delayed 4 second(s)

2019-04-25 17:16:38 - [MESSAGE][PASSED] - Call Test Case 'Test Cases/Sequence Messaging/TC0980' successfully

2019-04-25 17:16:38 - [TEST_STEP][PASSED] - click: Object: 'Object Repository/Page_KiboPush  Sequence Messaging/span_Edit (2)' is clicked on

2019-04-25 17:16:39 - [MESSAGE][PASSED] - Object: 'Object Repository/Page_KiboPush  Sequence Messaging/span_Edit (2)' is clicked on

2019-04-25 17:16:39 - [TEST_STEP][PASSED] - delay: Delayed 2 second(s)

2019-04-25 17:16:41 - [MESSAGE][PASSED] - Delayed 2 second(s)

2019-04-25 17:16:41 - [MESSAGE][PASSED] - Call Test Case 'Test Cases/Sequence Messaging/Test Edit Sequence Button' successfully

2019-04-25 17:16:41 - [TEST_STEP][PASSED] - delay: Delayed 2 second(s)

2019-04-25 17:16:43 - [MESSAGE][PASSED] - Delayed 2 second(s)

2019-04-25 17:16:43 - [TEST_STEP][PASSED] - click: Object: 'Object Repository/Page_KiboPush  Sequence Messaging/span_-- Edit (6)' is clicked on

2019-04-25 17:16:43 - [MESSAGE][PASSED] - Object: 'Object Repository/Page_KiboPush  Sequence Messaging/span_-- Edit (6)' is clicked on

2019-04-25 17:16:43 - [TEST_STEP][PASSED] - delay: Delayed 2 second(s)

2019-04-25 17:16:45 - [MESSAGE][PASSED] - Delayed 2 second(s)

2019-04-25 17:16:45 - [MESSAGE][PASSED] - Call Test Case 'Test Cases/Sequence Messaging/TC1002' successfully

2019-04-25 17:16:45 - [TEST_STEP][PASSED] - selectOptionByValue: All options with value 'first_name' are selected in object 'Object Repository/Page_KiboPush  Sequence Messaging/select_Select ConditionFirst N'  using regular expression

2019-04-25 17:16:45 - [MESSAGE][PASSED] - All options with value 'first_name' are selected in object 'Object Repository/Page_KiboPush  Sequence Messaging/select_Select ConditionFirst N'  using regular expression

2019-04-25 17:16:45 - [TEST_STEP][PASSED] - selectOptionByValue: All options with value 'is' are selected in object 'Object Repository/Page_KiboPush  Sequence Messaging/select_Select Criteriaiscontai'  using regular expression

2019-04-25 17:16:45 - [MESSAGE][PASSED] - All options with value 'is' are selected in object 'Object Repository/Page_KiboPush  Sequence Messaging/select_Select Criteriaiscontai'  using regular expression

2019-04-25 17:16:45 - [TEST_STEP][PASSED] - setText: Text 'Arveen' is set on object 'Object Repository/Page_KiboPush  Sequence Messaging/input_Value_text'

2019-04-25 17:16:46 - [MESSAGE][PASSED] - Text 'Arveen' is set on object 'Object Repository/Page_KiboPush  Sequence Messaging/input_Value_text'

2019-04-25 17:16:46 - [TEST_STEP][PASSED] - delay: Delayed 2 second(s)

2019-04-25 17:16:48 - [MESSAGE][PASSED] - Delayed 2 second(s)

2019-04-25 17:16:48 - [TEST_STEP][PASSED] - click: Object: 'Object Repository/Page_KiboPush  Sequence Messaging/button_Save (3)' is clicked on

2019-04-25 17:16:48 - [MESSAGE][PASSED] - Object: 'Object Repository/Page_KiboPush  Sequence Messaging/button_Save (3)' is clicked on]]></system-out>
         <system-err><![CDATA[]]></system-err>
      </testcase>
      <testcase name="Test Cases/Sequence Messaging/TC1004" classname="Test Cases/Sequence Messaging/TC1004" status="PASSED">
         <system-out><![CDATA[2019-04-25 17:16:48 - [TEST_CASE][PASSED] - Test Cases/Sequence Messaging/TC1004: Test Cases/Sequence Messaging/TC1004

2019-04-25 17:16:48 - [TEST_STEP][PASSED] - callTestCase: Call Test Case 'Test Cases/s-sidebar_navigation/individualAccount/arveen_production_login_kiboengage' successfully

2019-04-25 17:16:48 - [TEST_CASE][PASSED] - Test Cases/s-sidebar_navigation/individualAccount/arveen_production_login_kiboengage: Test Cases/s-sidebar_navigation/individualAccount/arveen_production_login_kiboengage

2019-04-25 17:16:48 - [TEST_STEP][PASSED] - openBrowser: Browser is opened with url: ''

2019-04-25 17:16:48 - [MESSAGE][WARNING] - A browser is already opened. Closing browser and opening a new one

2019-04-25 17:16:52 - [MESSAGE][PASSED] - Browser is opened with url: ''

2019-04-25 17:16:52 - [TEST_STEP][PASSED] - maximizeWindow: Current window maximized

2019-04-25 17:16:53 - [MESSAGE][PASSED] - Current window maximized

2019-04-25 17:16:53 - [TEST_STEP][PASSED] - navigateToUrl: Navigate to 'https://kiboengage.cloudkibo.com/' successfully

2019-04-25 17:17:13 - [MESSAGE][PASSED] - Navigate to 'https://kiboengage.cloudkibo.com/' successfully

2019-04-25 17:17:13 - [TEST_STEP][PASSED] - navigateToUrl: Navigate to 'https://accounts.cloudkibo.com/?continue=https://kiboengage.cloudkibo.com' successfully

2019-04-25 17:17:15 - [MESSAGE][PASSED] - Navigate to 'https://accounts.cloudkibo.com/?continue=https://kiboengage.cloudkibo.com' successfully

2019-04-25 17:17:15 - [TEST_STEP][PASSED] - click: Object: 'Object Repository/Page_CloudKibo/a_Login (2) (1) (1)' is clicked on

2019-04-25 17:17:16 - [MESSAGE][PASSED] - Object: 'Object Repository/Page_CloudKibo/a_Login (2) (1) (1)' is clicked on

2019-04-25 17:17:16 - [TEST_STEP][PASSED] - setText: Text 'individual@cloudkibo.com' is set on object 'Object Repository/Page_KiboPush/input_email (10) (1) (1)'

2019-04-25 17:17:16 - [MESSAGE][PASSED] - Text 'individual@cloudkibo.com' is set on object 'Object Repository/Page_KiboPush/input_email (10) (1) (1)'

2019-04-25 17:17:16 - [TEST_STEP][PASSED] - setEncryptedText: Text ****** has been set on object 'Object Repository/Page_CloudKibo/input_Sign In_password (7)'

2019-04-25 17:17:18 - [MESSAGE][PASSED] - Text ****** has been set on object 'Object Repository/Page_CloudKibo/input_Sign In_password (7)'

2019-04-25 17:17:18 - [TEST_STEP][PASSED] - click: Object: 'Object Repository/Page_KiboPush/button_Sign In (10) (1) (2)' is clicked on

2019-04-25 17:17:18 - [MESSAGE][PASSED] - Object: 'Object Repository/Page_KiboPush/button_Sign In (10) (1) (2)' is clicked on

2019-04-25 17:17:18 - [TEST_STEP][PASSED] - click: Object: 'Object Repository/Page_KiboPush  Dashboard/h3_Dashboard (57)' is clicked on

2019-04-25 17:17:50 - [MESSAGE][PASSED] - Object: 'Object Repository/Page_KiboPush  Dashboard/h3_Dashboard (57)' is clicked on

2019-04-25 17:17:50 - [TEST_STEP][PASSED] - delay: Delayed 3 second(s)

2019-04-25 17:17:53 - [MESSAGE][PASSED] - Delayed 3 second(s)

2019-04-25 17:17:53 - [TEST_STEP][PASSED] - click: Object: 'Object Repository/Page_KiboEngage  Dashboard/a_SMS (2) (1) (1) (1) (3)' is clicked on

2019-04-25 17:17:53 - [MESSAGE][PASSED] - Object: 'Object Repository/Page_KiboEngage  Dashboard/a_SMS (2) (1) (1) (1) (3)' is clicked on

2019-04-25 17:17:53 - [TEST_STEP][PASSED] - delay: Delayed 2 second(s)

2019-04-25 17:17:55 - [MESSAGE][PASSED] - Delayed 2 second(s)

2019-04-25 17:17:55 - [TEST_STEP][PASSED] - click: Object: 'Object Repository/Page_KiboEngage  Dashboard/span_Messenger (1) (1) (1) (3)' is clicked on

2019-04-25 17:17:55 - [MESSAGE][PASSED] - Object: 'Object Repository/Page_KiboEngage  Dashboard/span_Messenger (1) (1) (1) (3)' is clicked on

2019-04-25 17:17:55 - [TEST_STEP][PASSED] - delay: Delayed 2 second(s)

2019-04-25 17:17:57 - [MESSAGE][PASSED] - Delayed 2 second(s)

2019-04-25 17:17:57 - [MESSAGE][PASSED] - Call Test Case 'Test Cases/s-sidebar_navigation/individualAccount/arveen_production_login_kiboengage' successfully

2019-04-25 17:17:57 - [TEST_STEP][PASSED] - callTestCase: Call Test Case 'Test Cases/Sequence Messaging/open_automation' successfully

2019-04-25 17:17:57 - [TEST_CASE][PASSED] - Test Cases/Sequence Messaging/open_automation: Test Cases/Sequence Messaging/open_automation

2019-04-25 17:17:57 - [TEST_STEP][PASSED] - click: Object: 'Object Repository/Page_KiboPush  Dashboard/span_Automation (1) (1)' is clicked on

2019-04-25 17:17:57 - [MESSAGE][PASSED] - Object: 'Object Repository/Page_KiboPush  Dashboard/span_Automation (1) (1)' is clicked on

2019-04-25 17:17:57 - [TEST_STEP][PASSED] - delay: Delayed 1 second(s)

2019-04-25 17:17:58 - [MESSAGE][PASSED] - Delayed 1 second(s)

2019-04-25 17:17:58 - [MESSAGE][PASSED] - Call Test Case 'Test Cases/Sequence Messaging/open_automation' successfully

2019-04-25 17:17:58 - [TEST_STEP][PASSED] - callTestCase: Call Test Case 'Test Cases/Sequence Messaging/TC1002' successfully

2019-04-25 17:17:59 - [TEST_CASE][PASSED] - Test Cases/Sequence Messaging/TC1002: Test Cases/Sequence Messaging/TC1002

2019-04-25 17:17:59 - [TEST_STEP][PASSED] - callTestCase: Call Test Case 'Test Cases/Sequence Messaging/Test Edit Sequence Button' successfully

2019-04-25 17:17:59 - [TEST_CASE][PASSED] - Test Cases/Sequence Messaging/Test Edit Sequence Button: Test Cases/Sequence Messaging/Test Edit Sequence Button

2019-04-25 17:17:59 - [TEST_STEP][PASSED] - callTestCase: Call Test Case 'Test Cases/Sequence Messaging/TC0980' successfully

2019-04-25 17:17:59 - [TEST_CASE][PASSED] - Test Cases/Sequence Messaging/TC0980: Test Cases/Sequence Messaging/TC0980

2019-04-25 17:17:59 - [TEST_STEP][PASSED] - callTestCase: Call Test Case 'Test Cases/Sequence Messaging/Go_to_Seq_Messaging' successfully

2019-04-25 17:17:59 - [TEST_CASE][PASSED] - Test Cases/Sequence Messaging/Go_to_Seq_Messaging: Test Cases/Sequence Messaging/Go_to_Seq_Messaging

2019-04-25 17:17:59 - [TEST_STEP][PASSED] - callTestCase: Call Test Case 'Test Cases/Sequence Messaging/Login' successfully

2019-04-25 17:17:59 - [TEST_CASE][PASSED] - Test Cases/Sequence Messaging/Login: Test Cases/Sequence Messaging/Login

2019-04-25 17:17:59 - [TEST_STEP][PASSED] - callTestCase: Call Test Case 'Test Cases/s-sidebar_navigation/individualAccount/sequenceMessaging' successfully

2019-04-25 17:17:59 - [TEST_CASE][PASSED] - Test Cases/s-sidebar_navigation/individualAccount/sequenceMessaging: Test Cases/s-sidebar_navigation/individualAccount/sequenceMessaging

2019-04-25 17:17:59 - [TEST_STEP][PASSED] - click: Object: 'Object Repository/Page_KiboPush  Dashboard/span_Autoposting' is clicked on

2019-04-25 17:17:59 - [MESSAGE][PASSED] - Object: 'Object Repository/Page_KiboPush  Dashboard/span_Autoposting' is clicked on

2019-04-25 17:17:59 - [TEST_STEP][PASSED] - delay: Delayed 1 second(s)

2019-04-25 17:18:00 - [MESSAGE][PASSED] - Delayed 1 second(s)

2019-04-25 17:18:00 - [TEST_STEP][PASSED] - click: Object: 'Object Repository/Page_KiboPush  Dashboard/span_Sequence Messaging' is clicked on

2019-04-25 17:18:00 - [MESSAGE][PASSED] - Object: 'Object Repository/Page_KiboPush  Dashboard/span_Sequence Messaging' is clicked on

2019-04-25 17:18:00 - [TEST_STEP][PASSED] - scrollToPosition: Browser is scrolled to position x = 0, y = 0

2019-04-25 17:18:01 - [MESSAGE][PASSED] - Browser is scrolled to position x = 0, y = 0

2019-04-25 17:18:01 - [TEST_STEP][PASSED] - click: Object: 'Object Repository/Page_KiboPush  Sequence Messaging/h3_Sequence Messaging' is clicked on

2019-04-25 17:18:01 - [MESSAGE][PASSED] - Object: 'Object Repository/Page_KiboPush  Sequence Messaging/h3_Sequence Messaging' is clicked on

2019-04-25 17:18:01 - [TEST_STEP][PASSED] - delay: Delayed 1 second(s)

2019-04-25 17:18:02 - [MESSAGE][PASSED] - Delayed 1 second(s)

2019-04-25 17:18:02 - [MESSAGE][PASSED] - Call Test Case 'Test Cases/s-sidebar_navigation/individualAccount/sequenceMessaging' successfully

2019-04-25 17:18:02 - [MESSAGE][PASSED] - Call Test Case 'Test Cases/Sequence Messaging/Login' successfully

2019-04-25 17:18:02 - [MESSAGE][PASSED] - Call Test Case 'Test Cases/Sequence Messaging/Go_to_Seq_Messaging' successfully

2019-04-25 17:18:02 - [TEST_STEP][PASSED] - delay: Delayed 4 second(s)

2019-04-25 17:18:06 - [MESSAGE][PASSED] - Delayed 4 second(s)

2019-04-25 17:18:06 - [MESSAGE][PASSED] - Call Test Case 'Test Cases/Sequence Messaging/TC0980' successfully

2019-04-25 17:18:06 - [TEST_STEP][PASSED] - click: Object: 'Object Repository/Page_KiboPush  Sequence Messaging/span_Edit (2)' is clicked on

2019-04-25 17:18:06 - [MESSAGE][PASSED] - Object: 'Object Repository/Page_KiboPush  Sequence Messaging/span_Edit (2)' is clicked on

2019-04-25 17:18:06 - [TEST_STEP][PASSED] - delay: Delayed 2 second(s)

2019-04-25 17:18:08 - [MESSAGE][PASSED] - Delayed 2 second(s)

2019-04-25 17:18:08 - [MESSAGE][PASSED] - Call Test Case 'Test Cases/Sequence Messaging/Test Edit Sequence Button' successfully

2019-04-25 17:18:08 - [TEST_STEP][PASSED] - delay: Delayed 2 second(s)

2019-04-25 17:18:10 - [MESSAGE][PASSED] - Delayed 2 second(s)

2019-04-25 17:18:10 - [TEST_STEP][PASSED] - click: Object: 'Object Repository/Page_KiboPush  Sequence Messaging/span_-- Edit (6)' is clicked on

2019-04-25 17:18:10 - [MESSAGE][PASSED] - Object: 'Object Repository/Page_KiboPush  Sequence Messaging/span_-- Edit (6)' is clicked on

2019-04-25 17:18:10 - [TEST_STEP][PASSED] - delay: Delayed 2 second(s)

2019-04-25 17:18:12 - [MESSAGE][PASSED] - Delayed 2 second(s)

2019-04-25 17:18:12 - [MESSAGE][PASSED] - Call Test Case 'Test Cases/Sequence Messaging/TC1002' successfully

2019-04-25 17:18:12 - [TEST_STEP][PASSED] - selectOptionByValue: All options with value 'page' are selected in object 'Object Repository/Page_KiboPush  Sequence Messaging/select_Select ConditionFirst N (2) (1) (1)'  using regular expression

2019-04-25 17:18:13 - [MESSAGE][PASSED] - All options with value 'page' are selected in object 'Object Repository/Page_KiboPush  Sequence Messaging/select_Select ConditionFirst N (2) (1) (1)'  using regular expression

2019-04-25 17:18:13 - [TEST_STEP][PASSED] - selectOptionByValue: All options with value 'is' are selected in object 'Object Repository/Page_KiboPush  Sequence Messaging/select_Select Criteriais (1) (1)'  using regular expression

2019-04-25 17:18:13 - [MESSAGE][PASSED] - All options with value 'is' are selected in object 'Object Repository/Page_KiboPush  Sequence Messaging/select_Select Criteriais (1) (1)'  using regular expression

2019-04-25 17:18:13 - [TEST_STEP][PASSED] - selectOptionByValue: All options with value '2090553931018635' are selected in object 'Object Repository/Page_KiboEngage  Edit Sequence/select_Select a PageTest5Educa'  using regular expression

2019-04-25 17:18:13 - [MESSAGE][PASSED] - All options with value '2090553931018635' are selected in object 'Object Repository/Page_KiboEngage  Edit Sequence/select_Select a PageTest5Educa'  using regular expression

2019-04-25 17:18:13 - [TEST_STEP][PASSED] - click: Object: 'Object Repository/Page_KiboEngage  Edit Sequence/button_Save' is clicked on

2019-04-25 17:18:13 - [MESSAGE][PASSED] - Object: 'Object Repository/Page_KiboEngage  Edit Sequence/button_Save' is clicked on]]></system-out>
         <system-err><![CDATA[]]></system-err>
      </testcase>
      <testcase name="Test Cases/Sequence Messaging/TC1005" classname="Test Cases/Sequence Messaging/TC1005" status="PASSED">
         <system-out><![CDATA[2019-04-25 17:18:13 - [TEST_CASE][PASSED] - Test Cases/Sequence Messaging/TC1005: Test Cases/Sequence Messaging/TC1005

2019-04-25 17:18:13 - [TEST_STEP][PASSED] - callTestCase: Call Test Case 'Test Cases/Sequence Messaging/TC1002' successfully

2019-04-25 17:18:14 - [TEST_CASE][PASSED] - Test Cases/Sequence Messaging/TC1002: Test Cases/Sequence Messaging/TC1002

2019-04-25 17:18:14 - [TEST_STEP][PASSED] - callTestCase: Call Test Case 'Test Cases/Sequence Messaging/Test Edit Sequence Button' successfully

2019-04-25 17:18:14 - [TEST_CASE][PASSED] - Test Cases/Sequence Messaging/Test Edit Sequence Button: Test Cases/Sequence Messaging/Test Edit Sequence Button

2019-04-25 17:18:14 - [TEST_STEP][PASSED] - callTestCase: Call Test Case 'Test Cases/Sequence Messaging/TC0980' successfully

2019-04-25 17:18:14 - [TEST_CASE][PASSED] - Test Cases/Sequence Messaging/TC0980: Test Cases/Sequence Messaging/TC0980

2019-04-25 17:18:14 - [TEST_STEP][PASSED] - callTestCase: Call Test Case 'Test Cases/Sequence Messaging/Go_to_Seq_Messaging' successfully

2019-04-25 17:18:14 - [TEST_CASE][PASSED] - Test Cases/Sequence Messaging/Go_to_Seq_Messaging: Test Cases/Sequence Messaging/Go_to_Seq_Messaging

2019-04-25 17:18:14 - [TEST_STEP][PASSED] - callTestCase: Call Test Case 'Test Cases/Sequence Messaging/Login' successfully

2019-04-25 17:18:14 - [TEST_CASE][PASSED] - Test Cases/Sequence Messaging/Login: Test Cases/Sequence Messaging/Login

2019-04-25 17:18:14 - [TEST_STEP][PASSED] - callTestCase: Call Test Case 'Test Cases/s-sidebar_navigation/individualAccount/sequenceMessaging' successfully

2019-04-25 17:18:14 - [TEST_CASE][PASSED] - Test Cases/s-sidebar_navigation/individualAccount/sequenceMessaging: Test Cases/s-sidebar_navigation/individualAccount/sequenceMessaging

2019-04-25 17:18:14 - [TEST_STEP][PASSED] - click: Object: 'Object Repository/Page_KiboPush  Dashboard/span_Autoposting' is clicked on

2019-04-25 17:18:14 - [MESSAGE][PASSED] - Object: 'Object Repository/Page_KiboPush  Dashboard/span_Autoposting' is clicked on

2019-04-25 17:18:14 - [TEST_STEP][PASSED] - delay: Delayed 1 second(s)

2019-04-25 17:18:15 - [MESSAGE][PASSED] - Delayed 1 second(s)

2019-04-25 17:18:15 - [TEST_STEP][PASSED] - click: Object: 'Object Repository/Page_KiboPush  Dashboard/span_Sequence Messaging' is clicked on

2019-04-25 17:18:15 - [MESSAGE][PASSED] - Object: 'Object Repository/Page_KiboPush  Dashboard/span_Sequence Messaging' is clicked on

2019-04-25 17:18:15 - [TEST_STEP][PASSED] - scrollToPosition: Browser is scrolled to position x = 0, y = 0

2019-04-25 17:18:15 - [MESSAGE][PASSED] - Browser is scrolled to position x = 0, y = 0

2019-04-25 17:18:15 - [TEST_STEP][PASSED] - click: Object: 'Object Repository/Page_KiboPush  Sequence Messaging/h3_Sequence Messaging' is clicked on

2019-04-25 17:18:16 - [MESSAGE][PASSED] - Object: 'Object Repository/Page_KiboPush  Sequence Messaging/h3_Sequence Messaging' is clicked on

2019-04-25 17:18:16 - [TEST_STEP][PASSED] - delay: Delayed 1 second(s)

2019-04-25 17:18:17 - [MESSAGE][PASSED] - Delayed 1 second(s)

2019-04-25 17:18:17 - [MESSAGE][PASSED] - Call Test Case 'Test Cases/s-sidebar_navigation/individualAccount/sequenceMessaging' successfully

2019-04-25 17:18:17 - [MESSAGE][PASSED] - Call Test Case 'Test Cases/Sequence Messaging/Login' successfully

2019-04-25 17:18:17 - [MESSAGE][PASSED] - Call Test Case 'Test Cases/Sequence Messaging/Go_to_Seq_Messaging' successfully

2019-04-25 17:18:17 - [TEST_STEP][PASSED] - delay: Delayed 4 second(s)

2019-04-25 17:18:21 - [MESSAGE][PASSED] - Delayed 4 second(s)

2019-04-25 17:18:21 - [MESSAGE][PASSED] - Call Test Case 'Test Cases/Sequence Messaging/TC0980' successfully

2019-04-25 17:18:21 - [TEST_STEP][PASSED] - click: Object: 'Object Repository/Page_KiboPush  Sequence Messaging/span_Edit (2)' is clicked on

2019-04-25 17:18:21 - [MESSAGE][PASSED] - Object: 'Object Repository/Page_KiboPush  Sequence Messaging/span_Edit (2)' is clicked on

2019-04-25 17:18:21 - [TEST_STEP][PASSED] - delay: Delayed 2 second(s)

2019-04-25 17:18:23 - [MESSAGE][PASSED] - Delayed 2 second(s)

2019-04-25 17:18:23 - [MESSAGE][PASSED] - Call Test Case 'Test Cases/Sequence Messaging/Test Edit Sequence Button' successfully

2019-04-25 17:18:23 - [TEST_STEP][PASSED] - delay: Delayed 2 second(s)

2019-04-25 17:18:25 - [MESSAGE][PASSED] - Delayed 2 second(s)

2019-04-25 17:18:25 - [TEST_STEP][PASSED] - click: Object: 'Object Repository/Page_KiboPush  Sequence Messaging/span_-- Edit (6)' is clicked on

2019-04-25 17:18:25 - [MESSAGE][PASSED] - Object: 'Object Repository/Page_KiboPush  Sequence Messaging/span_-- Edit (6)' is clicked on

2019-04-25 17:18:25 - [TEST_STEP][PASSED] - delay: Delayed 2 second(s)

2019-04-25 17:18:27 - [MESSAGE][PASSED] - Delayed 2 second(s)

2019-04-25 17:18:27 - [MESSAGE][PASSED] - Call Test Case 'Test Cases/Sequence Messaging/TC1002' successfully

2019-04-25 17:18:27 - [TEST_STEP][PASSED] - selectOptionByValue: All options with value 'gender' are selected in object 'Object Repository/Page_KiboPush  Sequence Messaging/select_Select ConditionFirst N (3)'  using regular expression

2019-04-25 17:18:28 - [MESSAGE][PASSED] - All options with value 'gender' are selected in object 'Object Repository/Page_KiboPush  Sequence Messaging/select_Select ConditionFirst N (3)'  using regular expression

2019-04-25 17:18:28 - [TEST_STEP][PASSED] - selectOptionByValue: All options with value 'male' are selected in object 'Object Repository/Page_KiboPush  Sequence Messaging/select_Select a Gendermalefema'  using regular expression

2019-04-25 17:18:28 - [MESSAGE][PASSED] - All options with value 'male' are selected in object 'Object Repository/Page_KiboPush  Sequence Messaging/select_Select a Gendermalefema'  using regular expression

2019-04-25 17:18:28 - [TEST_STEP][PASSED] - delay: Delayed 2 second(s)

2019-04-25 17:18:30 - [MESSAGE][PASSED] - Delayed 2 second(s)

2019-04-25 17:18:30 - [TEST_STEP][PASSED] - click: Object: 'Object Repository/Page_KiboPush  Sequence Messaging/button_Save (6)' is clicked on

2019-04-25 17:18:30 - [MESSAGE][PASSED] - Object: 'Object Repository/Page_KiboPush  Sequence Messaging/button_Save (6)' is clicked on]]></system-out>
         <system-err><![CDATA[]]></system-err>
      </testcase>
      <testcase name="Test Cases/Sequence Messaging/TC1006" classname="Test Cases/Sequence Messaging/TC1006" status="PASSED">
         <system-out><![CDATA[2019-04-25 17:18:30 - [TEST_CASE][PASSED] - Test Cases/Sequence Messaging/TC1006: Test Cases/Sequence Messaging/TC1006

2019-04-25 17:18:30 - [TEST_STEP][PASSED] - callTestCase: Call Test Case 'Test Cases/Sequence Messaging/TC1002' successfully

2019-04-25 17:18:30 - [TEST_CASE][PASSED] - Test Cases/Sequence Messaging/TC1002: Test Cases/Sequence Messaging/TC1002

2019-04-25 17:18:30 - [TEST_STEP][PASSED] - callTestCase: Call Test Case 'Test Cases/Sequence Messaging/Test Edit Sequence Button' successfully

2019-04-25 17:18:30 - [TEST_CASE][PASSED] - Test Cases/Sequence Messaging/Test Edit Sequence Button: Test Cases/Sequence Messaging/Test Edit Sequence Button

2019-04-25 17:18:30 - [TEST_STEP][PASSED] - callTestCase: Call Test Case 'Test Cases/Sequence Messaging/TC0980' successfully

2019-04-25 17:18:30 - [TEST_CASE][PASSED] - Test Cases/Sequence Messaging/TC0980: Test Cases/Sequence Messaging/TC0980

2019-04-25 17:18:30 - [TEST_STEP][PASSED] - callTestCase: Call Test Case 'Test Cases/Sequence Messaging/Go_to_Seq_Messaging' successfully

2019-04-25 17:18:30 - [TEST_CASE][PASSED] - Test Cases/Sequence Messaging/Go_to_Seq_Messaging: Test Cases/Sequence Messaging/Go_to_Seq_Messaging

2019-04-25 17:18:30 - [TEST_STEP][PASSED] - callTestCase: Call Test Case 'Test Cases/Sequence Messaging/Login' successfully

2019-04-25 17:18:31 - [TEST_CASE][PASSED] - Test Cases/Sequence Messaging/Login: Test Cases/Sequence Messaging/Login

2019-04-25 17:18:31 - [TEST_STEP][PASSED] - callTestCase: Call Test Case 'Test Cases/s-sidebar_navigation/individualAccount/sequenceMessaging' successfully

2019-04-25 17:18:31 - [TEST_CASE][PASSED] - Test Cases/s-sidebar_navigation/individualAccount/sequenceMessaging: Test Cases/s-sidebar_navigation/individualAccount/sequenceMessaging

2019-04-25 17:18:31 - [TEST_STEP][PASSED] - click: Object: 'Object Repository/Page_KiboPush  Dashboard/span_Autoposting' is clicked on

2019-04-25 17:18:31 - [MESSAGE][PASSED] - Object: 'Object Repository/Page_KiboPush  Dashboard/span_Autoposting' is clicked on

2019-04-25 17:18:31 - [TEST_STEP][PASSED] - delay: Delayed 1 second(s)

2019-04-25 17:18:32 - [MESSAGE][PASSED] - Delayed 1 second(s)

2019-04-25 17:18:32 - [TEST_STEP][PASSED] - click: Object: 'Object Repository/Page_KiboPush  Dashboard/span_Sequence Messaging' is clicked on

2019-04-25 17:18:32 - [MESSAGE][PASSED] - Object: 'Object Repository/Page_KiboPush  Dashboard/span_Sequence Messaging' is clicked on

2019-04-25 17:18:32 - [TEST_STEP][PASSED] - scrollToPosition: Browser is scrolled to position x = 0, y = 0

2019-04-25 17:18:32 - [MESSAGE][PASSED] - Browser is scrolled to position x = 0, y = 0

2019-04-25 17:18:32 - [TEST_STEP][PASSED] - click: Object: 'Object Repository/Page_KiboPush  Sequence Messaging/h3_Sequence Messaging' is clicked on

2019-04-25 17:18:32 - [MESSAGE][PASSED] - Object: 'Object Repository/Page_KiboPush  Sequence Messaging/h3_Sequence Messaging' is clicked on

2019-04-25 17:18:32 - [TEST_STEP][PASSED] - delay: Delayed 1 second(s)

2019-04-25 17:18:33 - [MESSAGE][PASSED] - Delayed 1 second(s)

2019-04-25 17:18:33 - [MESSAGE][PASSED] - Call Test Case 'Test Cases/s-sidebar_navigation/individualAccount/sequenceMessaging' successfully

2019-04-25 17:18:33 - [MESSAGE][PASSED] - Call Test Case 'Test Cases/Sequence Messaging/Login' successfully

2019-04-25 17:18:33 - [MESSAGE][PASSED] - Call Test Case 'Test Cases/Sequence Messaging/Go_to_Seq_Messaging' successfully

2019-04-25 17:18:33 - [TEST_STEP][PASSED] - delay: Delayed 4 second(s)

2019-04-25 17:18:38 - [MESSAGE][PASSED] - Delayed 4 second(s)

2019-04-25 17:18:38 - [MESSAGE][PASSED] - Call Test Case 'Test Cases/Sequence Messaging/TC0980' successfully

2019-04-25 17:18:38 - [TEST_STEP][PASSED] - click: Object: 'Object Repository/Page_KiboPush  Sequence Messaging/span_Edit (2)' is clicked on

2019-04-25 17:18:38 - [MESSAGE][PASSED] - Object: 'Object Repository/Page_KiboPush  Sequence Messaging/span_Edit (2)' is clicked on

2019-04-25 17:18:38 - [TEST_STEP][PASSED] - delay: Delayed 2 second(s)

2019-04-25 17:18:40 - [MESSAGE][PASSED] - Delayed 2 second(s)

2019-04-25 17:18:40 - [MESSAGE][PASSED] - Call Test Case 'Test Cases/Sequence Messaging/Test Edit Sequence Button' successfully

2019-04-25 17:18:40 - [TEST_STEP][PASSED] - delay: Delayed 2 second(s)

2019-04-25 17:18:42 - [MESSAGE][PASSED] - Delayed 2 second(s)

2019-04-25 17:18:42 - [TEST_STEP][PASSED] - click: Object: 'Object Repository/Page_KiboPush  Sequence Messaging/span_-- Edit (6)' is clicked on

2019-04-25 17:18:42 - [MESSAGE][PASSED] - Object: 'Object Repository/Page_KiboPush  Sequence Messaging/span_-- Edit (6)' is clicked on

2019-04-25 17:18:42 - [TEST_STEP][PASSED] - delay: Delayed 2 second(s)

2019-04-25 17:18:44 - [MESSAGE][PASSED] - Delayed 2 second(s)

2019-04-25 17:18:44 - [MESSAGE][PASSED] - Call Test Case 'Test Cases/Sequence Messaging/TC1002' successfully

2019-04-25 17:18:44 - [TEST_STEP][PASSED] - selectOptionByValue: All options with value 'locale' are selected in object 'Object Repository/Page_KiboPush  Sequence Messaging/select_Select ConditionFirst N (4) (1) (1)'  using regular expression

2019-04-25 17:18:44 - [MESSAGE][PASSED] - All options with value 'locale' are selected in object 'Object Repository/Page_KiboPush  Sequence Messaging/select_Select ConditionFirst N (4) (1) (1)'  using regular expression

2019-04-25 17:18:44 - [TEST_STEP][PASSED] - selectOptionByValue: All options with value 'en_US' are selected in object 'Object Repository/Page_KiboPush  Sequence Messaging/select_Select a Localeen_USen_ (2)'  using regular expression

2019-04-25 17:18:45 - [MESSAGE][PASSED] - All options with value 'en_US' are selected in object 'Object Repository/Page_KiboPush  Sequence Messaging/select_Select a Localeen_USen_ (2)'  using regular expression

2019-04-25 17:18:45 - [TEST_STEP][PASSED] - click: Object: 'Object Repository/Page_KiboPush  Sequence Messaging/button_Save (17)' is clicked on

2019-04-25 17:18:45 - [MESSAGE][PASSED] - Object: 'Object Repository/Page_KiboPush  Sequence Messaging/button_Save (17)' is clicked on]]></system-out>
         <system-err><![CDATA[]]></system-err>
      </testcase>
      <testcase name="Test Cases/Sequence Messaging/TC1007" classname="Test Cases/Sequence Messaging/TC1007" status="PASSED">
         <system-out><![CDATA[2019-04-25 17:18:45 - [TEST_CASE][PASSED] - Test Cases/Sequence Messaging/TC1007: Test Cases/Sequence Messaging/TC1007

2019-04-25 17:18:45 - [TEST_STEP][PASSED] - callTestCase: Call Test Case 'Test Cases/s-sidebar_navigation/individualAccount/arveen_production_login_kiboengage' successfully

2019-04-25 17:18:45 - [TEST_CASE][PASSED] - Test Cases/s-sidebar_navigation/individualAccount/arveen_production_login_kiboengage: Test Cases/s-sidebar_navigation/individualAccount/arveen_production_login_kiboengage

2019-04-25 17:18:45 - [TEST_STEP][PASSED] - openBrowser: Browser is opened with url: ''

2019-04-25 17:18:45 - [MESSAGE][WARNING] - A browser is already opened. Closing browser and opening a new one

2019-04-25 17:18:49 - [MESSAGE][PASSED] - Browser is opened with url: ''

2019-04-25 17:18:49 - [TEST_STEP][PASSED] - maximizeWindow: Current window maximized

2019-04-25 17:18:50 - [MESSAGE][PASSED] - Current window maximized

2019-04-25 17:18:50 - [TEST_STEP][PASSED] - navigateToUrl: Navigate to 'https://kiboengage.cloudkibo.com/' successfully

2019-04-25 17:19:09 - [MESSAGE][PASSED] - Navigate to 'https://kiboengage.cloudkibo.com/' successfully

2019-04-25 17:19:09 - [TEST_STEP][PASSED] - navigateToUrl: Navigate to 'https://accounts.cloudkibo.com/?continue=https://kiboengage.cloudkibo.com' successfully

2019-04-25 17:19:10 - [MESSAGE][PASSED] - Navigate to 'https://accounts.cloudkibo.com/?continue=https://kiboengage.cloudkibo.com' successfully

2019-04-25 17:19:10 - [TEST_STEP][PASSED] - click: Object: 'Object Repository/Page_CloudKibo/a_Login (2) (1) (1)' is clicked on

2019-04-25 17:19:11 - [MESSAGE][PASSED] - Object: 'Object Repository/Page_CloudKibo/a_Login (2) (1) (1)' is clicked on

2019-04-25 17:19:11 - [TEST_STEP][PASSED] - setText: Text 'individual@cloudkibo.com' is set on object 'Object Repository/Page_KiboPush/input_email (10) (1) (1)'

2019-04-25 17:19:11 - [MESSAGE][PASSED] - Text 'individual@cloudkibo.com' is set on object 'Object Repository/Page_KiboPush/input_email (10) (1) (1)'

2019-04-25 17:19:11 - [TEST_STEP][PASSED] - setEncryptedText: Text ****** has been set on object 'Object Repository/Page_CloudKibo/input_Sign In_password (7)'

2019-04-25 17:19:12 - [MESSAGE][PASSED] - Text ****** has been set on object 'Object Repository/Page_CloudKibo/input_Sign In_password (7)'

2019-04-25 17:19:12 - [TEST_STEP][PASSED] - click: Object: 'Object Repository/Page_KiboPush/button_Sign In (10) (1) (2)' is clicked on

2019-04-25 17:19:12 - [MESSAGE][PASSED] - Object: 'Object Repository/Page_KiboPush/button_Sign In (10) (1) (2)' is clicked on

2019-04-25 17:19:12 - [TEST_STEP][PASSED] - click: Object: 'Object Repository/Page_KiboPush  Dashboard/h3_Dashboard (57)' is clicked on

2019-04-25 17:19:45 - [MESSAGE][PASSED] - Object: 'Object Repository/Page_KiboPush  Dashboard/h3_Dashboard (57)' is clicked on

2019-04-25 17:19:45 - [TEST_STEP][PASSED] - delay: Delayed 3 second(s)

2019-04-25 17:19:48 - [MESSAGE][PASSED] - Delayed 3 second(s)

2019-04-25 17:19:48 - [TEST_STEP][PASSED] - click: Object: 'Object Repository/Page_KiboEngage  Dashboard/a_SMS (2) (1) (1) (1) (3)' is clicked on

2019-04-25 17:19:48 - [MESSAGE][PASSED] - Object: 'Object Repository/Page_KiboEngage  Dashboard/a_SMS (2) (1) (1) (1) (3)' is clicked on

2019-04-25 17:19:48 - [TEST_STEP][PASSED] - delay: Delayed 2 second(s)

2019-04-25 17:19:50 - [MESSAGE][PASSED] - Delayed 2 second(s)

2019-04-25 17:19:50 - [TEST_STEP][PASSED] - click: Object: 'Object Repository/Page_KiboEngage  Dashboard/span_Messenger (1) (1) (1) (3)' is clicked on

2019-04-25 17:19:50 - [MESSAGE][PASSED] - Object: 'Object Repository/Page_KiboEngage  Dashboard/span_Messenger (1) (1) (1) (3)' is clicked on

2019-04-25 17:19:50 - [TEST_STEP][PASSED] - delay: Delayed 2 second(s)

2019-04-25 17:19:52 - [MESSAGE][PASSED] - Delayed 2 second(s)

2019-04-25 17:19:52 - [MESSAGE][PASSED] - Call Test Case 'Test Cases/s-sidebar_navigation/individualAccount/arveen_production_login_kiboengage' successfully

2019-04-25 17:19:52 - [TEST_STEP][PASSED] - callTestCase: Call Test Case 'Test Cases/Sequence Messaging/open_automation' successfully

2019-04-25 17:19:52 - [TEST_CASE][PASSED] - Test Cases/Sequence Messaging/open_automation: Test Cases/Sequence Messaging/open_automation

2019-04-25 17:19:52 - [TEST_STEP][PASSED] - click: Object: 'Object Repository/Page_KiboPush  Dashboard/span_Automation (1) (1)' is clicked on

2019-04-25 17:19:52 - [MESSAGE][PASSED] - Object: 'Object Repository/Page_KiboPush  Dashboard/span_Automation (1) (1)' is clicked on

2019-04-25 17:19:52 - [TEST_STEP][PASSED] - delay: Delayed 1 second(s)

2019-04-25 17:19:53 - [MESSAGE][PASSED] - Delayed 1 second(s)

2019-04-25 17:19:53 - [MESSAGE][PASSED] - Call Test Case 'Test Cases/Sequence Messaging/open_automation' successfully

2019-04-25 17:19:53 - [TEST_STEP][PASSED] - callTestCase: Call Test Case 'Test Cases/Sequence Messaging/TC1002' successfully

2019-04-25 17:19:53 - [TEST_CASE][PASSED] - Test Cases/Sequence Messaging/TC1002: Test Cases/Sequence Messaging/TC1002

2019-04-25 17:19:53 - [TEST_STEP][PASSED] - callTestCase: Call Test Case 'Test Cases/Sequence Messaging/Test Edit Sequence Button' successfully

2019-04-25 17:19:53 - [TEST_CASE][PASSED] - Test Cases/Sequence Messaging/Test Edit Sequence Button: Test Cases/Sequence Messaging/Test Edit Sequence Button

2019-04-25 17:19:53 - [TEST_STEP][PASSED] - callTestCase: Call Test Case 'Test Cases/Sequence Messaging/TC0980' successfully

2019-04-25 17:19:54 - [TEST_CASE][PASSED] - Test Cases/Sequence Messaging/TC0980: Test Cases/Sequence Messaging/TC0980

2019-04-25 17:19:54 - [TEST_STEP][PASSED] - callTestCase: Call Test Case 'Test Cases/Sequence Messaging/Go_to_Seq_Messaging' successfully

2019-04-25 17:19:54 - [TEST_CASE][PASSED] - Test Cases/Sequence Messaging/Go_to_Seq_Messaging: Test Cases/Sequence Messaging/Go_to_Seq_Messaging

2019-04-25 17:19:54 - [TEST_STEP][PASSED] - callTestCase: Call Test Case 'Test Cases/Sequence Messaging/Login' successfully

2019-04-25 17:19:54 - [TEST_CASE][PASSED] - Test Cases/Sequence Messaging/Login: Test Cases/Sequence Messaging/Login

2019-04-25 17:19:54 - [TEST_STEP][PASSED] - callTestCase: Call Test Case 'Test Cases/s-sidebar_navigation/individualAccount/sequenceMessaging' successfully

2019-04-25 17:19:54 - [TEST_CASE][PASSED] - Test Cases/s-sidebar_navigation/individualAccount/sequenceMessaging: Test Cases/s-sidebar_navigation/individualAccount/sequenceMessaging

2019-04-25 17:19:54 - [TEST_STEP][PASSED] - click: Object: 'Object Repository/Page_KiboPush  Dashboard/span_Autoposting' is clicked on

2019-04-25 17:19:54 - [MESSAGE][PASSED] - Object: 'Object Repository/Page_KiboPush  Dashboard/span_Autoposting' is clicked on

2019-04-25 17:19:54 - [TEST_STEP][PASSED] - delay: Delayed 1 second(s)

2019-04-25 17:19:55 - [MESSAGE][PASSED] - Delayed 1 second(s)

2019-04-25 17:19:55 - [TEST_STEP][PASSED] - click: Object: 'Object Repository/Page_KiboPush  Dashboard/span_Sequence Messaging' is clicked on

2019-04-25 17:19:55 - [MESSAGE][PASSED] - Object: 'Object Repository/Page_KiboPush  Dashboard/span_Sequence Messaging' is clicked on

2019-04-25 17:19:55 - [TEST_STEP][PASSED] - scrollToPosition: Browser is scrolled to position x = 0, y = 0

2019-04-25 17:19:55 - [MESSAGE][PASSED] - Browser is scrolled to position x = 0, y = 0

2019-04-25 17:19:55 - [TEST_STEP][PASSED] - click: Object: 'Object Repository/Page_KiboPush  Sequence Messaging/h3_Sequence Messaging' is clicked on

2019-04-25 17:19:55 - [MESSAGE][PASSED] - Object: 'Object Repository/Page_KiboPush  Sequence Messaging/h3_Sequence Messaging' is clicked on

2019-04-25 17:19:55 - [TEST_STEP][PASSED] - delay: Delayed 1 second(s)

2019-04-25 17:19:56 - [MESSAGE][PASSED] - Delayed 1 second(s)

2019-04-25 17:19:56 - [MESSAGE][PASSED] - Call Test Case 'Test Cases/s-sidebar_navigation/individualAccount/sequenceMessaging' successfully

2019-04-25 17:19:56 - [MESSAGE][PASSED] - Call Test Case 'Test Cases/Sequence Messaging/Login' successfully

2019-04-25 17:19:56 - [MESSAGE][PASSED] - Call Test Case 'Test Cases/Sequence Messaging/Go_to_Seq_Messaging' successfully

2019-04-25 17:19:56 - [TEST_STEP][PASSED] - delay: Delayed 4 second(s)

2019-04-25 17:20:00 - [MESSAGE][PASSED] - Delayed 4 second(s)

2019-04-25 17:20:00 - [MESSAGE][PASSED] - Call Test Case 'Test Cases/Sequence Messaging/TC0980' successfully

2019-04-25 17:20:00 - [TEST_STEP][PASSED] - click: Object: 'Object Repository/Page_KiboPush  Sequence Messaging/span_Edit (2)' is clicked on

2019-04-25 17:20:01 - [MESSAGE][PASSED] - Object: 'Object Repository/Page_KiboPush  Sequence Messaging/span_Edit (2)' is clicked on

2019-04-25 17:20:01 - [TEST_STEP][PASSED] - delay: Delayed 2 second(s)

2019-04-25 17:20:03 - [MESSAGE][PASSED] - Delayed 2 second(s)

2019-04-25 17:20:03 - [MESSAGE][PASSED] - Call Test Case 'Test Cases/Sequence Messaging/Test Edit Sequence Button' successfully

2019-04-25 17:20:03 - [TEST_STEP][PASSED] - delay: Delayed 2 second(s)

2019-04-25 17:20:05 - [MESSAGE][PASSED] - Delayed 2 second(s)

2019-04-25 17:20:05 - [TEST_STEP][PASSED] - click: Object: 'Object Repository/Page_KiboPush  Sequence Messaging/span_-- Edit (6)' is clicked on

2019-04-25 17:20:05 - [MESSAGE][PASSED] - Object: 'Object Repository/Page_KiboPush  Sequence Messaging/span_-- Edit (6)' is clicked on

2019-04-25 17:20:05 - [TEST_STEP][PASSED] - delay: Delayed 2 second(s)

2019-04-25 17:20:07 - [MESSAGE][PASSED] - Delayed 2 second(s)

2019-04-25 17:20:07 - [MESSAGE][PASSED] - Call Test Case 'Test Cases/Sequence Messaging/TC1002' successfully

2019-04-25 17:20:07 - [TEST_STEP][PASSED] - selectOptionByValue: All options with value 'tag' are selected in object 'Object Repository/Page_KiboPush  Sequence Messaging/select_Select ConditionFirst N (5) (1) (1) (1)'  using regular expression

2019-04-25 17:20:07 - [MESSAGE][PASSED] - All options with value 'tag' are selected in object 'Object Repository/Page_KiboPush  Sequence Messaging/select_Select ConditionFirst N (5) (1) (1) (1)'  using regular expression

2019-04-25 17:20:07 - [TEST_STEP][PASSED] - selectOptionByValue: All options with value 'is' are selected in object 'Object Repository/Page_KiboEngage  Edit Sequence/select_Select Criteriais'  using regular expression

2019-04-25 17:20:07 - [MESSAGE][PASSED] - All options with value 'is' are selected in object 'Object Repository/Page_KiboEngage  Edit Sequence/select_Select Criteriais'  using regular expression

2019-04-25 17:20:07 - [TEST_STEP][PASSED] - selectOptionByValue: All options with value '5cbd86be9a26741607e22380' are selected in object 'Object Repository/Page_KiboEngage  Edit Sequence/select_Select a Taghello'  using regular expression

2019-04-25 17:20:08 - [MESSAGE][PASSED] - All options with value '5cbd86be9a26741607e22380' are selected in object 'Object Repository/Page_KiboEngage  Edit Sequence/select_Select a Taghello'  using regular expression

2019-04-25 17:20:08 - [TEST_STEP][PASSED] - click: Object: 'Object Repository/Page_KiboEngage  Edit Sequence/button_Save (1)' is clicked on

2019-04-25 17:20:08 - [MESSAGE][PASSED] - Object: 'Object Repository/Page_KiboEngage  Edit Sequence/button_Save (1)' is clicked on]]></system-out>
         <system-err><![CDATA[]]></system-err>
      </testcase>
      <testcase name="Test Cases/Sequence Messaging/TC1008" classname="Test Cases/Sequence Messaging/TC1008" status="PASSED">
         <system-out><![CDATA[2019-04-25 17:20:08 - [TEST_CASE][PASSED] - Test Cases/Sequence Messaging/TC1008: Test Cases/Sequence Messaging/TC1008

2019-04-25 17:20:08 - [TEST_STEP][PASSED] - callTestCase: Call Test Case 'Test Cases/Sequence Messaging/TC1002' successfully

2019-04-25 17:20:08 - [TEST_CASE][PASSED] - Test Cases/Sequence Messaging/TC1002: Test Cases/Sequence Messaging/TC1002

2019-04-25 17:20:08 - [TEST_STEP][PASSED] - callTestCase: Call Test Case 'Test Cases/Sequence Messaging/Test Edit Sequence Button' successfully

2019-04-25 17:20:08 - [TEST_CASE][PASSED] - Test Cases/Sequence Messaging/Test Edit Sequence Button: Test Cases/Sequence Messaging/Test Edit Sequence Button

2019-04-25 17:20:09 - [TEST_STEP][PASSED] - callTestCase: Call Test Case 'Test Cases/Sequence Messaging/TC0980' successfully

2019-04-25 17:20:09 - [TEST_CASE][PASSED] - Test Cases/Sequence Messaging/TC0980: Test Cases/Sequence Messaging/TC0980

2019-04-25 17:20:09 - [TEST_STEP][PASSED] - callTestCase: Call Test Case 'Test Cases/Sequence Messaging/Go_to_Seq_Messaging' successfully

2019-04-25 17:20:09 - [TEST_CASE][PASSED] - Test Cases/Sequence Messaging/Go_to_Seq_Messaging: Test Cases/Sequence Messaging/Go_to_Seq_Messaging

2019-04-25 17:20:09 - [TEST_STEP][PASSED] - callTestCase: Call Test Case 'Test Cases/Sequence Messaging/Login' successfully

2019-04-25 17:20:09 - [TEST_CASE][PASSED] - Test Cases/Sequence Messaging/Login: Test Cases/Sequence Messaging/Login

2019-04-25 17:20:09 - [TEST_STEP][PASSED] - callTestCase: Call Test Case 'Test Cases/s-sidebar_navigation/individualAccount/sequenceMessaging' successfully

2019-04-25 17:20:09 - [TEST_CASE][PASSED] - Test Cases/s-sidebar_navigation/individualAccount/sequenceMessaging: Test Cases/s-sidebar_navigation/individualAccount/sequenceMessaging

2019-04-25 17:20:09 - [TEST_STEP][PASSED] - click: Object: 'Object Repository/Page_KiboPush  Dashboard/span_Autoposting' is clicked on

2019-04-25 17:20:09 - [MESSAGE][PASSED] - Object: 'Object Repository/Page_KiboPush  Dashboard/span_Autoposting' is clicked on

2019-04-25 17:20:09 - [TEST_STEP][PASSED] - delay: Delayed 1 second(s)

2019-04-25 17:20:10 - [MESSAGE][PASSED] - Delayed 1 second(s)

2019-04-25 17:20:10 - [TEST_STEP][PASSED] - click: Object: 'Object Repository/Page_KiboPush  Dashboard/span_Sequence Messaging' is clicked on

2019-04-25 17:20:10 - [MESSAGE][PASSED] - Object: 'Object Repository/Page_KiboPush  Dashboard/span_Sequence Messaging' is clicked on

2019-04-25 17:20:10 - [TEST_STEP][PASSED] - scrollToPosition: Browser is scrolled to position x = 0, y = 0

2019-04-25 17:20:10 - [MESSAGE][PASSED] - Browser is scrolled to position x = 0, y = 0

2019-04-25 17:20:10 - [TEST_STEP][PASSED] - click: Object: 'Object Repository/Page_KiboPush  Sequence Messaging/h3_Sequence Messaging' is clicked on

2019-04-25 17:20:10 - [MESSAGE][PASSED] - Object: 'Object Repository/Page_KiboPush  Sequence Messaging/h3_Sequence Messaging' is clicked on

2019-04-25 17:20:10 - [TEST_STEP][PASSED] - delay: Delayed 1 second(s)

2019-04-25 17:20:11 - [MESSAGE][PASSED] - Delayed 1 second(s)

2019-04-25 17:20:11 - [MESSAGE][PASSED] - Call Test Case 'Test Cases/s-sidebar_navigation/individualAccount/sequenceMessaging' successfully

2019-04-25 17:20:11 - [MESSAGE][PASSED] - Call Test Case 'Test Cases/Sequence Messaging/Login' successfully

2019-04-25 17:20:11 - [MESSAGE][PASSED] - Call Test Case 'Test Cases/Sequence Messaging/Go_to_Seq_Messaging' successfully

2019-04-25 17:20:11 - [TEST_STEP][PASSED] - delay: Delayed 4 second(s)

2019-04-25 17:20:15 - [MESSAGE][PASSED] - Delayed 4 second(s)

2019-04-25 17:20:15 - [MESSAGE][PASSED] - Call Test Case 'Test Cases/Sequence Messaging/TC0980' successfully

2019-04-25 17:20:15 - [TEST_STEP][PASSED] - click: Object: 'Object Repository/Page_KiboPush  Sequence Messaging/span_Edit (2)' is clicked on

2019-04-25 17:20:16 - [MESSAGE][PASSED] - Object: 'Object Repository/Page_KiboPush  Sequence Messaging/span_Edit (2)' is clicked on

2019-04-25 17:20:16 - [TEST_STEP][PASSED] - delay: Delayed 2 second(s)

2019-04-25 17:20:18 - [MESSAGE][PASSED] - Delayed 2 second(s)

2019-04-25 17:20:18 - [MESSAGE][PASSED] - Call Test Case 'Test Cases/Sequence Messaging/Test Edit Sequence Button' successfully

2019-04-25 17:20:18 - [TEST_STEP][PASSED] - delay: Delayed 2 second(s)

2019-04-25 17:20:20 - [MESSAGE][PASSED] - Delayed 2 second(s)

2019-04-25 17:20:20 - [TEST_STEP][PASSED] - click: Object: 'Object Repository/Page_KiboPush  Sequence Messaging/span_-- Edit (6)' is clicked on

2019-04-25 17:20:20 - [MESSAGE][PASSED] - Object: 'Object Repository/Page_KiboPush  Sequence Messaging/span_-- Edit (6)' is clicked on

2019-04-25 17:20:20 - [TEST_STEP][PASSED] - delay: Delayed 2 second(s)

2019-04-25 17:20:22 - [MESSAGE][PASSED] - Delayed 2 second(s)

2019-04-25 17:20:22 - [MESSAGE][PASSED] - Call Test Case 'Test Cases/Sequence Messaging/TC1002' successfully

2019-04-25 17:20:22 - [TEST_STEP][PASSED] - selectOptionByValue: All options with value 'subscription_date' are selected in object 'Object Repository/Page_KiboPush  Sequence Messaging/select_Select ConditionFirst N (6) (1)'  using regular expression

2019-04-25 17:20:22 - [MESSAGE][PASSED] - All options with value 'subscription_date' are selected in object 'Object Repository/Page_KiboPush  Sequence Messaging/select_Select ConditionFirst N (6) (1)'  using regular expression

2019-04-25 17:20:22 - [TEST_STEP][PASSED] - selectOptionByValue: All options with value 'after' are selected in object 'Object Repository/Page_KiboPush  Sequence Messaging/select_Select CriteriaonBefore (1)'  using regular expression

2019-04-25 17:20:23 - [MESSAGE][PASSED] - All options with value 'after' are selected in object 'Object Repository/Page_KiboPush  Sequence Messaging/select_Select CriteriaonBefore (1)'  using regular expression

2019-04-25 17:20:23 - [TEST_STEP][PASSED] - delay: Delayed 2 second(s)

2019-04-25 17:20:25 - [MESSAGE][PASSED] - Delayed 2 second(s)

2019-04-25 17:20:25 - [TEST_STEP][PASSED] - doubleClick: Object: 'Object Repository/Page_KiboPush  Sequence Messaging/input_text' is double clicked on

2019-04-25 17:20:25 - [MESSAGE][PASSED] - Object: 'Object Repository/Page_KiboPush  Sequence Messaging/input_text' is double clicked on

2019-04-25 17:20:25 - [TEST_STEP][PASSED] - click: Object: 'Object Repository/Page_KiboPush  Sequence Messaging/button_Save (15)' is clicked on

2019-04-25 17:20:25 - [MESSAGE][PASSED] - Object: 'Object Repository/Page_KiboPush  Sequence Messaging/button_Save (15)' is clicked on]]></system-out>
         <system-err><![CDATA[]]></system-err>
      </testcase>
      <testcase name="Test Cases/Sequence Messaging/TC1009" classname="Test Cases/Sequence Messaging/TC1009" status="PASSED">
         <system-out><![CDATA[2019-04-25 17:20:25 - [TEST_CASE][PASSED] - Test Cases/Sequence Messaging/TC1009: Test Cases/Sequence Messaging/TC1009

2019-04-25 17:20:25 - [TEST_STEP][PASSED] - callTestCase: Call Test Case 'Test Cases/Sequence Messaging/TC1002' successfully

2019-04-25 17:20:25 - [TEST_CASE][PASSED] - Test Cases/Sequence Messaging/TC1002: Test Cases/Sequence Messaging/TC1002

2019-04-25 17:20:25 - [TEST_STEP][PASSED] - callTestCase: Call Test Case 'Test Cases/Sequence Messaging/Test Edit Sequence Button' successfully

2019-04-25 17:20:25 - [TEST_CASE][PASSED] - Test Cases/Sequence Messaging/Test Edit Sequence Button: Test Cases/Sequence Messaging/Test Edit Sequence Button

2019-04-25 17:20:25 - [TEST_STEP][PASSED] - callTestCase: Call Test Case 'Test Cases/Sequence Messaging/TC0980' successfully

2019-04-25 17:20:25 - [TEST_CASE][PASSED] - Test Cases/Sequence Messaging/TC0980: Test Cases/Sequence Messaging/TC0980

2019-04-25 17:20:25 - [TEST_STEP][PASSED] - callTestCase: Call Test Case 'Test Cases/Sequence Messaging/Go_to_Seq_Messaging' successfully

2019-04-25 17:20:25 - [TEST_CASE][PASSED] - Test Cases/Sequence Messaging/Go_to_Seq_Messaging: Test Cases/Sequence Messaging/Go_to_Seq_Messaging

2019-04-25 17:20:25 - [TEST_STEP][PASSED] - callTestCase: Call Test Case 'Test Cases/Sequence Messaging/Login' successfully

2019-04-25 17:20:26 - [TEST_CASE][PASSED] - Test Cases/Sequence Messaging/Login: Test Cases/Sequence Messaging/Login

2019-04-25 17:20:26 - [TEST_STEP][PASSED] - callTestCase: Call Test Case 'Test Cases/s-sidebar_navigation/individualAccount/sequenceMessaging' successfully

2019-04-25 17:20:26 - [TEST_CASE][PASSED] - Test Cases/s-sidebar_navigation/individualAccount/sequenceMessaging: Test Cases/s-sidebar_navigation/individualAccount/sequenceMessaging

2019-04-25 17:20:26 - [TEST_STEP][PASSED] - click: Object: 'Object Repository/Page_KiboPush  Dashboard/span_Autoposting' is clicked on

2019-04-25 17:20:26 - [MESSAGE][PASSED] - Object: 'Object Repository/Page_KiboPush  Dashboard/span_Autoposting' is clicked on

2019-04-25 17:20:26 - [TEST_STEP][PASSED] - delay: Delayed 1 second(s)

2019-04-25 17:20:27 - [MESSAGE][PASSED] - Delayed 1 second(s)

2019-04-25 17:20:27 - [TEST_STEP][PASSED] - click: Object: 'Object Repository/Page_KiboPush  Dashboard/span_Sequence Messaging' is clicked on

2019-04-25 17:20:27 - [MESSAGE][PASSED] - Object: 'Object Repository/Page_KiboPush  Dashboard/span_Sequence Messaging' is clicked on

2019-04-25 17:20:27 - [TEST_STEP][PASSED] - scrollToPosition: Browser is scrolled to position x = 0, y = 0

2019-04-25 17:20:27 - [MESSAGE][PASSED] - Browser is scrolled to position x = 0, y = 0

2019-04-25 17:20:27 - [TEST_STEP][PASSED] - click: Object: 'Object Repository/Page_KiboPush  Sequence Messaging/h3_Sequence Messaging' is clicked on

2019-04-25 17:20:27 - [MESSAGE][PASSED] - Object: 'Object Repository/Page_KiboPush  Sequence Messaging/h3_Sequence Messaging' is clicked on

2019-04-25 17:20:27 - [TEST_STEP][PASSED] - delay: Delayed 1 second(s)

2019-04-25 17:20:28 - [MESSAGE][PASSED] - Delayed 1 second(s)

2019-04-25 17:20:28 - [MESSAGE][PASSED] - Call Test Case 'Test Cases/s-sidebar_navigation/individualAccount/sequenceMessaging' successfully

2019-04-25 17:20:28 - [MESSAGE][PASSED] - Call Test Case 'Test Cases/Sequence Messaging/Login' successfully

2019-04-25 17:20:28 - [MESSAGE][PASSED] - Call Test Case 'Test Cases/Sequence Messaging/Go_to_Seq_Messaging' successfully

2019-04-25 17:20:28 - [TEST_STEP][PASSED] - delay: Delayed 4 second(s)

2019-04-25 17:20:32 - [MESSAGE][PASSED] - Delayed 4 second(s)

2019-04-25 17:20:32 - [MESSAGE][PASSED] - Call Test Case 'Test Cases/Sequence Messaging/TC0980' successfully

2019-04-25 17:20:32 - [TEST_STEP][PASSED] - click: Object: 'Object Repository/Page_KiboPush  Sequence Messaging/span_Edit (2)' is clicked on

2019-04-25 17:20:33 - [MESSAGE][PASSED] - Object: 'Object Repository/Page_KiboPush  Sequence Messaging/span_Edit (2)' is clicked on

2019-04-25 17:20:33 - [TEST_STEP][PASSED] - delay: Delayed 2 second(s)

2019-04-25 17:20:35 - [MESSAGE][PASSED] - Delayed 2 second(s)

2019-04-25 17:20:35 - [MESSAGE][PASSED] - Call Test Case 'Test Cases/Sequence Messaging/Test Edit Sequence Button' successfully

2019-04-25 17:20:35 - [TEST_STEP][PASSED] - delay: Delayed 2 second(s)

2019-04-25 17:20:37 - [MESSAGE][PASSED] - Delayed 2 second(s)

2019-04-25 17:20:37 - [TEST_STEP][PASSED] - click: Object: 'Object Repository/Page_KiboPush  Sequence Messaging/span_-- Edit (6)' is clicked on

2019-04-25 17:20:37 - [MESSAGE][PASSED] - Object: 'Object Repository/Page_KiboPush  Sequence Messaging/span_-- Edit (6)' is clicked on

2019-04-25 17:20:37 - [TEST_STEP][PASSED] - delay: Delayed 2 second(s)

2019-04-25 17:20:39 - [MESSAGE][PASSED] - Delayed 2 second(s)

2019-04-25 17:20:39 - [MESSAGE][PASSED] - Call Test Case 'Test Cases/Sequence Messaging/TC1002' successfully

2019-04-25 17:20:39 - [TEST_STEP][PASSED] - click: Object: 'Object Repository/Page_KiboPush  Sequence Messaging/button_ Add Condition (1)' is clicked on

2019-04-25 17:20:39 - [MESSAGE][PASSED] - Object: 'Object Repository/Page_KiboPush  Sequence Messaging/button_ Add Condition (1)' is clicked on

2019-04-25 17:20:39 - [TEST_STEP][PASSED] - click: Object: 'Object Repository/Page_KiboPush  Sequence Messaging/button_Save (10)' is clicked on

2019-04-25 17:20:39 - [MESSAGE][PASSED] - Object: 'Object Repository/Page_KiboPush  Sequence Messaging/button_Save (10)' is clicked on]]></system-out>
         <system-err><![CDATA[]]></system-err>
      </testcase>
      <testcase name="Test Cases/Sequence Messaging/TC1011" classname="Test Cases/Sequence Messaging/TC1011" status="PASSED">
         <system-out><![CDATA[2019-04-25 17:20:39 - [TEST_CASE][PASSED] - Test Cases/Sequence Messaging/TC1011: Test Cases/Sequence Messaging/TC1011

2019-04-25 17:20:39 - [TEST_STEP][PASSED] - callTestCase: Call Test Case 'Test Cases/Sequence Messaging/TC0980' successfully

2019-04-25 17:20:40 - [TEST_CASE][PASSED] - Test Cases/Sequence Messaging/TC0980: Test Cases/Sequence Messaging/TC0980

2019-04-25 17:20:40 - [TEST_STEP][PASSED] - callTestCase: Call Test Case 'Test Cases/Sequence Messaging/Go_to_Seq_Messaging' successfully

2019-04-25 17:20:40 - [TEST_CASE][PASSED] - Test Cases/Sequence Messaging/Go_to_Seq_Messaging: Test Cases/Sequence Messaging/Go_to_Seq_Messaging

2019-04-25 17:20:40 - [TEST_STEP][PASSED] - callTestCase: Call Test Case 'Test Cases/Sequence Messaging/Login' successfully

2019-04-25 17:20:40 - [TEST_CASE][PASSED] - Test Cases/Sequence Messaging/Login: Test Cases/Sequence Messaging/Login

2019-04-25 17:20:40 - [TEST_STEP][PASSED] - callTestCase: Call Test Case 'Test Cases/s-sidebar_navigation/individualAccount/sequenceMessaging' successfully

2019-04-25 17:20:40 - [TEST_CASE][PASSED] - Test Cases/s-sidebar_navigation/individualAccount/sequenceMessaging: Test Cases/s-sidebar_navigation/individualAccount/sequenceMessaging

2019-04-25 17:20:40 - [TEST_STEP][PASSED] - click: Object: 'Object Repository/Page_KiboPush  Dashboard/span_Autoposting' is clicked on

2019-04-25 17:20:40 - [MESSAGE][PASSED] - Object: 'Object Repository/Page_KiboPush  Dashboard/span_Autoposting' is clicked on

2019-04-25 17:20:40 - [TEST_STEP][PASSED] - delay: Delayed 1 second(s)

2019-04-25 17:20:41 - [MESSAGE][PASSED] - Delayed 1 second(s)

2019-04-25 17:20:41 - [TEST_STEP][PASSED] - click: Object: 'Object Repository/Page_KiboPush  Dashboard/span_Sequence Messaging' is clicked on

2019-04-25 17:20:41 - [MESSAGE][PASSED] - Object: 'Object Repository/Page_KiboPush  Dashboard/span_Sequence Messaging' is clicked on

2019-04-25 17:20:41 - [TEST_STEP][PASSED] - scrollToPosition: Browser is scrolled to position x = 0, y = 0

2019-04-25 17:20:41 - [MESSAGE][PASSED] - Browser is scrolled to position x = 0, y = 0

2019-04-25 17:20:41 - [TEST_STEP][PASSED] - click: Object: 'Object Repository/Page_KiboPush  Sequence Messaging/h3_Sequence Messaging' is clicked on

2019-04-25 17:20:42 - [MESSAGE][PASSED] - Object: 'Object Repository/Page_KiboPush  Sequence Messaging/h3_Sequence Messaging' is clicked on

2019-04-25 17:20:42 - [TEST_STEP][PASSED] - delay: Delayed 1 second(s)

2019-04-25 17:20:43 - [MESSAGE][PASSED] - Delayed 1 second(s)

2019-04-25 17:20:43 - [MESSAGE][PASSED] - Call Test Case 'Test Cases/s-sidebar_navigation/individualAccount/sequenceMessaging' successfully

2019-04-25 17:20:43 - [MESSAGE][PASSED] - Call Test Case 'Test Cases/Sequence Messaging/Login' successfully

2019-04-25 17:20:43 - [MESSAGE][PASSED] - Call Test Case 'Test Cases/Sequence Messaging/Go_to_Seq_Messaging' successfully

2019-04-25 17:20:43 - [TEST_STEP][PASSED] - delay: Delayed 4 second(s)

2019-04-25 17:20:47 - [MESSAGE][PASSED] - Delayed 4 second(s)

2019-04-25 17:20:47 - [MESSAGE][PASSED] - Call Test Case 'Test Cases/Sequence Messaging/TC0980' successfully

2019-04-25 17:20:47 - [TEST_STEP][PASSED] - click: Object: 'Object Repository/Page_KiboPush  Sequence Messaging/span_Edit (1) (1)' is clicked on

2019-04-25 17:20:47 - [MESSAGE][PASSED] - Object: 'Object Repository/Page_KiboPush  Sequence Messaging/span_Edit (1) (1)' is clicked on

2019-04-25 17:20:47 - [TEST_STEP][PASSED] - delay: Delayed 2 second(s)

2019-04-25 17:20:49 - [MESSAGE][PASSED] - Delayed 2 second(s)

2019-04-25 17:20:49 - [TEST_STEP][PASSED] - click: Object: 'Object Repository/Page_KiboPush  Sequence Messaging/Delete Message Icon (1)' is clicked on

2019-04-25 17:20:49 - [MESSAGE][PASSED] - Object: 'Object Repository/Page_KiboPush  Sequence Messaging/Delete Message Icon (1)' is clicked on

2019-04-25 17:20:49 - [TEST_STEP][PASSED] - click: Object: 'Object Repository/Page_KiboPush  Sequence Messaging/button_Delete (3) (1)' is clicked on

2019-04-25 17:20:49 - [MESSAGE][PASSED] - Object: 'Object Repository/Page_KiboPush  Sequence Messaging/button_Delete (3) (1)' is clicked on

2019-04-25 17:20:49 - [TEST_STEP][PASSED] - delay: Delayed 4 second(s)

2019-04-25 17:20:53 - [MESSAGE][PASSED] - Delayed 4 second(s)

2019-04-25 17:20:53 - [TEST_STEP][PASSED] - scrollToPosition: Browser is scrolled to position x = 0, y = 0

2019-04-25 17:20:53 - [MESSAGE][PASSED] - Browser is scrolled to position x = 0, y = 0

2019-04-25 17:20:53 - [TEST_STEP][PASSED] - click: Object: 'Object Repository/Page_KiboPush  Sequence Messaging/button_Add Message (1) (1)' is clicked on

2019-04-25 17:20:53 - [MESSAGE][PASSED] - Object: 'Object Repository/Page_KiboPush  Sequence Messaging/button_Add Message (1) (1)' is clicked on

2019-04-25 17:20:53 - [TEST_STEP][PASSED] - delay: Delayed 2 second(s)

2019-04-25 17:20:55 - [MESSAGE][PASSED] - Delayed 2 second(s)

2019-04-25 17:20:55 - [TEST_STEP][PASSED] - click: Object: 'Object Repository/Page_KiboPush  Sequence Messaging/span_New Message (4) (1)' is clicked on

2019-04-25 17:20:56 - [MESSAGE][PASSED] - Object: 'Object Repository/Page_KiboPush  Sequence Messaging/span_New Message (4) (1)' is clicked on

2019-04-25 17:20:56 - [TEST_STEP][PASSED] - delay: Delayed 3 second(s)

2019-04-25 17:20:59 - [MESSAGE][PASSED] - Delayed 3 second(s)

2019-04-25 17:20:59 - [TEST_STEP][PASSED] - click: Object: 'Object Repository/Page_KiboPush  Edit Message/i_New Message_convoTitle (3) (1)' is clicked on

2019-04-25 17:20:59 - [MESSAGE][PASSED] - Object: 'Object Repository/Page_KiboPush  Edit Message/i_New Message_convoTitle (3) (1)' is clicked on

2019-04-25 17:20:59 - [TEST_STEP][PASSED] - delay: Delayed 2 second(s)

2019-04-25 17:21:01 - [MESSAGE][PASSED] - Delayed 2 second(s)

2019-04-25 17:21:01 - [TEST_STEP][PASSED] - setText: Text 'Message1' is set on object 'Object Repository/Page_KiboPush  Edit Message/input_Rename_form-control (3) (1)'

2019-04-25 17:21:01 - [MESSAGE][PASSED] - Text 'Message1' is set on object 'Object Repository/Page_KiboPush  Edit Message/input_Rename_form-control (3) (1)'

2019-04-25 17:21:01 - [TEST_STEP][PASSED] - scrollToElement: Scroll to object 'Object Repository/Page_KiboPush  Edit Message/div_View Facebook guidelines r (1) (1)' successfully

2019-04-25 17:21:01 - [MESSAGE][PASSED] - Scroll to object 'Object Repository/Page_KiboPush  Edit Message/div_View Facebook guidelines r (1) (1)' successfully

2019-04-25 17:21:01 - [TEST_STEP][PASSED] - click: Object: 'Object Repository/Page_KiboPush  Edit Message/button_Save (3) (1)' is clicked on

2019-04-25 17:21:01 - [MESSAGE][PASSED] - Object: 'Object Repository/Page_KiboPush  Edit Message/button_Save (3) (1)' is clicked on

2019-04-25 17:21:01 - [TEST_STEP][PASSED] - delay: Delayed 3 second(s)

2019-04-25 17:21:04 - [MESSAGE][PASSED] - Delayed 3 second(s)

2019-04-25 17:21:04 - [TEST_STEP][PASSED] - click: Object: 'Object Repository/Page_KiboPush  Edit Message/div_Text (2) (1)' is clicked on

2019-04-25 17:21:05 - [MESSAGE][PASSED] - Object: 'Object Repository/Page_KiboPush  Edit Message/div_Text (2) (1)' is clicked on

2019-04-25 17:21:05 - [TEST_STEP][PASSED] - setText: Text 'Text1' is set on object 'Object Repository/Page_KiboPush  Edit Message/Set Text Component (2) (1)'

2019-04-25 17:21:05 - [MESSAGE][PASSED] - Text 'Text1' is set on object 'Object Repository/Page_KiboPush  Edit Message/Set Text Component (2) (1)'

2019-04-25 17:21:05 - [TEST_STEP][PASSED] - click: Object: 'Object Repository/Page_KiboPush  Edit Message/h6_ Add Button (1)' is clicked on

2019-04-25 17:21:05 - [MESSAGE][PASSED] - Object: 'Object Repository/Page_KiboPush  Edit Message/h6_ Add Button (1)' is clicked on

2019-04-25 17:21:05 - [TEST_STEP][PASSED] - setText: Text 'Button1' is set on object 'Object Repository/Page_KiboPush  Edit Message/input_Button Title_form-contro (1)'

2019-04-25 17:21:05 - [MESSAGE][PASSED] - Text 'Button1' is set on object 'Object Repository/Page_KiboPush  Edit Message/input_Button Title_form-contro (1)'

2019-04-25 17:21:05 - [TEST_STEP][PASSED] - click: Object: 'Object Repository/Page_KiboPush  Edit Message/h7_Open a website' is clicked on

2019-04-25 17:21:05 - [MESSAGE][PASSED] - Object: 'Object Repository/Page_KiboPush  Edit Message/h7_Open a website' is clicked on

2019-04-25 17:21:05 - [TEST_STEP][PASSED] - setText: Text 'www.google.com' is set on object 'Object Repository/Page_KiboPush  Edit Message/input_form-control'

2019-04-25 17:21:06 - [MESSAGE][PASSED] - Text 'www.google.com' is set on object 'Object Repository/Page_KiboPush  Edit Message/input_form-control'

2019-04-25 17:21:06 - [TEST_STEP][PASSED] - click: Object: 'Object Repository/Page_KiboPush  Edit Message/button_Done (1)' is clicked on

2019-04-25 17:21:06 - [MESSAGE][PASSED] - Object: 'Object Repository/Page_KiboPush  Edit Message/button_Done (1)' is clicked on

2019-04-25 17:21:06 - [TEST_STEP][PASSED] - scrollToPosition: Browser is scrolled to position x = 0, y = 0

2019-04-25 17:21:06 - [MESSAGE][PASSED] - Browser is scrolled to position x = 0, y = 0

2019-04-25 17:21:06 - [TEST_STEP][PASSED] - click: Object: 'Object Repository/Page_KiboPush  Edit Message/button_Save_1 (3)' is clicked on

2019-04-25 17:21:06 - [MESSAGE][PASSED] - Object: 'Object Repository/Page_KiboPush  Edit Message/button_Save_1 (3)' is clicked on

2019-04-25 17:21:06 - [TEST_STEP][PASSED] - click: Object: 'Object Repository/Page_KiboPush  Edit Message/a_Back (3)' is clicked on

2019-04-25 17:21:06 - [MESSAGE][PASSED] - Object: 'Object Repository/Page_KiboPush  Edit Message/a_Back (3)' is clicked on]]></system-out>
         <system-err><![CDATA[]]></system-err>
      </testcase>
      <system-out><![CDATA[2019-04-25 17:10:36 - [TEST_SUITE][PASSED] - seq_message: Test Cases/Sequence Messaging/TC1011]]></system-out>
      <system-err><![CDATA[]]></system-err>
   </testsuite>
</testsuites>
