<?xml version="1.0" encoding="UTF-8"?>
<testsuites name="Autoposting" time="217" tests="23" failures="4" errors="0">
   <testsuite name="Autoposting" tests="23" failures="4" errors="0" time="217" timestamp="2019-04-25 17:27:24" hostname="cloudkibo - 10.0.2.15" id="Test Suites/Autoposting">
      <properties>
         <property name="deviceName" value=""/>
         <property name="devicePlatform" value=""/>
         <property name="logFolder" value="C:\\Users\\cloudkibo\\Desktop\\KiboPush_Automated_Testing\\KiboPush Katalon\\Reports\\Autoposting\\20190425_170238"/>
         <property name="logFiles" value="C:\\Users\\cloudkibo\\Desktop\\KiboPush_Automated_Testing\\KiboPush Katalon\\Reports\\Autoposting\\20190425_170238\\execution0.log"/>
         <property name="attachments" value="C:\\Users\\cloudkibo\\Desktop\\KiboPush_Automated_Testing\\KiboPush Katalon\\Reports\\Autoposting\\20190425_170238\\1556195415599.png, C:\\Users\\cloudkibo\\Desktop\\KiboPush_Automated_Testing\\KiboPush Katalon\\Reports\\Autoposting\\20190425_170238\\1556195423532.png, C:\\Users\\cloudkibo\\Desktop\\KiboPush_Automated_Testing\\KiboPush Katalon\\Reports\\Autoposting\\20190425_170238\\1556195435376.png, C:\\Users\\cloudkibo\\Desktop\\KiboPush_Automated_Testing\\KiboPush Katalon\\Reports\\Autoposting\\20190425_170238\\1556195460657.png"/>
         <property name="hostName" value="cloudkibo - 10.0.2.15"/>
         <property name="os" value="Windows 10 64bit"/>
         <property name="katalonVersion" value="5.6.0.1"/>
         <property name="browser" value="Chrome 73.0.3683.103"/>
         <property name="hostAddress" value="10.0.2.15"/>
         <property name="sessionId" value="7cef09f0fafe84b74d7fa56e6e671aff"/>
         <property name="seleniumVersion" value="3.7.1"/>
         <property name="proxyInformation" value="ProxyInformation{proxyOption=NO_PROXY, proxyServerType=HTTP, password=, proxyServerAddress=, proxyServerPort=0}"/>
         <property name="platform" value="Windows 10"/>
      </properties>
      <testcase name="Test Cases/s-sidebar_navigation/individualAccount/arveen_production_login_kiboengage" classname="Test Cases/s-sidebar_navigation/individualAccount/arveen_production_login_kiboengage" status="PASSED">
         <system-out><![CDATA[2019-04-25 17:27:25 - [TEST_CASE][PASSED] - Test Cases/s-sidebar_navigation/individualAccount/arveen_production_login_kiboengage: Test Cases/s-sidebar_navigation/individualAccount/arveen_production_login_kiboengage

2019-04-25 17:27:27 - [TEST_STEP][PASSED] - openBrowser: Browser is opened with url: ''

2019-04-25 17:27:32 - [MESSAGE][PASSED] - Browser is opened with url: ''

2019-04-25 17:27:32 - [TEST_STEP][PASSED] - maximizeWindow: Current window maximized

2019-04-25 17:27:33 - [MESSAGE][PASSED] - Current window maximized

2019-04-25 17:27:33 - [TEST_STEP][PASSED] - navigateToUrl: Navigate to 'https://kiboengage.cloudkibo.com/' successfully

2019-04-25 17:27:58 - [MESSAGE][PASSED] - Navigate to 'https://kiboengage.cloudkibo.com/' successfully

2019-04-25 17:27:58 - [TEST_STEP][PASSED] - navigateToUrl: Navigate to 'https://accounts.cloudkibo.com/?continue=https://kiboengage.cloudkibo.com' successfully

2019-04-25 17:27:59 - [MESSAGE][PASSED] - Navigate to 'https://accounts.cloudkibo.com/?continue=https://kiboengage.cloudkibo.com' successfully

2019-04-25 17:27:59 - [TEST_STEP][PASSED] - click: Object: 'Object Repository/Page_CloudKibo/a_Login (2) (1) (1)' is clicked on

2019-04-25 17:28:00 - [MESSAGE][PASSED] - Object: 'Object Repository/Page_CloudKibo/a_Login (2) (1) (1)' is clicked on

2019-04-25 17:28:00 - [TEST_STEP][PASSED] - setText: Text 'individual@cloudkibo.com' is set on object 'Object Repository/Page_KiboPush/input_email (10) (1) (1)'

2019-04-25 17:28:00 - [MESSAGE][PASSED] - Text 'individual@cloudkibo.com' is set on object 'Object Repository/Page_KiboPush/input_email (10) (1) (1)'

2019-04-25 17:28:00 - [TEST_STEP][PASSED] - setEncryptedText: Text ****** has been set on object 'Object Repository/Page_CloudKibo/input_Sign In_password (7)'

2019-04-25 17:28:01 - [MESSAGE][PASSED] - Text ****** has been set on object 'Object Repository/Page_CloudKibo/input_Sign In_password (7)'

2019-04-25 17:28:01 - [TEST_STEP][PASSED] - click: Object: 'Object Repository/Page_KiboPush/button_Sign In (10) (1) (2)' is clicked on

2019-04-25 17:28:01 - [MESSAGE][PASSED] - Object: 'Object Repository/Page_KiboPush/button_Sign In (10) (1) (2)' is clicked on

2019-04-25 17:28:01 - [TEST_STEP][PASSED] - click: Object: 'Object Repository/Page_KiboPush  Dashboard/h3_Dashboard (57)' is clicked on

2019-04-25 17:28:17 - [MESSAGE][PASSED] - Object: 'Object Repository/Page_KiboPush  Dashboard/h3_Dashboard (57)' is clicked on

2019-04-25 17:28:17 - [TEST_STEP][PASSED] - delay: Delayed 3 second(s)

2019-04-25 17:28:20 - [MESSAGE][PASSED] - Delayed 3 second(s)

2019-04-25 17:28:20 - [TEST_STEP][PASSED] - click: Object: 'Object Repository/Page_KiboEngage  Dashboard/a_SMS (2) (1) (1) (1) (3)' is clicked on

2019-04-25 17:28:20 - [MESSAGE][PASSED] - Object: 'Object Repository/Page_KiboEngage  Dashboard/a_SMS (2) (1) (1) (1) (3)' is clicked on

2019-04-25 17:28:20 - [TEST_STEP][PASSED] - delay: Delayed 2 second(s)

2019-04-25 17:28:22 - [MESSAGE][PASSED] - Delayed 2 second(s)

2019-04-25 17:28:22 - [TEST_STEP][PASSED] - click: Object: 'Object Repository/Page_KiboEngage  Dashboard/span_Messenger (1) (1) (1) (3)' is clicked on

2019-04-25 17:28:22 - [MESSAGE][PASSED] - Object: 'Object Repository/Page_KiboEngage  Dashboard/span_Messenger (1) (1) (1) (3)' is clicked on

2019-04-25 17:28:22 - [TEST_STEP][PASSED] - delay: Delayed 2 second(s)

2019-04-25 17:28:24 - [MESSAGE][PASSED] - Delayed 2 second(s)]]></system-out>
         <system-err><![CDATA[]]></system-err>
      </testcase>
      <testcase name="Test Cases/Autoposting TestCases/open automation" classname="Test Cases/Autoposting TestCases/open automation" status="PASSED">
         <system-out><![CDATA[2019-04-25 17:28:24 - [TEST_CASE][PASSED] - Test Cases/Autoposting TestCases/open automation: Test Cases/Autoposting TestCases/open automation

2019-04-25 17:28:24 - [TEST_STEP][PASSED] - click: Object: 'Object Repository/Page_KiboPush  Dashboard/span_Automation (1) (1)' is clicked on

2019-04-25 17:28:25 - [MESSAGE][PASSED] - Object: 'Object Repository/Page_KiboPush  Dashboard/span_Automation (1) (1)' is clicked on

2019-04-25 17:28:25 - [TEST_STEP][PASSED] - delay: Delayed 1 second(s)

2019-04-25 17:28:26 - [MESSAGE][PASSED] - Delayed 1 second(s)]]></system-out>
         <system-err><![CDATA[]]></system-err>
      </testcase>
      <testcase name="Test Cases/Autoposting TestCases/TC0369" classname="Test Cases/Autoposting TestCases/TC0369" status="PASSED">
         <system-out><![CDATA[2019-04-25 17:28:26 - [TEST_CASE][PASSED] - Test Cases/Autoposting TestCases/TC0369: Test Cases/Autoposting TestCases/TC0369

2019-04-25 17:28:26 - [TEST_STEP][PASSED] - callTestCase: Call Test Case 'Test Cases/s-sidebar_navigation/individualAccount/Autoposting' successfully

2019-04-25 17:28:26 - [TEST_CASE][PASSED] - Test Cases/s-sidebar_navigation/individualAccount/Autoposting: Test Cases/s-sidebar_navigation/individualAccount/Autoposting

2019-04-25 17:28:26 - [TEST_STEP][PASSED] - click: Object: 'Object Repository/Page_KiboPush  Dashboard/span_Sequence Messaging' is clicked on

2019-04-25 17:28:27 - [MESSAGE][PASSED] - Object: 'Object Repository/Page_KiboPush  Dashboard/span_Sequence Messaging' is clicked on

2019-04-25 17:28:27 - [TEST_STEP][PASSED] - delay: Delayed 1 second(s)

2019-04-25 17:28:28 - [MESSAGE][PASSED] - Delayed 1 second(s)

2019-04-25 17:28:28 - [TEST_STEP][PASSED] - click: Object: 'Object Repository/Page_KiboPush  Dashboard/span_Autoposting' is clicked on

2019-04-25 17:28:28 - [MESSAGE][PASSED] - Object: 'Object Repository/Page_KiboPush  Dashboard/span_Autoposting' is clicked on

2019-04-25 17:28:28 - [TEST_STEP][PASSED] - scrollToPosition: Browser is scrolled to position x = 0, y = 0

2019-04-25 17:28:28 - [MESSAGE][PASSED] - Browser is scrolled to position x = 0, y = 0

2019-04-25 17:28:28 - [TEST_STEP][PASSED] - click: Object: 'Object Repository/Page_KiboPush  Autoposting/h3_Auto Posting' is clicked on

2019-04-25 17:28:28 - [MESSAGE][PASSED] - Object: 'Object Repository/Page_KiboPush  Autoposting/h3_Auto Posting' is clicked on

2019-04-25 17:28:28 - [TEST_STEP][PASSED] - delay: Delayed 2 second(s)

2019-04-25 17:28:30 - [MESSAGE][PASSED] - Delayed 2 second(s)

2019-04-25 17:28:30 - [MESSAGE][PASSED] - Call Test Case 'Test Cases/s-sidebar_navigation/individualAccount/Autoposting' successfully

2019-04-25 17:28:30 - [TEST_STEP][PASSED] - click: Object: 'Object Repository/Page_KiboPush  Autoposting/a_documentation' is clicked on

2019-04-25 17:28:30 - [MESSAGE][PASSED] - Object: 'Object Repository/Page_KiboPush  Autoposting/a_documentation' is clicked on]]></system-out>
         <system-err><![CDATA[]]></system-err>
      </testcase>
      <testcase name="Test Cases/Autoposting TestCases/TC0370" classname="Test Cases/Autoposting TestCases/TC0370" status="PASSED">
         <system-out><![CDATA[2019-04-25 17:28:30 - [TEST_CASE][PASSED] - Test Cases/Autoposting TestCases/TC0370: Test Cases/Autoposting TestCases/TC0370

2019-04-25 17:28:30 - [TEST_STEP][PASSED] - callTestCase: Call Test Case 'Test Cases/s-sidebar_navigation/individualAccount/Autoposting' successfully

2019-04-25 17:28:31 - [TEST_CASE][PASSED] - Test Cases/s-sidebar_navigation/individualAccount/Autoposting: Test Cases/s-sidebar_navigation/individualAccount/Autoposting

2019-04-25 17:28:31 - [TEST_STEP][PASSED] - click: Object: 'Object Repository/Page_KiboPush  Dashboard/span_Sequence Messaging' is clicked on

2019-04-25 17:28:31 - [MESSAGE][PASSED] - Object: 'Object Repository/Page_KiboPush  Dashboard/span_Sequence Messaging' is clicked on

2019-04-25 17:28:31 - [TEST_STEP][PASSED] - delay: Delayed 1 second(s)

2019-04-25 17:28:32 - [MESSAGE][PASSED] - Delayed 1 second(s)

2019-04-25 17:28:32 - [TEST_STEP][PASSED] - click: Object: 'Object Repository/Page_KiboPush  Dashboard/span_Autoposting' is clicked on

2019-04-25 17:28:32 - [MESSAGE][PASSED] - Object: 'Object Repository/Page_KiboPush  Dashboard/span_Autoposting' is clicked on

2019-04-25 17:28:32 - [TEST_STEP][PASSED] - scrollToPosition: Browser is scrolled to position x = 0, y = 0

2019-04-25 17:28:32 - [MESSAGE][PASSED] - Browser is scrolled to position x = 0, y = 0

2019-04-25 17:28:32 - [TEST_STEP][PASSED] - click: Object: 'Object Repository/Page_KiboPush  Autoposting/h3_Auto Posting' is clicked on

2019-04-25 17:28:32 - [MESSAGE][PASSED] - Object: 'Object Repository/Page_KiboPush  Autoposting/h3_Auto Posting' is clicked on

2019-04-25 17:28:32 - [TEST_STEP][PASSED] - delay: Delayed 2 second(s)

2019-04-25 17:28:34 - [MESSAGE][PASSED] - Delayed 2 second(s)

2019-04-25 17:28:34 - [MESSAGE][PASSED] - Call Test Case 'Test Cases/s-sidebar_navigation/individualAccount/Autoposting' successfully

2019-04-25 17:28:34 - [TEST_STEP][PASSED] - click: Object: 'Object Repository/Page_KiboPush  Autoposting/a_video tutorial' is clicked on

2019-04-25 17:28:35 - [MESSAGE][PASSED] - Object: 'Object Repository/Page_KiboPush  Autoposting/a_video tutorial' is clicked on]]></system-out>
         <system-err><![CDATA[]]></system-err>
      </testcase>
      <testcase name="Test Cases/Autoposting TestCases/TC0371" classname="Test Cases/Autoposting TestCases/TC0371" status="PASSED">
         <system-out><![CDATA[2019-04-25 17:28:35 - [TEST_CASE][PASSED] - Test Cases/Autoposting TestCases/TC0371: Test Cases/Autoposting TestCases/TC0371

2019-04-25 17:28:35 - [TEST_STEP][PASSED] - callTestCase: Call Test Case 'Test Cases/s-sidebar_navigation/individualAccount/Autoposting' successfully

2019-04-25 17:28:36 - [TEST_CASE][PASSED] - Test Cases/s-sidebar_navigation/individualAccount/Autoposting: Test Cases/s-sidebar_navigation/individualAccount/Autoposting

2019-04-25 17:28:36 - [TEST_STEP][PASSED] - click: Object: 'Object Repository/Page_KiboPush  Dashboard/span_Sequence Messaging' is clicked on

2019-04-25 17:28:39 - [MESSAGE][PASSED] - Object: 'Object Repository/Page_KiboPush  Dashboard/span_Sequence Messaging' is clicked on

2019-04-25 17:28:39 - [TEST_STEP][PASSED] - delay: Delayed 1 second(s)

2019-04-25 17:28:40 - [MESSAGE][PASSED] - Delayed 1 second(s)

2019-04-25 17:28:40 - [TEST_STEP][PASSED] - click: Object: 'Object Repository/Page_KiboPush  Dashboard/span_Autoposting' is clicked on

2019-04-25 17:28:40 - [MESSAGE][PASSED] - Object: 'Object Repository/Page_KiboPush  Dashboard/span_Autoposting' is clicked on

2019-04-25 17:28:40 - [TEST_STEP][PASSED] - scrollToPosition: Browser is scrolled to position x = 0, y = 0

2019-04-25 17:28:40 - [MESSAGE][PASSED] - Browser is scrolled to position x = 0, y = 0

2019-04-25 17:28:40 - [TEST_STEP][PASSED] - click: Object: 'Object Repository/Page_KiboPush  Autoposting/h3_Auto Posting' is clicked on

2019-04-25 17:28:40 - [MESSAGE][PASSED] - Object: 'Object Repository/Page_KiboPush  Autoposting/h3_Auto Posting' is clicked on

2019-04-25 17:28:40 - [TEST_STEP][PASSED] - delay: Delayed 2 second(s)

2019-04-25 17:28:42 - [MESSAGE][PASSED] - Delayed 2 second(s)

2019-04-25 17:28:42 - [MESSAGE][PASSED] - Call Test Case 'Test Cases/s-sidebar_navigation/individualAccount/Autoposting' successfully

2019-04-25 17:28:42 - [TEST_STEP][PASSED] - click: Object: 'Object Repository/Page_KiboPush  Autoposting/p_Currently you do not have an' is clicked on

2019-04-25 17:28:42 - [MESSAGE][PASSED] - Object: 'Object Repository/Page_KiboPush  Autoposting/p_Currently you do not have an' is clicked on]]></system-out>
         <system-err><![CDATA[]]></system-err>
      </testcase>
      <testcase name="Test Cases/Autoposting TestCases/TC0372" classname="Test Cases/Autoposting TestCases/TC0372" status="PASSED">
         <system-out><![CDATA[2019-04-25 17:28:42 - [TEST_CASE][PASSED] - Test Cases/Autoposting TestCases/TC0372: Test Cases/Autoposting TestCases/TC0372

2019-04-25 17:28:43 - [TEST_STEP][PASSED] - callTestCase: Call Test Case 'Test Cases/s-sidebar_navigation/individualAccount/Autoposting' successfully

2019-04-25 17:28:43 - [TEST_CASE][PASSED] - Test Cases/s-sidebar_navigation/individualAccount/Autoposting: Test Cases/s-sidebar_navigation/individualAccount/Autoposting

2019-04-25 17:28:43 - [TEST_STEP][PASSED] - click: Object: 'Object Repository/Page_KiboPush  Dashboard/span_Sequence Messaging' is clicked on

2019-04-25 17:28:43 - [MESSAGE][PASSED] - Object: 'Object Repository/Page_KiboPush  Dashboard/span_Sequence Messaging' is clicked on

2019-04-25 17:28:43 - [TEST_STEP][PASSED] - delay: Delayed 1 second(s)

2019-04-25 17:28:44 - [MESSAGE][PASSED] - Delayed 1 second(s)

2019-04-25 17:28:44 - [TEST_STEP][PASSED] - click: Object: 'Object Repository/Page_KiboPush  Dashboard/span_Autoposting' is clicked on

2019-04-25 17:28:44 - [MESSAGE][PASSED] - Object: 'Object Repository/Page_KiboPush  Dashboard/span_Autoposting' is clicked on

2019-04-25 17:28:44 - [TEST_STEP][PASSED] - scrollToPosition: Browser is scrolled to position x = 0, y = 0

2019-04-25 17:28:44 - [MESSAGE][PASSED] - Browser is scrolled to position x = 0, y = 0

2019-04-25 17:28:44 - [TEST_STEP][PASSED] - click: Object: 'Object Repository/Page_KiboPush  Autoposting/h3_Auto Posting' is clicked on

2019-04-25 17:28:44 - [MESSAGE][PASSED] - Object: 'Object Repository/Page_KiboPush  Autoposting/h3_Auto Posting' is clicked on

2019-04-25 17:28:44 - [TEST_STEP][PASSED] - delay: Delayed 2 second(s)

2019-04-25 17:28:46 - [MESSAGE][PASSED] - Delayed 2 second(s)

2019-04-25 17:28:46 - [MESSAGE][PASSED] - Call Test Case 'Test Cases/s-sidebar_navigation/individualAccount/Autoposting' successfully

2019-04-25 17:28:46 - [TEST_STEP][PASSED] - click: Object: 'Object Repository/Page_KiboPush  Autoposting/span_Add Feed (1)' is clicked on

2019-04-25 17:28:46 - [MESSAGE][PASSED] - Object: 'Object Repository/Page_KiboPush  Autoposting/span_Add Feed (1)' is clicked on

2019-04-25 17:28:46 - [TEST_STEP][PASSED] - click: Object: 'Object Repository/Page_KiboPush  Autoposting/button_Facebook' is clicked on

2019-04-25 17:28:47 - [MESSAGE][PASSED] - Object: 'Object Repository/Page_KiboPush  Autoposting/button_Facebook' is clicked on

2019-04-25 17:28:47 - [TEST_STEP][PASSED] - click: Object: 'Object Repository/Page_KiboPush  Autoposting/button_Twitter' is clicked on

2019-04-25 17:28:47 - [MESSAGE][PASSED] - Object: 'Object Repository/Page_KiboPush  Autoposting/button_Twitter' is clicked on

2019-04-25 17:28:47 - [TEST_STEP][PASSED] - click: Object: 'Object Repository/Page_KiboPush  Autoposting/button_WordPress' is clicked on

2019-04-25 17:28:47 - [MESSAGE][PASSED] - Object: 'Object Repository/Page_KiboPush  Autoposting/button_WordPress' is clicked on]]></system-out>
         <system-err><![CDATA[]]></system-err>
      </testcase>
      <testcase name="Test Cases/Autoposting TestCases/TC0373" classname="Test Cases/Autoposting TestCases/TC0373" status="PASSED">
         <system-out><![CDATA[2019-04-25 17:28:47 - [TEST_CASE][PASSED] - Test Cases/Autoposting TestCases/TC0373: Test Cases/Autoposting TestCases/TC0373

2019-04-25 17:28:47 - [TEST_STEP][PASSED] - callTestCase: Call Test Case 'Test Cases/s-sidebar_navigation/individualAccount/Autoposting' successfully

2019-04-25 17:28:47 - [TEST_CASE][PASSED] - Test Cases/s-sidebar_navigation/individualAccount/Autoposting: Test Cases/s-sidebar_navigation/individualAccount/Autoposting

2019-04-25 17:28:47 - [TEST_STEP][PASSED] - click: Object: 'Object Repository/Page_KiboPush  Dashboard/span_Sequence Messaging' is clicked on

2019-04-25 17:28:47 - [MESSAGE][PASSED] - Object: 'Object Repository/Page_KiboPush  Dashboard/span_Sequence Messaging' is clicked on

2019-04-25 17:28:47 - [TEST_STEP][PASSED] - delay: Delayed 1 second(s)

2019-04-25 17:28:48 - [MESSAGE][PASSED] - Delayed 1 second(s)

2019-04-25 17:28:48 - [TEST_STEP][PASSED] - click: Object: 'Object Repository/Page_KiboPush  Dashboard/span_Autoposting' is clicked on

2019-04-25 17:28:49 - [MESSAGE][PASSED] - Object: 'Object Repository/Page_KiboPush  Dashboard/span_Autoposting' is clicked on

2019-04-25 17:28:49 - [TEST_STEP][PASSED] - scrollToPosition: Browser is scrolled to position x = 0, y = 0

2019-04-25 17:28:49 - [MESSAGE][PASSED] - Browser is scrolled to position x = 0, y = 0

2019-04-25 17:28:49 - [TEST_STEP][PASSED] - click: Object: 'Object Repository/Page_KiboPush  Autoposting/h3_Auto Posting' is clicked on

2019-04-25 17:28:49 - [MESSAGE][PASSED] - Object: 'Object Repository/Page_KiboPush  Autoposting/h3_Auto Posting' is clicked on

2019-04-25 17:28:49 - [TEST_STEP][PASSED] - delay: Delayed 2 second(s)

2019-04-25 17:28:51 - [MESSAGE][PASSED] - Delayed 2 second(s)

2019-04-25 17:28:51 - [MESSAGE][PASSED] - Call Test Case 'Test Cases/s-sidebar_navigation/individualAccount/Autoposting' successfully

2019-04-25 17:28:51 - [TEST_STEP][PASSED] - click: Object: 'Object Repository/Page_KiboPush  Autoposting/span_Add Feed (2)' is clicked on

2019-04-25 17:28:51 - [MESSAGE][PASSED] - Object: 'Object Repository/Page_KiboPush  Autoposting/span_Add Feed (2)' is clicked on

2019-04-25 17:28:51 - [TEST_STEP][PASSED] - click: Object: 'Object Repository/Page_Auto Posting - KiboPush/circle_cross' is clicked on

2019-04-25 17:28:51 - [MESSAGE][PASSED] - Object: 'Object Repository/Page_Auto Posting - KiboPush/circle_cross' is clicked on

2019-04-25 17:28:51 - [TEST_STEP][PASSED] - scrollToPosition: Browser is scrolled to position x = 0, y = 0

2019-04-25 17:28:51 - [MESSAGE][PASSED] - Browser is scrolled to position x = 0, y = 0

2019-04-25 17:28:51 - [TEST_STEP][PASSED] - delay: Delayed 2 second(s)

2019-04-25 17:28:53 - [MESSAGE][PASSED] - Delayed 2 second(s)

2019-04-25 17:28:53 - [TEST_STEP][PASSED] - click: Object: 'Object Repository/Page_KiboPush  Autoposting/h3_Auto Posting' is clicked on

2019-04-25 17:28:53 - [MESSAGE][PASSED] - Object: 'Object Repository/Page_KiboPush  Autoposting/h3_Auto Posting' is clicked on]]></system-out>
         <system-err><![CDATA[]]></system-err>
      </testcase>
      <testcase name="Test Cases/Autoposting TestCases/TC0375" classname="Test Cases/Autoposting TestCases/TC0375" status="PASSED">
         <system-out><![CDATA[2019-04-25 17:28:53 - [TEST_CASE][PASSED] - Test Cases/Autoposting TestCases/TC0375: Test Cases/Autoposting TestCases/TC0375

2019-04-25 17:28:54 - [TEST_STEP][PASSED] - callTestCase: Call Test Case 'Test Cases/s-sidebar_navigation/individualAccount/Autoposting' successfully

2019-04-25 17:28:54 - [TEST_CASE][PASSED] - Test Cases/s-sidebar_navigation/individualAccount/Autoposting: Test Cases/s-sidebar_navigation/individualAccount/Autoposting

2019-04-25 17:28:54 - [TEST_STEP][PASSED] - click: Object: 'Object Repository/Page_KiboPush  Dashboard/span_Sequence Messaging' is clicked on

2019-04-25 17:28:54 - [MESSAGE][PASSED] - Object: 'Object Repository/Page_KiboPush  Dashboard/span_Sequence Messaging' is clicked on

2019-04-25 17:28:54 - [TEST_STEP][PASSED] - delay: Delayed 1 second(s)

2019-04-25 17:28:55 - [MESSAGE][PASSED] - Delayed 1 second(s)

2019-04-25 17:28:55 - [TEST_STEP][PASSED] - click: Object: 'Object Repository/Page_KiboPush  Dashboard/span_Autoposting' is clicked on

2019-04-25 17:28:56 - [MESSAGE][PASSED] - Object: 'Object Repository/Page_KiboPush  Dashboard/span_Autoposting' is clicked on

2019-04-25 17:28:56 - [TEST_STEP][PASSED] - scrollToPosition: Browser is scrolled to position x = 0, y = 0

2019-04-25 17:28:56 - [MESSAGE][PASSED] - Browser is scrolled to position x = 0, y = 0

2019-04-25 17:28:56 - [TEST_STEP][PASSED] - click: Object: 'Object Repository/Page_KiboPush  Autoposting/h3_Auto Posting' is clicked on

2019-04-25 17:28:56 - [MESSAGE][PASSED] - Object: 'Object Repository/Page_KiboPush  Autoposting/h3_Auto Posting' is clicked on

2019-04-25 17:28:56 - [TEST_STEP][PASSED] - delay: Delayed 2 second(s)

2019-04-25 17:28:58 - [MESSAGE][PASSED] - Delayed 2 second(s)

2019-04-25 17:28:58 - [MESSAGE][PASSED] - Call Test Case 'Test Cases/s-sidebar_navigation/individualAccount/Autoposting' successfully

2019-04-25 17:28:58 - [TEST_STEP][PASSED] - click: Object: 'Object Repository/Page_KiboPush  Autoposting/span_Add Feed' is clicked on

2019-04-25 17:28:58 - [MESSAGE][PASSED] - Object: 'Object Repository/Page_KiboPush  Autoposting/span_Add Feed' is clicked on

2019-04-25 17:28:58 - [TEST_STEP][PASSED] - setText: Text 'https://www.facebook.com/Test5-2090553931018635' is set on object 'Object Repository/Page_KiboPush  Autoposting/input_form-control'

2019-04-25 17:28:58 - [MESSAGE][PASSED] - Text 'https://www.facebook.com/Test5-2090553931018635' is set on object 'Object Repository/Page_KiboPush  Autoposting/input_form-control'

2019-04-25 17:28:58 - [TEST_STEP][PASSED] - click: Object: 'Object Repository/Page_KiboPush  Autoposting/button_Add Facebook Account' is clicked on

2019-04-25 17:28:58 - [MESSAGE][PASSED] - Object: 'Object Repository/Page_KiboPush  Autoposting/button_Add Facebook Account' is clicked on

2019-04-25 17:28:58 - [TEST_STEP][PASSED] - delay: Delayed 3 second(s)

2019-04-25 17:29:01 - [MESSAGE][PASSED] - Delayed 3 second(s)]]></system-out>
         <system-err><![CDATA[]]></system-err>
      </testcase>
      <testcase name="Test Cases/Autoposting TestCases/TC0378" classname="Test Cases/Autoposting TestCases/TC0378" status="PASSED">
         <system-out><![CDATA[2019-04-25 17:29:01 - [TEST_CASE][PASSED] - Test Cases/Autoposting TestCases/TC0378: Test Cases/Autoposting TestCases/TC0378

2019-04-25 17:29:02 - [TEST_STEP][PASSED] - callTestCase: Call Test Case 'Test Cases/s-sidebar_navigation/individualAccount/Autoposting' successfully

2019-04-25 17:29:02 - [TEST_CASE][PASSED] - Test Cases/s-sidebar_navigation/individualAccount/Autoposting: Test Cases/s-sidebar_navigation/individualAccount/Autoposting

2019-04-25 17:29:02 - [TEST_STEP][PASSED] - click: Object: 'Object Repository/Page_KiboPush  Dashboard/span_Sequence Messaging' is clicked on

2019-04-25 17:29:02 - [MESSAGE][PASSED] - Object: 'Object Repository/Page_KiboPush  Dashboard/span_Sequence Messaging' is clicked on

2019-04-25 17:29:02 - [TEST_STEP][PASSED] - delay: Delayed 1 second(s)

2019-04-25 17:29:03 - [MESSAGE][PASSED] - Delayed 1 second(s)

2019-04-25 17:29:03 - [TEST_STEP][PASSED] - click: Object: 'Object Repository/Page_KiboPush  Dashboard/span_Autoposting' is clicked on

2019-04-25 17:29:03 - [MESSAGE][PASSED] - Object: 'Object Repository/Page_KiboPush  Dashboard/span_Autoposting' is clicked on

2019-04-25 17:29:03 - [TEST_STEP][PASSED] - scrollToPosition: Browser is scrolled to position x = 0, y = 0

2019-04-25 17:29:03 - [MESSAGE][PASSED] - Browser is scrolled to position x = 0, y = 0

2019-04-25 17:29:03 - [TEST_STEP][PASSED] - click: Object: 'Object Repository/Page_KiboPush  Autoposting/h3_Auto Posting' is clicked on

2019-04-25 17:29:03 - [MESSAGE][PASSED] - Object: 'Object Repository/Page_KiboPush  Autoposting/h3_Auto Posting' is clicked on

2019-04-25 17:29:03 - [TEST_STEP][PASSED] - delay: Delayed 2 second(s)

2019-04-25 17:29:05 - [MESSAGE][PASSED] - Delayed 2 second(s)

2019-04-25 17:29:05 - [MESSAGE][PASSED] - Call Test Case 'Test Cases/s-sidebar_navigation/individualAccount/Autoposting' successfully

2019-04-25 17:29:05 - [TEST_STEP][PASSED] - click: Object: 'Object Repository/Page_KiboPush  Autoposting/span_Add Feed (3) (1)' is clicked on

2019-04-25 17:29:05 - [MESSAGE][PASSED] - Object: 'Object Repository/Page_KiboPush  Autoposting/span_Add Feed (3) (1)' is clicked on

2019-04-25 17:29:05 - [TEST_STEP][PASSED] - click: Object: 'Object Repository/Page_KiboPush  Autoposting/button_WordPress (1) (1)' is clicked on

2019-04-25 17:29:06 - [MESSAGE][PASSED] - Object: 'Object Repository/Page_KiboPush  Autoposting/button_WordPress (1) (1)' is clicked on

2019-04-25 17:29:06 - [TEST_STEP][PASSED] - click: Object: 'Object Repository/Page_KiboPush  Autoposting/button_View Integration Guidel (1) (1)' is clicked on

2019-04-25 17:29:06 - [MESSAGE][PASSED] - Object: 'Object Repository/Page_KiboPush  Autoposting/button_View Integration Guidel (1) (1)' is clicked on

2019-04-25 17:29:06 - [TEST_STEP][PASSED] - click: Object: 'Object Repository/Page_KiboPush  Autoposting/a_WordPress.com (1) (1)' is clicked on

2019-04-25 17:29:06 - [MESSAGE][PASSED] - Object: 'Object Repository/Page_KiboPush  Autoposting/a_WordPress.com (1) (1)' is clicked on

2019-04-25 17:29:06 - [TEST_STEP][PASSED] - scrollToPosition: Browser is scrolled to position x = 0, y = 0

2019-04-25 17:29:06 - [MESSAGE][PASSED] - Browser is scrolled to position x = 0, y = 0

2019-04-25 17:29:06 - [TEST_STEP][PASSED] - click: Object: 'Object Repository/Page_KiboPush  Autoposting/h4_Guidelines for integrating' is clicked on

2019-04-25 17:29:06 - [MESSAGE][PASSED] - Object: 'Object Repository/Page_KiboPush  Autoposting/h4_Guidelines for integrating' is clicked on]]></system-out>
         <system-err><![CDATA[]]></system-err>
      </testcase>
      <testcase name="Test Cases/Autoposting TestCases/TC0379" classname="Test Cases/Autoposting TestCases/TC0379" status="PASSED">
         <system-out><![CDATA[2019-04-25 17:29:06 - [TEST_CASE][PASSED] - Test Cases/Autoposting TestCases/TC0379: Test Cases/Autoposting TestCases/TC0379

2019-04-25 17:29:06 - [TEST_STEP][PASSED] - callTestCase: Call Test Case 'Test Cases/s-sidebar_navigation/individualAccount/Autoposting' successfully

2019-04-25 17:29:06 - [TEST_CASE][PASSED] - Test Cases/s-sidebar_navigation/individualAccount/Autoposting: Test Cases/s-sidebar_navigation/individualAccount/Autoposting

2019-04-25 17:29:06 - [TEST_STEP][PASSED] - click: Object: 'Object Repository/Page_KiboPush  Dashboard/span_Sequence Messaging' is clicked on

2019-04-25 17:29:06 - [MESSAGE][PASSED] - Object: 'Object Repository/Page_KiboPush  Dashboard/span_Sequence Messaging' is clicked on

2019-04-25 17:29:06 - [TEST_STEP][PASSED] - delay: Delayed 1 second(s)

2019-04-25 17:29:07 - [MESSAGE][PASSED] - Delayed 1 second(s)

2019-04-25 17:29:07 - [TEST_STEP][PASSED] - click: Object: 'Object Repository/Page_KiboPush  Dashboard/span_Autoposting' is clicked on

2019-04-25 17:29:08 - [MESSAGE][PASSED] - Object: 'Object Repository/Page_KiboPush  Dashboard/span_Autoposting' is clicked on

2019-04-25 17:29:08 - [TEST_STEP][PASSED] - scrollToPosition: Browser is scrolled to position x = 0, y = 0

2019-04-25 17:29:08 - [MESSAGE][PASSED] - Browser is scrolled to position x = 0, y = 0

2019-04-25 17:29:08 - [TEST_STEP][PASSED] - click: Object: 'Object Repository/Page_KiboPush  Autoposting/h3_Auto Posting' is clicked on

2019-04-25 17:29:08 - [MESSAGE][PASSED] - Object: 'Object Repository/Page_KiboPush  Autoposting/h3_Auto Posting' is clicked on

2019-04-25 17:29:08 - [TEST_STEP][PASSED] - delay: Delayed 2 second(s)

2019-04-25 17:29:10 - [MESSAGE][PASSED] - Delayed 2 second(s)

2019-04-25 17:29:10 - [MESSAGE][PASSED] - Call Test Case 'Test Cases/s-sidebar_navigation/individualAccount/Autoposting' successfully

2019-04-25 17:29:10 - [TEST_STEP][PASSED] - click: Object: 'Object Repository/Page_KiboPush  Autoposting/span_Add Feed' is clicked on

2019-04-25 17:29:10 - [MESSAGE][PASSED] - Object: 'Object Repository/Page_KiboPush  Autoposting/span_Add Feed' is clicked on

2019-04-25 17:29:10 - [TEST_STEP][PASSED] - click: Object: 'Object Repository/Page_KiboPush  Autoposting/button_Add Facebook Account' is clicked on

2019-04-25 17:29:10 - [MESSAGE][PASSED] - Object: 'Object Repository/Page_KiboPush  Autoposting/button_Add Facebook Account' is clicked on

2019-04-25 17:29:10 - [TEST_STEP][PASSED] - delay: Delayed 2 second(s)

2019-04-25 17:29:12 - [MESSAGE][PASSED] - Delayed 2 second(s)

2019-04-25 17:29:12 - [TEST_STEP][PASSED] - click: Object: 'Object Repository/Page_KiboPush  Autoposting/span_Incorrect Url' is clicked on

2019-04-25 17:29:12 - [MESSAGE][PASSED] - Object: 'Object Repository/Page_KiboPush  Autoposting/span_Incorrect Url' is clicked on]]></system-out>
         <system-err><![CDATA[]]></system-err>
      </testcase>
      <testcase name="Test Cases/Autoposting TestCases/TC0380" classname="Test Cases/Autoposting TestCases/TC0380" status="PASSED">
         <system-out><![CDATA[2019-04-25 17:29:12 - [TEST_CASE][PASSED] - Test Cases/Autoposting TestCases/TC0380: Test Cases/Autoposting TestCases/TC0380

2019-04-25 17:29:12 - [TEST_STEP][PASSED] - callTestCase: Call Test Case 'Test Cases/s-sidebar_navigation/individualAccount/Autoposting' successfully

2019-04-25 17:29:12 - [TEST_CASE][PASSED] - Test Cases/s-sidebar_navigation/individualAccount/Autoposting: Test Cases/s-sidebar_navigation/individualAccount/Autoposting

2019-04-25 17:29:12 - [TEST_STEP][PASSED] - click: Object: 'Object Repository/Page_KiboPush  Dashboard/span_Sequence Messaging' is clicked on

2019-04-25 17:29:13 - [MESSAGE][PASSED] - Object: 'Object Repository/Page_KiboPush  Dashboard/span_Sequence Messaging' is clicked on

2019-04-25 17:29:13 - [TEST_STEP][PASSED] - delay: Delayed 1 second(s)

2019-04-25 17:29:14 - [MESSAGE][PASSED] - Delayed 1 second(s)

2019-04-25 17:29:14 - [TEST_STEP][PASSED] - click: Object: 'Object Repository/Page_KiboPush  Dashboard/span_Autoposting' is clicked on

2019-04-25 17:29:14 - [MESSAGE][PASSED] - Object: 'Object Repository/Page_KiboPush  Dashboard/span_Autoposting' is clicked on

2019-04-25 17:29:14 - [TEST_STEP][PASSED] - scrollToPosition: Browser is scrolled to position x = 0, y = 0

2019-04-25 17:29:14 - [MESSAGE][PASSED] - Browser is scrolled to position x = 0, y = 0

2019-04-25 17:29:14 - [TEST_STEP][PASSED] - click: Object: 'Object Repository/Page_KiboPush  Autoposting/h3_Auto Posting' is clicked on

2019-04-25 17:29:14 - [MESSAGE][PASSED] - Object: 'Object Repository/Page_KiboPush  Autoposting/h3_Auto Posting' is clicked on

2019-04-25 17:29:14 - [TEST_STEP][PASSED] - delay: Delayed 2 second(s)

2019-04-25 17:29:16 - [MESSAGE][PASSED] - Delayed 2 second(s)

2019-04-25 17:29:16 - [MESSAGE][PASSED] - Call Test Case 'Test Cases/s-sidebar_navigation/individualAccount/Autoposting' successfully

2019-04-25 17:29:16 - [TEST_STEP][PASSED] - click: Object: 'Object Repository/Page_KiboPush  Autoposting/a_' is clicked on

2019-04-25 17:29:16 - [MESSAGE][PASSED] - Object: 'Object Repository/Page_KiboPush  Autoposting/a_' is clicked on

2019-04-25 17:29:16 - [TEST_STEP][PASSED] - click: Object: 'Object Repository/Page_KiboPush  Autoposting/button_Delete' is clicked on

2019-04-25 17:29:16 - [MESSAGE][PASSED] - Object: 'Object Repository/Page_KiboPush  Autoposting/button_Delete' is clicked on

2019-04-25 17:29:16 - [TEST_STEP][PASSED] - delay: Delayed 2 second(s)

2019-04-25 17:29:18 - [MESSAGE][PASSED] - Delayed 2 second(s)

2019-04-25 17:29:18 - [TEST_STEP][PASSED] - click: Object: 'Object Repository/Page_KiboPush  Autoposting/span_Add Feed' is clicked on

2019-04-25 17:29:18 - [MESSAGE][PASSED] - Object: 'Object Repository/Page_KiboPush  Autoposting/span_Add Feed' is clicked on

2019-04-25 17:29:18 - [TEST_STEP][PASSED] - setText: Text 'https://www.facebook.com/Test5-2090553931018635' is set on object 'Object Repository/Page_KiboPush  Autoposting/input_form-control'

2019-04-25 17:29:19 - [MESSAGE][PASSED] - Text 'https://www.facebook.com/Test5-2090553931018635' is set on object 'Object Repository/Page_KiboPush  Autoposting/input_form-control'

2019-04-25 17:29:19 - [TEST_STEP][PASSED] - click: Object: 'Object Repository/Page_KiboPush  Autoposting/button_Add Facebook Account' is clicked on

2019-04-25 17:29:19 - [MESSAGE][PASSED] - Object: 'Object Repository/Page_KiboPush  Autoposting/button_Add Facebook Account' is clicked on

2019-04-25 17:29:19 - [TEST_STEP][PASSED] - delay: Delayed 2 second(s)

2019-04-25 17:29:21 - [MESSAGE][PASSED] - Delayed 2 second(s)]]></system-out>
         <system-err><![CDATA[]]></system-err>
      </testcase>
      <testcase name="Test Cases/Autoposting TestCases/TC0381" classname="Test Cases/Autoposting TestCases/TC0381" status="PASSED">
         <system-out><![CDATA[2019-04-25 17:29:21 - [TEST_CASE][PASSED] - Test Cases/Autoposting TestCases/TC0381: Test Cases/Autoposting TestCases/TC0381

2019-04-25 17:29:21 - [TEST_STEP][PASSED] - callTestCase: Call Test Case 'Test Cases/s-sidebar_navigation/individualAccount/Autoposting' successfully

2019-04-25 17:29:21 - [TEST_CASE][PASSED] - Test Cases/s-sidebar_navigation/individualAccount/Autoposting: Test Cases/s-sidebar_navigation/individualAccount/Autoposting

2019-04-25 17:29:21 - [TEST_STEP][PASSED] - click: Object: 'Object Repository/Page_KiboPush  Dashboard/span_Sequence Messaging' is clicked on

2019-04-25 17:29:21 - [MESSAGE][PASSED] - Object: 'Object Repository/Page_KiboPush  Dashboard/span_Sequence Messaging' is clicked on

2019-04-25 17:29:21 - [TEST_STEP][PASSED] - delay: Delayed 1 second(s)

2019-04-25 17:29:22 - [MESSAGE][PASSED] - Delayed 1 second(s)

2019-04-25 17:29:22 - [TEST_STEP][PASSED] - click: Object: 'Object Repository/Page_KiboPush  Dashboard/span_Autoposting' is clicked on

2019-04-25 17:29:22 - [MESSAGE][PASSED] - Object: 'Object Repository/Page_KiboPush  Dashboard/span_Autoposting' is clicked on

2019-04-25 17:29:22 - [TEST_STEP][PASSED] - scrollToPosition: Browser is scrolled to position x = 0, y = 0

2019-04-25 17:29:22 - [MESSAGE][PASSED] - Browser is scrolled to position x = 0, y = 0

2019-04-25 17:29:22 - [TEST_STEP][PASSED] - click: Object: 'Object Repository/Page_KiboPush  Autoposting/h3_Auto Posting' is clicked on

2019-04-25 17:29:23 - [MESSAGE][PASSED] - Object: 'Object Repository/Page_KiboPush  Autoposting/h3_Auto Posting' is clicked on

2019-04-25 17:29:23 - [TEST_STEP][PASSED] - delay: Delayed 2 second(s)

2019-04-25 17:29:25 - [MESSAGE][PASSED] - Delayed 2 second(s)

2019-04-25 17:29:25 - [MESSAGE][PASSED] - Call Test Case 'Test Cases/s-sidebar_navigation/individualAccount/Autoposting' successfully

2019-04-25 17:29:25 - [TEST_STEP][PASSED] - click: Object: 'Object Repository/Page_KiboPush  Autoposting/span_Subscription URL' is clicked on

2019-04-25 17:29:25 - [MESSAGE][PASSED] - Object: 'Object Repository/Page_KiboPush  Autoposting/span_Subscription URL' is clicked on]]></system-out>
         <system-err><![CDATA[]]></system-err>
      </testcase>
      <testcase name="Test Cases/Autoposting TestCases/TC0382" classname="Test Cases/Autoposting TestCases/TC0382" status="PASSED">
         <system-out><![CDATA[2019-04-25 17:29:25 - [TEST_CASE][PASSED] - Test Cases/Autoposting TestCases/TC0382: Test Cases/Autoposting TestCases/TC0382

2019-04-25 17:29:25 - [TEST_STEP][PASSED] - callTestCase: Call Test Case 'Test Cases/s-sidebar_navigation/individualAccount/Autoposting' successfully

2019-04-25 17:29:25 - [TEST_CASE][PASSED] - Test Cases/s-sidebar_navigation/individualAccount/Autoposting: Test Cases/s-sidebar_navigation/individualAccount/Autoposting

2019-04-25 17:29:25 - [TEST_STEP][PASSED] - click: Object: 'Object Repository/Page_KiboPush  Dashboard/span_Sequence Messaging' is clicked on

2019-04-25 17:29:25 - [MESSAGE][PASSED] - Object: 'Object Repository/Page_KiboPush  Dashboard/span_Sequence Messaging' is clicked on

2019-04-25 17:29:25 - [TEST_STEP][PASSED] - delay: Delayed 1 second(s)

2019-04-25 17:29:26 - [MESSAGE][PASSED] - Delayed 1 second(s)

2019-04-25 17:29:26 - [TEST_STEP][PASSED] - click: Object: 'Object Repository/Page_KiboPush  Dashboard/span_Autoposting' is clicked on

2019-04-25 17:29:26 - [MESSAGE][PASSED] - Object: 'Object Repository/Page_KiboPush  Dashboard/span_Autoposting' is clicked on

2019-04-25 17:29:26 - [TEST_STEP][PASSED] - scrollToPosition: Browser is scrolled to position x = 0, y = 0

2019-04-25 17:29:26 - [MESSAGE][PASSED] - Browser is scrolled to position x = 0, y = 0

2019-04-25 17:29:26 - [TEST_STEP][PASSED] - click: Object: 'Object Repository/Page_KiboPush  Autoposting/h3_Auto Posting' is clicked on

2019-04-25 17:29:26 - [MESSAGE][PASSED] - Object: 'Object Repository/Page_KiboPush  Autoposting/h3_Auto Posting' is clicked on

2019-04-25 17:29:26 - [TEST_STEP][PASSED] - delay: Delayed 2 second(s)

2019-04-25 17:29:28 - [MESSAGE][PASSED] - Delayed 2 second(s)

2019-04-25 17:29:28 - [MESSAGE][PASSED] - Call Test Case 'Test Cases/s-sidebar_navigation/individualAccount/Autoposting' successfully

2019-04-25 17:29:28 - [TEST_STEP][PASSED] - click: Object: 'Object Repository/Page_KiboPush  Autoposting/i_la la-gear (3)' is clicked on

2019-04-25 17:29:29 - [MESSAGE][PASSED] - Object: 'Object Repository/Page_KiboPush  Autoposting/i_la la-gear (3)' is clicked on

2019-04-25 17:29:29 - [TEST_STEP][PASSED] - scrollToPosition: Browser is scrolled to position x = 0, y = 0

2019-04-25 17:29:29 - [MESSAGE][PASSED] - Browser is scrolled to position x = 0, y = 0

2019-04-25 17:29:29 - [TEST_STEP][PASSED] - click: Object: 'Object Repository/Page_KiboPush  Autoposting/h3_Feed Settings' is clicked on

2019-04-25 17:29:29 - [MESSAGE][PASSED] - Object: 'Object Repository/Page_KiboPush  Autoposting/h3_Feed Settings' is clicked on]]></system-out>
         <system-err><![CDATA[]]></system-err>
      </testcase>
      <testcase name="Test Cases/Autoposting TestCases/TC0383" classname="Test Cases/Autoposting TestCases/TC0383" status="PASSED">
         <system-out><![CDATA[2019-04-25 17:29:29 - [TEST_CASE][PASSED] - Test Cases/Autoposting TestCases/TC0383: Test Cases/Autoposting TestCases/TC0383

2019-04-25 17:29:29 - [TEST_STEP][PASSED] - callTestCase: Call Test Case 'Test Cases/Autoposting TestCases/TC0382' successfully

2019-04-25 17:29:29 - [TEST_CASE][PASSED] - Test Cases/Autoposting TestCases/TC0382: Test Cases/Autoposting TestCases/TC0382

2019-04-25 17:29:29 - [TEST_STEP][PASSED] - callTestCase: Call Test Case 'Test Cases/s-sidebar_navigation/individualAccount/Autoposting' successfully

2019-04-25 17:29:29 - [TEST_CASE][PASSED] - Test Cases/s-sidebar_navigation/individualAccount/Autoposting: Test Cases/s-sidebar_navigation/individualAccount/Autoposting

2019-04-25 17:29:29 - [TEST_STEP][PASSED] - click: Object: 'Object Repository/Page_KiboPush  Dashboard/span_Sequence Messaging' is clicked on

2019-04-25 17:29:29 - [MESSAGE][PASSED] - Object: 'Object Repository/Page_KiboPush  Dashboard/span_Sequence Messaging' is clicked on

2019-04-25 17:29:29 - [TEST_STEP][PASSED] - delay: Delayed 1 second(s)

2019-04-25 17:29:30 - [MESSAGE][PASSED] - Delayed 1 second(s)

2019-04-25 17:29:30 - [TEST_STEP][PASSED] - click: Object: 'Object Repository/Page_KiboPush  Dashboard/span_Autoposting' is clicked on

2019-04-25 17:29:31 - [MESSAGE][PASSED] - Object: 'Object Repository/Page_KiboPush  Dashboard/span_Autoposting' is clicked on

2019-04-25 17:29:31 - [TEST_STEP][PASSED] - scrollToPosition: Browser is scrolled to position x = 0, y = 0

2019-04-25 17:29:31 - [MESSAGE][PASSED] - Browser is scrolled to position x = 0, y = 0

2019-04-25 17:29:31 - [TEST_STEP][PASSED] - click: Object: 'Object Repository/Page_KiboPush  Autoposting/h3_Auto Posting' is clicked on

2019-04-25 17:29:31 - [MESSAGE][PASSED] - Object: 'Object Repository/Page_KiboPush  Autoposting/h3_Auto Posting' is clicked on

2019-04-25 17:29:31 - [TEST_STEP][PASSED] - delay: Delayed 2 second(s)

2019-04-25 17:29:33 - [MESSAGE][PASSED] - Delayed 2 second(s)

2019-04-25 17:29:33 - [MESSAGE][PASSED] - Call Test Case 'Test Cases/s-sidebar_navigation/individualAccount/Autoposting' successfully

2019-04-25 17:29:33 - [TEST_STEP][PASSED] - click: Object: 'Object Repository/Page_KiboPush  Autoposting/i_la la-gear (3)' is clicked on

2019-04-25 17:29:33 - [MESSAGE][PASSED] - Object: 'Object Repository/Page_KiboPush  Autoposting/i_la la-gear (3)' is clicked on

2019-04-25 17:29:33 - [TEST_STEP][PASSED] - scrollToPosition: Browser is scrolled to position x = 0, y = 0

2019-04-25 17:29:33 - [MESSAGE][PASSED] - Browser is scrolled to position x = 0, y = 0

2019-04-25 17:29:33 - [TEST_STEP][PASSED] - click: Object: 'Object Repository/Page_KiboPush  Autoposting/h3_Feed Settings' is clicked on

2019-04-25 17:29:33 - [MESSAGE][PASSED] - Object: 'Object Repository/Page_KiboPush  Autoposting/h3_Feed Settings' is clicked on

2019-04-25 17:29:33 - [MESSAGE][PASSED] - Call Test Case 'Test Cases/Autoposting TestCases/TC0382' successfully

2019-04-25 17:29:33 - [TEST_STEP][PASSED] - click: Object: 'Object Repository/Page_KiboPush  Autoposting/h3_Feed Settings (4)' is clicked on

2019-04-25 17:29:33 - [MESSAGE][PASSED] - Object: 'Object Repository/Page_KiboPush  Autoposting/h3_Feed Settings (4)' is clicked on

2019-04-25 17:29:33 - [TEST_STEP][PASSED] - setText: Text 'Facebook' is set on object 'Object Repository/Page_KiboPush  Autoposting/input_form-control m-input (3)'

2019-04-25 17:29:33 - [MESSAGE][PASSED] - Text 'Facebook' is set on object 'Object Repository/Page_KiboPush  Autoposting/input_form-control m-input (3)'

2019-04-25 17:29:33 - [TEST_STEP][PASSED] - click: Object: 'Object Repository/Page_KiboPush  Autoposting/button_Save Changes (2)' is clicked on

2019-04-25 17:29:34 - [MESSAGE][PASSED] - Object: 'Object Repository/Page_KiboPush  Autoposting/button_Save Changes (2)' is clicked on

2019-04-25 17:29:34 - [TEST_STEP][PASSED] - click: Object: 'Object Repository/Page_KiboPush  Autoposting/div_Changes saved successfully (1)' is clicked on

2019-04-25 17:29:35 - [MESSAGE][PASSED] - Object: 'Object Repository/Page_KiboPush  Autoposting/div_Changes saved successfully (1)' is clicked on

2019-04-25 17:29:35 - [TEST_STEP][PASSED] - setText: Text 'Facebook Page' is set on object 'Object Repository/Page_KiboPush  Autoposting/input_form-control m-input (3)'

2019-04-25 17:29:35 - [MESSAGE][PASSED] - Text 'Facebook Page' is set on object 'Object Repository/Page_KiboPush  Autoposting/input_form-control m-input (3)'

2019-04-25 17:29:35 - [TEST_STEP][PASSED] - click: Object: 'Object Repository/Page_KiboPush  Autoposting/button_Save Changes (2)' is clicked on

2019-04-25 17:29:35 - [MESSAGE][PASSED] - Object: 'Object Repository/Page_KiboPush  Autoposting/button_Save Changes (2)' is clicked on

2019-04-25 17:29:35 - [TEST_STEP][PASSED] - click: Object: 'Object Repository/Page_KiboPush  Autoposting/div_Changes saved successfully (1)' is clicked on

2019-04-25 17:29:35 - [MESSAGE][PASSED] - Object: 'Object Repository/Page_KiboPush  Autoposting/div_Changes saved successfully (1)' is clicked on]]></system-out>
         <system-err><![CDATA[]]></system-err>
      </testcase>
      <testcase name="Test Cases/Autoposting TestCases/TC0384" classname="Test Cases/Autoposting TestCases/TC0384" status="PASSED">
         <system-out><![CDATA[2019-04-25 17:29:35 - [TEST_CASE][PASSED] - Test Cases/Autoposting TestCases/TC0384: Test Cases/Autoposting TestCases/TC0384

2019-04-25 17:29:35 - [TEST_STEP][PASSED] - callTestCase: Call Test Case 'Test Cases/Autoposting TestCases/TC0382' successfully

2019-04-25 17:29:35 - [TEST_CASE][PASSED] - Test Cases/Autoposting TestCases/TC0382: Test Cases/Autoposting TestCases/TC0382

2019-04-25 17:29:35 - [TEST_STEP][PASSED] - callTestCase: Call Test Case 'Test Cases/s-sidebar_navigation/individualAccount/Autoposting' successfully

2019-04-25 17:29:35 - [TEST_CASE][PASSED] - Test Cases/s-sidebar_navigation/individualAccount/Autoposting: Test Cases/s-sidebar_navigation/individualAccount/Autoposting

2019-04-25 17:29:36 - [TEST_STEP][PASSED] - click: Object: 'Object Repository/Page_KiboPush  Dashboard/span_Sequence Messaging' is clicked on

2019-04-25 17:29:36 - [MESSAGE][PASSED] - Object: 'Object Repository/Page_KiboPush  Dashboard/span_Sequence Messaging' is clicked on

2019-04-25 17:29:36 - [TEST_STEP][PASSED] - delay: Delayed 1 second(s)

2019-04-25 17:29:37 - [MESSAGE][PASSED] - Delayed 1 second(s)

2019-04-25 17:29:37 - [TEST_STEP][PASSED] - click: Object: 'Object Repository/Page_KiboPush  Dashboard/span_Autoposting' is clicked on

2019-04-25 17:29:37 - [MESSAGE][PASSED] - Object: 'Object Repository/Page_KiboPush  Dashboard/span_Autoposting' is clicked on

2019-04-25 17:29:37 - [TEST_STEP][PASSED] - scrollToPosition: Browser is scrolled to position x = 0, y = 0

2019-04-25 17:29:37 - [MESSAGE][PASSED] - Browser is scrolled to position x = 0, y = 0

2019-04-25 17:29:37 - [TEST_STEP][PASSED] - click: Object: 'Object Repository/Page_KiboPush  Autoposting/h3_Auto Posting' is clicked on

2019-04-25 17:29:37 - [MESSAGE][PASSED] - Object: 'Object Repository/Page_KiboPush  Autoposting/h3_Auto Posting' is clicked on

2019-04-25 17:29:37 - [TEST_STEP][PASSED] - delay: Delayed 2 second(s)

2019-04-25 17:29:39 - [MESSAGE][PASSED] - Delayed 2 second(s)

2019-04-25 17:29:39 - [MESSAGE][PASSED] - Call Test Case 'Test Cases/s-sidebar_navigation/individualAccount/Autoposting' successfully

2019-04-25 17:29:39 - [TEST_STEP][PASSED] - click: Object: 'Object Repository/Page_KiboPush  Autoposting/i_la la-gear (3)' is clicked on

2019-04-25 17:29:39 - [MESSAGE][PASSED] - Object: 'Object Repository/Page_KiboPush  Autoposting/i_la la-gear (3)' is clicked on

2019-04-25 17:29:39 - [TEST_STEP][PASSED] - scrollToPosition: Browser is scrolled to position x = 0, y = 0

2019-04-25 17:29:39 - [MESSAGE][PASSED] - Browser is scrolled to position x = 0, y = 0

2019-04-25 17:29:39 - [TEST_STEP][PASSED] - click: Object: 'Object Repository/Page_KiboPush  Autoposting/h3_Feed Settings' is clicked on

2019-04-25 17:29:39 - [MESSAGE][PASSED] - Object: 'Object Repository/Page_KiboPush  Autoposting/h3_Feed Settings' is clicked on

2019-04-25 17:29:39 - [MESSAGE][PASSED] - Call Test Case 'Test Cases/Autoposting TestCases/TC0382' successfully

2019-04-25 17:29:39 - [TEST_STEP][PASSED] - setText: Text '' is set on object 'Object Repository/Page_KiboPush  Autoposting/input_form-control m-input (3)'

2019-04-25 17:29:39 - [MESSAGE][PASSED] - Text '' is set on object 'Object Repository/Page_KiboPush  Autoposting/input_form-control m-input (3)'

2019-04-25 17:29:39 - [TEST_STEP][PASSED] - click: Object: 'Object Repository/Page_KiboPush  Autoposting/button_Save Changes (1)' is clicked on

2019-04-25 17:29:40 - [MESSAGE][PASSED] - Object: 'Object Repository/Page_KiboPush  Autoposting/button_Save Changes (1)' is clicked on

2019-04-25 17:29:40 - [TEST_STEP][PASSED] - click: Object: 'Object Repository/Page_KiboPush  Autoposting/div_Please add Account Title' is clicked on

2019-04-25 17:29:40 - [MESSAGE][PASSED] - Object: 'Object Repository/Page_KiboPush  Autoposting/div_Please add Account Title' is clicked on]]></system-out>
         <system-err><![CDATA[]]></system-err>
      </testcase>
      <testcase name="Test Cases/Autoposting TestCases/TC0385" classname="Test Cases/Autoposting TestCases/TC0385" status="PASSED">
         <system-out><![CDATA[2019-04-25 17:29:40 - [TEST_CASE][PASSED] - Test Cases/Autoposting TestCases/TC0385: Test Cases/Autoposting TestCases/TC0385

2019-04-25 17:29:40 - [TEST_STEP][PASSED] - callTestCase: Call Test Case 'Test Cases/Autoposting TestCases/TC0382' successfully

2019-04-25 17:29:40 - [TEST_CASE][PASSED] - Test Cases/Autoposting TestCases/TC0382: Test Cases/Autoposting TestCases/TC0382

2019-04-25 17:29:40 - [TEST_STEP][PASSED] - callTestCase: Call Test Case 'Test Cases/s-sidebar_navigation/individualAccount/Autoposting' successfully

2019-04-25 17:29:40 - [TEST_CASE][PASSED] - Test Cases/s-sidebar_navigation/individualAccount/Autoposting: Test Cases/s-sidebar_navigation/individualAccount/Autoposting

2019-04-25 17:29:40 - [TEST_STEP][PASSED] - click: Object: 'Object Repository/Page_KiboPush  Dashboard/span_Sequence Messaging' is clicked on

2019-04-25 17:29:40 - [MESSAGE][PASSED] - Object: 'Object Repository/Page_KiboPush  Dashboard/span_Sequence Messaging' is clicked on

2019-04-25 17:29:40 - [TEST_STEP][PASSED] - delay: Delayed 1 second(s)

2019-04-25 17:29:41 - [MESSAGE][PASSED] - Delayed 1 second(s)

2019-04-25 17:29:41 - [TEST_STEP][PASSED] - click: Object: 'Object Repository/Page_KiboPush  Dashboard/span_Autoposting' is clicked on

2019-04-25 17:29:42 - [MESSAGE][PASSED] - Object: 'Object Repository/Page_KiboPush  Dashboard/span_Autoposting' is clicked on

2019-04-25 17:29:42 - [TEST_STEP][PASSED] - scrollToPosition: Browser is scrolled to position x = 0, y = 0

2019-04-25 17:29:42 - [MESSAGE][PASSED] - Browser is scrolled to position x = 0, y = 0

2019-04-25 17:29:42 - [TEST_STEP][PASSED] - click: Object: 'Object Repository/Page_KiboPush  Autoposting/h3_Auto Posting' is clicked on

2019-04-25 17:29:42 - [MESSAGE][PASSED] - Object: 'Object Repository/Page_KiboPush  Autoposting/h3_Auto Posting' is clicked on

2019-04-25 17:29:42 - [TEST_STEP][PASSED] - delay: Delayed 2 second(s)

2019-04-25 17:29:44 - [MESSAGE][PASSED] - Delayed 2 second(s)

2019-04-25 17:29:44 - [MESSAGE][PASSED] - Call Test Case 'Test Cases/s-sidebar_navigation/individualAccount/Autoposting' successfully

2019-04-25 17:29:44 - [TEST_STEP][PASSED] - click: Object: 'Object Repository/Page_KiboPush  Autoposting/i_la la-gear (3)' is clicked on

2019-04-25 17:29:44 - [MESSAGE][PASSED] - Object: 'Object Repository/Page_KiboPush  Autoposting/i_la la-gear (3)' is clicked on

2019-04-25 17:29:44 - [TEST_STEP][PASSED] - scrollToPosition: Browser is scrolled to position x = 0, y = 0

2019-04-25 17:29:44 - [MESSAGE][PASSED] - Browser is scrolled to position x = 0, y = 0

2019-04-25 17:29:44 - [TEST_STEP][PASSED] - click: Object: 'Object Repository/Page_KiboPush  Autoposting/h3_Feed Settings' is clicked on

2019-04-25 17:29:44 - [MESSAGE][PASSED] - Object: 'Object Repository/Page_KiboPush  Autoposting/h3_Feed Settings' is clicked on

2019-04-25 17:29:44 - [MESSAGE][PASSED] - Call Test Case 'Test Cases/Autoposting TestCases/TC0382' successfully

2019-04-25 17:29:44 - [TEST_STEP][PASSED] - selectOptionByValue: All options with value 'Disabled' are selected in object 'Object Repository/Page_KiboPush  Autoposting/select_ActiveDisabled (1)'  using regular expression

2019-04-25 17:29:44 - [MESSAGE][PASSED] - All options with value 'Disabled' are selected in object 'Object Repository/Page_KiboPush  Autoposting/select_ActiveDisabled (1)'  using regular expression

2019-04-25 17:29:44 - [TEST_STEP][PASSED] - click: Object: 'Object Repository/Page_KiboPush  Autoposting/button_Save Changes (3)' is clicked on

2019-04-25 17:29:45 - [MESSAGE][PASSED] - Object: 'Object Repository/Page_KiboPush  Autoposting/button_Save Changes (3)' is clicked on

2019-04-25 17:29:45 - [TEST_STEP][PASSED] - click: Object: 'Object Repository/Page_KiboPush  Autoposting/div_Changes saved successfully (2)' is clicked on

2019-04-25 17:29:46 - [MESSAGE][PASSED] - Object: 'Object Repository/Page_KiboPush  Autoposting/div_Changes saved successfully (2)' is clicked on

2019-04-25 17:29:46 - [TEST_STEP][PASSED] - selectOptionByValue: All options with value 'Active' are selected in object 'Object Repository/Page_KiboPush  Autoposting/select_ActiveDisabled (1)'  using regular expression

2019-04-25 17:29:46 - [MESSAGE][PASSED] - All options with value 'Active' are selected in object 'Object Repository/Page_KiboPush  Autoposting/select_ActiveDisabled (1)'  using regular expression

2019-04-25 17:29:46 - [TEST_STEP][PASSED] - click: Object: 'Object Repository/Page_KiboPush  Autoposting/button_Save Changes (3)' is clicked on

2019-04-25 17:29:46 - [MESSAGE][PASSED] - Object: 'Object Repository/Page_KiboPush  Autoposting/button_Save Changes (3)' is clicked on

2019-04-25 17:29:46 - [TEST_STEP][PASSED] - click: Object: 'Object Repository/Page_KiboPush  Autoposting/div_Changes saved successfully (2)' is clicked on

2019-04-25 17:29:46 - [MESSAGE][PASSED] - Object: 'Object Repository/Page_KiboPush  Autoposting/div_Changes saved successfully (2)' is clicked on]]></system-out>
         <system-err><![CDATA[]]></system-err>
      </testcase>
      <testcase name="Test Cases/Autoposting TestCases/TC0390-BackButton" classname="Test Cases/Autoposting TestCases/TC0390-BackButton" status="PASSED">
         <system-out><![CDATA[2019-04-25 17:29:46 - [TEST_CASE][PASSED] - Test Cases/Autoposting TestCases/TC0390-BackButton: Test Cases/Autoposting TestCases/TC0390-BackButton

2019-04-25 17:29:46 - [TEST_STEP][PASSED] - callTestCase: Call Test Case 'Test Cases/Autoposting TestCases/TC0382' successfully

2019-04-25 17:29:47 - [TEST_CASE][PASSED] - Test Cases/Autoposting TestCases/TC0382: Test Cases/Autoposting TestCases/TC0382

2019-04-25 17:29:47 - [TEST_STEP][PASSED] - callTestCase: Call Test Case 'Test Cases/s-sidebar_navigation/individualAccount/Autoposting' successfully

2019-04-25 17:29:47 - [TEST_CASE][PASSED] - Test Cases/s-sidebar_navigation/individualAccount/Autoposting: Test Cases/s-sidebar_navigation/individualAccount/Autoposting

2019-04-25 17:29:47 - [TEST_STEP][PASSED] - click: Object: 'Object Repository/Page_KiboPush  Dashboard/span_Sequence Messaging' is clicked on

2019-04-25 17:29:47 - [MESSAGE][PASSED] - Object: 'Object Repository/Page_KiboPush  Dashboard/span_Sequence Messaging' is clicked on

2019-04-25 17:29:47 - [TEST_STEP][PASSED] - delay: Delayed 1 second(s)

2019-04-25 17:29:48 - [MESSAGE][PASSED] - Delayed 1 second(s)

2019-04-25 17:29:48 - [TEST_STEP][PASSED] - click: Object: 'Object Repository/Page_KiboPush  Dashboard/span_Autoposting' is clicked on

2019-04-25 17:29:48 - [MESSAGE][PASSED] - Object: 'Object Repository/Page_KiboPush  Dashboard/span_Autoposting' is clicked on

2019-04-25 17:29:48 - [TEST_STEP][PASSED] - scrollToPosition: Browser is scrolled to position x = 0, y = 0

2019-04-25 17:29:48 - [MESSAGE][PASSED] - Browser is scrolled to position x = 0, y = 0

2019-04-25 17:29:48 - [TEST_STEP][PASSED] - click: Object: 'Object Repository/Page_KiboPush  Autoposting/h3_Auto Posting' is clicked on

2019-04-25 17:29:48 - [MESSAGE][PASSED] - Object: 'Object Repository/Page_KiboPush  Autoposting/h3_Auto Posting' is clicked on

2019-04-25 17:29:48 - [TEST_STEP][PASSED] - delay: Delayed 2 second(s)

2019-04-25 17:29:50 - [MESSAGE][PASSED] - Delayed 2 second(s)

2019-04-25 17:29:50 - [MESSAGE][PASSED] - Call Test Case 'Test Cases/s-sidebar_navigation/individualAccount/Autoposting' successfully

2019-04-25 17:29:50 - [TEST_STEP][PASSED] - click: Object: 'Object Repository/Page_KiboPush  Autoposting/i_la la-gear (3)' is clicked on

2019-04-25 17:29:50 - [MESSAGE][PASSED] - Object: 'Object Repository/Page_KiboPush  Autoposting/i_la la-gear (3)' is clicked on

2019-04-25 17:29:50 - [TEST_STEP][PASSED] - scrollToPosition: Browser is scrolled to position x = 0, y = 0

2019-04-25 17:29:50 - [MESSAGE][PASSED] - Browser is scrolled to position x = 0, y = 0

2019-04-25 17:29:50 - [TEST_STEP][PASSED] - click: Object: 'Object Repository/Page_KiboPush  Autoposting/h3_Feed Settings' is clicked on

2019-04-25 17:29:51 - [MESSAGE][PASSED] - Object: 'Object Repository/Page_KiboPush  Autoposting/h3_Feed Settings' is clicked on

2019-04-25 17:29:51 - [MESSAGE][PASSED] - Call Test Case 'Test Cases/Autoposting TestCases/TC0382' successfully

2019-04-25 17:29:51 - [TEST_STEP][PASSED] - setText: Text '' is set on object 'Object Repository/Page_KiboPush  Autoposting/input_form-control m-input (3)'

2019-04-25 17:29:51 - [MESSAGE][PASSED] - Text '' is set on object 'Object Repository/Page_KiboPush  Autoposting/input_form-control m-input (3)'

2019-04-25 17:29:51 - [TEST_STEP][PASSED] - click: Object: 'Object Repository/Page_KiboPush  Autoposting/button_Back (1) (1)' is clicked on

2019-04-25 17:29:51 - [MESSAGE][PASSED] - Object: 'Object Repository/Page_KiboPush  Autoposting/button_Back (1) (1)' is clicked on

2019-04-25 17:29:51 - [TEST_STEP][PASSED] - scrollToPosition: Browser is scrolled to position x = 0, y = 0

2019-04-25 17:29:51 - [MESSAGE][PASSED] - Browser is scrolled to position x = 0, y = 0

2019-04-25 17:29:51 - [TEST_STEP][PASSED] - click: Object: 'Object Repository/Page_KiboPush  Autoposting/h3_Auto Posting (1)' is clicked on

2019-04-25 17:29:51 - [MESSAGE][PASSED] - Object: 'Object Repository/Page_KiboPush  Autoposting/h3_Auto Posting (1)' is clicked on]]></system-out>
         <system-err><![CDATA[]]></system-err>
      </testcase>
      <testcase name="Test Cases/Autoposting TestCases/TC0390" classname="Test Cases/Autoposting TestCases/TC0390" status="PASSED">
         <system-out><![CDATA[2019-04-25 17:29:51 - [TEST_CASE][PASSED] - Test Cases/Autoposting TestCases/TC0390: Test Cases/Autoposting TestCases/TC0390

2019-04-25 17:29:51 - [TEST_STEP][PASSED] - callTestCase: Call Test Case 'Test Cases/Autoposting TestCases/TC0383' successfully

2019-04-25 17:29:51 - [TEST_CASE][PASSED] - Test Cases/Autoposting TestCases/TC0383: Test Cases/Autoposting TestCases/TC0383

2019-04-25 17:29:51 - [TEST_STEP][PASSED] - callTestCase: Call Test Case 'Test Cases/Autoposting TestCases/TC0382' successfully

2019-04-25 17:29:51 - [TEST_CASE][PASSED] - Test Cases/Autoposting TestCases/TC0382: Test Cases/Autoposting TestCases/TC0382

2019-04-25 17:29:51 - [TEST_STEP][PASSED] - callTestCase: Call Test Case 'Test Cases/s-sidebar_navigation/individualAccount/Autoposting' successfully

2019-04-25 17:29:51 - [TEST_CASE][PASSED] - Test Cases/s-sidebar_navigation/individualAccount/Autoposting: Test Cases/s-sidebar_navigation/individualAccount/Autoposting

2019-04-25 17:29:51 - [TEST_STEP][PASSED] - click: Object: 'Object Repository/Page_KiboPush  Dashboard/span_Sequence Messaging' is clicked on

2019-04-25 17:29:51 - [MESSAGE][PASSED] - Object: 'Object Repository/Page_KiboPush  Dashboard/span_Sequence Messaging' is clicked on

2019-04-25 17:29:51 - [TEST_STEP][PASSED] - delay: Delayed 1 second(s)

2019-04-25 17:29:52 - [MESSAGE][PASSED] - Delayed 1 second(s)

2019-04-25 17:29:52 - [TEST_STEP][PASSED] - click: Object: 'Object Repository/Page_KiboPush  Dashboard/span_Autoposting' is clicked on

2019-04-25 17:29:53 - [MESSAGE][PASSED] - Object: 'Object Repository/Page_KiboPush  Dashboard/span_Autoposting' is clicked on

2019-04-25 17:29:53 - [TEST_STEP][PASSED] - scrollToPosition: Browser is scrolled to position x = 0, y = 0

2019-04-25 17:29:53 - [MESSAGE][PASSED] - Browser is scrolled to position x = 0, y = 0

2019-04-25 17:29:53 - [TEST_STEP][PASSED] - click: Object: 'Object Repository/Page_KiboPush  Autoposting/h3_Auto Posting' is clicked on

2019-04-25 17:29:53 - [MESSAGE][PASSED] - Object: 'Object Repository/Page_KiboPush  Autoposting/h3_Auto Posting' is clicked on

2019-04-25 17:29:53 - [TEST_STEP][PASSED] - delay: Delayed 2 second(s)

2019-04-25 17:29:55 - [MESSAGE][PASSED] - Delayed 2 second(s)

2019-04-25 17:29:55 - [MESSAGE][PASSED] - Call Test Case 'Test Cases/s-sidebar_navigation/individualAccount/Autoposting' successfully

2019-04-25 17:29:55 - [TEST_STEP][PASSED] - click: Object: 'Object Repository/Page_KiboPush  Autoposting/i_la la-gear (3)' is clicked on

2019-04-25 17:29:55 - [MESSAGE][PASSED] - Object: 'Object Repository/Page_KiboPush  Autoposting/i_la la-gear (3)' is clicked on

2019-04-25 17:29:55 - [TEST_STEP][PASSED] - scrollToPosition: Browser is scrolled to position x = 0, y = 0

2019-04-25 17:29:55 - [MESSAGE][PASSED] - Browser is scrolled to position x = 0, y = 0

2019-04-25 17:29:55 - [TEST_STEP][PASSED] - click: Object: 'Object Repository/Page_KiboPush  Autoposting/h3_Feed Settings' is clicked on

2019-04-25 17:29:55 - [MESSAGE][PASSED] - Object: 'Object Repository/Page_KiboPush  Autoposting/h3_Feed Settings' is clicked on

2019-04-25 17:29:55 - [MESSAGE][PASSED] - Call Test Case 'Test Cases/Autoposting TestCases/TC0382' successfully

2019-04-25 17:29:55 - [TEST_STEP][PASSED] - click: Object: 'Object Repository/Page_KiboPush  Autoposting/h3_Feed Settings (4)' is clicked on

2019-04-25 17:29:55 - [MESSAGE][PASSED] - Object: 'Object Repository/Page_KiboPush  Autoposting/h3_Feed Settings (4)' is clicked on

2019-04-25 17:29:55 - [TEST_STEP][PASSED] - setText: Text 'Facebook' is set on object 'Object Repository/Page_KiboPush  Autoposting/input_form-control m-input (3)'

2019-04-25 17:29:55 - [MESSAGE][PASSED] - Text 'Facebook' is set on object 'Object Repository/Page_KiboPush  Autoposting/input_form-control m-input (3)'

2019-04-25 17:29:55 - [TEST_STEP][PASSED] - click: Object: 'Object Repository/Page_KiboPush  Autoposting/button_Save Changes (2)' is clicked on

2019-04-25 17:29:56 - [MESSAGE][PASSED] - Object: 'Object Repository/Page_KiboPush  Autoposting/button_Save Changes (2)' is clicked on

2019-04-25 17:29:56 - [TEST_STEP][PASSED] - click: Object: 'Object Repository/Page_KiboPush  Autoposting/div_Changes saved successfully (1)' is clicked on

2019-04-25 17:29:57 - [MESSAGE][PASSED] - Object: 'Object Repository/Page_KiboPush  Autoposting/div_Changes saved successfully (1)' is clicked on

2019-04-25 17:29:57 - [TEST_STEP][PASSED] - setText: Text 'Facebook Page' is set on object 'Object Repository/Page_KiboPush  Autoposting/input_form-control m-input (3)'

2019-04-25 17:29:57 - [MESSAGE][PASSED] - Text 'Facebook Page' is set on object 'Object Repository/Page_KiboPush  Autoposting/input_form-control m-input (3)'

2019-04-25 17:29:57 - [TEST_STEP][PASSED] - click: Object: 'Object Repository/Page_KiboPush  Autoposting/button_Save Changes (2)' is clicked on

2019-04-25 17:29:57 - [MESSAGE][PASSED] - Object: 'Object Repository/Page_KiboPush  Autoposting/button_Save Changes (2)' is clicked on

2019-04-25 17:29:57 - [TEST_STEP][PASSED] - click: Object: 'Object Repository/Page_KiboPush  Autoposting/div_Changes saved successfully (1)' is clicked on

2019-04-25 17:29:57 - [MESSAGE][PASSED] - Object: 'Object Repository/Page_KiboPush  Autoposting/div_Changes saved successfully (1)' is clicked on

2019-04-25 17:29:57 - [MESSAGE][PASSED] - Call Test Case 'Test Cases/Autoposting TestCases/TC0383' successfully]]></system-out>
         <system-err><![CDATA[]]></system-err>
      </testcase>
      <testcase name="Test Cases/Autoposting TestCases/TC0391" classname="Test Cases/Autoposting TestCases/TC0391" status="PASSED">
         <system-out><![CDATA[2019-04-25 17:29:57 - [TEST_CASE][PASSED] - Test Cases/Autoposting TestCases/TC0391: Test Cases/Autoposting TestCases/TC0391

2019-04-25 17:29:57 - [TEST_STEP][PASSED] - callTestCase: Call Test Case 'Test Cases/s-sidebar_navigation/individualAccount/Autoposting' successfully

2019-04-25 17:29:57 - [TEST_CASE][PASSED] - Test Cases/s-sidebar_navigation/individualAccount/Autoposting: Test Cases/s-sidebar_navigation/individualAccount/Autoposting

2019-04-25 17:29:57 - [TEST_STEP][PASSED] - click: Object: 'Object Repository/Page_KiboPush  Dashboard/span_Sequence Messaging' is clicked on

2019-04-25 17:29:58 - [MESSAGE][PASSED] - Object: 'Object Repository/Page_KiboPush  Dashboard/span_Sequence Messaging' is clicked on

2019-04-25 17:29:58 - [TEST_STEP][PASSED] - delay: Delayed 1 second(s)

2019-04-25 17:29:59 - [MESSAGE][PASSED] - Delayed 1 second(s)

2019-04-25 17:29:59 - [TEST_STEP][PASSED] - click: Object: 'Object Repository/Page_KiboPush  Dashboard/span_Autoposting' is clicked on

2019-04-25 17:29:59 - [MESSAGE][PASSED] - Object: 'Object Repository/Page_KiboPush  Dashboard/span_Autoposting' is clicked on

2019-04-25 17:29:59 - [TEST_STEP][PASSED] - scrollToPosition: Browser is scrolled to position x = 0, y = 0

2019-04-25 17:29:59 - [MESSAGE][PASSED] - Browser is scrolled to position x = 0, y = 0

2019-04-25 17:29:59 - [TEST_STEP][PASSED] - click: Object: 'Object Repository/Page_KiboPush  Autoposting/h3_Auto Posting' is clicked on

2019-04-25 17:29:59 - [MESSAGE][PASSED] - Object: 'Object Repository/Page_KiboPush  Autoposting/h3_Auto Posting' is clicked on

2019-04-25 17:29:59 - [TEST_STEP][PASSED] - delay: Delayed 2 second(s)

2019-04-25 17:30:01 - [MESSAGE][PASSED] - Delayed 2 second(s)

2019-04-25 17:30:01 - [MESSAGE][PASSED] - Call Test Case 'Test Cases/s-sidebar_navigation/individualAccount/Autoposting' successfully

2019-04-25 17:30:01 - [TEST_STEP][PASSED] - click: Object: 'Object Repository/Page_KiboPush  Autoposting/i_la la-envelope (1)' is clicked on

2019-04-25 17:30:01 - [MESSAGE][PASSED] - Object: 'Object Repository/Page_KiboPush  Autoposting/i_la la-envelope (1)' is clicked on

2019-04-25 17:30:01 - [TEST_STEP][PASSED] - scrollToPosition: Browser is scrolled to position x = 0, y = 0

2019-04-25 17:30:01 - [MESSAGE][PASSED] - Browser is scrolled to position x = 0, y = 0

2019-04-25 17:30:01 - [TEST_STEP][PASSED] - click: Object: 'Object Repository/Page_KiboPush  Autoposting Messages/h3_Autoposting Messages (2)' is clicked on

2019-04-25 17:30:01 - [MESSAGE][PASSED] - Object: 'Object Repository/Page_KiboPush  Autoposting Messages/h3_Autoposting Messages (2)' is clicked on

2019-04-25 17:30:01 - [TEST_STEP][PASSED] - click: Object: 'Object Repository/Page_KiboPush  Autoposting Messages/h3_History' is clicked on

2019-04-25 17:30:01 - [MESSAGE][PASSED] - Object: 'Object Repository/Page_KiboPush  Autoposting Messages/h3_History' is clicked on]]></system-out>
         <system-err><![CDATA[]]></system-err>
      </testcase>
      <testcase name="Test Cases/Autoposting TestCases/TC0394" classname="Test Cases/Autoposting TestCases/TC0394" status="PASSED">
         <system-out><![CDATA[2019-04-25 17:30:01 - [TEST_CASE][PASSED] - Test Cases/Autoposting TestCases/TC0394: Test Cases/Autoposting TestCases/TC0394

2019-04-25 17:30:02 - [TEST_STEP][PASSED] - callTestCase: Call Test Case 'Test Cases/Autoposting TestCases/TC0391' successfully

2019-04-25 17:30:02 - [TEST_CASE][PASSED] - Test Cases/Autoposting TestCases/TC0391: Test Cases/Autoposting TestCases/TC0391

2019-04-25 17:30:02 - [TEST_STEP][PASSED] - callTestCase: Call Test Case 'Test Cases/s-sidebar_navigation/individualAccount/Autoposting' successfully

2019-04-25 17:30:02 - [TEST_CASE][PASSED] - Test Cases/s-sidebar_navigation/individualAccount/Autoposting: Test Cases/s-sidebar_navigation/individualAccount/Autoposting

2019-04-25 17:30:02 - [TEST_STEP][PASSED] - click: Object: 'Object Repository/Page_KiboPush  Dashboard/span_Sequence Messaging' is clicked on

2019-04-25 17:30:02 - [MESSAGE][PASSED] - Object: 'Object Repository/Page_KiboPush  Dashboard/span_Sequence Messaging' is clicked on

2019-04-25 17:30:02 - [TEST_STEP][PASSED] - delay: Delayed 1 second(s)

2019-04-25 17:30:03 - [MESSAGE][PASSED] - Delayed 1 second(s)

2019-04-25 17:30:03 - [TEST_STEP][PASSED] - click: Object: 'Object Repository/Page_KiboPush  Dashboard/span_Autoposting' is clicked on

2019-04-25 17:30:03 - [MESSAGE][PASSED] - Object: 'Object Repository/Page_KiboPush  Dashboard/span_Autoposting' is clicked on

2019-04-25 17:30:03 - [TEST_STEP][PASSED] - scrollToPosition: Browser is scrolled to position x = 0, y = 0

2019-04-25 17:30:03 - [MESSAGE][PASSED] - Browser is scrolled to position x = 0, y = 0

2019-04-25 17:30:03 - [TEST_STEP][PASSED] - click: Object: 'Object Repository/Page_KiboPush  Autoposting/h3_Auto Posting' is clicked on

2019-04-25 17:30:03 - [MESSAGE][PASSED] - Object: 'Object Repository/Page_KiboPush  Autoposting/h3_Auto Posting' is clicked on

2019-04-25 17:30:03 - [TEST_STEP][PASSED] - delay: Delayed 2 second(s)

2019-04-25 17:30:05 - [MESSAGE][PASSED] - Delayed 2 second(s)

2019-04-25 17:30:05 - [MESSAGE][PASSED] - Call Test Case 'Test Cases/s-sidebar_navigation/individualAccount/Autoposting' successfully

2019-04-25 17:30:05 - [TEST_STEP][PASSED] - click: Object: 'Object Repository/Page_KiboPush  Autoposting/i_la la-envelope (1)' is clicked on

2019-04-25 17:30:05 - [MESSAGE][PASSED] - Object: 'Object Repository/Page_KiboPush  Autoposting/i_la la-envelope (1)' is clicked on

2019-04-25 17:30:05 - [TEST_STEP][PASSED] - scrollToPosition: Browser is scrolled to position x = 0, y = 0

2019-04-25 17:30:05 - [MESSAGE][PASSED] - Browser is scrolled to position x = 0, y = 0

2019-04-25 17:30:05 - [TEST_STEP][PASSED] - click: Object: 'Object Repository/Page_KiboPush  Autoposting Messages/h3_Autoposting Messages (2)' is clicked on

2019-04-25 17:30:05 - [MESSAGE][PASSED] - Object: 'Object Repository/Page_KiboPush  Autoposting Messages/h3_Autoposting Messages (2)' is clicked on

2019-04-25 17:30:05 - [TEST_STEP][PASSED] - click: Object: 'Object Repository/Page_KiboPush  Autoposting Messages/h3_History' is clicked on

2019-04-25 17:30:06 - [MESSAGE][PASSED] - Object: 'Object Repository/Page_KiboPush  Autoposting Messages/h3_History' is clicked on

2019-04-25 17:30:06 - [MESSAGE][PASSED] - Call Test Case 'Test Cases/Autoposting TestCases/TC0391' successfully

2019-04-25 17:30:06 - [TEST_STEP][PASSED] - click: Object: 'Object Repository/Page_KiboPush  Autoposting Messages/a_Back' is clicked on

2019-04-25 17:30:06 - [MESSAGE][PASSED] - Object: 'Object Repository/Page_KiboPush  Autoposting Messages/a_Back' is clicked on

2019-04-25 17:30:06 - [TEST_STEP][PASSED] - scrollToPosition: Browser is scrolled to position x = 0, y = 0

2019-04-25 17:30:06 - [MESSAGE][PASSED] - Browser is scrolled to position x = 0, y = 0

2019-04-25 17:30:06 - [TEST_STEP][PASSED] - click: Object: 'Object Repository/Page_KiboPush  Autoposting/h3_Auto Posting' is clicked on

2019-04-25 17:30:06 - [MESSAGE][PASSED] - Object: 'Object Repository/Page_KiboPush  Autoposting/h3_Auto Posting' is clicked on]]></system-out>
         <system-err><![CDATA[]]></system-err>
      </testcase>
      <testcase name="Test Cases/Autoposting TestCases/TC0395" classname="Test Cases/Autoposting TestCases/TC0395" status="FAILED">
         <failure type="FAILED" message="ERROR: No Table Present"/>
         <system-out><![CDATA[2019-04-25 17:30:06 - [TEST_CASE][FAILED] - Test Cases/Autoposting TestCases/TC0395: Test Cases/Autoposting TestCases/TC0395 FAILED because (of) ERROR: No Table Present

2019-04-25 17:30:06 - [TEST_STEP][PASSED] - callTestCase: Call Test Case 'Test Cases/s-sidebar_navigation/individualAccount/Autoposting' successfully

2019-04-25 17:30:06 - [TEST_CASE][PASSED] - Test Cases/s-sidebar_navigation/individualAccount/Autoposting: Test Cases/s-sidebar_navigation/individualAccount/Autoposting

2019-04-25 17:30:06 - [TEST_STEP][PASSED] - click: Object: 'Object Repository/Page_KiboPush  Dashboard/span_Sequence Messaging' is clicked on

2019-04-25 17:30:06 - [MESSAGE][PASSED] - Object: 'Object Repository/Page_KiboPush  Dashboard/span_Sequence Messaging' is clicked on

2019-04-25 17:30:06 - [TEST_STEP][PASSED] - delay: Delayed 1 second(s)

2019-04-25 17:30:07 - [MESSAGE][PASSED] - Delayed 1 second(s)

2019-04-25 17:30:07 - [TEST_STEP][PASSED] - click: Object: 'Object Repository/Page_KiboPush  Dashboard/span_Autoposting' is clicked on

2019-04-25 17:30:08 - [MESSAGE][PASSED] - Object: 'Object Repository/Page_KiboPush  Dashboard/span_Autoposting' is clicked on

2019-04-25 17:30:08 - [TEST_STEP][PASSED] - scrollToPosition: Browser is scrolled to position x = 0, y = 0

2019-04-25 17:30:08 - [MESSAGE][PASSED] - Browser is scrolled to position x = 0, y = 0

2019-04-25 17:30:08 - [TEST_STEP][PASSED] - click: Object: 'Object Repository/Page_KiboPush  Autoposting/h3_Auto Posting' is clicked on

2019-04-25 17:30:08 - [MESSAGE][PASSED] - Object: 'Object Repository/Page_KiboPush  Autoposting/h3_Auto Posting' is clicked on

2019-04-25 17:30:08 - [TEST_STEP][PASSED] - delay: Delayed 2 second(s)

2019-04-25 17:30:10 - [MESSAGE][PASSED] - Delayed 2 second(s)

2019-04-25 17:30:10 - [MESSAGE][PASSED] - Call Test Case 'Test Cases/s-sidebar_navigation/individualAccount/Autoposting' successfully

2019-04-25 17:30:10 - [TEST_STEP][PASSED] - click: Object: 'Object Repository/Page_KiboPush  Autoposting/i_la la-envelope (1)' is clicked on

2019-04-25 17:30:10 - [MESSAGE][PASSED] - Object: 'Object Repository/Page_KiboPush  Autoposting/i_la la-envelope (1)' is clicked on

2019-04-25 17:30:10 - [TEST_STEP][PASSED] - scrollToPosition: Browser is scrolled to position x = 0, y = 0

2019-04-25 17:30:10 - [MESSAGE][PASSED] - Browser is scrolled to position x = 0, y = 0

2019-04-25 17:30:10 - [TEST_STEP][PASSED] - click: Object: 'Object Repository/Page_KiboPush  Autoposting Messages/h3_Autoposting Messages (2)' is clicked on

2019-04-25 17:30:10 - [MESSAGE][PASSED] - Object: 'Object Repository/Page_KiboPush  Autoposting Messages/h3_Autoposting Messages (2)' is clicked on

2019-04-25 17:30:10 - [TEST_STEP][PASSED] - delay: Delayed 5 second(s)

2019-04-25 17:30:15 - [MESSAGE][PASSED] - Delayed 5 second(s)

2019-04-25 17:30:15 - [TEST_STEP][PASSED] - Statement - date_page1 = getFirstRowDate(): null

2019-04-25 17:30:15 - [TEST_STEP][PASSED] - Statement - driver = com.kms.katalon.core.webui.driver.DriverFactory.getWebDriver(): null

2019-04-25 17:30:15 - [TEST_STEP][PASSED] - Statement - Try: null

2019-04-25 17:30:15 - [TEST_STEP][PASSED] - Statement - Table = driver.findElement(org.openqa.selenium.By.xpath("//table/tbody")): null

2019-04-25 17:30:15 - [TEST_STEP][PASSED] - Statement - Catch (Exception e): null

2019-04-25 17:30:15 - [TEST_STEP][PASSED] - Statement - com.kms.katalon.core.util.KeywordUtil.markFailed("ERROR: No Table Present"): null

2019-04-25 17:30:15 - [TEST_STEP][FAILED] - click: Unable to click on object (Root cause: java.lang.IllegalArgumentException: Object is null)

2019-04-25 17:30:15 - [MESSAGE][WARNING] - Test object with id 'Object Repository/Page_KiboPush  Autoposting Messages/a_next' does not exist

2019-04-25 17:30:15 - [MESSAGE][WARNING] - Test object with id 'Object Repository/' does not exist

2019-04-25 17:30:16 - [MESSAGE][FAILED] - Unable to click on object (Root cause: java.lang.IllegalArgumentException: Object is null)
[[ATTACHMENT|C:\\Users\\cloudkibo\\Desktop\\KiboPush_Automated_Testing\\KiboPush Katalon\\Reports\\Autoposting\\20190425_170238\\1556195415599.png]]]]></system-out>
         <system-err><![CDATA[2019-04-25 17:30:06 - [TEST_CASE][FAILED] - Test Cases/Autoposting TestCases/TC0395: Test Cases/Autoposting TestCases/TC0395 FAILED because (of) ERROR: No Table Present]]></system-err>
      </testcase>
      <testcase name="Test Cases/Autoposting TestCases/TC0396" classname="Test Cases/Autoposting TestCases/TC0396" status="FAILED">
         <failure type="FAILED" message="Unable to click on object (Root cause: java.lang.IllegalArgumentException: Object is null)"/>
         <system-out><![CDATA[2019-04-25 17:30:16 - [TEST_CASE][FAILED] - Test Cases/Autoposting TestCases/TC0396: Test Cases/Autoposting TestCases/TC0396 FAILED because (of) Unable to click on object (Root cause: java.lang.IllegalArgumentException: Object is null)

2019-04-25 17:30:16 - [TEST_STEP][PASSED] - callTestCase: Call Test Case 'Test Cases/s-sidebar_navigation/individualAccount/Autoposting' successfully

2019-04-25 17:30:16 - [TEST_CASE][PASSED] - Test Cases/s-sidebar_navigation/individualAccount/Autoposting: Test Cases/s-sidebar_navigation/individualAccount/Autoposting

2019-04-25 17:30:16 - [TEST_STEP][PASSED] - click: Object: 'Object Repository/Page_KiboPush  Dashboard/span_Sequence Messaging' is clicked on

2019-04-25 17:30:16 - [MESSAGE][PASSED] - Object: 'Object Repository/Page_KiboPush  Dashboard/span_Sequence Messaging' is clicked on

2019-04-25 17:30:16 - [TEST_STEP][PASSED] - delay: Delayed 1 second(s)

2019-04-25 17:30:17 - [MESSAGE][PASSED] - Delayed 1 second(s)

2019-04-25 17:30:17 - [TEST_STEP][PASSED] - click: Object: 'Object Repository/Page_KiboPush  Dashboard/span_Autoposting' is clicked on

2019-04-25 17:30:17 - [MESSAGE][PASSED] - Object: 'Object Repository/Page_KiboPush  Dashboard/span_Autoposting' is clicked on

2019-04-25 17:30:17 - [TEST_STEP][PASSED] - scrollToPosition: Browser is scrolled to position x = 0, y = 0

2019-04-25 17:30:17 - [MESSAGE][PASSED] - Browser is scrolled to position x = 0, y = 0

2019-04-25 17:30:17 - [TEST_STEP][PASSED] - click: Object: 'Object Repository/Page_KiboPush  Autoposting/h3_Auto Posting' is clicked on

2019-04-25 17:30:18 - [MESSAGE][PASSED] - Object: 'Object Repository/Page_KiboPush  Autoposting/h3_Auto Posting' is clicked on

2019-04-25 17:30:18 - [TEST_STEP][PASSED] - delay: Delayed 2 second(s)

2019-04-25 17:30:20 - [MESSAGE][PASSED] - Delayed 2 second(s)

2019-04-25 17:30:20 - [MESSAGE][PASSED] - Call Test Case 'Test Cases/s-sidebar_navigation/individualAccount/Autoposting' successfully

2019-04-25 17:30:20 - [TEST_STEP][PASSED] - click: Object: 'Object Repository/Page_KiboPush  Autoposting/i_la la-envelope (1)' is clicked on

2019-04-25 17:30:20 - [MESSAGE][PASSED] - Object: 'Object Repository/Page_KiboPush  Autoposting/i_la la-envelope (1)' is clicked on

2019-04-25 17:30:20 - [TEST_STEP][PASSED] - scrollToPosition: Browser is scrolled to position x = 0, y = 0

2019-04-25 17:30:20 - [MESSAGE][PASSED] - Browser is scrolled to position x = 0, y = 0

2019-04-25 17:30:20 - [TEST_STEP][PASSED] - click: Object: 'Object Repository/Page_KiboPush  Autoposting Messages/h3_Autoposting Messages (2)' is clicked on

2019-04-25 17:30:20 - [MESSAGE][PASSED] - Object: 'Object Repository/Page_KiboPush  Autoposting Messages/h3_Autoposting Messages (2)' is clicked on

2019-04-25 17:30:20 - [TEST_STEP][PASSED] - delay: Delayed 3 second(s)

2019-04-25 17:30:23 - [MESSAGE][PASSED] - Delayed 3 second(s)

2019-04-25 17:30:23 - [TEST_STEP][FAILED] - click: Unable to click on object (Root cause: java.lang.IllegalArgumentException: Object is null)

2019-04-25 17:30:23 - [MESSAGE][WARNING] - Test object with id 'Object Repository/Page_KiboPush  Autoposting Messages/a_next' does not exist

2019-04-25 17:30:23 - [MESSAGE][WARNING] - Test object with id 'Object Repository/' does not exist

2019-04-25 17:30:23 - [MESSAGE][FAILED] - Unable to click on object (Root cause: java.lang.IllegalArgumentException: Object is null)
[[ATTACHMENT|C:\\Users\\cloudkibo\\Desktop\\KiboPush_Automated_Testing\\KiboPush Katalon\\Reports\\Autoposting\\20190425_170238\\1556195423532.png]]]]></system-out>
         <system-err><![CDATA[2019-04-25 17:30:16 - [TEST_CASE][FAILED] - Test Cases/Autoposting TestCases/TC0396: Test Cases/Autoposting TestCases/TC0396 FAILED because (of) Unable to click on object (Root cause: java.lang.IllegalArgumentException: Object is null)]]></system-err>
      </testcase>
      <testcase name="Test Cases/Autoposting TestCases/TC0397" classname="Test Cases/Autoposting TestCases/TC0397" status="FAILED">
         <failure type="FAILED" message="ERROR: No Table Present"/>
         <system-out><![CDATA[2019-04-25 17:30:23 - [TEST_CASE][FAILED] - Test Cases/Autoposting TestCases/TC0397: Test Cases/Autoposting TestCases/TC0397 FAILED because (of) ERROR: No Table Present

2019-04-25 17:30:24 - [TEST_STEP][PASSED] - callTestCase: Call Test Case 'Test Cases/s-sidebar_navigation/individualAccount/Autoposting' successfully

2019-04-25 17:30:24 - [TEST_CASE][PASSED] - Test Cases/s-sidebar_navigation/individualAccount/Autoposting: Test Cases/s-sidebar_navigation/individualAccount/Autoposting

2019-04-25 17:30:24 - [TEST_STEP][PASSED] - click: Object: 'Object Repository/Page_KiboPush  Dashboard/span_Sequence Messaging' is clicked on

2019-04-25 17:30:24 - [MESSAGE][PASSED] - Object: 'Object Repository/Page_KiboPush  Dashboard/span_Sequence Messaging' is clicked on

2019-04-25 17:30:24 - [TEST_STEP][PASSED] - delay: Delayed 1 second(s)

2019-04-25 17:30:25 - [MESSAGE][PASSED] - Delayed 1 second(s)

2019-04-25 17:30:25 - [TEST_STEP][PASSED] - click: Object: 'Object Repository/Page_KiboPush  Dashboard/span_Autoposting' is clicked on

2019-04-25 17:30:27 - [MESSAGE][PASSED] - Object: 'Object Repository/Page_KiboPush  Dashboard/span_Autoposting' is clicked on

2019-04-25 17:30:27 - [TEST_STEP][PASSED] - scrollToPosition: Browser is scrolled to position x = 0, y = 0

2019-04-25 17:30:27 - [MESSAGE][PASSED] - Browser is scrolled to position x = 0, y = 0

2019-04-25 17:30:27 - [TEST_STEP][PASSED] - click: Object: 'Object Repository/Page_KiboPush  Autoposting/h3_Auto Posting' is clicked on

2019-04-25 17:30:27 - [MESSAGE][PASSED] - Object: 'Object Repository/Page_KiboPush  Autoposting/h3_Auto Posting' is clicked on

2019-04-25 17:30:27 - [TEST_STEP][PASSED] - delay: Delayed 2 second(s)

2019-04-25 17:30:29 - [MESSAGE][PASSED] - Delayed 2 second(s)

2019-04-25 17:30:29 - [MESSAGE][PASSED] - Call Test Case 'Test Cases/s-sidebar_navigation/individualAccount/Autoposting' successfully

2019-04-25 17:30:29 - [TEST_STEP][PASSED] - click: Object: 'Object Repository/Page_KiboPush  Autoposting/i_la la-envelope (1)' is clicked on

2019-04-25 17:30:30 - [MESSAGE][PASSED] - Object: 'Object Repository/Page_KiboPush  Autoposting/i_la la-envelope (1)' is clicked on

2019-04-25 17:30:30 - [TEST_STEP][PASSED] - scrollToPosition: Browser is scrolled to position x = 0, y = 0

2019-04-25 17:30:30 - [MESSAGE][PASSED] - Browser is scrolled to position x = 0, y = 0

2019-04-25 17:30:30 - [TEST_STEP][PASSED] - click: Object: 'Object Repository/Page_KiboPush  Autoposting Messages/h3_Autoposting Messages (2)' is clicked on

2019-04-25 17:30:30 - [MESSAGE][PASSED] - Object: 'Object Repository/Page_KiboPush  Autoposting Messages/h3_Autoposting Messages (2)' is clicked on

2019-04-25 17:30:30 - [TEST_STEP][PASSED] - delay: Delayed 5 second(s)

2019-04-25 17:30:35 - [MESSAGE][PASSED] - Delayed 5 second(s)

2019-04-25 17:30:35 - [TEST_STEP][PASSED] - Statement - date_page1 = getFirstRowDate(): null

2019-04-25 17:30:35 - [TEST_STEP][PASSED] - Statement - driver = com.kms.katalon.core.webui.driver.DriverFactory.getWebDriver(): null

2019-04-25 17:30:35 - [TEST_STEP][PASSED] - Statement - Try: null

2019-04-25 17:30:35 - [TEST_STEP][PASSED] - Statement - Table = driver.findElement(org.openqa.selenium.By.xpath("//table/tbody")): null

2019-04-25 17:30:35 - [TEST_STEP][PASSED] - Statement - Catch (Exception e): null

2019-04-25 17:30:35 - [TEST_STEP][PASSED] - Statement - com.kms.katalon.core.util.KeywordUtil.markFailed("ERROR: No Table Present"): null

2019-04-25 17:30:35 - [TEST_STEP][FAILED] - click: Unable to click on object (Root cause: java.lang.IllegalArgumentException: Object is null)

2019-04-25 17:30:35 - [MESSAGE][WARNING] - Test object with id 'Object Repository/Page_KiboPush  Autoposting Messages/a_3' does not exist

2019-04-25 17:30:35 - [MESSAGE][WARNING] - Test object with id 'Object Repository/' does not exist

2019-04-25 17:30:35 - [MESSAGE][FAILED] - Unable to click on object (Root cause: java.lang.IllegalArgumentException: Object is null)
[[ATTACHMENT|C:\\Users\\cloudkibo\\Desktop\\KiboPush_Automated_Testing\\KiboPush Katalon\\Reports\\Autoposting\\20190425_170238\\1556195435376.png]]]]></system-out>
         <system-err><![CDATA[2019-04-25 17:30:23 - [TEST_CASE][FAILED] - Test Cases/Autoposting TestCases/TC0397: Test Cases/Autoposting TestCases/TC0397 FAILED because (of) ERROR: No Table Present]]></system-err>
      </testcase>
      <testcase name="Test Cases/Autoposting TestCases/TC0398" classname="Test Cases/Autoposting TestCases/TC0398" status="PASSED">
         <system-out><![CDATA[2019-04-25 17:30:35 - [TEST_CASE][PASSED] - Test Cases/Autoposting TestCases/TC0398: Test Cases/Autoposting TestCases/TC0398

2019-04-25 17:30:36 - [TEST_STEP][PASSED] - callTestCase: Call Test Case 'Test Cases/s-sidebar_navigation/individualAccount/Autoposting' successfully

2019-04-25 17:30:36 - [TEST_CASE][PASSED] - Test Cases/s-sidebar_navigation/individualAccount/Autoposting: Test Cases/s-sidebar_navigation/individualAccount/Autoposting

2019-04-25 17:30:36 - [TEST_STEP][PASSED] - click: Object: 'Object Repository/Page_KiboPush  Dashboard/span_Sequence Messaging' is clicked on

2019-04-25 17:30:36 - [MESSAGE][PASSED] - Object: 'Object Repository/Page_KiboPush  Dashboard/span_Sequence Messaging' is clicked on

2019-04-25 17:30:36 - [TEST_STEP][PASSED] - delay: Delayed 1 second(s)

2019-04-25 17:30:37 - [MESSAGE][PASSED] - Delayed 1 second(s)

2019-04-25 17:30:37 - [TEST_STEP][PASSED] - click: Object: 'Object Repository/Page_KiboPush  Dashboard/span_Autoposting' is clicked on

2019-04-25 17:30:37 - [MESSAGE][PASSED] - Object: 'Object Repository/Page_KiboPush  Dashboard/span_Autoposting' is clicked on

2019-04-25 17:30:37 - [TEST_STEP][PASSED] - scrollToPosition: Browser is scrolled to position x = 0, y = 0

2019-04-25 17:30:37 - [MESSAGE][PASSED] - Browser is scrolled to position x = 0, y = 0

2019-04-25 17:30:37 - [TEST_STEP][PASSED] - click: Object: 'Object Repository/Page_KiboPush  Autoposting/h3_Auto Posting' is clicked on

2019-04-25 17:30:37 - [MESSAGE][PASSED] - Object: 'Object Repository/Page_KiboPush  Autoposting/h3_Auto Posting' is clicked on

2019-04-25 17:30:37 - [TEST_STEP][PASSED] - delay: Delayed 2 second(s)

2019-04-25 17:30:39 - [MESSAGE][PASSED] - Delayed 2 second(s)

2019-04-25 17:30:39 - [MESSAGE][PASSED] - Call Test Case 'Test Cases/s-sidebar_navigation/individualAccount/Autoposting' successfully

2019-04-25 17:30:39 - [TEST_STEP][PASSED] - verifyTextPresent: Text 'https://www.facebook.com/Test5-2090553931018635' is present on page 

2019-04-25 17:30:39 - [MESSAGE][PASSED] - Text 'https://www.facebook.com/Test5-2090553931018635' is present on page]]></system-out>
         <system-err><![CDATA[]]></system-err>
      </testcase>
      <testcase name="Test Cases/Autoposting TestCases/TC0399" classname="Test Cases/Autoposting TestCases/TC0399" status="PASSED">
         <system-out><![CDATA[2019-04-25 17:30:39 - [TEST_CASE][PASSED] - Test Cases/Autoposting TestCases/TC0399: Test Cases/Autoposting TestCases/TC0399

2019-04-25 17:30:40 - [TEST_STEP][PASSED] - callTestCase: Call Test Case 'Test Cases/s-sidebar_navigation/individualAccount/Autoposting' successfully

2019-04-25 17:30:40 - [TEST_CASE][PASSED] - Test Cases/s-sidebar_navigation/individualAccount/Autoposting: Test Cases/s-sidebar_navigation/individualAccount/Autoposting

2019-04-25 17:30:40 - [TEST_STEP][PASSED] - click: Object: 'Object Repository/Page_KiboPush  Dashboard/span_Sequence Messaging' is clicked on

2019-04-25 17:30:40 - [MESSAGE][PASSED] - Object: 'Object Repository/Page_KiboPush  Dashboard/span_Sequence Messaging' is clicked on

2019-04-25 17:30:40 - [TEST_STEP][PASSED] - delay: Delayed 1 second(s)

2019-04-25 17:30:41 - [MESSAGE][PASSED] - Delayed 1 second(s)

2019-04-25 17:30:41 - [TEST_STEP][PASSED] - click: Object: 'Object Repository/Page_KiboPush  Dashboard/span_Autoposting' is clicked on

2019-04-25 17:30:41 - [MESSAGE][PASSED] - Object: 'Object Repository/Page_KiboPush  Dashboard/span_Autoposting' is clicked on

2019-04-25 17:30:41 - [TEST_STEP][PASSED] - scrollToPosition: Browser is scrolled to position x = 0, y = 0

2019-04-25 17:30:41 - [MESSAGE][PASSED] - Browser is scrolled to position x = 0, y = 0

2019-04-25 17:30:41 - [TEST_STEP][PASSED] - click: Object: 'Object Repository/Page_KiboPush  Autoposting/h3_Auto Posting' is clicked on

2019-04-25 17:30:41 - [MESSAGE][PASSED] - Object: 'Object Repository/Page_KiboPush  Autoposting/h3_Auto Posting' is clicked on

2019-04-25 17:30:41 - [TEST_STEP][PASSED] - delay: Delayed 2 second(s)

2019-04-25 17:30:43 - [MESSAGE][PASSED] - Delayed 2 second(s)

2019-04-25 17:30:43 - [MESSAGE][PASSED] - Call Test Case 'Test Cases/s-sidebar_navigation/individualAccount/Autoposting' successfully

2019-04-25 17:30:43 - [TEST_STEP][PASSED] - click: Object: 'Object Repository/Page_KiboPush  Autoposting/a_' is clicked on

2019-04-25 17:30:43 - [MESSAGE][PASSED] - Object: 'Object Repository/Page_KiboPush  Autoposting/a_' is clicked on

2019-04-25 17:30:43 - [TEST_STEP][PASSED] - click: Object: 'Object Repository/Page_KiboPush  Autoposting/button_Delete' is clicked on

2019-04-25 17:30:44 - [MESSAGE][PASSED] - Object: 'Object Repository/Page_KiboPush  Autoposting/button_Delete' is clicked on

2019-04-25 17:30:44 - [TEST_STEP][PASSED] - delay: Delayed 2 second(s)

2019-04-25 17:30:46 - [MESSAGE][PASSED] - Delayed 2 second(s)]]></system-out>
         <system-err><![CDATA[]]></system-err>
      </testcase>
      <testcase name="Test Cases/Autoposting TestCases/TC0400" classname="Test Cases/Autoposting TestCases/TC0400" status="PASSED">
         <system-out><![CDATA[2019-04-25 17:30:46 - [TEST_CASE][PASSED] - Test Cases/Autoposting TestCases/TC0400: Test Cases/Autoposting TestCases/TC0400

2019-04-25 17:30:46 - [TEST_STEP][PASSED] - callTestCase: Call Test Case 'Test Cases/s-sidebar_navigation/individualAccount/Autoposting' successfully

2019-04-25 17:30:46 - [TEST_CASE][PASSED] - Test Cases/s-sidebar_navigation/individualAccount/Autoposting: Test Cases/s-sidebar_navigation/individualAccount/Autoposting

2019-04-25 17:30:46 - [TEST_STEP][PASSED] - click: Object: 'Object Repository/Page_KiboPush  Dashboard/span_Sequence Messaging' is clicked on

2019-04-25 17:30:46 - [MESSAGE][PASSED] - Object: 'Object Repository/Page_KiboPush  Dashboard/span_Sequence Messaging' is clicked on

2019-04-25 17:30:46 - [TEST_STEP][PASSED] - delay: Delayed 1 second(s)

2019-04-25 17:30:47 - [MESSAGE][PASSED] - Delayed 1 second(s)

2019-04-25 17:30:47 - [TEST_STEP][PASSED] - click: Object: 'Object Repository/Page_KiboPush  Dashboard/span_Autoposting' is clicked on

2019-04-25 17:30:47 - [MESSAGE][PASSED] - Object: 'Object Repository/Page_KiboPush  Dashboard/span_Autoposting' is clicked on

2019-04-25 17:30:47 - [TEST_STEP][PASSED] - scrollToPosition: Browser is scrolled to position x = 0, y = 0

2019-04-25 17:30:47 - [MESSAGE][PASSED] - Browser is scrolled to position x = 0, y = 0

2019-04-25 17:30:47 - [TEST_STEP][PASSED] - click: Object: 'Object Repository/Page_KiboPush  Autoposting/h3_Auto Posting' is clicked on

2019-04-25 17:30:48 - [MESSAGE][PASSED] - Object: 'Object Repository/Page_KiboPush  Autoposting/h3_Auto Posting' is clicked on

2019-04-25 17:30:48 - [TEST_STEP][PASSED] - delay: Delayed 2 second(s)

2019-04-25 17:30:50 - [MESSAGE][PASSED] - Delayed 2 second(s)

2019-04-25 17:30:50 - [MESSAGE][PASSED] - Call Test Case 'Test Cases/s-sidebar_navigation/individualAccount/Autoposting' successfully

2019-04-25 17:30:50 - [TEST_STEP][PASSED] - click: Object: 'Object Repository/Page_KiboPush  Autoposting/span_Add Feed (4) (1)' is clicked on

2019-04-25 17:30:50 - [MESSAGE][PASSED] - Object: 'Object Repository/Page_KiboPush  Autoposting/span_Add Feed (4) (1)' is clicked on

2019-04-25 17:30:50 - [TEST_STEP][PASSED] - click: Object: 'Object Repository/Page_KiboPush  Autoposting/button_Twitter (1) (1)' is clicked on

2019-04-25 17:30:50 - [MESSAGE][PASSED] - Object: 'Object Repository/Page_KiboPush  Autoposting/button_Twitter (1) (1)' is clicked on

2019-04-25 17:30:50 - [TEST_STEP][PASSED] - setText: Text 'https://twitter.com/arveenkumar55' is set on object 'Object Repository/Page_KiboPush  Autoposting/input_form-control (4)'

2019-04-25 17:30:51 - [MESSAGE][PASSED] - Text 'https://twitter.com/arveenkumar55' is set on object 'Object Repository/Page_KiboPush  Autoposting/input_form-control (4)'

2019-04-25 17:30:51 - [TEST_STEP][PASSED] - click: Object: 'Object Repository/Page_KiboPush  Autoposting/button_Add Twitter Account (1)' is clicked on

2019-04-25 17:30:51 - [MESSAGE][PASSED] - Object: 'Object Repository/Page_KiboPush  Autoposting/button_Add Twitter Account (1)' is clicked on

2019-04-25 17:30:51 - [TEST_STEP][PASSED] - delay: Delayed 2 second(s)

2019-04-25 17:30:53 - [MESSAGE][PASSED] - Delayed 2 second(s)

2019-04-25 17:30:53 - [TEST_STEP][PASSED] - click: Object: 'Object Repository/Page_KiboPush  Autoposting/a_' is clicked on

2019-04-25 17:30:53 - [MESSAGE][PASSED] - Object: 'Object Repository/Page_KiboPush  Autoposting/a_' is clicked on

2019-04-25 17:30:53 - [TEST_STEP][PASSED] - click: Object: 'Object Repository/Page_KiboPush  Autoposting/button_Delete' is clicked on

2019-04-25 17:30:53 - [MESSAGE][PASSED] - Object: 'Object Repository/Page_KiboPush  Autoposting/button_Delete' is clicked on]]></system-out>
         <system-err><![CDATA[]]></system-err>
      </testcase>
      <testcase name="Test Cases/Autoposting TestCases/TC0401" classname="Test Cases/Autoposting TestCases/TC0401" status="FAILED">
         <failure type="FAILED" message="Unable to click on object 'Object Repository/Page_KiboPush  Autoposting/button_Delete' (Root cause: org.openqa.selenium.WebDriverException: unknown error: Element &lt;button class=&quot;btn btn-primary btn-sm&quot; style=&quot;float: right;&quot;>...&lt;/button> is not clickable at point (809, 285). Other element would receive the click: &lt;div class=&quot;narcissus_17w311v&quot; style=&quot;position: absolute; margin-bottom: 20px; width: 500px; top: 188px; transform: matrix3d(1.06491, 0, 0, 0, 0, 1.06491, 0, 0, 0, 0, 1, 0, 0, 0, 0, 1); left: 391px;&quot;>...&lt;/div>
  (Session info: chrome=73.0.3683.103)
  (Driver info: chromedriver=2.35.528161 (5b82f2d2aae0ca24b877009200ced9065a772e73),platform=Windows NT 10.0.17134 x86_64) (WARNING: The server did not provide any stacktrace information)
Command duration or timeout: 0 milliseconds
Build info: version: '3.7.1', revision: '8a0099a', time: '2017-11-06T21:07:36.161Z'
System info: host: 'DESKTOP-4M6R1V0', ip: '10.0.2.15', os.name: 'Windows 10', os.arch: 'amd64', os.version: '10.0', java.version: '1.8.0_181'
Driver info: com.kms.katalon.selenium.driver.CChromeDriver
Capabilities {acceptInsecureCerts: false, acceptSslCerts: false, applicationCacheEnabled: false, browserConnectionEnabled: false, browserName: chrome, chrome: {chromedriverVersion: 2.35.528161 (5b82f2d2aae0ca..., userDataDir: C:\Users\CLOUDK~1\AppData\L...}, cssSelectorsEnabled: true, databaseEnabled: false, handlesAlerts: true, hasTouchScreen: false, javascriptEnabled: true, locationContextEnabled: true, mobileEmulationEnabled: false, nativeEvents: true, networkConnectionEnabled: false, pageLoadStrategy: normal, platform: XP, platformName: XP, rotatable: false, setWindowRect: true, takesHeapSnapshot: true, takesScreenshot: true, unexpectedAlertBehaviour: , unhandledPromptBehavior: , version: 73.0.3683.103, webStorageEnabled: true}
Session ID: 7cef09f0fafe84b74d7fa56e6e671aff)"/>
         <system-out><![CDATA[2019-04-25 17:30:53 - [TEST_CASE][FAILED] - Test Cases/Autoposting TestCases/TC0401: Test Cases/Autoposting TestCases/TC0401 FAILED because (of) Unable to click on object 'Object Repository/Page_KiboPush  Autoposting/button_Delete' (Root cause: org.openqa.selenium.WebDriverException: unknown error: Element <button class="btn btn-primary btn-sm" style="float: right;">...</button> is not clickable at point (809, 285). Other element would receive the click: <div class="narcissus_17w311v" style="position: absolute; margin-bottom: 20px; width: 500px; top: 188px; transform: matrix3d(1.06491, 0, 0, 0, 0, 1.06491, 0, 0, 0, 0, 1, 0, 0, 0, 0, 1); left: 391px;">...</div>
  (Session info: chrome=73.0.3683.103)
  (Driver info: chromedriver=2.35.528161 (5b82f2d2aae0ca24b877009200ced9065a772e73),platform=Windows NT 10.0.17134 x86_64) (WARNING: The server did not provide any stacktrace information)
Command duration or timeout: 0 milliseconds
Build info: version: '3.7.1', revision: '8a0099a', time: '2017-11-06T21:07:36.161Z'
System info: host: 'DESKTOP-4M6R1V0', ip: '10.0.2.15', os.name: 'Windows 10', os.arch: 'amd64', os.version: '10.0', java.version: '1.8.0_181'
Driver info: com.kms.katalon.selenium.driver.CChromeDriver
Capabilities {acceptInsecureCerts: false, acceptSslCerts: false, applicationCacheEnabled: false, browserConnectionEnabled: false, browserName: chrome, chrome: {chromedriverVersion: 2.35.528161 (5b82f2d2aae0ca..., userDataDir: C:\Users\CLOUDK~1\AppData\L...}, cssSelectorsEnabled: true, databaseEnabled: false, handlesAlerts: true, hasTouchScreen: false, javascriptEnabled: true, locationContextEnabled: true, mobileEmulationEnabled: false, nativeEvents: true, networkConnectionEnabled: false, pageLoadStrategy: normal, platform: XP, platformName: XP, rotatable: false, setWindowRect: true, takesHeapSnapshot: true, takesScreenshot: true, unexpectedAlertBehaviour: , unhandledPromptBehavior: , version: 73.0.3683.103, webStorageEnabled: true}
Session ID: 7cef09f0fafe84b74d7fa56e6e671aff)

2019-04-25 17:30:54 - [TEST_STEP][PASSED] - callTestCase: Call Test Case 'Test Cases/s-sidebar_navigation/individualAccount/Autoposting' successfully

2019-04-25 17:30:54 - [TEST_CASE][PASSED] - Test Cases/s-sidebar_navigation/individualAccount/Autoposting: Test Cases/s-sidebar_navigation/individualAccount/Autoposting

2019-04-25 17:30:54 - [TEST_STEP][PASSED] - click: Object: 'Object Repository/Page_KiboPush  Dashboard/span_Sequence Messaging' is clicked on

2019-04-25 17:30:54 - [MESSAGE][PASSED] - Object: 'Object Repository/Page_KiboPush  Dashboard/span_Sequence Messaging' is clicked on

2019-04-25 17:30:54 - [TEST_STEP][PASSED] - delay: Delayed 1 second(s)

2019-04-25 17:30:55 - [MESSAGE][PASSED] - Delayed 1 second(s)

2019-04-25 17:30:55 - [TEST_STEP][PASSED] - click: Object: 'Object Repository/Page_KiboPush  Dashboard/span_Autoposting' is clicked on

2019-04-25 17:30:55 - [MESSAGE][PASSED] - Object: 'Object Repository/Page_KiboPush  Dashboard/span_Autoposting' is clicked on

2019-04-25 17:30:55 - [TEST_STEP][PASSED] - scrollToPosition: Browser is scrolled to position x = 0, y = 0

2019-04-25 17:30:55 - [MESSAGE][PASSED] - Browser is scrolled to position x = 0, y = 0

2019-04-25 17:30:55 - [TEST_STEP][PASSED] - click: Object: 'Object Repository/Page_KiboPush  Autoposting/h3_Auto Posting' is clicked on

2019-04-25 17:30:56 - [MESSAGE][PASSED] - Object: 'Object Repository/Page_KiboPush  Autoposting/h3_Auto Posting' is clicked on

2019-04-25 17:30:56 - [TEST_STEP][PASSED] - delay: Delayed 2 second(s)

2019-04-25 17:30:58 - [MESSAGE][PASSED] - Delayed 2 second(s)

2019-04-25 17:30:58 - [MESSAGE][PASSED] - Call Test Case 'Test Cases/s-sidebar_navigation/individualAccount/Autoposting' successfully

2019-04-25 17:30:58 - [TEST_STEP][PASSED] - click: Object: 'Object Repository/Page_KiboPush  Autoposting/button_Add Feed (1)' is clicked on

2019-04-25 17:30:58 - [MESSAGE][PASSED] - Object: 'Object Repository/Page_KiboPush  Autoposting/button_Add Feed (1)' is clicked on

2019-04-25 17:30:58 - [TEST_STEP][PASSED] - click: Object: 'Object Repository/Page_KiboPush  Autoposting/button_WordPress (2)' is clicked on

2019-04-25 17:30:58 - [MESSAGE][PASSED] - Object: 'Object Repository/Page_KiboPush  Autoposting/button_WordPress (2)' is clicked on

2019-04-25 17:30:58 - [TEST_STEP][PASSED] - setText: Text 'http://kibopush.com/wp-admin/' is set on object 'Object Repository/Page_KiboPush  Autoposting/input_form-control (5)'

2019-04-25 17:30:58 - [MESSAGE][PASSED] - Text 'http://kibopush.com/wp-admin/' is set on object 'Object Repository/Page_KiboPush  Autoposting/input_form-control (5)'

2019-04-25 17:30:58 - [TEST_STEP][PASSED] - click: Object: 'Object Repository/Page_KiboPush  Autoposting/button_Add WordPress Channel (1)' is clicked on

2019-04-25 17:30:59 - [MESSAGE][PASSED] - Object: 'Object Repository/Page_KiboPush  Autoposting/button_Add WordPress Channel (1)' is clicked on

2019-04-25 17:30:59 - [TEST_STEP][PASSED] - click: Object: 'Object Repository/Page_KiboPush  Autoposting/h4_WordPress Channel' is clicked on

2019-04-25 17:31:00 - [MESSAGE][PASSED] - Object: 'Object Repository/Page_KiboPush  Autoposting/h4_WordPress Channel' is clicked on

2019-04-25 17:31:00 - [TEST_STEP][PASSED] - click: Object: 'Object Repository/Page_KiboPush  Autoposting/a_' is clicked on

2019-04-25 17:31:00 - [MESSAGE][PASSED] - Object: 'Object Repository/Page_KiboPush  Autoposting/a_' is clicked on

2019-04-25 17:31:00 - [TEST_STEP][FAILED] - click: Unable to click on object 'Object Repository/Page_KiboPush  Autoposting/button_Delete' (Root cause: org.openqa.selenium.WebDriverException: unknown error: Element <button class="btn btn-primary btn-sm" style="float: right;">...</button> is not clickable at point (809, 285). Other element would receive the click: <div class="narcissus_17w311v" style="position: absolute; margin-bottom: 20px; width: 500px; top: 188px; transform: matrix3d(1.06491, 0, 0, 0, 0, 1.06491, 0, 0, 0, 0, 1, 0, 0, 0, 0, 1); left: 391px;">...</div>
  (Session info: chrome=73.0.3683.103)
  (Driver info: chromedriver=2.35.528161 (5b82f2d2aae0ca24b877009200ced9065a772e73),platform=Windows NT 10.0.17134 x86_64) (WARNING: The server did not provide any stacktrace information)
Command duration or timeout: 0 milliseconds
Build info: version: '3.7.1', revision: '8a0099a', time: '2017-11-06T21:07:36.161Z'
System info: host: 'DESKTOP-4M6R1V0', ip: '10.0.2.15', os.name: 'Windows 10', os.arch: 'amd64', os.version: '10.0', java.version: '1.8.0_181'
Driver info: com.kms.katalon.selenium.driver.CChromeDriver
Capabilities {acceptInsecureCerts: false, acceptSslCerts: false, applicationCacheEnabled: false, browserConnectionEnabled: false, browserName: chrome, chrome: {chromedriverVersion: 2.35.528161 (5b82f2d2aae0ca..., userDataDir: C:\Users\CLOUDK~1\AppData\L...}, cssSelectorsEnabled: true, databaseEnabled: false, handlesAlerts: true, hasTouchScreen: false, javascriptEnabled: true, locationContextEnabled: true, mobileEmulationEnabled: false, nativeEvents: true, networkConnectionEnabled: false, pageLoadStrategy: normal, platform: XP, platformName: XP, rotatable: false, setWindowRect: true, takesHeapSnapshot: true, takesScreenshot: true, unexpectedAlertBehaviour: , unhandledPromptBehavior: , version: 73.0.3683.103, webStorageEnabled: true}
Session ID: 7cef09f0fafe84b74d7fa56e6e671aff)

2019-04-25 17:31:01 - [MESSAGE][FAILED] - Unable to click on object 'Object Repository/Page_KiboPush  Autoposting/button_Delete' (Root cause: org.openqa.selenium.WebDriverException: unknown error: Element <button class="btn btn-primary btn-sm" style="float: right;">...</button> is not clickable at point (809, 285). Other element would receive the click: <div class="narcissus_17w311v" style="position: absolute; margin-bottom: 20px; width: 500px; top: 188px; transform: matrix3d(1.06491, 0, 0, 0, 0, 1.06491, 0, 0, 0, 0, 1, 0, 0, 0, 0, 1); left: 391px;">...</div>
  (Session info: chrome=73.0.3683.103)
  (Driver info: chromedriver=2.35.528161 (5b82f2d2aae0ca24b877009200ced9065a772e73),platform=Windows NT 10.0.17134 x86_64) (WARNING: The server did not provide any stacktrace information)
Command duration or timeout: 0 milliseconds
Build info: version: '3.7.1', revision: '8a0099a', time: '2017-11-06T21:07:36.161Z'
System info: host: 'DESKTOP-4M6R1V0', ip: '10.0.2.15', os.name: 'Windows 10', os.arch: 'amd64', os.version: '10.0', java.version: '1.8.0_181'
Driver info: com.kms.katalon.selenium.driver.CChromeDriver
Capabilities {acceptInsecureCerts: false, acceptSslCerts: false, applicationCacheEnabled: false, browserConnectionEnabled: false, browserName: chrome, chrome: {chromedriverVersion: 2.35.528161 (5b82f2d2aae0ca..., userDataDir: C:\Users\CLOUDK~1\AppData\L...}, cssSelectorsEnabled: true, databaseEnabled: false, handlesAlerts: true, hasTouchScreen: false, javascriptEnabled: true, locationContextEnabled: true, mobileEmulationEnabled: false, nativeEvents: true, networkConnectionEnabled: false, pageLoadStrategy: normal, platform: XP, platformName: XP, rotatable: false, setWindowRect: true, takesHeapSnapshot: true, takesScreenshot: true, unexpectedAlertBehaviour: , unhandledPromptBehavior: , version: 73.0.3683.103, webStorageEnabled: true}
Session ID: 7cef09f0fafe84b74d7fa56e6e671aff)
[[ATTACHMENT|C:\\Users\\cloudkibo\\Desktop\\KiboPush_Automated_Testing\\KiboPush Katalon\\Reports\\Autoposting\\20190425_170238\\1556195460657.png]]]]></system-out>
         <system-err><![CDATA[2019-04-25 17:30:53 - [TEST_CASE][FAILED] - Test Cases/Autoposting TestCases/TC0401: Test Cases/Autoposting TestCases/TC0401 FAILED because (of) Unable to click on object 'Object Repository/Page_KiboPush  Autoposting/button_Delete' (Root cause: org.openqa.selenium.WebDriverException: unknown error: Element <button class="btn btn-primary btn-sm" style="float: right;">...</button> is not clickable at point (809, 285). Other element would receive the click: <div class="narcissus_17w311v" style="position: absolute; margin-bottom: 20px; width: 500px; top: 188px; transform: matrix3d(1.06491, 0, 0, 0, 0, 1.06491, 0, 0, 0, 0, 1, 0, 0, 0, 0, 1); left: 391px;">...</div>
  (Session info: chrome=73.0.3683.103)
  (Driver info: chromedriver=2.35.528161 (5b82f2d2aae0ca24b877009200ced9065a772e73),platform=Windows NT 10.0.17134 x86_64) (WARNING: The server did not provide any stacktrace information)
Command duration or timeout: 0 milliseconds
Build info: version: '3.7.1', revision: '8a0099a', time: '2017-11-06T21:07:36.161Z'
System info: host: 'DESKTOP-4M6R1V0', ip: '10.0.2.15', os.name: 'Windows 10', os.arch: 'amd64', os.version: '10.0', java.version: '1.8.0_181'
Driver info: com.kms.katalon.selenium.driver.CChromeDriver
Capabilities {acceptInsecureCerts: false, acceptSslCerts: false, applicationCacheEnabled: false, browserConnectionEnabled: false, browserName: chrome, chrome: {chromedriverVersion: 2.35.528161 (5b82f2d2aae0ca..., userDataDir: C:\Users\CLOUDK~1\AppData\L...}, cssSelectorsEnabled: true, databaseEnabled: false, handlesAlerts: true, hasTouchScreen: false, javascriptEnabled: true, locationContextEnabled: true, mobileEmulationEnabled: false, nativeEvents: true, networkConnectionEnabled: false, pageLoadStrategy: normal, platform: XP, platformName: XP, rotatable: false, setWindowRect: true, takesHeapSnapshot: true, takesScreenshot: true, unexpectedAlertBehaviour: , unhandledPromptBehavior: , version: 73.0.3683.103, webStorageEnabled: true}
Session ID: 7cef09f0fafe84b74d7fa56e6e671aff)]]></system-err>
      </testcase>
      <system-out><![CDATA[2019-04-25 17:27:24 - [TEST_SUITE][FAILED] - Autoposting: Test Cases/Autoposting TestCases/TC0395 FAILED because (of) ERROR: No Table Present]]></system-out>
      <system-err><![CDATA[2019-04-25 17:27:24 - [TEST_SUITE][FAILED] - Autoposting: Test Cases/Autoposting TestCases/TC0395 FAILED because (of) ERROR: No Table Present]]></system-err>
   </testsuite>
</testsuites>
