<?xml version="1.0" encoding="UTF-8"?>
<testsuites name="subscriber" time="91" tests="2" failures="4" errors="0">
   <testsuite name="subscriber" tests="2" failures="4" errors="0" time="91" timestamp="2019-04-24 16:35:09" hostname="cloudkibo - 10.0.2.15" id="Test Suites/subscriber">
      <properties>
         <property name="deviceName" value=""/>
         <property name="devicePlatform" value=""/>
         <property name="logFolder" value="C:\\Users\\cloudkibo\\Desktop\\KiboPush_Automated_Testing\\KiboPush Katalon\\Reports\\subscriber\\20190424_163505"/>
         <property name="logFiles" value="C:\\Users\\cloudkibo\\Desktop\\KiboPush_Automated_Testing\\KiboPush Katalon\\Reports\\subscriber\\20190424_163505\\execution0.log"/>
         <property name="attachments" value="C:\\Users\\cloudkibo\\Desktop\\KiboPush_Automated_Testing\\KiboPush Katalon\\Reports\\subscriber\\20190424_163505\\1556105790724.png, C:\\Users\\cloudkibo\\Desktop\\KiboPush_Automated_Testing\\KiboPush Katalon\\Reports\\subscriber\\20190424_163505\\1556105792162.png, C:\\Users\\cloudkibo\\Desktop\\KiboPush_Automated_Testing\\KiboPush Katalon\\Reports\\subscriber\\20190424_163505\\1556105793980.png, C:\\Users\\cloudkibo\\Desktop\\KiboPush_Automated_Testing\\KiboPush Katalon\\Reports\\subscriber\\20190424_163505\\1556105795877.png"/>
         <property name="hostName" value="cloudkibo - 10.0.2.15"/>
         <property name="os" value="Windows 10 64bit"/>
         <property name="katalonVersion" value="5.6.0.1"/>
         <property name="browser" value="Chrome 73.0.3683.103"/>
         <property name="hostAddress" value="10.0.2.15"/>
         <property name="sessionId" value="bfdc89ef0b6d86cae39983365a367bdf"/>
         <property name="seleniumVersion" value="3.7.1"/>
         <property name="proxyInformation" value="ProxyInformation{proxyOption=NO_PROXY, proxyServerType=HTTP, password=, proxyServerAddress=, proxyServerPort=0}"/>
         <property name="platform" value="Windows 10"/>
      </properties>
      <testcase name="Test Cases/s-sidebar_navigation/individualAccount/arveen_production_login_kiboengage" classname="Test Cases/s-sidebar_navigation/individualAccount/arveen_production_login_kiboengage" status="PASSED">
         <system-out><![CDATA[2019-04-24 16:35:10 - [TEST_CASE][PASSED] - Test Cases/s-sidebar_navigation/individualAccount/arveen_production_login_kiboengage: Test Cases/s-sidebar_navigation/individualAccount/arveen_production_login_kiboengage

2019-04-24 16:35:11 - [TEST_STEP][PASSED] - openBrowser: Browser is opened with url: ''

2019-04-24 16:35:17 - [MESSAGE][PASSED] - Browser is opened with url: ''

2019-04-24 16:35:17 - [TEST_STEP][PASSED] - maximizeWindow: Current window maximized

2019-04-24 16:35:19 - [MESSAGE][PASSED] - Current window maximized

2019-04-24 16:35:19 - [TEST_STEP][PASSED] - navigateToUrl: Navigate to 'https://kiboengage.cloudkibo.com/' successfully

2019-04-24 16:35:31 - [MESSAGE][PASSED] - Navigate to 'https://kiboengage.cloudkibo.com/' successfully

2019-04-24 16:35:31 - [TEST_STEP][PASSED] - navigateToUrl: Navigate to 'https://accounts.cloudkibo.com/?continue=https://kiboengage.cloudkibo.com' successfully

2019-04-24 16:35:32 - [MESSAGE][PASSED] - Navigate to 'https://accounts.cloudkibo.com/?continue=https://kiboengage.cloudkibo.com' successfully

2019-04-24 16:35:32 - [TEST_STEP][PASSED] - click: Object: 'Object Repository/Page_CloudKibo/a_Login (2) (1) (1)' is clicked on

2019-04-24 16:35:33 - [MESSAGE][PASSED] - Object: 'Object Repository/Page_CloudKibo/a_Login (2) (1) (1)' is clicked on

2019-04-24 16:35:33 - [TEST_STEP][PASSED] - setText: Text 'individual@cloudkibo.com' is set on object 'Object Repository/Page_KiboPush/input_email (10) (1) (1)'

2019-04-24 16:35:34 - [MESSAGE][PASSED] - Text 'individual@cloudkibo.com' is set on object 'Object Repository/Page_KiboPush/input_email (10) (1) (1)'

2019-04-24 16:35:34 - [TEST_STEP][PASSED] - setEncryptedText: Text ****** has been set on object 'Object Repository/Page_CloudKibo/input_Sign In_password (7)'

2019-04-24 16:35:34 - [MESSAGE][PASSED] - Text ****** has been set on object 'Object Repository/Page_CloudKibo/input_Sign In_password (7)'

2019-04-24 16:35:34 - [TEST_STEP][PASSED] - click: Object: 'Object Repository/Page_KiboPush/button_Sign In (10) (1) (2)' is clicked on

2019-04-24 16:35:34 - [MESSAGE][PASSED] - Object: 'Object Repository/Page_KiboPush/button_Sign In (10) (1) (2)' is clicked on

2019-04-24 16:35:34 - [TEST_STEP][PASSED] - click: Object: 'Object Repository/Page_KiboPush  Dashboard/h3_Dashboard (57)' is clicked on

2019-04-24 16:35:57 - [MESSAGE][PASSED] - Object: 'Object Repository/Page_KiboPush  Dashboard/h3_Dashboard (57)' is clicked on

2019-04-24 16:35:57 - [TEST_STEP][PASSED] - delay: Delayed 3 second(s)

2019-04-24 16:36:00 - [MESSAGE][PASSED] - Delayed 3 second(s)

2019-04-24 16:36:00 - [TEST_STEP][PASSED] - click: Object: 'Object Repository/Page_KiboEngage  Dashboard/a_SMS (2) (1) (1) (1) (3)' is clicked on

2019-04-24 16:36:01 - [MESSAGE][PASSED] - Object: 'Object Repository/Page_KiboEngage  Dashboard/a_SMS (2) (1) (1) (1) (3)' is clicked on

2019-04-24 16:36:01 - [TEST_STEP][PASSED] - delay: Delayed 2 second(s)

2019-04-24 16:36:03 - [MESSAGE][PASSED] - Delayed 2 second(s)

2019-04-24 16:36:03 - [TEST_STEP][PASSED] - click: Object: 'Object Repository/Page_KiboEngage  Dashboard/span_Messenger (1) (1) (1) (3)' is clicked on

2019-04-24 16:36:03 - [MESSAGE][PASSED] - Object: 'Object Repository/Page_KiboEngage  Dashboard/span_Messenger (1) (1) (1) (3)' is clicked on

2019-04-24 16:36:03 - [TEST_STEP][PASSED] - delay: Delayed 2 second(s)

2019-04-24 16:36:05 - [MESSAGE][PASSED] - Delayed 2 second(s)]]></system-out>
         <system-err><![CDATA[]]></system-err>
      </testcase>
      <testcase name="Test Cases/Subscriber TestCases/TC0670" classname="Test Cases/Subscriber TestCases/TC0670" status="PASSED">
         <system-out><![CDATA[2019-04-24 16:36:05 - [TEST_CASE][PASSED] - Test Cases/Subscriber TestCases/TC0670: Test Cases/Subscriber TestCases/TC0670

2019-04-24 16:36:05 - [TEST_STEP][PASSED] - callTestCase: Call Test Case 'Test Cases/s-sidebar_navigation/individualAccount/Subscriber' successfully

2019-04-24 16:36:06 - [TEST_CASE][PASSED] - Test Cases/s-sidebar_navigation/individualAccount/Subscriber: Test Cases/s-sidebar_navigation/individualAccount/Subscriber

2019-04-24 16:36:06 - [TEST_STEP][PASSED] - click: Object: 'Object Repository/Page_KiboPush  Dashboard/span_Dashboard' is clicked on

2019-04-24 16:36:06 - [MESSAGE][PASSED] - Object: 'Object Repository/Page_KiboPush  Dashboard/span_Dashboard' is clicked on

2019-04-24 16:36:06 - [TEST_STEP][PASSED] - delay: Delayed 2 second(s)

2019-04-24 16:36:08 - [MESSAGE][PASSED] - Delayed 2 second(s)

2019-04-24 16:36:08 - [TEST_STEP][PASSED] - click: Object: 'Object Repository/Page_KiboPush  Subscribers/span_Subscribers (5)' is clicked on

2019-04-24 16:36:09 - [MESSAGE][PASSED] - Object: 'Object Repository/Page_KiboPush  Subscribers/span_Subscribers (5)' is clicked on

2019-04-24 16:36:09 - [TEST_STEP][PASSED] - scrollToPosition: Browser is scrolled to position x = 0, y = 0

2019-04-24 16:36:09 - [MESSAGE][PASSED] - Browser is scrolled to position x = 0, y = 0

2019-04-24 16:36:09 - [TEST_STEP][PASSED] - click: Object: 'Object Repository/Page_KiboPush  Subscribers/h3_Manage Subscribers (1)' is clicked on

2019-04-24 16:36:09 - [MESSAGE][PASSED] - Object: 'Object Repository/Page_KiboPush  Subscribers/h3_Manage Subscribers (1)' is clicked on

2019-04-24 16:36:09 - [MESSAGE][PASSED] - Call Test Case 'Test Cases/s-sidebar_navigation/individualAccount/Subscriber' successfully

2019-04-24 16:36:09 - [TEST_STEP][PASSED] - setText: Text 'Arveen' is set on object 'Object Repository/Page_KiboPush  Subscribers/input_generalSearch'

2019-04-24 16:36:10 - [MESSAGE][PASSED] - Text 'Arveen' is set on object 'Object Repository/Page_KiboPush  Subscribers/input_generalSearch'

2019-04-24 16:36:10 - [TEST_STEP][PASSED] - delay: Delayed 15 second(s)

2019-04-24 16:36:25 - [MESSAGE][PASSED] - Delayed 15 second(s)

2019-04-24 16:36:25 - [TEST_STEP][PASSED] - click: Object: 'Object Repository/Page_KiboPush  Subscribers/span_Arveen Maheshwari' is clicked on

2019-04-24 16:36:26 - [MESSAGE][PASSED] - Object: 'Object Repository/Page_KiboPush  Subscribers/span_Arveen Maheshwari' is clicked on

2019-04-24 16:36:26 - [TEST_STEP][PASSED] - delay: Delayed 3 second(s)

2019-04-24 16:36:29 - [MESSAGE][PASSED] - Delayed 3 second(s)

2019-04-24 16:36:29 - [TEST_STEP][PASSED] - click: Object: 'Object Repository/Page_KiboPush  Subscribers/span_Subscribed At' is clicked on

2019-04-24 16:36:29 - [MESSAGE][PASSED] - Object: 'Object Repository/Page_KiboPush  Subscribers/span_Subscribed At' is clicked on

2019-04-24 16:36:29 - [TEST_STEP][PASSED] - click: Object: 'Object Repository/Page_KiboPush  Subscribers/span_Facebook Page' is clicked on

2019-04-24 16:36:29 - [MESSAGE][PASSED] - Object: 'Object Repository/Page_KiboPush  Subscribers/span_Facebook Page' is clicked on

2019-04-24 16:36:29 - [TEST_STEP][PASSED] - click: Object: 'Object Repository/Page_KiboPush  Subscribers/span_Source' is clicked on

2019-04-24 16:36:30 - [MESSAGE][PASSED] - Object: 'Object Repository/Page_KiboPush  Subscribers/span_Source' is clicked on]]></system-out>
         <system-err><![CDATA[]]></system-err>
      </testcase>
      <testcase name="Test Cases/Subscriber TestCases/TC0672" classname="Test Cases/Subscriber TestCases/TC0672" status="FAILED">
         <failure type="FAILED" message="Unable to click on object 'Object Repository/Page_KiboPush  Dashboard/span_Dashboard' (Root cause: org.openqa.selenium.WebDriverException: unknown error: Element &lt;span class=&quot;m-menu__link-text&quot;>...&lt;/span> is not clickable at point (145, 182). Other element would receive the click: &lt;div class=&quot;modal fade show&quot; id=&quot;m_modal_1_2&quot; role=&quot;dialog&quot; aria-labelledby=&quot;exampleModalLabel&quot; style=&quot;background: rgba(33, 37, 41, 0.6); display: block;&quot;>...&lt;/div>
  (Session info: chrome=73.0.3683.103)
  (Driver info: chromedriver=2.35.528161 (5b82f2d2aae0ca24b877009200ced9065a772e73),platform=Windows NT 10.0.17134 x86_64) (WARNING: The server did not provide any stacktrace information)
Command duration or timeout: 0 milliseconds
Build info: version: '3.7.1', revision: '8a0099a', time: '2017-11-06T21:07:36.161Z'
System info: host: 'DESKTOP-4M6R1V0', ip: '10.0.2.15', os.name: 'Windows 10', os.arch: 'amd64', os.version: '10.0', java.version: '1.8.0_181'
Driver info: com.kms.katalon.selenium.driver.CChromeDriver
Capabilities {acceptInsecureCerts: false, acceptSslCerts: false, applicationCacheEnabled: false, browserConnectionEnabled: false, browserName: chrome, chrome: {chromedriverVersion: 2.35.528161 (5b82f2d2aae0ca..., userDataDir: C:\Users\CLOUDK~1\AppData\L...}, cssSelectorsEnabled: true, databaseEnabled: false, handlesAlerts: true, hasTouchScreen: false, javascriptEnabled: true, locationContextEnabled: true, mobileEmulationEnabled: false, nativeEvents: true, networkConnectionEnabled: false, pageLoadStrategy: normal, platform: XP, platformName: XP, rotatable: false, setWindowRect: true, takesHeapSnapshot: true, takesScreenshot: true, unexpectedAlertBehaviour: , unhandledPromptBehavior: , version: 73.0.3683.103, webStorageEnabled: true}
Session ID: bfdc89ef0b6d86cae39983365a367bdf)"/>
         <system-out><![CDATA[2019-04-24 16:36:30 - [TEST_CASE][FAILED] - Test Cases/Subscriber TestCases/TC0672: Test Cases/Subscriber TestCases/TC0672 FAILED because (of) Unable to click on object 'Object Repository/Page_KiboPush  Dashboard/span_Dashboard' (Root cause: org.openqa.selenium.WebDriverException: unknown error: Element <span class="m-menu__link-text">...</span> is not clickable at point (145, 182). Other element would receive the click: <div class="modal fade show" id="m_modal_1_2" role="dialog" aria-labelledby="exampleModalLabel" style="background: rgba(33, 37, 41, 0.6); display: block;">...</div>
  (Session info: chrome=73.0.3683.103)
  (Driver info: chromedriver=2.35.528161 (5b82f2d2aae0ca24b877009200ced9065a772e73),platform=Windows NT 10.0.17134 x86_64) (WARNING: The server did not provide any stacktrace information)
Command duration or timeout: 0 milliseconds
Build info: version: '3.7.1', revision: '8a0099a', time: '2017-11-06T21:07:36.161Z'
System info: host: 'DESKTOP-4M6R1V0', ip: '10.0.2.15', os.name: 'Windows 10', os.arch: 'amd64', os.version: '10.0', java.version: '1.8.0_181'
Driver info: com.kms.katalon.selenium.driver.CChromeDriver
Capabilities {acceptInsecureCerts: false, acceptSslCerts: false, applicationCacheEnabled: false, browserConnectionEnabled: false, browserName: chrome, chrome: {chromedriverVersion: 2.35.528161 (5b82f2d2aae0ca..., userDataDir: C:\Users\CLOUDK~1\AppData\L...}, cssSelectorsEnabled: true, databaseEnabled: false, handlesAlerts: true, hasTouchScreen: false, javascriptEnabled: true, locationContextEnabled: true, mobileEmulationEnabled: false, nativeEvents: true, networkConnectionEnabled: false, pageLoadStrategy: normal, platform: XP, platformName: XP, rotatable: false, setWindowRect: true, takesHeapSnapshot: true, takesScreenshot: true, unexpectedAlertBehaviour: , unhandledPromptBehavior: , version: 73.0.3683.103, webStorageEnabled: true}
Session ID: bfdc89ef0b6d86cae39983365a367bdf)

2019-04-24 16:36:30 - [TEST_STEP][FAILED] - callTestCase: Unable to call Test Case with id 'Test Cases/s-sidebar_navigation/individualAccount/Subscriber' (Root cause: Call Test Case 'Test Cases/s-sidebar_navigation/individualAccount/Subscriber' failed)

2019-04-24 16:36:30 - [TEST_CASE][FAILED] - Test Cases/s-sidebar_navigation/individualAccount/Subscriber: Test Cases/s-sidebar_navigation/individualAccount/Subscriber FAILED because (of) Unable to click on object 'Object Repository/Page_KiboPush  Dashboard/span_Dashboard' (Root cause: org.openqa.selenium.WebDriverException: unknown error: Element <span class="m-menu__link-text">...</span> is not clickable at point (145, 182). Other element would receive the click: <div class="modal fade show" id="m_modal_1_2" role="dialog" aria-labelledby="exampleModalLabel" style="background: rgba(33, 37, 41, 0.6); display: block;">...</div>
  (Session info: chrome=73.0.3683.103)
  (Driver info: chromedriver=2.35.528161 (5b82f2d2aae0ca24b877009200ced9065a772e73),platform=Windows NT 10.0.17134 x86_64) (WARNING: The server did not provide any stacktrace information)
Command duration or timeout: 0 milliseconds
Build info: version: '3.7.1', revision: '8a0099a', time: '2017-11-06T21:07:36.161Z'
System info: host: 'DESKTOP-4M6R1V0', ip: '10.0.2.15', os.name: 'Windows 10', os.arch: 'amd64', os.version: '10.0', java.version: '1.8.0_181'
Driver info: com.kms.katalon.selenium.driver.CChromeDriver
Capabilities {acceptInsecureCerts: false, acceptSslCerts: false, applicationCacheEnabled: false, browserConnectionEnabled: false, browserName: chrome, chrome: {chromedriverVersion: 2.35.528161 (5b82f2d2aae0ca..., userDataDir: C:\Users\CLOUDK~1\AppData\L...}, cssSelectorsEnabled: true, databaseEnabled: false, handlesAlerts: true, hasTouchScreen: false, javascriptEnabled: true, locationContextEnabled: true, mobileEmulationEnabled: false, nativeEvents: true, networkConnectionEnabled: false, pageLoadStrategy: normal, platform: XP, platformName: XP, rotatable: false, setWindowRect: true, takesHeapSnapshot: true, takesScreenshot: true, unexpectedAlertBehaviour: , unhandledPromptBehavior: , version: 73.0.3683.103, webStorageEnabled: true}
Session ID: bfdc89ef0b6d86cae39983365a367bdf)

2019-04-24 16:36:30 - [TEST_STEP][FAILED] - click: Unable to click on object 'Object Repository/Page_KiboPush  Dashboard/span_Dashboard' (Root cause: org.openqa.selenium.WebDriverException: unknown error: Element <span class="m-menu__link-text">...</span> is not clickable at point (145, 182). Other element would receive the click: <div class="modal fade show" id="m_modal_1_2" role="dialog" aria-labelledby="exampleModalLabel" style="background: rgba(33, 37, 41, 0.6); display: block;">...</div>
  (Session info: chrome=73.0.3683.103)
  (Driver info: chromedriver=2.35.528161 (5b82f2d2aae0ca24b877009200ced9065a772e73),platform=Windows NT 10.0.17134 x86_64) (WARNING: The server did not provide any stacktrace information)
Command duration or timeout: 0 milliseconds
Build info: version: '3.7.1', revision: '8a0099a', time: '2017-11-06T21:07:36.161Z'
System info: host: 'DESKTOP-4M6R1V0', ip: '10.0.2.15', os.name: 'Windows 10', os.arch: 'amd64', os.version: '10.0', java.version: '1.8.0_181'
Driver info: com.kms.katalon.selenium.driver.CChromeDriver
Capabilities {acceptInsecureCerts: false, acceptSslCerts: false, applicationCacheEnabled: false, browserConnectionEnabled: false, browserName: chrome, chrome: {chromedriverVersion: 2.35.528161 (5b82f2d2aae0ca..., userDataDir: C:\Users\CLOUDK~1\AppData\L...}, cssSelectorsEnabled: true, databaseEnabled: false, handlesAlerts: true, hasTouchScreen: false, javascriptEnabled: true, locationContextEnabled: true, mobileEmulationEnabled: false, nativeEvents: true, networkConnectionEnabled: false, pageLoadStrategy: normal, platform: XP, platformName: XP, rotatable: false, setWindowRect: true, takesHeapSnapshot: true, takesScreenshot: true, unexpectedAlertBehaviour: , unhandledPromptBehavior: , version: 73.0.3683.103, webStorageEnabled: true}
Session ID: bfdc89ef0b6d86cae39983365a367bdf)

2019-04-24 16:36:31 - [MESSAGE][FAILED] - Unable to click on object 'Object Repository/Page_KiboPush  Dashboard/span_Dashboard' (Root cause: org.openqa.selenium.WebDriverException: unknown error: Element <span class="m-menu__link-text">...</span> is not clickable at point (145, 182). Other element would receive the click: <div class="modal fade show" id="m_modal_1_2" role="dialog" aria-labelledby="exampleModalLabel" style="background: rgba(33, 37, 41, 0.6); display: block;">...</div>
  (Session info: chrome=73.0.3683.103)
  (Driver info: chromedriver=2.35.528161 (5b82f2d2aae0ca24b877009200ced9065a772e73),platform=Windows NT 10.0.17134 x86_64) (WARNING: The server did not provide any stacktrace information)
Command duration or timeout: 0 milliseconds
Build info: version: '3.7.1', revision: '8a0099a', time: '2017-11-06T21:07:36.161Z'
System info: host: 'DESKTOP-4M6R1V0', ip: '10.0.2.15', os.name: 'Windows 10', os.arch: 'amd64', os.version: '10.0', java.version: '1.8.0_181'
Driver info: com.kms.katalon.selenium.driver.CChromeDriver
Capabilities {acceptInsecureCerts: false, acceptSslCerts: false, applicationCacheEnabled: false, browserConnectionEnabled: false, browserName: chrome, chrome: {chromedriverVersion: 2.35.528161 (5b82f2d2aae0ca..., userDataDir: C:\Users\CLOUDK~1\AppData\L...}, cssSelectorsEnabled: true, databaseEnabled: false, handlesAlerts: true, hasTouchScreen: false, javascriptEnabled: true, locationContextEnabled: true, mobileEmulationEnabled: false, nativeEvents: true, networkConnectionEnabled: false, pageLoadStrategy: normal, platform: XP, platformName: XP, rotatable: false, setWindowRect: true, takesHeapSnapshot: true, takesScreenshot: true, unexpectedAlertBehaviour: , unhandledPromptBehavior: , version: 73.0.3683.103, webStorageEnabled: true}
Session ID: bfdc89ef0b6d86cae39983365a367bdf)
[[ATTACHMENT|C:\\Users\\cloudkibo\\Desktop\\KiboPush_Automated_Testing\\KiboPush Katalon\\Reports\\subscriber\\20190424_163505\\1556105790724.png]]

2019-04-24 16:36:31 - [MESSAGE][FAILED] - Unable to call Test Case with id 'Test Cases/s-sidebar_navigation/individualAccount/Subscriber' (Root cause: Call Test Case 'Test Cases/s-sidebar_navigation/individualAccount/Subscriber' failed)]]></system-out>
         <system-err><![CDATA[2019-04-24 16:36:30 - [TEST_CASE][FAILED] - Test Cases/Subscriber TestCases/TC0672: Test Cases/Subscriber TestCases/TC0672 FAILED because (of) Unable to click on object 'Object Repository/Page_KiboPush  Dashboard/span_Dashboard' (Root cause: org.openqa.selenium.WebDriverException: unknown error: Element <span class="m-menu__link-text">...</span> is not clickable at point (145, 182). Other element would receive the click: <div class="modal fade show" id="m_modal_1_2" role="dialog" aria-labelledby="exampleModalLabel" style="background: rgba(33, 37, 41, 0.6); display: block;">...</div>
  (Session info: chrome=73.0.3683.103)
  (Driver info: chromedriver=2.35.528161 (5b82f2d2aae0ca24b877009200ced9065a772e73),platform=Windows NT 10.0.17134 x86_64) (WARNING: The server did not provide any stacktrace information)
Command duration or timeout: 0 milliseconds
Build info: version: '3.7.1', revision: '8a0099a', time: '2017-11-06T21:07:36.161Z'
System info: host: 'DESKTOP-4M6R1V0', ip: '10.0.2.15', os.name: 'Windows 10', os.arch: 'amd64', os.version: '10.0', java.version: '1.8.0_181'
Driver info: com.kms.katalon.selenium.driver.CChromeDriver
Capabilities {acceptInsecureCerts: false, acceptSslCerts: false, applicationCacheEnabled: false, browserConnectionEnabled: false, browserName: chrome, chrome: {chromedriverVersion: 2.35.528161 (5b82f2d2aae0ca..., userDataDir: C:\Users\CLOUDK~1\AppData\L...}, cssSelectorsEnabled: true, databaseEnabled: false, handlesAlerts: true, hasTouchScreen: false, javascriptEnabled: true, locationContextEnabled: true, mobileEmulationEnabled: false, nativeEvents: true, networkConnectionEnabled: false, pageLoadStrategy: normal, platform: XP, platformName: XP, rotatable: false, setWindowRect: true, takesHeapSnapshot: true, takesScreenshot: true, unexpectedAlertBehaviour: , unhandledPromptBehavior: , version: 73.0.3683.103, webStorageEnabled: true}
Session ID: bfdc89ef0b6d86cae39983365a367bdf)]]></system-err>
      </testcase>
      <testcase name="Test Cases/Subscriber TestCases/TC0676" classname="Test Cases/Subscriber TestCases/TC0676" status="FAILED">
         <failure type="FAILED" message="Unable to click on object 'Object Repository/Page_KiboPush  Dashboard/span_Dashboard' (Root cause: org.openqa.selenium.WebDriverException: unknown error: Element &lt;span class=&quot;m-menu__link-text&quot;>...&lt;/span> is not clickable at point (145, 182). Other element would receive the click: &lt;div class=&quot;modal fade show&quot; id=&quot;m_modal_1_2&quot; role=&quot;dialog&quot; aria-labelledby=&quot;exampleModalLabel&quot; style=&quot;background: rgba(33, 37, 41, 0.6); display: block;&quot;>...&lt;/div>
  (Session info: chrome=73.0.3683.103)
  (Driver info: chromedriver=2.35.528161 (5b82f2d2aae0ca24b877009200ced9065a772e73),platform=Windows NT 10.0.17134 x86_64) (WARNING: The server did not provide any stacktrace information)
Command duration or timeout: 0 milliseconds
Build info: version: '3.7.1', revision: '8a0099a', time: '2017-11-06T21:07:36.161Z'
System info: host: 'DESKTOP-4M6R1V0', ip: '10.0.2.15', os.name: 'Windows 10', os.arch: 'amd64', os.version: '10.0', java.version: '1.8.0_181'
Driver info: com.kms.katalon.selenium.driver.CChromeDriver
Capabilities {acceptInsecureCerts: false, acceptSslCerts: false, applicationCacheEnabled: false, browserConnectionEnabled: false, browserName: chrome, chrome: {chromedriverVersion: 2.35.528161 (5b82f2d2aae0ca..., userDataDir: C:\Users\CLOUDK~1\AppData\L...}, cssSelectorsEnabled: true, databaseEnabled: false, handlesAlerts: true, hasTouchScreen: false, javascriptEnabled: true, locationContextEnabled: true, mobileEmulationEnabled: false, nativeEvents: true, networkConnectionEnabled: false, pageLoadStrategy: normal, platform: XP, platformName: XP, rotatable: false, setWindowRect: true, takesHeapSnapshot: true, takesScreenshot: true, unexpectedAlertBehaviour: , unhandledPromptBehavior: , version: 73.0.3683.103, webStorageEnabled: true}
Session ID: bfdc89ef0b6d86cae39983365a367bdf)"/>
         <system-out><![CDATA[2019-04-24 16:36:31 - [TEST_CASE][FAILED] - Test Cases/Subscriber TestCases/TC0676: Test Cases/Subscriber TestCases/TC0676 FAILED because (of) Unable to click on object 'Object Repository/Page_KiboPush  Dashboard/span_Dashboard' (Root cause: org.openqa.selenium.WebDriverException: unknown error: Element <span class="m-menu__link-text">...</span> is not clickable at point (145, 182). Other element would receive the click: <div class="modal fade show" id="m_modal_1_2" role="dialog" aria-labelledby="exampleModalLabel" style="background: rgba(33, 37, 41, 0.6); display: block;">...</div>
  (Session info: chrome=73.0.3683.103)
  (Driver info: chromedriver=2.35.528161 (5b82f2d2aae0ca24b877009200ced9065a772e73),platform=Windows NT 10.0.17134 x86_64) (WARNING: The server did not provide any stacktrace information)
Command duration or timeout: 0 milliseconds
Build info: version: '3.7.1', revision: '8a0099a', time: '2017-11-06T21:07:36.161Z'
System info: host: 'DESKTOP-4M6R1V0', ip: '10.0.2.15', os.name: 'Windows 10', os.arch: 'amd64', os.version: '10.0', java.version: '1.8.0_181'
Driver info: com.kms.katalon.selenium.driver.CChromeDriver
Capabilities {acceptInsecureCerts: false, acceptSslCerts: false, applicationCacheEnabled: false, browserConnectionEnabled: false, browserName: chrome, chrome: {chromedriverVersion: 2.35.528161 (5b82f2d2aae0ca..., userDataDir: C:\Users\CLOUDK~1\AppData\L...}, cssSelectorsEnabled: true, databaseEnabled: false, handlesAlerts: true, hasTouchScreen: false, javascriptEnabled: true, locationContextEnabled: true, mobileEmulationEnabled: false, nativeEvents: true, networkConnectionEnabled: false, pageLoadStrategy: normal, platform: XP, platformName: XP, rotatable: false, setWindowRect: true, takesHeapSnapshot: true, takesScreenshot: true, unexpectedAlertBehaviour: , unhandledPromptBehavior: , version: 73.0.3683.103, webStorageEnabled: true}
Session ID: bfdc89ef0b6d86cae39983365a367bdf)

2019-04-24 16:36:31 - [TEST_STEP][FAILED] - callTestCase: Unable to call Test Case with id 'Test Cases/s-sidebar_navigation/individualAccount/Subscriber' (Root cause: Call Test Case 'Test Cases/s-sidebar_navigation/individualAccount/Subscriber' failed)

2019-04-24 16:36:31 - [TEST_CASE][FAILED] - Test Cases/s-sidebar_navigation/individualAccount/Subscriber: Test Cases/s-sidebar_navigation/individualAccount/Subscriber FAILED because (of) Unable to click on object 'Object Repository/Page_KiboPush  Dashboard/span_Dashboard' (Root cause: org.openqa.selenium.WebDriverException: unknown error: Element <span class="m-menu__link-text">...</span> is not clickable at point (145, 182). Other element would receive the click: <div class="modal fade show" id="m_modal_1_2" role="dialog" aria-labelledby="exampleModalLabel" style="background: rgba(33, 37, 41, 0.6); display: block;">...</div>
  (Session info: chrome=73.0.3683.103)
  (Driver info: chromedriver=2.35.528161 (5b82f2d2aae0ca24b877009200ced9065a772e73),platform=Windows NT 10.0.17134 x86_64) (WARNING: The server did not provide any stacktrace information)
Command duration or timeout: 0 milliseconds
Build info: version: '3.7.1', revision: '8a0099a', time: '2017-11-06T21:07:36.161Z'
System info: host: 'DESKTOP-4M6R1V0', ip: '10.0.2.15', os.name: 'Windows 10', os.arch: 'amd64', os.version: '10.0', java.version: '1.8.0_181'
Driver info: com.kms.katalon.selenium.driver.CChromeDriver
Capabilities {acceptInsecureCerts: false, acceptSslCerts: false, applicationCacheEnabled: false, browserConnectionEnabled: false, browserName: chrome, chrome: {chromedriverVersion: 2.35.528161 (5b82f2d2aae0ca..., userDataDir: C:\Users\CLOUDK~1\AppData\L...}, cssSelectorsEnabled: true, databaseEnabled: false, handlesAlerts: true, hasTouchScreen: false, javascriptEnabled: true, locationContextEnabled: true, mobileEmulationEnabled: false, nativeEvents: true, networkConnectionEnabled: false, pageLoadStrategy: normal, platform: XP, platformName: XP, rotatable: false, setWindowRect: true, takesHeapSnapshot: true, takesScreenshot: true, unexpectedAlertBehaviour: , unhandledPromptBehavior: , version: 73.0.3683.103, webStorageEnabled: true}
Session ID: bfdc89ef0b6d86cae39983365a367bdf)

2019-04-24 16:36:32 - [TEST_STEP][FAILED] - click: Unable to click on object 'Object Repository/Page_KiboPush  Dashboard/span_Dashboard' (Root cause: org.openqa.selenium.WebDriverException: unknown error: Element <span class="m-menu__link-text">...</span> is not clickable at point (145, 182). Other element would receive the click: <div class="modal fade show" id="m_modal_1_2" role="dialog" aria-labelledby="exampleModalLabel" style="background: rgba(33, 37, 41, 0.6); display: block;">...</div>
  (Session info: chrome=73.0.3683.103)
  (Driver info: chromedriver=2.35.528161 (5b82f2d2aae0ca24b877009200ced9065a772e73),platform=Windows NT 10.0.17134 x86_64) (WARNING: The server did not provide any stacktrace information)
Command duration or timeout: 0 milliseconds
Build info: version: '3.7.1', revision: '8a0099a', time: '2017-11-06T21:07:36.161Z'
System info: host: 'DESKTOP-4M6R1V0', ip: '10.0.2.15', os.name: 'Windows 10', os.arch: 'amd64', os.version: '10.0', java.version: '1.8.0_181'
Driver info: com.kms.katalon.selenium.driver.CChromeDriver
Capabilities {acceptInsecureCerts: false, acceptSslCerts: false, applicationCacheEnabled: false, browserConnectionEnabled: false, browserName: chrome, chrome: {chromedriverVersion: 2.35.528161 (5b82f2d2aae0ca..., userDataDir: C:\Users\CLOUDK~1\AppData\L...}, cssSelectorsEnabled: true, databaseEnabled: false, handlesAlerts: true, hasTouchScreen: false, javascriptEnabled: true, locationContextEnabled: true, mobileEmulationEnabled: false, nativeEvents: true, networkConnectionEnabled: false, pageLoadStrategy: normal, platform: XP, platformName: XP, rotatable: false, setWindowRect: true, takesHeapSnapshot: true, takesScreenshot: true, unexpectedAlertBehaviour: , unhandledPromptBehavior: , version: 73.0.3683.103, webStorageEnabled: true}
Session ID: bfdc89ef0b6d86cae39983365a367bdf)

2019-04-24 16:36:32 - [MESSAGE][FAILED] - Unable to click on object 'Object Repository/Page_KiboPush  Dashboard/span_Dashboard' (Root cause: org.openqa.selenium.WebDriverException: unknown error: Element <span class="m-menu__link-text">...</span> is not clickable at point (145, 182). Other element would receive the click: <div class="modal fade show" id="m_modal_1_2" role="dialog" aria-labelledby="exampleModalLabel" style="background: rgba(33, 37, 41, 0.6); display: block;">...</div>
  (Session info: chrome=73.0.3683.103)
  (Driver info: chromedriver=2.35.528161 (5b82f2d2aae0ca24b877009200ced9065a772e73),platform=Windows NT 10.0.17134 x86_64) (WARNING: The server did not provide any stacktrace information)
Command duration or timeout: 0 milliseconds
Build info: version: '3.7.1', revision: '8a0099a', time: '2017-11-06T21:07:36.161Z'
System info: host: 'DESKTOP-4M6R1V0', ip: '10.0.2.15', os.name: 'Windows 10', os.arch: 'amd64', os.version: '10.0', java.version: '1.8.0_181'
Driver info: com.kms.katalon.selenium.driver.CChromeDriver
Capabilities {acceptInsecureCerts: false, acceptSslCerts: false, applicationCacheEnabled: false, browserConnectionEnabled: false, browserName: chrome, chrome: {chromedriverVersion: 2.35.528161 (5b82f2d2aae0ca..., userDataDir: C:\Users\CLOUDK~1\AppData\L...}, cssSelectorsEnabled: true, databaseEnabled: false, handlesAlerts: true, hasTouchScreen: false, javascriptEnabled: true, locationContextEnabled: true, mobileEmulationEnabled: false, nativeEvents: true, networkConnectionEnabled: false, pageLoadStrategy: normal, platform: XP, platformName: XP, rotatable: false, setWindowRect: true, takesHeapSnapshot: true, takesScreenshot: true, unexpectedAlertBehaviour: , unhandledPromptBehavior: , version: 73.0.3683.103, webStorageEnabled: true}
Session ID: bfdc89ef0b6d86cae39983365a367bdf)
[[ATTACHMENT|C:\\Users\\cloudkibo\\Desktop\\KiboPush_Automated_Testing\\KiboPush Katalon\\Reports\\subscriber\\20190424_163505\\1556105792162.png]]

2019-04-24 16:36:32 - [MESSAGE][FAILED] - Unable to call Test Case with id 'Test Cases/s-sidebar_navigation/individualAccount/Subscriber' (Root cause: Call Test Case 'Test Cases/s-sidebar_navigation/individualAccount/Subscriber' failed)]]></system-out>
         <system-err><![CDATA[2019-04-24 16:36:31 - [TEST_CASE][FAILED] - Test Cases/Subscriber TestCases/TC0676: Test Cases/Subscriber TestCases/TC0676 FAILED because (of) Unable to click on object 'Object Repository/Page_KiboPush  Dashboard/span_Dashboard' (Root cause: org.openqa.selenium.WebDriverException: unknown error: Element <span class="m-menu__link-text">...</span> is not clickable at point (145, 182). Other element would receive the click: <div class="modal fade show" id="m_modal_1_2" role="dialog" aria-labelledby="exampleModalLabel" style="background: rgba(33, 37, 41, 0.6); display: block;">...</div>
  (Session info: chrome=73.0.3683.103)
  (Driver info: chromedriver=2.35.528161 (5b82f2d2aae0ca24b877009200ced9065a772e73),platform=Windows NT 10.0.17134 x86_64) (WARNING: The server did not provide any stacktrace information)
Command duration or timeout: 0 milliseconds
Build info: version: '3.7.1', revision: '8a0099a', time: '2017-11-06T21:07:36.161Z'
System info: host: 'DESKTOP-4M6R1V0', ip: '10.0.2.15', os.name: 'Windows 10', os.arch: 'amd64', os.version: '10.0', java.version: '1.8.0_181'
Driver info: com.kms.katalon.selenium.driver.CChromeDriver
Capabilities {acceptInsecureCerts: false, acceptSslCerts: false, applicationCacheEnabled: false, browserConnectionEnabled: false, browserName: chrome, chrome: {chromedriverVersion: 2.35.528161 (5b82f2d2aae0ca..., userDataDir: C:\Users\CLOUDK~1\AppData\L...}, cssSelectorsEnabled: true, databaseEnabled: false, handlesAlerts: true, hasTouchScreen: false, javascriptEnabled: true, locationContextEnabled: true, mobileEmulationEnabled: false, nativeEvents: true, networkConnectionEnabled: false, pageLoadStrategy: normal, platform: XP, platformName: XP, rotatable: false, setWindowRect: true, takesHeapSnapshot: true, takesScreenshot: true, unexpectedAlertBehaviour: , unhandledPromptBehavior: , version: 73.0.3683.103, webStorageEnabled: true}
Session ID: bfdc89ef0b6d86cae39983365a367bdf)]]></system-err>
      </testcase>
      <testcase name="Test Cases/Subscriber TestCases/TC0678" classname="Test Cases/Subscriber TestCases/TC0678" status="FAILED">
         <failure type="FAILED" message="Unable to click on object 'Object Repository/Page_KiboPush  Dashboard/span_Dashboard' (Root cause: org.openqa.selenium.WebDriverException: unknown error: Element &lt;span class=&quot;m-menu__link-text&quot;>...&lt;/span> is not clickable at point (145, 182). Other element would receive the click: &lt;div class=&quot;modal fade show&quot; id=&quot;m_modal_1_2&quot; role=&quot;dialog&quot; aria-labelledby=&quot;exampleModalLabel&quot; style=&quot;background: rgba(33, 37, 41, 0.6); display: block;&quot;>...&lt;/div>
  (Session info: chrome=73.0.3683.103)
  (Driver info: chromedriver=2.35.528161 (5b82f2d2aae0ca24b877009200ced9065a772e73),platform=Windows NT 10.0.17134 x86_64) (WARNING: The server did not provide any stacktrace information)
Command duration or timeout: 0 milliseconds
Build info: version: '3.7.1', revision: '8a0099a', time: '2017-11-06T21:07:36.161Z'
System info: host: 'DESKTOP-4M6R1V0', ip: '10.0.2.15', os.name: 'Windows 10', os.arch: 'amd64', os.version: '10.0', java.version: '1.8.0_181'
Driver info: com.kms.katalon.selenium.driver.CChromeDriver
Capabilities {acceptInsecureCerts: false, acceptSslCerts: false, applicationCacheEnabled: false, browserConnectionEnabled: false, browserName: chrome, chrome: {chromedriverVersion: 2.35.528161 (5b82f2d2aae0ca..., userDataDir: C:\Users\CLOUDK~1\AppData\L...}, cssSelectorsEnabled: true, databaseEnabled: false, handlesAlerts: true, hasTouchScreen: false, javascriptEnabled: true, locationContextEnabled: true, mobileEmulationEnabled: false, nativeEvents: true, networkConnectionEnabled: false, pageLoadStrategy: normal, platform: XP, platformName: XP, rotatable: false, setWindowRect: true, takesHeapSnapshot: true, takesScreenshot: true, unexpectedAlertBehaviour: , unhandledPromptBehavior: , version: 73.0.3683.103, webStorageEnabled: true}
Session ID: bfdc89ef0b6d86cae39983365a367bdf)"/>
         <system-out><![CDATA[2019-04-24 16:36:32 - [TEST_CASE][FAILED] - Test Cases/Subscriber TestCases/TC0678: Test Cases/Subscriber TestCases/TC0678 FAILED because (of) Unable to click on object 'Object Repository/Page_KiboPush  Dashboard/span_Dashboard' (Root cause: org.openqa.selenium.WebDriverException: unknown error: Element <span class="m-menu__link-text">...</span> is not clickable at point (145, 182). Other element would receive the click: <div class="modal fade show" id="m_modal_1_2" role="dialog" aria-labelledby="exampleModalLabel" style="background: rgba(33, 37, 41, 0.6); display: block;">...</div>
  (Session info: chrome=73.0.3683.103)
  (Driver info: chromedriver=2.35.528161 (5b82f2d2aae0ca24b877009200ced9065a772e73),platform=Windows NT 10.0.17134 x86_64) (WARNING: The server did not provide any stacktrace information)
Command duration or timeout: 0 milliseconds
Build info: version: '3.7.1', revision: '8a0099a', time: '2017-11-06T21:07:36.161Z'
System info: host: 'DESKTOP-4M6R1V0', ip: '10.0.2.15', os.name: 'Windows 10', os.arch: 'amd64', os.version: '10.0', java.version: '1.8.0_181'
Driver info: com.kms.katalon.selenium.driver.CChromeDriver
Capabilities {acceptInsecureCerts: false, acceptSslCerts: false, applicationCacheEnabled: false, browserConnectionEnabled: false, browserName: chrome, chrome: {chromedriverVersion: 2.35.528161 (5b82f2d2aae0ca..., userDataDir: C:\Users\CLOUDK~1\AppData\L...}, cssSelectorsEnabled: true, databaseEnabled: false, handlesAlerts: true, hasTouchScreen: false, javascriptEnabled: true, locationContextEnabled: true, mobileEmulationEnabled: false, nativeEvents: true, networkConnectionEnabled: false, pageLoadStrategy: normal, platform: XP, platformName: XP, rotatable: false, setWindowRect: true, takesHeapSnapshot: true, takesScreenshot: true, unexpectedAlertBehaviour: , unhandledPromptBehavior: , version: 73.0.3683.103, webStorageEnabled: true}
Session ID: bfdc89ef0b6d86cae39983365a367bdf)

2019-04-24 16:36:33 - [TEST_STEP][FAILED] - callTestCase: Unable to call Test Case with id 'Test Cases/s-sidebar_navigation/individualAccount/Subscriber' (Root cause: Call Test Case 'Test Cases/s-sidebar_navigation/individualAccount/Subscriber' failed)

2019-04-24 16:36:33 - [TEST_CASE][FAILED] - Test Cases/s-sidebar_navigation/individualAccount/Subscriber: Test Cases/s-sidebar_navigation/individualAccount/Subscriber FAILED because (of) Unable to click on object 'Object Repository/Page_KiboPush  Dashboard/span_Dashboard' (Root cause: org.openqa.selenium.WebDriverException: unknown error: Element <span class="m-menu__link-text">...</span> is not clickable at point (145, 182). Other element would receive the click: <div class="modal fade show" id="m_modal_1_2" role="dialog" aria-labelledby="exampleModalLabel" style="background: rgba(33, 37, 41, 0.6); display: block;">...</div>
  (Session info: chrome=73.0.3683.103)
  (Driver info: chromedriver=2.35.528161 (5b82f2d2aae0ca24b877009200ced9065a772e73),platform=Windows NT 10.0.17134 x86_64) (WARNING: The server did not provide any stacktrace information)
Command duration or timeout: 0 milliseconds
Build info: version: '3.7.1', revision: '8a0099a', time: '2017-11-06T21:07:36.161Z'
System info: host: 'DESKTOP-4M6R1V0', ip: '10.0.2.15', os.name: 'Windows 10', os.arch: 'amd64', os.version: '10.0', java.version: '1.8.0_181'
Driver info: com.kms.katalon.selenium.driver.CChromeDriver
Capabilities {acceptInsecureCerts: false, acceptSslCerts: false, applicationCacheEnabled: false, browserConnectionEnabled: false, browserName: chrome, chrome: {chromedriverVersion: 2.35.528161 (5b82f2d2aae0ca..., userDataDir: C:\Users\CLOUDK~1\AppData\L...}, cssSelectorsEnabled: true, databaseEnabled: false, handlesAlerts: true, hasTouchScreen: false, javascriptEnabled: true, locationContextEnabled: true, mobileEmulationEnabled: false, nativeEvents: true, networkConnectionEnabled: false, pageLoadStrategy: normal, platform: XP, platformName: XP, rotatable: false, setWindowRect: true, takesHeapSnapshot: true, takesScreenshot: true, unexpectedAlertBehaviour: , unhandledPromptBehavior: , version: 73.0.3683.103, webStorageEnabled: true}
Session ID: bfdc89ef0b6d86cae39983365a367bdf)

2019-04-24 16:36:33 - [TEST_STEP][FAILED] - click: Unable to click on object 'Object Repository/Page_KiboPush  Dashboard/span_Dashboard' (Root cause: org.openqa.selenium.WebDriverException: unknown error: Element <span class="m-menu__link-text">...</span> is not clickable at point (145, 182). Other element would receive the click: <div class="modal fade show" id="m_modal_1_2" role="dialog" aria-labelledby="exampleModalLabel" style="background: rgba(33, 37, 41, 0.6); display: block;">...</div>
  (Session info: chrome=73.0.3683.103)
  (Driver info: chromedriver=2.35.528161 (5b82f2d2aae0ca24b877009200ced9065a772e73),platform=Windows NT 10.0.17134 x86_64) (WARNING: The server did not provide any stacktrace information)
Command duration or timeout: 0 milliseconds
Build info: version: '3.7.1', revision: '8a0099a', time: '2017-11-06T21:07:36.161Z'
System info: host: 'DESKTOP-4M6R1V0', ip: '10.0.2.15', os.name: 'Windows 10', os.arch: 'amd64', os.version: '10.0', java.version: '1.8.0_181'
Driver info: com.kms.katalon.selenium.driver.CChromeDriver
Capabilities {acceptInsecureCerts: false, acceptSslCerts: false, applicationCacheEnabled: false, browserConnectionEnabled: false, browserName: chrome, chrome: {chromedriverVersion: 2.35.528161 (5b82f2d2aae0ca..., userDataDir: C:\Users\CLOUDK~1\AppData\L...}, cssSelectorsEnabled: true, databaseEnabled: false, handlesAlerts: true, hasTouchScreen: false, javascriptEnabled: true, locationContextEnabled: true, mobileEmulationEnabled: false, nativeEvents: true, networkConnectionEnabled: false, pageLoadStrategy: normal, platform: XP, platformName: XP, rotatable: false, setWindowRect: true, takesHeapSnapshot: true, takesScreenshot: true, unexpectedAlertBehaviour: , unhandledPromptBehavior: , version: 73.0.3683.103, webStorageEnabled: true}
Session ID: bfdc89ef0b6d86cae39983365a367bdf)

2019-04-24 16:36:34 - [MESSAGE][FAILED] - Unable to click on object 'Object Repository/Page_KiboPush  Dashboard/span_Dashboard' (Root cause: org.openqa.selenium.WebDriverException: unknown error: Element <span class="m-menu__link-text">...</span> is not clickable at point (145, 182). Other element would receive the click: <div class="modal fade show" id="m_modal_1_2" role="dialog" aria-labelledby="exampleModalLabel" style="background: rgba(33, 37, 41, 0.6); display: block;">...</div>
  (Session info: chrome=73.0.3683.103)
  (Driver info: chromedriver=2.35.528161 (5b82f2d2aae0ca24b877009200ced9065a772e73),platform=Windows NT 10.0.17134 x86_64) (WARNING: The server did not provide any stacktrace information)
Command duration or timeout: 0 milliseconds
Build info: version: '3.7.1', revision: '8a0099a', time: '2017-11-06T21:07:36.161Z'
System info: host: 'DESKTOP-4M6R1V0', ip: '10.0.2.15', os.name: 'Windows 10', os.arch: 'amd64', os.version: '10.0', java.version: '1.8.0_181'
Driver info: com.kms.katalon.selenium.driver.CChromeDriver
Capabilities {acceptInsecureCerts: false, acceptSslCerts: false, applicationCacheEnabled: false, browserConnectionEnabled: false, browserName: chrome, chrome: {chromedriverVersion: 2.35.528161 (5b82f2d2aae0ca..., userDataDir: C:\Users\CLOUDK~1\AppData\L...}, cssSelectorsEnabled: true, databaseEnabled: false, handlesAlerts: true, hasTouchScreen: false, javascriptEnabled: true, locationContextEnabled: true, mobileEmulationEnabled: false, nativeEvents: true, networkConnectionEnabled: false, pageLoadStrategy: normal, platform: XP, platformName: XP, rotatable: false, setWindowRect: true, takesHeapSnapshot: true, takesScreenshot: true, unexpectedAlertBehaviour: , unhandledPromptBehavior: , version: 73.0.3683.103, webStorageEnabled: true}
Session ID: bfdc89ef0b6d86cae39983365a367bdf)
[[ATTACHMENT|C:\\Users\\cloudkibo\\Desktop\\KiboPush_Automated_Testing\\KiboPush Katalon\\Reports\\subscriber\\20190424_163505\\1556105793980.png]]

2019-04-24 16:36:34 - [MESSAGE][FAILED] - Unable to call Test Case with id 'Test Cases/s-sidebar_navigation/individualAccount/Subscriber' (Root cause: Call Test Case 'Test Cases/s-sidebar_navigation/individualAccount/Subscriber' failed)]]></system-out>
         <system-err><![CDATA[2019-04-24 16:36:32 - [TEST_CASE][FAILED] - Test Cases/Subscriber TestCases/TC0678: Test Cases/Subscriber TestCases/TC0678 FAILED because (of) Unable to click on object 'Object Repository/Page_KiboPush  Dashboard/span_Dashboard' (Root cause: org.openqa.selenium.WebDriverException: unknown error: Element <span class="m-menu__link-text">...</span> is not clickable at point (145, 182). Other element would receive the click: <div class="modal fade show" id="m_modal_1_2" role="dialog" aria-labelledby="exampleModalLabel" style="background: rgba(33, 37, 41, 0.6); display: block;">...</div>
  (Session info: chrome=73.0.3683.103)
  (Driver info: chromedriver=2.35.528161 (5b82f2d2aae0ca24b877009200ced9065a772e73),platform=Windows NT 10.0.17134 x86_64) (WARNING: The server did not provide any stacktrace information)
Command duration or timeout: 0 milliseconds
Build info: version: '3.7.1', revision: '8a0099a', time: '2017-11-06T21:07:36.161Z'
System info: host: 'DESKTOP-4M6R1V0', ip: '10.0.2.15', os.name: 'Windows 10', os.arch: 'amd64', os.version: '10.0', java.version: '1.8.0_181'
Driver info: com.kms.katalon.selenium.driver.CChromeDriver
Capabilities {acceptInsecureCerts: false, acceptSslCerts: false, applicationCacheEnabled: false, browserConnectionEnabled: false, browserName: chrome, chrome: {chromedriverVersion: 2.35.528161 (5b82f2d2aae0ca..., userDataDir: C:\Users\CLOUDK~1\AppData\L...}, cssSelectorsEnabled: true, databaseEnabled: false, handlesAlerts: true, hasTouchScreen: false, javascriptEnabled: true, locationContextEnabled: true, mobileEmulationEnabled: false, nativeEvents: true, networkConnectionEnabled: false, pageLoadStrategy: normal, platform: XP, platformName: XP, rotatable: false, setWindowRect: true, takesHeapSnapshot: true, takesScreenshot: true, unexpectedAlertBehaviour: , unhandledPromptBehavior: , version: 73.0.3683.103, webStorageEnabled: true}
Session ID: bfdc89ef0b6d86cae39983365a367bdf)]]></system-err>
      </testcase>
      <testcase name="Test Cases/Subscriber TestCases/TC0679" classname="Test Cases/Subscriber TestCases/TC0679" status="FAILED">
         <failure type="FAILED" message="Unable to click on object 'Object Repository/Page_KiboPush  Dashboard/span_Dashboard' (Root cause: org.openqa.selenium.WebDriverException: unknown error: Element &lt;span class=&quot;m-menu__link-text&quot;>...&lt;/span> is not clickable at point (145, 182). Other element would receive the click: &lt;div class=&quot;modal fade show&quot; id=&quot;m_modal_1_2&quot; role=&quot;dialog&quot; aria-labelledby=&quot;exampleModalLabel&quot; style=&quot;background: rgba(33, 37, 41, 0.6); display: block;&quot;>...&lt;/div>
  (Session info: chrome=73.0.3683.103)
  (Driver info: chromedriver=2.35.528161 (5b82f2d2aae0ca24b877009200ced9065a772e73),platform=Windows NT 10.0.17134 x86_64) (WARNING: The server did not provide any stacktrace information)
Command duration or timeout: 0 milliseconds
Build info: version: '3.7.1', revision: '8a0099a', time: '2017-11-06T21:07:36.161Z'
System info: host: 'DESKTOP-4M6R1V0', ip: '10.0.2.15', os.name: 'Windows 10', os.arch: 'amd64', os.version: '10.0', java.version: '1.8.0_181'
Driver info: com.kms.katalon.selenium.driver.CChromeDriver
Capabilities {acceptInsecureCerts: false, acceptSslCerts: false, applicationCacheEnabled: false, browserConnectionEnabled: false, browserName: chrome, chrome: {chromedriverVersion: 2.35.528161 (5b82f2d2aae0ca..., userDataDir: C:\Users\CLOUDK~1\AppData\L...}, cssSelectorsEnabled: true, databaseEnabled: false, handlesAlerts: true, hasTouchScreen: false, javascriptEnabled: true, locationContextEnabled: true, mobileEmulationEnabled: false, nativeEvents: true, networkConnectionEnabled: false, pageLoadStrategy: normal, platform: XP, platformName: XP, rotatable: false, setWindowRect: true, takesHeapSnapshot: true, takesScreenshot: true, unexpectedAlertBehaviour: , unhandledPromptBehavior: , version: 73.0.3683.103, webStorageEnabled: true}
Session ID: bfdc89ef0b6d86cae39983365a367bdf)"/>
         <system-out><![CDATA[2019-04-24 16:36:34 - [TEST_CASE][FAILED] - Test Cases/Subscriber TestCases/TC0679: Test Cases/Subscriber TestCases/TC0679 FAILED because (of) Unable to click on object 'Object Repository/Page_KiboPush  Dashboard/span_Dashboard' (Root cause: org.openqa.selenium.WebDriverException: unknown error: Element <span class="m-menu__link-text">...</span> is not clickable at point (145, 182). Other element would receive the click: <div class="modal fade show" id="m_modal_1_2" role="dialog" aria-labelledby="exampleModalLabel" style="background: rgba(33, 37, 41, 0.6); display: block;">...</div>
  (Session info: chrome=73.0.3683.103)
  (Driver info: chromedriver=2.35.528161 (5b82f2d2aae0ca24b877009200ced9065a772e73),platform=Windows NT 10.0.17134 x86_64) (WARNING: The server did not provide any stacktrace information)
Command duration or timeout: 0 milliseconds
Build info: version: '3.7.1', revision: '8a0099a', time: '2017-11-06T21:07:36.161Z'
System info: host: 'DESKTOP-4M6R1V0', ip: '10.0.2.15', os.name: 'Windows 10', os.arch: 'amd64', os.version: '10.0', java.version: '1.8.0_181'
Driver info: com.kms.katalon.selenium.driver.CChromeDriver
Capabilities {acceptInsecureCerts: false, acceptSslCerts: false, applicationCacheEnabled: false, browserConnectionEnabled: false, browserName: chrome, chrome: {chromedriverVersion: 2.35.528161 (5b82f2d2aae0ca..., userDataDir: C:\Users\CLOUDK~1\AppData\L...}, cssSelectorsEnabled: true, databaseEnabled: false, handlesAlerts: true, hasTouchScreen: false, javascriptEnabled: true, locationContextEnabled: true, mobileEmulationEnabled: false, nativeEvents: true, networkConnectionEnabled: false, pageLoadStrategy: normal, platform: XP, platformName: XP, rotatable: false, setWindowRect: true, takesHeapSnapshot: true, takesScreenshot: true, unexpectedAlertBehaviour: , unhandledPromptBehavior: , version: 73.0.3683.103, webStorageEnabled: true}
Session ID: bfdc89ef0b6d86cae39983365a367bdf)

2019-04-24 16:36:35 - [TEST_STEP][FAILED] - callTestCase: Unable to call Test Case with id 'Test Cases/Subscriber TestCases/TC0678' (Root cause: Call Test Case 'Test Cases/Subscriber TestCases/TC0678' failed)

2019-04-24 16:36:35 - [TEST_CASE][FAILED] - Test Cases/Subscriber TestCases/TC0678: Test Cases/Subscriber TestCases/TC0678 FAILED because (of) Unable to click on object 'Object Repository/Page_KiboPush  Dashboard/span_Dashboard' (Root cause: org.openqa.selenium.WebDriverException: unknown error: Element <span class="m-menu__link-text">...</span> is not clickable at point (145, 182). Other element would receive the click: <div class="modal fade show" id="m_modal_1_2" role="dialog" aria-labelledby="exampleModalLabel" style="background: rgba(33, 37, 41, 0.6); display: block;">...</div>
  (Session info: chrome=73.0.3683.103)
  (Driver info: chromedriver=2.35.528161 (5b82f2d2aae0ca24b877009200ced9065a772e73),platform=Windows NT 10.0.17134 x86_64) (WARNING: The server did not provide any stacktrace information)
Command duration or timeout: 0 milliseconds
Build info: version: '3.7.1', revision: '8a0099a', time: '2017-11-06T21:07:36.161Z'
System info: host: 'DESKTOP-4M6R1V0', ip: '10.0.2.15', os.name: 'Windows 10', os.arch: 'amd64', os.version: '10.0', java.version: '1.8.0_181'
Driver info: com.kms.katalon.selenium.driver.CChromeDriver
Capabilities {acceptInsecureCerts: false, acceptSslCerts: false, applicationCacheEnabled: false, browserConnectionEnabled: false, browserName: chrome, chrome: {chromedriverVersion: 2.35.528161 (5b82f2d2aae0ca..., userDataDir: C:\Users\CLOUDK~1\AppData\L...}, cssSelectorsEnabled: true, databaseEnabled: false, handlesAlerts: true, hasTouchScreen: false, javascriptEnabled: true, locationContextEnabled: true, mobileEmulationEnabled: false, nativeEvents: true, networkConnectionEnabled: false, pageLoadStrategy: normal, platform: XP, platformName: XP, rotatable: false, setWindowRect: true, takesHeapSnapshot: true, takesScreenshot: true, unexpectedAlertBehaviour: , unhandledPromptBehavior: , version: 73.0.3683.103, webStorageEnabled: true}
Session ID: bfdc89ef0b6d86cae39983365a367bdf)

2019-04-24 16:36:35 - [TEST_STEP][FAILED] - callTestCase: Unable to call Test Case with id 'Test Cases/s-sidebar_navigation/individualAccount/Subscriber' (Root cause: Call Test Case 'Test Cases/s-sidebar_navigation/individualAccount/Subscriber' failed)

2019-04-24 16:36:35 - [TEST_CASE][FAILED] - Test Cases/s-sidebar_navigation/individualAccount/Subscriber: Test Cases/s-sidebar_navigation/individualAccount/Subscriber FAILED because (of) Unable to click on object 'Object Repository/Page_KiboPush  Dashboard/span_Dashboard' (Root cause: org.openqa.selenium.WebDriverException: unknown error: Element <span class="m-menu__link-text">...</span> is not clickable at point (145, 182). Other element would receive the click: <div class="modal fade show" id="m_modal_1_2" role="dialog" aria-labelledby="exampleModalLabel" style="background: rgba(33, 37, 41, 0.6); display: block;">...</div>
  (Session info: chrome=73.0.3683.103)
  (Driver info: chromedriver=2.35.528161 (5b82f2d2aae0ca24b877009200ced9065a772e73),platform=Windows NT 10.0.17134 x86_64) (WARNING: The server did not provide any stacktrace information)
Command duration or timeout: 0 milliseconds
Build info: version: '3.7.1', revision: '8a0099a', time: '2017-11-06T21:07:36.161Z'
System info: host: 'DESKTOP-4M6R1V0', ip: '10.0.2.15', os.name: 'Windows 10', os.arch: 'amd64', os.version: '10.0', java.version: '1.8.0_181'
Driver info: com.kms.katalon.selenium.driver.CChromeDriver
Capabilities {acceptInsecureCerts: false, acceptSslCerts: false, applicationCacheEnabled: false, browserConnectionEnabled: false, browserName: chrome, chrome: {chromedriverVersion: 2.35.528161 (5b82f2d2aae0ca..., userDataDir: C:\Users\CLOUDK~1\AppData\L...}, cssSelectorsEnabled: true, databaseEnabled: false, handlesAlerts: true, hasTouchScreen: false, javascriptEnabled: true, locationContextEnabled: true, mobileEmulationEnabled: false, nativeEvents: true, networkConnectionEnabled: false, pageLoadStrategy: normal, platform: XP, platformName: XP, rotatable: false, setWindowRect: true, takesHeapSnapshot: true, takesScreenshot: true, unexpectedAlertBehaviour: , unhandledPromptBehavior: , version: 73.0.3683.103, webStorageEnabled: true}
Session ID: bfdc89ef0b6d86cae39983365a367bdf)

2019-04-24 16:36:35 - [TEST_STEP][FAILED] - click: Unable to click on object 'Object Repository/Page_KiboPush  Dashboard/span_Dashboard' (Root cause: org.openqa.selenium.WebDriverException: unknown error: Element <span class="m-menu__link-text">...</span> is not clickable at point (145, 182). Other element would receive the click: <div class="modal fade show" id="m_modal_1_2" role="dialog" aria-labelledby="exampleModalLabel" style="background: rgba(33, 37, 41, 0.6); display: block;">...</div>
  (Session info: chrome=73.0.3683.103)
  (Driver info: chromedriver=2.35.528161 (5b82f2d2aae0ca24b877009200ced9065a772e73),platform=Windows NT 10.0.17134 x86_64) (WARNING: The server did not provide any stacktrace information)
Command duration or timeout: 0 milliseconds
Build info: version: '3.7.1', revision: '8a0099a', time: '2017-11-06T21:07:36.161Z'
System info: host: 'DESKTOP-4M6R1V0', ip: '10.0.2.15', os.name: 'Windows 10', os.arch: 'amd64', os.version: '10.0', java.version: '1.8.0_181'
Driver info: com.kms.katalon.selenium.driver.CChromeDriver
Capabilities {acceptInsecureCerts: false, acceptSslCerts: false, applicationCacheEnabled: false, browserConnectionEnabled: false, browserName: chrome, chrome: {chromedriverVersion: 2.35.528161 (5b82f2d2aae0ca..., userDataDir: C:\Users\CLOUDK~1\AppData\L...}, cssSelectorsEnabled: true, databaseEnabled: false, handlesAlerts: true, hasTouchScreen: false, javascriptEnabled: true, locationContextEnabled: true, mobileEmulationEnabled: false, nativeEvents: true, networkConnectionEnabled: false, pageLoadStrategy: normal, platform: XP, platformName: XP, rotatable: false, setWindowRect: true, takesHeapSnapshot: true, takesScreenshot: true, unexpectedAlertBehaviour: , unhandledPromptBehavior: , version: 73.0.3683.103, webStorageEnabled: true}
Session ID: bfdc89ef0b6d86cae39983365a367bdf)

2019-04-24 16:36:37 - [MESSAGE][FAILED] - Unable to click on object 'Object Repository/Page_KiboPush  Dashboard/span_Dashboard' (Root cause: org.openqa.selenium.WebDriverException: unknown error: Element <span class="m-menu__link-text">...</span> is not clickable at point (145, 182). Other element would receive the click: <div class="modal fade show" id="m_modal_1_2" role="dialog" aria-labelledby="exampleModalLabel" style="background: rgba(33, 37, 41, 0.6); display: block;">...</div>
  (Session info: chrome=73.0.3683.103)
  (Driver info: chromedriver=2.35.528161 (5b82f2d2aae0ca24b877009200ced9065a772e73),platform=Windows NT 10.0.17134 x86_64) (WARNING: The server did not provide any stacktrace information)
Command duration or timeout: 0 milliseconds
Build info: version: '3.7.1', revision: '8a0099a', time: '2017-11-06T21:07:36.161Z'
System info: host: 'DESKTOP-4M6R1V0', ip: '10.0.2.15', os.name: 'Windows 10', os.arch: 'amd64', os.version: '10.0', java.version: '1.8.0_181'
Driver info: com.kms.katalon.selenium.driver.CChromeDriver
Capabilities {acceptInsecureCerts: false, acceptSslCerts: false, applicationCacheEnabled: false, browserConnectionEnabled: false, browserName: chrome, chrome: {chromedriverVersion: 2.35.528161 (5b82f2d2aae0ca..., userDataDir: C:\Users\CLOUDK~1\AppData\L...}, cssSelectorsEnabled: true, databaseEnabled: false, handlesAlerts: true, hasTouchScreen: false, javascriptEnabled: true, locationContextEnabled: true, mobileEmulationEnabled: false, nativeEvents: true, networkConnectionEnabled: false, pageLoadStrategy: normal, platform: XP, platformName: XP, rotatable: false, setWindowRect: true, takesHeapSnapshot: true, takesScreenshot: true, unexpectedAlertBehaviour: , unhandledPromptBehavior: , version: 73.0.3683.103, webStorageEnabled: true}
Session ID: bfdc89ef0b6d86cae39983365a367bdf)
[[ATTACHMENT|C:\\Users\\cloudkibo\\Desktop\\KiboPush_Automated_Testing\\KiboPush Katalon\\Reports\\subscriber\\20190424_163505\\1556105795877.png]]

2019-04-24 16:36:37 - [MESSAGE][FAILED] - Unable to call Test Case with id 'Test Cases/s-sidebar_navigation/individualAccount/Subscriber' (Root cause: Call Test Case 'Test Cases/s-sidebar_navigation/individualAccount/Subscriber' failed)

2019-04-24 16:36:37 - [MESSAGE][FAILED] - Unable to call Test Case with id 'Test Cases/Subscriber TestCases/TC0678' (Root cause: Call Test Case 'Test Cases/Subscriber TestCases/TC0678' failed)]]></system-out>
         <system-err><![CDATA[2019-04-24 16:36:34 - [TEST_CASE][FAILED] - Test Cases/Subscriber TestCases/TC0679: Test Cases/Subscriber TestCases/TC0679 FAILED because (of) Unable to click on object 'Object Repository/Page_KiboPush  Dashboard/span_Dashboard' (Root cause: org.openqa.selenium.WebDriverException: unknown error: Element <span class="m-menu__link-text">...</span> is not clickable at point (145, 182). Other element would receive the click: <div class="modal fade show" id="m_modal_1_2" role="dialog" aria-labelledby="exampleModalLabel" style="background: rgba(33, 37, 41, 0.6); display: block;">...</div>
  (Session info: chrome=73.0.3683.103)
  (Driver info: chromedriver=2.35.528161 (5b82f2d2aae0ca24b877009200ced9065a772e73),platform=Windows NT 10.0.17134 x86_64) (WARNING: The server did not provide any stacktrace information)
Command duration or timeout: 0 milliseconds
Build info: version: '3.7.1', revision: '8a0099a', time: '2017-11-06T21:07:36.161Z'
System info: host: 'DESKTOP-4M6R1V0', ip: '10.0.2.15', os.name: 'Windows 10', os.arch: 'amd64', os.version: '10.0', java.version: '1.8.0_181'
Driver info: com.kms.katalon.selenium.driver.CChromeDriver
Capabilities {acceptInsecureCerts: false, acceptSslCerts: false, applicationCacheEnabled: false, browserConnectionEnabled: false, browserName: chrome, chrome: {chromedriverVersion: 2.35.528161 (5b82f2d2aae0ca..., userDataDir: C:\Users\CLOUDK~1\AppData\L...}, cssSelectorsEnabled: true, databaseEnabled: false, handlesAlerts: true, hasTouchScreen: false, javascriptEnabled: true, locationContextEnabled: true, mobileEmulationEnabled: false, nativeEvents: true, networkConnectionEnabled: false, pageLoadStrategy: normal, platform: XP, platformName: XP, rotatable: false, setWindowRect: true, takesHeapSnapshot: true, takesScreenshot: true, unexpectedAlertBehaviour: , unhandledPromptBehavior: , version: 73.0.3683.103, webStorageEnabled: true}
Session ID: bfdc89ef0b6d86cae39983365a367bdf)]]></system-err>
      </testcase>
      <system-out><![CDATA[2019-04-24 16:35:09 - [TEST_SUITE][FAILED] - subscriber: Test Cases/Subscriber TestCases/TC0672 FAILED because (of) Unable to click on object 'Object Repository/Page_KiboPush  Dashboard/span_Dashboard' (Root cause: org.openqa.selenium.WebDriverException: unknown error: Element <span class="m-menu__link-text">...</span> is not clickable at point (145, 182). Other element would receive the click: <div class="modal fade show" id="m_modal_1_2" role="dialog" aria-labelledby="exampleModalLabel" style="background: rgba(33, 37, 41, 0.6); display: block;">...</div>
  (Session info: chrome=73.0.3683.103)
  (Driver info: chromedriver=2.35.528161 (5b82f2d2aae0ca24b877009200ced9065a772e73),platform=Windows NT 10.0.17134 x86_64) (WARNING: The server did not provide any stacktrace information)
Command duration or timeout: 0 milliseconds
Build info: version: '3.7.1', revision: '8a0099a', time: '2017-11-06T21:07:36.161Z'
System info: host: 'DESKTOP-4M6R1V0', ip: '10.0.2.15', os.name: 'Windows 10', os.arch: 'amd64', os.version: '10.0', java.version: '1.8.0_181'
Driver info: com.kms.katalon.selenium.driver.CChromeDriver
Capabilities {acceptInsecureCerts: false, acceptSslCerts: false, applicationCacheEnabled: false, browserConnectionEnabled: false, browserName: chrome, chrome: {chromedriverVersion: 2.35.528161 (5b82f2d2aae0ca..., userDataDir: C:\Users\CLOUDK~1\AppData\L...}, cssSelectorsEnabled: true, databaseEnabled: false, handlesAlerts: true, hasTouchScreen: false, javascriptEnabled: true, locationContextEnabled: true, mobileEmulationEnabled: false, nativeEvents: true, networkConnectionEnabled: false, pageLoadStrategy: normal, platform: XP, platformName: XP, rotatable: false, setWindowRect: true, takesHeapSnapshot: true, takesScreenshot: true, unexpectedAlertBehaviour: , unhandledPromptBehavior: , version: 73.0.3683.103, webStorageEnabled: true}
Session ID: bfdc89ef0b6d86cae39983365a367bdf)]]></system-out>
      <system-err><![CDATA[2019-04-24 16:35:09 - [TEST_SUITE][FAILED] - subscriber: Test Cases/Subscriber TestCases/TC0672 FAILED because (of) Unable to click on object 'Object Repository/Page_KiboPush  Dashboard/span_Dashboard' (Root cause: org.openqa.selenium.WebDriverException: unknown error: Element <span class="m-menu__link-text">...</span> is not clickable at point (145, 182). Other element would receive the click: <div class="modal fade show" id="m_modal_1_2" role="dialog" aria-labelledby="exampleModalLabel" style="background: rgba(33, 37, 41, 0.6); display: block;">...</div>
  (Session info: chrome=73.0.3683.103)
  (Driver info: chromedriver=2.35.528161 (5b82f2d2aae0ca24b877009200ced9065a772e73),platform=Windows NT 10.0.17134 x86_64) (WARNING: The server did not provide any stacktrace information)
Command duration or timeout: 0 milliseconds
Build info: version: '3.7.1', revision: '8a0099a', time: '2017-11-06T21:07:36.161Z'
System info: host: 'DESKTOP-4M6R1V0', ip: '10.0.2.15', os.name: 'Windows 10', os.arch: 'amd64', os.version: '10.0', java.version: '1.8.0_181'
Driver info: com.kms.katalon.selenium.driver.CChromeDriver
Capabilities {acceptInsecureCerts: false, acceptSslCerts: false, applicationCacheEnabled: false, browserConnectionEnabled: false, browserName: chrome, chrome: {chromedriverVersion: 2.35.528161 (5b82f2d2aae0ca..., userDataDir: C:\Users\CLOUDK~1\AppData\L...}, cssSelectorsEnabled: true, databaseEnabled: false, handlesAlerts: true, hasTouchScreen: false, javascriptEnabled: true, locationContextEnabled: true, mobileEmulationEnabled: false, nativeEvents: true, networkConnectionEnabled: false, pageLoadStrategy: normal, platform: XP, platformName: XP, rotatable: false, setWindowRect: true, takesHeapSnapshot: true, takesScreenshot: true, unexpectedAlertBehaviour: , unhandledPromptBehavior: , version: 73.0.3683.103, webStorageEnabled: true}
Session ID: bfdc89ef0b6d86cae39983365a367bdf)]]></system-err>
   </testsuite>
</testsuites>
