<?xml version="1.0" encoding="UTF-8"?>
<testsuites name="KiboLite" time="387" tests="9" failures="0" errors="0">
   <testsuite name="KiboLite" tests="9" failures="0" errors="0" time="387" timestamp="2019-04-08 14:54:07" hostname="cloudkibo-faizan - cloudkibo-faizan" id="Test Suites/KiboLite">
      <properties>
         <property name="deviceName" value=""/>
         <property name="devicePlatform" value=""/>
         <property name="logFolder" value="/home/cloudkibo-faizan/Drive/Katalon/production/KiboPush/Reports/KiboLite/20190408_145405"/>
         <property name="logFiles" value="/home/cloudkibo-faizan/Drive/Katalon/production/KiboPush/Reports/KiboLite/20190408_145405/execution0.log"/>
         <property name="attachments" value=""/>
         <property name="hostName" value="cloudkibo-faizan - cloudkibo-faizan"/>
         <property name="os" value="Linux 64bit"/>
         <property name="katalonVersion" value="6.0.6.4"/>
         <property name="browser" value="Chrome 73.0.3683.75"/>
         <property name="hostAddress" value="127.0.1.1"/>
         <property name="sessionId" value="f52bac45d7d3e0560fbebd8026532fcf"/>
         <property name="seleniumVersion" value="3.7.1"/>
         <property name="proxyInformation" value="ProxyInformation{proxyOption=NO_PROXY, proxyServerType=HTTP, password=, proxyServerAddress=, proxyServerPort=0}"/>
         <property name="platform" value="Linux"/>
      </properties>
      <testcase name="Test Cases/KiboLite/TC11077" classname="Test Cases/KiboLite/TC11077" status="PASSED">
         <system-out><![CDATA[2019-04-08 14:54:08 - [TEST_CASE][PASSED] - Test Cases/KiboLite/TC11077: Test Cases/KiboLite/TC11077

2019-04-08 14:54:08 - [TEST_STEP][PASSED] - callTestCase(findTestCase("KiboLite/login"), [:], STOP_ON_FAILURE): Call Test Case 'Test Cases/KiboLite/login' successfully

2019-04-08 14:54:08 - [TEST_CASE][PASSED] - Test Cases/KiboLite/login: Test Cases/KiboLite/login

2019-04-08 14:54:08 - [TEST_STEP][PASSED] - openBrowser(""): Browser is opened with url: ''

2019-04-08 14:54:09 - [MESSAGE][INFO] - Starting 'Chrome' driver

2019-04-08 14:54:09 - [MESSAGE][INFO] - Action delay is set to 0 seconds

2019-04-08 14:54:11 - [MESSAGE][PASSED] - Browser is opened with url: ''

2019-04-08 14:54:11 - [TEST_STEP][PASSED] - maximizeWindow(): Current window maximized

2019-04-08 14:54:11 - [MESSAGE][PASSED] - Current window maximized

2019-04-08 14:54:11 - [TEST_STEP][PASSED] - navigateToUrl("https://kibolite.cloudkibo.com/"): Navigate to 'https://kibolite.cloudkibo.com/' successfully

2019-04-08 14:54:25 - [MESSAGE][PASSED] - Navigate to 'https://kibolite.cloudkibo.com/' successfully

2019-04-08 14:54:25 - [TEST_STEP][PASSED] - navigateToUrl("https://accounts.cloudkibo.com/?continue=http://kibolite.cloudkibo.com"): Navigate to 'https://accounts.cloudkibo.com/?continue=http://kibolite.cloudkibo.com' successfully

2019-04-08 14:54:26 - [MESSAGE][PASSED] - Navigate to 'https://accounts.cloudkibo.com/?continue=http://kibolite.cloudkibo.com' successfully

2019-04-08 14:54:26 - [TEST_STEP][PASSED] - navigateToUrl("https://accounts.cloudkibo.com/?continue=http://kibolite.cloudkibo.com"): Navigate to 'https://accounts.cloudkibo.com/?continue=http://kibolite.cloudkibo.com' successfully

2019-04-08 14:54:26 - [MESSAGE][PASSED] - Navigate to 'https://accounts.cloudkibo.com/?continue=http://kibolite.cloudkibo.com' successfully

2019-04-08 14:54:26 - [TEST_STEP][PASSED] - click(findTestObject("Page_CloudKibo/a_Login (1)")): Object: 'Object Repository/Page_CloudKibo/a_Login (1)' is clicked on

2019-04-08 14:54:27 - [MESSAGE][PASSED] - Object: 'Object Repository/Page_CloudKibo/a_Login (1)' is clicked on

2019-04-08 14:54:27 - [TEST_STEP][PASSED] - navigateToUrl("https://accounts.cloudkibo.com/login?continue=http://kibolite.cloudkibo.com"): Navigate to 'https://accounts.cloudkibo.com/login?continue=http://kibolite.cloudkibo.com' successfully

2019-04-08 14:54:27 - [MESSAGE][PASSED] - Navigate to 'https://accounts.cloudkibo.com/login?continue=http://kibolite.cloudkibo.com' successfully

2019-04-08 14:54:27 - [TEST_STEP][PASSED] - setText(findTestObject("Page_CloudKibo/input_Sign In_email"), "individual@cloudkibo.com"): Text 'individual@cloudkibo.com' is set on object 'Object Repository/Page_CloudKibo/input_Sign In_email'

2019-04-08 14:54:28 - [MESSAGE][PASSED] - Text 'individual@cloudkibo.com' is set on object 'Object Repository/Page_CloudKibo/input_Sign In_email'

2019-04-08 14:54:28 - [TEST_STEP][PASSED] - setEncryptedText(findTestObject("Page_CloudKibo/input_Sign In_password"), "RigbBhfdqOBGNlJIWM1ClA=="): Text ****** has been set on object 'Object Repository/Page_CloudKibo/input_Sign In_password'

2019-04-08 14:54:28 - [MESSAGE][PASSED] - Text ****** has been set on object 'Object Repository/Page_CloudKibo/input_Sign In_password'

2019-04-08 14:54:28 - [TEST_STEP][PASSED] - click(findTestObject("Page_CloudKibo/button_Sign In (4)")): Object: 'Object Repository/Page_CloudKibo/button_Sign In (4)' is clicked on

2019-04-08 14:54:28 - [MESSAGE][PASSED] - Object: 'Object Repository/Page_CloudKibo/button_Sign In (4)' is clicked on

2019-04-08 14:54:28 - [TEST_STEP][PASSED] - navigateToUrl("https://kibolite.cloudkibo.com/dashboard"): Navigate to 'https://kibolite.cloudkibo.com/dashboard' successfully

2019-04-08 14:54:37 - [MESSAGE][PASSED] - Navigate to 'https://kibolite.cloudkibo.com/dashboard' successfully

2019-04-08 14:54:37 - [TEST_STEP][PASSED] - click(findTestObject("Object Repository/Page_ Dashboard/h3_Dashboard")): Object: 'Object Repository/Page_ Dashboard/h3_Dashboard' is clicked on

2019-04-08 14:54:38 - [MESSAGE][PASSED] - Object: 'Object Repository/Page_ Dashboard/h3_Dashboard' is clicked on

2019-04-08 14:54:38 - [MESSAGE][PASSED] - Call Test Case 'Test Cases/KiboLite/login' successfully]]></system-out>
         <system-err><![CDATA[]]></system-err>
      </testcase>
      <testcase name="Test Cases/KiboLite/TC11078" classname="Test Cases/KiboLite/TC11078" status="PASSED">
         <system-out><![CDATA[2019-04-08 14:54:38 - [TEST_CASE][PASSED] - Test Cases/KiboLite/TC11078: Test Cases/KiboLite/TC11078

2019-04-08 14:54:38 - [TEST_STEP][PASSED] - callTestCase(findTestCase("KiboLite/login"), [:], STOP_ON_FAILURE): Call Test Case 'Test Cases/KiboLite/login' successfully

2019-04-08 14:54:38 - [TEST_CASE][PASSED] - Test Cases/KiboLite/login: Test Cases/KiboLite/login

2019-04-08 14:54:38 - [TEST_STEP][PASSED] - openBrowser(""): Browser is opened with url: ''

2019-04-08 14:54:38 - [MESSAGE][WARNING] - A browser is already opened. Closing browser and opening a new one

2019-04-08 14:54:38 - [MESSAGE][INFO] - Starting 'Chrome' driver

2019-04-08 14:54:38 - [MESSAGE][PASSED] - Browser is opened with url: ''

2019-04-08 14:54:38 - [TEST_STEP][PASSED] - maximizeWindow(): Current window maximized

2019-04-08 14:54:39 - [MESSAGE][PASSED] - Current window maximized

2019-04-08 14:54:39 - [TEST_STEP][PASSED] - navigateToUrl("https://kibolite.cloudkibo.com/"): Navigate to 'https://kibolite.cloudkibo.com/' successfully

2019-04-08 14:55:01 - [MESSAGE][PASSED] - Navigate to 'https://kibolite.cloudkibo.com/' successfully

2019-04-08 14:55:01 - [TEST_STEP][PASSED] - navigateToUrl("https://accounts.cloudkibo.com/?continue=http://kibolite.cloudkibo.com"): Navigate to 'https://accounts.cloudkibo.com/?continue=http://kibolite.cloudkibo.com' successfully

2019-04-08 14:55:01 - [MESSAGE][PASSED] - Navigate to 'https://accounts.cloudkibo.com/?continue=http://kibolite.cloudkibo.com' successfully

2019-04-08 14:55:01 - [TEST_STEP][PASSED] - navigateToUrl("https://accounts.cloudkibo.com/?continue=http://kibolite.cloudkibo.com"): Navigate to 'https://accounts.cloudkibo.com/?continue=http://kibolite.cloudkibo.com' successfully

2019-04-08 14:55:01 - [MESSAGE][PASSED] - Navigate to 'https://accounts.cloudkibo.com/?continue=http://kibolite.cloudkibo.com' successfully

2019-04-08 14:55:01 - [TEST_STEP][PASSED] - click(findTestObject("Page_CloudKibo/a_Login (1)")): Object: 'Object Repository/Page_CloudKibo/a_Login (1)' is clicked on

2019-04-08 14:55:02 - [MESSAGE][PASSED] - Object: 'Object Repository/Page_CloudKibo/a_Login (1)' is clicked on

2019-04-08 14:55:02 - [TEST_STEP][PASSED] - navigateToUrl("https://accounts.cloudkibo.com/login?continue=http://kibolite.cloudkibo.com"): Navigate to 'https://accounts.cloudkibo.com/login?continue=http://kibolite.cloudkibo.com' successfully

2019-04-08 14:55:03 - [MESSAGE][PASSED] - Navigate to 'https://accounts.cloudkibo.com/login?continue=http://kibolite.cloudkibo.com' successfully

2019-04-08 14:55:03 - [TEST_STEP][PASSED] - setText(findTestObject("Page_CloudKibo/input_Sign In_email"), "individual@cloudkibo.com"): Text 'individual@cloudkibo.com' is set on object 'Object Repository/Page_CloudKibo/input_Sign In_email'

2019-04-08 14:55:03 - [MESSAGE][PASSED] - Text 'individual@cloudkibo.com' is set on object 'Object Repository/Page_CloudKibo/input_Sign In_email'

2019-04-08 14:55:03 - [TEST_STEP][PASSED] - setEncryptedText(findTestObject("Page_CloudKibo/input_Sign In_password"), "RigbBhfdqOBGNlJIWM1ClA=="): Text ****** has been set on object 'Object Repository/Page_CloudKibo/input_Sign In_password'

2019-04-08 14:55:03 - [MESSAGE][PASSED] - Text ****** has been set on object 'Object Repository/Page_CloudKibo/input_Sign In_password'

2019-04-08 14:55:03 - [TEST_STEP][PASSED] - click(findTestObject("Page_CloudKibo/button_Sign In (4)")): Object: 'Object Repository/Page_CloudKibo/button_Sign In (4)' is clicked on

2019-04-08 14:55:03 - [MESSAGE][PASSED] - Object: 'Object Repository/Page_CloudKibo/button_Sign In (4)' is clicked on

2019-04-08 14:55:03 - [TEST_STEP][PASSED] - navigateToUrl("https://kibolite.cloudkibo.com/dashboard"): Navigate to 'https://kibolite.cloudkibo.com/dashboard' successfully

2019-04-08 14:55:24 - [MESSAGE][PASSED] - Navigate to 'https://kibolite.cloudkibo.com/dashboard' successfully

2019-04-08 14:55:24 - [TEST_STEP][PASSED] - click(findTestObject("Object Repository/Page_ Dashboard/h3_Dashboard")): Object: 'Object Repository/Page_ Dashboard/h3_Dashboard' is clicked on

2019-04-08 14:55:24 - [MESSAGE][PASSED] - Object: 'Object Repository/Page_ Dashboard/h3_Dashboard' is clicked on

2019-04-08 14:55:24 - [MESSAGE][PASSED] - Call Test Case 'Test Cases/KiboLite/login' successfully

2019-04-08 14:55:24 - [TEST_STEP][PASSED] - delay(2): Delayed 2 second(s)

2019-04-08 14:55:26 - [MESSAGE][PASSED] - Delayed 2 second(s)

2019-04-08 14:55:26 - [TEST_STEP][PASSED] - click(findTestObject("Object Repository/Page_ Dashboard/span_Broadcast")): Object: 'Object Repository/Page_ Dashboard/span_Broadcast' is clicked on

2019-04-08 14:55:26 - [MESSAGE][PASSED] - Object: 'Object Repository/Page_ Dashboard/span_Broadcast' is clicked on

2019-04-08 14:55:26 - [TEST_STEP][PASSED] - driver = getWebDriver(): null

2019-04-08 14:55:27 - [TEST_STEP][PASSED] - Select = driver.findElements(By.xpath("//*[@id="tab_1"]/div/div[2]/div/select/option")): null

2019-04-08 14:55:27 - [TEST_STEP][PASSED] - println(Select.size()): null

2019-04-08 14:55:27 - [TEST_STEP][PASSED] - verifyGreaterThanOrEqual(Select.size(), 1): Actual number '6' is greater than or equal to expected number '1'

2019-04-08 14:55:27 - [MESSAGE][PASSED] - Actual number '6' is greater than or equal to expected number '1']]></system-out>
         <system-err><![CDATA[]]></system-err>
      </testcase>
      <testcase name="Test Cases/KiboLite/TC11079" classname="Test Cases/KiboLite/TC11079" status="PASSED">
         <system-out><![CDATA[2019-04-08 14:55:27 - [TEST_CASE][PASSED] - Test Cases/KiboLite/TC11079: Test Cases/KiboLite/TC11079

2019-04-08 14:55:27 - [TEST_STEP][PASSED] - callTestCase(findTestCase("KiboLite/login"), [:], STOP_ON_FAILURE): Call Test Case 'Test Cases/KiboLite/login' successfully

2019-04-08 14:55:27 - [TEST_CASE][PASSED] - Test Cases/KiboLite/login: Test Cases/KiboLite/login

2019-04-08 14:55:27 - [TEST_STEP][PASSED] - openBrowser(""): Browser is opened with url: ''

2019-04-08 14:55:27 - [MESSAGE][WARNING] - A browser is already opened. Closing browser and opening a new one

2019-04-08 14:55:27 - [MESSAGE][INFO] - Starting 'Chrome' driver

2019-04-08 14:55:27 - [MESSAGE][PASSED] - Browser is opened with url: ''

2019-04-08 14:55:27 - [TEST_STEP][PASSED] - maximizeWindow(): Current window maximized

2019-04-08 14:55:27 - [MESSAGE][PASSED] - Current window maximized

2019-04-08 14:55:27 - [TEST_STEP][PASSED] - navigateToUrl("https://kibolite.cloudkibo.com/"): Navigate to 'https://kibolite.cloudkibo.com/' successfully

2019-04-08 14:55:41 - [MESSAGE][PASSED] - Navigate to 'https://kibolite.cloudkibo.com/' successfully

2019-04-08 14:55:41 - [TEST_STEP][PASSED] - navigateToUrl("https://accounts.cloudkibo.com/?continue=http://kibolite.cloudkibo.com"): Navigate to 'https://accounts.cloudkibo.com/?continue=http://kibolite.cloudkibo.com' successfully

2019-04-08 14:55:42 - [MESSAGE][PASSED] - Navigate to 'https://accounts.cloudkibo.com/?continue=http://kibolite.cloudkibo.com' successfully

2019-04-08 14:55:42 - [TEST_STEP][PASSED] - navigateToUrl("https://accounts.cloudkibo.com/?continue=http://kibolite.cloudkibo.com"): Navigate to 'https://accounts.cloudkibo.com/?continue=http://kibolite.cloudkibo.com' successfully

2019-04-08 14:55:42 - [MESSAGE][PASSED] - Navigate to 'https://accounts.cloudkibo.com/?continue=http://kibolite.cloudkibo.com' successfully

2019-04-08 14:55:42 - [TEST_STEP][PASSED] - click(findTestObject("Page_CloudKibo/a_Login (1)")): Object: 'Object Repository/Page_CloudKibo/a_Login (1)' is clicked on

2019-04-08 14:55:43 - [MESSAGE][PASSED] - Object: 'Object Repository/Page_CloudKibo/a_Login (1)' is clicked on

2019-04-08 14:55:43 - [TEST_STEP][PASSED] - navigateToUrl("https://accounts.cloudkibo.com/login?continue=http://kibolite.cloudkibo.com"): Navigate to 'https://accounts.cloudkibo.com/login?continue=http://kibolite.cloudkibo.com' successfully

2019-04-08 14:55:43 - [MESSAGE][PASSED] - Navigate to 'https://accounts.cloudkibo.com/login?continue=http://kibolite.cloudkibo.com' successfully

2019-04-08 14:55:43 - [TEST_STEP][PASSED] - setText(findTestObject("Page_CloudKibo/input_Sign In_email"), "individual@cloudkibo.com"): Text 'individual@cloudkibo.com' is set on object 'Object Repository/Page_CloudKibo/input_Sign In_email'

2019-04-08 14:55:44 - [MESSAGE][PASSED] - Text 'individual@cloudkibo.com' is set on object 'Object Repository/Page_CloudKibo/input_Sign In_email'

2019-04-08 14:55:44 - [TEST_STEP][PASSED] - setEncryptedText(findTestObject("Page_CloudKibo/input_Sign In_password"), "RigbBhfdqOBGNlJIWM1ClA=="): Text ****** has been set on object 'Object Repository/Page_CloudKibo/input_Sign In_password'

2019-04-08 14:55:44 - [MESSAGE][PASSED] - Text ****** has been set on object 'Object Repository/Page_CloudKibo/input_Sign In_password'

2019-04-08 14:55:44 - [TEST_STEP][PASSED] - click(findTestObject("Page_CloudKibo/button_Sign In (4)")): Object: 'Object Repository/Page_CloudKibo/button_Sign In (4)' is clicked on

2019-04-08 14:55:44 - [MESSAGE][PASSED] - Object: 'Object Repository/Page_CloudKibo/button_Sign In (4)' is clicked on

2019-04-08 14:55:44 - [TEST_STEP][PASSED] - navigateToUrl("https://kibolite.cloudkibo.com/dashboard"): Navigate to 'https://kibolite.cloudkibo.com/dashboard' successfully

2019-04-08 14:56:04 - [MESSAGE][PASSED] - Navigate to 'https://kibolite.cloudkibo.com/dashboard' successfully

2019-04-08 14:56:04 - [TEST_STEP][PASSED] - click(findTestObject("Object Repository/Page_ Dashboard/h3_Dashboard")): Object: 'Object Repository/Page_ Dashboard/h3_Dashboard' is clicked on

2019-04-08 14:56:04 - [MESSAGE][PASSED] - Object: 'Object Repository/Page_ Dashboard/h3_Dashboard' is clicked on

2019-04-08 14:56:04 - [MESSAGE][PASSED] - Call Test Case 'Test Cases/KiboLite/login' successfully

2019-04-08 14:56:04 - [TEST_STEP][PASSED] - delay(2): Delayed 2 second(s)

2019-04-08 14:56:06 - [MESSAGE][PASSED] - Delayed 2 second(s)

2019-04-08 14:56:06 - [TEST_STEP][PASSED] - click(findTestObject("Page_ Dashboard/span_Broadcast")): Object: 'Object Repository/Page_ Dashboard/span_Broadcast' is clicked on

2019-04-08 14:56:06 - [MESSAGE][PASSED] - Object: 'Object Repository/Page_ Dashboard/span_Broadcast' is clicked on

2019-04-08 14:56:06 - [TEST_STEP][PASSED] - csv = getProjectDir() + "/sampleFile.csv": null

2019-04-08 14:56:06 - [TEST_STEP][PASSED] - uploadFile(findTestObject("Object Repository/Page_ Business Gateway/h4_sampleFilecsv"), csv): File '/home/cloudkibo-faizan/Drive/Katalon/production/KiboPush/sampleFile.csv' sent to object: 'Object Repository/Page_ Business Gateway/h4_sampleFilecsv'

2019-04-08 14:56:06 - [MESSAGE][PASSED] - File '/home/cloudkibo-faizan/Drive/Katalon/production/KiboPush/sampleFile.csv' sent to object: 'Object Repository/Page_ Business Gateway/h4_sampleFilecsv'

2019-04-08 14:56:06 - [TEST_STEP][PASSED] - delay(10): Delayed 10 second(s)

2019-04-08 14:56:16 - [MESSAGE][PASSED] - Delayed 10 second(s)]]></system-out>
         <system-err><![CDATA[]]></system-err>
      </testcase>
      <testcase name="Test Cases/KiboLite/TC11081" classname="Test Cases/KiboLite/TC11081" status="PASSED">
         <system-out><![CDATA[2019-04-08 14:56:16 - [TEST_CASE][PASSED] - Test Cases/KiboLite/TC11081: Test Cases/KiboLite/TC11081

2019-04-08 14:56:16 - [TEST_STEP][PASSED] - callTestCase(findTestCase("KiboLite/TC11079"), [:], STOP_ON_FAILURE): Call Test Case 'Test Cases/KiboLite/TC11079' successfully

2019-04-08 14:56:16 - [TEST_CASE][PASSED] - Test Cases/KiboLite/TC11079: Test Cases/KiboLite/TC11079

2019-04-08 14:56:16 - [TEST_STEP][PASSED] - callTestCase(findTestCase("KiboLite/login"), [:], STOP_ON_FAILURE): Call Test Case 'Test Cases/KiboLite/login' successfully

2019-04-08 14:56:16 - [TEST_CASE][PASSED] - Test Cases/KiboLite/login: Test Cases/KiboLite/login

2019-04-08 14:56:16 - [TEST_STEP][PASSED] - openBrowser(""): Browser is opened with url: ''

2019-04-08 14:56:16 - [MESSAGE][WARNING] - A browser is already opened. Closing browser and opening a new one

2019-04-08 14:56:16 - [MESSAGE][INFO] - Starting 'Chrome' driver

2019-04-08 14:56:17 - [MESSAGE][PASSED] - Browser is opened with url: ''

2019-04-08 14:56:17 - [TEST_STEP][PASSED] - maximizeWindow(): Current window maximized

2019-04-08 14:56:17 - [MESSAGE][PASSED] - Current window maximized

2019-04-08 14:56:17 - [TEST_STEP][PASSED] - navigateToUrl("https://kibolite.cloudkibo.com/"): Navigate to 'https://kibolite.cloudkibo.com/' successfully

2019-04-08 14:56:28 - [MESSAGE][PASSED] - Navigate to 'https://kibolite.cloudkibo.com/' successfully

2019-04-08 14:56:28 - [TEST_STEP][PASSED] - navigateToUrl("https://accounts.cloudkibo.com/?continue=http://kibolite.cloudkibo.com"): Navigate to 'https://accounts.cloudkibo.com/?continue=http://kibolite.cloudkibo.com' successfully

2019-04-08 14:56:28 - [MESSAGE][PASSED] - Navigate to 'https://accounts.cloudkibo.com/?continue=http://kibolite.cloudkibo.com' successfully

2019-04-08 14:56:28 - [TEST_STEP][PASSED] - navigateToUrl("https://accounts.cloudkibo.com/?continue=http://kibolite.cloudkibo.com"): Navigate to 'https://accounts.cloudkibo.com/?continue=http://kibolite.cloudkibo.com' successfully

2019-04-08 14:56:29 - [MESSAGE][PASSED] - Navigate to 'https://accounts.cloudkibo.com/?continue=http://kibolite.cloudkibo.com' successfully

2019-04-08 14:56:29 - [TEST_STEP][PASSED] - click(findTestObject("Page_CloudKibo/a_Login (1)")): Object: 'Object Repository/Page_CloudKibo/a_Login (1)' is clicked on

2019-04-08 14:56:29 - [MESSAGE][PASSED] - Object: 'Object Repository/Page_CloudKibo/a_Login (1)' is clicked on

2019-04-08 14:56:29 - [TEST_STEP][PASSED] - navigateToUrl("https://accounts.cloudkibo.com/login?continue=http://kibolite.cloudkibo.com"): Navigate to 'https://accounts.cloudkibo.com/login?continue=http://kibolite.cloudkibo.com' successfully

2019-04-08 14:56:30 - [MESSAGE][PASSED] - Navigate to 'https://accounts.cloudkibo.com/login?continue=http://kibolite.cloudkibo.com' successfully

2019-04-08 14:56:30 - [TEST_STEP][PASSED] - setText(findTestObject("Page_CloudKibo/input_Sign In_email"), "individual@cloudkibo.com"): Text 'individual@cloudkibo.com' is set on object 'Object Repository/Page_CloudKibo/input_Sign In_email'

2019-04-08 14:56:30 - [MESSAGE][PASSED] - Text 'individual@cloudkibo.com' is set on object 'Object Repository/Page_CloudKibo/input_Sign In_email'

2019-04-08 14:56:30 - [TEST_STEP][PASSED] - setEncryptedText(findTestObject("Page_CloudKibo/input_Sign In_password"), "RigbBhfdqOBGNlJIWM1ClA=="): Text ****** has been set on object 'Object Repository/Page_CloudKibo/input_Sign In_password'

2019-04-08 14:56:30 - [MESSAGE][PASSED] - Text ****** has been set on object 'Object Repository/Page_CloudKibo/input_Sign In_password'

2019-04-08 14:56:30 - [TEST_STEP][PASSED] - click(findTestObject("Page_CloudKibo/button_Sign In (4)")): Object: 'Object Repository/Page_CloudKibo/button_Sign In (4)' is clicked on

2019-04-08 14:56:30 - [MESSAGE][PASSED] - Object: 'Object Repository/Page_CloudKibo/button_Sign In (4)' is clicked on

2019-04-08 14:56:30 - [TEST_STEP][PASSED] - navigateToUrl("https://kibolite.cloudkibo.com/dashboard"): Navigate to 'https://kibolite.cloudkibo.com/dashboard' successfully

2019-04-08 14:56:42 - [MESSAGE][PASSED] - Navigate to 'https://kibolite.cloudkibo.com/dashboard' successfully

2019-04-08 14:56:42 - [TEST_STEP][PASSED] - click(findTestObject("Object Repository/Page_ Dashboard/h3_Dashboard")): Object: 'Object Repository/Page_ Dashboard/h3_Dashboard' is clicked on

2019-04-08 14:56:42 - [MESSAGE][PASSED] - Object: 'Object Repository/Page_ Dashboard/h3_Dashboard' is clicked on

2019-04-08 14:56:42 - [MESSAGE][PASSED] - Call Test Case 'Test Cases/KiboLite/login' successfully

2019-04-08 14:56:42 - [TEST_STEP][PASSED] - delay(2): Delayed 2 second(s)

2019-04-08 14:56:44 - [MESSAGE][PASSED] - Delayed 2 second(s)

2019-04-08 14:56:44 - [TEST_STEP][PASSED] - click(findTestObject("Page_ Dashboard/span_Broadcast")): Object: 'Object Repository/Page_ Dashboard/span_Broadcast' is clicked on

2019-04-08 14:56:44 - [MESSAGE][PASSED] - Object: 'Object Repository/Page_ Dashboard/span_Broadcast' is clicked on

2019-04-08 14:56:44 - [TEST_STEP][PASSED] - csv = getProjectDir() + "/sampleFile.csv": null

2019-04-08 14:56:44 - [TEST_STEP][PASSED] - uploadFile(findTestObject("Object Repository/Page_ Business Gateway/h4_sampleFilecsv"), csv): File '/home/cloudkibo-faizan/Drive/Katalon/production/KiboPush/sampleFile.csv' sent to object: 'Object Repository/Page_ Business Gateway/h4_sampleFilecsv'

2019-04-08 14:56:44 - [MESSAGE][PASSED] - File '/home/cloudkibo-faizan/Drive/Katalon/production/KiboPush/sampleFile.csv' sent to object: 'Object Repository/Page_ Business Gateway/h4_sampleFilecsv'

2019-04-08 14:56:44 - [TEST_STEP][PASSED] - delay(10): Delayed 10 second(s)

2019-04-08 14:56:54 - [MESSAGE][PASSED] - Delayed 10 second(s)

2019-04-08 14:56:54 - [MESSAGE][PASSED] - Call Test Case 'Test Cases/KiboLite/TC11079' successfully

2019-04-08 14:56:54 - [TEST_STEP][PASSED] - click(findTestObject("Object Repository/Page_ Business Gateway/input_names_names")): Object: 'Object Repository/Page_ Business Gateway/input_names_names' is clicked on

2019-04-08 14:56:55 - [MESSAGE][PASSED] - Object: 'Object Repository/Page_ Business Gateway/input_names_names' is clicked on

2019-04-08 14:56:55 - [TEST_STEP][PASSED] - click(findTestObject("Object Repository/Page_ Business Gateway/input_phone_numbers_phone_numbers")): Object: 'Object Repository/Page_ Business Gateway/input_phone_numbers_phone_numbers' is clicked on

2019-04-08 14:56:55 - [MESSAGE][PASSED] - Object: 'Object Repository/Page_ Business Gateway/input_phone_numbers_phone_numbers' is clicked on]]></system-out>
         <system-err><![CDATA[]]></system-err>
      </testcase>
      <testcase name="Test Cases/KiboLite/TC11085" classname="Test Cases/KiboLite/TC11085" status="PASSED">
         <system-out><![CDATA[2019-04-08 14:56:55 - [TEST_CASE][PASSED] - Test Cases/KiboLite/TC11085: Test Cases/KiboLite/TC11085

2019-04-08 14:56:55 - [TEST_STEP][PASSED] - callTestCase(findTestCase("KiboLite/login"), [:], STOP_ON_FAILURE): Call Test Case 'Test Cases/KiboLite/login' successfully

2019-04-08 14:56:55 - [TEST_CASE][PASSED] - Test Cases/KiboLite/login: Test Cases/KiboLite/login

2019-04-08 14:56:55 - [TEST_STEP][PASSED] - openBrowser(""): Browser is opened with url: ''

2019-04-08 14:56:55 - [MESSAGE][WARNING] - A browser is already opened. Closing browser and opening a new one

2019-04-08 14:56:55 - [MESSAGE][INFO] - Starting 'Chrome' driver

2019-04-08 14:56:55 - [MESSAGE][PASSED] - Browser is opened with url: ''

2019-04-08 14:56:55 - [TEST_STEP][PASSED] - maximizeWindow(): Current window maximized

2019-04-08 14:56:55 - [MESSAGE][PASSED] - Current window maximized

2019-04-08 14:56:55 - [TEST_STEP][PASSED] - navigateToUrl("https://kibolite.cloudkibo.com/"): Navigate to 'https://kibolite.cloudkibo.com/' successfully

2019-04-08 14:57:06 - [MESSAGE][PASSED] - Navigate to 'https://kibolite.cloudkibo.com/' successfully

2019-04-08 14:57:06 - [TEST_STEP][PASSED] - navigateToUrl("https://accounts.cloudkibo.com/?continue=http://kibolite.cloudkibo.com"): Navigate to 'https://accounts.cloudkibo.com/?continue=http://kibolite.cloudkibo.com' successfully

2019-04-08 14:57:06 - [MESSAGE][PASSED] - Navigate to 'https://accounts.cloudkibo.com/?continue=http://kibolite.cloudkibo.com' successfully

2019-04-08 14:57:06 - [TEST_STEP][PASSED] - navigateToUrl("https://accounts.cloudkibo.com/?continue=http://kibolite.cloudkibo.com"): Navigate to 'https://accounts.cloudkibo.com/?continue=http://kibolite.cloudkibo.com' successfully

2019-04-08 14:57:06 - [MESSAGE][PASSED] - Navigate to 'https://accounts.cloudkibo.com/?continue=http://kibolite.cloudkibo.com' successfully

2019-04-08 14:57:06 - [TEST_STEP][PASSED] - click(findTestObject("Page_CloudKibo/a_Login (1)")): Object: 'Object Repository/Page_CloudKibo/a_Login (1)' is clicked on

2019-04-08 14:57:07 - [MESSAGE][PASSED] - Object: 'Object Repository/Page_CloudKibo/a_Login (1)' is clicked on

2019-04-08 14:57:07 - [TEST_STEP][PASSED] - navigateToUrl("https://accounts.cloudkibo.com/login?continue=http://kibolite.cloudkibo.com"): Navigate to 'https://accounts.cloudkibo.com/login?continue=http://kibolite.cloudkibo.com' successfully

2019-04-08 14:57:07 - [MESSAGE][PASSED] - Navigate to 'https://accounts.cloudkibo.com/login?continue=http://kibolite.cloudkibo.com' successfully

2019-04-08 14:57:08 - [TEST_STEP][PASSED] - setText(findTestObject("Page_CloudKibo/input_Sign In_email"), "individual@cloudkibo.com"): Text 'individual@cloudkibo.com' is set on object 'Object Repository/Page_CloudKibo/input_Sign In_email'

2019-04-08 14:57:08 - [MESSAGE][PASSED] - Text 'individual@cloudkibo.com' is set on object 'Object Repository/Page_CloudKibo/input_Sign In_email'

2019-04-08 14:57:08 - [TEST_STEP][PASSED] - setEncryptedText(findTestObject("Page_CloudKibo/input_Sign In_password"), "RigbBhfdqOBGNlJIWM1ClA=="): Text ****** has been set on object 'Object Repository/Page_CloudKibo/input_Sign In_password'

2019-04-08 14:57:08 - [MESSAGE][PASSED] - Text ****** has been set on object 'Object Repository/Page_CloudKibo/input_Sign In_password'

2019-04-08 14:57:08 - [TEST_STEP][PASSED] - click(findTestObject("Page_CloudKibo/button_Sign In (4)")): Object: 'Object Repository/Page_CloudKibo/button_Sign In (4)' is clicked on

2019-04-08 14:57:08 - [MESSAGE][PASSED] - Object: 'Object Repository/Page_CloudKibo/button_Sign In (4)' is clicked on

2019-04-08 14:57:08 - [TEST_STEP][PASSED] - navigateToUrl("https://kibolite.cloudkibo.com/dashboard"): Navigate to 'https://kibolite.cloudkibo.com/dashboard' successfully

2019-04-08 14:57:26 - [MESSAGE][PASSED] - Navigate to 'https://kibolite.cloudkibo.com/dashboard' successfully

2019-04-08 14:57:26 - [TEST_STEP][PASSED] - click(findTestObject("Object Repository/Page_ Dashboard/h3_Dashboard")): Object: 'Object Repository/Page_ Dashboard/h3_Dashboard' is clicked on

2019-04-08 14:57:26 - [MESSAGE][PASSED] - Object: 'Object Repository/Page_ Dashboard/h3_Dashboard' is clicked on

2019-04-08 14:57:26 - [MESSAGE][PASSED] - Call Test Case 'Test Cases/KiboLite/login' successfully

2019-04-08 14:57:26 - [TEST_STEP][PASSED] - delay(2): Delayed 2 second(s)

2019-04-08 14:57:28 - [MESSAGE][PASSED] - Delayed 2 second(s)

2019-04-08 14:57:28 - [TEST_STEP][PASSED] - click(findTestObject("Page_ Dashboard/span_Broadcast (1)")): Object: 'Object Repository/Page_ Dashboard/span_Broadcast (1)' is clicked on

2019-04-08 14:57:28 - [MESSAGE][PASSED] - Object: 'Object Repository/Page_ Dashboard/span_Broadcast (1)' is clicked on

2019-04-08 14:57:28 - [TEST_STEP][PASSED] - click(findTestObject("Object Repository/Page_ Business Gateway/a_Create Push Message")): Object: 'Object Repository/Page_ Business Gateway/a_Create Push Message' is clicked on

2019-04-08 14:57:28 - [MESSAGE][PASSED] - Object: 'Object Repository/Page_ Business Gateway/a_Create Push Message' is clicked on

2019-04-08 14:57:28 - [TEST_STEP][PASSED] - click(findTestObject("Object Repository/Page_ Business Gateway/h3_Push Message")): Object: 'Object Repository/Page_ Business Gateway/h3_Push Message' is clicked on

2019-04-08 14:57:29 - [MESSAGE][PASSED] - Object: 'Object Repository/Page_ Business Gateway/h3_Push Message' is clicked on

2019-04-08 14:57:29 - [TEST_STEP][PASSED] - click(findTestObject("Object Repository/Page_ Business Gateway/span_Back")): Object: 'Object Repository/Page_ Business Gateway/span_Back' is clicked on

2019-04-08 14:57:29 - [MESSAGE][PASSED] - Object: 'Object Repository/Page_ Business Gateway/span_Back' is clicked on

2019-04-08 14:57:29 - [TEST_STEP][PASSED] - click(findTestObject("Object Repository/Page_ Business Gateway/label_Change Page")): Object: 'Object Repository/Page_ Business Gateway/label_Change Page' is clicked on

2019-04-08 14:57:29 - [MESSAGE][PASSED] - Object: 'Object Repository/Page_ Business Gateway/label_Change Page' is clicked on]]></system-out>
         <system-err><![CDATA[]]></system-err>
      </testcase>
      <testcase name="Test Cases/KiboLite/TC11086" classname="Test Cases/KiboLite/TC11086" status="PASSED">
         <system-out><![CDATA[2019-04-08 14:57:29 - [TEST_CASE][PASSED] - Test Cases/KiboLite/TC11086: Test Cases/KiboLite/TC11086

2019-04-08 14:57:29 - [TEST_STEP][PASSED] - callTestCase(findTestCase("KiboLite/login"), [:], STOP_ON_FAILURE): Call Test Case 'Test Cases/KiboLite/login' successfully

2019-04-08 14:57:29 - [TEST_CASE][PASSED] - Test Cases/KiboLite/login: Test Cases/KiboLite/login

2019-04-08 14:57:29 - [TEST_STEP][PASSED] - openBrowser(""): Browser is opened with url: ''

2019-04-08 14:57:29 - [MESSAGE][WARNING] - A browser is already opened. Closing browser and opening a new one

2019-04-08 14:57:29 - [MESSAGE][INFO] - Starting 'Chrome' driver

2019-04-08 14:57:29 - [MESSAGE][PASSED] - Browser is opened with url: ''

2019-04-08 14:57:29 - [TEST_STEP][PASSED] - maximizeWindow(): Current window maximized

2019-04-08 14:57:30 - [MESSAGE][PASSED] - Current window maximized

2019-04-08 14:57:30 - [TEST_STEP][PASSED] - navigateToUrl("https://kibolite.cloudkibo.com/"): Navigate to 'https://kibolite.cloudkibo.com/' successfully

2019-04-08 14:57:37 - [MESSAGE][PASSED] - Navigate to 'https://kibolite.cloudkibo.com/' successfully

2019-04-08 14:57:37 - [TEST_STEP][PASSED] - navigateToUrl("https://accounts.cloudkibo.com/?continue=http://kibolite.cloudkibo.com"): Navigate to 'https://accounts.cloudkibo.com/?continue=http://kibolite.cloudkibo.com' successfully

2019-04-08 14:57:37 - [MESSAGE][PASSED] - Navigate to 'https://accounts.cloudkibo.com/?continue=http://kibolite.cloudkibo.com' successfully

2019-04-08 14:57:37 - [TEST_STEP][PASSED] - navigateToUrl("https://accounts.cloudkibo.com/?continue=http://kibolite.cloudkibo.com"): Navigate to 'https://accounts.cloudkibo.com/?continue=http://kibolite.cloudkibo.com' successfully

2019-04-08 14:57:37 - [MESSAGE][PASSED] - Navigate to 'https://accounts.cloudkibo.com/?continue=http://kibolite.cloudkibo.com' successfully

2019-04-08 14:57:37 - [TEST_STEP][PASSED] - click(findTestObject("Page_CloudKibo/a_Login (1)")): Object: 'Object Repository/Page_CloudKibo/a_Login (1)' is clicked on

2019-04-08 14:57:38 - [MESSAGE][PASSED] - Object: 'Object Repository/Page_CloudKibo/a_Login (1)' is clicked on

2019-04-08 14:57:38 - [TEST_STEP][PASSED] - navigateToUrl("https://accounts.cloudkibo.com/login?continue=http://kibolite.cloudkibo.com"): Navigate to 'https://accounts.cloudkibo.com/login?continue=http://kibolite.cloudkibo.com' successfully

2019-04-08 14:57:39 - [MESSAGE][PASSED] - Navigate to 'https://accounts.cloudkibo.com/login?continue=http://kibolite.cloudkibo.com' successfully

2019-04-08 14:57:39 - [TEST_STEP][PASSED] - setText(findTestObject("Page_CloudKibo/input_Sign In_email"), "individual@cloudkibo.com"): Text 'individual@cloudkibo.com' is set on object 'Object Repository/Page_CloudKibo/input_Sign In_email'

2019-04-08 14:57:39 - [MESSAGE][PASSED] - Text 'individual@cloudkibo.com' is set on object 'Object Repository/Page_CloudKibo/input_Sign In_email'

2019-04-08 14:57:39 - [TEST_STEP][PASSED] - setEncryptedText(findTestObject("Page_CloudKibo/input_Sign In_password"), "RigbBhfdqOBGNlJIWM1ClA=="): Text ****** has been set on object 'Object Repository/Page_CloudKibo/input_Sign In_password'

2019-04-08 14:57:39 - [MESSAGE][PASSED] - Text ****** has been set on object 'Object Repository/Page_CloudKibo/input_Sign In_password'

2019-04-08 14:57:39 - [TEST_STEP][PASSED] - click(findTestObject("Page_CloudKibo/button_Sign In (4)")): Object: 'Object Repository/Page_CloudKibo/button_Sign In (4)' is clicked on

2019-04-08 14:57:39 - [MESSAGE][PASSED] - Object: 'Object Repository/Page_CloudKibo/button_Sign In (4)' is clicked on

2019-04-08 14:57:39 - [TEST_STEP][PASSED] - navigateToUrl("https://kibolite.cloudkibo.com/dashboard"): Navigate to 'https://kibolite.cloudkibo.com/dashboard' successfully

2019-04-08 14:58:02 - [MESSAGE][PASSED] - Navigate to 'https://kibolite.cloudkibo.com/dashboard' successfully

2019-04-08 14:58:02 - [TEST_STEP][PASSED] - click(findTestObject("Object Repository/Page_ Dashboard/h3_Dashboard")): Object: 'Object Repository/Page_ Dashboard/h3_Dashboard' is clicked on

2019-04-08 14:58:02 - [MESSAGE][PASSED] - Object: 'Object Repository/Page_ Dashboard/h3_Dashboard' is clicked on

2019-04-08 14:58:02 - [MESSAGE][PASSED] - Call Test Case 'Test Cases/KiboLite/login' successfully

2019-04-08 14:58:02 - [TEST_STEP][PASSED] - delay(2): Delayed 2 second(s)

2019-04-08 14:58:04 - [MESSAGE][PASSED] - Delayed 2 second(s)

2019-04-08 14:58:04 - [TEST_STEP][PASSED] - click(findTestObject("Page_ Dashboard/span_Broadcast (1) (1)")): Object: 'Object Repository/Page_ Dashboard/span_Broadcast (1) (1)' is clicked on

2019-04-08 14:58:05 - [MESSAGE][PASSED] - Object: 'Object Repository/Page_ Dashboard/span_Broadcast (1) (1)' is clicked on

2019-04-08 14:58:05 - [TEST_STEP][PASSED] - click(findTestObject("Page_ Business Gateway/a_Target Customers (1) (1)")): Object: 'Object Repository/Page_ Business Gateway/a_Target Customers (1) (1)' is clicked on

2019-04-08 14:58:05 - [MESSAGE][PASSED] - Object: 'Object Repository/Page_ Business Gateway/a_Target Customers (1) (1)' is clicked on

2019-04-08 14:58:05 - [TEST_STEP][PASSED] - click(findTestObject("Page_ Business Gateway/span_Condition (1)")): Object: 'Object Repository/Page_ Business Gateway/span_Condition (1)' is clicked on

2019-04-08 14:58:05 - [MESSAGE][PASSED] - Object: 'Object Repository/Page_ Business Gateway/span_Condition (1)' is clicked on

2019-04-08 14:58:05 - [TEST_STEP][PASSED] - delay(2): Delayed 2 second(s)

2019-04-08 14:58:07 - [MESSAGE][PASSED] - Delayed 2 second(s)

2019-04-08 14:58:07 - [TEST_STEP][PASSED] - click(findTestObject("Page_ Business Gateway/button_Back")): Object: 'Object Repository/Page_ Business Gateway/button_Back' is clicked on

2019-04-08 14:58:07 - [MESSAGE][PASSED] - Object: 'Object Repository/Page_ Business Gateway/button_Back' is clicked on

2019-04-08 14:58:07 - [TEST_STEP][PASSED] - click(findTestObject("Page_ Business Gateway/h3_Push Message (2)")): Object: 'Object Repository/Page_ Business Gateway/h3_Push Message (2)' is clicked on

2019-04-08 14:58:07 - [MESSAGE][PASSED] - Object: 'Object Repository/Page_ Business Gateway/h3_Push Message (2)' is clicked on]]></system-out>
         <system-err><![CDATA[]]></system-err>
      </testcase>
      <testcase name="Test Cases/KiboLite/TC11087" classname="Test Cases/KiboLite/TC11087" status="PASSED">
         <system-out><![CDATA[2019-04-08 14:58:07 - [TEST_CASE][PASSED] - Test Cases/KiboLite/TC11087: Test Cases/KiboLite/TC11087

2019-04-08 14:58:07 - [TEST_STEP][PASSED] - callTestCase(findTestCase("KiboLite/login"), [:], STOP_ON_FAILURE): Call Test Case 'Test Cases/KiboLite/login' successfully

2019-04-08 14:58:07 - [TEST_CASE][PASSED] - Test Cases/KiboLite/login: Test Cases/KiboLite/login

2019-04-08 14:58:07 - [TEST_STEP][PASSED] - openBrowser(""): Browser is opened with url: ''

2019-04-08 14:58:07 - [MESSAGE][WARNING] - A browser is already opened. Closing browser and opening a new one

2019-04-08 14:58:07 - [MESSAGE][INFO] - Starting 'Chrome' driver

2019-04-08 14:58:08 - [MESSAGE][PASSED] - Browser is opened with url: ''

2019-04-08 14:58:08 - [TEST_STEP][PASSED] - maximizeWindow(): Current window maximized

2019-04-08 14:58:08 - [MESSAGE][PASSED] - Current window maximized

2019-04-08 14:58:08 - [TEST_STEP][PASSED] - navigateToUrl("https://kibolite.cloudkibo.com/"): Navigate to 'https://kibolite.cloudkibo.com/' successfully

2019-04-08 14:58:16 - [MESSAGE][PASSED] - Navigate to 'https://kibolite.cloudkibo.com/' successfully

2019-04-08 14:58:16 - [TEST_STEP][PASSED] - navigateToUrl("https://accounts.cloudkibo.com/?continue=http://kibolite.cloudkibo.com"): Navigate to 'https://accounts.cloudkibo.com/?continue=http://kibolite.cloudkibo.com' successfully

2019-04-08 14:58:17 - [MESSAGE][PASSED] - Navigate to 'https://accounts.cloudkibo.com/?continue=http://kibolite.cloudkibo.com' successfully

2019-04-08 14:58:17 - [TEST_STEP][PASSED] - navigateToUrl("https://accounts.cloudkibo.com/?continue=http://kibolite.cloudkibo.com"): Navigate to 'https://accounts.cloudkibo.com/?continue=http://kibolite.cloudkibo.com' successfully

2019-04-08 14:58:17 - [MESSAGE][PASSED] - Navigate to 'https://accounts.cloudkibo.com/?continue=http://kibolite.cloudkibo.com' successfully

2019-04-08 14:58:17 - [TEST_STEP][PASSED] - click(findTestObject("Page_CloudKibo/a_Login (1)")): Object: 'Object Repository/Page_CloudKibo/a_Login (1)' is clicked on

2019-04-08 14:58:18 - [MESSAGE][PASSED] - Object: 'Object Repository/Page_CloudKibo/a_Login (1)' is clicked on

2019-04-08 14:58:18 - [TEST_STEP][PASSED] - navigateToUrl("https://accounts.cloudkibo.com/login?continue=http://kibolite.cloudkibo.com"): Navigate to 'https://accounts.cloudkibo.com/login?continue=http://kibolite.cloudkibo.com' successfully

2019-04-08 14:58:18 - [MESSAGE][PASSED] - Navigate to 'https://accounts.cloudkibo.com/login?continue=http://kibolite.cloudkibo.com' successfully

2019-04-08 14:58:18 - [TEST_STEP][PASSED] - setText(findTestObject("Page_CloudKibo/input_Sign In_email"), "individual@cloudkibo.com"): Text 'individual@cloudkibo.com' is set on object 'Object Repository/Page_CloudKibo/input_Sign In_email'

2019-04-08 14:58:18 - [MESSAGE][PASSED] - Text 'individual@cloudkibo.com' is set on object 'Object Repository/Page_CloudKibo/input_Sign In_email'

2019-04-08 14:58:18 - [TEST_STEP][PASSED] - setEncryptedText(findTestObject("Page_CloudKibo/input_Sign In_password"), "RigbBhfdqOBGNlJIWM1ClA=="): Text ****** has been set on object 'Object Repository/Page_CloudKibo/input_Sign In_password'

2019-04-08 14:58:18 - [MESSAGE][PASSED] - Text ****** has been set on object 'Object Repository/Page_CloudKibo/input_Sign In_password'

2019-04-08 14:58:18 - [TEST_STEP][PASSED] - click(findTestObject("Page_CloudKibo/button_Sign In (4)")): Object: 'Object Repository/Page_CloudKibo/button_Sign In (4)' is clicked on

2019-04-08 14:58:18 - [MESSAGE][PASSED] - Object: 'Object Repository/Page_CloudKibo/button_Sign In (4)' is clicked on

2019-04-08 14:58:18 - [TEST_STEP][PASSED] - navigateToUrl("https://kibolite.cloudkibo.com/dashboard"): Navigate to 'https://kibolite.cloudkibo.com/dashboard' successfully

2019-04-08 14:58:59 - [MESSAGE][PASSED] - Navigate to 'https://kibolite.cloudkibo.com/dashboard' successfully

2019-04-08 14:58:59 - [TEST_STEP][PASSED] - click(findTestObject("Object Repository/Page_ Dashboard/h3_Dashboard")): Object: 'Object Repository/Page_ Dashboard/h3_Dashboard' is clicked on

2019-04-08 14:58:59 - [MESSAGE][PASSED] - Object: 'Object Repository/Page_ Dashboard/h3_Dashboard' is clicked on

2019-04-08 14:58:59 - [MESSAGE][PASSED] - Call Test Case 'Test Cases/KiboLite/login' successfully

2019-04-08 14:58:59 - [TEST_STEP][PASSED] - delay(2): Delayed 2 second(s)

2019-04-08 14:59:01 - [MESSAGE][PASSED] - Delayed 2 second(s)

2019-04-08 14:59:01 - [TEST_STEP][PASSED] - click(findTestObject("Page_ Dashboard/span_Broadcast (1) (1) (1)")): Object: 'Object Repository/Page_ Dashboard/span_Broadcast (1) (1) (1)' is clicked on

2019-04-08 14:59:02 - [MESSAGE][PASSED] - Object: 'Object Repository/Page_ Dashboard/span_Broadcast (1) (1) (1)' is clicked on

2019-04-08 14:59:02 - [TEST_STEP][PASSED] - click(findTestObject("Object Repository/Page_ Business Gateway/a_Create Push Message (1)")): Object: 'Object Repository/Page_ Business Gateway/a_Create Push Message (1)' is clicked on

2019-04-08 14:59:02 - [MESSAGE][PASSED] - Object: 'Object Repository/Page_ Business Gateway/a_Create Push Message (1)' is clicked on

2019-04-08 14:59:02 - [TEST_STEP][PASSED] - click(findTestObject("Object Repository/Page_ Business Gateway/h6_Image")): Object: 'Object Repository/Page_ Business Gateway/h6_Image' is clicked on

2019-04-08 14:59:02 - [MESSAGE][PASSED] - Object: 'Object Repository/Page_ Business Gateway/h6_Image' is clicked on

2019-04-08 14:59:02 - [TEST_STEP][PASSED] - click(findTestObject("Object Repository/Page_ Business Gateway/div_New image component added")): Object: 'Object Repository/Page_ Business Gateway/div_New image component added' is clicked on

2019-04-08 14:59:02 - [MESSAGE][PASSED] - Object: 'Object Repository/Page_ Business Gateway/div_New image component added' is clicked on

2019-04-08 14:59:02 - [TEST_STEP][PASSED] - click(findTestObject("Object Repository/Page_ Business Gateway/h6_Card")): Object: 'Object Repository/Page_ Business Gateway/h6_Card' is clicked on

2019-04-08 14:59:02 - [MESSAGE][PASSED] - Object: 'Object Repository/Page_ Business Gateway/h6_Card' is clicked on

2019-04-08 14:59:02 - [TEST_STEP][PASSED] - click(findTestObject("Object Repository/Page_ Business Gateway/div_New card component added")): Object: 'Object Repository/Page_ Business Gateway/div_New card component added' is clicked on

2019-04-08 14:59:02 - [MESSAGE][PASSED] - Object: 'Object Repository/Page_ Business Gateway/div_New card component added' is clicked on

2019-04-08 14:59:02 - [TEST_STEP][PASSED] - click(findTestObject("Object Repository/Page_ Business Gateway/h6_Gallery")): Object: 'Object Repository/Page_ Business Gateway/h6_Gallery' is clicked on

2019-04-08 14:59:02 - [MESSAGE][PASSED] - Object: 'Object Repository/Page_ Business Gateway/h6_Gallery' is clicked on

2019-04-08 14:59:02 - [TEST_STEP][PASSED] - click(findTestObject("Object Repository/Page_ Business Gateway/div_New gallery component added")): Object: 'Object Repository/Page_ Business Gateway/div_New gallery component added' is clicked on

2019-04-08 14:59:02 - [MESSAGE][PASSED] - Object: 'Object Repository/Page_ Business Gateway/div_New gallery component added' is clicked on

2019-04-08 14:59:02 - [TEST_STEP][PASSED] - click(findTestObject("Object Repository/Page_ Business Gateway/h6_Audio")): Object: 'Object Repository/Page_ Business Gateway/h6_Audio' is clicked on

2019-04-08 14:59:03 - [MESSAGE][PASSED] - Object: 'Object Repository/Page_ Business Gateway/h6_Audio' is clicked on

2019-04-08 14:59:03 - [TEST_STEP][PASSED] - click(findTestObject("Object Repository/Page_ Business Gateway/div_New audio component added")): Object: 'Object Repository/Page_ Business Gateway/div_New audio component added' is clicked on

2019-04-08 14:59:03 - [MESSAGE][PASSED] - Object: 'Object Repository/Page_ Business Gateway/div_New audio component added' is clicked on

2019-04-08 14:59:03 - [TEST_STEP][PASSED] - click(findTestObject("Object Repository/Page_ Business Gateway/h6_Video")): Object: 'Object Repository/Page_ Business Gateway/h6_Video' is clicked on

2019-04-08 14:59:03 - [MESSAGE][PASSED] - Object: 'Object Repository/Page_ Business Gateway/h6_Video' is clicked on

2019-04-08 14:59:03 - [TEST_STEP][PASSED] - click(findTestObject("Object Repository/Page_ Business Gateway/div_New video component added")): Object: 'Object Repository/Page_ Business Gateway/div_New video component added' is clicked on

2019-04-08 14:59:03 - [MESSAGE][PASSED] - Object: 'Object Repository/Page_ Business Gateway/div_New video component added' is clicked on

2019-04-08 14:59:03 - [TEST_STEP][PASSED] - click(findTestObject("Object Repository/Page_ Business Gateway/h6_File")): Object: 'Object Repository/Page_ Business Gateway/h6_File' is clicked on

2019-04-08 14:59:03 - [MESSAGE][PASSED] - Object: 'Object Repository/Page_ Business Gateway/h6_File' is clicked on

2019-04-08 14:59:03 - [TEST_STEP][PASSED] - click(findTestObject("Object Repository/Page_ Business Gateway/div_New file component added")): Object: 'Object Repository/Page_ Business Gateway/div_New file component added' is clicked on

2019-04-08 14:59:03 - [MESSAGE][PASSED] - Object: 'Object Repository/Page_ Business Gateway/div_New file component added' is clicked on

2019-04-08 14:59:03 - [TEST_STEP][PASSED] - click(findTestObject("Object Repository/Page_ Business Gateway/h6_List")): Object: 'Object Repository/Page_ Business Gateway/h6_List' is clicked on

2019-04-08 14:59:03 - [MESSAGE][PASSED] - Object: 'Object Repository/Page_ Business Gateway/h6_List' is clicked on

2019-04-08 14:59:03 - [TEST_STEP][PASSED] - click(findTestObject("Object Repository/Page_ Business Gateway/div_New list component added")): Object: 'Object Repository/Page_ Business Gateway/div_New list component added' is clicked on

2019-04-08 14:59:03 - [MESSAGE][PASSED] - Object: 'Object Repository/Page_ Business Gateway/div_New list component added' is clicked on

2019-04-08 14:59:03 - [TEST_STEP][PASSED] - click(findTestObject("Object Repository/Page_ Business Gateway/h6_Media")): Object: 'Object Repository/Page_ Business Gateway/h6_Media' is clicked on

2019-04-08 14:59:04 - [MESSAGE][PASSED] - Object: 'Object Repository/Page_ Business Gateway/h6_Media' is clicked on

2019-04-08 14:59:04 - [TEST_STEP][PASSED] - click(findTestObject("Object Repository/Page_ Business Gateway/div_New media component added")): Object: 'Object Repository/Page_ Business Gateway/div_New media component added' is clicked on

2019-04-08 14:59:04 - [MESSAGE][PASSED] - Object: 'Object Repository/Page_ Business Gateway/div_New media component added' is clicked on]]></system-out>
         <system-err><![CDATA[]]></system-err>
      </testcase>
      <testcase name="Test Cases/KiboLite/TC11090" classname="Test Cases/KiboLite/TC11090" status="PASSED">
         <system-out><![CDATA[2019-04-08 14:59:04 - [TEST_CASE][PASSED] - Test Cases/KiboLite/TC11090: Test Cases/KiboLite/TC11090

2019-04-08 14:59:04 - [TEST_STEP][PASSED] - callTestCase(findTestCase("KiboLite/login"), [:], STOP_ON_FAILURE): Call Test Case 'Test Cases/KiboLite/login' successfully

2019-04-08 14:59:04 - [TEST_CASE][PASSED] - Test Cases/KiboLite/login: Test Cases/KiboLite/login

2019-04-08 14:59:04 - [TEST_STEP][PASSED] - openBrowser(""): Browser is opened with url: ''

2019-04-08 14:59:04 - [MESSAGE][WARNING] - A browser is already opened. Closing browser and opening a new one

2019-04-08 14:59:04 - [MESSAGE][INFO] - Starting 'Chrome' driver

2019-04-08 14:59:05 - [MESSAGE][PASSED] - Browser is opened with url: ''

2019-04-08 14:59:05 - [TEST_STEP][PASSED] - maximizeWindow(): Current window maximized

2019-04-08 14:59:05 - [MESSAGE][PASSED] - Current window maximized

2019-04-08 14:59:05 - [TEST_STEP][PASSED] - navigateToUrl("https://kibolite.cloudkibo.com/"): Navigate to 'https://kibolite.cloudkibo.com/' successfully

2019-04-08 14:59:18 - [MESSAGE][PASSED] - Navigate to 'https://kibolite.cloudkibo.com/' successfully

2019-04-08 14:59:18 - [TEST_STEP][PASSED] - navigateToUrl("https://accounts.cloudkibo.com/?continue=http://kibolite.cloudkibo.com"): Navigate to 'https://accounts.cloudkibo.com/?continue=http://kibolite.cloudkibo.com' successfully

2019-04-08 14:59:19 - [MESSAGE][PASSED] - Navigate to 'https://accounts.cloudkibo.com/?continue=http://kibolite.cloudkibo.com' successfully

2019-04-08 14:59:19 - [TEST_STEP][PASSED] - navigateToUrl("https://accounts.cloudkibo.com/?continue=http://kibolite.cloudkibo.com"): Navigate to 'https://accounts.cloudkibo.com/?continue=http://kibolite.cloudkibo.com' successfully

2019-04-08 14:59:19 - [MESSAGE][PASSED] - Navigate to 'https://accounts.cloudkibo.com/?continue=http://kibolite.cloudkibo.com' successfully

2019-04-08 14:59:19 - [TEST_STEP][PASSED] - click(findTestObject("Page_CloudKibo/a_Login (1)")): Object: 'Object Repository/Page_CloudKibo/a_Login (1)' is clicked on

2019-04-08 14:59:20 - [MESSAGE][PASSED] - Object: 'Object Repository/Page_CloudKibo/a_Login (1)' is clicked on

2019-04-08 14:59:20 - [TEST_STEP][PASSED] - navigateToUrl("https://accounts.cloudkibo.com/login?continue=http://kibolite.cloudkibo.com"): Navigate to 'https://accounts.cloudkibo.com/login?continue=http://kibolite.cloudkibo.com' successfully

2019-04-08 14:59:20 - [MESSAGE][PASSED] - Navigate to 'https://accounts.cloudkibo.com/login?continue=http://kibolite.cloudkibo.com' successfully

2019-04-08 14:59:20 - [TEST_STEP][PASSED] - setText(findTestObject("Page_CloudKibo/input_Sign In_email"), "individual@cloudkibo.com"): Text 'individual@cloudkibo.com' is set on object 'Object Repository/Page_CloudKibo/input_Sign In_email'

2019-04-08 14:59:21 - [MESSAGE][PASSED] - Text 'individual@cloudkibo.com' is set on object 'Object Repository/Page_CloudKibo/input_Sign In_email'

2019-04-08 14:59:21 - [TEST_STEP][PASSED] - setEncryptedText(findTestObject("Page_CloudKibo/input_Sign In_password"), "RigbBhfdqOBGNlJIWM1ClA=="): Text ****** has been set on object 'Object Repository/Page_CloudKibo/input_Sign In_password'

2019-04-08 14:59:21 - [MESSAGE][PASSED] - Text ****** has been set on object 'Object Repository/Page_CloudKibo/input_Sign In_password'

2019-04-08 14:59:21 - [TEST_STEP][PASSED] - click(findTestObject("Page_CloudKibo/button_Sign In (4)")): Object: 'Object Repository/Page_CloudKibo/button_Sign In (4)' is clicked on

2019-04-08 14:59:21 - [MESSAGE][PASSED] - Object: 'Object Repository/Page_CloudKibo/button_Sign In (4)' is clicked on

2019-04-08 14:59:21 - [TEST_STEP][PASSED] - navigateToUrl("https://kibolite.cloudkibo.com/dashboard"): Navigate to 'https://kibolite.cloudkibo.com/dashboard' successfully

2019-04-08 14:59:57 - [MESSAGE][PASSED] - Navigate to 'https://kibolite.cloudkibo.com/dashboard' successfully

2019-04-08 14:59:57 - [TEST_STEP][PASSED] - click(findTestObject("Object Repository/Page_ Dashboard/h3_Dashboard")): Object: 'Object Repository/Page_ Dashboard/h3_Dashboard' is clicked on

2019-04-08 14:59:57 - [MESSAGE][PASSED] - Object: 'Object Repository/Page_ Dashboard/h3_Dashboard' is clicked on

2019-04-08 14:59:57 - [MESSAGE][PASSED] - Call Test Case 'Test Cases/KiboLite/login' successfully

2019-04-08 14:59:57 - [TEST_STEP][PASSED] - delay(2): Delayed 2 second(s)

2019-04-08 14:59:59 - [MESSAGE][PASSED] - Delayed 2 second(s)

2019-04-08 14:59:59 - [TEST_STEP][PASSED] - click(findTestObject("Page_ Dashboard/span_Broadcast (1) (1) (1) (1)")): Object: 'Object Repository/Page_ Dashboard/span_Broadcast (1) (1) (1) (1)' is clicked on

2019-04-08 14:59:59 - [MESSAGE][PASSED] - Object: 'Object Repository/Page_ Dashboard/span_Broadcast (1) (1) (1) (1)' is clicked on

2019-04-08 14:59:59 - [TEST_STEP][PASSED] - click(findTestObject("Page_ Business Gateway/a_Target Customers (2)")): Object: 'Object Repository/Page_ Business Gateway/a_Target Customers (2)' is clicked on

2019-04-08 14:59:59 - [MESSAGE][PASSED] - Object: 'Object Repository/Page_ Business Gateway/a_Target Customers (2)' is clicked on

2019-04-08 14:59:59 - [TEST_STEP][PASSED] - driver = getWebDriver(): null

2019-04-08 14:59:59 - [TEST_STEP][PASSED] - Select = driver.findElements(By.xpath("//*[@id="m-datatable--27866229129"]/tbody/tr/td[2]/select/option")): null

2019-04-08 14:59:59 - [TEST_STEP][PASSED] - println(Select.size()): null

2019-04-08 14:59:59 - [TEST_STEP][PASSED] - verifyGreaterThanOrEqual(Select.size(), 3): Actual number '4' is greater than or equal to expected number '3'

2019-04-08 14:59:59 - [MESSAGE][PASSED] - Actual number '4' is greater than or equal to expected number '3']]></system-out>
         <system-err><![CDATA[]]></system-err>
      </testcase>
      <testcase name="Test Cases/KiboLite/TC11091" classname="Test Cases/KiboLite/TC11091" status="PASSED">
         <system-out><![CDATA[2019-04-08 14:59:59 - [TEST_CASE][PASSED] - Test Cases/KiboLite/TC11091: Test Cases/KiboLite/TC11091

2019-04-08 14:59:59 - [TEST_STEP][PASSED] - callTestCase(findTestCase("KiboLite/login"), [:], STOP_ON_FAILURE): Call Test Case 'Test Cases/KiboLite/login' successfully

2019-04-08 14:59:59 - [TEST_CASE][PASSED] - Test Cases/KiboLite/login: Test Cases/KiboLite/login

2019-04-08 15:00:00 - [TEST_STEP][PASSED] - openBrowser(""): Browser is opened with url: ''

2019-04-08 15:00:00 - [MESSAGE][WARNING] - A browser is already opened. Closing browser and opening a new one

2019-04-08 15:00:00 - [MESSAGE][INFO] - Starting 'Chrome' driver

2019-04-08 15:00:00 - [MESSAGE][PASSED] - Browser is opened with url: ''

2019-04-08 15:00:00 - [TEST_STEP][PASSED] - maximizeWindow(): Current window maximized

2019-04-08 15:00:00 - [MESSAGE][PASSED] - Current window maximized

2019-04-08 15:00:00 - [TEST_STEP][PASSED] - navigateToUrl("https://kibolite.cloudkibo.com/"): Navigate to 'https://kibolite.cloudkibo.com/' successfully

2019-04-08 15:00:11 - [MESSAGE][PASSED] - Navigate to 'https://kibolite.cloudkibo.com/' successfully

2019-04-08 15:00:11 - [TEST_STEP][PASSED] - navigateToUrl("https://accounts.cloudkibo.com/?continue=http://kibolite.cloudkibo.com"): Navigate to 'https://accounts.cloudkibo.com/?continue=http://kibolite.cloudkibo.com' successfully

2019-04-08 15:00:12 - [MESSAGE][PASSED] - Navigate to 'https://accounts.cloudkibo.com/?continue=http://kibolite.cloudkibo.com' successfully

2019-04-08 15:00:12 - [TEST_STEP][PASSED] - navigateToUrl("https://accounts.cloudkibo.com/?continue=http://kibolite.cloudkibo.com"): Navigate to 'https://accounts.cloudkibo.com/?continue=http://kibolite.cloudkibo.com' successfully

2019-04-08 15:00:12 - [MESSAGE][PASSED] - Navigate to 'https://accounts.cloudkibo.com/?continue=http://kibolite.cloudkibo.com' successfully

2019-04-08 15:00:12 - [TEST_STEP][PASSED] - click(findTestObject("Page_CloudKibo/a_Login (1)")): Object: 'Object Repository/Page_CloudKibo/a_Login (1)' is clicked on

2019-04-08 15:00:13 - [MESSAGE][PASSED] - Object: 'Object Repository/Page_CloudKibo/a_Login (1)' is clicked on

2019-04-08 15:00:13 - [TEST_STEP][PASSED] - navigateToUrl("https://accounts.cloudkibo.com/login?continue=http://kibolite.cloudkibo.com"): Navigate to 'https://accounts.cloudkibo.com/login?continue=http://kibolite.cloudkibo.com' successfully

2019-04-08 15:00:13 - [MESSAGE][PASSED] - Navigate to 'https://accounts.cloudkibo.com/login?continue=http://kibolite.cloudkibo.com' successfully

2019-04-08 15:00:13 - [TEST_STEP][PASSED] - setText(findTestObject("Page_CloudKibo/input_Sign In_email"), "individual@cloudkibo.com"): Text 'individual@cloudkibo.com' is set on object 'Object Repository/Page_CloudKibo/input_Sign In_email'

2019-04-08 15:00:13 - [MESSAGE][PASSED] - Text 'individual@cloudkibo.com' is set on object 'Object Repository/Page_CloudKibo/input_Sign In_email'

2019-04-08 15:00:13 - [TEST_STEP][PASSED] - setEncryptedText(findTestObject("Page_CloudKibo/input_Sign In_password"), "RigbBhfdqOBGNlJIWM1ClA=="): Text ****** has been set on object 'Object Repository/Page_CloudKibo/input_Sign In_password'

2019-04-08 15:00:13 - [MESSAGE][PASSED] - Text ****** has been set on object 'Object Repository/Page_CloudKibo/input_Sign In_password'

2019-04-08 15:00:13 - [TEST_STEP][PASSED] - click(findTestObject("Page_CloudKibo/button_Sign In (4)")): Object: 'Object Repository/Page_CloudKibo/button_Sign In (4)' is clicked on

2019-04-08 15:00:14 - [MESSAGE][PASSED] - Object: 'Object Repository/Page_CloudKibo/button_Sign In (4)' is clicked on

2019-04-08 15:00:14 - [TEST_STEP][PASSED] - navigateToUrl("https://kibolite.cloudkibo.com/dashboard"): Navigate to 'https://kibolite.cloudkibo.com/dashboard' successfully

2019-04-08 15:00:32 - [MESSAGE][PASSED] - Navigate to 'https://kibolite.cloudkibo.com/dashboard' successfully

2019-04-08 15:00:32 - [TEST_STEP][PASSED] - click(findTestObject("Object Repository/Page_ Dashboard/h3_Dashboard")): Object: 'Object Repository/Page_ Dashboard/h3_Dashboard' is clicked on

2019-04-08 15:00:32 - [MESSAGE][PASSED] - Object: 'Object Repository/Page_ Dashboard/h3_Dashboard' is clicked on

2019-04-08 15:00:32 - [MESSAGE][PASSED] - Call Test Case 'Test Cases/KiboLite/login' successfully

2019-04-08 15:00:32 - [TEST_STEP][PASSED] - delay(2): Delayed 2 second(s)

2019-04-08 15:00:34 - [MESSAGE][PASSED] - Delayed 2 second(s)

2019-04-08 15:00:34 - [TEST_STEP][PASSED] - click(findTestObject("Page_ Dashboard/span_Broadcast (1) (1) (1) (1)")): Object: 'Object Repository/Page_ Dashboard/span_Broadcast (1) (1) (1) (1)' is clicked on

2019-04-08 15:00:34 - [MESSAGE][PASSED] - Object: 'Object Repository/Page_ Dashboard/span_Broadcast (1) (1) (1) (1)' is clicked on

2019-04-08 15:00:34 - [TEST_STEP][PASSED] - click(findTestObject("Object Repository/Page_ Business Gateway/a_Target Customers (2) (1)")): Object: 'Object Repository/Page_ Business Gateway/a_Target Customers (2) (1)' is clicked on

2019-04-08 15:00:34 - [MESSAGE][PASSED] - Object: 'Object Repository/Page_ Business Gateway/a_Target Customers (2) (1)' is clicked on

2019-04-08 15:00:34 - [TEST_STEP][PASSED] - setText(findTestObject("Object Repository/Page_ Business Gateway/input_Value_text"), "1212"): Text '1212' is set on object 'Object Repository/Page_ Business Gateway/input_Value_text'

2019-04-08 15:00:34 - [MESSAGE][PASSED] - Text '1212' is set on object 'Object Repository/Page_ Business Gateway/input_Value_text']]></system-out>
         <system-err><![CDATA[]]></system-err>
      </testcase>
      <system-out><![CDATA[2019-04-08 14:54:07 - [TEST_SUITE][PASSED] - KiboLite: Test Cases/KiboLite/TC11091]]></system-out>
      <system-err><![CDATA[]]></system-err>
   </testsuite>
</testsuites>
