<?xml version="1.0" encoding="UTF-8"?>
<testsuites name="operationalDashboard" time="70" tests="3" failures="0" errors="0">
   <testsuite name="operationalDashboard" tests="3" failures="0" errors="0" time="70" timestamp="2019-04-25 17:33:59" hostname="cloudkibo - 10.0.2.15" id="Test Suites/operationalDashboard">
      <properties>
         <property name="deviceName" value=""/>
         <property name="devicePlatform" value=""/>
         <property name="logFolder" value="C:\\Users\\cloudkibo\\Desktop\\KiboPush_Automated_Testing\\KiboPush Katalon\\Reports\\operationalDashboard\\20190425_170238"/>
         <property name="logFiles" value="C:\\Users\\cloudkibo\\Desktop\\KiboPush_Automated_Testing\\KiboPush Katalon\\Reports\\operationalDashboard\\20190425_170238\\execution0.log"/>
         <property name="attachments" value=""/>
         <property name="hostName" value="cloudkibo - 10.0.2.15"/>
         <property name="os" value="Windows 10 64bit"/>
         <property name="katalonVersion" value="5.6.0.1"/>
         <property name="browser" value="Chrome 73.0.3683.103"/>
         <property name="hostAddress" value="10.0.2.15"/>
         <property name="sessionId" value="0b7d5da5a113784eee5ec87be16a2cd6"/>
         <property name="seleniumVersion" value="3.7.1"/>
         <property name="proxyInformation" value="ProxyInformation{proxyOption=NO_PROXY, proxyServerType=HTTP, password=, proxyServerAddress=, proxyServerPort=0}"/>
         <property name="platform" value="Windows 10"/>
      </properties>
      <testcase name="Test Cases/s-sidebar_navigation/individualAccount/arveen_production_login_kiboengage" classname="Test Cases/s-sidebar_navigation/individualAccount/arveen_production_login_kiboengage" status="PASSED">
         <system-out><![CDATA[2019-04-25 17:34:00 - [TEST_CASE][PASSED] - Test Cases/s-sidebar_navigation/individualAccount/arveen_production_login_kiboengage: Test Cases/s-sidebar_navigation/individualAccount/arveen_production_login_kiboengage

2019-04-25 17:34:01 - [TEST_STEP][PASSED] - openBrowser: Browser is opened with url: ''

2019-04-25 17:34:07 - [MESSAGE][PASSED] - Browser is opened with url: ''

2019-04-25 17:34:07 - [TEST_STEP][PASSED] - maximizeWindow: Current window maximized

2019-04-25 17:34:08 - [MESSAGE][PASSED] - Current window maximized

2019-04-25 17:34:08 - [TEST_STEP][PASSED] - navigateToUrl: Navigate to 'https://kiboengage.cloudkibo.com/' successfully

2019-04-25 17:34:20 - [MESSAGE][PASSED] - Navigate to 'https://kiboengage.cloudkibo.com/' successfully

2019-04-25 17:34:20 - [TEST_STEP][PASSED] - navigateToUrl: Navigate to 'https://accounts.cloudkibo.com/?continue=https://kiboengage.cloudkibo.com' successfully

2019-04-25 17:34:21 - [MESSAGE][PASSED] - Navigate to 'https://accounts.cloudkibo.com/?continue=https://kiboengage.cloudkibo.com' successfully

2019-04-25 17:34:21 - [TEST_STEP][PASSED] - click: Object: 'Object Repository/Page_CloudKibo/a_Login (2) (1) (1)' is clicked on

2019-04-25 17:34:22 - [MESSAGE][PASSED] - Object: 'Object Repository/Page_CloudKibo/a_Login (2) (1) (1)' is clicked on

2019-04-25 17:34:22 - [TEST_STEP][PASSED] - setText: Text 'individual@cloudkibo.com' is set on object 'Object Repository/Page_KiboPush/input_email (10) (1) (1)'

2019-04-25 17:34:22 - [MESSAGE][PASSED] - Text 'individual@cloudkibo.com' is set on object 'Object Repository/Page_KiboPush/input_email (10) (1) (1)'

2019-04-25 17:34:22 - [TEST_STEP][PASSED] - setEncryptedText: Text ****** has been set on object 'Object Repository/Page_CloudKibo/input_Sign In_password (7)'

2019-04-25 17:34:22 - [MESSAGE][PASSED] - Text ****** has been set on object 'Object Repository/Page_CloudKibo/input_Sign In_password (7)'

2019-04-25 17:34:22 - [TEST_STEP][PASSED] - click: Object: 'Object Repository/Page_KiboPush/button_Sign In (10) (1) (2)' is clicked on

2019-04-25 17:34:22 - [MESSAGE][PASSED] - Object: 'Object Repository/Page_KiboPush/button_Sign In (10) (1) (2)' is clicked on

2019-04-25 17:34:22 - [TEST_STEP][PASSED] - click: Object: 'Object Repository/Page_KiboPush  Dashboard/h3_Dashboard (57)' is clicked on

2019-04-25 17:34:39 - [MESSAGE][PASSED] - Object: 'Object Repository/Page_KiboPush  Dashboard/h3_Dashboard (57)' is clicked on

2019-04-25 17:34:39 - [TEST_STEP][PASSED] - delay: Delayed 3 second(s)

2019-04-25 17:34:42 - [MESSAGE][PASSED] - Delayed 3 second(s)

2019-04-25 17:34:42 - [TEST_STEP][PASSED] - click: Object: 'Object Repository/Page_KiboEngage  Dashboard/a_SMS (2) (1) (1) (1) (3)' is clicked on

2019-04-25 17:34:42 - [MESSAGE][PASSED] - Object: 'Object Repository/Page_KiboEngage  Dashboard/a_SMS (2) (1) (1) (1) (3)' is clicked on

2019-04-25 17:34:42 - [TEST_STEP][PASSED] - delay: Delayed 2 second(s)

2019-04-25 17:34:44 - [MESSAGE][PASSED] - Delayed 2 second(s)

2019-04-25 17:34:44 - [TEST_STEP][PASSED] - click: Object: 'Object Repository/Page_KiboEngage  Dashboard/span_Messenger (1) (1) (1) (3)' is clicked on

2019-04-25 17:34:44 - [MESSAGE][PASSED] - Object: 'Object Repository/Page_KiboEngage  Dashboard/span_Messenger (1) (1) (1) (3)' is clicked on

2019-04-25 17:34:44 - [TEST_STEP][PASSED] - delay: Delayed 2 second(s)

2019-04-25 17:34:46 - [MESSAGE][PASSED] - Delayed 2 second(s)]]></system-out>
         <system-err><![CDATA[]]></system-err>
      </testcase>
      <testcase name="Test Cases/Operational_Dashboard/186" classname="Test Cases/Operational_Dashboard/186" status="PASSED">
         <system-out><![CDATA[2019-04-25 17:34:46 - [TEST_CASE][PASSED] - Test Cases/Operational_Dashboard/186: Test Cases/Operational_Dashboard/186

2019-04-25 17:34:47 - [TEST_STEP][PASSED] - callTestCase: Call Test Case 'Test Cases/Operational_Dashboard/177' successfully

2019-04-25 17:34:47 - [TEST_CASE][PASSED] - Test Cases/Operational_Dashboard/177: Test Cases/Operational_Dashboard/177

2019-04-25 17:34:47 - [TEST_STEP][PASSED] - callTestCase: Call Test Case 'Test Cases/Operational_Dashboard/Login' successfully

2019-04-25 17:34:47 - [TEST_CASE][PASSED] - Test Cases/Operational_Dashboard/Login: Test Cases/Operational_Dashboard/Login

2019-04-25 17:34:47 - [TEST_STEP][PASSED] - callTestCase: Call Test Case 'Test Cases/s-sidebar_navigation/individualAccount/operationalDashboard' successfully

2019-04-25 17:34:47 - [TEST_CASE][PASSED] - Test Cases/s-sidebar_navigation/individualAccount/operationalDashboard: Test Cases/s-sidebar_navigation/individualAccount/operationalDashboard

2019-04-25 17:34:48 - [TEST_STEP][PASSED] - click: Object: 'Object Repository/Page_KiboEngage  Subscribers/span_Subscribers' is clicked on

2019-04-25 17:34:48 - [MESSAGE][PASSED] - Object: 'Object Repository/Page_KiboEngage  Subscribers/span_Subscribers' is clicked on

2019-04-25 17:34:48 - [TEST_STEP][PASSED] - click: Object: 'Object Repository/Page_KiboEngage  Subscribers/span_Operational Dashboard (1)' is clicked on

2019-04-25 17:34:48 - [MESSAGE][PASSED] - Object: 'Object Repository/Page_KiboEngage  Subscribers/span_Operational Dashboard (1)' is clicked on

2019-04-25 17:34:48 - [TEST_STEP][PASSED] - scrollToPosition: Browser is scrolled to position x = 0, y = 0

2019-04-25 17:34:48 - [MESSAGE][PASSED] - Browser is scrolled to position x = 0, y = 0

2019-04-25 17:34:48 - [TEST_STEP][PASSED] - click: Object: 'Object Repository/Page_KiboEngage  Operational Dashbo/h3_Pages Info (4)' is clicked on

2019-04-25 17:34:51 - [MESSAGE][PASSED] - Object: 'Object Repository/Page_KiboEngage  Operational Dashbo/h3_Pages Info (4)' is clicked on

2019-04-25 17:34:51 - [MESSAGE][PASSED] - Call Test Case 'Test Cases/s-sidebar_navigation/individualAccount/operationalDashboard' successfully

2019-04-25 17:34:51 - [MESSAGE][PASSED] - Call Test Case 'Test Cases/Operational_Dashboard/Login' successfully

2019-04-25 17:34:51 - [TEST_STEP][PASSED] - Statement - driver = com.kms.katalon.core.webui.driver.DriverFactory.getWebDriver(): null

2019-04-25 17:34:51 - [TEST_STEP][PASSED] - Statement - popup_survey = driver.findElement(org.openqa.selenium.By.xpath("//*[@id="content"]/div/div/div/div[2]/div[3]/div[6]/div/div/div/div[2]/ul/li[3]")): null

2019-04-25 17:34:51 - [TEST_STEP][PASSED] - Statement - popup_survey.click(): null

2019-04-25 17:34:51 - [TEST_STEP][PASSED] - delay: Delayed 5 second(s)

2019-04-25 17:34:56 - [MESSAGE][PASSED] - Delayed 5 second(s)

2019-04-25 17:34:56 - [TEST_STEP][PASSED] - Statement - rows_table = driver.findElements(org.openqa.selenium.By.xpath("//*[@id="content"]/div/div/div/div[2]/div[3]/div[6]/div/div/div[2]/div/div/div[2]/table/tbody/tr")): null

2019-04-25 17:34:56 - [TEST_STEP][PASSED] - Statement - rows_count = rows_table.size(): null

2019-04-25 17:34:56 - [TEST_STEP][PASSED] - verifyGreaterThanOrEqual: Actual number '10' is greater than or equal to expected number '1'

2019-04-25 17:34:56 - [MESSAGE][PASSED] - Actual number '10' is greater than or equal to expected number '1'

2019-04-25 17:34:56 - [MESSAGE][PASSED] - Call Test Case 'Test Cases/Operational_Dashboard/177' successfully

2019-04-25 17:34:56 - [TEST_STEP][PASSED] - Statement - driver = com.kms.katalon.core.webui.driver.DriverFactory.getWebDriver(): null

2019-04-25 17:34:56 - [TEST_STEP][PASSED] - Statement - popDown_survey = driver.findElement(org.openqa.selenium.By.xpath("//*[@id="content"]/div/div/div/div[2]/div[3]/div[6]/div/div/div[1]/div[2]/ul/li[3]")): null

2019-04-25 17:34:56 - [TEST_STEP][PASSED] - Statement - popDown_survey.click(): null

2019-04-25 17:34:56 - [TEST_STEP][PASSED] - delay: Delayed 5 second(s)

2019-04-25 17:35:01 - [MESSAGE][PASSED] - Delayed 5 second(s)

2019-04-25 17:35:01 - [TEST_STEP][PASSED] - verifyTextNotPresent: Text 'Responded' is not present on page

2019-04-25 17:35:02 - [MESSAGE][PASSED] - Text 'Responded' is not present on page]]></system-out>
         <system-err><![CDATA[]]></system-err>
      </testcase>
      <testcase name="Test Cases/Operational_Dashboard/187" classname="Test Cases/Operational_Dashboard/187" status="PASSED">
         <system-out><![CDATA[2019-04-25 17:35:02 - [TEST_CASE][PASSED] - Test Cases/Operational_Dashboard/187: Test Cases/Operational_Dashboard/187

2019-04-25 17:35:02 - [TEST_STEP][PASSED] - callTestCase: Call Test Case 'Test Cases/Operational_Dashboard/Login' successfully

2019-04-25 17:35:02 - [TEST_CASE][PASSED] - Test Cases/Operational_Dashboard/Login: Test Cases/Operational_Dashboard/Login

2019-04-25 17:35:02 - [TEST_STEP][PASSED] - callTestCase: Call Test Case 'Test Cases/s-sidebar_navigation/individualAccount/operationalDashboard' successfully

2019-04-25 17:35:02 - [TEST_CASE][PASSED] - Test Cases/s-sidebar_navigation/individualAccount/operationalDashboard: Test Cases/s-sidebar_navigation/individualAccount/operationalDashboard

2019-04-25 17:35:02 - [TEST_STEP][PASSED] - click: Object: 'Object Repository/Page_KiboEngage  Subscribers/span_Subscribers' is clicked on

2019-04-25 17:35:03 - [MESSAGE][PASSED] - Object: 'Object Repository/Page_KiboEngage  Subscribers/span_Subscribers' is clicked on

2019-04-25 17:35:03 - [TEST_STEP][PASSED] - click: Object: 'Object Repository/Page_KiboEngage  Subscribers/span_Operational Dashboard (1)' is clicked on

2019-04-25 17:35:03 - [MESSAGE][PASSED] - Object: 'Object Repository/Page_KiboEngage  Subscribers/span_Operational Dashboard (1)' is clicked on

2019-04-25 17:35:03 - [TEST_STEP][PASSED] - scrollToPosition: Browser is scrolled to position x = 0, y = 0

2019-04-25 17:35:03 - [MESSAGE][PASSED] - Browser is scrolled to position x = 0, y = 0

2019-04-25 17:35:03 - [TEST_STEP][PASSED] - click: Object: 'Object Repository/Page_KiboEngage  Operational Dashbo/h3_Pages Info (4)' is clicked on

2019-04-25 17:35:03 - [MESSAGE][PASSED] - Object: 'Object Repository/Page_KiboEngage  Operational Dashbo/h3_Pages Info (4)' is clicked on

2019-04-25 17:35:03 - [MESSAGE][PASSED] - Call Test Case 'Test Cases/s-sidebar_navigation/individualAccount/operationalDashboard' successfully

2019-04-25 17:35:03 - [MESSAGE][PASSED] - Call Test Case 'Test Cases/Operational_Dashboard/Login' successfully

2019-04-25 17:35:03 - [TEST_STEP][PASSED] - Statement - driver = com.kms.katalon.core.webui.driver.DriverFactory.getWebDriver(): null

2019-04-25 17:35:03 - [TEST_STEP][PASSED] - Statement - popup_poll = driver.findElement(org.openqa.selenium.By.xpath("//*[@id="content"]/div/div/div/div[2]/div[3]/div[7]/div/div/div/div[2]/ul/li[3]")): null

2019-04-25 17:35:03 - [TEST_STEP][PASSED] - Statement - popup_poll.click(): null

2019-04-25 17:35:03 - [TEST_STEP][PASSED] - delay: Delayed 5 second(s)

2019-04-25 17:35:08 - [MESSAGE][PASSED] - Delayed 5 second(s)

2019-04-25 17:35:08 - [TEST_STEP][PASSED] - Statement - rows_table = driver.findElements(org.openqa.selenium.By.xpath("//*[@id="content"]/div/div/div/div[2]/div[3]/div[7]/div/div/div[2]/div/div/div[2]/table/tbody/tr")): null

2019-04-25 17:35:09 - [TEST_STEP][PASSED] - Statement - rows_count = rows_table.size(): null

2019-04-25 17:35:09 - [TEST_STEP][PASSED] - verifyGreaterThanOrEqual: Actual number '10' is greater than or equal to expected number '1'

2019-04-25 17:35:09 - [MESSAGE][PASSED] - Actual number '10' is greater than or equal to expected number '1']]></system-out>
         <system-err><![CDATA[]]></system-err>
      </testcase>
      <system-out><![CDATA[2019-04-25 17:33:59 - [TEST_SUITE][PASSED] - operationalDashboard: Test Cases/Operational_Dashboard/187]]></system-out>
      <system-err><![CDATA[]]></system-err>
   </testsuite>
</testsuites>
