<?xml version="1.0" encoding="UTF-8"?>
<testsuites name="seq_message" time="157" tests="5" failures="0" errors="0">
   <testsuite name="seq_message" tests="5" failures="0" errors="0" time="157" timestamp="2019-04-24 16:08:59" hostname="cloudkibo - 10.0.2.15" id="Test Suites/seq_message">
      <properties>
         <property name="deviceName" value=""/>
         <property name="devicePlatform" value=""/>
         <property name="logFolder" value="C:\\Users\\cloudkibo\\Desktop\\KiboPush_Automated_Testing\\KiboPush Katalon\\Reports\\seq_message\\20190424_160855"/>
         <property name="logFiles" value="C:\\Users\\cloudkibo\\Desktop\\KiboPush_Automated_Testing\\KiboPush Katalon\\Reports\\seq_message\\20190424_160855\\execution0.log"/>
         <property name="attachments" value=""/>
         <property name="hostName" value="cloudkibo - 10.0.2.15"/>
         <property name="os" value="Windows 10 64bit"/>
         <property name="katalonVersion" value="5.6.0.1"/>
         <property name="browser" value="Chrome 73.0.3683.103"/>
         <property name="hostAddress" value="10.0.2.15"/>
         <property name="sessionId" value="3568152ce60ca6412610f9d39e2c7335"/>
         <property name="seleniumVersion" value="3.7.1"/>
         <property name="proxyInformation" value="ProxyInformation{proxyOption=NO_PROXY, proxyServerType=HTTP, password=, proxyServerAddress=, proxyServerPort=0}"/>
         <property name="platform" value="Windows 10"/>
      </properties>
      <testcase name="Test Cases/s-sidebar_navigation/individualAccount/arveen_production_login_kiboengage" classname="Test Cases/s-sidebar_navigation/individualAccount/arveen_production_login_kiboengage" status="PASSED">
         <system-out><![CDATA[2019-04-24 16:09:01 - [TEST_CASE][PASSED] - Test Cases/s-sidebar_navigation/individualAccount/arveen_production_login_kiboengage: Test Cases/s-sidebar_navigation/individualAccount/arveen_production_login_kiboengage

2019-04-24 16:09:02 - [TEST_STEP][PASSED] - openBrowser: Browser is opened with url: ''

2019-04-24 16:09:08 - [MESSAGE][PASSED] - Browser is opened with url: ''

2019-04-24 16:09:08 - [TEST_STEP][PASSED] - maximizeWindow: Current window maximized

2019-04-24 16:09:09 - [MESSAGE][PASSED] - Current window maximized

2019-04-24 16:09:09 - [TEST_STEP][PASSED] - navigateToUrl: Navigate to 'https://kiboengage.cloudkibo.com/' successfully

2019-04-24 16:09:25 - [MESSAGE][PASSED] - Navigate to 'https://kiboengage.cloudkibo.com/' successfully

2019-04-24 16:09:25 - [TEST_STEP][PASSED] - navigateToUrl: Navigate to 'https://accounts.cloudkibo.com/?continue=https://kiboengage.cloudkibo.com' successfully

2019-04-24 16:09:26 - [MESSAGE][PASSED] - Navigate to 'https://accounts.cloudkibo.com/?continue=https://kiboengage.cloudkibo.com' successfully

2019-04-24 16:09:26 - [TEST_STEP][PASSED] - click: Object: 'Object Repository/Page_CloudKibo/a_Login (2) (1) (1)' is clicked on

2019-04-24 16:09:27 - [MESSAGE][PASSED] - Object: 'Object Repository/Page_CloudKibo/a_Login (2) (1) (1)' is clicked on

2019-04-24 16:09:27 - [TEST_STEP][PASSED] - setText: Text 'individual@cloudkibo.com' is set on object 'Object Repository/Page_KiboPush/input_email (10) (1) (1)'

2019-04-24 16:09:28 - [MESSAGE][PASSED] - Text 'individual@cloudkibo.com' is set on object 'Object Repository/Page_KiboPush/input_email (10) (1) (1)'

2019-04-24 16:09:28 - [TEST_STEP][PASSED] - setEncryptedText: Text ****** has been set on object 'Object Repository/Page_CloudKibo/input_Sign In_password (7)'

2019-04-24 16:09:28 - [MESSAGE][PASSED] - Text ****** has been set on object 'Object Repository/Page_CloudKibo/input_Sign In_password (7)'

2019-04-24 16:09:28 - [TEST_STEP][PASSED] - click: Object: 'Object Repository/Page_KiboPush/button_Sign In (10) (1) (2)' is clicked on

2019-04-24 16:09:28 - [MESSAGE][PASSED] - Object: 'Object Repository/Page_KiboPush/button_Sign In (10) (1) (2)' is clicked on

2019-04-24 16:09:28 - [TEST_STEP][PASSED] - click: Object: 'Object Repository/Page_KiboPush  Dashboard/h3_Dashboard (57)' is clicked on

2019-04-24 16:09:56 - [MESSAGE][PASSED] - Object: 'Object Repository/Page_KiboPush  Dashboard/h3_Dashboard (57)' is clicked on

2019-04-24 16:09:56 - [TEST_STEP][PASSED] - delay: Delayed 3 second(s)

2019-04-24 16:09:59 - [MESSAGE][PASSED] - Delayed 3 second(s)

2019-04-24 16:09:59 - [TEST_STEP][PASSED] - click: Object: 'Object Repository/Page_KiboEngage  Dashboard/a_SMS (2) (1) (1) (1) (3)' is clicked on

2019-04-24 16:09:59 - [MESSAGE][PASSED] - Object: 'Object Repository/Page_KiboEngage  Dashboard/a_SMS (2) (1) (1) (1) (3)' is clicked on

2019-04-24 16:09:59 - [TEST_STEP][PASSED] - delay: Delayed 2 second(s)

2019-04-24 16:10:01 - [MESSAGE][PASSED] - Delayed 2 second(s)

2019-04-24 16:10:01 - [TEST_STEP][PASSED] - click: Object: 'Object Repository/Page_KiboEngage  Dashboard/span_Messenger (1) (1) (1) (3)' is clicked on

2019-04-24 16:10:01 - [MESSAGE][PASSED] - Object: 'Object Repository/Page_KiboEngage  Dashboard/span_Messenger (1) (1) (1) (3)' is clicked on

2019-04-24 16:10:01 - [TEST_STEP][PASSED] - delay: Delayed 2 second(s)

2019-04-24 16:10:03 - [MESSAGE][PASSED] - Delayed 2 second(s)]]></system-out>
         <system-err><![CDATA[]]></system-err>
      </testcase>
      <testcase name="Test Cases/Sequence Messaging/open_automation" classname="Test Cases/Sequence Messaging/open_automation" status="PASSED">
         <system-out><![CDATA[2019-04-24 16:10:03 - [TEST_CASE][PASSED] - Test Cases/Sequence Messaging/open_automation: Test Cases/Sequence Messaging/open_automation

2019-04-24 16:10:04 - [TEST_STEP][PASSED] - click: Object: 'Object Repository/Page_KiboPush  Dashboard/span_Automation (1) (1)' is clicked on

2019-04-24 16:10:04 - [MESSAGE][PASSED] - Object: 'Object Repository/Page_KiboPush  Dashboard/span_Automation (1) (1)' is clicked on

2019-04-24 16:10:04 - [TEST_STEP][PASSED] - delay: Delayed 1 second(s)

2019-04-24 16:10:05 - [MESSAGE][PASSED] - Delayed 1 second(s)]]></system-out>
         <system-err><![CDATA[]]></system-err>
      </testcase>
      <testcase name="Test Cases/Sequence Messaging/TC0985" classname="Test Cases/Sequence Messaging/TC0985" status="PASSED">
         <system-out><![CDATA[2019-04-24 16:10:05 - [TEST_CASE][PASSED] - Test Cases/Sequence Messaging/TC0985: Test Cases/Sequence Messaging/TC0985

2019-04-24 16:10:05 - [TEST_STEP][PASSED] - callTestCase: Call Test Case 'Test Cases/Sequence Messaging/TC0984' successfully

2019-04-24 16:10:05 - [TEST_CASE][PASSED] - Test Cases/Sequence Messaging/TC0984: Test Cases/Sequence Messaging/TC0984

2019-04-24 16:10:06 - [TEST_STEP][PASSED] - callTestCase: Call Test Case 'Test Cases/Sequence Messaging/TC0980' successfully

2019-04-24 16:10:06 - [TEST_CASE][PASSED] - Test Cases/Sequence Messaging/TC0980: Test Cases/Sequence Messaging/TC0980

2019-04-24 16:10:06 - [TEST_STEP][PASSED] - callTestCase: Call Test Case 'Test Cases/Sequence Messaging/Go_to_Seq_Messaging' successfully

2019-04-24 16:10:06 - [TEST_CASE][PASSED] - Test Cases/Sequence Messaging/Go_to_Seq_Messaging: Test Cases/Sequence Messaging/Go_to_Seq_Messaging

2019-04-24 16:10:06 - [TEST_STEP][PASSED] - callTestCase: Call Test Case 'Test Cases/Sequence Messaging/Login' successfully

2019-04-24 16:10:07 - [TEST_CASE][PASSED] - Test Cases/Sequence Messaging/Login: Test Cases/Sequence Messaging/Login

2019-04-24 16:10:07 - [TEST_STEP][PASSED] - callTestCase: Call Test Case 'Test Cases/s-sidebar_navigation/individualAccount/sequenceMessaging' successfully

2019-04-24 16:10:07 - [TEST_CASE][PASSED] - Test Cases/s-sidebar_navigation/individualAccount/sequenceMessaging: Test Cases/s-sidebar_navigation/individualAccount/sequenceMessaging

2019-04-24 16:10:07 - [TEST_STEP][PASSED] - click: Object: 'Object Repository/Page_KiboPush  Dashboard/span_Autoposting' is clicked on

2019-04-24 16:10:07 - [MESSAGE][PASSED] - Object: 'Object Repository/Page_KiboPush  Dashboard/span_Autoposting' is clicked on

2019-04-24 16:10:07 - [TEST_STEP][PASSED] - delay: Delayed 1 second(s)

2019-04-24 16:10:08 - [MESSAGE][PASSED] - Delayed 1 second(s)

2019-04-24 16:10:08 - [TEST_STEP][PASSED] - click: Object: 'Object Repository/Page_KiboPush  Dashboard/span_Sequence Messaging' is clicked on

2019-04-24 16:10:09 - [MESSAGE][PASSED] - Object: 'Object Repository/Page_KiboPush  Dashboard/span_Sequence Messaging' is clicked on

2019-04-24 16:10:09 - [TEST_STEP][PASSED] - scrollToPosition: Browser is scrolled to position x = 0, y = 0

2019-04-24 16:10:09 - [MESSAGE][PASSED] - Browser is scrolled to position x = 0, y = 0

2019-04-24 16:10:09 - [TEST_STEP][PASSED] - click: Object: 'Object Repository/Page_KiboPush  Sequence Messaging/h3_Sequence Messaging' is clicked on

2019-04-24 16:10:09 - [MESSAGE][PASSED] - Object: 'Object Repository/Page_KiboPush  Sequence Messaging/h3_Sequence Messaging' is clicked on

2019-04-24 16:10:09 - [TEST_STEP][PASSED] - delay: Delayed 1 second(s)

2019-04-24 16:10:10 - [MESSAGE][PASSED] - Delayed 1 second(s)

2019-04-24 16:10:10 - [MESSAGE][PASSED] - Call Test Case 'Test Cases/s-sidebar_navigation/individualAccount/sequenceMessaging' successfully

2019-04-24 16:10:10 - [MESSAGE][PASSED] - Call Test Case 'Test Cases/Sequence Messaging/Login' successfully

2019-04-24 16:10:10 - [MESSAGE][PASSED] - Call Test Case 'Test Cases/Sequence Messaging/Go_to_Seq_Messaging' successfully

2019-04-24 16:10:10 - [TEST_STEP][PASSED] - delay: Delayed 4 second(s)

2019-04-24 16:10:14 - [MESSAGE][PASSED] - Delayed 4 second(s)

2019-04-24 16:10:14 - [MESSAGE][PASSED] - Call Test Case 'Test Cases/Sequence Messaging/TC0980' successfully

2019-04-24 16:10:14 - [TEST_STEP][PASSED] - delay: Delayed 2 second(s)

2019-04-24 16:10:16 - [MESSAGE][PASSED] - Delayed 2 second(s)

2019-04-24 16:10:16 - [TEST_STEP][PASSED] - click: Object: 'Object Repository/Page_KiboPush  Sequence Messaging/Delete Sequence Icon (1)' is clicked on

2019-04-24 16:10:17 - [MESSAGE][PASSED] - Object: 'Object Repository/Page_KiboPush  Sequence Messaging/Delete Sequence Icon (1)' is clicked on

2019-04-24 16:10:17 - [TEST_STEP][PASSED] - click: Object: 'Object Repository/Page_KiboPush  Sequence Messaging/button_Delete (2)' is clicked on

2019-04-24 16:10:17 - [MESSAGE][PASSED] - Object: 'Object Repository/Page_KiboPush  Sequence Messaging/button_Delete (2)' is clicked on

2019-04-24 16:10:17 - [TEST_STEP][PASSED] - delay: Delayed 2 second(s)

2019-04-24 16:10:19 - [MESSAGE][PASSED] - Delayed 2 second(s)

2019-04-24 16:10:19 - [TEST_STEP][PASSED] - click: Object: 'Object Repository/Page_KiboPush  Sequence Messaging/button_Create New Sequence' is clicked on

2019-04-24 16:10:19 - [MESSAGE][PASSED] - Object: 'Object Repository/Page_KiboPush  Sequence Messaging/button_Create New Sequence' is clicked on

2019-04-24 16:10:19 - [TEST_STEP][PASSED] - setText: Text 'Sequence1' is set on object 'Object Repository/Page_KiboPush  Sequence Messaging/input_Sequence Name_form-contr (3)'

2019-04-24 16:10:20 - [MESSAGE][PASSED] - Text 'Sequence1' is set on object 'Object Repository/Page_KiboPush  Sequence Messaging/input_Sequence Name_form-contr (3)'

2019-04-24 16:10:20 - [TEST_STEP][PASSED] - delay: Delayed 2 second(s)

2019-04-24 16:10:22 - [MESSAGE][PASSED] - Delayed 2 second(s)

2019-04-24 16:10:22 - [TEST_STEP][PASSED] - click: Object: 'Object Repository/Page_KiboPush  Sequence Messaging/button_Create (2)' is clicked on

2019-04-24 16:10:22 - [MESSAGE][PASSED] - Object: 'Object Repository/Page_KiboPush  Sequence Messaging/button_Create (2)' is clicked on

2019-04-24 16:10:22 - [TEST_STEP][PASSED] - delay: Delayed 2 second(s)

2019-04-24 16:10:24 - [MESSAGE][PASSED] - Delayed 2 second(s)

2019-04-24 16:10:24 - [TEST_STEP][PASSED] - click: Object: 'Object Repository/Page_KiboPush  Sequence Messaging/button_Add Message (1)' is clicked on

2019-04-24 16:10:25 - [MESSAGE][PASSED] - Object: 'Object Repository/Page_KiboPush  Sequence Messaging/button_Add Message (1)' is clicked on

2019-04-24 16:10:25 - [TEST_STEP][PASSED] - delay: Delayed 2 second(s)

2019-04-24 16:10:27 - [MESSAGE][PASSED] - Delayed 2 second(s)

2019-04-24 16:10:27 - [TEST_STEP][PASSED] - click: Object: 'Object Repository/Page_KiboPush  Sequence Messaging/button_Add Message (1)' is clicked on

2019-04-24 16:10:27 - [MESSAGE][PASSED] - Object: 'Object Repository/Page_KiboPush  Sequence Messaging/button_Add Message (1)' is clicked on

2019-04-24 16:10:27 - [TEST_STEP][PASSED] - delay: Delayed 2 second(s)

2019-04-24 16:10:29 - [MESSAGE][PASSED] - Delayed 2 second(s)

2019-04-24 16:10:29 - [TEST_STEP][PASSED] - click: Object: 'Object Repository/Page_KiboPush  Sequence Messaging/a_Back (5)' is clicked on

2019-04-24 16:10:29 - [MESSAGE][PASSED] - Object: 'Object Repository/Page_KiboPush  Sequence Messaging/a_Back (5)' is clicked on

2019-04-24 16:10:29 - [TEST_STEP][PASSED] - click: Object: 'Object Repository/Page_KiboPush  Sequence Messaging/span_Edit' is clicked on

2019-04-24 16:10:30 - [MESSAGE][PASSED] - Object: 'Object Repository/Page_KiboPush  Sequence Messaging/span_Edit' is clicked on

2019-04-24 16:10:30 - [TEST_STEP][PASSED] - delay: Delayed 2 second(s)

2019-04-24 16:10:32 - [MESSAGE][PASSED] - Delayed 2 second(s)

2019-04-24 16:10:32 - [MESSAGE][PASSED] - Call Test Case 'Test Cases/Sequence Messaging/TC0984' successfully

2019-04-24 16:10:32 - [TEST_STEP][PASSED] - scrollToPosition: Browser is scrolled to position x = 0, y = 0

2019-04-24 16:10:32 - [MESSAGE][PASSED] - Browser is scrolled to position x = 0, y = 0

2019-04-24 16:10:32 - [TEST_STEP][PASSED] - click: Object: 'Object Repository/Page_KiboPush  Sequence Messaging/button_Add Message (1)' is clicked on

2019-04-24 16:10:32 - [MESSAGE][PASSED] - Object: 'Object Repository/Page_KiboPush  Sequence Messaging/button_Add Message (1)' is clicked on

2019-04-24 16:10:32 - [TEST_STEP][PASSED] - click: Object: 'Object Repository/Page_KiboPush  Sequence Messaging/span_New Message (3)' is clicked on

2019-04-24 16:10:33 - [MESSAGE][PASSED] - Object: 'Object Repository/Page_KiboPush  Sequence Messaging/span_New Message (3)' is clicked on

2019-04-24 16:10:33 - [TEST_STEP][PASSED] - delay: Delayed 2 second(s)

2019-04-24 16:10:35 - [MESSAGE][PASSED] - Delayed 2 second(s)]]></system-out>
         <system-err><![CDATA[]]></system-err>
      </testcase>
      <testcase name="Test Cases/Sequence Messaging/TC0986" classname="Test Cases/Sequence Messaging/TC0986" status="PASSED">
         <system-out><![CDATA[2019-04-24 16:10:35 - [TEST_CASE][PASSED] - Test Cases/Sequence Messaging/TC0986: Test Cases/Sequence Messaging/TC0986

2019-04-24 16:10:35 - [TEST_STEP][PASSED] - callTestCase: Call Test Case 'Test Cases/Sequence Messaging/TC0980' successfully

2019-04-24 16:10:36 - [TEST_CASE][PASSED] - Test Cases/Sequence Messaging/TC0980: Test Cases/Sequence Messaging/TC0980

2019-04-24 16:10:36 - [TEST_STEP][PASSED] - callTestCase: Call Test Case 'Test Cases/Sequence Messaging/Go_to_Seq_Messaging' successfully

2019-04-24 16:10:36 - [TEST_CASE][PASSED] - Test Cases/Sequence Messaging/Go_to_Seq_Messaging: Test Cases/Sequence Messaging/Go_to_Seq_Messaging

2019-04-24 16:10:36 - [TEST_STEP][PASSED] - callTestCase: Call Test Case 'Test Cases/Sequence Messaging/Login' successfully

2019-04-24 16:10:36 - [TEST_CASE][PASSED] - Test Cases/Sequence Messaging/Login: Test Cases/Sequence Messaging/Login

2019-04-24 16:10:36 - [TEST_STEP][PASSED] - callTestCase: Call Test Case 'Test Cases/s-sidebar_navigation/individualAccount/sequenceMessaging' successfully

2019-04-24 16:10:36 - [TEST_CASE][PASSED] - Test Cases/s-sidebar_navigation/individualAccount/sequenceMessaging: Test Cases/s-sidebar_navigation/individualAccount/sequenceMessaging

2019-04-24 16:10:36 - [TEST_STEP][PASSED] - click: Object: 'Object Repository/Page_KiboPush  Dashboard/span_Autoposting' is clicked on

2019-04-24 16:10:36 - [MESSAGE][PASSED] - Object: 'Object Repository/Page_KiboPush  Dashboard/span_Autoposting' is clicked on

2019-04-24 16:10:36 - [TEST_STEP][PASSED] - delay: Delayed 1 second(s)

2019-04-24 16:10:37 - [MESSAGE][PASSED] - Delayed 1 second(s)

2019-04-24 16:10:37 - [TEST_STEP][PASSED] - click: Object: 'Object Repository/Page_KiboPush  Dashboard/span_Sequence Messaging' is clicked on

2019-04-24 16:10:37 - [MESSAGE][PASSED] - Object: 'Object Repository/Page_KiboPush  Dashboard/span_Sequence Messaging' is clicked on

2019-04-24 16:10:37 - [TEST_STEP][PASSED] - scrollToPosition: Browser is scrolled to position x = 0, y = 0

2019-04-24 16:10:37 - [MESSAGE][PASSED] - Browser is scrolled to position x = 0, y = 0

2019-04-24 16:10:37 - [TEST_STEP][PASSED] - click: Object: 'Object Repository/Page_KiboPush  Sequence Messaging/h3_Sequence Messaging' is clicked on

2019-04-24 16:10:38 - [MESSAGE][PASSED] - Object: 'Object Repository/Page_KiboPush  Sequence Messaging/h3_Sequence Messaging' is clicked on

2019-04-24 16:10:38 - [TEST_STEP][PASSED] - delay: Delayed 1 second(s)

2019-04-24 16:10:39 - [MESSAGE][PASSED] - Delayed 1 second(s)

2019-04-24 16:10:39 - [MESSAGE][PASSED] - Call Test Case 'Test Cases/s-sidebar_navigation/individualAccount/sequenceMessaging' successfully

2019-04-24 16:10:39 - [MESSAGE][PASSED] - Call Test Case 'Test Cases/Sequence Messaging/Login' successfully

2019-04-24 16:10:39 - [MESSAGE][PASSED] - Call Test Case 'Test Cases/Sequence Messaging/Go_to_Seq_Messaging' successfully

2019-04-24 16:10:39 - [TEST_STEP][PASSED] - delay: Delayed 4 second(s)

2019-04-24 16:10:43 - [MESSAGE][PASSED] - Delayed 4 second(s)

2019-04-24 16:10:43 - [MESSAGE][PASSED] - Call Test Case 'Test Cases/Sequence Messaging/TC0980' successfully

2019-04-24 16:10:43 - [TEST_STEP][PASSED] - click: Object: 'Object Repository/Page_KiboPush  Sequence Messaging/span_Edit (1)' is clicked on

2019-04-24 16:10:43 - [MESSAGE][PASSED] - Object: 'Object Repository/Page_KiboPush  Sequence Messaging/span_Edit (1)' is clicked on

2019-04-24 16:10:43 - [TEST_STEP][PASSED] - delay: Delayed 2 second(s)

2019-04-24 16:10:45 - [MESSAGE][PASSED] - Delayed 2 second(s)

2019-04-24 16:10:45 - [TEST_STEP][PASSED] - click: Object: 'Object Repository/Page_KiboPush  Sequence Messaging/Delete Message Icon' is clicked on

2019-04-24 16:10:45 - [MESSAGE][PASSED] - Object: 'Object Repository/Page_KiboPush  Sequence Messaging/Delete Message Icon' is clicked on

2019-04-24 16:10:45 - [TEST_STEP][PASSED] - click: Object: 'Object Repository/Page_KiboPush  Sequence Messaging/button_Delete (3)' is clicked on

2019-04-24 16:10:46 - [MESSAGE][PASSED] - Object: 'Object Repository/Page_KiboPush  Sequence Messaging/button_Delete (3)' is clicked on

2019-04-24 16:10:46 - [TEST_STEP][PASSED] - delay: Delayed 4 second(s)

2019-04-24 16:10:50 - [MESSAGE][PASSED] - Delayed 4 second(s)

2019-04-24 16:10:50 - [TEST_STEP][PASSED] - scrollToPosition: Browser is scrolled to position x = 0, y = 0

2019-04-24 16:10:50 - [MESSAGE][PASSED] - Browser is scrolled to position x = 0, y = 0

2019-04-24 16:10:50 - [TEST_STEP][PASSED] - delay: Delayed 1 second(s)

2019-04-24 16:10:51 - [MESSAGE][PASSED] - Delayed 1 second(s)

2019-04-24 16:10:51 - [TEST_STEP][PASSED] - click: Object: 'Object Repository/Page_KiboPush  Sequence Messaging/button_Add Message (1)' is clicked on

2019-04-24 16:10:51 - [MESSAGE][PASSED] - Object: 'Object Repository/Page_KiboPush  Sequence Messaging/button_Add Message (1)' is clicked on

2019-04-24 16:10:51 - [TEST_STEP][PASSED] - delay: Delayed 2 second(s)

2019-04-24 16:10:53 - [MESSAGE][PASSED] - Delayed 2 second(s)

2019-04-24 16:10:53 - [TEST_STEP][PASSED] - click: Object: 'Object Repository/Page_KiboPush  Sequence Messaging/span_New Message (4)' is clicked on

2019-04-24 16:10:53 - [MESSAGE][PASSED] - Object: 'Object Repository/Page_KiboPush  Sequence Messaging/span_New Message (4)' is clicked on

2019-04-24 16:10:53 - [TEST_STEP][PASSED] - delay: Delayed 3 second(s)

2019-04-24 16:10:56 - [MESSAGE][PASSED] - Delayed 3 second(s)

2019-04-24 16:10:56 - [TEST_STEP][PASSED] - click: Object: 'Object Repository/Page_KiboPush  Edit Message/i_New Message_convoTitle' is clicked on

2019-04-24 16:10:57 - [MESSAGE][PASSED] - Object: 'Object Repository/Page_KiboPush  Edit Message/i_New Message_convoTitle' is clicked on

2019-04-24 16:10:57 - [TEST_STEP][PASSED] - delay: Delayed 2 second(s)

2019-04-24 16:10:59 - [MESSAGE][PASSED] - Delayed 2 second(s)

2019-04-24 16:10:59 - [TEST_STEP][PASSED] - setText: Text 'Message1' is set on object 'Object Repository/Page_KiboPush  Edit Message/input_Rename_form-control'

2019-04-24 16:10:59 - [MESSAGE][PASSED] - Text 'Message1' is set on object 'Object Repository/Page_KiboPush  Edit Message/input_Rename_form-control'

2019-04-24 16:10:59 - [TEST_STEP][PASSED] - scrollToElement: Scroll to object 'Object Repository/Page_KiboPush  Edit Message/div_View Facebook guidelines r' successfully

2019-04-24 16:10:59 - [MESSAGE][PASSED] - Scroll to object 'Object Repository/Page_KiboPush  Edit Message/div_View Facebook guidelines r' successfully

2019-04-24 16:10:59 - [TEST_STEP][PASSED] - click: Object: 'Object Repository/Page_KiboPush  Edit Message/button_Save' is clicked on

2019-04-24 16:11:00 - [MESSAGE][PASSED] - Object: 'Object Repository/Page_KiboPush  Edit Message/button_Save' is clicked on

2019-04-24 16:11:00 - [TEST_STEP][PASSED] - delay: Delayed 3 second(s)

2019-04-24 16:11:03 - [MESSAGE][PASSED] - Delayed 3 second(s)

2019-04-24 16:11:03 - [TEST_STEP][PASSED] - click: Object: 'Object Repository/Page_KiboPush  Edit Message/div_Text' is clicked on

2019-04-24 16:11:03 - [MESSAGE][PASSED] - Object: 'Object Repository/Page_KiboPush  Edit Message/div_Text' is clicked on

2019-04-24 16:11:03 - [TEST_STEP][PASSED] - setText: Text 'Text1' is set on object 'Object Repository/Page_KiboPush  Edit Message/Set Text Component'

2019-04-24 16:11:04 - [MESSAGE][PASSED] - Text 'Text1' is set on object 'Object Repository/Page_KiboPush  Edit Message/Set Text Component'

2019-04-24 16:11:04 - [TEST_STEP][PASSED] - click: Object: 'Object Repository/Page_KiboPush  Edit Message/button_Save_1' is clicked on

2019-04-24 16:11:04 - [MESSAGE][PASSED] - Object: 'Object Repository/Page_KiboPush  Edit Message/button_Save_1' is clicked on

2019-04-24 16:11:04 - [TEST_STEP][PASSED] - scrollToPosition: Browser is scrolled to position x = 0, y = 0

2019-04-24 16:11:04 - [MESSAGE][PASSED] - Browser is scrolled to position x = 0, y = 0

2019-04-24 16:11:04 - [TEST_STEP][PASSED] - click: Object: 'Object Repository/Page_KiboPush  Edit Message/a_Back' is clicked on

2019-04-24 16:11:04 - [MESSAGE][PASSED] - Object: 'Object Repository/Page_KiboPush  Edit Message/a_Back' is clicked on]]></system-out>
         <system-err><![CDATA[]]></system-err>
      </testcase>
      <testcase name="Test Cases/Sequence Messaging/TC1001" classname="Test Cases/Sequence Messaging/TC1001" status="PASSED">
         <system-out><![CDATA[2019-04-24 16:11:04 - [TEST_CASE][PASSED] - Test Cases/Sequence Messaging/TC1001: Test Cases/Sequence Messaging/TC1001

2019-04-24 16:11:04 - [TEST_STEP][PASSED] - callTestCase: Call Test Case 'Test Cases/Sequence Messaging/TC0986' successfully

2019-04-24 16:11:05 - [TEST_CASE][PASSED] - Test Cases/Sequence Messaging/TC0986: Test Cases/Sequence Messaging/TC0986

2019-04-24 16:11:05 - [TEST_STEP][PASSED] - callTestCase: Call Test Case 'Test Cases/Sequence Messaging/TC0980' successfully

2019-04-24 16:11:05 - [TEST_CASE][PASSED] - Test Cases/Sequence Messaging/TC0980: Test Cases/Sequence Messaging/TC0980

2019-04-24 16:11:05 - [TEST_STEP][PASSED] - callTestCase: Call Test Case 'Test Cases/Sequence Messaging/Go_to_Seq_Messaging' successfully

2019-04-24 16:11:05 - [TEST_CASE][PASSED] - Test Cases/Sequence Messaging/Go_to_Seq_Messaging: Test Cases/Sequence Messaging/Go_to_Seq_Messaging

2019-04-24 16:11:05 - [TEST_STEP][PASSED] - callTestCase: Call Test Case 'Test Cases/Sequence Messaging/Login' successfully

2019-04-24 16:11:05 - [TEST_CASE][PASSED] - Test Cases/Sequence Messaging/Login: Test Cases/Sequence Messaging/Login

2019-04-24 16:11:05 - [TEST_STEP][PASSED] - callTestCase: Call Test Case 'Test Cases/s-sidebar_navigation/individualAccount/sequenceMessaging' successfully

2019-04-24 16:11:05 - [TEST_CASE][PASSED] - Test Cases/s-sidebar_navigation/individualAccount/sequenceMessaging: Test Cases/s-sidebar_navigation/individualAccount/sequenceMessaging

2019-04-24 16:11:05 - [TEST_STEP][PASSED] - click: Object: 'Object Repository/Page_KiboPush  Dashboard/span_Autoposting' is clicked on

2019-04-24 16:11:06 - [MESSAGE][PASSED] - Object: 'Object Repository/Page_KiboPush  Dashboard/span_Autoposting' is clicked on

2019-04-24 16:11:06 - [TEST_STEP][PASSED] - delay: Delayed 1 second(s)

2019-04-24 16:11:07 - [MESSAGE][PASSED] - Delayed 1 second(s)

2019-04-24 16:11:07 - [TEST_STEP][PASSED] - click: Object: 'Object Repository/Page_KiboPush  Dashboard/span_Sequence Messaging' is clicked on

2019-04-24 16:11:07 - [MESSAGE][PASSED] - Object: 'Object Repository/Page_KiboPush  Dashboard/span_Sequence Messaging' is clicked on

2019-04-24 16:11:07 - [TEST_STEP][PASSED] - scrollToPosition: Browser is scrolled to position x = 0, y = 0

2019-04-24 16:11:07 - [MESSAGE][PASSED] - Browser is scrolled to position x = 0, y = 0

2019-04-24 16:11:07 - [TEST_STEP][PASSED] - click: Object: 'Object Repository/Page_KiboPush  Sequence Messaging/h3_Sequence Messaging' is clicked on

2019-04-24 16:11:08 - [MESSAGE][PASSED] - Object: 'Object Repository/Page_KiboPush  Sequence Messaging/h3_Sequence Messaging' is clicked on

2019-04-24 16:11:08 - [TEST_STEP][PASSED] - delay: Delayed 1 second(s)

2019-04-24 16:11:09 - [MESSAGE][PASSED] - Delayed 1 second(s)

2019-04-24 16:11:09 - [MESSAGE][PASSED] - Call Test Case 'Test Cases/s-sidebar_navigation/individualAccount/sequenceMessaging' successfully

2019-04-24 16:11:09 - [MESSAGE][PASSED] - Call Test Case 'Test Cases/Sequence Messaging/Login' successfully

2019-04-24 16:11:09 - [MESSAGE][PASSED] - Call Test Case 'Test Cases/Sequence Messaging/Go_to_Seq_Messaging' successfully

2019-04-24 16:11:09 - [TEST_STEP][PASSED] - delay: Delayed 4 second(s)

2019-04-24 16:11:13 - [MESSAGE][PASSED] - Delayed 4 second(s)

2019-04-24 16:11:13 - [MESSAGE][PASSED] - Call Test Case 'Test Cases/Sequence Messaging/TC0980' successfully

2019-04-24 16:11:13 - [TEST_STEP][PASSED] - click: Object: 'Object Repository/Page_KiboPush  Sequence Messaging/span_Edit (1)' is clicked on

2019-04-24 16:11:13 - [MESSAGE][PASSED] - Object: 'Object Repository/Page_KiboPush  Sequence Messaging/span_Edit (1)' is clicked on

2019-04-24 16:11:13 - [TEST_STEP][PASSED] - delay: Delayed 2 second(s)

2019-04-24 16:11:15 - [MESSAGE][PASSED] - Delayed 2 second(s)

2019-04-24 16:11:15 - [TEST_STEP][PASSED] - click: Object: 'Object Repository/Page_KiboPush  Sequence Messaging/Delete Message Icon' is clicked on

2019-04-24 16:11:15 - [MESSAGE][PASSED] - Object: 'Object Repository/Page_KiboPush  Sequence Messaging/Delete Message Icon' is clicked on

2019-04-24 16:11:15 - [TEST_STEP][PASSED] - click: Object: 'Object Repository/Page_KiboPush  Sequence Messaging/button_Delete (3)' is clicked on

2019-04-24 16:11:16 - [MESSAGE][PASSED] - Object: 'Object Repository/Page_KiboPush  Sequence Messaging/button_Delete (3)' is clicked on

2019-04-24 16:11:16 - [TEST_STEP][PASSED] - delay: Delayed 4 second(s)

2019-04-24 16:11:20 - [MESSAGE][PASSED] - Delayed 4 second(s)

2019-04-24 16:11:20 - [TEST_STEP][PASSED] - scrollToPosition: Browser is scrolled to position x = 0, y = 0

2019-04-24 16:11:20 - [MESSAGE][PASSED] - Browser is scrolled to position x = 0, y = 0

2019-04-24 16:11:20 - [TEST_STEP][PASSED] - delay: Delayed 1 second(s)

2019-04-24 16:11:21 - [MESSAGE][PASSED] - Delayed 1 second(s)

2019-04-24 16:11:21 - [TEST_STEP][PASSED] - click: Object: 'Object Repository/Page_KiboPush  Sequence Messaging/button_Add Message (1)' is clicked on

2019-04-24 16:11:21 - [MESSAGE][PASSED] - Object: 'Object Repository/Page_KiboPush  Sequence Messaging/button_Add Message (1)' is clicked on

2019-04-24 16:11:21 - [TEST_STEP][PASSED] - delay: Delayed 2 second(s)

2019-04-24 16:11:23 - [MESSAGE][PASSED] - Delayed 2 second(s)

2019-04-24 16:11:23 - [TEST_STEP][PASSED] - click: Object: 'Object Repository/Page_KiboPush  Sequence Messaging/span_New Message (4)' is clicked on

2019-04-24 16:11:23 - [MESSAGE][PASSED] - Object: 'Object Repository/Page_KiboPush  Sequence Messaging/span_New Message (4)' is clicked on

2019-04-24 16:11:23 - [TEST_STEP][PASSED] - delay: Delayed 3 second(s)

2019-04-24 16:11:26 - [MESSAGE][PASSED] - Delayed 3 second(s)

2019-04-24 16:11:26 - [TEST_STEP][PASSED] - click: Object: 'Object Repository/Page_KiboPush  Edit Message/i_New Message_convoTitle' is clicked on

2019-04-24 16:11:27 - [MESSAGE][PASSED] - Object: 'Object Repository/Page_KiboPush  Edit Message/i_New Message_convoTitle' is clicked on

2019-04-24 16:11:27 - [TEST_STEP][PASSED] - delay: Delayed 2 second(s)

2019-04-24 16:11:29 - [MESSAGE][PASSED] - Delayed 2 second(s)

2019-04-24 16:11:29 - [TEST_STEP][PASSED] - setText: Text 'Message1' is set on object 'Object Repository/Page_KiboPush  Edit Message/input_Rename_form-control'

2019-04-24 16:11:29 - [MESSAGE][PASSED] - Text 'Message1' is set on object 'Object Repository/Page_KiboPush  Edit Message/input_Rename_form-control'

2019-04-24 16:11:29 - [TEST_STEP][PASSED] - scrollToElement: Scroll to object 'Object Repository/Page_KiboPush  Edit Message/div_View Facebook guidelines r' successfully

2019-04-24 16:11:29 - [MESSAGE][PASSED] - Scroll to object 'Object Repository/Page_KiboPush  Edit Message/div_View Facebook guidelines r' successfully

2019-04-24 16:11:29 - [TEST_STEP][PASSED] - click: Object: 'Object Repository/Page_KiboPush  Edit Message/button_Save' is clicked on

2019-04-24 16:11:29 - [MESSAGE][PASSED] - Object: 'Object Repository/Page_KiboPush  Edit Message/button_Save' is clicked on

2019-04-24 16:11:29 - [TEST_STEP][PASSED] - delay: Delayed 3 second(s)

2019-04-24 16:11:32 - [MESSAGE][PASSED] - Delayed 3 second(s)

2019-04-24 16:11:32 - [TEST_STEP][PASSED] - click: Object: 'Object Repository/Page_KiboPush  Edit Message/div_Text' is clicked on

2019-04-24 16:11:32 - [MESSAGE][PASSED] - Object: 'Object Repository/Page_KiboPush  Edit Message/div_Text' is clicked on

2019-04-24 16:11:32 - [TEST_STEP][PASSED] - setText: Text 'Text1' is set on object 'Object Repository/Page_KiboPush  Edit Message/Set Text Component'

2019-04-24 16:11:33 - [MESSAGE][PASSED] - Text 'Text1' is set on object 'Object Repository/Page_KiboPush  Edit Message/Set Text Component'

2019-04-24 16:11:33 - [TEST_STEP][PASSED] - click: Object: 'Object Repository/Page_KiboPush  Edit Message/button_Save_1' is clicked on

2019-04-24 16:11:33 - [MESSAGE][PASSED] - Object: 'Object Repository/Page_KiboPush  Edit Message/button_Save_1' is clicked on

2019-04-24 16:11:33 - [TEST_STEP][PASSED] - scrollToPosition: Browser is scrolled to position x = 0, y = 0

2019-04-24 16:11:33 - [MESSAGE][PASSED] - Browser is scrolled to position x = 0, y = 0

2019-04-24 16:11:33 - [TEST_STEP][PASSED] - click: Object: 'Object Repository/Page_KiboPush  Edit Message/a_Back' is clicked on

2019-04-24 16:11:34 - [MESSAGE][PASSED] - Object: 'Object Repository/Page_KiboPush  Edit Message/a_Back' is clicked on

2019-04-24 16:11:34 - [MESSAGE][PASSED] - Call Test Case 'Test Cases/Sequence Messaging/TC0986' successfully

2019-04-24 16:11:34 - [TEST_STEP][PASSED] - click: Object: 'Object Repository/Page_KiboPush  Sequence Messaging/span_-- Edit (7)' is clicked on

2019-04-24 16:11:34 - [MESSAGE][PASSED] - Object: 'Object Repository/Page_KiboPush  Sequence Messaging/span_-- Edit (7)' is clicked on

2019-04-24 16:11:34 - [TEST_STEP][PASSED] - selectOptionByValue: All options with value 'sees' are selected in object 'Object Repository/Page_KiboPush  Sequence Messaging/select_Select Event seesclicks (2)'  using regular expression

2019-04-24 16:11:35 - [MESSAGE][PASSED] - All options with value 'sees' are selected in object 'Object Repository/Page_KiboPush  Sequence Messaging/select_Select Event seesclicks (2)'  using regular expression]]></system-out>
         <system-err><![CDATA[]]></system-err>
      </testcase>
      <system-out><![CDATA[2019-04-24 16:08:59 - [TEST_SUITE][PASSED] - seq_message: Test Cases/Sequence Messaging/TC1001]]></system-out>
      <system-err><![CDATA[]]></system-err>
   </testsuite>
</testsuites>
