<?xml version="1.0" encoding="UTF-8"?>
<testsuites name="Message Us" time="65" tests="8" failures="0" errors="0">
   <testsuite name="Message Us" tests="8" failures="0" errors="0" time="65" timestamp="2019-04-21 06:59:00" hostname="faizan - faizan-HP-EliteBook-850-G2" id="Test Suites/Faizan Suits/Message Us">
      <properties>
         <property name="deviceName" value=""/>
         <property name="devicePlatform" value=""/>
         <property name="logFolder" value="/home/faizan/Drive/KiboPush_Automated_Testing/KiboPush Katalon/Reports/Faizan Suits/Message Us/20190421_065840"/>
         <property name="logFiles" value="/home/faizan/Drive/KiboPush_Automated_Testing/KiboPush Katalon/Reports/Faizan Suits/Message Us/20190421_065840/execution0.log"/>
         <property name="attachments" value=""/>
         <property name="hostName" value="faizan - faizan-HP-EliteBook-850-G2"/>
         <property name="os" value="Linux 64bit"/>
         <property name="katalonVersion" value="6.1.2.2"/>
         <property name="browser" value="Chrome 73.0.3683.103"/>
         <property name="hostAddress" value="127.0.1.1"/>
         <property name="sessionId" value="32129c8fdbd61e379220b5fe6bba3e4f"/>
         <property name="seleniumVersion" value="3.7.1"/>
         <property name="proxyInformation" value="ProxyInformation{proxyOption=NO_PROXY, proxyServerType=HTTP, password=, proxyServerAddress=, proxyServerPort=0}"/>
         <property name="platform" value="Linux"/>
      </properties>
      <testcase name="Test Cases/s-sidebar_navigation/individualAccount/Faizan_production_login_kiboengage" classname="Test Cases/s-sidebar_navigation/individualAccount/Faizan_production_login_kiboengage" status="PASSED">
         <system-out><![CDATA[2019-04-21 06:59:00 - [TEST_CASE][PASSED] - Test Cases/s-sidebar_navigation/individualAccount/Faizan_production_login_kiboengage: Test Cases/s-sidebar_navigation/individualAccount/Faizan_production_login_kiboengage

2019-04-21 06:59:01 - [TEST_STEP][PASSED] - openBrowser(""): Browser is opened with url: ''

2019-04-21 06:59:01 - [MESSAGE][INFO] - Starting 'Chrome' driver

2019-04-21 06:59:01 - [MESSAGE][INFO] - User set preference: ['args', '[--no-sandbox]']

2019-04-21 06:59:01 - [MESSAGE][INFO] - Action delay is set to 0 seconds

2019-04-21 06:59:06 - [MESSAGE][PASSED] - Browser is opened with url: ''

2019-04-21 06:59:06 - [TEST_STEP][PASSED] - maximizeWindow(): Current window maximized

2019-04-21 06:59:07 - [MESSAGE][PASSED] - Current window maximized

2019-04-21 06:59:07 - [TEST_STEP][PASSED] - navigateToUrl("https://kiboengage.cloudkibo.com/"): Navigate to 'https://kiboengage.cloudkibo.com/' successfully

2019-04-21 06:59:14 - [MESSAGE][PASSED] - Navigate to 'https://kiboengage.cloudkibo.com/' successfully

2019-04-21 06:59:14 - [TEST_STEP][PASSED] - navigateToUrl("https://accounts.cloudkibo.com/?continue=https://kiboengage.cloudkibo.com"): Navigate to 'https://accounts.cloudkibo.com/?continue=https://kiboengage.cloudkibo.com' successfully

2019-04-21 06:59:15 - [MESSAGE][PASSED] - Navigate to 'https://accounts.cloudkibo.com/?continue=https://kiboengage.cloudkibo.com' successfully

2019-04-21 06:59:15 - [TEST_STEP][PASSED] - click(findTestObject("Page_CloudKibo/a_Login (2) (1) (1)")): Object: 'Object Repository/Page_CloudKibo/a_Login (2) (1) (1)' is clicked on

2019-04-21 06:59:16 - [MESSAGE][PASSED] - Object: 'Object Repository/Page_CloudKibo/a_Login (2) (1) (1)' is clicked on

2019-04-21 06:59:16 - [TEST_STEP][PASSED] - setText(findTestObject("Page_KiboPush/input_email (10) (1) (1)"), "faizan@cloudkibo.com"): Text 'faizan@cloudkibo.com' is set on object 'Object Repository/Page_KiboPush/input_email (10) (1) (1)'

2019-04-21 06:59:16 - [MESSAGE][PASSED] - Text 'faizan@cloudkibo.com' is set on object 'Object Repository/Page_KiboPush/input_email (10) (1) (1)'

2019-04-21 06:59:16 - [TEST_STEP][PASSED] - setEncryptedText(findTestObject("Page_CloudKibo/input_Sign In_password (7)"), "qeJ0sjJnwEs="): Text ****** has been set on object 'Object Repository/Page_CloudKibo/input_Sign In_password (7)'

2019-04-21 06:59:16 - [MESSAGE][PASSED] - Text ****** has been set on object 'Object Repository/Page_CloudKibo/input_Sign In_password (7)'

2019-04-21 06:59:17 - [TEST_STEP][PASSED] - click(findTestObject("Page_KiboPush/button_Sign In (10) (1) (2)")): Object: 'Object Repository/Page_KiboPush/button_Sign In (10) (1) (2)' is clicked on

2019-04-21 06:59:17 - [MESSAGE][PASSED] - Object: 'Object Repository/Page_KiboPush/button_Sign In (10) (1) (2)' is clicked on

2019-04-21 06:59:17 - [TEST_STEP][PASSED] - navigateToUrl("https://kiboengage.cloudkibo.com/dashboard"): Navigate to 'https://kiboengage.cloudkibo.com/dashboard' successfully

2019-04-21 06:59:51 - [MESSAGE][PASSED] - Navigate to 'https://kiboengage.cloudkibo.com/dashboard' successfully

2019-04-21 06:59:51 - [TEST_STEP][PASSED] - click(findTestObject("Page_KiboPush  Dashboard/h3_Dashboard (57)")): Object: 'Object Repository/Page_KiboPush  Dashboard/h3_Dashboard (57)' is clicked on

2019-04-21 06:59:52 - [MESSAGE][PASSED] - Object: 'Object Repository/Page_KiboPush  Dashboard/h3_Dashboard (57)' is clicked on

2019-04-21 06:59:52 - [TEST_STEP][PASSED] - delay(3): Delayed 3 second(s)

2019-04-21 06:59:55 - [MESSAGE][PASSED] - Delayed 3 second(s)

2019-04-21 06:59:55 - [TEST_STEP][PASSED] - click(findTestObject("Page_KiboEngage  Dashboard/a_SMS (2) (1) (1) (1) (3)")): Object: 'Object Repository/Page_KiboEngage  Dashboard/a_SMS (2) (1) (1) (1) (3)' is clicked on

2019-04-21 06:59:55 - [MESSAGE][PASSED] - Object: 'Object Repository/Page_KiboEngage  Dashboard/a_SMS (2) (1) (1) (1) (3)' is clicked on

2019-04-21 06:59:55 - [TEST_STEP][PASSED] - click(findTestObject("Page_KiboEngage  Dashboard/span_Messenger (1) (1) (1) (3)")): Object: 'Object Repository/Page_KiboEngage  Dashboard/span_Messenger (1) (1) (1) (3)' is clicked on

2019-04-21 06:59:55 - [MESSAGE][PASSED] - Object: 'Object Repository/Page_KiboEngage  Dashboard/span_Messenger (1) (1) (1) (3)' is clicked on]]></system-out>
         <system-err><![CDATA[]]></system-err>
      </testcase>
      <testcase name="Test Cases/Invite subscribers/open growth tools" classname="Test Cases/Invite subscribers/open growth tools" status="PASSED">
         <system-out><![CDATA[2019-04-21 06:59:55 - [TEST_CASE][PASSED] - Test Cases/Invite subscribers/open growth tools: Test Cases/Invite subscribers/open growth tools

2019-04-21 06:59:55 - [TEST_STEP][PASSED] - click(findTestObject("Object Repository/Page_KiboPush  Dashboard/span_Growth Tools (3)")): Object: 'Object Repository/Page_KiboPush  Dashboard/span_Growth Tools (3)' is clicked on

2019-04-21 06:59:56 - [MESSAGE][PASSED] - Object: 'Object Repository/Page_KiboPush  Dashboard/span_Growth Tools (3)' is clicked on

2019-04-21 06:59:56 - [TEST_STEP][PASSED] - delay(1): Delayed 1 second(s)

2019-04-21 06:59:57 - [MESSAGE][PASSED] - Delayed 1 second(s)]]></system-out>
         <system-err><![CDATA[]]></system-err>
      </testcase>
      <testcase name="Test Cases/Message Us/TC11016" classname="Test Cases/Message Us/TC11016" status="PASSED">
         <system-out><![CDATA[2019-04-21 06:59:57 - [TEST_CASE][PASSED] - Test Cases/Message Us/TC11016: Test Cases/Message Us/TC11016

2019-04-21 06:59:57 - [TEST_STEP][PASSED] - callTestCase(findTestCase("s-sidebar_navigation/individualAccount/Message Us"), [:], STOP_ON_FAILURE): Call Test Case 'Test Cases/s-sidebar_navigation/individualAccount/Message Us' successfully

2019-04-21 06:59:57 - [TEST_CASE][PASSED] - Test Cases/s-sidebar_navigation/individualAccount/Message Us: Test Cases/s-sidebar_navigation/individualAccount/Message Us

2019-04-21 06:59:58 - [TEST_STEP][PASSED] - click(findTestObject("Page_KiboEngage  Dashboard/span_Invite Subscribers (1)")): Object: 'Object Repository/Page_KiboEngage  Dashboard/span_Invite Subscribers (1)' is clicked on

2019-04-21 06:59:58 - [MESSAGE][PASSED] - Object: 'Object Repository/Page_KiboEngage  Dashboard/span_Invite Subscribers (1)' is clicked on

2019-04-21 06:59:58 - [TEST_STEP][PASSED] - delay(1): Delayed 1 second(s)

2019-04-21 06:59:59 - [MESSAGE][PASSED] - Delayed 1 second(s)

2019-04-21 06:59:59 - [MESSAGE][PASSED] - Call Test Case 'Test Cases/s-sidebar_navigation/individualAccount/Message Us' successfully]]></system-out>
         <system-err><![CDATA[]]></system-err>
      </testcase>
      <testcase name="Test Cases/Message Us/TC11021" classname="Test Cases/Message Us/TC11021" status="PASSED">
         <system-out><![CDATA[2019-04-21 06:59:59 - [TEST_CASE][PASSED] - Test Cases/Message Us/TC11021: Test Cases/Message Us/TC11021

2019-04-21 06:59:59 - [TEST_STEP][PASSED] - callTestCase(findTestCase("s-sidebar_navigation/individualAccount/Message Us"), [:], STOP_ON_FAILURE): Call Test Case 'Test Cases/s-sidebar_navigation/individualAccount/Message Us' successfully

2019-04-21 06:59:59 - [TEST_CASE][PASSED] - Test Cases/s-sidebar_navigation/individualAccount/Message Us: Test Cases/s-sidebar_navigation/individualAccount/Message Us

2019-04-21 06:59:59 - [TEST_STEP][PASSED] - click(findTestObject("Page_KiboEngage  Dashboard/span_Invite Subscribers (1)")): Object: 'Object Repository/Page_KiboEngage  Dashboard/span_Invite Subscribers (1)' is clicked on

2019-04-21 06:59:59 - [MESSAGE][PASSED] - Object: 'Object Repository/Page_KiboEngage  Dashboard/span_Invite Subscribers (1)' is clicked on

2019-04-21 06:59:59 - [TEST_STEP][PASSED] - delay(1): Delayed 1 second(s)

2019-04-21 07:00:00 - [MESSAGE][PASSED] - Delayed 1 second(s)

2019-04-21 07:00:00 - [MESSAGE][PASSED] - Call Test Case 'Test Cases/s-sidebar_navigation/individualAccount/Message Us' successfully]]></system-out>
         <system-err><![CDATA[]]></system-err>
      </testcase>
      <testcase name="Test Cases/Message Us/TC11017" classname="Test Cases/Message Us/TC11017" status="PASSED">
         <system-out><![CDATA[2019-04-21 07:00:00 - [TEST_CASE][PASSED] - Test Cases/Message Us/TC11017: Test Cases/Message Us/TC11017

2019-04-21 07:00:00 - [TEST_STEP][PASSED] - callTestCase(findTestCase("s-sidebar_navigation/individualAccount/Message Us"), [:], STOP_ON_FAILURE): Call Test Case 'Test Cases/s-sidebar_navigation/individualAccount/Message Us' successfully

2019-04-21 07:00:00 - [TEST_CASE][PASSED] - Test Cases/s-sidebar_navigation/individualAccount/Message Us: Test Cases/s-sidebar_navigation/individualAccount/Message Us

2019-04-21 07:00:00 - [TEST_STEP][PASSED] - click(findTestObject("Page_KiboEngage  Dashboard/span_Invite Subscribers (1)")): Object: 'Object Repository/Page_KiboEngage  Dashboard/span_Invite Subscribers (1)' is clicked on

2019-04-21 07:00:01 - [MESSAGE][PASSED] - Object: 'Object Repository/Page_KiboEngage  Dashboard/span_Invite Subscribers (1)' is clicked on

2019-04-21 07:00:01 - [TEST_STEP][PASSED] - delay(1): Delayed 1 second(s)

2019-04-21 07:00:02 - [MESSAGE][PASSED] - Delayed 1 second(s)

2019-04-21 07:00:02 - [MESSAGE][PASSED] - Call Test Case 'Test Cases/s-sidebar_navigation/individualAccount/Message Us' successfully]]></system-out>
         <system-err><![CDATA[]]></system-err>
      </testcase>
      <testcase name="Test Cases/Message Us/TC11018" classname="Test Cases/Message Us/TC11018" status="PASSED">
         <system-out><![CDATA[2019-04-21 07:00:02 - [TEST_CASE][PASSED] - Test Cases/Message Us/TC11018: Test Cases/Message Us/TC11018

2019-04-21 07:00:02 - [TEST_STEP][PASSED] - callTestCase(findTestCase("s-sidebar_navigation/individualAccount/Message Us"), [:], STOP_ON_FAILURE): Call Test Case 'Test Cases/s-sidebar_navigation/individualAccount/Message Us' successfully

2019-04-21 07:00:02 - [TEST_CASE][PASSED] - Test Cases/s-sidebar_navigation/individualAccount/Message Us: Test Cases/s-sidebar_navigation/individualAccount/Message Us

2019-04-21 07:00:02 - [TEST_STEP][PASSED] - click(findTestObject("Page_KiboEngage  Dashboard/span_Invite Subscribers (1)")): Object: 'Object Repository/Page_KiboEngage  Dashboard/span_Invite Subscribers (1)' is clicked on

2019-04-21 07:00:02 - [MESSAGE][PASSED] - Object: 'Object Repository/Page_KiboEngage  Dashboard/span_Invite Subscribers (1)' is clicked on

2019-04-21 07:00:02 - [TEST_STEP][PASSED] - delay(1): Delayed 1 second(s)

2019-04-21 07:00:03 - [MESSAGE][PASSED] - Delayed 1 second(s)

2019-04-21 07:00:03 - [MESSAGE][PASSED] - Call Test Case 'Test Cases/s-sidebar_navigation/individualAccount/Message Us' successfully]]></system-out>
         <system-err><![CDATA[]]></system-err>
      </testcase>
      <testcase name="Test Cases/Message Us/TC11019" classname="Test Cases/Message Us/TC11019" status="PASSED">
         <system-out><![CDATA[2019-04-21 07:00:03 - [TEST_CASE][PASSED] - Test Cases/Message Us/TC11019: Test Cases/Message Us/TC11019

2019-04-21 07:00:03 - [TEST_STEP][PASSED] - callTestCase(findTestCase("s-sidebar_navigation/individualAccount/Message Us"), [:], STOP_ON_FAILURE): Call Test Case 'Test Cases/s-sidebar_navigation/individualAccount/Message Us' successfully

2019-04-21 07:00:03 - [TEST_CASE][PASSED] - Test Cases/s-sidebar_navigation/individualAccount/Message Us: Test Cases/s-sidebar_navigation/individualAccount/Message Us

2019-04-21 07:00:03 - [TEST_STEP][PASSED] - click(findTestObject("Page_KiboEngage  Dashboard/span_Invite Subscribers (1)")): Object: 'Object Repository/Page_KiboEngage  Dashboard/span_Invite Subscribers (1)' is clicked on

2019-04-21 07:00:03 - [MESSAGE][PASSED] - Object: 'Object Repository/Page_KiboEngage  Dashboard/span_Invite Subscribers (1)' is clicked on

2019-04-21 07:00:03 - [TEST_STEP][PASSED] - delay(1): Delayed 1 second(s)

2019-04-21 07:00:04 - [MESSAGE][PASSED] - Delayed 1 second(s)

2019-04-21 07:00:04 - [MESSAGE][PASSED] - Call Test Case 'Test Cases/s-sidebar_navigation/individualAccount/Message Us' successfully]]></system-out>
         <system-err><![CDATA[]]></system-err>
      </testcase>
      <testcase name="Test Cases/Message Us/TC11020" classname="Test Cases/Message Us/TC11020" status="PASSED">
         <system-out><![CDATA[2019-04-21 07:00:04 - [TEST_CASE][PASSED] - Test Cases/Message Us/TC11020: Test Cases/Message Us/TC11020

2019-04-21 07:00:04 - [TEST_STEP][PASSED] - callTestCase(findTestCase("s-sidebar_navigation/individualAccount/Message Us"), [:], STOP_ON_FAILURE): Call Test Case 'Test Cases/s-sidebar_navigation/individualAccount/Message Us' successfully

2019-04-21 07:00:04 - [TEST_CASE][PASSED] - Test Cases/s-sidebar_navigation/individualAccount/Message Us: Test Cases/s-sidebar_navigation/individualAccount/Message Us

2019-04-21 07:00:05 - [TEST_STEP][PASSED] - click(findTestObject("Page_KiboEngage  Dashboard/span_Invite Subscribers (1)")): Object: 'Object Repository/Page_KiboEngage  Dashboard/span_Invite Subscribers (1)' is clicked on

2019-04-21 07:00:05 - [MESSAGE][PASSED] - Object: 'Object Repository/Page_KiboEngage  Dashboard/span_Invite Subscribers (1)' is clicked on

2019-04-21 07:00:05 - [TEST_STEP][PASSED] - delay(1): Delayed 1 second(s)

2019-04-21 07:00:06 - [MESSAGE][PASSED] - Delayed 1 second(s)

2019-04-21 07:00:06 - [MESSAGE][PASSED] - Call Test Case 'Test Cases/s-sidebar_navigation/individualAccount/Message Us' successfully]]></system-out>
         <system-err><![CDATA[]]></system-err>
      </testcase>
      <system-out><![CDATA[2019-04-21 06:59:00 - [TEST_SUITE][PASSED] - Message Us: Test Cases/Message Us/TC11020]]></system-out>
      <system-err><![CDATA[]]></system-err>
   </testsuite>
</testsuites>
