<?xml version="1.0" encoding="UTF-8"?>
<testsuites name="operationalDashboard" time="80" tests="3" failures="0" errors="0">
   <testsuite name="operationalDashboard" tests="3" failures="0" errors="0" time="80" timestamp="2019-04-25 16:07:55" hostname="cloudkibo - 10.0.2.15" id="Test Suites/operationalDashboard">
      <properties>
         <property name="deviceName" value=""/>
         <property name="devicePlatform" value=""/>
         <property name="logFolder" value="C:\\Users\\cloudkibo\\Desktop\\KiboPush_Automated_Testing\\KiboPush Katalon\\Reports\\operationalDashboard\\20190425_160752"/>
         <property name="logFiles" value="C:\\Users\\cloudkibo\\Desktop\\KiboPush_Automated_Testing\\KiboPush Katalon\\Reports\\operationalDashboard\\20190425_160752\\execution0.log"/>
         <property name="attachments" value=""/>
         <property name="hostName" value="cloudkibo - 10.0.2.15"/>
         <property name="os" value="Windows 10 64bit"/>
         <property name="katalonVersion" value="5.6.0.1"/>
         <property name="browser" value="Chrome 73.0.3683.103"/>
         <property name="hostAddress" value="10.0.2.15"/>
         <property name="sessionId" value="11eb48e4bc89acccb95a080aab6c0005"/>
         <property name="seleniumVersion" value="3.7.1"/>
         <property name="proxyInformation" value="ProxyInformation{proxyOption=NO_PROXY, proxyServerType=HTTP, password=, proxyServerAddress=, proxyServerPort=0}"/>
         <property name="platform" value="Windows 10"/>
      </properties>
      <testcase name="Test Cases/s-sidebar_navigation/individualAccount/arveen_production_login_kiboengage" classname="Test Cases/s-sidebar_navigation/individualAccount/arveen_production_login_kiboengage" status="PASSED">
         <system-out><![CDATA[2019-04-25 16:07:57 - [TEST_CASE][PASSED] - Test Cases/s-sidebar_navigation/individualAccount/arveen_production_login_kiboengage: Test Cases/s-sidebar_navigation/individualAccount/arveen_production_login_kiboengage

2019-04-25 16:07:58 - [TEST_STEP][PASSED] - openBrowser: Browser is opened with url: ''

2019-04-25 16:08:03 - [MESSAGE][PASSED] - Browser is opened with url: ''

2019-04-25 16:08:03 - [TEST_STEP][PASSED] - maximizeWindow: Current window maximized

2019-04-25 16:08:05 - [MESSAGE][PASSED] - Current window maximized

2019-04-25 16:08:05 - [TEST_STEP][PASSED] - navigateToUrl: Navigate to 'https://kiboengage.cloudkibo.com/' successfully

2019-04-25 16:08:15 - [MESSAGE][PASSED] - Navigate to 'https://kiboengage.cloudkibo.com/' successfully

2019-04-25 16:08:15 - [TEST_STEP][PASSED] - navigateToUrl: Navigate to 'https://accounts.cloudkibo.com/?continue=https://kiboengage.cloudkibo.com' successfully

2019-04-25 16:08:16 - [MESSAGE][PASSED] - Navigate to 'https://accounts.cloudkibo.com/?continue=https://kiboengage.cloudkibo.com' successfully

2019-04-25 16:08:16 - [TEST_STEP][PASSED] - click: Object: 'Object Repository/Page_CloudKibo/a_Login (2) (1) (1)' is clicked on

2019-04-25 16:08:17 - [MESSAGE][PASSED] - Object: 'Object Repository/Page_CloudKibo/a_Login (2) (1) (1)' is clicked on

2019-04-25 16:08:17 - [TEST_STEP][PASSED] - setText: Text 'individual@cloudkibo.com' is set on object 'Object Repository/Page_KiboPush/input_email (10) (1) (1)'

2019-04-25 16:08:18 - [MESSAGE][PASSED] - Text 'individual@cloudkibo.com' is set on object 'Object Repository/Page_KiboPush/input_email (10) (1) (1)'

2019-04-25 16:08:18 - [TEST_STEP][PASSED] - setEncryptedText: Text ****** has been set on object 'Object Repository/Page_CloudKibo/input_Sign In_password (7)'

2019-04-25 16:08:18 - [MESSAGE][PASSED] - Text ****** has been set on object 'Object Repository/Page_CloudKibo/input_Sign In_password (7)'

2019-04-25 16:08:18 - [TEST_STEP][PASSED] - click: Object: 'Object Repository/Page_KiboPush/button_Sign In (10) (1) (2)' is clicked on

2019-04-25 16:08:18 - [MESSAGE][PASSED] - Object: 'Object Repository/Page_KiboPush/button_Sign In (10) (1) (2)' is clicked on

2019-04-25 16:08:18 - [TEST_STEP][PASSED] - click: Object: 'Object Repository/Page_KiboPush  Dashboard/h3_Dashboard (57)' is clicked on

2019-04-25 16:08:38 - [MESSAGE][PASSED] - Object: 'Object Repository/Page_KiboPush  Dashboard/h3_Dashboard (57)' is clicked on

2019-04-25 16:08:38 - [TEST_STEP][PASSED] - delay: Delayed 3 second(s)

2019-04-25 16:08:41 - [MESSAGE][PASSED] - Delayed 3 second(s)

2019-04-25 16:08:41 - [TEST_STEP][PASSED] - click: Object: 'Object Repository/Page_KiboEngage  Dashboard/a_SMS (2) (1) (1) (1) (3)' is clicked on

2019-04-25 16:08:41 - [MESSAGE][PASSED] - Object: 'Object Repository/Page_KiboEngage  Dashboard/a_SMS (2) (1) (1) (1) (3)' is clicked on

2019-04-25 16:08:41 - [TEST_STEP][PASSED] - delay: Delayed 2 second(s)

2019-04-25 16:08:43 - [MESSAGE][PASSED] - Delayed 2 second(s)

2019-04-25 16:08:43 - [TEST_STEP][PASSED] - click: Object: 'Object Repository/Page_KiboEngage  Dashboard/span_Messenger (1) (1) (1) (3)' is clicked on

2019-04-25 16:08:43 - [MESSAGE][PASSED] - Object: 'Object Repository/Page_KiboEngage  Dashboard/span_Messenger (1) (1) (1) (3)' is clicked on

2019-04-25 16:08:43 - [TEST_STEP][PASSED] - delay: Delayed 2 second(s)

2019-04-25 16:08:45 - [MESSAGE][PASSED] - Delayed 2 second(s)]]></system-out>
         <system-err><![CDATA[]]></system-err>
      </testcase>
      <testcase name="Test Cases/Operational_Dashboard/180" classname="Test Cases/Operational_Dashboard/180" status="PASSED">
         <system-out><![CDATA[2019-04-25 16:08:45 - [TEST_CASE][PASSED] - Test Cases/Operational_Dashboard/180: Test Cases/Operational_Dashboard/180

2019-04-25 16:08:46 - [TEST_STEP][PASSED] - callTestCase: Call Test Case 'Test Cases/Operational_Dashboard/177' successfully

2019-04-25 16:08:46 - [TEST_CASE][PASSED] - Test Cases/Operational_Dashboard/177: Test Cases/Operational_Dashboard/177

2019-04-25 16:08:47 - [TEST_STEP][PASSED] - callTestCase: Call Test Case 'Test Cases/Operational_Dashboard/Login' successfully

2019-04-25 16:08:47 - [TEST_CASE][PASSED] - Test Cases/Operational_Dashboard/Login: Test Cases/Operational_Dashboard/Login

2019-04-25 16:08:47 - [TEST_STEP][PASSED] - callTestCase: Call Test Case 'Test Cases/s-sidebar_navigation/individualAccount/operationalDashboard' successfully

2019-04-25 16:08:47 - [TEST_CASE][PASSED] - Test Cases/s-sidebar_navigation/individualAccount/operationalDashboard: Test Cases/s-sidebar_navigation/individualAccount/operationalDashboard

2019-04-25 16:08:47 - [TEST_STEP][PASSED] - click: Object: 'Object Repository/Page_KiboEngage  Subscribers/span_Subscribers' is clicked on

2019-04-25 16:08:48 - [MESSAGE][PASSED] - Object: 'Object Repository/Page_KiboEngage  Subscribers/span_Subscribers' is clicked on

2019-04-25 16:08:48 - [TEST_STEP][PASSED] - click: Object: 'Object Repository/Page_KiboEngage  Subscribers/span_Operational Dashboard (1)' is clicked on

2019-04-25 16:08:48 - [MESSAGE][PASSED] - Object: 'Object Repository/Page_KiboEngage  Subscribers/span_Operational Dashboard (1)' is clicked on

2019-04-25 16:08:48 - [TEST_STEP][PASSED] - scrollToPosition: Browser is scrolled to position x = 0, y = 0

2019-04-25 16:08:48 - [MESSAGE][PASSED] - Browser is scrolled to position x = 0, y = 0

2019-04-25 16:08:48 - [TEST_STEP][PASSED] - click: Object: 'Object Repository/Page_KiboEngage  Operational Dashbo/h3_Pages Info (4)' is clicked on

2019-04-25 16:08:50 - [MESSAGE][PASSED] - Object: 'Object Repository/Page_KiboEngage  Operational Dashbo/h3_Pages Info (4)' is clicked on

2019-04-25 16:08:50 - [MESSAGE][PASSED] - Call Test Case 'Test Cases/s-sidebar_navigation/individualAccount/operationalDashboard' successfully

2019-04-25 16:08:50 - [MESSAGE][PASSED] - Call Test Case 'Test Cases/Operational_Dashboard/Login' successfully

2019-04-25 16:08:50 - [TEST_STEP][PASSED] - Statement - driver = com.kms.katalon.core.webui.driver.DriverFactory.getWebDriver(): null

2019-04-25 16:08:50 - [TEST_STEP][PASSED] - Statement - popup_survey = driver.findElement(org.openqa.selenium.By.xpath("//*[@id="content"]/div/div/div/div[2]/div[3]/div[6]/div/div/div/div[2]/ul/li[3]")): null

2019-04-25 16:08:50 - [TEST_STEP][PASSED] - Statement - popup_survey.click(): null

2019-04-25 16:08:51 - [TEST_STEP][PASSED] - delay: Delayed 5 second(s)

2019-04-25 16:08:56 - [MESSAGE][PASSED] - Delayed 5 second(s)

2019-04-25 16:08:56 - [TEST_STEP][PASSED] - Statement - rows_table = driver.findElements(org.openqa.selenium.By.xpath("//*[@id="content"]/div/div/div/div[2]/div[3]/div[6]/div/div/div[2]/div/div/div[2]/table/tbody/tr")): null

2019-04-25 16:08:56 - [TEST_STEP][PASSED] - Statement - rows_count = rows_table.size(): null

2019-04-25 16:08:56 - [TEST_STEP][PASSED] - verifyGreaterThanOrEqual: Actual number '10' is greater than or equal to expected number '1'

2019-04-25 16:08:56 - [MESSAGE][PASSED] - Actual number '10' is greater than or equal to expected number '1'

2019-04-25 16:08:56 - [MESSAGE][PASSED] - Call Test Case 'Test Cases/Operational_Dashboard/177' successfully

2019-04-25 16:08:56 - [TEST_STEP][PASSED] - Statement - driver = com.kms.katalon.core.webui.driver.DriverFactory.getWebDriver(): null

2019-04-25 16:08:56 - [TEST_STEP][PASSED] - Statement - next = driver.findElement(org.openqa.selenium.By.xpath("//*[@id="content"]/div/div/div/div[2]/div[3]/div[6]/div/div/div[2]/div/div/div[2]/ul/li[3]/a")): null

2019-04-25 16:08:56 - [TEST_STEP][PASSED] - Statement - next.click(): null

2019-04-25 16:08:56 - [TEST_STEP][PASSED] - delay: Delayed 5 second(s)

2019-04-25 16:09:01 - [MESSAGE][PASSED] - Delayed 5 second(s)

2019-04-25 16:09:01 - [TEST_STEP][PASSED] - Statement - rows_table = driver.findElements(org.openqa.selenium.By.xpath("//*[@id="content"]/div/div/div/div[2]/div[3]/div[6]/div/div/div[2]/div/div/div[2]/table/tbody/tr")): null

2019-04-25 16:09:01 - [TEST_STEP][PASSED] - Statement - rows_count = rows_table.size(): null

2019-04-25 16:09:01 - [TEST_STEP][PASSED] - verifyGreaterThanOrEqual: Actual number '10' is greater than or equal to expected number '1'

2019-04-25 16:09:01 - [MESSAGE][PASSED] - Actual number '10' is greater than or equal to expected number '1']]></system-out>
         <system-err><![CDATA[]]></system-err>
      </testcase>
      <testcase name="Test Cases/Operational_Dashboard/181" classname="Test Cases/Operational_Dashboard/181" status="PASSED">
         <system-out><![CDATA[2019-04-25 16:09:01 - [TEST_CASE][PASSED] - Test Cases/Operational_Dashboard/181: Test Cases/Operational_Dashboard/181

2019-04-25 16:09:02 - [TEST_STEP][PASSED] - callTestCase: Call Test Case 'Test Cases/Operational_Dashboard/177' successfully

2019-04-25 16:09:02 - [TEST_CASE][PASSED] - Test Cases/Operational_Dashboard/177: Test Cases/Operational_Dashboard/177

2019-04-25 16:09:02 - [TEST_STEP][PASSED] - callTestCase: Call Test Case 'Test Cases/Operational_Dashboard/Login' successfully

2019-04-25 16:09:02 - [TEST_CASE][PASSED] - Test Cases/Operational_Dashboard/Login: Test Cases/Operational_Dashboard/Login

2019-04-25 16:09:02 - [TEST_STEP][PASSED] - callTestCase: Call Test Case 'Test Cases/s-sidebar_navigation/individualAccount/operationalDashboard' successfully

2019-04-25 16:09:02 - [TEST_CASE][PASSED] - Test Cases/s-sidebar_navigation/individualAccount/operationalDashboard: Test Cases/s-sidebar_navigation/individualAccount/operationalDashboard

2019-04-25 16:09:02 - [TEST_STEP][PASSED] - click: Object: 'Object Repository/Page_KiboEngage  Subscribers/span_Subscribers' is clicked on

2019-04-25 16:09:03 - [MESSAGE][PASSED] - Object: 'Object Repository/Page_KiboEngage  Subscribers/span_Subscribers' is clicked on

2019-04-25 16:09:03 - [TEST_STEP][PASSED] - click: Object: 'Object Repository/Page_KiboEngage  Subscribers/span_Operational Dashboard (1)' is clicked on

2019-04-25 16:09:03 - [MESSAGE][PASSED] - Object: 'Object Repository/Page_KiboEngage  Subscribers/span_Operational Dashboard (1)' is clicked on

2019-04-25 16:09:03 - [TEST_STEP][PASSED] - scrollToPosition: Browser is scrolled to position x = 0, y = 0

2019-04-25 16:09:03 - [MESSAGE][PASSED] - Browser is scrolled to position x = 0, y = 0

2019-04-25 16:09:03 - [TEST_STEP][PASSED] - click: Object: 'Object Repository/Page_KiboEngage  Operational Dashbo/h3_Pages Info (4)' is clicked on

2019-04-25 16:09:03 - [MESSAGE][PASSED] - Object: 'Object Repository/Page_KiboEngage  Operational Dashbo/h3_Pages Info (4)' is clicked on

2019-04-25 16:09:03 - [MESSAGE][PASSED] - Call Test Case 'Test Cases/s-sidebar_navigation/individualAccount/operationalDashboard' successfully

2019-04-25 16:09:03 - [MESSAGE][PASSED] - Call Test Case 'Test Cases/Operational_Dashboard/Login' successfully

2019-04-25 16:09:03 - [TEST_STEP][PASSED] - Statement - driver = com.kms.katalon.core.webui.driver.DriverFactory.getWebDriver(): null

2019-04-25 16:09:03 - [TEST_STEP][PASSED] - Statement - popup_survey = driver.findElement(org.openqa.selenium.By.xpath("//*[@id="content"]/div/div/div/div[2]/div[3]/div[6]/div/div/div/div[2]/ul/li[3]")): null

2019-04-25 16:09:03 - [TEST_STEP][PASSED] - Statement - popup_survey.click(): null

2019-04-25 16:09:04 - [TEST_STEP][PASSED] - delay: Delayed 5 second(s)

2019-04-25 16:09:09 - [MESSAGE][PASSED] - Delayed 5 second(s)

2019-04-25 16:09:09 - [TEST_STEP][PASSED] - Statement - rows_table = driver.findElements(org.openqa.selenium.By.xpath("//*[@id="content"]/div/div/div/div[2]/div[3]/div[6]/div/div/div[2]/div/div/div[2]/table/tbody/tr")): null

2019-04-25 16:09:09 - [TEST_STEP][PASSED] - Statement - rows_count = rows_table.size(): null

2019-04-25 16:09:09 - [TEST_STEP][PASSED] - verifyGreaterThanOrEqual: Actual number '10' is greater than or equal to expected number '1'

2019-04-25 16:09:09 - [MESSAGE][PASSED] - Actual number '10' is greater than or equal to expected number '1'

2019-04-25 16:09:09 - [MESSAGE][PASSED] - Call Test Case 'Test Cases/Operational_Dashboard/177' successfully

2019-04-25 16:09:09 - [TEST_STEP][PASSED] - Statement - driver = com.kms.katalon.core.webui.driver.DriverFactory.getWebDriver(): null

2019-04-25 16:09:09 - [TEST_STEP][PASSED] - Statement - search_text = driver.findElement(org.openqa.selenium.By.xpath("//*[@id="content"]/div/div/div/div[2]/div[3]/div[6]/div/div/div[2]/div/div/div[1]/div[1]/input")): null

2019-04-25 16:09:09 - [TEST_STEP][PASSED] - Statement - search_text.clear(): null

2019-04-25 16:09:09 - [TEST_STEP][PASSED] - Statement - search_text.sendKeys("testing"): null

2019-04-25 16:09:10 - [TEST_STEP][PASSED] - delay: Delayed 5 second(s)

2019-04-25 16:09:15 - [MESSAGE][PASSED] - Delayed 5 second(s)

2019-04-25 16:09:15 - [TEST_STEP][PASSED] - Statement - rows_table = driver.findElements(org.openqa.selenium.By.xpath("//*[@id="content"]/div/div/div/div[2]/div[3]/div[6]/div/div/div[2]/div/div/div[2]/table/tbody/tr")): null

2019-04-25 16:09:15 - [TEST_STEP][PASSED] - Statement - rows_count = rows_table.size(): null

2019-04-25 16:09:15 - [TEST_STEP][PASSED] - verifyGreaterThanOrEqual: Actual number '1' is greater than or equal to expected number '1'

2019-04-25 16:09:15 - [MESSAGE][PASSED] - Actual number '1' is greater than or equal to expected number '1']]></system-out>
         <system-err><![CDATA[]]></system-err>
      </testcase>
      <system-out><![CDATA[2019-04-25 16:07:55 - [TEST_SUITE][PASSED] - operationalDashboard: Test Cases/Operational_Dashboard/181]]></system-out>
      <system-err><![CDATA[]]></system-err>
   </testsuite>
</testsuites>
