<?xml version="1.0" encoding="UTF-8"?>
<testsuites name="Discover Tabs" time="225" tests="5" failures="0" errors="0">
   <testsuite name="Discover Tabs" tests="5" failures="0" errors="0" time="225" timestamp="2019-04-19 15:12:53" hostname="cloudkibo-faizan - cloudkibo-faizan" id="Test Suites/Faizan Suits/Discover Tabs">
      <properties>
         <property name="deviceName" value=""/>
         <property name="devicePlatform" value=""/>
         <property name="logFolder" value="/home/cloudkibo-faizan/Desktop/KiboPush_Automated_Testing/KiboPush Katalon/Reports/Faizan Suits/Discover Tabs/20190419_151247"/>
         <property name="logFiles" value="/home/cloudkibo-faizan/Desktop/KiboPush_Automated_Testing/KiboPush Katalon/Reports/Faizan Suits/Discover Tabs/20190419_151247/execution0.log"/>
         <property name="attachments" value=""/>
         <property name="hostName" value="cloudkibo-faizan - cloudkibo-faizan"/>
         <property name="os" value="Linux 64bit"/>
         <property name="katalonVersion" value="6.0.6.4"/>
         <property name="browser" value="Chrome 73.0.3683.75"/>
         <property name="hostAddress" value="127.0.1.1"/>
         <property name="sessionId" value="c91dc37969feb5bd42b31582325762fe"/>
         <property name="seleniumVersion" value="3.7.1"/>
         <property name="proxyInformation" value="ProxyInformation{proxyOption=NO_PROXY, proxyServerType=HTTP, password=, proxyServerAddress=, proxyServerPort=0}"/>
         <property name="platform" value="Linux"/>
      </properties>
      <testcase name="Test Cases/Discover Tabs/TC1077" classname="Test Cases/Discover Tabs/TC1077" status="PASSED">
         <system-out><![CDATA[2019-04-19 15:12:53 - [TEST_CASE][PASSED] - Test Cases/Discover Tabs/TC1077: Test Cases/Discover Tabs/TC1077

2019-04-19 15:12:54 - [TEST_STEP][PASSED] - callTestCase(findTestCase("s-sidebar_navigation/individualAccount/Login-KiboEngage"), [:], STOP_ON_FAILURE): Call Test Case 'Test Cases/s-sidebar_navigation/individualAccount/Login-KiboEngage' successfully

2019-04-19 15:12:54 - [TEST_CASE][PASSED] - Test Cases/s-sidebar_navigation/individualAccount/Login-KiboEngage: Test Cases/s-sidebar_navigation/individualAccount/Login-KiboEngage

2019-04-19 15:12:54 - [TEST_STEP][PASSED] - openBrowser(""): Browser is opened with url: ''

2019-04-19 15:12:54 - [MESSAGE][INFO] - Starting 'Chrome' driver

2019-04-19 15:12:54 - [MESSAGE][INFO] - Action delay is set to 0 seconds

2019-04-19 15:12:55 - [MESSAGE][PASSED] - Browser is opened with url: ''

2019-04-19 15:12:55 - [TEST_STEP][PASSED] - maximizeWindow(): Current window maximized

2019-04-19 15:12:55 - [MESSAGE][PASSED] - Current window maximized

2019-04-19 15:12:55 - [TEST_STEP][PASSED] - navigateToUrl("https://skiboengage.cloudkibo.com/"): Navigate to 'https://skiboengage.cloudkibo.com/' successfully

2019-04-19 15:13:04 - [MESSAGE][PASSED] - Navigate to 'https://skiboengage.cloudkibo.com/' successfully

2019-04-19 15:13:04 - [TEST_STEP][PASSED] - navigateToUrl("https://saccounts.cloudkibo.com/?continue=https://skiboengage.cloudkibo.com"): Navigate to 'https://saccounts.cloudkibo.com/?continue=https://skiboengage.cloudkibo.com' successfully

2019-04-19 15:13:04 - [MESSAGE][PASSED] - Navigate to 'https://saccounts.cloudkibo.com/?continue=https://skiboengage.cloudkibo.com' successfully

2019-04-19 15:13:04 - [TEST_STEP][PASSED] - click(findTestObject("Page_CloudKibo/a_Login (2) (1)")): Object: 'Object Repository/Page_CloudKibo/a_Login (2) (1)' is clicked on

2019-04-19 15:13:05 - [MESSAGE][PASSED] - Object: 'Object Repository/Page_CloudKibo/a_Login (2) (1)' is clicked on

2019-04-19 15:13:05 - [TEST_STEP][PASSED] - setText(findTestObject("Page_KiboPush/input_email (10) (1) (1)"), "faizanrasheed4@gmail.com"): Text 'faizanrasheed4@gmail.com' is set on object 'Object Repository/Page_KiboPush/input_email (10) (1) (1)'

2019-04-19 15:13:05 - [MESSAGE][PASSED] - Text 'faizanrasheed4@gmail.com' is set on object 'Object Repository/Page_KiboPush/input_email (10) (1) (1)'

2019-04-19 15:13:05 - [TEST_STEP][PASSED] - setEncryptedText(findTestObject("Page_CloudKibo/input_Sign In_password (2)"), "GYDmRgS5yd5PL6pQTxDpCg=="): Text ****** has been set on object 'Object Repository/Page_CloudKibo/input_Sign In_password (2)'

2019-04-19 15:13:05 - [MESSAGE][PASSED] - Text ****** has been set on object 'Object Repository/Page_CloudKibo/input_Sign In_password (2)'

2019-04-19 15:13:05 - [TEST_STEP][PASSED] - click(findTestObject("Page_KiboPush/button_Sign In (10) (1) (2)")): Object: 'Object Repository/Page_KiboPush/button_Sign In (10) (1) (2)' is clicked on

2019-04-19 15:13:05 - [MESSAGE][PASSED] - Object: 'Object Repository/Page_KiboPush/button_Sign In (10) (1) (2)' is clicked on

2019-04-19 15:13:05 - [TEST_STEP][PASSED] - navigateToUrl("https://skiboengage.cloudkibo.com/dashboard"): Navigate to 'https://skiboengage.cloudkibo.com/dashboard' successfully

2019-04-19 15:13:29 - [MESSAGE][PASSED] - Navigate to 'https://skiboengage.cloudkibo.com/dashboard' successfully

2019-04-19 15:13:29 - [TEST_STEP][PASSED] - click(findTestObject("Page_KiboPush  Dashboard/h3_Dashboard (57)")): Object: 'Object Repository/Page_KiboPush  Dashboard/h3_Dashboard (57)' is clicked on

2019-04-19 15:13:29 - [MESSAGE][PASSED] - Object: 'Object Repository/Page_KiboPush  Dashboard/h3_Dashboard (57)' is clicked on

2019-04-19 15:13:29 - [TEST_STEP][PASSED] - delay(3): Delayed 3 second(s)

2019-04-19 15:13:32 - [MESSAGE][PASSED] - Delayed 3 second(s)

2019-04-19 15:13:32 - [TEST_STEP][PASSED] - click(findTestObject("Page_KiboEngage  Dashboard/a_SMS (2) (1) (1) (1)")): Object: 'Object Repository/Page_KiboEngage  Dashboard/a_SMS (2) (1) (1) (1)' is clicked on

2019-04-19 15:13:33 - [MESSAGE][PASSED] - Object: 'Object Repository/Page_KiboEngage  Dashboard/a_SMS (2) (1) (1) (1)' is clicked on

2019-04-19 15:13:33 - [TEST_STEP][PASSED] - click(findTestObject("Page_KiboEngage  Dashboard/span_Messenger (1) (1) (1)")): Object: 'Object Repository/Page_KiboEngage  Dashboard/span_Messenger (1) (1) (1)' is clicked on

2019-04-19 15:13:33 - [MESSAGE][PASSED] - Object: 'Object Repository/Page_KiboEngage  Dashboard/span_Messenger (1) (1) (1)' is clicked on

2019-04-19 15:13:33 - [MESSAGE][PASSED] - Call Test Case 'Test Cases/s-sidebar_navigation/individualAccount/Login-KiboEngage' successfully

2019-04-19 15:13:33 - [TEST_STEP][PASSED] - click(findTestObject("Object Repository/Page_KiboEngage  Dashboard/span_Growth Tools")): Object: 'Object Repository/Page_KiboEngage  Dashboard/span_Growth Tools' is clicked on

2019-04-19 15:13:33 - [MESSAGE][PASSED] - Object: 'Object Repository/Page_KiboEngage  Dashboard/span_Growth Tools' is clicked on

2019-04-19 15:13:33 - [TEST_STEP][PASSED] - delay(1): Delayed 1 second(s)

2019-04-19 15:13:34 - [MESSAGE][PASSED] - Delayed 1 second(s)

2019-04-19 15:13:34 - [TEST_STEP][PASSED] - click(findTestObject("Object Repository/Page_KiboEngage  Dashboard/span_Messenger Code")): Object: 'Object Repository/Page_KiboEngage  Dashboard/span_Messenger Code' is clicked on

2019-04-19 15:13:34 - [MESSAGE][PASSED] - Object: 'Object Repository/Page_KiboEngage  Dashboard/span_Messenger Code' is clicked on

2019-04-19 15:13:34 - [TEST_STEP][PASSED] - click(findTestObject("Object Repository/Page_KiboEngage  Messenger Code/a_documentation")): Object: 'Object Repository/Page_KiboEngage  Messenger Code/a_documentation' is clicked on

2019-04-19 15:13:34 - [MESSAGE][PASSED] - Object: 'Object Repository/Page_KiboEngage  Messenger Code/a_documentation' is clicked on]]></system-out>
         <system-err><![CDATA[]]></system-err>
      </testcase>
      <testcase name="Test Cases/Discover Tabs/TC1078" classname="Test Cases/Discover Tabs/TC1078" status="PASSED">
         <system-out><![CDATA[2019-04-19 15:13:34 - [TEST_CASE][PASSED] - Test Cases/Discover Tabs/TC1078: Test Cases/Discover Tabs/TC1078

2019-04-19 15:13:34 - [TEST_STEP][PASSED] - callTestCase(findTestCase("s-sidebar_navigation/individualAccount/Login-KiboEngage"), [:], STOP_ON_FAILURE): Call Test Case 'Test Cases/s-sidebar_navigation/individualAccount/Login-KiboEngage' successfully

2019-04-19 15:13:34 - [TEST_CASE][PASSED] - Test Cases/s-sidebar_navigation/individualAccount/Login-KiboEngage: Test Cases/s-sidebar_navigation/individualAccount/Login-KiboEngage

2019-04-19 15:13:34 - [TEST_STEP][PASSED] - openBrowser(""): Browser is opened with url: ''

2019-04-19 15:13:34 - [MESSAGE][WARNING] - A browser is already opened. Closing browser and opening a new one

2019-04-19 15:13:34 - [MESSAGE][INFO] - Starting 'Chrome' driver

2019-04-19 15:13:35 - [MESSAGE][PASSED] - Browser is opened with url: ''

2019-04-19 15:13:35 - [TEST_STEP][PASSED] - maximizeWindow(): Current window maximized

2019-04-19 15:13:35 - [MESSAGE][PASSED] - Current window maximized

2019-04-19 15:13:35 - [TEST_STEP][PASSED] - navigateToUrl("https://skiboengage.cloudkibo.com/"): Navigate to 'https://skiboengage.cloudkibo.com/' successfully

2019-04-19 15:13:49 - [MESSAGE][PASSED] - Navigate to 'https://skiboengage.cloudkibo.com/' successfully

2019-04-19 15:13:49 - [TEST_STEP][PASSED] - navigateToUrl("https://saccounts.cloudkibo.com/?continue=https://skiboengage.cloudkibo.com"): Navigate to 'https://saccounts.cloudkibo.com/?continue=https://skiboengage.cloudkibo.com' successfully

2019-04-19 15:13:50 - [MESSAGE][PASSED] - Navigate to 'https://saccounts.cloudkibo.com/?continue=https://skiboengage.cloudkibo.com' successfully

2019-04-19 15:13:50 - [TEST_STEP][PASSED] - click(findTestObject("Page_CloudKibo/a_Login (2) (1)")): Object: 'Object Repository/Page_CloudKibo/a_Login (2) (1)' is clicked on

2019-04-19 15:13:51 - [MESSAGE][PASSED] - Object: 'Object Repository/Page_CloudKibo/a_Login (2) (1)' is clicked on

2019-04-19 15:13:51 - [TEST_STEP][PASSED] - setText(findTestObject("Page_KiboPush/input_email (10) (1) (1)"), "faizanrasheed4@gmail.com"): Text 'faizanrasheed4@gmail.com' is set on object 'Object Repository/Page_KiboPush/input_email (10) (1) (1)'

2019-04-19 15:13:51 - [MESSAGE][PASSED] - Text 'faizanrasheed4@gmail.com' is set on object 'Object Repository/Page_KiboPush/input_email (10) (1) (1)'

2019-04-19 15:13:51 - [TEST_STEP][PASSED] - setEncryptedText(findTestObject("Page_CloudKibo/input_Sign In_password (2)"), "GYDmRgS5yd5PL6pQTxDpCg=="): Text ****** has been set on object 'Object Repository/Page_CloudKibo/input_Sign In_password (2)'

2019-04-19 15:13:51 - [MESSAGE][PASSED] - Text ****** has been set on object 'Object Repository/Page_CloudKibo/input_Sign In_password (2)'

2019-04-19 15:13:51 - [TEST_STEP][PASSED] - click(findTestObject("Page_KiboPush/button_Sign In (10) (1) (2)")): Object: 'Object Repository/Page_KiboPush/button_Sign In (10) (1) (2)' is clicked on

2019-04-19 15:13:51 - [MESSAGE][PASSED] - Object: 'Object Repository/Page_KiboPush/button_Sign In (10) (1) (2)' is clicked on

2019-04-19 15:13:51 - [TEST_STEP][PASSED] - navigateToUrl("https://skiboengage.cloudkibo.com/dashboard"): Navigate to 'https://skiboengage.cloudkibo.com/dashboard' successfully

2019-04-19 15:14:13 - [MESSAGE][PASSED] - Navigate to 'https://skiboengage.cloudkibo.com/dashboard' successfully

2019-04-19 15:14:13 - [TEST_STEP][PASSED] - click(findTestObject("Page_KiboPush  Dashboard/h3_Dashboard (57)")): Object: 'Object Repository/Page_KiboPush  Dashboard/h3_Dashboard (57)' is clicked on

2019-04-19 15:14:14 - [MESSAGE][PASSED] - Object: 'Object Repository/Page_KiboPush  Dashboard/h3_Dashboard (57)' is clicked on

2019-04-19 15:14:14 - [TEST_STEP][PASSED] - delay(3): Delayed 3 second(s)

2019-04-19 15:14:17 - [MESSAGE][PASSED] - Delayed 3 second(s)

2019-04-19 15:14:17 - [TEST_STEP][PASSED] - click(findTestObject("Page_KiboEngage  Dashboard/a_SMS (2) (1) (1) (1)")): Object: 'Object Repository/Page_KiboEngage  Dashboard/a_SMS (2) (1) (1) (1)' is clicked on

2019-04-19 15:14:17 - [MESSAGE][PASSED] - Object: 'Object Repository/Page_KiboEngage  Dashboard/a_SMS (2) (1) (1) (1)' is clicked on

2019-04-19 15:14:17 - [TEST_STEP][PASSED] - click(findTestObject("Page_KiboEngage  Dashboard/span_Messenger (1) (1) (1)")): Object: 'Object Repository/Page_KiboEngage  Dashboard/span_Messenger (1) (1) (1)' is clicked on

2019-04-19 15:14:17 - [MESSAGE][PASSED] - Object: 'Object Repository/Page_KiboEngage  Dashboard/span_Messenger (1) (1) (1)' is clicked on

2019-04-19 15:14:17 - [MESSAGE][PASSED] - Call Test Case 'Test Cases/s-sidebar_navigation/individualAccount/Login-KiboEngage' successfully

2019-04-19 15:14:17 - [TEST_STEP][PASSED] - click(findTestObject("Object Repository/Page_KiboEngage  Dashboard/span_Growth Tools")): Object: 'Object Repository/Page_KiboEngage  Dashboard/span_Growth Tools' is clicked on

2019-04-19 15:14:17 - [MESSAGE][PASSED] - Object: 'Object Repository/Page_KiboEngage  Dashboard/span_Growth Tools' is clicked on

2019-04-19 15:14:17 - [TEST_STEP][PASSED] - delay(1): Delayed 1 second(s)

2019-04-19 15:14:18 - [MESSAGE][PASSED] - Delayed 1 second(s)

2019-04-19 15:14:18 - [TEST_STEP][PASSED] - click(findTestObject("Object Repository/Page_KiboEngage  Dashboard/span_Messenger Code")): Object: 'Object Repository/Page_KiboEngage  Dashboard/span_Messenger Code' is clicked on

2019-04-19 15:14:18 - [MESSAGE][PASSED] - Object: 'Object Repository/Page_KiboEngage  Dashboard/span_Messenger Code' is clicked on

2019-04-19 15:14:18 - [TEST_STEP][PASSED] - click(findTestObject("Object Repository/Page_KiboEngage  Messenger Code/a_documentation")): Object: 'Object Repository/Page_KiboEngage  Messenger Code/a_documentation' is clicked on

2019-04-19 15:14:18 - [MESSAGE][PASSED] - Object: 'Object Repository/Page_KiboEngage  Messenger Code/a_documentation' is clicked on]]></system-out>
         <system-err><![CDATA[]]></system-err>
      </testcase>
      <testcase name="Test Cases/Discover Tabs/TC1079" classname="Test Cases/Discover Tabs/TC1079" status="PASSED">
         <system-out><![CDATA[2019-04-19 15:14:18 - [TEST_CASE][PASSED] - Test Cases/Discover Tabs/TC1079: Test Cases/Discover Tabs/TC1079

2019-04-19 15:14:18 - [TEST_STEP][PASSED] - callTestCase(findTestCase("s-sidebar_navigation/individualAccount/Login-KiboEngage"), [:], STOP_ON_FAILURE): Call Test Case 'Test Cases/s-sidebar_navigation/individualAccount/Login-KiboEngage' successfully

2019-04-19 15:14:18 - [TEST_CASE][PASSED] - Test Cases/s-sidebar_navigation/individualAccount/Login-KiboEngage: Test Cases/s-sidebar_navigation/individualAccount/Login-KiboEngage

2019-04-19 15:14:18 - [TEST_STEP][PASSED] - openBrowser(""): Browser is opened with url: ''

2019-04-19 15:14:18 - [MESSAGE][WARNING] - A browser is already opened. Closing browser and opening a new one

2019-04-19 15:14:18 - [MESSAGE][INFO] - Starting 'Chrome' driver

2019-04-19 15:14:19 - [MESSAGE][PASSED] - Browser is opened with url: ''

2019-04-19 15:14:19 - [TEST_STEP][PASSED] - maximizeWindow(): Current window maximized

2019-04-19 15:14:19 - [MESSAGE][PASSED] - Current window maximized

2019-04-19 15:14:19 - [TEST_STEP][PASSED] - navigateToUrl("https://skiboengage.cloudkibo.com/"): Navigate to 'https://skiboengage.cloudkibo.com/' successfully

2019-04-19 15:14:31 - [MESSAGE][PASSED] - Navigate to 'https://skiboengage.cloudkibo.com/' successfully

2019-04-19 15:14:31 - [TEST_STEP][PASSED] - navigateToUrl("https://saccounts.cloudkibo.com/?continue=https://skiboengage.cloudkibo.com"): Navigate to 'https://saccounts.cloudkibo.com/?continue=https://skiboengage.cloudkibo.com' successfully

2019-04-19 15:14:32 - [MESSAGE][PASSED] - Navigate to 'https://saccounts.cloudkibo.com/?continue=https://skiboengage.cloudkibo.com' successfully

2019-04-19 15:14:32 - [TEST_STEP][PASSED] - click(findTestObject("Page_CloudKibo/a_Login (2) (1)")): Object: 'Object Repository/Page_CloudKibo/a_Login (2) (1)' is clicked on

2019-04-19 15:14:33 - [MESSAGE][PASSED] - Object: 'Object Repository/Page_CloudKibo/a_Login (2) (1)' is clicked on

2019-04-19 15:14:33 - [TEST_STEP][PASSED] - setText(findTestObject("Page_KiboPush/input_email (10) (1) (1)"), "faizanrasheed4@gmail.com"): Text 'faizanrasheed4@gmail.com' is set on object 'Object Repository/Page_KiboPush/input_email (10) (1) (1)'

2019-04-19 15:14:33 - [MESSAGE][PASSED] - Text 'faizanrasheed4@gmail.com' is set on object 'Object Repository/Page_KiboPush/input_email (10) (1) (1)'

2019-04-19 15:14:33 - [TEST_STEP][PASSED] - setEncryptedText(findTestObject("Page_CloudKibo/input_Sign In_password (2)"), "GYDmRgS5yd5PL6pQTxDpCg=="): Text ****** has been set on object 'Object Repository/Page_CloudKibo/input_Sign In_password (2)'

2019-04-19 15:14:33 - [MESSAGE][PASSED] - Text ****** has been set on object 'Object Repository/Page_CloudKibo/input_Sign In_password (2)'

2019-04-19 15:14:33 - [TEST_STEP][PASSED] - click(findTestObject("Page_KiboPush/button_Sign In (10) (1) (2)")): Object: 'Object Repository/Page_KiboPush/button_Sign In (10) (1) (2)' is clicked on

2019-04-19 15:14:33 - [MESSAGE][PASSED] - Object: 'Object Repository/Page_KiboPush/button_Sign In (10) (1) (2)' is clicked on

2019-04-19 15:14:33 - [TEST_STEP][PASSED] - navigateToUrl("https://skiboengage.cloudkibo.com/dashboard"): Navigate to 'https://skiboengage.cloudkibo.com/dashboard' successfully

2019-04-19 15:14:59 - [MESSAGE][PASSED] - Navigate to 'https://skiboengage.cloudkibo.com/dashboard' successfully

2019-04-19 15:14:59 - [TEST_STEP][PASSED] - click(findTestObject("Page_KiboPush  Dashboard/h3_Dashboard (57)")): Object: 'Object Repository/Page_KiboPush  Dashboard/h3_Dashboard (57)' is clicked on

2019-04-19 15:14:59 - [MESSAGE][PASSED] - Object: 'Object Repository/Page_KiboPush  Dashboard/h3_Dashboard (57)' is clicked on

2019-04-19 15:14:59 - [TEST_STEP][PASSED] - delay(3): Delayed 3 second(s)

2019-04-19 15:15:02 - [MESSAGE][PASSED] - Delayed 3 second(s)

2019-04-19 15:15:02 - [TEST_STEP][PASSED] - click(findTestObject("Page_KiboEngage  Dashboard/a_SMS (2) (1) (1) (1)")): Object: 'Object Repository/Page_KiboEngage  Dashboard/a_SMS (2) (1) (1) (1)' is clicked on

2019-04-19 15:15:02 - [MESSAGE][PASSED] - Object: 'Object Repository/Page_KiboEngage  Dashboard/a_SMS (2) (1) (1) (1)' is clicked on

2019-04-19 15:15:02 - [TEST_STEP][PASSED] - click(findTestObject("Page_KiboEngage  Dashboard/span_Messenger (1) (1) (1)")): Object: 'Object Repository/Page_KiboEngage  Dashboard/span_Messenger (1) (1) (1)' is clicked on

2019-04-19 15:15:02 - [MESSAGE][PASSED] - Object: 'Object Repository/Page_KiboEngage  Dashboard/span_Messenger (1) (1) (1)' is clicked on

2019-04-19 15:15:02 - [MESSAGE][PASSED] - Call Test Case 'Test Cases/s-sidebar_navigation/individualAccount/Login-KiboEngage' successfully

2019-04-19 15:15:02 - [TEST_STEP][PASSED] - click(findTestObject("Object Repository/Page_KiboEngage  Dashboard/span_Growth Tools")): Object: 'Object Repository/Page_KiboEngage  Dashboard/span_Growth Tools' is clicked on

2019-04-19 15:15:02 - [MESSAGE][PASSED] - Object: 'Object Repository/Page_KiboEngage  Dashboard/span_Growth Tools' is clicked on

2019-04-19 15:15:02 - [TEST_STEP][PASSED] - delay(1): Delayed 1 second(s)

2019-04-19 15:15:03 - [MESSAGE][PASSED] - Delayed 1 second(s)

2019-04-19 15:15:03 - [TEST_STEP][PASSED] - click(findTestObject("Object Repository/Page_KiboEngage  Dashboard/span_Messenger Code")): Object: 'Object Repository/Page_KiboEngage  Dashboard/span_Messenger Code' is clicked on

2019-04-19 15:15:03 - [MESSAGE][PASSED] - Object: 'Object Repository/Page_KiboEngage  Dashboard/span_Messenger Code' is clicked on

2019-04-19 15:15:03 - [TEST_STEP][PASSED] - click(findTestObject("Object Repository/Page_KiboEngage  Messenger Code/a_documentation")): Object: 'Object Repository/Page_KiboEngage  Messenger Code/a_documentation' is clicked on

2019-04-19 15:15:03 - [MESSAGE][PASSED] - Object: 'Object Repository/Page_KiboEngage  Messenger Code/a_documentation' is clicked on]]></system-out>
         <system-err><![CDATA[]]></system-err>
      </testcase>
      <testcase name="Test Cases/Discover Tabs/TC1080" classname="Test Cases/Discover Tabs/TC1080" status="PASSED">
         <system-out><![CDATA[2019-04-19 15:15:03 - [TEST_CASE][PASSED] - Test Cases/Discover Tabs/TC1080: Test Cases/Discover Tabs/TC1080

2019-04-19 15:15:03 - [TEST_STEP][PASSED] - callTestCase(findTestCase("s-sidebar_navigation/individualAccount/Login-KiboEngage"), [:], STOP_ON_FAILURE): Call Test Case 'Test Cases/s-sidebar_navigation/individualAccount/Login-KiboEngage' successfully

2019-04-19 15:15:03 - [TEST_CASE][PASSED] - Test Cases/s-sidebar_navigation/individualAccount/Login-KiboEngage: Test Cases/s-sidebar_navigation/individualAccount/Login-KiboEngage

2019-04-19 15:15:03 - [TEST_STEP][PASSED] - openBrowser(""): Browser is opened with url: ''

2019-04-19 15:15:03 - [MESSAGE][WARNING] - A browser is already opened. Closing browser and opening a new one

2019-04-19 15:15:03 - [MESSAGE][INFO] - Starting 'Chrome' driver

2019-04-19 15:15:04 - [MESSAGE][PASSED] - Browser is opened with url: ''

2019-04-19 15:15:04 - [TEST_STEP][PASSED] - maximizeWindow(): Current window maximized

2019-04-19 15:15:04 - [MESSAGE][PASSED] - Current window maximized

2019-04-19 15:15:04 - [TEST_STEP][PASSED] - navigateToUrl("https://skiboengage.cloudkibo.com/"): Navigate to 'https://skiboengage.cloudkibo.com/' successfully

2019-04-19 15:15:18 - [MESSAGE][PASSED] - Navigate to 'https://skiboengage.cloudkibo.com/' successfully

2019-04-19 15:15:18 - [TEST_STEP][PASSED] - navigateToUrl("https://saccounts.cloudkibo.com/?continue=https://skiboengage.cloudkibo.com"): Navigate to 'https://saccounts.cloudkibo.com/?continue=https://skiboengage.cloudkibo.com' successfully

2019-04-19 15:15:19 - [MESSAGE][PASSED] - Navigate to 'https://saccounts.cloudkibo.com/?continue=https://skiboengage.cloudkibo.com' successfully

2019-04-19 15:15:19 - [TEST_STEP][PASSED] - click(findTestObject("Page_CloudKibo/a_Login (2) (1)")): Object: 'Object Repository/Page_CloudKibo/a_Login (2) (1)' is clicked on

2019-04-19 15:15:19 - [MESSAGE][PASSED] - Object: 'Object Repository/Page_CloudKibo/a_Login (2) (1)' is clicked on

2019-04-19 15:15:19 - [TEST_STEP][PASSED] - setText(findTestObject("Page_KiboPush/input_email (10) (1) (1)"), "faizanrasheed4@gmail.com"): Text 'faizanrasheed4@gmail.com' is set on object 'Object Repository/Page_KiboPush/input_email (10) (1) (1)'

2019-04-19 15:15:20 - [MESSAGE][PASSED] - Text 'faizanrasheed4@gmail.com' is set on object 'Object Repository/Page_KiboPush/input_email (10) (1) (1)'

2019-04-19 15:15:20 - [TEST_STEP][PASSED] - setEncryptedText(findTestObject("Page_CloudKibo/input_Sign In_password (2)"), "GYDmRgS5yd5PL6pQTxDpCg=="): Text ****** has been set on object 'Object Repository/Page_CloudKibo/input_Sign In_password (2)'

2019-04-19 15:15:20 - [MESSAGE][PASSED] - Text ****** has been set on object 'Object Repository/Page_CloudKibo/input_Sign In_password (2)'

2019-04-19 15:15:20 - [TEST_STEP][PASSED] - click(findTestObject("Page_KiboPush/button_Sign In (10) (1) (2)")): Object: 'Object Repository/Page_KiboPush/button_Sign In (10) (1) (2)' is clicked on

2019-04-19 15:15:20 - [MESSAGE][PASSED] - Object: 'Object Repository/Page_KiboPush/button_Sign In (10) (1) (2)' is clicked on

2019-04-19 15:15:20 - [TEST_STEP][PASSED] - navigateToUrl("https://skiboengage.cloudkibo.com/dashboard"): Navigate to 'https://skiboengage.cloudkibo.com/dashboard' successfully

2019-04-19 15:15:41 - [MESSAGE][PASSED] - Navigate to 'https://skiboengage.cloudkibo.com/dashboard' successfully

2019-04-19 15:15:41 - [TEST_STEP][PASSED] - click(findTestObject("Page_KiboPush  Dashboard/h3_Dashboard (57)")): Object: 'Object Repository/Page_KiboPush  Dashboard/h3_Dashboard (57)' is clicked on

2019-04-19 15:15:41 - [MESSAGE][PASSED] - Object: 'Object Repository/Page_KiboPush  Dashboard/h3_Dashboard (57)' is clicked on

2019-04-19 15:15:41 - [TEST_STEP][PASSED] - delay(3): Delayed 3 second(s)

2019-04-19 15:15:44 - [MESSAGE][PASSED] - Delayed 3 second(s)

2019-04-19 15:15:44 - [TEST_STEP][PASSED] - click(findTestObject("Page_KiboEngage  Dashboard/a_SMS (2) (1) (1) (1)")): Object: 'Object Repository/Page_KiboEngage  Dashboard/a_SMS (2) (1) (1) (1)' is clicked on

2019-04-19 15:15:45 - [MESSAGE][PASSED] - Object: 'Object Repository/Page_KiboEngage  Dashboard/a_SMS (2) (1) (1) (1)' is clicked on

2019-04-19 15:15:45 - [TEST_STEP][PASSED] - click(findTestObject("Page_KiboEngage  Dashboard/span_Messenger (1) (1) (1)")): Object: 'Object Repository/Page_KiboEngage  Dashboard/span_Messenger (1) (1) (1)' is clicked on

2019-04-19 15:15:45 - [MESSAGE][PASSED] - Object: 'Object Repository/Page_KiboEngage  Dashboard/span_Messenger (1) (1) (1)' is clicked on

2019-04-19 15:15:45 - [MESSAGE][PASSED] - Call Test Case 'Test Cases/s-sidebar_navigation/individualAccount/Login-KiboEngage' successfully

2019-04-19 15:15:45 - [TEST_STEP][PASSED] - click(findTestObject("Object Repository/Page_KiboEngage  Dashboard/span_Growth Tools")): Object: 'Object Repository/Page_KiboEngage  Dashboard/span_Growth Tools' is clicked on

2019-04-19 15:15:45 - [MESSAGE][PASSED] - Object: 'Object Repository/Page_KiboEngage  Dashboard/span_Growth Tools' is clicked on

2019-04-19 15:15:45 - [TEST_STEP][PASSED] - delay(1): Delayed 1 second(s)

2019-04-19 15:15:46 - [MESSAGE][PASSED] - Delayed 1 second(s)

2019-04-19 15:15:46 - [TEST_STEP][PASSED] - click(findTestObject("Object Repository/Page_KiboEngage  Dashboard/span_Messenger Code")): Object: 'Object Repository/Page_KiboEngage  Dashboard/span_Messenger Code' is clicked on

2019-04-19 15:15:46 - [MESSAGE][PASSED] - Object: 'Object Repository/Page_KiboEngage  Dashboard/span_Messenger Code' is clicked on

2019-04-19 15:15:46 - [TEST_STEP][PASSED] - click(findTestObject("Object Repository/Page_KiboEngage  Messenger Code/a_documentation")): Object: 'Object Repository/Page_KiboEngage  Messenger Code/a_documentation' is clicked on

2019-04-19 15:15:46 - [MESSAGE][PASSED] - Object: 'Object Repository/Page_KiboEngage  Messenger Code/a_documentation' is clicked on]]></system-out>
         <system-err><![CDATA[]]></system-err>
      </testcase>
      <testcase name="Test Cases/Discover Tabs/TC1081" classname="Test Cases/Discover Tabs/TC1081" status="PASSED">
         <system-out><![CDATA[2019-04-19 15:15:46 - [TEST_CASE][PASSED] - Test Cases/Discover Tabs/TC1081: Test Cases/Discover Tabs/TC1081

2019-04-19 15:15:46 - [TEST_STEP][PASSED] - callTestCase(findTestCase("s-sidebar_navigation/individualAccount/Login-KiboEngage"), [:], STOP_ON_FAILURE): Call Test Case 'Test Cases/s-sidebar_navigation/individualAccount/Login-KiboEngage' successfully

2019-04-19 15:15:46 - [TEST_CASE][PASSED] - Test Cases/s-sidebar_navigation/individualAccount/Login-KiboEngage: Test Cases/s-sidebar_navigation/individualAccount/Login-KiboEngage

2019-04-19 15:15:46 - [TEST_STEP][PASSED] - openBrowser(""): Browser is opened with url: ''

2019-04-19 15:15:46 - [MESSAGE][WARNING] - A browser is already opened. Closing browser and opening a new one

2019-04-19 15:15:46 - [MESSAGE][INFO] - Starting 'Chrome' driver

2019-04-19 15:15:47 - [MESSAGE][PASSED] - Browser is opened with url: ''

2019-04-19 15:15:47 - [TEST_STEP][PASSED] - maximizeWindow(): Current window maximized

2019-04-19 15:15:47 - [MESSAGE][PASSED] - Current window maximized

2019-04-19 15:15:47 - [TEST_STEP][PASSED] - navigateToUrl("https://skiboengage.cloudkibo.com/"): Navigate to 'https://skiboengage.cloudkibo.com/' successfully

2019-04-19 15:16:00 - [MESSAGE][PASSED] - Navigate to 'https://skiboengage.cloudkibo.com/' successfully

2019-04-19 15:16:00 - [TEST_STEP][PASSED] - navigateToUrl("https://saccounts.cloudkibo.com/?continue=https://skiboengage.cloudkibo.com"): Navigate to 'https://saccounts.cloudkibo.com/?continue=https://skiboengage.cloudkibo.com' successfully

2019-04-19 15:16:00 - [MESSAGE][PASSED] - Navigate to 'https://saccounts.cloudkibo.com/?continue=https://skiboengage.cloudkibo.com' successfully

2019-04-19 15:16:00 - [TEST_STEP][PASSED] - click(findTestObject("Page_CloudKibo/a_Login (2) (1)")): Object: 'Object Repository/Page_CloudKibo/a_Login (2) (1)' is clicked on

2019-04-19 15:16:01 - [MESSAGE][PASSED] - Object: 'Object Repository/Page_CloudKibo/a_Login (2) (1)' is clicked on

2019-04-19 15:16:01 - [TEST_STEP][PASSED] - setText(findTestObject("Page_KiboPush/input_email (10) (1) (1)"), "faizanrasheed4@gmail.com"): Text 'faizanrasheed4@gmail.com' is set on object 'Object Repository/Page_KiboPush/input_email (10) (1) (1)'

2019-04-19 15:16:01 - [MESSAGE][PASSED] - Text 'faizanrasheed4@gmail.com' is set on object 'Object Repository/Page_KiboPush/input_email (10) (1) (1)'

2019-04-19 15:16:01 - [TEST_STEP][PASSED] - setEncryptedText(findTestObject("Page_CloudKibo/input_Sign In_password (2)"), "GYDmRgS5yd5PL6pQTxDpCg=="): Text ****** has been set on object 'Object Repository/Page_CloudKibo/input_Sign In_password (2)'

2019-04-19 15:16:01 - [MESSAGE][PASSED] - Text ****** has been set on object 'Object Repository/Page_CloudKibo/input_Sign In_password (2)'

2019-04-19 15:16:01 - [TEST_STEP][PASSED] - click(findTestObject("Page_KiboPush/button_Sign In (10) (1) (2)")): Object: 'Object Repository/Page_KiboPush/button_Sign In (10) (1) (2)' is clicked on

2019-04-19 15:16:01 - [MESSAGE][PASSED] - Object: 'Object Repository/Page_KiboPush/button_Sign In (10) (1) (2)' is clicked on

2019-04-19 15:16:01 - [TEST_STEP][PASSED] - navigateToUrl("https://skiboengage.cloudkibo.com/dashboard"): Navigate to 'https://skiboengage.cloudkibo.com/dashboard' successfully

2019-04-19 15:16:34 - [MESSAGE][PASSED] - Navigate to 'https://skiboengage.cloudkibo.com/dashboard' successfully

2019-04-19 15:16:34 - [TEST_STEP][PASSED] - click(findTestObject("Page_KiboPush  Dashboard/h3_Dashboard (57)")): Object: 'Object Repository/Page_KiboPush  Dashboard/h3_Dashboard (57)' is clicked on

2019-04-19 15:16:35 - [MESSAGE][PASSED] - Object: 'Object Repository/Page_KiboPush  Dashboard/h3_Dashboard (57)' is clicked on

2019-04-19 15:16:35 - [TEST_STEP][PASSED] - delay(3): Delayed 3 second(s)

2019-04-19 15:16:38 - [MESSAGE][PASSED] - Delayed 3 second(s)

2019-04-19 15:16:38 - [TEST_STEP][PASSED] - click(findTestObject("Page_KiboEngage  Dashboard/a_SMS (2) (1) (1) (1)")): Object: 'Object Repository/Page_KiboEngage  Dashboard/a_SMS (2) (1) (1) (1)' is clicked on

2019-04-19 15:16:38 - [MESSAGE][PASSED] - Object: 'Object Repository/Page_KiboEngage  Dashboard/a_SMS (2) (1) (1) (1)' is clicked on

2019-04-19 15:16:38 - [TEST_STEP][PASSED] - click(findTestObject("Page_KiboEngage  Dashboard/span_Messenger (1) (1) (1)")): Object: 'Object Repository/Page_KiboEngage  Dashboard/span_Messenger (1) (1) (1)' is clicked on

2019-04-19 15:16:38 - [MESSAGE][PASSED] - Object: 'Object Repository/Page_KiboEngage  Dashboard/span_Messenger (1) (1) (1)' is clicked on

2019-04-19 15:16:38 - [MESSAGE][PASSED] - Call Test Case 'Test Cases/s-sidebar_navigation/individualAccount/Login-KiboEngage' successfully

2019-04-19 15:16:38 - [TEST_STEP][PASSED] - click(findTestObject("Object Repository/Page_KiboEngage  Dashboard/span_Growth Tools")): Object: 'Object Repository/Page_KiboEngage  Dashboard/span_Growth Tools' is clicked on

2019-04-19 15:16:38 - [MESSAGE][PASSED] - Object: 'Object Repository/Page_KiboEngage  Dashboard/span_Growth Tools' is clicked on

2019-04-19 15:16:38 - [TEST_STEP][PASSED] - delay(1): Delayed 1 second(s)

2019-04-19 15:16:39 - [MESSAGE][PASSED] - Delayed 1 second(s)

2019-04-19 15:16:39 - [TEST_STEP][PASSED] - click(findTestObject("Object Repository/Page_KiboEngage  Dashboard/span_Messenger Code")): Object: 'Object Repository/Page_KiboEngage  Dashboard/span_Messenger Code' is clicked on

2019-04-19 15:16:39 - [MESSAGE][PASSED] - Object: 'Object Repository/Page_KiboEngage  Dashboard/span_Messenger Code' is clicked on

2019-04-19 15:16:39 - [TEST_STEP][PASSED] - click(findTestObject("Object Repository/Page_KiboEngage  Messenger Code/a_documentation")): Object: 'Object Repository/Page_KiboEngage  Messenger Code/a_documentation' is clicked on

2019-04-19 15:16:39 - [MESSAGE][PASSED] - Object: 'Object Repository/Page_KiboEngage  Messenger Code/a_documentation' is clicked on]]></system-out>
         <system-err><![CDATA[]]></system-err>
      </testcase>
      <system-out><![CDATA[2019-04-19 15:12:53 - [TEST_SUITE][PASSED] - Discover Tabs: Test Cases/Discover Tabs/TC1081]]></system-out>
      <system-err><![CDATA[]]></system-err>
   </testsuite>
</testsuites>
