<?xml version="1.0" encoding="UTF-8"?>
<testsuites name="SMS" time="1447" tests="42" failures="1" errors="0">
   <testsuite name="SMS" tests="42" failures="1" errors="0" time="1447" timestamp="2019-04-08 12:51:04" hostname="cloudkibo-faizan - cloudkibo-faizan" id="Test Suites/SMS">
      <properties>
         <property name="deviceName" value=""/>
         <property name="devicePlatform" value=""/>
         <property name="logFolder" value="/home/cloudkibo-faizan/Drive/Katalon/production/KiboPush/Reports/SMS/20190408_125103"/>
         <property name="logFiles" value="/home/cloudkibo-faizan/Drive/Katalon/production/KiboPush/Reports/SMS/20190408_125103/execution0.log"/>
         <property name="attachments" value="/home/cloudkibo-faizan/Drive/Katalon/production/KiboPush/Reports/SMS/20190408_125103/1554710991336.png"/>
         <property name="hostName" value="cloudkibo-faizan - cloudkibo-faizan"/>
         <property name="os" value="Linux 64bit"/>
         <property name="katalonVersion" value="6.0.6.4"/>
         <property name="browser" value="Chrome 73.0.3683.75"/>
         <property name="hostAddress" value="127.0.1.1"/>
         <property name="sessionId" value="e7475e2cd73d065c251c0068ef140afb"/>
         <property name="seleniumVersion" value="3.7.1"/>
         <property name="proxyInformation" value="ProxyInformation{proxyOption=NO_PROXY, proxyServerType=HTTP, password=, proxyServerAddress=, proxyServerPort=0}"/>
         <property name="platform" value="Linux"/>
      </properties>
      <testcase name="Test Cases/SMS/contacts/TC11149" classname="Test Cases/SMS/contacts/TC11149" status="PASSED">
         <system-out><![CDATA[2019-04-08 12:51:05 - [TEST_CASE][PASSED] - Test Cases/SMS/contacts/TC11149: Test Cases/SMS/contacts/TC11149

2019-04-08 12:51:05 - [TEST_STEP][PASSED] - callTestCase(findTestCase("SMS/SMSPlatform"), [:], STOP_ON_FAILURE): Call Test Case 'Test Cases/SMS/SMSPlatform' successfully

2019-04-08 12:51:05 - [TEST_CASE][PASSED] - Test Cases/SMS/SMSPlatform: Test Cases/SMS/SMSPlatform

2019-04-08 12:51:05 - [TEST_STEP][PASSED] - callTestCase(findTestCase("s-sidebar_navigation/individualAccount/Dashboard"), [:], STOP_ON_FAILURE): Call Test Case 'Test Cases/s-sidebar_navigation/individualAccount/Dashboard' successfully

2019-04-08 12:51:05 - [TEST_CASE][PASSED] - Test Cases/s-sidebar_navigation/individualAccount/Dashboard: Test Cases/s-sidebar_navigation/individualAccount/Dashboard

2019-04-08 12:51:05 - [TEST_STEP][PASSED] - callTestCase(findTestCase("s-sidebar_navigation/individualAccount/Login-KiboEngage"), [:], STOP_ON_FAILURE): Call Test Case 'Test Cases/s-sidebar_navigation/individualAccount/Login-KiboEngage' successfully

2019-04-08 12:51:05 - [TEST_CASE][PASSED] - Test Cases/s-sidebar_navigation/individualAccount/Login-KiboEngage: Test Cases/s-sidebar_navigation/individualAccount/Login-KiboEngage

2019-04-08 12:51:05 - [TEST_STEP][PASSED] - openBrowser(""): Browser is opened with url: ''

2019-04-08 12:51:06 - [MESSAGE][INFO] - Starting 'Chrome' driver

2019-04-08 12:51:06 - [MESSAGE][INFO] - Action delay is set to 0 seconds

2019-04-08 12:51:06 - [MESSAGE][PASSED] - Browser is opened with url: ''

2019-04-08 12:51:06 - [TEST_STEP][PASSED] - maximizeWindow(): Current window maximized

2019-04-08 12:51:07 - [MESSAGE][PASSED] - Current window maximized

2019-04-08 12:51:07 - [TEST_STEP][PASSED] - navigateToUrl("https://kiboengage.cloudkibo.com/"): Navigate to 'https://kiboengage.cloudkibo.com/' successfully

2019-04-08 12:51:18 - [MESSAGE][PASSED] - Navigate to 'https://kiboengage.cloudkibo.com/' successfully

2019-04-08 12:51:18 - [TEST_STEP][PASSED] - navigateToUrl("https://accounts.cloudkibo.com/?continue=https://kiboengage.cloudkibo.com"): Navigate to 'https://accounts.cloudkibo.com/?continue=https://kiboengage.cloudkibo.com' successfully

2019-04-08 12:51:18 - [MESSAGE][PASSED] - Navigate to 'https://accounts.cloudkibo.com/?continue=https://kiboengage.cloudkibo.com' successfully

2019-04-08 12:51:18 - [TEST_STEP][PASSED] - click(findTestObject("Page_KiboPush/a_Login (9) (1)")): Object: 'Object Repository/Page_KiboPush/a_Login (9) (1)' is clicked on

2019-04-08 12:51:19 - [MESSAGE][PASSED] - Object: 'Object Repository/Page_KiboPush/a_Login (9) (1)' is clicked on

2019-04-08 12:51:19 - [TEST_STEP][PASSED] - setText(findTestObject("Page_KiboPush/input_email (10) (1)"), "individual@cloudkibo.com"): Text 'individual@cloudkibo.com' is set on object 'Object Repository/Page_KiboPush/input_email (10) (1)'

2019-04-08 12:51:19 - [MESSAGE][PASSED] - Text 'individual@cloudkibo.com' is set on object 'Object Repository/Page_KiboPush/input_email (10) (1)'

2019-04-08 12:51:19 - [TEST_STEP][PASSED] - setEncryptedText(findTestObject("Page_KiboPush/input_password (9) (1)"), "RigbBhfdqOBGNlJIWM1ClA=="): Text ****** has been set on object 'Object Repository/Page_KiboPush/input_password (9) (1)'

2019-04-08 12:51:19 - [MESSAGE][PASSED] - Text ****** has been set on object 'Object Repository/Page_KiboPush/input_password (9) (1)'

2019-04-08 12:51:19 - [TEST_STEP][PASSED] - click(findTestObject("Page_KiboPush/button_Sign In (10) (1)")): Object: 'Object Repository/Page_KiboPush/button_Sign In (10) (1)' is clicked on

2019-04-08 12:51:19 - [MESSAGE][PASSED] - Object: 'Object Repository/Page_KiboPush/button_Sign In (10) (1)' is clicked on

2019-04-08 12:51:19 - [TEST_STEP][PASSED] - navigateToUrl("https://kiboengage.cloudkibo.com/dashboard"): Navigate to 'https://kiboengage.cloudkibo.com/dashboard' successfully

2019-04-08 12:51:34 - [MESSAGE][PASSED] - Navigate to 'https://kiboengage.cloudkibo.com/dashboard' successfully

2019-04-08 12:51:34 - [TEST_STEP][PASSED] - click(findTestObject("Page_KiboPush  Dashboard/h3_Dashboard (57)")): Object: 'Object Repository/Page_KiboPush  Dashboard/h3_Dashboard (57)' is clicked on

2019-04-08 12:51:34 - [MESSAGE][PASSED] - Object: 'Object Repository/Page_KiboPush  Dashboard/h3_Dashboard (57)' is clicked on

2019-04-08 12:51:34 - [TEST_STEP][PASSED] - delay(3): Delayed 3 second(s)

2019-04-08 12:51:37 - [MESSAGE][PASSED] - Delayed 3 second(s)

2019-04-08 12:51:37 - [TEST_STEP][PASSED] - click(findTestObject("Object Repository/Page_KiboEngage  Dashboard/a_SMS (2)")): Object: 'Object Repository/Page_KiboEngage  Dashboard/a_SMS (2)' is clicked on

2019-04-08 12:51:37 - [MESSAGE][PASSED] - Object: 'Object Repository/Page_KiboEngage  Dashboard/a_SMS (2)' is clicked on

2019-04-08 12:51:37 - [TEST_STEP][PASSED] - click(findTestObject("Object Repository/Page_KiboEngage  Dashboard/span_Messenger")): Object: 'Object Repository/Page_KiboEngage  Dashboard/span_Messenger' is clicked on

2019-04-08 12:51:37 - [MESSAGE][PASSED] - Object: 'Object Repository/Page_KiboEngage  Dashboard/span_Messenger' is clicked on

2019-04-08 12:51:37 - [MESSAGE][PASSED] - Call Test Case 'Test Cases/s-sidebar_navigation/individualAccount/Login-KiboEngage' successfully

2019-04-08 12:51:37 - [TEST_STEP][PASSED] - click(findTestObject("Page_KiboPush  Dashboard/h3_Dashboard")): Object: 'Object Repository/Page_KiboPush  Dashboard/h3_Dashboard' is clicked on

2019-04-08 12:51:37 - [MESSAGE][PASSED] - Object: 'Object Repository/Page_KiboPush  Dashboard/h3_Dashboard' is clicked on

2019-04-08 12:51:37 - [TEST_STEP][PASSED] - click(findTestObject("Page_KiboPush  Dashboard/span_Dashboard")): Object: 'Object Repository/Page_KiboPush  Dashboard/span_Dashboard' is clicked on

2019-04-08 12:51:37 - [MESSAGE][PASSED] - Object: 'Object Repository/Page_KiboPush  Dashboard/span_Dashboard' is clicked on

2019-04-08 12:51:37 - [MESSAGE][PASSED] - Call Test Case 'Test Cases/s-sidebar_navigation/individualAccount/Dashboard' successfully

2019-04-08 12:51:37 - [TEST_STEP][PASSED] - click(findTestObject("Page_KiboEngage  Dashboard/a_SMS (1)")): Object: 'Object Repository/Page_KiboEngage  Dashboard/a_SMS (1)' is clicked on

2019-04-08 12:51:37 - [MESSAGE][PASSED] - Object: 'Object Repository/Page_KiboEngage  Dashboard/a_SMS (1)' is clicked on

2019-04-08 12:51:37 - [TEST_STEP][PASSED] - click(findTestObject("Page_KiboEngage  Dashboard/span_SMS (1)")): Object: 'Object Repository/Page_KiboEngage  Dashboard/span_SMS (1)' is clicked on

2019-04-08 12:51:37 - [MESSAGE][PASSED] - Object: 'Object Repository/Page_KiboEngage  Dashboard/span_SMS (1)' is clicked on

2019-04-08 12:51:37 - [MESSAGE][PASSED] - Call Test Case 'Test Cases/SMS/SMSPlatform' successfully]]></system-out>
         <system-err><![CDATA[]]></system-err>
      </testcase>
      <testcase name="Test Cases/SMS/contacts/TC11150" classname="Test Cases/SMS/contacts/TC11150" status="PASSED">
         <system-out><![CDATA[2019-04-08 12:51:37 - [TEST_CASE][PASSED] - Test Cases/SMS/contacts/TC11150: Test Cases/SMS/contacts/TC11150

2019-04-08 12:51:37 - [TEST_STEP][PASSED] - callTestCase(findTestCase("SMS/SMSPlatform"), [:], STOP_ON_FAILURE): Call Test Case 'Test Cases/SMS/SMSPlatform' successfully

2019-04-08 12:51:37 - [TEST_CASE][PASSED] - Test Cases/SMS/SMSPlatform: Test Cases/SMS/SMSPlatform

2019-04-08 12:51:37 - [TEST_STEP][PASSED] - callTestCase(findTestCase("s-sidebar_navigation/individualAccount/Dashboard"), [:], STOP_ON_FAILURE): Call Test Case 'Test Cases/s-sidebar_navigation/individualAccount/Dashboard' successfully

2019-04-08 12:51:38 - [TEST_CASE][PASSED] - Test Cases/s-sidebar_navigation/individualAccount/Dashboard: Test Cases/s-sidebar_navigation/individualAccount/Dashboard

2019-04-08 12:51:38 - [TEST_STEP][PASSED] - callTestCase(findTestCase("s-sidebar_navigation/individualAccount/Login-KiboEngage"), [:], STOP_ON_FAILURE): Call Test Case 'Test Cases/s-sidebar_navigation/individualAccount/Login-KiboEngage' successfully

2019-04-08 12:51:38 - [TEST_CASE][PASSED] - Test Cases/s-sidebar_navigation/individualAccount/Login-KiboEngage: Test Cases/s-sidebar_navigation/individualAccount/Login-KiboEngage

2019-04-08 12:51:38 - [TEST_STEP][PASSED] - openBrowser(""): Browser is opened with url: ''

2019-04-08 12:51:38 - [MESSAGE][WARNING] - A browser is already opened. Closing browser and opening a new one

2019-04-08 12:51:38 - [MESSAGE][INFO] - Starting 'Chrome' driver

2019-04-08 12:51:38 - [MESSAGE][PASSED] - Browser is opened with url: ''

2019-04-08 12:51:38 - [TEST_STEP][PASSED] - maximizeWindow(): Current window maximized

2019-04-08 12:51:38 - [MESSAGE][PASSED] - Current window maximized

2019-04-08 12:51:38 - [TEST_STEP][PASSED] - navigateToUrl("https://kiboengage.cloudkibo.com/"): Navigate to 'https://kiboengage.cloudkibo.com/' successfully

2019-04-08 12:51:52 - [MESSAGE][PASSED] - Navigate to 'https://kiboengage.cloudkibo.com/' successfully

2019-04-08 12:51:52 - [TEST_STEP][PASSED] - navigateToUrl("https://accounts.cloudkibo.com/?continue=https://kiboengage.cloudkibo.com"): Navigate to 'https://accounts.cloudkibo.com/?continue=https://kiboengage.cloudkibo.com' successfully

2019-04-08 12:51:52 - [MESSAGE][PASSED] - Navigate to 'https://accounts.cloudkibo.com/?continue=https://kiboengage.cloudkibo.com' successfully

2019-04-08 12:51:52 - [TEST_STEP][PASSED] - click(findTestObject("Page_KiboPush/a_Login (9) (1)")): Object: 'Object Repository/Page_KiboPush/a_Login (9) (1)' is clicked on

2019-04-08 12:51:53 - [MESSAGE][PASSED] - Object: 'Object Repository/Page_KiboPush/a_Login (9) (1)' is clicked on

2019-04-08 12:51:53 - [TEST_STEP][PASSED] - setText(findTestObject("Page_KiboPush/input_email (10) (1)"), "individual@cloudkibo.com"): Text 'individual@cloudkibo.com' is set on object 'Object Repository/Page_KiboPush/input_email (10) (1)'

2019-04-08 12:51:53 - [MESSAGE][PASSED] - Text 'individual@cloudkibo.com' is set on object 'Object Repository/Page_KiboPush/input_email (10) (1)'

2019-04-08 12:51:53 - [TEST_STEP][PASSED] - setEncryptedText(findTestObject("Page_KiboPush/input_password (9) (1)"), "RigbBhfdqOBGNlJIWM1ClA=="): Text ****** has been set on object 'Object Repository/Page_KiboPush/input_password (9) (1)'

2019-04-08 12:51:53 - [MESSAGE][PASSED] - Text ****** has been set on object 'Object Repository/Page_KiboPush/input_password (9) (1)'

2019-04-08 12:51:53 - [TEST_STEP][PASSED] - click(findTestObject("Page_KiboPush/button_Sign In (10) (1)")): Object: 'Object Repository/Page_KiboPush/button_Sign In (10) (1)' is clicked on

2019-04-08 12:51:53 - [MESSAGE][PASSED] - Object: 'Object Repository/Page_KiboPush/button_Sign In (10) (1)' is clicked on

2019-04-08 12:51:53 - [TEST_STEP][PASSED] - navigateToUrl("https://kiboengage.cloudkibo.com/dashboard"): Navigate to 'https://kiboengage.cloudkibo.com/dashboard' successfully

2019-04-08 12:52:09 - [MESSAGE][PASSED] - Navigate to 'https://kiboengage.cloudkibo.com/dashboard' successfully

2019-04-08 12:52:09 - [TEST_STEP][PASSED] - click(findTestObject("Page_KiboPush  Dashboard/h3_Dashboard (57)")): Object: 'Object Repository/Page_KiboPush  Dashboard/h3_Dashboard (57)' is clicked on

2019-04-08 12:52:09 - [MESSAGE][PASSED] - Object: 'Object Repository/Page_KiboPush  Dashboard/h3_Dashboard (57)' is clicked on

2019-04-08 12:52:09 - [TEST_STEP][PASSED] - delay(3): Delayed 3 second(s)

2019-04-08 12:52:12 - [MESSAGE][PASSED] - Delayed 3 second(s)

2019-04-08 12:52:12 - [TEST_STEP][PASSED] - click(findTestObject("Object Repository/Page_KiboEngage  Dashboard/a_SMS (2)")): Object: 'Object Repository/Page_KiboEngage  Dashboard/a_SMS (2)' is clicked on

2019-04-08 12:52:12 - [MESSAGE][PASSED] - Object: 'Object Repository/Page_KiboEngage  Dashboard/a_SMS (2)' is clicked on

2019-04-08 12:52:12 - [TEST_STEP][PASSED] - click(findTestObject("Object Repository/Page_KiboEngage  Dashboard/span_Messenger")): Object: 'Object Repository/Page_KiboEngage  Dashboard/span_Messenger' is clicked on

2019-04-08 12:52:12 - [MESSAGE][PASSED] - Object: 'Object Repository/Page_KiboEngage  Dashboard/span_Messenger' is clicked on

2019-04-08 12:52:12 - [MESSAGE][PASSED] - Call Test Case 'Test Cases/s-sidebar_navigation/individualAccount/Login-KiboEngage' successfully

2019-04-08 12:52:12 - [TEST_STEP][PASSED] - click(findTestObject("Page_KiboPush  Dashboard/h3_Dashboard")): Object: 'Object Repository/Page_KiboPush  Dashboard/h3_Dashboard' is clicked on

2019-04-08 12:52:13 - [MESSAGE][PASSED] - Object: 'Object Repository/Page_KiboPush  Dashboard/h3_Dashboard' is clicked on

2019-04-08 12:52:13 - [TEST_STEP][PASSED] - click(findTestObject("Page_KiboPush  Dashboard/span_Dashboard")): Object: 'Object Repository/Page_KiboPush  Dashboard/span_Dashboard' is clicked on

2019-04-08 12:52:13 - [MESSAGE][PASSED] - Object: 'Object Repository/Page_KiboPush  Dashboard/span_Dashboard' is clicked on

2019-04-08 12:52:13 - [MESSAGE][PASSED] - Call Test Case 'Test Cases/s-sidebar_navigation/individualAccount/Dashboard' successfully

2019-04-08 12:52:13 - [TEST_STEP][PASSED] - click(findTestObject("Page_KiboEngage  Dashboard/a_SMS (1)")): Object: 'Object Repository/Page_KiboEngage  Dashboard/a_SMS (1)' is clicked on

2019-04-08 12:52:13 - [MESSAGE][PASSED] - Object: 'Object Repository/Page_KiboEngage  Dashboard/a_SMS (1)' is clicked on

2019-04-08 12:52:13 - [TEST_STEP][PASSED] - click(findTestObject("Page_KiboEngage  Dashboard/span_SMS (1)")): Object: 'Object Repository/Page_KiboEngage  Dashboard/span_SMS (1)' is clicked on

2019-04-08 12:52:13 - [MESSAGE][PASSED] - Object: 'Object Repository/Page_KiboEngage  Dashboard/span_SMS (1)' is clicked on

2019-04-08 12:52:13 - [MESSAGE][PASSED] - Call Test Case 'Test Cases/SMS/SMSPlatform' successfully

2019-04-08 12:52:13 - [TEST_STEP][PASSED] - click(findTestObject("Page_KiboEngage  Dashboard/span_Subscribers (1)")): Object: 'Object Repository/Page_KiboEngage  Dashboard/span_Subscribers (1)' is clicked on

2019-04-08 12:52:13 - [MESSAGE][PASSED] - Object: 'Object Repository/Page_KiboEngage  Dashboard/span_Subscribers (1)' is clicked on

2019-04-08 12:52:13 - [TEST_STEP][PASSED] - click(findTestObject("Object Repository/Page_KiboEngage  Subscribers/h3_Subscribers")): Object: 'Object Repository/Page_KiboEngage  Subscribers/h3_Subscribers' is clicked on

2019-04-08 12:52:13 - [MESSAGE][PASSED] - Object: 'Object Repository/Page_KiboEngage  Subscribers/h3_Subscribers' is clicked on

2019-04-08 12:52:13 - [TEST_STEP][PASSED] - delay(1): Delayed 1 second(s)

2019-04-08 12:52:14 - [MESSAGE][PASSED] - Delayed 1 second(s)

2019-04-08 12:52:14 - [TEST_STEP][PASSED] - driver = getWebDriver(): null

2019-04-08 12:52:14 - [TEST_STEP][PASSED] - Table = driver.findElement(By.xpath("//*[@id="ajax_data"]/table/tbody")): null

2019-04-08 12:52:14 - [TEST_STEP][PASSED] - rows_table = Table.findElements(By.tagName("tr")): null

2019-04-08 12:52:14 - [TEST_STEP][PASSED] - verifyGreaterThanOrEqual(rows_table.size(), 1): Actual number '5' is greater than or equal to expected number '1'

2019-04-08 12:52:14 - [MESSAGE][PASSED] - Actual number '5' is greater than or equal to expected number '1']]></system-out>
         <system-err><![CDATA[]]></system-err>
      </testcase>
      <testcase name="Test Cases/SMS/contacts/TC11151" classname="Test Cases/SMS/contacts/TC11151" status="PASSED">
         <system-out><![CDATA[2019-04-08 12:52:14 - [TEST_CASE][PASSED] - Test Cases/SMS/contacts/TC11151: Test Cases/SMS/contacts/TC11151

2019-04-08 12:52:14 - [TEST_STEP][PASSED] - callTestCase(findTestCase("SMS/SMSPlatform"), [:], STOP_ON_FAILURE): Call Test Case 'Test Cases/SMS/SMSPlatform' successfully

2019-04-08 12:52:15 - [TEST_CASE][PASSED] - Test Cases/SMS/SMSPlatform: Test Cases/SMS/SMSPlatform

2019-04-08 12:52:15 - [TEST_STEP][PASSED] - callTestCase(findTestCase("s-sidebar_navigation/individualAccount/Dashboard"), [:], STOP_ON_FAILURE): Call Test Case 'Test Cases/s-sidebar_navigation/individualAccount/Dashboard' successfully

2019-04-08 12:52:15 - [TEST_CASE][PASSED] - Test Cases/s-sidebar_navigation/individualAccount/Dashboard: Test Cases/s-sidebar_navigation/individualAccount/Dashboard

2019-04-08 12:52:15 - [TEST_STEP][PASSED] - callTestCase(findTestCase("s-sidebar_navigation/individualAccount/Login-KiboEngage"), [:], STOP_ON_FAILURE): Call Test Case 'Test Cases/s-sidebar_navigation/individualAccount/Login-KiboEngage' successfully

2019-04-08 12:52:15 - [TEST_CASE][PASSED] - Test Cases/s-sidebar_navigation/individualAccount/Login-KiboEngage: Test Cases/s-sidebar_navigation/individualAccount/Login-KiboEngage

2019-04-08 12:52:15 - [TEST_STEP][PASSED] - openBrowser(""): Browser is opened with url: ''

2019-04-08 12:52:15 - [MESSAGE][WARNING] - A browser is already opened. Closing browser and opening a new one

2019-04-08 12:52:15 - [MESSAGE][INFO] - Starting 'Chrome' driver

2019-04-08 12:52:16 - [MESSAGE][PASSED] - Browser is opened with url: ''

2019-04-08 12:52:16 - [TEST_STEP][PASSED] - maximizeWindow(): Current window maximized

2019-04-08 12:52:16 - [MESSAGE][PASSED] - Current window maximized

2019-04-08 12:52:16 - [TEST_STEP][PASSED] - navigateToUrl("https://kiboengage.cloudkibo.com/"): Navigate to 'https://kiboengage.cloudkibo.com/' successfully

2019-04-08 12:52:28 - [MESSAGE][PASSED] - Navigate to 'https://kiboengage.cloudkibo.com/' successfully

2019-04-08 12:52:28 - [TEST_STEP][PASSED] - navigateToUrl("https://accounts.cloudkibo.com/?continue=https://kiboengage.cloudkibo.com"): Navigate to 'https://accounts.cloudkibo.com/?continue=https://kiboengage.cloudkibo.com' successfully

2019-04-08 12:52:29 - [MESSAGE][PASSED] - Navigate to 'https://accounts.cloudkibo.com/?continue=https://kiboengage.cloudkibo.com' successfully

2019-04-08 12:52:29 - [TEST_STEP][PASSED] - click(findTestObject("Page_KiboPush/a_Login (9) (1)")): Object: 'Object Repository/Page_KiboPush/a_Login (9) (1)' is clicked on

2019-04-08 12:52:29 - [MESSAGE][PASSED] - Object: 'Object Repository/Page_KiboPush/a_Login (9) (1)' is clicked on

2019-04-08 12:52:29 - [TEST_STEP][PASSED] - setText(findTestObject("Page_KiboPush/input_email (10) (1)"), "individual@cloudkibo.com"): Text 'individual@cloudkibo.com' is set on object 'Object Repository/Page_KiboPush/input_email (10) (1)'

2019-04-08 12:52:30 - [MESSAGE][PASSED] - Text 'individual@cloudkibo.com' is set on object 'Object Repository/Page_KiboPush/input_email (10) (1)'

2019-04-08 12:52:30 - [TEST_STEP][PASSED] - setEncryptedText(findTestObject("Page_KiboPush/input_password (9) (1)"), "RigbBhfdqOBGNlJIWM1ClA=="): Text ****** has been set on object 'Object Repository/Page_KiboPush/input_password (9) (1)'

2019-04-08 12:52:30 - [MESSAGE][PASSED] - Text ****** has been set on object 'Object Repository/Page_KiboPush/input_password (9) (1)'

2019-04-08 12:52:30 - [TEST_STEP][PASSED] - click(findTestObject("Page_KiboPush/button_Sign In (10) (1)")): Object: 'Object Repository/Page_KiboPush/button_Sign In (10) (1)' is clicked on

2019-04-08 12:52:30 - [MESSAGE][PASSED] - Object: 'Object Repository/Page_KiboPush/button_Sign In (10) (1)' is clicked on

2019-04-08 12:52:30 - [TEST_STEP][PASSED] - navigateToUrl("https://kiboengage.cloudkibo.com/dashboard"): Navigate to 'https://kiboengage.cloudkibo.com/dashboard' successfully

2019-04-08 12:52:49 - [MESSAGE][PASSED] - Navigate to 'https://kiboengage.cloudkibo.com/dashboard' successfully

2019-04-08 12:52:49 - [TEST_STEP][PASSED] - click(findTestObject("Page_KiboPush  Dashboard/h3_Dashboard (57)")): Object: 'Object Repository/Page_KiboPush  Dashboard/h3_Dashboard (57)' is clicked on

2019-04-08 12:52:49 - [MESSAGE][PASSED] - Object: 'Object Repository/Page_KiboPush  Dashboard/h3_Dashboard (57)' is clicked on

2019-04-08 12:52:49 - [TEST_STEP][PASSED] - delay(3): Delayed 3 second(s)

2019-04-08 12:52:52 - [MESSAGE][PASSED] - Delayed 3 second(s)

2019-04-08 12:52:52 - [TEST_STEP][PASSED] - click(findTestObject("Object Repository/Page_KiboEngage  Dashboard/a_SMS (2)")): Object: 'Object Repository/Page_KiboEngage  Dashboard/a_SMS (2)' is clicked on

2019-04-08 12:52:52 - [MESSAGE][PASSED] - Object: 'Object Repository/Page_KiboEngage  Dashboard/a_SMS (2)' is clicked on

2019-04-08 12:52:52 - [TEST_STEP][PASSED] - click(findTestObject("Object Repository/Page_KiboEngage  Dashboard/span_Messenger")): Object: 'Object Repository/Page_KiboEngage  Dashboard/span_Messenger' is clicked on

2019-04-08 12:52:52 - [MESSAGE][PASSED] - Object: 'Object Repository/Page_KiboEngage  Dashboard/span_Messenger' is clicked on

2019-04-08 12:52:52 - [MESSAGE][PASSED] - Call Test Case 'Test Cases/s-sidebar_navigation/individualAccount/Login-KiboEngage' successfully

2019-04-08 12:52:52 - [TEST_STEP][PASSED] - click(findTestObject("Page_KiboPush  Dashboard/h3_Dashboard")): Object: 'Object Repository/Page_KiboPush  Dashboard/h3_Dashboard' is clicked on

2019-04-08 12:52:52 - [MESSAGE][PASSED] - Object: 'Object Repository/Page_KiboPush  Dashboard/h3_Dashboard' is clicked on

2019-04-08 12:52:52 - [TEST_STEP][PASSED] - click(findTestObject("Page_KiboPush  Dashboard/span_Dashboard")): Object: 'Object Repository/Page_KiboPush  Dashboard/span_Dashboard' is clicked on

2019-04-08 12:52:52 - [MESSAGE][PASSED] - Object: 'Object Repository/Page_KiboPush  Dashboard/span_Dashboard' is clicked on

2019-04-08 12:52:52 - [MESSAGE][PASSED] - Call Test Case 'Test Cases/s-sidebar_navigation/individualAccount/Dashboard' successfully

2019-04-08 12:52:52 - [TEST_STEP][PASSED] - click(findTestObject("Page_KiboEngage  Dashboard/a_SMS (1)")): Object: 'Object Repository/Page_KiboEngage  Dashboard/a_SMS (1)' is clicked on

2019-04-08 12:52:52 - [MESSAGE][PASSED] - Object: 'Object Repository/Page_KiboEngage  Dashboard/a_SMS (1)' is clicked on

2019-04-08 12:52:52 - [TEST_STEP][PASSED] - click(findTestObject("Page_KiboEngage  Dashboard/span_SMS (1)")): Object: 'Object Repository/Page_KiboEngage  Dashboard/span_SMS (1)' is clicked on

2019-04-08 12:52:52 - [MESSAGE][PASSED] - Object: 'Object Repository/Page_KiboEngage  Dashboard/span_SMS (1)' is clicked on

2019-04-08 12:52:52 - [MESSAGE][PASSED] - Call Test Case 'Test Cases/SMS/SMSPlatform' successfully

2019-04-08 12:52:52 - [TEST_STEP][PASSED] - click(findTestObject("Page_KiboEngage  Dashboard/span_Subscribers (1) (1)")): Object: 'Object Repository/Page_KiboEngage  Dashboard/span_Subscribers (1) (1)' is clicked on

2019-04-08 12:52:52 - [MESSAGE][PASSED] - Object: 'Object Repository/Page_KiboEngage  Dashboard/span_Subscribers (1) (1)' is clicked on

2019-04-08 12:52:52 - [TEST_STEP][PASSED] - click(findTestObject("Object Repository/Page_KiboEngage  Subscribers/a_next")): Object: 'Object Repository/Page_KiboEngage  Subscribers/a_next' is clicked on

2019-04-08 12:52:53 - [MESSAGE][PASSED] - Object: 'Object Repository/Page_KiboEngage  Subscribers/a_next' is clicked on]]></system-out>
         <system-err><![CDATA[]]></system-err>
      </testcase>
      <testcase name="Test Cases/SMS/contacts/TC11152" classname="Test Cases/SMS/contacts/TC11152" status="PASSED">
         <system-out><![CDATA[2019-04-08 12:52:53 - [TEST_CASE][PASSED] - Test Cases/SMS/contacts/TC11152: Test Cases/SMS/contacts/TC11152

2019-04-08 12:52:53 - [TEST_STEP][PASSED] - callTestCase(findTestCase("SMS/SMSPlatform"), [:], STOP_ON_FAILURE): Call Test Case 'Test Cases/SMS/SMSPlatform' successfully

2019-04-08 12:52:53 - [TEST_CASE][PASSED] - Test Cases/SMS/SMSPlatform: Test Cases/SMS/SMSPlatform

2019-04-08 12:52:53 - [TEST_STEP][PASSED] - callTestCase(findTestCase("s-sidebar_navigation/individualAccount/Dashboard"), [:], STOP_ON_FAILURE): Call Test Case 'Test Cases/s-sidebar_navigation/individualAccount/Dashboard' successfully

2019-04-08 12:52:53 - [TEST_CASE][PASSED] - Test Cases/s-sidebar_navigation/individualAccount/Dashboard: Test Cases/s-sidebar_navigation/individualAccount/Dashboard

2019-04-08 12:52:53 - [TEST_STEP][PASSED] - callTestCase(findTestCase("s-sidebar_navigation/individualAccount/Login-KiboEngage"), [:], STOP_ON_FAILURE): Call Test Case 'Test Cases/s-sidebar_navigation/individualAccount/Login-KiboEngage' successfully

2019-04-08 12:52:53 - [TEST_CASE][PASSED] - Test Cases/s-sidebar_navigation/individualAccount/Login-KiboEngage: Test Cases/s-sidebar_navigation/individualAccount/Login-KiboEngage

2019-04-08 12:52:53 - [TEST_STEP][PASSED] - openBrowser(""): Browser is opened with url: ''

2019-04-08 12:52:53 - [MESSAGE][WARNING] - A browser is already opened. Closing browser and opening a new one

2019-04-08 12:52:53 - [MESSAGE][INFO] - Starting 'Chrome' driver

2019-04-08 12:52:54 - [MESSAGE][PASSED] - Browser is opened with url: ''

2019-04-08 12:52:54 - [TEST_STEP][PASSED] - maximizeWindow(): Current window maximized

2019-04-08 12:52:54 - [MESSAGE][PASSED] - Current window maximized

2019-04-08 12:52:54 - [TEST_STEP][PASSED] - navigateToUrl("https://kiboengage.cloudkibo.com/"): Navigate to 'https://kiboengage.cloudkibo.com/' successfully

2019-04-08 12:53:06 - [MESSAGE][PASSED] - Navigate to 'https://kiboengage.cloudkibo.com/' successfully

2019-04-08 12:53:06 - [TEST_STEP][PASSED] - navigateToUrl("https://accounts.cloudkibo.com/?continue=https://kiboengage.cloudkibo.com"): Navigate to 'https://accounts.cloudkibo.com/?continue=https://kiboengage.cloudkibo.com' successfully

2019-04-08 12:53:07 - [MESSAGE][PASSED] - Navigate to 'https://accounts.cloudkibo.com/?continue=https://kiboengage.cloudkibo.com' successfully

2019-04-08 12:53:07 - [TEST_STEP][PASSED] - click(findTestObject("Page_KiboPush/a_Login (9) (1)")): Object: 'Object Repository/Page_KiboPush/a_Login (9) (1)' is clicked on

2019-04-08 12:53:08 - [MESSAGE][PASSED] - Object: 'Object Repository/Page_KiboPush/a_Login (9) (1)' is clicked on

2019-04-08 12:53:08 - [TEST_STEP][PASSED] - setText(findTestObject("Page_KiboPush/input_email (10) (1)"), "individual@cloudkibo.com"): Text 'individual@cloudkibo.com' is set on object 'Object Repository/Page_KiboPush/input_email (10) (1)'

2019-04-08 12:53:08 - [MESSAGE][PASSED] - Text 'individual@cloudkibo.com' is set on object 'Object Repository/Page_KiboPush/input_email (10) (1)'

2019-04-08 12:53:08 - [TEST_STEP][PASSED] - setEncryptedText(findTestObject("Page_KiboPush/input_password (9) (1)"), "RigbBhfdqOBGNlJIWM1ClA=="): Text ****** has been set on object 'Object Repository/Page_KiboPush/input_password (9) (1)'

2019-04-08 12:53:08 - [MESSAGE][PASSED] - Text ****** has been set on object 'Object Repository/Page_KiboPush/input_password (9) (1)'

2019-04-08 12:53:08 - [TEST_STEP][PASSED] - click(findTestObject("Page_KiboPush/button_Sign In (10) (1)")): Object: 'Object Repository/Page_KiboPush/button_Sign In (10) (1)' is clicked on

2019-04-08 12:53:08 - [MESSAGE][PASSED] - Object: 'Object Repository/Page_KiboPush/button_Sign In (10) (1)' is clicked on

2019-04-08 12:53:08 - [TEST_STEP][PASSED] - navigateToUrl("https://kiboengage.cloudkibo.com/dashboard"): Navigate to 'https://kiboengage.cloudkibo.com/dashboard' successfully

2019-04-08 12:53:21 - [MESSAGE][PASSED] - Navigate to 'https://kiboengage.cloudkibo.com/dashboard' successfully

2019-04-08 12:53:21 - [TEST_STEP][PASSED] - click(findTestObject("Page_KiboPush  Dashboard/h3_Dashboard (57)")): Object: 'Object Repository/Page_KiboPush  Dashboard/h3_Dashboard (57)' is clicked on

2019-04-08 12:53:21 - [MESSAGE][PASSED] - Object: 'Object Repository/Page_KiboPush  Dashboard/h3_Dashboard (57)' is clicked on

2019-04-08 12:53:21 - [TEST_STEP][PASSED] - delay(3): Delayed 3 second(s)

2019-04-08 12:53:24 - [MESSAGE][PASSED] - Delayed 3 second(s)

2019-04-08 12:53:24 - [TEST_STEP][PASSED] - click(findTestObject("Object Repository/Page_KiboEngage  Dashboard/a_SMS (2)")): Object: 'Object Repository/Page_KiboEngage  Dashboard/a_SMS (2)' is clicked on

2019-04-08 12:53:24 - [MESSAGE][PASSED] - Object: 'Object Repository/Page_KiboEngage  Dashboard/a_SMS (2)' is clicked on

2019-04-08 12:53:24 - [TEST_STEP][PASSED] - click(findTestObject("Object Repository/Page_KiboEngage  Dashboard/span_Messenger")): Object: 'Object Repository/Page_KiboEngage  Dashboard/span_Messenger' is clicked on

2019-04-08 12:53:24 - [MESSAGE][PASSED] - Object: 'Object Repository/Page_KiboEngage  Dashboard/span_Messenger' is clicked on

2019-04-08 12:53:24 - [MESSAGE][PASSED] - Call Test Case 'Test Cases/s-sidebar_navigation/individualAccount/Login-KiboEngage' successfully

2019-04-08 12:53:24 - [TEST_STEP][PASSED] - click(findTestObject("Page_KiboPush  Dashboard/h3_Dashboard")): Object: 'Object Repository/Page_KiboPush  Dashboard/h3_Dashboard' is clicked on

2019-04-08 12:53:24 - [MESSAGE][PASSED] - Object: 'Object Repository/Page_KiboPush  Dashboard/h3_Dashboard' is clicked on

2019-04-08 12:53:24 - [TEST_STEP][PASSED] - click(findTestObject("Page_KiboPush  Dashboard/span_Dashboard")): Object: 'Object Repository/Page_KiboPush  Dashboard/span_Dashboard' is clicked on

2019-04-08 12:53:24 - [MESSAGE][PASSED] - Object: 'Object Repository/Page_KiboPush  Dashboard/span_Dashboard' is clicked on

2019-04-08 12:53:24 - [MESSAGE][PASSED] - Call Test Case 'Test Cases/s-sidebar_navigation/individualAccount/Dashboard' successfully

2019-04-08 12:53:24 - [TEST_STEP][PASSED] - click(findTestObject("Page_KiboEngage  Dashboard/a_SMS (1)")): Object: 'Object Repository/Page_KiboEngage  Dashboard/a_SMS (1)' is clicked on

2019-04-08 12:53:25 - [MESSAGE][PASSED] - Object: 'Object Repository/Page_KiboEngage  Dashboard/a_SMS (1)' is clicked on

2019-04-08 12:53:25 - [TEST_STEP][PASSED] - click(findTestObject("Page_KiboEngage  Dashboard/span_SMS (1)")): Object: 'Object Repository/Page_KiboEngage  Dashboard/span_SMS (1)' is clicked on

2019-04-08 12:53:25 - [MESSAGE][PASSED] - Object: 'Object Repository/Page_KiboEngage  Dashboard/span_SMS (1)' is clicked on

2019-04-08 12:53:25 - [MESSAGE][PASSED] - Call Test Case 'Test Cases/SMS/SMSPlatform' successfully

2019-04-08 12:53:25 - [TEST_STEP][PASSED] - click(findTestObject("Page_KiboEngage  Dashboard/span_Subscribers (1) (1) (1)")): Object: 'Object Repository/Page_KiboEngage  Dashboard/span_Subscribers (1) (1) (1)' is clicked on

2019-04-08 12:53:25 - [MESSAGE][PASSED] - Object: 'Object Repository/Page_KiboEngage  Dashboard/span_Subscribers (1) (1) (1)' is clicked on

2019-04-08 12:53:25 - [TEST_STEP][PASSED] - click(findTestObject("Object Repository/Page_KiboEngage  Subscribers/a_previous")): Object: 'Object Repository/Page_KiboEngage  Subscribers/a_previous' is clicked on

2019-04-08 12:53:26 - [MESSAGE][PASSED] - Object: 'Object Repository/Page_KiboEngage  Subscribers/a_previous' is clicked on]]></system-out>
         <system-err><![CDATA[]]></system-err>
      </testcase>
      <testcase name="Test Cases/SMS/contacts/TC11153" classname="Test Cases/SMS/contacts/TC11153" status="PASSED">
         <system-out><![CDATA[2019-04-08 12:53:26 - [TEST_CASE][PASSED] - Test Cases/SMS/contacts/TC11153: Test Cases/SMS/contacts/TC11153

2019-04-08 12:53:26 - [TEST_STEP][PASSED] - callTestCase(findTestCase("SMS/SMSPlatform"), [:], STOP_ON_FAILURE): Call Test Case 'Test Cases/SMS/SMSPlatform' successfully

2019-04-08 12:53:26 - [TEST_CASE][PASSED] - Test Cases/SMS/SMSPlatform: Test Cases/SMS/SMSPlatform

2019-04-08 12:53:26 - [TEST_STEP][PASSED] - callTestCase(findTestCase("s-sidebar_navigation/individualAccount/Dashboard"), [:], STOP_ON_FAILURE): Call Test Case 'Test Cases/s-sidebar_navigation/individualAccount/Dashboard' successfully

2019-04-08 12:53:26 - [TEST_CASE][PASSED] - Test Cases/s-sidebar_navigation/individualAccount/Dashboard: Test Cases/s-sidebar_navigation/individualAccount/Dashboard

2019-04-08 12:53:26 - [TEST_STEP][PASSED] - callTestCase(findTestCase("s-sidebar_navigation/individualAccount/Login-KiboEngage"), [:], STOP_ON_FAILURE): Call Test Case 'Test Cases/s-sidebar_navigation/individualAccount/Login-KiboEngage' successfully

2019-04-08 12:53:26 - [TEST_CASE][PASSED] - Test Cases/s-sidebar_navigation/individualAccount/Login-KiboEngage: Test Cases/s-sidebar_navigation/individualAccount/Login-KiboEngage

2019-04-08 12:53:26 - [TEST_STEP][PASSED] - openBrowser(""): Browser is opened with url: ''

2019-04-08 12:53:26 - [MESSAGE][WARNING] - A browser is already opened. Closing browser and opening a new one

2019-04-08 12:53:26 - [MESSAGE][INFO] - Starting 'Chrome' driver

2019-04-08 12:53:27 - [MESSAGE][PASSED] - Browser is opened with url: ''

2019-04-08 12:53:27 - [TEST_STEP][PASSED] - maximizeWindow(): Current window maximized

2019-04-08 12:53:27 - [MESSAGE][PASSED] - Current window maximized

2019-04-08 12:53:27 - [TEST_STEP][PASSED] - navigateToUrl("https://kiboengage.cloudkibo.com/"): Navigate to 'https://kiboengage.cloudkibo.com/' successfully

2019-04-08 12:53:41 - [MESSAGE][PASSED] - Navigate to 'https://kiboengage.cloudkibo.com/' successfully

2019-04-08 12:53:41 - [TEST_STEP][PASSED] - navigateToUrl("https://accounts.cloudkibo.com/?continue=https://kiboengage.cloudkibo.com"): Navigate to 'https://accounts.cloudkibo.com/?continue=https://kiboengage.cloudkibo.com' successfully

2019-04-08 12:53:41 - [MESSAGE][PASSED] - Navigate to 'https://accounts.cloudkibo.com/?continue=https://kiboengage.cloudkibo.com' successfully

2019-04-08 12:53:41 - [TEST_STEP][PASSED] - click(findTestObject("Page_KiboPush/a_Login (9) (1)")): Object: 'Object Repository/Page_KiboPush/a_Login (9) (1)' is clicked on

2019-04-08 12:53:42 - [MESSAGE][PASSED] - Object: 'Object Repository/Page_KiboPush/a_Login (9) (1)' is clicked on

2019-04-08 12:53:42 - [TEST_STEP][PASSED] - setText(findTestObject("Page_KiboPush/input_email (10) (1)"), "individual@cloudkibo.com"): Text 'individual@cloudkibo.com' is set on object 'Object Repository/Page_KiboPush/input_email (10) (1)'

2019-04-08 12:53:42 - [MESSAGE][PASSED] - Text 'individual@cloudkibo.com' is set on object 'Object Repository/Page_KiboPush/input_email (10) (1)'

2019-04-08 12:53:42 - [TEST_STEP][PASSED] - setEncryptedText(findTestObject("Page_KiboPush/input_password (9) (1)"), "RigbBhfdqOBGNlJIWM1ClA=="): Text ****** has been set on object 'Object Repository/Page_KiboPush/input_password (9) (1)'

2019-04-08 12:53:42 - [MESSAGE][PASSED] - Text ****** has been set on object 'Object Repository/Page_KiboPush/input_password (9) (1)'

2019-04-08 12:53:42 - [TEST_STEP][PASSED] - click(findTestObject("Page_KiboPush/button_Sign In (10) (1)")): Object: 'Object Repository/Page_KiboPush/button_Sign In (10) (1)' is clicked on

2019-04-08 12:53:42 - [MESSAGE][PASSED] - Object: 'Object Repository/Page_KiboPush/button_Sign In (10) (1)' is clicked on

2019-04-08 12:53:42 - [TEST_STEP][PASSED] - navigateToUrl("https://kiboengage.cloudkibo.com/dashboard"): Navigate to 'https://kiboengage.cloudkibo.com/dashboard' successfully

2019-04-08 12:53:55 - [MESSAGE][PASSED] - Navigate to 'https://kiboengage.cloudkibo.com/dashboard' successfully

2019-04-08 12:53:55 - [TEST_STEP][PASSED] - click(findTestObject("Page_KiboPush  Dashboard/h3_Dashboard (57)")): Object: 'Object Repository/Page_KiboPush  Dashboard/h3_Dashboard (57)' is clicked on

2019-04-08 12:53:55 - [MESSAGE][PASSED] - Object: 'Object Repository/Page_KiboPush  Dashboard/h3_Dashboard (57)' is clicked on

2019-04-08 12:53:55 - [TEST_STEP][PASSED] - delay(3): Delayed 3 second(s)

2019-04-08 12:53:58 - [MESSAGE][PASSED] - Delayed 3 second(s)

2019-04-08 12:53:58 - [TEST_STEP][PASSED] - click(findTestObject("Object Repository/Page_KiboEngage  Dashboard/a_SMS (2)")): Object: 'Object Repository/Page_KiboEngage  Dashboard/a_SMS (2)' is clicked on

2019-04-08 12:53:59 - [MESSAGE][PASSED] - Object: 'Object Repository/Page_KiboEngage  Dashboard/a_SMS (2)' is clicked on

2019-04-08 12:53:59 - [TEST_STEP][PASSED] - click(findTestObject("Object Repository/Page_KiboEngage  Dashboard/span_Messenger")): Object: 'Object Repository/Page_KiboEngage  Dashboard/span_Messenger' is clicked on

2019-04-08 12:53:59 - [MESSAGE][PASSED] - Object: 'Object Repository/Page_KiboEngage  Dashboard/span_Messenger' is clicked on

2019-04-08 12:53:59 - [MESSAGE][PASSED] - Call Test Case 'Test Cases/s-sidebar_navigation/individualAccount/Login-KiboEngage' successfully

2019-04-08 12:53:59 - [TEST_STEP][PASSED] - click(findTestObject("Page_KiboPush  Dashboard/h3_Dashboard")): Object: 'Object Repository/Page_KiboPush  Dashboard/h3_Dashboard' is clicked on

2019-04-08 12:53:59 - [MESSAGE][PASSED] - Object: 'Object Repository/Page_KiboPush  Dashboard/h3_Dashboard' is clicked on

2019-04-08 12:53:59 - [TEST_STEP][PASSED] - click(findTestObject("Page_KiboPush  Dashboard/span_Dashboard")): Object: 'Object Repository/Page_KiboPush  Dashboard/span_Dashboard' is clicked on

2019-04-08 12:53:59 - [MESSAGE][PASSED] - Object: 'Object Repository/Page_KiboPush  Dashboard/span_Dashboard' is clicked on

2019-04-08 12:53:59 - [MESSAGE][PASSED] - Call Test Case 'Test Cases/s-sidebar_navigation/individualAccount/Dashboard' successfully

2019-04-08 12:53:59 - [TEST_STEP][PASSED] - click(findTestObject("Page_KiboEngage  Dashboard/a_SMS (1)")): Object: 'Object Repository/Page_KiboEngage  Dashboard/a_SMS (1)' is clicked on

2019-04-08 12:53:59 - [MESSAGE][PASSED] - Object: 'Object Repository/Page_KiboEngage  Dashboard/a_SMS (1)' is clicked on

2019-04-08 12:53:59 - [TEST_STEP][PASSED] - click(findTestObject("Page_KiboEngage  Dashboard/span_SMS (1)")): Object: 'Object Repository/Page_KiboEngage  Dashboard/span_SMS (1)' is clicked on

2019-04-08 12:53:59 - [MESSAGE][PASSED] - Object: 'Object Repository/Page_KiboEngage  Dashboard/span_SMS (1)' is clicked on

2019-04-08 12:53:59 - [MESSAGE][PASSED] - Call Test Case 'Test Cases/SMS/SMSPlatform' successfully

2019-04-08 12:53:59 - [TEST_STEP][PASSED] - click(findTestObject("Page_KiboEngage  Dashboard/span_Subscribers (1) (1) (1)")): Object: 'Object Repository/Page_KiboEngage  Dashboard/span_Subscribers (1) (1) (1)' is clicked on

2019-04-08 12:53:59 - [MESSAGE][PASSED] - Object: 'Object Repository/Page_KiboEngage  Dashboard/span_Subscribers (1) (1) (1)' is clicked on

2019-04-08 12:53:59 - [TEST_STEP][PASSED] - click(findTestObject("Object Repository/Page_KiboEngage  Subscribers/a_previous")): Object: 'Object Repository/Page_KiboEngage  Subscribers/a_previous' is clicked on

2019-04-08 12:54:00 - [MESSAGE][PASSED] - Object: 'Object Repository/Page_KiboEngage  Subscribers/a_previous' is clicked on]]></system-out>
         <system-err><![CDATA[]]></system-err>
      </testcase>
      <testcase name="Test Cases/SMS/upload contacts/TC11154" classname="Test Cases/SMS/upload contacts/TC11154" status="PASSED">
         <system-out><![CDATA[2019-04-08 12:54:00 - [TEST_CASE][PASSED] - Test Cases/SMS/upload contacts/TC11154: Test Cases/SMS/upload contacts/TC11154

2019-04-08 12:54:00 - [TEST_STEP][PASSED] - callTestCase(findTestCase("SMS/SMSPlatform"), [:], STOP_ON_FAILURE): Call Test Case 'Test Cases/SMS/SMSPlatform' successfully

2019-04-08 12:54:00 - [TEST_CASE][PASSED] - Test Cases/SMS/SMSPlatform: Test Cases/SMS/SMSPlatform

2019-04-08 12:54:00 - [TEST_STEP][PASSED] - callTestCase(findTestCase("s-sidebar_navigation/individualAccount/Dashboard"), [:], STOP_ON_FAILURE): Call Test Case 'Test Cases/s-sidebar_navigation/individualAccount/Dashboard' successfully

2019-04-08 12:54:00 - [TEST_CASE][PASSED] - Test Cases/s-sidebar_navigation/individualAccount/Dashboard: Test Cases/s-sidebar_navigation/individualAccount/Dashboard

2019-04-08 12:54:00 - [TEST_STEP][PASSED] - callTestCase(findTestCase("s-sidebar_navigation/individualAccount/Login-KiboEngage"), [:], STOP_ON_FAILURE): Call Test Case 'Test Cases/s-sidebar_navigation/individualAccount/Login-KiboEngage' successfully

2019-04-08 12:54:00 - [TEST_CASE][PASSED] - Test Cases/s-sidebar_navigation/individualAccount/Login-KiboEngage: Test Cases/s-sidebar_navigation/individualAccount/Login-KiboEngage

2019-04-08 12:54:00 - [TEST_STEP][PASSED] - openBrowser(""): Browser is opened with url: ''

2019-04-08 12:54:00 - [MESSAGE][WARNING] - A browser is already opened. Closing browser and opening a new one

2019-04-08 12:54:01 - [MESSAGE][INFO] - Starting 'Chrome' driver

2019-04-08 12:54:01 - [MESSAGE][PASSED] - Browser is opened with url: ''

2019-04-08 12:54:01 - [TEST_STEP][PASSED] - maximizeWindow(): Current window maximized

2019-04-08 12:54:01 - [MESSAGE][PASSED] - Current window maximized

2019-04-08 12:54:01 - [TEST_STEP][PASSED] - navigateToUrl("https://kiboengage.cloudkibo.com/"): Navigate to 'https://kiboengage.cloudkibo.com/' successfully

2019-04-08 12:54:09 - [MESSAGE][PASSED] - Navigate to 'https://kiboengage.cloudkibo.com/' successfully

2019-04-08 12:54:09 - [TEST_STEP][PASSED] - navigateToUrl("https://accounts.cloudkibo.com/?continue=https://kiboengage.cloudkibo.com"): Navigate to 'https://accounts.cloudkibo.com/?continue=https://kiboengage.cloudkibo.com' successfully

2019-04-08 12:54:10 - [MESSAGE][PASSED] - Navigate to 'https://accounts.cloudkibo.com/?continue=https://kiboengage.cloudkibo.com' successfully

2019-04-08 12:54:10 - [TEST_STEP][PASSED] - click(findTestObject("Page_KiboPush/a_Login (9) (1)")): Object: 'Object Repository/Page_KiboPush/a_Login (9) (1)' is clicked on

2019-04-08 12:54:10 - [MESSAGE][PASSED] - Object: 'Object Repository/Page_KiboPush/a_Login (9) (1)' is clicked on

2019-04-08 12:54:10 - [TEST_STEP][PASSED] - setText(findTestObject("Page_KiboPush/input_email (10) (1)"), "individual@cloudkibo.com"): Text 'individual@cloudkibo.com' is set on object 'Object Repository/Page_KiboPush/input_email (10) (1)'

2019-04-08 12:54:11 - [MESSAGE][PASSED] - Text 'individual@cloudkibo.com' is set on object 'Object Repository/Page_KiboPush/input_email (10) (1)'

2019-04-08 12:54:11 - [TEST_STEP][PASSED] - setEncryptedText(findTestObject("Page_KiboPush/input_password (9) (1)"), "RigbBhfdqOBGNlJIWM1ClA=="): Text ****** has been set on object 'Object Repository/Page_KiboPush/input_password (9) (1)'

2019-04-08 12:54:11 - [MESSAGE][PASSED] - Text ****** has been set on object 'Object Repository/Page_KiboPush/input_password (9) (1)'

2019-04-08 12:54:11 - [TEST_STEP][PASSED] - click(findTestObject("Page_KiboPush/button_Sign In (10) (1)")): Object: 'Object Repository/Page_KiboPush/button_Sign In (10) (1)' is clicked on

2019-04-08 12:54:11 - [MESSAGE][PASSED] - Object: 'Object Repository/Page_KiboPush/button_Sign In (10) (1)' is clicked on

2019-04-08 12:54:11 - [TEST_STEP][PASSED] - navigateToUrl("https://kiboengage.cloudkibo.com/dashboard"): Navigate to 'https://kiboengage.cloudkibo.com/dashboard' successfully

2019-04-08 12:54:26 - [MESSAGE][PASSED] - Navigate to 'https://kiboengage.cloudkibo.com/dashboard' successfully

2019-04-08 12:54:26 - [TEST_STEP][PASSED] - click(findTestObject("Page_KiboPush  Dashboard/h3_Dashboard (57)")): Object: 'Object Repository/Page_KiboPush  Dashboard/h3_Dashboard (57)' is clicked on

2019-04-08 12:54:26 - [MESSAGE][PASSED] - Object: 'Object Repository/Page_KiboPush  Dashboard/h3_Dashboard (57)' is clicked on

2019-04-08 12:54:26 - [TEST_STEP][PASSED] - delay(3): Delayed 3 second(s)

2019-04-08 12:54:29 - [MESSAGE][PASSED] - Delayed 3 second(s)

2019-04-08 12:54:29 - [TEST_STEP][PASSED] - click(findTestObject("Object Repository/Page_KiboEngage  Dashboard/a_SMS (2)")): Object: 'Object Repository/Page_KiboEngage  Dashboard/a_SMS (2)' is clicked on

2019-04-08 12:54:29 - [MESSAGE][PASSED] - Object: 'Object Repository/Page_KiboEngage  Dashboard/a_SMS (2)' is clicked on

2019-04-08 12:54:29 - [TEST_STEP][PASSED] - click(findTestObject("Object Repository/Page_KiboEngage  Dashboard/span_Messenger")): Object: 'Object Repository/Page_KiboEngage  Dashboard/span_Messenger' is clicked on

2019-04-08 12:54:29 - [MESSAGE][PASSED] - Object: 'Object Repository/Page_KiboEngage  Dashboard/span_Messenger' is clicked on

2019-04-08 12:54:29 - [MESSAGE][PASSED] - Call Test Case 'Test Cases/s-sidebar_navigation/individualAccount/Login-KiboEngage' successfully

2019-04-08 12:54:29 - [TEST_STEP][PASSED] - click(findTestObject("Page_KiboPush  Dashboard/h3_Dashboard")): Object: 'Object Repository/Page_KiboPush  Dashboard/h3_Dashboard' is clicked on

2019-04-08 12:54:30 - [MESSAGE][PASSED] - Object: 'Object Repository/Page_KiboPush  Dashboard/h3_Dashboard' is clicked on

2019-04-08 12:54:30 - [TEST_STEP][PASSED] - click(findTestObject("Page_KiboPush  Dashboard/span_Dashboard")): Object: 'Object Repository/Page_KiboPush  Dashboard/span_Dashboard' is clicked on

2019-04-08 12:54:30 - [MESSAGE][PASSED] - Object: 'Object Repository/Page_KiboPush  Dashboard/span_Dashboard' is clicked on

2019-04-08 12:54:30 - [MESSAGE][PASSED] - Call Test Case 'Test Cases/s-sidebar_navigation/individualAccount/Dashboard' successfully

2019-04-08 12:54:30 - [TEST_STEP][PASSED] - click(findTestObject("Page_KiboEngage  Dashboard/a_SMS (1)")): Object: 'Object Repository/Page_KiboEngage  Dashboard/a_SMS (1)' is clicked on

2019-04-08 12:54:30 - [MESSAGE][PASSED] - Object: 'Object Repository/Page_KiboEngage  Dashboard/a_SMS (1)' is clicked on

2019-04-08 12:54:30 - [TEST_STEP][PASSED] - click(findTestObject("Page_KiboEngage  Dashboard/span_SMS (1)")): Object: 'Object Repository/Page_KiboEngage  Dashboard/span_SMS (1)' is clicked on

2019-04-08 12:54:30 - [MESSAGE][PASSED] - Object: 'Object Repository/Page_KiboEngage  Dashboard/span_SMS (1)' is clicked on

2019-04-08 12:54:30 - [MESSAGE][PASSED] - Call Test Case 'Test Cases/SMS/SMSPlatform' successfully

2019-04-08 12:54:30 - [TEST_STEP][PASSED] - click(findTestObject("Object Repository/Page_KiboEngage  Dashboard/span_Upload Contacts")): Object: 'Object Repository/Page_KiboEngage  Dashboard/span_Upload Contacts' is clicked on

2019-04-08 12:54:30 - [MESSAGE][PASSED] - Object: 'Object Repository/Page_KiboEngage  Dashboard/span_Upload Contacts' is clicked on

2019-04-08 12:54:30 - [TEST_STEP][PASSED] - click(findTestObject("Object Repository/Page_KiboEngage  Upload Contacts/h3_Upload Contacts")): Object: 'Object Repository/Page_KiboEngage  Upload Contacts/h3_Upload Contacts' is clicked on

2019-04-08 12:54:30 - [MESSAGE][PASSED] - Object: 'Object Repository/Page_KiboEngage  Upload Contacts/h3_Upload Contacts' is clicked on]]></system-out>
         <system-err><![CDATA[]]></system-err>
      </testcase>
      <testcase name="Test Cases/SMS/upload contacts/TC11155" classname="Test Cases/SMS/upload contacts/TC11155" status="PASSED">
         <system-out><![CDATA[2019-04-08 12:54:30 - [TEST_CASE][PASSED] - Test Cases/SMS/upload contacts/TC11155: Test Cases/SMS/upload contacts/TC11155

2019-04-08 12:54:30 - [TEST_STEP][PASSED] - callTestCase(findTestCase("SMS/SMSPlatform"), [:], STOP_ON_FAILURE): Call Test Case 'Test Cases/SMS/SMSPlatform' successfully

2019-04-08 12:54:30 - [TEST_CASE][PASSED] - Test Cases/SMS/SMSPlatform: Test Cases/SMS/SMSPlatform

2019-04-08 12:54:30 - [TEST_STEP][PASSED] - callTestCase(findTestCase("s-sidebar_navigation/individualAccount/Dashboard"), [:], STOP_ON_FAILURE): Call Test Case 'Test Cases/s-sidebar_navigation/individualAccount/Dashboard' successfully

2019-04-08 12:54:30 - [TEST_CASE][PASSED] - Test Cases/s-sidebar_navigation/individualAccount/Dashboard: Test Cases/s-sidebar_navigation/individualAccount/Dashboard

2019-04-08 12:54:30 - [TEST_STEP][PASSED] - callTestCase(findTestCase("s-sidebar_navigation/individualAccount/Login-KiboEngage"), [:], STOP_ON_FAILURE): Call Test Case 'Test Cases/s-sidebar_navigation/individualAccount/Login-KiboEngage' successfully

2019-04-08 12:54:30 - [TEST_CASE][PASSED] - Test Cases/s-sidebar_navigation/individualAccount/Login-KiboEngage: Test Cases/s-sidebar_navigation/individualAccount/Login-KiboEngage

2019-04-08 12:54:30 - [TEST_STEP][PASSED] - openBrowser(""): Browser is opened with url: ''

2019-04-08 12:54:30 - [MESSAGE][WARNING] - A browser is already opened. Closing browser and opening a new one

2019-04-08 12:54:30 - [MESSAGE][INFO] - Starting 'Chrome' driver

2019-04-08 12:54:31 - [MESSAGE][PASSED] - Browser is opened with url: ''

2019-04-08 12:54:31 - [TEST_STEP][PASSED] - maximizeWindow(): Current window maximized

2019-04-08 12:54:31 - [MESSAGE][PASSED] - Current window maximized

2019-04-08 12:54:31 - [TEST_STEP][PASSED] - navigateToUrl("https://kiboengage.cloudkibo.com/"): Navigate to 'https://kiboengage.cloudkibo.com/' successfully

2019-04-08 12:54:40 - [MESSAGE][PASSED] - Navigate to 'https://kiboengage.cloudkibo.com/' successfully

2019-04-08 12:54:40 - [TEST_STEP][PASSED] - navigateToUrl("https://accounts.cloudkibo.com/?continue=https://kiboengage.cloudkibo.com"): Navigate to 'https://accounts.cloudkibo.com/?continue=https://kiboengage.cloudkibo.com' successfully

2019-04-08 12:54:40 - [MESSAGE][PASSED] - Navigate to 'https://accounts.cloudkibo.com/?continue=https://kiboengage.cloudkibo.com' successfully

2019-04-08 12:54:40 - [TEST_STEP][PASSED] - click(findTestObject("Page_KiboPush/a_Login (9) (1)")): Object: 'Object Repository/Page_KiboPush/a_Login (9) (1)' is clicked on

2019-04-08 12:54:41 - [MESSAGE][PASSED] - Object: 'Object Repository/Page_KiboPush/a_Login (9) (1)' is clicked on

2019-04-08 12:54:41 - [TEST_STEP][PASSED] - setText(findTestObject("Page_KiboPush/input_email (10) (1)"), "individual@cloudkibo.com"): Text 'individual@cloudkibo.com' is set on object 'Object Repository/Page_KiboPush/input_email (10) (1)'

2019-04-08 12:54:41 - [MESSAGE][PASSED] - Text 'individual@cloudkibo.com' is set on object 'Object Repository/Page_KiboPush/input_email (10) (1)'

2019-04-08 12:54:41 - [TEST_STEP][PASSED] - setEncryptedText(findTestObject("Page_KiboPush/input_password (9) (1)"), "RigbBhfdqOBGNlJIWM1ClA=="): Text ****** has been set on object 'Object Repository/Page_KiboPush/input_password (9) (1)'

2019-04-08 12:54:41 - [MESSAGE][PASSED] - Text ****** has been set on object 'Object Repository/Page_KiboPush/input_password (9) (1)'

2019-04-08 12:54:41 - [TEST_STEP][PASSED] - click(findTestObject("Page_KiboPush/button_Sign In (10) (1)")): Object: 'Object Repository/Page_KiboPush/button_Sign In (10) (1)' is clicked on

2019-04-08 12:54:41 - [MESSAGE][PASSED] - Object: 'Object Repository/Page_KiboPush/button_Sign In (10) (1)' is clicked on

2019-04-08 12:54:41 - [TEST_STEP][PASSED] - navigateToUrl("https://kiboengage.cloudkibo.com/dashboard"): Navigate to 'https://kiboengage.cloudkibo.com/dashboard' successfully

2019-04-08 12:54:59 - [MESSAGE][PASSED] - Navigate to 'https://kiboengage.cloudkibo.com/dashboard' successfully

2019-04-08 12:54:59 - [TEST_STEP][PASSED] - click(findTestObject("Page_KiboPush  Dashboard/h3_Dashboard (57)")): Object: 'Object Repository/Page_KiboPush  Dashboard/h3_Dashboard (57)' is clicked on

2019-04-08 12:54:59 - [MESSAGE][PASSED] - Object: 'Object Repository/Page_KiboPush  Dashboard/h3_Dashboard (57)' is clicked on

2019-04-08 12:54:59 - [TEST_STEP][PASSED] - delay(3): Delayed 3 second(s)

2019-04-08 12:55:02 - [MESSAGE][PASSED] - Delayed 3 second(s)

2019-04-08 12:55:02 - [TEST_STEP][PASSED] - click(findTestObject("Object Repository/Page_KiboEngage  Dashboard/a_SMS (2)")): Object: 'Object Repository/Page_KiboEngage  Dashboard/a_SMS (2)' is clicked on

2019-04-08 12:55:03 - [MESSAGE][PASSED] - Object: 'Object Repository/Page_KiboEngage  Dashboard/a_SMS (2)' is clicked on

2019-04-08 12:55:03 - [TEST_STEP][PASSED] - click(findTestObject("Object Repository/Page_KiboEngage  Dashboard/span_Messenger")): Object: 'Object Repository/Page_KiboEngage  Dashboard/span_Messenger' is clicked on

2019-04-08 12:55:03 - [MESSAGE][PASSED] - Object: 'Object Repository/Page_KiboEngage  Dashboard/span_Messenger' is clicked on

2019-04-08 12:55:03 - [MESSAGE][PASSED] - Call Test Case 'Test Cases/s-sidebar_navigation/individualAccount/Login-KiboEngage' successfully

2019-04-08 12:55:03 - [TEST_STEP][PASSED] - click(findTestObject("Page_KiboPush  Dashboard/h3_Dashboard")): Object: 'Object Repository/Page_KiboPush  Dashboard/h3_Dashboard' is clicked on

2019-04-08 12:55:03 - [MESSAGE][PASSED] - Object: 'Object Repository/Page_KiboPush  Dashboard/h3_Dashboard' is clicked on

2019-04-08 12:55:03 - [TEST_STEP][PASSED] - click(findTestObject("Page_KiboPush  Dashboard/span_Dashboard")): Object: 'Object Repository/Page_KiboPush  Dashboard/span_Dashboard' is clicked on

2019-04-08 12:55:03 - [MESSAGE][PASSED] - Object: 'Object Repository/Page_KiboPush  Dashboard/span_Dashboard' is clicked on

2019-04-08 12:55:03 - [MESSAGE][PASSED] - Call Test Case 'Test Cases/s-sidebar_navigation/individualAccount/Dashboard' successfully

2019-04-08 12:55:03 - [TEST_STEP][PASSED] - click(findTestObject("Page_KiboEngage  Dashboard/a_SMS (1)")): Object: 'Object Repository/Page_KiboEngage  Dashboard/a_SMS (1)' is clicked on

2019-04-08 12:55:03 - [MESSAGE][PASSED] - Object: 'Object Repository/Page_KiboEngage  Dashboard/a_SMS (1)' is clicked on

2019-04-08 12:55:03 - [TEST_STEP][PASSED] - click(findTestObject("Page_KiboEngage  Dashboard/span_SMS (1)")): Object: 'Object Repository/Page_KiboEngage  Dashboard/span_SMS (1)' is clicked on

2019-04-08 12:55:03 - [MESSAGE][PASSED] - Object: 'Object Repository/Page_KiboEngage  Dashboard/span_SMS (1)' is clicked on

2019-04-08 12:55:03 - [MESSAGE][PASSED] - Call Test Case 'Test Cases/SMS/SMSPlatform' successfully

2019-04-08 12:55:03 - [TEST_STEP][PASSED] - click(findTestObject("Page_KiboEngage  Dashboard/span_Upload Contacts")): Object: 'Object Repository/Page_KiboEngage  Dashboard/span_Upload Contacts' is clicked on

2019-04-08 12:55:03 - [MESSAGE][PASSED] - Object: 'Object Repository/Page_KiboEngage  Dashboard/span_Upload Contacts' is clicked on

2019-04-08 12:55:03 - [TEST_STEP][PASSED] - click(findTestObject("Object Repository/Page_KiboEngage  Upload Contacts/h3_Upload Contacts (1)")): Object: 'Object Repository/Page_KiboEngage  Upload Contacts/h3_Upload Contacts (1)' is clicked on

2019-04-08 12:55:03 - [MESSAGE][PASSED] - Object: 'Object Repository/Page_KiboEngage  Upload Contacts/h3_Upload Contacts (1)' is clicked on

2019-04-08 12:55:03 - [TEST_STEP][PASSED] - click(findTestObject("Object Repository/Page_KiboEngage  Upload Contacts/button_Submit")): Object: 'Object Repository/Page_KiboEngage  Upload Contacts/button_Submit' is clicked on

2019-04-08 12:55:03 - [MESSAGE][PASSED] - Object: 'Object Repository/Page_KiboEngage  Upload Contacts/button_Submit' is clicked on

2019-04-08 12:55:03 - [TEST_STEP][PASSED] - click(findTestObject("Object Repository/Page_KiboEngage  Upload Contacts/div_Please upload a file or enter numbers manually")): Object: 'Object Repository/Page_KiboEngage  Upload Contacts/div_Please upload a file or enter numbers manually' is clicked on

2019-04-08 12:55:03 - [MESSAGE][PASSED] - Object: 'Object Repository/Page_KiboEngage  Upload Contacts/div_Please upload a file or enter numbers manually' is clicked on]]></system-out>
         <system-err><![CDATA[]]></system-err>
      </testcase>
      <testcase name="Test Cases/SMS/upload contacts/TC11156" classname="Test Cases/SMS/upload contacts/TC11156" status="PASSED">
         <system-out><![CDATA[2019-04-08 12:55:03 - [TEST_CASE][PASSED] - Test Cases/SMS/upload contacts/TC11156: Test Cases/SMS/upload contacts/TC11156

2019-04-08 12:55:03 - [TEST_STEP][PASSED] - callTestCase(findTestCase("SMS/SMSPlatform"), [:], STOP_ON_FAILURE): Call Test Case 'Test Cases/SMS/SMSPlatform' successfully

2019-04-08 12:55:03 - [TEST_CASE][PASSED] - Test Cases/SMS/SMSPlatform: Test Cases/SMS/SMSPlatform

2019-04-08 12:55:03 - [TEST_STEP][PASSED] - callTestCase(findTestCase("s-sidebar_navigation/individualAccount/Dashboard"), [:], STOP_ON_FAILURE): Call Test Case 'Test Cases/s-sidebar_navigation/individualAccount/Dashboard' successfully

2019-04-08 12:55:04 - [TEST_CASE][PASSED] - Test Cases/s-sidebar_navigation/individualAccount/Dashboard: Test Cases/s-sidebar_navigation/individualAccount/Dashboard

2019-04-08 12:55:04 - [TEST_STEP][PASSED] - callTestCase(findTestCase("s-sidebar_navigation/individualAccount/Login-KiboEngage"), [:], STOP_ON_FAILURE): Call Test Case 'Test Cases/s-sidebar_navigation/individualAccount/Login-KiboEngage' successfully

2019-04-08 12:55:04 - [TEST_CASE][PASSED] - Test Cases/s-sidebar_navigation/individualAccount/Login-KiboEngage: Test Cases/s-sidebar_navigation/individualAccount/Login-KiboEngage

2019-04-08 12:55:04 - [TEST_STEP][PASSED] - openBrowser(""): Browser is opened with url: ''

2019-04-08 12:55:04 - [MESSAGE][WARNING] - A browser is already opened. Closing browser and opening a new one

2019-04-08 12:55:04 - [MESSAGE][INFO] - Starting 'Chrome' driver

2019-04-08 12:55:04 - [MESSAGE][PASSED] - Browser is opened with url: ''

2019-04-08 12:55:04 - [TEST_STEP][PASSED] - maximizeWindow(): Current window maximized

2019-04-08 12:55:04 - [MESSAGE][PASSED] - Current window maximized

2019-04-08 12:55:04 - [TEST_STEP][PASSED] - navigateToUrl("https://kiboengage.cloudkibo.com/"): Navigate to 'https://kiboengage.cloudkibo.com/' successfully

2019-04-08 12:55:11 - [MESSAGE][PASSED] - Navigate to 'https://kiboengage.cloudkibo.com/' successfully

2019-04-08 12:55:11 - [TEST_STEP][PASSED] - navigateToUrl("https://accounts.cloudkibo.com/?continue=https://kiboengage.cloudkibo.com"): Navigate to 'https://accounts.cloudkibo.com/?continue=https://kiboengage.cloudkibo.com' successfully

2019-04-08 12:55:11 - [MESSAGE][PASSED] - Navigate to 'https://accounts.cloudkibo.com/?continue=https://kiboengage.cloudkibo.com' successfully

2019-04-08 12:55:11 - [TEST_STEP][PASSED] - click(findTestObject("Page_KiboPush/a_Login (9) (1)")): Object: 'Object Repository/Page_KiboPush/a_Login (9) (1)' is clicked on

2019-04-08 12:55:12 - [MESSAGE][PASSED] - Object: 'Object Repository/Page_KiboPush/a_Login (9) (1)' is clicked on

2019-04-08 12:55:12 - [TEST_STEP][PASSED] - setText(findTestObject("Page_KiboPush/input_email (10) (1)"), "individual@cloudkibo.com"): Text 'individual@cloudkibo.com' is set on object 'Object Repository/Page_KiboPush/input_email (10) (1)'

2019-04-08 12:55:12 - [MESSAGE][PASSED] - Text 'individual@cloudkibo.com' is set on object 'Object Repository/Page_KiboPush/input_email (10) (1)'

2019-04-08 12:55:12 - [TEST_STEP][PASSED] - setEncryptedText(findTestObject("Page_KiboPush/input_password (9) (1)"), "RigbBhfdqOBGNlJIWM1ClA=="): Text ****** has been set on object 'Object Repository/Page_KiboPush/input_password (9) (1)'

2019-04-08 12:55:12 - [MESSAGE][PASSED] - Text ****** has been set on object 'Object Repository/Page_KiboPush/input_password (9) (1)'

2019-04-08 12:55:12 - [TEST_STEP][PASSED] - click(findTestObject("Page_KiboPush/button_Sign In (10) (1)")): Object: 'Object Repository/Page_KiboPush/button_Sign In (10) (1)' is clicked on

2019-04-08 12:55:12 - [MESSAGE][PASSED] - Object: 'Object Repository/Page_KiboPush/button_Sign In (10) (1)' is clicked on

2019-04-08 12:55:12 - [TEST_STEP][PASSED] - navigateToUrl("https://kiboengage.cloudkibo.com/dashboard"): Navigate to 'https://kiboengage.cloudkibo.com/dashboard' successfully

2019-04-08 12:55:23 - [MESSAGE][PASSED] - Navigate to 'https://kiboengage.cloudkibo.com/dashboard' successfully

2019-04-08 12:55:23 - [TEST_STEP][PASSED] - click(findTestObject("Page_KiboPush  Dashboard/h3_Dashboard (57)")): Object: 'Object Repository/Page_KiboPush  Dashboard/h3_Dashboard (57)' is clicked on

2019-04-08 12:55:23 - [MESSAGE][PASSED] - Object: 'Object Repository/Page_KiboPush  Dashboard/h3_Dashboard (57)' is clicked on

2019-04-08 12:55:23 - [TEST_STEP][PASSED] - delay(3): Delayed 3 second(s)

2019-04-08 12:55:26 - [MESSAGE][PASSED] - Delayed 3 second(s)

2019-04-08 12:55:26 - [TEST_STEP][PASSED] - click(findTestObject("Object Repository/Page_KiboEngage  Dashboard/a_SMS (2)")): Object: 'Object Repository/Page_KiboEngage  Dashboard/a_SMS (2)' is clicked on

2019-04-08 12:55:26 - [MESSAGE][PASSED] - Object: 'Object Repository/Page_KiboEngage  Dashboard/a_SMS (2)' is clicked on

2019-04-08 12:55:26 - [TEST_STEP][PASSED] - click(findTestObject("Object Repository/Page_KiboEngage  Dashboard/span_Messenger")): Object: 'Object Repository/Page_KiboEngage  Dashboard/span_Messenger' is clicked on

2019-04-08 12:55:26 - [MESSAGE][PASSED] - Object: 'Object Repository/Page_KiboEngage  Dashboard/span_Messenger' is clicked on

2019-04-08 12:55:26 - [MESSAGE][PASSED] - Call Test Case 'Test Cases/s-sidebar_navigation/individualAccount/Login-KiboEngage' successfully

2019-04-08 12:55:26 - [TEST_STEP][PASSED] - click(findTestObject("Page_KiboPush  Dashboard/h3_Dashboard")): Object: 'Object Repository/Page_KiboPush  Dashboard/h3_Dashboard' is clicked on

2019-04-08 12:55:26 - [MESSAGE][PASSED] - Object: 'Object Repository/Page_KiboPush  Dashboard/h3_Dashboard' is clicked on

2019-04-08 12:55:26 - [TEST_STEP][PASSED] - click(findTestObject("Page_KiboPush  Dashboard/span_Dashboard")): Object: 'Object Repository/Page_KiboPush  Dashboard/span_Dashboard' is clicked on

2019-04-08 12:55:26 - [MESSAGE][PASSED] - Object: 'Object Repository/Page_KiboPush  Dashboard/span_Dashboard' is clicked on

2019-04-08 12:55:26 - [MESSAGE][PASSED] - Call Test Case 'Test Cases/s-sidebar_navigation/individualAccount/Dashboard' successfully

2019-04-08 12:55:26 - [TEST_STEP][PASSED] - click(findTestObject("Page_KiboEngage  Dashboard/a_SMS (1)")): Object: 'Object Repository/Page_KiboEngage  Dashboard/a_SMS (1)' is clicked on

2019-04-08 12:55:27 - [MESSAGE][PASSED] - Object: 'Object Repository/Page_KiboEngage  Dashboard/a_SMS (1)' is clicked on

2019-04-08 12:55:27 - [TEST_STEP][PASSED] - click(findTestObject("Page_KiboEngage  Dashboard/span_SMS (1)")): Object: 'Object Repository/Page_KiboEngage  Dashboard/span_SMS (1)' is clicked on

2019-04-08 12:55:27 - [MESSAGE][PASSED] - Object: 'Object Repository/Page_KiboEngage  Dashboard/span_SMS (1)' is clicked on

2019-04-08 12:55:27 - [MESSAGE][PASSED] - Call Test Case 'Test Cases/SMS/SMSPlatform' successfully

2019-04-08 12:55:27 - [TEST_STEP][PASSED] - click(findTestObject("Page_KiboEngage  Dashboard/span_Upload Contacts")): Object: 'Object Repository/Page_KiboEngage  Dashboard/span_Upload Contacts' is clicked on

2019-04-08 12:55:27 - [MESSAGE][PASSED] - Object: 'Object Repository/Page_KiboEngage  Dashboard/span_Upload Contacts' is clicked on

2019-04-08 12:55:27 - [TEST_STEP][PASSED] - click(findTestObject("Object Repository/Page_KiboEngage  Upload Contacts/h3_Upload Contacts (1) (1)")): Object: 'Object Repository/Page_KiboEngage  Upload Contacts/h3_Upload Contacts (1) (1)' is clicked on

2019-04-08 12:55:27 - [MESSAGE][PASSED] - Object: 'Object Repository/Page_KiboEngage  Upload Contacts/h3_Upload Contacts (1) (1)' is clicked on

2019-04-08 12:55:27 - [TEST_STEP][PASSED] - click(findTestObject("Object Repository/Page_KiboEngage  Upload Contacts/button_Enter phone numbers manually")): Object: 'Object Repository/Page_KiboEngage  Upload Contacts/button_Enter phone numbers manually' is clicked on

2019-04-08 12:55:27 - [MESSAGE][PASSED] - Object: 'Object Repository/Page_KiboEngage  Upload Contacts/button_Enter phone numbers manually' is clicked on

2019-04-08 12:55:27 - [TEST_STEP][PASSED] - click(findTestObject("Object Repository/Page_KiboEngage  Upload Contacts/button_Add")): Object: 'Object Repository/Page_KiboEngage  Upload Contacts/button_Add' is clicked on

2019-04-08 12:55:27 - [MESSAGE][PASSED] - Object: 'Object Repository/Page_KiboEngage  Upload Contacts/button_Add' is clicked on

2019-04-08 12:55:27 - [TEST_STEP][PASSED] - click(findTestObject("Object Repository/Page_KiboEngage  Upload Contacts/span_Please fill all the fields")): Object: 'Object Repository/Page_KiboEngage  Upload Contacts/span_Please fill all the fields' is clicked on

2019-04-08 12:55:27 - [MESSAGE][PASSED] - Object: 'Object Repository/Page_KiboEngage  Upload Contacts/span_Please fill all the fields' is clicked on]]></system-out>
         <system-err><![CDATA[]]></system-err>
      </testcase>
      <testcase name="Test Cases/SMS/upload contacts/TC11157" classname="Test Cases/SMS/upload contacts/TC11157" status="PASSED">
         <system-out><![CDATA[2019-04-08 12:55:27 - [TEST_CASE][PASSED] - Test Cases/SMS/upload contacts/TC11157: Test Cases/SMS/upload contacts/TC11157

2019-04-08 12:55:27 - [TEST_STEP][PASSED] - callTestCase(findTestCase("SMS/SMSPlatform"), [:], STOP_ON_FAILURE): Call Test Case 'Test Cases/SMS/SMSPlatform' successfully

2019-04-08 12:55:27 - [TEST_CASE][PASSED] - Test Cases/SMS/SMSPlatform: Test Cases/SMS/SMSPlatform

2019-04-08 12:55:27 - [TEST_STEP][PASSED] - callTestCase(findTestCase("s-sidebar_navigation/individualAccount/Dashboard"), [:], STOP_ON_FAILURE): Call Test Case 'Test Cases/s-sidebar_navigation/individualAccount/Dashboard' successfully

2019-04-08 12:55:27 - [TEST_CASE][PASSED] - Test Cases/s-sidebar_navigation/individualAccount/Dashboard: Test Cases/s-sidebar_navigation/individualAccount/Dashboard

2019-04-08 12:55:27 - [TEST_STEP][PASSED] - callTestCase(findTestCase("s-sidebar_navigation/individualAccount/Login-KiboEngage"), [:], STOP_ON_FAILURE): Call Test Case 'Test Cases/s-sidebar_navigation/individualAccount/Login-KiboEngage' successfully

2019-04-08 12:55:27 - [TEST_CASE][PASSED] - Test Cases/s-sidebar_navigation/individualAccount/Login-KiboEngage: Test Cases/s-sidebar_navigation/individualAccount/Login-KiboEngage

2019-04-08 12:55:27 - [TEST_STEP][PASSED] - openBrowser(""): Browser is opened with url: ''

2019-04-08 12:55:27 - [MESSAGE][WARNING] - A browser is already opened. Closing browser and opening a new one

2019-04-08 12:55:27 - [MESSAGE][INFO] - Starting 'Chrome' driver

2019-04-08 12:55:28 - [MESSAGE][PASSED] - Browser is opened with url: ''

2019-04-08 12:55:28 - [TEST_STEP][PASSED] - maximizeWindow(): Current window maximized

2019-04-08 12:55:28 - [MESSAGE][PASSED] - Current window maximized

2019-04-08 12:55:28 - [TEST_STEP][PASSED] - navigateToUrl("https://kiboengage.cloudkibo.com/"): Navigate to 'https://kiboengage.cloudkibo.com/' successfully

2019-04-08 12:55:37 - [MESSAGE][PASSED] - Navigate to 'https://kiboengage.cloudkibo.com/' successfully

2019-04-08 12:55:37 - [TEST_STEP][PASSED] - navigateToUrl("https://accounts.cloudkibo.com/?continue=https://kiboengage.cloudkibo.com"): Navigate to 'https://accounts.cloudkibo.com/?continue=https://kiboengage.cloudkibo.com' successfully

2019-04-08 12:55:37 - [MESSAGE][PASSED] - Navigate to 'https://accounts.cloudkibo.com/?continue=https://kiboengage.cloudkibo.com' successfully

2019-04-08 12:55:37 - [TEST_STEP][PASSED] - click(findTestObject("Page_KiboPush/a_Login (9) (1)")): Object: 'Object Repository/Page_KiboPush/a_Login (9) (1)' is clicked on

2019-04-08 12:55:38 - [MESSAGE][PASSED] - Object: 'Object Repository/Page_KiboPush/a_Login (9) (1)' is clicked on

2019-04-08 12:55:38 - [TEST_STEP][PASSED] - setText(findTestObject("Page_KiboPush/input_email (10) (1)"), "individual@cloudkibo.com"): Text 'individual@cloudkibo.com' is set on object 'Object Repository/Page_KiboPush/input_email (10) (1)'

2019-04-08 12:55:38 - [MESSAGE][PASSED] - Text 'individual@cloudkibo.com' is set on object 'Object Repository/Page_KiboPush/input_email (10) (1)'

2019-04-08 12:55:38 - [TEST_STEP][PASSED] - setEncryptedText(findTestObject("Page_KiboPush/input_password (9) (1)"), "RigbBhfdqOBGNlJIWM1ClA=="): Text ****** has been set on object 'Object Repository/Page_KiboPush/input_password (9) (1)'

2019-04-08 12:55:38 - [MESSAGE][PASSED] - Text ****** has been set on object 'Object Repository/Page_KiboPush/input_password (9) (1)'

2019-04-08 12:55:38 - [TEST_STEP][PASSED] - click(findTestObject("Page_KiboPush/button_Sign In (10) (1)")): Object: 'Object Repository/Page_KiboPush/button_Sign In (10) (1)' is clicked on

2019-04-08 12:55:38 - [MESSAGE][PASSED] - Object: 'Object Repository/Page_KiboPush/button_Sign In (10) (1)' is clicked on

2019-04-08 12:55:38 - [TEST_STEP][PASSED] - navigateToUrl("https://kiboengage.cloudkibo.com/dashboard"): Navigate to 'https://kiboengage.cloudkibo.com/dashboard' successfully

2019-04-08 12:55:49 - [MESSAGE][PASSED] - Navigate to 'https://kiboengage.cloudkibo.com/dashboard' successfully

2019-04-08 12:55:49 - [TEST_STEP][PASSED] - click(findTestObject("Page_KiboPush  Dashboard/h3_Dashboard (57)")): Object: 'Object Repository/Page_KiboPush  Dashboard/h3_Dashboard (57)' is clicked on

2019-04-08 12:55:50 - [MESSAGE][PASSED] - Object: 'Object Repository/Page_KiboPush  Dashboard/h3_Dashboard (57)' is clicked on

2019-04-08 12:55:50 - [TEST_STEP][PASSED] - delay(3): Delayed 3 second(s)

2019-04-08 12:55:53 - [MESSAGE][PASSED] - Delayed 3 second(s)

2019-04-08 12:55:53 - [TEST_STEP][PASSED] - click(findTestObject("Object Repository/Page_KiboEngage  Dashboard/a_SMS (2)")): Object: 'Object Repository/Page_KiboEngage  Dashboard/a_SMS (2)' is clicked on

2019-04-08 12:55:53 - [MESSAGE][PASSED] - Object: 'Object Repository/Page_KiboEngage  Dashboard/a_SMS (2)' is clicked on

2019-04-08 12:55:53 - [TEST_STEP][PASSED] - click(findTestObject("Object Repository/Page_KiboEngage  Dashboard/span_Messenger")): Object: 'Object Repository/Page_KiboEngage  Dashboard/span_Messenger' is clicked on

2019-04-08 12:55:53 - [MESSAGE][PASSED] - Object: 'Object Repository/Page_KiboEngage  Dashboard/span_Messenger' is clicked on

2019-04-08 12:55:53 - [MESSAGE][PASSED] - Call Test Case 'Test Cases/s-sidebar_navigation/individualAccount/Login-KiboEngage' successfully

2019-04-08 12:55:53 - [TEST_STEP][PASSED] - click(findTestObject("Page_KiboPush  Dashboard/h3_Dashboard")): Object: 'Object Repository/Page_KiboPush  Dashboard/h3_Dashboard' is clicked on

2019-04-08 12:55:53 - [MESSAGE][PASSED] - Object: 'Object Repository/Page_KiboPush  Dashboard/h3_Dashboard' is clicked on

2019-04-08 12:55:53 - [TEST_STEP][PASSED] - click(findTestObject("Page_KiboPush  Dashboard/span_Dashboard")): Object: 'Object Repository/Page_KiboPush  Dashboard/span_Dashboard' is clicked on

2019-04-08 12:55:53 - [MESSAGE][PASSED] - Object: 'Object Repository/Page_KiboPush  Dashboard/span_Dashboard' is clicked on

2019-04-08 12:55:53 - [MESSAGE][PASSED] - Call Test Case 'Test Cases/s-sidebar_navigation/individualAccount/Dashboard' successfully

2019-04-08 12:55:53 - [TEST_STEP][PASSED] - click(findTestObject("Page_KiboEngage  Dashboard/a_SMS (1)")): Object: 'Object Repository/Page_KiboEngage  Dashboard/a_SMS (1)' is clicked on

2019-04-08 12:55:53 - [MESSAGE][PASSED] - Object: 'Object Repository/Page_KiboEngage  Dashboard/a_SMS (1)' is clicked on

2019-04-08 12:55:53 - [TEST_STEP][PASSED] - click(findTestObject("Page_KiboEngage  Dashboard/span_SMS (1)")): Object: 'Object Repository/Page_KiboEngage  Dashboard/span_SMS (1)' is clicked on

2019-04-08 12:55:53 - [MESSAGE][PASSED] - Object: 'Object Repository/Page_KiboEngage  Dashboard/span_SMS (1)' is clicked on

2019-04-08 12:55:53 - [MESSAGE][PASSED] - Call Test Case 'Test Cases/SMS/SMSPlatform' successfully

2019-04-08 12:55:53 - [TEST_STEP][PASSED] - click(findTestObject("Page_KiboEngage  Dashboard/span_Upload Contacts (1)")): Object: 'Object Repository/Page_KiboEngage  Dashboard/span_Upload Contacts (1)' is clicked on

2019-04-08 12:55:53 - [MESSAGE][PASSED] - Object: 'Object Repository/Page_KiboEngage  Dashboard/span_Upload Contacts (1)' is clicked on

2019-04-08 12:55:53 - [TEST_STEP][PASSED] - click(findTestObject("Object Repository/Page_KiboEngage  Upload Contacts/h3_Upload Contacts (1) (1) (1)")): Object: 'Object Repository/Page_KiboEngage  Upload Contacts/h3_Upload Contacts (1) (1) (1)' is clicked on

2019-04-08 12:55:53 - [MESSAGE][PASSED] - Object: 'Object Repository/Page_KiboEngage  Upload Contacts/h3_Upload Contacts (1) (1) (1)' is clicked on

2019-04-08 12:55:53 - [TEST_STEP][PASSED] - click(findTestObject("Object Repository/Page_KiboEngage  Upload Contacts/button_Enter phone numbers manually (1)")): Object: 'Object Repository/Page_KiboEngage  Upload Contacts/button_Enter phone numbers manually (1)' is clicked on

2019-04-08 12:55:53 - [MESSAGE][PASSED] - Object: 'Object Repository/Page_KiboEngage  Upload Contacts/button_Enter phone numbers manually (1)' is clicked on

2019-04-08 12:55:53 - [TEST_STEP][PASSED] - setText(findTestObject("Page_KiboEngage  Upload Contacts/input_Upload Contacts_form-control m-input"), "+923333739566"): Text '+923333739566' is set on object 'Object Repository/Page_KiboEngage  Upload Contacts/input_Upload Contacts_form-control m-input'

2019-04-08 12:55:53 - [MESSAGE][PASSED] - Text '+923333739566' is set on object 'Object Repository/Page_KiboEngage  Upload Contacts/input_Upload Contacts_form-control m-input'

2019-04-08 12:55:53 - [TEST_STEP][PASSED] - click(findTestObject("Object Repository/Page_KiboEngage  Upload Contacts/button_Add (1)")): Object: 'Object Repository/Page_KiboEngage  Upload Contacts/button_Add (1)' is clicked on

2019-04-08 12:55:54 - [MESSAGE][PASSED] - Object: 'Object Repository/Page_KiboEngage  Upload Contacts/button_Add (1)' is clicked on

2019-04-08 12:55:54 - [TEST_STEP][PASSED] - click(findTestObject("Object Repository/Page_KiboEngage  Upload Contacts/span_Please fill all the fields (1)")): Object: 'Object Repository/Page_KiboEngage  Upload Contacts/span_Please fill all the fields (1)' is clicked on

2019-04-08 12:55:54 - [MESSAGE][PASSED] - Object: 'Object Repository/Page_KiboEngage  Upload Contacts/span_Please fill all the fields (1)' is clicked on]]></system-out>
         <system-err><![CDATA[]]></system-err>
      </testcase>
      <testcase name="Test Cases/SMS/upload contacts/TC11158" classname="Test Cases/SMS/upload contacts/TC11158" status="PASSED">
         <system-out><![CDATA[2019-04-08 12:55:54 - [TEST_CASE][PASSED] - Test Cases/SMS/upload contacts/TC11158: Test Cases/SMS/upload contacts/TC11158

2019-04-08 12:55:54 - [TEST_STEP][PASSED] - callTestCase(findTestCase("SMS/SMSPlatform"), [:], STOP_ON_FAILURE): Call Test Case 'Test Cases/SMS/SMSPlatform' successfully

2019-04-08 12:55:54 - [TEST_CASE][PASSED] - Test Cases/SMS/SMSPlatform: Test Cases/SMS/SMSPlatform

2019-04-08 12:55:54 - [TEST_STEP][PASSED] - callTestCase(findTestCase("s-sidebar_navigation/individualAccount/Dashboard"), [:], STOP_ON_FAILURE): Call Test Case 'Test Cases/s-sidebar_navigation/individualAccount/Dashboard' successfully

2019-04-08 12:55:54 - [TEST_CASE][PASSED] - Test Cases/s-sidebar_navigation/individualAccount/Dashboard: Test Cases/s-sidebar_navigation/individualAccount/Dashboard

2019-04-08 12:55:54 - [TEST_STEP][PASSED] - callTestCase(findTestCase("s-sidebar_navigation/individualAccount/Login-KiboEngage"), [:], STOP_ON_FAILURE): Call Test Case 'Test Cases/s-sidebar_navigation/individualAccount/Login-KiboEngage' successfully

2019-04-08 12:55:54 - [TEST_CASE][PASSED] - Test Cases/s-sidebar_navigation/individualAccount/Login-KiboEngage: Test Cases/s-sidebar_navigation/individualAccount/Login-KiboEngage

2019-04-08 12:55:54 - [TEST_STEP][PASSED] - openBrowser(""): Browser is opened with url: ''

2019-04-08 12:55:54 - [MESSAGE][WARNING] - A browser is already opened. Closing browser and opening a new one

2019-04-08 12:55:54 - [MESSAGE][INFO] - Starting 'Chrome' driver

2019-04-08 12:55:54 - [MESSAGE][PASSED] - Browser is opened with url: ''

2019-04-08 12:55:54 - [TEST_STEP][PASSED] - maximizeWindow(): Current window maximized

2019-04-08 12:55:54 - [MESSAGE][PASSED] - Current window maximized

2019-04-08 12:55:54 - [TEST_STEP][PASSED] - navigateToUrl("https://kiboengage.cloudkibo.com/"): Navigate to 'https://kiboengage.cloudkibo.com/' successfully

2019-04-08 12:56:04 - [MESSAGE][PASSED] - Navigate to 'https://kiboengage.cloudkibo.com/' successfully

2019-04-08 12:56:04 - [TEST_STEP][PASSED] - navigateToUrl("https://accounts.cloudkibo.com/?continue=https://kiboengage.cloudkibo.com"): Navigate to 'https://accounts.cloudkibo.com/?continue=https://kiboengage.cloudkibo.com' successfully

2019-04-08 12:56:05 - [MESSAGE][PASSED] - Navigate to 'https://accounts.cloudkibo.com/?continue=https://kiboengage.cloudkibo.com' successfully

2019-04-08 12:56:05 - [TEST_STEP][PASSED] - click(findTestObject("Page_KiboPush/a_Login (9) (1)")): Object: 'Object Repository/Page_KiboPush/a_Login (9) (1)' is clicked on

2019-04-08 12:56:05 - [MESSAGE][PASSED] - Object: 'Object Repository/Page_KiboPush/a_Login (9) (1)' is clicked on

2019-04-08 12:56:05 - [TEST_STEP][PASSED] - setText(findTestObject("Page_KiboPush/input_email (10) (1)"), "individual@cloudkibo.com"): Text 'individual@cloudkibo.com' is set on object 'Object Repository/Page_KiboPush/input_email (10) (1)'

2019-04-08 12:56:06 - [MESSAGE][PASSED] - Text 'individual@cloudkibo.com' is set on object 'Object Repository/Page_KiboPush/input_email (10) (1)'

2019-04-08 12:56:06 - [TEST_STEP][PASSED] - setEncryptedText(findTestObject("Page_KiboPush/input_password (9) (1)"), "RigbBhfdqOBGNlJIWM1ClA=="): Text ****** has been set on object 'Object Repository/Page_KiboPush/input_password (9) (1)'

2019-04-08 12:56:06 - [MESSAGE][PASSED] - Text ****** has been set on object 'Object Repository/Page_KiboPush/input_password (9) (1)'

2019-04-08 12:56:06 - [TEST_STEP][PASSED] - click(findTestObject("Page_KiboPush/button_Sign In (10) (1)")): Object: 'Object Repository/Page_KiboPush/button_Sign In (10) (1)' is clicked on

2019-04-08 12:56:06 - [MESSAGE][PASSED] - Object: 'Object Repository/Page_KiboPush/button_Sign In (10) (1)' is clicked on

2019-04-08 12:56:06 - [TEST_STEP][PASSED] - navigateToUrl("https://kiboengage.cloudkibo.com/dashboard"): Navigate to 'https://kiboengage.cloudkibo.com/dashboard' successfully

2019-04-08 12:56:17 - [MESSAGE][PASSED] - Navigate to 'https://kiboengage.cloudkibo.com/dashboard' successfully

2019-04-08 12:56:17 - [TEST_STEP][PASSED] - click(findTestObject("Page_KiboPush  Dashboard/h3_Dashboard (57)")): Object: 'Object Repository/Page_KiboPush  Dashboard/h3_Dashboard (57)' is clicked on

2019-04-08 12:56:17 - [MESSAGE][PASSED] - Object: 'Object Repository/Page_KiboPush  Dashboard/h3_Dashboard (57)' is clicked on

2019-04-08 12:56:17 - [TEST_STEP][PASSED] - delay(3): Delayed 3 second(s)

2019-04-08 12:56:20 - [MESSAGE][PASSED] - Delayed 3 second(s)

2019-04-08 12:56:20 - [TEST_STEP][PASSED] - click(findTestObject("Object Repository/Page_KiboEngage  Dashboard/a_SMS (2)")): Object: 'Object Repository/Page_KiboEngage  Dashboard/a_SMS (2)' is clicked on

2019-04-08 12:56:20 - [MESSAGE][PASSED] - Object: 'Object Repository/Page_KiboEngage  Dashboard/a_SMS (2)' is clicked on

2019-04-08 12:56:20 - [TEST_STEP][PASSED] - click(findTestObject("Object Repository/Page_KiboEngage  Dashboard/span_Messenger")): Object: 'Object Repository/Page_KiboEngage  Dashboard/span_Messenger' is clicked on

2019-04-08 12:56:20 - [MESSAGE][PASSED] - Object: 'Object Repository/Page_KiboEngage  Dashboard/span_Messenger' is clicked on

2019-04-08 12:56:20 - [MESSAGE][PASSED] - Call Test Case 'Test Cases/s-sidebar_navigation/individualAccount/Login-KiboEngage' successfully

2019-04-08 12:56:20 - [TEST_STEP][PASSED] - click(findTestObject("Page_KiboPush  Dashboard/h3_Dashboard")): Object: 'Object Repository/Page_KiboPush  Dashboard/h3_Dashboard' is clicked on

2019-04-08 12:56:20 - [MESSAGE][PASSED] - Object: 'Object Repository/Page_KiboPush  Dashboard/h3_Dashboard' is clicked on

2019-04-08 12:56:20 - [TEST_STEP][PASSED] - click(findTestObject("Page_KiboPush  Dashboard/span_Dashboard")): Object: 'Object Repository/Page_KiboPush  Dashboard/span_Dashboard' is clicked on

2019-04-08 12:56:20 - [MESSAGE][PASSED] - Object: 'Object Repository/Page_KiboPush  Dashboard/span_Dashboard' is clicked on

2019-04-08 12:56:20 - [MESSAGE][PASSED] - Call Test Case 'Test Cases/s-sidebar_navigation/individualAccount/Dashboard' successfully

2019-04-08 12:56:20 - [TEST_STEP][PASSED] - click(findTestObject("Page_KiboEngage  Dashboard/a_SMS (1)")): Object: 'Object Repository/Page_KiboEngage  Dashboard/a_SMS (1)' is clicked on

2019-04-08 12:56:21 - [MESSAGE][PASSED] - Object: 'Object Repository/Page_KiboEngage  Dashboard/a_SMS (1)' is clicked on

2019-04-08 12:56:21 - [TEST_STEP][PASSED] - click(findTestObject("Page_KiboEngage  Dashboard/span_SMS (1)")): Object: 'Object Repository/Page_KiboEngage  Dashboard/span_SMS (1)' is clicked on

2019-04-08 12:56:21 - [MESSAGE][PASSED] - Object: 'Object Repository/Page_KiboEngage  Dashboard/span_SMS (1)' is clicked on

2019-04-08 12:56:21 - [MESSAGE][PASSED] - Call Test Case 'Test Cases/SMS/SMSPlatform' successfully

2019-04-08 12:56:21 - [TEST_STEP][PASSED] - click(findTestObject("Page_KiboEngage  Dashboard/span_Upload Contacts (1)")): Object: 'Object Repository/Page_KiboEngage  Dashboard/span_Upload Contacts (1)' is clicked on

2019-04-08 12:56:21 - [MESSAGE][PASSED] - Object: 'Object Repository/Page_KiboEngage  Dashboard/span_Upload Contacts (1)' is clicked on

2019-04-08 12:56:21 - [TEST_STEP][PASSED] - click(findTestObject("Page_KiboEngage  Upload Contacts/h3_Upload Contacts (1) (1) (1) (1)")): Object: 'Object Repository/Page_KiboEngage  Upload Contacts/h3_Upload Contacts (1) (1) (1) (1)' is clicked on

2019-04-08 12:56:21 - [MESSAGE][PASSED] - Object: 'Object Repository/Page_KiboEngage  Upload Contacts/h3_Upload Contacts (1) (1) (1) (1)' is clicked on

2019-04-08 12:56:21 - [TEST_STEP][PASSED] - click(findTestObject("Page_KiboEngage  Upload Contacts/button_Enter phone numbers manually (1) (1)")): Object: 'Object Repository/Page_KiboEngage  Upload Contacts/button_Enter phone numbers manually (1) (1)' is clicked on

2019-04-08 12:56:21 - [MESSAGE][PASSED] - Object: 'Object Repository/Page_KiboEngage  Upload Contacts/button_Enter phone numbers manually (1) (1)' is clicked on

2019-04-08 12:56:21 - [TEST_STEP][PASSED] - click(findTestObject("Page_KiboEngage  Upload Contacts/button_Add (1) (1)")): Object: 'Object Repository/Page_KiboEngage  Upload Contacts/button_Add (1) (1)' is clicked on

2019-04-08 12:56:21 - [MESSAGE][PASSED] - Object: 'Object Repository/Page_KiboEngage  Upload Contacts/button_Add (1) (1)' is clicked on

2019-04-08 12:56:21 - [TEST_STEP][PASSED] - click(findTestObject("Page_KiboEngage  Upload Contacts/span_Please fill all the fields (1) (1)")): Object: 'Object Repository/Page_KiboEngage  Upload Contacts/span_Please fill all the fields (1) (1)' is clicked on

2019-04-08 12:56:21 - [MESSAGE][PASSED] - Object: 'Object Repository/Page_KiboEngage  Upload Contacts/span_Please fill all the fields (1) (1)' is clicked on

2019-04-08 12:56:21 - [TEST_STEP][PASSED] - setText(findTestObject("Page_KiboEngage  Upload Contacts/input_Upload Contacts_form-control m-input (1)"), "Faizan"): Text 'Faizan' is set on object 'Object Repository/Page_KiboEngage  Upload Contacts/input_Upload Contacts_form-control m-input (1)'

2019-04-08 12:56:21 - [MESSAGE][PASSED] - Text 'Faizan' is set on object 'Object Repository/Page_KiboEngage  Upload Contacts/input_Upload Contacts_form-control m-input (1)'

2019-04-08 12:56:21 - [TEST_STEP][PASSED] - click(findTestObject("Page_KiboEngage  Upload Contacts/button_Add (2)")): Object: 'Object Repository/Page_KiboEngage  Upload Contacts/button_Add (2)' is clicked on

2019-04-08 12:56:21 - [MESSAGE][PASSED] - Object: 'Object Repository/Page_KiboEngage  Upload Contacts/button_Add (2)' is clicked on

2019-04-08 12:56:21 - [TEST_STEP][PASSED] - click(findTestObject("Page_KiboEngage  Upload Contacts/span_Please fill all the fields (2)")): Object: 'Object Repository/Page_KiboEngage  Upload Contacts/span_Please fill all the fields (2)' is clicked on

2019-04-08 12:56:21 - [MESSAGE][PASSED] - Object: 'Object Repository/Page_KiboEngage  Upload Contacts/span_Please fill all the fields (2)' is clicked on]]></system-out>
         <system-err><![CDATA[]]></system-err>
      </testcase>
      <testcase name="Test Cases/SMS/upload contacts/TC11159" classname="Test Cases/SMS/upload contacts/TC11159" status="PASSED">
         <system-out><![CDATA[2019-04-08 12:56:21 - [TEST_CASE][PASSED] - Test Cases/SMS/upload contacts/TC11159: Test Cases/SMS/upload contacts/TC11159

2019-04-08 12:56:21 - [TEST_STEP][PASSED] - callTestCase(findTestCase("SMS/SMSPlatform"), [:], STOP_ON_FAILURE): Call Test Case 'Test Cases/SMS/SMSPlatform' successfully

2019-04-08 12:56:22 - [TEST_CASE][PASSED] - Test Cases/SMS/SMSPlatform: Test Cases/SMS/SMSPlatform

2019-04-08 12:56:22 - [TEST_STEP][PASSED] - callTestCase(findTestCase("s-sidebar_navigation/individualAccount/Dashboard"), [:], STOP_ON_FAILURE): Call Test Case 'Test Cases/s-sidebar_navigation/individualAccount/Dashboard' successfully

2019-04-08 12:56:22 - [TEST_CASE][PASSED] - Test Cases/s-sidebar_navigation/individualAccount/Dashboard: Test Cases/s-sidebar_navigation/individualAccount/Dashboard

2019-04-08 12:56:22 - [TEST_STEP][PASSED] - callTestCase(findTestCase("s-sidebar_navigation/individualAccount/Login-KiboEngage"), [:], STOP_ON_FAILURE): Call Test Case 'Test Cases/s-sidebar_navigation/individualAccount/Login-KiboEngage' successfully

2019-04-08 12:56:22 - [TEST_CASE][PASSED] - Test Cases/s-sidebar_navigation/individualAccount/Login-KiboEngage: Test Cases/s-sidebar_navigation/individualAccount/Login-KiboEngage

2019-04-08 12:56:22 - [TEST_STEP][PASSED] - openBrowser(""): Browser is opened with url: ''

2019-04-08 12:56:22 - [MESSAGE][WARNING] - A browser is already opened. Closing browser and opening a new one

2019-04-08 12:56:22 - [MESSAGE][INFO] - Starting 'Chrome' driver

2019-04-08 12:56:22 - [MESSAGE][PASSED] - Browser is opened with url: ''

2019-04-08 12:56:22 - [TEST_STEP][PASSED] - maximizeWindow(): Current window maximized

2019-04-08 12:56:22 - [MESSAGE][PASSED] - Current window maximized

2019-04-08 12:56:22 - [TEST_STEP][PASSED] - navigateToUrl("https://kiboengage.cloudkibo.com/"): Navigate to 'https://kiboengage.cloudkibo.com/' successfully

2019-04-08 12:56:34 - [MESSAGE][PASSED] - Navigate to 'https://kiboengage.cloudkibo.com/' successfully

2019-04-08 12:56:34 - [TEST_STEP][PASSED] - navigateToUrl("https://accounts.cloudkibo.com/?continue=https://kiboengage.cloudkibo.com"): Navigate to 'https://accounts.cloudkibo.com/?continue=https://kiboengage.cloudkibo.com' successfully

2019-04-08 12:56:35 - [MESSAGE][PASSED] - Navigate to 'https://accounts.cloudkibo.com/?continue=https://kiboengage.cloudkibo.com' successfully

2019-04-08 12:56:35 - [TEST_STEP][PASSED] - click(findTestObject("Page_KiboPush/a_Login (9) (1)")): Object: 'Object Repository/Page_KiboPush/a_Login (9) (1)' is clicked on

2019-04-08 12:56:36 - [MESSAGE][PASSED] - Object: 'Object Repository/Page_KiboPush/a_Login (9) (1)' is clicked on

2019-04-08 12:56:36 - [TEST_STEP][PASSED] - setText(findTestObject("Page_KiboPush/input_email (10) (1)"), "individual@cloudkibo.com"): Text 'individual@cloudkibo.com' is set on object 'Object Repository/Page_KiboPush/input_email (10) (1)'

2019-04-08 12:56:36 - [MESSAGE][PASSED] - Text 'individual@cloudkibo.com' is set on object 'Object Repository/Page_KiboPush/input_email (10) (1)'

2019-04-08 12:56:36 - [TEST_STEP][PASSED] - setEncryptedText(findTestObject("Page_KiboPush/input_password (9) (1)"), "RigbBhfdqOBGNlJIWM1ClA=="): Text ****** has been set on object 'Object Repository/Page_KiboPush/input_password (9) (1)'

2019-04-08 12:56:36 - [MESSAGE][PASSED] - Text ****** has been set on object 'Object Repository/Page_KiboPush/input_password (9) (1)'

2019-04-08 12:56:36 - [TEST_STEP][PASSED] - click(findTestObject("Page_KiboPush/button_Sign In (10) (1)")): Object: 'Object Repository/Page_KiboPush/button_Sign In (10) (1)' is clicked on

2019-04-08 12:56:36 - [MESSAGE][PASSED] - Object: 'Object Repository/Page_KiboPush/button_Sign In (10) (1)' is clicked on

2019-04-08 12:56:36 - [TEST_STEP][PASSED] - navigateToUrl("https://kiboengage.cloudkibo.com/dashboard"): Navigate to 'https://kiboengage.cloudkibo.com/dashboard' successfully

2019-04-08 12:56:45 - [MESSAGE][PASSED] - Navigate to 'https://kiboengage.cloudkibo.com/dashboard' successfully

2019-04-08 12:56:45 - [TEST_STEP][PASSED] - click(findTestObject("Page_KiboPush  Dashboard/h3_Dashboard (57)")): Object: 'Object Repository/Page_KiboPush  Dashboard/h3_Dashboard (57)' is clicked on

2019-04-08 12:56:45 - [MESSAGE][PASSED] - Object: 'Object Repository/Page_KiboPush  Dashboard/h3_Dashboard (57)' is clicked on

2019-04-08 12:56:45 - [TEST_STEP][PASSED] - delay(3): Delayed 3 second(s)

2019-04-08 12:56:48 - [MESSAGE][PASSED] - Delayed 3 second(s)

2019-04-08 12:56:48 - [TEST_STEP][PASSED] - click(findTestObject("Object Repository/Page_KiboEngage  Dashboard/a_SMS (2)")): Object: 'Object Repository/Page_KiboEngage  Dashboard/a_SMS (2)' is clicked on

2019-04-08 12:56:48 - [MESSAGE][PASSED] - Object: 'Object Repository/Page_KiboEngage  Dashboard/a_SMS (2)' is clicked on

2019-04-08 12:56:48 - [TEST_STEP][PASSED] - click(findTestObject("Object Repository/Page_KiboEngage  Dashboard/span_Messenger")): Object: 'Object Repository/Page_KiboEngage  Dashboard/span_Messenger' is clicked on

2019-04-08 12:56:48 - [MESSAGE][PASSED] - Object: 'Object Repository/Page_KiboEngage  Dashboard/span_Messenger' is clicked on

2019-04-08 12:56:48 - [MESSAGE][PASSED] - Call Test Case 'Test Cases/s-sidebar_navigation/individualAccount/Login-KiboEngage' successfully

2019-04-08 12:56:48 - [TEST_STEP][PASSED] - click(findTestObject("Page_KiboPush  Dashboard/h3_Dashboard")): Object: 'Object Repository/Page_KiboPush  Dashboard/h3_Dashboard' is clicked on

2019-04-08 12:56:48 - [MESSAGE][PASSED] - Object: 'Object Repository/Page_KiboPush  Dashboard/h3_Dashboard' is clicked on

2019-04-08 12:56:48 - [TEST_STEP][PASSED] - click(findTestObject("Page_KiboPush  Dashboard/span_Dashboard")): Object: 'Object Repository/Page_KiboPush  Dashboard/span_Dashboard' is clicked on

2019-04-08 12:56:49 - [MESSAGE][PASSED] - Object: 'Object Repository/Page_KiboPush  Dashboard/span_Dashboard' is clicked on

2019-04-08 12:56:49 - [MESSAGE][PASSED] - Call Test Case 'Test Cases/s-sidebar_navigation/individualAccount/Dashboard' successfully

2019-04-08 12:56:49 - [TEST_STEP][PASSED] - click(findTestObject("Page_KiboEngage  Dashboard/a_SMS (1)")): Object: 'Object Repository/Page_KiboEngage  Dashboard/a_SMS (1)' is clicked on

2019-04-08 12:56:49 - [MESSAGE][PASSED] - Object: 'Object Repository/Page_KiboEngage  Dashboard/a_SMS (1)' is clicked on

2019-04-08 12:56:49 - [TEST_STEP][PASSED] - click(findTestObject("Page_KiboEngage  Dashboard/span_SMS (1)")): Object: 'Object Repository/Page_KiboEngage  Dashboard/span_SMS (1)' is clicked on

2019-04-08 12:56:49 - [MESSAGE][PASSED] - Object: 'Object Repository/Page_KiboEngage  Dashboard/span_SMS (1)' is clicked on

2019-04-08 12:56:49 - [MESSAGE][PASSED] - Call Test Case 'Test Cases/SMS/SMSPlatform' successfully

2019-04-08 12:56:49 - [TEST_STEP][PASSED] - click(findTestObject("Page_KiboEngage  Dashboard/span_Upload Contacts (1)")): Object: 'Object Repository/Page_KiboEngage  Dashboard/span_Upload Contacts (1)' is clicked on

2019-04-08 12:56:49 - [MESSAGE][PASSED] - Object: 'Object Repository/Page_KiboEngage  Dashboard/span_Upload Contacts (1)' is clicked on

2019-04-08 12:56:49 - [TEST_STEP][PASSED] - click(findTestObject("Object Repository/Page_KiboEngage  Upload Contacts/h3_Upload Contacts (1) (1) (1) (1) (1)")): Object: 'Object Repository/Page_KiboEngage  Upload Contacts/h3_Upload Contacts (1) (1) (1) (1) (1)' is clicked on

2019-04-08 12:56:49 - [MESSAGE][PASSED] - Object: 'Object Repository/Page_KiboEngage  Upload Contacts/h3_Upload Contacts (1) (1) (1) (1) (1)' is clicked on

2019-04-08 12:56:49 - [TEST_STEP][PASSED] - click(findTestObject("Object Repository/Page_KiboEngage  Upload Contacts/button_Enter phone numbers manually (1) (1) (1)")): Object: 'Object Repository/Page_KiboEngage  Upload Contacts/button_Enter phone numbers manually (1) (1) (1)' is clicked on

2019-04-08 12:56:49 - [MESSAGE][PASSED] - Object: 'Object Repository/Page_KiboEngage  Upload Contacts/button_Enter phone numbers manually (1) (1) (1)' is clicked on

2019-04-08 12:56:49 - [TEST_STEP][PASSED] - click(findTestObject("Object Repository/Page_KiboEngage  Upload Contacts/button_Add (1) (1) (1)")): Object: 'Object Repository/Page_KiboEngage  Upload Contacts/button_Add (1) (1) (1)' is clicked on

2019-04-08 12:56:49 - [MESSAGE][PASSED] - Object: 'Object Repository/Page_KiboEngage  Upload Contacts/button_Add (1) (1) (1)' is clicked on

2019-04-08 12:56:49 - [TEST_STEP][PASSED] - click(findTestObject("Object Repository/Page_KiboEngage  Upload Contacts/span_Please fill all the fields (1) (1) (1)")): Object: 'Object Repository/Page_KiboEngage  Upload Contacts/span_Please fill all the fields (1) (1) (1)' is clicked on

2019-04-08 12:56:49 - [MESSAGE][PASSED] - Object: 'Object Repository/Page_KiboEngage  Upload Contacts/span_Please fill all the fields (1) (1) (1)' is clicked on

2019-04-08 12:56:49 - [TEST_STEP][PASSED] - setText(findTestObject("Object Repository/Page_KiboEngage  Upload Contacts/input_Upload Contacts_form-control m-input (1) (1)"), "Faizan"): Text 'Faizan' is set on object 'Object Repository/Page_KiboEngage  Upload Contacts/input_Upload Contacts_form-control m-input (1) (1)'

2019-04-08 12:56:49 - [MESSAGE][PASSED] - Text 'Faizan' is set on object 'Object Repository/Page_KiboEngage  Upload Contacts/input_Upload Contacts_form-control m-input (1) (1)'

2019-04-08 12:56:49 - [TEST_STEP][PASSED] - setText(findTestObject("Object Repository/Page_KiboEngage  Upload Contacts/input_Upload Contacts_form-control m-input (2)"), "923333739566"): Text '923333739566' is set on object 'Object Repository/Page_KiboEngage  Upload Contacts/input_Upload Contacts_form-control m-input (2)'

2019-04-08 12:56:50 - [MESSAGE][PASSED] - Text '923333739566' is set on object 'Object Repository/Page_KiboEngage  Upload Contacts/input_Upload Contacts_form-control m-input (2)'

2019-04-08 12:56:50 - [TEST_STEP][PASSED] - click(findTestObject("Object Repository/Page_KiboEngage  Upload Contacts/button_Add (2) (1)")): Object: 'Object Repository/Page_KiboEngage  Upload Contacts/button_Add (2) (1)' is clicked on

2019-04-08 12:56:50 - [MESSAGE][PASSED] - Object: 'Object Repository/Page_KiboEngage  Upload Contacts/button_Add (2) (1)' is clicked on

2019-04-08 12:56:50 - [TEST_STEP][PASSED] - click(findTestObject("Object Repository/Page_KiboEngage  Upload Contacts/span_This number is invalid Please enter a valid number")): Object: 'Object Repository/Page_KiboEngage  Upload Contacts/span_This number is invalid Please enter a valid number' is clicked on

2019-04-08 12:56:50 - [MESSAGE][PASSED] - Object: 'Object Repository/Page_KiboEngage  Upload Contacts/span_This number is invalid Please enter a valid number' is clicked on]]></system-out>
         <system-err><![CDATA[]]></system-err>
      </testcase>
      <testcase name="Test Cases/SMS/upload contacts/TC11160" classname="Test Cases/SMS/upload contacts/TC11160" status="PASSED">
         <system-out><![CDATA[2019-04-08 12:56:50 - [TEST_CASE][PASSED] - Test Cases/SMS/upload contacts/TC11160: Test Cases/SMS/upload contacts/TC11160

2019-04-08 12:56:50 - [TEST_STEP][PASSED] - callTestCase(findTestCase("SMS/SMSPlatform"), [:], STOP_ON_FAILURE): Call Test Case 'Test Cases/SMS/SMSPlatform' successfully

2019-04-08 12:56:50 - [TEST_CASE][PASSED] - Test Cases/SMS/SMSPlatform: Test Cases/SMS/SMSPlatform

2019-04-08 12:56:50 - [TEST_STEP][PASSED] - callTestCase(findTestCase("s-sidebar_navigation/individualAccount/Dashboard"), [:], STOP_ON_FAILURE): Call Test Case 'Test Cases/s-sidebar_navigation/individualAccount/Dashboard' successfully

2019-04-08 12:56:50 - [TEST_CASE][PASSED] - Test Cases/s-sidebar_navigation/individualAccount/Dashboard: Test Cases/s-sidebar_navigation/individualAccount/Dashboard

2019-04-08 12:56:50 - [TEST_STEP][PASSED] - callTestCase(findTestCase("s-sidebar_navigation/individualAccount/Login-KiboEngage"), [:], STOP_ON_FAILURE): Call Test Case 'Test Cases/s-sidebar_navigation/individualAccount/Login-KiboEngage' successfully

2019-04-08 12:56:50 - [TEST_CASE][PASSED] - Test Cases/s-sidebar_navigation/individualAccount/Login-KiboEngage: Test Cases/s-sidebar_navigation/individualAccount/Login-KiboEngage

2019-04-08 12:56:50 - [TEST_STEP][PASSED] - openBrowser(""): Browser is opened with url: ''

2019-04-08 12:56:50 - [MESSAGE][WARNING] - A browser is already opened. Closing browser and opening a new one

2019-04-08 12:56:50 - [MESSAGE][INFO] - Starting 'Chrome' driver

2019-04-08 12:56:50 - [MESSAGE][PASSED] - Browser is opened with url: ''

2019-04-08 12:56:50 - [TEST_STEP][PASSED] - maximizeWindow(): Current window maximized

2019-04-08 12:56:51 - [MESSAGE][PASSED] - Current window maximized

2019-04-08 12:56:51 - [TEST_STEP][PASSED] - navigateToUrl("https://kiboengage.cloudkibo.com/"): Navigate to 'https://kiboengage.cloudkibo.com/' successfully

2019-04-08 12:57:03 - [MESSAGE][PASSED] - Navigate to 'https://kiboengage.cloudkibo.com/' successfully

2019-04-08 12:57:03 - [TEST_STEP][PASSED] - navigateToUrl("https://accounts.cloudkibo.com/?continue=https://kiboengage.cloudkibo.com"): Navigate to 'https://accounts.cloudkibo.com/?continue=https://kiboengage.cloudkibo.com' successfully

2019-04-08 12:57:03 - [MESSAGE][PASSED] - Navigate to 'https://accounts.cloudkibo.com/?continue=https://kiboengage.cloudkibo.com' successfully

2019-04-08 12:57:03 - [TEST_STEP][PASSED] - click(findTestObject("Page_KiboPush/a_Login (9) (1)")): Object: 'Object Repository/Page_KiboPush/a_Login (9) (1)' is clicked on

2019-04-08 12:57:04 - [MESSAGE][PASSED] - Object: 'Object Repository/Page_KiboPush/a_Login (9) (1)' is clicked on

2019-04-08 12:57:04 - [TEST_STEP][PASSED] - setText(findTestObject("Page_KiboPush/input_email (10) (1)"), "individual@cloudkibo.com"): Text 'individual@cloudkibo.com' is set on object 'Object Repository/Page_KiboPush/input_email (10) (1)'

2019-04-08 12:57:04 - [MESSAGE][PASSED] - Text 'individual@cloudkibo.com' is set on object 'Object Repository/Page_KiboPush/input_email (10) (1)'

2019-04-08 12:57:04 - [TEST_STEP][PASSED] - setEncryptedText(findTestObject("Page_KiboPush/input_password (9) (1)"), "RigbBhfdqOBGNlJIWM1ClA=="): Text ****** has been set on object 'Object Repository/Page_KiboPush/input_password (9) (1)'

2019-04-08 12:57:04 - [MESSAGE][PASSED] - Text ****** has been set on object 'Object Repository/Page_KiboPush/input_password (9) (1)'

2019-04-08 12:57:04 - [TEST_STEP][PASSED] - click(findTestObject("Page_KiboPush/button_Sign In (10) (1)")): Object: 'Object Repository/Page_KiboPush/button_Sign In (10) (1)' is clicked on

2019-04-08 12:57:05 - [MESSAGE][PASSED] - Object: 'Object Repository/Page_KiboPush/button_Sign In (10) (1)' is clicked on

2019-04-08 12:57:05 - [TEST_STEP][PASSED] - navigateToUrl("https://kiboengage.cloudkibo.com/dashboard"): Navigate to 'https://kiboengage.cloudkibo.com/dashboard' successfully

2019-04-08 12:57:21 - [MESSAGE][PASSED] - Navigate to 'https://kiboengage.cloudkibo.com/dashboard' successfully

2019-04-08 12:57:21 - [TEST_STEP][PASSED] - click(findTestObject("Page_KiboPush  Dashboard/h3_Dashboard (57)")): Object: 'Object Repository/Page_KiboPush  Dashboard/h3_Dashboard (57)' is clicked on

2019-04-08 12:57:21 - [MESSAGE][PASSED] - Object: 'Object Repository/Page_KiboPush  Dashboard/h3_Dashboard (57)' is clicked on

2019-04-08 12:57:21 - [TEST_STEP][PASSED] - delay(3): Delayed 3 second(s)

2019-04-08 12:57:24 - [MESSAGE][PASSED] - Delayed 3 second(s)

2019-04-08 12:57:24 - [TEST_STEP][PASSED] - click(findTestObject("Object Repository/Page_KiboEngage  Dashboard/a_SMS (2)")): Object: 'Object Repository/Page_KiboEngage  Dashboard/a_SMS (2)' is clicked on

2019-04-08 12:57:24 - [MESSAGE][PASSED] - Object: 'Object Repository/Page_KiboEngage  Dashboard/a_SMS (2)' is clicked on

2019-04-08 12:57:24 - [TEST_STEP][PASSED] - click(findTestObject("Object Repository/Page_KiboEngage  Dashboard/span_Messenger")): Object: 'Object Repository/Page_KiboEngage  Dashboard/span_Messenger' is clicked on

2019-04-08 12:57:24 - [MESSAGE][PASSED] - Object: 'Object Repository/Page_KiboEngage  Dashboard/span_Messenger' is clicked on

2019-04-08 12:57:24 - [MESSAGE][PASSED] - Call Test Case 'Test Cases/s-sidebar_navigation/individualAccount/Login-KiboEngage' successfully

2019-04-08 12:57:24 - [TEST_STEP][PASSED] - click(findTestObject("Page_KiboPush  Dashboard/h3_Dashboard")): Object: 'Object Repository/Page_KiboPush  Dashboard/h3_Dashboard' is clicked on

2019-04-08 12:57:24 - [MESSAGE][PASSED] - Object: 'Object Repository/Page_KiboPush  Dashboard/h3_Dashboard' is clicked on

2019-04-08 12:57:24 - [TEST_STEP][PASSED] - click(findTestObject("Page_KiboPush  Dashboard/span_Dashboard")): Object: 'Object Repository/Page_KiboPush  Dashboard/span_Dashboard' is clicked on

2019-04-08 12:57:25 - [MESSAGE][PASSED] - Object: 'Object Repository/Page_KiboPush  Dashboard/span_Dashboard' is clicked on

2019-04-08 12:57:25 - [MESSAGE][PASSED] - Call Test Case 'Test Cases/s-sidebar_navigation/individualAccount/Dashboard' successfully

2019-04-08 12:57:25 - [TEST_STEP][PASSED] - click(findTestObject("Page_KiboEngage  Dashboard/a_SMS (1)")): Object: 'Object Repository/Page_KiboEngage  Dashboard/a_SMS (1)' is clicked on

2019-04-08 12:57:25 - [MESSAGE][PASSED] - Object: 'Object Repository/Page_KiboEngage  Dashboard/a_SMS (1)' is clicked on

2019-04-08 12:57:25 - [TEST_STEP][PASSED] - click(findTestObject("Page_KiboEngage  Dashboard/span_SMS (1)")): Object: 'Object Repository/Page_KiboEngage  Dashboard/span_SMS (1)' is clicked on

2019-04-08 12:57:25 - [MESSAGE][PASSED] - Object: 'Object Repository/Page_KiboEngage  Dashboard/span_SMS (1)' is clicked on

2019-04-08 12:57:25 - [MESSAGE][PASSED] - Call Test Case 'Test Cases/SMS/SMSPlatform' successfully

2019-04-08 12:57:25 - [TEST_STEP][PASSED] - click(findTestObject("Page_KiboEngage  Dashboard/span_Upload Contacts (1)")): Object: 'Object Repository/Page_KiboEngage  Dashboard/span_Upload Contacts (1)' is clicked on

2019-04-08 12:57:25 - [MESSAGE][PASSED] - Object: 'Object Repository/Page_KiboEngage  Dashboard/span_Upload Contacts (1)' is clicked on

2019-04-08 12:57:25 - [TEST_STEP][PASSED] - click(findTestObject("Object Repository/Page_KiboEngage  Upload Contacts/h3_Upload Contacts (1) (1) (1) (1) (1) (1)")): Object: 'Object Repository/Page_KiboEngage  Upload Contacts/h3_Upload Contacts (1) (1) (1) (1) (1) (1)' is clicked on

2019-04-08 12:57:25 - [MESSAGE][PASSED] - Object: 'Object Repository/Page_KiboEngage  Upload Contacts/h3_Upload Contacts (1) (1) (1) (1) (1) (1)' is clicked on

2019-04-08 12:57:25 - [TEST_STEP][PASSED] - click(findTestObject("Object Repository/Page_KiboEngage  Upload Contacts/button_Enter phone numbers manually (1) (1) (1) (1)")): Object: 'Object Repository/Page_KiboEngage  Upload Contacts/button_Enter phone numbers manually (1) (1) (1) (1)' is clicked on

2019-04-08 12:57:25 - [MESSAGE][PASSED] - Object: 'Object Repository/Page_KiboEngage  Upload Contacts/button_Enter phone numbers manually (1) (1) (1) (1)' is clicked on

2019-04-08 12:57:25 - [TEST_STEP][PASSED] - click(findTestObject("Object Repository/Page_KiboEngage  Upload Contacts/button_Add (1) (1) (1) (1)")): Object: 'Object Repository/Page_KiboEngage  Upload Contacts/button_Add (1) (1) (1) (1)' is clicked on

2019-04-08 12:57:25 - [MESSAGE][PASSED] - Object: 'Object Repository/Page_KiboEngage  Upload Contacts/button_Add (1) (1) (1) (1)' is clicked on

2019-04-08 12:57:25 - [TEST_STEP][PASSED] - click(findTestObject("Object Repository/Page_KiboEngage  Upload Contacts/span_Please fill all the fields (1) (1) (1) (1)")): Object: 'Object Repository/Page_KiboEngage  Upload Contacts/span_Please fill all the fields (1) (1) (1) (1)' is clicked on

2019-04-08 12:57:25 - [MESSAGE][PASSED] - Object: 'Object Repository/Page_KiboEngage  Upload Contacts/span_Please fill all the fields (1) (1) (1) (1)' is clicked on

2019-04-08 12:57:25 - [TEST_STEP][PASSED] - setText(findTestObject("Object Repository/Page_KiboEngage  Upload Contacts/input_Upload Contacts_form-control m-input (1) (1) (1)"), "Faizan"): Text 'Faizan' is set on object 'Object Repository/Page_KiboEngage  Upload Contacts/input_Upload Contacts_form-control m-input (1) (1) (1)'

2019-04-08 12:57:25 - [MESSAGE][PASSED] - Text 'Faizan' is set on object 'Object Repository/Page_KiboEngage  Upload Contacts/input_Upload Contacts_form-control m-input (1) (1) (1)'

2019-04-08 12:57:25 - [TEST_STEP][PASSED] - setText(findTestObject("Object Repository/Page_KiboEngage  Upload Contacts/input_Upload Contacts_form-control m-input (2) (1)"), "+923333739566"): Text '+923333739566' is set on object 'Object Repository/Page_KiboEngage  Upload Contacts/input_Upload Contacts_form-control m-input (2) (1)'

2019-04-08 12:57:25 - [MESSAGE][PASSED] - Text '+923333739566' is set on object 'Object Repository/Page_KiboEngage  Upload Contacts/input_Upload Contacts_form-control m-input (2) (1)'

2019-04-08 12:57:25 - [TEST_STEP][PASSED] - click(findTestObject("Object Repository/Page_KiboEngage  Upload Contacts/button_Add (2) (1) (1)")): Object: 'Object Repository/Page_KiboEngage  Upload Contacts/button_Add (2) (1) (1)' is clicked on

2019-04-08 12:57:26 - [MESSAGE][PASSED] - Object: 'Object Repository/Page_KiboEngage  Upload Contacts/button_Add (2) (1) (1)' is clicked on

2019-04-08 12:57:26 - [TEST_STEP][PASSED] - click(findTestObject("Object Repository/Page_KiboEngage  Upload Contacts/button_Submit (1)")): Object: 'Object Repository/Page_KiboEngage  Upload Contacts/button_Submit (1)' is clicked on

2019-04-08 12:57:26 - [MESSAGE][PASSED] - Object: 'Object Repository/Page_KiboEngage  Upload Contacts/button_Submit (1)' is clicked on

2019-04-08 12:57:26 - [TEST_STEP][PASSED] - click(findTestObject("Object Repository/Page_KiboEngage  Upload Contacts/div_Contacts saved successfully")): Object: 'Object Repository/Page_KiboEngage  Upload Contacts/div_Contacts saved successfully' is clicked on

2019-04-08 12:57:26 - [MESSAGE][PASSED] - Object: 'Object Repository/Page_KiboEngage  Upload Contacts/div_Contacts saved successfully' is clicked on]]></system-out>
         <system-err><![CDATA[]]></system-err>
      </testcase>
      <testcase name="Test Cases/SMS/upload contacts/TC11161" classname="Test Cases/SMS/upload contacts/TC11161" status="PASSED">
         <system-out><![CDATA[2019-04-08 12:57:26 - [TEST_CASE][PASSED] - Test Cases/SMS/upload contacts/TC11161: Test Cases/SMS/upload contacts/TC11161

2019-04-08 12:57:26 - [TEST_STEP][PASSED] - callTestCase(findTestCase("SMS/SMSPlatform"), [:], STOP_ON_FAILURE): Call Test Case 'Test Cases/SMS/SMSPlatform' successfully

2019-04-08 12:57:26 - [TEST_CASE][PASSED] - Test Cases/SMS/SMSPlatform: Test Cases/SMS/SMSPlatform

2019-04-08 12:57:26 - [TEST_STEP][PASSED] - callTestCase(findTestCase("s-sidebar_navigation/individualAccount/Dashboard"), [:], STOP_ON_FAILURE): Call Test Case 'Test Cases/s-sidebar_navigation/individualAccount/Dashboard' successfully

2019-04-08 12:57:26 - [TEST_CASE][PASSED] - Test Cases/s-sidebar_navigation/individualAccount/Dashboard: Test Cases/s-sidebar_navigation/individualAccount/Dashboard

2019-04-08 12:57:26 - [TEST_STEP][PASSED] - callTestCase(findTestCase("s-sidebar_navigation/individualAccount/Login-KiboEngage"), [:], STOP_ON_FAILURE): Call Test Case 'Test Cases/s-sidebar_navigation/individualAccount/Login-KiboEngage' successfully

2019-04-08 12:57:26 - [TEST_CASE][PASSED] - Test Cases/s-sidebar_navigation/individualAccount/Login-KiboEngage: Test Cases/s-sidebar_navigation/individualAccount/Login-KiboEngage

2019-04-08 12:57:26 - [TEST_STEP][PASSED] - openBrowser(""): Browser is opened with url: ''

2019-04-08 12:57:26 - [MESSAGE][WARNING] - A browser is already opened. Closing browser and opening a new one

2019-04-08 12:57:26 - [MESSAGE][INFO] - Starting 'Chrome' driver

2019-04-08 12:57:27 - [MESSAGE][PASSED] - Browser is opened with url: ''

2019-04-08 12:57:27 - [TEST_STEP][PASSED] - maximizeWindow(): Current window maximized

2019-04-08 12:57:27 - [MESSAGE][PASSED] - Current window maximized

2019-04-08 12:57:27 - [TEST_STEP][PASSED] - navigateToUrl("https://kiboengage.cloudkibo.com/"): Navigate to 'https://kiboengage.cloudkibo.com/' successfully

2019-04-08 12:57:34 - [MESSAGE][PASSED] - Navigate to 'https://kiboengage.cloudkibo.com/' successfully

2019-04-08 12:57:34 - [TEST_STEP][PASSED] - navigateToUrl("https://accounts.cloudkibo.com/?continue=https://kiboengage.cloudkibo.com"): Navigate to 'https://accounts.cloudkibo.com/?continue=https://kiboengage.cloudkibo.com' successfully

2019-04-08 12:57:35 - [MESSAGE][PASSED] - Navigate to 'https://accounts.cloudkibo.com/?continue=https://kiboengage.cloudkibo.com' successfully

2019-04-08 12:57:35 - [TEST_STEP][PASSED] - click(findTestObject("Page_KiboPush/a_Login (9) (1)")): Object: 'Object Repository/Page_KiboPush/a_Login (9) (1)' is clicked on

2019-04-08 12:57:35 - [MESSAGE][PASSED] - Object: 'Object Repository/Page_KiboPush/a_Login (9) (1)' is clicked on

2019-04-08 12:57:35 - [TEST_STEP][PASSED] - setText(findTestObject("Page_KiboPush/input_email (10) (1)"), "individual@cloudkibo.com"): Text 'individual@cloudkibo.com' is set on object 'Object Repository/Page_KiboPush/input_email (10) (1)'

2019-04-08 12:57:35 - [MESSAGE][PASSED] - Text 'individual@cloudkibo.com' is set on object 'Object Repository/Page_KiboPush/input_email (10) (1)'

2019-04-08 12:57:35 - [TEST_STEP][PASSED] - setEncryptedText(findTestObject("Page_KiboPush/input_password (9) (1)"), "RigbBhfdqOBGNlJIWM1ClA=="): Text ****** has been set on object 'Object Repository/Page_KiboPush/input_password (9) (1)'

2019-04-08 12:57:36 - [MESSAGE][PASSED] - Text ****** has been set on object 'Object Repository/Page_KiboPush/input_password (9) (1)'

2019-04-08 12:57:36 - [TEST_STEP][PASSED] - click(findTestObject("Page_KiboPush/button_Sign In (10) (1)")): Object: 'Object Repository/Page_KiboPush/button_Sign In (10) (1)' is clicked on

2019-04-08 12:57:36 - [MESSAGE][PASSED] - Object: 'Object Repository/Page_KiboPush/button_Sign In (10) (1)' is clicked on

2019-04-08 12:57:36 - [TEST_STEP][PASSED] - navigateToUrl("https://kiboengage.cloudkibo.com/dashboard"): Navigate to 'https://kiboengage.cloudkibo.com/dashboard' successfully

2019-04-08 12:57:50 - [MESSAGE][PASSED] - Navigate to 'https://kiboengage.cloudkibo.com/dashboard' successfully

2019-04-08 12:57:50 - [TEST_STEP][PASSED] - click(findTestObject("Page_KiboPush  Dashboard/h3_Dashboard (57)")): Object: 'Object Repository/Page_KiboPush  Dashboard/h3_Dashboard (57)' is clicked on

2019-04-08 12:57:50 - [MESSAGE][PASSED] - Object: 'Object Repository/Page_KiboPush  Dashboard/h3_Dashboard (57)' is clicked on

2019-04-08 12:57:50 - [TEST_STEP][PASSED] - delay(3): Delayed 3 second(s)

2019-04-08 12:57:53 - [MESSAGE][PASSED] - Delayed 3 second(s)

2019-04-08 12:57:53 - [TEST_STEP][PASSED] - click(findTestObject("Object Repository/Page_KiboEngage  Dashboard/a_SMS (2)")): Object: 'Object Repository/Page_KiboEngage  Dashboard/a_SMS (2)' is clicked on

2019-04-08 12:57:53 - [MESSAGE][PASSED] - Object: 'Object Repository/Page_KiboEngage  Dashboard/a_SMS (2)' is clicked on

2019-04-08 12:57:53 - [TEST_STEP][PASSED] - click(findTestObject("Object Repository/Page_KiboEngage  Dashboard/span_Messenger")): Object: 'Object Repository/Page_KiboEngage  Dashboard/span_Messenger' is clicked on

2019-04-08 12:57:53 - [MESSAGE][PASSED] - Object: 'Object Repository/Page_KiboEngage  Dashboard/span_Messenger' is clicked on

2019-04-08 12:57:53 - [MESSAGE][PASSED] - Call Test Case 'Test Cases/s-sidebar_navigation/individualAccount/Login-KiboEngage' successfully

2019-04-08 12:57:53 - [TEST_STEP][PASSED] - click(findTestObject("Page_KiboPush  Dashboard/h3_Dashboard")): Object: 'Object Repository/Page_KiboPush  Dashboard/h3_Dashboard' is clicked on

2019-04-08 12:57:53 - [MESSAGE][PASSED] - Object: 'Object Repository/Page_KiboPush  Dashboard/h3_Dashboard' is clicked on

2019-04-08 12:57:53 - [TEST_STEP][PASSED] - click(findTestObject("Page_KiboPush  Dashboard/span_Dashboard")): Object: 'Object Repository/Page_KiboPush  Dashboard/span_Dashboard' is clicked on

2019-04-08 12:57:53 - [MESSAGE][PASSED] - Object: 'Object Repository/Page_KiboPush  Dashboard/span_Dashboard' is clicked on

2019-04-08 12:57:53 - [MESSAGE][PASSED] - Call Test Case 'Test Cases/s-sidebar_navigation/individualAccount/Dashboard' successfully

2019-04-08 12:57:53 - [TEST_STEP][PASSED] - click(findTestObject("Page_KiboEngage  Dashboard/a_SMS (1)")): Object: 'Object Repository/Page_KiboEngage  Dashboard/a_SMS (1)' is clicked on

2019-04-08 12:57:53 - [MESSAGE][PASSED] - Object: 'Object Repository/Page_KiboEngage  Dashboard/a_SMS (1)' is clicked on

2019-04-08 12:57:53 - [TEST_STEP][PASSED] - click(findTestObject("Page_KiboEngage  Dashboard/span_SMS (1)")): Object: 'Object Repository/Page_KiboEngage  Dashboard/span_SMS (1)' is clicked on

2019-04-08 12:57:53 - [MESSAGE][PASSED] - Object: 'Object Repository/Page_KiboEngage  Dashboard/span_SMS (1)' is clicked on

2019-04-08 12:57:53 - [MESSAGE][PASSED] - Call Test Case 'Test Cases/SMS/SMSPlatform' successfully

2019-04-08 12:57:53 - [TEST_STEP][PASSED] - click(findTestObject("Page_KiboEngage  Dashboard/span_Upload Contacts (1)")): Object: 'Object Repository/Page_KiboEngage  Dashboard/span_Upload Contacts (1)' is clicked on

2019-04-08 12:57:53 - [MESSAGE][PASSED] - Object: 'Object Repository/Page_KiboEngage  Dashboard/span_Upload Contacts (1)' is clicked on

2019-04-08 12:57:53 - [TEST_STEP][PASSED] - click(findTestObject("Object Repository/Page_KiboEngage  Upload Contacts/h3_Upload Contacts (1) (1) (1) (1) (1) (1) (1)")): Object: 'Object Repository/Page_KiboEngage  Upload Contacts/h3_Upload Contacts (1) (1) (1) (1) (1) (1) (1)' is clicked on

2019-04-08 12:57:53 - [MESSAGE][PASSED] - Object: 'Object Repository/Page_KiboEngage  Upload Contacts/h3_Upload Contacts (1) (1) (1) (1) (1) (1) (1)' is clicked on

2019-04-08 12:57:53 - [TEST_STEP][PASSED] - click(findTestObject("Object Repository/Page_KiboEngage  Upload Contacts/button_Enter phone numbers manually (1) (1) (1) (1) (1)")): Object: 'Object Repository/Page_KiboEngage  Upload Contacts/button_Enter phone numbers manually (1) (1) (1) (1) (1)' is clicked on

2019-04-08 12:57:53 - [MESSAGE][PASSED] - Object: 'Object Repository/Page_KiboEngage  Upload Contacts/button_Enter phone numbers manually (1) (1) (1) (1) (1)' is clicked on

2019-04-08 12:57:53 - [TEST_STEP][PASSED] - click(findTestObject("Object Repository/Page_KiboEngage  Upload Contacts/button_Add (1) (1) (1) (1) (1)")): Object: 'Object Repository/Page_KiboEngage  Upload Contacts/button_Add (1) (1) (1) (1) (1)' is clicked on

2019-04-08 12:57:53 - [MESSAGE][PASSED] - Object: 'Object Repository/Page_KiboEngage  Upload Contacts/button_Add (1) (1) (1) (1) (1)' is clicked on

2019-04-08 12:57:53 - [TEST_STEP][PASSED] - click(findTestObject("Object Repository/Page_KiboEngage  Upload Contacts/span_Please fill all the fields (1) (1) (1) (1) (1)")): Object: 'Object Repository/Page_KiboEngage  Upload Contacts/span_Please fill all the fields (1) (1) (1) (1) (1)' is clicked on

2019-04-08 12:57:54 - [MESSAGE][PASSED] - Object: 'Object Repository/Page_KiboEngage  Upload Contacts/span_Please fill all the fields (1) (1) (1) (1) (1)' is clicked on

2019-04-08 12:57:54 - [TEST_STEP][PASSED] - setText(findTestObject("Object Repository/Page_KiboEngage  Upload Contacts/input_Upload Contacts_form-control m-input (1) (1) (1) (1)"), "Faizan"): Text 'Faizan' is set on object 'Object Repository/Page_KiboEngage  Upload Contacts/input_Upload Contacts_form-control m-input (1) (1) (1) (1)'

2019-04-08 12:57:54 - [MESSAGE][PASSED] - Text 'Faizan' is set on object 'Object Repository/Page_KiboEngage  Upload Contacts/input_Upload Contacts_form-control m-input (1) (1) (1) (1)'

2019-04-08 12:57:54 - [TEST_STEP][PASSED] - setText(findTestObject("Object Repository/Page_KiboEngage  Upload Contacts/input_Upload Contacts_form-control m-input (2) (1) (1)"), "+923333739566"): Text '+923333739566' is set on object 'Object Repository/Page_KiboEngage  Upload Contacts/input_Upload Contacts_form-control m-input (2) (1) (1)'

2019-04-08 12:57:54 - [MESSAGE][PASSED] - Text '+923333739566' is set on object 'Object Repository/Page_KiboEngage  Upload Contacts/input_Upload Contacts_form-control m-input (2) (1) (1)'

2019-04-08 12:57:54 - [TEST_STEP][PASSED] - click(findTestObject("Object Repository/Page_KiboEngage  Upload Contacts/button_Add (2) (1) (1) (1)")): Object: 'Object Repository/Page_KiboEngage  Upload Contacts/button_Add (2) (1) (1) (1)' is clicked on

2019-04-08 12:57:54 - [MESSAGE][PASSED] - Object: 'Object Repository/Page_KiboEngage  Upload Contacts/button_Add (2) (1) (1) (1)' is clicked on

2019-04-08 12:57:54 - [TEST_STEP][PASSED] - setText(findTestObject("Object Repository/Page_KiboEngage  Upload Contacts/input_Upload Contacts_form-control m-input (1) (1) (1) (1)"), "Faizan"): Text 'Faizan' is set on object 'Object Repository/Page_KiboEngage  Upload Contacts/input_Upload Contacts_form-control m-input (1) (1) (1) (1)'

2019-04-08 12:57:54 - [MESSAGE][PASSED] - Text 'Faizan' is set on object 'Object Repository/Page_KiboEngage  Upload Contacts/input_Upload Contacts_form-control m-input (1) (1) (1) (1)'

2019-04-08 12:57:54 - [TEST_STEP][PASSED] - setText(findTestObject("Object Repository/Page_KiboEngage  Upload Contacts/input_Upload Contacts_form-control m-input (2) (1) (1)"), "+923333739566"): Text '+923333739566' is set on object 'Object Repository/Page_KiboEngage  Upload Contacts/input_Upload Contacts_form-control m-input (2) (1) (1)'

2019-04-08 12:57:54 - [MESSAGE][PASSED] - Text '+923333739566' is set on object 'Object Repository/Page_KiboEngage  Upload Contacts/input_Upload Contacts_form-control m-input (2) (1) (1)'

2019-04-08 12:57:54 - [TEST_STEP][PASSED] - click(findTestObject("Object Repository/Page_KiboEngage  Upload Contacts/button_Add (2) (1) (1) (1)")): Object: 'Object Repository/Page_KiboEngage  Upload Contacts/button_Add (2) (1) (1) (1)' is clicked on

2019-04-08 12:57:54 - [MESSAGE][PASSED] - Object: 'Object Repository/Page_KiboEngage  Upload Contacts/button_Add (2) (1) (1) (1)' is clicked on

2019-04-08 12:57:54 - [TEST_STEP][PASSED] - click(findTestObject("Object Repository/Page_KiboEngage  Upload Contacts/span_This number is already added")): Object: 'Object Repository/Page_KiboEngage  Upload Contacts/span_This number is already added' is clicked on

2019-04-08 12:57:54 - [MESSAGE][PASSED] - Object: 'Object Repository/Page_KiboEngage  Upload Contacts/span_This number is already added' is clicked on]]></system-out>
         <system-err><![CDATA[]]></system-err>
      </testcase>
      <testcase name="Test Cases/SMS/upload contacts/TC11162" classname="Test Cases/SMS/upload contacts/TC11162" status="PASSED">
         <system-out><![CDATA[2019-04-08 12:57:54 - [TEST_CASE][PASSED] - Test Cases/SMS/upload contacts/TC11162: Test Cases/SMS/upload contacts/TC11162

2019-04-08 12:57:54 - [TEST_STEP][PASSED] - callTestCase(findTestCase("SMS/SMSPlatform"), [:], STOP_ON_FAILURE): Call Test Case 'Test Cases/SMS/SMSPlatform' successfully

2019-04-08 12:57:54 - [TEST_CASE][PASSED] - Test Cases/SMS/SMSPlatform: Test Cases/SMS/SMSPlatform

2019-04-08 12:57:54 - [TEST_STEP][PASSED] - callTestCase(findTestCase("s-sidebar_navigation/individualAccount/Dashboard"), [:], STOP_ON_FAILURE): Call Test Case 'Test Cases/s-sidebar_navigation/individualAccount/Dashboard' successfully

2019-04-08 12:57:54 - [TEST_CASE][PASSED] - Test Cases/s-sidebar_navigation/individualAccount/Dashboard: Test Cases/s-sidebar_navigation/individualAccount/Dashboard

2019-04-08 12:57:54 - [TEST_STEP][PASSED] - callTestCase(findTestCase("s-sidebar_navigation/individualAccount/Login-KiboEngage"), [:], STOP_ON_FAILURE): Call Test Case 'Test Cases/s-sidebar_navigation/individualAccount/Login-KiboEngage' successfully

2019-04-08 12:57:54 - [TEST_CASE][PASSED] - Test Cases/s-sidebar_navigation/individualAccount/Login-KiboEngage: Test Cases/s-sidebar_navigation/individualAccount/Login-KiboEngage

2019-04-08 12:57:55 - [TEST_STEP][PASSED] - openBrowser(""): Browser is opened with url: ''

2019-04-08 12:57:55 - [MESSAGE][WARNING] - A browser is already opened. Closing browser and opening a new one

2019-04-08 12:57:55 - [MESSAGE][INFO] - Starting 'Chrome' driver

2019-04-08 12:57:55 - [MESSAGE][PASSED] - Browser is opened with url: ''

2019-04-08 12:57:55 - [TEST_STEP][PASSED] - maximizeWindow(): Current window maximized

2019-04-08 12:57:55 - [MESSAGE][PASSED] - Current window maximized

2019-04-08 12:57:55 - [TEST_STEP][PASSED] - navigateToUrl("https://kiboengage.cloudkibo.com/"): Navigate to 'https://kiboengage.cloudkibo.com/' successfully

2019-04-08 12:58:07 - [MESSAGE][PASSED] - Navigate to 'https://kiboengage.cloudkibo.com/' successfully

2019-04-08 12:58:07 - [TEST_STEP][PASSED] - navigateToUrl("https://accounts.cloudkibo.com/?continue=https://kiboengage.cloudkibo.com"): Navigate to 'https://accounts.cloudkibo.com/?continue=https://kiboengage.cloudkibo.com' successfully

2019-04-08 12:58:08 - [MESSAGE][PASSED] - Navigate to 'https://accounts.cloudkibo.com/?continue=https://kiboengage.cloudkibo.com' successfully

2019-04-08 12:58:08 - [TEST_STEP][PASSED] - click(findTestObject("Page_KiboPush/a_Login (9) (1)")): Object: 'Object Repository/Page_KiboPush/a_Login (9) (1)' is clicked on

2019-04-08 12:58:08 - [MESSAGE][PASSED] - Object: 'Object Repository/Page_KiboPush/a_Login (9) (1)' is clicked on

2019-04-08 12:58:08 - [TEST_STEP][PASSED] - setText(findTestObject("Page_KiboPush/input_email (10) (1)"), "individual@cloudkibo.com"): Text 'individual@cloudkibo.com' is set on object 'Object Repository/Page_KiboPush/input_email (10) (1)'

2019-04-08 12:58:09 - [MESSAGE][PASSED] - Text 'individual@cloudkibo.com' is set on object 'Object Repository/Page_KiboPush/input_email (10) (1)'

2019-04-08 12:58:09 - [TEST_STEP][PASSED] - setEncryptedText(findTestObject("Page_KiboPush/input_password (9) (1)"), "RigbBhfdqOBGNlJIWM1ClA=="): Text ****** has been set on object 'Object Repository/Page_KiboPush/input_password (9) (1)'

2019-04-08 12:58:09 - [MESSAGE][PASSED] - Text ****** has been set on object 'Object Repository/Page_KiboPush/input_password (9) (1)'

2019-04-08 12:58:09 - [TEST_STEP][PASSED] - click(findTestObject("Page_KiboPush/button_Sign In (10) (1)")): Object: 'Object Repository/Page_KiboPush/button_Sign In (10) (1)' is clicked on

2019-04-08 12:58:09 - [MESSAGE][PASSED] - Object: 'Object Repository/Page_KiboPush/button_Sign In (10) (1)' is clicked on

2019-04-08 12:58:09 - [TEST_STEP][PASSED] - navigateToUrl("https://kiboengage.cloudkibo.com/dashboard"): Navigate to 'https://kiboengage.cloudkibo.com/dashboard' successfully

2019-04-08 12:58:19 - [MESSAGE][PASSED] - Navigate to 'https://kiboengage.cloudkibo.com/dashboard' successfully

2019-04-08 12:58:19 - [TEST_STEP][PASSED] - click(findTestObject("Page_KiboPush  Dashboard/h3_Dashboard (57)")): Object: 'Object Repository/Page_KiboPush  Dashboard/h3_Dashboard (57)' is clicked on

2019-04-08 12:58:19 - [MESSAGE][PASSED] - Object: 'Object Repository/Page_KiboPush  Dashboard/h3_Dashboard (57)' is clicked on

2019-04-08 12:58:19 - [TEST_STEP][PASSED] - delay(3): Delayed 3 second(s)

2019-04-08 12:58:22 - [MESSAGE][PASSED] - Delayed 3 second(s)

2019-04-08 12:58:22 - [TEST_STEP][PASSED] - click(findTestObject("Object Repository/Page_KiboEngage  Dashboard/a_SMS (2)")): Object: 'Object Repository/Page_KiboEngage  Dashboard/a_SMS (2)' is clicked on

2019-04-08 12:58:23 - [MESSAGE][PASSED] - Object: 'Object Repository/Page_KiboEngage  Dashboard/a_SMS (2)' is clicked on

2019-04-08 12:58:23 - [TEST_STEP][PASSED] - click(findTestObject("Object Repository/Page_KiboEngage  Dashboard/span_Messenger")): Object: 'Object Repository/Page_KiboEngage  Dashboard/span_Messenger' is clicked on

2019-04-08 12:58:23 - [MESSAGE][PASSED] - Object: 'Object Repository/Page_KiboEngage  Dashboard/span_Messenger' is clicked on

2019-04-08 12:58:23 - [MESSAGE][PASSED] - Call Test Case 'Test Cases/s-sidebar_navigation/individualAccount/Login-KiboEngage' successfully

2019-04-08 12:58:23 - [TEST_STEP][PASSED] - click(findTestObject("Page_KiboPush  Dashboard/h3_Dashboard")): Object: 'Object Repository/Page_KiboPush  Dashboard/h3_Dashboard' is clicked on

2019-04-08 12:58:23 - [MESSAGE][PASSED] - Object: 'Object Repository/Page_KiboPush  Dashboard/h3_Dashboard' is clicked on

2019-04-08 12:58:23 - [TEST_STEP][PASSED] - click(findTestObject("Page_KiboPush  Dashboard/span_Dashboard")): Object: 'Object Repository/Page_KiboPush  Dashboard/span_Dashboard' is clicked on

2019-04-08 12:58:23 - [MESSAGE][PASSED] - Object: 'Object Repository/Page_KiboPush  Dashboard/span_Dashboard' is clicked on

2019-04-08 12:58:23 - [MESSAGE][PASSED] - Call Test Case 'Test Cases/s-sidebar_navigation/individualAccount/Dashboard' successfully

2019-04-08 12:58:23 - [TEST_STEP][PASSED] - click(findTestObject("Page_KiboEngage  Dashboard/a_SMS (1)")): Object: 'Object Repository/Page_KiboEngage  Dashboard/a_SMS (1)' is clicked on

2019-04-08 12:58:23 - [MESSAGE][PASSED] - Object: 'Object Repository/Page_KiboEngage  Dashboard/a_SMS (1)' is clicked on

2019-04-08 12:58:23 - [TEST_STEP][PASSED] - click(findTestObject("Page_KiboEngage  Dashboard/span_SMS (1)")): Object: 'Object Repository/Page_KiboEngage  Dashboard/span_SMS (1)' is clicked on

2019-04-08 12:58:23 - [MESSAGE][PASSED] - Object: 'Object Repository/Page_KiboEngage  Dashboard/span_SMS (1)' is clicked on

2019-04-08 12:58:23 - [MESSAGE][PASSED] - Call Test Case 'Test Cases/SMS/SMSPlatform' successfully

2019-04-08 12:58:23 - [TEST_STEP][PASSED] - click(findTestObject("Page_KiboEngage  Dashboard/span_Upload Contacts (1)")): Object: 'Object Repository/Page_KiboEngage  Dashboard/span_Upload Contacts (1)' is clicked on

2019-04-08 12:58:24 - [MESSAGE][PASSED] - Object: 'Object Repository/Page_KiboEngage  Dashboard/span_Upload Contacts (1)' is clicked on

2019-04-08 12:58:24 - [TEST_STEP][PASSED] - click(findTestObject("Object Repository/Page_KiboEngage  Upload Contacts/h3_Upload Contacts (1) (1) (1) (1) (1) (1) (1) (1)")): Object: 'Object Repository/Page_KiboEngage  Upload Contacts/h3_Upload Contacts (1) (1) (1) (1) (1) (1) (1) (1)' is clicked on

2019-04-08 12:58:24 - [MESSAGE][PASSED] - Object: 'Object Repository/Page_KiboEngage  Upload Contacts/h3_Upload Contacts (1) (1) (1) (1) (1) (1) (1) (1)' is clicked on

2019-04-08 12:58:24 - [TEST_STEP][PASSED] - click(findTestObject("Object Repository/Page_KiboEngage  Upload Contacts/button_Enter phone numbers manually (1) (1) (1) (1) (1) (1)")): Object: 'Object Repository/Page_KiboEngage  Upload Contacts/button_Enter phone numbers manually (1) (1) (1) (1) (1) (1)' is clicked on

2019-04-08 12:58:24 - [MESSAGE][PASSED] - Object: 'Object Repository/Page_KiboEngage  Upload Contacts/button_Enter phone numbers manually (1) (1) (1) (1) (1) (1)' is clicked on

2019-04-08 12:58:24 - [TEST_STEP][PASSED] - click(findTestObject("Object Repository/Page_KiboEngage  Upload Contacts/button_Back")): Object: 'Object Repository/Page_KiboEngage  Upload Contacts/button_Back' is clicked on

2019-04-08 12:58:24 - [MESSAGE][PASSED] - Object: 'Object Repository/Page_KiboEngage  Upload Contacts/button_Back' is clicked on]]></system-out>
         <system-err><![CDATA[]]></system-err>
      </testcase>
      <testcase name="Test Cases/SMS/upload contacts/TC11163" classname="Test Cases/SMS/upload contacts/TC11163" status="PASSED">
         <system-out><![CDATA[2019-04-08 12:58:24 - [TEST_CASE][PASSED] - Test Cases/SMS/upload contacts/TC11163: Test Cases/SMS/upload contacts/TC11163

2019-04-08 12:58:24 - [TEST_STEP][PASSED] - callTestCase(findTestCase("SMS/SMSPlatform"), [:], STOP_ON_FAILURE): Call Test Case 'Test Cases/SMS/SMSPlatform' successfully

2019-04-08 12:58:24 - [TEST_CASE][PASSED] - Test Cases/SMS/SMSPlatform: Test Cases/SMS/SMSPlatform

2019-04-08 12:58:24 - [TEST_STEP][PASSED] - callTestCase(findTestCase("s-sidebar_navigation/individualAccount/Dashboard"), [:], STOP_ON_FAILURE): Call Test Case 'Test Cases/s-sidebar_navigation/individualAccount/Dashboard' successfully

2019-04-08 12:58:24 - [TEST_CASE][PASSED] - Test Cases/s-sidebar_navigation/individualAccount/Dashboard: Test Cases/s-sidebar_navigation/individualAccount/Dashboard

2019-04-08 12:58:24 - [TEST_STEP][PASSED] - callTestCase(findTestCase("s-sidebar_navigation/individualAccount/Login-KiboEngage"), [:], STOP_ON_FAILURE): Call Test Case 'Test Cases/s-sidebar_navigation/individualAccount/Login-KiboEngage' successfully

2019-04-08 12:58:24 - [TEST_CASE][PASSED] - Test Cases/s-sidebar_navigation/individualAccount/Login-KiboEngage: Test Cases/s-sidebar_navigation/individualAccount/Login-KiboEngage

2019-04-08 12:58:24 - [TEST_STEP][PASSED] - openBrowser(""): Browser is opened with url: ''

2019-04-08 12:58:24 - [MESSAGE][WARNING] - A browser is already opened. Closing browser and opening a new one

2019-04-08 12:58:25 - [MESSAGE][INFO] - Starting 'Chrome' driver

2019-04-08 12:58:25 - [MESSAGE][PASSED] - Browser is opened with url: ''

2019-04-08 12:58:25 - [TEST_STEP][PASSED] - maximizeWindow(): Current window maximized

2019-04-08 12:58:25 - [MESSAGE][PASSED] - Current window maximized

2019-04-08 12:58:25 - [TEST_STEP][PASSED] - navigateToUrl("https://kiboengage.cloudkibo.com/"): Navigate to 'https://kiboengage.cloudkibo.com/' successfully

2019-04-08 12:58:40 - [MESSAGE][PASSED] - Navigate to 'https://kiboengage.cloudkibo.com/' successfully

2019-04-08 12:58:40 - [TEST_STEP][PASSED] - navigateToUrl("https://accounts.cloudkibo.com/?continue=https://kiboengage.cloudkibo.com"): Navigate to 'https://accounts.cloudkibo.com/?continue=https://kiboengage.cloudkibo.com' successfully

2019-04-08 12:58:40 - [MESSAGE][PASSED] - Navigate to 'https://accounts.cloudkibo.com/?continue=https://kiboengage.cloudkibo.com' successfully

2019-04-08 12:58:40 - [TEST_STEP][PASSED] - click(findTestObject("Page_KiboPush/a_Login (9) (1)")): Object: 'Object Repository/Page_KiboPush/a_Login (9) (1)' is clicked on

2019-04-08 12:58:41 - [MESSAGE][PASSED] - Object: 'Object Repository/Page_KiboPush/a_Login (9) (1)' is clicked on

2019-04-08 12:58:41 - [TEST_STEP][PASSED] - setText(findTestObject("Page_KiboPush/input_email (10) (1)"), "individual@cloudkibo.com"): Text 'individual@cloudkibo.com' is set on object 'Object Repository/Page_KiboPush/input_email (10) (1)'

2019-04-08 12:58:41 - [MESSAGE][PASSED] - Text 'individual@cloudkibo.com' is set on object 'Object Repository/Page_KiboPush/input_email (10) (1)'

2019-04-08 12:58:41 - [TEST_STEP][PASSED] - setEncryptedText(findTestObject("Page_KiboPush/input_password (9) (1)"), "RigbBhfdqOBGNlJIWM1ClA=="): Text ****** has been set on object 'Object Repository/Page_KiboPush/input_password (9) (1)'

2019-04-08 12:58:41 - [MESSAGE][PASSED] - Text ****** has been set on object 'Object Repository/Page_KiboPush/input_password (9) (1)'

2019-04-08 12:58:41 - [TEST_STEP][PASSED] - click(findTestObject("Page_KiboPush/button_Sign In (10) (1)")): Object: 'Object Repository/Page_KiboPush/button_Sign In (10) (1)' is clicked on

2019-04-08 12:58:41 - [MESSAGE][PASSED] - Object: 'Object Repository/Page_KiboPush/button_Sign In (10) (1)' is clicked on

2019-04-08 12:58:41 - [TEST_STEP][PASSED] - navigateToUrl("https://kiboengage.cloudkibo.com/dashboard"): Navigate to 'https://kiboengage.cloudkibo.com/dashboard' successfully

2019-04-08 12:58:52 - [MESSAGE][PASSED] - Navigate to 'https://kiboengage.cloudkibo.com/dashboard' successfully

2019-04-08 12:58:52 - [TEST_STEP][PASSED] - click(findTestObject("Page_KiboPush  Dashboard/h3_Dashboard (57)")): Object: 'Object Repository/Page_KiboPush  Dashboard/h3_Dashboard (57)' is clicked on

2019-04-08 12:58:52 - [MESSAGE][PASSED] - Object: 'Object Repository/Page_KiboPush  Dashboard/h3_Dashboard (57)' is clicked on

2019-04-08 12:58:52 - [TEST_STEP][PASSED] - delay(3): Delayed 3 second(s)

2019-04-08 12:58:55 - [MESSAGE][PASSED] - Delayed 3 second(s)

2019-04-08 12:58:55 - [TEST_STEP][PASSED] - click(findTestObject("Object Repository/Page_KiboEngage  Dashboard/a_SMS (2)")): Object: 'Object Repository/Page_KiboEngage  Dashboard/a_SMS (2)' is clicked on

2019-04-08 12:58:55 - [MESSAGE][PASSED] - Object: 'Object Repository/Page_KiboEngage  Dashboard/a_SMS (2)' is clicked on

2019-04-08 12:58:55 - [TEST_STEP][PASSED] - click(findTestObject("Object Repository/Page_KiboEngage  Dashboard/span_Messenger")): Object: 'Object Repository/Page_KiboEngage  Dashboard/span_Messenger' is clicked on

2019-04-08 12:58:55 - [MESSAGE][PASSED] - Object: 'Object Repository/Page_KiboEngage  Dashboard/span_Messenger' is clicked on

2019-04-08 12:58:55 - [MESSAGE][PASSED] - Call Test Case 'Test Cases/s-sidebar_navigation/individualAccount/Login-KiboEngage' successfully

2019-04-08 12:58:55 - [TEST_STEP][PASSED] - click(findTestObject("Page_KiboPush  Dashboard/h3_Dashboard")): Object: 'Object Repository/Page_KiboPush  Dashboard/h3_Dashboard' is clicked on

2019-04-08 12:58:55 - [MESSAGE][PASSED] - Object: 'Object Repository/Page_KiboPush  Dashboard/h3_Dashboard' is clicked on

2019-04-08 12:58:55 - [TEST_STEP][PASSED] - click(findTestObject("Page_KiboPush  Dashboard/span_Dashboard")): Object: 'Object Repository/Page_KiboPush  Dashboard/span_Dashboard' is clicked on

2019-04-08 12:58:55 - [MESSAGE][PASSED] - Object: 'Object Repository/Page_KiboPush  Dashboard/span_Dashboard' is clicked on

2019-04-08 12:58:55 - [MESSAGE][PASSED] - Call Test Case 'Test Cases/s-sidebar_navigation/individualAccount/Dashboard' successfully

2019-04-08 12:58:55 - [TEST_STEP][PASSED] - click(findTestObject("Page_KiboEngage  Dashboard/a_SMS (1)")): Object: 'Object Repository/Page_KiboEngage  Dashboard/a_SMS (1)' is clicked on

2019-04-08 12:58:55 - [MESSAGE][PASSED] - Object: 'Object Repository/Page_KiboEngage  Dashboard/a_SMS (1)' is clicked on

2019-04-08 12:58:55 - [TEST_STEP][PASSED] - click(findTestObject("Page_KiboEngage  Dashboard/span_SMS (1)")): Object: 'Object Repository/Page_KiboEngage  Dashboard/span_SMS (1)' is clicked on

2019-04-08 12:58:56 - [MESSAGE][PASSED] - Object: 'Object Repository/Page_KiboEngage  Dashboard/span_SMS (1)' is clicked on

2019-04-08 12:58:56 - [MESSAGE][PASSED] - Call Test Case 'Test Cases/SMS/SMSPlatform' successfully

2019-04-08 12:58:56 - [TEST_STEP][PASSED] - click(findTestObject("Page_KiboEngage  Dashboard/span_Upload Contacts (1)")): Object: 'Object Repository/Page_KiboEngage  Dashboard/span_Upload Contacts (1)' is clicked on

2019-04-08 12:58:56 - [MESSAGE][PASSED] - Object: 'Object Repository/Page_KiboEngage  Dashboard/span_Upload Contacts (1)' is clicked on

2019-04-08 12:58:56 - [TEST_STEP][PASSED] - click(findTestObject("Object Repository/Page_KiboEngage  Upload Contacts/h3_Upload Contacts (1) (1) (1) (1) (1) (1) (1) (2)")): Object: 'Object Repository/Page_KiboEngage  Upload Contacts/h3_Upload Contacts (1) (1) (1) (1) (1) (1) (1) (2)' is clicked on

2019-04-08 12:58:56 - [MESSAGE][PASSED] - Object: 'Object Repository/Page_KiboEngage  Upload Contacts/h3_Upload Contacts (1) (1) (1) (1) (1) (1) (1) (2)' is clicked on

2019-04-08 12:58:56 - [TEST_STEP][PASSED] - click(findTestObject("Object Repository/Page_KiboEngage  Upload Contacts/button_Enter phone numbers manually (1) (1) (1) (1) (1) (2)")): Object: 'Object Repository/Page_KiboEngage  Upload Contacts/button_Enter phone numbers manually (1) (1) (1) (1) (1) (2)' is clicked on

2019-04-08 12:58:56 - [MESSAGE][PASSED] - Object: 'Object Repository/Page_KiboEngage  Upload Contacts/button_Enter phone numbers manually (1) (1) (1) (1) (1) (2)' is clicked on

2019-04-08 12:58:56 - [TEST_STEP][PASSED] - click(findTestObject("Object Repository/Page_KiboEngage  Upload Contacts/button_Add (1) (1) (1) (1) (1) (1)")): Object: 'Object Repository/Page_KiboEngage  Upload Contacts/button_Add (1) (1) (1) (1) (1) (1)' is clicked on

2019-04-08 12:58:56 - [MESSAGE][PASSED] - Object: 'Object Repository/Page_KiboEngage  Upload Contacts/button_Add (1) (1) (1) (1) (1) (1)' is clicked on

2019-04-08 12:58:56 - [TEST_STEP][PASSED] - click(findTestObject("Object Repository/Page_KiboEngage  Upload Contacts/span_Please fill all the fields (1) (1) (1) (1) (1) (1)")): Object: 'Object Repository/Page_KiboEngage  Upload Contacts/span_Please fill all the fields (1) (1) (1) (1) (1) (1)' is clicked on

2019-04-08 12:58:56 - [MESSAGE][PASSED] - Object: 'Object Repository/Page_KiboEngage  Upload Contacts/span_Please fill all the fields (1) (1) (1) (1) (1) (1)' is clicked on

2019-04-08 12:58:56 - [TEST_STEP][PASSED] - setText(findTestObject("Object Repository/Page_KiboEngage  Upload Contacts/input_Upload Contacts_form-control m-input (1) (1) (1) (1) (1)"), "Faizan"): Text 'Faizan' is set on object 'Object Repository/Page_KiboEngage  Upload Contacts/input_Upload Contacts_form-control m-input (1) (1) (1) (1) (1)'

2019-04-08 12:58:56 - [MESSAGE][PASSED] - Text 'Faizan' is set on object 'Object Repository/Page_KiboEngage  Upload Contacts/input_Upload Contacts_form-control m-input (1) (1) (1) (1) (1)'

2019-04-08 12:58:56 - [TEST_STEP][PASSED] - setText(findTestObject("Object Repository/Page_KiboEngage  Upload Contacts/input_Upload Contacts_form-control m-input (2) (1) (1) (1)"), "+923333739566"): Text '+923333739566' is set on object 'Object Repository/Page_KiboEngage  Upload Contacts/input_Upload Contacts_form-control m-input (2) (1) (1) (1)'

2019-04-08 12:58:56 - [MESSAGE][PASSED] - Text '+923333739566' is set on object 'Object Repository/Page_KiboEngage  Upload Contacts/input_Upload Contacts_form-control m-input (2) (1) (1) (1)'

2019-04-08 12:58:56 - [TEST_STEP][PASSED] - click(findTestObject("Object Repository/Page_KiboEngage  Upload Contacts/button_Add (2) (1) (1) (1) (1)")): Object: 'Object Repository/Page_KiboEngage  Upload Contacts/button_Add (2) (1) (1) (1) (1)' is clicked on

2019-04-08 12:58:56 - [MESSAGE][PASSED] - Object: 'Object Repository/Page_KiboEngage  Upload Contacts/button_Add (2) (1) (1) (1) (1)' is clicked on

2019-04-08 12:58:56 - [TEST_STEP][PASSED] - click(findTestObject("Object Repository/Page_KiboEngage  Upload Contacts/i_Faizan_fa fa-times-circle")): Object: 'Object Repository/Page_KiboEngage  Upload Contacts/i_Faizan_fa fa-times-circle' is clicked on

2019-04-08 12:58:56 - [MESSAGE][PASSED] - Object: 'Object Repository/Page_KiboEngage  Upload Contacts/i_Faizan_fa fa-times-circle' is clicked on]]></system-out>
         <system-err><![CDATA[]]></system-err>
      </testcase>
      <testcase name="Test Cases/SMS/sms broadcast/TC11171" classname="Test Cases/SMS/sms broadcast/TC11171" status="PASSED">
         <system-out><![CDATA[2019-04-08 12:58:56 - [TEST_CASE][PASSED] - Test Cases/SMS/sms broadcast/TC11171: Test Cases/SMS/sms broadcast/TC11171

2019-04-08 12:58:56 - [TEST_STEP][PASSED] - callTestCase(findTestCase("SMS/SMSPlatform"), [:], STOP_ON_FAILURE): Call Test Case 'Test Cases/SMS/SMSPlatform' successfully

2019-04-08 12:58:56 - [TEST_CASE][PASSED] - Test Cases/SMS/SMSPlatform: Test Cases/SMS/SMSPlatform

2019-04-08 12:58:56 - [TEST_STEP][PASSED] - callTestCase(findTestCase("s-sidebar_navigation/individualAccount/Dashboard"), [:], STOP_ON_FAILURE): Call Test Case 'Test Cases/s-sidebar_navigation/individualAccount/Dashboard' successfully

2019-04-08 12:58:57 - [TEST_CASE][PASSED] - Test Cases/s-sidebar_navigation/individualAccount/Dashboard: Test Cases/s-sidebar_navigation/individualAccount/Dashboard

2019-04-08 12:58:57 - [TEST_STEP][PASSED] - callTestCase(findTestCase("s-sidebar_navigation/individualAccount/Login-KiboEngage"), [:], STOP_ON_FAILURE): Call Test Case 'Test Cases/s-sidebar_navigation/individualAccount/Login-KiboEngage' successfully

2019-04-08 12:58:57 - [TEST_CASE][PASSED] - Test Cases/s-sidebar_navigation/individualAccount/Login-KiboEngage: Test Cases/s-sidebar_navigation/individualAccount/Login-KiboEngage

2019-04-08 12:58:57 - [TEST_STEP][PASSED] - openBrowser(""): Browser is opened with url: ''

2019-04-08 12:58:57 - [MESSAGE][WARNING] - A browser is already opened. Closing browser and opening a new one

2019-04-08 12:58:57 - [MESSAGE][INFO] - Starting 'Chrome' driver

2019-04-08 12:58:57 - [MESSAGE][PASSED] - Browser is opened with url: ''

2019-04-08 12:58:57 - [TEST_STEP][PASSED] - maximizeWindow(): Current window maximized

2019-04-08 12:58:57 - [MESSAGE][PASSED] - Current window maximized

2019-04-08 12:58:57 - [TEST_STEP][PASSED] - navigateToUrl("https://kiboengage.cloudkibo.com/"): Navigate to 'https://kiboengage.cloudkibo.com/' successfully

2019-04-08 12:59:05 - [MESSAGE][PASSED] - Navigate to 'https://kiboengage.cloudkibo.com/' successfully

2019-04-08 12:59:05 - [TEST_STEP][PASSED] - navigateToUrl("https://accounts.cloudkibo.com/?continue=https://kiboengage.cloudkibo.com"): Navigate to 'https://accounts.cloudkibo.com/?continue=https://kiboengage.cloudkibo.com' successfully

2019-04-08 12:59:05 - [MESSAGE][PASSED] - Navigate to 'https://accounts.cloudkibo.com/?continue=https://kiboengage.cloudkibo.com' successfully

2019-04-08 12:59:05 - [TEST_STEP][PASSED] - click(findTestObject("Page_KiboPush/a_Login (9) (1)")): Object: 'Object Repository/Page_KiboPush/a_Login (9) (1)' is clicked on

2019-04-08 12:59:06 - [MESSAGE][PASSED] - Object: 'Object Repository/Page_KiboPush/a_Login (9) (1)' is clicked on

2019-04-08 12:59:06 - [TEST_STEP][PASSED] - setText(findTestObject("Page_KiboPush/input_email (10) (1)"), "individual@cloudkibo.com"): Text 'individual@cloudkibo.com' is set on object 'Object Repository/Page_KiboPush/input_email (10) (1)'

2019-04-08 12:59:06 - [MESSAGE][PASSED] - Text 'individual@cloudkibo.com' is set on object 'Object Repository/Page_KiboPush/input_email (10) (1)'

2019-04-08 12:59:06 - [TEST_STEP][PASSED] - setEncryptedText(findTestObject("Page_KiboPush/input_password (9) (1)"), "RigbBhfdqOBGNlJIWM1ClA=="): Text ****** has been set on object 'Object Repository/Page_KiboPush/input_password (9) (1)'

2019-04-08 12:59:06 - [MESSAGE][PASSED] - Text ****** has been set on object 'Object Repository/Page_KiboPush/input_password (9) (1)'

2019-04-08 12:59:06 - [TEST_STEP][PASSED] - click(findTestObject("Page_KiboPush/button_Sign In (10) (1)")): Object: 'Object Repository/Page_KiboPush/button_Sign In (10) (1)' is clicked on

2019-04-08 12:59:06 - [MESSAGE][PASSED] - Object: 'Object Repository/Page_KiboPush/button_Sign In (10) (1)' is clicked on

2019-04-08 12:59:06 - [TEST_STEP][PASSED] - navigateToUrl("https://kiboengage.cloudkibo.com/dashboard"): Navigate to 'https://kiboengage.cloudkibo.com/dashboard' successfully

2019-04-08 12:59:20 - [MESSAGE][PASSED] - Navigate to 'https://kiboengage.cloudkibo.com/dashboard' successfully

2019-04-08 12:59:20 - [TEST_STEP][PASSED] - click(findTestObject("Page_KiboPush  Dashboard/h3_Dashboard (57)")): Object: 'Object Repository/Page_KiboPush  Dashboard/h3_Dashboard (57)' is clicked on

2019-04-08 12:59:20 - [MESSAGE][PASSED] - Object: 'Object Repository/Page_KiboPush  Dashboard/h3_Dashboard (57)' is clicked on

2019-04-08 12:59:20 - [TEST_STEP][PASSED] - delay(3): Delayed 3 second(s)

2019-04-08 12:59:23 - [MESSAGE][PASSED] - Delayed 3 second(s)

2019-04-08 12:59:23 - [TEST_STEP][PASSED] - click(findTestObject("Object Repository/Page_KiboEngage  Dashboard/a_SMS (2)")): Object: 'Object Repository/Page_KiboEngage  Dashboard/a_SMS (2)' is clicked on

2019-04-08 12:59:23 - [MESSAGE][PASSED] - Object: 'Object Repository/Page_KiboEngage  Dashboard/a_SMS (2)' is clicked on

2019-04-08 12:59:23 - [TEST_STEP][PASSED] - click(findTestObject("Object Repository/Page_KiboEngage  Dashboard/span_Messenger")): Object: 'Object Repository/Page_KiboEngage  Dashboard/span_Messenger' is clicked on

2019-04-08 12:59:24 - [MESSAGE][PASSED] - Object: 'Object Repository/Page_KiboEngage  Dashboard/span_Messenger' is clicked on

2019-04-08 12:59:24 - [MESSAGE][PASSED] - Call Test Case 'Test Cases/s-sidebar_navigation/individualAccount/Login-KiboEngage' successfully

2019-04-08 12:59:24 - [TEST_STEP][PASSED] - click(findTestObject("Page_KiboPush  Dashboard/h3_Dashboard")): Object: 'Object Repository/Page_KiboPush  Dashboard/h3_Dashboard' is clicked on

2019-04-08 12:59:24 - [MESSAGE][PASSED] - Object: 'Object Repository/Page_KiboPush  Dashboard/h3_Dashboard' is clicked on

2019-04-08 12:59:24 - [TEST_STEP][PASSED] - click(findTestObject("Page_KiboPush  Dashboard/span_Dashboard")): Object: 'Object Repository/Page_KiboPush  Dashboard/span_Dashboard' is clicked on

2019-04-08 12:59:24 - [MESSAGE][PASSED] - Object: 'Object Repository/Page_KiboPush  Dashboard/span_Dashboard' is clicked on

2019-04-08 12:59:24 - [MESSAGE][PASSED] - Call Test Case 'Test Cases/s-sidebar_navigation/individualAccount/Dashboard' successfully

2019-04-08 12:59:24 - [TEST_STEP][PASSED] - click(findTestObject("Page_KiboEngage  Dashboard/a_SMS (1)")): Object: 'Object Repository/Page_KiboEngage  Dashboard/a_SMS (1)' is clicked on

2019-04-08 12:59:24 - [MESSAGE][PASSED] - Object: 'Object Repository/Page_KiboEngage  Dashboard/a_SMS (1)' is clicked on

2019-04-08 12:59:24 - [TEST_STEP][PASSED] - click(findTestObject("Page_KiboEngage  Dashboard/span_SMS (1)")): Object: 'Object Repository/Page_KiboEngage  Dashboard/span_SMS (1)' is clicked on

2019-04-08 12:59:24 - [MESSAGE][PASSED] - Object: 'Object Repository/Page_KiboEngage  Dashboard/span_SMS (1)' is clicked on

2019-04-08 12:59:24 - [MESSAGE][PASSED] - Call Test Case 'Test Cases/SMS/SMSPlatform' successfully

2019-04-08 12:59:24 - [TEST_STEP][PASSED] - click(findTestObject("Object Repository/Page_KiboEngage  Dashboard/span_Broadcasting (1)")): Object: 'Object Repository/Page_KiboEngage  Dashboard/span_Broadcasting (1)' is clicked on

2019-04-08 12:59:24 - [MESSAGE][PASSED] - Object: 'Object Repository/Page_KiboEngage  Dashboard/span_Broadcasting (1)' is clicked on

2019-04-08 12:59:24 - [TEST_STEP][PASSED] - click(findTestObject("Object Repository/Page_KiboEngage  Dashboard/span_Broadcasts")): Object: 'Object Repository/Page_KiboEngage  Dashboard/span_Broadcasts' is clicked on

2019-04-08 12:59:24 - [MESSAGE][PASSED] - Object: 'Object Repository/Page_KiboEngage  Dashboard/span_Broadcasts' is clicked on

2019-04-08 12:59:24 - [TEST_STEP][PASSED] - click(findTestObject("Object Repository/Page_KiboEngage  Broadcasts/h3_Broadcasts")): Object: 'Object Repository/Page_KiboEngage  Broadcasts/h3_Broadcasts' is clicked on

2019-04-08 12:59:24 - [MESSAGE][PASSED] - Object: 'Object Repository/Page_KiboEngage  Broadcasts/h3_Broadcasts' is clicked on]]></system-out>
         <system-err><![CDATA[]]></system-err>
      </testcase>
      <testcase name="Test Cases/SMS/sms broadcast/TC11172" classname="Test Cases/SMS/sms broadcast/TC11172" status="PASSED">
         <system-out><![CDATA[2019-04-08 12:59:24 - [TEST_CASE][PASSED] - Test Cases/SMS/sms broadcast/TC11172: Test Cases/SMS/sms broadcast/TC11172

2019-04-08 12:59:24 - [TEST_STEP][PASSED] - callTestCase(findTestCase("SMS/SMSPlatform"), [:], STOP_ON_FAILURE): Call Test Case 'Test Cases/SMS/SMSPlatform' successfully

2019-04-08 12:59:24 - [TEST_CASE][PASSED] - Test Cases/SMS/SMSPlatform: Test Cases/SMS/SMSPlatform

2019-04-08 12:59:24 - [TEST_STEP][PASSED] - callTestCase(findTestCase("s-sidebar_navigation/individualAccount/Dashboard"), [:], STOP_ON_FAILURE): Call Test Case 'Test Cases/s-sidebar_navigation/individualAccount/Dashboard' successfully

2019-04-08 12:59:24 - [TEST_CASE][PASSED] - Test Cases/s-sidebar_navigation/individualAccount/Dashboard: Test Cases/s-sidebar_navigation/individualAccount/Dashboard

2019-04-08 12:59:24 - [TEST_STEP][PASSED] - callTestCase(findTestCase("s-sidebar_navigation/individualAccount/Login-KiboEngage"), [:], STOP_ON_FAILURE): Call Test Case 'Test Cases/s-sidebar_navigation/individualAccount/Login-KiboEngage' successfully

2019-04-08 12:59:25 - [TEST_CASE][PASSED] - Test Cases/s-sidebar_navigation/individualAccount/Login-KiboEngage: Test Cases/s-sidebar_navigation/individualAccount/Login-KiboEngage

2019-04-08 12:59:25 - [TEST_STEP][PASSED] - openBrowser(""): Browser is opened with url: ''

2019-04-08 12:59:25 - [MESSAGE][WARNING] - A browser is already opened. Closing browser and opening a new one

2019-04-08 12:59:25 - [MESSAGE][INFO] - Starting 'Chrome' driver

2019-04-08 12:59:25 - [MESSAGE][PASSED] - Browser is opened with url: ''

2019-04-08 12:59:25 - [TEST_STEP][PASSED] - maximizeWindow(): Current window maximized

2019-04-08 12:59:25 - [MESSAGE][PASSED] - Current window maximized

2019-04-08 12:59:25 - [TEST_STEP][PASSED] - navigateToUrl("https://kiboengage.cloudkibo.com/"): Navigate to 'https://kiboengage.cloudkibo.com/' successfully

2019-04-08 12:59:35 - [MESSAGE][PASSED] - Navigate to 'https://kiboengage.cloudkibo.com/' successfully

2019-04-08 12:59:35 - [TEST_STEP][PASSED] - navigateToUrl("https://accounts.cloudkibo.com/?continue=https://kiboengage.cloudkibo.com"): Navigate to 'https://accounts.cloudkibo.com/?continue=https://kiboengage.cloudkibo.com' successfully

2019-04-08 12:59:36 - [MESSAGE][PASSED] - Navigate to 'https://accounts.cloudkibo.com/?continue=https://kiboengage.cloudkibo.com' successfully

2019-04-08 12:59:36 - [TEST_STEP][PASSED] - click(findTestObject("Page_KiboPush/a_Login (9) (1)")): Object: 'Object Repository/Page_KiboPush/a_Login (9) (1)' is clicked on

2019-04-08 12:59:36 - [MESSAGE][PASSED] - Object: 'Object Repository/Page_KiboPush/a_Login (9) (1)' is clicked on

2019-04-08 12:59:36 - [TEST_STEP][PASSED] - setText(findTestObject("Page_KiboPush/input_email (10) (1)"), "individual@cloudkibo.com"): Text 'individual@cloudkibo.com' is set on object 'Object Repository/Page_KiboPush/input_email (10) (1)'

2019-04-08 12:59:37 - [MESSAGE][PASSED] - Text 'individual@cloudkibo.com' is set on object 'Object Repository/Page_KiboPush/input_email (10) (1)'

2019-04-08 12:59:37 - [TEST_STEP][PASSED] - setEncryptedText(findTestObject("Page_KiboPush/input_password (9) (1)"), "RigbBhfdqOBGNlJIWM1ClA=="): Text ****** has been set on object 'Object Repository/Page_KiboPush/input_password (9) (1)'

2019-04-08 12:59:37 - [MESSAGE][PASSED] - Text ****** has been set on object 'Object Repository/Page_KiboPush/input_password (9) (1)'

2019-04-08 12:59:37 - [TEST_STEP][PASSED] - click(findTestObject("Page_KiboPush/button_Sign In (10) (1)")): Object: 'Object Repository/Page_KiboPush/button_Sign In (10) (1)' is clicked on

2019-04-08 12:59:37 - [MESSAGE][PASSED] - Object: 'Object Repository/Page_KiboPush/button_Sign In (10) (1)' is clicked on

2019-04-08 12:59:37 - [TEST_STEP][PASSED] - navigateToUrl("https://kiboengage.cloudkibo.com/dashboard"): Navigate to 'https://kiboengage.cloudkibo.com/dashboard' successfully

2019-04-08 12:59:47 - [MESSAGE][PASSED] - Navigate to 'https://kiboengage.cloudkibo.com/dashboard' successfully

2019-04-08 12:59:47 - [TEST_STEP][PASSED] - click(findTestObject("Page_KiboPush  Dashboard/h3_Dashboard (57)")): Object: 'Object Repository/Page_KiboPush  Dashboard/h3_Dashboard (57)' is clicked on

2019-04-08 12:59:47 - [MESSAGE][PASSED] - Object: 'Object Repository/Page_KiboPush  Dashboard/h3_Dashboard (57)' is clicked on

2019-04-08 12:59:47 - [TEST_STEP][PASSED] - delay(3): Delayed 3 second(s)

2019-04-08 12:59:50 - [MESSAGE][PASSED] - Delayed 3 second(s)

2019-04-08 12:59:50 - [TEST_STEP][PASSED] - click(findTestObject("Object Repository/Page_KiboEngage  Dashboard/a_SMS (2)")): Object: 'Object Repository/Page_KiboEngage  Dashboard/a_SMS (2)' is clicked on

2019-04-08 12:59:50 - [MESSAGE][PASSED] - Object: 'Object Repository/Page_KiboEngage  Dashboard/a_SMS (2)' is clicked on

2019-04-08 12:59:50 - [TEST_STEP][PASSED] - click(findTestObject("Object Repository/Page_KiboEngage  Dashboard/span_Messenger")): Object: 'Object Repository/Page_KiboEngage  Dashboard/span_Messenger' is clicked on

2019-04-08 12:59:50 - [MESSAGE][PASSED] - Object: 'Object Repository/Page_KiboEngage  Dashboard/span_Messenger' is clicked on

2019-04-08 12:59:50 - [MESSAGE][PASSED] - Call Test Case 'Test Cases/s-sidebar_navigation/individualAccount/Login-KiboEngage' successfully

2019-04-08 12:59:50 - [TEST_STEP][PASSED] - click(findTestObject("Page_KiboPush  Dashboard/h3_Dashboard")): Object: 'Object Repository/Page_KiboPush  Dashboard/h3_Dashboard' is clicked on

2019-04-08 12:59:50 - [MESSAGE][PASSED] - Object: 'Object Repository/Page_KiboPush  Dashboard/h3_Dashboard' is clicked on

2019-04-08 12:59:50 - [TEST_STEP][PASSED] - click(findTestObject("Page_KiboPush  Dashboard/span_Dashboard")): Object: 'Object Repository/Page_KiboPush  Dashboard/span_Dashboard' is clicked on

2019-04-08 12:59:51 - [MESSAGE][PASSED] - Object: 'Object Repository/Page_KiboPush  Dashboard/span_Dashboard' is clicked on

2019-04-08 12:59:51 - [MESSAGE][PASSED] - Call Test Case 'Test Cases/s-sidebar_navigation/individualAccount/Dashboard' successfully

2019-04-08 12:59:51 - [TEST_STEP][PASSED] - click(findTestObject("Page_KiboEngage  Dashboard/a_SMS (1)")): Object: 'Object Repository/Page_KiboEngage  Dashboard/a_SMS (1)' is clicked on

2019-04-08 12:59:51 - [MESSAGE][PASSED] - Object: 'Object Repository/Page_KiboEngage  Dashboard/a_SMS (1)' is clicked on

2019-04-08 12:59:51 - [TEST_STEP][PASSED] - click(findTestObject("Page_KiboEngage  Dashboard/span_SMS (1)")): Object: 'Object Repository/Page_KiboEngage  Dashboard/span_SMS (1)' is clicked on

2019-04-08 12:59:51 - [MESSAGE][PASSED] - Object: 'Object Repository/Page_KiboEngage  Dashboard/span_SMS (1)' is clicked on

2019-04-08 12:59:51 - [MESSAGE][PASSED] - Call Test Case 'Test Cases/SMS/SMSPlatform' successfully

2019-04-08 12:59:51 - [TEST_STEP][PASSED] - click(findTestObject("Object Repository/Page_KiboEngage  Dashboard/span_Broadcasting (1)")): Object: 'Object Repository/Page_KiboEngage  Dashboard/span_Broadcasting (1)' is clicked on

2019-04-08 12:59:51 - [MESSAGE][PASSED] - Object: 'Object Repository/Page_KiboEngage  Dashboard/span_Broadcasting (1)' is clicked on

2019-04-08 12:59:51 - [TEST_STEP][PASSED] - click(findTestObject("Object Repository/Page_KiboEngage  Dashboard/span_Broadcasts")): Object: 'Object Repository/Page_KiboEngage  Dashboard/span_Broadcasts' is clicked on

2019-04-08 12:59:51 - [MESSAGE][PASSED] - Object: 'Object Repository/Page_KiboEngage  Dashboard/span_Broadcasts' is clicked on

2019-04-08 12:59:51 - [TEST_STEP][PASSED] - click(findTestObject("Object Repository/Page_KiboEngage  Broadcasts/h3_Broadcasts")): Object: 'Object Repository/Page_KiboEngage  Broadcasts/h3_Broadcasts' is clicked on

2019-04-08 12:59:51 - [MESSAGE][PASSED] - Object: 'Object Repository/Page_KiboEngage  Broadcasts/h3_Broadcasts' is clicked on

2019-04-08 12:59:51 - [TEST_STEP][PASSED] - delay(1): Delayed 1 second(s)

2019-04-08 12:59:52 - [MESSAGE][PASSED] - Delayed 1 second(s)

2019-04-08 12:59:52 - [TEST_STEP][PASSED] - driver = getWebDriver(): null

2019-04-08 12:59:52 - [TEST_STEP][PASSED] - Table = driver.findElement(By.xpath("//*[@id="ajax_data"]/table/tbody")): null

2019-04-08 12:59:52 - [TEST_STEP][PASSED] - rows_table = Table.findElements(By.tagName("tr")): null

2019-04-08 12:59:52 - [TEST_STEP][PASSED] - verifyGreaterThanOrEqual(rows_table.size(), 1): Actual number '10' is greater than or equal to expected number '1'

2019-04-08 12:59:52 - [MESSAGE][PASSED] - Actual number '10' is greater than or equal to expected number '1']]></system-out>
         <system-err><![CDATA[]]></system-err>
      </testcase>
      <testcase name="Test Cases/SMS/sms broadcast/TC11173" classname="Test Cases/SMS/sms broadcast/TC11173" status="PASSED">
         <system-out><![CDATA[2019-04-08 12:59:52 - [TEST_CASE][PASSED] - Test Cases/SMS/sms broadcast/TC11173: Test Cases/SMS/sms broadcast/TC11173

2019-04-08 12:59:52 - [TEST_STEP][PASSED] - callTestCase(findTestCase("SMS/SMSPlatform"), [:], STOP_ON_FAILURE): Call Test Case 'Test Cases/SMS/SMSPlatform' successfully

2019-04-08 12:59:52 - [TEST_CASE][PASSED] - Test Cases/SMS/SMSPlatform: Test Cases/SMS/SMSPlatform

2019-04-08 12:59:52 - [TEST_STEP][PASSED] - callTestCase(findTestCase("s-sidebar_navigation/individualAccount/Dashboard"), [:], STOP_ON_FAILURE): Call Test Case 'Test Cases/s-sidebar_navigation/individualAccount/Dashboard' successfully

2019-04-08 12:59:52 - [TEST_CASE][PASSED] - Test Cases/s-sidebar_navigation/individualAccount/Dashboard: Test Cases/s-sidebar_navigation/individualAccount/Dashboard

2019-04-08 12:59:52 - [TEST_STEP][PASSED] - callTestCase(findTestCase("s-sidebar_navigation/individualAccount/Login-KiboEngage"), [:], STOP_ON_FAILURE): Call Test Case 'Test Cases/s-sidebar_navigation/individualAccount/Login-KiboEngage' successfully

2019-04-08 12:59:52 - [TEST_CASE][PASSED] - Test Cases/s-sidebar_navigation/individualAccount/Login-KiboEngage: Test Cases/s-sidebar_navigation/individualAccount/Login-KiboEngage

2019-04-08 12:59:52 - [TEST_STEP][PASSED] - openBrowser(""): Browser is opened with url: ''

2019-04-08 12:59:52 - [MESSAGE][WARNING] - A browser is already opened. Closing browser and opening a new one

2019-04-08 12:59:52 - [MESSAGE][INFO] - Starting 'Chrome' driver

2019-04-08 12:59:53 - [MESSAGE][PASSED] - Browser is opened with url: ''

2019-04-08 12:59:53 - [TEST_STEP][PASSED] - maximizeWindow(): Current window maximized

2019-04-08 12:59:53 - [MESSAGE][PASSED] - Current window maximized

2019-04-08 12:59:53 - [TEST_STEP][PASSED] - navigateToUrl("https://kiboengage.cloudkibo.com/"): Navigate to 'https://kiboengage.cloudkibo.com/' successfully

2019-04-08 13:00:03 - [MESSAGE][PASSED] - Navigate to 'https://kiboengage.cloudkibo.com/' successfully

2019-04-08 13:00:03 - [TEST_STEP][PASSED] - navigateToUrl("https://accounts.cloudkibo.com/?continue=https://kiboengage.cloudkibo.com"): Navigate to 'https://accounts.cloudkibo.com/?continue=https://kiboengage.cloudkibo.com' successfully

2019-04-08 13:00:04 - [MESSAGE][PASSED] - Navigate to 'https://accounts.cloudkibo.com/?continue=https://kiboengage.cloudkibo.com' successfully

2019-04-08 13:00:04 - [TEST_STEP][PASSED] - click(findTestObject("Page_KiboPush/a_Login (9) (1)")): Object: 'Object Repository/Page_KiboPush/a_Login (9) (1)' is clicked on

2019-04-08 13:00:04 - [MESSAGE][PASSED] - Object: 'Object Repository/Page_KiboPush/a_Login (9) (1)' is clicked on

2019-04-08 13:00:04 - [TEST_STEP][PASSED] - setText(findTestObject("Page_KiboPush/input_email (10) (1)"), "individual@cloudkibo.com"): Text 'individual@cloudkibo.com' is set on object 'Object Repository/Page_KiboPush/input_email (10) (1)'

2019-04-08 13:00:05 - [MESSAGE][PASSED] - Text 'individual@cloudkibo.com' is set on object 'Object Repository/Page_KiboPush/input_email (10) (1)'

2019-04-08 13:00:05 - [TEST_STEP][PASSED] - setEncryptedText(findTestObject("Page_KiboPush/input_password (9) (1)"), "RigbBhfdqOBGNlJIWM1ClA=="): Text ****** has been set on object 'Object Repository/Page_KiboPush/input_password (9) (1)'

2019-04-08 13:00:05 - [MESSAGE][PASSED] - Text ****** has been set on object 'Object Repository/Page_KiboPush/input_password (9) (1)'

2019-04-08 13:00:05 - [TEST_STEP][PASSED] - click(findTestObject("Page_KiboPush/button_Sign In (10) (1)")): Object: 'Object Repository/Page_KiboPush/button_Sign In (10) (1)' is clicked on

2019-04-08 13:00:05 - [MESSAGE][PASSED] - Object: 'Object Repository/Page_KiboPush/button_Sign In (10) (1)' is clicked on

2019-04-08 13:00:05 - [TEST_STEP][PASSED] - navigateToUrl("https://kiboengage.cloudkibo.com/dashboard"): Navigate to 'https://kiboengage.cloudkibo.com/dashboard' successfully

2019-04-08 13:00:16 - [MESSAGE][PASSED] - Navigate to 'https://kiboengage.cloudkibo.com/dashboard' successfully

2019-04-08 13:00:16 - [TEST_STEP][PASSED] - click(findTestObject("Page_KiboPush  Dashboard/h3_Dashboard (57)")): Object: 'Object Repository/Page_KiboPush  Dashboard/h3_Dashboard (57)' is clicked on

2019-04-08 13:00:16 - [MESSAGE][PASSED] - Object: 'Object Repository/Page_KiboPush  Dashboard/h3_Dashboard (57)' is clicked on

2019-04-08 13:00:16 - [TEST_STEP][PASSED] - delay(3): Delayed 3 second(s)

2019-04-08 13:00:19 - [MESSAGE][PASSED] - Delayed 3 second(s)

2019-04-08 13:00:19 - [TEST_STEP][PASSED] - click(findTestObject("Object Repository/Page_KiboEngage  Dashboard/a_SMS (2)")): Object: 'Object Repository/Page_KiboEngage  Dashboard/a_SMS (2)' is clicked on

2019-04-08 13:00:19 - [MESSAGE][PASSED] - Object: 'Object Repository/Page_KiboEngage  Dashboard/a_SMS (2)' is clicked on

2019-04-08 13:00:19 - [TEST_STEP][PASSED] - click(findTestObject("Object Repository/Page_KiboEngage  Dashboard/span_Messenger")): Object: 'Object Repository/Page_KiboEngage  Dashboard/span_Messenger' is clicked on

2019-04-08 13:00:19 - [MESSAGE][PASSED] - Object: 'Object Repository/Page_KiboEngage  Dashboard/span_Messenger' is clicked on

2019-04-08 13:00:19 - [MESSAGE][PASSED] - Call Test Case 'Test Cases/s-sidebar_navigation/individualAccount/Login-KiboEngage' successfully

2019-04-08 13:00:19 - [TEST_STEP][PASSED] - click(findTestObject("Page_KiboPush  Dashboard/h3_Dashboard")): Object: 'Object Repository/Page_KiboPush  Dashboard/h3_Dashboard' is clicked on

2019-04-08 13:00:20 - [MESSAGE][PASSED] - Object: 'Object Repository/Page_KiboPush  Dashboard/h3_Dashboard' is clicked on

2019-04-08 13:00:20 - [TEST_STEP][PASSED] - click(findTestObject("Page_KiboPush  Dashboard/span_Dashboard")): Object: 'Object Repository/Page_KiboPush  Dashboard/span_Dashboard' is clicked on

2019-04-08 13:00:20 - [MESSAGE][PASSED] - Object: 'Object Repository/Page_KiboPush  Dashboard/span_Dashboard' is clicked on

2019-04-08 13:00:20 - [MESSAGE][PASSED] - Call Test Case 'Test Cases/s-sidebar_navigation/individualAccount/Dashboard' successfully

2019-04-08 13:00:20 - [TEST_STEP][PASSED] - click(findTestObject("Page_KiboEngage  Dashboard/a_SMS (1)")): Object: 'Object Repository/Page_KiboEngage  Dashboard/a_SMS (1)' is clicked on

2019-04-08 13:00:20 - [MESSAGE][PASSED] - Object: 'Object Repository/Page_KiboEngage  Dashboard/a_SMS (1)' is clicked on

2019-04-08 13:00:20 - [TEST_STEP][PASSED] - click(findTestObject("Page_KiboEngage  Dashboard/span_SMS (1)")): Object: 'Object Repository/Page_KiboEngage  Dashboard/span_SMS (1)' is clicked on

2019-04-08 13:00:20 - [MESSAGE][PASSED] - Object: 'Object Repository/Page_KiboEngage  Dashboard/span_SMS (1)' is clicked on

2019-04-08 13:00:20 - [MESSAGE][PASSED] - Call Test Case 'Test Cases/SMS/SMSPlatform' successfully

2019-04-08 13:00:20 - [TEST_STEP][PASSED] - click(findTestObject("Object Repository/Page_KiboEngage  Dashboard/span_Broadcasting (1)")): Object: 'Object Repository/Page_KiboEngage  Dashboard/span_Broadcasting (1)' is clicked on

2019-04-08 13:00:20 - [MESSAGE][PASSED] - Object: 'Object Repository/Page_KiboEngage  Dashboard/span_Broadcasting (1)' is clicked on

2019-04-08 13:00:20 - [TEST_STEP][PASSED] - click(findTestObject("Object Repository/Page_KiboEngage  Dashboard/span_Broadcasts")): Object: 'Object Repository/Page_KiboEngage  Dashboard/span_Broadcasts' is clicked on

2019-04-08 13:00:20 - [MESSAGE][PASSED] - Object: 'Object Repository/Page_KiboEngage  Dashboard/span_Broadcasts' is clicked on

2019-04-08 13:00:20 - [TEST_STEP][PASSED] - click(findTestObject("Object Repository/Page_KiboEngage  Broadcasts/h3_Broadcasts")): Object: 'Object Repository/Page_KiboEngage  Broadcasts/h3_Broadcasts' is clicked on

2019-04-08 13:00:20 - [MESSAGE][PASSED] - Object: 'Object Repository/Page_KiboEngage  Broadcasts/h3_Broadcasts' is clicked on

2019-04-08 13:00:20 - [TEST_STEP][PASSED] - delay(1): Delayed 1 second(s)

2019-04-08 13:00:21 - [MESSAGE][PASSED] - Delayed 1 second(s)]]></system-out>
         <system-err><![CDATA[]]></system-err>
      </testcase>
      <testcase name="Test Cases/SMS/sms broadcast/TC11174" classname="Test Cases/SMS/sms broadcast/TC11174" status="PASSED">
         <system-out><![CDATA[2019-04-08 13:00:21 - [TEST_CASE][PASSED] - Test Cases/SMS/sms broadcast/TC11174: Test Cases/SMS/sms broadcast/TC11174

2019-04-08 13:00:21 - [TEST_STEP][PASSED] - callTestCase(findTestCase("SMS/SMSPlatform"), [:], STOP_ON_FAILURE): Call Test Case 'Test Cases/SMS/SMSPlatform' successfully

2019-04-08 13:00:21 - [TEST_CASE][PASSED] - Test Cases/SMS/SMSPlatform: Test Cases/SMS/SMSPlatform

2019-04-08 13:00:21 - [TEST_STEP][PASSED] - callTestCase(findTestCase("s-sidebar_navigation/individualAccount/Dashboard"), [:], STOP_ON_FAILURE): Call Test Case 'Test Cases/s-sidebar_navigation/individualAccount/Dashboard' successfully

2019-04-08 13:00:21 - [TEST_CASE][PASSED] - Test Cases/s-sidebar_navigation/individualAccount/Dashboard: Test Cases/s-sidebar_navigation/individualAccount/Dashboard

2019-04-08 13:00:21 - [TEST_STEP][PASSED] - callTestCase(findTestCase("s-sidebar_navigation/individualAccount/Login-KiboEngage"), [:], STOP_ON_FAILURE): Call Test Case 'Test Cases/s-sidebar_navigation/individualAccount/Login-KiboEngage' successfully

2019-04-08 13:00:21 - [TEST_CASE][PASSED] - Test Cases/s-sidebar_navigation/individualAccount/Login-KiboEngage: Test Cases/s-sidebar_navigation/individualAccount/Login-KiboEngage

2019-04-08 13:00:21 - [TEST_STEP][PASSED] - openBrowser(""): Browser is opened with url: ''

2019-04-08 13:00:21 - [MESSAGE][WARNING] - A browser is already opened. Closing browser and opening a new one

2019-04-08 13:00:21 - [MESSAGE][INFO] - Starting 'Chrome' driver

2019-04-08 13:00:22 - [MESSAGE][PASSED] - Browser is opened with url: ''

2019-04-08 13:00:22 - [TEST_STEP][PASSED] - maximizeWindow(): Current window maximized

2019-04-08 13:00:22 - [MESSAGE][PASSED] - Current window maximized

2019-04-08 13:00:22 - [TEST_STEP][PASSED] - navigateToUrl("https://kiboengage.cloudkibo.com/"): Navigate to 'https://kiboengage.cloudkibo.com/' successfully

2019-04-08 13:00:31 - [MESSAGE][PASSED] - Navigate to 'https://kiboengage.cloudkibo.com/' successfully

2019-04-08 13:00:31 - [TEST_STEP][PASSED] - navigateToUrl("https://accounts.cloudkibo.com/?continue=https://kiboengage.cloudkibo.com"): Navigate to 'https://accounts.cloudkibo.com/?continue=https://kiboengage.cloudkibo.com' successfully

2019-04-08 13:00:31 - [MESSAGE][PASSED] - Navigate to 'https://accounts.cloudkibo.com/?continue=https://kiboengage.cloudkibo.com' successfully

2019-04-08 13:00:31 - [TEST_STEP][PASSED] - click(findTestObject("Page_KiboPush/a_Login (9) (1)")): Object: 'Object Repository/Page_KiboPush/a_Login (9) (1)' is clicked on

2019-04-08 13:00:32 - [MESSAGE][PASSED] - Object: 'Object Repository/Page_KiboPush/a_Login (9) (1)' is clicked on

2019-04-08 13:00:32 - [TEST_STEP][PASSED] - setText(findTestObject("Page_KiboPush/input_email (10) (1)"), "individual@cloudkibo.com"): Text 'individual@cloudkibo.com' is set on object 'Object Repository/Page_KiboPush/input_email (10) (1)'

2019-04-08 13:00:32 - [MESSAGE][PASSED] - Text 'individual@cloudkibo.com' is set on object 'Object Repository/Page_KiboPush/input_email (10) (1)'

2019-04-08 13:00:32 - [TEST_STEP][PASSED] - setEncryptedText(findTestObject("Page_KiboPush/input_password (9) (1)"), "RigbBhfdqOBGNlJIWM1ClA=="): Text ****** has been set on object 'Object Repository/Page_KiboPush/input_password (9) (1)'

2019-04-08 13:00:32 - [MESSAGE][PASSED] - Text ****** has been set on object 'Object Repository/Page_KiboPush/input_password (9) (1)'

2019-04-08 13:00:32 - [TEST_STEP][PASSED] - click(findTestObject("Page_KiboPush/button_Sign In (10) (1)")): Object: 'Object Repository/Page_KiboPush/button_Sign In (10) (1)' is clicked on

2019-04-08 13:00:32 - [MESSAGE][PASSED] - Object: 'Object Repository/Page_KiboPush/button_Sign In (10) (1)' is clicked on

2019-04-08 13:00:32 - [TEST_STEP][PASSED] - navigateToUrl("https://kiboengage.cloudkibo.com/dashboard"): Navigate to 'https://kiboengage.cloudkibo.com/dashboard' successfully

2019-04-08 13:00:56 - [MESSAGE][PASSED] - Navigate to 'https://kiboengage.cloudkibo.com/dashboard' successfully

2019-04-08 13:00:56 - [TEST_STEP][PASSED] - click(findTestObject("Page_KiboPush  Dashboard/h3_Dashboard (57)")): Object: 'Object Repository/Page_KiboPush  Dashboard/h3_Dashboard (57)' is clicked on

2019-04-08 13:00:56 - [MESSAGE][PASSED] - Object: 'Object Repository/Page_KiboPush  Dashboard/h3_Dashboard (57)' is clicked on

2019-04-08 13:00:56 - [TEST_STEP][PASSED] - delay(3): Delayed 3 second(s)

2019-04-08 13:00:59 - [MESSAGE][PASSED] - Delayed 3 second(s)

2019-04-08 13:00:59 - [TEST_STEP][PASSED] - click(findTestObject("Object Repository/Page_KiboEngage  Dashboard/a_SMS (2)")): Object: 'Object Repository/Page_KiboEngage  Dashboard/a_SMS (2)' is clicked on

2019-04-08 13:00:59 - [MESSAGE][PASSED] - Object: 'Object Repository/Page_KiboEngage  Dashboard/a_SMS (2)' is clicked on

2019-04-08 13:00:59 - [TEST_STEP][PASSED] - click(findTestObject("Object Repository/Page_KiboEngage  Dashboard/span_Messenger")): Object: 'Object Repository/Page_KiboEngage  Dashboard/span_Messenger' is clicked on

2019-04-08 13:00:59 - [MESSAGE][PASSED] - Object: 'Object Repository/Page_KiboEngage  Dashboard/span_Messenger' is clicked on

2019-04-08 13:00:59 - [MESSAGE][PASSED] - Call Test Case 'Test Cases/s-sidebar_navigation/individualAccount/Login-KiboEngage' successfully

2019-04-08 13:00:59 - [TEST_STEP][PASSED] - click(findTestObject("Page_KiboPush  Dashboard/h3_Dashboard")): Object: 'Object Repository/Page_KiboPush  Dashboard/h3_Dashboard' is clicked on

2019-04-08 13:00:59 - [MESSAGE][PASSED] - Object: 'Object Repository/Page_KiboPush  Dashboard/h3_Dashboard' is clicked on

2019-04-08 13:00:59 - [TEST_STEP][PASSED] - click(findTestObject("Page_KiboPush  Dashboard/span_Dashboard")): Object: 'Object Repository/Page_KiboPush  Dashboard/span_Dashboard' is clicked on

2019-04-08 13:00:59 - [MESSAGE][PASSED] - Object: 'Object Repository/Page_KiboPush  Dashboard/span_Dashboard' is clicked on

2019-04-08 13:00:59 - [MESSAGE][PASSED] - Call Test Case 'Test Cases/s-sidebar_navigation/individualAccount/Dashboard' successfully

2019-04-08 13:00:59 - [TEST_STEP][PASSED] - click(findTestObject("Page_KiboEngage  Dashboard/a_SMS (1)")): Object: 'Object Repository/Page_KiboEngage  Dashboard/a_SMS (1)' is clicked on

2019-04-08 13:00:59 - [MESSAGE][PASSED] - Object: 'Object Repository/Page_KiboEngage  Dashboard/a_SMS (1)' is clicked on

2019-04-08 13:00:59 - [TEST_STEP][PASSED] - click(findTestObject("Page_KiboEngage  Dashboard/span_SMS (1)")): Object: 'Object Repository/Page_KiboEngage  Dashboard/span_SMS (1)' is clicked on

2019-04-08 13:00:59 - [MESSAGE][PASSED] - Object: 'Object Repository/Page_KiboEngage  Dashboard/span_SMS (1)' is clicked on

2019-04-08 13:00:59 - [MESSAGE][PASSED] - Call Test Case 'Test Cases/SMS/SMSPlatform' successfully

2019-04-08 13:00:59 - [TEST_STEP][PASSED] - click(findTestObject("Object Repository/Page_KiboEngage  Dashboard/span_Broadcasting (1)")): Object: 'Object Repository/Page_KiboEngage  Dashboard/span_Broadcasting (1)' is clicked on

2019-04-08 13:00:59 - [MESSAGE][PASSED] - Object: 'Object Repository/Page_KiboEngage  Dashboard/span_Broadcasting (1)' is clicked on

2019-04-08 13:00:59 - [TEST_STEP][PASSED] - click(findTestObject("Object Repository/Page_KiboEngage  Dashboard/span_Broadcasts")): Object: 'Object Repository/Page_KiboEngage  Dashboard/span_Broadcasts' is clicked on

2019-04-08 13:00:59 - [MESSAGE][PASSED] - Object: 'Object Repository/Page_KiboEngage  Dashboard/span_Broadcasts' is clicked on

2019-04-08 13:00:59 - [TEST_STEP][PASSED] - click(findTestObject("Object Repository/Page_KiboEngage  Broadcasts/h3_Broadcasts")): Object: 'Object Repository/Page_KiboEngage  Broadcasts/h3_Broadcasts' is clicked on

2019-04-08 13:00:59 - [MESSAGE][PASSED] - Object: 'Object Repository/Page_KiboEngage  Broadcasts/h3_Broadcasts' is clicked on

2019-04-08 13:00:59 - [TEST_STEP][PASSED] - delay(1): Delayed 1 second(s)

2019-04-08 13:01:00 - [MESSAGE][PASSED] - Delayed 1 second(s)]]></system-out>
         <system-err><![CDATA[]]></system-err>
      </testcase>
      <testcase name="Test Cases/SMS/sms broadcast/TC11175" classname="Test Cases/SMS/sms broadcast/TC11175" status="PASSED">
         <system-out><![CDATA[2019-04-08 13:01:00 - [TEST_CASE][PASSED] - Test Cases/SMS/sms broadcast/TC11175: Test Cases/SMS/sms broadcast/TC11175

2019-04-08 13:01:01 - [TEST_STEP][PASSED] - callTestCase(findTestCase("SMS/SMSPlatform"), [:], STOP_ON_FAILURE): Call Test Case 'Test Cases/SMS/SMSPlatform' successfully

2019-04-08 13:01:01 - [TEST_CASE][PASSED] - Test Cases/SMS/SMSPlatform: Test Cases/SMS/SMSPlatform

2019-04-08 13:01:01 - [TEST_STEP][PASSED] - callTestCase(findTestCase("s-sidebar_navigation/individualAccount/Dashboard"), [:], STOP_ON_FAILURE): Call Test Case 'Test Cases/s-sidebar_navigation/individualAccount/Dashboard' successfully

2019-04-08 13:01:01 - [TEST_CASE][PASSED] - Test Cases/s-sidebar_navigation/individualAccount/Dashboard: Test Cases/s-sidebar_navigation/individualAccount/Dashboard

2019-04-08 13:01:01 - [TEST_STEP][PASSED] - callTestCase(findTestCase("s-sidebar_navigation/individualAccount/Login-KiboEngage"), [:], STOP_ON_FAILURE): Call Test Case 'Test Cases/s-sidebar_navigation/individualAccount/Login-KiboEngage' successfully

2019-04-08 13:01:01 - [TEST_CASE][PASSED] - Test Cases/s-sidebar_navigation/individualAccount/Login-KiboEngage: Test Cases/s-sidebar_navigation/individualAccount/Login-KiboEngage

2019-04-08 13:01:01 - [TEST_STEP][PASSED] - openBrowser(""): Browser is opened with url: ''

2019-04-08 13:01:01 - [MESSAGE][WARNING] - A browser is already opened. Closing browser and opening a new one

2019-04-08 13:01:01 - [MESSAGE][INFO] - Starting 'Chrome' driver

2019-04-08 13:01:01 - [MESSAGE][PASSED] - Browser is opened with url: ''

2019-04-08 13:01:01 - [TEST_STEP][PASSED] - maximizeWindow(): Current window maximized

2019-04-08 13:01:01 - [MESSAGE][PASSED] - Current window maximized

2019-04-08 13:01:01 - [TEST_STEP][PASSED] - navigateToUrl("https://kiboengage.cloudkibo.com/"): Navigate to 'https://kiboengage.cloudkibo.com/' successfully

2019-04-08 13:01:10 - [MESSAGE][PASSED] - Navigate to 'https://kiboengage.cloudkibo.com/' successfully

2019-04-08 13:01:10 - [TEST_STEP][PASSED] - navigateToUrl("https://accounts.cloudkibo.com/?continue=https://kiboengage.cloudkibo.com"): Navigate to 'https://accounts.cloudkibo.com/?continue=https://kiboengage.cloudkibo.com' successfully

2019-04-08 13:01:10 - [MESSAGE][PASSED] - Navigate to 'https://accounts.cloudkibo.com/?continue=https://kiboengage.cloudkibo.com' successfully

2019-04-08 13:01:10 - [TEST_STEP][PASSED] - click(findTestObject("Page_KiboPush/a_Login (9) (1)")): Object: 'Object Repository/Page_KiboPush/a_Login (9) (1)' is clicked on

2019-04-08 13:01:11 - [MESSAGE][PASSED] - Object: 'Object Repository/Page_KiboPush/a_Login (9) (1)' is clicked on

2019-04-08 13:01:11 - [TEST_STEP][PASSED] - setText(findTestObject("Page_KiboPush/input_email (10) (1)"), "individual@cloudkibo.com"): Text 'individual@cloudkibo.com' is set on object 'Object Repository/Page_KiboPush/input_email (10) (1)'

2019-04-08 13:01:11 - [MESSAGE][PASSED] - Text 'individual@cloudkibo.com' is set on object 'Object Repository/Page_KiboPush/input_email (10) (1)'

2019-04-08 13:01:11 - [TEST_STEP][PASSED] - setEncryptedText(findTestObject("Page_KiboPush/input_password (9) (1)"), "RigbBhfdqOBGNlJIWM1ClA=="): Text ****** has been set on object 'Object Repository/Page_KiboPush/input_password (9) (1)'

2019-04-08 13:01:11 - [MESSAGE][PASSED] - Text ****** has been set on object 'Object Repository/Page_KiboPush/input_password (9) (1)'

2019-04-08 13:01:11 - [TEST_STEP][PASSED] - click(findTestObject("Page_KiboPush/button_Sign In (10) (1)")): Object: 'Object Repository/Page_KiboPush/button_Sign In (10) (1)' is clicked on

2019-04-08 13:01:11 - [MESSAGE][PASSED] - Object: 'Object Repository/Page_KiboPush/button_Sign In (10) (1)' is clicked on

2019-04-08 13:01:11 - [TEST_STEP][PASSED] - navigateToUrl("https://kiboengage.cloudkibo.com/dashboard"): Navigate to 'https://kiboengage.cloudkibo.com/dashboard' successfully

2019-04-08 13:01:25 - [MESSAGE][PASSED] - Navigate to 'https://kiboengage.cloudkibo.com/dashboard' successfully

2019-04-08 13:01:25 - [TEST_STEP][PASSED] - click(findTestObject("Page_KiboPush  Dashboard/h3_Dashboard (57)")): Object: 'Object Repository/Page_KiboPush  Dashboard/h3_Dashboard (57)' is clicked on

2019-04-08 13:01:25 - [MESSAGE][PASSED] - Object: 'Object Repository/Page_KiboPush  Dashboard/h3_Dashboard (57)' is clicked on

2019-04-08 13:01:25 - [TEST_STEP][PASSED] - delay(3): Delayed 3 second(s)

2019-04-08 13:01:28 - [MESSAGE][PASSED] - Delayed 3 second(s)

2019-04-08 13:01:28 - [TEST_STEP][PASSED] - click(findTestObject("Object Repository/Page_KiboEngage  Dashboard/a_SMS (2)")): Object: 'Object Repository/Page_KiboEngage  Dashboard/a_SMS (2)' is clicked on

2019-04-08 13:01:29 - [MESSAGE][PASSED] - Object: 'Object Repository/Page_KiboEngage  Dashboard/a_SMS (2)' is clicked on

2019-04-08 13:01:29 - [TEST_STEP][PASSED] - click(findTestObject("Object Repository/Page_KiboEngage  Dashboard/span_Messenger")): Object: 'Object Repository/Page_KiboEngage  Dashboard/span_Messenger' is clicked on

2019-04-08 13:01:29 - [MESSAGE][PASSED] - Object: 'Object Repository/Page_KiboEngage  Dashboard/span_Messenger' is clicked on

2019-04-08 13:01:29 - [MESSAGE][PASSED] - Call Test Case 'Test Cases/s-sidebar_navigation/individualAccount/Login-KiboEngage' successfully

2019-04-08 13:01:29 - [TEST_STEP][PASSED] - click(findTestObject("Page_KiboPush  Dashboard/h3_Dashboard")): Object: 'Object Repository/Page_KiboPush  Dashboard/h3_Dashboard' is clicked on

2019-04-08 13:01:29 - [MESSAGE][PASSED] - Object: 'Object Repository/Page_KiboPush  Dashboard/h3_Dashboard' is clicked on

2019-04-08 13:01:29 - [TEST_STEP][PASSED] - click(findTestObject("Page_KiboPush  Dashboard/span_Dashboard")): Object: 'Object Repository/Page_KiboPush  Dashboard/span_Dashboard' is clicked on

2019-04-08 13:01:29 - [MESSAGE][PASSED] - Object: 'Object Repository/Page_KiboPush  Dashboard/span_Dashboard' is clicked on

2019-04-08 13:01:29 - [MESSAGE][PASSED] - Call Test Case 'Test Cases/s-sidebar_navigation/individualAccount/Dashboard' successfully

2019-04-08 13:01:29 - [TEST_STEP][PASSED] - click(findTestObject("Page_KiboEngage  Dashboard/a_SMS (1)")): Object: 'Object Repository/Page_KiboEngage  Dashboard/a_SMS (1)' is clicked on

2019-04-08 13:01:29 - [MESSAGE][PASSED] - Object: 'Object Repository/Page_KiboEngage  Dashboard/a_SMS (1)' is clicked on

2019-04-08 13:01:29 - [TEST_STEP][PASSED] - click(findTestObject("Page_KiboEngage  Dashboard/span_SMS (1)")): Object: 'Object Repository/Page_KiboEngage  Dashboard/span_SMS (1)' is clicked on

2019-04-08 13:01:29 - [MESSAGE][PASSED] - Object: 'Object Repository/Page_KiboEngage  Dashboard/span_SMS (1)' is clicked on

2019-04-08 13:01:29 - [MESSAGE][PASSED] - Call Test Case 'Test Cases/SMS/SMSPlatform' successfully

2019-04-08 13:01:29 - [TEST_STEP][PASSED] - click(findTestObject("Object Repository/Page_KiboEngage  Dashboard/span_Broadcasting (1)")): Object: 'Object Repository/Page_KiboEngage  Dashboard/span_Broadcasting (1)' is clicked on

2019-04-08 13:01:29 - [MESSAGE][PASSED] - Object: 'Object Repository/Page_KiboEngage  Dashboard/span_Broadcasting (1)' is clicked on

2019-04-08 13:01:29 - [TEST_STEP][PASSED] - click(findTestObject("Object Repository/Page_KiboEngage  Dashboard/span_Broadcasts")): Object: 'Object Repository/Page_KiboEngage  Dashboard/span_Broadcasts' is clicked on

2019-04-08 13:01:29 - [MESSAGE][PASSED] - Object: 'Object Repository/Page_KiboEngage  Dashboard/span_Broadcasts' is clicked on

2019-04-08 13:01:29 - [TEST_STEP][PASSED] - click(findTestObject("Object Repository/Page_KiboEngage  Broadcasts/h3_Broadcasts")): Object: 'Object Repository/Page_KiboEngage  Broadcasts/h3_Broadcasts' is clicked on

2019-04-08 13:01:29 - [MESSAGE][PASSED] - Object: 'Object Repository/Page_KiboEngage  Broadcasts/h3_Broadcasts' is clicked on

2019-04-08 13:01:29 - [TEST_STEP][PASSED] - delay(1): Delayed 1 second(s)

2019-04-08 13:01:30 - [MESSAGE][PASSED] - Delayed 1 second(s)]]></system-out>
         <system-err><![CDATA[]]></system-err>
      </testcase>
      <testcase name="Test Cases/SMS/sms broadcast/TC11176" classname="Test Cases/SMS/sms broadcast/TC11176" status="PASSED">
         <system-out><![CDATA[2019-04-08 13:01:30 - [TEST_CASE][PASSED] - Test Cases/SMS/sms broadcast/TC11176: Test Cases/SMS/sms broadcast/TC11176

2019-04-08 13:01:30 - [TEST_STEP][PASSED] - callTestCase(findTestCase("SMS/SMSPlatform"), [:], STOP_ON_FAILURE): Call Test Case 'Test Cases/SMS/SMSPlatform' successfully

2019-04-08 13:01:30 - [TEST_CASE][PASSED] - Test Cases/SMS/SMSPlatform: Test Cases/SMS/SMSPlatform

2019-04-08 13:01:30 - [TEST_STEP][PASSED] - callTestCase(findTestCase("s-sidebar_navigation/individualAccount/Dashboard"), [:], STOP_ON_FAILURE): Call Test Case 'Test Cases/s-sidebar_navigation/individualAccount/Dashboard' successfully

2019-04-08 13:01:30 - [TEST_CASE][PASSED] - Test Cases/s-sidebar_navigation/individualAccount/Dashboard: Test Cases/s-sidebar_navigation/individualAccount/Dashboard

2019-04-08 13:01:30 - [TEST_STEP][PASSED] - callTestCase(findTestCase("s-sidebar_navigation/individualAccount/Login-KiboEngage"), [:], STOP_ON_FAILURE): Call Test Case 'Test Cases/s-sidebar_navigation/individualAccount/Login-KiboEngage' successfully

2019-04-08 13:01:30 - [TEST_CASE][PASSED] - Test Cases/s-sidebar_navigation/individualAccount/Login-KiboEngage: Test Cases/s-sidebar_navigation/individualAccount/Login-KiboEngage

2019-04-08 13:01:30 - [TEST_STEP][PASSED] - openBrowser(""): Browser is opened with url: ''

2019-04-08 13:01:30 - [MESSAGE][WARNING] - A browser is already opened. Closing browser and opening a new one

2019-04-08 13:01:30 - [MESSAGE][INFO] - Starting 'Chrome' driver

2019-04-08 13:01:31 - [MESSAGE][PASSED] - Browser is opened with url: ''

2019-04-08 13:01:31 - [TEST_STEP][PASSED] - maximizeWindow(): Current window maximized

2019-04-08 13:01:31 - [MESSAGE][PASSED] - Current window maximized

2019-04-08 13:01:31 - [TEST_STEP][PASSED] - navigateToUrl("https://kiboengage.cloudkibo.com/"): Navigate to 'https://kiboengage.cloudkibo.com/' successfully

2019-04-08 13:01:40 - [MESSAGE][PASSED] - Navigate to 'https://kiboengage.cloudkibo.com/' successfully

2019-04-08 13:01:40 - [TEST_STEP][PASSED] - navigateToUrl("https://accounts.cloudkibo.com/?continue=https://kiboengage.cloudkibo.com"): Navigate to 'https://accounts.cloudkibo.com/?continue=https://kiboengage.cloudkibo.com' successfully

2019-04-08 13:01:40 - [MESSAGE][PASSED] - Navigate to 'https://accounts.cloudkibo.com/?continue=https://kiboengage.cloudkibo.com' successfully

2019-04-08 13:01:40 - [TEST_STEP][PASSED] - click(findTestObject("Page_KiboPush/a_Login (9) (1)")): Object: 'Object Repository/Page_KiboPush/a_Login (9) (1)' is clicked on

2019-04-08 13:01:41 - [MESSAGE][PASSED] - Object: 'Object Repository/Page_KiboPush/a_Login (9) (1)' is clicked on

2019-04-08 13:01:41 - [TEST_STEP][PASSED] - setText(findTestObject("Page_KiboPush/input_email (10) (1)"), "individual@cloudkibo.com"): Text 'individual@cloudkibo.com' is set on object 'Object Repository/Page_KiboPush/input_email (10) (1)'

2019-04-08 13:01:41 - [MESSAGE][PASSED] - Text 'individual@cloudkibo.com' is set on object 'Object Repository/Page_KiboPush/input_email (10) (1)'

2019-04-08 13:01:41 - [TEST_STEP][PASSED] - setEncryptedText(findTestObject("Page_KiboPush/input_password (9) (1)"), "RigbBhfdqOBGNlJIWM1ClA=="): Text ****** has been set on object 'Object Repository/Page_KiboPush/input_password (9) (1)'

2019-04-08 13:01:41 - [MESSAGE][PASSED] - Text ****** has been set on object 'Object Repository/Page_KiboPush/input_password (9) (1)'

2019-04-08 13:01:41 - [TEST_STEP][PASSED] - click(findTestObject("Page_KiboPush/button_Sign In (10) (1)")): Object: 'Object Repository/Page_KiboPush/button_Sign In (10) (1)' is clicked on

2019-04-08 13:01:41 - [MESSAGE][PASSED] - Object: 'Object Repository/Page_KiboPush/button_Sign In (10) (1)' is clicked on

2019-04-08 13:01:41 - [TEST_STEP][PASSED] - navigateToUrl("https://kiboengage.cloudkibo.com/dashboard"): Navigate to 'https://kiboengage.cloudkibo.com/dashboard' successfully

2019-04-08 13:01:52 - [MESSAGE][PASSED] - Navigate to 'https://kiboengage.cloudkibo.com/dashboard' successfully

2019-04-08 13:01:52 - [TEST_STEP][PASSED] - click(findTestObject("Page_KiboPush  Dashboard/h3_Dashboard (57)")): Object: 'Object Repository/Page_KiboPush  Dashboard/h3_Dashboard (57)' is clicked on

2019-04-08 13:01:52 - [MESSAGE][PASSED] - Object: 'Object Repository/Page_KiboPush  Dashboard/h3_Dashboard (57)' is clicked on

2019-04-08 13:01:52 - [TEST_STEP][PASSED] - delay(3): Delayed 3 second(s)

2019-04-08 13:01:55 - [MESSAGE][PASSED] - Delayed 3 second(s)

2019-04-08 13:01:55 - [TEST_STEP][PASSED] - click(findTestObject("Object Repository/Page_KiboEngage  Dashboard/a_SMS (2)")): Object: 'Object Repository/Page_KiboEngage  Dashboard/a_SMS (2)' is clicked on

2019-04-08 13:01:55 - [MESSAGE][PASSED] - Object: 'Object Repository/Page_KiboEngage  Dashboard/a_SMS (2)' is clicked on

2019-04-08 13:01:55 - [TEST_STEP][PASSED] - click(findTestObject("Object Repository/Page_KiboEngage  Dashboard/span_Messenger")): Object: 'Object Repository/Page_KiboEngage  Dashboard/span_Messenger' is clicked on

2019-04-08 13:01:55 - [MESSAGE][PASSED] - Object: 'Object Repository/Page_KiboEngage  Dashboard/span_Messenger' is clicked on

2019-04-08 13:01:55 - [MESSAGE][PASSED] - Call Test Case 'Test Cases/s-sidebar_navigation/individualAccount/Login-KiboEngage' successfully

2019-04-08 13:01:55 - [TEST_STEP][PASSED] - click(findTestObject("Page_KiboPush  Dashboard/h3_Dashboard")): Object: 'Object Repository/Page_KiboPush  Dashboard/h3_Dashboard' is clicked on

2019-04-08 13:01:55 - [MESSAGE][PASSED] - Object: 'Object Repository/Page_KiboPush  Dashboard/h3_Dashboard' is clicked on

2019-04-08 13:01:55 - [TEST_STEP][PASSED] - click(findTestObject("Page_KiboPush  Dashboard/span_Dashboard")): Object: 'Object Repository/Page_KiboPush  Dashboard/span_Dashboard' is clicked on

2019-04-08 13:01:55 - [MESSAGE][PASSED] - Object: 'Object Repository/Page_KiboPush  Dashboard/span_Dashboard' is clicked on

2019-04-08 13:01:55 - [MESSAGE][PASSED] - Call Test Case 'Test Cases/s-sidebar_navigation/individualAccount/Dashboard' successfully

2019-04-08 13:01:55 - [TEST_STEP][PASSED] - click(findTestObject("Page_KiboEngage  Dashboard/a_SMS (1)")): Object: 'Object Repository/Page_KiboEngage  Dashboard/a_SMS (1)' is clicked on

2019-04-08 13:01:55 - [MESSAGE][PASSED] - Object: 'Object Repository/Page_KiboEngage  Dashboard/a_SMS (1)' is clicked on

2019-04-08 13:01:55 - [TEST_STEP][PASSED] - click(findTestObject("Page_KiboEngage  Dashboard/span_SMS (1)")): Object: 'Object Repository/Page_KiboEngage  Dashboard/span_SMS (1)' is clicked on

2019-04-08 13:01:55 - [MESSAGE][PASSED] - Object: 'Object Repository/Page_KiboEngage  Dashboard/span_SMS (1)' is clicked on

2019-04-08 13:01:55 - [MESSAGE][PASSED] - Call Test Case 'Test Cases/SMS/SMSPlatform' successfully

2019-04-08 13:01:55 - [TEST_STEP][PASSED] - delay(1): Delayed 1 second(s)

2019-04-08 13:01:56 - [MESSAGE][PASSED] - Delayed 1 second(s)

2019-04-08 13:01:56 - [TEST_STEP][PASSED] - click(findTestObject("Page_KiboEngage  Dashboard/span_Broadcasting (1)")): Object: 'Object Repository/Page_KiboEngage  Dashboard/span_Broadcasting (1)' is clicked on

2019-04-08 13:01:56 - [MESSAGE][PASSED] - Object: 'Object Repository/Page_KiboEngage  Dashboard/span_Broadcasting (1)' is clicked on

2019-04-08 13:01:56 - [TEST_STEP][PASSED] - click(findTestObject("Page_KiboEngage  Dashboard/span_Broadcasts")): Object: 'Object Repository/Page_KiboEngage  Dashboard/span_Broadcasts' is clicked on

2019-04-08 13:01:56 - [MESSAGE][PASSED] - Object: 'Object Repository/Page_KiboEngage  Dashboard/span_Broadcasts' is clicked on

2019-04-08 13:01:56 - [TEST_STEP][PASSED] - click(findTestObject("Object Repository/Page_KiboEngage  Broadcasts/h3_Broadcasts (1) (1) (1)")): Object: 'Object Repository/Page_KiboEngage  Broadcasts/h3_Broadcasts (1) (1) (1)' is clicked on

2019-04-08 13:01:56 - [MESSAGE][PASSED] - Object: 'Object Repository/Page_KiboEngage  Broadcasts/h3_Broadcasts (1) (1) (1)' is clicked on

2019-04-08 13:01:56 - [TEST_STEP][PASSED] - delay(1): Delayed 1 second(s)

2019-04-08 13:01:57 - [MESSAGE][PASSED] - Delayed 1 second(s)

2019-04-08 13:01:57 - [TEST_STEP][PASSED] - click(findTestObject("Object Repository/Page_KiboEngage  Broadcasts/span_Create New (1) (1)")): Object: 'Object Repository/Page_KiboEngage  Broadcasts/span_Create New (1) (1)' is clicked on

2019-04-08 13:01:57 - [MESSAGE][PASSED] - Object: 'Object Repository/Page_KiboEngage  Broadcasts/span_Create New (1) (1)' is clicked on

2019-04-08 13:01:57 - [TEST_STEP][PASSED] - click(findTestObject("Object Repository/Page_KiboEngage  Broadcasts/button_Create New Broadcast (1) (1)")): Object: 'Object Repository/Page_KiboEngage  Broadcasts/button_Create New Broadcast (1) (1)' is clicked on

2019-04-08 13:01:58 - [MESSAGE][PASSED] - Object: 'Object Repository/Page_KiboEngage  Broadcasts/button_Create New Broadcast (1) (1)' is clicked on]]></system-out>
         <system-err><![CDATA[]]></system-err>
      </testcase>
      <testcase name="Test Cases/SMS/sms broadcast/TC11177" classname="Test Cases/SMS/sms broadcast/TC11177" status="PASSED">
         <system-out><![CDATA[2019-04-08 13:01:58 - [TEST_CASE][PASSED] - Test Cases/SMS/sms broadcast/TC11177: Test Cases/SMS/sms broadcast/TC11177

2019-04-08 13:01:58 - [TEST_STEP][PASSED] - callTestCase(findTestCase("SMS/SMSPlatform"), [:], STOP_ON_FAILURE): Call Test Case 'Test Cases/SMS/SMSPlatform' successfully

2019-04-08 13:01:58 - [TEST_CASE][PASSED] - Test Cases/SMS/SMSPlatform: Test Cases/SMS/SMSPlatform

2019-04-08 13:01:58 - [TEST_STEP][PASSED] - callTestCase(findTestCase("s-sidebar_navigation/individualAccount/Dashboard"), [:], STOP_ON_FAILURE): Call Test Case 'Test Cases/s-sidebar_navigation/individualAccount/Dashboard' successfully

2019-04-08 13:01:58 - [TEST_CASE][PASSED] - Test Cases/s-sidebar_navigation/individualAccount/Dashboard: Test Cases/s-sidebar_navigation/individualAccount/Dashboard

2019-04-08 13:01:58 - [TEST_STEP][PASSED] - callTestCase(findTestCase("s-sidebar_navigation/individualAccount/Login-KiboEngage"), [:], STOP_ON_FAILURE): Call Test Case 'Test Cases/s-sidebar_navigation/individualAccount/Login-KiboEngage' successfully

2019-04-08 13:01:58 - [TEST_CASE][PASSED] - Test Cases/s-sidebar_navigation/individualAccount/Login-KiboEngage: Test Cases/s-sidebar_navigation/individualAccount/Login-KiboEngage

2019-04-08 13:01:58 - [TEST_STEP][PASSED] - openBrowser(""): Browser is opened with url: ''

2019-04-08 13:01:58 - [MESSAGE][WARNING] - A browser is already opened. Closing browser and opening a new one

2019-04-08 13:01:58 - [MESSAGE][INFO] - Starting 'Chrome' driver

2019-04-08 13:01:58 - [MESSAGE][PASSED] - Browser is opened with url: ''

2019-04-08 13:01:58 - [TEST_STEP][PASSED] - maximizeWindow(): Current window maximized

2019-04-08 13:01:58 - [MESSAGE][PASSED] - Current window maximized

2019-04-08 13:01:58 - [TEST_STEP][PASSED] - navigateToUrl("https://kiboengage.cloudkibo.com/"): Navigate to 'https://kiboengage.cloudkibo.com/' successfully

2019-04-08 13:02:11 - [MESSAGE][PASSED] - Navigate to 'https://kiboengage.cloudkibo.com/' successfully

2019-04-08 13:02:11 - [TEST_STEP][PASSED] - navigateToUrl("https://accounts.cloudkibo.com/?continue=https://kiboengage.cloudkibo.com"): Navigate to 'https://accounts.cloudkibo.com/?continue=https://kiboengage.cloudkibo.com' successfully

2019-04-08 13:02:11 - [MESSAGE][PASSED] - Navigate to 'https://accounts.cloudkibo.com/?continue=https://kiboengage.cloudkibo.com' successfully

2019-04-08 13:02:11 - [TEST_STEP][PASSED] - click(findTestObject("Page_KiboPush/a_Login (9) (1)")): Object: 'Object Repository/Page_KiboPush/a_Login (9) (1)' is clicked on

2019-04-08 13:02:12 - [MESSAGE][PASSED] - Object: 'Object Repository/Page_KiboPush/a_Login (9) (1)' is clicked on

2019-04-08 13:02:12 - [TEST_STEP][PASSED] - setText(findTestObject("Page_KiboPush/input_email (10) (1)"), "individual@cloudkibo.com"): Text 'individual@cloudkibo.com' is set on object 'Object Repository/Page_KiboPush/input_email (10) (1)'

2019-04-08 13:02:12 - [MESSAGE][PASSED] - Text 'individual@cloudkibo.com' is set on object 'Object Repository/Page_KiboPush/input_email (10) (1)'

2019-04-08 13:02:12 - [TEST_STEP][PASSED] - setEncryptedText(findTestObject("Page_KiboPush/input_password (9) (1)"), "RigbBhfdqOBGNlJIWM1ClA=="): Text ****** has been set on object 'Object Repository/Page_KiboPush/input_password (9) (1)'

2019-04-08 13:02:12 - [MESSAGE][PASSED] - Text ****** has been set on object 'Object Repository/Page_KiboPush/input_password (9) (1)'

2019-04-08 13:02:12 - [TEST_STEP][PASSED] - click(findTestObject("Page_KiboPush/button_Sign In (10) (1)")): Object: 'Object Repository/Page_KiboPush/button_Sign In (10) (1)' is clicked on

2019-04-08 13:02:12 - [MESSAGE][PASSED] - Object: 'Object Repository/Page_KiboPush/button_Sign In (10) (1)' is clicked on

2019-04-08 13:02:12 - [TEST_STEP][PASSED] - navigateToUrl("https://kiboengage.cloudkibo.com/dashboard"): Navigate to 'https://kiboengage.cloudkibo.com/dashboard' successfully

2019-04-08 13:02:22 - [MESSAGE][PASSED] - Navigate to 'https://kiboengage.cloudkibo.com/dashboard' successfully

2019-04-08 13:02:22 - [TEST_STEP][PASSED] - click(findTestObject("Page_KiboPush  Dashboard/h3_Dashboard (57)")): Object: 'Object Repository/Page_KiboPush  Dashboard/h3_Dashboard (57)' is clicked on

2019-04-08 13:02:22 - [MESSAGE][PASSED] - Object: 'Object Repository/Page_KiboPush  Dashboard/h3_Dashboard (57)' is clicked on

2019-04-08 13:02:22 - [TEST_STEP][PASSED] - delay(3): Delayed 3 second(s)

2019-04-08 13:02:25 - [MESSAGE][PASSED] - Delayed 3 second(s)

2019-04-08 13:02:25 - [TEST_STEP][PASSED] - click(findTestObject("Object Repository/Page_KiboEngage  Dashboard/a_SMS (2)")): Object: 'Object Repository/Page_KiboEngage  Dashboard/a_SMS (2)' is clicked on

2019-04-08 13:02:26 - [MESSAGE][PASSED] - Object: 'Object Repository/Page_KiboEngage  Dashboard/a_SMS (2)' is clicked on

2019-04-08 13:02:26 - [TEST_STEP][PASSED] - click(findTestObject("Object Repository/Page_KiboEngage  Dashboard/span_Messenger")): Object: 'Object Repository/Page_KiboEngage  Dashboard/span_Messenger' is clicked on

2019-04-08 13:02:26 - [MESSAGE][PASSED] - Object: 'Object Repository/Page_KiboEngage  Dashboard/span_Messenger' is clicked on

2019-04-08 13:02:26 - [MESSAGE][PASSED] - Call Test Case 'Test Cases/s-sidebar_navigation/individualAccount/Login-KiboEngage' successfully

2019-04-08 13:02:26 - [TEST_STEP][PASSED] - click(findTestObject("Page_KiboPush  Dashboard/h3_Dashboard")): Object: 'Object Repository/Page_KiboPush  Dashboard/h3_Dashboard' is clicked on

2019-04-08 13:02:26 - [MESSAGE][PASSED] - Object: 'Object Repository/Page_KiboPush  Dashboard/h3_Dashboard' is clicked on

2019-04-08 13:02:26 - [TEST_STEP][PASSED] - click(findTestObject("Page_KiboPush  Dashboard/span_Dashboard")): Object: 'Object Repository/Page_KiboPush  Dashboard/span_Dashboard' is clicked on

2019-04-08 13:02:26 - [MESSAGE][PASSED] - Object: 'Object Repository/Page_KiboPush  Dashboard/span_Dashboard' is clicked on

2019-04-08 13:02:26 - [MESSAGE][PASSED] - Call Test Case 'Test Cases/s-sidebar_navigation/individualAccount/Dashboard' successfully

2019-04-08 13:02:26 - [TEST_STEP][PASSED] - click(findTestObject("Page_KiboEngage  Dashboard/a_SMS (1)")): Object: 'Object Repository/Page_KiboEngage  Dashboard/a_SMS (1)' is clicked on

2019-04-08 13:02:26 - [MESSAGE][PASSED] - Object: 'Object Repository/Page_KiboEngage  Dashboard/a_SMS (1)' is clicked on

2019-04-08 13:02:26 - [TEST_STEP][PASSED] - click(findTestObject("Page_KiboEngage  Dashboard/span_SMS (1)")): Object: 'Object Repository/Page_KiboEngage  Dashboard/span_SMS (1)' is clicked on

2019-04-08 13:02:26 - [MESSAGE][PASSED] - Object: 'Object Repository/Page_KiboEngage  Dashboard/span_SMS (1)' is clicked on

2019-04-08 13:02:26 - [MESSAGE][PASSED] - Call Test Case 'Test Cases/SMS/SMSPlatform' successfully

2019-04-08 13:02:26 - [TEST_STEP][PASSED] - click(findTestObject("Page_KiboEngage  Dashboard/span_Broadcasting (1)")): Object: 'Object Repository/Page_KiboEngage  Dashboard/span_Broadcasting (1)' is clicked on

2019-04-08 13:02:26 - [MESSAGE][PASSED] - Object: 'Object Repository/Page_KiboEngage  Dashboard/span_Broadcasting (1)' is clicked on

2019-04-08 13:02:26 - [TEST_STEP][PASSED] - click(findTestObject("Page_KiboEngage  Dashboard/span_Broadcasts")): Object: 'Object Repository/Page_KiboEngage  Dashboard/span_Broadcasts' is clicked on

2019-04-08 13:02:26 - [MESSAGE][PASSED] - Object: 'Object Repository/Page_KiboEngage  Dashboard/span_Broadcasts' is clicked on

2019-04-08 13:02:26 - [TEST_STEP][PASSED] - click(findTestObject("Object Repository/Page_KiboEngage  Broadcasts/h3_Broadcasts (1)")): Object: 'Object Repository/Page_KiboEngage  Broadcasts/h3_Broadcasts (1)' is clicked on

2019-04-08 13:02:26 - [MESSAGE][PASSED] - Object: 'Object Repository/Page_KiboEngage  Broadcasts/h3_Broadcasts (1)' is clicked on

2019-04-08 13:02:26 - [TEST_STEP][PASSED] - delay(1): Delayed 1 second(s)

2019-04-08 13:02:27 - [MESSAGE][PASSED] - Delayed 1 second(s)

2019-04-08 13:02:27 - [TEST_STEP][PASSED] - click(findTestObject("Object Repository/Page_KiboEngage  Broadcasts/span_Create New")): Object: 'Object Repository/Page_KiboEngage  Broadcasts/span_Create New' is clicked on

2019-04-08 13:02:27 - [MESSAGE][PASSED] - Object: 'Object Repository/Page_KiboEngage  Broadcasts/span_Create New' is clicked on

2019-04-08 13:02:27 - [TEST_STEP][PASSED] - click(findTestObject("Object Repository/Page_KiboEngage  Broadcasts/button_Create New Broadcast")): Object: 'Object Repository/Page_KiboEngage  Broadcasts/button_Create New Broadcast' is clicked on

2019-04-08 13:02:28 - [MESSAGE][PASSED] - Object: 'Object Repository/Page_KiboEngage  Broadcasts/button_Create New Broadcast' is clicked on

2019-04-08 13:02:28 - [TEST_STEP][PASSED] - delay(1): Delayed 1 second(s)

2019-04-08 13:02:29 - [MESSAGE][PASSED] - Delayed 1 second(s)

2019-04-08 13:02:29 - [TEST_STEP][PASSED] - click(findTestObject("Object Repository/Page_KiboEngage  Broadcasts/span_Send")): Object: 'Object Repository/Page_KiboEngage  Broadcasts/span_Send' is clicked on

2019-04-08 13:02:29 - [MESSAGE][PASSED] - Object: 'Object Repository/Page_KiboEngage  Broadcasts/span_Send' is clicked on

2019-04-08 13:02:29 - [TEST_STEP][PASSED] - click(findTestObject("Object Repository/Page_KiboEngage  Broadcasts/div_Please enter the title of the broadcast")): Object: 'Object Repository/Page_KiboEngage  Broadcasts/div_Please enter the title of the broadcast' is clicked on

2019-04-08 13:02:29 - [MESSAGE][PASSED] - Object: 'Object Repository/Page_KiboEngage  Broadcasts/div_Please enter the title of the broadcast' is clicked on]]></system-out>
         <system-err><![CDATA[]]></system-err>
      </testcase>
      <testcase name="Test Cases/SMS/sms broadcast/TC11178" classname="Test Cases/SMS/sms broadcast/TC11178" status="PASSED">
         <system-out><![CDATA[2019-04-08 13:02:29 - [TEST_CASE][PASSED] - Test Cases/SMS/sms broadcast/TC11178: Test Cases/SMS/sms broadcast/TC11178

2019-04-08 13:02:29 - [TEST_STEP][PASSED] - callTestCase(findTestCase("SMS/SMSPlatform"), [:], STOP_ON_FAILURE): Call Test Case 'Test Cases/SMS/SMSPlatform' successfully

2019-04-08 13:02:29 - [TEST_CASE][PASSED] - Test Cases/SMS/SMSPlatform: Test Cases/SMS/SMSPlatform

2019-04-08 13:02:29 - [TEST_STEP][PASSED] - callTestCase(findTestCase("s-sidebar_navigation/individualAccount/Dashboard"), [:], STOP_ON_FAILURE): Call Test Case 'Test Cases/s-sidebar_navigation/individualAccount/Dashboard' successfully

2019-04-08 13:02:29 - [TEST_CASE][PASSED] - Test Cases/s-sidebar_navigation/individualAccount/Dashboard: Test Cases/s-sidebar_navigation/individualAccount/Dashboard

2019-04-08 13:02:29 - [TEST_STEP][PASSED] - callTestCase(findTestCase("s-sidebar_navigation/individualAccount/Login-KiboEngage"), [:], STOP_ON_FAILURE): Call Test Case 'Test Cases/s-sidebar_navigation/individualAccount/Login-KiboEngage' successfully

2019-04-08 13:02:29 - [TEST_CASE][PASSED] - Test Cases/s-sidebar_navigation/individualAccount/Login-KiboEngage: Test Cases/s-sidebar_navigation/individualAccount/Login-KiboEngage

2019-04-08 13:02:29 - [TEST_STEP][PASSED] - openBrowser(""): Browser is opened with url: ''

2019-04-08 13:02:29 - [MESSAGE][WARNING] - A browser is already opened. Closing browser and opening a new one

2019-04-08 13:02:29 - [MESSAGE][INFO] - Starting 'Chrome' driver

2019-04-08 13:02:29 - [MESSAGE][PASSED] - Browser is opened with url: ''

2019-04-08 13:02:29 - [TEST_STEP][PASSED] - maximizeWindow(): Current window maximized

2019-04-08 13:02:29 - [MESSAGE][PASSED] - Current window maximized

2019-04-08 13:02:29 - [TEST_STEP][PASSED] - navigateToUrl("https://kiboengage.cloudkibo.com/"): Navigate to 'https://kiboengage.cloudkibo.com/' successfully

2019-04-08 13:02:42 - [MESSAGE][PASSED] - Navigate to 'https://kiboengage.cloudkibo.com/' successfully

2019-04-08 13:02:42 - [TEST_STEP][PASSED] - navigateToUrl("https://accounts.cloudkibo.com/?continue=https://kiboengage.cloudkibo.com"): Navigate to 'https://accounts.cloudkibo.com/?continue=https://kiboengage.cloudkibo.com' successfully

2019-04-08 13:02:42 - [MESSAGE][PASSED] - Navigate to 'https://accounts.cloudkibo.com/?continue=https://kiboengage.cloudkibo.com' successfully

2019-04-08 13:02:42 - [TEST_STEP][PASSED] - click(findTestObject("Page_KiboPush/a_Login (9) (1)")): Object: 'Object Repository/Page_KiboPush/a_Login (9) (1)' is clicked on

2019-04-08 13:02:43 - [MESSAGE][PASSED] - Object: 'Object Repository/Page_KiboPush/a_Login (9) (1)' is clicked on

2019-04-08 13:02:43 - [TEST_STEP][PASSED] - setText(findTestObject("Page_KiboPush/input_email (10) (1)"), "individual@cloudkibo.com"): Text 'individual@cloudkibo.com' is set on object 'Object Repository/Page_KiboPush/input_email (10) (1)'

2019-04-08 13:02:43 - [MESSAGE][PASSED] - Text 'individual@cloudkibo.com' is set on object 'Object Repository/Page_KiboPush/input_email (10) (1)'

2019-04-08 13:02:43 - [TEST_STEP][PASSED] - setEncryptedText(findTestObject("Page_KiboPush/input_password (9) (1)"), "RigbBhfdqOBGNlJIWM1ClA=="): Text ****** has been set on object 'Object Repository/Page_KiboPush/input_password (9) (1)'

2019-04-08 13:02:43 - [MESSAGE][PASSED] - Text ****** has been set on object 'Object Repository/Page_KiboPush/input_password (9) (1)'

2019-04-08 13:02:43 - [TEST_STEP][PASSED] - click(findTestObject("Page_KiboPush/button_Sign In (10) (1)")): Object: 'Object Repository/Page_KiboPush/button_Sign In (10) (1)' is clicked on

2019-04-08 13:02:43 - [MESSAGE][PASSED] - Object: 'Object Repository/Page_KiboPush/button_Sign In (10) (1)' is clicked on

2019-04-08 13:02:43 - [TEST_STEP][PASSED] - navigateToUrl("https://kiboengage.cloudkibo.com/dashboard"): Navigate to 'https://kiboengage.cloudkibo.com/dashboard' successfully

2019-04-08 13:02:53 - [MESSAGE][PASSED] - Navigate to 'https://kiboengage.cloudkibo.com/dashboard' successfully

2019-04-08 13:02:53 - [TEST_STEP][PASSED] - click(findTestObject("Page_KiboPush  Dashboard/h3_Dashboard (57)")): Object: 'Object Repository/Page_KiboPush  Dashboard/h3_Dashboard (57)' is clicked on

2019-04-08 13:02:53 - [MESSAGE][PASSED] - Object: 'Object Repository/Page_KiboPush  Dashboard/h3_Dashboard (57)' is clicked on

2019-04-08 13:02:53 - [TEST_STEP][PASSED] - delay(3): Delayed 3 second(s)

2019-04-08 13:02:56 - [MESSAGE][PASSED] - Delayed 3 second(s)

2019-04-08 13:02:56 - [TEST_STEP][PASSED] - click(findTestObject("Object Repository/Page_KiboEngage  Dashboard/a_SMS (2)")): Object: 'Object Repository/Page_KiboEngage  Dashboard/a_SMS (2)' is clicked on

2019-04-08 13:02:56 - [MESSAGE][PASSED] - Object: 'Object Repository/Page_KiboEngage  Dashboard/a_SMS (2)' is clicked on

2019-04-08 13:02:56 - [TEST_STEP][PASSED] - click(findTestObject("Object Repository/Page_KiboEngage  Dashboard/span_Messenger")): Object: 'Object Repository/Page_KiboEngage  Dashboard/span_Messenger' is clicked on

2019-04-08 13:02:56 - [MESSAGE][PASSED] - Object: 'Object Repository/Page_KiboEngage  Dashboard/span_Messenger' is clicked on

2019-04-08 13:02:56 - [MESSAGE][PASSED] - Call Test Case 'Test Cases/s-sidebar_navigation/individualAccount/Login-KiboEngage' successfully

2019-04-08 13:02:56 - [TEST_STEP][PASSED] - click(findTestObject("Page_KiboPush  Dashboard/h3_Dashboard")): Object: 'Object Repository/Page_KiboPush  Dashboard/h3_Dashboard' is clicked on

2019-04-08 13:02:56 - [MESSAGE][PASSED] - Object: 'Object Repository/Page_KiboPush  Dashboard/h3_Dashboard' is clicked on

2019-04-08 13:02:56 - [TEST_STEP][PASSED] - click(findTestObject("Page_KiboPush  Dashboard/span_Dashboard")): Object: 'Object Repository/Page_KiboPush  Dashboard/span_Dashboard' is clicked on

2019-04-08 13:02:56 - [MESSAGE][PASSED] - Object: 'Object Repository/Page_KiboPush  Dashboard/span_Dashboard' is clicked on

2019-04-08 13:02:56 - [MESSAGE][PASSED] - Call Test Case 'Test Cases/s-sidebar_navigation/individualAccount/Dashboard' successfully

2019-04-08 13:02:56 - [TEST_STEP][PASSED] - click(findTestObject("Page_KiboEngage  Dashboard/a_SMS (1)")): Object: 'Object Repository/Page_KiboEngage  Dashboard/a_SMS (1)' is clicked on

2019-04-08 13:02:56 - [MESSAGE][PASSED] - Object: 'Object Repository/Page_KiboEngage  Dashboard/a_SMS (1)' is clicked on

2019-04-08 13:02:56 - [TEST_STEP][PASSED] - click(findTestObject("Page_KiboEngage  Dashboard/span_SMS (1)")): Object: 'Object Repository/Page_KiboEngage  Dashboard/span_SMS (1)' is clicked on

2019-04-08 13:02:57 - [MESSAGE][PASSED] - Object: 'Object Repository/Page_KiboEngage  Dashboard/span_SMS (1)' is clicked on

2019-04-08 13:02:57 - [MESSAGE][PASSED] - Call Test Case 'Test Cases/SMS/SMSPlatform' successfully

2019-04-08 13:02:57 - [TEST_STEP][PASSED] - click(findTestObject("Page_KiboEngage  Dashboard/span_Broadcasting (1)")): Object: 'Object Repository/Page_KiboEngage  Dashboard/span_Broadcasting (1)' is clicked on

2019-04-08 13:02:57 - [MESSAGE][PASSED] - Object: 'Object Repository/Page_KiboEngage  Dashboard/span_Broadcasting (1)' is clicked on

2019-04-08 13:02:57 - [TEST_STEP][PASSED] - click(findTestObject("Page_KiboEngage  Dashboard/span_Broadcasts")): Object: 'Object Repository/Page_KiboEngage  Dashboard/span_Broadcasts' is clicked on

2019-04-08 13:02:57 - [MESSAGE][PASSED] - Object: 'Object Repository/Page_KiboEngage  Dashboard/span_Broadcasts' is clicked on

2019-04-08 13:02:57 - [TEST_STEP][PASSED] - click(findTestObject("Page_KiboEngage  Broadcasts/h3_Broadcasts (1) (1)")): Object: 'Object Repository/Page_KiboEngage  Broadcasts/h3_Broadcasts (1) (1)' is clicked on

2019-04-08 13:02:57 - [MESSAGE][PASSED] - Object: 'Object Repository/Page_KiboEngage  Broadcasts/h3_Broadcasts (1) (1)' is clicked on

2019-04-08 13:02:57 - [TEST_STEP][PASSED] - delay(1): Delayed 1 second(s)

2019-04-08 13:02:58 - [MESSAGE][PASSED] - Delayed 1 second(s)

2019-04-08 13:02:58 - [TEST_STEP][PASSED] - click(findTestObject("Page_KiboEngage  Broadcasts/span_Create New (1)")): Object: 'Object Repository/Page_KiboEngage  Broadcasts/span_Create New (1)' is clicked on

2019-04-08 13:02:58 - [MESSAGE][PASSED] - Object: 'Object Repository/Page_KiboEngage  Broadcasts/span_Create New (1)' is clicked on

2019-04-08 13:02:58 - [TEST_STEP][PASSED] - click(findTestObject("Page_KiboEngage  Broadcasts/button_Create New Broadcast (1)")): Object: 'Object Repository/Page_KiboEngage  Broadcasts/button_Create New Broadcast (1)' is clicked on

2019-04-08 13:02:58 - [MESSAGE][PASSED] - Object: 'Object Repository/Page_KiboEngage  Broadcasts/button_Create New Broadcast (1)' is clicked on

2019-04-08 13:02:58 - [TEST_STEP][PASSED] - delay(1): Delayed 1 second(s)

2019-04-08 13:02:59 - [MESSAGE][PASSED] - Delayed 1 second(s)

2019-04-08 13:02:59 - [TEST_STEP][PASSED] - setText(findTestObject("Page_KiboEngage  Broadcasts/textarea_HELLO"), "HELLO"): Text 'HELLO' is set on object 'Object Repository/Page_KiboEngage  Broadcasts/textarea_HELLO'

2019-04-08 13:02:59 - [MESSAGE][PASSED] - Text 'HELLO' is set on object 'Object Repository/Page_KiboEngage  Broadcasts/textarea_HELLO'

2019-04-08 13:02:59 - [TEST_STEP][PASSED] - click(findTestObject("Page_KiboEngage  Broadcasts/span_Send (1)")): Object: 'Object Repository/Page_KiboEngage  Broadcasts/span_Send (1)' is clicked on

2019-04-08 13:02:59 - [MESSAGE][PASSED] - Object: 'Object Repository/Page_KiboEngage  Broadcasts/span_Send (1)' is clicked on

2019-04-08 13:02:59 - [TEST_STEP][PASSED] - click(findTestObject("Page_KiboEngage  Broadcasts/div_Please enter the title of the broadcast (1)")): Object: 'Object Repository/Page_KiboEngage  Broadcasts/div_Please enter the title of the broadcast (1)' is clicked on

2019-04-08 13:02:59 - [MESSAGE][PASSED] - Object: 'Object Repository/Page_KiboEngage  Broadcasts/div_Please enter the title of the broadcast (1)' is clicked on]]></system-out>
         <system-err><![CDATA[]]></system-err>
      </testcase>
      <testcase name="Test Cases/SMS/sms broadcast/TC11179" classname="Test Cases/SMS/sms broadcast/TC11179" status="PASSED">
         <system-out><![CDATA[2019-04-08 13:02:59 - [TEST_CASE][PASSED] - Test Cases/SMS/sms broadcast/TC11179: Test Cases/SMS/sms broadcast/TC11179

2019-04-08 13:02:59 - [TEST_STEP][PASSED] - callTestCase(findTestCase("SMS/SMSPlatform"), [:], STOP_ON_FAILURE): Call Test Case 'Test Cases/SMS/SMSPlatform' successfully

2019-04-08 13:03:00 - [TEST_CASE][PASSED] - Test Cases/SMS/SMSPlatform: Test Cases/SMS/SMSPlatform

2019-04-08 13:03:00 - [TEST_STEP][PASSED] - callTestCase(findTestCase("s-sidebar_navigation/individualAccount/Dashboard"), [:], STOP_ON_FAILURE): Call Test Case 'Test Cases/s-sidebar_navigation/individualAccount/Dashboard' successfully

2019-04-08 13:03:00 - [TEST_CASE][PASSED] - Test Cases/s-sidebar_navigation/individualAccount/Dashboard: Test Cases/s-sidebar_navigation/individualAccount/Dashboard

2019-04-08 13:03:00 - [TEST_STEP][PASSED] - callTestCase(findTestCase("s-sidebar_navigation/individualAccount/Login-KiboEngage"), [:], STOP_ON_FAILURE): Call Test Case 'Test Cases/s-sidebar_navigation/individualAccount/Login-KiboEngage' successfully

2019-04-08 13:03:00 - [TEST_CASE][PASSED] - Test Cases/s-sidebar_navigation/individualAccount/Login-KiboEngage: Test Cases/s-sidebar_navigation/individualAccount/Login-KiboEngage

2019-04-08 13:03:00 - [TEST_STEP][PASSED] - openBrowser(""): Browser is opened with url: ''

2019-04-08 13:03:00 - [MESSAGE][WARNING] - A browser is already opened. Closing browser and opening a new one

2019-04-08 13:03:00 - [MESSAGE][INFO] - Starting 'Chrome' driver

2019-04-08 13:03:00 - [MESSAGE][PASSED] - Browser is opened with url: ''

2019-04-08 13:03:00 - [TEST_STEP][PASSED] - maximizeWindow(): Current window maximized

2019-04-08 13:03:00 - [MESSAGE][PASSED] - Current window maximized

2019-04-08 13:03:00 - [TEST_STEP][PASSED] - navigateToUrl("https://kiboengage.cloudkibo.com/"): Navigate to 'https://kiboengage.cloudkibo.com/' successfully

2019-04-08 13:03:08 - [MESSAGE][PASSED] - Navigate to 'https://kiboengage.cloudkibo.com/' successfully

2019-04-08 13:03:08 - [TEST_STEP][PASSED] - navigateToUrl("https://accounts.cloudkibo.com/?continue=https://kiboengage.cloudkibo.com"): Navigate to 'https://accounts.cloudkibo.com/?continue=https://kiboengage.cloudkibo.com' successfully

2019-04-08 13:03:08 - [MESSAGE][PASSED] - Navigate to 'https://accounts.cloudkibo.com/?continue=https://kiboengage.cloudkibo.com' successfully

2019-04-08 13:03:08 - [TEST_STEP][PASSED] - click(findTestObject("Page_KiboPush/a_Login (9) (1)")): Object: 'Object Repository/Page_KiboPush/a_Login (9) (1)' is clicked on

2019-04-08 13:03:09 - [MESSAGE][PASSED] - Object: 'Object Repository/Page_KiboPush/a_Login (9) (1)' is clicked on

2019-04-08 13:03:09 - [TEST_STEP][PASSED] - setText(findTestObject("Page_KiboPush/input_email (10) (1)"), "individual@cloudkibo.com"): Text 'individual@cloudkibo.com' is set on object 'Object Repository/Page_KiboPush/input_email (10) (1)'

2019-04-08 13:03:09 - [MESSAGE][PASSED] - Text 'individual@cloudkibo.com' is set on object 'Object Repository/Page_KiboPush/input_email (10) (1)'

2019-04-08 13:03:09 - [TEST_STEP][PASSED] - setEncryptedText(findTestObject("Page_KiboPush/input_password (9) (1)"), "RigbBhfdqOBGNlJIWM1ClA=="): Text ****** has been set on object 'Object Repository/Page_KiboPush/input_password (9) (1)'

2019-04-08 13:03:09 - [MESSAGE][PASSED] - Text ****** has been set on object 'Object Repository/Page_KiboPush/input_password (9) (1)'

2019-04-08 13:03:09 - [TEST_STEP][PASSED] - click(findTestObject("Page_KiboPush/button_Sign In (10) (1)")): Object: 'Object Repository/Page_KiboPush/button_Sign In (10) (1)' is clicked on

2019-04-08 13:03:09 - [MESSAGE][PASSED] - Object: 'Object Repository/Page_KiboPush/button_Sign In (10) (1)' is clicked on

2019-04-08 13:03:09 - [TEST_STEP][PASSED] - navigateToUrl("https://kiboengage.cloudkibo.com/dashboard"): Navigate to 'https://kiboengage.cloudkibo.com/dashboard' successfully

2019-04-08 13:03:32 - [MESSAGE][PASSED] - Navigate to 'https://kiboengage.cloudkibo.com/dashboard' successfully

2019-04-08 13:03:32 - [TEST_STEP][PASSED] - click(findTestObject("Page_KiboPush  Dashboard/h3_Dashboard (57)")): Object: 'Object Repository/Page_KiboPush  Dashboard/h3_Dashboard (57)' is clicked on

2019-04-08 13:03:32 - [MESSAGE][PASSED] - Object: 'Object Repository/Page_KiboPush  Dashboard/h3_Dashboard (57)' is clicked on

2019-04-08 13:03:32 - [TEST_STEP][PASSED] - delay(3): Delayed 3 second(s)

2019-04-08 13:03:35 - [MESSAGE][PASSED] - Delayed 3 second(s)

2019-04-08 13:03:35 - [TEST_STEP][PASSED] - click(findTestObject("Object Repository/Page_KiboEngage  Dashboard/a_SMS (2)")): Object: 'Object Repository/Page_KiboEngage  Dashboard/a_SMS (2)' is clicked on

2019-04-08 13:03:35 - [MESSAGE][PASSED] - Object: 'Object Repository/Page_KiboEngage  Dashboard/a_SMS (2)' is clicked on

2019-04-08 13:03:35 - [TEST_STEP][PASSED] - click(findTestObject("Object Repository/Page_KiboEngage  Dashboard/span_Messenger")): Object: 'Object Repository/Page_KiboEngage  Dashboard/span_Messenger' is clicked on

2019-04-08 13:03:35 - [MESSAGE][PASSED] - Object: 'Object Repository/Page_KiboEngage  Dashboard/span_Messenger' is clicked on

2019-04-08 13:03:35 - [MESSAGE][PASSED] - Call Test Case 'Test Cases/s-sidebar_navigation/individualAccount/Login-KiboEngage' successfully

2019-04-08 13:03:35 - [TEST_STEP][PASSED] - click(findTestObject("Page_KiboPush  Dashboard/h3_Dashboard")): Object: 'Object Repository/Page_KiboPush  Dashboard/h3_Dashboard' is clicked on

2019-04-08 13:03:35 - [MESSAGE][PASSED] - Object: 'Object Repository/Page_KiboPush  Dashboard/h3_Dashboard' is clicked on

2019-04-08 13:03:35 - [TEST_STEP][PASSED] - click(findTestObject("Page_KiboPush  Dashboard/span_Dashboard")): Object: 'Object Repository/Page_KiboPush  Dashboard/span_Dashboard' is clicked on

2019-04-08 13:03:35 - [MESSAGE][PASSED] - Object: 'Object Repository/Page_KiboPush  Dashboard/span_Dashboard' is clicked on

2019-04-08 13:03:35 - [MESSAGE][PASSED] - Call Test Case 'Test Cases/s-sidebar_navigation/individualAccount/Dashboard' successfully

2019-04-08 13:03:35 - [TEST_STEP][PASSED] - click(findTestObject("Page_KiboEngage  Dashboard/a_SMS (1)")): Object: 'Object Repository/Page_KiboEngage  Dashboard/a_SMS (1)' is clicked on

2019-04-08 13:03:35 - [MESSAGE][PASSED] - Object: 'Object Repository/Page_KiboEngage  Dashboard/a_SMS (1)' is clicked on

2019-04-08 13:03:35 - [TEST_STEP][PASSED] - click(findTestObject("Page_KiboEngage  Dashboard/span_SMS (1)")): Object: 'Object Repository/Page_KiboEngage  Dashboard/span_SMS (1)' is clicked on

2019-04-08 13:03:35 - [MESSAGE][PASSED] - Object: 'Object Repository/Page_KiboEngage  Dashboard/span_SMS (1)' is clicked on

2019-04-08 13:03:35 - [MESSAGE][PASSED] - Call Test Case 'Test Cases/SMS/SMSPlatform' successfully

2019-04-08 13:03:35 - [TEST_STEP][PASSED] - delay(1): Delayed 1 second(s)

2019-04-08 13:03:36 - [MESSAGE][PASSED] - Delayed 1 second(s)

2019-04-08 13:03:36 - [TEST_STEP][PASSED] - click(findTestObject("Page_KiboEngage  Dashboard/span_Broadcasting (1)")): Object: 'Object Repository/Page_KiboEngage  Dashboard/span_Broadcasting (1)' is clicked on

2019-04-08 13:03:36 - [MESSAGE][PASSED] - Object: 'Object Repository/Page_KiboEngage  Dashboard/span_Broadcasting (1)' is clicked on

2019-04-08 13:03:36 - [TEST_STEP][PASSED] - click(findTestObject("Page_KiboEngage  Dashboard/span_Broadcasts")): Object: 'Object Repository/Page_KiboEngage  Dashboard/span_Broadcasts' is clicked on

2019-04-08 13:03:36 - [MESSAGE][PASSED] - Object: 'Object Repository/Page_KiboEngage  Dashboard/span_Broadcasts' is clicked on

2019-04-08 13:03:36 - [TEST_STEP][PASSED] - click(findTestObject("Object Repository/Page_KiboEngage  Broadcasts/h3_Broadcasts (1) (1) (1)")): Object: 'Object Repository/Page_KiboEngage  Broadcasts/h3_Broadcasts (1) (1) (1)' is clicked on

2019-04-08 13:03:36 - [MESSAGE][PASSED] - Object: 'Object Repository/Page_KiboEngage  Broadcasts/h3_Broadcasts (1) (1) (1)' is clicked on

2019-04-08 13:03:36 - [TEST_STEP][PASSED] - delay(1): Delayed 1 second(s)

2019-04-08 13:03:37 - [MESSAGE][PASSED] - Delayed 1 second(s)

2019-04-08 13:03:37 - [TEST_STEP][PASSED] - click(findTestObject("Object Repository/Page_KiboEngage  Broadcasts/span_Create New (1) (1)")): Object: 'Object Repository/Page_KiboEngage  Broadcasts/span_Create New (1) (1)' is clicked on

2019-04-08 13:03:38 - [MESSAGE][PASSED] - Object: 'Object Repository/Page_KiboEngage  Broadcasts/span_Create New (1) (1)' is clicked on

2019-04-08 13:03:38 - [TEST_STEP][PASSED] - click(findTestObject("Object Repository/Page_KiboEngage  Broadcasts/button_Create New Broadcast (1) (1)")): Object: 'Object Repository/Page_KiboEngage  Broadcasts/button_Create New Broadcast (1) (1)' is clicked on

2019-04-08 13:03:38 - [MESSAGE][PASSED] - Object: 'Object Repository/Page_KiboEngage  Broadcasts/button_Create New Broadcast (1) (1)' is clicked on

2019-04-08 13:03:38 - [TEST_STEP][PASSED] - delay(1): Delayed 1 second(s)

2019-04-08 13:03:39 - [MESSAGE][PASSED] - Delayed 1 second(s)

2019-04-08 13:03:39 - [TEST_STEP][PASSED] - setText(findTestObject("Object Repository/Page_KiboEngage  Broadcasts/input_Push Message_form-control m-input"), "faizan"): Text 'faizan' is set on object 'Object Repository/Page_KiboEngage  Broadcasts/input_Push Message_form-control m-input'

2019-04-08 13:03:39 - [MESSAGE][PASSED] - Text 'faizan' is set on object 'Object Repository/Page_KiboEngage  Broadcasts/input_Push Message_form-control m-input'

2019-04-08 13:03:39 - [TEST_STEP][PASSED] - click(findTestObject("Object Repository/Page_KiboEngage  Broadcasts/span_Send (2)")): Object: 'Object Repository/Page_KiboEngage  Broadcasts/span_Send (2)' is clicked on

2019-04-08 13:03:39 - [MESSAGE][PASSED] - Object: 'Object Repository/Page_KiboEngage  Broadcasts/span_Send (2)' is clicked on

2019-04-08 13:03:39 - [TEST_STEP][PASSED] - click(findTestObject("Object Repository/Page_KiboEngage  Broadcasts/div_Please enter the message to send")): Object: 'Object Repository/Page_KiboEngage  Broadcasts/div_Please enter the message to send' is clicked on

2019-04-08 13:03:39 - [MESSAGE][PASSED] - Object: 'Object Repository/Page_KiboEngage  Broadcasts/div_Please enter the message to send' is clicked on]]></system-out>
         <system-err><![CDATA[]]></system-err>
      </testcase>
      <testcase name="Test Cases/SMS/sms broadcast/TC11181" classname="Test Cases/SMS/sms broadcast/TC11181" status="PASSED">
         <system-out><![CDATA[2019-04-08 13:03:39 - [TEST_CASE][PASSED] - Test Cases/SMS/sms broadcast/TC11181: Test Cases/SMS/sms broadcast/TC11181

2019-04-08 13:03:39 - [TEST_STEP][PASSED] - callTestCase(findTestCase("SMS/SMSPlatform"), [:], STOP_ON_FAILURE): Call Test Case 'Test Cases/SMS/SMSPlatform' successfully

2019-04-08 13:03:39 - [TEST_CASE][PASSED] - Test Cases/SMS/SMSPlatform: Test Cases/SMS/SMSPlatform

2019-04-08 13:03:39 - [TEST_STEP][PASSED] - callTestCase(findTestCase("s-sidebar_navigation/individualAccount/Dashboard"), [:], STOP_ON_FAILURE): Call Test Case 'Test Cases/s-sidebar_navigation/individualAccount/Dashboard' successfully

2019-04-08 13:03:39 - [TEST_CASE][PASSED] - Test Cases/s-sidebar_navigation/individualAccount/Dashboard: Test Cases/s-sidebar_navigation/individualAccount/Dashboard

2019-04-08 13:03:39 - [TEST_STEP][PASSED] - callTestCase(findTestCase("s-sidebar_navigation/individualAccount/Login-KiboEngage"), [:], STOP_ON_FAILURE): Call Test Case 'Test Cases/s-sidebar_navigation/individualAccount/Login-KiboEngage' successfully

2019-04-08 13:03:39 - [TEST_CASE][PASSED] - Test Cases/s-sidebar_navigation/individualAccount/Login-KiboEngage: Test Cases/s-sidebar_navigation/individualAccount/Login-KiboEngage

2019-04-08 13:03:39 - [TEST_STEP][PASSED] - openBrowser(""): Browser is opened with url: ''

2019-04-08 13:03:39 - [MESSAGE][WARNING] - A browser is already opened. Closing browser and opening a new one

2019-04-08 13:03:39 - [MESSAGE][INFO] - Starting 'Chrome' driver

2019-04-08 13:03:40 - [MESSAGE][PASSED] - Browser is opened with url: ''

2019-04-08 13:03:40 - [TEST_STEP][PASSED] - maximizeWindow(): Current window maximized

2019-04-08 13:03:40 - [MESSAGE][PASSED] - Current window maximized

2019-04-08 13:03:40 - [TEST_STEP][PASSED] - navigateToUrl("https://kiboengage.cloudkibo.com/"): Navigate to 'https://kiboengage.cloudkibo.com/' successfully

2019-04-08 13:03:47 - [MESSAGE][PASSED] - Navigate to 'https://kiboengage.cloudkibo.com/' successfully

2019-04-08 13:03:47 - [TEST_STEP][PASSED] - navigateToUrl("https://accounts.cloudkibo.com/?continue=https://kiboengage.cloudkibo.com"): Navigate to 'https://accounts.cloudkibo.com/?continue=https://kiboengage.cloudkibo.com' successfully

2019-04-08 13:03:48 - [MESSAGE][PASSED] - Navigate to 'https://accounts.cloudkibo.com/?continue=https://kiboengage.cloudkibo.com' successfully

2019-04-08 13:03:48 - [TEST_STEP][PASSED] - click(findTestObject("Page_KiboPush/a_Login (9) (1)")): Object: 'Object Repository/Page_KiboPush/a_Login (9) (1)' is clicked on

2019-04-08 13:03:48 - [MESSAGE][PASSED] - Object: 'Object Repository/Page_KiboPush/a_Login (9) (1)' is clicked on

2019-04-08 13:03:48 - [TEST_STEP][PASSED] - setText(findTestObject("Page_KiboPush/input_email (10) (1)"), "individual@cloudkibo.com"): Text 'individual@cloudkibo.com' is set on object 'Object Repository/Page_KiboPush/input_email (10) (1)'

2019-04-08 13:03:49 - [MESSAGE][PASSED] - Text 'individual@cloudkibo.com' is set on object 'Object Repository/Page_KiboPush/input_email (10) (1)'

2019-04-08 13:03:49 - [TEST_STEP][PASSED] - setEncryptedText(findTestObject("Page_KiboPush/input_password (9) (1)"), "RigbBhfdqOBGNlJIWM1ClA=="): Text ****** has been set on object 'Object Repository/Page_KiboPush/input_password (9) (1)'

2019-04-08 13:03:49 - [MESSAGE][PASSED] - Text ****** has been set on object 'Object Repository/Page_KiboPush/input_password (9) (1)'

2019-04-08 13:03:49 - [TEST_STEP][PASSED] - click(findTestObject("Page_KiboPush/button_Sign In (10) (1)")): Object: 'Object Repository/Page_KiboPush/button_Sign In (10) (1)' is clicked on

2019-04-08 13:03:49 - [MESSAGE][PASSED] - Object: 'Object Repository/Page_KiboPush/button_Sign In (10) (1)' is clicked on

2019-04-08 13:03:49 - [TEST_STEP][PASSED] - navigateToUrl("https://kiboengage.cloudkibo.com/dashboard"): Navigate to 'https://kiboengage.cloudkibo.com/dashboard' successfully

2019-04-08 13:04:01 - [MESSAGE][PASSED] - Navigate to 'https://kiboengage.cloudkibo.com/dashboard' successfully

2019-04-08 13:04:01 - [TEST_STEP][PASSED] - click(findTestObject("Page_KiboPush  Dashboard/h3_Dashboard (57)")): Object: 'Object Repository/Page_KiboPush  Dashboard/h3_Dashboard (57)' is clicked on

2019-04-08 13:04:02 - [MESSAGE][PASSED] - Object: 'Object Repository/Page_KiboPush  Dashboard/h3_Dashboard (57)' is clicked on

2019-04-08 13:04:02 - [TEST_STEP][PASSED] - delay(3): Delayed 3 second(s)

2019-04-08 13:04:05 - [MESSAGE][PASSED] - Delayed 3 second(s)

2019-04-08 13:04:05 - [TEST_STEP][PASSED] - click(findTestObject("Object Repository/Page_KiboEngage  Dashboard/a_SMS (2)")): Object: 'Object Repository/Page_KiboEngage  Dashboard/a_SMS (2)' is clicked on

2019-04-08 13:04:05 - [MESSAGE][PASSED] - Object: 'Object Repository/Page_KiboEngage  Dashboard/a_SMS (2)' is clicked on

2019-04-08 13:04:05 - [TEST_STEP][PASSED] - click(findTestObject("Object Repository/Page_KiboEngage  Dashboard/span_Messenger")): Object: 'Object Repository/Page_KiboEngage  Dashboard/span_Messenger' is clicked on

2019-04-08 13:04:05 - [MESSAGE][PASSED] - Object: 'Object Repository/Page_KiboEngage  Dashboard/span_Messenger' is clicked on

2019-04-08 13:04:05 - [MESSAGE][PASSED] - Call Test Case 'Test Cases/s-sidebar_navigation/individualAccount/Login-KiboEngage' successfully

2019-04-08 13:04:05 - [TEST_STEP][PASSED] - click(findTestObject("Page_KiboPush  Dashboard/h3_Dashboard")): Object: 'Object Repository/Page_KiboPush  Dashboard/h3_Dashboard' is clicked on

2019-04-08 13:04:05 - [MESSAGE][PASSED] - Object: 'Object Repository/Page_KiboPush  Dashboard/h3_Dashboard' is clicked on

2019-04-08 13:04:05 - [TEST_STEP][PASSED] - click(findTestObject("Page_KiboPush  Dashboard/span_Dashboard")): Object: 'Object Repository/Page_KiboPush  Dashboard/span_Dashboard' is clicked on

2019-04-08 13:04:05 - [MESSAGE][PASSED] - Object: 'Object Repository/Page_KiboPush  Dashboard/span_Dashboard' is clicked on

2019-04-08 13:04:05 - [MESSAGE][PASSED] - Call Test Case 'Test Cases/s-sidebar_navigation/individualAccount/Dashboard' successfully

2019-04-08 13:04:05 - [TEST_STEP][PASSED] - click(findTestObject("Page_KiboEngage  Dashboard/a_SMS (1)")): Object: 'Object Repository/Page_KiboEngage  Dashboard/a_SMS (1)' is clicked on

2019-04-08 13:04:05 - [MESSAGE][PASSED] - Object: 'Object Repository/Page_KiboEngage  Dashboard/a_SMS (1)' is clicked on

2019-04-08 13:04:05 - [TEST_STEP][PASSED] - click(findTestObject("Page_KiboEngage  Dashboard/span_SMS (1)")): Object: 'Object Repository/Page_KiboEngage  Dashboard/span_SMS (1)' is clicked on

2019-04-08 13:04:05 - [MESSAGE][PASSED] - Object: 'Object Repository/Page_KiboEngage  Dashboard/span_SMS (1)' is clicked on

2019-04-08 13:04:05 - [MESSAGE][PASSED] - Call Test Case 'Test Cases/SMS/SMSPlatform' successfully

2019-04-08 13:04:05 - [TEST_STEP][PASSED] - delay(1): Delayed 1 second(s)

2019-04-08 13:04:06 - [MESSAGE][PASSED] - Delayed 1 second(s)

2019-04-08 13:04:06 - [TEST_STEP][PASSED] - click(findTestObject("Page_KiboEngage  Dashboard/span_Broadcasting (1)")): Object: 'Object Repository/Page_KiboEngage  Dashboard/span_Broadcasting (1)' is clicked on

2019-04-08 13:04:06 - [MESSAGE][PASSED] - Object: 'Object Repository/Page_KiboEngage  Dashboard/span_Broadcasting (1)' is clicked on

2019-04-08 13:04:06 - [TEST_STEP][PASSED] - click(findTestObject("Page_KiboEngage  Dashboard/span_Broadcasts")): Object: 'Object Repository/Page_KiboEngage  Dashboard/span_Broadcasts' is clicked on

2019-04-08 13:04:06 - [MESSAGE][PASSED] - Object: 'Object Repository/Page_KiboEngage  Dashboard/span_Broadcasts' is clicked on

2019-04-08 13:04:06 - [TEST_STEP][PASSED] - click(findTestObject("Object Repository/Page_KiboEngage  Broadcasts/h3_Broadcasts (1) (1) (1) (1)")): Object: 'Object Repository/Page_KiboEngage  Broadcasts/h3_Broadcasts (1) (1) (1) (1)' is clicked on

2019-04-08 13:04:06 - [MESSAGE][PASSED] - Object: 'Object Repository/Page_KiboEngage  Broadcasts/h3_Broadcasts (1) (1) (1) (1)' is clicked on

2019-04-08 13:04:06 - [TEST_STEP][PASSED] - delay(1): Delayed 1 second(s)

2019-04-08 13:04:07 - [MESSAGE][PASSED] - Delayed 1 second(s)

2019-04-08 13:04:07 - [TEST_STEP][PASSED] - click(findTestObject("Object Repository/Page_KiboEngage  Broadcasts/span_Create New (1) (1) (1)")): Object: 'Object Repository/Page_KiboEngage  Broadcasts/span_Create New (1) (1) (1)' is clicked on

2019-04-08 13:04:08 - [MESSAGE][PASSED] - Object: 'Object Repository/Page_KiboEngage  Broadcasts/span_Create New (1) (1) (1)' is clicked on

2019-04-08 13:04:08 - [TEST_STEP][PASSED] - click(findTestObject("Object Repository/Page_KiboEngage  Broadcasts/button_Create New Broadcast (1) (1) (1)")): Object: 'Object Repository/Page_KiboEngage  Broadcasts/button_Create New Broadcast (1) (1) (1)' is clicked on

2019-04-08 13:04:08 - [MESSAGE][PASSED] - Object: 'Object Repository/Page_KiboEngage  Broadcasts/button_Create New Broadcast (1) (1) (1)' is clicked on

2019-04-08 13:04:08 - [TEST_STEP][PASSED] - delay(1): Delayed 1 second(s)

2019-04-08 13:04:09 - [MESSAGE][PASSED] - Delayed 1 second(s)

2019-04-08 13:04:09 - [TEST_STEP][PASSED] - setText(findTestObject("Object Repository/Page_KiboEngage  Broadcasts/input_Push Message_form-control m-input (1)"), "faizan"): Text 'faizan' is set on object 'Object Repository/Page_KiboEngage  Broadcasts/input_Push Message_form-control m-input (1)'

2019-04-08 13:04:09 - [MESSAGE][PASSED] - Text 'faizan' is set on object 'Object Repository/Page_KiboEngage  Broadcasts/input_Push Message_form-control m-input (1)'

2019-04-08 13:04:09 - [TEST_STEP][PASSED] - setText(findTestObject("Object Repository/Page_KiboEngage  Broadcasts/textarea_HELLO (1)"), "HELLO"): Text 'HELLO' is set on object 'Object Repository/Page_KiboEngage  Broadcasts/textarea_HELLO (1)'

2019-04-08 13:04:09 - [MESSAGE][PASSED] - Text 'HELLO' is set on object 'Object Repository/Page_KiboEngage  Broadcasts/textarea_HELLO (1)'

2019-04-08 13:04:09 - [TEST_STEP][PASSED] - selectOptionByValue(findTestObject("Object Repository/Page_KiboEngage  Broadcasts/select_Select Criteriaiscontainsbegins with"), "is", true): All options with value 'is' are selected in object 'Object Repository/Page_KiboEngage  Broadcasts/select_Select Criteriaiscontainsbegins with'  using regular expression

2019-04-08 13:04:09 - [MESSAGE][PASSED] - All options with value 'is' are selected in object 'Object Repository/Page_KiboEngage  Broadcasts/select_Select Criteriaiscontainsbegins with'  using regular expression

2019-04-08 13:04:09 - [TEST_STEP][PASSED] - setText(findTestObject("Object Repository/Page_KiboEngage  Broadcasts/input_Value_text"), "ok"): Text 'ok' is set on object 'Object Repository/Page_KiboEngage  Broadcasts/input_Value_text'

2019-04-08 13:04:09 - [MESSAGE][PASSED] - Text 'ok' is set on object 'Object Repository/Page_KiboEngage  Broadcasts/input_Value_text'

2019-04-08 13:04:09 - [TEST_STEP][PASSED] - click(findTestObject("Object Repository/Page_KiboEngage  Broadcasts/span_Send (3)")): Object: 'Object Repository/Page_KiboEngage  Broadcasts/span_Send (3)' is clicked on

2019-04-08 13:04:09 - [MESSAGE][PASSED] - Object: 'Object Repository/Page_KiboEngage  Broadcasts/span_Send (3)' is clicked on

2019-04-08 13:04:09 - [TEST_STEP][PASSED] - click(findTestObject("Object Repository/Page_KiboEngage  Broadcasts/span_Please choose a valid condition")): Object: 'Object Repository/Page_KiboEngage  Broadcasts/span_Please choose a valid condition' is clicked on

2019-04-08 13:04:09 - [MESSAGE][PASSED] - Object: 'Object Repository/Page_KiboEngage  Broadcasts/span_Please choose a valid condition' is clicked on]]></system-out>
         <system-err><![CDATA[]]></system-err>
      </testcase>
      <testcase name="Test Cases/SMS/sms broadcast/TC11182" classname="Test Cases/SMS/sms broadcast/TC11182" status="PASSED">
         <system-out><![CDATA[2019-04-08 13:04:09 - [TEST_CASE][PASSED] - Test Cases/SMS/sms broadcast/TC11182: Test Cases/SMS/sms broadcast/TC11182

2019-04-08 13:04:09 - [TEST_STEP][PASSED] - callTestCase(findTestCase("SMS/SMSPlatform"), [:], STOP_ON_FAILURE): Call Test Case 'Test Cases/SMS/SMSPlatform' successfully

2019-04-08 13:04:10 - [TEST_CASE][PASSED] - Test Cases/SMS/SMSPlatform: Test Cases/SMS/SMSPlatform

2019-04-08 13:04:10 - [TEST_STEP][PASSED] - callTestCase(findTestCase("s-sidebar_navigation/individualAccount/Dashboard"), [:], STOP_ON_FAILURE): Call Test Case 'Test Cases/s-sidebar_navigation/individualAccount/Dashboard' successfully

2019-04-08 13:04:10 - [TEST_CASE][PASSED] - Test Cases/s-sidebar_navigation/individualAccount/Dashboard: Test Cases/s-sidebar_navigation/individualAccount/Dashboard

2019-04-08 13:04:10 - [TEST_STEP][PASSED] - callTestCase(findTestCase("s-sidebar_navigation/individualAccount/Login-KiboEngage"), [:], STOP_ON_FAILURE): Call Test Case 'Test Cases/s-sidebar_navigation/individualAccount/Login-KiboEngage' successfully

2019-04-08 13:04:10 - [TEST_CASE][PASSED] - Test Cases/s-sidebar_navigation/individualAccount/Login-KiboEngage: Test Cases/s-sidebar_navigation/individualAccount/Login-KiboEngage

2019-04-08 13:04:10 - [TEST_STEP][PASSED] - openBrowser(""): Browser is opened with url: ''

2019-04-08 13:04:10 - [MESSAGE][WARNING] - A browser is already opened. Closing browser and opening a new one

2019-04-08 13:04:10 - [MESSAGE][INFO] - Starting 'Chrome' driver

2019-04-08 13:04:10 - [MESSAGE][PASSED] - Browser is opened with url: ''

2019-04-08 13:04:10 - [TEST_STEP][PASSED] - maximizeWindow(): Current window maximized

2019-04-08 13:04:10 - [MESSAGE][PASSED] - Current window maximized

2019-04-08 13:04:10 - [TEST_STEP][PASSED] - navigateToUrl("https://kiboengage.cloudkibo.com/"): Navigate to 'https://kiboengage.cloudkibo.com/' successfully

2019-04-08 13:04:17 - [MESSAGE][PASSED] - Navigate to 'https://kiboengage.cloudkibo.com/' successfully

2019-04-08 13:04:17 - [TEST_STEP][PASSED] - navigateToUrl("https://accounts.cloudkibo.com/?continue=https://kiboengage.cloudkibo.com"): Navigate to 'https://accounts.cloudkibo.com/?continue=https://kiboengage.cloudkibo.com' successfully

2019-04-08 13:04:18 - [MESSAGE][PASSED] - Navigate to 'https://accounts.cloudkibo.com/?continue=https://kiboengage.cloudkibo.com' successfully

2019-04-08 13:04:18 - [TEST_STEP][PASSED] - click(findTestObject("Page_KiboPush/a_Login (9) (1)")): Object: 'Object Repository/Page_KiboPush/a_Login (9) (1)' is clicked on

2019-04-08 13:04:18 - [MESSAGE][PASSED] - Object: 'Object Repository/Page_KiboPush/a_Login (9) (1)' is clicked on

2019-04-08 13:04:18 - [TEST_STEP][PASSED] - setText(findTestObject("Page_KiboPush/input_email (10) (1)"), "individual@cloudkibo.com"): Text 'individual@cloudkibo.com' is set on object 'Object Repository/Page_KiboPush/input_email (10) (1)'

2019-04-08 13:04:18 - [MESSAGE][PASSED] - Text 'individual@cloudkibo.com' is set on object 'Object Repository/Page_KiboPush/input_email (10) (1)'

2019-04-08 13:04:18 - [TEST_STEP][PASSED] - setEncryptedText(findTestObject("Page_KiboPush/input_password (9) (1)"), "RigbBhfdqOBGNlJIWM1ClA=="): Text ****** has been set on object 'Object Repository/Page_KiboPush/input_password (9) (1)'

2019-04-08 13:04:18 - [MESSAGE][PASSED] - Text ****** has been set on object 'Object Repository/Page_KiboPush/input_password (9) (1)'

2019-04-08 13:04:18 - [TEST_STEP][PASSED] - click(findTestObject("Page_KiboPush/button_Sign In (10) (1)")): Object: 'Object Repository/Page_KiboPush/button_Sign In (10) (1)' is clicked on

2019-04-08 13:04:18 - [MESSAGE][PASSED] - Object: 'Object Repository/Page_KiboPush/button_Sign In (10) (1)' is clicked on

2019-04-08 13:04:18 - [TEST_STEP][PASSED] - navigateToUrl("https://kiboengage.cloudkibo.com/dashboard"): Navigate to 'https://kiboengage.cloudkibo.com/dashboard' successfully

2019-04-08 13:04:31 - [MESSAGE][PASSED] - Navigate to 'https://kiboengage.cloudkibo.com/dashboard' successfully

2019-04-08 13:04:31 - [TEST_STEP][PASSED] - click(findTestObject("Page_KiboPush  Dashboard/h3_Dashboard (57)")): Object: 'Object Repository/Page_KiboPush  Dashboard/h3_Dashboard (57)' is clicked on

2019-04-08 13:04:31 - [MESSAGE][PASSED] - Object: 'Object Repository/Page_KiboPush  Dashboard/h3_Dashboard (57)' is clicked on

2019-04-08 13:04:31 - [TEST_STEP][PASSED] - delay(3): Delayed 3 second(s)

2019-04-08 13:04:34 - [MESSAGE][PASSED] - Delayed 3 second(s)

2019-04-08 13:04:34 - [TEST_STEP][PASSED] - click(findTestObject("Object Repository/Page_KiboEngage  Dashboard/a_SMS (2)")): Object: 'Object Repository/Page_KiboEngage  Dashboard/a_SMS (2)' is clicked on

2019-04-08 13:04:35 - [MESSAGE][PASSED] - Object: 'Object Repository/Page_KiboEngage  Dashboard/a_SMS (2)' is clicked on

2019-04-08 13:04:35 - [TEST_STEP][PASSED] - click(findTestObject("Object Repository/Page_KiboEngage  Dashboard/span_Messenger")): Object: 'Object Repository/Page_KiboEngage  Dashboard/span_Messenger' is clicked on

2019-04-08 13:04:35 - [MESSAGE][PASSED] - Object: 'Object Repository/Page_KiboEngage  Dashboard/span_Messenger' is clicked on

2019-04-08 13:04:35 - [MESSAGE][PASSED] - Call Test Case 'Test Cases/s-sidebar_navigation/individualAccount/Login-KiboEngage' successfully

2019-04-08 13:04:35 - [TEST_STEP][PASSED] - click(findTestObject("Page_KiboPush  Dashboard/h3_Dashboard")): Object: 'Object Repository/Page_KiboPush  Dashboard/h3_Dashboard' is clicked on

2019-04-08 13:04:35 - [MESSAGE][PASSED] - Object: 'Object Repository/Page_KiboPush  Dashboard/h3_Dashboard' is clicked on

2019-04-08 13:04:35 - [TEST_STEP][PASSED] - click(findTestObject("Page_KiboPush  Dashboard/span_Dashboard")): Object: 'Object Repository/Page_KiboPush  Dashboard/span_Dashboard' is clicked on

2019-04-08 13:04:35 - [MESSAGE][PASSED] - Object: 'Object Repository/Page_KiboPush  Dashboard/span_Dashboard' is clicked on

2019-04-08 13:04:35 - [MESSAGE][PASSED] - Call Test Case 'Test Cases/s-sidebar_navigation/individualAccount/Dashboard' successfully

2019-04-08 13:04:35 - [TEST_STEP][PASSED] - click(findTestObject("Page_KiboEngage  Dashboard/a_SMS (1)")): Object: 'Object Repository/Page_KiboEngage  Dashboard/a_SMS (1)' is clicked on

2019-04-08 13:04:35 - [MESSAGE][PASSED] - Object: 'Object Repository/Page_KiboEngage  Dashboard/a_SMS (1)' is clicked on

2019-04-08 13:04:35 - [TEST_STEP][PASSED] - click(findTestObject("Page_KiboEngage  Dashboard/span_SMS (1)")): Object: 'Object Repository/Page_KiboEngage  Dashboard/span_SMS (1)' is clicked on

2019-04-08 13:04:35 - [MESSAGE][PASSED] - Object: 'Object Repository/Page_KiboEngage  Dashboard/span_SMS (1)' is clicked on

2019-04-08 13:04:35 - [MESSAGE][PASSED] - Call Test Case 'Test Cases/SMS/SMSPlatform' successfully

2019-04-08 13:04:35 - [TEST_STEP][PASSED] - delay(1): Delayed 1 second(s)

2019-04-08 13:04:36 - [MESSAGE][PASSED] - Delayed 1 second(s)

2019-04-08 13:04:36 - [TEST_STEP][PASSED] - click(findTestObject("Page_KiboEngage  Dashboard/span_Broadcasting (1)")): Object: 'Object Repository/Page_KiboEngage  Dashboard/span_Broadcasting (1)' is clicked on

2019-04-08 13:04:36 - [MESSAGE][PASSED] - Object: 'Object Repository/Page_KiboEngage  Dashboard/span_Broadcasting (1)' is clicked on

2019-04-08 13:04:36 - [TEST_STEP][PASSED] - click(findTestObject("Page_KiboEngage  Dashboard/span_Broadcasts")): Object: 'Object Repository/Page_KiboEngage  Dashboard/span_Broadcasts' is clicked on

2019-04-08 13:04:36 - [MESSAGE][PASSED] - Object: 'Object Repository/Page_KiboEngage  Dashboard/span_Broadcasts' is clicked on

2019-04-08 13:04:36 - [TEST_STEP][PASSED] - click(findTestObject("Object Repository/Page_KiboEngage  Broadcasts/h3_Broadcasts (1) (1) (1) (1) (1)")): Object: 'Object Repository/Page_KiboEngage  Broadcasts/h3_Broadcasts (1) (1) (1) (1) (1)' is clicked on

2019-04-08 13:04:36 - [MESSAGE][PASSED] - Object: 'Object Repository/Page_KiboEngage  Broadcasts/h3_Broadcasts (1) (1) (1) (1) (1)' is clicked on

2019-04-08 13:04:36 - [TEST_STEP][PASSED] - delay(1): Delayed 1 second(s)

2019-04-08 13:04:37 - [MESSAGE][PASSED] - Delayed 1 second(s)

2019-04-08 13:04:37 - [TEST_STEP][PASSED] - click(findTestObject("Object Repository/Page_KiboEngage  Broadcasts/span_Create New (1) (1) (1) (1)")): Object: 'Object Repository/Page_KiboEngage  Broadcasts/span_Create New (1) (1) (1) (1)' is clicked on

2019-04-08 13:04:37 - [MESSAGE][PASSED] - Object: 'Object Repository/Page_KiboEngage  Broadcasts/span_Create New (1) (1) (1) (1)' is clicked on

2019-04-08 13:04:37 - [TEST_STEP][PASSED] - click(findTestObject("Object Repository/Page_KiboEngage  Broadcasts/button_Create New Broadcast (1) (1) (1) (1)")): Object: 'Object Repository/Page_KiboEngage  Broadcasts/button_Create New Broadcast (1) (1) (1) (1)' is clicked on

2019-04-08 13:04:37 - [MESSAGE][PASSED] - Object: 'Object Repository/Page_KiboEngage  Broadcasts/button_Create New Broadcast (1) (1) (1) (1)' is clicked on

2019-04-08 13:04:37 - [TEST_STEP][PASSED] - delay(1): Delayed 1 second(s)

2019-04-08 13:04:38 - [MESSAGE][PASSED] - Delayed 1 second(s)

2019-04-08 13:04:38 - [TEST_STEP][PASSED] - setText(findTestObject("Object Repository/Page_KiboEngage  Broadcasts/input_Push Message_form-control m-input (1) (1)"), "faizan"): Text 'faizan' is set on object 'Object Repository/Page_KiboEngage  Broadcasts/input_Push Message_form-control m-input (1) (1)'

2019-04-08 13:04:39 - [MESSAGE][PASSED] - Text 'faizan' is set on object 'Object Repository/Page_KiboEngage  Broadcasts/input_Push Message_form-control m-input (1) (1)'

2019-04-08 13:04:39 - [TEST_STEP][PASSED] - setText(findTestObject("Object Repository/Page_KiboEngage  Broadcasts/textarea_HELLO (1) (1)"), "HELLO"): Text 'HELLO' is set on object 'Object Repository/Page_KiboEngage  Broadcasts/textarea_HELLO (1) (1)'

2019-04-08 13:04:39 - [MESSAGE][PASSED] - Text 'HELLO' is set on object 'Object Repository/Page_KiboEngage  Broadcasts/textarea_HELLO (1) (1)'

2019-04-08 13:04:39 - [TEST_STEP][PASSED] - setText(findTestObject("Object Repository/Page_KiboEngage  Broadcasts/textarea_HELLO (2)"), "HELLO"): Text 'HELLO' is set on object 'Object Repository/Page_KiboEngage  Broadcasts/textarea_HELLO (2)'

2019-04-08 13:04:39 - [MESSAGE][PASSED] - Text 'HELLO' is set on object 'Object Repository/Page_KiboEngage  Broadcasts/textarea_HELLO (2)'

2019-04-08 13:04:39 - [TEST_STEP][PASSED] - selectOptionByValue(findTestObject("Object Repository/Page_KiboEngage  Broadcasts/select_Select Conditionnamenumber"), "name", true): All options with value 'name' are selected in object 'Object Repository/Page_KiboEngage  Broadcasts/select_Select Conditionnamenumber'  using regular expression

2019-04-08 13:04:39 - [MESSAGE][PASSED] - All options with value 'name' are selected in object 'Object Repository/Page_KiboEngage  Broadcasts/select_Select Conditionnamenumber'  using regular expression

2019-04-08 13:04:39 - [TEST_STEP][PASSED] - setText(findTestObject("Object Repository/Page_KiboEngage  Broadcasts/input_Value_text (1)"), "aaa"): Text 'aaa' is set on object 'Object Repository/Page_KiboEngage  Broadcasts/input_Value_text (1)'

2019-04-08 13:04:39 - [MESSAGE][PASSED] - Text 'aaa' is set on object 'Object Repository/Page_KiboEngage  Broadcasts/input_Value_text (1)'

2019-04-08 13:04:39 - [TEST_STEP][PASSED] - click(findTestObject("Object Repository/Page_KiboEngage  Broadcasts/span_Send (4)")): Object: 'Object Repository/Page_KiboEngage  Broadcasts/span_Send (4)' is clicked on

2019-04-08 13:04:39 - [MESSAGE][PASSED] - Object: 'Object Repository/Page_KiboEngage  Broadcasts/span_Send (4)' is clicked on

2019-04-08 13:04:39 - [TEST_STEP][PASSED] - click(findTestObject("Object Repository/Page_KiboEngage  Broadcasts/span_Please choose a valid criteria")): Object: 'Object Repository/Page_KiboEngage  Broadcasts/span_Please choose a valid criteria' is clicked on

2019-04-08 13:04:39 - [MESSAGE][PASSED] - Object: 'Object Repository/Page_KiboEngage  Broadcasts/span_Please choose a valid criteria' is clicked on]]></system-out>
         <system-err><![CDATA[]]></system-err>
      </testcase>
      <testcase name="Test Cases/SMS/sms broadcast/TC11183" classname="Test Cases/SMS/sms broadcast/TC11183" status="PASSED">
         <system-out><![CDATA[2019-04-08 13:04:39 - [TEST_CASE][PASSED] - Test Cases/SMS/sms broadcast/TC11183: Test Cases/SMS/sms broadcast/TC11183

2019-04-08 13:04:39 - [TEST_STEP][PASSED] - callTestCase(findTestCase("SMS/SMSPlatform"), [:], STOP_ON_FAILURE): Call Test Case 'Test Cases/SMS/SMSPlatform' successfully

2019-04-08 13:04:39 - [TEST_CASE][PASSED] - Test Cases/SMS/SMSPlatform: Test Cases/SMS/SMSPlatform

2019-04-08 13:04:39 - [TEST_STEP][PASSED] - callTestCase(findTestCase("s-sidebar_navigation/individualAccount/Dashboard"), [:], STOP_ON_FAILURE): Call Test Case 'Test Cases/s-sidebar_navigation/individualAccount/Dashboard' successfully

2019-04-08 13:04:39 - [TEST_CASE][PASSED] - Test Cases/s-sidebar_navigation/individualAccount/Dashboard: Test Cases/s-sidebar_navigation/individualAccount/Dashboard

2019-04-08 13:04:39 - [TEST_STEP][PASSED] - callTestCase(findTestCase("s-sidebar_navigation/individualAccount/Login-KiboEngage"), [:], STOP_ON_FAILURE): Call Test Case 'Test Cases/s-sidebar_navigation/individualAccount/Login-KiboEngage' successfully

2019-04-08 13:04:39 - [TEST_CASE][PASSED] - Test Cases/s-sidebar_navigation/individualAccount/Login-KiboEngage: Test Cases/s-sidebar_navigation/individualAccount/Login-KiboEngage

2019-04-08 13:04:39 - [TEST_STEP][PASSED] - openBrowser(""): Browser is opened with url: ''

2019-04-08 13:04:39 - [MESSAGE][WARNING] - A browser is already opened. Closing browser and opening a new one

2019-04-08 13:04:40 - [MESSAGE][INFO] - Starting 'Chrome' driver

2019-04-08 13:04:40 - [MESSAGE][PASSED] - Browser is opened with url: ''

2019-04-08 13:04:40 - [TEST_STEP][PASSED] - maximizeWindow(): Current window maximized

2019-04-08 13:04:40 - [MESSAGE][PASSED] - Current window maximized

2019-04-08 13:04:40 - [TEST_STEP][PASSED] - navigateToUrl("https://kiboengage.cloudkibo.com/"): Navigate to 'https://kiboengage.cloudkibo.com/' successfully

2019-04-08 13:04:59 - [MESSAGE][PASSED] - Navigate to 'https://kiboengage.cloudkibo.com/' successfully

2019-04-08 13:04:59 - [TEST_STEP][PASSED] - navigateToUrl("https://accounts.cloudkibo.com/?continue=https://kiboengage.cloudkibo.com"): Navigate to 'https://accounts.cloudkibo.com/?continue=https://kiboengage.cloudkibo.com' successfully

2019-04-08 13:04:59 - [MESSAGE][PASSED] - Navigate to 'https://accounts.cloudkibo.com/?continue=https://kiboengage.cloudkibo.com' successfully

2019-04-08 13:04:59 - [TEST_STEP][PASSED] - click(findTestObject("Page_KiboPush/a_Login (9) (1)")): Object: 'Object Repository/Page_KiboPush/a_Login (9) (1)' is clicked on

2019-04-08 13:05:00 - [MESSAGE][PASSED] - Object: 'Object Repository/Page_KiboPush/a_Login (9) (1)' is clicked on

2019-04-08 13:05:00 - [TEST_STEP][PASSED] - setText(findTestObject("Page_KiboPush/input_email (10) (1)"), "individual@cloudkibo.com"): Text 'individual@cloudkibo.com' is set on object 'Object Repository/Page_KiboPush/input_email (10) (1)'

2019-04-08 13:05:00 - [MESSAGE][PASSED] - Text 'individual@cloudkibo.com' is set on object 'Object Repository/Page_KiboPush/input_email (10) (1)'

2019-04-08 13:05:00 - [TEST_STEP][PASSED] - setEncryptedText(findTestObject("Page_KiboPush/input_password (9) (1)"), "RigbBhfdqOBGNlJIWM1ClA=="): Text ****** has been set on object 'Object Repository/Page_KiboPush/input_password (9) (1)'

2019-04-08 13:05:00 - [MESSAGE][PASSED] - Text ****** has been set on object 'Object Repository/Page_KiboPush/input_password (9) (1)'

2019-04-08 13:05:00 - [TEST_STEP][PASSED] - click(findTestObject("Page_KiboPush/button_Sign In (10) (1)")): Object: 'Object Repository/Page_KiboPush/button_Sign In (10) (1)' is clicked on

2019-04-08 13:05:00 - [MESSAGE][PASSED] - Object: 'Object Repository/Page_KiboPush/button_Sign In (10) (1)' is clicked on

2019-04-08 13:05:00 - [TEST_STEP][PASSED] - navigateToUrl("https://kiboengage.cloudkibo.com/dashboard"): Navigate to 'https://kiboengage.cloudkibo.com/dashboard' successfully

2019-04-08 13:05:11 - [MESSAGE][PASSED] - Navigate to 'https://kiboengage.cloudkibo.com/dashboard' successfully

2019-04-08 13:05:11 - [TEST_STEP][PASSED] - click(findTestObject("Page_KiboPush  Dashboard/h3_Dashboard (57)")): Object: 'Object Repository/Page_KiboPush  Dashboard/h3_Dashboard (57)' is clicked on

2019-04-08 13:05:11 - [MESSAGE][PASSED] - Object: 'Object Repository/Page_KiboPush  Dashboard/h3_Dashboard (57)' is clicked on

2019-04-08 13:05:11 - [TEST_STEP][PASSED] - delay(3): Delayed 3 second(s)

2019-04-08 13:05:14 - [MESSAGE][PASSED] - Delayed 3 second(s)

2019-04-08 13:05:14 - [TEST_STEP][PASSED] - click(findTestObject("Object Repository/Page_KiboEngage  Dashboard/a_SMS (2)")): Object: 'Object Repository/Page_KiboEngage  Dashboard/a_SMS (2)' is clicked on

2019-04-08 13:05:14 - [MESSAGE][PASSED] - Object: 'Object Repository/Page_KiboEngage  Dashboard/a_SMS (2)' is clicked on

2019-04-08 13:05:14 - [TEST_STEP][PASSED] - click(findTestObject("Object Repository/Page_KiboEngage  Dashboard/span_Messenger")): Object: 'Object Repository/Page_KiboEngage  Dashboard/span_Messenger' is clicked on

2019-04-08 13:05:15 - [MESSAGE][PASSED] - Object: 'Object Repository/Page_KiboEngage  Dashboard/span_Messenger' is clicked on

2019-04-08 13:05:15 - [MESSAGE][PASSED] - Call Test Case 'Test Cases/s-sidebar_navigation/individualAccount/Login-KiboEngage' successfully

2019-04-08 13:05:15 - [TEST_STEP][PASSED] - click(findTestObject("Page_KiboPush  Dashboard/h3_Dashboard")): Object: 'Object Repository/Page_KiboPush  Dashboard/h3_Dashboard' is clicked on

2019-04-08 13:05:15 - [MESSAGE][PASSED] - Object: 'Object Repository/Page_KiboPush  Dashboard/h3_Dashboard' is clicked on

2019-04-08 13:05:15 - [TEST_STEP][PASSED] - click(findTestObject("Page_KiboPush  Dashboard/span_Dashboard")): Object: 'Object Repository/Page_KiboPush  Dashboard/span_Dashboard' is clicked on

2019-04-08 13:05:15 - [MESSAGE][PASSED] - Object: 'Object Repository/Page_KiboPush  Dashboard/span_Dashboard' is clicked on

2019-04-08 13:05:15 - [MESSAGE][PASSED] - Call Test Case 'Test Cases/s-sidebar_navigation/individualAccount/Dashboard' successfully

2019-04-08 13:05:15 - [TEST_STEP][PASSED] - click(findTestObject("Page_KiboEngage  Dashboard/a_SMS (1)")): Object: 'Object Repository/Page_KiboEngage  Dashboard/a_SMS (1)' is clicked on

2019-04-08 13:05:15 - [MESSAGE][PASSED] - Object: 'Object Repository/Page_KiboEngage  Dashboard/a_SMS (1)' is clicked on

2019-04-08 13:05:15 - [TEST_STEP][PASSED] - click(findTestObject("Page_KiboEngage  Dashboard/span_SMS (1)")): Object: 'Object Repository/Page_KiboEngage  Dashboard/span_SMS (1)' is clicked on

2019-04-08 13:05:15 - [MESSAGE][PASSED] - Object: 'Object Repository/Page_KiboEngage  Dashboard/span_SMS (1)' is clicked on

2019-04-08 13:05:15 - [MESSAGE][PASSED] - Call Test Case 'Test Cases/SMS/SMSPlatform' successfully

2019-04-08 13:05:15 - [TEST_STEP][PASSED] - delay(1): Delayed 1 second(s)

2019-04-08 13:05:16 - [MESSAGE][PASSED] - Delayed 1 second(s)

2019-04-08 13:05:16 - [TEST_STEP][PASSED] - click(findTestObject("Page_KiboEngage  Dashboard/span_Broadcasting (1)")): Object: 'Object Repository/Page_KiboEngage  Dashboard/span_Broadcasting (1)' is clicked on

2019-04-08 13:05:16 - [MESSAGE][PASSED] - Object: 'Object Repository/Page_KiboEngage  Dashboard/span_Broadcasting (1)' is clicked on

2019-04-08 13:05:16 - [TEST_STEP][PASSED] - click(findTestObject("Page_KiboEngage  Dashboard/span_Broadcasts")): Object: 'Object Repository/Page_KiboEngage  Dashboard/span_Broadcasts' is clicked on

2019-04-08 13:05:16 - [MESSAGE][PASSED] - Object: 'Object Repository/Page_KiboEngage  Dashboard/span_Broadcasts' is clicked on

2019-04-08 13:05:16 - [TEST_STEP][PASSED] - click(findTestObject("Object Repository/Page_KiboEngage  Broadcasts/h3_Broadcasts (1) (1) (1) (1) (1) (1)")): Object: 'Object Repository/Page_KiboEngage  Broadcasts/h3_Broadcasts (1) (1) (1) (1) (1) (1)' is clicked on

2019-04-08 13:05:16 - [MESSAGE][PASSED] - Object: 'Object Repository/Page_KiboEngage  Broadcasts/h3_Broadcasts (1) (1) (1) (1) (1) (1)' is clicked on

2019-04-08 13:05:16 - [TEST_STEP][PASSED] - delay(1): Delayed 1 second(s)

2019-04-08 13:05:17 - [MESSAGE][PASSED] - Delayed 1 second(s)

2019-04-08 13:05:17 - [TEST_STEP][PASSED] - click(findTestObject("Object Repository/Page_KiboEngage  Broadcasts/span_Create New (1) (1) (1) (1) (1)")): Object: 'Object Repository/Page_KiboEngage  Broadcasts/span_Create New (1) (1) (1) (1) (1)' is clicked on

2019-04-08 13:05:17 - [MESSAGE][PASSED] - Object: 'Object Repository/Page_KiboEngage  Broadcasts/span_Create New (1) (1) (1) (1) (1)' is clicked on

2019-04-08 13:05:17 - [TEST_STEP][PASSED] - click(findTestObject("Object Repository/Page_KiboEngage  Broadcasts/button_Create New Broadcast (1) (1) (1) (1) (1)")): Object: 'Object Repository/Page_KiboEngage  Broadcasts/button_Create New Broadcast (1) (1) (1) (1) (1)' is clicked on

2019-04-08 13:05:17 - [MESSAGE][PASSED] - Object: 'Object Repository/Page_KiboEngage  Broadcasts/button_Create New Broadcast (1) (1) (1) (1) (1)' is clicked on

2019-04-08 13:05:17 - [TEST_STEP][PASSED] - delay(1): Delayed 1 second(s)

2019-04-08 13:05:18 - [MESSAGE][PASSED] - Delayed 1 second(s)

2019-04-08 13:05:18 - [TEST_STEP][PASSED] - setText(findTestObject("Object Repository/Page_KiboEngage  Broadcasts/input_Push Message_form-control m-input (1) (1) (1)"), "faizan"): Text 'faizan' is set on object 'Object Repository/Page_KiboEngage  Broadcasts/input_Push Message_form-control m-input (1) (1) (1)'

2019-04-08 13:05:18 - [MESSAGE][PASSED] - Text 'faizan' is set on object 'Object Repository/Page_KiboEngage  Broadcasts/input_Push Message_form-control m-input (1) (1) (1)'

2019-04-08 13:05:18 - [TEST_STEP][PASSED] - setText(findTestObject("Object Repository/Page_KiboEngage  Broadcasts/textarea_HELLO (1) (1) (1)"), "HELLO"): Text 'HELLO' is set on object 'Object Repository/Page_KiboEngage  Broadcasts/textarea_HELLO (1) (1) (1)'

2019-04-08 13:05:19 - [MESSAGE][PASSED] - Text 'HELLO' is set on object 'Object Repository/Page_KiboEngage  Broadcasts/textarea_HELLO (1) (1) (1)'

2019-04-08 13:05:19 - [TEST_STEP][PASSED] - selectOptionByValue(findTestObject("Object Repository/Page_KiboEngage  Broadcasts/select_Select Conditionnamenumber (1)"), "name", true): All options with value 'name' are selected in object 'Object Repository/Page_KiboEngage  Broadcasts/select_Select Conditionnamenumber (1)'  using regular expression

2019-04-08 13:05:19 - [MESSAGE][PASSED] - All options with value 'name' are selected in object 'Object Repository/Page_KiboEngage  Broadcasts/select_Select Conditionnamenumber (1)'  using regular expression

2019-04-08 13:05:19 - [TEST_STEP][PASSED] - selectOptionByValue(findTestObject("Object Repository/Page_KiboEngage  Broadcasts/select_Select Criteriaiscontainsbegins with (1)"), "is", true): All options with value 'is' are selected in object 'Object Repository/Page_KiboEngage  Broadcasts/select_Select Criteriaiscontainsbegins with (1)'  using regular expression

2019-04-08 13:05:19 - [MESSAGE][PASSED] - All options with value 'is' are selected in object 'Object Repository/Page_KiboEngage  Broadcasts/select_Select Criteriaiscontainsbegins with (1)'  using regular expression

2019-04-08 13:05:19 - [TEST_STEP][PASSED] - click(findTestObject("Object Repository/Page_KiboEngage  Broadcasts/span_Send (4) (1)")): Object: 'Object Repository/Page_KiboEngage  Broadcasts/span_Send (4) (1)' is clicked on

2019-04-08 13:05:19 - [MESSAGE][PASSED] - Object: 'Object Repository/Page_KiboEngage  Broadcasts/span_Send (4) (1)' is clicked on

2019-04-08 13:05:19 - [TEST_STEP][PASSED] - click(findTestObject("Object Repository/Page_KiboEngage  Broadcasts/span_Please choose a valid value")): Object: 'Object Repository/Page_KiboEngage  Broadcasts/span_Please choose a valid value' is clicked on

2019-04-08 13:05:19 - [MESSAGE][PASSED] - Object: 'Object Repository/Page_KiboEngage  Broadcasts/span_Please choose a valid value' is clicked on]]></system-out>
         <system-err><![CDATA[]]></system-err>
      </testcase>
      <testcase name="Test Cases/SMS/sms broadcast/TC11184" classname="Test Cases/SMS/sms broadcast/TC11184" status="PASSED">
         <system-out><![CDATA[2019-04-08 13:05:19 - [TEST_CASE][PASSED] - Test Cases/SMS/sms broadcast/TC11184: Test Cases/SMS/sms broadcast/TC11184

2019-04-08 13:05:19 - [TEST_STEP][PASSED] - callTestCase(findTestCase("SMS/SMSPlatform"), [:], STOP_ON_FAILURE): Call Test Case 'Test Cases/SMS/SMSPlatform' successfully

2019-04-08 13:05:19 - [TEST_CASE][PASSED] - Test Cases/SMS/SMSPlatform: Test Cases/SMS/SMSPlatform

2019-04-08 13:05:19 - [TEST_STEP][PASSED] - callTestCase(findTestCase("s-sidebar_navigation/individualAccount/Dashboard"), [:], STOP_ON_FAILURE): Call Test Case 'Test Cases/s-sidebar_navigation/individualAccount/Dashboard' successfully

2019-04-08 13:05:19 - [TEST_CASE][PASSED] - Test Cases/s-sidebar_navigation/individualAccount/Dashboard: Test Cases/s-sidebar_navigation/individualAccount/Dashboard

2019-04-08 13:05:19 - [TEST_STEP][PASSED] - callTestCase(findTestCase("s-sidebar_navigation/individualAccount/Login-KiboEngage"), [:], STOP_ON_FAILURE): Call Test Case 'Test Cases/s-sidebar_navigation/individualAccount/Login-KiboEngage' successfully

2019-04-08 13:05:19 - [TEST_CASE][PASSED] - Test Cases/s-sidebar_navigation/individualAccount/Login-KiboEngage: Test Cases/s-sidebar_navigation/individualAccount/Login-KiboEngage

2019-04-08 13:05:19 - [TEST_STEP][PASSED] - openBrowser(""): Browser is opened with url: ''

2019-04-08 13:05:19 - [MESSAGE][WARNING] - A browser is already opened. Closing browser and opening a new one

2019-04-08 13:05:19 - [MESSAGE][INFO] - Starting 'Chrome' driver

2019-04-08 13:05:20 - [MESSAGE][PASSED] - Browser is opened with url: ''

2019-04-08 13:05:20 - [TEST_STEP][PASSED] - maximizeWindow(): Current window maximized

2019-04-08 13:05:20 - [MESSAGE][PASSED] - Current window maximized

2019-04-08 13:05:20 - [TEST_STEP][PASSED] - navigateToUrl("https://kiboengage.cloudkibo.com/"): Navigate to 'https://kiboengage.cloudkibo.com/' successfully

2019-04-08 13:05:28 - [MESSAGE][PASSED] - Navigate to 'https://kiboengage.cloudkibo.com/' successfully

2019-04-08 13:05:28 - [TEST_STEP][PASSED] - navigateToUrl("https://accounts.cloudkibo.com/?continue=https://kiboengage.cloudkibo.com"): Navigate to 'https://accounts.cloudkibo.com/?continue=https://kiboengage.cloudkibo.com' successfully

2019-04-08 13:05:28 - [MESSAGE][PASSED] - Navigate to 'https://accounts.cloudkibo.com/?continue=https://kiboengage.cloudkibo.com' successfully

2019-04-08 13:05:28 - [TEST_STEP][PASSED] - click(findTestObject("Page_KiboPush/a_Login (9) (1)")): Object: 'Object Repository/Page_KiboPush/a_Login (9) (1)' is clicked on

2019-04-08 13:05:29 - [MESSAGE][PASSED] - Object: 'Object Repository/Page_KiboPush/a_Login (9) (1)' is clicked on

2019-04-08 13:05:29 - [TEST_STEP][PASSED] - setText(findTestObject("Page_KiboPush/input_email (10) (1)"), "individual@cloudkibo.com"): Text 'individual@cloudkibo.com' is set on object 'Object Repository/Page_KiboPush/input_email (10) (1)'

2019-04-08 13:05:29 - [MESSAGE][PASSED] - Text 'individual@cloudkibo.com' is set on object 'Object Repository/Page_KiboPush/input_email (10) (1)'

2019-04-08 13:05:29 - [TEST_STEP][PASSED] - setEncryptedText(findTestObject("Page_KiboPush/input_password (9) (1)"), "RigbBhfdqOBGNlJIWM1ClA=="): Text ****** has been set on object 'Object Repository/Page_KiboPush/input_password (9) (1)'

2019-04-08 13:05:29 - [MESSAGE][PASSED] - Text ****** has been set on object 'Object Repository/Page_KiboPush/input_password (9) (1)'

2019-04-08 13:05:29 - [TEST_STEP][PASSED] - click(findTestObject("Page_KiboPush/button_Sign In (10) (1)")): Object: 'Object Repository/Page_KiboPush/button_Sign In (10) (1)' is clicked on

2019-04-08 13:05:29 - [MESSAGE][PASSED] - Object: 'Object Repository/Page_KiboPush/button_Sign In (10) (1)' is clicked on

2019-04-08 13:05:29 - [TEST_STEP][PASSED] - navigateToUrl("https://kiboengage.cloudkibo.com/dashboard"): Navigate to 'https://kiboengage.cloudkibo.com/dashboard' successfully

2019-04-08 13:05:42 - [MESSAGE][PASSED] - Navigate to 'https://kiboengage.cloudkibo.com/dashboard' successfully

2019-04-08 13:05:42 - [TEST_STEP][PASSED] - click(findTestObject("Page_KiboPush  Dashboard/h3_Dashboard (57)")): Object: 'Object Repository/Page_KiboPush  Dashboard/h3_Dashboard (57)' is clicked on

2019-04-08 13:05:42 - [MESSAGE][PASSED] - Object: 'Object Repository/Page_KiboPush  Dashboard/h3_Dashboard (57)' is clicked on

2019-04-08 13:05:42 - [TEST_STEP][PASSED] - delay(3): Delayed 3 second(s)

2019-04-08 13:05:45 - [MESSAGE][PASSED] - Delayed 3 second(s)

2019-04-08 13:05:45 - [TEST_STEP][PASSED] - click(findTestObject("Object Repository/Page_KiboEngage  Dashboard/a_SMS (2)")): Object: 'Object Repository/Page_KiboEngage  Dashboard/a_SMS (2)' is clicked on

2019-04-08 13:05:45 - [MESSAGE][PASSED] - Object: 'Object Repository/Page_KiboEngage  Dashboard/a_SMS (2)' is clicked on

2019-04-08 13:05:45 - [TEST_STEP][PASSED] - click(findTestObject("Object Repository/Page_KiboEngage  Dashboard/span_Messenger")): Object: 'Object Repository/Page_KiboEngage  Dashboard/span_Messenger' is clicked on

2019-04-08 13:05:46 - [MESSAGE][PASSED] - Object: 'Object Repository/Page_KiboEngage  Dashboard/span_Messenger' is clicked on

2019-04-08 13:05:46 - [MESSAGE][PASSED] - Call Test Case 'Test Cases/s-sidebar_navigation/individualAccount/Login-KiboEngage' successfully

2019-04-08 13:05:46 - [TEST_STEP][PASSED] - click(findTestObject("Page_KiboPush  Dashboard/h3_Dashboard")): Object: 'Object Repository/Page_KiboPush  Dashboard/h3_Dashboard' is clicked on

2019-04-08 13:05:46 - [MESSAGE][PASSED] - Object: 'Object Repository/Page_KiboPush  Dashboard/h3_Dashboard' is clicked on

2019-04-08 13:05:46 - [TEST_STEP][PASSED] - click(findTestObject("Page_KiboPush  Dashboard/span_Dashboard")): Object: 'Object Repository/Page_KiboPush  Dashboard/span_Dashboard' is clicked on

2019-04-08 13:05:46 - [MESSAGE][PASSED] - Object: 'Object Repository/Page_KiboPush  Dashboard/span_Dashboard' is clicked on

2019-04-08 13:05:46 - [MESSAGE][PASSED] - Call Test Case 'Test Cases/s-sidebar_navigation/individualAccount/Dashboard' successfully

2019-04-08 13:05:46 - [TEST_STEP][PASSED] - click(findTestObject("Page_KiboEngage  Dashboard/a_SMS (1)")): Object: 'Object Repository/Page_KiboEngage  Dashboard/a_SMS (1)' is clicked on

2019-04-08 13:05:46 - [MESSAGE][PASSED] - Object: 'Object Repository/Page_KiboEngage  Dashboard/a_SMS (1)' is clicked on

2019-04-08 13:05:46 - [TEST_STEP][PASSED] - click(findTestObject("Page_KiboEngage  Dashboard/span_SMS (1)")): Object: 'Object Repository/Page_KiboEngage  Dashboard/span_SMS (1)' is clicked on

2019-04-08 13:05:46 - [MESSAGE][PASSED] - Object: 'Object Repository/Page_KiboEngage  Dashboard/span_SMS (1)' is clicked on

2019-04-08 13:05:46 - [MESSAGE][PASSED] - Call Test Case 'Test Cases/SMS/SMSPlatform' successfully

2019-04-08 13:05:46 - [TEST_STEP][PASSED] - delay(1): Delayed 1 second(s)

2019-04-08 13:05:47 - [MESSAGE][PASSED] - Delayed 1 second(s)

2019-04-08 13:05:47 - [TEST_STEP][PASSED] - click(findTestObject("Page_KiboEngage  Dashboard/span_Broadcasting (1)")): Object: 'Object Repository/Page_KiboEngage  Dashboard/span_Broadcasting (1)' is clicked on

2019-04-08 13:05:47 - [MESSAGE][PASSED] - Object: 'Object Repository/Page_KiboEngage  Dashboard/span_Broadcasting (1)' is clicked on

2019-04-08 13:05:47 - [TEST_STEP][PASSED] - click(findTestObject("Page_KiboEngage  Dashboard/span_Broadcasts")): Object: 'Object Repository/Page_KiboEngage  Dashboard/span_Broadcasts' is clicked on

2019-04-08 13:05:47 - [MESSAGE][PASSED] - Object: 'Object Repository/Page_KiboEngage  Dashboard/span_Broadcasts' is clicked on

2019-04-08 13:05:47 - [TEST_STEP][PASSED] - click(findTestObject("Object Repository/Page_KiboEngage  Broadcasts/h3_Broadcasts (1) (1) (1) (1) (1) (1) (1)")): Object: 'Object Repository/Page_KiboEngage  Broadcasts/h3_Broadcasts (1) (1) (1) (1) (1) (1) (1)' is clicked on

2019-04-08 13:05:47 - [MESSAGE][PASSED] - Object: 'Object Repository/Page_KiboEngage  Broadcasts/h3_Broadcasts (1) (1) (1) (1) (1) (1) (1)' is clicked on

2019-04-08 13:05:47 - [TEST_STEP][PASSED] - delay(1): Delayed 1 second(s)

2019-04-08 13:05:48 - [MESSAGE][PASSED] - Delayed 1 second(s)

2019-04-08 13:05:48 - [TEST_STEP][PASSED] - click(findTestObject("Object Repository/Page_KiboEngage  Broadcasts/span_Create New (1) (1) (1) (1) (1) (1)")): Object: 'Object Repository/Page_KiboEngage  Broadcasts/span_Create New (1) (1) (1) (1) (1) (1)' is clicked on

2019-04-08 13:05:48 - [MESSAGE][PASSED] - Object: 'Object Repository/Page_KiboEngage  Broadcasts/span_Create New (1) (1) (1) (1) (1) (1)' is clicked on

2019-04-08 13:05:48 - [TEST_STEP][PASSED] - click(findTestObject("Object Repository/Page_KiboEngage  Broadcasts/button_Create New Broadcast (1) (1) (1) (1) (1) (1)")): Object: 'Object Repository/Page_KiboEngage  Broadcasts/button_Create New Broadcast (1) (1) (1) (1) (1) (1)' is clicked on

2019-04-08 13:05:48 - [MESSAGE][PASSED] - Object: 'Object Repository/Page_KiboEngage  Broadcasts/button_Create New Broadcast (1) (1) (1) (1) (1) (1)' is clicked on

2019-04-08 13:05:48 - [TEST_STEP][PASSED] - delay(1): Delayed 1 second(s)

2019-04-08 13:05:49 - [MESSAGE][PASSED] - Delayed 1 second(s)

2019-04-08 13:05:49 - [TEST_STEP][PASSED] - setText(findTestObject("Object Repository/Page_KiboEngage  Broadcasts/input_Push Message_form-control m-input (1) (1) (1) (1)"), "faizan"): Text 'faizan' is set on object 'Object Repository/Page_KiboEngage  Broadcasts/input_Push Message_form-control m-input (1) (1) (1) (1)'

2019-04-08 13:05:49 - [MESSAGE][PASSED] - Text 'faizan' is set on object 'Object Repository/Page_KiboEngage  Broadcasts/input_Push Message_form-control m-input (1) (1) (1) (1)'

2019-04-08 13:05:49 - [TEST_STEP][PASSED] - setText(findTestObject("Object Repository/Page_KiboEngage  Broadcasts/textarea_Automated testing"), "Automated testing"): Text 'Automated testing' is set on object 'Object Repository/Page_KiboEngage  Broadcasts/textarea_Automated testing'

2019-04-08 13:05:50 - [MESSAGE][PASSED] - Text 'Automated testing' is set on object 'Object Repository/Page_KiboEngage  Broadcasts/textarea_Automated testing'

2019-04-08 13:05:50 - [TEST_STEP][PASSED] - selectOptionByValue(findTestObject("Object Repository/Page_KiboEngage  Broadcasts/select_Select Conditionnamenumber (2)"), "number", true): All options with value 'number' are selected in object 'Object Repository/Page_KiboEngage  Broadcasts/select_Select Conditionnamenumber (2)'  using regular expression

2019-04-08 13:05:50 - [MESSAGE][PASSED] - All options with value 'number' are selected in object 'Object Repository/Page_KiboEngage  Broadcasts/select_Select Conditionnamenumber (2)'  using regular expression

2019-04-08 13:05:50 - [TEST_STEP][PASSED] - selectOptionByValue(findTestObject("Object Repository/Page_KiboEngage  Broadcasts/select_Select Criteriaiscontainsbegins with (2)"), "is", true): All options with value 'is' are selected in object 'Object Repository/Page_KiboEngage  Broadcasts/select_Select Criteriaiscontainsbegins with (2)'  using regular expression

2019-04-08 13:05:50 - [MESSAGE][PASSED] - All options with value 'is' are selected in object 'Object Repository/Page_KiboEngage  Broadcasts/select_Select Criteriaiscontainsbegins with (2)'  using regular expression

2019-04-08 13:05:50 - [TEST_STEP][PASSED] - setText(findTestObject("Object Repository/Page_KiboEngage  Broadcasts/input_Value_text (2)"), "+923333739566"): Text '+923333739566' is set on object 'Object Repository/Page_KiboEngage  Broadcasts/input_Value_text (2)'

2019-04-08 13:05:50 - [MESSAGE][PASSED] - Text '+923333739566' is set on object 'Object Repository/Page_KiboEngage  Broadcasts/input_Value_text (2)'

2019-04-08 13:05:50 - [TEST_STEP][PASSED] - click(findTestObject("Object Repository/Page_KiboEngage  Broadcasts/span_Send (5)")): Object: 'Object Repository/Page_KiboEngage  Broadcasts/span_Send (5)' is clicked on

2019-04-08 13:05:50 - [MESSAGE][PASSED] - Object: 'Object Repository/Page_KiboEngage  Broadcasts/span_Send (5)' is clicked on

2019-04-08 13:05:50 - [TEST_STEP][PASSED] - click(findTestObject("Object Repository/Page_KiboEngage  Broadcasts/div_Broadcast sent successfully")): Object: 'Object Repository/Page_KiboEngage  Broadcasts/div_Broadcast sent successfully' is clicked on

2019-04-08 13:05:51 - [MESSAGE][PASSED] - Object: 'Object Repository/Page_KiboEngage  Broadcasts/div_Broadcast sent successfully' is clicked on]]></system-out>
         <system-err><![CDATA[]]></system-err>
      </testcase>
      <testcase name="Test Cases/SMS/sms broadcast/TC11185" classname="Test Cases/SMS/sms broadcast/TC11185" status="PASSED">
         <system-out><![CDATA[2019-04-08 13:05:51 - [TEST_CASE][PASSED] - Test Cases/SMS/sms broadcast/TC11185: Test Cases/SMS/sms broadcast/TC11185

2019-04-08 13:05:51 - [TEST_STEP][PASSED] - callTestCase(findTestCase("SMS/SMSPlatform"), [:], STOP_ON_FAILURE): Call Test Case 'Test Cases/SMS/SMSPlatform' successfully

2019-04-08 13:05:51 - [TEST_CASE][PASSED] - Test Cases/SMS/SMSPlatform: Test Cases/SMS/SMSPlatform

2019-04-08 13:05:51 - [TEST_STEP][PASSED] - callTestCase(findTestCase("s-sidebar_navigation/individualAccount/Dashboard"), [:], STOP_ON_FAILURE): Call Test Case 'Test Cases/s-sidebar_navigation/individualAccount/Dashboard' successfully

2019-04-08 13:05:51 - [TEST_CASE][PASSED] - Test Cases/s-sidebar_navigation/individualAccount/Dashboard: Test Cases/s-sidebar_navigation/individualAccount/Dashboard

2019-04-08 13:05:51 - [TEST_STEP][PASSED] - callTestCase(findTestCase("s-sidebar_navigation/individualAccount/Login-KiboEngage"), [:], STOP_ON_FAILURE): Call Test Case 'Test Cases/s-sidebar_navigation/individualAccount/Login-KiboEngage' successfully

2019-04-08 13:05:51 - [TEST_CASE][PASSED] - Test Cases/s-sidebar_navigation/individualAccount/Login-KiboEngage: Test Cases/s-sidebar_navigation/individualAccount/Login-KiboEngage

2019-04-08 13:05:51 - [TEST_STEP][PASSED] - openBrowser(""): Browser is opened with url: ''

2019-04-08 13:05:51 - [MESSAGE][WARNING] - A browser is already opened. Closing browser and opening a new one

2019-04-08 13:05:51 - [MESSAGE][INFO] - Starting 'Chrome' driver

2019-04-08 13:05:52 - [MESSAGE][PASSED] - Browser is opened with url: ''

2019-04-08 13:05:52 - [TEST_STEP][PASSED] - maximizeWindow(): Current window maximized

2019-04-08 13:05:52 - [MESSAGE][PASSED] - Current window maximized

2019-04-08 13:05:52 - [TEST_STEP][PASSED] - navigateToUrl("https://kiboengage.cloudkibo.com/"): Navigate to 'https://kiboengage.cloudkibo.com/' successfully

2019-04-08 13:05:59 - [MESSAGE][PASSED] - Navigate to 'https://kiboengage.cloudkibo.com/' successfully

2019-04-08 13:05:59 - [TEST_STEP][PASSED] - navigateToUrl("https://accounts.cloudkibo.com/?continue=https://kiboengage.cloudkibo.com"): Navigate to 'https://accounts.cloudkibo.com/?continue=https://kiboengage.cloudkibo.com' successfully

2019-04-08 13:05:59 - [MESSAGE][PASSED] - Navigate to 'https://accounts.cloudkibo.com/?continue=https://kiboengage.cloudkibo.com' successfully

2019-04-08 13:05:59 - [TEST_STEP][PASSED] - click(findTestObject("Page_KiboPush/a_Login (9) (1)")): Object: 'Object Repository/Page_KiboPush/a_Login (9) (1)' is clicked on

2019-04-08 13:06:00 - [MESSAGE][PASSED] - Object: 'Object Repository/Page_KiboPush/a_Login (9) (1)' is clicked on

2019-04-08 13:06:00 - [TEST_STEP][PASSED] - setText(findTestObject("Page_KiboPush/input_email (10) (1)"), "individual@cloudkibo.com"): Text 'individual@cloudkibo.com' is set on object 'Object Repository/Page_KiboPush/input_email (10) (1)'

2019-04-08 13:06:00 - [MESSAGE][PASSED] - Text 'individual@cloudkibo.com' is set on object 'Object Repository/Page_KiboPush/input_email (10) (1)'

2019-04-08 13:06:00 - [TEST_STEP][PASSED] - setEncryptedText(findTestObject("Page_KiboPush/input_password (9) (1)"), "RigbBhfdqOBGNlJIWM1ClA=="): Text ****** has been set on object 'Object Repository/Page_KiboPush/input_password (9) (1)'

2019-04-08 13:06:00 - [MESSAGE][PASSED] - Text ****** has been set on object 'Object Repository/Page_KiboPush/input_password (9) (1)'

2019-04-08 13:06:00 - [TEST_STEP][PASSED] - click(findTestObject("Page_KiboPush/button_Sign In (10) (1)")): Object: 'Object Repository/Page_KiboPush/button_Sign In (10) (1)' is clicked on

2019-04-08 13:06:00 - [MESSAGE][PASSED] - Object: 'Object Repository/Page_KiboPush/button_Sign In (10) (1)' is clicked on

2019-04-08 13:06:00 - [TEST_STEP][PASSED] - navigateToUrl("https://kiboengage.cloudkibo.com/dashboard"): Navigate to 'https://kiboengage.cloudkibo.com/dashboard' successfully

2019-04-08 13:06:13 - [MESSAGE][PASSED] - Navigate to 'https://kiboengage.cloudkibo.com/dashboard' successfully

2019-04-08 13:06:13 - [TEST_STEP][PASSED] - click(findTestObject("Page_KiboPush  Dashboard/h3_Dashboard (57)")): Object: 'Object Repository/Page_KiboPush  Dashboard/h3_Dashboard (57)' is clicked on

2019-04-08 13:06:13 - [MESSAGE][PASSED] - Object: 'Object Repository/Page_KiboPush  Dashboard/h3_Dashboard (57)' is clicked on

2019-04-08 13:06:13 - [TEST_STEP][PASSED] - delay(3): Delayed 3 second(s)

2019-04-08 13:06:16 - [MESSAGE][PASSED] - Delayed 3 second(s)

2019-04-08 13:06:16 - [TEST_STEP][PASSED] - click(findTestObject("Object Repository/Page_KiboEngage  Dashboard/a_SMS (2)")): Object: 'Object Repository/Page_KiboEngage  Dashboard/a_SMS (2)' is clicked on

2019-04-08 13:06:16 - [MESSAGE][PASSED] - Object: 'Object Repository/Page_KiboEngage  Dashboard/a_SMS (2)' is clicked on

2019-04-08 13:06:16 - [TEST_STEP][PASSED] - click(findTestObject("Object Repository/Page_KiboEngage  Dashboard/span_Messenger")): Object: 'Object Repository/Page_KiboEngage  Dashboard/span_Messenger' is clicked on

2019-04-08 13:06:16 - [MESSAGE][PASSED] - Object: 'Object Repository/Page_KiboEngage  Dashboard/span_Messenger' is clicked on

2019-04-08 13:06:16 - [MESSAGE][PASSED] - Call Test Case 'Test Cases/s-sidebar_navigation/individualAccount/Login-KiboEngage' successfully

2019-04-08 13:06:16 - [TEST_STEP][PASSED] - click(findTestObject("Page_KiboPush  Dashboard/h3_Dashboard")): Object: 'Object Repository/Page_KiboPush  Dashboard/h3_Dashboard' is clicked on

2019-04-08 13:06:16 - [MESSAGE][PASSED] - Object: 'Object Repository/Page_KiboPush  Dashboard/h3_Dashboard' is clicked on

2019-04-08 13:06:16 - [TEST_STEP][PASSED] - click(findTestObject("Page_KiboPush  Dashboard/span_Dashboard")): Object: 'Object Repository/Page_KiboPush  Dashboard/span_Dashboard' is clicked on

2019-04-08 13:06:16 - [MESSAGE][PASSED] - Object: 'Object Repository/Page_KiboPush  Dashboard/span_Dashboard' is clicked on

2019-04-08 13:06:16 - [MESSAGE][PASSED] - Call Test Case 'Test Cases/s-sidebar_navigation/individualAccount/Dashboard' successfully

2019-04-08 13:06:16 - [TEST_STEP][PASSED] - click(findTestObject("Page_KiboEngage  Dashboard/a_SMS (1)")): Object: 'Object Repository/Page_KiboEngage  Dashboard/a_SMS (1)' is clicked on

2019-04-08 13:06:16 - [MESSAGE][PASSED] - Object: 'Object Repository/Page_KiboEngage  Dashboard/a_SMS (1)' is clicked on

2019-04-08 13:06:16 - [TEST_STEP][PASSED] - click(findTestObject("Page_KiboEngage  Dashboard/span_SMS (1)")): Object: 'Object Repository/Page_KiboEngage  Dashboard/span_SMS (1)' is clicked on

2019-04-08 13:06:16 - [MESSAGE][PASSED] - Object: 'Object Repository/Page_KiboEngage  Dashboard/span_SMS (1)' is clicked on

2019-04-08 13:06:16 - [MESSAGE][PASSED] - Call Test Case 'Test Cases/SMS/SMSPlatform' successfully

2019-04-08 13:06:16 - [TEST_STEP][PASSED] - delay(1): Delayed 1 second(s)

2019-04-08 13:06:17 - [MESSAGE][PASSED] - Delayed 1 second(s)

2019-04-08 13:06:17 - [TEST_STEP][PASSED] - click(findTestObject("Page_KiboEngage  Dashboard/span_Broadcasting (1)")): Object: 'Object Repository/Page_KiboEngage  Dashboard/span_Broadcasting (1)' is clicked on

2019-04-08 13:06:17 - [MESSAGE][PASSED] - Object: 'Object Repository/Page_KiboEngage  Dashboard/span_Broadcasting (1)' is clicked on

2019-04-08 13:06:17 - [TEST_STEP][PASSED] - click(findTestObject("Page_KiboEngage  Dashboard/span_Broadcasts")): Object: 'Object Repository/Page_KiboEngage  Dashboard/span_Broadcasts' is clicked on

2019-04-08 13:06:17 - [MESSAGE][PASSED] - Object: 'Object Repository/Page_KiboEngage  Dashboard/span_Broadcasts' is clicked on

2019-04-08 13:06:17 - [TEST_STEP][PASSED] - click(findTestObject("Page_KiboEngage  Broadcasts/h3_Broadcasts (1) (1) (1) (1) (1) (1) (1) (1) (1)")): Object: 'Object Repository/Page_KiboEngage  Broadcasts/h3_Broadcasts (1) (1) (1) (1) (1) (1) (1) (1) (1)' is clicked on

2019-04-08 13:06:17 - [MESSAGE][PASSED] - Object: 'Object Repository/Page_KiboEngage  Broadcasts/h3_Broadcasts (1) (1) (1) (1) (1) (1) (1) (1) (1)' is clicked on

2019-04-08 13:06:17 - [TEST_STEP][PASSED] - delay(1): Delayed 1 second(s)

2019-04-08 13:06:18 - [MESSAGE][PASSED] - Delayed 1 second(s)

2019-04-08 13:06:18 - [TEST_STEP][PASSED] - click(findTestObject("Page_KiboEngage  Broadcasts/span_Create New (1) (1) (1) (1) (1) (1) (1) (1)")): Object: 'Object Repository/Page_KiboEngage  Broadcasts/span_Create New (1) (1) (1) (1) (1) (1) (1) (1)' is clicked on

2019-04-08 13:06:19 - [MESSAGE][PASSED] - Object: 'Object Repository/Page_KiboEngage  Broadcasts/span_Create New (1) (1) (1) (1) (1) (1) (1) (1)' is clicked on

2019-04-08 13:06:19 - [TEST_STEP][PASSED] - click(findTestObject("Page_KiboEngage  Broadcasts/button_Create New Broadcast (1) (1) (1) (1) (1) (1) (1) (1)")): Object: 'Object Repository/Page_KiboEngage  Broadcasts/button_Create New Broadcast (1) (1) (1) (1) (1) (1) (1) (1)' is clicked on

2019-04-08 13:06:19 - [MESSAGE][PASSED] - Object: 'Object Repository/Page_KiboEngage  Broadcasts/button_Create New Broadcast (1) (1) (1) (1) (1) (1) (1) (1)' is clicked on

2019-04-08 13:06:19 - [TEST_STEP][PASSED] - delay(1): Delayed 1 second(s)

2019-04-08 13:06:20 - [MESSAGE][PASSED] - Delayed 1 second(s)

2019-04-08 13:06:20 - [TEST_STEP][PASSED] - setText(findTestObject("Page_KiboEngage  Broadcasts/input_Push Message_form-control m-input (1) (1) (1) (1) (1) (1)"), "faizan"): Text 'faizan' is set on object 'Object Repository/Page_KiboEngage  Broadcasts/input_Push Message_form-control m-input (1) (1) (1) (1) (1) (1)'

2019-04-08 13:06:20 - [MESSAGE][PASSED] - Text 'faizan' is set on object 'Object Repository/Page_KiboEngage  Broadcasts/input_Push Message_form-control m-input (1) (1) (1) (1) (1) (1)'

2019-04-08 13:06:20 - [TEST_STEP][PASSED] - setText(findTestObject("Page_KiboEngage  Broadcasts/textarea_Automated testing (1) (1)"), "Automated testing"): Text 'Automated testing' is set on object 'Object Repository/Page_KiboEngage  Broadcasts/textarea_Automated testing (1) (1)'

2019-04-08 13:06:20 - [MESSAGE][PASSED] - Text 'Automated testing' is set on object 'Object Repository/Page_KiboEngage  Broadcasts/textarea_Automated testing (1) (1)'

2019-04-08 13:06:20 - [TEST_STEP][PASSED] - selectOptionByValue(findTestObject("Page_KiboEngage  Broadcasts/select_Select Conditionnamenumber (2) (1) (1)"), "number", true): All options with value 'number' are selected in object 'Object Repository/Page_KiboEngage  Broadcasts/select_Select Conditionnamenumber (2) (1) (1)'  using regular expression

2019-04-08 13:06:20 - [MESSAGE][PASSED] - All options with value 'number' are selected in object 'Object Repository/Page_KiboEngage  Broadcasts/select_Select Conditionnamenumber (2) (1) (1)'  using regular expression

2019-04-08 13:06:20 - [TEST_STEP][PASSED] - selectOptionByValue(findTestObject("Page_KiboEngage  Broadcasts/select_Select Criteriaiscontainsbegins with (2) (1) (1)"), "is", true): All options with value 'is' are selected in object 'Object Repository/Page_KiboEngage  Broadcasts/select_Select Criteriaiscontainsbegins with (2) (1) (1)'  using regular expression

2019-04-08 13:06:20 - [MESSAGE][PASSED] - All options with value 'is' are selected in object 'Object Repository/Page_KiboEngage  Broadcasts/select_Select Criteriaiscontainsbegins with (2) (1) (1)'  using regular expression

2019-04-08 13:06:20 - [TEST_STEP][PASSED] - setText(findTestObject("Page_KiboEngage  Broadcasts/input_Value_text (2) (1) (1)"), "+923333739566"): Text '+923333739566' is set on object 'Object Repository/Page_KiboEngage  Broadcasts/input_Value_text (2) (1) (1)'

2019-04-08 13:06:21 - [MESSAGE][PASSED] - Text '+923333739566' is set on object 'Object Repository/Page_KiboEngage  Broadcasts/input_Value_text (2) (1) (1)'

2019-04-08 13:06:21 - [TEST_STEP][PASSED] - click(findTestObject("Page_KiboEngage  Broadcasts/button_ Add Condition")): Object: 'Object Repository/Page_KiboEngage  Broadcasts/button_ Add Condition' is clicked on

2019-04-08 13:06:21 - [MESSAGE][PASSED] - Object: 'Object Repository/Page_KiboEngage  Broadcasts/button_ Add Condition' is clicked on

2019-04-08 13:06:21 - [TEST_STEP][PASSED] - selectOptionByValue(findTestObject("Page_KiboEngage  Broadcasts/select_Select Conditionnamenumber (3)"), "name", true): All options with value 'name' are selected in object 'Object Repository/Page_KiboEngage  Broadcasts/select_Select Conditionnamenumber (3)'  using regular expression

2019-04-08 13:06:21 - [MESSAGE][PASSED] - All options with value 'name' are selected in object 'Object Repository/Page_KiboEngage  Broadcasts/select_Select Conditionnamenumber (3)'  using regular expression

2019-04-08 13:06:21 - [TEST_STEP][PASSED] - selectOptionByValue(findTestObject("Page_KiboEngage  Broadcasts/select_Select Criteriaiscontainsbegins with (3)"), "contains", true): All options with value 'contains' are selected in object 'Object Repository/Page_KiboEngage  Broadcasts/select_Select Criteriaiscontainsbegins with (3)'  using regular expression

2019-04-08 13:06:21 - [MESSAGE][PASSED] - All options with value 'contains' are selected in object 'Object Repository/Page_KiboEngage  Broadcasts/select_Select Criteriaiscontainsbegins with (3)'  using regular expression

2019-04-08 13:06:21 - [TEST_STEP][PASSED] - setText(findTestObject("Page_KiboEngage  Broadcasts/input_Remove_text"), "Fa"): Text 'Fa' is set on object 'Object Repository/Page_KiboEngage  Broadcasts/input_Remove_text'

2019-04-08 13:06:21 - [MESSAGE][PASSED] - Text 'Fa' is set on object 'Object Repository/Page_KiboEngage  Broadcasts/input_Remove_text'

2019-04-08 13:06:21 - [TEST_STEP][PASSED] - click(findTestObject("Page_KiboEngage  Broadcasts/span_Send (6)")): Object: 'Object Repository/Page_KiboEngage  Broadcasts/span_Send (6)' is clicked on

2019-04-08 13:06:21 - [MESSAGE][PASSED] - Object: 'Object Repository/Page_KiboEngage  Broadcasts/span_Send (6)' is clicked on

2019-04-08 13:06:21 - [TEST_STEP][PASSED] - click(findTestObject("Page_KiboEngage  Broadcasts/div_Broadcast sent successfully (1)")): Object: 'Object Repository/Page_KiboEngage  Broadcasts/div_Broadcast sent successfully (1)' is clicked on

2019-04-08 13:06:22 - [MESSAGE][PASSED] - Object: 'Object Repository/Page_KiboEngage  Broadcasts/div_Broadcast sent successfully (1)' is clicked on]]></system-out>
         <system-err><![CDATA[]]></system-err>
      </testcase>
      <testcase name="Test Cases/SMS/sms broadcast/TC11186" classname="Test Cases/SMS/sms broadcast/TC11186" status="PASSED">
         <system-out><![CDATA[2019-04-08 13:06:22 - [TEST_CASE][PASSED] - Test Cases/SMS/sms broadcast/TC11186: Test Cases/SMS/sms broadcast/TC11186

2019-04-08 13:06:22 - [TEST_STEP][PASSED] - callTestCase(findTestCase("SMS/SMSPlatform"), [:], STOP_ON_FAILURE): Call Test Case 'Test Cases/SMS/SMSPlatform' successfully

2019-04-08 13:06:22 - [TEST_CASE][PASSED] - Test Cases/SMS/SMSPlatform: Test Cases/SMS/SMSPlatform

2019-04-08 13:06:22 - [TEST_STEP][PASSED] - callTestCase(findTestCase("s-sidebar_navigation/individualAccount/Dashboard"), [:], STOP_ON_FAILURE): Call Test Case 'Test Cases/s-sidebar_navigation/individualAccount/Dashboard' successfully

2019-04-08 13:06:22 - [TEST_CASE][PASSED] - Test Cases/s-sidebar_navigation/individualAccount/Dashboard: Test Cases/s-sidebar_navigation/individualAccount/Dashboard

2019-04-08 13:06:22 - [TEST_STEP][PASSED] - callTestCase(findTestCase("s-sidebar_navigation/individualAccount/Login-KiboEngage"), [:], STOP_ON_FAILURE): Call Test Case 'Test Cases/s-sidebar_navigation/individualAccount/Login-KiboEngage' successfully

2019-04-08 13:06:22 - [TEST_CASE][PASSED] - Test Cases/s-sidebar_navigation/individualAccount/Login-KiboEngage: Test Cases/s-sidebar_navigation/individualAccount/Login-KiboEngage

2019-04-08 13:06:22 - [TEST_STEP][PASSED] - openBrowser(""): Browser is opened with url: ''

2019-04-08 13:06:22 - [MESSAGE][WARNING] - A browser is already opened. Closing browser and opening a new one

2019-04-08 13:06:22 - [MESSAGE][INFO] - Starting 'Chrome' driver

2019-04-08 13:06:23 - [MESSAGE][PASSED] - Browser is opened with url: ''

2019-04-08 13:06:23 - [TEST_STEP][PASSED] - maximizeWindow(): Current window maximized

2019-04-08 13:06:23 - [MESSAGE][PASSED] - Current window maximized

2019-04-08 13:06:23 - [TEST_STEP][PASSED] - navigateToUrl("https://kiboengage.cloudkibo.com/"): Navigate to 'https://kiboengage.cloudkibo.com/' successfully

2019-04-08 13:06:30 - [MESSAGE][PASSED] - Navigate to 'https://kiboengage.cloudkibo.com/' successfully

2019-04-08 13:06:30 - [TEST_STEP][PASSED] - navigateToUrl("https://accounts.cloudkibo.com/?continue=https://kiboengage.cloudkibo.com"): Navigate to 'https://accounts.cloudkibo.com/?continue=https://kiboengage.cloudkibo.com' successfully

2019-04-08 13:06:31 - [MESSAGE][PASSED] - Navigate to 'https://accounts.cloudkibo.com/?continue=https://kiboengage.cloudkibo.com' successfully

2019-04-08 13:06:31 - [TEST_STEP][PASSED] - click(findTestObject("Page_KiboPush/a_Login (9) (1)")): Object: 'Object Repository/Page_KiboPush/a_Login (9) (1)' is clicked on

2019-04-08 13:06:31 - [MESSAGE][PASSED] - Object: 'Object Repository/Page_KiboPush/a_Login (9) (1)' is clicked on

2019-04-08 13:06:31 - [TEST_STEP][PASSED] - setText(findTestObject("Page_KiboPush/input_email (10) (1)"), "individual@cloudkibo.com"): Text 'individual@cloudkibo.com' is set on object 'Object Repository/Page_KiboPush/input_email (10) (1)'

2019-04-08 13:06:32 - [MESSAGE][PASSED] - Text 'individual@cloudkibo.com' is set on object 'Object Repository/Page_KiboPush/input_email (10) (1)'

2019-04-08 13:06:32 - [TEST_STEP][PASSED] - setEncryptedText(findTestObject("Page_KiboPush/input_password (9) (1)"), "RigbBhfdqOBGNlJIWM1ClA=="): Text ****** has been set on object 'Object Repository/Page_KiboPush/input_password (9) (1)'

2019-04-08 13:06:32 - [MESSAGE][PASSED] - Text ****** has been set on object 'Object Repository/Page_KiboPush/input_password (9) (1)'

2019-04-08 13:06:32 - [TEST_STEP][PASSED] - click(findTestObject("Page_KiboPush/button_Sign In (10) (1)")): Object: 'Object Repository/Page_KiboPush/button_Sign In (10) (1)' is clicked on

2019-04-08 13:06:32 - [MESSAGE][PASSED] - Object: 'Object Repository/Page_KiboPush/button_Sign In (10) (1)' is clicked on

2019-04-08 13:06:32 - [TEST_STEP][PASSED] - navigateToUrl("https://kiboengage.cloudkibo.com/dashboard"): Navigate to 'https://kiboengage.cloudkibo.com/dashboard' successfully

2019-04-08 13:06:46 - [MESSAGE][PASSED] - Navigate to 'https://kiboengage.cloudkibo.com/dashboard' successfully

2019-04-08 13:06:46 - [TEST_STEP][PASSED] - click(findTestObject("Page_KiboPush  Dashboard/h3_Dashboard (57)")): Object: 'Object Repository/Page_KiboPush  Dashboard/h3_Dashboard (57)' is clicked on

2019-04-08 13:06:46 - [MESSAGE][PASSED] - Object: 'Object Repository/Page_KiboPush  Dashboard/h3_Dashboard (57)' is clicked on

2019-04-08 13:06:46 - [TEST_STEP][PASSED] - delay(3): Delayed 3 second(s)

2019-04-08 13:06:49 - [MESSAGE][PASSED] - Delayed 3 second(s)

2019-04-08 13:06:49 - [TEST_STEP][PASSED] - click(findTestObject("Object Repository/Page_KiboEngage  Dashboard/a_SMS (2)")): Object: 'Object Repository/Page_KiboEngage  Dashboard/a_SMS (2)' is clicked on

2019-04-08 13:06:49 - [MESSAGE][PASSED] - Object: 'Object Repository/Page_KiboEngage  Dashboard/a_SMS (2)' is clicked on

2019-04-08 13:06:49 - [TEST_STEP][PASSED] - click(findTestObject("Object Repository/Page_KiboEngage  Dashboard/span_Messenger")): Object: 'Object Repository/Page_KiboEngage  Dashboard/span_Messenger' is clicked on

2019-04-08 13:06:49 - [MESSAGE][PASSED] - Object: 'Object Repository/Page_KiboEngage  Dashboard/span_Messenger' is clicked on

2019-04-08 13:06:49 - [MESSAGE][PASSED] - Call Test Case 'Test Cases/s-sidebar_navigation/individualAccount/Login-KiboEngage' successfully

2019-04-08 13:06:49 - [TEST_STEP][PASSED] - click(findTestObject("Page_KiboPush  Dashboard/h3_Dashboard")): Object: 'Object Repository/Page_KiboPush  Dashboard/h3_Dashboard' is clicked on

2019-04-08 13:06:49 - [MESSAGE][PASSED] - Object: 'Object Repository/Page_KiboPush  Dashboard/h3_Dashboard' is clicked on

2019-04-08 13:06:49 - [TEST_STEP][PASSED] - click(findTestObject("Page_KiboPush  Dashboard/span_Dashboard")): Object: 'Object Repository/Page_KiboPush  Dashboard/span_Dashboard' is clicked on

2019-04-08 13:06:49 - [MESSAGE][PASSED] - Object: 'Object Repository/Page_KiboPush  Dashboard/span_Dashboard' is clicked on

2019-04-08 13:06:49 - [MESSAGE][PASSED] - Call Test Case 'Test Cases/s-sidebar_navigation/individualAccount/Dashboard' successfully

2019-04-08 13:06:49 - [TEST_STEP][PASSED] - click(findTestObject("Page_KiboEngage  Dashboard/a_SMS (1)")): Object: 'Object Repository/Page_KiboEngage  Dashboard/a_SMS (1)' is clicked on

2019-04-08 13:06:49 - [MESSAGE][PASSED] - Object: 'Object Repository/Page_KiboEngage  Dashboard/a_SMS (1)' is clicked on

2019-04-08 13:06:49 - [TEST_STEP][PASSED] - click(findTestObject("Page_KiboEngage  Dashboard/span_SMS (1)")): Object: 'Object Repository/Page_KiboEngage  Dashboard/span_SMS (1)' is clicked on

2019-04-08 13:06:49 - [MESSAGE][PASSED] - Object: 'Object Repository/Page_KiboEngage  Dashboard/span_SMS (1)' is clicked on

2019-04-08 13:06:49 - [MESSAGE][PASSED] - Call Test Case 'Test Cases/SMS/SMSPlatform' successfully

2019-04-08 13:06:49 - [TEST_STEP][PASSED] - delay(1): Delayed 1 second(s)

2019-04-08 13:06:50 - [MESSAGE][PASSED] - Delayed 1 second(s)

2019-04-08 13:06:50 - [TEST_STEP][PASSED] - click(findTestObject("Page_KiboEngage  Dashboard/span_Broadcasting (1)")): Object: 'Object Repository/Page_KiboEngage  Dashboard/span_Broadcasting (1)' is clicked on

2019-04-08 13:06:51 - [MESSAGE][PASSED] - Object: 'Object Repository/Page_KiboEngage  Dashboard/span_Broadcasting (1)' is clicked on

2019-04-08 13:06:51 - [TEST_STEP][PASSED] - click(findTestObject("Page_KiboEngage  Dashboard/span_Broadcasts")): Object: 'Object Repository/Page_KiboEngage  Dashboard/span_Broadcasts' is clicked on

2019-04-08 13:06:51 - [MESSAGE][PASSED] - Object: 'Object Repository/Page_KiboEngage  Dashboard/span_Broadcasts' is clicked on

2019-04-08 13:06:51 - [TEST_STEP][PASSED] - click(findTestObject("Object Repository/Page_KiboEngage  Broadcasts/h3_Broadcasts (1) (1) (1) (1) (1) (1) (1) (1) (1) (1)")): Object: 'Object Repository/Page_KiboEngage  Broadcasts/h3_Broadcasts (1) (1) (1) (1) (1) (1) (1) (1) (1) (1)' is clicked on

2019-04-08 13:06:51 - [MESSAGE][PASSED] - Object: 'Object Repository/Page_KiboEngage  Broadcasts/h3_Broadcasts (1) (1) (1) (1) (1) (1) (1) (1) (1) (1)' is clicked on

2019-04-08 13:06:51 - [TEST_STEP][PASSED] - delay(1): Delayed 1 second(s)

2019-04-08 13:06:52 - [MESSAGE][PASSED] - Delayed 1 second(s)

2019-04-08 13:06:52 - [TEST_STEP][PASSED] - click(findTestObject("Object Repository/Page_KiboEngage  Broadcasts/span_Create New (1) (1) (1) (1) (1) (1) (1) (1) (1)")): Object: 'Object Repository/Page_KiboEngage  Broadcasts/span_Create New (1) (1) (1) (1) (1) (1) (1) (1) (1)' is clicked on

2019-04-08 13:06:52 - [MESSAGE][PASSED] - Object: 'Object Repository/Page_KiboEngage  Broadcasts/span_Create New (1) (1) (1) (1) (1) (1) (1) (1) (1)' is clicked on

2019-04-08 13:06:52 - [TEST_STEP][PASSED] - click(findTestObject("Object Repository/Page_KiboEngage  Broadcasts/button_Create New Broadcast (1) (1) (1) (1) (1) (1) (1) (1) (1)")): Object: 'Object Repository/Page_KiboEngage  Broadcasts/button_Create New Broadcast (1) (1) (1) (1) (1) (1) (1) (1) (1)' is clicked on

2019-04-08 13:06:52 - [MESSAGE][PASSED] - Object: 'Object Repository/Page_KiboEngage  Broadcasts/button_Create New Broadcast (1) (1) (1) (1) (1) (1) (1) (1) (1)' is clicked on

2019-04-08 13:06:52 - [TEST_STEP][PASSED] - delay(1): Delayed 1 second(s)

2019-04-08 13:06:53 - [MESSAGE][PASSED] - Delayed 1 second(s)

2019-04-08 13:06:53 - [TEST_STEP][PASSED] - setText(findTestObject("Object Repository/Page_KiboEngage  Broadcasts/input_Push Message_form-control m-input (1) (1) (1) (1) (1) (1) (1)"), "faizan"): Text 'faizan' is set on object 'Object Repository/Page_KiboEngage  Broadcasts/input_Push Message_form-control m-input (1) (1) (1) (1) (1) (1) (1)'

2019-04-08 13:06:53 - [MESSAGE][PASSED] - Text 'faizan' is set on object 'Object Repository/Page_KiboEngage  Broadcasts/input_Push Message_form-control m-input (1) (1) (1) (1) (1) (1) (1)'

2019-04-08 13:06:53 - [TEST_STEP][PASSED] - setText(findTestObject("Object Repository/Page_KiboEngage  Broadcasts/textarea_Automated testing (1) (1) (1)"), "Automated testing"): Text 'Automated testing' is set on object 'Object Repository/Page_KiboEngage  Broadcasts/textarea_Automated testing (1) (1) (1)'

2019-04-08 13:06:53 - [MESSAGE][PASSED] - Text 'Automated testing' is set on object 'Object Repository/Page_KiboEngage  Broadcasts/textarea_Automated testing (1) (1) (1)'

2019-04-08 13:06:53 - [TEST_STEP][PASSED] - selectOptionByValue(findTestObject("Object Repository/Page_KiboEngage  Broadcasts/select_Select Conditionnamenumber (2) (1) (1) (1)"), "number", true): All options with value 'number' are selected in object 'Object Repository/Page_KiboEngage  Broadcasts/select_Select Conditionnamenumber (2) (1) (1) (1)'  using regular expression

2019-04-08 13:06:54 - [MESSAGE][PASSED] - All options with value 'number' are selected in object 'Object Repository/Page_KiboEngage  Broadcasts/select_Select Conditionnamenumber (2) (1) (1) (1)'  using regular expression

2019-04-08 13:06:54 - [TEST_STEP][PASSED] - selectOptionByValue(findTestObject("Object Repository/Page_KiboEngage  Broadcasts/select_Select Criteriaiscontainsbegins with (2) (1) (1) (1)"), "is", true): All options with value 'is' are selected in object 'Object Repository/Page_KiboEngage  Broadcasts/select_Select Criteriaiscontainsbegins with (2) (1) (1) (1)'  using regular expression

2019-04-08 13:06:54 - [MESSAGE][PASSED] - All options with value 'is' are selected in object 'Object Repository/Page_KiboEngage  Broadcasts/select_Select Criteriaiscontainsbegins with (2) (1) (1) (1)'  using regular expression

2019-04-08 13:06:54 - [TEST_STEP][PASSED] - setText(findTestObject("Object Repository/Page_KiboEngage  Broadcasts/input_Value_text (2) (1) (1) (1)"), "+923333739566"): Text '+923333739566' is set on object 'Object Repository/Page_KiboEngage  Broadcasts/input_Value_text (2) (1) (1) (1)'

2019-04-08 13:06:54 - [MESSAGE][PASSED] - Text '+923333739566' is set on object 'Object Repository/Page_KiboEngage  Broadcasts/input_Value_text (2) (1) (1) (1)'

2019-04-08 13:06:54 - [TEST_STEP][PASSED] - click(findTestObject("Object Repository/Page_KiboEngage  Broadcasts/button_ Add Condition (1)")): Object: 'Object Repository/Page_KiboEngage  Broadcasts/button_ Add Condition (1)' is clicked on

2019-04-08 13:06:54 - [MESSAGE][PASSED] - Object: 'Object Repository/Page_KiboEngage  Broadcasts/button_ Add Condition (1)' is clicked on

2019-04-08 13:06:54 - [TEST_STEP][PASSED] - selectOptionByValue(findTestObject("Object Repository/Page_KiboEngage  Broadcasts/select_Select Conditionnamenumber (3) (1)"), "name", true): All options with value 'name' are selected in object 'Object Repository/Page_KiboEngage  Broadcasts/select_Select Conditionnamenumber (3) (1)'  using regular expression

2019-04-08 13:06:54 - [MESSAGE][PASSED] - All options with value 'name' are selected in object 'Object Repository/Page_KiboEngage  Broadcasts/select_Select Conditionnamenumber (3) (1)'  using regular expression

2019-04-08 13:06:54 - [TEST_STEP][PASSED] - selectOptionByValue(findTestObject("Object Repository/Page_KiboEngage  Broadcasts/select_Select Criteriaiscontainsbegins with (3) (1)"), "contains", true): All options with value 'contains' are selected in object 'Object Repository/Page_KiboEngage  Broadcasts/select_Select Criteriaiscontainsbegins with (3) (1)'  using regular expression

2019-04-08 13:06:54 - [MESSAGE][PASSED] - All options with value 'contains' are selected in object 'Object Repository/Page_KiboEngage  Broadcasts/select_Select Criteriaiscontainsbegins with (3) (1)'  using regular expression

2019-04-08 13:06:54 - [TEST_STEP][PASSED] - setText(findTestObject("Object Repository/Page_KiboEngage  Broadcasts/input_Remove_text (1)"), "Fa"): Text 'Fa' is set on object 'Object Repository/Page_KiboEngage  Broadcasts/input_Remove_text (1)'

2019-04-08 13:06:54 - [MESSAGE][PASSED] - Text 'Fa' is set on object 'Object Repository/Page_KiboEngage  Broadcasts/input_Remove_text (1)'

2019-04-08 13:06:54 - [TEST_STEP][PASSED] - click(findTestObject("Object Repository/Page_KiboEngage  Broadcasts/button_Remove")): Object: 'Object Repository/Page_KiboEngage  Broadcasts/button_Remove' is clicked on

2019-04-08 13:06:54 - [MESSAGE][PASSED] - Object: 'Object Repository/Page_KiboEngage  Broadcasts/button_Remove' is clicked on

2019-04-08 13:06:54 - [TEST_STEP][PASSED] - driver = getWebDriver(): null

2019-04-08 13:06:54 - [TEST_STEP][PASSED] - Table = driver.findElement(By.xpath("//*[@id="m-datatable--27866229129"]/tbody")): null

2019-04-08 13:06:54 - [TEST_STEP][PASSED] - rows_table = Table.findElements(By.tagName("tr")): null

2019-04-08 13:06:54 - [TEST_STEP][PASSED] - verifyEqual(rows_table.size(), 1): Actual object '1' and expected object '1' are equal

2019-04-08 13:06:54 - [MESSAGE][PASSED] - Actual object '1' and expected object '1' are equal]]></system-out>
         <system-err><![CDATA[]]></system-err>
      </testcase>
      <testcase name="Test Cases/SMS/sms broadcast/TC11187" classname="Test Cases/SMS/sms broadcast/TC11187" status="PASSED">
         <system-out><![CDATA[2019-04-08 13:06:54 - [TEST_CASE][PASSED] - Test Cases/SMS/sms broadcast/TC11187: Test Cases/SMS/sms broadcast/TC11187

2019-04-08 13:06:55 - [TEST_STEP][PASSED] - callTestCase(findTestCase("SMS/SMSPlatform"), [:], STOP_ON_FAILURE): Call Test Case 'Test Cases/SMS/SMSPlatform' successfully

2019-04-08 13:06:55 - [TEST_CASE][PASSED] - Test Cases/SMS/SMSPlatform: Test Cases/SMS/SMSPlatform

2019-04-08 13:06:55 - [TEST_STEP][PASSED] - callTestCase(findTestCase("s-sidebar_navigation/individualAccount/Dashboard"), [:], STOP_ON_FAILURE): Call Test Case 'Test Cases/s-sidebar_navigation/individualAccount/Dashboard' successfully

2019-04-08 13:06:55 - [TEST_CASE][PASSED] - Test Cases/s-sidebar_navigation/individualAccount/Dashboard: Test Cases/s-sidebar_navigation/individualAccount/Dashboard

2019-04-08 13:06:55 - [TEST_STEP][PASSED] - callTestCase(findTestCase("s-sidebar_navigation/individualAccount/Login-KiboEngage"), [:], STOP_ON_FAILURE): Call Test Case 'Test Cases/s-sidebar_navigation/individualAccount/Login-KiboEngage' successfully

2019-04-08 13:06:55 - [TEST_CASE][PASSED] - Test Cases/s-sidebar_navigation/individualAccount/Login-KiboEngage: Test Cases/s-sidebar_navigation/individualAccount/Login-KiboEngage

2019-04-08 13:06:55 - [TEST_STEP][PASSED] - openBrowser(""): Browser is opened with url: ''

2019-04-08 13:06:55 - [MESSAGE][WARNING] - A browser is already opened. Closing browser and opening a new one

2019-04-08 13:06:55 - [MESSAGE][INFO] - Starting 'Chrome' driver

2019-04-08 13:06:55 - [MESSAGE][PASSED] - Browser is opened with url: ''

2019-04-08 13:06:55 - [TEST_STEP][PASSED] - maximizeWindow(): Current window maximized

2019-04-08 13:06:55 - [MESSAGE][PASSED] - Current window maximized

2019-04-08 13:06:55 - [TEST_STEP][PASSED] - navigateToUrl("https://kiboengage.cloudkibo.com/"): Navigate to 'https://kiboengage.cloudkibo.com/' successfully

2019-04-08 13:07:04 - [MESSAGE][PASSED] - Navigate to 'https://kiboengage.cloudkibo.com/' successfully

2019-04-08 13:07:04 - [TEST_STEP][PASSED] - navigateToUrl("https://accounts.cloudkibo.com/?continue=https://kiboengage.cloudkibo.com"): Navigate to 'https://accounts.cloudkibo.com/?continue=https://kiboengage.cloudkibo.com' successfully

2019-04-08 13:07:04 - [MESSAGE][PASSED] - Navigate to 'https://accounts.cloudkibo.com/?continue=https://kiboengage.cloudkibo.com' successfully

2019-04-08 13:07:04 - [TEST_STEP][PASSED] - click(findTestObject("Page_KiboPush/a_Login (9) (1)")): Object: 'Object Repository/Page_KiboPush/a_Login (9) (1)' is clicked on

2019-04-08 13:07:05 - [MESSAGE][PASSED] - Object: 'Object Repository/Page_KiboPush/a_Login (9) (1)' is clicked on

2019-04-08 13:07:05 - [TEST_STEP][PASSED] - setText(findTestObject("Page_KiboPush/input_email (10) (1)"), "individual@cloudkibo.com"): Text 'individual@cloudkibo.com' is set on object 'Object Repository/Page_KiboPush/input_email (10) (1)'

2019-04-08 13:07:05 - [MESSAGE][PASSED] - Text 'individual@cloudkibo.com' is set on object 'Object Repository/Page_KiboPush/input_email (10) (1)'

2019-04-08 13:07:05 - [TEST_STEP][PASSED] - setEncryptedText(findTestObject("Page_KiboPush/input_password (9) (1)"), "RigbBhfdqOBGNlJIWM1ClA=="): Text ****** has been set on object 'Object Repository/Page_KiboPush/input_password (9) (1)'

2019-04-08 13:07:05 - [MESSAGE][PASSED] - Text ****** has been set on object 'Object Repository/Page_KiboPush/input_password (9) (1)'

2019-04-08 13:07:05 - [TEST_STEP][PASSED] - click(findTestObject("Page_KiboPush/button_Sign In (10) (1)")): Object: 'Object Repository/Page_KiboPush/button_Sign In (10) (1)' is clicked on

2019-04-08 13:07:05 - [MESSAGE][PASSED] - Object: 'Object Repository/Page_KiboPush/button_Sign In (10) (1)' is clicked on

2019-04-08 13:07:05 - [TEST_STEP][PASSED] - navigateToUrl("https://kiboengage.cloudkibo.com/dashboard"): Navigate to 'https://kiboengage.cloudkibo.com/dashboard' successfully

2019-04-08 13:07:18 - [MESSAGE][PASSED] - Navigate to 'https://kiboengage.cloudkibo.com/dashboard' successfully

2019-04-08 13:07:18 - [TEST_STEP][PASSED] - click(findTestObject("Page_KiboPush  Dashboard/h3_Dashboard (57)")): Object: 'Object Repository/Page_KiboPush  Dashboard/h3_Dashboard (57)' is clicked on

2019-04-08 13:07:18 - [MESSAGE][PASSED] - Object: 'Object Repository/Page_KiboPush  Dashboard/h3_Dashboard (57)' is clicked on

2019-04-08 13:07:18 - [TEST_STEP][PASSED] - delay(3): Delayed 3 second(s)

2019-04-08 13:07:21 - [MESSAGE][PASSED] - Delayed 3 second(s)

2019-04-08 13:07:21 - [TEST_STEP][PASSED] - click(findTestObject("Object Repository/Page_KiboEngage  Dashboard/a_SMS (2)")): Object: 'Object Repository/Page_KiboEngage  Dashboard/a_SMS (2)' is clicked on

2019-04-08 13:07:21 - [MESSAGE][PASSED] - Object: 'Object Repository/Page_KiboEngage  Dashboard/a_SMS (2)' is clicked on

2019-04-08 13:07:21 - [TEST_STEP][PASSED] - click(findTestObject("Object Repository/Page_KiboEngage  Dashboard/span_Messenger")): Object: 'Object Repository/Page_KiboEngage  Dashboard/span_Messenger' is clicked on

2019-04-08 13:07:21 - [MESSAGE][PASSED] - Object: 'Object Repository/Page_KiboEngage  Dashboard/span_Messenger' is clicked on

2019-04-08 13:07:21 - [MESSAGE][PASSED] - Call Test Case 'Test Cases/s-sidebar_navigation/individualAccount/Login-KiboEngage' successfully

2019-04-08 13:07:21 - [TEST_STEP][PASSED] - click(findTestObject("Page_KiboPush  Dashboard/h3_Dashboard")): Object: 'Object Repository/Page_KiboPush  Dashboard/h3_Dashboard' is clicked on

2019-04-08 13:07:21 - [MESSAGE][PASSED] - Object: 'Object Repository/Page_KiboPush  Dashboard/h3_Dashboard' is clicked on

2019-04-08 13:07:21 - [TEST_STEP][PASSED] - click(findTestObject("Page_KiboPush  Dashboard/span_Dashboard")): Object: 'Object Repository/Page_KiboPush  Dashboard/span_Dashboard' is clicked on

2019-04-08 13:07:22 - [MESSAGE][PASSED] - Object: 'Object Repository/Page_KiboPush  Dashboard/span_Dashboard' is clicked on

2019-04-08 13:07:22 - [MESSAGE][PASSED] - Call Test Case 'Test Cases/s-sidebar_navigation/individualAccount/Dashboard' successfully

2019-04-08 13:07:22 - [TEST_STEP][PASSED] - click(findTestObject("Page_KiboEngage  Dashboard/a_SMS (1)")): Object: 'Object Repository/Page_KiboEngage  Dashboard/a_SMS (1)' is clicked on

2019-04-08 13:07:22 - [MESSAGE][PASSED] - Object: 'Object Repository/Page_KiboEngage  Dashboard/a_SMS (1)' is clicked on

2019-04-08 13:07:22 - [TEST_STEP][PASSED] - click(findTestObject("Page_KiboEngage  Dashboard/span_SMS (1)")): Object: 'Object Repository/Page_KiboEngage  Dashboard/span_SMS (1)' is clicked on

2019-04-08 13:07:22 - [MESSAGE][PASSED] - Object: 'Object Repository/Page_KiboEngage  Dashboard/span_SMS (1)' is clicked on

2019-04-08 13:07:22 - [MESSAGE][PASSED] - Call Test Case 'Test Cases/SMS/SMSPlatform' successfully

2019-04-08 13:07:22 - [TEST_STEP][PASSED] - delay(1): Delayed 1 second(s)

2019-04-08 13:07:23 - [MESSAGE][PASSED] - Delayed 1 second(s)

2019-04-08 13:07:23 - [TEST_STEP][PASSED] - click(findTestObject("Page_KiboEngage  Dashboard/span_Broadcasting (1)")): Object: 'Object Repository/Page_KiboEngage  Dashboard/span_Broadcasting (1)' is clicked on

2019-04-08 13:07:23 - [MESSAGE][PASSED] - Object: 'Object Repository/Page_KiboEngage  Dashboard/span_Broadcasting (1)' is clicked on

2019-04-08 13:07:23 - [TEST_STEP][PASSED] - click(findTestObject("Page_KiboEngage  Dashboard/span_Broadcasts")): Object: 'Object Repository/Page_KiboEngage  Dashboard/span_Broadcasts' is clicked on

2019-04-08 13:07:23 - [MESSAGE][PASSED] - Object: 'Object Repository/Page_KiboEngage  Dashboard/span_Broadcasts' is clicked on

2019-04-08 13:07:23 - [TEST_STEP][PASSED] - click(findTestObject("Object Repository/Page_KiboEngage  Broadcasts/h3_Broadcasts (1) (1) (1) (1) (1) (1) (1) (1) (1) (2)")): Object: 'Object Repository/Page_KiboEngage  Broadcasts/h3_Broadcasts (1) (1) (1) (1) (1) (1) (1) (1) (1) (2)' is clicked on

2019-04-08 13:07:23 - [MESSAGE][PASSED] - Object: 'Object Repository/Page_KiboEngage  Broadcasts/h3_Broadcasts (1) (1) (1) (1) (1) (1) (1) (1) (1) (2)' is clicked on

2019-04-08 13:07:23 - [TEST_STEP][PASSED] - delay(1): Delayed 1 second(s)

2019-04-08 13:07:24 - [MESSAGE][PASSED] - Delayed 1 second(s)

2019-04-08 13:07:24 - [TEST_STEP][PASSED] - click(findTestObject("Object Repository/Page_KiboEngage  Broadcasts/span_Create New (1) (1) (1) (1) (1) (1) (1) (1) (2)")): Object: 'Object Repository/Page_KiboEngage  Broadcasts/span_Create New (1) (1) (1) (1) (1) (1) (1) (1) (2)' is clicked on

2019-04-08 13:07:24 - [MESSAGE][PASSED] - Object: 'Object Repository/Page_KiboEngage  Broadcasts/span_Create New (1) (1) (1) (1) (1) (1) (1) (1) (2)' is clicked on

2019-04-08 13:07:24 - [TEST_STEP][PASSED] - click(findTestObject("Object Repository/Page_KiboEngage  Broadcasts/button_Create New Broadcast (1) (1) (1) (1) (1) (1) (1) (1) (2)")): Object: 'Object Repository/Page_KiboEngage  Broadcasts/button_Create New Broadcast (1) (1) (1) (1) (1) (1) (1) (1) (2)' is clicked on

2019-04-08 13:07:24 - [MESSAGE][PASSED] - Object: 'Object Repository/Page_KiboEngage  Broadcasts/button_Create New Broadcast (1) (1) (1) (1) (1) (1) (1) (1) (2)' is clicked on

2019-04-08 13:07:24 - [TEST_STEP][PASSED] - delay(1): Delayed 1 second(s)

2019-04-08 13:07:25 - [MESSAGE][PASSED] - Delayed 1 second(s)

2019-04-08 13:07:25 - [TEST_STEP][PASSED] - setText(findTestObject("Object Repository/Page_KiboEngage  Broadcasts/input_Push Message_form-control m-input (1) (1) (1) (1) (1) (1) (2)"), "faizan"): Text 'faizan' is set on object 'Object Repository/Page_KiboEngage  Broadcasts/input_Push Message_form-control m-input (1) (1) (1) (1) (1) (1) (2)'

2019-04-08 13:07:25 - [MESSAGE][PASSED] - Text 'faizan' is set on object 'Object Repository/Page_KiboEngage  Broadcasts/input_Push Message_form-control m-input (1) (1) (1) (1) (1) (1) (2)'

2019-04-08 13:07:25 - [TEST_STEP][PASSED] - setText(findTestObject("Object Repository/Page_KiboEngage  Broadcasts/textarea_Automated testing (1) (1) (2)"), "Automated testing"): Text 'Automated testing' is set on object 'Object Repository/Page_KiboEngage  Broadcasts/textarea_Automated testing (1) (1) (2)'

2019-04-08 13:07:26 - [MESSAGE][PASSED] - Text 'Automated testing' is set on object 'Object Repository/Page_KiboEngage  Broadcasts/textarea_Automated testing (1) (1) (2)'

2019-04-08 13:07:26 - [TEST_STEP][PASSED] - selectOptionByValue(findTestObject("Object Repository/Page_KiboEngage  Broadcasts/select_Select Conditionnamenumber (2) (1) (1) (2)"), "number", true): All options with value 'number' are selected in object 'Object Repository/Page_KiboEngage  Broadcasts/select_Select Conditionnamenumber (2) (1) (1) (2)'  using regular expression

2019-04-08 13:07:26 - [MESSAGE][PASSED] - All options with value 'number' are selected in object 'Object Repository/Page_KiboEngage  Broadcasts/select_Select Conditionnamenumber (2) (1) (1) (2)'  using regular expression

2019-04-08 13:07:26 - [TEST_STEP][PASSED] - selectOptionByValue(findTestObject("Object Repository/Page_KiboEngage  Broadcasts/select_Select Criteriaiscontainsbegins with (2) (1) (1) (2)"), "is", true): All options with value 'is' are selected in object 'Object Repository/Page_KiboEngage  Broadcasts/select_Select Criteriaiscontainsbegins with (2) (1) (1) (2)'  using regular expression

2019-04-08 13:07:26 - [MESSAGE][PASSED] - All options with value 'is' are selected in object 'Object Repository/Page_KiboEngage  Broadcasts/select_Select Criteriaiscontainsbegins with (2) (1) (1) (2)'  using regular expression

2019-04-08 13:07:26 - [TEST_STEP][PASSED] - setText(findTestObject("Object Repository/Page_KiboEngage  Broadcasts/input_Value_text (2) (1) (1) (2)"), "+923333739566"): Text '+923333739566' is set on object 'Object Repository/Page_KiboEngage  Broadcasts/input_Value_text (2) (1) (1) (2)'

2019-04-08 13:07:26 - [MESSAGE][PASSED] - Text '+923333739566' is set on object 'Object Repository/Page_KiboEngage  Broadcasts/input_Value_text (2) (1) (1) (2)'

2019-04-08 13:07:26 - [TEST_STEP][PASSED] - click(findTestObject("Object Repository/Page_KiboEngage  Broadcasts/button_ Add Condition (2)")): Object: 'Object Repository/Page_KiboEngage  Broadcasts/button_ Add Condition (2)' is clicked on

2019-04-08 13:07:26 - [MESSAGE][PASSED] - Object: 'Object Repository/Page_KiboEngage  Broadcasts/button_ Add Condition (2)' is clicked on

2019-04-08 13:07:26 - [TEST_STEP][PASSED] - selectOptionByValue(findTestObject("Object Repository/Page_KiboEngage  Broadcasts/select_Select Conditionnamenumber (3) (2)"), "name", true): All options with value 'name' are selected in object 'Object Repository/Page_KiboEngage  Broadcasts/select_Select Conditionnamenumber (3) (2)'  using regular expression

2019-04-08 13:07:26 - [MESSAGE][PASSED] - All options with value 'name' are selected in object 'Object Repository/Page_KiboEngage  Broadcasts/select_Select Conditionnamenumber (3) (2)'  using regular expression

2019-04-08 13:07:26 - [TEST_STEP][PASSED] - selectOptionByValue(findTestObject("Object Repository/Page_KiboEngage  Broadcasts/select_Select Criteriaiscontainsbegins with (3) (2)"), "contains", true): All options with value 'contains' are selected in object 'Object Repository/Page_KiboEngage  Broadcasts/select_Select Criteriaiscontainsbegins with (3) (2)'  using regular expression

2019-04-08 13:07:27 - [MESSAGE][PASSED] - All options with value 'contains' are selected in object 'Object Repository/Page_KiboEngage  Broadcasts/select_Select Criteriaiscontainsbegins with (3) (2)'  using regular expression

2019-04-08 13:07:27 - [TEST_STEP][PASSED] - setText(findTestObject("Object Repository/Page_KiboEngage  Broadcasts/input_Remove_text (2)"), "Fa"): Text 'Fa' is set on object 'Object Repository/Page_KiboEngage  Broadcasts/input_Remove_text (2)'

2019-04-08 13:07:27 - [MESSAGE][PASSED] - Text 'Fa' is set on object 'Object Repository/Page_KiboEngage  Broadcasts/input_Remove_text (2)'

2019-04-08 13:07:27 - [TEST_STEP][PASSED] - setText(findTestObject("Object Repository/Page_KiboEngage  Broadcasts/input_Remove_text_1 (1)"), "Fa"): Text 'Fa' is set on object 'Object Repository/Page_KiboEngage  Broadcasts/input_Remove_text_1 (1)'

2019-04-08 13:07:27 - [MESSAGE][PASSED] - Text 'Fa' is set on object 'Object Repository/Page_KiboEngage  Broadcasts/input_Remove_text_1 (1)'

2019-04-08 13:07:27 - [TEST_STEP][PASSED] - setText(findTestObject("Object Repository/Page_KiboEngage  Broadcasts/input_Remove_text_2"), "Fa"): Text 'Fa' is set on object 'Object Repository/Page_KiboEngage  Broadcasts/input_Remove_text_2'

2019-04-08 13:07:27 - [MESSAGE][PASSED] - Text 'Fa' is set on object 'Object Repository/Page_KiboEngage  Broadcasts/input_Remove_text_2'

2019-04-08 13:07:27 - [TEST_STEP][PASSED] - click(findTestObject("Object Repository/Page_KiboEngage  Broadcasts/button_Reset")): Object: 'Object Repository/Page_KiboEngage  Broadcasts/button_Reset' is clicked on

2019-04-08 13:07:27 - [MESSAGE][PASSED] - Object: 'Object Repository/Page_KiboEngage  Broadcasts/button_Reset' is clicked on

2019-04-08 13:07:27 - [TEST_STEP][PASSED] - driver = getWebDriver(): null

2019-04-08 13:07:27 - [TEST_STEP][PASSED] - Table = driver.findElement(By.xpath("//*[@id="m-datatable--27866229129"]/tbody")): null

2019-04-08 13:07:27 - [TEST_STEP][PASSED] - rows_table = Table.findElements(By.tagName("tr")): null

2019-04-08 13:07:27 - [TEST_STEP][PASSED] - verifyEqual(rows_table.size(), 1): Actual object '1' and expected object '1' are equal

2019-04-08 13:07:27 - [MESSAGE][PASSED] - Actual object '1' and expected object '1' are equal]]></system-out>
         <system-err><![CDATA[]]></system-err>
      </testcase>
      <testcase name="Test Cases/SMS/Sms Livechat/TC11188" classname="Test Cases/SMS/Sms Livechat/TC11188" status="PASSED">
         <system-out><![CDATA[2019-04-08 13:07:27 - [TEST_CASE][PASSED] - Test Cases/SMS/Sms Livechat/TC11188: Test Cases/SMS/Sms Livechat/TC11188

2019-04-08 13:07:27 - [TEST_STEP][PASSED] - callTestCase(findTestCase("SMS/SMSPlatformChat"), [:], STOP_ON_FAILURE): Call Test Case 'Test Cases/SMS/SMSPlatformChat' successfully

2019-04-08 13:07:27 - [TEST_CASE][PASSED] - Test Cases/SMS/SMSPlatformChat: Test Cases/SMS/SMSPlatformChat

2019-04-08 13:07:27 - [TEST_STEP][PASSED] - callTestCase(findTestCase("s-sidebar_navigation/individualAccount/Login-KiboChat"), [:], STOP_ON_FAILURE): Call Test Case 'Test Cases/s-sidebar_navigation/individualAccount/Login-KiboChat' successfully

2019-04-08 13:07:27 - [TEST_CASE][PASSED] - Test Cases/s-sidebar_navigation/individualAccount/Login-KiboChat: Test Cases/s-sidebar_navigation/individualAccount/Login-KiboChat

2019-04-08 13:07:27 - [TEST_STEP][PASSED] - openBrowser(""): Browser is opened with url: ''

2019-04-08 13:07:27 - [MESSAGE][WARNING] - A browser is already opened. Closing browser and opening a new one

2019-04-08 13:07:27 - [MESSAGE][INFO] - Starting 'Chrome' driver

2019-04-08 13:07:28 - [MESSAGE][PASSED] - Browser is opened with url: ''

2019-04-08 13:07:28 - [TEST_STEP][PASSED] - maximizeWindow(): Current window maximized

2019-04-08 13:07:28 - [MESSAGE][PASSED] - Current window maximized

2019-04-08 13:07:28 - [TEST_STEP][PASSED] - navigateToUrl("https://kibochat.cloudkibo.com/"): Navigate to 'https://kibochat.cloudkibo.com/' successfully

2019-04-08 13:07:36 - [MESSAGE][PASSED] - Navigate to 'https://kibochat.cloudkibo.com/' successfully

2019-04-08 13:07:36 - [TEST_STEP][PASSED] - navigateToUrl("https://accounts.cloudkibo.com/?continue=https://kibochat.cloudkibo.com"): Navigate to 'https://accounts.cloudkibo.com/?continue=https://kibochat.cloudkibo.com' successfully

2019-04-08 13:07:37 - [MESSAGE][PASSED] - Navigate to 'https://accounts.cloudkibo.com/?continue=https://kibochat.cloudkibo.com' successfully

2019-04-08 13:07:37 - [TEST_STEP][PASSED] - click(findTestObject("Page_KiboPush/a_Login (10)")): Object: 'Object Repository/Page_KiboPush/a_Login (10)' is clicked on

2019-04-08 13:07:38 - [MESSAGE][PASSED] - Object: 'Object Repository/Page_KiboPush/a_Login (10)' is clicked on

2019-04-08 13:07:38 - [TEST_STEP][PASSED] - setText(findTestObject("Page_KiboPush/input_email (11)"), "individual@cloudkibo.com"): Text 'individual@cloudkibo.com' is set on object 'Object Repository/Page_KiboPush/input_email (11)'

2019-04-08 13:07:38 - [MESSAGE][PASSED] - Text 'individual@cloudkibo.com' is set on object 'Object Repository/Page_KiboPush/input_email (11)'

2019-04-08 13:07:38 - [TEST_STEP][PASSED] - setEncryptedText(findTestObject("Page_KiboPush/input_password (10)"), "RigbBhfdqOBGNlJIWM1ClA=="): Text ****** has been set on object 'Object Repository/Page_KiboPush/input_password (10)'

2019-04-08 13:07:38 - [MESSAGE][PASSED] - Text ****** has been set on object 'Object Repository/Page_KiboPush/input_password (10)'

2019-04-08 13:07:38 - [TEST_STEP][PASSED] - click(findTestObject("Page_KiboPush/button_Sign In (11)")): Object: 'Object Repository/Page_KiboPush/button_Sign In (11)' is clicked on

2019-04-08 13:07:38 - [MESSAGE][PASSED] - Object: 'Object Repository/Page_KiboPush/button_Sign In (11)' is clicked on

2019-04-08 13:07:38 - [TEST_STEP][PASSED] - click(findTestObject("Page_KiboPush  Dashboard/h3_Dashboard (58)")): Object: 'Object Repository/Page_KiboPush  Dashboard/h3_Dashboard (58)' is clicked on

2019-04-08 13:07:49 - [MESSAGE][PASSED] - Object: 'Object Repository/Page_KiboPush  Dashboard/h3_Dashboard (58)' is clicked on

2019-04-08 13:07:49 - [TEST_STEP][PASSED] - delay(3): Delayed 3 second(s)

2019-04-08 13:07:52 - [MESSAGE][PASSED] - Delayed 3 second(s)

2019-04-08 13:07:52 - [TEST_STEP][PASSED] - click(findTestObject("Object Repository/Page_KiboEngage  Dashboard/a_SMS (2)")): Object: 'Object Repository/Page_KiboEngage  Dashboard/a_SMS (2)' is clicked on

2019-04-08 13:07:52 - [MESSAGE][PASSED] - Object: 'Object Repository/Page_KiboEngage  Dashboard/a_SMS (2)' is clicked on

2019-04-08 13:07:52 - [TEST_STEP][PASSED] - click(findTestObject("Object Repository/Page_KiboEngage  Dashboard/span_Messenger")): Object: 'Object Repository/Page_KiboEngage  Dashboard/span_Messenger' is clicked on

2019-04-08 13:07:52 - [MESSAGE][PASSED] - Object: 'Object Repository/Page_KiboEngage  Dashboard/span_Messenger' is clicked on

2019-04-08 13:07:52 - [MESSAGE][PASSED] - Call Test Case 'Test Cases/s-sidebar_navigation/individualAccount/Login-KiboChat' successfully

2019-04-08 13:07:52 - [TEST_STEP][PASSED] - delay(1): Delayed 1 second(s)

2019-04-08 13:07:53 - [MESSAGE][PASSED] - Delayed 1 second(s)

2019-04-08 13:07:53 - [TEST_STEP][PASSED] - click(findTestObject("Page_KiboEngage  Dashboard/a_SMS (1)")): Object: 'Object Repository/Page_KiboEngage  Dashboard/a_SMS (1)' is clicked on

2019-04-08 13:07:53 - [MESSAGE][PASSED] - Object: 'Object Repository/Page_KiboEngage  Dashboard/a_SMS (1)' is clicked on

2019-04-08 13:07:53 - [TEST_STEP][PASSED] - click(findTestObject("Page_KiboEngage  Dashboard/span_SMS (1)")): Object: 'Object Repository/Page_KiboEngage  Dashboard/span_SMS (1)' is clicked on

2019-04-08 13:07:53 - [MESSAGE][PASSED] - Object: 'Object Repository/Page_KiboEngage  Dashboard/span_SMS (1)' is clicked on

2019-04-08 13:07:53 - [MESSAGE][PASSED] - Call Test Case 'Test Cases/SMS/SMSPlatformChat' successfully

2019-04-08 13:07:53 - [TEST_STEP][PASSED] - delay(1): Delayed 1 second(s)

2019-04-08 13:07:54 - [MESSAGE][PASSED] - Delayed 1 second(s)

2019-04-08 13:07:54 - [TEST_STEP][PASSED] - click(findTestObject("Object Repository/Page_KiboChat  Dashboard/span_Live Chat (Beta)")): Object: 'Object Repository/Page_KiboChat  Dashboard/span_Live Chat (Beta)' is clicked on

2019-04-08 13:07:54 - [MESSAGE][PASSED] - Object: 'Object Repository/Page_KiboChat  Dashboard/span_Live Chat (Beta)' is clicked on]]></system-out>
         <system-err><![CDATA[]]></system-err>
      </testcase>
      <testcase name="Test Cases/SMS/Sms Livechat/TC11189" classname="Test Cases/SMS/Sms Livechat/TC11189" status="PASSED">
         <system-out><![CDATA[2019-04-08 13:07:54 - [TEST_CASE][PASSED] - Test Cases/SMS/Sms Livechat/TC11189: Test Cases/SMS/Sms Livechat/TC11189

2019-04-08 13:07:54 - [TEST_STEP][PASSED] - callTestCase(findTestCase("SMS/SMSPlatformChat"), [:], STOP_ON_FAILURE): Call Test Case 'Test Cases/SMS/SMSPlatformChat' successfully

2019-04-08 13:07:54 - [TEST_CASE][PASSED] - Test Cases/SMS/SMSPlatformChat: Test Cases/SMS/SMSPlatformChat

2019-04-08 13:07:54 - [TEST_STEP][PASSED] - callTestCase(findTestCase("s-sidebar_navigation/individualAccount/Login-KiboChat"), [:], STOP_ON_FAILURE): Call Test Case 'Test Cases/s-sidebar_navigation/individualAccount/Login-KiboChat' successfully

2019-04-08 13:07:54 - [TEST_CASE][PASSED] - Test Cases/s-sidebar_navigation/individualAccount/Login-KiboChat: Test Cases/s-sidebar_navigation/individualAccount/Login-KiboChat

2019-04-08 13:07:54 - [TEST_STEP][PASSED] - openBrowser(""): Browser is opened with url: ''

2019-04-08 13:07:54 - [MESSAGE][WARNING] - A browser is already opened. Closing browser and opening a new one

2019-04-08 13:07:54 - [MESSAGE][INFO] - Starting 'Chrome' driver

2019-04-08 13:07:55 - [MESSAGE][PASSED] - Browser is opened with url: ''

2019-04-08 13:07:55 - [TEST_STEP][PASSED] - maximizeWindow(): Current window maximized

2019-04-08 13:07:55 - [MESSAGE][PASSED] - Current window maximized

2019-04-08 13:07:55 - [TEST_STEP][PASSED] - navigateToUrl("https://kibochat.cloudkibo.com/"): Navigate to 'https://kibochat.cloudkibo.com/' successfully

2019-04-08 13:08:02 - [MESSAGE][PASSED] - Navigate to 'https://kibochat.cloudkibo.com/' successfully

2019-04-08 13:08:02 - [TEST_STEP][PASSED] - navigateToUrl("https://accounts.cloudkibo.com/?continue=https://kibochat.cloudkibo.com"): Navigate to 'https://accounts.cloudkibo.com/?continue=https://kibochat.cloudkibo.com' successfully

2019-04-08 13:08:03 - [MESSAGE][PASSED] - Navigate to 'https://accounts.cloudkibo.com/?continue=https://kibochat.cloudkibo.com' successfully

2019-04-08 13:08:03 - [TEST_STEP][PASSED] - click(findTestObject("Page_KiboPush/a_Login (10)")): Object: 'Object Repository/Page_KiboPush/a_Login (10)' is clicked on

2019-04-08 13:08:03 - [MESSAGE][PASSED] - Object: 'Object Repository/Page_KiboPush/a_Login (10)' is clicked on

2019-04-08 13:08:03 - [TEST_STEP][PASSED] - setText(findTestObject("Page_KiboPush/input_email (11)"), "individual@cloudkibo.com"): Text 'individual@cloudkibo.com' is set on object 'Object Repository/Page_KiboPush/input_email (11)'

2019-04-08 13:08:03 - [MESSAGE][PASSED] - Text 'individual@cloudkibo.com' is set on object 'Object Repository/Page_KiboPush/input_email (11)'

2019-04-08 13:08:03 - [TEST_STEP][PASSED] - setEncryptedText(findTestObject("Page_KiboPush/input_password (10)"), "RigbBhfdqOBGNlJIWM1ClA=="): Text ****** has been set on object 'Object Repository/Page_KiboPush/input_password (10)'

2019-04-08 13:08:04 - [MESSAGE][PASSED] - Text ****** has been set on object 'Object Repository/Page_KiboPush/input_password (10)'

2019-04-08 13:08:04 - [TEST_STEP][PASSED] - click(findTestObject("Page_KiboPush/button_Sign In (11)")): Object: 'Object Repository/Page_KiboPush/button_Sign In (11)' is clicked on

2019-04-08 13:08:04 - [MESSAGE][PASSED] - Object: 'Object Repository/Page_KiboPush/button_Sign In (11)' is clicked on

2019-04-08 13:08:04 - [TEST_STEP][PASSED] - click(findTestObject("Page_KiboPush  Dashboard/h3_Dashboard (58)")): Object: 'Object Repository/Page_KiboPush  Dashboard/h3_Dashboard (58)' is clicked on

2019-04-08 13:08:16 - [MESSAGE][PASSED] - Object: 'Object Repository/Page_KiboPush  Dashboard/h3_Dashboard (58)' is clicked on

2019-04-08 13:08:16 - [TEST_STEP][PASSED] - delay(3): Delayed 3 second(s)

2019-04-08 13:08:19 - [MESSAGE][PASSED] - Delayed 3 second(s)

2019-04-08 13:08:19 - [TEST_STEP][PASSED] - click(findTestObject("Object Repository/Page_KiboEngage  Dashboard/a_SMS (2)")): Object: 'Object Repository/Page_KiboEngage  Dashboard/a_SMS (2)' is clicked on

2019-04-08 13:08:19 - [MESSAGE][PASSED] - Object: 'Object Repository/Page_KiboEngage  Dashboard/a_SMS (2)' is clicked on

2019-04-08 13:08:19 - [TEST_STEP][PASSED] - click(findTestObject("Object Repository/Page_KiboEngage  Dashboard/span_Messenger")): Object: 'Object Repository/Page_KiboEngage  Dashboard/span_Messenger' is clicked on

2019-04-08 13:08:19 - [MESSAGE][PASSED] - Object: 'Object Repository/Page_KiboEngage  Dashboard/span_Messenger' is clicked on

2019-04-08 13:08:19 - [MESSAGE][PASSED] - Call Test Case 'Test Cases/s-sidebar_navigation/individualAccount/Login-KiboChat' successfully

2019-04-08 13:08:19 - [TEST_STEP][PASSED] - delay(1): Delayed 1 second(s)

2019-04-08 13:08:20 - [MESSAGE][PASSED] - Delayed 1 second(s)

2019-04-08 13:08:20 - [TEST_STEP][PASSED] - click(findTestObject("Page_KiboEngage  Dashboard/a_SMS (1)")): Object: 'Object Repository/Page_KiboEngage  Dashboard/a_SMS (1)' is clicked on

2019-04-08 13:08:20 - [MESSAGE][PASSED] - Object: 'Object Repository/Page_KiboEngage  Dashboard/a_SMS (1)' is clicked on

2019-04-08 13:08:20 - [TEST_STEP][PASSED] - click(findTestObject("Page_KiboEngage  Dashboard/span_SMS (1)")): Object: 'Object Repository/Page_KiboEngage  Dashboard/span_SMS (1)' is clicked on

2019-04-08 13:08:20 - [MESSAGE][PASSED] - Object: 'Object Repository/Page_KiboEngage  Dashboard/span_SMS (1)' is clicked on

2019-04-08 13:08:20 - [MESSAGE][PASSED] - Call Test Case 'Test Cases/SMS/SMSPlatformChat' successfully

2019-04-08 13:08:20 - [TEST_STEP][PASSED] - delay(1): Delayed 1 second(s)

2019-04-08 13:08:21 - [MESSAGE][PASSED] - Delayed 1 second(s)

2019-04-08 13:08:21 - [TEST_STEP][PASSED] - click(findTestObject("Object Repository/Page_KiboChat  Dashboard/span_Live Chat (Beta)")): Object: 'Object Repository/Page_KiboChat  Dashboard/span_Live Chat (Beta)' is clicked on

2019-04-08 13:08:22 - [MESSAGE][PASSED] - Object: 'Object Repository/Page_KiboChat  Dashboard/span_Live Chat (Beta)' is clicked on]]></system-out>
         <system-err><![CDATA[]]></system-err>
      </testcase>
      <testcase name="Test Cases/SMS/Sms Livechat/TC11190" classname="Test Cases/SMS/Sms Livechat/TC11190" status="PASSED">
         <system-out><![CDATA[2019-04-08 13:08:22 - [TEST_CASE][PASSED] - Test Cases/SMS/Sms Livechat/TC11190: Test Cases/SMS/Sms Livechat/TC11190

2019-04-08 13:08:22 - [TEST_STEP][PASSED] - callTestCase(findTestCase("SMS/SMSPlatformChat"), [:], STOP_ON_FAILURE): Call Test Case 'Test Cases/SMS/SMSPlatformChat' successfully

2019-04-08 13:08:22 - [TEST_CASE][PASSED] - Test Cases/SMS/SMSPlatformChat: Test Cases/SMS/SMSPlatformChat

2019-04-08 13:08:22 - [TEST_STEP][PASSED] - callTestCase(findTestCase("s-sidebar_navigation/individualAccount/Login-KiboChat"), [:], STOP_ON_FAILURE): Call Test Case 'Test Cases/s-sidebar_navigation/individualAccount/Login-KiboChat' successfully

2019-04-08 13:08:22 - [TEST_CASE][PASSED] - Test Cases/s-sidebar_navigation/individualAccount/Login-KiboChat: Test Cases/s-sidebar_navigation/individualAccount/Login-KiboChat

2019-04-08 13:08:22 - [TEST_STEP][PASSED] - openBrowser(""): Browser is opened with url: ''

2019-04-08 13:08:22 - [MESSAGE][WARNING] - A browser is already opened. Closing browser and opening a new one

2019-04-08 13:08:22 - [MESSAGE][INFO] - Starting 'Chrome' driver

2019-04-08 13:08:22 - [MESSAGE][PASSED] - Browser is opened with url: ''

2019-04-08 13:08:22 - [TEST_STEP][PASSED] - maximizeWindow(): Current window maximized

2019-04-08 13:08:22 - [MESSAGE][PASSED] - Current window maximized

2019-04-08 13:08:22 - [TEST_STEP][PASSED] - navigateToUrl("https://kibochat.cloudkibo.com/"): Navigate to 'https://kibochat.cloudkibo.com/' successfully

2019-04-08 13:08:35 - [MESSAGE][PASSED] - Navigate to 'https://kibochat.cloudkibo.com/' successfully

2019-04-08 13:08:35 - [TEST_STEP][PASSED] - navigateToUrl("https://accounts.cloudkibo.com/?continue=https://kibochat.cloudkibo.com"): Navigate to 'https://accounts.cloudkibo.com/?continue=https://kibochat.cloudkibo.com' successfully

2019-04-08 13:08:35 - [MESSAGE][PASSED] - Navigate to 'https://accounts.cloudkibo.com/?continue=https://kibochat.cloudkibo.com' successfully

2019-04-08 13:08:35 - [TEST_STEP][PASSED] - click(findTestObject("Page_KiboPush/a_Login (10)")): Object: 'Object Repository/Page_KiboPush/a_Login (10)' is clicked on

2019-04-08 13:08:36 - [MESSAGE][PASSED] - Object: 'Object Repository/Page_KiboPush/a_Login (10)' is clicked on

2019-04-08 13:08:36 - [TEST_STEP][PASSED] - setText(findTestObject("Page_KiboPush/input_email (11)"), "individual@cloudkibo.com"): Text 'individual@cloudkibo.com' is set on object 'Object Repository/Page_KiboPush/input_email (11)'

2019-04-08 13:08:36 - [MESSAGE][PASSED] - Text 'individual@cloudkibo.com' is set on object 'Object Repository/Page_KiboPush/input_email (11)'

2019-04-08 13:08:36 - [TEST_STEP][PASSED] - setEncryptedText(findTestObject("Page_KiboPush/input_password (10)"), "RigbBhfdqOBGNlJIWM1ClA=="): Text ****** has been set on object 'Object Repository/Page_KiboPush/input_password (10)'

2019-04-08 13:08:36 - [MESSAGE][PASSED] - Text ****** has been set on object 'Object Repository/Page_KiboPush/input_password (10)'

2019-04-08 13:08:36 - [TEST_STEP][PASSED] - click(findTestObject("Page_KiboPush/button_Sign In (11)")): Object: 'Object Repository/Page_KiboPush/button_Sign In (11)' is clicked on

2019-04-08 13:08:36 - [MESSAGE][PASSED] - Object: 'Object Repository/Page_KiboPush/button_Sign In (11)' is clicked on

2019-04-08 13:08:36 - [TEST_STEP][PASSED] - click(findTestObject("Page_KiboPush  Dashboard/h3_Dashboard (58)")): Object: 'Object Repository/Page_KiboPush  Dashboard/h3_Dashboard (58)' is clicked on

2019-04-08 13:08:47 - [MESSAGE][PASSED] - Object: 'Object Repository/Page_KiboPush  Dashboard/h3_Dashboard (58)' is clicked on

2019-04-08 13:08:47 - [TEST_STEP][PASSED] - delay(3): Delayed 3 second(s)

2019-04-08 13:08:50 - [MESSAGE][PASSED] - Delayed 3 second(s)

2019-04-08 13:08:50 - [TEST_STEP][PASSED] - click(findTestObject("Object Repository/Page_KiboEngage  Dashboard/a_SMS (2)")): Object: 'Object Repository/Page_KiboEngage  Dashboard/a_SMS (2)' is clicked on

2019-04-08 13:08:50 - [MESSAGE][PASSED] - Object: 'Object Repository/Page_KiboEngage  Dashboard/a_SMS (2)' is clicked on

2019-04-08 13:08:50 - [TEST_STEP][PASSED] - click(findTestObject("Object Repository/Page_KiboEngage  Dashboard/span_Messenger")): Object: 'Object Repository/Page_KiboEngage  Dashboard/span_Messenger' is clicked on

2019-04-08 13:08:50 - [MESSAGE][PASSED] - Object: 'Object Repository/Page_KiboEngage  Dashboard/span_Messenger' is clicked on

2019-04-08 13:08:50 - [MESSAGE][PASSED] - Call Test Case 'Test Cases/s-sidebar_navigation/individualAccount/Login-KiboChat' successfully

2019-04-08 13:08:50 - [TEST_STEP][PASSED] - delay(1): Delayed 1 second(s)

2019-04-08 13:08:51 - [MESSAGE][PASSED] - Delayed 1 second(s)

2019-04-08 13:08:51 - [TEST_STEP][PASSED] - click(findTestObject("Page_KiboEngage  Dashboard/a_SMS (1)")): Object: 'Object Repository/Page_KiboEngage  Dashboard/a_SMS (1)' is clicked on

2019-04-08 13:08:51 - [MESSAGE][PASSED] - Object: 'Object Repository/Page_KiboEngage  Dashboard/a_SMS (1)' is clicked on

2019-04-08 13:08:51 - [TEST_STEP][PASSED] - click(findTestObject("Page_KiboEngage  Dashboard/span_SMS (1)")): Object: 'Object Repository/Page_KiboEngage  Dashboard/span_SMS (1)' is clicked on

2019-04-08 13:08:51 - [MESSAGE][PASSED] - Object: 'Object Repository/Page_KiboEngage  Dashboard/span_SMS (1)' is clicked on

2019-04-08 13:08:51 - [MESSAGE][PASSED] - Call Test Case 'Test Cases/SMS/SMSPlatformChat' successfully

2019-04-08 13:08:51 - [TEST_STEP][PASSED] - delay(1): Delayed 1 second(s)

2019-04-08 13:08:52 - [MESSAGE][PASSED] - Delayed 1 second(s)

2019-04-08 13:08:52 - [TEST_STEP][PASSED] - click(findTestObject("Page_KiboChat  Dashboard/span_Live Chat (Beta) (1)")): Object: 'Object Repository/Page_KiboChat  Dashboard/span_Live Chat (Beta) (1)' is clicked on

2019-04-08 13:08:53 - [MESSAGE][PASSED] - Object: 'Object Repository/Page_KiboChat  Dashboard/span_Live Chat (Beta) (1)' is clicked on

2019-04-08 13:08:53 - [TEST_STEP][PASSED] - click(findTestObject("Object Repository/Page_KiboChat  Live Chat/span_Faizan")): Object: 'Object Repository/Page_KiboChat  Live Chat/span_Faizan' is clicked on

2019-04-08 13:08:54 - [MESSAGE][PASSED] - Object: 'Object Repository/Page_KiboChat  Live Chat/span_Faizan' is clicked on

2019-04-08 13:08:54 - [TEST_STEP][PASSED] - click(findTestObject("Object Repository/Page_KiboChat  Live Chat/div_Faizan wrote")): Object: 'Object Repository/Page_KiboChat  Live Chat/div_Faizan wrote' is clicked on

2019-04-08 13:08:54 - [MESSAGE][PASSED] - Object: 'Object Repository/Page_KiboChat  Live Chat/div_Faizan wrote' is clicked on

2019-04-08 13:08:54 - [TEST_STEP][PASSED] - click(findTestObject("Object Repository/Page_KiboChat  Live Chat/span_Faizan")): Object: 'Object Repository/Page_KiboChat  Live Chat/span_Faizan' is clicked on

2019-04-08 13:08:54 - [MESSAGE][PASSED] - Object: 'Object Repository/Page_KiboChat  Live Chat/span_Faizan' is clicked on]]></system-out>
         <system-err><![CDATA[]]></system-err>
      </testcase>
      <testcase name="Test Cases/SMS/Sms Livechat/TC11191" classname="Test Cases/SMS/Sms Livechat/TC11191" status="FAILED">
         <failure type="FAILED" message="Test Cases/SMS/Sms Livechat/TC11191 FAILED.
Reason:
com.kms.katalon.core.exception.StepFailedException: Unable to click on object 'Object Repository/Page_KiboChat  Live Chat/div_Anisha wrote'
	at com.kms.katalon.core.webui.keyword.internal.WebUIKeywordMain.stepFailed(WebUIKeywordMain.groovy:64)
	at com.kms.katalon.core.webui.keyword.internal.WebUIKeywordMain.runKeyword(WebUIKeywordMain.groovy:26)
	at com.kms.katalon.core.webui.keyword.builtin.ClickKeyword.click(ClickKeyword.groovy:86)
	at com.kms.katalon.core.webui.keyword.builtin.ClickKeyword.execute(ClickKeyword.groovy:67)
	at com.kms.katalon.core.keyword.internal.KeywordExecutor.executeKeywordForPlatform(KeywordExecutor.groovy:56)
	at com.kms.katalon.core.webui.keyword.WebUiBuiltInKeywords.click(WebUiBuiltInKeywords.groovy:616)
	at com.kms.katalon.core.webui.keyword.WebUiBuiltInKeywords$click$2.call(Unknown Source)
	at TC11191.run(TC11191:22)
	at com.kms.katalon.core.main.ScriptEngine.run(ScriptEngine.java:194)
	at com.kms.katalon.core.main.ScriptEngine.runScriptAsRawText(ScriptEngine.java:119)
	at com.kms.katalon.core.main.TestCaseExecutor.runScript(TestCaseExecutor.java:331)
	at com.kms.katalon.core.main.TestCaseExecutor.doExecute(TestCaseExecutor.java:322)
	at com.kms.katalon.core.main.TestCaseExecutor.processExecutionPhase(TestCaseExecutor.java:301)
	at com.kms.katalon.core.main.TestCaseExecutor.accessMainPhase(TestCaseExecutor.java:293)
	at com.kms.katalon.core.main.TestCaseExecutor.execute(TestCaseExecutor.java:227)
	at com.kms.katalon.core.main.TestSuiteExecutor.accessTestCaseMainPhase(TestSuiteExecutor.java:129)
	at com.kms.katalon.core.main.TestSuiteExecutor.accessTestSuiteMainPhase(TestSuiteExecutor.java:112)
	at com.kms.katalon.core.main.TestSuiteExecutor.execute(TestSuiteExecutor.java:81)
	at com.kms.katalon.core.main.TestCaseMain.startTestSuite(TestCaseMain.java:157)
	at com.kms.katalon.core.main.TestCaseMain$startTestSuite$0.call(Unknown Source)
	at TempTestSuite1554709863552.run(TempTestSuite1554709863552.groovy:35)
Caused by: com.kms.katalon.core.webui.exception.WebElementNotFoundException: Web element with id: 'Object Repository/Page_KiboChat  Live Chat/div_Anisha wrote' located by 'By.xpath: //div[(text() = 'Anisha wrote' or . = 'Anisha wrote')]' not found
	at com.kms.katalon.core.webui.common.WebUiCommonHelper.findWebElement(WebUiCommonHelper.java:1053)
	at com.kms.katalon.core.webui.keyword.internal.WebUIAbstractKeyword.findWebElement(WebUIAbstractKeyword.groovy:27)
	at com.kms.katalon.core.webui.keyword.internal.WebUIAbstractKeyword.findWebElement(WebUIAbstractKeyword.groovy:26)
	at com.kms.katalon.core.webui.keyword.builtin.ClickKeyword$_click_closure1.doCall(ClickKeyword.groovy:77)
	at com.kms.katalon.core.webui.keyword.builtin.ClickKeyword$_click_closure1.call(ClickKeyword.groovy)
	at com.kms.katalon.core.webui.keyword.internal.WebUIKeywordMain.runKeyword(WebUIKeywordMain.groovy:20)
	at com.kms.katalon.core.webui.keyword.builtin.ClickKeyword.click(ClickKeyword.groovy:86)
	at com.kms.katalon.core.webui.keyword.builtin.ClickKeyword.execute(ClickKeyword.groovy:67)
	at com.kms.katalon.core.keyword.internal.KeywordExecutor.executeKeywordForPlatform(KeywordExecutor.groovy:56)
	at com.kms.katalon.core.webui.keyword.WebUiBuiltInKeywords.click(WebUiBuiltInKeywords.groovy:616)
	at com.kms.katalon.core.webui.keyword.WebUiBuiltInKeywords$click$2.call(Unknown Source)
	at Script1554279771852.run(Script1554279771852.groovy:22)
	... 13 more
"/>
         <system-out><![CDATA[2019-04-08 13:08:54 - [TEST_CASE][FAILED] - Test Cases/SMS/Sms Livechat/TC11191: Test Cases/SMS/Sms Livechat/TC11191 FAILED.
Reason:
com.kms.katalon.core.exception.StepFailedException: Unable to click on object 'Object Repository/Page_KiboChat  Live Chat/div_Anisha wrote'
	at com.kms.katalon.core.webui.keyword.internal.WebUIKeywordMain.stepFailed(WebUIKeywordMain.groovy:64)
	at com.kms.katalon.core.webui.keyword.internal.WebUIKeywordMain.runKeyword(WebUIKeywordMain.groovy:26)
	at com.kms.katalon.core.webui.keyword.builtin.ClickKeyword.click(ClickKeyword.groovy:86)
	at com.kms.katalon.core.webui.keyword.builtin.ClickKeyword.execute(ClickKeyword.groovy:67)
	at com.kms.katalon.core.keyword.internal.KeywordExecutor.executeKeywordForPlatform(KeywordExecutor.groovy:56)
	at com.kms.katalon.core.webui.keyword.WebUiBuiltInKeywords.click(WebUiBuiltInKeywords.groovy:616)
	at com.kms.katalon.core.webui.keyword.WebUiBuiltInKeywords$click$2.call(Unknown Source)
	at TC11191.run(TC11191:22)
	at com.kms.katalon.core.main.ScriptEngine.run(ScriptEngine.java:194)
	at com.kms.katalon.core.main.ScriptEngine.runScriptAsRawText(ScriptEngine.java:119)
	at com.kms.katalon.core.main.TestCaseExecutor.runScript(TestCaseExecutor.java:331)
	at com.kms.katalon.core.main.TestCaseExecutor.doExecute(TestCaseExecutor.java:322)
	at com.kms.katalon.core.main.TestCaseExecutor.processExecutionPhase(TestCaseExecutor.java:301)
	at com.kms.katalon.core.main.TestCaseExecutor.accessMainPhase(TestCaseExecutor.java:293)
	at com.kms.katalon.core.main.TestCaseExecutor.execute(TestCaseExecutor.java:227)
	at com.kms.katalon.core.main.TestSuiteExecutor.accessTestCaseMainPhase(TestSuiteExecutor.java:129)
	at com.kms.katalon.core.main.TestSuiteExecutor.accessTestSuiteMainPhase(TestSuiteExecutor.java:112)
	at com.kms.katalon.core.main.TestSuiteExecutor.execute(TestSuiteExecutor.java:81)
	at com.kms.katalon.core.main.TestCaseMain.startTestSuite(TestCaseMain.java:157)
	at com.kms.katalon.core.main.TestCaseMain$startTestSuite$0.call(Unknown Source)
	at TempTestSuite1554709863552.run(TempTestSuite1554709863552.groovy:35)
Caused by: com.kms.katalon.core.webui.exception.WebElementNotFoundException: Web element with id: 'Object Repository/Page_KiboChat  Live Chat/div_Anisha wrote' located by 'By.xpath: //div[(text() = 'Anisha wrote' or . = 'Anisha wrote')]' not found
	at com.kms.katalon.core.webui.common.WebUiCommonHelper.findWebElement(WebUiCommonHelper.java:1053)
	at com.kms.katalon.core.webui.keyword.internal.WebUIAbstractKeyword.findWebElement(WebUIAbstractKeyword.groovy:27)
	at com.kms.katalon.core.webui.keyword.internal.WebUIAbstractKeyword.findWebElement(WebUIAbstractKeyword.groovy:26)
	at com.kms.katalon.core.webui.keyword.builtin.ClickKeyword$_click_closure1.doCall(ClickKeyword.groovy:77)
	at com.kms.katalon.core.webui.keyword.builtin.ClickKeyword$_click_closure1.call(ClickKeyword.groovy)
	at com.kms.katalon.core.webui.keyword.internal.WebUIKeywordMain.runKeyword(WebUIKeywordMain.groovy:20)
	at com.kms.katalon.core.webui.keyword.builtin.ClickKeyword.click(ClickKeyword.groovy:86)
	at com.kms.katalon.core.webui.keyword.builtin.ClickKeyword.execute(ClickKeyword.groovy:67)
	at com.kms.katalon.core.keyword.internal.KeywordExecutor.executeKeywordForPlatform(KeywordExecutor.groovy:56)
	at com.kms.katalon.core.webui.keyword.WebUiBuiltInKeywords.click(WebUiBuiltInKeywords.groovy:616)
	at com.kms.katalon.core.webui.keyword.WebUiBuiltInKeywords$click$2.call(Unknown Source)
	at Script1554279771852.run(Script1554279771852.groovy:22)
	... 13 more


2019-04-08 13:08:54 - [TEST_STEP][PASSED] - callTestCase(findTestCase("SMS/SMSPlatformChat"), [:], STOP_ON_FAILURE): Call Test Case 'Test Cases/SMS/SMSPlatformChat' successfully

2019-04-08 13:08:54 - [TEST_CASE][PASSED] - Test Cases/SMS/SMSPlatformChat: Test Cases/SMS/SMSPlatformChat

2019-04-08 13:08:54 - [TEST_STEP][PASSED] - callTestCase(findTestCase("s-sidebar_navigation/individualAccount/Login-KiboChat"), [:], STOP_ON_FAILURE): Call Test Case 'Test Cases/s-sidebar_navigation/individualAccount/Login-KiboChat' successfully

2019-04-08 13:08:54 - [TEST_CASE][PASSED] - Test Cases/s-sidebar_navigation/individualAccount/Login-KiboChat: Test Cases/s-sidebar_navigation/individualAccount/Login-KiboChat

2019-04-08 13:08:54 - [TEST_STEP][PASSED] - openBrowser(""): Browser is opened with url: ''

2019-04-08 13:08:54 - [MESSAGE][WARNING] - A browser is already opened. Closing browser and opening a new one

2019-04-08 13:08:54 - [MESSAGE][INFO] - Starting 'Chrome' driver

2019-04-08 13:08:54 - [MESSAGE][PASSED] - Browser is opened with url: ''

2019-04-08 13:08:54 - [TEST_STEP][PASSED] - maximizeWindow(): Current window maximized

2019-04-08 13:08:55 - [MESSAGE][PASSED] - Current window maximized

2019-04-08 13:08:55 - [TEST_STEP][PASSED] - navigateToUrl("https://kibochat.cloudkibo.com/"): Navigate to 'https://kibochat.cloudkibo.com/' successfully

2019-04-08 13:09:01 - [MESSAGE][PASSED] - Navigate to 'https://kibochat.cloudkibo.com/' successfully

2019-04-08 13:09:01 - [TEST_STEP][PASSED] - navigateToUrl("https://accounts.cloudkibo.com/?continue=https://kibochat.cloudkibo.com"): Navigate to 'https://accounts.cloudkibo.com/?continue=https://kibochat.cloudkibo.com' successfully

2019-04-08 13:09:02 - [MESSAGE][PASSED] - Navigate to 'https://accounts.cloudkibo.com/?continue=https://kibochat.cloudkibo.com' successfully

2019-04-08 13:09:02 - [TEST_STEP][PASSED] - click(findTestObject("Page_KiboPush/a_Login (10)")): Object: 'Object Repository/Page_KiboPush/a_Login (10)' is clicked on

2019-04-08 13:09:02 - [MESSAGE][PASSED] - Object: 'Object Repository/Page_KiboPush/a_Login (10)' is clicked on

2019-04-08 13:09:02 - [TEST_STEP][PASSED] - setText(findTestObject("Page_KiboPush/input_email (11)"), "individual@cloudkibo.com"): Text 'individual@cloudkibo.com' is set on object 'Object Repository/Page_KiboPush/input_email (11)'

2019-04-08 13:09:03 - [MESSAGE][PASSED] - Text 'individual@cloudkibo.com' is set on object 'Object Repository/Page_KiboPush/input_email (11)'

2019-04-08 13:09:03 - [TEST_STEP][PASSED] - setEncryptedText(findTestObject("Page_KiboPush/input_password (10)"), "RigbBhfdqOBGNlJIWM1ClA=="): Text ****** has been set on object 'Object Repository/Page_KiboPush/input_password (10)'

2019-04-08 13:09:03 - [MESSAGE][PASSED] - Text ****** has been set on object 'Object Repository/Page_KiboPush/input_password (10)'

2019-04-08 13:09:03 - [TEST_STEP][PASSED] - click(findTestObject("Page_KiboPush/button_Sign In (11)")): Object: 'Object Repository/Page_KiboPush/button_Sign In (11)' is clicked on

2019-04-08 13:09:03 - [MESSAGE][PASSED] - Object: 'Object Repository/Page_KiboPush/button_Sign In (11)' is clicked on

2019-04-08 13:09:03 - [TEST_STEP][PASSED] - click(findTestObject("Page_KiboPush  Dashboard/h3_Dashboard (58)")): Object: 'Object Repository/Page_KiboPush  Dashboard/h3_Dashboard (58)' is clicked on

2019-04-08 13:09:15 - [MESSAGE][PASSED] - Object: 'Object Repository/Page_KiboPush  Dashboard/h3_Dashboard (58)' is clicked on

2019-04-08 13:09:15 - [TEST_STEP][PASSED] - delay(3): Delayed 3 second(s)

2019-04-08 13:09:18 - [MESSAGE][PASSED] - Delayed 3 second(s)

2019-04-08 13:09:18 - [TEST_STEP][PASSED] - click(findTestObject("Object Repository/Page_KiboEngage  Dashboard/a_SMS (2)")): Object: 'Object Repository/Page_KiboEngage  Dashboard/a_SMS (2)' is clicked on

2019-04-08 13:09:18 - [MESSAGE][PASSED] - Object: 'Object Repository/Page_KiboEngage  Dashboard/a_SMS (2)' is clicked on

2019-04-08 13:09:18 - [TEST_STEP][PASSED] - click(findTestObject("Object Repository/Page_KiboEngage  Dashboard/span_Messenger")): Object: 'Object Repository/Page_KiboEngage  Dashboard/span_Messenger' is clicked on

2019-04-08 13:09:18 - [MESSAGE][PASSED] - Object: 'Object Repository/Page_KiboEngage  Dashboard/span_Messenger' is clicked on

2019-04-08 13:09:18 - [MESSAGE][PASSED] - Call Test Case 'Test Cases/s-sidebar_navigation/individualAccount/Login-KiboChat' successfully

2019-04-08 13:09:18 - [TEST_STEP][PASSED] - delay(1): Delayed 1 second(s)

2019-04-08 13:09:19 - [MESSAGE][PASSED] - Delayed 1 second(s)

2019-04-08 13:09:19 - [TEST_STEP][PASSED] - click(findTestObject("Page_KiboEngage  Dashboard/a_SMS (1)")): Object: 'Object Repository/Page_KiboEngage  Dashboard/a_SMS (1)' is clicked on

2019-04-08 13:09:19 - [MESSAGE][PASSED] - Object: 'Object Repository/Page_KiboEngage  Dashboard/a_SMS (1)' is clicked on

2019-04-08 13:09:19 - [TEST_STEP][PASSED] - click(findTestObject("Page_KiboEngage  Dashboard/span_SMS (1)")): Object: 'Object Repository/Page_KiboEngage  Dashboard/span_SMS (1)' is clicked on

2019-04-08 13:09:19 - [MESSAGE][PASSED] - Object: 'Object Repository/Page_KiboEngage  Dashboard/span_SMS (1)' is clicked on

2019-04-08 13:09:19 - [MESSAGE][PASSED] - Call Test Case 'Test Cases/SMS/SMSPlatformChat' successfully

2019-04-08 13:09:19 - [TEST_STEP][PASSED] - delay(1): Delayed 1 second(s)

2019-04-08 13:09:20 - [MESSAGE][PASSED] - Delayed 1 second(s)

2019-04-08 13:09:20 - [TEST_STEP][PASSED] - click(findTestObject("Page_KiboChat  Dashboard/span_Live Chat (Beta) (1) (1)")): Object: 'Object Repository/Page_KiboChat  Dashboard/span_Live Chat (Beta) (1) (1)' is clicked on

2019-04-08 13:09:20 - [MESSAGE][PASSED] - Object: 'Object Repository/Page_KiboChat  Dashboard/span_Live Chat (Beta) (1) (1)' is clicked on

2019-04-08 13:09:20 - [TEST_STEP][FAILED] - click(findTestObject("Object Repository/Page_KiboChat  Live Chat/div_Anisha wrote")): click(findTestObject("Object Repository/Page_KiboChat  Live Chat/div_Anisha wrote")) FAILED.
Reason:
com.kms.katalon.core.exception.StepFailedException: Unable to click on object 'Object Repository/Page_KiboChat  Live Chat/div_Anisha wrote'
	at com.kms.katalon.core.webui.keyword.internal.WebUIKeywordMain.stepFailed(WebUIKeywordMain.groovy:64)
	at com.kms.katalon.core.webui.keyword.internal.WebUIKeywordMain.runKeyword(WebUIKeywordMain.groovy:26)
	at com.kms.katalon.core.webui.keyword.builtin.ClickKeyword.click(ClickKeyword.groovy:86)
	at com.kms.katalon.core.webui.keyword.builtin.ClickKeyword.execute(ClickKeyword.groovy:67)
	at com.kms.katalon.core.keyword.internal.KeywordExecutor.executeKeywordForPlatform(KeywordExecutor.groovy:56)
	at com.kms.katalon.core.webui.keyword.WebUiBuiltInKeywords.click(WebUiBuiltInKeywords.groovy:616)
	at com.kms.katalon.core.webui.keyword.WebUiBuiltInKeywords$click$2.call(Unknown Source)
	at TC11191.run(TC11191:22)
	at com.kms.katalon.core.main.ScriptEngine.run(ScriptEngine.java:194)
	at com.kms.katalon.core.main.ScriptEngine.runScriptAsRawText(ScriptEngine.java:119)
	at com.kms.katalon.core.main.TestCaseExecutor.runScript(TestCaseExecutor.java:331)
	at com.kms.katalon.core.main.TestCaseExecutor.doExecute(TestCaseExecutor.java:322)
	at com.kms.katalon.core.main.TestCaseExecutor.processExecutionPhase(TestCaseExecutor.java:301)
	at com.kms.katalon.core.main.TestCaseExecutor.accessMainPhase(TestCaseExecutor.java:293)
	at com.kms.katalon.core.main.TestCaseExecutor.execute(TestCaseExecutor.java:227)
	at com.kms.katalon.core.main.TestSuiteExecutor.accessTestCaseMainPhase(TestSuiteExecutor.java:129)
	at com.kms.katalon.core.main.TestSuiteExecutor.accessTestSuiteMainPhase(TestSuiteExecutor.java:112)
	at com.kms.katalon.core.main.TestSuiteExecutor.execute(TestSuiteExecutor.java:81)
	at com.kms.katalon.core.main.TestCaseMain.startTestSuite(TestCaseMain.java:157)
	at com.kms.katalon.core.main.TestCaseMain$startTestSuite$0.call(Unknown Source)
	at TempTestSuite1554709863552.run(TempTestSuite1554709863552.groovy:35)
Caused by: com.kms.katalon.core.webui.exception.WebElementNotFoundException: Web element with id: 'Object Repository/Page_KiboChat  Live Chat/div_Anisha wrote' located by 'By.xpath: //div[(text() = 'Anisha wrote' or . = 'Anisha wrote')]' not found
	at com.kms.katalon.core.webui.common.WebUiCommonHelper.findWebElement(WebUiCommonHelper.java:1053)
	at com.kms.katalon.core.webui.keyword.internal.WebUIAbstractKeyword.findWebElement(WebUIAbstractKeyword.groovy:27)
	at com.kms.katalon.core.webui.keyword.internal.WebUIAbstractKeyword.findWebElement(WebUIAbstractKeyword.groovy:26)
	at com.kms.katalon.core.webui.keyword.builtin.ClickKeyword$_click_closure1.doCall(ClickKeyword.groovy:77)
	at com.kms.katalon.core.webui.keyword.builtin.ClickKeyword$_click_closure1.call(ClickKeyword.groovy)
	at com.kms.katalon.core.webui.keyword.internal.WebUIKeywordMain.runKeyword(WebUIKeywordMain.groovy:20)
	at com.kms.katalon.core.webui.keyword.builtin.ClickKeyword.click(ClickKeyword.groovy:86)
	at com.kms.katalon.core.webui.keyword.builtin.ClickKeyword.execute(ClickKeyword.groovy:67)
	at com.kms.katalon.core.keyword.internal.KeywordExecutor.executeKeywordForPlatform(KeywordExecutor.groovy:56)
	at com.kms.katalon.core.webui.keyword.WebUiBuiltInKeywords.click(WebUiBuiltInKeywords.groovy:616)
	at com.kms.katalon.core.webui.keyword.WebUiBuiltInKeywords$click$2.call(Unknown Source)
	at Script1554279771852.run(Script1554279771852.groovy:22)
	... 13 more


2019-04-08 13:09:51 - [MESSAGE][INFO] - Unable to find the element located by 'By.xpath: //div[(text() = 'Anisha wrote' or . = 'Anisha wrote')]'. Please recheck the objects properties to make sure the desired element is located. 

2019-04-08 13:09:51 - [MESSAGE][FAILED] - Unable to click on object 'Object Repository/Page_KiboChat  Live Chat/div_Anisha wrote' (Root cause: com.kms.katalon.core.exception.StepFailedException: Unable to click on object 'Object Repository/Page_KiboChat  Live Chat/div_Anisha wrote'
	at com.kms.katalon.core.webui.keyword.internal.WebUIKeywordMain.stepFailed(WebUIKeywordMain.groovy:64)
	at com.kms.katalon.core.webui.keyword.internal.WebUIKeywordMain.runKeyword(WebUIKeywordMain.groovy:26)
	at com.kms.katalon.core.webui.keyword.builtin.ClickKeyword.click(ClickKeyword.groovy:86)
	at com.kms.katalon.core.webui.keyword.builtin.ClickKeyword.execute(ClickKeyword.groovy:67)
	at com.kms.katalon.core.keyword.internal.KeywordExecutor.executeKeywordForPlatform(KeywordExecutor.groovy:56)
	at com.kms.katalon.core.webui.keyword.WebUiBuiltInKeywords.click(WebUiBuiltInKeywords.groovy:616)
	at com.kms.katalon.core.webui.keyword.WebUiBuiltInKeywords$click$2.call(Unknown Source)
	at TC11191.run(TC11191:22)
	at com.kms.katalon.core.main.ScriptEngine.run(ScriptEngine.java:194)
	at com.kms.katalon.core.main.ScriptEngine.runScriptAsRawText(ScriptEngine.java:119)
	at com.kms.katalon.core.main.TestCaseExecutor.runScript(TestCaseExecutor.java:331)
	at com.kms.katalon.core.main.TestCaseExecutor.doExecute(TestCaseExecutor.java:322)
	at com.kms.katalon.core.main.TestCaseExecutor.processExecutionPhase(TestCaseExecutor.java:301)
	at com.kms.katalon.core.main.TestCaseExecutor.accessMainPhase(TestCaseExecutor.java:293)
	at com.kms.katalon.core.main.TestCaseExecutor.execute(TestCaseExecutor.java:227)
	at com.kms.katalon.core.main.TestSuiteExecutor.accessTestCaseMainPhase(TestSuiteExecutor.java:129)
	at com.kms.katalon.core.main.TestSuiteExecutor.accessTestSuiteMainPhase(TestSuiteExecutor.java:112)
	at com.kms.katalon.core.main.TestSuiteExecutor.execute(TestSuiteExecutor.java:81)
	at com.kms.katalon.core.main.TestCaseMain.startTestSuite(TestCaseMain.java:157)
	at com.kms.katalon.core.main.TestCaseMain$startTestSuite$0.call(Unknown Source)
	at TempTestSuite1554709863552.run(TempTestSuite1554709863552.groovy:35)
Caused by: com.kms.katalon.core.webui.exception.WebElementNotFoundException: Web element with id: 'Object Repository/Page_KiboChat  Live Chat/div_Anisha wrote' located by 'By.xpath: //div[(text() = 'Anisha wrote' or . = 'Anisha wrote')]' not found
	at com.kms.katalon.core.webui.common.WebUiCommonHelper.findWebElement(WebUiCommonHelper.java:1053)
	at com.kms.katalon.core.webui.keyword.internal.WebUIAbstractKeyword.findWebElement(WebUIAbstractKeyword.groovy:27)
	at com.kms.katalon.core.webui.keyword.internal.WebUIAbstractKeyword.findWebElement(WebUIAbstractKeyword.groovy:26)
	at com.kms.katalon.core.webui.keyword.builtin.ClickKeyword$_click_closure1.doCall(ClickKeyword.groovy:77)
	at com.kms.katalon.core.webui.keyword.builtin.ClickKeyword$_click_closure1.call(ClickKeyword.groovy)
	at com.kms.katalon.core.webui.keyword.internal.WebUIKeywordMain.runKeyword(WebUIKeywordMain.groovy:20)
	at com.kms.katalon.core.webui.keyword.builtin.ClickKeyword.click(ClickKeyword.groovy:86)
	at com.kms.katalon.core.webui.keyword.builtin.ClickKeyword.execute(ClickKeyword.groovy:67)
	at com.kms.katalon.core.keyword.internal.KeywordExecutor.executeKeywordForPlatform(KeywordExecutor.groovy:56)
	at com.kms.katalon.core.webui.keyword.WebUiBuiltInKeywords.click(WebUiBuiltInKeywords.groovy:616)
	at com.kms.katalon.core.webui.keyword.WebUiBuiltInKeywords$click$2.call(Unknown Source)
	at Script1554279771852.run(Script1554279771852.groovy:22)
	... 13 more
)
[[ATTACHMENT|/home/cloudkibo-faizan/Drive/Katalon/production/KiboPush/Reports/SMS/20190408_125103/1554710991336.png]]

2019-04-08 13:09:51 - [MESSAGE][FAILED] - click(findTestObject("Object Repository/Page_KiboChat  Live Chat/div_Anisha wrote")) FAILED.
Reason:
com.kms.katalon.core.exception.StepFailedException: Unable to click on object 'Object Repository/Page_KiboChat  Live Chat/div_Anisha wrote'
	at com.kms.katalon.core.webui.keyword.internal.WebUIKeywordMain.stepFailed(WebUIKeywordMain.groovy:64)
	at com.kms.katalon.core.webui.keyword.internal.WebUIKeywordMain.runKeyword(WebUIKeywordMain.groovy:26)
	at com.kms.katalon.core.webui.keyword.builtin.ClickKeyword.click(ClickKeyword.groovy:86)
	at com.kms.katalon.core.webui.keyword.builtin.ClickKeyword.execute(ClickKeyword.groovy:67)
	at com.kms.katalon.core.keyword.internal.KeywordExecutor.executeKeywordForPlatform(KeywordExecutor.groovy:56)
	at com.kms.katalon.core.webui.keyword.WebUiBuiltInKeywords.click(WebUiBuiltInKeywords.groovy:616)
	at com.kms.katalon.core.webui.keyword.WebUiBuiltInKeywords$click$2.call(Unknown Source)
	at TC11191.run(TC11191:22)
	at com.kms.katalon.core.main.ScriptEngine.run(ScriptEngine.java:194)
	at com.kms.katalon.core.main.ScriptEngine.runScriptAsRawText(ScriptEngine.java:119)
	at com.kms.katalon.core.main.TestCaseExecutor.runScript(TestCaseExecutor.java:331)
	at com.kms.katalon.core.main.TestCaseExecutor.doExecute(TestCaseExecutor.java:322)
	at com.kms.katalon.core.main.TestCaseExecutor.processExecutionPhase(TestCaseExecutor.java:301)
	at com.kms.katalon.core.main.TestCaseExecutor.accessMainPhase(TestCaseExecutor.java:293)
	at com.kms.katalon.core.main.TestCaseExecutor.execute(TestCaseExecutor.java:227)
	at com.kms.katalon.core.main.TestSuiteExecutor.accessTestCaseMainPhase(TestSuiteExecutor.java:129)
	at com.kms.katalon.core.main.TestSuiteExecutor.accessTestSuiteMainPhase(TestSuiteExecutor.java:112)
	at com.kms.katalon.core.main.TestSuiteExecutor.execute(TestSuiteExecutor.java:81)
	at com.kms.katalon.core.main.TestCaseMain.startTestSuite(TestCaseMain.java:157)
	at com.kms.katalon.core.main.TestCaseMain$startTestSuite$0.call(Unknown Source)
	at TempTestSuite1554709863552.run(TempTestSuite1554709863552.groovy:35)
Caused by: com.kms.katalon.core.webui.exception.WebElementNotFoundException: Web element with id: 'Object Repository/Page_KiboChat  Live Chat/div_Anisha wrote' located by 'By.xpath: //div[(text() = 'Anisha wrote' or . = 'Anisha wrote')]' not found
	at com.kms.katalon.core.webui.common.WebUiCommonHelper.findWebElement(WebUiCommonHelper.java:1053)
	at com.kms.katalon.core.webui.keyword.internal.WebUIAbstractKeyword.findWebElement(WebUIAbstractKeyword.groovy:27)
	at com.kms.katalon.core.webui.keyword.internal.WebUIAbstractKeyword.findWebElement(WebUIAbstractKeyword.groovy:26)
	at com.kms.katalon.core.webui.keyword.builtin.ClickKeyword$_click_closure1.doCall(ClickKeyword.groovy:77)
	at com.kms.katalon.core.webui.keyword.builtin.ClickKeyword$_click_closure1.call(ClickKeyword.groovy)
	at com.kms.katalon.core.webui.keyword.internal.WebUIKeywordMain.runKeyword(WebUIKeywordMain.groovy:20)
	at com.kms.katalon.core.webui.keyword.builtin.ClickKeyword.click(ClickKeyword.groovy:86)
	at com.kms.katalon.core.webui.keyword.builtin.ClickKeyword.execute(ClickKeyword.groovy:67)
	at com.kms.katalon.core.keyword.internal.KeywordExecutor.executeKeywordForPlatform(KeywordExecutor.groovy:56)
	at com.kms.katalon.core.webui.keyword.WebUiBuiltInKeywords.click(WebUiBuiltInKeywords.groovy:616)
	at com.kms.katalon.core.webui.keyword.WebUiBuiltInKeywords$click$2.call(Unknown Source)
	at Script1554279771852.run(Script1554279771852.groovy:22)
	... 13 more]]></system-out>
         <system-err><![CDATA[2019-04-08 13:08:54 - [TEST_CASE][FAILED] - Test Cases/SMS/Sms Livechat/TC11191: Test Cases/SMS/Sms Livechat/TC11191 FAILED.
Reason:
com.kms.katalon.core.exception.StepFailedException: Unable to click on object 'Object Repository/Page_KiboChat  Live Chat/div_Anisha wrote'
	at com.kms.katalon.core.webui.keyword.internal.WebUIKeywordMain.stepFailed(WebUIKeywordMain.groovy:64)
	at com.kms.katalon.core.webui.keyword.internal.WebUIKeywordMain.runKeyword(WebUIKeywordMain.groovy:26)
	at com.kms.katalon.core.webui.keyword.builtin.ClickKeyword.click(ClickKeyword.groovy:86)
	at com.kms.katalon.core.webui.keyword.builtin.ClickKeyword.execute(ClickKeyword.groovy:67)
	at com.kms.katalon.core.keyword.internal.KeywordExecutor.executeKeywordForPlatform(KeywordExecutor.groovy:56)
	at com.kms.katalon.core.webui.keyword.WebUiBuiltInKeywords.click(WebUiBuiltInKeywords.groovy:616)
	at com.kms.katalon.core.webui.keyword.WebUiBuiltInKeywords$click$2.call(Unknown Source)
	at TC11191.run(TC11191:22)
	at com.kms.katalon.core.main.ScriptEngine.run(ScriptEngine.java:194)
	at com.kms.katalon.core.main.ScriptEngine.runScriptAsRawText(ScriptEngine.java:119)
	at com.kms.katalon.core.main.TestCaseExecutor.runScript(TestCaseExecutor.java:331)
	at com.kms.katalon.core.main.TestCaseExecutor.doExecute(TestCaseExecutor.java:322)
	at com.kms.katalon.core.main.TestCaseExecutor.processExecutionPhase(TestCaseExecutor.java:301)
	at com.kms.katalon.core.main.TestCaseExecutor.accessMainPhase(TestCaseExecutor.java:293)
	at com.kms.katalon.core.main.TestCaseExecutor.execute(TestCaseExecutor.java:227)
	at com.kms.katalon.core.main.TestSuiteExecutor.accessTestCaseMainPhase(TestSuiteExecutor.java:129)
	at com.kms.katalon.core.main.TestSuiteExecutor.accessTestSuiteMainPhase(TestSuiteExecutor.java:112)
	at com.kms.katalon.core.main.TestSuiteExecutor.execute(TestSuiteExecutor.java:81)
	at com.kms.katalon.core.main.TestCaseMain.startTestSuite(TestCaseMain.java:157)
	at com.kms.katalon.core.main.TestCaseMain$startTestSuite$0.call(Unknown Source)
	at TempTestSuite1554709863552.run(TempTestSuite1554709863552.groovy:35)
Caused by: com.kms.katalon.core.webui.exception.WebElementNotFoundException: Web element with id: 'Object Repository/Page_KiboChat  Live Chat/div_Anisha wrote' located by 'By.xpath: //div[(text() = 'Anisha wrote' or . = 'Anisha wrote')]' not found
	at com.kms.katalon.core.webui.common.WebUiCommonHelper.findWebElement(WebUiCommonHelper.java:1053)
	at com.kms.katalon.core.webui.keyword.internal.WebUIAbstractKeyword.findWebElement(WebUIAbstractKeyword.groovy:27)
	at com.kms.katalon.core.webui.keyword.internal.WebUIAbstractKeyword.findWebElement(WebUIAbstractKeyword.groovy:26)
	at com.kms.katalon.core.webui.keyword.builtin.ClickKeyword$_click_closure1.doCall(ClickKeyword.groovy:77)
	at com.kms.katalon.core.webui.keyword.builtin.ClickKeyword$_click_closure1.call(ClickKeyword.groovy)
	at com.kms.katalon.core.webui.keyword.internal.WebUIKeywordMain.runKeyword(WebUIKeywordMain.groovy:20)
	at com.kms.katalon.core.webui.keyword.builtin.ClickKeyword.click(ClickKeyword.groovy:86)
	at com.kms.katalon.core.webui.keyword.builtin.ClickKeyword.execute(ClickKeyword.groovy:67)
	at com.kms.katalon.core.keyword.internal.KeywordExecutor.executeKeywordForPlatform(KeywordExecutor.groovy:56)
	at com.kms.katalon.core.webui.keyword.WebUiBuiltInKeywords.click(WebUiBuiltInKeywords.groovy:616)
	at com.kms.katalon.core.webui.keyword.WebUiBuiltInKeywords$click$2.call(Unknown Source)
	at Script1554279771852.run(Script1554279771852.groovy:22)
	... 13 more]]></system-err>
      </testcase>
      <testcase name="Test Cases/SMS/Sms Livechat/TC11192" classname="Test Cases/SMS/Sms Livechat/TC11192" status="PASSED">
         <system-out><![CDATA[2019-04-08 13:09:51 - [TEST_CASE][PASSED] - Test Cases/SMS/Sms Livechat/TC11192: Test Cases/SMS/Sms Livechat/TC11192

2019-04-08 13:09:51 - [TEST_STEP][PASSED] - callTestCase(findTestCase("SMS/SMSPlatformChat"), [:], STOP_ON_FAILURE): Call Test Case 'Test Cases/SMS/SMSPlatformChat' successfully

2019-04-08 13:09:51 - [TEST_CASE][PASSED] - Test Cases/SMS/SMSPlatformChat: Test Cases/SMS/SMSPlatformChat

2019-04-08 13:09:51 - [TEST_STEP][PASSED] - callTestCase(findTestCase("s-sidebar_navigation/individualAccount/Login-KiboChat"), [:], STOP_ON_FAILURE): Call Test Case 'Test Cases/s-sidebar_navigation/individualAccount/Login-KiboChat' successfully

2019-04-08 13:09:51 - [TEST_CASE][PASSED] - Test Cases/s-sidebar_navigation/individualAccount/Login-KiboChat: Test Cases/s-sidebar_navigation/individualAccount/Login-KiboChat

2019-04-08 13:09:51 - [TEST_STEP][PASSED] - openBrowser(""): Browser is opened with url: ''

2019-04-08 13:09:51 - [MESSAGE][WARNING] - A browser is already opened. Closing browser and opening a new one

2019-04-08 13:09:51 - [MESSAGE][INFO] - Starting 'Chrome' driver

2019-04-08 13:09:52 - [MESSAGE][PASSED] - Browser is opened with url: ''

2019-04-08 13:09:52 - [TEST_STEP][PASSED] - maximizeWindow(): Current window maximized

2019-04-08 13:09:52 - [MESSAGE][PASSED] - Current window maximized

2019-04-08 13:09:52 - [TEST_STEP][PASSED] - navigateToUrl("https://kibochat.cloudkibo.com/"): Navigate to 'https://kibochat.cloudkibo.com/' successfully

2019-04-08 13:10:00 - [MESSAGE][PASSED] - Navigate to 'https://kibochat.cloudkibo.com/' successfully

2019-04-08 13:10:00 - [TEST_STEP][PASSED] - navigateToUrl("https://accounts.cloudkibo.com/?continue=https://kibochat.cloudkibo.com"): Navigate to 'https://accounts.cloudkibo.com/?continue=https://kibochat.cloudkibo.com' successfully

2019-04-08 13:10:00 - [MESSAGE][PASSED] - Navigate to 'https://accounts.cloudkibo.com/?continue=https://kibochat.cloudkibo.com' successfully

2019-04-08 13:10:00 - [TEST_STEP][PASSED] - click(findTestObject("Page_KiboPush/a_Login (10)")): Object: 'Object Repository/Page_KiboPush/a_Login (10)' is clicked on

2019-04-08 13:10:01 - [MESSAGE][PASSED] - Object: 'Object Repository/Page_KiboPush/a_Login (10)' is clicked on

2019-04-08 13:10:01 - [TEST_STEP][PASSED] - setText(findTestObject("Page_KiboPush/input_email (11)"), "individual@cloudkibo.com"): Text 'individual@cloudkibo.com' is set on object 'Object Repository/Page_KiboPush/input_email (11)'

2019-04-08 13:10:01 - [MESSAGE][PASSED] - Text 'individual@cloudkibo.com' is set on object 'Object Repository/Page_KiboPush/input_email (11)'

2019-04-08 13:10:01 - [TEST_STEP][PASSED] - setEncryptedText(findTestObject("Page_KiboPush/input_password (10)"), "RigbBhfdqOBGNlJIWM1ClA=="): Text ****** has been set on object 'Object Repository/Page_KiboPush/input_password (10)'

2019-04-08 13:10:01 - [MESSAGE][PASSED] - Text ****** has been set on object 'Object Repository/Page_KiboPush/input_password (10)'

2019-04-08 13:10:01 - [TEST_STEP][PASSED] - click(findTestObject("Page_KiboPush/button_Sign In (11)")): Object: 'Object Repository/Page_KiboPush/button_Sign In (11)' is clicked on

2019-04-08 13:10:01 - [MESSAGE][PASSED] - Object: 'Object Repository/Page_KiboPush/button_Sign In (11)' is clicked on

2019-04-08 13:10:01 - [TEST_STEP][PASSED] - click(findTestObject("Page_KiboPush  Dashboard/h3_Dashboard (58)")): Object: 'Object Repository/Page_KiboPush  Dashboard/h3_Dashboard (58)' is clicked on

2019-04-08 13:10:13 - [MESSAGE][PASSED] - Object: 'Object Repository/Page_KiboPush  Dashboard/h3_Dashboard (58)' is clicked on

2019-04-08 13:10:13 - [TEST_STEP][PASSED] - delay(3): Delayed 3 second(s)

2019-04-08 13:10:16 - [MESSAGE][PASSED] - Delayed 3 second(s)

2019-04-08 13:10:16 - [TEST_STEP][PASSED] - click(findTestObject("Object Repository/Page_KiboEngage  Dashboard/a_SMS (2)")): Object: 'Object Repository/Page_KiboEngage  Dashboard/a_SMS (2)' is clicked on

2019-04-08 13:10:16 - [MESSAGE][PASSED] - Object: 'Object Repository/Page_KiboEngage  Dashboard/a_SMS (2)' is clicked on

2019-04-08 13:10:16 - [TEST_STEP][PASSED] - click(findTestObject("Object Repository/Page_KiboEngage  Dashboard/span_Messenger")): Object: 'Object Repository/Page_KiboEngage  Dashboard/span_Messenger' is clicked on

2019-04-08 13:10:16 - [MESSAGE][PASSED] - Object: 'Object Repository/Page_KiboEngage  Dashboard/span_Messenger' is clicked on

2019-04-08 13:10:16 - [MESSAGE][PASSED] - Call Test Case 'Test Cases/s-sidebar_navigation/individualAccount/Login-KiboChat' successfully

2019-04-08 13:10:16 - [TEST_STEP][PASSED] - delay(1): Delayed 1 second(s)

2019-04-08 13:10:17 - [MESSAGE][PASSED] - Delayed 1 second(s)

2019-04-08 13:10:17 - [TEST_STEP][PASSED] - click(findTestObject("Page_KiboEngage  Dashboard/a_SMS (1)")): Object: 'Object Repository/Page_KiboEngage  Dashboard/a_SMS (1)' is clicked on

2019-04-08 13:10:18 - [MESSAGE][PASSED] - Object: 'Object Repository/Page_KiboEngage  Dashboard/a_SMS (1)' is clicked on

2019-04-08 13:10:18 - [TEST_STEP][PASSED] - click(findTestObject("Page_KiboEngage  Dashboard/span_SMS (1)")): Object: 'Object Repository/Page_KiboEngage  Dashboard/span_SMS (1)' is clicked on

2019-04-08 13:10:18 - [MESSAGE][PASSED] - Object: 'Object Repository/Page_KiboEngage  Dashboard/span_SMS (1)' is clicked on

2019-04-08 13:10:18 - [MESSAGE][PASSED] - Call Test Case 'Test Cases/SMS/SMSPlatformChat' successfully

2019-04-08 13:10:18 - [TEST_STEP][PASSED] - delay(1): Delayed 1 second(s)

2019-04-08 13:10:19 - [MESSAGE][PASSED] - Delayed 1 second(s)

2019-04-08 13:10:19 - [TEST_STEP][PASSED] - click(findTestObject("Page_KiboChat  Dashboard/span_Live Chat (Beta) (1) (1) (1)")): Object: 'Object Repository/Page_KiboChat  Dashboard/span_Live Chat (Beta) (1) (1) (1)' is clicked on

2019-04-08 13:10:19 - [MESSAGE][PASSED] - Object: 'Object Repository/Page_KiboChat  Dashboard/span_Live Chat (Beta) (1) (1) (1)' is clicked on

2019-04-08 13:10:19 - [TEST_STEP][PASSED] - click(findTestObject("Object Repository/Page_KiboChat  Live Chat/div_I am Anisha And testing the chat_m-card-profile__pic")): Object: 'Object Repository/Page_KiboChat  Live Chat/div_I am Anisha And testing the chat_m-card-profile__pic' is clicked on

2019-04-08 13:10:20 - [MESSAGE][PASSED] - Object: 'Object Repository/Page_KiboChat  Live Chat/div_I am Anisha And testing the chat_m-card-profile__pic' is clicked on]]></system-out>
         <system-err><![CDATA[]]></system-err>
      </testcase>
      <testcase name="Test Cases/SMS/Sms Livechat/TC11193" classname="Test Cases/SMS/Sms Livechat/TC11193" status="PASSED">
         <system-out><![CDATA[2019-04-08 13:10:20 - [TEST_CASE][PASSED] - Test Cases/SMS/Sms Livechat/TC11193: Test Cases/SMS/Sms Livechat/TC11193

2019-04-08 13:10:20 - [TEST_STEP][PASSED] - callTestCase(findTestCase("SMS/SMSPlatformChat"), [:], STOP_ON_FAILURE): Call Test Case 'Test Cases/SMS/SMSPlatformChat' successfully

2019-04-08 13:10:20 - [TEST_CASE][PASSED] - Test Cases/SMS/SMSPlatformChat: Test Cases/SMS/SMSPlatformChat

2019-04-08 13:10:20 - [TEST_STEP][PASSED] - callTestCase(findTestCase("s-sidebar_navigation/individualAccount/Login-KiboChat"), [:], STOP_ON_FAILURE): Call Test Case 'Test Cases/s-sidebar_navigation/individualAccount/Login-KiboChat' successfully

2019-04-08 13:10:20 - [TEST_CASE][PASSED] - Test Cases/s-sidebar_navigation/individualAccount/Login-KiboChat: Test Cases/s-sidebar_navigation/individualAccount/Login-KiboChat

2019-04-08 13:10:20 - [TEST_STEP][PASSED] - openBrowser(""): Browser is opened with url: ''

2019-04-08 13:10:20 - [MESSAGE][WARNING] - A browser is already opened. Closing browser and opening a new one

2019-04-08 13:10:20 - [MESSAGE][INFO] - Starting 'Chrome' driver

2019-04-08 13:10:20 - [MESSAGE][PASSED] - Browser is opened with url: ''

2019-04-08 13:10:20 - [TEST_STEP][PASSED] - maximizeWindow(): Current window maximized

2019-04-08 13:10:20 - [MESSAGE][PASSED] - Current window maximized

2019-04-08 13:10:20 - [TEST_STEP][PASSED] - navigateToUrl("https://kibochat.cloudkibo.com/"): Navigate to 'https://kibochat.cloudkibo.com/' successfully

2019-04-08 13:10:32 - [MESSAGE][PASSED] - Navigate to 'https://kibochat.cloudkibo.com/' successfully

2019-04-08 13:10:32 - [TEST_STEP][PASSED] - navigateToUrl("https://accounts.cloudkibo.com/?continue=https://kibochat.cloudkibo.com"): Navigate to 'https://accounts.cloudkibo.com/?continue=https://kibochat.cloudkibo.com' successfully

2019-04-08 13:10:32 - [MESSAGE][PASSED] - Navigate to 'https://accounts.cloudkibo.com/?continue=https://kibochat.cloudkibo.com' successfully

2019-04-08 13:10:32 - [TEST_STEP][PASSED] - click(findTestObject("Page_KiboPush/a_Login (10)")): Object: 'Object Repository/Page_KiboPush/a_Login (10)' is clicked on

2019-04-08 13:10:33 - [MESSAGE][PASSED] - Object: 'Object Repository/Page_KiboPush/a_Login (10)' is clicked on

2019-04-08 13:10:33 - [TEST_STEP][PASSED] - setText(findTestObject("Page_KiboPush/input_email (11)"), "individual@cloudkibo.com"): Text 'individual@cloudkibo.com' is set on object 'Object Repository/Page_KiboPush/input_email (11)'

2019-04-08 13:10:33 - [MESSAGE][PASSED] - Text 'individual@cloudkibo.com' is set on object 'Object Repository/Page_KiboPush/input_email (11)'

2019-04-08 13:10:33 - [TEST_STEP][PASSED] - setEncryptedText(findTestObject("Page_KiboPush/input_password (10)"), "RigbBhfdqOBGNlJIWM1ClA=="): Text ****** has been set on object 'Object Repository/Page_KiboPush/input_password (10)'

2019-04-08 13:10:33 - [MESSAGE][PASSED] - Text ****** has been set on object 'Object Repository/Page_KiboPush/input_password (10)'

2019-04-08 13:10:33 - [TEST_STEP][PASSED] - click(findTestObject("Page_KiboPush/button_Sign In (11)")): Object: 'Object Repository/Page_KiboPush/button_Sign In (11)' is clicked on

2019-04-08 13:10:33 - [MESSAGE][PASSED] - Object: 'Object Repository/Page_KiboPush/button_Sign In (11)' is clicked on

2019-04-08 13:10:33 - [TEST_STEP][PASSED] - click(findTestObject("Page_KiboPush  Dashboard/h3_Dashboard (58)")): Object: 'Object Repository/Page_KiboPush  Dashboard/h3_Dashboard (58)' is clicked on

2019-04-08 13:10:59 - [MESSAGE][PASSED] - Object: 'Object Repository/Page_KiboPush  Dashboard/h3_Dashboard (58)' is clicked on

2019-04-08 13:10:59 - [TEST_STEP][PASSED] - delay(3): Delayed 3 second(s)

2019-04-08 13:11:02 - [MESSAGE][PASSED] - Delayed 3 second(s)

2019-04-08 13:11:02 - [TEST_STEP][PASSED] - click(findTestObject("Object Repository/Page_KiboEngage  Dashboard/a_SMS (2)")): Object: 'Object Repository/Page_KiboEngage  Dashboard/a_SMS (2)' is clicked on

2019-04-08 13:11:02 - [MESSAGE][PASSED] - Object: 'Object Repository/Page_KiboEngage  Dashboard/a_SMS (2)' is clicked on

2019-04-08 13:11:02 - [TEST_STEP][PASSED] - click(findTestObject("Object Repository/Page_KiboEngage  Dashboard/span_Messenger")): Object: 'Object Repository/Page_KiboEngage  Dashboard/span_Messenger' is clicked on

2019-04-08 13:11:02 - [MESSAGE][PASSED] - Object: 'Object Repository/Page_KiboEngage  Dashboard/span_Messenger' is clicked on

2019-04-08 13:11:02 - [MESSAGE][PASSED] - Call Test Case 'Test Cases/s-sidebar_navigation/individualAccount/Login-KiboChat' successfully

2019-04-08 13:11:02 - [TEST_STEP][PASSED] - delay(1): Delayed 1 second(s)

2019-04-08 13:11:03 - [MESSAGE][PASSED] - Delayed 1 second(s)

2019-04-08 13:11:03 - [TEST_STEP][PASSED] - click(findTestObject("Page_KiboEngage  Dashboard/a_SMS (1)")): Object: 'Object Repository/Page_KiboEngage  Dashboard/a_SMS (1)' is clicked on

2019-04-08 13:11:03 - [MESSAGE][PASSED] - Object: 'Object Repository/Page_KiboEngage  Dashboard/a_SMS (1)' is clicked on

2019-04-08 13:11:03 - [TEST_STEP][PASSED] - click(findTestObject("Page_KiboEngage  Dashboard/span_SMS (1)")): Object: 'Object Repository/Page_KiboEngage  Dashboard/span_SMS (1)' is clicked on

2019-04-08 13:11:04 - [MESSAGE][PASSED] - Object: 'Object Repository/Page_KiboEngage  Dashboard/span_SMS (1)' is clicked on

2019-04-08 13:11:04 - [MESSAGE][PASSED] - Call Test Case 'Test Cases/SMS/SMSPlatformChat' successfully

2019-04-08 13:11:04 - [TEST_STEP][PASSED] - delay(1): Delayed 1 second(s)

2019-04-08 13:11:05 - [MESSAGE][PASSED] - Delayed 1 second(s)

2019-04-08 13:11:05 - [TEST_STEP][PASSED] - click(findTestObject("Page_KiboChat  Dashboard/span_Live Chat (Beta) (1) (1) (1) (1)")): Object: 'Object Repository/Page_KiboChat  Dashboard/span_Live Chat (Beta) (1) (1) (1) (1)' is clicked on

2019-04-08 13:11:05 - [MESSAGE][PASSED] - Object: 'Object Repository/Page_KiboChat  Dashboard/span_Live Chat (Beta) (1) (1) (1) (1)' is clicked on

2019-04-08 13:11:05 - [TEST_STEP][PASSED] - setText(findTestObject("Page_KiboChat  Live Chat/input_User Guide_generalSearch"), "anisha"): Text 'anisha' is set on object 'Object Repository/Page_KiboChat  Live Chat/input_User Guide_generalSearch'

2019-04-08 13:11:06 - [MESSAGE][PASSED] - Text 'anisha' is set on object 'Object Repository/Page_KiboChat  Live Chat/input_User Guide_generalSearch'

2019-04-08 13:11:06 - [TEST_STEP][PASSED] - delay(3): Delayed 3 second(s)

2019-04-08 13:11:09 - [MESSAGE][PASSED] - Delayed 3 second(s)

2019-04-08 13:11:09 - [TEST_STEP][PASSED] - click(findTestObject("Page_KiboChat  Live Chat/span_Anisha (1)")): Object: 'Object Repository/Page_KiboChat  Live Chat/span_Anisha (1)' is clicked on

2019-04-08 13:11:09 - [MESSAGE][PASSED] - Object: 'Object Repository/Page_KiboChat  Live Chat/span_Anisha (1)' is clicked on]]></system-out>
         <system-err><![CDATA[]]></system-err>
      </testcase>
      <testcase name="Test Cases/SMS/Configuration in Settings/TC11210" classname="Test Cases/SMS/Configuration in Settings/TC11210" status="PASSED">
         <system-out><![CDATA[2019-04-08 13:11:09 - [TEST_CASE][PASSED] - Test Cases/SMS/Configuration in Settings/TC11210: Test Cases/SMS/Configuration in Settings/TC11210

2019-04-08 13:11:09 - [TEST_STEP][PASSED] - callTestCase(findTestCase("SMS/SMSPlatform"), [:], STOP_ON_FAILURE): Call Test Case 'Test Cases/SMS/SMSPlatform' successfully

2019-04-08 13:11:09 - [TEST_CASE][PASSED] - Test Cases/SMS/SMSPlatform: Test Cases/SMS/SMSPlatform

2019-04-08 13:11:09 - [TEST_STEP][PASSED] - callTestCase(findTestCase("s-sidebar_navigation/individualAccount/Dashboard"), [:], STOP_ON_FAILURE): Call Test Case 'Test Cases/s-sidebar_navigation/individualAccount/Dashboard' successfully

2019-04-08 13:11:09 - [TEST_CASE][PASSED] - Test Cases/s-sidebar_navigation/individualAccount/Dashboard: Test Cases/s-sidebar_navigation/individualAccount/Dashboard

2019-04-08 13:11:09 - [TEST_STEP][PASSED] - callTestCase(findTestCase("s-sidebar_navigation/individualAccount/Login-KiboEngage"), [:], STOP_ON_FAILURE): Call Test Case 'Test Cases/s-sidebar_navigation/individualAccount/Login-KiboEngage' successfully

2019-04-08 13:11:09 - [TEST_CASE][PASSED] - Test Cases/s-sidebar_navigation/individualAccount/Login-KiboEngage: Test Cases/s-sidebar_navigation/individualAccount/Login-KiboEngage

2019-04-08 13:11:09 - [TEST_STEP][PASSED] - openBrowser(""): Browser is opened with url: ''

2019-04-08 13:11:09 - [MESSAGE][WARNING] - A browser is already opened. Closing browser and opening a new one

2019-04-08 13:11:09 - [MESSAGE][INFO] - Starting 'Chrome' driver

2019-04-08 13:11:10 - [MESSAGE][PASSED] - Browser is opened with url: ''

2019-04-08 13:11:10 - [TEST_STEP][PASSED] - maximizeWindow(): Current window maximized

2019-04-08 13:11:10 - [MESSAGE][PASSED] - Current window maximized

2019-04-08 13:11:10 - [TEST_STEP][PASSED] - navigateToUrl("https://kiboengage.cloudkibo.com/"): Navigate to 'https://kiboengage.cloudkibo.com/' successfully

2019-04-08 13:11:18 - [MESSAGE][PASSED] - Navigate to 'https://kiboengage.cloudkibo.com/' successfully

2019-04-08 13:11:18 - [TEST_STEP][PASSED] - navigateToUrl("https://accounts.cloudkibo.com/?continue=https://kiboengage.cloudkibo.com"): Navigate to 'https://accounts.cloudkibo.com/?continue=https://kiboengage.cloudkibo.com' successfully

2019-04-08 13:11:18 - [MESSAGE][PASSED] - Navigate to 'https://accounts.cloudkibo.com/?continue=https://kiboengage.cloudkibo.com' successfully

2019-04-08 13:11:18 - [TEST_STEP][PASSED] - click(findTestObject("Page_KiboPush/a_Login (9) (1)")): Object: 'Object Repository/Page_KiboPush/a_Login (9) (1)' is clicked on

2019-04-08 13:11:19 - [MESSAGE][PASSED] - Object: 'Object Repository/Page_KiboPush/a_Login (9) (1)' is clicked on

2019-04-08 13:11:19 - [TEST_STEP][PASSED] - setText(findTestObject("Page_KiboPush/input_email (10) (1)"), "individual@cloudkibo.com"): Text 'individual@cloudkibo.com' is set on object 'Object Repository/Page_KiboPush/input_email (10) (1)'

2019-04-08 13:11:19 - [MESSAGE][PASSED] - Text 'individual@cloudkibo.com' is set on object 'Object Repository/Page_KiboPush/input_email (10) (1)'

2019-04-08 13:11:19 - [TEST_STEP][PASSED] - setEncryptedText(findTestObject("Page_KiboPush/input_password (9) (1)"), "RigbBhfdqOBGNlJIWM1ClA=="): Text ****** has been set on object 'Object Repository/Page_KiboPush/input_password (9) (1)'

2019-04-08 13:11:19 - [MESSAGE][PASSED] - Text ****** has been set on object 'Object Repository/Page_KiboPush/input_password (9) (1)'

2019-04-08 13:11:19 - [TEST_STEP][PASSED] - click(findTestObject("Page_KiboPush/button_Sign In (10) (1)")): Object: 'Object Repository/Page_KiboPush/button_Sign In (10) (1)' is clicked on

2019-04-08 13:11:19 - [MESSAGE][PASSED] - Object: 'Object Repository/Page_KiboPush/button_Sign In (10) (1)' is clicked on

2019-04-08 13:11:19 - [TEST_STEP][PASSED] - navigateToUrl("https://kiboengage.cloudkibo.com/dashboard"): Navigate to 'https://kiboengage.cloudkibo.com/dashboard' successfully

2019-04-08 13:11:36 - [MESSAGE][PASSED] - Navigate to 'https://kiboengage.cloudkibo.com/dashboard' successfully

2019-04-08 13:11:36 - [TEST_STEP][PASSED] - click(findTestObject("Page_KiboPush  Dashboard/h3_Dashboard (57)")): Object: 'Object Repository/Page_KiboPush  Dashboard/h3_Dashboard (57)' is clicked on

2019-04-08 13:11:36 - [MESSAGE][PASSED] - Object: 'Object Repository/Page_KiboPush  Dashboard/h3_Dashboard (57)' is clicked on

2019-04-08 13:11:36 - [TEST_STEP][PASSED] - delay(3): Delayed 3 second(s)

2019-04-08 13:11:39 - [MESSAGE][PASSED] - Delayed 3 second(s)

2019-04-08 13:11:39 - [TEST_STEP][PASSED] - click(findTestObject("Object Repository/Page_KiboEngage  Dashboard/a_SMS (2)")): Object: 'Object Repository/Page_KiboEngage  Dashboard/a_SMS (2)' is clicked on

2019-04-08 13:11:39 - [MESSAGE][PASSED] - Object: 'Object Repository/Page_KiboEngage  Dashboard/a_SMS (2)' is clicked on

2019-04-08 13:11:39 - [TEST_STEP][PASSED] - click(findTestObject("Object Repository/Page_KiboEngage  Dashboard/span_Messenger")): Object: 'Object Repository/Page_KiboEngage  Dashboard/span_Messenger' is clicked on

2019-04-08 13:11:39 - [MESSAGE][PASSED] - Object: 'Object Repository/Page_KiboEngage  Dashboard/span_Messenger' is clicked on

2019-04-08 13:11:39 - [MESSAGE][PASSED] - Call Test Case 'Test Cases/s-sidebar_navigation/individualAccount/Login-KiboEngage' successfully

2019-04-08 13:11:39 - [TEST_STEP][PASSED] - click(findTestObject("Page_KiboPush  Dashboard/h3_Dashboard")): Object: 'Object Repository/Page_KiboPush  Dashboard/h3_Dashboard' is clicked on

2019-04-08 13:11:39 - [MESSAGE][PASSED] - Object: 'Object Repository/Page_KiboPush  Dashboard/h3_Dashboard' is clicked on

2019-04-08 13:11:39 - [TEST_STEP][PASSED] - click(findTestObject("Page_KiboPush  Dashboard/span_Dashboard")): Object: 'Object Repository/Page_KiboPush  Dashboard/span_Dashboard' is clicked on

2019-04-08 13:11:39 - [MESSAGE][PASSED] - Object: 'Object Repository/Page_KiboPush  Dashboard/span_Dashboard' is clicked on

2019-04-08 13:11:39 - [MESSAGE][PASSED] - Call Test Case 'Test Cases/s-sidebar_navigation/individualAccount/Dashboard' successfully

2019-04-08 13:11:39 - [TEST_STEP][PASSED] - click(findTestObject("Page_KiboEngage  Dashboard/a_SMS (1)")): Object: 'Object Repository/Page_KiboEngage  Dashboard/a_SMS (1)' is clicked on

2019-04-08 13:11:39 - [MESSAGE][PASSED] - Object: 'Object Repository/Page_KiboEngage  Dashboard/a_SMS (1)' is clicked on

2019-04-08 13:11:39 - [TEST_STEP][PASSED] - click(findTestObject("Page_KiboEngage  Dashboard/span_SMS (1)")): Object: 'Object Repository/Page_KiboEngage  Dashboard/span_SMS (1)' is clicked on

2019-04-08 13:11:40 - [MESSAGE][PASSED] - Object: 'Object Repository/Page_KiboEngage  Dashboard/span_SMS (1)' is clicked on

2019-04-08 13:11:40 - [MESSAGE][PASSED] - Call Test Case 'Test Cases/SMS/SMSPlatform' successfully

2019-04-08 13:11:40 - [TEST_STEP][PASSED] - click(findTestObject("Object Repository/Page_KiboEngage  Dashboard/span_Settings")): Object: 'Object Repository/Page_KiboEngage  Dashboard/span_Settings' is clicked on

2019-04-08 13:11:40 - [MESSAGE][PASSED] - Object: 'Object Repository/Page_KiboEngage  Dashboard/span_Settings' is clicked on

2019-04-08 13:11:40 - [TEST_STEP][PASSED] - click(findTestObject("Object Repository/Page_KiboEngage  Api Settings/a_Configuration")): Object: 'Object Repository/Page_KiboEngage  Api Settings/a_Configuration' is clicked on

2019-04-08 13:11:40 - [MESSAGE][PASSED] - Object: 'Object Repository/Page_KiboEngage  Api Settings/a_Configuration' is clicked on

2019-04-08 13:11:40 - [TEST_STEP][PASSED] - click(findTestObject("Object Repository/Page_KiboEngage  Api Settings/span_Configuration")): Object: 'Object Repository/Page_KiboEngage  Api Settings/span_Configuration' is clicked on

2019-04-08 13:11:40 - [MESSAGE][PASSED] - Object: 'Object Repository/Page_KiboEngage  Api Settings/span_Configuration' is clicked on]]></system-out>
         <system-err><![CDATA[]]></system-err>
      </testcase>
      <testcase name="Test Cases/SMS/Configuration in Settings/TC11211" classname="Test Cases/SMS/Configuration in Settings/TC11211" status="PASSED">
         <system-out><![CDATA[2019-04-08 13:11:40 - [TEST_CASE][PASSED] - Test Cases/SMS/Configuration in Settings/TC11211: Test Cases/SMS/Configuration in Settings/TC11211

2019-04-08 13:11:40 - [TEST_STEP][PASSED] - callTestCase(findTestCase("SMS/SMSPlatform"), [:], STOP_ON_FAILURE): Call Test Case 'Test Cases/SMS/SMSPlatform' successfully

2019-04-08 13:11:40 - [TEST_CASE][PASSED] - Test Cases/SMS/SMSPlatform: Test Cases/SMS/SMSPlatform

2019-04-08 13:11:40 - [TEST_STEP][PASSED] - callTestCase(findTestCase("s-sidebar_navigation/individualAccount/Dashboard"), [:], STOP_ON_FAILURE): Call Test Case 'Test Cases/s-sidebar_navigation/individualAccount/Dashboard' successfully

2019-04-08 13:11:40 - [TEST_CASE][PASSED] - Test Cases/s-sidebar_navigation/individualAccount/Dashboard: Test Cases/s-sidebar_navigation/individualAccount/Dashboard

2019-04-08 13:11:40 - [TEST_STEP][PASSED] - callTestCase(findTestCase("s-sidebar_navigation/individualAccount/Login-KiboEngage"), [:], STOP_ON_FAILURE): Call Test Case 'Test Cases/s-sidebar_navigation/individualAccount/Login-KiboEngage' successfully

2019-04-08 13:11:40 - [TEST_CASE][PASSED] - Test Cases/s-sidebar_navigation/individualAccount/Login-KiboEngage: Test Cases/s-sidebar_navigation/individualAccount/Login-KiboEngage

2019-04-08 13:11:40 - [TEST_STEP][PASSED] - openBrowser(""): Browser is opened with url: ''

2019-04-08 13:11:40 - [MESSAGE][WARNING] - A browser is already opened. Closing browser and opening a new one

2019-04-08 13:11:40 - [MESSAGE][INFO] - Starting 'Chrome' driver

2019-04-08 13:11:41 - [MESSAGE][PASSED] - Browser is opened with url: ''

2019-04-08 13:11:41 - [TEST_STEP][PASSED] - maximizeWindow(): Current window maximized

2019-04-08 13:11:41 - [MESSAGE][PASSED] - Current window maximized

2019-04-08 13:11:41 - [TEST_STEP][PASSED] - navigateToUrl("https://kiboengage.cloudkibo.com/"): Navigate to 'https://kiboengage.cloudkibo.com/' successfully

2019-04-08 13:11:48 - [MESSAGE][PASSED] - Navigate to 'https://kiboengage.cloudkibo.com/' successfully

2019-04-08 13:11:48 - [TEST_STEP][PASSED] - navigateToUrl("https://accounts.cloudkibo.com/?continue=https://kiboengage.cloudkibo.com"): Navigate to 'https://accounts.cloudkibo.com/?continue=https://kiboengage.cloudkibo.com' successfully

2019-04-08 13:11:49 - [MESSAGE][PASSED] - Navigate to 'https://accounts.cloudkibo.com/?continue=https://kiboengage.cloudkibo.com' successfully

2019-04-08 13:11:49 - [TEST_STEP][PASSED] - click(findTestObject("Page_KiboPush/a_Login (9) (1)")): Object: 'Object Repository/Page_KiboPush/a_Login (9) (1)' is clicked on

2019-04-08 13:11:49 - [MESSAGE][PASSED] - Object: 'Object Repository/Page_KiboPush/a_Login (9) (1)' is clicked on

2019-04-08 13:11:49 - [TEST_STEP][PASSED] - setText(findTestObject("Page_KiboPush/input_email (10) (1)"), "individual@cloudkibo.com"): Text 'individual@cloudkibo.com' is set on object 'Object Repository/Page_KiboPush/input_email (10) (1)'

2019-04-08 13:11:50 - [MESSAGE][PASSED] - Text 'individual@cloudkibo.com' is set on object 'Object Repository/Page_KiboPush/input_email (10) (1)'

2019-04-08 13:11:50 - [TEST_STEP][PASSED] - setEncryptedText(findTestObject("Page_KiboPush/input_password (9) (1)"), "RigbBhfdqOBGNlJIWM1ClA=="): Text ****** has been set on object 'Object Repository/Page_KiboPush/input_password (9) (1)'

2019-04-08 13:11:50 - [MESSAGE][PASSED] - Text ****** has been set on object 'Object Repository/Page_KiboPush/input_password (9) (1)'

2019-04-08 13:11:50 - [TEST_STEP][PASSED] - click(findTestObject("Page_KiboPush/button_Sign In (10) (1)")): Object: 'Object Repository/Page_KiboPush/button_Sign In (10) (1)' is clicked on

2019-04-08 13:11:50 - [MESSAGE][PASSED] - Object: 'Object Repository/Page_KiboPush/button_Sign In (10) (1)' is clicked on

2019-04-08 13:11:50 - [TEST_STEP][PASSED] - navigateToUrl("https://kiboengage.cloudkibo.com/dashboard"): Navigate to 'https://kiboengage.cloudkibo.com/dashboard' successfully

2019-04-08 13:12:03 - [MESSAGE][PASSED] - Navigate to 'https://kiboengage.cloudkibo.com/dashboard' successfully

2019-04-08 13:12:03 - [TEST_STEP][PASSED] - click(findTestObject("Page_KiboPush  Dashboard/h3_Dashboard (57)")): Object: 'Object Repository/Page_KiboPush  Dashboard/h3_Dashboard (57)' is clicked on

2019-04-08 13:12:03 - [MESSAGE][PASSED] - Object: 'Object Repository/Page_KiboPush  Dashboard/h3_Dashboard (57)' is clicked on

2019-04-08 13:12:03 - [TEST_STEP][PASSED] - delay(3): Delayed 3 second(s)

2019-04-08 13:12:06 - [MESSAGE][PASSED] - Delayed 3 second(s)

2019-04-08 13:12:06 - [TEST_STEP][PASSED] - click(findTestObject("Object Repository/Page_KiboEngage  Dashboard/a_SMS (2)")): Object: 'Object Repository/Page_KiboEngage  Dashboard/a_SMS (2)' is clicked on

2019-04-08 13:12:06 - [MESSAGE][PASSED] - Object: 'Object Repository/Page_KiboEngage  Dashboard/a_SMS (2)' is clicked on

2019-04-08 13:12:06 - [TEST_STEP][PASSED] - click(findTestObject("Object Repository/Page_KiboEngage  Dashboard/span_Messenger")): Object: 'Object Repository/Page_KiboEngage  Dashboard/span_Messenger' is clicked on

2019-04-08 13:12:06 - [MESSAGE][PASSED] - Object: 'Object Repository/Page_KiboEngage  Dashboard/span_Messenger' is clicked on

2019-04-08 13:12:06 - [MESSAGE][PASSED] - Call Test Case 'Test Cases/s-sidebar_navigation/individualAccount/Login-KiboEngage' successfully

2019-04-08 13:12:06 - [TEST_STEP][PASSED] - click(findTestObject("Page_KiboPush  Dashboard/h3_Dashboard")): Object: 'Object Repository/Page_KiboPush  Dashboard/h3_Dashboard' is clicked on

2019-04-08 13:12:06 - [MESSAGE][PASSED] - Object: 'Object Repository/Page_KiboPush  Dashboard/h3_Dashboard' is clicked on

2019-04-08 13:12:06 - [TEST_STEP][PASSED] - click(findTestObject("Page_KiboPush  Dashboard/span_Dashboard")): Object: 'Object Repository/Page_KiboPush  Dashboard/span_Dashboard' is clicked on

2019-04-08 13:12:06 - [MESSAGE][PASSED] - Object: 'Object Repository/Page_KiboPush  Dashboard/span_Dashboard' is clicked on

2019-04-08 13:12:06 - [MESSAGE][PASSED] - Call Test Case 'Test Cases/s-sidebar_navigation/individualAccount/Dashboard' successfully

2019-04-08 13:12:06 - [TEST_STEP][PASSED] - click(findTestObject("Page_KiboEngage  Dashboard/a_SMS (1)")): Object: 'Object Repository/Page_KiboEngage  Dashboard/a_SMS (1)' is clicked on

2019-04-08 13:12:06 - [MESSAGE][PASSED] - Object: 'Object Repository/Page_KiboEngage  Dashboard/a_SMS (1)' is clicked on

2019-04-08 13:12:06 - [TEST_STEP][PASSED] - click(findTestObject("Page_KiboEngage  Dashboard/span_SMS (1)")): Object: 'Object Repository/Page_KiboEngage  Dashboard/span_SMS (1)' is clicked on

2019-04-08 13:12:06 - [MESSAGE][PASSED] - Object: 'Object Repository/Page_KiboEngage  Dashboard/span_SMS (1)' is clicked on

2019-04-08 13:12:06 - [MESSAGE][PASSED] - Call Test Case 'Test Cases/SMS/SMSPlatform' successfully

2019-04-08 13:12:06 - [TEST_STEP][PASSED] - click(findTestObject("Page_KiboEngage  Dashboard/span_Settings")): Object: 'Object Repository/Page_KiboEngage  Dashboard/span_Settings' is clicked on

2019-04-08 13:12:07 - [MESSAGE][PASSED] - Object: 'Object Repository/Page_KiboEngage  Dashboard/span_Settings' is clicked on

2019-04-08 13:12:07 - [TEST_STEP][PASSED] - click(findTestObject("Object Repository/Page_KiboEngage  Api Settings/a_Configuration (1)")): Object: 'Object Repository/Page_KiboEngage  Api Settings/a_Configuration (1)' is clicked on

2019-04-08 13:12:07 - [MESSAGE][PASSED] - Object: 'Object Repository/Page_KiboEngage  Api Settings/a_Configuration (1)' is clicked on

2019-04-08 13:12:07 - [TEST_STEP][PASSED] - click(findTestObject("Object Repository/Page_KiboEngage  Api Settings/span_Configuration (1)")): Object: 'Object Repository/Page_KiboEngage  Api Settings/span_Configuration (1)' is clicked on

2019-04-08 13:12:07 - [MESSAGE][PASSED] - Object: 'Object Repository/Page_KiboEngage  Api Settings/span_Configuration (1)' is clicked on

2019-04-08 13:12:07 - [TEST_STEP][PASSED] - click(findTestObject("Object Repository/Page_KiboEngage  Api Settings/button_Edit")): Object: 'Object Repository/Page_KiboEngage  Api Settings/button_Edit' is clicked on

2019-04-08 13:12:07 - [MESSAGE][PASSED] - Object: 'Object Repository/Page_KiboEngage  Api Settings/button_Edit' is clicked on

2019-04-08 13:12:07 - [TEST_STEP][PASSED] - click(findTestObject("Object Repository/Page_KiboEngage  Api Settings/h3_Connect with Twilio")): Object: 'Object Repository/Page_KiboEngage  Api Settings/h3_Connect with Twilio' is clicked on

2019-04-08 13:12:07 - [MESSAGE][PASSED] - Object: 'Object Repository/Page_KiboEngage  Api Settings/h3_Connect with Twilio' is clicked on]]></system-out>
         <system-err><![CDATA[]]></system-err>
      </testcase>
      <testcase name="Test Cases/SMS/Configuration in Settings/TC11212" classname="Test Cases/SMS/Configuration in Settings/TC11212" status="PASSED">
         <system-out><![CDATA[2019-04-08 13:12:07 - [TEST_CASE][PASSED] - Test Cases/SMS/Configuration in Settings/TC11212: Test Cases/SMS/Configuration in Settings/TC11212

2019-04-08 13:12:07 - [TEST_STEP][PASSED] - callTestCase(findTestCase("SMS/SMSPlatform"), [:], STOP_ON_FAILURE): Call Test Case 'Test Cases/SMS/SMSPlatform' successfully

2019-04-08 13:12:07 - [TEST_CASE][PASSED] - Test Cases/SMS/SMSPlatform: Test Cases/SMS/SMSPlatform

2019-04-08 13:12:07 - [TEST_STEP][PASSED] - callTestCase(findTestCase("s-sidebar_navigation/individualAccount/Dashboard"), [:], STOP_ON_FAILURE): Call Test Case 'Test Cases/s-sidebar_navigation/individualAccount/Dashboard' successfully

2019-04-08 13:12:07 - [TEST_CASE][PASSED] - Test Cases/s-sidebar_navigation/individualAccount/Dashboard: Test Cases/s-sidebar_navigation/individualAccount/Dashboard

2019-04-08 13:12:07 - [TEST_STEP][PASSED] - callTestCase(findTestCase("s-sidebar_navigation/individualAccount/Login-KiboEngage"), [:], STOP_ON_FAILURE): Call Test Case 'Test Cases/s-sidebar_navigation/individualAccount/Login-KiboEngage' successfully

2019-04-08 13:12:07 - [TEST_CASE][PASSED] - Test Cases/s-sidebar_navigation/individualAccount/Login-KiboEngage: Test Cases/s-sidebar_navigation/individualAccount/Login-KiboEngage

2019-04-08 13:12:07 - [TEST_STEP][PASSED] - openBrowser(""): Browser is opened with url: ''

2019-04-08 13:12:07 - [MESSAGE][WARNING] - A browser is already opened. Closing browser and opening a new one

2019-04-08 13:12:07 - [MESSAGE][INFO] - Starting 'Chrome' driver

2019-04-08 13:12:08 - [MESSAGE][PASSED] - Browser is opened with url: ''

2019-04-08 13:12:08 - [TEST_STEP][PASSED] - maximizeWindow(): Current window maximized

2019-04-08 13:12:08 - [MESSAGE][PASSED] - Current window maximized

2019-04-08 13:12:08 - [TEST_STEP][PASSED] - navigateToUrl("https://kiboengage.cloudkibo.com/"): Navigate to 'https://kiboengage.cloudkibo.com/' successfully

2019-04-08 13:12:20 - [MESSAGE][PASSED] - Navigate to 'https://kiboengage.cloudkibo.com/' successfully

2019-04-08 13:12:20 - [TEST_STEP][PASSED] - navigateToUrl("https://accounts.cloudkibo.com/?continue=https://kiboengage.cloudkibo.com"): Navigate to 'https://accounts.cloudkibo.com/?continue=https://kiboengage.cloudkibo.com' successfully

2019-04-08 13:12:20 - [MESSAGE][PASSED] - Navigate to 'https://accounts.cloudkibo.com/?continue=https://kiboengage.cloudkibo.com' successfully

2019-04-08 13:12:20 - [TEST_STEP][PASSED] - click(findTestObject("Page_KiboPush/a_Login (9) (1)")): Object: 'Object Repository/Page_KiboPush/a_Login (9) (1)' is clicked on

2019-04-08 13:12:21 - [MESSAGE][PASSED] - Object: 'Object Repository/Page_KiboPush/a_Login (9) (1)' is clicked on

2019-04-08 13:12:21 - [TEST_STEP][PASSED] - setText(findTestObject("Page_KiboPush/input_email (10) (1)"), "individual@cloudkibo.com"): Text 'individual@cloudkibo.com' is set on object 'Object Repository/Page_KiboPush/input_email (10) (1)'

2019-04-08 13:12:21 - [MESSAGE][PASSED] - Text 'individual@cloudkibo.com' is set on object 'Object Repository/Page_KiboPush/input_email (10) (1)'

2019-04-08 13:12:21 - [TEST_STEP][PASSED] - setEncryptedText(findTestObject("Page_KiboPush/input_password (9) (1)"), "RigbBhfdqOBGNlJIWM1ClA=="): Text ****** has been set on object 'Object Repository/Page_KiboPush/input_password (9) (1)'

2019-04-08 13:12:21 - [MESSAGE][PASSED] - Text ****** has been set on object 'Object Repository/Page_KiboPush/input_password (9) (1)'

2019-04-08 13:12:21 - [TEST_STEP][PASSED] - click(findTestObject("Page_KiboPush/button_Sign In (10) (1)")): Object: 'Object Repository/Page_KiboPush/button_Sign In (10) (1)' is clicked on

2019-04-08 13:12:21 - [MESSAGE][PASSED] - Object: 'Object Repository/Page_KiboPush/button_Sign In (10) (1)' is clicked on

2019-04-08 13:12:21 - [TEST_STEP][PASSED] - navigateToUrl("https://kiboengage.cloudkibo.com/dashboard"): Navigate to 'https://kiboengage.cloudkibo.com/dashboard' successfully

2019-04-08 13:12:33 - [MESSAGE][PASSED] - Navigate to 'https://kiboengage.cloudkibo.com/dashboard' successfully

2019-04-08 13:12:33 - [TEST_STEP][PASSED] - click(findTestObject("Page_KiboPush  Dashboard/h3_Dashboard (57)")): Object: 'Object Repository/Page_KiboPush  Dashboard/h3_Dashboard (57)' is clicked on

2019-04-08 13:12:33 - [MESSAGE][PASSED] - Object: 'Object Repository/Page_KiboPush  Dashboard/h3_Dashboard (57)' is clicked on

2019-04-08 13:12:33 - [TEST_STEP][PASSED] - delay(3): Delayed 3 second(s)

2019-04-08 13:12:36 - [MESSAGE][PASSED] - Delayed 3 second(s)

2019-04-08 13:12:36 - [TEST_STEP][PASSED] - click(findTestObject("Object Repository/Page_KiboEngage  Dashboard/a_SMS (2)")): Object: 'Object Repository/Page_KiboEngage  Dashboard/a_SMS (2)' is clicked on

2019-04-08 13:12:36 - [MESSAGE][PASSED] - Object: 'Object Repository/Page_KiboEngage  Dashboard/a_SMS (2)' is clicked on

2019-04-08 13:12:36 - [TEST_STEP][PASSED] - click(findTestObject("Object Repository/Page_KiboEngage  Dashboard/span_Messenger")): Object: 'Object Repository/Page_KiboEngage  Dashboard/span_Messenger' is clicked on

2019-04-08 13:12:36 - [MESSAGE][PASSED] - Object: 'Object Repository/Page_KiboEngage  Dashboard/span_Messenger' is clicked on

2019-04-08 13:12:36 - [MESSAGE][PASSED] - Call Test Case 'Test Cases/s-sidebar_navigation/individualAccount/Login-KiboEngage' successfully

2019-04-08 13:12:36 - [TEST_STEP][PASSED] - click(findTestObject("Page_KiboPush  Dashboard/h3_Dashboard")): Object: 'Object Repository/Page_KiboPush  Dashboard/h3_Dashboard' is clicked on

2019-04-08 13:12:36 - [MESSAGE][PASSED] - Object: 'Object Repository/Page_KiboPush  Dashboard/h3_Dashboard' is clicked on

2019-04-08 13:12:36 - [TEST_STEP][PASSED] - click(findTestObject("Page_KiboPush  Dashboard/span_Dashboard")): Object: 'Object Repository/Page_KiboPush  Dashboard/span_Dashboard' is clicked on

2019-04-08 13:12:36 - [MESSAGE][PASSED] - Object: 'Object Repository/Page_KiboPush  Dashboard/span_Dashboard' is clicked on

2019-04-08 13:12:36 - [MESSAGE][PASSED] - Call Test Case 'Test Cases/s-sidebar_navigation/individualAccount/Dashboard' successfully

2019-04-08 13:12:36 - [TEST_STEP][PASSED] - click(findTestObject("Page_KiboEngage  Dashboard/a_SMS (1)")): Object: 'Object Repository/Page_KiboEngage  Dashboard/a_SMS (1)' is clicked on

2019-04-08 13:12:37 - [MESSAGE][PASSED] - Object: 'Object Repository/Page_KiboEngage  Dashboard/a_SMS (1)' is clicked on

2019-04-08 13:12:37 - [TEST_STEP][PASSED] - click(findTestObject("Page_KiboEngage  Dashboard/span_SMS (1)")): Object: 'Object Repository/Page_KiboEngage  Dashboard/span_SMS (1)' is clicked on

2019-04-08 13:12:37 - [MESSAGE][PASSED] - Object: 'Object Repository/Page_KiboEngage  Dashboard/span_SMS (1)' is clicked on

2019-04-08 13:12:37 - [MESSAGE][PASSED] - Call Test Case 'Test Cases/SMS/SMSPlatform' successfully

2019-04-08 13:12:37 - [TEST_STEP][PASSED] - click(findTestObject("Page_KiboEngage  Dashboard/span_Settings")): Object: 'Object Repository/Page_KiboEngage  Dashboard/span_Settings' is clicked on

2019-04-08 13:12:37 - [MESSAGE][PASSED] - Object: 'Object Repository/Page_KiboEngage  Dashboard/span_Settings' is clicked on

2019-04-08 13:12:37 - [TEST_STEP][PASSED] - click(findTestObject("Page_KiboEngage  Api Settings/a_Configuration (1) (1) (2)")): Object: 'Object Repository/Page_KiboEngage  Api Settings/a_Configuration (1) (1) (2)' is clicked on

2019-04-08 13:12:37 - [MESSAGE][PASSED] - Object: 'Object Repository/Page_KiboEngage  Api Settings/a_Configuration (1) (1) (2)' is clicked on

2019-04-08 13:12:37 - [TEST_STEP][PASSED] - click(findTestObject("Page_KiboEngage  Api Settings/span_Configuration (1) (1) (2)")): Object: 'Object Repository/Page_KiboEngage  Api Settings/span_Configuration (1) (1) (2)' is clicked on

2019-04-08 13:12:37 - [MESSAGE][PASSED] - Object: 'Object Repository/Page_KiboEngage  Api Settings/span_Configuration (1) (1) (2)' is clicked on

2019-04-08 13:12:37 - [TEST_STEP][PASSED] - click(findTestObject("Page_KiboEngage  Api Settings/button_Edit (1) (2)")): Object: 'Object Repository/Page_KiboEngage  Api Settings/button_Edit (1) (2)' is clicked on

2019-04-08 13:12:37 - [MESSAGE][PASSED] - Object: 'Object Repository/Page_KiboEngage  Api Settings/button_Edit (1) (2)' is clicked on

2019-04-08 13:12:37 - [TEST_STEP][PASSED] - click(findTestObject("Page_KiboEngage  Api Settings/h3_Connect with Twilio (1) (2)")): Object: 'Object Repository/Page_KiboEngage  Api Settings/h3_Connect with Twilio (1) (2)' is clicked on

2019-04-08 13:12:37 - [MESSAGE][PASSED] - Object: 'Object Repository/Page_KiboEngage  Api Settings/h3_Connect with Twilio (1) (2)' is clicked on

2019-04-08 13:12:37 - [TEST_STEP][PASSED] - delay(10): Delayed 10 second(s)

2019-04-08 13:12:47 - [MESSAGE][PASSED] - Delayed 10 second(s)

2019-04-08 13:12:47 - [TEST_STEP][PASSED] - driver = getWebDriver(): null

2019-04-08 13:12:47 - [TEST_STEP][PASSED] - sid = driver.findElement(By.xpath("/html/body/div[5]/div/div[2]/div/div/div[1]/div[1]/input")): null

2019-04-08 13:12:47 - [TEST_STEP][PASSED] - sid.clear(): null

2019-04-08 13:12:47 - [TEST_STEP][PASSED] - sid.sendKeys("a"): null

2019-04-08 13:12:47 - [TEST_STEP][PASSED] - token = driver.findElement(By.xpath("/html/body/div[5]/div/div[2]/div/div/div[1]/div[2]/input")): null

2019-04-08 13:12:47 - [TEST_STEP][PASSED] - token.clear(): null

2019-04-08 13:12:47 - [TEST_STEP][PASSED] - token.sendKeys("a"): null

2019-04-08 13:12:47 - [TEST_STEP][PASSED] - delay(10): Delayed 10 second(s)

2019-04-08 13:12:57 - [MESSAGE][PASSED] - Delayed 10 second(s)

2019-04-08 13:12:57 - [TEST_STEP][PASSED] - click(findTestObject("Page_KiboEngage  Api Settings/button_Submit (2)")): Object: 'Object Repository/Page_KiboEngage  Api Settings/button_Submit (2)' is clicked on

2019-04-08 13:12:57 - [MESSAGE][PASSED] - Object: 'Object Repository/Page_KiboEngage  Api Settings/button_Submit (2)' is clicked on

2019-04-08 13:12:57 - [TEST_STEP][PASSED] - click(findTestObject("Page_KiboEngage  Api Settings/div_Twilio account not found Please enter correct details (2)")): Object: 'Object Repository/Page_KiboEngage  Api Settings/div_Twilio account not found Please enter correct details (2)' is clicked on

2019-04-08 13:12:59 - [MESSAGE][PASSED] - Object: 'Object Repository/Page_KiboEngage  Api Settings/div_Twilio account not found Please enter correct details (2)' is clicked on]]></system-out>
         <system-err><![CDATA[]]></system-err>
      </testcase>
      <testcase name="Test Cases/SMS/Configuration in Settings/TC11213" classname="Test Cases/SMS/Configuration in Settings/TC11213" status="PASSED">
         <system-out><![CDATA[2019-04-08 13:12:59 - [TEST_CASE][PASSED] - Test Cases/SMS/Configuration in Settings/TC11213: Test Cases/SMS/Configuration in Settings/TC11213

2019-04-08 13:12:59 - [TEST_STEP][PASSED] - callTestCase(findTestCase("SMS/SMSPlatform"), [:], STOP_ON_FAILURE): Call Test Case 'Test Cases/SMS/SMSPlatform' successfully

2019-04-08 13:12:59 - [TEST_CASE][PASSED] - Test Cases/SMS/SMSPlatform: Test Cases/SMS/SMSPlatform

2019-04-08 13:12:59 - [TEST_STEP][PASSED] - callTestCase(findTestCase("s-sidebar_navigation/individualAccount/Dashboard"), [:], STOP_ON_FAILURE): Call Test Case 'Test Cases/s-sidebar_navigation/individualAccount/Dashboard' successfully

2019-04-08 13:12:59 - [TEST_CASE][PASSED] - Test Cases/s-sidebar_navigation/individualAccount/Dashboard: Test Cases/s-sidebar_navigation/individualAccount/Dashboard

2019-04-08 13:12:59 - [TEST_STEP][PASSED] - callTestCase(findTestCase("s-sidebar_navigation/individualAccount/Login-KiboEngage"), [:], STOP_ON_FAILURE): Call Test Case 'Test Cases/s-sidebar_navigation/individualAccount/Login-KiboEngage' successfully

2019-04-08 13:12:59 - [TEST_CASE][PASSED] - Test Cases/s-sidebar_navigation/individualAccount/Login-KiboEngage: Test Cases/s-sidebar_navigation/individualAccount/Login-KiboEngage

2019-04-08 13:12:59 - [TEST_STEP][PASSED] - openBrowser(""): Browser is opened with url: ''

2019-04-08 13:12:59 - [MESSAGE][WARNING] - A browser is already opened. Closing browser and opening a new one

2019-04-08 13:12:59 - [MESSAGE][INFO] - Starting 'Chrome' driver

2019-04-08 13:12:59 - [MESSAGE][PASSED] - Browser is opened with url: ''

2019-04-08 13:12:59 - [TEST_STEP][PASSED] - maximizeWindow(): Current window maximized

2019-04-08 13:12:59 - [MESSAGE][PASSED] - Current window maximized

2019-04-08 13:12:59 - [TEST_STEP][PASSED] - navigateToUrl("https://kiboengage.cloudkibo.com/"): Navigate to 'https://kiboengage.cloudkibo.com/' successfully

2019-04-08 13:13:08 - [MESSAGE][PASSED] - Navigate to 'https://kiboengage.cloudkibo.com/' successfully

2019-04-08 13:13:08 - [TEST_STEP][PASSED] - navigateToUrl("https://accounts.cloudkibo.com/?continue=https://kiboengage.cloudkibo.com"): Navigate to 'https://accounts.cloudkibo.com/?continue=https://kiboengage.cloudkibo.com' successfully

2019-04-08 13:13:09 - [MESSAGE][PASSED] - Navigate to 'https://accounts.cloudkibo.com/?continue=https://kiboengage.cloudkibo.com' successfully

2019-04-08 13:13:09 - [TEST_STEP][PASSED] - click(findTestObject("Page_KiboPush/a_Login (9) (1)")): Object: 'Object Repository/Page_KiboPush/a_Login (9) (1)' is clicked on

2019-04-08 13:13:09 - [MESSAGE][PASSED] - Object: 'Object Repository/Page_KiboPush/a_Login (9) (1)' is clicked on

2019-04-08 13:13:09 - [TEST_STEP][PASSED] - setText(findTestObject("Page_KiboPush/input_email (10) (1)"), "individual@cloudkibo.com"): Text 'individual@cloudkibo.com' is set on object 'Object Repository/Page_KiboPush/input_email (10) (1)'

2019-04-08 13:13:10 - [MESSAGE][PASSED] - Text 'individual@cloudkibo.com' is set on object 'Object Repository/Page_KiboPush/input_email (10) (1)'

2019-04-08 13:13:10 - [TEST_STEP][PASSED] - setEncryptedText(findTestObject("Page_KiboPush/input_password (9) (1)"), "RigbBhfdqOBGNlJIWM1ClA=="): Text ****** has been set on object 'Object Repository/Page_KiboPush/input_password (9) (1)'

2019-04-08 13:13:10 - [MESSAGE][PASSED] - Text ****** has been set on object 'Object Repository/Page_KiboPush/input_password (9) (1)'

2019-04-08 13:13:10 - [TEST_STEP][PASSED] - click(findTestObject("Page_KiboPush/button_Sign In (10) (1)")): Object: 'Object Repository/Page_KiboPush/button_Sign In (10) (1)' is clicked on

2019-04-08 13:13:10 - [MESSAGE][PASSED] - Object: 'Object Repository/Page_KiboPush/button_Sign In (10) (1)' is clicked on

2019-04-08 13:13:10 - [TEST_STEP][PASSED] - navigateToUrl("https://kiboengage.cloudkibo.com/dashboard"): Navigate to 'https://kiboengage.cloudkibo.com/dashboard' successfully

2019-04-08 13:13:24 - [MESSAGE][PASSED] - Navigate to 'https://kiboengage.cloudkibo.com/dashboard' successfully

2019-04-08 13:13:24 - [TEST_STEP][PASSED] - click(findTestObject("Page_KiboPush  Dashboard/h3_Dashboard (57)")): Object: 'Object Repository/Page_KiboPush  Dashboard/h3_Dashboard (57)' is clicked on

2019-04-08 13:13:24 - [MESSAGE][PASSED] - Object: 'Object Repository/Page_KiboPush  Dashboard/h3_Dashboard (57)' is clicked on

2019-04-08 13:13:24 - [TEST_STEP][PASSED] - delay(3): Delayed 3 second(s)

2019-04-08 13:13:27 - [MESSAGE][PASSED] - Delayed 3 second(s)

2019-04-08 13:13:27 - [TEST_STEP][PASSED] - click(findTestObject("Object Repository/Page_KiboEngage  Dashboard/a_SMS (2)")): Object: 'Object Repository/Page_KiboEngage  Dashboard/a_SMS (2)' is clicked on

2019-04-08 13:13:27 - [MESSAGE][PASSED] - Object: 'Object Repository/Page_KiboEngage  Dashboard/a_SMS (2)' is clicked on

2019-04-08 13:13:27 - [TEST_STEP][PASSED] - click(findTestObject("Object Repository/Page_KiboEngage  Dashboard/span_Messenger")): Object: 'Object Repository/Page_KiboEngage  Dashboard/span_Messenger' is clicked on

2019-04-08 13:13:27 - [MESSAGE][PASSED] - Object: 'Object Repository/Page_KiboEngage  Dashboard/span_Messenger' is clicked on

2019-04-08 13:13:27 - [MESSAGE][PASSED] - Call Test Case 'Test Cases/s-sidebar_navigation/individualAccount/Login-KiboEngage' successfully

2019-04-08 13:13:27 - [TEST_STEP][PASSED] - click(findTestObject("Page_KiboPush  Dashboard/h3_Dashboard")): Object: 'Object Repository/Page_KiboPush  Dashboard/h3_Dashboard' is clicked on

2019-04-08 13:13:27 - [MESSAGE][PASSED] - Object: 'Object Repository/Page_KiboPush  Dashboard/h3_Dashboard' is clicked on

2019-04-08 13:13:27 - [TEST_STEP][PASSED] - click(findTestObject("Page_KiboPush  Dashboard/span_Dashboard")): Object: 'Object Repository/Page_KiboPush  Dashboard/span_Dashboard' is clicked on

2019-04-08 13:13:27 - [MESSAGE][PASSED] - Object: 'Object Repository/Page_KiboPush  Dashboard/span_Dashboard' is clicked on

2019-04-08 13:13:27 - [MESSAGE][PASSED] - Call Test Case 'Test Cases/s-sidebar_navigation/individualAccount/Dashboard' successfully

2019-04-08 13:13:27 - [TEST_STEP][PASSED] - click(findTestObject("Page_KiboEngage  Dashboard/a_SMS (1)")): Object: 'Object Repository/Page_KiboEngage  Dashboard/a_SMS (1)' is clicked on

2019-04-08 13:13:27 - [MESSAGE][PASSED] - Object: 'Object Repository/Page_KiboEngage  Dashboard/a_SMS (1)' is clicked on

2019-04-08 13:13:27 - [TEST_STEP][PASSED] - click(findTestObject("Page_KiboEngage  Dashboard/span_SMS (1)")): Object: 'Object Repository/Page_KiboEngage  Dashboard/span_SMS (1)' is clicked on

2019-04-08 13:13:27 - [MESSAGE][PASSED] - Object: 'Object Repository/Page_KiboEngage  Dashboard/span_SMS (1)' is clicked on

2019-04-08 13:13:27 - [MESSAGE][PASSED] - Call Test Case 'Test Cases/SMS/SMSPlatform' successfully

2019-04-08 13:13:27 - [TEST_STEP][PASSED] - click(findTestObject("Page_KiboEngage  Dashboard/span_Settings")): Object: 'Object Repository/Page_KiboEngage  Dashboard/span_Settings' is clicked on

2019-04-08 13:13:28 - [MESSAGE][PASSED] - Object: 'Object Repository/Page_KiboEngage  Dashboard/span_Settings' is clicked on

2019-04-08 13:13:28 - [TEST_STEP][PASSED] - click(findTestObject("Page_KiboEngage  Api Settings/a_Configuration (1) (1) (1)")): Object: 'Object Repository/Page_KiboEngage  Api Settings/a_Configuration (1) (1) (1)' is clicked on

2019-04-08 13:13:28 - [MESSAGE][PASSED] - Object: 'Object Repository/Page_KiboEngage  Api Settings/a_Configuration (1) (1) (1)' is clicked on

2019-04-08 13:13:28 - [TEST_STEP][PASSED] - click(findTestObject("Page_KiboEngage  Api Settings/span_Configuration (1) (1) (1)")): Object: 'Object Repository/Page_KiboEngage  Api Settings/span_Configuration (1) (1) (1)' is clicked on

2019-04-08 13:13:28 - [MESSAGE][PASSED] - Object: 'Object Repository/Page_KiboEngage  Api Settings/span_Configuration (1) (1) (1)' is clicked on

2019-04-08 13:13:28 - [TEST_STEP][PASSED] - click(findTestObject("Page_KiboEngage  Api Settings/button_Edit (1) (1)")): Object: 'Object Repository/Page_KiboEngage  Api Settings/button_Edit (1) (1)' is clicked on

2019-04-08 13:13:28 - [MESSAGE][PASSED] - Object: 'Object Repository/Page_KiboEngage  Api Settings/button_Edit (1) (1)' is clicked on

2019-04-08 13:13:28 - [TEST_STEP][PASSED] - click(findTestObject("Page_KiboEngage  Api Settings/h3_Connect with Twilio (1) (1)")): Object: 'Object Repository/Page_KiboEngage  Api Settings/h3_Connect with Twilio (1) (1)' is clicked on

2019-04-08 13:13:28 - [MESSAGE][PASSED] - Object: 'Object Repository/Page_KiboEngage  Api Settings/h3_Connect with Twilio (1) (1)' is clicked on

2019-04-08 13:13:28 - [TEST_STEP][PASSED] - delay(10): Delayed 10 second(s)

2019-04-08 13:13:38 - [MESSAGE][PASSED] - Delayed 10 second(s)

2019-04-08 13:13:38 - [TEST_STEP][PASSED] - driver = getWebDriver(): null

2019-04-08 13:13:38 - [TEST_STEP][PASSED] - token = driver.findElement(By.xpath("/html/body/div[5]/div/div[2]/div/div/div[1]/div[2]/input")): null

2019-04-08 13:13:38 - [TEST_STEP][PASSED] - token.clear(): null

2019-04-08 13:13:38 - [TEST_STEP][PASSED] - token.sendKeys("a"): null

2019-04-08 13:13:38 - [TEST_STEP][PASSED] - click(findTestObject("Page_KiboEngage  Api Settings/button_Submit (1)")): Object: 'Object Repository/Page_KiboEngage  Api Settings/button_Submit (1)' is clicked on

2019-04-08 13:13:38 - [MESSAGE][PASSED] - Object: 'Object Repository/Page_KiboEngage  Api Settings/button_Submit (1)' is clicked on

2019-04-08 13:13:38 - [TEST_STEP][PASSED] - click(findTestObject("Page_KiboEngage  Api Settings/div_Twilio account not found Please enter correct details (1)")): Object: 'Object Repository/Page_KiboEngage  Api Settings/div_Twilio account not found Please enter correct details (1)' is clicked on

2019-04-08 13:13:39 - [MESSAGE][PASSED] - Object: 'Object Repository/Page_KiboEngage  Api Settings/div_Twilio account not found Please enter correct details (1)' is clicked on]]></system-out>
         <system-err><![CDATA[]]></system-err>
      </testcase>
      <testcase name="Test Cases/SMS/Configuration in Settings/TC11214" classname="Test Cases/SMS/Configuration in Settings/TC11214" status="PASSED">
         <system-out><![CDATA[2019-04-08 13:13:39 - [TEST_CASE][PASSED] - Test Cases/SMS/Configuration in Settings/TC11214: Test Cases/SMS/Configuration in Settings/TC11214

2019-04-08 13:13:39 - [TEST_STEP][PASSED] - callTestCase(findTestCase("SMS/SMSPlatform"), [:], STOP_ON_FAILURE): Call Test Case 'Test Cases/SMS/SMSPlatform' successfully

2019-04-08 13:13:39 - [TEST_CASE][PASSED] - Test Cases/SMS/SMSPlatform: Test Cases/SMS/SMSPlatform

2019-04-08 13:13:39 - [TEST_STEP][PASSED] - callTestCase(findTestCase("s-sidebar_navigation/individualAccount/Dashboard"), [:], STOP_ON_FAILURE): Call Test Case 'Test Cases/s-sidebar_navigation/individualAccount/Dashboard' successfully

2019-04-08 13:13:39 - [TEST_CASE][PASSED] - Test Cases/s-sidebar_navigation/individualAccount/Dashboard: Test Cases/s-sidebar_navigation/individualAccount/Dashboard

2019-04-08 13:13:39 - [TEST_STEP][PASSED] - callTestCase(findTestCase("s-sidebar_navigation/individualAccount/Login-KiboEngage"), [:], STOP_ON_FAILURE): Call Test Case 'Test Cases/s-sidebar_navigation/individualAccount/Login-KiboEngage' successfully

2019-04-08 13:13:39 - [TEST_CASE][PASSED] - Test Cases/s-sidebar_navigation/individualAccount/Login-KiboEngage: Test Cases/s-sidebar_navigation/individualAccount/Login-KiboEngage

2019-04-08 13:13:39 - [TEST_STEP][PASSED] - openBrowser(""): Browser is opened with url: ''

2019-04-08 13:13:39 - [MESSAGE][WARNING] - A browser is already opened. Closing browser and opening a new one

2019-04-08 13:13:40 - [MESSAGE][INFO] - Starting 'Chrome' driver

2019-04-08 13:13:40 - [MESSAGE][PASSED] - Browser is opened with url: ''

2019-04-08 13:13:40 - [TEST_STEP][PASSED] - maximizeWindow(): Current window maximized

2019-04-08 13:13:40 - [MESSAGE][PASSED] - Current window maximized

2019-04-08 13:13:40 - [TEST_STEP][PASSED] - navigateToUrl("https://kiboengage.cloudkibo.com/"): Navigate to 'https://kiboengage.cloudkibo.com/' successfully

2019-04-08 13:13:49 - [MESSAGE][PASSED] - Navigate to 'https://kiboengage.cloudkibo.com/' successfully

2019-04-08 13:13:49 - [TEST_STEP][PASSED] - navigateToUrl("https://accounts.cloudkibo.com/?continue=https://kiboengage.cloudkibo.com"): Navigate to 'https://accounts.cloudkibo.com/?continue=https://kiboengage.cloudkibo.com' successfully

2019-04-08 13:13:49 - [MESSAGE][PASSED] - Navigate to 'https://accounts.cloudkibo.com/?continue=https://kiboengage.cloudkibo.com' successfully

2019-04-08 13:13:49 - [TEST_STEP][PASSED] - click(findTestObject("Page_KiboPush/a_Login (9) (1)")): Object: 'Object Repository/Page_KiboPush/a_Login (9) (1)' is clicked on

2019-04-08 13:13:50 - [MESSAGE][PASSED] - Object: 'Object Repository/Page_KiboPush/a_Login (9) (1)' is clicked on

2019-04-08 13:13:50 - [TEST_STEP][PASSED] - setText(findTestObject("Page_KiboPush/input_email (10) (1)"), "individual@cloudkibo.com"): Text 'individual@cloudkibo.com' is set on object 'Object Repository/Page_KiboPush/input_email (10) (1)'

2019-04-08 13:13:50 - [MESSAGE][PASSED] - Text 'individual@cloudkibo.com' is set on object 'Object Repository/Page_KiboPush/input_email (10) (1)'

2019-04-08 13:13:50 - [TEST_STEP][PASSED] - setEncryptedText(findTestObject("Page_KiboPush/input_password (9) (1)"), "RigbBhfdqOBGNlJIWM1ClA=="): Text ****** has been set on object 'Object Repository/Page_KiboPush/input_password (9) (1)'

2019-04-08 13:13:50 - [MESSAGE][PASSED] - Text ****** has been set on object 'Object Repository/Page_KiboPush/input_password (9) (1)'

2019-04-08 13:13:50 - [TEST_STEP][PASSED] - click(findTestObject("Page_KiboPush/button_Sign In (10) (1)")): Object: 'Object Repository/Page_KiboPush/button_Sign In (10) (1)' is clicked on

2019-04-08 13:13:50 - [MESSAGE][PASSED] - Object: 'Object Repository/Page_KiboPush/button_Sign In (10) (1)' is clicked on

2019-04-08 13:13:50 - [TEST_STEP][PASSED] - navigateToUrl("https://kiboengage.cloudkibo.com/dashboard"): Navigate to 'https://kiboengage.cloudkibo.com/dashboard' successfully

2019-04-08 13:14:03 - [MESSAGE][PASSED] - Navigate to 'https://kiboengage.cloudkibo.com/dashboard' successfully

2019-04-08 13:14:03 - [TEST_STEP][PASSED] - click(findTestObject("Page_KiboPush  Dashboard/h3_Dashboard (57)")): Object: 'Object Repository/Page_KiboPush  Dashboard/h3_Dashboard (57)' is clicked on

2019-04-08 13:14:03 - [MESSAGE][PASSED] - Object: 'Object Repository/Page_KiboPush  Dashboard/h3_Dashboard (57)' is clicked on

2019-04-08 13:14:03 - [TEST_STEP][PASSED] - delay(3): Delayed 3 second(s)

2019-04-08 13:14:06 - [MESSAGE][PASSED] - Delayed 3 second(s)

2019-04-08 13:14:06 - [TEST_STEP][PASSED] - click(findTestObject("Object Repository/Page_KiboEngage  Dashboard/a_SMS (2)")): Object: 'Object Repository/Page_KiboEngage  Dashboard/a_SMS (2)' is clicked on

2019-04-08 13:14:06 - [MESSAGE][PASSED] - Object: 'Object Repository/Page_KiboEngage  Dashboard/a_SMS (2)' is clicked on

2019-04-08 13:14:06 - [TEST_STEP][PASSED] - click(findTestObject("Object Repository/Page_KiboEngage  Dashboard/span_Messenger")): Object: 'Object Repository/Page_KiboEngage  Dashboard/span_Messenger' is clicked on

2019-04-08 13:14:06 - [MESSAGE][PASSED] - Object: 'Object Repository/Page_KiboEngage  Dashboard/span_Messenger' is clicked on

2019-04-08 13:14:06 - [MESSAGE][PASSED] - Call Test Case 'Test Cases/s-sidebar_navigation/individualAccount/Login-KiboEngage' successfully

2019-04-08 13:14:06 - [TEST_STEP][PASSED] - click(findTestObject("Page_KiboPush  Dashboard/h3_Dashboard")): Object: 'Object Repository/Page_KiboPush  Dashboard/h3_Dashboard' is clicked on

2019-04-08 13:14:06 - [MESSAGE][PASSED] - Object: 'Object Repository/Page_KiboPush  Dashboard/h3_Dashboard' is clicked on

2019-04-08 13:14:06 - [TEST_STEP][PASSED] - click(findTestObject("Page_KiboPush  Dashboard/span_Dashboard")): Object: 'Object Repository/Page_KiboPush  Dashboard/span_Dashboard' is clicked on

2019-04-08 13:14:06 - [MESSAGE][PASSED] - Object: 'Object Repository/Page_KiboPush  Dashboard/span_Dashboard' is clicked on

2019-04-08 13:14:06 - [MESSAGE][PASSED] - Call Test Case 'Test Cases/s-sidebar_navigation/individualAccount/Dashboard' successfully

2019-04-08 13:14:06 - [TEST_STEP][PASSED] - click(findTestObject("Page_KiboEngage  Dashboard/a_SMS (1)")): Object: 'Object Repository/Page_KiboEngage  Dashboard/a_SMS (1)' is clicked on

2019-04-08 13:14:06 - [MESSAGE][PASSED] - Object: 'Object Repository/Page_KiboEngage  Dashboard/a_SMS (1)' is clicked on

2019-04-08 13:14:06 - [TEST_STEP][PASSED] - click(findTestObject("Page_KiboEngage  Dashboard/span_SMS (1)")): Object: 'Object Repository/Page_KiboEngage  Dashboard/span_SMS (1)' is clicked on

2019-04-08 13:14:06 - [MESSAGE][PASSED] - Object: 'Object Repository/Page_KiboEngage  Dashboard/span_SMS (1)' is clicked on

2019-04-08 13:14:06 - [MESSAGE][PASSED] - Call Test Case 'Test Cases/SMS/SMSPlatform' successfully

2019-04-08 13:14:06 - [TEST_STEP][PASSED] - click(findTestObject("Page_KiboEngage  Dashboard/span_Settings")): Object: 'Object Repository/Page_KiboEngage  Dashboard/span_Settings' is clicked on

2019-04-08 13:14:06 - [MESSAGE][PASSED] - Object: 'Object Repository/Page_KiboEngage  Dashboard/span_Settings' is clicked on

2019-04-08 13:14:06 - [TEST_STEP][PASSED] - click(findTestObject("Page_KiboEngage  Api Settings/a_Configuration (1) (1) (1)")): Object: 'Object Repository/Page_KiboEngage  Api Settings/a_Configuration (1) (1) (1)' is clicked on

2019-04-08 13:14:06 - [MESSAGE][PASSED] - Object: 'Object Repository/Page_KiboEngage  Api Settings/a_Configuration (1) (1) (1)' is clicked on

2019-04-08 13:14:06 - [TEST_STEP][PASSED] - click(findTestObject("Page_KiboEngage  Api Settings/span_Configuration (1) (1) (1)")): Object: 'Object Repository/Page_KiboEngage  Api Settings/span_Configuration (1) (1) (1)' is clicked on

2019-04-08 13:14:06 - [MESSAGE][PASSED] - Object: 'Object Repository/Page_KiboEngage  Api Settings/span_Configuration (1) (1) (1)' is clicked on

2019-04-08 13:14:06 - [TEST_STEP][PASSED] - click(findTestObject("Page_KiboEngage  Api Settings/button_Edit (1) (1)")): Object: 'Object Repository/Page_KiboEngage  Api Settings/button_Edit (1) (1)' is clicked on

2019-04-08 13:14:07 - [MESSAGE][PASSED] - Object: 'Object Repository/Page_KiboEngage  Api Settings/button_Edit (1) (1)' is clicked on

2019-04-08 13:14:07 - [TEST_STEP][PASSED] - click(findTestObject("Page_KiboEngage  Api Settings/h3_Connect with Twilio (1) (1)")): Object: 'Object Repository/Page_KiboEngage  Api Settings/h3_Connect with Twilio (1) (1)' is clicked on

2019-04-08 13:14:07 - [MESSAGE][PASSED] - Object: 'Object Repository/Page_KiboEngage  Api Settings/h3_Connect with Twilio (1) (1)' is clicked on

2019-04-08 13:14:07 - [TEST_STEP][PASSED] - delay(10): Delayed 10 second(s)

2019-04-08 13:14:17 - [MESSAGE][PASSED] - Delayed 10 second(s)

2019-04-08 13:14:17 - [TEST_STEP][PASSED] - driver = getWebDriver(): null

2019-04-08 13:14:17 - [TEST_STEP][PASSED] - sid = driver.findElement(By.xpath("/html/body/div[5]/div/div[2]/div/div/div[1]/div[1]/input")): null

2019-04-08 13:14:17 - [TEST_STEP][PASSED] - sid.clear(): null

2019-04-08 13:14:17 - [TEST_STEP][PASSED] - sid.sendKeys("a"): null

2019-04-08 13:14:17 - [TEST_STEP][PASSED] - click(findTestObject("Page_KiboEngage  Api Settings/button_Submit (1)")): Object: 'Object Repository/Page_KiboEngage  Api Settings/button_Submit (1)' is clicked on

2019-04-08 13:14:17 - [MESSAGE][PASSED] - Object: 'Object Repository/Page_KiboEngage  Api Settings/button_Submit (1)' is clicked on

2019-04-08 13:14:17 - [TEST_STEP][PASSED] - click(findTestObject("Page_KiboEngage  Api Settings/div_Twilio account not found Please enter correct details (1)")): Object: 'Object Repository/Page_KiboEngage  Api Settings/div_Twilio account not found Please enter correct details (1)' is clicked on

2019-04-08 13:14:18 - [MESSAGE][PASSED] - Object: 'Object Repository/Page_KiboEngage  Api Settings/div_Twilio account not found Please enter correct details (1)' is clicked on]]></system-out>
         <system-err><![CDATA[]]></system-err>
      </testcase>
      <testcase name="Test Cases/SMS/Configuration in Settings/TC11215" classname="Test Cases/SMS/Configuration in Settings/TC11215" status="PASSED">
         <system-out><![CDATA[2019-04-08 13:14:18 - [TEST_CASE][PASSED] - Test Cases/SMS/Configuration in Settings/TC11215: Test Cases/SMS/Configuration in Settings/TC11215

2019-04-08 13:14:18 - [TEST_STEP][PASSED] - callTestCase(findTestCase("SMS/SMSPlatform"), [:], STOP_ON_FAILURE): Call Test Case 'Test Cases/SMS/SMSPlatform' successfully

2019-04-08 13:14:18 - [TEST_CASE][PASSED] - Test Cases/SMS/SMSPlatform: Test Cases/SMS/SMSPlatform

2019-04-08 13:14:18 - [TEST_STEP][PASSED] - callTestCase(findTestCase("s-sidebar_navigation/individualAccount/Dashboard"), [:], STOP_ON_FAILURE): Call Test Case 'Test Cases/s-sidebar_navigation/individualAccount/Dashboard' successfully

2019-04-08 13:14:18 - [TEST_CASE][PASSED] - Test Cases/s-sidebar_navigation/individualAccount/Dashboard: Test Cases/s-sidebar_navigation/individualAccount/Dashboard

2019-04-08 13:14:18 - [TEST_STEP][PASSED] - callTestCase(findTestCase("s-sidebar_navigation/individualAccount/Login-KiboEngage"), [:], STOP_ON_FAILURE): Call Test Case 'Test Cases/s-sidebar_navigation/individualAccount/Login-KiboEngage' successfully

2019-04-08 13:14:18 - [TEST_CASE][PASSED] - Test Cases/s-sidebar_navigation/individualAccount/Login-KiboEngage: Test Cases/s-sidebar_navigation/individualAccount/Login-KiboEngage

2019-04-08 13:14:18 - [TEST_STEP][PASSED] - openBrowser(""): Browser is opened with url: ''

2019-04-08 13:14:18 - [MESSAGE][WARNING] - A browser is already opened. Closing browser and opening a new one

2019-04-08 13:14:18 - [MESSAGE][INFO] - Starting 'Chrome' driver

2019-04-08 13:14:19 - [MESSAGE][PASSED] - Browser is opened with url: ''

2019-04-08 13:14:19 - [TEST_STEP][PASSED] - maximizeWindow(): Current window maximized

2019-04-08 13:14:19 - [MESSAGE][PASSED] - Current window maximized

2019-04-08 13:14:19 - [TEST_STEP][PASSED] - navigateToUrl("https://kiboengage.cloudkibo.com/"): Navigate to 'https://kiboengage.cloudkibo.com/' successfully

2019-04-08 13:14:32 - [MESSAGE][PASSED] - Navigate to 'https://kiboengage.cloudkibo.com/' successfully

2019-04-08 13:14:32 - [TEST_STEP][PASSED] - navigateToUrl("https://accounts.cloudkibo.com/?continue=https://kiboengage.cloudkibo.com"): Navigate to 'https://accounts.cloudkibo.com/?continue=https://kiboengage.cloudkibo.com' successfully

2019-04-08 13:14:32 - [MESSAGE][PASSED] - Navigate to 'https://accounts.cloudkibo.com/?continue=https://kiboengage.cloudkibo.com' successfully

2019-04-08 13:14:32 - [TEST_STEP][PASSED] - click(findTestObject("Page_KiboPush/a_Login (9) (1)")): Object: 'Object Repository/Page_KiboPush/a_Login (9) (1)' is clicked on

2019-04-08 13:14:33 - [MESSAGE][PASSED] - Object: 'Object Repository/Page_KiboPush/a_Login (9) (1)' is clicked on

2019-04-08 13:14:33 - [TEST_STEP][PASSED] - setText(findTestObject("Page_KiboPush/input_email (10) (1)"), "individual@cloudkibo.com"): Text 'individual@cloudkibo.com' is set on object 'Object Repository/Page_KiboPush/input_email (10) (1)'

2019-04-08 13:14:33 - [MESSAGE][PASSED] - Text 'individual@cloudkibo.com' is set on object 'Object Repository/Page_KiboPush/input_email (10) (1)'

2019-04-08 13:14:33 - [TEST_STEP][PASSED] - setEncryptedText(findTestObject("Page_KiboPush/input_password (9) (1)"), "RigbBhfdqOBGNlJIWM1ClA=="): Text ****** has been set on object 'Object Repository/Page_KiboPush/input_password (9) (1)'

2019-04-08 13:14:33 - [MESSAGE][PASSED] - Text ****** has been set on object 'Object Repository/Page_KiboPush/input_password (9) (1)'

2019-04-08 13:14:33 - [TEST_STEP][PASSED] - click(findTestObject("Page_KiboPush/button_Sign In (10) (1)")): Object: 'Object Repository/Page_KiboPush/button_Sign In (10) (1)' is clicked on

2019-04-08 13:14:33 - [MESSAGE][PASSED] - Object: 'Object Repository/Page_KiboPush/button_Sign In (10) (1)' is clicked on

2019-04-08 13:14:33 - [TEST_STEP][PASSED] - navigateToUrl("https://kiboengage.cloudkibo.com/dashboard"): Navigate to 'https://kiboengage.cloudkibo.com/dashboard' successfully

2019-04-08 13:14:46 - [MESSAGE][PASSED] - Navigate to 'https://kiboengage.cloudkibo.com/dashboard' successfully

2019-04-08 13:14:46 - [TEST_STEP][PASSED] - click(findTestObject("Page_KiboPush  Dashboard/h3_Dashboard (57)")): Object: 'Object Repository/Page_KiboPush  Dashboard/h3_Dashboard (57)' is clicked on

2019-04-08 13:14:47 - [MESSAGE][PASSED] - Object: 'Object Repository/Page_KiboPush  Dashboard/h3_Dashboard (57)' is clicked on

2019-04-08 13:14:47 - [TEST_STEP][PASSED] - delay(3): Delayed 3 second(s)

2019-04-08 13:14:50 - [MESSAGE][PASSED] - Delayed 3 second(s)

2019-04-08 13:14:50 - [TEST_STEP][PASSED] - click(findTestObject("Object Repository/Page_KiboEngage  Dashboard/a_SMS (2)")): Object: 'Object Repository/Page_KiboEngage  Dashboard/a_SMS (2)' is clicked on

2019-04-08 13:14:50 - [MESSAGE][PASSED] - Object: 'Object Repository/Page_KiboEngage  Dashboard/a_SMS (2)' is clicked on

2019-04-08 13:14:50 - [TEST_STEP][PASSED] - click(findTestObject("Object Repository/Page_KiboEngage  Dashboard/span_Messenger")): Object: 'Object Repository/Page_KiboEngage  Dashboard/span_Messenger' is clicked on

2019-04-08 13:14:50 - [MESSAGE][PASSED] - Object: 'Object Repository/Page_KiboEngage  Dashboard/span_Messenger' is clicked on

2019-04-08 13:14:50 - [MESSAGE][PASSED] - Call Test Case 'Test Cases/s-sidebar_navigation/individualAccount/Login-KiboEngage' successfully

2019-04-08 13:14:50 - [TEST_STEP][PASSED] - click(findTestObject("Page_KiboPush  Dashboard/h3_Dashboard")): Object: 'Object Repository/Page_KiboPush  Dashboard/h3_Dashboard' is clicked on

2019-04-08 13:14:50 - [MESSAGE][PASSED] - Object: 'Object Repository/Page_KiboPush  Dashboard/h3_Dashboard' is clicked on

2019-04-08 13:14:50 - [TEST_STEP][PASSED] - click(findTestObject("Page_KiboPush  Dashboard/span_Dashboard")): Object: 'Object Repository/Page_KiboPush  Dashboard/span_Dashboard' is clicked on

2019-04-08 13:14:50 - [MESSAGE][PASSED] - Object: 'Object Repository/Page_KiboPush  Dashboard/span_Dashboard' is clicked on

2019-04-08 13:14:50 - [MESSAGE][PASSED] - Call Test Case 'Test Cases/s-sidebar_navigation/individualAccount/Dashboard' successfully

2019-04-08 13:14:50 - [TEST_STEP][PASSED] - click(findTestObject("Page_KiboEngage  Dashboard/a_SMS (1)")): Object: 'Object Repository/Page_KiboEngage  Dashboard/a_SMS (1)' is clicked on

2019-04-08 13:14:50 - [MESSAGE][PASSED] - Object: 'Object Repository/Page_KiboEngage  Dashboard/a_SMS (1)' is clicked on

2019-04-08 13:14:50 - [TEST_STEP][PASSED] - click(findTestObject("Page_KiboEngage  Dashboard/span_SMS (1)")): Object: 'Object Repository/Page_KiboEngage  Dashboard/span_SMS (1)' is clicked on

2019-04-08 13:14:50 - [MESSAGE][PASSED] - Object: 'Object Repository/Page_KiboEngage  Dashboard/span_SMS (1)' is clicked on

2019-04-08 13:14:50 - [MESSAGE][PASSED] - Call Test Case 'Test Cases/SMS/SMSPlatform' successfully

2019-04-08 13:14:50 - [TEST_STEP][PASSED] - click(findTestObject("Page_KiboEngage  Dashboard/span_Settings")): Object: 'Object Repository/Page_KiboEngage  Dashboard/span_Settings' is clicked on

2019-04-08 13:14:50 - [MESSAGE][PASSED] - Object: 'Object Repository/Page_KiboEngage  Dashboard/span_Settings' is clicked on

2019-04-08 13:14:50 - [TEST_STEP][PASSED] - click(findTestObject("Page_KiboEngage  Api Settings/a_Configuration (1) (1) (2)")): Object: 'Object Repository/Page_KiboEngage  Api Settings/a_Configuration (1) (1) (2)' is clicked on

2019-04-08 13:14:50 - [MESSAGE][PASSED] - Object: 'Object Repository/Page_KiboEngage  Api Settings/a_Configuration (1) (1) (2)' is clicked on

2019-04-08 13:14:50 - [TEST_STEP][PASSED] - click(findTestObject("Page_KiboEngage  Api Settings/span_Configuration (1) (1) (2)")): Object: 'Object Repository/Page_KiboEngage  Api Settings/span_Configuration (1) (1) (2)' is clicked on

2019-04-08 13:14:50 - [MESSAGE][PASSED] - Object: 'Object Repository/Page_KiboEngage  Api Settings/span_Configuration (1) (1) (2)' is clicked on

2019-04-08 13:14:50 - [TEST_STEP][PASSED] - click(findTestObject("Page_KiboEngage  Api Settings/button_Edit (1) (2)")): Object: 'Object Repository/Page_KiboEngage  Api Settings/button_Edit (1) (2)' is clicked on

2019-04-08 13:14:50 - [MESSAGE][PASSED] - Object: 'Object Repository/Page_KiboEngage  Api Settings/button_Edit (1) (2)' is clicked on

2019-04-08 13:14:50 - [TEST_STEP][PASSED] - click(findTestObject("Page_KiboEngage  Api Settings/h3_Connect with Twilio (1) (2)")): Object: 'Object Repository/Page_KiboEngage  Api Settings/h3_Connect with Twilio (1) (2)' is clicked on

2019-04-08 13:14:51 - [MESSAGE][PASSED] - Object: 'Object Repository/Page_KiboEngage  Api Settings/h3_Connect with Twilio (1) (2)' is clicked on

2019-04-08 13:14:51 - [TEST_STEP][PASSED] - delay(10): Delayed 10 second(s)

2019-04-08 13:15:01 - [MESSAGE][PASSED] - Delayed 10 second(s)

2019-04-08 13:15:01 - [TEST_STEP][PASSED] - driver = getWebDriver(): null

2019-04-08 13:15:01 - [TEST_STEP][PASSED] - sid = driver.findElement(By.xpath("/html/body/div[5]/div/div[2]/div/div/div[1]/div[1]/input")): null

2019-04-08 13:15:01 - [TEST_STEP][PASSED] - sid.clear(): null

2019-04-08 13:15:01 - [TEST_STEP][PASSED] - sid.sendKeys("a"): null

2019-04-08 13:15:01 - [TEST_STEP][PASSED] - token = driver.findElement(By.xpath("/html/body/div[5]/div/div[2]/div/div/div[1]/div[2]/input")): null

2019-04-08 13:15:01 - [TEST_STEP][PASSED] - token.clear(): null

2019-04-08 13:15:01 - [TEST_STEP][PASSED] - token.sendKeys("a"): null

2019-04-08 13:15:01 - [TEST_STEP][PASSED] - delay(10): Delayed 10 second(s)

2019-04-08 13:15:11 - [MESSAGE][PASSED] - Delayed 10 second(s)

2019-04-08 13:15:11 - [TEST_STEP][PASSED] - click(findTestObject("Page_KiboEngage  Api Settings/button_Submit (2)")): Object: 'Object Repository/Page_KiboEngage  Api Settings/button_Submit (2)' is clicked on

2019-04-08 13:15:11 - [MESSAGE][PASSED] - Object: 'Object Repository/Page_KiboEngage  Api Settings/button_Submit (2)' is clicked on

2019-04-08 13:15:11 - [TEST_STEP][PASSED] - click(findTestObject("Page_KiboEngage  Api Settings/div_Twilio account not found Please enter correct details (2)")): Object: 'Object Repository/Page_KiboEngage  Api Settings/div_Twilio account not found Please enter correct details (2)' is clicked on

2019-04-08 13:15:12 - [MESSAGE][PASSED] - Object: 'Object Repository/Page_KiboEngage  Api Settings/div_Twilio account not found Please enter correct details (2)' is clicked on]]></system-out>
         <system-err><![CDATA[]]></system-err>
      </testcase>
      <system-out><![CDATA[2019-04-08 12:51:04 - [TEST_SUITE][FAILED] - SMS: Test Cases/SMS/Sms Livechat/TC11191 FAILED.
Reason:
com.kms.katalon.core.exception.StepFailedException: Unable to click on object 'Object Repository/Page_KiboChat  Live Chat/div_Anisha wrote'
	at com.kms.katalon.core.webui.keyword.internal.WebUIKeywordMain.stepFailed(WebUIKeywordMain.groovy:64)
	at com.kms.katalon.core.webui.keyword.internal.WebUIKeywordMain.runKeyword(WebUIKeywordMain.groovy:26)
	at com.kms.katalon.core.webui.keyword.builtin.ClickKeyword.click(ClickKeyword.groovy:86)
	at com.kms.katalon.core.webui.keyword.builtin.ClickKeyword.execute(ClickKeyword.groovy:67)
	at com.kms.katalon.core.keyword.internal.KeywordExecutor.executeKeywordForPlatform(KeywordExecutor.groovy:56)
	at com.kms.katalon.core.webui.keyword.WebUiBuiltInKeywords.click(WebUiBuiltInKeywords.groovy:616)
	at com.kms.katalon.core.webui.keyword.WebUiBuiltInKeywords$click$2.call(Unknown Source)
	at TC11191.run(TC11191:22)
	at com.kms.katalon.core.main.ScriptEngine.run(ScriptEngine.java:194)
	at com.kms.katalon.core.main.ScriptEngine.runScriptAsRawText(ScriptEngine.java:119)
	at com.kms.katalon.core.main.TestCaseExecutor.runScript(TestCaseExecutor.java:331)
	at com.kms.katalon.core.main.TestCaseExecutor.doExecute(TestCaseExecutor.java:322)
	at com.kms.katalon.core.main.TestCaseExecutor.processExecutionPhase(TestCaseExecutor.java:301)
	at com.kms.katalon.core.main.TestCaseExecutor.accessMainPhase(TestCaseExecutor.java:293)
	at com.kms.katalon.core.main.TestCaseExecutor.execute(TestCaseExecutor.java:227)
	at com.kms.katalon.core.main.TestSuiteExecutor.accessTestCaseMainPhase(TestSuiteExecutor.java:129)
	at com.kms.katalon.core.main.TestSuiteExecutor.accessTestSuiteMainPhase(TestSuiteExecutor.java:112)
	at com.kms.katalon.core.main.TestSuiteExecutor.execute(TestSuiteExecutor.java:81)
	at com.kms.katalon.core.main.TestCaseMain.startTestSuite(TestCaseMain.java:157)
	at com.kms.katalon.core.main.TestCaseMain$startTestSuite$0.call(Unknown Source)
	at TempTestSuite1554709863552.run(TempTestSuite1554709863552.groovy:35)
Caused by: com.kms.katalon.core.webui.exception.WebElementNotFoundException: Web element with id: 'Object Repository/Page_KiboChat  Live Chat/div_Anisha wrote' located by 'By.xpath: //div[(text() = 'Anisha wrote' or . = 'Anisha wrote')]' not found
	at com.kms.katalon.core.webui.common.WebUiCommonHelper.findWebElement(WebUiCommonHelper.java:1053)
	at com.kms.katalon.core.webui.keyword.internal.WebUIAbstractKeyword.findWebElement(WebUIAbstractKeyword.groovy:27)
	at com.kms.katalon.core.webui.keyword.internal.WebUIAbstractKeyword.findWebElement(WebUIAbstractKeyword.groovy:26)
	at com.kms.katalon.core.webui.keyword.builtin.ClickKeyword$_click_closure1.doCall(ClickKeyword.groovy:77)
	at com.kms.katalon.core.webui.keyword.builtin.ClickKeyword$_click_closure1.call(ClickKeyword.groovy)
	at com.kms.katalon.core.webui.keyword.internal.WebUIKeywordMain.runKeyword(WebUIKeywordMain.groovy:20)
	at com.kms.katalon.core.webui.keyword.builtin.ClickKeyword.click(ClickKeyword.groovy:86)
	at com.kms.katalon.core.webui.keyword.builtin.ClickKeyword.execute(ClickKeyword.groovy:67)
	at com.kms.katalon.core.keyword.internal.KeywordExecutor.executeKeywordForPlatform(KeywordExecutor.groovy:56)
	at com.kms.katalon.core.webui.keyword.WebUiBuiltInKeywords.click(WebUiBuiltInKeywords.groovy:616)
	at com.kms.katalon.core.webui.keyword.WebUiBuiltInKeywords$click$2.call(Unknown Source)
	at Script1554279771852.run(Script1554279771852.groovy:22)
	... 13 more]]></system-out>
      <system-err><![CDATA[2019-04-08 12:51:04 - [TEST_SUITE][FAILED] - SMS: Test Cases/SMS/Sms Livechat/TC11191 FAILED.
Reason:
com.kms.katalon.core.exception.StepFailedException: Unable to click on object 'Object Repository/Page_KiboChat  Live Chat/div_Anisha wrote'
	at com.kms.katalon.core.webui.keyword.internal.WebUIKeywordMain.stepFailed(WebUIKeywordMain.groovy:64)
	at com.kms.katalon.core.webui.keyword.internal.WebUIKeywordMain.runKeyword(WebUIKeywordMain.groovy:26)
	at com.kms.katalon.core.webui.keyword.builtin.ClickKeyword.click(ClickKeyword.groovy:86)
	at com.kms.katalon.core.webui.keyword.builtin.ClickKeyword.execute(ClickKeyword.groovy:67)
	at com.kms.katalon.core.keyword.internal.KeywordExecutor.executeKeywordForPlatform(KeywordExecutor.groovy:56)
	at com.kms.katalon.core.webui.keyword.WebUiBuiltInKeywords.click(WebUiBuiltInKeywords.groovy:616)
	at com.kms.katalon.core.webui.keyword.WebUiBuiltInKeywords$click$2.call(Unknown Source)
	at TC11191.run(TC11191:22)
	at com.kms.katalon.core.main.ScriptEngine.run(ScriptEngine.java:194)
	at com.kms.katalon.core.main.ScriptEngine.runScriptAsRawText(ScriptEngine.java:119)
	at com.kms.katalon.core.main.TestCaseExecutor.runScript(TestCaseExecutor.java:331)
	at com.kms.katalon.core.main.TestCaseExecutor.doExecute(TestCaseExecutor.java:322)
	at com.kms.katalon.core.main.TestCaseExecutor.processExecutionPhase(TestCaseExecutor.java:301)
	at com.kms.katalon.core.main.TestCaseExecutor.accessMainPhase(TestCaseExecutor.java:293)
	at com.kms.katalon.core.main.TestCaseExecutor.execute(TestCaseExecutor.java:227)
	at com.kms.katalon.core.main.TestSuiteExecutor.accessTestCaseMainPhase(TestSuiteExecutor.java:129)
	at com.kms.katalon.core.main.TestSuiteExecutor.accessTestSuiteMainPhase(TestSuiteExecutor.java:112)
	at com.kms.katalon.core.main.TestSuiteExecutor.execute(TestSuiteExecutor.java:81)
	at com.kms.katalon.core.main.TestCaseMain.startTestSuite(TestCaseMain.java:157)
	at com.kms.katalon.core.main.TestCaseMain$startTestSuite$0.call(Unknown Source)
	at TempTestSuite1554709863552.run(TempTestSuite1554709863552.groovy:35)
Caused by: com.kms.katalon.core.webui.exception.WebElementNotFoundException: Web element with id: 'Object Repository/Page_KiboChat  Live Chat/div_Anisha wrote' located by 'By.xpath: //div[(text() = 'Anisha wrote' or . = 'Anisha wrote')]' not found
	at com.kms.katalon.core.webui.common.WebUiCommonHelper.findWebElement(WebUiCommonHelper.java:1053)
	at com.kms.katalon.core.webui.keyword.internal.WebUIAbstractKeyword.findWebElement(WebUIAbstractKeyword.groovy:27)
	at com.kms.katalon.core.webui.keyword.internal.WebUIAbstractKeyword.findWebElement(WebUIAbstractKeyword.groovy:26)
	at com.kms.katalon.core.webui.keyword.builtin.ClickKeyword$_click_closure1.doCall(ClickKeyword.groovy:77)
	at com.kms.katalon.core.webui.keyword.builtin.ClickKeyword$_click_closure1.call(ClickKeyword.groovy)
	at com.kms.katalon.core.webui.keyword.internal.WebUIKeywordMain.runKeyword(WebUIKeywordMain.groovy:20)
	at com.kms.katalon.core.webui.keyword.builtin.ClickKeyword.click(ClickKeyword.groovy:86)
	at com.kms.katalon.core.webui.keyword.builtin.ClickKeyword.execute(ClickKeyword.groovy:67)
	at com.kms.katalon.core.keyword.internal.KeywordExecutor.executeKeywordForPlatform(KeywordExecutor.groovy:56)
	at com.kms.katalon.core.webui.keyword.WebUiBuiltInKeywords.click(WebUiBuiltInKeywords.groovy:616)
	at com.kms.katalon.core.webui.keyword.WebUiBuiltInKeywords$click$2.call(Unknown Source)
	at Script1554279771852.run(Script1554279771852.groovy:22)
	... 13 more]]></system-err>
   </testsuite>
</testsuites>
