<?xml version="1.0" encoding="UTF-8"?>
<testsuites name="Whatsapp Livechat" time="70" tests="9" failures="0" errors="0">
   <testsuite name="Whatsapp Livechat" tests="9" failures="0" errors="0" time="70" timestamp="2019-04-23 18:35:47" hostname="cloudkibo-faizan - cloudkibo-faizan" id="Test Suites/Faizan Suits/Whatsapp Livechat">
      <properties>
         <property name="deviceName" value=""/>
         <property name="devicePlatform" value=""/>
         <property name="logFolder" value="/home/cloudkibo-faizan/Desktop/KiboPush_Automated_Testing/KiboPush Katalon/Reports/Faizan Suits/Whatsapp Livechat/20190423_183540"/>
         <property name="logFiles" value="/home/cloudkibo-faizan/Desktop/KiboPush_Automated_Testing/KiboPush Katalon/Reports/Faizan Suits/Whatsapp Livechat/20190423_183540/execution0.log"/>
         <property name="attachments" value=""/>
         <property name="hostName" value="cloudkibo-faizan - cloudkibo-faizan"/>
         <property name="os" value="Linux 64bit"/>
         <property name="katalonVersion" value="6.0.6.4"/>
         <property name="browser" value="Chrome 73.0.3683.75"/>
         <property name="hostAddress" value="127.0.1.1"/>
         <property name="sessionId" value="658e04a326fd2a5d2bce74d3f5916dbf"/>
         <property name="seleniumVersion" value="3.7.1"/>
         <property name="proxyInformation" value="ProxyInformation{proxyOption=NO_PROXY, proxyServerType=HTTP, password=, proxyServerAddress=, proxyServerPort=0}"/>
         <property name="platform" value="Linux"/>
      </properties>
      <testcase name="Test Cases/s-sidebar_navigation/individualAccount/Faizan_production_login_kibochat" classname="Test Cases/s-sidebar_navigation/individualAccount/Faizan_production_login_kibochat" status="PASSED">
         <system-out><![CDATA[2019-04-23 18:35:47 - [TEST_CASE][PASSED] - Test Cases/s-sidebar_navigation/individualAccount/Faizan_production_login_kibochat: Test Cases/s-sidebar_navigation/individualAccount/Faizan_production_login_kibochat

2019-04-23 18:35:47 - [TEST_STEP][PASSED] - openBrowser(""): Browser is opened with url: ''

2019-04-23 18:35:48 - [MESSAGE][INFO] - Starting 'Chrome' driver

2019-04-23 18:35:48 - [MESSAGE][INFO] - User set preference: ['args', '[--no-sandbox]']

2019-04-23 18:35:48 - [MESSAGE][INFO] - Action delay is set to 0 seconds

2019-04-23 18:35:50 - [MESSAGE][PASSED] - Browser is opened with url: ''

2019-04-23 18:35:50 - [TEST_STEP][PASSED] - maximizeWindow(): Current window maximized

2019-04-23 18:35:50 - [MESSAGE][PASSED] - Current window maximized

2019-04-23 18:35:50 - [TEST_STEP][PASSED] - navigateToUrl("https://kibochat.cloudkibo.com/"): Navigate to 'https://kibochat.cloudkibo.com/' successfully

2019-04-23 18:36:02 - [MESSAGE][PASSED] - Navigate to 'https://kibochat.cloudkibo.com/' successfully

2019-04-23 18:36:02 - [TEST_STEP][PASSED] - navigateToUrl("https://accounts.cloudkibo.com/?continue=https://kibochat.cloudkibo.com"): Navigate to 'https://accounts.cloudkibo.com/?continue=https://kibochat.cloudkibo.com' successfully

2019-04-23 18:36:03 - [MESSAGE][PASSED] - Navigate to 'https://accounts.cloudkibo.com/?continue=https://kibochat.cloudkibo.com' successfully

2019-04-23 18:36:03 - [TEST_STEP][PASSED] - click(findTestObject("Page_KiboPush/a_Login (10)")): Object: 'Object Repository/Page_KiboPush/a_Login (10)' is clicked on

2019-04-23 18:36:04 - [MESSAGE][PASSED] - Object: 'Object Repository/Page_KiboPush/a_Login (10)' is clicked on

2019-04-23 18:36:04 - [TEST_STEP][PASSED] - setText(findTestObject("Page_KiboPush/input_email (10) (1) (1)"), "faizan@cloudkibo.com"): Text 'faizan@cloudkibo.com' is set on object 'Object Repository/Page_KiboPush/input_email (10) (1) (1)'

2019-04-23 18:36:04 - [MESSAGE][PASSED] - Text 'faizan@cloudkibo.com' is set on object 'Object Repository/Page_KiboPush/input_email (10) (1) (1)'

2019-04-23 18:36:04 - [TEST_STEP][PASSED] - setEncryptedText(findTestObject("Page_CloudKibo/input_Sign In_password (7)"), "qeJ0sjJnwEs="): Text ****** has been set on object 'Object Repository/Page_CloudKibo/input_Sign In_password (7)'

2019-04-23 18:36:04 - [MESSAGE][PASSED] - Text ****** has been set on object 'Object Repository/Page_CloudKibo/input_Sign In_password (7)'

2019-04-23 18:36:04 - [TEST_STEP][PASSED] - click(findTestObject("Page_KiboPush/button_Sign In (11)")): Object: 'Object Repository/Page_KiboPush/button_Sign In (11)' is clicked on

2019-04-23 18:36:04 - [MESSAGE][PASSED] - Object: 'Object Repository/Page_KiboPush/button_Sign In (11)' is clicked on

2019-04-23 18:36:04 - [TEST_STEP][PASSED] - click(findTestObject("Page_KiboPush  Dashboard/h3_Dashboard (58)")): Object: 'Object Repository/Page_KiboPush  Dashboard/h3_Dashboard (58)' is clicked on

2019-04-23 18:36:28 - [MESSAGE][PASSED] - Object: 'Object Repository/Page_KiboPush  Dashboard/h3_Dashboard (58)' is clicked on

2019-04-23 18:36:28 - [TEST_STEP][PASSED] - delay(3): Delayed 3 second(s)

2019-04-23 18:36:31 - [MESSAGE][PASSED] - Delayed 3 second(s)

2019-04-23 18:36:31 - [TEST_STEP][PASSED] - click(findTestObject("Object Repository/Page_KiboEngage  Dashboard/a_SMS (2)")): Object: 'Object Repository/Page_KiboEngage  Dashboard/a_SMS (2)' is clicked on

2019-04-23 18:36:31 - [MESSAGE][PASSED] - Object: 'Object Repository/Page_KiboEngage  Dashboard/a_SMS (2)' is clicked on

2019-04-23 18:36:31 - [TEST_STEP][PASSED] - click(findTestObject("Object Repository/Page_KiboEngage  Dashboard/span_Messenger")): Object: 'Object Repository/Page_KiboEngage  Dashboard/span_Messenger' is clicked on

2019-04-23 18:36:31 - [MESSAGE][PASSED] - Object: 'Object Repository/Page_KiboEngage  Dashboard/span_Messenger' is clicked on]]></system-out>
         <system-err><![CDATA[]]></system-err>
      </testcase>
      <testcase name="Test Cases/Whatsapp/WhatsappPlatformChat" classname="Test Cases/Whatsapp/WhatsappPlatformChat" status="PASSED">
         <system-out><![CDATA[2019-04-23 18:36:31 - [TEST_CASE][PASSED] - Test Cases/Whatsapp/WhatsappPlatformChat: Test Cases/Whatsapp/WhatsappPlatformChat

2019-04-23 18:36:31 - [TEST_STEP][PASSED] - delay(1): Delayed 1 second(s)

2019-04-23 18:36:32 - [MESSAGE][PASSED] - Delayed 1 second(s)

2019-04-23 18:36:32 - [TEST_STEP][PASSED] - click(findTestObject("Page_KiboEngage  Dashboard/a_SMS (2) (1) (1) (1) (3)")): Object: 'Object Repository/Page_KiboEngage  Dashboard/a_SMS (2) (1) (1) (1) (3)' is clicked on

2019-04-23 18:36:32 - [MESSAGE][PASSED] - Object: 'Object Repository/Page_KiboEngage  Dashboard/a_SMS (2) (1) (1) (1) (3)' is clicked on

2019-04-23 18:36:32 - [TEST_STEP][PASSED] - click(findTestObject("Object Repository/Page_KiboEngage  Dashboard/span_WhatsApp")): Object: 'Object Repository/Page_KiboEngage  Dashboard/span_WhatsApp' is clicked on

2019-04-23 18:36:32 - [MESSAGE][PASSED] - Object: 'Object Repository/Page_KiboEngage  Dashboard/span_WhatsApp' is clicked on

2019-04-23 18:36:32 - [TEST_STEP][PASSED] - delay(1): Delayed 1 second(s)

2019-04-23 18:36:33 - [MESSAGE][PASSED] - Delayed 1 second(s)]]></system-out>
         <system-err><![CDATA[]]></system-err>
      </testcase>
      <testcase name="Test Cases/Whatsapp/WhatsApp Livechat/TC11246" classname="Test Cases/Whatsapp/WhatsApp Livechat/TC11246" status="PASSED">
         <system-out><![CDATA[2019-04-23 18:36:33 - [TEST_CASE][PASSED] - Test Cases/Whatsapp/WhatsApp Livechat/TC11246: Test Cases/Whatsapp/WhatsApp Livechat/TC11246

2019-04-23 18:36:34 - [TEST_STEP][PASSED] - callTestCase(findTestCase("Whatsapp/WhatsApp Livechat/go to live chat"), [:], STOP_ON_FAILURE): Call Test Case 'Test Cases/Whatsapp/WhatsApp Livechat/go to live chat' successfully

2019-04-23 18:36:34 - [TEST_CASE][PASSED] - Test Cases/Whatsapp/WhatsApp Livechat/go to live chat: Test Cases/Whatsapp/WhatsApp Livechat/go to live chat

2019-04-23 18:36:34 - [TEST_STEP][PASSED] - click(findTestObject("Page_KiboPush  Dashboard/span_Dashboard")): Object: 'Object Repository/Page_KiboPush  Dashboard/span_Dashboard' is clicked on

2019-04-23 18:36:34 - [MESSAGE][PASSED] - Object: 'Object Repository/Page_KiboPush  Dashboard/span_Dashboard' is clicked on

2019-04-23 18:36:34 - [TEST_STEP][PASSED] - delay(1): Delayed 1 second(s)

2019-04-23 18:36:35 - [MESSAGE][PASSED] - Delayed 1 second(s)

2019-04-23 18:36:35 - [TEST_STEP][PASSED] - click(findTestObject("Object Repository/Page_KiboChat  Dashboard/a_Live Chat (Beta)")): Object: 'Object Repository/Page_KiboChat  Dashboard/a_Live Chat (Beta)' is clicked on

2019-04-23 18:36:35 - [MESSAGE][PASSED] - Object: 'Object Repository/Page_KiboChat  Dashboard/a_Live Chat (Beta)' is clicked on

2019-04-23 18:36:35 - [TEST_STEP][PASSED] - delay(2): Delayed 2 second(s)

2019-04-23 18:36:37 - [MESSAGE][PASSED] - Delayed 2 second(s)

2019-04-23 18:36:37 - [MESSAGE][PASSED] - Call Test Case 'Test Cases/Whatsapp/WhatsApp Livechat/go to live chat' successfully

2019-04-23 18:36:37 - [TEST_STEP][PASSED] - click(findTestObject("Object Repository/Page_KiboChat  Live Chat/a_documentation")): Object: 'Object Repository/Page_KiboChat  Live Chat/a_documentation' is clicked on

2019-04-23 18:36:37 - [MESSAGE][PASSED] - Object: 'Object Repository/Page_KiboChat  Live Chat/a_documentation' is clicked on]]></system-out>
         <system-err><![CDATA[]]></system-err>
      </testcase>
      <testcase name="Test Cases/Whatsapp/WhatsApp Livechat/TC11247" classname="Test Cases/Whatsapp/WhatsApp Livechat/TC11247" status="PASSED">
         <system-out><![CDATA[2019-04-23 18:36:37 - [TEST_CASE][PASSED] - Test Cases/Whatsapp/WhatsApp Livechat/TC11247: Test Cases/Whatsapp/WhatsApp Livechat/TC11247

2019-04-23 18:36:37 - [TEST_STEP][PASSED] - callTestCase(findTestCase("Whatsapp/WhatsApp Livechat/go to live chat"), [:], STOP_ON_FAILURE): Call Test Case 'Test Cases/Whatsapp/WhatsApp Livechat/go to live chat' successfully

2019-04-23 18:36:37 - [TEST_CASE][PASSED] - Test Cases/Whatsapp/WhatsApp Livechat/go to live chat: Test Cases/Whatsapp/WhatsApp Livechat/go to live chat

2019-04-23 18:36:37 - [TEST_STEP][PASSED] - click(findTestObject("Page_KiboPush  Dashboard/span_Dashboard")): Object: 'Object Repository/Page_KiboPush  Dashboard/span_Dashboard' is clicked on

2019-04-23 18:36:37 - [MESSAGE][PASSED] - Object: 'Object Repository/Page_KiboPush  Dashboard/span_Dashboard' is clicked on

2019-04-23 18:36:37 - [TEST_STEP][PASSED] - delay(1): Delayed 1 second(s)

2019-04-23 18:36:38 - [MESSAGE][PASSED] - Delayed 1 second(s)

2019-04-23 18:36:38 - [TEST_STEP][PASSED] - click(findTestObject("Object Repository/Page_KiboChat  Dashboard/a_Live Chat (Beta)")): Object: 'Object Repository/Page_KiboChat  Dashboard/a_Live Chat (Beta)' is clicked on

2019-04-23 18:36:38 - [MESSAGE][PASSED] - Object: 'Object Repository/Page_KiboChat  Dashboard/a_Live Chat (Beta)' is clicked on

2019-04-23 18:36:38 - [TEST_STEP][PASSED] - delay(2): Delayed 2 second(s)

2019-04-23 18:36:40 - [MESSAGE][PASSED] - Delayed 2 second(s)

2019-04-23 18:36:40 - [MESSAGE][PASSED] - Call Test Case 'Test Cases/Whatsapp/WhatsApp Livechat/go to live chat' successfully]]></system-out>
         <system-err><![CDATA[]]></system-err>
      </testcase>
      <testcase name="Test Cases/Whatsapp/WhatsApp Livechat/TC11248" classname="Test Cases/Whatsapp/WhatsApp Livechat/TC11248" status="PASSED">
         <system-out><![CDATA[2019-04-23 18:36:40 - [TEST_CASE][PASSED] - Test Cases/Whatsapp/WhatsApp Livechat/TC11248: Test Cases/Whatsapp/WhatsApp Livechat/TC11248

2019-04-23 18:36:40 - [TEST_STEP][PASSED] - callTestCase(findTestCase("Whatsapp/WhatsApp Livechat/go to live chat"), [:], STOP_ON_FAILURE): Call Test Case 'Test Cases/Whatsapp/WhatsApp Livechat/go to live chat' successfully

2019-04-23 18:36:41 - [TEST_CASE][PASSED] - Test Cases/Whatsapp/WhatsApp Livechat/go to live chat: Test Cases/Whatsapp/WhatsApp Livechat/go to live chat

2019-04-23 18:36:41 - [TEST_STEP][PASSED] - click(findTestObject("Page_KiboPush  Dashboard/span_Dashboard")): Object: 'Object Repository/Page_KiboPush  Dashboard/span_Dashboard' is clicked on

2019-04-23 18:36:41 - [MESSAGE][PASSED] - Object: 'Object Repository/Page_KiboPush  Dashboard/span_Dashboard' is clicked on

2019-04-23 18:36:41 - [TEST_STEP][PASSED] - delay(1): Delayed 1 second(s)

2019-04-23 18:36:42 - [MESSAGE][PASSED] - Delayed 1 second(s)

2019-04-23 18:36:42 - [TEST_STEP][PASSED] - click(findTestObject("Object Repository/Page_KiboChat  Dashboard/a_Live Chat (Beta)")): Object: 'Object Repository/Page_KiboChat  Dashboard/a_Live Chat (Beta)' is clicked on

2019-04-23 18:36:42 - [MESSAGE][PASSED] - Object: 'Object Repository/Page_KiboChat  Dashboard/a_Live Chat (Beta)' is clicked on

2019-04-23 18:36:42 - [TEST_STEP][PASSED] - delay(2): Delayed 2 second(s)

2019-04-23 18:36:44 - [MESSAGE][PASSED] - Delayed 2 second(s)

2019-04-23 18:36:44 - [MESSAGE][PASSED] - Call Test Case 'Test Cases/Whatsapp/WhatsApp Livechat/go to live chat' successfully]]></system-out>
         <system-err><![CDATA[]]></system-err>
      </testcase>
      <testcase name="Test Cases/Whatsapp/WhatsApp Livechat/TC11249" classname="Test Cases/Whatsapp/WhatsApp Livechat/TC11249" status="PASSED">
         <system-out><![CDATA[2019-04-23 18:36:44 - [TEST_CASE][PASSED] - Test Cases/Whatsapp/WhatsApp Livechat/TC11249: Test Cases/Whatsapp/WhatsApp Livechat/TC11249

2019-04-23 18:36:44 - [TEST_STEP][PASSED] - callTestCase(findTestCase("Whatsapp/WhatsApp Livechat/go to live chat"), [:], STOP_ON_FAILURE): Call Test Case 'Test Cases/Whatsapp/WhatsApp Livechat/go to live chat' successfully

2019-04-23 18:36:44 - [TEST_CASE][PASSED] - Test Cases/Whatsapp/WhatsApp Livechat/go to live chat: Test Cases/Whatsapp/WhatsApp Livechat/go to live chat

2019-04-23 18:36:44 - [TEST_STEP][PASSED] - click(findTestObject("Page_KiboPush  Dashboard/span_Dashboard")): Object: 'Object Repository/Page_KiboPush  Dashboard/span_Dashboard' is clicked on

2019-04-23 18:36:44 - [MESSAGE][PASSED] - Object: 'Object Repository/Page_KiboPush  Dashboard/span_Dashboard' is clicked on

2019-04-23 18:36:44 - [TEST_STEP][PASSED] - delay(1): Delayed 1 second(s)

2019-04-23 18:36:45 - [MESSAGE][PASSED] - Delayed 1 second(s)

2019-04-23 18:36:45 - [TEST_STEP][PASSED] - click(findTestObject("Object Repository/Page_KiboChat  Dashboard/a_Live Chat (Beta)")): Object: 'Object Repository/Page_KiboChat  Dashboard/a_Live Chat (Beta)' is clicked on

2019-04-23 18:36:45 - [MESSAGE][PASSED] - Object: 'Object Repository/Page_KiboChat  Dashboard/a_Live Chat (Beta)' is clicked on

2019-04-23 18:36:45 - [TEST_STEP][PASSED] - delay(2): Delayed 2 second(s)

2019-04-23 18:36:47 - [MESSAGE][PASSED] - Delayed 2 second(s)

2019-04-23 18:36:47 - [MESSAGE][PASSED] - Call Test Case 'Test Cases/Whatsapp/WhatsApp Livechat/go to live chat' successfully]]></system-out>
         <system-err><![CDATA[]]></system-err>
      </testcase>
      <testcase name="Test Cases/Whatsapp/WhatsApp Livechat/TC11250" classname="Test Cases/Whatsapp/WhatsApp Livechat/TC11250" status="PASSED">
         <system-out><![CDATA[2019-04-23 18:36:47 - [TEST_CASE][PASSED] - Test Cases/Whatsapp/WhatsApp Livechat/TC11250: Test Cases/Whatsapp/WhatsApp Livechat/TC11250

2019-04-23 18:36:47 - [TEST_STEP][PASSED] - callTestCase(findTestCase("Whatsapp/WhatsApp Livechat/go to live chat"), [:], STOP_ON_FAILURE): Call Test Case 'Test Cases/Whatsapp/WhatsApp Livechat/go to live chat' successfully

2019-04-23 18:36:47 - [TEST_CASE][PASSED] - Test Cases/Whatsapp/WhatsApp Livechat/go to live chat: Test Cases/Whatsapp/WhatsApp Livechat/go to live chat

2019-04-23 18:36:47 - [TEST_STEP][PASSED] - click(findTestObject("Page_KiboPush  Dashboard/span_Dashboard")): Object: 'Object Repository/Page_KiboPush  Dashboard/span_Dashboard' is clicked on

2019-04-23 18:36:47 - [MESSAGE][PASSED] - Object: 'Object Repository/Page_KiboPush  Dashboard/span_Dashboard' is clicked on

2019-04-23 18:36:47 - [TEST_STEP][PASSED] - delay(1): Delayed 1 second(s)

2019-04-23 18:36:48 - [MESSAGE][PASSED] - Delayed 1 second(s)

2019-04-23 18:36:48 - [TEST_STEP][PASSED] - click(findTestObject("Object Repository/Page_KiboChat  Dashboard/a_Live Chat (Beta)")): Object: 'Object Repository/Page_KiboChat  Dashboard/a_Live Chat (Beta)' is clicked on

2019-04-23 18:36:48 - [MESSAGE][PASSED] - Object: 'Object Repository/Page_KiboChat  Dashboard/a_Live Chat (Beta)' is clicked on

2019-04-23 18:36:48 - [TEST_STEP][PASSED] - delay(2): Delayed 2 second(s)

2019-04-23 18:36:50 - [MESSAGE][PASSED] - Delayed 2 second(s)

2019-04-23 18:36:50 - [MESSAGE][PASSED] - Call Test Case 'Test Cases/Whatsapp/WhatsApp Livechat/go to live chat' successfully

2019-04-23 18:36:50 - [TEST_STEP][PASSED] - setText(findTestObject("Object Repository/Page_KiboChat  Live Chat/input_documentation_generalSearch"), "3333739"): Text '3333739' is set on object 'Object Repository/Page_KiboChat  Live Chat/input_documentation_generalSearch'

2019-04-23 18:36:51 - [MESSAGE][PASSED] - Text '3333739' is set on object 'Object Repository/Page_KiboChat  Live Chat/input_documentation_generalSearch'

2019-04-23 18:36:51 - [TEST_STEP][PASSED] - click(findTestObject("Object Repository/Page_KiboChat  Live Chat/span_923333739566")): Object: 'Object Repository/Page_KiboChat  Live Chat/span_923333739566' is clicked on

2019-04-23 18:36:51 - [MESSAGE][PASSED] - Object: 'Object Repository/Page_KiboChat  Live Chat/span_923333739566' is clicked on]]></system-out>
         <system-err><![CDATA[]]></system-err>
      </testcase>
      <testcase name="Test Cases/Whatsapp/WhatsApp Livechat/TC11251" classname="Test Cases/Whatsapp/WhatsApp Livechat/TC11251" status="PASSED">
         <system-out><![CDATA[2019-04-23 18:36:51 - [TEST_CASE][PASSED] - Test Cases/Whatsapp/WhatsApp Livechat/TC11251: Test Cases/Whatsapp/WhatsApp Livechat/TC11251

2019-04-23 18:36:51 - [TEST_STEP][PASSED] - callTestCase(findTestCase("Whatsapp/WhatsApp Livechat/go to live chat"), [:], STOP_ON_FAILURE): Call Test Case 'Test Cases/Whatsapp/WhatsApp Livechat/go to live chat' successfully

2019-04-23 18:36:51 - [TEST_CASE][PASSED] - Test Cases/Whatsapp/WhatsApp Livechat/go to live chat: Test Cases/Whatsapp/WhatsApp Livechat/go to live chat

2019-04-23 18:36:51 - [TEST_STEP][PASSED] - click(findTestObject("Page_KiboPush  Dashboard/span_Dashboard")): Object: 'Object Repository/Page_KiboPush  Dashboard/span_Dashboard' is clicked on

2019-04-23 18:36:51 - [MESSAGE][PASSED] - Object: 'Object Repository/Page_KiboPush  Dashboard/span_Dashboard' is clicked on

2019-04-23 18:36:51 - [TEST_STEP][PASSED] - delay(1): Delayed 1 second(s)

2019-04-23 18:36:52 - [MESSAGE][PASSED] - Delayed 1 second(s)

2019-04-23 18:36:52 - [TEST_STEP][PASSED] - click(findTestObject("Object Repository/Page_KiboChat  Dashboard/a_Live Chat (Beta)")): Object: 'Object Repository/Page_KiboChat  Dashboard/a_Live Chat (Beta)' is clicked on

2019-04-23 18:36:52 - [MESSAGE][PASSED] - Object: 'Object Repository/Page_KiboChat  Dashboard/a_Live Chat (Beta)' is clicked on

2019-04-23 18:36:52 - [TEST_STEP][PASSED] - delay(2): Delayed 2 second(s)

2019-04-23 18:36:54 - [MESSAGE][PASSED] - Delayed 2 second(s)

2019-04-23 18:36:54 - [MESSAGE][PASSED] - Call Test Case 'Test Cases/Whatsapp/WhatsApp Livechat/go to live chat' successfully]]></system-out>
         <system-err><![CDATA[]]></system-err>
      </testcase>
      <testcase name="Test Cases/Whatsapp/WhatsApp Livechat/TC11252" classname="Test Cases/Whatsapp/WhatsApp Livechat/TC11252" status="PASSED">
         <system-out><![CDATA[2019-04-23 18:36:54 - [TEST_CASE][PASSED] - Test Cases/Whatsapp/WhatsApp Livechat/TC11252: Test Cases/Whatsapp/WhatsApp Livechat/TC11252

2019-04-23 18:36:54 - [TEST_STEP][PASSED] - callTestCase(findTestCase("Whatsapp/WhatsApp Livechat/go to live chat"), [:], STOP_ON_FAILURE): Call Test Case 'Test Cases/Whatsapp/WhatsApp Livechat/go to live chat' successfully

2019-04-23 18:36:54 - [TEST_CASE][PASSED] - Test Cases/Whatsapp/WhatsApp Livechat/go to live chat: Test Cases/Whatsapp/WhatsApp Livechat/go to live chat

2019-04-23 18:36:54 - [TEST_STEP][PASSED] - click(findTestObject("Page_KiboPush  Dashboard/span_Dashboard")): Object: 'Object Repository/Page_KiboPush  Dashboard/span_Dashboard' is clicked on

2019-04-23 18:36:54 - [MESSAGE][PASSED] - Object: 'Object Repository/Page_KiboPush  Dashboard/span_Dashboard' is clicked on

2019-04-23 18:36:54 - [TEST_STEP][PASSED] - delay(1): Delayed 1 second(s)

2019-04-23 18:36:55 - [MESSAGE][PASSED] - Delayed 1 second(s)

2019-04-23 18:36:55 - [TEST_STEP][PASSED] - click(findTestObject("Object Repository/Page_KiboChat  Dashboard/a_Live Chat (Beta)")): Object: 'Object Repository/Page_KiboChat  Dashboard/a_Live Chat (Beta)' is clicked on

2019-04-23 18:36:55 - [MESSAGE][PASSED] - Object: 'Object Repository/Page_KiboChat  Dashboard/a_Live Chat (Beta)' is clicked on

2019-04-23 18:36:55 - [TEST_STEP][PASSED] - delay(2): Delayed 2 second(s)

2019-04-23 18:36:57 - [MESSAGE][PASSED] - Delayed 2 second(s)

2019-04-23 18:36:57 - [MESSAGE][PASSED] - Call Test Case 'Test Cases/Whatsapp/WhatsApp Livechat/go to live chat' successfully]]></system-out>
         <system-err><![CDATA[]]></system-err>
      </testcase>
      <system-out><![CDATA[2019-04-23 18:35:47 - [TEST_SUITE][PASSED] - Whatsapp Livechat: Test Cases/Whatsapp/WhatsApp Livechat/TC11252]]></system-out>
      <system-err><![CDATA[]]></system-err>
   </testsuite>
</testsuites>
