<?xml version="1.0" encoding="UTF-8"?>
<testsuites name="InviteSubscribers" time="172" tests="5" failures="0" errors="0">
   <testsuite name="InviteSubscribers" tests="5" failures="0" errors="0" time="172" timestamp="2019-03-22 14:58:34" hostname="cloudkibo-faizan - cloudkibo-faizan" id="Test Suites/InviteSubscribers">
      <properties>
         <property name="deviceName" value=""/>
         <property name="devicePlatform" value=""/>
         <property name="logFolder" value="/home/cloudkibo-faizan/Drive/Katalon/production/KiboPush/Reports/InviteSubscribers/20190322_145833"/>
         <property name="logFiles" value="/home/cloudkibo-faizan/Drive/Katalon/production/KiboPush/Reports/InviteSubscribers/20190322_145833/execution0.log"/>
         <property name="attachments" value=""/>
         <property name="hostName" value="cloudkibo-faizan - cloudkibo-faizan"/>
         <property name="os" value="Linux 64bit"/>
         <property name="katalonVersion" value="6.0.6.4"/>
         <property name="browser" value="Chrome 73.0.3683.75"/>
         <property name="hostAddress" value="127.0.1.1"/>
         <property name="sessionId" value="7f206ad359b8121db6dc67a6bf851161"/>
         <property name="seleniumVersion" value="3.7.1"/>
         <property name="proxyInformation" value="ProxyInformation{proxyOption=NO_PROXY, proxyServerType=HTTP, password=, proxyServerAddress=, proxyServerPort=0}"/>
         <property name="platform" value="Linux"/>
      </properties>
      <testcase name="Test Cases/Invite subscribers/TC0678" classname="Test Cases/Invite subscribers/TC0678" status="PASSED">
         <system-out><![CDATA[2019-03-22 14:58:35 - [TEST_CASE][PASSED] - Test Cases/Invite subscribers/TC0678: Test Cases/Invite subscribers/TC0678

2019-03-22 14:58:35 - [TEST_STEP][PASSED] - callTestCase(findTestCase("s-sidebar_navigation/individualAccount/Subscriber"), [:], STOP_ON_FAILURE): Call Test Case 'Test Cases/s-sidebar_navigation/individualAccount/Subscriber' successfully

2019-03-22 14:58:35 - [TEST_CASE][PASSED] - Test Cases/s-sidebar_navigation/individualAccount/Subscriber: Test Cases/s-sidebar_navigation/individualAccount/Subscriber

2019-03-22 14:58:35 - [TEST_STEP][PASSED] - callTestCase(findTestCase("s-sidebar_navigation/individualAccount/Login-KiboEngage"), [:], STOP_ON_FAILURE): Call Test Case 'Test Cases/s-sidebar_navigation/individualAccount/Login-KiboEngage' successfully

2019-03-22 14:58:35 - [TEST_CASE][PASSED] - Test Cases/s-sidebar_navigation/individualAccount/Login-KiboEngage: Test Cases/s-sidebar_navigation/individualAccount/Login-KiboEngage

2019-03-22 14:58:35 - [TEST_STEP][PASSED] - openBrowser(""): Browser is opened with url: ''

2019-03-22 14:58:35 - [MESSAGE][INFO] - Starting 'Chrome' driver

2019-03-22 14:58:35 - [MESSAGE][INFO] - Action delay is set to 0 seconds

2019-03-22 14:58:36 - [MESSAGE][PASSED] - Browser is opened with url: ''

2019-03-22 14:58:36 - [TEST_STEP][PASSED] - maximizeWindow(): Current window maximized

2019-03-22 14:58:36 - [MESSAGE][PASSED] - Current window maximized

2019-03-22 14:58:36 - [TEST_STEP][PASSED] - navigateToUrl("https://kiboengage.cloudkibo.com/"): Navigate to 'https://kiboengage.cloudkibo.com/' successfully

2019-03-22 14:58:51 - [MESSAGE][PASSED] - Navigate to 'https://kiboengage.cloudkibo.com/' successfully

2019-03-22 14:58:51 - [TEST_STEP][PASSED] - navigateToUrl("https://accounts.cloudkibo.com/?continue=https://kiboengage.cloudkibo.com"): Navigate to 'https://accounts.cloudkibo.com/?continue=https://kiboengage.cloudkibo.com' successfully

2019-03-22 14:58:51 - [MESSAGE][PASSED] - Navigate to 'https://accounts.cloudkibo.com/?continue=https://kiboengage.cloudkibo.com' successfully

2019-03-22 14:58:51 - [TEST_STEP][PASSED] - click(findTestObject("Page_KiboPush/a_Login (9) (1)")): Object: 'Object Repository/Page_KiboPush/a_Login (9) (1)' is clicked on

2019-03-22 14:58:52 - [MESSAGE][PASSED] - Object: 'Object Repository/Page_KiboPush/a_Login (9) (1)' is clicked on

2019-03-22 14:58:52 - [TEST_STEP][PASSED] - setText(findTestObject("Page_KiboPush/input_email (10) (1)"), "individual@cloudkibo.com"): Text 'individual@cloudkibo.com' is set on object 'Object Repository/Page_KiboPush/input_email (10) (1)'

2019-03-22 14:58:52 - [MESSAGE][PASSED] - Text 'individual@cloudkibo.com' is set on object 'Object Repository/Page_KiboPush/input_email (10) (1)'

2019-03-22 14:58:52 - [TEST_STEP][PASSED] - setEncryptedText(findTestObject("Page_KiboPush/input_password (9) (1)"), "RigbBhfdqOBGNlJIWM1ClA=="): Text ****** has been set on object 'Object Repository/Page_KiboPush/input_password (9) (1)'

2019-03-22 14:58:52 - [MESSAGE][PASSED] - Text ****** has been set on object 'Object Repository/Page_KiboPush/input_password (9) (1)'

2019-03-22 14:58:52 - [TEST_STEP][PASSED] - click(findTestObject("Page_KiboPush/button_Sign In (10) (1)")): Object: 'Object Repository/Page_KiboPush/button_Sign In (10) (1)' is clicked on

2019-03-22 14:58:53 - [MESSAGE][PASSED] - Object: 'Object Repository/Page_KiboPush/button_Sign In (10) (1)' is clicked on

2019-03-22 14:58:53 - [TEST_STEP][PASSED] - navigateToUrl("https://kiboengage.cloudkibo.com/dashboard"): Navigate to 'https://kiboengage.cloudkibo.com/dashboard' successfully

2019-03-22 14:59:07 - [MESSAGE][PASSED] - Navigate to 'https://kiboengage.cloudkibo.com/dashboard' successfully

2019-03-22 14:59:07 - [TEST_STEP][PASSED] - click(findTestObject("Object Repository/Page_KiboPush  Dashboard/h3_Dashboard (57)")): Object: 'Object Repository/Page_KiboPush  Dashboard/h3_Dashboard (57)' is clicked on

2019-03-22 14:59:07 - [MESSAGE][PASSED] - Object: 'Object Repository/Page_KiboPush  Dashboard/h3_Dashboard (57)' is clicked on

2019-03-22 14:59:07 - [TEST_STEP][PASSED] - delay(3): Delayed 3 second(s)

2019-03-22 14:59:10 - [MESSAGE][PASSED] - Delayed 3 second(s)

2019-03-22 14:59:10 - [MESSAGE][PASSED] - Call Test Case 'Test Cases/s-sidebar_navigation/individualAccount/Login-KiboEngage' successfully

2019-03-22 14:59:10 - [TEST_STEP][PASSED] - delay(2): Delayed 2 second(s)

2019-03-22 14:59:12 - [MESSAGE][PASSED] - Delayed 2 second(s)

2019-03-22 14:59:12 - [TEST_STEP][PASSED] - click(findTestObject("Page_KiboPush  Subscribers/span_Subscribers (5)")): Object: 'Object Repository/Page_KiboPush  Subscribers/span_Subscribers (5)' is clicked on

2019-03-22 14:59:12 - [MESSAGE][PASSED] - Object: 'Object Repository/Page_KiboPush  Subscribers/span_Subscribers (5)' is clicked on

2019-03-22 14:59:12 - [TEST_STEP][PASSED] - click(findTestObject("Page_KiboPush  Subscribers/h3_Manage Subscribers (1)")): Object: 'Object Repository/Page_KiboPush  Subscribers/h3_Manage Subscribers (1)' is clicked on

2019-03-22 14:59:13 - [MESSAGE][PASSED] - Object: 'Object Repository/Page_KiboPush  Subscribers/h3_Manage Subscribers (1)' is clicked on

2019-03-22 14:59:13 - [MESSAGE][PASSED] - Call Test Case 'Test Cases/s-sidebar_navigation/individualAccount/Subscriber' successfully

2019-03-22 14:59:13 - [TEST_STEP][PASSED] - click(findTestObject("Object Repository/Page_KiboPush  Subscribers/button_Invite Subscribers")): Object: 'Object Repository/Page_KiboPush  Subscribers/button_Invite Subscribers' is clicked on

2019-03-22 14:59:13 - [MESSAGE][PASSED] - Object: 'Object Repository/Page_KiboPush  Subscribers/button_Invite Subscribers' is clicked on

2019-03-22 14:59:13 - [TEST_STEP][PASSED] - click(findTestObject("Object Repository/Page_KiboPush  Invite Subscribers/h3_Invite Subscribers")): Object: 'Object Repository/Page_KiboPush  Invite Subscribers/h3_Invite Subscribers' is clicked on

2019-03-22 14:59:13 - [MESSAGE][PASSED] - Object: 'Object Repository/Page_KiboPush  Invite Subscribers/h3_Invite Subscribers' is clicked on]]></system-out>
         <system-err><![CDATA[]]></system-err>
      </testcase>
      <testcase name="Test Cases/Invite subscribers/TC0679" classname="Test Cases/Invite subscribers/TC0679" status="PASSED">
         <system-out><![CDATA[2019-03-22 14:59:13 - [TEST_CASE][PASSED] - Test Cases/Invite subscribers/TC0679: Test Cases/Invite subscribers/TC0679

2019-03-22 14:59:13 - [TEST_STEP][PASSED] - callTestCase(findTestCase("Subscriber TestCases/TC0678"), [:], STOP_ON_FAILURE): Call Test Case 'Test Cases/Subscriber TestCases/TC0678' successfully

2019-03-22 14:59:13 - [TEST_CASE][PASSED] - Test Cases/Subscriber TestCases/TC0678: Test Cases/Subscriber TestCases/TC0678

2019-03-22 14:59:13 - [TEST_STEP][PASSED] - callTestCase(findTestCase("s-sidebar_navigation/individualAccount/Subscriber"), [:], STOP_ON_FAILURE): Call Test Case 'Test Cases/s-sidebar_navigation/individualAccount/Subscriber' successfully

2019-03-22 14:59:13 - [TEST_CASE][PASSED] - Test Cases/s-sidebar_navigation/individualAccount/Subscriber: Test Cases/s-sidebar_navigation/individualAccount/Subscriber

2019-03-22 14:59:13 - [TEST_STEP][PASSED] - callTestCase(findTestCase("s-sidebar_navigation/individualAccount/Login-KiboEngage"), [:], STOP_ON_FAILURE): Call Test Case 'Test Cases/s-sidebar_navigation/individualAccount/Login-KiboEngage' successfully

2019-03-22 14:59:13 - [TEST_CASE][PASSED] - Test Cases/s-sidebar_navigation/individualAccount/Login-KiboEngage: Test Cases/s-sidebar_navigation/individualAccount/Login-KiboEngage

2019-03-22 14:59:13 - [TEST_STEP][PASSED] - openBrowser(""): Browser is opened with url: ''

2019-03-22 14:59:13 - [MESSAGE][WARNING] - A browser is already opened. Closing browser and opening a new one

2019-03-22 14:59:13 - [MESSAGE][INFO] - Starting 'Chrome' driver

2019-03-22 14:59:13 - [MESSAGE][PASSED] - Browser is opened with url: ''

2019-03-22 14:59:13 - [TEST_STEP][PASSED] - maximizeWindow(): Current window maximized

2019-03-22 14:59:14 - [MESSAGE][PASSED] - Current window maximized

2019-03-22 14:59:14 - [TEST_STEP][PASSED] - navigateToUrl("https://kiboengage.cloudkibo.com/"): Navigate to 'https://kiboengage.cloudkibo.com/' successfully

2019-03-22 14:59:22 - [MESSAGE][PASSED] - Navigate to 'https://kiboengage.cloudkibo.com/' successfully

2019-03-22 14:59:22 - [TEST_STEP][PASSED] - navigateToUrl("https://accounts.cloudkibo.com/?continue=https://kiboengage.cloudkibo.com"): Navigate to 'https://accounts.cloudkibo.com/?continue=https://kiboengage.cloudkibo.com' successfully

2019-03-22 14:59:22 - [MESSAGE][PASSED] - Navigate to 'https://accounts.cloudkibo.com/?continue=https://kiboengage.cloudkibo.com' successfully

2019-03-22 14:59:22 - [TEST_STEP][PASSED] - click(findTestObject("Page_KiboPush/a_Login (9) (1)")): Object: 'Object Repository/Page_KiboPush/a_Login (9) (1)' is clicked on

2019-03-22 14:59:23 - [MESSAGE][PASSED] - Object: 'Object Repository/Page_KiboPush/a_Login (9) (1)' is clicked on

2019-03-22 14:59:23 - [TEST_STEP][PASSED] - setText(findTestObject("Page_KiboPush/input_email (10) (1)"), "individual@cloudkibo.com"): Text 'individual@cloudkibo.com' is set on object 'Object Repository/Page_KiboPush/input_email (10) (1)'

2019-03-22 14:59:23 - [MESSAGE][PASSED] - Text 'individual@cloudkibo.com' is set on object 'Object Repository/Page_KiboPush/input_email (10) (1)'

2019-03-22 14:59:23 - [TEST_STEP][PASSED] - setEncryptedText(findTestObject("Page_KiboPush/input_password (9) (1)"), "RigbBhfdqOBGNlJIWM1ClA=="): Text ****** has been set on object 'Object Repository/Page_KiboPush/input_password (9) (1)'

2019-03-22 14:59:23 - [MESSAGE][PASSED] - Text ****** has been set on object 'Object Repository/Page_KiboPush/input_password (9) (1)'

2019-03-22 14:59:23 - [TEST_STEP][PASSED] - click(findTestObject("Page_KiboPush/button_Sign In (10) (1)")): Object: 'Object Repository/Page_KiboPush/button_Sign In (10) (1)' is clicked on

2019-03-22 14:59:23 - [MESSAGE][PASSED] - Object: 'Object Repository/Page_KiboPush/button_Sign In (10) (1)' is clicked on

2019-03-22 14:59:23 - [TEST_STEP][PASSED] - navigateToUrl("https://kiboengage.cloudkibo.com/dashboard"): Navigate to 'https://kiboengage.cloudkibo.com/dashboard' successfully

2019-03-22 14:59:38 - [MESSAGE][PASSED] - Navigate to 'https://kiboengage.cloudkibo.com/dashboard' successfully

2019-03-22 14:59:38 - [TEST_STEP][PASSED] - click(findTestObject("Object Repository/Page_KiboPush  Dashboard/h3_Dashboard (57)")): Object: 'Object Repository/Page_KiboPush  Dashboard/h3_Dashboard (57)' is clicked on

2019-03-22 14:59:38 - [MESSAGE][PASSED] - Object: 'Object Repository/Page_KiboPush  Dashboard/h3_Dashboard (57)' is clicked on

2019-03-22 14:59:38 - [TEST_STEP][PASSED] - delay(3): Delayed 3 second(s)

2019-03-22 14:59:41 - [MESSAGE][PASSED] - Delayed 3 second(s)

2019-03-22 14:59:41 - [MESSAGE][PASSED] - Call Test Case 'Test Cases/s-sidebar_navigation/individualAccount/Login-KiboEngage' successfully

2019-03-22 14:59:41 - [TEST_STEP][PASSED] - delay(2): Delayed 2 second(s)

2019-03-22 14:59:43 - [MESSAGE][PASSED] - Delayed 2 second(s)

2019-03-22 14:59:43 - [TEST_STEP][PASSED] - click(findTestObject("Page_KiboPush  Subscribers/span_Subscribers (5)")): Object: 'Object Repository/Page_KiboPush  Subscribers/span_Subscribers (5)' is clicked on

2019-03-22 14:59:43 - [MESSAGE][PASSED] - Object: 'Object Repository/Page_KiboPush  Subscribers/span_Subscribers (5)' is clicked on

2019-03-22 14:59:43 - [TEST_STEP][PASSED] - click(findTestObject("Page_KiboPush  Subscribers/h3_Manage Subscribers (1)")): Object: 'Object Repository/Page_KiboPush  Subscribers/h3_Manage Subscribers (1)' is clicked on

2019-03-22 14:59:43 - [MESSAGE][PASSED] - Object: 'Object Repository/Page_KiboPush  Subscribers/h3_Manage Subscribers (1)' is clicked on

2019-03-22 14:59:43 - [MESSAGE][PASSED] - Call Test Case 'Test Cases/s-sidebar_navigation/individualAccount/Subscriber' successfully

2019-03-22 14:59:43 - [TEST_STEP][PASSED] - click(findTestObject("Object Repository/Page_KiboPush  Subscribers/button_Invite Subscribers")): Object: 'Object Repository/Page_KiboPush  Subscribers/button_Invite Subscribers' is clicked on

2019-03-22 14:59:44 - [MESSAGE][PASSED] - Object: 'Object Repository/Page_KiboPush  Subscribers/button_Invite Subscribers' is clicked on

2019-03-22 14:59:44 - [TEST_STEP][PASSED] - click(findTestObject("Object Repository/Page_KiboPush  Invite Subscribers/h3_Invite Subscribers")): Object: 'Object Repository/Page_KiboPush  Invite Subscribers/h3_Invite Subscribers' is clicked on

2019-03-22 14:59:44 - [MESSAGE][PASSED] - Object: 'Object Repository/Page_KiboPush  Invite Subscribers/h3_Invite Subscribers' is clicked on

2019-03-22 14:59:44 - [MESSAGE][PASSED] - Call Test Case 'Test Cases/Subscriber TestCases/TC0678' successfully

2019-03-22 14:59:44 - [TEST_STEP][PASSED] - click(findTestObject("Page_KiboPush  Invite Subscribers/a_Click Here")): Object: 'Object Repository/Page_KiboPush  Invite Subscribers/a_Click Here' is clicked on

2019-03-22 14:59:44 - [MESSAGE][PASSED] - Object: 'Object Repository/Page_KiboPush  Invite Subscribers/a_Click Here' is clicked on]]></system-out>
         <system-err><![CDATA[]]></system-err>
      </testcase>
      <testcase name="Test Cases/Invite subscribers/TC0680" classname="Test Cases/Invite subscribers/TC0680" status="PASSED">
         <system-out><![CDATA[2019-03-22 14:59:44 - [TEST_CASE][PASSED] - Test Cases/Invite subscribers/TC0680: Test Cases/Invite subscribers/TC0680

2019-03-22 14:59:44 - [TEST_STEP][PASSED] - callTestCase(findTestCase("Subscriber TestCases/TC0678"), [:], STOP_ON_FAILURE): Call Test Case 'Test Cases/Subscriber TestCases/TC0678' successfully

2019-03-22 14:59:44 - [TEST_CASE][PASSED] - Test Cases/Subscriber TestCases/TC0678: Test Cases/Subscriber TestCases/TC0678

2019-03-22 14:59:44 - [TEST_STEP][PASSED] - callTestCase(findTestCase("s-sidebar_navigation/individualAccount/Subscriber"), [:], STOP_ON_FAILURE): Call Test Case 'Test Cases/s-sidebar_navigation/individualAccount/Subscriber' successfully

2019-03-22 14:59:44 - [TEST_CASE][PASSED] - Test Cases/s-sidebar_navigation/individualAccount/Subscriber: Test Cases/s-sidebar_navigation/individualAccount/Subscriber

2019-03-22 14:59:44 - [TEST_STEP][PASSED] - callTestCase(findTestCase("s-sidebar_navigation/individualAccount/Login-KiboEngage"), [:], STOP_ON_FAILURE): Call Test Case 'Test Cases/s-sidebar_navigation/individualAccount/Login-KiboEngage' successfully

2019-03-22 14:59:44 - [TEST_CASE][PASSED] - Test Cases/s-sidebar_navigation/individualAccount/Login-KiboEngage: Test Cases/s-sidebar_navigation/individualAccount/Login-KiboEngage

2019-03-22 14:59:44 - [TEST_STEP][PASSED] - openBrowser(""): Browser is opened with url: ''

2019-03-22 14:59:44 - [MESSAGE][WARNING] - A browser is already opened. Closing browser and opening a new one

2019-03-22 14:59:44 - [MESSAGE][INFO] - Starting 'Chrome' driver

2019-03-22 14:59:44 - [MESSAGE][PASSED] - Browser is opened with url: ''

2019-03-22 14:59:44 - [TEST_STEP][PASSED] - maximizeWindow(): Current window maximized

2019-03-22 14:59:45 - [MESSAGE][PASSED] - Current window maximized

2019-03-22 14:59:45 - [TEST_STEP][PASSED] - navigateToUrl("https://kiboengage.cloudkibo.com/"): Navigate to 'https://kiboengage.cloudkibo.com/' successfully

2019-03-22 14:59:56 - [MESSAGE][PASSED] - Navigate to 'https://kiboengage.cloudkibo.com/' successfully

2019-03-22 14:59:56 - [TEST_STEP][PASSED] - navigateToUrl("https://accounts.cloudkibo.com/?continue=https://kiboengage.cloudkibo.com"): Navigate to 'https://accounts.cloudkibo.com/?continue=https://kiboengage.cloudkibo.com' successfully

2019-03-22 14:59:57 - [MESSAGE][PASSED] - Navigate to 'https://accounts.cloudkibo.com/?continue=https://kiboengage.cloudkibo.com' successfully

2019-03-22 14:59:57 - [TEST_STEP][PASSED] - click(findTestObject("Page_KiboPush/a_Login (9) (1)")): Object: 'Object Repository/Page_KiboPush/a_Login (9) (1)' is clicked on

2019-03-22 14:59:57 - [MESSAGE][PASSED] - Object: 'Object Repository/Page_KiboPush/a_Login (9) (1)' is clicked on

2019-03-22 14:59:57 - [TEST_STEP][PASSED] - setText(findTestObject("Page_KiboPush/input_email (10) (1)"), "individual@cloudkibo.com"): Text 'individual@cloudkibo.com' is set on object 'Object Repository/Page_KiboPush/input_email (10) (1)'

2019-03-22 14:59:58 - [MESSAGE][PASSED] - Text 'individual@cloudkibo.com' is set on object 'Object Repository/Page_KiboPush/input_email (10) (1)'

2019-03-22 14:59:58 - [TEST_STEP][PASSED] - setEncryptedText(findTestObject("Page_KiboPush/input_password (9) (1)"), "RigbBhfdqOBGNlJIWM1ClA=="): Text ****** has been set on object 'Object Repository/Page_KiboPush/input_password (9) (1)'

2019-03-22 14:59:58 - [MESSAGE][PASSED] - Text ****** has been set on object 'Object Repository/Page_KiboPush/input_password (9) (1)'

2019-03-22 14:59:58 - [TEST_STEP][PASSED] - click(findTestObject("Page_KiboPush/button_Sign In (10) (1)")): Object: 'Object Repository/Page_KiboPush/button_Sign In (10) (1)' is clicked on

2019-03-22 14:59:58 - [MESSAGE][PASSED] - Object: 'Object Repository/Page_KiboPush/button_Sign In (10) (1)' is clicked on

2019-03-22 14:59:58 - [TEST_STEP][PASSED] - navigateToUrl("https://kiboengage.cloudkibo.com/dashboard"): Navigate to 'https://kiboengage.cloudkibo.com/dashboard' successfully

2019-03-22 15:00:16 - [MESSAGE][PASSED] - Navigate to 'https://kiboengage.cloudkibo.com/dashboard' successfully

2019-03-22 15:00:16 - [TEST_STEP][PASSED] - click(findTestObject("Object Repository/Page_KiboPush  Dashboard/h3_Dashboard (57)")): Object: 'Object Repository/Page_KiboPush  Dashboard/h3_Dashboard (57)' is clicked on

2019-03-22 15:00:17 - [MESSAGE][PASSED] - Object: 'Object Repository/Page_KiboPush  Dashboard/h3_Dashboard (57)' is clicked on

2019-03-22 15:00:17 - [TEST_STEP][PASSED] - delay(3): Delayed 3 second(s)

2019-03-22 15:00:20 - [MESSAGE][PASSED] - Delayed 3 second(s)

2019-03-22 15:00:20 - [MESSAGE][PASSED] - Call Test Case 'Test Cases/s-sidebar_navigation/individualAccount/Login-KiboEngage' successfully

2019-03-22 15:00:20 - [TEST_STEP][PASSED] - delay(2): Delayed 2 second(s)

2019-03-22 15:00:22 - [MESSAGE][PASSED] - Delayed 2 second(s)

2019-03-22 15:00:22 - [TEST_STEP][PASSED] - click(findTestObject("Page_KiboPush  Subscribers/span_Subscribers (5)")): Object: 'Object Repository/Page_KiboPush  Subscribers/span_Subscribers (5)' is clicked on

2019-03-22 15:00:22 - [MESSAGE][PASSED] - Object: 'Object Repository/Page_KiboPush  Subscribers/span_Subscribers (5)' is clicked on

2019-03-22 15:00:22 - [TEST_STEP][PASSED] - click(findTestObject("Page_KiboPush  Subscribers/h3_Manage Subscribers (1)")): Object: 'Object Repository/Page_KiboPush  Subscribers/h3_Manage Subscribers (1)' is clicked on

2019-03-22 15:00:22 - [MESSAGE][PASSED] - Object: 'Object Repository/Page_KiboPush  Subscribers/h3_Manage Subscribers (1)' is clicked on

2019-03-22 15:00:22 - [MESSAGE][PASSED] - Call Test Case 'Test Cases/s-sidebar_navigation/individualAccount/Subscriber' successfully

2019-03-22 15:00:22 - [TEST_STEP][PASSED] - click(findTestObject("Object Repository/Page_KiboPush  Subscribers/button_Invite Subscribers")): Object: 'Object Repository/Page_KiboPush  Subscribers/button_Invite Subscribers' is clicked on

2019-03-22 15:00:22 - [MESSAGE][PASSED] - Object: 'Object Repository/Page_KiboPush  Subscribers/button_Invite Subscribers' is clicked on

2019-03-22 15:00:22 - [TEST_STEP][PASSED] - click(findTestObject("Object Repository/Page_KiboPush  Invite Subscribers/h3_Invite Subscribers")): Object: 'Object Repository/Page_KiboPush  Invite Subscribers/h3_Invite Subscribers' is clicked on

2019-03-22 15:00:22 - [MESSAGE][PASSED] - Object: 'Object Repository/Page_KiboPush  Invite Subscribers/h3_Invite Subscribers' is clicked on

2019-03-22 15:00:22 - [MESSAGE][PASSED] - Call Test Case 'Test Cases/Subscriber TestCases/TC0678' successfully

2019-03-22 15:00:22 - [TEST_STEP][PASSED] - click(findTestObject("Object Repository/Page_KiboPush  Invite Subscribers/a_video tutorial")): Object: 'Object Repository/Page_KiboPush  Invite Subscribers/a_video tutorial' is clicked on

2019-03-22 15:00:22 - [MESSAGE][PASSED] - Object: 'Object Repository/Page_KiboPush  Invite Subscribers/a_video tutorial' is clicked on]]></system-out>
         <system-err><![CDATA[]]></system-err>
      </testcase>
      <testcase name="Test Cases/Invite subscribers/TC0681" classname="Test Cases/Invite subscribers/TC0681" status="PASSED">
         <system-out><![CDATA[2019-03-22 15:00:22 - [TEST_CASE][PASSED] - Test Cases/Invite subscribers/TC0681: Test Cases/Invite subscribers/TC0681

2019-03-22 15:00:22 - [TEST_STEP][PASSED] - callTestCase(findTestCase("Subscriber TestCases/TC0678"), [:], STOP_ON_FAILURE): Call Test Case 'Test Cases/Subscriber TestCases/TC0678' successfully

2019-03-22 15:00:22 - [TEST_CASE][PASSED] - Test Cases/Subscriber TestCases/TC0678: Test Cases/Subscriber TestCases/TC0678

2019-03-22 15:00:22 - [TEST_STEP][PASSED] - callTestCase(findTestCase("s-sidebar_navigation/individualAccount/Subscriber"), [:], STOP_ON_FAILURE): Call Test Case 'Test Cases/s-sidebar_navigation/individualAccount/Subscriber' successfully

2019-03-22 15:00:22 - [TEST_CASE][PASSED] - Test Cases/s-sidebar_navigation/individualAccount/Subscriber: Test Cases/s-sidebar_navigation/individualAccount/Subscriber

2019-03-22 15:00:22 - [TEST_STEP][PASSED] - callTestCase(findTestCase("s-sidebar_navigation/individualAccount/Login-KiboEngage"), [:], STOP_ON_FAILURE): Call Test Case 'Test Cases/s-sidebar_navigation/individualAccount/Login-KiboEngage' successfully

2019-03-22 15:00:22 - [TEST_CASE][PASSED] - Test Cases/s-sidebar_navigation/individualAccount/Login-KiboEngage: Test Cases/s-sidebar_navigation/individualAccount/Login-KiboEngage

2019-03-22 15:00:22 - [TEST_STEP][PASSED] - openBrowser(""): Browser is opened with url: ''

2019-03-22 15:00:22 - [MESSAGE][WARNING] - A browser is already opened. Closing browser and opening a new one

2019-03-22 15:00:22 - [MESSAGE][INFO] - Starting 'Chrome' driver

2019-03-22 15:00:23 - [MESSAGE][PASSED] - Browser is opened with url: ''

2019-03-22 15:00:23 - [TEST_STEP][PASSED] - maximizeWindow(): Current window maximized

2019-03-22 15:00:23 - [MESSAGE][PASSED] - Current window maximized

2019-03-22 15:00:23 - [TEST_STEP][PASSED] - navigateToUrl("https://kiboengage.cloudkibo.com/"): Navigate to 'https://kiboengage.cloudkibo.com/' successfully

2019-03-22 15:00:33 - [MESSAGE][PASSED] - Navigate to 'https://kiboengage.cloudkibo.com/' successfully

2019-03-22 15:00:33 - [TEST_STEP][PASSED] - navigateToUrl("https://accounts.cloudkibo.com/?continue=https://kiboengage.cloudkibo.com"): Navigate to 'https://accounts.cloudkibo.com/?continue=https://kiboengage.cloudkibo.com' successfully

2019-03-22 15:00:33 - [MESSAGE][PASSED] - Navigate to 'https://accounts.cloudkibo.com/?continue=https://kiboengage.cloudkibo.com' successfully

2019-03-22 15:00:33 - [TEST_STEP][PASSED] - click(findTestObject("Page_KiboPush/a_Login (9) (1)")): Object: 'Object Repository/Page_KiboPush/a_Login (9) (1)' is clicked on

2019-03-22 15:00:34 - [MESSAGE][PASSED] - Object: 'Object Repository/Page_KiboPush/a_Login (9) (1)' is clicked on

2019-03-22 15:00:34 - [TEST_STEP][PASSED] - setText(findTestObject("Page_KiboPush/input_email (10) (1)"), "individual@cloudkibo.com"): Text 'individual@cloudkibo.com' is set on object 'Object Repository/Page_KiboPush/input_email (10) (1)'

2019-03-22 15:00:34 - [MESSAGE][PASSED] - Text 'individual@cloudkibo.com' is set on object 'Object Repository/Page_KiboPush/input_email (10) (1)'

2019-03-22 15:00:34 - [TEST_STEP][PASSED] - setEncryptedText(findTestObject("Page_KiboPush/input_password (9) (1)"), "RigbBhfdqOBGNlJIWM1ClA=="): Text ****** has been set on object 'Object Repository/Page_KiboPush/input_password (9) (1)'

2019-03-22 15:00:34 - [MESSAGE][PASSED] - Text ****** has been set on object 'Object Repository/Page_KiboPush/input_password (9) (1)'

2019-03-22 15:00:34 - [TEST_STEP][PASSED] - click(findTestObject("Page_KiboPush/button_Sign In (10) (1)")): Object: 'Object Repository/Page_KiboPush/button_Sign In (10) (1)' is clicked on

2019-03-22 15:00:34 - [MESSAGE][PASSED] - Object: 'Object Repository/Page_KiboPush/button_Sign In (10) (1)' is clicked on

2019-03-22 15:00:34 - [TEST_STEP][PASSED] - navigateToUrl("https://kiboengage.cloudkibo.com/dashboard"): Navigate to 'https://kiboengage.cloudkibo.com/dashboard' successfully

2019-03-22 15:00:51 - [MESSAGE][PASSED] - Navigate to 'https://kiboengage.cloudkibo.com/dashboard' successfully

2019-03-22 15:00:51 - [TEST_STEP][PASSED] - click(findTestObject("Object Repository/Page_KiboPush  Dashboard/h3_Dashboard (57)")): Object: 'Object Repository/Page_KiboPush  Dashboard/h3_Dashboard (57)' is clicked on

2019-03-22 15:00:51 - [MESSAGE][PASSED] - Object: 'Object Repository/Page_KiboPush  Dashboard/h3_Dashboard (57)' is clicked on

2019-03-22 15:00:51 - [TEST_STEP][PASSED] - delay(3): Delayed 3 second(s)

2019-03-22 15:00:54 - [MESSAGE][PASSED] - Delayed 3 second(s)

2019-03-22 15:00:54 - [MESSAGE][PASSED] - Call Test Case 'Test Cases/s-sidebar_navigation/individualAccount/Login-KiboEngage' successfully

2019-03-22 15:00:54 - [TEST_STEP][PASSED] - delay(2): Delayed 2 second(s)

2019-03-22 15:00:56 - [MESSAGE][PASSED] - Delayed 2 second(s)

2019-03-22 15:00:56 - [TEST_STEP][PASSED] - click(findTestObject("Page_KiboPush  Subscribers/span_Subscribers (5)")): Object: 'Object Repository/Page_KiboPush  Subscribers/span_Subscribers (5)' is clicked on

2019-03-22 15:00:56 - [MESSAGE][PASSED] - Object: 'Object Repository/Page_KiboPush  Subscribers/span_Subscribers (5)' is clicked on

2019-03-22 15:00:56 - [TEST_STEP][PASSED] - click(findTestObject("Page_KiboPush  Subscribers/h3_Manage Subscribers (1)")): Object: 'Object Repository/Page_KiboPush  Subscribers/h3_Manage Subscribers (1)' is clicked on

2019-03-22 15:00:56 - [MESSAGE][PASSED] - Object: 'Object Repository/Page_KiboPush  Subscribers/h3_Manage Subscribers (1)' is clicked on

2019-03-22 15:00:56 - [MESSAGE][PASSED] - Call Test Case 'Test Cases/s-sidebar_navigation/individualAccount/Subscriber' successfully

2019-03-22 15:00:56 - [TEST_STEP][PASSED] - click(findTestObject("Object Repository/Page_KiboPush  Subscribers/button_Invite Subscribers")): Object: 'Object Repository/Page_KiboPush  Subscribers/button_Invite Subscribers' is clicked on

2019-03-22 15:00:56 - [MESSAGE][PASSED] - Object: 'Object Repository/Page_KiboPush  Subscribers/button_Invite Subscribers' is clicked on

2019-03-22 15:00:56 - [TEST_STEP][PASSED] - click(findTestObject("Object Repository/Page_KiboPush  Invite Subscribers/h3_Invite Subscribers")): Object: 'Object Repository/Page_KiboPush  Invite Subscribers/h3_Invite Subscribers' is clicked on

2019-03-22 15:00:56 - [MESSAGE][PASSED] - Object: 'Object Repository/Page_KiboPush  Invite Subscribers/h3_Invite Subscribers' is clicked on

2019-03-22 15:00:56 - [MESSAGE][PASSED] - Call Test Case 'Test Cases/Subscriber TestCases/TC0678' successfully

2019-03-22 15:00:56 - [TEST_STEP][PASSED] - click(findTestObject("Page_KiboPush  Invite Subscribers/h3_Invite Subscribers")): Object: 'Object Repository/Page_KiboPush  Invite Subscribers/h3_Invite Subscribers' is clicked on

2019-03-22 15:00:56 - [MESSAGE][PASSED] - Object: 'Object Repository/Page_KiboPush  Invite Subscribers/h3_Invite Subscribers' is clicked on

2019-03-22 15:00:56 - [TEST_STEP][PASSED] - click(findTestObject("Page_KiboPush  Invite Subscribers/span_Share Page")): Object: 'Object Repository/Page_KiboPush  Invite Subscribers/span_Share Page' is clicked on

2019-03-22 15:00:56 - [MESSAGE][PASSED] - Object: 'Object Repository/Page_KiboPush  Invite Subscribers/span_Share Page' is clicked on]]></system-out>
         <system-err><![CDATA[]]></system-err>
      </testcase>
      <testcase name="Test Cases/Invite subscribers/TC0682" classname="Test Cases/Invite subscribers/TC0682" status="PASSED">
         <system-out><![CDATA[2019-03-22 15:00:56 - [TEST_CASE][PASSED] - Test Cases/Invite subscribers/TC0682: Test Cases/Invite subscribers/TC0682

2019-03-22 15:00:56 - [TEST_STEP][PASSED] - callTestCase(findTestCase("Subscriber TestCases/TC0678"), [:], STOP_ON_FAILURE): Call Test Case 'Test Cases/Subscriber TestCases/TC0678' successfully

2019-03-22 15:00:56 - [TEST_CASE][PASSED] - Test Cases/Subscriber TestCases/TC0678: Test Cases/Subscriber TestCases/TC0678

2019-03-22 15:00:57 - [TEST_STEP][PASSED] - callTestCase(findTestCase("s-sidebar_navigation/individualAccount/Subscriber"), [:], STOP_ON_FAILURE): Call Test Case 'Test Cases/s-sidebar_navigation/individualAccount/Subscriber' successfully

2019-03-22 15:00:57 - [TEST_CASE][PASSED] - Test Cases/s-sidebar_navigation/individualAccount/Subscriber: Test Cases/s-sidebar_navigation/individualAccount/Subscriber

2019-03-22 15:00:57 - [TEST_STEP][PASSED] - callTestCase(findTestCase("s-sidebar_navigation/individualAccount/Login-KiboEngage"), [:], STOP_ON_FAILURE): Call Test Case 'Test Cases/s-sidebar_navigation/individualAccount/Login-KiboEngage' successfully

2019-03-22 15:00:57 - [TEST_CASE][PASSED] - Test Cases/s-sidebar_navigation/individualAccount/Login-KiboEngage: Test Cases/s-sidebar_navigation/individualAccount/Login-KiboEngage

2019-03-22 15:00:57 - [TEST_STEP][PASSED] - openBrowser(""): Browser is opened with url: ''

2019-03-22 15:00:57 - [MESSAGE][WARNING] - A browser is already opened. Closing browser and opening a new one

2019-03-22 15:00:57 - [MESSAGE][INFO] - Starting 'Chrome' driver

2019-03-22 15:00:57 - [MESSAGE][PASSED] - Browser is opened with url: ''

2019-03-22 15:00:57 - [TEST_STEP][PASSED] - maximizeWindow(): Current window maximized

2019-03-22 15:00:57 - [MESSAGE][PASSED] - Current window maximized

2019-03-22 15:00:57 - [TEST_STEP][PASSED] - navigateToUrl("https://kiboengage.cloudkibo.com/"): Navigate to 'https://kiboengage.cloudkibo.com/' successfully

2019-03-22 15:01:05 - [MESSAGE][PASSED] - Navigate to 'https://kiboengage.cloudkibo.com/' successfully

2019-03-22 15:01:05 - [TEST_STEP][PASSED] - navigateToUrl("https://accounts.cloudkibo.com/?continue=https://kiboengage.cloudkibo.com"): Navigate to 'https://accounts.cloudkibo.com/?continue=https://kiboengage.cloudkibo.com' successfully

2019-03-22 15:01:06 - [MESSAGE][PASSED] - Navigate to 'https://accounts.cloudkibo.com/?continue=https://kiboengage.cloudkibo.com' successfully

2019-03-22 15:01:06 - [TEST_STEP][PASSED] - click(findTestObject("Page_KiboPush/a_Login (9) (1)")): Object: 'Object Repository/Page_KiboPush/a_Login (9) (1)' is clicked on

2019-03-22 15:01:07 - [MESSAGE][PASSED] - Object: 'Object Repository/Page_KiboPush/a_Login (9) (1)' is clicked on

2019-03-22 15:01:07 - [TEST_STEP][PASSED] - setText(findTestObject("Page_KiboPush/input_email (10) (1)"), "individual@cloudkibo.com"): Text 'individual@cloudkibo.com' is set on object 'Object Repository/Page_KiboPush/input_email (10) (1)'

2019-03-22 15:01:07 - [MESSAGE][PASSED] - Text 'individual@cloudkibo.com' is set on object 'Object Repository/Page_KiboPush/input_email (10) (1)'

2019-03-22 15:01:07 - [TEST_STEP][PASSED] - setEncryptedText(findTestObject("Page_KiboPush/input_password (9) (1)"), "RigbBhfdqOBGNlJIWM1ClA=="): Text ****** has been set on object 'Object Repository/Page_KiboPush/input_password (9) (1)'

2019-03-22 15:01:07 - [MESSAGE][PASSED] - Text ****** has been set on object 'Object Repository/Page_KiboPush/input_password (9) (1)'

2019-03-22 15:01:07 - [TEST_STEP][PASSED] - click(findTestObject("Page_KiboPush/button_Sign In (10) (1)")): Object: 'Object Repository/Page_KiboPush/button_Sign In (10) (1)' is clicked on

2019-03-22 15:01:07 - [MESSAGE][PASSED] - Object: 'Object Repository/Page_KiboPush/button_Sign In (10) (1)' is clicked on

2019-03-22 15:01:07 - [TEST_STEP][PASSED] - navigateToUrl("https://kiboengage.cloudkibo.com/dashboard"): Navigate to 'https://kiboengage.cloudkibo.com/dashboard' successfully

2019-03-22 15:01:21 - [MESSAGE][PASSED] - Navigate to 'https://kiboengage.cloudkibo.com/dashboard' successfully

2019-03-22 15:01:21 - [TEST_STEP][PASSED] - click(findTestObject("Object Repository/Page_KiboPush  Dashboard/h3_Dashboard (57)")): Object: 'Object Repository/Page_KiboPush  Dashboard/h3_Dashboard (57)' is clicked on

2019-03-22 15:01:22 - [MESSAGE][PASSED] - Object: 'Object Repository/Page_KiboPush  Dashboard/h3_Dashboard (57)' is clicked on

2019-03-22 15:01:22 - [TEST_STEP][PASSED] - delay(3): Delayed 3 second(s)

2019-03-22 15:01:25 - [MESSAGE][PASSED] - Delayed 3 second(s)

2019-03-22 15:01:25 - [MESSAGE][PASSED] - Call Test Case 'Test Cases/s-sidebar_navigation/individualAccount/Login-KiboEngage' successfully

2019-03-22 15:01:25 - [TEST_STEP][PASSED] - delay(2): Delayed 2 second(s)

2019-03-22 15:01:27 - [MESSAGE][PASSED] - Delayed 2 second(s)

2019-03-22 15:01:27 - [TEST_STEP][PASSED] - click(findTestObject("Page_KiboPush  Subscribers/span_Subscribers (5)")): Object: 'Object Repository/Page_KiboPush  Subscribers/span_Subscribers (5)' is clicked on

2019-03-22 15:01:27 - [MESSAGE][PASSED] - Object: 'Object Repository/Page_KiboPush  Subscribers/span_Subscribers (5)' is clicked on

2019-03-22 15:01:27 - [TEST_STEP][PASSED] - click(findTestObject("Page_KiboPush  Subscribers/h3_Manage Subscribers (1)")): Object: 'Object Repository/Page_KiboPush  Subscribers/h3_Manage Subscribers (1)' is clicked on

2019-03-22 15:01:27 - [MESSAGE][PASSED] - Object: 'Object Repository/Page_KiboPush  Subscribers/h3_Manage Subscribers (1)' is clicked on

2019-03-22 15:01:27 - [MESSAGE][PASSED] - Call Test Case 'Test Cases/s-sidebar_navigation/individualAccount/Subscriber' successfully

2019-03-22 15:01:27 - [TEST_STEP][PASSED] - click(findTestObject("Object Repository/Page_KiboPush  Subscribers/button_Invite Subscribers")): Object: 'Object Repository/Page_KiboPush  Subscribers/button_Invite Subscribers' is clicked on

2019-03-22 15:01:27 - [MESSAGE][PASSED] - Object: 'Object Repository/Page_KiboPush  Subscribers/button_Invite Subscribers' is clicked on

2019-03-22 15:01:27 - [TEST_STEP][PASSED] - click(findTestObject("Object Repository/Page_KiboPush  Invite Subscribers/h3_Invite Subscribers")): Object: 'Object Repository/Page_KiboPush  Invite Subscribers/h3_Invite Subscribers' is clicked on

2019-03-22 15:01:27 - [MESSAGE][PASSED] - Object: 'Object Repository/Page_KiboPush  Invite Subscribers/h3_Invite Subscribers' is clicked on

2019-03-22 15:01:27 - [MESSAGE][PASSED] - Call Test Case 'Test Cases/Subscriber TestCases/TC0678' successfully

2019-03-22 15:01:27 - [TEST_STEP][PASSED] - click(findTestObject("Object Repository/Page_KiboPush  Invite Subscribers/h3_Invite Subscribers (2)")): Object: 'Object Repository/Page_KiboPush  Invite Subscribers/h3_Invite Subscribers (2)' is clicked on

2019-03-22 15:01:27 - [MESSAGE][PASSED] - Object: 'Object Repository/Page_KiboPush  Invite Subscribers/h3_Invite Subscribers (2)' is clicked on

2019-03-22 15:01:27 - [TEST_STEP][PASSED] - click(findTestObject("Object Repository/Page_KiboPush  Invite Subscribers/button_Copy Link (1)")): Object: 'Object Repository/Page_KiboPush  Invite Subscribers/button_Copy Link (1)' is clicked on

2019-03-22 15:01:27 - [MESSAGE][PASSED] - Object: 'Object Repository/Page_KiboPush  Invite Subscribers/button_Copy Link (1)' is clicked on

2019-03-22 15:01:27 - [TEST_STEP][PASSED] - click(findTestObject("Object Repository/Page_KiboPush  Invite Subscribers/div_Link Copied Successfully")): Object: 'Object Repository/Page_KiboPush  Invite Subscribers/div_Link Copied Successfully' is clicked on

2019-03-22 15:01:27 - [MESSAGE][PASSED] - Object: 'Object Repository/Page_KiboPush  Invite Subscribers/div_Link Copied Successfully' is clicked on]]></system-out>
         <system-err><![CDATA[]]></system-err>
      </testcase>
      <system-out><![CDATA[2019-03-22 14:58:34 - [TEST_SUITE][PASSED] - InviteSubscribers: Test Cases/Invite subscribers/TC0682]]></system-out>
      <system-err><![CDATA[]]></system-err>
   </testsuite>
</testsuites>
