<?xml version="1.0" encoding="UTF-8"?>
<testsuites name="Messenger Ads" time="98" tests="19" failures="0" errors="0">
   <testsuite name="Messenger Ads" tests="19" failures="0" errors="0" time="98" timestamp="2019-04-21 07:00:08" hostname="faizan - faizan-HP-EliteBook-850-G2" id="Test Suites/Faizan Suits/Messenger Ads">
      <properties>
         <property name="deviceName" value=""/>
         <property name="devicePlatform" value=""/>
         <property name="logFolder" value="/home/faizan/Drive/KiboPush_Automated_Testing/KiboPush Katalon/Reports/Faizan Suits/Messenger Ads/20190421_065841"/>
         <property name="logFiles" value="/home/faizan/Drive/KiboPush_Automated_Testing/KiboPush Katalon/Reports/Faizan Suits/Messenger Ads/20190421_065841/execution0.log"/>
         <property name="attachments" value=""/>
         <property name="hostName" value="faizan - faizan-HP-EliteBook-850-G2"/>
         <property name="os" value="Linux 64bit"/>
         <property name="katalonVersion" value="6.1.2.2"/>
         <property name="browser" value="Chrome 73.0.3683.103"/>
         <property name="hostAddress" value="127.0.1.1"/>
         <property name="sessionId" value="6c68f2b79dd88b6f8271e0502b9ac9f6"/>
         <property name="seleniumVersion" value="3.7.1"/>
         <property name="proxyInformation" value="ProxyInformation{proxyOption=NO_PROXY, proxyServerType=HTTP, password=, proxyServerAddress=, proxyServerPort=0}"/>
         <property name="platform" value="Linux"/>
      </properties>
      <testcase name="Test Cases/s-sidebar_navigation/individualAccount/Faizan_production_login_kiboengage" classname="Test Cases/s-sidebar_navigation/individualAccount/Faizan_production_login_kiboengage" status="PASSED">
         <system-out><![CDATA[2019-04-21 07:00:09 - [TEST_CASE][PASSED] - Test Cases/s-sidebar_navigation/individualAccount/Faizan_production_login_kiboengage: Test Cases/s-sidebar_navigation/individualAccount/Faizan_production_login_kiboengage

2019-04-21 07:00:09 - [TEST_STEP][PASSED] - openBrowser(""): Browser is opened with url: ''

2019-04-21 07:00:10 - [MESSAGE][INFO] - Starting 'Chrome' driver

2019-04-21 07:00:10 - [MESSAGE][INFO] - User set preference: ['args', '[--no-sandbox]']

2019-04-21 07:00:10 - [MESSAGE][INFO] - Action delay is set to 0 seconds

2019-04-21 07:00:11 - [MESSAGE][PASSED] - Browser is opened with url: ''

2019-04-21 07:00:11 - [TEST_STEP][PASSED] - maximizeWindow(): Current window maximized

2019-04-21 07:00:12 - [MESSAGE][PASSED] - Current window maximized

2019-04-21 07:00:12 - [TEST_STEP][PASSED] - navigateToUrl("https://kiboengage.cloudkibo.com/"): Navigate to 'https://kiboengage.cloudkibo.com/' successfully

2019-04-21 07:00:24 - [MESSAGE][PASSED] - Navigate to 'https://kiboengage.cloudkibo.com/' successfully

2019-04-21 07:00:24 - [TEST_STEP][PASSED] - navigateToUrl("https://accounts.cloudkibo.com/?continue=https://kiboengage.cloudkibo.com"): Navigate to 'https://accounts.cloudkibo.com/?continue=https://kiboengage.cloudkibo.com' successfully

2019-04-21 07:00:24 - [MESSAGE][PASSED] - Navigate to 'https://accounts.cloudkibo.com/?continue=https://kiboengage.cloudkibo.com' successfully

2019-04-21 07:00:24 - [TEST_STEP][PASSED] - click(findTestObject("Page_CloudKibo/a_Login (2) (1) (1)")): Object: 'Object Repository/Page_CloudKibo/a_Login (2) (1) (1)' is clicked on

2019-04-21 07:00:25 - [MESSAGE][PASSED] - Object: 'Object Repository/Page_CloudKibo/a_Login (2) (1) (1)' is clicked on

2019-04-21 07:00:25 - [TEST_STEP][PASSED] - setText(findTestObject("Page_KiboPush/input_email (10) (1) (1)"), "faizan@cloudkibo.com"): Text 'faizan@cloudkibo.com' is set on object 'Object Repository/Page_KiboPush/input_email (10) (1) (1)'

2019-04-21 07:00:26 - [MESSAGE][PASSED] - Text 'faizan@cloudkibo.com' is set on object 'Object Repository/Page_KiboPush/input_email (10) (1) (1)'

2019-04-21 07:00:26 - [TEST_STEP][PASSED] - setEncryptedText(findTestObject("Page_CloudKibo/input_Sign In_password (7)"), "qeJ0sjJnwEs="): Text ****** has been set on object 'Object Repository/Page_CloudKibo/input_Sign In_password (7)'

2019-04-21 07:00:26 - [MESSAGE][PASSED] - Text ****** has been set on object 'Object Repository/Page_CloudKibo/input_Sign In_password (7)'

2019-04-21 07:00:26 - [TEST_STEP][PASSED] - click(findTestObject("Page_KiboPush/button_Sign In (10) (1) (2)")): Object: 'Object Repository/Page_KiboPush/button_Sign In (10) (1) (2)' is clicked on

2019-04-21 07:00:26 - [MESSAGE][PASSED] - Object: 'Object Repository/Page_KiboPush/button_Sign In (10) (1) (2)' is clicked on

2019-04-21 07:00:26 - [TEST_STEP][PASSED] - navigateToUrl("https://kiboengage.cloudkibo.com/dashboard"): Navigate to 'https://kiboengage.cloudkibo.com/dashboard' successfully

2019-04-21 07:00:53 - [MESSAGE][PASSED] - Navigate to 'https://kiboengage.cloudkibo.com/dashboard' successfully

2019-04-21 07:00:53 - [TEST_STEP][PASSED] - click(findTestObject("Page_KiboPush  Dashboard/h3_Dashboard (57)")): Object: 'Object Repository/Page_KiboPush  Dashboard/h3_Dashboard (57)' is clicked on

2019-04-21 07:00:54 - [MESSAGE][PASSED] - Object: 'Object Repository/Page_KiboPush  Dashboard/h3_Dashboard (57)' is clicked on

2019-04-21 07:00:54 - [TEST_STEP][PASSED] - delay(3): Delayed 3 second(s)

2019-04-21 07:00:57 - [MESSAGE][PASSED] - Delayed 3 second(s)

2019-04-21 07:00:57 - [TEST_STEP][PASSED] - click(findTestObject("Page_KiboEngage  Dashboard/a_SMS (2) (1) (1) (1) (3)")): Object: 'Object Repository/Page_KiboEngage  Dashboard/a_SMS (2) (1) (1) (1) (3)' is clicked on

2019-04-21 07:00:57 - [MESSAGE][PASSED] - Object: 'Object Repository/Page_KiboEngage  Dashboard/a_SMS (2) (1) (1) (1) (3)' is clicked on

2019-04-21 07:00:57 - [TEST_STEP][PASSED] - click(findTestObject("Page_KiboEngage  Dashboard/span_Messenger (1) (1) (1) (3)")): Object: 'Object Repository/Page_KiboEngage  Dashboard/span_Messenger (1) (1) (1) (3)' is clicked on

2019-04-21 07:00:57 - [MESSAGE][PASSED] - Object: 'Object Repository/Page_KiboEngage  Dashboard/span_Messenger (1) (1) (1) (3)' is clicked on]]></system-out>
         <system-err><![CDATA[]]></system-err>
      </testcase>
      <testcase name="Test Cases/Invite subscribers/open growth tools" classname="Test Cases/Invite subscribers/open growth tools" status="PASSED">
         <system-out><![CDATA[2019-04-21 07:00:57 - [TEST_CASE][PASSED] - Test Cases/Invite subscribers/open growth tools: Test Cases/Invite subscribers/open growth tools

2019-04-21 07:00:57 - [TEST_STEP][PASSED] - click(findTestObject("Object Repository/Page_KiboPush  Dashboard/span_Growth Tools (3)")): Object: 'Object Repository/Page_KiboPush  Dashboard/span_Growth Tools (3)' is clicked on

2019-04-21 07:00:57 - [MESSAGE][PASSED] - Object: 'Object Repository/Page_KiboPush  Dashboard/span_Growth Tools (3)' is clicked on

2019-04-21 07:00:57 - [TEST_STEP][PASSED] - delay(1): Delayed 1 second(s)

2019-04-21 07:00:58 - [MESSAGE][PASSED] - Delayed 1 second(s)]]></system-out>
         <system-err><![CDATA[]]></system-err>
      </testcase>
      <testcase name="Test Cases/Messenger Ads/TC1072" classname="Test Cases/Messenger Ads/TC1072" status="PASSED">
         <system-out><![CDATA[2019-04-21 07:00:58 - [TEST_CASE][PASSED] - Test Cases/Messenger Ads/TC1072: Test Cases/Messenger Ads/TC1072

2019-04-21 07:00:59 - [TEST_STEP][PASSED] - callTestCase(findTestCase("s-sidebar_navigation/individualAccount/Messenger Ads"), [:], STOP_ON_FAILURE): Call Test Case 'Test Cases/s-sidebar_navigation/individualAccount/Messenger Ads' successfully

2019-04-21 07:00:59 - [TEST_CASE][PASSED] - Test Cases/s-sidebar_navigation/individualAccount/Messenger Ads: Test Cases/s-sidebar_navigation/individualAccount/Messenger Ads

2019-04-21 07:00:59 - [TEST_STEP][PASSED] - click(findTestObject("Object Repository/Page_KiboPush  Dashboard/span_Invite Subscribers")): Object: 'Object Repository/Page_KiboPush  Dashboard/span_Invite Subscribers' is clicked on

2019-04-21 07:00:59 - [MESSAGE][PASSED] - Object: 'Object Repository/Page_KiboPush  Dashboard/span_Invite Subscribers' is clicked on

2019-04-21 07:00:59 - [TEST_STEP][PASSED] - delay(1): Delayed 1 second(s)

2019-04-21 07:01:00 - [MESSAGE][PASSED] - Delayed 1 second(s)

2019-04-21 07:01:00 - [TEST_STEP][PASSED] - click(findTestObject("Object Repository/Page_KiboEngage  Dashboard/span_Messenger Code")): Object: 'Object Repository/Page_KiboEngage  Dashboard/span_Messenger Code' is clicked on

2019-04-21 07:01:00 - [MESSAGE][PASSED] - Object: 'Object Repository/Page_KiboEngage  Dashboard/span_Messenger Code' is clicked on

2019-04-21 07:01:00 - [TEST_STEP][PASSED] - delay(1): Delayed 1 second(s)

2019-04-21 07:01:01 - [MESSAGE][PASSED] - Delayed 1 second(s)

2019-04-21 07:01:01 - [MESSAGE][PASSED] - Call Test Case 'Test Cases/s-sidebar_navigation/individualAccount/Messenger Ads' successfully

2019-04-21 07:01:01 - [TEST_STEP][PASSED] - click(findTestObject("Object Repository/Page_KiboEngage  Messenger Code/a_documentation")): Object: 'Object Repository/Page_KiboEngage  Messenger Code/a_documentation' is clicked on

2019-04-21 07:01:01 - [MESSAGE][PASSED] - Object: 'Object Repository/Page_KiboEngage  Messenger Code/a_documentation' is clicked on]]></system-out>
         <system-err><![CDATA[]]></system-err>
      </testcase>
      <testcase name="Test Cases/Messenger Ads/TC1059" classname="Test Cases/Messenger Ads/TC1059" status="PASSED">
         <system-out><![CDATA[2019-04-21 07:01:01 - [TEST_CASE][PASSED] - Test Cases/Messenger Ads/TC1059: Test Cases/Messenger Ads/TC1059

2019-04-21 07:01:02 - [TEST_STEP][PASSED] - callTestCase(findTestCase("s-sidebar_navigation/individualAccount/Messenger Ads"), [:], STOP_ON_FAILURE): Call Test Case 'Test Cases/s-sidebar_navigation/individualAccount/Messenger Ads' successfully

2019-04-21 07:01:02 - [TEST_CASE][PASSED] - Test Cases/s-sidebar_navigation/individualAccount/Messenger Ads: Test Cases/s-sidebar_navigation/individualAccount/Messenger Ads

2019-04-21 07:01:02 - [TEST_STEP][PASSED] - click(findTestObject("Object Repository/Page_KiboPush  Dashboard/span_Invite Subscribers")): Object: 'Object Repository/Page_KiboPush  Dashboard/span_Invite Subscribers' is clicked on

2019-04-21 07:01:02 - [MESSAGE][PASSED] - Object: 'Object Repository/Page_KiboPush  Dashboard/span_Invite Subscribers' is clicked on

2019-04-21 07:01:02 - [TEST_STEP][PASSED] - delay(1): Delayed 1 second(s)

2019-04-21 07:01:03 - [MESSAGE][PASSED] - Delayed 1 second(s)

2019-04-21 07:01:03 - [TEST_STEP][PASSED] - click(findTestObject("Object Repository/Page_KiboEngage  Dashboard/span_Messenger Code")): Object: 'Object Repository/Page_KiboEngage  Dashboard/span_Messenger Code' is clicked on

2019-04-21 07:01:03 - [MESSAGE][PASSED] - Object: 'Object Repository/Page_KiboEngage  Dashboard/span_Messenger Code' is clicked on

2019-04-21 07:01:03 - [TEST_STEP][PASSED] - delay(1): Delayed 1 second(s)

2019-04-21 07:01:04 - [MESSAGE][PASSED] - Delayed 1 second(s)

2019-04-21 07:01:04 - [MESSAGE][PASSED] - Call Test Case 'Test Cases/s-sidebar_navigation/individualAccount/Messenger Ads' successfully

2019-04-21 07:01:04 - [TEST_STEP][PASSED] - click(findTestObject("Object Repository/Page_KiboEngage  Messenger Code/a_documentation")): Object: 'Object Repository/Page_KiboEngage  Messenger Code/a_documentation' is clicked on

2019-04-21 07:01:04 - [MESSAGE][PASSED] - Object: 'Object Repository/Page_KiboEngage  Messenger Code/a_documentation' is clicked on]]></system-out>
         <system-err><![CDATA[]]></system-err>
      </testcase>
      <testcase name="Test Cases/Messenger Ads/TC1069" classname="Test Cases/Messenger Ads/TC1069" status="PASSED">
         <system-out><![CDATA[2019-04-21 07:01:04 - [TEST_CASE][PASSED] - Test Cases/Messenger Ads/TC1069: Test Cases/Messenger Ads/TC1069

2019-04-21 07:01:05 - [TEST_STEP][PASSED] - callTestCase(findTestCase("s-sidebar_navigation/individualAccount/Messenger Ads"), [:], STOP_ON_FAILURE): Call Test Case 'Test Cases/s-sidebar_navigation/individualAccount/Messenger Ads' successfully

2019-04-21 07:01:05 - [TEST_CASE][PASSED] - Test Cases/s-sidebar_navigation/individualAccount/Messenger Ads: Test Cases/s-sidebar_navigation/individualAccount/Messenger Ads

2019-04-21 07:01:05 - [TEST_STEP][PASSED] - click(findTestObject("Object Repository/Page_KiboPush  Dashboard/span_Invite Subscribers")): Object: 'Object Repository/Page_KiboPush  Dashboard/span_Invite Subscribers' is clicked on

2019-04-21 07:01:05 - [MESSAGE][PASSED] - Object: 'Object Repository/Page_KiboPush  Dashboard/span_Invite Subscribers' is clicked on

2019-04-21 07:01:05 - [TEST_STEP][PASSED] - delay(1): Delayed 1 second(s)

2019-04-21 07:01:06 - [MESSAGE][PASSED] - Delayed 1 second(s)

2019-04-21 07:01:06 - [TEST_STEP][PASSED] - click(findTestObject("Object Repository/Page_KiboEngage  Dashboard/span_Messenger Code")): Object: 'Object Repository/Page_KiboEngage  Dashboard/span_Messenger Code' is clicked on

2019-04-21 07:01:06 - [MESSAGE][PASSED] - Object: 'Object Repository/Page_KiboEngage  Dashboard/span_Messenger Code' is clicked on

2019-04-21 07:01:06 - [TEST_STEP][PASSED] - delay(1): Delayed 1 second(s)

2019-04-21 07:01:07 - [MESSAGE][PASSED] - Delayed 1 second(s)

2019-04-21 07:01:07 - [MESSAGE][PASSED] - Call Test Case 'Test Cases/s-sidebar_navigation/individualAccount/Messenger Ads' successfully

2019-04-21 07:01:07 - [TEST_STEP][PASSED] - click(findTestObject("Object Repository/Page_KiboEngage  Messenger Code/a_documentation")): Object: 'Object Repository/Page_KiboEngage  Messenger Code/a_documentation' is clicked on

2019-04-21 07:01:07 - [MESSAGE][PASSED] - Object: 'Object Repository/Page_KiboEngage  Messenger Code/a_documentation' is clicked on]]></system-out>
         <system-err><![CDATA[]]></system-err>
      </testcase>
      <testcase name="Test Cases/Messenger Ads/TC1067" classname="Test Cases/Messenger Ads/TC1067" status="PASSED">
         <system-out><![CDATA[2019-04-21 07:01:07 - [TEST_CASE][PASSED] - Test Cases/Messenger Ads/TC1067: Test Cases/Messenger Ads/TC1067

2019-04-21 07:01:07 - [TEST_STEP][PASSED] - callTestCase(findTestCase("s-sidebar_navigation/individualAccount/Messenger Ads"), [:], STOP_ON_FAILURE): Call Test Case 'Test Cases/s-sidebar_navigation/individualAccount/Messenger Ads' successfully

2019-04-21 07:01:08 - [TEST_CASE][PASSED] - Test Cases/s-sidebar_navigation/individualAccount/Messenger Ads: Test Cases/s-sidebar_navigation/individualAccount/Messenger Ads

2019-04-21 07:01:08 - [TEST_STEP][PASSED] - click(findTestObject("Object Repository/Page_KiboPush  Dashboard/span_Invite Subscribers")): Object: 'Object Repository/Page_KiboPush  Dashboard/span_Invite Subscribers' is clicked on

2019-04-21 07:01:08 - [MESSAGE][PASSED] - Object: 'Object Repository/Page_KiboPush  Dashboard/span_Invite Subscribers' is clicked on

2019-04-21 07:01:08 - [TEST_STEP][PASSED] - delay(1): Delayed 1 second(s)

2019-04-21 07:01:09 - [MESSAGE][PASSED] - Delayed 1 second(s)

2019-04-21 07:01:09 - [TEST_STEP][PASSED] - click(findTestObject("Object Repository/Page_KiboEngage  Dashboard/span_Messenger Code")): Object: 'Object Repository/Page_KiboEngage  Dashboard/span_Messenger Code' is clicked on

2019-04-21 07:01:09 - [MESSAGE][PASSED] - Object: 'Object Repository/Page_KiboEngage  Dashboard/span_Messenger Code' is clicked on

2019-04-21 07:01:09 - [TEST_STEP][PASSED] - delay(1): Delayed 1 second(s)

2019-04-21 07:01:10 - [MESSAGE][PASSED] - Delayed 1 second(s)

2019-04-21 07:01:10 - [MESSAGE][PASSED] - Call Test Case 'Test Cases/s-sidebar_navigation/individualAccount/Messenger Ads' successfully

2019-04-21 07:01:10 - [TEST_STEP][PASSED] - click(findTestObject("Object Repository/Page_KiboEngage  Messenger Code/a_documentation")): Object: 'Object Repository/Page_KiboEngage  Messenger Code/a_documentation' is clicked on

2019-04-21 07:01:10 - [MESSAGE][PASSED] - Object: 'Object Repository/Page_KiboEngage  Messenger Code/a_documentation' is clicked on]]></system-out>
         <system-err><![CDATA[]]></system-err>
      </testcase>
      <testcase name="Test Cases/Messenger Ads/TC1063" classname="Test Cases/Messenger Ads/TC1063" status="PASSED">
         <system-out><![CDATA[2019-04-21 07:01:10 - [TEST_CASE][PASSED] - Test Cases/Messenger Ads/TC1063: Test Cases/Messenger Ads/TC1063

2019-04-21 07:01:10 - [TEST_STEP][PASSED] - callTestCase(findTestCase("s-sidebar_navigation/individualAccount/Messenger Ads"), [:], STOP_ON_FAILURE): Call Test Case 'Test Cases/s-sidebar_navigation/individualAccount/Messenger Ads' successfully

2019-04-21 07:01:10 - [TEST_CASE][PASSED] - Test Cases/s-sidebar_navigation/individualAccount/Messenger Ads: Test Cases/s-sidebar_navigation/individualAccount/Messenger Ads

2019-04-21 07:01:10 - [TEST_STEP][PASSED] - click(findTestObject("Object Repository/Page_KiboPush  Dashboard/span_Invite Subscribers")): Object: 'Object Repository/Page_KiboPush  Dashboard/span_Invite Subscribers' is clicked on

2019-04-21 07:01:10 - [MESSAGE][PASSED] - Object: 'Object Repository/Page_KiboPush  Dashboard/span_Invite Subscribers' is clicked on

2019-04-21 07:01:10 - [TEST_STEP][PASSED] - delay(1): Delayed 1 second(s)

2019-04-21 07:01:11 - [MESSAGE][PASSED] - Delayed 1 second(s)

2019-04-21 07:01:11 - [TEST_STEP][PASSED] - click(findTestObject("Object Repository/Page_KiboEngage  Dashboard/span_Messenger Code")): Object: 'Object Repository/Page_KiboEngage  Dashboard/span_Messenger Code' is clicked on

2019-04-21 07:01:12 - [MESSAGE][PASSED] - Object: 'Object Repository/Page_KiboEngage  Dashboard/span_Messenger Code' is clicked on

2019-04-21 07:01:12 - [TEST_STEP][PASSED] - delay(1): Delayed 1 second(s)

2019-04-21 07:01:13 - [MESSAGE][PASSED] - Delayed 1 second(s)

2019-04-21 07:01:13 - [MESSAGE][PASSED] - Call Test Case 'Test Cases/s-sidebar_navigation/individualAccount/Messenger Ads' successfully

2019-04-21 07:01:13 - [TEST_STEP][PASSED] - click(findTestObject("Object Repository/Page_KiboEngage  Messenger Code/a_documentation")): Object: 'Object Repository/Page_KiboEngage  Messenger Code/a_documentation' is clicked on

2019-04-21 07:01:13 - [MESSAGE][PASSED] - Object: 'Object Repository/Page_KiboEngage  Messenger Code/a_documentation' is clicked on]]></system-out>
         <system-err><![CDATA[]]></system-err>
      </testcase>
      <testcase name="Test Cases/Messenger Ads/TC1061" classname="Test Cases/Messenger Ads/TC1061" status="PASSED">
         <system-out><![CDATA[2019-04-21 07:01:13 - [TEST_CASE][PASSED] - Test Cases/Messenger Ads/TC1061: Test Cases/Messenger Ads/TC1061

2019-04-21 07:01:13 - [TEST_STEP][PASSED] - callTestCase(findTestCase("s-sidebar_navigation/individualAccount/Messenger Ads"), [:], STOP_ON_FAILURE): Call Test Case 'Test Cases/s-sidebar_navigation/individualAccount/Messenger Ads' successfully

2019-04-21 07:01:13 - [TEST_CASE][PASSED] - Test Cases/s-sidebar_navigation/individualAccount/Messenger Ads: Test Cases/s-sidebar_navigation/individualAccount/Messenger Ads

2019-04-21 07:01:13 - [TEST_STEP][PASSED] - click(findTestObject("Object Repository/Page_KiboPush  Dashboard/span_Invite Subscribers")): Object: 'Object Repository/Page_KiboPush  Dashboard/span_Invite Subscribers' is clicked on

2019-04-21 07:01:13 - [MESSAGE][PASSED] - Object: 'Object Repository/Page_KiboPush  Dashboard/span_Invite Subscribers' is clicked on

2019-04-21 07:01:13 - [TEST_STEP][PASSED] - delay(1): Delayed 1 second(s)

2019-04-21 07:01:14 - [MESSAGE][PASSED] - Delayed 1 second(s)

2019-04-21 07:01:14 - [TEST_STEP][PASSED] - click(findTestObject("Object Repository/Page_KiboEngage  Dashboard/span_Messenger Code")): Object: 'Object Repository/Page_KiboEngage  Dashboard/span_Messenger Code' is clicked on

2019-04-21 07:01:15 - [MESSAGE][PASSED] - Object: 'Object Repository/Page_KiboEngage  Dashboard/span_Messenger Code' is clicked on

2019-04-21 07:01:15 - [TEST_STEP][PASSED] - delay(1): Delayed 1 second(s)

2019-04-21 07:01:16 - [MESSAGE][PASSED] - Delayed 1 second(s)

2019-04-21 07:01:16 - [MESSAGE][PASSED] - Call Test Case 'Test Cases/s-sidebar_navigation/individualAccount/Messenger Ads' successfully

2019-04-21 07:01:16 - [TEST_STEP][PASSED] - click(findTestObject("Object Repository/Page_KiboEngage  Messenger Code/a_documentation")): Object: 'Object Repository/Page_KiboEngage  Messenger Code/a_documentation' is clicked on

2019-04-21 07:01:16 - [MESSAGE][PASSED] - Object: 'Object Repository/Page_KiboEngage  Messenger Code/a_documentation' is clicked on]]></system-out>
         <system-err><![CDATA[]]></system-err>
      </testcase>
      <testcase name="Test Cases/Messenger Ads/TC1065" classname="Test Cases/Messenger Ads/TC1065" status="PASSED">
         <system-out><![CDATA[2019-04-21 07:01:16 - [TEST_CASE][PASSED] - Test Cases/Messenger Ads/TC1065: Test Cases/Messenger Ads/TC1065

2019-04-21 07:01:16 - [TEST_STEP][PASSED] - callTestCase(findTestCase("s-sidebar_navigation/individualAccount/Messenger Ads"), [:], STOP_ON_FAILURE): Call Test Case 'Test Cases/s-sidebar_navigation/individualAccount/Messenger Ads' successfully

2019-04-21 07:01:16 - [TEST_CASE][PASSED] - Test Cases/s-sidebar_navigation/individualAccount/Messenger Ads: Test Cases/s-sidebar_navigation/individualAccount/Messenger Ads

2019-04-21 07:01:16 - [TEST_STEP][PASSED] - click(findTestObject("Object Repository/Page_KiboPush  Dashboard/span_Invite Subscribers")): Object: 'Object Repository/Page_KiboPush  Dashboard/span_Invite Subscribers' is clicked on

2019-04-21 07:01:16 - [MESSAGE][PASSED] - Object: 'Object Repository/Page_KiboPush  Dashboard/span_Invite Subscribers' is clicked on

2019-04-21 07:01:16 - [TEST_STEP][PASSED] - delay(1): Delayed 1 second(s)

2019-04-21 07:01:17 - [MESSAGE][PASSED] - Delayed 1 second(s)

2019-04-21 07:01:17 - [TEST_STEP][PASSED] - click(findTestObject("Object Repository/Page_KiboEngage  Dashboard/span_Messenger Code")): Object: 'Object Repository/Page_KiboEngage  Dashboard/span_Messenger Code' is clicked on

2019-04-21 07:01:17 - [MESSAGE][PASSED] - Object: 'Object Repository/Page_KiboEngage  Dashboard/span_Messenger Code' is clicked on

2019-04-21 07:01:17 - [TEST_STEP][PASSED] - delay(1): Delayed 1 second(s)

2019-04-21 07:01:18 - [MESSAGE][PASSED] - Delayed 1 second(s)

2019-04-21 07:01:18 - [MESSAGE][PASSED] - Call Test Case 'Test Cases/s-sidebar_navigation/individualAccount/Messenger Ads' successfully

2019-04-21 07:01:18 - [TEST_STEP][PASSED] - click(findTestObject("Object Repository/Page_KiboEngage  Messenger Code/a_documentation")): Object: 'Object Repository/Page_KiboEngage  Messenger Code/a_documentation' is clicked on

2019-04-21 07:01:19 - [MESSAGE][PASSED] - Object: 'Object Repository/Page_KiboEngage  Messenger Code/a_documentation' is clicked on]]></system-out>
         <system-err><![CDATA[]]></system-err>
      </testcase>
      <testcase name="Test Cases/Messenger Ads/TC1068" classname="Test Cases/Messenger Ads/TC1068" status="PASSED">
         <system-out><![CDATA[2019-04-21 07:01:19 - [TEST_CASE][PASSED] - Test Cases/Messenger Ads/TC1068: Test Cases/Messenger Ads/TC1068

2019-04-21 07:01:19 - [TEST_STEP][PASSED] - callTestCase(findTestCase("s-sidebar_navigation/individualAccount/Messenger Ads"), [:], STOP_ON_FAILURE): Call Test Case 'Test Cases/s-sidebar_navigation/individualAccount/Messenger Ads' successfully

2019-04-21 07:01:19 - [TEST_CASE][PASSED] - Test Cases/s-sidebar_navigation/individualAccount/Messenger Ads: Test Cases/s-sidebar_navigation/individualAccount/Messenger Ads

2019-04-21 07:01:19 - [TEST_STEP][PASSED] - click(findTestObject("Object Repository/Page_KiboPush  Dashboard/span_Invite Subscribers")): Object: 'Object Repository/Page_KiboPush  Dashboard/span_Invite Subscribers' is clicked on

2019-04-21 07:01:19 - [MESSAGE][PASSED] - Object: 'Object Repository/Page_KiboPush  Dashboard/span_Invite Subscribers' is clicked on

2019-04-21 07:01:19 - [TEST_STEP][PASSED] - delay(1): Delayed 1 second(s)

2019-04-21 07:01:20 - [MESSAGE][PASSED] - Delayed 1 second(s)

2019-04-21 07:01:20 - [TEST_STEP][PASSED] - click(findTestObject("Object Repository/Page_KiboEngage  Dashboard/span_Messenger Code")): Object: 'Object Repository/Page_KiboEngage  Dashboard/span_Messenger Code' is clicked on

2019-04-21 07:01:20 - [MESSAGE][PASSED] - Object: 'Object Repository/Page_KiboEngage  Dashboard/span_Messenger Code' is clicked on

2019-04-21 07:01:20 - [TEST_STEP][PASSED] - delay(1): Delayed 1 second(s)

2019-04-21 07:01:21 - [MESSAGE][PASSED] - Delayed 1 second(s)

2019-04-21 07:01:21 - [MESSAGE][PASSED] - Call Test Case 'Test Cases/s-sidebar_navigation/individualAccount/Messenger Ads' successfully

2019-04-21 07:01:21 - [TEST_STEP][PASSED] - click(findTestObject("Object Repository/Page_KiboEngage  Messenger Code/a_documentation")): Object: 'Object Repository/Page_KiboEngage  Messenger Code/a_documentation' is clicked on

2019-04-21 07:01:21 - [MESSAGE][PASSED] - Object: 'Object Repository/Page_KiboEngage  Messenger Code/a_documentation' is clicked on]]></system-out>
         <system-err><![CDATA[]]></system-err>
      </testcase>
      <testcase name="Test Cases/Messenger Ads/TC1060" classname="Test Cases/Messenger Ads/TC1060" status="PASSED">
         <system-out><![CDATA[2019-04-21 07:01:21 - [TEST_CASE][PASSED] - Test Cases/Messenger Ads/TC1060: Test Cases/Messenger Ads/TC1060

2019-04-21 07:01:22 - [TEST_STEP][PASSED] - callTestCase(findTestCase("s-sidebar_navigation/individualAccount/Messenger Ads"), [:], STOP_ON_FAILURE): Call Test Case 'Test Cases/s-sidebar_navigation/individualAccount/Messenger Ads' successfully

2019-04-21 07:01:22 - [TEST_CASE][PASSED] - Test Cases/s-sidebar_navigation/individualAccount/Messenger Ads: Test Cases/s-sidebar_navigation/individualAccount/Messenger Ads

2019-04-21 07:01:22 - [TEST_STEP][PASSED] - click(findTestObject("Object Repository/Page_KiboPush  Dashboard/span_Invite Subscribers")): Object: 'Object Repository/Page_KiboPush  Dashboard/span_Invite Subscribers' is clicked on

2019-04-21 07:01:22 - [MESSAGE][PASSED] - Object: 'Object Repository/Page_KiboPush  Dashboard/span_Invite Subscribers' is clicked on

2019-04-21 07:01:22 - [TEST_STEP][PASSED] - delay(1): Delayed 1 second(s)

2019-04-21 07:01:23 - [MESSAGE][PASSED] - Delayed 1 second(s)

2019-04-21 07:01:23 - [TEST_STEP][PASSED] - click(findTestObject("Object Repository/Page_KiboEngage  Dashboard/span_Messenger Code")): Object: 'Object Repository/Page_KiboEngage  Dashboard/span_Messenger Code' is clicked on

2019-04-21 07:01:23 - [MESSAGE][PASSED] - Object: 'Object Repository/Page_KiboEngage  Dashboard/span_Messenger Code' is clicked on

2019-04-21 07:01:23 - [TEST_STEP][PASSED] - delay(1): Delayed 1 second(s)

2019-04-21 07:01:24 - [MESSAGE][PASSED] - Delayed 1 second(s)

2019-04-21 07:01:24 - [MESSAGE][PASSED] - Call Test Case 'Test Cases/s-sidebar_navigation/individualAccount/Messenger Ads' successfully

2019-04-21 07:01:24 - [TEST_STEP][PASSED] - click(findTestObject("Object Repository/Page_KiboEngage  Messenger Code/a_documentation")): Object: 'Object Repository/Page_KiboEngage  Messenger Code/a_documentation' is clicked on

2019-04-21 07:01:24 - [MESSAGE][PASSED] - Object: 'Object Repository/Page_KiboEngage  Messenger Code/a_documentation' is clicked on]]></system-out>
         <system-err><![CDATA[]]></system-err>
      </testcase>
      <testcase name="Test Cases/Messenger Ads/TC1074" classname="Test Cases/Messenger Ads/TC1074" status="PASSED">
         <system-out><![CDATA[2019-04-21 07:01:24 - [TEST_CASE][PASSED] - Test Cases/Messenger Ads/TC1074: Test Cases/Messenger Ads/TC1074

2019-04-21 07:01:25 - [TEST_STEP][PASSED] - callTestCase(findTestCase("s-sidebar_navigation/individualAccount/Messenger Ads"), [:], STOP_ON_FAILURE): Call Test Case 'Test Cases/s-sidebar_navigation/individualAccount/Messenger Ads' successfully

2019-04-21 07:01:25 - [TEST_CASE][PASSED] - Test Cases/s-sidebar_navigation/individualAccount/Messenger Ads: Test Cases/s-sidebar_navigation/individualAccount/Messenger Ads

2019-04-21 07:01:25 - [TEST_STEP][PASSED] - click(findTestObject("Object Repository/Page_KiboPush  Dashboard/span_Invite Subscribers")): Object: 'Object Repository/Page_KiboPush  Dashboard/span_Invite Subscribers' is clicked on

2019-04-21 07:01:25 - [MESSAGE][PASSED] - Object: 'Object Repository/Page_KiboPush  Dashboard/span_Invite Subscribers' is clicked on

2019-04-21 07:01:25 - [TEST_STEP][PASSED] - delay(1): Delayed 1 second(s)

2019-04-21 07:01:26 - [MESSAGE][PASSED] - Delayed 1 second(s)

2019-04-21 07:01:26 - [TEST_STEP][PASSED] - click(findTestObject("Object Repository/Page_KiboEngage  Dashboard/span_Messenger Code")): Object: 'Object Repository/Page_KiboEngage  Dashboard/span_Messenger Code' is clicked on

2019-04-21 07:01:26 - [MESSAGE][PASSED] - Object: 'Object Repository/Page_KiboEngage  Dashboard/span_Messenger Code' is clicked on

2019-04-21 07:01:26 - [TEST_STEP][PASSED] - delay(1): Delayed 1 second(s)

2019-04-21 07:01:27 - [MESSAGE][PASSED] - Delayed 1 second(s)

2019-04-21 07:01:27 - [MESSAGE][PASSED] - Call Test Case 'Test Cases/s-sidebar_navigation/individualAccount/Messenger Ads' successfully

2019-04-21 07:01:27 - [TEST_STEP][PASSED] - click(findTestObject("Object Repository/Page_KiboEngage  Messenger Code/a_documentation")): Object: 'Object Repository/Page_KiboEngage  Messenger Code/a_documentation' is clicked on

2019-04-21 07:01:27 - [MESSAGE][PASSED] - Object: 'Object Repository/Page_KiboEngage  Messenger Code/a_documentation' is clicked on]]></system-out>
         <system-err><![CDATA[]]></system-err>
      </testcase>
      <testcase name="Test Cases/Messenger Ads/TC1070" classname="Test Cases/Messenger Ads/TC1070" status="PASSED">
         <system-out><![CDATA[2019-04-21 07:01:28 - [TEST_CASE][PASSED] - Test Cases/Messenger Ads/TC1070: Test Cases/Messenger Ads/TC1070

2019-04-21 07:01:28 - [TEST_STEP][PASSED] - callTestCase(findTestCase("s-sidebar_navigation/individualAccount/Messenger Ads"), [:], STOP_ON_FAILURE): Call Test Case 'Test Cases/s-sidebar_navigation/individualAccount/Messenger Ads' successfully

2019-04-21 07:01:28 - [TEST_CASE][PASSED] - Test Cases/s-sidebar_navigation/individualAccount/Messenger Ads: Test Cases/s-sidebar_navigation/individualAccount/Messenger Ads

2019-04-21 07:01:28 - [TEST_STEP][PASSED] - click(findTestObject("Object Repository/Page_KiboPush  Dashboard/span_Invite Subscribers")): Object: 'Object Repository/Page_KiboPush  Dashboard/span_Invite Subscribers' is clicked on

2019-04-21 07:01:28 - [MESSAGE][PASSED] - Object: 'Object Repository/Page_KiboPush  Dashboard/span_Invite Subscribers' is clicked on

2019-04-21 07:01:28 - [TEST_STEP][PASSED] - delay(1): Delayed 1 second(s)

2019-04-21 07:01:29 - [MESSAGE][PASSED] - Delayed 1 second(s)

2019-04-21 07:01:29 - [TEST_STEP][PASSED] - click(findTestObject("Object Repository/Page_KiboEngage  Dashboard/span_Messenger Code")): Object: 'Object Repository/Page_KiboEngage  Dashboard/span_Messenger Code' is clicked on

2019-04-21 07:01:29 - [MESSAGE][PASSED] - Object: 'Object Repository/Page_KiboEngage  Dashboard/span_Messenger Code' is clicked on

2019-04-21 07:01:29 - [TEST_STEP][PASSED] - delay(1): Delayed 1 second(s)

2019-04-21 07:01:30 - [MESSAGE][PASSED] - Delayed 1 second(s)

2019-04-21 07:01:30 - [MESSAGE][PASSED] - Call Test Case 'Test Cases/s-sidebar_navigation/individualAccount/Messenger Ads' successfully

2019-04-21 07:01:30 - [TEST_STEP][PASSED] - click(findTestObject("Object Repository/Page_KiboEngage  Messenger Code/a_documentation")): Object: 'Object Repository/Page_KiboEngage  Messenger Code/a_documentation' is clicked on

2019-04-21 07:01:30 - [MESSAGE][PASSED] - Object: 'Object Repository/Page_KiboEngage  Messenger Code/a_documentation' is clicked on]]></system-out>
         <system-err><![CDATA[]]></system-err>
      </testcase>
      <testcase name="Test Cases/Messenger Ads/TC1071" classname="Test Cases/Messenger Ads/TC1071" status="PASSED">
         <system-out><![CDATA[2019-04-21 07:01:30 - [TEST_CASE][PASSED] - Test Cases/Messenger Ads/TC1071: Test Cases/Messenger Ads/TC1071

2019-04-21 07:01:30 - [TEST_STEP][PASSED] - callTestCase(findTestCase("s-sidebar_navigation/individualAccount/Messenger Ads"), [:], STOP_ON_FAILURE): Call Test Case 'Test Cases/s-sidebar_navigation/individualAccount/Messenger Ads' successfully

2019-04-21 07:01:31 - [TEST_CASE][PASSED] - Test Cases/s-sidebar_navigation/individualAccount/Messenger Ads: Test Cases/s-sidebar_navigation/individualAccount/Messenger Ads

2019-04-21 07:01:31 - [TEST_STEP][PASSED] - click(findTestObject("Object Repository/Page_KiboPush  Dashboard/span_Invite Subscribers")): Object: 'Object Repository/Page_KiboPush  Dashboard/span_Invite Subscribers' is clicked on

2019-04-21 07:01:31 - [MESSAGE][PASSED] - Object: 'Object Repository/Page_KiboPush  Dashboard/span_Invite Subscribers' is clicked on

2019-04-21 07:01:31 - [TEST_STEP][PASSED] - delay(1): Delayed 1 second(s)

2019-04-21 07:01:32 - [MESSAGE][PASSED] - Delayed 1 second(s)

2019-04-21 07:01:32 - [TEST_STEP][PASSED] - click(findTestObject("Object Repository/Page_KiboEngage  Dashboard/span_Messenger Code")): Object: 'Object Repository/Page_KiboEngage  Dashboard/span_Messenger Code' is clicked on

2019-04-21 07:01:32 - [MESSAGE][PASSED] - Object: 'Object Repository/Page_KiboEngage  Dashboard/span_Messenger Code' is clicked on

2019-04-21 07:01:32 - [TEST_STEP][PASSED] - delay(1): Delayed 1 second(s)

2019-04-21 07:01:33 - [MESSAGE][PASSED] - Delayed 1 second(s)

2019-04-21 07:01:33 - [MESSAGE][PASSED] - Call Test Case 'Test Cases/s-sidebar_navigation/individualAccount/Messenger Ads' successfully

2019-04-21 07:01:33 - [TEST_STEP][PASSED] - click(findTestObject("Object Repository/Page_KiboEngage  Messenger Code/a_documentation")): Object: 'Object Repository/Page_KiboEngage  Messenger Code/a_documentation' is clicked on

2019-04-21 07:01:33 - [MESSAGE][PASSED] - Object: 'Object Repository/Page_KiboEngage  Messenger Code/a_documentation' is clicked on]]></system-out>
         <system-err><![CDATA[]]></system-err>
      </testcase>
      <testcase name="Test Cases/Messenger Ads/TC1064" classname="Test Cases/Messenger Ads/TC1064" status="PASSED">
         <system-out><![CDATA[2019-04-21 07:01:33 - [TEST_CASE][PASSED] - Test Cases/Messenger Ads/TC1064: Test Cases/Messenger Ads/TC1064

2019-04-21 07:01:33 - [TEST_STEP][PASSED] - callTestCase(findTestCase("s-sidebar_navigation/individualAccount/Messenger Ads"), [:], STOP_ON_FAILURE): Call Test Case 'Test Cases/s-sidebar_navigation/individualAccount/Messenger Ads' successfully

2019-04-21 07:01:33 - [TEST_CASE][PASSED] - Test Cases/s-sidebar_navigation/individualAccount/Messenger Ads: Test Cases/s-sidebar_navigation/individualAccount/Messenger Ads

2019-04-21 07:01:33 - [TEST_STEP][PASSED] - click(findTestObject("Object Repository/Page_KiboPush  Dashboard/span_Invite Subscribers")): Object: 'Object Repository/Page_KiboPush  Dashboard/span_Invite Subscribers' is clicked on

2019-04-21 07:01:34 - [MESSAGE][PASSED] - Object: 'Object Repository/Page_KiboPush  Dashboard/span_Invite Subscribers' is clicked on

2019-04-21 07:01:34 - [TEST_STEP][PASSED] - delay(1): Delayed 1 second(s)

2019-04-21 07:01:35 - [MESSAGE][PASSED] - Delayed 1 second(s)

2019-04-21 07:01:35 - [TEST_STEP][PASSED] - click(findTestObject("Object Repository/Page_KiboEngage  Dashboard/span_Messenger Code")): Object: 'Object Repository/Page_KiboEngage  Dashboard/span_Messenger Code' is clicked on

2019-04-21 07:01:35 - [MESSAGE][PASSED] - Object: 'Object Repository/Page_KiboEngage  Dashboard/span_Messenger Code' is clicked on

2019-04-21 07:01:35 - [TEST_STEP][PASSED] - delay(1): Delayed 1 second(s)

2019-04-21 07:01:36 - [MESSAGE][PASSED] - Delayed 1 second(s)

2019-04-21 07:01:36 - [MESSAGE][PASSED] - Call Test Case 'Test Cases/s-sidebar_navigation/individualAccount/Messenger Ads' successfully

2019-04-21 07:01:36 - [TEST_STEP][PASSED] - click(findTestObject("Object Repository/Page_KiboEngage  Messenger Code/a_documentation")): Object: 'Object Repository/Page_KiboEngage  Messenger Code/a_documentation' is clicked on

2019-04-21 07:01:36 - [MESSAGE][PASSED] - Object: 'Object Repository/Page_KiboEngage  Messenger Code/a_documentation' is clicked on]]></system-out>
         <system-err><![CDATA[]]></system-err>
      </testcase>
      <testcase name="Test Cases/Messenger Ads/TC1062" classname="Test Cases/Messenger Ads/TC1062" status="PASSED">
         <system-out><![CDATA[2019-04-21 07:01:36 - [TEST_CASE][PASSED] - Test Cases/Messenger Ads/TC1062: Test Cases/Messenger Ads/TC1062

2019-04-21 07:01:36 - [TEST_STEP][PASSED] - callTestCase(findTestCase("s-sidebar_navigation/individualAccount/Messenger Ads"), [:], STOP_ON_FAILURE): Call Test Case 'Test Cases/s-sidebar_navigation/individualAccount/Messenger Ads' successfully

2019-04-21 07:01:36 - [TEST_CASE][PASSED] - Test Cases/s-sidebar_navigation/individualAccount/Messenger Ads: Test Cases/s-sidebar_navigation/individualAccount/Messenger Ads

2019-04-21 07:01:36 - [TEST_STEP][PASSED] - click(findTestObject("Object Repository/Page_KiboPush  Dashboard/span_Invite Subscribers")): Object: 'Object Repository/Page_KiboPush  Dashboard/span_Invite Subscribers' is clicked on

2019-04-21 07:01:36 - [MESSAGE][PASSED] - Object: 'Object Repository/Page_KiboPush  Dashboard/span_Invite Subscribers' is clicked on

2019-04-21 07:01:36 - [TEST_STEP][PASSED] - delay(1): Delayed 1 second(s)

2019-04-21 07:01:37 - [MESSAGE][PASSED] - Delayed 1 second(s)

2019-04-21 07:01:37 - [TEST_STEP][PASSED] - click(findTestObject("Object Repository/Page_KiboEngage  Dashboard/span_Messenger Code")): Object: 'Object Repository/Page_KiboEngage  Dashboard/span_Messenger Code' is clicked on

2019-04-21 07:01:38 - [MESSAGE][PASSED] - Object: 'Object Repository/Page_KiboEngage  Dashboard/span_Messenger Code' is clicked on

2019-04-21 07:01:38 - [TEST_STEP][PASSED] - delay(1): Delayed 1 second(s)

2019-04-21 07:01:39 - [MESSAGE][PASSED] - Delayed 1 second(s)

2019-04-21 07:01:39 - [MESSAGE][PASSED] - Call Test Case 'Test Cases/s-sidebar_navigation/individualAccount/Messenger Ads' successfully

2019-04-21 07:01:39 - [TEST_STEP][PASSED] - click(findTestObject("Object Repository/Page_KiboEngage  Messenger Code/a_documentation")): Object: 'Object Repository/Page_KiboEngage  Messenger Code/a_documentation' is clicked on

2019-04-21 07:01:39 - [MESSAGE][PASSED] - Object: 'Object Repository/Page_KiboEngage  Messenger Code/a_documentation' is clicked on]]></system-out>
         <system-err><![CDATA[]]></system-err>
      </testcase>
      <testcase name="Test Cases/Messenger Ads/TC1058" classname="Test Cases/Messenger Ads/TC1058" status="PASSED">
         <system-out><![CDATA[2019-04-21 07:01:39 - [TEST_CASE][PASSED] - Test Cases/Messenger Ads/TC1058: Test Cases/Messenger Ads/TC1058

2019-04-21 07:01:39 - [TEST_STEP][PASSED] - callTestCase(findTestCase("s-sidebar_navigation/individualAccount/Messenger Ads"), [:], STOP_ON_FAILURE): Call Test Case 'Test Cases/s-sidebar_navigation/individualAccount/Messenger Ads' successfully

2019-04-21 07:01:39 - [TEST_CASE][PASSED] - Test Cases/s-sidebar_navigation/individualAccount/Messenger Ads: Test Cases/s-sidebar_navigation/individualAccount/Messenger Ads

2019-04-21 07:01:39 - [TEST_STEP][PASSED] - click(findTestObject("Object Repository/Page_KiboPush  Dashboard/span_Invite Subscribers")): Object: 'Object Repository/Page_KiboPush  Dashboard/span_Invite Subscribers' is clicked on

2019-04-21 07:01:39 - [MESSAGE][PASSED] - Object: 'Object Repository/Page_KiboPush  Dashboard/span_Invite Subscribers' is clicked on

2019-04-21 07:01:39 - [TEST_STEP][PASSED] - delay(1): Delayed 1 second(s)

2019-04-21 07:01:40 - [MESSAGE][PASSED] - Delayed 1 second(s)

2019-04-21 07:01:40 - [TEST_STEP][PASSED] - click(findTestObject("Object Repository/Page_KiboEngage  Dashboard/span_Messenger Code")): Object: 'Object Repository/Page_KiboEngage  Dashboard/span_Messenger Code' is clicked on

2019-04-21 07:01:40 - [MESSAGE][PASSED] - Object: 'Object Repository/Page_KiboEngage  Dashboard/span_Messenger Code' is clicked on

2019-04-21 07:01:40 - [TEST_STEP][PASSED] - delay(1): Delayed 1 second(s)

2019-04-21 07:01:41 - [MESSAGE][PASSED] - Delayed 1 second(s)

2019-04-21 07:01:41 - [MESSAGE][PASSED] - Call Test Case 'Test Cases/s-sidebar_navigation/individualAccount/Messenger Ads' successfully

2019-04-21 07:01:41 - [TEST_STEP][PASSED] - click(findTestObject("Object Repository/Page_KiboEngage  Messenger Code/a_documentation")): Object: 'Object Repository/Page_KiboEngage  Messenger Code/a_documentation' is clicked on

2019-04-21 07:01:41 - [MESSAGE][PASSED] - Object: 'Object Repository/Page_KiboEngage  Messenger Code/a_documentation' is clicked on]]></system-out>
         <system-err><![CDATA[]]></system-err>
      </testcase>
      <testcase name="Test Cases/Messenger Ads/TC1073" classname="Test Cases/Messenger Ads/TC1073" status="PASSED">
         <system-out><![CDATA[2019-04-21 07:01:41 - [TEST_CASE][PASSED] - Test Cases/Messenger Ads/TC1073: Test Cases/Messenger Ads/TC1073

2019-04-21 07:01:41 - [TEST_STEP][PASSED] - callTestCase(findTestCase("s-sidebar_navigation/individualAccount/Messenger Ads"), [:], STOP_ON_FAILURE): Call Test Case 'Test Cases/s-sidebar_navigation/individualAccount/Messenger Ads' successfully

2019-04-21 07:01:42 - [TEST_CASE][PASSED] - Test Cases/s-sidebar_navigation/individualAccount/Messenger Ads: Test Cases/s-sidebar_navigation/individualAccount/Messenger Ads

2019-04-21 07:01:42 - [TEST_STEP][PASSED] - click(findTestObject("Object Repository/Page_KiboPush  Dashboard/span_Invite Subscribers")): Object: 'Object Repository/Page_KiboPush  Dashboard/span_Invite Subscribers' is clicked on

2019-04-21 07:01:42 - [MESSAGE][PASSED] - Object: 'Object Repository/Page_KiboPush  Dashboard/span_Invite Subscribers' is clicked on

2019-04-21 07:01:42 - [TEST_STEP][PASSED] - delay(1): Delayed 1 second(s)

2019-04-21 07:01:43 - [MESSAGE][PASSED] - Delayed 1 second(s)

2019-04-21 07:01:43 - [TEST_STEP][PASSED] - click(findTestObject("Object Repository/Page_KiboEngage  Dashboard/span_Messenger Code")): Object: 'Object Repository/Page_KiboEngage  Dashboard/span_Messenger Code' is clicked on

2019-04-21 07:01:43 - [MESSAGE][PASSED] - Object: 'Object Repository/Page_KiboEngage  Dashboard/span_Messenger Code' is clicked on

2019-04-21 07:01:43 - [TEST_STEP][PASSED] - delay(1): Delayed 1 second(s)

2019-04-21 07:01:44 - [MESSAGE][PASSED] - Delayed 1 second(s)

2019-04-21 07:01:44 - [MESSAGE][PASSED] - Call Test Case 'Test Cases/s-sidebar_navigation/individualAccount/Messenger Ads' successfully

2019-04-21 07:01:44 - [TEST_STEP][PASSED] - click(findTestObject("Object Repository/Page_KiboEngage  Messenger Code/a_documentation")): Object: 'Object Repository/Page_KiboEngage  Messenger Code/a_documentation' is clicked on

2019-04-21 07:01:44 - [MESSAGE][PASSED] - Object: 'Object Repository/Page_KiboEngage  Messenger Code/a_documentation' is clicked on]]></system-out>
         <system-err><![CDATA[]]></system-err>
      </testcase>
      <testcase name="Test Cases/Messenger Ads/TC1066" classname="Test Cases/Messenger Ads/TC1066" status="PASSED">
         <system-out><![CDATA[2019-04-21 07:01:44 - [TEST_CASE][PASSED] - Test Cases/Messenger Ads/TC1066: Test Cases/Messenger Ads/TC1066

2019-04-21 07:01:44 - [TEST_STEP][PASSED] - callTestCase(findTestCase("s-sidebar_navigation/individualAccount/Messenger Ads"), [:], STOP_ON_FAILURE): Call Test Case 'Test Cases/s-sidebar_navigation/individualAccount/Messenger Ads' successfully

2019-04-21 07:01:44 - [TEST_CASE][PASSED] - Test Cases/s-sidebar_navigation/individualAccount/Messenger Ads: Test Cases/s-sidebar_navigation/individualAccount/Messenger Ads

2019-04-21 07:01:44 - [TEST_STEP][PASSED] - click(findTestObject("Object Repository/Page_KiboPush  Dashboard/span_Invite Subscribers")): Object: 'Object Repository/Page_KiboPush  Dashboard/span_Invite Subscribers' is clicked on

2019-04-21 07:01:44 - [MESSAGE][PASSED] - Object: 'Object Repository/Page_KiboPush  Dashboard/span_Invite Subscribers' is clicked on

2019-04-21 07:01:44 - [TEST_STEP][PASSED] - delay(1): Delayed 1 second(s)

2019-04-21 07:01:45 - [MESSAGE][PASSED] - Delayed 1 second(s)

2019-04-21 07:01:45 - [TEST_STEP][PASSED] - click(findTestObject("Object Repository/Page_KiboEngage  Dashboard/span_Messenger Code")): Object: 'Object Repository/Page_KiboEngage  Dashboard/span_Messenger Code' is clicked on

2019-04-21 07:01:46 - [MESSAGE][PASSED] - Object: 'Object Repository/Page_KiboEngage  Dashboard/span_Messenger Code' is clicked on

2019-04-21 07:01:46 - [TEST_STEP][PASSED] - delay(1): Delayed 1 second(s)

2019-04-21 07:01:47 - [MESSAGE][PASSED] - Delayed 1 second(s)

2019-04-21 07:01:47 - [MESSAGE][PASSED] - Call Test Case 'Test Cases/s-sidebar_navigation/individualAccount/Messenger Ads' successfully

2019-04-21 07:01:47 - [TEST_STEP][PASSED] - click(findTestObject("Object Repository/Page_KiboEngage  Messenger Code/a_documentation")): Object: 'Object Repository/Page_KiboEngage  Messenger Code/a_documentation' is clicked on

2019-04-21 07:01:47 - [MESSAGE][PASSED] - Object: 'Object Repository/Page_KiboEngage  Messenger Code/a_documentation' is clicked on]]></system-out>
         <system-err><![CDATA[]]></system-err>
      </testcase>
      <system-out><![CDATA[2019-04-21 07:00:08 - [TEST_SUITE][PASSED] - Messenger Ads: Test Cases/Messenger Ads/TC1066]]></system-out>
      <system-err><![CDATA[]]></system-err>
   </testsuite>
</testsuites>
