<?xml version="1.0" encoding="UTF-8"?>
<testsuites name="SMS Livechat" time="57" tests="3" failures="0" errors="0">
   <testsuite name="SMS Livechat" tests="3" failures="0" errors="0" time="57" timestamp="2019-04-21 06:30:27" hostname="faizan - faizan-HP-EliteBook-850-G2" id="Test Suites/Faizan Suits/SMS Livechat">
      <properties>
         <property name="deviceName" value=""/>
         <property name="devicePlatform" value=""/>
         <property name="logFolder" value="/home/faizan/Drive/KiboPush_Automated_Testing/KiboPush Katalon/Reports/Faizan Suits/SMS Livechat/20190421_063021"/>
         <property name="logFiles" value="/home/faizan/Drive/KiboPush_Automated_Testing/KiboPush Katalon/Reports/Faizan Suits/SMS Livechat/20190421_063021/execution0.log"/>
         <property name="attachments" value=""/>
         <property name="hostName" value="faizan - faizan-HP-EliteBook-850-G2"/>
         <property name="os" value="Linux 64bit"/>
         <property name="katalonVersion" value="6.1.2.2"/>
         <property name="browser" value="Chrome 73.0.3683.103"/>
         <property name="hostAddress" value="127.0.1.1"/>
         <property name="sessionId" value="36c72468afe556497a4c40671a670fed"/>
         <property name="seleniumVersion" value="3.7.1"/>
         <property name="proxyInformation" value="ProxyInformation{proxyOption=NO_PROXY, proxyServerType=HTTP, password=, proxyServerAddress=, proxyServerPort=0}"/>
         <property name="platform" value="Linux"/>
      </properties>
      <testcase name="Test Cases/s-sidebar_navigation/individualAccount/Faizan_production_login_kibochat" classname="Test Cases/s-sidebar_navigation/individualAccount/Faizan_production_login_kibochat" status="PASSED">
         <system-out><![CDATA[2019-04-21 06:30:27 - [TEST_CASE][PASSED] - Test Cases/s-sidebar_navigation/individualAccount/Faizan_production_login_kibochat: Test Cases/s-sidebar_navigation/individualAccount/Faizan_production_login_kibochat

2019-04-21 06:30:28 - [TEST_STEP][PASSED] - openBrowser(""): Browser is opened with url: ''

2019-04-21 06:30:28 - [MESSAGE][INFO] - Starting 'Chrome' driver

2019-04-21 06:30:28 - [MESSAGE][INFO] - User set preference: ['args', '[--no-sandbox]']

2019-04-21 06:30:28 - [MESSAGE][INFO] - Action delay is set to 0 seconds

2019-04-21 06:30:34 - [MESSAGE][PASSED] - Browser is opened with url: ''

2019-04-21 06:30:34 - [TEST_STEP][PASSED] - maximizeWindow(): Current window maximized

2019-04-21 06:30:34 - [MESSAGE][PASSED] - Current window maximized

2019-04-21 06:30:34 - [TEST_STEP][PASSED] - navigateToUrl("https://kibochat.cloudkibo.com/"): Navigate to 'https://kibochat.cloudkibo.com/' successfully

2019-04-21 06:30:43 - [MESSAGE][PASSED] - Navigate to 'https://kibochat.cloudkibo.com/' successfully

2019-04-21 06:30:43 - [TEST_STEP][PASSED] - navigateToUrl("https://accounts.cloudkibo.com/?continue=https://kibochat.cloudkibo.com"): Navigate to 'https://accounts.cloudkibo.com/?continue=https://kibochat.cloudkibo.com' successfully

2019-04-21 06:30:44 - [MESSAGE][PASSED] - Navigate to 'https://accounts.cloudkibo.com/?continue=https://kibochat.cloudkibo.com' successfully

2019-04-21 06:30:44 - [TEST_STEP][PASSED] - click(findTestObject("Page_KiboPush/a_Login (10)")): Object: 'Object Repository/Page_KiboPush/a_Login (10)' is clicked on

2019-04-21 06:30:45 - [MESSAGE][PASSED] - Object: 'Object Repository/Page_KiboPush/a_Login (10)' is clicked on

2019-04-21 06:30:45 - [TEST_STEP][PASSED] - setText(findTestObject("Page_KiboPush/input_email (10) (1) (1)"), "faizan@cloudkibo.com"): Text 'faizan@cloudkibo.com' is set on object 'Object Repository/Page_KiboPush/input_email (10) (1) (1)'

2019-04-21 06:30:45 - [MESSAGE][PASSED] - Text 'faizan@cloudkibo.com' is set on object 'Object Repository/Page_KiboPush/input_email (10) (1) (1)'

2019-04-21 06:30:45 - [TEST_STEP][PASSED] - setEncryptedText(findTestObject("Page_CloudKibo/input_Sign In_password (7)"), "qeJ0sjJnwEs="): Text ****** has been set on object 'Object Repository/Page_CloudKibo/input_Sign In_password (7)'

2019-04-21 06:30:46 - [MESSAGE][PASSED] - Text ****** has been set on object 'Object Repository/Page_CloudKibo/input_Sign In_password (7)'

2019-04-21 06:30:46 - [TEST_STEP][PASSED] - click(findTestObject("Page_KiboPush/button_Sign In (11)")): Object: 'Object Repository/Page_KiboPush/button_Sign In (11)' is clicked on

2019-04-21 06:30:46 - [MESSAGE][PASSED] - Object: 'Object Repository/Page_KiboPush/button_Sign In (11)' is clicked on

2019-04-21 06:30:46 - [TEST_STEP][PASSED] - click(findTestObject("Page_KiboPush  Dashboard/h3_Dashboard (58)")): Object: 'Object Repository/Page_KiboPush  Dashboard/h3_Dashboard (58)' is clicked on

2019-04-21 06:31:17 - [MESSAGE][PASSED] - Object: 'Object Repository/Page_KiboPush  Dashboard/h3_Dashboard (58)' is clicked on

2019-04-21 06:31:17 - [TEST_STEP][PASSED] - delay(3): Delayed 3 second(s)

2019-04-21 06:31:20 - [MESSAGE][PASSED] - Delayed 3 second(s)

2019-04-21 06:31:20 - [TEST_STEP][PASSED] - click(findTestObject("Object Repository/Page_KiboEngage  Dashboard/a_SMS (2)")): Object: 'Object Repository/Page_KiboEngage  Dashboard/a_SMS (2)' is clicked on

2019-04-21 06:31:20 - [MESSAGE][PASSED] - Object: 'Object Repository/Page_KiboEngage  Dashboard/a_SMS (2)' is clicked on

2019-04-21 06:31:20 - [TEST_STEP][PASSED] - click(findTestObject("Object Repository/Page_KiboEngage  Dashboard/span_Messenger")): Object: 'Object Repository/Page_KiboEngage  Dashboard/span_Messenger' is clicked on

2019-04-21 06:31:20 - [MESSAGE][PASSED] - Object: 'Object Repository/Page_KiboEngage  Dashboard/span_Messenger' is clicked on]]></system-out>
         <system-err><![CDATA[]]></system-err>
      </testcase>
      <testcase name="Test Cases/SMS/SMSPlatform" classname="Test Cases/SMS/SMSPlatform" status="PASSED">
         <system-out><![CDATA[2019-04-21 06:31:20 - [TEST_CASE][PASSED] - Test Cases/SMS/SMSPlatform: Test Cases/SMS/SMSPlatform

2019-04-21 06:31:21 - [TEST_STEP][PASSED] - click(findTestObject("Page_KiboEngage  Dashboard/a_SMS (1)")): Object: 'Object Repository/Page_KiboEngage  Dashboard/a_SMS (1)' is clicked on

2019-04-21 06:31:21 - [MESSAGE][PASSED] - Object: 'Object Repository/Page_KiboEngage  Dashboard/a_SMS (1)' is clicked on

2019-04-21 06:31:21 - [TEST_STEP][PASSED] - click(findTestObject("Page_KiboEngage  Dashboard/span_SMS (1)")): Object: 'Object Repository/Page_KiboEngage  Dashboard/span_SMS (1)' is clicked on

2019-04-21 06:31:21 - [MESSAGE][PASSED] - Object: 'Object Repository/Page_KiboEngage  Dashboard/span_SMS (1)' is clicked on

2019-04-21 06:31:21 - [TEST_STEP][PASSED] - delay(1): Delayed 1 second(s)

2019-04-21 06:31:22 - [MESSAGE][PASSED] - Delayed 1 second(s)]]></system-out>
         <system-err><![CDATA[]]></system-err>
      </testcase>
      <testcase name="Test Cases/SMS/Sms Livechat/TC11188" classname="Test Cases/SMS/Sms Livechat/TC11188" status="PASSED">
         <system-out><![CDATA[2019-04-21 06:31:22 - [TEST_CASE][PASSED] - Test Cases/SMS/Sms Livechat/TC11188: Test Cases/SMS/Sms Livechat/TC11188

2019-04-21 06:31:22 - [TEST_STEP][PASSED] - click(findTestObject("Page_KiboPush  Dashboard/span_Dashboard")): Object: 'Object Repository/Page_KiboPush  Dashboard/span_Dashboard' is clicked on

2019-04-21 06:31:22 - [MESSAGE][PASSED] - Object: 'Object Repository/Page_KiboPush  Dashboard/span_Dashboard' is clicked on

2019-04-21 06:31:22 - [TEST_STEP][PASSED] - delay(1): Delayed 1 second(s)

2019-04-21 06:31:23 - [MESSAGE][PASSED] - Delayed 1 second(s)

2019-04-21 06:31:23 - [TEST_STEP][PASSED] - click(findTestObject("Object Repository/Page_KiboChat  Dashboard/span_Live Chat (Beta)")): Object: 'Object Repository/Page_KiboChat  Dashboard/span_Live Chat (Beta)' is clicked on

2019-04-21 06:31:23 - [MESSAGE][PASSED] - Object: 'Object Repository/Page_KiboChat  Dashboard/span_Live Chat (Beta)' is clicked on

2019-04-21 06:31:23 - [TEST_STEP][PASSED] - delay(1): Delayed 1 second(s)

2019-04-21 06:31:24 - [MESSAGE][PASSED] - Delayed 1 second(s)]]></system-out>
         <system-err><![CDATA[]]></system-err>
      </testcase>
      <system-out><![CDATA[2019-04-21 06:30:27 - [TEST_SUITE][PASSED] - SMS Livechat: Test Cases/SMS/Sms Livechat/TC11188]]></system-out>
      <system-err><![CDATA[]]></system-err>
   </testsuite>
</testsuites>
