<?xml version="1.0" encoding="UTF-8"?>
<testsuites name="InviteSubscribers" time="248" tests="5" failures="0" errors="0">
   <testsuite name="InviteSubscribers" tests="5" failures="0" errors="0" time="248" timestamp="2019-04-11 13:41:23" hostname="cloudkibo-faizan - cloudkibo-faizan" id="Test Suites/InviteSubscribers">
      <properties>
         <property name="deviceName" value=""/>
         <property name="devicePlatform" value=""/>
         <property name="logFolder" value="/home/cloudkibo-faizan/Drive/Katalon/Staging/Reports/InviteSubscribers/20190411_134116"/>
         <property name="logFiles" value="/home/cloudkibo-faizan/Drive/Katalon/Staging/Reports/InviteSubscribers/20190411_134116/execution0.log"/>
         <property name="attachments" value=""/>
         <property name="hostName" value="cloudkibo-faizan - cloudkibo-faizan"/>
         <property name="os" value="Linux 64bit"/>
         <property name="katalonVersion" value="6.0.6.4"/>
         <property name="browser" value="Chrome 73.0.3683.75"/>
         <property name="hostAddress" value="127.0.1.1"/>
         <property name="sessionId" value="25cd42eeb54b1c22edb25fbd8a8d6af6"/>
         <property name="seleniumVersion" value="3.7.1"/>
         <property name="proxyInformation" value="ProxyInformation{proxyOption=NO_PROXY, proxyServerType=HTTP, password=, proxyServerAddress=, proxyServerPort=0}"/>
         <property name="platform" value="Linux"/>
      </properties>
      <testcase name="Test Cases/Invite subscribers/TC0678" classname="Test Cases/Invite subscribers/TC0678" status="PASSED">
         <system-out><![CDATA[2019-04-11 13:41:23 - [TEST_CASE][PASSED] - Test Cases/Invite subscribers/TC0678: Test Cases/Invite subscribers/TC0678

2019-04-11 13:41:24 - [TEST_STEP][PASSED] - callTestCase(findTestCase("s-sidebar_navigation/individualAccount/Subscriber"), [:], STOP_ON_FAILURE): Call Test Case 'Test Cases/s-sidebar_navigation/individualAccount/Subscriber' successfully

2019-04-11 13:41:24 - [TEST_CASE][PASSED] - Test Cases/s-sidebar_navigation/individualAccount/Subscriber: Test Cases/s-sidebar_navigation/individualAccount/Subscriber

2019-04-11 13:41:24 - [TEST_STEP][PASSED] - callTestCase(findTestCase("s-sidebar_navigation/individualAccount/Login-KiboEngage"), [:], STOP_ON_FAILURE): Call Test Case 'Test Cases/s-sidebar_navigation/individualAccount/Login-KiboEngage' successfully

2019-04-11 13:41:24 - [TEST_CASE][PASSED] - Test Cases/s-sidebar_navigation/individualAccount/Login-KiboEngage: Test Cases/s-sidebar_navigation/individualAccount/Login-KiboEngage

2019-04-11 13:41:24 - [TEST_STEP][PASSED] - openBrowser(""): Browser is opened with url: ''

2019-04-11 13:41:25 - [MESSAGE][INFO] - Starting 'Chrome' driver

2019-04-11 13:41:25 - [MESSAGE][INFO] - Action delay is set to 0 seconds

2019-04-11 13:41:26 - [MESSAGE][PASSED] - Browser is opened with url: ''

2019-04-11 13:41:26 - [TEST_STEP][PASSED] - maximizeWindow(): Current window maximized

2019-04-11 13:41:26 - [MESSAGE][PASSED] - Current window maximized

2019-04-11 13:41:26 - [TEST_STEP][PASSED] - navigateToUrl("https://skiboengage.cloudkibo.com/"): Navigate to 'https://skiboengage.cloudkibo.com/' successfully

2019-04-11 13:41:42 - [MESSAGE][PASSED] - Navigate to 'https://skiboengage.cloudkibo.com/' successfully

2019-04-11 13:41:42 - [TEST_STEP][PASSED] - navigateToUrl("https://saccounts.cloudkibo.com/?continue=https://skiboengage.cloudkibo.com"): Navigate to 'https://saccounts.cloudkibo.com/?continue=https://skiboengage.cloudkibo.com' successfully

2019-04-11 13:41:42 - [MESSAGE][PASSED] - Navigate to 'https://saccounts.cloudkibo.com/?continue=https://skiboengage.cloudkibo.com' successfully

2019-04-11 13:41:42 - [TEST_STEP][PASSED] - click(findTestObject("Page_CloudKibo/a_Login (2) (1)")): Object: 'Object Repository/Page_CloudKibo/a_Login (2) (1)' is clicked on

2019-04-11 13:41:43 - [MESSAGE][PASSED] - Object: 'Object Repository/Page_CloudKibo/a_Login (2) (1)' is clicked on

2019-04-11 13:41:43 - [TEST_STEP][PASSED] - setText(findTestObject("Page_KiboPush/input_email (10) (1) (1)"), "faizanrasheed4@gmail.com"): Text 'faizanrasheed4@gmail.com' is set on object 'Object Repository/Page_KiboPush/input_email (10) (1) (1)'

2019-04-11 13:41:43 - [MESSAGE][PASSED] - Text 'faizanrasheed4@gmail.com' is set on object 'Object Repository/Page_KiboPush/input_email (10) (1) (1)'

2019-04-11 13:41:43 - [TEST_STEP][PASSED] - setEncryptedText(findTestObject("Page_CloudKibo/input_Sign In_password (2)"), "GYDmRgS5yd5PL6pQTxDpCg=="): Text ****** has been set on object 'Object Repository/Page_CloudKibo/input_Sign In_password (2)'

2019-04-11 13:41:44 - [MESSAGE][PASSED] - Text ****** has been set on object 'Object Repository/Page_CloudKibo/input_Sign In_password (2)'

2019-04-11 13:41:44 - [TEST_STEP][PASSED] - click(findTestObject("Page_KiboPush/button_Sign In (10) (1) (2)")): Object: 'Object Repository/Page_KiboPush/button_Sign In (10) (1) (2)' is clicked on

2019-04-11 13:41:44 - [MESSAGE][PASSED] - Object: 'Object Repository/Page_KiboPush/button_Sign In (10) (1) (2)' is clicked on

2019-04-11 13:41:44 - [TEST_STEP][PASSED] - navigateToUrl("https://skiboengage.cloudkibo.com/dashboard"): Navigate to 'https://skiboengage.cloudkibo.com/dashboard' successfully

2019-04-11 13:42:10 - [MESSAGE][PASSED] - Navigate to 'https://skiboengage.cloudkibo.com/dashboard' successfully

2019-04-11 13:42:10 - [TEST_STEP][PASSED] - click(findTestObject("Page_KiboPush  Dashboard/h3_Dashboard (57)")): Object: 'Object Repository/Page_KiboPush  Dashboard/h3_Dashboard (57)' is clicked on

2019-04-11 13:42:10 - [MESSAGE][PASSED] - Object: 'Object Repository/Page_KiboPush  Dashboard/h3_Dashboard (57)' is clicked on

2019-04-11 13:42:10 - [TEST_STEP][PASSED] - delay(3): Delayed 3 second(s)

2019-04-11 13:42:13 - [MESSAGE][PASSED] - Delayed 3 second(s)

2019-04-11 13:42:13 - [TEST_STEP][PASSED] - click(findTestObject("Page_KiboEngage  Dashboard/a_SMS (2) (1) (1) (1)")): Object: 'Object Repository/Page_KiboEngage  Dashboard/a_SMS (2) (1) (1) (1)' is clicked on

2019-04-11 13:42:13 - [MESSAGE][PASSED] - Object: 'Object Repository/Page_KiboEngage  Dashboard/a_SMS (2) (1) (1) (1)' is clicked on

2019-04-11 13:42:13 - [TEST_STEP][PASSED] - click(findTestObject("Page_KiboEngage  Dashboard/span_Messenger (1) (1) (1)")): Object: 'Object Repository/Page_KiboEngage  Dashboard/span_Messenger (1) (1) (1)' is clicked on

2019-04-11 13:42:13 - [MESSAGE][PASSED] - Object: 'Object Repository/Page_KiboEngage  Dashboard/span_Messenger (1) (1) (1)' is clicked on

2019-04-11 13:42:13 - [MESSAGE][PASSED] - Call Test Case 'Test Cases/s-sidebar_navigation/individualAccount/Login-KiboEngage' successfully

2019-04-11 13:42:13 - [TEST_STEP][PASSED] - delay(2): Delayed 2 second(s)

2019-04-11 13:42:15 - [MESSAGE][PASSED] - Delayed 2 second(s)

2019-04-11 13:42:15 - [TEST_STEP][PASSED] - click(findTestObject("Page_KiboPush  Subscribers/span_Subscribers (5)")): Object: 'Object Repository/Page_KiboPush  Subscribers/span_Subscribers (5)' is clicked on

2019-04-11 13:42:16 - [MESSAGE][PASSED] - Object: 'Object Repository/Page_KiboPush  Subscribers/span_Subscribers (5)' is clicked on

2019-04-11 13:42:16 - [TEST_STEP][PASSED] - click(findTestObject("Page_KiboPush  Subscribers/h3_Manage Subscribers (1)")): Object: 'Object Repository/Page_KiboPush  Subscribers/h3_Manage Subscribers (1)' is clicked on

2019-04-11 13:42:16 - [MESSAGE][PASSED] - Object: 'Object Repository/Page_KiboPush  Subscribers/h3_Manage Subscribers (1)' is clicked on

2019-04-11 13:42:16 - [MESSAGE][PASSED] - Call Test Case 'Test Cases/s-sidebar_navigation/individualAccount/Subscriber' successfully

2019-04-11 13:42:16 - [TEST_STEP][PASSED] - click(findTestObject("Object Repository/Page_KiboPush  Subscribers/button_Invite Subscribers")): Object: 'Object Repository/Page_KiboPush  Subscribers/button_Invite Subscribers' is clicked on

2019-04-11 13:42:16 - [MESSAGE][PASSED] - Object: 'Object Repository/Page_KiboPush  Subscribers/button_Invite Subscribers' is clicked on

2019-04-11 13:42:16 - [TEST_STEP][PASSED] - click(findTestObject("Object Repository/Page_KiboPush  Invite Subscribers/h3_Invite Subscribers")): Object: 'Object Repository/Page_KiboPush  Invite Subscribers/h3_Invite Subscribers' is clicked on

2019-04-11 13:42:16 - [MESSAGE][PASSED] - Object: 'Object Repository/Page_KiboPush  Invite Subscribers/h3_Invite Subscribers' is clicked on]]></system-out>
         <system-err><![CDATA[]]></system-err>
      </testcase>
      <testcase name="Test Cases/Invite subscribers/TC0679" classname="Test Cases/Invite subscribers/TC0679" status="PASSED">
         <system-out><![CDATA[2019-04-11 13:42:16 - [TEST_CASE][PASSED] - Test Cases/Invite subscribers/TC0679: Test Cases/Invite subscribers/TC0679

2019-04-11 13:42:16 - [TEST_STEP][PASSED] - callTestCase(findTestCase("Subscriber TestCases/TC0678"), [:], STOP_ON_FAILURE): Call Test Case 'Test Cases/Subscriber TestCases/TC0678' successfully

2019-04-11 13:42:16 - [TEST_CASE][PASSED] - Test Cases/Subscriber TestCases/TC0678: Test Cases/Subscriber TestCases/TC0678

2019-04-11 13:42:16 - [TEST_STEP][PASSED] - callTestCase(findTestCase("s-sidebar_navigation/individualAccount/Subscriber"), [:], STOP_ON_FAILURE): Call Test Case 'Test Cases/s-sidebar_navigation/individualAccount/Subscriber' successfully

2019-04-11 13:42:16 - [TEST_CASE][PASSED] - Test Cases/s-sidebar_navigation/individualAccount/Subscriber: Test Cases/s-sidebar_navigation/individualAccount/Subscriber

2019-04-11 13:42:16 - [TEST_STEP][PASSED] - callTestCase(findTestCase("s-sidebar_navigation/individualAccount/Login-KiboEngage"), [:], STOP_ON_FAILURE): Call Test Case 'Test Cases/s-sidebar_navigation/individualAccount/Login-KiboEngage' successfully

2019-04-11 13:42:16 - [TEST_CASE][PASSED] - Test Cases/s-sidebar_navigation/individualAccount/Login-KiboEngage: Test Cases/s-sidebar_navigation/individualAccount/Login-KiboEngage

2019-04-11 13:42:16 - [TEST_STEP][PASSED] - openBrowser(""): Browser is opened with url: ''

2019-04-11 13:42:16 - [MESSAGE][WARNING] - A browser is already opened. Closing browser and opening a new one

2019-04-11 13:42:17 - [MESSAGE][INFO] - Starting 'Chrome' driver

2019-04-11 13:42:17 - [MESSAGE][PASSED] - Browser is opened with url: ''

2019-04-11 13:42:17 - [TEST_STEP][PASSED] - maximizeWindow(): Current window maximized

2019-04-11 13:42:17 - [MESSAGE][PASSED] - Current window maximized

2019-04-11 13:42:17 - [TEST_STEP][PASSED] - navigateToUrl("https://skiboengage.cloudkibo.com/"): Navigate to 'https://skiboengage.cloudkibo.com/' successfully

2019-04-11 13:42:25 - [MESSAGE][PASSED] - Navigate to 'https://skiboengage.cloudkibo.com/' successfully

2019-04-11 13:42:25 - [TEST_STEP][PASSED] - navigateToUrl("https://saccounts.cloudkibo.com/?continue=https://skiboengage.cloudkibo.com"): Navigate to 'https://saccounts.cloudkibo.com/?continue=https://skiboengage.cloudkibo.com' successfully

2019-04-11 13:42:25 - [MESSAGE][PASSED] - Navigate to 'https://saccounts.cloudkibo.com/?continue=https://skiboengage.cloudkibo.com' successfully

2019-04-11 13:42:25 - [TEST_STEP][PASSED] - click(findTestObject("Page_CloudKibo/a_Login (2) (1)")): Object: 'Object Repository/Page_CloudKibo/a_Login (2) (1)' is clicked on

2019-04-11 13:42:26 - [MESSAGE][PASSED] - Object: 'Object Repository/Page_CloudKibo/a_Login (2) (1)' is clicked on

2019-04-11 13:42:26 - [TEST_STEP][PASSED] - setText(findTestObject("Page_KiboPush/input_email (10) (1) (1)"), "faizanrasheed4@gmail.com"): Text 'faizanrasheed4@gmail.com' is set on object 'Object Repository/Page_KiboPush/input_email (10) (1) (1)'

2019-04-11 13:42:26 - [MESSAGE][PASSED] - Text 'faizanrasheed4@gmail.com' is set on object 'Object Repository/Page_KiboPush/input_email (10) (1) (1)'

2019-04-11 13:42:26 - [TEST_STEP][PASSED] - setEncryptedText(findTestObject("Page_CloudKibo/input_Sign In_password (2)"), "GYDmRgS5yd5PL6pQTxDpCg=="): Text ****** has been set on object 'Object Repository/Page_CloudKibo/input_Sign In_password (2)'

2019-04-11 13:42:26 - [MESSAGE][PASSED] - Text ****** has been set on object 'Object Repository/Page_CloudKibo/input_Sign In_password (2)'

2019-04-11 13:42:26 - [TEST_STEP][PASSED] - click(findTestObject("Page_KiboPush/button_Sign In (10) (1) (2)")): Object: 'Object Repository/Page_KiboPush/button_Sign In (10) (1) (2)' is clicked on

2019-04-11 13:42:27 - [MESSAGE][PASSED] - Object: 'Object Repository/Page_KiboPush/button_Sign In (10) (1) (2)' is clicked on

2019-04-11 13:42:27 - [TEST_STEP][PASSED] - navigateToUrl("https://skiboengage.cloudkibo.com/dashboard"): Navigate to 'https://skiboengage.cloudkibo.com/dashboard' successfully

2019-04-11 13:42:56 - [MESSAGE][PASSED] - Navigate to 'https://skiboengage.cloudkibo.com/dashboard' successfully

2019-04-11 13:42:56 - [TEST_STEP][PASSED] - click(findTestObject("Page_KiboPush  Dashboard/h3_Dashboard (57)")): Object: 'Object Repository/Page_KiboPush  Dashboard/h3_Dashboard (57)' is clicked on

2019-04-11 13:42:56 - [MESSAGE][PASSED] - Object: 'Object Repository/Page_KiboPush  Dashboard/h3_Dashboard (57)' is clicked on

2019-04-11 13:42:56 - [TEST_STEP][PASSED] - delay(3): Delayed 3 second(s)

2019-04-11 13:42:59 - [MESSAGE][PASSED] - Delayed 3 second(s)

2019-04-11 13:42:59 - [TEST_STEP][PASSED] - click(findTestObject("Page_KiboEngage  Dashboard/a_SMS (2) (1) (1) (1)")): Object: 'Object Repository/Page_KiboEngage  Dashboard/a_SMS (2) (1) (1) (1)' is clicked on

2019-04-11 13:42:59 - [MESSAGE][PASSED] - Object: 'Object Repository/Page_KiboEngage  Dashboard/a_SMS (2) (1) (1) (1)' is clicked on

2019-04-11 13:42:59 - [TEST_STEP][PASSED] - click(findTestObject("Page_KiboEngage  Dashboard/span_Messenger (1) (1) (1)")): Object: 'Object Repository/Page_KiboEngage  Dashboard/span_Messenger (1) (1) (1)' is clicked on

2019-04-11 13:43:00 - [MESSAGE][PASSED] - Object: 'Object Repository/Page_KiboEngage  Dashboard/span_Messenger (1) (1) (1)' is clicked on

2019-04-11 13:43:00 - [MESSAGE][PASSED] - Call Test Case 'Test Cases/s-sidebar_navigation/individualAccount/Login-KiboEngage' successfully

2019-04-11 13:43:00 - [TEST_STEP][PASSED] - delay(2): Delayed 2 second(s)

2019-04-11 13:43:02 - [MESSAGE][PASSED] - Delayed 2 second(s)

2019-04-11 13:43:02 - [TEST_STEP][PASSED] - click(findTestObject("Page_KiboPush  Subscribers/span_Subscribers (5)")): Object: 'Object Repository/Page_KiboPush  Subscribers/span_Subscribers (5)' is clicked on

2019-04-11 13:43:02 - [MESSAGE][PASSED] - Object: 'Object Repository/Page_KiboPush  Subscribers/span_Subscribers (5)' is clicked on

2019-04-11 13:43:02 - [TEST_STEP][PASSED] - click(findTestObject("Page_KiboPush  Subscribers/h3_Manage Subscribers (1)")): Object: 'Object Repository/Page_KiboPush  Subscribers/h3_Manage Subscribers (1)' is clicked on

2019-04-11 13:43:02 - [MESSAGE][PASSED] - Object: 'Object Repository/Page_KiboPush  Subscribers/h3_Manage Subscribers (1)' is clicked on

2019-04-11 13:43:02 - [MESSAGE][PASSED] - Call Test Case 'Test Cases/s-sidebar_navigation/individualAccount/Subscriber' successfully

2019-04-11 13:43:02 - [TEST_STEP][PASSED] - click(findTestObject("Object Repository/Page_KiboPush  Subscribers/button_Invite Subscribers")): Object: 'Object Repository/Page_KiboPush  Subscribers/button_Invite Subscribers' is clicked on

2019-04-11 13:43:02 - [MESSAGE][PASSED] - Object: 'Object Repository/Page_KiboPush  Subscribers/button_Invite Subscribers' is clicked on

2019-04-11 13:43:02 - [TEST_STEP][PASSED] - click(findTestObject("Object Repository/Page_KiboPush  Invite Subscribers/h3_Invite Subscribers")): Object: 'Object Repository/Page_KiboPush  Invite Subscribers/h3_Invite Subscribers' is clicked on

2019-04-11 13:43:02 - [MESSAGE][PASSED] - Object: 'Object Repository/Page_KiboPush  Invite Subscribers/h3_Invite Subscribers' is clicked on

2019-04-11 13:43:02 - [MESSAGE][PASSED] - Call Test Case 'Test Cases/Subscriber TestCases/TC0678' successfully

2019-04-11 13:43:02 - [TEST_STEP][PASSED] - click(findTestObject("Page_KiboPush  Invite Subscribers/a_Click Here")): Object: 'Object Repository/Page_KiboPush  Invite Subscribers/a_Click Here' is clicked on

2019-04-11 13:43:02 - [MESSAGE][PASSED] - Object: 'Object Repository/Page_KiboPush  Invite Subscribers/a_Click Here' is clicked on]]></system-out>
         <system-err><![CDATA[]]></system-err>
      </testcase>
      <testcase name="Test Cases/Invite subscribers/TC0680" classname="Test Cases/Invite subscribers/TC0680" status="PASSED">
         <system-out><![CDATA[2019-04-11 13:43:02 - [TEST_CASE][PASSED] - Test Cases/Invite subscribers/TC0680: Test Cases/Invite subscribers/TC0680

2019-04-11 13:43:02 - [TEST_STEP][PASSED] - callTestCase(findTestCase("Subscriber TestCases/TC0678"), [:], STOP_ON_FAILURE): Call Test Case 'Test Cases/Subscriber TestCases/TC0678' successfully

2019-04-11 13:43:02 - [TEST_CASE][PASSED] - Test Cases/Subscriber TestCases/TC0678: Test Cases/Subscriber TestCases/TC0678

2019-04-11 13:43:02 - [TEST_STEP][PASSED] - callTestCase(findTestCase("s-sidebar_navigation/individualAccount/Subscriber"), [:], STOP_ON_FAILURE): Call Test Case 'Test Cases/s-sidebar_navigation/individualAccount/Subscriber' successfully

2019-04-11 13:43:02 - [TEST_CASE][PASSED] - Test Cases/s-sidebar_navigation/individualAccount/Subscriber: Test Cases/s-sidebar_navigation/individualAccount/Subscriber

2019-04-11 13:43:02 - [TEST_STEP][PASSED] - callTestCase(findTestCase("s-sidebar_navigation/individualAccount/Login-KiboEngage"), [:], STOP_ON_FAILURE): Call Test Case 'Test Cases/s-sidebar_navigation/individualAccount/Login-KiboEngage' successfully

2019-04-11 13:43:02 - [TEST_CASE][PASSED] - Test Cases/s-sidebar_navigation/individualAccount/Login-KiboEngage: Test Cases/s-sidebar_navigation/individualAccount/Login-KiboEngage

2019-04-11 13:43:02 - [TEST_STEP][PASSED] - openBrowser(""): Browser is opened with url: ''

2019-04-11 13:43:02 - [MESSAGE][WARNING] - A browser is already opened. Closing browser and opening a new one

2019-04-11 13:43:03 - [MESSAGE][INFO] - Starting 'Chrome' driver

2019-04-11 13:43:03 - [MESSAGE][PASSED] - Browser is opened with url: ''

2019-04-11 13:43:03 - [TEST_STEP][PASSED] - maximizeWindow(): Current window maximized

2019-04-11 13:43:03 - [MESSAGE][PASSED] - Current window maximized

2019-04-11 13:43:03 - [TEST_STEP][PASSED] - navigateToUrl("https://skiboengage.cloudkibo.com/"): Navigate to 'https://skiboengage.cloudkibo.com/' successfully

2019-04-11 13:43:17 - [MESSAGE][PASSED] - Navigate to 'https://skiboengage.cloudkibo.com/' successfully

2019-04-11 13:43:17 - [TEST_STEP][PASSED] - navigateToUrl("https://saccounts.cloudkibo.com/?continue=https://skiboengage.cloudkibo.com"): Navigate to 'https://saccounts.cloudkibo.com/?continue=https://skiboengage.cloudkibo.com' successfully

2019-04-11 13:43:17 - [MESSAGE][PASSED] - Navigate to 'https://saccounts.cloudkibo.com/?continue=https://skiboengage.cloudkibo.com' successfully

2019-04-11 13:43:17 - [TEST_STEP][PASSED] - click(findTestObject("Page_CloudKibo/a_Login (2) (1)")): Object: 'Object Repository/Page_CloudKibo/a_Login (2) (1)' is clicked on

2019-04-11 13:43:18 - [MESSAGE][PASSED] - Object: 'Object Repository/Page_CloudKibo/a_Login (2) (1)' is clicked on

2019-04-11 13:43:18 - [TEST_STEP][PASSED] - setText(findTestObject("Page_KiboPush/input_email (10) (1) (1)"), "faizanrasheed4@gmail.com"): Text 'faizanrasheed4@gmail.com' is set on object 'Object Repository/Page_KiboPush/input_email (10) (1) (1)'

2019-04-11 13:43:19 - [MESSAGE][PASSED] - Text 'faizanrasheed4@gmail.com' is set on object 'Object Repository/Page_KiboPush/input_email (10) (1) (1)'

2019-04-11 13:43:19 - [TEST_STEP][PASSED] - setEncryptedText(findTestObject("Page_CloudKibo/input_Sign In_password (2)"), "GYDmRgS5yd5PL6pQTxDpCg=="): Text ****** has been set on object 'Object Repository/Page_CloudKibo/input_Sign In_password (2)'

2019-04-11 13:43:19 - [MESSAGE][PASSED] - Text ****** has been set on object 'Object Repository/Page_CloudKibo/input_Sign In_password (2)'

2019-04-11 13:43:19 - [TEST_STEP][PASSED] - click(findTestObject("Page_KiboPush/button_Sign In (10) (1) (2)")): Object: 'Object Repository/Page_KiboPush/button_Sign In (10) (1) (2)' is clicked on

2019-04-11 13:43:19 - [MESSAGE][PASSED] - Object: 'Object Repository/Page_KiboPush/button_Sign In (10) (1) (2)' is clicked on

2019-04-11 13:43:19 - [TEST_STEP][PASSED] - navigateToUrl("https://skiboengage.cloudkibo.com/dashboard"): Navigate to 'https://skiboengage.cloudkibo.com/dashboard' successfully

2019-04-11 13:43:47 - [MESSAGE][PASSED] - Navigate to 'https://skiboengage.cloudkibo.com/dashboard' successfully

2019-04-11 13:43:47 - [TEST_STEP][PASSED] - click(findTestObject("Page_KiboPush  Dashboard/h3_Dashboard (57)")): Object: 'Object Repository/Page_KiboPush  Dashboard/h3_Dashboard (57)' is clicked on

2019-04-11 13:43:48 - [MESSAGE][PASSED] - Object: 'Object Repository/Page_KiboPush  Dashboard/h3_Dashboard (57)' is clicked on

2019-04-11 13:43:48 - [TEST_STEP][PASSED] - delay(3): Delayed 3 second(s)

2019-04-11 13:43:51 - [MESSAGE][PASSED] - Delayed 3 second(s)

2019-04-11 13:43:51 - [TEST_STEP][PASSED] - click(findTestObject("Page_KiboEngage  Dashboard/a_SMS (2) (1) (1) (1)")): Object: 'Object Repository/Page_KiboEngage  Dashboard/a_SMS (2) (1) (1) (1)' is clicked on

2019-04-11 13:43:51 - [MESSAGE][PASSED] - Object: 'Object Repository/Page_KiboEngage  Dashboard/a_SMS (2) (1) (1) (1)' is clicked on

2019-04-11 13:43:51 - [TEST_STEP][PASSED] - click(findTestObject("Page_KiboEngage  Dashboard/span_Messenger (1) (1) (1)")): Object: 'Object Repository/Page_KiboEngage  Dashboard/span_Messenger (1) (1) (1)' is clicked on

2019-04-11 13:43:51 - [MESSAGE][PASSED] - Object: 'Object Repository/Page_KiboEngage  Dashboard/span_Messenger (1) (1) (1)' is clicked on

2019-04-11 13:43:51 - [MESSAGE][PASSED] - Call Test Case 'Test Cases/s-sidebar_navigation/individualAccount/Login-KiboEngage' successfully

2019-04-11 13:43:51 - [TEST_STEP][PASSED] - delay(2): Delayed 2 second(s)

2019-04-11 13:43:53 - [MESSAGE][PASSED] - Delayed 2 second(s)

2019-04-11 13:43:53 - [TEST_STEP][PASSED] - click(findTestObject("Page_KiboPush  Subscribers/span_Subscribers (5)")): Object: 'Object Repository/Page_KiboPush  Subscribers/span_Subscribers (5)' is clicked on

2019-04-11 13:43:53 - [MESSAGE][PASSED] - Object: 'Object Repository/Page_KiboPush  Subscribers/span_Subscribers (5)' is clicked on

2019-04-11 13:43:53 - [TEST_STEP][PASSED] - click(findTestObject("Page_KiboPush  Subscribers/h3_Manage Subscribers (1)")): Object: 'Object Repository/Page_KiboPush  Subscribers/h3_Manage Subscribers (1)' is clicked on

2019-04-11 13:43:53 - [MESSAGE][PASSED] - Object: 'Object Repository/Page_KiboPush  Subscribers/h3_Manage Subscribers (1)' is clicked on

2019-04-11 13:43:53 - [MESSAGE][PASSED] - Call Test Case 'Test Cases/s-sidebar_navigation/individualAccount/Subscriber' successfully

2019-04-11 13:43:53 - [TEST_STEP][PASSED] - click(findTestObject("Object Repository/Page_KiboPush  Subscribers/button_Invite Subscribers")): Object: 'Object Repository/Page_KiboPush  Subscribers/button_Invite Subscribers' is clicked on

2019-04-11 13:43:53 - [MESSAGE][PASSED] - Object: 'Object Repository/Page_KiboPush  Subscribers/button_Invite Subscribers' is clicked on

2019-04-11 13:43:53 - [TEST_STEP][PASSED] - click(findTestObject("Object Repository/Page_KiboPush  Invite Subscribers/h3_Invite Subscribers")): Object: 'Object Repository/Page_KiboPush  Invite Subscribers/h3_Invite Subscribers' is clicked on

2019-04-11 13:43:53 - [MESSAGE][PASSED] - Object: 'Object Repository/Page_KiboPush  Invite Subscribers/h3_Invite Subscribers' is clicked on

2019-04-11 13:43:53 - [MESSAGE][PASSED] - Call Test Case 'Test Cases/Subscriber TestCases/TC0678' successfully

2019-04-11 13:43:53 - [TEST_STEP][PASSED] - click(findTestObject("Object Repository/Page_KiboPush  Invite Subscribers/a_video tutorial")): Object: 'Object Repository/Page_KiboPush  Invite Subscribers/a_video tutorial' is clicked on

2019-04-11 13:43:53 - [MESSAGE][PASSED] - Object: 'Object Repository/Page_KiboPush  Invite Subscribers/a_video tutorial' is clicked on]]></system-out>
         <system-err><![CDATA[]]></system-err>
      </testcase>
      <testcase name="Test Cases/Invite subscribers/TC0681" classname="Test Cases/Invite subscribers/TC0681" status="PASSED">
         <system-out><![CDATA[2019-04-11 13:43:53 - [TEST_CASE][PASSED] - Test Cases/Invite subscribers/TC0681: Test Cases/Invite subscribers/TC0681

2019-04-11 13:43:53 - [TEST_STEP][PASSED] - callTestCase(findTestCase("Subscriber TestCases/TC0678"), [:], STOP_ON_FAILURE): Call Test Case 'Test Cases/Subscriber TestCases/TC0678' successfully

2019-04-11 13:43:53 - [TEST_CASE][PASSED] - Test Cases/Subscriber TestCases/TC0678: Test Cases/Subscriber TestCases/TC0678

2019-04-11 13:43:53 - [TEST_STEP][PASSED] - callTestCase(findTestCase("s-sidebar_navigation/individualAccount/Subscriber"), [:], STOP_ON_FAILURE): Call Test Case 'Test Cases/s-sidebar_navigation/individualAccount/Subscriber' successfully

2019-04-11 13:43:53 - [TEST_CASE][PASSED] - Test Cases/s-sidebar_navigation/individualAccount/Subscriber: Test Cases/s-sidebar_navigation/individualAccount/Subscriber

2019-04-11 13:43:53 - [TEST_STEP][PASSED] - callTestCase(findTestCase("s-sidebar_navigation/individualAccount/Login-KiboEngage"), [:], STOP_ON_FAILURE): Call Test Case 'Test Cases/s-sidebar_navigation/individualAccount/Login-KiboEngage' successfully

2019-04-11 13:43:53 - [TEST_CASE][PASSED] - Test Cases/s-sidebar_navigation/individualAccount/Login-KiboEngage: Test Cases/s-sidebar_navigation/individualAccount/Login-KiboEngage

2019-04-11 13:43:53 - [TEST_STEP][PASSED] - openBrowser(""): Browser is opened with url: ''

2019-04-11 13:43:53 - [MESSAGE][WARNING] - A browser is already opened. Closing browser and opening a new one

2019-04-11 13:43:53 - [MESSAGE][INFO] - Starting 'Chrome' driver

2019-04-11 13:43:54 - [MESSAGE][PASSED] - Browser is opened with url: ''

2019-04-11 13:43:54 - [TEST_STEP][PASSED] - maximizeWindow(): Current window maximized

2019-04-11 13:43:54 - [MESSAGE][PASSED] - Current window maximized

2019-04-11 13:43:54 - [TEST_STEP][PASSED] - navigateToUrl("https://skiboengage.cloudkibo.com/"): Navigate to 'https://skiboengage.cloudkibo.com/' successfully

2019-04-11 13:44:12 - [MESSAGE][PASSED] - Navigate to 'https://skiboengage.cloudkibo.com/' successfully

2019-04-11 13:44:12 - [TEST_STEP][PASSED] - navigateToUrl("https://saccounts.cloudkibo.com/?continue=https://skiboengage.cloudkibo.com"): Navigate to 'https://saccounts.cloudkibo.com/?continue=https://skiboengage.cloudkibo.com' successfully

2019-04-11 13:44:12 - [MESSAGE][PASSED] - Navigate to 'https://saccounts.cloudkibo.com/?continue=https://skiboengage.cloudkibo.com' successfully

2019-04-11 13:44:12 - [TEST_STEP][PASSED] - click(findTestObject("Page_CloudKibo/a_Login (2) (1)")): Object: 'Object Repository/Page_CloudKibo/a_Login (2) (1)' is clicked on

2019-04-11 13:44:13 - [MESSAGE][PASSED] - Object: 'Object Repository/Page_CloudKibo/a_Login (2) (1)' is clicked on

2019-04-11 13:44:13 - [TEST_STEP][PASSED] - setText(findTestObject("Page_KiboPush/input_email (10) (1) (1)"), "faizanrasheed4@gmail.com"): Text 'faizanrasheed4@gmail.com' is set on object 'Object Repository/Page_KiboPush/input_email (10) (1) (1)'

2019-04-11 13:44:13 - [MESSAGE][PASSED] - Text 'faizanrasheed4@gmail.com' is set on object 'Object Repository/Page_KiboPush/input_email (10) (1) (1)'

2019-04-11 13:44:13 - [TEST_STEP][PASSED] - setEncryptedText(findTestObject("Page_CloudKibo/input_Sign In_password (2)"), "GYDmRgS5yd5PL6pQTxDpCg=="): Text ****** has been set on object 'Object Repository/Page_CloudKibo/input_Sign In_password (2)'

2019-04-11 13:44:13 - [MESSAGE][PASSED] - Text ****** has been set on object 'Object Repository/Page_CloudKibo/input_Sign In_password (2)'

2019-04-11 13:44:13 - [TEST_STEP][PASSED] - click(findTestObject("Page_KiboPush/button_Sign In (10) (1) (2)")): Object: 'Object Repository/Page_KiboPush/button_Sign In (10) (1) (2)' is clicked on

2019-04-11 13:44:13 - [MESSAGE][PASSED] - Object: 'Object Repository/Page_KiboPush/button_Sign In (10) (1) (2)' is clicked on

2019-04-11 13:44:13 - [TEST_STEP][PASSED] - navigateToUrl("https://skiboengage.cloudkibo.com/dashboard"): Navigate to 'https://skiboengage.cloudkibo.com/dashboard' successfully

2019-04-11 13:44:35 - [MESSAGE][PASSED] - Navigate to 'https://skiboengage.cloudkibo.com/dashboard' successfully

2019-04-11 13:44:35 - [TEST_STEP][PASSED] - click(findTestObject("Page_KiboPush  Dashboard/h3_Dashboard (57)")): Object: 'Object Repository/Page_KiboPush  Dashboard/h3_Dashboard (57)' is clicked on

2019-04-11 13:44:35 - [MESSAGE][PASSED] - Object: 'Object Repository/Page_KiboPush  Dashboard/h3_Dashboard (57)' is clicked on

2019-04-11 13:44:35 - [TEST_STEP][PASSED] - delay(3): Delayed 3 second(s)

2019-04-11 13:44:38 - [MESSAGE][PASSED] - Delayed 3 second(s)

2019-04-11 13:44:38 - [TEST_STEP][PASSED] - click(findTestObject("Page_KiboEngage  Dashboard/a_SMS (2) (1) (1) (1)")): Object: 'Object Repository/Page_KiboEngage  Dashboard/a_SMS (2) (1) (1) (1)' is clicked on

2019-04-11 13:44:38 - [MESSAGE][PASSED] - Object: 'Object Repository/Page_KiboEngage  Dashboard/a_SMS (2) (1) (1) (1)' is clicked on

2019-04-11 13:44:38 - [TEST_STEP][PASSED] - click(findTestObject("Page_KiboEngage  Dashboard/span_Messenger (1) (1) (1)")): Object: 'Object Repository/Page_KiboEngage  Dashboard/span_Messenger (1) (1) (1)' is clicked on

2019-04-11 13:44:38 - [MESSAGE][PASSED] - Object: 'Object Repository/Page_KiboEngage  Dashboard/span_Messenger (1) (1) (1)' is clicked on

2019-04-11 13:44:38 - [MESSAGE][PASSED] - Call Test Case 'Test Cases/s-sidebar_navigation/individualAccount/Login-KiboEngage' successfully

2019-04-11 13:44:38 - [TEST_STEP][PASSED] - delay(2): Delayed 2 second(s)

2019-04-11 13:44:40 - [MESSAGE][PASSED] - Delayed 2 second(s)

2019-04-11 13:44:40 - [TEST_STEP][PASSED] - click(findTestObject("Page_KiboPush  Subscribers/span_Subscribers (5)")): Object: 'Object Repository/Page_KiboPush  Subscribers/span_Subscribers (5)' is clicked on

2019-04-11 13:44:40 - [MESSAGE][PASSED] - Object: 'Object Repository/Page_KiboPush  Subscribers/span_Subscribers (5)' is clicked on

2019-04-11 13:44:40 - [TEST_STEP][PASSED] - click(findTestObject("Page_KiboPush  Subscribers/h3_Manage Subscribers (1)")): Object: 'Object Repository/Page_KiboPush  Subscribers/h3_Manage Subscribers (1)' is clicked on

2019-04-11 13:44:40 - [MESSAGE][PASSED] - Object: 'Object Repository/Page_KiboPush  Subscribers/h3_Manage Subscribers (1)' is clicked on

2019-04-11 13:44:40 - [MESSAGE][PASSED] - Call Test Case 'Test Cases/s-sidebar_navigation/individualAccount/Subscriber' successfully

2019-04-11 13:44:40 - [TEST_STEP][PASSED] - click(findTestObject("Object Repository/Page_KiboPush  Subscribers/button_Invite Subscribers")): Object: 'Object Repository/Page_KiboPush  Subscribers/button_Invite Subscribers' is clicked on

2019-04-11 13:44:40 - [MESSAGE][PASSED] - Object: 'Object Repository/Page_KiboPush  Subscribers/button_Invite Subscribers' is clicked on

2019-04-11 13:44:40 - [TEST_STEP][PASSED] - click(findTestObject("Object Repository/Page_KiboPush  Invite Subscribers/h3_Invite Subscribers")): Object: 'Object Repository/Page_KiboPush  Invite Subscribers/h3_Invite Subscribers' is clicked on

2019-04-11 13:44:40 - [MESSAGE][PASSED] - Object: 'Object Repository/Page_KiboPush  Invite Subscribers/h3_Invite Subscribers' is clicked on

2019-04-11 13:44:40 - [MESSAGE][PASSED] - Call Test Case 'Test Cases/Subscriber TestCases/TC0678' successfully

2019-04-11 13:44:40 - [TEST_STEP][PASSED] - click(findTestObject("Page_KiboPush  Invite Subscribers/h3_Invite Subscribers")): Object: 'Object Repository/Page_KiboPush  Invite Subscribers/h3_Invite Subscribers' is clicked on

2019-04-11 13:44:40 - [MESSAGE][PASSED] - Object: 'Object Repository/Page_KiboPush  Invite Subscribers/h3_Invite Subscribers' is clicked on

2019-04-11 13:44:40 - [TEST_STEP][PASSED] - click(findTestObject("Page_KiboPush  Invite Subscribers/span_Share Page")): Object: 'Object Repository/Page_KiboPush  Invite Subscribers/span_Share Page' is clicked on

2019-04-11 13:44:40 - [MESSAGE][PASSED] - Object: 'Object Repository/Page_KiboPush  Invite Subscribers/span_Share Page' is clicked on]]></system-out>
         <system-err><![CDATA[]]></system-err>
      </testcase>
      <testcase name="Test Cases/Invite subscribers/TC0682" classname="Test Cases/Invite subscribers/TC0682" status="PASSED">
         <system-out><![CDATA[2019-04-11 13:44:40 - [TEST_CASE][PASSED] - Test Cases/Invite subscribers/TC0682: Test Cases/Invite subscribers/TC0682

2019-04-11 13:44:40 - [TEST_STEP][PASSED] - callTestCase(findTestCase("Subscriber TestCases/TC0678"), [:], STOP_ON_FAILURE): Call Test Case 'Test Cases/Subscriber TestCases/TC0678' successfully

2019-04-11 13:44:40 - [TEST_CASE][PASSED] - Test Cases/Subscriber TestCases/TC0678: Test Cases/Subscriber TestCases/TC0678

2019-04-11 13:44:40 - [TEST_STEP][PASSED] - callTestCase(findTestCase("s-sidebar_navigation/individualAccount/Subscriber"), [:], STOP_ON_FAILURE): Call Test Case 'Test Cases/s-sidebar_navigation/individualAccount/Subscriber' successfully

2019-04-11 13:44:41 - [TEST_CASE][PASSED] - Test Cases/s-sidebar_navigation/individualAccount/Subscriber: Test Cases/s-sidebar_navigation/individualAccount/Subscriber

2019-04-11 13:44:41 - [TEST_STEP][PASSED] - callTestCase(findTestCase("s-sidebar_navigation/individualAccount/Login-KiboEngage"), [:], STOP_ON_FAILURE): Call Test Case 'Test Cases/s-sidebar_navigation/individualAccount/Login-KiboEngage' successfully

2019-04-11 13:44:41 - [TEST_CASE][PASSED] - Test Cases/s-sidebar_navigation/individualAccount/Login-KiboEngage: Test Cases/s-sidebar_navigation/individualAccount/Login-KiboEngage

2019-04-11 13:44:41 - [TEST_STEP][PASSED] - openBrowser(""): Browser is opened with url: ''

2019-04-11 13:44:41 - [MESSAGE][WARNING] - A browser is already opened. Closing browser and opening a new one

2019-04-11 13:44:41 - [MESSAGE][INFO] - Starting 'Chrome' driver

2019-04-11 13:44:41 - [MESSAGE][PASSED] - Browser is opened with url: ''

2019-04-11 13:44:41 - [TEST_STEP][PASSED] - maximizeWindow(): Current window maximized

2019-04-11 13:44:41 - [MESSAGE][PASSED] - Current window maximized

2019-04-11 13:44:41 - [TEST_STEP][PASSED] - navigateToUrl("https://skiboengage.cloudkibo.com/"): Navigate to 'https://skiboengage.cloudkibo.com/' successfully

2019-04-11 13:44:55 - [MESSAGE][PASSED] - Navigate to 'https://skiboengage.cloudkibo.com/' successfully

2019-04-11 13:44:55 - [TEST_STEP][PASSED] - navigateToUrl("https://saccounts.cloudkibo.com/?continue=https://skiboengage.cloudkibo.com"): Navigate to 'https://saccounts.cloudkibo.com/?continue=https://skiboengage.cloudkibo.com' successfully

2019-04-11 13:44:56 - [MESSAGE][PASSED] - Navigate to 'https://saccounts.cloudkibo.com/?continue=https://skiboengage.cloudkibo.com' successfully

2019-04-11 13:44:56 - [TEST_STEP][PASSED] - click(findTestObject("Page_CloudKibo/a_Login (2) (1)")): Object: 'Object Repository/Page_CloudKibo/a_Login (2) (1)' is clicked on

2019-04-11 13:44:57 - [MESSAGE][PASSED] - Object: 'Object Repository/Page_CloudKibo/a_Login (2) (1)' is clicked on

2019-04-11 13:44:57 - [TEST_STEP][PASSED] - setText(findTestObject("Page_KiboPush/input_email (10) (1) (1)"), "faizanrasheed4@gmail.com"): Text 'faizanrasheed4@gmail.com' is set on object 'Object Repository/Page_KiboPush/input_email (10) (1) (1)'

2019-04-11 13:44:57 - [MESSAGE][PASSED] - Text 'faizanrasheed4@gmail.com' is set on object 'Object Repository/Page_KiboPush/input_email (10) (1) (1)'

2019-04-11 13:44:57 - [TEST_STEP][PASSED] - setEncryptedText(findTestObject("Page_CloudKibo/input_Sign In_password (2)"), "GYDmRgS5yd5PL6pQTxDpCg=="): Text ****** has been set on object 'Object Repository/Page_CloudKibo/input_Sign In_password (2)'

2019-04-11 13:44:57 - [MESSAGE][PASSED] - Text ****** has been set on object 'Object Repository/Page_CloudKibo/input_Sign In_password (2)'

2019-04-11 13:44:57 - [TEST_STEP][PASSED] - click(findTestObject("Page_KiboPush/button_Sign In (10) (1) (2)")): Object: 'Object Repository/Page_KiboPush/button_Sign In (10) (1) (2)' is clicked on

2019-04-11 13:44:57 - [MESSAGE][PASSED] - Object: 'Object Repository/Page_KiboPush/button_Sign In (10) (1) (2)' is clicked on

2019-04-11 13:44:57 - [TEST_STEP][PASSED] - navigateToUrl("https://skiboengage.cloudkibo.com/dashboard"): Navigate to 'https://skiboengage.cloudkibo.com/dashboard' successfully

2019-04-11 13:45:25 - [MESSAGE][PASSED] - Navigate to 'https://skiboengage.cloudkibo.com/dashboard' successfully

2019-04-11 13:45:25 - [TEST_STEP][PASSED] - click(findTestObject("Page_KiboPush  Dashboard/h3_Dashboard (57)")): Object: 'Object Repository/Page_KiboPush  Dashboard/h3_Dashboard (57)' is clicked on

2019-04-11 13:45:25 - [MESSAGE][PASSED] - Object: 'Object Repository/Page_KiboPush  Dashboard/h3_Dashboard (57)' is clicked on

2019-04-11 13:45:25 - [TEST_STEP][PASSED] - delay(3): Delayed 3 second(s)

2019-04-11 13:45:28 - [MESSAGE][PASSED] - Delayed 3 second(s)

2019-04-11 13:45:28 - [TEST_STEP][PASSED] - click(findTestObject("Page_KiboEngage  Dashboard/a_SMS (2) (1) (1) (1)")): Object: 'Object Repository/Page_KiboEngage  Dashboard/a_SMS (2) (1) (1) (1)' is clicked on

2019-04-11 13:45:28 - [MESSAGE][PASSED] - Object: 'Object Repository/Page_KiboEngage  Dashboard/a_SMS (2) (1) (1) (1)' is clicked on

2019-04-11 13:45:28 - [TEST_STEP][PASSED] - click(findTestObject("Page_KiboEngage  Dashboard/span_Messenger (1) (1) (1)")): Object: 'Object Repository/Page_KiboEngage  Dashboard/span_Messenger (1) (1) (1)' is clicked on

2019-04-11 13:45:28 - [MESSAGE][PASSED] - Object: 'Object Repository/Page_KiboEngage  Dashboard/span_Messenger (1) (1) (1)' is clicked on

2019-04-11 13:45:28 - [MESSAGE][PASSED] - Call Test Case 'Test Cases/s-sidebar_navigation/individualAccount/Login-KiboEngage' successfully

2019-04-11 13:45:28 - [TEST_STEP][PASSED] - delay(2): Delayed 2 second(s)

2019-04-11 13:45:30 - [MESSAGE][PASSED] - Delayed 2 second(s)

2019-04-11 13:45:30 - [TEST_STEP][PASSED] - click(findTestObject("Page_KiboPush  Subscribers/span_Subscribers (5)")): Object: 'Object Repository/Page_KiboPush  Subscribers/span_Subscribers (5)' is clicked on

2019-04-11 13:45:31 - [MESSAGE][PASSED] - Object: 'Object Repository/Page_KiboPush  Subscribers/span_Subscribers (5)' is clicked on

2019-04-11 13:45:31 - [TEST_STEP][PASSED] - click(findTestObject("Page_KiboPush  Subscribers/h3_Manage Subscribers (1)")): Object: 'Object Repository/Page_KiboPush  Subscribers/h3_Manage Subscribers (1)' is clicked on

2019-04-11 13:45:31 - [MESSAGE][PASSED] - Object: 'Object Repository/Page_KiboPush  Subscribers/h3_Manage Subscribers (1)' is clicked on

2019-04-11 13:45:31 - [MESSAGE][PASSED] - Call Test Case 'Test Cases/s-sidebar_navigation/individualAccount/Subscriber' successfully

2019-04-11 13:45:31 - [TEST_STEP][PASSED] - click(findTestObject("Object Repository/Page_KiboPush  Subscribers/button_Invite Subscribers")): Object: 'Object Repository/Page_KiboPush  Subscribers/button_Invite Subscribers' is clicked on

2019-04-11 13:45:31 - [MESSAGE][PASSED] - Object: 'Object Repository/Page_KiboPush  Subscribers/button_Invite Subscribers' is clicked on

2019-04-11 13:45:31 - [TEST_STEP][PASSED] - click(findTestObject("Object Repository/Page_KiboPush  Invite Subscribers/h3_Invite Subscribers")): Object: 'Object Repository/Page_KiboPush  Invite Subscribers/h3_Invite Subscribers' is clicked on

2019-04-11 13:45:31 - [MESSAGE][PASSED] - Object: 'Object Repository/Page_KiboPush  Invite Subscribers/h3_Invite Subscribers' is clicked on

2019-04-11 13:45:31 - [MESSAGE][PASSED] - Call Test Case 'Test Cases/Subscriber TestCases/TC0678' successfully

2019-04-11 13:45:31 - [TEST_STEP][PASSED] - click(findTestObject("Object Repository/Page_KiboPush  Invite Subscribers/h3_Invite Subscribers (2)")): Object: 'Object Repository/Page_KiboPush  Invite Subscribers/h3_Invite Subscribers (2)' is clicked on

2019-04-11 13:45:31 - [MESSAGE][PASSED] - Object: 'Object Repository/Page_KiboPush  Invite Subscribers/h3_Invite Subscribers (2)' is clicked on

2019-04-11 13:45:31 - [TEST_STEP][PASSED] - click(findTestObject("Object Repository/Page_KiboPush  Invite Subscribers/button_Copy Link (1)")): Object: 'Object Repository/Page_KiboPush  Invite Subscribers/button_Copy Link (1)' is clicked on

2019-04-11 13:45:31 - [MESSAGE][PASSED] - Object: 'Object Repository/Page_KiboPush  Invite Subscribers/button_Copy Link (1)' is clicked on

2019-04-11 13:45:31 - [TEST_STEP][PASSED] - click(findTestObject("Object Repository/Page_KiboPush  Invite Subscribers/div_Link Copied Successfully")): Object: 'Object Repository/Page_KiboPush  Invite Subscribers/div_Link Copied Successfully' is clicked on

2019-04-11 13:45:31 - [MESSAGE][PASSED] - Object: 'Object Repository/Page_KiboPush  Invite Subscribers/div_Link Copied Successfully' is clicked on]]></system-out>
         <system-err><![CDATA[]]></system-err>
      </testcase>
      <system-out><![CDATA[2019-04-11 13:41:23 - [TEST_SUITE][PASSED] - InviteSubscribers: Test Cases/Invite subscribers/TC0682]]></system-out>
      <system-err><![CDATA[]]></system-err>
   </testsuite>
</testsuites>
