<?xml version="1.0" encoding="UTF-8"?>
<testsuites name="seq_message" time="536" tests="20" failures="1" errors="0">
   <testsuite name="seq_message" tests="20" failures="1" errors="0" time="536" timestamp="2019-04-25 14:41:27" hostname="cloudkibo - 10.0.2.15" id="Test Suites/seq_message">
      <properties>
         <property name="deviceName" value=""/>
         <property name="devicePlatform" value=""/>
         <property name="logFolder" value="C:\\Users\\cloudkibo\\Desktop\\KiboPush_Automated_Testing\\KiboPush Katalon\\Reports\\seq_message\\20190425_144123"/>
         <property name="logFiles" value="C:\\Users\\cloudkibo\\Desktop\\KiboPush_Automated_Testing\\KiboPush Katalon\\Reports\\seq_message\\20190425_144123\\execution0.log"/>
         <property name="attachments" value="C:\\Users\\cloudkibo\\Desktop\\KiboPush_Automated_Testing\\KiboPush Katalon\\Reports\\seq_message\\20190425_144123\\1556185430917.png"/>
         <property name="hostName" value="cloudkibo - 10.0.2.15"/>
         <property name="os" value="Windows 10 64bit"/>
         <property name="katalonVersion" value="5.6.0.1"/>
         <property name="browser" value="Chrome 73.0.3683.103"/>
         <property name="hostAddress" value="10.0.2.15"/>
         <property name="sessionId" value="44e4d5a1fd5e34b387e0025d91d5b31a"/>
         <property name="seleniumVersion" value="3.7.1"/>
         <property name="proxyInformation" value="ProxyInformation{proxyOption=NO_PROXY, proxyServerType=HTTP, password=, proxyServerAddress=, proxyServerPort=0}"/>
         <property name="platform" value="Windows 10"/>
      </properties>
      <testcase name="Test Cases/s-sidebar_navigation/individualAccount/arveen_production_login_kiboengage" classname="Test Cases/s-sidebar_navigation/individualAccount/arveen_production_login_kiboengage" status="PASSED">
         <system-out><![CDATA[2019-04-25 14:41:28 - [TEST_CASE][PASSED] - Test Cases/s-sidebar_navigation/individualAccount/arveen_production_login_kiboengage: Test Cases/s-sidebar_navigation/individualAccount/arveen_production_login_kiboengage

2019-04-25 14:41:29 - [TEST_STEP][PASSED] - openBrowser: Browser is opened with url: ''

2019-04-25 14:41:36 - [MESSAGE][PASSED] - Browser is opened with url: ''

2019-04-25 14:41:36 - [TEST_STEP][PASSED] - maximizeWindow: Current window maximized

2019-04-25 14:41:37 - [MESSAGE][PASSED] - Current window maximized

2019-04-25 14:41:37 - [TEST_STEP][PASSED] - navigateToUrl: Navigate to 'https://kiboengage.cloudkibo.com/' successfully

2019-04-25 14:41:54 - [MESSAGE][PASSED] - Navigate to 'https://kiboengage.cloudkibo.com/' successfully

2019-04-25 14:41:54 - [TEST_STEP][PASSED] - navigateToUrl: Navigate to 'https://accounts.cloudkibo.com/?continue=https://kiboengage.cloudkibo.com' successfully

2019-04-25 14:41:56 - [MESSAGE][PASSED] - Navigate to 'https://accounts.cloudkibo.com/?continue=https://kiboengage.cloudkibo.com' successfully

2019-04-25 14:41:56 - [TEST_STEP][PASSED] - click: Object: 'Object Repository/Page_CloudKibo/a_Login (2) (1) (1)' is clicked on

2019-04-25 14:41:57 - [MESSAGE][PASSED] - Object: 'Object Repository/Page_CloudKibo/a_Login (2) (1) (1)' is clicked on

2019-04-25 14:41:57 - [TEST_STEP][PASSED] - setText: Text 'individual@cloudkibo.com' is set on object 'Object Repository/Page_KiboPush/input_email (10) (1) (1)'

2019-04-25 14:41:58 - [MESSAGE][PASSED] - Text 'individual@cloudkibo.com' is set on object 'Object Repository/Page_KiboPush/input_email (10) (1) (1)'

2019-04-25 14:41:58 - [TEST_STEP][PASSED] - setEncryptedText: Text ****** has been set on object 'Object Repository/Page_CloudKibo/input_Sign In_password (7)'

2019-04-25 14:41:58 - [MESSAGE][PASSED] - Text ****** has been set on object 'Object Repository/Page_CloudKibo/input_Sign In_password (7)'

2019-04-25 14:41:58 - [TEST_STEP][PASSED] - click: Object: 'Object Repository/Page_KiboPush/button_Sign In (10) (1) (2)' is clicked on

2019-04-25 14:41:58 - [MESSAGE][PASSED] - Object: 'Object Repository/Page_KiboPush/button_Sign In (10) (1) (2)' is clicked on

2019-04-25 14:41:58 - [TEST_STEP][PASSED] - click: Object: 'Object Repository/Page_KiboPush  Dashboard/h3_Dashboard (57)' is clicked on

2019-04-25 14:42:35 - [MESSAGE][PASSED] - Object: 'Object Repository/Page_KiboPush  Dashboard/h3_Dashboard (57)' is clicked on

2019-04-25 14:42:35 - [TEST_STEP][PASSED] - delay: Delayed 3 second(s)

2019-04-25 14:42:38 - [MESSAGE][PASSED] - Delayed 3 second(s)

2019-04-25 14:42:38 - [TEST_STEP][PASSED] - click: Object: 'Object Repository/Page_KiboEngage  Dashboard/a_SMS (2) (1) (1) (1) (3)' is clicked on

2019-04-25 14:42:38 - [MESSAGE][PASSED] - Object: 'Object Repository/Page_KiboEngage  Dashboard/a_SMS (2) (1) (1) (1) (3)' is clicked on

2019-04-25 14:42:38 - [TEST_STEP][PASSED] - delay: Delayed 2 second(s)

2019-04-25 14:42:40 - [MESSAGE][PASSED] - Delayed 2 second(s)

2019-04-25 14:42:40 - [TEST_STEP][PASSED] - click: Object: 'Object Repository/Page_KiboEngage  Dashboard/span_Messenger (1) (1) (1) (3)' is clicked on

2019-04-25 14:42:40 - [MESSAGE][PASSED] - Object: 'Object Repository/Page_KiboEngage  Dashboard/span_Messenger (1) (1) (1) (3)' is clicked on

2019-04-25 14:42:40 - [TEST_STEP][PASSED] - delay: Delayed 2 second(s)

2019-04-25 14:42:42 - [MESSAGE][PASSED] - Delayed 2 second(s)]]></system-out>
         <system-err><![CDATA[]]></system-err>
      </testcase>
      <testcase name="Test Cases/Sequence Messaging/open_automation" classname="Test Cases/Sequence Messaging/open_automation" status="PASSED">
         <system-out><![CDATA[2019-04-25 14:42:42 - [TEST_CASE][PASSED] - Test Cases/Sequence Messaging/open_automation: Test Cases/Sequence Messaging/open_automation

2019-04-25 14:42:43 - [TEST_STEP][PASSED] - click: Object: 'Object Repository/Page_KiboPush  Dashboard/span_Automation (1) (1)' is clicked on

2019-04-25 14:42:43 - [MESSAGE][PASSED] - Object: 'Object Repository/Page_KiboPush  Dashboard/span_Automation (1) (1)' is clicked on

2019-04-25 14:42:43 - [TEST_STEP][PASSED] - delay: Delayed 1 second(s)

2019-04-25 14:42:44 - [MESSAGE][PASSED] - Delayed 1 second(s)]]></system-out>
         <system-err><![CDATA[]]></system-err>
      </testcase>
      <testcase name="Test Cases/Sequence Messaging/TC0980" classname="Test Cases/Sequence Messaging/TC0980" status="PASSED">
         <system-out><![CDATA[2019-04-25 14:42:44 - [TEST_CASE][PASSED] - Test Cases/Sequence Messaging/TC0980: Test Cases/Sequence Messaging/TC0980

2019-04-25 14:42:44 - [TEST_STEP][PASSED] - callTestCase: Call Test Case 'Test Cases/Sequence Messaging/Go_to_Seq_Messaging' successfully

2019-04-25 14:42:44 - [TEST_CASE][PASSED] - Test Cases/Sequence Messaging/Go_to_Seq_Messaging: Test Cases/Sequence Messaging/Go_to_Seq_Messaging

2019-04-25 14:42:44 - [TEST_STEP][PASSED] - callTestCase: Call Test Case 'Test Cases/Sequence Messaging/Login' successfully

2019-04-25 14:42:44 - [TEST_CASE][PASSED] - Test Cases/Sequence Messaging/Login: Test Cases/Sequence Messaging/Login

2019-04-25 14:42:45 - [TEST_STEP][PASSED] - callTestCase: Call Test Case 'Test Cases/s-sidebar_navigation/individualAccount/sequenceMessaging' successfully

2019-04-25 14:42:45 - [TEST_CASE][PASSED] - Test Cases/s-sidebar_navigation/individualAccount/sequenceMessaging: Test Cases/s-sidebar_navigation/individualAccount/sequenceMessaging

2019-04-25 14:42:45 - [TEST_STEP][PASSED] - click: Object: 'Object Repository/Page_KiboPush  Dashboard/span_Autoposting' is clicked on

2019-04-25 14:42:45 - [MESSAGE][PASSED] - Object: 'Object Repository/Page_KiboPush  Dashboard/span_Autoposting' is clicked on

2019-04-25 14:42:45 - [TEST_STEP][PASSED] - delay: Delayed 1 second(s)

2019-04-25 14:42:46 - [MESSAGE][PASSED] - Delayed 1 second(s)

2019-04-25 14:42:46 - [TEST_STEP][PASSED] - click: Object: 'Object Repository/Page_KiboPush  Dashboard/span_Sequence Messaging' is clicked on

2019-04-25 14:42:46 - [MESSAGE][PASSED] - Object: 'Object Repository/Page_KiboPush  Dashboard/span_Sequence Messaging' is clicked on

2019-04-25 14:42:46 - [TEST_STEP][PASSED] - scrollToPosition: Browser is scrolled to position x = 0, y = 0

2019-04-25 14:42:47 - [MESSAGE][PASSED] - Browser is scrolled to position x = 0, y = 0

2019-04-25 14:42:47 - [TEST_STEP][PASSED] - click: Object: 'Object Repository/Page_KiboPush  Sequence Messaging/h3_Sequence Messaging' is clicked on

2019-04-25 14:42:47 - [MESSAGE][PASSED] - Object: 'Object Repository/Page_KiboPush  Sequence Messaging/h3_Sequence Messaging' is clicked on

2019-04-25 14:42:47 - [TEST_STEP][PASSED] - delay: Delayed 1 second(s)

2019-04-25 14:42:47 - [MESSAGE][PASSED] - Delayed 1 second(s)

2019-04-25 14:42:47 - [MESSAGE][PASSED] - Call Test Case 'Test Cases/s-sidebar_navigation/individualAccount/sequenceMessaging' successfully

2019-04-25 14:42:48 - [MESSAGE][PASSED] - Call Test Case 'Test Cases/Sequence Messaging/Login' successfully

2019-04-25 14:42:48 - [MESSAGE][PASSED] - Call Test Case 'Test Cases/Sequence Messaging/Go_to_Seq_Messaging' successfully

2019-04-25 14:42:48 - [TEST_STEP][PASSED] - delay: Delayed 4 second(s)

2019-04-25 14:42:51 - [MESSAGE][PASSED] - Delayed 4 second(s)]]></system-out>
         <system-err><![CDATA[]]></system-err>
      </testcase>
      <testcase name="Test Cases/Sequence Messaging/TC0981" classname="Test Cases/Sequence Messaging/TC0981" status="PASSED">
         <system-out><![CDATA[2019-04-25 14:42:51 - [TEST_CASE][PASSED] - Test Cases/Sequence Messaging/TC0981: Test Cases/Sequence Messaging/TC0981

2019-04-25 14:42:51 - [TEST_STEP][PASSED] - callTestCase: Call Test Case 'Test Cases/Sequence Messaging/TC0980' successfully

2019-04-25 14:42:51 - [TEST_CASE][PASSED] - Test Cases/Sequence Messaging/TC0980: Test Cases/Sequence Messaging/TC0980

2019-04-25 14:42:51 - [TEST_STEP][PASSED] - callTestCase: Call Test Case 'Test Cases/Sequence Messaging/Go_to_Seq_Messaging' successfully

2019-04-25 14:42:51 - [TEST_CASE][PASSED] - Test Cases/Sequence Messaging/Go_to_Seq_Messaging: Test Cases/Sequence Messaging/Go_to_Seq_Messaging

2019-04-25 14:42:51 - [TEST_STEP][PASSED] - callTestCase: Call Test Case 'Test Cases/Sequence Messaging/Login' successfully

2019-04-25 14:42:51 - [TEST_CASE][PASSED] - Test Cases/Sequence Messaging/Login: Test Cases/Sequence Messaging/Login

2019-04-25 14:42:51 - [TEST_STEP][PASSED] - callTestCase: Call Test Case 'Test Cases/s-sidebar_navigation/individualAccount/sequenceMessaging' successfully

2019-04-25 14:42:51 - [TEST_CASE][PASSED] - Test Cases/s-sidebar_navigation/individualAccount/sequenceMessaging: Test Cases/s-sidebar_navigation/individualAccount/sequenceMessaging

2019-04-25 14:42:52 - [TEST_STEP][PASSED] - click: Object: 'Object Repository/Page_KiboPush  Dashboard/span_Autoposting' is clicked on

2019-04-25 14:42:52 - [MESSAGE][PASSED] - Object: 'Object Repository/Page_KiboPush  Dashboard/span_Autoposting' is clicked on

2019-04-25 14:42:52 - [TEST_STEP][PASSED] - delay: Delayed 1 second(s)

2019-04-25 14:42:53 - [MESSAGE][PASSED] - Delayed 1 second(s)

2019-04-25 14:42:53 - [TEST_STEP][PASSED] - click: Object: 'Object Repository/Page_KiboPush  Dashboard/span_Sequence Messaging' is clicked on

2019-04-25 14:42:53 - [MESSAGE][PASSED] - Object: 'Object Repository/Page_KiboPush  Dashboard/span_Sequence Messaging' is clicked on

2019-04-25 14:42:53 - [TEST_STEP][PASSED] - scrollToPosition: Browser is scrolled to position x = 0, y = 0

2019-04-25 14:42:53 - [MESSAGE][PASSED] - Browser is scrolled to position x = 0, y = 0

2019-04-25 14:42:53 - [TEST_STEP][PASSED] - click: Object: 'Object Repository/Page_KiboPush  Sequence Messaging/h3_Sequence Messaging' is clicked on

2019-04-25 14:42:54 - [MESSAGE][PASSED] - Object: 'Object Repository/Page_KiboPush  Sequence Messaging/h3_Sequence Messaging' is clicked on

2019-04-25 14:42:54 - [TEST_STEP][PASSED] - delay: Delayed 1 second(s)

2019-04-25 14:42:54 - [MESSAGE][PASSED] - Delayed 1 second(s)

2019-04-25 14:42:54 - [MESSAGE][PASSED] - Call Test Case 'Test Cases/s-sidebar_navigation/individualAccount/sequenceMessaging' successfully

2019-04-25 14:42:54 - [MESSAGE][PASSED] - Call Test Case 'Test Cases/Sequence Messaging/Login' successfully

2019-04-25 14:42:54 - [MESSAGE][PASSED] - Call Test Case 'Test Cases/Sequence Messaging/Go_to_Seq_Messaging' successfully

2019-04-25 14:42:54 - [TEST_STEP][PASSED] - delay: Delayed 4 second(s)

2019-04-25 14:42:58 - [MESSAGE][PASSED] - Delayed 4 second(s)

2019-04-25 14:42:58 - [MESSAGE][PASSED] - Call Test Case 'Test Cases/Sequence Messaging/TC0980' successfully

2019-04-25 14:42:58 - [TEST_STEP][PASSED] - setText: Text 'Test' is set on object 'Object Repository/Page_KiboPush  Sequence Messaging/input_Create New Sequence_form'

2019-04-25 14:42:58 - [MESSAGE][PASSED] - Text 'Test' is set on object 'Object Repository/Page_KiboPush  Sequence Messaging/input_Create New Sequence_form'

2019-04-25 14:42:58 - [TEST_STEP][PASSED] - delay: Delayed 3 second(s)

2019-04-25 14:43:01 - [MESSAGE][PASSED] - Delayed 3 second(s)]]></system-out>
         <system-err><![CDATA[]]></system-err>
      </testcase>
      <testcase name="Test Cases/Sequence Messaging/TC0982" classname="Test Cases/Sequence Messaging/TC0982" status="PASSED">
         <system-out><![CDATA[2019-04-25 14:43:01 - [TEST_CASE][PASSED] - Test Cases/Sequence Messaging/TC0982: Test Cases/Sequence Messaging/TC0982

2019-04-25 14:43:01 - [TEST_STEP][PASSED] - callTestCase: Call Test Case 'Test Cases/Sequence Messaging/TC0980' successfully

2019-04-25 14:43:01 - [TEST_CASE][PASSED] - Test Cases/Sequence Messaging/TC0980: Test Cases/Sequence Messaging/TC0980

2019-04-25 14:43:01 - [TEST_STEP][PASSED] - callTestCase: Call Test Case 'Test Cases/Sequence Messaging/Go_to_Seq_Messaging' successfully

2019-04-25 14:43:01 - [TEST_CASE][PASSED] - Test Cases/Sequence Messaging/Go_to_Seq_Messaging: Test Cases/Sequence Messaging/Go_to_Seq_Messaging

2019-04-25 14:43:01 - [TEST_STEP][PASSED] - callTestCase: Call Test Case 'Test Cases/Sequence Messaging/Login' successfully

2019-04-25 14:43:01 - [TEST_CASE][PASSED] - Test Cases/Sequence Messaging/Login: Test Cases/Sequence Messaging/Login

2019-04-25 14:43:01 - [TEST_STEP][PASSED] - callTestCase: Call Test Case 'Test Cases/s-sidebar_navigation/individualAccount/sequenceMessaging' successfully

2019-04-25 14:43:02 - [TEST_CASE][PASSED] - Test Cases/s-sidebar_navigation/individualAccount/sequenceMessaging: Test Cases/s-sidebar_navigation/individualAccount/sequenceMessaging

2019-04-25 14:43:02 - [TEST_STEP][PASSED] - click: Object: 'Object Repository/Page_KiboPush  Dashboard/span_Autoposting' is clicked on

2019-04-25 14:43:02 - [MESSAGE][PASSED] - Object: 'Object Repository/Page_KiboPush  Dashboard/span_Autoposting' is clicked on

2019-04-25 14:43:02 - [TEST_STEP][PASSED] - delay: Delayed 1 second(s)

2019-04-25 14:43:03 - [MESSAGE][PASSED] - Delayed 1 second(s)

2019-04-25 14:43:03 - [TEST_STEP][PASSED] - click: Object: 'Object Repository/Page_KiboPush  Dashboard/span_Sequence Messaging' is clicked on

2019-04-25 14:43:03 - [MESSAGE][PASSED] - Object: 'Object Repository/Page_KiboPush  Dashboard/span_Sequence Messaging' is clicked on

2019-04-25 14:43:03 - [TEST_STEP][PASSED] - scrollToPosition: Browser is scrolled to position x = 0, y = 0

2019-04-25 14:43:03 - [MESSAGE][PASSED] - Browser is scrolled to position x = 0, y = 0

2019-04-25 14:43:03 - [TEST_STEP][PASSED] - click: Object: 'Object Repository/Page_KiboPush  Sequence Messaging/h3_Sequence Messaging' is clicked on

2019-04-25 14:43:04 - [MESSAGE][PASSED] - Object: 'Object Repository/Page_KiboPush  Sequence Messaging/h3_Sequence Messaging' is clicked on

2019-04-25 14:43:04 - [TEST_STEP][PASSED] - delay: Delayed 1 second(s)

2019-04-25 14:43:05 - [MESSAGE][PASSED] - Delayed 1 second(s)

2019-04-25 14:43:05 - [MESSAGE][PASSED] - Call Test Case 'Test Cases/s-sidebar_navigation/individualAccount/sequenceMessaging' successfully

2019-04-25 14:43:05 - [MESSAGE][PASSED] - Call Test Case 'Test Cases/Sequence Messaging/Login' successfully

2019-04-25 14:43:05 - [MESSAGE][PASSED] - Call Test Case 'Test Cases/Sequence Messaging/Go_to_Seq_Messaging' successfully

2019-04-25 14:43:05 - [TEST_STEP][PASSED] - delay: Delayed 4 second(s)

2019-04-25 14:43:08 - [MESSAGE][PASSED] - Delayed 4 second(s)

2019-04-25 14:43:08 - [MESSAGE][PASSED] - Call Test Case 'Test Cases/Sequence Messaging/TC0980' successfully

2019-04-25 14:43:08 - [TEST_STEP][PASSED] - delay: Delayed 2 second(s)

2019-04-25 14:43:10 - [MESSAGE][PASSED] - Delayed 2 second(s)

2019-04-25 14:43:10 - [TEST_STEP][PASSED] - click: Object: 'Object Repository/Page_KiboPush  Sequence Messaging/span_Create New Sequence (2)' is clicked on

2019-04-25 14:43:11 - [MESSAGE][PASSED] - Object: 'Object Repository/Page_KiboPush  Sequence Messaging/span_Create New Sequence (2)' is clicked on

2019-04-25 14:43:11 - [TEST_STEP][PASSED] - delay: Delayed 2 second(s)

2019-04-25 14:43:13 - [MESSAGE][PASSED] - Delayed 2 second(s)]]></system-out>
         <system-err><![CDATA[]]></system-err>
      </testcase>
      <testcase name="Test Cases/Sequence Messaging/TC0983" classname="Test Cases/Sequence Messaging/TC0983" status="PASSED">
         <system-out><![CDATA[2019-04-25 14:43:13 - [TEST_CASE][PASSED] - Test Cases/Sequence Messaging/TC0983: Test Cases/Sequence Messaging/TC0983

2019-04-25 14:43:13 - [TEST_STEP][PASSED] - callTestCase: Call Test Case 'Test Cases/Sequence Messaging/TC0982' successfully

2019-04-25 14:43:14 - [TEST_CASE][PASSED] - Test Cases/Sequence Messaging/TC0982: Test Cases/Sequence Messaging/TC0982

2019-04-25 14:43:14 - [TEST_STEP][PASSED] - callTestCase: Call Test Case 'Test Cases/Sequence Messaging/TC0980' successfully

2019-04-25 14:43:14 - [TEST_CASE][PASSED] - Test Cases/Sequence Messaging/TC0980: Test Cases/Sequence Messaging/TC0980

2019-04-25 14:43:14 - [TEST_STEP][PASSED] - callTestCase: Call Test Case 'Test Cases/Sequence Messaging/Go_to_Seq_Messaging' successfully

2019-04-25 14:43:14 - [TEST_CASE][PASSED] - Test Cases/Sequence Messaging/Go_to_Seq_Messaging: Test Cases/Sequence Messaging/Go_to_Seq_Messaging

2019-04-25 14:43:14 - [TEST_STEP][PASSED] - callTestCase: Call Test Case 'Test Cases/Sequence Messaging/Login' successfully

2019-04-25 14:43:14 - [TEST_CASE][PASSED] - Test Cases/Sequence Messaging/Login: Test Cases/Sequence Messaging/Login

2019-04-25 14:43:14 - [TEST_STEP][PASSED] - callTestCase: Call Test Case 'Test Cases/s-sidebar_navigation/individualAccount/sequenceMessaging' successfully

2019-04-25 14:43:14 - [TEST_CASE][PASSED] - Test Cases/s-sidebar_navigation/individualAccount/sequenceMessaging: Test Cases/s-sidebar_navigation/individualAccount/sequenceMessaging

2019-04-25 14:43:14 - [TEST_STEP][PASSED] - click: Object: 'Object Repository/Page_KiboPush  Dashboard/span_Autoposting' is clicked on

2019-04-25 14:43:15 - [MESSAGE][PASSED] - Object: 'Object Repository/Page_KiboPush  Dashboard/span_Autoposting' is clicked on

2019-04-25 14:43:15 - [TEST_STEP][PASSED] - delay: Delayed 1 second(s)

2019-04-25 14:43:16 - [MESSAGE][PASSED] - Delayed 1 second(s)

2019-04-25 14:43:16 - [TEST_STEP][PASSED] - click: Object: 'Object Repository/Page_KiboPush  Dashboard/span_Sequence Messaging' is clicked on

2019-04-25 14:43:16 - [MESSAGE][PASSED] - Object: 'Object Repository/Page_KiboPush  Dashboard/span_Sequence Messaging' is clicked on

2019-04-25 14:43:16 - [TEST_STEP][PASSED] - scrollToPosition: Browser is scrolled to position x = 0, y = 0

2019-04-25 14:43:16 - [MESSAGE][PASSED] - Browser is scrolled to position x = 0, y = 0

2019-04-25 14:43:16 - [TEST_STEP][PASSED] - click: Object: 'Object Repository/Page_KiboPush  Sequence Messaging/h3_Sequence Messaging' is clicked on

2019-04-25 14:43:17 - [MESSAGE][PASSED] - Object: 'Object Repository/Page_KiboPush  Sequence Messaging/h3_Sequence Messaging' is clicked on

2019-04-25 14:43:17 - [TEST_STEP][PASSED] - delay: Delayed 1 second(s)

2019-04-25 14:43:18 - [MESSAGE][PASSED] - Delayed 1 second(s)

2019-04-25 14:43:18 - [MESSAGE][PASSED] - Call Test Case 'Test Cases/s-sidebar_navigation/individualAccount/sequenceMessaging' successfully

2019-04-25 14:43:18 - [MESSAGE][PASSED] - Call Test Case 'Test Cases/Sequence Messaging/Login' successfully

2019-04-25 14:43:18 - [MESSAGE][PASSED] - Call Test Case 'Test Cases/Sequence Messaging/Go_to_Seq_Messaging' successfully

2019-04-25 14:43:18 - [TEST_STEP][PASSED] - delay: Delayed 4 second(s)

2019-04-25 14:43:22 - [MESSAGE][PASSED] - Delayed 4 second(s)

2019-04-25 14:43:22 - [MESSAGE][PASSED] - Call Test Case 'Test Cases/Sequence Messaging/TC0980' successfully

2019-04-25 14:43:22 - [TEST_STEP][PASSED] - delay: Delayed 2 second(s)

2019-04-25 14:43:24 - [MESSAGE][PASSED] - Delayed 2 second(s)

2019-04-25 14:43:24 - [TEST_STEP][PASSED] - click: Object: 'Object Repository/Page_KiboPush  Sequence Messaging/span_Create New Sequence (2)' is clicked on

2019-04-25 14:43:25 - [MESSAGE][PASSED] - Object: 'Object Repository/Page_KiboPush  Sequence Messaging/span_Create New Sequence (2)' is clicked on

2019-04-25 14:43:25 - [TEST_STEP][PASSED] - delay: Delayed 2 second(s)

2019-04-25 14:43:27 - [MESSAGE][PASSED] - Delayed 2 second(s)

2019-04-25 14:43:27 - [MESSAGE][PASSED] - Call Test Case 'Test Cases/Sequence Messaging/TC0982' successfully

2019-04-25 14:43:27 - [TEST_STEP][PASSED] - setText: Text 'Sequence1' is set on object 'Object Repository/Page_KiboPush  Sequence Messaging/input_Sequence Name_form-contr'

2019-04-25 14:43:28 - [MESSAGE][PASSED] - Text 'Sequence1' is set on object 'Object Repository/Page_KiboPush  Sequence Messaging/input_Sequence Name_form-contr'

2019-04-25 14:43:28 - [TEST_STEP][PASSED] - delay: Delayed 2 second(s)

2019-04-25 14:43:30 - [MESSAGE][PASSED] - Delayed 2 second(s)

2019-04-25 14:43:30 - [TEST_STEP][PASSED] - click: Object: 'Object Repository/Page_KiboPush  Sequence Messaging/button_Create' is clicked on

2019-04-25 14:43:31 - [MESSAGE][PASSED] - Object: 'Object Repository/Page_KiboPush  Sequence Messaging/button_Create' is clicked on

2019-04-25 14:43:31 - [TEST_STEP][PASSED] - delay: Delayed 2 second(s)

2019-04-25 14:43:33 - [MESSAGE][PASSED] - Delayed 2 second(s)

2019-04-25 14:43:33 - [TEST_STEP][PASSED] - click: Object: 'Object Repository/Page_KiboPush  Sequence Messaging/button_Add Message (1)' is clicked on

2019-04-25 14:43:33 - [MESSAGE][PASSED] - Object: 'Object Repository/Page_KiboPush  Sequence Messaging/button_Add Message (1)' is clicked on

2019-04-25 14:43:33 - [TEST_STEP][PASSED] - delay: Delayed 2 second(s)

2019-04-25 14:43:36 - [MESSAGE][PASSED] - Delayed 2 second(s)

2019-04-25 14:43:36 - [TEST_STEP][PASSED] - click: Object: 'Object Repository/Page_KiboPush  Sequence Messaging/button_Add Message (1)' is clicked on

2019-04-25 14:43:36 - [MESSAGE][PASSED] - Object: 'Object Repository/Page_KiboPush  Sequence Messaging/button_Add Message (1)' is clicked on

2019-04-25 14:43:36 - [TEST_STEP][PASSED] - delay: Delayed 2 second(s)

2019-04-25 14:43:39 - [MESSAGE][PASSED] - Delayed 2 second(s)]]></system-out>
         <system-err><![CDATA[]]></system-err>
      </testcase>
      <testcase name="Test Cases/Sequence Messaging/TC0984" classname="Test Cases/Sequence Messaging/TC0984" status="FAILED">
         <failure type="FAILED" message="Unable to click on object 'Object Repository/Page_KiboPush  Sequence Messaging/button_Delete (2)' (Root cause: org.openqa.selenium.WebDriverException: unknown error: Element &lt;button class=&quot;btn btn-primary btn-sm&quot; style=&quot;float: right;&quot;>...&lt;/button> is not clickable at point (740, 273). Other element would receive the click: &lt;div class=&quot;narcissus_17w311v&quot; style=&quot;position: absolute; margin-bottom: 20px; width: 500px; top: 188px; transform: matrix3d(1.02736, 0, 0, 0, 0, 1.02736, 0, 0, 0, 0, 1, 0, 0, 0, 0, 1); left: 391px;&quot;>...&lt;/div>
  (Session info: chrome=73.0.3683.103)
  (Driver info: chromedriver=2.35.528161 (5b82f2d2aae0ca24b877009200ced9065a772e73),platform=Windows NT 10.0.17134 x86_64) (WARNING: The server did not provide any stacktrace information)
Command duration or timeout: 0 milliseconds
Build info: version: '3.7.1', revision: '8a0099a', time: '2017-11-06T21:07:36.161Z'
System info: host: 'DESKTOP-4M6R1V0', ip: '10.0.2.15', os.name: 'Windows 10', os.arch: 'amd64', os.version: '10.0', java.version: '1.8.0_181'
Driver info: com.kms.katalon.selenium.driver.CChromeDriver
Capabilities {acceptInsecureCerts: false, acceptSslCerts: false, applicationCacheEnabled: false, browserConnectionEnabled: false, browserName: chrome, chrome: {chromedriverVersion: 2.35.528161 (5b82f2d2aae0ca..., userDataDir: C:\Users\CLOUDK~1\AppData\L...}, cssSelectorsEnabled: true, databaseEnabled: false, handlesAlerts: true, hasTouchScreen: false, javascriptEnabled: true, locationContextEnabled: true, mobileEmulationEnabled: false, nativeEvents: true, networkConnectionEnabled: false, pageLoadStrategy: normal, platform: XP, platformName: XP, rotatable: false, setWindowRect: true, takesHeapSnapshot: true, takesScreenshot: true, unexpectedAlertBehaviour: , unhandledPromptBehavior: , version: 73.0.3683.103, webStorageEnabled: true}
Session ID: 52f8cc475d5d2726edf77c99e6577fe8)"/>
         <system-out><![CDATA[2019-04-25 14:43:39 - [TEST_CASE][FAILED] - Test Cases/Sequence Messaging/TC0984: Test Cases/Sequence Messaging/TC0984 FAILED because (of) Unable to click on object 'Object Repository/Page_KiboPush  Sequence Messaging/button_Delete (2)' (Root cause: org.openqa.selenium.WebDriverException: unknown error: Element <button class="btn btn-primary btn-sm" style="float: right;">...</button> is not clickable at point (740, 273). Other element would receive the click: <div class="narcissus_17w311v" style="position: absolute; margin-bottom: 20px; width: 500px; top: 188px; transform: matrix3d(1.02736, 0, 0, 0, 0, 1.02736, 0, 0, 0, 0, 1, 0, 0, 0, 0, 1); left: 391px;">...</div>
  (Session info: chrome=73.0.3683.103)
  (Driver info: chromedriver=2.35.528161 (5b82f2d2aae0ca24b877009200ced9065a772e73),platform=Windows NT 10.0.17134 x86_64) (WARNING: The server did not provide any stacktrace information)
Command duration or timeout: 0 milliseconds
Build info: version: '3.7.1', revision: '8a0099a', time: '2017-11-06T21:07:36.161Z'
System info: host: 'DESKTOP-4M6R1V0', ip: '10.0.2.15', os.name: 'Windows 10', os.arch: 'amd64', os.version: '10.0', java.version: '1.8.0_181'
Driver info: com.kms.katalon.selenium.driver.CChromeDriver
Capabilities {acceptInsecureCerts: false, acceptSslCerts: false, applicationCacheEnabled: false, browserConnectionEnabled: false, browserName: chrome, chrome: {chromedriverVersion: 2.35.528161 (5b82f2d2aae0ca..., userDataDir: C:\Users\CLOUDK~1\AppData\L...}, cssSelectorsEnabled: true, databaseEnabled: false, handlesAlerts: true, hasTouchScreen: false, javascriptEnabled: true, locationContextEnabled: true, mobileEmulationEnabled: false, nativeEvents: true, networkConnectionEnabled: false, pageLoadStrategy: normal, platform: XP, platformName: XP, rotatable: false, setWindowRect: true, takesHeapSnapshot: true, takesScreenshot: true, unexpectedAlertBehaviour: , unhandledPromptBehavior: , version: 73.0.3683.103, webStorageEnabled: true}
Session ID: 52f8cc475d5d2726edf77c99e6577fe8)

2019-04-25 14:43:39 - [TEST_STEP][PASSED] - callTestCase: Call Test Case 'Test Cases/Sequence Messaging/TC0980' successfully

2019-04-25 14:43:39 - [TEST_CASE][PASSED] - Test Cases/Sequence Messaging/TC0980: Test Cases/Sequence Messaging/TC0980

2019-04-25 14:43:39 - [TEST_STEP][PASSED] - callTestCase: Call Test Case 'Test Cases/Sequence Messaging/Go_to_Seq_Messaging' successfully

2019-04-25 14:43:39 - [TEST_CASE][PASSED] - Test Cases/Sequence Messaging/Go_to_Seq_Messaging: Test Cases/Sequence Messaging/Go_to_Seq_Messaging

2019-04-25 14:43:39 - [TEST_STEP][PASSED] - callTestCase: Call Test Case 'Test Cases/Sequence Messaging/Login' successfully

2019-04-25 14:43:39 - [TEST_CASE][PASSED] - Test Cases/Sequence Messaging/Login: Test Cases/Sequence Messaging/Login

2019-04-25 14:43:39 - [TEST_STEP][PASSED] - callTestCase: Call Test Case 'Test Cases/s-sidebar_navigation/individualAccount/sequenceMessaging' successfully

2019-04-25 14:43:39 - [TEST_CASE][PASSED] - Test Cases/s-sidebar_navigation/individualAccount/sequenceMessaging: Test Cases/s-sidebar_navigation/individualAccount/sequenceMessaging

2019-04-25 14:43:39 - [TEST_STEP][PASSED] - click: Object: 'Object Repository/Page_KiboPush  Dashboard/span_Autoposting' is clicked on

2019-04-25 14:43:40 - [MESSAGE][PASSED] - Object: 'Object Repository/Page_KiboPush  Dashboard/span_Autoposting' is clicked on

2019-04-25 14:43:40 - [TEST_STEP][PASSED] - delay: Delayed 1 second(s)

2019-04-25 14:43:41 - [MESSAGE][PASSED] - Delayed 1 second(s)

2019-04-25 14:43:41 - [TEST_STEP][PASSED] - click: Object: 'Object Repository/Page_KiboPush  Dashboard/span_Sequence Messaging' is clicked on

2019-04-25 14:43:42 - [MESSAGE][PASSED] - Object: 'Object Repository/Page_KiboPush  Dashboard/span_Sequence Messaging' is clicked on

2019-04-25 14:43:42 - [TEST_STEP][PASSED] - scrollToPosition: Browser is scrolled to position x = 0, y = 0

2019-04-25 14:43:42 - [MESSAGE][PASSED] - Browser is scrolled to position x = 0, y = 0

2019-04-25 14:43:42 - [TEST_STEP][PASSED] - click: Object: 'Object Repository/Page_KiboPush  Sequence Messaging/h3_Sequence Messaging' is clicked on

2019-04-25 14:43:42 - [MESSAGE][PASSED] - Object: 'Object Repository/Page_KiboPush  Sequence Messaging/h3_Sequence Messaging' is clicked on

2019-04-25 14:43:42 - [TEST_STEP][PASSED] - delay: Delayed 1 second(s)

2019-04-25 14:43:43 - [MESSAGE][PASSED] - Delayed 1 second(s)

2019-04-25 14:43:43 - [MESSAGE][PASSED] - Call Test Case 'Test Cases/s-sidebar_navigation/individualAccount/sequenceMessaging' successfully

2019-04-25 14:43:43 - [MESSAGE][PASSED] - Call Test Case 'Test Cases/Sequence Messaging/Login' successfully

2019-04-25 14:43:43 - [MESSAGE][PASSED] - Call Test Case 'Test Cases/Sequence Messaging/Go_to_Seq_Messaging' successfully

2019-04-25 14:43:43 - [TEST_STEP][PASSED] - delay: Delayed 4 second(s)

2019-04-25 14:43:48 - [MESSAGE][PASSED] - Delayed 4 second(s)

2019-04-25 14:43:48 - [MESSAGE][PASSED] - Call Test Case 'Test Cases/Sequence Messaging/TC0980' successfully

2019-04-25 14:43:48 - [TEST_STEP][PASSED] - delay: Delayed 2 second(s)

2019-04-25 14:43:50 - [MESSAGE][PASSED] - Delayed 2 second(s)

2019-04-25 14:43:50 - [TEST_STEP][PASSED] - click: Object: 'Object Repository/Page_KiboPush  Sequence Messaging/Delete Sequence Icon (1)' is clicked on

2019-04-25 14:43:50 - [MESSAGE][PASSED] - Object: 'Object Repository/Page_KiboPush  Sequence Messaging/Delete Sequence Icon (1)' is clicked on

2019-04-25 14:43:50 - [TEST_STEP][FAILED] - click: Unable to click on object 'Object Repository/Page_KiboPush  Sequence Messaging/button_Delete (2)' (Root cause: org.openqa.selenium.WebDriverException: unknown error: Element <button class="btn btn-primary btn-sm" style="float: right;">...</button> is not clickable at point (740, 273). Other element would receive the click: <div class="narcissus_17w311v" style="position: absolute; margin-bottom: 20px; width: 500px; top: 188px; transform: matrix3d(1.02736, 0, 0, 0, 0, 1.02736, 0, 0, 0, 0, 1, 0, 0, 0, 0, 1); left: 391px;">...</div>
  (Session info: chrome=73.0.3683.103)
  (Driver info: chromedriver=2.35.528161 (5b82f2d2aae0ca24b877009200ced9065a772e73),platform=Windows NT 10.0.17134 x86_64) (WARNING: The server did not provide any stacktrace information)
Command duration or timeout: 0 milliseconds
Build info: version: '3.7.1', revision: '8a0099a', time: '2017-11-06T21:07:36.161Z'
System info: host: 'DESKTOP-4M6R1V0', ip: '10.0.2.15', os.name: 'Windows 10', os.arch: 'amd64', os.version: '10.0', java.version: '1.8.0_181'
Driver info: com.kms.katalon.selenium.driver.CChromeDriver
Capabilities {acceptInsecureCerts: false, acceptSslCerts: false, applicationCacheEnabled: false, browserConnectionEnabled: false, browserName: chrome, chrome: {chromedriverVersion: 2.35.528161 (5b82f2d2aae0ca..., userDataDir: C:\Users\CLOUDK~1\AppData\L...}, cssSelectorsEnabled: true, databaseEnabled: false, handlesAlerts: true, hasTouchScreen: false, javascriptEnabled: true, locationContextEnabled: true, mobileEmulationEnabled: false, nativeEvents: true, networkConnectionEnabled: false, pageLoadStrategy: normal, platform: XP, platformName: XP, rotatable: false, setWindowRect: true, takesHeapSnapshot: true, takesScreenshot: true, unexpectedAlertBehaviour: , unhandledPromptBehavior: , version: 73.0.3683.103, webStorageEnabled: true}
Session ID: 52f8cc475d5d2726edf77c99e6577fe8)

2019-04-25 14:43:51 - [MESSAGE][FAILED] - Unable to click on object 'Object Repository/Page_KiboPush  Sequence Messaging/button_Delete (2)' (Root cause: org.openqa.selenium.WebDriverException: unknown error: Element <button class="btn btn-primary btn-sm" style="float: right;">...</button> is not clickable at point (740, 273). Other element would receive the click: <div class="narcissus_17w311v" style="position: absolute; margin-bottom: 20px; width: 500px; top: 188px; transform: matrix3d(1.02736, 0, 0, 0, 0, 1.02736, 0, 0, 0, 0, 1, 0, 0, 0, 0, 1); left: 391px;">...</div>
  (Session info: chrome=73.0.3683.103)
  (Driver info: chromedriver=2.35.528161 (5b82f2d2aae0ca24b877009200ced9065a772e73),platform=Windows NT 10.0.17134 x86_64) (WARNING: The server did not provide any stacktrace information)
Command duration or timeout: 0 milliseconds
Build info: version: '3.7.1', revision: '8a0099a', time: '2017-11-06T21:07:36.161Z'
System info: host: 'DESKTOP-4M6R1V0', ip: '10.0.2.15', os.name: 'Windows 10', os.arch: 'amd64', os.version: '10.0', java.version: '1.8.0_181'
Driver info: com.kms.katalon.selenium.driver.CChromeDriver
Capabilities {acceptInsecureCerts: false, acceptSslCerts: false, applicationCacheEnabled: false, browserConnectionEnabled: false, browserName: chrome, chrome: {chromedriverVersion: 2.35.528161 (5b82f2d2aae0ca..., userDataDir: C:\Users\CLOUDK~1\AppData\L...}, cssSelectorsEnabled: true, databaseEnabled: false, handlesAlerts: true, hasTouchScreen: false, javascriptEnabled: true, locationContextEnabled: true, mobileEmulationEnabled: false, nativeEvents: true, networkConnectionEnabled: false, pageLoadStrategy: normal, platform: XP, platformName: XP, rotatable: false, setWindowRect: true, takesHeapSnapshot: true, takesScreenshot: true, unexpectedAlertBehaviour: , unhandledPromptBehavior: , version: 73.0.3683.103, webStorageEnabled: true}
Session ID: 52f8cc475d5d2726edf77c99e6577fe8)
[[ATTACHMENT|C:\\Users\\cloudkibo\\Desktop\\KiboPush_Automated_Testing\\KiboPush Katalon\\Reports\\seq_message\\20190425_144123\\1556185430917.png]]]]></system-out>
         <system-err><![CDATA[2019-04-25 14:43:39 - [TEST_CASE][FAILED] - Test Cases/Sequence Messaging/TC0984: Test Cases/Sequence Messaging/TC0984 FAILED because (of) Unable to click on object 'Object Repository/Page_KiboPush  Sequence Messaging/button_Delete (2)' (Root cause: org.openqa.selenium.WebDriverException: unknown error: Element <button class="btn btn-primary btn-sm" style="float: right;">...</button> is not clickable at point (740, 273). Other element would receive the click: <div class="narcissus_17w311v" style="position: absolute; margin-bottom: 20px; width: 500px; top: 188px; transform: matrix3d(1.02736, 0, 0, 0, 0, 1.02736, 0, 0, 0, 0, 1, 0, 0, 0, 0, 1); left: 391px;">...</div>
  (Session info: chrome=73.0.3683.103)
  (Driver info: chromedriver=2.35.528161 (5b82f2d2aae0ca24b877009200ced9065a772e73),platform=Windows NT 10.0.17134 x86_64) (WARNING: The server did not provide any stacktrace information)
Command duration or timeout: 0 milliseconds
Build info: version: '3.7.1', revision: '8a0099a', time: '2017-11-06T21:07:36.161Z'
System info: host: 'DESKTOP-4M6R1V0', ip: '10.0.2.15', os.name: 'Windows 10', os.arch: 'amd64', os.version: '10.0', java.version: '1.8.0_181'
Driver info: com.kms.katalon.selenium.driver.CChromeDriver
Capabilities {acceptInsecureCerts: false, acceptSslCerts: false, applicationCacheEnabled: false, browserConnectionEnabled: false, browserName: chrome, chrome: {chromedriverVersion: 2.35.528161 (5b82f2d2aae0ca..., userDataDir: C:\Users\CLOUDK~1\AppData\L...}, cssSelectorsEnabled: true, databaseEnabled: false, handlesAlerts: true, hasTouchScreen: false, javascriptEnabled: true, locationContextEnabled: true, mobileEmulationEnabled: false, nativeEvents: true, networkConnectionEnabled: false, pageLoadStrategy: normal, platform: XP, platformName: XP, rotatable: false, setWindowRect: true, takesHeapSnapshot: true, takesScreenshot: true, unexpectedAlertBehaviour: , unhandledPromptBehavior: , version: 73.0.3683.103, webStorageEnabled: true}
Session ID: 52f8cc475d5d2726edf77c99e6577fe8)]]></system-err>
      </testcase>
      <testcase name="Test Cases/Sequence Messaging/TC0985" classname="Test Cases/Sequence Messaging/TC0985" status="PASSED">
         <system-out><![CDATA[2019-04-25 14:43:51 - [TEST_CASE][PASSED] - Test Cases/Sequence Messaging/TC0985: Test Cases/Sequence Messaging/TC0985

2019-04-25 14:43:52 - [TEST_STEP][PASSED] - callTestCase: Call Test Case 'Test Cases/Sequence Messaging/TC0984' successfully

2019-04-25 14:43:52 - [TEST_CASE][PASSED] - Test Cases/Sequence Messaging/TC0984: Test Cases/Sequence Messaging/TC0984

2019-04-25 14:43:52 - [TEST_STEP][PASSED] - callTestCase: Call Test Case 'Test Cases/Sequence Messaging/TC0980' successfully

2019-04-25 14:43:53 - [TEST_CASE][PASSED] - Test Cases/Sequence Messaging/TC0980: Test Cases/Sequence Messaging/TC0980

2019-04-25 14:43:53 - [TEST_STEP][PASSED] - callTestCase: Call Test Case 'Test Cases/Sequence Messaging/Go_to_Seq_Messaging' successfully

2019-04-25 14:43:53 - [TEST_CASE][PASSED] - Test Cases/Sequence Messaging/Go_to_Seq_Messaging: Test Cases/Sequence Messaging/Go_to_Seq_Messaging

2019-04-25 14:43:53 - [TEST_STEP][PASSED] - callTestCase: Call Test Case 'Test Cases/Sequence Messaging/Login' successfully

2019-04-25 14:43:53 - [TEST_CASE][PASSED] - Test Cases/Sequence Messaging/Login: Test Cases/Sequence Messaging/Login

2019-04-25 14:43:53 - [TEST_STEP][PASSED] - callTestCase: Call Test Case 'Test Cases/s-sidebar_navigation/individualAccount/sequenceMessaging' successfully

2019-04-25 14:43:53 - [TEST_CASE][PASSED] - Test Cases/s-sidebar_navigation/individualAccount/sequenceMessaging: Test Cases/s-sidebar_navigation/individualAccount/sequenceMessaging

2019-04-25 14:43:53 - [TEST_STEP][PASSED] - click: Object: 'Object Repository/Page_KiboPush  Dashboard/span_Autoposting' is clicked on

2019-04-25 14:43:54 - [MESSAGE][PASSED] - Object: 'Object Repository/Page_KiboPush  Dashboard/span_Autoposting' is clicked on

2019-04-25 14:43:54 - [TEST_STEP][PASSED] - delay: Delayed 1 second(s)

2019-04-25 14:43:55 - [MESSAGE][PASSED] - Delayed 1 second(s)

2019-04-25 14:43:55 - [TEST_STEP][PASSED] - click: Object: 'Object Repository/Page_KiboPush  Dashboard/span_Sequence Messaging' is clicked on

2019-04-25 14:43:55 - [MESSAGE][PASSED] - Object: 'Object Repository/Page_KiboPush  Dashboard/span_Sequence Messaging' is clicked on

2019-04-25 14:43:55 - [TEST_STEP][PASSED] - scrollToPosition: Browser is scrolled to position x = 0, y = 0

2019-04-25 14:43:55 - [MESSAGE][PASSED] - Browser is scrolled to position x = 0, y = 0

2019-04-25 14:43:55 - [TEST_STEP][PASSED] - click: Object: 'Object Repository/Page_KiboPush  Sequence Messaging/h3_Sequence Messaging' is clicked on

2019-04-25 14:43:55 - [MESSAGE][PASSED] - Object: 'Object Repository/Page_KiboPush  Sequence Messaging/h3_Sequence Messaging' is clicked on

2019-04-25 14:43:55 - [TEST_STEP][PASSED] - delay: Delayed 1 second(s)

2019-04-25 14:43:56 - [MESSAGE][PASSED] - Delayed 1 second(s)

2019-04-25 14:43:56 - [MESSAGE][PASSED] - Call Test Case 'Test Cases/s-sidebar_navigation/individualAccount/sequenceMessaging' successfully

2019-04-25 14:43:56 - [MESSAGE][PASSED] - Call Test Case 'Test Cases/Sequence Messaging/Login' successfully

2019-04-25 14:43:57 - [MESSAGE][PASSED] - Call Test Case 'Test Cases/Sequence Messaging/Go_to_Seq_Messaging' successfully

2019-04-25 14:43:57 - [TEST_STEP][PASSED] - delay: Delayed 4 second(s)

2019-04-25 14:44:01 - [MESSAGE][PASSED] - Delayed 4 second(s)

2019-04-25 14:44:01 - [MESSAGE][PASSED] - Call Test Case 'Test Cases/Sequence Messaging/TC0980' successfully

2019-04-25 14:44:01 - [TEST_STEP][PASSED] - delay: Delayed 2 second(s)

2019-04-25 14:44:03 - [MESSAGE][PASSED] - Delayed 2 second(s)

2019-04-25 14:44:03 - [TEST_STEP][PASSED] - click: Object: 'Object Repository/Page_KiboPush  Sequence Messaging/Delete Sequence Icon (1)' is clicked on

2019-04-25 14:44:03 - [MESSAGE][PASSED] - Object: 'Object Repository/Page_KiboPush  Sequence Messaging/Delete Sequence Icon (1)' is clicked on

2019-04-25 14:44:03 - [TEST_STEP][PASSED] - click: Object: 'Object Repository/Page_KiboPush  Sequence Messaging/button_Delete (2)' is clicked on

2019-04-25 14:44:04 - [MESSAGE][PASSED] - Object: 'Object Repository/Page_KiboPush  Sequence Messaging/button_Delete (2)' is clicked on

2019-04-25 14:44:04 - [TEST_STEP][PASSED] - delay: Delayed 2 second(s)

2019-04-25 14:44:06 - [MESSAGE][PASSED] - Delayed 2 second(s)

2019-04-25 14:44:06 - [TEST_STEP][PASSED] - click: Object: 'Object Repository/Page_KiboPush  Sequence Messaging/button_Create New Sequence' is clicked on

2019-04-25 14:44:06 - [MESSAGE][PASSED] - Object: 'Object Repository/Page_KiboPush  Sequence Messaging/button_Create New Sequence' is clicked on

2019-04-25 14:44:06 - [TEST_STEP][PASSED] - setText: Text 'Sequence1' is set on object 'Object Repository/Page_KiboPush  Sequence Messaging/input_Sequence Name_form-contr (3)'

2019-04-25 14:44:07 - [MESSAGE][PASSED] - Text 'Sequence1' is set on object 'Object Repository/Page_KiboPush  Sequence Messaging/input_Sequence Name_form-contr (3)'

2019-04-25 14:44:07 - [TEST_STEP][PASSED] - delay: Delayed 2 second(s)

2019-04-25 14:44:08 - [MESSAGE][PASSED] - Delayed 2 second(s)

2019-04-25 14:44:08 - [TEST_STEP][PASSED] - click: Object: 'Object Repository/Page_KiboPush  Sequence Messaging/button_Create (2)' is clicked on

2019-04-25 14:44:09 - [MESSAGE][PASSED] - Object: 'Object Repository/Page_KiboPush  Sequence Messaging/button_Create (2)' is clicked on

2019-04-25 14:44:09 - [TEST_STEP][PASSED] - delay: Delayed 2 second(s)

2019-04-25 14:44:11 - [MESSAGE][PASSED] - Delayed 2 second(s)

2019-04-25 14:44:11 - [TEST_STEP][PASSED] - click: Object: 'Object Repository/Page_KiboPush  Sequence Messaging/button_Add Message (1)' is clicked on

2019-04-25 14:44:11 - [MESSAGE][PASSED] - Object: 'Object Repository/Page_KiboPush  Sequence Messaging/button_Add Message (1)' is clicked on

2019-04-25 14:44:11 - [TEST_STEP][PASSED] - delay: Delayed 2 second(s)

2019-04-25 14:44:13 - [MESSAGE][PASSED] - Delayed 2 second(s)

2019-04-25 14:44:13 - [TEST_STEP][PASSED] - click: Object: 'Object Repository/Page_KiboPush  Sequence Messaging/button_Add Message (1)' is clicked on

2019-04-25 14:44:13 - [MESSAGE][PASSED] - Object: 'Object Repository/Page_KiboPush  Sequence Messaging/button_Add Message (1)' is clicked on

2019-04-25 14:44:13 - [TEST_STEP][PASSED] - delay: Delayed 2 second(s)

2019-04-25 14:44:15 - [MESSAGE][PASSED] - Delayed 2 second(s)

2019-04-25 14:44:15 - [TEST_STEP][PASSED] - click: Object: 'Object Repository/Page_KiboPush  Sequence Messaging/a_Back (5)' is clicked on

2019-04-25 14:44:15 - [MESSAGE][PASSED] - Object: 'Object Repository/Page_KiboPush  Sequence Messaging/a_Back (5)' is clicked on

2019-04-25 14:44:15 - [TEST_STEP][PASSED] - click: Object: 'Object Repository/Page_KiboPush  Sequence Messaging/span_Edit' is clicked on

2019-04-25 14:44:16 - [MESSAGE][PASSED] - Object: 'Object Repository/Page_KiboPush  Sequence Messaging/span_Edit' is clicked on

2019-04-25 14:44:16 - [TEST_STEP][PASSED] - delay: Delayed 2 second(s)

2019-04-25 14:44:18 - [MESSAGE][PASSED] - Delayed 2 second(s)

2019-04-25 14:44:18 - [MESSAGE][PASSED] - Call Test Case 'Test Cases/Sequence Messaging/TC0984' successfully

2019-04-25 14:44:18 - [TEST_STEP][PASSED] - scrollToPosition: Browser is scrolled to position x = 0, y = 0

2019-04-25 14:44:18 - [MESSAGE][PASSED] - Browser is scrolled to position x = 0, y = 0

2019-04-25 14:44:18 - [TEST_STEP][PASSED] - click: Object: 'Object Repository/Page_KiboPush  Sequence Messaging/button_Add Message (1)' is clicked on

2019-04-25 14:44:18 - [MESSAGE][PASSED] - Object: 'Object Repository/Page_KiboPush  Sequence Messaging/button_Add Message (1)' is clicked on

2019-04-25 14:44:18 - [TEST_STEP][PASSED] - click: Object: 'Object Repository/Page_KiboPush  Sequence Messaging/span_New Message (3)' is clicked on

2019-04-25 14:44:18 - [MESSAGE][PASSED] - Object: 'Object Repository/Page_KiboPush  Sequence Messaging/span_New Message (3)' is clicked on

2019-04-25 14:44:18 - [TEST_STEP][PASSED] - delay: Delayed 2 second(s)

2019-04-25 14:44:20 - [MESSAGE][PASSED] - Delayed 2 second(s)]]></system-out>
         <system-err><![CDATA[]]></system-err>
      </testcase>
      <testcase name="Test Cases/Sequence Messaging/TC0986" classname="Test Cases/Sequence Messaging/TC0986" status="PASSED">
         <system-out><![CDATA[2019-04-25 14:44:20 - [TEST_CASE][PASSED] - Test Cases/Sequence Messaging/TC0986: Test Cases/Sequence Messaging/TC0986

2019-04-25 14:44:20 - [TEST_STEP][PASSED] - callTestCase: Call Test Case 'Test Cases/Sequence Messaging/TC0980' successfully

2019-04-25 14:44:20 - [TEST_CASE][PASSED] - Test Cases/Sequence Messaging/TC0980: Test Cases/Sequence Messaging/TC0980

2019-04-25 14:44:20 - [TEST_STEP][PASSED] - callTestCase: Call Test Case 'Test Cases/Sequence Messaging/Go_to_Seq_Messaging' successfully

2019-04-25 14:44:20 - [TEST_CASE][PASSED] - Test Cases/Sequence Messaging/Go_to_Seq_Messaging: Test Cases/Sequence Messaging/Go_to_Seq_Messaging

2019-04-25 14:44:20 - [TEST_STEP][PASSED] - callTestCase: Call Test Case 'Test Cases/Sequence Messaging/Login' successfully

2019-04-25 14:44:20 - [TEST_CASE][PASSED] - Test Cases/Sequence Messaging/Login: Test Cases/Sequence Messaging/Login

2019-04-25 14:44:20 - [TEST_STEP][PASSED] - callTestCase: Call Test Case 'Test Cases/s-sidebar_navigation/individualAccount/sequenceMessaging' successfully

2019-04-25 14:44:21 - [TEST_CASE][PASSED] - Test Cases/s-sidebar_navigation/individualAccount/sequenceMessaging: Test Cases/s-sidebar_navigation/individualAccount/sequenceMessaging

2019-04-25 14:44:21 - [TEST_STEP][PASSED] - click: Object: 'Object Repository/Page_KiboPush  Dashboard/span_Autoposting' is clicked on

2019-04-25 14:44:21 - [MESSAGE][PASSED] - Object: 'Object Repository/Page_KiboPush  Dashboard/span_Autoposting' is clicked on

2019-04-25 14:44:21 - [TEST_STEP][PASSED] - delay: Delayed 1 second(s)

2019-04-25 14:44:22 - [MESSAGE][PASSED] - Delayed 1 second(s)

2019-04-25 14:44:22 - [TEST_STEP][PASSED] - click: Object: 'Object Repository/Page_KiboPush  Dashboard/span_Sequence Messaging' is clicked on

2019-04-25 14:44:22 - [MESSAGE][PASSED] - Object: 'Object Repository/Page_KiboPush  Dashboard/span_Sequence Messaging' is clicked on

2019-04-25 14:44:22 - [TEST_STEP][PASSED] - scrollToPosition: Browser is scrolled to position x = 0, y = 0

2019-04-25 14:44:22 - [MESSAGE][PASSED] - Browser is scrolled to position x = 0, y = 0

2019-04-25 14:44:22 - [TEST_STEP][PASSED] - click: Object: 'Object Repository/Page_KiboPush  Sequence Messaging/h3_Sequence Messaging' is clicked on

2019-04-25 14:44:22 - [MESSAGE][PASSED] - Object: 'Object Repository/Page_KiboPush  Sequence Messaging/h3_Sequence Messaging' is clicked on

2019-04-25 14:44:22 - [TEST_STEP][PASSED] - delay: Delayed 1 second(s)

2019-04-25 14:44:23 - [MESSAGE][PASSED] - Delayed 1 second(s)

2019-04-25 14:44:23 - [MESSAGE][PASSED] - Call Test Case 'Test Cases/s-sidebar_navigation/individualAccount/sequenceMessaging' successfully

2019-04-25 14:44:23 - [MESSAGE][PASSED] - Call Test Case 'Test Cases/Sequence Messaging/Login' successfully

2019-04-25 14:44:23 - [MESSAGE][PASSED] - Call Test Case 'Test Cases/Sequence Messaging/Go_to_Seq_Messaging' successfully

2019-04-25 14:44:23 - [TEST_STEP][PASSED] - delay: Delayed 4 second(s)

2019-04-25 14:44:26 - [MESSAGE][PASSED] - Delayed 4 second(s)

2019-04-25 14:44:26 - [MESSAGE][PASSED] - Call Test Case 'Test Cases/Sequence Messaging/TC0980' successfully

2019-04-25 14:44:26 - [TEST_STEP][PASSED] - click: Object: 'Object Repository/Page_KiboPush  Sequence Messaging/span_Edit (1)' is clicked on

2019-04-25 14:44:26 - [MESSAGE][PASSED] - Object: 'Object Repository/Page_KiboPush  Sequence Messaging/span_Edit (1)' is clicked on

2019-04-25 14:44:26 - [TEST_STEP][PASSED] - delay: Delayed 2 second(s)

2019-04-25 14:44:28 - [MESSAGE][PASSED] - Delayed 2 second(s)

2019-04-25 14:44:28 - [TEST_STEP][PASSED] - click: Object: 'Object Repository/Page_KiboPush  Sequence Messaging/Delete Message Icon' is clicked on

2019-04-25 14:44:28 - [MESSAGE][PASSED] - Object: 'Object Repository/Page_KiboPush  Sequence Messaging/Delete Message Icon' is clicked on

2019-04-25 14:44:28 - [TEST_STEP][PASSED] - click: Object: 'Object Repository/Page_KiboPush  Sequence Messaging/button_Delete (3)' is clicked on

2019-04-25 14:44:28 - [MESSAGE][PASSED] - Object: 'Object Repository/Page_KiboPush  Sequence Messaging/button_Delete (3)' is clicked on

2019-04-25 14:44:28 - [TEST_STEP][PASSED] - delay: Delayed 4 second(s)

2019-04-25 14:44:32 - [MESSAGE][PASSED] - Delayed 4 second(s)

2019-04-25 14:44:32 - [TEST_STEP][PASSED] - scrollToPosition: Browser is scrolled to position x = 0, y = 0

2019-04-25 14:44:32 - [MESSAGE][PASSED] - Browser is scrolled to position x = 0, y = 0

2019-04-25 14:44:32 - [TEST_STEP][PASSED] - delay: Delayed 1 second(s)

2019-04-25 14:44:32 - [MESSAGE][PASSED] - Delayed 1 second(s)

2019-04-25 14:44:32 - [TEST_STEP][PASSED] - click: Object: 'Object Repository/Page_KiboPush  Sequence Messaging/button_Add Message (1)' is clicked on

2019-04-25 14:44:33 - [MESSAGE][PASSED] - Object: 'Object Repository/Page_KiboPush  Sequence Messaging/button_Add Message (1)' is clicked on

2019-04-25 14:44:33 - [TEST_STEP][PASSED] - delay: Delayed 2 second(s)

2019-04-25 14:44:34 - [MESSAGE][PASSED] - Delayed 2 second(s)

2019-04-25 14:44:34 - [TEST_STEP][PASSED] - click: Object: 'Object Repository/Page_KiboPush  Sequence Messaging/span_New Message (4)' is clicked on

2019-04-25 14:44:34 - [MESSAGE][PASSED] - Object: 'Object Repository/Page_KiboPush  Sequence Messaging/span_New Message (4)' is clicked on

2019-04-25 14:44:34 - [TEST_STEP][PASSED] - delay: Delayed 3 second(s)

2019-04-25 14:44:37 - [MESSAGE][PASSED] - Delayed 3 second(s)

2019-04-25 14:44:37 - [TEST_STEP][PASSED] - click: Object: 'Object Repository/Page_KiboPush  Edit Message/i_New Message_convoTitle' is clicked on

2019-04-25 14:44:37 - [MESSAGE][PASSED] - Object: 'Object Repository/Page_KiboPush  Edit Message/i_New Message_convoTitle' is clicked on

2019-04-25 14:44:37 - [TEST_STEP][PASSED] - delay: Delayed 2 second(s)

2019-04-25 14:44:39 - [MESSAGE][PASSED] - Delayed 2 second(s)

2019-04-25 14:44:39 - [TEST_STEP][PASSED] - setText: Text 'Message1' is set on object 'Object Repository/Page_KiboPush  Edit Message/input_Rename_form-control'

2019-04-25 14:44:39 - [MESSAGE][PASSED] - Text 'Message1' is set on object 'Object Repository/Page_KiboPush  Edit Message/input_Rename_form-control'

2019-04-25 14:44:39 - [TEST_STEP][PASSED] - scrollToElement: Scroll to object 'Object Repository/Page_KiboPush  Edit Message/div_View Facebook guidelines r' successfully

2019-04-25 14:44:39 - [MESSAGE][PASSED] - Scroll to object 'Object Repository/Page_KiboPush  Edit Message/div_View Facebook guidelines r' successfully

2019-04-25 14:44:39 - [TEST_STEP][PASSED] - click: Object: 'Object Repository/Page_KiboPush  Edit Message/button_Save' is clicked on

2019-04-25 14:44:40 - [MESSAGE][PASSED] - Object: 'Object Repository/Page_KiboPush  Edit Message/button_Save' is clicked on

2019-04-25 14:44:40 - [TEST_STEP][PASSED] - delay: Delayed 3 second(s)

2019-04-25 14:44:42 - [MESSAGE][PASSED] - Delayed 3 second(s)

2019-04-25 14:44:42 - [TEST_STEP][PASSED] - click: Object: 'Object Repository/Page_KiboPush  Edit Message/div_Text' is clicked on

2019-04-25 14:44:43 - [MESSAGE][PASSED] - Object: 'Object Repository/Page_KiboPush  Edit Message/div_Text' is clicked on

2019-04-25 14:44:43 - [TEST_STEP][PASSED] - setText: Text 'Text1' is set on object 'Object Repository/Page_KiboPush  Edit Message/Set Text Component'

2019-04-25 14:44:43 - [MESSAGE][PASSED] - Text 'Text1' is set on object 'Object Repository/Page_KiboPush  Edit Message/Set Text Component'

2019-04-25 14:44:43 - [TEST_STEP][PASSED] - click: Object: 'Object Repository/Page_KiboPush  Edit Message/button_Save_1' is clicked on

2019-04-25 14:44:43 - [MESSAGE][PASSED] - Object: 'Object Repository/Page_KiboPush  Edit Message/button_Save_1' is clicked on

2019-04-25 14:44:43 - [TEST_STEP][PASSED] - scrollToPosition: Browser is scrolled to position x = 0, y = 0

2019-04-25 14:44:43 - [MESSAGE][PASSED] - Browser is scrolled to position x = 0, y = 0

2019-04-25 14:44:43 - [TEST_STEP][PASSED] - click: Object: 'Object Repository/Page_KiboPush  Edit Message/a_Back' is clicked on

2019-04-25 14:44:44 - [MESSAGE][PASSED] - Object: 'Object Repository/Page_KiboPush  Edit Message/a_Back' is clicked on]]></system-out>
         <system-err><![CDATA[]]></system-err>
      </testcase>
      <testcase name="Test Cases/Sequence Messaging/TC0987" classname="Test Cases/Sequence Messaging/TC0987" status="PASSED">
         <system-out><![CDATA[2019-04-25 14:44:44 - [TEST_CASE][PASSED] - Test Cases/Sequence Messaging/TC0987: Test Cases/Sequence Messaging/TC0987

2019-04-25 14:44:44 - [TEST_STEP][PASSED] - callTestCase: Call Test Case 'Test Cases/Sequence Messaging/TC0980' successfully

2019-04-25 14:44:44 - [TEST_CASE][PASSED] - Test Cases/Sequence Messaging/TC0980: Test Cases/Sequence Messaging/TC0980

2019-04-25 14:44:44 - [TEST_STEP][PASSED] - callTestCase: Call Test Case 'Test Cases/Sequence Messaging/Go_to_Seq_Messaging' successfully

2019-04-25 14:44:44 - [TEST_CASE][PASSED] - Test Cases/Sequence Messaging/Go_to_Seq_Messaging: Test Cases/Sequence Messaging/Go_to_Seq_Messaging

2019-04-25 14:44:44 - [TEST_STEP][PASSED] - callTestCase: Call Test Case 'Test Cases/Sequence Messaging/Login' successfully

2019-04-25 14:44:44 - [TEST_CASE][PASSED] - Test Cases/Sequence Messaging/Login: Test Cases/Sequence Messaging/Login

2019-04-25 14:44:44 - [TEST_STEP][PASSED] - callTestCase: Call Test Case 'Test Cases/s-sidebar_navigation/individualAccount/sequenceMessaging' successfully

2019-04-25 14:44:45 - [TEST_CASE][PASSED] - Test Cases/s-sidebar_navigation/individualAccount/sequenceMessaging: Test Cases/s-sidebar_navigation/individualAccount/sequenceMessaging

2019-04-25 14:44:45 - [TEST_STEP][PASSED] - click: Object: 'Object Repository/Page_KiboPush  Dashboard/span_Autoposting' is clicked on

2019-04-25 14:44:45 - [MESSAGE][PASSED] - Object: 'Object Repository/Page_KiboPush  Dashboard/span_Autoposting' is clicked on

2019-04-25 14:44:45 - [TEST_STEP][PASSED] - delay: Delayed 1 second(s)

2019-04-25 14:44:46 - [MESSAGE][PASSED] - Delayed 1 second(s)

2019-04-25 14:44:46 - [TEST_STEP][PASSED] - click: Object: 'Object Repository/Page_KiboPush  Dashboard/span_Sequence Messaging' is clicked on

2019-04-25 14:44:46 - [MESSAGE][PASSED] - Object: 'Object Repository/Page_KiboPush  Dashboard/span_Sequence Messaging' is clicked on

2019-04-25 14:44:46 - [TEST_STEP][PASSED] - scrollToPosition: Browser is scrolled to position x = 0, y = 0

2019-04-25 14:44:46 - [MESSAGE][PASSED] - Browser is scrolled to position x = 0, y = 0

2019-04-25 14:44:46 - [TEST_STEP][PASSED] - click: Object: 'Object Repository/Page_KiboPush  Sequence Messaging/h3_Sequence Messaging' is clicked on

2019-04-25 14:44:46 - [MESSAGE][PASSED] - Object: 'Object Repository/Page_KiboPush  Sequence Messaging/h3_Sequence Messaging' is clicked on

2019-04-25 14:44:46 - [TEST_STEP][PASSED] - delay: Delayed 1 second(s)

2019-04-25 14:44:47 - [MESSAGE][PASSED] - Delayed 1 second(s)

2019-04-25 14:44:47 - [MESSAGE][PASSED] - Call Test Case 'Test Cases/s-sidebar_navigation/individualAccount/sequenceMessaging' successfully

2019-04-25 14:44:47 - [MESSAGE][PASSED] - Call Test Case 'Test Cases/Sequence Messaging/Login' successfully

2019-04-25 14:44:47 - [MESSAGE][PASSED] - Call Test Case 'Test Cases/Sequence Messaging/Go_to_Seq_Messaging' successfully

2019-04-25 14:44:47 - [TEST_STEP][PASSED] - delay: Delayed 4 second(s)

2019-04-25 14:44:51 - [MESSAGE][PASSED] - Delayed 4 second(s)

2019-04-25 14:44:51 - [MESSAGE][PASSED] - Call Test Case 'Test Cases/Sequence Messaging/TC0980' successfully

2019-04-25 14:44:51 - [TEST_STEP][PASSED] - click: Object: 'Object Repository/Page_KiboPush  Sequence Messaging/span_-- Edit_1 (1)' is clicked on

2019-04-25 14:44:52 - [MESSAGE][PASSED] - Object: 'Object Repository/Page_KiboPush  Sequence Messaging/span_-- Edit_1 (1)' is clicked on

2019-04-25 14:44:52 - [TEST_STEP][PASSED] - click: Object: 'Object Repository/Page_KiboPush  Sequence Messaging/div_When subscriber subscribes (1) (1)' is clicked on

2019-04-25 14:44:52 - [MESSAGE][PASSED] - Object: 'Object Repository/Page_KiboPush  Sequence Messaging/div_When subscriber subscribes (1) (1)' is clicked on

2019-04-25 14:44:52 - [TEST_STEP][PASSED] - click: Object: 'Object Repository/Page_KiboPush  Sequence Messaging/button_Save (1) (1)' is clicked on

2019-04-25 14:44:52 - [MESSAGE][PASSED] - Object: 'Object Repository/Page_KiboPush  Sequence Messaging/button_Save (1) (1)' is clicked on]]></system-out>
         <system-err><![CDATA[]]></system-err>
      </testcase>
      <testcase name="Test Cases/Sequence Messaging/TC0990" classname="Test Cases/Sequence Messaging/TC0990" status="PASSED">
         <system-out><![CDATA[2019-04-25 14:44:52 - [TEST_CASE][PASSED] - Test Cases/Sequence Messaging/TC0990: Test Cases/Sequence Messaging/TC0990

2019-04-25 14:44:52 - [TEST_STEP][PASSED] - callTestCase: Call Test Case 'Test Cases/Sequence Messaging/Test Edit Sequence Button' successfully

2019-04-25 14:44:52 - [TEST_CASE][PASSED] - Test Cases/Sequence Messaging/Test Edit Sequence Button: Test Cases/Sequence Messaging/Test Edit Sequence Button

2019-04-25 14:44:53 - [TEST_STEP][PASSED] - callTestCase: Call Test Case 'Test Cases/Sequence Messaging/TC0980' successfully

2019-04-25 14:44:53 - [TEST_CASE][PASSED] - Test Cases/Sequence Messaging/TC0980: Test Cases/Sequence Messaging/TC0980

2019-04-25 14:44:53 - [TEST_STEP][PASSED] - callTestCase: Call Test Case 'Test Cases/Sequence Messaging/Go_to_Seq_Messaging' successfully

2019-04-25 14:44:53 - [TEST_CASE][PASSED] - Test Cases/Sequence Messaging/Go_to_Seq_Messaging: Test Cases/Sequence Messaging/Go_to_Seq_Messaging

2019-04-25 14:44:53 - [TEST_STEP][PASSED] - callTestCase: Call Test Case 'Test Cases/Sequence Messaging/Login' successfully

2019-04-25 14:44:53 - [TEST_CASE][PASSED] - Test Cases/Sequence Messaging/Login: Test Cases/Sequence Messaging/Login

2019-04-25 14:44:53 - [TEST_STEP][PASSED] - callTestCase: Call Test Case 'Test Cases/s-sidebar_navigation/individualAccount/sequenceMessaging' successfully

2019-04-25 14:44:53 - [TEST_CASE][PASSED] - Test Cases/s-sidebar_navigation/individualAccount/sequenceMessaging: Test Cases/s-sidebar_navigation/individualAccount/sequenceMessaging

2019-04-25 14:44:53 - [TEST_STEP][PASSED] - click: Object: 'Object Repository/Page_KiboPush  Dashboard/span_Autoposting' is clicked on

2019-04-25 14:44:53 - [MESSAGE][PASSED] - Object: 'Object Repository/Page_KiboPush  Dashboard/span_Autoposting' is clicked on

2019-04-25 14:44:53 - [TEST_STEP][PASSED] - delay: Delayed 1 second(s)

2019-04-25 14:44:54 - [MESSAGE][PASSED] - Delayed 1 second(s)

2019-04-25 14:44:54 - [TEST_STEP][PASSED] - click: Object: 'Object Repository/Page_KiboPush  Dashboard/span_Sequence Messaging' is clicked on

2019-04-25 14:44:55 - [MESSAGE][PASSED] - Object: 'Object Repository/Page_KiboPush  Dashboard/span_Sequence Messaging' is clicked on

2019-04-25 14:44:55 - [TEST_STEP][PASSED] - scrollToPosition: Browser is scrolled to position x = 0, y = 0

2019-04-25 14:44:55 - [MESSAGE][PASSED] - Browser is scrolled to position x = 0, y = 0

2019-04-25 14:44:55 - [TEST_STEP][PASSED] - click: Object: 'Object Repository/Page_KiboPush  Sequence Messaging/h3_Sequence Messaging' is clicked on

2019-04-25 14:44:55 - [MESSAGE][PASSED] - Object: 'Object Repository/Page_KiboPush  Sequence Messaging/h3_Sequence Messaging' is clicked on

2019-04-25 14:44:55 - [TEST_STEP][PASSED] - delay: Delayed 1 second(s)

2019-04-25 14:44:56 - [MESSAGE][PASSED] - Delayed 1 second(s)

2019-04-25 14:44:56 - [MESSAGE][PASSED] - Call Test Case 'Test Cases/s-sidebar_navigation/individualAccount/sequenceMessaging' successfully

2019-04-25 14:44:56 - [MESSAGE][PASSED] - Call Test Case 'Test Cases/Sequence Messaging/Login' successfully

2019-04-25 14:44:56 - [MESSAGE][PASSED] - Call Test Case 'Test Cases/Sequence Messaging/Go_to_Seq_Messaging' successfully

2019-04-25 14:44:56 - [TEST_STEP][PASSED] - delay: Delayed 4 second(s)

2019-04-25 14:45:01 - [MESSAGE][PASSED] - Delayed 4 second(s)

2019-04-25 14:45:01 - [MESSAGE][PASSED] - Call Test Case 'Test Cases/Sequence Messaging/TC0980' successfully

2019-04-25 14:45:01 - [TEST_STEP][PASSED] - click: Object: 'Object Repository/Page_KiboPush  Sequence Messaging/span_Edit (2)' is clicked on

2019-04-25 14:45:01 - [MESSAGE][PASSED] - Object: 'Object Repository/Page_KiboPush  Sequence Messaging/span_Edit (2)' is clicked on

2019-04-25 14:45:01 - [TEST_STEP][PASSED] - delay: Delayed 2 second(s)

2019-04-25 14:45:03 - [MESSAGE][PASSED] - Delayed 2 second(s)

2019-04-25 14:45:03 - [MESSAGE][PASSED] - Call Test Case 'Test Cases/Sequence Messaging/Test Edit Sequence Button' successfully

2019-04-25 14:45:03 - [TEST_STEP][PASSED] - click: Object: 'Object Repository/Page_KiboPush  Sequence Messaging/Edit Schedule Button (1)' is clicked on

2019-04-25 14:45:04 - [MESSAGE][PASSED] - Object: 'Object Repository/Page_KiboPush  Sequence Messaging/Edit Schedule Button (1)' is clicked on

2019-04-25 14:45:04 - [TEST_STEP][PASSED] - delay: Delayed 2 second(s)

2019-04-25 14:45:06 - [MESSAGE][PASSED] - Delayed 2 second(s)

2019-04-25 14:45:06 - [TEST_STEP][PASSED] - selectOptionByValue: All options with value 'immediately' are selected in object 'Object Repository/Page_KiboPush  Sequence Messaging/select_AfterImmediately (2)'  using regular expression

2019-04-25 14:45:06 - [MESSAGE][PASSED] - All options with value 'immediately' are selected in object 'Object Repository/Page_KiboPush  Sequence Messaging/select_AfterImmediately (2)'  using regular expression

2019-04-25 14:45:06 - [TEST_STEP][PASSED] - click: Object: 'Object Repository/Page_KiboPush  Sequence Messaging/button_Save (2)' is clicked on

2019-04-25 14:45:07 - [MESSAGE][PASSED] - Object: 'Object Repository/Page_KiboPush  Sequence Messaging/button_Save (2)' is clicked on]]></system-out>
         <system-err><![CDATA[]]></system-err>
      </testcase>
      <testcase name="Test Cases/Sequence Messaging/TC1001" classname="Test Cases/Sequence Messaging/TC1001" status="PASSED">
         <system-out><![CDATA[2019-04-25 14:45:07 - [TEST_CASE][PASSED] - Test Cases/Sequence Messaging/TC1001: Test Cases/Sequence Messaging/TC1001

2019-04-25 14:45:07 - [TEST_STEP][PASSED] - callTestCase: Call Test Case 'Test Cases/Sequence Messaging/TC0986' successfully

2019-04-25 14:45:07 - [TEST_CASE][PASSED] - Test Cases/Sequence Messaging/TC0986: Test Cases/Sequence Messaging/TC0986

2019-04-25 14:45:07 - [TEST_STEP][PASSED] - callTestCase: Call Test Case 'Test Cases/Sequence Messaging/TC0980' successfully

2019-04-25 14:45:07 - [TEST_CASE][PASSED] - Test Cases/Sequence Messaging/TC0980: Test Cases/Sequence Messaging/TC0980

2019-04-25 14:45:07 - [TEST_STEP][PASSED] - callTestCase: Call Test Case 'Test Cases/Sequence Messaging/Go_to_Seq_Messaging' successfully

2019-04-25 14:45:07 - [TEST_CASE][PASSED] - Test Cases/Sequence Messaging/Go_to_Seq_Messaging: Test Cases/Sequence Messaging/Go_to_Seq_Messaging

2019-04-25 14:45:07 - [TEST_STEP][PASSED] - callTestCase: Call Test Case 'Test Cases/Sequence Messaging/Login' successfully

2019-04-25 14:45:07 - [TEST_CASE][PASSED] - Test Cases/Sequence Messaging/Login: Test Cases/Sequence Messaging/Login

2019-04-25 14:45:07 - [TEST_STEP][PASSED] - callTestCase: Call Test Case 'Test Cases/s-sidebar_navigation/individualAccount/sequenceMessaging' successfully

2019-04-25 14:45:07 - [TEST_CASE][PASSED] - Test Cases/s-sidebar_navigation/individualAccount/sequenceMessaging: Test Cases/s-sidebar_navigation/individualAccount/sequenceMessaging

2019-04-25 14:45:07 - [TEST_STEP][PASSED] - click: Object: 'Object Repository/Page_KiboPush  Dashboard/span_Autoposting' is clicked on

2019-04-25 14:45:08 - [MESSAGE][PASSED] - Object: 'Object Repository/Page_KiboPush  Dashboard/span_Autoposting' is clicked on

2019-04-25 14:45:08 - [TEST_STEP][PASSED] - delay: Delayed 1 second(s)

2019-04-25 14:45:09 - [MESSAGE][PASSED] - Delayed 1 second(s)

2019-04-25 14:45:09 - [TEST_STEP][PASSED] - click: Object: 'Object Repository/Page_KiboPush  Dashboard/span_Sequence Messaging' is clicked on

2019-04-25 14:45:09 - [MESSAGE][PASSED] - Object: 'Object Repository/Page_KiboPush  Dashboard/span_Sequence Messaging' is clicked on

2019-04-25 14:45:09 - [TEST_STEP][PASSED] - scrollToPosition: Browser is scrolled to position x = 0, y = 0

2019-04-25 14:45:09 - [MESSAGE][PASSED] - Browser is scrolled to position x = 0, y = 0

2019-04-25 14:45:10 - [TEST_STEP][PASSED] - click: Object: 'Object Repository/Page_KiboPush  Sequence Messaging/h3_Sequence Messaging' is clicked on

2019-04-25 14:45:10 - [MESSAGE][PASSED] - Object: 'Object Repository/Page_KiboPush  Sequence Messaging/h3_Sequence Messaging' is clicked on

2019-04-25 14:45:10 - [TEST_STEP][PASSED] - delay: Delayed 1 second(s)

2019-04-25 14:45:11 - [MESSAGE][PASSED] - Delayed 1 second(s)

2019-04-25 14:45:11 - [MESSAGE][PASSED] - Call Test Case 'Test Cases/s-sidebar_navigation/individualAccount/sequenceMessaging' successfully

2019-04-25 14:45:11 - [MESSAGE][PASSED] - Call Test Case 'Test Cases/Sequence Messaging/Login' successfully

2019-04-25 14:45:11 - [MESSAGE][PASSED] - Call Test Case 'Test Cases/Sequence Messaging/Go_to_Seq_Messaging' successfully

2019-04-25 14:45:11 - [TEST_STEP][PASSED] - delay: Delayed 4 second(s)

2019-04-25 14:45:16 - [MESSAGE][PASSED] - Delayed 4 second(s)

2019-04-25 14:45:16 - [MESSAGE][PASSED] - Call Test Case 'Test Cases/Sequence Messaging/TC0980' successfully

2019-04-25 14:45:16 - [TEST_STEP][PASSED] - click: Object: 'Object Repository/Page_KiboPush  Sequence Messaging/span_Edit (1)' is clicked on

2019-04-25 14:45:16 - [MESSAGE][PASSED] - Object: 'Object Repository/Page_KiboPush  Sequence Messaging/span_Edit (1)' is clicked on

2019-04-25 14:45:16 - [TEST_STEP][PASSED] - delay: Delayed 2 second(s)

2019-04-25 14:45:19 - [MESSAGE][PASSED] - Delayed 2 second(s)

2019-04-25 14:45:19 - [TEST_STEP][PASSED] - click: Object: 'Object Repository/Page_KiboPush  Sequence Messaging/Delete Message Icon' is clicked on

2019-04-25 14:45:19 - [MESSAGE][PASSED] - Object: 'Object Repository/Page_KiboPush  Sequence Messaging/Delete Message Icon' is clicked on

2019-04-25 14:45:19 - [TEST_STEP][PASSED] - click: Object: 'Object Repository/Page_KiboPush  Sequence Messaging/button_Delete (3)' is clicked on

2019-04-25 14:45:20 - [MESSAGE][PASSED] - Object: 'Object Repository/Page_KiboPush  Sequence Messaging/button_Delete (3)' is clicked on

2019-04-25 14:45:20 - [TEST_STEP][PASSED] - delay: Delayed 4 second(s)

2019-04-25 14:45:25 - [MESSAGE][PASSED] - Delayed 4 second(s)

2019-04-25 14:45:25 - [TEST_STEP][PASSED] - scrollToPosition: Browser is scrolled to position x = 0, y = 0

2019-04-25 14:45:25 - [MESSAGE][PASSED] - Browser is scrolled to position x = 0, y = 0

2019-04-25 14:45:25 - [TEST_STEP][PASSED] - delay: Delayed 1 second(s)

2019-04-25 14:45:26 - [MESSAGE][PASSED] - Delayed 1 second(s)

2019-04-25 14:45:26 - [TEST_STEP][PASSED] - click: Object: 'Object Repository/Page_KiboPush  Sequence Messaging/button_Add Message (1)' is clicked on

2019-04-25 14:45:27 - [MESSAGE][PASSED] - Object: 'Object Repository/Page_KiboPush  Sequence Messaging/button_Add Message (1)' is clicked on

2019-04-25 14:45:27 - [TEST_STEP][PASSED] - delay: Delayed 2 second(s)

2019-04-25 14:45:29 - [MESSAGE][PASSED] - Delayed 2 second(s)

2019-04-25 14:45:29 - [TEST_STEP][PASSED] - click: Object: 'Object Repository/Page_KiboPush  Sequence Messaging/span_New Message (4)' is clicked on

2019-04-25 14:45:30 - [MESSAGE][PASSED] - Object: 'Object Repository/Page_KiboPush  Sequence Messaging/span_New Message (4)' is clicked on

2019-04-25 14:45:30 - [TEST_STEP][PASSED] - delay: Delayed 3 second(s)

2019-04-25 14:45:34 - [MESSAGE][PASSED] - Delayed 3 second(s)

2019-04-25 14:45:34 - [TEST_STEP][PASSED] - click: Object: 'Object Repository/Page_KiboPush  Edit Message/i_New Message_convoTitle' is clicked on

2019-04-25 14:45:34 - [MESSAGE][PASSED] - Object: 'Object Repository/Page_KiboPush  Edit Message/i_New Message_convoTitle' is clicked on

2019-04-25 14:45:34 - [TEST_STEP][PASSED] - delay: Delayed 2 second(s)

2019-04-25 14:45:37 - [MESSAGE][PASSED] - Delayed 2 second(s)

2019-04-25 14:45:37 - [TEST_STEP][PASSED] - setText: Text 'Message1' is set on object 'Object Repository/Page_KiboPush  Edit Message/input_Rename_form-control'

2019-04-25 14:45:37 - [MESSAGE][PASSED] - Text 'Message1' is set on object 'Object Repository/Page_KiboPush  Edit Message/input_Rename_form-control'

2019-04-25 14:45:37 - [TEST_STEP][PASSED] - scrollToElement: Scroll to object 'Object Repository/Page_KiboPush  Edit Message/div_View Facebook guidelines r' successfully

2019-04-25 14:45:37 - [MESSAGE][PASSED] - Scroll to object 'Object Repository/Page_KiboPush  Edit Message/div_View Facebook guidelines r' successfully

2019-04-25 14:45:37 - [TEST_STEP][PASSED] - click: Object: 'Object Repository/Page_KiboPush  Edit Message/button_Save' is clicked on

2019-04-25 14:45:38 - [MESSAGE][PASSED] - Object: 'Object Repository/Page_KiboPush  Edit Message/button_Save' is clicked on

2019-04-25 14:45:38 - [TEST_STEP][PASSED] - delay: Delayed 3 second(s)

2019-04-25 14:45:41 - [MESSAGE][PASSED] - Delayed 3 second(s)

2019-04-25 14:45:41 - [TEST_STEP][PASSED] - click: Object: 'Object Repository/Page_KiboPush  Edit Message/div_Text' is clicked on

2019-04-25 14:45:42 - [MESSAGE][PASSED] - Object: 'Object Repository/Page_KiboPush  Edit Message/div_Text' is clicked on

2019-04-25 14:45:42 - [TEST_STEP][PASSED] - setText: Text 'Text1' is set on object 'Object Repository/Page_KiboPush  Edit Message/Set Text Component'

2019-04-25 14:45:42 - [MESSAGE][PASSED] - Text 'Text1' is set on object 'Object Repository/Page_KiboPush  Edit Message/Set Text Component'

2019-04-25 14:45:42 - [TEST_STEP][PASSED] - click: Object: 'Object Repository/Page_KiboPush  Edit Message/button_Save_1' is clicked on

2019-04-25 14:45:43 - [MESSAGE][PASSED] - Object: 'Object Repository/Page_KiboPush  Edit Message/button_Save_1' is clicked on

2019-04-25 14:45:43 - [TEST_STEP][PASSED] - scrollToPosition: Browser is scrolled to position x = 0, y = 0

2019-04-25 14:45:43 - [MESSAGE][PASSED] - Browser is scrolled to position x = 0, y = 0

2019-04-25 14:45:43 - [TEST_STEP][PASSED] - click: Object: 'Object Repository/Page_KiboPush  Edit Message/a_Back' is clicked on

2019-04-25 14:45:43 - [MESSAGE][PASSED] - Object: 'Object Repository/Page_KiboPush  Edit Message/a_Back' is clicked on

2019-04-25 14:45:43 - [MESSAGE][PASSED] - Call Test Case 'Test Cases/Sequence Messaging/TC0986' successfully

2019-04-25 14:45:43 - [TEST_STEP][PASSED] - click: Object: 'Object Repository/Page_KiboPush  Sequence Messaging/span_-- Edit (7)' is clicked on

2019-04-25 14:45:44 - [MESSAGE][PASSED] - Object: 'Object Repository/Page_KiboPush  Sequence Messaging/span_-- Edit (7)' is clicked on

2019-04-25 14:45:44 - [TEST_STEP][PASSED] - selectOptionByValue: All options with value 'sees' are selected in object 'Object Repository/Page_KiboPush  Sequence Messaging/select_Select Event seesclicks (2)'  using regular expression

2019-04-25 14:45:45 - [MESSAGE][PASSED] - All options with value 'sees' are selected in object 'Object Repository/Page_KiboPush  Sequence Messaging/select_Select Event seesclicks (2)'  using regular expression]]></system-out>
         <system-err><![CDATA[]]></system-err>
      </testcase>
      <testcase name="Test Cases/Sequence Messaging/TC1002" classname="Test Cases/Sequence Messaging/TC1002" status="PASSED">
         <system-out><![CDATA[2019-04-25 14:45:45 - [TEST_CASE][PASSED] - Test Cases/Sequence Messaging/TC1002: Test Cases/Sequence Messaging/TC1002

2019-04-25 14:45:45 - [TEST_STEP][PASSED] - callTestCase: Call Test Case 'Test Cases/Sequence Messaging/Test Edit Sequence Button' successfully

2019-04-25 14:45:45 - [TEST_CASE][PASSED] - Test Cases/Sequence Messaging/Test Edit Sequence Button: Test Cases/Sequence Messaging/Test Edit Sequence Button

2019-04-25 14:45:45 - [TEST_STEP][PASSED] - callTestCase: Call Test Case 'Test Cases/Sequence Messaging/TC0980' successfully

2019-04-25 14:45:45 - [TEST_CASE][PASSED] - Test Cases/Sequence Messaging/TC0980: Test Cases/Sequence Messaging/TC0980

2019-04-25 14:45:45 - [TEST_STEP][PASSED] - callTestCase: Call Test Case 'Test Cases/Sequence Messaging/Go_to_Seq_Messaging' successfully

2019-04-25 14:45:46 - [TEST_CASE][PASSED] - Test Cases/Sequence Messaging/Go_to_Seq_Messaging: Test Cases/Sequence Messaging/Go_to_Seq_Messaging

2019-04-25 14:45:46 - [TEST_STEP][PASSED] - callTestCase: Call Test Case 'Test Cases/Sequence Messaging/Login' successfully

2019-04-25 14:45:46 - [TEST_CASE][PASSED] - Test Cases/Sequence Messaging/Login: Test Cases/Sequence Messaging/Login

2019-04-25 14:45:46 - [TEST_STEP][PASSED] - callTestCase: Call Test Case 'Test Cases/s-sidebar_navigation/individualAccount/sequenceMessaging' successfully

2019-04-25 14:45:46 - [TEST_CASE][PASSED] - Test Cases/s-sidebar_navigation/individualAccount/sequenceMessaging: Test Cases/s-sidebar_navigation/individualAccount/sequenceMessaging

2019-04-25 14:45:46 - [TEST_STEP][PASSED] - click: Object: 'Object Repository/Page_KiboPush  Dashboard/span_Autoposting' is clicked on

2019-04-25 14:45:46 - [MESSAGE][PASSED] - Object: 'Object Repository/Page_KiboPush  Dashboard/span_Autoposting' is clicked on

2019-04-25 14:45:46 - [TEST_STEP][PASSED] - delay: Delayed 1 second(s)

2019-04-25 14:45:47 - [MESSAGE][PASSED] - Delayed 1 second(s)

2019-04-25 14:45:47 - [TEST_STEP][PASSED] - click: Object: 'Object Repository/Page_KiboPush  Dashboard/span_Sequence Messaging' is clicked on

2019-04-25 14:45:48 - [MESSAGE][PASSED] - Object: 'Object Repository/Page_KiboPush  Dashboard/span_Sequence Messaging' is clicked on

2019-04-25 14:45:48 - [TEST_STEP][PASSED] - scrollToPosition: Browser is scrolled to position x = 0, y = 0

2019-04-25 14:45:48 - [MESSAGE][PASSED] - Browser is scrolled to position x = 0, y = 0

2019-04-25 14:45:48 - [TEST_STEP][PASSED] - click: Object: 'Object Repository/Page_KiboPush  Sequence Messaging/h3_Sequence Messaging' is clicked on

2019-04-25 14:45:48 - [MESSAGE][PASSED] - Object: 'Object Repository/Page_KiboPush  Sequence Messaging/h3_Sequence Messaging' is clicked on

2019-04-25 14:45:48 - [TEST_STEP][PASSED] - delay: Delayed 1 second(s)

2019-04-25 14:45:50 - [MESSAGE][PASSED] - Delayed 1 second(s)

2019-04-25 14:45:50 - [MESSAGE][PASSED] - Call Test Case 'Test Cases/s-sidebar_navigation/individualAccount/sequenceMessaging' successfully

2019-04-25 14:45:50 - [MESSAGE][PASSED] - Call Test Case 'Test Cases/Sequence Messaging/Login' successfully

2019-04-25 14:45:50 - [MESSAGE][PASSED] - Call Test Case 'Test Cases/Sequence Messaging/Go_to_Seq_Messaging' successfully

2019-04-25 14:45:50 - [TEST_STEP][PASSED] - delay: Delayed 4 second(s)

2019-04-25 14:45:54 - [MESSAGE][PASSED] - Delayed 4 second(s)

2019-04-25 14:45:54 - [MESSAGE][PASSED] - Call Test Case 'Test Cases/Sequence Messaging/TC0980' successfully

2019-04-25 14:45:54 - [TEST_STEP][PASSED] - click: Object: 'Object Repository/Page_KiboPush  Sequence Messaging/span_Edit (2)' is clicked on

2019-04-25 14:45:54 - [MESSAGE][PASSED] - Object: 'Object Repository/Page_KiboPush  Sequence Messaging/span_Edit (2)' is clicked on

2019-04-25 14:45:54 - [TEST_STEP][PASSED] - delay: Delayed 2 second(s)

2019-04-25 14:45:56 - [MESSAGE][PASSED] - Delayed 2 second(s)

2019-04-25 14:45:56 - [MESSAGE][PASSED] - Call Test Case 'Test Cases/Sequence Messaging/Test Edit Sequence Button' successfully

2019-04-25 14:45:56 - [TEST_STEP][PASSED] - delay: Delayed 2 second(s)

2019-04-25 14:45:58 - [MESSAGE][PASSED] - Delayed 2 second(s)

2019-04-25 14:45:58 - [TEST_STEP][PASSED] - click: Object: 'Object Repository/Page_KiboPush  Sequence Messaging/span_-- Edit (6)' is clicked on

2019-04-25 14:45:59 - [MESSAGE][PASSED] - Object: 'Object Repository/Page_KiboPush  Sequence Messaging/span_-- Edit (6)' is clicked on

2019-04-25 14:45:59 - [TEST_STEP][PASSED] - delay: Delayed 2 second(s)

2019-04-25 14:46:01 - [MESSAGE][PASSED] - Delayed 2 second(s)]]></system-out>
         <system-err><![CDATA[]]></system-err>
      </testcase>
      <testcase name="Test Cases/Sequence Messaging/TC1003" classname="Test Cases/Sequence Messaging/TC1003" status="PASSED">
         <system-out><![CDATA[2019-04-25 14:46:01 - [TEST_CASE][PASSED] - Test Cases/Sequence Messaging/TC1003: Test Cases/Sequence Messaging/TC1003

2019-04-25 14:46:01 - [TEST_STEP][PASSED] - callTestCase: Call Test Case 'Test Cases/Sequence Messaging/TC1002' successfully

2019-04-25 14:46:01 - [TEST_CASE][PASSED] - Test Cases/Sequence Messaging/TC1002: Test Cases/Sequence Messaging/TC1002

2019-04-25 14:46:01 - [TEST_STEP][PASSED] - callTestCase: Call Test Case 'Test Cases/Sequence Messaging/Test Edit Sequence Button' successfully

2019-04-25 14:46:01 - [TEST_CASE][PASSED] - Test Cases/Sequence Messaging/Test Edit Sequence Button: Test Cases/Sequence Messaging/Test Edit Sequence Button

2019-04-25 14:46:01 - [TEST_STEP][PASSED] - callTestCase: Call Test Case 'Test Cases/Sequence Messaging/TC0980' successfully

2019-04-25 14:46:01 - [TEST_CASE][PASSED] - Test Cases/Sequence Messaging/TC0980: Test Cases/Sequence Messaging/TC0980

2019-04-25 14:46:01 - [TEST_STEP][PASSED] - callTestCase: Call Test Case 'Test Cases/Sequence Messaging/Go_to_Seq_Messaging' successfully

2019-04-25 14:46:01 - [TEST_CASE][PASSED] - Test Cases/Sequence Messaging/Go_to_Seq_Messaging: Test Cases/Sequence Messaging/Go_to_Seq_Messaging

2019-04-25 14:46:01 - [TEST_STEP][PASSED] - callTestCase: Call Test Case 'Test Cases/Sequence Messaging/Login' successfully

2019-04-25 14:46:01 - [TEST_CASE][PASSED] - Test Cases/Sequence Messaging/Login: Test Cases/Sequence Messaging/Login

2019-04-25 14:46:01 - [TEST_STEP][PASSED] - callTestCase: Call Test Case 'Test Cases/s-sidebar_navigation/individualAccount/sequenceMessaging' successfully

2019-04-25 14:46:01 - [TEST_CASE][PASSED] - Test Cases/s-sidebar_navigation/individualAccount/sequenceMessaging: Test Cases/s-sidebar_navigation/individualAccount/sequenceMessaging

2019-04-25 14:46:01 - [TEST_STEP][PASSED] - click: Object: 'Object Repository/Page_KiboPush  Dashboard/span_Autoposting' is clicked on

2019-04-25 14:46:02 - [MESSAGE][PASSED] - Object: 'Object Repository/Page_KiboPush  Dashboard/span_Autoposting' is clicked on

2019-04-25 14:46:02 - [TEST_STEP][PASSED] - delay: Delayed 1 second(s)

2019-04-25 14:46:03 - [MESSAGE][PASSED] - Delayed 1 second(s)

2019-04-25 14:46:03 - [TEST_STEP][PASSED] - click: Object: 'Object Repository/Page_KiboPush  Dashboard/span_Sequence Messaging' is clicked on

2019-04-25 14:46:03 - [MESSAGE][PASSED] - Object: 'Object Repository/Page_KiboPush  Dashboard/span_Sequence Messaging' is clicked on

2019-04-25 14:46:03 - [TEST_STEP][PASSED] - scrollToPosition: Browser is scrolled to position x = 0, y = 0

2019-04-25 14:46:03 - [MESSAGE][PASSED] - Browser is scrolled to position x = 0, y = 0

2019-04-25 14:46:03 - [TEST_STEP][PASSED] - click: Object: 'Object Repository/Page_KiboPush  Sequence Messaging/h3_Sequence Messaging' is clicked on

2019-04-25 14:46:03 - [MESSAGE][PASSED] - Object: 'Object Repository/Page_KiboPush  Sequence Messaging/h3_Sequence Messaging' is clicked on

2019-04-25 14:46:03 - [TEST_STEP][PASSED] - delay: Delayed 1 second(s)

2019-04-25 14:46:04 - [MESSAGE][PASSED] - Delayed 1 second(s)

2019-04-25 14:46:04 - [MESSAGE][PASSED] - Call Test Case 'Test Cases/s-sidebar_navigation/individualAccount/sequenceMessaging' successfully

2019-04-25 14:46:04 - [MESSAGE][PASSED] - Call Test Case 'Test Cases/Sequence Messaging/Login' successfully

2019-04-25 14:46:04 - [MESSAGE][PASSED] - Call Test Case 'Test Cases/Sequence Messaging/Go_to_Seq_Messaging' successfully

2019-04-25 14:46:04 - [TEST_STEP][PASSED] - delay: Delayed 4 second(s)

2019-04-25 14:46:08 - [MESSAGE][PASSED] - Delayed 4 second(s)

2019-04-25 14:46:08 - [MESSAGE][PASSED] - Call Test Case 'Test Cases/Sequence Messaging/TC0980' successfully

2019-04-25 14:46:08 - [TEST_STEP][PASSED] - click: Object: 'Object Repository/Page_KiboPush  Sequence Messaging/span_Edit (2)' is clicked on

2019-04-25 14:46:08 - [MESSAGE][PASSED] - Object: 'Object Repository/Page_KiboPush  Sequence Messaging/span_Edit (2)' is clicked on

2019-04-25 14:46:08 - [TEST_STEP][PASSED] - delay: Delayed 2 second(s)

2019-04-25 14:46:10 - [MESSAGE][PASSED] - Delayed 2 second(s)

2019-04-25 14:46:10 - [MESSAGE][PASSED] - Call Test Case 'Test Cases/Sequence Messaging/Test Edit Sequence Button' successfully

2019-04-25 14:46:10 - [TEST_STEP][PASSED] - delay: Delayed 2 second(s)

2019-04-25 14:46:12 - [MESSAGE][PASSED] - Delayed 2 second(s)

2019-04-25 14:46:12 - [TEST_STEP][PASSED] - click: Object: 'Object Repository/Page_KiboPush  Sequence Messaging/span_-- Edit (6)' is clicked on

2019-04-25 14:46:12 - [MESSAGE][PASSED] - Object: 'Object Repository/Page_KiboPush  Sequence Messaging/span_-- Edit (6)' is clicked on

2019-04-25 14:46:12 - [TEST_STEP][PASSED] - delay: Delayed 2 second(s)

2019-04-25 14:46:14 - [MESSAGE][PASSED] - Delayed 2 second(s)

2019-04-25 14:46:14 - [MESSAGE][PASSED] - Call Test Case 'Test Cases/Sequence Messaging/TC1002' successfully

2019-04-25 14:46:14 - [TEST_STEP][PASSED] - selectOptionByValue: All options with value 'first_name' are selected in object 'Object Repository/Page_KiboPush  Sequence Messaging/select_Select ConditionFirst N'  using regular expression

2019-04-25 14:46:14 - [MESSAGE][PASSED] - All options with value 'first_name' are selected in object 'Object Repository/Page_KiboPush  Sequence Messaging/select_Select ConditionFirst N'  using regular expression

2019-04-25 14:46:14 - [TEST_STEP][PASSED] - selectOptionByValue: All options with value 'is' are selected in object 'Object Repository/Page_KiboPush  Sequence Messaging/select_Select Criteriaiscontai'  using regular expression

2019-04-25 14:46:14 - [MESSAGE][PASSED] - All options with value 'is' are selected in object 'Object Repository/Page_KiboPush  Sequence Messaging/select_Select Criteriaiscontai'  using regular expression

2019-04-25 14:46:14 - [TEST_STEP][PASSED] - setText: Text 'Arveen' is set on object 'Object Repository/Page_KiboPush  Sequence Messaging/input_Value_text'

2019-04-25 14:46:15 - [MESSAGE][PASSED] - Text 'Arveen' is set on object 'Object Repository/Page_KiboPush  Sequence Messaging/input_Value_text'

2019-04-25 14:46:15 - [TEST_STEP][PASSED] - delay: Delayed 2 second(s)

2019-04-25 14:46:16 - [MESSAGE][PASSED] - Delayed 2 second(s)

2019-04-25 14:46:16 - [TEST_STEP][PASSED] - click: Object: 'Object Repository/Page_KiboPush  Sequence Messaging/button_Save (3)' is clicked on

2019-04-25 14:46:16 - [MESSAGE][PASSED] - Object: 'Object Repository/Page_KiboPush  Sequence Messaging/button_Save (3)' is clicked on]]></system-out>
         <system-err><![CDATA[]]></system-err>
      </testcase>
      <testcase name="Test Cases/Sequence Messaging/TC1004" classname="Test Cases/Sequence Messaging/TC1004" status="PASSED">
         <system-out><![CDATA[2019-04-25 14:46:16 - [TEST_CASE][PASSED] - Test Cases/Sequence Messaging/TC1004: Test Cases/Sequence Messaging/TC1004

2019-04-25 14:46:17 - [TEST_STEP][PASSED] - callTestCase: Call Test Case 'Test Cases/s-sidebar_navigation/individualAccount/arveen_production_login_kiboengage' successfully

2019-04-25 14:46:17 - [TEST_CASE][PASSED] - Test Cases/s-sidebar_navigation/individualAccount/arveen_production_login_kiboengage: Test Cases/s-sidebar_navigation/individualAccount/arveen_production_login_kiboengage

2019-04-25 14:46:17 - [TEST_STEP][PASSED] - openBrowser: Browser is opened with url: ''

2019-04-25 14:46:17 - [MESSAGE][WARNING] - A browser is already opened. Closing browser and opening a new one

2019-04-25 14:46:20 - [MESSAGE][PASSED] - Browser is opened with url: ''

2019-04-25 14:46:20 - [TEST_STEP][PASSED] - maximizeWindow: Current window maximized

2019-04-25 14:46:21 - [MESSAGE][PASSED] - Current window maximized

2019-04-25 14:46:21 - [TEST_STEP][PASSED] - navigateToUrl: Navigate to 'https://kiboengage.cloudkibo.com/' successfully

2019-04-25 14:46:31 - [MESSAGE][PASSED] - Navigate to 'https://kiboengage.cloudkibo.com/' successfully

2019-04-25 14:46:31 - [TEST_STEP][PASSED] - navigateToUrl: Navigate to 'https://accounts.cloudkibo.com/?continue=https://kiboengage.cloudkibo.com' successfully

2019-04-25 14:46:32 - [MESSAGE][PASSED] - Navigate to 'https://accounts.cloudkibo.com/?continue=https://kiboengage.cloudkibo.com' successfully

2019-04-25 14:46:32 - [TEST_STEP][PASSED] - click: Object: 'Object Repository/Page_CloudKibo/a_Login (2) (1) (1)' is clicked on

2019-04-25 14:46:33 - [MESSAGE][PASSED] - Object: 'Object Repository/Page_CloudKibo/a_Login (2) (1) (1)' is clicked on

2019-04-25 14:46:33 - [TEST_STEP][PASSED] - setText: Text 'individual@cloudkibo.com' is set on object 'Object Repository/Page_KiboPush/input_email (10) (1) (1)'

2019-04-25 14:46:33 - [MESSAGE][PASSED] - Text 'individual@cloudkibo.com' is set on object 'Object Repository/Page_KiboPush/input_email (10) (1) (1)'

2019-04-25 14:46:33 - [TEST_STEP][PASSED] - setEncryptedText: Text ****** has been set on object 'Object Repository/Page_CloudKibo/input_Sign In_password (7)'

2019-04-25 14:46:33 - [MESSAGE][PASSED] - Text ****** has been set on object 'Object Repository/Page_CloudKibo/input_Sign In_password (7)'

2019-04-25 14:46:33 - [TEST_STEP][PASSED] - click: Object: 'Object Repository/Page_KiboPush/button_Sign In (10) (1) (2)' is clicked on

2019-04-25 14:46:33 - [MESSAGE][PASSED] - Object: 'Object Repository/Page_KiboPush/button_Sign In (10) (1) (2)' is clicked on

2019-04-25 14:46:33 - [TEST_STEP][PASSED] - click: Object: 'Object Repository/Page_KiboPush  Dashboard/h3_Dashboard (57)' is clicked on

2019-04-25 14:46:47 - [MESSAGE][PASSED] - Object: 'Object Repository/Page_KiboPush  Dashboard/h3_Dashboard (57)' is clicked on

2019-04-25 14:46:47 - [TEST_STEP][PASSED] - delay: Delayed 3 second(s)

2019-04-25 14:46:50 - [MESSAGE][PASSED] - Delayed 3 second(s)

2019-04-25 14:46:50 - [TEST_STEP][PASSED] - click: Object: 'Object Repository/Page_KiboEngage  Dashboard/a_SMS (2) (1) (1) (1) (3)' is clicked on

2019-04-25 14:46:50 - [MESSAGE][PASSED] - Object: 'Object Repository/Page_KiboEngage  Dashboard/a_SMS (2) (1) (1) (1) (3)' is clicked on

2019-04-25 14:46:50 - [TEST_STEP][PASSED] - delay: Delayed 2 second(s)

2019-04-25 14:46:52 - [MESSAGE][PASSED] - Delayed 2 second(s)

2019-04-25 14:46:52 - [TEST_STEP][PASSED] - click: Object: 'Object Repository/Page_KiboEngage  Dashboard/span_Messenger (1) (1) (1) (3)' is clicked on

2019-04-25 14:46:52 - [MESSAGE][PASSED] - Object: 'Object Repository/Page_KiboEngage  Dashboard/span_Messenger (1) (1) (1) (3)' is clicked on

2019-04-25 14:46:52 - [TEST_STEP][PASSED] - delay: Delayed 2 second(s)

2019-04-25 14:46:54 - [MESSAGE][PASSED] - Delayed 2 second(s)

2019-04-25 14:46:54 - [MESSAGE][PASSED] - Call Test Case 'Test Cases/s-sidebar_navigation/individualAccount/arveen_production_login_kiboengage' successfully

2019-04-25 14:46:54 - [TEST_STEP][PASSED] - callTestCase: Call Test Case 'Test Cases/Sequence Messaging/open_automation' successfully

2019-04-25 14:46:54 - [TEST_CASE][PASSED] - Test Cases/Sequence Messaging/open_automation: Test Cases/Sequence Messaging/open_automation

2019-04-25 14:46:54 - [TEST_STEP][PASSED] - click: Object: 'Object Repository/Page_KiboPush  Dashboard/span_Automation (1) (1)' is clicked on

2019-04-25 14:46:55 - [MESSAGE][PASSED] - Object: 'Object Repository/Page_KiboPush  Dashboard/span_Automation (1) (1)' is clicked on

2019-04-25 14:46:55 - [TEST_STEP][PASSED] - delay: Delayed 1 second(s)

2019-04-25 14:46:56 - [MESSAGE][PASSED] - Delayed 1 second(s)

2019-04-25 14:46:56 - [MESSAGE][PASSED] - Call Test Case 'Test Cases/Sequence Messaging/open_automation' successfully

2019-04-25 14:46:56 - [TEST_STEP][PASSED] - callTestCase: Call Test Case 'Test Cases/Sequence Messaging/TC1002' successfully

2019-04-25 14:46:56 - [TEST_CASE][PASSED] - Test Cases/Sequence Messaging/TC1002: Test Cases/Sequence Messaging/TC1002

2019-04-25 14:46:56 - [TEST_STEP][PASSED] - callTestCase: Call Test Case 'Test Cases/Sequence Messaging/Test Edit Sequence Button' successfully

2019-04-25 14:46:56 - [TEST_CASE][PASSED] - Test Cases/Sequence Messaging/Test Edit Sequence Button: Test Cases/Sequence Messaging/Test Edit Sequence Button

2019-04-25 14:46:56 - [TEST_STEP][PASSED] - callTestCase: Call Test Case 'Test Cases/Sequence Messaging/TC0980' successfully

2019-04-25 14:46:56 - [TEST_CASE][PASSED] - Test Cases/Sequence Messaging/TC0980: Test Cases/Sequence Messaging/TC0980

2019-04-25 14:46:56 - [TEST_STEP][PASSED] - callTestCase: Call Test Case 'Test Cases/Sequence Messaging/Go_to_Seq_Messaging' successfully

2019-04-25 14:46:57 - [TEST_CASE][PASSED] - Test Cases/Sequence Messaging/Go_to_Seq_Messaging: Test Cases/Sequence Messaging/Go_to_Seq_Messaging

2019-04-25 14:46:57 - [TEST_STEP][PASSED] - callTestCase: Call Test Case 'Test Cases/Sequence Messaging/Login' successfully

2019-04-25 14:46:57 - [TEST_CASE][PASSED] - Test Cases/Sequence Messaging/Login: Test Cases/Sequence Messaging/Login

2019-04-25 14:46:57 - [TEST_STEP][PASSED] - callTestCase: Call Test Case 'Test Cases/s-sidebar_navigation/individualAccount/sequenceMessaging' successfully

2019-04-25 14:46:57 - [TEST_CASE][PASSED] - Test Cases/s-sidebar_navigation/individualAccount/sequenceMessaging: Test Cases/s-sidebar_navigation/individualAccount/sequenceMessaging

2019-04-25 14:46:57 - [TEST_STEP][PASSED] - click: Object: 'Object Repository/Page_KiboPush  Dashboard/span_Autoposting' is clicked on

2019-04-25 14:46:57 - [MESSAGE][PASSED] - Object: 'Object Repository/Page_KiboPush  Dashboard/span_Autoposting' is clicked on

2019-04-25 14:46:57 - [TEST_STEP][PASSED] - delay: Delayed 1 second(s)

2019-04-25 14:46:58 - [MESSAGE][PASSED] - Delayed 1 second(s)

2019-04-25 14:46:58 - [TEST_STEP][PASSED] - click: Object: 'Object Repository/Page_KiboPush  Dashboard/span_Sequence Messaging' is clicked on

2019-04-25 14:46:59 - [MESSAGE][PASSED] - Object: 'Object Repository/Page_KiboPush  Dashboard/span_Sequence Messaging' is clicked on

2019-04-25 14:46:59 - [TEST_STEP][PASSED] - scrollToPosition: Browser is scrolled to position x = 0, y = 0

2019-04-25 14:46:59 - [MESSAGE][PASSED] - Browser is scrolled to position x = 0, y = 0

2019-04-25 14:46:59 - [TEST_STEP][PASSED] - click: Object: 'Object Repository/Page_KiboPush  Sequence Messaging/h3_Sequence Messaging' is clicked on

2019-04-25 14:46:59 - [MESSAGE][PASSED] - Object: 'Object Repository/Page_KiboPush  Sequence Messaging/h3_Sequence Messaging' is clicked on

2019-04-25 14:46:59 - [TEST_STEP][PASSED] - delay: Delayed 1 second(s)

2019-04-25 14:47:00 - [MESSAGE][PASSED] - Delayed 1 second(s)

2019-04-25 14:47:00 - [MESSAGE][PASSED] - Call Test Case 'Test Cases/s-sidebar_navigation/individualAccount/sequenceMessaging' successfully

2019-04-25 14:47:00 - [MESSAGE][PASSED] - Call Test Case 'Test Cases/Sequence Messaging/Login' successfully

2019-04-25 14:47:00 - [MESSAGE][PASSED] - Call Test Case 'Test Cases/Sequence Messaging/Go_to_Seq_Messaging' successfully

2019-04-25 14:47:00 - [TEST_STEP][PASSED] - delay: Delayed 4 second(s)

2019-04-25 14:47:04 - [MESSAGE][PASSED] - Delayed 4 second(s)

2019-04-25 14:47:04 - [MESSAGE][PASSED] - Call Test Case 'Test Cases/Sequence Messaging/TC0980' successfully

2019-04-25 14:47:04 - [TEST_STEP][PASSED] - click: Object: 'Object Repository/Page_KiboPush  Sequence Messaging/span_Edit (2)' is clicked on

2019-04-25 14:47:04 - [MESSAGE][PASSED] - Object: 'Object Repository/Page_KiboPush  Sequence Messaging/span_Edit (2)' is clicked on

2019-04-25 14:47:04 - [TEST_STEP][PASSED] - delay: Delayed 2 second(s)

2019-04-25 14:47:07 - [MESSAGE][PASSED] - Delayed 2 second(s)

2019-04-25 14:47:07 - [MESSAGE][PASSED] - Call Test Case 'Test Cases/Sequence Messaging/Test Edit Sequence Button' successfully

2019-04-25 14:47:07 - [TEST_STEP][PASSED] - delay: Delayed 2 second(s)

2019-04-25 14:47:09 - [MESSAGE][PASSED] - Delayed 2 second(s)

2019-04-25 14:47:09 - [TEST_STEP][PASSED] - click: Object: 'Object Repository/Page_KiboPush  Sequence Messaging/span_-- Edit (6)' is clicked on

2019-04-25 14:47:09 - [MESSAGE][PASSED] - Object: 'Object Repository/Page_KiboPush  Sequence Messaging/span_-- Edit (6)' is clicked on

2019-04-25 14:47:09 - [TEST_STEP][PASSED] - delay: Delayed 2 second(s)

2019-04-25 14:47:12 - [MESSAGE][PASSED] - Delayed 2 second(s)

2019-04-25 14:47:12 - [MESSAGE][PASSED] - Call Test Case 'Test Cases/Sequence Messaging/TC1002' successfully

2019-04-25 14:47:12 - [TEST_STEP][PASSED] - selectOptionByValue: All options with value 'page' are selected in object 'Object Repository/Page_KiboPush  Sequence Messaging/select_Select ConditionFirst N (2) (1) (1)'  using regular expression

2019-04-25 14:47:13 - [MESSAGE][PASSED] - All options with value 'page' are selected in object 'Object Repository/Page_KiboPush  Sequence Messaging/select_Select ConditionFirst N (2) (1) (1)'  using regular expression

2019-04-25 14:47:13 - [TEST_STEP][PASSED] - selectOptionByValue: All options with value 'is' are selected in object 'Object Repository/Page_KiboPush  Sequence Messaging/select_Select Criteriais (1) (1)'  using regular expression

2019-04-25 14:47:14 - [MESSAGE][PASSED] - All options with value 'is' are selected in object 'Object Repository/Page_KiboPush  Sequence Messaging/select_Select Criteriais (1) (1)'  using regular expression

2019-04-25 14:47:14 - [TEST_STEP][PASSED] - selectOptionByValue: All options with value '2090553931018635' are selected in object 'Object Repository/Page_KiboEngage  Edit Sequence/select_Select a PageTest5Educa'  using regular expression

2019-04-25 14:47:14 - [MESSAGE][PASSED] - All options with value '2090553931018635' are selected in object 'Object Repository/Page_KiboEngage  Edit Sequence/select_Select a PageTest5Educa'  using regular expression

2019-04-25 14:47:14 - [TEST_STEP][PASSED] - click: Object: 'Object Repository/Page_KiboEngage  Edit Sequence/button_Save' is clicked on

2019-04-25 14:47:15 - [MESSAGE][PASSED] - Object: 'Object Repository/Page_KiboEngage  Edit Sequence/button_Save' is clicked on]]></system-out>
         <system-err><![CDATA[]]></system-err>
      </testcase>
      <testcase name="Test Cases/Sequence Messaging/TC1005" classname="Test Cases/Sequence Messaging/TC1005" status="PASSED">
         <system-out><![CDATA[2019-04-25 14:47:15 - [TEST_CASE][PASSED] - Test Cases/Sequence Messaging/TC1005: Test Cases/Sequence Messaging/TC1005

2019-04-25 14:47:15 - [TEST_STEP][PASSED] - callTestCase: Call Test Case 'Test Cases/Sequence Messaging/TC1002' successfully

2019-04-25 14:47:15 - [TEST_CASE][PASSED] - Test Cases/Sequence Messaging/TC1002: Test Cases/Sequence Messaging/TC1002

2019-04-25 14:47:15 - [TEST_STEP][PASSED] - callTestCase: Call Test Case 'Test Cases/Sequence Messaging/Test Edit Sequence Button' successfully

2019-04-25 14:47:15 - [TEST_CASE][PASSED] - Test Cases/Sequence Messaging/Test Edit Sequence Button: Test Cases/Sequence Messaging/Test Edit Sequence Button

2019-04-25 14:47:15 - [TEST_STEP][PASSED] - callTestCase: Call Test Case 'Test Cases/Sequence Messaging/TC0980' successfully

2019-04-25 14:47:15 - [TEST_CASE][PASSED] - Test Cases/Sequence Messaging/TC0980: Test Cases/Sequence Messaging/TC0980

2019-04-25 14:47:15 - [TEST_STEP][PASSED] - callTestCase: Call Test Case 'Test Cases/Sequence Messaging/Go_to_Seq_Messaging' successfully

2019-04-25 14:47:15 - [TEST_CASE][PASSED] - Test Cases/Sequence Messaging/Go_to_Seq_Messaging: Test Cases/Sequence Messaging/Go_to_Seq_Messaging

2019-04-25 14:47:15 - [TEST_STEP][PASSED] - callTestCase: Call Test Case 'Test Cases/Sequence Messaging/Login' successfully

2019-04-25 14:47:16 - [TEST_CASE][PASSED] - Test Cases/Sequence Messaging/Login: Test Cases/Sequence Messaging/Login

2019-04-25 14:47:16 - [TEST_STEP][PASSED] - callTestCase: Call Test Case 'Test Cases/s-sidebar_navigation/individualAccount/sequenceMessaging' successfully

2019-04-25 14:47:16 - [TEST_CASE][PASSED] - Test Cases/s-sidebar_navigation/individualAccount/sequenceMessaging: Test Cases/s-sidebar_navigation/individualAccount/sequenceMessaging

2019-04-25 14:47:16 - [TEST_STEP][PASSED] - click: Object: 'Object Repository/Page_KiboPush  Dashboard/span_Autoposting' is clicked on

2019-04-25 14:47:16 - [MESSAGE][PASSED] - Object: 'Object Repository/Page_KiboPush  Dashboard/span_Autoposting' is clicked on

2019-04-25 14:47:16 - [TEST_STEP][PASSED] - delay: Delayed 1 second(s)

2019-04-25 14:47:17 - [MESSAGE][PASSED] - Delayed 1 second(s)

2019-04-25 14:47:17 - [TEST_STEP][PASSED] - click: Object: 'Object Repository/Page_KiboPush  Dashboard/span_Sequence Messaging' is clicked on

2019-04-25 14:47:17 - [MESSAGE][PASSED] - Object: 'Object Repository/Page_KiboPush  Dashboard/span_Sequence Messaging' is clicked on

2019-04-25 14:47:17 - [TEST_STEP][PASSED] - scrollToPosition: Browser is scrolled to position x = 0, y = 0

2019-04-25 14:47:17 - [MESSAGE][PASSED] - Browser is scrolled to position x = 0, y = 0

2019-04-25 14:47:17 - [TEST_STEP][PASSED] - click: Object: 'Object Repository/Page_KiboPush  Sequence Messaging/h3_Sequence Messaging' is clicked on

2019-04-25 14:47:18 - [MESSAGE][PASSED] - Object: 'Object Repository/Page_KiboPush  Sequence Messaging/h3_Sequence Messaging' is clicked on

2019-04-25 14:47:18 - [TEST_STEP][PASSED] - delay: Delayed 1 second(s)

2019-04-25 14:47:19 - [MESSAGE][PASSED] - Delayed 1 second(s)

2019-04-25 14:47:19 - [MESSAGE][PASSED] - Call Test Case 'Test Cases/s-sidebar_navigation/individualAccount/sequenceMessaging' successfully

2019-04-25 14:47:19 - [MESSAGE][PASSED] - Call Test Case 'Test Cases/Sequence Messaging/Login' successfully

2019-04-25 14:47:19 - [MESSAGE][PASSED] - Call Test Case 'Test Cases/Sequence Messaging/Go_to_Seq_Messaging' successfully

2019-04-25 14:47:19 - [TEST_STEP][PASSED] - delay: Delayed 4 second(s)

2019-04-25 14:47:24 - [MESSAGE][PASSED] - Delayed 4 second(s)

2019-04-25 14:47:24 - [MESSAGE][PASSED] - Call Test Case 'Test Cases/Sequence Messaging/TC0980' successfully

2019-04-25 14:47:24 - [TEST_STEP][PASSED] - click: Object: 'Object Repository/Page_KiboPush  Sequence Messaging/span_Edit (2)' is clicked on

2019-04-25 14:47:25 - [MESSAGE][PASSED] - Object: 'Object Repository/Page_KiboPush  Sequence Messaging/span_Edit (2)' is clicked on

2019-04-25 14:47:25 - [TEST_STEP][PASSED] - delay: Delayed 2 second(s)

2019-04-25 14:47:27 - [MESSAGE][PASSED] - Delayed 2 second(s)

2019-04-25 14:47:27 - [MESSAGE][PASSED] - Call Test Case 'Test Cases/Sequence Messaging/Test Edit Sequence Button' successfully

2019-04-25 14:47:27 - [TEST_STEP][PASSED] - delay: Delayed 2 second(s)

2019-04-25 14:47:30 - [MESSAGE][PASSED] - Delayed 2 second(s)

2019-04-25 14:47:30 - [TEST_STEP][PASSED] - click: Object: 'Object Repository/Page_KiboPush  Sequence Messaging/span_-- Edit (6)' is clicked on

2019-04-25 14:47:30 - [MESSAGE][PASSED] - Object: 'Object Repository/Page_KiboPush  Sequence Messaging/span_-- Edit (6)' is clicked on

2019-04-25 14:47:30 - [TEST_STEP][PASSED] - delay: Delayed 2 second(s)

2019-04-25 14:47:33 - [MESSAGE][PASSED] - Delayed 2 second(s)

2019-04-25 14:47:33 - [MESSAGE][PASSED] - Call Test Case 'Test Cases/Sequence Messaging/TC1002' successfully

2019-04-25 14:47:33 - [TEST_STEP][PASSED] - selectOptionByValue: All options with value 'gender' are selected in object 'Object Repository/Page_KiboPush  Sequence Messaging/select_Select ConditionFirst N (3)'  using regular expression

2019-04-25 14:47:33 - [MESSAGE][PASSED] - All options with value 'gender' are selected in object 'Object Repository/Page_KiboPush  Sequence Messaging/select_Select ConditionFirst N (3)'  using regular expression

2019-04-25 14:47:33 - [TEST_STEP][PASSED] - selectOptionByValue: All options with value 'male' are selected in object 'Object Repository/Page_KiboPush  Sequence Messaging/select_Select a Gendermalefema'  using regular expression

2019-04-25 14:47:34 - [MESSAGE][PASSED] - All options with value 'male' are selected in object 'Object Repository/Page_KiboPush  Sequence Messaging/select_Select a Gendermalefema'  using regular expression

2019-04-25 14:47:34 - [TEST_STEP][PASSED] - delay: Delayed 2 second(s)

2019-04-25 14:47:37 - [MESSAGE][PASSED] - Delayed 2 second(s)

2019-04-25 14:47:37 - [TEST_STEP][PASSED] - click: Object: 'Object Repository/Page_KiboPush  Sequence Messaging/button_Save (6)' is clicked on

2019-04-25 14:47:37 - [MESSAGE][PASSED] - Object: 'Object Repository/Page_KiboPush  Sequence Messaging/button_Save (6)' is clicked on]]></system-out>
         <system-err><![CDATA[]]></system-err>
      </testcase>
      <testcase name="Test Cases/Sequence Messaging/TC1006" classname="Test Cases/Sequence Messaging/TC1006" status="PASSED">
         <system-out><![CDATA[2019-04-25 14:47:37 - [TEST_CASE][PASSED] - Test Cases/Sequence Messaging/TC1006: Test Cases/Sequence Messaging/TC1006

2019-04-25 14:47:38 - [TEST_STEP][PASSED] - callTestCase: Call Test Case 'Test Cases/Sequence Messaging/TC1002' successfully

2019-04-25 14:47:38 - [TEST_CASE][PASSED] - Test Cases/Sequence Messaging/TC1002: Test Cases/Sequence Messaging/TC1002

2019-04-25 14:47:38 - [TEST_STEP][PASSED] - callTestCase: Call Test Case 'Test Cases/Sequence Messaging/Test Edit Sequence Button' successfully

2019-04-25 14:47:38 - [TEST_CASE][PASSED] - Test Cases/Sequence Messaging/Test Edit Sequence Button: Test Cases/Sequence Messaging/Test Edit Sequence Button

2019-04-25 14:47:38 - [TEST_STEP][PASSED] - callTestCase: Call Test Case 'Test Cases/Sequence Messaging/TC0980' successfully

2019-04-25 14:47:38 - [TEST_CASE][PASSED] - Test Cases/Sequence Messaging/TC0980: Test Cases/Sequence Messaging/TC0980

2019-04-25 14:47:38 - [TEST_STEP][PASSED] - callTestCase: Call Test Case 'Test Cases/Sequence Messaging/Go_to_Seq_Messaging' successfully

2019-04-25 14:47:38 - [TEST_CASE][PASSED] - Test Cases/Sequence Messaging/Go_to_Seq_Messaging: Test Cases/Sequence Messaging/Go_to_Seq_Messaging

2019-04-25 14:47:38 - [TEST_STEP][PASSED] - callTestCase: Call Test Case 'Test Cases/Sequence Messaging/Login' successfully

2019-04-25 14:47:38 - [TEST_CASE][PASSED] - Test Cases/Sequence Messaging/Login: Test Cases/Sequence Messaging/Login

2019-04-25 14:47:38 - [TEST_STEP][PASSED] - callTestCase: Call Test Case 'Test Cases/s-sidebar_navigation/individualAccount/sequenceMessaging' successfully

2019-04-25 14:47:38 - [TEST_CASE][PASSED] - Test Cases/s-sidebar_navigation/individualAccount/sequenceMessaging: Test Cases/s-sidebar_navigation/individualAccount/sequenceMessaging

2019-04-25 14:47:38 - [TEST_STEP][PASSED] - click: Object: 'Object Repository/Page_KiboPush  Dashboard/span_Autoposting' is clicked on

2019-04-25 14:47:39 - [MESSAGE][PASSED] - Object: 'Object Repository/Page_KiboPush  Dashboard/span_Autoposting' is clicked on

2019-04-25 14:47:39 - [TEST_STEP][PASSED] - delay: Delayed 1 second(s)

2019-04-25 14:47:40 - [MESSAGE][PASSED] - Delayed 1 second(s)

2019-04-25 14:47:40 - [TEST_STEP][PASSED] - click: Object: 'Object Repository/Page_KiboPush  Dashboard/span_Sequence Messaging' is clicked on

2019-04-25 14:47:40 - [MESSAGE][PASSED] - Object: 'Object Repository/Page_KiboPush  Dashboard/span_Sequence Messaging' is clicked on

2019-04-25 14:47:40 - [TEST_STEP][PASSED] - scrollToPosition: Browser is scrolled to position x = 0, y = 0

2019-04-25 14:47:41 - [MESSAGE][PASSED] - Browser is scrolled to position x = 0, y = 0

2019-04-25 14:47:41 - [TEST_STEP][PASSED] - click: Object: 'Object Repository/Page_KiboPush  Sequence Messaging/h3_Sequence Messaging' is clicked on

2019-04-25 14:47:41 - [MESSAGE][PASSED] - Object: 'Object Repository/Page_KiboPush  Sequence Messaging/h3_Sequence Messaging' is clicked on

2019-04-25 14:47:41 - [TEST_STEP][PASSED] - delay: Delayed 1 second(s)

2019-04-25 14:47:42 - [MESSAGE][PASSED] - Delayed 1 second(s)

2019-04-25 14:47:42 - [MESSAGE][PASSED] - Call Test Case 'Test Cases/s-sidebar_navigation/individualAccount/sequenceMessaging' successfully

2019-04-25 14:47:42 - [MESSAGE][PASSED] - Call Test Case 'Test Cases/Sequence Messaging/Login' successfully

2019-04-25 14:47:42 - [MESSAGE][PASSED] - Call Test Case 'Test Cases/Sequence Messaging/Go_to_Seq_Messaging' successfully

2019-04-25 14:47:42 - [TEST_STEP][PASSED] - delay: Delayed 4 second(s)

2019-04-25 14:47:47 - [MESSAGE][PASSED] - Delayed 4 second(s)

2019-04-25 14:47:47 - [MESSAGE][PASSED] - Call Test Case 'Test Cases/Sequence Messaging/TC0980' successfully

2019-04-25 14:47:47 - [TEST_STEP][PASSED] - click: Object: 'Object Repository/Page_KiboPush  Sequence Messaging/span_Edit (2)' is clicked on

2019-04-25 14:47:47 - [MESSAGE][PASSED] - Object: 'Object Repository/Page_KiboPush  Sequence Messaging/span_Edit (2)' is clicked on

2019-04-25 14:47:47 - [TEST_STEP][PASSED] - delay: Delayed 2 second(s)

2019-04-25 14:47:50 - [MESSAGE][PASSED] - Delayed 2 second(s)

2019-04-25 14:47:50 - [MESSAGE][PASSED] - Call Test Case 'Test Cases/Sequence Messaging/Test Edit Sequence Button' successfully

2019-04-25 14:47:50 - [TEST_STEP][PASSED] - delay: Delayed 2 second(s)

2019-04-25 14:47:52 - [MESSAGE][PASSED] - Delayed 2 second(s)

2019-04-25 14:47:52 - [TEST_STEP][PASSED] - click: Object: 'Object Repository/Page_KiboPush  Sequence Messaging/span_-- Edit (6)' is clicked on

2019-04-25 14:47:53 - [MESSAGE][PASSED] - Object: 'Object Repository/Page_KiboPush  Sequence Messaging/span_-- Edit (6)' is clicked on

2019-04-25 14:47:53 - [TEST_STEP][PASSED] - delay: Delayed 2 second(s)

2019-04-25 14:47:55 - [MESSAGE][PASSED] - Delayed 2 second(s)

2019-04-25 14:47:55 - [MESSAGE][PASSED] - Call Test Case 'Test Cases/Sequence Messaging/TC1002' successfully

2019-04-25 14:47:55 - [TEST_STEP][PASSED] - selectOptionByValue: All options with value 'locale' are selected in object 'Object Repository/Page_KiboPush  Sequence Messaging/select_Select ConditionFirst N (4) (1) (1)'  using regular expression

2019-04-25 14:47:56 - [MESSAGE][PASSED] - All options with value 'locale' are selected in object 'Object Repository/Page_KiboPush  Sequence Messaging/select_Select ConditionFirst N (4) (1) (1)'  using regular expression

2019-04-25 14:47:56 - [TEST_STEP][PASSED] - selectOptionByValue: All options with value 'en_US' are selected in object 'Object Repository/Page_KiboPush  Sequence Messaging/select_Select a Localeen_USen_ (2)'  using regular expression

2019-04-25 14:47:56 - [MESSAGE][PASSED] - All options with value 'en_US' are selected in object 'Object Repository/Page_KiboPush  Sequence Messaging/select_Select a Localeen_USen_ (2)'  using regular expression

2019-04-25 14:47:56 - [TEST_STEP][PASSED] - click: Object: 'Object Repository/Page_KiboPush  Sequence Messaging/button_Save (17)' is clicked on

2019-04-25 14:47:57 - [MESSAGE][PASSED] - Object: 'Object Repository/Page_KiboPush  Sequence Messaging/button_Save (17)' is clicked on]]></system-out>
         <system-err><![CDATA[]]></system-err>
      </testcase>
      <testcase name="Test Cases/Sequence Messaging/TC1007" classname="Test Cases/Sequence Messaging/TC1007" status="PASSED">
         <system-out><![CDATA[2019-04-25 14:47:57 - [TEST_CASE][PASSED] - Test Cases/Sequence Messaging/TC1007: Test Cases/Sequence Messaging/TC1007

2019-04-25 14:47:57 - [TEST_STEP][PASSED] - callTestCase: Call Test Case 'Test Cases/s-sidebar_navigation/individualAccount/arveen_production_login_kiboengage' successfully

2019-04-25 14:47:57 - [TEST_CASE][PASSED] - Test Cases/s-sidebar_navigation/individualAccount/arveen_production_login_kiboengage: Test Cases/s-sidebar_navigation/individualAccount/arveen_production_login_kiboengage

2019-04-25 14:47:57 - [TEST_STEP][PASSED] - openBrowser: Browser is opened with url: ''

2019-04-25 14:47:57 - [MESSAGE][WARNING] - A browser is already opened. Closing browser and opening a new one

2019-04-25 14:48:01 - [MESSAGE][PASSED] - Browser is opened with url: ''

2019-04-25 14:48:01 - [TEST_STEP][PASSED] - maximizeWindow: Current window maximized

2019-04-25 14:48:03 - [MESSAGE][PASSED] - Current window maximized

2019-04-25 14:48:03 - [TEST_STEP][PASSED] - navigateToUrl: Navigate to 'https://kiboengage.cloudkibo.com/' successfully

2019-04-25 14:48:23 - [MESSAGE][PASSED] - Navigate to 'https://kiboengage.cloudkibo.com/' successfully

2019-04-25 14:48:23 - [TEST_STEP][PASSED] - navigateToUrl: Navigate to 'https://accounts.cloudkibo.com/?continue=https://kiboengage.cloudkibo.com' successfully

2019-04-25 14:48:24 - [MESSAGE][PASSED] - Navigate to 'https://accounts.cloudkibo.com/?continue=https://kiboengage.cloudkibo.com' successfully

2019-04-25 14:48:24 - [TEST_STEP][PASSED] - click: Object: 'Object Repository/Page_CloudKibo/a_Login (2) (1) (1)' is clicked on

2019-04-25 14:48:25 - [MESSAGE][PASSED] - Object: 'Object Repository/Page_CloudKibo/a_Login (2) (1) (1)' is clicked on

2019-04-25 14:48:25 - [TEST_STEP][PASSED] - setText: Text 'individual@cloudkibo.com' is set on object 'Object Repository/Page_KiboPush/input_email (10) (1) (1)'

2019-04-25 14:48:25 - [MESSAGE][PASSED] - Text 'individual@cloudkibo.com' is set on object 'Object Repository/Page_KiboPush/input_email (10) (1) (1)'

2019-04-25 14:48:25 - [TEST_STEP][PASSED] - setEncryptedText: Text ****** has been set on object 'Object Repository/Page_CloudKibo/input_Sign In_password (7)'

2019-04-25 14:48:26 - [MESSAGE][PASSED] - Text ****** has been set on object 'Object Repository/Page_CloudKibo/input_Sign In_password (7)'

2019-04-25 14:48:26 - [TEST_STEP][PASSED] - click: Object: 'Object Repository/Page_KiboPush/button_Sign In (10) (1) (2)' is clicked on

2019-04-25 14:48:26 - [MESSAGE][PASSED] - Object: 'Object Repository/Page_KiboPush/button_Sign In (10) (1) (2)' is clicked on

2019-04-25 14:48:26 - [TEST_STEP][PASSED] - click: Object: 'Object Repository/Page_KiboPush  Dashboard/h3_Dashboard (57)' is clicked on

2019-04-25 14:48:48 - [MESSAGE][PASSED] - Object: 'Object Repository/Page_KiboPush  Dashboard/h3_Dashboard (57)' is clicked on

2019-04-25 14:48:48 - [TEST_STEP][PASSED] - delay: Delayed 3 second(s)

2019-04-25 14:48:50 - [MESSAGE][PASSED] - Delayed 3 second(s)

2019-04-25 14:48:50 - [TEST_STEP][PASSED] - click: Object: 'Object Repository/Page_KiboEngage  Dashboard/a_SMS (2) (1) (1) (1) (3)' is clicked on

2019-04-25 14:48:51 - [MESSAGE][PASSED] - Object: 'Object Repository/Page_KiboEngage  Dashboard/a_SMS (2) (1) (1) (1) (3)' is clicked on

2019-04-25 14:48:51 - [TEST_STEP][PASSED] - delay: Delayed 2 second(s)

2019-04-25 14:48:52 - [MESSAGE][PASSED] - Delayed 2 second(s)

2019-04-25 14:48:52 - [TEST_STEP][PASSED] - click: Object: 'Object Repository/Page_KiboEngage  Dashboard/span_Messenger (1) (1) (1) (3)' is clicked on

2019-04-25 14:48:53 - [MESSAGE][PASSED] - Object: 'Object Repository/Page_KiboEngage  Dashboard/span_Messenger (1) (1) (1) (3)' is clicked on

2019-04-25 14:48:53 - [TEST_STEP][PASSED] - delay: Delayed 2 second(s)

2019-04-25 14:48:54 - [MESSAGE][PASSED] - Delayed 2 second(s)

2019-04-25 14:48:54 - [MESSAGE][PASSED] - Call Test Case 'Test Cases/s-sidebar_navigation/individualAccount/arveen_production_login_kiboengage' successfully

2019-04-25 14:48:54 - [TEST_STEP][PASSED] - callTestCase: Call Test Case 'Test Cases/Sequence Messaging/open_automation' successfully

2019-04-25 14:48:54 - [TEST_CASE][PASSED] - Test Cases/Sequence Messaging/open_automation: Test Cases/Sequence Messaging/open_automation

2019-04-25 14:48:54 - [TEST_STEP][PASSED] - click: Object: 'Object Repository/Page_KiboPush  Dashboard/span_Automation (1) (1)' is clicked on

2019-04-25 14:48:55 - [MESSAGE][PASSED] - Object: 'Object Repository/Page_KiboPush  Dashboard/span_Automation (1) (1)' is clicked on

2019-04-25 14:48:55 - [TEST_STEP][PASSED] - delay: Delayed 1 second(s)

2019-04-25 14:48:55 - [MESSAGE][PASSED] - Delayed 1 second(s)

2019-04-25 14:48:55 - [MESSAGE][PASSED] - Call Test Case 'Test Cases/Sequence Messaging/open_automation' successfully

2019-04-25 14:48:55 - [TEST_STEP][PASSED] - callTestCase: Call Test Case 'Test Cases/Sequence Messaging/TC1002' successfully

2019-04-25 14:48:55 - [TEST_CASE][PASSED] - Test Cases/Sequence Messaging/TC1002: Test Cases/Sequence Messaging/TC1002

2019-04-25 14:48:55 - [TEST_STEP][PASSED] - callTestCase: Call Test Case 'Test Cases/Sequence Messaging/Test Edit Sequence Button' successfully

2019-04-25 14:48:56 - [TEST_CASE][PASSED] - Test Cases/Sequence Messaging/Test Edit Sequence Button: Test Cases/Sequence Messaging/Test Edit Sequence Button

2019-04-25 14:48:56 - [TEST_STEP][PASSED] - callTestCase: Call Test Case 'Test Cases/Sequence Messaging/TC0980' successfully

2019-04-25 14:48:56 - [TEST_CASE][PASSED] - Test Cases/Sequence Messaging/TC0980: Test Cases/Sequence Messaging/TC0980

2019-04-25 14:48:56 - [TEST_STEP][PASSED] - callTestCase: Call Test Case 'Test Cases/Sequence Messaging/Go_to_Seq_Messaging' successfully

2019-04-25 14:48:56 - [TEST_CASE][PASSED] - Test Cases/Sequence Messaging/Go_to_Seq_Messaging: Test Cases/Sequence Messaging/Go_to_Seq_Messaging

2019-04-25 14:48:56 - [TEST_STEP][PASSED] - callTestCase: Call Test Case 'Test Cases/Sequence Messaging/Login' successfully

2019-04-25 14:48:56 - [TEST_CASE][PASSED] - Test Cases/Sequence Messaging/Login: Test Cases/Sequence Messaging/Login

2019-04-25 14:48:56 - [TEST_STEP][PASSED] - callTestCase: Call Test Case 'Test Cases/s-sidebar_navigation/individualAccount/sequenceMessaging' successfully

2019-04-25 14:48:56 - [TEST_CASE][PASSED] - Test Cases/s-sidebar_navigation/individualAccount/sequenceMessaging: Test Cases/s-sidebar_navigation/individualAccount/sequenceMessaging

2019-04-25 14:48:56 - [TEST_STEP][PASSED] - click: Object: 'Object Repository/Page_KiboPush  Dashboard/span_Autoposting' is clicked on

2019-04-25 14:48:56 - [MESSAGE][PASSED] - Object: 'Object Repository/Page_KiboPush  Dashboard/span_Autoposting' is clicked on

2019-04-25 14:48:56 - [TEST_STEP][PASSED] - delay: Delayed 1 second(s)

2019-04-25 14:48:57 - [MESSAGE][PASSED] - Delayed 1 second(s)

2019-04-25 14:48:57 - [TEST_STEP][PASSED] - click: Object: 'Object Repository/Page_KiboPush  Dashboard/span_Sequence Messaging' is clicked on

2019-04-25 14:48:57 - [MESSAGE][PASSED] - Object: 'Object Repository/Page_KiboPush  Dashboard/span_Sequence Messaging' is clicked on

2019-04-25 14:48:57 - [TEST_STEP][PASSED] - scrollToPosition: Browser is scrolled to position x = 0, y = 0

2019-04-25 14:48:57 - [MESSAGE][PASSED] - Browser is scrolled to position x = 0, y = 0

2019-04-25 14:48:57 - [TEST_STEP][PASSED] - click: Object: 'Object Repository/Page_KiboPush  Sequence Messaging/h3_Sequence Messaging' is clicked on

2019-04-25 14:48:58 - [MESSAGE][PASSED] - Object: 'Object Repository/Page_KiboPush  Sequence Messaging/h3_Sequence Messaging' is clicked on

2019-04-25 14:48:58 - [TEST_STEP][PASSED] - delay: Delayed 1 second(s)

2019-04-25 14:48:59 - [MESSAGE][PASSED] - Delayed 1 second(s)

2019-04-25 14:48:59 - [MESSAGE][PASSED] - Call Test Case 'Test Cases/s-sidebar_navigation/individualAccount/sequenceMessaging' successfully

2019-04-25 14:48:59 - [MESSAGE][PASSED] - Call Test Case 'Test Cases/Sequence Messaging/Login' successfully

2019-04-25 14:48:59 - [MESSAGE][PASSED] - Call Test Case 'Test Cases/Sequence Messaging/Go_to_Seq_Messaging' successfully

2019-04-25 14:48:59 - [TEST_STEP][PASSED] - delay: Delayed 4 second(s)

2019-04-25 14:49:03 - [MESSAGE][PASSED] - Delayed 4 second(s)

2019-04-25 14:49:03 - [MESSAGE][PASSED] - Call Test Case 'Test Cases/Sequence Messaging/TC0980' successfully

2019-04-25 14:49:03 - [TEST_STEP][PASSED] - click: Object: 'Object Repository/Page_KiboPush  Sequence Messaging/span_Edit (2)' is clicked on

2019-04-25 14:49:03 - [MESSAGE][PASSED] - Object: 'Object Repository/Page_KiboPush  Sequence Messaging/span_Edit (2)' is clicked on

2019-04-25 14:49:03 - [TEST_STEP][PASSED] - delay: Delayed 2 second(s)

2019-04-25 14:49:05 - [MESSAGE][PASSED] - Delayed 2 second(s)

2019-04-25 14:49:05 - [MESSAGE][PASSED] - Call Test Case 'Test Cases/Sequence Messaging/Test Edit Sequence Button' successfully

2019-04-25 14:49:05 - [TEST_STEP][PASSED] - delay: Delayed 2 second(s)

2019-04-25 14:49:07 - [MESSAGE][PASSED] - Delayed 2 second(s)

2019-04-25 14:49:07 - [TEST_STEP][PASSED] - click: Object: 'Object Repository/Page_KiboPush  Sequence Messaging/span_-- Edit (6)' is clicked on

2019-04-25 14:49:07 - [MESSAGE][PASSED] - Object: 'Object Repository/Page_KiboPush  Sequence Messaging/span_-- Edit (6)' is clicked on

2019-04-25 14:49:07 - [TEST_STEP][PASSED] - delay: Delayed 2 second(s)

2019-04-25 14:49:09 - [MESSAGE][PASSED] - Delayed 2 second(s)

2019-04-25 14:49:09 - [MESSAGE][PASSED] - Call Test Case 'Test Cases/Sequence Messaging/TC1002' successfully

2019-04-25 14:49:09 - [TEST_STEP][PASSED] - selectOptionByValue: All options with value 'tag' are selected in object 'Object Repository/Page_KiboPush  Sequence Messaging/select_Select ConditionFirst N (5) (1) (1) (1)'  using regular expression

2019-04-25 14:49:10 - [MESSAGE][PASSED] - All options with value 'tag' are selected in object 'Object Repository/Page_KiboPush  Sequence Messaging/select_Select ConditionFirst N (5) (1) (1) (1)'  using regular expression

2019-04-25 14:49:10 - [TEST_STEP][PASSED] - selectOptionByValue: All options with value 'is' are selected in object 'Object Repository/Page_KiboEngage  Edit Sequence/select_Select Criteriais'  using regular expression

2019-04-25 14:49:11 - [MESSAGE][PASSED] - All options with value 'is' are selected in object 'Object Repository/Page_KiboEngage  Edit Sequence/select_Select Criteriais'  using regular expression

2019-04-25 14:49:11 - [TEST_STEP][PASSED] - selectOptionByValue: All options with value '5cbd86be9a26741607e22380' are selected in object 'Object Repository/Page_KiboEngage  Edit Sequence/select_Select a Taghello'  using regular expression

2019-04-25 14:49:11 - [MESSAGE][PASSED] - All options with value '5cbd86be9a26741607e22380' are selected in object 'Object Repository/Page_KiboEngage  Edit Sequence/select_Select a Taghello'  using regular expression

2019-04-25 14:49:11 - [TEST_STEP][PASSED] - click: Object: 'Object Repository/Page_KiboEngage  Edit Sequence/button_Save (1)' is clicked on

2019-04-25 14:49:11 - [MESSAGE][PASSED] - Object: 'Object Repository/Page_KiboEngage  Edit Sequence/button_Save (1)' is clicked on]]></system-out>
         <system-err><![CDATA[]]></system-err>
      </testcase>
      <testcase name="Test Cases/Sequence Messaging/TC1008" classname="Test Cases/Sequence Messaging/TC1008" status="PASSED">
         <system-out><![CDATA[2019-04-25 14:49:11 - [TEST_CASE][PASSED] - Test Cases/Sequence Messaging/TC1008: Test Cases/Sequence Messaging/TC1008

2019-04-25 14:49:12 - [TEST_STEP][PASSED] - callTestCase: Call Test Case 'Test Cases/Sequence Messaging/TC1002' successfully

2019-04-25 14:49:12 - [TEST_CASE][PASSED] - Test Cases/Sequence Messaging/TC1002: Test Cases/Sequence Messaging/TC1002

2019-04-25 14:49:12 - [TEST_STEP][PASSED] - callTestCase: Call Test Case 'Test Cases/Sequence Messaging/Test Edit Sequence Button' successfully

2019-04-25 14:49:12 - [TEST_CASE][PASSED] - Test Cases/Sequence Messaging/Test Edit Sequence Button: Test Cases/Sequence Messaging/Test Edit Sequence Button

2019-04-25 14:49:12 - [TEST_STEP][PASSED] - callTestCase: Call Test Case 'Test Cases/Sequence Messaging/TC0980' successfully

2019-04-25 14:49:12 - [TEST_CASE][PASSED] - Test Cases/Sequence Messaging/TC0980: Test Cases/Sequence Messaging/TC0980

2019-04-25 14:49:12 - [TEST_STEP][PASSED] - callTestCase: Call Test Case 'Test Cases/Sequence Messaging/Go_to_Seq_Messaging' successfully

2019-04-25 14:49:12 - [TEST_CASE][PASSED] - Test Cases/Sequence Messaging/Go_to_Seq_Messaging: Test Cases/Sequence Messaging/Go_to_Seq_Messaging

2019-04-25 14:49:12 - [TEST_STEP][PASSED] - callTestCase: Call Test Case 'Test Cases/Sequence Messaging/Login' successfully

2019-04-25 14:49:12 - [TEST_CASE][PASSED] - Test Cases/Sequence Messaging/Login: Test Cases/Sequence Messaging/Login

2019-04-25 14:49:12 - [TEST_STEP][PASSED] - callTestCase: Call Test Case 'Test Cases/s-sidebar_navigation/individualAccount/sequenceMessaging' successfully

2019-04-25 14:49:12 - [TEST_CASE][PASSED] - Test Cases/s-sidebar_navigation/individualAccount/sequenceMessaging: Test Cases/s-sidebar_navigation/individualAccount/sequenceMessaging

2019-04-25 14:49:12 - [TEST_STEP][PASSED] - click: Object: 'Object Repository/Page_KiboPush  Dashboard/span_Autoposting' is clicked on

2019-04-25 14:49:13 - [MESSAGE][PASSED] - Object: 'Object Repository/Page_KiboPush  Dashboard/span_Autoposting' is clicked on

2019-04-25 14:49:13 - [TEST_STEP][PASSED] - delay: Delayed 1 second(s)

2019-04-25 14:49:14 - [MESSAGE][PASSED] - Delayed 1 second(s)

2019-04-25 14:49:14 - [TEST_STEP][PASSED] - click: Object: 'Object Repository/Page_KiboPush  Dashboard/span_Sequence Messaging' is clicked on

2019-04-25 14:49:14 - [MESSAGE][PASSED] - Object: 'Object Repository/Page_KiboPush  Dashboard/span_Sequence Messaging' is clicked on

2019-04-25 14:49:14 - [TEST_STEP][PASSED] - scrollToPosition: Browser is scrolled to position x = 0, y = 0

2019-04-25 14:49:14 - [MESSAGE][PASSED] - Browser is scrolled to position x = 0, y = 0

2019-04-25 14:49:14 - [TEST_STEP][PASSED] - click: Object: 'Object Repository/Page_KiboPush  Sequence Messaging/h3_Sequence Messaging' is clicked on

2019-04-25 14:49:14 - [MESSAGE][PASSED] - Object: 'Object Repository/Page_KiboPush  Sequence Messaging/h3_Sequence Messaging' is clicked on

2019-04-25 14:49:14 - [TEST_STEP][PASSED] - delay: Delayed 1 second(s)

2019-04-25 14:49:15 - [MESSAGE][PASSED] - Delayed 1 second(s)

2019-04-25 14:49:15 - [MESSAGE][PASSED] - Call Test Case 'Test Cases/s-sidebar_navigation/individualAccount/sequenceMessaging' successfully

2019-04-25 14:49:15 - [MESSAGE][PASSED] - Call Test Case 'Test Cases/Sequence Messaging/Login' successfully

2019-04-25 14:49:15 - [MESSAGE][PASSED] - Call Test Case 'Test Cases/Sequence Messaging/Go_to_Seq_Messaging' successfully

2019-04-25 14:49:15 - [TEST_STEP][PASSED] - delay: Delayed 4 second(s)

2019-04-25 14:49:20 - [MESSAGE][PASSED] - Delayed 4 second(s)

2019-04-25 14:49:20 - [MESSAGE][PASSED] - Call Test Case 'Test Cases/Sequence Messaging/TC0980' successfully

2019-04-25 14:49:20 - [TEST_STEP][PASSED] - click: Object: 'Object Repository/Page_KiboPush  Sequence Messaging/span_Edit (2)' is clicked on

2019-04-25 14:49:20 - [MESSAGE][PASSED] - Object: 'Object Repository/Page_KiboPush  Sequence Messaging/span_Edit (2)' is clicked on

2019-04-25 14:49:20 - [TEST_STEP][PASSED] - delay: Delayed 2 second(s)

2019-04-25 14:49:23 - [MESSAGE][PASSED] - Delayed 2 second(s)

2019-04-25 14:49:23 - [MESSAGE][PASSED] - Call Test Case 'Test Cases/Sequence Messaging/Test Edit Sequence Button' successfully

2019-04-25 14:49:23 - [TEST_STEP][PASSED] - delay: Delayed 2 second(s)

2019-04-25 14:49:25 - [MESSAGE][PASSED] - Delayed 2 second(s)

2019-04-25 14:49:25 - [TEST_STEP][PASSED] - click: Object: 'Object Repository/Page_KiboPush  Sequence Messaging/span_-- Edit (6)' is clicked on

2019-04-25 14:49:25 - [MESSAGE][PASSED] - Object: 'Object Repository/Page_KiboPush  Sequence Messaging/span_-- Edit (6)' is clicked on

2019-04-25 14:49:25 - [TEST_STEP][PASSED] - delay: Delayed 2 second(s)

2019-04-25 14:49:28 - [MESSAGE][PASSED] - Delayed 2 second(s)

2019-04-25 14:49:28 - [MESSAGE][PASSED] - Call Test Case 'Test Cases/Sequence Messaging/TC1002' successfully

2019-04-25 14:49:28 - [TEST_STEP][PASSED] - selectOptionByValue: All options with value 'subscription_date' are selected in object 'Object Repository/Page_KiboPush  Sequence Messaging/select_Select ConditionFirst N (6) (1)'  using regular expression

2019-04-25 14:49:28 - [MESSAGE][PASSED] - All options with value 'subscription_date' are selected in object 'Object Repository/Page_KiboPush  Sequence Messaging/select_Select ConditionFirst N (6) (1)'  using regular expression

2019-04-25 14:49:28 - [TEST_STEP][PASSED] - selectOptionByValue: All options with value 'after' are selected in object 'Object Repository/Page_KiboPush  Sequence Messaging/select_Select CriteriaonBefore (1)'  using regular expression

2019-04-25 14:49:29 - [MESSAGE][PASSED] - All options with value 'after' are selected in object 'Object Repository/Page_KiboPush  Sequence Messaging/select_Select CriteriaonBefore (1)'  using regular expression

2019-04-25 14:49:29 - [TEST_STEP][PASSED] - delay: Delayed 2 second(s)

2019-04-25 14:49:31 - [MESSAGE][PASSED] - Delayed 2 second(s)

2019-04-25 14:49:31 - [TEST_STEP][PASSED] - doubleClick: Object: 'Object Repository/Page_KiboPush  Sequence Messaging/input_text' is double clicked on

2019-04-25 14:49:32 - [MESSAGE][PASSED] - Object: 'Object Repository/Page_KiboPush  Sequence Messaging/input_text' is double clicked on

2019-04-25 14:49:32 - [TEST_STEP][PASSED] - click: Object: 'Object Repository/Page_KiboPush  Sequence Messaging/button_Save (15)' is clicked on

2019-04-25 14:49:32 - [MESSAGE][PASSED] - Object: 'Object Repository/Page_KiboPush  Sequence Messaging/button_Save (15)' is clicked on]]></system-out>
         <system-err><![CDATA[]]></system-err>
      </testcase>
      <testcase name="Test Cases/Sequence Messaging/TC1009" classname="Test Cases/Sequence Messaging/TC1009" status="PASSED">
         <system-out><![CDATA[2019-04-25 14:49:32 - [TEST_CASE][PASSED] - Test Cases/Sequence Messaging/TC1009: Test Cases/Sequence Messaging/TC1009

2019-04-25 14:49:32 - [TEST_STEP][PASSED] - callTestCase: Call Test Case 'Test Cases/Sequence Messaging/TC1002' successfully

2019-04-25 14:49:32 - [TEST_CASE][PASSED] - Test Cases/Sequence Messaging/TC1002: Test Cases/Sequence Messaging/TC1002

2019-04-25 14:49:32 - [TEST_STEP][PASSED] - callTestCase: Call Test Case 'Test Cases/Sequence Messaging/Test Edit Sequence Button' successfully

2019-04-25 14:49:32 - [TEST_CASE][PASSED] - Test Cases/Sequence Messaging/Test Edit Sequence Button: Test Cases/Sequence Messaging/Test Edit Sequence Button

2019-04-25 14:49:33 - [TEST_STEP][PASSED] - callTestCase: Call Test Case 'Test Cases/Sequence Messaging/TC0980' successfully

2019-04-25 14:49:33 - [TEST_CASE][PASSED] - Test Cases/Sequence Messaging/TC0980: Test Cases/Sequence Messaging/TC0980

2019-04-25 14:49:33 - [TEST_STEP][PASSED] - callTestCase: Call Test Case 'Test Cases/Sequence Messaging/Go_to_Seq_Messaging' successfully

2019-04-25 14:49:33 - [TEST_CASE][PASSED] - Test Cases/Sequence Messaging/Go_to_Seq_Messaging: Test Cases/Sequence Messaging/Go_to_Seq_Messaging

2019-04-25 14:49:33 - [TEST_STEP][PASSED] - callTestCase: Call Test Case 'Test Cases/Sequence Messaging/Login' successfully

2019-04-25 14:49:33 - [TEST_CASE][PASSED] - Test Cases/Sequence Messaging/Login: Test Cases/Sequence Messaging/Login

2019-04-25 14:49:33 - [TEST_STEP][PASSED] - callTestCase: Call Test Case 'Test Cases/s-sidebar_navigation/individualAccount/sequenceMessaging' successfully

2019-04-25 14:49:33 - [TEST_CASE][PASSED] - Test Cases/s-sidebar_navigation/individualAccount/sequenceMessaging: Test Cases/s-sidebar_navigation/individualAccount/sequenceMessaging

2019-04-25 14:49:33 - [TEST_STEP][PASSED] - click: Object: 'Object Repository/Page_KiboPush  Dashboard/span_Autoposting' is clicked on

2019-04-25 14:49:34 - [MESSAGE][PASSED] - Object: 'Object Repository/Page_KiboPush  Dashboard/span_Autoposting' is clicked on

2019-04-25 14:49:34 - [TEST_STEP][PASSED] - delay: Delayed 1 second(s)

2019-04-25 14:49:35 - [MESSAGE][PASSED] - Delayed 1 second(s)

2019-04-25 14:49:35 - [TEST_STEP][PASSED] - click: Object: 'Object Repository/Page_KiboPush  Dashboard/span_Sequence Messaging' is clicked on

2019-04-25 14:49:36 - [MESSAGE][PASSED] - Object: 'Object Repository/Page_KiboPush  Dashboard/span_Sequence Messaging' is clicked on

2019-04-25 14:49:36 - [TEST_STEP][PASSED] - scrollToPosition: Browser is scrolled to position x = 0, y = 0

2019-04-25 14:49:36 - [MESSAGE][PASSED] - Browser is scrolled to position x = 0, y = 0

2019-04-25 14:49:36 - [TEST_STEP][PASSED] - click: Object: 'Object Repository/Page_KiboPush  Sequence Messaging/h3_Sequence Messaging' is clicked on

2019-04-25 14:49:36 - [MESSAGE][PASSED] - Object: 'Object Repository/Page_KiboPush  Sequence Messaging/h3_Sequence Messaging' is clicked on

2019-04-25 14:49:36 - [TEST_STEP][PASSED] - delay: Delayed 1 second(s)

2019-04-25 14:49:37 - [MESSAGE][PASSED] - Delayed 1 second(s)

2019-04-25 14:49:37 - [MESSAGE][PASSED] - Call Test Case 'Test Cases/s-sidebar_navigation/individualAccount/sequenceMessaging' successfully

2019-04-25 14:49:37 - [MESSAGE][PASSED] - Call Test Case 'Test Cases/Sequence Messaging/Login' successfully

2019-04-25 14:49:37 - [MESSAGE][PASSED] - Call Test Case 'Test Cases/Sequence Messaging/Go_to_Seq_Messaging' successfully

2019-04-25 14:49:37 - [TEST_STEP][PASSED] - delay: Delayed 4 second(s)

2019-04-25 14:49:43 - [MESSAGE][PASSED] - Delayed 4 second(s)

2019-04-25 14:49:43 - [MESSAGE][PASSED] - Call Test Case 'Test Cases/Sequence Messaging/TC0980' successfully

2019-04-25 14:49:43 - [TEST_STEP][PASSED] - click: Object: 'Object Repository/Page_KiboPush  Sequence Messaging/span_Edit (2)' is clicked on

2019-04-25 14:49:43 - [MESSAGE][PASSED] - Object: 'Object Repository/Page_KiboPush  Sequence Messaging/span_Edit (2)' is clicked on

2019-04-25 14:49:43 - [TEST_STEP][PASSED] - delay: Delayed 2 second(s)

2019-04-25 14:49:45 - [MESSAGE][PASSED] - Delayed 2 second(s)

2019-04-25 14:49:45 - [MESSAGE][PASSED] - Call Test Case 'Test Cases/Sequence Messaging/Test Edit Sequence Button' successfully

2019-04-25 14:49:45 - [TEST_STEP][PASSED] - delay: Delayed 2 second(s)

2019-04-25 14:49:48 - [MESSAGE][PASSED] - Delayed 2 second(s)

2019-04-25 14:49:48 - [TEST_STEP][PASSED] - click: Object: 'Object Repository/Page_KiboPush  Sequence Messaging/span_-- Edit (6)' is clicked on

2019-04-25 14:49:48 - [MESSAGE][PASSED] - Object: 'Object Repository/Page_KiboPush  Sequence Messaging/span_-- Edit (6)' is clicked on

2019-04-25 14:49:48 - [TEST_STEP][PASSED] - delay: Delayed 2 second(s)

2019-04-25 14:49:50 - [MESSAGE][PASSED] - Delayed 2 second(s)

2019-04-25 14:49:50 - [MESSAGE][PASSED] - Call Test Case 'Test Cases/Sequence Messaging/TC1002' successfully

2019-04-25 14:49:50 - [TEST_STEP][PASSED] - click: Object: 'Object Repository/Page_KiboPush  Sequence Messaging/button_ Add Condition (1)' is clicked on

2019-04-25 14:49:51 - [MESSAGE][PASSED] - Object: 'Object Repository/Page_KiboPush  Sequence Messaging/button_ Add Condition (1)' is clicked on

2019-04-25 14:49:51 - [TEST_STEP][PASSED] - click: Object: 'Object Repository/Page_KiboPush  Sequence Messaging/button_Save (10)' is clicked on

2019-04-25 14:49:51 - [MESSAGE][PASSED] - Object: 'Object Repository/Page_KiboPush  Sequence Messaging/button_Save (10)' is clicked on]]></system-out>
         <system-err><![CDATA[]]></system-err>
      </testcase>
      <testcase name="Test Cases/Sequence Messaging/TC1011" classname="Test Cases/Sequence Messaging/TC1011" status="PASSED">
         <system-out><![CDATA[2019-04-25 14:49:51 - [TEST_CASE][PASSED] - Test Cases/Sequence Messaging/TC1011: Test Cases/Sequence Messaging/TC1011

2019-04-25 14:49:51 - [TEST_STEP][PASSED] - callTestCase: Call Test Case 'Test Cases/Sequence Messaging/TC0980' successfully

2019-04-25 14:49:51 - [TEST_CASE][PASSED] - Test Cases/Sequence Messaging/TC0980: Test Cases/Sequence Messaging/TC0980

2019-04-25 14:49:51 - [TEST_STEP][PASSED] - callTestCase: Call Test Case 'Test Cases/Sequence Messaging/Go_to_Seq_Messaging' successfully

2019-04-25 14:49:52 - [TEST_CASE][PASSED] - Test Cases/Sequence Messaging/Go_to_Seq_Messaging: Test Cases/Sequence Messaging/Go_to_Seq_Messaging

2019-04-25 14:49:52 - [TEST_STEP][PASSED] - callTestCase: Call Test Case 'Test Cases/Sequence Messaging/Login' successfully

2019-04-25 14:49:52 - [TEST_CASE][PASSED] - Test Cases/Sequence Messaging/Login: Test Cases/Sequence Messaging/Login

2019-04-25 14:49:52 - [TEST_STEP][PASSED] - callTestCase: Call Test Case 'Test Cases/s-sidebar_navigation/individualAccount/sequenceMessaging' successfully

2019-04-25 14:49:52 - [TEST_CASE][PASSED] - Test Cases/s-sidebar_navigation/individualAccount/sequenceMessaging: Test Cases/s-sidebar_navigation/individualAccount/sequenceMessaging

2019-04-25 14:49:52 - [TEST_STEP][PASSED] - click: Object: 'Object Repository/Page_KiboPush  Dashboard/span_Autoposting' is clicked on

2019-04-25 14:49:52 - [MESSAGE][PASSED] - Object: 'Object Repository/Page_KiboPush  Dashboard/span_Autoposting' is clicked on

2019-04-25 14:49:52 - [TEST_STEP][PASSED] - delay: Delayed 1 second(s)

2019-04-25 14:49:53 - [MESSAGE][PASSED] - Delayed 1 second(s)

2019-04-25 14:49:53 - [TEST_STEP][PASSED] - click: Object: 'Object Repository/Page_KiboPush  Dashboard/span_Sequence Messaging' is clicked on

2019-04-25 14:49:54 - [MESSAGE][PASSED] - Object: 'Object Repository/Page_KiboPush  Dashboard/span_Sequence Messaging' is clicked on

2019-04-25 14:49:54 - [TEST_STEP][PASSED] - scrollToPosition: Browser is scrolled to position x = 0, y = 0

2019-04-25 14:49:54 - [MESSAGE][PASSED] - Browser is scrolled to position x = 0, y = 0

2019-04-25 14:49:54 - [TEST_STEP][PASSED] - click: Object: 'Object Repository/Page_KiboPush  Sequence Messaging/h3_Sequence Messaging' is clicked on

2019-04-25 14:49:54 - [MESSAGE][PASSED] - Object: 'Object Repository/Page_KiboPush  Sequence Messaging/h3_Sequence Messaging' is clicked on

2019-04-25 14:49:54 - [TEST_STEP][PASSED] - delay: Delayed 1 second(s)

2019-04-25 14:49:55 - [MESSAGE][PASSED] - Delayed 1 second(s)

2019-04-25 14:49:55 - [MESSAGE][PASSED] - Call Test Case 'Test Cases/s-sidebar_navigation/individualAccount/sequenceMessaging' successfully

2019-04-25 14:49:55 - [MESSAGE][PASSED] - Call Test Case 'Test Cases/Sequence Messaging/Login' successfully

2019-04-25 14:49:55 - [MESSAGE][PASSED] - Call Test Case 'Test Cases/Sequence Messaging/Go_to_Seq_Messaging' successfully

2019-04-25 14:49:55 - [TEST_STEP][PASSED] - delay: Delayed 4 second(s)

2019-04-25 14:50:00 - [MESSAGE][PASSED] - Delayed 4 second(s)

2019-04-25 14:50:00 - [MESSAGE][PASSED] - Call Test Case 'Test Cases/Sequence Messaging/TC0980' successfully

2019-04-25 14:50:00 - [TEST_STEP][PASSED] - click: Object: 'Object Repository/Page_KiboPush  Sequence Messaging/span_Edit (1) (1)' is clicked on

2019-04-25 14:50:00 - [MESSAGE][PASSED] - Object: 'Object Repository/Page_KiboPush  Sequence Messaging/span_Edit (1) (1)' is clicked on

2019-04-25 14:50:00 - [TEST_STEP][PASSED] - delay: Delayed 2 second(s)

2019-04-25 14:50:02 - [MESSAGE][PASSED] - Delayed 2 second(s)

2019-04-25 14:50:02 - [TEST_STEP][PASSED] - click: Object: 'Object Repository/Page_KiboPush  Sequence Messaging/Delete Message Icon (1)' is clicked on

2019-04-25 14:50:03 - [MESSAGE][PASSED] - Object: 'Object Repository/Page_KiboPush  Sequence Messaging/Delete Message Icon (1)' is clicked on

2019-04-25 14:50:03 - [TEST_STEP][PASSED] - click: Object: 'Object Repository/Page_KiboPush  Sequence Messaging/button_Delete (3) (1)' is clicked on

2019-04-25 14:50:03 - [MESSAGE][PASSED] - Object: 'Object Repository/Page_KiboPush  Sequence Messaging/button_Delete (3) (1)' is clicked on

2019-04-25 14:50:03 - [TEST_STEP][PASSED] - delay: Delayed 4 second(s)

2019-04-25 14:50:07 - [MESSAGE][PASSED] - Delayed 4 second(s)

2019-04-25 14:50:07 - [TEST_STEP][PASSED] - scrollToPosition: Browser is scrolled to position x = 0, y = 0

2019-04-25 14:50:07 - [MESSAGE][PASSED] - Browser is scrolled to position x = 0, y = 0

2019-04-25 14:50:07 - [TEST_STEP][PASSED] - click: Object: 'Object Repository/Page_KiboPush  Sequence Messaging/button_Add Message (1) (1)' is clicked on

2019-04-25 14:50:07 - [MESSAGE][PASSED] - Object: 'Object Repository/Page_KiboPush  Sequence Messaging/button_Add Message (1) (1)' is clicked on

2019-04-25 14:50:07 - [TEST_STEP][PASSED] - delay: Delayed 2 second(s)

2019-04-25 14:50:09 - [MESSAGE][PASSED] - Delayed 2 second(s)

2019-04-25 14:50:09 - [TEST_STEP][PASSED] - click: Object: 'Object Repository/Page_KiboPush  Sequence Messaging/span_New Message (4) (1)' is clicked on

2019-04-25 14:50:10 - [MESSAGE][PASSED] - Object: 'Object Repository/Page_KiboPush  Sequence Messaging/span_New Message (4) (1)' is clicked on

2019-04-25 14:50:10 - [TEST_STEP][PASSED] - delay: Delayed 3 second(s)

2019-04-25 14:50:12 - [MESSAGE][PASSED] - Delayed 3 second(s)

2019-04-25 14:50:12 - [TEST_STEP][PASSED] - click: Object: 'Object Repository/Page_KiboPush  Edit Message/i_New Message_convoTitle (3) (1)' is clicked on

2019-04-25 14:50:13 - [MESSAGE][PASSED] - Object: 'Object Repository/Page_KiboPush  Edit Message/i_New Message_convoTitle (3) (1)' is clicked on

2019-04-25 14:50:13 - [TEST_STEP][PASSED] - delay: Delayed 2 second(s)

2019-04-25 14:50:15 - [MESSAGE][PASSED] - Delayed 2 second(s)

2019-04-25 14:50:15 - [TEST_STEP][PASSED] - setText: Text 'Message1' is set on object 'Object Repository/Page_KiboPush  Edit Message/input_Rename_form-control (3) (1)'

2019-04-25 14:50:15 - [MESSAGE][PASSED] - Text 'Message1' is set on object 'Object Repository/Page_KiboPush  Edit Message/input_Rename_form-control (3) (1)'

2019-04-25 14:50:15 - [TEST_STEP][PASSED] - scrollToElement: Scroll to object 'Object Repository/Page_KiboPush  Edit Message/div_View Facebook guidelines r (1) (1)' successfully

2019-04-25 14:50:15 - [MESSAGE][PASSED] - Scroll to object 'Object Repository/Page_KiboPush  Edit Message/div_View Facebook guidelines r (1) (1)' successfully

2019-04-25 14:50:15 - [TEST_STEP][PASSED] - click: Object: 'Object Repository/Page_KiboPush  Edit Message/button_Save (3) (1)' is clicked on

2019-04-25 14:50:15 - [MESSAGE][PASSED] - Object: 'Object Repository/Page_KiboPush  Edit Message/button_Save (3) (1)' is clicked on

2019-04-25 14:50:15 - [TEST_STEP][PASSED] - delay: Delayed 3 second(s)

2019-04-25 14:50:18 - [MESSAGE][PASSED] - Delayed 3 second(s)

2019-04-25 14:50:18 - [TEST_STEP][PASSED] - click: Object: 'Object Repository/Page_KiboPush  Edit Message/div_Text (2) (1)' is clicked on

2019-04-25 14:50:18 - [MESSAGE][PASSED] - Object: 'Object Repository/Page_KiboPush  Edit Message/div_Text (2) (1)' is clicked on

2019-04-25 14:50:18 - [TEST_STEP][PASSED] - setText: Text 'Text1' is set on object 'Object Repository/Page_KiboPush  Edit Message/Set Text Component (2) (1)'

2019-04-25 14:50:18 - [MESSAGE][PASSED] - Text 'Text1' is set on object 'Object Repository/Page_KiboPush  Edit Message/Set Text Component (2) (1)'

2019-04-25 14:50:18 - [TEST_STEP][PASSED] - click: Object: 'Object Repository/Page_KiboPush  Edit Message/h6_ Add Button (1)' is clicked on

2019-04-25 14:50:19 - [MESSAGE][PASSED] - Object: 'Object Repository/Page_KiboPush  Edit Message/h6_ Add Button (1)' is clicked on

2019-04-25 14:50:19 - [TEST_STEP][PASSED] - setText: Text 'Button1' is set on object 'Object Repository/Page_KiboPush  Edit Message/input_Button Title_form-contro (1)'

2019-04-25 14:50:19 - [MESSAGE][PASSED] - Text 'Button1' is set on object 'Object Repository/Page_KiboPush  Edit Message/input_Button Title_form-contro (1)'

2019-04-25 14:50:19 - [TEST_STEP][PASSED] - click: Object: 'Object Repository/Page_KiboPush  Edit Message/h7_Open a website' is clicked on

2019-04-25 14:50:20 - [MESSAGE][PASSED] - Object: 'Object Repository/Page_KiboPush  Edit Message/h7_Open a website' is clicked on

2019-04-25 14:50:20 - [TEST_STEP][PASSED] - setText: Text 'www.google.com' is set on object 'Object Repository/Page_KiboPush  Edit Message/input_form-control'

2019-04-25 14:50:20 - [MESSAGE][PASSED] - Text 'www.google.com' is set on object 'Object Repository/Page_KiboPush  Edit Message/input_form-control'

2019-04-25 14:50:20 - [TEST_STEP][PASSED] - click: Object: 'Object Repository/Page_KiboPush  Edit Message/button_Done (1)' is clicked on

2019-04-25 14:50:21 - [MESSAGE][PASSED] - Object: 'Object Repository/Page_KiboPush  Edit Message/button_Done (1)' is clicked on

2019-04-25 14:50:21 - [TEST_STEP][PASSED] - scrollToPosition: Browser is scrolled to position x = 0, y = 0

2019-04-25 14:50:21 - [MESSAGE][PASSED] - Browser is scrolled to position x = 0, y = 0

2019-04-25 14:50:21 - [TEST_STEP][PASSED] - click: Object: 'Object Repository/Page_KiboPush  Edit Message/button_Save_1 (3)' is clicked on

2019-04-25 14:50:21 - [MESSAGE][PASSED] - Object: 'Object Repository/Page_KiboPush  Edit Message/button_Save_1 (3)' is clicked on

2019-04-25 14:50:21 - [TEST_STEP][PASSED] - click: Object: 'Object Repository/Page_KiboPush  Edit Message/a_Back (3)' is clicked on

2019-04-25 14:50:22 - [MESSAGE][PASSED] - Object: 'Object Repository/Page_KiboPush  Edit Message/a_Back (3)' is clicked on]]></system-out>
         <system-err><![CDATA[]]></system-err>
      </testcase>
      <system-out><![CDATA[2019-04-25 14:41:27 - [TEST_SUITE][FAILED] - seq_message: Test Cases/Sequence Messaging/TC0984 FAILED because (of) Unable to click on object 'Object Repository/Page_KiboPush  Sequence Messaging/button_Delete (2)' (Root cause: org.openqa.selenium.WebDriverException: unknown error: Element <button class="btn btn-primary btn-sm" style="float: right;">...</button> is not clickable at point (740, 273). Other element would receive the click: <div class="narcissus_17w311v" style="position: absolute; margin-bottom: 20px; width: 500px; top: 188px; transform: matrix3d(1.02736, 0, 0, 0, 0, 1.02736, 0, 0, 0, 0, 1, 0, 0, 0, 0, 1); left: 391px;">...</div>
  (Session info: chrome=73.0.3683.103)
  (Driver info: chromedriver=2.35.528161 (5b82f2d2aae0ca24b877009200ced9065a772e73),platform=Windows NT 10.0.17134 x86_64) (WARNING: The server did not provide any stacktrace information)
Command duration or timeout: 0 milliseconds
Build info: version: '3.7.1', revision: '8a0099a', time: '2017-11-06T21:07:36.161Z'
System info: host: 'DESKTOP-4M6R1V0', ip: '10.0.2.15', os.name: 'Windows 10', os.arch: 'amd64', os.version: '10.0', java.version: '1.8.0_181'
Driver info: com.kms.katalon.selenium.driver.CChromeDriver
Capabilities {acceptInsecureCerts: false, acceptSslCerts: false, applicationCacheEnabled: false, browserConnectionEnabled: false, browserName: chrome, chrome: {chromedriverVersion: 2.35.528161 (5b82f2d2aae0ca..., userDataDir: C:\Users\CLOUDK~1\AppData\L...}, cssSelectorsEnabled: true, databaseEnabled: false, handlesAlerts: true, hasTouchScreen: false, javascriptEnabled: true, locationContextEnabled: true, mobileEmulationEnabled: false, nativeEvents: true, networkConnectionEnabled: false, pageLoadStrategy: normal, platform: XP, platformName: XP, rotatable: false, setWindowRect: true, takesHeapSnapshot: true, takesScreenshot: true, unexpectedAlertBehaviour: , unhandledPromptBehavior: , version: 73.0.3683.103, webStorageEnabled: true}
Session ID: 52f8cc475d5d2726edf77c99e6577fe8)]]></system-out>
      <system-err><![CDATA[2019-04-25 14:41:27 - [TEST_SUITE][FAILED] - seq_message: Test Cases/Sequence Messaging/TC0984 FAILED because (of) Unable to click on object 'Object Repository/Page_KiboPush  Sequence Messaging/button_Delete (2)' (Root cause: org.openqa.selenium.WebDriverException: unknown error: Element <button class="btn btn-primary btn-sm" style="float: right;">...</button> is not clickable at point (740, 273). Other element would receive the click: <div class="narcissus_17w311v" style="position: absolute; margin-bottom: 20px; width: 500px; top: 188px; transform: matrix3d(1.02736, 0, 0, 0, 0, 1.02736, 0, 0, 0, 0, 1, 0, 0, 0, 0, 1); left: 391px;">...</div>
  (Session info: chrome=73.0.3683.103)
  (Driver info: chromedriver=2.35.528161 (5b82f2d2aae0ca24b877009200ced9065a772e73),platform=Windows NT 10.0.17134 x86_64) (WARNING: The server did not provide any stacktrace information)
Command duration or timeout: 0 milliseconds
Build info: version: '3.7.1', revision: '8a0099a', time: '2017-11-06T21:07:36.161Z'
System info: host: 'DESKTOP-4M6R1V0', ip: '10.0.2.15', os.name: 'Windows 10', os.arch: 'amd64', os.version: '10.0', java.version: '1.8.0_181'
Driver info: com.kms.katalon.selenium.driver.CChromeDriver
Capabilities {acceptInsecureCerts: false, acceptSslCerts: false, applicationCacheEnabled: false, browserConnectionEnabled: false, browserName: chrome, chrome: {chromedriverVersion: 2.35.528161 (5b82f2d2aae0ca..., userDataDir: C:\Users\CLOUDK~1\AppData\L...}, cssSelectorsEnabled: true, databaseEnabled: false, handlesAlerts: true, hasTouchScreen: false, javascriptEnabled: true, locationContextEnabled: true, mobileEmulationEnabled: false, nativeEvents: true, networkConnectionEnabled: false, pageLoadStrategy: normal, platform: XP, platformName: XP, rotatable: false, setWindowRect: true, takesHeapSnapshot: true, takesScreenshot: true, unexpectedAlertBehaviour: , unhandledPromptBehavior: , version: 73.0.3683.103, webStorageEnabled: true}
Session ID: 52f8cc475d5d2726edf77c99e6577fe8)]]></system-err>
   </testsuite>
</testsuites>
