<?xml version="1.0" encoding="UTF-8"?>
<testsuites name="seq_message" time="522" tests="20" failures="1" errors="0">
   <testsuite name="seq_message" tests="20" failures="1" errors="0" time="522" timestamp="2019-04-25 11:45:55" hostname="cloudkibo - 10.0.2.15" id="Test Suites/seq_message">
      <properties>
         <property name="deviceName" value=""/>
         <property name="devicePlatform" value=""/>
         <property name="logFolder" value="C:\\Users\\cloudkibo\\Desktop\\KiboPush_Automated_Testing\\KiboPush Katalon\\Reports\\seq_message\\20190425_113648"/>
         <property name="logFiles" value="C:\\Users\\cloudkibo\\Desktop\\KiboPush_Automated_Testing\\KiboPush Katalon\\Reports\\seq_message\\20190425_113648\\execution0.log"/>
         <property name="attachments" value="C:\\Users\\cloudkibo\\Desktop\\KiboPush_Automated_Testing\\KiboPush Katalon\\Reports\\seq_message\\20190425_113648\\1556175275975.png"/>
         <property name="hostName" value="cloudkibo - 10.0.2.15"/>
         <property name="os" value="Windows 10 64bit"/>
         <property name="katalonVersion" value="5.6.0.1"/>
         <property name="browser" value="Chrome 73.0.3683.103"/>
         <property name="hostAddress" value="10.0.2.15"/>
         <property name="sessionId" value="13bd57776778cbb9f3029d782c686f0c"/>
         <property name="seleniumVersion" value="3.7.1"/>
         <property name="proxyInformation" value="ProxyInformation{proxyOption=NO_PROXY, proxyServerType=HTTP, password=, proxyServerAddress=, proxyServerPort=0}"/>
         <property name="platform" value="Windows 10"/>
      </properties>
      <testcase name="Test Cases/s-sidebar_navigation/individualAccount/arveen_production_login_kiboengage" classname="Test Cases/s-sidebar_navigation/individualAccount/arveen_production_login_kiboengage" status="PASSED">
         <system-out><![CDATA[2019-04-25 11:45:56 - [TEST_CASE][PASSED] - Test Cases/s-sidebar_navigation/individualAccount/arveen_production_login_kiboengage: Test Cases/s-sidebar_navigation/individualAccount/arveen_production_login_kiboengage

2019-04-25 11:45:57 - [TEST_STEP][PASSED] - openBrowser: Browser is opened with url: ''

2019-04-25 11:46:03 - [MESSAGE][PASSED] - Browser is opened with url: ''

2019-04-25 11:46:03 - [TEST_STEP][PASSED] - maximizeWindow: Current window maximized

2019-04-25 11:46:04 - [MESSAGE][PASSED] - Current window maximized

2019-04-25 11:46:04 - [TEST_STEP][PASSED] - navigateToUrl: Navigate to 'https://kiboengage.cloudkibo.com/' successfully

2019-04-25 11:46:23 - [MESSAGE][PASSED] - Navigate to 'https://kiboengage.cloudkibo.com/' successfully

2019-04-25 11:46:23 - [TEST_STEP][PASSED] - navigateToUrl: Navigate to 'https://accounts.cloudkibo.com/?continue=https://kiboengage.cloudkibo.com' successfully

2019-04-25 11:46:24 - [MESSAGE][PASSED] - Navigate to 'https://accounts.cloudkibo.com/?continue=https://kiboengage.cloudkibo.com' successfully

2019-04-25 11:46:24 - [TEST_STEP][PASSED] - click: Object: 'Object Repository/Page_CloudKibo/a_Login (2) (1) (1)' is clicked on

2019-04-25 11:46:26 - [MESSAGE][PASSED] - Object: 'Object Repository/Page_CloudKibo/a_Login (2) (1) (1)' is clicked on

2019-04-25 11:46:26 - [TEST_STEP][PASSED] - setText: Text 'individual@cloudkibo.com' is set on object 'Object Repository/Page_KiboPush/input_email (10) (1) (1)'

2019-04-25 11:46:27 - [MESSAGE][PASSED] - Text 'individual@cloudkibo.com' is set on object 'Object Repository/Page_KiboPush/input_email (10) (1) (1)'

2019-04-25 11:46:27 - [TEST_STEP][PASSED] - setEncryptedText: Text ****** has been set on object 'Object Repository/Page_CloudKibo/input_Sign In_password (7)'

2019-04-25 11:46:27 - [MESSAGE][PASSED] - Text ****** has been set on object 'Object Repository/Page_CloudKibo/input_Sign In_password (7)'

2019-04-25 11:46:27 - [TEST_STEP][PASSED] - click: Object: 'Object Repository/Page_KiboPush/button_Sign In (10) (1) (2)' is clicked on

2019-04-25 11:46:27 - [MESSAGE][PASSED] - Object: 'Object Repository/Page_KiboPush/button_Sign In (10) (1) (2)' is clicked on

2019-04-25 11:46:27 - [TEST_STEP][PASSED] - click: Object: 'Object Repository/Page_KiboPush  Dashboard/h3_Dashboard (57)' is clicked on

2019-04-25 11:46:55 - [MESSAGE][PASSED] - Object: 'Object Repository/Page_KiboPush  Dashboard/h3_Dashboard (57)' is clicked on

2019-04-25 11:46:55 - [TEST_STEP][PASSED] - delay: Delayed 3 second(s)

2019-04-25 11:46:58 - [MESSAGE][PASSED] - Delayed 3 second(s)

2019-04-25 11:46:58 - [TEST_STEP][PASSED] - click: Object: 'Object Repository/Page_KiboEngage  Dashboard/a_SMS (2) (1) (1) (1) (3)' is clicked on

2019-04-25 11:46:58 - [MESSAGE][PASSED] - Object: 'Object Repository/Page_KiboEngage  Dashboard/a_SMS (2) (1) (1) (1) (3)' is clicked on

2019-04-25 11:46:58 - [TEST_STEP][PASSED] - delay: Delayed 2 second(s)

2019-04-25 11:47:00 - [MESSAGE][PASSED] - Delayed 2 second(s)

2019-04-25 11:47:00 - [TEST_STEP][PASSED] - click: Object: 'Object Repository/Page_KiboEngage  Dashboard/span_Messenger (1) (1) (1) (3)' is clicked on

2019-04-25 11:47:00 - [MESSAGE][PASSED] - Object: 'Object Repository/Page_KiboEngage  Dashboard/span_Messenger (1) (1) (1) (3)' is clicked on

2019-04-25 11:47:00 - [TEST_STEP][PASSED] - delay: Delayed 2 second(s)

2019-04-25 11:47:02 - [MESSAGE][PASSED] - Delayed 2 second(s)]]></system-out>
         <system-err><![CDATA[]]></system-err>
      </testcase>
      <testcase name="Test Cases/Sequence Messaging/open_automation" classname="Test Cases/Sequence Messaging/open_automation" status="PASSED">
         <system-out><![CDATA[2019-04-25 11:47:02 - [TEST_CASE][PASSED] - Test Cases/Sequence Messaging/open_automation: Test Cases/Sequence Messaging/open_automation

2019-04-25 11:47:02 - [TEST_STEP][PASSED] - click: Object: 'Object Repository/Page_KiboPush  Dashboard/span_Automation (1) (1)' is clicked on

2019-04-25 11:47:03 - [MESSAGE][PASSED] - Object: 'Object Repository/Page_KiboPush  Dashboard/span_Automation (1) (1)' is clicked on

2019-04-25 11:47:03 - [TEST_STEP][PASSED] - delay: Delayed 1 second(s)

2019-04-25 11:47:04 - [MESSAGE][PASSED] - Delayed 1 second(s)]]></system-out>
         <system-err><![CDATA[]]></system-err>
      </testcase>
      <testcase name="Test Cases/Sequence Messaging/TC0980" classname="Test Cases/Sequence Messaging/TC0980" status="PASSED">
         <system-out><![CDATA[2019-04-25 11:47:04 - [TEST_CASE][PASSED] - Test Cases/Sequence Messaging/TC0980: Test Cases/Sequence Messaging/TC0980

2019-04-25 11:47:04 - [TEST_STEP][PASSED] - callTestCase: Call Test Case 'Test Cases/Sequence Messaging/Go_to_Seq_Messaging' successfully

2019-04-25 11:47:04 - [TEST_CASE][PASSED] - Test Cases/Sequence Messaging/Go_to_Seq_Messaging: Test Cases/Sequence Messaging/Go_to_Seq_Messaging

2019-04-25 11:47:04 - [TEST_STEP][PASSED] - callTestCase: Call Test Case 'Test Cases/Sequence Messaging/Login' successfully

2019-04-25 11:47:04 - [TEST_CASE][PASSED] - Test Cases/Sequence Messaging/Login: Test Cases/Sequence Messaging/Login

2019-04-25 11:47:04 - [TEST_STEP][PASSED] - callTestCase: Call Test Case 'Test Cases/s-sidebar_navigation/individualAccount/sequenceMessaging' successfully

2019-04-25 11:47:04 - [TEST_CASE][PASSED] - Test Cases/s-sidebar_navigation/individualAccount/sequenceMessaging: Test Cases/s-sidebar_navigation/individualAccount/sequenceMessaging

2019-04-25 11:47:04 - [TEST_STEP][PASSED] - click: Object: 'Object Repository/Page_KiboPush  Dashboard/span_Autoposting' is clicked on

2019-04-25 11:47:05 - [MESSAGE][PASSED] - Object: 'Object Repository/Page_KiboPush  Dashboard/span_Autoposting' is clicked on

2019-04-25 11:47:05 - [TEST_STEP][PASSED] - delay: Delayed 1 second(s)

2019-04-25 11:47:06 - [MESSAGE][PASSED] - Delayed 1 second(s)

2019-04-25 11:47:06 - [TEST_STEP][PASSED] - click: Object: 'Object Repository/Page_KiboPush  Dashboard/span_Sequence Messaging' is clicked on

2019-04-25 11:47:06 - [MESSAGE][PASSED] - Object: 'Object Repository/Page_KiboPush  Dashboard/span_Sequence Messaging' is clicked on

2019-04-25 11:47:06 - [TEST_STEP][PASSED] - scrollToPosition: Browser is scrolled to position x = 0, y = 0

2019-04-25 11:47:06 - [MESSAGE][PASSED] - Browser is scrolled to position x = 0, y = 0

2019-04-25 11:47:06 - [TEST_STEP][PASSED] - click: Object: 'Object Repository/Page_KiboPush  Sequence Messaging/h3_Sequence Messaging' is clicked on

2019-04-25 11:47:06 - [MESSAGE][PASSED] - Object: 'Object Repository/Page_KiboPush  Sequence Messaging/h3_Sequence Messaging' is clicked on

2019-04-25 11:47:06 - [TEST_STEP][PASSED] - delay: Delayed 1 second(s)

2019-04-25 11:47:07 - [MESSAGE][PASSED] - Delayed 1 second(s)

2019-04-25 11:47:07 - [MESSAGE][PASSED] - Call Test Case 'Test Cases/s-sidebar_navigation/individualAccount/sequenceMessaging' successfully

2019-04-25 11:47:07 - [MESSAGE][PASSED] - Call Test Case 'Test Cases/Sequence Messaging/Login' successfully

2019-04-25 11:47:07 - [MESSAGE][PASSED] - Call Test Case 'Test Cases/Sequence Messaging/Go_to_Seq_Messaging' successfully

2019-04-25 11:47:07 - [TEST_STEP][PASSED] - delay: Delayed 4 second(s)

2019-04-25 11:47:10 - [MESSAGE][PASSED] - Delayed 4 second(s)]]></system-out>
         <system-err><![CDATA[]]></system-err>
      </testcase>
      <testcase name="Test Cases/Sequence Messaging/TC0981" classname="Test Cases/Sequence Messaging/TC0981" status="PASSED">
         <system-out><![CDATA[2019-04-25 11:47:10 - [TEST_CASE][PASSED] - Test Cases/Sequence Messaging/TC0981: Test Cases/Sequence Messaging/TC0981

2019-04-25 11:47:11 - [TEST_STEP][PASSED] - callTestCase: Call Test Case 'Test Cases/Sequence Messaging/TC0980' successfully

2019-04-25 11:47:11 - [TEST_CASE][PASSED] - Test Cases/Sequence Messaging/TC0980: Test Cases/Sequence Messaging/TC0980

2019-04-25 11:47:11 - [TEST_STEP][PASSED] - callTestCase: Call Test Case 'Test Cases/Sequence Messaging/Go_to_Seq_Messaging' successfully

2019-04-25 11:47:11 - [TEST_CASE][PASSED] - Test Cases/Sequence Messaging/Go_to_Seq_Messaging: Test Cases/Sequence Messaging/Go_to_Seq_Messaging

2019-04-25 11:47:11 - [TEST_STEP][PASSED] - callTestCase: Call Test Case 'Test Cases/Sequence Messaging/Login' successfully

2019-04-25 11:47:11 - [TEST_CASE][PASSED] - Test Cases/Sequence Messaging/Login: Test Cases/Sequence Messaging/Login

2019-04-25 11:47:11 - [TEST_STEP][PASSED] - callTestCase: Call Test Case 'Test Cases/s-sidebar_navigation/individualAccount/sequenceMessaging' successfully

2019-04-25 11:47:11 - [TEST_CASE][PASSED] - Test Cases/s-sidebar_navigation/individualAccount/sequenceMessaging: Test Cases/s-sidebar_navigation/individualAccount/sequenceMessaging

2019-04-25 11:47:11 - [TEST_STEP][PASSED] - click: Object: 'Object Repository/Page_KiboPush  Dashboard/span_Autoposting' is clicked on

2019-04-25 11:47:11 - [MESSAGE][PASSED] - Object: 'Object Repository/Page_KiboPush  Dashboard/span_Autoposting' is clicked on

2019-04-25 11:47:11 - [TEST_STEP][PASSED] - delay: Delayed 1 second(s)

2019-04-25 11:47:12 - [MESSAGE][PASSED] - Delayed 1 second(s)

2019-04-25 11:47:12 - [TEST_STEP][PASSED] - click: Object: 'Object Repository/Page_KiboPush  Dashboard/span_Sequence Messaging' is clicked on

2019-04-25 11:47:12 - [MESSAGE][PASSED] - Object: 'Object Repository/Page_KiboPush  Dashboard/span_Sequence Messaging' is clicked on

2019-04-25 11:47:12 - [TEST_STEP][PASSED] - scrollToPosition: Browser is scrolled to position x = 0, y = 0

2019-04-25 11:47:12 - [MESSAGE][PASSED] - Browser is scrolled to position x = 0, y = 0

2019-04-25 11:47:12 - [TEST_STEP][PASSED] - click: Object: 'Object Repository/Page_KiboPush  Sequence Messaging/h3_Sequence Messaging' is clicked on

2019-04-25 11:47:13 - [MESSAGE][PASSED] - Object: 'Object Repository/Page_KiboPush  Sequence Messaging/h3_Sequence Messaging' is clicked on

2019-04-25 11:47:13 - [TEST_STEP][PASSED] - delay: Delayed 1 second(s)

2019-04-25 11:47:13 - [MESSAGE][PASSED] - Delayed 1 second(s)

2019-04-25 11:47:14 - [MESSAGE][PASSED] - Call Test Case 'Test Cases/s-sidebar_navigation/individualAccount/sequenceMessaging' successfully

2019-04-25 11:47:14 - [MESSAGE][PASSED] - Call Test Case 'Test Cases/Sequence Messaging/Login' successfully

2019-04-25 11:47:14 - [MESSAGE][PASSED] - Call Test Case 'Test Cases/Sequence Messaging/Go_to_Seq_Messaging' successfully

2019-04-25 11:47:14 - [TEST_STEP][PASSED] - delay: Delayed 4 second(s)

2019-04-25 11:47:17 - [MESSAGE][PASSED] - Delayed 4 second(s)

2019-04-25 11:47:17 - [MESSAGE][PASSED] - Call Test Case 'Test Cases/Sequence Messaging/TC0980' successfully

2019-04-25 11:47:17 - [TEST_STEP][PASSED] - setText: Text 'Test' is set on object 'Object Repository/Page_KiboPush  Sequence Messaging/input_Create New Sequence_form'

2019-04-25 11:47:17 - [MESSAGE][PASSED] - Text 'Test' is set on object 'Object Repository/Page_KiboPush  Sequence Messaging/input_Create New Sequence_form'

2019-04-25 11:47:17 - [TEST_STEP][PASSED] - delay: Delayed 3 second(s)

2019-04-25 11:47:19 - [MESSAGE][PASSED] - Delayed 3 second(s)]]></system-out>
         <system-err><![CDATA[]]></system-err>
      </testcase>
      <testcase name="Test Cases/Sequence Messaging/TC0982" classname="Test Cases/Sequence Messaging/TC0982" status="PASSED">
         <system-out><![CDATA[2019-04-25 11:47:20 - [TEST_CASE][PASSED] - Test Cases/Sequence Messaging/TC0982: Test Cases/Sequence Messaging/TC0982

2019-04-25 11:47:20 - [TEST_STEP][PASSED] - callTestCase: Call Test Case 'Test Cases/Sequence Messaging/TC0980' successfully

2019-04-25 11:47:20 - [TEST_CASE][PASSED] - Test Cases/Sequence Messaging/TC0980: Test Cases/Sequence Messaging/TC0980

2019-04-25 11:47:20 - [TEST_STEP][PASSED] - callTestCase: Call Test Case 'Test Cases/Sequence Messaging/Go_to_Seq_Messaging' successfully

2019-04-25 11:47:20 - [TEST_CASE][PASSED] - Test Cases/Sequence Messaging/Go_to_Seq_Messaging: Test Cases/Sequence Messaging/Go_to_Seq_Messaging

2019-04-25 11:47:20 - [TEST_STEP][PASSED] - callTestCase: Call Test Case 'Test Cases/Sequence Messaging/Login' successfully

2019-04-25 11:47:20 - [TEST_CASE][PASSED] - Test Cases/Sequence Messaging/Login: Test Cases/Sequence Messaging/Login

2019-04-25 11:47:20 - [TEST_STEP][PASSED] - callTestCase: Call Test Case 'Test Cases/s-sidebar_navigation/individualAccount/sequenceMessaging' successfully

2019-04-25 11:47:20 - [TEST_CASE][PASSED] - Test Cases/s-sidebar_navigation/individualAccount/sequenceMessaging: Test Cases/s-sidebar_navigation/individualAccount/sequenceMessaging

2019-04-25 11:47:20 - [TEST_STEP][PASSED] - click: Object: 'Object Repository/Page_KiboPush  Dashboard/span_Autoposting' is clicked on

2019-04-25 11:47:20 - [MESSAGE][PASSED] - Object: 'Object Repository/Page_KiboPush  Dashboard/span_Autoposting' is clicked on

2019-04-25 11:47:20 - [TEST_STEP][PASSED] - delay: Delayed 1 second(s)

2019-04-25 11:47:21 - [MESSAGE][PASSED] - Delayed 1 second(s)

2019-04-25 11:47:21 - [TEST_STEP][PASSED] - click: Object: 'Object Repository/Page_KiboPush  Dashboard/span_Sequence Messaging' is clicked on

2019-04-25 11:47:21 - [MESSAGE][PASSED] - Object: 'Object Repository/Page_KiboPush  Dashboard/span_Sequence Messaging' is clicked on

2019-04-25 11:47:21 - [TEST_STEP][PASSED] - scrollToPosition: Browser is scrolled to position x = 0, y = 0

2019-04-25 11:47:21 - [MESSAGE][PASSED] - Browser is scrolled to position x = 0, y = 0

2019-04-25 11:47:21 - [TEST_STEP][PASSED] - click: Object: 'Object Repository/Page_KiboPush  Sequence Messaging/h3_Sequence Messaging' is clicked on

2019-04-25 11:47:21 - [MESSAGE][PASSED] - Object: 'Object Repository/Page_KiboPush  Sequence Messaging/h3_Sequence Messaging' is clicked on

2019-04-25 11:47:21 - [TEST_STEP][PASSED] - delay: Delayed 1 second(s)

2019-04-25 11:47:22 - [MESSAGE][PASSED] - Delayed 1 second(s)

2019-04-25 11:47:22 - [MESSAGE][PASSED] - Call Test Case 'Test Cases/s-sidebar_navigation/individualAccount/sequenceMessaging' successfully

2019-04-25 11:47:22 - [MESSAGE][PASSED] - Call Test Case 'Test Cases/Sequence Messaging/Login' successfully

2019-04-25 11:47:22 - [MESSAGE][PASSED] - Call Test Case 'Test Cases/Sequence Messaging/Go_to_Seq_Messaging' successfully

2019-04-25 11:47:22 - [TEST_STEP][PASSED] - delay: Delayed 4 second(s)

2019-04-25 11:47:26 - [MESSAGE][PASSED] - Delayed 4 second(s)

2019-04-25 11:47:26 - [MESSAGE][PASSED] - Call Test Case 'Test Cases/Sequence Messaging/TC0980' successfully

2019-04-25 11:47:26 - [TEST_STEP][PASSED] - delay: Delayed 2 second(s)

2019-04-25 11:47:28 - [MESSAGE][PASSED] - Delayed 2 second(s)

2019-04-25 11:47:28 - [TEST_STEP][PASSED] - click: Object: 'Object Repository/Page_KiboPush  Sequence Messaging/span_Create New Sequence (2)' is clicked on

2019-04-25 11:47:28 - [MESSAGE][PASSED] - Object: 'Object Repository/Page_KiboPush  Sequence Messaging/span_Create New Sequence (2)' is clicked on

2019-04-25 11:47:28 - [TEST_STEP][PASSED] - delay: Delayed 2 second(s)

2019-04-25 11:47:30 - [MESSAGE][PASSED] - Delayed 2 second(s)]]></system-out>
         <system-err><![CDATA[]]></system-err>
      </testcase>
      <testcase name="Test Cases/Sequence Messaging/TC0983" classname="Test Cases/Sequence Messaging/TC0983" status="PASSED">
         <system-out><![CDATA[2019-04-25 11:47:30 - [TEST_CASE][PASSED] - Test Cases/Sequence Messaging/TC0983: Test Cases/Sequence Messaging/TC0983

2019-04-25 11:47:30 - [TEST_STEP][PASSED] - callTestCase: Call Test Case 'Test Cases/Sequence Messaging/TC0982' successfully

2019-04-25 11:47:30 - [TEST_CASE][PASSED] - Test Cases/Sequence Messaging/TC0982: Test Cases/Sequence Messaging/TC0982

2019-04-25 11:47:30 - [TEST_STEP][PASSED] - callTestCase: Call Test Case 'Test Cases/Sequence Messaging/TC0980' successfully

2019-04-25 11:47:30 - [TEST_CASE][PASSED] - Test Cases/Sequence Messaging/TC0980: Test Cases/Sequence Messaging/TC0980

2019-04-25 11:47:30 - [TEST_STEP][PASSED] - callTestCase: Call Test Case 'Test Cases/Sequence Messaging/Go_to_Seq_Messaging' successfully

2019-04-25 11:47:30 - [TEST_CASE][PASSED] - Test Cases/Sequence Messaging/Go_to_Seq_Messaging: Test Cases/Sequence Messaging/Go_to_Seq_Messaging

2019-04-25 11:47:30 - [TEST_STEP][PASSED] - callTestCase: Call Test Case 'Test Cases/Sequence Messaging/Login' successfully

2019-04-25 11:47:31 - [TEST_CASE][PASSED] - Test Cases/Sequence Messaging/Login: Test Cases/Sequence Messaging/Login

2019-04-25 11:47:31 - [TEST_STEP][PASSED] - callTestCase: Call Test Case 'Test Cases/s-sidebar_navigation/individualAccount/sequenceMessaging' successfully

2019-04-25 11:47:31 - [TEST_CASE][PASSED] - Test Cases/s-sidebar_navigation/individualAccount/sequenceMessaging: Test Cases/s-sidebar_navigation/individualAccount/sequenceMessaging

2019-04-25 11:47:31 - [TEST_STEP][PASSED] - click: Object: 'Object Repository/Page_KiboPush  Dashboard/span_Autoposting' is clicked on

2019-04-25 11:47:31 - [MESSAGE][PASSED] - Object: 'Object Repository/Page_KiboPush  Dashboard/span_Autoposting' is clicked on

2019-04-25 11:47:31 - [TEST_STEP][PASSED] - delay: Delayed 1 second(s)

2019-04-25 11:47:32 - [MESSAGE][PASSED] - Delayed 1 second(s)

2019-04-25 11:47:32 - [TEST_STEP][PASSED] - click: Object: 'Object Repository/Page_KiboPush  Dashboard/span_Sequence Messaging' is clicked on

2019-04-25 11:47:32 - [MESSAGE][PASSED] - Object: 'Object Repository/Page_KiboPush  Dashboard/span_Sequence Messaging' is clicked on

2019-04-25 11:47:32 - [TEST_STEP][PASSED] - scrollToPosition: Browser is scrolled to position x = 0, y = 0

2019-04-25 11:47:32 - [MESSAGE][PASSED] - Browser is scrolled to position x = 0, y = 0

2019-04-25 11:47:32 - [TEST_STEP][PASSED] - click: Object: 'Object Repository/Page_KiboPush  Sequence Messaging/h3_Sequence Messaging' is clicked on

2019-04-25 11:47:32 - [MESSAGE][PASSED] - Object: 'Object Repository/Page_KiboPush  Sequence Messaging/h3_Sequence Messaging' is clicked on

2019-04-25 11:47:32 - [TEST_STEP][PASSED] - delay: Delayed 1 second(s)

2019-04-25 11:47:33 - [MESSAGE][PASSED] - Delayed 1 second(s)

2019-04-25 11:47:33 - [MESSAGE][PASSED] - Call Test Case 'Test Cases/s-sidebar_navigation/individualAccount/sequenceMessaging' successfully

2019-04-25 11:47:33 - [MESSAGE][PASSED] - Call Test Case 'Test Cases/Sequence Messaging/Login' successfully

2019-04-25 11:47:33 - [MESSAGE][PASSED] - Call Test Case 'Test Cases/Sequence Messaging/Go_to_Seq_Messaging' successfully

2019-04-25 11:47:33 - [TEST_STEP][PASSED] - delay: Delayed 4 second(s)

2019-04-25 11:47:37 - [MESSAGE][PASSED] - Delayed 4 second(s)

2019-04-25 11:47:37 - [MESSAGE][PASSED] - Call Test Case 'Test Cases/Sequence Messaging/TC0980' successfully

2019-04-25 11:47:37 - [TEST_STEP][PASSED] - delay: Delayed 2 second(s)

2019-04-25 11:47:39 - [MESSAGE][PASSED] - Delayed 2 second(s)

2019-04-25 11:47:39 - [TEST_STEP][PASSED] - click: Object: 'Object Repository/Page_KiboPush  Sequence Messaging/span_Create New Sequence (2)' is clicked on

2019-04-25 11:47:39 - [MESSAGE][PASSED] - Object: 'Object Repository/Page_KiboPush  Sequence Messaging/span_Create New Sequence (2)' is clicked on

2019-04-25 11:47:39 - [TEST_STEP][PASSED] - delay: Delayed 2 second(s)

2019-04-25 11:47:42 - [MESSAGE][PASSED] - Delayed 2 second(s)

2019-04-25 11:47:42 - [MESSAGE][PASSED] - Call Test Case 'Test Cases/Sequence Messaging/TC0982' successfully

2019-04-25 11:47:42 - [TEST_STEP][PASSED] - setText: Text 'Sequence1' is set on object 'Object Repository/Page_KiboPush  Sequence Messaging/input_Sequence Name_form-contr'

2019-04-25 11:47:42 - [MESSAGE][PASSED] - Text 'Sequence1' is set on object 'Object Repository/Page_KiboPush  Sequence Messaging/input_Sequence Name_form-contr'

2019-04-25 11:47:42 - [TEST_STEP][PASSED] - delay: Delayed 2 second(s)

2019-04-25 11:47:44 - [MESSAGE][PASSED] - Delayed 2 second(s)

2019-04-25 11:47:44 - [TEST_STEP][PASSED] - click: Object: 'Object Repository/Page_KiboPush  Sequence Messaging/button_Create' is clicked on

2019-04-25 11:47:44 - [MESSAGE][PASSED] - Object: 'Object Repository/Page_KiboPush  Sequence Messaging/button_Create' is clicked on

2019-04-25 11:47:44 - [TEST_STEP][PASSED] - delay: Delayed 2 second(s)

2019-04-25 11:47:47 - [MESSAGE][PASSED] - Delayed 2 second(s)

2019-04-25 11:47:47 - [TEST_STEP][PASSED] - click: Object: 'Object Repository/Page_KiboPush  Sequence Messaging/button_Add Message (1)' is clicked on

2019-04-25 11:47:47 - [MESSAGE][PASSED] - Object: 'Object Repository/Page_KiboPush  Sequence Messaging/button_Add Message (1)' is clicked on

2019-04-25 11:47:47 - [TEST_STEP][PASSED] - delay: Delayed 2 second(s)

2019-04-25 11:47:49 - [MESSAGE][PASSED] - Delayed 2 second(s)

2019-04-25 11:47:49 - [TEST_STEP][PASSED] - click: Object: 'Object Repository/Page_KiboPush  Sequence Messaging/button_Add Message (1)' is clicked on

2019-04-25 11:47:49 - [MESSAGE][PASSED] - Object: 'Object Repository/Page_KiboPush  Sequence Messaging/button_Add Message (1)' is clicked on

2019-04-25 11:47:49 - [TEST_STEP][PASSED] - delay: Delayed 2 second(s)

2019-04-25 11:47:52 - [MESSAGE][PASSED] - Delayed 2 second(s)]]></system-out>
         <system-err><![CDATA[]]></system-err>
      </testcase>
      <testcase name="Test Cases/Sequence Messaging/TC0984" classname="Test Cases/Sequence Messaging/TC0984" status="PASSED">
         <system-out><![CDATA[2019-04-25 11:47:52 - [TEST_CASE][PASSED] - Test Cases/Sequence Messaging/TC0984: Test Cases/Sequence Messaging/TC0984

2019-04-25 11:47:52 - [TEST_STEP][PASSED] - callTestCase: Call Test Case 'Test Cases/Sequence Messaging/TC0980' successfully

2019-04-25 11:47:52 - [TEST_CASE][PASSED] - Test Cases/Sequence Messaging/TC0980: Test Cases/Sequence Messaging/TC0980

2019-04-25 11:47:52 - [TEST_STEP][PASSED] - callTestCase: Call Test Case 'Test Cases/Sequence Messaging/Go_to_Seq_Messaging' successfully

2019-04-25 11:47:52 - [TEST_CASE][PASSED] - Test Cases/Sequence Messaging/Go_to_Seq_Messaging: Test Cases/Sequence Messaging/Go_to_Seq_Messaging

2019-04-25 11:47:52 - [TEST_STEP][PASSED] - callTestCase: Call Test Case 'Test Cases/Sequence Messaging/Login' successfully

2019-04-25 11:47:52 - [TEST_CASE][PASSED] - Test Cases/Sequence Messaging/Login: Test Cases/Sequence Messaging/Login

2019-04-25 11:47:52 - [TEST_STEP][PASSED] - callTestCase: Call Test Case 'Test Cases/s-sidebar_navigation/individualAccount/sequenceMessaging' successfully

2019-04-25 11:47:52 - [TEST_CASE][PASSED] - Test Cases/s-sidebar_navigation/individualAccount/sequenceMessaging: Test Cases/s-sidebar_navigation/individualAccount/sequenceMessaging

2019-04-25 11:47:52 - [TEST_STEP][PASSED] - click: Object: 'Object Repository/Page_KiboPush  Dashboard/span_Autoposting' is clicked on

2019-04-25 11:47:53 - [MESSAGE][PASSED] - Object: 'Object Repository/Page_KiboPush  Dashboard/span_Autoposting' is clicked on

2019-04-25 11:47:53 - [TEST_STEP][PASSED] - delay: Delayed 1 second(s)

2019-04-25 11:47:54 - [MESSAGE][PASSED] - Delayed 1 second(s)

2019-04-25 11:47:54 - [TEST_STEP][PASSED] - click: Object: 'Object Repository/Page_KiboPush  Dashboard/span_Sequence Messaging' is clicked on

2019-04-25 11:47:54 - [MESSAGE][PASSED] - Object: 'Object Repository/Page_KiboPush  Dashboard/span_Sequence Messaging' is clicked on

2019-04-25 11:47:54 - [TEST_STEP][PASSED] - scrollToPosition: Browser is scrolled to position x = 0, y = 0

2019-04-25 11:47:54 - [MESSAGE][PASSED] - Browser is scrolled to position x = 0, y = 0

2019-04-25 11:47:54 - [TEST_STEP][PASSED] - click: Object: 'Object Repository/Page_KiboPush  Sequence Messaging/h3_Sequence Messaging' is clicked on

2019-04-25 11:47:54 - [MESSAGE][PASSED] - Object: 'Object Repository/Page_KiboPush  Sequence Messaging/h3_Sequence Messaging' is clicked on

2019-04-25 11:47:54 - [TEST_STEP][PASSED] - delay: Delayed 1 second(s)

2019-04-25 11:47:55 - [MESSAGE][PASSED] - Delayed 1 second(s)

2019-04-25 11:47:55 - [MESSAGE][PASSED] - Call Test Case 'Test Cases/s-sidebar_navigation/individualAccount/sequenceMessaging' successfully

2019-04-25 11:47:55 - [MESSAGE][PASSED] - Call Test Case 'Test Cases/Sequence Messaging/Login' successfully

2019-04-25 11:47:56 - [MESSAGE][PASSED] - Call Test Case 'Test Cases/Sequence Messaging/Go_to_Seq_Messaging' successfully

2019-04-25 11:47:56 - [TEST_STEP][PASSED] - delay: Delayed 4 second(s)

2019-04-25 11:48:00 - [MESSAGE][PASSED] - Delayed 4 second(s)

2019-04-25 11:48:00 - [MESSAGE][PASSED] - Call Test Case 'Test Cases/Sequence Messaging/TC0980' successfully

2019-04-25 11:48:00 - [TEST_STEP][PASSED] - delay: Delayed 2 second(s)

2019-04-25 11:48:03 - [MESSAGE][PASSED] - Delayed 2 second(s)

2019-04-25 11:48:03 - [TEST_STEP][PASSED] - click: Object: 'Object Repository/Page_KiboPush  Sequence Messaging/Delete Sequence Icon (1)' is clicked on

2019-04-25 11:48:03 - [MESSAGE][PASSED] - Object: 'Object Repository/Page_KiboPush  Sequence Messaging/Delete Sequence Icon (1)' is clicked on

2019-04-25 11:48:03 - [TEST_STEP][PASSED] - click: Object: 'Object Repository/Page_KiboPush  Sequence Messaging/button_Delete (2)' is clicked on

2019-04-25 11:48:03 - [MESSAGE][PASSED] - Object: 'Object Repository/Page_KiboPush  Sequence Messaging/button_Delete (2)' is clicked on

2019-04-25 11:48:03 - [TEST_STEP][PASSED] - delay: Delayed 2 second(s)

2019-04-25 11:48:06 - [MESSAGE][PASSED] - Delayed 2 second(s)

2019-04-25 11:48:06 - [TEST_STEP][PASSED] - click: Object: 'Object Repository/Page_KiboPush  Sequence Messaging/button_Create New Sequence' is clicked on

2019-04-25 11:48:06 - [MESSAGE][PASSED] - Object: 'Object Repository/Page_KiboPush  Sequence Messaging/button_Create New Sequence' is clicked on

2019-04-25 11:48:06 - [TEST_STEP][PASSED] - setText: Text 'Sequence1' is set on object 'Object Repository/Page_KiboPush  Sequence Messaging/input_Sequence Name_form-contr (3)'

2019-04-25 11:48:07 - [MESSAGE][PASSED] - Text 'Sequence1' is set on object 'Object Repository/Page_KiboPush  Sequence Messaging/input_Sequence Name_form-contr (3)'

2019-04-25 11:48:07 - [TEST_STEP][PASSED] - delay: Delayed 2 second(s)

2019-04-25 11:48:10 - [MESSAGE][PASSED] - Delayed 2 second(s)

2019-04-25 11:48:10 - [TEST_STEP][PASSED] - click: Object: 'Object Repository/Page_KiboPush  Sequence Messaging/button_Create (2)' is clicked on

2019-04-25 11:48:10 - [MESSAGE][PASSED] - Object: 'Object Repository/Page_KiboPush  Sequence Messaging/button_Create (2)' is clicked on

2019-04-25 11:48:10 - [TEST_STEP][PASSED] - delay: Delayed 2 second(s)

2019-04-25 11:48:12 - [MESSAGE][PASSED] - Delayed 2 second(s)

2019-04-25 11:48:12 - [TEST_STEP][PASSED] - click: Object: 'Object Repository/Page_KiboPush  Sequence Messaging/button_Add Message (1)' is clicked on

2019-04-25 11:48:13 - [MESSAGE][PASSED] - Object: 'Object Repository/Page_KiboPush  Sequence Messaging/button_Add Message (1)' is clicked on

2019-04-25 11:48:13 - [TEST_STEP][PASSED] - delay: Delayed 2 second(s)

2019-04-25 11:48:15 - [MESSAGE][PASSED] - Delayed 2 second(s)

2019-04-25 11:48:15 - [TEST_STEP][PASSED] - click: Object: 'Object Repository/Page_KiboPush  Sequence Messaging/button_Add Message (1)' is clicked on

2019-04-25 11:48:15 - [MESSAGE][PASSED] - Object: 'Object Repository/Page_KiboPush  Sequence Messaging/button_Add Message (1)' is clicked on

2019-04-25 11:48:15 - [TEST_STEP][PASSED] - delay: Delayed 2 second(s)

2019-04-25 11:48:17 - [MESSAGE][PASSED] - Delayed 2 second(s)

2019-04-25 11:48:17 - [TEST_STEP][PASSED] - click: Object: 'Object Repository/Page_KiboPush  Sequence Messaging/a_Back (5)' is clicked on

2019-04-25 11:48:18 - [MESSAGE][PASSED] - Object: 'Object Repository/Page_KiboPush  Sequence Messaging/a_Back (5)' is clicked on

2019-04-25 11:48:18 - [TEST_STEP][PASSED] - click: Object: 'Object Repository/Page_KiboPush  Sequence Messaging/span_Edit' is clicked on

2019-04-25 11:48:18 - [MESSAGE][PASSED] - Object: 'Object Repository/Page_KiboPush  Sequence Messaging/span_Edit' is clicked on

2019-04-25 11:48:18 - [TEST_STEP][PASSED] - delay: Delayed 2 second(s)

2019-04-25 11:48:21 - [MESSAGE][PASSED] - Delayed 2 second(s)]]></system-out>
         <system-err><![CDATA[]]></system-err>
      </testcase>
      <testcase name="Test Cases/Sequence Messaging/TC0985" classname="Test Cases/Sequence Messaging/TC0985" status="PASSED">
         <system-out><![CDATA[2019-04-25 11:48:21 - [TEST_CASE][PASSED] - Test Cases/Sequence Messaging/TC0985: Test Cases/Sequence Messaging/TC0985

2019-04-25 11:48:21 - [TEST_STEP][PASSED] - callTestCase: Call Test Case 'Test Cases/Sequence Messaging/TC0984' successfully

2019-04-25 11:48:22 - [TEST_CASE][PASSED] - Test Cases/Sequence Messaging/TC0984: Test Cases/Sequence Messaging/TC0984

2019-04-25 11:48:22 - [TEST_STEP][PASSED] - callTestCase: Call Test Case 'Test Cases/Sequence Messaging/TC0980' successfully

2019-04-25 11:48:22 - [TEST_CASE][PASSED] - Test Cases/Sequence Messaging/TC0980: Test Cases/Sequence Messaging/TC0980

2019-04-25 11:48:22 - [TEST_STEP][PASSED] - callTestCase: Call Test Case 'Test Cases/Sequence Messaging/Go_to_Seq_Messaging' successfully

2019-04-25 11:48:22 - [TEST_CASE][PASSED] - Test Cases/Sequence Messaging/Go_to_Seq_Messaging: Test Cases/Sequence Messaging/Go_to_Seq_Messaging

2019-04-25 11:48:22 - [TEST_STEP][PASSED] - callTestCase: Call Test Case 'Test Cases/Sequence Messaging/Login' successfully

2019-04-25 11:48:22 - [TEST_CASE][PASSED] - Test Cases/Sequence Messaging/Login: Test Cases/Sequence Messaging/Login

2019-04-25 11:48:22 - [TEST_STEP][PASSED] - callTestCase: Call Test Case 'Test Cases/s-sidebar_navigation/individualAccount/sequenceMessaging' successfully

2019-04-25 11:48:22 - [TEST_CASE][PASSED] - Test Cases/s-sidebar_navigation/individualAccount/sequenceMessaging: Test Cases/s-sidebar_navigation/individualAccount/sequenceMessaging

2019-04-25 11:48:22 - [TEST_STEP][PASSED] - click: Object: 'Object Repository/Page_KiboPush  Dashboard/span_Autoposting' is clicked on

2019-04-25 11:48:22 - [MESSAGE][PASSED] - Object: 'Object Repository/Page_KiboPush  Dashboard/span_Autoposting' is clicked on

2019-04-25 11:48:22 - [TEST_STEP][PASSED] - delay: Delayed 1 second(s)

2019-04-25 11:48:23 - [MESSAGE][PASSED] - Delayed 1 second(s)

2019-04-25 11:48:23 - [TEST_STEP][PASSED] - click: Object: 'Object Repository/Page_KiboPush  Dashboard/span_Sequence Messaging' is clicked on

2019-04-25 11:48:24 - [MESSAGE][PASSED] - Object: 'Object Repository/Page_KiboPush  Dashboard/span_Sequence Messaging' is clicked on

2019-04-25 11:48:24 - [TEST_STEP][PASSED] - scrollToPosition: Browser is scrolled to position x = 0, y = 0

2019-04-25 11:48:24 - [MESSAGE][PASSED] - Browser is scrolled to position x = 0, y = 0

2019-04-25 11:48:24 - [TEST_STEP][PASSED] - click: Object: 'Object Repository/Page_KiboPush  Sequence Messaging/h3_Sequence Messaging' is clicked on

2019-04-25 11:48:24 - [MESSAGE][PASSED] - Object: 'Object Repository/Page_KiboPush  Sequence Messaging/h3_Sequence Messaging' is clicked on

2019-04-25 11:48:24 - [TEST_STEP][PASSED] - delay: Delayed 1 second(s)

2019-04-25 11:48:25 - [MESSAGE][PASSED] - Delayed 1 second(s)

2019-04-25 11:48:25 - [MESSAGE][PASSED] - Call Test Case 'Test Cases/s-sidebar_navigation/individualAccount/sequenceMessaging' successfully

2019-04-25 11:48:25 - [MESSAGE][PASSED] - Call Test Case 'Test Cases/Sequence Messaging/Login' successfully

2019-04-25 11:48:25 - [MESSAGE][PASSED] - Call Test Case 'Test Cases/Sequence Messaging/Go_to_Seq_Messaging' successfully

2019-04-25 11:48:25 - [TEST_STEP][PASSED] - delay: Delayed 4 second(s)

2019-04-25 11:48:29 - [MESSAGE][PASSED] - Delayed 4 second(s)

2019-04-25 11:48:29 - [MESSAGE][PASSED] - Call Test Case 'Test Cases/Sequence Messaging/TC0980' successfully

2019-04-25 11:48:29 - [TEST_STEP][PASSED] - delay: Delayed 2 second(s)

2019-04-25 11:48:31 - [MESSAGE][PASSED] - Delayed 2 second(s)

2019-04-25 11:48:31 - [TEST_STEP][PASSED] - click: Object: 'Object Repository/Page_KiboPush  Sequence Messaging/Delete Sequence Icon (1)' is clicked on

2019-04-25 11:48:31 - [MESSAGE][PASSED] - Object: 'Object Repository/Page_KiboPush  Sequence Messaging/Delete Sequence Icon (1)' is clicked on

2019-04-25 11:48:31 - [TEST_STEP][PASSED] - click: Object: 'Object Repository/Page_KiboPush  Sequence Messaging/button_Delete (2)' is clicked on

2019-04-25 11:48:31 - [MESSAGE][PASSED] - Object: 'Object Repository/Page_KiboPush  Sequence Messaging/button_Delete (2)' is clicked on

2019-04-25 11:48:31 - [TEST_STEP][PASSED] - delay: Delayed 2 second(s)

2019-04-25 11:48:33 - [MESSAGE][PASSED] - Delayed 2 second(s)

2019-04-25 11:48:33 - [TEST_STEP][PASSED] - click: Object: 'Object Repository/Page_KiboPush  Sequence Messaging/button_Create New Sequence' is clicked on

2019-04-25 11:48:33 - [MESSAGE][PASSED] - Object: 'Object Repository/Page_KiboPush  Sequence Messaging/button_Create New Sequence' is clicked on

2019-04-25 11:48:33 - [TEST_STEP][PASSED] - setText: Text 'Sequence1' is set on object 'Object Repository/Page_KiboPush  Sequence Messaging/input_Sequence Name_form-contr (3)'

2019-04-25 11:48:34 - [MESSAGE][PASSED] - Text 'Sequence1' is set on object 'Object Repository/Page_KiboPush  Sequence Messaging/input_Sequence Name_form-contr (3)'

2019-04-25 11:48:34 - [TEST_STEP][PASSED] - delay: Delayed 2 second(s)

2019-04-25 11:48:36 - [MESSAGE][PASSED] - Delayed 2 second(s)

2019-04-25 11:48:36 - [TEST_STEP][PASSED] - click: Object: 'Object Repository/Page_KiboPush  Sequence Messaging/button_Create (2)' is clicked on

2019-04-25 11:48:36 - [MESSAGE][PASSED] - Object: 'Object Repository/Page_KiboPush  Sequence Messaging/button_Create (2)' is clicked on

2019-04-25 11:48:36 - [TEST_STEP][PASSED] - delay: Delayed 2 second(s)

2019-04-25 11:48:38 - [MESSAGE][PASSED] - Delayed 2 second(s)

2019-04-25 11:48:38 - [TEST_STEP][PASSED] - click: Object: 'Object Repository/Page_KiboPush  Sequence Messaging/button_Add Message (1)' is clicked on

2019-04-25 11:48:38 - [MESSAGE][PASSED] - Object: 'Object Repository/Page_KiboPush  Sequence Messaging/button_Add Message (1)' is clicked on

2019-04-25 11:48:38 - [TEST_STEP][PASSED] - delay: Delayed 2 second(s)

2019-04-25 11:48:40 - [MESSAGE][PASSED] - Delayed 2 second(s)

2019-04-25 11:48:40 - [TEST_STEP][PASSED] - click: Object: 'Object Repository/Page_KiboPush  Sequence Messaging/button_Add Message (1)' is clicked on

2019-04-25 11:48:40 - [MESSAGE][PASSED] - Object: 'Object Repository/Page_KiboPush  Sequence Messaging/button_Add Message (1)' is clicked on

2019-04-25 11:48:40 - [TEST_STEP][PASSED] - delay: Delayed 2 second(s)

2019-04-25 11:48:42 - [MESSAGE][PASSED] - Delayed 2 second(s)

2019-04-25 11:48:42 - [TEST_STEP][PASSED] - click: Object: 'Object Repository/Page_KiboPush  Sequence Messaging/a_Back (5)' is clicked on

2019-04-25 11:48:42 - [MESSAGE][PASSED] - Object: 'Object Repository/Page_KiboPush  Sequence Messaging/a_Back (5)' is clicked on

2019-04-25 11:48:42 - [TEST_STEP][PASSED] - click: Object: 'Object Repository/Page_KiboPush  Sequence Messaging/span_Edit' is clicked on

2019-04-25 11:48:43 - [MESSAGE][PASSED] - Object: 'Object Repository/Page_KiboPush  Sequence Messaging/span_Edit' is clicked on

2019-04-25 11:48:43 - [TEST_STEP][PASSED] - delay: Delayed 2 second(s)

2019-04-25 11:48:44 - [MESSAGE][PASSED] - Delayed 2 second(s)

2019-04-25 11:48:44 - [MESSAGE][PASSED] - Call Test Case 'Test Cases/Sequence Messaging/TC0984' successfully

2019-04-25 11:48:44 - [TEST_STEP][PASSED] - scrollToPosition: Browser is scrolled to position x = 0, y = 0

2019-04-25 11:48:44 - [MESSAGE][PASSED] - Browser is scrolled to position x = 0, y = 0

2019-04-25 11:48:44 - [TEST_STEP][PASSED] - click: Object: 'Object Repository/Page_KiboPush  Sequence Messaging/button_Add Message (1)' is clicked on

2019-04-25 11:48:45 - [MESSAGE][PASSED] - Object: 'Object Repository/Page_KiboPush  Sequence Messaging/button_Add Message (1)' is clicked on

2019-04-25 11:48:45 - [TEST_STEP][PASSED] - click: Object: 'Object Repository/Page_KiboPush  Sequence Messaging/span_New Message (3)' is clicked on

2019-04-25 11:48:45 - [MESSAGE][PASSED] - Object: 'Object Repository/Page_KiboPush  Sequence Messaging/span_New Message (3)' is clicked on

2019-04-25 11:48:45 - [TEST_STEP][PASSED] - delay: Delayed 2 second(s)

2019-04-25 11:48:46 - [MESSAGE][PASSED] - Delayed 2 second(s)]]></system-out>
         <system-err><![CDATA[]]></system-err>
      </testcase>
      <testcase name="Test Cases/Sequence Messaging/TC0986" classname="Test Cases/Sequence Messaging/TC0986" status="PASSED">
         <system-out><![CDATA[2019-04-25 11:48:46 - [TEST_CASE][PASSED] - Test Cases/Sequence Messaging/TC0986: Test Cases/Sequence Messaging/TC0986

2019-04-25 11:48:47 - [TEST_STEP][PASSED] - callTestCase: Call Test Case 'Test Cases/Sequence Messaging/TC0980' successfully

2019-04-25 11:48:47 - [TEST_CASE][PASSED] - Test Cases/Sequence Messaging/TC0980: Test Cases/Sequence Messaging/TC0980

2019-04-25 11:48:47 - [TEST_STEP][PASSED] - callTestCase: Call Test Case 'Test Cases/Sequence Messaging/Go_to_Seq_Messaging' successfully

2019-04-25 11:48:47 - [TEST_CASE][PASSED] - Test Cases/Sequence Messaging/Go_to_Seq_Messaging: Test Cases/Sequence Messaging/Go_to_Seq_Messaging

2019-04-25 11:48:47 - [TEST_STEP][PASSED] - callTestCase: Call Test Case 'Test Cases/Sequence Messaging/Login' successfully

2019-04-25 11:48:47 - [TEST_CASE][PASSED] - Test Cases/Sequence Messaging/Login: Test Cases/Sequence Messaging/Login

2019-04-25 11:48:47 - [TEST_STEP][PASSED] - callTestCase: Call Test Case 'Test Cases/s-sidebar_navigation/individualAccount/sequenceMessaging' successfully

2019-04-25 11:48:47 - [TEST_CASE][PASSED] - Test Cases/s-sidebar_navigation/individualAccount/sequenceMessaging: Test Cases/s-sidebar_navigation/individualAccount/sequenceMessaging

2019-04-25 11:48:47 - [TEST_STEP][PASSED] - click: Object: 'Object Repository/Page_KiboPush  Dashboard/span_Autoposting' is clicked on

2019-04-25 11:48:47 - [MESSAGE][PASSED] - Object: 'Object Repository/Page_KiboPush  Dashboard/span_Autoposting' is clicked on

2019-04-25 11:48:47 - [TEST_STEP][PASSED] - delay: Delayed 1 second(s)

2019-04-25 11:48:48 - [MESSAGE][PASSED] - Delayed 1 second(s)

2019-04-25 11:48:48 - [TEST_STEP][PASSED] - click: Object: 'Object Repository/Page_KiboPush  Dashboard/span_Sequence Messaging' is clicked on

2019-04-25 11:48:48 - [MESSAGE][PASSED] - Object: 'Object Repository/Page_KiboPush  Dashboard/span_Sequence Messaging' is clicked on

2019-04-25 11:48:48 - [TEST_STEP][PASSED] - scrollToPosition: Browser is scrolled to position x = 0, y = 0

2019-04-25 11:48:48 - [MESSAGE][PASSED] - Browser is scrolled to position x = 0, y = 0

2019-04-25 11:48:48 - [TEST_STEP][PASSED] - click: Object: 'Object Repository/Page_KiboPush  Sequence Messaging/h3_Sequence Messaging' is clicked on

2019-04-25 11:48:48 - [MESSAGE][PASSED] - Object: 'Object Repository/Page_KiboPush  Sequence Messaging/h3_Sequence Messaging' is clicked on

2019-04-25 11:48:48 - [TEST_STEP][PASSED] - delay: Delayed 1 second(s)

2019-04-25 11:48:49 - [MESSAGE][PASSED] - Delayed 1 second(s)

2019-04-25 11:48:49 - [MESSAGE][PASSED] - Call Test Case 'Test Cases/s-sidebar_navigation/individualAccount/sequenceMessaging' successfully

2019-04-25 11:48:49 - [MESSAGE][PASSED] - Call Test Case 'Test Cases/Sequence Messaging/Login' successfully

2019-04-25 11:48:49 - [MESSAGE][PASSED] - Call Test Case 'Test Cases/Sequence Messaging/Go_to_Seq_Messaging' successfully

2019-04-25 11:48:49 - [TEST_STEP][PASSED] - delay: Delayed 4 second(s)

2019-04-25 11:48:52 - [MESSAGE][PASSED] - Delayed 4 second(s)

2019-04-25 11:48:52 - [MESSAGE][PASSED] - Call Test Case 'Test Cases/Sequence Messaging/TC0980' successfully

2019-04-25 11:48:52 - [TEST_STEP][PASSED] - click: Object: 'Object Repository/Page_KiboPush  Sequence Messaging/span_Edit (1)' is clicked on

2019-04-25 11:48:52 - [MESSAGE][PASSED] - Object: 'Object Repository/Page_KiboPush  Sequence Messaging/span_Edit (1)' is clicked on

2019-04-25 11:48:52 - [TEST_STEP][PASSED] - delay: Delayed 2 second(s)

2019-04-25 11:48:54 - [MESSAGE][PASSED] - Delayed 2 second(s)

2019-04-25 11:48:54 - [TEST_STEP][PASSED] - click: Object: 'Object Repository/Page_KiboPush  Sequence Messaging/Delete Message Icon' is clicked on

2019-04-25 11:48:54 - [MESSAGE][PASSED] - Object: 'Object Repository/Page_KiboPush  Sequence Messaging/Delete Message Icon' is clicked on

2019-04-25 11:48:54 - [TEST_STEP][PASSED] - click: Object: 'Object Repository/Page_KiboPush  Sequence Messaging/button_Delete (3)' is clicked on

2019-04-25 11:48:54 - [MESSAGE][PASSED] - Object: 'Object Repository/Page_KiboPush  Sequence Messaging/button_Delete (3)' is clicked on

2019-04-25 11:48:54 - [TEST_STEP][PASSED] - delay: Delayed 4 second(s)

2019-04-25 11:48:57 - [MESSAGE][PASSED] - Delayed 4 second(s)

2019-04-25 11:48:57 - [TEST_STEP][PASSED] - scrollToPosition: Browser is scrolled to position x = 0, y = 0

2019-04-25 11:48:57 - [MESSAGE][PASSED] - Browser is scrolled to position x = 0, y = 0

2019-04-25 11:48:57 - [TEST_STEP][PASSED] - delay: Delayed 1 second(s)

2019-04-25 11:48:58 - [MESSAGE][PASSED] - Delayed 1 second(s)

2019-04-25 11:48:58 - [TEST_STEP][PASSED] - click: Object: 'Object Repository/Page_KiboPush  Sequence Messaging/button_Add Message (1)' is clicked on

2019-04-25 11:48:58 - [MESSAGE][PASSED] - Object: 'Object Repository/Page_KiboPush  Sequence Messaging/button_Add Message (1)' is clicked on

2019-04-25 11:48:58 - [TEST_STEP][PASSED] - delay: Delayed 2 second(s)

2019-04-25 11:49:00 - [MESSAGE][PASSED] - Delayed 2 second(s)

2019-04-25 11:49:00 - [TEST_STEP][PASSED] - click: Object: 'Object Repository/Page_KiboPush  Sequence Messaging/span_New Message (4)' is clicked on

2019-04-25 11:49:00 - [MESSAGE][PASSED] - Object: 'Object Repository/Page_KiboPush  Sequence Messaging/span_New Message (4)' is clicked on

2019-04-25 11:49:00 - [TEST_STEP][PASSED] - delay: Delayed 3 second(s)

2019-04-25 11:49:02 - [MESSAGE][PASSED] - Delayed 3 second(s)

2019-04-25 11:49:02 - [TEST_STEP][PASSED] - click: Object: 'Object Repository/Page_KiboPush  Edit Message/i_New Message_convoTitle' is clicked on

2019-04-25 11:49:03 - [MESSAGE][PASSED] - Object: 'Object Repository/Page_KiboPush  Edit Message/i_New Message_convoTitle' is clicked on

2019-04-25 11:49:03 - [TEST_STEP][PASSED] - delay: Delayed 2 second(s)

2019-04-25 11:49:04 - [MESSAGE][PASSED] - Delayed 2 second(s)

2019-04-25 11:49:04 - [TEST_STEP][PASSED] - setText: Text 'Message1' is set on object 'Object Repository/Page_KiboPush  Edit Message/input_Rename_form-control'

2019-04-25 11:49:04 - [MESSAGE][PASSED] - Text 'Message1' is set on object 'Object Repository/Page_KiboPush  Edit Message/input_Rename_form-control'

2019-04-25 11:49:04 - [TEST_STEP][PASSED] - scrollToElement: Scroll to object 'Object Repository/Page_KiboPush  Edit Message/div_View Facebook guidelines r' successfully

2019-04-25 11:49:05 - [MESSAGE][PASSED] - Scroll to object 'Object Repository/Page_KiboPush  Edit Message/div_View Facebook guidelines r' successfully

2019-04-25 11:49:05 - [TEST_STEP][PASSED] - click: Object: 'Object Repository/Page_KiboPush  Edit Message/button_Save' is clicked on

2019-04-25 11:49:05 - [MESSAGE][PASSED] - Object: 'Object Repository/Page_KiboPush  Edit Message/button_Save' is clicked on

2019-04-25 11:49:05 - [TEST_STEP][PASSED] - delay: Delayed 3 second(s)

2019-04-25 11:49:07 - [MESSAGE][PASSED] - Delayed 3 second(s)

2019-04-25 11:49:07 - [TEST_STEP][PASSED] - click: Object: 'Object Repository/Page_KiboPush  Edit Message/div_Text' is clicked on

2019-04-25 11:49:08 - [MESSAGE][PASSED] - Object: 'Object Repository/Page_KiboPush  Edit Message/div_Text' is clicked on

2019-04-25 11:49:08 - [TEST_STEP][PASSED] - setText: Text 'Text1' is set on object 'Object Repository/Page_KiboPush  Edit Message/Set Text Component'

2019-04-25 11:49:08 - [MESSAGE][PASSED] - Text 'Text1' is set on object 'Object Repository/Page_KiboPush  Edit Message/Set Text Component'

2019-04-25 11:49:08 - [TEST_STEP][PASSED] - click: Object: 'Object Repository/Page_KiboPush  Edit Message/button_Save_1' is clicked on

2019-04-25 11:49:08 - [MESSAGE][PASSED] - Object: 'Object Repository/Page_KiboPush  Edit Message/button_Save_1' is clicked on

2019-04-25 11:49:08 - [TEST_STEP][PASSED] - scrollToPosition: Browser is scrolled to position x = 0, y = 0

2019-04-25 11:49:08 - [MESSAGE][PASSED] - Browser is scrolled to position x = 0, y = 0

2019-04-25 11:49:08 - [TEST_STEP][PASSED] - click: Object: 'Object Repository/Page_KiboPush  Edit Message/a_Back' is clicked on

2019-04-25 11:49:08 - [MESSAGE][PASSED] - Object: 'Object Repository/Page_KiboPush  Edit Message/a_Back' is clicked on]]></system-out>
         <system-err><![CDATA[]]></system-err>
      </testcase>
      <testcase name="Test Cases/Sequence Messaging/TC0987" classname="Test Cases/Sequence Messaging/TC0987" status="PASSED">
         <system-out><![CDATA[2019-04-25 11:49:08 - [TEST_CASE][PASSED] - Test Cases/Sequence Messaging/TC0987: Test Cases/Sequence Messaging/TC0987

2019-04-25 11:49:08 - [TEST_STEP][PASSED] - callTestCase: Call Test Case 'Test Cases/Sequence Messaging/TC0980' successfully

2019-04-25 11:49:09 - [TEST_CASE][PASSED] - Test Cases/Sequence Messaging/TC0980: Test Cases/Sequence Messaging/TC0980

2019-04-25 11:49:09 - [TEST_STEP][PASSED] - callTestCase: Call Test Case 'Test Cases/Sequence Messaging/Go_to_Seq_Messaging' successfully

2019-04-25 11:49:09 - [TEST_CASE][PASSED] - Test Cases/Sequence Messaging/Go_to_Seq_Messaging: Test Cases/Sequence Messaging/Go_to_Seq_Messaging

2019-04-25 11:49:09 - [TEST_STEP][PASSED] - callTestCase: Call Test Case 'Test Cases/Sequence Messaging/Login' successfully

2019-04-25 11:49:09 - [TEST_CASE][PASSED] - Test Cases/Sequence Messaging/Login: Test Cases/Sequence Messaging/Login

2019-04-25 11:49:09 - [TEST_STEP][PASSED] - callTestCase: Call Test Case 'Test Cases/s-sidebar_navigation/individualAccount/sequenceMessaging' successfully

2019-04-25 11:49:09 - [TEST_CASE][PASSED] - Test Cases/s-sidebar_navigation/individualAccount/sequenceMessaging: Test Cases/s-sidebar_navigation/individualAccount/sequenceMessaging

2019-04-25 11:49:09 - [TEST_STEP][PASSED] - click: Object: 'Object Repository/Page_KiboPush  Dashboard/span_Autoposting' is clicked on

2019-04-25 11:49:09 - [MESSAGE][PASSED] - Object: 'Object Repository/Page_KiboPush  Dashboard/span_Autoposting' is clicked on

2019-04-25 11:49:09 - [TEST_STEP][PASSED] - delay: Delayed 1 second(s)

2019-04-25 11:49:10 - [MESSAGE][PASSED] - Delayed 1 second(s)

2019-04-25 11:49:10 - [TEST_STEP][PASSED] - click: Object: 'Object Repository/Page_KiboPush  Dashboard/span_Sequence Messaging' is clicked on

2019-04-25 11:49:10 - [MESSAGE][PASSED] - Object: 'Object Repository/Page_KiboPush  Dashboard/span_Sequence Messaging' is clicked on

2019-04-25 11:49:10 - [TEST_STEP][PASSED] - scrollToPosition: Browser is scrolled to position x = 0, y = 0

2019-04-25 11:49:10 - [MESSAGE][PASSED] - Browser is scrolled to position x = 0, y = 0

2019-04-25 11:49:10 - [TEST_STEP][PASSED] - click: Object: 'Object Repository/Page_KiboPush  Sequence Messaging/h3_Sequence Messaging' is clicked on

2019-04-25 11:49:10 - [MESSAGE][PASSED] - Object: 'Object Repository/Page_KiboPush  Sequence Messaging/h3_Sequence Messaging' is clicked on

2019-04-25 11:49:10 - [TEST_STEP][PASSED] - delay: Delayed 1 second(s)

2019-04-25 11:49:11 - [MESSAGE][PASSED] - Delayed 1 second(s)

2019-04-25 11:49:11 - [MESSAGE][PASSED] - Call Test Case 'Test Cases/s-sidebar_navigation/individualAccount/sequenceMessaging' successfully

2019-04-25 11:49:11 - [MESSAGE][PASSED] - Call Test Case 'Test Cases/Sequence Messaging/Login' successfully

2019-04-25 11:49:11 - [MESSAGE][PASSED] - Call Test Case 'Test Cases/Sequence Messaging/Go_to_Seq_Messaging' successfully

2019-04-25 11:49:11 - [TEST_STEP][PASSED] - delay: Delayed 4 second(s)

2019-04-25 11:49:15 - [MESSAGE][PASSED] - Delayed 4 second(s)

2019-04-25 11:49:15 - [MESSAGE][PASSED] - Call Test Case 'Test Cases/Sequence Messaging/TC0980' successfully

2019-04-25 11:49:15 - [TEST_STEP][PASSED] - click: Object: 'Object Repository/Page_KiboPush  Sequence Messaging/span_-- Edit_1 (1)' is clicked on

2019-04-25 11:49:15 - [MESSAGE][PASSED] - Object: 'Object Repository/Page_KiboPush  Sequence Messaging/span_-- Edit_1 (1)' is clicked on

2019-04-25 11:49:15 - [TEST_STEP][PASSED] - click: Object: 'Object Repository/Page_KiboPush  Sequence Messaging/div_When subscriber subscribes (1) (1)' is clicked on

2019-04-25 11:49:15 - [MESSAGE][PASSED] - Object: 'Object Repository/Page_KiboPush  Sequence Messaging/div_When subscriber subscribes (1) (1)' is clicked on

2019-04-25 11:49:15 - [TEST_STEP][PASSED] - click: Object: 'Object Repository/Page_KiboPush  Sequence Messaging/button_Save (1) (1)' is clicked on

2019-04-25 11:49:15 - [MESSAGE][PASSED] - Object: 'Object Repository/Page_KiboPush  Sequence Messaging/button_Save (1) (1)' is clicked on]]></system-out>
         <system-err><![CDATA[]]></system-err>
      </testcase>
      <testcase name="Test Cases/Sequence Messaging/TC0990" classname="Test Cases/Sequence Messaging/TC0990" status="PASSED">
         <system-out><![CDATA[2019-04-25 11:49:15 - [TEST_CASE][PASSED] - Test Cases/Sequence Messaging/TC0990: Test Cases/Sequence Messaging/TC0990

2019-04-25 11:49:16 - [TEST_STEP][PASSED] - callTestCase: Call Test Case 'Test Cases/Sequence Messaging/Test Edit Sequence Button' successfully

2019-04-25 11:49:16 - [TEST_CASE][PASSED] - Test Cases/Sequence Messaging/Test Edit Sequence Button: Test Cases/Sequence Messaging/Test Edit Sequence Button

2019-04-25 11:49:16 - [TEST_STEP][PASSED] - callTestCase: Call Test Case 'Test Cases/Sequence Messaging/TC0980' successfully

2019-04-25 11:49:16 - [TEST_CASE][PASSED] - Test Cases/Sequence Messaging/TC0980: Test Cases/Sequence Messaging/TC0980

2019-04-25 11:49:16 - [TEST_STEP][PASSED] - callTestCase: Call Test Case 'Test Cases/Sequence Messaging/Go_to_Seq_Messaging' successfully

2019-04-25 11:49:16 - [TEST_CASE][PASSED] - Test Cases/Sequence Messaging/Go_to_Seq_Messaging: Test Cases/Sequence Messaging/Go_to_Seq_Messaging

2019-04-25 11:49:16 - [TEST_STEP][PASSED] - callTestCase: Call Test Case 'Test Cases/Sequence Messaging/Login' successfully

2019-04-25 11:49:16 - [TEST_CASE][PASSED] - Test Cases/Sequence Messaging/Login: Test Cases/Sequence Messaging/Login

2019-04-25 11:49:16 - [TEST_STEP][PASSED] - callTestCase: Call Test Case 'Test Cases/s-sidebar_navigation/individualAccount/sequenceMessaging' successfully

2019-04-25 11:49:16 - [TEST_CASE][PASSED] - Test Cases/s-sidebar_navigation/individualAccount/sequenceMessaging: Test Cases/s-sidebar_navigation/individualAccount/sequenceMessaging

2019-04-25 11:49:16 - [TEST_STEP][PASSED] - click: Object: 'Object Repository/Page_KiboPush  Dashboard/span_Autoposting' is clicked on

2019-04-25 11:49:16 - [MESSAGE][PASSED] - Object: 'Object Repository/Page_KiboPush  Dashboard/span_Autoposting' is clicked on

2019-04-25 11:49:16 - [TEST_STEP][PASSED] - delay: Delayed 1 second(s)

2019-04-25 11:49:17 - [MESSAGE][PASSED] - Delayed 1 second(s)

2019-04-25 11:49:17 - [TEST_STEP][PASSED] - click: Object: 'Object Repository/Page_KiboPush  Dashboard/span_Sequence Messaging' is clicked on

2019-04-25 11:49:18 - [MESSAGE][PASSED] - Object: 'Object Repository/Page_KiboPush  Dashboard/span_Sequence Messaging' is clicked on

2019-04-25 11:49:18 - [TEST_STEP][PASSED] - scrollToPosition: Browser is scrolled to position x = 0, y = 0

2019-04-25 11:49:18 - [MESSAGE][PASSED] - Browser is scrolled to position x = 0, y = 0

2019-04-25 11:49:18 - [TEST_STEP][PASSED] - click: Object: 'Object Repository/Page_KiboPush  Sequence Messaging/h3_Sequence Messaging' is clicked on

2019-04-25 11:49:18 - [MESSAGE][PASSED] - Object: 'Object Repository/Page_KiboPush  Sequence Messaging/h3_Sequence Messaging' is clicked on

2019-04-25 11:49:18 - [TEST_STEP][PASSED] - delay: Delayed 1 second(s)

2019-04-25 11:49:19 - [MESSAGE][PASSED] - Delayed 1 second(s)

2019-04-25 11:49:19 - [MESSAGE][PASSED] - Call Test Case 'Test Cases/s-sidebar_navigation/individualAccount/sequenceMessaging' successfully

2019-04-25 11:49:19 - [MESSAGE][PASSED] - Call Test Case 'Test Cases/Sequence Messaging/Login' successfully

2019-04-25 11:49:19 - [MESSAGE][PASSED] - Call Test Case 'Test Cases/Sequence Messaging/Go_to_Seq_Messaging' successfully

2019-04-25 11:49:19 - [TEST_STEP][PASSED] - delay: Delayed 4 second(s)

2019-04-25 11:49:23 - [MESSAGE][PASSED] - Delayed 4 second(s)

2019-04-25 11:49:23 - [MESSAGE][PASSED] - Call Test Case 'Test Cases/Sequence Messaging/TC0980' successfully

2019-04-25 11:49:23 - [TEST_STEP][PASSED] - click: Object: 'Object Repository/Page_KiboPush  Sequence Messaging/span_Edit (2)' is clicked on

2019-04-25 11:49:23 - [MESSAGE][PASSED] - Object: 'Object Repository/Page_KiboPush  Sequence Messaging/span_Edit (2)' is clicked on

2019-04-25 11:49:23 - [TEST_STEP][PASSED] - delay: Delayed 2 second(s)

2019-04-25 11:49:25 - [MESSAGE][PASSED] - Delayed 2 second(s)

2019-04-25 11:49:25 - [MESSAGE][PASSED] - Call Test Case 'Test Cases/Sequence Messaging/Test Edit Sequence Button' successfully

2019-04-25 11:49:25 - [TEST_STEP][PASSED] - click: Object: 'Object Repository/Page_KiboPush  Sequence Messaging/Edit Schedule Button (1)' is clicked on

2019-04-25 11:49:26 - [MESSAGE][PASSED] - Object: 'Object Repository/Page_KiboPush  Sequence Messaging/Edit Schedule Button (1)' is clicked on

2019-04-25 11:49:26 - [TEST_STEP][PASSED] - delay: Delayed 2 second(s)

2019-04-25 11:49:28 - [MESSAGE][PASSED] - Delayed 2 second(s)

2019-04-25 11:49:28 - [TEST_STEP][PASSED] - selectOptionByValue: All options with value 'immediately' are selected in object 'Object Repository/Page_KiboPush  Sequence Messaging/select_AfterImmediately (2)'  using regular expression

2019-04-25 11:49:28 - [MESSAGE][PASSED] - All options with value 'immediately' are selected in object 'Object Repository/Page_KiboPush  Sequence Messaging/select_AfterImmediately (2)'  using regular expression

2019-04-25 11:49:28 - [TEST_STEP][PASSED] - click: Object: 'Object Repository/Page_KiboPush  Sequence Messaging/button_Save (2)' is clicked on

2019-04-25 11:49:28 - [MESSAGE][PASSED] - Object: 'Object Repository/Page_KiboPush  Sequence Messaging/button_Save (2)' is clicked on]]></system-out>
         <system-err><![CDATA[]]></system-err>
      </testcase>
      <testcase name="Test Cases/Sequence Messaging/TC1001" classname="Test Cases/Sequence Messaging/TC1001" status="PASSED">
         <system-out><![CDATA[2019-04-25 11:49:28 - [TEST_CASE][PASSED] - Test Cases/Sequence Messaging/TC1001: Test Cases/Sequence Messaging/TC1001

2019-04-25 11:49:29 - [TEST_STEP][PASSED] - callTestCase: Call Test Case 'Test Cases/Sequence Messaging/TC0986' successfully

2019-04-25 11:49:29 - [TEST_CASE][PASSED] - Test Cases/Sequence Messaging/TC0986: Test Cases/Sequence Messaging/TC0986

2019-04-25 11:49:29 - [TEST_STEP][PASSED] - callTestCase: Call Test Case 'Test Cases/Sequence Messaging/TC0980' successfully

2019-04-25 11:49:29 - [TEST_CASE][PASSED] - Test Cases/Sequence Messaging/TC0980: Test Cases/Sequence Messaging/TC0980

2019-04-25 11:49:29 - [TEST_STEP][PASSED] - callTestCase: Call Test Case 'Test Cases/Sequence Messaging/Go_to_Seq_Messaging' successfully

2019-04-25 11:49:29 - [TEST_CASE][PASSED] - Test Cases/Sequence Messaging/Go_to_Seq_Messaging: Test Cases/Sequence Messaging/Go_to_Seq_Messaging

2019-04-25 11:49:29 - [TEST_STEP][PASSED] - callTestCase: Call Test Case 'Test Cases/Sequence Messaging/Login' successfully

2019-04-25 11:49:29 - [TEST_CASE][PASSED] - Test Cases/Sequence Messaging/Login: Test Cases/Sequence Messaging/Login

2019-04-25 11:49:29 - [TEST_STEP][PASSED] - callTestCase: Call Test Case 'Test Cases/s-sidebar_navigation/individualAccount/sequenceMessaging' successfully

2019-04-25 11:49:29 - [TEST_CASE][PASSED] - Test Cases/s-sidebar_navigation/individualAccount/sequenceMessaging: Test Cases/s-sidebar_navigation/individualAccount/sequenceMessaging

2019-04-25 11:49:29 - [TEST_STEP][PASSED] - click: Object: 'Object Repository/Page_KiboPush  Dashboard/span_Autoposting' is clicked on

2019-04-25 11:49:29 - [MESSAGE][PASSED] - Object: 'Object Repository/Page_KiboPush  Dashboard/span_Autoposting' is clicked on

2019-04-25 11:49:29 - [TEST_STEP][PASSED] - delay: Delayed 1 second(s)

2019-04-25 11:49:31 - [MESSAGE][PASSED] - Delayed 1 second(s)

2019-04-25 11:49:31 - [TEST_STEP][PASSED] - click: Object: 'Object Repository/Page_KiboPush  Dashboard/span_Sequence Messaging' is clicked on

2019-04-25 11:49:31 - [MESSAGE][PASSED] - Object: 'Object Repository/Page_KiboPush  Dashboard/span_Sequence Messaging' is clicked on

2019-04-25 11:49:31 - [TEST_STEP][PASSED] - scrollToPosition: Browser is scrolled to position x = 0, y = 0

2019-04-25 11:49:31 - [MESSAGE][PASSED] - Browser is scrolled to position x = 0, y = 0

2019-04-25 11:49:31 - [TEST_STEP][PASSED] - click: Object: 'Object Repository/Page_KiboPush  Sequence Messaging/h3_Sequence Messaging' is clicked on

2019-04-25 11:49:31 - [MESSAGE][PASSED] - Object: 'Object Repository/Page_KiboPush  Sequence Messaging/h3_Sequence Messaging' is clicked on

2019-04-25 11:49:31 - [TEST_STEP][PASSED] - delay: Delayed 1 second(s)

2019-04-25 11:49:32 - [MESSAGE][PASSED] - Delayed 1 second(s)

2019-04-25 11:49:32 - [MESSAGE][PASSED] - Call Test Case 'Test Cases/s-sidebar_navigation/individualAccount/sequenceMessaging' successfully

2019-04-25 11:49:32 - [MESSAGE][PASSED] - Call Test Case 'Test Cases/Sequence Messaging/Login' successfully

2019-04-25 11:49:32 - [MESSAGE][PASSED] - Call Test Case 'Test Cases/Sequence Messaging/Go_to_Seq_Messaging' successfully

2019-04-25 11:49:32 - [TEST_STEP][PASSED] - delay: Delayed 4 second(s)

2019-04-25 11:49:37 - [MESSAGE][PASSED] - Delayed 4 second(s)

2019-04-25 11:49:37 - [MESSAGE][PASSED] - Call Test Case 'Test Cases/Sequence Messaging/TC0980' successfully

2019-04-25 11:49:37 - [TEST_STEP][PASSED] - click: Object: 'Object Repository/Page_KiboPush  Sequence Messaging/span_Edit (1)' is clicked on

2019-04-25 11:49:37 - [MESSAGE][PASSED] - Object: 'Object Repository/Page_KiboPush  Sequence Messaging/span_Edit (1)' is clicked on

2019-04-25 11:49:37 - [TEST_STEP][PASSED] - delay: Delayed 2 second(s)

2019-04-25 11:49:39 - [MESSAGE][PASSED] - Delayed 2 second(s)

2019-04-25 11:49:39 - [TEST_STEP][PASSED] - click: Object: 'Object Repository/Page_KiboPush  Sequence Messaging/Delete Message Icon' is clicked on

2019-04-25 11:49:40 - [MESSAGE][PASSED] - Object: 'Object Repository/Page_KiboPush  Sequence Messaging/Delete Message Icon' is clicked on

2019-04-25 11:49:40 - [TEST_STEP][PASSED] - click: Object: 'Object Repository/Page_KiboPush  Sequence Messaging/button_Delete (3)' is clicked on

2019-04-25 11:49:40 - [MESSAGE][PASSED] - Object: 'Object Repository/Page_KiboPush  Sequence Messaging/button_Delete (3)' is clicked on

2019-04-25 11:49:40 - [TEST_STEP][PASSED] - delay: Delayed 4 second(s)

2019-04-25 11:49:45 - [MESSAGE][PASSED] - Delayed 4 second(s)

2019-04-25 11:49:45 - [TEST_STEP][PASSED] - scrollToPosition: Browser is scrolled to position x = 0, y = 0

2019-04-25 11:49:45 - [MESSAGE][PASSED] - Browser is scrolled to position x = 0, y = 0

2019-04-25 11:49:45 - [TEST_STEP][PASSED] - delay: Delayed 1 second(s)

2019-04-25 11:49:46 - [MESSAGE][PASSED] - Delayed 1 second(s)

2019-04-25 11:49:46 - [TEST_STEP][PASSED] - click: Object: 'Object Repository/Page_KiboPush  Sequence Messaging/button_Add Message (1)' is clicked on

2019-04-25 11:49:46 - [MESSAGE][PASSED] - Object: 'Object Repository/Page_KiboPush  Sequence Messaging/button_Add Message (1)' is clicked on

2019-04-25 11:49:46 - [TEST_STEP][PASSED] - delay: Delayed 2 second(s)

2019-04-25 11:49:49 - [MESSAGE][PASSED] - Delayed 2 second(s)

2019-04-25 11:49:49 - [TEST_STEP][PASSED] - click: Object: 'Object Repository/Page_KiboPush  Sequence Messaging/span_New Message (4)' is clicked on

2019-04-25 11:49:49 - [MESSAGE][PASSED] - Object: 'Object Repository/Page_KiboPush  Sequence Messaging/span_New Message (4)' is clicked on

2019-04-25 11:49:49 - [TEST_STEP][PASSED] - delay: Delayed 3 second(s)

2019-04-25 11:49:53 - [MESSAGE][PASSED] - Delayed 3 second(s)

2019-04-25 11:49:53 - [TEST_STEP][PASSED] - click: Object: 'Object Repository/Page_KiboPush  Edit Message/i_New Message_convoTitle' is clicked on

2019-04-25 11:49:54 - [MESSAGE][PASSED] - Object: 'Object Repository/Page_KiboPush  Edit Message/i_New Message_convoTitle' is clicked on

2019-04-25 11:49:54 - [TEST_STEP][PASSED] - delay: Delayed 2 second(s)

2019-04-25 11:49:56 - [MESSAGE][PASSED] - Delayed 2 second(s)

2019-04-25 11:49:56 - [TEST_STEP][PASSED] - setText: Text 'Message1' is set on object 'Object Repository/Page_KiboPush  Edit Message/input_Rename_form-control'

2019-04-25 11:49:57 - [MESSAGE][PASSED] - Text 'Message1' is set on object 'Object Repository/Page_KiboPush  Edit Message/input_Rename_form-control'

2019-04-25 11:49:57 - [TEST_STEP][PASSED] - scrollToElement: Scroll to object 'Object Repository/Page_KiboPush  Edit Message/div_View Facebook guidelines r' successfully

2019-04-25 11:49:57 - [MESSAGE][PASSED] - Scroll to object 'Object Repository/Page_KiboPush  Edit Message/div_View Facebook guidelines r' successfully

2019-04-25 11:49:57 - [TEST_STEP][PASSED] - click: Object: 'Object Repository/Page_KiboPush  Edit Message/button_Save' is clicked on

2019-04-25 11:49:57 - [MESSAGE][PASSED] - Object: 'Object Repository/Page_KiboPush  Edit Message/button_Save' is clicked on

2019-04-25 11:49:57 - [TEST_STEP][PASSED] - delay: Delayed 3 second(s)

2019-04-25 11:50:01 - [MESSAGE][PASSED] - Delayed 3 second(s)

2019-04-25 11:50:01 - [TEST_STEP][PASSED] - click: Object: 'Object Repository/Page_KiboPush  Edit Message/div_Text' is clicked on

2019-04-25 11:50:01 - [MESSAGE][PASSED] - Object: 'Object Repository/Page_KiboPush  Edit Message/div_Text' is clicked on

2019-04-25 11:50:01 - [TEST_STEP][PASSED] - setText: Text 'Text1' is set on object 'Object Repository/Page_KiboPush  Edit Message/Set Text Component'

2019-04-25 11:50:01 - [MESSAGE][PASSED] - Text 'Text1' is set on object 'Object Repository/Page_KiboPush  Edit Message/Set Text Component'

2019-04-25 11:50:01 - [TEST_STEP][PASSED] - click: Object: 'Object Repository/Page_KiboPush  Edit Message/button_Save_1' is clicked on

2019-04-25 11:50:02 - [MESSAGE][PASSED] - Object: 'Object Repository/Page_KiboPush  Edit Message/button_Save_1' is clicked on

2019-04-25 11:50:02 - [TEST_STEP][PASSED] - scrollToPosition: Browser is scrolled to position x = 0, y = 0

2019-04-25 11:50:02 - [MESSAGE][PASSED] - Browser is scrolled to position x = 0, y = 0

2019-04-25 11:50:02 - [TEST_STEP][PASSED] - click: Object: 'Object Repository/Page_KiboPush  Edit Message/a_Back' is clicked on

2019-04-25 11:50:02 - [MESSAGE][PASSED] - Object: 'Object Repository/Page_KiboPush  Edit Message/a_Back' is clicked on

2019-04-25 11:50:02 - [MESSAGE][PASSED] - Call Test Case 'Test Cases/Sequence Messaging/TC0986' successfully

2019-04-25 11:50:02 - [TEST_STEP][PASSED] - click: Object: 'Object Repository/Page_KiboPush  Sequence Messaging/span_-- Edit (7)' is clicked on

2019-04-25 11:50:02 - [MESSAGE][PASSED] - Object: 'Object Repository/Page_KiboPush  Sequence Messaging/span_-- Edit (7)' is clicked on

2019-04-25 11:50:02 - [TEST_STEP][PASSED] - selectOptionByValue: All options with value 'sees' are selected in object 'Object Repository/Page_KiboPush  Sequence Messaging/select_Select Event seesclicks (2)'  using regular expression

2019-04-25 11:50:03 - [MESSAGE][PASSED] - All options with value 'sees' are selected in object 'Object Repository/Page_KiboPush  Sequence Messaging/select_Select Event seesclicks (2)'  using regular expression]]></system-out>
         <system-err><![CDATA[]]></system-err>
      </testcase>
      <testcase name="Test Cases/Sequence Messaging/TC1002" classname="Test Cases/Sequence Messaging/TC1002" status="PASSED">
         <system-out><![CDATA[2019-04-25 11:50:03 - [TEST_CASE][PASSED] - Test Cases/Sequence Messaging/TC1002: Test Cases/Sequence Messaging/TC1002

2019-04-25 11:50:03 - [TEST_STEP][PASSED] - callTestCase: Call Test Case 'Test Cases/Sequence Messaging/Test Edit Sequence Button' successfully

2019-04-25 11:50:04 - [TEST_CASE][PASSED] - Test Cases/Sequence Messaging/Test Edit Sequence Button: Test Cases/Sequence Messaging/Test Edit Sequence Button

2019-04-25 11:50:04 - [TEST_STEP][PASSED] - callTestCase: Call Test Case 'Test Cases/Sequence Messaging/TC0980' successfully

2019-04-25 11:50:04 - [TEST_CASE][PASSED] - Test Cases/Sequence Messaging/TC0980: Test Cases/Sequence Messaging/TC0980

2019-04-25 11:50:04 - [TEST_STEP][PASSED] - callTestCase: Call Test Case 'Test Cases/Sequence Messaging/Go_to_Seq_Messaging' successfully

2019-04-25 11:50:04 - [TEST_CASE][PASSED] - Test Cases/Sequence Messaging/Go_to_Seq_Messaging: Test Cases/Sequence Messaging/Go_to_Seq_Messaging

2019-04-25 11:50:04 - [TEST_STEP][PASSED] - callTestCase: Call Test Case 'Test Cases/Sequence Messaging/Login' successfully

2019-04-25 11:50:04 - [TEST_CASE][PASSED] - Test Cases/Sequence Messaging/Login: Test Cases/Sequence Messaging/Login

2019-04-25 11:50:04 - [TEST_STEP][PASSED] - callTestCase: Call Test Case 'Test Cases/s-sidebar_navigation/individualAccount/sequenceMessaging' successfully

2019-04-25 11:50:04 - [TEST_CASE][PASSED] - Test Cases/s-sidebar_navigation/individualAccount/sequenceMessaging: Test Cases/s-sidebar_navigation/individualAccount/sequenceMessaging

2019-04-25 11:50:04 - [TEST_STEP][PASSED] - click: Object: 'Object Repository/Page_KiboPush  Dashboard/span_Autoposting' is clicked on

2019-04-25 11:50:04 - [MESSAGE][PASSED] - Object: 'Object Repository/Page_KiboPush  Dashboard/span_Autoposting' is clicked on

2019-04-25 11:50:04 - [TEST_STEP][PASSED] - delay: Delayed 1 second(s)

2019-04-25 11:50:05 - [MESSAGE][PASSED] - Delayed 1 second(s)

2019-04-25 11:50:05 - [TEST_STEP][PASSED] - click: Object: 'Object Repository/Page_KiboPush  Dashboard/span_Sequence Messaging' is clicked on

2019-04-25 11:50:06 - [MESSAGE][PASSED] - Object: 'Object Repository/Page_KiboPush  Dashboard/span_Sequence Messaging' is clicked on

2019-04-25 11:50:06 - [TEST_STEP][PASSED] - scrollToPosition: Browser is scrolled to position x = 0, y = 0

2019-04-25 11:50:06 - [MESSAGE][PASSED] - Browser is scrolled to position x = 0, y = 0

2019-04-25 11:50:06 - [TEST_STEP][PASSED] - click: Object: 'Object Repository/Page_KiboPush  Sequence Messaging/h3_Sequence Messaging' is clicked on

2019-04-25 11:50:06 - [MESSAGE][PASSED] - Object: 'Object Repository/Page_KiboPush  Sequence Messaging/h3_Sequence Messaging' is clicked on

2019-04-25 11:50:06 - [TEST_STEP][PASSED] - delay: Delayed 1 second(s)

2019-04-25 11:50:07 - [MESSAGE][PASSED] - Delayed 1 second(s)

2019-04-25 11:50:07 - [MESSAGE][PASSED] - Call Test Case 'Test Cases/s-sidebar_navigation/individualAccount/sequenceMessaging' successfully

2019-04-25 11:50:07 - [MESSAGE][PASSED] - Call Test Case 'Test Cases/Sequence Messaging/Login' successfully

2019-04-25 11:50:07 - [MESSAGE][PASSED] - Call Test Case 'Test Cases/Sequence Messaging/Go_to_Seq_Messaging' successfully

2019-04-25 11:50:07 - [TEST_STEP][PASSED] - delay: Delayed 4 second(s)

2019-04-25 11:50:12 - [MESSAGE][PASSED] - Delayed 4 second(s)

2019-04-25 11:50:12 - [MESSAGE][PASSED] - Call Test Case 'Test Cases/Sequence Messaging/TC0980' successfully

2019-04-25 11:50:12 - [TEST_STEP][PASSED] - click: Object: 'Object Repository/Page_KiboPush  Sequence Messaging/span_Edit (2)' is clicked on

2019-04-25 11:50:12 - [MESSAGE][PASSED] - Object: 'Object Repository/Page_KiboPush  Sequence Messaging/span_Edit (2)' is clicked on

2019-04-25 11:50:12 - [TEST_STEP][PASSED] - delay: Delayed 2 second(s)

2019-04-25 11:50:14 - [MESSAGE][PASSED] - Delayed 2 second(s)

2019-04-25 11:50:14 - [MESSAGE][PASSED] - Call Test Case 'Test Cases/Sequence Messaging/Test Edit Sequence Button' successfully

2019-04-25 11:50:14 - [TEST_STEP][PASSED] - delay: Delayed 2 second(s)

2019-04-25 11:50:17 - [MESSAGE][PASSED] - Delayed 2 second(s)

2019-04-25 11:50:17 - [TEST_STEP][PASSED] - click: Object: 'Object Repository/Page_KiboPush  Sequence Messaging/span_-- Edit (6)' is clicked on

2019-04-25 11:50:17 - [MESSAGE][PASSED] - Object: 'Object Repository/Page_KiboPush  Sequence Messaging/span_-- Edit (6)' is clicked on

2019-04-25 11:50:17 - [TEST_STEP][PASSED] - delay: Delayed 2 second(s)

2019-04-25 11:50:19 - [MESSAGE][PASSED] - Delayed 2 second(s)]]></system-out>
         <system-err><![CDATA[]]></system-err>
      </testcase>
      <testcase name="Test Cases/Sequence Messaging/TC1003" classname="Test Cases/Sequence Messaging/TC1003" status="PASSED">
         <system-out><![CDATA[2019-04-25 11:50:19 - [TEST_CASE][PASSED] - Test Cases/Sequence Messaging/TC1003: Test Cases/Sequence Messaging/TC1003

2019-04-25 11:50:19 - [TEST_STEP][PASSED] - callTestCase: Call Test Case 'Test Cases/Sequence Messaging/TC1002' successfully

2019-04-25 11:50:19 - [TEST_CASE][PASSED] - Test Cases/Sequence Messaging/TC1002: Test Cases/Sequence Messaging/TC1002

2019-04-25 11:50:19 - [TEST_STEP][PASSED] - callTestCase: Call Test Case 'Test Cases/Sequence Messaging/Test Edit Sequence Button' successfully

2019-04-25 11:50:19 - [TEST_CASE][PASSED] - Test Cases/Sequence Messaging/Test Edit Sequence Button: Test Cases/Sequence Messaging/Test Edit Sequence Button

2019-04-25 11:50:19 - [TEST_STEP][PASSED] - callTestCase: Call Test Case 'Test Cases/Sequence Messaging/TC0980' successfully

2019-04-25 11:50:19 - [TEST_CASE][PASSED] - Test Cases/Sequence Messaging/TC0980: Test Cases/Sequence Messaging/TC0980

2019-04-25 11:50:19 - [TEST_STEP][PASSED] - callTestCase: Call Test Case 'Test Cases/Sequence Messaging/Go_to_Seq_Messaging' successfully

2019-04-25 11:50:19 - [TEST_CASE][PASSED] - Test Cases/Sequence Messaging/Go_to_Seq_Messaging: Test Cases/Sequence Messaging/Go_to_Seq_Messaging

2019-04-25 11:50:19 - [TEST_STEP][PASSED] - callTestCase: Call Test Case 'Test Cases/Sequence Messaging/Login' successfully

2019-04-25 11:50:20 - [TEST_CASE][PASSED] - Test Cases/Sequence Messaging/Login: Test Cases/Sequence Messaging/Login

2019-04-25 11:50:20 - [TEST_STEP][PASSED] - callTestCase: Call Test Case 'Test Cases/s-sidebar_navigation/individualAccount/sequenceMessaging' successfully

2019-04-25 11:50:20 - [TEST_CASE][PASSED] - Test Cases/s-sidebar_navigation/individualAccount/sequenceMessaging: Test Cases/s-sidebar_navigation/individualAccount/sequenceMessaging

2019-04-25 11:50:20 - [TEST_STEP][PASSED] - click: Object: 'Object Repository/Page_KiboPush  Dashboard/span_Autoposting' is clicked on

2019-04-25 11:50:20 - [MESSAGE][PASSED] - Object: 'Object Repository/Page_KiboPush  Dashboard/span_Autoposting' is clicked on

2019-04-25 11:50:20 - [TEST_STEP][PASSED] - delay: Delayed 1 second(s)

2019-04-25 11:50:21 - [MESSAGE][PASSED] - Delayed 1 second(s)

2019-04-25 11:50:21 - [TEST_STEP][PASSED] - click: Object: 'Object Repository/Page_KiboPush  Dashboard/span_Sequence Messaging' is clicked on

2019-04-25 11:50:21 - [MESSAGE][PASSED] - Object: 'Object Repository/Page_KiboPush  Dashboard/span_Sequence Messaging' is clicked on

2019-04-25 11:50:21 - [TEST_STEP][PASSED] - scrollToPosition: Browser is scrolled to position x = 0, y = 0

2019-04-25 11:50:21 - [MESSAGE][PASSED] - Browser is scrolled to position x = 0, y = 0

2019-04-25 11:50:21 - [TEST_STEP][PASSED] - click: Object: 'Object Repository/Page_KiboPush  Sequence Messaging/h3_Sequence Messaging' is clicked on

2019-04-25 11:50:22 - [MESSAGE][PASSED] - Object: 'Object Repository/Page_KiboPush  Sequence Messaging/h3_Sequence Messaging' is clicked on

2019-04-25 11:50:22 - [TEST_STEP][PASSED] - delay: Delayed 1 second(s)

2019-04-25 11:50:23 - [MESSAGE][PASSED] - Delayed 1 second(s)

2019-04-25 11:50:23 - [MESSAGE][PASSED] - Call Test Case 'Test Cases/s-sidebar_navigation/individualAccount/sequenceMessaging' successfully

2019-04-25 11:50:23 - [MESSAGE][PASSED] - Call Test Case 'Test Cases/Sequence Messaging/Login' successfully

2019-04-25 11:50:23 - [MESSAGE][PASSED] - Call Test Case 'Test Cases/Sequence Messaging/Go_to_Seq_Messaging' successfully

2019-04-25 11:50:23 - [TEST_STEP][PASSED] - delay: Delayed 4 second(s)

2019-04-25 11:50:27 - [MESSAGE][PASSED] - Delayed 4 second(s)

2019-04-25 11:50:27 - [MESSAGE][PASSED] - Call Test Case 'Test Cases/Sequence Messaging/TC0980' successfully

2019-04-25 11:50:27 - [TEST_STEP][PASSED] - click: Object: 'Object Repository/Page_KiboPush  Sequence Messaging/span_Edit (2)' is clicked on

2019-04-25 11:50:27 - [MESSAGE][PASSED] - Object: 'Object Repository/Page_KiboPush  Sequence Messaging/span_Edit (2)' is clicked on

2019-04-25 11:50:27 - [TEST_STEP][PASSED] - delay: Delayed 2 second(s)

2019-04-25 11:50:29 - [MESSAGE][PASSED] - Delayed 2 second(s)

2019-04-25 11:50:29 - [MESSAGE][PASSED] - Call Test Case 'Test Cases/Sequence Messaging/Test Edit Sequence Button' successfully

2019-04-25 11:50:29 - [TEST_STEP][PASSED] - delay: Delayed 2 second(s)

2019-04-25 11:50:31 - [MESSAGE][PASSED] - Delayed 2 second(s)

2019-04-25 11:50:31 - [TEST_STEP][PASSED] - click: Object: 'Object Repository/Page_KiboPush  Sequence Messaging/span_-- Edit (6)' is clicked on

2019-04-25 11:50:31 - [MESSAGE][PASSED] - Object: 'Object Repository/Page_KiboPush  Sequence Messaging/span_-- Edit (6)' is clicked on

2019-04-25 11:50:31 - [TEST_STEP][PASSED] - delay: Delayed 2 second(s)

2019-04-25 11:50:33 - [MESSAGE][PASSED] - Delayed 2 second(s)

2019-04-25 11:50:33 - [MESSAGE][PASSED] - Call Test Case 'Test Cases/Sequence Messaging/TC1002' successfully

2019-04-25 11:50:33 - [TEST_STEP][PASSED] - selectOptionByValue: All options with value 'first_name' are selected in object 'Object Repository/Page_KiboPush  Sequence Messaging/select_Select ConditionFirst N'  using regular expression

2019-04-25 11:50:33 - [MESSAGE][PASSED] - All options with value 'first_name' are selected in object 'Object Repository/Page_KiboPush  Sequence Messaging/select_Select ConditionFirst N'  using regular expression

2019-04-25 11:50:33 - [TEST_STEP][PASSED] - selectOptionByValue: All options with value 'is' are selected in object 'Object Repository/Page_KiboPush  Sequence Messaging/select_Select Criteriaiscontai'  using regular expression

2019-04-25 11:50:33 - [MESSAGE][PASSED] - All options with value 'is' are selected in object 'Object Repository/Page_KiboPush  Sequence Messaging/select_Select Criteriaiscontai'  using regular expression

2019-04-25 11:50:33 - [TEST_STEP][PASSED] - setText: Text 'Arveen' is set on object 'Object Repository/Page_KiboPush  Sequence Messaging/input_Value_text'

2019-04-25 11:50:34 - [MESSAGE][PASSED] - Text 'Arveen' is set on object 'Object Repository/Page_KiboPush  Sequence Messaging/input_Value_text'

2019-04-25 11:50:34 - [TEST_STEP][PASSED] - delay: Delayed 2 second(s)

2019-04-25 11:50:36 - [MESSAGE][PASSED] - Delayed 2 second(s)

2019-04-25 11:50:36 - [TEST_STEP][PASSED] - click: Object: 'Object Repository/Page_KiboPush  Sequence Messaging/button_Save (3)' is clicked on

2019-04-25 11:50:36 - [MESSAGE][PASSED] - Object: 'Object Repository/Page_KiboPush  Sequence Messaging/button_Save (3)' is clicked on]]></system-out>
         <system-err><![CDATA[]]></system-err>
      </testcase>
      <testcase name="Test Cases/Sequence Messaging/TC1004" classname="Test Cases/Sequence Messaging/TC1004" status="PASSED">
         <system-out><![CDATA[2019-04-25 11:50:36 - [TEST_CASE][PASSED] - Test Cases/Sequence Messaging/TC1004: Test Cases/Sequence Messaging/TC1004

2019-04-25 11:50:36 - [TEST_STEP][PASSED] - callTestCase: Call Test Case 'Test Cases/s-sidebar_navigation/individualAccount/arveen_production_login_kiboengage' successfully

2019-04-25 11:50:36 - [TEST_CASE][PASSED] - Test Cases/s-sidebar_navigation/individualAccount/arveen_production_login_kiboengage: Test Cases/s-sidebar_navigation/individualAccount/arveen_production_login_kiboengage

2019-04-25 11:50:36 - [TEST_STEP][PASSED] - openBrowser: Browser is opened with url: ''

2019-04-25 11:50:36 - [MESSAGE][WARNING] - A browser is already opened. Closing browser and opening a new one

2019-04-25 11:50:39 - [MESSAGE][PASSED] - Browser is opened with url: ''

2019-04-25 11:50:39 - [TEST_STEP][PASSED] - maximizeWindow: Current window maximized

2019-04-25 11:50:40 - [MESSAGE][PASSED] - Current window maximized

2019-04-25 11:50:40 - [TEST_STEP][PASSED] - navigateToUrl: Navigate to 'https://kiboengage.cloudkibo.com/' successfully

2019-04-25 11:50:55 - [MESSAGE][PASSED] - Navigate to 'https://kiboengage.cloudkibo.com/' successfully

2019-04-25 11:50:55 - [TEST_STEP][PASSED] - navigateToUrl: Navigate to 'https://accounts.cloudkibo.com/?continue=https://kiboengage.cloudkibo.com' successfully

2019-04-25 11:50:56 - [MESSAGE][PASSED] - Navigate to 'https://accounts.cloudkibo.com/?continue=https://kiboengage.cloudkibo.com' successfully

2019-04-25 11:50:56 - [TEST_STEP][PASSED] - click: Object: 'Object Repository/Page_CloudKibo/a_Login (2) (1) (1)' is clicked on

2019-04-25 11:50:57 - [MESSAGE][PASSED] - Object: 'Object Repository/Page_CloudKibo/a_Login (2) (1) (1)' is clicked on

2019-04-25 11:50:57 - [TEST_STEP][PASSED] - setText: Text 'individual@cloudkibo.com' is set on object 'Object Repository/Page_KiboPush/input_email (10) (1) (1)'

2019-04-25 11:50:57 - [MESSAGE][PASSED] - Text 'individual@cloudkibo.com' is set on object 'Object Repository/Page_KiboPush/input_email (10) (1) (1)'

2019-04-25 11:50:57 - [TEST_STEP][PASSED] - setEncryptedText: Text ****** has been set on object 'Object Repository/Page_CloudKibo/input_Sign In_password (7)'

2019-04-25 11:50:59 - [MESSAGE][PASSED] - Text ****** has been set on object 'Object Repository/Page_CloudKibo/input_Sign In_password (7)'

2019-04-25 11:50:59 - [TEST_STEP][PASSED] - click: Object: 'Object Repository/Page_KiboPush/button_Sign In (10) (1) (2)' is clicked on

2019-04-25 11:50:59 - [MESSAGE][PASSED] - Object: 'Object Repository/Page_KiboPush/button_Sign In (10) (1) (2)' is clicked on

2019-04-25 11:50:59 - [TEST_STEP][PASSED] - click: Object: 'Object Repository/Page_KiboPush  Dashboard/h3_Dashboard (57)' is clicked on

2019-04-25 11:51:27 - [MESSAGE][PASSED] - Object: 'Object Repository/Page_KiboPush  Dashboard/h3_Dashboard (57)' is clicked on

2019-04-25 11:51:27 - [TEST_STEP][PASSED] - delay: Delayed 3 second(s)

2019-04-25 11:51:31 - [MESSAGE][PASSED] - Delayed 3 second(s)

2019-04-25 11:51:31 - [TEST_STEP][PASSED] - click: Object: 'Object Repository/Page_KiboEngage  Dashboard/a_SMS (2) (1) (1) (1) (3)' is clicked on

2019-04-25 11:51:31 - [MESSAGE][PASSED] - Object: 'Object Repository/Page_KiboEngage  Dashboard/a_SMS (2) (1) (1) (1) (3)' is clicked on

2019-04-25 11:51:31 - [TEST_STEP][PASSED] - delay: Delayed 2 second(s)

2019-04-25 11:51:33 - [MESSAGE][PASSED] - Delayed 2 second(s)

2019-04-25 11:51:33 - [TEST_STEP][PASSED] - click: Object: 'Object Repository/Page_KiboEngage  Dashboard/span_Messenger (1) (1) (1) (3)' is clicked on

2019-04-25 11:51:33 - [MESSAGE][PASSED] - Object: 'Object Repository/Page_KiboEngage  Dashboard/span_Messenger (1) (1) (1) (3)' is clicked on

2019-04-25 11:51:33 - [TEST_STEP][PASSED] - delay: Delayed 2 second(s)

2019-04-25 11:51:35 - [MESSAGE][PASSED] - Delayed 2 second(s)

2019-04-25 11:51:35 - [MESSAGE][PASSED] - Call Test Case 'Test Cases/s-sidebar_navigation/individualAccount/arveen_production_login_kiboengage' successfully

2019-04-25 11:51:35 - [TEST_STEP][PASSED] - callTestCase: Call Test Case 'Test Cases/Sequence Messaging/open_automation' successfully

2019-04-25 11:51:35 - [TEST_CASE][PASSED] - Test Cases/Sequence Messaging/open_automation: Test Cases/Sequence Messaging/open_automation

2019-04-25 11:51:35 - [TEST_STEP][PASSED] - click: Object: 'Object Repository/Page_KiboPush  Dashboard/span_Automation (1) (1)' is clicked on

2019-04-25 11:51:36 - [MESSAGE][PASSED] - Object: 'Object Repository/Page_KiboPush  Dashboard/span_Automation (1) (1)' is clicked on

2019-04-25 11:51:36 - [TEST_STEP][PASSED] - delay: Delayed 1 second(s)

2019-04-25 11:51:37 - [MESSAGE][PASSED] - Delayed 1 second(s)

2019-04-25 11:51:37 - [MESSAGE][PASSED] - Call Test Case 'Test Cases/Sequence Messaging/open_automation' successfully

2019-04-25 11:51:37 - [TEST_STEP][PASSED] - callTestCase: Call Test Case 'Test Cases/Sequence Messaging/TC1002' successfully

2019-04-25 11:51:37 - [TEST_CASE][PASSED] - Test Cases/Sequence Messaging/TC1002: Test Cases/Sequence Messaging/TC1002

2019-04-25 11:51:37 - [TEST_STEP][PASSED] - callTestCase: Call Test Case 'Test Cases/Sequence Messaging/Test Edit Sequence Button' successfully

2019-04-25 11:51:37 - [TEST_CASE][PASSED] - Test Cases/Sequence Messaging/Test Edit Sequence Button: Test Cases/Sequence Messaging/Test Edit Sequence Button

2019-04-25 11:51:37 - [TEST_STEP][PASSED] - callTestCase: Call Test Case 'Test Cases/Sequence Messaging/TC0980' successfully

2019-04-25 11:51:37 - [TEST_CASE][PASSED] - Test Cases/Sequence Messaging/TC0980: Test Cases/Sequence Messaging/TC0980

2019-04-25 11:51:37 - [TEST_STEP][PASSED] - callTestCase: Call Test Case 'Test Cases/Sequence Messaging/Go_to_Seq_Messaging' successfully

2019-04-25 11:51:37 - [TEST_CASE][PASSED] - Test Cases/Sequence Messaging/Go_to_Seq_Messaging: Test Cases/Sequence Messaging/Go_to_Seq_Messaging

2019-04-25 11:51:37 - [TEST_STEP][PASSED] - callTestCase: Call Test Case 'Test Cases/Sequence Messaging/Login' successfully

2019-04-25 11:51:37 - [TEST_CASE][PASSED] - Test Cases/Sequence Messaging/Login: Test Cases/Sequence Messaging/Login

2019-04-25 11:51:37 - [TEST_STEP][PASSED] - callTestCase: Call Test Case 'Test Cases/s-sidebar_navigation/individualAccount/sequenceMessaging' successfully

2019-04-25 11:51:37 - [TEST_CASE][PASSED] - Test Cases/s-sidebar_navigation/individualAccount/sequenceMessaging: Test Cases/s-sidebar_navigation/individualAccount/sequenceMessaging

2019-04-25 11:51:37 - [TEST_STEP][PASSED] - click: Object: 'Object Repository/Page_KiboPush  Dashboard/span_Autoposting' is clicked on

2019-04-25 11:51:38 - [MESSAGE][PASSED] - Object: 'Object Repository/Page_KiboPush  Dashboard/span_Autoposting' is clicked on

2019-04-25 11:51:38 - [TEST_STEP][PASSED] - delay: Delayed 1 second(s)

2019-04-25 11:51:39 - [MESSAGE][PASSED] - Delayed 1 second(s)

2019-04-25 11:51:39 - [TEST_STEP][PASSED] - click: Object: 'Object Repository/Page_KiboPush  Dashboard/span_Sequence Messaging' is clicked on

2019-04-25 11:51:39 - [MESSAGE][PASSED] - Object: 'Object Repository/Page_KiboPush  Dashboard/span_Sequence Messaging' is clicked on

2019-04-25 11:51:39 - [TEST_STEP][PASSED] - scrollToPosition: Browser is scrolled to position x = 0, y = 0

2019-04-25 11:51:39 - [MESSAGE][PASSED] - Browser is scrolled to position x = 0, y = 0

2019-04-25 11:51:39 - [TEST_STEP][PASSED] - click: Object: 'Object Repository/Page_KiboPush  Sequence Messaging/h3_Sequence Messaging' is clicked on

2019-04-25 11:51:40 - [MESSAGE][PASSED] - Object: 'Object Repository/Page_KiboPush  Sequence Messaging/h3_Sequence Messaging' is clicked on

2019-04-25 11:51:40 - [TEST_STEP][PASSED] - delay: Delayed 1 second(s)

2019-04-25 11:51:41 - [MESSAGE][PASSED] - Delayed 1 second(s)

2019-04-25 11:51:41 - [MESSAGE][PASSED] - Call Test Case 'Test Cases/s-sidebar_navigation/individualAccount/sequenceMessaging' successfully

2019-04-25 11:51:41 - [MESSAGE][PASSED] - Call Test Case 'Test Cases/Sequence Messaging/Login' successfully

2019-04-25 11:51:41 - [MESSAGE][PASSED] - Call Test Case 'Test Cases/Sequence Messaging/Go_to_Seq_Messaging' successfully

2019-04-25 11:51:41 - [TEST_STEP][PASSED] - delay: Delayed 4 second(s)

2019-04-25 11:51:46 - [MESSAGE][PASSED] - Delayed 4 second(s)

2019-04-25 11:51:46 - [MESSAGE][PASSED] - Call Test Case 'Test Cases/Sequence Messaging/TC0980' successfully

2019-04-25 11:51:46 - [TEST_STEP][PASSED] - click: Object: 'Object Repository/Page_KiboPush  Sequence Messaging/span_Edit (2)' is clicked on

2019-04-25 11:51:47 - [MESSAGE][PASSED] - Object: 'Object Repository/Page_KiboPush  Sequence Messaging/span_Edit (2)' is clicked on

2019-04-25 11:51:47 - [TEST_STEP][PASSED] - delay: Delayed 2 second(s)

2019-04-25 11:51:50 - [MESSAGE][PASSED] - Delayed 2 second(s)

2019-04-25 11:51:50 - [MESSAGE][PASSED] - Call Test Case 'Test Cases/Sequence Messaging/Test Edit Sequence Button' successfully

2019-04-25 11:51:50 - [TEST_STEP][PASSED] - delay: Delayed 2 second(s)

2019-04-25 11:51:52 - [MESSAGE][PASSED] - Delayed 2 second(s)

2019-04-25 11:51:52 - [TEST_STEP][PASSED] - click: Object: 'Object Repository/Page_KiboPush  Sequence Messaging/span_-- Edit (6)' is clicked on

2019-04-25 11:51:52 - [MESSAGE][PASSED] - Object: 'Object Repository/Page_KiboPush  Sequence Messaging/span_-- Edit (6)' is clicked on

2019-04-25 11:51:52 - [TEST_STEP][PASSED] - delay: Delayed 2 second(s)

2019-04-25 11:51:55 - [MESSAGE][PASSED] - Delayed 2 second(s)

2019-04-25 11:51:55 - [MESSAGE][PASSED] - Call Test Case 'Test Cases/Sequence Messaging/TC1002' successfully

2019-04-25 11:51:55 - [TEST_STEP][PASSED] - selectOptionByValue: All options with value 'page' are selected in object 'Object Repository/Page_KiboPush  Sequence Messaging/select_Select ConditionFirst N (2) (1) (1)'  using regular expression

2019-04-25 11:51:56 - [MESSAGE][PASSED] - All options with value 'page' are selected in object 'Object Repository/Page_KiboPush  Sequence Messaging/select_Select ConditionFirst N (2) (1) (1)'  using regular expression

2019-04-25 11:51:56 - [TEST_STEP][PASSED] - selectOptionByValue: All options with value 'is' are selected in object 'Object Repository/Page_KiboPush  Sequence Messaging/select_Select Criteriais (1) (1)'  using regular expression

2019-04-25 11:51:56 - [MESSAGE][PASSED] - All options with value 'is' are selected in object 'Object Repository/Page_KiboPush  Sequence Messaging/select_Select Criteriais (1) (1)'  using regular expression

2019-04-25 11:51:56 - [TEST_STEP][PASSED] - selectOptionByValue: All options with value '2090553931018635' are selected in object 'Object Repository/Page_KiboEngage  Edit Sequence/select_Select a PageTest5Educa'  using regular expression

2019-04-25 11:51:57 - [MESSAGE][PASSED] - All options with value '2090553931018635' are selected in object 'Object Repository/Page_KiboEngage  Edit Sequence/select_Select a PageTest5Educa'  using regular expression

2019-04-25 11:51:57 - [TEST_STEP][PASSED] - click: Object: 'Object Repository/Page_KiboEngage  Edit Sequence/button_Save' is clicked on

2019-04-25 11:51:57 - [MESSAGE][PASSED] - Object: 'Object Repository/Page_KiboEngage  Edit Sequence/button_Save' is clicked on]]></system-out>
         <system-err><![CDATA[]]></system-err>
      </testcase>
      <testcase name="Test Cases/Sequence Messaging/TC1005" classname="Test Cases/Sequence Messaging/TC1005" status="PASSED">
         <system-out><![CDATA[2019-04-25 11:51:57 - [TEST_CASE][PASSED] - Test Cases/Sequence Messaging/TC1005: Test Cases/Sequence Messaging/TC1005

2019-04-25 11:51:57 - [TEST_STEP][PASSED] - callTestCase: Call Test Case 'Test Cases/Sequence Messaging/TC1002' successfully

2019-04-25 11:51:57 - [TEST_CASE][PASSED] - Test Cases/Sequence Messaging/TC1002: Test Cases/Sequence Messaging/TC1002

2019-04-25 11:51:57 - [TEST_STEP][PASSED] - callTestCase: Call Test Case 'Test Cases/Sequence Messaging/Test Edit Sequence Button' successfully

2019-04-25 11:51:57 - [TEST_CASE][PASSED] - Test Cases/Sequence Messaging/Test Edit Sequence Button: Test Cases/Sequence Messaging/Test Edit Sequence Button

2019-04-25 11:51:57 - [TEST_STEP][PASSED] - callTestCase: Call Test Case 'Test Cases/Sequence Messaging/TC0980' successfully

2019-04-25 11:51:58 - [TEST_CASE][PASSED] - Test Cases/Sequence Messaging/TC0980: Test Cases/Sequence Messaging/TC0980

2019-04-25 11:51:58 - [TEST_STEP][PASSED] - callTestCase: Call Test Case 'Test Cases/Sequence Messaging/Go_to_Seq_Messaging' successfully

2019-04-25 11:51:58 - [TEST_CASE][PASSED] - Test Cases/Sequence Messaging/Go_to_Seq_Messaging: Test Cases/Sequence Messaging/Go_to_Seq_Messaging

2019-04-25 11:51:58 - [TEST_STEP][PASSED] - callTestCase: Call Test Case 'Test Cases/Sequence Messaging/Login' successfully

2019-04-25 11:51:58 - [TEST_CASE][PASSED] - Test Cases/Sequence Messaging/Login: Test Cases/Sequence Messaging/Login

2019-04-25 11:51:58 - [TEST_STEP][PASSED] - callTestCase: Call Test Case 'Test Cases/s-sidebar_navigation/individualAccount/sequenceMessaging' successfully

2019-04-25 11:51:58 - [TEST_CASE][PASSED] - Test Cases/s-sidebar_navigation/individualAccount/sequenceMessaging: Test Cases/s-sidebar_navigation/individualAccount/sequenceMessaging

2019-04-25 11:51:58 - [TEST_STEP][PASSED] - click: Object: 'Object Repository/Page_KiboPush  Dashboard/span_Autoposting' is clicked on

2019-04-25 11:51:58 - [MESSAGE][PASSED] - Object: 'Object Repository/Page_KiboPush  Dashboard/span_Autoposting' is clicked on

2019-04-25 11:51:58 - [TEST_STEP][PASSED] - delay: Delayed 1 second(s)

2019-04-25 11:51:59 - [MESSAGE][PASSED] - Delayed 1 second(s)

2019-04-25 11:51:59 - [TEST_STEP][PASSED] - click: Object: 'Object Repository/Page_KiboPush  Dashboard/span_Sequence Messaging' is clicked on

2019-04-25 11:52:00 - [MESSAGE][PASSED] - Object: 'Object Repository/Page_KiboPush  Dashboard/span_Sequence Messaging' is clicked on

2019-04-25 11:52:00 - [TEST_STEP][PASSED] - scrollToPosition: Browser is scrolled to position x = 0, y = 0

2019-04-25 11:52:00 - [MESSAGE][PASSED] - Browser is scrolled to position x = 0, y = 0

2019-04-25 11:52:00 - [TEST_STEP][PASSED] - click: Object: 'Object Repository/Page_KiboPush  Sequence Messaging/h3_Sequence Messaging' is clicked on

2019-04-25 11:52:00 - [MESSAGE][PASSED] - Object: 'Object Repository/Page_KiboPush  Sequence Messaging/h3_Sequence Messaging' is clicked on

2019-04-25 11:52:00 - [TEST_STEP][PASSED] - delay: Delayed 1 second(s)

2019-04-25 11:52:01 - [MESSAGE][PASSED] - Delayed 1 second(s)

2019-04-25 11:52:01 - [MESSAGE][PASSED] - Call Test Case 'Test Cases/s-sidebar_navigation/individualAccount/sequenceMessaging' successfully

2019-04-25 11:52:01 - [MESSAGE][PASSED] - Call Test Case 'Test Cases/Sequence Messaging/Login' successfully

2019-04-25 11:52:01 - [MESSAGE][PASSED] - Call Test Case 'Test Cases/Sequence Messaging/Go_to_Seq_Messaging' successfully

2019-04-25 11:52:01 - [TEST_STEP][PASSED] - delay: Delayed 4 second(s)

2019-04-25 11:52:07 - [MESSAGE][PASSED] - Delayed 4 second(s)

2019-04-25 11:52:07 - [MESSAGE][PASSED] - Call Test Case 'Test Cases/Sequence Messaging/TC0980' successfully

2019-04-25 11:52:07 - [TEST_STEP][PASSED] - click: Object: 'Object Repository/Page_KiboPush  Sequence Messaging/span_Edit (2)' is clicked on

2019-04-25 11:52:07 - [MESSAGE][PASSED] - Object: 'Object Repository/Page_KiboPush  Sequence Messaging/span_Edit (2)' is clicked on

2019-04-25 11:52:07 - [TEST_STEP][PASSED] - delay: Delayed 2 second(s)

2019-04-25 11:52:10 - [MESSAGE][PASSED] - Delayed 2 second(s)

2019-04-25 11:52:10 - [MESSAGE][PASSED] - Call Test Case 'Test Cases/Sequence Messaging/Test Edit Sequence Button' successfully

2019-04-25 11:52:10 - [TEST_STEP][PASSED] - delay: Delayed 2 second(s)

2019-04-25 11:52:12 - [MESSAGE][PASSED] - Delayed 2 second(s)

2019-04-25 11:52:12 - [TEST_STEP][PASSED] - click: Object: 'Object Repository/Page_KiboPush  Sequence Messaging/span_-- Edit (6)' is clicked on

2019-04-25 11:52:13 - [MESSAGE][PASSED] - Object: 'Object Repository/Page_KiboPush  Sequence Messaging/span_-- Edit (6)' is clicked on

2019-04-25 11:52:13 - [TEST_STEP][PASSED] - delay: Delayed 2 second(s)

2019-04-25 11:52:15 - [MESSAGE][PASSED] - Delayed 2 second(s)

2019-04-25 11:52:15 - [MESSAGE][PASSED] - Call Test Case 'Test Cases/Sequence Messaging/TC1002' successfully

2019-04-25 11:52:15 - [TEST_STEP][PASSED] - selectOptionByValue: All options with value 'gender' are selected in object 'Object Repository/Page_KiboPush  Sequence Messaging/select_Select ConditionFirst N (3)'  using regular expression

2019-04-25 11:52:15 - [MESSAGE][PASSED] - All options with value 'gender' are selected in object 'Object Repository/Page_KiboPush  Sequence Messaging/select_Select ConditionFirst N (3)'  using regular expression

2019-04-25 11:52:15 - [TEST_STEP][PASSED] - selectOptionByValue: All options with value 'male' are selected in object 'Object Repository/Page_KiboPush  Sequence Messaging/select_Select a Gendermalefema'  using regular expression

2019-04-25 11:52:16 - [MESSAGE][PASSED] - All options with value 'male' are selected in object 'Object Repository/Page_KiboPush  Sequence Messaging/select_Select a Gendermalefema'  using regular expression

2019-04-25 11:52:16 - [TEST_STEP][PASSED] - delay: Delayed 2 second(s)

2019-04-25 11:52:18 - [MESSAGE][PASSED] - Delayed 2 second(s)

2019-04-25 11:52:18 - [TEST_STEP][PASSED] - click: Object: 'Object Repository/Page_KiboPush  Sequence Messaging/button_Save (6)' is clicked on

2019-04-25 11:52:19 - [MESSAGE][PASSED] - Object: 'Object Repository/Page_KiboPush  Sequence Messaging/button_Save (6)' is clicked on]]></system-out>
         <system-err><![CDATA[]]></system-err>
      </testcase>
      <testcase name="Test Cases/Sequence Messaging/TC1006" classname="Test Cases/Sequence Messaging/TC1006" status="PASSED">
         <system-out><![CDATA[2019-04-25 11:52:19 - [TEST_CASE][PASSED] - Test Cases/Sequence Messaging/TC1006: Test Cases/Sequence Messaging/TC1006

2019-04-25 11:52:19 - [TEST_STEP][PASSED] - callTestCase: Call Test Case 'Test Cases/Sequence Messaging/TC1002' successfully

2019-04-25 11:52:19 - [TEST_CASE][PASSED] - Test Cases/Sequence Messaging/TC1002: Test Cases/Sequence Messaging/TC1002

2019-04-25 11:52:19 - [TEST_STEP][PASSED] - callTestCase: Call Test Case 'Test Cases/Sequence Messaging/Test Edit Sequence Button' successfully

2019-04-25 11:52:19 - [TEST_CASE][PASSED] - Test Cases/Sequence Messaging/Test Edit Sequence Button: Test Cases/Sequence Messaging/Test Edit Sequence Button

2019-04-25 11:52:19 - [TEST_STEP][PASSED] - callTestCase: Call Test Case 'Test Cases/Sequence Messaging/TC0980' successfully

2019-04-25 11:52:19 - [TEST_CASE][PASSED] - Test Cases/Sequence Messaging/TC0980: Test Cases/Sequence Messaging/TC0980

2019-04-25 11:52:19 - [TEST_STEP][PASSED] - callTestCase: Call Test Case 'Test Cases/Sequence Messaging/Go_to_Seq_Messaging' successfully

2019-04-25 11:52:19 - [TEST_CASE][PASSED] - Test Cases/Sequence Messaging/Go_to_Seq_Messaging: Test Cases/Sequence Messaging/Go_to_Seq_Messaging

2019-04-25 11:52:19 - [TEST_STEP][PASSED] - callTestCase: Call Test Case 'Test Cases/Sequence Messaging/Login' successfully

2019-04-25 11:52:19 - [TEST_CASE][PASSED] - Test Cases/Sequence Messaging/Login: Test Cases/Sequence Messaging/Login

2019-04-25 11:52:19 - [TEST_STEP][PASSED] - callTestCase: Call Test Case 'Test Cases/s-sidebar_navigation/individualAccount/sequenceMessaging' successfully

2019-04-25 11:52:19 - [TEST_CASE][PASSED] - Test Cases/s-sidebar_navigation/individualAccount/sequenceMessaging: Test Cases/s-sidebar_navigation/individualAccount/sequenceMessaging

2019-04-25 11:52:19 - [TEST_STEP][PASSED] - click: Object: 'Object Repository/Page_KiboPush  Dashboard/span_Autoposting' is clicked on

2019-04-25 11:52:20 - [MESSAGE][PASSED] - Object: 'Object Repository/Page_KiboPush  Dashboard/span_Autoposting' is clicked on

2019-04-25 11:52:20 - [TEST_STEP][PASSED] - delay: Delayed 1 second(s)

2019-04-25 11:52:21 - [MESSAGE][PASSED] - Delayed 1 second(s)

2019-04-25 11:52:21 - [TEST_STEP][PASSED] - click: Object: 'Object Repository/Page_KiboPush  Dashboard/span_Sequence Messaging' is clicked on

2019-04-25 11:52:22 - [MESSAGE][PASSED] - Object: 'Object Repository/Page_KiboPush  Dashboard/span_Sequence Messaging' is clicked on

2019-04-25 11:52:22 - [TEST_STEP][PASSED] - scrollToPosition: Browser is scrolled to position x = 0, y = 0

2019-04-25 11:52:22 - [MESSAGE][PASSED] - Browser is scrolled to position x = 0, y = 0

2019-04-25 11:52:22 - [TEST_STEP][PASSED] - click: Object: 'Object Repository/Page_KiboPush  Sequence Messaging/h3_Sequence Messaging' is clicked on

2019-04-25 11:52:22 - [MESSAGE][PASSED] - Object: 'Object Repository/Page_KiboPush  Sequence Messaging/h3_Sequence Messaging' is clicked on

2019-04-25 11:52:22 - [TEST_STEP][PASSED] - delay: Delayed 1 second(s)

2019-04-25 11:52:23 - [MESSAGE][PASSED] - Delayed 1 second(s)

2019-04-25 11:52:23 - [MESSAGE][PASSED] - Call Test Case 'Test Cases/s-sidebar_navigation/individualAccount/sequenceMessaging' successfully

2019-04-25 11:52:23 - [MESSAGE][PASSED] - Call Test Case 'Test Cases/Sequence Messaging/Login' successfully

2019-04-25 11:52:23 - [MESSAGE][PASSED] - Call Test Case 'Test Cases/Sequence Messaging/Go_to_Seq_Messaging' successfully

2019-04-25 11:52:23 - [TEST_STEP][PASSED] - delay: Delayed 4 second(s)

2019-04-25 11:52:27 - [MESSAGE][PASSED] - Delayed 4 second(s)

2019-04-25 11:52:27 - [MESSAGE][PASSED] - Call Test Case 'Test Cases/Sequence Messaging/TC0980' successfully

2019-04-25 11:52:27 - [TEST_STEP][PASSED] - click: Object: 'Object Repository/Page_KiboPush  Sequence Messaging/span_Edit (2)' is clicked on

2019-04-25 11:52:28 - [MESSAGE][PASSED] - Object: 'Object Repository/Page_KiboPush  Sequence Messaging/span_Edit (2)' is clicked on

2019-04-25 11:52:28 - [TEST_STEP][PASSED] - delay: Delayed 2 second(s)

2019-04-25 11:52:30 - [MESSAGE][PASSED] - Delayed 2 second(s)

2019-04-25 11:52:30 - [MESSAGE][PASSED] - Call Test Case 'Test Cases/Sequence Messaging/Test Edit Sequence Button' successfully

2019-04-25 11:52:30 - [TEST_STEP][PASSED] - delay: Delayed 2 second(s)

2019-04-25 11:52:32 - [MESSAGE][PASSED] - Delayed 2 second(s)

2019-04-25 11:52:32 - [TEST_STEP][PASSED] - click: Object: 'Object Repository/Page_KiboPush  Sequence Messaging/span_-- Edit (6)' is clicked on

2019-04-25 11:52:33 - [MESSAGE][PASSED] - Object: 'Object Repository/Page_KiboPush  Sequence Messaging/span_-- Edit (6)' is clicked on

2019-04-25 11:52:33 - [TEST_STEP][PASSED] - delay: Delayed 2 second(s)

2019-04-25 11:52:35 - [MESSAGE][PASSED] - Delayed 2 second(s)

2019-04-25 11:52:35 - [MESSAGE][PASSED] - Call Test Case 'Test Cases/Sequence Messaging/TC1002' successfully

2019-04-25 11:52:35 - [TEST_STEP][PASSED] - selectOptionByValue: All options with value 'locale' are selected in object 'Object Repository/Page_KiboPush  Sequence Messaging/select_Select ConditionFirst N (4) (1) (1)'  using regular expression

2019-04-25 11:52:35 - [MESSAGE][PASSED] - All options with value 'locale' are selected in object 'Object Repository/Page_KiboPush  Sequence Messaging/select_Select ConditionFirst N (4) (1) (1)'  using regular expression

2019-04-25 11:52:35 - [TEST_STEP][PASSED] - selectOptionByValue: All options with value 'en_US' are selected in object 'Object Repository/Page_KiboPush  Sequence Messaging/select_Select a Localeen_USen_ (2)'  using regular expression

2019-04-25 11:52:35 - [MESSAGE][PASSED] - All options with value 'en_US' are selected in object 'Object Repository/Page_KiboPush  Sequence Messaging/select_Select a Localeen_USen_ (2)'  using regular expression

2019-04-25 11:52:35 - [TEST_STEP][PASSED] - click: Object: 'Object Repository/Page_KiboPush  Sequence Messaging/button_Save (17)' is clicked on

2019-04-25 11:52:36 - [MESSAGE][PASSED] - Object: 'Object Repository/Page_KiboPush  Sequence Messaging/button_Save (17)' is clicked on]]></system-out>
         <system-err><![CDATA[]]></system-err>
      </testcase>
      <testcase name="Test Cases/Sequence Messaging/TC1007" classname="Test Cases/Sequence Messaging/TC1007" status="PASSED">
         <system-out><![CDATA[2019-04-25 11:52:36 - [TEST_CASE][PASSED] - Test Cases/Sequence Messaging/TC1007: Test Cases/Sequence Messaging/TC1007

2019-04-25 11:52:36 - [TEST_STEP][PASSED] - callTestCase: Call Test Case 'Test Cases/s-sidebar_navigation/individualAccount/arveen_production_login_kiboengage' successfully

2019-04-25 11:52:36 - [TEST_CASE][PASSED] - Test Cases/s-sidebar_navigation/individualAccount/arveen_production_login_kiboengage: Test Cases/s-sidebar_navigation/individualAccount/arveen_production_login_kiboengage

2019-04-25 11:52:36 - [TEST_STEP][PASSED] - openBrowser: Browser is opened with url: ''

2019-04-25 11:52:36 - [MESSAGE][WARNING] - A browser is already opened. Closing browser and opening a new one

2019-04-25 11:52:39 - [MESSAGE][PASSED] - Browser is opened with url: ''

2019-04-25 11:52:39 - [TEST_STEP][PASSED] - maximizeWindow: Current window maximized

2019-04-25 11:52:41 - [MESSAGE][PASSED] - Current window maximized

2019-04-25 11:52:41 - [TEST_STEP][PASSED] - navigateToUrl: Navigate to 'https://kiboengage.cloudkibo.com/' successfully

2019-04-25 11:52:51 - [MESSAGE][PASSED] - Navigate to 'https://kiboengage.cloudkibo.com/' successfully

2019-04-25 11:52:51 - [TEST_STEP][PASSED] - navigateToUrl: Navigate to 'https://accounts.cloudkibo.com/?continue=https://kiboengage.cloudkibo.com' successfully

2019-04-25 11:52:52 - [MESSAGE][PASSED] - Navigate to 'https://accounts.cloudkibo.com/?continue=https://kiboengage.cloudkibo.com' successfully

2019-04-25 11:52:52 - [TEST_STEP][PASSED] - click: Object: 'Object Repository/Page_CloudKibo/a_Login (2) (1) (1)' is clicked on

2019-04-25 11:52:53 - [MESSAGE][PASSED] - Object: 'Object Repository/Page_CloudKibo/a_Login (2) (1) (1)' is clicked on

2019-04-25 11:52:53 - [TEST_STEP][PASSED] - setText: Text 'individual@cloudkibo.com' is set on object 'Object Repository/Page_KiboPush/input_email (10) (1) (1)'

2019-04-25 11:52:54 - [MESSAGE][PASSED] - Text 'individual@cloudkibo.com' is set on object 'Object Repository/Page_KiboPush/input_email (10) (1) (1)'

2019-04-25 11:52:54 - [TEST_STEP][PASSED] - setEncryptedText: Text ****** has been set on object 'Object Repository/Page_CloudKibo/input_Sign In_password (7)'

2019-04-25 11:52:54 - [MESSAGE][PASSED] - Text ****** has been set on object 'Object Repository/Page_CloudKibo/input_Sign In_password (7)'

2019-04-25 11:52:54 - [TEST_STEP][PASSED] - click: Object: 'Object Repository/Page_KiboPush/button_Sign In (10) (1) (2)' is clicked on

2019-04-25 11:52:54 - [MESSAGE][PASSED] - Object: 'Object Repository/Page_KiboPush/button_Sign In (10) (1) (2)' is clicked on

2019-04-25 11:52:54 - [TEST_STEP][PASSED] - click: Object: 'Object Repository/Page_KiboPush  Dashboard/h3_Dashboard (57)' is clicked on

2019-04-25 11:53:20 - [MESSAGE][PASSED] - Object: 'Object Repository/Page_KiboPush  Dashboard/h3_Dashboard (57)' is clicked on

2019-04-25 11:53:20 - [TEST_STEP][PASSED] - delay: Delayed 3 second(s)

2019-04-25 11:53:23 - [MESSAGE][PASSED] - Delayed 3 second(s)

2019-04-25 11:53:23 - [TEST_STEP][PASSED] - click: Object: 'Object Repository/Page_KiboEngage  Dashboard/a_SMS (2) (1) (1) (1) (3)' is clicked on

2019-04-25 11:53:23 - [MESSAGE][PASSED] - Object: 'Object Repository/Page_KiboEngage  Dashboard/a_SMS (2) (1) (1) (1) (3)' is clicked on

2019-04-25 11:53:23 - [TEST_STEP][PASSED] - delay: Delayed 2 second(s)

2019-04-25 11:53:25 - [MESSAGE][PASSED] - Delayed 2 second(s)

2019-04-25 11:53:25 - [TEST_STEP][PASSED] - click: Object: 'Object Repository/Page_KiboEngage  Dashboard/span_Messenger (1) (1) (1) (3)' is clicked on

2019-04-25 11:53:25 - [MESSAGE][PASSED] - Object: 'Object Repository/Page_KiboEngage  Dashboard/span_Messenger (1) (1) (1) (3)' is clicked on

2019-04-25 11:53:25 - [TEST_STEP][PASSED] - delay: Delayed 2 second(s)

2019-04-25 11:53:27 - [MESSAGE][PASSED] - Delayed 2 second(s)

2019-04-25 11:53:27 - [MESSAGE][PASSED] - Call Test Case 'Test Cases/s-sidebar_navigation/individualAccount/arveen_production_login_kiboengage' successfully

2019-04-25 11:53:27 - [TEST_STEP][PASSED] - callTestCase: Call Test Case 'Test Cases/Sequence Messaging/open_automation' successfully

2019-04-25 11:53:27 - [TEST_CASE][PASSED] - Test Cases/Sequence Messaging/open_automation: Test Cases/Sequence Messaging/open_automation

2019-04-25 11:53:27 - [TEST_STEP][PASSED] - click: Object: 'Object Repository/Page_KiboPush  Dashboard/span_Automation (1) (1)' is clicked on

2019-04-25 11:53:27 - [MESSAGE][PASSED] - Object: 'Object Repository/Page_KiboPush  Dashboard/span_Automation (1) (1)' is clicked on

2019-04-25 11:53:27 - [TEST_STEP][PASSED] - delay: Delayed 1 second(s)

2019-04-25 11:53:28 - [MESSAGE][PASSED] - Delayed 1 second(s)

2019-04-25 11:53:28 - [MESSAGE][PASSED] - Call Test Case 'Test Cases/Sequence Messaging/open_automation' successfully

2019-04-25 11:53:28 - [TEST_STEP][PASSED] - callTestCase: Call Test Case 'Test Cases/Sequence Messaging/TC1002' successfully

2019-04-25 11:53:28 - [TEST_CASE][PASSED] - Test Cases/Sequence Messaging/TC1002: Test Cases/Sequence Messaging/TC1002

2019-04-25 11:53:28 - [TEST_STEP][PASSED] - callTestCase: Call Test Case 'Test Cases/Sequence Messaging/Test Edit Sequence Button' successfully

2019-04-25 11:53:28 - [TEST_CASE][PASSED] - Test Cases/Sequence Messaging/Test Edit Sequence Button: Test Cases/Sequence Messaging/Test Edit Sequence Button

2019-04-25 11:53:28 - [TEST_STEP][PASSED] - callTestCase: Call Test Case 'Test Cases/Sequence Messaging/TC0980' successfully

2019-04-25 11:53:28 - [TEST_CASE][PASSED] - Test Cases/Sequence Messaging/TC0980: Test Cases/Sequence Messaging/TC0980

2019-04-25 11:53:28 - [TEST_STEP][PASSED] - callTestCase: Call Test Case 'Test Cases/Sequence Messaging/Go_to_Seq_Messaging' successfully

2019-04-25 11:53:28 - [TEST_CASE][PASSED] - Test Cases/Sequence Messaging/Go_to_Seq_Messaging: Test Cases/Sequence Messaging/Go_to_Seq_Messaging

2019-04-25 11:53:28 - [TEST_STEP][PASSED] - callTestCase: Call Test Case 'Test Cases/Sequence Messaging/Login' successfully

2019-04-25 11:53:28 - [TEST_CASE][PASSED] - Test Cases/Sequence Messaging/Login: Test Cases/Sequence Messaging/Login

2019-04-25 11:53:28 - [TEST_STEP][PASSED] - callTestCase: Call Test Case 'Test Cases/s-sidebar_navigation/individualAccount/sequenceMessaging' successfully

2019-04-25 11:53:29 - [TEST_CASE][PASSED] - Test Cases/s-sidebar_navigation/individualAccount/sequenceMessaging: Test Cases/s-sidebar_navigation/individualAccount/sequenceMessaging

2019-04-25 11:53:29 - [TEST_STEP][PASSED] - click: Object: 'Object Repository/Page_KiboPush  Dashboard/span_Autoposting' is clicked on

2019-04-25 11:53:29 - [MESSAGE][PASSED] - Object: 'Object Repository/Page_KiboPush  Dashboard/span_Autoposting' is clicked on

2019-04-25 11:53:29 - [TEST_STEP][PASSED] - delay: Delayed 1 second(s)

2019-04-25 11:53:30 - [MESSAGE][PASSED] - Delayed 1 second(s)

2019-04-25 11:53:30 - [TEST_STEP][PASSED] - click: Object: 'Object Repository/Page_KiboPush  Dashboard/span_Sequence Messaging' is clicked on

2019-04-25 11:53:30 - [MESSAGE][PASSED] - Object: 'Object Repository/Page_KiboPush  Dashboard/span_Sequence Messaging' is clicked on

2019-04-25 11:53:30 - [TEST_STEP][PASSED] - scrollToPosition: Browser is scrolled to position x = 0, y = 0

2019-04-25 11:53:30 - [MESSAGE][PASSED] - Browser is scrolled to position x = 0, y = 0

2019-04-25 11:53:30 - [TEST_STEP][PASSED] - click: Object: 'Object Repository/Page_KiboPush  Sequence Messaging/h3_Sequence Messaging' is clicked on

2019-04-25 11:53:30 - [MESSAGE][PASSED] - Object: 'Object Repository/Page_KiboPush  Sequence Messaging/h3_Sequence Messaging' is clicked on

2019-04-25 11:53:30 - [TEST_STEP][PASSED] - delay: Delayed 1 second(s)

2019-04-25 11:53:31 - [MESSAGE][PASSED] - Delayed 1 second(s)

2019-04-25 11:53:31 - [MESSAGE][PASSED] - Call Test Case 'Test Cases/s-sidebar_navigation/individualAccount/sequenceMessaging' successfully

2019-04-25 11:53:31 - [MESSAGE][PASSED] - Call Test Case 'Test Cases/Sequence Messaging/Login' successfully

2019-04-25 11:53:31 - [MESSAGE][PASSED] - Call Test Case 'Test Cases/Sequence Messaging/Go_to_Seq_Messaging' successfully

2019-04-25 11:53:31 - [TEST_STEP][PASSED] - delay: Delayed 4 second(s)

2019-04-25 11:53:35 - [MESSAGE][PASSED] - Delayed 4 second(s)

2019-04-25 11:53:35 - [MESSAGE][PASSED] - Call Test Case 'Test Cases/Sequence Messaging/TC0980' successfully

2019-04-25 11:53:35 - [TEST_STEP][PASSED] - click: Object: 'Object Repository/Page_KiboPush  Sequence Messaging/span_Edit (2)' is clicked on

2019-04-25 11:53:35 - [MESSAGE][PASSED] - Object: 'Object Repository/Page_KiboPush  Sequence Messaging/span_Edit (2)' is clicked on

2019-04-25 11:53:35 - [TEST_STEP][PASSED] - delay: Delayed 2 second(s)

2019-04-25 11:53:37 - [MESSAGE][PASSED] - Delayed 2 second(s)

2019-04-25 11:53:37 - [MESSAGE][PASSED] - Call Test Case 'Test Cases/Sequence Messaging/Test Edit Sequence Button' successfully

2019-04-25 11:53:37 - [TEST_STEP][PASSED] - delay: Delayed 2 second(s)

2019-04-25 11:53:40 - [MESSAGE][PASSED] - Delayed 2 second(s)

2019-04-25 11:53:40 - [TEST_STEP][PASSED] - click: Object: 'Object Repository/Page_KiboPush  Sequence Messaging/span_-- Edit (6)' is clicked on

2019-04-25 11:53:40 - [MESSAGE][PASSED] - Object: 'Object Repository/Page_KiboPush  Sequence Messaging/span_-- Edit (6)' is clicked on

2019-04-25 11:53:40 - [TEST_STEP][PASSED] - delay: Delayed 2 second(s)

2019-04-25 11:53:42 - [MESSAGE][PASSED] - Delayed 2 second(s)

2019-04-25 11:53:42 - [MESSAGE][PASSED] - Call Test Case 'Test Cases/Sequence Messaging/TC1002' successfully

2019-04-25 11:53:42 - [TEST_STEP][PASSED] - selectOptionByValue: All options with value 'tag' are selected in object 'Object Repository/Page_KiboPush  Sequence Messaging/select_Select ConditionFirst N (5) (1) (1) (1)'  using regular expression

2019-04-25 11:53:42 - [MESSAGE][PASSED] - All options with value 'tag' are selected in object 'Object Repository/Page_KiboPush  Sequence Messaging/select_Select ConditionFirst N (5) (1) (1) (1)'  using regular expression

2019-04-25 11:53:42 - [TEST_STEP][PASSED] - selectOptionByValue: All options with value 'is' are selected in object 'Object Repository/Page_KiboEngage  Edit Sequence/select_Select Criteriais'  using regular expression

2019-04-25 11:53:43 - [MESSAGE][PASSED] - All options with value 'is' are selected in object 'Object Repository/Page_KiboEngage  Edit Sequence/select_Select Criteriais'  using regular expression

2019-04-25 11:53:43 - [TEST_STEP][PASSED] - selectOptionByValue: All options with value '5cbd86be9a26741607e22380' are selected in object 'Object Repository/Page_KiboEngage  Edit Sequence/select_Select a Taghello'  using regular expression

2019-04-25 11:53:43 - [MESSAGE][PASSED] - All options with value '5cbd86be9a26741607e22380' are selected in object 'Object Repository/Page_KiboEngage  Edit Sequence/select_Select a Taghello'  using regular expression

2019-04-25 11:53:43 - [TEST_STEP][PASSED] - click: Object: 'Object Repository/Page_KiboEngage  Edit Sequence/button_Save (1)' is clicked on

2019-04-25 11:53:44 - [MESSAGE][PASSED] - Object: 'Object Repository/Page_KiboEngage  Edit Sequence/button_Save (1)' is clicked on]]></system-out>
         <system-err><![CDATA[]]></system-err>
      </testcase>
      <testcase name="Test Cases/Sequence Messaging/TC1008" classname="Test Cases/Sequence Messaging/TC1008" status="PASSED">
         <system-out><![CDATA[2019-04-25 11:53:44 - [TEST_CASE][PASSED] - Test Cases/Sequence Messaging/TC1008: Test Cases/Sequence Messaging/TC1008

2019-04-25 11:53:44 - [TEST_STEP][PASSED] - callTestCase: Call Test Case 'Test Cases/Sequence Messaging/TC1002' successfully

2019-04-25 11:53:44 - [TEST_CASE][PASSED] - Test Cases/Sequence Messaging/TC1002: Test Cases/Sequence Messaging/TC1002

2019-04-25 11:53:44 - [TEST_STEP][PASSED] - callTestCase: Call Test Case 'Test Cases/Sequence Messaging/Test Edit Sequence Button' successfully

2019-04-25 11:53:44 - [TEST_CASE][PASSED] - Test Cases/Sequence Messaging/Test Edit Sequence Button: Test Cases/Sequence Messaging/Test Edit Sequence Button

2019-04-25 11:53:44 - [TEST_STEP][PASSED] - callTestCase: Call Test Case 'Test Cases/Sequence Messaging/TC0980' successfully

2019-04-25 11:53:44 - [TEST_CASE][PASSED] - Test Cases/Sequence Messaging/TC0980: Test Cases/Sequence Messaging/TC0980

2019-04-25 11:53:44 - [TEST_STEP][PASSED] - callTestCase: Call Test Case 'Test Cases/Sequence Messaging/Go_to_Seq_Messaging' successfully

2019-04-25 11:53:44 - [TEST_CASE][PASSED] - Test Cases/Sequence Messaging/Go_to_Seq_Messaging: Test Cases/Sequence Messaging/Go_to_Seq_Messaging

2019-04-25 11:53:44 - [TEST_STEP][PASSED] - callTestCase: Call Test Case 'Test Cases/Sequence Messaging/Login' successfully

2019-04-25 11:53:44 - [TEST_CASE][PASSED] - Test Cases/Sequence Messaging/Login: Test Cases/Sequence Messaging/Login

2019-04-25 11:53:44 - [TEST_STEP][PASSED] - callTestCase: Call Test Case 'Test Cases/s-sidebar_navigation/individualAccount/sequenceMessaging' successfully

2019-04-25 11:53:44 - [TEST_CASE][PASSED] - Test Cases/s-sidebar_navigation/individualAccount/sequenceMessaging: Test Cases/s-sidebar_navigation/individualAccount/sequenceMessaging

2019-04-25 11:53:44 - [TEST_STEP][PASSED] - click: Object: 'Object Repository/Page_KiboPush  Dashboard/span_Autoposting' is clicked on

2019-04-25 11:53:45 - [MESSAGE][PASSED] - Object: 'Object Repository/Page_KiboPush  Dashboard/span_Autoposting' is clicked on

2019-04-25 11:53:45 - [TEST_STEP][PASSED] - delay: Delayed 1 second(s)

2019-04-25 11:53:46 - [MESSAGE][PASSED] - Delayed 1 second(s)

2019-04-25 11:53:46 - [TEST_STEP][PASSED] - click: Object: 'Object Repository/Page_KiboPush  Dashboard/span_Sequence Messaging' is clicked on

2019-04-25 11:53:46 - [MESSAGE][PASSED] - Object: 'Object Repository/Page_KiboPush  Dashboard/span_Sequence Messaging' is clicked on

2019-04-25 11:53:46 - [TEST_STEP][PASSED] - scrollToPosition: Browser is scrolled to position x = 0, y = 0

2019-04-25 11:53:46 - [MESSAGE][PASSED] - Browser is scrolled to position x = 0, y = 0

2019-04-25 11:53:46 - [TEST_STEP][PASSED] - click: Object: 'Object Repository/Page_KiboPush  Sequence Messaging/h3_Sequence Messaging' is clicked on

2019-04-25 11:53:46 - [MESSAGE][PASSED] - Object: 'Object Repository/Page_KiboPush  Sequence Messaging/h3_Sequence Messaging' is clicked on

2019-04-25 11:53:46 - [TEST_STEP][PASSED] - delay: Delayed 1 second(s)

2019-04-25 11:53:47 - [MESSAGE][PASSED] - Delayed 1 second(s)

2019-04-25 11:53:47 - [MESSAGE][PASSED] - Call Test Case 'Test Cases/s-sidebar_navigation/individualAccount/sequenceMessaging' successfully

2019-04-25 11:53:47 - [MESSAGE][PASSED] - Call Test Case 'Test Cases/Sequence Messaging/Login' successfully

2019-04-25 11:53:47 - [MESSAGE][PASSED] - Call Test Case 'Test Cases/Sequence Messaging/Go_to_Seq_Messaging' successfully

2019-04-25 11:53:47 - [TEST_STEP][PASSED] - delay: Delayed 4 second(s)

2019-04-25 11:53:52 - [MESSAGE][PASSED] - Delayed 4 second(s)

2019-04-25 11:53:52 - [MESSAGE][PASSED] - Call Test Case 'Test Cases/Sequence Messaging/TC0980' successfully

2019-04-25 11:53:52 - [TEST_STEP][PASSED] - click: Object: 'Object Repository/Page_KiboPush  Sequence Messaging/span_Edit (2)' is clicked on

2019-04-25 11:53:52 - [MESSAGE][PASSED] - Object: 'Object Repository/Page_KiboPush  Sequence Messaging/span_Edit (2)' is clicked on

2019-04-25 11:53:52 - [TEST_STEP][PASSED] - delay: Delayed 2 second(s)

2019-04-25 11:53:55 - [MESSAGE][PASSED] - Delayed 2 second(s)

2019-04-25 11:53:55 - [MESSAGE][PASSED] - Call Test Case 'Test Cases/Sequence Messaging/Test Edit Sequence Button' successfully

2019-04-25 11:53:55 - [TEST_STEP][PASSED] - delay: Delayed 2 second(s)

2019-04-25 11:53:57 - [MESSAGE][PASSED] - Delayed 2 second(s)

2019-04-25 11:53:57 - [TEST_STEP][PASSED] - click: Object: 'Object Repository/Page_KiboPush  Sequence Messaging/span_-- Edit (6)' is clicked on

2019-04-25 11:53:58 - [MESSAGE][PASSED] - Object: 'Object Repository/Page_KiboPush  Sequence Messaging/span_-- Edit (6)' is clicked on

2019-04-25 11:53:58 - [TEST_STEP][PASSED] - delay: Delayed 2 second(s)

2019-04-25 11:54:00 - [MESSAGE][PASSED] - Delayed 2 second(s)

2019-04-25 11:54:00 - [MESSAGE][PASSED] - Call Test Case 'Test Cases/Sequence Messaging/TC1002' successfully

2019-04-25 11:54:00 - [TEST_STEP][PASSED] - selectOptionByValue: All options with value 'subscription_date' are selected in object 'Object Repository/Page_KiboPush  Sequence Messaging/select_Select ConditionFirst N (6) (1)'  using regular expression

2019-04-25 11:54:01 - [MESSAGE][PASSED] - All options with value 'subscription_date' are selected in object 'Object Repository/Page_KiboPush  Sequence Messaging/select_Select ConditionFirst N (6) (1)'  using regular expression

2019-04-25 11:54:01 - [TEST_STEP][PASSED] - selectOptionByValue: All options with value 'after' are selected in object 'Object Repository/Page_KiboPush  Sequence Messaging/select_Select CriteriaonBefore (1)'  using regular expression

2019-04-25 11:54:01 - [MESSAGE][PASSED] - All options with value 'after' are selected in object 'Object Repository/Page_KiboPush  Sequence Messaging/select_Select CriteriaonBefore (1)'  using regular expression

2019-04-25 11:54:01 - [TEST_STEP][PASSED] - delay: Delayed 2 second(s)

2019-04-25 11:54:04 - [MESSAGE][PASSED] - Delayed 2 second(s)

2019-04-25 11:54:04 - [TEST_STEP][PASSED] - doubleClick: Object: 'Object Repository/Page_KiboPush  Sequence Messaging/input_text' is double clicked on

2019-04-25 11:54:04 - [MESSAGE][PASSED] - Object: 'Object Repository/Page_KiboPush  Sequence Messaging/input_text' is double clicked on

2019-04-25 11:54:04 - [TEST_STEP][PASSED] - click: Object: 'Object Repository/Page_KiboPush  Sequence Messaging/button_Save (15)' is clicked on

2019-04-25 11:54:04 - [MESSAGE][PASSED] - Object: 'Object Repository/Page_KiboPush  Sequence Messaging/button_Save (15)' is clicked on]]></system-out>
         <system-err><![CDATA[]]></system-err>
      </testcase>
      <testcase name="Test Cases/Sequence Messaging/TC1009" classname="Test Cases/Sequence Messaging/TC1009" status="PASSED">
         <system-out><![CDATA[2019-04-25 11:54:04 - [TEST_CASE][PASSED] - Test Cases/Sequence Messaging/TC1009: Test Cases/Sequence Messaging/TC1009

2019-04-25 11:54:04 - [TEST_STEP][PASSED] - callTestCase: Call Test Case 'Test Cases/Sequence Messaging/TC1002' successfully

2019-04-25 11:54:04 - [TEST_CASE][PASSED] - Test Cases/Sequence Messaging/TC1002: Test Cases/Sequence Messaging/TC1002

2019-04-25 11:54:04 - [TEST_STEP][PASSED] - callTestCase: Call Test Case 'Test Cases/Sequence Messaging/Test Edit Sequence Button' successfully

2019-04-25 11:54:04 - [TEST_CASE][PASSED] - Test Cases/Sequence Messaging/Test Edit Sequence Button: Test Cases/Sequence Messaging/Test Edit Sequence Button

2019-04-25 11:54:05 - [TEST_STEP][PASSED] - callTestCase: Call Test Case 'Test Cases/Sequence Messaging/TC0980' successfully

2019-04-25 11:54:05 - [TEST_CASE][PASSED] - Test Cases/Sequence Messaging/TC0980: Test Cases/Sequence Messaging/TC0980

2019-04-25 11:54:05 - [TEST_STEP][PASSED] - callTestCase: Call Test Case 'Test Cases/Sequence Messaging/Go_to_Seq_Messaging' successfully

2019-04-25 11:54:05 - [TEST_CASE][PASSED] - Test Cases/Sequence Messaging/Go_to_Seq_Messaging: Test Cases/Sequence Messaging/Go_to_Seq_Messaging

2019-04-25 11:54:05 - [TEST_STEP][PASSED] - callTestCase: Call Test Case 'Test Cases/Sequence Messaging/Login' successfully

2019-04-25 11:54:05 - [TEST_CASE][PASSED] - Test Cases/Sequence Messaging/Login: Test Cases/Sequence Messaging/Login

2019-04-25 11:54:05 - [TEST_STEP][PASSED] - callTestCase: Call Test Case 'Test Cases/s-sidebar_navigation/individualAccount/sequenceMessaging' successfully

2019-04-25 11:54:05 - [TEST_CASE][PASSED] - Test Cases/s-sidebar_navigation/individualAccount/sequenceMessaging: Test Cases/s-sidebar_navigation/individualAccount/sequenceMessaging

2019-04-25 11:54:05 - [TEST_STEP][PASSED] - click: Object: 'Object Repository/Page_KiboPush  Dashboard/span_Autoposting' is clicked on

2019-04-25 11:54:05 - [MESSAGE][PASSED] - Object: 'Object Repository/Page_KiboPush  Dashboard/span_Autoposting' is clicked on

2019-04-25 11:54:05 - [TEST_STEP][PASSED] - delay: Delayed 1 second(s)

2019-04-25 11:54:06 - [MESSAGE][PASSED] - Delayed 1 second(s)

2019-04-25 11:54:06 - [TEST_STEP][PASSED] - click: Object: 'Object Repository/Page_KiboPush  Dashboard/span_Sequence Messaging' is clicked on

2019-04-25 11:54:07 - [MESSAGE][PASSED] - Object: 'Object Repository/Page_KiboPush  Dashboard/span_Sequence Messaging' is clicked on

2019-04-25 11:54:07 - [TEST_STEP][PASSED] - scrollToPosition: Browser is scrolled to position x = 0, y = 0

2019-04-25 11:54:07 - [MESSAGE][PASSED] - Browser is scrolled to position x = 0, y = 0

2019-04-25 11:54:07 - [TEST_STEP][PASSED] - click: Object: 'Object Repository/Page_KiboPush  Sequence Messaging/h3_Sequence Messaging' is clicked on

2019-04-25 11:54:07 - [MESSAGE][PASSED] - Object: 'Object Repository/Page_KiboPush  Sequence Messaging/h3_Sequence Messaging' is clicked on

2019-04-25 11:54:07 - [TEST_STEP][PASSED] - delay: Delayed 1 second(s)

2019-04-25 11:54:08 - [MESSAGE][PASSED] - Delayed 1 second(s)

2019-04-25 11:54:08 - [MESSAGE][PASSED] - Call Test Case 'Test Cases/s-sidebar_navigation/individualAccount/sequenceMessaging' successfully

2019-04-25 11:54:08 - [MESSAGE][PASSED] - Call Test Case 'Test Cases/Sequence Messaging/Login' successfully

2019-04-25 11:54:08 - [MESSAGE][PASSED] - Call Test Case 'Test Cases/Sequence Messaging/Go_to_Seq_Messaging' successfully

2019-04-25 11:54:08 - [TEST_STEP][PASSED] - delay: Delayed 4 second(s)

2019-04-25 11:54:13 - [MESSAGE][PASSED] - Delayed 4 second(s)

2019-04-25 11:54:13 - [MESSAGE][PASSED] - Call Test Case 'Test Cases/Sequence Messaging/TC0980' successfully

2019-04-25 11:54:13 - [TEST_STEP][PASSED] - click: Object: 'Object Repository/Page_KiboPush  Sequence Messaging/span_Edit (2)' is clicked on

2019-04-25 11:54:13 - [MESSAGE][PASSED] - Object: 'Object Repository/Page_KiboPush  Sequence Messaging/span_Edit (2)' is clicked on

2019-04-25 11:54:13 - [TEST_STEP][PASSED] - delay: Delayed 2 second(s)

2019-04-25 11:54:16 - [MESSAGE][PASSED] - Delayed 2 second(s)

2019-04-25 11:54:16 - [MESSAGE][PASSED] - Call Test Case 'Test Cases/Sequence Messaging/Test Edit Sequence Button' successfully

2019-04-25 11:54:16 - [TEST_STEP][PASSED] - delay: Delayed 2 second(s)

2019-04-25 11:54:18 - [MESSAGE][PASSED] - Delayed 2 second(s)

2019-04-25 11:54:18 - [TEST_STEP][PASSED] - click: Object: 'Object Repository/Page_KiboPush  Sequence Messaging/span_-- Edit (6)' is clicked on

2019-04-25 11:54:18 - [MESSAGE][PASSED] - Object: 'Object Repository/Page_KiboPush  Sequence Messaging/span_-- Edit (6)' is clicked on

2019-04-25 11:54:18 - [TEST_STEP][PASSED] - delay: Delayed 2 second(s)

2019-04-25 11:54:20 - [MESSAGE][PASSED] - Delayed 2 second(s)

2019-04-25 11:54:20 - [MESSAGE][PASSED] - Call Test Case 'Test Cases/Sequence Messaging/TC1002' successfully

2019-04-25 11:54:20 - [TEST_STEP][PASSED] - click: Object: 'Object Repository/Page_KiboPush  Sequence Messaging/button_ Add Condition (1)' is clicked on

2019-04-25 11:54:21 - [MESSAGE][PASSED] - Object: 'Object Repository/Page_KiboPush  Sequence Messaging/button_ Add Condition (1)' is clicked on

2019-04-25 11:54:21 - [TEST_STEP][PASSED] - click: Object: 'Object Repository/Page_KiboPush  Sequence Messaging/button_Save (10)' is clicked on

2019-04-25 11:54:21 - [MESSAGE][PASSED] - Object: 'Object Repository/Page_KiboPush  Sequence Messaging/button_Save (10)' is clicked on]]></system-out>
         <system-err><![CDATA[]]></system-err>
      </testcase>
      <testcase name="Test Cases/Sequence Messaging/TC1011" classname="Test Cases/Sequence Messaging/TC1011" status="FAILED">
         <failure type="FAILED" message="Unable to click on object 'Object Repository/Page_KiboPush  Sequence Messaging/button_Add Message (1) (1)' (Root cause: org.openqa.selenium.WebDriverException: unknown error: Element &lt;button class=&quot;btn btn-primary m-btn m-btn--custom m-btn--icon m-btn--air m-btn--pill&quot;>...&lt;/button> is not clickable at point (1132, 134). Other element would receive the click: &lt;div style=&quot;opacity: 1; overflow-y: auto; position: absolute; top: 0px; left: 0px; height: 100%; width: 100%; transition: opacity 0.3s ease 0s; cursor: pointer;&quot;>...&lt;/div>
  (Session info: chrome=73.0.3683.103)
  (Driver info: chromedriver=2.35.528161 (5b82f2d2aae0ca24b877009200ced9065a772e73),platform=Windows NT 10.0.17134 x86_64) (WARNING: The server did not provide any stacktrace information)
Command duration or timeout: 0 milliseconds
Build info: version: '3.7.1', revision: '8a0099a', time: '2017-11-06T21:07:36.161Z'
System info: host: 'DESKTOP-4M6R1V0', ip: '10.0.2.15', os.name: 'Windows 10', os.arch: 'amd64', os.version: '10.0', java.version: '1.8.0_181'
Driver info: com.kms.katalon.selenium.driver.CChromeDriver
Capabilities {acceptInsecureCerts: false, acceptSslCerts: false, applicationCacheEnabled: false, browserConnectionEnabled: false, browserName: chrome, chrome: {chromedriverVersion: 2.35.528161 (5b82f2d2aae0ca..., userDataDir: C:\Users\CLOUDK~1\AppData\L...}, cssSelectorsEnabled: true, databaseEnabled: false, handlesAlerts: true, hasTouchScreen: false, javascriptEnabled: true, locationContextEnabled: true, mobileEmulationEnabled: false, nativeEvents: true, networkConnectionEnabled: false, pageLoadStrategy: normal, platform: XP, platformName: XP, rotatable: false, setWindowRect: true, takesHeapSnapshot: true, takesScreenshot: true, unexpectedAlertBehaviour: , unhandledPromptBehavior: , version: 73.0.3683.103, webStorageEnabled: true}
Session ID: 13bd57776778cbb9f3029d782c686f0c)"/>
         <system-out><![CDATA[2019-04-25 11:54:21 - [TEST_CASE][FAILED] - Test Cases/Sequence Messaging/TC1011: Test Cases/Sequence Messaging/TC1011 FAILED because (of) Unable to click on object 'Object Repository/Page_KiboPush  Sequence Messaging/button_Add Message (1) (1)' (Root cause: org.openqa.selenium.WebDriverException: unknown error: Element <button class="btn btn-primary m-btn m-btn--custom m-btn--icon m-btn--air m-btn--pill">...</button> is not clickable at point (1132, 134). Other element would receive the click: <div style="opacity: 1; overflow-y: auto; position: absolute; top: 0px; left: 0px; height: 100%; width: 100%; transition: opacity 0.3s ease 0s; cursor: pointer;">...</div>
  (Session info: chrome=73.0.3683.103)
  (Driver info: chromedriver=2.35.528161 (5b82f2d2aae0ca24b877009200ced9065a772e73),platform=Windows NT 10.0.17134 x86_64) (WARNING: The server did not provide any stacktrace information)
Command duration or timeout: 0 milliseconds
Build info: version: '3.7.1', revision: '8a0099a', time: '2017-11-06T21:07:36.161Z'
System info: host: 'DESKTOP-4M6R1V0', ip: '10.0.2.15', os.name: 'Windows 10', os.arch: 'amd64', os.version: '10.0', java.version: '1.8.0_181'
Driver info: com.kms.katalon.selenium.driver.CChromeDriver
Capabilities {acceptInsecureCerts: false, acceptSslCerts: false, applicationCacheEnabled: false, browserConnectionEnabled: false, browserName: chrome, chrome: {chromedriverVersion: 2.35.528161 (5b82f2d2aae0ca..., userDataDir: C:\Users\CLOUDK~1\AppData\L...}, cssSelectorsEnabled: true, databaseEnabled: false, handlesAlerts: true, hasTouchScreen: false, javascriptEnabled: true, locationContextEnabled: true, mobileEmulationEnabled: false, nativeEvents: true, networkConnectionEnabled: false, pageLoadStrategy: normal, platform: XP, platformName: XP, rotatable: false, setWindowRect: true, takesHeapSnapshot: true, takesScreenshot: true, unexpectedAlertBehaviour: , unhandledPromptBehavior: , version: 73.0.3683.103, webStorageEnabled: true}
Session ID: 13bd57776778cbb9f3029d782c686f0c)

2019-04-25 11:54:21 - [TEST_STEP][PASSED] - callTestCase: Call Test Case 'Test Cases/Sequence Messaging/TC0980' successfully

2019-04-25 11:54:21 - [TEST_CASE][PASSED] - Test Cases/Sequence Messaging/TC0980: Test Cases/Sequence Messaging/TC0980

2019-04-25 11:54:21 - [TEST_STEP][PASSED] - callTestCase: Call Test Case 'Test Cases/Sequence Messaging/Go_to_Seq_Messaging' successfully

2019-04-25 11:54:21 - [TEST_CASE][PASSED] - Test Cases/Sequence Messaging/Go_to_Seq_Messaging: Test Cases/Sequence Messaging/Go_to_Seq_Messaging

2019-04-25 11:54:21 - [TEST_STEP][PASSED] - callTestCase: Call Test Case 'Test Cases/Sequence Messaging/Login' successfully

2019-04-25 11:54:21 - [TEST_CASE][PASSED] - Test Cases/Sequence Messaging/Login: Test Cases/Sequence Messaging/Login

2019-04-25 11:54:21 - [TEST_STEP][PASSED] - callTestCase: Call Test Case 'Test Cases/s-sidebar_navigation/individualAccount/sequenceMessaging' successfully

2019-04-25 11:54:21 - [TEST_CASE][PASSED] - Test Cases/s-sidebar_navigation/individualAccount/sequenceMessaging: Test Cases/s-sidebar_navigation/individualAccount/sequenceMessaging

2019-04-25 11:54:21 - [TEST_STEP][PASSED] - click: Object: 'Object Repository/Page_KiboPush  Dashboard/span_Autoposting' is clicked on

2019-04-25 11:54:22 - [MESSAGE][PASSED] - Object: 'Object Repository/Page_KiboPush  Dashboard/span_Autoposting' is clicked on

2019-04-25 11:54:22 - [TEST_STEP][PASSED] - delay: Delayed 1 second(s)

2019-04-25 11:54:23 - [MESSAGE][PASSED] - Delayed 1 second(s)

2019-04-25 11:54:23 - [TEST_STEP][PASSED] - click: Object: 'Object Repository/Page_KiboPush  Dashboard/span_Sequence Messaging' is clicked on

2019-04-25 11:54:23 - [MESSAGE][PASSED] - Object: 'Object Repository/Page_KiboPush  Dashboard/span_Sequence Messaging' is clicked on

2019-04-25 11:54:23 - [TEST_STEP][PASSED] - scrollToPosition: Browser is scrolled to position x = 0, y = 0

2019-04-25 11:54:23 - [MESSAGE][PASSED] - Browser is scrolled to position x = 0, y = 0

2019-04-25 11:54:23 - [TEST_STEP][PASSED] - click: Object: 'Object Repository/Page_KiboPush  Sequence Messaging/h3_Sequence Messaging' is clicked on

2019-04-25 11:54:24 - [MESSAGE][PASSED] - Object: 'Object Repository/Page_KiboPush  Sequence Messaging/h3_Sequence Messaging' is clicked on

2019-04-25 11:54:24 - [TEST_STEP][PASSED] - delay: Delayed 1 second(s)

2019-04-25 11:54:25 - [MESSAGE][PASSED] - Delayed 1 second(s)

2019-04-25 11:54:25 - [MESSAGE][PASSED] - Call Test Case 'Test Cases/s-sidebar_navigation/individualAccount/sequenceMessaging' successfully

2019-04-25 11:54:25 - [MESSAGE][PASSED] - Call Test Case 'Test Cases/Sequence Messaging/Login' successfully

2019-04-25 11:54:25 - [MESSAGE][PASSED] - Call Test Case 'Test Cases/Sequence Messaging/Go_to_Seq_Messaging' successfully

2019-04-25 11:54:25 - [TEST_STEP][PASSED] - delay: Delayed 4 second(s)

2019-04-25 11:54:29 - [MESSAGE][PASSED] - Delayed 4 second(s)

2019-04-25 11:54:29 - [MESSAGE][PASSED] - Call Test Case 'Test Cases/Sequence Messaging/TC0980' successfully

2019-04-25 11:54:29 - [TEST_STEP][PASSED] - click: Object: 'Object Repository/Page_KiboPush  Sequence Messaging/span_Edit (1) (1)' is clicked on

2019-04-25 11:54:29 - [MESSAGE][PASSED] - Object: 'Object Repository/Page_KiboPush  Sequence Messaging/span_Edit (1) (1)' is clicked on

2019-04-25 11:54:29 - [TEST_STEP][PASSED] - delay: Delayed 2 second(s)

2019-04-25 11:54:31 - [MESSAGE][PASSED] - Delayed 2 second(s)

2019-04-25 11:54:31 - [TEST_STEP][PASSED] - click: Object: 'Object Repository/Page_KiboPush  Sequence Messaging/Delete Message Icon (1)' is clicked on

2019-04-25 11:54:31 - [MESSAGE][PASSED] - Object: 'Object Repository/Page_KiboPush  Sequence Messaging/Delete Message Icon (1)' is clicked on

2019-04-25 11:54:31 - [TEST_STEP][PASSED] - click: Object: 'Object Repository/Page_KiboPush  Sequence Messaging/button_Delete (3) (1)' is clicked on

2019-04-25 11:54:32 - [MESSAGE][PASSED] - Object: 'Object Repository/Page_KiboPush  Sequence Messaging/button_Delete (3) (1)' is clicked on

2019-04-25 11:54:32 - [TEST_STEP][PASSED] - delay: Delayed 4 second(s)

2019-04-25 11:54:35 - [MESSAGE][PASSED] - Delayed 4 second(s)

2019-04-25 11:54:35 - [TEST_STEP][PASSED] - scrollToPosition: Browser is scrolled to position x = 0, y = 0

2019-04-25 11:54:35 - [MESSAGE][PASSED] - Browser is scrolled to position x = 0, y = 0

2019-04-25 11:54:35 - [TEST_STEP][FAILED] - click: Unable to click on object 'Object Repository/Page_KiboPush  Sequence Messaging/button_Add Message (1) (1)' (Root cause: org.openqa.selenium.WebDriverException: unknown error: Element <button class="btn btn-primary m-btn m-btn--custom m-btn--icon m-btn--air m-btn--pill">...</button> is not clickable at point (1132, 134). Other element would receive the click: <div style="opacity: 1; overflow-y: auto; position: absolute; top: 0px; left: 0px; height: 100%; width: 100%; transition: opacity 0.3s ease 0s; cursor: pointer;">...</div>
  (Session info: chrome=73.0.3683.103)
  (Driver info: chromedriver=2.35.528161 (5b82f2d2aae0ca24b877009200ced9065a772e73),platform=Windows NT 10.0.17134 x86_64) (WARNING: The server did not provide any stacktrace information)
Command duration or timeout: 0 milliseconds
Build info: version: '3.7.1', revision: '8a0099a', time: '2017-11-06T21:07:36.161Z'
System info: host: 'DESKTOP-4M6R1V0', ip: '10.0.2.15', os.name: 'Windows 10', os.arch: 'amd64', os.version: '10.0', java.version: '1.8.0_181'
Driver info: com.kms.katalon.selenium.driver.CChromeDriver
Capabilities {acceptInsecureCerts: false, acceptSslCerts: false, applicationCacheEnabled: false, browserConnectionEnabled: false, browserName: chrome, chrome: {chromedriverVersion: 2.35.528161 (5b82f2d2aae0ca..., userDataDir: C:\Users\CLOUDK~1\AppData\L...}, cssSelectorsEnabled: true, databaseEnabled: false, handlesAlerts: true, hasTouchScreen: false, javascriptEnabled: true, locationContextEnabled: true, mobileEmulationEnabled: false, nativeEvents: true, networkConnectionEnabled: false, pageLoadStrategy: normal, platform: XP, platformName: XP, rotatable: false, setWindowRect: true, takesHeapSnapshot: true, takesScreenshot: true, unexpectedAlertBehaviour: , unhandledPromptBehavior: , version: 73.0.3683.103, webStorageEnabled: true}
Session ID: 13bd57776778cbb9f3029d782c686f0c)

2019-04-25 11:54:36 - [MESSAGE][FAILED] - Unable to click on object 'Object Repository/Page_KiboPush  Sequence Messaging/button_Add Message (1) (1)' (Root cause: org.openqa.selenium.WebDriverException: unknown error: Element <button class="btn btn-primary m-btn m-btn--custom m-btn--icon m-btn--air m-btn--pill">...</button> is not clickable at point (1132, 134). Other element would receive the click: <div style="opacity: 1; overflow-y: auto; position: absolute; top: 0px; left: 0px; height: 100%; width: 100%; transition: opacity 0.3s ease 0s; cursor: pointer;">...</div>
  (Session info: chrome=73.0.3683.103)
  (Driver info: chromedriver=2.35.528161 (5b82f2d2aae0ca24b877009200ced9065a772e73),platform=Windows NT 10.0.17134 x86_64) (WARNING: The server did not provide any stacktrace information)
Command duration or timeout: 0 milliseconds
Build info: version: '3.7.1', revision: '8a0099a', time: '2017-11-06T21:07:36.161Z'
System info: host: 'DESKTOP-4M6R1V0', ip: '10.0.2.15', os.name: 'Windows 10', os.arch: 'amd64', os.version: '10.0', java.version: '1.8.0_181'
Driver info: com.kms.katalon.selenium.driver.CChromeDriver
Capabilities {acceptInsecureCerts: false, acceptSslCerts: false, applicationCacheEnabled: false, browserConnectionEnabled: false, browserName: chrome, chrome: {chromedriverVersion: 2.35.528161 (5b82f2d2aae0ca..., userDataDir: C:\Users\CLOUDK~1\AppData\L...}, cssSelectorsEnabled: true, databaseEnabled: false, handlesAlerts: true, hasTouchScreen: false, javascriptEnabled: true, locationContextEnabled: true, mobileEmulationEnabled: false, nativeEvents: true, networkConnectionEnabled: false, pageLoadStrategy: normal, platform: XP, platformName: XP, rotatable: false, setWindowRect: true, takesHeapSnapshot: true, takesScreenshot: true, unexpectedAlertBehaviour: , unhandledPromptBehavior: , version: 73.0.3683.103, webStorageEnabled: true}
Session ID: 13bd57776778cbb9f3029d782c686f0c)
[[ATTACHMENT|C:\\Users\\cloudkibo\\Desktop\\KiboPush_Automated_Testing\\KiboPush Katalon\\Reports\\seq_message\\20190425_113648\\1556175275975.png]]]]></system-out>
         <system-err><![CDATA[2019-04-25 11:54:21 - [TEST_CASE][FAILED] - Test Cases/Sequence Messaging/TC1011: Test Cases/Sequence Messaging/TC1011 FAILED because (of) Unable to click on object 'Object Repository/Page_KiboPush  Sequence Messaging/button_Add Message (1) (1)' (Root cause: org.openqa.selenium.WebDriverException: unknown error: Element <button class="btn btn-primary m-btn m-btn--custom m-btn--icon m-btn--air m-btn--pill">...</button> is not clickable at point (1132, 134). Other element would receive the click: <div style="opacity: 1; overflow-y: auto; position: absolute; top: 0px; left: 0px; height: 100%; width: 100%; transition: opacity 0.3s ease 0s; cursor: pointer;">...</div>
  (Session info: chrome=73.0.3683.103)
  (Driver info: chromedriver=2.35.528161 (5b82f2d2aae0ca24b877009200ced9065a772e73),platform=Windows NT 10.0.17134 x86_64) (WARNING: The server did not provide any stacktrace information)
Command duration or timeout: 0 milliseconds
Build info: version: '3.7.1', revision: '8a0099a', time: '2017-11-06T21:07:36.161Z'
System info: host: 'DESKTOP-4M6R1V0', ip: '10.0.2.15', os.name: 'Windows 10', os.arch: 'amd64', os.version: '10.0', java.version: '1.8.0_181'
Driver info: com.kms.katalon.selenium.driver.CChromeDriver
Capabilities {acceptInsecureCerts: false, acceptSslCerts: false, applicationCacheEnabled: false, browserConnectionEnabled: false, browserName: chrome, chrome: {chromedriverVersion: 2.35.528161 (5b82f2d2aae0ca..., userDataDir: C:\Users\CLOUDK~1\AppData\L...}, cssSelectorsEnabled: true, databaseEnabled: false, handlesAlerts: true, hasTouchScreen: false, javascriptEnabled: true, locationContextEnabled: true, mobileEmulationEnabled: false, nativeEvents: true, networkConnectionEnabled: false, pageLoadStrategy: normal, platform: XP, platformName: XP, rotatable: false, setWindowRect: true, takesHeapSnapshot: true, takesScreenshot: true, unexpectedAlertBehaviour: , unhandledPromptBehavior: , version: 73.0.3683.103, webStorageEnabled: true}
Session ID: 13bd57776778cbb9f3029d782c686f0c)]]></system-err>
      </testcase>
      <system-out><![CDATA[2019-04-25 11:45:55 - [TEST_SUITE][FAILED] - seq_message: Test Cases/Sequence Messaging/TC1011 FAILED because (of) Unable to click on object 'Object Repository/Page_KiboPush  Sequence Messaging/button_Add Message (1) (1)' (Root cause: org.openqa.selenium.WebDriverException: unknown error: Element <button class="btn btn-primary m-btn m-btn--custom m-btn--icon m-btn--air m-btn--pill">...</button> is not clickable at point (1132, 134). Other element would receive the click: <div style="opacity: 1; overflow-y: auto; position: absolute; top: 0px; left: 0px; height: 100%; width: 100%; transition: opacity 0.3s ease 0s; cursor: pointer;">...</div>
  (Session info: chrome=73.0.3683.103)
  (Driver info: chromedriver=2.35.528161 (5b82f2d2aae0ca24b877009200ced9065a772e73),platform=Windows NT 10.0.17134 x86_64) (WARNING: The server did not provide any stacktrace information)
Command duration or timeout: 0 milliseconds
Build info: version: '3.7.1', revision: '8a0099a', time: '2017-11-06T21:07:36.161Z'
System info: host: 'DESKTOP-4M6R1V0', ip: '10.0.2.15', os.name: 'Windows 10', os.arch: 'amd64', os.version: '10.0', java.version: '1.8.0_181'
Driver info: com.kms.katalon.selenium.driver.CChromeDriver
Capabilities {acceptInsecureCerts: false, acceptSslCerts: false, applicationCacheEnabled: false, browserConnectionEnabled: false, browserName: chrome, chrome: {chromedriverVersion: 2.35.528161 (5b82f2d2aae0ca..., userDataDir: C:\Users\CLOUDK~1\AppData\L...}, cssSelectorsEnabled: true, databaseEnabled: false, handlesAlerts: true, hasTouchScreen: false, javascriptEnabled: true, locationContextEnabled: true, mobileEmulationEnabled: false, nativeEvents: true, networkConnectionEnabled: false, pageLoadStrategy: normal, platform: XP, platformName: XP, rotatable: false, setWindowRect: true, takesHeapSnapshot: true, takesScreenshot: true, unexpectedAlertBehaviour: , unhandledPromptBehavior: , version: 73.0.3683.103, webStorageEnabled: true}
Session ID: 13bd57776778cbb9f3029d782c686f0c)]]></system-out>
      <system-err><![CDATA[2019-04-25 11:45:55 - [TEST_SUITE][FAILED] - seq_message: Test Cases/Sequence Messaging/TC1011 FAILED because (of) Unable to click on object 'Object Repository/Page_KiboPush  Sequence Messaging/button_Add Message (1) (1)' (Root cause: org.openqa.selenium.WebDriverException: unknown error: Element <button class="btn btn-primary m-btn m-btn--custom m-btn--icon m-btn--air m-btn--pill">...</button> is not clickable at point (1132, 134). Other element would receive the click: <div style="opacity: 1; overflow-y: auto; position: absolute; top: 0px; left: 0px; height: 100%; width: 100%; transition: opacity 0.3s ease 0s; cursor: pointer;">...</div>
  (Session info: chrome=73.0.3683.103)
  (Driver info: chromedriver=2.35.528161 (5b82f2d2aae0ca24b877009200ced9065a772e73),platform=Windows NT 10.0.17134 x86_64) (WARNING: The server did not provide any stacktrace information)
Command duration or timeout: 0 milliseconds
Build info: version: '3.7.1', revision: '8a0099a', time: '2017-11-06T21:07:36.161Z'
System info: host: 'DESKTOP-4M6R1V0', ip: '10.0.2.15', os.name: 'Windows 10', os.arch: 'amd64', os.version: '10.0', java.version: '1.8.0_181'
Driver info: com.kms.katalon.selenium.driver.CChromeDriver
Capabilities {acceptInsecureCerts: false, acceptSslCerts: false, applicationCacheEnabled: false, browserConnectionEnabled: false, browserName: chrome, chrome: {chromedriverVersion: 2.35.528161 (5b82f2d2aae0ca..., userDataDir: C:\Users\CLOUDK~1\AppData\L...}, cssSelectorsEnabled: true, databaseEnabled: false, handlesAlerts: true, hasTouchScreen: false, javascriptEnabled: true, locationContextEnabled: true, mobileEmulationEnabled: false, nativeEvents: true, networkConnectionEnabled: false, pageLoadStrategy: normal, platform: XP, platformName: XP, rotatable: false, setWindowRect: true, takesHeapSnapshot: true, takesScreenshot: true, unexpectedAlertBehaviour: , unhandledPromptBehavior: , version: 73.0.3683.103, webStorageEnabled: true}
Session ID: 13bd57776778cbb9f3029d782c686f0c)]]></system-err>
   </testsuite>
</testsuites>
