<?xml version="1.0" encoding="UTF-8"?>
<testsuites name="SMS" time="78" tests="6" failures="0" errors="0">
   <testsuite name="SMS" tests="6" failures="0" errors="0" time="78" timestamp="2019-04-21 04:55:37" hostname="faizan - faizan-HP-EliteBook-850-G2" id="Test Suites/Faizan Suits/SMS">
      <properties>
         <property name="deviceName" value=""/>
         <property name="devicePlatform" value=""/>
         <property name="logFolder" value="/home/faizan/Drive/KiboPush_Automated_Testing/KiboPush Katalon/Reports/Faizan Suits/SMS/20190421_045529"/>
         <property name="logFiles" value="/home/faizan/Drive/KiboPush_Automated_Testing/KiboPush Katalon/Reports/Faizan Suits/SMS/20190421_045529/execution0.log"/>
         <property name="attachments" value=""/>
         <property name="hostName" value="faizan - faizan-HP-EliteBook-850-G2"/>
         <property name="os" value="Linux 64bit"/>
         <property name="katalonVersion" value="6.1.2.2"/>
         <property name="browser" value="Chrome 73.0.3683.103"/>
         <property name="hostAddress" value="127.0.1.1"/>
         <property name="sessionId" value="d4fb91ec8a38658beebb9d4c421d6a1a"/>
         <property name="seleniumVersion" value="3.7.1"/>
         <property name="proxyInformation" value="ProxyInformation{proxyOption=NO_PROXY, proxyServerType=HTTP, password=, proxyServerAddress=, proxyServerPort=0}"/>
         <property name="platform" value="Linux"/>
      </properties>
      <testcase name="Test Cases/s-sidebar_navigation/individualAccount/Faizan_production_login_kiboengage" classname="Test Cases/s-sidebar_navigation/individualAccount/Faizan_production_login_kiboengage" status="PASSED">
         <system-out><![CDATA[2019-04-21 04:55:38 - [TEST_CASE][PASSED] - Test Cases/s-sidebar_navigation/individualAccount/Faizan_production_login_kiboengage: Test Cases/s-sidebar_navigation/individualAccount/Faizan_production_login_kiboengage

2019-04-21 04:55:39 - [TEST_STEP][PASSED] - openBrowser(""): Browser is opened with url: ''

2019-04-21 04:55:39 - [MESSAGE][INFO] - Starting 'Chrome' driver

2019-04-21 04:55:39 - [MESSAGE][INFO] - User set preference: ['args', '[--no-sandbox]']

2019-04-21 04:55:39 - [MESSAGE][INFO] - Action delay is set to 0 seconds

2019-04-21 04:55:51 - [MESSAGE][PASSED] - Browser is opened with url: ''

2019-04-21 04:55:51 - [TEST_STEP][PASSED] - maximizeWindow(): Current window maximized

2019-04-21 04:55:51 - [MESSAGE][PASSED] - Current window maximized

2019-04-21 04:55:51 - [TEST_STEP][PASSED] - navigateToUrl("https://kiboengage.cloudkibo.com/"): Navigate to 'https://kiboengage.cloudkibo.com/' successfully

2019-04-21 04:55:59 - [MESSAGE][PASSED] - Navigate to 'https://kiboengage.cloudkibo.com/' successfully

2019-04-21 04:55:59 - [TEST_STEP][PASSED] - navigateToUrl("https://accounts.cloudkibo.com/?continue=https://kiboengage.cloudkibo.com"): Navigate to 'https://accounts.cloudkibo.com/?continue=https://kiboengage.cloudkibo.com' successfully

2019-04-21 04:55:59 - [MESSAGE][PASSED] - Navigate to 'https://accounts.cloudkibo.com/?continue=https://kiboengage.cloudkibo.com' successfully

2019-04-21 04:55:59 - [TEST_STEP][PASSED] - click(findTestObject("Page_CloudKibo/a_Login (2) (1) (1)")): Object: 'Object Repository/Page_CloudKibo/a_Login (2) (1) (1)' is clicked on

2019-04-21 04:56:01 - [MESSAGE][PASSED] - Object: 'Object Repository/Page_CloudKibo/a_Login (2) (1) (1)' is clicked on

2019-04-21 04:56:01 - [TEST_STEP][PASSED] - setText(findTestObject("Page_KiboPush/input_email (10) (1) (1)"), "faizan@cloudkibo.com"): Text 'faizan@cloudkibo.com' is set on object 'Object Repository/Page_KiboPush/input_email (10) (1) (1)'

2019-04-21 04:56:01 - [MESSAGE][PASSED] - Text 'faizan@cloudkibo.com' is set on object 'Object Repository/Page_KiboPush/input_email (10) (1) (1)'

2019-04-21 04:56:01 - [TEST_STEP][PASSED] - setEncryptedText(findTestObject("Page_CloudKibo/input_Sign In_password (7)"), "qeJ0sjJnwEs="): Text ****** has been set on object 'Object Repository/Page_CloudKibo/input_Sign In_password (7)'

2019-04-21 04:56:01 - [MESSAGE][PASSED] - Text ****** has been set on object 'Object Repository/Page_CloudKibo/input_Sign In_password (7)'

2019-04-21 04:56:01 - [TEST_STEP][PASSED] - click(findTestObject("Page_KiboPush/button_Sign In (10) (1) (2)")): Object: 'Object Repository/Page_KiboPush/button_Sign In (10) (1) (2)' is clicked on

2019-04-21 04:56:01 - [MESSAGE][PASSED] - Object: 'Object Repository/Page_KiboPush/button_Sign In (10) (1) (2)' is clicked on

2019-04-21 04:56:01 - [TEST_STEP][PASSED] - navigateToUrl("https://kiboengage.cloudkibo.com/dashboard"): Navigate to 'https://kiboengage.cloudkibo.com/dashboard' successfully

2019-04-21 04:56:24 - [MESSAGE][PASSED] - Navigate to 'https://kiboengage.cloudkibo.com/dashboard' successfully

2019-04-21 04:56:24 - [TEST_STEP][PASSED] - click(findTestObject("Page_KiboPush  Dashboard/h3_Dashboard (57)")): Object: 'Object Repository/Page_KiboPush  Dashboard/h3_Dashboard (57)' is clicked on

2019-04-21 04:56:24 - [MESSAGE][PASSED] - Object: 'Object Repository/Page_KiboPush  Dashboard/h3_Dashboard (57)' is clicked on

2019-04-21 04:56:24 - [TEST_STEP][PASSED] - delay(3): Delayed 3 second(s)

2019-04-21 04:56:27 - [MESSAGE][PASSED] - Delayed 3 second(s)

2019-04-21 04:56:27 - [TEST_STEP][PASSED] - click(findTestObject("Page_KiboEngage  Dashboard/a_SMS (2) (1) (1) (1) (3)")): Object: 'Object Repository/Page_KiboEngage  Dashboard/a_SMS (2) (1) (1) (1) (3)' is clicked on

2019-04-21 04:56:28 - [MESSAGE][PASSED] - Object: 'Object Repository/Page_KiboEngage  Dashboard/a_SMS (2) (1) (1) (1) (3)' is clicked on

2019-04-21 04:56:28 - [TEST_STEP][PASSED] - click(findTestObject("Page_KiboEngage  Dashboard/span_Messenger (1) (1) (1) (3)")): Object: 'Object Repository/Page_KiboEngage  Dashboard/span_Messenger (1) (1) (1) (3)' is clicked on

2019-04-21 04:56:28 - [MESSAGE][PASSED] - Object: 'Object Repository/Page_KiboEngage  Dashboard/span_Messenger (1) (1) (1) (3)' is clicked on]]></system-out>
         <system-err><![CDATA[]]></system-err>
      </testcase>
      <testcase name="Test Cases/SMS/contacts/TC11149" classname="Test Cases/SMS/contacts/TC11149" status="PASSED">
         <system-out><![CDATA[2019-04-21 04:56:28 - [TEST_CASE][PASSED] - Test Cases/SMS/contacts/TC11149: Test Cases/SMS/contacts/TC11149

2019-04-21 04:56:28 - [TEST_STEP][PASSED] - callTestCase(findTestCase("SMS/SMSPlatform"), [:], STOP_ON_FAILURE): Call Test Case 'Test Cases/SMS/SMSPlatform' successfully

2019-04-21 04:56:29 - [TEST_CASE][PASSED] - Test Cases/SMS/SMSPlatform: Test Cases/SMS/SMSPlatform

2019-04-21 04:56:29 - [TEST_STEP][PASSED] - click(findTestObject("Page_KiboEngage  Dashboard/a_SMS (1)")): Object: 'Object Repository/Page_KiboEngage  Dashboard/a_SMS (1)' is clicked on

2019-04-21 04:56:29 - [MESSAGE][PASSED] - Object: 'Object Repository/Page_KiboEngage  Dashboard/a_SMS (1)' is clicked on

2019-04-21 04:56:29 - [TEST_STEP][PASSED] - click(findTestObject("Page_KiboEngage  Dashboard/span_SMS (1)")): Object: 'Object Repository/Page_KiboEngage  Dashboard/span_SMS (1)' is clicked on

2019-04-21 04:56:29 - [MESSAGE][PASSED] - Object: 'Object Repository/Page_KiboEngage  Dashboard/span_SMS (1)' is clicked on

2019-04-21 04:56:29 - [TEST_STEP][PASSED] - delay(1): Delayed 1 second(s)

2019-04-21 04:56:30 - [MESSAGE][PASSED] - Delayed 1 second(s)

2019-04-21 04:56:30 - [TEST_STEP][PASSED] - click(findTestObject("Page_KiboPush  Dashboard/span_Dashboard")): Object: 'Object Repository/Page_KiboPush  Dashboard/span_Dashboard' is clicked on

2019-04-21 04:56:31 - [MESSAGE][PASSED] - Object: 'Object Repository/Page_KiboPush  Dashboard/span_Dashboard' is clicked on

2019-04-21 04:56:31 - [TEST_STEP][PASSED] - delay(1): Delayed 1 second(s)

2019-04-21 04:56:32 - [MESSAGE][PASSED] - Delayed 1 second(s)

2019-04-21 04:56:32 - [TEST_STEP][PASSED] - click(findTestObject("Page_KiboEngage  Dashboard/span_Subscribers (1)")): Object: 'Object Repository/Page_KiboEngage  Dashboard/span_Subscribers (1)' is clicked on

2019-04-21 04:56:32 - [MESSAGE][PASSED] - Object: 'Object Repository/Page_KiboEngage  Dashboard/span_Subscribers (1)' is clicked on

2019-04-21 04:56:32 - [TEST_STEP][PASSED] - delay(1): Delayed 1 second(s)

2019-04-21 04:56:33 - [MESSAGE][PASSED] - Delayed 1 second(s)

2019-04-21 04:56:33 - [MESSAGE][PASSED] - Call Test Case 'Test Cases/SMS/SMSPlatform' successfully]]></system-out>
         <system-err><![CDATA[]]></system-err>
      </testcase>
      <testcase name="Test Cases/SMS/contacts/TC11150" classname="Test Cases/SMS/contacts/TC11150" status="PASSED">
         <system-out><![CDATA[2019-04-21 04:56:33 - [TEST_CASE][PASSED] - Test Cases/SMS/contacts/TC11150: Test Cases/SMS/contacts/TC11150

2019-04-21 04:56:33 - [TEST_STEP][PASSED] - callTestCase(findTestCase("SMS/SMSPlatform"), [:], STOP_ON_FAILURE): Call Test Case 'Test Cases/SMS/SMSPlatform' successfully

2019-04-21 04:56:34 - [TEST_CASE][PASSED] - Test Cases/SMS/SMSPlatform: Test Cases/SMS/SMSPlatform

2019-04-21 04:56:34 - [TEST_STEP][PASSED] - click(findTestObject("Page_KiboEngage  Dashboard/a_SMS (1)")): Object: 'Object Repository/Page_KiboEngage  Dashboard/a_SMS (1)' is clicked on

2019-04-21 04:56:34 - [MESSAGE][PASSED] - Object: 'Object Repository/Page_KiboEngage  Dashboard/a_SMS (1)' is clicked on

2019-04-21 04:56:34 - [TEST_STEP][PASSED] - click(findTestObject("Page_KiboEngage  Dashboard/span_SMS (1)")): Object: 'Object Repository/Page_KiboEngage  Dashboard/span_SMS (1)' is clicked on

2019-04-21 04:56:34 - [MESSAGE][PASSED] - Object: 'Object Repository/Page_KiboEngage  Dashboard/span_SMS (1)' is clicked on

2019-04-21 04:56:34 - [TEST_STEP][PASSED] - delay(1): Delayed 1 second(s)

2019-04-21 04:56:35 - [MESSAGE][PASSED] - Delayed 1 second(s)

2019-04-21 04:56:35 - [TEST_STEP][PASSED] - click(findTestObject("Page_KiboPush  Dashboard/span_Dashboard")): Object: 'Object Repository/Page_KiboPush  Dashboard/span_Dashboard' is clicked on

2019-04-21 04:56:35 - [MESSAGE][PASSED] - Object: 'Object Repository/Page_KiboPush  Dashboard/span_Dashboard' is clicked on

2019-04-21 04:56:35 - [TEST_STEP][PASSED] - delay(1): Delayed 1 second(s)

2019-04-21 04:56:36 - [MESSAGE][PASSED] - Delayed 1 second(s)

2019-04-21 04:56:36 - [TEST_STEP][PASSED] - click(findTestObject("Page_KiboEngage  Dashboard/span_Subscribers (1)")): Object: 'Object Repository/Page_KiboEngage  Dashboard/span_Subscribers (1)' is clicked on

2019-04-21 04:56:36 - [MESSAGE][PASSED] - Object: 'Object Repository/Page_KiboEngage  Dashboard/span_Subscribers (1)' is clicked on

2019-04-21 04:56:36 - [TEST_STEP][PASSED] - delay(1): Delayed 1 second(s)

2019-04-21 04:56:37 - [MESSAGE][PASSED] - Delayed 1 second(s)

2019-04-21 04:56:37 - [MESSAGE][PASSED] - Call Test Case 'Test Cases/SMS/SMSPlatform' successfully

2019-04-21 04:56:37 - [TEST_STEP][PASSED] - click(findTestObject("Object Repository/Page_KiboEngage  Subscribers/h3_Subscribers")): Object: 'Object Repository/Page_KiboEngage  Subscribers/h3_Subscribers' is clicked on

2019-04-21 04:56:38 - [MESSAGE][PASSED] - Object: 'Object Repository/Page_KiboEngage  Subscribers/h3_Subscribers' is clicked on

2019-04-21 04:56:38 - [TEST_STEP][PASSED] - delay(1): Delayed 1 second(s)

2019-04-21 04:56:39 - [MESSAGE][PASSED] - Delayed 1 second(s)

2019-04-21 04:56:39 - [TEST_STEP][PASSED] - driver = getWebDriver(): null

2019-04-21 04:56:39 - [TEST_STEP][PASSED] - Table = driver.findElement(By.xpath("//*[@id="ajax_data"]/table/tbody")): null

2019-04-21 04:56:39 - [TEST_STEP][PASSED] - rows_table = Table.findElements(By.tagName("tr")): null

2019-04-21 04:56:39 - [TEST_STEP][PASSED] - verifyGreaterThanOrEqual(rows_table.size(), 1): Actual number '5' is greater than or equal to expected number '1'

2019-04-21 04:56:39 - [MESSAGE][PASSED] - Actual number '5' is greater than or equal to expected number '1']]></system-out>
         <system-err><![CDATA[]]></system-err>
      </testcase>
      <testcase name="Test Cases/SMS/contacts/TC11151" classname="Test Cases/SMS/contacts/TC11151" status="PASSED">
         <system-out><![CDATA[2019-04-21 04:56:39 - [TEST_CASE][PASSED] - Test Cases/SMS/contacts/TC11151: Test Cases/SMS/contacts/TC11151

2019-04-21 04:56:39 - [TEST_STEP][PASSED] - callTestCase(findTestCase("SMS/SMSPlatform"), [:], STOP_ON_FAILURE): Call Test Case 'Test Cases/SMS/SMSPlatform' successfully

2019-04-21 04:56:39 - [TEST_CASE][PASSED] - Test Cases/SMS/SMSPlatform: Test Cases/SMS/SMSPlatform

2019-04-21 04:56:39 - [TEST_STEP][PASSED] - click(findTestObject("Page_KiboEngage  Dashboard/a_SMS (1)")): Object: 'Object Repository/Page_KiboEngage  Dashboard/a_SMS (1)' is clicked on

2019-04-21 04:56:40 - [MESSAGE][PASSED] - Object: 'Object Repository/Page_KiboEngage  Dashboard/a_SMS (1)' is clicked on

2019-04-21 04:56:40 - [TEST_STEP][PASSED] - click(findTestObject("Page_KiboEngage  Dashboard/span_SMS (1)")): Object: 'Object Repository/Page_KiboEngage  Dashboard/span_SMS (1)' is clicked on

2019-04-21 04:56:40 - [MESSAGE][PASSED] - Object: 'Object Repository/Page_KiboEngage  Dashboard/span_SMS (1)' is clicked on

2019-04-21 04:56:40 - [TEST_STEP][PASSED] - delay(1): Delayed 1 second(s)

2019-04-21 04:56:41 - [MESSAGE][PASSED] - Delayed 1 second(s)

2019-04-21 04:56:41 - [TEST_STEP][PASSED] - click(findTestObject("Page_KiboPush  Dashboard/span_Dashboard")): Object: 'Object Repository/Page_KiboPush  Dashboard/span_Dashboard' is clicked on

2019-04-21 04:56:41 - [MESSAGE][PASSED] - Object: 'Object Repository/Page_KiboPush  Dashboard/span_Dashboard' is clicked on

2019-04-21 04:56:41 - [TEST_STEP][PASSED] - delay(1): Delayed 1 second(s)

2019-04-21 04:56:42 - [MESSAGE][PASSED] - Delayed 1 second(s)

2019-04-21 04:56:42 - [TEST_STEP][PASSED] - click(findTestObject("Page_KiboEngage  Dashboard/span_Subscribers (1)")): Object: 'Object Repository/Page_KiboEngage  Dashboard/span_Subscribers (1)' is clicked on

2019-04-21 04:56:43 - [MESSAGE][PASSED] - Object: 'Object Repository/Page_KiboEngage  Dashboard/span_Subscribers (1)' is clicked on

2019-04-21 04:56:43 - [TEST_STEP][PASSED] - delay(1): Delayed 1 second(s)

2019-04-21 04:56:44 - [MESSAGE][PASSED] - Delayed 1 second(s)

2019-04-21 04:56:44 - [MESSAGE][PASSED] - Call Test Case 'Test Cases/SMS/SMSPlatform' successfully

2019-04-21 04:56:44 - [TEST_STEP][PASSED] - click(findTestObject("Object Repository/Page_KiboEngage  Subscribers/a_next")): Object: 'Object Repository/Page_KiboEngage  Subscribers/a_next' is clicked on

2019-04-21 04:56:44 - [MESSAGE][PASSED] - Object: 'Object Repository/Page_KiboEngage  Subscribers/a_next' is clicked on]]></system-out>
         <system-err><![CDATA[]]></system-err>
      </testcase>
      <testcase name="Test Cases/SMS/contacts/TC11152" classname="Test Cases/SMS/contacts/TC11152" status="PASSED">
         <system-out><![CDATA[2019-04-21 04:56:44 - [TEST_CASE][PASSED] - Test Cases/SMS/contacts/TC11152: Test Cases/SMS/contacts/TC11152

2019-04-21 04:56:44 - [TEST_STEP][PASSED] - callTestCase(findTestCase("SMS/SMSPlatform"), [:], STOP_ON_FAILURE): Call Test Case 'Test Cases/SMS/SMSPlatform' successfully

2019-04-21 04:56:44 - [TEST_CASE][PASSED] - Test Cases/SMS/SMSPlatform: Test Cases/SMS/SMSPlatform

2019-04-21 04:56:44 - [TEST_STEP][PASSED] - click(findTestObject("Page_KiboEngage  Dashboard/a_SMS (1)")): Object: 'Object Repository/Page_KiboEngage  Dashboard/a_SMS (1)' is clicked on

2019-04-21 04:56:44 - [MESSAGE][PASSED] - Object: 'Object Repository/Page_KiboEngage  Dashboard/a_SMS (1)' is clicked on

2019-04-21 04:56:44 - [TEST_STEP][PASSED] - click(findTestObject("Page_KiboEngage  Dashboard/span_SMS (1)")): Object: 'Object Repository/Page_KiboEngage  Dashboard/span_SMS (1)' is clicked on

2019-04-21 04:56:45 - [MESSAGE][PASSED] - Object: 'Object Repository/Page_KiboEngage  Dashboard/span_SMS (1)' is clicked on

2019-04-21 04:56:45 - [TEST_STEP][PASSED] - delay(1): Delayed 1 second(s)

2019-04-21 04:56:46 - [MESSAGE][PASSED] - Delayed 1 second(s)

2019-04-21 04:56:46 - [TEST_STEP][PASSED] - click(findTestObject("Page_KiboPush  Dashboard/span_Dashboard")): Object: 'Object Repository/Page_KiboPush  Dashboard/span_Dashboard' is clicked on

2019-04-21 04:56:46 - [MESSAGE][PASSED] - Object: 'Object Repository/Page_KiboPush  Dashboard/span_Dashboard' is clicked on

2019-04-21 04:56:46 - [TEST_STEP][PASSED] - delay(1): Delayed 1 second(s)

2019-04-21 04:56:47 - [MESSAGE][PASSED] - Delayed 1 second(s)

2019-04-21 04:56:47 - [TEST_STEP][PASSED] - click(findTestObject("Page_KiboEngage  Dashboard/span_Subscribers (1)")): Object: 'Object Repository/Page_KiboEngage  Dashboard/span_Subscribers (1)' is clicked on

2019-04-21 04:56:47 - [MESSAGE][PASSED] - Object: 'Object Repository/Page_KiboEngage  Dashboard/span_Subscribers (1)' is clicked on

2019-04-21 04:56:47 - [TEST_STEP][PASSED] - delay(1): Delayed 1 second(s)

2019-04-21 04:56:48 - [MESSAGE][PASSED] - Delayed 1 second(s)

2019-04-21 04:56:48 - [MESSAGE][PASSED] - Call Test Case 'Test Cases/SMS/SMSPlatform' successfully

2019-04-21 04:56:48 - [TEST_STEP][PASSED] - click(findTestObject("Object Repository/Page_KiboEngage  Subscribers/a_previous")): Object: 'Object Repository/Page_KiboEngage  Subscribers/a_previous' is clicked on

2019-04-21 04:56:48 - [MESSAGE][PASSED] - Object: 'Object Repository/Page_KiboEngage  Subscribers/a_previous' is clicked on]]></system-out>
         <system-err><![CDATA[]]></system-err>
      </testcase>
      <testcase name="Test Cases/SMS/contacts/TC11153" classname="Test Cases/SMS/contacts/TC11153" status="PASSED">
         <system-out><![CDATA[2019-04-21 04:56:48 - [TEST_CASE][PASSED] - Test Cases/SMS/contacts/TC11153: Test Cases/SMS/contacts/TC11153

2019-04-21 04:56:49 - [TEST_STEP][PASSED] - callTestCase(findTestCase("SMS/SMSPlatform"), [:], STOP_ON_FAILURE): Call Test Case 'Test Cases/SMS/SMSPlatform' successfully

2019-04-21 04:56:49 - [TEST_CASE][PASSED] - Test Cases/SMS/SMSPlatform: Test Cases/SMS/SMSPlatform

2019-04-21 04:56:49 - [TEST_STEP][PASSED] - click(findTestObject("Page_KiboEngage  Dashboard/a_SMS (1)")): Object: 'Object Repository/Page_KiboEngage  Dashboard/a_SMS (1)' is clicked on

2019-04-21 04:56:49 - [MESSAGE][PASSED] - Object: 'Object Repository/Page_KiboEngage  Dashboard/a_SMS (1)' is clicked on

2019-04-21 04:56:49 - [TEST_STEP][PASSED] - click(findTestObject("Page_KiboEngage  Dashboard/span_SMS (1)")): Object: 'Object Repository/Page_KiboEngage  Dashboard/span_SMS (1)' is clicked on

2019-04-21 04:56:49 - [MESSAGE][PASSED] - Object: 'Object Repository/Page_KiboEngage  Dashboard/span_SMS (1)' is clicked on

2019-04-21 04:56:49 - [TEST_STEP][PASSED] - delay(1): Delayed 1 second(s)

2019-04-21 04:56:50 - [MESSAGE][PASSED] - Delayed 1 second(s)

2019-04-21 04:56:50 - [TEST_STEP][PASSED] - click(findTestObject("Page_KiboPush  Dashboard/span_Dashboard")): Object: 'Object Repository/Page_KiboPush  Dashboard/span_Dashboard' is clicked on

2019-04-21 04:56:50 - [MESSAGE][PASSED] - Object: 'Object Repository/Page_KiboPush  Dashboard/span_Dashboard' is clicked on

2019-04-21 04:56:50 - [TEST_STEP][PASSED] - delay(1): Delayed 1 second(s)

2019-04-21 04:56:51 - [MESSAGE][PASSED] - Delayed 1 second(s)

2019-04-21 04:56:51 - [TEST_STEP][PASSED] - click(findTestObject("Page_KiboEngage  Dashboard/span_Subscribers (1)")): Object: 'Object Repository/Page_KiboEngage  Dashboard/span_Subscribers (1)' is clicked on

2019-04-21 04:56:52 - [MESSAGE][PASSED] - Object: 'Object Repository/Page_KiboEngage  Dashboard/span_Subscribers (1)' is clicked on

2019-04-21 04:56:52 - [TEST_STEP][PASSED] - delay(1): Delayed 1 second(s)

2019-04-21 04:56:53 - [MESSAGE][PASSED] - Delayed 1 second(s)

2019-04-21 04:56:53 - [MESSAGE][PASSED] - Call Test Case 'Test Cases/SMS/SMSPlatform' successfully

2019-04-21 04:56:53 - [TEST_STEP][PASSED] - click(findTestObject("Object Repository/Page_KiboEngage  Subscribers/a_previous")): Object: 'Object Repository/Page_KiboEngage  Subscribers/a_previous' is clicked on

2019-04-21 04:56:53 - [MESSAGE][PASSED] - Object: 'Object Repository/Page_KiboEngage  Subscribers/a_previous' is clicked on]]></system-out>
         <system-err><![CDATA[]]></system-err>
      </testcase>
      <system-out><![CDATA[2019-04-21 04:55:37 - [TEST_SUITE][PASSED] - SMS: Test Cases/SMS/contacts/TC11153]]></system-out>
      <system-err><![CDATA[]]></system-err>
   </testsuite>
</testsuites>
