<?xml version="1.0" encoding="UTF-8"?>
<testsuites name="operationalDashboard" time="1086" tests="13" failures="32" errors="22">
   <testsuite name="operationalDashboard" tests="13" failures="32" errors="22" time="1086" timestamp="2019-04-26 10:58:00" hostname="cloudkibo - 10.0.2.15" id="Test Suites/operationalDashboard">
      <properties>
         <property name="deviceName" value=""/>
         <property name="devicePlatform" value=""/>
         <property name="logFolder" value="C:\\Users\\cloudkibo\\Desktop\\KiboPush_Automated_Testing\\KiboPush Katalon\\Reports\\operationalDashboard\\20190426_105757"/>
         <property name="logFiles" value="C:\\Users\\cloudkibo\\Desktop\\KiboPush_Automated_Testing\\KiboPush Katalon\\Reports\\operationalDashboard\\20190426_105757\\execution0.log"/>
         <property name="attachments" value="C:\\Users\\cloudkibo\\Desktop\\KiboPush_Automated_Testing\\KiboPush Katalon\\Reports\\operationalDashboard\\20190426_105757\\1556258327170.png, C:\\Users\\cloudkibo\\Desktop\\KiboPush_Automated_Testing\\KiboPush Katalon\\Reports\\operationalDashboard\\20190426_105757\\1556258459233.png, C:\\Users\\cloudkibo\\Desktop\\KiboPush_Automated_Testing\\KiboPush Katalon\\Reports\\operationalDashboard\\20190426_105757\\1556258498888.png, C:\\Users\\cloudkibo\\Desktop\\KiboPush_Automated_Testing\\KiboPush Katalon\\Reports\\operationalDashboard\\20190426_105757\\1556258956906.png, C:\\Users\\cloudkibo\\Desktop\\KiboPush_Automated_Testing\\KiboPush Katalon\\Reports\\operationalDashboard\\20190426_105757\\1556258994251.png, C:\\Users\\cloudkibo\\Desktop\\KiboPush_Automated_Testing\\KiboPush Katalon\\Reports\\operationalDashboard\\20190426_105757\\1556259031668.png, C:\\Users\\cloudkibo\\Desktop\\KiboPush_Automated_Testing\\KiboPush Katalon\\Reports\\operationalDashboard\\20190426_105757\\1556259067927.png, C:\\Users\\cloudkibo\\Desktop\\KiboPush_Automated_Testing\\KiboPush Katalon\\Reports\\operationalDashboard\\20190426_105757\\1556259104467.png, C:\\Users\\cloudkibo\\Desktop\\KiboPush_Automated_Testing\\KiboPush Katalon\\Reports\\operationalDashboard\\20190426_105757\\1556259140736.png, C:\\Users\\cloudkibo\\Desktop\\KiboPush_Automated_Testing\\KiboPush Katalon\\Reports\\operationalDashboard\\20190426_105757\\1556259177426.png, C:\\Users\\cloudkibo\\Desktop\\KiboPush_Automated_Testing\\KiboPush Katalon\\Reports\\operationalDashboard\\20190426_105757\\1556259214438.png, C:\\Users\\cloudkibo\\Desktop\\KiboPush_Automated_Testing\\KiboPush Katalon\\Reports\\operationalDashboard\\20190426_105757\\1556259251927.png, C:\\Users\\cloudkibo\\Desktop\\KiboPush_Automated_Testing\\KiboPush Katalon\\Reports\\operationalDashboard\\20190426_105757\\1556259288666.png"/>
         <property name="hostName" value="cloudkibo - 10.0.2.15"/>
         <property name="os" value="Windows 10 64bit"/>
         <property name="katalonVersion" value="5.6.0.1"/>
         <property name="browser" value="Chrome 73.0.3683.103"/>
         <property name="hostAddress" value="10.0.2.15"/>
         <property name="sessionId" value="e30c37e72384922c98aa97af135c90bb"/>
         <property name="seleniumVersion" value="3.7.1"/>
         <property name="proxyInformation" value="ProxyInformation{proxyOption=NO_PROXY, proxyServerType=HTTP, password=, proxyServerAddress=, proxyServerPort=0}"/>
         <property name="platform" value="Windows 10"/>
      </properties>
      <testcase name="Test Cases/s-sidebar_navigation/individualAccount/arveen_production_login_kiboengage" classname="Test Cases/s-sidebar_navigation/individualAccount/arveen_production_login_kiboengage" status="PASSED">
         <system-out><![CDATA[2019-04-26 10:58:01 - [TEST_CASE][PASSED] - Test Cases/s-sidebar_navigation/individualAccount/arveen_production_login_kiboengage: Test Cases/s-sidebar_navigation/individualAccount/arveen_production_login_kiboengage

2019-04-26 10:58:02 - [TEST_STEP][PASSED] - openBrowser: Browser is opened with url: ''

2019-04-26 10:58:09 - [MESSAGE][PASSED] - Browser is opened with url: ''

2019-04-26 10:58:09 - [TEST_STEP][PASSED] - maximizeWindow: Current window maximized

2019-04-26 10:58:10 - [MESSAGE][PASSED] - Current window maximized

2019-04-26 10:58:10 - [TEST_STEP][PASSED] - navigateToUrl: Navigate to 'https://kiboengage.cloudkibo.com/' successfully

2019-04-26 10:58:20 - [MESSAGE][PASSED] - Navigate to 'https://kiboengage.cloudkibo.com/' successfully

2019-04-26 10:58:20 - [TEST_STEP][PASSED] - navigateToUrl: Navigate to 'https://accounts.cloudkibo.com/?continue=https://kiboengage.cloudkibo.com' successfully

2019-04-26 10:58:21 - [MESSAGE][PASSED] - Navigate to 'https://accounts.cloudkibo.com/?continue=https://kiboengage.cloudkibo.com' successfully

2019-04-26 10:58:21 - [TEST_STEP][PASSED] - click: Object: 'Object Repository/Page_CloudKibo/a_Login (2) (1) (1)' is clicked on

2019-04-26 10:58:23 - [MESSAGE][PASSED] - Object: 'Object Repository/Page_CloudKibo/a_Login (2) (1) (1)' is clicked on

2019-04-26 10:58:23 - [TEST_STEP][PASSED] - setText: Text 'individual@cloudkibo.com' is set on object 'Object Repository/Page_KiboPush/input_email (10) (1) (1)'

2019-04-26 10:58:23 - [MESSAGE][PASSED] - Text 'individual@cloudkibo.com' is set on object 'Object Repository/Page_KiboPush/input_email (10) (1) (1)'

2019-04-26 10:58:23 - [TEST_STEP][PASSED] - setEncryptedText: Text ****** has been set on object 'Object Repository/Page_CloudKibo/input_Sign In_password (7)'

2019-04-26 10:58:23 - [MESSAGE][PASSED] - Text ****** has been set on object 'Object Repository/Page_CloudKibo/input_Sign In_password (7)'

2019-04-26 10:58:23 - [TEST_STEP][PASSED] - click: Object: 'Object Repository/Page_KiboPush/button_Sign In (10) (1) (2)' is clicked on

2019-04-26 10:58:23 - [MESSAGE][PASSED] - Object: 'Object Repository/Page_KiboPush/button_Sign In (10) (1) (2)' is clicked on

2019-04-26 10:58:23 - [TEST_STEP][PASSED] - click: Object: 'Object Repository/Page_KiboPush  Dashboard/h3_Dashboard (57)' is clicked on

2019-04-26 10:58:34 - [MESSAGE][PASSED] - Object: 'Object Repository/Page_KiboPush  Dashboard/h3_Dashboard (57)' is clicked on

2019-04-26 10:58:34 - [TEST_STEP][PASSED] - delay: Delayed 3 second(s)

2019-04-26 10:58:37 - [MESSAGE][PASSED] - Delayed 3 second(s)

2019-04-26 10:58:37 - [TEST_STEP][PASSED] - click: Object: 'Object Repository/Page_KiboEngage  Dashboard/a_SMS (2) (1) (1) (1) (3)' is clicked on

2019-04-26 10:58:37 - [MESSAGE][PASSED] - Object: 'Object Repository/Page_KiboEngage  Dashboard/a_SMS (2) (1) (1) (1) (3)' is clicked on

2019-04-26 10:58:37 - [TEST_STEP][PASSED] - delay: Delayed 2 second(s)

2019-04-26 10:58:39 - [MESSAGE][PASSED] - Delayed 2 second(s)

2019-04-26 10:58:39 - [TEST_STEP][PASSED] - click: Object: 'Object Repository/Page_KiboEngage  Dashboard/span_Messenger (1) (1) (1) (3)' is clicked on

2019-04-26 10:58:39 - [MESSAGE][PASSED] - Object: 'Object Repository/Page_KiboEngage  Dashboard/span_Messenger (1) (1) (1) (3)' is clicked on

2019-04-26 10:58:39 - [TEST_STEP][PASSED] - delay: Delayed 2 second(s)

2019-04-26 10:58:41 - [MESSAGE][PASSED] - Delayed 2 second(s)]]></system-out>
         <system-err><![CDATA[]]></system-err>
      </testcase>
      <testcase name="Test Cases/Operational_Dashboard/115" classname="Test Cases/Operational_Dashboard/115" status="FAILED">
         <failure type="FAILED" message="Unable to click on object 'Object Repository/Page_KiboEngage  Operational Dashbo/h3_Pages Info (4)' (Root cause: org.openqa.selenium.WebDriverException: unknown error: Element &lt;h3 class=&quot;m-portlet__head-text&quot;>...&lt;/h3> is not clickable at point (359, 35). Other element would receive the click: &lt;span>...&lt;/span>
  (Session info: chrome=73.0.3683.103)
  (Driver info: chromedriver=2.35.528161 (5b82f2d2aae0ca24b877009200ced9065a772e73),platform=Windows NT 10.0.17134 x86_64) (WARNING: The server did not provide any stacktrace information)
Command duration or timeout: 0 milliseconds
Build info: version: '3.7.1', revision: '8a0099a', time: '2017-11-06T21:07:36.161Z'
System info: host: 'DESKTOP-4M6R1V0', ip: '10.0.2.15', os.name: 'Windows 10', os.arch: 'amd64', os.version: '10.0', java.version: '1.8.0_181'
Driver info: com.kms.katalon.selenium.driver.CChromeDriver
Capabilities {acceptInsecureCerts: false, acceptSslCerts: false, applicationCacheEnabled: false, browserConnectionEnabled: false, browserName: chrome, chrome: {chromedriverVersion: 2.35.528161 (5b82f2d2aae0ca..., userDataDir: C:\Users\CLOUDK~1\AppData\L...}, cssSelectorsEnabled: true, databaseEnabled: false, handlesAlerts: true, hasTouchScreen: false, javascriptEnabled: true, locationContextEnabled: true, mobileEmulationEnabled: false, nativeEvents: true, networkConnectionEnabled: false, pageLoadStrategy: normal, platform: XP, platformName: XP, rotatable: false, setWindowRect: true, takesHeapSnapshot: true, takesScreenshot: true, unexpectedAlertBehaviour: , unhandledPromptBehavior: , version: 73.0.3683.103, webStorageEnabled: true}
Session ID: e30c37e72384922c98aa97af135c90bb)"/>
         <system-out><![CDATA[2019-04-26 10:58:41 - [TEST_CASE][FAILED] - Test Cases/Operational_Dashboard/115: Test Cases/Operational_Dashboard/115 FAILED because (of) Unable to click on object 'Object Repository/Page_KiboEngage  Operational Dashbo/h3_Pages Info (4)' (Root cause: org.openqa.selenium.WebDriverException: unknown error: Element <h3 class="m-portlet__head-text">...</h3> is not clickable at point (359, 35). Other element would receive the click: <span>...</span>
  (Session info: chrome=73.0.3683.103)
  (Driver info: chromedriver=2.35.528161 (5b82f2d2aae0ca24b877009200ced9065a772e73),platform=Windows NT 10.0.17134 x86_64) (WARNING: The server did not provide any stacktrace information)
Command duration or timeout: 0 milliseconds
Build info: version: '3.7.1', revision: '8a0099a', time: '2017-11-06T21:07:36.161Z'
System info: host: 'DESKTOP-4M6R1V0', ip: '10.0.2.15', os.name: 'Windows 10', os.arch: 'amd64', os.version: '10.0', java.version: '1.8.0_181'
Driver info: com.kms.katalon.selenium.driver.CChromeDriver
Capabilities {acceptInsecureCerts: false, acceptSslCerts: false, applicationCacheEnabled: false, browserConnectionEnabled: false, browserName: chrome, chrome: {chromedriverVersion: 2.35.528161 (5b82f2d2aae0ca..., userDataDir: C:\Users\CLOUDK~1\AppData\L...}, cssSelectorsEnabled: true, databaseEnabled: false, handlesAlerts: true, hasTouchScreen: false, javascriptEnabled: true, locationContextEnabled: true, mobileEmulationEnabled: false, nativeEvents: true, networkConnectionEnabled: false, pageLoadStrategy: normal, platform: XP, platformName: XP, rotatable: false, setWindowRect: true, takesHeapSnapshot: true, takesScreenshot: true, unexpectedAlertBehaviour: , unhandledPromptBehavior: , version: 73.0.3683.103, webStorageEnabled: true}
Session ID: e30c37e72384922c98aa97af135c90bb)

2019-04-26 10:58:42 - [TEST_STEP][FAILED] - callTestCase: Unable to call Test Case with id 'Test Cases/Operational_Dashboard/Login' (Root cause: Call Test Case 'Test Cases/Operational_Dashboard/Login' failed)

2019-04-26 10:58:42 - [TEST_CASE][FAILED] - Test Cases/Operational_Dashboard/Login: Test Cases/Operational_Dashboard/Login FAILED because (of) Unable to click on object 'Object Repository/Page_KiboEngage  Operational Dashbo/h3_Pages Info (4)' (Root cause: org.openqa.selenium.WebDriverException: unknown error: Element <h3 class="m-portlet__head-text">...</h3> is not clickable at point (359, 35). Other element would receive the click: <span>...</span>
  (Session info: chrome=73.0.3683.103)
  (Driver info: chromedriver=2.35.528161 (5b82f2d2aae0ca24b877009200ced9065a772e73),platform=Windows NT 10.0.17134 x86_64) (WARNING: The server did not provide any stacktrace information)
Command duration or timeout: 0 milliseconds
Build info: version: '3.7.1', revision: '8a0099a', time: '2017-11-06T21:07:36.161Z'
System info: host: 'DESKTOP-4M6R1V0', ip: '10.0.2.15', os.name: 'Windows 10', os.arch: 'amd64', os.version: '10.0', java.version: '1.8.0_181'
Driver info: com.kms.katalon.selenium.driver.CChromeDriver
Capabilities {acceptInsecureCerts: false, acceptSslCerts: false, applicationCacheEnabled: false, browserConnectionEnabled: false, browserName: chrome, chrome: {chromedriverVersion: 2.35.528161 (5b82f2d2aae0ca..., userDataDir: C:\Users\CLOUDK~1\AppData\L...}, cssSelectorsEnabled: true, databaseEnabled: false, handlesAlerts: true, hasTouchScreen: false, javascriptEnabled: true, locationContextEnabled: true, mobileEmulationEnabled: false, nativeEvents: true, networkConnectionEnabled: false, pageLoadStrategy: normal, platform: XP, platformName: XP, rotatable: false, setWindowRect: true, takesHeapSnapshot: true, takesScreenshot: true, unexpectedAlertBehaviour: , unhandledPromptBehavior: , version: 73.0.3683.103, webStorageEnabled: true}
Session ID: e30c37e72384922c98aa97af135c90bb)

2019-04-26 10:58:42 - [TEST_STEP][FAILED] - callTestCase: Unable to call Test Case with id 'Test Cases/s-sidebar_navigation/individualAccount/operationalDashboard' (Root cause: Call Test Case 'Test Cases/s-sidebar_navigation/individualAccount/operationalDashboard' failed)

2019-04-26 10:58:42 - [TEST_CASE][FAILED] - Test Cases/s-sidebar_navigation/individualAccount/operationalDashboard: Test Cases/s-sidebar_navigation/individualAccount/operationalDashboard FAILED because (of) Unable to click on object 'Object Repository/Page_KiboEngage  Operational Dashbo/h3_Pages Info (4)' (Root cause: org.openqa.selenium.WebDriverException: unknown error: Element <h3 class="m-portlet__head-text">...</h3> is not clickable at point (359, 35). Other element would receive the click: <span>...</span>
  (Session info: chrome=73.0.3683.103)
  (Driver info: chromedriver=2.35.528161 (5b82f2d2aae0ca24b877009200ced9065a772e73),platform=Windows NT 10.0.17134 x86_64) (WARNING: The server did not provide any stacktrace information)
Command duration or timeout: 0 milliseconds
Build info: version: '3.7.1', revision: '8a0099a', time: '2017-11-06T21:07:36.161Z'
System info: host: 'DESKTOP-4M6R1V0', ip: '10.0.2.15', os.name: 'Windows 10', os.arch: 'amd64', os.version: '10.0', java.version: '1.8.0_181'
Driver info: com.kms.katalon.selenium.driver.CChromeDriver
Capabilities {acceptInsecureCerts: false, acceptSslCerts: false, applicationCacheEnabled: false, browserConnectionEnabled: false, browserName: chrome, chrome: {chromedriverVersion: 2.35.528161 (5b82f2d2aae0ca..., userDataDir: C:\Users\CLOUDK~1\AppData\L...}, cssSelectorsEnabled: true, databaseEnabled: false, handlesAlerts: true, hasTouchScreen: false, javascriptEnabled: true, locationContextEnabled: true, mobileEmulationEnabled: false, nativeEvents: true, networkConnectionEnabled: false, pageLoadStrategy: normal, platform: XP, platformName: XP, rotatable: false, setWindowRect: true, takesHeapSnapshot: true, takesScreenshot: true, unexpectedAlertBehaviour: , unhandledPromptBehavior: , version: 73.0.3683.103, webStorageEnabled: true}
Session ID: e30c37e72384922c98aa97af135c90bb)

2019-04-26 10:58:43 - [TEST_STEP][PASSED] - click: Object: 'Object Repository/Page_KiboEngage  Subscribers/span_Subscribers' is clicked on

2019-04-26 10:58:43 - [MESSAGE][PASSED] - Object: 'Object Repository/Page_KiboEngage  Subscribers/span_Subscribers' is clicked on

2019-04-26 10:58:43 - [TEST_STEP][PASSED] - click: Object: 'Object Repository/Page_KiboEngage  Subscribers/span_Operational Dashboard (1)' is clicked on

2019-04-26 10:58:43 - [MESSAGE][PASSED] - Object: 'Object Repository/Page_KiboEngage  Subscribers/span_Operational Dashboard (1)' is clicked on

2019-04-26 10:58:43 - [TEST_STEP][PASSED] - scrollToPosition: Browser is scrolled to position x = 0, y = 0

2019-04-26 10:58:43 - [MESSAGE][PASSED] - Browser is scrolled to position x = 0, y = 0

2019-04-26 10:58:43 - [TEST_STEP][FAILED] - click: Unable to click on object 'Object Repository/Page_KiboEngage  Operational Dashbo/h3_Pages Info (4)' (Root cause: org.openqa.selenium.WebDriverException: unknown error: Element <h3 class="m-portlet__head-text">...</h3> is not clickable at point (359, 35). Other element would receive the click: <span>...</span>
  (Session info: chrome=73.0.3683.103)
  (Driver info: chromedriver=2.35.528161 (5b82f2d2aae0ca24b877009200ced9065a772e73),platform=Windows NT 10.0.17134 x86_64) (WARNING: The server did not provide any stacktrace information)
Command duration or timeout: 0 milliseconds
Build info: version: '3.7.1', revision: '8a0099a', time: '2017-11-06T21:07:36.161Z'
System info: host: 'DESKTOP-4M6R1V0', ip: '10.0.2.15', os.name: 'Windows 10', os.arch: 'amd64', os.version: '10.0', java.version: '1.8.0_181'
Driver info: com.kms.katalon.selenium.driver.CChromeDriver
Capabilities {acceptInsecureCerts: false, acceptSslCerts: false, applicationCacheEnabled: false, browserConnectionEnabled: false, browserName: chrome, chrome: {chromedriverVersion: 2.35.528161 (5b82f2d2aae0ca..., userDataDir: C:\Users\CLOUDK~1\AppData\L...}, cssSelectorsEnabled: true, databaseEnabled: false, handlesAlerts: true, hasTouchScreen: false, javascriptEnabled: true, locationContextEnabled: true, mobileEmulationEnabled: false, nativeEvents: true, networkConnectionEnabled: false, pageLoadStrategy: normal, platform: XP, platformName: XP, rotatable: false, setWindowRect: true, takesHeapSnapshot: true, takesScreenshot: true, unexpectedAlertBehaviour: , unhandledPromptBehavior: , version: 73.0.3683.103, webStorageEnabled: true}
Session ID: e30c37e72384922c98aa97af135c90bb)

2019-04-26 10:58:47 - [MESSAGE][FAILED] - Unable to click on object 'Object Repository/Page_KiboEngage  Operational Dashbo/h3_Pages Info (4)' (Root cause: org.openqa.selenium.WebDriverException: unknown error: Element <h3 class="m-portlet__head-text">...</h3> is not clickable at point (359, 35). Other element would receive the click: <span>...</span>
  (Session info: chrome=73.0.3683.103)
  (Driver info: chromedriver=2.35.528161 (5b82f2d2aae0ca24b877009200ced9065a772e73),platform=Windows NT 10.0.17134 x86_64) (WARNING: The server did not provide any stacktrace information)
Command duration or timeout: 0 milliseconds
Build info: version: '3.7.1', revision: '8a0099a', time: '2017-11-06T21:07:36.161Z'
System info: host: 'DESKTOP-4M6R1V0', ip: '10.0.2.15', os.name: 'Windows 10', os.arch: 'amd64', os.version: '10.0', java.version: '1.8.0_181'
Driver info: com.kms.katalon.selenium.driver.CChromeDriver
Capabilities {acceptInsecureCerts: false, acceptSslCerts: false, applicationCacheEnabled: false, browserConnectionEnabled: false, browserName: chrome, chrome: {chromedriverVersion: 2.35.528161 (5b82f2d2aae0ca..., userDataDir: C:\Users\CLOUDK~1\AppData\L...}, cssSelectorsEnabled: true, databaseEnabled: false, handlesAlerts: true, hasTouchScreen: false, javascriptEnabled: true, locationContextEnabled: true, mobileEmulationEnabled: false, nativeEvents: true, networkConnectionEnabled: false, pageLoadStrategy: normal, platform: XP, platformName: XP, rotatable: false, setWindowRect: true, takesHeapSnapshot: true, takesScreenshot: true, unexpectedAlertBehaviour: , unhandledPromptBehavior: , version: 73.0.3683.103, webStorageEnabled: true}
Session ID: e30c37e72384922c98aa97af135c90bb)
[[ATTACHMENT|C:\\Users\\cloudkibo\\Desktop\\KiboPush_Automated_Testing\\KiboPush Katalon\\Reports\\operationalDashboard\\20190426_105757\\1556258327170.png]]

2019-04-26 10:58:47 - [MESSAGE][FAILED] - Unable to call Test Case with id 'Test Cases/s-sidebar_navigation/individualAccount/operationalDashboard' (Root cause: Call Test Case 'Test Cases/s-sidebar_navigation/individualAccount/operationalDashboard' failed)

2019-04-26 10:58:47 - [MESSAGE][FAILED] - Unable to call Test Case with id 'Test Cases/Operational_Dashboard/Login' (Root cause: Call Test Case 'Test Cases/Operational_Dashboard/Login' failed)]]></system-out>
         <system-err><![CDATA[2019-04-26 10:58:41 - [TEST_CASE][FAILED] - Test Cases/Operational_Dashboard/115: Test Cases/Operational_Dashboard/115 FAILED because (of) Unable to click on object 'Object Repository/Page_KiboEngage  Operational Dashbo/h3_Pages Info (4)' (Root cause: org.openqa.selenium.WebDriverException: unknown error: Element <h3 class="m-portlet__head-text">...</h3> is not clickable at point (359, 35). Other element would receive the click: <span>...</span>
  (Session info: chrome=73.0.3683.103)
  (Driver info: chromedriver=2.35.528161 (5b82f2d2aae0ca24b877009200ced9065a772e73),platform=Windows NT 10.0.17134 x86_64) (WARNING: The server did not provide any stacktrace information)
Command duration or timeout: 0 milliseconds
Build info: version: '3.7.1', revision: '8a0099a', time: '2017-11-06T21:07:36.161Z'
System info: host: 'DESKTOP-4M6R1V0', ip: '10.0.2.15', os.name: 'Windows 10', os.arch: 'amd64', os.version: '10.0', java.version: '1.8.0_181'
Driver info: com.kms.katalon.selenium.driver.CChromeDriver
Capabilities {acceptInsecureCerts: false, acceptSslCerts: false, applicationCacheEnabled: false, browserConnectionEnabled: false, browserName: chrome, chrome: {chromedriverVersion: 2.35.528161 (5b82f2d2aae0ca..., userDataDir: C:\Users\CLOUDK~1\AppData\L...}, cssSelectorsEnabled: true, databaseEnabled: false, handlesAlerts: true, hasTouchScreen: false, javascriptEnabled: true, locationContextEnabled: true, mobileEmulationEnabled: false, nativeEvents: true, networkConnectionEnabled: false, pageLoadStrategy: normal, platform: XP, platformName: XP, rotatable: false, setWindowRect: true, takesHeapSnapshot: true, takesScreenshot: true, unexpectedAlertBehaviour: , unhandledPromptBehavior: , version: 73.0.3683.103, webStorageEnabled: true}
Session ID: e30c37e72384922c98aa97af135c90bb)]]></system-err>
      </testcase>
      <testcase name="Test Cases/Operational_Dashboard/116" classname="Test Cases/Operational_Dashboard/116" status="PASSED">
         <system-out><![CDATA[2019-04-26 10:58:47 - [TEST_CASE][PASSED] - Test Cases/Operational_Dashboard/116: Test Cases/Operational_Dashboard/116

2019-04-26 10:58:48 - [TEST_STEP][PASSED] - callTestCase: Call Test Case 'Test Cases/Operational_Dashboard/Login' successfully

2019-04-26 10:58:48 - [TEST_CASE][PASSED] - Test Cases/Operational_Dashboard/Login: Test Cases/Operational_Dashboard/Login

2019-04-26 10:58:48 - [TEST_STEP][PASSED] - callTestCase: Call Test Case 'Test Cases/s-sidebar_navigation/individualAccount/operationalDashboard' successfully

2019-04-26 10:58:48 - [TEST_CASE][PASSED] - Test Cases/s-sidebar_navigation/individualAccount/operationalDashboard: Test Cases/s-sidebar_navigation/individualAccount/operationalDashboard

2019-04-26 10:58:48 - [TEST_STEP][PASSED] - click: Object: 'Object Repository/Page_KiboEngage  Subscribers/span_Subscribers' is clicked on

2019-04-26 10:58:49 - [MESSAGE][PASSED] - Object: 'Object Repository/Page_KiboEngage  Subscribers/span_Subscribers' is clicked on

2019-04-26 10:58:49 - [TEST_STEP][PASSED] - click: Object: 'Object Repository/Page_KiboEngage  Subscribers/span_Operational Dashboard (1)' is clicked on

2019-04-26 10:58:50 - [MESSAGE][PASSED] - Object: 'Object Repository/Page_KiboEngage  Subscribers/span_Operational Dashboard (1)' is clicked on

2019-04-26 10:58:50 - [TEST_STEP][PASSED] - scrollToPosition: Browser is scrolled to position x = 0, y = 0

2019-04-26 10:58:50 - [MESSAGE][PASSED] - Browser is scrolled to position x = 0, y = 0

2019-04-26 10:58:50 - [TEST_STEP][PASSED] - click: Object: 'Object Repository/Page_KiboEngage  Operational Dashbo/h3_Pages Info (4)' is clicked on

2019-04-26 10:58:51 - [MESSAGE][PASSED] - Object: 'Object Repository/Page_KiboEngage  Operational Dashbo/h3_Pages Info (4)' is clicked on

2019-04-26 10:58:51 - [MESSAGE][PASSED] - Call Test Case 'Test Cases/s-sidebar_navigation/individualAccount/operationalDashboard' successfully

2019-04-26 10:58:51 - [MESSAGE][PASSED] - Call Test Case 'Test Cases/Operational_Dashboard/Login' successfully

2019-04-26 10:58:51 - [TEST_STEP][PASSED] - Statement - driver = com.kms.katalon.core.webui.driver.DriverFactory.getWebDriver(): null

2019-04-26 10:58:51 - [TEST_STEP][PASSED] - Statement - subscriber1 = driver.findElement(org.openqa.selenium.By.xpath("//*[@id="m_widget5_tab1_content"]/div/div[1]/div[1]/div/div[3]/span[1]")): null

2019-04-26 10:58:51 - [TEST_STEP][PASSED] - Statement - subscriber2 = driver.findElement(org.openqa.selenium.By.xpath("//*[@id="m_widget5_tab1_content"]/div/div[1]/div[2]/div/div[3]/span[1]")): null

2019-04-26 10:58:51 - [TEST_STEP][PASSED] - Statement - subscriber3 = driver.findElement(org.openqa.selenium.By.xpath("//*[@id="m_widget5_tab1_content"]/div/div[2]/div[1]/div/div[3]/span[1]")): null

2019-04-26 10:58:51 - [TEST_STEP][PASSED] - Statement - subscriber4 = driver.findElement(org.openqa.selenium.By.xpath("//*[@id="m_widget5_tab1_content"]/div/div[2]/div[2]/div/div[3]/span[1]")): null

2019-04-26 10:58:52 - [TEST_STEP][PASSED] - Statement - subscriber5 = driver.findElement(org.openqa.selenium.By.xpath("//*[@id="m_widget5_tab1_content"]/div/div[3]/div[1]/div/div[3]/span[1]")): null

2019-04-26 10:58:52 - [TEST_STEP][PASSED] - Statement - subscriber6 = driver.findElement(org.openqa.selenium.By.xpath("//*[@id="m_widget5_tab1_content"]/div/div[3]/div[2]/div/div[3]/span[1]")): null

2019-04-26 10:58:52 - [TEST_STEP][PASSED] - Statement - subscriber7 = driver.findElement(org.openqa.selenium.By.xpath("//*[@id="m_widget5_tab1_content"]/div/div[4]/div[1]/div/div[3]/span[1]")): null

2019-04-26 10:58:52 - [TEST_STEP][PASSED] - Statement - subscriber8 = driver.findElement(org.openqa.selenium.By.xpath("//*[@id="m_widget5_tab1_content"]/div/div[4]/div[2]/div/div[3]/span[1]")): null

2019-04-26 10:58:53 - [TEST_STEP][PASSED] - Statement - subscriber9 = driver.findElement(org.openqa.selenium.By.xpath("//*[@id="m_widget5_tab1_content"]/div/div[5]/div[1]/div/div[3]/span[1]")): null

2019-04-26 10:58:53 - [TEST_STEP][PASSED] - Statement - subscriber10 = driver.findElement(org.openqa.selenium.By.xpath("//*[@id="m_widget5_tab1_content"]/div/div[5]/div[2]/div/div[3]/span[1]")): null

2019-04-26 10:58:53 - [TEST_STEP][PASSED] - Statement - subscriber_count_1 = java.lang.Integer.parseInt(text): null

2019-04-26 10:58:53 - [TEST_STEP][PASSED] - Statement - subscriber_count_2 = java.lang.Integer.parseInt(text): null

2019-04-26 10:58:53 - [TEST_STEP][PASSED] - Statement - subscriber_count_3 = java.lang.Integer.parseInt(text): null

2019-04-26 10:58:53 - [TEST_STEP][PASSED] - Statement - subscriber_count_4 = java.lang.Integer.parseInt(text): null

2019-04-26 10:58:53 - [TEST_STEP][PASSED] - Statement - subscriber_count_5 = java.lang.Integer.parseInt(text): null

2019-04-26 10:58:53 - [TEST_STEP][PASSED] - Statement - subscriber_count_6 = java.lang.Integer.parseInt(text): null

2019-04-26 10:58:53 - [TEST_STEP][PASSED] - Statement - subscriber_count_7 = java.lang.Integer.parseInt(text): null

2019-04-26 10:58:53 - [TEST_STEP][PASSED] - Statement - subscriber_count_8 = java.lang.Integer.parseInt(text): null

2019-04-26 10:58:53 - [TEST_STEP][PASSED] - Statement - subscriber_count_9 = java.lang.Integer.parseInt(text): null

2019-04-26 10:58:53 - [TEST_STEP][PASSED] - Statement - subscriber_count_10 = java.lang.Integer.parseInt(text): null

2019-04-26 10:58:53 - [TEST_STEP][PASSED] - Statement - If (subscriber_count_1 > subscriber_count_2 && subscriber_count_2 > subscriber_count_3 && subscriber_count_3 > subscriber_count_4 && subscriber_count_4 > subscriber_count_5 && subscriber_count_5 > subscriber_count_6 && subscriber_count_6 > subscriber_count_7 && subscriber_count_7 > subscriber_count_8 && subscriber_count_8 > subscriber_count_9 && subscriber_count_9 > subscriber_count_10): Actual object '1' and expected object '1' are equal

2019-04-26 10:58:53 - [TEST_STEP][PASSED] - verifyEqual: Actual object '1' and expected object '1' are equal

2019-04-26 10:58:54 - [MESSAGE][PASSED] - Actual object '1' and expected object '1' are equal]]></system-out>
         <system-err><![CDATA[]]></system-err>
      </testcase>
      <testcase name="Test Cases/Operational_Dashboard/117" classname="Test Cases/Operational_Dashboard/117" status="PASSED">
         <system-out><![CDATA[2019-04-26 10:58:54 - [TEST_CASE][PASSED] - Test Cases/Operational_Dashboard/117: Test Cases/Operational_Dashboard/117

2019-04-26 10:58:54 - [TEST_STEP][PASSED] - callTestCase: Call Test Case 'Test Cases/Operational_Dashboard/Login' successfully

2019-04-26 10:58:54 - [TEST_CASE][PASSED] - Test Cases/Operational_Dashboard/Login: Test Cases/Operational_Dashboard/Login

2019-04-26 10:58:54 - [TEST_STEP][PASSED] - callTestCase: Call Test Case 'Test Cases/s-sidebar_navigation/individualAccount/operationalDashboard' successfully

2019-04-26 10:58:54 - [TEST_CASE][PASSED] - Test Cases/s-sidebar_navigation/individualAccount/operationalDashboard: Test Cases/s-sidebar_navigation/individualAccount/operationalDashboard

2019-04-26 10:58:54 - [TEST_STEP][PASSED] - click: Object: 'Object Repository/Page_KiboEngage  Subscribers/span_Subscribers' is clicked on

2019-04-26 10:58:55 - [MESSAGE][PASSED] - Object: 'Object Repository/Page_KiboEngage  Subscribers/span_Subscribers' is clicked on

2019-04-26 10:58:55 - [TEST_STEP][PASSED] - click: Object: 'Object Repository/Page_KiboEngage  Subscribers/span_Operational Dashboard (1)' is clicked on

2019-04-26 10:58:55 - [MESSAGE][PASSED] - Object: 'Object Repository/Page_KiboEngage  Subscribers/span_Operational Dashboard (1)' is clicked on

2019-04-26 10:58:55 - [TEST_STEP][PASSED] - scrollToPosition: Browser is scrolled to position x = 0, y = 0

2019-04-26 10:58:56 - [MESSAGE][PASSED] - Browser is scrolled to position x = 0, y = 0

2019-04-26 10:58:56 - [TEST_STEP][PASSED] - click: Object: 'Object Repository/Page_KiboEngage  Operational Dashbo/h3_Pages Info (4)' is clicked on

2019-04-26 10:58:56 - [MESSAGE][PASSED] - Object: 'Object Repository/Page_KiboEngage  Operational Dashbo/h3_Pages Info (4)' is clicked on

2019-04-26 10:58:56 - [MESSAGE][PASSED] - Call Test Case 'Test Cases/s-sidebar_navigation/individualAccount/operationalDashboard' successfully

2019-04-26 10:58:56 - [MESSAGE][PASSED] - Call Test Case 'Test Cases/Operational_Dashboard/Login' successfully

2019-04-26 10:58:56 - [TEST_STEP][PASSED] - Statement - driver = com.kms.katalon.core.webui.driver.DriverFactory.getWebDriver(): null

2019-04-26 10:58:56 - [TEST_STEP][PASSED] - Statement - subscriber = driver.findElement(org.openqa.selenium.By.xpath("//*[@id="m_widget5_tab1_content"]/div/div[1]/div[1]/div/div[4]/span/a")): null

2019-04-26 10:58:56 - [TEST_STEP][PASSED] - Statement - subscriber.click(): null

2019-04-26 10:58:57 - [TEST_STEP][PASSED] - scrollToPosition: Browser is scrolled to position x = 0, y = 0

2019-04-26 10:58:57 - [MESSAGE][PASSED] - Browser is scrolled to position x = 0, y = 0

2019-04-26 10:58:57 - [TEST_STEP][PASSED] - click: Object: 'Object Repository/Page_KiboEngage  Page Subscribers/h3_Subscribers' is clicked on

2019-04-26 10:58:57 - [MESSAGE][PASSED] - Object: 'Object Repository/Page_KiboEngage  Page Subscribers/h3_Subscribers' is clicked on

2019-04-26 10:58:57 - [TEST_STEP][PASSED] - delay: Delayed 5 second(s)

2019-04-26 10:59:02 - [MESSAGE][PASSED] - Delayed 5 second(s)

2019-04-26 10:59:02 - [TEST_STEP][PASSED] - Statement - Table = driver.findElement(org.openqa.selenium.By.xpath("//table/tbody")): null

2019-04-26 10:59:02 - [TEST_STEP][PASSED] - Statement - rows_table = Table.findElements(org.openqa.selenium.By.tagName("tr")): null

2019-04-26 10:59:02 - [TEST_STEP][PASSED] - Statement - rows_count = rows_table.size(): null

2019-04-26 10:59:02 - [TEST_STEP][PASSED] - verifyEqual: Actual object '10' and expected object '10' are equal

2019-04-26 10:59:02 - [MESSAGE][PASSED] - Actual object '10' and expected object '10' are equal]]></system-out>
         <system-err><![CDATA[]]></system-err>
      </testcase>
      <testcase name="Test Cases/Operational_Dashboard/118" classname="Test Cases/Operational_Dashboard/118" status="PASSED">
         <system-out><![CDATA[2019-04-26 10:59:02 - [TEST_CASE][PASSED] - Test Cases/Operational_Dashboard/118: Test Cases/Operational_Dashboard/118

2019-04-26 10:59:03 - [TEST_STEP][PASSED] - callTestCase: Call Test Case 'Test Cases/Operational_Dashboard/117' successfully

2019-04-26 10:59:03 - [TEST_CASE][PASSED] - Test Cases/Operational_Dashboard/117: Test Cases/Operational_Dashboard/117

2019-04-26 10:59:03 - [TEST_STEP][PASSED] - callTestCase: Call Test Case 'Test Cases/Operational_Dashboard/Login' successfully

2019-04-26 10:59:03 - [TEST_CASE][PASSED] - Test Cases/Operational_Dashboard/Login: Test Cases/Operational_Dashboard/Login

2019-04-26 10:59:03 - [TEST_STEP][PASSED] - callTestCase: Call Test Case 'Test Cases/s-sidebar_navigation/individualAccount/operationalDashboard' successfully

2019-04-26 10:59:03 - [TEST_CASE][PASSED] - Test Cases/s-sidebar_navigation/individualAccount/operationalDashboard: Test Cases/s-sidebar_navigation/individualAccount/operationalDashboard

2019-04-26 10:59:03 - [TEST_STEP][PASSED] - click: Object: 'Object Repository/Page_KiboEngage  Subscribers/span_Subscribers' is clicked on

2019-04-26 10:59:03 - [MESSAGE][PASSED] - Object: 'Object Repository/Page_KiboEngage  Subscribers/span_Subscribers' is clicked on

2019-04-26 10:59:03 - [TEST_STEP][PASSED] - click: Object: 'Object Repository/Page_KiboEngage  Subscribers/span_Operational Dashboard (1)' is clicked on

2019-04-26 10:59:04 - [MESSAGE][PASSED] - Object: 'Object Repository/Page_KiboEngage  Subscribers/span_Operational Dashboard (1)' is clicked on

2019-04-26 10:59:04 - [TEST_STEP][PASSED] - scrollToPosition: Browser is scrolled to position x = 0, y = 0

2019-04-26 10:59:04 - [MESSAGE][PASSED] - Browser is scrolled to position x = 0, y = 0

2019-04-26 10:59:04 - [TEST_STEP][PASSED] - click: Object: 'Object Repository/Page_KiboEngage  Operational Dashbo/h3_Pages Info (4)' is clicked on

2019-04-26 10:59:04 - [MESSAGE][PASSED] - Object: 'Object Repository/Page_KiboEngage  Operational Dashbo/h3_Pages Info (4)' is clicked on

2019-04-26 10:59:04 - [MESSAGE][PASSED] - Call Test Case 'Test Cases/s-sidebar_navigation/individualAccount/operationalDashboard' successfully

2019-04-26 10:59:04 - [MESSAGE][PASSED] - Call Test Case 'Test Cases/Operational_Dashboard/Login' successfully

2019-04-26 10:59:04 - [TEST_STEP][PASSED] - Statement - driver = com.kms.katalon.core.webui.driver.DriverFactory.getWebDriver(): null

2019-04-26 10:59:04 - [TEST_STEP][PASSED] - Statement - subscriber = driver.findElement(org.openqa.selenium.By.xpath("//*[@id="m_widget5_tab1_content"]/div/div[1]/div[1]/div/div[4]/span/a")): null

2019-04-26 10:59:04 - [TEST_STEP][PASSED] - Statement - subscriber.click(): null

2019-04-26 10:59:05 - [TEST_STEP][PASSED] - scrollToPosition: Browser is scrolled to position x = 0, y = 0

2019-04-26 10:59:05 - [MESSAGE][PASSED] - Browser is scrolled to position x = 0, y = 0

2019-04-26 10:59:05 - [TEST_STEP][PASSED] - click: Object: 'Object Repository/Page_KiboEngage  Page Subscribers/h3_Subscribers' is clicked on

2019-04-26 10:59:05 - [MESSAGE][PASSED] - Object: 'Object Repository/Page_KiboEngage  Page Subscribers/h3_Subscribers' is clicked on

2019-04-26 10:59:05 - [TEST_STEP][PASSED] - delay: Delayed 5 second(s)

2019-04-26 10:59:10 - [MESSAGE][PASSED] - Delayed 5 second(s)

2019-04-26 10:59:10 - [TEST_STEP][PASSED] - Statement - Table = driver.findElement(org.openqa.selenium.By.xpath("//table/tbody")): null

2019-04-26 10:59:10 - [TEST_STEP][PASSED] - Statement - rows_table = Table.findElements(org.openqa.selenium.By.tagName("tr")): null

2019-04-26 10:59:10 - [TEST_STEP][PASSED] - Statement - rows_count = rows_table.size(): null

2019-04-26 10:59:10 - [TEST_STEP][PASSED] - verifyEqual: Actual object '10' and expected object '10' are equal

2019-04-26 10:59:10 - [MESSAGE][PASSED] - Actual object '10' and expected object '10' are equal

2019-04-26 10:59:10 - [MESSAGE][PASSED] - Call Test Case 'Test Cases/Operational_Dashboard/117' successfully

2019-04-26 10:59:10 - [TEST_STEP][PASSED] - setText: Text 'Zain Majid' is set on object 'Object Repository/Page_KiboEngage  Page Subscribers/input_form-control m-input m-i'

2019-04-26 10:59:10 - [MESSAGE][PASSED] - Text 'Zain Majid' is set on object 'Object Repository/Page_KiboEngage  Page Subscribers/input_form-control m-input m-i'

2019-04-26 10:59:10 - [TEST_STEP][PASSED] - Statement - driver = com.kms.katalon.core.webui.driver.DriverFactory.getWebDriver(): null

2019-04-26 10:59:10 - [TEST_STEP][PASSED] - delay: Delayed 5 second(s)

2019-04-26 10:59:15 - [MESSAGE][PASSED] - Delayed 5 second(s)

2019-04-26 10:59:15 - [TEST_STEP][PASSED] - Statement - Table = driver.findElement(org.openqa.selenium.By.xpath("//table/tbody")): null

2019-04-26 10:59:15 - [TEST_STEP][PASSED] - Statement - rows_table = Table.findElements(org.openqa.selenium.By.tagName("tr")): null

2019-04-26 10:59:16 - [TEST_STEP][PASSED] - Statement - rows_count = rows_table.size(): null

2019-04-26 10:59:16 - [TEST_STEP][PASSED] - verifyEqual: Actual object '1' and expected object '1' are equal

2019-04-26 10:59:16 - [MESSAGE][PASSED] - Actual object '1' and expected object '1' are equal]]></system-out>
         <system-err><![CDATA[]]></system-err>
      </testcase>
      <testcase name="Test Cases/Operational_Dashboard/122" classname="Test Cases/Operational_Dashboard/122" status="PASSED">
         <system-out><![CDATA[2019-04-26 10:59:16 - [TEST_CASE][PASSED] - Test Cases/Operational_Dashboard/122: Test Cases/Operational_Dashboard/122

2019-04-26 10:59:16 - [TEST_STEP][PASSED] - callTestCase: Call Test Case 'Test Cases/Operational_Dashboard/117' successfully

2019-04-26 10:59:16 - [TEST_CASE][PASSED] - Test Cases/Operational_Dashboard/117: Test Cases/Operational_Dashboard/117

2019-04-26 10:59:16 - [TEST_STEP][PASSED] - callTestCase: Call Test Case 'Test Cases/Operational_Dashboard/Login' successfully

2019-04-26 10:59:16 - [TEST_CASE][PASSED] - Test Cases/Operational_Dashboard/Login: Test Cases/Operational_Dashboard/Login

2019-04-26 10:59:16 - [TEST_STEP][PASSED] - callTestCase: Call Test Case 'Test Cases/s-sidebar_navigation/individualAccount/operationalDashboard' successfully

2019-04-26 10:59:16 - [TEST_CASE][PASSED] - Test Cases/s-sidebar_navigation/individualAccount/operationalDashboard: Test Cases/s-sidebar_navigation/individualAccount/operationalDashboard

2019-04-26 10:59:16 - [TEST_STEP][PASSED] - click: Object: 'Object Repository/Page_KiboEngage  Subscribers/span_Subscribers' is clicked on

2019-04-26 10:59:17 - [MESSAGE][PASSED] - Object: 'Object Repository/Page_KiboEngage  Subscribers/span_Subscribers' is clicked on

2019-04-26 10:59:17 - [TEST_STEP][PASSED] - click: Object: 'Object Repository/Page_KiboEngage  Subscribers/span_Operational Dashboard (1)' is clicked on

2019-04-26 10:59:17 - [MESSAGE][PASSED] - Object: 'Object Repository/Page_KiboEngage  Subscribers/span_Operational Dashboard (1)' is clicked on

2019-04-26 10:59:17 - [TEST_STEP][PASSED] - scrollToPosition: Browser is scrolled to position x = 0, y = 0

2019-04-26 10:59:17 - [MESSAGE][PASSED] - Browser is scrolled to position x = 0, y = 0

2019-04-26 10:59:17 - [TEST_STEP][PASSED] - click: Object: 'Object Repository/Page_KiboEngage  Operational Dashbo/h3_Pages Info (4)' is clicked on

2019-04-26 10:59:17 - [MESSAGE][PASSED] - Object: 'Object Repository/Page_KiboEngage  Operational Dashbo/h3_Pages Info (4)' is clicked on

2019-04-26 10:59:17 - [MESSAGE][PASSED] - Call Test Case 'Test Cases/s-sidebar_navigation/individualAccount/operationalDashboard' successfully

2019-04-26 10:59:17 - [MESSAGE][PASSED] - Call Test Case 'Test Cases/Operational_Dashboard/Login' successfully

2019-04-26 10:59:17 - [TEST_STEP][PASSED] - Statement - driver = com.kms.katalon.core.webui.driver.DriverFactory.getWebDriver(): null

2019-04-26 10:59:17 - [TEST_STEP][PASSED] - Statement - subscriber = driver.findElement(org.openqa.selenium.By.xpath("//*[@id="m_widget5_tab1_content"]/div/div[1]/div[1]/div/div[4]/span/a")): null

2019-04-26 10:59:19 - [TEST_STEP][PASSED] - Statement - subscriber.click(): null

2019-04-26 10:59:19 - [TEST_STEP][PASSED] - scrollToPosition: Browser is scrolled to position x = 0, y = 0

2019-04-26 10:59:19 - [MESSAGE][PASSED] - Browser is scrolled to position x = 0, y = 0

2019-04-26 10:59:19 - [TEST_STEP][PASSED] - click: Object: 'Object Repository/Page_KiboEngage  Page Subscribers/h3_Subscribers' is clicked on

2019-04-26 10:59:19 - [MESSAGE][PASSED] - Object: 'Object Repository/Page_KiboEngage  Page Subscribers/h3_Subscribers' is clicked on

2019-04-26 10:59:19 - [TEST_STEP][PASSED] - delay: Delayed 5 second(s)

2019-04-26 10:59:24 - [MESSAGE][PASSED] - Delayed 5 second(s)

2019-04-26 10:59:24 - [TEST_STEP][PASSED] - Statement - Table = driver.findElement(org.openqa.selenium.By.xpath("//table/tbody")): null

2019-04-26 10:59:24 - [TEST_STEP][PASSED] - Statement - rows_table = Table.findElements(org.openqa.selenium.By.tagName("tr")): null

2019-04-26 10:59:24 - [TEST_STEP][PASSED] - Statement - rows_count = rows_table.size(): null

2019-04-26 10:59:24 - [TEST_STEP][PASSED] - verifyEqual: Actual object '10' and expected object '10' are equal

2019-04-26 10:59:24 - [MESSAGE][PASSED] - Actual object '10' and expected object '10' are equal

2019-04-26 10:59:24 - [MESSAGE][PASSED] - Call Test Case 'Test Cases/Operational_Dashboard/117' successfully

2019-04-26 10:59:24 - [TEST_STEP][PASSED] - click: Object: 'Object Repository/Page_KiboEngage  Page Subscribers/button_Back' is clicked on

2019-04-26 10:59:25 - [MESSAGE][PASSED] - Object: 'Object Repository/Page_KiboEngage  Page Subscribers/button_Back' is clicked on

2019-04-26 10:59:25 - [TEST_STEP][PASSED] - scrollToPosition: Browser is scrolled to position x = 0, y = 0

2019-04-26 10:59:25 - [MESSAGE][PASSED] - Browser is scrolled to position x = 0, y = 0

2019-04-26 10:59:25 - [TEST_STEP][PASSED] - click: Object: 'Object Repository/Page_KiboEngage  Operational Dashbo/h3_Pages Info (1)' is clicked on

2019-04-26 10:59:25 - [MESSAGE][PASSED] - Object: 'Object Repository/Page_KiboEngage  Operational Dashbo/h3_Pages Info (1)' is clicked on]]></system-out>
         <system-err><![CDATA[]]></system-err>
      </testcase>
      <testcase name="Test Cases/Operational_Dashboard/123" classname="Test Cases/Operational_Dashboard/123" status="PASSED">
         <system-out><![CDATA[2019-04-26 10:59:25 - [TEST_CASE][PASSED] - Test Cases/Operational_Dashboard/123: Test Cases/Operational_Dashboard/123

2019-04-26 10:59:26 - [TEST_STEP][PASSED] - callTestCase: Call Test Case 'Test Cases/Operational_Dashboard/117' successfully

2019-04-26 10:59:26 - [TEST_CASE][PASSED] - Test Cases/Operational_Dashboard/117: Test Cases/Operational_Dashboard/117

2019-04-26 10:59:26 - [TEST_STEP][PASSED] - callTestCase: Call Test Case 'Test Cases/Operational_Dashboard/Login' successfully

2019-04-26 10:59:26 - [TEST_CASE][PASSED] - Test Cases/Operational_Dashboard/Login: Test Cases/Operational_Dashboard/Login

2019-04-26 10:59:26 - [TEST_STEP][PASSED] - callTestCase: Call Test Case 'Test Cases/s-sidebar_navigation/individualAccount/operationalDashboard' successfully

2019-04-26 10:59:26 - [TEST_CASE][PASSED] - Test Cases/s-sidebar_navigation/individualAccount/operationalDashboard: Test Cases/s-sidebar_navigation/individualAccount/operationalDashboard

2019-04-26 10:59:26 - [TEST_STEP][PASSED] - click: Object: 'Object Repository/Page_KiboEngage  Subscribers/span_Subscribers' is clicked on

2019-04-26 10:59:27 - [MESSAGE][PASSED] - Object: 'Object Repository/Page_KiboEngage  Subscribers/span_Subscribers' is clicked on

2019-04-26 10:59:27 - [TEST_STEP][PASSED] - click: Object: 'Object Repository/Page_KiboEngage  Subscribers/span_Operational Dashboard (1)' is clicked on

2019-04-26 10:59:27 - [MESSAGE][PASSED] - Object: 'Object Repository/Page_KiboEngage  Subscribers/span_Operational Dashboard (1)' is clicked on

2019-04-26 10:59:27 - [TEST_STEP][PASSED] - scrollToPosition: Browser is scrolled to position x = 0, y = 0

2019-04-26 10:59:28 - [MESSAGE][PASSED] - Browser is scrolled to position x = 0, y = 0

2019-04-26 10:59:28 - [TEST_STEP][PASSED] - click: Object: 'Object Repository/Page_KiboEngage  Operational Dashbo/h3_Pages Info (4)' is clicked on

2019-04-26 10:59:28 - [MESSAGE][PASSED] - Object: 'Object Repository/Page_KiboEngage  Operational Dashbo/h3_Pages Info (4)' is clicked on

2019-04-26 10:59:28 - [MESSAGE][PASSED] - Call Test Case 'Test Cases/s-sidebar_navigation/individualAccount/operationalDashboard' successfully

2019-04-26 10:59:28 - [MESSAGE][PASSED] - Call Test Case 'Test Cases/Operational_Dashboard/Login' successfully

2019-04-26 10:59:28 - [TEST_STEP][PASSED] - Statement - driver = com.kms.katalon.core.webui.driver.DriverFactory.getWebDriver(): null

2019-04-26 10:59:28 - [TEST_STEP][PASSED] - Statement - subscriber = driver.findElement(org.openqa.selenium.By.xpath("//*[@id="m_widget5_tab1_content"]/div/div[1]/div[1]/div/div[4]/span/a")): null

2019-04-26 10:59:28 - [TEST_STEP][PASSED] - Statement - subscriber.click(): null

2019-04-26 10:59:29 - [TEST_STEP][PASSED] - scrollToPosition: Browser is scrolled to position x = 0, y = 0

2019-04-26 10:59:29 - [MESSAGE][PASSED] - Browser is scrolled to position x = 0, y = 0

2019-04-26 10:59:29 - [TEST_STEP][PASSED] - click: Object: 'Object Repository/Page_KiboEngage  Page Subscribers/h3_Subscribers' is clicked on

2019-04-26 10:59:29 - [MESSAGE][PASSED] - Object: 'Object Repository/Page_KiboEngage  Page Subscribers/h3_Subscribers' is clicked on

2019-04-26 10:59:29 - [TEST_STEP][PASSED] - delay: Delayed 5 second(s)

2019-04-26 10:59:34 - [MESSAGE][PASSED] - Delayed 5 second(s)

2019-04-26 10:59:34 - [TEST_STEP][PASSED] - Statement - Table = driver.findElement(org.openqa.selenium.By.xpath("//table/tbody")): null

2019-04-26 10:59:34 - [TEST_STEP][PASSED] - Statement - rows_table = Table.findElements(org.openqa.selenium.By.tagName("tr")): null

2019-04-26 10:59:34 - [TEST_STEP][PASSED] - Statement - rows_count = rows_table.size(): null

2019-04-26 10:59:34 - [TEST_STEP][PASSED] - verifyEqual: Actual object '10' and expected object '10' are equal

2019-04-26 10:59:34 - [MESSAGE][PASSED] - Actual object '10' and expected object '10' are equal

2019-04-26 10:59:34 - [MESSAGE][PASSED] - Call Test Case 'Test Cases/Operational_Dashboard/117' successfully

2019-04-26 10:59:34 - [TEST_STEP][PASSED] - verifyTextPresent: Text 'Zain Majid' is present on page 

2019-04-26 10:59:35 - [MESSAGE][PASSED] - Text 'Zain Majid' is present on page 

2019-04-26 10:59:35 - [TEST_STEP][PASSED] - Statement - driver = com.kms.katalon.core.webui.driver.DriverFactory.getWebDriver(): null

2019-04-26 10:59:35 - [TEST_STEP][PASSED] - Statement - Next = driver.findElement(org.openqa.selenium.By.xpath("//*[@id="ajax_data"]/ul/li[9]/a")): null

2019-04-26 10:59:35 - [TEST_STEP][PASSED] - Statement - Next.click(): null

2019-04-26 10:59:35 - [TEST_STEP][PASSED] - scrollToPosition: Browser is scrolled to position x = 0, y = 0

2019-04-26 10:59:35 - [MESSAGE][PASSED] - Browser is scrolled to position x = 0, y = 0

2019-04-26 10:59:35 - [TEST_STEP][PASSED] - delay: Delayed 5 second(s)

2019-04-26 10:59:40 - [MESSAGE][PASSED] - Delayed 5 second(s)

2019-04-26 10:59:40 - [TEST_STEP][PASSED] - verifyTextPresent: Text 'Imran Bhatti' is present on page 

2019-04-26 10:59:40 - [MESSAGE][PASSED] - Text 'Imran Bhatti' is present on page 

2019-04-26 10:59:40 - [TEST_STEP][PASSED] - verifyTextNotPresent: Text 'Zain Majid' is not present on page

2019-04-26 10:59:41 - [MESSAGE][PASSED] - Text 'Zain Majid' is not present on page]]></system-out>
         <system-err><![CDATA[]]></system-err>
      </testcase>
      <testcase name="Test Cases/Operational_Dashboard/124" classname="Test Cases/Operational_Dashboard/124" status="ERROR">
         <error type="ERROR" message="Test Cases/Operational_Dashboard/124 FAILED because (of) org.openqa.selenium.WebDriverException: unknown error: Element &lt;a class=&quot;m-btn m-btn--pill m-btn--hover-brand btn btn-sm btn-secondary&quot;>...&lt;/a> is not clickable at point (706, 499). Other element would receive the click: &lt;path stroke=&quot;#82ca9d&quot; stroke-width=&quot;1&quot; fill=&quot;none&quot; width=&quot;530&quot; height=&quot;239&quot; class=&quot;recharts-curve recharts-line-curve&quot; d=&quot;M65,244C84.62962962962963,242.00833333333333,104.25925925925925,240.01666666666668,123.88888888888889,232.05C143.5185185185185,224.08333333333334,163.14814814814815,10.974999999999994,182.77777777777777,10.974999999999994C202.4074074074074,10.974999999999994,222.03703703703704,234.04166666666669,241.66666666666666,238.025C261.2962962962963,242.00833333333333,280.9259259259259,244,300.55555555555554,244C320.18518518518516,244,339.81481481481484,244,359.44444444444446,244C379.0740740740741,244,398.7037037037037,232.05,418.3333333333333,232.05C437.96296296296293,232.05,457.59259259259255,232.05,477.2222222222222,232.05C496.8518518518518,232.05,516.4814814814814,244,536.1111111111111,244C555.7407407407408,244,575.3703703703703,238.025,595,232.05&quot;>&lt;/path>
  (Session info: chrome=73.0.3683.103)
  (Driver info: chromedriver=2.35.528161 (5b82f2d2aae0ca24b877009200ced9065a772e73),platform=Windows NT 10.0.17134 x86_64) (WARNING: The server did not provide any stacktrace information)
Command duration or timeout: 0 milliseconds
Build info: version: '3.7.1', revision: '8a0099a', time: '2017-11-06T21:07:36.161Z'
System info: host: 'DESKTOP-4M6R1V0', ip: '10.0.2.15', os.name: 'Windows 10', os.arch: 'amd64', os.version: '10.0', java.version: '1.8.0_181'
Driver info: com.kms.katalon.selenium.driver.CChromeDriver
Capabilities {acceptInsecureCerts: false, acceptSslCerts: false, applicationCacheEnabled: false, browserConnectionEnabled: false, browserName: chrome, chrome: {chromedriverVersion: 2.35.528161 (5b82f2d2aae0ca..., userDataDir: C:\Users\CLOUDK~1\AppData\L...}, cssSelectorsEnabled: true, databaseEnabled: false, handlesAlerts: true, hasTouchScreen: false, javascriptEnabled: true, locationContextEnabled: true, mobileEmulationEnabled: false, nativeEvents: true, networkConnectionEnabled: false, pageLoadStrategy: normal, platform: XP, platformName: XP, rotatable: false, setWindowRect: true, takesHeapSnapshot: true, takesScreenshot: true, unexpectedAlertBehaviour: , unhandledPromptBehavior: , version: 73.0.3683.103, webStorageEnabled: true}
Session ID: e30c37e72384922c98aa97af135c90bb"/>
         <system-out><![CDATA[2019-04-26 10:59:41 - [TEST_CASE][ERROR] - Test Cases/Operational_Dashboard/124: Test Cases/Operational_Dashboard/124 FAILED because (of) org.openqa.selenium.WebDriverException: unknown error: Element <a class="m-btn m-btn--pill m-btn--hover-brand btn btn-sm btn-secondary">...</a> is not clickable at point (706, 499). Other element would receive the click: <path stroke="#82ca9d" stroke-width="1" fill="none" width="530" height="239" class="recharts-curve recharts-line-curve" d="M65,244C84.62962962962963,242.00833333333333,104.25925925925925,240.01666666666668,123.88888888888889,232.05C143.5185185185185,224.08333333333334,163.14814814814815,10.974999999999994,182.77777777777777,10.974999999999994C202.4074074074074,10.974999999999994,222.03703703703704,234.04166666666669,241.66666666666666,238.025C261.2962962962963,242.00833333333333,280.9259259259259,244,300.55555555555554,244C320.18518518518516,244,339.81481481481484,244,359.44444444444446,244C379.0740740740741,244,398.7037037037037,232.05,418.3333333333333,232.05C437.96296296296293,232.05,457.59259259259255,232.05,477.2222222222222,232.05C496.8518518518518,232.05,516.4814814814814,244,536.1111111111111,244C555.7407407407408,244,575.3703703703703,238.025,595,232.05"></path>
  (Session info: chrome=73.0.3683.103)
  (Driver info: chromedriver=2.35.528161 (5b82f2d2aae0ca24b877009200ced9065a772e73),platform=Windows NT 10.0.17134 x86_64) (WARNING: The server did not provide any stacktrace information)
Command duration or timeout: 0 milliseconds
Build info: version: '3.7.1', revision: '8a0099a', time: '2017-11-06T21:07:36.161Z'
System info: host: 'DESKTOP-4M6R1V0', ip: '10.0.2.15', os.name: 'Windows 10', os.arch: 'amd64', os.version: '10.0', java.version: '1.8.0_181'
Driver info: com.kms.katalon.selenium.driver.CChromeDriver
Capabilities {acceptInsecureCerts: false, acceptSslCerts: false, applicationCacheEnabled: false, browserConnectionEnabled: false, browserName: chrome, chrome: {chromedriverVersion: 2.35.528161 (5b82f2d2aae0ca..., userDataDir: C:\Users\CLOUDK~1\AppData\L...}, cssSelectorsEnabled: true, databaseEnabled: false, handlesAlerts: true, hasTouchScreen: false, javascriptEnabled: true, locationContextEnabled: true, mobileEmulationEnabled: false, nativeEvents: true, networkConnectionEnabled: false, pageLoadStrategy: normal, platform: XP, platformName: XP, rotatable: false, setWindowRect: true, takesHeapSnapshot: true, takesScreenshot: true, unexpectedAlertBehaviour: , unhandledPromptBehavior: , version: 73.0.3683.103, webStorageEnabled: true}
Session ID: e30c37e72384922c98aa97af135c90bb

2019-04-26 10:59:41 - [TEST_STEP][FAILED] - callTestCase: Unable to call Test Case with id 'Test Cases/Operational_Dashboard/123' (Root cause: Call Test Case 'Test Cases/Operational_Dashboard/123' failed because of error(s))

2019-04-26 10:59:41 - [TEST_CASE][ERROR] - Test Cases/Operational_Dashboard/123: Test Cases/Operational_Dashboard/123 FAILED because (of) org.openqa.selenium.WebDriverException: unknown error: Element <a class="m-btn m-btn--pill m-btn--hover-brand btn btn-sm btn-secondary">...</a> is not clickable at point (706, 499). Other element would receive the click: <path stroke="#82ca9d" stroke-width="1" fill="none" width="530" height="239" class="recharts-curve recharts-line-curve" d="M65,244C84.62962962962963,242.00833333333333,104.25925925925925,240.01666666666668,123.88888888888889,232.05C143.5185185185185,224.08333333333334,163.14814814814815,10.974999999999994,182.77777777777777,10.974999999999994C202.4074074074074,10.974999999999994,222.03703703703704,234.04166666666669,241.66666666666666,238.025C261.2962962962963,242.00833333333333,280.9259259259259,244,300.55555555555554,244C320.18518518518516,244,339.81481481481484,244,359.44444444444446,244C379.0740740740741,244,398.7037037037037,232.05,418.3333333333333,232.05C437.96296296296293,232.05,457.59259259259255,232.05,477.2222222222222,232.05C496.8518518518518,232.05,516.4814814814814,244,536.1111111111111,244C555.7407407407408,244,575.3703703703703,238.025,595,232.05"></path>
  (Session info: chrome=73.0.3683.103)
  (Driver info: chromedriver=2.35.528161 (5b82f2d2aae0ca24b877009200ced9065a772e73),platform=Windows NT 10.0.17134 x86_64) (WARNING: The server did not provide any stacktrace information)
Command duration or timeout: 0 milliseconds
Build info: version: '3.7.1', revision: '8a0099a', time: '2017-11-06T21:07:36.161Z'
System info: host: 'DESKTOP-4M6R1V0', ip: '10.0.2.15', os.name: 'Windows 10', os.arch: 'amd64', os.version: '10.0', java.version: '1.8.0_181'
Driver info: com.kms.katalon.selenium.driver.CChromeDriver
Capabilities {acceptInsecureCerts: false, acceptSslCerts: false, applicationCacheEnabled: false, browserConnectionEnabled: false, browserName: chrome, chrome: {chromedriverVersion: 2.35.528161 (5b82f2d2aae0ca..., userDataDir: C:\Users\CLOUDK~1\AppData\L...}, cssSelectorsEnabled: true, databaseEnabled: false, handlesAlerts: true, hasTouchScreen: false, javascriptEnabled: true, locationContextEnabled: true, mobileEmulationEnabled: false, nativeEvents: true, networkConnectionEnabled: false, pageLoadStrategy: normal, platform: XP, platformName: XP, rotatable: false, setWindowRect: true, takesHeapSnapshot: true, takesScreenshot: true, unexpectedAlertBehaviour: , unhandledPromptBehavior: , version: 73.0.3683.103, webStorageEnabled: true}
Session ID: e30c37e72384922c98aa97af135c90bb

2019-04-26 10:59:41 - [TEST_STEP][FAILED] - callTestCase: Unable to call Test Case with id 'Test Cases/Operational_Dashboard/117' (Root cause: Call Test Case 'Test Cases/Operational_Dashboard/117' failed because of error(s))

2019-04-26 10:59:41 - [TEST_CASE][ERROR] - Test Cases/Operational_Dashboard/117: Test Cases/Operational_Dashboard/117 FAILED because (of) org.openqa.selenium.WebDriverException: unknown error: Element <a class="m-btn m-btn--pill m-btn--hover-brand btn btn-sm btn-secondary">...</a> is not clickable at point (706, 499). Other element would receive the click: <path stroke="#82ca9d" stroke-width="1" fill="none" width="530" height="239" class="recharts-curve recharts-line-curve" d="M65,244C84.62962962962963,242.00833333333333,104.25925925925925,240.01666666666668,123.88888888888889,232.05C143.5185185185185,224.08333333333334,163.14814814814815,10.974999999999994,182.77777777777777,10.974999999999994C202.4074074074074,10.974999999999994,222.03703703703704,234.04166666666669,241.66666666666666,238.025C261.2962962962963,242.00833333333333,280.9259259259259,244,300.55555555555554,244C320.18518518518516,244,339.81481481481484,244,359.44444444444446,244C379.0740740740741,244,398.7037037037037,232.05,418.3333333333333,232.05C437.96296296296293,232.05,457.59259259259255,232.05,477.2222222222222,232.05C496.8518518518518,232.05,516.4814814814814,244,536.1111111111111,244C555.7407407407408,244,575.3703703703703,238.025,595,232.05"></path>
  (Session info: chrome=73.0.3683.103)
  (Driver info: chromedriver=2.35.528161 (5b82f2d2aae0ca24b877009200ced9065a772e73),platform=Windows NT 10.0.17134 x86_64) (WARNING: The server did not provide any stacktrace information)
Command duration or timeout: 0 milliseconds
Build info: version: '3.7.1', revision: '8a0099a', time: '2017-11-06T21:07:36.161Z'
System info: host: 'DESKTOP-4M6R1V0', ip: '10.0.2.15', os.name: 'Windows 10', os.arch: 'amd64', os.version: '10.0', java.version: '1.8.0_181'
Driver info: com.kms.katalon.selenium.driver.CChromeDriver
Capabilities {acceptInsecureCerts: false, acceptSslCerts: false, applicationCacheEnabled: false, browserConnectionEnabled: false, browserName: chrome, chrome: {chromedriverVersion: 2.35.528161 (5b82f2d2aae0ca..., userDataDir: C:\Users\CLOUDK~1\AppData\L...}, cssSelectorsEnabled: true, databaseEnabled: false, handlesAlerts: true, hasTouchScreen: false, javascriptEnabled: true, locationContextEnabled: true, mobileEmulationEnabled: false, nativeEvents: true, networkConnectionEnabled: false, pageLoadStrategy: normal, platform: XP, platformName: XP, rotatable: false, setWindowRect: true, takesHeapSnapshot: true, takesScreenshot: true, unexpectedAlertBehaviour: , unhandledPromptBehavior: , version: 73.0.3683.103, webStorageEnabled: true}
Session ID: e30c37e72384922c98aa97af135c90bb

2019-04-26 10:59:41 - [TEST_STEP][PASSED] - callTestCase: Call Test Case 'Test Cases/Operational_Dashboard/Login' successfully

2019-04-26 10:59:41 - [TEST_CASE][PASSED] - Test Cases/Operational_Dashboard/Login: Test Cases/Operational_Dashboard/Login

2019-04-26 10:59:41 - [TEST_STEP][PASSED] - callTestCase: Call Test Case 'Test Cases/s-sidebar_navigation/individualAccount/operationalDashboard' successfully

2019-04-26 10:59:41 - [TEST_CASE][PASSED] - Test Cases/s-sidebar_navigation/individualAccount/operationalDashboard: Test Cases/s-sidebar_navigation/individualAccount/operationalDashboard

2019-04-26 10:59:41 - [TEST_STEP][PASSED] - click: Object: 'Object Repository/Page_KiboEngage  Subscribers/span_Subscribers' is clicked on

2019-04-26 10:59:42 - [MESSAGE][PASSED] - Object: 'Object Repository/Page_KiboEngage  Subscribers/span_Subscribers' is clicked on

2019-04-26 10:59:42 - [TEST_STEP][PASSED] - click: Object: 'Object Repository/Page_KiboEngage  Subscribers/span_Operational Dashboard (1)' is clicked on

2019-04-26 10:59:42 - [MESSAGE][PASSED] - Object: 'Object Repository/Page_KiboEngage  Subscribers/span_Operational Dashboard (1)' is clicked on

2019-04-26 10:59:42 - [TEST_STEP][PASSED] - scrollToPosition: Browser is scrolled to position x = 0, y = 0

2019-04-26 10:59:42 - [MESSAGE][PASSED] - Browser is scrolled to position x = 0, y = 0

2019-04-26 10:59:42 - [TEST_STEP][PASSED] - click: Object: 'Object Repository/Page_KiboEngage  Operational Dashbo/h3_Pages Info (4)' is clicked on

2019-04-26 10:59:42 - [MESSAGE][PASSED] - Object: 'Object Repository/Page_KiboEngage  Operational Dashbo/h3_Pages Info (4)' is clicked on

2019-04-26 10:59:42 - [MESSAGE][PASSED] - Call Test Case 'Test Cases/s-sidebar_navigation/individualAccount/operationalDashboard' successfully

2019-04-26 10:59:42 - [MESSAGE][PASSED] - Call Test Case 'Test Cases/Operational_Dashboard/Login' successfully

2019-04-26 10:59:42 - [TEST_STEP][PASSED] - Statement - driver = com.kms.katalon.core.webui.driver.DriverFactory.getWebDriver(): null

2019-04-26 10:59:42 - [TEST_STEP][PASSED] - Statement - subscriber = driver.findElement(org.openqa.selenium.By.xpath("//*[@id="m_widget5_tab1_content"]/div/div[1]/div[1]/div/div[4]/span/a")): null

2019-04-26 10:59:42 - [TEST_STEP][PASSED] - Statement - subscriber.click(): null

2019-04-26 10:59:43 - [MESSAGE][FAILED] - Unable to call Test Case with id 'Test Cases/Operational_Dashboard/117' (Root cause: Call Test Case 'Test Cases/Operational_Dashboard/117' failed because of error(s))

2019-04-26 10:59:43 - [MESSAGE][FAILED] - Unable to call Test Case with id 'Test Cases/Operational_Dashboard/123' (Root cause: Call Test Case 'Test Cases/Operational_Dashboard/123' failed because of error(s))]]></system-out>
         <system-err><![CDATA[2019-04-26 10:59:41 - [TEST_CASE][ERROR] - Test Cases/Operational_Dashboard/124: Test Cases/Operational_Dashboard/124 FAILED because (of) org.openqa.selenium.WebDriverException: unknown error: Element <a class="m-btn m-btn--pill m-btn--hover-brand btn btn-sm btn-secondary">...</a> is not clickable at point (706, 499). Other element would receive the click: <path stroke="#82ca9d" stroke-width="1" fill="none" width="530" height="239" class="recharts-curve recharts-line-curve" d="M65,244C84.62962962962963,242.00833333333333,104.25925925925925,240.01666666666668,123.88888888888889,232.05C143.5185185185185,224.08333333333334,163.14814814814815,10.974999999999994,182.77777777777777,10.974999999999994C202.4074074074074,10.974999999999994,222.03703703703704,234.04166666666669,241.66666666666666,238.025C261.2962962962963,242.00833333333333,280.9259259259259,244,300.55555555555554,244C320.18518518518516,244,339.81481481481484,244,359.44444444444446,244C379.0740740740741,244,398.7037037037037,232.05,418.3333333333333,232.05C437.96296296296293,232.05,457.59259259259255,232.05,477.2222222222222,232.05C496.8518518518518,232.05,516.4814814814814,244,536.1111111111111,244C555.7407407407408,244,575.3703703703703,238.025,595,232.05"></path>
  (Session info: chrome=73.0.3683.103)
  (Driver info: chromedriver=2.35.528161 (5b82f2d2aae0ca24b877009200ced9065a772e73),platform=Windows NT 10.0.17134 x86_64) (WARNING: The server did not provide any stacktrace information)
Command duration or timeout: 0 milliseconds
Build info: version: '3.7.1', revision: '8a0099a', time: '2017-11-06T21:07:36.161Z'
System info: host: 'DESKTOP-4M6R1V0', ip: '10.0.2.15', os.name: 'Windows 10', os.arch: 'amd64', os.version: '10.0', java.version: '1.8.0_181'
Driver info: com.kms.katalon.selenium.driver.CChromeDriver
Capabilities {acceptInsecureCerts: false, acceptSslCerts: false, applicationCacheEnabled: false, browserConnectionEnabled: false, browserName: chrome, chrome: {chromedriverVersion: 2.35.528161 (5b82f2d2aae0ca..., userDataDir: C:\Users\CLOUDK~1\AppData\L...}, cssSelectorsEnabled: true, databaseEnabled: false, handlesAlerts: true, hasTouchScreen: false, javascriptEnabled: true, locationContextEnabled: true, mobileEmulationEnabled: false, nativeEvents: true, networkConnectionEnabled: false, pageLoadStrategy: normal, platform: XP, platformName: XP, rotatable: false, setWindowRect: true, takesHeapSnapshot: true, takesScreenshot: true, unexpectedAlertBehaviour: , unhandledPromptBehavior: , version: 73.0.3683.103, webStorageEnabled: true}
Session ID: e30c37e72384922c98aa97af135c90bb]]></system-err>
      </testcase>
      <testcase name="Test Cases/Operational_Dashboard/125" classname="Test Cases/Operational_Dashboard/125" status="PASSED">
         <system-out><![CDATA[2019-04-26 10:59:43 - [TEST_CASE][PASSED] - Test Cases/Operational_Dashboard/125: Test Cases/Operational_Dashboard/125

2019-04-26 10:59:43 - [TEST_STEP][PASSED] - callTestCase: Call Test Case 'Test Cases/Operational_Dashboard/117' successfully

2019-04-26 10:59:43 - [TEST_CASE][PASSED] - Test Cases/Operational_Dashboard/117: Test Cases/Operational_Dashboard/117

2019-04-26 10:59:43 - [TEST_STEP][PASSED] - callTestCase: Call Test Case 'Test Cases/Operational_Dashboard/Login' successfully

2019-04-26 10:59:43 - [TEST_CASE][PASSED] - Test Cases/Operational_Dashboard/Login: Test Cases/Operational_Dashboard/Login

2019-04-26 10:59:43 - [TEST_STEP][PASSED] - callTestCase: Call Test Case 'Test Cases/s-sidebar_navigation/individualAccount/operationalDashboard' successfully

2019-04-26 10:59:43 - [TEST_CASE][PASSED] - Test Cases/s-sidebar_navigation/individualAccount/operationalDashboard: Test Cases/s-sidebar_navigation/individualAccount/operationalDashboard

2019-04-26 10:59:43 - [TEST_STEP][PASSED] - click: Object: 'Object Repository/Page_KiboEngage  Subscribers/span_Subscribers' is clicked on

2019-04-26 10:59:44 - [MESSAGE][PASSED] - Object: 'Object Repository/Page_KiboEngage  Subscribers/span_Subscribers' is clicked on

2019-04-26 10:59:44 - [TEST_STEP][PASSED] - click: Object: 'Object Repository/Page_KiboEngage  Subscribers/span_Operational Dashboard (1)' is clicked on

2019-04-26 10:59:45 - [MESSAGE][PASSED] - Object: 'Object Repository/Page_KiboEngage  Subscribers/span_Operational Dashboard (1)' is clicked on

2019-04-26 10:59:45 - [TEST_STEP][PASSED] - scrollToPosition: Browser is scrolled to position x = 0, y = 0

2019-04-26 10:59:45 - [MESSAGE][PASSED] - Browser is scrolled to position x = 0, y = 0

2019-04-26 10:59:45 - [TEST_STEP][PASSED] - click: Object: 'Object Repository/Page_KiboEngage  Operational Dashbo/h3_Pages Info (4)' is clicked on

2019-04-26 10:59:46 - [MESSAGE][PASSED] - Object: 'Object Repository/Page_KiboEngage  Operational Dashbo/h3_Pages Info (4)' is clicked on

2019-04-26 10:59:46 - [MESSAGE][PASSED] - Call Test Case 'Test Cases/s-sidebar_navigation/individualAccount/operationalDashboard' successfully

2019-04-26 10:59:46 - [MESSAGE][PASSED] - Call Test Case 'Test Cases/Operational_Dashboard/Login' successfully

2019-04-26 10:59:46 - [TEST_STEP][PASSED] - Statement - driver = com.kms.katalon.core.webui.driver.DriverFactory.getWebDriver(): null

2019-04-26 10:59:46 - [TEST_STEP][PASSED] - Statement - subscriber = driver.findElement(org.openqa.selenium.By.xpath("//*[@id="m_widget5_tab1_content"]/div/div[1]/div[1]/div/div[4]/span/a")): null

2019-04-26 10:59:46 - [TEST_STEP][PASSED] - Statement - subscriber.click(): null

2019-04-26 10:59:47 - [TEST_STEP][PASSED] - scrollToPosition: Browser is scrolled to position x = 0, y = 0

2019-04-26 10:59:47 - [MESSAGE][PASSED] - Browser is scrolled to position x = 0, y = 0

2019-04-26 10:59:47 - [TEST_STEP][PASSED] - click: Object: 'Object Repository/Page_KiboEngage  Page Subscribers/h3_Subscribers' is clicked on

2019-04-26 10:59:47 - [MESSAGE][PASSED] - Object: 'Object Repository/Page_KiboEngage  Page Subscribers/h3_Subscribers' is clicked on

2019-04-26 10:59:47 - [TEST_STEP][PASSED] - delay: Delayed 5 second(s)

2019-04-26 10:59:52 - [MESSAGE][PASSED] - Delayed 5 second(s)

2019-04-26 10:59:52 - [TEST_STEP][PASSED] - Statement - Table = driver.findElement(org.openqa.selenium.By.xpath("//table/tbody")): null

2019-04-26 10:59:52 - [TEST_STEP][PASSED] - Statement - rows_table = Table.findElements(org.openqa.selenium.By.tagName("tr")): null

2019-04-26 10:59:52 - [TEST_STEP][PASSED] - Statement - rows_count = rows_table.size(): null

2019-04-26 10:59:52 - [TEST_STEP][PASSED] - verifyEqual: Actual object '10' and expected object '10' are equal

2019-04-26 10:59:52 - [MESSAGE][PASSED] - Actual object '10' and expected object '10' are equal

2019-04-26 10:59:52 - [MESSAGE][PASSED] - Call Test Case 'Test Cases/Operational_Dashboard/117' successfully

2019-04-26 10:59:52 - [TEST_STEP][PASSED] - verifyTextPresent: Text 'Zain Majid' is present on page 

2019-04-26 10:59:53 - [MESSAGE][PASSED] - Text 'Zain Majid' is present on page 

2019-04-26 10:59:53 - [TEST_STEP][PASSED] - Statement - driver = com.kms.katalon.core.webui.driver.DriverFactory.getWebDriver(): null

2019-04-26 10:59:53 - [TEST_STEP][PASSED] - Statement - Next = driver.findElement(org.openqa.selenium.By.xpath("//*[@id="ajax_data"]/ul/li[3]/a")): null

2019-04-26 10:59:53 - [TEST_STEP][PASSED] - Statement - Next.click(): null

2019-04-26 10:59:53 - [TEST_STEP][PASSED] - scrollToPosition: Browser is scrolled to position x = 0, y = 0

2019-04-26 10:59:53 - [MESSAGE][PASSED] - Browser is scrolled to position x = 0, y = 0

2019-04-26 10:59:53 - [TEST_STEP][PASSED] - delay: Delayed 5 second(s)

2019-04-26 10:59:58 - [MESSAGE][PASSED] - Delayed 5 second(s)

2019-04-26 10:59:58 - [TEST_STEP][PASSED] - verifyTextPresent: Text 'Imran Bhatti' is present on page 

2019-04-26 10:59:58 - [MESSAGE][PASSED] - Text 'Imran Bhatti' is present on page 

2019-04-26 10:59:58 - [TEST_STEP][PASSED] - verifyTextNotPresent: Text 'Zain Majid' is not present on page

2019-04-26 10:59:59 - [MESSAGE][PASSED] - Text 'Zain Majid' is not present on page]]></system-out>
         <system-err><![CDATA[]]></system-err>
      </testcase>
      <testcase name="Test Cases/Operational_Dashboard/126" classname="Test Cases/Operational_Dashboard/126" status="FAILED">
         <failure type="FAILED" message="Unable to verify equal between actual object '10' and expected object '0' (Root cause: Actual object '10' and expected object '0' are not equal)"/>
         <system-out><![CDATA[2019-04-26 10:59:59 - [TEST_CASE][FAILED] - Test Cases/Operational_Dashboard/126: Test Cases/Operational_Dashboard/126 FAILED because (of) Unable to verify equal between actual object '10' and expected object '0' (Root cause: Actual object '10' and expected object '0' are not equal)

2019-04-26 10:59:59 - [TEST_STEP][PASSED] - callTestCase: Call Test Case 'Test Cases/Operational_Dashboard/Login' successfully

2019-04-26 10:59:59 - [TEST_CASE][PASSED] - Test Cases/Operational_Dashboard/Login: Test Cases/Operational_Dashboard/Login

2019-04-26 10:59:59 - [TEST_STEP][PASSED] - callTestCase: Call Test Case 'Test Cases/s-sidebar_navigation/individualAccount/operationalDashboard' successfully

2019-04-26 10:59:59 - [TEST_CASE][PASSED] - Test Cases/s-sidebar_navigation/individualAccount/operationalDashboard: Test Cases/s-sidebar_navigation/individualAccount/operationalDashboard

2019-04-26 10:59:59 - [TEST_STEP][PASSED] - click: Object: 'Object Repository/Page_KiboEngage  Subscribers/span_Subscribers' is clicked on

2019-04-26 10:59:59 - [MESSAGE][PASSED] - Object: 'Object Repository/Page_KiboEngage  Subscribers/span_Subscribers' is clicked on

2019-04-26 10:59:59 - [TEST_STEP][PASSED] - click: Object: 'Object Repository/Page_KiboEngage  Subscribers/span_Operational Dashboard (1)' is clicked on

2019-04-26 11:00:00 - [MESSAGE][PASSED] - Object: 'Object Repository/Page_KiboEngage  Subscribers/span_Operational Dashboard (1)' is clicked on

2019-04-26 11:00:00 - [TEST_STEP][PASSED] - scrollToPosition: Browser is scrolled to position x = 0, y = 0

2019-04-26 11:00:00 - [MESSAGE][PASSED] - Browser is scrolled to position x = 0, y = 0

2019-04-26 11:00:00 - [TEST_STEP][PASSED] - click: Object: 'Object Repository/Page_KiboEngage  Operational Dashbo/h3_Pages Info (4)' is clicked on

2019-04-26 11:00:00 - [MESSAGE][PASSED] - Object: 'Object Repository/Page_KiboEngage  Operational Dashbo/h3_Pages Info (4)' is clicked on

2019-04-26 11:00:00 - [MESSAGE][PASSED] - Call Test Case 'Test Cases/s-sidebar_navigation/individualAccount/operationalDashboard' successfully

2019-04-26 11:00:00 - [MESSAGE][PASSED] - Call Test Case 'Test Cases/Operational_Dashboard/Login' successfully

2019-04-26 11:00:00 - [TEST_STEP][PASSED] - delay: Delayed 5 second(s)

2019-04-26 11:00:05 - [MESSAGE][PASSED] - Delayed 5 second(s)

2019-04-26 11:00:05 - [TEST_STEP][PASSED] - Statement - driver = com.kms.katalon.core.webui.driver.DriverFactory.getWebDriver(): null

2019-04-26 11:00:05 - [TEST_STEP][PASSED] - Statement - users = driver.findElements(org.openqa.selenium.By.xpath("//*[@id="content"]/div/div/div/div[2]/div[3]/div[4]/div[2]/div/div[2]/div/div/div/div/div/div/div/div/div")): null

2019-04-26 11:00:05 - [TEST_STEP][PASSED] - Statement - println(users.size()): null

2019-04-26 11:00:05 - [TEST_STEP][FAILED] - verifyEqual: Unable to verify equal between actual object '10' and expected object '0' (Root cause: Actual object '10' and expected object '0' are not equal)

2019-04-26 11:00:05 - [MESSAGE][FAILED] - Unable to verify equal between actual object '10' and expected object '0' (Root cause: Actual object '10' and expected object '0' are not equal)]]></system-out>
         <system-err><![CDATA[2019-04-26 10:59:59 - [TEST_CASE][FAILED] - Test Cases/Operational_Dashboard/126: Test Cases/Operational_Dashboard/126 FAILED because (of) Unable to verify equal between actual object '10' and expected object '0' (Root cause: Actual object '10' and expected object '0' are not equal)]]></system-err>
      </testcase>
      <testcase name="Test Cases/Operational_Dashboard/127" classname="Test Cases/Operational_Dashboard/127" status="FAILED">
         <failure type="FAILED" message="Unable to verify equal between actual object '1' and expected object '0' (Root cause: Actual object '1' and expected object '0' are not equal)"/>
         <system-out><![CDATA[2019-04-26 11:00:05 - [TEST_CASE][FAILED] - Test Cases/Operational_Dashboard/127: Test Cases/Operational_Dashboard/127 FAILED because (of) Unable to verify equal between actual object '1' and expected object '0' (Root cause: Actual object '1' and expected object '0' are not equal)

2019-04-26 11:00:06 - [TEST_STEP][PASSED] - callTestCase: Call Test Case 'Test Cases/Operational_Dashboard/Login' successfully

2019-04-26 11:00:06 - [TEST_CASE][PASSED] - Test Cases/Operational_Dashboard/Login: Test Cases/Operational_Dashboard/Login

2019-04-26 11:00:06 - [TEST_STEP][PASSED] - callTestCase: Call Test Case 'Test Cases/s-sidebar_navigation/individualAccount/operationalDashboard' successfully

2019-04-26 11:00:06 - [TEST_CASE][PASSED] - Test Cases/s-sidebar_navigation/individualAccount/operationalDashboard: Test Cases/s-sidebar_navigation/individualAccount/operationalDashboard

2019-04-26 11:00:06 - [TEST_STEP][PASSED] - click: Object: 'Object Repository/Page_KiboEngage  Subscribers/span_Subscribers' is clicked on

2019-04-26 11:00:07 - [MESSAGE][PASSED] - Object: 'Object Repository/Page_KiboEngage  Subscribers/span_Subscribers' is clicked on

2019-04-26 11:00:07 - [TEST_STEP][PASSED] - click: Object: 'Object Repository/Page_KiboEngage  Subscribers/span_Operational Dashboard (1)' is clicked on

2019-04-26 11:00:07 - [MESSAGE][PASSED] - Object: 'Object Repository/Page_KiboEngage  Subscribers/span_Operational Dashboard (1)' is clicked on

2019-04-26 11:00:07 - [TEST_STEP][PASSED] - scrollToPosition: Browser is scrolled to position x = 0, y = 0

2019-04-26 11:00:07 - [MESSAGE][PASSED] - Browser is scrolled to position x = 0, y = 0

2019-04-26 11:00:07 - [TEST_STEP][PASSED] - click: Object: 'Object Repository/Page_KiboEngage  Operational Dashbo/h3_Pages Info (4)' is clicked on

2019-04-26 11:00:07 - [MESSAGE][PASSED] - Object: 'Object Repository/Page_KiboEngage  Operational Dashbo/h3_Pages Info (4)' is clicked on

2019-04-26 11:00:07 - [MESSAGE][PASSED] - Call Test Case 'Test Cases/s-sidebar_navigation/individualAccount/operationalDashboard' successfully

2019-04-26 11:00:07 - [MESSAGE][PASSED] - Call Test Case 'Test Cases/Operational_Dashboard/Login' successfully

2019-04-26 11:00:07 - [TEST_STEP][PASSED] - delay: Delayed 5 second(s)

2019-04-26 11:00:12 - [MESSAGE][PASSED] - Delayed 5 second(s)

2019-04-26 11:00:12 - [TEST_STEP][PASSED] - setText: Text 'cloudkibo' is set on object 'Object Repository/Page_KiboEngage  Operational Dashbo/input_form-control m-input m-i'

2019-04-26 11:00:13 - [MESSAGE][PASSED] - Text 'cloudkibo' is set on object 'Object Repository/Page_KiboEngage  Operational Dashbo/input_form-control m-input m-i'

2019-04-26 11:00:13 - [TEST_STEP][PASSED] - delay: Delayed 5 second(s)

2019-04-26 11:00:18 - [MESSAGE][PASSED] - Delayed 5 second(s)

2019-04-26 11:00:18 - [TEST_STEP][PASSED] - Statement - driver = com.kms.katalon.core.webui.driver.DriverFactory.getWebDriver(): null

2019-04-26 11:00:18 - [TEST_STEP][PASSED] - Statement - users = driver.findElements(org.openqa.selenium.By.xpath("//*[@id="content"]/div/div/div/div[2]/div[3]/div[4]/div[2]/div/div[2]/div/div/div/div/div/div/div/div/div")): null

2019-04-26 11:00:18 - [TEST_STEP][PASSED] - Statement - println(users.size()): null

2019-04-26 11:00:18 - [TEST_STEP][FAILED] - verifyEqual: Unable to verify equal between actual object '1' and expected object '0' (Root cause: Actual object '1' and expected object '0' are not equal)

2019-04-26 11:00:18 - [MESSAGE][FAILED] - Unable to verify equal between actual object '1' and expected object '0' (Root cause: Actual object '1' and expected object '0' are not equal)]]></system-out>
         <system-err><![CDATA[2019-04-26 11:00:05 - [TEST_CASE][FAILED] - Test Cases/Operational_Dashboard/127: Test Cases/Operational_Dashboard/127 FAILED because (of) Unable to verify equal between actual object '1' and expected object '0' (Root cause: Actual object '1' and expected object '0' are not equal)]]></system-err>
      </testcase>
      <testcase name="Test Cases/Operational_Dashboard/128" classname="Test Cases/Operational_Dashboard/128" status="FAILED">
         <failure type="FAILED" message="Unable to select option by value 'male' of object 'Object Repository/Page_KiboEngage  Operational Dashbo/select_Filter by gender...AllM'  using regular expression (Root cause: com.kms.katalon.core.webui.exception.WebElementNotFoundException: Web element with id: 'Object Repository/Page_KiboEngage  Operational Dashbo/select_Filter by gender...AllM' located by 'By.xpath: //select[@id = 'm_form_status' and (text() = 'Filter by gender...AllMaleFemaleOther' or . = 'Filter by gender...AllMaleFemaleOther')]' not found)"/>
         <system-out><![CDATA[2019-04-26 11:00:18 - [TEST_CASE][FAILED] - Test Cases/Operational_Dashboard/128: Test Cases/Operational_Dashboard/128 FAILED because (of) Unable to select option by value 'male' of object 'Object Repository/Page_KiboEngage  Operational Dashbo/select_Filter by gender...AllM'  using regular expression (Root cause: com.kms.katalon.core.webui.exception.WebElementNotFoundException: Web element with id: 'Object Repository/Page_KiboEngage  Operational Dashbo/select_Filter by gender...AllM' located by 'By.xpath: //select[@id = 'm_form_status' and (text() = 'Filter by gender...AllMaleFemaleOther' or . = 'Filter by gender...AllMaleFemaleOther')]' not found)

2019-04-26 11:00:19 - [TEST_STEP][PASSED] - callTestCase: Call Test Case 'Test Cases/Operational_Dashboard/Login' successfully

2019-04-26 11:00:19 - [TEST_CASE][PASSED] - Test Cases/Operational_Dashboard/Login: Test Cases/Operational_Dashboard/Login

2019-04-26 11:00:19 - [TEST_STEP][PASSED] - callTestCase: Call Test Case 'Test Cases/s-sidebar_navigation/individualAccount/operationalDashboard' successfully

2019-04-26 11:00:19 - [TEST_CASE][PASSED] - Test Cases/s-sidebar_navigation/individualAccount/operationalDashboard: Test Cases/s-sidebar_navigation/individualAccount/operationalDashboard

2019-04-26 11:00:19 - [TEST_STEP][PASSED] - click: Object: 'Object Repository/Page_KiboEngage  Subscribers/span_Subscribers' is clicked on

2019-04-26 11:00:19 - [MESSAGE][PASSED] - Object: 'Object Repository/Page_KiboEngage  Subscribers/span_Subscribers' is clicked on

2019-04-26 11:00:19 - [TEST_STEP][PASSED] - click: Object: 'Object Repository/Page_KiboEngage  Subscribers/span_Operational Dashboard (1)' is clicked on

2019-04-26 11:00:21 - [MESSAGE][PASSED] - Object: 'Object Repository/Page_KiboEngage  Subscribers/span_Operational Dashboard (1)' is clicked on

2019-04-26 11:00:21 - [TEST_STEP][PASSED] - scrollToPosition: Browser is scrolled to position x = 0, y = 0

2019-04-26 11:00:21 - [MESSAGE][PASSED] - Browser is scrolled to position x = 0, y = 0

2019-04-26 11:00:21 - [TEST_STEP][PASSED] - click: Object: 'Object Repository/Page_KiboEngage  Operational Dashbo/h3_Pages Info (4)' is clicked on

2019-04-26 11:00:21 - [MESSAGE][PASSED] - Object: 'Object Repository/Page_KiboEngage  Operational Dashbo/h3_Pages Info (4)' is clicked on

2019-04-26 11:00:21 - [MESSAGE][PASSED] - Call Test Case 'Test Cases/s-sidebar_navigation/individualAccount/operationalDashboard' successfully

2019-04-26 11:00:21 - [MESSAGE][PASSED] - Call Test Case 'Test Cases/Operational_Dashboard/Login' successfully

2019-04-26 11:00:21 - [TEST_STEP][PASSED] - delay: Delayed 5 second(s)

2019-04-26 11:00:26 - [MESSAGE][PASSED] - Delayed 5 second(s)

2019-04-26 11:00:26 - [TEST_STEP][PASSED] - click: Object: 'Object Repository/Page_KiboEngage  Operational Dashbo/i_flaticon flaticon-more' is clicked on

2019-04-26 11:00:27 - [MESSAGE][PASSED] - Object: 'Object Repository/Page_KiboEngage  Operational Dashbo/i_flaticon flaticon-more' is clicked on

2019-04-26 11:00:27 - [TEST_STEP][FAILED] - selectOptionByValue: Unable to select option by value 'male' of object 'Object Repository/Page_KiboEngage  Operational Dashbo/select_Filter by gender...AllM'  using regular expression (Root cause: com.kms.katalon.core.webui.exception.WebElementNotFoundException: Web element with id: 'Object Repository/Page_KiboEngage  Operational Dashbo/select_Filter by gender...AllM' located by 'By.xpath: //select[@id = 'm_form_status' and (text() = 'Filter by gender...AllMaleFemaleOther' or . = 'Filter by gender...AllMaleFemaleOther')]' not found)

2019-04-26 11:00:59 - [MESSAGE][FAILED] - Unable to select option by value 'male' of object 'Object Repository/Page_KiboEngage  Operational Dashbo/select_Filter by gender...AllM'  using regular expression (Root cause: com.kms.katalon.core.webui.exception.WebElementNotFoundException: Web element with id: 'Object Repository/Page_KiboEngage  Operational Dashbo/select_Filter by gender...AllM' located by 'By.xpath: //select[@id = 'm_form_status' and (text() = 'Filter by gender...AllMaleFemaleOther' or . = 'Filter by gender...AllMaleFemaleOther')]' not found)
[[ATTACHMENT|C:\\Users\\cloudkibo\\Desktop\\KiboPush_Automated_Testing\\KiboPush Katalon\\Reports\\operationalDashboard\\20190426_105757\\1556258459233.png]]]]></system-out>
         <system-err><![CDATA[2019-04-26 11:00:18 - [TEST_CASE][FAILED] - Test Cases/Operational_Dashboard/128: Test Cases/Operational_Dashboard/128 FAILED because (of) Unable to select option by value 'male' of object 'Object Repository/Page_KiboEngage  Operational Dashbo/select_Filter by gender...AllM'  using regular expression (Root cause: com.kms.katalon.core.webui.exception.WebElementNotFoundException: Web element with id: 'Object Repository/Page_KiboEngage  Operational Dashbo/select_Filter by gender...AllM' located by 'By.xpath: //select[@id = 'm_form_status' and (text() = 'Filter by gender...AllMaleFemaleOther' or . = 'Filter by gender...AllMaleFemaleOther')]' not found)]]></system-err>
      </testcase>
      <testcase name="Test Cases/Operational_Dashboard/129" classname="Test Cases/Operational_Dashboard/129" status="FAILED">
         <failure type="FAILED" message="Unable to select option by value 'en_US' of object 'Object Repository/Page_KiboEngage  Operational Dashbo/select_Filter by Locale...ALLe'  using regular expression (Root cause: com.kms.katalon.core.webui.exception.WebElementNotFoundException: Web element with id: 'Object Repository/Page_KiboEngage  Operational Dashbo/select_Filter by Locale...ALLe' located by 'By.xpath: //select[@id = 'm_form_type' and (text() = 'Filter by Locale...ALLen_UShr_HRen_GBar_ARes_LAfr_CAfr_FRes_EStr_TRsv_SE' or . = 'Filter by Locale...ALLen_UShr_HRen_GBar_ARes_LAfr_CAfr_FRes_EStr_TRsv_SE')]' not found)"/>
         <system-out><![CDATA[2019-04-26 11:00:59 - [TEST_CASE][FAILED] - Test Cases/Operational_Dashboard/129: Test Cases/Operational_Dashboard/129 FAILED because (of) Unable to select option by value 'en_US' of object 'Object Repository/Page_KiboEngage  Operational Dashbo/select_Filter by Locale...ALLe'  using regular expression (Root cause: com.kms.katalon.core.webui.exception.WebElementNotFoundException: Web element with id: 'Object Repository/Page_KiboEngage  Operational Dashbo/select_Filter by Locale...ALLe' located by 'By.xpath: //select[@id = 'm_form_type' and (text() = 'Filter by Locale...ALLen_UShr_HRen_GBar_ARes_LAfr_CAfr_FRes_EStr_TRsv_SE' or . = 'Filter by Locale...ALLen_UShr_HRen_GBar_ARes_LAfr_CAfr_FRes_EStr_TRsv_SE')]' not found)

2019-04-26 11:00:59 - [TEST_STEP][PASSED] - callTestCase: Call Test Case 'Test Cases/Operational_Dashboard/Login' successfully

2019-04-26 11:00:59 - [TEST_CASE][PASSED] - Test Cases/Operational_Dashboard/Login: Test Cases/Operational_Dashboard/Login

2019-04-26 11:00:59 - [TEST_STEP][PASSED] - callTestCase: Call Test Case 'Test Cases/s-sidebar_navigation/individualAccount/operationalDashboard' successfully

2019-04-26 11:00:59 - [TEST_CASE][PASSED] - Test Cases/s-sidebar_navigation/individualAccount/operationalDashboard: Test Cases/s-sidebar_navigation/individualAccount/operationalDashboard

2019-04-26 11:00:59 - [TEST_STEP][PASSED] - click: Object: 'Object Repository/Page_KiboEngage  Subscribers/span_Subscribers' is clicked on

2019-04-26 11:01:00 - [MESSAGE][PASSED] - Object: 'Object Repository/Page_KiboEngage  Subscribers/span_Subscribers' is clicked on

2019-04-26 11:01:00 - [TEST_STEP][PASSED] - click: Object: 'Object Repository/Page_KiboEngage  Subscribers/span_Operational Dashboard (1)' is clicked on

2019-04-26 11:01:01 - [MESSAGE][PASSED] - Object: 'Object Repository/Page_KiboEngage  Subscribers/span_Operational Dashboard (1)' is clicked on

2019-04-26 11:01:01 - [TEST_STEP][PASSED] - scrollToPosition: Browser is scrolled to position x = 0, y = 0

2019-04-26 11:01:01 - [MESSAGE][PASSED] - Browser is scrolled to position x = 0, y = 0

2019-04-26 11:01:01 - [TEST_STEP][PASSED] - click: Object: 'Object Repository/Page_KiboEngage  Operational Dashbo/h3_Pages Info (4)' is clicked on

2019-04-26 11:01:01 - [MESSAGE][PASSED] - Object: 'Object Repository/Page_KiboEngage  Operational Dashbo/h3_Pages Info (4)' is clicked on

2019-04-26 11:01:01 - [MESSAGE][PASSED] - Call Test Case 'Test Cases/s-sidebar_navigation/individualAccount/operationalDashboard' successfully

2019-04-26 11:01:01 - [MESSAGE][PASSED] - Call Test Case 'Test Cases/Operational_Dashboard/Login' successfully

2019-04-26 11:01:01 - [TEST_STEP][PASSED] - delay: Delayed 5 second(s)

2019-04-26 11:01:06 - [MESSAGE][PASSED] - Delayed 5 second(s)

2019-04-26 11:01:06 - [TEST_STEP][PASSED] - click: Object: 'Object Repository/Page_KiboEngage  Operational Dashbo/i_flaticon flaticon-more (1)' is clicked on

2019-04-26 11:01:07 - [MESSAGE][PASSED] - Object: 'Object Repository/Page_KiboEngage  Operational Dashbo/i_flaticon flaticon-more (1)' is clicked on

2019-04-26 11:01:07 - [TEST_STEP][FAILED] - selectOptionByValue: Unable to select option by value 'en_US' of object 'Object Repository/Page_KiboEngage  Operational Dashbo/select_Filter by Locale...ALLe'  using regular expression (Root cause: com.kms.katalon.core.webui.exception.WebElementNotFoundException: Web element with id: 'Object Repository/Page_KiboEngage  Operational Dashbo/select_Filter by Locale...ALLe' located by 'By.xpath: //select[@id = 'm_form_type' and (text() = 'Filter by Locale...ALLen_UShr_HRen_GBar_ARes_LAfr_CAfr_FRes_EStr_TRsv_SE' or . = 'Filter by Locale...ALLen_UShr_HRen_GBar_ARes_LAfr_CAfr_FRes_EStr_TRsv_SE')]' not found)

2019-04-26 11:01:39 - [MESSAGE][FAILED] - Unable to select option by value 'en_US' of object 'Object Repository/Page_KiboEngage  Operational Dashbo/select_Filter by Locale...ALLe'  using regular expression (Root cause: com.kms.katalon.core.webui.exception.WebElementNotFoundException: Web element with id: 'Object Repository/Page_KiboEngage  Operational Dashbo/select_Filter by Locale...ALLe' located by 'By.xpath: //select[@id = 'm_form_type' and (text() = 'Filter by Locale...ALLen_UShr_HRen_GBar_ARes_LAfr_CAfr_FRes_EStr_TRsv_SE' or . = 'Filter by Locale...ALLen_UShr_HRen_GBar_ARes_LAfr_CAfr_FRes_EStr_TRsv_SE')]' not found)
[[ATTACHMENT|C:\\Users\\cloudkibo\\Desktop\\KiboPush_Automated_Testing\\KiboPush Katalon\\Reports\\operationalDashboard\\20190426_105757\\1556258498888.png]]]]></system-out>
         <system-err><![CDATA[2019-04-26 11:00:59 - [TEST_CASE][FAILED] - Test Cases/Operational_Dashboard/129: Test Cases/Operational_Dashboard/129 FAILED because (of) Unable to select option by value 'en_US' of object 'Object Repository/Page_KiboEngage  Operational Dashbo/select_Filter by Locale...ALLe'  using regular expression (Root cause: com.kms.katalon.core.webui.exception.WebElementNotFoundException: Web element with id: 'Object Repository/Page_KiboEngage  Operational Dashbo/select_Filter by Locale...ALLe' located by 'By.xpath: //select[@id = 'm_form_type' and (text() = 'Filter by Locale...ALLen_UShr_HRen_GBar_ARes_LAfr_CAfr_FRes_EStr_TRsv_SE' or . = 'Filter by Locale...ALLen_UShr_HRen_GBar_ARes_LAfr_CAfr_FRes_EStr_TRsv_SE')]' not found)]]></system-err>
      </testcase>
      <testcase name="Test Cases/Operational_Dashboard/130" classname="Test Cases/Operational_Dashboard/130" status="FAILED">
         <failure type="FAILED" message="Unable to verify equal between actual object '1' and expected object '0' (Root cause: Actual object '1' and expected object '0' are not equal)"/>
         <system-out><![CDATA[2019-04-26 11:01:39 - [TEST_CASE][FAILED] - Test Cases/Operational_Dashboard/130: Test Cases/Operational_Dashboard/130 FAILED because (of) Unable to verify equal between actual object '1' and expected object '0' (Root cause: Actual object '1' and expected object '0' are not equal)

2019-04-26 11:01:39 - [TEST_STEP][FAILED] - callTestCase: Unable to call Test Case with id 'Test Cases/Operational_Dashboard/127' (Root cause: Call Test Case 'Test Cases/Operational_Dashboard/127' failed)

2019-04-26 11:01:39 - [TEST_CASE][FAILED] - Test Cases/Operational_Dashboard/127: Test Cases/Operational_Dashboard/127 FAILED because (of) Unable to verify equal between actual object '1' and expected object '0' (Root cause: Actual object '1' and expected object '0' are not equal)

2019-04-26 11:01:39 - [TEST_STEP][PASSED] - callTestCase: Call Test Case 'Test Cases/Operational_Dashboard/Login' successfully

2019-04-26 11:01:39 - [TEST_CASE][PASSED] - Test Cases/Operational_Dashboard/Login: Test Cases/Operational_Dashboard/Login

2019-04-26 11:01:39 - [TEST_STEP][PASSED] - callTestCase: Call Test Case 'Test Cases/s-sidebar_navigation/individualAccount/operationalDashboard' successfully

2019-04-26 11:01:39 - [TEST_CASE][PASSED] - Test Cases/s-sidebar_navigation/individualAccount/operationalDashboard: Test Cases/s-sidebar_navigation/individualAccount/operationalDashboard

2019-04-26 11:01:39 - [TEST_STEP][PASSED] - click: Object: 'Object Repository/Page_KiboEngage  Subscribers/span_Subscribers' is clicked on

2019-04-26 11:01:40 - [MESSAGE][PASSED] - Object: 'Object Repository/Page_KiboEngage  Subscribers/span_Subscribers' is clicked on

2019-04-26 11:01:40 - [TEST_STEP][PASSED] - click: Object: 'Object Repository/Page_KiboEngage  Subscribers/span_Operational Dashboard (1)' is clicked on

2019-04-26 11:01:40 - [MESSAGE][PASSED] - Object: 'Object Repository/Page_KiboEngage  Subscribers/span_Operational Dashboard (1)' is clicked on

2019-04-26 11:01:40 - [TEST_STEP][PASSED] - scrollToPosition: Browser is scrolled to position x = 0, y = 0

2019-04-26 11:01:40 - [MESSAGE][PASSED] - Browser is scrolled to position x = 0, y = 0

2019-04-26 11:01:40 - [TEST_STEP][PASSED] - click: Object: 'Object Repository/Page_KiboEngage  Operational Dashbo/h3_Pages Info (4)' is clicked on

2019-04-26 11:01:41 - [MESSAGE][PASSED] - Object: 'Object Repository/Page_KiboEngage  Operational Dashbo/h3_Pages Info (4)' is clicked on

2019-04-26 11:01:41 - [MESSAGE][PASSED] - Call Test Case 'Test Cases/s-sidebar_navigation/individualAccount/operationalDashboard' successfully

2019-04-26 11:01:41 - [MESSAGE][PASSED] - Call Test Case 'Test Cases/Operational_Dashboard/Login' successfully

2019-04-26 11:01:41 - [TEST_STEP][PASSED] - delay: Delayed 5 second(s)

2019-04-26 11:01:46 - [MESSAGE][PASSED] - Delayed 5 second(s)

2019-04-26 11:01:46 - [TEST_STEP][PASSED] - setText: Text 'cloudkibo' is set on object 'Object Repository/Page_KiboEngage  Operational Dashbo/input_form-control m-input m-i'

2019-04-26 11:01:47 - [MESSAGE][PASSED] - Text 'cloudkibo' is set on object 'Object Repository/Page_KiboEngage  Operational Dashbo/input_form-control m-input m-i'

2019-04-26 11:01:47 - [TEST_STEP][PASSED] - delay: Delayed 5 second(s)

2019-04-26 11:01:52 - [MESSAGE][PASSED] - Delayed 5 second(s)

2019-04-26 11:01:52 - [TEST_STEP][PASSED] - Statement - driver = com.kms.katalon.core.webui.driver.DriverFactory.getWebDriver(): null

2019-04-26 11:01:52 - [TEST_STEP][PASSED] - Statement - users = driver.findElements(org.openqa.selenium.By.xpath("//*[@id="content"]/div/div/div/div[2]/div[3]/div[4]/div[2]/div/div[2]/div/div/div/div/div/div/div/div/div")): null

2019-04-26 11:01:52 - [TEST_STEP][PASSED] - Statement - println(users.size()): null

2019-04-26 11:01:52 - [TEST_STEP][FAILED] - verifyEqual: Unable to verify equal between actual object '1' and expected object '0' (Root cause: Actual object '1' and expected object '0' are not equal)

2019-04-26 11:01:52 - [MESSAGE][FAILED] - Unable to verify equal between actual object '1' and expected object '0' (Root cause: Actual object '1' and expected object '0' are not equal)

2019-04-26 11:01:52 - [MESSAGE][FAILED] - Unable to call Test Case with id 'Test Cases/Operational_Dashboard/127' (Root cause: Call Test Case 'Test Cases/Operational_Dashboard/127' failed)]]></system-out>
         <system-err><![CDATA[2019-04-26 11:01:39 - [TEST_CASE][FAILED] - Test Cases/Operational_Dashboard/130: Test Cases/Operational_Dashboard/130 FAILED because (of) Unable to verify equal between actual object '1' and expected object '0' (Root cause: Actual object '1' and expected object '0' are not equal)]]></system-err>
      </testcase>
      <testcase name="Test Cases/Operational_Dashboard/133" classname="Test Cases/Operational_Dashboard/133" status="FAILED">
         <failure type="FAILED" message="Unable to verify greater between actual number '0' and expected number '10' (Root cause: Actual number '0' is not greater than expected number '10')"/>
         <system-out><![CDATA[2019-04-26 11:01:52 - [TEST_CASE][FAILED] - Test Cases/Operational_Dashboard/133: Test Cases/Operational_Dashboard/133 FAILED because (of) Unable to verify greater between actual number '0' and expected number '10' (Root cause: Actual number '0' is not greater than expected number '10')

2019-04-26 11:01:52 - [TEST_STEP][PASSED] - callTestCase: Call Test Case 'Test Cases/Operational_Dashboard/Login' successfully

2019-04-26 11:01:52 - [TEST_CASE][PASSED] - Test Cases/Operational_Dashboard/Login: Test Cases/Operational_Dashboard/Login

2019-04-26 11:01:52 - [TEST_STEP][PASSED] - callTestCase: Call Test Case 'Test Cases/s-sidebar_navigation/individualAccount/operationalDashboard' successfully

2019-04-26 11:01:52 - [TEST_CASE][PASSED] - Test Cases/s-sidebar_navigation/individualAccount/operationalDashboard: Test Cases/s-sidebar_navigation/individualAccount/operationalDashboard

2019-04-26 11:01:52 - [TEST_STEP][PASSED] - click: Object: 'Object Repository/Page_KiboEngage  Subscribers/span_Subscribers' is clicked on

2019-04-26 11:01:52 - [MESSAGE][PASSED] - Object: 'Object Repository/Page_KiboEngage  Subscribers/span_Subscribers' is clicked on

2019-04-26 11:01:52 - [TEST_STEP][PASSED] - click: Object: 'Object Repository/Page_KiboEngage  Subscribers/span_Operational Dashboard (1)' is clicked on

2019-04-26 11:01:53 - [MESSAGE][PASSED] - Object: 'Object Repository/Page_KiboEngage  Subscribers/span_Operational Dashboard (1)' is clicked on

2019-04-26 11:01:53 - [TEST_STEP][PASSED] - scrollToPosition: Browser is scrolled to position x = 0, y = 0

2019-04-26 11:01:53 - [MESSAGE][PASSED] - Browser is scrolled to position x = 0, y = 0

2019-04-26 11:01:53 - [TEST_STEP][PASSED] - click: Object: 'Object Repository/Page_KiboEngage  Operational Dashbo/h3_Pages Info (4)' is clicked on

2019-04-26 11:01:54 - [MESSAGE][PASSED] - Object: 'Object Repository/Page_KiboEngage  Operational Dashbo/h3_Pages Info (4)' is clicked on

2019-04-26 11:01:54 - [MESSAGE][PASSED] - Call Test Case 'Test Cases/s-sidebar_navigation/individualAccount/operationalDashboard' successfully

2019-04-26 11:01:54 - [MESSAGE][PASSED] - Call Test Case 'Test Cases/Operational_Dashboard/Login' successfully

2019-04-26 11:01:54 - [TEST_STEP][PASSED] - delay: Delayed 5 second(s)

2019-04-26 11:01:59 - [MESSAGE][PASSED] - Delayed 5 second(s)

2019-04-26 11:01:59 - [TEST_STEP][PASSED] - Statement - driver = com.kms.katalon.core.webui.driver.DriverFactory.getWebDriver(): null

2019-04-26 11:01:59 - [TEST_STEP][PASSED] - Statement - load_users = driver.findElement(org.openqa.selenium.By.xpath("//*[@id="assignTag"]")): null

2019-04-26 11:01:59 - [TEST_STEP][PASSED] - Statement - load_users.click(): null

2019-04-26 11:01:59 - [TEST_STEP][PASSED] - delay: Delayed 5 second(s)

2019-04-26 11:02:04 - [MESSAGE][PASSED] - Delayed 5 second(s)

2019-04-26 11:02:04 - [TEST_STEP][PASSED] - Statement - users = driver.findElements(org.openqa.selenium.By.xpath("//*[@id="content"]/div/div/div/div[2]/div[3]/div[4]/div[2]/div/div[2]/div/div/div/div/div/div/div/div/div")): null

2019-04-26 11:02:04 - [TEST_STEP][FAILED] - verifyGreaterThan: Unable to verify greater between actual number '0' and expected number '10' (Root cause: Actual number '0' is not greater than expected number '10')

2019-04-26 11:02:04 - [MESSAGE][FAILED] - Unable to verify greater between actual number '0' and expected number '10' (Root cause: Actual number '0' is not greater than expected number '10')]]></system-out>
         <system-err><![CDATA[2019-04-26 11:01:52 - [TEST_CASE][FAILED] - Test Cases/Operational_Dashboard/133: Test Cases/Operational_Dashboard/133 FAILED because (of) Unable to verify greater between actual number '0' and expected number '10' (Root cause: Actual number '0' is not greater than expected number '10')]]></system-err>
      </testcase>
      <testcase name="Test Cases/Operational_Dashboard/134" classname="Test Cases/Operational_Dashboard/134" status="PASSED">
         <system-out><![CDATA[2019-04-26 11:02:04 - [TEST_CASE][PASSED] - Test Cases/Operational_Dashboard/134: Test Cases/Operational_Dashboard/134

2019-04-26 11:02:04 - [TEST_STEP][PASSED] - callTestCase: Call Test Case 'Test Cases/Operational_Dashboard/Login' successfully

2019-04-26 11:02:04 - [TEST_CASE][PASSED] - Test Cases/Operational_Dashboard/Login: Test Cases/Operational_Dashboard/Login

2019-04-26 11:02:04 - [TEST_STEP][PASSED] - callTestCase: Call Test Case 'Test Cases/s-sidebar_navigation/individualAccount/operationalDashboard' successfully

2019-04-26 11:02:04 - [TEST_CASE][PASSED] - Test Cases/s-sidebar_navigation/individualAccount/operationalDashboard: Test Cases/s-sidebar_navigation/individualAccount/operationalDashboard

2019-04-26 11:02:04 - [TEST_STEP][PASSED] - click: Object: 'Object Repository/Page_KiboEngage  Subscribers/span_Subscribers' is clicked on

2019-04-26 11:02:05 - [MESSAGE][PASSED] - Object: 'Object Repository/Page_KiboEngage  Subscribers/span_Subscribers' is clicked on

2019-04-26 11:02:05 - [TEST_STEP][PASSED] - click: Object: 'Object Repository/Page_KiboEngage  Subscribers/span_Operational Dashboard (1)' is clicked on

2019-04-26 11:02:06 - [MESSAGE][PASSED] - Object: 'Object Repository/Page_KiboEngage  Subscribers/span_Operational Dashboard (1)' is clicked on

2019-04-26 11:02:06 - [TEST_STEP][PASSED] - scrollToPosition: Browser is scrolled to position x = 0, y = 0

2019-04-26 11:02:06 - [MESSAGE][PASSED] - Browser is scrolled to position x = 0, y = 0

2019-04-26 11:02:06 - [TEST_STEP][PASSED] - click: Object: 'Object Repository/Page_KiboEngage  Operational Dashbo/h3_Pages Info (4)' is clicked on

2019-04-26 11:02:06 - [MESSAGE][PASSED] - Object: 'Object Repository/Page_KiboEngage  Operational Dashbo/h3_Pages Info (4)' is clicked on

2019-04-26 11:02:06 - [MESSAGE][PASSED] - Call Test Case 'Test Cases/s-sidebar_navigation/individualAccount/operationalDashboard' successfully

2019-04-26 11:02:06 - [MESSAGE][PASSED] - Call Test Case 'Test Cases/Operational_Dashboard/Login' successfully

2019-04-26 11:02:06 - [TEST_STEP][PASSED] - delay: Delayed 5 second(s)

2019-04-26 11:02:11 - [MESSAGE][PASSED] - Delayed 5 second(s)

2019-04-26 11:02:11 - [TEST_STEP][PASSED] - click: Object: 'Object Repository/Page_KiboEngage  Operational Dashbo/button_See more' is clicked on

2019-04-26 11:02:12 - [MESSAGE][PASSED] - Object: 'Object Repository/Page_KiboEngage  Operational Dashbo/button_See more' is clicked on

2019-04-26 11:02:12 - [TEST_STEP][PASSED] - delay: Delayed 1 second(s)

2019-04-26 11:02:13 - [MESSAGE][PASSED] - Delayed 1 second(s)

2019-04-26 11:02:13 - [TEST_STEP][PASSED] - scrollToPosition: Browser is scrolled to position x = 0, y = 0

2019-04-26 11:02:13 - [MESSAGE][PASSED] - Browser is scrolled to position x = 0, y = 0

2019-04-26 11:02:13 - [TEST_STEP][PASSED] - verifyTextPresent: Text 'Pages' is present on page 

2019-04-26 11:02:13 - [MESSAGE][PASSED] - Text 'Pages' is present on page 

2019-04-26 11:02:13 - [TEST_STEP][PASSED] - verifyTextPresent: Text 'Broadcasts' is present on page 

2019-04-26 11:02:14 - [MESSAGE][PASSED] - Text 'Broadcasts' is present on page 

2019-04-26 11:02:14 - [TEST_STEP][PASSED] - verifyTextPresent: Text 'Surveys' is present on page 

2019-04-26 11:02:14 - [MESSAGE][PASSED] - Text 'Surveys' is present on page 

2019-04-26 11:02:14 - [TEST_STEP][PASSED] - verifyTextPresent: Text 'Polls' is present on page 

2019-04-26 11:02:14 - [MESSAGE][PASSED] - Text 'Polls' is present on page]]></system-out>
         <system-err><![CDATA[]]></system-err>
      </testcase>
      <testcase name="Test Cases/Operational_Dashboard/135" classname="Test Cases/Operational_Dashboard/135" status="PASSED">
         <system-out><![CDATA[2019-04-26 11:02:14 - [TEST_CASE][PASSED] - Test Cases/Operational_Dashboard/135: Test Cases/Operational_Dashboard/135

2019-04-26 11:02:14 - [TEST_STEP][PASSED] - callTestCase: Call Test Case 'Test Cases/Operational_Dashboard/Login' successfully

2019-04-26 11:02:15 - [TEST_CASE][PASSED] - Test Cases/Operational_Dashboard/Login: Test Cases/Operational_Dashboard/Login

2019-04-26 11:02:15 - [TEST_STEP][PASSED] - callTestCase: Call Test Case 'Test Cases/s-sidebar_navigation/individualAccount/operationalDashboard' successfully

2019-04-26 11:02:15 - [TEST_CASE][PASSED] - Test Cases/s-sidebar_navigation/individualAccount/operationalDashboard: Test Cases/s-sidebar_navigation/individualAccount/operationalDashboard

2019-04-26 11:02:15 - [TEST_STEP][PASSED] - click: Object: 'Object Repository/Page_KiboEngage  Subscribers/span_Subscribers' is clicked on

2019-04-26 11:02:15 - [MESSAGE][PASSED] - Object: 'Object Repository/Page_KiboEngage  Subscribers/span_Subscribers' is clicked on

2019-04-26 11:02:15 - [TEST_STEP][PASSED] - click: Object: 'Object Repository/Page_KiboEngage  Subscribers/span_Operational Dashboard (1)' is clicked on

2019-04-26 11:02:16 - [MESSAGE][PASSED] - Object: 'Object Repository/Page_KiboEngage  Subscribers/span_Operational Dashboard (1)' is clicked on

2019-04-26 11:02:16 - [TEST_STEP][PASSED] - scrollToPosition: Browser is scrolled to position x = 0, y = 0

2019-04-26 11:02:16 - [MESSAGE][PASSED] - Browser is scrolled to position x = 0, y = 0

2019-04-26 11:02:16 - [TEST_STEP][PASSED] - click: Object: 'Object Repository/Page_KiboEngage  Operational Dashbo/h3_Pages Info (4)' is clicked on

2019-04-26 11:02:16 - [MESSAGE][PASSED] - Object: 'Object Repository/Page_KiboEngage  Operational Dashbo/h3_Pages Info (4)' is clicked on

2019-04-26 11:02:16 - [MESSAGE][PASSED] - Call Test Case 'Test Cases/s-sidebar_navigation/individualAccount/operationalDashboard' successfully

2019-04-26 11:02:16 - [MESSAGE][PASSED] - Call Test Case 'Test Cases/Operational_Dashboard/Login' successfully

2019-04-26 11:02:16 - [TEST_STEP][PASSED] - delay: Delayed 2 second(s)

2019-04-26 11:02:18 - [MESSAGE][PASSED] - Delayed 2 second(s)

2019-04-26 11:02:18 - [TEST_STEP][PASSED] - setText: Text 'cloudkibo1' is set on object 'Object Repository/Page_KiboEngage  Operational Dashbo/input_form-control m-input m-i'

2019-04-26 11:02:19 - [MESSAGE][PASSED] - Text 'cloudkibo1' is set on object 'Object Repository/Page_KiboEngage  Operational Dashbo/input_form-control m-input m-i'

2019-04-26 11:02:19 - [TEST_STEP][PASSED] - delay: Delayed 5 second(s)

2019-04-26 11:02:24 - [MESSAGE][PASSED] - Delayed 5 second(s)

2019-04-26 11:02:24 - [TEST_STEP][PASSED] - click: Object: 'Object Repository/Page_KiboEngage  Operational Dashbo/button_See more' is clicked on

2019-04-26 11:02:24 - [MESSAGE][PASSED] - Object: 'Object Repository/Page_KiboEngage  Operational Dashbo/button_See more' is clicked on

2019-04-26 11:02:24 - [TEST_STEP][PASSED] - delay: Delayed 1 second(s)

2019-04-26 11:02:25 - [MESSAGE][PASSED] - Delayed 1 second(s)

2019-04-26 11:02:25 - [TEST_STEP][PASSED] - scrollToPosition: Browser is scrolled to position x = 0, y = 0

2019-04-26 11:02:26 - [MESSAGE][PASSED] - Browser is scrolled to position x = 0, y = 0

2019-04-26 11:02:26 - [TEST_STEP][PASSED] - delay: Delayed 5 second(s)

2019-04-26 11:02:31 - [MESSAGE][PASSED] - Delayed 5 second(s)

2019-04-26 11:02:31 - [TEST_STEP][PASSED] - Statement - driver = com.kms.katalon.core.webui.driver.DriverFactory.getWebDriver(): null

2019-04-26 11:02:31 - [TEST_STEP][PASSED] - Statement - Table = driver.findElement(org.openqa.selenium.By.xpath("//table/tbody")): null

2019-04-26 11:02:31 - [TEST_STEP][PASSED] - Statement - rows_table = Table.findElements(org.openqa.selenium.By.tagName("tr")): null

2019-04-26 11:02:31 - [TEST_STEP][PASSED] - Statement - rows_count = rows_table.size(): null

2019-04-26 11:02:31 - [TEST_STEP][PASSED] - verifyGreaterThanOrEqual: Actual number '10' is greater than or equal to expected number '1'

2019-04-26 11:02:31 - [MESSAGE][PASSED] - Actual number '10' is greater than or equal to expected number '1']]></system-out>
         <system-err><![CDATA[]]></system-err>
      </testcase>
      <testcase name="Test Cases/Operational_Dashboard/136" classname="Test Cases/Operational_Dashboard/136" status="PASSED">
         <system-out><![CDATA[2019-04-26 11:02:31 - [TEST_CASE][PASSED] - Test Cases/Operational_Dashboard/136: Test Cases/Operational_Dashboard/136

2019-04-26 11:02:31 - [TEST_STEP][PASSED] - callTestCase: Call Test Case 'Test Cases/Operational_Dashboard/135' successfully

2019-04-26 11:02:31 - [TEST_CASE][PASSED] - Test Cases/Operational_Dashboard/135: Test Cases/Operational_Dashboard/135

2019-04-26 11:02:31 - [TEST_STEP][PASSED] - callTestCase: Call Test Case 'Test Cases/Operational_Dashboard/Login' successfully

2019-04-26 11:02:31 - [TEST_CASE][PASSED] - Test Cases/Operational_Dashboard/Login: Test Cases/Operational_Dashboard/Login

2019-04-26 11:02:31 - [TEST_STEP][PASSED] - callTestCase: Call Test Case 'Test Cases/s-sidebar_navigation/individualAccount/operationalDashboard' successfully

2019-04-26 11:02:31 - [TEST_CASE][PASSED] - Test Cases/s-sidebar_navigation/individualAccount/operationalDashboard: Test Cases/s-sidebar_navigation/individualAccount/operationalDashboard

2019-04-26 11:02:31 - [TEST_STEP][PASSED] - click: Object: 'Object Repository/Page_KiboEngage  Subscribers/span_Subscribers' is clicked on

2019-04-26 11:02:32 - [MESSAGE][PASSED] - Object: 'Object Repository/Page_KiboEngage  Subscribers/span_Subscribers' is clicked on

2019-04-26 11:02:32 - [TEST_STEP][PASSED] - click: Object: 'Object Repository/Page_KiboEngage  Subscribers/span_Operational Dashboard (1)' is clicked on

2019-04-26 11:02:32 - [MESSAGE][PASSED] - Object: 'Object Repository/Page_KiboEngage  Subscribers/span_Operational Dashboard (1)' is clicked on

2019-04-26 11:02:32 - [TEST_STEP][PASSED] - scrollToPosition: Browser is scrolled to position x = 0, y = 0

2019-04-26 11:02:33 - [MESSAGE][PASSED] - Browser is scrolled to position x = 0, y = 0

2019-04-26 11:02:33 - [TEST_STEP][PASSED] - click: Object: 'Object Repository/Page_KiboEngage  Operational Dashbo/h3_Pages Info (4)' is clicked on

2019-04-26 11:02:33 - [MESSAGE][PASSED] - Object: 'Object Repository/Page_KiboEngage  Operational Dashbo/h3_Pages Info (4)' is clicked on

2019-04-26 11:02:33 - [MESSAGE][PASSED] - Call Test Case 'Test Cases/s-sidebar_navigation/individualAccount/operationalDashboard' successfully

2019-04-26 11:02:33 - [MESSAGE][PASSED] - Call Test Case 'Test Cases/Operational_Dashboard/Login' successfully

2019-04-26 11:02:33 - [TEST_STEP][PASSED] - delay: Delayed 2 second(s)

2019-04-26 11:02:35 - [MESSAGE][PASSED] - Delayed 2 second(s)

2019-04-26 11:02:35 - [TEST_STEP][PASSED] - setText: Text 'cloudkibo1' is set on object 'Object Repository/Page_KiboEngage  Operational Dashbo/input_form-control m-input m-i'

2019-04-26 11:02:36 - [MESSAGE][PASSED] - Text 'cloudkibo1' is set on object 'Object Repository/Page_KiboEngage  Operational Dashbo/input_form-control m-input m-i'

2019-04-26 11:02:36 - [TEST_STEP][PASSED] - delay: Delayed 5 second(s)

2019-04-26 11:02:41 - [MESSAGE][PASSED] - Delayed 5 second(s)

2019-04-26 11:02:41 - [TEST_STEP][PASSED] - click: Object: 'Object Repository/Page_KiboEngage  Operational Dashbo/button_See more' is clicked on

2019-04-26 11:02:41 - [MESSAGE][PASSED] - Object: 'Object Repository/Page_KiboEngage  Operational Dashbo/button_See more' is clicked on

2019-04-26 11:02:41 - [TEST_STEP][PASSED] - delay: Delayed 1 second(s)

2019-04-26 11:02:42 - [MESSAGE][PASSED] - Delayed 1 second(s)

2019-04-26 11:02:42 - [TEST_STEP][PASSED] - scrollToPosition: Browser is scrolled to position x = 0, y = 0

2019-04-26 11:02:42 - [MESSAGE][PASSED] - Browser is scrolled to position x = 0, y = 0

2019-04-26 11:02:42 - [TEST_STEP][PASSED] - delay: Delayed 5 second(s)

2019-04-26 11:02:47 - [MESSAGE][PASSED] - Delayed 5 second(s)

2019-04-26 11:02:47 - [TEST_STEP][PASSED] - Statement - driver = com.kms.katalon.core.webui.driver.DriverFactory.getWebDriver(): null

2019-04-26 11:02:47 - [TEST_STEP][PASSED] - Statement - Table = driver.findElement(org.openqa.selenium.By.xpath("//table/tbody")): null

2019-04-26 11:02:47 - [TEST_STEP][PASSED] - Statement - rows_table = Table.findElements(org.openqa.selenium.By.tagName("tr")): null

2019-04-26 11:02:47 - [TEST_STEP][PASSED] - Statement - rows_count = rows_table.size(): null

2019-04-26 11:02:47 - [TEST_STEP][PASSED] - verifyGreaterThanOrEqual: Actual number '10' is greater than or equal to expected number '1'

2019-04-26 11:02:47 - [MESSAGE][PASSED] - Actual number '10' is greater than or equal to expected number '1'

2019-04-26 11:02:47 - [MESSAGE][PASSED] - Call Test Case 'Test Cases/Operational_Dashboard/135' successfully

2019-04-26 11:02:47 - [TEST_STEP][PASSED] - Statement - driver = com.kms.katalon.core.webui.driver.DriverFactory.getWebDriver(): null

2019-04-26 11:02:47 - [TEST_STEP][PASSED] - Statement - next = driver.findElement(org.openqa.selenium.By.xpath("//*[@id="ajax_data"]/ul/li[3]/a")): null

2019-04-26 11:02:47 - [TEST_STEP][PASSED] - Statement - next.click(): null

2019-04-26 11:02:48 - [TEST_STEP][PASSED] - delay: Delayed 5 second(s)

2019-04-26 11:02:53 - [MESSAGE][PASSED] - Delayed 5 second(s)

2019-04-26 11:02:53 - [TEST_STEP][PASSED] - scrollToPosition: Browser is scrolled to position x = 0, y = 0

2019-04-26 11:02:53 - [MESSAGE][PASSED] - Browser is scrolled to position x = 0, y = 0

2019-04-26 11:02:53 - [TEST_STEP][PASSED] - Statement - Table = driver.findElement(org.openqa.selenium.By.xpath("//table/tbody")): null

2019-04-26 11:02:53 - [TEST_STEP][PASSED] - Statement - rows_table = Table.findElements(org.openqa.selenium.By.tagName("tr")): null

2019-04-26 11:02:53 - [TEST_STEP][PASSED] - Statement - rows_count = rows_table.size(): null

2019-04-26 11:02:53 - [TEST_STEP][PASSED] - verifyGreaterThanOrEqual: Actual number '10' is greater than or equal to expected number '1'

2019-04-26 11:02:53 - [MESSAGE][PASSED] - Actual number '10' is greater than or equal to expected number '1']]></system-out>
         <system-err><![CDATA[]]></system-err>
      </testcase>
      <testcase name="Test Cases/Operational_Dashboard/137" classname="Test Cases/Operational_Dashboard/137" status="PASSED">
         <system-out><![CDATA[2019-04-26 11:02:53 - [TEST_CASE][PASSED] - Test Cases/Operational_Dashboard/137: Test Cases/Operational_Dashboard/137

2019-04-26 11:02:53 - [TEST_STEP][PASSED] - callTestCase: Call Test Case 'Test Cases/Operational_Dashboard/136' successfully

2019-04-26 11:02:53 - [TEST_CASE][PASSED] - Test Cases/Operational_Dashboard/136: Test Cases/Operational_Dashboard/136

2019-04-26 11:02:53 - [TEST_STEP][PASSED] - callTestCase: Call Test Case 'Test Cases/Operational_Dashboard/135' successfully

2019-04-26 11:02:53 - [TEST_CASE][PASSED] - Test Cases/Operational_Dashboard/135: Test Cases/Operational_Dashboard/135

2019-04-26 11:02:53 - [TEST_STEP][PASSED] - callTestCase: Call Test Case 'Test Cases/Operational_Dashboard/Login' successfully

2019-04-26 11:02:54 - [TEST_CASE][PASSED] - Test Cases/Operational_Dashboard/Login: Test Cases/Operational_Dashboard/Login

2019-04-26 11:02:54 - [TEST_STEP][PASSED] - callTestCase: Call Test Case 'Test Cases/s-sidebar_navigation/individualAccount/operationalDashboard' successfully

2019-04-26 11:02:54 - [TEST_CASE][PASSED] - Test Cases/s-sidebar_navigation/individualAccount/operationalDashboard: Test Cases/s-sidebar_navigation/individualAccount/operationalDashboard

2019-04-26 11:02:54 - [TEST_STEP][PASSED] - click: Object: 'Object Repository/Page_KiboEngage  Subscribers/span_Subscribers' is clicked on

2019-04-26 11:02:54 - [MESSAGE][PASSED] - Object: 'Object Repository/Page_KiboEngage  Subscribers/span_Subscribers' is clicked on

2019-04-26 11:02:54 - [TEST_STEP][PASSED] - click: Object: 'Object Repository/Page_KiboEngage  Subscribers/span_Operational Dashboard (1)' is clicked on

2019-04-26 11:02:54 - [MESSAGE][PASSED] - Object: 'Object Repository/Page_KiboEngage  Subscribers/span_Operational Dashboard (1)' is clicked on

2019-04-26 11:02:54 - [TEST_STEP][PASSED] - scrollToPosition: Browser is scrolled to position x = 0, y = 0

2019-04-26 11:02:55 - [MESSAGE][PASSED] - Browser is scrolled to position x = 0, y = 0

2019-04-26 11:02:55 - [TEST_STEP][PASSED] - click: Object: 'Object Repository/Page_KiboEngage  Operational Dashbo/h3_Pages Info (4)' is clicked on

2019-04-26 11:02:55 - [MESSAGE][PASSED] - Object: 'Object Repository/Page_KiboEngage  Operational Dashbo/h3_Pages Info (4)' is clicked on

2019-04-26 11:02:55 - [MESSAGE][PASSED] - Call Test Case 'Test Cases/s-sidebar_navigation/individualAccount/operationalDashboard' successfully

2019-04-26 11:02:55 - [MESSAGE][PASSED] - Call Test Case 'Test Cases/Operational_Dashboard/Login' successfully

2019-04-26 11:02:55 - [TEST_STEP][PASSED] - delay: Delayed 2 second(s)

2019-04-26 11:02:57 - [MESSAGE][PASSED] - Delayed 2 second(s)

2019-04-26 11:02:57 - [TEST_STEP][PASSED] - setText: Text 'cloudkibo1' is set on object 'Object Repository/Page_KiboEngage  Operational Dashbo/input_form-control m-input m-i'

2019-04-26 11:02:58 - [MESSAGE][PASSED] - Text 'cloudkibo1' is set on object 'Object Repository/Page_KiboEngage  Operational Dashbo/input_form-control m-input m-i'

2019-04-26 11:02:58 - [TEST_STEP][PASSED] - delay: Delayed 5 second(s)

2019-04-26 11:03:03 - [MESSAGE][PASSED] - Delayed 5 second(s)

2019-04-26 11:03:03 - [TEST_STEP][PASSED] - click: Object: 'Object Repository/Page_KiboEngage  Operational Dashbo/button_See more' is clicked on

2019-04-26 11:03:04 - [MESSAGE][PASSED] - Object: 'Object Repository/Page_KiboEngage  Operational Dashbo/button_See more' is clicked on

2019-04-26 11:03:04 - [TEST_STEP][PASSED] - delay: Delayed 1 second(s)

2019-04-26 11:03:05 - [MESSAGE][PASSED] - Delayed 1 second(s)

2019-04-26 11:03:05 - [TEST_STEP][PASSED] - scrollToPosition: Browser is scrolled to position x = 0, y = 0

2019-04-26 11:03:05 - [MESSAGE][PASSED] - Browser is scrolled to position x = 0, y = 0

2019-04-26 11:03:05 - [TEST_STEP][PASSED] - delay: Delayed 5 second(s)

2019-04-26 11:03:10 - [MESSAGE][PASSED] - Delayed 5 second(s)

2019-04-26 11:03:10 - [TEST_STEP][PASSED] - Statement - driver = com.kms.katalon.core.webui.driver.DriverFactory.getWebDriver(): null

2019-04-26 11:03:10 - [TEST_STEP][PASSED] - Statement - Table = driver.findElement(org.openqa.selenium.By.xpath("//table/tbody")): null

2019-04-26 11:03:10 - [TEST_STEP][PASSED] - Statement - rows_table = Table.findElements(org.openqa.selenium.By.tagName("tr")): null

2019-04-26 11:03:10 - [TEST_STEP][PASSED] - Statement - rows_count = rows_table.size(): null

2019-04-26 11:03:10 - [TEST_STEP][PASSED] - verifyGreaterThanOrEqual: Actual number '10' is greater than or equal to expected number '1'

2019-04-26 11:03:10 - [MESSAGE][PASSED] - Actual number '10' is greater than or equal to expected number '1'

2019-04-26 11:03:10 - [MESSAGE][PASSED] - Call Test Case 'Test Cases/Operational_Dashboard/135' successfully

2019-04-26 11:03:10 - [TEST_STEP][PASSED] - Statement - driver = com.kms.katalon.core.webui.driver.DriverFactory.getWebDriver(): null

2019-04-26 11:03:10 - [TEST_STEP][PASSED] - Statement - next = driver.findElement(org.openqa.selenium.By.xpath("//*[@id="ajax_data"]/ul/li[3]/a")): null

2019-04-26 11:03:10 - [TEST_STEP][PASSED] - Statement - next.click(): null

2019-04-26 11:03:10 - [TEST_STEP][PASSED] - delay: Delayed 5 second(s)

2019-04-26 11:03:15 - [MESSAGE][PASSED] - Delayed 5 second(s)

2019-04-26 11:03:15 - [TEST_STEP][PASSED] - scrollToPosition: Browser is scrolled to position x = 0, y = 0

2019-04-26 11:03:15 - [MESSAGE][PASSED] - Browser is scrolled to position x = 0, y = 0

2019-04-26 11:03:15 - [TEST_STEP][PASSED] - Statement - Table = driver.findElement(org.openqa.selenium.By.xpath("//table/tbody")): null

2019-04-26 11:03:15 - [TEST_STEP][PASSED] - Statement - rows_table = Table.findElements(org.openqa.selenium.By.tagName("tr")): null

2019-04-26 11:03:15 - [TEST_STEP][PASSED] - Statement - rows_count = rows_table.size(): null

2019-04-26 11:03:15 - [TEST_STEP][PASSED] - verifyGreaterThanOrEqual: Actual number '10' is greater than or equal to expected number '1'

2019-04-26 11:03:15 - [MESSAGE][PASSED] - Actual number '10' is greater than or equal to expected number '1'

2019-04-26 11:03:15 - [MESSAGE][PASSED] - Call Test Case 'Test Cases/Operational_Dashboard/136' successfully

2019-04-26 11:03:15 - [TEST_STEP][PASSED] - Statement - driver = com.kms.katalon.core.webui.driver.DriverFactory.getWebDriver(): null

2019-04-26 11:03:15 - [TEST_STEP][PASSED] - Statement - previous = driver.findElement(org.openqa.selenium.By.xpath("//*[@id="ajax_data"]/ul/li[1]/a")): null

2019-04-26 11:03:15 - [TEST_STEP][PASSED] - Statement - previous.click(): null

2019-04-26 11:03:16 - [TEST_STEP][PASSED] - delay: Delayed 5 second(s)

2019-04-26 11:03:21 - [MESSAGE][PASSED] - Delayed 5 second(s)

2019-04-26 11:03:21 - [TEST_STEP][PASSED] - Statement - Table = driver.findElement(org.openqa.selenium.By.xpath("//table/tbody")): null

2019-04-26 11:03:21 - [TEST_STEP][PASSED] - Statement - rows_table = Table.findElements(org.openqa.selenium.By.tagName("tr")): null

2019-04-26 11:03:21 - [TEST_STEP][PASSED] - Statement - rows_count = rows_table.size(): null

2019-04-26 11:03:21 - [TEST_STEP][PASSED] - verifyEqual: Actual object '10' and expected object '10' are equal

2019-04-26 11:03:21 - [MESSAGE][PASSED] - Actual object '10' and expected object '10' are equal]]></system-out>
         <system-err><![CDATA[]]></system-err>
      </testcase>
      <testcase name="Test Cases/Operational_Dashboard/138" classname="Test Cases/Operational_Dashboard/138" status="PASSED">
         <system-out><![CDATA[2019-04-26 11:03:21 - [TEST_CASE][PASSED] - Test Cases/Operational_Dashboard/138: Test Cases/Operational_Dashboard/138

2019-04-26 11:03:21 - [TEST_STEP][PASSED] - callTestCase: Call Test Case 'Test Cases/Operational_Dashboard/135' successfully

2019-04-26 11:03:21 - [TEST_CASE][PASSED] - Test Cases/Operational_Dashboard/135: Test Cases/Operational_Dashboard/135

2019-04-26 11:03:21 - [TEST_STEP][PASSED] - callTestCase: Call Test Case 'Test Cases/Operational_Dashboard/Login' successfully

2019-04-26 11:03:21 - [TEST_CASE][PASSED] - Test Cases/Operational_Dashboard/Login: Test Cases/Operational_Dashboard/Login

2019-04-26 11:03:21 - [TEST_STEP][PASSED] - callTestCase: Call Test Case 'Test Cases/s-sidebar_navigation/individualAccount/operationalDashboard' successfully

2019-04-26 11:03:21 - [TEST_CASE][PASSED] - Test Cases/s-sidebar_navigation/individualAccount/operationalDashboard: Test Cases/s-sidebar_navigation/individualAccount/operationalDashboard

2019-04-26 11:03:21 - [TEST_STEP][PASSED] - click: Object: 'Object Repository/Page_KiboEngage  Subscribers/span_Subscribers' is clicked on

2019-04-26 11:03:22 - [MESSAGE][PASSED] - Object: 'Object Repository/Page_KiboEngage  Subscribers/span_Subscribers' is clicked on

2019-04-26 11:03:22 - [TEST_STEP][PASSED] - click: Object: 'Object Repository/Page_KiboEngage  Subscribers/span_Operational Dashboard (1)' is clicked on

2019-04-26 11:03:22 - [MESSAGE][PASSED] - Object: 'Object Repository/Page_KiboEngage  Subscribers/span_Operational Dashboard (1)' is clicked on

2019-04-26 11:03:22 - [TEST_STEP][PASSED] - scrollToPosition: Browser is scrolled to position x = 0, y = 0

2019-04-26 11:03:22 - [MESSAGE][PASSED] - Browser is scrolled to position x = 0, y = 0

2019-04-26 11:03:22 - [TEST_STEP][PASSED] - click: Object: 'Object Repository/Page_KiboEngage  Operational Dashbo/h3_Pages Info (4)' is clicked on

2019-04-26 11:03:23 - [MESSAGE][PASSED] - Object: 'Object Repository/Page_KiboEngage  Operational Dashbo/h3_Pages Info (4)' is clicked on

2019-04-26 11:03:23 - [MESSAGE][PASSED] - Call Test Case 'Test Cases/s-sidebar_navigation/individualAccount/operationalDashboard' successfully

2019-04-26 11:03:23 - [MESSAGE][PASSED] - Call Test Case 'Test Cases/Operational_Dashboard/Login' successfully

2019-04-26 11:03:23 - [TEST_STEP][PASSED] - delay: Delayed 2 second(s)

2019-04-26 11:03:25 - [MESSAGE][PASSED] - Delayed 2 second(s)

2019-04-26 11:03:25 - [TEST_STEP][PASSED] - setText: Text 'cloudkibo1' is set on object 'Object Repository/Page_KiboEngage  Operational Dashbo/input_form-control m-input m-i'

2019-04-26 11:03:26 - [MESSAGE][PASSED] - Text 'cloudkibo1' is set on object 'Object Repository/Page_KiboEngage  Operational Dashbo/input_form-control m-input m-i'

2019-04-26 11:03:26 - [TEST_STEP][PASSED] - delay: Delayed 5 second(s)

2019-04-26 11:03:31 - [MESSAGE][PASSED] - Delayed 5 second(s)

2019-04-26 11:03:31 - [TEST_STEP][PASSED] - click: Object: 'Object Repository/Page_KiboEngage  Operational Dashbo/button_See more' is clicked on

2019-04-26 11:03:31 - [MESSAGE][PASSED] - Object: 'Object Repository/Page_KiboEngage  Operational Dashbo/button_See more' is clicked on

2019-04-26 11:03:31 - [TEST_STEP][PASSED] - delay: Delayed 1 second(s)

2019-04-26 11:03:32 - [MESSAGE][PASSED] - Delayed 1 second(s)

2019-04-26 11:03:32 - [TEST_STEP][PASSED] - scrollToPosition: Browser is scrolled to position x = 0, y = 0

2019-04-26 11:03:32 - [MESSAGE][PASSED] - Browser is scrolled to position x = 0, y = 0

2019-04-26 11:03:32 - [TEST_STEP][PASSED] - delay: Delayed 5 second(s)

2019-04-26 11:03:37 - [MESSAGE][PASSED] - Delayed 5 second(s)

2019-04-26 11:03:37 - [TEST_STEP][PASSED] - Statement - driver = com.kms.katalon.core.webui.driver.DriverFactory.getWebDriver(): null

2019-04-26 11:03:37 - [TEST_STEP][PASSED] - Statement - Table = driver.findElement(org.openqa.selenium.By.xpath("//table/tbody")): null

2019-04-26 11:03:37 - [TEST_STEP][PASSED] - Statement - rows_table = Table.findElements(org.openqa.selenium.By.tagName("tr")): null

2019-04-26 11:03:37 - [TEST_STEP][PASSED] - Statement - rows_count = rows_table.size(): null

2019-04-26 11:03:37 - [TEST_STEP][PASSED] - verifyGreaterThanOrEqual: Actual number '10' is greater than or equal to expected number '1'

2019-04-26 11:03:37 - [MESSAGE][PASSED] - Actual number '10' is greater than or equal to expected number '1'

2019-04-26 11:03:37 - [MESSAGE][PASSED] - Call Test Case 'Test Cases/Operational_Dashboard/135' successfully

2019-04-26 11:03:37 - [TEST_STEP][PASSED] - Statement - driver = com.kms.katalon.core.webui.driver.DriverFactory.getWebDriver(): null

2019-04-26 11:03:37 - [TEST_STEP][PASSED] - Statement - next = driver.findElement(org.openqa.selenium.By.xpath("//*[@id="ajax_data"]/ul/li[3]/a")): null

2019-04-26 11:03:37 - [TEST_STEP][PASSED] - Statement - next.click(): null

2019-04-26 11:03:38 - [TEST_STEP][PASSED] - delay: Delayed 5 second(s)

2019-04-26 11:03:43 - [MESSAGE][PASSED] - Delayed 5 second(s)

2019-04-26 11:03:43 - [TEST_STEP][PASSED] - Statement - Table = driver.findElement(org.openqa.selenium.By.xpath("//table/tbody")): null

2019-04-26 11:03:43 - [TEST_STEP][PASSED] - Statement - rows_table = Table.findElements(org.openqa.selenium.By.tagName("tr")): null

2019-04-26 11:03:43 - [TEST_STEP][PASSED] - Statement - rows_count = rows_table.size(): null

2019-04-26 11:03:43 - [TEST_STEP][PASSED] - verifyGreaterThanOrEqual: Actual number '10' is greater than or equal to expected number '1'

2019-04-26 11:03:43 - [MESSAGE][PASSED] - Actual number '10' is greater than or equal to expected number '1']]></system-out>
         <system-err><![CDATA[]]></system-err>
      </testcase>
      <testcase name="Test Cases/Operational_Dashboard/139" classname="Test Cases/Operational_Dashboard/139" status="ERROR">
         <error type="ERROR" message="Test Cases/Operational_Dashboard/139 FAILED because (of) org.openqa.selenium.NoSuchElementException: no such element: Unable to locate element: {&quot;method&quot;:&quot;xpath&quot;,&quot;selector&quot;:&quot;//*[@id=&quot;content&quot;]/div/div/div/div[2]/div[3]/div[1]/div/div/div[2]/div/div/div[1]/input&quot;}
  (Session info: chrome=73.0.3683.103)
  (Driver info: chromedriver=2.35.528161 (5b82f2d2aae0ca24b877009200ced9065a772e73),platform=Windows NT 10.0.17134 x86_64) (WARNING: The server did not provide any stacktrace information)
Command duration or timeout: 0 milliseconds
For documentation on this error, please visit: http://seleniumhq.org/exceptions/no_such_element.html
Build info: version: '3.7.1', revision: '8a0099a', time: '2017-11-06T21:07:36.161Z'
System info: host: 'DESKTOP-4M6R1V0', ip: '10.0.2.15', os.name: 'Windows 10', os.arch: 'amd64', os.version: '10.0', java.version: '1.8.0_181'
Driver info: com.kms.katalon.selenium.driver.CChromeDriver
Capabilities {acceptInsecureCerts: false, acceptSslCerts: false, applicationCacheEnabled: false, browserConnectionEnabled: false, browserName: chrome, chrome: {chromedriverVersion: 2.35.528161 (5b82f2d2aae0ca..., userDataDir: C:\Users\CLOUDK~1\AppData\L...}, cssSelectorsEnabled: true, databaseEnabled: false, handlesAlerts: true, hasTouchScreen: false, javascriptEnabled: true, locationContextEnabled: true, mobileEmulationEnabled: false, nativeEvents: true, networkConnectionEnabled: false, pageLoadStrategy: normal, platform: XP, platformName: XP, rotatable: false, setWindowRect: true, takesHeapSnapshot: true, takesScreenshot: true, unexpectedAlertBehaviour: , unhandledPromptBehavior: , version: 73.0.3683.103, webStorageEnabled: true}
Session ID: e30c37e72384922c98aa97af135c90bb
*** Element info: {Using=xpath, value=//*[@id=&quot;content&quot;]/div/div/div/div[2]/div[3]/div[1]/div/div/div[2]/div/div/div[1]/input}"/>
         <system-out><![CDATA[2019-04-26 11:03:43 - [TEST_CASE][ERROR] - Test Cases/Operational_Dashboard/139: Test Cases/Operational_Dashboard/139 FAILED because (of) org.openqa.selenium.NoSuchElementException: no such element: Unable to locate element: {"method":"xpath","selector":"//*[@id="content"]/div/div/div/div[2]/div[3]/div[1]/div/div/div[2]/div/div/div[1]/input"}
  (Session info: chrome=73.0.3683.103)
  (Driver info: chromedriver=2.35.528161 (5b82f2d2aae0ca24b877009200ced9065a772e73),platform=Windows NT 10.0.17134 x86_64) (WARNING: The server did not provide any stacktrace information)
Command duration or timeout: 0 milliseconds
For documentation on this error, please visit: http://seleniumhq.org/exceptions/no_such_element.html
Build info: version: '3.7.1', revision: '8a0099a', time: '2017-11-06T21:07:36.161Z'
System info: host: 'DESKTOP-4M6R1V0', ip: '10.0.2.15', os.name: 'Windows 10', os.arch: 'amd64', os.version: '10.0', java.version: '1.8.0_181'
Driver info: com.kms.katalon.selenium.driver.CChromeDriver
Capabilities {acceptInsecureCerts: false, acceptSslCerts: false, applicationCacheEnabled: false, browserConnectionEnabled: false, browserName: chrome, chrome: {chromedriverVersion: 2.35.528161 (5b82f2d2aae0ca..., userDataDir: C:\Users\CLOUDK~1\AppData\L...}, cssSelectorsEnabled: true, databaseEnabled: false, handlesAlerts: true, hasTouchScreen: false, javascriptEnabled: true, locationContextEnabled: true, mobileEmulationEnabled: false, nativeEvents: true, networkConnectionEnabled: false, pageLoadStrategy: normal, platform: XP, platformName: XP, rotatable: false, setWindowRect: true, takesHeapSnapshot: true, takesScreenshot: true, unexpectedAlertBehaviour: , unhandledPromptBehavior: , version: 73.0.3683.103, webStorageEnabled: true}
Session ID: e30c37e72384922c98aa97af135c90bb
*** Element info: {Using=xpath, value=//*[@id="content"]/div/div/div/div[2]/div[3]/div[1]/div/div/div[2]/div/div/div[1]/input}

2019-04-26 11:03:43 - [TEST_STEP][PASSED] - callTestCase: Call Test Case 'Test Cases/Operational_Dashboard/Login' successfully

2019-04-26 11:03:43 - [TEST_CASE][PASSED] - Test Cases/Operational_Dashboard/Login: Test Cases/Operational_Dashboard/Login

2019-04-26 11:03:43 - [TEST_STEP][PASSED] - callTestCase: Call Test Case 'Test Cases/s-sidebar_navigation/individualAccount/operationalDashboard' successfully

2019-04-26 11:03:43 - [TEST_CASE][PASSED] - Test Cases/s-sidebar_navigation/individualAccount/operationalDashboard: Test Cases/s-sidebar_navigation/individualAccount/operationalDashboard

2019-04-26 11:03:43 - [TEST_STEP][PASSED] - click: Object: 'Object Repository/Page_KiboEngage  Subscribers/span_Subscribers' is clicked on

2019-04-26 11:03:44 - [MESSAGE][PASSED] - Object: 'Object Repository/Page_KiboEngage  Subscribers/span_Subscribers' is clicked on

2019-04-26 11:03:44 - [TEST_STEP][PASSED] - click: Object: 'Object Repository/Page_KiboEngage  Subscribers/span_Operational Dashboard (1)' is clicked on

2019-04-26 11:03:44 - [MESSAGE][PASSED] - Object: 'Object Repository/Page_KiboEngage  Subscribers/span_Operational Dashboard (1)' is clicked on

2019-04-26 11:03:44 - [TEST_STEP][PASSED] - scrollToPosition: Browser is scrolled to position x = 0, y = 0

2019-04-26 11:03:45 - [MESSAGE][PASSED] - Browser is scrolled to position x = 0, y = 0

2019-04-26 11:03:45 - [TEST_STEP][PASSED] - click: Object: 'Object Repository/Page_KiboEngage  Operational Dashbo/h3_Pages Info (4)' is clicked on

2019-04-26 11:03:45 - [MESSAGE][PASSED] - Object: 'Object Repository/Page_KiboEngage  Operational Dashbo/h3_Pages Info (4)' is clicked on

2019-04-26 11:03:45 - [MESSAGE][PASSED] - Call Test Case 'Test Cases/s-sidebar_navigation/individualAccount/operationalDashboard' successfully

2019-04-26 11:03:45 - [MESSAGE][PASSED] - Call Test Case 'Test Cases/Operational_Dashboard/Login' successfully

2019-04-26 11:03:45 - [TEST_STEP][PASSED] - delay: Delayed 5 second(s)

2019-04-26 11:03:50 - [MESSAGE][PASSED] - Delayed 5 second(s)

2019-04-26 11:03:50 - [TEST_STEP][PASSED] - setText: Text 'cloudkibo1' is set on object 'Object Repository/Page_KiboEngage  Operational Dashbo/input_form-control m-input m-i'

2019-04-26 11:03:52 - [MESSAGE][PASSED] - Text 'cloudkibo1' is set on object 'Object Repository/Page_KiboEngage  Operational Dashbo/input_form-control m-input m-i'

2019-04-26 11:03:52 - [TEST_STEP][PASSED] - delay: Delayed 5 second(s)

2019-04-26 11:03:57 - [MESSAGE][PASSED] - Delayed 5 second(s)

2019-04-26 11:03:57 - [TEST_STEP][PASSED] - click: Object: 'Object Repository/Page_KiboEngage  Operational Dashbo/button_See more' is clicked on

2019-04-26 11:03:57 - [MESSAGE][PASSED] - Object: 'Object Repository/Page_KiboEngage  Operational Dashbo/button_See more' is clicked on

2019-04-26 11:03:57 - [TEST_STEP][PASSED] - delay: Delayed 1 second(s)

2019-04-26 11:03:58 - [MESSAGE][PASSED] - Delayed 1 second(s)

2019-04-26 11:03:58 - [TEST_STEP][PASSED] - scrollToPosition: Browser is scrolled to position x = 0, y = 0

2019-04-26 11:03:58 - [MESSAGE][PASSED] - Browser is scrolled to position x = 0, y = 0

2019-04-26 11:03:58 - [TEST_STEP][PASSED] - Statement - driver = com.kms.katalon.core.webui.driver.DriverFactory.getWebDriver(): null

2019-04-26 11:03:58 - [TEST_STEP][PASSED] - Statement - input_search_page = driver.findElement(org.openqa.selenium.By.xpath("//*[@id="content"]/div/div/div/div[2]/div[3]/div[1]/div/div/div[2]/div/div/div[1]/input")): null]]></system-out>
         <system-err><![CDATA[2019-04-26 11:03:43 - [TEST_CASE][ERROR] - Test Cases/Operational_Dashboard/139: Test Cases/Operational_Dashboard/139 FAILED because (of) org.openqa.selenium.NoSuchElementException: no such element: Unable to locate element: {"method":"xpath","selector":"//*[@id="content"]/div/div/div/div[2]/div[3]/div[1]/div/div/div[2]/div/div/div[1]/input"}
  (Session info: chrome=73.0.3683.103)
  (Driver info: chromedriver=2.35.528161 (5b82f2d2aae0ca24b877009200ced9065a772e73),platform=Windows NT 10.0.17134 x86_64) (WARNING: The server did not provide any stacktrace information)
Command duration or timeout: 0 milliseconds
For documentation on this error, please visit: http://seleniumhq.org/exceptions/no_such_element.html
Build info: version: '3.7.1', revision: '8a0099a', time: '2017-11-06T21:07:36.161Z'
System info: host: 'DESKTOP-4M6R1V0', ip: '10.0.2.15', os.name: 'Windows 10', os.arch: 'amd64', os.version: '10.0', java.version: '1.8.0_181'
Driver info: com.kms.katalon.selenium.driver.CChromeDriver
Capabilities {acceptInsecureCerts: false, acceptSslCerts: false, applicationCacheEnabled: false, browserConnectionEnabled: false, browserName: chrome, chrome: {chromedriverVersion: 2.35.528161 (5b82f2d2aae0ca..., userDataDir: C:\Users\CLOUDK~1\AppData\L...}, cssSelectorsEnabled: true, databaseEnabled: false, handlesAlerts: true, hasTouchScreen: false, javascriptEnabled: true, locationContextEnabled: true, mobileEmulationEnabled: false, nativeEvents: true, networkConnectionEnabled: false, pageLoadStrategy: normal, platform: XP, platformName: XP, rotatable: false, setWindowRect: true, takesHeapSnapshot: true, takesScreenshot: true, unexpectedAlertBehaviour: , unhandledPromptBehavior: , version: 73.0.3683.103, webStorageEnabled: true}
Session ID: e30c37e72384922c98aa97af135c90bb
*** Element info: {Using=xpath, value=//*[@id="content"]/div/div/div/div[2]/div[3]/div[1]/div/div/div[2]/div/div/div[1]/input}]]></system-err>
      </testcase>
      <testcase name="Test Cases/Operational_Dashboard/141" classname="Test Cases/Operational_Dashboard/141" status="FAILED">
         <failure type="FAILED" message="Unable to verify actual number '0' greater than or equal with expected number '1' (Root cause: Actual number '0' is NOT greater than or equal to expected number '1')"/>
         <system-out><![CDATA[2019-04-26 11:03:58 - [TEST_CASE][FAILED] - Test Cases/Operational_Dashboard/141: Test Cases/Operational_Dashboard/141 FAILED because (of) Unable to verify actual number '0' greater than or equal with expected number '1' (Root cause: Actual number '0' is NOT greater than or equal to expected number '1')

2019-04-26 11:03:58 - [TEST_STEP][PASSED] - callTestCase: Call Test Case 'Test Cases/Operational_Dashboard/Login' successfully

2019-04-26 11:03:58 - [TEST_CASE][PASSED] - Test Cases/Operational_Dashboard/Login: Test Cases/Operational_Dashboard/Login

2019-04-26 11:03:58 - [TEST_STEP][PASSED] - callTestCase: Call Test Case 'Test Cases/s-sidebar_navigation/individualAccount/operationalDashboard' successfully

2019-04-26 11:03:59 - [TEST_CASE][PASSED] - Test Cases/s-sidebar_navigation/individualAccount/operationalDashboard: Test Cases/s-sidebar_navigation/individualAccount/operationalDashboard

2019-04-26 11:03:59 - [TEST_STEP][PASSED] - click: Object: 'Object Repository/Page_KiboEngage  Subscribers/span_Subscribers' is clicked on

2019-04-26 11:03:59 - [MESSAGE][PASSED] - Object: 'Object Repository/Page_KiboEngage  Subscribers/span_Subscribers' is clicked on

2019-04-26 11:03:59 - [TEST_STEP][PASSED] - click: Object: 'Object Repository/Page_KiboEngage  Subscribers/span_Operational Dashboard (1)' is clicked on

2019-04-26 11:04:01 - [MESSAGE][PASSED] - Object: 'Object Repository/Page_KiboEngage  Subscribers/span_Operational Dashboard (1)' is clicked on

2019-04-26 11:04:01 - [TEST_STEP][PASSED] - scrollToPosition: Browser is scrolled to position x = 0, y = 0

2019-04-26 11:04:01 - [MESSAGE][PASSED] - Browser is scrolled to position x = 0, y = 0

2019-04-26 11:04:01 - [TEST_STEP][PASSED] - click: Object: 'Object Repository/Page_KiboEngage  Operational Dashbo/h3_Pages Info (4)' is clicked on

2019-04-26 11:04:01 - [MESSAGE][PASSED] - Object: 'Object Repository/Page_KiboEngage  Operational Dashbo/h3_Pages Info (4)' is clicked on

2019-04-26 11:04:01 - [MESSAGE][PASSED] - Call Test Case 'Test Cases/s-sidebar_navigation/individualAccount/operationalDashboard' successfully

2019-04-26 11:04:01 - [MESSAGE][PASSED] - Call Test Case 'Test Cases/Operational_Dashboard/Login' successfully

2019-04-26 11:04:01 - [TEST_STEP][PASSED] - delay: Delayed 2 second(s)

2019-04-26 11:04:03 - [MESSAGE][PASSED] - Delayed 2 second(s)

2019-04-26 11:04:03 - [TEST_STEP][PASSED] - setText: Text 'cloudkibo1' is set on object 'Object Repository/Page_KiboEngage  Operational Dashbo/input_form-control m-input m-i'

2019-04-26 11:04:04 - [MESSAGE][PASSED] - Text 'cloudkibo1' is set on object 'Object Repository/Page_KiboEngage  Operational Dashbo/input_form-control m-input m-i'

2019-04-26 11:04:04 - [TEST_STEP][PASSED] - delay: Delayed 5 second(s)

2019-04-26 11:04:09 - [MESSAGE][PASSED] - Delayed 5 second(s)

2019-04-26 11:04:09 - [TEST_STEP][PASSED] - click: Object: 'Object Repository/Page_KiboEngage  Operational Dashbo/button_See more' is clicked on

2019-04-26 11:04:09 - [MESSAGE][PASSED] - Object: 'Object Repository/Page_KiboEngage  Operational Dashbo/button_See more' is clicked on

2019-04-26 11:04:09 - [TEST_STEP][PASSED] - delay: Delayed 1 second(s)

2019-04-26 11:04:10 - [MESSAGE][PASSED] - Delayed 1 second(s)

2019-04-26 11:04:10 - [TEST_STEP][PASSED] - scrollToPosition: Browser is scrolled to position x = 0, y = 0

2019-04-26 11:04:11 - [MESSAGE][PASSED] - Browser is scrolled to position x = 0, y = 0

2019-04-26 11:04:11 - [TEST_STEP][PASSED] - delay: Delayed 5 second(s)

2019-04-26 11:04:16 - [MESSAGE][PASSED] - Delayed 5 second(s)

2019-04-26 11:04:16 - [TEST_STEP][PASSED] - Statement - driver = com.kms.katalon.core.webui.driver.DriverFactory.getWebDriver(): null

2019-04-26 11:04:16 - [TEST_STEP][PASSED] - Statement - rows_table = driver.findElements(org.openqa.selenium.By.xpath("//*[@id="content"]/div/div/div/div[2]/div[3]/div[2]/div/div/div[2]/div/div/div[2]/table/tbody/tr")): null

2019-04-26 11:04:16 - [TEST_STEP][PASSED] - Statement - rows_count = rows_table.size(): null

2019-04-26 11:04:16 - [TEST_STEP][FAILED] - verifyGreaterThanOrEqual: Unable to verify actual number '0' greater than or equal with expected number '1' (Root cause: Actual number '0' is NOT greater than or equal to expected number '1')

2019-04-26 11:04:16 - [MESSAGE][FAILED] - Unable to verify actual number '0' greater than or equal with expected number '1' (Root cause: Actual number '0' is NOT greater than or equal to expected number '1')]]></system-out>
         <system-err><![CDATA[2019-04-26 11:03:58 - [TEST_CASE][FAILED] - Test Cases/Operational_Dashboard/141: Test Cases/Operational_Dashboard/141 FAILED because (of) Unable to verify actual number '0' greater than or equal with expected number '1' (Root cause: Actual number '0' is NOT greater than or equal to expected number '1')]]></system-err>
      </testcase>
      <testcase name="Test Cases/Operational_Dashboard/142" classname="Test Cases/Operational_Dashboard/142" status="FAILED">
         <failure type="FAILED" message="Unable to verify actual number '0' greater than or equal with expected number '1' (Root cause: Actual number '0' is NOT greater than or equal to expected number '1')"/>
         <system-out><![CDATA[2019-04-26 11:04:16 - [TEST_CASE][FAILED] - Test Cases/Operational_Dashboard/142: Test Cases/Operational_Dashboard/142 FAILED because (of) Unable to verify actual number '0' greater than or equal with expected number '1' (Root cause: Actual number '0' is NOT greater than or equal to expected number '1')

2019-04-26 11:04:16 - [TEST_STEP][FAILED] - callTestCase: Unable to call Test Case with id 'Test Cases/Operational_Dashboard/141' (Root cause: Call Test Case 'Test Cases/Operational_Dashboard/141' failed)

2019-04-26 11:04:16 - [TEST_CASE][FAILED] - Test Cases/Operational_Dashboard/141: Test Cases/Operational_Dashboard/141 FAILED because (of) Unable to verify actual number '0' greater than or equal with expected number '1' (Root cause: Actual number '0' is NOT greater than or equal to expected number '1')

2019-04-26 11:04:16 - [TEST_STEP][PASSED] - callTestCase: Call Test Case 'Test Cases/Operational_Dashboard/Login' successfully

2019-04-26 11:04:16 - [TEST_CASE][PASSED] - Test Cases/Operational_Dashboard/Login: Test Cases/Operational_Dashboard/Login

2019-04-26 11:04:16 - [TEST_STEP][PASSED] - callTestCase: Call Test Case 'Test Cases/s-sidebar_navigation/individualAccount/operationalDashboard' successfully

2019-04-26 11:04:16 - [TEST_CASE][PASSED] - Test Cases/s-sidebar_navigation/individualAccount/operationalDashboard: Test Cases/s-sidebar_navigation/individualAccount/operationalDashboard

2019-04-26 11:04:16 - [TEST_STEP][PASSED] - click: Object: 'Object Repository/Page_KiboEngage  Subscribers/span_Subscribers' is clicked on

2019-04-26 11:04:17 - [MESSAGE][PASSED] - Object: 'Object Repository/Page_KiboEngage  Subscribers/span_Subscribers' is clicked on

2019-04-26 11:04:17 - [TEST_STEP][PASSED] - click: Object: 'Object Repository/Page_KiboEngage  Subscribers/span_Operational Dashboard (1)' is clicked on

2019-04-26 11:04:17 - [MESSAGE][PASSED] - Object: 'Object Repository/Page_KiboEngage  Subscribers/span_Operational Dashboard (1)' is clicked on

2019-04-26 11:04:17 - [TEST_STEP][PASSED] - scrollToPosition: Browser is scrolled to position x = 0, y = 0

2019-04-26 11:04:17 - [MESSAGE][PASSED] - Browser is scrolled to position x = 0, y = 0

2019-04-26 11:04:17 - [TEST_STEP][PASSED] - click: Object: 'Object Repository/Page_KiboEngage  Operational Dashbo/h3_Pages Info (4)' is clicked on

2019-04-26 11:04:17 - [MESSAGE][PASSED] - Object: 'Object Repository/Page_KiboEngage  Operational Dashbo/h3_Pages Info (4)' is clicked on

2019-04-26 11:04:17 - [MESSAGE][PASSED] - Call Test Case 'Test Cases/s-sidebar_navigation/individualAccount/operationalDashboard' successfully

2019-04-26 11:04:17 - [MESSAGE][PASSED] - Call Test Case 'Test Cases/Operational_Dashboard/Login' successfully

2019-04-26 11:04:17 - [TEST_STEP][PASSED] - delay: Delayed 2 second(s)

2019-04-26 11:04:19 - [MESSAGE][PASSED] - Delayed 2 second(s)

2019-04-26 11:04:19 - [TEST_STEP][PASSED] - setText: Text 'cloudkibo1' is set on object 'Object Repository/Page_KiboEngage  Operational Dashbo/input_form-control m-input m-i'

2019-04-26 11:04:21 - [MESSAGE][PASSED] - Text 'cloudkibo1' is set on object 'Object Repository/Page_KiboEngage  Operational Dashbo/input_form-control m-input m-i'

2019-04-26 11:04:21 - [TEST_STEP][PASSED] - delay: Delayed 5 second(s)

2019-04-26 11:04:26 - [MESSAGE][PASSED] - Delayed 5 second(s)

2019-04-26 11:04:26 - [TEST_STEP][PASSED] - click: Object: 'Object Repository/Page_KiboEngage  Operational Dashbo/button_See more' is clicked on

2019-04-26 11:04:26 - [MESSAGE][PASSED] - Object: 'Object Repository/Page_KiboEngage  Operational Dashbo/button_See more' is clicked on

2019-04-26 11:04:26 - [TEST_STEP][PASSED] - delay: Delayed 1 second(s)

2019-04-26 11:04:27 - [MESSAGE][PASSED] - Delayed 1 second(s)

2019-04-26 11:04:27 - [TEST_STEP][PASSED] - scrollToPosition: Browser is scrolled to position x = 0, y = 0

2019-04-26 11:04:27 - [MESSAGE][PASSED] - Browser is scrolled to position x = 0, y = 0

2019-04-26 11:04:27 - [TEST_STEP][PASSED] - delay: Delayed 5 second(s)

2019-04-26 11:04:32 - [MESSAGE][PASSED] - Delayed 5 second(s)

2019-04-26 11:04:32 - [TEST_STEP][PASSED] - Statement - driver = com.kms.katalon.core.webui.driver.DriverFactory.getWebDriver(): null

2019-04-26 11:04:32 - [TEST_STEP][PASSED] - Statement - rows_table = driver.findElements(org.openqa.selenium.By.xpath("//*[@id="content"]/div/div/div/div[2]/div[3]/div[2]/div/div/div[2]/div/div/div[2]/table/tbody/tr")): null

2019-04-26 11:04:32 - [TEST_STEP][PASSED] - Statement - rows_count = rows_table.size(): null

2019-04-26 11:04:32 - [TEST_STEP][FAILED] - verifyGreaterThanOrEqual: Unable to verify actual number '0' greater than or equal with expected number '1' (Root cause: Actual number '0' is NOT greater than or equal to expected number '1')

2019-04-26 11:04:32 - [MESSAGE][FAILED] - Unable to verify actual number '0' greater than or equal with expected number '1' (Root cause: Actual number '0' is NOT greater than or equal to expected number '1')

2019-04-26 11:04:32 - [MESSAGE][FAILED] - Unable to call Test Case with id 'Test Cases/Operational_Dashboard/141' (Root cause: Call Test Case 'Test Cases/Operational_Dashboard/141' failed)]]></system-out>
         <system-err><![CDATA[2019-04-26 11:04:16 - [TEST_CASE][FAILED] - Test Cases/Operational_Dashboard/142: Test Cases/Operational_Dashboard/142 FAILED because (of) Unable to verify actual number '0' greater than or equal with expected number '1' (Root cause: Actual number '0' is NOT greater than or equal to expected number '1')]]></system-err>
      </testcase>
      <testcase name="Test Cases/Operational_Dashboard/143" classname="Test Cases/Operational_Dashboard/143" status="FAILED">
         <failure type="FAILED" message="Unable to verify actual number '0' greater than or equal with expected number '1' (Root cause: Actual number '0' is NOT greater than or equal to expected number '1')"/>
         <system-out><![CDATA[2019-04-26 11:04:32 - [TEST_CASE][FAILED] - Test Cases/Operational_Dashboard/143: Test Cases/Operational_Dashboard/143 FAILED because (of) Unable to verify actual number '0' greater than or equal with expected number '1' (Root cause: Actual number '0' is NOT greater than or equal to expected number '1')

2019-04-26 11:04:32 - [TEST_STEP][FAILED] - callTestCase: Unable to call Test Case with id 'Test Cases/Operational_Dashboard/142' (Root cause: Call Test Case 'Test Cases/Operational_Dashboard/142' failed)

2019-04-26 11:04:32 - [TEST_CASE][FAILED] - Test Cases/Operational_Dashboard/142: Test Cases/Operational_Dashboard/142 FAILED because (of) Unable to verify actual number '0' greater than or equal with expected number '1' (Root cause: Actual number '0' is NOT greater than or equal to expected number '1')

2019-04-26 11:04:32 - [TEST_STEP][FAILED] - callTestCase: Unable to call Test Case with id 'Test Cases/Operational_Dashboard/141' (Root cause: Call Test Case 'Test Cases/Operational_Dashboard/141' failed)

2019-04-26 11:04:32 - [TEST_CASE][FAILED] - Test Cases/Operational_Dashboard/141: Test Cases/Operational_Dashboard/141 FAILED because (of) Unable to verify actual number '0' greater than or equal with expected number '1' (Root cause: Actual number '0' is NOT greater than or equal to expected number '1')

2019-04-26 11:04:33 - [TEST_STEP][PASSED] - callTestCase: Call Test Case 'Test Cases/Operational_Dashboard/Login' successfully

2019-04-26 11:04:33 - [TEST_CASE][PASSED] - Test Cases/Operational_Dashboard/Login: Test Cases/Operational_Dashboard/Login

2019-04-26 11:04:33 - [TEST_STEP][PASSED] - callTestCase: Call Test Case 'Test Cases/s-sidebar_navigation/individualAccount/operationalDashboard' successfully

2019-04-26 11:04:33 - [TEST_CASE][PASSED] - Test Cases/s-sidebar_navigation/individualAccount/operationalDashboard: Test Cases/s-sidebar_navigation/individualAccount/operationalDashboard

2019-04-26 11:04:33 - [TEST_STEP][PASSED] - click: Object: 'Object Repository/Page_KiboEngage  Subscribers/span_Subscribers' is clicked on

2019-04-26 11:04:33 - [MESSAGE][PASSED] - Object: 'Object Repository/Page_KiboEngage  Subscribers/span_Subscribers' is clicked on

2019-04-26 11:04:33 - [TEST_STEP][PASSED] - click: Object: 'Object Repository/Page_KiboEngage  Subscribers/span_Operational Dashboard (1)' is clicked on

2019-04-26 11:04:34 - [MESSAGE][PASSED] - Object: 'Object Repository/Page_KiboEngage  Subscribers/span_Operational Dashboard (1)' is clicked on

2019-04-26 11:04:34 - [TEST_STEP][PASSED] - scrollToPosition: Browser is scrolled to position x = 0, y = 0

2019-04-26 11:04:35 - [MESSAGE][PASSED] - Browser is scrolled to position x = 0, y = 0

2019-04-26 11:04:35 - [TEST_STEP][PASSED] - click: Object: 'Object Repository/Page_KiboEngage  Operational Dashbo/h3_Pages Info (4)' is clicked on

2019-04-26 11:04:35 - [MESSAGE][PASSED] - Object: 'Object Repository/Page_KiboEngage  Operational Dashbo/h3_Pages Info (4)' is clicked on

2019-04-26 11:04:35 - [MESSAGE][PASSED] - Call Test Case 'Test Cases/s-sidebar_navigation/individualAccount/operationalDashboard' successfully

2019-04-26 11:04:35 - [MESSAGE][PASSED] - Call Test Case 'Test Cases/Operational_Dashboard/Login' successfully

2019-04-26 11:04:35 - [TEST_STEP][PASSED] - delay: Delayed 2 second(s)

2019-04-26 11:04:37 - [MESSAGE][PASSED] - Delayed 2 second(s)

2019-04-26 11:04:37 - [TEST_STEP][PASSED] - setText: Text 'cloudkibo1' is set on object 'Object Repository/Page_KiboEngage  Operational Dashbo/input_form-control m-input m-i'

2019-04-26 11:04:38 - [MESSAGE][PASSED] - Text 'cloudkibo1' is set on object 'Object Repository/Page_KiboEngage  Operational Dashbo/input_form-control m-input m-i'

2019-04-26 11:04:38 - [TEST_STEP][PASSED] - delay: Delayed 5 second(s)

2019-04-26 11:04:43 - [MESSAGE][PASSED] - Delayed 5 second(s)

2019-04-26 11:04:43 - [TEST_STEP][PASSED] - click: Object: 'Object Repository/Page_KiboEngage  Operational Dashbo/button_See more' is clicked on

2019-04-26 11:04:44 - [MESSAGE][PASSED] - Object: 'Object Repository/Page_KiboEngage  Operational Dashbo/button_See more' is clicked on

2019-04-26 11:04:44 - [TEST_STEP][PASSED] - delay: Delayed 1 second(s)

2019-04-26 11:04:45 - [MESSAGE][PASSED] - Delayed 1 second(s)

2019-04-26 11:04:45 - [TEST_STEP][PASSED] - scrollToPosition: Browser is scrolled to position x = 0, y = 0

2019-04-26 11:04:45 - [MESSAGE][PASSED] - Browser is scrolled to position x = 0, y = 0

2019-04-26 11:04:45 - [TEST_STEP][PASSED] - delay: Delayed 5 second(s)

2019-04-26 11:04:50 - [MESSAGE][PASSED] - Delayed 5 second(s)

2019-04-26 11:04:50 - [TEST_STEP][PASSED] - Statement - driver = com.kms.katalon.core.webui.driver.DriverFactory.getWebDriver(): null

2019-04-26 11:04:50 - [TEST_STEP][PASSED] - Statement - rows_table = driver.findElements(org.openqa.selenium.By.xpath("//*[@id="content"]/div/div/div/div[2]/div[3]/div[2]/div/div/div[2]/div/div/div[2]/table/tbody/tr")): null

2019-04-26 11:04:50 - [TEST_STEP][PASSED] - Statement - rows_count = rows_table.size(): null

2019-04-26 11:04:50 - [TEST_STEP][FAILED] - verifyGreaterThanOrEqual: Unable to verify actual number '0' greater than or equal with expected number '1' (Root cause: Actual number '0' is NOT greater than or equal to expected number '1')

2019-04-26 11:04:50 - [MESSAGE][FAILED] - Unable to verify actual number '0' greater than or equal with expected number '1' (Root cause: Actual number '0' is NOT greater than or equal to expected number '1')

2019-04-26 11:04:50 - [MESSAGE][FAILED] - Unable to call Test Case with id 'Test Cases/Operational_Dashboard/141' (Root cause: Call Test Case 'Test Cases/Operational_Dashboard/141' failed)

2019-04-26 11:04:50 - [MESSAGE][FAILED] - Unable to call Test Case with id 'Test Cases/Operational_Dashboard/142' (Root cause: Call Test Case 'Test Cases/Operational_Dashboard/142' failed)]]></system-out>
         <system-err><![CDATA[2019-04-26 11:04:32 - [TEST_CASE][FAILED] - Test Cases/Operational_Dashboard/143: Test Cases/Operational_Dashboard/143 FAILED because (of) Unable to verify actual number '0' greater than or equal with expected number '1' (Root cause: Actual number '0' is NOT greater than or equal to expected number '1')]]></system-err>
      </testcase>
      <testcase name="Test Cases/Operational_Dashboard/144" classname="Test Cases/Operational_Dashboard/144" status="FAILED">
         <failure type="FAILED" message="Unable to verify actual number '0' greater than or equal with expected number '1' (Root cause: Actual number '0' is NOT greater than or equal to expected number '1')"/>
         <system-out><![CDATA[2019-04-26 11:04:50 - [TEST_CASE][FAILED] - Test Cases/Operational_Dashboard/144: Test Cases/Operational_Dashboard/144 FAILED because (of) Unable to verify actual number '0' greater than or equal with expected number '1' (Root cause: Actual number '0' is NOT greater than or equal to expected number '1')

2019-04-26 11:04:50 - [TEST_STEP][FAILED] - callTestCase: Unable to call Test Case with id 'Test Cases/Operational_Dashboard/141' (Root cause: Call Test Case 'Test Cases/Operational_Dashboard/141' failed)

2019-04-26 11:04:50 - [TEST_CASE][FAILED] - Test Cases/Operational_Dashboard/141: Test Cases/Operational_Dashboard/141 FAILED because (of) Unable to verify actual number '0' greater than or equal with expected number '1' (Root cause: Actual number '0' is NOT greater than or equal to expected number '1')

2019-04-26 11:04:50 - [TEST_STEP][PASSED] - callTestCase: Call Test Case 'Test Cases/Operational_Dashboard/Login' successfully

2019-04-26 11:04:51 - [TEST_CASE][PASSED] - Test Cases/Operational_Dashboard/Login: Test Cases/Operational_Dashboard/Login

2019-04-26 11:04:51 - [TEST_STEP][PASSED] - callTestCase: Call Test Case 'Test Cases/s-sidebar_navigation/individualAccount/operationalDashboard' successfully

2019-04-26 11:04:51 - [TEST_CASE][PASSED] - Test Cases/s-sidebar_navigation/individualAccount/operationalDashboard: Test Cases/s-sidebar_navigation/individualAccount/operationalDashboard

2019-04-26 11:04:51 - [TEST_STEP][PASSED] - click: Object: 'Object Repository/Page_KiboEngage  Subscribers/span_Subscribers' is clicked on

2019-04-26 11:04:51 - [MESSAGE][PASSED] - Object: 'Object Repository/Page_KiboEngage  Subscribers/span_Subscribers' is clicked on

2019-04-26 11:04:51 - [TEST_STEP][PASSED] - click: Object: 'Object Repository/Page_KiboEngage  Subscribers/span_Operational Dashboard (1)' is clicked on

2019-04-26 11:04:52 - [MESSAGE][PASSED] - Object: 'Object Repository/Page_KiboEngage  Subscribers/span_Operational Dashboard (1)' is clicked on

2019-04-26 11:04:52 - [TEST_STEP][PASSED] - scrollToPosition: Browser is scrolled to position x = 0, y = 0

2019-04-26 11:04:52 - [MESSAGE][PASSED] - Browser is scrolled to position x = 0, y = 0

2019-04-26 11:04:52 - [TEST_STEP][PASSED] - click: Object: 'Object Repository/Page_KiboEngage  Operational Dashbo/h3_Pages Info (4)' is clicked on

2019-04-26 11:04:52 - [MESSAGE][PASSED] - Object: 'Object Repository/Page_KiboEngage  Operational Dashbo/h3_Pages Info (4)' is clicked on

2019-04-26 11:04:52 - [MESSAGE][PASSED] - Call Test Case 'Test Cases/s-sidebar_navigation/individualAccount/operationalDashboard' successfully

2019-04-26 11:04:52 - [MESSAGE][PASSED] - Call Test Case 'Test Cases/Operational_Dashboard/Login' successfully

2019-04-26 11:04:52 - [TEST_STEP][PASSED] - delay: Delayed 2 second(s)

2019-04-26 11:04:54 - [MESSAGE][PASSED] - Delayed 2 second(s)

2019-04-26 11:04:54 - [TEST_STEP][PASSED] - setText: Text 'cloudkibo1' is set on object 'Object Repository/Page_KiboEngage  Operational Dashbo/input_form-control m-input m-i'

2019-04-26 11:04:56 - [MESSAGE][PASSED] - Text 'cloudkibo1' is set on object 'Object Repository/Page_KiboEngage  Operational Dashbo/input_form-control m-input m-i'

2019-04-26 11:04:56 - [TEST_STEP][PASSED] - delay: Delayed 5 second(s)

2019-04-26 11:05:01 - [MESSAGE][PASSED] - Delayed 5 second(s)

2019-04-26 11:05:01 - [TEST_STEP][PASSED] - click: Object: 'Object Repository/Page_KiboEngage  Operational Dashbo/button_See more' is clicked on

2019-04-26 11:05:01 - [MESSAGE][PASSED] - Object: 'Object Repository/Page_KiboEngage  Operational Dashbo/button_See more' is clicked on

2019-04-26 11:05:01 - [TEST_STEP][PASSED] - delay: Delayed 1 second(s)

2019-04-26 11:05:02 - [MESSAGE][PASSED] - Delayed 1 second(s)

2019-04-26 11:05:02 - [TEST_STEP][PASSED] - scrollToPosition: Browser is scrolled to position x = 0, y = 0

2019-04-26 11:05:03 - [MESSAGE][PASSED] - Browser is scrolled to position x = 0, y = 0

2019-04-26 11:05:03 - [TEST_STEP][PASSED] - delay: Delayed 5 second(s)

2019-04-26 11:05:08 - [MESSAGE][PASSED] - Delayed 5 second(s)

2019-04-26 11:05:08 - [TEST_STEP][PASSED] - Statement - driver = com.kms.katalon.core.webui.driver.DriverFactory.getWebDriver(): null

2019-04-26 11:05:08 - [TEST_STEP][PASSED] - Statement - rows_table = driver.findElements(org.openqa.selenium.By.xpath("//*[@id="content"]/div/div/div/div[2]/div[3]/div[2]/div/div/div[2]/div/div/div[2]/table/tbody/tr")): null

2019-04-26 11:05:08 - [TEST_STEP][PASSED] - Statement - rows_count = rows_table.size(): null

2019-04-26 11:05:08 - [TEST_STEP][FAILED] - verifyGreaterThanOrEqual: Unable to verify actual number '0' greater than or equal with expected number '1' (Root cause: Actual number '0' is NOT greater than or equal to expected number '1')

2019-04-26 11:05:08 - [MESSAGE][FAILED] - Unable to verify actual number '0' greater than or equal with expected number '1' (Root cause: Actual number '0' is NOT greater than or equal to expected number '1')

2019-04-26 11:05:08 - [MESSAGE][FAILED] - Unable to call Test Case with id 'Test Cases/Operational_Dashboard/141' (Root cause: Call Test Case 'Test Cases/Operational_Dashboard/141' failed)]]></system-out>
         <system-err><![CDATA[2019-04-26 11:04:50 - [TEST_CASE][FAILED] - Test Cases/Operational_Dashboard/144: Test Cases/Operational_Dashboard/144 FAILED because (of) Unable to verify actual number '0' greater than or equal with expected number '1' (Root cause: Actual number '0' is NOT greater than or equal to expected number '1')]]></system-err>
      </testcase>
      <testcase name="Test Cases/Operational_Dashboard/145" classname="Test Cases/Operational_Dashboard/145" status="FAILED">
         <failure type="FAILED" message="Unable to verify actual number '0' greater than or equal with expected number '1' (Root cause: Actual number '0' is NOT greater than or equal to expected number '1')"/>
         <system-out><![CDATA[2019-04-26 11:05:08 - [TEST_CASE][FAILED] - Test Cases/Operational_Dashboard/145: Test Cases/Operational_Dashboard/145 FAILED because (of) Unable to verify actual number '0' greater than or equal with expected number '1' (Root cause: Actual number '0' is NOT greater than or equal to expected number '1')

2019-04-26 11:05:08 - [TEST_STEP][FAILED] - callTestCase: Unable to call Test Case with id 'Test Cases/Operational_Dashboard/141' (Root cause: Call Test Case 'Test Cases/Operational_Dashboard/141' failed)

2019-04-26 11:05:08 - [TEST_CASE][FAILED] - Test Cases/Operational_Dashboard/141: Test Cases/Operational_Dashboard/141 FAILED because (of) Unable to verify actual number '0' greater than or equal with expected number '1' (Root cause: Actual number '0' is NOT greater than or equal to expected number '1')

2019-04-26 11:05:08 - [TEST_STEP][PASSED] - callTestCase: Call Test Case 'Test Cases/Operational_Dashboard/Login' successfully

2019-04-26 11:05:09 - [TEST_CASE][PASSED] - Test Cases/Operational_Dashboard/Login: Test Cases/Operational_Dashboard/Login

2019-04-26 11:05:09 - [TEST_STEP][PASSED] - callTestCase: Call Test Case 'Test Cases/s-sidebar_navigation/individualAccount/operationalDashboard' successfully

2019-04-26 11:05:09 - [TEST_CASE][PASSED] - Test Cases/s-sidebar_navigation/individualAccount/operationalDashboard: Test Cases/s-sidebar_navigation/individualAccount/operationalDashboard

2019-04-26 11:05:09 - [TEST_STEP][PASSED] - click: Object: 'Object Repository/Page_KiboEngage  Subscribers/span_Subscribers' is clicked on

2019-04-26 11:05:09 - [MESSAGE][PASSED] - Object: 'Object Repository/Page_KiboEngage  Subscribers/span_Subscribers' is clicked on

2019-04-26 11:05:09 - [TEST_STEP][PASSED] - click: Object: 'Object Repository/Page_KiboEngage  Subscribers/span_Operational Dashboard (1)' is clicked on

2019-04-26 11:05:10 - [MESSAGE][PASSED] - Object: 'Object Repository/Page_KiboEngage  Subscribers/span_Operational Dashboard (1)' is clicked on

2019-04-26 11:05:10 - [TEST_STEP][PASSED] - scrollToPosition: Browser is scrolled to position x = 0, y = 0

2019-04-26 11:05:11 - [MESSAGE][PASSED] - Browser is scrolled to position x = 0, y = 0

2019-04-26 11:05:11 - [TEST_STEP][PASSED] - click: Object: 'Object Repository/Page_KiboEngage  Operational Dashbo/h3_Pages Info (4)' is clicked on

2019-04-26 11:05:11 - [MESSAGE][PASSED] - Object: 'Object Repository/Page_KiboEngage  Operational Dashbo/h3_Pages Info (4)' is clicked on

2019-04-26 11:05:11 - [MESSAGE][PASSED] - Call Test Case 'Test Cases/s-sidebar_navigation/individualAccount/operationalDashboard' successfully

2019-04-26 11:05:11 - [MESSAGE][PASSED] - Call Test Case 'Test Cases/Operational_Dashboard/Login' successfully

2019-04-26 11:05:11 - [TEST_STEP][PASSED] - delay: Delayed 2 second(s)

2019-04-26 11:05:13 - [MESSAGE][PASSED] - Delayed 2 second(s)

2019-04-26 11:05:13 - [TEST_STEP][PASSED] - setText: Text 'cloudkibo1' is set on object 'Object Repository/Page_KiboEngage  Operational Dashbo/input_form-control m-input m-i'

2019-04-26 11:05:14 - [MESSAGE][PASSED] - Text 'cloudkibo1' is set on object 'Object Repository/Page_KiboEngage  Operational Dashbo/input_form-control m-input m-i'

2019-04-26 11:05:14 - [TEST_STEP][PASSED] - delay: Delayed 5 second(s)

2019-04-26 11:05:19 - [MESSAGE][PASSED] - Delayed 5 second(s)

2019-04-26 11:05:19 - [TEST_STEP][PASSED] - click: Object: 'Object Repository/Page_KiboEngage  Operational Dashbo/button_See more' is clicked on

2019-04-26 11:05:20 - [MESSAGE][PASSED] - Object: 'Object Repository/Page_KiboEngage  Operational Dashbo/button_See more' is clicked on

2019-04-26 11:05:20 - [TEST_STEP][PASSED] - delay: Delayed 1 second(s)

2019-04-26 11:05:21 - [MESSAGE][PASSED] - Delayed 1 second(s)

2019-04-26 11:05:21 - [TEST_STEP][PASSED] - scrollToPosition: Browser is scrolled to position x = 0, y = 0

2019-04-26 11:05:21 - [MESSAGE][PASSED] - Browser is scrolled to position x = 0, y = 0

2019-04-26 11:05:21 - [TEST_STEP][PASSED] - delay: Delayed 5 second(s)

2019-04-26 11:05:26 - [MESSAGE][PASSED] - Delayed 5 second(s)

2019-04-26 11:05:26 - [TEST_STEP][PASSED] - Statement - driver = com.kms.katalon.core.webui.driver.DriverFactory.getWebDriver(): null

2019-04-26 11:05:26 - [TEST_STEP][PASSED] - Statement - rows_table = driver.findElements(org.openqa.selenium.By.xpath("//*[@id="content"]/div/div/div/div[2]/div[3]/div[2]/div/div/div[2]/div/div/div[2]/table/tbody/tr")): null

2019-04-26 11:05:26 - [TEST_STEP][PASSED] - Statement - rows_count = rows_table.size(): null

2019-04-26 11:05:26 - [TEST_STEP][FAILED] - verifyGreaterThanOrEqual: Unable to verify actual number '0' greater than or equal with expected number '1' (Root cause: Actual number '0' is NOT greater than or equal to expected number '1')

2019-04-26 11:05:26 - [MESSAGE][FAILED] - Unable to verify actual number '0' greater than or equal with expected number '1' (Root cause: Actual number '0' is NOT greater than or equal to expected number '1')

2019-04-26 11:05:26 - [MESSAGE][FAILED] - Unable to call Test Case with id 'Test Cases/Operational_Dashboard/141' (Root cause: Call Test Case 'Test Cases/Operational_Dashboard/141' failed)]]></system-out>
         <system-err><![CDATA[2019-04-26 11:05:08 - [TEST_CASE][FAILED] - Test Cases/Operational_Dashboard/145: Test Cases/Operational_Dashboard/145 FAILED because (of) Unable to verify actual number '0' greater than or equal with expected number '1' (Root cause: Actual number '0' is NOT greater than or equal to expected number '1')]]></system-err>
      </testcase>
      <testcase name="Test Cases/Operational_Dashboard/148" classname="Test Cases/Operational_Dashboard/148" status="FAILED">
         <failure type="FAILED" message="Unable to verify actual number '0' greater than or equal with expected number '1' (Root cause: Actual number '0' is NOT greater than or equal to expected number '1')"/>
         <system-out><![CDATA[2019-04-26 11:05:26 - [TEST_CASE][FAILED] - Test Cases/Operational_Dashboard/148: Test Cases/Operational_Dashboard/148 FAILED because (of) Unable to verify actual number '0' greater than or equal with expected number '1' (Root cause: Actual number '0' is NOT greater than or equal to expected number '1')

2019-04-26 11:05:26 - [TEST_STEP][PASSED] - callTestCase: Call Test Case 'Test Cases/Operational_Dashboard/Login' successfully

2019-04-26 11:05:26 - [TEST_CASE][PASSED] - Test Cases/Operational_Dashboard/Login: Test Cases/Operational_Dashboard/Login

2019-04-26 11:05:26 - [TEST_STEP][PASSED] - callTestCase: Call Test Case 'Test Cases/s-sidebar_navigation/individualAccount/operationalDashboard' successfully

2019-04-26 11:05:26 - [TEST_CASE][PASSED] - Test Cases/s-sidebar_navigation/individualAccount/operationalDashboard: Test Cases/s-sidebar_navigation/individualAccount/operationalDashboard

2019-04-26 11:05:26 - [TEST_STEP][PASSED] - click: Object: 'Object Repository/Page_KiboEngage  Subscribers/span_Subscribers' is clicked on

2019-04-26 11:05:27 - [MESSAGE][PASSED] - Object: 'Object Repository/Page_KiboEngage  Subscribers/span_Subscribers' is clicked on

2019-04-26 11:05:27 - [TEST_STEP][PASSED] - click: Object: 'Object Repository/Page_KiboEngage  Subscribers/span_Operational Dashboard (1)' is clicked on

2019-04-26 11:05:28 - [MESSAGE][PASSED] - Object: 'Object Repository/Page_KiboEngage  Subscribers/span_Operational Dashboard (1)' is clicked on

2019-04-26 11:05:28 - [TEST_STEP][PASSED] - scrollToPosition: Browser is scrolled to position x = 0, y = 0

2019-04-26 11:05:28 - [MESSAGE][PASSED] - Browser is scrolled to position x = 0, y = 0

2019-04-26 11:05:28 - [TEST_STEP][PASSED] - click: Object: 'Object Repository/Page_KiboEngage  Operational Dashbo/h3_Pages Info (4)' is clicked on

2019-04-26 11:05:29 - [MESSAGE][PASSED] - Object: 'Object Repository/Page_KiboEngage  Operational Dashbo/h3_Pages Info (4)' is clicked on

2019-04-26 11:05:29 - [MESSAGE][PASSED] - Call Test Case 'Test Cases/s-sidebar_navigation/individualAccount/operationalDashboard' successfully

2019-04-26 11:05:29 - [MESSAGE][PASSED] - Call Test Case 'Test Cases/Operational_Dashboard/Login' successfully

2019-04-26 11:05:29 - [TEST_STEP][PASSED] - delay: Delayed 2 second(s)

2019-04-26 11:05:31 - [MESSAGE][PASSED] - Delayed 2 second(s)

2019-04-26 11:05:31 - [TEST_STEP][PASSED] - setText: Text 'cloudkibo1' is set on object 'Object Repository/Page_KiboEngage  Operational Dashbo/input_form-control m-input m-i'

2019-04-26 11:05:32 - [MESSAGE][PASSED] - Text 'cloudkibo1' is set on object 'Object Repository/Page_KiboEngage  Operational Dashbo/input_form-control m-input m-i'

2019-04-26 11:05:32 - [TEST_STEP][PASSED] - delay: Delayed 5 second(s)

2019-04-26 11:05:37 - [MESSAGE][PASSED] - Delayed 5 second(s)

2019-04-26 11:05:37 - [TEST_STEP][PASSED] - click: Object: 'Object Repository/Page_KiboEngage  Operational Dashbo/button_See more' is clicked on

2019-04-26 11:05:37 - [MESSAGE][PASSED] - Object: 'Object Repository/Page_KiboEngage  Operational Dashbo/button_See more' is clicked on

2019-04-26 11:05:37 - [TEST_STEP][PASSED] - delay: Delayed 1 second(s)

2019-04-26 11:05:38 - [MESSAGE][PASSED] - Delayed 1 second(s)

2019-04-26 11:05:38 - [TEST_STEP][PASSED] - scrollToPosition: Browser is scrolled to position x = 0, y = 0

2019-04-26 11:05:38 - [MESSAGE][PASSED] - Browser is scrolled to position x = 0, y = 0

2019-04-26 11:05:38 - [TEST_STEP][PASSED] - delay: Delayed 5 second(s)

2019-04-26 11:05:43 - [MESSAGE][PASSED] - Delayed 5 second(s)

2019-04-26 11:05:43 - [TEST_STEP][PASSED] - Statement - driver = com.kms.katalon.core.webui.driver.DriverFactory.getWebDriver(): null

2019-04-26 11:05:43 - [TEST_STEP][PASSED] - Statement - rows_table = driver.findElements(org.openqa.selenium.By.xpath("//*[@id="content"]/div/div/div/div[2]/div[3]/div[3]/div/div/div[2]/div/div/div[2]/table/tbody/tr")): null

2019-04-26 11:05:43 - [TEST_STEP][PASSED] - Statement - rows_count = rows_table.size(): null

2019-04-26 11:05:43 - [TEST_STEP][FAILED] - verifyGreaterThanOrEqual: Unable to verify actual number '0' greater than or equal with expected number '1' (Root cause: Actual number '0' is NOT greater than or equal to expected number '1')

2019-04-26 11:05:43 - [MESSAGE][FAILED] - Unable to verify actual number '0' greater than or equal with expected number '1' (Root cause: Actual number '0' is NOT greater than or equal to expected number '1')]]></system-out>
         <system-err><![CDATA[2019-04-26 11:05:26 - [TEST_CASE][FAILED] - Test Cases/Operational_Dashboard/148: Test Cases/Operational_Dashboard/148 FAILED because (of) Unable to verify actual number '0' greater than or equal with expected number '1' (Root cause: Actual number '0' is NOT greater than or equal to expected number '1')]]></system-err>
      </testcase>
      <testcase name="Test Cases/Operational_Dashboard/149" classname="Test Cases/Operational_Dashboard/149" status="FAILED">
         <failure type="FAILED" message="Unable to verify actual number '0' greater than or equal with expected number '1' (Root cause: Actual number '0' is NOT greater than or equal to expected number '1')"/>
         <system-out><![CDATA[2019-04-26 11:05:43 - [TEST_CASE][FAILED] - Test Cases/Operational_Dashboard/149: Test Cases/Operational_Dashboard/149 FAILED because (of) Unable to verify actual number '0' greater than or equal with expected number '1' (Root cause: Actual number '0' is NOT greater than or equal to expected number '1')

2019-04-26 11:05:44 - [TEST_STEP][FAILED] - callTestCase: Unable to call Test Case with id 'Test Cases/Operational_Dashboard/148' (Root cause: Call Test Case 'Test Cases/Operational_Dashboard/148' failed)

2019-04-26 11:05:44 - [TEST_CASE][FAILED] - Test Cases/Operational_Dashboard/148: Test Cases/Operational_Dashboard/148 FAILED because (of) Unable to verify actual number '0' greater than or equal with expected number '1' (Root cause: Actual number '0' is NOT greater than or equal to expected number '1')

2019-04-26 11:05:44 - [TEST_STEP][PASSED] - callTestCase: Call Test Case 'Test Cases/Operational_Dashboard/Login' successfully

2019-04-26 11:05:44 - [TEST_CASE][PASSED] - Test Cases/Operational_Dashboard/Login: Test Cases/Operational_Dashboard/Login

2019-04-26 11:05:44 - [TEST_STEP][PASSED] - callTestCase: Call Test Case 'Test Cases/s-sidebar_navigation/individualAccount/operationalDashboard' successfully

2019-04-26 11:05:44 - [TEST_CASE][PASSED] - Test Cases/s-sidebar_navigation/individualAccount/operationalDashboard: Test Cases/s-sidebar_navigation/individualAccount/operationalDashboard

2019-04-26 11:05:44 - [TEST_STEP][PASSED] - click: Object: 'Object Repository/Page_KiboEngage  Subscribers/span_Subscribers' is clicked on

2019-04-26 11:05:45 - [MESSAGE][PASSED] - Object: 'Object Repository/Page_KiboEngage  Subscribers/span_Subscribers' is clicked on

2019-04-26 11:05:45 - [TEST_STEP][PASSED] - click: Object: 'Object Repository/Page_KiboEngage  Subscribers/span_Operational Dashboard (1)' is clicked on

2019-04-26 11:05:45 - [MESSAGE][PASSED] - Object: 'Object Repository/Page_KiboEngage  Subscribers/span_Operational Dashboard (1)' is clicked on

2019-04-26 11:05:45 - [TEST_STEP][PASSED] - scrollToPosition: Browser is scrolled to position x = 0, y = 0

2019-04-26 11:05:46 - [MESSAGE][PASSED] - Browser is scrolled to position x = 0, y = 0

2019-04-26 11:05:46 - [TEST_STEP][PASSED] - click: Object: 'Object Repository/Page_KiboEngage  Operational Dashbo/h3_Pages Info (4)' is clicked on

2019-04-26 11:05:46 - [MESSAGE][PASSED] - Object: 'Object Repository/Page_KiboEngage  Operational Dashbo/h3_Pages Info (4)' is clicked on

2019-04-26 11:05:46 - [MESSAGE][PASSED] - Call Test Case 'Test Cases/s-sidebar_navigation/individualAccount/operationalDashboard' successfully

2019-04-26 11:05:46 - [MESSAGE][PASSED] - Call Test Case 'Test Cases/Operational_Dashboard/Login' successfully

2019-04-26 11:05:46 - [TEST_STEP][PASSED] - delay: Delayed 2 second(s)

2019-04-26 11:05:48 - [MESSAGE][PASSED] - Delayed 2 second(s)

2019-04-26 11:05:48 - [TEST_STEP][PASSED] - setText: Text 'cloudkibo1' is set on object 'Object Repository/Page_KiboEngage  Operational Dashbo/input_form-control m-input m-i'

2019-04-26 11:05:49 - [MESSAGE][PASSED] - Text 'cloudkibo1' is set on object 'Object Repository/Page_KiboEngage  Operational Dashbo/input_form-control m-input m-i'

2019-04-26 11:05:49 - [TEST_STEP][PASSED] - delay: Delayed 5 second(s)

2019-04-26 11:05:54 - [MESSAGE][PASSED] - Delayed 5 second(s)

2019-04-26 11:05:54 - [TEST_STEP][PASSED] - click: Object: 'Object Repository/Page_KiboEngage  Operational Dashbo/button_See more' is clicked on

2019-04-26 11:05:54 - [MESSAGE][PASSED] - Object: 'Object Repository/Page_KiboEngage  Operational Dashbo/button_See more' is clicked on

2019-04-26 11:05:54 - [TEST_STEP][PASSED] - delay: Delayed 1 second(s)

2019-04-26 11:05:55 - [MESSAGE][PASSED] - Delayed 1 second(s)

2019-04-26 11:05:55 - [TEST_STEP][PASSED] - scrollToPosition: Browser is scrolled to position x = 0, y = 0

2019-04-26 11:05:55 - [MESSAGE][PASSED] - Browser is scrolled to position x = 0, y = 0

2019-04-26 11:05:55 - [TEST_STEP][PASSED] - delay: Delayed 5 second(s)

2019-04-26 11:06:00 - [MESSAGE][PASSED] - Delayed 5 second(s)

2019-04-26 11:06:00 - [TEST_STEP][PASSED] - Statement - driver = com.kms.katalon.core.webui.driver.DriverFactory.getWebDriver(): null

2019-04-26 11:06:00 - [TEST_STEP][PASSED] - Statement - rows_table = driver.findElements(org.openqa.selenium.By.xpath("//*[@id="content"]/div/div/div/div[2]/div[3]/div[3]/div/div/div[2]/div/div/div[2]/table/tbody/tr")): null

2019-04-26 11:06:00 - [TEST_STEP][PASSED] - Statement - rows_count = rows_table.size(): null

2019-04-26 11:06:00 - [TEST_STEP][FAILED] - verifyGreaterThanOrEqual: Unable to verify actual number '0' greater than or equal with expected number '1' (Root cause: Actual number '0' is NOT greater than or equal to expected number '1')

2019-04-26 11:06:00 - [MESSAGE][FAILED] - Unable to verify actual number '0' greater than or equal with expected number '1' (Root cause: Actual number '0' is NOT greater than or equal to expected number '1')

2019-04-26 11:06:00 - [MESSAGE][FAILED] - Unable to call Test Case with id 'Test Cases/Operational_Dashboard/148' (Root cause: Call Test Case 'Test Cases/Operational_Dashboard/148' failed)]]></system-out>
         <system-err><![CDATA[2019-04-26 11:05:43 - [TEST_CASE][FAILED] - Test Cases/Operational_Dashboard/149: Test Cases/Operational_Dashboard/149 FAILED because (of) Unable to verify actual number '0' greater than or equal with expected number '1' (Root cause: Actual number '0' is NOT greater than or equal to expected number '1')]]></system-err>
      </testcase>
      <testcase name="Test Cases/Operational_Dashboard/150" classname="Test Cases/Operational_Dashboard/150" status="FAILED">
         <failure type="FAILED" message="Unable to verify actual number '0' greater than or equal with expected number '1' (Root cause: Actual number '0' is NOT greater than or equal to expected number '1')"/>
         <system-out><![CDATA[2019-04-26 11:06:00 - [TEST_CASE][FAILED] - Test Cases/Operational_Dashboard/150: Test Cases/Operational_Dashboard/150 FAILED because (of) Unable to verify actual number '0' greater than or equal with expected number '1' (Root cause: Actual number '0' is NOT greater than or equal to expected number '1')

2019-04-26 11:06:01 - [TEST_STEP][FAILED] - callTestCase: Unable to call Test Case with id 'Test Cases/Operational_Dashboard/149' (Root cause: Call Test Case 'Test Cases/Operational_Dashboard/149' failed)

2019-04-26 11:06:01 - [TEST_CASE][FAILED] - Test Cases/Operational_Dashboard/149: Test Cases/Operational_Dashboard/149 FAILED because (of) Unable to verify actual number '0' greater than or equal with expected number '1' (Root cause: Actual number '0' is NOT greater than or equal to expected number '1')

2019-04-26 11:06:01 - [TEST_STEP][FAILED] - callTestCase: Unable to call Test Case with id 'Test Cases/Operational_Dashboard/148' (Root cause: Call Test Case 'Test Cases/Operational_Dashboard/148' failed)

2019-04-26 11:06:01 - [TEST_CASE][FAILED] - Test Cases/Operational_Dashboard/148: Test Cases/Operational_Dashboard/148 FAILED because (of) Unable to verify actual number '0' greater than or equal with expected number '1' (Root cause: Actual number '0' is NOT greater than or equal to expected number '1')

2019-04-26 11:06:01 - [TEST_STEP][PASSED] - callTestCase: Call Test Case 'Test Cases/Operational_Dashboard/Login' successfully

2019-04-26 11:06:01 - [TEST_CASE][PASSED] - Test Cases/Operational_Dashboard/Login: Test Cases/Operational_Dashboard/Login

2019-04-26 11:06:01 - [TEST_STEP][PASSED] - callTestCase: Call Test Case 'Test Cases/s-sidebar_navigation/individualAccount/operationalDashboard' successfully

2019-04-26 11:06:01 - [TEST_CASE][PASSED] - Test Cases/s-sidebar_navigation/individualAccount/operationalDashboard: Test Cases/s-sidebar_navigation/individualAccount/operationalDashboard

2019-04-26 11:06:01 - [TEST_STEP][PASSED] - click: Object: 'Object Repository/Page_KiboEngage  Subscribers/span_Subscribers' is clicked on

2019-04-26 11:06:02 - [MESSAGE][PASSED] - Object: 'Object Repository/Page_KiboEngage  Subscribers/span_Subscribers' is clicked on

2019-04-26 11:06:02 - [TEST_STEP][PASSED] - click: Object: 'Object Repository/Page_KiboEngage  Subscribers/span_Operational Dashboard (1)' is clicked on

2019-04-26 11:06:03 - [MESSAGE][PASSED] - Object: 'Object Repository/Page_KiboEngage  Subscribers/span_Operational Dashboard (1)' is clicked on

2019-04-26 11:06:03 - [TEST_STEP][PASSED] - scrollToPosition: Browser is scrolled to position x = 0, y = 0

2019-04-26 11:06:03 - [MESSAGE][PASSED] - Browser is scrolled to position x = 0, y = 0

2019-04-26 11:06:03 - [TEST_STEP][PASSED] - click: Object: 'Object Repository/Page_KiboEngage  Operational Dashbo/h3_Pages Info (4)' is clicked on

2019-04-26 11:06:04 - [MESSAGE][PASSED] - Object: 'Object Repository/Page_KiboEngage  Operational Dashbo/h3_Pages Info (4)' is clicked on

2019-04-26 11:06:04 - [MESSAGE][PASSED] - Call Test Case 'Test Cases/s-sidebar_navigation/individualAccount/operationalDashboard' successfully

2019-04-26 11:06:04 - [MESSAGE][PASSED] - Call Test Case 'Test Cases/Operational_Dashboard/Login' successfully

2019-04-26 11:06:04 - [TEST_STEP][PASSED] - delay: Delayed 2 second(s)

2019-04-26 11:06:06 - [MESSAGE][PASSED] - Delayed 2 second(s)

2019-04-26 11:06:06 - [TEST_STEP][PASSED] - setText: Text 'cloudkibo1' is set on object 'Object Repository/Page_KiboEngage  Operational Dashbo/input_form-control m-input m-i'

2019-04-26 11:06:07 - [MESSAGE][PASSED] - Text 'cloudkibo1' is set on object 'Object Repository/Page_KiboEngage  Operational Dashbo/input_form-control m-input m-i'

2019-04-26 11:06:07 - [TEST_STEP][PASSED] - delay: Delayed 5 second(s)

2019-04-26 11:06:12 - [MESSAGE][PASSED] - Delayed 5 second(s)

2019-04-26 11:06:12 - [TEST_STEP][PASSED] - click: Object: 'Object Repository/Page_KiboEngage  Operational Dashbo/button_See more' is clicked on

2019-04-26 11:06:12 - [MESSAGE][PASSED] - Object: 'Object Repository/Page_KiboEngage  Operational Dashbo/button_See more' is clicked on

2019-04-26 11:06:12 - [TEST_STEP][PASSED] - delay: Delayed 1 second(s)

2019-04-26 11:06:13 - [MESSAGE][PASSED] - Delayed 1 second(s)

2019-04-26 11:06:13 - [TEST_STEP][PASSED] - scrollToPosition: Browser is scrolled to position x = 0, y = 0

2019-04-26 11:06:13 - [MESSAGE][PASSED] - Browser is scrolled to position x = 0, y = 0

2019-04-26 11:06:13 - [TEST_STEP][PASSED] - delay: Delayed 5 second(s)

2019-04-26 11:06:18 - [MESSAGE][PASSED] - Delayed 5 second(s)

2019-04-26 11:06:18 - [TEST_STEP][PASSED] - Statement - driver = com.kms.katalon.core.webui.driver.DriverFactory.getWebDriver(): null

2019-04-26 11:06:18 - [TEST_STEP][PASSED] - Statement - rows_table = driver.findElements(org.openqa.selenium.By.xpath("//*[@id="content"]/div/div/div/div[2]/div[3]/div[3]/div/div/div[2]/div/div/div[2]/table/tbody/tr")): null

2019-04-26 11:06:19 - [TEST_STEP][PASSED] - Statement - rows_count = rows_table.size(): null

2019-04-26 11:06:19 - [TEST_STEP][FAILED] - verifyGreaterThanOrEqual: Unable to verify actual number '0' greater than or equal with expected number '1' (Root cause: Actual number '0' is NOT greater than or equal to expected number '1')

2019-04-26 11:06:19 - [MESSAGE][FAILED] - Unable to verify actual number '0' greater than or equal with expected number '1' (Root cause: Actual number '0' is NOT greater than or equal to expected number '1')

2019-04-26 11:06:19 - [MESSAGE][FAILED] - Unable to call Test Case with id 'Test Cases/Operational_Dashboard/148' (Root cause: Call Test Case 'Test Cases/Operational_Dashboard/148' failed)

2019-04-26 11:06:19 - [MESSAGE][FAILED] - Unable to call Test Case with id 'Test Cases/Operational_Dashboard/149' (Root cause: Call Test Case 'Test Cases/Operational_Dashboard/149' failed)]]></system-out>
         <system-err><![CDATA[2019-04-26 11:06:00 - [TEST_CASE][FAILED] - Test Cases/Operational_Dashboard/150: Test Cases/Operational_Dashboard/150 FAILED because (of) Unable to verify actual number '0' greater than or equal with expected number '1' (Root cause: Actual number '0' is NOT greater than or equal to expected number '1')]]></system-err>
      </testcase>
      <testcase name="Test Cases/Operational_Dashboard/151" classname="Test Cases/Operational_Dashboard/151" status="FAILED">
         <failure type="FAILED" message="Unable to verify actual number '0' greater than or equal with expected number '1' (Root cause: Actual number '0' is NOT greater than or equal to expected number '1')"/>
         <system-out><![CDATA[2019-04-26 11:06:19 - [TEST_CASE][FAILED] - Test Cases/Operational_Dashboard/151: Test Cases/Operational_Dashboard/151 FAILED because (of) Unable to verify actual number '0' greater than or equal with expected number '1' (Root cause: Actual number '0' is NOT greater than or equal to expected number '1')

2019-04-26 11:06:19 - [TEST_STEP][FAILED] - callTestCase: Unable to call Test Case with id 'Test Cases/Operational_Dashboard/148' (Root cause: Call Test Case 'Test Cases/Operational_Dashboard/148' failed)

2019-04-26 11:06:19 - [TEST_CASE][FAILED] - Test Cases/Operational_Dashboard/148: Test Cases/Operational_Dashboard/148 FAILED because (of) Unable to verify actual number '0' greater than or equal with expected number '1' (Root cause: Actual number '0' is NOT greater than or equal to expected number '1')

2019-04-26 11:06:19 - [TEST_STEP][PASSED] - callTestCase: Call Test Case 'Test Cases/Operational_Dashboard/Login' successfully

2019-04-26 11:06:19 - [TEST_CASE][PASSED] - Test Cases/Operational_Dashboard/Login: Test Cases/Operational_Dashboard/Login

2019-04-26 11:06:19 - [TEST_STEP][PASSED] - callTestCase: Call Test Case 'Test Cases/s-sidebar_navigation/individualAccount/operationalDashboard' successfully

2019-04-26 11:06:19 - [TEST_CASE][PASSED] - Test Cases/s-sidebar_navigation/individualAccount/operationalDashboard: Test Cases/s-sidebar_navigation/individualAccount/operationalDashboard

2019-04-26 11:06:19 - [TEST_STEP][PASSED] - click: Object: 'Object Repository/Page_KiboEngage  Subscribers/span_Subscribers' is clicked on

2019-04-26 11:06:20 - [MESSAGE][PASSED] - Object: 'Object Repository/Page_KiboEngage  Subscribers/span_Subscribers' is clicked on

2019-04-26 11:06:20 - [TEST_STEP][PASSED] - click: Object: 'Object Repository/Page_KiboEngage  Subscribers/span_Operational Dashboard (1)' is clicked on

2019-04-26 11:06:21 - [MESSAGE][PASSED] - Object: 'Object Repository/Page_KiboEngage  Subscribers/span_Operational Dashboard (1)' is clicked on

2019-04-26 11:06:21 - [TEST_STEP][PASSED] - scrollToPosition: Browser is scrolled to position x = 0, y = 0

2019-04-26 11:06:21 - [MESSAGE][PASSED] - Browser is scrolled to position x = 0, y = 0

2019-04-26 11:06:21 - [TEST_STEP][PASSED] - click: Object: 'Object Repository/Page_KiboEngage  Operational Dashbo/h3_Pages Info (4)' is clicked on

2019-04-26 11:06:22 - [MESSAGE][PASSED] - Object: 'Object Repository/Page_KiboEngage  Operational Dashbo/h3_Pages Info (4)' is clicked on

2019-04-26 11:06:22 - [MESSAGE][PASSED] - Call Test Case 'Test Cases/s-sidebar_navigation/individualAccount/operationalDashboard' successfully

2019-04-26 11:06:22 - [MESSAGE][PASSED] - Call Test Case 'Test Cases/Operational_Dashboard/Login' successfully

2019-04-26 11:06:22 - [TEST_STEP][PASSED] - delay: Delayed 2 second(s)

2019-04-26 11:06:24 - [MESSAGE][PASSED] - Delayed 2 second(s)

2019-04-26 11:06:24 - [TEST_STEP][PASSED] - setText: Text 'cloudkibo1' is set on object 'Object Repository/Page_KiboEngage  Operational Dashbo/input_form-control m-input m-i'

2019-04-26 11:06:25 - [MESSAGE][PASSED] - Text 'cloudkibo1' is set on object 'Object Repository/Page_KiboEngage  Operational Dashbo/input_form-control m-input m-i'

2019-04-26 11:06:25 - [TEST_STEP][PASSED] - delay: Delayed 5 second(s)

2019-04-26 11:06:29 - [MESSAGE][PASSED] - Delayed 5 second(s)

2019-04-26 11:06:29 - [TEST_STEP][PASSED] - click: Object: 'Object Repository/Page_KiboEngage  Operational Dashbo/button_See more' is clicked on

2019-04-26 11:06:30 - [MESSAGE][PASSED] - Object: 'Object Repository/Page_KiboEngage  Operational Dashbo/button_See more' is clicked on

2019-04-26 11:06:30 - [TEST_STEP][PASSED] - delay: Delayed 1 second(s)

2019-04-26 11:06:31 - [MESSAGE][PASSED] - Delayed 1 second(s)

2019-04-26 11:06:31 - [TEST_STEP][PASSED] - scrollToPosition: Browser is scrolled to position x = 0, y = 0

2019-04-26 11:06:31 - [MESSAGE][PASSED] - Browser is scrolled to position x = 0, y = 0

2019-04-26 11:06:31 - [TEST_STEP][PASSED] - delay: Delayed 5 second(s)

2019-04-26 11:06:36 - [MESSAGE][PASSED] - Delayed 5 second(s)

2019-04-26 11:06:36 - [TEST_STEP][PASSED] - Statement - driver = com.kms.katalon.core.webui.driver.DriverFactory.getWebDriver(): null

2019-04-26 11:06:36 - [TEST_STEP][PASSED] - Statement - rows_table = driver.findElements(org.openqa.selenium.By.xpath("//*[@id="content"]/div/div/div/div[2]/div[3]/div[3]/div/div/div[2]/div/div/div[2]/table/tbody/tr")): null

2019-04-26 11:06:36 - [TEST_STEP][PASSED] - Statement - rows_count = rows_table.size(): null

2019-04-26 11:06:36 - [TEST_STEP][FAILED] - verifyGreaterThanOrEqual: Unable to verify actual number '0' greater than or equal with expected number '1' (Root cause: Actual number '0' is NOT greater than or equal to expected number '1')

2019-04-26 11:06:36 - [MESSAGE][FAILED] - Unable to verify actual number '0' greater than or equal with expected number '1' (Root cause: Actual number '0' is NOT greater than or equal to expected number '1')

2019-04-26 11:06:36 - [MESSAGE][FAILED] - Unable to call Test Case with id 'Test Cases/Operational_Dashboard/148' (Root cause: Call Test Case 'Test Cases/Operational_Dashboard/148' failed)]]></system-out>
         <system-err><![CDATA[2019-04-26 11:06:19 - [TEST_CASE][FAILED] - Test Cases/Operational_Dashboard/151: Test Cases/Operational_Dashboard/151 FAILED because (of) Unable to verify actual number '0' greater than or equal with expected number '1' (Root cause: Actual number '0' is NOT greater than or equal to expected number '1')]]></system-err>
      </testcase>
      <testcase name="Test Cases/Operational_Dashboard/152" classname="Test Cases/Operational_Dashboard/152" status="FAILED">
         <failure type="FAILED" message="Unable to verify actual number '0' greater than or equal with expected number '1' (Root cause: Actual number '0' is NOT greater than or equal to expected number '1')"/>
         <system-out><![CDATA[2019-04-26 11:06:36 - [TEST_CASE][FAILED] - Test Cases/Operational_Dashboard/152: Test Cases/Operational_Dashboard/152 FAILED because (of) Unable to verify actual number '0' greater than or equal with expected number '1' (Root cause: Actual number '0' is NOT greater than or equal to expected number '1')

2019-04-26 11:06:37 - [TEST_STEP][FAILED] - callTestCase: Unable to call Test Case with id 'Test Cases/Operational_Dashboard/148' (Root cause: Call Test Case 'Test Cases/Operational_Dashboard/148' failed)

2019-04-26 11:06:37 - [TEST_CASE][FAILED] - Test Cases/Operational_Dashboard/148: Test Cases/Operational_Dashboard/148 FAILED because (of) Unable to verify actual number '0' greater than or equal with expected number '1' (Root cause: Actual number '0' is NOT greater than or equal to expected number '1')

2019-04-26 11:06:37 - [TEST_STEP][PASSED] - callTestCase: Call Test Case 'Test Cases/Operational_Dashboard/Login' successfully

2019-04-26 11:06:37 - [TEST_CASE][PASSED] - Test Cases/Operational_Dashboard/Login: Test Cases/Operational_Dashboard/Login

2019-04-26 11:06:37 - [TEST_STEP][PASSED] - callTestCase: Call Test Case 'Test Cases/s-sidebar_navigation/individualAccount/operationalDashboard' successfully

2019-04-26 11:06:37 - [TEST_CASE][PASSED] - Test Cases/s-sidebar_navigation/individualAccount/operationalDashboard: Test Cases/s-sidebar_navigation/individualAccount/operationalDashboard

2019-04-26 11:06:37 - [TEST_STEP][PASSED] - click: Object: 'Object Repository/Page_KiboEngage  Subscribers/span_Subscribers' is clicked on

2019-04-26 11:06:38 - [MESSAGE][PASSED] - Object: 'Object Repository/Page_KiboEngage  Subscribers/span_Subscribers' is clicked on

2019-04-26 11:06:38 - [TEST_STEP][PASSED] - click: Object: 'Object Repository/Page_KiboEngage  Subscribers/span_Operational Dashboard (1)' is clicked on

2019-04-26 11:06:38 - [MESSAGE][PASSED] - Object: 'Object Repository/Page_KiboEngage  Subscribers/span_Operational Dashboard (1)' is clicked on

2019-04-26 11:06:38 - [TEST_STEP][PASSED] - scrollToPosition: Browser is scrolled to position x = 0, y = 0

2019-04-26 11:06:39 - [MESSAGE][PASSED] - Browser is scrolled to position x = 0, y = 0

2019-04-26 11:06:39 - [TEST_STEP][PASSED] - click: Object: 'Object Repository/Page_KiboEngage  Operational Dashbo/h3_Pages Info (4)' is clicked on

2019-04-26 11:06:40 - [MESSAGE][PASSED] - Object: 'Object Repository/Page_KiboEngage  Operational Dashbo/h3_Pages Info (4)' is clicked on

2019-04-26 11:06:40 - [MESSAGE][PASSED] - Call Test Case 'Test Cases/s-sidebar_navigation/individualAccount/operationalDashboard' successfully

2019-04-26 11:06:40 - [MESSAGE][PASSED] - Call Test Case 'Test Cases/Operational_Dashboard/Login' successfully

2019-04-26 11:06:40 - [TEST_STEP][PASSED] - delay: Delayed 2 second(s)

2019-04-26 11:06:42 - [MESSAGE][PASSED] - Delayed 2 second(s)

2019-04-26 11:06:42 - [TEST_STEP][PASSED] - setText: Text 'cloudkibo1' is set on object 'Object Repository/Page_KiboEngage  Operational Dashbo/input_form-control m-input m-i'

2019-04-26 11:06:43 - [MESSAGE][PASSED] - Text 'cloudkibo1' is set on object 'Object Repository/Page_KiboEngage  Operational Dashbo/input_form-control m-input m-i'

2019-04-26 11:06:43 - [TEST_STEP][PASSED] - delay: Delayed 5 second(s)

2019-04-26 11:06:49 - [MESSAGE][PASSED] - Delayed 5 second(s)

2019-04-26 11:06:49 - [TEST_STEP][PASSED] - click: Object: 'Object Repository/Page_KiboEngage  Operational Dashbo/button_See more' is clicked on

2019-04-26 11:06:50 - [MESSAGE][PASSED] - Object: 'Object Repository/Page_KiboEngage  Operational Dashbo/button_See more' is clicked on

2019-04-26 11:06:50 - [TEST_STEP][PASSED] - delay: Delayed 1 second(s)

2019-04-26 11:06:51 - [MESSAGE][PASSED] - Delayed 1 second(s)

2019-04-26 11:06:51 - [TEST_STEP][PASSED] - scrollToPosition: Browser is scrolled to position x = 0, y = 0

2019-04-26 11:06:51 - [MESSAGE][PASSED] - Browser is scrolled to position x = 0, y = 0

2019-04-26 11:06:51 - [TEST_STEP][PASSED] - delay: Delayed 5 second(s)

2019-04-26 11:06:56 - [MESSAGE][PASSED] - Delayed 5 second(s)

2019-04-26 11:06:56 - [TEST_STEP][PASSED] - Statement - driver = com.kms.katalon.core.webui.driver.DriverFactory.getWebDriver(): null

2019-04-26 11:06:56 - [TEST_STEP][PASSED] - Statement - rows_table = driver.findElements(org.openqa.selenium.By.xpath("//*[@id="content"]/div/div/div/div[2]/div[3]/div[3]/div/div/div[2]/div/div/div[2]/table/tbody/tr")): null

2019-04-26 11:06:56 - [TEST_STEP][PASSED] - Statement - rows_count = rows_table.size(): null

2019-04-26 11:06:56 - [TEST_STEP][FAILED] - verifyGreaterThanOrEqual: Unable to verify actual number '0' greater than or equal with expected number '1' (Root cause: Actual number '0' is NOT greater than or equal to expected number '1')

2019-04-26 11:06:56 - [MESSAGE][FAILED] - Unable to verify actual number '0' greater than or equal with expected number '1' (Root cause: Actual number '0' is NOT greater than or equal to expected number '1')

2019-04-26 11:06:56 - [MESSAGE][FAILED] - Unable to call Test Case with id 'Test Cases/Operational_Dashboard/148' (Root cause: Call Test Case 'Test Cases/Operational_Dashboard/148' failed)]]></system-out>
         <system-err><![CDATA[2019-04-26 11:06:36 - [TEST_CASE][FAILED] - Test Cases/Operational_Dashboard/152: Test Cases/Operational_Dashboard/152 FAILED because (of) Unable to verify actual number '0' greater than or equal with expected number '1' (Root cause: Actual number '0' is NOT greater than or equal to expected number '1')]]></system-err>
      </testcase>
      <testcase name="Test Cases/Operational_Dashboard/157" classname="Test Cases/Operational_Dashboard/157" status="FAILED">
         <failure type="FAILED" message="Unable to verify actual number '0' greater than or equal with expected number '1' (Root cause: Actual number '0' is NOT greater than or equal to expected number '1')"/>
         <system-out><![CDATA[2019-04-26 11:06:56 - [TEST_CASE][FAILED] - Test Cases/Operational_Dashboard/157: Test Cases/Operational_Dashboard/157 FAILED because (of) Unable to verify actual number '0' greater than or equal with expected number '1' (Root cause: Actual number '0' is NOT greater than or equal to expected number '1')

2019-04-26 11:06:56 - [TEST_STEP][PASSED] - callTestCase: Call Test Case 'Test Cases/Operational_Dashboard/Login' successfully

2019-04-26 11:06:56 - [TEST_CASE][PASSED] - Test Cases/Operational_Dashboard/Login: Test Cases/Operational_Dashboard/Login

2019-04-26 11:06:56 - [TEST_STEP][PASSED] - callTestCase: Call Test Case 'Test Cases/s-sidebar_navigation/individualAccount/operationalDashboard' successfully

2019-04-26 11:06:56 - [TEST_CASE][PASSED] - Test Cases/s-sidebar_navigation/individualAccount/operationalDashboard: Test Cases/s-sidebar_navigation/individualAccount/operationalDashboard

2019-04-26 11:06:56 - [TEST_STEP][PASSED] - click: Object: 'Object Repository/Page_KiboEngage  Subscribers/span_Subscribers' is clicked on

2019-04-26 11:06:57 - [MESSAGE][PASSED] - Object: 'Object Repository/Page_KiboEngage  Subscribers/span_Subscribers' is clicked on

2019-04-26 11:06:57 - [TEST_STEP][PASSED] - click: Object: 'Object Repository/Page_KiboEngage  Subscribers/span_Operational Dashboard (1)' is clicked on

2019-04-26 11:06:57 - [MESSAGE][PASSED] - Object: 'Object Repository/Page_KiboEngage  Subscribers/span_Operational Dashboard (1)' is clicked on

2019-04-26 11:06:57 - [TEST_STEP][PASSED] - scrollToPosition: Browser is scrolled to position x = 0, y = 0

2019-04-26 11:06:57 - [MESSAGE][PASSED] - Browser is scrolled to position x = 0, y = 0

2019-04-26 11:06:57 - [TEST_STEP][PASSED] - click: Object: 'Object Repository/Page_KiboEngage  Operational Dashbo/h3_Pages Info (4)' is clicked on

2019-04-26 11:06:58 - [MESSAGE][PASSED] - Object: 'Object Repository/Page_KiboEngage  Operational Dashbo/h3_Pages Info (4)' is clicked on

2019-04-26 11:06:58 - [MESSAGE][PASSED] - Call Test Case 'Test Cases/s-sidebar_navigation/individualAccount/operationalDashboard' successfully

2019-04-26 11:06:58 - [MESSAGE][PASSED] - Call Test Case 'Test Cases/Operational_Dashboard/Login' successfully

2019-04-26 11:06:58 - [TEST_STEP][PASSED] - delay: Delayed 2 second(s)

2019-04-26 11:07:00 - [MESSAGE][PASSED] - Delayed 2 second(s)

2019-04-26 11:07:00 - [TEST_STEP][PASSED] - setText: Text 'cloudkibo1' is set on object 'Object Repository/Page_KiboEngage  Operational Dashbo/input_form-control m-input m-i'

2019-04-26 11:07:01 - [MESSAGE][PASSED] - Text 'cloudkibo1' is set on object 'Object Repository/Page_KiboEngage  Operational Dashbo/input_form-control m-input m-i'

2019-04-26 11:07:01 - [TEST_STEP][PASSED] - delay: Delayed 5 second(s)

2019-04-26 11:07:06 - [MESSAGE][PASSED] - Delayed 5 second(s)

2019-04-26 11:07:06 - [TEST_STEP][PASSED] - click: Object: 'Object Repository/Page_KiboEngage  Operational Dashbo/button_See more' is clicked on

2019-04-26 11:07:06 - [MESSAGE][PASSED] - Object: 'Object Repository/Page_KiboEngage  Operational Dashbo/button_See more' is clicked on

2019-04-26 11:07:06 - [TEST_STEP][PASSED] - delay: Delayed 1 second(s)

2019-04-26 11:07:07 - [MESSAGE][PASSED] - Delayed 1 second(s)

2019-04-26 11:07:07 - [TEST_STEP][PASSED] - scrollToPosition: Browser is scrolled to position x = 0, y = 0

2019-04-26 11:07:07 - [MESSAGE][PASSED] - Browser is scrolled to position x = 0, y = 0

2019-04-26 11:07:07 - [TEST_STEP][PASSED] - delay: Delayed 5 second(s)

2019-04-26 11:07:12 - [MESSAGE][PASSED] - Delayed 5 second(s)

2019-04-26 11:07:12 - [TEST_STEP][PASSED] - Statement - driver = com.kms.katalon.core.webui.driver.DriverFactory.getWebDriver(): null

2019-04-26 11:07:12 - [TEST_STEP][PASSED] - Statement - rows_table = driver.findElements(org.openqa.selenium.By.xpath("//*[@id="content"]/div/div/div/div[2]/div[3]/div[4]/div/div/div[2]/div/div/div[2]/table/tbody/tr")): null

2019-04-26 11:07:13 - [TEST_STEP][PASSED] - Statement - rows_count = rows_table.size(): null

2019-04-26 11:07:13 - [TEST_STEP][FAILED] - verifyGreaterThanOrEqual: Unable to verify actual number '0' greater than or equal with expected number '1' (Root cause: Actual number '0' is NOT greater than or equal to expected number '1')

2019-04-26 11:07:13 - [MESSAGE][FAILED] - Unable to verify actual number '0' greater than or equal with expected number '1' (Root cause: Actual number '0' is NOT greater than or equal to expected number '1')]]></system-out>
         <system-err><![CDATA[2019-04-26 11:06:56 - [TEST_CASE][FAILED] - Test Cases/Operational_Dashboard/157: Test Cases/Operational_Dashboard/157 FAILED because (of) Unable to verify actual number '0' greater than or equal with expected number '1' (Root cause: Actual number '0' is NOT greater than or equal to expected number '1')]]></system-err>
      </testcase>
      <testcase name="Test Cases/Operational_Dashboard/158" classname="Test Cases/Operational_Dashboard/158" status="FAILED">
         <failure type="FAILED" message="Unable to verify actual number '0' greater than or equal with expected number '1' (Root cause: Actual number '0' is NOT greater than or equal to expected number '1')"/>
         <system-out><![CDATA[2019-04-26 11:07:13 - [TEST_CASE][FAILED] - Test Cases/Operational_Dashboard/158: Test Cases/Operational_Dashboard/158 FAILED because (of) Unable to verify actual number '0' greater than or equal with expected number '1' (Root cause: Actual number '0' is NOT greater than or equal to expected number '1')

2019-04-26 11:07:13 - [TEST_STEP][FAILED] - callTestCase: Unable to call Test Case with id 'Test Cases/Operational_Dashboard/157' (Root cause: Call Test Case 'Test Cases/Operational_Dashboard/157' failed)

2019-04-26 11:07:13 - [TEST_CASE][FAILED] - Test Cases/Operational_Dashboard/157: Test Cases/Operational_Dashboard/157 FAILED because (of) Unable to verify actual number '0' greater than or equal with expected number '1' (Root cause: Actual number '0' is NOT greater than or equal to expected number '1')

2019-04-26 11:07:13 - [TEST_STEP][PASSED] - callTestCase: Call Test Case 'Test Cases/Operational_Dashboard/Login' successfully

2019-04-26 11:07:13 - [TEST_CASE][PASSED] - Test Cases/Operational_Dashboard/Login: Test Cases/Operational_Dashboard/Login

2019-04-26 11:07:13 - [TEST_STEP][PASSED] - callTestCase: Call Test Case 'Test Cases/s-sidebar_navigation/individualAccount/operationalDashboard' successfully

2019-04-26 11:07:13 - [TEST_CASE][PASSED] - Test Cases/s-sidebar_navigation/individualAccount/operationalDashboard: Test Cases/s-sidebar_navigation/individualAccount/operationalDashboard

2019-04-26 11:07:13 - [TEST_STEP][PASSED] - click: Object: 'Object Repository/Page_KiboEngage  Subscribers/span_Subscribers' is clicked on

2019-04-26 11:07:13 - [MESSAGE][PASSED] - Object: 'Object Repository/Page_KiboEngage  Subscribers/span_Subscribers' is clicked on

2019-04-26 11:07:13 - [TEST_STEP][PASSED] - click: Object: 'Object Repository/Page_KiboEngage  Subscribers/span_Operational Dashboard (1)' is clicked on

2019-04-26 11:07:14 - [MESSAGE][PASSED] - Object: 'Object Repository/Page_KiboEngage  Subscribers/span_Operational Dashboard (1)' is clicked on

2019-04-26 11:07:14 - [TEST_STEP][PASSED] - scrollToPosition: Browser is scrolled to position x = 0, y = 0

2019-04-26 11:07:14 - [MESSAGE][PASSED] - Browser is scrolled to position x = 0, y = 0

2019-04-26 11:07:14 - [TEST_STEP][PASSED] - click: Object: 'Object Repository/Page_KiboEngage  Operational Dashbo/h3_Pages Info (4)' is clicked on

2019-04-26 11:07:16 - [MESSAGE][PASSED] - Object: 'Object Repository/Page_KiboEngage  Operational Dashbo/h3_Pages Info (4)' is clicked on

2019-04-26 11:07:16 - [MESSAGE][PASSED] - Call Test Case 'Test Cases/s-sidebar_navigation/individualAccount/operationalDashboard' successfully

2019-04-26 11:07:16 - [MESSAGE][PASSED] - Call Test Case 'Test Cases/Operational_Dashboard/Login' successfully

2019-04-26 11:07:16 - [TEST_STEP][PASSED] - delay: Delayed 2 second(s)

2019-04-26 11:07:18 - [MESSAGE][PASSED] - Delayed 2 second(s)

2019-04-26 11:07:18 - [TEST_STEP][PASSED] - setText: Text 'cloudkibo1' is set on object 'Object Repository/Page_KiboEngage  Operational Dashbo/input_form-control m-input m-i'

2019-04-26 11:07:19 - [MESSAGE][PASSED] - Text 'cloudkibo1' is set on object 'Object Repository/Page_KiboEngage  Operational Dashbo/input_form-control m-input m-i'

2019-04-26 11:07:19 - [TEST_STEP][PASSED] - delay: Delayed 5 second(s)

2019-04-26 11:07:24 - [MESSAGE][PASSED] - Delayed 5 second(s)

2019-04-26 11:07:24 - [TEST_STEP][PASSED] - click: Object: 'Object Repository/Page_KiboEngage  Operational Dashbo/button_See more' is clicked on

2019-04-26 11:07:24 - [MESSAGE][PASSED] - Object: 'Object Repository/Page_KiboEngage  Operational Dashbo/button_See more' is clicked on

2019-04-26 11:07:24 - [TEST_STEP][PASSED] - delay: Delayed 1 second(s)

2019-04-26 11:07:25 - [MESSAGE][PASSED] - Delayed 1 second(s)

2019-04-26 11:07:25 - [TEST_STEP][PASSED] - scrollToPosition: Browser is scrolled to position x = 0, y = 0

2019-04-26 11:07:25 - [MESSAGE][PASSED] - Browser is scrolled to position x = 0, y = 0

2019-04-26 11:07:25 - [TEST_STEP][PASSED] - delay: Delayed 5 second(s)

2019-04-26 11:07:30 - [MESSAGE][PASSED] - Delayed 5 second(s)

2019-04-26 11:07:30 - [TEST_STEP][PASSED] - Statement - driver = com.kms.katalon.core.webui.driver.DriverFactory.getWebDriver(): null

2019-04-26 11:07:30 - [TEST_STEP][PASSED] - Statement - rows_table = driver.findElements(org.openqa.selenium.By.xpath("//*[@id="content"]/div/div/div/div[2]/div[3]/div[4]/div/div/div[2]/div/div/div[2]/table/tbody/tr")): null

2019-04-26 11:07:30 - [TEST_STEP][PASSED] - Statement - rows_count = rows_table.size(): null

2019-04-26 11:07:30 - [TEST_STEP][FAILED] - verifyGreaterThanOrEqual: Unable to verify actual number '0' greater than or equal with expected number '1' (Root cause: Actual number '0' is NOT greater than or equal to expected number '1')

2019-04-26 11:07:30 - [MESSAGE][FAILED] - Unable to verify actual number '0' greater than or equal with expected number '1' (Root cause: Actual number '0' is NOT greater than or equal to expected number '1')

2019-04-26 11:07:30 - [MESSAGE][FAILED] - Unable to call Test Case with id 'Test Cases/Operational_Dashboard/157' (Root cause: Call Test Case 'Test Cases/Operational_Dashboard/157' failed)]]></system-out>
         <system-err><![CDATA[2019-04-26 11:07:13 - [TEST_CASE][FAILED] - Test Cases/Operational_Dashboard/158: Test Cases/Operational_Dashboard/158 FAILED because (of) Unable to verify actual number '0' greater than or equal with expected number '1' (Root cause: Actual number '0' is NOT greater than or equal to expected number '1')]]></system-err>
      </testcase>
      <testcase name="Test Cases/Operational_Dashboard/159" classname="Test Cases/Operational_Dashboard/159" status="FAILED">
         <failure type="FAILED" message="Unable to verify actual number '0' greater than or equal with expected number '1' (Root cause: Actual number '0' is NOT greater than or equal to expected number '1')"/>
         <system-out><![CDATA[2019-04-26 11:07:30 - [TEST_CASE][FAILED] - Test Cases/Operational_Dashboard/159: Test Cases/Operational_Dashboard/159 FAILED because (of) Unable to verify actual number '0' greater than or equal with expected number '1' (Root cause: Actual number '0' is NOT greater than or equal to expected number '1')

2019-04-26 11:07:30 - [TEST_STEP][FAILED] - callTestCase: Unable to call Test Case with id 'Test Cases/Operational_Dashboard/158' (Root cause: Call Test Case 'Test Cases/Operational_Dashboard/158' failed)

2019-04-26 11:07:31 - [TEST_CASE][FAILED] - Test Cases/Operational_Dashboard/158: Test Cases/Operational_Dashboard/158 FAILED because (of) Unable to verify actual number '0' greater than or equal with expected number '1' (Root cause: Actual number '0' is NOT greater than or equal to expected number '1')

2019-04-26 11:07:31 - [TEST_STEP][FAILED] - callTestCase: Unable to call Test Case with id 'Test Cases/Operational_Dashboard/157' (Root cause: Call Test Case 'Test Cases/Operational_Dashboard/157' failed)

2019-04-26 11:07:31 - [TEST_CASE][FAILED] - Test Cases/Operational_Dashboard/157: Test Cases/Operational_Dashboard/157 FAILED because (of) Unable to verify actual number '0' greater than or equal with expected number '1' (Root cause: Actual number '0' is NOT greater than or equal to expected number '1')

2019-04-26 11:07:31 - [TEST_STEP][PASSED] - callTestCase: Call Test Case 'Test Cases/Operational_Dashboard/Login' successfully

2019-04-26 11:07:31 - [TEST_CASE][PASSED] - Test Cases/Operational_Dashboard/Login: Test Cases/Operational_Dashboard/Login

2019-04-26 11:07:31 - [TEST_STEP][PASSED] - callTestCase: Call Test Case 'Test Cases/s-sidebar_navigation/individualAccount/operationalDashboard' successfully

2019-04-26 11:07:31 - [TEST_CASE][PASSED] - Test Cases/s-sidebar_navigation/individualAccount/operationalDashboard: Test Cases/s-sidebar_navigation/individualAccount/operationalDashboard

2019-04-26 11:07:31 - [TEST_STEP][PASSED] - click: Object: 'Object Repository/Page_KiboEngage  Subscribers/span_Subscribers' is clicked on

2019-04-26 11:07:32 - [MESSAGE][PASSED] - Object: 'Object Repository/Page_KiboEngage  Subscribers/span_Subscribers' is clicked on

2019-04-26 11:07:32 - [TEST_STEP][PASSED] - click: Object: 'Object Repository/Page_KiboEngage  Subscribers/span_Operational Dashboard (1)' is clicked on

2019-04-26 11:07:32 - [MESSAGE][PASSED] - Object: 'Object Repository/Page_KiboEngage  Subscribers/span_Operational Dashboard (1)' is clicked on

2019-04-26 11:07:32 - [TEST_STEP][PASSED] - scrollToPosition: Browser is scrolled to position x = 0, y = 0

2019-04-26 11:07:33 - [MESSAGE][PASSED] - Browser is scrolled to position x = 0, y = 0

2019-04-26 11:07:33 - [TEST_STEP][PASSED] - click: Object: 'Object Repository/Page_KiboEngage  Operational Dashbo/h3_Pages Info (4)' is clicked on

2019-04-26 11:07:35 - [MESSAGE][PASSED] - Object: 'Object Repository/Page_KiboEngage  Operational Dashbo/h3_Pages Info (4)' is clicked on

2019-04-26 11:07:35 - [MESSAGE][PASSED] - Call Test Case 'Test Cases/s-sidebar_navigation/individualAccount/operationalDashboard' successfully

2019-04-26 11:07:35 - [MESSAGE][PASSED] - Call Test Case 'Test Cases/Operational_Dashboard/Login' successfully

2019-04-26 11:07:35 - [TEST_STEP][PASSED] - delay: Delayed 2 second(s)

2019-04-26 11:07:37 - [MESSAGE][PASSED] - Delayed 2 second(s)

2019-04-26 11:07:37 - [TEST_STEP][PASSED] - setText: Text 'cloudkibo1' is set on object 'Object Repository/Page_KiboEngage  Operational Dashbo/input_form-control m-input m-i'

2019-04-26 11:07:38 - [MESSAGE][PASSED] - Text 'cloudkibo1' is set on object 'Object Repository/Page_KiboEngage  Operational Dashbo/input_form-control m-input m-i'

2019-04-26 11:07:38 - [TEST_STEP][PASSED] - delay: Delayed 5 second(s)

2019-04-26 11:07:43 - [MESSAGE][PASSED] - Delayed 5 second(s)

2019-04-26 11:07:43 - [TEST_STEP][PASSED] - click: Object: 'Object Repository/Page_KiboEngage  Operational Dashbo/button_See more' is clicked on

2019-04-26 11:07:43 - [MESSAGE][PASSED] - Object: 'Object Repository/Page_KiboEngage  Operational Dashbo/button_See more' is clicked on

2019-04-26 11:07:43 - [TEST_STEP][PASSED] - delay: Delayed 1 second(s)

2019-04-26 11:07:44 - [MESSAGE][PASSED] - Delayed 1 second(s)

2019-04-26 11:07:44 - [TEST_STEP][PASSED] - scrollToPosition: Browser is scrolled to position x = 0, y = 0

2019-04-26 11:07:44 - [MESSAGE][PASSED] - Browser is scrolled to position x = 0, y = 0

2019-04-26 11:07:44 - [TEST_STEP][PASSED] - delay: Delayed 5 second(s)

2019-04-26 11:07:49 - [MESSAGE][PASSED] - Delayed 5 second(s)

2019-04-26 11:07:49 - [TEST_STEP][PASSED] - Statement - driver = com.kms.katalon.core.webui.driver.DriverFactory.getWebDriver(): null

2019-04-26 11:07:49 - [TEST_STEP][PASSED] - Statement - rows_table = driver.findElements(org.openqa.selenium.By.xpath("//*[@id="content"]/div/div/div/div[2]/div[3]/div[4]/div/div/div[2]/div/div/div[2]/table/tbody/tr")): null

2019-04-26 11:07:50 - [TEST_STEP][PASSED] - Statement - rows_count = rows_table.size(): null

2019-04-26 11:07:50 - [TEST_STEP][FAILED] - verifyGreaterThanOrEqual: Unable to verify actual number '0' greater than or equal with expected number '1' (Root cause: Actual number '0' is NOT greater than or equal to expected number '1')

2019-04-26 11:07:50 - [MESSAGE][FAILED] - Unable to verify actual number '0' greater than or equal with expected number '1' (Root cause: Actual number '0' is NOT greater than or equal to expected number '1')

2019-04-26 11:07:50 - [MESSAGE][FAILED] - Unable to call Test Case with id 'Test Cases/Operational_Dashboard/157' (Root cause: Call Test Case 'Test Cases/Operational_Dashboard/157' failed)

2019-04-26 11:07:50 - [MESSAGE][FAILED] - Unable to call Test Case with id 'Test Cases/Operational_Dashboard/158' (Root cause: Call Test Case 'Test Cases/Operational_Dashboard/158' failed)]]></system-out>
         <system-err><![CDATA[2019-04-26 11:07:30 - [TEST_CASE][FAILED] - Test Cases/Operational_Dashboard/159: Test Cases/Operational_Dashboard/159 FAILED because (of) Unable to verify actual number '0' greater than or equal with expected number '1' (Root cause: Actual number '0' is NOT greater than or equal to expected number '1')]]></system-err>
      </testcase>
      <testcase name="Test Cases/Operational_Dashboard/160" classname="Test Cases/Operational_Dashboard/160" status="FAILED">
         <failure type="FAILED" message="Unable to verify actual number '0' greater than or equal with expected number '1' (Root cause: Actual number '0' is NOT greater than or equal to expected number '1')"/>
         <system-out><![CDATA[2019-04-26 11:07:50 - [TEST_CASE][FAILED] - Test Cases/Operational_Dashboard/160: Test Cases/Operational_Dashboard/160 FAILED because (of) Unable to verify actual number '0' greater than or equal with expected number '1' (Root cause: Actual number '0' is NOT greater than or equal to expected number '1')

2019-04-26 11:07:50 - [TEST_STEP][FAILED] - callTestCase: Unable to call Test Case with id 'Test Cases/Operational_Dashboard/157' (Root cause: Call Test Case 'Test Cases/Operational_Dashboard/157' failed)

2019-04-26 11:07:50 - [TEST_CASE][FAILED] - Test Cases/Operational_Dashboard/157: Test Cases/Operational_Dashboard/157 FAILED because (of) Unable to verify actual number '0' greater than or equal with expected number '1' (Root cause: Actual number '0' is NOT greater than or equal to expected number '1')

2019-04-26 11:07:50 - [TEST_STEP][PASSED] - callTestCase: Call Test Case 'Test Cases/Operational_Dashboard/Login' successfully

2019-04-26 11:07:50 - [TEST_CASE][PASSED] - Test Cases/Operational_Dashboard/Login: Test Cases/Operational_Dashboard/Login

2019-04-26 11:07:50 - [TEST_STEP][PASSED] - callTestCase: Call Test Case 'Test Cases/s-sidebar_navigation/individualAccount/operationalDashboard' successfully

2019-04-26 11:07:50 - [TEST_CASE][PASSED] - Test Cases/s-sidebar_navigation/individualAccount/operationalDashboard: Test Cases/s-sidebar_navigation/individualAccount/operationalDashboard

2019-04-26 11:07:50 - [TEST_STEP][PASSED] - click: Object: 'Object Repository/Page_KiboEngage  Subscribers/span_Subscribers' is clicked on

2019-04-26 11:07:51 - [MESSAGE][PASSED] - Object: 'Object Repository/Page_KiboEngage  Subscribers/span_Subscribers' is clicked on

2019-04-26 11:07:51 - [TEST_STEP][PASSED] - click: Object: 'Object Repository/Page_KiboEngage  Subscribers/span_Operational Dashboard (1)' is clicked on

2019-04-26 11:07:52 - [MESSAGE][PASSED] - Object: 'Object Repository/Page_KiboEngage  Subscribers/span_Operational Dashboard (1)' is clicked on

2019-04-26 11:07:52 - [TEST_STEP][PASSED] - scrollToPosition: Browser is scrolled to position x = 0, y = 0

2019-04-26 11:07:52 - [MESSAGE][PASSED] - Browser is scrolled to position x = 0, y = 0

2019-04-26 11:07:52 - [TEST_STEP][PASSED] - click: Object: 'Object Repository/Page_KiboEngage  Operational Dashbo/h3_Pages Info (4)' is clicked on

2019-04-26 11:07:52 - [MESSAGE][PASSED] - Object: 'Object Repository/Page_KiboEngage  Operational Dashbo/h3_Pages Info (4)' is clicked on

2019-04-26 11:07:52 - [MESSAGE][PASSED] - Call Test Case 'Test Cases/s-sidebar_navigation/individualAccount/operationalDashboard' successfully

2019-04-26 11:07:52 - [MESSAGE][PASSED] - Call Test Case 'Test Cases/Operational_Dashboard/Login' successfully

2019-04-26 11:07:52 - [TEST_STEP][PASSED] - delay: Delayed 2 second(s)

2019-04-26 11:07:54 - [MESSAGE][PASSED] - Delayed 2 second(s)

2019-04-26 11:07:54 - [TEST_STEP][PASSED] - setText: Text 'cloudkibo1' is set on object 'Object Repository/Page_KiboEngage  Operational Dashbo/input_form-control m-input m-i'

2019-04-26 11:07:57 - [MESSAGE][PASSED] - Text 'cloudkibo1' is set on object 'Object Repository/Page_KiboEngage  Operational Dashbo/input_form-control m-input m-i'

2019-04-26 11:07:57 - [TEST_STEP][PASSED] - delay: Delayed 5 second(s)

2019-04-26 11:08:02 - [MESSAGE][PASSED] - Delayed 5 second(s)

2019-04-26 11:08:02 - [TEST_STEP][PASSED] - click: Object: 'Object Repository/Page_KiboEngage  Operational Dashbo/button_See more' is clicked on

2019-04-26 11:08:02 - [MESSAGE][PASSED] - Object: 'Object Repository/Page_KiboEngage  Operational Dashbo/button_See more' is clicked on

2019-04-26 11:08:02 - [TEST_STEP][PASSED] - delay: Delayed 1 second(s)

2019-04-26 11:08:03 - [MESSAGE][PASSED] - Delayed 1 second(s)

2019-04-26 11:08:03 - [TEST_STEP][PASSED] - scrollToPosition: Browser is scrolled to position x = 0, y = 0

2019-04-26 11:08:03 - [MESSAGE][PASSED] - Browser is scrolled to position x = 0, y = 0

2019-04-26 11:08:03 - [TEST_STEP][PASSED] - delay: Delayed 5 second(s)

2019-04-26 11:08:08 - [MESSAGE][PASSED] - Delayed 5 second(s)

2019-04-26 11:08:08 - [TEST_STEP][PASSED] - Statement - driver = com.kms.katalon.core.webui.driver.DriverFactory.getWebDriver(): null

2019-04-26 11:08:08 - [TEST_STEP][PASSED] - Statement - rows_table = driver.findElements(org.openqa.selenium.By.xpath("//*[@id="content"]/div/div/div/div[2]/div[3]/div[4]/div/div/div[2]/div/div/div[2]/table/tbody/tr")): null

2019-04-26 11:08:09 - [TEST_STEP][PASSED] - Statement - rows_count = rows_table.size(): null

2019-04-26 11:08:09 - [TEST_STEP][FAILED] - verifyGreaterThanOrEqual: Unable to verify actual number '0' greater than or equal with expected number '1' (Root cause: Actual number '0' is NOT greater than or equal to expected number '1')

2019-04-26 11:08:09 - [MESSAGE][FAILED] - Unable to verify actual number '0' greater than or equal with expected number '1' (Root cause: Actual number '0' is NOT greater than or equal to expected number '1')

2019-04-26 11:08:09 - [MESSAGE][FAILED] - Unable to call Test Case with id 'Test Cases/Operational_Dashboard/157' (Root cause: Call Test Case 'Test Cases/Operational_Dashboard/157' failed)]]></system-out>
         <system-err><![CDATA[2019-04-26 11:07:50 - [TEST_CASE][FAILED] - Test Cases/Operational_Dashboard/160: Test Cases/Operational_Dashboard/160 FAILED because (of) Unable to verify actual number '0' greater than or equal with expected number '1' (Root cause: Actual number '0' is NOT greater than or equal to expected number '1')]]></system-err>
      </testcase>
      <testcase name="Test Cases/Operational_Dashboard/161" classname="Test Cases/Operational_Dashboard/161" status="FAILED">
         <failure type="FAILED" message="Unable to verify actual number '0' greater than or equal with expected number '1' (Root cause: Actual number '0' is NOT greater than or equal to expected number '1')"/>
         <system-out><![CDATA[2019-04-26 11:08:09 - [TEST_CASE][FAILED] - Test Cases/Operational_Dashboard/161: Test Cases/Operational_Dashboard/161 FAILED because (of) Unable to verify actual number '0' greater than or equal with expected number '1' (Root cause: Actual number '0' is NOT greater than or equal to expected number '1')

2019-04-26 11:08:09 - [TEST_STEP][FAILED] - callTestCase: Unable to call Test Case with id 'Test Cases/Operational_Dashboard/157' (Root cause: Call Test Case 'Test Cases/Operational_Dashboard/157' failed)

2019-04-26 11:08:09 - [TEST_CASE][FAILED] - Test Cases/Operational_Dashboard/157: Test Cases/Operational_Dashboard/157 FAILED because (of) Unable to verify actual number '0' greater than or equal with expected number '1' (Root cause: Actual number '0' is NOT greater than or equal to expected number '1')

2019-04-26 11:08:09 - [TEST_STEP][PASSED] - callTestCase: Call Test Case 'Test Cases/Operational_Dashboard/Login' successfully

2019-04-26 11:08:09 - [TEST_CASE][PASSED] - Test Cases/Operational_Dashboard/Login: Test Cases/Operational_Dashboard/Login

2019-04-26 11:08:09 - [TEST_STEP][PASSED] - callTestCase: Call Test Case 'Test Cases/s-sidebar_navigation/individualAccount/operationalDashboard' successfully

2019-04-26 11:08:09 - [TEST_CASE][PASSED] - Test Cases/s-sidebar_navigation/individualAccount/operationalDashboard: Test Cases/s-sidebar_navigation/individualAccount/operationalDashboard

2019-04-26 11:08:09 - [TEST_STEP][PASSED] - click: Object: 'Object Repository/Page_KiboEngage  Subscribers/span_Subscribers' is clicked on

2019-04-26 11:08:10 - [MESSAGE][PASSED] - Object: 'Object Repository/Page_KiboEngage  Subscribers/span_Subscribers' is clicked on

2019-04-26 11:08:10 - [TEST_STEP][PASSED] - click: Object: 'Object Repository/Page_KiboEngage  Subscribers/span_Operational Dashboard (1)' is clicked on

2019-04-26 11:08:10 - [MESSAGE][PASSED] - Object: 'Object Repository/Page_KiboEngage  Subscribers/span_Operational Dashboard (1)' is clicked on

2019-04-26 11:08:10 - [TEST_STEP][PASSED] - scrollToPosition: Browser is scrolled to position x = 0, y = 0

2019-04-26 11:08:10 - [MESSAGE][PASSED] - Browser is scrolled to position x = 0, y = 0

2019-04-26 11:08:10 - [TEST_STEP][PASSED] - click: Object: 'Object Repository/Page_KiboEngage  Operational Dashbo/h3_Pages Info (4)' is clicked on

2019-04-26 11:08:12 - [MESSAGE][PASSED] - Object: 'Object Repository/Page_KiboEngage  Operational Dashbo/h3_Pages Info (4)' is clicked on

2019-04-26 11:08:12 - [MESSAGE][PASSED] - Call Test Case 'Test Cases/s-sidebar_navigation/individualAccount/operationalDashboard' successfully

2019-04-26 11:08:12 - [MESSAGE][PASSED] - Call Test Case 'Test Cases/Operational_Dashboard/Login' successfully

2019-04-26 11:08:12 - [TEST_STEP][PASSED] - delay: Delayed 2 second(s)

2019-04-26 11:08:14 - [MESSAGE][PASSED] - Delayed 2 second(s)

2019-04-26 11:08:14 - [TEST_STEP][PASSED] - setText: Text 'cloudkibo1' is set on object 'Object Repository/Page_KiboEngage  Operational Dashbo/input_form-control m-input m-i'

2019-04-26 11:08:15 - [MESSAGE][PASSED] - Text 'cloudkibo1' is set on object 'Object Repository/Page_KiboEngage  Operational Dashbo/input_form-control m-input m-i'

2019-04-26 11:08:15 - [TEST_STEP][PASSED] - delay: Delayed 5 second(s)

2019-04-26 11:08:20 - [MESSAGE][PASSED] - Delayed 5 second(s)

2019-04-26 11:08:20 - [TEST_STEP][PASSED] - click: Object: 'Object Repository/Page_KiboEngage  Operational Dashbo/button_See more' is clicked on

2019-04-26 11:08:21 - [MESSAGE][PASSED] - Object: 'Object Repository/Page_KiboEngage  Operational Dashbo/button_See more' is clicked on

2019-04-26 11:08:21 - [TEST_STEP][PASSED] - delay: Delayed 1 second(s)

2019-04-26 11:08:22 - [MESSAGE][PASSED] - Delayed 1 second(s)

2019-04-26 11:08:22 - [TEST_STEP][PASSED] - scrollToPosition: Browser is scrolled to position x = 0, y = 0

2019-04-26 11:08:22 - [MESSAGE][PASSED] - Browser is scrolled to position x = 0, y = 0

2019-04-26 11:08:22 - [TEST_STEP][PASSED] - delay: Delayed 5 second(s)

2019-04-26 11:08:27 - [MESSAGE][PASSED] - Delayed 5 second(s)

2019-04-26 11:08:27 - [TEST_STEP][PASSED] - Statement - driver = com.kms.katalon.core.webui.driver.DriverFactory.getWebDriver(): null

2019-04-26 11:08:27 - [TEST_STEP][PASSED] - Statement - rows_table = driver.findElements(org.openqa.selenium.By.xpath("//*[@id="content"]/div/div/div/div[2]/div[3]/div[4]/div/div/div[2]/div/div/div[2]/table/tbody/tr")): null

2019-04-26 11:08:27 - [TEST_STEP][PASSED] - Statement - rows_count = rows_table.size(): null

2019-04-26 11:08:27 - [TEST_STEP][FAILED] - verifyGreaterThanOrEqual: Unable to verify actual number '0' greater than or equal with expected number '1' (Root cause: Actual number '0' is NOT greater than or equal to expected number '1')

2019-04-26 11:08:27 - [MESSAGE][FAILED] - Unable to verify actual number '0' greater than or equal with expected number '1' (Root cause: Actual number '0' is NOT greater than or equal to expected number '1')

2019-04-26 11:08:27 - [MESSAGE][FAILED] - Unable to call Test Case with id 'Test Cases/Operational_Dashboard/157' (Root cause: Call Test Case 'Test Cases/Operational_Dashboard/157' failed)]]></system-out>
         <system-err><![CDATA[2019-04-26 11:08:09 - [TEST_CASE][FAILED] - Test Cases/Operational_Dashboard/161: Test Cases/Operational_Dashboard/161 FAILED because (of) Unable to verify actual number '0' greater than or equal with expected number '1' (Root cause: Actual number '0' is NOT greater than or equal to expected number '1')]]></system-err>
      </testcase>
      <testcase name="Test Cases/Operational_Dashboard/166" classname="Test Cases/Operational_Dashboard/166" status="PASSED">
         <system-out><![CDATA[2019-04-26 11:08:27 - [TEST_CASE][PASSED] - Test Cases/Operational_Dashboard/166: Test Cases/Operational_Dashboard/166

2019-04-26 11:08:27 - [TEST_STEP][PASSED] - callTestCase: Call Test Case 'Test Cases/Operational_Dashboard/134' successfully

2019-04-26 11:08:27 - [TEST_CASE][PASSED] - Test Cases/Operational_Dashboard/134: Test Cases/Operational_Dashboard/134

2019-04-26 11:08:27 - [TEST_STEP][PASSED] - callTestCase: Call Test Case 'Test Cases/Operational_Dashboard/Login' successfully

2019-04-26 11:08:27 - [TEST_CASE][PASSED] - Test Cases/Operational_Dashboard/Login: Test Cases/Operational_Dashboard/Login

2019-04-26 11:08:27 - [TEST_STEP][PASSED] - callTestCase: Call Test Case 'Test Cases/s-sidebar_navigation/individualAccount/operationalDashboard' successfully

2019-04-26 11:08:27 - [TEST_CASE][PASSED] - Test Cases/s-sidebar_navigation/individualAccount/operationalDashboard: Test Cases/s-sidebar_navigation/individualAccount/operationalDashboard

2019-04-26 11:08:27 - [TEST_STEP][PASSED] - click: Object: 'Object Repository/Page_KiboEngage  Subscribers/span_Subscribers' is clicked on

2019-04-26 11:08:28 - [MESSAGE][PASSED] - Object: 'Object Repository/Page_KiboEngage  Subscribers/span_Subscribers' is clicked on

2019-04-26 11:08:28 - [TEST_STEP][PASSED] - click: Object: 'Object Repository/Page_KiboEngage  Subscribers/span_Operational Dashboard (1)' is clicked on

2019-04-26 11:08:29 - [MESSAGE][PASSED] - Object: 'Object Repository/Page_KiboEngage  Subscribers/span_Operational Dashboard (1)' is clicked on

2019-04-26 11:08:29 - [TEST_STEP][PASSED] - scrollToPosition: Browser is scrolled to position x = 0, y = 0

2019-04-26 11:08:29 - [MESSAGE][PASSED] - Browser is scrolled to position x = 0, y = 0

2019-04-26 11:08:29 - [TEST_STEP][PASSED] - click: Object: 'Object Repository/Page_KiboEngage  Operational Dashbo/h3_Pages Info (4)' is clicked on

2019-04-26 11:08:31 - [MESSAGE][PASSED] - Object: 'Object Repository/Page_KiboEngage  Operational Dashbo/h3_Pages Info (4)' is clicked on

2019-04-26 11:08:31 - [MESSAGE][PASSED] - Call Test Case 'Test Cases/s-sidebar_navigation/individualAccount/operationalDashboard' successfully

2019-04-26 11:08:31 - [MESSAGE][PASSED] - Call Test Case 'Test Cases/Operational_Dashboard/Login' successfully

2019-04-26 11:08:31 - [TEST_STEP][PASSED] - delay: Delayed 5 second(s)

2019-04-26 11:08:36 - [MESSAGE][PASSED] - Delayed 5 second(s)

2019-04-26 11:08:36 - [TEST_STEP][PASSED] - click: Object: 'Object Repository/Page_KiboEngage  Operational Dashbo/button_See more' is clicked on

2019-04-26 11:08:36 - [MESSAGE][PASSED] - Object: 'Object Repository/Page_KiboEngage  Operational Dashbo/button_See more' is clicked on

2019-04-26 11:08:36 - [TEST_STEP][PASSED] - delay: Delayed 1 second(s)

2019-04-26 11:08:37 - [MESSAGE][PASSED] - Delayed 1 second(s)

2019-04-26 11:08:37 - [TEST_STEP][PASSED] - scrollToPosition: Browser is scrolled to position x = 0, y = 0

2019-04-26 11:08:37 - [MESSAGE][PASSED] - Browser is scrolled to position x = 0, y = 0

2019-04-26 11:08:37 - [TEST_STEP][PASSED] - verifyTextPresent: Text 'Pages' is present on page 

2019-04-26 11:08:38 - [MESSAGE][PASSED] - Text 'Pages' is present on page 

2019-04-26 11:08:38 - [TEST_STEP][PASSED] - verifyTextPresent: Text 'Broadcasts' is present on page 

2019-04-26 11:08:38 - [MESSAGE][PASSED] - Text 'Broadcasts' is present on page 

2019-04-26 11:08:38 - [TEST_STEP][PASSED] - verifyTextPresent: Text 'Surveys' is present on page 

2019-04-26 11:08:38 - [MESSAGE][PASSED] - Text 'Surveys' is present on page 

2019-04-26 11:08:38 - [TEST_STEP][PASSED] - verifyTextPresent: Text 'Polls' is present on page 

2019-04-26 11:08:39 - [MESSAGE][PASSED] - Text 'Polls' is present on page 

2019-04-26 11:08:39 - [MESSAGE][PASSED] - Call Test Case 'Test Cases/Operational_Dashboard/134' successfully

2019-04-26 11:08:39 - [TEST_STEP][PASSED] - click: Object: 'Object Repository/Page_KiboEngage  User Details/a_Back' is clicked on

2019-04-26 11:08:39 - [MESSAGE][PASSED] - Object: 'Object Repository/Page_KiboEngage  User Details/a_Back' is clicked on

2019-04-26 11:08:39 - [TEST_STEP][PASSED] - scrollToPosition: Browser is scrolled to position x = 0, y = 0

2019-04-26 11:08:40 - [MESSAGE][PASSED] - Browser is scrolled to position x = 0, y = 0

2019-04-26 11:08:40 - [TEST_STEP][PASSED] - click: Object: 'Object Repository/Page_KiboEngage  Operational Dashbo/h3_Pages Info (5)' is clicked on

2019-04-26 11:08:40 - [MESSAGE][PASSED] - Object: 'Object Repository/Page_KiboEngage  Operational Dashbo/h3_Pages Info (5)' is clicked on]]></system-out>
         <system-err><![CDATA[]]></system-err>
      </testcase>
      <testcase name="Test Cases/Operational_Dashboard/167" classname="Test Cases/Operational_Dashboard/167" status="FAILED">
         <failure type="FAILED" message="Unable to click on object 'Object Repository/Page_KiboEngage  Operational Dashbo/i_la la-angle-down' (Root cause: com.kms.katalon.core.webui.exception.WebElementNotFoundException: Web element with id: 'Object Repository/Page_KiboEngage  Operational Dashbo/i_la la-angle-down' located by 'By.xpath: id(&quot;content&quot;)/div[1]/div[1]/div[@class=&quot;m-grid__item m-grid__item--fluid m-grid m-grid--ver-desktop m-grid--desktop m-body&quot;]/div[@class=&quot;m-grid__item m-grid__item--fluid m-wrapper&quot;]/div[@class=&quot;m-content&quot;]/div[@class=&quot;row&quot;]/div[@class=&quot;col-xl-12 col-lg-12  col-md-12 col-sm-12 col-xs-12&quot;]/div[@class=&quot;m-portlet m-portlet--mobile&quot;]/div[@class=&quot;m-portlet__head&quot;]/div[@class=&quot;m-portlet__head-tools&quot;]/ul[@class=&quot;nav nav-pills nav-pills--brand m-nav-pills--align-right m-nav-pills--btn-pill m-nav-pills--btn-sm&quot;]/li[@class=&quot;m-portlet__nav-item&quot;]/a[@class=&quot;m-portlet__nav-link m-portlet__nav-link--icon&quot;]/i[@class=&quot;la la-angle-down&quot;]' not found)"/>
         <system-out><![CDATA[2019-04-26 11:08:40 - [TEST_CASE][FAILED] - Test Cases/Operational_Dashboard/167: Test Cases/Operational_Dashboard/167 FAILED because (of) Unable to click on object 'Object Repository/Page_KiboEngage  Operational Dashbo/i_la la-angle-down' (Root cause: com.kms.katalon.core.webui.exception.WebElementNotFoundException: Web element with id: 'Object Repository/Page_KiboEngage  Operational Dashbo/i_la la-angle-down' located by 'By.xpath: id("content")/div[1]/div[1]/div[@class="m-grid__item m-grid__item--fluid m-grid m-grid--ver-desktop m-grid--desktop m-body"]/div[@class="m-grid__item m-grid__item--fluid m-wrapper"]/div[@class="m-content"]/div[@class="row"]/div[@class="col-xl-12 col-lg-12  col-md-12 col-sm-12 col-xs-12"]/div[@class="m-portlet m-portlet--mobile"]/div[@class="m-portlet__head"]/div[@class="m-portlet__head-tools"]/ul[@class="nav nav-pills nav-pills--brand m-nav-pills--align-right m-nav-pills--btn-pill m-nav-pills--btn-sm"]/li[@class="m-portlet__nav-item"]/a[@class="m-portlet__nav-link m-portlet__nav-link--icon"]/i[@class="la la-angle-down"]' not found)

2019-04-26 11:08:40 - [TEST_STEP][PASSED] - callTestCase: Call Test Case 'Test Cases/Operational_Dashboard/Login' successfully

2019-04-26 11:08:40 - [TEST_CASE][PASSED] - Test Cases/Operational_Dashboard/Login: Test Cases/Operational_Dashboard/Login

2019-04-26 11:08:41 - [TEST_STEP][PASSED] - callTestCase: Call Test Case 'Test Cases/s-sidebar_navigation/individualAccount/operationalDashboard' successfully

2019-04-26 11:08:41 - [TEST_CASE][PASSED] - Test Cases/s-sidebar_navigation/individualAccount/operationalDashboard: Test Cases/s-sidebar_navigation/individualAccount/operationalDashboard

2019-04-26 11:08:41 - [TEST_STEP][PASSED] - click: Object: 'Object Repository/Page_KiboEngage  Subscribers/span_Subscribers' is clicked on

2019-04-26 11:08:41 - [MESSAGE][PASSED] - Object: 'Object Repository/Page_KiboEngage  Subscribers/span_Subscribers' is clicked on

2019-04-26 11:08:41 - [TEST_STEP][PASSED] - click: Object: 'Object Repository/Page_KiboEngage  Subscribers/span_Operational Dashboard (1)' is clicked on

2019-04-26 11:08:43 - [MESSAGE][PASSED] - Object: 'Object Repository/Page_KiboEngage  Subscribers/span_Operational Dashboard (1)' is clicked on

2019-04-26 11:08:43 - [TEST_STEP][PASSED] - scrollToPosition: Browser is scrolled to position x = 0, y = 0

2019-04-26 11:08:43 - [MESSAGE][PASSED] - Browser is scrolled to position x = 0, y = 0

2019-04-26 11:08:43 - [TEST_STEP][PASSED] - click: Object: 'Object Repository/Page_KiboEngage  Operational Dashbo/h3_Pages Info (4)' is clicked on

2019-04-26 11:08:43 - [MESSAGE][PASSED] - Object: 'Object Repository/Page_KiboEngage  Operational Dashbo/h3_Pages Info (4)' is clicked on

2019-04-26 11:08:43 - [MESSAGE][PASSED] - Call Test Case 'Test Cases/s-sidebar_navigation/individualAccount/operationalDashboard' successfully

2019-04-26 11:08:43 - [MESSAGE][PASSED] - Call Test Case 'Test Cases/Operational_Dashboard/Login' successfully

2019-04-26 11:08:43 - [TEST_STEP][FAILED] - click: Unable to click on object 'Object Repository/Page_KiboEngage  Operational Dashbo/i_la la-angle-down' (Root cause: com.kms.katalon.core.webui.exception.WebElementNotFoundException: Web element with id: 'Object Repository/Page_KiboEngage  Operational Dashbo/i_la la-angle-down' located by 'By.xpath: id("content")/div[1]/div[1]/div[@class="m-grid__item m-grid__item--fluid m-grid m-grid--ver-desktop m-grid--desktop m-body"]/div[@class="m-grid__item m-grid__item--fluid m-wrapper"]/div[@class="m-content"]/div[@class="row"]/div[@class="col-xl-12 col-lg-12  col-md-12 col-sm-12 col-xs-12"]/div[@class="m-portlet m-portlet--mobile"]/div[@class="m-portlet__head"]/div[@class="m-portlet__head-tools"]/ul[@class="nav nav-pills nav-pills--brand m-nav-pills--align-right m-nav-pills--btn-pill m-nav-pills--btn-sm"]/li[@class="m-portlet__nav-item"]/a[@class="m-portlet__nav-link m-portlet__nav-link--icon"]/i[@class="la la-angle-down"]' not found)

2019-04-26 11:09:17 - [MESSAGE][FAILED] - Unable to click on object 'Object Repository/Page_KiboEngage  Operational Dashbo/i_la la-angle-down' (Root cause: com.kms.katalon.core.webui.exception.WebElementNotFoundException: Web element with id: 'Object Repository/Page_KiboEngage  Operational Dashbo/i_la la-angle-down' located by 'By.xpath: id("content")/div[1]/div[1]/div[@class="m-grid__item m-grid__item--fluid m-grid m-grid--ver-desktop m-grid--desktop m-body"]/div[@class="m-grid__item m-grid__item--fluid m-wrapper"]/div[@class="m-content"]/div[@class="row"]/div[@class="col-xl-12 col-lg-12  col-md-12 col-sm-12 col-xs-12"]/div[@class="m-portlet m-portlet--mobile"]/div[@class="m-portlet__head"]/div[@class="m-portlet__head-tools"]/ul[@class="nav nav-pills nav-pills--brand m-nav-pills--align-right m-nav-pills--btn-pill m-nav-pills--btn-sm"]/li[@class="m-portlet__nav-item"]/a[@class="m-portlet__nav-link m-portlet__nav-link--icon"]/i[@class="la la-angle-down"]' not found)
[[ATTACHMENT|C:\\Users\\cloudkibo\\Desktop\\KiboPush_Automated_Testing\\KiboPush Katalon\\Reports\\operationalDashboard\\20190426_105757\\1556258956906.png]]]]></system-out>
         <system-err><![CDATA[2019-04-26 11:08:40 - [TEST_CASE][FAILED] - Test Cases/Operational_Dashboard/167: Test Cases/Operational_Dashboard/167 FAILED because (of) Unable to click on object 'Object Repository/Page_KiboEngage  Operational Dashbo/i_la la-angle-down' (Root cause: com.kms.katalon.core.webui.exception.WebElementNotFoundException: Web element with id: 'Object Repository/Page_KiboEngage  Operational Dashbo/i_la la-angle-down' located by 'By.xpath: id("content")/div[1]/div[1]/div[@class="m-grid__item m-grid__item--fluid m-grid m-grid--ver-desktop m-grid--desktop m-body"]/div[@class="m-grid__item m-grid__item--fluid m-wrapper"]/div[@class="m-content"]/div[@class="row"]/div[@class="col-xl-12 col-lg-12  col-md-12 col-sm-12 col-xs-12"]/div[@class="m-portlet m-portlet--mobile"]/div[@class="m-portlet__head"]/div[@class="m-portlet__head-tools"]/ul[@class="nav nav-pills nav-pills--brand m-nav-pills--align-right m-nav-pills--btn-pill m-nav-pills--btn-sm"]/li[@class="m-portlet__nav-item"]/a[@class="m-portlet__nav-link m-portlet__nav-link--icon"]/i[@class="la la-angle-down"]' not found)]]></system-err>
      </testcase>
      <testcase name="Test Cases/Operational_Dashboard/168" classname="Test Cases/Operational_Dashboard/168" status="FAILED">
         <failure type="FAILED" message="Unable to click on object 'Object Repository/Page_KiboEngage  Operational Dashbo/i_la la-angle-down' (Root cause: com.kms.katalon.core.webui.exception.WebElementNotFoundException: Web element with id: 'Object Repository/Page_KiboEngage  Operational Dashbo/i_la la-angle-down' located by 'By.xpath: id(&quot;content&quot;)/div[1]/div[1]/div[@class=&quot;m-grid__item m-grid__item--fluid m-grid m-grid--ver-desktop m-grid--desktop m-body&quot;]/div[@class=&quot;m-grid__item m-grid__item--fluid m-wrapper&quot;]/div[@class=&quot;m-content&quot;]/div[@class=&quot;row&quot;]/div[@class=&quot;col-xl-12 col-lg-12  col-md-12 col-sm-12 col-xs-12&quot;]/div[@class=&quot;m-portlet m-portlet--mobile&quot;]/div[@class=&quot;m-portlet__head&quot;]/div[@class=&quot;m-portlet__head-tools&quot;]/ul[@class=&quot;nav nav-pills nav-pills--brand m-nav-pills--align-right m-nav-pills--btn-pill m-nav-pills--btn-sm&quot;]/li[@class=&quot;m-portlet__nav-item&quot;]/a[@class=&quot;m-portlet__nav-link m-portlet__nav-link--icon&quot;]/i[@class=&quot;la la-angle-down&quot;]' not found)"/>
         <system-out><![CDATA[2019-04-26 11:09:17 - [TEST_CASE][FAILED] - Test Cases/Operational_Dashboard/168: Test Cases/Operational_Dashboard/168 FAILED because (of) Unable to click on object 'Object Repository/Page_KiboEngage  Operational Dashbo/i_la la-angle-down' (Root cause: com.kms.katalon.core.webui.exception.WebElementNotFoundException: Web element with id: 'Object Repository/Page_KiboEngage  Operational Dashbo/i_la la-angle-down' located by 'By.xpath: id("content")/div[1]/div[1]/div[@class="m-grid__item m-grid__item--fluid m-grid m-grid--ver-desktop m-grid--desktop m-body"]/div[@class="m-grid__item m-grid__item--fluid m-wrapper"]/div[@class="m-content"]/div[@class="row"]/div[@class="col-xl-12 col-lg-12  col-md-12 col-sm-12 col-xs-12"]/div[@class="m-portlet m-portlet--mobile"]/div[@class="m-portlet__head"]/div[@class="m-portlet__head-tools"]/ul[@class="nav nav-pills nav-pills--brand m-nav-pills--align-right m-nav-pills--btn-pill m-nav-pills--btn-sm"]/li[@class="m-portlet__nav-item"]/a[@class="m-portlet__nav-link m-portlet__nav-link--icon"]/i[@class="la la-angle-down"]' not found)

2019-04-26 11:09:17 - [TEST_STEP][FAILED] - callTestCase: Unable to call Test Case with id 'Test Cases/Operational_Dashboard/167' (Root cause: Call Test Case 'Test Cases/Operational_Dashboard/167' failed)

2019-04-26 11:09:17 - [TEST_CASE][FAILED] - Test Cases/Operational_Dashboard/167: Test Cases/Operational_Dashboard/167 FAILED because (of) Unable to click on object 'Object Repository/Page_KiboEngage  Operational Dashbo/i_la la-angle-down' (Root cause: com.kms.katalon.core.webui.exception.WebElementNotFoundException: Web element with id: 'Object Repository/Page_KiboEngage  Operational Dashbo/i_la la-angle-down' located by 'By.xpath: id("content")/div[1]/div[1]/div[@class="m-grid__item m-grid__item--fluid m-grid m-grid--ver-desktop m-grid--desktop m-body"]/div[@class="m-grid__item m-grid__item--fluid m-wrapper"]/div[@class="m-content"]/div[@class="row"]/div[@class="col-xl-12 col-lg-12  col-md-12 col-sm-12 col-xs-12"]/div[@class="m-portlet m-portlet--mobile"]/div[@class="m-portlet__head"]/div[@class="m-portlet__head-tools"]/ul[@class="nav nav-pills nav-pills--brand m-nav-pills--align-right m-nav-pills--btn-pill m-nav-pills--btn-sm"]/li[@class="m-portlet__nav-item"]/a[@class="m-portlet__nav-link m-portlet__nav-link--icon"]/i[@class="la la-angle-down"]' not found)

2019-04-26 11:09:17 - [TEST_STEP][PASSED] - callTestCase: Call Test Case 'Test Cases/Operational_Dashboard/Login' successfully

2019-04-26 11:09:17 - [TEST_CASE][PASSED] - Test Cases/Operational_Dashboard/Login: Test Cases/Operational_Dashboard/Login

2019-04-26 11:09:17 - [TEST_STEP][PASSED] - callTestCase: Call Test Case 'Test Cases/s-sidebar_navigation/individualAccount/operationalDashboard' successfully

2019-04-26 11:09:18 - [TEST_CASE][PASSED] - Test Cases/s-sidebar_navigation/individualAccount/operationalDashboard: Test Cases/s-sidebar_navigation/individualAccount/operationalDashboard

2019-04-26 11:09:18 - [TEST_STEP][PASSED] - click: Object: 'Object Repository/Page_KiboEngage  Subscribers/span_Subscribers' is clicked on

2019-04-26 11:09:18 - [MESSAGE][PASSED] - Object: 'Object Repository/Page_KiboEngage  Subscribers/span_Subscribers' is clicked on

2019-04-26 11:09:18 - [TEST_STEP][PASSED] - click: Object: 'Object Repository/Page_KiboEngage  Subscribers/span_Operational Dashboard (1)' is clicked on

2019-04-26 11:09:19 - [MESSAGE][PASSED] - Object: 'Object Repository/Page_KiboEngage  Subscribers/span_Operational Dashboard (1)' is clicked on

2019-04-26 11:09:19 - [TEST_STEP][PASSED] - scrollToPosition: Browser is scrolled to position x = 0, y = 0

2019-04-26 11:09:20 - [MESSAGE][PASSED] - Browser is scrolled to position x = 0, y = 0

2019-04-26 11:09:20 - [TEST_STEP][PASSED] - click: Object: 'Object Repository/Page_KiboEngage  Operational Dashbo/h3_Pages Info (4)' is clicked on

2019-04-26 11:09:20 - [MESSAGE][PASSED] - Object: 'Object Repository/Page_KiboEngage  Operational Dashbo/h3_Pages Info (4)' is clicked on

2019-04-26 11:09:20 - [MESSAGE][PASSED] - Call Test Case 'Test Cases/s-sidebar_navigation/individualAccount/operationalDashboard' successfully

2019-04-26 11:09:20 - [MESSAGE][PASSED] - Call Test Case 'Test Cases/Operational_Dashboard/Login' successfully

2019-04-26 11:09:20 - [TEST_STEP][FAILED] - click: Unable to click on object 'Object Repository/Page_KiboEngage  Operational Dashbo/i_la la-angle-down' (Root cause: com.kms.katalon.core.webui.exception.WebElementNotFoundException: Web element with id: 'Object Repository/Page_KiboEngage  Operational Dashbo/i_la la-angle-down' located by 'By.xpath: id("content")/div[1]/div[1]/div[@class="m-grid__item m-grid__item--fluid m-grid m-grid--ver-desktop m-grid--desktop m-body"]/div[@class="m-grid__item m-grid__item--fluid m-wrapper"]/div[@class="m-content"]/div[@class="row"]/div[@class="col-xl-12 col-lg-12  col-md-12 col-sm-12 col-xs-12"]/div[@class="m-portlet m-portlet--mobile"]/div[@class="m-portlet__head"]/div[@class="m-portlet__head-tools"]/ul[@class="nav nav-pills nav-pills--brand m-nav-pills--align-right m-nav-pills--btn-pill m-nav-pills--btn-sm"]/li[@class="m-portlet__nav-item"]/a[@class="m-portlet__nav-link m-portlet__nav-link--icon"]/i[@class="la la-angle-down"]' not found)

2019-04-26 11:09:54 - [MESSAGE][FAILED] - Unable to click on object 'Object Repository/Page_KiboEngage  Operational Dashbo/i_la la-angle-down' (Root cause: com.kms.katalon.core.webui.exception.WebElementNotFoundException: Web element with id: 'Object Repository/Page_KiboEngage  Operational Dashbo/i_la la-angle-down' located by 'By.xpath: id("content")/div[1]/div[1]/div[@class="m-grid__item m-grid__item--fluid m-grid m-grid--ver-desktop m-grid--desktop m-body"]/div[@class="m-grid__item m-grid__item--fluid m-wrapper"]/div[@class="m-content"]/div[@class="row"]/div[@class="col-xl-12 col-lg-12  col-md-12 col-sm-12 col-xs-12"]/div[@class="m-portlet m-portlet--mobile"]/div[@class="m-portlet__head"]/div[@class="m-portlet__head-tools"]/ul[@class="nav nav-pills nav-pills--brand m-nav-pills--align-right m-nav-pills--btn-pill m-nav-pills--btn-sm"]/li[@class="m-portlet__nav-item"]/a[@class="m-portlet__nav-link m-portlet__nav-link--icon"]/i[@class="la la-angle-down"]' not found)
[[ATTACHMENT|C:\\Users\\cloudkibo\\Desktop\\KiboPush_Automated_Testing\\KiboPush Katalon\\Reports\\operationalDashboard\\20190426_105757\\1556258994251.png]]

2019-04-26 11:09:54 - [MESSAGE][FAILED] - Unable to call Test Case with id 'Test Cases/Operational_Dashboard/167' (Root cause: Call Test Case 'Test Cases/Operational_Dashboard/167' failed)]]></system-out>
         <system-err><![CDATA[2019-04-26 11:09:17 - [TEST_CASE][FAILED] - Test Cases/Operational_Dashboard/168: Test Cases/Operational_Dashboard/168 FAILED because (of) Unable to click on object 'Object Repository/Page_KiboEngage  Operational Dashbo/i_la la-angle-down' (Root cause: com.kms.katalon.core.webui.exception.WebElementNotFoundException: Web element with id: 'Object Repository/Page_KiboEngage  Operational Dashbo/i_la la-angle-down' located by 'By.xpath: id("content")/div[1]/div[1]/div[@class="m-grid__item m-grid__item--fluid m-grid m-grid--ver-desktop m-grid--desktop m-body"]/div[@class="m-grid__item m-grid__item--fluid m-wrapper"]/div[@class="m-content"]/div[@class="row"]/div[@class="col-xl-12 col-lg-12  col-md-12 col-sm-12 col-xs-12"]/div[@class="m-portlet m-portlet--mobile"]/div[@class="m-portlet__head"]/div[@class="m-portlet__head-tools"]/ul[@class="nav nav-pills nav-pills--brand m-nav-pills--align-right m-nav-pills--btn-pill m-nav-pills--btn-sm"]/li[@class="m-portlet__nav-item"]/a[@class="m-portlet__nav-link m-portlet__nav-link--icon"]/i[@class="la la-angle-down"]' not found)]]></system-err>
      </testcase>
      <testcase name="Test Cases/Operational_Dashboard/169" classname="Test Cases/Operational_Dashboard/169" status="FAILED">
         <failure type="FAILED" message="Unable to click on object 'Object Repository/Page_KiboEngage  Operational Dashbo/i_la la-angle-down' (Root cause: com.kms.katalon.core.webui.exception.WebElementNotFoundException: Web element with id: 'Object Repository/Page_KiboEngage  Operational Dashbo/i_la la-angle-down' located by 'By.xpath: id(&quot;content&quot;)/div[1]/div[1]/div[@class=&quot;m-grid__item m-grid__item--fluid m-grid m-grid--ver-desktop m-grid--desktop m-body&quot;]/div[@class=&quot;m-grid__item m-grid__item--fluid m-wrapper&quot;]/div[@class=&quot;m-content&quot;]/div[@class=&quot;row&quot;]/div[@class=&quot;col-xl-12 col-lg-12  col-md-12 col-sm-12 col-xs-12&quot;]/div[@class=&quot;m-portlet m-portlet--mobile&quot;]/div[@class=&quot;m-portlet__head&quot;]/div[@class=&quot;m-portlet__head-tools&quot;]/ul[@class=&quot;nav nav-pills nav-pills--brand m-nav-pills--align-right m-nav-pills--btn-pill m-nav-pills--btn-sm&quot;]/li[@class=&quot;m-portlet__nav-item&quot;]/a[@class=&quot;m-portlet__nav-link m-portlet__nav-link--icon&quot;]/i[@class=&quot;la la-angle-down&quot;]' not found)"/>
         <system-out><![CDATA[2019-04-26 11:09:54 - [TEST_CASE][FAILED] - Test Cases/Operational_Dashboard/169: Test Cases/Operational_Dashboard/169 FAILED because (of) Unable to click on object 'Object Repository/Page_KiboEngage  Operational Dashbo/i_la la-angle-down' (Root cause: com.kms.katalon.core.webui.exception.WebElementNotFoundException: Web element with id: 'Object Repository/Page_KiboEngage  Operational Dashbo/i_la la-angle-down' located by 'By.xpath: id("content")/div[1]/div[1]/div[@class="m-grid__item m-grid__item--fluid m-grid m-grid--ver-desktop m-grid--desktop m-body"]/div[@class="m-grid__item m-grid__item--fluid m-wrapper"]/div[@class="m-content"]/div[@class="row"]/div[@class="col-xl-12 col-lg-12  col-md-12 col-sm-12 col-xs-12"]/div[@class="m-portlet m-portlet--mobile"]/div[@class="m-portlet__head"]/div[@class="m-portlet__head-tools"]/ul[@class="nav nav-pills nav-pills--brand m-nav-pills--align-right m-nav-pills--btn-pill m-nav-pills--btn-sm"]/li[@class="m-portlet__nav-item"]/a[@class="m-portlet__nav-link m-portlet__nav-link--icon"]/i[@class="la la-angle-down"]' not found)

2019-04-26 11:09:55 - [TEST_STEP][FAILED] - callTestCase: Unable to call Test Case with id 'Test Cases/Operational_Dashboard/168' (Root cause: Call Test Case 'Test Cases/Operational_Dashboard/168' failed)

2019-04-26 11:09:55 - [TEST_CASE][FAILED] - Test Cases/Operational_Dashboard/168: Test Cases/Operational_Dashboard/168 FAILED because (of) Unable to click on object 'Object Repository/Page_KiboEngage  Operational Dashbo/i_la la-angle-down' (Root cause: com.kms.katalon.core.webui.exception.WebElementNotFoundException: Web element with id: 'Object Repository/Page_KiboEngage  Operational Dashbo/i_la la-angle-down' located by 'By.xpath: id("content")/div[1]/div[1]/div[@class="m-grid__item m-grid__item--fluid m-grid m-grid--ver-desktop m-grid--desktop m-body"]/div[@class="m-grid__item m-grid__item--fluid m-wrapper"]/div[@class="m-content"]/div[@class="row"]/div[@class="col-xl-12 col-lg-12  col-md-12 col-sm-12 col-xs-12"]/div[@class="m-portlet m-portlet--mobile"]/div[@class="m-portlet__head"]/div[@class="m-portlet__head-tools"]/ul[@class="nav nav-pills nav-pills--brand m-nav-pills--align-right m-nav-pills--btn-pill m-nav-pills--btn-sm"]/li[@class="m-portlet__nav-item"]/a[@class="m-portlet__nav-link m-portlet__nav-link--icon"]/i[@class="la la-angle-down"]' not found)

2019-04-26 11:09:55 - [TEST_STEP][FAILED] - callTestCase: Unable to call Test Case with id 'Test Cases/Operational_Dashboard/167' (Root cause: Call Test Case 'Test Cases/Operational_Dashboard/167' failed)

2019-04-26 11:09:55 - [TEST_CASE][FAILED] - Test Cases/Operational_Dashboard/167: Test Cases/Operational_Dashboard/167 FAILED because (of) Unable to click on object 'Object Repository/Page_KiboEngage  Operational Dashbo/i_la la-angle-down' (Root cause: com.kms.katalon.core.webui.exception.WebElementNotFoundException: Web element with id: 'Object Repository/Page_KiboEngage  Operational Dashbo/i_la la-angle-down' located by 'By.xpath: id("content")/div[1]/div[1]/div[@class="m-grid__item m-grid__item--fluid m-grid m-grid--ver-desktop m-grid--desktop m-body"]/div[@class="m-grid__item m-grid__item--fluid m-wrapper"]/div[@class="m-content"]/div[@class="row"]/div[@class="col-xl-12 col-lg-12  col-md-12 col-sm-12 col-xs-12"]/div[@class="m-portlet m-portlet--mobile"]/div[@class="m-portlet__head"]/div[@class="m-portlet__head-tools"]/ul[@class="nav nav-pills nav-pills--brand m-nav-pills--align-right m-nav-pills--btn-pill m-nav-pills--btn-sm"]/li[@class="m-portlet__nav-item"]/a[@class="m-portlet__nav-link m-portlet__nav-link--icon"]/i[@class="la la-angle-down"]' not found)

2019-04-26 11:09:55 - [TEST_STEP][PASSED] - callTestCase: Call Test Case 'Test Cases/Operational_Dashboard/Login' successfully

2019-04-26 11:09:55 - [TEST_CASE][PASSED] - Test Cases/Operational_Dashboard/Login: Test Cases/Operational_Dashboard/Login

2019-04-26 11:09:55 - [TEST_STEP][PASSED] - callTestCase: Call Test Case 'Test Cases/s-sidebar_navigation/individualAccount/operationalDashboard' successfully

2019-04-26 11:09:55 - [TEST_CASE][PASSED] - Test Cases/s-sidebar_navigation/individualAccount/operationalDashboard: Test Cases/s-sidebar_navigation/individualAccount/operationalDashboard

2019-04-26 11:09:55 - [TEST_STEP][PASSED] - click: Object: 'Object Repository/Page_KiboEngage  Subscribers/span_Subscribers' is clicked on

2019-04-26 11:09:56 - [MESSAGE][PASSED] - Object: 'Object Repository/Page_KiboEngage  Subscribers/span_Subscribers' is clicked on

2019-04-26 11:09:56 - [TEST_STEP][PASSED] - click: Object: 'Object Repository/Page_KiboEngage  Subscribers/span_Operational Dashboard (1)' is clicked on

2019-04-26 11:09:57 - [MESSAGE][PASSED] - Object: 'Object Repository/Page_KiboEngage  Subscribers/span_Operational Dashboard (1)' is clicked on

2019-04-26 11:09:57 - [TEST_STEP][PASSED] - scrollToPosition: Browser is scrolled to position x = 0, y = 0

2019-04-26 11:09:57 - [MESSAGE][PASSED] - Browser is scrolled to position x = 0, y = 0

2019-04-26 11:09:57 - [TEST_STEP][PASSED] - click: Object: 'Object Repository/Page_KiboEngage  Operational Dashbo/h3_Pages Info (4)' is clicked on

2019-04-26 11:09:59 - [MESSAGE][PASSED] - Object: 'Object Repository/Page_KiboEngage  Operational Dashbo/h3_Pages Info (4)' is clicked on

2019-04-26 11:09:59 - [MESSAGE][PASSED] - Call Test Case 'Test Cases/s-sidebar_navigation/individualAccount/operationalDashboard' successfully

2019-04-26 11:09:59 - [MESSAGE][PASSED] - Call Test Case 'Test Cases/Operational_Dashboard/Login' successfully

2019-04-26 11:09:59 - [TEST_STEP][FAILED] - click: Unable to click on object 'Object Repository/Page_KiboEngage  Operational Dashbo/i_la la-angle-down' (Root cause: com.kms.katalon.core.webui.exception.WebElementNotFoundException: Web element with id: 'Object Repository/Page_KiboEngage  Operational Dashbo/i_la la-angle-down' located by 'By.xpath: id("content")/div[1]/div[1]/div[@class="m-grid__item m-grid__item--fluid m-grid m-grid--ver-desktop m-grid--desktop m-body"]/div[@class="m-grid__item m-grid__item--fluid m-wrapper"]/div[@class="m-content"]/div[@class="row"]/div[@class="col-xl-12 col-lg-12  col-md-12 col-sm-12 col-xs-12"]/div[@class="m-portlet m-portlet--mobile"]/div[@class="m-portlet__head"]/div[@class="m-portlet__head-tools"]/ul[@class="nav nav-pills nav-pills--brand m-nav-pills--align-right m-nav-pills--btn-pill m-nav-pills--btn-sm"]/li[@class="m-portlet__nav-item"]/a[@class="m-portlet__nav-link m-portlet__nav-link--icon"]/i[@class="la la-angle-down"]' not found)

2019-04-26 11:10:32 - [MESSAGE][FAILED] - Unable to click on object 'Object Repository/Page_KiboEngage  Operational Dashbo/i_la la-angle-down' (Root cause: com.kms.katalon.core.webui.exception.WebElementNotFoundException: Web element with id: 'Object Repository/Page_KiboEngage  Operational Dashbo/i_la la-angle-down' located by 'By.xpath: id("content")/div[1]/div[1]/div[@class="m-grid__item m-grid__item--fluid m-grid m-grid--ver-desktop m-grid--desktop m-body"]/div[@class="m-grid__item m-grid__item--fluid m-wrapper"]/div[@class="m-content"]/div[@class="row"]/div[@class="col-xl-12 col-lg-12  col-md-12 col-sm-12 col-xs-12"]/div[@class="m-portlet m-portlet--mobile"]/div[@class="m-portlet__head"]/div[@class="m-portlet__head-tools"]/ul[@class="nav nav-pills nav-pills--brand m-nav-pills--align-right m-nav-pills--btn-pill m-nav-pills--btn-sm"]/li[@class="m-portlet__nav-item"]/a[@class="m-portlet__nav-link m-portlet__nav-link--icon"]/i[@class="la la-angle-down"]' not found)
[[ATTACHMENT|C:\\Users\\cloudkibo\\Desktop\\KiboPush_Automated_Testing\\KiboPush Katalon\\Reports\\operationalDashboard\\20190426_105757\\1556259031668.png]]

2019-04-26 11:10:32 - [MESSAGE][FAILED] - Unable to call Test Case with id 'Test Cases/Operational_Dashboard/167' (Root cause: Call Test Case 'Test Cases/Operational_Dashboard/167' failed)

2019-04-26 11:10:32 - [MESSAGE][FAILED] - Unable to call Test Case with id 'Test Cases/Operational_Dashboard/168' (Root cause: Call Test Case 'Test Cases/Operational_Dashboard/168' failed)]]></system-out>
         <system-err><![CDATA[2019-04-26 11:09:54 - [TEST_CASE][FAILED] - Test Cases/Operational_Dashboard/169: Test Cases/Operational_Dashboard/169 FAILED because (of) Unable to click on object 'Object Repository/Page_KiboEngage  Operational Dashbo/i_la la-angle-down' (Root cause: com.kms.katalon.core.webui.exception.WebElementNotFoundException: Web element with id: 'Object Repository/Page_KiboEngage  Operational Dashbo/i_la la-angle-down' located by 'By.xpath: id("content")/div[1]/div[1]/div[@class="m-grid__item m-grid__item--fluid m-grid m-grid--ver-desktop m-grid--desktop m-body"]/div[@class="m-grid__item m-grid__item--fluid m-wrapper"]/div[@class="m-content"]/div[@class="row"]/div[@class="col-xl-12 col-lg-12  col-md-12 col-sm-12 col-xs-12"]/div[@class="m-portlet m-portlet--mobile"]/div[@class="m-portlet__head"]/div[@class="m-portlet__head-tools"]/ul[@class="nav nav-pills nav-pills--brand m-nav-pills--align-right m-nav-pills--btn-pill m-nav-pills--btn-sm"]/li[@class="m-portlet__nav-item"]/a[@class="m-portlet__nav-link m-portlet__nav-link--icon"]/i[@class="la la-angle-down"]' not found)]]></system-err>
      </testcase>
      <testcase name="Test Cases/Operational_Dashboard/170" classname="Test Cases/Operational_Dashboard/170" status="FAILED">
         <failure type="FAILED" message="Unable to click on object 'Object Repository/Page_KiboEngage  Operational Dashbo/i_la la-angle-down' (Root cause: com.kms.katalon.core.webui.exception.WebElementNotFoundException: Web element with id: 'Object Repository/Page_KiboEngage  Operational Dashbo/i_la la-angle-down' located by 'By.xpath: id(&quot;content&quot;)/div[1]/div[1]/div[@class=&quot;m-grid__item m-grid__item--fluid m-grid m-grid--ver-desktop m-grid--desktop m-body&quot;]/div[@class=&quot;m-grid__item m-grid__item--fluid m-wrapper&quot;]/div[@class=&quot;m-content&quot;]/div[@class=&quot;row&quot;]/div[@class=&quot;col-xl-12 col-lg-12  col-md-12 col-sm-12 col-xs-12&quot;]/div[@class=&quot;m-portlet m-portlet--mobile&quot;]/div[@class=&quot;m-portlet__head&quot;]/div[@class=&quot;m-portlet__head-tools&quot;]/ul[@class=&quot;nav nav-pills nav-pills--brand m-nav-pills--align-right m-nav-pills--btn-pill m-nav-pills--btn-sm&quot;]/li[@class=&quot;m-portlet__nav-item&quot;]/a[@class=&quot;m-portlet__nav-link m-portlet__nav-link--icon&quot;]/i[@class=&quot;la la-angle-down&quot;]' not found)"/>
         <system-out><![CDATA[2019-04-26 11:10:32 - [TEST_CASE][FAILED] - Test Cases/Operational_Dashboard/170: Test Cases/Operational_Dashboard/170 FAILED because (of) Unable to click on object 'Object Repository/Page_KiboEngage  Operational Dashbo/i_la la-angle-down' (Root cause: com.kms.katalon.core.webui.exception.WebElementNotFoundException: Web element with id: 'Object Repository/Page_KiboEngage  Operational Dashbo/i_la la-angle-down' located by 'By.xpath: id("content")/div[1]/div[1]/div[@class="m-grid__item m-grid__item--fluid m-grid m-grid--ver-desktop m-grid--desktop m-body"]/div[@class="m-grid__item m-grid__item--fluid m-wrapper"]/div[@class="m-content"]/div[@class="row"]/div[@class="col-xl-12 col-lg-12  col-md-12 col-sm-12 col-xs-12"]/div[@class="m-portlet m-portlet--mobile"]/div[@class="m-portlet__head"]/div[@class="m-portlet__head-tools"]/ul[@class="nav nav-pills nav-pills--brand m-nav-pills--align-right m-nav-pills--btn-pill m-nav-pills--btn-sm"]/li[@class="m-portlet__nav-item"]/a[@class="m-portlet__nav-link m-portlet__nav-link--icon"]/i[@class="la la-angle-down"]' not found)

2019-04-26 11:10:32 - [TEST_STEP][FAILED] - callTestCase: Unable to call Test Case with id 'Test Cases/Operational_Dashboard/167' (Root cause: Call Test Case 'Test Cases/Operational_Dashboard/167' failed)

2019-04-26 11:10:32 - [TEST_CASE][FAILED] - Test Cases/Operational_Dashboard/167: Test Cases/Operational_Dashboard/167 FAILED because (of) Unable to click on object 'Object Repository/Page_KiboEngage  Operational Dashbo/i_la la-angle-down' (Root cause: com.kms.katalon.core.webui.exception.WebElementNotFoundException: Web element with id: 'Object Repository/Page_KiboEngage  Operational Dashbo/i_la la-angle-down' located by 'By.xpath: id("content")/div[1]/div[1]/div[@class="m-grid__item m-grid__item--fluid m-grid m-grid--ver-desktop m-grid--desktop m-body"]/div[@class="m-grid__item m-grid__item--fluid m-wrapper"]/div[@class="m-content"]/div[@class="row"]/div[@class="col-xl-12 col-lg-12  col-md-12 col-sm-12 col-xs-12"]/div[@class="m-portlet m-portlet--mobile"]/div[@class="m-portlet__head"]/div[@class="m-portlet__head-tools"]/ul[@class="nav nav-pills nav-pills--brand m-nav-pills--align-right m-nav-pills--btn-pill m-nav-pills--btn-sm"]/li[@class="m-portlet__nav-item"]/a[@class="m-portlet__nav-link m-portlet__nav-link--icon"]/i[@class="la la-angle-down"]' not found)

2019-04-26 11:10:32 - [TEST_STEP][PASSED] - callTestCase: Call Test Case 'Test Cases/Operational_Dashboard/Login' successfully

2019-04-26 11:10:32 - [TEST_CASE][PASSED] - Test Cases/Operational_Dashboard/Login: Test Cases/Operational_Dashboard/Login

2019-04-26 11:10:32 - [TEST_STEP][PASSED] - callTestCase: Call Test Case 'Test Cases/s-sidebar_navigation/individualAccount/operationalDashboard' successfully

2019-04-26 11:10:32 - [TEST_CASE][PASSED] - Test Cases/s-sidebar_navigation/individualAccount/operationalDashboard: Test Cases/s-sidebar_navigation/individualAccount/operationalDashboard

2019-04-26 11:10:32 - [TEST_STEP][PASSED] - click: Object: 'Object Repository/Page_KiboEngage  Subscribers/span_Subscribers' is clicked on

2019-04-26 11:10:33 - [MESSAGE][PASSED] - Object: 'Object Repository/Page_KiboEngage  Subscribers/span_Subscribers' is clicked on

2019-04-26 11:10:33 - [TEST_STEP][PASSED] - click: Object: 'Object Repository/Page_KiboEngage  Subscribers/span_Operational Dashboard (1)' is clicked on

2019-04-26 11:10:33 - [MESSAGE][PASSED] - Object: 'Object Repository/Page_KiboEngage  Subscribers/span_Operational Dashboard (1)' is clicked on

2019-04-26 11:10:33 - [TEST_STEP][PASSED] - scrollToPosition: Browser is scrolled to position x = 0, y = 0

2019-04-26 11:10:33 - [MESSAGE][PASSED] - Browser is scrolled to position x = 0, y = 0

2019-04-26 11:10:33 - [TEST_STEP][PASSED] - click: Object: 'Object Repository/Page_KiboEngage  Operational Dashbo/h3_Pages Info (4)' is clicked on

2019-04-26 11:10:34 - [MESSAGE][PASSED] - Object: 'Object Repository/Page_KiboEngage  Operational Dashbo/h3_Pages Info (4)' is clicked on

2019-04-26 11:10:34 - [MESSAGE][PASSED] - Call Test Case 'Test Cases/s-sidebar_navigation/individualAccount/operationalDashboard' successfully

2019-04-26 11:10:34 - [MESSAGE][PASSED] - Call Test Case 'Test Cases/Operational_Dashboard/Login' successfully

2019-04-26 11:10:34 - [TEST_STEP][FAILED] - click: Unable to click on object 'Object Repository/Page_KiboEngage  Operational Dashbo/i_la la-angle-down' (Root cause: com.kms.katalon.core.webui.exception.WebElementNotFoundException: Web element with id: 'Object Repository/Page_KiboEngage  Operational Dashbo/i_la la-angle-down' located by 'By.xpath: id("content")/div[1]/div[1]/div[@class="m-grid__item m-grid__item--fluid m-grid m-grid--ver-desktop m-grid--desktop m-body"]/div[@class="m-grid__item m-grid__item--fluid m-wrapper"]/div[@class="m-content"]/div[@class="row"]/div[@class="col-xl-12 col-lg-12  col-md-12 col-sm-12 col-xs-12"]/div[@class="m-portlet m-portlet--mobile"]/div[@class="m-portlet__head"]/div[@class="m-portlet__head-tools"]/ul[@class="nav nav-pills nav-pills--brand m-nav-pills--align-right m-nav-pills--btn-pill m-nav-pills--btn-sm"]/li[@class="m-portlet__nav-item"]/a[@class="m-portlet__nav-link m-portlet__nav-link--icon"]/i[@class="la la-angle-down"]' not found)

2019-04-26 11:11:08 - [MESSAGE][FAILED] - Unable to click on object 'Object Repository/Page_KiboEngage  Operational Dashbo/i_la la-angle-down' (Root cause: com.kms.katalon.core.webui.exception.WebElementNotFoundException: Web element with id: 'Object Repository/Page_KiboEngage  Operational Dashbo/i_la la-angle-down' located by 'By.xpath: id("content")/div[1]/div[1]/div[@class="m-grid__item m-grid__item--fluid m-grid m-grid--ver-desktop m-grid--desktop m-body"]/div[@class="m-grid__item m-grid__item--fluid m-wrapper"]/div[@class="m-content"]/div[@class="row"]/div[@class="col-xl-12 col-lg-12  col-md-12 col-sm-12 col-xs-12"]/div[@class="m-portlet m-portlet--mobile"]/div[@class="m-portlet__head"]/div[@class="m-portlet__head-tools"]/ul[@class="nav nav-pills nav-pills--brand m-nav-pills--align-right m-nav-pills--btn-pill m-nav-pills--btn-sm"]/li[@class="m-portlet__nav-item"]/a[@class="m-portlet__nav-link m-portlet__nav-link--icon"]/i[@class="la la-angle-down"]' not found)
[[ATTACHMENT|C:\\Users\\cloudkibo\\Desktop\\KiboPush_Automated_Testing\\KiboPush Katalon\\Reports\\operationalDashboard\\20190426_105757\\1556259067927.png]]

2019-04-26 11:11:08 - [MESSAGE][FAILED] - Unable to call Test Case with id 'Test Cases/Operational_Dashboard/167' (Root cause: Call Test Case 'Test Cases/Operational_Dashboard/167' failed)]]></system-out>
         <system-err><![CDATA[2019-04-26 11:10:32 - [TEST_CASE][FAILED] - Test Cases/Operational_Dashboard/170: Test Cases/Operational_Dashboard/170 FAILED because (of) Unable to click on object 'Object Repository/Page_KiboEngage  Operational Dashbo/i_la la-angle-down' (Root cause: com.kms.katalon.core.webui.exception.WebElementNotFoundException: Web element with id: 'Object Repository/Page_KiboEngage  Operational Dashbo/i_la la-angle-down' located by 'By.xpath: id("content")/div[1]/div[1]/div[@class="m-grid__item m-grid__item--fluid m-grid m-grid--ver-desktop m-grid--desktop m-body"]/div[@class="m-grid__item m-grid__item--fluid m-wrapper"]/div[@class="m-content"]/div[@class="row"]/div[@class="col-xl-12 col-lg-12  col-md-12 col-sm-12 col-xs-12"]/div[@class="m-portlet m-portlet--mobile"]/div[@class="m-portlet__head"]/div[@class="m-portlet__head-tools"]/ul[@class="nav nav-pills nav-pills--brand m-nav-pills--align-right m-nav-pills--btn-pill m-nav-pills--btn-sm"]/li[@class="m-portlet__nav-item"]/a[@class="m-portlet__nav-link m-portlet__nav-link--icon"]/i[@class="la la-angle-down"]' not found)]]></system-err>
      </testcase>
      <testcase name="Test Cases/Operational_Dashboard/171" classname="Test Cases/Operational_Dashboard/171" status="FAILED">
         <failure type="FAILED" message="Unable to click on object 'Object Repository/Page_KiboEngage  Operational Dashbo/i_la la-angle-down' (Root cause: com.kms.katalon.core.webui.exception.WebElementNotFoundException: Web element with id: 'Object Repository/Page_KiboEngage  Operational Dashbo/i_la la-angle-down' located by 'By.xpath: id(&quot;content&quot;)/div[1]/div[1]/div[@class=&quot;m-grid__item m-grid__item--fluid m-grid m-grid--ver-desktop m-grid--desktop m-body&quot;]/div[@class=&quot;m-grid__item m-grid__item--fluid m-wrapper&quot;]/div[@class=&quot;m-content&quot;]/div[@class=&quot;row&quot;]/div[@class=&quot;col-xl-12 col-lg-12  col-md-12 col-sm-12 col-xs-12&quot;]/div[@class=&quot;m-portlet m-portlet--mobile&quot;]/div[@class=&quot;m-portlet__head&quot;]/div[@class=&quot;m-portlet__head-tools&quot;]/ul[@class=&quot;nav nav-pills nav-pills--brand m-nav-pills--align-right m-nav-pills--btn-pill m-nav-pills--btn-sm&quot;]/li[@class=&quot;m-portlet__nav-item&quot;]/a[@class=&quot;m-portlet__nav-link m-portlet__nav-link--icon&quot;]/i[@class=&quot;la la-angle-down&quot;]' not found)"/>
         <system-out><![CDATA[2019-04-26 11:11:08 - [TEST_CASE][FAILED] - Test Cases/Operational_Dashboard/171: Test Cases/Operational_Dashboard/171 FAILED because (of) Unable to click on object 'Object Repository/Page_KiboEngage  Operational Dashbo/i_la la-angle-down' (Root cause: com.kms.katalon.core.webui.exception.WebElementNotFoundException: Web element with id: 'Object Repository/Page_KiboEngage  Operational Dashbo/i_la la-angle-down' located by 'By.xpath: id("content")/div[1]/div[1]/div[@class="m-grid__item m-grid__item--fluid m-grid m-grid--ver-desktop m-grid--desktop m-body"]/div[@class="m-grid__item m-grid__item--fluid m-wrapper"]/div[@class="m-content"]/div[@class="row"]/div[@class="col-xl-12 col-lg-12  col-md-12 col-sm-12 col-xs-12"]/div[@class="m-portlet m-portlet--mobile"]/div[@class="m-portlet__head"]/div[@class="m-portlet__head-tools"]/ul[@class="nav nav-pills nav-pills--brand m-nav-pills--align-right m-nav-pills--btn-pill m-nav-pills--btn-sm"]/li[@class="m-portlet__nav-item"]/a[@class="m-portlet__nav-link m-portlet__nav-link--icon"]/i[@class="la la-angle-down"]' not found)

2019-04-26 11:11:08 - [TEST_STEP][FAILED] - callTestCase: Unable to call Test Case with id 'Test Cases/Operational_Dashboard/167' (Root cause: Call Test Case 'Test Cases/Operational_Dashboard/167' failed)

2019-04-26 11:11:08 - [TEST_CASE][FAILED] - Test Cases/Operational_Dashboard/167: Test Cases/Operational_Dashboard/167 FAILED because (of) Unable to click on object 'Object Repository/Page_KiboEngage  Operational Dashbo/i_la la-angle-down' (Root cause: com.kms.katalon.core.webui.exception.WebElementNotFoundException: Web element with id: 'Object Repository/Page_KiboEngage  Operational Dashbo/i_la la-angle-down' located by 'By.xpath: id("content")/div[1]/div[1]/div[@class="m-grid__item m-grid__item--fluid m-grid m-grid--ver-desktop m-grid--desktop m-body"]/div[@class="m-grid__item m-grid__item--fluid m-wrapper"]/div[@class="m-content"]/div[@class="row"]/div[@class="col-xl-12 col-lg-12  col-md-12 col-sm-12 col-xs-12"]/div[@class="m-portlet m-portlet--mobile"]/div[@class="m-portlet__head"]/div[@class="m-portlet__head-tools"]/ul[@class="nav nav-pills nav-pills--brand m-nav-pills--align-right m-nav-pills--btn-pill m-nav-pills--btn-sm"]/li[@class="m-portlet__nav-item"]/a[@class="m-portlet__nav-link m-portlet__nav-link--icon"]/i[@class="la la-angle-down"]' not found)

2019-04-26 11:11:08 - [TEST_STEP][PASSED] - callTestCase: Call Test Case 'Test Cases/Operational_Dashboard/Login' successfully

2019-04-26 11:11:08 - [TEST_CASE][PASSED] - Test Cases/Operational_Dashboard/Login: Test Cases/Operational_Dashboard/Login

2019-04-26 11:11:08 - [TEST_STEP][PASSED] - callTestCase: Call Test Case 'Test Cases/s-sidebar_navigation/individualAccount/operationalDashboard' successfully

2019-04-26 11:11:09 - [TEST_CASE][PASSED] - Test Cases/s-sidebar_navigation/individualAccount/operationalDashboard: Test Cases/s-sidebar_navigation/individualAccount/operationalDashboard

2019-04-26 11:11:09 - [TEST_STEP][PASSED] - click: Object: 'Object Repository/Page_KiboEngage  Subscribers/span_Subscribers' is clicked on

2019-04-26 11:11:09 - [MESSAGE][PASSED] - Object: 'Object Repository/Page_KiboEngage  Subscribers/span_Subscribers' is clicked on

2019-04-26 11:11:09 - [TEST_STEP][PASSED] - click: Object: 'Object Repository/Page_KiboEngage  Subscribers/span_Operational Dashboard (1)' is clicked on

2019-04-26 11:11:10 - [MESSAGE][PASSED] - Object: 'Object Repository/Page_KiboEngage  Subscribers/span_Operational Dashboard (1)' is clicked on

2019-04-26 11:11:10 - [TEST_STEP][PASSED] - scrollToPosition: Browser is scrolled to position x = 0, y = 0

2019-04-26 11:11:10 - [MESSAGE][PASSED] - Browser is scrolled to position x = 0, y = 0

2019-04-26 11:11:10 - [TEST_STEP][PASSED] - click: Object: 'Object Repository/Page_KiboEngage  Operational Dashbo/h3_Pages Info (4)' is clicked on

2019-04-26 11:11:11 - [MESSAGE][PASSED] - Object: 'Object Repository/Page_KiboEngage  Operational Dashbo/h3_Pages Info (4)' is clicked on

2019-04-26 11:11:11 - [MESSAGE][PASSED] - Call Test Case 'Test Cases/s-sidebar_navigation/individualAccount/operationalDashboard' successfully

2019-04-26 11:11:11 - [MESSAGE][PASSED] - Call Test Case 'Test Cases/Operational_Dashboard/Login' successfully

2019-04-26 11:11:11 - [TEST_STEP][FAILED] - click: Unable to click on object 'Object Repository/Page_KiboEngage  Operational Dashbo/i_la la-angle-down' (Root cause: com.kms.katalon.core.webui.exception.WebElementNotFoundException: Web element with id: 'Object Repository/Page_KiboEngage  Operational Dashbo/i_la la-angle-down' located by 'By.xpath: id("content")/div[1]/div[1]/div[@class="m-grid__item m-grid__item--fluid m-grid m-grid--ver-desktop m-grid--desktop m-body"]/div[@class="m-grid__item m-grid__item--fluid m-wrapper"]/div[@class="m-content"]/div[@class="row"]/div[@class="col-xl-12 col-lg-12  col-md-12 col-sm-12 col-xs-12"]/div[@class="m-portlet m-portlet--mobile"]/div[@class="m-portlet__head"]/div[@class="m-portlet__head-tools"]/ul[@class="nav nav-pills nav-pills--brand m-nav-pills--align-right m-nav-pills--btn-pill m-nav-pills--btn-sm"]/li[@class="m-portlet__nav-item"]/a[@class="m-portlet__nav-link m-portlet__nav-link--icon"]/i[@class="la la-angle-down"]' not found)

2019-04-26 11:11:44 - [MESSAGE][FAILED] - Unable to click on object 'Object Repository/Page_KiboEngage  Operational Dashbo/i_la la-angle-down' (Root cause: com.kms.katalon.core.webui.exception.WebElementNotFoundException: Web element with id: 'Object Repository/Page_KiboEngage  Operational Dashbo/i_la la-angle-down' located by 'By.xpath: id("content")/div[1]/div[1]/div[@class="m-grid__item m-grid__item--fluid m-grid m-grid--ver-desktop m-grid--desktop m-body"]/div[@class="m-grid__item m-grid__item--fluid m-wrapper"]/div[@class="m-content"]/div[@class="row"]/div[@class="col-xl-12 col-lg-12  col-md-12 col-sm-12 col-xs-12"]/div[@class="m-portlet m-portlet--mobile"]/div[@class="m-portlet__head"]/div[@class="m-portlet__head-tools"]/ul[@class="nav nav-pills nav-pills--brand m-nav-pills--align-right m-nav-pills--btn-pill m-nav-pills--btn-sm"]/li[@class="m-portlet__nav-item"]/a[@class="m-portlet__nav-link m-portlet__nav-link--icon"]/i[@class="la la-angle-down"]' not found)
[[ATTACHMENT|C:\\Users\\cloudkibo\\Desktop\\KiboPush_Automated_Testing\\KiboPush Katalon\\Reports\\operationalDashboard\\20190426_105757\\1556259104467.png]]

2019-04-26 11:11:44 - [MESSAGE][FAILED] - Unable to call Test Case with id 'Test Cases/Operational_Dashboard/167' (Root cause: Call Test Case 'Test Cases/Operational_Dashboard/167' failed)]]></system-out>
         <system-err><![CDATA[2019-04-26 11:11:08 - [TEST_CASE][FAILED] - Test Cases/Operational_Dashboard/171: Test Cases/Operational_Dashboard/171 FAILED because (of) Unable to click on object 'Object Repository/Page_KiboEngage  Operational Dashbo/i_la la-angle-down' (Root cause: com.kms.katalon.core.webui.exception.WebElementNotFoundException: Web element with id: 'Object Repository/Page_KiboEngage  Operational Dashbo/i_la la-angle-down' located by 'By.xpath: id("content")/div[1]/div[1]/div[@class="m-grid__item m-grid__item--fluid m-grid m-grid--ver-desktop m-grid--desktop m-body"]/div[@class="m-grid__item m-grid__item--fluid m-wrapper"]/div[@class="m-content"]/div[@class="row"]/div[@class="col-xl-12 col-lg-12  col-md-12 col-sm-12 col-xs-12"]/div[@class="m-portlet m-portlet--mobile"]/div[@class="m-portlet__head"]/div[@class="m-portlet__head-tools"]/ul[@class="nav nav-pills nav-pills--brand m-nav-pills--align-right m-nav-pills--btn-pill m-nav-pills--btn-sm"]/li[@class="m-portlet__nav-item"]/a[@class="m-portlet__nav-link m-portlet__nav-link--icon"]/i[@class="la la-angle-down"]' not found)]]></system-err>
      </testcase>
      <testcase name="Test Cases/Operational_Dashboard/172" classname="Test Cases/Operational_Dashboard/172" status="FAILED">
         <failure type="FAILED" message="Unable to click on object 'Object Repository/Page_KiboEngage  Operational Dashbo/i_la la-angle-down' (Root cause: com.kms.katalon.core.webui.exception.WebElementNotFoundException: Web element with id: 'Object Repository/Page_KiboEngage  Operational Dashbo/i_la la-angle-down' located by 'By.xpath: id(&quot;content&quot;)/div[1]/div[1]/div[@class=&quot;m-grid__item m-grid__item--fluid m-grid m-grid--ver-desktop m-grid--desktop m-body&quot;]/div[@class=&quot;m-grid__item m-grid__item--fluid m-wrapper&quot;]/div[@class=&quot;m-content&quot;]/div[@class=&quot;row&quot;]/div[@class=&quot;col-xl-12 col-lg-12  col-md-12 col-sm-12 col-xs-12&quot;]/div[@class=&quot;m-portlet m-portlet--mobile&quot;]/div[@class=&quot;m-portlet__head&quot;]/div[@class=&quot;m-portlet__head-tools&quot;]/ul[@class=&quot;nav nav-pills nav-pills--brand m-nav-pills--align-right m-nav-pills--btn-pill m-nav-pills--btn-sm&quot;]/li[@class=&quot;m-portlet__nav-item&quot;]/a[@class=&quot;m-portlet__nav-link m-portlet__nav-link--icon&quot;]/i[@class=&quot;la la-angle-down&quot;]' not found)"/>
         <system-out><![CDATA[2019-04-26 11:11:44 - [TEST_CASE][FAILED] - Test Cases/Operational_Dashboard/172: Test Cases/Operational_Dashboard/172 FAILED because (of) Unable to click on object 'Object Repository/Page_KiboEngage  Operational Dashbo/i_la la-angle-down' (Root cause: com.kms.katalon.core.webui.exception.WebElementNotFoundException: Web element with id: 'Object Repository/Page_KiboEngage  Operational Dashbo/i_la la-angle-down' located by 'By.xpath: id("content")/div[1]/div[1]/div[@class="m-grid__item m-grid__item--fluid m-grid m-grid--ver-desktop m-grid--desktop m-body"]/div[@class="m-grid__item m-grid__item--fluid m-wrapper"]/div[@class="m-content"]/div[@class="row"]/div[@class="col-xl-12 col-lg-12  col-md-12 col-sm-12 col-xs-12"]/div[@class="m-portlet m-portlet--mobile"]/div[@class="m-portlet__head"]/div[@class="m-portlet__head-tools"]/ul[@class="nav nav-pills nav-pills--brand m-nav-pills--align-right m-nav-pills--btn-pill m-nav-pills--btn-sm"]/li[@class="m-portlet__nav-item"]/a[@class="m-portlet__nav-link m-portlet__nav-link--icon"]/i[@class="la la-angle-down"]' not found)

2019-04-26 11:11:45 - [TEST_STEP][FAILED] - callTestCase: Unable to call Test Case with id 'Test Cases/Operational_Dashboard/167' (Root cause: Call Test Case 'Test Cases/Operational_Dashboard/167' failed)

2019-04-26 11:11:45 - [TEST_CASE][FAILED] - Test Cases/Operational_Dashboard/167: Test Cases/Operational_Dashboard/167 FAILED because (of) Unable to click on object 'Object Repository/Page_KiboEngage  Operational Dashbo/i_la la-angle-down' (Root cause: com.kms.katalon.core.webui.exception.WebElementNotFoundException: Web element with id: 'Object Repository/Page_KiboEngage  Operational Dashbo/i_la la-angle-down' located by 'By.xpath: id("content")/div[1]/div[1]/div[@class="m-grid__item m-grid__item--fluid m-grid m-grid--ver-desktop m-grid--desktop m-body"]/div[@class="m-grid__item m-grid__item--fluid m-wrapper"]/div[@class="m-content"]/div[@class="row"]/div[@class="col-xl-12 col-lg-12  col-md-12 col-sm-12 col-xs-12"]/div[@class="m-portlet m-portlet--mobile"]/div[@class="m-portlet__head"]/div[@class="m-portlet__head-tools"]/ul[@class="nav nav-pills nav-pills--brand m-nav-pills--align-right m-nav-pills--btn-pill m-nav-pills--btn-sm"]/li[@class="m-portlet__nav-item"]/a[@class="m-portlet__nav-link m-portlet__nav-link--icon"]/i[@class="la la-angle-down"]' not found)

2019-04-26 11:11:45 - [TEST_STEP][PASSED] - callTestCase: Call Test Case 'Test Cases/Operational_Dashboard/Login' successfully

2019-04-26 11:11:45 - [TEST_CASE][PASSED] - Test Cases/Operational_Dashboard/Login: Test Cases/Operational_Dashboard/Login

2019-04-26 11:11:45 - [TEST_STEP][PASSED] - callTestCase: Call Test Case 'Test Cases/s-sidebar_navigation/individualAccount/operationalDashboard' successfully

2019-04-26 11:11:45 - [TEST_CASE][PASSED] - Test Cases/s-sidebar_navigation/individualAccount/operationalDashboard: Test Cases/s-sidebar_navigation/individualAccount/operationalDashboard

2019-04-26 11:11:45 - [TEST_STEP][PASSED] - click: Object: 'Object Repository/Page_KiboEngage  Subscribers/span_Subscribers' is clicked on

2019-04-26 11:11:45 - [MESSAGE][PASSED] - Object: 'Object Repository/Page_KiboEngage  Subscribers/span_Subscribers' is clicked on

2019-04-26 11:11:45 - [TEST_STEP][PASSED] - click: Object: 'Object Repository/Page_KiboEngage  Subscribers/span_Operational Dashboard (1)' is clicked on

2019-04-26 11:11:46 - [MESSAGE][PASSED] - Object: 'Object Repository/Page_KiboEngage  Subscribers/span_Operational Dashboard (1)' is clicked on

2019-04-26 11:11:46 - [TEST_STEP][PASSED] - scrollToPosition: Browser is scrolled to position x = 0, y = 0

2019-04-26 11:11:46 - [MESSAGE][PASSED] - Browser is scrolled to position x = 0, y = 0

2019-04-26 11:11:46 - [TEST_STEP][PASSED] - click: Object: 'Object Repository/Page_KiboEngage  Operational Dashbo/h3_Pages Info (4)' is clicked on

2019-04-26 11:11:47 - [MESSAGE][PASSED] - Object: 'Object Repository/Page_KiboEngage  Operational Dashbo/h3_Pages Info (4)' is clicked on

2019-04-26 11:11:47 - [MESSAGE][PASSED] - Call Test Case 'Test Cases/s-sidebar_navigation/individualAccount/operationalDashboard' successfully

2019-04-26 11:11:47 - [MESSAGE][PASSED] - Call Test Case 'Test Cases/Operational_Dashboard/Login' successfully

2019-04-26 11:11:47 - [TEST_STEP][FAILED] - click: Unable to click on object 'Object Repository/Page_KiboEngage  Operational Dashbo/i_la la-angle-down' (Root cause: com.kms.katalon.core.webui.exception.WebElementNotFoundException: Web element with id: 'Object Repository/Page_KiboEngage  Operational Dashbo/i_la la-angle-down' located by 'By.xpath: id("content")/div[1]/div[1]/div[@class="m-grid__item m-grid__item--fluid m-grid m-grid--ver-desktop m-grid--desktop m-body"]/div[@class="m-grid__item m-grid__item--fluid m-wrapper"]/div[@class="m-content"]/div[@class="row"]/div[@class="col-xl-12 col-lg-12  col-md-12 col-sm-12 col-xs-12"]/div[@class="m-portlet m-portlet--mobile"]/div[@class="m-portlet__head"]/div[@class="m-portlet__head-tools"]/ul[@class="nav nav-pills nav-pills--brand m-nav-pills--align-right m-nav-pills--btn-pill m-nav-pills--btn-sm"]/li[@class="m-portlet__nav-item"]/a[@class="m-portlet__nav-link m-portlet__nav-link--icon"]/i[@class="la la-angle-down"]' not found)

2019-04-26 11:12:21 - [MESSAGE][FAILED] - Unable to click on object 'Object Repository/Page_KiboEngage  Operational Dashbo/i_la la-angle-down' (Root cause: com.kms.katalon.core.webui.exception.WebElementNotFoundException: Web element with id: 'Object Repository/Page_KiboEngage  Operational Dashbo/i_la la-angle-down' located by 'By.xpath: id("content")/div[1]/div[1]/div[@class="m-grid__item m-grid__item--fluid m-grid m-grid--ver-desktop m-grid--desktop m-body"]/div[@class="m-grid__item m-grid__item--fluid m-wrapper"]/div[@class="m-content"]/div[@class="row"]/div[@class="col-xl-12 col-lg-12  col-md-12 col-sm-12 col-xs-12"]/div[@class="m-portlet m-portlet--mobile"]/div[@class="m-portlet__head"]/div[@class="m-portlet__head-tools"]/ul[@class="nav nav-pills nav-pills--brand m-nav-pills--align-right m-nav-pills--btn-pill m-nav-pills--btn-sm"]/li[@class="m-portlet__nav-item"]/a[@class="m-portlet__nav-link m-portlet__nav-link--icon"]/i[@class="la la-angle-down"]' not found)
[[ATTACHMENT|C:\\Users\\cloudkibo\\Desktop\\KiboPush_Automated_Testing\\KiboPush Katalon\\Reports\\operationalDashboard\\20190426_105757\\1556259140736.png]]

2019-04-26 11:12:21 - [MESSAGE][FAILED] - Unable to call Test Case with id 'Test Cases/Operational_Dashboard/167' (Root cause: Call Test Case 'Test Cases/Operational_Dashboard/167' failed)]]></system-out>
         <system-err><![CDATA[2019-04-26 11:11:44 - [TEST_CASE][FAILED] - Test Cases/Operational_Dashboard/172: Test Cases/Operational_Dashboard/172 FAILED because (of) Unable to click on object 'Object Repository/Page_KiboEngage  Operational Dashbo/i_la la-angle-down' (Root cause: com.kms.katalon.core.webui.exception.WebElementNotFoundException: Web element with id: 'Object Repository/Page_KiboEngage  Operational Dashbo/i_la la-angle-down' located by 'By.xpath: id("content")/div[1]/div[1]/div[@class="m-grid__item m-grid__item--fluid m-grid m-grid--ver-desktop m-grid--desktop m-body"]/div[@class="m-grid__item m-grid__item--fluid m-wrapper"]/div[@class="m-content"]/div[@class="row"]/div[@class="col-xl-12 col-lg-12  col-md-12 col-sm-12 col-xs-12"]/div[@class="m-portlet m-portlet--mobile"]/div[@class="m-portlet__head"]/div[@class="m-portlet__head-tools"]/ul[@class="nav nav-pills nav-pills--brand m-nav-pills--align-right m-nav-pills--btn-pill m-nav-pills--btn-sm"]/li[@class="m-portlet__nav-item"]/a[@class="m-portlet__nav-link m-portlet__nav-link--icon"]/i[@class="la la-angle-down"]' not found)]]></system-err>
      </testcase>
      <testcase name="Test Cases/Operational_Dashboard/173" classname="Test Cases/Operational_Dashboard/173" status="FAILED">
         <failure type="FAILED" message="Unable to click on object 'Object Repository/Page_KiboEngage  Operational Dashbo/i_la la-angle-down' (Root cause: com.kms.katalon.core.webui.exception.WebElementNotFoundException: Web element with id: 'Object Repository/Page_KiboEngage  Operational Dashbo/i_la la-angle-down' located by 'By.xpath: id(&quot;content&quot;)/div[1]/div[1]/div[@class=&quot;m-grid__item m-grid__item--fluid m-grid m-grid--ver-desktop m-grid--desktop m-body&quot;]/div[@class=&quot;m-grid__item m-grid__item--fluid m-wrapper&quot;]/div[@class=&quot;m-content&quot;]/div[@class=&quot;row&quot;]/div[@class=&quot;col-xl-12 col-lg-12  col-md-12 col-sm-12 col-xs-12&quot;]/div[@class=&quot;m-portlet m-portlet--mobile&quot;]/div[@class=&quot;m-portlet__head&quot;]/div[@class=&quot;m-portlet__head-tools&quot;]/ul[@class=&quot;nav nav-pills nav-pills--brand m-nav-pills--align-right m-nav-pills--btn-pill m-nav-pills--btn-sm&quot;]/li[@class=&quot;m-portlet__nav-item&quot;]/a[@class=&quot;m-portlet__nav-link m-portlet__nav-link--icon&quot;]/i[@class=&quot;la la-angle-down&quot;]' not found)"/>
         <system-out><![CDATA[2019-04-26 11:12:21 - [TEST_CASE][FAILED] - Test Cases/Operational_Dashboard/173: Test Cases/Operational_Dashboard/173 FAILED because (of) Unable to click on object 'Object Repository/Page_KiboEngage  Operational Dashbo/i_la la-angle-down' (Root cause: com.kms.katalon.core.webui.exception.WebElementNotFoundException: Web element with id: 'Object Repository/Page_KiboEngage  Operational Dashbo/i_la la-angle-down' located by 'By.xpath: id("content")/div[1]/div[1]/div[@class="m-grid__item m-grid__item--fluid m-grid m-grid--ver-desktop m-grid--desktop m-body"]/div[@class="m-grid__item m-grid__item--fluid m-wrapper"]/div[@class="m-content"]/div[@class="row"]/div[@class="col-xl-12 col-lg-12  col-md-12 col-sm-12 col-xs-12"]/div[@class="m-portlet m-portlet--mobile"]/div[@class="m-portlet__head"]/div[@class="m-portlet__head-tools"]/ul[@class="nav nav-pills nav-pills--brand m-nav-pills--align-right m-nav-pills--btn-pill m-nav-pills--btn-sm"]/li[@class="m-portlet__nav-item"]/a[@class="m-portlet__nav-link m-portlet__nav-link--icon"]/i[@class="la la-angle-down"]' not found)

2019-04-26 11:12:21 - [TEST_STEP][FAILED] - callTestCase: Unable to call Test Case with id 'Test Cases/Operational_Dashboard/167' (Root cause: Call Test Case 'Test Cases/Operational_Dashboard/167' failed)

2019-04-26 11:12:21 - [TEST_CASE][FAILED] - Test Cases/Operational_Dashboard/167: Test Cases/Operational_Dashboard/167 FAILED because (of) Unable to click on object 'Object Repository/Page_KiboEngage  Operational Dashbo/i_la la-angle-down' (Root cause: com.kms.katalon.core.webui.exception.WebElementNotFoundException: Web element with id: 'Object Repository/Page_KiboEngage  Operational Dashbo/i_la la-angle-down' located by 'By.xpath: id("content")/div[1]/div[1]/div[@class="m-grid__item m-grid__item--fluid m-grid m-grid--ver-desktop m-grid--desktop m-body"]/div[@class="m-grid__item m-grid__item--fluid m-wrapper"]/div[@class="m-content"]/div[@class="row"]/div[@class="col-xl-12 col-lg-12  col-md-12 col-sm-12 col-xs-12"]/div[@class="m-portlet m-portlet--mobile"]/div[@class="m-portlet__head"]/div[@class="m-portlet__head-tools"]/ul[@class="nav nav-pills nav-pills--brand m-nav-pills--align-right m-nav-pills--btn-pill m-nav-pills--btn-sm"]/li[@class="m-portlet__nav-item"]/a[@class="m-portlet__nav-link m-portlet__nav-link--icon"]/i[@class="la la-angle-down"]' not found)

2019-04-26 11:12:21 - [TEST_STEP][PASSED] - callTestCase: Call Test Case 'Test Cases/Operational_Dashboard/Login' successfully

2019-04-26 11:12:21 - [TEST_CASE][PASSED] - Test Cases/Operational_Dashboard/Login: Test Cases/Operational_Dashboard/Login

2019-04-26 11:12:21 - [TEST_STEP][PASSED] - callTestCase: Call Test Case 'Test Cases/s-sidebar_navigation/individualAccount/operationalDashboard' successfully

2019-04-26 11:12:21 - [TEST_CASE][PASSED] - Test Cases/s-sidebar_navigation/individualAccount/operationalDashboard: Test Cases/s-sidebar_navigation/individualAccount/operationalDashboard

2019-04-26 11:12:21 - [TEST_STEP][PASSED] - click: Object: 'Object Repository/Page_KiboEngage  Subscribers/span_Subscribers' is clicked on

2019-04-26 11:12:22 - [MESSAGE][PASSED] - Object: 'Object Repository/Page_KiboEngage  Subscribers/span_Subscribers' is clicked on

2019-04-26 11:12:22 - [TEST_STEP][PASSED] - click: Object: 'Object Repository/Page_KiboEngage  Subscribers/span_Operational Dashboard (1)' is clicked on

2019-04-26 11:12:23 - [MESSAGE][PASSED] - Object: 'Object Repository/Page_KiboEngage  Subscribers/span_Operational Dashboard (1)' is clicked on

2019-04-26 11:12:23 - [TEST_STEP][PASSED] - scrollToPosition: Browser is scrolled to position x = 0, y = 0

2019-04-26 11:12:23 - [MESSAGE][PASSED] - Browser is scrolled to position x = 0, y = 0

2019-04-26 11:12:23 - [TEST_STEP][PASSED] - click: Object: 'Object Repository/Page_KiboEngage  Operational Dashbo/h3_Pages Info (4)' is clicked on

2019-04-26 11:12:24 - [MESSAGE][PASSED] - Object: 'Object Repository/Page_KiboEngage  Operational Dashbo/h3_Pages Info (4)' is clicked on

2019-04-26 11:12:24 - [MESSAGE][PASSED] - Call Test Case 'Test Cases/s-sidebar_navigation/individualAccount/operationalDashboard' successfully

2019-04-26 11:12:24 - [MESSAGE][PASSED] - Call Test Case 'Test Cases/Operational_Dashboard/Login' successfully

2019-04-26 11:12:24 - [TEST_STEP][FAILED] - click: Unable to click on object 'Object Repository/Page_KiboEngage  Operational Dashbo/i_la la-angle-down' (Root cause: com.kms.katalon.core.webui.exception.WebElementNotFoundException: Web element with id: 'Object Repository/Page_KiboEngage  Operational Dashbo/i_la la-angle-down' located by 'By.xpath: id("content")/div[1]/div[1]/div[@class="m-grid__item m-grid__item--fluid m-grid m-grid--ver-desktop m-grid--desktop m-body"]/div[@class="m-grid__item m-grid__item--fluid m-wrapper"]/div[@class="m-content"]/div[@class="row"]/div[@class="col-xl-12 col-lg-12  col-md-12 col-sm-12 col-xs-12"]/div[@class="m-portlet m-portlet--mobile"]/div[@class="m-portlet__head"]/div[@class="m-portlet__head-tools"]/ul[@class="nav nav-pills nav-pills--brand m-nav-pills--align-right m-nav-pills--btn-pill m-nav-pills--btn-sm"]/li[@class="m-portlet__nav-item"]/a[@class="m-portlet__nav-link m-portlet__nav-link--icon"]/i[@class="la la-angle-down"]' not found)

2019-04-26 11:12:57 - [MESSAGE][FAILED] - Unable to click on object 'Object Repository/Page_KiboEngage  Operational Dashbo/i_la la-angle-down' (Root cause: com.kms.katalon.core.webui.exception.WebElementNotFoundException: Web element with id: 'Object Repository/Page_KiboEngage  Operational Dashbo/i_la la-angle-down' located by 'By.xpath: id("content")/div[1]/div[1]/div[@class="m-grid__item m-grid__item--fluid m-grid m-grid--ver-desktop m-grid--desktop m-body"]/div[@class="m-grid__item m-grid__item--fluid m-wrapper"]/div[@class="m-content"]/div[@class="row"]/div[@class="col-xl-12 col-lg-12  col-md-12 col-sm-12 col-xs-12"]/div[@class="m-portlet m-portlet--mobile"]/div[@class="m-portlet__head"]/div[@class="m-portlet__head-tools"]/ul[@class="nav nav-pills nav-pills--brand m-nav-pills--align-right m-nav-pills--btn-pill m-nav-pills--btn-sm"]/li[@class="m-portlet__nav-item"]/a[@class="m-portlet__nav-link m-portlet__nav-link--icon"]/i[@class="la la-angle-down"]' not found)
[[ATTACHMENT|C:\\Users\\cloudkibo\\Desktop\\KiboPush_Automated_Testing\\KiboPush Katalon\\Reports\\operationalDashboard\\20190426_105757\\1556259177426.png]]

2019-04-26 11:12:57 - [MESSAGE][FAILED] - Unable to call Test Case with id 'Test Cases/Operational_Dashboard/167' (Root cause: Call Test Case 'Test Cases/Operational_Dashboard/167' failed)]]></system-out>
         <system-err><![CDATA[2019-04-26 11:12:21 - [TEST_CASE][FAILED] - Test Cases/Operational_Dashboard/173: Test Cases/Operational_Dashboard/173 FAILED because (of) Unable to click on object 'Object Repository/Page_KiboEngage  Operational Dashbo/i_la la-angle-down' (Root cause: com.kms.katalon.core.webui.exception.WebElementNotFoundException: Web element with id: 'Object Repository/Page_KiboEngage  Operational Dashbo/i_la la-angle-down' located by 'By.xpath: id("content")/div[1]/div[1]/div[@class="m-grid__item m-grid__item--fluid m-grid m-grid--ver-desktop m-grid--desktop m-body"]/div[@class="m-grid__item m-grid__item--fluid m-wrapper"]/div[@class="m-content"]/div[@class="row"]/div[@class="col-xl-12 col-lg-12  col-md-12 col-sm-12 col-xs-12"]/div[@class="m-portlet m-portlet--mobile"]/div[@class="m-portlet__head"]/div[@class="m-portlet__head-tools"]/ul[@class="nav nav-pills nav-pills--brand m-nav-pills--align-right m-nav-pills--btn-pill m-nav-pills--btn-sm"]/li[@class="m-portlet__nav-item"]/a[@class="m-portlet__nav-link m-portlet__nav-link--icon"]/i[@class="la la-angle-down"]' not found)]]></system-err>
      </testcase>
      <testcase name="Test Cases/Operational_Dashboard/174" classname="Test Cases/Operational_Dashboard/174" status="FAILED">
         <failure type="FAILED" message="Unable to click on object 'Object Repository/Page_KiboEngage  Operational Dashbo/i_la la-angle-down' (Root cause: com.kms.katalon.core.webui.exception.WebElementNotFoundException: Web element with id: 'Object Repository/Page_KiboEngage  Operational Dashbo/i_la la-angle-down' located by 'By.xpath: id(&quot;content&quot;)/div[1]/div[1]/div[@class=&quot;m-grid__item m-grid__item--fluid m-grid m-grid--ver-desktop m-grid--desktop m-body&quot;]/div[@class=&quot;m-grid__item m-grid__item--fluid m-wrapper&quot;]/div[@class=&quot;m-content&quot;]/div[@class=&quot;row&quot;]/div[@class=&quot;col-xl-12 col-lg-12  col-md-12 col-sm-12 col-xs-12&quot;]/div[@class=&quot;m-portlet m-portlet--mobile&quot;]/div[@class=&quot;m-portlet__head&quot;]/div[@class=&quot;m-portlet__head-tools&quot;]/ul[@class=&quot;nav nav-pills nav-pills--brand m-nav-pills--align-right m-nav-pills--btn-pill m-nav-pills--btn-sm&quot;]/li[@class=&quot;m-portlet__nav-item&quot;]/a[@class=&quot;m-portlet__nav-link m-portlet__nav-link--icon&quot;]/i[@class=&quot;la la-angle-down&quot;]' not found)"/>
         <system-out><![CDATA[2019-04-26 11:12:57 - [TEST_CASE][FAILED] - Test Cases/Operational_Dashboard/174: Test Cases/Operational_Dashboard/174 FAILED because (of) Unable to click on object 'Object Repository/Page_KiboEngage  Operational Dashbo/i_la la-angle-down' (Root cause: com.kms.katalon.core.webui.exception.WebElementNotFoundException: Web element with id: 'Object Repository/Page_KiboEngage  Operational Dashbo/i_la la-angle-down' located by 'By.xpath: id("content")/div[1]/div[1]/div[@class="m-grid__item m-grid__item--fluid m-grid m-grid--ver-desktop m-grid--desktop m-body"]/div[@class="m-grid__item m-grid__item--fluid m-wrapper"]/div[@class="m-content"]/div[@class="row"]/div[@class="col-xl-12 col-lg-12  col-md-12 col-sm-12 col-xs-12"]/div[@class="m-portlet m-portlet--mobile"]/div[@class="m-portlet__head"]/div[@class="m-portlet__head-tools"]/ul[@class="nav nav-pills nav-pills--brand m-nav-pills--align-right m-nav-pills--btn-pill m-nav-pills--btn-sm"]/li[@class="m-portlet__nav-item"]/a[@class="m-portlet__nav-link m-portlet__nav-link--icon"]/i[@class="la la-angle-down"]' not found)

2019-04-26 11:12:58 - [TEST_STEP][FAILED] - callTestCase: Unable to call Test Case with id 'Test Cases/Operational_Dashboard/167' (Root cause: Call Test Case 'Test Cases/Operational_Dashboard/167' failed)

2019-04-26 11:12:58 - [TEST_CASE][FAILED] - Test Cases/Operational_Dashboard/167: Test Cases/Operational_Dashboard/167 FAILED because (of) Unable to click on object 'Object Repository/Page_KiboEngage  Operational Dashbo/i_la la-angle-down' (Root cause: com.kms.katalon.core.webui.exception.WebElementNotFoundException: Web element with id: 'Object Repository/Page_KiboEngage  Operational Dashbo/i_la la-angle-down' located by 'By.xpath: id("content")/div[1]/div[1]/div[@class="m-grid__item m-grid__item--fluid m-grid m-grid--ver-desktop m-grid--desktop m-body"]/div[@class="m-grid__item m-grid__item--fluid m-wrapper"]/div[@class="m-content"]/div[@class="row"]/div[@class="col-xl-12 col-lg-12  col-md-12 col-sm-12 col-xs-12"]/div[@class="m-portlet m-portlet--mobile"]/div[@class="m-portlet__head"]/div[@class="m-portlet__head-tools"]/ul[@class="nav nav-pills nav-pills--brand m-nav-pills--align-right m-nav-pills--btn-pill m-nav-pills--btn-sm"]/li[@class="m-portlet__nav-item"]/a[@class="m-portlet__nav-link m-portlet__nav-link--icon"]/i[@class="la la-angle-down"]' not found)

2019-04-26 11:12:58 - [TEST_STEP][PASSED] - callTestCase: Call Test Case 'Test Cases/Operational_Dashboard/Login' successfully

2019-04-26 11:12:58 - [TEST_CASE][PASSED] - Test Cases/Operational_Dashboard/Login: Test Cases/Operational_Dashboard/Login

2019-04-26 11:12:58 - [TEST_STEP][PASSED] - callTestCase: Call Test Case 'Test Cases/s-sidebar_navigation/individualAccount/operationalDashboard' successfully

2019-04-26 11:12:58 - [TEST_CASE][PASSED] - Test Cases/s-sidebar_navigation/individualAccount/operationalDashboard: Test Cases/s-sidebar_navigation/individualAccount/operationalDashboard

2019-04-26 11:12:58 - [TEST_STEP][PASSED] - click: Object: 'Object Repository/Page_KiboEngage  Subscribers/span_Subscribers' is clicked on

2019-04-26 11:12:58 - [MESSAGE][PASSED] - Object: 'Object Repository/Page_KiboEngage  Subscribers/span_Subscribers' is clicked on

2019-04-26 11:12:58 - [TEST_STEP][PASSED] - click: Object: 'Object Repository/Page_KiboEngage  Subscribers/span_Operational Dashboard (1)' is clicked on

2019-04-26 11:13:00 - [MESSAGE][PASSED] - Object: 'Object Repository/Page_KiboEngage  Subscribers/span_Operational Dashboard (1)' is clicked on

2019-04-26 11:13:00 - [TEST_STEP][PASSED] - scrollToPosition: Browser is scrolled to position x = 0, y = 0

2019-04-26 11:13:00 - [MESSAGE][PASSED] - Browser is scrolled to position x = 0, y = 0

2019-04-26 11:13:00 - [TEST_STEP][PASSED] - click: Object: 'Object Repository/Page_KiboEngage  Operational Dashbo/h3_Pages Info (4)' is clicked on

2019-04-26 11:13:01 - [MESSAGE][PASSED] - Object: 'Object Repository/Page_KiboEngage  Operational Dashbo/h3_Pages Info (4)' is clicked on

2019-04-26 11:13:01 - [MESSAGE][PASSED] - Call Test Case 'Test Cases/s-sidebar_navigation/individualAccount/operationalDashboard' successfully

2019-04-26 11:13:01 - [MESSAGE][PASSED] - Call Test Case 'Test Cases/Operational_Dashboard/Login' successfully

2019-04-26 11:13:01 - [TEST_STEP][FAILED] - click: Unable to click on object 'Object Repository/Page_KiboEngage  Operational Dashbo/i_la la-angle-down' (Root cause: com.kms.katalon.core.webui.exception.WebElementNotFoundException: Web element with id: 'Object Repository/Page_KiboEngage  Operational Dashbo/i_la la-angle-down' located by 'By.xpath: id("content")/div[1]/div[1]/div[@class="m-grid__item m-grid__item--fluid m-grid m-grid--ver-desktop m-grid--desktop m-body"]/div[@class="m-grid__item m-grid__item--fluid m-wrapper"]/div[@class="m-content"]/div[@class="row"]/div[@class="col-xl-12 col-lg-12  col-md-12 col-sm-12 col-xs-12"]/div[@class="m-portlet m-portlet--mobile"]/div[@class="m-portlet__head"]/div[@class="m-portlet__head-tools"]/ul[@class="nav nav-pills nav-pills--brand m-nav-pills--align-right m-nav-pills--btn-pill m-nav-pills--btn-sm"]/li[@class="m-portlet__nav-item"]/a[@class="m-portlet__nav-link m-portlet__nav-link--icon"]/i[@class="la la-angle-down"]' not found)

2019-04-26 11:13:34 - [MESSAGE][FAILED] - Unable to click on object 'Object Repository/Page_KiboEngage  Operational Dashbo/i_la la-angle-down' (Root cause: com.kms.katalon.core.webui.exception.WebElementNotFoundException: Web element with id: 'Object Repository/Page_KiboEngage  Operational Dashbo/i_la la-angle-down' located by 'By.xpath: id("content")/div[1]/div[1]/div[@class="m-grid__item m-grid__item--fluid m-grid m-grid--ver-desktop m-grid--desktop m-body"]/div[@class="m-grid__item m-grid__item--fluid m-wrapper"]/div[@class="m-content"]/div[@class="row"]/div[@class="col-xl-12 col-lg-12  col-md-12 col-sm-12 col-xs-12"]/div[@class="m-portlet m-portlet--mobile"]/div[@class="m-portlet__head"]/div[@class="m-portlet__head-tools"]/ul[@class="nav nav-pills nav-pills--brand m-nav-pills--align-right m-nav-pills--btn-pill m-nav-pills--btn-sm"]/li[@class="m-portlet__nav-item"]/a[@class="m-portlet__nav-link m-portlet__nav-link--icon"]/i[@class="la la-angle-down"]' not found)
[[ATTACHMENT|C:\\Users\\cloudkibo\\Desktop\\KiboPush_Automated_Testing\\KiboPush Katalon\\Reports\\operationalDashboard\\20190426_105757\\1556259214438.png]]

2019-04-26 11:13:34 - [MESSAGE][FAILED] - Unable to call Test Case with id 'Test Cases/Operational_Dashboard/167' (Root cause: Call Test Case 'Test Cases/Operational_Dashboard/167' failed)]]></system-out>
         <system-err><![CDATA[2019-04-26 11:12:57 - [TEST_CASE][FAILED] - Test Cases/Operational_Dashboard/174: Test Cases/Operational_Dashboard/174 FAILED because (of) Unable to click on object 'Object Repository/Page_KiboEngage  Operational Dashbo/i_la la-angle-down' (Root cause: com.kms.katalon.core.webui.exception.WebElementNotFoundException: Web element with id: 'Object Repository/Page_KiboEngage  Operational Dashbo/i_la la-angle-down' located by 'By.xpath: id("content")/div[1]/div[1]/div[@class="m-grid__item m-grid__item--fluid m-grid m-grid--ver-desktop m-grid--desktop m-body"]/div[@class="m-grid__item m-grid__item--fluid m-wrapper"]/div[@class="m-content"]/div[@class="row"]/div[@class="col-xl-12 col-lg-12  col-md-12 col-sm-12 col-xs-12"]/div[@class="m-portlet m-portlet--mobile"]/div[@class="m-portlet__head"]/div[@class="m-portlet__head-tools"]/ul[@class="nav nav-pills nav-pills--brand m-nav-pills--align-right m-nav-pills--btn-pill m-nav-pills--btn-sm"]/li[@class="m-portlet__nav-item"]/a[@class="m-portlet__nav-link m-portlet__nav-link--icon"]/i[@class="la la-angle-down"]' not found)]]></system-err>
      </testcase>
      <testcase name="Test Cases/Operational_Dashboard/175" classname="Test Cases/Operational_Dashboard/175" status="FAILED">
         <failure type="FAILED" message="Unable to click on object 'Object Repository/Page_KiboEngage  Operational Dashbo/i_la la-angle-down' (Root cause: com.kms.katalon.core.webui.exception.WebElementNotFoundException: Web element with id: 'Object Repository/Page_KiboEngage  Operational Dashbo/i_la la-angle-down' located by 'By.xpath: id(&quot;content&quot;)/div[1]/div[1]/div[@class=&quot;m-grid__item m-grid__item--fluid m-grid m-grid--ver-desktop m-grid--desktop m-body&quot;]/div[@class=&quot;m-grid__item m-grid__item--fluid m-wrapper&quot;]/div[@class=&quot;m-content&quot;]/div[@class=&quot;row&quot;]/div[@class=&quot;col-xl-12 col-lg-12  col-md-12 col-sm-12 col-xs-12&quot;]/div[@class=&quot;m-portlet m-portlet--mobile&quot;]/div[@class=&quot;m-portlet__head&quot;]/div[@class=&quot;m-portlet__head-tools&quot;]/ul[@class=&quot;nav nav-pills nav-pills--brand m-nav-pills--align-right m-nav-pills--btn-pill m-nav-pills--btn-sm&quot;]/li[@class=&quot;m-portlet__nav-item&quot;]/a[@class=&quot;m-portlet__nav-link m-portlet__nav-link--icon&quot;]/i[@class=&quot;la la-angle-down&quot;]' not found)"/>
         <system-out><![CDATA[2019-04-26 11:13:34 - [TEST_CASE][FAILED] - Test Cases/Operational_Dashboard/175: Test Cases/Operational_Dashboard/175 FAILED because (of) Unable to click on object 'Object Repository/Page_KiboEngage  Operational Dashbo/i_la la-angle-down' (Root cause: com.kms.katalon.core.webui.exception.WebElementNotFoundException: Web element with id: 'Object Repository/Page_KiboEngage  Operational Dashbo/i_la la-angle-down' located by 'By.xpath: id("content")/div[1]/div[1]/div[@class="m-grid__item m-grid__item--fluid m-grid m-grid--ver-desktop m-grid--desktop m-body"]/div[@class="m-grid__item m-grid__item--fluid m-wrapper"]/div[@class="m-content"]/div[@class="row"]/div[@class="col-xl-12 col-lg-12  col-md-12 col-sm-12 col-xs-12"]/div[@class="m-portlet m-portlet--mobile"]/div[@class="m-portlet__head"]/div[@class="m-portlet__head-tools"]/ul[@class="nav nav-pills nav-pills--brand m-nav-pills--align-right m-nav-pills--btn-pill m-nav-pills--btn-sm"]/li[@class="m-portlet__nav-item"]/a[@class="m-portlet__nav-link m-portlet__nav-link--icon"]/i[@class="la la-angle-down"]' not found)

2019-04-26 11:13:35 - [TEST_STEP][FAILED] - callTestCase: Unable to call Test Case with id 'Test Cases/Operational_Dashboard/167' (Root cause: Call Test Case 'Test Cases/Operational_Dashboard/167' failed)

2019-04-26 11:13:35 - [TEST_CASE][FAILED] - Test Cases/Operational_Dashboard/167: Test Cases/Operational_Dashboard/167 FAILED because (of) Unable to click on object 'Object Repository/Page_KiboEngage  Operational Dashbo/i_la la-angle-down' (Root cause: com.kms.katalon.core.webui.exception.WebElementNotFoundException: Web element with id: 'Object Repository/Page_KiboEngage  Operational Dashbo/i_la la-angle-down' located by 'By.xpath: id("content")/div[1]/div[1]/div[@class="m-grid__item m-grid__item--fluid m-grid m-grid--ver-desktop m-grid--desktop m-body"]/div[@class="m-grid__item m-grid__item--fluid m-wrapper"]/div[@class="m-content"]/div[@class="row"]/div[@class="col-xl-12 col-lg-12  col-md-12 col-sm-12 col-xs-12"]/div[@class="m-portlet m-portlet--mobile"]/div[@class="m-portlet__head"]/div[@class="m-portlet__head-tools"]/ul[@class="nav nav-pills nav-pills--brand m-nav-pills--align-right m-nav-pills--btn-pill m-nav-pills--btn-sm"]/li[@class="m-portlet__nav-item"]/a[@class="m-portlet__nav-link m-portlet__nav-link--icon"]/i[@class="la la-angle-down"]' not found)

2019-04-26 11:13:35 - [TEST_STEP][PASSED] - callTestCase: Call Test Case 'Test Cases/Operational_Dashboard/Login' successfully

2019-04-26 11:13:35 - [TEST_CASE][PASSED] - Test Cases/Operational_Dashboard/Login: Test Cases/Operational_Dashboard/Login

2019-04-26 11:13:35 - [TEST_STEP][PASSED] - callTestCase: Call Test Case 'Test Cases/s-sidebar_navigation/individualAccount/operationalDashboard' successfully

2019-04-26 11:13:35 - [TEST_CASE][PASSED] - Test Cases/s-sidebar_navigation/individualAccount/operationalDashboard: Test Cases/s-sidebar_navigation/individualAccount/operationalDashboard

2019-04-26 11:13:35 - [TEST_STEP][PASSED] - click: Object: 'Object Repository/Page_KiboEngage  Subscribers/span_Subscribers' is clicked on

2019-04-26 11:13:35 - [MESSAGE][PASSED] - Object: 'Object Repository/Page_KiboEngage  Subscribers/span_Subscribers' is clicked on

2019-04-26 11:13:35 - [TEST_STEP][PASSED] - click: Object: 'Object Repository/Page_KiboEngage  Subscribers/span_Operational Dashboard (1)' is clicked on

2019-04-26 11:13:36 - [MESSAGE][PASSED] - Object: 'Object Repository/Page_KiboEngage  Subscribers/span_Operational Dashboard (1)' is clicked on

2019-04-26 11:13:36 - [TEST_STEP][PASSED] - scrollToPosition: Browser is scrolled to position x = 0, y = 0

2019-04-26 11:13:36 - [MESSAGE][PASSED] - Browser is scrolled to position x = 0, y = 0

2019-04-26 11:13:36 - [TEST_STEP][PASSED] - click: Object: 'Object Repository/Page_KiboEngage  Operational Dashbo/h3_Pages Info (4)' is clicked on

2019-04-26 11:13:39 - [MESSAGE][PASSED] - Object: 'Object Repository/Page_KiboEngage  Operational Dashbo/h3_Pages Info (4)' is clicked on

2019-04-26 11:13:39 - [MESSAGE][PASSED] - Call Test Case 'Test Cases/s-sidebar_navigation/individualAccount/operationalDashboard' successfully

2019-04-26 11:13:39 - [MESSAGE][PASSED] - Call Test Case 'Test Cases/Operational_Dashboard/Login' successfully

2019-04-26 11:13:39 - [TEST_STEP][FAILED] - click: Unable to click on object 'Object Repository/Page_KiboEngage  Operational Dashbo/i_la la-angle-down' (Root cause: com.kms.katalon.core.webui.exception.WebElementNotFoundException: Web element with id: 'Object Repository/Page_KiboEngage  Operational Dashbo/i_la la-angle-down' located by 'By.xpath: id("content")/div[1]/div[1]/div[@class="m-grid__item m-grid__item--fluid m-grid m-grid--ver-desktop m-grid--desktop m-body"]/div[@class="m-grid__item m-grid__item--fluid m-wrapper"]/div[@class="m-content"]/div[@class="row"]/div[@class="col-xl-12 col-lg-12  col-md-12 col-sm-12 col-xs-12"]/div[@class="m-portlet m-portlet--mobile"]/div[@class="m-portlet__head"]/div[@class="m-portlet__head-tools"]/ul[@class="nav nav-pills nav-pills--brand m-nav-pills--align-right m-nav-pills--btn-pill m-nav-pills--btn-sm"]/li[@class="m-portlet__nav-item"]/a[@class="m-portlet__nav-link m-portlet__nav-link--icon"]/i[@class="la la-angle-down"]' not found)

2019-04-26 11:14:12 - [MESSAGE][FAILED] - Unable to click on object 'Object Repository/Page_KiboEngage  Operational Dashbo/i_la la-angle-down' (Root cause: com.kms.katalon.core.webui.exception.WebElementNotFoundException: Web element with id: 'Object Repository/Page_KiboEngage  Operational Dashbo/i_la la-angle-down' located by 'By.xpath: id("content")/div[1]/div[1]/div[@class="m-grid__item m-grid__item--fluid m-grid m-grid--ver-desktop m-grid--desktop m-body"]/div[@class="m-grid__item m-grid__item--fluid m-wrapper"]/div[@class="m-content"]/div[@class="row"]/div[@class="col-xl-12 col-lg-12  col-md-12 col-sm-12 col-xs-12"]/div[@class="m-portlet m-portlet--mobile"]/div[@class="m-portlet__head"]/div[@class="m-portlet__head-tools"]/ul[@class="nav nav-pills nav-pills--brand m-nav-pills--align-right m-nav-pills--btn-pill m-nav-pills--btn-sm"]/li[@class="m-portlet__nav-item"]/a[@class="m-portlet__nav-link m-portlet__nav-link--icon"]/i[@class="la la-angle-down"]' not found)
[[ATTACHMENT|C:\\Users\\cloudkibo\\Desktop\\KiboPush_Automated_Testing\\KiboPush Katalon\\Reports\\operationalDashboard\\20190426_105757\\1556259251927.png]]

2019-04-26 11:14:12 - [MESSAGE][FAILED] - Unable to call Test Case with id 'Test Cases/Operational_Dashboard/167' (Root cause: Call Test Case 'Test Cases/Operational_Dashboard/167' failed)]]></system-out>
         <system-err><![CDATA[2019-04-26 11:13:34 - [TEST_CASE][FAILED] - Test Cases/Operational_Dashboard/175: Test Cases/Operational_Dashboard/175 FAILED because (of) Unable to click on object 'Object Repository/Page_KiboEngage  Operational Dashbo/i_la la-angle-down' (Root cause: com.kms.katalon.core.webui.exception.WebElementNotFoundException: Web element with id: 'Object Repository/Page_KiboEngage  Operational Dashbo/i_la la-angle-down' located by 'By.xpath: id("content")/div[1]/div[1]/div[@class="m-grid__item m-grid__item--fluid m-grid m-grid--ver-desktop m-grid--desktop m-body"]/div[@class="m-grid__item m-grid__item--fluid m-wrapper"]/div[@class="m-content"]/div[@class="row"]/div[@class="col-xl-12 col-lg-12  col-md-12 col-sm-12 col-xs-12"]/div[@class="m-portlet m-portlet--mobile"]/div[@class="m-portlet__head"]/div[@class="m-portlet__head-tools"]/ul[@class="nav nav-pills nav-pills--brand m-nav-pills--align-right m-nav-pills--btn-pill m-nav-pills--btn-sm"]/li[@class="m-portlet__nav-item"]/a[@class="m-portlet__nav-link m-portlet__nav-link--icon"]/i[@class="la la-angle-down"]' not found)]]></system-err>
      </testcase>
      <testcase name="Test Cases/Operational_Dashboard/176" classname="Test Cases/Operational_Dashboard/176" status="FAILED">
         <failure type="FAILED" message="Unable to click on object 'Object Repository/Page_KiboEngage  Operational Dashbo/i_la la-angle-down' (Root cause: com.kms.katalon.core.webui.exception.WebElementNotFoundException: Web element with id: 'Object Repository/Page_KiboEngage  Operational Dashbo/i_la la-angle-down' located by 'By.xpath: id(&quot;content&quot;)/div[1]/div[1]/div[@class=&quot;m-grid__item m-grid__item--fluid m-grid m-grid--ver-desktop m-grid--desktop m-body&quot;]/div[@class=&quot;m-grid__item m-grid__item--fluid m-wrapper&quot;]/div[@class=&quot;m-content&quot;]/div[@class=&quot;row&quot;]/div[@class=&quot;col-xl-12 col-lg-12  col-md-12 col-sm-12 col-xs-12&quot;]/div[@class=&quot;m-portlet m-portlet--mobile&quot;]/div[@class=&quot;m-portlet__head&quot;]/div[@class=&quot;m-portlet__head-tools&quot;]/ul[@class=&quot;nav nav-pills nav-pills--brand m-nav-pills--align-right m-nav-pills--btn-pill m-nav-pills--btn-sm&quot;]/li[@class=&quot;m-portlet__nav-item&quot;]/a[@class=&quot;m-portlet__nav-link m-portlet__nav-link--icon&quot;]/i[@class=&quot;la la-angle-down&quot;]' not found)"/>
         <system-out><![CDATA[2019-04-26 11:14:12 - [TEST_CASE][FAILED] - Test Cases/Operational_Dashboard/176: Test Cases/Operational_Dashboard/176 FAILED because (of) Unable to click on object 'Object Repository/Page_KiboEngage  Operational Dashbo/i_la la-angle-down' (Root cause: com.kms.katalon.core.webui.exception.WebElementNotFoundException: Web element with id: 'Object Repository/Page_KiboEngage  Operational Dashbo/i_la la-angle-down' located by 'By.xpath: id("content")/div[1]/div[1]/div[@class="m-grid__item m-grid__item--fluid m-grid m-grid--ver-desktop m-grid--desktop m-body"]/div[@class="m-grid__item m-grid__item--fluid m-wrapper"]/div[@class="m-content"]/div[@class="row"]/div[@class="col-xl-12 col-lg-12  col-md-12 col-sm-12 col-xs-12"]/div[@class="m-portlet m-portlet--mobile"]/div[@class="m-portlet__head"]/div[@class="m-portlet__head-tools"]/ul[@class="nav nav-pills nav-pills--brand m-nav-pills--align-right m-nav-pills--btn-pill m-nav-pills--btn-sm"]/li[@class="m-portlet__nav-item"]/a[@class="m-portlet__nav-link m-portlet__nav-link--icon"]/i[@class="la la-angle-down"]' not found)

2019-04-26 11:14:12 - [TEST_STEP][FAILED] - callTestCase: Unable to call Test Case with id 'Test Cases/Operational_Dashboard/167' (Root cause: Call Test Case 'Test Cases/Operational_Dashboard/167' failed)

2019-04-26 11:14:12 - [TEST_CASE][FAILED] - Test Cases/Operational_Dashboard/167: Test Cases/Operational_Dashboard/167 FAILED because (of) Unable to click on object 'Object Repository/Page_KiboEngage  Operational Dashbo/i_la la-angle-down' (Root cause: com.kms.katalon.core.webui.exception.WebElementNotFoundException: Web element with id: 'Object Repository/Page_KiboEngage  Operational Dashbo/i_la la-angle-down' located by 'By.xpath: id("content")/div[1]/div[1]/div[@class="m-grid__item m-grid__item--fluid m-grid m-grid--ver-desktop m-grid--desktop m-body"]/div[@class="m-grid__item m-grid__item--fluid m-wrapper"]/div[@class="m-content"]/div[@class="row"]/div[@class="col-xl-12 col-lg-12  col-md-12 col-sm-12 col-xs-12"]/div[@class="m-portlet m-portlet--mobile"]/div[@class="m-portlet__head"]/div[@class="m-portlet__head-tools"]/ul[@class="nav nav-pills nav-pills--brand m-nav-pills--align-right m-nav-pills--btn-pill m-nav-pills--btn-sm"]/li[@class="m-portlet__nav-item"]/a[@class="m-portlet__nav-link m-portlet__nav-link--icon"]/i[@class="la la-angle-down"]' not found)

2019-04-26 11:14:12 - [TEST_STEP][PASSED] - callTestCase: Call Test Case 'Test Cases/Operational_Dashboard/Login' successfully

2019-04-26 11:14:12 - [TEST_CASE][PASSED] - Test Cases/Operational_Dashboard/Login: Test Cases/Operational_Dashboard/Login

2019-04-26 11:14:12 - [TEST_STEP][PASSED] - callTestCase: Call Test Case 'Test Cases/s-sidebar_navigation/individualAccount/operationalDashboard' successfully

2019-04-26 11:14:12 - [TEST_CASE][PASSED] - Test Cases/s-sidebar_navigation/individualAccount/operationalDashboard: Test Cases/s-sidebar_navigation/individualAccount/operationalDashboard

2019-04-26 11:14:12 - [TEST_STEP][PASSED] - click: Object: 'Object Repository/Page_KiboEngage  Subscribers/span_Subscribers' is clicked on

2019-04-26 11:14:13 - [MESSAGE][PASSED] - Object: 'Object Repository/Page_KiboEngage  Subscribers/span_Subscribers' is clicked on

2019-04-26 11:14:13 - [TEST_STEP][PASSED] - click: Object: 'Object Repository/Page_KiboEngage  Subscribers/span_Operational Dashboard (1)' is clicked on

2019-04-26 11:14:13 - [MESSAGE][PASSED] - Object: 'Object Repository/Page_KiboEngage  Subscribers/span_Operational Dashboard (1)' is clicked on

2019-04-26 11:14:13 - [TEST_STEP][PASSED] - scrollToPosition: Browser is scrolled to position x = 0, y = 0

2019-04-26 11:14:13 - [MESSAGE][PASSED] - Browser is scrolled to position x = 0, y = 0

2019-04-26 11:14:13 - [TEST_STEP][PASSED] - click: Object: 'Object Repository/Page_KiboEngage  Operational Dashbo/h3_Pages Info (4)' is clicked on

2019-04-26 11:14:16 - [MESSAGE][PASSED] - Object: 'Object Repository/Page_KiboEngage  Operational Dashbo/h3_Pages Info (4)' is clicked on

2019-04-26 11:14:16 - [MESSAGE][PASSED] - Call Test Case 'Test Cases/s-sidebar_navigation/individualAccount/operationalDashboard' successfully

2019-04-26 11:14:16 - [MESSAGE][PASSED] - Call Test Case 'Test Cases/Operational_Dashboard/Login' successfully

2019-04-26 11:14:16 - [TEST_STEP][FAILED] - click: Unable to click on object 'Object Repository/Page_KiboEngage  Operational Dashbo/i_la la-angle-down' (Root cause: com.kms.katalon.core.webui.exception.WebElementNotFoundException: Web element with id: 'Object Repository/Page_KiboEngage  Operational Dashbo/i_la la-angle-down' located by 'By.xpath: id("content")/div[1]/div[1]/div[@class="m-grid__item m-grid__item--fluid m-grid m-grid--ver-desktop m-grid--desktop m-body"]/div[@class="m-grid__item m-grid__item--fluid m-wrapper"]/div[@class="m-content"]/div[@class="row"]/div[@class="col-xl-12 col-lg-12  col-md-12 col-sm-12 col-xs-12"]/div[@class="m-portlet m-portlet--mobile"]/div[@class="m-portlet__head"]/div[@class="m-portlet__head-tools"]/ul[@class="nav nav-pills nav-pills--brand m-nav-pills--align-right m-nav-pills--btn-pill m-nav-pills--btn-sm"]/li[@class="m-portlet__nav-item"]/a[@class="m-portlet__nav-link m-portlet__nav-link--icon"]/i[@class="la la-angle-down"]' not found)

2019-04-26 11:14:49 - [MESSAGE][FAILED] - Unable to click on object 'Object Repository/Page_KiboEngage  Operational Dashbo/i_la la-angle-down' (Root cause: com.kms.katalon.core.webui.exception.WebElementNotFoundException: Web element with id: 'Object Repository/Page_KiboEngage  Operational Dashbo/i_la la-angle-down' located by 'By.xpath: id("content")/div[1]/div[1]/div[@class="m-grid__item m-grid__item--fluid m-grid m-grid--ver-desktop m-grid--desktop m-body"]/div[@class="m-grid__item m-grid__item--fluid m-wrapper"]/div[@class="m-content"]/div[@class="row"]/div[@class="col-xl-12 col-lg-12  col-md-12 col-sm-12 col-xs-12"]/div[@class="m-portlet m-portlet--mobile"]/div[@class="m-portlet__head"]/div[@class="m-portlet__head-tools"]/ul[@class="nav nav-pills nav-pills--brand m-nav-pills--align-right m-nav-pills--btn-pill m-nav-pills--btn-sm"]/li[@class="m-portlet__nav-item"]/a[@class="m-portlet__nav-link m-portlet__nav-link--icon"]/i[@class="la la-angle-down"]' not found)
[[ATTACHMENT|C:\\Users\\cloudkibo\\Desktop\\KiboPush_Automated_Testing\\KiboPush Katalon\\Reports\\operationalDashboard\\20190426_105757\\1556259288666.png]]

2019-04-26 11:14:49 - [MESSAGE][FAILED] - Unable to call Test Case with id 'Test Cases/Operational_Dashboard/167' (Root cause: Call Test Case 'Test Cases/Operational_Dashboard/167' failed)]]></system-out>
         <system-err><![CDATA[2019-04-26 11:14:12 - [TEST_CASE][FAILED] - Test Cases/Operational_Dashboard/176: Test Cases/Operational_Dashboard/176 FAILED because (of) Unable to click on object 'Object Repository/Page_KiboEngage  Operational Dashbo/i_la la-angle-down' (Root cause: com.kms.katalon.core.webui.exception.WebElementNotFoundException: Web element with id: 'Object Repository/Page_KiboEngage  Operational Dashbo/i_la la-angle-down' located by 'By.xpath: id("content")/div[1]/div[1]/div[@class="m-grid__item m-grid__item--fluid m-grid m-grid--ver-desktop m-grid--desktop m-body"]/div[@class="m-grid__item m-grid__item--fluid m-wrapper"]/div[@class="m-content"]/div[@class="row"]/div[@class="col-xl-12 col-lg-12  col-md-12 col-sm-12 col-xs-12"]/div[@class="m-portlet m-portlet--mobile"]/div[@class="m-portlet__head"]/div[@class="m-portlet__head-tools"]/ul[@class="nav nav-pills nav-pills--brand m-nav-pills--align-right m-nav-pills--btn-pill m-nav-pills--btn-sm"]/li[@class="m-portlet__nav-item"]/a[@class="m-portlet__nav-link m-portlet__nav-link--icon"]/i[@class="la la-angle-down"]' not found)]]></system-err>
      </testcase>
      <testcase name="Test Cases/Operational_Dashboard/177" classname="Test Cases/Operational_Dashboard/177" status="ERROR">
         <error type="ERROR" message="Test Cases/Operational_Dashboard/177 FAILED because (of) org.openqa.selenium.NoSuchElementException: no such element: Unable to locate element: {&quot;method&quot;:&quot;xpath&quot;,&quot;selector&quot;:&quot;//*[@id=&quot;content&quot;]/div/div/div/div[2]/div[3]/div[6]/div/div/div/div[2]/ul/li[3]&quot;}
  (Session info: chrome=73.0.3683.103)
  (Driver info: chromedriver=2.35.528161 (5b82f2d2aae0ca24b877009200ced9065a772e73),platform=Windows NT 10.0.17134 x86_64) (WARNING: The server did not provide any stacktrace information)
Command duration or timeout: 0 milliseconds
For documentation on this error, please visit: http://seleniumhq.org/exceptions/no_such_element.html
Build info: version: '3.7.1', revision: '8a0099a', time: '2017-11-06T21:07:36.161Z'
System info: host: 'DESKTOP-4M6R1V0', ip: '10.0.2.15', os.name: 'Windows 10', os.arch: 'amd64', os.version: '10.0', java.version: '1.8.0_181'
Driver info: com.kms.katalon.selenium.driver.CChromeDriver
Capabilities {acceptInsecureCerts: false, acceptSslCerts: false, applicationCacheEnabled: false, browserConnectionEnabled: false, browserName: chrome, chrome: {chromedriverVersion: 2.35.528161 (5b82f2d2aae0ca..., userDataDir: C:\Users\CLOUDK~1\AppData\L...}, cssSelectorsEnabled: true, databaseEnabled: false, handlesAlerts: true, hasTouchScreen: false, javascriptEnabled: true, locationContextEnabled: true, mobileEmulationEnabled: false, nativeEvents: true, networkConnectionEnabled: false, pageLoadStrategy: normal, platform: XP, platformName: XP, rotatable: false, setWindowRect: true, takesHeapSnapshot: true, takesScreenshot: true, unexpectedAlertBehaviour: , unhandledPromptBehavior: , version: 73.0.3683.103, webStorageEnabled: true}
Session ID: e30c37e72384922c98aa97af135c90bb
*** Element info: {Using=xpath, value=//*[@id=&quot;content&quot;]/div/div/div/div[2]/div[3]/div[6]/div/div/div/div[2]/ul/li[3]}"/>
         <system-out><![CDATA[2019-04-26 11:14:49 - [TEST_CASE][ERROR] - Test Cases/Operational_Dashboard/177: Test Cases/Operational_Dashboard/177 FAILED because (of) org.openqa.selenium.NoSuchElementException: no such element: Unable to locate element: {"method":"xpath","selector":"//*[@id="content"]/div/div/div/div[2]/div[3]/div[6]/div/div/div/div[2]/ul/li[3]"}
  (Session info: chrome=73.0.3683.103)
  (Driver info: chromedriver=2.35.528161 (5b82f2d2aae0ca24b877009200ced9065a772e73),platform=Windows NT 10.0.17134 x86_64) (WARNING: The server did not provide any stacktrace information)
Command duration or timeout: 0 milliseconds
For documentation on this error, please visit: http://seleniumhq.org/exceptions/no_such_element.html
Build info: version: '3.7.1', revision: '8a0099a', time: '2017-11-06T21:07:36.161Z'
System info: host: 'DESKTOP-4M6R1V0', ip: '10.0.2.15', os.name: 'Windows 10', os.arch: 'amd64', os.version: '10.0', java.version: '1.8.0_181'
Driver info: com.kms.katalon.selenium.driver.CChromeDriver
Capabilities {acceptInsecureCerts: false, acceptSslCerts: false, applicationCacheEnabled: false, browserConnectionEnabled: false, browserName: chrome, chrome: {chromedriverVersion: 2.35.528161 (5b82f2d2aae0ca..., userDataDir: C:\Users\CLOUDK~1\AppData\L...}, cssSelectorsEnabled: true, databaseEnabled: false, handlesAlerts: true, hasTouchScreen: false, javascriptEnabled: true, locationContextEnabled: true, mobileEmulationEnabled: false, nativeEvents: true, networkConnectionEnabled: false, pageLoadStrategy: normal, platform: XP, platformName: XP, rotatable: false, setWindowRect: true, takesHeapSnapshot: true, takesScreenshot: true, unexpectedAlertBehaviour: , unhandledPromptBehavior: , version: 73.0.3683.103, webStorageEnabled: true}
Session ID: e30c37e72384922c98aa97af135c90bb
*** Element info: {Using=xpath, value=//*[@id="content"]/div/div/div/div[2]/div[3]/div[6]/div/div/div/div[2]/ul/li[3]}

2019-04-26 11:14:49 - [TEST_STEP][PASSED] - callTestCase: Call Test Case 'Test Cases/Operational_Dashboard/Login' successfully

2019-04-26 11:14:49 - [TEST_CASE][PASSED] - Test Cases/Operational_Dashboard/Login: Test Cases/Operational_Dashboard/Login

2019-04-26 11:14:49 - [TEST_STEP][PASSED] - callTestCase: Call Test Case 'Test Cases/s-sidebar_navigation/individualAccount/operationalDashboard' successfully

2019-04-26 11:14:49 - [TEST_CASE][PASSED] - Test Cases/s-sidebar_navigation/individualAccount/operationalDashboard: Test Cases/s-sidebar_navigation/individualAccount/operationalDashboard

2019-04-26 11:14:49 - [TEST_STEP][PASSED] - click: Object: 'Object Repository/Page_KiboEngage  Subscribers/span_Subscribers' is clicked on

2019-04-26 11:14:50 - [MESSAGE][PASSED] - Object: 'Object Repository/Page_KiboEngage  Subscribers/span_Subscribers' is clicked on

2019-04-26 11:14:50 - [TEST_STEP][PASSED] - click: Object: 'Object Repository/Page_KiboEngage  Subscribers/span_Operational Dashboard (1)' is clicked on

2019-04-26 11:14:50 - [MESSAGE][PASSED] - Object: 'Object Repository/Page_KiboEngage  Subscribers/span_Operational Dashboard (1)' is clicked on

2019-04-26 11:14:50 - [TEST_STEP][PASSED] - scrollToPosition: Browser is scrolled to position x = 0, y = 0

2019-04-26 11:14:51 - [MESSAGE][PASSED] - Browser is scrolled to position x = 0, y = 0

2019-04-26 11:14:51 - [TEST_STEP][PASSED] - click: Object: 'Object Repository/Page_KiboEngage  Operational Dashbo/h3_Pages Info (4)' is clicked on

2019-04-26 11:14:52 - [MESSAGE][PASSED] - Object: 'Object Repository/Page_KiboEngage  Operational Dashbo/h3_Pages Info (4)' is clicked on

2019-04-26 11:14:52 - [MESSAGE][PASSED] - Call Test Case 'Test Cases/s-sidebar_navigation/individualAccount/operationalDashboard' successfully

2019-04-26 11:14:52 - [MESSAGE][PASSED] - Call Test Case 'Test Cases/Operational_Dashboard/Login' successfully

2019-04-26 11:14:52 - [TEST_STEP][PASSED] - Statement - driver = com.kms.katalon.core.webui.driver.DriverFactory.getWebDriver(): null

2019-04-26 11:14:52 - [TEST_STEP][PASSED] - Statement - popup_survey = driver.findElement(org.openqa.selenium.By.xpath("//*[@id="content"]/div/div/div/div[2]/div[3]/div[6]/div/div/div/div[2]/ul/li[3]")): null]]></system-out>
         <system-err><![CDATA[2019-04-26 11:14:49 - [TEST_CASE][ERROR] - Test Cases/Operational_Dashboard/177: Test Cases/Operational_Dashboard/177 FAILED because (of) org.openqa.selenium.NoSuchElementException: no such element: Unable to locate element: {"method":"xpath","selector":"//*[@id="content"]/div/div/div/div[2]/div[3]/div[6]/div/div/div/div[2]/ul/li[3]"}
  (Session info: chrome=73.0.3683.103)
  (Driver info: chromedriver=2.35.528161 (5b82f2d2aae0ca24b877009200ced9065a772e73),platform=Windows NT 10.0.17134 x86_64) (WARNING: The server did not provide any stacktrace information)
Command duration or timeout: 0 milliseconds
For documentation on this error, please visit: http://seleniumhq.org/exceptions/no_such_element.html
Build info: version: '3.7.1', revision: '8a0099a', time: '2017-11-06T21:07:36.161Z'
System info: host: 'DESKTOP-4M6R1V0', ip: '10.0.2.15', os.name: 'Windows 10', os.arch: 'amd64', os.version: '10.0', java.version: '1.8.0_181'
Driver info: com.kms.katalon.selenium.driver.CChromeDriver
Capabilities {acceptInsecureCerts: false, acceptSslCerts: false, applicationCacheEnabled: false, browserConnectionEnabled: false, browserName: chrome, chrome: {chromedriverVersion: 2.35.528161 (5b82f2d2aae0ca..., userDataDir: C:\Users\CLOUDK~1\AppData\L...}, cssSelectorsEnabled: true, databaseEnabled: false, handlesAlerts: true, hasTouchScreen: false, javascriptEnabled: true, locationContextEnabled: true, mobileEmulationEnabled: false, nativeEvents: true, networkConnectionEnabled: false, pageLoadStrategy: normal, platform: XP, platformName: XP, rotatable: false, setWindowRect: true, takesHeapSnapshot: true, takesScreenshot: true, unexpectedAlertBehaviour: , unhandledPromptBehavior: , version: 73.0.3683.103, webStorageEnabled: true}
Session ID: e30c37e72384922c98aa97af135c90bb
*** Element info: {Using=xpath, value=//*[@id="content"]/div/div/div/div[2]/div[3]/div[6]/div/div/div/div[2]/ul/li[3]}]]></system-err>
      </testcase>
      <testcase name="Test Cases/Operational_Dashboard/178" classname="Test Cases/Operational_Dashboard/178" status="ERROR">
         <error type="ERROR" message="Test Cases/Operational_Dashboard/178 FAILED because (of) org.openqa.selenium.NoSuchElementException: no such element: Unable to locate element: {&quot;method&quot;:&quot;xpath&quot;,&quot;selector&quot;:&quot;//*[@id=&quot;content&quot;]/div/div/div/div[2]/div[3]/div[6]/div/div/div/div[2]/ul/li[3]&quot;}
  (Session info: chrome=73.0.3683.103)
  (Driver info: chromedriver=2.35.528161 (5b82f2d2aae0ca24b877009200ced9065a772e73),platform=Windows NT 10.0.17134 x86_64) (WARNING: The server did not provide any stacktrace information)
Command duration or timeout: 0 milliseconds
For documentation on this error, please visit: http://seleniumhq.org/exceptions/no_such_element.html
Build info: version: '3.7.1', revision: '8a0099a', time: '2017-11-06T21:07:36.161Z'
System info: host: 'DESKTOP-4M6R1V0', ip: '10.0.2.15', os.name: 'Windows 10', os.arch: 'amd64', os.version: '10.0', java.version: '1.8.0_181'
Driver info: com.kms.katalon.selenium.driver.CChromeDriver
Capabilities {acceptInsecureCerts: false, acceptSslCerts: false, applicationCacheEnabled: false, browserConnectionEnabled: false, browserName: chrome, chrome: {chromedriverVersion: 2.35.528161 (5b82f2d2aae0ca..., userDataDir: C:\Users\CLOUDK~1\AppData\L...}, cssSelectorsEnabled: true, databaseEnabled: false, handlesAlerts: true, hasTouchScreen: false, javascriptEnabled: true, locationContextEnabled: true, mobileEmulationEnabled: false, nativeEvents: true, networkConnectionEnabled: false, pageLoadStrategy: normal, platform: XP, platformName: XP, rotatable: false, setWindowRect: true, takesHeapSnapshot: true, takesScreenshot: true, unexpectedAlertBehaviour: , unhandledPromptBehavior: , version: 73.0.3683.103, webStorageEnabled: true}
Session ID: e30c37e72384922c98aa97af135c90bb
*** Element info: {Using=xpath, value=//*[@id=&quot;content&quot;]/div/div/div/div[2]/div[3]/div[6]/div/div/div/div[2]/ul/li[3]}"/>
         <system-out><![CDATA[2019-04-26 11:14:53 - [TEST_CASE][ERROR] - Test Cases/Operational_Dashboard/178: Test Cases/Operational_Dashboard/178 FAILED because (of) org.openqa.selenium.NoSuchElementException: no such element: Unable to locate element: {"method":"xpath","selector":"//*[@id="content"]/div/div/div/div[2]/div[3]/div[6]/div/div/div/div[2]/ul/li[3]"}
  (Session info: chrome=73.0.3683.103)
  (Driver info: chromedriver=2.35.528161 (5b82f2d2aae0ca24b877009200ced9065a772e73),platform=Windows NT 10.0.17134 x86_64) (WARNING: The server did not provide any stacktrace information)
Command duration or timeout: 0 milliseconds
For documentation on this error, please visit: http://seleniumhq.org/exceptions/no_such_element.html
Build info: version: '3.7.1', revision: '8a0099a', time: '2017-11-06T21:07:36.161Z'
System info: host: 'DESKTOP-4M6R1V0', ip: '10.0.2.15', os.name: 'Windows 10', os.arch: 'amd64', os.version: '10.0', java.version: '1.8.0_181'
Driver info: com.kms.katalon.selenium.driver.CChromeDriver
Capabilities {acceptInsecureCerts: false, acceptSslCerts: false, applicationCacheEnabled: false, browserConnectionEnabled: false, browserName: chrome, chrome: {chromedriverVersion: 2.35.528161 (5b82f2d2aae0ca..., userDataDir: C:\Users\CLOUDK~1\AppData\L...}, cssSelectorsEnabled: true, databaseEnabled: false, handlesAlerts: true, hasTouchScreen: false, javascriptEnabled: true, locationContextEnabled: true, mobileEmulationEnabled: false, nativeEvents: true, networkConnectionEnabled: false, pageLoadStrategy: normal, platform: XP, platformName: XP, rotatable: false, setWindowRect: true, takesHeapSnapshot: true, takesScreenshot: true, unexpectedAlertBehaviour: , unhandledPromptBehavior: , version: 73.0.3683.103, webStorageEnabled: true}
Session ID: e30c37e72384922c98aa97af135c90bb
*** Element info: {Using=xpath, value=//*[@id="content"]/div/div/div/div[2]/div[3]/div[6]/div/div/div/div[2]/ul/li[3]}

2019-04-26 11:14:53 - [TEST_STEP][FAILED] - callTestCase: Unable to call Test Case with id 'Test Cases/Operational_Dashboard/177' (Root cause: Call Test Case 'Test Cases/Operational_Dashboard/177' failed because of error(s))

2019-04-26 11:14:53 - [TEST_CASE][ERROR] - Test Cases/Operational_Dashboard/177: Test Cases/Operational_Dashboard/177 FAILED because (of) org.openqa.selenium.NoSuchElementException: no such element: Unable to locate element: {"method":"xpath","selector":"//*[@id="content"]/div/div/div/div[2]/div[3]/div[6]/div/div/div/div[2]/ul/li[3]"}
  (Session info: chrome=73.0.3683.103)
  (Driver info: chromedriver=2.35.528161 (5b82f2d2aae0ca24b877009200ced9065a772e73),platform=Windows NT 10.0.17134 x86_64) (WARNING: The server did not provide any stacktrace information)
Command duration or timeout: 0 milliseconds
For documentation on this error, please visit: http://seleniumhq.org/exceptions/no_such_element.html
Build info: version: '3.7.1', revision: '8a0099a', time: '2017-11-06T21:07:36.161Z'
System info: host: 'DESKTOP-4M6R1V0', ip: '10.0.2.15', os.name: 'Windows 10', os.arch: 'amd64', os.version: '10.0', java.version: '1.8.0_181'
Driver info: com.kms.katalon.selenium.driver.CChromeDriver
Capabilities {acceptInsecureCerts: false, acceptSslCerts: false, applicationCacheEnabled: false, browserConnectionEnabled: false, browserName: chrome, chrome: {chromedriverVersion: 2.35.528161 (5b82f2d2aae0ca..., userDataDir: C:\Users\CLOUDK~1\AppData\L...}, cssSelectorsEnabled: true, databaseEnabled: false, handlesAlerts: true, hasTouchScreen: false, javascriptEnabled: true, locationContextEnabled: true, mobileEmulationEnabled: false, nativeEvents: true, networkConnectionEnabled: false, pageLoadStrategy: normal, platform: XP, platformName: XP, rotatable: false, setWindowRect: true, takesHeapSnapshot: true, takesScreenshot: true, unexpectedAlertBehaviour: , unhandledPromptBehavior: , version: 73.0.3683.103, webStorageEnabled: true}
Session ID: e30c37e72384922c98aa97af135c90bb
*** Element info: {Using=xpath, value=//*[@id="content"]/div/div/div/div[2]/div[3]/div[6]/div/div/div/div[2]/ul/li[3]}

2019-04-26 11:14:53 - [TEST_STEP][PASSED] - callTestCase: Call Test Case 'Test Cases/Operational_Dashboard/Login' successfully

2019-04-26 11:14:53 - [TEST_CASE][PASSED] - Test Cases/Operational_Dashboard/Login: Test Cases/Operational_Dashboard/Login

2019-04-26 11:14:53 - [TEST_STEP][PASSED] - callTestCase: Call Test Case 'Test Cases/s-sidebar_navigation/individualAccount/operationalDashboard' successfully

2019-04-26 11:14:53 - [TEST_CASE][PASSED] - Test Cases/s-sidebar_navigation/individualAccount/operationalDashboard: Test Cases/s-sidebar_navigation/individualAccount/operationalDashboard

2019-04-26 11:14:53 - [TEST_STEP][PASSED] - click: Object: 'Object Repository/Page_KiboEngage  Subscribers/span_Subscribers' is clicked on

2019-04-26 11:14:54 - [MESSAGE][PASSED] - Object: 'Object Repository/Page_KiboEngage  Subscribers/span_Subscribers' is clicked on

2019-04-26 11:14:54 - [TEST_STEP][PASSED] - click: Object: 'Object Repository/Page_KiboEngage  Subscribers/span_Operational Dashboard (1)' is clicked on

2019-04-26 11:14:55 - [MESSAGE][PASSED] - Object: 'Object Repository/Page_KiboEngage  Subscribers/span_Operational Dashboard (1)' is clicked on

2019-04-26 11:14:55 - [TEST_STEP][PASSED] - scrollToPosition: Browser is scrolled to position x = 0, y = 0

2019-04-26 11:14:55 - [MESSAGE][PASSED] - Browser is scrolled to position x = 0, y = 0

2019-04-26 11:14:55 - [TEST_STEP][PASSED] - click: Object: 'Object Repository/Page_KiboEngage  Operational Dashbo/h3_Pages Info (4)' is clicked on

2019-04-26 11:14:55 - [MESSAGE][PASSED] - Object: 'Object Repository/Page_KiboEngage  Operational Dashbo/h3_Pages Info (4)' is clicked on

2019-04-26 11:14:55 - [MESSAGE][PASSED] - Call Test Case 'Test Cases/s-sidebar_navigation/individualAccount/operationalDashboard' successfully

2019-04-26 11:14:55 - [MESSAGE][PASSED] - Call Test Case 'Test Cases/Operational_Dashboard/Login' successfully

2019-04-26 11:14:55 - [TEST_STEP][PASSED] - Statement - driver = com.kms.katalon.core.webui.driver.DriverFactory.getWebDriver(): null

2019-04-26 11:14:55 - [TEST_STEP][PASSED] - Statement - popup_survey = driver.findElement(org.openqa.selenium.By.xpath("//*[@id="content"]/div/div/div/div[2]/div[3]/div[6]/div/div/div/div[2]/ul/li[3]")): null

2019-04-26 11:14:56 - [MESSAGE][FAILED] - Unable to call Test Case with id 'Test Cases/Operational_Dashboard/177' (Root cause: Call Test Case 'Test Cases/Operational_Dashboard/177' failed because of error(s))]]></system-out>
         <system-err><![CDATA[2019-04-26 11:14:53 - [TEST_CASE][ERROR] - Test Cases/Operational_Dashboard/178: Test Cases/Operational_Dashboard/178 FAILED because (of) org.openqa.selenium.NoSuchElementException: no such element: Unable to locate element: {"method":"xpath","selector":"//*[@id="content"]/div/div/div/div[2]/div[3]/div[6]/div/div/div/div[2]/ul/li[3]"}
  (Session info: chrome=73.0.3683.103)
  (Driver info: chromedriver=2.35.528161 (5b82f2d2aae0ca24b877009200ced9065a772e73),platform=Windows NT 10.0.17134 x86_64) (WARNING: The server did not provide any stacktrace information)
Command duration or timeout: 0 milliseconds
For documentation on this error, please visit: http://seleniumhq.org/exceptions/no_such_element.html
Build info: version: '3.7.1', revision: '8a0099a', time: '2017-11-06T21:07:36.161Z'
System info: host: 'DESKTOP-4M6R1V0', ip: '10.0.2.15', os.name: 'Windows 10', os.arch: 'amd64', os.version: '10.0', java.version: '1.8.0_181'
Driver info: com.kms.katalon.selenium.driver.CChromeDriver
Capabilities {acceptInsecureCerts: false, acceptSslCerts: false, applicationCacheEnabled: false, browserConnectionEnabled: false, browserName: chrome, chrome: {chromedriverVersion: 2.35.528161 (5b82f2d2aae0ca..., userDataDir: C:\Users\CLOUDK~1\AppData\L...}, cssSelectorsEnabled: true, databaseEnabled: false, handlesAlerts: true, hasTouchScreen: false, javascriptEnabled: true, locationContextEnabled: true, mobileEmulationEnabled: false, nativeEvents: true, networkConnectionEnabled: false, pageLoadStrategy: normal, platform: XP, platformName: XP, rotatable: false, setWindowRect: true, takesHeapSnapshot: true, takesScreenshot: true, unexpectedAlertBehaviour: , unhandledPromptBehavior: , version: 73.0.3683.103, webStorageEnabled: true}
Session ID: e30c37e72384922c98aa97af135c90bb
*** Element info: {Using=xpath, value=//*[@id="content"]/div/div/div/div[2]/div[3]/div[6]/div/div/div/div[2]/ul/li[3]}]]></system-err>
      </testcase>
      <testcase name="Test Cases/Operational_Dashboard/179" classname="Test Cases/Operational_Dashboard/179" status="ERROR">
         <error type="ERROR" message="Test Cases/Operational_Dashboard/179 FAILED because (of) org.openqa.selenium.NoSuchElementException: no such element: Unable to locate element: {&quot;method&quot;:&quot;xpath&quot;,&quot;selector&quot;:&quot;//*[@id=&quot;content&quot;]/div/div/div/div[2]/div[3]/div[6]/div/div/div/div[2]/ul/li[3]&quot;}
  (Session info: chrome=73.0.3683.103)
  (Driver info: chromedriver=2.35.528161 (5b82f2d2aae0ca24b877009200ced9065a772e73),platform=Windows NT 10.0.17134 x86_64) (WARNING: The server did not provide any stacktrace information)
Command duration or timeout: 0 milliseconds
For documentation on this error, please visit: http://seleniumhq.org/exceptions/no_such_element.html
Build info: version: '3.7.1', revision: '8a0099a', time: '2017-11-06T21:07:36.161Z'
System info: host: 'DESKTOP-4M6R1V0', ip: '10.0.2.15', os.name: 'Windows 10', os.arch: 'amd64', os.version: '10.0', java.version: '1.8.0_181'
Driver info: com.kms.katalon.selenium.driver.CChromeDriver
Capabilities {acceptInsecureCerts: false, acceptSslCerts: false, applicationCacheEnabled: false, browserConnectionEnabled: false, browserName: chrome, chrome: {chromedriverVersion: 2.35.528161 (5b82f2d2aae0ca..., userDataDir: C:\Users\CLOUDK~1\AppData\L...}, cssSelectorsEnabled: true, databaseEnabled: false, handlesAlerts: true, hasTouchScreen: false, javascriptEnabled: true, locationContextEnabled: true, mobileEmulationEnabled: false, nativeEvents: true, networkConnectionEnabled: false, pageLoadStrategy: normal, platform: XP, platformName: XP, rotatable: false, setWindowRect: true, takesHeapSnapshot: true, takesScreenshot: true, unexpectedAlertBehaviour: , unhandledPromptBehavior: , version: 73.0.3683.103, webStorageEnabled: true}
Session ID: e30c37e72384922c98aa97af135c90bb
*** Element info: {Using=xpath, value=//*[@id=&quot;content&quot;]/div/div/div/div[2]/div[3]/div[6]/div/div/div/div[2]/ul/li[3]}"/>
         <system-out><![CDATA[2019-04-26 11:14:56 - [TEST_CASE][ERROR] - Test Cases/Operational_Dashboard/179: Test Cases/Operational_Dashboard/179 FAILED because (of) org.openqa.selenium.NoSuchElementException: no such element: Unable to locate element: {"method":"xpath","selector":"//*[@id="content"]/div/div/div/div[2]/div[3]/div[6]/div/div/div/div[2]/ul/li[3]"}
  (Session info: chrome=73.0.3683.103)
  (Driver info: chromedriver=2.35.528161 (5b82f2d2aae0ca24b877009200ced9065a772e73),platform=Windows NT 10.0.17134 x86_64) (WARNING: The server did not provide any stacktrace information)
Command duration or timeout: 0 milliseconds
For documentation on this error, please visit: http://seleniumhq.org/exceptions/no_such_element.html
Build info: version: '3.7.1', revision: '8a0099a', time: '2017-11-06T21:07:36.161Z'
System info: host: 'DESKTOP-4M6R1V0', ip: '10.0.2.15', os.name: 'Windows 10', os.arch: 'amd64', os.version: '10.0', java.version: '1.8.0_181'
Driver info: com.kms.katalon.selenium.driver.CChromeDriver
Capabilities {acceptInsecureCerts: false, acceptSslCerts: false, applicationCacheEnabled: false, browserConnectionEnabled: false, browserName: chrome, chrome: {chromedriverVersion: 2.35.528161 (5b82f2d2aae0ca..., userDataDir: C:\Users\CLOUDK~1\AppData\L...}, cssSelectorsEnabled: true, databaseEnabled: false, handlesAlerts: true, hasTouchScreen: false, javascriptEnabled: true, locationContextEnabled: true, mobileEmulationEnabled: false, nativeEvents: true, networkConnectionEnabled: false, pageLoadStrategy: normal, platform: XP, platformName: XP, rotatable: false, setWindowRect: true, takesHeapSnapshot: true, takesScreenshot: true, unexpectedAlertBehaviour: , unhandledPromptBehavior: , version: 73.0.3683.103, webStorageEnabled: true}
Session ID: e30c37e72384922c98aa97af135c90bb
*** Element info: {Using=xpath, value=//*[@id="content"]/div/div/div/div[2]/div[3]/div[6]/div/div/div/div[2]/ul/li[3]}

2019-04-26 11:14:57 - [TEST_STEP][FAILED] - callTestCase: Unable to call Test Case with id 'Test Cases/Operational_Dashboard/178' (Root cause: Call Test Case 'Test Cases/Operational_Dashboard/178' failed because of error(s))

2019-04-26 11:14:57 - [TEST_CASE][ERROR] - Test Cases/Operational_Dashboard/178: Test Cases/Operational_Dashboard/178 FAILED because (of) org.openqa.selenium.NoSuchElementException: no such element: Unable to locate element: {"method":"xpath","selector":"//*[@id="content"]/div/div/div/div[2]/div[3]/div[6]/div/div/div/div[2]/ul/li[3]"}
  (Session info: chrome=73.0.3683.103)
  (Driver info: chromedriver=2.35.528161 (5b82f2d2aae0ca24b877009200ced9065a772e73),platform=Windows NT 10.0.17134 x86_64) (WARNING: The server did not provide any stacktrace information)
Command duration or timeout: 0 milliseconds
For documentation on this error, please visit: http://seleniumhq.org/exceptions/no_such_element.html
Build info: version: '3.7.1', revision: '8a0099a', time: '2017-11-06T21:07:36.161Z'
System info: host: 'DESKTOP-4M6R1V0', ip: '10.0.2.15', os.name: 'Windows 10', os.arch: 'amd64', os.version: '10.0', java.version: '1.8.0_181'
Driver info: com.kms.katalon.selenium.driver.CChromeDriver
Capabilities {acceptInsecureCerts: false, acceptSslCerts: false, applicationCacheEnabled: false, browserConnectionEnabled: false, browserName: chrome, chrome: {chromedriverVersion: 2.35.528161 (5b82f2d2aae0ca..., userDataDir: C:\Users\CLOUDK~1\AppData\L...}, cssSelectorsEnabled: true, databaseEnabled: false, handlesAlerts: true, hasTouchScreen: false, javascriptEnabled: true, locationContextEnabled: true, mobileEmulationEnabled: false, nativeEvents: true, networkConnectionEnabled: false, pageLoadStrategy: normal, platform: XP, platformName: XP, rotatable: false, setWindowRect: true, takesHeapSnapshot: true, takesScreenshot: true, unexpectedAlertBehaviour: , unhandledPromptBehavior: , version: 73.0.3683.103, webStorageEnabled: true}
Session ID: e30c37e72384922c98aa97af135c90bb
*** Element info: {Using=xpath, value=//*[@id="content"]/div/div/div/div[2]/div[3]/div[6]/div/div/div/div[2]/ul/li[3]}

2019-04-26 11:14:57 - [TEST_STEP][FAILED] - callTestCase: Unable to call Test Case with id 'Test Cases/Operational_Dashboard/177' (Root cause: Call Test Case 'Test Cases/Operational_Dashboard/177' failed because of error(s))

2019-04-26 11:14:57 - [TEST_CASE][ERROR] - Test Cases/Operational_Dashboard/177: Test Cases/Operational_Dashboard/177 FAILED because (of) org.openqa.selenium.NoSuchElementException: no such element: Unable to locate element: {"method":"xpath","selector":"//*[@id="content"]/div/div/div/div[2]/div[3]/div[6]/div/div/div/div[2]/ul/li[3]"}
  (Session info: chrome=73.0.3683.103)
  (Driver info: chromedriver=2.35.528161 (5b82f2d2aae0ca24b877009200ced9065a772e73),platform=Windows NT 10.0.17134 x86_64) (WARNING: The server did not provide any stacktrace information)
Command duration or timeout: 0 milliseconds
For documentation on this error, please visit: http://seleniumhq.org/exceptions/no_such_element.html
Build info: version: '3.7.1', revision: '8a0099a', time: '2017-11-06T21:07:36.161Z'
System info: host: 'DESKTOP-4M6R1V0', ip: '10.0.2.15', os.name: 'Windows 10', os.arch: 'amd64', os.version: '10.0', java.version: '1.8.0_181'
Driver info: com.kms.katalon.selenium.driver.CChromeDriver
Capabilities {acceptInsecureCerts: false, acceptSslCerts: false, applicationCacheEnabled: false, browserConnectionEnabled: false, browserName: chrome, chrome: {chromedriverVersion: 2.35.528161 (5b82f2d2aae0ca..., userDataDir: C:\Users\CLOUDK~1\AppData\L...}, cssSelectorsEnabled: true, databaseEnabled: false, handlesAlerts: true, hasTouchScreen: false, javascriptEnabled: true, locationContextEnabled: true, mobileEmulationEnabled: false, nativeEvents: true, networkConnectionEnabled: false, pageLoadStrategy: normal, platform: XP, platformName: XP, rotatable: false, setWindowRect: true, takesHeapSnapshot: true, takesScreenshot: true, unexpectedAlertBehaviour: , unhandledPromptBehavior: , version: 73.0.3683.103, webStorageEnabled: true}
Session ID: e30c37e72384922c98aa97af135c90bb
*** Element info: {Using=xpath, value=//*[@id="content"]/div/div/div/div[2]/div[3]/div[6]/div/div/div/div[2]/ul/li[3]}

2019-04-26 11:14:57 - [TEST_STEP][PASSED] - callTestCase: Call Test Case 'Test Cases/Operational_Dashboard/Login' successfully

2019-04-26 11:14:57 - [TEST_CASE][PASSED] - Test Cases/Operational_Dashboard/Login: Test Cases/Operational_Dashboard/Login

2019-04-26 11:14:57 - [TEST_STEP][PASSED] - callTestCase: Call Test Case 'Test Cases/s-sidebar_navigation/individualAccount/operationalDashboard' successfully

2019-04-26 11:14:57 - [TEST_CASE][PASSED] - Test Cases/s-sidebar_navigation/individualAccount/operationalDashboard: Test Cases/s-sidebar_navigation/individualAccount/operationalDashboard

2019-04-26 11:14:57 - [TEST_STEP][PASSED] - click: Object: 'Object Repository/Page_KiboEngage  Subscribers/span_Subscribers' is clicked on

2019-04-26 11:14:58 - [MESSAGE][PASSED] - Object: 'Object Repository/Page_KiboEngage  Subscribers/span_Subscribers' is clicked on

2019-04-26 11:14:58 - [TEST_STEP][PASSED] - click: Object: 'Object Repository/Page_KiboEngage  Subscribers/span_Operational Dashboard (1)' is clicked on

2019-04-26 11:14:58 - [MESSAGE][PASSED] - Object: 'Object Repository/Page_KiboEngage  Subscribers/span_Operational Dashboard (1)' is clicked on

2019-04-26 11:14:58 - [TEST_STEP][PASSED] - scrollToPosition: Browser is scrolled to position x = 0, y = 0

2019-04-26 11:14:58 - [MESSAGE][PASSED] - Browser is scrolled to position x = 0, y = 0

2019-04-26 11:14:58 - [TEST_STEP][PASSED] - click: Object: 'Object Repository/Page_KiboEngage  Operational Dashbo/h3_Pages Info (4)' is clicked on

2019-04-26 11:15:00 - [MESSAGE][PASSED] - Object: 'Object Repository/Page_KiboEngage  Operational Dashbo/h3_Pages Info (4)' is clicked on

2019-04-26 11:15:00 - [MESSAGE][PASSED] - Call Test Case 'Test Cases/s-sidebar_navigation/individualAccount/operationalDashboard' successfully

2019-04-26 11:15:00 - [MESSAGE][PASSED] - Call Test Case 'Test Cases/Operational_Dashboard/Login' successfully

2019-04-26 11:15:00 - [TEST_STEP][PASSED] - Statement - driver = com.kms.katalon.core.webui.driver.DriverFactory.getWebDriver(): null

2019-04-26 11:15:00 - [TEST_STEP][PASSED] - Statement - popup_survey = driver.findElement(org.openqa.selenium.By.xpath("//*[@id="content"]/div/div/div/div[2]/div[3]/div[6]/div/div/div/div[2]/ul/li[3]")): null

2019-04-26 11:15:00 - [MESSAGE][FAILED] - Unable to call Test Case with id 'Test Cases/Operational_Dashboard/177' (Root cause: Call Test Case 'Test Cases/Operational_Dashboard/177' failed because of error(s))

2019-04-26 11:15:00 - [MESSAGE][FAILED] - Unable to call Test Case with id 'Test Cases/Operational_Dashboard/178' (Root cause: Call Test Case 'Test Cases/Operational_Dashboard/178' failed because of error(s))]]></system-out>
         <system-err><![CDATA[2019-04-26 11:14:56 - [TEST_CASE][ERROR] - Test Cases/Operational_Dashboard/179: Test Cases/Operational_Dashboard/179 FAILED because (of) org.openqa.selenium.NoSuchElementException: no such element: Unable to locate element: {"method":"xpath","selector":"//*[@id="content"]/div/div/div/div[2]/div[3]/div[6]/div/div/div/div[2]/ul/li[3]"}
  (Session info: chrome=73.0.3683.103)
  (Driver info: chromedriver=2.35.528161 (5b82f2d2aae0ca24b877009200ced9065a772e73),platform=Windows NT 10.0.17134 x86_64) (WARNING: The server did not provide any stacktrace information)
Command duration or timeout: 0 milliseconds
For documentation on this error, please visit: http://seleniumhq.org/exceptions/no_such_element.html
Build info: version: '3.7.1', revision: '8a0099a', time: '2017-11-06T21:07:36.161Z'
System info: host: 'DESKTOP-4M6R1V0', ip: '10.0.2.15', os.name: 'Windows 10', os.arch: 'amd64', os.version: '10.0', java.version: '1.8.0_181'
Driver info: com.kms.katalon.selenium.driver.CChromeDriver
Capabilities {acceptInsecureCerts: false, acceptSslCerts: false, applicationCacheEnabled: false, browserConnectionEnabled: false, browserName: chrome, chrome: {chromedriverVersion: 2.35.528161 (5b82f2d2aae0ca..., userDataDir: C:\Users\CLOUDK~1\AppData\L...}, cssSelectorsEnabled: true, databaseEnabled: false, handlesAlerts: true, hasTouchScreen: false, javascriptEnabled: true, locationContextEnabled: true, mobileEmulationEnabled: false, nativeEvents: true, networkConnectionEnabled: false, pageLoadStrategy: normal, platform: XP, platformName: XP, rotatable: false, setWindowRect: true, takesHeapSnapshot: true, takesScreenshot: true, unexpectedAlertBehaviour: , unhandledPromptBehavior: , version: 73.0.3683.103, webStorageEnabled: true}
Session ID: e30c37e72384922c98aa97af135c90bb
*** Element info: {Using=xpath, value=//*[@id="content"]/div/div/div/div[2]/div[3]/div[6]/div/div/div/div[2]/ul/li[3]}]]></system-err>
      </testcase>
      <testcase name="Test Cases/Operational_Dashboard/180" classname="Test Cases/Operational_Dashboard/180" status="ERROR">
         <error type="ERROR" message="Test Cases/Operational_Dashboard/180 FAILED because (of) org.openqa.selenium.NoSuchElementException: no such element: Unable to locate element: {&quot;method&quot;:&quot;xpath&quot;,&quot;selector&quot;:&quot;//*[@id=&quot;content&quot;]/div/div/div/div[2]/div[3]/div[6]/div/div/div/div[2]/ul/li[3]&quot;}
  (Session info: chrome=73.0.3683.103)
  (Driver info: chromedriver=2.35.528161 (5b82f2d2aae0ca24b877009200ced9065a772e73),platform=Windows NT 10.0.17134 x86_64) (WARNING: The server did not provide any stacktrace information)
Command duration or timeout: 0 milliseconds
For documentation on this error, please visit: http://seleniumhq.org/exceptions/no_such_element.html
Build info: version: '3.7.1', revision: '8a0099a', time: '2017-11-06T21:07:36.161Z'
System info: host: 'DESKTOP-4M6R1V0', ip: '10.0.2.15', os.name: 'Windows 10', os.arch: 'amd64', os.version: '10.0', java.version: '1.8.0_181'
Driver info: com.kms.katalon.selenium.driver.CChromeDriver
Capabilities {acceptInsecureCerts: false, acceptSslCerts: false, applicationCacheEnabled: false, browserConnectionEnabled: false, browserName: chrome, chrome: {chromedriverVersion: 2.35.528161 (5b82f2d2aae0ca..., userDataDir: C:\Users\CLOUDK~1\AppData\L...}, cssSelectorsEnabled: true, databaseEnabled: false, handlesAlerts: true, hasTouchScreen: false, javascriptEnabled: true, locationContextEnabled: true, mobileEmulationEnabled: false, nativeEvents: true, networkConnectionEnabled: false, pageLoadStrategy: normal, platform: XP, platformName: XP, rotatable: false, setWindowRect: true, takesHeapSnapshot: true, takesScreenshot: true, unexpectedAlertBehaviour: , unhandledPromptBehavior: , version: 73.0.3683.103, webStorageEnabled: true}
Session ID: e30c37e72384922c98aa97af135c90bb
*** Element info: {Using=xpath, value=//*[@id=&quot;content&quot;]/div/div/div/div[2]/div[3]/div[6]/div/div/div/div[2]/ul/li[3]}"/>
         <system-out><![CDATA[2019-04-26 11:15:00 - [TEST_CASE][ERROR] - Test Cases/Operational_Dashboard/180: Test Cases/Operational_Dashboard/180 FAILED because (of) org.openqa.selenium.NoSuchElementException: no such element: Unable to locate element: {"method":"xpath","selector":"//*[@id="content"]/div/div/div/div[2]/div[3]/div[6]/div/div/div/div[2]/ul/li[3]"}
  (Session info: chrome=73.0.3683.103)
  (Driver info: chromedriver=2.35.528161 (5b82f2d2aae0ca24b877009200ced9065a772e73),platform=Windows NT 10.0.17134 x86_64) (WARNING: The server did not provide any stacktrace information)
Command duration or timeout: 0 milliseconds
For documentation on this error, please visit: http://seleniumhq.org/exceptions/no_such_element.html
Build info: version: '3.7.1', revision: '8a0099a', time: '2017-11-06T21:07:36.161Z'
System info: host: 'DESKTOP-4M6R1V0', ip: '10.0.2.15', os.name: 'Windows 10', os.arch: 'amd64', os.version: '10.0', java.version: '1.8.0_181'
Driver info: com.kms.katalon.selenium.driver.CChromeDriver
Capabilities {acceptInsecureCerts: false, acceptSslCerts: false, applicationCacheEnabled: false, browserConnectionEnabled: false, browserName: chrome, chrome: {chromedriverVersion: 2.35.528161 (5b82f2d2aae0ca..., userDataDir: C:\Users\CLOUDK~1\AppData\L...}, cssSelectorsEnabled: true, databaseEnabled: false, handlesAlerts: true, hasTouchScreen: false, javascriptEnabled: true, locationContextEnabled: true, mobileEmulationEnabled: false, nativeEvents: true, networkConnectionEnabled: false, pageLoadStrategy: normal, platform: XP, platformName: XP, rotatable: false, setWindowRect: true, takesHeapSnapshot: true, takesScreenshot: true, unexpectedAlertBehaviour: , unhandledPromptBehavior: , version: 73.0.3683.103, webStorageEnabled: true}
Session ID: e30c37e72384922c98aa97af135c90bb
*** Element info: {Using=xpath, value=//*[@id="content"]/div/div/div/div[2]/div[3]/div[6]/div/div/div/div[2]/ul/li[3]}

2019-04-26 11:15:00 - [TEST_STEP][FAILED] - callTestCase: Unable to call Test Case with id 'Test Cases/Operational_Dashboard/177' (Root cause: Call Test Case 'Test Cases/Operational_Dashboard/177' failed because of error(s))

2019-04-26 11:15:00 - [TEST_CASE][ERROR] - Test Cases/Operational_Dashboard/177: Test Cases/Operational_Dashboard/177 FAILED because (of) org.openqa.selenium.NoSuchElementException: no such element: Unable to locate element: {"method":"xpath","selector":"//*[@id="content"]/div/div/div/div[2]/div[3]/div[6]/div/div/div/div[2]/ul/li[3]"}
  (Session info: chrome=73.0.3683.103)
  (Driver info: chromedriver=2.35.528161 (5b82f2d2aae0ca24b877009200ced9065a772e73),platform=Windows NT 10.0.17134 x86_64) (WARNING: The server did not provide any stacktrace information)
Command duration or timeout: 0 milliseconds
For documentation on this error, please visit: http://seleniumhq.org/exceptions/no_such_element.html
Build info: version: '3.7.1', revision: '8a0099a', time: '2017-11-06T21:07:36.161Z'
System info: host: 'DESKTOP-4M6R1V0', ip: '10.0.2.15', os.name: 'Windows 10', os.arch: 'amd64', os.version: '10.0', java.version: '1.8.0_181'
Driver info: com.kms.katalon.selenium.driver.CChromeDriver
Capabilities {acceptInsecureCerts: false, acceptSslCerts: false, applicationCacheEnabled: false, browserConnectionEnabled: false, browserName: chrome, chrome: {chromedriverVersion: 2.35.528161 (5b82f2d2aae0ca..., userDataDir: C:\Users\CLOUDK~1\AppData\L...}, cssSelectorsEnabled: true, databaseEnabled: false, handlesAlerts: true, hasTouchScreen: false, javascriptEnabled: true, locationContextEnabled: true, mobileEmulationEnabled: false, nativeEvents: true, networkConnectionEnabled: false, pageLoadStrategy: normal, platform: XP, platformName: XP, rotatable: false, setWindowRect: true, takesHeapSnapshot: true, takesScreenshot: true, unexpectedAlertBehaviour: , unhandledPromptBehavior: , version: 73.0.3683.103, webStorageEnabled: true}
Session ID: e30c37e72384922c98aa97af135c90bb
*** Element info: {Using=xpath, value=//*[@id="content"]/div/div/div/div[2]/div[3]/div[6]/div/div/div/div[2]/ul/li[3]}

2019-04-26 11:15:00 - [TEST_STEP][PASSED] - callTestCase: Call Test Case 'Test Cases/Operational_Dashboard/Login' successfully

2019-04-26 11:15:00 - [TEST_CASE][PASSED] - Test Cases/Operational_Dashboard/Login: Test Cases/Operational_Dashboard/Login

2019-04-26 11:15:00 - [TEST_STEP][PASSED] - callTestCase: Call Test Case 'Test Cases/s-sidebar_navigation/individualAccount/operationalDashboard' successfully

2019-04-26 11:15:01 - [TEST_CASE][PASSED] - Test Cases/s-sidebar_navigation/individualAccount/operationalDashboard: Test Cases/s-sidebar_navigation/individualAccount/operationalDashboard

2019-04-26 11:15:01 - [TEST_STEP][PASSED] - click: Object: 'Object Repository/Page_KiboEngage  Subscribers/span_Subscribers' is clicked on

2019-04-26 11:15:02 - [MESSAGE][PASSED] - Object: 'Object Repository/Page_KiboEngage  Subscribers/span_Subscribers' is clicked on

2019-04-26 11:15:02 - [TEST_STEP][PASSED] - click: Object: 'Object Repository/Page_KiboEngage  Subscribers/span_Operational Dashboard (1)' is clicked on

2019-04-26 11:15:03 - [MESSAGE][PASSED] - Object: 'Object Repository/Page_KiboEngage  Subscribers/span_Operational Dashboard (1)' is clicked on

2019-04-26 11:15:03 - [TEST_STEP][PASSED] - scrollToPosition: Browser is scrolled to position x = 0, y = 0

2019-04-26 11:15:03 - [MESSAGE][PASSED] - Browser is scrolled to position x = 0, y = 0

2019-04-26 11:15:03 - [TEST_STEP][PASSED] - click: Object: 'Object Repository/Page_KiboEngage  Operational Dashbo/h3_Pages Info (4)' is clicked on

2019-04-26 11:15:04 - [MESSAGE][PASSED] - Object: 'Object Repository/Page_KiboEngage  Operational Dashbo/h3_Pages Info (4)' is clicked on

2019-04-26 11:15:04 - [MESSAGE][PASSED] - Call Test Case 'Test Cases/s-sidebar_navigation/individualAccount/operationalDashboard' successfully

2019-04-26 11:15:04 - [MESSAGE][PASSED] - Call Test Case 'Test Cases/Operational_Dashboard/Login' successfully

2019-04-26 11:15:04 - [TEST_STEP][PASSED] - Statement - driver = com.kms.katalon.core.webui.driver.DriverFactory.getWebDriver(): null

2019-04-26 11:15:04 - [TEST_STEP][PASSED] - Statement - popup_survey = driver.findElement(org.openqa.selenium.By.xpath("//*[@id="content"]/div/div/div/div[2]/div[3]/div[6]/div/div/div/div[2]/ul/li[3]")): null

2019-04-26 11:15:04 - [MESSAGE][FAILED] - Unable to call Test Case with id 'Test Cases/Operational_Dashboard/177' (Root cause: Call Test Case 'Test Cases/Operational_Dashboard/177' failed because of error(s))]]></system-out>
         <system-err><![CDATA[2019-04-26 11:15:00 - [TEST_CASE][ERROR] - Test Cases/Operational_Dashboard/180: Test Cases/Operational_Dashboard/180 FAILED because (of) org.openqa.selenium.NoSuchElementException: no such element: Unable to locate element: {"method":"xpath","selector":"//*[@id="content"]/div/div/div/div[2]/div[3]/div[6]/div/div/div/div[2]/ul/li[3]"}
  (Session info: chrome=73.0.3683.103)
  (Driver info: chromedriver=2.35.528161 (5b82f2d2aae0ca24b877009200ced9065a772e73),platform=Windows NT 10.0.17134 x86_64) (WARNING: The server did not provide any stacktrace information)
Command duration or timeout: 0 milliseconds
For documentation on this error, please visit: http://seleniumhq.org/exceptions/no_such_element.html
Build info: version: '3.7.1', revision: '8a0099a', time: '2017-11-06T21:07:36.161Z'
System info: host: 'DESKTOP-4M6R1V0', ip: '10.0.2.15', os.name: 'Windows 10', os.arch: 'amd64', os.version: '10.0', java.version: '1.8.0_181'
Driver info: com.kms.katalon.selenium.driver.CChromeDriver
Capabilities {acceptInsecureCerts: false, acceptSslCerts: false, applicationCacheEnabled: false, browserConnectionEnabled: false, browserName: chrome, chrome: {chromedriverVersion: 2.35.528161 (5b82f2d2aae0ca..., userDataDir: C:\Users\CLOUDK~1\AppData\L...}, cssSelectorsEnabled: true, databaseEnabled: false, handlesAlerts: true, hasTouchScreen: false, javascriptEnabled: true, locationContextEnabled: true, mobileEmulationEnabled: false, nativeEvents: true, networkConnectionEnabled: false, pageLoadStrategy: normal, platform: XP, platformName: XP, rotatable: false, setWindowRect: true, takesHeapSnapshot: true, takesScreenshot: true, unexpectedAlertBehaviour: , unhandledPromptBehavior: , version: 73.0.3683.103, webStorageEnabled: true}
Session ID: e30c37e72384922c98aa97af135c90bb
*** Element info: {Using=xpath, value=//*[@id="content"]/div/div/div/div[2]/div[3]/div[6]/div/div/div/div[2]/ul/li[3]}]]></system-err>
      </testcase>
      <testcase name="Test Cases/Operational_Dashboard/181" classname="Test Cases/Operational_Dashboard/181" status="ERROR">
         <error type="ERROR" message="Test Cases/Operational_Dashboard/181 FAILED because (of) org.openqa.selenium.NoSuchElementException: no such element: Unable to locate element: {&quot;method&quot;:&quot;xpath&quot;,&quot;selector&quot;:&quot;//*[@id=&quot;content&quot;]/div/div/div/div[2]/div[3]/div[6]/div/div/div/div[2]/ul/li[3]&quot;}
  (Session info: chrome=73.0.3683.103)
  (Driver info: chromedriver=2.35.528161 (5b82f2d2aae0ca24b877009200ced9065a772e73),platform=Windows NT 10.0.17134 x86_64) (WARNING: The server did not provide any stacktrace information)
Command duration or timeout: 0 milliseconds
For documentation on this error, please visit: http://seleniumhq.org/exceptions/no_such_element.html
Build info: version: '3.7.1', revision: '8a0099a', time: '2017-11-06T21:07:36.161Z'
System info: host: 'DESKTOP-4M6R1V0', ip: '10.0.2.15', os.name: 'Windows 10', os.arch: 'amd64', os.version: '10.0', java.version: '1.8.0_181'
Driver info: com.kms.katalon.selenium.driver.CChromeDriver
Capabilities {acceptInsecureCerts: false, acceptSslCerts: false, applicationCacheEnabled: false, browserConnectionEnabled: false, browserName: chrome, chrome: {chromedriverVersion: 2.35.528161 (5b82f2d2aae0ca..., userDataDir: C:\Users\CLOUDK~1\AppData\L...}, cssSelectorsEnabled: true, databaseEnabled: false, handlesAlerts: true, hasTouchScreen: false, javascriptEnabled: true, locationContextEnabled: true, mobileEmulationEnabled: false, nativeEvents: true, networkConnectionEnabled: false, pageLoadStrategy: normal, platform: XP, platformName: XP, rotatable: false, setWindowRect: true, takesHeapSnapshot: true, takesScreenshot: true, unexpectedAlertBehaviour: , unhandledPromptBehavior: , version: 73.0.3683.103, webStorageEnabled: true}
Session ID: e30c37e72384922c98aa97af135c90bb
*** Element info: {Using=xpath, value=//*[@id=&quot;content&quot;]/div/div/div/div[2]/div[3]/div[6]/div/div/div/div[2]/ul/li[3]}"/>
         <system-out><![CDATA[2019-04-26 11:15:04 - [TEST_CASE][ERROR] - Test Cases/Operational_Dashboard/181: Test Cases/Operational_Dashboard/181 FAILED because (of) org.openqa.selenium.NoSuchElementException: no such element: Unable to locate element: {"method":"xpath","selector":"//*[@id="content"]/div/div/div/div[2]/div[3]/div[6]/div/div/div/div[2]/ul/li[3]"}
  (Session info: chrome=73.0.3683.103)
  (Driver info: chromedriver=2.35.528161 (5b82f2d2aae0ca24b877009200ced9065a772e73),platform=Windows NT 10.0.17134 x86_64) (WARNING: The server did not provide any stacktrace information)
Command duration or timeout: 0 milliseconds
For documentation on this error, please visit: http://seleniumhq.org/exceptions/no_such_element.html
Build info: version: '3.7.1', revision: '8a0099a', time: '2017-11-06T21:07:36.161Z'
System info: host: 'DESKTOP-4M6R1V0', ip: '10.0.2.15', os.name: 'Windows 10', os.arch: 'amd64', os.version: '10.0', java.version: '1.8.0_181'
Driver info: com.kms.katalon.selenium.driver.CChromeDriver
Capabilities {acceptInsecureCerts: false, acceptSslCerts: false, applicationCacheEnabled: false, browserConnectionEnabled: false, browserName: chrome, chrome: {chromedriverVersion: 2.35.528161 (5b82f2d2aae0ca..., userDataDir: C:\Users\CLOUDK~1\AppData\L...}, cssSelectorsEnabled: true, databaseEnabled: false, handlesAlerts: true, hasTouchScreen: false, javascriptEnabled: true, locationContextEnabled: true, mobileEmulationEnabled: false, nativeEvents: true, networkConnectionEnabled: false, pageLoadStrategy: normal, platform: XP, platformName: XP, rotatable: false, setWindowRect: true, takesHeapSnapshot: true, takesScreenshot: true, unexpectedAlertBehaviour: , unhandledPromptBehavior: , version: 73.0.3683.103, webStorageEnabled: true}
Session ID: e30c37e72384922c98aa97af135c90bb
*** Element info: {Using=xpath, value=//*[@id="content"]/div/div/div/div[2]/div[3]/div[6]/div/div/div/div[2]/ul/li[3]}

2019-04-26 11:15:04 - [TEST_STEP][FAILED] - callTestCase: Unable to call Test Case with id 'Test Cases/Operational_Dashboard/177' (Root cause: Call Test Case 'Test Cases/Operational_Dashboard/177' failed because of error(s))

2019-04-26 11:15:04 - [TEST_CASE][ERROR] - Test Cases/Operational_Dashboard/177: Test Cases/Operational_Dashboard/177 FAILED because (of) org.openqa.selenium.NoSuchElementException: no such element: Unable to locate element: {"method":"xpath","selector":"//*[@id="content"]/div/div/div/div[2]/div[3]/div[6]/div/div/div/div[2]/ul/li[3]"}
  (Session info: chrome=73.0.3683.103)
  (Driver info: chromedriver=2.35.528161 (5b82f2d2aae0ca24b877009200ced9065a772e73),platform=Windows NT 10.0.17134 x86_64) (WARNING: The server did not provide any stacktrace information)
Command duration or timeout: 0 milliseconds
For documentation on this error, please visit: http://seleniumhq.org/exceptions/no_such_element.html
Build info: version: '3.7.1', revision: '8a0099a', time: '2017-11-06T21:07:36.161Z'
System info: host: 'DESKTOP-4M6R1V0', ip: '10.0.2.15', os.name: 'Windows 10', os.arch: 'amd64', os.version: '10.0', java.version: '1.8.0_181'
Driver info: com.kms.katalon.selenium.driver.CChromeDriver
Capabilities {acceptInsecureCerts: false, acceptSslCerts: false, applicationCacheEnabled: false, browserConnectionEnabled: false, browserName: chrome, chrome: {chromedriverVersion: 2.35.528161 (5b82f2d2aae0ca..., userDataDir: C:\Users\CLOUDK~1\AppData\L...}, cssSelectorsEnabled: true, databaseEnabled: false, handlesAlerts: true, hasTouchScreen: false, javascriptEnabled: true, locationContextEnabled: true, mobileEmulationEnabled: false, nativeEvents: true, networkConnectionEnabled: false, pageLoadStrategy: normal, platform: XP, platformName: XP, rotatable: false, setWindowRect: true, takesHeapSnapshot: true, takesScreenshot: true, unexpectedAlertBehaviour: , unhandledPromptBehavior: , version: 73.0.3683.103, webStorageEnabled: true}
Session ID: e30c37e72384922c98aa97af135c90bb
*** Element info: {Using=xpath, value=//*[@id="content"]/div/div/div/div[2]/div[3]/div[6]/div/div/div/div[2]/ul/li[3]}

2019-04-26 11:15:04 - [TEST_STEP][PASSED] - callTestCase: Call Test Case 'Test Cases/Operational_Dashboard/Login' successfully

2019-04-26 11:15:04 - [TEST_CASE][PASSED] - Test Cases/Operational_Dashboard/Login: Test Cases/Operational_Dashboard/Login

2019-04-26 11:15:04 - [TEST_STEP][PASSED] - callTestCase: Call Test Case 'Test Cases/s-sidebar_navigation/individualAccount/operationalDashboard' successfully

2019-04-26 11:15:05 - [TEST_CASE][PASSED] - Test Cases/s-sidebar_navigation/individualAccount/operationalDashboard: Test Cases/s-sidebar_navigation/individualAccount/operationalDashboard

2019-04-26 11:15:05 - [TEST_STEP][PASSED] - click: Object: 'Object Repository/Page_KiboEngage  Subscribers/span_Subscribers' is clicked on

2019-04-26 11:15:05 - [MESSAGE][PASSED] - Object: 'Object Repository/Page_KiboEngage  Subscribers/span_Subscribers' is clicked on

2019-04-26 11:15:05 - [TEST_STEP][PASSED] - click: Object: 'Object Repository/Page_KiboEngage  Subscribers/span_Operational Dashboard (1)' is clicked on

2019-04-26 11:15:06 - [MESSAGE][PASSED] - Object: 'Object Repository/Page_KiboEngage  Subscribers/span_Operational Dashboard (1)' is clicked on

2019-04-26 11:15:06 - [TEST_STEP][PASSED] - scrollToPosition: Browser is scrolled to position x = 0, y = 0

2019-04-26 11:15:06 - [MESSAGE][PASSED] - Browser is scrolled to position x = 0, y = 0

2019-04-26 11:15:06 - [TEST_STEP][PASSED] - click: Object: 'Object Repository/Page_KiboEngage  Operational Dashbo/h3_Pages Info (4)' is clicked on

2019-04-26 11:15:07 - [MESSAGE][PASSED] - Object: 'Object Repository/Page_KiboEngage  Operational Dashbo/h3_Pages Info (4)' is clicked on

2019-04-26 11:15:07 - [MESSAGE][PASSED] - Call Test Case 'Test Cases/s-sidebar_navigation/individualAccount/operationalDashboard' successfully

2019-04-26 11:15:07 - [MESSAGE][PASSED] - Call Test Case 'Test Cases/Operational_Dashboard/Login' successfully

2019-04-26 11:15:07 - [TEST_STEP][PASSED] - Statement - driver = com.kms.katalon.core.webui.driver.DriverFactory.getWebDriver(): null

2019-04-26 11:15:07 - [TEST_STEP][PASSED] - Statement - popup_survey = driver.findElement(org.openqa.selenium.By.xpath("//*[@id="content"]/div/div/div/div[2]/div[3]/div[6]/div/div/div/div[2]/ul/li[3]")): null

2019-04-26 11:15:07 - [MESSAGE][FAILED] - Unable to call Test Case with id 'Test Cases/Operational_Dashboard/177' (Root cause: Call Test Case 'Test Cases/Operational_Dashboard/177' failed because of error(s))]]></system-out>
         <system-err><![CDATA[2019-04-26 11:15:04 - [TEST_CASE][ERROR] - Test Cases/Operational_Dashboard/181: Test Cases/Operational_Dashboard/181 FAILED because (of) org.openqa.selenium.NoSuchElementException: no such element: Unable to locate element: {"method":"xpath","selector":"//*[@id="content"]/div/div/div/div[2]/div[3]/div[6]/div/div/div/div[2]/ul/li[3]"}
  (Session info: chrome=73.0.3683.103)
  (Driver info: chromedriver=2.35.528161 (5b82f2d2aae0ca24b877009200ced9065a772e73),platform=Windows NT 10.0.17134 x86_64) (WARNING: The server did not provide any stacktrace information)
Command duration or timeout: 0 milliseconds
For documentation on this error, please visit: http://seleniumhq.org/exceptions/no_such_element.html
Build info: version: '3.7.1', revision: '8a0099a', time: '2017-11-06T21:07:36.161Z'
System info: host: 'DESKTOP-4M6R1V0', ip: '10.0.2.15', os.name: 'Windows 10', os.arch: 'amd64', os.version: '10.0', java.version: '1.8.0_181'
Driver info: com.kms.katalon.selenium.driver.CChromeDriver
Capabilities {acceptInsecureCerts: false, acceptSslCerts: false, applicationCacheEnabled: false, browserConnectionEnabled: false, browserName: chrome, chrome: {chromedriverVersion: 2.35.528161 (5b82f2d2aae0ca..., userDataDir: C:\Users\CLOUDK~1\AppData\L...}, cssSelectorsEnabled: true, databaseEnabled: false, handlesAlerts: true, hasTouchScreen: false, javascriptEnabled: true, locationContextEnabled: true, mobileEmulationEnabled: false, nativeEvents: true, networkConnectionEnabled: false, pageLoadStrategy: normal, platform: XP, platformName: XP, rotatable: false, setWindowRect: true, takesHeapSnapshot: true, takesScreenshot: true, unexpectedAlertBehaviour: , unhandledPromptBehavior: , version: 73.0.3683.103, webStorageEnabled: true}
Session ID: e30c37e72384922c98aa97af135c90bb
*** Element info: {Using=xpath, value=//*[@id="content"]/div/div/div/div[2]/div[3]/div[6]/div/div/div/div[2]/ul/li[3]}]]></system-err>
      </testcase>
      <testcase name="Test Cases/Operational_Dashboard/182" classname="Test Cases/Operational_Dashboard/182" status="ERROR">
         <error type="ERROR" message="Test Cases/Operational_Dashboard/182 FAILED because (of) org.openqa.selenium.NoSuchElementException: no such element: Unable to locate element: {&quot;method&quot;:&quot;xpath&quot;,&quot;selector&quot;:&quot;//*[@id=&quot;content&quot;]/div/div/div/div[2]/div[3]/div[6]/div/div/div/div[2]/ul/li[3]&quot;}
  (Session info: chrome=73.0.3683.103)
  (Driver info: chromedriver=2.35.528161 (5b82f2d2aae0ca24b877009200ced9065a772e73),platform=Windows NT 10.0.17134 x86_64) (WARNING: The server did not provide any stacktrace information)
Command duration or timeout: 0 milliseconds
For documentation on this error, please visit: http://seleniumhq.org/exceptions/no_such_element.html
Build info: version: '3.7.1', revision: '8a0099a', time: '2017-11-06T21:07:36.161Z'
System info: host: 'DESKTOP-4M6R1V0', ip: '10.0.2.15', os.name: 'Windows 10', os.arch: 'amd64', os.version: '10.0', java.version: '1.8.0_181'
Driver info: com.kms.katalon.selenium.driver.CChromeDriver
Capabilities {acceptInsecureCerts: false, acceptSslCerts: false, applicationCacheEnabled: false, browserConnectionEnabled: false, browserName: chrome, chrome: {chromedriverVersion: 2.35.528161 (5b82f2d2aae0ca..., userDataDir: C:\Users\CLOUDK~1\AppData\L...}, cssSelectorsEnabled: true, databaseEnabled: false, handlesAlerts: true, hasTouchScreen: false, javascriptEnabled: true, locationContextEnabled: true, mobileEmulationEnabled: false, nativeEvents: true, networkConnectionEnabled: false, pageLoadStrategy: normal, platform: XP, platformName: XP, rotatable: false, setWindowRect: true, takesHeapSnapshot: true, takesScreenshot: true, unexpectedAlertBehaviour: , unhandledPromptBehavior: , version: 73.0.3683.103, webStorageEnabled: true}
Session ID: e30c37e72384922c98aa97af135c90bb
*** Element info: {Using=xpath, value=//*[@id=&quot;content&quot;]/div/div/div/div[2]/div[3]/div[6]/div/div/div/div[2]/ul/li[3]}"/>
         <system-out><![CDATA[2019-04-26 11:15:07 - [TEST_CASE][ERROR] - Test Cases/Operational_Dashboard/182: Test Cases/Operational_Dashboard/182 FAILED because (of) org.openqa.selenium.NoSuchElementException: no such element: Unable to locate element: {"method":"xpath","selector":"//*[@id="content"]/div/div/div/div[2]/div[3]/div[6]/div/div/div/div[2]/ul/li[3]"}
  (Session info: chrome=73.0.3683.103)
  (Driver info: chromedriver=2.35.528161 (5b82f2d2aae0ca24b877009200ced9065a772e73),platform=Windows NT 10.0.17134 x86_64) (WARNING: The server did not provide any stacktrace information)
Command duration or timeout: 0 milliseconds
For documentation on this error, please visit: http://seleniumhq.org/exceptions/no_such_element.html
Build info: version: '3.7.1', revision: '8a0099a', time: '2017-11-06T21:07:36.161Z'
System info: host: 'DESKTOP-4M6R1V0', ip: '10.0.2.15', os.name: 'Windows 10', os.arch: 'amd64', os.version: '10.0', java.version: '1.8.0_181'
Driver info: com.kms.katalon.selenium.driver.CChromeDriver
Capabilities {acceptInsecureCerts: false, acceptSslCerts: false, applicationCacheEnabled: false, browserConnectionEnabled: false, browserName: chrome, chrome: {chromedriverVersion: 2.35.528161 (5b82f2d2aae0ca..., userDataDir: C:\Users\CLOUDK~1\AppData\L...}, cssSelectorsEnabled: true, databaseEnabled: false, handlesAlerts: true, hasTouchScreen: false, javascriptEnabled: true, locationContextEnabled: true, mobileEmulationEnabled: false, nativeEvents: true, networkConnectionEnabled: false, pageLoadStrategy: normal, platform: XP, platformName: XP, rotatable: false, setWindowRect: true, takesHeapSnapshot: true, takesScreenshot: true, unexpectedAlertBehaviour: , unhandledPromptBehavior: , version: 73.0.3683.103, webStorageEnabled: true}
Session ID: e30c37e72384922c98aa97af135c90bb
*** Element info: {Using=xpath, value=//*[@id="content"]/div/div/div/div[2]/div[3]/div[6]/div/div/div/div[2]/ul/li[3]}

2019-04-26 11:15:07 - [TEST_STEP][FAILED] - callTestCase: Unable to call Test Case with id 'Test Cases/Operational_Dashboard/177' (Root cause: Call Test Case 'Test Cases/Operational_Dashboard/177' failed because of error(s))

2019-04-26 11:15:07 - [TEST_CASE][ERROR] - Test Cases/Operational_Dashboard/177: Test Cases/Operational_Dashboard/177 FAILED because (of) org.openqa.selenium.NoSuchElementException: no such element: Unable to locate element: {"method":"xpath","selector":"//*[@id="content"]/div/div/div/div[2]/div[3]/div[6]/div/div/div/div[2]/ul/li[3]"}
  (Session info: chrome=73.0.3683.103)
  (Driver info: chromedriver=2.35.528161 (5b82f2d2aae0ca24b877009200ced9065a772e73),platform=Windows NT 10.0.17134 x86_64) (WARNING: The server did not provide any stacktrace information)
Command duration or timeout: 0 milliseconds
For documentation on this error, please visit: http://seleniumhq.org/exceptions/no_such_element.html
Build info: version: '3.7.1', revision: '8a0099a', time: '2017-11-06T21:07:36.161Z'
System info: host: 'DESKTOP-4M6R1V0', ip: '10.0.2.15', os.name: 'Windows 10', os.arch: 'amd64', os.version: '10.0', java.version: '1.8.0_181'
Driver info: com.kms.katalon.selenium.driver.CChromeDriver
Capabilities {acceptInsecureCerts: false, acceptSslCerts: false, applicationCacheEnabled: false, browserConnectionEnabled: false, browserName: chrome, chrome: {chromedriverVersion: 2.35.528161 (5b82f2d2aae0ca..., userDataDir: C:\Users\CLOUDK~1\AppData\L...}, cssSelectorsEnabled: true, databaseEnabled: false, handlesAlerts: true, hasTouchScreen: false, javascriptEnabled: true, locationContextEnabled: true, mobileEmulationEnabled: false, nativeEvents: true, networkConnectionEnabled: false, pageLoadStrategy: normal, platform: XP, platformName: XP, rotatable: false, setWindowRect: true, takesHeapSnapshot: true, takesScreenshot: true, unexpectedAlertBehaviour: , unhandledPromptBehavior: , version: 73.0.3683.103, webStorageEnabled: true}
Session ID: e30c37e72384922c98aa97af135c90bb
*** Element info: {Using=xpath, value=//*[@id="content"]/div/div/div/div[2]/div[3]/div[6]/div/div/div/div[2]/ul/li[3]}

2019-04-26 11:15:07 - [TEST_STEP][PASSED] - callTestCase: Call Test Case 'Test Cases/Operational_Dashboard/Login' successfully

2019-04-26 11:15:07 - [TEST_CASE][PASSED] - Test Cases/Operational_Dashboard/Login: Test Cases/Operational_Dashboard/Login

2019-04-26 11:15:07 - [TEST_STEP][PASSED] - callTestCase: Call Test Case 'Test Cases/s-sidebar_navigation/individualAccount/operationalDashboard' successfully

2019-04-26 11:15:07 - [TEST_CASE][PASSED] - Test Cases/s-sidebar_navigation/individualAccount/operationalDashboard: Test Cases/s-sidebar_navigation/individualAccount/operationalDashboard

2019-04-26 11:15:07 - [TEST_STEP][PASSED] - click: Object: 'Object Repository/Page_KiboEngage  Subscribers/span_Subscribers' is clicked on

2019-04-26 11:15:08 - [MESSAGE][PASSED] - Object: 'Object Repository/Page_KiboEngage  Subscribers/span_Subscribers' is clicked on

2019-04-26 11:15:08 - [TEST_STEP][PASSED] - click: Object: 'Object Repository/Page_KiboEngage  Subscribers/span_Operational Dashboard (1)' is clicked on

2019-04-26 11:15:09 - [MESSAGE][PASSED] - Object: 'Object Repository/Page_KiboEngage  Subscribers/span_Operational Dashboard (1)' is clicked on

2019-04-26 11:15:09 - [TEST_STEP][PASSED] - scrollToPosition: Browser is scrolled to position x = 0, y = 0

2019-04-26 11:15:09 - [MESSAGE][PASSED] - Browser is scrolled to position x = 0, y = 0

2019-04-26 11:15:09 - [TEST_STEP][PASSED] - click: Object: 'Object Repository/Page_KiboEngage  Operational Dashbo/h3_Pages Info (4)' is clicked on

2019-04-26 11:15:11 - [MESSAGE][PASSED] - Object: 'Object Repository/Page_KiboEngage  Operational Dashbo/h3_Pages Info (4)' is clicked on

2019-04-26 11:15:11 - [MESSAGE][PASSED] - Call Test Case 'Test Cases/s-sidebar_navigation/individualAccount/operationalDashboard' successfully

2019-04-26 11:15:11 - [MESSAGE][PASSED] - Call Test Case 'Test Cases/Operational_Dashboard/Login' successfully

2019-04-26 11:15:11 - [TEST_STEP][PASSED] - Statement - driver = com.kms.katalon.core.webui.driver.DriverFactory.getWebDriver(): null

2019-04-26 11:15:11 - [TEST_STEP][PASSED] - Statement - popup_survey = driver.findElement(org.openqa.selenium.By.xpath("//*[@id="content"]/div/div/div/div[2]/div[3]/div[6]/div/div/div/div[2]/ul/li[3]")): null

2019-04-26 11:15:11 - [MESSAGE][FAILED] - Unable to call Test Case with id 'Test Cases/Operational_Dashboard/177' (Root cause: Call Test Case 'Test Cases/Operational_Dashboard/177' failed because of error(s))]]></system-out>
         <system-err><![CDATA[2019-04-26 11:15:07 - [TEST_CASE][ERROR] - Test Cases/Operational_Dashboard/182: Test Cases/Operational_Dashboard/182 FAILED because (of) org.openqa.selenium.NoSuchElementException: no such element: Unable to locate element: {"method":"xpath","selector":"//*[@id="content"]/div/div/div/div[2]/div[3]/div[6]/div/div/div/div[2]/ul/li[3]"}
  (Session info: chrome=73.0.3683.103)
  (Driver info: chromedriver=2.35.528161 (5b82f2d2aae0ca24b877009200ced9065a772e73),platform=Windows NT 10.0.17134 x86_64) (WARNING: The server did not provide any stacktrace information)
Command duration or timeout: 0 milliseconds
For documentation on this error, please visit: http://seleniumhq.org/exceptions/no_such_element.html
Build info: version: '3.7.1', revision: '8a0099a', time: '2017-11-06T21:07:36.161Z'
System info: host: 'DESKTOP-4M6R1V0', ip: '10.0.2.15', os.name: 'Windows 10', os.arch: 'amd64', os.version: '10.0', java.version: '1.8.0_181'
Driver info: com.kms.katalon.selenium.driver.CChromeDriver
Capabilities {acceptInsecureCerts: false, acceptSslCerts: false, applicationCacheEnabled: false, browserConnectionEnabled: false, browserName: chrome, chrome: {chromedriverVersion: 2.35.528161 (5b82f2d2aae0ca..., userDataDir: C:\Users\CLOUDK~1\AppData\L...}, cssSelectorsEnabled: true, databaseEnabled: false, handlesAlerts: true, hasTouchScreen: false, javascriptEnabled: true, locationContextEnabled: true, mobileEmulationEnabled: false, nativeEvents: true, networkConnectionEnabled: false, pageLoadStrategy: normal, platform: XP, platformName: XP, rotatable: false, setWindowRect: true, takesHeapSnapshot: true, takesScreenshot: true, unexpectedAlertBehaviour: , unhandledPromptBehavior: , version: 73.0.3683.103, webStorageEnabled: true}
Session ID: e30c37e72384922c98aa97af135c90bb
*** Element info: {Using=xpath, value=//*[@id="content"]/div/div/div/div[2]/div[3]/div[6]/div/div/div/div[2]/ul/li[3]}]]></system-err>
      </testcase>
      <testcase name="Test Cases/Operational_Dashboard/183" classname="Test Cases/Operational_Dashboard/183" status="ERROR">
         <error type="ERROR" message="Test Cases/Operational_Dashboard/183 FAILED because (of) org.openqa.selenium.NoSuchElementException: no such element: Unable to locate element: {&quot;method&quot;:&quot;xpath&quot;,&quot;selector&quot;:&quot;//*[@id=&quot;content&quot;]/div/div/div/div[2]/div[3]/div[6]/div/div/div/div[2]/ul/li[3]&quot;}
  (Session info: chrome=73.0.3683.103)
  (Driver info: chromedriver=2.35.528161 (5b82f2d2aae0ca24b877009200ced9065a772e73),platform=Windows NT 10.0.17134 x86_64) (WARNING: The server did not provide any stacktrace information)
Command duration or timeout: 0 milliseconds
For documentation on this error, please visit: http://seleniumhq.org/exceptions/no_such_element.html
Build info: version: '3.7.1', revision: '8a0099a', time: '2017-11-06T21:07:36.161Z'
System info: host: 'DESKTOP-4M6R1V0', ip: '10.0.2.15', os.name: 'Windows 10', os.arch: 'amd64', os.version: '10.0', java.version: '1.8.0_181'
Driver info: com.kms.katalon.selenium.driver.CChromeDriver
Capabilities {acceptInsecureCerts: false, acceptSslCerts: false, applicationCacheEnabled: false, browserConnectionEnabled: false, browserName: chrome, chrome: {chromedriverVersion: 2.35.528161 (5b82f2d2aae0ca..., userDataDir: C:\Users\CLOUDK~1\AppData\L...}, cssSelectorsEnabled: true, databaseEnabled: false, handlesAlerts: true, hasTouchScreen: false, javascriptEnabled: true, locationContextEnabled: true, mobileEmulationEnabled: false, nativeEvents: true, networkConnectionEnabled: false, pageLoadStrategy: normal, platform: XP, platformName: XP, rotatable: false, setWindowRect: true, takesHeapSnapshot: true, takesScreenshot: true, unexpectedAlertBehaviour: , unhandledPromptBehavior: , version: 73.0.3683.103, webStorageEnabled: true}
Session ID: e30c37e72384922c98aa97af135c90bb
*** Element info: {Using=xpath, value=//*[@id=&quot;content&quot;]/div/div/div/div[2]/div[3]/div[6]/div/div/div/div[2]/ul/li[3]}"/>
         <system-out><![CDATA[2019-04-26 11:15:11 - [TEST_CASE][ERROR] - Test Cases/Operational_Dashboard/183: Test Cases/Operational_Dashboard/183 FAILED because (of) org.openqa.selenium.NoSuchElementException: no such element: Unable to locate element: {"method":"xpath","selector":"//*[@id="content"]/div/div/div/div[2]/div[3]/div[6]/div/div/div/div[2]/ul/li[3]"}
  (Session info: chrome=73.0.3683.103)
  (Driver info: chromedriver=2.35.528161 (5b82f2d2aae0ca24b877009200ced9065a772e73),platform=Windows NT 10.0.17134 x86_64) (WARNING: The server did not provide any stacktrace information)
Command duration or timeout: 0 milliseconds
For documentation on this error, please visit: http://seleniumhq.org/exceptions/no_such_element.html
Build info: version: '3.7.1', revision: '8a0099a', time: '2017-11-06T21:07:36.161Z'
System info: host: 'DESKTOP-4M6R1V0', ip: '10.0.2.15', os.name: 'Windows 10', os.arch: 'amd64', os.version: '10.0', java.version: '1.8.0_181'
Driver info: com.kms.katalon.selenium.driver.CChromeDriver
Capabilities {acceptInsecureCerts: false, acceptSslCerts: false, applicationCacheEnabled: false, browserConnectionEnabled: false, browserName: chrome, chrome: {chromedriverVersion: 2.35.528161 (5b82f2d2aae0ca..., userDataDir: C:\Users\CLOUDK~1\AppData\L...}, cssSelectorsEnabled: true, databaseEnabled: false, handlesAlerts: true, hasTouchScreen: false, javascriptEnabled: true, locationContextEnabled: true, mobileEmulationEnabled: false, nativeEvents: true, networkConnectionEnabled: false, pageLoadStrategy: normal, platform: XP, platformName: XP, rotatable: false, setWindowRect: true, takesHeapSnapshot: true, takesScreenshot: true, unexpectedAlertBehaviour: , unhandledPromptBehavior: , version: 73.0.3683.103, webStorageEnabled: true}
Session ID: e30c37e72384922c98aa97af135c90bb
*** Element info: {Using=xpath, value=//*[@id="content"]/div/div/div/div[2]/div[3]/div[6]/div/div/div/div[2]/ul/li[3]}

2019-04-26 11:15:11 - [TEST_STEP][FAILED] - callTestCase: Unable to call Test Case with id 'Test Cases/Operational_Dashboard/177' (Root cause: Call Test Case 'Test Cases/Operational_Dashboard/177' failed because of error(s))

2019-04-26 11:15:11 - [TEST_CASE][ERROR] - Test Cases/Operational_Dashboard/177: Test Cases/Operational_Dashboard/177 FAILED because (of) org.openqa.selenium.NoSuchElementException: no such element: Unable to locate element: {"method":"xpath","selector":"//*[@id="content"]/div/div/div/div[2]/div[3]/div[6]/div/div/div/div[2]/ul/li[3]"}
  (Session info: chrome=73.0.3683.103)
  (Driver info: chromedriver=2.35.528161 (5b82f2d2aae0ca24b877009200ced9065a772e73),platform=Windows NT 10.0.17134 x86_64) (WARNING: The server did not provide any stacktrace information)
Command duration or timeout: 0 milliseconds
For documentation on this error, please visit: http://seleniumhq.org/exceptions/no_such_element.html
Build info: version: '3.7.1', revision: '8a0099a', time: '2017-11-06T21:07:36.161Z'
System info: host: 'DESKTOP-4M6R1V0', ip: '10.0.2.15', os.name: 'Windows 10', os.arch: 'amd64', os.version: '10.0', java.version: '1.8.0_181'
Driver info: com.kms.katalon.selenium.driver.CChromeDriver
Capabilities {acceptInsecureCerts: false, acceptSslCerts: false, applicationCacheEnabled: false, browserConnectionEnabled: false, browserName: chrome, chrome: {chromedriverVersion: 2.35.528161 (5b82f2d2aae0ca..., userDataDir: C:\Users\CLOUDK~1\AppData\L...}, cssSelectorsEnabled: true, databaseEnabled: false, handlesAlerts: true, hasTouchScreen: false, javascriptEnabled: true, locationContextEnabled: true, mobileEmulationEnabled: false, nativeEvents: true, networkConnectionEnabled: false, pageLoadStrategy: normal, platform: XP, platformName: XP, rotatable: false, setWindowRect: true, takesHeapSnapshot: true, takesScreenshot: true, unexpectedAlertBehaviour: , unhandledPromptBehavior: , version: 73.0.3683.103, webStorageEnabled: true}
Session ID: e30c37e72384922c98aa97af135c90bb
*** Element info: {Using=xpath, value=//*[@id="content"]/div/div/div/div[2]/div[3]/div[6]/div/div/div/div[2]/ul/li[3]}

2019-04-26 11:15:11 - [TEST_STEP][PASSED] - callTestCase: Call Test Case 'Test Cases/Operational_Dashboard/Login' successfully

2019-04-26 11:15:11 - [TEST_CASE][PASSED] - Test Cases/Operational_Dashboard/Login: Test Cases/Operational_Dashboard/Login

2019-04-26 11:15:11 - [TEST_STEP][PASSED] - callTestCase: Call Test Case 'Test Cases/s-sidebar_navigation/individualAccount/operationalDashboard' successfully

2019-04-26 11:15:11 - [TEST_CASE][PASSED] - Test Cases/s-sidebar_navigation/individualAccount/operationalDashboard: Test Cases/s-sidebar_navigation/individualAccount/operationalDashboard

2019-04-26 11:15:11 - [TEST_STEP][PASSED] - click: Object: 'Object Repository/Page_KiboEngage  Subscribers/span_Subscribers' is clicked on

2019-04-26 11:15:12 - [MESSAGE][PASSED] - Object: 'Object Repository/Page_KiboEngage  Subscribers/span_Subscribers' is clicked on

2019-04-26 11:15:12 - [TEST_STEP][PASSED] - click: Object: 'Object Repository/Page_KiboEngage  Subscribers/span_Operational Dashboard (1)' is clicked on

2019-04-26 11:15:12 - [MESSAGE][PASSED] - Object: 'Object Repository/Page_KiboEngage  Subscribers/span_Operational Dashboard (1)' is clicked on

2019-04-26 11:15:12 - [TEST_STEP][PASSED] - scrollToPosition: Browser is scrolled to position x = 0, y = 0

2019-04-26 11:15:13 - [MESSAGE][PASSED] - Browser is scrolled to position x = 0, y = 0

2019-04-26 11:15:13 - [TEST_STEP][PASSED] - click: Object: 'Object Repository/Page_KiboEngage  Operational Dashbo/h3_Pages Info (4)' is clicked on

2019-04-26 11:15:14 - [MESSAGE][PASSED] - Object: 'Object Repository/Page_KiboEngage  Operational Dashbo/h3_Pages Info (4)' is clicked on

2019-04-26 11:15:14 - [MESSAGE][PASSED] - Call Test Case 'Test Cases/s-sidebar_navigation/individualAccount/operationalDashboard' successfully

2019-04-26 11:15:14 - [MESSAGE][PASSED] - Call Test Case 'Test Cases/Operational_Dashboard/Login' successfully

2019-04-26 11:15:14 - [TEST_STEP][PASSED] - Statement - driver = com.kms.katalon.core.webui.driver.DriverFactory.getWebDriver(): null

2019-04-26 11:15:14 - [TEST_STEP][PASSED] - Statement - popup_survey = driver.findElement(org.openqa.selenium.By.xpath("//*[@id="content"]/div/div/div/div[2]/div[3]/div[6]/div/div/div/div[2]/ul/li[3]")): null

2019-04-26 11:15:14 - [MESSAGE][FAILED] - Unable to call Test Case with id 'Test Cases/Operational_Dashboard/177' (Root cause: Call Test Case 'Test Cases/Operational_Dashboard/177' failed because of error(s))]]></system-out>
         <system-err><![CDATA[2019-04-26 11:15:11 - [TEST_CASE][ERROR] - Test Cases/Operational_Dashboard/183: Test Cases/Operational_Dashboard/183 FAILED because (of) org.openqa.selenium.NoSuchElementException: no such element: Unable to locate element: {"method":"xpath","selector":"//*[@id="content"]/div/div/div/div[2]/div[3]/div[6]/div/div/div/div[2]/ul/li[3]"}
  (Session info: chrome=73.0.3683.103)
  (Driver info: chromedriver=2.35.528161 (5b82f2d2aae0ca24b877009200ced9065a772e73),platform=Windows NT 10.0.17134 x86_64) (WARNING: The server did not provide any stacktrace information)
Command duration or timeout: 0 milliseconds
For documentation on this error, please visit: http://seleniumhq.org/exceptions/no_such_element.html
Build info: version: '3.7.1', revision: '8a0099a', time: '2017-11-06T21:07:36.161Z'
System info: host: 'DESKTOP-4M6R1V0', ip: '10.0.2.15', os.name: 'Windows 10', os.arch: 'amd64', os.version: '10.0', java.version: '1.8.0_181'
Driver info: com.kms.katalon.selenium.driver.CChromeDriver
Capabilities {acceptInsecureCerts: false, acceptSslCerts: false, applicationCacheEnabled: false, browserConnectionEnabled: false, browserName: chrome, chrome: {chromedriverVersion: 2.35.528161 (5b82f2d2aae0ca..., userDataDir: C:\Users\CLOUDK~1\AppData\L...}, cssSelectorsEnabled: true, databaseEnabled: false, handlesAlerts: true, hasTouchScreen: false, javascriptEnabled: true, locationContextEnabled: true, mobileEmulationEnabled: false, nativeEvents: true, networkConnectionEnabled: false, pageLoadStrategy: normal, platform: XP, platformName: XP, rotatable: false, setWindowRect: true, takesHeapSnapshot: true, takesScreenshot: true, unexpectedAlertBehaviour: , unhandledPromptBehavior: , version: 73.0.3683.103, webStorageEnabled: true}
Session ID: e30c37e72384922c98aa97af135c90bb
*** Element info: {Using=xpath, value=//*[@id="content"]/div/div/div/div[2]/div[3]/div[6]/div/div/div/div[2]/ul/li[3]}]]></system-err>
      </testcase>
      <testcase name="Test Cases/Operational_Dashboard/184" classname="Test Cases/Operational_Dashboard/184" status="ERROR">
         <error type="ERROR" message="Test Cases/Operational_Dashboard/184 FAILED because (of) org.openqa.selenium.NoSuchElementException: no such element: Unable to locate element: {&quot;method&quot;:&quot;xpath&quot;,&quot;selector&quot;:&quot;//*[@id=&quot;content&quot;]/div/div/div/div[2]/div[3]/div[6]/div/div/div/div[2]/ul/li[3]&quot;}
  (Session info: chrome=73.0.3683.103)
  (Driver info: chromedriver=2.35.528161 (5b82f2d2aae0ca24b877009200ced9065a772e73),platform=Windows NT 10.0.17134 x86_64) (WARNING: The server did not provide any stacktrace information)
Command duration or timeout: 0 milliseconds
For documentation on this error, please visit: http://seleniumhq.org/exceptions/no_such_element.html
Build info: version: '3.7.1', revision: '8a0099a', time: '2017-11-06T21:07:36.161Z'
System info: host: 'DESKTOP-4M6R1V0', ip: '10.0.2.15', os.name: 'Windows 10', os.arch: 'amd64', os.version: '10.0', java.version: '1.8.0_181'
Driver info: com.kms.katalon.selenium.driver.CChromeDriver
Capabilities {acceptInsecureCerts: false, acceptSslCerts: false, applicationCacheEnabled: false, browserConnectionEnabled: false, browserName: chrome, chrome: {chromedriverVersion: 2.35.528161 (5b82f2d2aae0ca..., userDataDir: C:\Users\CLOUDK~1\AppData\L...}, cssSelectorsEnabled: true, databaseEnabled: false, handlesAlerts: true, hasTouchScreen: false, javascriptEnabled: true, locationContextEnabled: true, mobileEmulationEnabled: false, nativeEvents: true, networkConnectionEnabled: false, pageLoadStrategy: normal, platform: XP, platformName: XP, rotatable: false, setWindowRect: true, takesHeapSnapshot: true, takesScreenshot: true, unexpectedAlertBehaviour: , unhandledPromptBehavior: , version: 73.0.3683.103, webStorageEnabled: true}
Session ID: e30c37e72384922c98aa97af135c90bb
*** Element info: {Using=xpath, value=//*[@id=&quot;content&quot;]/div/div/div/div[2]/div[3]/div[6]/div/div/div/div[2]/ul/li[3]}"/>
         <system-out><![CDATA[2019-04-26 11:15:14 - [TEST_CASE][ERROR] - Test Cases/Operational_Dashboard/184: Test Cases/Operational_Dashboard/184 FAILED because (of) org.openqa.selenium.NoSuchElementException: no such element: Unable to locate element: {"method":"xpath","selector":"//*[@id="content"]/div/div/div/div[2]/div[3]/div[6]/div/div/div/div[2]/ul/li[3]"}
  (Session info: chrome=73.0.3683.103)
  (Driver info: chromedriver=2.35.528161 (5b82f2d2aae0ca24b877009200ced9065a772e73),platform=Windows NT 10.0.17134 x86_64) (WARNING: The server did not provide any stacktrace information)
Command duration or timeout: 0 milliseconds
For documentation on this error, please visit: http://seleniumhq.org/exceptions/no_such_element.html
Build info: version: '3.7.1', revision: '8a0099a', time: '2017-11-06T21:07:36.161Z'
System info: host: 'DESKTOP-4M6R1V0', ip: '10.0.2.15', os.name: 'Windows 10', os.arch: 'amd64', os.version: '10.0', java.version: '1.8.0_181'
Driver info: com.kms.katalon.selenium.driver.CChromeDriver
Capabilities {acceptInsecureCerts: false, acceptSslCerts: false, applicationCacheEnabled: false, browserConnectionEnabled: false, browserName: chrome, chrome: {chromedriverVersion: 2.35.528161 (5b82f2d2aae0ca..., userDataDir: C:\Users\CLOUDK~1\AppData\L...}, cssSelectorsEnabled: true, databaseEnabled: false, handlesAlerts: true, hasTouchScreen: false, javascriptEnabled: true, locationContextEnabled: true, mobileEmulationEnabled: false, nativeEvents: true, networkConnectionEnabled: false, pageLoadStrategy: normal, platform: XP, platformName: XP, rotatable: false, setWindowRect: true, takesHeapSnapshot: true, takesScreenshot: true, unexpectedAlertBehaviour: , unhandledPromptBehavior: , version: 73.0.3683.103, webStorageEnabled: true}
Session ID: e30c37e72384922c98aa97af135c90bb
*** Element info: {Using=xpath, value=//*[@id="content"]/div/div/div/div[2]/div[3]/div[6]/div/div/div/div[2]/ul/li[3]}

2019-04-26 11:15:14 - [TEST_STEP][FAILED] - callTestCase: Unable to call Test Case with id 'Test Cases/Operational_Dashboard/177' (Root cause: Call Test Case 'Test Cases/Operational_Dashboard/177' failed because of error(s))

2019-04-26 11:15:14 - [TEST_CASE][ERROR] - Test Cases/Operational_Dashboard/177: Test Cases/Operational_Dashboard/177 FAILED because (of) org.openqa.selenium.NoSuchElementException: no such element: Unable to locate element: {"method":"xpath","selector":"//*[@id="content"]/div/div/div/div[2]/div[3]/div[6]/div/div/div/div[2]/ul/li[3]"}
  (Session info: chrome=73.0.3683.103)
  (Driver info: chromedriver=2.35.528161 (5b82f2d2aae0ca24b877009200ced9065a772e73),platform=Windows NT 10.0.17134 x86_64) (WARNING: The server did not provide any stacktrace information)
Command duration or timeout: 0 milliseconds
For documentation on this error, please visit: http://seleniumhq.org/exceptions/no_such_element.html
Build info: version: '3.7.1', revision: '8a0099a', time: '2017-11-06T21:07:36.161Z'
System info: host: 'DESKTOP-4M6R1V0', ip: '10.0.2.15', os.name: 'Windows 10', os.arch: 'amd64', os.version: '10.0', java.version: '1.8.0_181'
Driver info: com.kms.katalon.selenium.driver.CChromeDriver
Capabilities {acceptInsecureCerts: false, acceptSslCerts: false, applicationCacheEnabled: false, browserConnectionEnabled: false, browserName: chrome, chrome: {chromedriverVersion: 2.35.528161 (5b82f2d2aae0ca..., userDataDir: C:\Users\CLOUDK~1\AppData\L...}, cssSelectorsEnabled: true, databaseEnabled: false, handlesAlerts: true, hasTouchScreen: false, javascriptEnabled: true, locationContextEnabled: true, mobileEmulationEnabled: false, nativeEvents: true, networkConnectionEnabled: false, pageLoadStrategy: normal, platform: XP, platformName: XP, rotatable: false, setWindowRect: true, takesHeapSnapshot: true, takesScreenshot: true, unexpectedAlertBehaviour: , unhandledPromptBehavior: , version: 73.0.3683.103, webStorageEnabled: true}
Session ID: e30c37e72384922c98aa97af135c90bb
*** Element info: {Using=xpath, value=//*[@id="content"]/div/div/div/div[2]/div[3]/div[6]/div/div/div/div[2]/ul/li[3]}

2019-04-26 11:15:14 - [TEST_STEP][PASSED] - callTestCase: Call Test Case 'Test Cases/Operational_Dashboard/Login' successfully

2019-04-26 11:15:14 - [TEST_CASE][PASSED] - Test Cases/Operational_Dashboard/Login: Test Cases/Operational_Dashboard/Login

2019-04-26 11:15:14 - [TEST_STEP][PASSED] - callTestCase: Call Test Case 'Test Cases/s-sidebar_navigation/individualAccount/operationalDashboard' successfully

2019-04-26 11:15:14 - [TEST_CASE][PASSED] - Test Cases/s-sidebar_navigation/individualAccount/operationalDashboard: Test Cases/s-sidebar_navigation/individualAccount/operationalDashboard

2019-04-26 11:15:14 - [TEST_STEP][PASSED] - click: Object: 'Object Repository/Page_KiboEngage  Subscribers/span_Subscribers' is clicked on

2019-04-26 11:15:15 - [MESSAGE][PASSED] - Object: 'Object Repository/Page_KiboEngage  Subscribers/span_Subscribers' is clicked on

2019-04-26 11:15:15 - [TEST_STEP][PASSED] - click: Object: 'Object Repository/Page_KiboEngage  Subscribers/span_Operational Dashboard (1)' is clicked on

2019-04-26 11:15:16 - [MESSAGE][PASSED] - Object: 'Object Repository/Page_KiboEngage  Subscribers/span_Operational Dashboard (1)' is clicked on

2019-04-26 11:15:16 - [TEST_STEP][PASSED] - scrollToPosition: Browser is scrolled to position x = 0, y = 0

2019-04-26 11:15:16 - [MESSAGE][PASSED] - Browser is scrolled to position x = 0, y = 0

2019-04-26 11:15:16 - [TEST_STEP][PASSED] - click: Object: 'Object Repository/Page_KiboEngage  Operational Dashbo/h3_Pages Info (4)' is clicked on

2019-04-26 11:15:17 - [MESSAGE][PASSED] - Object: 'Object Repository/Page_KiboEngage  Operational Dashbo/h3_Pages Info (4)' is clicked on

2019-04-26 11:15:17 - [MESSAGE][PASSED] - Call Test Case 'Test Cases/s-sidebar_navigation/individualAccount/operationalDashboard' successfully

2019-04-26 11:15:17 - [MESSAGE][PASSED] - Call Test Case 'Test Cases/Operational_Dashboard/Login' successfully

2019-04-26 11:15:17 - [TEST_STEP][PASSED] - Statement - driver = com.kms.katalon.core.webui.driver.DriverFactory.getWebDriver(): null

2019-04-26 11:15:17 - [TEST_STEP][PASSED] - Statement - popup_survey = driver.findElement(org.openqa.selenium.By.xpath("//*[@id="content"]/div/div/div/div[2]/div[3]/div[6]/div/div/div/div[2]/ul/li[3]")): null

2019-04-26 11:15:17 - [MESSAGE][FAILED] - Unable to call Test Case with id 'Test Cases/Operational_Dashboard/177' (Root cause: Call Test Case 'Test Cases/Operational_Dashboard/177' failed because of error(s))]]></system-out>
         <system-err><![CDATA[2019-04-26 11:15:14 - [TEST_CASE][ERROR] - Test Cases/Operational_Dashboard/184: Test Cases/Operational_Dashboard/184 FAILED because (of) org.openqa.selenium.NoSuchElementException: no such element: Unable to locate element: {"method":"xpath","selector":"//*[@id="content"]/div/div/div/div[2]/div[3]/div[6]/div/div/div/div[2]/ul/li[3]"}
  (Session info: chrome=73.0.3683.103)
  (Driver info: chromedriver=2.35.528161 (5b82f2d2aae0ca24b877009200ced9065a772e73),platform=Windows NT 10.0.17134 x86_64) (WARNING: The server did not provide any stacktrace information)
Command duration or timeout: 0 milliseconds
For documentation on this error, please visit: http://seleniumhq.org/exceptions/no_such_element.html
Build info: version: '3.7.1', revision: '8a0099a', time: '2017-11-06T21:07:36.161Z'
System info: host: 'DESKTOP-4M6R1V0', ip: '10.0.2.15', os.name: 'Windows 10', os.arch: 'amd64', os.version: '10.0', java.version: '1.8.0_181'
Driver info: com.kms.katalon.selenium.driver.CChromeDriver
Capabilities {acceptInsecureCerts: false, acceptSslCerts: false, applicationCacheEnabled: false, browserConnectionEnabled: false, browserName: chrome, chrome: {chromedriverVersion: 2.35.528161 (5b82f2d2aae0ca..., userDataDir: C:\Users\CLOUDK~1\AppData\L...}, cssSelectorsEnabled: true, databaseEnabled: false, handlesAlerts: true, hasTouchScreen: false, javascriptEnabled: true, locationContextEnabled: true, mobileEmulationEnabled: false, nativeEvents: true, networkConnectionEnabled: false, pageLoadStrategy: normal, platform: XP, platformName: XP, rotatable: false, setWindowRect: true, takesHeapSnapshot: true, takesScreenshot: true, unexpectedAlertBehaviour: , unhandledPromptBehavior: , version: 73.0.3683.103, webStorageEnabled: true}
Session ID: e30c37e72384922c98aa97af135c90bb
*** Element info: {Using=xpath, value=//*[@id="content"]/div/div/div/div[2]/div[3]/div[6]/div/div/div/div[2]/ul/li[3]}]]></system-err>
      </testcase>
      <testcase name="Test Cases/Operational_Dashboard/185" classname="Test Cases/Operational_Dashboard/185" status="ERROR">
         <error type="ERROR" message="Test Cases/Operational_Dashboard/185 FAILED because (of) org.openqa.selenium.NoSuchElementException: no such element: Unable to locate element: {&quot;method&quot;:&quot;xpath&quot;,&quot;selector&quot;:&quot;//*[@id=&quot;content&quot;]/div/div/div/div[2]/div[3]/div[6]/div/div/div/div[2]/ul/li[3]&quot;}
  (Session info: chrome=73.0.3683.103)
  (Driver info: chromedriver=2.35.528161 (5b82f2d2aae0ca24b877009200ced9065a772e73),platform=Windows NT 10.0.17134 x86_64) (WARNING: The server did not provide any stacktrace information)
Command duration or timeout: 0 milliseconds
For documentation on this error, please visit: http://seleniumhq.org/exceptions/no_such_element.html
Build info: version: '3.7.1', revision: '8a0099a', time: '2017-11-06T21:07:36.161Z'
System info: host: 'DESKTOP-4M6R1V0', ip: '10.0.2.15', os.name: 'Windows 10', os.arch: 'amd64', os.version: '10.0', java.version: '1.8.0_181'
Driver info: com.kms.katalon.selenium.driver.CChromeDriver
Capabilities {acceptInsecureCerts: false, acceptSslCerts: false, applicationCacheEnabled: false, browserConnectionEnabled: false, browserName: chrome, chrome: {chromedriverVersion: 2.35.528161 (5b82f2d2aae0ca..., userDataDir: C:\Users\CLOUDK~1\AppData\L...}, cssSelectorsEnabled: true, databaseEnabled: false, handlesAlerts: true, hasTouchScreen: false, javascriptEnabled: true, locationContextEnabled: true, mobileEmulationEnabled: false, nativeEvents: true, networkConnectionEnabled: false, pageLoadStrategy: normal, platform: XP, platformName: XP, rotatable: false, setWindowRect: true, takesHeapSnapshot: true, takesScreenshot: true, unexpectedAlertBehaviour: , unhandledPromptBehavior: , version: 73.0.3683.103, webStorageEnabled: true}
Session ID: e30c37e72384922c98aa97af135c90bb
*** Element info: {Using=xpath, value=//*[@id=&quot;content&quot;]/div/div/div/div[2]/div[3]/div[6]/div/div/div/div[2]/ul/li[3]}"/>
         <system-out><![CDATA[2019-04-26 11:15:17 - [TEST_CASE][ERROR] - Test Cases/Operational_Dashboard/185: Test Cases/Operational_Dashboard/185 FAILED because (of) org.openqa.selenium.NoSuchElementException: no such element: Unable to locate element: {"method":"xpath","selector":"//*[@id="content"]/div/div/div/div[2]/div[3]/div[6]/div/div/div/div[2]/ul/li[3]"}
  (Session info: chrome=73.0.3683.103)
  (Driver info: chromedriver=2.35.528161 (5b82f2d2aae0ca24b877009200ced9065a772e73),platform=Windows NT 10.0.17134 x86_64) (WARNING: The server did not provide any stacktrace information)
Command duration or timeout: 0 milliseconds
For documentation on this error, please visit: http://seleniumhq.org/exceptions/no_such_element.html
Build info: version: '3.7.1', revision: '8a0099a', time: '2017-11-06T21:07:36.161Z'
System info: host: 'DESKTOP-4M6R1V0', ip: '10.0.2.15', os.name: 'Windows 10', os.arch: 'amd64', os.version: '10.0', java.version: '1.8.0_181'
Driver info: com.kms.katalon.selenium.driver.CChromeDriver
Capabilities {acceptInsecureCerts: false, acceptSslCerts: false, applicationCacheEnabled: false, browserConnectionEnabled: false, browserName: chrome, chrome: {chromedriverVersion: 2.35.528161 (5b82f2d2aae0ca..., userDataDir: C:\Users\CLOUDK~1\AppData\L...}, cssSelectorsEnabled: true, databaseEnabled: false, handlesAlerts: true, hasTouchScreen: false, javascriptEnabled: true, locationContextEnabled: true, mobileEmulationEnabled: false, nativeEvents: true, networkConnectionEnabled: false, pageLoadStrategy: normal, platform: XP, platformName: XP, rotatable: false, setWindowRect: true, takesHeapSnapshot: true, takesScreenshot: true, unexpectedAlertBehaviour: , unhandledPromptBehavior: , version: 73.0.3683.103, webStorageEnabled: true}
Session ID: e30c37e72384922c98aa97af135c90bb
*** Element info: {Using=xpath, value=//*[@id="content"]/div/div/div/div[2]/div[3]/div[6]/div/div/div/div[2]/ul/li[3]}

2019-04-26 11:15:17 - [TEST_STEP][FAILED] - callTestCase: Unable to call Test Case with id 'Test Cases/Operational_Dashboard/184' (Root cause: Call Test Case 'Test Cases/Operational_Dashboard/184' failed because of error(s))

2019-04-26 11:15:18 - [TEST_CASE][ERROR] - Test Cases/Operational_Dashboard/184: Test Cases/Operational_Dashboard/184 FAILED because (of) org.openqa.selenium.NoSuchElementException: no such element: Unable to locate element: {"method":"xpath","selector":"//*[@id="content"]/div/div/div/div[2]/div[3]/div[6]/div/div/div/div[2]/ul/li[3]"}
  (Session info: chrome=73.0.3683.103)
  (Driver info: chromedriver=2.35.528161 (5b82f2d2aae0ca24b877009200ced9065a772e73),platform=Windows NT 10.0.17134 x86_64) (WARNING: The server did not provide any stacktrace information)
Command duration or timeout: 0 milliseconds
For documentation on this error, please visit: http://seleniumhq.org/exceptions/no_such_element.html
Build info: version: '3.7.1', revision: '8a0099a', time: '2017-11-06T21:07:36.161Z'
System info: host: 'DESKTOP-4M6R1V0', ip: '10.0.2.15', os.name: 'Windows 10', os.arch: 'amd64', os.version: '10.0', java.version: '1.8.0_181'
Driver info: com.kms.katalon.selenium.driver.CChromeDriver
Capabilities {acceptInsecureCerts: false, acceptSslCerts: false, applicationCacheEnabled: false, browserConnectionEnabled: false, browserName: chrome, chrome: {chromedriverVersion: 2.35.528161 (5b82f2d2aae0ca..., userDataDir: C:\Users\CLOUDK~1\AppData\L...}, cssSelectorsEnabled: true, databaseEnabled: false, handlesAlerts: true, hasTouchScreen: false, javascriptEnabled: true, locationContextEnabled: true, mobileEmulationEnabled: false, nativeEvents: true, networkConnectionEnabled: false, pageLoadStrategy: normal, platform: XP, platformName: XP, rotatable: false, setWindowRect: true, takesHeapSnapshot: true, takesScreenshot: true, unexpectedAlertBehaviour: , unhandledPromptBehavior: , version: 73.0.3683.103, webStorageEnabled: true}
Session ID: e30c37e72384922c98aa97af135c90bb
*** Element info: {Using=xpath, value=//*[@id="content"]/div/div/div/div[2]/div[3]/div[6]/div/div/div/div[2]/ul/li[3]}

2019-04-26 11:15:18 - [TEST_STEP][FAILED] - callTestCase: Unable to call Test Case with id 'Test Cases/Operational_Dashboard/177' (Root cause: Call Test Case 'Test Cases/Operational_Dashboard/177' failed because of error(s))

2019-04-26 11:15:18 - [TEST_CASE][ERROR] - Test Cases/Operational_Dashboard/177: Test Cases/Operational_Dashboard/177 FAILED because (of) org.openqa.selenium.NoSuchElementException: no such element: Unable to locate element: {"method":"xpath","selector":"//*[@id="content"]/div/div/div/div[2]/div[3]/div[6]/div/div/div/div[2]/ul/li[3]"}
  (Session info: chrome=73.0.3683.103)
  (Driver info: chromedriver=2.35.528161 (5b82f2d2aae0ca24b877009200ced9065a772e73),platform=Windows NT 10.0.17134 x86_64) (WARNING: The server did not provide any stacktrace information)
Command duration or timeout: 0 milliseconds
For documentation on this error, please visit: http://seleniumhq.org/exceptions/no_such_element.html
Build info: version: '3.7.1', revision: '8a0099a', time: '2017-11-06T21:07:36.161Z'
System info: host: 'DESKTOP-4M6R1V0', ip: '10.0.2.15', os.name: 'Windows 10', os.arch: 'amd64', os.version: '10.0', java.version: '1.8.0_181'
Driver info: com.kms.katalon.selenium.driver.CChromeDriver
Capabilities {acceptInsecureCerts: false, acceptSslCerts: false, applicationCacheEnabled: false, browserConnectionEnabled: false, browserName: chrome, chrome: {chromedriverVersion: 2.35.528161 (5b82f2d2aae0ca..., userDataDir: C:\Users\CLOUDK~1\AppData\L...}, cssSelectorsEnabled: true, databaseEnabled: false, handlesAlerts: true, hasTouchScreen: false, javascriptEnabled: true, locationContextEnabled: true, mobileEmulationEnabled: false, nativeEvents: true, networkConnectionEnabled: false, pageLoadStrategy: normal, platform: XP, platformName: XP, rotatable: false, setWindowRect: true, takesHeapSnapshot: true, takesScreenshot: true, unexpectedAlertBehaviour: , unhandledPromptBehavior: , version: 73.0.3683.103, webStorageEnabled: true}
Session ID: e30c37e72384922c98aa97af135c90bb
*** Element info: {Using=xpath, value=//*[@id="content"]/div/div/div/div[2]/div[3]/div[6]/div/div/div/div[2]/ul/li[3]}

2019-04-26 11:15:18 - [TEST_STEP][PASSED] - callTestCase: Call Test Case 'Test Cases/Operational_Dashboard/Login' successfully

2019-04-26 11:15:18 - [TEST_CASE][PASSED] - Test Cases/Operational_Dashboard/Login: Test Cases/Operational_Dashboard/Login

2019-04-26 11:15:18 - [TEST_STEP][PASSED] - callTestCase: Call Test Case 'Test Cases/s-sidebar_navigation/individualAccount/operationalDashboard' successfully

2019-04-26 11:15:18 - [TEST_CASE][PASSED] - Test Cases/s-sidebar_navigation/individualAccount/operationalDashboard: Test Cases/s-sidebar_navigation/individualAccount/operationalDashboard

2019-04-26 11:15:18 - [TEST_STEP][PASSED] - click: Object: 'Object Repository/Page_KiboEngage  Subscribers/span_Subscribers' is clicked on

2019-04-26 11:15:19 - [MESSAGE][PASSED] - Object: 'Object Repository/Page_KiboEngage  Subscribers/span_Subscribers' is clicked on

2019-04-26 11:15:19 - [TEST_STEP][PASSED] - click: Object: 'Object Repository/Page_KiboEngage  Subscribers/span_Operational Dashboard (1)' is clicked on

2019-04-26 11:15:20 - [MESSAGE][PASSED] - Object: 'Object Repository/Page_KiboEngage  Subscribers/span_Operational Dashboard (1)' is clicked on

2019-04-26 11:15:20 - [TEST_STEP][PASSED] - scrollToPosition: Browser is scrolled to position x = 0, y = 0

2019-04-26 11:15:21 - [MESSAGE][PASSED] - Browser is scrolled to position x = 0, y = 0

2019-04-26 11:15:21 - [TEST_STEP][PASSED] - click: Object: 'Object Repository/Page_KiboEngage  Operational Dashbo/h3_Pages Info (4)' is clicked on

2019-04-26 11:15:21 - [MESSAGE][PASSED] - Object: 'Object Repository/Page_KiboEngage  Operational Dashbo/h3_Pages Info (4)' is clicked on

2019-04-26 11:15:21 - [MESSAGE][PASSED] - Call Test Case 'Test Cases/s-sidebar_navigation/individualAccount/operationalDashboard' successfully

2019-04-26 11:15:21 - [MESSAGE][PASSED] - Call Test Case 'Test Cases/Operational_Dashboard/Login' successfully

2019-04-26 11:15:21 - [TEST_STEP][PASSED] - Statement - driver = com.kms.katalon.core.webui.driver.DriverFactory.getWebDriver(): null

2019-04-26 11:15:21 - [TEST_STEP][PASSED] - Statement - popup_survey = driver.findElement(org.openqa.selenium.By.xpath("//*[@id="content"]/div/div/div/div[2]/div[3]/div[6]/div/div/div/div[2]/ul/li[3]")): null

2019-04-26 11:15:21 - [MESSAGE][FAILED] - Unable to call Test Case with id 'Test Cases/Operational_Dashboard/177' (Root cause: Call Test Case 'Test Cases/Operational_Dashboard/177' failed because of error(s))

2019-04-26 11:15:21 - [MESSAGE][FAILED] - Unable to call Test Case with id 'Test Cases/Operational_Dashboard/184' (Root cause: Call Test Case 'Test Cases/Operational_Dashboard/184' failed because of error(s))]]></system-out>
         <system-err><![CDATA[2019-04-26 11:15:17 - [TEST_CASE][ERROR] - Test Cases/Operational_Dashboard/185: Test Cases/Operational_Dashboard/185 FAILED because (of) org.openqa.selenium.NoSuchElementException: no such element: Unable to locate element: {"method":"xpath","selector":"//*[@id="content"]/div/div/div/div[2]/div[3]/div[6]/div/div/div/div[2]/ul/li[3]"}
  (Session info: chrome=73.0.3683.103)
  (Driver info: chromedriver=2.35.528161 (5b82f2d2aae0ca24b877009200ced9065a772e73),platform=Windows NT 10.0.17134 x86_64) (WARNING: The server did not provide any stacktrace information)
Command duration or timeout: 0 milliseconds
For documentation on this error, please visit: http://seleniumhq.org/exceptions/no_such_element.html
Build info: version: '3.7.1', revision: '8a0099a', time: '2017-11-06T21:07:36.161Z'
System info: host: 'DESKTOP-4M6R1V0', ip: '10.0.2.15', os.name: 'Windows 10', os.arch: 'amd64', os.version: '10.0', java.version: '1.8.0_181'
Driver info: com.kms.katalon.selenium.driver.CChromeDriver
Capabilities {acceptInsecureCerts: false, acceptSslCerts: false, applicationCacheEnabled: false, browserConnectionEnabled: false, browserName: chrome, chrome: {chromedriverVersion: 2.35.528161 (5b82f2d2aae0ca..., userDataDir: C:\Users\CLOUDK~1\AppData\L...}, cssSelectorsEnabled: true, databaseEnabled: false, handlesAlerts: true, hasTouchScreen: false, javascriptEnabled: true, locationContextEnabled: true, mobileEmulationEnabled: false, nativeEvents: true, networkConnectionEnabled: false, pageLoadStrategy: normal, platform: XP, platformName: XP, rotatable: false, setWindowRect: true, takesHeapSnapshot: true, takesScreenshot: true, unexpectedAlertBehaviour: , unhandledPromptBehavior: , version: 73.0.3683.103, webStorageEnabled: true}
Session ID: e30c37e72384922c98aa97af135c90bb
*** Element info: {Using=xpath, value=//*[@id="content"]/div/div/div/div[2]/div[3]/div[6]/div/div/div/div[2]/ul/li[3]}]]></system-err>
      </testcase>
      <testcase name="Test Cases/Operational_Dashboard/186" classname="Test Cases/Operational_Dashboard/186" status="ERROR">
         <error type="ERROR" message="Test Cases/Operational_Dashboard/186 FAILED because (of) org.openqa.selenium.NoSuchElementException: no such element: Unable to locate element: {&quot;method&quot;:&quot;xpath&quot;,&quot;selector&quot;:&quot;//*[@id=&quot;content&quot;]/div/div/div/div[2]/div[3]/div[6]/div/div/div/div[2]/ul/li[3]&quot;}
  (Session info: chrome=73.0.3683.103)
  (Driver info: chromedriver=2.35.528161 (5b82f2d2aae0ca24b877009200ced9065a772e73),platform=Windows NT 10.0.17134 x86_64) (WARNING: The server did not provide any stacktrace information)
Command duration or timeout: 0 milliseconds
For documentation on this error, please visit: http://seleniumhq.org/exceptions/no_such_element.html
Build info: version: '3.7.1', revision: '8a0099a', time: '2017-11-06T21:07:36.161Z'
System info: host: 'DESKTOP-4M6R1V0', ip: '10.0.2.15', os.name: 'Windows 10', os.arch: 'amd64', os.version: '10.0', java.version: '1.8.0_181'
Driver info: com.kms.katalon.selenium.driver.CChromeDriver
Capabilities {acceptInsecureCerts: false, acceptSslCerts: false, applicationCacheEnabled: false, browserConnectionEnabled: false, browserName: chrome, chrome: {chromedriverVersion: 2.35.528161 (5b82f2d2aae0ca..., userDataDir: C:\Users\CLOUDK~1\AppData\L...}, cssSelectorsEnabled: true, databaseEnabled: false, handlesAlerts: true, hasTouchScreen: false, javascriptEnabled: true, locationContextEnabled: true, mobileEmulationEnabled: false, nativeEvents: true, networkConnectionEnabled: false, pageLoadStrategy: normal, platform: XP, platformName: XP, rotatable: false, setWindowRect: true, takesHeapSnapshot: true, takesScreenshot: true, unexpectedAlertBehaviour: , unhandledPromptBehavior: , version: 73.0.3683.103, webStorageEnabled: true}
Session ID: e30c37e72384922c98aa97af135c90bb
*** Element info: {Using=xpath, value=//*[@id=&quot;content&quot;]/div/div/div/div[2]/div[3]/div[6]/div/div/div/div[2]/ul/li[3]}"/>
         <system-out><![CDATA[2019-04-26 11:15:21 - [TEST_CASE][ERROR] - Test Cases/Operational_Dashboard/186: Test Cases/Operational_Dashboard/186 FAILED because (of) org.openqa.selenium.NoSuchElementException: no such element: Unable to locate element: {"method":"xpath","selector":"//*[@id="content"]/div/div/div/div[2]/div[3]/div[6]/div/div/div/div[2]/ul/li[3]"}
  (Session info: chrome=73.0.3683.103)
  (Driver info: chromedriver=2.35.528161 (5b82f2d2aae0ca24b877009200ced9065a772e73),platform=Windows NT 10.0.17134 x86_64) (WARNING: The server did not provide any stacktrace information)
Command duration or timeout: 0 milliseconds
For documentation on this error, please visit: http://seleniumhq.org/exceptions/no_such_element.html
Build info: version: '3.7.1', revision: '8a0099a', time: '2017-11-06T21:07:36.161Z'
System info: host: 'DESKTOP-4M6R1V0', ip: '10.0.2.15', os.name: 'Windows 10', os.arch: 'amd64', os.version: '10.0', java.version: '1.8.0_181'
Driver info: com.kms.katalon.selenium.driver.CChromeDriver
Capabilities {acceptInsecureCerts: false, acceptSslCerts: false, applicationCacheEnabled: false, browserConnectionEnabled: false, browserName: chrome, chrome: {chromedriverVersion: 2.35.528161 (5b82f2d2aae0ca..., userDataDir: C:\Users\CLOUDK~1\AppData\L...}, cssSelectorsEnabled: true, databaseEnabled: false, handlesAlerts: true, hasTouchScreen: false, javascriptEnabled: true, locationContextEnabled: true, mobileEmulationEnabled: false, nativeEvents: true, networkConnectionEnabled: false, pageLoadStrategy: normal, platform: XP, platformName: XP, rotatable: false, setWindowRect: true, takesHeapSnapshot: true, takesScreenshot: true, unexpectedAlertBehaviour: , unhandledPromptBehavior: , version: 73.0.3683.103, webStorageEnabled: true}
Session ID: e30c37e72384922c98aa97af135c90bb
*** Element info: {Using=xpath, value=//*[@id="content"]/div/div/div/div[2]/div[3]/div[6]/div/div/div/div[2]/ul/li[3]}

2019-04-26 11:15:22 - [TEST_STEP][FAILED] - callTestCase: Unable to call Test Case with id 'Test Cases/Operational_Dashboard/177' (Root cause: Call Test Case 'Test Cases/Operational_Dashboard/177' failed because of error(s))

2019-04-26 11:15:22 - [TEST_CASE][ERROR] - Test Cases/Operational_Dashboard/177: Test Cases/Operational_Dashboard/177 FAILED because (of) org.openqa.selenium.NoSuchElementException: no such element: Unable to locate element: {"method":"xpath","selector":"//*[@id="content"]/div/div/div/div[2]/div[3]/div[6]/div/div/div/div[2]/ul/li[3]"}
  (Session info: chrome=73.0.3683.103)
  (Driver info: chromedriver=2.35.528161 (5b82f2d2aae0ca24b877009200ced9065a772e73),platform=Windows NT 10.0.17134 x86_64) (WARNING: The server did not provide any stacktrace information)
Command duration or timeout: 0 milliseconds
For documentation on this error, please visit: http://seleniumhq.org/exceptions/no_such_element.html
Build info: version: '3.7.1', revision: '8a0099a', time: '2017-11-06T21:07:36.161Z'
System info: host: 'DESKTOP-4M6R1V0', ip: '10.0.2.15', os.name: 'Windows 10', os.arch: 'amd64', os.version: '10.0', java.version: '1.8.0_181'
Driver info: com.kms.katalon.selenium.driver.CChromeDriver
Capabilities {acceptInsecureCerts: false, acceptSslCerts: false, applicationCacheEnabled: false, browserConnectionEnabled: false, browserName: chrome, chrome: {chromedriverVersion: 2.35.528161 (5b82f2d2aae0ca..., userDataDir: C:\Users\CLOUDK~1\AppData\L...}, cssSelectorsEnabled: true, databaseEnabled: false, handlesAlerts: true, hasTouchScreen: false, javascriptEnabled: true, locationContextEnabled: true, mobileEmulationEnabled: false, nativeEvents: true, networkConnectionEnabled: false, pageLoadStrategy: normal, platform: XP, platformName: XP, rotatable: false, setWindowRect: true, takesHeapSnapshot: true, takesScreenshot: true, unexpectedAlertBehaviour: , unhandledPromptBehavior: , version: 73.0.3683.103, webStorageEnabled: true}
Session ID: e30c37e72384922c98aa97af135c90bb
*** Element info: {Using=xpath, value=//*[@id="content"]/div/div/div/div[2]/div[3]/div[6]/div/div/div/div[2]/ul/li[3]}

2019-04-26 11:15:22 - [TEST_STEP][PASSED] - callTestCase: Call Test Case 'Test Cases/Operational_Dashboard/Login' successfully

2019-04-26 11:15:22 - [TEST_CASE][PASSED] - Test Cases/Operational_Dashboard/Login: Test Cases/Operational_Dashboard/Login

2019-04-26 11:15:22 - [TEST_STEP][PASSED] - callTestCase: Call Test Case 'Test Cases/s-sidebar_navigation/individualAccount/operationalDashboard' successfully

2019-04-26 11:15:22 - [TEST_CASE][PASSED] - Test Cases/s-sidebar_navigation/individualAccount/operationalDashboard: Test Cases/s-sidebar_navigation/individualAccount/operationalDashboard

2019-04-26 11:15:22 - [TEST_STEP][PASSED] - click: Object: 'Object Repository/Page_KiboEngage  Subscribers/span_Subscribers' is clicked on

2019-04-26 11:15:23 - [MESSAGE][PASSED] - Object: 'Object Repository/Page_KiboEngage  Subscribers/span_Subscribers' is clicked on

2019-04-26 11:15:23 - [TEST_STEP][PASSED] - click: Object: 'Object Repository/Page_KiboEngage  Subscribers/span_Operational Dashboard (1)' is clicked on

2019-04-26 11:15:24 - [MESSAGE][PASSED] - Object: 'Object Repository/Page_KiboEngage  Subscribers/span_Operational Dashboard (1)' is clicked on

2019-04-26 11:15:24 - [TEST_STEP][PASSED] - scrollToPosition: Browser is scrolled to position x = 0, y = 0

2019-04-26 11:15:25 - [MESSAGE][PASSED] - Browser is scrolled to position x = 0, y = 0

2019-04-26 11:15:25 - [TEST_STEP][PASSED] - click: Object: 'Object Repository/Page_KiboEngage  Operational Dashbo/h3_Pages Info (4)' is clicked on

2019-04-26 11:15:25 - [MESSAGE][PASSED] - Object: 'Object Repository/Page_KiboEngage  Operational Dashbo/h3_Pages Info (4)' is clicked on

2019-04-26 11:15:25 - [MESSAGE][PASSED] - Call Test Case 'Test Cases/s-sidebar_navigation/individualAccount/operationalDashboard' successfully

2019-04-26 11:15:25 - [MESSAGE][PASSED] - Call Test Case 'Test Cases/Operational_Dashboard/Login' successfully

2019-04-26 11:15:25 - [TEST_STEP][PASSED] - Statement - driver = com.kms.katalon.core.webui.driver.DriverFactory.getWebDriver(): null

2019-04-26 11:15:25 - [TEST_STEP][PASSED] - Statement - popup_survey = driver.findElement(org.openqa.selenium.By.xpath("//*[@id="content"]/div/div/div/div[2]/div[3]/div[6]/div/div/div/div[2]/ul/li[3]")): null

2019-04-26 11:15:25 - [MESSAGE][FAILED] - Unable to call Test Case with id 'Test Cases/Operational_Dashboard/177' (Root cause: Call Test Case 'Test Cases/Operational_Dashboard/177' failed because of error(s))]]></system-out>
         <system-err><![CDATA[2019-04-26 11:15:21 - [TEST_CASE][ERROR] - Test Cases/Operational_Dashboard/186: Test Cases/Operational_Dashboard/186 FAILED because (of) org.openqa.selenium.NoSuchElementException: no such element: Unable to locate element: {"method":"xpath","selector":"//*[@id="content"]/div/div/div/div[2]/div[3]/div[6]/div/div/div/div[2]/ul/li[3]"}
  (Session info: chrome=73.0.3683.103)
  (Driver info: chromedriver=2.35.528161 (5b82f2d2aae0ca24b877009200ced9065a772e73),platform=Windows NT 10.0.17134 x86_64) (WARNING: The server did not provide any stacktrace information)
Command duration or timeout: 0 milliseconds
For documentation on this error, please visit: http://seleniumhq.org/exceptions/no_such_element.html
Build info: version: '3.7.1', revision: '8a0099a', time: '2017-11-06T21:07:36.161Z'
System info: host: 'DESKTOP-4M6R1V0', ip: '10.0.2.15', os.name: 'Windows 10', os.arch: 'amd64', os.version: '10.0', java.version: '1.8.0_181'
Driver info: com.kms.katalon.selenium.driver.CChromeDriver
Capabilities {acceptInsecureCerts: false, acceptSslCerts: false, applicationCacheEnabled: false, browserConnectionEnabled: false, browserName: chrome, chrome: {chromedriverVersion: 2.35.528161 (5b82f2d2aae0ca..., userDataDir: C:\Users\CLOUDK~1\AppData\L...}, cssSelectorsEnabled: true, databaseEnabled: false, handlesAlerts: true, hasTouchScreen: false, javascriptEnabled: true, locationContextEnabled: true, mobileEmulationEnabled: false, nativeEvents: true, networkConnectionEnabled: false, pageLoadStrategy: normal, platform: XP, platformName: XP, rotatable: false, setWindowRect: true, takesHeapSnapshot: true, takesScreenshot: true, unexpectedAlertBehaviour: , unhandledPromptBehavior: , version: 73.0.3683.103, webStorageEnabled: true}
Session ID: e30c37e72384922c98aa97af135c90bb
*** Element info: {Using=xpath, value=//*[@id="content"]/div/div/div/div[2]/div[3]/div[6]/div/div/div/div[2]/ul/li[3]}]]></system-err>
      </testcase>
      <testcase name="Test Cases/Operational_Dashboard/187" classname="Test Cases/Operational_Dashboard/187" status="ERROR">
         <error type="ERROR" message="Test Cases/Operational_Dashboard/187 FAILED because (of) org.openqa.selenium.NoSuchElementException: no such element: Unable to locate element: {&quot;method&quot;:&quot;xpath&quot;,&quot;selector&quot;:&quot;//*[@id=&quot;content&quot;]/div/div/div/div[2]/div[3]/div[7]/div/div/div/div[2]/ul/li[3]&quot;}
  (Session info: chrome=73.0.3683.103)
  (Driver info: chromedriver=2.35.528161 (5b82f2d2aae0ca24b877009200ced9065a772e73),platform=Windows NT 10.0.17134 x86_64) (WARNING: The server did not provide any stacktrace information)
Command duration or timeout: 0 milliseconds
For documentation on this error, please visit: http://seleniumhq.org/exceptions/no_such_element.html
Build info: version: '3.7.1', revision: '8a0099a', time: '2017-11-06T21:07:36.161Z'
System info: host: 'DESKTOP-4M6R1V0', ip: '10.0.2.15', os.name: 'Windows 10', os.arch: 'amd64', os.version: '10.0', java.version: '1.8.0_181'
Driver info: com.kms.katalon.selenium.driver.CChromeDriver
Capabilities {acceptInsecureCerts: false, acceptSslCerts: false, applicationCacheEnabled: false, browserConnectionEnabled: false, browserName: chrome, chrome: {chromedriverVersion: 2.35.528161 (5b82f2d2aae0ca..., userDataDir: C:\Users\CLOUDK~1\AppData\L...}, cssSelectorsEnabled: true, databaseEnabled: false, handlesAlerts: true, hasTouchScreen: false, javascriptEnabled: true, locationContextEnabled: true, mobileEmulationEnabled: false, nativeEvents: true, networkConnectionEnabled: false, pageLoadStrategy: normal, platform: XP, platformName: XP, rotatable: false, setWindowRect: true, takesHeapSnapshot: true, takesScreenshot: true, unexpectedAlertBehaviour: , unhandledPromptBehavior: , version: 73.0.3683.103, webStorageEnabled: true}
Session ID: e30c37e72384922c98aa97af135c90bb
*** Element info: {Using=xpath, value=//*[@id=&quot;content&quot;]/div/div/div/div[2]/div[3]/div[7]/div/div/div/div[2]/ul/li[3]}"/>
         <system-out><![CDATA[2019-04-26 11:15:25 - [TEST_CASE][ERROR] - Test Cases/Operational_Dashboard/187: Test Cases/Operational_Dashboard/187 FAILED because (of) org.openqa.selenium.NoSuchElementException: no such element: Unable to locate element: {"method":"xpath","selector":"//*[@id="content"]/div/div/div/div[2]/div[3]/div[7]/div/div/div/div[2]/ul/li[3]"}
  (Session info: chrome=73.0.3683.103)
  (Driver info: chromedriver=2.35.528161 (5b82f2d2aae0ca24b877009200ced9065a772e73),platform=Windows NT 10.0.17134 x86_64) (WARNING: The server did not provide any stacktrace information)
Command duration or timeout: 0 milliseconds
For documentation on this error, please visit: http://seleniumhq.org/exceptions/no_such_element.html
Build info: version: '3.7.1', revision: '8a0099a', time: '2017-11-06T21:07:36.161Z'
System info: host: 'DESKTOP-4M6R1V0', ip: '10.0.2.15', os.name: 'Windows 10', os.arch: 'amd64', os.version: '10.0', java.version: '1.8.0_181'
Driver info: com.kms.katalon.selenium.driver.CChromeDriver
Capabilities {acceptInsecureCerts: false, acceptSslCerts: false, applicationCacheEnabled: false, browserConnectionEnabled: false, browserName: chrome, chrome: {chromedriverVersion: 2.35.528161 (5b82f2d2aae0ca..., userDataDir: C:\Users\CLOUDK~1\AppData\L...}, cssSelectorsEnabled: true, databaseEnabled: false, handlesAlerts: true, hasTouchScreen: false, javascriptEnabled: true, locationContextEnabled: true, mobileEmulationEnabled: false, nativeEvents: true, networkConnectionEnabled: false, pageLoadStrategy: normal, platform: XP, platformName: XP, rotatable: false, setWindowRect: true, takesHeapSnapshot: true, takesScreenshot: true, unexpectedAlertBehaviour: , unhandledPromptBehavior: , version: 73.0.3683.103, webStorageEnabled: true}
Session ID: e30c37e72384922c98aa97af135c90bb
*** Element info: {Using=xpath, value=//*[@id="content"]/div/div/div/div[2]/div[3]/div[7]/div/div/div/div[2]/ul/li[3]}

2019-04-26 11:15:25 - [TEST_STEP][PASSED] - callTestCase: Call Test Case 'Test Cases/Operational_Dashboard/Login' successfully

2019-04-26 11:15:26 - [TEST_CASE][PASSED] - Test Cases/Operational_Dashboard/Login: Test Cases/Operational_Dashboard/Login

2019-04-26 11:15:26 - [TEST_STEP][PASSED] - callTestCase: Call Test Case 'Test Cases/s-sidebar_navigation/individualAccount/operationalDashboard' successfully

2019-04-26 11:15:26 - [TEST_CASE][PASSED] - Test Cases/s-sidebar_navigation/individualAccount/operationalDashboard: Test Cases/s-sidebar_navigation/individualAccount/operationalDashboard

2019-04-26 11:15:26 - [TEST_STEP][PASSED] - click: Object: 'Object Repository/Page_KiboEngage  Subscribers/span_Subscribers' is clicked on

2019-04-26 11:15:27 - [MESSAGE][PASSED] - Object: 'Object Repository/Page_KiboEngage  Subscribers/span_Subscribers' is clicked on

2019-04-26 11:15:27 - [TEST_STEP][PASSED] - click: Object: 'Object Repository/Page_KiboEngage  Subscribers/span_Operational Dashboard (1)' is clicked on

2019-04-26 11:15:29 - [MESSAGE][PASSED] - Object: 'Object Repository/Page_KiboEngage  Subscribers/span_Operational Dashboard (1)' is clicked on

2019-04-26 11:15:29 - [TEST_STEP][PASSED] - scrollToPosition: Browser is scrolled to position x = 0, y = 0

2019-04-26 11:15:29 - [MESSAGE][PASSED] - Browser is scrolled to position x = 0, y = 0

2019-04-26 11:15:29 - [TEST_STEP][PASSED] - click: Object: 'Object Repository/Page_KiboEngage  Operational Dashbo/h3_Pages Info (4)' is clicked on

2019-04-26 11:15:30 - [MESSAGE][PASSED] - Object: 'Object Repository/Page_KiboEngage  Operational Dashbo/h3_Pages Info (4)' is clicked on

2019-04-26 11:15:30 - [MESSAGE][PASSED] - Call Test Case 'Test Cases/s-sidebar_navigation/individualAccount/operationalDashboard' successfully

2019-04-26 11:15:30 - [MESSAGE][PASSED] - Call Test Case 'Test Cases/Operational_Dashboard/Login' successfully

2019-04-26 11:15:30 - [TEST_STEP][PASSED] - Statement - driver = com.kms.katalon.core.webui.driver.DriverFactory.getWebDriver(): null

2019-04-26 11:15:30 - [TEST_STEP][PASSED] - Statement - popup_poll = driver.findElement(org.openqa.selenium.By.xpath("//*[@id="content"]/div/div/div/div[2]/div[3]/div[7]/div/div/div/div[2]/ul/li[3]")): null]]></system-out>
         <system-err><![CDATA[2019-04-26 11:15:25 - [TEST_CASE][ERROR] - Test Cases/Operational_Dashboard/187: Test Cases/Operational_Dashboard/187 FAILED because (of) org.openqa.selenium.NoSuchElementException: no such element: Unable to locate element: {"method":"xpath","selector":"//*[@id="content"]/div/div/div/div[2]/div[3]/div[7]/div/div/div/div[2]/ul/li[3]"}
  (Session info: chrome=73.0.3683.103)
  (Driver info: chromedriver=2.35.528161 (5b82f2d2aae0ca24b877009200ced9065a772e73),platform=Windows NT 10.0.17134 x86_64) (WARNING: The server did not provide any stacktrace information)
Command duration or timeout: 0 milliseconds
For documentation on this error, please visit: http://seleniumhq.org/exceptions/no_such_element.html
Build info: version: '3.7.1', revision: '8a0099a', time: '2017-11-06T21:07:36.161Z'
System info: host: 'DESKTOP-4M6R1V0', ip: '10.0.2.15', os.name: 'Windows 10', os.arch: 'amd64', os.version: '10.0', java.version: '1.8.0_181'
Driver info: com.kms.katalon.selenium.driver.CChromeDriver
Capabilities {acceptInsecureCerts: false, acceptSslCerts: false, applicationCacheEnabled: false, browserConnectionEnabled: false, browserName: chrome, chrome: {chromedriverVersion: 2.35.528161 (5b82f2d2aae0ca..., userDataDir: C:\Users\CLOUDK~1\AppData\L...}, cssSelectorsEnabled: true, databaseEnabled: false, handlesAlerts: true, hasTouchScreen: false, javascriptEnabled: true, locationContextEnabled: true, mobileEmulationEnabled: false, nativeEvents: true, networkConnectionEnabled: false, pageLoadStrategy: normal, platform: XP, platformName: XP, rotatable: false, setWindowRect: true, takesHeapSnapshot: true, takesScreenshot: true, unexpectedAlertBehaviour: , unhandledPromptBehavior: , version: 73.0.3683.103, webStorageEnabled: true}
Session ID: e30c37e72384922c98aa97af135c90bb
*** Element info: {Using=xpath, value=//*[@id="content"]/div/div/div/div[2]/div[3]/div[7]/div/div/div/div[2]/ul/li[3]}]]></system-err>
      </testcase>
      <testcase name="Test Cases/Operational_Dashboard/188" classname="Test Cases/Operational_Dashboard/188" status="ERROR">
         <error type="ERROR" message="Test Cases/Operational_Dashboard/188 FAILED because (of) org.openqa.selenium.NoSuchElementException: no such element: Unable to locate element: {&quot;method&quot;:&quot;xpath&quot;,&quot;selector&quot;:&quot;//*[@id=&quot;content&quot;]/div/div/div/div[2]/div[3]/div[7]/div/div/div/div[2]/ul/li[3]&quot;}
  (Session info: chrome=73.0.3683.103)
  (Driver info: chromedriver=2.35.528161 (5b82f2d2aae0ca24b877009200ced9065a772e73),platform=Windows NT 10.0.17134 x86_64) (WARNING: The server did not provide any stacktrace information)
Command duration or timeout: 0 milliseconds
For documentation on this error, please visit: http://seleniumhq.org/exceptions/no_such_element.html
Build info: version: '3.7.1', revision: '8a0099a', time: '2017-11-06T21:07:36.161Z'
System info: host: 'DESKTOP-4M6R1V0', ip: '10.0.2.15', os.name: 'Windows 10', os.arch: 'amd64', os.version: '10.0', java.version: '1.8.0_181'
Driver info: com.kms.katalon.selenium.driver.CChromeDriver
Capabilities {acceptInsecureCerts: false, acceptSslCerts: false, applicationCacheEnabled: false, browserConnectionEnabled: false, browserName: chrome, chrome: {chromedriverVersion: 2.35.528161 (5b82f2d2aae0ca..., userDataDir: C:\Users\CLOUDK~1\AppData\L...}, cssSelectorsEnabled: true, databaseEnabled: false, handlesAlerts: true, hasTouchScreen: false, javascriptEnabled: true, locationContextEnabled: true, mobileEmulationEnabled: false, nativeEvents: true, networkConnectionEnabled: false, pageLoadStrategy: normal, platform: XP, platformName: XP, rotatable: false, setWindowRect: true, takesHeapSnapshot: true, takesScreenshot: true, unexpectedAlertBehaviour: , unhandledPromptBehavior: , version: 73.0.3683.103, webStorageEnabled: true}
Session ID: e30c37e72384922c98aa97af135c90bb
*** Element info: {Using=xpath, value=//*[@id=&quot;content&quot;]/div/div/div/div[2]/div[3]/div[7]/div/div/div/div[2]/ul/li[3]}"/>
         <system-out><![CDATA[2019-04-26 11:15:30 - [TEST_CASE][ERROR] - Test Cases/Operational_Dashboard/188: Test Cases/Operational_Dashboard/188 FAILED because (of) org.openqa.selenium.NoSuchElementException: no such element: Unable to locate element: {"method":"xpath","selector":"//*[@id="content"]/div/div/div/div[2]/div[3]/div[7]/div/div/div/div[2]/ul/li[3]"}
  (Session info: chrome=73.0.3683.103)
  (Driver info: chromedriver=2.35.528161 (5b82f2d2aae0ca24b877009200ced9065a772e73),platform=Windows NT 10.0.17134 x86_64) (WARNING: The server did not provide any stacktrace information)
Command duration or timeout: 0 milliseconds
For documentation on this error, please visit: http://seleniumhq.org/exceptions/no_such_element.html
Build info: version: '3.7.1', revision: '8a0099a', time: '2017-11-06T21:07:36.161Z'
System info: host: 'DESKTOP-4M6R1V0', ip: '10.0.2.15', os.name: 'Windows 10', os.arch: 'amd64', os.version: '10.0', java.version: '1.8.0_181'
Driver info: com.kms.katalon.selenium.driver.CChromeDriver
Capabilities {acceptInsecureCerts: false, acceptSslCerts: false, applicationCacheEnabled: false, browserConnectionEnabled: false, browserName: chrome, chrome: {chromedriverVersion: 2.35.528161 (5b82f2d2aae0ca..., userDataDir: C:\Users\CLOUDK~1\AppData\L...}, cssSelectorsEnabled: true, databaseEnabled: false, handlesAlerts: true, hasTouchScreen: false, javascriptEnabled: true, locationContextEnabled: true, mobileEmulationEnabled: false, nativeEvents: true, networkConnectionEnabled: false, pageLoadStrategy: normal, platform: XP, platformName: XP, rotatable: false, setWindowRect: true, takesHeapSnapshot: true, takesScreenshot: true, unexpectedAlertBehaviour: , unhandledPromptBehavior: , version: 73.0.3683.103, webStorageEnabled: true}
Session ID: e30c37e72384922c98aa97af135c90bb
*** Element info: {Using=xpath, value=//*[@id="content"]/div/div/div/div[2]/div[3]/div[7]/div/div/div/div[2]/ul/li[3]}

2019-04-26 11:15:30 - [TEST_STEP][FAILED] - callTestCase: Unable to call Test Case with id 'Test Cases/Operational_Dashboard/187' (Root cause: Call Test Case 'Test Cases/Operational_Dashboard/187' failed because of error(s))

2019-04-26 11:15:30 - [TEST_CASE][ERROR] - Test Cases/Operational_Dashboard/187: Test Cases/Operational_Dashboard/187 FAILED because (of) org.openqa.selenium.NoSuchElementException: no such element: Unable to locate element: {"method":"xpath","selector":"//*[@id="content"]/div/div/div/div[2]/div[3]/div[7]/div/div/div/div[2]/ul/li[3]"}
  (Session info: chrome=73.0.3683.103)
  (Driver info: chromedriver=2.35.528161 (5b82f2d2aae0ca24b877009200ced9065a772e73),platform=Windows NT 10.0.17134 x86_64) (WARNING: The server did not provide any stacktrace information)
Command duration or timeout: 0 milliseconds
For documentation on this error, please visit: http://seleniumhq.org/exceptions/no_such_element.html
Build info: version: '3.7.1', revision: '8a0099a', time: '2017-11-06T21:07:36.161Z'
System info: host: 'DESKTOP-4M6R1V0', ip: '10.0.2.15', os.name: 'Windows 10', os.arch: 'amd64', os.version: '10.0', java.version: '1.8.0_181'
Driver info: com.kms.katalon.selenium.driver.CChromeDriver
Capabilities {acceptInsecureCerts: false, acceptSslCerts: false, applicationCacheEnabled: false, browserConnectionEnabled: false, browserName: chrome, chrome: {chromedriverVersion: 2.35.528161 (5b82f2d2aae0ca..., userDataDir: C:\Users\CLOUDK~1\AppData\L...}, cssSelectorsEnabled: true, databaseEnabled: false, handlesAlerts: true, hasTouchScreen: false, javascriptEnabled: true, locationContextEnabled: true, mobileEmulationEnabled: false, nativeEvents: true, networkConnectionEnabled: false, pageLoadStrategy: normal, platform: XP, platformName: XP, rotatable: false, setWindowRect: true, takesHeapSnapshot: true, takesScreenshot: true, unexpectedAlertBehaviour: , unhandledPromptBehavior: , version: 73.0.3683.103, webStorageEnabled: true}
Session ID: e30c37e72384922c98aa97af135c90bb
*** Element info: {Using=xpath, value=//*[@id="content"]/div/div/div/div[2]/div[3]/div[7]/div/div/div/div[2]/ul/li[3]}

2019-04-26 11:15:30 - [TEST_STEP][PASSED] - callTestCase: Call Test Case 'Test Cases/Operational_Dashboard/Login' successfully

2019-04-26 11:15:30 - [TEST_CASE][PASSED] - Test Cases/Operational_Dashboard/Login: Test Cases/Operational_Dashboard/Login

2019-04-26 11:15:30 - [TEST_STEP][PASSED] - callTestCase: Call Test Case 'Test Cases/s-sidebar_navigation/individualAccount/operationalDashboard' successfully

2019-04-26 11:15:30 - [TEST_CASE][PASSED] - Test Cases/s-sidebar_navigation/individualAccount/operationalDashboard: Test Cases/s-sidebar_navigation/individualAccount/operationalDashboard

2019-04-26 11:15:30 - [TEST_STEP][PASSED] - click: Object: 'Object Repository/Page_KiboEngage  Subscribers/span_Subscribers' is clicked on

2019-04-26 11:15:31 - [MESSAGE][PASSED] - Object: 'Object Repository/Page_KiboEngage  Subscribers/span_Subscribers' is clicked on

2019-04-26 11:15:31 - [TEST_STEP][PASSED] - click: Object: 'Object Repository/Page_KiboEngage  Subscribers/span_Operational Dashboard (1)' is clicked on

2019-04-26 11:15:34 - [MESSAGE][PASSED] - Object: 'Object Repository/Page_KiboEngage  Subscribers/span_Operational Dashboard (1)' is clicked on

2019-04-26 11:15:34 - [TEST_STEP][PASSED] - scrollToPosition: Browser is scrolled to position x = 0, y = 0

2019-04-26 11:15:34 - [MESSAGE][PASSED] - Browser is scrolled to position x = 0, y = 0

2019-04-26 11:15:34 - [TEST_STEP][PASSED] - click: Object: 'Object Repository/Page_KiboEngage  Operational Dashbo/h3_Pages Info (4)' is clicked on

2019-04-26 11:15:35 - [MESSAGE][PASSED] - Object: 'Object Repository/Page_KiboEngage  Operational Dashbo/h3_Pages Info (4)' is clicked on

2019-04-26 11:15:35 - [MESSAGE][PASSED] - Call Test Case 'Test Cases/s-sidebar_navigation/individualAccount/operationalDashboard' successfully

2019-04-26 11:15:35 - [MESSAGE][PASSED] - Call Test Case 'Test Cases/Operational_Dashboard/Login' successfully

2019-04-26 11:15:35 - [TEST_STEP][PASSED] - Statement - driver = com.kms.katalon.core.webui.driver.DriverFactory.getWebDriver(): null

2019-04-26 11:15:35 - [TEST_STEP][PASSED] - Statement - popup_poll = driver.findElement(org.openqa.selenium.By.xpath("//*[@id="content"]/div/div/div/div[2]/div[3]/div[7]/div/div/div/div[2]/ul/li[3]")): null

2019-04-26 11:15:35 - [MESSAGE][FAILED] - Unable to call Test Case with id 'Test Cases/Operational_Dashboard/187' (Root cause: Call Test Case 'Test Cases/Operational_Dashboard/187' failed because of error(s))]]></system-out>
         <system-err><![CDATA[2019-04-26 11:15:30 - [TEST_CASE][ERROR] - Test Cases/Operational_Dashboard/188: Test Cases/Operational_Dashboard/188 FAILED because (of) org.openqa.selenium.NoSuchElementException: no such element: Unable to locate element: {"method":"xpath","selector":"//*[@id="content"]/div/div/div/div[2]/div[3]/div[7]/div/div/div/div[2]/ul/li[3]"}
  (Session info: chrome=73.0.3683.103)
  (Driver info: chromedriver=2.35.528161 (5b82f2d2aae0ca24b877009200ced9065a772e73),platform=Windows NT 10.0.17134 x86_64) (WARNING: The server did not provide any stacktrace information)
Command duration or timeout: 0 milliseconds
For documentation on this error, please visit: http://seleniumhq.org/exceptions/no_such_element.html
Build info: version: '3.7.1', revision: '8a0099a', time: '2017-11-06T21:07:36.161Z'
System info: host: 'DESKTOP-4M6R1V0', ip: '10.0.2.15', os.name: 'Windows 10', os.arch: 'amd64', os.version: '10.0', java.version: '1.8.0_181'
Driver info: com.kms.katalon.selenium.driver.CChromeDriver
Capabilities {acceptInsecureCerts: false, acceptSslCerts: false, applicationCacheEnabled: false, browserConnectionEnabled: false, browserName: chrome, chrome: {chromedriverVersion: 2.35.528161 (5b82f2d2aae0ca..., userDataDir: C:\Users\CLOUDK~1\AppData\L...}, cssSelectorsEnabled: true, databaseEnabled: false, handlesAlerts: true, hasTouchScreen: false, javascriptEnabled: true, locationContextEnabled: true, mobileEmulationEnabled: false, nativeEvents: true, networkConnectionEnabled: false, pageLoadStrategy: normal, platform: XP, platformName: XP, rotatable: false, setWindowRect: true, takesHeapSnapshot: true, takesScreenshot: true, unexpectedAlertBehaviour: , unhandledPromptBehavior: , version: 73.0.3683.103, webStorageEnabled: true}
Session ID: e30c37e72384922c98aa97af135c90bb
*** Element info: {Using=xpath, value=//*[@id="content"]/div/div/div/div[2]/div[3]/div[7]/div/div/div/div[2]/ul/li[3]}]]></system-err>
      </testcase>
      <testcase name="Test Cases/Operational_Dashboard/189" classname="Test Cases/Operational_Dashboard/189" status="ERROR">
         <error type="ERROR" message="Test Cases/Operational_Dashboard/189 FAILED because (of) org.openqa.selenium.NoSuchElementException: no such element: Unable to locate element: {&quot;method&quot;:&quot;xpath&quot;,&quot;selector&quot;:&quot;//*[@id=&quot;content&quot;]/div/div/div/div[2]/div[3]/div[7]/div/div/div/div[2]/ul/li[3]&quot;}
  (Session info: chrome=73.0.3683.103)
  (Driver info: chromedriver=2.35.528161 (5b82f2d2aae0ca24b877009200ced9065a772e73),platform=Windows NT 10.0.17134 x86_64) (WARNING: The server did not provide any stacktrace information)
Command duration or timeout: 0 milliseconds
For documentation on this error, please visit: http://seleniumhq.org/exceptions/no_such_element.html
Build info: version: '3.7.1', revision: '8a0099a', time: '2017-11-06T21:07:36.161Z'
System info: host: 'DESKTOP-4M6R1V0', ip: '10.0.2.15', os.name: 'Windows 10', os.arch: 'amd64', os.version: '10.0', java.version: '1.8.0_181'
Driver info: com.kms.katalon.selenium.driver.CChromeDriver
Capabilities {acceptInsecureCerts: false, acceptSslCerts: false, applicationCacheEnabled: false, browserConnectionEnabled: false, browserName: chrome, chrome: {chromedriverVersion: 2.35.528161 (5b82f2d2aae0ca..., userDataDir: C:\Users\CLOUDK~1\AppData\L...}, cssSelectorsEnabled: true, databaseEnabled: false, handlesAlerts: true, hasTouchScreen: false, javascriptEnabled: true, locationContextEnabled: true, mobileEmulationEnabled: false, nativeEvents: true, networkConnectionEnabled: false, pageLoadStrategy: normal, platform: XP, platformName: XP, rotatable: false, setWindowRect: true, takesHeapSnapshot: true, takesScreenshot: true, unexpectedAlertBehaviour: , unhandledPromptBehavior: , version: 73.0.3683.103, webStorageEnabled: true}
Session ID: e30c37e72384922c98aa97af135c90bb
*** Element info: {Using=xpath, value=//*[@id=&quot;content&quot;]/div/div/div/div[2]/div[3]/div[7]/div/div/div/div[2]/ul/li[3]}"/>
         <system-out><![CDATA[2019-04-26 11:15:35 - [TEST_CASE][ERROR] - Test Cases/Operational_Dashboard/189: Test Cases/Operational_Dashboard/189 FAILED because (of) org.openqa.selenium.NoSuchElementException: no such element: Unable to locate element: {"method":"xpath","selector":"//*[@id="content"]/div/div/div/div[2]/div[3]/div[7]/div/div/div/div[2]/ul/li[3]"}
  (Session info: chrome=73.0.3683.103)
  (Driver info: chromedriver=2.35.528161 (5b82f2d2aae0ca24b877009200ced9065a772e73),platform=Windows NT 10.0.17134 x86_64) (WARNING: The server did not provide any stacktrace information)
Command duration or timeout: 0 milliseconds
For documentation on this error, please visit: http://seleniumhq.org/exceptions/no_such_element.html
Build info: version: '3.7.1', revision: '8a0099a', time: '2017-11-06T21:07:36.161Z'
System info: host: 'DESKTOP-4M6R1V0', ip: '10.0.2.15', os.name: 'Windows 10', os.arch: 'amd64', os.version: '10.0', java.version: '1.8.0_181'
Driver info: com.kms.katalon.selenium.driver.CChromeDriver
Capabilities {acceptInsecureCerts: false, acceptSslCerts: false, applicationCacheEnabled: false, browserConnectionEnabled: false, browserName: chrome, chrome: {chromedriverVersion: 2.35.528161 (5b82f2d2aae0ca..., userDataDir: C:\Users\CLOUDK~1\AppData\L...}, cssSelectorsEnabled: true, databaseEnabled: false, handlesAlerts: true, hasTouchScreen: false, javascriptEnabled: true, locationContextEnabled: true, mobileEmulationEnabled: false, nativeEvents: true, networkConnectionEnabled: false, pageLoadStrategy: normal, platform: XP, platformName: XP, rotatable: false, setWindowRect: true, takesHeapSnapshot: true, takesScreenshot: true, unexpectedAlertBehaviour: , unhandledPromptBehavior: , version: 73.0.3683.103, webStorageEnabled: true}
Session ID: e30c37e72384922c98aa97af135c90bb
*** Element info: {Using=xpath, value=//*[@id="content"]/div/div/div/div[2]/div[3]/div[7]/div/div/div/div[2]/ul/li[3]}

2019-04-26 11:15:35 - [TEST_STEP][FAILED] - callTestCase: Unable to call Test Case with id 'Test Cases/Operational_Dashboard/188' (Root cause: Call Test Case 'Test Cases/Operational_Dashboard/188' failed because of error(s))

2019-04-26 11:15:35 - [TEST_CASE][ERROR] - Test Cases/Operational_Dashboard/188: Test Cases/Operational_Dashboard/188 FAILED because (of) org.openqa.selenium.NoSuchElementException: no such element: Unable to locate element: {"method":"xpath","selector":"//*[@id="content"]/div/div/div/div[2]/div[3]/div[7]/div/div/div/div[2]/ul/li[3]"}
  (Session info: chrome=73.0.3683.103)
  (Driver info: chromedriver=2.35.528161 (5b82f2d2aae0ca24b877009200ced9065a772e73),platform=Windows NT 10.0.17134 x86_64) (WARNING: The server did not provide any stacktrace information)
Command duration or timeout: 0 milliseconds
For documentation on this error, please visit: http://seleniumhq.org/exceptions/no_such_element.html
Build info: version: '3.7.1', revision: '8a0099a', time: '2017-11-06T21:07:36.161Z'
System info: host: 'DESKTOP-4M6R1V0', ip: '10.0.2.15', os.name: 'Windows 10', os.arch: 'amd64', os.version: '10.0', java.version: '1.8.0_181'
Driver info: com.kms.katalon.selenium.driver.CChromeDriver
Capabilities {acceptInsecureCerts: false, acceptSslCerts: false, applicationCacheEnabled: false, browserConnectionEnabled: false, browserName: chrome, chrome: {chromedriverVersion: 2.35.528161 (5b82f2d2aae0ca..., userDataDir: C:\Users\CLOUDK~1\AppData\L...}, cssSelectorsEnabled: true, databaseEnabled: false, handlesAlerts: true, hasTouchScreen: false, javascriptEnabled: true, locationContextEnabled: true, mobileEmulationEnabled: false, nativeEvents: true, networkConnectionEnabled: false, pageLoadStrategy: normal, platform: XP, platformName: XP, rotatable: false, setWindowRect: true, takesHeapSnapshot: true, takesScreenshot: true, unexpectedAlertBehaviour: , unhandledPromptBehavior: , version: 73.0.3683.103, webStorageEnabled: true}
Session ID: e30c37e72384922c98aa97af135c90bb
*** Element info: {Using=xpath, value=//*[@id="content"]/div/div/div/div[2]/div[3]/div[7]/div/div/div/div[2]/ul/li[3]}

2019-04-26 11:15:35 - [TEST_STEP][FAILED] - callTestCase: Unable to call Test Case with id 'Test Cases/Operational_Dashboard/187' (Root cause: Call Test Case 'Test Cases/Operational_Dashboard/187' failed because of error(s))

2019-04-26 11:15:35 - [TEST_CASE][ERROR] - Test Cases/Operational_Dashboard/187: Test Cases/Operational_Dashboard/187 FAILED because (of) org.openqa.selenium.NoSuchElementException: no such element: Unable to locate element: {"method":"xpath","selector":"//*[@id="content"]/div/div/div/div[2]/div[3]/div[7]/div/div/div/div[2]/ul/li[3]"}
  (Session info: chrome=73.0.3683.103)
  (Driver info: chromedriver=2.35.528161 (5b82f2d2aae0ca24b877009200ced9065a772e73),platform=Windows NT 10.0.17134 x86_64) (WARNING: The server did not provide any stacktrace information)
Command duration or timeout: 0 milliseconds
For documentation on this error, please visit: http://seleniumhq.org/exceptions/no_such_element.html
Build info: version: '3.7.1', revision: '8a0099a', time: '2017-11-06T21:07:36.161Z'
System info: host: 'DESKTOP-4M6R1V0', ip: '10.0.2.15', os.name: 'Windows 10', os.arch: 'amd64', os.version: '10.0', java.version: '1.8.0_181'
Driver info: com.kms.katalon.selenium.driver.CChromeDriver
Capabilities {acceptInsecureCerts: false, acceptSslCerts: false, applicationCacheEnabled: false, browserConnectionEnabled: false, browserName: chrome, chrome: {chromedriverVersion: 2.35.528161 (5b82f2d2aae0ca..., userDataDir: C:\Users\CLOUDK~1\AppData\L...}, cssSelectorsEnabled: true, databaseEnabled: false, handlesAlerts: true, hasTouchScreen: false, javascriptEnabled: true, locationContextEnabled: true, mobileEmulationEnabled: false, nativeEvents: true, networkConnectionEnabled: false, pageLoadStrategy: normal, platform: XP, platformName: XP, rotatable: false, setWindowRect: true, takesHeapSnapshot: true, takesScreenshot: true, unexpectedAlertBehaviour: , unhandledPromptBehavior: , version: 73.0.3683.103, webStorageEnabled: true}
Session ID: e30c37e72384922c98aa97af135c90bb
*** Element info: {Using=xpath, value=//*[@id="content"]/div/div/div/div[2]/div[3]/div[7]/div/div/div/div[2]/ul/li[3]}

2019-04-26 11:15:35 - [TEST_STEP][PASSED] - callTestCase: Call Test Case 'Test Cases/Operational_Dashboard/Login' successfully

2019-04-26 11:15:36 - [TEST_CASE][PASSED] - Test Cases/Operational_Dashboard/Login: Test Cases/Operational_Dashboard/Login

2019-04-26 11:15:36 - [TEST_STEP][PASSED] - callTestCase: Call Test Case 'Test Cases/s-sidebar_navigation/individualAccount/operationalDashboard' successfully

2019-04-26 11:15:36 - [TEST_CASE][PASSED] - Test Cases/s-sidebar_navigation/individualAccount/operationalDashboard: Test Cases/s-sidebar_navigation/individualAccount/operationalDashboard

2019-04-26 11:15:36 - [TEST_STEP][PASSED] - click: Object: 'Object Repository/Page_KiboEngage  Subscribers/span_Subscribers' is clicked on

2019-04-26 11:15:36 - [MESSAGE][PASSED] - Object: 'Object Repository/Page_KiboEngage  Subscribers/span_Subscribers' is clicked on

2019-04-26 11:15:36 - [TEST_STEP][PASSED] - click: Object: 'Object Repository/Page_KiboEngage  Subscribers/span_Operational Dashboard (1)' is clicked on

2019-04-26 11:15:37 - [MESSAGE][PASSED] - Object: 'Object Repository/Page_KiboEngage  Subscribers/span_Operational Dashboard (1)' is clicked on

2019-04-26 11:15:37 - [TEST_STEP][PASSED] - scrollToPosition: Browser is scrolled to position x = 0, y = 0

2019-04-26 11:15:37 - [MESSAGE][PASSED] - Browser is scrolled to position x = 0, y = 0

2019-04-26 11:15:37 - [TEST_STEP][PASSED] - click: Object: 'Object Repository/Page_KiboEngage  Operational Dashbo/h3_Pages Info (4)' is clicked on

2019-04-26 11:15:38 - [MESSAGE][PASSED] - Object: 'Object Repository/Page_KiboEngage  Operational Dashbo/h3_Pages Info (4)' is clicked on

2019-04-26 11:15:38 - [MESSAGE][PASSED] - Call Test Case 'Test Cases/s-sidebar_navigation/individualAccount/operationalDashboard' successfully

2019-04-26 11:15:38 - [MESSAGE][PASSED] - Call Test Case 'Test Cases/Operational_Dashboard/Login' successfully

2019-04-26 11:15:38 - [TEST_STEP][PASSED] - Statement - driver = com.kms.katalon.core.webui.driver.DriverFactory.getWebDriver(): null

2019-04-26 11:15:38 - [TEST_STEP][PASSED] - Statement - popup_poll = driver.findElement(org.openqa.selenium.By.xpath("//*[@id="content"]/div/div/div/div[2]/div[3]/div[7]/div/div/div/div[2]/ul/li[3]")): null

2019-04-26 11:15:38 - [MESSAGE][FAILED] - Unable to call Test Case with id 'Test Cases/Operational_Dashboard/187' (Root cause: Call Test Case 'Test Cases/Operational_Dashboard/187' failed because of error(s))

2019-04-26 11:15:38 - [MESSAGE][FAILED] - Unable to call Test Case with id 'Test Cases/Operational_Dashboard/188' (Root cause: Call Test Case 'Test Cases/Operational_Dashboard/188' failed because of error(s))]]></system-out>
         <system-err><![CDATA[2019-04-26 11:15:35 - [TEST_CASE][ERROR] - Test Cases/Operational_Dashboard/189: Test Cases/Operational_Dashboard/189 FAILED because (of) org.openqa.selenium.NoSuchElementException: no such element: Unable to locate element: {"method":"xpath","selector":"//*[@id="content"]/div/div/div/div[2]/div[3]/div[7]/div/div/div/div[2]/ul/li[3]"}
  (Session info: chrome=73.0.3683.103)
  (Driver info: chromedriver=2.35.528161 (5b82f2d2aae0ca24b877009200ced9065a772e73),platform=Windows NT 10.0.17134 x86_64) (WARNING: The server did not provide any stacktrace information)
Command duration or timeout: 0 milliseconds
For documentation on this error, please visit: http://seleniumhq.org/exceptions/no_such_element.html
Build info: version: '3.7.1', revision: '8a0099a', time: '2017-11-06T21:07:36.161Z'
System info: host: 'DESKTOP-4M6R1V0', ip: '10.0.2.15', os.name: 'Windows 10', os.arch: 'amd64', os.version: '10.0', java.version: '1.8.0_181'
Driver info: com.kms.katalon.selenium.driver.CChromeDriver
Capabilities {acceptInsecureCerts: false, acceptSslCerts: false, applicationCacheEnabled: false, browserConnectionEnabled: false, browserName: chrome, chrome: {chromedriverVersion: 2.35.528161 (5b82f2d2aae0ca..., userDataDir: C:\Users\CLOUDK~1\AppData\L...}, cssSelectorsEnabled: true, databaseEnabled: false, handlesAlerts: true, hasTouchScreen: false, javascriptEnabled: true, locationContextEnabled: true, mobileEmulationEnabled: false, nativeEvents: true, networkConnectionEnabled: false, pageLoadStrategy: normal, platform: XP, platformName: XP, rotatable: false, setWindowRect: true, takesHeapSnapshot: true, takesScreenshot: true, unexpectedAlertBehaviour: , unhandledPromptBehavior: , version: 73.0.3683.103, webStorageEnabled: true}
Session ID: e30c37e72384922c98aa97af135c90bb
*** Element info: {Using=xpath, value=//*[@id="content"]/div/div/div/div[2]/div[3]/div[7]/div/div/div/div[2]/ul/li[3]}]]></system-err>
      </testcase>
      <testcase name="Test Cases/Operational_Dashboard/190" classname="Test Cases/Operational_Dashboard/190" status="ERROR">
         <error type="ERROR" message="Test Cases/Operational_Dashboard/190 FAILED because (of) org.openqa.selenium.NoSuchElementException: no such element: Unable to locate element: {&quot;method&quot;:&quot;xpath&quot;,&quot;selector&quot;:&quot;//*[@id=&quot;content&quot;]/div/div/div/div[2]/div[3]/div[7]/div/div/div/div[2]/ul/li[3]&quot;}
  (Session info: chrome=73.0.3683.103)
  (Driver info: chromedriver=2.35.528161 (5b82f2d2aae0ca24b877009200ced9065a772e73),platform=Windows NT 10.0.17134 x86_64) (WARNING: The server did not provide any stacktrace information)
Command duration or timeout: 0 milliseconds
For documentation on this error, please visit: http://seleniumhq.org/exceptions/no_such_element.html
Build info: version: '3.7.1', revision: '8a0099a', time: '2017-11-06T21:07:36.161Z'
System info: host: 'DESKTOP-4M6R1V0', ip: '10.0.2.15', os.name: 'Windows 10', os.arch: 'amd64', os.version: '10.0', java.version: '1.8.0_181'
Driver info: com.kms.katalon.selenium.driver.CChromeDriver
Capabilities {acceptInsecureCerts: false, acceptSslCerts: false, applicationCacheEnabled: false, browserConnectionEnabled: false, browserName: chrome, chrome: {chromedriverVersion: 2.35.528161 (5b82f2d2aae0ca..., userDataDir: C:\Users\CLOUDK~1\AppData\L...}, cssSelectorsEnabled: true, databaseEnabled: false, handlesAlerts: true, hasTouchScreen: false, javascriptEnabled: true, locationContextEnabled: true, mobileEmulationEnabled: false, nativeEvents: true, networkConnectionEnabled: false, pageLoadStrategy: normal, platform: XP, platformName: XP, rotatable: false, setWindowRect: true, takesHeapSnapshot: true, takesScreenshot: true, unexpectedAlertBehaviour: , unhandledPromptBehavior: , version: 73.0.3683.103, webStorageEnabled: true}
Session ID: e30c37e72384922c98aa97af135c90bb
*** Element info: {Using=xpath, value=//*[@id=&quot;content&quot;]/div/div/div/div[2]/div[3]/div[7]/div/div/div/div[2]/ul/li[3]}"/>
         <system-out><![CDATA[2019-04-26 11:15:38 - [TEST_CASE][ERROR] - Test Cases/Operational_Dashboard/190: Test Cases/Operational_Dashboard/190 FAILED because (of) org.openqa.selenium.NoSuchElementException: no such element: Unable to locate element: {"method":"xpath","selector":"//*[@id="content"]/div/div/div/div[2]/div[3]/div[7]/div/div/div/div[2]/ul/li[3]"}
  (Session info: chrome=73.0.3683.103)
  (Driver info: chromedriver=2.35.528161 (5b82f2d2aae0ca24b877009200ced9065a772e73),platform=Windows NT 10.0.17134 x86_64) (WARNING: The server did not provide any stacktrace information)
Command duration or timeout: 0 milliseconds
For documentation on this error, please visit: http://seleniumhq.org/exceptions/no_such_element.html
Build info: version: '3.7.1', revision: '8a0099a', time: '2017-11-06T21:07:36.161Z'
System info: host: 'DESKTOP-4M6R1V0', ip: '10.0.2.15', os.name: 'Windows 10', os.arch: 'amd64', os.version: '10.0', java.version: '1.8.0_181'
Driver info: com.kms.katalon.selenium.driver.CChromeDriver
Capabilities {acceptInsecureCerts: false, acceptSslCerts: false, applicationCacheEnabled: false, browserConnectionEnabled: false, browserName: chrome, chrome: {chromedriverVersion: 2.35.528161 (5b82f2d2aae0ca..., userDataDir: C:\Users\CLOUDK~1\AppData\L...}, cssSelectorsEnabled: true, databaseEnabled: false, handlesAlerts: true, hasTouchScreen: false, javascriptEnabled: true, locationContextEnabled: true, mobileEmulationEnabled: false, nativeEvents: true, networkConnectionEnabled: false, pageLoadStrategy: normal, platform: XP, platformName: XP, rotatable: false, setWindowRect: true, takesHeapSnapshot: true, takesScreenshot: true, unexpectedAlertBehaviour: , unhandledPromptBehavior: , version: 73.0.3683.103, webStorageEnabled: true}
Session ID: e30c37e72384922c98aa97af135c90bb
*** Element info: {Using=xpath, value=//*[@id="content"]/div/div/div/div[2]/div[3]/div[7]/div/div/div/div[2]/ul/li[3]}

2019-04-26 11:15:38 - [TEST_STEP][FAILED] - callTestCase: Unable to call Test Case with id 'Test Cases/Operational_Dashboard/187' (Root cause: Call Test Case 'Test Cases/Operational_Dashboard/187' failed because of error(s))

2019-04-26 11:15:38 - [TEST_CASE][ERROR] - Test Cases/Operational_Dashboard/187: Test Cases/Operational_Dashboard/187 FAILED because (of) org.openqa.selenium.NoSuchElementException: no such element: Unable to locate element: {"method":"xpath","selector":"//*[@id="content"]/div/div/div/div[2]/div[3]/div[7]/div/div/div/div[2]/ul/li[3]"}
  (Session info: chrome=73.0.3683.103)
  (Driver info: chromedriver=2.35.528161 (5b82f2d2aae0ca24b877009200ced9065a772e73),platform=Windows NT 10.0.17134 x86_64) (WARNING: The server did not provide any stacktrace information)
Command duration or timeout: 0 milliseconds
For documentation on this error, please visit: http://seleniumhq.org/exceptions/no_such_element.html
Build info: version: '3.7.1', revision: '8a0099a', time: '2017-11-06T21:07:36.161Z'
System info: host: 'DESKTOP-4M6R1V0', ip: '10.0.2.15', os.name: 'Windows 10', os.arch: 'amd64', os.version: '10.0', java.version: '1.8.0_181'
Driver info: com.kms.katalon.selenium.driver.CChromeDriver
Capabilities {acceptInsecureCerts: false, acceptSslCerts: false, applicationCacheEnabled: false, browserConnectionEnabled: false, browserName: chrome, chrome: {chromedriverVersion: 2.35.528161 (5b82f2d2aae0ca..., userDataDir: C:\Users\CLOUDK~1\AppData\L...}, cssSelectorsEnabled: true, databaseEnabled: false, handlesAlerts: true, hasTouchScreen: false, javascriptEnabled: true, locationContextEnabled: true, mobileEmulationEnabled: false, nativeEvents: true, networkConnectionEnabled: false, pageLoadStrategy: normal, platform: XP, platformName: XP, rotatable: false, setWindowRect: true, takesHeapSnapshot: true, takesScreenshot: true, unexpectedAlertBehaviour: , unhandledPromptBehavior: , version: 73.0.3683.103, webStorageEnabled: true}
Session ID: e30c37e72384922c98aa97af135c90bb
*** Element info: {Using=xpath, value=//*[@id="content"]/div/div/div/div[2]/div[3]/div[7]/div/div/div/div[2]/ul/li[3]}

2019-04-26 11:15:39 - [TEST_STEP][PASSED] - callTestCase: Call Test Case 'Test Cases/Operational_Dashboard/Login' successfully

2019-04-26 11:15:39 - [TEST_CASE][PASSED] - Test Cases/Operational_Dashboard/Login: Test Cases/Operational_Dashboard/Login

2019-04-26 11:15:39 - [TEST_STEP][PASSED] - callTestCase: Call Test Case 'Test Cases/s-sidebar_navigation/individualAccount/operationalDashboard' successfully

2019-04-26 11:15:39 - [TEST_CASE][PASSED] - Test Cases/s-sidebar_navigation/individualAccount/operationalDashboard: Test Cases/s-sidebar_navigation/individualAccount/operationalDashboard

2019-04-26 11:15:39 - [TEST_STEP][PASSED] - click: Object: 'Object Repository/Page_KiboEngage  Subscribers/span_Subscribers' is clicked on

2019-04-26 11:15:40 - [MESSAGE][PASSED] - Object: 'Object Repository/Page_KiboEngage  Subscribers/span_Subscribers' is clicked on

2019-04-26 11:15:40 - [TEST_STEP][PASSED] - click: Object: 'Object Repository/Page_KiboEngage  Subscribers/span_Operational Dashboard (1)' is clicked on

2019-04-26 11:15:41 - [MESSAGE][PASSED] - Object: 'Object Repository/Page_KiboEngage  Subscribers/span_Operational Dashboard (1)' is clicked on

2019-04-26 11:15:41 - [TEST_STEP][PASSED] - scrollToPosition: Browser is scrolled to position x = 0, y = 0

2019-04-26 11:15:41 - [MESSAGE][PASSED] - Browser is scrolled to position x = 0, y = 0

2019-04-26 11:15:41 - [TEST_STEP][PASSED] - click: Object: 'Object Repository/Page_KiboEngage  Operational Dashbo/h3_Pages Info (4)' is clicked on

2019-04-26 11:15:43 - [MESSAGE][PASSED] - Object: 'Object Repository/Page_KiboEngage  Operational Dashbo/h3_Pages Info (4)' is clicked on

2019-04-26 11:15:43 - [MESSAGE][PASSED] - Call Test Case 'Test Cases/s-sidebar_navigation/individualAccount/operationalDashboard' successfully

2019-04-26 11:15:43 - [MESSAGE][PASSED] - Call Test Case 'Test Cases/Operational_Dashboard/Login' successfully

2019-04-26 11:15:43 - [TEST_STEP][PASSED] - Statement - driver = com.kms.katalon.core.webui.driver.DriverFactory.getWebDriver(): null

2019-04-26 11:15:43 - [TEST_STEP][PASSED] - Statement - popup_poll = driver.findElement(org.openqa.selenium.By.xpath("//*[@id="content"]/div/div/div/div[2]/div[3]/div[7]/div/div/div/div[2]/ul/li[3]")): null

2019-04-26 11:15:43 - [MESSAGE][FAILED] - Unable to call Test Case with id 'Test Cases/Operational_Dashboard/187' (Root cause: Call Test Case 'Test Cases/Operational_Dashboard/187' failed because of error(s))]]></system-out>
         <system-err><![CDATA[2019-04-26 11:15:38 - [TEST_CASE][ERROR] - Test Cases/Operational_Dashboard/190: Test Cases/Operational_Dashboard/190 FAILED because (of) org.openqa.selenium.NoSuchElementException: no such element: Unable to locate element: {"method":"xpath","selector":"//*[@id="content"]/div/div/div/div[2]/div[3]/div[7]/div/div/div/div[2]/ul/li[3]"}
  (Session info: chrome=73.0.3683.103)
  (Driver info: chromedriver=2.35.528161 (5b82f2d2aae0ca24b877009200ced9065a772e73),platform=Windows NT 10.0.17134 x86_64) (WARNING: The server did not provide any stacktrace information)
Command duration or timeout: 0 milliseconds
For documentation on this error, please visit: http://seleniumhq.org/exceptions/no_such_element.html
Build info: version: '3.7.1', revision: '8a0099a', time: '2017-11-06T21:07:36.161Z'
System info: host: 'DESKTOP-4M6R1V0', ip: '10.0.2.15', os.name: 'Windows 10', os.arch: 'amd64', os.version: '10.0', java.version: '1.8.0_181'
Driver info: com.kms.katalon.selenium.driver.CChromeDriver
Capabilities {acceptInsecureCerts: false, acceptSslCerts: false, applicationCacheEnabled: false, browserConnectionEnabled: false, browserName: chrome, chrome: {chromedriverVersion: 2.35.528161 (5b82f2d2aae0ca..., userDataDir: C:\Users\CLOUDK~1\AppData\L...}, cssSelectorsEnabled: true, databaseEnabled: false, handlesAlerts: true, hasTouchScreen: false, javascriptEnabled: true, locationContextEnabled: true, mobileEmulationEnabled: false, nativeEvents: true, networkConnectionEnabled: false, pageLoadStrategy: normal, platform: XP, platformName: XP, rotatable: false, setWindowRect: true, takesHeapSnapshot: true, takesScreenshot: true, unexpectedAlertBehaviour: , unhandledPromptBehavior: , version: 73.0.3683.103, webStorageEnabled: true}
Session ID: e30c37e72384922c98aa97af135c90bb
*** Element info: {Using=xpath, value=//*[@id="content"]/div/div/div/div[2]/div[3]/div[7]/div/div/div/div[2]/ul/li[3]}]]></system-err>
      </testcase>
      <testcase name="Test Cases/Operational_Dashboard/191" classname="Test Cases/Operational_Dashboard/191" status="ERROR">
         <error type="ERROR" message="Test Cases/Operational_Dashboard/191 FAILED because (of) org.openqa.selenium.NoSuchElementException: no such element: Unable to locate element: {&quot;method&quot;:&quot;xpath&quot;,&quot;selector&quot;:&quot;//*[@id=&quot;content&quot;]/div/div/div/div[2]/div[3]/div[7]/div/div/div/div[2]/ul/li[3]&quot;}
  (Session info: chrome=73.0.3683.103)
  (Driver info: chromedriver=2.35.528161 (5b82f2d2aae0ca24b877009200ced9065a772e73),platform=Windows NT 10.0.17134 x86_64) (WARNING: The server did not provide any stacktrace information)
Command duration or timeout: 0 milliseconds
For documentation on this error, please visit: http://seleniumhq.org/exceptions/no_such_element.html
Build info: version: '3.7.1', revision: '8a0099a', time: '2017-11-06T21:07:36.161Z'
System info: host: 'DESKTOP-4M6R1V0', ip: '10.0.2.15', os.name: 'Windows 10', os.arch: 'amd64', os.version: '10.0', java.version: '1.8.0_181'
Driver info: com.kms.katalon.selenium.driver.CChromeDriver
Capabilities {acceptInsecureCerts: false, acceptSslCerts: false, applicationCacheEnabled: false, browserConnectionEnabled: false, browserName: chrome, chrome: {chromedriverVersion: 2.35.528161 (5b82f2d2aae0ca..., userDataDir: C:\Users\CLOUDK~1\AppData\L...}, cssSelectorsEnabled: true, databaseEnabled: false, handlesAlerts: true, hasTouchScreen: false, javascriptEnabled: true, locationContextEnabled: true, mobileEmulationEnabled: false, nativeEvents: true, networkConnectionEnabled: false, pageLoadStrategy: normal, platform: XP, platformName: XP, rotatable: false, setWindowRect: true, takesHeapSnapshot: true, takesScreenshot: true, unexpectedAlertBehaviour: , unhandledPromptBehavior: , version: 73.0.3683.103, webStorageEnabled: true}
Session ID: e30c37e72384922c98aa97af135c90bb
*** Element info: {Using=xpath, value=//*[@id=&quot;content&quot;]/div/div/div/div[2]/div[3]/div[7]/div/div/div/div[2]/ul/li[3]}"/>
         <system-out><![CDATA[2019-04-26 11:15:43 - [TEST_CASE][ERROR] - Test Cases/Operational_Dashboard/191: Test Cases/Operational_Dashboard/191 FAILED because (of) org.openqa.selenium.NoSuchElementException: no such element: Unable to locate element: {"method":"xpath","selector":"//*[@id="content"]/div/div/div/div[2]/div[3]/div[7]/div/div/div/div[2]/ul/li[3]"}
  (Session info: chrome=73.0.3683.103)
  (Driver info: chromedriver=2.35.528161 (5b82f2d2aae0ca24b877009200ced9065a772e73),platform=Windows NT 10.0.17134 x86_64) (WARNING: The server did not provide any stacktrace information)
Command duration or timeout: 0 milliseconds
For documentation on this error, please visit: http://seleniumhq.org/exceptions/no_such_element.html
Build info: version: '3.7.1', revision: '8a0099a', time: '2017-11-06T21:07:36.161Z'
System info: host: 'DESKTOP-4M6R1V0', ip: '10.0.2.15', os.name: 'Windows 10', os.arch: 'amd64', os.version: '10.0', java.version: '1.8.0_181'
Driver info: com.kms.katalon.selenium.driver.CChromeDriver
Capabilities {acceptInsecureCerts: false, acceptSslCerts: false, applicationCacheEnabled: false, browserConnectionEnabled: false, browserName: chrome, chrome: {chromedriverVersion: 2.35.528161 (5b82f2d2aae0ca..., userDataDir: C:\Users\CLOUDK~1\AppData\L...}, cssSelectorsEnabled: true, databaseEnabled: false, handlesAlerts: true, hasTouchScreen: false, javascriptEnabled: true, locationContextEnabled: true, mobileEmulationEnabled: false, nativeEvents: true, networkConnectionEnabled: false, pageLoadStrategy: normal, platform: XP, platformName: XP, rotatable: false, setWindowRect: true, takesHeapSnapshot: true, takesScreenshot: true, unexpectedAlertBehaviour: , unhandledPromptBehavior: , version: 73.0.3683.103, webStorageEnabled: true}
Session ID: e30c37e72384922c98aa97af135c90bb
*** Element info: {Using=xpath, value=//*[@id="content"]/div/div/div/div[2]/div[3]/div[7]/div/div/div/div[2]/ul/li[3]}

2019-04-26 11:15:43 - [TEST_STEP][FAILED] - callTestCase: Unable to call Test Case with id 'Test Cases/Operational_Dashboard/187' (Root cause: Call Test Case 'Test Cases/Operational_Dashboard/187' failed because of error(s))

2019-04-26 11:15:43 - [TEST_CASE][ERROR] - Test Cases/Operational_Dashboard/187: Test Cases/Operational_Dashboard/187 FAILED because (of) org.openqa.selenium.NoSuchElementException: no such element: Unable to locate element: {"method":"xpath","selector":"//*[@id="content"]/div/div/div/div[2]/div[3]/div[7]/div/div/div/div[2]/ul/li[3]"}
  (Session info: chrome=73.0.3683.103)
  (Driver info: chromedriver=2.35.528161 (5b82f2d2aae0ca24b877009200ced9065a772e73),platform=Windows NT 10.0.17134 x86_64) (WARNING: The server did not provide any stacktrace information)
Command duration or timeout: 0 milliseconds
For documentation on this error, please visit: http://seleniumhq.org/exceptions/no_such_element.html
Build info: version: '3.7.1', revision: '8a0099a', time: '2017-11-06T21:07:36.161Z'
System info: host: 'DESKTOP-4M6R1V0', ip: '10.0.2.15', os.name: 'Windows 10', os.arch: 'amd64', os.version: '10.0', java.version: '1.8.0_181'
Driver info: com.kms.katalon.selenium.driver.CChromeDriver
Capabilities {acceptInsecureCerts: false, acceptSslCerts: false, applicationCacheEnabled: false, browserConnectionEnabled: false, browserName: chrome, chrome: {chromedriverVersion: 2.35.528161 (5b82f2d2aae0ca..., userDataDir: C:\Users\CLOUDK~1\AppData\L...}, cssSelectorsEnabled: true, databaseEnabled: false, handlesAlerts: true, hasTouchScreen: false, javascriptEnabled: true, locationContextEnabled: true, mobileEmulationEnabled: false, nativeEvents: true, networkConnectionEnabled: false, pageLoadStrategy: normal, platform: XP, platformName: XP, rotatable: false, setWindowRect: true, takesHeapSnapshot: true, takesScreenshot: true, unexpectedAlertBehaviour: , unhandledPromptBehavior: , version: 73.0.3683.103, webStorageEnabled: true}
Session ID: e30c37e72384922c98aa97af135c90bb
*** Element info: {Using=xpath, value=//*[@id="content"]/div/div/div/div[2]/div[3]/div[7]/div/div/div/div[2]/ul/li[3]}

2019-04-26 11:15:43 - [TEST_STEP][PASSED] - callTestCase: Call Test Case 'Test Cases/Operational_Dashboard/Login' successfully

2019-04-26 11:15:43 - [TEST_CASE][PASSED] - Test Cases/Operational_Dashboard/Login: Test Cases/Operational_Dashboard/Login

2019-04-26 11:15:43 - [TEST_STEP][PASSED] - callTestCase: Call Test Case 'Test Cases/s-sidebar_navigation/individualAccount/operationalDashboard' successfully

2019-04-26 11:15:43 - [TEST_CASE][PASSED] - Test Cases/s-sidebar_navigation/individualAccount/operationalDashboard: Test Cases/s-sidebar_navigation/individualAccount/operationalDashboard

2019-04-26 11:15:43 - [TEST_STEP][PASSED] - click: Object: 'Object Repository/Page_KiboEngage  Subscribers/span_Subscribers' is clicked on

2019-04-26 11:15:44 - [MESSAGE][PASSED] - Object: 'Object Repository/Page_KiboEngage  Subscribers/span_Subscribers' is clicked on

2019-04-26 11:15:44 - [TEST_STEP][PASSED] - click: Object: 'Object Repository/Page_KiboEngage  Subscribers/span_Operational Dashboard (1)' is clicked on

2019-04-26 11:15:44 - [MESSAGE][PASSED] - Object: 'Object Repository/Page_KiboEngage  Subscribers/span_Operational Dashboard (1)' is clicked on

2019-04-26 11:15:44 - [TEST_STEP][PASSED] - scrollToPosition: Browser is scrolled to position x = 0, y = 0

2019-04-26 11:15:45 - [MESSAGE][PASSED] - Browser is scrolled to position x = 0, y = 0

2019-04-26 11:15:45 - [TEST_STEP][PASSED] - click: Object: 'Object Repository/Page_KiboEngage  Operational Dashbo/h3_Pages Info (4)' is clicked on

2019-04-26 11:15:46 - [MESSAGE][PASSED] - Object: 'Object Repository/Page_KiboEngage  Operational Dashbo/h3_Pages Info (4)' is clicked on

2019-04-26 11:15:46 - [MESSAGE][PASSED] - Call Test Case 'Test Cases/s-sidebar_navigation/individualAccount/operationalDashboard' successfully

2019-04-26 11:15:46 - [MESSAGE][PASSED] - Call Test Case 'Test Cases/Operational_Dashboard/Login' successfully

2019-04-26 11:15:46 - [TEST_STEP][PASSED] - Statement - driver = com.kms.katalon.core.webui.driver.DriverFactory.getWebDriver(): null

2019-04-26 11:15:46 - [TEST_STEP][PASSED] - Statement - popup_poll = driver.findElement(org.openqa.selenium.By.xpath("//*[@id="content"]/div/div/div/div[2]/div[3]/div[7]/div/div/div/div[2]/ul/li[3]")): null

2019-04-26 11:15:46 - [MESSAGE][FAILED] - Unable to call Test Case with id 'Test Cases/Operational_Dashboard/187' (Root cause: Call Test Case 'Test Cases/Operational_Dashboard/187' failed because of error(s))]]></system-out>
         <system-err><![CDATA[2019-04-26 11:15:43 - [TEST_CASE][ERROR] - Test Cases/Operational_Dashboard/191: Test Cases/Operational_Dashboard/191 FAILED because (of) org.openqa.selenium.NoSuchElementException: no such element: Unable to locate element: {"method":"xpath","selector":"//*[@id="content"]/div/div/div/div[2]/div[3]/div[7]/div/div/div/div[2]/ul/li[3]"}
  (Session info: chrome=73.0.3683.103)
  (Driver info: chromedriver=2.35.528161 (5b82f2d2aae0ca24b877009200ced9065a772e73),platform=Windows NT 10.0.17134 x86_64) (WARNING: The server did not provide any stacktrace information)
Command duration or timeout: 0 milliseconds
For documentation on this error, please visit: http://seleniumhq.org/exceptions/no_such_element.html
Build info: version: '3.7.1', revision: '8a0099a', time: '2017-11-06T21:07:36.161Z'
System info: host: 'DESKTOP-4M6R1V0', ip: '10.0.2.15', os.name: 'Windows 10', os.arch: 'amd64', os.version: '10.0', java.version: '1.8.0_181'
Driver info: com.kms.katalon.selenium.driver.CChromeDriver
Capabilities {acceptInsecureCerts: false, acceptSslCerts: false, applicationCacheEnabled: false, browserConnectionEnabled: false, browserName: chrome, chrome: {chromedriverVersion: 2.35.528161 (5b82f2d2aae0ca..., userDataDir: C:\Users\CLOUDK~1\AppData\L...}, cssSelectorsEnabled: true, databaseEnabled: false, handlesAlerts: true, hasTouchScreen: false, javascriptEnabled: true, locationContextEnabled: true, mobileEmulationEnabled: false, nativeEvents: true, networkConnectionEnabled: false, pageLoadStrategy: normal, platform: XP, platformName: XP, rotatable: false, setWindowRect: true, takesHeapSnapshot: true, takesScreenshot: true, unexpectedAlertBehaviour: , unhandledPromptBehavior: , version: 73.0.3683.103, webStorageEnabled: true}
Session ID: e30c37e72384922c98aa97af135c90bb
*** Element info: {Using=xpath, value=//*[@id="content"]/div/div/div/div[2]/div[3]/div[7]/div/div/div/div[2]/ul/li[3]}]]></system-err>
      </testcase>
      <testcase name="Test Cases/Operational_Dashboard/192" classname="Test Cases/Operational_Dashboard/192" status="ERROR">
         <error type="ERROR" message="Test Cases/Operational_Dashboard/192 FAILED because (of) org.openqa.selenium.NoSuchElementException: no such element: Unable to locate element: {&quot;method&quot;:&quot;xpath&quot;,&quot;selector&quot;:&quot;//*[@id=&quot;content&quot;]/div/div/div/div[2]/div[3]/div[7]/div/div/div/div[2]/ul/li[3]&quot;}
  (Session info: chrome=73.0.3683.103)
  (Driver info: chromedriver=2.35.528161 (5b82f2d2aae0ca24b877009200ced9065a772e73),platform=Windows NT 10.0.17134 x86_64) (WARNING: The server did not provide any stacktrace information)
Command duration or timeout: 0 milliseconds
For documentation on this error, please visit: http://seleniumhq.org/exceptions/no_such_element.html
Build info: version: '3.7.1', revision: '8a0099a', time: '2017-11-06T21:07:36.161Z'
System info: host: 'DESKTOP-4M6R1V0', ip: '10.0.2.15', os.name: 'Windows 10', os.arch: 'amd64', os.version: '10.0', java.version: '1.8.0_181'
Driver info: com.kms.katalon.selenium.driver.CChromeDriver
Capabilities {acceptInsecureCerts: false, acceptSslCerts: false, applicationCacheEnabled: false, browserConnectionEnabled: false, browserName: chrome, chrome: {chromedriverVersion: 2.35.528161 (5b82f2d2aae0ca..., userDataDir: C:\Users\CLOUDK~1\AppData\L...}, cssSelectorsEnabled: true, databaseEnabled: false, handlesAlerts: true, hasTouchScreen: false, javascriptEnabled: true, locationContextEnabled: true, mobileEmulationEnabled: false, nativeEvents: true, networkConnectionEnabled: false, pageLoadStrategy: normal, platform: XP, platformName: XP, rotatable: false, setWindowRect: true, takesHeapSnapshot: true, takesScreenshot: true, unexpectedAlertBehaviour: , unhandledPromptBehavior: , version: 73.0.3683.103, webStorageEnabled: true}
Session ID: e30c37e72384922c98aa97af135c90bb
*** Element info: {Using=xpath, value=//*[@id=&quot;content&quot;]/div/div/div/div[2]/div[3]/div[7]/div/div/div/div[2]/ul/li[3]}"/>
         <system-out><![CDATA[2019-04-26 11:15:46 - [TEST_CASE][ERROR] - Test Cases/Operational_Dashboard/192: Test Cases/Operational_Dashboard/192 FAILED because (of) org.openqa.selenium.NoSuchElementException: no such element: Unable to locate element: {"method":"xpath","selector":"//*[@id="content"]/div/div/div/div[2]/div[3]/div[7]/div/div/div/div[2]/ul/li[3]"}
  (Session info: chrome=73.0.3683.103)
  (Driver info: chromedriver=2.35.528161 (5b82f2d2aae0ca24b877009200ced9065a772e73),platform=Windows NT 10.0.17134 x86_64) (WARNING: The server did not provide any stacktrace information)
Command duration or timeout: 0 milliseconds
For documentation on this error, please visit: http://seleniumhq.org/exceptions/no_such_element.html
Build info: version: '3.7.1', revision: '8a0099a', time: '2017-11-06T21:07:36.161Z'
System info: host: 'DESKTOP-4M6R1V0', ip: '10.0.2.15', os.name: 'Windows 10', os.arch: 'amd64', os.version: '10.0', java.version: '1.8.0_181'
Driver info: com.kms.katalon.selenium.driver.CChromeDriver
Capabilities {acceptInsecureCerts: false, acceptSslCerts: false, applicationCacheEnabled: false, browserConnectionEnabled: false, browserName: chrome, chrome: {chromedriverVersion: 2.35.528161 (5b82f2d2aae0ca..., userDataDir: C:\Users\CLOUDK~1\AppData\L...}, cssSelectorsEnabled: true, databaseEnabled: false, handlesAlerts: true, hasTouchScreen: false, javascriptEnabled: true, locationContextEnabled: true, mobileEmulationEnabled: false, nativeEvents: true, networkConnectionEnabled: false, pageLoadStrategy: normal, platform: XP, platformName: XP, rotatable: false, setWindowRect: true, takesHeapSnapshot: true, takesScreenshot: true, unexpectedAlertBehaviour: , unhandledPromptBehavior: , version: 73.0.3683.103, webStorageEnabled: true}
Session ID: e30c37e72384922c98aa97af135c90bb
*** Element info: {Using=xpath, value=//*[@id="content"]/div/div/div/div[2]/div[3]/div[7]/div/div/div/div[2]/ul/li[3]}

2019-04-26 11:15:46 - [TEST_STEP][FAILED] - callTestCase: Unable to call Test Case with id 'Test Cases/Operational_Dashboard/187' (Root cause: Call Test Case 'Test Cases/Operational_Dashboard/187' failed because of error(s))

2019-04-26 11:15:46 - [TEST_CASE][ERROR] - Test Cases/Operational_Dashboard/187: Test Cases/Operational_Dashboard/187 FAILED because (of) org.openqa.selenium.NoSuchElementException: no such element: Unable to locate element: {"method":"xpath","selector":"//*[@id="content"]/div/div/div/div[2]/div[3]/div[7]/div/div/div/div[2]/ul/li[3]"}
  (Session info: chrome=73.0.3683.103)
  (Driver info: chromedriver=2.35.528161 (5b82f2d2aae0ca24b877009200ced9065a772e73),platform=Windows NT 10.0.17134 x86_64) (WARNING: The server did not provide any stacktrace information)
Command duration or timeout: 0 milliseconds
For documentation on this error, please visit: http://seleniumhq.org/exceptions/no_such_element.html
Build info: version: '3.7.1', revision: '8a0099a', time: '2017-11-06T21:07:36.161Z'
System info: host: 'DESKTOP-4M6R1V0', ip: '10.0.2.15', os.name: 'Windows 10', os.arch: 'amd64', os.version: '10.0', java.version: '1.8.0_181'
Driver info: com.kms.katalon.selenium.driver.CChromeDriver
Capabilities {acceptInsecureCerts: false, acceptSslCerts: false, applicationCacheEnabled: false, browserConnectionEnabled: false, browserName: chrome, chrome: {chromedriverVersion: 2.35.528161 (5b82f2d2aae0ca..., userDataDir: C:\Users\CLOUDK~1\AppData\L...}, cssSelectorsEnabled: true, databaseEnabled: false, handlesAlerts: true, hasTouchScreen: false, javascriptEnabled: true, locationContextEnabled: true, mobileEmulationEnabled: false, nativeEvents: true, networkConnectionEnabled: false, pageLoadStrategy: normal, platform: XP, platformName: XP, rotatable: false, setWindowRect: true, takesHeapSnapshot: true, takesScreenshot: true, unexpectedAlertBehaviour: , unhandledPromptBehavior: , version: 73.0.3683.103, webStorageEnabled: true}
Session ID: e30c37e72384922c98aa97af135c90bb
*** Element info: {Using=xpath, value=//*[@id="content"]/div/div/div/div[2]/div[3]/div[7]/div/div/div/div[2]/ul/li[3]}

2019-04-26 11:15:46 - [TEST_STEP][PASSED] - callTestCase: Call Test Case 'Test Cases/Operational_Dashboard/Login' successfully

2019-04-26 11:15:46 - [TEST_CASE][PASSED] - Test Cases/Operational_Dashboard/Login: Test Cases/Operational_Dashboard/Login

2019-04-26 11:15:46 - [TEST_STEP][PASSED] - callTestCase: Call Test Case 'Test Cases/s-sidebar_navigation/individualAccount/operationalDashboard' successfully

2019-04-26 11:15:47 - [TEST_CASE][PASSED] - Test Cases/s-sidebar_navigation/individualAccount/operationalDashboard: Test Cases/s-sidebar_navigation/individualAccount/operationalDashboard

2019-04-26 11:15:47 - [TEST_STEP][PASSED] - click: Object: 'Object Repository/Page_KiboEngage  Subscribers/span_Subscribers' is clicked on

2019-04-26 11:15:47 - [MESSAGE][PASSED] - Object: 'Object Repository/Page_KiboEngage  Subscribers/span_Subscribers' is clicked on

2019-04-26 11:15:47 - [TEST_STEP][PASSED] - click: Object: 'Object Repository/Page_KiboEngage  Subscribers/span_Operational Dashboard (1)' is clicked on

2019-04-26 11:15:48 - [MESSAGE][PASSED] - Object: 'Object Repository/Page_KiboEngage  Subscribers/span_Operational Dashboard (1)' is clicked on

2019-04-26 11:15:48 - [TEST_STEP][PASSED] - scrollToPosition: Browser is scrolled to position x = 0, y = 0

2019-04-26 11:15:48 - [MESSAGE][PASSED] - Browser is scrolled to position x = 0, y = 0

2019-04-26 11:15:48 - [TEST_STEP][PASSED] - click: Object: 'Object Repository/Page_KiboEngage  Operational Dashbo/h3_Pages Info (4)' is clicked on

2019-04-26 11:15:48 - [MESSAGE][PASSED] - Object: 'Object Repository/Page_KiboEngage  Operational Dashbo/h3_Pages Info (4)' is clicked on

2019-04-26 11:15:48 - [MESSAGE][PASSED] - Call Test Case 'Test Cases/s-sidebar_navigation/individualAccount/operationalDashboard' successfully

2019-04-26 11:15:48 - [MESSAGE][PASSED] - Call Test Case 'Test Cases/Operational_Dashboard/Login' successfully

2019-04-26 11:15:48 - [TEST_STEP][PASSED] - Statement - driver = com.kms.katalon.core.webui.driver.DriverFactory.getWebDriver(): null

2019-04-26 11:15:48 - [TEST_STEP][PASSED] - Statement - popup_poll = driver.findElement(org.openqa.selenium.By.xpath("//*[@id="content"]/div/div/div/div[2]/div[3]/div[7]/div/div/div/div[2]/ul/li[3]")): null

2019-04-26 11:15:49 - [MESSAGE][FAILED] - Unable to call Test Case with id 'Test Cases/Operational_Dashboard/187' (Root cause: Call Test Case 'Test Cases/Operational_Dashboard/187' failed because of error(s))]]></system-out>
         <system-err><![CDATA[2019-04-26 11:15:46 - [TEST_CASE][ERROR] - Test Cases/Operational_Dashboard/192: Test Cases/Operational_Dashboard/192 FAILED because (of) org.openqa.selenium.NoSuchElementException: no such element: Unable to locate element: {"method":"xpath","selector":"//*[@id="content"]/div/div/div/div[2]/div[3]/div[7]/div/div/div/div[2]/ul/li[3]"}
  (Session info: chrome=73.0.3683.103)
  (Driver info: chromedriver=2.35.528161 (5b82f2d2aae0ca24b877009200ced9065a772e73),platform=Windows NT 10.0.17134 x86_64) (WARNING: The server did not provide any stacktrace information)
Command duration or timeout: 0 milliseconds
For documentation on this error, please visit: http://seleniumhq.org/exceptions/no_such_element.html
Build info: version: '3.7.1', revision: '8a0099a', time: '2017-11-06T21:07:36.161Z'
System info: host: 'DESKTOP-4M6R1V0', ip: '10.0.2.15', os.name: 'Windows 10', os.arch: 'amd64', os.version: '10.0', java.version: '1.8.0_181'
Driver info: com.kms.katalon.selenium.driver.CChromeDriver
Capabilities {acceptInsecureCerts: false, acceptSslCerts: false, applicationCacheEnabled: false, browserConnectionEnabled: false, browserName: chrome, chrome: {chromedriverVersion: 2.35.528161 (5b82f2d2aae0ca..., userDataDir: C:\Users\CLOUDK~1\AppData\L...}, cssSelectorsEnabled: true, databaseEnabled: false, handlesAlerts: true, hasTouchScreen: false, javascriptEnabled: true, locationContextEnabled: true, mobileEmulationEnabled: false, nativeEvents: true, networkConnectionEnabled: false, pageLoadStrategy: normal, platform: XP, platformName: XP, rotatable: false, setWindowRect: true, takesHeapSnapshot: true, takesScreenshot: true, unexpectedAlertBehaviour: , unhandledPromptBehavior: , version: 73.0.3683.103, webStorageEnabled: true}
Session ID: e30c37e72384922c98aa97af135c90bb
*** Element info: {Using=xpath, value=//*[@id="content"]/div/div/div/div[2]/div[3]/div[7]/div/div/div/div[2]/ul/li[3]}]]></system-err>
      </testcase>
      <testcase name="Test Cases/Operational_Dashboard/193" classname="Test Cases/Operational_Dashboard/193" status="ERROR">
         <error type="ERROR" message="Test Cases/Operational_Dashboard/193 FAILED because (of) org.openqa.selenium.NoSuchElementException: no such element: Unable to locate element: {&quot;method&quot;:&quot;xpath&quot;,&quot;selector&quot;:&quot;//*[@id=&quot;content&quot;]/div/div/div/div[2]/div[3]/div[7]/div/div/div/div[2]/ul/li[3]&quot;}
  (Session info: chrome=73.0.3683.103)
  (Driver info: chromedriver=2.35.528161 (5b82f2d2aae0ca24b877009200ced9065a772e73),platform=Windows NT 10.0.17134 x86_64) (WARNING: The server did not provide any stacktrace information)
Command duration or timeout: 0 milliseconds
For documentation on this error, please visit: http://seleniumhq.org/exceptions/no_such_element.html
Build info: version: '3.7.1', revision: '8a0099a', time: '2017-11-06T21:07:36.161Z'
System info: host: 'DESKTOP-4M6R1V0', ip: '10.0.2.15', os.name: 'Windows 10', os.arch: 'amd64', os.version: '10.0', java.version: '1.8.0_181'
Driver info: com.kms.katalon.selenium.driver.CChromeDriver
Capabilities {acceptInsecureCerts: false, acceptSslCerts: false, applicationCacheEnabled: false, browserConnectionEnabled: false, browserName: chrome, chrome: {chromedriverVersion: 2.35.528161 (5b82f2d2aae0ca..., userDataDir: C:\Users\CLOUDK~1\AppData\L...}, cssSelectorsEnabled: true, databaseEnabled: false, handlesAlerts: true, hasTouchScreen: false, javascriptEnabled: true, locationContextEnabled: true, mobileEmulationEnabled: false, nativeEvents: true, networkConnectionEnabled: false, pageLoadStrategy: normal, platform: XP, platformName: XP, rotatable: false, setWindowRect: true, takesHeapSnapshot: true, takesScreenshot: true, unexpectedAlertBehaviour: , unhandledPromptBehavior: , version: 73.0.3683.103, webStorageEnabled: true}
Session ID: e30c37e72384922c98aa97af135c90bb
*** Element info: {Using=xpath, value=//*[@id=&quot;content&quot;]/div/div/div/div[2]/div[3]/div[7]/div/div/div/div[2]/ul/li[3]}"/>
         <system-out><![CDATA[2019-04-26 11:15:49 - [TEST_CASE][ERROR] - Test Cases/Operational_Dashboard/193: Test Cases/Operational_Dashboard/193 FAILED because (of) org.openqa.selenium.NoSuchElementException: no such element: Unable to locate element: {"method":"xpath","selector":"//*[@id="content"]/div/div/div/div[2]/div[3]/div[7]/div/div/div/div[2]/ul/li[3]"}
  (Session info: chrome=73.0.3683.103)
  (Driver info: chromedriver=2.35.528161 (5b82f2d2aae0ca24b877009200ced9065a772e73),platform=Windows NT 10.0.17134 x86_64) (WARNING: The server did not provide any stacktrace information)
Command duration or timeout: 0 milliseconds
For documentation on this error, please visit: http://seleniumhq.org/exceptions/no_such_element.html
Build info: version: '3.7.1', revision: '8a0099a', time: '2017-11-06T21:07:36.161Z'
System info: host: 'DESKTOP-4M6R1V0', ip: '10.0.2.15', os.name: 'Windows 10', os.arch: 'amd64', os.version: '10.0', java.version: '1.8.0_181'
Driver info: com.kms.katalon.selenium.driver.CChromeDriver
Capabilities {acceptInsecureCerts: false, acceptSslCerts: false, applicationCacheEnabled: false, browserConnectionEnabled: false, browserName: chrome, chrome: {chromedriverVersion: 2.35.528161 (5b82f2d2aae0ca..., userDataDir: C:\Users\CLOUDK~1\AppData\L...}, cssSelectorsEnabled: true, databaseEnabled: false, handlesAlerts: true, hasTouchScreen: false, javascriptEnabled: true, locationContextEnabled: true, mobileEmulationEnabled: false, nativeEvents: true, networkConnectionEnabled: false, pageLoadStrategy: normal, platform: XP, platformName: XP, rotatable: false, setWindowRect: true, takesHeapSnapshot: true, takesScreenshot: true, unexpectedAlertBehaviour: , unhandledPromptBehavior: , version: 73.0.3683.103, webStorageEnabled: true}
Session ID: e30c37e72384922c98aa97af135c90bb
*** Element info: {Using=xpath, value=//*[@id="content"]/div/div/div/div[2]/div[3]/div[7]/div/div/div/div[2]/ul/li[3]}

2019-04-26 11:15:49 - [TEST_STEP][FAILED] - callTestCase: Unable to call Test Case with id 'Test Cases/Operational_Dashboard/187' (Root cause: Call Test Case 'Test Cases/Operational_Dashboard/187' failed because of error(s))

2019-04-26 11:15:49 - [TEST_CASE][ERROR] - Test Cases/Operational_Dashboard/187: Test Cases/Operational_Dashboard/187 FAILED because (of) org.openqa.selenium.NoSuchElementException: no such element: Unable to locate element: {"method":"xpath","selector":"//*[@id="content"]/div/div/div/div[2]/div[3]/div[7]/div/div/div/div[2]/ul/li[3]"}
  (Session info: chrome=73.0.3683.103)
  (Driver info: chromedriver=2.35.528161 (5b82f2d2aae0ca24b877009200ced9065a772e73),platform=Windows NT 10.0.17134 x86_64) (WARNING: The server did not provide any stacktrace information)
Command duration or timeout: 0 milliseconds
For documentation on this error, please visit: http://seleniumhq.org/exceptions/no_such_element.html
Build info: version: '3.7.1', revision: '8a0099a', time: '2017-11-06T21:07:36.161Z'
System info: host: 'DESKTOP-4M6R1V0', ip: '10.0.2.15', os.name: 'Windows 10', os.arch: 'amd64', os.version: '10.0', java.version: '1.8.0_181'
Driver info: com.kms.katalon.selenium.driver.CChromeDriver
Capabilities {acceptInsecureCerts: false, acceptSslCerts: false, applicationCacheEnabled: false, browserConnectionEnabled: false, browserName: chrome, chrome: {chromedriverVersion: 2.35.528161 (5b82f2d2aae0ca..., userDataDir: C:\Users\CLOUDK~1\AppData\L...}, cssSelectorsEnabled: true, databaseEnabled: false, handlesAlerts: true, hasTouchScreen: false, javascriptEnabled: true, locationContextEnabled: true, mobileEmulationEnabled: false, nativeEvents: true, networkConnectionEnabled: false, pageLoadStrategy: normal, platform: XP, platformName: XP, rotatable: false, setWindowRect: true, takesHeapSnapshot: true, takesScreenshot: true, unexpectedAlertBehaviour: , unhandledPromptBehavior: , version: 73.0.3683.103, webStorageEnabled: true}
Session ID: e30c37e72384922c98aa97af135c90bb
*** Element info: {Using=xpath, value=//*[@id="content"]/div/div/div/div[2]/div[3]/div[7]/div/div/div/div[2]/ul/li[3]}

2019-04-26 11:15:49 - [TEST_STEP][PASSED] - callTestCase: Call Test Case 'Test Cases/Operational_Dashboard/Login' successfully

2019-04-26 11:15:49 - [TEST_CASE][PASSED] - Test Cases/Operational_Dashboard/Login: Test Cases/Operational_Dashboard/Login

2019-04-26 11:15:49 - [TEST_STEP][PASSED] - callTestCase: Call Test Case 'Test Cases/s-sidebar_navigation/individualAccount/operationalDashboard' successfully

2019-04-26 11:15:49 - [TEST_CASE][PASSED] - Test Cases/s-sidebar_navigation/individualAccount/operationalDashboard: Test Cases/s-sidebar_navigation/individualAccount/operationalDashboard

2019-04-26 11:15:49 - [TEST_STEP][PASSED] - click: Object: 'Object Repository/Page_KiboEngage  Subscribers/span_Subscribers' is clicked on

2019-04-26 11:15:50 - [MESSAGE][PASSED] - Object: 'Object Repository/Page_KiboEngage  Subscribers/span_Subscribers' is clicked on

2019-04-26 11:15:50 - [TEST_STEP][PASSED] - click: Object: 'Object Repository/Page_KiboEngage  Subscribers/span_Operational Dashboard (1)' is clicked on

2019-04-26 11:15:52 - [MESSAGE][PASSED] - Object: 'Object Repository/Page_KiboEngage  Subscribers/span_Operational Dashboard (1)' is clicked on

2019-04-26 11:15:52 - [TEST_STEP][PASSED] - scrollToPosition: Browser is scrolled to position x = 0, y = 0

2019-04-26 11:15:52 - [MESSAGE][PASSED] - Browser is scrolled to position x = 0, y = 0

2019-04-26 11:15:52 - [TEST_STEP][PASSED] - click: Object: 'Object Repository/Page_KiboEngage  Operational Dashbo/h3_Pages Info (4)' is clicked on

2019-04-26 11:15:52 - [MESSAGE][PASSED] - Object: 'Object Repository/Page_KiboEngage  Operational Dashbo/h3_Pages Info (4)' is clicked on

2019-04-26 11:15:52 - [MESSAGE][PASSED] - Call Test Case 'Test Cases/s-sidebar_navigation/individualAccount/operationalDashboard' successfully

2019-04-26 11:15:52 - [MESSAGE][PASSED] - Call Test Case 'Test Cases/Operational_Dashboard/Login' successfully

2019-04-26 11:15:52 - [TEST_STEP][PASSED] - Statement - driver = com.kms.katalon.core.webui.driver.DriverFactory.getWebDriver(): null

2019-04-26 11:15:52 - [TEST_STEP][PASSED] - Statement - popup_poll = driver.findElement(org.openqa.selenium.By.xpath("//*[@id="content"]/div/div/div/div[2]/div[3]/div[7]/div/div/div/div[2]/ul/li[3]")): null

2019-04-26 11:15:53 - [MESSAGE][FAILED] - Unable to call Test Case with id 'Test Cases/Operational_Dashboard/187' (Root cause: Call Test Case 'Test Cases/Operational_Dashboard/187' failed because of error(s))]]></system-out>
         <system-err><![CDATA[2019-04-26 11:15:49 - [TEST_CASE][ERROR] - Test Cases/Operational_Dashboard/193: Test Cases/Operational_Dashboard/193 FAILED because (of) org.openqa.selenium.NoSuchElementException: no such element: Unable to locate element: {"method":"xpath","selector":"//*[@id="content"]/div/div/div/div[2]/div[3]/div[7]/div/div/div/div[2]/ul/li[3]"}
  (Session info: chrome=73.0.3683.103)
  (Driver info: chromedriver=2.35.528161 (5b82f2d2aae0ca24b877009200ced9065a772e73),platform=Windows NT 10.0.17134 x86_64) (WARNING: The server did not provide any stacktrace information)
Command duration or timeout: 0 milliseconds
For documentation on this error, please visit: http://seleniumhq.org/exceptions/no_such_element.html
Build info: version: '3.7.1', revision: '8a0099a', time: '2017-11-06T21:07:36.161Z'
System info: host: 'DESKTOP-4M6R1V0', ip: '10.0.2.15', os.name: 'Windows 10', os.arch: 'amd64', os.version: '10.0', java.version: '1.8.0_181'
Driver info: com.kms.katalon.selenium.driver.CChromeDriver
Capabilities {acceptInsecureCerts: false, acceptSslCerts: false, applicationCacheEnabled: false, browserConnectionEnabled: false, browserName: chrome, chrome: {chromedriverVersion: 2.35.528161 (5b82f2d2aae0ca..., userDataDir: C:\Users\CLOUDK~1\AppData\L...}, cssSelectorsEnabled: true, databaseEnabled: false, handlesAlerts: true, hasTouchScreen: false, javascriptEnabled: true, locationContextEnabled: true, mobileEmulationEnabled: false, nativeEvents: true, networkConnectionEnabled: false, pageLoadStrategy: normal, platform: XP, platformName: XP, rotatable: false, setWindowRect: true, takesHeapSnapshot: true, takesScreenshot: true, unexpectedAlertBehaviour: , unhandledPromptBehavior: , version: 73.0.3683.103, webStorageEnabled: true}
Session ID: e30c37e72384922c98aa97af135c90bb
*** Element info: {Using=xpath, value=//*[@id="content"]/div/div/div/div[2]/div[3]/div[7]/div/div/div/div[2]/ul/li[3]}]]></system-err>
      </testcase>
      <testcase name="Test Cases/Operational_Dashboard/194" classname="Test Cases/Operational_Dashboard/194" status="ERROR">
         <error type="ERROR" message="Test Cases/Operational_Dashboard/194 FAILED because (of) org.openqa.selenium.NoSuchElementException: no such element: Unable to locate element: {&quot;method&quot;:&quot;xpath&quot;,&quot;selector&quot;:&quot;//*[@id=&quot;content&quot;]/div/div/div/div[2]/div[3]/div[7]/div/div/div/div[2]/ul/li[3]&quot;}
  (Session info: chrome=73.0.3683.103)
  (Driver info: chromedriver=2.35.528161 (5b82f2d2aae0ca24b877009200ced9065a772e73),platform=Windows NT 10.0.17134 x86_64) (WARNING: The server did not provide any stacktrace information)
Command duration or timeout: 0 milliseconds
For documentation on this error, please visit: http://seleniumhq.org/exceptions/no_such_element.html
Build info: version: '3.7.1', revision: '8a0099a', time: '2017-11-06T21:07:36.161Z'
System info: host: 'DESKTOP-4M6R1V0', ip: '10.0.2.15', os.name: 'Windows 10', os.arch: 'amd64', os.version: '10.0', java.version: '1.8.0_181'
Driver info: com.kms.katalon.selenium.driver.CChromeDriver
Capabilities {acceptInsecureCerts: false, acceptSslCerts: false, applicationCacheEnabled: false, browserConnectionEnabled: false, browserName: chrome, chrome: {chromedriverVersion: 2.35.528161 (5b82f2d2aae0ca..., userDataDir: C:\Users\CLOUDK~1\AppData\L...}, cssSelectorsEnabled: true, databaseEnabled: false, handlesAlerts: true, hasTouchScreen: false, javascriptEnabled: true, locationContextEnabled: true, mobileEmulationEnabled: false, nativeEvents: true, networkConnectionEnabled: false, pageLoadStrategy: normal, platform: XP, platformName: XP, rotatable: false, setWindowRect: true, takesHeapSnapshot: true, takesScreenshot: true, unexpectedAlertBehaviour: , unhandledPromptBehavior: , version: 73.0.3683.103, webStorageEnabled: true}
Session ID: e30c37e72384922c98aa97af135c90bb
*** Element info: {Using=xpath, value=//*[@id=&quot;content&quot;]/div/div/div/div[2]/div[3]/div[7]/div/div/div/div[2]/ul/li[3]}"/>
         <system-out><![CDATA[2019-04-26 11:15:53 - [TEST_CASE][ERROR] - Test Cases/Operational_Dashboard/194: Test Cases/Operational_Dashboard/194 FAILED because (of) org.openqa.selenium.NoSuchElementException: no such element: Unable to locate element: {"method":"xpath","selector":"//*[@id="content"]/div/div/div/div[2]/div[3]/div[7]/div/div/div/div[2]/ul/li[3]"}
  (Session info: chrome=73.0.3683.103)
  (Driver info: chromedriver=2.35.528161 (5b82f2d2aae0ca24b877009200ced9065a772e73),platform=Windows NT 10.0.17134 x86_64) (WARNING: The server did not provide any stacktrace information)
Command duration or timeout: 0 milliseconds
For documentation on this error, please visit: http://seleniumhq.org/exceptions/no_such_element.html
Build info: version: '3.7.1', revision: '8a0099a', time: '2017-11-06T21:07:36.161Z'
System info: host: 'DESKTOP-4M6R1V0', ip: '10.0.2.15', os.name: 'Windows 10', os.arch: 'amd64', os.version: '10.0', java.version: '1.8.0_181'
Driver info: com.kms.katalon.selenium.driver.CChromeDriver
Capabilities {acceptInsecureCerts: false, acceptSslCerts: false, applicationCacheEnabled: false, browserConnectionEnabled: false, browserName: chrome, chrome: {chromedriverVersion: 2.35.528161 (5b82f2d2aae0ca..., userDataDir: C:\Users\CLOUDK~1\AppData\L...}, cssSelectorsEnabled: true, databaseEnabled: false, handlesAlerts: true, hasTouchScreen: false, javascriptEnabled: true, locationContextEnabled: true, mobileEmulationEnabled: false, nativeEvents: true, networkConnectionEnabled: false, pageLoadStrategy: normal, platform: XP, platformName: XP, rotatable: false, setWindowRect: true, takesHeapSnapshot: true, takesScreenshot: true, unexpectedAlertBehaviour: , unhandledPromptBehavior: , version: 73.0.3683.103, webStorageEnabled: true}
Session ID: e30c37e72384922c98aa97af135c90bb
*** Element info: {Using=xpath, value=//*[@id="content"]/div/div/div/div[2]/div[3]/div[7]/div/div/div/div[2]/ul/li[3]}

2019-04-26 11:15:53 - [TEST_STEP][FAILED] - callTestCase: Unable to call Test Case with id 'Test Cases/Operational_Dashboard/187' (Root cause: Call Test Case 'Test Cases/Operational_Dashboard/187' failed because of error(s))

2019-04-26 11:15:53 - [TEST_CASE][ERROR] - Test Cases/Operational_Dashboard/187: Test Cases/Operational_Dashboard/187 FAILED because (of) org.openqa.selenium.NoSuchElementException: no such element: Unable to locate element: {"method":"xpath","selector":"//*[@id="content"]/div/div/div/div[2]/div[3]/div[7]/div/div/div/div[2]/ul/li[3]"}
  (Session info: chrome=73.0.3683.103)
  (Driver info: chromedriver=2.35.528161 (5b82f2d2aae0ca24b877009200ced9065a772e73),platform=Windows NT 10.0.17134 x86_64) (WARNING: The server did not provide any stacktrace information)
Command duration or timeout: 0 milliseconds
For documentation on this error, please visit: http://seleniumhq.org/exceptions/no_such_element.html
Build info: version: '3.7.1', revision: '8a0099a', time: '2017-11-06T21:07:36.161Z'
System info: host: 'DESKTOP-4M6R1V0', ip: '10.0.2.15', os.name: 'Windows 10', os.arch: 'amd64', os.version: '10.0', java.version: '1.8.0_181'
Driver info: com.kms.katalon.selenium.driver.CChromeDriver
Capabilities {acceptInsecureCerts: false, acceptSslCerts: false, applicationCacheEnabled: false, browserConnectionEnabled: false, browserName: chrome, chrome: {chromedriverVersion: 2.35.528161 (5b82f2d2aae0ca..., userDataDir: C:\Users\CLOUDK~1\AppData\L...}, cssSelectorsEnabled: true, databaseEnabled: false, handlesAlerts: true, hasTouchScreen: false, javascriptEnabled: true, locationContextEnabled: true, mobileEmulationEnabled: false, nativeEvents: true, networkConnectionEnabled: false, pageLoadStrategy: normal, platform: XP, platformName: XP, rotatable: false, setWindowRect: true, takesHeapSnapshot: true, takesScreenshot: true, unexpectedAlertBehaviour: , unhandledPromptBehavior: , version: 73.0.3683.103, webStorageEnabled: true}
Session ID: e30c37e72384922c98aa97af135c90bb
*** Element info: {Using=xpath, value=//*[@id="content"]/div/div/div/div[2]/div[3]/div[7]/div/div/div/div[2]/ul/li[3]}

2019-04-26 11:15:53 - [TEST_STEP][PASSED] - callTestCase: Call Test Case 'Test Cases/Operational_Dashboard/Login' successfully

2019-04-26 11:15:53 - [TEST_CASE][PASSED] - Test Cases/Operational_Dashboard/Login: Test Cases/Operational_Dashboard/Login

2019-04-26 11:15:53 - [TEST_STEP][PASSED] - callTestCase: Call Test Case 'Test Cases/s-sidebar_navigation/individualAccount/operationalDashboard' successfully

2019-04-26 11:15:53 - [TEST_CASE][PASSED] - Test Cases/s-sidebar_navigation/individualAccount/operationalDashboard: Test Cases/s-sidebar_navigation/individualAccount/operationalDashboard

2019-04-26 11:15:53 - [TEST_STEP][PASSED] - click: Object: 'Object Repository/Page_KiboEngage  Subscribers/span_Subscribers' is clicked on

2019-04-26 11:15:53 - [MESSAGE][PASSED] - Object: 'Object Repository/Page_KiboEngage  Subscribers/span_Subscribers' is clicked on

2019-04-26 11:15:53 - [TEST_STEP][PASSED] - click: Object: 'Object Repository/Page_KiboEngage  Subscribers/span_Operational Dashboard (1)' is clicked on

2019-04-26 11:15:55 - [MESSAGE][PASSED] - Object: 'Object Repository/Page_KiboEngage  Subscribers/span_Operational Dashboard (1)' is clicked on

2019-04-26 11:15:55 - [TEST_STEP][PASSED] - scrollToPosition: Browser is scrolled to position x = 0, y = 0

2019-04-26 11:15:56 - [MESSAGE][PASSED] - Browser is scrolled to position x = 0, y = 0

2019-04-26 11:15:56 - [TEST_STEP][PASSED] - click: Object: 'Object Repository/Page_KiboEngage  Operational Dashbo/h3_Pages Info (4)' is clicked on

2019-04-26 11:15:57 - [MESSAGE][PASSED] - Object: 'Object Repository/Page_KiboEngage  Operational Dashbo/h3_Pages Info (4)' is clicked on

2019-04-26 11:15:57 - [MESSAGE][PASSED] - Call Test Case 'Test Cases/s-sidebar_navigation/individualAccount/operationalDashboard' successfully

2019-04-26 11:15:57 - [MESSAGE][PASSED] - Call Test Case 'Test Cases/Operational_Dashboard/Login' successfully

2019-04-26 11:15:57 - [TEST_STEP][PASSED] - Statement - driver = com.kms.katalon.core.webui.driver.DriverFactory.getWebDriver(): null

2019-04-26 11:15:57 - [TEST_STEP][PASSED] - Statement - popup_poll = driver.findElement(org.openqa.selenium.By.xpath("//*[@id="content"]/div/div/div/div[2]/div[3]/div[7]/div/div/div/div[2]/ul/li[3]")): null

2019-04-26 11:15:57 - [MESSAGE][FAILED] - Unable to call Test Case with id 'Test Cases/Operational_Dashboard/187' (Root cause: Call Test Case 'Test Cases/Operational_Dashboard/187' failed because of error(s))]]></system-out>
         <system-err><![CDATA[2019-04-26 11:15:53 - [TEST_CASE][ERROR] - Test Cases/Operational_Dashboard/194: Test Cases/Operational_Dashboard/194 FAILED because (of) org.openqa.selenium.NoSuchElementException: no such element: Unable to locate element: {"method":"xpath","selector":"//*[@id="content"]/div/div/div/div[2]/div[3]/div[7]/div/div/div/div[2]/ul/li[3]"}
  (Session info: chrome=73.0.3683.103)
  (Driver info: chromedriver=2.35.528161 (5b82f2d2aae0ca24b877009200ced9065a772e73),platform=Windows NT 10.0.17134 x86_64) (WARNING: The server did not provide any stacktrace information)
Command duration or timeout: 0 milliseconds
For documentation on this error, please visit: http://seleniumhq.org/exceptions/no_such_element.html
Build info: version: '3.7.1', revision: '8a0099a', time: '2017-11-06T21:07:36.161Z'
System info: host: 'DESKTOP-4M6R1V0', ip: '10.0.2.15', os.name: 'Windows 10', os.arch: 'amd64', os.version: '10.0', java.version: '1.8.0_181'
Driver info: com.kms.katalon.selenium.driver.CChromeDriver
Capabilities {acceptInsecureCerts: false, acceptSslCerts: false, applicationCacheEnabled: false, browserConnectionEnabled: false, browserName: chrome, chrome: {chromedriverVersion: 2.35.528161 (5b82f2d2aae0ca..., userDataDir: C:\Users\CLOUDK~1\AppData\L...}, cssSelectorsEnabled: true, databaseEnabled: false, handlesAlerts: true, hasTouchScreen: false, javascriptEnabled: true, locationContextEnabled: true, mobileEmulationEnabled: false, nativeEvents: true, networkConnectionEnabled: false, pageLoadStrategy: normal, platform: XP, platformName: XP, rotatable: false, setWindowRect: true, takesHeapSnapshot: true, takesScreenshot: true, unexpectedAlertBehaviour: , unhandledPromptBehavior: , version: 73.0.3683.103, webStorageEnabled: true}
Session ID: e30c37e72384922c98aa97af135c90bb
*** Element info: {Using=xpath, value=//*[@id="content"]/div/div/div/div[2]/div[3]/div[7]/div/div/div/div[2]/ul/li[3]}]]></system-err>
      </testcase>
      <testcase name="Test Cases/Operational_Dashboard/195" classname="Test Cases/Operational_Dashboard/195" status="ERROR">
         <error type="ERROR" message="Test Cases/Operational_Dashboard/195 FAILED because (of) org.openqa.selenium.NoSuchElementException: no such element: Unable to locate element: {&quot;method&quot;:&quot;xpath&quot;,&quot;selector&quot;:&quot;//*[@id=&quot;content&quot;]/div/div/div/div[2]/div[3]/div[7]/div/div/div/div[2]/ul/li[3]&quot;}
  (Session info: chrome=73.0.3683.103)
  (Driver info: chromedriver=2.35.528161 (5b82f2d2aae0ca24b877009200ced9065a772e73),platform=Windows NT 10.0.17134 x86_64) (WARNING: The server did not provide any stacktrace information)
Command duration or timeout: 0 milliseconds
For documentation on this error, please visit: http://seleniumhq.org/exceptions/no_such_element.html
Build info: version: '3.7.1', revision: '8a0099a', time: '2017-11-06T21:07:36.161Z'
System info: host: 'DESKTOP-4M6R1V0', ip: '10.0.2.15', os.name: 'Windows 10', os.arch: 'amd64', os.version: '10.0', java.version: '1.8.0_181'
Driver info: com.kms.katalon.selenium.driver.CChromeDriver
Capabilities {acceptInsecureCerts: false, acceptSslCerts: false, applicationCacheEnabled: false, browserConnectionEnabled: false, browserName: chrome, chrome: {chromedriverVersion: 2.35.528161 (5b82f2d2aae0ca..., userDataDir: C:\Users\CLOUDK~1\AppData\L...}, cssSelectorsEnabled: true, databaseEnabled: false, handlesAlerts: true, hasTouchScreen: false, javascriptEnabled: true, locationContextEnabled: true, mobileEmulationEnabled: false, nativeEvents: true, networkConnectionEnabled: false, pageLoadStrategy: normal, platform: XP, platformName: XP, rotatable: false, setWindowRect: true, takesHeapSnapshot: true, takesScreenshot: true, unexpectedAlertBehaviour: , unhandledPromptBehavior: , version: 73.0.3683.103, webStorageEnabled: true}
Session ID: e30c37e72384922c98aa97af135c90bb
*** Element info: {Using=xpath, value=//*[@id=&quot;content&quot;]/div/div/div/div[2]/div[3]/div[7]/div/div/div/div[2]/ul/li[3]}"/>
         <system-out><![CDATA[2019-04-26 11:15:57 - [TEST_CASE][ERROR] - Test Cases/Operational_Dashboard/195: Test Cases/Operational_Dashboard/195 FAILED because (of) org.openqa.selenium.NoSuchElementException: no such element: Unable to locate element: {"method":"xpath","selector":"//*[@id="content"]/div/div/div/div[2]/div[3]/div[7]/div/div/div/div[2]/ul/li[3]"}
  (Session info: chrome=73.0.3683.103)
  (Driver info: chromedriver=2.35.528161 (5b82f2d2aae0ca24b877009200ced9065a772e73),platform=Windows NT 10.0.17134 x86_64) (WARNING: The server did not provide any stacktrace information)
Command duration or timeout: 0 milliseconds
For documentation on this error, please visit: http://seleniumhq.org/exceptions/no_such_element.html
Build info: version: '3.7.1', revision: '8a0099a', time: '2017-11-06T21:07:36.161Z'
System info: host: 'DESKTOP-4M6R1V0', ip: '10.0.2.15', os.name: 'Windows 10', os.arch: 'amd64', os.version: '10.0', java.version: '1.8.0_181'
Driver info: com.kms.katalon.selenium.driver.CChromeDriver
Capabilities {acceptInsecureCerts: false, acceptSslCerts: false, applicationCacheEnabled: false, browserConnectionEnabled: false, browserName: chrome, chrome: {chromedriverVersion: 2.35.528161 (5b82f2d2aae0ca..., userDataDir: C:\Users\CLOUDK~1\AppData\L...}, cssSelectorsEnabled: true, databaseEnabled: false, handlesAlerts: true, hasTouchScreen: false, javascriptEnabled: true, locationContextEnabled: true, mobileEmulationEnabled: false, nativeEvents: true, networkConnectionEnabled: false, pageLoadStrategy: normal, platform: XP, platformName: XP, rotatable: false, setWindowRect: true, takesHeapSnapshot: true, takesScreenshot: true, unexpectedAlertBehaviour: , unhandledPromptBehavior: , version: 73.0.3683.103, webStorageEnabled: true}
Session ID: e30c37e72384922c98aa97af135c90bb
*** Element info: {Using=xpath, value=//*[@id="content"]/div/div/div/div[2]/div[3]/div[7]/div/div/div/div[2]/ul/li[3]}

2019-04-26 11:15:57 - [TEST_STEP][FAILED] - callTestCase: Unable to call Test Case with id 'Test Cases/Operational_Dashboard/194' (Root cause: Call Test Case 'Test Cases/Operational_Dashboard/194' failed because of error(s))

2019-04-26 11:15:57 - [TEST_CASE][ERROR] - Test Cases/Operational_Dashboard/194: Test Cases/Operational_Dashboard/194 FAILED because (of) org.openqa.selenium.NoSuchElementException: no such element: Unable to locate element: {"method":"xpath","selector":"//*[@id="content"]/div/div/div/div[2]/div[3]/div[7]/div/div/div/div[2]/ul/li[3]"}
  (Session info: chrome=73.0.3683.103)
  (Driver info: chromedriver=2.35.528161 (5b82f2d2aae0ca24b877009200ced9065a772e73),platform=Windows NT 10.0.17134 x86_64) (WARNING: The server did not provide any stacktrace information)
Command duration or timeout: 0 milliseconds
For documentation on this error, please visit: http://seleniumhq.org/exceptions/no_such_element.html
Build info: version: '3.7.1', revision: '8a0099a', time: '2017-11-06T21:07:36.161Z'
System info: host: 'DESKTOP-4M6R1V0', ip: '10.0.2.15', os.name: 'Windows 10', os.arch: 'amd64', os.version: '10.0', java.version: '1.8.0_181'
Driver info: com.kms.katalon.selenium.driver.CChromeDriver
Capabilities {acceptInsecureCerts: false, acceptSslCerts: false, applicationCacheEnabled: false, browserConnectionEnabled: false, browserName: chrome, chrome: {chromedriverVersion: 2.35.528161 (5b82f2d2aae0ca..., userDataDir: C:\Users\CLOUDK~1\AppData\L...}, cssSelectorsEnabled: true, databaseEnabled: false, handlesAlerts: true, hasTouchScreen: false, javascriptEnabled: true, locationContextEnabled: true, mobileEmulationEnabled: false, nativeEvents: true, networkConnectionEnabled: false, pageLoadStrategy: normal, platform: XP, platformName: XP, rotatable: false, setWindowRect: true, takesHeapSnapshot: true, takesScreenshot: true, unexpectedAlertBehaviour: , unhandledPromptBehavior: , version: 73.0.3683.103, webStorageEnabled: true}
Session ID: e30c37e72384922c98aa97af135c90bb
*** Element info: {Using=xpath, value=//*[@id="content"]/div/div/div/div[2]/div[3]/div[7]/div/div/div/div[2]/ul/li[3]}

2019-04-26 11:15:57 - [TEST_STEP][FAILED] - callTestCase: Unable to call Test Case with id 'Test Cases/Operational_Dashboard/187' (Root cause: Call Test Case 'Test Cases/Operational_Dashboard/187' failed because of error(s))

2019-04-26 11:15:57 - [TEST_CASE][ERROR] - Test Cases/Operational_Dashboard/187: Test Cases/Operational_Dashboard/187 FAILED because (of) org.openqa.selenium.NoSuchElementException: no such element: Unable to locate element: {"method":"xpath","selector":"//*[@id="content"]/div/div/div/div[2]/div[3]/div[7]/div/div/div/div[2]/ul/li[3]"}
  (Session info: chrome=73.0.3683.103)
  (Driver info: chromedriver=2.35.528161 (5b82f2d2aae0ca24b877009200ced9065a772e73),platform=Windows NT 10.0.17134 x86_64) (WARNING: The server did not provide any stacktrace information)
Command duration or timeout: 0 milliseconds
For documentation on this error, please visit: http://seleniumhq.org/exceptions/no_such_element.html
Build info: version: '3.7.1', revision: '8a0099a', time: '2017-11-06T21:07:36.161Z'
System info: host: 'DESKTOP-4M6R1V0', ip: '10.0.2.15', os.name: 'Windows 10', os.arch: 'amd64', os.version: '10.0', java.version: '1.8.0_181'
Driver info: com.kms.katalon.selenium.driver.CChromeDriver
Capabilities {acceptInsecureCerts: false, acceptSslCerts: false, applicationCacheEnabled: false, browserConnectionEnabled: false, browserName: chrome, chrome: {chromedriverVersion: 2.35.528161 (5b82f2d2aae0ca..., userDataDir: C:\Users\CLOUDK~1\AppData\L...}, cssSelectorsEnabled: true, databaseEnabled: false, handlesAlerts: true, hasTouchScreen: false, javascriptEnabled: true, locationContextEnabled: true, mobileEmulationEnabled: false, nativeEvents: true, networkConnectionEnabled: false, pageLoadStrategy: normal, platform: XP, platformName: XP, rotatable: false, setWindowRect: true, takesHeapSnapshot: true, takesScreenshot: true, unexpectedAlertBehaviour: , unhandledPromptBehavior: , version: 73.0.3683.103, webStorageEnabled: true}
Session ID: e30c37e72384922c98aa97af135c90bb
*** Element info: {Using=xpath, value=//*[@id="content"]/div/div/div/div[2]/div[3]/div[7]/div/div/div/div[2]/ul/li[3]}

2019-04-26 11:15:57 - [TEST_STEP][PASSED] - callTestCase: Call Test Case 'Test Cases/Operational_Dashboard/Login' successfully

2019-04-26 11:15:57 - [TEST_CASE][PASSED] - Test Cases/Operational_Dashboard/Login: Test Cases/Operational_Dashboard/Login

2019-04-26 11:15:57 - [TEST_STEP][PASSED] - callTestCase: Call Test Case 'Test Cases/s-sidebar_navigation/individualAccount/operationalDashboard' successfully

2019-04-26 11:15:57 - [TEST_CASE][PASSED] - Test Cases/s-sidebar_navigation/individualAccount/operationalDashboard: Test Cases/s-sidebar_navigation/individualAccount/operationalDashboard

2019-04-26 11:15:57 - [TEST_STEP][PASSED] - click: Object: 'Object Repository/Page_KiboEngage  Subscribers/span_Subscribers' is clicked on

2019-04-26 11:15:58 - [MESSAGE][PASSED] - Object: 'Object Repository/Page_KiboEngage  Subscribers/span_Subscribers' is clicked on

2019-04-26 11:15:58 - [TEST_STEP][PASSED] - click: Object: 'Object Repository/Page_KiboEngage  Subscribers/span_Operational Dashboard (1)' is clicked on

2019-04-26 11:15:59 - [MESSAGE][PASSED] - Object: 'Object Repository/Page_KiboEngage  Subscribers/span_Operational Dashboard (1)' is clicked on

2019-04-26 11:15:59 - [TEST_STEP][PASSED] - scrollToPosition: Browser is scrolled to position x = 0, y = 0

2019-04-26 11:15:59 - [MESSAGE][PASSED] - Browser is scrolled to position x = 0, y = 0

2019-04-26 11:15:59 - [TEST_STEP][PASSED] - click: Object: 'Object Repository/Page_KiboEngage  Operational Dashbo/h3_Pages Info (4)' is clicked on

2019-04-26 11:16:00 - [MESSAGE][PASSED] - Object: 'Object Repository/Page_KiboEngage  Operational Dashbo/h3_Pages Info (4)' is clicked on

2019-04-26 11:16:00 - [MESSAGE][PASSED] - Call Test Case 'Test Cases/s-sidebar_navigation/individualAccount/operationalDashboard' successfully

2019-04-26 11:16:00 - [MESSAGE][PASSED] - Call Test Case 'Test Cases/Operational_Dashboard/Login' successfully

2019-04-26 11:16:00 - [TEST_STEP][PASSED] - Statement - driver = com.kms.katalon.core.webui.driver.DriverFactory.getWebDriver(): null

2019-04-26 11:16:00 - [TEST_STEP][PASSED] - Statement - popup_poll = driver.findElement(org.openqa.selenium.By.xpath("//*[@id="content"]/div/div/div/div[2]/div[3]/div[7]/div/div/div/div[2]/ul/li[3]")): null

2019-04-26 11:16:00 - [MESSAGE][FAILED] - Unable to call Test Case with id 'Test Cases/Operational_Dashboard/187' (Root cause: Call Test Case 'Test Cases/Operational_Dashboard/187' failed because of error(s))

2019-04-26 11:16:00 - [MESSAGE][FAILED] - Unable to call Test Case with id 'Test Cases/Operational_Dashboard/194' (Root cause: Call Test Case 'Test Cases/Operational_Dashboard/194' failed because of error(s))]]></system-out>
         <system-err><![CDATA[2019-04-26 11:15:57 - [TEST_CASE][ERROR] - Test Cases/Operational_Dashboard/195: Test Cases/Operational_Dashboard/195 FAILED because (of) org.openqa.selenium.NoSuchElementException: no such element: Unable to locate element: {"method":"xpath","selector":"//*[@id="content"]/div/div/div/div[2]/div[3]/div[7]/div/div/div/div[2]/ul/li[3]"}
  (Session info: chrome=73.0.3683.103)
  (Driver info: chromedriver=2.35.528161 (5b82f2d2aae0ca24b877009200ced9065a772e73),platform=Windows NT 10.0.17134 x86_64) (WARNING: The server did not provide any stacktrace information)
Command duration or timeout: 0 milliseconds
For documentation on this error, please visit: http://seleniumhq.org/exceptions/no_such_element.html
Build info: version: '3.7.1', revision: '8a0099a', time: '2017-11-06T21:07:36.161Z'
System info: host: 'DESKTOP-4M6R1V0', ip: '10.0.2.15', os.name: 'Windows 10', os.arch: 'amd64', os.version: '10.0', java.version: '1.8.0_181'
Driver info: com.kms.katalon.selenium.driver.CChromeDriver
Capabilities {acceptInsecureCerts: false, acceptSslCerts: false, applicationCacheEnabled: false, browserConnectionEnabled: false, browserName: chrome, chrome: {chromedriverVersion: 2.35.528161 (5b82f2d2aae0ca..., userDataDir: C:\Users\CLOUDK~1\AppData\L...}, cssSelectorsEnabled: true, databaseEnabled: false, handlesAlerts: true, hasTouchScreen: false, javascriptEnabled: true, locationContextEnabled: true, mobileEmulationEnabled: false, nativeEvents: true, networkConnectionEnabled: false, pageLoadStrategy: normal, platform: XP, platformName: XP, rotatable: false, setWindowRect: true, takesHeapSnapshot: true, takesScreenshot: true, unexpectedAlertBehaviour: , unhandledPromptBehavior: , version: 73.0.3683.103, webStorageEnabled: true}
Session ID: e30c37e72384922c98aa97af135c90bb
*** Element info: {Using=xpath, value=//*[@id="content"]/div/div/div/div[2]/div[3]/div[7]/div/div/div/div[2]/ul/li[3]}]]></system-err>
      </testcase>
      <testcase name="Test Cases/Operational_Dashboard/196" classname="Test Cases/Operational_Dashboard/196" status="ERROR">
         <error type="ERROR" message="Test Cases/Operational_Dashboard/196 FAILED because (of) org.openqa.selenium.NoSuchElementException: no such element: Unable to locate element: {&quot;method&quot;:&quot;xpath&quot;,&quot;selector&quot;:&quot;//*[@id=&quot;content&quot;]/div/div/div/div[2]/div[3]/div[7]/div/div/div/div[2]/ul/li[3]&quot;}
  (Session info: chrome=73.0.3683.103)
  (Driver info: chromedriver=2.35.528161 (5b82f2d2aae0ca24b877009200ced9065a772e73),platform=Windows NT 10.0.17134 x86_64) (WARNING: The server did not provide any stacktrace information)
Command duration or timeout: 0 milliseconds
For documentation on this error, please visit: http://seleniumhq.org/exceptions/no_such_element.html
Build info: version: '3.7.1', revision: '8a0099a', time: '2017-11-06T21:07:36.161Z'
System info: host: 'DESKTOP-4M6R1V0', ip: '10.0.2.15', os.name: 'Windows 10', os.arch: 'amd64', os.version: '10.0', java.version: '1.8.0_181'
Driver info: com.kms.katalon.selenium.driver.CChromeDriver
Capabilities {acceptInsecureCerts: false, acceptSslCerts: false, applicationCacheEnabled: false, browserConnectionEnabled: false, browserName: chrome, chrome: {chromedriverVersion: 2.35.528161 (5b82f2d2aae0ca..., userDataDir: C:\Users\CLOUDK~1\AppData\L...}, cssSelectorsEnabled: true, databaseEnabled: false, handlesAlerts: true, hasTouchScreen: false, javascriptEnabled: true, locationContextEnabled: true, mobileEmulationEnabled: false, nativeEvents: true, networkConnectionEnabled: false, pageLoadStrategy: normal, platform: XP, platformName: XP, rotatable: false, setWindowRect: true, takesHeapSnapshot: true, takesScreenshot: true, unexpectedAlertBehaviour: , unhandledPromptBehavior: , version: 73.0.3683.103, webStorageEnabled: true}
Session ID: e30c37e72384922c98aa97af135c90bb
*** Element info: {Using=xpath, value=//*[@id=&quot;content&quot;]/div/div/div/div[2]/div[3]/div[7]/div/div/div/div[2]/ul/li[3]}"/>
         <system-out><![CDATA[2019-04-26 11:16:00 - [TEST_CASE][ERROR] - Test Cases/Operational_Dashboard/196: Test Cases/Operational_Dashboard/196 FAILED because (of) org.openqa.selenium.NoSuchElementException: no such element: Unable to locate element: {"method":"xpath","selector":"//*[@id="content"]/div/div/div/div[2]/div[3]/div[7]/div/div/div/div[2]/ul/li[3]"}
  (Session info: chrome=73.0.3683.103)
  (Driver info: chromedriver=2.35.528161 (5b82f2d2aae0ca24b877009200ced9065a772e73),platform=Windows NT 10.0.17134 x86_64) (WARNING: The server did not provide any stacktrace information)
Command duration or timeout: 0 milliseconds
For documentation on this error, please visit: http://seleniumhq.org/exceptions/no_such_element.html
Build info: version: '3.7.1', revision: '8a0099a', time: '2017-11-06T21:07:36.161Z'
System info: host: 'DESKTOP-4M6R1V0', ip: '10.0.2.15', os.name: 'Windows 10', os.arch: 'amd64', os.version: '10.0', java.version: '1.8.0_181'
Driver info: com.kms.katalon.selenium.driver.CChromeDriver
Capabilities {acceptInsecureCerts: false, acceptSslCerts: false, applicationCacheEnabled: false, browserConnectionEnabled: false, browserName: chrome, chrome: {chromedriverVersion: 2.35.528161 (5b82f2d2aae0ca..., userDataDir: C:\Users\CLOUDK~1\AppData\L...}, cssSelectorsEnabled: true, databaseEnabled: false, handlesAlerts: true, hasTouchScreen: false, javascriptEnabled: true, locationContextEnabled: true, mobileEmulationEnabled: false, nativeEvents: true, networkConnectionEnabled: false, pageLoadStrategy: normal, platform: XP, platformName: XP, rotatable: false, setWindowRect: true, takesHeapSnapshot: true, takesScreenshot: true, unexpectedAlertBehaviour: , unhandledPromptBehavior: , version: 73.0.3683.103, webStorageEnabled: true}
Session ID: e30c37e72384922c98aa97af135c90bb
*** Element info: {Using=xpath, value=//*[@id="content"]/div/div/div/div[2]/div[3]/div[7]/div/div/div/div[2]/ul/li[3]}

2019-04-26 11:16:00 - [TEST_STEP][FAILED] - callTestCase: Unable to call Test Case with id 'Test Cases/Operational_Dashboard/187' (Root cause: Call Test Case 'Test Cases/Operational_Dashboard/187' failed because of error(s))

2019-04-26 11:16:00 - [TEST_CASE][ERROR] - Test Cases/Operational_Dashboard/187: Test Cases/Operational_Dashboard/187 FAILED because (of) org.openqa.selenium.NoSuchElementException: no such element: Unable to locate element: {"method":"xpath","selector":"//*[@id="content"]/div/div/div/div[2]/div[3]/div[7]/div/div/div/div[2]/ul/li[3]"}
  (Session info: chrome=73.0.3683.103)
  (Driver info: chromedriver=2.35.528161 (5b82f2d2aae0ca24b877009200ced9065a772e73),platform=Windows NT 10.0.17134 x86_64) (WARNING: The server did not provide any stacktrace information)
Command duration or timeout: 0 milliseconds
For documentation on this error, please visit: http://seleniumhq.org/exceptions/no_such_element.html
Build info: version: '3.7.1', revision: '8a0099a', time: '2017-11-06T21:07:36.161Z'
System info: host: 'DESKTOP-4M6R1V0', ip: '10.0.2.15', os.name: 'Windows 10', os.arch: 'amd64', os.version: '10.0', java.version: '1.8.0_181'
Driver info: com.kms.katalon.selenium.driver.CChromeDriver
Capabilities {acceptInsecureCerts: false, acceptSslCerts: false, applicationCacheEnabled: false, browserConnectionEnabled: false, browserName: chrome, chrome: {chromedriverVersion: 2.35.528161 (5b82f2d2aae0ca..., userDataDir: C:\Users\CLOUDK~1\AppData\L...}, cssSelectorsEnabled: true, databaseEnabled: false, handlesAlerts: true, hasTouchScreen: false, javascriptEnabled: true, locationContextEnabled: true, mobileEmulationEnabled: false, nativeEvents: true, networkConnectionEnabled: false, pageLoadStrategy: normal, platform: XP, platformName: XP, rotatable: false, setWindowRect: true, takesHeapSnapshot: true, takesScreenshot: true, unexpectedAlertBehaviour: , unhandledPromptBehavior: , version: 73.0.3683.103, webStorageEnabled: true}
Session ID: e30c37e72384922c98aa97af135c90bb
*** Element info: {Using=xpath, value=//*[@id="content"]/div/div/div/div[2]/div[3]/div[7]/div/div/div/div[2]/ul/li[3]}

2019-04-26 11:16:00 - [TEST_STEP][PASSED] - callTestCase: Call Test Case 'Test Cases/Operational_Dashboard/Login' successfully

2019-04-26 11:16:00 - [TEST_CASE][PASSED] - Test Cases/Operational_Dashboard/Login: Test Cases/Operational_Dashboard/Login

2019-04-26 11:16:00 - [TEST_STEP][PASSED] - callTestCase: Call Test Case 'Test Cases/s-sidebar_navigation/individualAccount/operationalDashboard' successfully

2019-04-26 11:16:00 - [TEST_CASE][PASSED] - Test Cases/s-sidebar_navigation/individualAccount/operationalDashboard: Test Cases/s-sidebar_navigation/individualAccount/operationalDashboard

2019-04-26 11:16:00 - [TEST_STEP][PASSED] - click: Object: 'Object Repository/Page_KiboEngage  Subscribers/span_Subscribers' is clicked on

2019-04-26 11:16:01 - [MESSAGE][PASSED] - Object: 'Object Repository/Page_KiboEngage  Subscribers/span_Subscribers' is clicked on

2019-04-26 11:16:01 - [TEST_STEP][PASSED] - click: Object: 'Object Repository/Page_KiboEngage  Subscribers/span_Operational Dashboard (1)' is clicked on

2019-04-26 11:16:02 - [MESSAGE][PASSED] - Object: 'Object Repository/Page_KiboEngage  Subscribers/span_Operational Dashboard (1)' is clicked on

2019-04-26 11:16:02 - [TEST_STEP][PASSED] - scrollToPosition: Browser is scrolled to position x = 0, y = 0

2019-04-26 11:16:03 - [MESSAGE][PASSED] - Browser is scrolled to position x = 0, y = 0

2019-04-26 11:16:03 - [TEST_STEP][PASSED] - click: Object: 'Object Repository/Page_KiboEngage  Operational Dashbo/h3_Pages Info (4)' is clicked on

2019-04-26 11:16:04 - [MESSAGE][PASSED] - Object: 'Object Repository/Page_KiboEngage  Operational Dashbo/h3_Pages Info (4)' is clicked on

2019-04-26 11:16:04 - [MESSAGE][PASSED] - Call Test Case 'Test Cases/s-sidebar_navigation/individualAccount/operationalDashboard' successfully

2019-04-26 11:16:04 - [MESSAGE][PASSED] - Call Test Case 'Test Cases/Operational_Dashboard/Login' successfully

2019-04-26 11:16:04 - [TEST_STEP][PASSED] - Statement - driver = com.kms.katalon.core.webui.driver.DriverFactory.getWebDriver(): null

2019-04-26 11:16:04 - [TEST_STEP][PASSED] - Statement - popup_poll = driver.findElement(org.openqa.selenium.By.xpath("//*[@id="content"]/div/div/div/div[2]/div[3]/div[7]/div/div/div/div[2]/ul/li[3]")): null

2019-04-26 11:16:04 - [MESSAGE][FAILED] - Unable to call Test Case with id 'Test Cases/Operational_Dashboard/187' (Root cause: Call Test Case 'Test Cases/Operational_Dashboard/187' failed because of error(s))]]></system-out>
         <system-err><![CDATA[2019-04-26 11:16:00 - [TEST_CASE][ERROR] - Test Cases/Operational_Dashboard/196: Test Cases/Operational_Dashboard/196 FAILED because (of) org.openqa.selenium.NoSuchElementException: no such element: Unable to locate element: {"method":"xpath","selector":"//*[@id="content"]/div/div/div/div[2]/div[3]/div[7]/div/div/div/div[2]/ul/li[3]"}
  (Session info: chrome=73.0.3683.103)
  (Driver info: chromedriver=2.35.528161 (5b82f2d2aae0ca24b877009200ced9065a772e73),platform=Windows NT 10.0.17134 x86_64) (WARNING: The server did not provide any stacktrace information)
Command duration or timeout: 0 milliseconds
For documentation on this error, please visit: http://seleniumhq.org/exceptions/no_such_element.html
Build info: version: '3.7.1', revision: '8a0099a', time: '2017-11-06T21:07:36.161Z'
System info: host: 'DESKTOP-4M6R1V0', ip: '10.0.2.15', os.name: 'Windows 10', os.arch: 'amd64', os.version: '10.0', java.version: '1.8.0_181'
Driver info: com.kms.katalon.selenium.driver.CChromeDriver
Capabilities {acceptInsecureCerts: false, acceptSslCerts: false, applicationCacheEnabled: false, browserConnectionEnabled: false, browserName: chrome, chrome: {chromedriverVersion: 2.35.528161 (5b82f2d2aae0ca..., userDataDir: C:\Users\CLOUDK~1\AppData\L...}, cssSelectorsEnabled: true, databaseEnabled: false, handlesAlerts: true, hasTouchScreen: false, javascriptEnabled: true, locationContextEnabled: true, mobileEmulationEnabled: false, nativeEvents: true, networkConnectionEnabled: false, pageLoadStrategy: normal, platform: XP, platformName: XP, rotatable: false, setWindowRect: true, takesHeapSnapshot: true, takesScreenshot: true, unexpectedAlertBehaviour: , unhandledPromptBehavior: , version: 73.0.3683.103, webStorageEnabled: true}
Session ID: e30c37e72384922c98aa97af135c90bb
*** Element info: {Using=xpath, value=//*[@id="content"]/div/div/div/div[2]/div[3]/div[7]/div/div/div/div[2]/ul/li[3]}]]></system-err>
      </testcase>
      <system-out><![CDATA[2019-04-26 10:58:00 - [TEST_SUITE][FAILED] - operationalDashboard: Test Cases/Operational_Dashboard/115 FAILED because (of) Unable to click on object 'Object Repository/Page_KiboEngage  Operational Dashbo/h3_Pages Info (4)' (Root cause: org.openqa.selenium.WebDriverException: unknown error: Element <h3 class="m-portlet__head-text">...</h3> is not clickable at point (359, 35). Other element would receive the click: <span>...</span>
  (Session info: chrome=73.0.3683.103)
  (Driver info: chromedriver=2.35.528161 (5b82f2d2aae0ca24b877009200ced9065a772e73),platform=Windows NT 10.0.17134 x86_64) (WARNING: The server did not provide any stacktrace information)
Command duration or timeout: 0 milliseconds
Build info: version: '3.7.1', revision: '8a0099a', time: '2017-11-06T21:07:36.161Z'
System info: host: 'DESKTOP-4M6R1V0', ip: '10.0.2.15', os.name: 'Windows 10', os.arch: 'amd64', os.version: '10.0', java.version: '1.8.0_181'
Driver info: com.kms.katalon.selenium.driver.CChromeDriver
Capabilities {acceptInsecureCerts: false, acceptSslCerts: false, applicationCacheEnabled: false, browserConnectionEnabled: false, browserName: chrome, chrome: {chromedriverVersion: 2.35.528161 (5b82f2d2aae0ca..., userDataDir: C:\Users\CLOUDK~1\AppData\L...}, cssSelectorsEnabled: true, databaseEnabled: false, handlesAlerts: true, hasTouchScreen: false, javascriptEnabled: true, locationContextEnabled: true, mobileEmulationEnabled: false, nativeEvents: true, networkConnectionEnabled: false, pageLoadStrategy: normal, platform: XP, platformName: XP, rotatable: false, setWindowRect: true, takesHeapSnapshot: true, takesScreenshot: true, unexpectedAlertBehaviour: , unhandledPromptBehavior: , version: 73.0.3683.103, webStorageEnabled: true}
Session ID: e30c37e72384922c98aa97af135c90bb)]]></system-out>
      <system-err><![CDATA[2019-04-26 10:58:00 - [TEST_SUITE][FAILED] - operationalDashboard: Test Cases/Operational_Dashboard/115 FAILED because (of) Unable to click on object 'Object Repository/Page_KiboEngage  Operational Dashbo/h3_Pages Info (4)' (Root cause: org.openqa.selenium.WebDriverException: unknown error: Element <h3 class="m-portlet__head-text">...</h3> is not clickable at point (359, 35). Other element would receive the click: <span>...</span>
  (Session info: chrome=73.0.3683.103)
  (Driver info: chromedriver=2.35.528161 (5b82f2d2aae0ca24b877009200ced9065a772e73),platform=Windows NT 10.0.17134 x86_64) (WARNING: The server did not provide any stacktrace information)
Command duration or timeout: 0 milliseconds
Build info: version: '3.7.1', revision: '8a0099a', time: '2017-11-06T21:07:36.161Z'
System info: host: 'DESKTOP-4M6R1V0', ip: '10.0.2.15', os.name: 'Windows 10', os.arch: 'amd64', os.version: '10.0', java.version: '1.8.0_181'
Driver info: com.kms.katalon.selenium.driver.CChromeDriver
Capabilities {acceptInsecureCerts: false, acceptSslCerts: false, applicationCacheEnabled: false, browserConnectionEnabled: false, browserName: chrome, chrome: {chromedriverVersion: 2.35.528161 (5b82f2d2aae0ca..., userDataDir: C:\Users\CLOUDK~1\AppData\L...}, cssSelectorsEnabled: true, databaseEnabled: false, handlesAlerts: true, hasTouchScreen: false, javascriptEnabled: true, locationContextEnabled: true, mobileEmulationEnabled: false, nativeEvents: true, networkConnectionEnabled: false, pageLoadStrategy: normal, platform: XP, platformName: XP, rotatable: false, setWindowRect: true, takesHeapSnapshot: true, takesScreenshot: true, unexpectedAlertBehaviour: , unhandledPromptBehavior: , version: 73.0.3683.103, webStorageEnabled: true}
Session ID: e30c37e72384922c98aa97af135c90bb)]]></system-err>
   </testsuite>
</testsuites>
