<?xml version="1.0" encoding="UTF-8"?>
<testsuites name="broadcast" time="92" tests="5" failures="0" errors="0">
   <testsuite name="broadcast" tests="5" failures="0" errors="0" time="92" timestamp="2019-04-24 14:45:52" hostname="cloudkibo - 10.0.2.15" id="Test Suites/broadcast">
      <properties>
         <property name="deviceName" value=""/>
         <property name="devicePlatform" value=""/>
         <property name="logFolder" value="C:\\Users\\cloudkibo\\Desktop\\KiboPush_Automated_Testing\\KiboPush Katalon\\Reports\\broadcast\\20190424_144548"/>
         <property name="logFiles" value="C:\\Users\\cloudkibo\\Desktop\\KiboPush_Automated_Testing\\KiboPush Katalon\\Reports\\broadcast\\20190424_144548\\execution0.log"/>
         <property name="attachments" value=""/>
         <property name="hostName" value="cloudkibo - 10.0.2.15"/>
         <property name="os" value="Windows 10 64bit"/>
         <property name="katalonVersion" value="5.6.0.1"/>
         <property name="browser" value="Chrome 73.0.3683.103"/>
         <property name="hostAddress" value="10.0.2.15"/>
         <property name="sessionId" value="9113ba7723f3b2c27f5b3c0600b43c48"/>
         <property name="seleniumVersion" value="3.7.1"/>
         <property name="proxyInformation" value="ProxyInformation{proxyOption=NO_PROXY, proxyServerType=HTTP, password=, proxyServerAddress=, proxyServerPort=0}"/>
         <property name="platform" value="Windows 10"/>
      </properties>
      <testcase name="Test Cases/s-sidebar_navigation/individualAccount/arveen_production_login_kiboengage" classname="Test Cases/s-sidebar_navigation/individualAccount/arveen_production_login_kiboengage" status="PASSED">
         <system-out><![CDATA[2019-04-24 14:45:54 - [TEST_CASE][PASSED] - Test Cases/s-sidebar_navigation/individualAccount/arveen_production_login_kiboengage: Test Cases/s-sidebar_navigation/individualAccount/arveen_production_login_kiboengage

2019-04-24 14:45:55 - [TEST_STEP][PASSED] - openBrowser: Browser is opened with url: ''

2019-04-24 14:46:02 - [MESSAGE][PASSED] - Browser is opened with url: ''

2019-04-24 14:46:02 - [TEST_STEP][PASSED] - maximizeWindow: Current window maximized

2019-04-24 14:46:03 - [MESSAGE][PASSED] - Current window maximized

2019-04-24 14:46:03 - [TEST_STEP][PASSED] - navigateToUrl: Navigate to 'https://kiboengage.cloudkibo.com/' successfully

2019-04-24 14:46:14 - [MESSAGE][PASSED] - Navigate to 'https://kiboengage.cloudkibo.com/' successfully

2019-04-24 14:46:14 - [TEST_STEP][PASSED] - navigateToUrl: Navigate to 'https://accounts.cloudkibo.com/?continue=https://kiboengage.cloudkibo.com' successfully

2019-04-24 14:46:15 - [MESSAGE][PASSED] - Navigate to 'https://accounts.cloudkibo.com/?continue=https://kiboengage.cloudkibo.com' successfully

2019-04-24 14:46:15 - [TEST_STEP][PASSED] - click: Object: 'Object Repository/Page_CloudKibo/a_Login (2) (1) (1)' is clicked on

2019-04-24 14:46:16 - [MESSAGE][PASSED] - Object: 'Object Repository/Page_CloudKibo/a_Login (2) (1) (1)' is clicked on

2019-04-24 14:46:16 - [TEST_STEP][PASSED] - setText: Text 'individual@cloudkibo.com' is set on object 'Object Repository/Page_KiboPush/input_email (10) (1) (1)'

2019-04-24 14:46:17 - [MESSAGE][PASSED] - Text 'individual@cloudkibo.com' is set on object 'Object Repository/Page_KiboPush/input_email (10) (1) (1)'

2019-04-24 14:46:17 - [TEST_STEP][PASSED] - setEncryptedText: Text ****** has been set on object 'Object Repository/Page_CloudKibo/input_Sign In_password (7)'

2019-04-24 14:46:17 - [MESSAGE][PASSED] - Text ****** has been set on object 'Object Repository/Page_CloudKibo/input_Sign In_password (7)'

2019-04-24 14:46:17 - [TEST_STEP][PASSED] - click: Object: 'Object Repository/Page_KiboPush/button_Sign In (10) (1) (2)' is clicked on

2019-04-24 14:46:17 - [MESSAGE][PASSED] - Object: 'Object Repository/Page_KiboPush/button_Sign In (10) (1) (2)' is clicked on

2019-04-24 14:46:17 - [TEST_STEP][PASSED] - click: Object: 'Object Repository/Page_KiboPush  Dashboard/h3_Dashboard (57)' is clicked on

2019-04-24 14:46:45 - [MESSAGE][PASSED] - Object: 'Object Repository/Page_KiboPush  Dashboard/h3_Dashboard (57)' is clicked on

2019-04-24 14:46:45 - [TEST_STEP][PASSED] - delay: Delayed 3 second(s)

2019-04-24 14:46:48 - [MESSAGE][PASSED] - Delayed 3 second(s)

2019-04-24 14:46:48 - [TEST_STEP][PASSED] - click: Object: 'Object Repository/Page_KiboEngage  Dashboard/a_SMS (2) (1) (1) (1) (3)' is clicked on

2019-04-24 14:46:49 - [MESSAGE][PASSED] - Object: 'Object Repository/Page_KiboEngage  Dashboard/a_SMS (2) (1) (1) (1) (3)' is clicked on

2019-04-24 14:46:49 - [TEST_STEP][PASSED] - delay: Delayed 2 second(s)

2019-04-24 14:46:51 - [MESSAGE][PASSED] - Delayed 2 second(s)

2019-04-24 14:46:51 - [TEST_STEP][PASSED] - click: Object: 'Object Repository/Page_KiboEngage  Dashboard/span_Messenger (1) (1) (1) (3)' is clicked on

2019-04-24 14:46:51 - [MESSAGE][PASSED] - Object: 'Object Repository/Page_KiboEngage  Dashboard/span_Messenger (1) (1) (1) (3)' is clicked on

2019-04-24 14:46:51 - [TEST_STEP][PASSED] - delay: Delayed 2 second(s)

2019-04-24 14:46:53 - [MESSAGE][PASSED] - Delayed 2 second(s)]]></system-out>
         <system-err><![CDATA[]]></system-err>
      </testcase>
      <testcase name="Test Cases/Broadcasts/open_broadcast" classname="Test Cases/Broadcasts/open_broadcast" status="PASSED">
         <system-out><![CDATA[2019-04-24 14:46:53 - [TEST_CASE][PASSED] - Test Cases/Broadcasts/open_broadcast: Test Cases/Broadcasts/open_broadcast

2019-04-24 14:46:53 - [TEST_STEP][PASSED] - click: Object: 'Object Repository/Page_KiboPush  Dashboard/span_Broadcasting' is clicked on

2019-04-24 14:46:54 - [MESSAGE][PASSED] - Object: 'Object Repository/Page_KiboPush  Dashboard/span_Broadcasting' is clicked on

2019-04-24 14:46:54 - [TEST_STEP][PASSED] - delay: Delayed 2 second(s)

2019-04-24 14:46:56 - [MESSAGE][PASSED] - Delayed 2 second(s)]]></system-out>
         <system-err><![CDATA[]]></system-err>
      </testcase>
      <testcase name="Test Cases/Broadcasts/TC0106" classname="Test Cases/Broadcasts/TC0106" status="PASSED">
         <system-out><![CDATA[2019-04-24 14:46:56 - [TEST_CASE][PASSED] - Test Cases/Broadcasts/TC0106: Test Cases/Broadcasts/TC0106

2019-04-24 14:46:56 - [TEST_STEP][PASSED] - callTestCase: Call Test Case 'Test Cases/s-sidebar_navigation/TeamAccount/Broadcasts' successfully

2019-04-24 14:46:56 - [TEST_CASE][PASSED] - Test Cases/s-sidebar_navigation/TeamAccount/Broadcasts: Test Cases/s-sidebar_navigation/TeamAccount/Broadcasts

2019-04-24 14:46:57 - [TEST_STEP][PASSED] - callTestCase: Call Test Case 'Test Cases/s-sidebar_navigation/individualAccount/broadcast' successfully

2019-04-24 14:46:57 - [TEST_CASE][PASSED] - Test Cases/s-sidebar_navigation/individualAccount/broadcast: Test Cases/s-sidebar_navigation/individualAccount/broadcast

2019-04-24 14:46:57 - [TEST_STEP][PASSED] - click: Object: 'Object Repository/Page_KiboPush  Dashboard/span_Polls' is clicked on

2019-04-24 14:46:57 - [MESSAGE][PASSED] - Object: 'Object Repository/Page_KiboPush  Dashboard/span_Polls' is clicked on

2019-04-24 14:46:57 - [TEST_STEP][PASSED] - delay: Delayed 1 second(s)

2019-04-24 14:46:58 - [MESSAGE][PASSED] - Delayed 1 second(s)

2019-04-24 14:46:58 - [TEST_STEP][PASSED] - click: Object: 'Object Repository/Page_KiboPush  Dashboard/span_Broadcasts' is clicked on

2019-04-24 14:46:59 - [MESSAGE][PASSED] - Object: 'Object Repository/Page_KiboPush  Dashboard/span_Broadcasts' is clicked on

2019-04-24 14:46:59 - [TEST_STEP][PASSED] - delay: Delayed 1 second(s)

2019-04-24 14:47:00 - [MESSAGE][PASSED] - Delayed 1 second(s)

2019-04-24 14:47:00 - [TEST_STEP][PASSED] - scrollToPosition: Browser is scrolled to position x = 0, y = 0

2019-04-24 14:47:00 - [MESSAGE][PASSED] - Browser is scrolled to position x = 0, y = 0

2019-04-24 14:47:00 - [TEST_STEP][PASSED] - click: Object: 'Object Repository/Page_KiboPush  Broadcast/h3_Manage Broadcasts' is clicked on

2019-04-24 14:47:00 - [MESSAGE][PASSED] - Object: 'Object Repository/Page_KiboPush  Broadcast/h3_Manage Broadcasts' is clicked on

2019-04-24 14:47:00 - [MESSAGE][PASSED] - Call Test Case 'Test Cases/s-sidebar_navigation/individualAccount/broadcast' successfully

2019-04-24 14:47:00 - [MESSAGE][PASSED] - Call Test Case 'Test Cases/s-sidebar_navigation/TeamAccount/Broadcasts' successfully

2019-04-24 14:47:00 - [TEST_STEP][PASSED] - click: Object: 'Object Repository/Page_KiboPush  Broadcast/a_documentation' is clicked on

2019-04-24 14:47:01 - [MESSAGE][PASSED] - Object: 'Object Repository/Page_KiboPush  Broadcast/a_documentation' is clicked on]]></system-out>
         <system-err><![CDATA[]]></system-err>
      </testcase>
      <testcase name="Test Cases/Broadcasts/TC0684" classname="Test Cases/Broadcasts/TC0684" status="PASSED">
         <system-out><![CDATA[2019-04-24 14:47:01 - [TEST_CASE][PASSED] - Test Cases/Broadcasts/TC0684: Test Cases/Broadcasts/TC0684

2019-04-24 14:47:01 - [TEST_STEP][PASSED] - callTestCase: Call Test Case 'Test Cases/s-sidebar_navigation/TeamAccount/Broadcasts' successfully

2019-04-24 14:47:01 - [TEST_CASE][PASSED] - Test Cases/s-sidebar_navigation/TeamAccount/Broadcasts: Test Cases/s-sidebar_navigation/TeamAccount/Broadcasts

2019-04-24 14:47:01 - [TEST_STEP][PASSED] - callTestCase: Call Test Case 'Test Cases/s-sidebar_navigation/individualAccount/broadcast' successfully

2019-04-24 14:47:01 - [TEST_CASE][PASSED] - Test Cases/s-sidebar_navigation/individualAccount/broadcast: Test Cases/s-sidebar_navigation/individualAccount/broadcast

2019-04-24 14:47:01 - [TEST_STEP][PASSED] - click: Object: 'Object Repository/Page_KiboPush  Dashboard/span_Polls' is clicked on

2019-04-24 14:47:02 - [MESSAGE][PASSED] - Object: 'Object Repository/Page_KiboPush  Dashboard/span_Polls' is clicked on

2019-04-24 14:47:02 - [TEST_STEP][PASSED] - delay: Delayed 1 second(s)

2019-04-24 14:47:03 - [MESSAGE][PASSED] - Delayed 1 second(s)

2019-04-24 14:47:03 - [TEST_STEP][PASSED] - click: Object: 'Object Repository/Page_KiboPush  Dashboard/span_Broadcasts' is clicked on

2019-04-24 14:47:03 - [MESSAGE][PASSED] - Object: 'Object Repository/Page_KiboPush  Dashboard/span_Broadcasts' is clicked on

2019-04-24 14:47:03 - [TEST_STEP][PASSED] - delay: Delayed 1 second(s)

2019-04-24 14:47:04 - [MESSAGE][PASSED] - Delayed 1 second(s)

2019-04-24 14:47:04 - [TEST_STEP][PASSED] - scrollToPosition: Browser is scrolled to position x = 0, y = 0

2019-04-24 14:47:04 - [MESSAGE][PASSED] - Browser is scrolled to position x = 0, y = 0

2019-04-24 14:47:04 - [TEST_STEP][PASSED] - click: Object: 'Object Repository/Page_KiboPush  Broadcast/h3_Manage Broadcasts' is clicked on

2019-04-24 14:47:05 - [MESSAGE][PASSED] - Object: 'Object Repository/Page_KiboPush  Broadcast/h3_Manage Broadcasts' is clicked on

2019-04-24 14:47:05 - [MESSAGE][PASSED] - Call Test Case 'Test Cases/s-sidebar_navigation/individualAccount/broadcast' successfully

2019-04-24 14:47:05 - [MESSAGE][PASSED] - Call Test Case 'Test Cases/s-sidebar_navigation/TeamAccount/Broadcasts' successfully

2019-04-24 14:47:05 - [TEST_STEP][PASSED] - click: Object: 'Object Repository/Page_KiboPush  Broadcast/span_Create New Broadcast' is clicked on

2019-04-24 14:47:06 - [MESSAGE][PASSED] - Object: 'Object Repository/Page_KiboPush  Broadcast/span_Create New Broadcast' is clicked on

2019-04-24 14:47:06 - [TEST_STEP][PASSED] - click: Object: 'Object Repository/Page_KiboPush  Broadcast/a_Create New Broadcast' is clicked on

2019-04-24 14:47:07 - [MESSAGE][PASSED] - Object: 'Object Repository/Page_KiboPush  Broadcast/a_Create New Broadcast' is clicked on

2019-04-24 14:47:07 - [TEST_STEP][PASSED] - delay: Delayed 1 second(s)

2019-04-24 14:47:08 - [MESSAGE][PASSED] - Delayed 1 second(s)

2019-04-24 14:47:08 - [TEST_STEP][PASSED] - click: Object: 'Object Repository/Page_KiboPush  Create Broadcast/div_List' is clicked on

2019-04-24 14:47:08 - [MESSAGE][PASSED] - Object: 'Object Repository/Page_KiboPush  Create Broadcast/div_List' is clicked on

2019-04-24 14:47:08 - [TEST_STEP][PASSED] - delay: Delayed 1 second(s)

2019-04-24 14:47:09 - [MESSAGE][PASSED] - Delayed 1 second(s)

2019-04-24 14:47:09 - [TEST_STEP][PASSED] - click: Object: 'Object Repository/Page_KiboPush  Create Broadcast/div_ Add Button  Add Action' is clicked on

2019-04-24 14:47:10 - [MESSAGE][PASSED] - Object: 'Object Repository/Page_KiboPush  Create Broadcast/div_ Add Button  Add Action' is clicked on

2019-04-24 14:47:10 - [TEST_STEP][PASSED] - delay: Delayed 2 second(s)

2019-04-24 14:47:12 - [MESSAGE][PASSED] - Delayed 2 second(s)]]></system-out>
         <system-err><![CDATA[]]></system-err>
      </testcase>
      <testcase name="Test Cases/Broadcasts/TC0685" classname="Test Cases/Broadcasts/TC0685" status="PASSED">
         <system-out><![CDATA[2019-04-24 14:47:12 - [TEST_CASE][PASSED] - Test Cases/Broadcasts/TC0685: Test Cases/Broadcasts/TC0685

2019-04-24 14:47:12 - [TEST_STEP][PASSED] - callTestCase: Call Test Case 'Test Cases/Broadcasts/TC0684' successfully

2019-04-24 14:47:12 - [TEST_CASE][PASSED] - Test Cases/Broadcasts/TC0684: Test Cases/Broadcasts/TC0684

2019-04-24 14:47:12 - [TEST_STEP][PASSED] - callTestCase: Call Test Case 'Test Cases/s-sidebar_navigation/TeamAccount/Broadcasts' successfully

2019-04-24 14:47:12 - [TEST_CASE][PASSED] - Test Cases/s-sidebar_navigation/TeamAccount/Broadcasts: Test Cases/s-sidebar_navigation/TeamAccount/Broadcasts

2019-04-24 14:47:12 - [TEST_STEP][PASSED] - callTestCase: Call Test Case 'Test Cases/s-sidebar_navigation/individualAccount/broadcast' successfully

2019-04-24 14:47:13 - [TEST_CASE][PASSED] - Test Cases/s-sidebar_navigation/individualAccount/broadcast: Test Cases/s-sidebar_navigation/individualAccount/broadcast

2019-04-24 14:47:13 - [TEST_STEP][PASSED] - click: Object: 'Object Repository/Page_KiboPush  Dashboard/span_Polls' is clicked on

2019-04-24 14:47:13 - [MESSAGE][PASSED] - Object: 'Object Repository/Page_KiboPush  Dashboard/span_Polls' is clicked on

2019-04-24 14:47:13 - [TEST_STEP][PASSED] - delay: Delayed 1 second(s)

2019-04-24 14:47:14 - [MESSAGE][PASSED] - Delayed 1 second(s)

2019-04-24 14:47:14 - [TEST_STEP][PASSED] - click: Object: 'Object Repository/Page_KiboPush  Dashboard/span_Broadcasts' is clicked on

2019-04-24 14:47:14 - [MESSAGE][PASSED] - Object: 'Object Repository/Page_KiboPush  Dashboard/span_Broadcasts' is clicked on

2019-04-24 14:47:14 - [TEST_STEP][PASSED] - delay: Delayed 1 second(s)

2019-04-24 14:47:15 - [MESSAGE][PASSED] - Delayed 1 second(s)

2019-04-24 14:47:15 - [TEST_STEP][PASSED] - scrollToPosition: Browser is scrolled to position x = 0, y = 0

2019-04-24 14:47:15 - [MESSAGE][PASSED] - Browser is scrolled to position x = 0, y = 0

2019-04-24 14:47:15 - [TEST_STEP][PASSED] - click: Object: 'Object Repository/Page_KiboPush  Broadcast/h3_Manage Broadcasts' is clicked on

2019-04-24 14:47:16 - [MESSAGE][PASSED] - Object: 'Object Repository/Page_KiboPush  Broadcast/h3_Manage Broadcasts' is clicked on

2019-04-24 14:47:16 - [MESSAGE][PASSED] - Call Test Case 'Test Cases/s-sidebar_navigation/individualAccount/broadcast' successfully

2019-04-24 14:47:16 - [MESSAGE][PASSED] - Call Test Case 'Test Cases/s-sidebar_navigation/TeamAccount/Broadcasts' successfully

2019-04-24 14:47:16 - [TEST_STEP][PASSED] - click: Object: 'Object Repository/Page_KiboPush  Broadcast/span_Create New Broadcast' is clicked on

2019-04-24 14:47:16 - [MESSAGE][PASSED] - Object: 'Object Repository/Page_KiboPush  Broadcast/span_Create New Broadcast' is clicked on

2019-04-24 14:47:16 - [TEST_STEP][PASSED] - click: Object: 'Object Repository/Page_KiboPush  Broadcast/a_Create New Broadcast' is clicked on

2019-04-24 14:47:17 - [MESSAGE][PASSED] - Object: 'Object Repository/Page_KiboPush  Broadcast/a_Create New Broadcast' is clicked on

2019-04-24 14:47:17 - [TEST_STEP][PASSED] - delay: Delayed 1 second(s)

2019-04-24 14:47:18 - [MESSAGE][PASSED] - Delayed 1 second(s)

2019-04-24 14:47:18 - [TEST_STEP][PASSED] - click: Object: 'Object Repository/Page_KiboPush  Create Broadcast/div_List' is clicked on

2019-04-24 14:47:19 - [MESSAGE][PASSED] - Object: 'Object Repository/Page_KiboPush  Create Broadcast/div_List' is clicked on

2019-04-24 14:47:19 - [TEST_STEP][PASSED] - delay: Delayed 1 second(s)

2019-04-24 14:47:20 - [MESSAGE][PASSED] - Delayed 1 second(s)

2019-04-24 14:47:20 - [TEST_STEP][PASSED] - click: Object: 'Object Repository/Page_KiboPush  Create Broadcast/div_ Add Button  Add Action' is clicked on

2019-04-24 14:47:21 - [MESSAGE][PASSED] - Object: 'Object Repository/Page_KiboPush  Create Broadcast/div_ Add Button  Add Action' is clicked on

2019-04-24 14:47:21 - [TEST_STEP][PASSED] - delay: Delayed 2 second(s)

2019-04-24 14:47:23 - [MESSAGE][PASSED] - Delayed 2 second(s)

2019-04-24 14:47:23 - [MESSAGE][PASSED] - Call Test Case 'Test Cases/Broadcasts/TC0684' successfully

2019-04-24 14:47:23 - [TEST_STEP][PASSED] - click: Object: 'Object Repository/Page_KiboPush  Create Broadcast/i_fa fa-times fa-stack-2x' is clicked on

2019-04-24 14:47:23 - [MESSAGE][PASSED] - Object: 'Object Repository/Page_KiboPush  Create Broadcast/i_fa fa-times fa-stack-2x' is clicked on

2019-04-24 14:47:23 - [TEST_STEP][PASSED] - verifyElementNotPresent: Web element with id: 'Object Repository/Page_KiboPush  Create Broadcast/div_ Add Button  Add Action' located by 'By.xpath: //div[(text() = ' + Add Button  Add Action' or . = ' + Add Button  Add Action')]' is not present after '5' second(s)

2019-04-24 14:47:23 - [MESSAGE][PASSED] - Web element with id: 'Object Repository/Page_KiboPush  Create Broadcast/div_ Add Button  Add Action' located by 'By.xpath: //div[(text() = ' + Add Button  Add Action' or . = ' + Add Button  Add Action')]' is not present after '5' second(s)]]></system-out>
         <system-err><![CDATA[]]></system-err>
      </testcase>
      <system-out><![CDATA[2019-04-24 14:45:52 - [TEST_SUITE][PASSED] - broadcast: Test Cases/Broadcasts/TC0685]]></system-out>
      <system-err><![CDATA[]]></system-err>
   </testsuite>
</testsuites>
