<?xml version="1.0" encoding="UTF-8"?>
<testsuites name="KiboLite" time="78" tests="4" failures="0" errors="0">
   <testsuite name="KiboLite" tests="4" failures="0" errors="0" time="78" timestamp="2019-04-21 04:34:00" hostname="faizan - faizan-HP-EliteBook-850-G2" id="Test Suites/Faizan Suits/KiboLite">
      <properties>
         <property name="deviceName" value=""/>
         <property name="devicePlatform" value=""/>
         <property name="logFolder" value="/home/faizan/Drive/KiboPush_Automated_Testing/KiboPush Katalon/Reports/Faizan Suits/KiboLite/20190421_043355"/>
         <property name="logFiles" value="/home/faizan/Drive/KiboPush_Automated_Testing/KiboPush Katalon/Reports/Faizan Suits/KiboLite/20190421_043355/execution0.log"/>
         <property name="attachments" value=""/>
         <property name="hostName" value="faizan - faizan-HP-EliteBook-850-G2"/>
         <property name="os" value="Linux 64bit"/>
         <property name="katalonVersion" value="6.1.2.2"/>
         <property name="browser" value="Chrome 73.0.3683.103"/>
         <property name="hostAddress" value="127.0.1.1"/>
         <property name="sessionId" value="7be2ae942f8f825444a4d8a87bdcd852"/>
         <property name="seleniumVersion" value="3.7.1"/>
         <property name="proxyInformation" value="ProxyInformation{proxyOption=NO_PROXY, proxyServerType=HTTP, password=, proxyServerAddress=, proxyServerPort=0}"/>
         <property name="platform" value="Linux"/>
      </properties>
      <testcase name="Test Cases/KiboLite/login" classname="Test Cases/KiboLite/login" status="PASSED">
         <system-out><![CDATA[2019-04-21 04:34:00 - [TEST_CASE][PASSED] - Test Cases/KiboLite/login: Test Cases/KiboLite/login

2019-04-21 04:34:01 - [TEST_STEP][PASSED] - openBrowser(""): Browser is opened with url: ''

2019-04-21 04:34:01 - [MESSAGE][INFO] - Starting 'Chrome' driver

2019-04-21 04:34:02 - [MESSAGE][INFO] - User set preference: ['args', '[--no-sandbox]']

2019-04-21 04:34:02 - [MESSAGE][INFO] - Action delay is set to 0 seconds

2019-04-21 04:34:05 - [MESSAGE][PASSED] - Browser is opened with url: ''

2019-04-21 04:34:05 - [TEST_STEP][PASSED] - maximizeWindow(): Current window maximized

2019-04-21 04:34:05 - [MESSAGE][PASSED] - Current window maximized

2019-04-21 04:34:05 - [TEST_STEP][PASSED] - navigateToUrl("https://kibolite.cloudkibo.com/"): Navigate to 'https://kibolite.cloudkibo.com/' successfully

2019-04-21 04:34:14 - [MESSAGE][PASSED] - Navigate to 'https://kibolite.cloudkibo.com/' successfully

2019-04-21 04:34:14 - [TEST_STEP][PASSED] - navigateToUrl("https://accounts.cloudkibo.com/?continue=http://kibolite.cloudkibo.com"): Navigate to 'https://accounts.cloudkibo.com/?continue=http://kibolite.cloudkibo.com' successfully

2019-04-21 04:34:15 - [MESSAGE][PASSED] - Navigate to 'https://accounts.cloudkibo.com/?continue=http://kibolite.cloudkibo.com' successfully

2019-04-21 04:34:15 - [TEST_STEP][PASSED] - click(findTestObject("Page_CloudKibo/a_Login (2) (1) (1)")): Object: 'Object Repository/Page_CloudKibo/a_Login (2) (1) (1)' is clicked on

2019-04-21 04:34:16 - [MESSAGE][PASSED] - Object: 'Object Repository/Page_CloudKibo/a_Login (2) (1) (1)' is clicked on

2019-04-21 04:34:16 - [TEST_STEP][PASSED] - setText(findTestObject("Page_KiboPush/input_email (10) (1) (1)"), "faizan@cloudkibo.com"): Text 'faizan@cloudkibo.com' is set on object 'Object Repository/Page_KiboPush/input_email (10) (1) (1)'

2019-04-21 04:34:17 - [MESSAGE][PASSED] - Text 'faizan@cloudkibo.com' is set on object 'Object Repository/Page_KiboPush/input_email (10) (1) (1)'

2019-04-21 04:34:17 - [TEST_STEP][PASSED] - setEncryptedText(findTestObject("Page_CloudKibo/input_Sign In_password (7)"), "qeJ0sjJnwEs="): Text ****** has been set on object 'Object Repository/Page_CloudKibo/input_Sign In_password (7)'

2019-04-21 04:34:17 - [MESSAGE][PASSED] - Text ****** has been set on object 'Object Repository/Page_CloudKibo/input_Sign In_password (7)'

2019-04-21 04:34:17 - [TEST_STEP][PASSED] - click(findTestObject("Page_CloudKibo/button_Sign In (4) (1)")): Object: 'Object Repository/Page_CloudKibo/button_Sign In (4) (1)' is clicked on

2019-04-21 04:34:18 - [MESSAGE][PASSED] - Object: 'Object Repository/Page_CloudKibo/button_Sign In (4) (1)' is clicked on

2019-04-21 04:34:18 - [TEST_STEP][PASSED] - click(findTestObject("Page_ Dashboard/h3_Dashboard (1)")): Object: 'Object Repository/Page_ Dashboard/h3_Dashboard (1)' is clicked on

2019-04-21 04:34:39 - [MESSAGE][PASSED] - Object: 'Object Repository/Page_ Dashboard/h3_Dashboard (1)' is clicked on

2019-04-21 04:34:39 - [TEST_STEP][PASSED] - delay(3): Delayed 3 second(s)

2019-04-21 04:34:42 - [MESSAGE][PASSED] - Delayed 3 second(s)

2019-04-21 04:34:42 - [TEST_STEP][PASSED] - click(findTestObject("Page_KiboEngage  Dashboard/a_SMS (2) (1) (1) (1) (1)")): Object: 'Object Repository/Page_KiboEngage  Dashboard/a_SMS (2) (1) (1) (1) (1)' is clicked on

2019-04-21 04:34:42 - [MESSAGE][PASSED] - Object: 'Object Repository/Page_KiboEngage  Dashboard/a_SMS (2) (1) (1) (1) (1)' is clicked on

2019-04-21 04:34:42 - [TEST_STEP][PASSED] - click(findTestObject("Page_KiboEngage  Dashboard/span_Messenger (1) (1) (1) (1)")): Object: 'Object Repository/Page_KiboEngage  Dashboard/span_Messenger (1) (1) (1) (1)' is clicked on

2019-04-21 04:34:42 - [MESSAGE][PASSED] - Object: 'Object Repository/Page_KiboEngage  Dashboard/span_Messenger (1) (1) (1) (1)' is clicked on]]></system-out>
         <system-err><![CDATA[]]></system-err>
      </testcase>
      <testcase name="Test Cases/KiboLite/TC11077" classname="Test Cases/KiboLite/TC11077" status="PASSED">
         <system-out><![CDATA[2019-04-21 04:34:43 - [TEST_CASE][PASSED] - Test Cases/KiboLite/TC11077: Test Cases/KiboLite/TC11077

2019-04-21 04:34:43 - [TEST_STEP][PASSED] - click(findTestObject("Page_KiboPush  Subscribers/span_Subscribers (5)")): Object: 'Object Repository/Page_KiboPush  Subscribers/span_Subscribers (5)' is clicked on

2019-04-21 04:34:44 - [MESSAGE][PASSED] - Object: 'Object Repository/Page_KiboPush  Subscribers/span_Subscribers (5)' is clicked on

2019-04-21 04:34:44 - [TEST_STEP][PASSED] - delay(1): Delayed 1 second(s)

2019-04-21 04:34:45 - [MESSAGE][PASSED] - Delayed 1 second(s)

2019-04-21 04:34:45 - [TEST_STEP][PASSED] - click(findTestObject("Page_ Dashboard/span_Broadcast")): Object: 'Object Repository/Page_ Dashboard/span_Broadcast' is clicked on

2019-04-21 04:34:45 - [MESSAGE][PASSED] - Object: 'Object Repository/Page_ Dashboard/span_Broadcast' is clicked on

2019-04-21 04:34:45 - [TEST_STEP][PASSED] - delay(1): Delayed 1 second(s)

2019-04-21 04:34:46 - [MESSAGE][PASSED] - Delayed 1 second(s)]]></system-out>
         <system-err><![CDATA[]]></system-err>
      </testcase>
      <testcase name="Test Cases/KiboLite/TC11079" classname="Test Cases/KiboLite/TC11079" status="PASSED">
         <system-out><![CDATA[2019-04-21 04:34:46 - [TEST_CASE][PASSED] - Test Cases/KiboLite/TC11079: Test Cases/KiboLite/TC11079

2019-04-21 04:34:47 - [TEST_STEP][PASSED] - delay(2): Delayed 2 second(s)

2019-04-21 04:34:49 - [MESSAGE][PASSED] - Delayed 2 second(s)

2019-04-21 04:34:49 - [TEST_STEP][PASSED] - click(findTestObject("Page_KiboPush  Subscribers/span_Subscribers (5)")): Object: 'Object Repository/Page_KiboPush  Subscribers/span_Subscribers (5)' is clicked on

2019-04-21 04:34:49 - [MESSAGE][PASSED] - Object: 'Object Repository/Page_KiboPush  Subscribers/span_Subscribers (5)' is clicked on

2019-04-21 04:34:49 - [TEST_STEP][PASSED] - delay(1): Delayed 1 second(s)

2019-04-21 04:34:50 - [MESSAGE][PASSED] - Delayed 1 second(s)

2019-04-21 04:34:50 - [TEST_STEP][PASSED] - click(findTestObject("Page_ Dashboard/span_Broadcast")): Object: 'Object Repository/Page_ Dashboard/span_Broadcast' is clicked on

2019-04-21 04:34:50 - [MESSAGE][PASSED] - Object: 'Object Repository/Page_ Dashboard/span_Broadcast' is clicked on

2019-04-21 04:34:50 - [TEST_STEP][PASSED] - delay(1): Delayed 1 second(s)

2019-04-21 04:34:51 - [MESSAGE][PASSED] - Delayed 1 second(s)

2019-04-21 04:34:51 - [TEST_STEP][PASSED] - csv = getProjectDir() + "/sampleFile.csv": null

2019-04-21 04:34:51 - [TEST_STEP][PASSED] - uploadFile(findTestObject("Object Repository/Page_ Business Gateway/h4_sampleFilecsv"), csv): File '/home/faizan/Drive/KiboPush_Automated_Testing/KiboPush Katalon/sampleFile.csv' sent to object: 'Object Repository/Page_ Business Gateway/h4_sampleFilecsv'

2019-04-21 04:34:52 - [MESSAGE][PASSED] - File '/home/faizan/Drive/KiboPush_Automated_Testing/KiboPush Katalon/sampleFile.csv' sent to object: 'Object Repository/Page_ Business Gateway/h4_sampleFilecsv'

2019-04-21 04:34:52 - [TEST_STEP][PASSED] - delay(10): Delayed 10 second(s)

2019-04-21 04:35:02 - [MESSAGE][PASSED] - Delayed 10 second(s)]]></system-out>
         <system-err><![CDATA[]]></system-err>
      </testcase>
      <testcase name="Test Cases/KiboLite/TC11081" classname="Test Cases/KiboLite/TC11081" status="PASSED">
         <system-out><![CDATA[2019-04-21 04:35:02 - [TEST_CASE][PASSED] - Test Cases/KiboLite/TC11081: Test Cases/KiboLite/TC11081

2019-04-21 04:35:02 - [TEST_STEP][PASSED] - callTestCase(findTestCase("KiboLite/TC11079"), [:], STOP_ON_FAILURE): Call Test Case 'Test Cases/KiboLite/TC11079' successfully

2019-04-21 04:35:02 - [TEST_CASE][PASSED] - Test Cases/KiboLite/TC11079: Test Cases/KiboLite/TC11079

2019-04-21 04:35:02 - [TEST_STEP][PASSED] - delay(2): Delayed 2 second(s)

2019-04-21 04:35:04 - [MESSAGE][PASSED] - Delayed 2 second(s)

2019-04-21 04:35:04 - [TEST_STEP][PASSED] - click(findTestObject("Page_KiboPush  Subscribers/span_Subscribers (5)")): Object: 'Object Repository/Page_KiboPush  Subscribers/span_Subscribers (5)' is clicked on

2019-04-21 04:35:04 - [MESSAGE][PASSED] - Object: 'Object Repository/Page_KiboPush  Subscribers/span_Subscribers (5)' is clicked on

2019-04-21 04:35:04 - [TEST_STEP][PASSED] - delay(1): Delayed 1 second(s)

2019-04-21 04:35:05 - [MESSAGE][PASSED] - Delayed 1 second(s)

2019-04-21 04:35:05 - [TEST_STEP][PASSED] - click(findTestObject("Page_ Dashboard/span_Broadcast")): Object: 'Object Repository/Page_ Dashboard/span_Broadcast' is clicked on

2019-04-21 04:35:06 - [MESSAGE][PASSED] - Object: 'Object Repository/Page_ Dashboard/span_Broadcast' is clicked on

2019-04-21 04:35:06 - [TEST_STEP][PASSED] - delay(1): Delayed 1 second(s)

2019-04-21 04:35:07 - [MESSAGE][PASSED] - Delayed 1 second(s)

2019-04-21 04:35:07 - [TEST_STEP][PASSED] - csv = getProjectDir() + "/sampleFile.csv": null

2019-04-21 04:35:07 - [TEST_STEP][PASSED] - uploadFile(findTestObject("Object Repository/Page_ Business Gateway/h4_sampleFilecsv"), csv): File '/home/faizan/Drive/KiboPush_Automated_Testing/KiboPush Katalon/sampleFile.csv' sent to object: 'Object Repository/Page_ Business Gateway/h4_sampleFilecsv'

2019-04-21 04:35:07 - [MESSAGE][PASSED] - File '/home/faizan/Drive/KiboPush_Automated_Testing/KiboPush Katalon/sampleFile.csv' sent to object: 'Object Repository/Page_ Business Gateway/h4_sampleFilecsv'

2019-04-21 04:35:07 - [TEST_STEP][PASSED] - delay(10): Delayed 10 second(s)

2019-04-21 04:35:17 - [MESSAGE][PASSED] - Delayed 10 second(s)

2019-04-21 04:35:17 - [MESSAGE][PASSED] - Call Test Case 'Test Cases/KiboLite/TC11079' successfully

2019-04-21 04:35:17 - [TEST_STEP][PASSED] - click(findTestObject("Object Repository/Page_ Business Gateway/input_names_names")): Object: 'Object Repository/Page_ Business Gateway/input_names_names' is clicked on

2019-04-21 04:35:17 - [MESSAGE][PASSED] - Object: 'Object Repository/Page_ Business Gateway/input_names_names' is clicked on

2019-04-21 04:35:17 - [TEST_STEP][PASSED] - click(findTestObject("Object Repository/Page_ Business Gateway/input_phone_numbers_phone_numbers")): Object: 'Object Repository/Page_ Business Gateway/input_phone_numbers_phone_numbers' is clicked on

2019-04-21 04:35:17 - [MESSAGE][PASSED] - Object: 'Object Repository/Page_ Business Gateway/input_phone_numbers_phone_numbers' is clicked on]]></system-out>
         <system-err><![CDATA[]]></system-err>
      </testcase>
      <system-out><![CDATA[2019-04-21 04:34:00 - [TEST_SUITE][PASSED] - KiboLite: Test Cases/KiboLite/TC11081]]></system-out>
      <system-err><![CDATA[]]></system-err>
   </testsuite>
</testsuites>
