<?xml version="1.0" encoding="UTF-8"?>
<testsuites name="welcomeMessages" time="65" tests="8" failures="0" errors="0">
   <testsuite name="welcomeMessages" tests="8" failures="0" errors="0" time="65" timestamp="2019-04-22 15:21:17" hostname="cloudkibo-faizan - cloudkibo-faizan" id="Test Suites/Faizan Suits/welcomeMessages">
      <properties>
         <property name="deviceName" value=""/>
         <property name="devicePlatform" value=""/>
         <property name="logFolder" value="/home/cloudkibo-faizan/Desktop/KiboPush_Automated_Testing/KiboPush Katalon/Reports/Faizan Suits/welcomeMessages/20190422_151843"/>
         <property name="logFiles" value="/home/cloudkibo-faizan/Desktop/KiboPush_Automated_Testing/KiboPush Katalon/Reports/Faizan Suits/welcomeMessages/20190422_151843/execution0.log"/>
         <property name="attachments" value=""/>
         <property name="hostName" value="cloudkibo-faizan - cloudkibo-faizan"/>
         <property name="os" value="Linux 64bit"/>
         <property name="katalonVersion" value="6.0.6.4"/>
         <property name="browser" value="Chrome 73.0.3683.75"/>
         <property name="hostAddress" value="127.0.1.1"/>
         <property name="sessionId" value="59ffc1d54bb0bbff8cae253395c476d8"/>
         <property name="seleniumVersion" value="3.7.1"/>
         <property name="proxyInformation" value="ProxyInformation{proxyOption=NO_PROXY, proxyServerType=HTTP, password=, proxyServerAddress=, proxyServerPort=0}"/>
         <property name="platform" value="Linux"/>
      </properties>
      <testcase name="Test Cases/s-sidebar_navigation/individualAccount/Faizan_production_login_kiboengage" classname="Test Cases/s-sidebar_navigation/individualAccount/Faizan_production_login_kiboengage" status="PASSED">
         <system-out><![CDATA[2019-04-22 15:21:17 - [TEST_CASE][PASSED] - Test Cases/s-sidebar_navigation/individualAccount/Faizan_production_login_kiboengage: Test Cases/s-sidebar_navigation/individualAccount/Faizan_production_login_kiboengage

2019-04-22 15:21:17 - [TEST_STEP][PASSED] - openBrowser(""): Browser is opened with url: ''

2019-04-22 15:21:17 - [MESSAGE][INFO] - Starting 'Chrome' driver

2019-04-22 15:21:17 - [MESSAGE][INFO] - User set preference: ['args', '[--no-sandbox]']

2019-04-22 15:21:17 - [MESSAGE][INFO] - Action delay is set to 0 seconds

2019-04-22 15:21:19 - [MESSAGE][PASSED] - Browser is opened with url: ''

2019-04-22 15:21:19 - [TEST_STEP][PASSED] - maximizeWindow(): Current window maximized

2019-04-22 15:21:19 - [MESSAGE][PASSED] - Current window maximized

2019-04-22 15:21:19 - [TEST_STEP][PASSED] - navigateToUrl("https://kiboengage.cloudkibo.com/"): Navigate to 'https://kiboengage.cloudkibo.com/' successfully

2019-04-22 15:21:31 - [MESSAGE][PASSED] - Navigate to 'https://kiboengage.cloudkibo.com/' successfully

2019-04-22 15:21:31 - [TEST_STEP][PASSED] - navigateToUrl("https://accounts.cloudkibo.com/?continue=https://kiboengage.cloudkibo.com"): Navigate to 'https://accounts.cloudkibo.com/?continue=https://kiboengage.cloudkibo.com' successfully

2019-04-22 15:21:31 - [MESSAGE][PASSED] - Navigate to 'https://accounts.cloudkibo.com/?continue=https://kiboengage.cloudkibo.com' successfully

2019-04-22 15:21:31 - [TEST_STEP][PASSED] - click(findTestObject("Page_CloudKibo/a_Login (2) (1) (1)")): Object: 'Object Repository/Page_CloudKibo/a_Login (2) (1) (1)' is clicked on

2019-04-22 15:21:32 - [MESSAGE][PASSED] - Object: 'Object Repository/Page_CloudKibo/a_Login (2) (1) (1)' is clicked on

2019-04-22 15:21:32 - [TEST_STEP][PASSED] - setText(findTestObject("Page_KiboPush/input_email (10) (1) (1)"), "faizan@cloudkibo.com"): Text 'faizan@cloudkibo.com' is set on object 'Object Repository/Page_KiboPush/input_email (10) (1) (1)'

2019-04-22 15:21:32 - [MESSAGE][PASSED] - Text 'faizan@cloudkibo.com' is set on object 'Object Repository/Page_KiboPush/input_email (10) (1) (1)'

2019-04-22 15:21:32 - [TEST_STEP][PASSED] - setEncryptedText(findTestObject("Page_CloudKibo/input_Sign In_password (7)"), "qeJ0sjJnwEs="): Text ****** has been set on object 'Object Repository/Page_CloudKibo/input_Sign In_password (7)'

2019-04-22 15:21:33 - [MESSAGE][PASSED] - Text ****** has been set on object 'Object Repository/Page_CloudKibo/input_Sign In_password (7)'

2019-04-22 15:21:33 - [TEST_STEP][PASSED] - click(findTestObject("Page_KiboPush/button_Sign In (10) (1) (2)")): Object: 'Object Repository/Page_KiboPush/button_Sign In (10) (1) (2)' is clicked on

2019-04-22 15:21:33 - [MESSAGE][PASSED] - Object: 'Object Repository/Page_KiboPush/button_Sign In (10) (1) (2)' is clicked on

2019-04-22 15:21:33 - [TEST_STEP][PASSED] - navigateToUrl("https://kiboengage.cloudkibo.com/dashboard"): Navigate to 'https://kiboengage.cloudkibo.com/dashboard' successfully

2019-04-22 15:22:03 - [MESSAGE][PASSED] - Navigate to 'https://kiboengage.cloudkibo.com/dashboard' successfully

2019-04-22 15:22:03 - [TEST_STEP][PASSED] - click(findTestObject("Page_KiboPush  Dashboard/h3_Dashboard (57)")): Object: 'Object Repository/Page_KiboPush  Dashboard/h3_Dashboard (57)' is clicked on

2019-04-22 15:22:03 - [MESSAGE][PASSED] - Object: 'Object Repository/Page_KiboPush  Dashboard/h3_Dashboard (57)' is clicked on

2019-04-22 15:22:03 - [TEST_STEP][PASSED] - delay(3): Delayed 3 second(s)

2019-04-22 15:22:06 - [MESSAGE][PASSED] - Delayed 3 second(s)

2019-04-22 15:22:06 - [TEST_STEP][PASSED] - click(findTestObject("Page_KiboEngage  Dashboard/a_SMS (2) (1) (1) (1) (3)")): Object: 'Object Repository/Page_KiboEngage  Dashboard/a_SMS (2) (1) (1) (1) (3)' is clicked on

2019-04-22 15:22:06 - [MESSAGE][PASSED] - Object: 'Object Repository/Page_KiboEngage  Dashboard/a_SMS (2) (1) (1) (1) (3)' is clicked on

2019-04-22 15:22:06 - [TEST_STEP][PASSED] - click(findTestObject("Page_KiboEngage  Dashboard/span_Messenger (1) (1) (1) (3)")): Object: 'Object Repository/Page_KiboEngage  Dashboard/span_Messenger (1) (1) (1) (3)' is clicked on

2019-04-22 15:22:06 - [MESSAGE][PASSED] - Object: 'Object Repository/Page_KiboEngage  Dashboard/span_Messenger (1) (1) (1) (3)' is clicked on]]></system-out>
         <system-err><![CDATA[]]></system-err>
      </testcase>
      <testcase name="Test Cases/Welcome messages/open Manage Pages" classname="Test Cases/Welcome messages/open Manage Pages" status="PASSED">
         <system-out><![CDATA[2019-04-22 15:22:06 - [TEST_CASE][PASSED] - Test Cases/Welcome messages/open Manage Pages: Test Cases/Welcome messages/open Manage Pages

2019-04-22 15:22:06 - [TEST_STEP][PASSED] - click(findTestObject("Page_KiboPush  Dashboard/span_Manage Pages")): Object: 'Object Repository/Page_KiboPush  Dashboard/span_Manage Pages' is clicked on

2019-04-22 15:22:06 - [MESSAGE][PASSED] - Object: 'Object Repository/Page_KiboPush  Dashboard/span_Manage Pages' is clicked on

2019-04-22 15:22:06 - [TEST_STEP][PASSED] - delay(1): Delayed 1 second(s)

2019-04-22 15:22:07 - [MESSAGE][PASSED] - Delayed 1 second(s)]]></system-out>
         <system-err><![CDATA[]]></system-err>
      </testcase>
      <testcase name="Test Cases/Welcome messages/TC1034" classname="Test Cases/Welcome messages/TC1034" status="PASSED">
         <system-out><![CDATA[2019-04-22 15:22:07 - [TEST_CASE][PASSED] - Test Cases/Welcome messages/TC1034: Test Cases/Welcome messages/TC1034

2019-04-22 15:22:08 - [TEST_STEP][PASSED] - callTestCase(findTestCase("s-sidebar_navigation/individualAccount/Welcome Messages"), [:], STOP_ON_FAILURE): Call Test Case 'Test Cases/s-sidebar_navigation/individualAccount/Welcome Messages' successfully

2019-04-22 15:22:08 - [TEST_CASE][PASSED] - Test Cases/s-sidebar_navigation/individualAccount/Welcome Messages: Test Cases/s-sidebar_navigation/individualAccount/Welcome Messages

2019-04-22 15:22:08 - [TEST_STEP][PASSED] - click(findTestObject("Object Repository/Page_KiboEngage  Welcome Message/span_Persistent Menu")): Object: 'Object Repository/Page_KiboEngage  Welcome Message/span_Persistent Menu' is clicked on

2019-04-22 15:22:08 - [MESSAGE][PASSED] - Object: 'Object Repository/Page_KiboEngage  Welcome Message/span_Persistent Menu' is clicked on

2019-04-22 15:22:08 - [TEST_STEP][PASSED] - delay(1): Delayed 1 second(s)

2019-04-22 15:22:09 - [MESSAGE][PASSED] - Delayed 1 second(s)

2019-04-22 15:22:09 - [TEST_STEP][PASSED] - click(findTestObject("Page_KiboEngage  Dashboard/span_Welcome Message (1)")): Object: 'Object Repository/Page_KiboEngage  Dashboard/span_Welcome Message (1)' is clicked on

2019-04-22 15:22:09 - [MESSAGE][PASSED] - Object: 'Object Repository/Page_KiboEngage  Dashboard/span_Welcome Message (1)' is clicked on

2019-04-22 15:22:09 - [TEST_STEP][PASSED] - delay(1): Delayed 1 second(s)

2019-04-22 15:22:10 - [MESSAGE][PASSED] - Delayed 1 second(s)

2019-04-22 15:22:10 - [MESSAGE][PASSED] - Call Test Case 'Test Cases/s-sidebar_navigation/individualAccount/Welcome Messages' successfully]]></system-out>
         <system-err><![CDATA[]]></system-err>
      </testcase>
      <testcase name="Test Cases/Welcome messages/TC1035" classname="Test Cases/Welcome messages/TC1035" status="PASSED">
         <system-out><![CDATA[2019-04-22 15:22:10 - [TEST_CASE][PASSED] - Test Cases/Welcome messages/TC1035: Test Cases/Welcome messages/TC1035

2019-04-22 15:22:10 - [TEST_STEP][PASSED] - callTestCase(findTestCase("s-sidebar_navigation/individualAccount/Welcome Messages"), [:], STOP_ON_FAILURE): Call Test Case 'Test Cases/s-sidebar_navigation/individualAccount/Welcome Messages' successfully

2019-04-22 15:22:10 - [TEST_CASE][PASSED] - Test Cases/s-sidebar_navigation/individualAccount/Welcome Messages: Test Cases/s-sidebar_navigation/individualAccount/Welcome Messages

2019-04-22 15:22:10 - [TEST_STEP][PASSED] - click(findTestObject("Object Repository/Page_KiboEngage  Welcome Message/span_Persistent Menu")): Object: 'Object Repository/Page_KiboEngage  Welcome Message/span_Persistent Menu' is clicked on

2019-04-22 15:22:10 - [MESSAGE][PASSED] - Object: 'Object Repository/Page_KiboEngage  Welcome Message/span_Persistent Menu' is clicked on

2019-04-22 15:22:10 - [TEST_STEP][PASSED] - delay(1): Delayed 1 second(s)

2019-04-22 15:22:11 - [MESSAGE][PASSED] - Delayed 1 second(s)

2019-04-22 15:22:11 - [TEST_STEP][PASSED] - click(findTestObject("Page_KiboEngage  Dashboard/span_Welcome Message (1)")): Object: 'Object Repository/Page_KiboEngage  Dashboard/span_Welcome Message (1)' is clicked on

2019-04-22 15:22:11 - [MESSAGE][PASSED] - Object: 'Object Repository/Page_KiboEngage  Dashboard/span_Welcome Message (1)' is clicked on

2019-04-22 15:22:11 - [TEST_STEP][PASSED] - delay(1): Delayed 1 second(s)

2019-04-22 15:22:12 - [MESSAGE][PASSED] - Delayed 1 second(s)

2019-04-22 15:22:12 - [MESSAGE][PASSED] - Call Test Case 'Test Cases/s-sidebar_navigation/individualAccount/Welcome Messages' successfully]]></system-out>
         <system-err><![CDATA[]]></system-err>
      </testcase>
      <testcase name="Test Cases/Welcome messages/TC1036" classname="Test Cases/Welcome messages/TC1036" status="PASSED">
         <system-out><![CDATA[2019-04-22 15:22:12 - [TEST_CASE][PASSED] - Test Cases/Welcome messages/TC1036: Test Cases/Welcome messages/TC1036

2019-04-22 15:22:13 - [TEST_STEP][PASSED] - callTestCase(findTestCase("s-sidebar_navigation/individualAccount/Welcome Messages"), [:], STOP_ON_FAILURE): Call Test Case 'Test Cases/s-sidebar_navigation/individualAccount/Welcome Messages' successfully

2019-04-22 15:22:13 - [TEST_CASE][PASSED] - Test Cases/s-sidebar_navigation/individualAccount/Welcome Messages: Test Cases/s-sidebar_navigation/individualAccount/Welcome Messages

2019-04-22 15:22:13 - [TEST_STEP][PASSED] - click(findTestObject("Object Repository/Page_KiboEngage  Welcome Message/span_Persistent Menu")): Object: 'Object Repository/Page_KiboEngage  Welcome Message/span_Persistent Menu' is clicked on

2019-04-22 15:22:13 - [MESSAGE][PASSED] - Object: 'Object Repository/Page_KiboEngage  Welcome Message/span_Persistent Menu' is clicked on

2019-04-22 15:22:13 - [TEST_STEP][PASSED] - delay(1): Delayed 1 second(s)

2019-04-22 15:22:14 - [MESSAGE][PASSED] - Delayed 1 second(s)

2019-04-22 15:22:14 - [TEST_STEP][PASSED] - click(findTestObject("Page_KiboEngage  Dashboard/span_Welcome Message (1)")): Object: 'Object Repository/Page_KiboEngage  Dashboard/span_Welcome Message (1)' is clicked on

2019-04-22 15:22:14 - [MESSAGE][PASSED] - Object: 'Object Repository/Page_KiboEngage  Dashboard/span_Welcome Message (1)' is clicked on

2019-04-22 15:22:14 - [TEST_STEP][PASSED] - delay(1): Delayed 1 second(s)

2019-04-22 15:22:15 - [MESSAGE][PASSED] - Delayed 1 second(s)

2019-04-22 15:22:15 - [MESSAGE][PASSED] - Call Test Case 'Test Cases/s-sidebar_navigation/individualAccount/Welcome Messages' successfully]]></system-out>
         <system-err><![CDATA[]]></system-err>
      </testcase>
      <testcase name="Test Cases/Welcome messages/TC1037" classname="Test Cases/Welcome messages/TC1037" status="PASSED">
         <system-out><![CDATA[2019-04-22 15:22:15 - [TEST_CASE][PASSED] - Test Cases/Welcome messages/TC1037: Test Cases/Welcome messages/TC1037

2019-04-22 15:22:15 - [TEST_STEP][PASSED] - callTestCase(findTestCase("s-sidebar_navigation/individualAccount/Welcome Messages"), [:], STOP_ON_FAILURE): Call Test Case 'Test Cases/s-sidebar_navigation/individualAccount/Welcome Messages' successfully

2019-04-22 15:22:15 - [TEST_CASE][PASSED] - Test Cases/s-sidebar_navigation/individualAccount/Welcome Messages: Test Cases/s-sidebar_navigation/individualAccount/Welcome Messages

2019-04-22 15:22:15 - [TEST_STEP][PASSED] - click(findTestObject("Object Repository/Page_KiboEngage  Welcome Message/span_Persistent Menu")): Object: 'Object Repository/Page_KiboEngage  Welcome Message/span_Persistent Menu' is clicked on

2019-04-22 15:22:15 - [MESSAGE][PASSED] - Object: 'Object Repository/Page_KiboEngage  Welcome Message/span_Persistent Menu' is clicked on

2019-04-22 15:22:15 - [TEST_STEP][PASSED] - delay(1): Delayed 1 second(s)

2019-04-22 15:22:16 - [MESSAGE][PASSED] - Delayed 1 second(s)

2019-04-22 15:22:16 - [TEST_STEP][PASSED] - click(findTestObject("Page_KiboEngage  Dashboard/span_Welcome Message (1)")): Object: 'Object Repository/Page_KiboEngage  Dashboard/span_Welcome Message (1)' is clicked on

2019-04-22 15:22:16 - [MESSAGE][PASSED] - Object: 'Object Repository/Page_KiboEngage  Dashboard/span_Welcome Message (1)' is clicked on

2019-04-22 15:22:16 - [TEST_STEP][PASSED] - delay(1): Delayed 1 second(s)

2019-04-22 15:22:17 - [MESSAGE][PASSED] - Delayed 1 second(s)

2019-04-22 15:22:17 - [MESSAGE][PASSED] - Call Test Case 'Test Cases/s-sidebar_navigation/individualAccount/Welcome Messages' successfully]]></system-out>
         <system-err><![CDATA[]]></system-err>
      </testcase>
      <testcase name="Test Cases/Welcome messages/TC1038" classname="Test Cases/Welcome messages/TC1038" status="PASSED">
         <system-out><![CDATA[2019-04-22 15:22:17 - [TEST_CASE][PASSED] - Test Cases/Welcome messages/TC1038: Test Cases/Welcome messages/TC1038

2019-04-22 15:22:17 - [TEST_STEP][PASSED] - callTestCase(findTestCase("s-sidebar_navigation/individualAccount/Welcome Messages"), [:], STOP_ON_FAILURE): Call Test Case 'Test Cases/s-sidebar_navigation/individualAccount/Welcome Messages' successfully

2019-04-22 15:22:18 - [TEST_CASE][PASSED] - Test Cases/s-sidebar_navigation/individualAccount/Welcome Messages: Test Cases/s-sidebar_navigation/individualAccount/Welcome Messages

2019-04-22 15:22:18 - [TEST_STEP][PASSED] - click(findTestObject("Object Repository/Page_KiboEngage  Welcome Message/span_Persistent Menu")): Object: 'Object Repository/Page_KiboEngage  Welcome Message/span_Persistent Menu' is clicked on

2019-04-22 15:22:18 - [MESSAGE][PASSED] - Object: 'Object Repository/Page_KiboEngage  Welcome Message/span_Persistent Menu' is clicked on

2019-04-22 15:22:18 - [TEST_STEP][PASSED] - delay(1): Delayed 1 second(s)

2019-04-22 15:22:19 - [MESSAGE][PASSED] - Delayed 1 second(s)

2019-04-22 15:22:19 - [TEST_STEP][PASSED] - click(findTestObject("Page_KiboEngage  Dashboard/span_Welcome Message (1)")): Object: 'Object Repository/Page_KiboEngage  Dashboard/span_Welcome Message (1)' is clicked on

2019-04-22 15:22:19 - [MESSAGE][PASSED] - Object: 'Object Repository/Page_KiboEngage  Dashboard/span_Welcome Message (1)' is clicked on

2019-04-22 15:22:19 - [TEST_STEP][PASSED] - delay(1): Delayed 1 second(s)

2019-04-22 15:22:20 - [MESSAGE][PASSED] - Delayed 1 second(s)

2019-04-22 15:22:20 - [MESSAGE][PASSED] - Call Test Case 'Test Cases/s-sidebar_navigation/individualAccount/Welcome Messages' successfully]]></system-out>
         <system-err><![CDATA[]]></system-err>
      </testcase>
      <testcase name="Test Cases/Welcome messages/TC1039" classname="Test Cases/Welcome messages/TC1039" status="PASSED">
         <system-out><![CDATA[2019-04-22 15:22:20 - [TEST_CASE][PASSED] - Test Cases/Welcome messages/TC1039: Test Cases/Welcome messages/TC1039

2019-04-22 15:22:20 - [TEST_STEP][PASSED] - callTestCase(findTestCase("s-sidebar_navigation/individualAccount/Welcome Messages"), [:], STOP_ON_FAILURE): Call Test Case 'Test Cases/s-sidebar_navigation/individualAccount/Welcome Messages' successfully

2019-04-22 15:22:20 - [TEST_CASE][PASSED] - Test Cases/s-sidebar_navigation/individualAccount/Welcome Messages: Test Cases/s-sidebar_navigation/individualAccount/Welcome Messages

2019-04-22 15:22:20 - [TEST_STEP][PASSED] - click(findTestObject("Object Repository/Page_KiboEngage  Welcome Message/span_Persistent Menu")): Object: 'Object Repository/Page_KiboEngage  Welcome Message/span_Persistent Menu' is clicked on

2019-04-22 15:22:20 - [MESSAGE][PASSED] - Object: 'Object Repository/Page_KiboEngage  Welcome Message/span_Persistent Menu' is clicked on

2019-04-22 15:22:20 - [TEST_STEP][PASSED] - delay(1): Delayed 1 second(s)

2019-04-22 15:22:21 - [MESSAGE][PASSED] - Delayed 1 second(s)

2019-04-22 15:22:21 - [TEST_STEP][PASSED] - click(findTestObject("Page_KiboEngage  Dashboard/span_Welcome Message (1)")): Object: 'Object Repository/Page_KiboEngage  Dashboard/span_Welcome Message (1)' is clicked on

2019-04-22 15:22:21 - [MESSAGE][PASSED] - Object: 'Object Repository/Page_KiboEngage  Dashboard/span_Welcome Message (1)' is clicked on

2019-04-22 15:22:21 - [TEST_STEP][PASSED] - delay(1): Delayed 1 second(s)

2019-04-22 15:22:22 - [MESSAGE][PASSED] - Delayed 1 second(s)

2019-04-22 15:22:22 - [MESSAGE][PASSED] - Call Test Case 'Test Cases/s-sidebar_navigation/individualAccount/Welcome Messages' successfully]]></system-out>
         <system-err><![CDATA[]]></system-err>
      </testcase>
      <system-out><![CDATA[2019-04-22 15:21:17 - [TEST_SUITE][PASSED] - welcomeMessages: Test Cases/Welcome messages/TC1039]]></system-out>
      <system-err><![CDATA[]]></system-err>
   </testsuite>
</testsuites>
