<?xml version="1.0" encoding="UTF-8"?>
<testsuites name="KiboLite" time="206" tests="19" failures="0" errors="0">
   <testsuite name="KiboLite" tests="19" failures="0" errors="0" time="206" timestamp="2019-04-21 04:35:48" hostname="faizan - faizan-HP-EliteBook-850-G2" id="Test Suites/Faizan Suits/KiboLite">
      <properties>
         <property name="deviceName" value=""/>
         <property name="devicePlatform" value=""/>
         <property name="logFolder" value="/home/faizan/Drive/KiboPush_Automated_Testing/KiboPush Katalon/Reports/Faizan Suits/KiboLite/20190421_043540"/>
         <property name="logFiles" value="/home/faizan/Drive/KiboPush_Automated_Testing/KiboPush Katalon/Reports/Faizan Suits/KiboLite/20190421_043540/execution0.log"/>
         <property name="attachments" value=""/>
         <property name="hostName" value="faizan - faizan-HP-EliteBook-850-G2"/>
         <property name="os" value="Linux 64bit"/>
         <property name="katalonVersion" value="6.1.2.2"/>
         <property name="browser" value="Chrome 73.0.3683.103"/>
         <property name="hostAddress" value="127.0.1.1"/>
         <property name="sessionId" value="f095f2dcac09e1f74c43f4e51a4bff66"/>
         <property name="seleniumVersion" value="3.7.1"/>
         <property name="proxyInformation" value="ProxyInformation{proxyOption=NO_PROXY, proxyServerType=HTTP, password=, proxyServerAddress=, proxyServerPort=0}"/>
         <property name="platform" value="Linux"/>
      </properties>
      <testcase name="Test Cases/KiboLite/login" classname="Test Cases/KiboLite/login" status="PASSED">
         <system-out><![CDATA[2019-04-21 04:35:48 - [TEST_CASE][PASSED] - Test Cases/KiboLite/login: Test Cases/KiboLite/login

2019-04-21 04:35:49 - [TEST_STEP][PASSED] - openBrowser(""): Browser is opened with url: ''

2019-04-21 04:35:49 - [MESSAGE][INFO] - Starting 'Chrome' driver

2019-04-21 04:35:49 - [MESSAGE][INFO] - User set preference: ['args', '[--no-sandbox]']

2019-04-21 04:35:49 - [MESSAGE][INFO] - Action delay is set to 0 seconds

2019-04-21 04:36:07 - [MESSAGE][PASSED] - Browser is opened with url: ''

2019-04-21 04:36:07 - [TEST_STEP][PASSED] - maximizeWindow(): Current window maximized

2019-04-21 04:36:07 - [MESSAGE][PASSED] - Current window maximized

2019-04-21 04:36:07 - [TEST_STEP][PASSED] - navigateToUrl("https://kibolite.cloudkibo.com/"): Navigate to 'https://kibolite.cloudkibo.com/' successfully

2019-04-21 04:36:19 - [MESSAGE][PASSED] - Navigate to 'https://kibolite.cloudkibo.com/' successfully

2019-04-21 04:36:19 - [TEST_STEP][PASSED] - navigateToUrl("https://accounts.cloudkibo.com/?continue=http://kibolite.cloudkibo.com"): Navigate to 'https://accounts.cloudkibo.com/?continue=http://kibolite.cloudkibo.com' successfully

2019-04-21 04:36:20 - [MESSAGE][PASSED] - Navigate to 'https://accounts.cloudkibo.com/?continue=http://kibolite.cloudkibo.com' successfully

2019-04-21 04:36:20 - [TEST_STEP][PASSED] - click(findTestObject("Page_CloudKibo/a_Login (2) (1) (1)")): Object: 'Object Repository/Page_CloudKibo/a_Login (2) (1) (1)' is clicked on

2019-04-21 04:36:22 - [MESSAGE][PASSED] - Object: 'Object Repository/Page_CloudKibo/a_Login (2) (1) (1)' is clicked on

2019-04-21 04:36:22 - [TEST_STEP][PASSED] - setText(findTestObject("Page_KiboPush/input_email (10) (1) (1)"), "faizan@cloudkibo.com"): Text 'faizan@cloudkibo.com' is set on object 'Object Repository/Page_KiboPush/input_email (10) (1) (1)'

2019-04-21 04:36:23 - [MESSAGE][PASSED] - Text 'faizan@cloudkibo.com' is set on object 'Object Repository/Page_KiboPush/input_email (10) (1) (1)'

2019-04-21 04:36:23 - [TEST_STEP][PASSED] - setEncryptedText(findTestObject("Page_CloudKibo/input_Sign In_password (7)"), "qeJ0sjJnwEs="): Text ****** has been set on object 'Object Repository/Page_CloudKibo/input_Sign In_password (7)'

2019-04-21 04:36:23 - [MESSAGE][PASSED] - Text ****** has been set on object 'Object Repository/Page_CloudKibo/input_Sign In_password (7)'

2019-04-21 04:36:23 - [TEST_STEP][PASSED] - click(findTestObject("Page_CloudKibo/button_Sign In (4) (1)")): Object: 'Object Repository/Page_CloudKibo/button_Sign In (4) (1)' is clicked on

2019-04-21 04:36:23 - [MESSAGE][PASSED] - Object: 'Object Repository/Page_CloudKibo/button_Sign In (4) (1)' is clicked on

2019-04-21 04:36:23 - [TEST_STEP][PASSED] - click(findTestObject("Page_ Dashboard/h3_Dashboard (1)")): Object: 'Object Repository/Page_ Dashboard/h3_Dashboard (1)' is clicked on

2019-04-21 04:36:38 - [MESSAGE][PASSED] - Object: 'Object Repository/Page_ Dashboard/h3_Dashboard (1)' is clicked on

2019-04-21 04:36:38 - [TEST_STEP][PASSED] - delay(3): Delayed 3 second(s)

2019-04-21 04:36:41 - [MESSAGE][PASSED] - Delayed 3 second(s)

2019-04-21 04:36:41 - [TEST_STEP][PASSED] - click(findTestObject("Page_KiboEngage  Dashboard/a_SMS (2) (1) (1) (1) (1)")): Object: 'Object Repository/Page_KiboEngage  Dashboard/a_SMS (2) (1) (1) (1) (1)' is clicked on

2019-04-21 04:36:41 - [MESSAGE][PASSED] - Object: 'Object Repository/Page_KiboEngage  Dashboard/a_SMS (2) (1) (1) (1) (1)' is clicked on

2019-04-21 04:36:41 - [TEST_STEP][PASSED] - click(findTestObject("Page_KiboEngage  Dashboard/span_Messenger (1) (1) (1) (1)")): Object: 'Object Repository/Page_KiboEngage  Dashboard/span_Messenger (1) (1) (1) (1)' is clicked on

2019-04-21 04:36:41 - [MESSAGE][PASSED] - Object: 'Object Repository/Page_KiboEngage  Dashboard/span_Messenger (1) (1) (1) (1)' is clicked on]]></system-out>
         <system-err><![CDATA[]]></system-err>
      </testcase>
      <testcase name="Test Cases/KiboLite/TC11077" classname="Test Cases/KiboLite/TC11077" status="PASSED">
         <system-out><![CDATA[2019-04-21 04:36:41 - [TEST_CASE][PASSED] - Test Cases/KiboLite/TC11077: Test Cases/KiboLite/TC11077

2019-04-21 04:36:42 - [TEST_STEP][PASSED] - click(findTestObject("Page_KiboPush  Subscribers/span_Subscribers (5)")): Object: 'Object Repository/Page_KiboPush  Subscribers/span_Subscribers (5)' is clicked on

2019-04-21 04:36:42 - [MESSAGE][PASSED] - Object: 'Object Repository/Page_KiboPush  Subscribers/span_Subscribers (5)' is clicked on

2019-04-21 04:36:42 - [TEST_STEP][PASSED] - delay(1): Delayed 1 second(s)

2019-04-21 04:36:43 - [MESSAGE][PASSED] - Delayed 1 second(s)

2019-04-21 04:36:43 - [TEST_STEP][PASSED] - click(findTestObject("Page_ Dashboard/span_Broadcast")): Object: 'Object Repository/Page_ Dashboard/span_Broadcast' is clicked on

2019-04-21 04:36:44 - [MESSAGE][PASSED] - Object: 'Object Repository/Page_ Dashboard/span_Broadcast' is clicked on

2019-04-21 04:36:44 - [TEST_STEP][PASSED] - delay(1): Delayed 1 second(s)

2019-04-21 04:36:45 - [MESSAGE][PASSED] - Delayed 1 second(s)]]></system-out>
         <system-err><![CDATA[]]></system-err>
      </testcase>
      <testcase name="Test Cases/KiboLite/TC11078" classname="Test Cases/KiboLite/TC11078" status="PASSED">
         <system-out><![CDATA[2019-04-21 04:36:45 - [TEST_CASE][PASSED] - Test Cases/KiboLite/TC11078: Test Cases/KiboLite/TC11078

2019-04-21 04:36:45 - [TEST_STEP][PASSED] - delay(2): Delayed 2 second(s)

2019-04-21 04:36:47 - [MESSAGE][PASSED] - Delayed 2 second(s)

2019-04-21 04:36:47 - [TEST_STEP][PASSED] - click(findTestObject("Page_KiboPush  Subscribers/span_Subscribers (5)")): Object: 'Object Repository/Page_KiboPush  Subscribers/span_Subscribers (5)' is clicked on

2019-04-21 04:36:48 - [MESSAGE][PASSED] - Object: 'Object Repository/Page_KiboPush  Subscribers/span_Subscribers (5)' is clicked on

2019-04-21 04:36:48 - [TEST_STEP][PASSED] - delay(1): Delayed 1 second(s)

2019-04-21 04:36:49 - [MESSAGE][PASSED] - Delayed 1 second(s)

2019-04-21 04:36:49 - [TEST_STEP][PASSED] - click(findTestObject("Page_ Dashboard/span_Broadcast")): Object: 'Object Repository/Page_ Dashboard/span_Broadcast' is clicked on

2019-04-21 04:36:49 - [MESSAGE][PASSED] - Object: 'Object Repository/Page_ Dashboard/span_Broadcast' is clicked on

2019-04-21 04:36:49 - [TEST_STEP][PASSED] - delay(1): Delayed 1 second(s)

2019-04-21 04:36:50 - [MESSAGE][PASSED] - Delayed 1 second(s)

2019-04-21 04:36:50 - [TEST_STEP][PASSED] - driver = getWebDriver(): null

2019-04-21 04:36:50 - [TEST_STEP][PASSED] - Select = driver.findElements(By.xpath("//*[@id="tab_1"]/div/div[2]/div/select/option")): null

2019-04-21 04:36:50 - [TEST_STEP][PASSED] - println(Select.size()): null

2019-04-21 04:36:50 - [TEST_STEP][PASSED] - verifyGreaterThanOrEqual(Select.size(), 1): Actual number '6' is greater than or equal to expected number '1'

2019-04-21 04:36:50 - [MESSAGE][PASSED] - Actual number '6' is greater than or equal to expected number '1']]></system-out>
         <system-err><![CDATA[]]></system-err>
      </testcase>
      <testcase name="Test Cases/KiboLite/TC11079" classname="Test Cases/KiboLite/TC11079" status="PASSED">
         <system-out><![CDATA[2019-04-21 04:36:50 - [TEST_CASE][PASSED] - Test Cases/KiboLite/TC11079: Test Cases/KiboLite/TC11079

2019-04-21 04:36:51 - [TEST_STEP][PASSED] - delay(2): Delayed 2 second(s)

2019-04-21 04:36:53 - [MESSAGE][PASSED] - Delayed 2 second(s)

2019-04-21 04:36:53 - [TEST_STEP][PASSED] - click(findTestObject("Page_KiboPush  Subscribers/span_Subscribers (5)")): Object: 'Object Repository/Page_KiboPush  Subscribers/span_Subscribers (5)' is clicked on

2019-04-21 04:36:53 - [MESSAGE][PASSED] - Object: 'Object Repository/Page_KiboPush  Subscribers/span_Subscribers (5)' is clicked on

2019-04-21 04:36:53 - [TEST_STEP][PASSED] - delay(1): Delayed 1 second(s)

2019-04-21 04:36:54 - [MESSAGE][PASSED] - Delayed 1 second(s)

2019-04-21 04:36:54 - [TEST_STEP][PASSED] - click(findTestObject("Page_ Dashboard/span_Broadcast")): Object: 'Object Repository/Page_ Dashboard/span_Broadcast' is clicked on

2019-04-21 04:36:54 - [MESSAGE][PASSED] - Object: 'Object Repository/Page_ Dashboard/span_Broadcast' is clicked on

2019-04-21 04:36:54 - [TEST_STEP][PASSED] - delay(1): Delayed 1 second(s)

2019-04-21 04:36:55 - [MESSAGE][PASSED] - Delayed 1 second(s)

2019-04-21 04:36:55 - [TEST_STEP][PASSED] - csv = getProjectDir() + "/sampleFile.csv": null

2019-04-21 04:36:55 - [TEST_STEP][PASSED] - uploadFile(findTestObject("Object Repository/Page_ Business Gateway/h4_sampleFilecsv"), csv): File '/home/faizan/Drive/KiboPush_Automated_Testing/KiboPush Katalon/sampleFile.csv' sent to object: 'Object Repository/Page_ Business Gateway/h4_sampleFilecsv'

2019-04-21 04:36:56 - [MESSAGE][PASSED] - File '/home/faizan/Drive/KiboPush_Automated_Testing/KiboPush Katalon/sampleFile.csv' sent to object: 'Object Repository/Page_ Business Gateway/h4_sampleFilecsv'

2019-04-21 04:36:56 - [TEST_STEP][PASSED] - delay(10): Delayed 10 second(s)

2019-04-21 04:37:06 - [MESSAGE][PASSED] - Delayed 10 second(s)]]></system-out>
         <system-err><![CDATA[]]></system-err>
      </testcase>
      <testcase name="Test Cases/KiboLite/TC11081" classname="Test Cases/KiboLite/TC11081" status="PASSED">
         <system-out><![CDATA[2019-04-21 04:37:06 - [TEST_CASE][PASSED] - Test Cases/KiboLite/TC11081: Test Cases/KiboLite/TC11081

2019-04-21 04:37:09 - [TEST_STEP][PASSED] - callTestCase(findTestCase("KiboLite/TC11079"), [:], STOP_ON_FAILURE): Call Test Case 'Test Cases/KiboLite/TC11079' successfully

2019-04-21 04:37:09 - [TEST_CASE][PASSED] - Test Cases/KiboLite/TC11079: Test Cases/KiboLite/TC11079

2019-04-21 04:37:09 - [TEST_STEP][PASSED] - delay(2): Delayed 2 second(s)

2019-04-21 04:37:11 - [MESSAGE][PASSED] - Delayed 2 second(s)

2019-04-21 04:37:11 - [TEST_STEP][PASSED] - click(findTestObject("Page_KiboPush  Subscribers/span_Subscribers (5)")): Object: 'Object Repository/Page_KiboPush  Subscribers/span_Subscribers (5)' is clicked on

2019-04-21 04:37:14 - [MESSAGE][PASSED] - Object: 'Object Repository/Page_KiboPush  Subscribers/span_Subscribers (5)' is clicked on

2019-04-21 04:37:14 - [TEST_STEP][PASSED] - delay(1): Delayed 1 second(s)

2019-04-21 04:37:15 - [MESSAGE][PASSED] - Delayed 1 second(s)

2019-04-21 04:37:15 - [TEST_STEP][PASSED] - click(findTestObject("Page_ Dashboard/span_Broadcast")): Object: 'Object Repository/Page_ Dashboard/span_Broadcast' is clicked on

2019-04-21 04:37:16 - [MESSAGE][PASSED] - Object: 'Object Repository/Page_ Dashboard/span_Broadcast' is clicked on

2019-04-21 04:37:16 - [TEST_STEP][PASSED] - delay(1): Delayed 1 second(s)

2019-04-21 04:37:17 - [MESSAGE][PASSED] - Delayed 1 second(s)

2019-04-21 04:37:17 - [TEST_STEP][PASSED] - csv = getProjectDir() + "/sampleFile.csv": null

2019-04-21 04:37:17 - [TEST_STEP][PASSED] - uploadFile(findTestObject("Object Repository/Page_ Business Gateway/h4_sampleFilecsv"), csv): File '/home/faizan/Drive/KiboPush_Automated_Testing/KiboPush Katalon/sampleFile.csv' sent to object: 'Object Repository/Page_ Business Gateway/h4_sampleFilecsv'

2019-04-21 04:37:17 - [MESSAGE][PASSED] - File '/home/faizan/Drive/KiboPush_Automated_Testing/KiboPush Katalon/sampleFile.csv' sent to object: 'Object Repository/Page_ Business Gateway/h4_sampleFilecsv'

2019-04-21 04:37:17 - [TEST_STEP][PASSED] - delay(10): Delayed 10 second(s)

2019-04-21 04:37:27 - [MESSAGE][PASSED] - Delayed 10 second(s)

2019-04-21 04:37:27 - [MESSAGE][PASSED] - Call Test Case 'Test Cases/KiboLite/TC11079' successfully

2019-04-21 04:37:27 - [TEST_STEP][PASSED] - click(findTestObject("Object Repository/Page_ Business Gateway/input_names_names")): Object: 'Object Repository/Page_ Business Gateway/input_names_names' is clicked on

2019-04-21 04:37:27 - [MESSAGE][PASSED] - Object: 'Object Repository/Page_ Business Gateway/input_names_names' is clicked on

2019-04-21 04:37:27 - [TEST_STEP][PASSED] - click(findTestObject("Object Repository/Page_ Business Gateway/input_phone_numbers_phone_numbers")): Object: 'Object Repository/Page_ Business Gateway/input_phone_numbers_phone_numbers' is clicked on

2019-04-21 04:37:28 - [MESSAGE][PASSED] - Object: 'Object Repository/Page_ Business Gateway/input_phone_numbers_phone_numbers' is clicked on]]></system-out>
         <system-err><![CDATA[]]></system-err>
      </testcase>
      <testcase name="Test Cases/KiboLite/TC11085" classname="Test Cases/KiboLite/TC11085" status="PASSED">
         <system-out><![CDATA[2019-04-21 04:37:28 - [TEST_CASE][PASSED] - Test Cases/KiboLite/TC11085: Test Cases/KiboLite/TC11085

2019-04-21 04:37:28 - [TEST_STEP][PASSED] - delay(2): Delayed 2 second(s)

2019-04-21 04:37:30 - [MESSAGE][PASSED] - Delayed 2 second(s)

2019-04-21 04:37:30 - [TEST_STEP][PASSED] - click(findTestObject("Page_KiboPush  Subscribers/span_Subscribers (5)")): Object: 'Object Repository/Page_KiboPush  Subscribers/span_Subscribers (5)' is clicked on

2019-04-21 04:37:30 - [MESSAGE][PASSED] - Object: 'Object Repository/Page_KiboPush  Subscribers/span_Subscribers (5)' is clicked on

2019-04-21 04:37:30 - [TEST_STEP][PASSED] - delay(1): Delayed 1 second(s)

2019-04-21 04:37:31 - [MESSAGE][PASSED] - Delayed 1 second(s)

2019-04-21 04:37:31 - [TEST_STEP][PASSED] - click(findTestObject("Page_ Dashboard/span_Broadcast")): Object: 'Object Repository/Page_ Dashboard/span_Broadcast' is clicked on

2019-04-21 04:37:32 - [MESSAGE][PASSED] - Object: 'Object Repository/Page_ Dashboard/span_Broadcast' is clicked on

2019-04-21 04:37:32 - [TEST_STEP][PASSED] - delay(1): Delayed 1 second(s)

2019-04-21 04:37:33 - [MESSAGE][PASSED] - Delayed 1 second(s)

2019-04-21 04:37:33 - [TEST_STEP][PASSED] - click(findTestObject("Object Repository/Page_ Business Gateway/a_Create Push Message")): Object: 'Object Repository/Page_ Business Gateway/a_Create Push Message' is clicked on

2019-04-21 04:37:33 - [MESSAGE][PASSED] - Object: 'Object Repository/Page_ Business Gateway/a_Create Push Message' is clicked on

2019-04-21 04:37:33 - [TEST_STEP][PASSED] - click(findTestObject("Object Repository/Page_ Business Gateway/h3_Push Message")): Object: 'Object Repository/Page_ Business Gateway/h3_Push Message' is clicked on

2019-04-21 04:37:34 - [MESSAGE][PASSED] - Object: 'Object Repository/Page_ Business Gateway/h3_Push Message' is clicked on

2019-04-21 04:37:34 - [TEST_STEP][PASSED] - click(findTestObject("Object Repository/Page_ Business Gateway/span_Back")): Object: 'Object Repository/Page_ Business Gateway/span_Back' is clicked on

2019-04-21 04:37:34 - [MESSAGE][PASSED] - Object: 'Object Repository/Page_ Business Gateway/span_Back' is clicked on

2019-04-21 04:37:34 - [TEST_STEP][PASSED] - click(findTestObject("Object Repository/Page_ Business Gateway/label_Change Page")): Object: 'Object Repository/Page_ Business Gateway/label_Change Page' is clicked on

2019-04-21 04:37:34 - [MESSAGE][PASSED] - Object: 'Object Repository/Page_ Business Gateway/label_Change Page' is clicked on]]></system-out>
         <system-err><![CDATA[]]></system-err>
      </testcase>
      <testcase name="Test Cases/KiboLite/TC11086" classname="Test Cases/KiboLite/TC11086" status="PASSED">
         <system-out><![CDATA[2019-04-21 04:37:34 - [TEST_CASE][PASSED] - Test Cases/KiboLite/TC11086: Test Cases/KiboLite/TC11086

2019-04-21 04:37:34 - [TEST_STEP][PASSED] - delay(2): Delayed 2 second(s)

2019-04-21 04:37:36 - [MESSAGE][PASSED] - Delayed 2 second(s)

2019-04-21 04:37:36 - [TEST_STEP][PASSED] - click(findTestObject("Page_KiboPush  Subscribers/span_Subscribers (5)")): Object: 'Object Repository/Page_KiboPush  Subscribers/span_Subscribers (5)' is clicked on

2019-04-21 04:37:37 - [MESSAGE][PASSED] - Object: 'Object Repository/Page_KiboPush  Subscribers/span_Subscribers (5)' is clicked on

2019-04-21 04:37:37 - [TEST_STEP][PASSED] - delay(1): Delayed 1 second(s)

2019-04-21 04:37:38 - [MESSAGE][PASSED] - Delayed 1 second(s)

2019-04-21 04:37:38 - [TEST_STEP][PASSED] - click(findTestObject("Page_ Dashboard/span_Broadcast")): Object: 'Object Repository/Page_ Dashboard/span_Broadcast' is clicked on

2019-04-21 04:37:38 - [MESSAGE][PASSED] - Object: 'Object Repository/Page_ Dashboard/span_Broadcast' is clicked on

2019-04-21 04:37:38 - [TEST_STEP][PASSED] - delay(1): Delayed 1 second(s)

2019-04-21 04:37:39 - [MESSAGE][PASSED] - Delayed 1 second(s)

2019-04-21 04:37:39 - [TEST_STEP][PASSED] - click(findTestObject("Page_ Business Gateway/a_Target Customers (1) (1)")): Object: 'Object Repository/Page_ Business Gateway/a_Target Customers (1) (1)' is clicked on

2019-04-21 04:37:39 - [MESSAGE][PASSED] - Object: 'Object Repository/Page_ Business Gateway/a_Target Customers (1) (1)' is clicked on

2019-04-21 04:37:39 - [TEST_STEP][PASSED] - click(findTestObject("Page_ Business Gateway/span_Condition (1)")): Object: 'Object Repository/Page_ Business Gateway/span_Condition (1)' is clicked on

2019-04-21 04:37:39 - [MESSAGE][PASSED] - Object: 'Object Repository/Page_ Business Gateway/span_Condition (1)' is clicked on

2019-04-21 04:37:39 - [TEST_STEP][PASSED] - delay(2): Delayed 2 second(s)

2019-04-21 04:37:41 - [MESSAGE][PASSED] - Delayed 2 second(s)

2019-04-21 04:37:41 - [TEST_STEP][PASSED] - click(findTestObject("Page_ Business Gateway/button_Back")): Object: 'Object Repository/Page_ Business Gateway/button_Back' is clicked on

2019-04-21 04:37:41 - [MESSAGE][PASSED] - Object: 'Object Repository/Page_ Business Gateway/button_Back' is clicked on

2019-04-21 04:37:41 - [TEST_STEP][PASSED] - click(findTestObject("Page_ Business Gateway/h3_Push Message (2)")): Object: 'Object Repository/Page_ Business Gateway/h3_Push Message (2)' is clicked on

2019-04-21 04:37:42 - [MESSAGE][PASSED] - Object: 'Object Repository/Page_ Business Gateway/h3_Push Message (2)' is clicked on]]></system-out>
         <system-err><![CDATA[]]></system-err>
      </testcase>
      <testcase name="Test Cases/KiboLite/TC11087" classname="Test Cases/KiboLite/TC11087" status="PASSED">
         <system-out><![CDATA[2019-04-21 04:37:42 - [TEST_CASE][PASSED] - Test Cases/KiboLite/TC11087: Test Cases/KiboLite/TC11087

2019-04-21 04:37:42 - [TEST_STEP][PASSED] - delay(2): Delayed 2 second(s)

2019-04-21 04:37:44 - [MESSAGE][PASSED] - Delayed 2 second(s)

2019-04-21 04:37:44 - [TEST_STEP][PASSED] - click(findTestObject("Page_KiboPush  Subscribers/span_Subscribers (5)")): Object: 'Object Repository/Page_KiboPush  Subscribers/span_Subscribers (5)' is clicked on

2019-04-21 04:37:44 - [MESSAGE][PASSED] - Object: 'Object Repository/Page_KiboPush  Subscribers/span_Subscribers (5)' is clicked on

2019-04-21 04:37:44 - [TEST_STEP][PASSED] - delay(1): Delayed 1 second(s)

2019-04-21 04:37:45 - [MESSAGE][PASSED] - Delayed 1 second(s)

2019-04-21 04:37:45 - [TEST_STEP][PASSED] - click(findTestObject("Page_ Dashboard/span_Broadcast")): Object: 'Object Repository/Page_ Dashboard/span_Broadcast' is clicked on

2019-04-21 04:37:45 - [MESSAGE][PASSED] - Object: 'Object Repository/Page_ Dashboard/span_Broadcast' is clicked on

2019-04-21 04:37:45 - [TEST_STEP][PASSED] - delay(1): Delayed 1 second(s)

2019-04-21 04:37:46 - [MESSAGE][PASSED] - Delayed 1 second(s)

2019-04-21 04:37:46 - [TEST_STEP][PASSED] - click(findTestObject("Object Repository/Page_ Business Gateway/a_Create Push Message (1)")): Object: 'Object Repository/Page_ Business Gateway/a_Create Push Message (1)' is clicked on

2019-04-21 04:37:47 - [MESSAGE][PASSED] - Object: 'Object Repository/Page_ Business Gateway/a_Create Push Message (1)' is clicked on

2019-04-21 04:37:47 - [TEST_STEP][PASSED] - click(findTestObject("Object Repository/Page_ Business Gateway/h6_Image")): Object: 'Object Repository/Page_ Business Gateway/h6_Image' is clicked on

2019-04-21 04:37:47 - [MESSAGE][PASSED] - Object: 'Object Repository/Page_ Business Gateway/h6_Image' is clicked on

2019-04-21 04:37:47 - [TEST_STEP][PASSED] - click(findTestObject("Object Repository/Page_ Business Gateway/div_New image component added")): Object: 'Object Repository/Page_ Business Gateway/div_New image component added' is clicked on

2019-04-21 04:37:48 - [MESSAGE][PASSED] - Object: 'Object Repository/Page_ Business Gateway/div_New image component added' is clicked on

2019-04-21 04:37:48 - [TEST_STEP][PASSED] - click(findTestObject("Object Repository/Page_ Business Gateway/h6_Card")): Object: 'Object Repository/Page_ Business Gateway/h6_Card' is clicked on

2019-04-21 04:37:48 - [MESSAGE][PASSED] - Object: 'Object Repository/Page_ Business Gateway/h6_Card' is clicked on

2019-04-21 04:37:48 - [TEST_STEP][PASSED] - click(findTestObject("Object Repository/Page_ Business Gateway/div_New card component added")): Object: 'Object Repository/Page_ Business Gateway/div_New card component added' is clicked on

2019-04-21 04:37:48 - [MESSAGE][PASSED] - Object: 'Object Repository/Page_ Business Gateway/div_New card component added' is clicked on

2019-04-21 04:37:48 - [TEST_STEP][PASSED] - click(findTestObject("Object Repository/Page_ Business Gateway/h6_Gallery")): Object: 'Object Repository/Page_ Business Gateway/h6_Gallery' is clicked on

2019-04-21 04:37:49 - [MESSAGE][PASSED] - Object: 'Object Repository/Page_ Business Gateway/h6_Gallery' is clicked on

2019-04-21 04:37:49 - [TEST_STEP][PASSED] - click(findTestObject("Object Repository/Page_ Business Gateway/div_New gallery component added")): Object: 'Object Repository/Page_ Business Gateway/div_New gallery component added' is clicked on

2019-04-21 04:37:49 - [MESSAGE][PASSED] - Object: 'Object Repository/Page_ Business Gateway/div_New gallery component added' is clicked on

2019-04-21 04:37:49 - [TEST_STEP][PASSED] - click(findTestObject("Object Repository/Page_ Business Gateway/h6_Audio")): Object: 'Object Repository/Page_ Business Gateway/h6_Audio' is clicked on

2019-04-21 04:37:49 - [MESSAGE][PASSED] - Object: 'Object Repository/Page_ Business Gateway/h6_Audio' is clicked on

2019-04-21 04:37:49 - [TEST_STEP][PASSED] - click(findTestObject("Object Repository/Page_ Business Gateway/div_New audio component added")): Object: 'Object Repository/Page_ Business Gateway/div_New audio component added' is clicked on

2019-04-21 04:37:49 - [MESSAGE][PASSED] - Object: 'Object Repository/Page_ Business Gateway/div_New audio component added' is clicked on

2019-04-21 04:37:49 - [TEST_STEP][PASSED] - click(findTestObject("Object Repository/Page_ Business Gateway/h6_Video")): Object: 'Object Repository/Page_ Business Gateway/h6_Video' is clicked on

2019-04-21 04:37:49 - [MESSAGE][PASSED] - Object: 'Object Repository/Page_ Business Gateway/h6_Video' is clicked on

2019-04-21 04:37:49 - [TEST_STEP][PASSED] - click(findTestObject("Object Repository/Page_ Business Gateway/div_New video component added")): Object: 'Object Repository/Page_ Business Gateway/div_New video component added' is clicked on

2019-04-21 04:37:50 - [MESSAGE][PASSED] - Object: 'Object Repository/Page_ Business Gateway/div_New video component added' is clicked on

2019-04-21 04:37:50 - [TEST_STEP][PASSED] - click(findTestObject("Object Repository/Page_ Business Gateway/h6_File")): Object: 'Object Repository/Page_ Business Gateway/h6_File' is clicked on

2019-04-21 04:37:50 - [MESSAGE][PASSED] - Object: 'Object Repository/Page_ Business Gateway/h6_File' is clicked on

2019-04-21 04:37:50 - [TEST_STEP][PASSED] - click(findTestObject("Object Repository/Page_ Business Gateway/div_New file component added")): Object: 'Object Repository/Page_ Business Gateway/div_New file component added' is clicked on

2019-04-21 04:37:50 - [MESSAGE][PASSED] - Object: 'Object Repository/Page_ Business Gateway/div_New file component added' is clicked on

2019-04-21 04:37:50 - [TEST_STEP][PASSED] - click(findTestObject("Object Repository/Page_ Business Gateway/h6_List")): Object: 'Object Repository/Page_ Business Gateway/h6_List' is clicked on

2019-04-21 04:37:51 - [MESSAGE][PASSED] - Object: 'Object Repository/Page_ Business Gateway/h6_List' is clicked on

2019-04-21 04:37:51 - [TEST_STEP][PASSED] - click(findTestObject("Object Repository/Page_ Business Gateway/div_New list component added")): Object: 'Object Repository/Page_ Business Gateway/div_New list component added' is clicked on

2019-04-21 04:37:51 - [MESSAGE][PASSED] - Object: 'Object Repository/Page_ Business Gateway/div_New list component added' is clicked on

2019-04-21 04:37:51 - [TEST_STEP][PASSED] - click(findTestObject("Object Repository/Page_ Business Gateway/h6_Media")): Object: 'Object Repository/Page_ Business Gateway/h6_Media' is clicked on

2019-04-21 04:37:51 - [MESSAGE][PASSED] - Object: 'Object Repository/Page_ Business Gateway/h6_Media' is clicked on

2019-04-21 04:37:51 - [TEST_STEP][PASSED] - click(findTestObject("Object Repository/Page_ Business Gateway/div_New media component added")): Object: 'Object Repository/Page_ Business Gateway/div_New media component added' is clicked on

2019-04-21 04:37:52 - [MESSAGE][PASSED] - Object: 'Object Repository/Page_ Business Gateway/div_New media component added' is clicked on]]></system-out>
         <system-err><![CDATA[]]></system-err>
      </testcase>
      <testcase name="Test Cases/KiboLite/TC11090" classname="Test Cases/KiboLite/TC11090" status="PASSED">
         <system-out><![CDATA[2019-04-21 04:37:52 - [TEST_CASE][PASSED] - Test Cases/KiboLite/TC11090: Test Cases/KiboLite/TC11090

2019-04-21 04:37:52 - [TEST_STEP][PASSED] - delay(2): Delayed 2 second(s)

2019-04-21 04:37:54 - [MESSAGE][PASSED] - Delayed 2 second(s)

2019-04-21 04:37:54 - [TEST_STEP][PASSED] - click(findTestObject("Page_KiboPush  Subscribers/span_Subscribers (5)")): Object: 'Object Repository/Page_KiboPush  Subscribers/span_Subscribers (5)' is clicked on

2019-04-21 04:37:54 - [MESSAGE][PASSED] - Object: 'Object Repository/Page_KiboPush  Subscribers/span_Subscribers (5)' is clicked on

2019-04-21 04:37:54 - [TEST_STEP][PASSED] - delay(1): Delayed 1 second(s)

2019-04-21 04:37:55 - [MESSAGE][PASSED] - Delayed 1 second(s)

2019-04-21 04:37:55 - [TEST_STEP][PASSED] - click(findTestObject("Page_ Dashboard/span_Broadcast")): Object: 'Object Repository/Page_ Dashboard/span_Broadcast' is clicked on

2019-04-21 04:37:56 - [MESSAGE][PASSED] - Object: 'Object Repository/Page_ Dashboard/span_Broadcast' is clicked on

2019-04-21 04:37:56 - [TEST_STEP][PASSED] - delay(1): Delayed 1 second(s)

2019-04-21 04:37:57 - [MESSAGE][PASSED] - Delayed 1 second(s)

2019-04-21 04:37:57 - [TEST_STEP][PASSED] - click(findTestObject("Page_ Business Gateway/a_Target Customers (2)")): Object: 'Object Repository/Page_ Business Gateway/a_Target Customers (2)' is clicked on

2019-04-21 04:37:57 - [MESSAGE][PASSED] - Object: 'Object Repository/Page_ Business Gateway/a_Target Customers (2)' is clicked on

2019-04-21 04:37:57 - [TEST_STEP][PASSED] - driver = getWebDriver(): null

2019-04-21 04:37:57 - [TEST_STEP][PASSED] - Select = driver.findElements(By.xpath("//*[@id="m-datatable--27866229129"]/tbody/tr/td[2]/select/option")): null

2019-04-21 04:37:57 - [TEST_STEP][PASSED] - println(Select.size()): null

2019-04-21 04:37:57 - [TEST_STEP][PASSED] - verifyGreaterThanOrEqual(Select.size(), 3): Actual number '4' is greater than or equal to expected number '3'

2019-04-21 04:37:57 - [MESSAGE][PASSED] - Actual number '4' is greater than or equal to expected number '3']]></system-out>
         <system-err><![CDATA[]]></system-err>
      </testcase>
      <testcase name="Test Cases/KiboLite/TC11091" classname="Test Cases/KiboLite/TC11091" status="PASSED">
         <system-out><![CDATA[2019-04-21 04:37:57 - [TEST_CASE][PASSED] - Test Cases/KiboLite/TC11091: Test Cases/KiboLite/TC11091

2019-04-21 04:37:57 - [TEST_STEP][PASSED] - delay(2): Delayed 2 second(s)

2019-04-21 04:37:59 - [MESSAGE][PASSED] - Delayed 2 second(s)

2019-04-21 04:37:59 - [TEST_STEP][PASSED] - click(findTestObject("Page_KiboPush  Subscribers/span_Subscribers (5)")): Object: 'Object Repository/Page_KiboPush  Subscribers/span_Subscribers (5)' is clicked on

2019-04-21 04:38:00 - [MESSAGE][PASSED] - Object: 'Object Repository/Page_KiboPush  Subscribers/span_Subscribers (5)' is clicked on

2019-04-21 04:38:00 - [TEST_STEP][PASSED] - delay(1): Delayed 1 second(s)

2019-04-21 04:38:01 - [MESSAGE][PASSED] - Delayed 1 second(s)

2019-04-21 04:38:01 - [TEST_STEP][PASSED] - click(findTestObject("Page_ Dashboard/span_Broadcast")): Object: 'Object Repository/Page_ Dashboard/span_Broadcast' is clicked on

2019-04-21 04:38:01 - [MESSAGE][PASSED] - Object: 'Object Repository/Page_ Dashboard/span_Broadcast' is clicked on

2019-04-21 04:38:01 - [TEST_STEP][PASSED] - delay(1): Delayed 1 second(s)

2019-04-21 04:38:02 - [MESSAGE][PASSED] - Delayed 1 second(s)

2019-04-21 04:38:02 - [TEST_STEP][PASSED] - click(findTestObject("Object Repository/Page_ Business Gateway/a_Target Customers (2) (1)")): Object: 'Object Repository/Page_ Business Gateway/a_Target Customers (2) (1)' is clicked on

2019-04-21 04:38:02 - [MESSAGE][PASSED] - Object: 'Object Repository/Page_ Business Gateway/a_Target Customers (2) (1)' is clicked on

2019-04-21 04:38:02 - [TEST_STEP][PASSED] - setText(findTestObject("Object Repository/Page_ Business Gateway/input_Value_text"), "1212"): Text '1212' is set on object 'Object Repository/Page_ Business Gateway/input_Value_text'

2019-04-21 04:38:03 - [MESSAGE][PASSED] - Text '1212' is set on object 'Object Repository/Page_ Business Gateway/input_Value_text']]></system-out>
         <system-err><![CDATA[]]></system-err>
      </testcase>
      <testcase name="Test Cases/KiboLite/TC11077" classname="Test Cases/KiboLite/TC11077" status="PASSED">
         <system-out><![CDATA[2019-04-21 04:38:03 - [TEST_CASE][PASSED] - Test Cases/KiboLite/TC11077: Test Cases/KiboLite/TC11077

2019-04-21 04:38:03 - [TEST_STEP][PASSED] - click(findTestObject("Page_KiboPush  Subscribers/span_Subscribers (5)")): Object: 'Object Repository/Page_KiboPush  Subscribers/span_Subscribers (5)' is clicked on

2019-04-21 04:38:03 - [MESSAGE][PASSED] - Object: 'Object Repository/Page_KiboPush  Subscribers/span_Subscribers (5)' is clicked on

2019-04-21 04:38:03 - [TEST_STEP][PASSED] - delay(1): Delayed 1 second(s)

2019-04-21 04:38:04 - [MESSAGE][PASSED] - Delayed 1 second(s)

2019-04-21 04:38:04 - [TEST_STEP][PASSED] - click(findTestObject("Page_ Dashboard/span_Broadcast")): Object: 'Object Repository/Page_ Dashboard/span_Broadcast' is clicked on

2019-04-21 04:38:05 - [MESSAGE][PASSED] - Object: 'Object Repository/Page_ Dashboard/span_Broadcast' is clicked on

2019-04-21 04:38:05 - [TEST_STEP][PASSED] - delay(1): Delayed 1 second(s)

2019-04-21 04:38:06 - [MESSAGE][PASSED] - Delayed 1 second(s)]]></system-out>
         <system-err><![CDATA[]]></system-err>
      </testcase>
      <testcase name="Test Cases/KiboLite/TC11079" classname="Test Cases/KiboLite/TC11079" status="PASSED">
         <system-out><![CDATA[2019-04-21 04:38:06 - [TEST_CASE][PASSED] - Test Cases/KiboLite/TC11079: Test Cases/KiboLite/TC11079

2019-04-21 04:38:06 - [TEST_STEP][PASSED] - delay(2): Delayed 2 second(s)

2019-04-21 04:38:08 - [MESSAGE][PASSED] - Delayed 2 second(s)

2019-04-21 04:38:08 - [TEST_STEP][PASSED] - click(findTestObject("Page_KiboPush  Subscribers/span_Subscribers (5)")): Object: 'Object Repository/Page_KiboPush  Subscribers/span_Subscribers (5)' is clicked on

2019-04-21 04:38:08 - [MESSAGE][PASSED] - Object: 'Object Repository/Page_KiboPush  Subscribers/span_Subscribers (5)' is clicked on

2019-04-21 04:38:08 - [TEST_STEP][PASSED] - delay(1): Delayed 1 second(s)

2019-04-21 04:38:09 - [MESSAGE][PASSED] - Delayed 1 second(s)

2019-04-21 04:38:09 - [TEST_STEP][PASSED] - click(findTestObject("Page_ Dashboard/span_Broadcast")): Object: 'Object Repository/Page_ Dashboard/span_Broadcast' is clicked on

2019-04-21 04:38:10 - [MESSAGE][PASSED] - Object: 'Object Repository/Page_ Dashboard/span_Broadcast' is clicked on

2019-04-21 04:38:10 - [TEST_STEP][PASSED] - delay(1): Delayed 1 second(s)

2019-04-21 04:38:11 - [MESSAGE][PASSED] - Delayed 1 second(s)

2019-04-21 04:38:11 - [TEST_STEP][PASSED] - csv = getProjectDir() + "/sampleFile.csv": null

2019-04-21 04:38:11 - [TEST_STEP][PASSED] - uploadFile(findTestObject("Object Repository/Page_ Business Gateway/h4_sampleFilecsv"), csv): File '/home/faizan/Drive/KiboPush_Automated_Testing/KiboPush Katalon/sampleFile.csv' sent to object: 'Object Repository/Page_ Business Gateway/h4_sampleFilecsv'

2019-04-21 04:38:11 - [MESSAGE][PASSED] - File '/home/faizan/Drive/KiboPush_Automated_Testing/KiboPush Katalon/sampleFile.csv' sent to object: 'Object Repository/Page_ Business Gateway/h4_sampleFilecsv'

2019-04-21 04:38:11 - [TEST_STEP][PASSED] - delay(10): Delayed 10 second(s)

2019-04-21 04:38:21 - [MESSAGE][PASSED] - Delayed 10 second(s)]]></system-out>
         <system-err><![CDATA[]]></system-err>
      </testcase>
      <testcase name="Test Cases/KiboLite/TC11086" classname="Test Cases/KiboLite/TC11086" status="PASSED">
         <system-out><![CDATA[2019-04-21 04:38:21 - [TEST_CASE][PASSED] - Test Cases/KiboLite/TC11086: Test Cases/KiboLite/TC11086

2019-04-21 04:38:21 - [TEST_STEP][PASSED] - delay(2): Delayed 2 second(s)

2019-04-21 04:38:23 - [MESSAGE][PASSED] - Delayed 2 second(s)

2019-04-21 04:38:23 - [TEST_STEP][PASSED] - click(findTestObject("Page_KiboPush  Subscribers/span_Subscribers (5)")): Object: 'Object Repository/Page_KiboPush  Subscribers/span_Subscribers (5)' is clicked on

2019-04-21 04:38:23 - [MESSAGE][PASSED] - Object: 'Object Repository/Page_KiboPush  Subscribers/span_Subscribers (5)' is clicked on

2019-04-21 04:38:23 - [TEST_STEP][PASSED] - delay(1): Delayed 1 second(s)

2019-04-21 04:38:24 - [MESSAGE][PASSED] - Delayed 1 second(s)

2019-04-21 04:38:24 - [TEST_STEP][PASSED] - click(findTestObject("Page_ Dashboard/span_Broadcast")): Object: 'Object Repository/Page_ Dashboard/span_Broadcast' is clicked on

2019-04-21 04:38:25 - [MESSAGE][PASSED] - Object: 'Object Repository/Page_ Dashboard/span_Broadcast' is clicked on

2019-04-21 04:38:25 - [TEST_STEP][PASSED] - delay(1): Delayed 1 second(s)

2019-04-21 04:38:26 - [MESSAGE][PASSED] - Delayed 1 second(s)

2019-04-21 04:38:26 - [TEST_STEP][PASSED] - click(findTestObject("Page_ Business Gateway/a_Target Customers (1) (1)")): Object: 'Object Repository/Page_ Business Gateway/a_Target Customers (1) (1)' is clicked on

2019-04-21 04:38:26 - [MESSAGE][PASSED] - Object: 'Object Repository/Page_ Business Gateway/a_Target Customers (1) (1)' is clicked on

2019-04-21 04:38:26 - [TEST_STEP][PASSED] - click(findTestObject("Page_ Business Gateway/span_Condition (1)")): Object: 'Object Repository/Page_ Business Gateway/span_Condition (1)' is clicked on

2019-04-21 04:38:26 - [MESSAGE][PASSED] - Object: 'Object Repository/Page_ Business Gateway/span_Condition (1)' is clicked on

2019-04-21 04:38:26 - [TEST_STEP][PASSED] - delay(2): Delayed 2 second(s)

2019-04-21 04:38:28 - [MESSAGE][PASSED] - Delayed 2 second(s)

2019-04-21 04:38:28 - [TEST_STEP][PASSED] - click(findTestObject("Page_ Business Gateway/button_Back")): Object: 'Object Repository/Page_ Business Gateway/button_Back' is clicked on

2019-04-21 04:38:29 - [MESSAGE][PASSED] - Object: 'Object Repository/Page_ Business Gateway/button_Back' is clicked on

2019-04-21 04:38:29 - [TEST_STEP][PASSED] - click(findTestObject("Page_ Business Gateway/h3_Push Message (2)")): Object: 'Object Repository/Page_ Business Gateway/h3_Push Message (2)' is clicked on

2019-04-21 04:38:29 - [MESSAGE][PASSED] - Object: 'Object Repository/Page_ Business Gateway/h3_Push Message (2)' is clicked on]]></system-out>
         <system-err><![CDATA[]]></system-err>
      </testcase>
      <testcase name="Test Cases/KiboLite/TC11078" classname="Test Cases/KiboLite/TC11078" status="PASSED">
         <system-out><![CDATA[2019-04-21 04:38:29 - [TEST_CASE][PASSED] - Test Cases/KiboLite/TC11078: Test Cases/KiboLite/TC11078

2019-04-21 04:38:29 - [TEST_STEP][PASSED] - delay(2): Delayed 2 second(s)

2019-04-21 04:38:31 - [MESSAGE][PASSED] - Delayed 2 second(s)

2019-04-21 04:38:31 - [TEST_STEP][PASSED] - click(findTestObject("Page_KiboPush  Subscribers/span_Subscribers (5)")): Object: 'Object Repository/Page_KiboPush  Subscribers/span_Subscribers (5)' is clicked on

2019-04-21 04:38:31 - [MESSAGE][PASSED] - Object: 'Object Repository/Page_KiboPush  Subscribers/span_Subscribers (5)' is clicked on

2019-04-21 04:38:31 - [TEST_STEP][PASSED] - delay(1): Delayed 1 second(s)

2019-04-21 04:38:32 - [MESSAGE][PASSED] - Delayed 1 second(s)

2019-04-21 04:38:32 - [TEST_STEP][PASSED] - click(findTestObject("Page_ Dashboard/span_Broadcast")): Object: 'Object Repository/Page_ Dashboard/span_Broadcast' is clicked on

2019-04-21 04:38:32 - [MESSAGE][PASSED] - Object: 'Object Repository/Page_ Dashboard/span_Broadcast' is clicked on

2019-04-21 04:38:32 - [TEST_STEP][PASSED] - delay(1): Delayed 1 second(s)

2019-04-21 04:38:33 - [MESSAGE][PASSED] - Delayed 1 second(s)

2019-04-21 04:38:33 - [TEST_STEP][PASSED] - driver = getWebDriver(): null

2019-04-21 04:38:33 - [TEST_STEP][PASSED] - Select = driver.findElements(By.xpath("//*[@id="tab_1"]/div/div[2]/div/select/option")): null

2019-04-21 04:38:33 - [TEST_STEP][PASSED] - println(Select.size()): null

2019-04-21 04:38:33 - [TEST_STEP][PASSED] - verifyGreaterThanOrEqual(Select.size(), 1): Actual number '6' is greater than or equal to expected number '1'

2019-04-21 04:38:33 - [MESSAGE][PASSED] - Actual number '6' is greater than or equal to expected number '1']]></system-out>
         <system-err><![CDATA[]]></system-err>
      </testcase>
      <testcase name="Test Cases/KiboLite/TC11090" classname="Test Cases/KiboLite/TC11090" status="PASSED">
         <system-out><![CDATA[2019-04-21 04:38:33 - [TEST_CASE][PASSED] - Test Cases/KiboLite/TC11090: Test Cases/KiboLite/TC11090

2019-04-21 04:38:33 - [TEST_STEP][PASSED] - delay(2): Delayed 2 second(s)

2019-04-21 04:38:35 - [MESSAGE][PASSED] - Delayed 2 second(s)

2019-04-21 04:38:35 - [TEST_STEP][PASSED] - click(findTestObject("Page_KiboPush  Subscribers/span_Subscribers (5)")): Object: 'Object Repository/Page_KiboPush  Subscribers/span_Subscribers (5)' is clicked on

2019-04-21 04:38:36 - [MESSAGE][PASSED] - Object: 'Object Repository/Page_KiboPush  Subscribers/span_Subscribers (5)' is clicked on

2019-04-21 04:38:36 - [TEST_STEP][PASSED] - delay(1): Delayed 1 second(s)

2019-04-21 04:38:37 - [MESSAGE][PASSED] - Delayed 1 second(s)

2019-04-21 04:38:37 - [TEST_STEP][PASSED] - click(findTestObject("Page_ Dashboard/span_Broadcast")): Object: 'Object Repository/Page_ Dashboard/span_Broadcast' is clicked on

2019-04-21 04:38:37 - [MESSAGE][PASSED] - Object: 'Object Repository/Page_ Dashboard/span_Broadcast' is clicked on

2019-04-21 04:38:37 - [TEST_STEP][PASSED] - delay(1): Delayed 1 second(s)

2019-04-21 04:38:38 - [MESSAGE][PASSED] - Delayed 1 second(s)

2019-04-21 04:38:38 - [TEST_STEP][PASSED] - click(findTestObject("Page_ Business Gateway/a_Target Customers (2)")): Object: 'Object Repository/Page_ Business Gateway/a_Target Customers (2)' is clicked on

2019-04-21 04:38:38 - [MESSAGE][PASSED] - Object: 'Object Repository/Page_ Business Gateway/a_Target Customers (2)' is clicked on

2019-04-21 04:38:38 - [TEST_STEP][PASSED] - driver = getWebDriver(): null

2019-04-21 04:38:38 - [TEST_STEP][PASSED] - Select = driver.findElements(By.xpath("//*[@id="m-datatable--27866229129"]/tbody/tr/td[2]/select/option")): null

2019-04-21 04:38:38 - [TEST_STEP][PASSED] - println(Select.size()): null

2019-04-21 04:38:38 - [TEST_STEP][PASSED] - verifyGreaterThanOrEqual(Select.size(), 3): Actual number '4' is greater than or equal to expected number '3'

2019-04-21 04:38:38 - [MESSAGE][PASSED] - Actual number '4' is greater than or equal to expected number '3']]></system-out>
         <system-err><![CDATA[]]></system-err>
      </testcase>
      <testcase name="Test Cases/KiboLite/TC11091" classname="Test Cases/KiboLite/TC11091" status="PASSED">
         <system-out><![CDATA[2019-04-21 04:38:38 - [TEST_CASE][PASSED] - Test Cases/KiboLite/TC11091: Test Cases/KiboLite/TC11091

2019-04-21 04:38:38 - [TEST_STEP][PASSED] - delay(2): Delayed 2 second(s)

2019-04-21 04:38:40 - [MESSAGE][PASSED] - Delayed 2 second(s)

2019-04-21 04:38:40 - [TEST_STEP][PASSED] - click(findTestObject("Page_KiboPush  Subscribers/span_Subscribers (5)")): Object: 'Object Repository/Page_KiboPush  Subscribers/span_Subscribers (5)' is clicked on

2019-04-21 04:38:40 - [MESSAGE][PASSED] - Object: 'Object Repository/Page_KiboPush  Subscribers/span_Subscribers (5)' is clicked on

2019-04-21 04:38:40 - [TEST_STEP][PASSED] - delay(1): Delayed 1 second(s)

2019-04-21 04:38:41 - [MESSAGE][PASSED] - Delayed 1 second(s)

2019-04-21 04:38:41 - [TEST_STEP][PASSED] - click(findTestObject("Page_ Dashboard/span_Broadcast")): Object: 'Object Repository/Page_ Dashboard/span_Broadcast' is clicked on

2019-04-21 04:38:42 - [MESSAGE][PASSED] - Object: 'Object Repository/Page_ Dashboard/span_Broadcast' is clicked on

2019-04-21 04:38:42 - [TEST_STEP][PASSED] - delay(1): Delayed 1 second(s)

2019-04-21 04:38:43 - [MESSAGE][PASSED] - Delayed 1 second(s)

2019-04-21 04:38:43 - [TEST_STEP][PASSED] - click(findTestObject("Object Repository/Page_ Business Gateway/a_Target Customers (2) (1)")): Object: 'Object Repository/Page_ Business Gateway/a_Target Customers (2) (1)' is clicked on

2019-04-21 04:38:43 - [MESSAGE][PASSED] - Object: 'Object Repository/Page_ Business Gateway/a_Target Customers (2) (1)' is clicked on

2019-04-21 04:38:43 - [TEST_STEP][PASSED] - setText(findTestObject("Object Repository/Page_ Business Gateway/input_Value_text"), "1212"): Text '1212' is set on object 'Object Repository/Page_ Business Gateway/input_Value_text'

2019-04-21 04:38:43 - [MESSAGE][PASSED] - Text '1212' is set on object 'Object Repository/Page_ Business Gateway/input_Value_text']]></system-out>
         <system-err><![CDATA[]]></system-err>
      </testcase>
      <testcase name="Test Cases/KiboLite/TC11081" classname="Test Cases/KiboLite/TC11081" status="PASSED">
         <system-out><![CDATA[2019-04-21 04:38:43 - [TEST_CASE][PASSED] - Test Cases/KiboLite/TC11081: Test Cases/KiboLite/TC11081

2019-04-21 04:38:43 - [TEST_STEP][PASSED] - callTestCase(findTestCase("KiboLite/TC11079"), [:], STOP_ON_FAILURE): Call Test Case 'Test Cases/KiboLite/TC11079' successfully

2019-04-21 04:38:43 - [TEST_CASE][PASSED] - Test Cases/KiboLite/TC11079: Test Cases/KiboLite/TC11079

2019-04-21 04:38:43 - [TEST_STEP][PASSED] - delay(2): Delayed 2 second(s)

2019-04-21 04:38:45 - [MESSAGE][PASSED] - Delayed 2 second(s)

2019-04-21 04:38:45 - [TEST_STEP][PASSED] - click(findTestObject("Page_KiboPush  Subscribers/span_Subscribers (5)")): Object: 'Object Repository/Page_KiboPush  Subscribers/span_Subscribers (5)' is clicked on

2019-04-21 04:38:46 - [MESSAGE][PASSED] - Object: 'Object Repository/Page_KiboPush  Subscribers/span_Subscribers (5)' is clicked on

2019-04-21 04:38:46 - [TEST_STEP][PASSED] - delay(1): Delayed 1 second(s)

2019-04-21 04:38:47 - [MESSAGE][PASSED] - Delayed 1 second(s)

2019-04-21 04:38:47 - [TEST_STEP][PASSED] - click(findTestObject("Page_ Dashboard/span_Broadcast")): Object: 'Object Repository/Page_ Dashboard/span_Broadcast' is clicked on

2019-04-21 04:38:47 - [MESSAGE][PASSED] - Object: 'Object Repository/Page_ Dashboard/span_Broadcast' is clicked on

2019-04-21 04:38:47 - [TEST_STEP][PASSED] - delay(1): Delayed 1 second(s)

2019-04-21 04:38:48 - [MESSAGE][PASSED] - Delayed 1 second(s)

2019-04-21 04:38:48 - [TEST_STEP][PASSED] - csv = getProjectDir() + "/sampleFile.csv": null

2019-04-21 04:38:48 - [TEST_STEP][PASSED] - uploadFile(findTestObject("Object Repository/Page_ Business Gateway/h4_sampleFilecsv"), csv): File '/home/faizan/Drive/KiboPush_Automated_Testing/KiboPush Katalon/sampleFile.csv' sent to object: 'Object Repository/Page_ Business Gateway/h4_sampleFilecsv'

2019-04-21 04:38:48 - [MESSAGE][PASSED] - File '/home/faizan/Drive/KiboPush_Automated_Testing/KiboPush Katalon/sampleFile.csv' sent to object: 'Object Repository/Page_ Business Gateway/h4_sampleFilecsv'

2019-04-21 04:38:48 - [TEST_STEP][PASSED] - delay(10): Delayed 10 second(s)

2019-04-21 04:38:58 - [MESSAGE][PASSED] - Delayed 10 second(s)

2019-04-21 04:38:58 - [MESSAGE][PASSED] - Call Test Case 'Test Cases/KiboLite/TC11079' successfully

2019-04-21 04:38:58 - [TEST_STEP][PASSED] - click(findTestObject("Object Repository/Page_ Business Gateway/input_names_names")): Object: 'Object Repository/Page_ Business Gateway/input_names_names' is clicked on

2019-04-21 04:38:58 - [MESSAGE][PASSED] - Object: 'Object Repository/Page_ Business Gateway/input_names_names' is clicked on

2019-04-21 04:38:58 - [TEST_STEP][PASSED] - click(findTestObject("Object Repository/Page_ Business Gateway/input_phone_numbers_phone_numbers")): Object: 'Object Repository/Page_ Business Gateway/input_phone_numbers_phone_numbers' is clicked on

2019-04-21 04:38:58 - [MESSAGE][PASSED] - Object: 'Object Repository/Page_ Business Gateway/input_phone_numbers_phone_numbers' is clicked on]]></system-out>
         <system-err><![CDATA[]]></system-err>
      </testcase>
      <testcase name="Test Cases/KiboLite/TC11087" classname="Test Cases/KiboLite/TC11087" status="PASSED">
         <system-out><![CDATA[2019-04-21 04:38:58 - [TEST_CASE][PASSED] - Test Cases/KiboLite/TC11087: Test Cases/KiboLite/TC11087

2019-04-21 04:38:58 - [TEST_STEP][PASSED] - delay(2): Delayed 2 second(s)

2019-04-21 04:39:00 - [MESSAGE][PASSED] - Delayed 2 second(s)

2019-04-21 04:39:00 - [TEST_STEP][PASSED] - click(findTestObject("Page_KiboPush  Subscribers/span_Subscribers (5)")): Object: 'Object Repository/Page_KiboPush  Subscribers/span_Subscribers (5)' is clicked on

2019-04-21 04:39:01 - [MESSAGE][PASSED] - Object: 'Object Repository/Page_KiboPush  Subscribers/span_Subscribers (5)' is clicked on

2019-04-21 04:39:01 - [TEST_STEP][PASSED] - delay(1): Delayed 1 second(s)

2019-04-21 04:39:02 - [MESSAGE][PASSED] - Delayed 1 second(s)

2019-04-21 04:39:02 - [TEST_STEP][PASSED] - click(findTestObject("Page_ Dashboard/span_Broadcast")): Object: 'Object Repository/Page_ Dashboard/span_Broadcast' is clicked on

2019-04-21 04:39:02 - [MESSAGE][PASSED] - Object: 'Object Repository/Page_ Dashboard/span_Broadcast' is clicked on

2019-04-21 04:39:02 - [TEST_STEP][PASSED] - delay(1): Delayed 1 second(s)

2019-04-21 04:39:03 - [MESSAGE][PASSED] - Delayed 1 second(s)

2019-04-21 04:39:03 - [TEST_STEP][PASSED] - click(findTestObject("Object Repository/Page_ Business Gateway/a_Create Push Message (1)")): Object: 'Object Repository/Page_ Business Gateway/a_Create Push Message (1)' is clicked on

2019-04-21 04:39:03 - [MESSAGE][PASSED] - Object: 'Object Repository/Page_ Business Gateway/a_Create Push Message (1)' is clicked on

2019-04-21 04:39:03 - [TEST_STEP][PASSED] - click(findTestObject("Object Repository/Page_ Business Gateway/h6_Image")): Object: 'Object Repository/Page_ Business Gateway/h6_Image' is clicked on

2019-04-21 04:39:04 - [MESSAGE][PASSED] - Object: 'Object Repository/Page_ Business Gateway/h6_Image' is clicked on

2019-04-21 04:39:04 - [TEST_STEP][PASSED] - click(findTestObject("Object Repository/Page_ Business Gateway/div_New image component added")): Object: 'Object Repository/Page_ Business Gateway/div_New image component added' is clicked on

2019-04-21 04:39:04 - [MESSAGE][PASSED] - Object: 'Object Repository/Page_ Business Gateway/div_New image component added' is clicked on

2019-04-21 04:39:04 - [TEST_STEP][PASSED] - click(findTestObject("Object Repository/Page_ Business Gateway/h6_Card")): Object: 'Object Repository/Page_ Business Gateway/h6_Card' is clicked on

2019-04-21 04:39:04 - [MESSAGE][PASSED] - Object: 'Object Repository/Page_ Business Gateway/h6_Card' is clicked on

2019-04-21 04:39:04 - [TEST_STEP][PASSED] - click(findTestObject("Object Repository/Page_ Business Gateway/div_New card component added")): Object: 'Object Repository/Page_ Business Gateway/div_New card component added' is clicked on

2019-04-21 04:39:04 - [MESSAGE][PASSED] - Object: 'Object Repository/Page_ Business Gateway/div_New card component added' is clicked on

2019-04-21 04:39:04 - [TEST_STEP][PASSED] - click(findTestObject("Object Repository/Page_ Business Gateway/h6_Gallery")): Object: 'Object Repository/Page_ Business Gateway/h6_Gallery' is clicked on

2019-04-21 04:39:05 - [MESSAGE][PASSED] - Object: 'Object Repository/Page_ Business Gateway/h6_Gallery' is clicked on

2019-04-21 04:39:05 - [TEST_STEP][PASSED] - click(findTestObject("Object Repository/Page_ Business Gateway/div_New gallery component added")): Object: 'Object Repository/Page_ Business Gateway/div_New gallery component added' is clicked on

2019-04-21 04:39:05 - [MESSAGE][PASSED] - Object: 'Object Repository/Page_ Business Gateway/div_New gallery component added' is clicked on

2019-04-21 04:39:05 - [TEST_STEP][PASSED] - click(findTestObject("Object Repository/Page_ Business Gateway/h6_Audio")): Object: 'Object Repository/Page_ Business Gateway/h6_Audio' is clicked on

2019-04-21 04:39:05 - [MESSAGE][PASSED] - Object: 'Object Repository/Page_ Business Gateway/h6_Audio' is clicked on

2019-04-21 04:39:05 - [TEST_STEP][PASSED] - click(findTestObject("Object Repository/Page_ Business Gateway/div_New audio component added")): Object: 'Object Repository/Page_ Business Gateway/div_New audio component added' is clicked on

2019-04-21 04:39:05 - [MESSAGE][PASSED] - Object: 'Object Repository/Page_ Business Gateway/div_New audio component added' is clicked on

2019-04-21 04:39:05 - [TEST_STEP][PASSED] - click(findTestObject("Object Repository/Page_ Business Gateway/h6_Video")): Object: 'Object Repository/Page_ Business Gateway/h6_Video' is clicked on

2019-04-21 04:39:05 - [MESSAGE][PASSED] - Object: 'Object Repository/Page_ Business Gateway/h6_Video' is clicked on

2019-04-21 04:39:05 - [TEST_STEP][PASSED] - click(findTestObject("Object Repository/Page_ Business Gateway/div_New video component added")): Object: 'Object Repository/Page_ Business Gateway/div_New video component added' is clicked on

2019-04-21 04:39:06 - [MESSAGE][PASSED] - Object: 'Object Repository/Page_ Business Gateway/div_New video component added' is clicked on

2019-04-21 04:39:06 - [TEST_STEP][PASSED] - click(findTestObject("Object Repository/Page_ Business Gateway/h6_File")): Object: 'Object Repository/Page_ Business Gateway/h6_File' is clicked on

2019-04-21 04:39:06 - [MESSAGE][PASSED] - Object: 'Object Repository/Page_ Business Gateway/h6_File' is clicked on

2019-04-21 04:39:06 - [TEST_STEP][PASSED] - click(findTestObject("Object Repository/Page_ Business Gateway/div_New file component added")): Object: 'Object Repository/Page_ Business Gateway/div_New file component added' is clicked on

2019-04-21 04:39:06 - [MESSAGE][PASSED] - Object: 'Object Repository/Page_ Business Gateway/div_New file component added' is clicked on

2019-04-21 04:39:06 - [TEST_STEP][PASSED] - click(findTestObject("Object Repository/Page_ Business Gateway/h6_List")): Object: 'Object Repository/Page_ Business Gateway/h6_List' is clicked on

2019-04-21 04:39:06 - [MESSAGE][PASSED] - Object: 'Object Repository/Page_ Business Gateway/h6_List' is clicked on

2019-04-21 04:39:06 - [TEST_STEP][PASSED] - click(findTestObject("Object Repository/Page_ Business Gateway/div_New list component added")): Object: 'Object Repository/Page_ Business Gateway/div_New list component added' is clicked on

2019-04-21 04:39:06 - [MESSAGE][PASSED] - Object: 'Object Repository/Page_ Business Gateway/div_New list component added' is clicked on

2019-04-21 04:39:06 - [TEST_STEP][PASSED] - click(findTestObject("Object Repository/Page_ Business Gateway/h6_Media")): Object: 'Object Repository/Page_ Business Gateway/h6_Media' is clicked on

2019-04-21 04:39:07 - [MESSAGE][PASSED] - Object: 'Object Repository/Page_ Business Gateway/h6_Media' is clicked on

2019-04-21 04:39:07 - [TEST_STEP][PASSED] - click(findTestObject("Object Repository/Page_ Business Gateway/div_New media component added")): Object: 'Object Repository/Page_ Business Gateway/div_New media component added' is clicked on

2019-04-21 04:39:07 - [MESSAGE][PASSED] - Object: 'Object Repository/Page_ Business Gateway/div_New media component added' is clicked on]]></system-out>
         <system-err><![CDATA[]]></system-err>
      </testcase>
      <testcase name="Test Cases/KiboLite/TC11085" classname="Test Cases/KiboLite/TC11085" status="PASSED">
         <system-out><![CDATA[2019-04-21 04:39:07 - [TEST_CASE][PASSED] - Test Cases/KiboLite/TC11085: Test Cases/KiboLite/TC11085

2019-04-21 04:39:07 - [TEST_STEP][PASSED] - delay(2): Delayed 2 second(s)

2019-04-21 04:39:09 - [MESSAGE][PASSED] - Delayed 2 second(s)

2019-04-21 04:39:09 - [TEST_STEP][PASSED] - click(findTestObject("Page_KiboPush  Subscribers/span_Subscribers (5)")): Object: 'Object Repository/Page_KiboPush  Subscribers/span_Subscribers (5)' is clicked on

2019-04-21 04:39:09 - [MESSAGE][PASSED] - Object: 'Object Repository/Page_KiboPush  Subscribers/span_Subscribers (5)' is clicked on

2019-04-21 04:39:09 - [TEST_STEP][PASSED] - delay(1): Delayed 1 second(s)

2019-04-21 04:39:10 - [MESSAGE][PASSED] - Delayed 1 second(s)

2019-04-21 04:39:10 - [TEST_STEP][PASSED] - click(findTestObject("Page_ Dashboard/span_Broadcast")): Object: 'Object Repository/Page_ Dashboard/span_Broadcast' is clicked on

2019-04-21 04:39:11 - [MESSAGE][PASSED] - Object: 'Object Repository/Page_ Dashboard/span_Broadcast' is clicked on

2019-04-21 04:39:11 - [TEST_STEP][PASSED] - delay(1): Delayed 1 second(s)

2019-04-21 04:39:12 - [MESSAGE][PASSED] - Delayed 1 second(s)

2019-04-21 04:39:12 - [TEST_STEP][PASSED] - click(findTestObject("Object Repository/Page_ Business Gateway/a_Create Push Message")): Object: 'Object Repository/Page_ Business Gateway/a_Create Push Message' is clicked on

2019-04-21 04:39:12 - [MESSAGE][PASSED] - Object: 'Object Repository/Page_ Business Gateway/a_Create Push Message' is clicked on

2019-04-21 04:39:12 - [TEST_STEP][PASSED] - click(findTestObject("Object Repository/Page_ Business Gateway/h3_Push Message")): Object: 'Object Repository/Page_ Business Gateway/h3_Push Message' is clicked on

2019-04-21 04:39:12 - [MESSAGE][PASSED] - Object: 'Object Repository/Page_ Business Gateway/h3_Push Message' is clicked on

2019-04-21 04:39:12 - [TEST_STEP][PASSED] - click(findTestObject("Object Repository/Page_ Business Gateway/span_Back")): Object: 'Object Repository/Page_ Business Gateway/span_Back' is clicked on

2019-04-21 04:39:12 - [MESSAGE][PASSED] - Object: 'Object Repository/Page_ Business Gateway/span_Back' is clicked on

2019-04-21 04:39:12 - [TEST_STEP][PASSED] - click(findTestObject("Object Repository/Page_ Business Gateway/label_Change Page")): Object: 'Object Repository/Page_ Business Gateway/label_Change Page' is clicked on

2019-04-21 04:39:12 - [MESSAGE][PASSED] - Object: 'Object Repository/Page_ Business Gateway/label_Change Page' is clicked on]]></system-out>
         <system-err><![CDATA[]]></system-err>
      </testcase>
      <system-out><![CDATA[2019-04-21 04:35:48 - [TEST_SUITE][PASSED] - KiboLite: Test Cases/KiboLite/TC11085]]></system-out>
      <system-err><![CDATA[]]></system-err>
   </testsuite>
</testsuites>
