<?xml version="1.0" encoding="UTF-8"?>
<testsuites name="KiboPush Broadcasts" time="1621" tests="72" failures="0" errors="0">
   <testsuite name="KiboPush Broadcasts" tests="72" failures="0" errors="0" time="1621" timestamp="2018-08-10 14:44:14" hostname="baqarjafri - 192.168.8.107" id="Test Suites/KiboPush Broadcasts">
      <properties>
         <property name="deviceName" value=""/>
         <property name="devicePlatform" value=""/>
         <property name="logFolder" value="/Users/baqarjafri/Katalon Studio/KiboPush/Reports/KiboPush Broadcasts/20180810_144402"/>
         <property name="logFiles" value="/Users/baqarjafri/Katalon Studio/KiboPush/Reports/KiboPush Broadcasts/20180810_144402/execution0.log"/>
         <property name="attachments" value=""/>
         <property name="hostName" value="baqarjafri - 192.168.8.107"/>
         <property name="os" value="Mac OS X 64bit"/>
         <property name="katalonVersion" value="5.6.0.1"/>
         <property name="browser" value="Chrome 68.0.3440.106"/>
         <property name="hostAddress" value="192.168.8.107"/>
         <property name="sessionId" value="70e7c71deb6a98955fc24cd7c1fe3527"/>
         <property name="seleniumVersion" value="3.7.1"/>
         <property name="proxyInformation" value="ProxyInformation{proxyOption=NO_PROXY, proxyServerType=HTTP, password=, proxyServerAddress=, proxyServerPort=0}"/>
         <property name="platform" value="Mac OS X"/>
      </properties>
      <testcase name="Test Cases/TC0106" classname="Test Cases/TC0106" status="PASSED">
         <system-out><![CDATA[2018-08-10 14:44:14 - [TEST_CASE][PASSED] - Test Cases/TC0106: Test Cases/TC0106

2018-08-10 14:44:15 - [TEST_STEP][PASSED] - openBrowser: Browser is opened with url: ''

2018-08-10 14:44:18 - [MESSAGE][PASSED] - Browser is opened with url: ''

2018-08-10 14:44:18 - [TEST_STEP][PASSED] - navigateToUrl: Navigate to 'https://staging.kibopush.com/' successfully

2018-08-10 14:44:27 - [MESSAGE][PASSED] - Navigate to 'https://staging.kibopush.com/' successfully

2018-08-10 14:44:27 - [TEST_STEP][PASSED] - click: Object: 'Object Repository/Page_KiboPush  Sign In/a_Login' is clicked on

2018-08-10 14:44:28 - [MESSAGE][PASSED] - Object: 'Object Repository/Page_KiboPush  Sign In/a_Login' is clicked on

2018-08-10 14:44:28 - [TEST_STEP][PASSED] - click: Object: 'Object Repository/Page_KiboPush  Sign In/button_Team Account' is clicked on

2018-08-10 14:44:28 - [MESSAGE][PASSED] - Object: 'Object Repository/Page_KiboPush  Sign In/button_Team Account' is clicked on

2018-08-10 14:44:28 - [TEST_STEP][PASSED] - setText: Text 'kibopush.com' is set on object 'Object Repository/Page_KiboPush  Sign In/input_form-control m-input'

2018-08-10 14:44:28 - [MESSAGE][PASSED] - Text 'kibopush.com' is set on object 'Object Repository/Page_KiboPush  Sign In/input_form-control m-input'

2018-08-10 14:44:28 - [TEST_STEP][PASSED] - setText: Text 'bjafri5@gmail.com' is set on object 'Object Repository/Page_KiboPush  Sign In/input_form-control m-input_1'

2018-08-10 14:44:29 - [MESSAGE][PASSED] - Text 'bjafri5@gmail.com' is set on object 'Object Repository/Page_KiboPush  Sign In/input_form-control m-input_1'

2018-08-10 14:44:29 - [TEST_STEP][PASSED] - setEncryptedText: Text ****** has been set on object 'Object Repository/Page_KiboPush  Sign In/input_form-control m-input_2'

2018-08-10 14:44:29 - [MESSAGE][PASSED] - Text ****** has been set on object 'Object Repository/Page_KiboPush  Sign In/input_form-control m-input_2'

2018-08-10 14:44:29 - [TEST_STEP][PASSED] - click: Object: 'Object Repository/Page_KiboPush  Sign In/button_Sign In' is clicked on

2018-08-10 14:44:29 - [MESSAGE][PASSED] - Object: 'Object Repository/Page_KiboPush  Sign In/button_Sign In' is clicked on

2018-08-10 14:44:29 - [TEST_STEP][PASSED] - click: Object: 'Object Repository/Page_KiboPush  Dashboard/span_Broadcasts' is clicked on

2018-08-10 14:44:31 - [MESSAGE][PASSED] - Object: 'Object Repository/Page_KiboPush  Dashboard/span_Broadcasts' is clicked on

2018-08-10 14:44:31 - [TEST_STEP][PASSED] - click: Object: 'Object Repository/Page_KiboPush  Broadcast/a_documentation' is clicked on

2018-08-10 14:44:32 - [MESSAGE][PASSED] - Object: 'Object Repository/Page_KiboPush  Broadcast/a_documentation' is clicked on

2018-08-10 14:44:32 - [TEST_STEP][PASSED] - switchToWindowTitle: Switched to window with title: 'Broadcasts - KiboPush'

2018-08-10 14:44:36 - [MESSAGE][PASSED] - Switched to window with title: 'Broadcasts - KiboPush'

2018-08-10 14:44:36 - [TEST_STEP][PASSED] - switchToWindowTitle: Switched to window with title: 'KiboPush | Broadcast'

2018-08-10 14:44:36 - [MESSAGE][PASSED] - Switched to window with title: 'KiboPush | Broadcast']]></system-out>
         <system-err><![CDATA[]]></system-err>
      </testcase>
      <testcase name="Test Cases/TC0107" classname="Test Cases/TC0107" status="PASSED">
         <system-out><![CDATA[2018-08-10 14:44:36 - [TEST_CASE][PASSED] - Test Cases/TC0107: Test Cases/TC0107

2018-08-10 14:44:37 - [TEST_STEP][PASSED] - openBrowser: Browser is opened with url: ''

2018-08-10 14:44:37 - [MESSAGE][WARNING] - A browser is already opened. Closing browser and opening a new one

2018-08-10 14:44:38 - [MESSAGE][PASSED] - Browser is opened with url: ''

2018-08-10 14:44:38 - [TEST_STEP][PASSED] - navigateToUrl: Navigate to 'https://staging.kibopush.com/' successfully

2018-08-10 14:44:56 - [MESSAGE][PASSED] - Navigate to 'https://staging.kibopush.com/' successfully

2018-08-10 14:44:56 - [TEST_STEP][PASSED] - click: Object: 'Object Repository/Page_KiboPush  Sign In/a_Login' is clicked on

2018-08-10 14:44:56 - [MESSAGE][PASSED] - Object: 'Object Repository/Page_KiboPush  Sign In/a_Login' is clicked on

2018-08-10 14:44:56 - [TEST_STEP][PASSED] - click: Object: 'Object Repository/Page_KiboPush  Sign In/button_Team Account' is clicked on

2018-08-10 14:44:56 - [MESSAGE][PASSED] - Object: 'Object Repository/Page_KiboPush  Sign In/button_Team Account' is clicked on

2018-08-10 14:44:56 - [TEST_STEP][PASSED] - setText: Text 'kibopush.com' is set on object 'Object Repository/Page_KiboPush  Sign In/input_form-control m-input'

2018-08-10 14:44:57 - [MESSAGE][PASSED] - Text 'kibopush.com' is set on object 'Object Repository/Page_KiboPush  Sign In/input_form-control m-input'

2018-08-10 14:44:57 - [TEST_STEP][PASSED] - setText: Text 'bjafri5@gmail.com' is set on object 'Object Repository/Page_KiboPush  Sign In/input_form-control m-input_1'

2018-08-10 14:44:57 - [MESSAGE][PASSED] - Text 'bjafri5@gmail.com' is set on object 'Object Repository/Page_KiboPush  Sign In/input_form-control m-input_1'

2018-08-10 14:44:57 - [TEST_STEP][PASSED] - setEncryptedText: Text ****** has been set on object 'Object Repository/Page_KiboPush  Sign In/input_form-control m-input_2'

2018-08-10 14:44:57 - [MESSAGE][PASSED] - Text ****** has been set on object 'Object Repository/Page_KiboPush  Sign In/input_form-control m-input_2'

2018-08-10 14:44:57 - [TEST_STEP][PASSED] - click: Object: 'Object Repository/Page_KiboPush  Sign In/button_Sign In' is clicked on

2018-08-10 14:44:57 - [MESSAGE][PASSED] - Object: 'Object Repository/Page_KiboPush  Sign In/button_Sign In' is clicked on

2018-08-10 14:44:57 - [TEST_STEP][PASSED] - click: Object: 'Object Repository/Page_KiboPush  Dashboard/span_Broadcasts' is clicked on

2018-08-10 14:45:02 - [MESSAGE][PASSED] - Object: 'Object Repository/Page_KiboPush  Dashboard/span_Broadcasts' is clicked on

2018-08-10 14:45:02 - [TEST_STEP][PASSED] - click: Object: 'Object Repository/Page_KiboPush  Broadcast/a_video tutorial (1)' is clicked on

2018-08-10 14:45:02 - [MESSAGE][PASSED] - Object: 'Object Repository/Page_KiboPush  Broadcast/a_video tutorial (1)' is clicked on

2018-08-10 14:45:02 - [TEST_STEP][PASSED] - delay: Delayed 5 second(s)

2018-08-10 14:45:07 - [MESSAGE][PASSED] - Delayed 5 second(s)

2018-08-10 14:45:07 - [TEST_STEP][PASSED] - click: Object: 'Object Repository/Page_KiboPush  Broadcast/a_ytp-youtube-button ytp-butto' is clicked on

2018-08-10 14:45:11 - [MESSAGE][PASSED] - Object: 'Object Repository/Page_KiboPush  Broadcast/a_ytp-youtube-button ytp-butto' is clicked on

2018-08-10 14:45:11 - [TEST_STEP][PASSED] - switchToWindowTitle: Switched to window with title: 'Broadcasts - YouTube'

2018-08-10 14:45:16 - [MESSAGE][PASSED] - Switched to window with title: 'Broadcasts - YouTube'

2018-08-10 14:45:16 - [TEST_STEP][PASSED] - click: Object: 'Object Repository/Page_Broadcasts - YouTube/yt-formatted-string_Broadcasts' is clicked on

2018-08-10 14:45:19 - [MESSAGE][PASSED] - Object: 'Object Repository/Page_Broadcasts - YouTube/yt-formatted-string_Broadcasts' is clicked on]]></system-out>
         <system-err><![CDATA[]]></system-err>
      </testcase>
      <testcase name="Test Cases/TC0108" classname="Test Cases/TC0108" status="PASSED">
         <system-out><![CDATA[2018-08-10 14:45:19 - [TEST_CASE][PASSED] - Test Cases/TC0108: Test Cases/TC0108

2018-08-10 14:45:19 - [TEST_STEP][PASSED] - openBrowser: Browser is opened with url: ''

2018-08-10 14:45:19 - [MESSAGE][WARNING] - A browser is already opened. Closing browser and opening a new one

2018-08-10 14:45:20 - [MESSAGE][PASSED] - Browser is opened with url: ''

2018-08-10 14:45:20 - [TEST_STEP][PASSED] - navigateToUrl: Navigate to 'https://staging.kibopush.com/' successfully

2018-08-10 14:45:35 - [MESSAGE][PASSED] - Navigate to 'https://staging.kibopush.com/' successfully

2018-08-10 14:45:35 - [TEST_STEP][PASSED] - click: Object: 'Object Repository/Page_KiboPush  Sign In/a_Login' is clicked on

2018-08-10 14:45:35 - [MESSAGE][PASSED] - Object: 'Object Repository/Page_KiboPush  Sign In/a_Login' is clicked on

2018-08-10 14:45:35 - [TEST_STEP][PASSED] - click: Object: 'Object Repository/Page_KiboPush  Sign In/button_Team Account' is clicked on

2018-08-10 14:45:36 - [MESSAGE][PASSED] - Object: 'Object Repository/Page_KiboPush  Sign In/button_Team Account' is clicked on

2018-08-10 14:45:36 - [TEST_STEP][PASSED] - setText: Text 'kibopush.com' is set on object 'Object Repository/Page_KiboPush  Sign In/input_form-control m-input'

2018-08-10 14:45:36 - [MESSAGE][PASSED] - Text 'kibopush.com' is set on object 'Object Repository/Page_KiboPush  Sign In/input_form-control m-input'

2018-08-10 14:45:36 - [TEST_STEP][PASSED] - setText: Text 'bjafri5@gmail.com' is set on object 'Object Repository/Page_KiboPush  Sign In/input_form-control m-input_1'

2018-08-10 14:45:37 - [MESSAGE][PASSED] - Text 'bjafri5@gmail.com' is set on object 'Object Repository/Page_KiboPush  Sign In/input_form-control m-input_1'

2018-08-10 14:45:37 - [TEST_STEP][PASSED] - setEncryptedText: Text ****** has been set on object 'Object Repository/Page_KiboPush  Sign In/input_form-control m-input_2'

2018-08-10 14:45:37 - [MESSAGE][PASSED] - Text ****** has been set on object 'Object Repository/Page_KiboPush  Sign In/input_form-control m-input_2'

2018-08-10 14:45:37 - [TEST_STEP][PASSED] - click: Object: 'Object Repository/Page_KiboPush  Sign In/button_Sign In' is clicked on

2018-08-10 14:45:38 - [MESSAGE][PASSED] - Object: 'Object Repository/Page_KiboPush  Sign In/button_Sign In' is clicked on

2018-08-10 14:45:38 - [TEST_STEP][PASSED] - click: Object: 'Object Repository/Page_KiboPush  Dashboard/span_Broadcasts' is clicked on

2018-08-10 14:45:41 - [MESSAGE][PASSED] - Object: 'Object Repository/Page_KiboPush  Dashboard/span_Broadcasts' is clicked on

2018-08-10 14:45:41 - [TEST_STEP][PASSED] - delay: Delayed 1 second(s)

2018-08-10 14:45:42 - [MESSAGE][PASSED] - Delayed 1 second(s)

2018-08-10 14:45:42 - [TEST_STEP][PASSED] - Statement - driver = com.kms.katalon.core.webui.driver.DriverFactory.getWebDriver(): null

2018-08-10 14:45:42 - [TEST_STEP][PASSED] - Statement - Table = driver.findElement(org.openqa.selenium.By.xpath("//table/tbody")): null

2018-08-10 14:45:42 - [TEST_STEP][PASSED] - Statement - rows_table = Table.findElements(org.openqa.selenium.By.tagName("tr")): null

2018-08-10 14:45:42 - [TEST_STEP][PASSED] - Statement - rows_count = rows_table.size(): null

2018-08-10 14:45:42 - [TEST_STEP][PASSED] - verifyEqual: Actual object '10' and expected object '10' are equal

2018-08-10 14:45:42 - [MESSAGE][PASSED] - Actual object '10' and expected object '10' are equal

2018-08-10 14:45:42 - [TEST_STEP][PASSED] - closeBrowser: Browser is closed

2018-08-10 14:45:42 - [MESSAGE][PASSED] - Browser is closed]]></system-out>
         <system-err><![CDATA[]]></system-err>
      </testcase>
      <testcase name="Test Cases/TC0109" classname="Test Cases/TC0109" status="PASSED">
         <system-out><![CDATA[2018-08-10 14:45:42 - [TEST_CASE][PASSED] - Test Cases/TC0109: Test Cases/TC0109

2018-08-10 14:45:42 - [TEST_STEP][PASSED] - callTestCase: Call Test Case 'Test Cases/Login' successfully

2018-08-10 14:45:43 - [TEST_CASE][PASSED] - Test Cases/Login: Test Cases/Login

2018-08-10 14:45:43 - [TEST_STEP][PASSED] - openBrowser: Browser is opened with url: ''

2018-08-10 14:45:45 - [MESSAGE][PASSED] - Browser is opened with url: ''

2018-08-10 14:45:45 - [TEST_STEP][PASSED] - navigateToUrl: Navigate to 'https://staging.kibopush.com/' successfully

2018-08-10 14:45:53 - [MESSAGE][PASSED] - Navigate to 'https://staging.kibopush.com/' successfully

2018-08-10 14:45:53 - [TEST_STEP][PASSED] - click: Object: 'Object Repository/Page_KiboPush  Sign In/a_Login' is clicked on

2018-08-10 14:45:54 - [MESSAGE][PASSED] - Object: 'Object Repository/Page_KiboPush  Sign In/a_Login' is clicked on

2018-08-10 14:45:54 - [TEST_STEP][PASSED] - click: Object: 'Object Repository/Page_KiboPush  Sign In/button_Team Account' is clicked on

2018-08-10 14:45:54 - [MESSAGE][PASSED] - Object: 'Object Repository/Page_KiboPush  Sign In/button_Team Account' is clicked on

2018-08-10 14:45:54 - [TEST_STEP][PASSED] - setText: Text 'kibopush.com' is set on object 'Object Repository/Page_KiboPush  Sign In/input_form-control m-input'

2018-08-10 14:45:54 - [MESSAGE][PASSED] - Text 'kibopush.com' is set on object 'Object Repository/Page_KiboPush  Sign In/input_form-control m-input'

2018-08-10 14:45:54 - [TEST_STEP][PASSED] - setText: Text 'bjafri5@gmail.com' is set on object 'Object Repository/Page_KiboPush  Sign In/input_form-control m-input_1'

2018-08-10 14:45:55 - [MESSAGE][PASSED] - Text 'bjafri5@gmail.com' is set on object 'Object Repository/Page_KiboPush  Sign In/input_form-control m-input_1'

2018-08-10 14:45:55 - [TEST_STEP][PASSED] - setEncryptedText: Text ****** has been set on object 'Object Repository/Page_KiboPush  Sign In/input_form-control m-input_2'

2018-08-10 14:45:55 - [MESSAGE][PASSED] - Text ****** has been set on object 'Object Repository/Page_KiboPush  Sign In/input_form-control m-input_2'

2018-08-10 14:45:55 - [TEST_STEP][PASSED] - click: Object: 'Object Repository/Page_KiboPush  Sign In/button_Sign In' is clicked on

2018-08-10 14:45:55 - [MESSAGE][PASSED] - Object: 'Object Repository/Page_KiboPush  Sign In/button_Sign In' is clicked on

2018-08-10 14:45:55 - [MESSAGE][PASSED] - Call Test Case 'Test Cases/Login' successfully

2018-08-10 14:45:55 - [TEST_STEP][PASSED] - click: Object: 'Object Repository/Page_KiboPush  Dashboard/span_Broadcasts' is clicked on

2018-08-10 14:45:59 - [MESSAGE][PASSED] - Object: 'Object Repository/Page_KiboPush  Dashboard/span_Broadcasts' is clicked on

2018-08-10 14:45:59 - [TEST_STEP][PASSED] - setText: Text 'TitleX' is set on object 'Object Repository/Page_KiboPush  Broadcast/input_form-control'

2018-08-10 14:45:59 - [MESSAGE][PASSED] - Text 'TitleX' is set on object 'Object Repository/Page_KiboPush  Broadcast/input_form-control'

2018-08-10 14:45:59 - [TEST_STEP][PASSED] - click: Object: 'Object Repository/Page_KiboPush  Broadcast/span_TitleX' is clicked on

2018-08-10 14:45:59 - [MESSAGE][PASSED] - Object: 'Object Repository/Page_KiboPush  Broadcast/span_TitleX' is clicked on]]></system-out>
         <system-err><![CDATA[]]></system-err>
      </testcase>
      <testcase name="Test Cases/TC0110" classname="Test Cases/TC0110" status="PASSED">
         <system-out><![CDATA[2018-08-10 14:45:59 - [TEST_CASE][PASSED] - Test Cases/TC0110: Test Cases/TC0110

2018-08-10 14:46:00 - [TEST_STEP][PASSED] - openBrowser: Browser is opened with url: ''

2018-08-10 14:46:00 - [MESSAGE][WARNING] - A browser is already opened. Closing browser and opening a new one

2018-08-10 14:46:02 - [MESSAGE][PASSED] - Browser is opened with url: ''

2018-08-10 14:46:02 - [TEST_STEP][PASSED] - navigateToUrl: Navigate to 'https://staging.kibopush.com/' successfully

2018-08-10 14:46:12 - [MESSAGE][PASSED] - Navigate to 'https://staging.kibopush.com/' successfully

2018-08-10 14:46:12 - [TEST_STEP][PASSED] - click: Object: 'Object Repository/Page_KiboPush  Sign In/a_Login' is clicked on

2018-08-10 14:46:12 - [MESSAGE][PASSED] - Object: 'Object Repository/Page_KiboPush  Sign In/a_Login' is clicked on

2018-08-10 14:46:12 - [TEST_STEP][PASSED] - click: Object: 'Object Repository/Page_KiboPush  Sign In/button_Team Account' is clicked on

2018-08-10 14:46:12 - [MESSAGE][PASSED] - Object: 'Object Repository/Page_KiboPush  Sign In/button_Team Account' is clicked on

2018-08-10 14:46:12 - [TEST_STEP][PASSED] - setText: Text 'kibopush.com' is set on object 'Object Repository/Page_KiboPush  Sign In/input_form-control m-input'

2018-08-10 14:46:13 - [MESSAGE][PASSED] - Text 'kibopush.com' is set on object 'Object Repository/Page_KiboPush  Sign In/input_form-control m-input'

2018-08-10 14:46:13 - [TEST_STEP][PASSED] - setText: Text 'bjafri5@gmail.com' is set on object 'Object Repository/Page_KiboPush  Sign In/input_form-control m-input_1'

2018-08-10 14:46:13 - [MESSAGE][PASSED] - Text 'bjafri5@gmail.com' is set on object 'Object Repository/Page_KiboPush  Sign In/input_form-control m-input_1'

2018-08-10 14:46:13 - [TEST_STEP][PASSED] - setEncryptedText: Text ****** has been set on object 'Object Repository/Page_KiboPush  Sign In/input_form-control m-input_2'

2018-08-10 14:46:13 - [MESSAGE][PASSED] - Text ****** has been set on object 'Object Repository/Page_KiboPush  Sign In/input_form-control m-input_2'

2018-08-10 14:46:13 - [TEST_STEP][PASSED] - click: Object: 'Object Repository/Page_KiboPush  Sign In/button_Sign In' is clicked on

2018-08-10 14:46:13 - [MESSAGE][PASSED] - Object: 'Object Repository/Page_KiboPush  Sign In/button_Sign In' is clicked on

2018-08-10 14:46:13 - [TEST_STEP][PASSED] - click: Object: 'Object Repository/Page_KiboPush  Dashboard/span_Broadcasts' is clicked on

2018-08-10 14:46:15 - [MESSAGE][PASSED] - Object: 'Object Repository/Page_KiboPush  Dashboard/span_Broadcasts' is clicked on

2018-08-10 14:46:15 - [TEST_STEP][PASSED] - selectOptionByValue: All options with value 'image' are selected in object 'Object Repository/Page_KiboPush  Broadcast/select_Filter by type...textim'  using regular expression

2018-08-10 14:46:15 - [MESSAGE][PASSED] - All options with value 'image' are selected in object 'Object Repository/Page_KiboPush  Broadcast/select_Filter by type...textim'  using regular expression

2018-08-10 14:46:15 - [TEST_STEP][PASSED] - delay: Delayed 1 second(s)

2018-08-10 14:46:16 - [MESSAGE][PASSED] - Delayed 1 second(s)

2018-08-10 14:46:16 - [TEST_STEP][PASSED] - click: Object: 'Object Repository/Page_KiboPush  Broadcast/span_image' is clicked on

2018-08-10 14:46:16 - [MESSAGE][PASSED] - Object: 'Object Repository/Page_KiboPush  Broadcast/span_image' is clicked on]]></system-out>
         <system-err><![CDATA[]]></system-err>
      </testcase>
      <testcase name="Test Cases/TC0111" classname="Test Cases/TC0111" status="PASSED">
         <system-out><![CDATA[2018-08-10 14:46:16 - [TEST_CASE][PASSED] - Test Cases/TC0111: Test Cases/TC0111

2018-08-10 14:46:17 - [TEST_STEP][PASSED] - openBrowser: Browser is opened with url: ''

2018-08-10 14:46:17 - [MESSAGE][WARNING] - A browser is already opened. Closing browser and opening a new one

2018-08-10 14:46:18 - [MESSAGE][PASSED] - Browser is opened with url: ''

2018-08-10 14:46:18 - [TEST_STEP][PASSED] - navigateToUrl: Navigate to 'https://staging.kibopush.com/' successfully

2018-08-10 14:46:27 - [MESSAGE][PASSED] - Navigate to 'https://staging.kibopush.com/' successfully

2018-08-10 14:46:28 - [TEST_STEP][PASSED] - click: Object: 'Object Repository/Page_KiboPush  Sign In/a_Login' is clicked on

2018-08-10 14:46:28 - [MESSAGE][PASSED] - Object: 'Object Repository/Page_KiboPush  Sign In/a_Login' is clicked on

2018-08-10 14:46:28 - [TEST_STEP][PASSED] - click: Object: 'Object Repository/Page_KiboPush  Sign In/button_Team Account' is clicked on

2018-08-10 14:46:28 - [MESSAGE][PASSED] - Object: 'Object Repository/Page_KiboPush  Sign In/button_Team Account' is clicked on

2018-08-10 14:46:28 - [TEST_STEP][PASSED] - setText: Text 'kibopush.com' is set on object 'Object Repository/Page_KiboPush  Sign In/input_form-control m-input'

2018-08-10 14:46:29 - [MESSAGE][PASSED] - Text 'kibopush.com' is set on object 'Object Repository/Page_KiboPush  Sign In/input_form-control m-input'

2018-08-10 14:46:29 - [TEST_STEP][PASSED] - setText: Text 'bjafri5@gmail.com' is set on object 'Object Repository/Page_KiboPush  Sign In/input_form-control m-input_1'

2018-08-10 14:46:29 - [MESSAGE][PASSED] - Text 'bjafri5@gmail.com' is set on object 'Object Repository/Page_KiboPush  Sign In/input_form-control m-input_1'

2018-08-10 14:46:29 - [TEST_STEP][PASSED] - setEncryptedText: Text ****** has been set on object 'Object Repository/Page_KiboPush  Sign In/input_form-control m-input_2'

2018-08-10 14:46:29 - [MESSAGE][PASSED] - Text ****** has been set on object 'Object Repository/Page_KiboPush  Sign In/input_form-control m-input_2'

2018-08-10 14:46:29 - [TEST_STEP][PASSED] - click: Object: 'Object Repository/Page_KiboPush  Sign In/button_Sign In' is clicked on

2018-08-10 14:46:29 - [MESSAGE][PASSED] - Object: 'Object Repository/Page_KiboPush  Sign In/button_Sign In' is clicked on

2018-08-10 14:46:29 - [TEST_STEP][PASSED] - click: Object: 'Object Repository/Page_KiboPush  Dashboard/span_Broadcasts' is clicked on

2018-08-10 14:46:32 - [MESSAGE][PASSED] - Object: 'Object Repository/Page_KiboPush  Dashboard/span_Broadcasts' is clicked on

2018-08-10 14:46:32 - [TEST_STEP][PASSED] - selectOptionByValue: All options with value 'text' are selected in object 'Object Repository/Page_KiboPush  Broadcast/select_Filter by type...textim'  using regular expression

2018-08-10 14:46:33 - [MESSAGE][PASSED] - All options with value 'text' are selected in object 'Object Repository/Page_KiboPush  Broadcast/select_Filter by type...textim'  using regular expression

2018-08-10 14:46:33 - [TEST_STEP][PASSED] - click: Object: 'Object Repository/Page_KiboPush  Broadcast/span_text' is clicked on

2018-08-10 14:46:33 - [MESSAGE][PASSED] - Object: 'Object Repository/Page_KiboPush  Broadcast/span_text' is clicked on]]></system-out>
         <system-err><![CDATA[]]></system-err>
      </testcase>
      <testcase name="Test Cases/TC0112" classname="Test Cases/TC0112" status="PASSED">
         <system-out><![CDATA[2018-08-10 14:46:33 - [TEST_CASE][PASSED] - Test Cases/TC0112: Test Cases/TC0112

2018-08-10 14:46:33 - [TEST_STEP][PASSED] - openBrowser: Browser is opened with url: ''

2018-08-10 14:46:33 - [MESSAGE][WARNING] - A browser is already opened. Closing browser and opening a new one

2018-08-10 14:46:35 - [MESSAGE][PASSED] - Browser is opened with url: ''

2018-08-10 14:46:35 - [TEST_STEP][PASSED] - navigateToUrl: Navigate to 'https://staging.kibopush.com/' successfully

2018-08-10 14:46:46 - [MESSAGE][PASSED] - Navigate to 'https://staging.kibopush.com/' successfully

2018-08-10 14:46:46 - [TEST_STEP][PASSED] - click: Object: 'Object Repository/Page_KiboPush  Sign In/a_Login' is clicked on

2018-08-10 14:46:46 - [MESSAGE][PASSED] - Object: 'Object Repository/Page_KiboPush  Sign In/a_Login' is clicked on

2018-08-10 14:46:46 - [TEST_STEP][PASSED] - click: Object: 'Object Repository/Page_KiboPush  Sign In/button_Team Account' is clicked on

2018-08-10 14:46:46 - [MESSAGE][PASSED] - Object: 'Object Repository/Page_KiboPush  Sign In/button_Team Account' is clicked on

2018-08-10 14:46:46 - [TEST_STEP][PASSED] - setText: Text 'kibopush.com' is set on object 'Object Repository/Page_KiboPush  Sign In/input_form-control m-input'

2018-08-10 14:46:47 - [MESSAGE][PASSED] - Text 'kibopush.com' is set on object 'Object Repository/Page_KiboPush  Sign In/input_form-control m-input'

2018-08-10 14:46:47 - [TEST_STEP][PASSED] - setText: Text 'bjafri5@gmail.com' is set on object 'Object Repository/Page_KiboPush  Sign In/input_form-control m-input_1'

2018-08-10 14:46:47 - [MESSAGE][PASSED] - Text 'bjafri5@gmail.com' is set on object 'Object Repository/Page_KiboPush  Sign In/input_form-control m-input_1'

2018-08-10 14:46:47 - [TEST_STEP][PASSED] - setEncryptedText: Text ****** has been set on object 'Object Repository/Page_KiboPush  Sign In/input_form-control m-input_2'

2018-08-10 14:46:48 - [MESSAGE][PASSED] - Text ****** has been set on object 'Object Repository/Page_KiboPush  Sign In/input_form-control m-input_2'

2018-08-10 14:46:48 - [TEST_STEP][PASSED] - click: Object: 'Object Repository/Page_KiboPush  Sign In/button_Sign In' is clicked on

2018-08-10 14:46:48 - [MESSAGE][PASSED] - Object: 'Object Repository/Page_KiboPush  Sign In/button_Sign In' is clicked on

2018-08-10 14:46:48 - [TEST_STEP][PASSED] - click: Object: 'Object Repository/Page_KiboPush  Dashboard/span_Broadcasts' is clicked on

2018-08-10 14:46:51 - [MESSAGE][PASSED] - Object: 'Object Repository/Page_KiboPush  Dashboard/span_Broadcasts' is clicked on

2018-08-10 14:46:51 - [TEST_STEP][PASSED] - selectOptionByValue: All options with value 'card' are selected in object 'Object Repository/Page_KiboPush  Broadcast/select_Filter by type...textim'  using regular expression

2018-08-10 14:46:52 - [MESSAGE][PASSED] - All options with value 'card' are selected in object 'Object Repository/Page_KiboPush  Broadcast/select_Filter by type...textim'  using regular expression

2018-08-10 14:46:52 - [TEST_STEP][PASSED] - delay: Delayed 1 second(s)

2018-08-10 14:46:53 - [MESSAGE][PASSED] - Delayed 1 second(s)

2018-08-10 14:46:53 - [TEST_STEP][PASSED] - click: Object: 'Object Repository/Page_KiboPush  Broadcast/span_card' is clicked on

2018-08-10 14:46:53 - [MESSAGE][PASSED] - Object: 'Object Repository/Page_KiboPush  Broadcast/span_card' is clicked on]]></system-out>
         <system-err><![CDATA[]]></system-err>
      </testcase>
      <testcase name="Test Cases/TC0113" classname="Test Cases/TC0113" status="PASSED">
         <system-out><![CDATA[2018-08-10 14:46:53 - [TEST_CASE][PASSED] - Test Cases/TC0113: Test Cases/TC0113

2018-08-10 14:46:53 - [TEST_STEP][PASSED] - openBrowser: Browser is opened with url: ''

2018-08-10 14:46:53 - [MESSAGE][WARNING] - A browser is already opened. Closing browser and opening a new one

2018-08-10 14:46:55 - [MESSAGE][PASSED] - Browser is opened with url: ''

2018-08-10 14:46:55 - [TEST_STEP][PASSED] - navigateToUrl: Navigate to 'https://staging.kibopush.com/' successfully

2018-08-10 14:47:04 - [MESSAGE][PASSED] - Navigate to 'https://staging.kibopush.com/' successfully

2018-08-10 14:47:04 - [TEST_STEP][PASSED] - click: Object: 'Object Repository/Page_KiboPush  Sign In/a_Login' is clicked on

2018-08-10 14:47:05 - [MESSAGE][PASSED] - Object: 'Object Repository/Page_KiboPush  Sign In/a_Login' is clicked on

2018-08-10 14:47:05 - [TEST_STEP][PASSED] - click: Object: 'Object Repository/Page_KiboPush  Sign In/button_Team Account' is clicked on

2018-08-10 14:47:05 - [MESSAGE][PASSED] - Object: 'Object Repository/Page_KiboPush  Sign In/button_Team Account' is clicked on

2018-08-10 14:47:05 - [TEST_STEP][PASSED] - setText: Text 'kibopush.com' is set on object 'Object Repository/Page_KiboPush  Sign In/input_form-control m-input'

2018-08-10 14:47:06 - [MESSAGE][PASSED] - Text 'kibopush.com' is set on object 'Object Repository/Page_KiboPush  Sign In/input_form-control m-input'

2018-08-10 14:47:06 - [TEST_STEP][PASSED] - setText: Text 'bjafri5@gmail.com' is set on object 'Object Repository/Page_KiboPush  Sign In/input_form-control m-input_1'

2018-08-10 14:47:06 - [MESSAGE][PASSED] - Text 'bjafri5@gmail.com' is set on object 'Object Repository/Page_KiboPush  Sign In/input_form-control m-input_1'

2018-08-10 14:47:06 - [TEST_STEP][PASSED] - setEncryptedText: Text ****** has been set on object 'Object Repository/Page_KiboPush  Sign In/input_form-control m-input_2'

2018-08-10 14:47:06 - [MESSAGE][PASSED] - Text ****** has been set on object 'Object Repository/Page_KiboPush  Sign In/input_form-control m-input_2'

2018-08-10 14:47:06 - [TEST_STEP][PASSED] - click: Object: 'Object Repository/Page_KiboPush  Sign In/button_Sign In' is clicked on

2018-08-10 14:47:07 - [MESSAGE][PASSED] - Object: 'Object Repository/Page_KiboPush  Sign In/button_Sign In' is clicked on

2018-08-10 14:47:07 - [TEST_STEP][PASSED] - click: Object: 'Object Repository/Page_KiboPush  Dashboard/span_Broadcasts' is clicked on

2018-08-10 14:47:10 - [MESSAGE][PASSED] - Object: 'Object Repository/Page_KiboPush  Dashboard/span_Broadcasts' is clicked on

2018-08-10 14:47:10 - [TEST_STEP][PASSED] - selectOptionByValue: All options with value 'gallery' are selected in object 'Object Repository/Page_KiboPush  Broadcast/select_Filter by type...textim (4)'  using regular expression

2018-08-10 14:47:11 - [MESSAGE][PASSED] - All options with value 'gallery' are selected in object 'Object Repository/Page_KiboPush  Broadcast/select_Filter by type...textim (4)'  using regular expression

2018-08-10 14:47:11 - [TEST_STEP][PASSED] - click: Object: 'Object Repository/Page_KiboPush  Broadcast/span_gallery' is clicked on

2018-08-10 14:47:11 - [MESSAGE][PASSED] - Object: 'Object Repository/Page_KiboPush  Broadcast/span_gallery' is clicked on

2018-08-10 14:47:11 - [TEST_STEP][PASSED] - closeBrowser: Browser is closed

2018-08-10 14:47:11 - [MESSAGE][PASSED] - Browser is closed]]></system-out>
         <system-err><![CDATA[]]></system-err>
      </testcase>
      <testcase name="Test Cases/TC0114" classname="Test Cases/TC0114" status="PASSED">
         <system-out><![CDATA[2018-08-10 14:47:11 - [TEST_CASE][PASSED] - Test Cases/TC0114: Test Cases/TC0114

2018-08-10 14:47:11 - [TEST_STEP][PASSED] - callTestCase: Call Test Case 'Test Cases/Login' successfully

2018-08-10 14:47:11 - [TEST_CASE][PASSED] - Test Cases/Login: Test Cases/Login

2018-08-10 14:47:12 - [TEST_STEP][PASSED] - openBrowser: Browser is opened with url: ''

2018-08-10 14:47:13 - [MESSAGE][PASSED] - Browser is opened with url: ''

2018-08-10 14:47:13 - [TEST_STEP][PASSED] - navigateToUrl: Navigate to 'https://staging.kibopush.com/' successfully

2018-08-10 14:47:22 - [MESSAGE][PASSED] - Navigate to 'https://staging.kibopush.com/' successfully

2018-08-10 14:47:22 - [TEST_STEP][PASSED] - click: Object: 'Object Repository/Page_KiboPush  Sign In/a_Login' is clicked on

2018-08-10 14:47:22 - [MESSAGE][PASSED] - Object: 'Object Repository/Page_KiboPush  Sign In/a_Login' is clicked on

2018-08-10 14:47:22 - [TEST_STEP][PASSED] - click: Object: 'Object Repository/Page_KiboPush  Sign In/button_Team Account' is clicked on

2018-08-10 14:47:22 - [MESSAGE][PASSED] - Object: 'Object Repository/Page_KiboPush  Sign In/button_Team Account' is clicked on

2018-08-10 14:47:22 - [TEST_STEP][PASSED] - setText: Text 'kibopush.com' is set on object 'Object Repository/Page_KiboPush  Sign In/input_form-control m-input'

2018-08-10 14:47:22 - [MESSAGE][PASSED] - Text 'kibopush.com' is set on object 'Object Repository/Page_KiboPush  Sign In/input_form-control m-input'

2018-08-10 14:47:22 - [TEST_STEP][PASSED] - setText: Text 'bjafri5@gmail.com' is set on object 'Object Repository/Page_KiboPush  Sign In/input_form-control m-input_1'

2018-08-10 14:47:23 - [MESSAGE][PASSED] - Text 'bjafri5@gmail.com' is set on object 'Object Repository/Page_KiboPush  Sign In/input_form-control m-input_1'

2018-08-10 14:47:23 - [TEST_STEP][PASSED] - setEncryptedText: Text ****** has been set on object 'Object Repository/Page_KiboPush  Sign In/input_form-control m-input_2'

2018-08-10 14:47:23 - [MESSAGE][PASSED] - Text ****** has been set on object 'Object Repository/Page_KiboPush  Sign In/input_form-control m-input_2'

2018-08-10 14:47:23 - [TEST_STEP][PASSED] - click: Object: 'Object Repository/Page_KiboPush  Sign In/button_Sign In' is clicked on

2018-08-10 14:47:23 - [MESSAGE][PASSED] - Object: 'Object Repository/Page_KiboPush  Sign In/button_Sign In' is clicked on

2018-08-10 14:47:23 - [MESSAGE][PASSED] - Call Test Case 'Test Cases/Login' successfully

2018-08-10 14:47:23 - [TEST_STEP][PASSED] - click: Object: 'Object Repository/Page_KiboPush  Dashboard/span_Broadcasts' is clicked on

2018-08-10 14:47:25 - [MESSAGE][PASSED] - Object: 'Object Repository/Page_KiboPush  Dashboard/span_Broadcasts' is clicked on

2018-08-10 14:47:25 - [TEST_STEP][PASSED] - selectOptionByValue: All options with value 'audio' are selected in object 'Object Repository/Page_KiboPush  Broadcast/select_Filter by type...textim'  using regular expression

2018-08-10 14:47:26 - [MESSAGE][PASSED] - All options with value 'audio' are selected in object 'Object Repository/Page_KiboPush  Broadcast/select_Filter by type...textim'  using regular expression

2018-08-10 14:47:26 - [TEST_STEP][PASSED] - click: Object: 'Object Repository/Page_KiboPush  Broadcast/span_audio' is clicked on

2018-08-10 14:47:27 - [MESSAGE][PASSED] - Object: 'Object Repository/Page_KiboPush  Broadcast/span_audio' is clicked on]]></system-out>
         <system-err><![CDATA[]]></system-err>
      </testcase>
      <testcase name="Test Cases/TC0115" classname="Test Cases/TC0115" status="PASSED">
         <system-out><![CDATA[2018-08-10 14:47:27 - [TEST_CASE][PASSED] - Test Cases/TC0115: Test Cases/TC0115

2018-08-10 14:47:27 - [TEST_STEP][PASSED] - callTestCase: Call Test Case 'Test Cases/Login' successfully

2018-08-10 14:47:27 - [TEST_CASE][PASSED] - Test Cases/Login: Test Cases/Login

2018-08-10 14:47:27 - [TEST_STEP][PASSED] - openBrowser: Browser is opened with url: ''

2018-08-10 14:47:27 - [MESSAGE][WARNING] - A browser is already opened. Closing browser and opening a new one

2018-08-10 14:47:28 - [MESSAGE][PASSED] - Browser is opened with url: ''

2018-08-10 14:47:28 - [TEST_STEP][PASSED] - navigateToUrl: Navigate to 'https://staging.kibopush.com/' successfully

2018-08-10 14:47:41 - [MESSAGE][PASSED] - Navigate to 'https://staging.kibopush.com/' successfully

2018-08-10 14:47:41 - [TEST_STEP][PASSED] - click: Object: 'Object Repository/Page_KiboPush  Sign In/a_Login' is clicked on

2018-08-10 14:47:41 - [MESSAGE][PASSED] - Object: 'Object Repository/Page_KiboPush  Sign In/a_Login' is clicked on

2018-08-10 14:47:41 - [TEST_STEP][PASSED] - click: Object: 'Object Repository/Page_KiboPush  Sign In/button_Team Account' is clicked on

2018-08-10 14:47:41 - [MESSAGE][PASSED] - Object: 'Object Repository/Page_KiboPush  Sign In/button_Team Account' is clicked on

2018-08-10 14:47:41 - [TEST_STEP][PASSED] - setText: Text 'kibopush.com' is set on object 'Object Repository/Page_KiboPush  Sign In/input_form-control m-input'

2018-08-10 14:47:42 - [MESSAGE][PASSED] - Text 'kibopush.com' is set on object 'Object Repository/Page_KiboPush  Sign In/input_form-control m-input'

2018-08-10 14:47:42 - [TEST_STEP][PASSED] - setText: Text 'bjafri5@gmail.com' is set on object 'Object Repository/Page_KiboPush  Sign In/input_form-control m-input_1'

2018-08-10 14:47:42 - [MESSAGE][PASSED] - Text 'bjafri5@gmail.com' is set on object 'Object Repository/Page_KiboPush  Sign In/input_form-control m-input_1'

2018-08-10 14:47:42 - [TEST_STEP][PASSED] - setEncryptedText: Text ****** has been set on object 'Object Repository/Page_KiboPush  Sign In/input_form-control m-input_2'

2018-08-10 14:47:42 - [MESSAGE][PASSED] - Text ****** has been set on object 'Object Repository/Page_KiboPush  Sign In/input_form-control m-input_2'

2018-08-10 14:47:42 - [TEST_STEP][PASSED] - click: Object: 'Object Repository/Page_KiboPush  Sign In/button_Sign In' is clicked on

2018-08-10 14:47:42 - [MESSAGE][PASSED] - Object: 'Object Repository/Page_KiboPush  Sign In/button_Sign In' is clicked on

2018-08-10 14:47:42 - [MESSAGE][PASSED] - Call Test Case 'Test Cases/Login' successfully

2018-08-10 14:47:42 - [TEST_STEP][PASSED] - click: Object: 'Object Repository/Page_KiboPush  Dashboard/span_Broadcasts' is clicked on

2018-08-10 14:47:45 - [MESSAGE][PASSED] - Object: 'Object Repository/Page_KiboPush  Dashboard/span_Broadcasts' is clicked on

2018-08-10 14:47:45 - [TEST_STEP][PASSED] - selectOptionByValue: All options with value 'video' are selected in object 'Object Repository/Page_KiboPush  Broadcast/select_Filter by type...textim (1)'  using regular expression

2018-08-10 14:47:45 - [MESSAGE][PASSED] - All options with value 'video' are selected in object 'Object Repository/Page_KiboPush  Broadcast/select_Filter by type...textim (1)'  using regular expression

2018-08-10 14:47:45 - [TEST_STEP][PASSED] - click: Object: 'Object Repository/Page_KiboPush  Broadcast/span_video' is clicked on

2018-08-10 14:47:46 - [MESSAGE][PASSED] - Object: 'Object Repository/Page_KiboPush  Broadcast/span_video' is clicked on]]></system-out>
         <system-err><![CDATA[]]></system-err>
      </testcase>
      <testcase name="Test Cases/TC0119" classname="Test Cases/TC0119" status="PASSED">
         <system-out><![CDATA[2018-08-10 14:47:46 - [TEST_CASE][PASSED] - Test Cases/TC0119: Test Cases/TC0119

2018-08-10 14:47:46 - [TEST_STEP][PASSED] - openBrowser: Browser is opened with url: ''

2018-08-10 14:47:46 - [MESSAGE][WARNING] - A browser is already opened. Closing browser and opening a new one

2018-08-10 14:47:48 - [MESSAGE][PASSED] - Browser is opened with url: ''

2018-08-10 14:47:48 - [TEST_STEP][PASSED] - navigateToUrl: Navigate to 'https://staging.kibopush.com/' successfully

2018-08-10 14:48:01 - [MESSAGE][PASSED] - Navigate to 'https://staging.kibopush.com/' successfully

2018-08-10 14:48:01 - [TEST_STEP][PASSED] - click: Object: 'Object Repository/Page_KiboPush  Sign In/a_Login' is clicked on

2018-08-10 14:48:01 - [MESSAGE][PASSED] - Object: 'Object Repository/Page_KiboPush  Sign In/a_Login' is clicked on

2018-08-10 14:48:01 - [TEST_STEP][PASSED] - click: Object: 'Object Repository/Page_KiboPush  Sign In/button_Team Account' is clicked on

2018-08-10 14:48:01 - [MESSAGE][PASSED] - Object: 'Object Repository/Page_KiboPush  Sign In/button_Team Account' is clicked on

2018-08-10 14:48:01 - [TEST_STEP][PASSED] - setText: Text 'kibopush.com' is set on object 'Object Repository/Page_KiboPush  Sign In/input_form-control m-input'

2018-08-10 14:48:02 - [MESSAGE][PASSED] - Text 'kibopush.com' is set on object 'Object Repository/Page_KiboPush  Sign In/input_form-control m-input'

2018-08-10 14:48:02 - [TEST_STEP][PASSED] - setText: Text 'bjafri5@gmail.com' is set on object 'Object Repository/Page_KiboPush  Sign In/input_form-control m-input_1'

2018-08-10 14:48:03 - [MESSAGE][PASSED] - Text 'bjafri5@gmail.com' is set on object 'Object Repository/Page_KiboPush  Sign In/input_form-control m-input_1'

2018-08-10 14:48:03 - [TEST_STEP][PASSED] - setEncryptedText: Text ****** has been set on object 'Object Repository/Page_KiboPush  Sign In/input_form-control m-input_2'

2018-08-10 14:48:03 - [MESSAGE][PASSED] - Text ****** has been set on object 'Object Repository/Page_KiboPush  Sign In/input_form-control m-input_2'

2018-08-10 14:48:03 - [TEST_STEP][PASSED] - click: Object: 'Object Repository/Page_KiboPush  Sign In/button_Sign In' is clicked on

2018-08-10 14:48:03 - [MESSAGE][PASSED] - Object: 'Object Repository/Page_KiboPush  Sign In/button_Sign In' is clicked on

2018-08-10 14:48:03 - [TEST_STEP][PASSED] - click: Object: 'Object Repository/Page_KiboPush  Dashboard/span_Broadcasts' is clicked on

2018-08-10 14:48:05 - [MESSAGE][PASSED] - Object: 'Object Repository/Page_KiboPush  Dashboard/span_Broadcasts' is clicked on

2018-08-10 14:48:05 - [TEST_STEP][PASSED] - selectOptionByValue: All options with value 'miscellaneous' are selected in object 'Object Repository/Page_KiboPush  Broadcast/select_Filter by type...textim'  using regular expression

2018-08-10 14:48:06 - [MESSAGE][PASSED] - All options with value 'miscellaneous' are selected in object 'Object Repository/Page_KiboPush  Broadcast/select_Filter by type...textim'  using regular expression

2018-08-10 14:48:06 - [TEST_STEP][PASSED] - click: Object: 'Object Repository/Page_KiboPush  Broadcast/span_Miscellaneous' is clicked on

2018-08-10 14:48:07 - [MESSAGE][PASSED] - Object: 'Object Repository/Page_KiboPush  Broadcast/span_Miscellaneous' is clicked on]]></system-out>
         <system-err><![CDATA[]]></system-err>
      </testcase>
      <testcase name="Test Cases/TC0120" classname="Test Cases/TC0120" status="PASSED">
         <system-out><![CDATA[2018-08-10 14:48:07 - [TEST_CASE][PASSED] - Test Cases/TC0120: Test Cases/TC0120

2018-08-10 14:48:07 - [TEST_STEP][PASSED] - openBrowser: Browser is opened with url: ''

2018-08-10 14:48:07 - [MESSAGE][WARNING] - A browser is already opened. Closing browser and opening a new one

2018-08-10 14:48:08 - [MESSAGE][PASSED] - Browser is opened with url: ''

2018-08-10 14:48:08 - [TEST_STEP][PASSED] - navigateToUrl: Navigate to 'https://staging.kibopush.com/' successfully

2018-08-10 14:48:16 - [MESSAGE][PASSED] - Navigate to 'https://staging.kibopush.com/' successfully

2018-08-10 14:48:16 - [TEST_STEP][PASSED] - click: Object: 'Object Repository/Page_KiboPush  Sign In/a_Login' is clicked on

2018-08-10 14:48:17 - [MESSAGE][PASSED] - Object: 'Object Repository/Page_KiboPush  Sign In/a_Login' is clicked on

2018-08-10 14:48:17 - [TEST_STEP][PASSED] - click: Object: 'Object Repository/Page_KiboPush  Sign In/button_Team Account' is clicked on

2018-08-10 14:48:17 - [MESSAGE][PASSED] - Object: 'Object Repository/Page_KiboPush  Sign In/button_Team Account' is clicked on

2018-08-10 14:48:17 - [TEST_STEP][PASSED] - setText: Text 'kibopush.com' is set on object 'Object Repository/Page_KiboPush  Sign In/input_form-control m-input'

2018-08-10 14:48:17 - [MESSAGE][PASSED] - Text 'kibopush.com' is set on object 'Object Repository/Page_KiboPush  Sign In/input_form-control m-input'

2018-08-10 14:48:17 - [TEST_STEP][PASSED] - setText: Text 'bjafri5@gmail.com' is set on object 'Object Repository/Page_KiboPush  Sign In/input_form-control m-input_1'

2018-08-10 14:48:18 - [MESSAGE][PASSED] - Text 'bjafri5@gmail.com' is set on object 'Object Repository/Page_KiboPush  Sign In/input_form-control m-input_1'

2018-08-10 14:48:18 - [TEST_STEP][PASSED] - setEncryptedText: Text ****** has been set on object 'Object Repository/Page_KiboPush  Sign In/input_form-control m-input_2'

2018-08-10 14:48:18 - [MESSAGE][PASSED] - Text ****** has been set on object 'Object Repository/Page_KiboPush  Sign In/input_form-control m-input_2'

2018-08-10 14:48:18 - [TEST_STEP][PASSED] - click: Object: 'Object Repository/Page_KiboPush  Sign In/button_Sign In' is clicked on

2018-08-10 14:48:18 - [MESSAGE][PASSED] - Object: 'Object Repository/Page_KiboPush  Sign In/button_Sign In' is clicked on

2018-08-10 14:48:18 - [TEST_STEP][PASSED] - click: Object: 'Object Repository/Page_KiboPush  Dashboard/span_Broadcasts' is clicked on

2018-08-10 14:48:20 - [MESSAGE][PASSED] - Object: 'Object Repository/Page_KiboPush  Dashboard/span_Broadcasts' is clicked on

2018-08-10 14:48:20 - [TEST_STEP][PASSED] - selectOptionByValue: All options with value 'all' are selected in object 'Object Repository/Page_KiboPush  Broadcast/select_Filter by type...textim'  using regular expression

2018-08-10 14:48:21 - [MESSAGE][PASSED] - All options with value 'all' are selected in object 'Object Repository/Page_KiboPush  Broadcast/select_Filter by type...textim'  using regular expression

2018-08-10 14:48:21 - [TEST_STEP][PASSED] - closeBrowser: Browser is closed

2018-08-10 14:48:21 - [MESSAGE][PASSED] - Browser is closed]]></system-out>
         <system-err><![CDATA[]]></system-err>
      </testcase>
      <testcase name="Test Cases/TC0121" classname="Test Cases/TC0121" status="PASSED">
         <system-out><![CDATA[2018-08-10 14:48:21 - [TEST_CASE][PASSED] - Test Cases/TC0121: Test Cases/TC0121

2018-08-10 14:48:21 - [TEST_STEP][PASSED] - openBrowser: Browser is opened with url: ''

2018-08-10 14:48:22 - [MESSAGE][PASSED] - Browser is opened with url: ''

2018-08-10 14:48:22 - [TEST_STEP][PASSED] - navigateToUrl: Navigate to 'https://staging.kibopush.com/' successfully

2018-08-10 14:48:33 - [MESSAGE][PASSED] - Navigate to 'https://staging.kibopush.com/' successfully

2018-08-10 14:48:33 - [TEST_STEP][PASSED] - click: Object: 'Object Repository/Page_KiboPush  Sign In/a_Login' is clicked on

2018-08-10 14:48:33 - [MESSAGE][PASSED] - Object: 'Object Repository/Page_KiboPush  Sign In/a_Login' is clicked on

2018-08-10 14:48:33 - [TEST_STEP][PASSED] - click: Object: 'Object Repository/Page_KiboPush  Sign In/button_Team Account' is clicked on

2018-08-10 14:48:34 - [MESSAGE][PASSED] - Object: 'Object Repository/Page_KiboPush  Sign In/button_Team Account' is clicked on

2018-08-10 14:48:34 - [TEST_STEP][PASSED] - setText: Text 'kibopush.com' is set on object 'Object Repository/Page_KiboPush  Sign In/input_form-control m-input'

2018-08-10 14:48:34 - [MESSAGE][PASSED] - Text 'kibopush.com' is set on object 'Object Repository/Page_KiboPush  Sign In/input_form-control m-input'

2018-08-10 14:48:34 - [TEST_STEP][PASSED] - setText: Text 'bjafri5@gmail.com' is set on object 'Object Repository/Page_KiboPush  Sign In/input_form-control m-input_1'

2018-08-10 14:48:34 - [MESSAGE][PASSED] - Text 'bjafri5@gmail.com' is set on object 'Object Repository/Page_KiboPush  Sign In/input_form-control m-input_1'

2018-08-10 14:48:34 - [TEST_STEP][PASSED] - setEncryptedText: Text ****** has been set on object 'Object Repository/Page_KiboPush  Sign In/input_form-control m-input_2'

2018-08-10 14:48:34 - [MESSAGE][PASSED] - Text ****** has been set on object 'Object Repository/Page_KiboPush  Sign In/input_form-control m-input_2'

2018-08-10 14:48:34 - [TEST_STEP][PASSED] - click: Object: 'Object Repository/Page_KiboPush  Sign In/button_Sign In' is clicked on

2018-08-10 14:48:34 - [MESSAGE][PASSED] - Object: 'Object Repository/Page_KiboPush  Sign In/button_Sign In' is clicked on

2018-08-10 14:48:34 - [TEST_STEP][PASSED] - click: Object: 'Object Repository/Page_KiboPush  Dashboard/span_Broadcasts' is clicked on

2018-08-10 14:48:36 - [MESSAGE][PASSED] - Object: 'Object Repository/Page_KiboPush  Dashboard/span_Broadcasts' is clicked on

2018-08-10 14:48:36 - [TEST_STEP][PASSED] - selectOptionByValue: All options with value 'video' are selected in object 'Object Repository/Page_KiboPush  Broadcast/select_Filter by type...textim (3)'  using regular expression

2018-08-10 14:48:37 - [MESSAGE][PASSED] - All options with value 'video' are selected in object 'Object Repository/Page_KiboPush  Broadcast/select_Filter by type...textim (3)'  using regular expression

2018-08-10 14:48:37 - [TEST_STEP][PASSED] - click: Object: 'Object Repository/Page_KiboPush  Broadcast/span_video (1)' is clicked on

2018-08-10 14:48:37 - [MESSAGE][PASSED] - Object: 'Object Repository/Page_KiboPush  Broadcast/span_video (1)' is clicked on

2018-08-10 14:48:37 - [TEST_STEP][PASSED] - setText: Text 'SampleVideo' is set on object 'Object Repository/Page_KiboPush  Broadcast/input_form-control (1)'

2018-08-10 14:48:38 - [MESSAGE][PASSED] - Text 'SampleVideo' is set on object 'Object Repository/Page_KiboPush  Broadcast/input_form-control (1)'

2018-08-10 14:48:38 - [TEST_STEP][PASSED] - click: Object: 'Object Repository/Page_KiboPush  Broadcast/span_SampleVideo' is clicked on

2018-08-10 14:48:38 - [MESSAGE][PASSED] - Object: 'Object Repository/Page_KiboPush  Broadcast/span_SampleVideo' is clicked on

2018-08-10 14:48:38 - [TEST_STEP][PASSED] - closeBrowser: Browser is closed

2018-08-10 14:48:38 - [MESSAGE][PASSED] - Browser is closed]]></system-out>
         <system-err><![CDATA[]]></system-err>
      </testcase>
      <testcase name="Test Cases/TC0122" classname="Test Cases/TC0122" status="PASSED">
         <system-out><![CDATA[2018-08-10 14:48:38 - [TEST_CASE][PASSED] - Test Cases/TC0122: Test Cases/TC0122

2018-08-10 14:48:38 - [TEST_STEP][PASSED] - openBrowser: Browser is opened with url: ''

2018-08-10 14:48:39 - [MESSAGE][PASSED] - Browser is opened with url: ''

2018-08-10 14:48:39 - [TEST_STEP][PASSED] - navigateToUrl: Navigate to 'https://staging.kibopush.com/' successfully

2018-08-10 14:48:47 - [MESSAGE][PASSED] - Navigate to 'https://staging.kibopush.com/' successfully

2018-08-10 14:48:47 - [TEST_STEP][PASSED] - click: Object: 'Object Repository/Page_KiboPush  Sign In/a_Login' is clicked on

2018-08-10 14:48:47 - [MESSAGE][PASSED] - Object: 'Object Repository/Page_KiboPush  Sign In/a_Login' is clicked on

2018-08-10 14:48:47 - [TEST_STEP][PASSED] - click: Object: 'Object Repository/Page_KiboPush  Sign In/button_Team Account' is clicked on

2018-08-10 14:48:47 - [MESSAGE][PASSED] - Object: 'Object Repository/Page_KiboPush  Sign In/button_Team Account' is clicked on

2018-08-10 14:48:47 - [TEST_STEP][PASSED] - setText: Text 'kibopush.com' is set on object 'Object Repository/Page_KiboPush  Sign In/input_form-control m-input'

2018-08-10 14:48:47 - [MESSAGE][PASSED] - Text 'kibopush.com' is set on object 'Object Repository/Page_KiboPush  Sign In/input_form-control m-input'

2018-08-10 14:48:47 - [TEST_STEP][PASSED] - setText: Text 'bjafri5@gmail.com' is set on object 'Object Repository/Page_KiboPush  Sign In/input_form-control m-input_1'

2018-08-10 14:48:48 - [MESSAGE][PASSED] - Text 'bjafri5@gmail.com' is set on object 'Object Repository/Page_KiboPush  Sign In/input_form-control m-input_1'

2018-08-10 14:48:48 - [TEST_STEP][PASSED] - setEncryptedText: Text ****** has been set on object 'Object Repository/Page_KiboPush  Sign In/input_form-control m-input_2'

2018-08-10 14:48:48 - [MESSAGE][PASSED] - Text ****** has been set on object 'Object Repository/Page_KiboPush  Sign In/input_form-control m-input_2'

2018-08-10 14:48:48 - [TEST_STEP][PASSED] - click: Object: 'Object Repository/Page_KiboPush  Sign In/button_Sign In' is clicked on

2018-08-10 14:48:48 - [MESSAGE][PASSED] - Object: 'Object Repository/Page_KiboPush  Sign In/button_Sign In' is clicked on

2018-08-10 14:48:48 - [TEST_STEP][PASSED] - click: Object: 'Object Repository/Page_KiboPush  Dashboard/span_Broadcasts' is clicked on

2018-08-10 14:48:50 - [MESSAGE][PASSED] - Object: 'Object Repository/Page_KiboPush  Dashboard/span_Broadcasts' is clicked on

2018-08-10 14:48:50 - [TEST_STEP][PASSED] - delay: Delayed 2 second(s)

2018-08-10 14:48:52 - [MESSAGE][PASSED] - Delayed 2 second(s)

2018-08-10 14:48:52 - [TEST_STEP][PASSED] - Statement - driver = com.kms.katalon.core.webui.driver.DriverFactory.getWebDriver(): null

2018-08-10 14:48:52 - [TEST_STEP][PASSED] - Statement - Table = driver.findElement(org.openqa.selenium.By.xpath("//table/tbody")): null

2018-08-10 14:48:52 - [TEST_STEP][PASSED] - Statement - rows_table = Table.findElements(org.openqa.selenium.By.tagName("tr")): null

2018-08-10 14:48:52 - [TEST_STEP][PASSED] - Statement - rows_count_before = rows_table.size(): null

2018-08-10 14:48:52 - [TEST_STEP][PASSED] - setText: Text '7' is set on object 'Object Repository/Page_KiboPush  Broadcast/input_example-text-input'

2018-08-10 14:48:52 - [MESSAGE][PASSED] - Text '7' is set on object 'Object Repository/Page_KiboPush  Broadcast/input_example-text-input'

2018-08-10 14:48:52 - [TEST_STEP][PASSED] - delay: Delayed 2 second(s)

2018-08-10 14:48:54 - [MESSAGE][PASSED] - Delayed 2 second(s)

2018-08-10 14:48:54 - [TEST_STEP][PASSED] - Statement - Table = driver.findElement(org.openqa.selenium.By.xpath("//table/tbody")): null

2018-08-10 14:48:54 - [TEST_STEP][PASSED] - Statement - rows_table = Table.findElements(org.openqa.selenium.By.tagName("tr")): null

2018-08-10 14:48:54 - [TEST_STEP][PASSED] - Statement - rows_count_after = rows_table.size(): null

2018-08-10 14:48:54 - [TEST_STEP][PASSED] - verifyNotMatch: Actual text '10' and expected text '4' are not matched 

2018-08-10 14:48:54 - [MESSAGE][PASSED] - Actual text '10' and expected text '4' are not matched 

2018-08-10 14:48:54 - [TEST_STEP][PASSED] - closeBrowser: Browser is closed

2018-08-10 14:48:54 - [MESSAGE][PASSED] - Browser is closed]]></system-out>
         <system-err><![CDATA[]]></system-err>
      </testcase>
      <testcase name="Test Cases/TC0123" classname="Test Cases/TC0123" status="PASSED">
         <system-out><![CDATA[2018-08-10 14:48:54 - [TEST_CASE][PASSED] - Test Cases/TC0123: Test Cases/TC0123

2018-08-10 14:48:54 - [TEST_STEP][PASSED] - openBrowser: Browser is opened with url: ''

2018-08-10 14:48:55 - [MESSAGE][PASSED] - Browser is opened with url: ''

2018-08-10 14:48:55 - [TEST_STEP][PASSED] - navigateToUrl: Navigate to 'https://staging.kibopush.com/' successfully

2018-08-10 14:49:06 - [MESSAGE][PASSED] - Navigate to 'https://staging.kibopush.com/' successfully

2018-08-10 14:49:06 - [TEST_STEP][PASSED] - click: Object: 'Object Repository/Page_KiboPush  Sign In/a_Login' is clicked on

2018-08-10 14:49:06 - [MESSAGE][PASSED] - Object: 'Object Repository/Page_KiboPush  Sign In/a_Login' is clicked on

2018-08-10 14:49:06 - [TEST_STEP][PASSED] - click: Object: 'Object Repository/Page_KiboPush  Sign In/button_Team Account' is clicked on

2018-08-10 14:49:06 - [MESSAGE][PASSED] - Object: 'Object Repository/Page_KiboPush  Sign In/button_Team Account' is clicked on

2018-08-10 14:49:06 - [TEST_STEP][PASSED] - setText: Text 'kibopush.com' is set on object 'Object Repository/Page_KiboPush  Sign In/input_form-control m-input'

2018-08-10 14:49:07 - [MESSAGE][PASSED] - Text 'kibopush.com' is set on object 'Object Repository/Page_KiboPush  Sign In/input_form-control m-input'

2018-08-10 14:49:07 - [TEST_STEP][PASSED] - setText: Text 'bjafri5@gmail.com' is set on object 'Object Repository/Page_KiboPush  Sign In/input_form-control m-input_1'

2018-08-10 14:49:07 - [MESSAGE][PASSED] - Text 'bjafri5@gmail.com' is set on object 'Object Repository/Page_KiboPush  Sign In/input_form-control m-input_1'

2018-08-10 14:49:07 - [TEST_STEP][PASSED] - setEncryptedText: Text ****** has been set on object 'Object Repository/Page_KiboPush  Sign In/input_form-control m-input_2'

2018-08-10 14:49:07 - [MESSAGE][PASSED] - Text ****** has been set on object 'Object Repository/Page_KiboPush  Sign In/input_form-control m-input_2'

2018-08-10 14:49:07 - [TEST_STEP][PASSED] - click: Object: 'Object Repository/Page_KiboPush  Sign In/button_Sign In' is clicked on

2018-08-10 14:49:07 - [MESSAGE][PASSED] - Object: 'Object Repository/Page_KiboPush  Sign In/button_Sign In' is clicked on

2018-08-10 14:49:07 - [TEST_STEP][PASSED] - click: Object: 'Object Repository/Page_KiboPush  Dashboard/span_Broadcasts' is clicked on

2018-08-10 14:49:09 - [MESSAGE][PASSED] - Object: 'Object Repository/Page_KiboPush  Dashboard/span_Broadcasts' is clicked on

2018-08-10 14:49:09 - [TEST_STEP][PASSED] - delay: Delayed 1 second(s)

2018-08-10 14:49:10 - [MESSAGE][PASSED] - Delayed 1 second(s)

2018-08-10 14:49:10 - [TEST_STEP][PASSED] - Statement - date_page1 = getFirstRowDate(): null

2018-08-10 14:49:10 - [TEST_STEP][PASSED] - Statement - driver = com.kms.katalon.core.webui.driver.DriverFactory.getWebDriver(): null

2018-08-10 14:49:10 - [TEST_STEP][PASSED] - Statement - Try: null

2018-08-10 14:49:10 - [TEST_STEP][PASSED] - Statement - Table = driver.findElement(org.openqa.selenium.By.xpath("//table/tbody")): null

2018-08-10 14:49:10 - [TEST_STEP][PASSED] - Statement - rows_table = Table.findElements(org.openqa.selenium.By.tagName("tr")): null

2018-08-10 14:49:10 - [TEST_STEP][PASSED] - Statement - dates = new java.util.ArrayList(): null

2018-08-10 14:49:10 - [TEST_STEP][PASSED] - Statement - date = rows_table.get(0).findElement(org.openqa.selenium.By.xpath(".//td[@data-field="datetime"]")).getText(): null

2018-08-10 14:49:10 - [TEST_STEP][PASSED] - Statement - return date: null

2018-08-10 14:49:10 - [TEST_STEP][PASSED] - click: Object: 'Object Repository/Page_KiboPush  Broadcast/a_next (1)' is clicked on

2018-08-10 14:49:10 - [MESSAGE][PASSED] - Object: 'Object Repository/Page_KiboPush  Broadcast/a_next (1)' is clicked on

2018-08-10 14:49:10 - [TEST_STEP][PASSED] - delay: Delayed 1 second(s)

2018-08-10 14:49:11 - [MESSAGE][PASSED] - Delayed 1 second(s)

2018-08-10 14:49:11 - [TEST_STEP][PASSED] - Statement - date_page2 = getFirstRowDate(): null

2018-08-10 14:49:11 - [TEST_STEP][PASSED] - Statement - driver = com.kms.katalon.core.webui.driver.DriverFactory.getWebDriver(): null

2018-08-10 14:49:11 - [TEST_STEP][PASSED] - Statement - Try: null

2018-08-10 14:49:11 - [TEST_STEP][PASSED] - Statement - Table = driver.findElement(org.openqa.selenium.By.xpath("//table/tbody")): null

2018-08-10 14:49:11 - [TEST_STEP][PASSED] - Statement - rows_table = Table.findElements(org.openqa.selenium.By.tagName("tr")): null

2018-08-10 14:49:11 - [TEST_STEP][PASSED] - Statement - dates = new java.util.ArrayList(): null

2018-08-10 14:49:11 - [TEST_STEP][PASSED] - Statement - date = rows_table.get(0).findElement(org.openqa.selenium.By.xpath(".//td[@data-field="datetime"]")).getText(): null

2018-08-10 14:49:11 - [TEST_STEP][PASSED] - Statement - return date: null

2018-08-10 14:49:11 - [TEST_STEP][PASSED] - click: Object: 'Object Repository/Page_KiboPush  Broadcast/a_next (1)' is clicked on

2018-08-10 14:49:11 - [MESSAGE][PASSED] - Object: 'Object Repository/Page_KiboPush  Broadcast/a_next (1)' is clicked on

2018-08-10 14:49:11 - [TEST_STEP][PASSED] - delay: Delayed 1 second(s)

2018-08-10 14:49:12 - [MESSAGE][PASSED] - Delayed 1 second(s)

2018-08-10 14:49:12 - [TEST_STEP][PASSED] - Statement - date_page3 = getFirstRowDate(): null

2018-08-10 14:49:12 - [TEST_STEP][PASSED] - Statement - driver = com.kms.katalon.core.webui.driver.DriverFactory.getWebDriver(): null

2018-08-10 14:49:12 - [TEST_STEP][PASSED] - Statement - Try: null

2018-08-10 14:49:12 - [TEST_STEP][PASSED] - Statement - Table = driver.findElement(org.openqa.selenium.By.xpath("//table/tbody")): null

2018-08-10 14:49:12 - [TEST_STEP][PASSED] - Statement - rows_table = Table.findElements(org.openqa.selenium.By.tagName("tr")): null

2018-08-10 14:49:12 - [TEST_STEP][PASSED] - Statement - dates = new java.util.ArrayList(): null

2018-08-10 14:49:12 - [TEST_STEP][PASSED] - Statement - date = rows_table.get(0).findElement(org.openqa.selenium.By.xpath(".//td[@data-field="datetime"]")).getText(): null

2018-08-10 14:49:12 - [TEST_STEP][PASSED] - Statement - return date: null

2018-08-10 14:49:12 - [TEST_STEP][PASSED] - verifyNotMatch: Actual text 'Wed Aug 08 2018 11:47 AM' and expected text 'Thu Jul 19 2018 8:25 AM' are not matched 

2018-08-10 14:49:12 - [MESSAGE][PASSED] - Actual text 'Wed Aug 08 2018 11:47 AM' and expected text 'Thu Jul 19 2018 8:25 AM' are not matched 

2018-08-10 14:49:12 - [TEST_STEP][PASSED] - verifyNotMatch: Actual text 'Wed Aug 08 2018 11:47 AM' and expected text 'Fri Jun 29 2018 6:51 AM' are not matched 

2018-08-10 14:49:12 - [MESSAGE][PASSED] - Actual text 'Wed Aug 08 2018 11:47 AM' and expected text 'Fri Jun 29 2018 6:51 AM' are not matched 

2018-08-10 14:49:12 - [TEST_STEP][PASSED] - verifyNotMatch: Actual text 'Thu Jul 19 2018 8:25 AM' and expected text 'Fri Jun 29 2018 6:51 AM' are not matched 

2018-08-10 14:49:12 - [MESSAGE][PASSED] - Actual text 'Thu Jul 19 2018 8:25 AM' and expected text 'Fri Jun 29 2018 6:51 AM' are not matched 

2018-08-10 14:49:12 - [TEST_STEP][PASSED] - closeBrowser: Browser is closed

2018-08-10 14:49:13 - [MESSAGE][PASSED] - Browser is closed]]></system-out>
         <system-err><![CDATA[]]></system-err>
      </testcase>
      <testcase name="Test Cases/TC0124" classname="Test Cases/TC0124" status="PASSED">
         <system-out><![CDATA[2018-08-10 14:49:13 - [TEST_CASE][PASSED] - Test Cases/TC0124: Test Cases/TC0124

2018-08-10 14:49:13 - [TEST_STEP][PASSED] - openBrowser: Browser is opened with url: ''

2018-08-10 14:49:14 - [MESSAGE][PASSED] - Browser is opened with url: ''

2018-08-10 14:49:14 - [TEST_STEP][PASSED] - navigateToUrl: Navigate to 'https://staging.kibopush.com/' successfully

2018-08-10 14:49:26 - [MESSAGE][PASSED] - Navigate to 'https://staging.kibopush.com/' successfully

2018-08-10 14:49:26 - [TEST_STEP][PASSED] - click: Object: 'Object Repository/Page_KiboPush  Sign In/a_Login' is clicked on

2018-08-10 14:49:26 - [MESSAGE][PASSED] - Object: 'Object Repository/Page_KiboPush  Sign In/a_Login' is clicked on

2018-08-10 14:49:26 - [TEST_STEP][PASSED] - click: Object: 'Object Repository/Page_KiboPush  Sign In/button_Team Account' is clicked on

2018-08-10 14:49:26 - [MESSAGE][PASSED] - Object: 'Object Repository/Page_KiboPush  Sign In/button_Team Account' is clicked on

2018-08-10 14:49:26 - [TEST_STEP][PASSED] - setText: Text 'kibopush.com' is set on object 'Object Repository/Page_KiboPush  Sign In/input_form-control m-input'

2018-08-10 14:49:27 - [MESSAGE][PASSED] - Text 'kibopush.com' is set on object 'Object Repository/Page_KiboPush  Sign In/input_form-control m-input'

2018-08-10 14:49:27 - [TEST_STEP][PASSED] - setText: Text 'bjafri5@gmail.com' is set on object 'Object Repository/Page_KiboPush  Sign In/input_form-control m-input_1'

2018-08-10 14:49:27 - [MESSAGE][PASSED] - Text 'bjafri5@gmail.com' is set on object 'Object Repository/Page_KiboPush  Sign In/input_form-control m-input_1'

2018-08-10 14:49:27 - [TEST_STEP][PASSED] - setEncryptedText: Text ****** has been set on object 'Object Repository/Page_KiboPush  Sign In/input_form-control m-input_2'

2018-08-10 14:49:27 - [MESSAGE][PASSED] - Text ****** has been set on object 'Object Repository/Page_KiboPush  Sign In/input_form-control m-input_2'

2018-08-10 14:49:27 - [TEST_STEP][PASSED] - click: Object: 'Object Repository/Page_KiboPush  Sign In/button_Sign In' is clicked on

2018-08-10 14:49:27 - [MESSAGE][PASSED] - Object: 'Object Repository/Page_KiboPush  Sign In/button_Sign In' is clicked on

2018-08-10 14:49:27 - [TEST_STEP][PASSED] - click: Object: 'Object Repository/Page_KiboPush  Dashboard/span_Broadcasts' is clicked on

2018-08-10 14:49:29 - [MESSAGE][PASSED] - Object: 'Object Repository/Page_KiboPush  Dashboard/span_Broadcasts' is clicked on

2018-08-10 14:49:29 - [TEST_STEP][PASSED] - delay: Delayed 2 second(s)

2018-08-10 14:49:31 - [MESSAGE][PASSED] - Delayed 2 second(s)

2018-08-10 14:49:31 - [TEST_STEP][PASSED] - click: Object: 'Object Repository/Page_KiboPush  Broadcast/a_4' is clicked on

2018-08-10 14:49:31 - [MESSAGE][PASSED] - Object: 'Object Repository/Page_KiboPush  Broadcast/a_4' is clicked on

2018-08-10 14:49:31 - [TEST_STEP][PASSED] - delay: Delayed 2 second(s)

2018-08-10 14:49:33 - [MESSAGE][PASSED] - Delayed 2 second(s)

2018-08-10 14:49:33 - [TEST_STEP][PASSED] - Statement - date_page4 = getFirstRowDate(): null

2018-08-10 14:49:33 - [TEST_STEP][PASSED] - Statement - driver = com.kms.katalon.core.webui.driver.DriverFactory.getWebDriver(): null

2018-08-10 14:49:33 - [TEST_STEP][PASSED] - Statement - Try: null

2018-08-10 14:49:33 - [TEST_STEP][PASSED] - Statement - Table = driver.findElement(org.openqa.selenium.By.xpath("//table/tbody")): null

2018-08-10 14:49:33 - [TEST_STEP][PASSED] - Statement - rows_table = Table.findElements(org.openqa.selenium.By.tagName("tr")): null

2018-08-10 14:49:33 - [TEST_STEP][PASSED] - Statement - dates = new java.util.ArrayList(): null

2018-08-10 14:49:33 - [TEST_STEP][PASSED] - Statement - date = rows_table.get(0).findElement(org.openqa.selenium.By.xpath(".//td[@data-field="datetime"]")).getText(): null

2018-08-10 14:49:33 - [TEST_STEP][PASSED] - Statement - return date: null

2018-08-10 14:49:33 - [TEST_STEP][PASSED] - click: Object: 'Object Repository/Page_KiboPush  Broadcast/a_previous' is clicked on

2018-08-10 14:49:33 - [MESSAGE][PASSED] - Object: 'Object Repository/Page_KiboPush  Broadcast/a_previous' is clicked on

2018-08-10 14:49:33 - [TEST_STEP][PASSED] - delay: Delayed 2 second(s)

2018-08-10 14:49:35 - [MESSAGE][PASSED] - Delayed 2 second(s)

2018-08-10 14:49:35 - [TEST_STEP][PASSED] - Statement - date_page3 = getFirstRowDate(): null

2018-08-10 14:49:35 - [TEST_STEP][PASSED] - Statement - driver = com.kms.katalon.core.webui.driver.DriverFactory.getWebDriver(): null

2018-08-10 14:49:35 - [TEST_STEP][PASSED] - Statement - Try: null

2018-08-10 14:49:35 - [TEST_STEP][PASSED] - Statement - Table = driver.findElement(org.openqa.selenium.By.xpath("//table/tbody")): null

2018-08-10 14:49:35 - [TEST_STEP][PASSED] - Statement - rows_table = Table.findElements(org.openqa.selenium.By.tagName("tr")): null

2018-08-10 14:49:35 - [TEST_STEP][PASSED] - Statement - dates = new java.util.ArrayList(): null

2018-08-10 14:49:35 - [TEST_STEP][PASSED] - Statement - date = rows_table.get(0).findElement(org.openqa.selenium.By.xpath(".//td[@data-field="datetime"]")).getText(): null

2018-08-10 14:49:35 - [TEST_STEP][PASSED] - Statement - return date: null

2018-08-10 14:49:35 - [TEST_STEP][PASSED] - click: Object: 'Object Repository/Page_KiboPush  Broadcast/a_previous' is clicked on

2018-08-10 14:49:35 - [MESSAGE][PASSED] - Object: 'Object Repository/Page_KiboPush  Broadcast/a_previous' is clicked on

2018-08-10 14:49:35 - [TEST_STEP][PASSED] - delay: Delayed 1 second(s)

2018-08-10 14:49:36 - [MESSAGE][PASSED] - Delayed 1 second(s)

2018-08-10 14:49:36 - [TEST_STEP][PASSED] - Statement - date_page2 = getFirstRowDate(): null

2018-08-10 14:49:36 - [TEST_STEP][PASSED] - Statement - driver = com.kms.katalon.core.webui.driver.DriverFactory.getWebDriver(): null

2018-08-10 14:49:36 - [TEST_STEP][PASSED] - Statement - Try: null

2018-08-10 14:49:36 - [TEST_STEP][PASSED] - Statement - Table = driver.findElement(org.openqa.selenium.By.xpath("//table/tbody")): null

2018-08-10 14:49:36 - [TEST_STEP][PASSED] - Statement - rows_table = Table.findElements(org.openqa.selenium.By.tagName("tr")): null

2018-08-10 14:49:36 - [TEST_STEP][PASSED] - Statement - dates = new java.util.ArrayList(): null

2018-08-10 14:49:36 - [TEST_STEP][PASSED] - Statement - date = rows_table.get(0).findElement(org.openqa.selenium.By.xpath(".//td[@data-field="datetime"]")).getText(): null

2018-08-10 14:49:36 - [TEST_STEP][PASSED] - Statement - return date: null

2018-08-10 14:49:36 - [TEST_STEP][PASSED] - verifyNotMatch: Actual text 'Fri Jun 29 2018 6:41 AM' and expected text 'Fri Jun 29 2018 6:51 AM' are not matched 

2018-08-10 14:49:36 - [MESSAGE][PASSED] - Actual text 'Fri Jun 29 2018 6:41 AM' and expected text 'Fri Jun 29 2018 6:51 AM' are not matched 

2018-08-10 14:49:36 - [TEST_STEP][PASSED] - verifyNotMatch: Actual text 'Fri Jun 29 2018 6:41 AM' and expected text 'Thu Jul 19 2018 8:25 AM' are not matched 

2018-08-10 14:49:36 - [MESSAGE][PASSED] - Actual text 'Fri Jun 29 2018 6:41 AM' and expected text 'Thu Jul 19 2018 8:25 AM' are not matched 

2018-08-10 14:49:36 - [TEST_STEP][PASSED] - verifyNotMatch: Actual text 'Fri Jun 29 2018 6:51 AM' and expected text 'Thu Jul 19 2018 8:25 AM' are not matched 

2018-08-10 14:49:36 - [MESSAGE][PASSED] - Actual text 'Fri Jun 29 2018 6:51 AM' and expected text 'Thu Jul 19 2018 8:25 AM' are not matched 

2018-08-10 14:49:36 - [TEST_STEP][PASSED] - closeBrowser: Browser is closed

2018-08-10 14:49:37 - [MESSAGE][PASSED] - Browser is closed]]></system-out>
         <system-err><![CDATA[]]></system-err>
      </testcase>
      <testcase name="Test Cases/TC0125" classname="Test Cases/TC0125" status="PASSED">
         <system-out><![CDATA[2018-08-10 14:49:37 - [TEST_CASE][PASSED] - Test Cases/TC0125: Test Cases/TC0125

2018-08-10 14:49:37 - [TEST_STEP][PASSED] - openBrowser: Browser is opened with url: ''

2018-08-10 14:49:38 - [MESSAGE][PASSED] - Browser is opened with url: ''

2018-08-10 14:49:38 - [TEST_STEP][PASSED] - navigateToUrl: Navigate to 'https://staging.kibopush.com/' successfully

2018-08-10 14:49:50 - [MESSAGE][PASSED] - Navigate to 'https://staging.kibopush.com/' successfully

2018-08-10 14:49:50 - [TEST_STEP][PASSED] - click: Object: 'Object Repository/Page_KiboPush  Sign In/a_Login' is clicked on

2018-08-10 14:49:50 - [MESSAGE][PASSED] - Object: 'Object Repository/Page_KiboPush  Sign In/a_Login' is clicked on

2018-08-10 14:49:50 - [TEST_STEP][PASSED] - click: Object: 'Object Repository/Page_KiboPush  Sign In/button_Team Account' is clicked on

2018-08-10 14:49:50 - [MESSAGE][PASSED] - Object: 'Object Repository/Page_KiboPush  Sign In/button_Team Account' is clicked on

2018-08-10 14:49:50 - [TEST_STEP][PASSED] - setText: Text 'kibopush.com' is set on object 'Object Repository/Page_KiboPush  Sign In/input_form-control m-input'

2018-08-10 14:49:50 - [MESSAGE][PASSED] - Text 'kibopush.com' is set on object 'Object Repository/Page_KiboPush  Sign In/input_form-control m-input'

2018-08-10 14:49:50 - [TEST_STEP][PASSED] - setText: Text 'bjafri5@gmail.com' is set on object 'Object Repository/Page_KiboPush  Sign In/input_form-control m-input_1'

2018-08-10 14:49:50 - [MESSAGE][PASSED] - Text 'bjafri5@gmail.com' is set on object 'Object Repository/Page_KiboPush  Sign In/input_form-control m-input_1'

2018-08-10 14:49:50 - [TEST_STEP][PASSED] - setEncryptedText: Text ****** has been set on object 'Object Repository/Page_KiboPush  Sign In/input_form-control m-input_2'

2018-08-10 14:49:51 - [MESSAGE][PASSED] - Text ****** has been set on object 'Object Repository/Page_KiboPush  Sign In/input_form-control m-input_2'

2018-08-10 14:49:51 - [TEST_STEP][PASSED] - click: Object: 'Object Repository/Page_KiboPush  Sign In/button_Sign In' is clicked on

2018-08-10 14:49:51 - [MESSAGE][PASSED] - Object: 'Object Repository/Page_KiboPush  Sign In/button_Sign In' is clicked on

2018-08-10 14:49:51 - [TEST_STEP][PASSED] - click: Object: 'Object Repository/Page_KiboPush  Dashboard/span_Broadcasts' is clicked on

2018-08-10 14:49:53 - [MESSAGE][PASSED] - Object: 'Object Repository/Page_KiboPush  Dashboard/span_Broadcasts' is clicked on

2018-08-10 14:49:53 - [TEST_STEP][PASSED] - delay: Delayed 1 second(s)

2018-08-10 14:49:54 - [MESSAGE][PASSED] - Delayed 1 second(s)

2018-08-10 14:49:54 - [TEST_STEP][PASSED] - Statement - date_page1 = getFirstRowDate(): null

2018-08-10 14:49:54 - [TEST_STEP][PASSED] - Statement - driver = com.kms.katalon.core.webui.driver.DriverFactory.getWebDriver(): null

2018-08-10 14:49:54 - [TEST_STEP][PASSED] - Statement - Try: null

2018-08-10 14:49:54 - [TEST_STEP][PASSED] - Statement - Table = driver.findElement(org.openqa.selenium.By.xpath("//table/tbody")): null

2018-08-10 14:49:54 - [TEST_STEP][PASSED] - Statement - rows_table = Table.findElements(org.openqa.selenium.By.tagName("tr")): null

2018-08-10 14:49:54 - [TEST_STEP][PASSED] - Statement - dates = new java.util.ArrayList(): null

2018-08-10 14:49:54 - [TEST_STEP][PASSED] - Statement - date = rows_table.get(0).findElement(org.openqa.selenium.By.xpath(".//td[@data-field="datetime"]")).getText(): null

2018-08-10 14:49:54 - [TEST_STEP][PASSED] - Statement - return date: null

2018-08-10 14:49:54 - [TEST_STEP][PASSED] - click: Object: 'Object Repository/Page_KiboPush  Broadcast/a_2' is clicked on

2018-08-10 14:49:54 - [MESSAGE][PASSED] - Object: 'Object Repository/Page_KiboPush  Broadcast/a_2' is clicked on

2018-08-10 14:49:54 - [TEST_STEP][PASSED] - delay: Delayed 1 second(s)

2018-08-10 14:49:55 - [MESSAGE][PASSED] - Delayed 1 second(s)

2018-08-10 14:49:55 - [TEST_STEP][PASSED] - Statement - date_page2 = getFirstRowDate(): null

2018-08-10 14:49:55 - [TEST_STEP][PASSED] - Statement - driver = com.kms.katalon.core.webui.driver.DriverFactory.getWebDriver(): null

2018-08-10 14:49:55 - [TEST_STEP][PASSED] - Statement - Try: null

2018-08-10 14:49:55 - [TEST_STEP][PASSED] - Statement - Table = driver.findElement(org.openqa.selenium.By.xpath("//table/tbody")): null

2018-08-10 14:49:55 - [TEST_STEP][PASSED] - Statement - rows_table = Table.findElements(org.openqa.selenium.By.tagName("tr")): null

2018-08-10 14:49:55 - [TEST_STEP][PASSED] - Statement - dates = new java.util.ArrayList(): null

2018-08-10 14:49:55 - [TEST_STEP][PASSED] - Statement - date = rows_table.get(0).findElement(org.openqa.selenium.By.xpath(".//td[@data-field="datetime"]")).getText(): null

2018-08-10 14:49:55 - [TEST_STEP][PASSED] - Statement - return date: null

2018-08-10 14:49:55 - [TEST_STEP][PASSED] - click: Object: 'Object Repository/Page_KiboPush  Broadcast/a_4' is clicked on

2018-08-10 14:49:55 - [MESSAGE][PASSED] - Object: 'Object Repository/Page_KiboPush  Broadcast/a_4' is clicked on

2018-08-10 14:49:55 - [TEST_STEP][PASSED] - delay: Delayed 2 second(s)

2018-08-10 14:49:57 - [MESSAGE][PASSED] - Delayed 2 second(s)

2018-08-10 14:49:57 - [TEST_STEP][PASSED] - Statement - date_page4 = getFirstRowDate(): null

2018-08-10 14:49:57 - [TEST_STEP][PASSED] - Statement - driver = com.kms.katalon.core.webui.driver.DriverFactory.getWebDriver(): null

2018-08-10 14:49:57 - [TEST_STEP][PASSED] - Statement - Try: null

2018-08-10 14:49:57 - [TEST_STEP][PASSED] - Statement - Table = driver.findElement(org.openqa.selenium.By.xpath("//table/tbody")): null

2018-08-10 14:49:57 - [TEST_STEP][PASSED] - Statement - rows_table = Table.findElements(org.openqa.selenium.By.tagName("tr")): null

2018-08-10 14:49:57 - [TEST_STEP][PASSED] - Statement - dates = new java.util.ArrayList(): null

2018-08-10 14:49:57 - [TEST_STEP][PASSED] - Statement - date = rows_table.get(0).findElement(org.openqa.selenium.By.xpath(".//td[@data-field="datetime"]")).getText(): null

2018-08-10 14:49:57 - [TEST_STEP][PASSED] - Statement - return date: null

2018-08-10 14:49:57 - [TEST_STEP][PASSED] - Statement - println("Testing next pages"): null

2018-08-10 14:49:57 - [TEST_STEP][PASSED] - verifyNotMatch: Actual text 'Wed Aug 08 2018 11:47 AM' and expected text 'Thu Jul 19 2018 8:25 AM' are not matched 

2018-08-10 14:49:57 - [MESSAGE][PASSED] - Actual text 'Wed Aug 08 2018 11:47 AM' and expected text 'Thu Jul 19 2018 8:25 AM' are not matched 

2018-08-10 14:49:57 - [TEST_STEP][PASSED] - verifyNotMatch: Actual text 'Wed Aug 08 2018 11:47 AM' and expected text 'Fri Jun 29 2018 6:41 AM' are not matched 

2018-08-10 14:49:57 - [MESSAGE][PASSED] - Actual text 'Wed Aug 08 2018 11:47 AM' and expected text 'Fri Jun 29 2018 6:41 AM' are not matched 

2018-08-10 14:49:57 - [TEST_STEP][PASSED] - verifyNotMatch: Actual text 'Thu Jul 19 2018 8:25 AM' and expected text 'Fri Jun 29 2018 6:41 AM' are not matched 

2018-08-10 14:49:57 - [MESSAGE][PASSED] - Actual text 'Thu Jul 19 2018 8:25 AM' and expected text 'Fri Jun 29 2018 6:41 AM' are not matched 

2018-08-10 14:49:57 - [TEST_STEP][PASSED] - click: Object: 'Object Repository/Page_KiboPush  Broadcast/a_3' is clicked on

2018-08-10 14:49:57 - [MESSAGE][PASSED] - Object: 'Object Repository/Page_KiboPush  Broadcast/a_3' is clicked on

2018-08-10 14:49:57 - [TEST_STEP][PASSED] - delay: Delayed 2 second(s)

2018-08-10 14:49:59 - [MESSAGE][PASSED] - Delayed 2 second(s)

2018-08-10 14:49:59 - [TEST_STEP][PASSED] - Statement - date_page3 = getFirstRowDate(): null

2018-08-10 14:49:59 - [TEST_STEP][PASSED] - Statement - driver = com.kms.katalon.core.webui.driver.DriverFactory.getWebDriver(): null

2018-08-10 14:49:59 - [TEST_STEP][PASSED] - Statement - Try: null

2018-08-10 14:49:59 - [TEST_STEP][PASSED] - Statement - Table = driver.findElement(org.openqa.selenium.By.xpath("//table/tbody")): null

2018-08-10 14:49:59 - [TEST_STEP][PASSED] - Statement - rows_table = Table.findElements(org.openqa.selenium.By.tagName("tr")): null

2018-08-10 14:49:59 - [TEST_STEP][PASSED] - Statement - dates = new java.util.ArrayList(): null

2018-08-10 14:49:59 - [TEST_STEP][PASSED] - Statement - date = rows_table.get(0).findElement(org.openqa.selenium.By.xpath(".//td[@data-field="datetime"]")).getText(): null

2018-08-10 14:49:59 - [TEST_STEP][PASSED] - Statement - return date: null

2018-08-10 14:49:59 - [TEST_STEP][PASSED] - click: Object: 'Object Repository/Page_KiboPush  Broadcast/a_1' is clicked on

2018-08-10 14:49:59 - [MESSAGE][PASSED] - Object: 'Object Repository/Page_KiboPush  Broadcast/a_1' is clicked on

2018-08-10 14:49:59 - [TEST_STEP][PASSED] - delay: Delayed 2 second(s)

2018-08-10 14:50:01 - [MESSAGE][PASSED] - Delayed 2 second(s)

2018-08-10 14:50:01 - [TEST_STEP][PASSED] - Statement - date_page1 = getFirstRowDate(): null

2018-08-10 14:50:01 - [TEST_STEP][PASSED] - Statement - driver = com.kms.katalon.core.webui.driver.DriverFactory.getWebDriver(): null

2018-08-10 14:50:01 - [TEST_STEP][PASSED] - Statement - Try: null

2018-08-10 14:50:01 - [TEST_STEP][PASSED] - Statement - Table = driver.findElement(org.openqa.selenium.By.xpath("//table/tbody")): null

2018-08-10 14:50:01 - [TEST_STEP][PASSED] - Statement - rows_table = Table.findElements(org.openqa.selenium.By.tagName("tr")): null

2018-08-10 14:50:01 - [TEST_STEP][PASSED] - Statement - dates = new java.util.ArrayList(): null

2018-08-10 14:50:01 - [TEST_STEP][PASSED] - Statement - date = rows_table.get(0).findElement(org.openqa.selenium.By.xpath(".//td[@data-field="datetime"]")).getText(): null

2018-08-10 14:50:01 - [TEST_STEP][PASSED] - Statement - return date: null

2018-08-10 14:50:01 - [TEST_STEP][PASSED] - Statement - println("Testing previous pages"): null

2018-08-10 14:50:01 - [TEST_STEP][PASSED] - verifyNotMatch: Actual text 'Fri Jun 29 2018 6:41 AM' and expected text 'Fri Jun 29 2018 6:51 AM' are not matched 

2018-08-10 14:50:01 - [MESSAGE][PASSED] - Actual text 'Fri Jun 29 2018 6:41 AM' and expected text 'Fri Jun 29 2018 6:51 AM' are not matched 

2018-08-10 14:50:01 - [TEST_STEP][PASSED] - verifyNotMatch: Actual text 'Fri Jun 29 2018 6:41 AM' and expected text 'Wed Aug 08 2018 11:47 AM' are not matched 

2018-08-10 14:50:01 - [MESSAGE][PASSED] - Actual text 'Fri Jun 29 2018 6:41 AM' and expected text 'Wed Aug 08 2018 11:47 AM' are not matched 

2018-08-10 14:50:01 - [TEST_STEP][PASSED] - verifyNotMatch: Actual text 'Fri Jun 29 2018 6:51 AM' and expected text 'Wed Aug 08 2018 11:47 AM' are not matched 

2018-08-10 14:50:01 - [MESSAGE][PASSED] - Actual text 'Fri Jun 29 2018 6:51 AM' and expected text 'Wed Aug 08 2018 11:47 AM' are not matched 

2018-08-10 14:50:01 - [TEST_STEP][PASSED] - closeBrowser: Browser is closed

2018-08-10 14:50:02 - [MESSAGE][PASSED] - Browser is closed]]></system-out>
         <system-err><![CDATA[]]></system-err>
      </testcase>
      <testcase name="Test Cases/TC0126" classname="Test Cases/TC0126" status="PASSED">
         <system-out><![CDATA[2018-08-10 14:50:02 - [TEST_CASE][PASSED] - Test Cases/TC0126: Test Cases/TC0126

2018-08-10 14:50:02 - [TEST_STEP][PASSED] - openBrowser: Browser is opened with url: ''

2018-08-10 14:50:03 - [MESSAGE][PASSED] - Browser is opened with url: ''

2018-08-10 14:50:03 - [TEST_STEP][PASSED] - navigateToUrl: Navigate to 'https://staging.kibopush.com/' successfully

2018-08-10 14:50:11 - [MESSAGE][PASSED] - Navigate to 'https://staging.kibopush.com/' successfully

2018-08-10 14:50:11 - [TEST_STEP][PASSED] - click: Object: 'Object Repository/Page_KiboPush  Sign In/a_Login' is clicked on

2018-08-10 14:50:11 - [MESSAGE][PASSED] - Object: 'Object Repository/Page_KiboPush  Sign In/a_Login' is clicked on

2018-08-10 14:50:11 - [TEST_STEP][PASSED] - click: Object: 'Object Repository/Page_KiboPush  Sign In/button_Team Account' is clicked on

2018-08-10 14:50:11 - [MESSAGE][PASSED] - Object: 'Object Repository/Page_KiboPush  Sign In/button_Team Account' is clicked on

2018-08-10 14:50:11 - [TEST_STEP][PASSED] - setText: Text 'kibopush.com' is set on object 'Object Repository/Page_KiboPush  Sign In/input_form-control m-input'

2018-08-10 14:50:12 - [MESSAGE][PASSED] - Text 'kibopush.com' is set on object 'Object Repository/Page_KiboPush  Sign In/input_form-control m-input'

2018-08-10 14:50:12 - [TEST_STEP][PASSED] - setText: Text 'bjafri5@gmail.com' is set on object 'Object Repository/Page_KiboPush  Sign In/input_form-control m-input_1'

2018-08-10 14:50:12 - [MESSAGE][PASSED] - Text 'bjafri5@gmail.com' is set on object 'Object Repository/Page_KiboPush  Sign In/input_form-control m-input_1'

2018-08-10 14:50:12 - [TEST_STEP][PASSED] - setEncryptedText: Text ****** has been set on object 'Object Repository/Page_KiboPush  Sign In/input_form-control m-input_2'

2018-08-10 14:50:12 - [MESSAGE][PASSED] - Text ****** has been set on object 'Object Repository/Page_KiboPush  Sign In/input_form-control m-input_2'

2018-08-10 14:50:12 - [TEST_STEP][PASSED] - click: Object: 'Object Repository/Page_KiboPush  Sign In/button_Sign In' is clicked on

2018-08-10 14:50:12 - [MESSAGE][PASSED] - Object: 'Object Repository/Page_KiboPush  Sign In/button_Sign In' is clicked on

2018-08-10 14:50:12 - [TEST_STEP][PASSED] - click: Object: 'Object Repository/Page_KiboPush  Dashboard/span_Broadcasts' is clicked on

2018-08-10 14:50:15 - [MESSAGE][PASSED] - Object: 'Object Repository/Page_KiboPush  Dashboard/span_Broadcasts' is clicked on

2018-08-10 14:50:15 - [TEST_STEP][PASSED] - click: Object: 'Object Repository/Page_KiboPush  Broadcast/span_Create New Broadcast (3) (1)' is clicked on

2018-08-10 14:50:15 - [MESSAGE][PASSED] - Object: 'Object Repository/Page_KiboPush  Broadcast/span_Create New Broadcast (3) (1)' is clicked on

2018-08-10 14:50:15 - [TEST_STEP][PASSED] - click: Object: 'Object Repository/Page_KiboPush  Broadcast/h3_Create Broadcast (1) (1)' is clicked on

2018-08-10 14:50:15 - [MESSAGE][PASSED] - Object: 'Object Repository/Page_KiboPush  Broadcast/h3_Create Broadcast (1) (1)' is clicked on

2018-08-10 14:50:15 - [TEST_STEP][PASSED] - click: Object: 'Object Repository/Page_KiboPush  Broadcast/p_To create a new broadcast fr (1)' is clicked on

2018-08-10 14:50:15 - [MESSAGE][PASSED] - Object: 'Object Repository/Page_KiboPush  Broadcast/p_To create a new broadcast fr (1)' is clicked on]]></system-out>
         <system-err><![CDATA[]]></system-err>
      </testcase>
      <testcase name="Test Cases/TC0127" classname="Test Cases/TC0127" status="PASSED">
         <system-out><![CDATA[2018-08-10 14:50:15 - [TEST_CASE][PASSED] - Test Cases/TC0127: Test Cases/TC0127

2018-08-10 14:50:15 - [TEST_STEP][PASSED] - openBrowser: Browser is opened with url: ''

2018-08-10 14:50:15 - [MESSAGE][WARNING] - A browser is already opened. Closing browser and opening a new one

2018-08-10 14:50:17 - [MESSAGE][PASSED] - Browser is opened with url: ''

2018-08-10 14:50:17 - [TEST_STEP][PASSED] - navigateToUrl: Navigate to 'https://staging.kibopush.com/' successfully

2018-08-10 14:50:29 - [MESSAGE][PASSED] - Navigate to 'https://staging.kibopush.com/' successfully

2018-08-10 14:50:29 - [TEST_STEP][PASSED] - click: Object: 'Object Repository/Page_KiboPush  Sign In/a_Login' is clicked on

2018-08-10 14:50:29 - [MESSAGE][PASSED] - Object: 'Object Repository/Page_KiboPush  Sign In/a_Login' is clicked on

2018-08-10 14:50:29 - [TEST_STEP][PASSED] - click: Object: 'Object Repository/Page_KiboPush  Sign In/button_Team Account' is clicked on

2018-08-10 14:50:30 - [MESSAGE][PASSED] - Object: 'Object Repository/Page_KiboPush  Sign In/button_Team Account' is clicked on

2018-08-10 14:50:30 - [TEST_STEP][PASSED] - setText: Text 'kibopush.com' is set on object 'Object Repository/Page_KiboPush  Sign In/input_form-control m-input'

2018-08-10 14:50:30 - [MESSAGE][PASSED] - Text 'kibopush.com' is set on object 'Object Repository/Page_KiboPush  Sign In/input_form-control m-input'

2018-08-10 14:50:30 - [TEST_STEP][PASSED] - setText: Text 'bjafri5@gmail.com' is set on object 'Object Repository/Page_KiboPush  Sign In/input_form-control m-input_1'

2018-08-10 14:50:30 - [MESSAGE][PASSED] - Text 'bjafri5@gmail.com' is set on object 'Object Repository/Page_KiboPush  Sign In/input_form-control m-input_1'

2018-08-10 14:50:30 - [TEST_STEP][PASSED] - setEncryptedText: Text ****** has been set on object 'Object Repository/Page_KiboPush  Sign In/input_form-control m-input_2'

2018-08-10 14:50:30 - [MESSAGE][PASSED] - Text ****** has been set on object 'Object Repository/Page_KiboPush  Sign In/input_form-control m-input_2'

2018-08-10 14:50:30 - [TEST_STEP][PASSED] - click: Object: 'Object Repository/Page_KiboPush  Sign In/button_Sign In' is clicked on

2018-08-10 14:50:31 - [MESSAGE][PASSED] - Object: 'Object Repository/Page_KiboPush  Sign In/button_Sign In' is clicked on

2018-08-10 14:50:31 - [TEST_STEP][PASSED] - click: Object: 'Object Repository/Page_KiboPush  Dashboard/span_Broadcasts' is clicked on

2018-08-10 14:50:33 - [MESSAGE][PASSED] - Object: 'Object Repository/Page_KiboPush  Dashboard/span_Broadcasts' is clicked on

2018-08-10 14:50:33 - [TEST_STEP][PASSED] - click: Object: 'Object Repository/Page_KiboPush  Broadcast/button_Create New Broadcast' is clicked on

2018-08-10 14:50:33 - [MESSAGE][PASSED] - Object: 'Object Repository/Page_KiboPush  Broadcast/button_Create New Broadcast' is clicked on

2018-08-10 14:50:33 - [TEST_STEP][PASSED] - click: Object: 'Object Repository/Page_KiboPush  Broadcast/a_Use Template' is clicked on

2018-08-10 14:50:34 - [MESSAGE][PASSED] - Object: 'Object Repository/Page_KiboPush  Broadcast/a_Use Template' is clicked on

2018-08-10 14:50:34 - [TEST_STEP][PASSED] - custom.newKeyword.clickUsingJS: custom.newKeyword.clickUsingJS is PASSED

2018-08-10 14:50:34 - [MESSAGE][PASSED] - custom.newKeyword.clickUsingJS is PASSED

2018-08-10 14:50:34 - [TEST_STEP][PASSED] - click: Object: 'Object Repository/Page_KiboPush  Create Broadcast/div_Broadcast TargetingTextIma' is clicked on

2018-08-10 14:50:35 - [MESSAGE][PASSED] - Object: 'Object Repository/Page_KiboPush  Create Broadcast/div_Broadcast TargetingTextIma' is clicked on

2018-08-10 14:50:35 - [TEST_STEP][PASSED] - closeBrowser: Browser is closed

2018-08-10 14:50:35 - [MESSAGE][PASSED] - Browser is closed]]></system-out>
         <system-err><![CDATA[]]></system-err>
      </testcase>
      <testcase name="Test Cases/TC0129" classname="Test Cases/TC0129" status="PASSED">
         <system-out><![CDATA[2018-08-10 14:50:35 - [TEST_CASE][PASSED] - Test Cases/TC0129: Test Cases/TC0129

2018-08-10 14:50:35 - [TEST_STEP][PASSED] - openBrowser: Browser is opened with url: ''

2018-08-10 14:50:36 - [MESSAGE][PASSED] - Browser is opened with url: ''

2018-08-10 14:50:36 - [TEST_STEP][PASSED] - navigateToUrl: Navigate to 'https://staging.kibopush.com/' successfully

2018-08-10 14:50:48 - [MESSAGE][PASSED] - Navigate to 'https://staging.kibopush.com/' successfully

2018-08-10 14:50:48 - [TEST_STEP][PASSED] - click: Object: 'Object Repository/Page_KiboPush  Sign In/a_Login' is clicked on

2018-08-10 14:50:54 - [MESSAGE][PASSED] - Object: 'Object Repository/Page_KiboPush  Sign In/a_Login' is clicked on

2018-08-10 14:50:54 - [TEST_STEP][PASSED] - click: Object: 'Object Repository/Page_KiboPush  Sign In/button_Team Account' is clicked on

2018-08-10 14:51:00 - [MESSAGE][PASSED] - Object: 'Object Repository/Page_KiboPush  Sign In/button_Team Account' is clicked on

2018-08-10 14:51:00 - [TEST_STEP][PASSED] - setText: Text 'kibopush.com' is set on object 'Object Repository/Page_KiboPush  Sign In/input_form-control m-input'

2018-08-10 14:51:00 - [MESSAGE][PASSED] - Text 'kibopush.com' is set on object 'Object Repository/Page_KiboPush  Sign In/input_form-control m-input'

2018-08-10 14:51:00 - [TEST_STEP][PASSED] - setText: Text 'bjafri5@gmail.com' is set on object 'Object Repository/Page_KiboPush  Sign In/input_form-control m-input_1'

2018-08-10 14:51:00 - [MESSAGE][PASSED] - Text 'bjafri5@gmail.com' is set on object 'Object Repository/Page_KiboPush  Sign In/input_form-control m-input_1'

2018-08-10 14:51:00 - [TEST_STEP][PASSED] - setEncryptedText: Text ****** has been set on object 'Object Repository/Page_KiboPush  Sign In/input_form-control m-input_2'

2018-08-10 14:51:00 - [MESSAGE][PASSED] - Text ****** has been set on object 'Object Repository/Page_KiboPush  Sign In/input_form-control m-input_2'

2018-08-10 14:51:00 - [TEST_STEP][PASSED] - click: Object: 'Object Repository/Page_KiboPush  Sign In/button_Sign In' is clicked on

2018-08-10 14:51:06 - [MESSAGE][PASSED] - Object: 'Object Repository/Page_KiboPush  Sign In/button_Sign In' is clicked on

2018-08-10 14:51:06 - [TEST_STEP][PASSED] - click: Object: 'Object Repository/Page_KiboPush  Dashboard/span_Broadcasts' is clicked on

2018-08-10 14:51:13 - [MESSAGE][PASSED] - Object: 'Object Repository/Page_KiboPush  Dashboard/span_Broadcasts' is clicked on

2018-08-10 14:51:13 - [TEST_STEP][PASSED] - click: Object: 'Object Repository/Page_KiboPush  Broadcast/span_Create New Broadcast (1)' is clicked on

2018-08-10 14:51:18 - [MESSAGE][PASSED] - Object: 'Object Repository/Page_KiboPush  Broadcast/span_Create New Broadcast (1)' is clicked on

2018-08-10 14:51:18 - [TEST_STEP][PASSED] - click: Object: 'Object Repository/Page_KiboPush  Broadcast/a_Use Template (1)' is clicked on

2018-08-10 14:51:23 - [MESSAGE][PASSED] - Object: 'Object Repository/Page_KiboPush  Broadcast/a_Use Template (1)' is clicked on

2018-08-10 14:51:23 - [TEST_STEP][PASSED] - selectOptionByValue: All options with value 'Customer Behavior' are selected in object 'Object Repository/Page_KiboPush  Broadcast/select_Filter by Category...Al'  using regular expression

2018-08-10 14:51:25 - [MESSAGE][PASSED] - All options with value 'Customer Behavior' are selected in object 'Object Repository/Page_KiboPush  Broadcast/select_Filter by Category...Al'  using regular expression

2018-08-10 14:51:25 - [TEST_STEP][PASSED] - click: Object: 'Object Repository/Page_KiboPush  Broadcast/span_Category Customer Behavio' is clicked on

2018-08-10 14:51:30 - [MESSAGE][PASSED] - Object: 'Object Repository/Page_KiboPush  Broadcast/span_Category Customer Behavio' is clicked on

2018-08-10 14:51:30 - [TEST_STEP][PASSED] - selectOptionByValue: All options with value 'Product Use' are selected in object 'Object Repository/Page_KiboPush  Broadcast/select_Filter by Category...Al'  using regular expression

2018-08-10 14:51:30 - [MESSAGE][PASSED] - All options with value 'Product Use' are selected in object 'Object Repository/Page_KiboPush  Broadcast/select_Filter by Category...Al'  using regular expression

2018-08-10 14:51:30 - [TEST_STEP][PASSED] - click: Object: 'Object Repository/Page_KiboPush  Broadcast/span_Category Product Use' is clicked on

2018-08-10 14:51:36 - [MESSAGE][PASSED] - Object: 'Object Repository/Page_KiboPush  Broadcast/span_Category Product Use' is clicked on

2018-08-10 14:51:36 - [TEST_STEP][PASSED] - selectOptionByValue: All options with value 'Entertain and Engage' are selected in object 'Object Repository/Page_KiboPush  Broadcast/select_Filter by Category...Al'  using regular expression

2018-08-10 14:51:36 - [MESSAGE][PASSED] - All options with value 'Entertain and Engage' are selected in object 'Object Repository/Page_KiboPush  Broadcast/select_Filter by Category...Al'  using regular expression

2018-08-10 14:51:36 - [TEST_STEP][PASSED] - click: Object: 'Object Repository/Page_KiboPush  Broadcast/span_Category Entertain and En' is clicked on

2018-08-10 14:51:41 - [MESSAGE][PASSED] - Object: 'Object Repository/Page_KiboPush  Broadcast/span_Category Entertain and En' is clicked on

2018-08-10 14:51:41 - [TEST_STEP][PASSED] - closeBrowser: Browser is closed

2018-08-10 14:51:41 - [MESSAGE][PASSED] - Browser is closed]]></system-out>
         <system-err><![CDATA[]]></system-err>
      </testcase>
      <testcase name="Test Cases/TC0130" classname="Test Cases/TC0130" status="PASSED">
         <system-out><![CDATA[2018-08-10 14:51:41 - [TEST_CASE][PASSED] - Test Cases/TC0130: Test Cases/TC0130

2018-08-10 14:51:41 - [TEST_STEP][PASSED] - callTestCase: Call Test Case 'Test Cases/Login' successfully

2018-08-10 14:51:41 - [TEST_CASE][PASSED] - Test Cases/Login: Test Cases/Login

2018-08-10 14:51:41 - [TEST_STEP][PASSED] - openBrowser: Browser is opened with url: ''

2018-08-10 14:51:42 - [MESSAGE][PASSED] - Browser is opened with url: ''

2018-08-10 14:51:42 - [TEST_STEP][PASSED] - navigateToUrl: Navigate to 'https://staging.kibopush.com/' successfully

2018-08-10 14:51:51 - [MESSAGE][PASSED] - Navigate to 'https://staging.kibopush.com/' successfully

2018-08-10 14:51:51 - [TEST_STEP][PASSED] - click: Object: 'Object Repository/Page_KiboPush  Sign In/a_Login' is clicked on

2018-08-10 14:51:51 - [MESSAGE][PASSED] - Object: 'Object Repository/Page_KiboPush  Sign In/a_Login' is clicked on

2018-08-10 14:51:51 - [TEST_STEP][PASSED] - click: Object: 'Object Repository/Page_KiboPush  Sign In/button_Team Account' is clicked on

2018-08-10 14:51:51 - [MESSAGE][PASSED] - Object: 'Object Repository/Page_KiboPush  Sign In/button_Team Account' is clicked on

2018-08-10 14:51:51 - [TEST_STEP][PASSED] - setText: Text 'kibopush.com' is set on object 'Object Repository/Page_KiboPush  Sign In/input_form-control m-input'

2018-08-10 14:51:52 - [MESSAGE][PASSED] - Text 'kibopush.com' is set on object 'Object Repository/Page_KiboPush  Sign In/input_form-control m-input'

2018-08-10 14:51:52 - [TEST_STEP][PASSED] - setText: Text 'bjafri5@gmail.com' is set on object 'Object Repository/Page_KiboPush  Sign In/input_form-control m-input_1'

2018-08-10 14:51:52 - [MESSAGE][PASSED] - Text 'bjafri5@gmail.com' is set on object 'Object Repository/Page_KiboPush  Sign In/input_form-control m-input_1'

2018-08-10 14:51:52 - [TEST_STEP][PASSED] - setEncryptedText: Text ****** has been set on object 'Object Repository/Page_KiboPush  Sign In/input_form-control m-input_2'

2018-08-10 14:51:52 - [MESSAGE][PASSED] - Text ****** has been set on object 'Object Repository/Page_KiboPush  Sign In/input_form-control m-input_2'

2018-08-10 14:51:52 - [TEST_STEP][PASSED] - click: Object: 'Object Repository/Page_KiboPush  Sign In/button_Sign In' is clicked on

2018-08-10 14:51:52 - [MESSAGE][PASSED] - Object: 'Object Repository/Page_KiboPush  Sign In/button_Sign In' is clicked on

2018-08-10 14:51:52 - [MESSAGE][PASSED] - Call Test Case 'Test Cases/Login' successfully

2018-08-10 14:51:52 - [TEST_STEP][PASSED] - click: Object: 'Object Repository/Page_KiboPush  Dashboard/span_Broadcasts' is clicked on

2018-08-10 14:51:54 - [MESSAGE][PASSED] - Object: 'Object Repository/Page_KiboPush  Dashboard/span_Broadcasts' is clicked on

2018-08-10 14:51:54 - [TEST_STEP][PASSED] - click: Object: 'Object Repository/Page_KiboPush  Broadcast/span_Create New Broadcast' is clicked on

2018-08-10 14:51:54 - [MESSAGE][PASSED] - Object: 'Object Repository/Page_KiboPush  Broadcast/span_Create New Broadcast' is clicked on

2018-08-10 14:51:54 - [TEST_STEP][PASSED] - click: Object: 'Object Repository/Page_KiboPush  Broadcast/a_Use Template' is clicked on

2018-08-10 14:51:55 - [MESSAGE][PASSED] - Object: 'Object Repository/Page_KiboPush  Broadcast/a_Use Template' is clicked on

2018-08-10 14:51:55 - [TEST_STEP][PASSED] - click: Object: 'Object Repository/Page_KiboPush  Broadcast/a_Edit Template' is clicked on

2018-08-10 14:51:55 - [MESSAGE][PASSED] - Object: 'Object Repository/Page_KiboPush  Broadcast/a_Edit Template' is clicked on

2018-08-10 14:51:55 - [TEST_STEP][PASSED] - delay: Delayed 1 second(s)

2018-08-10 14:51:56 - [MESSAGE][PASSED] - Delayed 1 second(s)

2018-08-10 14:51:56 - [TEST_STEP][PASSED] - verifyElementPresent: Object 'Object Repository/Page_KiboPush  Create Broadcast/broadcast_component' is present

2018-08-10 14:51:56 - [MESSAGE][PASSED] - Object 'Object Repository/Page_KiboPush  Create Broadcast/broadcast_component' is present]]></system-out>
         <system-err><![CDATA[]]></system-err>
      </testcase>
      <testcase name="Test Cases/TC0131" classname="Test Cases/TC0131" status="PASSED">
         <system-out><![CDATA[2018-08-10 14:51:56 - [TEST_CASE][PASSED] - Test Cases/TC0131: Test Cases/TC0131

2018-08-10 14:51:56 - [TEST_STEP][PASSED] - callTestCase: Call Test Case 'Test Cases/Login' successfully

2018-08-10 14:51:57 - [TEST_CASE][PASSED] - Test Cases/Login: Test Cases/Login

2018-08-10 14:51:57 - [TEST_STEP][PASSED] - openBrowser: Browser is opened with url: ''

2018-08-10 14:51:57 - [MESSAGE][WARNING] - A browser is already opened. Closing browser and opening a new one

2018-08-10 14:51:58 - [MESSAGE][PASSED] - Browser is opened with url: ''

2018-08-10 14:51:58 - [TEST_STEP][PASSED] - navigateToUrl: Navigate to 'https://staging.kibopush.com/' successfully

2018-08-10 14:52:06 - [MESSAGE][PASSED] - Navigate to 'https://staging.kibopush.com/' successfully

2018-08-10 14:52:06 - [TEST_STEP][PASSED] - click: Object: 'Object Repository/Page_KiboPush  Sign In/a_Login' is clicked on

2018-08-10 14:52:06 - [MESSAGE][PASSED] - Object: 'Object Repository/Page_KiboPush  Sign In/a_Login' is clicked on

2018-08-10 14:52:06 - [TEST_STEP][PASSED] - click: Object: 'Object Repository/Page_KiboPush  Sign In/button_Team Account' is clicked on

2018-08-10 14:52:06 - [MESSAGE][PASSED] - Object: 'Object Repository/Page_KiboPush  Sign In/button_Team Account' is clicked on

2018-08-10 14:52:06 - [TEST_STEP][PASSED] - setText: Text 'kibopush.com' is set on object 'Object Repository/Page_KiboPush  Sign In/input_form-control m-input'

2018-08-10 14:52:07 - [MESSAGE][PASSED] - Text 'kibopush.com' is set on object 'Object Repository/Page_KiboPush  Sign In/input_form-control m-input'

2018-08-10 14:52:07 - [TEST_STEP][PASSED] - setText: Text 'bjafri5@gmail.com' is set on object 'Object Repository/Page_KiboPush  Sign In/input_form-control m-input_1'

2018-08-10 14:52:07 - [MESSAGE][PASSED] - Text 'bjafri5@gmail.com' is set on object 'Object Repository/Page_KiboPush  Sign In/input_form-control m-input_1'

2018-08-10 14:52:07 - [TEST_STEP][PASSED] - setEncryptedText: Text ****** has been set on object 'Object Repository/Page_KiboPush  Sign In/input_form-control m-input_2'

2018-08-10 14:52:07 - [MESSAGE][PASSED] - Text ****** has been set on object 'Object Repository/Page_KiboPush  Sign In/input_form-control m-input_2'

2018-08-10 14:52:07 - [TEST_STEP][PASSED] - click: Object: 'Object Repository/Page_KiboPush  Sign In/button_Sign In' is clicked on

2018-08-10 14:52:07 - [MESSAGE][PASSED] - Object: 'Object Repository/Page_KiboPush  Sign In/button_Sign In' is clicked on

2018-08-10 14:52:07 - [MESSAGE][PASSED] - Call Test Case 'Test Cases/Login' successfully

2018-08-10 14:52:07 - [TEST_STEP][PASSED] - click: Object: 'Object Repository/Page_KiboPush  Dashboard/span_Broadcasts' is clicked on

2018-08-10 14:52:09 - [MESSAGE][PASSED] - Object: 'Object Repository/Page_KiboPush  Dashboard/span_Broadcasts' is clicked on

2018-08-10 14:52:09 - [TEST_STEP][PASSED] - click: Object: 'Object Repository/Page_KiboPush  Broadcast/span_Create New Broadcast' is clicked on

2018-08-10 14:52:09 - [MESSAGE][PASSED] - Object: 'Object Repository/Page_KiboPush  Broadcast/span_Create New Broadcast' is clicked on

2018-08-10 14:52:09 - [TEST_STEP][PASSED] - click: Object: 'Object Repository/Page_KiboPush  Broadcast/a_Create New Broadcast' is clicked on

2018-08-10 14:52:09 - [MESSAGE][PASSED] - Object: 'Object Repository/Page_KiboPush  Broadcast/a_Create New Broadcast' is clicked on

2018-08-10 14:52:09 - [TEST_STEP][PASSED] - delay: Delayed 1 second(s)

2018-08-10 14:52:10 - [MESSAGE][PASSED] - Delayed 1 second(s)

2018-08-10 14:52:10 - [TEST_STEP][PASSED] - click: Object: 'Object Repository/Page_KiboPush  Create Broadcast/div_Text_1' is clicked on

2018-08-10 14:52:11 - [MESSAGE][PASSED] - Object: 'Object Repository/Page_KiboPush  Create Broadcast/div_Text_1' is clicked on

2018-08-10 14:52:11 - [TEST_STEP][PASSED] - verifyElementPresent: Object 'Object Repository/Page_KiboPush  Create Broadcast/text_component' is present

2018-08-10 14:52:11 - [MESSAGE][PASSED] - Object 'Object Repository/Page_KiboPush  Create Broadcast/text_component' is present]]></system-out>
         <system-err><![CDATA[]]></system-err>
      </testcase>
      <testcase name="Test Cases/TC0132" classname="Test Cases/TC0132" status="PASSED">
         <system-out><![CDATA[2018-08-10 14:52:11 - [TEST_CASE][PASSED] - Test Cases/TC0132: Test Cases/TC0132

2018-08-10 14:52:11 - [TEST_STEP][PASSED] - callTestCase: Call Test Case 'Test Cases/Login' successfully

2018-08-10 14:52:11 - [TEST_CASE][PASSED] - Test Cases/Login: Test Cases/Login

2018-08-10 14:52:11 - [TEST_STEP][PASSED] - openBrowser: Browser is opened with url: ''

2018-08-10 14:52:11 - [MESSAGE][WARNING] - A browser is already opened. Closing browser and opening a new one

2018-08-10 14:52:12 - [MESSAGE][PASSED] - Browser is opened with url: ''

2018-08-10 14:52:12 - [TEST_STEP][PASSED] - navigateToUrl: Navigate to 'https://staging.kibopush.com/' successfully

2018-08-10 14:52:24 - [MESSAGE][PASSED] - Navigate to 'https://staging.kibopush.com/' successfully

2018-08-10 14:52:24 - [TEST_STEP][PASSED] - click: Object: 'Object Repository/Page_KiboPush  Sign In/a_Login' is clicked on

2018-08-10 14:52:24 - [MESSAGE][PASSED] - Object: 'Object Repository/Page_KiboPush  Sign In/a_Login' is clicked on

2018-08-10 14:52:24 - [TEST_STEP][PASSED] - click: Object: 'Object Repository/Page_KiboPush  Sign In/button_Team Account' is clicked on

2018-08-10 14:52:24 - [MESSAGE][PASSED] - Object: 'Object Repository/Page_KiboPush  Sign In/button_Team Account' is clicked on

2018-08-10 14:52:24 - [TEST_STEP][PASSED] - setText: Text 'kibopush.com' is set on object 'Object Repository/Page_KiboPush  Sign In/input_form-control m-input'

2018-08-10 14:52:24 - [MESSAGE][PASSED] - Text 'kibopush.com' is set on object 'Object Repository/Page_KiboPush  Sign In/input_form-control m-input'

2018-08-10 14:52:24 - [TEST_STEP][PASSED] - setText: Text 'bjafri5@gmail.com' is set on object 'Object Repository/Page_KiboPush  Sign In/input_form-control m-input_1'

2018-08-10 14:52:24 - [MESSAGE][PASSED] - Text 'bjafri5@gmail.com' is set on object 'Object Repository/Page_KiboPush  Sign In/input_form-control m-input_1'

2018-08-10 14:52:24 - [TEST_STEP][PASSED] - setEncryptedText: Text ****** has been set on object 'Object Repository/Page_KiboPush  Sign In/input_form-control m-input_2'

2018-08-10 14:52:25 - [MESSAGE][PASSED] - Text ****** has been set on object 'Object Repository/Page_KiboPush  Sign In/input_form-control m-input_2'

2018-08-10 14:52:25 - [TEST_STEP][PASSED] - click: Object: 'Object Repository/Page_KiboPush  Sign In/button_Sign In' is clicked on

2018-08-10 14:52:25 - [MESSAGE][PASSED] - Object: 'Object Repository/Page_KiboPush  Sign In/button_Sign In' is clicked on

2018-08-10 14:52:25 - [MESSAGE][PASSED] - Call Test Case 'Test Cases/Login' successfully

2018-08-10 14:52:25 - [TEST_STEP][PASSED] - click: Object: 'Object Repository/Page_KiboPush  Dashboard/span_Broadcasts' is clicked on

2018-08-10 14:52:27 - [MESSAGE][PASSED] - Object: 'Object Repository/Page_KiboPush  Dashboard/span_Broadcasts' is clicked on

2018-08-10 14:52:27 - [TEST_STEP][PASSED] - click: Object: 'Object Repository/Page_KiboPush  Broadcast/span_Create New Broadcast' is clicked on

2018-08-10 14:52:27 - [MESSAGE][PASSED] - Object: 'Object Repository/Page_KiboPush  Broadcast/span_Create New Broadcast' is clicked on

2018-08-10 14:52:27 - [TEST_STEP][PASSED] - click: Object: 'Object Repository/Page_KiboPush  Broadcast/a_Create New Broadcast' is clicked on

2018-08-10 14:52:27 - [MESSAGE][PASSED] - Object: 'Object Repository/Page_KiboPush  Broadcast/a_Create New Broadcast' is clicked on

2018-08-10 14:52:27 - [TEST_STEP][PASSED] - delay: Delayed 1 second(s)

2018-08-10 14:52:28 - [MESSAGE][PASSED] - Delayed 1 second(s)

2018-08-10 14:52:28 - [TEST_STEP][PASSED] - click: Object: 'Object Repository/Page_KiboPush  Create Broadcast/div_Text_1' is clicked on

2018-08-10 14:52:28 - [MESSAGE][PASSED] - Object: 'Object Repository/Page_KiboPush  Create Broadcast/div_Text_1' is clicked on

2018-08-10 14:52:28 - [TEST_STEP][PASSED] - scrollToPosition: Browser is scrolled to position x = 0, y = 0

2018-08-10 14:52:28 - [MESSAGE][PASSED] - Browser is scrolled to position x = 0, y = 0

2018-08-10 14:52:28 - [TEST_STEP][PASSED] - click: Object: 'Object Repository/Page_KiboPush  Create Broadcast/button_Next' is clicked on

2018-08-10 14:52:28 - [MESSAGE][PASSED] - Object: 'Object Repository/Page_KiboPush  Create Broadcast/button_Next' is clicked on

2018-08-10 14:52:28 - [TEST_STEP][PASSED] - click: Object: 'Object Repository/Page_KiboPush  Create Broadcast/div_Text cannot be empty' is clicked on

2018-08-10 14:52:28 - [MESSAGE][PASSED] - Object: 'Object Repository/Page_KiboPush  Create Broadcast/div_Text cannot be empty' is clicked on

2018-08-10 14:52:28 - [TEST_STEP][PASSED] - setText: Text 'X' is set on object 'Object Repository/Page_KiboPush  Create Broadcast/textarea_hoverbordersolid form (1)'

2018-08-10 14:52:29 - [MESSAGE][PASSED] - Text 'X' is set on object 'Object Repository/Page_KiboPush  Create Broadcast/textarea_hoverbordersolid form (1)'

2018-08-10 14:52:29 - [TEST_STEP][PASSED] - closeBrowser: Browser is closed

2018-08-10 14:52:29 - [MESSAGE][PASSED] - Browser is closed]]></system-out>
         <system-err><![CDATA[]]></system-err>
      </testcase>
      <testcase name="Test Cases/TC0133" classname="Test Cases/TC0133" status="PASSED">
         <system-out><![CDATA[2018-08-10 14:52:29 - [TEST_CASE][PASSED] - Test Cases/TC0133: Test Cases/TC0133

2018-08-10 14:52:29 - [TEST_STEP][PASSED] - callTestCase: Call Test Case 'Test Cases/Login' successfully

2018-08-10 14:52:29 - [TEST_CASE][PASSED] - Test Cases/Login: Test Cases/Login

2018-08-10 14:52:29 - [TEST_STEP][PASSED] - openBrowser: Browser is opened with url: ''

2018-08-10 14:52:30 - [MESSAGE][PASSED] - Browser is opened with url: ''

2018-08-10 14:52:30 - [TEST_STEP][PASSED] - navigateToUrl: Navigate to 'https://staging.kibopush.com/' successfully

2018-08-10 14:52:40 - [MESSAGE][PASSED] - Navigate to 'https://staging.kibopush.com/' successfully

2018-08-10 14:52:40 - [TEST_STEP][PASSED] - click: Object: 'Object Repository/Page_KiboPush  Sign In/a_Login' is clicked on

2018-08-10 14:52:40 - [MESSAGE][PASSED] - Object: 'Object Repository/Page_KiboPush  Sign In/a_Login' is clicked on

2018-08-10 14:52:40 - [TEST_STEP][PASSED] - click: Object: 'Object Repository/Page_KiboPush  Sign In/button_Team Account' is clicked on

2018-08-10 14:52:40 - [MESSAGE][PASSED] - Object: 'Object Repository/Page_KiboPush  Sign In/button_Team Account' is clicked on

2018-08-10 14:52:40 - [TEST_STEP][PASSED] - setText: Text 'kibopush.com' is set on object 'Object Repository/Page_KiboPush  Sign In/input_form-control m-input'

2018-08-10 14:52:41 - [MESSAGE][PASSED] - Text 'kibopush.com' is set on object 'Object Repository/Page_KiboPush  Sign In/input_form-control m-input'

2018-08-10 14:52:41 - [TEST_STEP][PASSED] - setText: Text 'bjafri5@gmail.com' is set on object 'Object Repository/Page_KiboPush  Sign In/input_form-control m-input_1'

2018-08-10 14:52:41 - [MESSAGE][PASSED] - Text 'bjafri5@gmail.com' is set on object 'Object Repository/Page_KiboPush  Sign In/input_form-control m-input_1'

2018-08-10 14:52:41 - [TEST_STEP][PASSED] - setEncryptedText: Text ****** has been set on object 'Object Repository/Page_KiboPush  Sign In/input_form-control m-input_2'

2018-08-10 14:52:41 - [MESSAGE][PASSED] - Text ****** has been set on object 'Object Repository/Page_KiboPush  Sign In/input_form-control m-input_2'

2018-08-10 14:52:41 - [TEST_STEP][PASSED] - click: Object: 'Object Repository/Page_KiboPush  Sign In/button_Sign In' is clicked on

2018-08-10 14:52:41 - [MESSAGE][PASSED] - Object: 'Object Repository/Page_KiboPush  Sign In/button_Sign In' is clicked on

2018-08-10 14:52:41 - [MESSAGE][PASSED] - Call Test Case 'Test Cases/Login' successfully

2018-08-10 14:52:41 - [TEST_STEP][PASSED] - click: Object: 'Object Repository/Page_KiboPush  Dashboard/span_Broadcasts' is clicked on

2018-08-10 14:52:43 - [MESSAGE][PASSED] - Object: 'Object Repository/Page_KiboPush  Dashboard/span_Broadcasts' is clicked on

2018-08-10 14:52:43 - [TEST_STEP][PASSED] - click: Object: 'Object Repository/Page_KiboPush  Broadcast/span_Create New Broadcast' is clicked on

2018-08-10 14:52:43 - [MESSAGE][PASSED] - Object: 'Object Repository/Page_KiboPush  Broadcast/span_Create New Broadcast' is clicked on

2018-08-10 14:52:43 - [TEST_STEP][PASSED] - click: Object: 'Object Repository/Page_KiboPush  Broadcast/a_Create New Broadcast' is clicked on

2018-08-10 14:52:44 - [MESSAGE][PASSED] - Object: 'Object Repository/Page_KiboPush  Broadcast/a_Create New Broadcast' is clicked on

2018-08-10 14:52:44 - [TEST_STEP][PASSED] - delay: Delayed 1 second(s)

2018-08-10 14:52:45 - [MESSAGE][PASSED] - Delayed 1 second(s)

2018-08-10 14:52:45 - [TEST_STEP][PASSED] - click: Object: 'Object Repository/Page_KiboPush  Create Broadcast/div_Text' is clicked on

2018-08-10 14:52:45 - [MESSAGE][PASSED] - Object: 'Object Repository/Page_KiboPush  Create Broadcast/div_Text' is clicked on

2018-08-10 14:52:45 - [TEST_STEP][PASSED] - click: Object: 'Object Repository/Page_KiboPush  Create Broadcast/div_ Add Button' is clicked on

2018-08-10 14:52:45 - [MESSAGE][PASSED] - Object: 'Object Repository/Page_KiboPush  Create Broadcast/div_ Add Button' is clicked on

2018-08-10 14:52:45 - [TEST_STEP][PASSED] - setText: Text 'KiboPush' is set on object 'Object Repository/Page_KiboPush  Create Broadcast/input_form-control (9)'

2018-08-10 14:52:45 - [MESSAGE][PASSED] - Text 'KiboPush' is set on object 'Object Repository/Page_KiboPush  Create Broadcast/input_form-control (9)'

2018-08-10 14:52:45 - [TEST_STEP][PASSED] - click: Object: 'Object Repository/Page_KiboPush  Create Broadcast/div_Open a website (5)' is clicked on

2018-08-10 14:52:45 - [MESSAGE][PASSED] - Object: 'Object Repository/Page_KiboPush  Create Broadcast/div_Open a website (5)' is clicked on

2018-08-10 14:52:45 - [TEST_STEP][PASSED] - setText: Text 'kibopush.com' is set on object 'Object Repository/Page_KiboPush  Create Broadcast/input_form-control_1 (5)'

2018-08-10 14:52:46 - [MESSAGE][PASSED] - Text 'kibopush.com' is set on object 'Object Repository/Page_KiboPush  Create Broadcast/input_form-control_1 (5)'

2018-08-10 14:52:46 - [TEST_STEP][PASSED] - click: Object: 'Object Repository/Page_KiboPush  Create Broadcast/button_Done (5)' is clicked on

2018-08-10 14:52:46 - [MESSAGE][PASSED] - Object: 'Object Repository/Page_KiboPush  Create Broadcast/button_Done (5)' is clicked on]]></system-out>
         <system-err><![CDATA[]]></system-err>
      </testcase>
      <testcase name="Test Cases/TC0137" classname="Test Cases/TC0137" status="PASSED">
         <system-out><![CDATA[2018-08-10 14:52:46 - [TEST_CASE][PASSED] - Test Cases/TC0137: Test Cases/TC0137

2018-08-10 14:52:46 - [TEST_STEP][PASSED] - callTestCase: Call Test Case 'Test Cases/Login' successfully

2018-08-10 14:52:46 - [TEST_CASE][PASSED] - Test Cases/Login: Test Cases/Login

2018-08-10 14:52:46 - [TEST_STEP][PASSED] - openBrowser: Browser is opened with url: ''

2018-08-10 14:52:46 - [MESSAGE][WARNING] - A browser is already opened. Closing browser and opening a new one

2018-08-10 14:52:47 - [MESSAGE][PASSED] - Browser is opened with url: ''

2018-08-10 14:52:47 - [TEST_STEP][PASSED] - navigateToUrl: Navigate to 'https://staging.kibopush.com/' successfully

2018-08-10 14:52:58 - [MESSAGE][PASSED] - Navigate to 'https://staging.kibopush.com/' successfully

2018-08-10 14:52:58 - [TEST_STEP][PASSED] - click: Object: 'Object Repository/Page_KiboPush  Sign In/a_Login' is clicked on

2018-08-10 14:52:58 - [MESSAGE][PASSED] - Object: 'Object Repository/Page_KiboPush  Sign In/a_Login' is clicked on

2018-08-10 14:52:58 - [TEST_STEP][PASSED] - click: Object: 'Object Repository/Page_KiboPush  Sign In/button_Team Account' is clicked on

2018-08-10 14:52:58 - [MESSAGE][PASSED] - Object: 'Object Repository/Page_KiboPush  Sign In/button_Team Account' is clicked on

2018-08-10 14:52:58 - [TEST_STEP][PASSED] - setText: Text 'kibopush.com' is set on object 'Object Repository/Page_KiboPush  Sign In/input_form-control m-input'

2018-08-10 14:52:59 - [MESSAGE][PASSED] - Text 'kibopush.com' is set on object 'Object Repository/Page_KiboPush  Sign In/input_form-control m-input'

2018-08-10 14:52:59 - [TEST_STEP][PASSED] - setText: Text 'bjafri5@gmail.com' is set on object 'Object Repository/Page_KiboPush  Sign In/input_form-control m-input_1'

2018-08-10 14:52:59 - [MESSAGE][PASSED] - Text 'bjafri5@gmail.com' is set on object 'Object Repository/Page_KiboPush  Sign In/input_form-control m-input_1'

2018-08-10 14:52:59 - [TEST_STEP][PASSED] - setEncryptedText: Text ****** has been set on object 'Object Repository/Page_KiboPush  Sign In/input_form-control m-input_2'

2018-08-10 14:52:59 - [MESSAGE][PASSED] - Text ****** has been set on object 'Object Repository/Page_KiboPush  Sign In/input_form-control m-input_2'

2018-08-10 14:52:59 - [TEST_STEP][PASSED] - click: Object: 'Object Repository/Page_KiboPush  Sign In/button_Sign In' is clicked on

2018-08-10 14:52:59 - [MESSAGE][PASSED] - Object: 'Object Repository/Page_KiboPush  Sign In/button_Sign In' is clicked on

2018-08-10 14:52:59 - [MESSAGE][PASSED] - Call Test Case 'Test Cases/Login' successfully

2018-08-10 14:52:59 - [TEST_STEP][PASSED] - click: Object: 'Object Repository/Page_KiboPush  Dashboard/span_Broadcasts' is clicked on

2018-08-10 14:53:01 - [MESSAGE][PASSED] - Object: 'Object Repository/Page_KiboPush  Dashboard/span_Broadcasts' is clicked on

2018-08-10 14:53:01 - [TEST_STEP][PASSED] - click: Object: 'Object Repository/Page_KiboPush  Broadcast/span_Create New Broadcast' is clicked on

2018-08-10 14:53:01 - [MESSAGE][PASSED] - Object: 'Object Repository/Page_KiboPush  Broadcast/span_Create New Broadcast' is clicked on

2018-08-10 14:53:01 - [TEST_STEP][PASSED] - click: Object: 'Object Repository/Page_KiboPush  Broadcast/a_Create New Broadcast' is clicked on

2018-08-10 14:53:02 - [MESSAGE][PASSED] - Object: 'Object Repository/Page_KiboPush  Broadcast/a_Create New Broadcast' is clicked on

2018-08-10 14:53:02 - [TEST_STEP][PASSED] - delay: Delayed 1 second(s)

2018-08-10 14:53:03 - [MESSAGE][PASSED] - Delayed 1 second(s)

2018-08-10 14:53:03 - [TEST_STEP][PASSED] - click: Object: 'Object Repository/Page_KiboPush  Create Broadcast/div_Image (2)' is clicked on

2018-08-10 14:53:03 - [MESSAGE][PASSED] - Object: 'Object Repository/Page_KiboPush  Create Broadcast/div_Image (2)' is clicked on

2018-08-10 14:53:03 - [TEST_STEP][PASSED] - delay: Delayed 1 second(s)

2018-08-10 14:53:04 - [MESSAGE][PASSED] - Delayed 1 second(s)

2018-08-10 14:53:04 - [TEST_STEP][PASSED] - verifyElementPresent: Object 'Object Repository/Page_KiboPush  Create Broadcast/div_Image_1' is present

2018-08-10 14:53:04 - [MESSAGE][PASSED] - Object 'Object Repository/Page_KiboPush  Create Broadcast/div_Image_1' is present]]></system-out>
         <system-err><![CDATA[]]></system-err>
      </testcase>
      <testcase name="Test Cases/TC0138" classname="Test Cases/TC0138" status="PASSED">
         <system-out><![CDATA[2018-08-10 14:53:04 - [TEST_CASE][PASSED] - Test Cases/TC0138: Test Cases/TC0138

2018-08-10 14:53:04 - [TEST_STEP][PASSED] - openBrowser: Browser is opened with url: ''

2018-08-10 14:53:04 - [MESSAGE][WARNING] - A browser is already opened. Closing browser and opening a new one

2018-08-10 14:53:05 - [MESSAGE][PASSED] - Browser is opened with url: ''

2018-08-10 14:53:05 - [TEST_STEP][PASSED] - navigateToUrl: Navigate to 'https://staging.kibopush.com/' successfully

2018-08-10 14:53:13 - [MESSAGE][PASSED] - Navigate to 'https://staging.kibopush.com/' successfully

2018-08-10 14:53:13 - [TEST_STEP][PASSED] - click: Object: 'Object Repository/Page_KiboPush  Sign In/a_Login' is clicked on

2018-08-10 14:53:13 - [MESSAGE][PASSED] - Object: 'Object Repository/Page_KiboPush  Sign In/a_Login' is clicked on

2018-08-10 14:53:13 - [TEST_STEP][PASSED] - click: Object: 'Object Repository/Page_KiboPush  Sign In/button_Team Account' is clicked on

2018-08-10 14:53:13 - [MESSAGE][PASSED] - Object: 'Object Repository/Page_KiboPush  Sign In/button_Team Account' is clicked on

2018-08-10 14:53:13 - [TEST_STEP][PASSED] - setText: Text 'kibopush.com' is set on object 'Object Repository/Page_KiboPush  Sign In/input_form-control m-input'

2018-08-10 14:53:13 - [MESSAGE][PASSED] - Text 'kibopush.com' is set on object 'Object Repository/Page_KiboPush  Sign In/input_form-control m-input'

2018-08-10 14:53:13 - [TEST_STEP][PASSED] - setText: Text 'bjafri5@gmail.com' is set on object 'Object Repository/Page_KiboPush  Sign In/input_form-control m-input_1'

2018-08-10 14:53:13 - [MESSAGE][PASSED] - Text 'bjafri5@gmail.com' is set on object 'Object Repository/Page_KiboPush  Sign In/input_form-control m-input_1'

2018-08-10 14:53:13 - [TEST_STEP][PASSED] - setEncryptedText: Text ****** has been set on object 'Object Repository/Page_KiboPush  Sign In/input_form-control m-input_2'

2018-08-10 14:53:14 - [MESSAGE][PASSED] - Text ****** has been set on object 'Object Repository/Page_KiboPush  Sign In/input_form-control m-input_2'

2018-08-10 14:53:14 - [TEST_STEP][PASSED] - click: Object: 'Object Repository/Page_KiboPush  Sign In/button_Sign In' is clicked on

2018-08-10 14:53:14 - [MESSAGE][PASSED] - Object: 'Object Repository/Page_KiboPush  Sign In/button_Sign In' is clicked on

2018-08-10 14:53:14 - [TEST_STEP][PASSED] - click: Object: 'Object Repository/Page_KiboPush  Dashboard/span_Broadcasts' is clicked on

2018-08-10 14:53:16 - [MESSAGE][PASSED] - Object: 'Object Repository/Page_KiboPush  Dashboard/span_Broadcasts' is clicked on

2018-08-10 14:53:16 - [TEST_STEP][PASSED] - click: Object: 'Object Repository/Page_KiboPush  Broadcast/button_Create New Broadcast' is clicked on

2018-08-10 14:53:16 - [MESSAGE][PASSED] - Object: 'Object Repository/Page_KiboPush  Broadcast/button_Create New Broadcast' is clicked on

2018-08-10 14:53:16 - [TEST_STEP][PASSED] - click: Object: 'Object Repository/Page_KiboPush  Broadcast/a_Create New Broadcast' is clicked on

2018-08-10 14:53:16 - [MESSAGE][PASSED] - Object: 'Object Repository/Page_KiboPush  Broadcast/a_Create New Broadcast' is clicked on

2018-08-10 14:53:16 - [TEST_STEP][PASSED] - delay: Delayed 1 second(s)

2018-08-10 14:53:17 - [MESSAGE][PASSED] - Delayed 1 second(s)

2018-08-10 14:53:17 - [TEST_STEP][PASSED] - click: Object: 'Object Repository/Page_KiboPush  Create Broadcast/div_Image (3)' is clicked on

2018-08-10 14:53:17 - [MESSAGE][PASSED] - Object: 'Object Repository/Page_KiboPush  Create Broadcast/div_Image (3)' is clicked on

2018-08-10 14:53:17 - [TEST_STEP][PASSED] - delay: Delayed 1 second(s)

2018-08-10 14:53:18 - [MESSAGE][PASSED] - Delayed 1 second(s)

2018-08-10 14:53:18 - [TEST_STEP][PASSED] - click: Object: 'Object Repository/Page_KiboPush  Create Broadcast/button_Next (1)' is clicked on

2018-08-10 14:53:18 - [MESSAGE][PASSED] - Object: 'Object Repository/Page_KiboPush  Create Broadcast/button_Next (1)' is clicked on

2018-08-10 14:53:18 - [TEST_STEP][PASSED] - click: Object: 'Object Repository/Page_KiboPush  Create Broadcast/div_Select a valid image' is clicked on

2018-08-10 14:53:19 - [MESSAGE][PASSED] - Object: 'Object Repository/Page_KiboPush  Create Broadcast/div_Select a valid image' is clicked on

2018-08-10 14:53:19 - [TEST_STEP][PASSED] - closeBrowser: Browser is closed

2018-08-10 14:53:19 - [MESSAGE][PASSED] - Browser is closed]]></system-out>
         <system-err><![CDATA[]]></system-err>
      </testcase>
      <testcase name="Test Cases/TC0139" classname="Test Cases/TC0139" status="PASSED">
         <system-out><![CDATA[2018-08-10 14:53:19 - [TEST_CASE][PASSED] - Test Cases/TC0139: Test Cases/TC0139

2018-08-10 14:53:19 - [TEST_STEP][PASSED] - openBrowser: Browser is opened with url: ''

2018-08-10 14:53:20 - [MESSAGE][PASSED] - Browser is opened with url: ''

2018-08-10 14:53:20 - [TEST_STEP][PASSED] - navigateToUrl: Navigate to 'https://staging.kibopush.com/' successfully

2018-08-10 14:53:31 - [MESSAGE][PASSED] - Navigate to 'https://staging.kibopush.com/' successfully

2018-08-10 14:53:31 - [TEST_STEP][PASSED] - click: Object: 'Object Repository/Page_KiboPush  Sign In/a_Login' is clicked on

2018-08-10 14:53:31 - [MESSAGE][PASSED] - Object: 'Object Repository/Page_KiboPush  Sign In/a_Login' is clicked on

2018-08-10 14:53:31 - [TEST_STEP][PASSED] - click: Object: 'Object Repository/Page_KiboPush  Sign In/button_Team Account' is clicked on

2018-08-10 14:53:31 - [MESSAGE][PASSED] - Object: 'Object Repository/Page_KiboPush  Sign In/button_Team Account' is clicked on

2018-08-10 14:53:31 - [TEST_STEP][PASSED] - setText: Text 'kibopush.com' is set on object 'Object Repository/Page_KiboPush  Sign In/input_form-control m-input'

2018-08-10 14:53:32 - [MESSAGE][PASSED] - Text 'kibopush.com' is set on object 'Object Repository/Page_KiboPush  Sign In/input_form-control m-input'

2018-08-10 14:53:32 - [TEST_STEP][PASSED] - setText: Text 'bjafri5@gmail.com' is set on object 'Object Repository/Page_KiboPush  Sign In/input_form-control m-input_1'

2018-08-10 14:53:32 - [MESSAGE][PASSED] - Text 'bjafri5@gmail.com' is set on object 'Object Repository/Page_KiboPush  Sign In/input_form-control m-input_1'

2018-08-10 14:53:32 - [TEST_STEP][PASSED] - setEncryptedText: Text ****** has been set on object 'Object Repository/Page_KiboPush  Sign In/input_form-control m-input_2'

2018-08-10 14:53:32 - [MESSAGE][PASSED] - Text ****** has been set on object 'Object Repository/Page_KiboPush  Sign In/input_form-control m-input_2'

2018-08-10 14:53:32 - [TEST_STEP][PASSED] - click: Object: 'Object Repository/Page_KiboPush  Sign In/button_Sign In' is clicked on

2018-08-10 14:53:32 - [MESSAGE][PASSED] - Object: 'Object Repository/Page_KiboPush  Sign In/button_Sign In' is clicked on

2018-08-10 14:53:32 - [TEST_STEP][PASSED] - click: Object: 'Object Repository/Page_KiboPush  Dashboard/span_Broadcasts' is clicked on

2018-08-10 14:53:34 - [MESSAGE][PASSED] - Object: 'Object Repository/Page_KiboPush  Dashboard/span_Broadcasts' is clicked on

2018-08-10 14:53:34 - [TEST_STEP][PASSED] - click: Object: 'Object Repository/Page_KiboPush  Broadcast/button_Create New Broadcast' is clicked on

2018-08-10 14:53:34 - [MESSAGE][PASSED] - Object: 'Object Repository/Page_KiboPush  Broadcast/button_Create New Broadcast' is clicked on

2018-08-10 14:53:34 - [TEST_STEP][PASSED] - click: Object: 'Object Repository/Page_KiboPush  Broadcast/a_Create New Broadcast' is clicked on

2018-08-10 14:53:35 - [MESSAGE][PASSED] - Object: 'Object Repository/Page_KiboPush  Broadcast/a_Create New Broadcast' is clicked on

2018-08-10 14:53:35 - [TEST_STEP][PASSED] - delay: Delayed 1 second(s)

2018-08-10 14:53:36 - [MESSAGE][PASSED] - Delayed 1 second(s)

2018-08-10 14:53:36 - [TEST_STEP][PASSED] - click: Object: 'Object Repository/Page_KiboPush  Create Broadcast/div_Image (1)' is clicked on

2018-08-10 14:53:36 - [MESSAGE][PASSED] - Object: 'Object Repository/Page_KiboPush  Create Broadcast/div_Image (1)' is clicked on

2018-08-10 14:53:36 - [TEST_STEP][PASSED] - delay: Delayed 1 second(s)

2018-08-10 14:53:37 - [MESSAGE][PASSED] - Delayed 1 second(s)

2018-08-10 14:53:37 - [TEST_STEP][PASSED] - Statement - driver = com.kms.katalon.core.webui.driver.DriverFactory.getWebDriver(): null

2018-08-10 14:53:37 - [TEST_STEP][PASSED] - Statement - upload = driver.findElement(org.openqa.selenium.By.xpath("//input[@type='file']")): null

2018-08-10 14:53:37 - [TEST_STEP][PASSED] - Statement - img = com.kms.katalon.core.configuration.RunConfiguration.getProjectDir() + "/sample.jpg": null

2018-08-10 14:53:37 - [TEST_STEP][PASSED] - Statement - upload.sendKeys(img): null

2018-08-10 14:53:37 - [TEST_STEP][PASSED] - delay: Delayed 5 second(s)

2018-08-10 14:53:42 - [MESSAGE][PASSED] - Delayed 5 second(s)

2018-08-10 14:53:42 - [TEST_STEP][PASSED] - verifyElementPresent: Object 'Object Repository/Page_KiboPush  Create Broadcast/img' is present

2018-08-10 14:53:42 - [MESSAGE][PASSED] - Object 'Object Repository/Page_KiboPush  Create Broadcast/img' is present

2018-08-10 14:53:42 - [TEST_STEP][PASSED] - closeBrowser: Browser is closed

2018-08-10 14:53:42 - [MESSAGE][PASSED] - Browser is closed]]></system-out>
         <system-err><![CDATA[]]></system-err>
      </testcase>
      <testcase name="Test Cases/TC0141" classname="Test Cases/TC0141" status="PASSED">
         <system-out><![CDATA[2018-08-10 14:53:42 - [TEST_CASE][PASSED] - Test Cases/TC0141: Test Cases/TC0141

2018-08-10 14:53:42 - [TEST_STEP][PASSED] - callTestCase: Call Test Case 'Test Cases/Login' successfully

2018-08-10 14:53:42 - [TEST_CASE][PASSED] - Test Cases/Login: Test Cases/Login

2018-08-10 14:53:42 - [TEST_STEP][PASSED] - openBrowser: Browser is opened with url: ''

2018-08-10 14:53:43 - [MESSAGE][PASSED] - Browser is opened with url: ''

2018-08-10 14:53:43 - [TEST_STEP][PASSED] - navigateToUrl: Navigate to 'https://staging.kibopush.com/' successfully

2018-08-10 14:53:55 - [MESSAGE][PASSED] - Navigate to 'https://staging.kibopush.com/' successfully

2018-08-10 14:53:55 - [TEST_STEP][PASSED] - click: Object: 'Object Repository/Page_KiboPush  Sign In/a_Login' is clicked on

2018-08-10 14:53:55 - [MESSAGE][PASSED] - Object: 'Object Repository/Page_KiboPush  Sign In/a_Login' is clicked on

2018-08-10 14:53:55 - [TEST_STEP][PASSED] - click: Object: 'Object Repository/Page_KiboPush  Sign In/button_Team Account' is clicked on

2018-08-10 14:53:55 - [MESSAGE][PASSED] - Object: 'Object Repository/Page_KiboPush  Sign In/button_Team Account' is clicked on

2018-08-10 14:53:55 - [TEST_STEP][PASSED] - setText: Text 'kibopush.com' is set on object 'Object Repository/Page_KiboPush  Sign In/input_form-control m-input'

2018-08-10 14:53:55 - [MESSAGE][PASSED] - Text 'kibopush.com' is set on object 'Object Repository/Page_KiboPush  Sign In/input_form-control m-input'

2018-08-10 14:53:55 - [TEST_STEP][PASSED] - setText: Text 'bjafri5@gmail.com' is set on object 'Object Repository/Page_KiboPush  Sign In/input_form-control m-input_1'

2018-08-10 14:53:56 - [MESSAGE][PASSED] - Text 'bjafri5@gmail.com' is set on object 'Object Repository/Page_KiboPush  Sign In/input_form-control m-input_1'

2018-08-10 14:53:56 - [TEST_STEP][PASSED] - setEncryptedText: Text ****** has been set on object 'Object Repository/Page_KiboPush  Sign In/input_form-control m-input_2'

2018-08-10 14:53:56 - [MESSAGE][PASSED] - Text ****** has been set on object 'Object Repository/Page_KiboPush  Sign In/input_form-control m-input_2'

2018-08-10 14:53:56 - [TEST_STEP][PASSED] - click: Object: 'Object Repository/Page_KiboPush  Sign In/button_Sign In' is clicked on

2018-08-10 14:53:56 - [MESSAGE][PASSED] - Object: 'Object Repository/Page_KiboPush  Sign In/button_Sign In' is clicked on

2018-08-10 14:53:56 - [MESSAGE][PASSED] - Call Test Case 'Test Cases/Login' successfully

2018-08-10 14:53:56 - [TEST_STEP][PASSED] - click: Object: 'Object Repository/Page_KiboPush  Dashboard/span_Broadcasts' is clicked on

2018-08-10 14:53:58 - [MESSAGE][PASSED] - Object: 'Object Repository/Page_KiboPush  Dashboard/span_Broadcasts' is clicked on

2018-08-10 14:53:58 - [TEST_STEP][PASSED] - click: Object: 'Object Repository/Page_KiboPush  Broadcast/span_Create New Broadcast' is clicked on

2018-08-10 14:53:58 - [MESSAGE][PASSED] - Object: 'Object Repository/Page_KiboPush  Broadcast/span_Create New Broadcast' is clicked on

2018-08-10 14:53:58 - [TEST_STEP][PASSED] - click: Object: 'Object Repository/Page_KiboPush  Broadcast/a_Create New Broadcast' is clicked on

2018-08-10 14:53:58 - [MESSAGE][PASSED] - Object: 'Object Repository/Page_KiboPush  Broadcast/a_Create New Broadcast' is clicked on

2018-08-10 14:53:58 - [TEST_STEP][PASSED] - delay: Delayed 1 second(s)

2018-08-10 14:53:59 - [MESSAGE][PASSED] - Delayed 1 second(s)

2018-08-10 14:53:59 - [TEST_STEP][PASSED] - click: Object: 'Object Repository/Page_KiboPush  Create Broadcast/div_Card' is clicked on

2018-08-10 14:53:59 - [MESSAGE][PASSED] - Object: 'Object Repository/Page_KiboPush  Create Broadcast/div_Card' is clicked on

2018-08-10 14:53:59 - [TEST_STEP][PASSED] - verifyElementPresent: Object 'Object Repository/Page_KiboPush  Create Broadcast/card_component' is present

2018-08-10 14:54:00 - [MESSAGE][PASSED] - Object 'Object Repository/Page_KiboPush  Create Broadcast/card_component' is present]]></system-out>
         <system-err><![CDATA[]]></system-err>
      </testcase>
      <testcase name="Test Cases/TC0142" classname="Test Cases/TC0142" status="PASSED">
         <system-out><![CDATA[2018-08-10 14:54:00 - [TEST_CASE][PASSED] - Test Cases/TC0142: Test Cases/TC0142

2018-08-10 14:54:00 - [TEST_STEP][PASSED] - openBrowser: Browser is opened with url: ''

2018-08-10 14:54:00 - [MESSAGE][WARNING] - A browser is already opened. Closing browser and opening a new one

2018-08-10 14:54:01 - [MESSAGE][PASSED] - Browser is opened with url: ''

2018-08-10 14:54:01 - [TEST_STEP][PASSED] - navigateToUrl: Navigate to 'https://staging.kibopush.com/' successfully

2018-08-10 14:54:12 - [MESSAGE][PASSED] - Navigate to 'https://staging.kibopush.com/' successfully

2018-08-10 14:54:12 - [TEST_STEP][PASSED] - click: Object: 'Object Repository/Page_KiboPush  Sign In/a_Login' is clicked on

2018-08-10 14:54:13 - [MESSAGE][PASSED] - Object: 'Object Repository/Page_KiboPush  Sign In/a_Login' is clicked on

2018-08-10 14:54:13 - [TEST_STEP][PASSED] - click: Object: 'Object Repository/Page_KiboPush  Sign In/button_Team Account' is clicked on

2018-08-10 14:54:13 - [MESSAGE][PASSED] - Object: 'Object Repository/Page_KiboPush  Sign In/button_Team Account' is clicked on

2018-08-10 14:54:13 - [TEST_STEP][PASSED] - setText: Text 'kibopush.com' is set on object 'Object Repository/Page_KiboPush  Sign In/input_form-control m-input'

2018-08-10 14:54:13 - [MESSAGE][PASSED] - Text 'kibopush.com' is set on object 'Object Repository/Page_KiboPush  Sign In/input_form-control m-input'

2018-08-10 14:54:13 - [TEST_STEP][PASSED] - setText: Text 'bjafri5@gmail.com' is set on object 'Object Repository/Page_KiboPush  Sign In/input_form-control m-input_1'

2018-08-10 14:54:13 - [MESSAGE][PASSED] - Text 'bjafri5@gmail.com' is set on object 'Object Repository/Page_KiboPush  Sign In/input_form-control m-input_1'

2018-08-10 14:54:13 - [TEST_STEP][PASSED] - setEncryptedText: Text ****** has been set on object 'Object Repository/Page_KiboPush  Sign In/input_form-control m-input_2'

2018-08-10 14:54:13 - [MESSAGE][PASSED] - Text ****** has been set on object 'Object Repository/Page_KiboPush  Sign In/input_form-control m-input_2'

2018-08-10 14:54:13 - [TEST_STEP][PASSED] - click: Object: 'Object Repository/Page_KiboPush  Sign In/button_Sign In' is clicked on

2018-08-10 14:54:14 - [MESSAGE][PASSED] - Object: 'Object Repository/Page_KiboPush  Sign In/button_Sign In' is clicked on

2018-08-10 14:54:14 - [TEST_STEP][PASSED] - click: Object: 'Object Repository/Page_KiboPush  Dashboard/span_Broadcasts' is clicked on

2018-08-10 14:54:15 - [MESSAGE][PASSED] - Object: 'Object Repository/Page_KiboPush  Dashboard/span_Broadcasts' is clicked on

2018-08-10 14:54:15 - [TEST_STEP][PASSED] - click: Object: 'Object Repository/Page_KiboPush  Broadcast/span_Create New Broadcast' is clicked on

2018-08-10 14:54:16 - [MESSAGE][PASSED] - Object: 'Object Repository/Page_KiboPush  Broadcast/span_Create New Broadcast' is clicked on

2018-08-10 14:54:16 - [TEST_STEP][PASSED] - click: Object: 'Object Repository/Page_KiboPush  Broadcast/a_Create New Broadcast' is clicked on

2018-08-10 14:54:16 - [MESSAGE][PASSED] - Object: 'Object Repository/Page_KiboPush  Broadcast/a_Create New Broadcast' is clicked on

2018-08-10 14:54:16 - [TEST_STEP][PASSED] - delay: Delayed 1 second(s)

2018-08-10 14:54:17 - [MESSAGE][PASSED] - Delayed 1 second(s)

2018-08-10 14:54:17 - [TEST_STEP][PASSED] - click: Object: 'Object Repository/Page_KiboPush  Create Broadcast/div_Card (1)' is clicked on

2018-08-10 14:54:17 - [MESSAGE][PASSED] - Object: 'Object Repository/Page_KiboPush  Create Broadcast/div_Card (1)' is clicked on

2018-08-10 14:54:17 - [TEST_STEP][PASSED] - setText: Text 'Card Title' is set on object 'Object Repository/Page_KiboPush  Create Broadcast/input_form-control (3)'

2018-08-10 14:54:18 - [MESSAGE][PASSED] - Text 'Card Title' is set on object 'Object Repository/Page_KiboPush  Create Broadcast/input_form-control (3)'

2018-08-10 14:54:18 - [TEST_STEP][PASSED] - setText: Text 'Card Subtitle' is set on object 'Object Repository/Page_KiboPush  Create Broadcast/textarea_form-control'

2018-08-10 14:54:18 - [MESSAGE][PASSED] - Text 'Card Subtitle' is set on object 'Object Repository/Page_KiboPush  Create Broadcast/textarea_form-control'

2018-08-10 14:54:18 - [TEST_STEP][PASSED] - scrollToPosition: Browser is scrolled to position x = 0, y = 0

2018-08-10 14:54:18 - [MESSAGE][PASSED] - Browser is scrolled to position x = 0, y = 0

2018-08-10 14:54:18 - [TEST_STEP][PASSED] - click: Object: 'Object Repository/Page_KiboPush  Create Broadcast/button_Next (2)' is clicked on

2018-08-10 14:54:18 - [MESSAGE][PASSED] - Object: 'Object Repository/Page_KiboPush  Create Broadcast/button_Next (2)' is clicked on

2018-08-10 14:54:18 - [TEST_STEP][PASSED] - click: Object: 'Object Repository/Page_KiboPush  Create Broadcast/div_Card must have an image' is clicked on

2018-08-10 14:54:18 - [MESSAGE][PASSED] - Object: 'Object Repository/Page_KiboPush  Create Broadcast/div_Card must have an image' is clicked on

2018-08-10 14:54:18 - [TEST_STEP][PASSED] - closeBrowser: Browser is closed

2018-08-10 14:54:18 - [MESSAGE][PASSED] - Browser is closed]]></system-out>
         <system-err><![CDATA[]]></system-err>
      </testcase>
      <testcase name="Test Cases/TC0143" classname="Test Cases/TC0143" status="PASSED">
         <system-out><![CDATA[2018-08-10 14:54:18 - [TEST_CASE][PASSED] - Test Cases/TC0143: Test Cases/TC0143

2018-08-10 14:54:18 - [TEST_STEP][PASSED] - callTestCase: Call Test Case 'Test Cases/Login' successfully

2018-08-10 14:54:18 - [TEST_CASE][PASSED] - Test Cases/Login: Test Cases/Login

2018-08-10 14:54:18 - [TEST_STEP][PASSED] - openBrowser: Browser is opened with url: ''

2018-08-10 14:54:19 - [MESSAGE][PASSED] - Browser is opened with url: ''

2018-08-10 14:54:19 - [TEST_STEP][PASSED] - navigateToUrl: Navigate to 'https://staging.kibopush.com/' successfully

2018-08-10 14:54:31 - [MESSAGE][PASSED] - Navigate to 'https://staging.kibopush.com/' successfully

2018-08-10 14:54:31 - [TEST_STEP][PASSED] - click: Object: 'Object Repository/Page_KiboPush  Sign In/a_Login' is clicked on

2018-08-10 14:54:31 - [MESSAGE][PASSED] - Object: 'Object Repository/Page_KiboPush  Sign In/a_Login' is clicked on

2018-08-10 14:54:31 - [TEST_STEP][PASSED] - click: Object: 'Object Repository/Page_KiboPush  Sign In/button_Team Account' is clicked on

2018-08-10 14:54:32 - [MESSAGE][PASSED] - Object: 'Object Repository/Page_KiboPush  Sign In/button_Team Account' is clicked on

2018-08-10 14:54:32 - [TEST_STEP][PASSED] - setText: Text 'kibopush.com' is set on object 'Object Repository/Page_KiboPush  Sign In/input_form-control m-input'

2018-08-10 14:54:32 - [MESSAGE][PASSED] - Text 'kibopush.com' is set on object 'Object Repository/Page_KiboPush  Sign In/input_form-control m-input'

2018-08-10 14:54:32 - [TEST_STEP][PASSED] - setText: Text 'bjafri5@gmail.com' is set on object 'Object Repository/Page_KiboPush  Sign In/input_form-control m-input_1'

2018-08-10 14:54:32 - [MESSAGE][PASSED] - Text 'bjafri5@gmail.com' is set on object 'Object Repository/Page_KiboPush  Sign In/input_form-control m-input_1'

2018-08-10 14:54:32 - [TEST_STEP][PASSED] - setEncryptedText: Text ****** has been set on object 'Object Repository/Page_KiboPush  Sign In/input_form-control m-input_2'

2018-08-10 14:54:32 - [MESSAGE][PASSED] - Text ****** has been set on object 'Object Repository/Page_KiboPush  Sign In/input_form-control m-input_2'

2018-08-10 14:54:32 - [TEST_STEP][PASSED] - click: Object: 'Object Repository/Page_KiboPush  Sign In/button_Sign In' is clicked on

2018-08-10 14:54:32 - [MESSAGE][PASSED] - Object: 'Object Repository/Page_KiboPush  Sign In/button_Sign In' is clicked on

2018-08-10 14:54:32 - [MESSAGE][PASSED] - Call Test Case 'Test Cases/Login' successfully

2018-08-10 14:54:32 - [TEST_STEP][PASSED] - click: Object: 'Object Repository/Page_KiboPush  Dashboard/span_Broadcasts' is clicked on

2018-08-10 14:54:34 - [MESSAGE][PASSED] - Object: 'Object Repository/Page_KiboPush  Dashboard/span_Broadcasts' is clicked on

2018-08-10 14:54:34 - [TEST_STEP][PASSED] - click: Object: 'Object Repository/Page_KiboPush  Broadcast/span_Create New Broadcast' is clicked on

2018-08-10 14:54:34 - [MESSAGE][PASSED] - Object: 'Object Repository/Page_KiboPush  Broadcast/span_Create New Broadcast' is clicked on

2018-08-10 14:54:34 - [TEST_STEP][PASSED] - click: Object: 'Object Repository/Page_KiboPush  Broadcast/a_Create New Broadcast' is clicked on

2018-08-10 14:54:35 - [MESSAGE][PASSED] - Object: 'Object Repository/Page_KiboPush  Broadcast/a_Create New Broadcast' is clicked on

2018-08-10 14:54:35 - [TEST_STEP][PASSED] - delay: Delayed 1 second(s)

2018-08-10 14:54:36 - [MESSAGE][PASSED] - Delayed 1 second(s)

2018-08-10 14:54:36 - [TEST_STEP][PASSED] - click: Object: 'Object Repository/Page_KiboPush  Create Broadcast/div_Card' is clicked on

2018-08-10 14:54:36 - [MESSAGE][PASSED] - Object: 'Object Repository/Page_KiboPush  Create Broadcast/div_Card' is clicked on

2018-08-10 14:54:36 - [TEST_STEP][PASSED] - delay: Delayed 1 second(s)

2018-08-10 14:54:37 - [MESSAGE][PASSED] - Delayed 1 second(s)

2018-08-10 14:54:37 - [TEST_STEP][PASSED] - Statement - img = com.kms.katalon.core.configuration.RunConfiguration.getProjectDir() + "/sample.jpg": null

2018-08-10 14:54:37 - [TEST_STEP][PASSED] - uploadFile: File '/Users/baqarjafri/Katalon Studio/KiboPush/sample.jpg' sent to object: 'Object Repository/Page_KiboPush  Create Broadcast/input_file'

2018-08-10 14:54:37 - [MESSAGE][PASSED] - File '/Users/baqarjafri/Katalon Studio/KiboPush/sample.jpg' sent to object: 'Object Repository/Page_KiboPush  Create Broadcast/input_file'

2018-08-10 14:54:37 - [TEST_STEP][PASSED] - verifyElementPresent: Object 'Object Repository/Page_KiboPush  Create Broadcast/img' is present

2018-08-10 14:54:38 - [MESSAGE][PASSED] - Object 'Object Repository/Page_KiboPush  Create Broadcast/img' is present

2018-08-10 14:54:38 - [TEST_STEP][PASSED] - setText: Text 'Card Subtitle' is set on object 'Object Repository/Page_KiboPush  Create Broadcast/textarea_form-control'

2018-08-10 14:54:38 - [MESSAGE][PASSED] - Text 'Card Subtitle' is set on object 'Object Repository/Page_KiboPush  Create Broadcast/textarea_form-control'

2018-08-10 14:54:38 - [TEST_STEP][PASSED] - scrollToPosition: Browser is scrolled to position x = 0, y = 0

2018-08-10 14:54:38 - [MESSAGE][PASSED] - Browser is scrolled to position x = 0, y = 0

2018-08-10 14:54:38 - [TEST_STEP][PASSED] - click: Object: 'Object Repository/Page_KiboPush  Create Broadcast/button_Next' is clicked on

2018-08-10 14:54:39 - [MESSAGE][PASSED] - Object: 'Object Repository/Page_KiboPush  Create Broadcast/button_Next' is clicked on

2018-08-10 14:54:39 - [TEST_STEP][PASSED] - click: Object: 'Object Repository/Page_KiboPush  Create Broadcast/div_Card must have a Title' is clicked on

2018-08-10 14:54:39 - [MESSAGE][PASSED] - Object: 'Object Repository/Page_KiboPush  Create Broadcast/div_Card must have a Title' is clicked on

2018-08-10 14:54:39 - [TEST_STEP][PASSED] - closeBrowser: Browser is closed

2018-08-10 14:54:39 - [MESSAGE][PASSED] - Browser is closed]]></system-out>
         <system-err><![CDATA[]]></system-err>
      </testcase>
      <testcase name="Test Cases/TC0144" classname="Test Cases/TC0144" status="PASSED">
         <system-out><![CDATA[2018-08-10 14:54:39 - [TEST_CASE][PASSED] - Test Cases/TC0144: Test Cases/TC0144

2018-08-10 14:54:39 - [TEST_STEP][PASSED] - callTestCase: Call Test Case 'Test Cases/Login' successfully

2018-08-10 14:54:39 - [TEST_CASE][PASSED] - Test Cases/Login: Test Cases/Login

2018-08-10 14:54:39 - [TEST_STEP][PASSED] - openBrowser: Browser is opened with url: ''

2018-08-10 14:54:40 - [MESSAGE][PASSED] - Browser is opened with url: ''

2018-08-10 14:54:40 - [TEST_STEP][PASSED] - navigateToUrl: Navigate to 'https://staging.kibopush.com/' successfully

2018-08-10 14:54:48 - [MESSAGE][PASSED] - Navigate to 'https://staging.kibopush.com/' successfully

2018-08-10 14:54:48 - [TEST_STEP][PASSED] - click: Object: 'Object Repository/Page_KiboPush  Sign In/a_Login' is clicked on

2018-08-10 14:54:49 - [MESSAGE][PASSED] - Object: 'Object Repository/Page_KiboPush  Sign In/a_Login' is clicked on

2018-08-10 14:54:49 - [TEST_STEP][PASSED] - click: Object: 'Object Repository/Page_KiboPush  Sign In/button_Team Account' is clicked on

2018-08-10 14:54:49 - [MESSAGE][PASSED] - Object: 'Object Repository/Page_KiboPush  Sign In/button_Team Account' is clicked on

2018-08-10 14:54:49 - [TEST_STEP][PASSED] - setText: Text 'kibopush.com' is set on object 'Object Repository/Page_KiboPush  Sign In/input_form-control m-input'

2018-08-10 14:54:49 - [MESSAGE][PASSED] - Text 'kibopush.com' is set on object 'Object Repository/Page_KiboPush  Sign In/input_form-control m-input'

2018-08-10 14:54:49 - [TEST_STEP][PASSED] - setText: Text 'bjafri5@gmail.com' is set on object 'Object Repository/Page_KiboPush  Sign In/input_form-control m-input_1'

2018-08-10 14:54:49 - [MESSAGE][PASSED] - Text 'bjafri5@gmail.com' is set on object 'Object Repository/Page_KiboPush  Sign In/input_form-control m-input_1'

2018-08-10 14:54:49 - [TEST_STEP][PASSED] - setEncryptedText: Text ****** has been set on object 'Object Repository/Page_KiboPush  Sign In/input_form-control m-input_2'

2018-08-10 14:54:49 - [MESSAGE][PASSED] - Text ****** has been set on object 'Object Repository/Page_KiboPush  Sign In/input_form-control m-input_2'

2018-08-10 14:54:49 - [TEST_STEP][PASSED] - click: Object: 'Object Repository/Page_KiboPush  Sign In/button_Sign In' is clicked on

2018-08-10 14:54:50 - [MESSAGE][PASSED] - Object: 'Object Repository/Page_KiboPush  Sign In/button_Sign In' is clicked on

2018-08-10 14:54:50 - [MESSAGE][PASSED] - Call Test Case 'Test Cases/Login' successfully

2018-08-10 14:54:50 - [TEST_STEP][PASSED] - click: Object: 'Object Repository/Page_KiboPush  Dashboard/span_Broadcasts' is clicked on

2018-08-10 14:54:52 - [MESSAGE][PASSED] - Object: 'Object Repository/Page_KiboPush  Dashboard/span_Broadcasts' is clicked on

2018-08-10 14:54:52 - [TEST_STEP][PASSED] - click: Object: 'Object Repository/Page_KiboPush  Broadcast/span_Create New Broadcast' is clicked on

2018-08-10 14:54:52 - [MESSAGE][PASSED] - Object: 'Object Repository/Page_KiboPush  Broadcast/span_Create New Broadcast' is clicked on

2018-08-10 14:54:52 - [TEST_STEP][PASSED] - click: Object: 'Object Repository/Page_KiboPush  Broadcast/a_Create New Broadcast' is clicked on

2018-08-10 14:54:52 - [MESSAGE][PASSED] - Object: 'Object Repository/Page_KiboPush  Broadcast/a_Create New Broadcast' is clicked on

2018-08-10 14:54:52 - [TEST_STEP][PASSED] - delay: Delayed 1 second(s)

2018-08-10 14:54:53 - [MESSAGE][PASSED] - Delayed 1 second(s)

2018-08-10 14:54:53 - [TEST_STEP][PASSED] - click: Object: 'Object Repository/Page_KiboPush  Create Broadcast/div_Card (3)' is clicked on

2018-08-10 14:54:53 - [MESSAGE][PASSED] - Object: 'Object Repository/Page_KiboPush  Create Broadcast/div_Card (3)' is clicked on

2018-08-10 14:54:53 - [TEST_STEP][PASSED] - delay: Delayed 1 second(s)

2018-08-10 14:54:54 - [MESSAGE][PASSED] - Delayed 1 second(s)

2018-08-10 14:54:54 - [TEST_STEP][PASSED] - Statement - img = com.kms.katalon.core.configuration.RunConfiguration.getProjectDir() + "/sample.jpg": null

2018-08-10 14:54:54 - [TEST_STEP][PASSED] - uploadFile: File '/Users/baqarjafri/Katalon Studio/KiboPush/sample.jpg' sent to object: 'Object Repository/Page_KiboPush  Create Broadcast/input_file'

2018-08-10 14:54:54 - [MESSAGE][PASSED] - File '/Users/baqarjafri/Katalon Studio/KiboPush/sample.jpg' sent to object: 'Object Repository/Page_KiboPush  Create Broadcast/input_file'

2018-08-10 14:54:54 - [TEST_STEP][PASSED] - verifyElementPresent: Object 'Object Repository/Page_KiboPush  Create Broadcast/img' is present

2018-08-10 14:54:55 - [MESSAGE][PASSED] - Object 'Object Repository/Page_KiboPush  Create Broadcast/img' is present

2018-08-10 14:54:55 - [TEST_STEP][PASSED] - setText: Text 'Card Title' is set on object 'Object Repository/Page_KiboPush  Create Broadcast/input_form-control (4)'

2018-08-10 14:54:56 - [MESSAGE][PASSED] - Text 'Card Title' is set on object 'Object Repository/Page_KiboPush  Create Broadcast/input_form-control (4)'

2018-08-10 14:54:56 - [TEST_STEP][PASSED] - scrollToPosition: Browser is scrolled to position x = 0, y = 0

2018-08-10 14:54:56 - [MESSAGE][PASSED] - Browser is scrolled to position x = 0, y = 0

2018-08-10 14:54:56 - [TEST_STEP][PASSED] - click: Object: 'Object Repository/Page_KiboPush  Create Broadcast/button_Next (4)' is clicked on

2018-08-10 14:54:56 - [MESSAGE][PASSED] - Object: 'Object Repository/Page_KiboPush  Create Broadcast/button_Next (4)' is clicked on

2018-08-10 14:54:56 - [TEST_STEP][PASSED] - click: Object: 'Object Repository/Page_KiboPush  Create Broadcast/div_Card must have a subtitle' is clicked on

2018-08-10 14:54:56 - [MESSAGE][PASSED] - Object: 'Object Repository/Page_KiboPush  Create Broadcast/div_Card must have a subtitle' is clicked on

2018-08-10 14:54:56 - [TEST_STEP][PASSED] - closeBrowser: Browser is closed

2018-08-10 14:54:56 - [MESSAGE][PASSED] - Browser is closed]]></system-out>
         <system-err><![CDATA[]]></system-err>
      </testcase>
      <testcase name="Test Cases/TC0145" classname="Test Cases/TC0145" status="PASSED">
         <system-out><![CDATA[2018-08-10 14:54:56 - [TEST_CASE][PASSED] - Test Cases/TC0145: Test Cases/TC0145

2018-08-10 14:54:57 - [TEST_STEP][PASSED] - openBrowser: Browser is opened with url: ''

2018-08-10 14:54:57 - [MESSAGE][PASSED] - Browser is opened with url: ''

2018-08-10 14:54:57 - [TEST_STEP][PASSED] - navigateToUrl: Navigate to 'https://staging.kibopush.com/' successfully

2018-08-10 14:55:06 - [MESSAGE][PASSED] - Navigate to 'https://staging.kibopush.com/' successfully

2018-08-10 14:55:06 - [TEST_STEP][PASSED] - click: Object: 'Object Repository/Page_KiboPush  Sign In/a_Login' is clicked on

2018-08-10 14:55:06 - [MESSAGE][PASSED] - Object: 'Object Repository/Page_KiboPush  Sign In/a_Login' is clicked on

2018-08-10 14:55:06 - [TEST_STEP][PASSED] - click: Object: 'Object Repository/Page_KiboPush  Sign In/button_Team Account' is clicked on

2018-08-10 14:55:06 - [MESSAGE][PASSED] - Object: 'Object Repository/Page_KiboPush  Sign In/button_Team Account' is clicked on

2018-08-10 14:55:06 - [TEST_STEP][PASSED] - setText: Text 'kibopush.com' is set on object 'Object Repository/Page_KiboPush  Sign In/input_form-control m-input'

2018-08-10 14:55:06 - [MESSAGE][PASSED] - Text 'kibopush.com' is set on object 'Object Repository/Page_KiboPush  Sign In/input_form-control m-input'

2018-08-10 14:55:06 - [TEST_STEP][PASSED] - setText: Text 'bjafri5@gmail.com' is set on object 'Object Repository/Page_KiboPush  Sign In/input_form-control m-input_1'

2018-08-10 14:55:06 - [MESSAGE][PASSED] - Text 'bjafri5@gmail.com' is set on object 'Object Repository/Page_KiboPush  Sign In/input_form-control m-input_1'

2018-08-10 14:55:06 - [TEST_STEP][PASSED] - setEncryptedText: Text ****** has been set on object 'Object Repository/Page_KiboPush  Sign In/input_form-control m-input_2'

2018-08-10 14:55:07 - [MESSAGE][PASSED] - Text ****** has been set on object 'Object Repository/Page_KiboPush  Sign In/input_form-control m-input_2'

2018-08-10 14:55:07 - [TEST_STEP][PASSED] - click: Object: 'Object Repository/Page_KiboPush  Sign In/button_Sign In' is clicked on

2018-08-10 14:55:07 - [MESSAGE][PASSED] - Object: 'Object Repository/Page_KiboPush  Sign In/button_Sign In' is clicked on

2018-08-10 14:55:07 - [TEST_STEP][PASSED] - click: Object: 'Object Repository/Page_KiboPush  Dashboard/span_Broadcasts' is clicked on

2018-08-10 14:55:09 - [MESSAGE][PASSED] - Object: 'Object Repository/Page_KiboPush  Dashboard/span_Broadcasts' is clicked on

2018-08-10 14:55:09 - [TEST_STEP][PASSED] - click: Object: 'Object Repository/Page_KiboPush  Broadcast/span_Create New Broadcast' is clicked on

2018-08-10 14:55:09 - [MESSAGE][PASSED] - Object: 'Object Repository/Page_KiboPush  Broadcast/span_Create New Broadcast' is clicked on

2018-08-10 14:55:09 - [TEST_STEP][PASSED] - click: Object: 'Object Repository/Page_KiboPush  Broadcast/a_Create New Broadcast' is clicked on

2018-08-10 14:55:09 - [MESSAGE][PASSED] - Object: 'Object Repository/Page_KiboPush  Broadcast/a_Create New Broadcast' is clicked on

2018-08-10 14:55:09 - [TEST_STEP][PASSED] - delay: Delayed 1 second(s)

2018-08-10 14:55:10 - [MESSAGE][PASSED] - Delayed 1 second(s)

2018-08-10 14:55:10 - [TEST_STEP][PASSED] - click: Object: 'Object Repository/Page_KiboPush  Create Broadcast/div_Card (3) (1)' is clicked on

2018-08-10 14:55:10 - [MESSAGE][PASSED] - Object: 'Object Repository/Page_KiboPush  Create Broadcast/div_Card (3) (1)' is clicked on

2018-08-10 14:55:10 - [TEST_STEP][PASSED] - delay: Delayed 1 second(s)

2018-08-10 14:55:11 - [MESSAGE][PASSED] - Delayed 1 second(s)

2018-08-10 14:55:11 - [TEST_STEP][PASSED] - Statement - driver = com.kms.katalon.core.webui.driver.DriverFactory.getWebDriver(): null

2018-08-10 14:55:11 - [TEST_STEP][PASSED] - Statement - upload = driver.findElement(org.openqa.selenium.By.xpath("//input[@type='file']")): null

2018-08-10 14:55:11 - [TEST_STEP][PASSED] - Statement - img = com.kms.katalon.core.configuration.RunConfiguration.getProjectDir() + "/sample.jpg": null

2018-08-10 14:55:11 - [TEST_STEP][PASSED] - Statement - upload.sendKeys(img): null

2018-08-10 14:55:11 - [TEST_STEP][PASSED] - delay: Delayed 5 second(s)

2018-08-10 14:55:16 - [MESSAGE][PASSED] - Delayed 5 second(s)

2018-08-10 14:55:16 - [TEST_STEP][PASSED] - setText: Text 'Card Title' is set on object 'Object Repository/Page_KiboPush  Create Broadcast/input_form-control (4) (1)'

2018-08-10 14:55:17 - [MESSAGE][PASSED] - Text 'Card Title' is set on object 'Object Repository/Page_KiboPush  Create Broadcast/input_form-control (4) (1)'

2018-08-10 14:55:17 - [TEST_STEP][PASSED] - setText: Text 'Card Subtitle' is set on object 'Object Repository/Page_KiboPush  Create Broadcast/textarea_form-control'

2018-08-10 14:55:17 - [MESSAGE][PASSED] - Text 'Card Subtitle' is set on object 'Object Repository/Page_KiboPush  Create Broadcast/textarea_form-control'

2018-08-10 14:55:17 - [TEST_STEP][PASSED] - scrollToPosition: Browser is scrolled to position x = 0, y = 0

2018-08-10 14:55:17 - [MESSAGE][PASSED] - Browser is scrolled to position x = 0, y = 0

2018-08-10 14:55:17 - [TEST_STEP][PASSED] - click: Object: 'Object Repository/Page_KiboPush  Create Broadcast/button_Next (4) (1)' is clicked on

2018-08-10 14:55:17 - [MESSAGE][PASSED] - Object: 'Object Repository/Page_KiboPush  Create Broadcast/button_Next (4) (1)' is clicked on

2018-08-10 14:55:17 - [TEST_STEP][PASSED] - click: Object: 'Object Repository/Page_KiboPush  Create Broadcast/div_Card must have at least on' is clicked on

2018-08-10 14:55:17 - [MESSAGE][PASSED] - Object: 'Object Repository/Page_KiboPush  Create Broadcast/div_Card must have at least on' is clicked on

2018-08-10 14:55:17 - [TEST_STEP][PASSED] - closeBrowser: Browser is closed

2018-08-10 14:55:17 - [MESSAGE][PASSED] - Browser is closed]]></system-out>
         <system-err><![CDATA[]]></system-err>
      </testcase>
      <testcase name="Test Cases/TC0146" classname="Test Cases/TC0146" status="PASSED">
         <system-out><![CDATA[2018-08-10 14:55:17 - [TEST_CASE][PASSED] - Test Cases/TC0146: Test Cases/TC0146

2018-08-10 14:55:17 - [TEST_STEP][PASSED] - openBrowser: Browser is opened with url: ''

2018-08-10 14:55:18 - [MESSAGE][PASSED] - Browser is opened with url: ''

2018-08-10 14:55:18 - [TEST_STEP][PASSED] - navigateToUrl: Navigate to 'https://staging.kibopush.com/' successfully

2018-08-10 14:55:29 - [MESSAGE][PASSED] - Navigate to 'https://staging.kibopush.com/' successfully

2018-08-10 14:55:29 - [TEST_STEP][PASSED] - click: Object: 'Object Repository/Page_KiboPush  Sign In/a_Login' is clicked on

2018-08-10 14:55:30 - [MESSAGE][PASSED] - Object: 'Object Repository/Page_KiboPush  Sign In/a_Login' is clicked on

2018-08-10 14:55:30 - [TEST_STEP][PASSED] - click: Object: 'Object Repository/Page_KiboPush  Sign In/button_Team Account' is clicked on

2018-08-10 14:55:30 - [MESSAGE][PASSED] - Object: 'Object Repository/Page_KiboPush  Sign In/button_Team Account' is clicked on

2018-08-10 14:55:30 - [TEST_STEP][PASSED] - setText: Text 'kibopush.com' is set on object 'Object Repository/Page_KiboPush  Sign In/input_form-control m-input'

2018-08-10 14:55:30 - [MESSAGE][PASSED] - Text 'kibopush.com' is set on object 'Object Repository/Page_KiboPush  Sign In/input_form-control m-input'

2018-08-10 14:55:30 - [TEST_STEP][PASSED] - setText: Text 'bjafri5@gmail.com' is set on object 'Object Repository/Page_KiboPush  Sign In/input_form-control m-input_1'

2018-08-10 14:55:30 - [MESSAGE][PASSED] - Text 'bjafri5@gmail.com' is set on object 'Object Repository/Page_KiboPush  Sign In/input_form-control m-input_1'

2018-08-10 14:55:30 - [TEST_STEP][PASSED] - setEncryptedText: Text ****** has been set on object 'Object Repository/Page_KiboPush  Sign In/input_form-control m-input_2'

2018-08-10 14:55:31 - [MESSAGE][PASSED] - Text ****** has been set on object 'Object Repository/Page_KiboPush  Sign In/input_form-control m-input_2'

2018-08-10 14:55:31 - [TEST_STEP][PASSED] - click: Object: 'Object Repository/Page_KiboPush  Sign In/button_Sign In' is clicked on

2018-08-10 14:55:31 - [MESSAGE][PASSED] - Object: 'Object Repository/Page_KiboPush  Sign In/button_Sign In' is clicked on

2018-08-10 14:55:31 - [TEST_STEP][PASSED] - click: Object: 'Object Repository/Page_KiboPush  Dashboard/span_Broadcasts' is clicked on

2018-08-10 14:55:33 - [MESSAGE][PASSED] - Object: 'Object Repository/Page_KiboPush  Dashboard/span_Broadcasts' is clicked on

2018-08-10 14:55:33 - [TEST_STEP][PASSED] - click: Object: 'Object Repository/Page_KiboPush  Broadcast/span_Create New Broadcast' is clicked on

2018-08-10 14:55:33 - [MESSAGE][PASSED] - Object: 'Object Repository/Page_KiboPush  Broadcast/span_Create New Broadcast' is clicked on

2018-08-10 14:55:33 - [TEST_STEP][PASSED] - click: Object: 'Object Repository/Page_KiboPush  Broadcast/a_Create New Broadcast' is clicked on

2018-08-10 14:55:33 - [MESSAGE][PASSED] - Object: 'Object Repository/Page_KiboPush  Broadcast/a_Create New Broadcast' is clicked on

2018-08-10 14:55:33 - [TEST_STEP][PASSED] - delay: Delayed 1 second(s)

2018-08-10 14:55:34 - [MESSAGE][PASSED] - Delayed 1 second(s)

2018-08-10 14:55:34 - [TEST_STEP][PASSED] - click: Object: 'Object Repository/Page_KiboPush  Create Broadcast/div_Card (3) (1)' is clicked on

2018-08-10 14:55:34 - [MESSAGE][PASSED] - Object: 'Object Repository/Page_KiboPush  Create Broadcast/div_Card (3) (1)' is clicked on

2018-08-10 14:55:34 - [TEST_STEP][PASSED] - delay: Delayed 1 second(s)

2018-08-10 14:55:35 - [MESSAGE][PASSED] - Delayed 1 second(s)

2018-08-10 14:55:35 - [TEST_STEP][PASSED] - Statement - img = com.kms.katalon.core.configuration.RunConfiguration.getProjectDir() + "/sample.jpg": null

2018-08-10 14:55:35 - [TEST_STEP][PASSED] - uploadFile: File '/Users/baqarjafri/Katalon Studio/KiboPush/sample.jpg' sent to object: 'Object Repository/Page_KiboPush  Create Broadcast/input_file'

2018-08-10 14:55:35 - [MESSAGE][PASSED] - File '/Users/baqarjafri/Katalon Studio/KiboPush/sample.jpg' sent to object: 'Object Repository/Page_KiboPush  Create Broadcast/input_file'

2018-08-10 14:55:35 - [TEST_STEP][PASSED] - verifyElementPresent: Object 'Object Repository/Page_KiboPush  Create Broadcast/img' is present

2018-08-10 14:55:37 - [MESSAGE][PASSED] - Object 'Object Repository/Page_KiboPush  Create Broadcast/img' is present

2018-08-10 14:55:37 - [TEST_STEP][PASSED] - closeBrowser: Browser is closed

2018-08-10 14:55:37 - [MESSAGE][PASSED] - Browser is closed]]></system-out>
         <system-err><![CDATA[]]></system-err>
      </testcase>
      <testcase name="Test Cases/TC0147" classname="Test Cases/TC0147" status="PASSED">
         <system-out><![CDATA[2018-08-10 14:55:37 - [TEST_CASE][PASSED] - Test Cases/TC0147: Test Cases/TC0147

2018-08-10 14:55:37 - [TEST_STEP][PASSED] - openBrowser: Browser is opened with url: ''

2018-08-10 14:55:38 - [MESSAGE][PASSED] - Browser is opened with url: ''

2018-08-10 14:55:38 - [TEST_STEP][PASSED] - navigateToUrl: Navigate to 'https://staging.kibopush.com/' successfully

2018-08-10 14:55:47 - [MESSAGE][PASSED] - Navigate to 'https://staging.kibopush.com/' successfully

2018-08-10 14:55:47 - [TEST_STEP][PASSED] - click: Object: 'Object Repository/Page_KiboPush  Sign In/a_Login' is clicked on

2018-08-10 14:55:47 - [MESSAGE][PASSED] - Object: 'Object Repository/Page_KiboPush  Sign In/a_Login' is clicked on

2018-08-10 14:55:47 - [TEST_STEP][PASSED] - click: Object: 'Object Repository/Page_KiboPush  Sign In/button_Team Account' is clicked on

2018-08-10 14:55:47 - [MESSAGE][PASSED] - Object: 'Object Repository/Page_KiboPush  Sign In/button_Team Account' is clicked on

2018-08-10 14:55:47 - [TEST_STEP][PASSED] - setText: Text 'kibopush.com' is set on object 'Object Repository/Page_KiboPush  Sign In/input_form-control m-input'

2018-08-10 14:55:47 - [MESSAGE][PASSED] - Text 'kibopush.com' is set on object 'Object Repository/Page_KiboPush  Sign In/input_form-control m-input'

2018-08-10 14:55:47 - [TEST_STEP][PASSED] - setText: Text 'bjafri5@gmail.com' is set on object 'Object Repository/Page_KiboPush  Sign In/input_form-control m-input_1'

2018-08-10 14:55:48 - [MESSAGE][PASSED] - Text 'bjafri5@gmail.com' is set on object 'Object Repository/Page_KiboPush  Sign In/input_form-control m-input_1'

2018-08-10 14:55:48 - [TEST_STEP][PASSED] - setEncryptedText: Text ****** has been set on object 'Object Repository/Page_KiboPush  Sign In/input_form-control m-input_2'

2018-08-10 14:55:48 - [MESSAGE][PASSED] - Text ****** has been set on object 'Object Repository/Page_KiboPush  Sign In/input_form-control m-input_2'

2018-08-10 14:55:48 - [TEST_STEP][PASSED] - click: Object: 'Object Repository/Page_KiboPush  Sign In/button_Sign In' is clicked on

2018-08-10 14:55:48 - [MESSAGE][PASSED] - Object: 'Object Repository/Page_KiboPush  Sign In/button_Sign In' is clicked on

2018-08-10 14:55:48 - [TEST_STEP][PASSED] - click: Object: 'Object Repository/Page_KiboPush  Dashboard/span_Broadcasts' is clicked on

2018-08-10 14:55:50 - [MESSAGE][PASSED] - Object: 'Object Repository/Page_KiboPush  Dashboard/span_Broadcasts' is clicked on

2018-08-10 14:55:50 - [TEST_STEP][PASSED] - click: Object: 'Object Repository/Page_KiboPush  Broadcast/span_Create New Broadcast' is clicked on

2018-08-10 14:55:50 - [MESSAGE][PASSED] - Object: 'Object Repository/Page_KiboPush  Broadcast/span_Create New Broadcast' is clicked on

2018-08-10 14:55:50 - [TEST_STEP][PASSED] - click: Object: 'Object Repository/Page_KiboPush  Broadcast/a_Create New Broadcast' is clicked on

2018-08-10 14:55:50 - [MESSAGE][PASSED] - Object: 'Object Repository/Page_KiboPush  Broadcast/a_Create New Broadcast' is clicked on

2018-08-10 14:55:50 - [TEST_STEP][PASSED] - delay: Delayed 1 second(s)

2018-08-10 14:55:51 - [MESSAGE][PASSED] - Delayed 1 second(s)

2018-08-10 14:55:51 - [TEST_STEP][PASSED] - click: Object: 'Object Repository/Page_KiboPush  Create Broadcast/div_Card' is clicked on

2018-08-10 14:55:51 - [MESSAGE][PASSED] - Object: 'Object Repository/Page_KiboPush  Create Broadcast/div_Card' is clicked on

2018-08-10 14:55:51 - [TEST_STEP][PASSED] - click: Object: 'Object Repository/Page_KiboPush  Create Broadcast/div_ Add Button' is clicked on

2018-08-10 14:55:51 - [MESSAGE][PASSED] - Object: 'Object Repository/Page_KiboPush  Create Broadcast/div_ Add Button' is clicked on

2018-08-10 14:55:51 - [TEST_STEP][PASSED] - setText: Text 'KiboPush' is set on object 'Object Repository/Page_KiboPush  Create Broadcast/input_form-control'

2018-08-10 14:55:52 - [MESSAGE][PASSED] - Text 'KiboPush' is set on object 'Object Repository/Page_KiboPush  Create Broadcast/input_form-control'

2018-08-10 14:55:52 - [TEST_STEP][PASSED] - click: Object: 'Object Repository/Page_KiboPush  Create Broadcast/div_Open a website' is clicked on

2018-08-10 14:55:52 - [MESSAGE][PASSED] - Object: 'Object Repository/Page_KiboPush  Create Broadcast/div_Open a website' is clicked on

2018-08-10 14:55:52 - [TEST_STEP][PASSED] - setText: Text 'kibopush.com' is set on object 'Object Repository/Page_KiboPush  Create Broadcast/input_form-control_1'

2018-08-10 14:55:52 - [MESSAGE][PASSED] - Text 'kibopush.com' is set on object 'Object Repository/Page_KiboPush  Create Broadcast/input_form-control_1'

2018-08-10 14:55:52 - [TEST_STEP][PASSED] - click: Object: 'Object Repository/Page_KiboPush  Create Broadcast/button_Done' is clicked on

2018-08-10 14:55:52 - [MESSAGE][PASSED] - Object: 'Object Repository/Page_KiboPush  Create Broadcast/button_Done' is clicked on]]></system-out>
         <system-err><![CDATA[]]></system-err>
      </testcase>
      <testcase name="Test Cases/TC0150" classname="Test Cases/TC0150" status="PASSED">
         <system-out><![CDATA[2018-08-10 14:55:52 - [TEST_CASE][PASSED] - Test Cases/TC0150: Test Cases/TC0150

2018-08-10 14:55:52 - [TEST_STEP][PASSED] - callTestCase: Call Test Case 'Test Cases/Login' successfully

2018-08-10 14:55:52 - [TEST_CASE][PASSED] - Test Cases/Login: Test Cases/Login

2018-08-10 14:55:52 - [TEST_STEP][PASSED] - openBrowser: Browser is opened with url: ''

2018-08-10 14:55:52 - [MESSAGE][WARNING] - A browser is already opened. Closing browser and opening a new one

2018-08-10 14:55:54 - [MESSAGE][PASSED] - Browser is opened with url: ''

2018-08-10 14:55:54 - [TEST_STEP][PASSED] - navigateToUrl: Navigate to 'https://staging.kibopush.com/' successfully

2018-08-10 14:56:01 - [MESSAGE][PASSED] - Navigate to 'https://staging.kibopush.com/' successfully

2018-08-10 14:56:01 - [TEST_STEP][PASSED] - click: Object: 'Object Repository/Page_KiboPush  Sign In/a_Login' is clicked on

2018-08-10 14:56:01 - [MESSAGE][PASSED] - Object: 'Object Repository/Page_KiboPush  Sign In/a_Login' is clicked on

2018-08-10 14:56:01 - [TEST_STEP][PASSED] - click: Object: 'Object Repository/Page_KiboPush  Sign In/button_Team Account' is clicked on

2018-08-10 14:56:01 - [MESSAGE][PASSED] - Object: 'Object Repository/Page_KiboPush  Sign In/button_Team Account' is clicked on

2018-08-10 14:56:01 - [TEST_STEP][PASSED] - setText: Text 'kibopush.com' is set on object 'Object Repository/Page_KiboPush  Sign In/input_form-control m-input'

2018-08-10 14:56:02 - [MESSAGE][PASSED] - Text 'kibopush.com' is set on object 'Object Repository/Page_KiboPush  Sign In/input_form-control m-input'

2018-08-10 14:56:02 - [TEST_STEP][PASSED] - setText: Text 'bjafri5@gmail.com' is set on object 'Object Repository/Page_KiboPush  Sign In/input_form-control m-input_1'

2018-08-10 14:56:02 - [MESSAGE][PASSED] - Text 'bjafri5@gmail.com' is set on object 'Object Repository/Page_KiboPush  Sign In/input_form-control m-input_1'

2018-08-10 14:56:02 - [TEST_STEP][PASSED] - setEncryptedText: Text ****** has been set on object 'Object Repository/Page_KiboPush  Sign In/input_form-control m-input_2'

2018-08-10 14:56:02 - [MESSAGE][PASSED] - Text ****** has been set on object 'Object Repository/Page_KiboPush  Sign In/input_form-control m-input_2'

2018-08-10 14:56:02 - [TEST_STEP][PASSED] - click: Object: 'Object Repository/Page_KiboPush  Sign In/button_Sign In' is clicked on

2018-08-10 14:56:02 - [MESSAGE][PASSED] - Object: 'Object Repository/Page_KiboPush  Sign In/button_Sign In' is clicked on

2018-08-10 14:56:02 - [MESSAGE][PASSED] - Call Test Case 'Test Cases/Login' successfully

2018-08-10 14:56:02 - [TEST_STEP][PASSED] - click: Object: 'Object Repository/Page_KiboPush  Dashboard/span_Broadcasts' is clicked on

2018-08-10 14:56:04 - [MESSAGE][PASSED] - Object: 'Object Repository/Page_KiboPush  Dashboard/span_Broadcasts' is clicked on

2018-08-10 14:56:04 - [TEST_STEP][PASSED] - click: Object: 'Object Repository/Page_KiboPush  Broadcast/span_Create New Broadcast' is clicked on

2018-08-10 14:56:04 - [MESSAGE][PASSED] - Object: 'Object Repository/Page_KiboPush  Broadcast/span_Create New Broadcast' is clicked on

2018-08-10 14:56:04 - [TEST_STEP][PASSED] - click: Object: 'Object Repository/Page_KiboPush  Broadcast/a_Create New Broadcast' is clicked on

2018-08-10 14:56:05 - [MESSAGE][PASSED] - Object: 'Object Repository/Page_KiboPush  Broadcast/a_Create New Broadcast' is clicked on

2018-08-10 14:56:05 - [TEST_STEP][PASSED] - delay: Delayed 1 second(s)

2018-08-10 14:56:06 - [MESSAGE][PASSED] - Delayed 1 second(s)

2018-08-10 14:56:06 - [TEST_STEP][PASSED] - click: Object: 'Object Repository/Page_KiboPush  Create Broadcast/div_Gallery (1)' is clicked on

2018-08-10 14:56:06 - [MESSAGE][PASSED] - Object: 'Object Repository/Page_KiboPush  Create Broadcast/div_Gallery (1)' is clicked on

2018-08-10 14:56:06 - [TEST_STEP][PASSED] - click: Object: 'Object Repository/Page_KiboPush  Create Broadcast/div_New Gallery Component Adde (1)' is clicked on

2018-08-10 14:56:06 - [MESSAGE][PASSED] - Object: 'Object Repository/Page_KiboPush  Create Broadcast/div_New Gallery Component Adde (1)' is clicked on

2018-08-10 14:56:06 - [TEST_STEP][PASSED] - click: Object: 'Object Repository/Page_KiboPush  Create Broadcast/span_slick-arrow slick-next (2)' is clicked on

2018-08-10 14:56:06 - [MESSAGE][PASSED] - Object: 'Object Repository/Page_KiboPush  Create Broadcast/span_slick-arrow slick-next (2)' is clicked on

2018-08-10 14:56:06 - [TEST_STEP][PASSED] - delay: Delayed 1 second(s)

2018-08-10 14:56:07 - [MESSAGE][PASSED] - Delayed 1 second(s)

2018-08-10 14:56:07 - [TEST_STEP][PASSED] - click: Object: 'Object Repository/Page_KiboPush  Create Broadcast/span_slick-arrow slick-prev (1) (1)' is clicked on

2018-08-10 14:56:07 - [MESSAGE][PASSED] - Object: 'Object Repository/Page_KiboPush  Create Broadcast/span_slick-arrow slick-prev (1) (1)' is clicked on

2018-08-10 14:56:07 - [TEST_STEP][PASSED] - delay: Delayed 1 second(s)

2018-08-10 14:56:08 - [MESSAGE][PASSED] - Delayed 1 second(s)]]></system-out>
         <system-err><![CDATA[]]></system-err>
      </testcase>
      <testcase name="Test Cases/TC0151" classname="Test Cases/TC0151" status="PASSED">
         <system-out><![CDATA[2018-08-10 14:56:08 - [TEST_CASE][PASSED] - Test Cases/TC0151: Test Cases/TC0151

2018-08-10 14:56:08 - [TEST_STEP][PASSED] - callTestCase: Call Test Case 'Test Cases/TC0150' successfully

2018-08-10 14:56:08 - [TEST_CASE][PASSED] - Test Cases/TC0150: Test Cases/TC0150

2018-08-10 14:56:08 - [TEST_STEP][PASSED] - callTestCase: Call Test Case 'Test Cases/Login' successfully

2018-08-10 14:56:08 - [TEST_CASE][PASSED] - Test Cases/Login: Test Cases/Login

2018-08-10 14:56:08 - [TEST_STEP][PASSED] - openBrowser: Browser is opened with url: ''

2018-08-10 14:56:08 - [MESSAGE][WARNING] - A browser is already opened. Closing browser and opening a new one

2018-08-10 14:56:09 - [MESSAGE][PASSED] - Browser is opened with url: ''

2018-08-10 14:56:09 - [TEST_STEP][PASSED] - navigateToUrl: Navigate to 'https://staging.kibopush.com/' successfully

2018-08-10 14:56:17 - [MESSAGE][PASSED] - Navigate to 'https://staging.kibopush.com/' successfully

2018-08-10 14:56:17 - [TEST_STEP][PASSED] - click: Object: 'Object Repository/Page_KiboPush  Sign In/a_Login' is clicked on

2018-08-10 14:56:17 - [MESSAGE][PASSED] - Object: 'Object Repository/Page_KiboPush  Sign In/a_Login' is clicked on

2018-08-10 14:56:17 - [TEST_STEP][PASSED] - click: Object: 'Object Repository/Page_KiboPush  Sign In/button_Team Account' is clicked on

2018-08-10 14:56:17 - [MESSAGE][PASSED] - Object: 'Object Repository/Page_KiboPush  Sign In/button_Team Account' is clicked on

2018-08-10 14:56:17 - [TEST_STEP][PASSED] - setText: Text 'kibopush.com' is set on object 'Object Repository/Page_KiboPush  Sign In/input_form-control m-input'

2018-08-10 14:56:18 - [MESSAGE][PASSED] - Text 'kibopush.com' is set on object 'Object Repository/Page_KiboPush  Sign In/input_form-control m-input'

2018-08-10 14:56:18 - [TEST_STEP][PASSED] - setText: Text 'bjafri5@gmail.com' is set on object 'Object Repository/Page_KiboPush  Sign In/input_form-control m-input_1'

2018-08-10 14:56:18 - [MESSAGE][PASSED] - Text 'bjafri5@gmail.com' is set on object 'Object Repository/Page_KiboPush  Sign In/input_form-control m-input_1'

2018-08-10 14:56:18 - [TEST_STEP][PASSED] - setEncryptedText: Text ****** has been set on object 'Object Repository/Page_KiboPush  Sign In/input_form-control m-input_2'

2018-08-10 14:56:18 - [MESSAGE][PASSED] - Text ****** has been set on object 'Object Repository/Page_KiboPush  Sign In/input_form-control m-input_2'

2018-08-10 14:56:18 - [TEST_STEP][PASSED] - click: Object: 'Object Repository/Page_KiboPush  Sign In/button_Sign In' is clicked on

2018-08-10 14:56:18 - [MESSAGE][PASSED] - Object: 'Object Repository/Page_KiboPush  Sign In/button_Sign In' is clicked on

2018-08-10 14:56:18 - [MESSAGE][PASSED] - Call Test Case 'Test Cases/Login' successfully

2018-08-10 14:56:18 - [TEST_STEP][PASSED] - click: Object: 'Object Repository/Page_KiboPush  Dashboard/span_Broadcasts' is clicked on

2018-08-10 14:56:20 - [MESSAGE][PASSED] - Object: 'Object Repository/Page_KiboPush  Dashboard/span_Broadcasts' is clicked on

2018-08-10 14:56:20 - [TEST_STEP][PASSED] - click: Object: 'Object Repository/Page_KiboPush  Broadcast/span_Create New Broadcast' is clicked on

2018-08-10 14:56:20 - [MESSAGE][PASSED] - Object: 'Object Repository/Page_KiboPush  Broadcast/span_Create New Broadcast' is clicked on

2018-08-10 14:56:20 - [TEST_STEP][PASSED] - click: Object: 'Object Repository/Page_KiboPush  Broadcast/a_Create New Broadcast' is clicked on

2018-08-10 14:56:20 - [MESSAGE][PASSED] - Object: 'Object Repository/Page_KiboPush  Broadcast/a_Create New Broadcast' is clicked on

2018-08-10 14:56:20 - [TEST_STEP][PASSED] - delay: Delayed 1 second(s)

2018-08-10 14:56:21 - [MESSAGE][PASSED] - Delayed 1 second(s)

2018-08-10 14:56:21 - [TEST_STEP][PASSED] - click: Object: 'Object Repository/Page_KiboPush  Create Broadcast/div_Gallery (1)' is clicked on

2018-08-10 14:56:22 - [MESSAGE][PASSED] - Object: 'Object Repository/Page_KiboPush  Create Broadcast/div_Gallery (1)' is clicked on

2018-08-10 14:56:22 - [TEST_STEP][PASSED] - click: Object: 'Object Repository/Page_KiboPush  Create Broadcast/div_New Gallery Component Adde (1)' is clicked on

2018-08-10 14:56:22 - [MESSAGE][PASSED] - Object: 'Object Repository/Page_KiboPush  Create Broadcast/div_New Gallery Component Adde (1)' is clicked on

2018-08-10 14:56:22 - [TEST_STEP][PASSED] - click: Object: 'Object Repository/Page_KiboPush  Create Broadcast/span_slick-arrow slick-next (2)' is clicked on

2018-08-10 14:56:22 - [MESSAGE][PASSED] - Object: 'Object Repository/Page_KiboPush  Create Broadcast/span_slick-arrow slick-next (2)' is clicked on

2018-08-10 14:56:22 - [TEST_STEP][PASSED] - delay: Delayed 1 second(s)

2018-08-10 14:56:23 - [MESSAGE][PASSED] - Delayed 1 second(s)

2018-08-10 14:56:23 - [TEST_STEP][PASSED] - click: Object: 'Object Repository/Page_KiboPush  Create Broadcast/span_slick-arrow slick-prev (1) (1)' is clicked on

2018-08-10 14:56:23 - [MESSAGE][PASSED] - Object: 'Object Repository/Page_KiboPush  Create Broadcast/span_slick-arrow slick-prev (1) (1)' is clicked on

2018-08-10 14:56:23 - [TEST_STEP][PASSED] - delay: Delayed 1 second(s)

2018-08-10 14:56:24 - [MESSAGE][PASSED] - Delayed 1 second(s)

2018-08-10 14:56:24 - [MESSAGE][PASSED] - Call Test Case 'Test Cases/TC0150' successfully

2018-08-10 14:56:24 - [TEST_STEP][PASSED] - click: Object: 'Object Repository/Page_KiboPush  Create Broadcast/button_Next (5)' is clicked on

2018-08-10 14:56:24 - [MESSAGE][PASSED] - Object: 'Object Repository/Page_KiboPush  Create Broadcast/button_Next (5)' is clicked on

2018-08-10 14:56:24 - [TEST_STEP][PASSED] - click: Object: 'Object Repository/Page_KiboPush  Create Broadcast/div_All cards in a gallery can' is clicked on

2018-08-10 14:56:24 - [MESSAGE][PASSED] - Object: 'Object Repository/Page_KiboPush  Create Broadcast/div_All cards in a gallery can' is clicked on

2018-08-10 14:56:24 - [TEST_STEP][PASSED] - closeBrowser: Browser is closed

2018-08-10 14:56:24 - [MESSAGE][PASSED] - Browser is closed]]></system-out>
         <system-err><![CDATA[]]></system-err>
      </testcase>
      <testcase name="Test Cases/TC0152" classname="Test Cases/TC0152" status="PASSED">
         <system-out><![CDATA[2018-08-10 14:56:24 - [TEST_CASE][PASSED] - Test Cases/TC0152: Test Cases/TC0152

2018-08-10 14:56:25 - [TEST_STEP][PASSED] - callTestCase: Call Test Case 'Test Cases/TC0150' successfully

2018-08-10 14:56:25 - [TEST_CASE][PASSED] - Test Cases/TC0150: Test Cases/TC0150

2018-08-10 14:56:25 - [TEST_STEP][PASSED] - callTestCase: Call Test Case 'Test Cases/Login' successfully

2018-08-10 14:56:25 - [TEST_CASE][PASSED] - Test Cases/Login: Test Cases/Login

2018-08-10 14:56:25 - [TEST_STEP][PASSED] - openBrowser: Browser is opened with url: ''

2018-08-10 14:56:26 - [MESSAGE][PASSED] - Browser is opened with url: ''

2018-08-10 14:56:26 - [TEST_STEP][PASSED] - navigateToUrl: Navigate to 'https://staging.kibopush.com/' successfully

2018-08-10 14:56:34 - [MESSAGE][PASSED] - Navigate to 'https://staging.kibopush.com/' successfully

2018-08-10 14:56:34 - [TEST_STEP][PASSED] - click: Object: 'Object Repository/Page_KiboPush  Sign In/a_Login' is clicked on

2018-08-10 14:56:34 - [MESSAGE][PASSED] - Object: 'Object Repository/Page_KiboPush  Sign In/a_Login' is clicked on

2018-08-10 14:56:34 - [TEST_STEP][PASSED] - click: Object: 'Object Repository/Page_KiboPush  Sign In/button_Team Account' is clicked on

2018-08-10 14:56:34 - [MESSAGE][PASSED] - Object: 'Object Repository/Page_KiboPush  Sign In/button_Team Account' is clicked on

2018-08-10 14:56:34 - [TEST_STEP][PASSED] - setText: Text 'kibopush.com' is set on object 'Object Repository/Page_KiboPush  Sign In/input_form-control m-input'

2018-08-10 14:56:34 - [MESSAGE][PASSED] - Text 'kibopush.com' is set on object 'Object Repository/Page_KiboPush  Sign In/input_form-control m-input'

2018-08-10 14:56:34 - [TEST_STEP][PASSED] - setText: Text 'bjafri5@gmail.com' is set on object 'Object Repository/Page_KiboPush  Sign In/input_form-control m-input_1'

2018-08-10 14:56:35 - [MESSAGE][PASSED] - Text 'bjafri5@gmail.com' is set on object 'Object Repository/Page_KiboPush  Sign In/input_form-control m-input_1'

2018-08-10 14:56:35 - [TEST_STEP][PASSED] - setEncryptedText: Text ****** has been set on object 'Object Repository/Page_KiboPush  Sign In/input_form-control m-input_2'

2018-08-10 14:56:35 - [MESSAGE][PASSED] - Text ****** has been set on object 'Object Repository/Page_KiboPush  Sign In/input_form-control m-input_2'

2018-08-10 14:56:35 - [TEST_STEP][PASSED] - click: Object: 'Object Repository/Page_KiboPush  Sign In/button_Sign In' is clicked on

2018-08-10 14:56:35 - [MESSAGE][PASSED] - Object: 'Object Repository/Page_KiboPush  Sign In/button_Sign In' is clicked on

2018-08-10 14:56:35 - [MESSAGE][PASSED] - Call Test Case 'Test Cases/Login' successfully

2018-08-10 14:56:35 - [TEST_STEP][PASSED] - click: Object: 'Object Repository/Page_KiboPush  Dashboard/span_Broadcasts' is clicked on

2018-08-10 14:56:37 - [MESSAGE][PASSED] - Object: 'Object Repository/Page_KiboPush  Dashboard/span_Broadcasts' is clicked on

2018-08-10 14:56:37 - [TEST_STEP][PASSED] - click: Object: 'Object Repository/Page_KiboPush  Broadcast/span_Create New Broadcast' is clicked on

2018-08-10 14:56:37 - [MESSAGE][PASSED] - Object: 'Object Repository/Page_KiboPush  Broadcast/span_Create New Broadcast' is clicked on

2018-08-10 14:56:37 - [TEST_STEP][PASSED] - click: Object: 'Object Repository/Page_KiboPush  Broadcast/a_Create New Broadcast' is clicked on

2018-08-10 14:56:37 - [MESSAGE][PASSED] - Object: 'Object Repository/Page_KiboPush  Broadcast/a_Create New Broadcast' is clicked on

2018-08-10 14:56:37 - [TEST_STEP][PASSED] - delay: Delayed 1 second(s)

2018-08-10 14:56:38 - [MESSAGE][PASSED] - Delayed 1 second(s)

2018-08-10 14:56:38 - [TEST_STEP][PASSED] - click: Object: 'Object Repository/Page_KiboPush  Create Broadcast/div_Gallery (1)' is clicked on

2018-08-10 14:56:38 - [MESSAGE][PASSED] - Object: 'Object Repository/Page_KiboPush  Create Broadcast/div_Gallery (1)' is clicked on

2018-08-10 14:56:38 - [TEST_STEP][PASSED] - click: Object: 'Object Repository/Page_KiboPush  Create Broadcast/div_New Gallery Component Adde (1)' is clicked on

2018-08-10 14:56:39 - [MESSAGE][PASSED] - Object: 'Object Repository/Page_KiboPush  Create Broadcast/div_New Gallery Component Adde (1)' is clicked on

2018-08-10 14:56:39 - [TEST_STEP][PASSED] - click: Object: 'Object Repository/Page_KiboPush  Create Broadcast/span_slick-arrow slick-next (2)' is clicked on

2018-08-10 14:56:39 - [MESSAGE][PASSED] - Object: 'Object Repository/Page_KiboPush  Create Broadcast/span_slick-arrow slick-next (2)' is clicked on

2018-08-10 14:56:39 - [TEST_STEP][PASSED] - delay: Delayed 1 second(s)

2018-08-10 14:56:40 - [MESSAGE][PASSED] - Delayed 1 second(s)

2018-08-10 14:56:40 - [TEST_STEP][PASSED] - click: Object: 'Object Repository/Page_KiboPush  Create Broadcast/span_slick-arrow slick-prev (1) (1)' is clicked on

2018-08-10 14:56:40 - [MESSAGE][PASSED] - Object: 'Object Repository/Page_KiboPush  Create Broadcast/span_slick-arrow slick-prev (1) (1)' is clicked on

2018-08-10 14:56:40 - [TEST_STEP][PASSED] - delay: Delayed 1 second(s)

2018-08-10 14:56:41 - [MESSAGE][PASSED] - Delayed 1 second(s)

2018-08-10 14:56:41 - [MESSAGE][PASSED] - Call Test Case 'Test Cases/TC0150' successfully

2018-08-10 14:56:41 - [TEST_STEP][PASSED] - setText: Text 'Title' is set on object 'Object Repository/Page_KiboPush  Create Broadcast/input_form-control (6)'

2018-08-10 14:56:41 - [MESSAGE][PASSED] - Text 'Title' is set on object 'Object Repository/Page_KiboPush  Create Broadcast/input_form-control (6)'

2018-08-10 14:56:48 - [TEST_STEP][PASSED] - setText: Text 'Subtitle' is set on object 'Object Repository/Page_KiboPush  Create Broadcast/textarea_form-control'

2018-08-10 14:56:48 - [MESSAGE][PASSED] - Text 'Subtitle' is set on object 'Object Repository/Page_KiboPush  Create Broadcast/textarea_form-control'

2018-08-10 14:56:48 - [TEST_STEP][PASSED] - click: Object: 'Object Repository/Page_KiboPush  Create Broadcast/h6_ Add Button (1)' is clicked on

2018-08-10 14:56:48 - [MESSAGE][PASSED] - Object: 'Object Repository/Page_KiboPush  Create Broadcast/h6_ Add Button (1)' is clicked on

2018-08-10 14:56:48 - [TEST_STEP][PASSED] - click: Object: 'Object Repository/Page_KiboPush  Create Broadcast/button_Cancel (1)' is clicked on

2018-08-10 14:56:48 - [MESSAGE][PASSED] - Object: 'Object Repository/Page_KiboPush  Create Broadcast/button_Cancel (1)' is clicked on

2018-08-10 14:56:48 - [TEST_STEP][PASSED] - click: Object: 'Object Repository/Page_KiboPush  Create Broadcast/div_ Add Button (3)' is clicked on

2018-08-10 14:56:49 - [MESSAGE][PASSED] - Object: 'Object Repository/Page_KiboPush  Create Broadcast/div_ Add Button (3)' is clicked on

2018-08-10 14:56:49 - [TEST_STEP][PASSED] - setText: Text 'KiboPush' is set on object 'Object Repository/Page_KiboPush  Create Broadcast/input_form-control_1 (2)'

2018-08-10 14:56:49 - [MESSAGE][PASSED] - Text 'KiboPush' is set on object 'Object Repository/Page_KiboPush  Create Broadcast/input_form-control_1 (2)'

2018-08-10 14:56:49 - [TEST_STEP][PASSED] - click: Object: 'Object Repository/Page_KiboPush  Create Broadcast/div_Open a website (2)' is clicked on

2018-08-10 14:56:49 - [MESSAGE][PASSED] - Object: 'Object Repository/Page_KiboPush  Create Broadcast/div_Open a website (2)' is clicked on

2018-08-10 14:56:49 - [TEST_STEP][PASSED] - setText: Text 'kibopush.com' is set on object 'Object Repository/Page_KiboPush  Create Broadcast/input_form-control_2'

2018-08-10 14:56:49 - [MESSAGE][PASSED] - Text 'kibopush.com' is set on object 'Object Repository/Page_KiboPush  Create Broadcast/input_form-control_2'

2018-08-10 14:56:49 - [TEST_STEP][PASSED] - click: Object: 'Object Repository/Page_KiboPush  Create Broadcast/button_Done (2)' is clicked on

2018-08-10 14:56:49 - [MESSAGE][PASSED] - Object: 'Object Repository/Page_KiboPush  Create Broadcast/button_Done (2)' is clicked on

2018-08-10 14:56:49 - [TEST_STEP][PASSED] - scrollToPosition: Browser is scrolled to position x = 0, y = 0

2018-08-10 14:56:50 - [MESSAGE][PASSED] - Browser is scrolled to position x = 0, y = 0

2018-08-10 14:56:50 - [TEST_STEP][PASSED] - delay: Delayed 1 second(s)

2018-08-10 14:56:51 - [MESSAGE][PASSED] - Delayed 1 second(s)

2018-08-10 14:56:51 - [TEST_STEP][PASSED] - click: Object: 'Object Repository/Page_KiboPush  Create Broadcast/button_Next (6)' is clicked on

2018-08-10 14:56:51 - [MESSAGE][PASSED] - Object: 'Object Repository/Page_KiboPush  Create Broadcast/button_Next (6)' is clicked on

2018-08-10 14:56:51 - [TEST_STEP][PASSED] - click: Object: 'Object Repository/Page_KiboPush  Create Broadcast/div_Card in gallery must have _1' is clicked on

2018-08-10 14:56:51 - [MESSAGE][PASSED] - Object: 'Object Repository/Page_KiboPush  Create Broadcast/div_Card in gallery must have _1' is clicked on]]></system-out>
         <system-err><![CDATA[]]></system-err>
      </testcase>
      <testcase name="Test Cases/TC0153" classname="Test Cases/TC0153" status="PASSED">
         <system-out><![CDATA[2018-08-10 14:56:51 - [TEST_CASE][PASSED] - Test Cases/TC0153: Test Cases/TC0153

2018-08-10 14:56:51 - [TEST_STEP][PASSED] - callTestCase: Call Test Case 'Test Cases/TC0150' successfully

2018-08-10 14:56:51 - [TEST_CASE][PASSED] - Test Cases/TC0150: Test Cases/TC0150

2018-08-10 14:56:51 - [TEST_STEP][PASSED] - callTestCase: Call Test Case 'Test Cases/Login' successfully

2018-08-10 14:56:51 - [TEST_CASE][PASSED] - Test Cases/Login: Test Cases/Login

2018-08-10 14:56:51 - [TEST_STEP][PASSED] - openBrowser: Browser is opened with url: ''

2018-08-10 14:56:51 - [MESSAGE][WARNING] - A browser is already opened. Closing browser and opening a new one

2018-08-10 14:56:52 - [MESSAGE][PASSED] - Browser is opened with url: ''

2018-08-10 14:56:52 - [TEST_STEP][PASSED] - navigateToUrl: Navigate to 'https://staging.kibopush.com/' successfully

2018-08-10 14:57:02 - [MESSAGE][PASSED] - Navigate to 'https://staging.kibopush.com/' successfully

2018-08-10 14:57:02 - [TEST_STEP][PASSED] - click: Object: 'Object Repository/Page_KiboPush  Sign In/a_Login' is clicked on

2018-08-10 14:57:02 - [MESSAGE][PASSED] - Object: 'Object Repository/Page_KiboPush  Sign In/a_Login' is clicked on

2018-08-10 14:57:02 - [TEST_STEP][PASSED] - click: Object: 'Object Repository/Page_KiboPush  Sign In/button_Team Account' is clicked on

2018-08-10 14:57:02 - [MESSAGE][PASSED] - Object: 'Object Repository/Page_KiboPush  Sign In/button_Team Account' is clicked on

2018-08-10 14:57:02 - [TEST_STEP][PASSED] - setText: Text 'kibopush.com' is set on object 'Object Repository/Page_KiboPush  Sign In/input_form-control m-input'

2018-08-10 14:57:02 - [MESSAGE][PASSED] - Text 'kibopush.com' is set on object 'Object Repository/Page_KiboPush  Sign In/input_form-control m-input'

2018-08-10 14:57:02 - [TEST_STEP][PASSED] - setText: Text 'bjafri5@gmail.com' is set on object 'Object Repository/Page_KiboPush  Sign In/input_form-control m-input_1'

2018-08-10 14:57:02 - [MESSAGE][PASSED] - Text 'bjafri5@gmail.com' is set on object 'Object Repository/Page_KiboPush  Sign In/input_form-control m-input_1'

2018-08-10 14:57:02 - [TEST_STEP][PASSED] - setEncryptedText: Text ****** has been set on object 'Object Repository/Page_KiboPush  Sign In/input_form-control m-input_2'

2018-08-10 14:57:03 - [MESSAGE][PASSED] - Text ****** has been set on object 'Object Repository/Page_KiboPush  Sign In/input_form-control m-input_2'

2018-08-10 14:57:03 - [TEST_STEP][PASSED] - click: Object: 'Object Repository/Page_KiboPush  Sign In/button_Sign In' is clicked on

2018-08-10 14:57:03 - [MESSAGE][PASSED] - Object: 'Object Repository/Page_KiboPush  Sign In/button_Sign In' is clicked on

2018-08-10 14:57:03 - [MESSAGE][PASSED] - Call Test Case 'Test Cases/Login' successfully

2018-08-10 14:57:03 - [TEST_STEP][PASSED] - click: Object: 'Object Repository/Page_KiboPush  Dashboard/span_Broadcasts' is clicked on

2018-08-10 14:57:05 - [MESSAGE][PASSED] - Object: 'Object Repository/Page_KiboPush  Dashboard/span_Broadcasts' is clicked on

2018-08-10 14:57:05 - [TEST_STEP][PASSED] - click: Object: 'Object Repository/Page_KiboPush  Broadcast/span_Create New Broadcast' is clicked on

2018-08-10 14:57:05 - [MESSAGE][PASSED] - Object: 'Object Repository/Page_KiboPush  Broadcast/span_Create New Broadcast' is clicked on

2018-08-10 14:57:05 - [TEST_STEP][PASSED] - click: Object: 'Object Repository/Page_KiboPush  Broadcast/a_Create New Broadcast' is clicked on

2018-08-10 14:57:05 - [MESSAGE][PASSED] - Object: 'Object Repository/Page_KiboPush  Broadcast/a_Create New Broadcast' is clicked on

2018-08-10 14:57:05 - [TEST_STEP][PASSED] - delay: Delayed 1 second(s)

2018-08-10 14:57:06 - [MESSAGE][PASSED] - Delayed 1 second(s)

2018-08-10 14:57:06 - [TEST_STEP][PASSED] - click: Object: 'Object Repository/Page_KiboPush  Create Broadcast/div_Gallery (1)' is clicked on

2018-08-10 14:57:06 - [MESSAGE][PASSED] - Object: 'Object Repository/Page_KiboPush  Create Broadcast/div_Gallery (1)' is clicked on

2018-08-10 14:57:06 - [TEST_STEP][PASSED] - click: Object: 'Object Repository/Page_KiboPush  Create Broadcast/div_New Gallery Component Adde (1)' is clicked on

2018-08-10 14:57:06 - [MESSAGE][PASSED] - Object: 'Object Repository/Page_KiboPush  Create Broadcast/div_New Gallery Component Adde (1)' is clicked on

2018-08-10 14:57:06 - [TEST_STEP][PASSED] - click: Object: 'Object Repository/Page_KiboPush  Create Broadcast/span_slick-arrow slick-next (2)' is clicked on

2018-08-10 14:57:07 - [MESSAGE][PASSED] - Object: 'Object Repository/Page_KiboPush  Create Broadcast/span_slick-arrow slick-next (2)' is clicked on

2018-08-10 14:57:07 - [TEST_STEP][PASSED] - delay: Delayed 1 second(s)

2018-08-10 14:57:08 - [MESSAGE][PASSED] - Delayed 1 second(s)

2018-08-10 14:57:08 - [TEST_STEP][PASSED] - click: Object: 'Object Repository/Page_KiboPush  Create Broadcast/span_slick-arrow slick-prev (1) (1)' is clicked on

2018-08-10 14:57:08 - [MESSAGE][PASSED] - Object: 'Object Repository/Page_KiboPush  Create Broadcast/span_slick-arrow slick-prev (1) (1)' is clicked on

2018-08-10 14:57:08 - [TEST_STEP][PASSED] - delay: Delayed 1 second(s)

2018-08-10 14:57:09 - [MESSAGE][PASSED] - Delayed 1 second(s)

2018-08-10 14:57:09 - [MESSAGE][PASSED] - Call Test Case 'Test Cases/TC0150' successfully

2018-08-10 14:57:09 - [TEST_STEP][PASSED] - setText: Text 'Subtitle' is set on object 'Object Repository/Page_KiboPush  Create Broadcast/textarea_S'

2018-08-10 14:57:09 - [MESSAGE][PASSED] - Text 'Subtitle' is set on object 'Object Repository/Page_KiboPush  Create Broadcast/textarea_S'

2018-08-10 14:57:09 - [TEST_STEP][PASSED] - click: Object: 'Object Repository/Page_KiboPush  Create Broadcast/div_ Add Button' is clicked on

2018-08-10 14:57:09 - [MESSAGE][PASSED] - Object: 'Object Repository/Page_KiboPush  Create Broadcast/div_ Add Button' is clicked on

2018-08-10 14:57:09 - [TEST_STEP][PASSED] - setText: Text 'KiboPush' is set on object 'Object Repository/Page_KiboPush  Create Broadcast/input_form-control'

2018-08-10 14:57:09 - [MESSAGE][PASSED] - Text 'KiboPush' is set on object 'Object Repository/Page_KiboPush  Create Broadcast/input_form-control'

2018-08-10 14:57:09 - [TEST_STEP][PASSED] - click: Object: 'Object Repository/Page_KiboPush  Create Broadcast/div_Open a website' is clicked on

2018-08-10 14:57:10 - [MESSAGE][PASSED] - Object: 'Object Repository/Page_KiboPush  Create Broadcast/div_Open a website' is clicked on

2018-08-10 14:57:10 - [TEST_STEP][PASSED] - setText: Text 'kibopush.com' is set on object 'Object Repository/Page_KiboPush  Create Broadcast/input_form-control_2'

2018-08-10 14:57:10 - [MESSAGE][PASSED] - Text 'kibopush.com' is set on object 'Object Repository/Page_KiboPush  Create Broadcast/input_form-control_2'

2018-08-10 14:57:10 - [TEST_STEP][PASSED] - click: Object: 'Object Repository/Page_KiboPush  Create Broadcast/button_Done' is clicked on

2018-08-10 14:57:10 - [MESSAGE][PASSED] - Object: 'Object Repository/Page_KiboPush  Create Broadcast/button_Done' is clicked on

2018-08-10 14:57:10 - [TEST_STEP][PASSED] - Statement - img = com.kms.katalon.core.configuration.RunConfiguration.getProjectDir() + "/sample.jpg": null

2018-08-10 14:57:10 - [TEST_STEP][PASSED] - uploadFile: File '/Users/baqarjafri/Katalon Studio/KiboPush/sample.jpg' sent to object: 'Object Repository/Page_KiboPush  Create Broadcast/input_file'

2018-08-10 14:57:10 - [MESSAGE][PASSED] - File '/Users/baqarjafri/Katalon Studio/KiboPush/sample.jpg' sent to object: 'Object Repository/Page_KiboPush  Create Broadcast/input_file'

2018-08-10 14:57:10 - [TEST_STEP][PASSED] - verifyElementPresent: Object 'Object Repository/Page_KiboPush  Create Broadcast/gallery_image' is present

2018-08-10 14:57:11 - [MESSAGE][PASSED] - Object 'Object Repository/Page_KiboPush  Create Broadcast/gallery_image' is present

2018-08-10 14:57:11 - [TEST_STEP][PASSED] - scrollToPosition: Browser is scrolled to position x = 0, y = 0

2018-08-10 14:57:11 - [MESSAGE][PASSED] - Browser is scrolled to position x = 0, y = 0

2018-08-10 14:57:11 - [TEST_STEP][PASSED] - click: Object: 'Object Repository/Page_KiboPush  Create Broadcast/button_Next' is clicked on

2018-08-10 14:57:11 - [MESSAGE][PASSED] - Object: 'Object Repository/Page_KiboPush  Create Broadcast/button_Next' is clicked on

2018-08-10 14:57:11 - [TEST_STEP][PASSED] - click: Object: 'Object Repository/Page_KiboPush  Create Broadcast/div_Card in gallery must have (2)' is clicked on

2018-08-10 14:57:11 - [MESSAGE][PASSED] - Object: 'Object Repository/Page_KiboPush  Create Broadcast/div_Card in gallery must have (2)' is clicked on]]></system-out>
         <system-err><![CDATA[]]></system-err>
      </testcase>
      <testcase name="Test Cases/TC0154" classname="Test Cases/TC0154" status="PASSED">
         <system-out><![CDATA[2018-08-10 14:57:11 - [TEST_CASE][PASSED] - Test Cases/TC0154: Test Cases/TC0154

2018-08-10 14:57:11 - [TEST_STEP][PASSED] - callTestCase: Call Test Case 'Test Cases/TC0150' successfully

2018-08-10 14:57:11 - [TEST_CASE][PASSED] - Test Cases/TC0150: Test Cases/TC0150

2018-08-10 14:57:11 - [TEST_STEP][PASSED] - callTestCase: Call Test Case 'Test Cases/Login' successfully

2018-08-10 14:57:12 - [TEST_CASE][PASSED] - Test Cases/Login: Test Cases/Login

2018-08-10 14:57:12 - [TEST_STEP][PASSED] - openBrowser: Browser is opened with url: ''

2018-08-10 14:57:12 - [MESSAGE][WARNING] - A browser is already opened. Closing browser and opening a new one

2018-08-10 14:57:13 - [MESSAGE][PASSED] - Browser is opened with url: ''

2018-08-10 14:57:13 - [TEST_STEP][PASSED] - navigateToUrl: Navigate to 'https://staging.kibopush.com/' successfully

2018-08-10 14:57:20 - [MESSAGE][PASSED] - Navigate to 'https://staging.kibopush.com/' successfully

2018-08-10 14:57:20 - [TEST_STEP][PASSED] - click: Object: 'Object Repository/Page_KiboPush  Sign In/a_Login' is clicked on

2018-08-10 14:57:20 - [MESSAGE][PASSED] - Object: 'Object Repository/Page_KiboPush  Sign In/a_Login' is clicked on

2018-08-10 14:57:20 - [TEST_STEP][PASSED] - click: Object: 'Object Repository/Page_KiboPush  Sign In/button_Team Account' is clicked on

2018-08-10 14:57:21 - [MESSAGE][PASSED] - Object: 'Object Repository/Page_KiboPush  Sign In/button_Team Account' is clicked on

2018-08-10 14:57:21 - [TEST_STEP][PASSED] - setText: Text 'kibopush.com' is set on object 'Object Repository/Page_KiboPush  Sign In/input_form-control m-input'

2018-08-10 14:57:21 - [MESSAGE][PASSED] - Text 'kibopush.com' is set on object 'Object Repository/Page_KiboPush  Sign In/input_form-control m-input'

2018-08-10 14:57:21 - [TEST_STEP][PASSED] - setText: Text 'bjafri5@gmail.com' is set on object 'Object Repository/Page_KiboPush  Sign In/input_form-control m-input_1'

2018-08-10 14:57:21 - [MESSAGE][PASSED] - Text 'bjafri5@gmail.com' is set on object 'Object Repository/Page_KiboPush  Sign In/input_form-control m-input_1'

2018-08-10 14:57:21 - [TEST_STEP][PASSED] - setEncryptedText: Text ****** has been set on object 'Object Repository/Page_KiboPush  Sign In/input_form-control m-input_2'

2018-08-10 14:57:21 - [MESSAGE][PASSED] - Text ****** has been set on object 'Object Repository/Page_KiboPush  Sign In/input_form-control m-input_2'

2018-08-10 14:57:21 - [TEST_STEP][PASSED] - click: Object: 'Object Repository/Page_KiboPush  Sign In/button_Sign In' is clicked on

2018-08-10 14:57:21 - [MESSAGE][PASSED] - Object: 'Object Repository/Page_KiboPush  Sign In/button_Sign In' is clicked on

2018-08-10 14:57:21 - [MESSAGE][PASSED] - Call Test Case 'Test Cases/Login' successfully

2018-08-10 14:57:21 - [TEST_STEP][PASSED] - click: Object: 'Object Repository/Page_KiboPush  Dashboard/span_Broadcasts' is clicked on

2018-08-10 14:57:23 - [MESSAGE][PASSED] - Object: 'Object Repository/Page_KiboPush  Dashboard/span_Broadcasts' is clicked on

2018-08-10 14:57:23 - [TEST_STEP][PASSED] - click: Object: 'Object Repository/Page_KiboPush  Broadcast/span_Create New Broadcast' is clicked on

2018-08-10 14:57:23 - [MESSAGE][PASSED] - Object: 'Object Repository/Page_KiboPush  Broadcast/span_Create New Broadcast' is clicked on

2018-08-10 14:57:23 - [TEST_STEP][PASSED] - click: Object: 'Object Repository/Page_KiboPush  Broadcast/a_Create New Broadcast' is clicked on

2018-08-10 14:57:24 - [MESSAGE][PASSED] - Object: 'Object Repository/Page_KiboPush  Broadcast/a_Create New Broadcast' is clicked on

2018-08-10 14:57:24 - [TEST_STEP][PASSED] - delay: Delayed 1 second(s)

2018-08-10 14:57:25 - [MESSAGE][PASSED] - Delayed 1 second(s)

2018-08-10 14:57:25 - [TEST_STEP][PASSED] - click: Object: 'Object Repository/Page_KiboPush  Create Broadcast/div_Gallery (1)' is clicked on

2018-08-10 14:57:25 - [MESSAGE][PASSED] - Object: 'Object Repository/Page_KiboPush  Create Broadcast/div_Gallery (1)' is clicked on

2018-08-10 14:57:25 - [TEST_STEP][PASSED] - click: Object: 'Object Repository/Page_KiboPush  Create Broadcast/div_New Gallery Component Adde (1)' is clicked on

2018-08-10 14:57:25 - [MESSAGE][PASSED] - Object: 'Object Repository/Page_KiboPush  Create Broadcast/div_New Gallery Component Adde (1)' is clicked on

2018-08-10 14:57:25 - [TEST_STEP][PASSED] - click: Object: 'Object Repository/Page_KiboPush  Create Broadcast/span_slick-arrow slick-next (2)' is clicked on

2018-08-10 14:57:25 - [MESSAGE][PASSED] - Object: 'Object Repository/Page_KiboPush  Create Broadcast/span_slick-arrow slick-next (2)' is clicked on

2018-08-10 14:57:25 - [TEST_STEP][PASSED] - delay: Delayed 1 second(s)

2018-08-10 14:57:26 - [MESSAGE][PASSED] - Delayed 1 second(s)

2018-08-10 14:57:26 - [TEST_STEP][PASSED] - click: Object: 'Object Repository/Page_KiboPush  Create Broadcast/span_slick-arrow slick-prev (1) (1)' is clicked on

2018-08-10 14:57:26 - [MESSAGE][PASSED] - Object: 'Object Repository/Page_KiboPush  Create Broadcast/span_slick-arrow slick-prev (1) (1)' is clicked on

2018-08-10 14:57:26 - [TEST_STEP][PASSED] - delay: Delayed 1 second(s)

2018-08-10 14:57:27 - [MESSAGE][PASSED] - Delayed 1 second(s)

2018-08-10 14:57:27 - [MESSAGE][PASSED] - Call Test Case 'Test Cases/TC0150' successfully

2018-08-10 14:57:27 - [TEST_STEP][PASSED] - setText: Text 'Title' is set on object 'Object Repository/Page_KiboPush  Create Broadcast/input_form-control_3'

2018-08-10 14:57:28 - [MESSAGE][PASSED] - Text 'Title' is set on object 'Object Repository/Page_KiboPush  Create Broadcast/input_form-control_3'

2018-08-10 14:57:28 - [TEST_STEP][PASSED] - click: Object: 'Object Repository/Page_KiboPush  Create Broadcast/div_ Add Button' is clicked on

2018-08-10 14:57:28 - [MESSAGE][PASSED] - Object: 'Object Repository/Page_KiboPush  Create Broadcast/div_ Add Button' is clicked on

2018-08-10 14:57:28 - [TEST_STEP][PASSED] - setText: Text 'KiboPush' is set on object 'Object Repository/Page_KiboPush  Create Broadcast/input_form-control (9)'

2018-08-10 14:57:28 - [MESSAGE][PASSED] - Text 'KiboPush' is set on object 'Object Repository/Page_KiboPush  Create Broadcast/input_form-control (9)'

2018-08-10 14:57:28 - [TEST_STEP][PASSED] - click: Object: 'Object Repository/Page_KiboPush  Create Broadcast/div_Open a website' is clicked on

2018-08-10 14:57:28 - [MESSAGE][PASSED] - Object: 'Object Repository/Page_KiboPush  Create Broadcast/div_Open a website' is clicked on

2018-08-10 14:57:28 - [TEST_STEP][PASSED] - setText: Text 'kibopush.com' is set on object 'Object Repository/Page_KiboPush  Create Broadcast/input_form-control_2'

2018-08-10 14:57:29 - [MESSAGE][PASSED] - Text 'kibopush.com' is set on object 'Object Repository/Page_KiboPush  Create Broadcast/input_form-control_2'

2018-08-10 14:57:29 - [TEST_STEP][PASSED] - click: Object: 'Object Repository/Page_KiboPush  Create Broadcast/button_Done' is clicked on

2018-08-10 14:57:29 - [MESSAGE][PASSED] - Object: 'Object Repository/Page_KiboPush  Create Broadcast/button_Done' is clicked on

2018-08-10 14:57:29 - [TEST_STEP][PASSED] - Statement - img = com.kms.katalon.core.configuration.RunConfiguration.getProjectDir() + "/sample.jpg": null

2018-08-10 14:57:29 - [TEST_STEP][PASSED] - uploadFile: File '/Users/baqarjafri/Katalon Studio/KiboPush/sample.jpg' sent to object: 'Object Repository/Page_KiboPush  Create Broadcast/input_file'

2018-08-10 14:57:29 - [MESSAGE][PASSED] - File '/Users/baqarjafri/Katalon Studio/KiboPush/sample.jpg' sent to object: 'Object Repository/Page_KiboPush  Create Broadcast/input_file'

2018-08-10 14:57:29 - [TEST_STEP][PASSED] - verifyElementPresent: Object 'Object Repository/Page_KiboPush  Create Broadcast/gallery_image' is present

2018-08-10 14:57:30 - [MESSAGE][PASSED] - Object 'Object Repository/Page_KiboPush  Create Broadcast/gallery_image' is present

2018-08-10 14:57:30 - [TEST_STEP][PASSED] - scrollToPosition: Browser is scrolled to position x = 0, y = 0

2018-08-10 14:57:30 - [MESSAGE][PASSED] - Browser is scrolled to position x = 0, y = 0

2018-08-10 14:57:30 - [TEST_STEP][PASSED] - click: Object: 'Object Repository/Page_KiboPush  Create Broadcast/button_Next' is clicked on

2018-08-10 14:57:30 - [MESSAGE][PASSED] - Object: 'Object Repository/Page_KiboPush  Create Broadcast/button_Next' is clicked on

2018-08-10 14:57:30 - [TEST_STEP][PASSED] - click: Object: 'Object Repository/Page_KiboPush  Create Broadcast/div_Card in gallery must have' is clicked on

2018-08-10 14:57:30 - [MESSAGE][PASSED] - Object: 'Object Repository/Page_KiboPush  Create Broadcast/div_Card in gallery must have' is clicked on]]></system-out>
         <system-err><![CDATA[]]></system-err>
      </testcase>
      <testcase name="Test Cases/TC0155" classname="Test Cases/TC0155" status="PASSED">
         <system-out><![CDATA[2018-08-10 14:59:15 - [TEST_CASE][PASSED] - Test Cases/TC0155: Test Cases/TC0155

2018-08-10 14:59:15 - [TEST_STEP][PASSED] - callTestCase: Call Test Case 'Test Cases/TC0150' successfully

2018-08-10 14:59:15 - [TEST_CASE][PASSED] - Test Cases/TC0150: Test Cases/TC0150

2018-08-10 14:59:15 - [TEST_STEP][PASSED] - callTestCase: Call Test Case 'Test Cases/Login' successfully

2018-08-10 14:59:15 - [TEST_CASE][PASSED] - Test Cases/Login: Test Cases/Login

2018-08-10 14:59:15 - [TEST_STEP][PASSED] - openBrowser: Browser is opened with url: ''

2018-08-10 14:59:15 - [MESSAGE][WARNING] - A browser is already opened. Closing browser and opening a new one

2018-08-10 14:59:16 - [MESSAGE][PASSED] - Browser is opened with url: ''

2018-08-10 14:59:16 - [TEST_STEP][PASSED] - navigateToUrl: Navigate to 'https://staging.kibopush.com/' successfully

2018-08-10 14:59:27 - [MESSAGE][PASSED] - Navigate to 'https://staging.kibopush.com/' successfully

2018-08-10 14:59:27 - [TEST_STEP][PASSED] - click: Object: 'Object Repository/Page_KiboPush  Sign In/a_Login' is clicked on

2018-08-10 14:59:27 - [MESSAGE][PASSED] - Object: 'Object Repository/Page_KiboPush  Sign In/a_Login' is clicked on

2018-08-10 14:59:27 - [TEST_STEP][PASSED] - click: Object: 'Object Repository/Page_KiboPush  Sign In/button_Team Account' is clicked on

2018-08-10 14:59:27 - [MESSAGE][PASSED] - Object: 'Object Repository/Page_KiboPush  Sign In/button_Team Account' is clicked on

2018-08-10 14:59:27 - [TEST_STEP][PASSED] - setText: Text 'kibopush.com' is set on object 'Object Repository/Page_KiboPush  Sign In/input_form-control m-input'

2018-08-10 14:59:28 - [MESSAGE][PASSED] - Text 'kibopush.com' is set on object 'Object Repository/Page_KiboPush  Sign In/input_form-control m-input'

2018-08-10 14:59:28 - [TEST_STEP][PASSED] - setText: Text 'bjafri5@gmail.com' is set on object 'Object Repository/Page_KiboPush  Sign In/input_form-control m-input_1'

2018-08-10 14:59:28 - [MESSAGE][PASSED] - Text 'bjafri5@gmail.com' is set on object 'Object Repository/Page_KiboPush  Sign In/input_form-control m-input_1'

2018-08-10 14:59:28 - [TEST_STEP][PASSED] - setEncryptedText: Text ****** has been set on object 'Object Repository/Page_KiboPush  Sign In/input_form-control m-input_2'

2018-08-10 14:59:28 - [MESSAGE][PASSED] - Text ****** has been set on object 'Object Repository/Page_KiboPush  Sign In/input_form-control m-input_2'

2018-08-10 14:59:28 - [TEST_STEP][PASSED] - click: Object: 'Object Repository/Page_KiboPush  Sign In/button_Sign In' is clicked on

2018-08-10 14:59:28 - [MESSAGE][PASSED] - Object: 'Object Repository/Page_KiboPush  Sign In/button_Sign In' is clicked on

2018-08-10 14:59:28 - [MESSAGE][PASSED] - Call Test Case 'Test Cases/Login' successfully

2018-08-10 14:59:28 - [TEST_STEP][PASSED] - click: Object: 'Object Repository/Page_KiboPush  Dashboard/span_Broadcasts' is clicked on

2018-08-10 14:59:30 - [MESSAGE][PASSED] - Object: 'Object Repository/Page_KiboPush  Dashboard/span_Broadcasts' is clicked on

2018-08-10 14:59:30 - [TEST_STEP][PASSED] - click: Object: 'Object Repository/Page_KiboPush  Broadcast/span_Create New Broadcast' is clicked on

2018-08-10 14:59:30 - [MESSAGE][PASSED] - Object: 'Object Repository/Page_KiboPush  Broadcast/span_Create New Broadcast' is clicked on

2018-08-10 14:59:30 - [TEST_STEP][PASSED] - click: Object: 'Object Repository/Page_KiboPush  Broadcast/a_Create New Broadcast' is clicked on

2018-08-10 14:59:31 - [MESSAGE][PASSED] - Object: 'Object Repository/Page_KiboPush  Broadcast/a_Create New Broadcast' is clicked on

2018-08-10 14:59:31 - [TEST_STEP][PASSED] - delay: Delayed 1 second(s)

2018-08-10 14:59:32 - [MESSAGE][PASSED] - Delayed 1 second(s)

2018-08-10 14:59:32 - [TEST_STEP][PASSED] - click: Object: 'Object Repository/Page_KiboPush  Create Broadcast/div_Gallery (1)' is clicked on

2018-08-10 14:59:32 - [MESSAGE][PASSED] - Object: 'Object Repository/Page_KiboPush  Create Broadcast/div_Gallery (1)' is clicked on

2018-08-10 14:59:32 - [TEST_STEP][PASSED] - click: Object: 'Object Repository/Page_KiboPush  Create Broadcast/div_New Gallery Component Adde (1)' is clicked on

2018-08-10 14:59:32 - [MESSAGE][PASSED] - Object: 'Object Repository/Page_KiboPush  Create Broadcast/div_New Gallery Component Adde (1)' is clicked on

2018-08-10 14:59:32 - [TEST_STEP][PASSED] - click: Object: 'Object Repository/Page_KiboPush  Create Broadcast/span_slick-arrow slick-next (2)' is clicked on

2018-08-10 14:59:32 - [MESSAGE][PASSED] - Object: 'Object Repository/Page_KiboPush  Create Broadcast/span_slick-arrow slick-next (2)' is clicked on

2018-08-10 14:59:32 - [TEST_STEP][PASSED] - delay: Delayed 1 second(s)

2018-08-10 14:59:33 - [MESSAGE][PASSED] - Delayed 1 second(s)

2018-08-10 14:59:33 - [TEST_STEP][PASSED] - click: Object: 'Object Repository/Page_KiboPush  Create Broadcast/span_slick-arrow slick-prev (1) (1)' is clicked on

2018-08-10 14:59:33 - [MESSAGE][PASSED] - Object: 'Object Repository/Page_KiboPush  Create Broadcast/span_slick-arrow slick-prev (1) (1)' is clicked on

2018-08-10 14:59:33 - [TEST_STEP][PASSED] - delay: Delayed 1 second(s)

2018-08-10 14:59:34 - [MESSAGE][PASSED] - Delayed 1 second(s)

2018-08-10 14:59:34 - [MESSAGE][PASSED] - Call Test Case 'Test Cases/TC0150' successfully

2018-08-10 14:59:34 - [TEST_STEP][PASSED] - setText: Text 'Title' is set on object 'Object Repository/Page_KiboPush  Create Broadcast/input_form-control_3'

2018-08-10 14:59:35 - [MESSAGE][PASSED] - Text 'Title' is set on object 'Object Repository/Page_KiboPush  Create Broadcast/input_form-control_3'

2018-08-10 14:59:35 - [TEST_STEP][PASSED] - setText: Text 'Subtitle' is set on object 'Object Repository/Page_KiboPush  Create Broadcast/textarea_form-control'

2018-08-10 14:59:35 - [MESSAGE][PASSED] - Text 'Subtitle' is set on object 'Object Repository/Page_KiboPush  Create Broadcast/textarea_form-control'

2018-08-10 14:59:35 - [TEST_STEP][PASSED] - Statement - img = com.kms.katalon.core.configuration.RunConfiguration.getProjectDir() + "/sample.jpg": null

2018-08-10 14:59:35 - [TEST_STEP][PASSED] - uploadFile: File '/Users/baqarjafri/Katalon Studio/KiboPush/sample.jpg' sent to object: 'Object Repository/Page_KiboPush  Create Broadcast/input_file'

2018-08-10 14:59:35 - [MESSAGE][PASSED] - File '/Users/baqarjafri/Katalon Studio/KiboPush/sample.jpg' sent to object: 'Object Repository/Page_KiboPush  Create Broadcast/input_file'

2018-08-10 14:59:35 - [TEST_STEP][PASSED] - scrollToPosition: Browser is scrolled to position x = 0, y = 0

2018-08-10 14:59:35 - [MESSAGE][PASSED] - Browser is scrolled to position x = 0, y = 0

2018-08-10 14:59:35 - [TEST_STEP][PASSED] - click: Object: 'Object Repository/Page_KiboPush  Create Broadcast/button_Next' is clicked on

2018-08-10 14:59:35 - [MESSAGE][PASSED] - Object: 'Object Repository/Page_KiboPush  Create Broadcast/button_Next' is clicked on

2018-08-10 14:59:35 - [TEST_STEP][PASSED] - click: Object: 'Object Repository/Page_KiboPush  Create Broadcast/div_Card in gallery must have (3)' is clicked on

2018-08-10 14:59:35 - [MESSAGE][PASSED] - Object: 'Object Repository/Page_KiboPush  Create Broadcast/div_Card in gallery must have (3)' is clicked on]]></system-out>
         <system-err><![CDATA[]]></system-err>
      </testcase>
      <testcase name="Test Cases/TC0156" classname="Test Cases/TC0156" status="PASSED">
         <system-out><![CDATA[2018-08-10 14:59:35 - [TEST_CASE][PASSED] - Test Cases/TC0156: Test Cases/TC0156

2018-08-10 14:59:35 - [TEST_STEP][PASSED] - callTestCase: Call Test Case 'Test Cases/TC0150' successfully

2018-08-10 14:59:35 - [TEST_CASE][PASSED] - Test Cases/TC0150: Test Cases/TC0150

2018-08-10 14:59:35 - [TEST_STEP][PASSED] - callTestCase: Call Test Case 'Test Cases/Login' successfully

2018-08-10 14:59:35 - [TEST_CASE][PASSED] - Test Cases/Login: Test Cases/Login

2018-08-10 14:59:35 - [TEST_STEP][PASSED] - openBrowser: Browser is opened with url: ''

2018-08-10 14:59:35 - [MESSAGE][WARNING] - A browser is already opened. Closing browser and opening a new one

2018-08-10 14:59:37 - [MESSAGE][PASSED] - Browser is opened with url: ''

2018-08-10 14:59:37 - [TEST_STEP][PASSED] - navigateToUrl: Navigate to 'https://staging.kibopush.com/' successfully

2018-08-10 14:59:48 - [MESSAGE][PASSED] - Navigate to 'https://staging.kibopush.com/' successfully

2018-08-10 14:59:48 - [TEST_STEP][PASSED] - click: Object: 'Object Repository/Page_KiboPush  Sign In/a_Login' is clicked on

2018-08-10 14:59:48 - [MESSAGE][PASSED] - Object: 'Object Repository/Page_KiboPush  Sign In/a_Login' is clicked on

2018-08-10 14:59:48 - [TEST_STEP][PASSED] - click: Object: 'Object Repository/Page_KiboPush  Sign In/button_Team Account' is clicked on

2018-08-10 14:59:49 - [MESSAGE][PASSED] - Object: 'Object Repository/Page_KiboPush  Sign In/button_Team Account' is clicked on

2018-08-10 14:59:49 - [TEST_STEP][PASSED] - setText: Text 'kibopush.com' is set on object 'Object Repository/Page_KiboPush  Sign In/input_form-control m-input'

2018-08-10 14:59:49 - [MESSAGE][PASSED] - Text 'kibopush.com' is set on object 'Object Repository/Page_KiboPush  Sign In/input_form-control m-input'

2018-08-10 14:59:49 - [TEST_STEP][PASSED] - setText: Text 'bjafri5@gmail.com' is set on object 'Object Repository/Page_KiboPush  Sign In/input_form-control m-input_1'

2018-08-10 14:59:49 - [MESSAGE][PASSED] - Text 'bjafri5@gmail.com' is set on object 'Object Repository/Page_KiboPush  Sign In/input_form-control m-input_1'

2018-08-10 14:59:49 - [TEST_STEP][PASSED] - setEncryptedText: Text ****** has been set on object 'Object Repository/Page_KiboPush  Sign In/input_form-control m-input_2'

2018-08-10 14:59:49 - [MESSAGE][PASSED] - Text ****** has been set on object 'Object Repository/Page_KiboPush  Sign In/input_form-control m-input_2'

2018-08-10 14:59:49 - [TEST_STEP][PASSED] - click: Object: 'Object Repository/Page_KiboPush  Sign In/button_Sign In' is clicked on

2018-08-10 14:59:49 - [MESSAGE][PASSED] - Object: 'Object Repository/Page_KiboPush  Sign In/button_Sign In' is clicked on

2018-08-10 14:59:49 - [MESSAGE][PASSED] - Call Test Case 'Test Cases/Login' successfully

2018-08-10 14:59:49 - [TEST_STEP][PASSED] - click: Object: 'Object Repository/Page_KiboPush  Dashboard/span_Broadcasts' is clicked on

2018-08-10 14:59:51 - [MESSAGE][PASSED] - Object: 'Object Repository/Page_KiboPush  Dashboard/span_Broadcasts' is clicked on

2018-08-10 14:59:51 - [TEST_STEP][PASSED] - click: Object: 'Object Repository/Page_KiboPush  Broadcast/span_Create New Broadcast' is clicked on

2018-08-10 14:59:51 - [MESSAGE][PASSED] - Object: 'Object Repository/Page_KiboPush  Broadcast/span_Create New Broadcast' is clicked on

2018-08-10 14:59:51 - [TEST_STEP][PASSED] - click: Object: 'Object Repository/Page_KiboPush  Broadcast/a_Create New Broadcast' is clicked on

2018-08-10 14:59:52 - [MESSAGE][PASSED] - Object: 'Object Repository/Page_KiboPush  Broadcast/a_Create New Broadcast' is clicked on

2018-08-10 14:59:52 - [TEST_STEP][PASSED] - delay: Delayed 1 second(s)

2018-08-10 14:59:53 - [MESSAGE][PASSED] - Delayed 1 second(s)

2018-08-10 14:59:53 - [TEST_STEP][PASSED] - click: Object: 'Object Repository/Page_KiboPush  Create Broadcast/div_Gallery (1)' is clicked on

2018-08-10 14:59:53 - [MESSAGE][PASSED] - Object: 'Object Repository/Page_KiboPush  Create Broadcast/div_Gallery (1)' is clicked on

2018-08-10 14:59:53 - [TEST_STEP][PASSED] - click: Object: 'Object Repository/Page_KiboPush  Create Broadcast/div_New Gallery Component Adde (1)' is clicked on

2018-08-10 14:59:53 - [MESSAGE][PASSED] - Object: 'Object Repository/Page_KiboPush  Create Broadcast/div_New Gallery Component Adde (1)' is clicked on

2018-08-10 14:59:53 - [TEST_STEP][PASSED] - click: Object: 'Object Repository/Page_KiboPush  Create Broadcast/span_slick-arrow slick-next (2)' is clicked on

2018-08-10 14:59:53 - [MESSAGE][PASSED] - Object: 'Object Repository/Page_KiboPush  Create Broadcast/span_slick-arrow slick-next (2)' is clicked on

2018-08-10 14:59:53 - [TEST_STEP][PASSED] - delay: Delayed 1 second(s)

2018-08-10 14:59:54 - [MESSAGE][PASSED] - Delayed 1 second(s)

2018-08-10 14:59:54 - [TEST_STEP][PASSED] - click: Object: 'Object Repository/Page_KiboPush  Create Broadcast/span_slick-arrow slick-prev (1) (1)' is clicked on

2018-08-10 14:59:54 - [MESSAGE][PASSED] - Object: 'Object Repository/Page_KiboPush  Create Broadcast/span_slick-arrow slick-prev (1) (1)' is clicked on

2018-08-10 14:59:54 - [TEST_STEP][PASSED] - delay: Delayed 1 second(s)

2018-08-10 14:59:55 - [MESSAGE][PASSED] - Delayed 1 second(s)

2018-08-10 14:59:55 - [MESSAGE][PASSED] - Call Test Case 'Test Cases/TC0150' successfully

2018-08-10 14:59:55 - [TEST_STEP][PASSED] - Statement - img = com.kms.katalon.core.configuration.RunConfiguration.getProjectDir() + "/sample.jpg": null

2018-08-10 14:59:55 - [TEST_STEP][PASSED] - uploadFile: File '/Users/baqarjafri/Katalon Studio/KiboPush/sample.jpg' sent to object: 'Object Repository/Page_KiboPush  Create Broadcast/input_file'

2018-08-10 14:59:55 - [MESSAGE][PASSED] - File '/Users/baqarjafri/Katalon Studio/KiboPush/sample.jpg' sent to object: 'Object Repository/Page_KiboPush  Create Broadcast/input_file']]></system-out>
         <system-err><![CDATA[]]></system-err>
      </testcase>
      <testcase name="Test Cases/TC0157" classname="Test Cases/TC0157" status="PASSED">
         <system-out><![CDATA[2018-08-10 14:59:55 - [TEST_CASE][PASSED] - Test Cases/TC0157: Test Cases/TC0157

2018-08-10 14:59:55 - [TEST_STEP][PASSED] - callTestCase: Call Test Case 'Test Cases/TC0150' successfully

2018-08-10 14:59:55 - [TEST_CASE][PASSED] - Test Cases/TC0150: Test Cases/TC0150

2018-08-10 14:59:55 - [TEST_STEP][PASSED] - callTestCase: Call Test Case 'Test Cases/Login' successfully

2018-08-10 14:59:55 - [TEST_CASE][PASSED] - Test Cases/Login: Test Cases/Login

2018-08-10 14:59:55 - [TEST_STEP][PASSED] - openBrowser: Browser is opened with url: ''

2018-08-10 14:59:55 - [MESSAGE][WARNING] - A browser is already opened. Closing browser and opening a new one

2018-08-10 14:59:57 - [MESSAGE][PASSED] - Browser is opened with url: ''

2018-08-10 14:59:57 - [TEST_STEP][PASSED] - navigateToUrl: Navigate to 'https://staging.kibopush.com/' successfully

2018-08-10 15:00:04 - [MESSAGE][PASSED] - Navigate to 'https://staging.kibopush.com/' successfully

2018-08-10 15:00:04 - [TEST_STEP][PASSED] - click: Object: 'Object Repository/Page_KiboPush  Sign In/a_Login' is clicked on

2018-08-10 15:00:04 - [MESSAGE][PASSED] - Object: 'Object Repository/Page_KiboPush  Sign In/a_Login' is clicked on

2018-08-10 15:00:04 - [TEST_STEP][PASSED] - click: Object: 'Object Repository/Page_KiboPush  Sign In/button_Team Account' is clicked on

2018-08-10 15:00:05 - [MESSAGE][PASSED] - Object: 'Object Repository/Page_KiboPush  Sign In/button_Team Account' is clicked on

2018-08-10 15:00:05 - [TEST_STEP][PASSED] - setText: Text 'kibopush.com' is set on object 'Object Repository/Page_KiboPush  Sign In/input_form-control m-input'

2018-08-10 15:00:05 - [MESSAGE][PASSED] - Text 'kibopush.com' is set on object 'Object Repository/Page_KiboPush  Sign In/input_form-control m-input'

2018-08-10 15:00:05 - [TEST_STEP][PASSED] - setText: Text 'bjafri5@gmail.com' is set on object 'Object Repository/Page_KiboPush  Sign In/input_form-control m-input_1'

2018-08-10 15:00:05 - [MESSAGE][PASSED] - Text 'bjafri5@gmail.com' is set on object 'Object Repository/Page_KiboPush  Sign In/input_form-control m-input_1'

2018-08-10 15:00:05 - [TEST_STEP][PASSED] - setEncryptedText: Text ****** has been set on object 'Object Repository/Page_KiboPush  Sign In/input_form-control m-input_2'

2018-08-10 15:00:05 - [MESSAGE][PASSED] - Text ****** has been set on object 'Object Repository/Page_KiboPush  Sign In/input_form-control m-input_2'

2018-08-10 15:00:05 - [TEST_STEP][PASSED] - click: Object: 'Object Repository/Page_KiboPush  Sign In/button_Sign In' is clicked on

2018-08-10 15:00:05 - [MESSAGE][PASSED] - Object: 'Object Repository/Page_KiboPush  Sign In/button_Sign In' is clicked on

2018-08-10 15:00:05 - [MESSAGE][PASSED] - Call Test Case 'Test Cases/Login' successfully

2018-08-10 15:00:05 - [TEST_STEP][PASSED] - click: Object: 'Object Repository/Page_KiboPush  Dashboard/span_Broadcasts' is clicked on

2018-08-10 15:00:07 - [MESSAGE][PASSED] - Object: 'Object Repository/Page_KiboPush  Dashboard/span_Broadcasts' is clicked on

2018-08-10 15:00:07 - [TEST_STEP][PASSED] - click: Object: 'Object Repository/Page_KiboPush  Broadcast/span_Create New Broadcast' is clicked on

2018-08-10 15:00:07 - [MESSAGE][PASSED] - Object: 'Object Repository/Page_KiboPush  Broadcast/span_Create New Broadcast' is clicked on

2018-08-10 15:00:07 - [TEST_STEP][PASSED] - click: Object: 'Object Repository/Page_KiboPush  Broadcast/a_Create New Broadcast' is clicked on

2018-08-10 15:00:08 - [MESSAGE][PASSED] - Object: 'Object Repository/Page_KiboPush  Broadcast/a_Create New Broadcast' is clicked on

2018-08-10 15:00:08 - [TEST_STEP][PASSED] - delay: Delayed 1 second(s)

2018-08-10 15:00:09 - [MESSAGE][PASSED] - Delayed 1 second(s)

2018-08-10 15:00:09 - [TEST_STEP][PASSED] - click: Object: 'Object Repository/Page_KiboPush  Create Broadcast/div_Gallery (1)' is clicked on

2018-08-10 15:00:09 - [MESSAGE][PASSED] - Object: 'Object Repository/Page_KiboPush  Create Broadcast/div_Gallery (1)' is clicked on

2018-08-10 15:00:09 - [TEST_STEP][PASSED] - click: Object: 'Object Repository/Page_KiboPush  Create Broadcast/div_New Gallery Component Adde (1)' is clicked on

2018-08-10 15:00:09 - [MESSAGE][PASSED] - Object: 'Object Repository/Page_KiboPush  Create Broadcast/div_New Gallery Component Adde (1)' is clicked on

2018-08-10 15:00:09 - [TEST_STEP][PASSED] - click: Object: 'Object Repository/Page_KiboPush  Create Broadcast/span_slick-arrow slick-next (2)' is clicked on

2018-08-10 15:00:09 - [MESSAGE][PASSED] - Object: 'Object Repository/Page_KiboPush  Create Broadcast/span_slick-arrow slick-next (2)' is clicked on

2018-08-10 15:00:09 - [TEST_STEP][PASSED] - delay: Delayed 1 second(s)

2018-08-10 15:00:10 - [MESSAGE][PASSED] - Delayed 1 second(s)

2018-08-10 15:00:10 - [TEST_STEP][PASSED] - click: Object: 'Object Repository/Page_KiboPush  Create Broadcast/span_slick-arrow slick-prev (1) (1)' is clicked on

2018-08-10 15:00:10 - [MESSAGE][PASSED] - Object: 'Object Repository/Page_KiboPush  Create Broadcast/span_slick-arrow slick-prev (1) (1)' is clicked on

2018-08-10 15:00:10 - [TEST_STEP][PASSED] - delay: Delayed 1 second(s)

2018-08-10 15:00:11 - [MESSAGE][PASSED] - Delayed 1 second(s)

2018-08-10 15:00:11 - [MESSAGE][PASSED] - Call Test Case 'Test Cases/TC0150' successfully

2018-08-10 15:00:11 - [TEST_STEP][PASSED] - delay: Delayed 1 second(s)

2018-08-10 15:00:12 - [MESSAGE][PASSED] - Delayed 1 second(s)

2018-08-10 15:00:12 - [TEST_STEP][PASSED] - click: Object: 'Object Repository/Page_KiboPush  Create Broadcast/div_ Add Button' is clicked on

2018-08-10 15:00:13 - [MESSAGE][PASSED] - Object: 'Object Repository/Page_KiboPush  Create Broadcast/div_ Add Button' is clicked on

2018-08-10 15:00:13 - [TEST_STEP][PASSED] - setText: Text 'KiboPush' is set on object 'Object Repository/Page_KiboPush  Create Broadcast/input_form-control'

2018-08-10 15:00:13 - [MESSAGE][PASSED] - Text 'KiboPush' is set on object 'Object Repository/Page_KiboPush  Create Broadcast/input_form-control'

2018-08-10 15:00:13 - [TEST_STEP][PASSED] - click: Object: 'Object Repository/Page_KiboPush  Create Broadcast/div_Open a website' is clicked on

2018-08-10 15:00:13 - [MESSAGE][PASSED] - Object: 'Object Repository/Page_KiboPush  Create Broadcast/div_Open a website' is clicked on

2018-08-10 15:00:13 - [TEST_STEP][PASSED] - setText: Text 'kibopush.com' is set on object 'Object Repository/Page_KiboPush  Create Broadcast/input_form-control_1'

2018-08-10 15:00:13 - [MESSAGE][PASSED] - Text 'kibopush.com' is set on object 'Object Repository/Page_KiboPush  Create Broadcast/input_form-control_1'

2018-08-10 15:00:13 - [TEST_STEP][PASSED] - click: Object: 'Object Repository/Page_KiboPush  Create Broadcast/button_Done' is clicked on

2018-08-10 15:00:13 - [MESSAGE][PASSED] - Object: 'Object Repository/Page_KiboPush  Create Broadcast/button_Done' is clicked on]]></system-out>
         <system-err><![CDATA[]]></system-err>
      </testcase>
      <testcase name="Test Cases/TC0160" classname="Test Cases/TC0160" status="PASSED">
         <system-out><![CDATA[2018-08-10 15:00:13 - [TEST_CASE][PASSED] - Test Cases/TC0160: Test Cases/TC0160

2018-08-10 15:00:13 - [TEST_STEP][PASSED] - callTestCase: Call Test Case 'Test Cases/TC0150' successfully

2018-08-10 15:00:13 - [TEST_CASE][PASSED] - Test Cases/TC0150: Test Cases/TC0150

2018-08-10 15:00:13 - [TEST_STEP][PASSED] - callTestCase: Call Test Case 'Test Cases/Login' successfully

2018-08-10 15:00:13 - [TEST_CASE][PASSED] - Test Cases/Login: Test Cases/Login

2018-08-10 15:00:13 - [TEST_STEP][PASSED] - openBrowser: Browser is opened with url: ''

2018-08-10 15:00:13 - [MESSAGE][WARNING] - A browser is already opened. Closing browser and opening a new one

2018-08-10 15:00:15 - [MESSAGE][PASSED] - Browser is opened with url: ''

2018-08-10 15:00:15 - [TEST_STEP][PASSED] - navigateToUrl: Navigate to 'https://staging.kibopush.com/' successfully

2018-08-10 15:00:26 - [MESSAGE][PASSED] - Navigate to 'https://staging.kibopush.com/' successfully

2018-08-10 15:00:26 - [TEST_STEP][PASSED] - click: Object: 'Object Repository/Page_KiboPush  Sign In/a_Login' is clicked on

2018-08-10 15:00:26 - [MESSAGE][PASSED] - Object: 'Object Repository/Page_KiboPush  Sign In/a_Login' is clicked on

2018-08-10 15:00:26 - [TEST_STEP][PASSED] - click: Object: 'Object Repository/Page_KiboPush  Sign In/button_Team Account' is clicked on

2018-08-10 15:00:26 - [MESSAGE][PASSED] - Object: 'Object Repository/Page_KiboPush  Sign In/button_Team Account' is clicked on

2018-08-10 15:00:26 - [TEST_STEP][PASSED] - setText: Text 'kibopush.com' is set on object 'Object Repository/Page_KiboPush  Sign In/input_form-control m-input'

2018-08-10 15:00:26 - [MESSAGE][PASSED] - Text 'kibopush.com' is set on object 'Object Repository/Page_KiboPush  Sign In/input_form-control m-input'

2018-08-10 15:00:26 - [TEST_STEP][PASSED] - setText: Text 'bjafri5@gmail.com' is set on object 'Object Repository/Page_KiboPush  Sign In/input_form-control m-input_1'

2018-08-10 15:00:26 - [MESSAGE][PASSED] - Text 'bjafri5@gmail.com' is set on object 'Object Repository/Page_KiboPush  Sign In/input_form-control m-input_1'

2018-08-10 15:00:26 - [TEST_STEP][PASSED] - setEncryptedText: Text ****** has been set on object 'Object Repository/Page_KiboPush  Sign In/input_form-control m-input_2'

2018-08-10 15:00:27 - [MESSAGE][PASSED] - Text ****** has been set on object 'Object Repository/Page_KiboPush  Sign In/input_form-control m-input_2'

2018-08-10 15:00:27 - [TEST_STEP][PASSED] - click: Object: 'Object Repository/Page_KiboPush  Sign In/button_Sign In' is clicked on

2018-08-10 15:00:27 - [MESSAGE][PASSED] - Object: 'Object Repository/Page_KiboPush  Sign In/button_Sign In' is clicked on

2018-08-10 15:00:27 - [MESSAGE][PASSED] - Call Test Case 'Test Cases/Login' successfully

2018-08-10 15:00:27 - [TEST_STEP][PASSED] - click: Object: 'Object Repository/Page_KiboPush  Dashboard/span_Broadcasts' is clicked on

2018-08-10 15:00:29 - [MESSAGE][PASSED] - Object: 'Object Repository/Page_KiboPush  Dashboard/span_Broadcasts' is clicked on

2018-08-10 15:00:29 - [TEST_STEP][PASSED] - click: Object: 'Object Repository/Page_KiboPush  Broadcast/span_Create New Broadcast' is clicked on

2018-08-10 15:00:29 - [MESSAGE][PASSED] - Object: 'Object Repository/Page_KiboPush  Broadcast/span_Create New Broadcast' is clicked on

2018-08-10 15:00:29 - [TEST_STEP][PASSED] - click: Object: 'Object Repository/Page_KiboPush  Broadcast/a_Create New Broadcast' is clicked on

2018-08-10 15:00:29 - [MESSAGE][PASSED] - Object: 'Object Repository/Page_KiboPush  Broadcast/a_Create New Broadcast' is clicked on

2018-08-10 15:00:29 - [TEST_STEP][PASSED] - delay: Delayed 1 second(s)

2018-08-10 15:00:30 - [MESSAGE][PASSED] - Delayed 1 second(s)

2018-08-10 15:00:30 - [TEST_STEP][PASSED] - click: Object: 'Object Repository/Page_KiboPush  Create Broadcast/div_Gallery (1)' is clicked on

2018-08-10 15:00:30 - [MESSAGE][PASSED] - Object: 'Object Repository/Page_KiboPush  Create Broadcast/div_Gallery (1)' is clicked on

2018-08-10 15:00:30 - [TEST_STEP][PASSED] - click: Object: 'Object Repository/Page_KiboPush  Create Broadcast/div_New Gallery Component Adde (1)' is clicked on

2018-08-10 15:00:31 - [MESSAGE][PASSED] - Object: 'Object Repository/Page_KiboPush  Create Broadcast/div_New Gallery Component Adde (1)' is clicked on

2018-08-10 15:00:31 - [TEST_STEP][PASSED] - click: Object: 'Object Repository/Page_KiboPush  Create Broadcast/span_slick-arrow slick-next (2)' is clicked on

2018-08-10 15:00:31 - [MESSAGE][PASSED] - Object: 'Object Repository/Page_KiboPush  Create Broadcast/span_slick-arrow slick-next (2)' is clicked on

2018-08-10 15:00:31 - [TEST_STEP][PASSED] - delay: Delayed 1 second(s)

2018-08-10 15:00:32 - [MESSAGE][PASSED] - Delayed 1 second(s)

2018-08-10 15:00:32 - [TEST_STEP][PASSED] - click: Object: 'Object Repository/Page_KiboPush  Create Broadcast/span_slick-arrow slick-prev (1) (1)' is clicked on

2018-08-10 15:00:32 - [MESSAGE][PASSED] - Object: 'Object Repository/Page_KiboPush  Create Broadcast/span_slick-arrow slick-prev (1) (1)' is clicked on

2018-08-10 15:00:32 - [TEST_STEP][PASSED] - delay: Delayed 1 second(s)

2018-08-10 15:00:33 - [MESSAGE][PASSED] - Delayed 1 second(s)

2018-08-10 15:00:33 - [MESSAGE][PASSED] - Call Test Case 'Test Cases/TC0150' successfully

2018-08-10 15:00:33 - [TEST_STEP][PASSED] - delay: Delayed 1 second(s)

2018-08-10 15:00:34 - [MESSAGE][PASSED] - Delayed 1 second(s)

2018-08-10 15:00:34 - [TEST_STEP][PASSED] - click: Object: 'Object Repository/Page_KiboPush  Create Broadcast/span_slick-arrow slick-next (3) (1)' is clicked on

2018-08-10 15:00:34 - [MESSAGE][PASSED] - Object: 'Object Repository/Page_KiboPush  Create Broadcast/span_slick-arrow slick-next (3) (1)' is clicked on

2018-08-10 15:00:34 - [TEST_STEP][PASSED] - click: Object: 'Object Repository/Page_KiboPush  Create Broadcast/span_Add' is clicked on

2018-08-10 15:00:34 - [MESSAGE][PASSED] - Object: 'Object Repository/Page_KiboPush  Create Broadcast/span_Add' is clicked on

2018-08-10 15:00:34 - [TEST_STEP][PASSED] - delay: Delayed 1 second(s)

2018-08-10 15:00:35 - [MESSAGE][PASSED] - Delayed 1 second(s)

2018-08-10 15:00:35 - [TEST_STEP][PASSED] - click: Object: 'Object Repository/Page_KiboPush  Create Broadcast/span_slick-arrow slick-next' is clicked on

2018-08-10 15:00:35 - [MESSAGE][PASSED] - Object: 'Object Repository/Page_KiboPush  Create Broadcast/span_slick-arrow slick-next' is clicked on

2018-08-10 15:00:35 - [TEST_STEP][PASSED] - delay: Delayed 1 second(s)

2018-08-10 15:00:36 - [MESSAGE][PASSED] - Delayed 1 second(s)

2018-08-10 15:00:36 - [TEST_STEP][PASSED] - click: Object: 'Object Repository/Page_KiboPush  Create Broadcast/span_Page 3 x' is clicked on

2018-08-10 15:00:36 - [MESSAGE][PASSED] - Object: 'Object Repository/Page_KiboPush  Create Broadcast/span_Page 3 x' is clicked on]]></system-out>
         <system-err><![CDATA[]]></system-err>
      </testcase>
      <testcase name="Test Cases/TC0161" classname="Test Cases/TC0161" status="PASSED">
         <system-out><![CDATA[2018-08-10 15:00:36 - [TEST_CASE][PASSED] - Test Cases/TC0161: Test Cases/TC0161

2018-08-10 15:00:36 - [TEST_STEP][PASSED] - callTestCase: Call Test Case 'Test Cases/TC0150' successfully

2018-08-10 15:00:36 - [TEST_CASE][PASSED] - Test Cases/TC0150: Test Cases/TC0150

2018-08-10 15:00:36 - [TEST_STEP][PASSED] - callTestCase: Call Test Case 'Test Cases/Login' successfully

2018-08-10 15:00:36 - [TEST_CASE][PASSED] - Test Cases/Login: Test Cases/Login

2018-08-10 15:00:36 - [TEST_STEP][PASSED] - openBrowser: Browser is opened with url: ''

2018-08-10 15:00:36 - [MESSAGE][WARNING] - A browser is already opened. Closing browser and opening a new one

2018-08-10 15:00:38 - [MESSAGE][PASSED] - Browser is opened with url: ''

2018-08-10 15:00:38 - [TEST_STEP][PASSED] - navigateToUrl: Navigate to 'https://staging.kibopush.com/' successfully

2018-08-10 15:00:49 - [MESSAGE][PASSED] - Navigate to 'https://staging.kibopush.com/' successfully

2018-08-10 15:00:49 - [TEST_STEP][PASSED] - click: Object: 'Object Repository/Page_KiboPush  Sign In/a_Login' is clicked on

2018-08-10 15:00:49 - [MESSAGE][PASSED] - Object: 'Object Repository/Page_KiboPush  Sign In/a_Login' is clicked on

2018-08-10 15:00:49 - [TEST_STEP][PASSED] - click: Object: 'Object Repository/Page_KiboPush  Sign In/button_Team Account' is clicked on

2018-08-10 15:00:49 - [MESSAGE][PASSED] - Object: 'Object Repository/Page_KiboPush  Sign In/button_Team Account' is clicked on

2018-08-10 15:00:49 - [TEST_STEP][PASSED] - setText: Text 'kibopush.com' is set on object 'Object Repository/Page_KiboPush  Sign In/input_form-control m-input'

2018-08-10 15:00:49 - [MESSAGE][PASSED] - Text 'kibopush.com' is set on object 'Object Repository/Page_KiboPush  Sign In/input_form-control m-input'

2018-08-10 15:00:49 - [TEST_STEP][PASSED] - setText: Text 'bjafri5@gmail.com' is set on object 'Object Repository/Page_KiboPush  Sign In/input_form-control m-input_1'

2018-08-10 15:00:50 - [MESSAGE][PASSED] - Text 'bjafri5@gmail.com' is set on object 'Object Repository/Page_KiboPush  Sign In/input_form-control m-input_1'

2018-08-10 15:00:50 - [TEST_STEP][PASSED] - setEncryptedText: Text ****** has been set on object 'Object Repository/Page_KiboPush  Sign In/input_form-control m-input_2'

2018-08-10 15:00:50 - [MESSAGE][PASSED] - Text ****** has been set on object 'Object Repository/Page_KiboPush  Sign In/input_form-control m-input_2'

2018-08-10 15:00:50 - [TEST_STEP][PASSED] - click: Object: 'Object Repository/Page_KiboPush  Sign In/button_Sign In' is clicked on

2018-08-10 15:00:50 - [MESSAGE][PASSED] - Object: 'Object Repository/Page_KiboPush  Sign In/button_Sign In' is clicked on

2018-08-10 15:00:50 - [MESSAGE][PASSED] - Call Test Case 'Test Cases/Login' successfully

2018-08-10 15:00:50 - [TEST_STEP][PASSED] - click: Object: 'Object Repository/Page_KiboPush  Dashboard/span_Broadcasts' is clicked on

2018-08-10 15:00:52 - [MESSAGE][PASSED] - Object: 'Object Repository/Page_KiboPush  Dashboard/span_Broadcasts' is clicked on

2018-08-10 15:00:52 - [TEST_STEP][PASSED] - click: Object: 'Object Repository/Page_KiboPush  Broadcast/span_Create New Broadcast' is clicked on

2018-08-10 15:00:52 - [MESSAGE][PASSED] - Object: 'Object Repository/Page_KiboPush  Broadcast/span_Create New Broadcast' is clicked on

2018-08-10 15:00:52 - [TEST_STEP][PASSED] - click: Object: 'Object Repository/Page_KiboPush  Broadcast/a_Create New Broadcast' is clicked on

2018-08-10 15:00:52 - [MESSAGE][PASSED] - Object: 'Object Repository/Page_KiboPush  Broadcast/a_Create New Broadcast' is clicked on

2018-08-10 15:00:52 - [TEST_STEP][PASSED] - delay: Delayed 1 second(s)

2018-08-10 15:00:53 - [MESSAGE][PASSED] - Delayed 1 second(s)

2018-08-10 15:00:53 - [TEST_STEP][PASSED] - click: Object: 'Object Repository/Page_KiboPush  Create Broadcast/div_Gallery (1)' is clicked on

2018-08-10 15:00:53 - [MESSAGE][PASSED] - Object: 'Object Repository/Page_KiboPush  Create Broadcast/div_Gallery (1)' is clicked on

2018-08-10 15:00:53 - [TEST_STEP][PASSED] - click: Object: 'Object Repository/Page_KiboPush  Create Broadcast/div_New Gallery Component Adde (1)' is clicked on

2018-08-10 15:00:54 - [MESSAGE][PASSED] - Object: 'Object Repository/Page_KiboPush  Create Broadcast/div_New Gallery Component Adde (1)' is clicked on

2018-08-10 15:00:54 - [TEST_STEP][PASSED] - click: Object: 'Object Repository/Page_KiboPush  Create Broadcast/span_slick-arrow slick-next (2)' is clicked on

2018-08-10 15:00:54 - [MESSAGE][PASSED] - Object: 'Object Repository/Page_KiboPush  Create Broadcast/span_slick-arrow slick-next (2)' is clicked on

2018-08-10 15:00:54 - [TEST_STEP][PASSED] - delay: Delayed 1 second(s)

2018-08-10 15:00:55 - [MESSAGE][PASSED] - Delayed 1 second(s)

2018-08-10 15:00:55 - [TEST_STEP][PASSED] - click: Object: 'Object Repository/Page_KiboPush  Create Broadcast/span_slick-arrow slick-prev (1) (1)' is clicked on

2018-08-10 15:00:55 - [MESSAGE][PASSED] - Object: 'Object Repository/Page_KiboPush  Create Broadcast/span_slick-arrow slick-prev (1) (1)' is clicked on

2018-08-10 15:00:55 - [TEST_STEP][PASSED] - delay: Delayed 1 second(s)

2018-08-10 15:00:56 - [MESSAGE][PASSED] - Delayed 1 second(s)

2018-08-10 15:00:56 - [MESSAGE][PASSED] - Call Test Case 'Test Cases/TC0150' successfully

2018-08-10 15:00:56 - [TEST_STEP][PASSED] - click: Object: 'Object Repository/Page_KiboPush  Create Broadcast/span_Remove' is clicked on

2018-08-10 15:00:56 - [MESSAGE][PASSED] - Object: 'Object Repository/Page_KiboPush  Create Broadcast/span_Remove' is clicked on

2018-08-10 15:00:56 - [TEST_STEP][PASSED] - delay: Delayed 1 second(s)

2018-08-10 15:00:57 - [MESSAGE][PASSED] - Delayed 1 second(s)

2018-08-10 15:00:57 - [TEST_STEP][PASSED] - click: Object: 'Object Repository/Page_KiboPush  Create Broadcast/i_fa fa-plus-circle' is clicked on

2018-08-10 15:00:57 - [MESSAGE][PASSED] - Object: 'Object Repository/Page_KiboPush  Create Broadcast/i_fa fa-plus-circle' is clicked on]]></system-out>
         <system-err><![CDATA[]]></system-err>
      </testcase>
      <testcase name="Test Cases/TC0163" classname="Test Cases/TC0163" status="PASSED">
         <system-out><![CDATA[2018-08-10 15:00:57 - [TEST_CASE][PASSED] - Test Cases/TC0163: Test Cases/TC0163

2018-08-10 15:00:57 - [TEST_STEP][PASSED] - callTestCase: Call Test Case 'Test Cases/Login' successfully

2018-08-10 15:00:57 - [TEST_CASE][PASSED] - Test Cases/Login: Test Cases/Login

2018-08-10 15:00:57 - [TEST_STEP][PASSED] - openBrowser: Browser is opened with url: ''

2018-08-10 15:00:57 - [MESSAGE][WARNING] - A browser is already opened. Closing browser and opening a new one

2018-08-10 15:00:58 - [MESSAGE][PASSED] - Browser is opened with url: ''

2018-08-10 15:00:58 - [TEST_STEP][PASSED] - navigateToUrl: Navigate to 'https://staging.kibopush.com/' successfully

2018-08-10 15:01:07 - [MESSAGE][PASSED] - Navigate to 'https://staging.kibopush.com/' successfully

2018-08-10 15:01:07 - [TEST_STEP][PASSED] - click: Object: 'Object Repository/Page_KiboPush  Sign In/a_Login' is clicked on

2018-08-10 15:01:07 - [MESSAGE][PASSED] - Object: 'Object Repository/Page_KiboPush  Sign In/a_Login' is clicked on

2018-08-10 15:01:07 - [TEST_STEP][PASSED] - click: Object: 'Object Repository/Page_KiboPush  Sign In/button_Team Account' is clicked on

2018-08-10 15:01:07 - [MESSAGE][PASSED] - Object: 'Object Repository/Page_KiboPush  Sign In/button_Team Account' is clicked on

2018-08-10 15:01:07 - [TEST_STEP][PASSED] - setText: Text 'kibopush.com' is set on object 'Object Repository/Page_KiboPush  Sign In/input_form-control m-input'

2018-08-10 15:01:08 - [MESSAGE][PASSED] - Text 'kibopush.com' is set on object 'Object Repository/Page_KiboPush  Sign In/input_form-control m-input'

2018-08-10 15:01:08 - [TEST_STEP][PASSED] - setText: Text 'bjafri5@gmail.com' is set on object 'Object Repository/Page_KiboPush  Sign In/input_form-control m-input_1'

2018-08-10 15:01:08 - [MESSAGE][PASSED] - Text 'bjafri5@gmail.com' is set on object 'Object Repository/Page_KiboPush  Sign In/input_form-control m-input_1'

2018-08-10 15:01:08 - [TEST_STEP][PASSED] - setEncryptedText: Text ****** has been set on object 'Object Repository/Page_KiboPush  Sign In/input_form-control m-input_2'

2018-08-10 15:01:08 - [MESSAGE][PASSED] - Text ****** has been set on object 'Object Repository/Page_KiboPush  Sign In/input_form-control m-input_2'

2018-08-10 15:01:08 - [TEST_STEP][PASSED] - click: Object: 'Object Repository/Page_KiboPush  Sign In/button_Sign In' is clicked on

2018-08-10 15:01:08 - [MESSAGE][PASSED] - Object: 'Object Repository/Page_KiboPush  Sign In/button_Sign In' is clicked on

2018-08-10 15:01:08 - [MESSAGE][PASSED] - Call Test Case 'Test Cases/Login' successfully

2018-08-10 15:01:08 - [TEST_STEP][PASSED] - click: Object: 'Object Repository/Page_KiboPush  Dashboard/span_Broadcasts' is clicked on

2018-08-10 15:01:10 - [MESSAGE][PASSED] - Object: 'Object Repository/Page_KiboPush  Dashboard/span_Broadcasts' is clicked on

2018-08-10 15:01:10 - [TEST_STEP][PASSED] - click: Object: 'Object Repository/Page_KiboPush  Broadcast/span_Create New Broadcast' is clicked on

2018-08-10 15:01:10 - [MESSAGE][PASSED] - Object: 'Object Repository/Page_KiboPush  Broadcast/span_Create New Broadcast' is clicked on

2018-08-10 15:01:10 - [TEST_STEP][PASSED] - click: Object: 'Object Repository/Page_KiboPush  Broadcast/a_Create New Broadcast' is clicked on

2018-08-10 15:01:11 - [MESSAGE][PASSED] - Object: 'Object Repository/Page_KiboPush  Broadcast/a_Create New Broadcast' is clicked on

2018-08-10 15:01:11 - [TEST_STEP][PASSED] - delay: Delayed 1 second(s)

2018-08-10 15:01:12 - [MESSAGE][PASSED] - Delayed 1 second(s)

2018-08-10 15:01:12 - [TEST_STEP][PASSED] - click: Object: 'Object Repository/Page_KiboPush  Create Broadcast/div_Audio' is clicked on

2018-08-10 15:01:12 - [MESSAGE][PASSED] - Object: 'Object Repository/Page_KiboPush  Create Broadcast/div_Audio' is clicked on

2018-08-10 15:01:12 - [TEST_STEP][PASSED] - verifyElementPresent: Object 'Object Repository/Page_KiboPush  Create Broadcast/h4_Audio' is present

2018-08-10 15:01:12 - [MESSAGE][PASSED] - Object 'Object Repository/Page_KiboPush  Create Broadcast/h4_Audio' is present]]></system-out>
         <system-err><![CDATA[]]></system-err>
      </testcase>
      <testcase name="Test Cases/TC0164" classname="Test Cases/TC0164" status="PASSED">
         <system-out><![CDATA[2018-08-10 15:01:12 - [TEST_CASE][PASSED] - Test Cases/TC0164: Test Cases/TC0164

2018-08-10 15:01:12 - [TEST_STEP][PASSED] - callTestCase: Call Test Case 'Test Cases/TC0163' successfully

2018-08-10 15:01:12 - [TEST_CASE][PASSED] - Test Cases/TC0163: Test Cases/TC0163

2018-08-10 15:01:12 - [TEST_STEP][PASSED] - callTestCase: Call Test Case 'Test Cases/Login' successfully

2018-08-10 15:01:12 - [TEST_CASE][PASSED] - Test Cases/Login: Test Cases/Login

2018-08-10 15:01:12 - [TEST_STEP][PASSED] - openBrowser: Browser is opened with url: ''

2018-08-10 15:01:12 - [MESSAGE][WARNING] - A browser is already opened. Closing browser and opening a new one

2018-08-10 15:01:13 - [MESSAGE][PASSED] - Browser is opened with url: ''

2018-08-10 15:01:13 - [TEST_STEP][PASSED] - navigateToUrl: Navigate to 'https://staging.kibopush.com/' successfully

2018-08-10 15:01:20 - [MESSAGE][PASSED] - Navigate to 'https://staging.kibopush.com/' successfully

2018-08-10 15:01:20 - [TEST_STEP][PASSED] - click: Object: 'Object Repository/Page_KiboPush  Sign In/a_Login' is clicked on

2018-08-10 15:01:21 - [MESSAGE][PASSED] - Object: 'Object Repository/Page_KiboPush  Sign In/a_Login' is clicked on

2018-08-10 15:01:21 - [TEST_STEP][PASSED] - click: Object: 'Object Repository/Page_KiboPush  Sign In/button_Team Account' is clicked on

2018-08-10 15:01:21 - [MESSAGE][PASSED] - Object: 'Object Repository/Page_KiboPush  Sign In/button_Team Account' is clicked on

2018-08-10 15:01:21 - [TEST_STEP][PASSED] - setText: Text 'kibopush.com' is set on object 'Object Repository/Page_KiboPush  Sign In/input_form-control m-input'

2018-08-10 15:01:21 - [MESSAGE][PASSED] - Text 'kibopush.com' is set on object 'Object Repository/Page_KiboPush  Sign In/input_form-control m-input'

2018-08-10 15:01:21 - [TEST_STEP][PASSED] - setText: Text 'bjafri5@gmail.com' is set on object 'Object Repository/Page_KiboPush  Sign In/input_form-control m-input_1'

2018-08-10 15:01:21 - [MESSAGE][PASSED] - Text 'bjafri5@gmail.com' is set on object 'Object Repository/Page_KiboPush  Sign In/input_form-control m-input_1'

2018-08-10 15:01:21 - [TEST_STEP][PASSED] - setEncryptedText: Text ****** has been set on object 'Object Repository/Page_KiboPush  Sign In/input_form-control m-input_2'

2018-08-10 15:01:21 - [MESSAGE][PASSED] - Text ****** has been set on object 'Object Repository/Page_KiboPush  Sign In/input_form-control m-input_2'

2018-08-10 15:01:21 - [TEST_STEP][PASSED] - click: Object: 'Object Repository/Page_KiboPush  Sign In/button_Sign In' is clicked on

2018-08-10 15:01:21 - [MESSAGE][PASSED] - Object: 'Object Repository/Page_KiboPush  Sign In/button_Sign In' is clicked on

2018-08-10 15:01:21 - [MESSAGE][PASSED] - Call Test Case 'Test Cases/Login' successfully

2018-08-10 15:01:21 - [TEST_STEP][PASSED] - click: Object: 'Object Repository/Page_KiboPush  Dashboard/span_Broadcasts' is clicked on

2018-08-10 15:01:23 - [MESSAGE][PASSED] - Object: 'Object Repository/Page_KiboPush  Dashboard/span_Broadcasts' is clicked on

2018-08-10 15:01:23 - [TEST_STEP][PASSED] - click: Object: 'Object Repository/Page_KiboPush  Broadcast/span_Create New Broadcast' is clicked on

2018-08-10 15:01:24 - [MESSAGE][PASSED] - Object: 'Object Repository/Page_KiboPush  Broadcast/span_Create New Broadcast' is clicked on

2018-08-10 15:01:24 - [TEST_STEP][PASSED] - click: Object: 'Object Repository/Page_KiboPush  Broadcast/a_Create New Broadcast' is clicked on

2018-08-10 15:01:24 - [MESSAGE][PASSED] - Object: 'Object Repository/Page_KiboPush  Broadcast/a_Create New Broadcast' is clicked on

2018-08-10 15:01:24 - [TEST_STEP][PASSED] - delay: Delayed 1 second(s)

2018-08-10 15:01:25 - [MESSAGE][PASSED] - Delayed 1 second(s)

2018-08-10 15:01:25 - [TEST_STEP][PASSED] - click: Object: 'Object Repository/Page_KiboPush  Create Broadcast/div_Audio' is clicked on

2018-08-10 15:01:25 - [MESSAGE][PASSED] - Object: 'Object Repository/Page_KiboPush  Create Broadcast/div_Audio' is clicked on

2018-08-10 15:01:25 - [TEST_STEP][PASSED] - verifyElementPresent: Object 'Object Repository/Page_KiboPush  Create Broadcast/h4_Audio' is present

2018-08-10 15:01:25 - [MESSAGE][PASSED] - Object 'Object Repository/Page_KiboPush  Create Broadcast/h4_Audio' is present

2018-08-10 15:01:25 - [MESSAGE][PASSED] - Call Test Case 'Test Cases/TC0163' successfully

2018-08-10 15:01:25 - [TEST_STEP][PASSED] - click: Object: 'Object Repository/Page_KiboPush  Create Broadcast/button_Next (7)' is clicked on

2018-08-10 15:01:25 - [MESSAGE][PASSED] - Object: 'Object Repository/Page_KiboPush  Create Broadcast/button_Next (7)' is clicked on

2018-08-10 15:01:25 - [TEST_STEP][PASSED] - click: Object: 'Object Repository/Page_KiboPush  Create Broadcast/div_Select an audio file' is clicked on

2018-08-10 15:01:25 - [MESSAGE][PASSED] - Object: 'Object Repository/Page_KiboPush  Create Broadcast/div_Select an audio file' is clicked on]]></system-out>
         <system-err><![CDATA[]]></system-err>
      </testcase>
      <testcase name="Test Cases/TC0165" classname="Test Cases/TC0165" status="PASSED">
         <system-out><![CDATA[2018-08-10 15:01:25 - [TEST_CASE][PASSED] - Test Cases/TC0165: Test Cases/TC0165

2018-08-10 15:01:25 - [TEST_STEP][PASSED] - callTestCase: Call Test Case 'Test Cases/TC0163' successfully

2018-08-10 15:01:25 - [TEST_CASE][PASSED] - Test Cases/TC0163: Test Cases/TC0163

2018-08-10 15:01:25 - [TEST_STEP][PASSED] - callTestCase: Call Test Case 'Test Cases/Login' successfully

2018-08-10 15:01:25 - [TEST_CASE][PASSED] - Test Cases/Login: Test Cases/Login

2018-08-10 15:01:25 - [TEST_STEP][PASSED] - openBrowser: Browser is opened with url: ''

2018-08-10 15:01:25 - [MESSAGE][WARNING] - A browser is already opened. Closing browser and opening a new one

2018-08-10 15:01:27 - [MESSAGE][PASSED] - Browser is opened with url: ''

2018-08-10 15:01:27 - [TEST_STEP][PASSED] - navigateToUrl: Navigate to 'https://staging.kibopush.com/' successfully

2018-08-10 15:01:34 - [MESSAGE][PASSED] - Navigate to 'https://staging.kibopush.com/' successfully

2018-08-10 15:01:34 - [TEST_STEP][PASSED] - click: Object: 'Object Repository/Page_KiboPush  Sign In/a_Login' is clicked on

2018-08-10 15:01:34 - [MESSAGE][PASSED] - Object: 'Object Repository/Page_KiboPush  Sign In/a_Login' is clicked on

2018-08-10 15:01:34 - [TEST_STEP][PASSED] - click: Object: 'Object Repository/Page_KiboPush  Sign In/button_Team Account' is clicked on

2018-08-10 15:01:34 - [MESSAGE][PASSED] - Object: 'Object Repository/Page_KiboPush  Sign In/button_Team Account' is clicked on

2018-08-10 15:01:34 - [TEST_STEP][PASSED] - setText: Text 'kibopush.com' is set on object 'Object Repository/Page_KiboPush  Sign In/input_form-control m-input'

2018-08-10 15:01:35 - [MESSAGE][PASSED] - Text 'kibopush.com' is set on object 'Object Repository/Page_KiboPush  Sign In/input_form-control m-input'

2018-08-10 15:01:35 - [TEST_STEP][PASSED] - setText: Text 'bjafri5@gmail.com' is set on object 'Object Repository/Page_KiboPush  Sign In/input_form-control m-input_1'

2018-08-10 15:01:35 - [MESSAGE][PASSED] - Text 'bjafri5@gmail.com' is set on object 'Object Repository/Page_KiboPush  Sign In/input_form-control m-input_1'

2018-08-10 15:01:35 - [TEST_STEP][PASSED] - setEncryptedText: Text ****** has been set on object 'Object Repository/Page_KiboPush  Sign In/input_form-control m-input_2'

2018-08-10 15:01:35 - [MESSAGE][PASSED] - Text ****** has been set on object 'Object Repository/Page_KiboPush  Sign In/input_form-control m-input_2'

2018-08-10 15:01:35 - [TEST_STEP][PASSED] - click: Object: 'Object Repository/Page_KiboPush  Sign In/button_Sign In' is clicked on

2018-08-10 15:01:35 - [MESSAGE][PASSED] - Object: 'Object Repository/Page_KiboPush  Sign In/button_Sign In' is clicked on

2018-08-10 15:01:35 - [MESSAGE][PASSED] - Call Test Case 'Test Cases/Login' successfully

2018-08-10 15:01:35 - [TEST_STEP][PASSED] - click: Object: 'Object Repository/Page_KiboPush  Dashboard/span_Broadcasts' is clicked on

2018-08-10 15:01:37 - [MESSAGE][PASSED] - Object: 'Object Repository/Page_KiboPush  Dashboard/span_Broadcasts' is clicked on

2018-08-10 15:01:37 - [TEST_STEP][PASSED] - click: Object: 'Object Repository/Page_KiboPush  Broadcast/span_Create New Broadcast' is clicked on

2018-08-10 15:01:37 - [MESSAGE][PASSED] - Object: 'Object Repository/Page_KiboPush  Broadcast/span_Create New Broadcast' is clicked on

2018-08-10 15:01:37 - [TEST_STEP][PASSED] - click: Object: 'Object Repository/Page_KiboPush  Broadcast/a_Create New Broadcast' is clicked on

2018-08-10 15:01:38 - [MESSAGE][PASSED] - Object: 'Object Repository/Page_KiboPush  Broadcast/a_Create New Broadcast' is clicked on

2018-08-10 15:01:38 - [TEST_STEP][PASSED] - delay: Delayed 1 second(s)

2018-08-10 15:01:39 - [MESSAGE][PASSED] - Delayed 1 second(s)

2018-08-10 15:01:39 - [TEST_STEP][PASSED] - click: Object: 'Object Repository/Page_KiboPush  Create Broadcast/div_Audio' is clicked on

2018-08-10 15:01:39 - [MESSAGE][PASSED] - Object: 'Object Repository/Page_KiboPush  Create Broadcast/div_Audio' is clicked on

2018-08-10 15:01:39 - [TEST_STEP][PASSED] - verifyElementPresent: Object 'Object Repository/Page_KiboPush  Create Broadcast/h4_Audio' is present

2018-08-10 15:01:39 - [MESSAGE][PASSED] - Object 'Object Repository/Page_KiboPush  Create Broadcast/h4_Audio' is present

2018-08-10 15:01:39 - [MESSAGE][PASSED] - Call Test Case 'Test Cases/TC0163' successfully

2018-08-10 15:01:39 - [TEST_STEP][PASSED] - Statement - audio = com.kms.katalon.core.configuration.RunConfiguration.getProjectDir() + "/sample.mp3": null

2018-08-10 15:01:39 - [TEST_STEP][PASSED] - uploadFile: File '/Users/baqarjafri/Katalon Studio/KiboPush/sample.mp3' sent to object: 'Object Repository/Page_KiboPush  Create Broadcast/input_file'

2018-08-10 15:01:39 - [MESSAGE][PASSED] - File '/Users/baqarjafri/Katalon Studio/KiboPush/sample.mp3' sent to object: 'Object Repository/Page_KiboPush  Create Broadcast/input_file']]></system-out>
         <system-err><![CDATA[]]></system-err>
      </testcase>
      <testcase name="Test Cases/TC0167" classname="Test Cases/TC0167" status="PASSED">
         <system-out><![CDATA[2018-08-10 15:01:39 - [TEST_CASE][PASSED] - Test Cases/TC0167: Test Cases/TC0167

2018-08-10 15:01:39 - [TEST_STEP][PASSED] - callTestCase: Call Test Case 'Test Cases/Login' successfully

2018-08-10 15:01:39 - [TEST_CASE][PASSED] - Test Cases/Login: Test Cases/Login

2018-08-10 15:01:39 - [TEST_STEP][PASSED] - openBrowser: Browser is opened with url: ''

2018-08-10 15:01:39 - [MESSAGE][WARNING] - A browser is already opened. Closing browser and opening a new one

2018-08-10 15:01:40 - [MESSAGE][PASSED] - Browser is opened with url: ''

2018-08-10 15:01:40 - [TEST_STEP][PASSED] - navigateToUrl: Navigate to 'https://staging.kibopush.com/' successfully

2018-08-10 15:01:51 - [MESSAGE][PASSED] - Navigate to 'https://staging.kibopush.com/' successfully

2018-08-10 15:01:51 - [TEST_STEP][PASSED] - click: Object: 'Object Repository/Page_KiboPush  Sign In/a_Login' is clicked on

2018-08-10 15:01:51 - [MESSAGE][PASSED] - Object: 'Object Repository/Page_KiboPush  Sign In/a_Login' is clicked on

2018-08-10 15:01:51 - [TEST_STEP][PASSED] - click: Object: 'Object Repository/Page_KiboPush  Sign In/button_Team Account' is clicked on

2018-08-10 15:01:51 - [MESSAGE][PASSED] - Object: 'Object Repository/Page_KiboPush  Sign In/button_Team Account' is clicked on

2018-08-10 15:01:51 - [TEST_STEP][PASSED] - setText: Text 'kibopush.com' is set on object 'Object Repository/Page_KiboPush  Sign In/input_form-control m-input'

2018-08-10 15:01:52 - [MESSAGE][PASSED] - Text 'kibopush.com' is set on object 'Object Repository/Page_KiboPush  Sign In/input_form-control m-input'

2018-08-10 15:01:52 - [TEST_STEP][PASSED] - setText: Text 'bjafri5@gmail.com' is set on object 'Object Repository/Page_KiboPush  Sign In/input_form-control m-input_1'

2018-08-10 15:01:52 - [MESSAGE][PASSED] - Text 'bjafri5@gmail.com' is set on object 'Object Repository/Page_KiboPush  Sign In/input_form-control m-input_1'

2018-08-10 15:01:52 - [TEST_STEP][PASSED] - setEncryptedText: Text ****** has been set on object 'Object Repository/Page_KiboPush  Sign In/input_form-control m-input_2'

2018-08-10 15:01:52 - [MESSAGE][PASSED] - Text ****** has been set on object 'Object Repository/Page_KiboPush  Sign In/input_form-control m-input_2'

2018-08-10 15:01:52 - [TEST_STEP][PASSED] - click: Object: 'Object Repository/Page_KiboPush  Sign In/button_Sign In' is clicked on

2018-08-10 15:01:52 - [MESSAGE][PASSED] - Object: 'Object Repository/Page_KiboPush  Sign In/button_Sign In' is clicked on

2018-08-10 15:01:52 - [MESSAGE][PASSED] - Call Test Case 'Test Cases/Login' successfully

2018-08-10 15:01:52 - [TEST_STEP][PASSED] - click: Object: 'Object Repository/Page_KiboPush  Dashboard/span_Broadcasts' is clicked on

2018-08-10 15:01:54 - [MESSAGE][PASSED] - Object: 'Object Repository/Page_KiboPush  Dashboard/span_Broadcasts' is clicked on

2018-08-10 15:01:54 - [TEST_STEP][PASSED] - click: Object: 'Object Repository/Page_KiboPush  Broadcast/span_Create New Broadcast' is clicked on

2018-08-10 15:01:54 - [MESSAGE][PASSED] - Object: 'Object Repository/Page_KiboPush  Broadcast/span_Create New Broadcast' is clicked on

2018-08-10 15:01:54 - [TEST_STEP][PASSED] - click: Object: 'Object Repository/Page_KiboPush  Broadcast/a_Create New Broadcast' is clicked on

2018-08-10 15:01:55 - [MESSAGE][PASSED] - Object: 'Object Repository/Page_KiboPush  Broadcast/a_Create New Broadcast' is clicked on

2018-08-10 15:01:55 - [TEST_STEP][PASSED] - delay: Delayed 1 second(s)

2018-08-10 15:01:56 - [MESSAGE][PASSED] - Delayed 1 second(s)

2018-08-10 15:01:56 - [TEST_STEP][PASSED] - click: Object: 'Object Repository/Page_KiboPush  Create Broadcast/div_Video' is clicked on

2018-08-10 15:01:56 - [MESSAGE][PASSED] - Object: 'Object Repository/Page_KiboPush  Create Broadcast/div_Video' is clicked on

2018-08-10 15:01:56 - [TEST_STEP][PASSED] - verifyElementPresent: Object 'Object Repository/Page_KiboPush  Create Broadcast/h4_Video' is present

2018-08-10 15:01:56 - [MESSAGE][PASSED] - Object 'Object Repository/Page_KiboPush  Create Broadcast/h4_Video' is present]]></system-out>
         <system-err><![CDATA[]]></system-err>
      </testcase>
      <testcase name="Test Cases/TC0168" classname="Test Cases/TC0168" status="PASSED">
         <system-out><![CDATA[2018-08-10 15:01:56 - [TEST_CASE][PASSED] - Test Cases/TC0168: Test Cases/TC0168

2018-08-10 15:01:56 - [TEST_STEP][PASSED] - callTestCase: Call Test Case 'Test Cases/TC0167' successfully

2018-08-10 15:01:56 - [TEST_CASE][PASSED] - Test Cases/TC0167: Test Cases/TC0167

2018-08-10 15:01:56 - [TEST_STEP][PASSED] - callTestCase: Call Test Case 'Test Cases/Login' successfully

2018-08-10 15:01:56 - [TEST_CASE][PASSED] - Test Cases/Login: Test Cases/Login

2018-08-10 15:01:56 - [TEST_STEP][PASSED] - openBrowser: Browser is opened with url: ''

2018-08-10 15:01:56 - [MESSAGE][WARNING] - A browser is already opened. Closing browser and opening a new one

2018-08-10 15:01:57 - [MESSAGE][PASSED] - Browser is opened with url: ''

2018-08-10 15:01:57 - [TEST_STEP][PASSED] - navigateToUrl: Navigate to 'https://staging.kibopush.com/' successfully

2018-08-10 15:02:09 - [MESSAGE][PASSED] - Navigate to 'https://staging.kibopush.com/' successfully

2018-08-10 15:02:09 - [TEST_STEP][PASSED] - click: Object: 'Object Repository/Page_KiboPush  Sign In/a_Login' is clicked on

2018-08-10 15:02:09 - [MESSAGE][PASSED] - Object: 'Object Repository/Page_KiboPush  Sign In/a_Login' is clicked on

2018-08-10 15:02:09 - [TEST_STEP][PASSED] - click: Object: 'Object Repository/Page_KiboPush  Sign In/button_Team Account' is clicked on

2018-08-10 15:02:09 - [MESSAGE][PASSED] - Object: 'Object Repository/Page_KiboPush  Sign In/button_Team Account' is clicked on

2018-08-10 15:02:09 - [TEST_STEP][PASSED] - setText: Text 'kibopush.com' is set on object 'Object Repository/Page_KiboPush  Sign In/input_form-control m-input'

2018-08-10 15:02:09 - [MESSAGE][PASSED] - Text 'kibopush.com' is set on object 'Object Repository/Page_KiboPush  Sign In/input_form-control m-input'

2018-08-10 15:02:09 - [TEST_STEP][PASSED] - setText: Text 'bjafri5@gmail.com' is set on object 'Object Repository/Page_KiboPush  Sign In/input_form-control m-input_1'

2018-08-10 15:02:10 - [MESSAGE][PASSED] - Text 'bjafri5@gmail.com' is set on object 'Object Repository/Page_KiboPush  Sign In/input_form-control m-input_1'

2018-08-10 15:02:10 - [TEST_STEP][PASSED] - setEncryptedText: Text ****** has been set on object 'Object Repository/Page_KiboPush  Sign In/input_form-control m-input_2'

2018-08-10 15:02:10 - [MESSAGE][PASSED] - Text ****** has been set on object 'Object Repository/Page_KiboPush  Sign In/input_form-control m-input_2'

2018-08-10 15:02:10 - [TEST_STEP][PASSED] - click: Object: 'Object Repository/Page_KiboPush  Sign In/button_Sign In' is clicked on

2018-08-10 15:02:10 - [MESSAGE][PASSED] - Object: 'Object Repository/Page_KiboPush  Sign In/button_Sign In' is clicked on

2018-08-10 15:02:10 - [MESSAGE][PASSED] - Call Test Case 'Test Cases/Login' successfully

2018-08-10 15:02:10 - [TEST_STEP][PASSED] - click: Object: 'Object Repository/Page_KiboPush  Dashboard/span_Broadcasts' is clicked on

2018-08-10 15:02:12 - [MESSAGE][PASSED] - Object: 'Object Repository/Page_KiboPush  Dashboard/span_Broadcasts' is clicked on

2018-08-10 15:02:12 - [TEST_STEP][PASSED] - click: Object: 'Object Repository/Page_KiboPush  Broadcast/span_Create New Broadcast' is clicked on

2018-08-10 15:02:12 - [MESSAGE][PASSED] - Object: 'Object Repository/Page_KiboPush  Broadcast/span_Create New Broadcast' is clicked on

2018-08-10 15:02:12 - [TEST_STEP][PASSED] - click: Object: 'Object Repository/Page_KiboPush  Broadcast/a_Create New Broadcast' is clicked on

2018-08-10 15:02:12 - [MESSAGE][PASSED] - Object: 'Object Repository/Page_KiboPush  Broadcast/a_Create New Broadcast' is clicked on

2018-08-10 15:02:12 - [TEST_STEP][PASSED] - delay: Delayed 1 second(s)

2018-08-10 15:02:13 - [MESSAGE][PASSED] - Delayed 1 second(s)

2018-08-10 15:02:13 - [TEST_STEP][PASSED] - click: Object: 'Object Repository/Page_KiboPush  Create Broadcast/div_Video' is clicked on

2018-08-10 15:02:13 - [MESSAGE][PASSED] - Object: 'Object Repository/Page_KiboPush  Create Broadcast/div_Video' is clicked on

2018-08-10 15:02:13 - [TEST_STEP][PASSED] - verifyElementPresent: Object 'Object Repository/Page_KiboPush  Create Broadcast/h4_Video' is present

2018-08-10 15:02:13 - [MESSAGE][PASSED] - Object 'Object Repository/Page_KiboPush  Create Broadcast/h4_Video' is present

2018-08-10 15:02:13 - [MESSAGE][PASSED] - Call Test Case 'Test Cases/TC0167' successfully

2018-08-10 15:02:13 - [TEST_STEP][PASSED] - click: Object: 'Object Repository/Page_KiboPush  Create Broadcast/button_Next (8)' is clicked on

2018-08-10 15:02:13 - [MESSAGE][PASSED] - Object: 'Object Repository/Page_KiboPush  Create Broadcast/button_Next (8)' is clicked on

2018-08-10 15:02:13 - [TEST_STEP][PASSED] - click: Object: 'Object Repository/Page_KiboPush  Create Broadcast/div_Select a video file' is clicked on

2018-08-10 15:02:14 - [MESSAGE][PASSED] - Object: 'Object Repository/Page_KiboPush  Create Broadcast/div_Select a video file' is clicked on]]></system-out>
         <system-err><![CDATA[]]></system-err>
      </testcase>
      <testcase name="Test Cases/TC0169" classname="Test Cases/TC0169" status="PASSED">
         <system-out><![CDATA[2018-08-10 15:02:14 - [TEST_CASE][PASSED] - Test Cases/TC0169: Test Cases/TC0169

2018-08-10 15:02:14 - [TEST_STEP][PASSED] - callTestCase: Call Test Case 'Test Cases/TC0167' successfully

2018-08-10 15:02:14 - [TEST_CASE][PASSED] - Test Cases/TC0167: Test Cases/TC0167

2018-08-10 15:02:14 - [TEST_STEP][PASSED] - callTestCase: Call Test Case 'Test Cases/Login' successfully

2018-08-10 15:02:14 - [TEST_CASE][PASSED] - Test Cases/Login: Test Cases/Login

2018-08-10 15:02:14 - [TEST_STEP][PASSED] - openBrowser: Browser is opened with url: ''

2018-08-10 15:02:14 - [MESSAGE][WARNING] - A browser is already opened. Closing browser and opening a new one

2018-08-10 15:02:15 - [MESSAGE][PASSED] - Browser is opened with url: ''

2018-08-10 15:02:15 - [TEST_STEP][PASSED] - navigateToUrl: Navigate to 'https://staging.kibopush.com/' successfully

2018-08-10 15:02:23 - [MESSAGE][PASSED] - Navigate to 'https://staging.kibopush.com/' successfully

2018-08-10 15:02:23 - [TEST_STEP][PASSED] - click: Object: 'Object Repository/Page_KiboPush  Sign In/a_Login' is clicked on

2018-08-10 15:02:24 - [MESSAGE][PASSED] - Object: 'Object Repository/Page_KiboPush  Sign In/a_Login' is clicked on

2018-08-10 15:02:24 - [TEST_STEP][PASSED] - click: Object: 'Object Repository/Page_KiboPush  Sign In/button_Team Account' is clicked on

2018-08-10 15:02:24 - [MESSAGE][PASSED] - Object: 'Object Repository/Page_KiboPush  Sign In/button_Team Account' is clicked on

2018-08-10 15:02:24 - [TEST_STEP][PASSED] - setText: Text 'kibopush.com' is set on object 'Object Repository/Page_KiboPush  Sign In/input_form-control m-input'

2018-08-10 15:02:24 - [MESSAGE][PASSED] - Text 'kibopush.com' is set on object 'Object Repository/Page_KiboPush  Sign In/input_form-control m-input'

2018-08-10 15:02:24 - [TEST_STEP][PASSED] - setText: Text 'bjafri5@gmail.com' is set on object 'Object Repository/Page_KiboPush  Sign In/input_form-control m-input_1'

2018-08-10 15:02:24 - [MESSAGE][PASSED] - Text 'bjafri5@gmail.com' is set on object 'Object Repository/Page_KiboPush  Sign In/input_form-control m-input_1'

2018-08-10 15:02:24 - [TEST_STEP][PASSED] - setEncryptedText: Text ****** has been set on object 'Object Repository/Page_KiboPush  Sign In/input_form-control m-input_2'

2018-08-10 15:03:22 - [MESSAGE][PASSED] - Text ****** has been set on object 'Object Repository/Page_KiboPush  Sign In/input_form-control m-input_2'

2018-08-10 15:03:22 - [TEST_STEP][PASSED] - click: Object: 'Object Repository/Page_KiboPush  Sign In/button_Sign In' is clicked on

2018-08-10 15:03:47 - [MESSAGE][PASSED] - Object: 'Object Repository/Page_KiboPush  Sign In/button_Sign In' is clicked on

2018-08-10 15:03:47 - [MESSAGE][PASSED] - Call Test Case 'Test Cases/Login' successfully

2018-08-10 15:03:47 - [TEST_STEP][PASSED] - click: Object: 'Object Repository/Page_KiboPush  Dashboard/span_Broadcasts' is clicked on

2018-08-10 15:03:48 - [MESSAGE][PASSED] - Object: 'Object Repository/Page_KiboPush  Dashboard/span_Broadcasts' is clicked on

2018-08-10 15:03:48 - [TEST_STEP][PASSED] - click: Object: 'Object Repository/Page_KiboPush  Broadcast/span_Create New Broadcast' is clicked on

2018-08-10 15:03:49 - [MESSAGE][PASSED] - Object: 'Object Repository/Page_KiboPush  Broadcast/span_Create New Broadcast' is clicked on

2018-08-10 15:03:49 - [TEST_STEP][PASSED] - click: Object: 'Object Repository/Page_KiboPush  Broadcast/a_Create New Broadcast' is clicked on

2018-08-10 15:03:49 - [MESSAGE][PASSED] - Object: 'Object Repository/Page_KiboPush  Broadcast/a_Create New Broadcast' is clicked on

2018-08-10 15:03:49 - [TEST_STEP][PASSED] - delay: Delayed 1 second(s)

2018-08-10 15:03:50 - [MESSAGE][PASSED] - Delayed 1 second(s)

2018-08-10 15:03:50 - [TEST_STEP][PASSED] - click: Object: 'Object Repository/Page_KiboPush  Create Broadcast/div_Video' is clicked on

2018-08-10 15:03:51 - [MESSAGE][PASSED] - Object: 'Object Repository/Page_KiboPush  Create Broadcast/div_Video' is clicked on

2018-08-10 15:03:51 - [TEST_STEP][PASSED] - verifyElementPresent: Object 'Object Repository/Page_KiboPush  Create Broadcast/h4_Video' is present

2018-08-10 15:03:51 - [MESSAGE][PASSED] - Object 'Object Repository/Page_KiboPush  Create Broadcast/h4_Video' is present

2018-08-10 15:03:51 - [MESSAGE][PASSED] - Call Test Case 'Test Cases/TC0167' successfully

2018-08-10 15:03:51 - [TEST_STEP][PASSED] - Statement - video = com.kms.katalon.core.configuration.RunConfiguration.getProjectDir() + "/sample.mp4": null

2018-08-10 15:03:51 - [TEST_STEP][PASSED] - uploadFile: File '/Users/baqarjafri/Katalon Studio/KiboPush/sample.mp4' sent to object: 'Object Repository/Page_KiboPush  Create Broadcast/input_file'

2018-08-10 15:03:51 - [MESSAGE][PASSED] - File '/Users/baqarjafri/Katalon Studio/KiboPush/sample.mp4' sent to object: 'Object Repository/Page_KiboPush  Create Broadcast/input_file']]></system-out>
         <system-err><![CDATA[]]></system-err>
      </testcase>
      <testcase name="Test Cases/TC0171" classname="Test Cases/TC0171" status="PASSED">
         <system-out><![CDATA[2018-08-10 15:03:51 - [TEST_CASE][PASSED] - Test Cases/TC0171: Test Cases/TC0171

2018-08-10 15:03:51 - [TEST_STEP][PASSED] - callTestCase: Call Test Case 'Test Cases/Login' successfully

2018-08-10 15:03:51 - [TEST_CASE][PASSED] - Test Cases/Login: Test Cases/Login

2018-08-10 15:03:51 - [TEST_STEP][PASSED] - openBrowser: Browser is opened with url: ''

2018-08-10 15:03:51 - [MESSAGE][WARNING] - A browser is already opened. Closing browser and opening a new one

2018-08-10 15:03:52 - [MESSAGE][PASSED] - Browser is opened with url: ''

2018-08-10 15:03:52 - [TEST_STEP][PASSED] - navigateToUrl: Navigate to 'https://staging.kibopush.com/' successfully

2018-08-10 15:04:03 - [MESSAGE][PASSED] - Navigate to 'https://staging.kibopush.com/' successfully

2018-08-10 15:04:03 - [TEST_STEP][PASSED] - click: Object: 'Object Repository/Page_KiboPush  Sign In/a_Login' is clicked on

2018-08-10 15:04:03 - [MESSAGE][PASSED] - Object: 'Object Repository/Page_KiboPush  Sign In/a_Login' is clicked on

2018-08-10 15:04:03 - [TEST_STEP][PASSED] - click: Object: 'Object Repository/Page_KiboPush  Sign In/button_Team Account' is clicked on

2018-08-10 15:04:04 - [MESSAGE][PASSED] - Object: 'Object Repository/Page_KiboPush  Sign In/button_Team Account' is clicked on

2018-08-10 15:04:04 - [TEST_STEP][PASSED] - setText: Text 'kibopush.com' is set on object 'Object Repository/Page_KiboPush  Sign In/input_form-control m-input'

2018-08-10 15:04:04 - [MESSAGE][PASSED] - Text 'kibopush.com' is set on object 'Object Repository/Page_KiboPush  Sign In/input_form-control m-input'

2018-08-10 15:04:04 - [TEST_STEP][PASSED] - setText: Text 'bjafri5@gmail.com' is set on object 'Object Repository/Page_KiboPush  Sign In/input_form-control m-input_1'

2018-08-10 15:04:04 - [MESSAGE][PASSED] - Text 'bjafri5@gmail.com' is set on object 'Object Repository/Page_KiboPush  Sign In/input_form-control m-input_1'

2018-08-10 15:04:04 - [TEST_STEP][PASSED] - setEncryptedText: Text ****** has been set on object 'Object Repository/Page_KiboPush  Sign In/input_form-control m-input_2'

2018-08-10 15:04:04 - [MESSAGE][PASSED] - Text ****** has been set on object 'Object Repository/Page_KiboPush  Sign In/input_form-control m-input_2'

2018-08-10 15:04:04 - [TEST_STEP][PASSED] - click: Object: 'Object Repository/Page_KiboPush  Sign In/button_Sign In' is clicked on

2018-08-10 15:04:04 - [MESSAGE][PASSED] - Object: 'Object Repository/Page_KiboPush  Sign In/button_Sign In' is clicked on

2018-08-10 15:04:04 - [MESSAGE][PASSED] - Call Test Case 'Test Cases/Login' successfully

2018-08-10 15:04:04 - [TEST_STEP][PASSED] - click: Object: 'Object Repository/Page_KiboPush  Dashboard/span_Broadcasts' is clicked on

2018-08-10 15:04:06 - [MESSAGE][PASSED] - Object: 'Object Repository/Page_KiboPush  Dashboard/span_Broadcasts' is clicked on

2018-08-10 15:04:06 - [TEST_STEP][PASSED] - click: Object: 'Object Repository/Page_KiboPush  Broadcast/span_Create New Broadcast' is clicked on

2018-08-10 15:04:06 - [MESSAGE][PASSED] - Object: 'Object Repository/Page_KiboPush  Broadcast/span_Create New Broadcast' is clicked on

2018-08-10 15:04:06 - [TEST_STEP][PASSED] - click: Object: 'Object Repository/Page_KiboPush  Broadcast/a_Create New Broadcast' is clicked on

2018-08-10 15:04:07 - [MESSAGE][PASSED] - Object: 'Object Repository/Page_KiboPush  Broadcast/a_Create New Broadcast' is clicked on

2018-08-10 15:04:07 - [TEST_STEP][PASSED] - delay: Delayed 1 second(s)

2018-08-10 15:04:08 - [MESSAGE][PASSED] - Delayed 1 second(s)

2018-08-10 15:04:08 - [TEST_STEP][PASSED] - click: Object: 'Object Repository/Page_KiboPush  Create Broadcast/div_File' is clicked on

2018-08-10 15:04:08 - [MESSAGE][PASSED] - Object: 'Object Repository/Page_KiboPush  Create Broadcast/div_File' is clicked on

2018-08-10 15:04:08 - [TEST_STEP][PASSED] - verifyElementPresent: Object 'Object Repository/Page_KiboPush  Create Broadcast/h4_File' is present

2018-08-10 15:04:08 - [MESSAGE][PASSED] - Object 'Object Repository/Page_KiboPush  Create Broadcast/h4_File' is present]]></system-out>
         <system-err><![CDATA[]]></system-err>
      </testcase>
      <testcase name="Test Cases/TC0172" classname="Test Cases/TC0172" status="PASSED">
         <system-out><![CDATA[2018-08-10 15:04:08 - [TEST_CASE][PASSED] - Test Cases/TC0172: Test Cases/TC0172

2018-08-10 15:04:08 - [TEST_STEP][PASSED] - callTestCase: Call Test Case 'Test Cases/TC0171' successfully

2018-08-10 15:04:08 - [TEST_CASE][PASSED] - Test Cases/TC0171: Test Cases/TC0171

2018-08-10 15:04:08 - [TEST_STEP][PASSED] - callTestCase: Call Test Case 'Test Cases/Login' successfully

2018-08-10 15:04:08 - [TEST_CASE][PASSED] - Test Cases/Login: Test Cases/Login

2018-08-10 15:04:08 - [TEST_STEP][PASSED] - openBrowser: Browser is opened with url: ''

2018-08-10 15:04:08 - [MESSAGE][WARNING] - A browser is already opened. Closing browser and opening a new one

2018-08-10 15:04:09 - [MESSAGE][PASSED] - Browser is opened with url: ''

2018-08-10 15:04:09 - [TEST_STEP][PASSED] - navigateToUrl: Navigate to 'https://staging.kibopush.com/' successfully

2018-08-10 15:04:18 - [MESSAGE][PASSED] - Navigate to 'https://staging.kibopush.com/' successfully

2018-08-10 15:04:18 - [TEST_STEP][PASSED] - click: Object: 'Object Repository/Page_KiboPush  Sign In/a_Login' is clicked on

2018-08-10 15:04:18 - [MESSAGE][PASSED] - Object: 'Object Repository/Page_KiboPush  Sign In/a_Login' is clicked on

2018-08-10 15:04:18 - [TEST_STEP][PASSED] - click: Object: 'Object Repository/Page_KiboPush  Sign In/button_Team Account' is clicked on

2018-08-10 15:04:18 - [MESSAGE][PASSED] - Object: 'Object Repository/Page_KiboPush  Sign In/button_Team Account' is clicked on

2018-08-10 15:04:18 - [TEST_STEP][PASSED] - setText: Text 'kibopush.com' is set on object 'Object Repository/Page_KiboPush  Sign In/input_form-control m-input'

2018-08-10 15:04:19 - [MESSAGE][PASSED] - Text 'kibopush.com' is set on object 'Object Repository/Page_KiboPush  Sign In/input_form-control m-input'

2018-08-10 15:04:19 - [TEST_STEP][PASSED] - setText: Text 'bjafri5@gmail.com' is set on object 'Object Repository/Page_KiboPush  Sign In/input_form-control m-input_1'

2018-08-10 15:04:19 - [MESSAGE][PASSED] - Text 'bjafri5@gmail.com' is set on object 'Object Repository/Page_KiboPush  Sign In/input_form-control m-input_1'

2018-08-10 15:04:19 - [TEST_STEP][PASSED] - setEncryptedText: Text ****** has been set on object 'Object Repository/Page_KiboPush  Sign In/input_form-control m-input_2'

2018-08-10 15:04:19 - [MESSAGE][PASSED] - Text ****** has been set on object 'Object Repository/Page_KiboPush  Sign In/input_form-control m-input_2'

2018-08-10 15:04:19 - [TEST_STEP][PASSED] - click: Object: 'Object Repository/Page_KiboPush  Sign In/button_Sign In' is clicked on

2018-08-10 15:04:19 - [MESSAGE][PASSED] - Object: 'Object Repository/Page_KiboPush  Sign In/button_Sign In' is clicked on

2018-08-10 15:04:19 - [MESSAGE][PASSED] - Call Test Case 'Test Cases/Login' successfully

2018-08-10 15:04:19 - [TEST_STEP][PASSED] - click: Object: 'Object Repository/Page_KiboPush  Dashboard/span_Broadcasts' is clicked on

2018-08-10 15:04:22 - [MESSAGE][PASSED] - Object: 'Object Repository/Page_KiboPush  Dashboard/span_Broadcasts' is clicked on

2018-08-10 15:04:22 - [TEST_STEP][PASSED] - click: Object: 'Object Repository/Page_KiboPush  Broadcast/span_Create New Broadcast' is clicked on

2018-08-10 15:04:22 - [MESSAGE][PASSED] - Object: 'Object Repository/Page_KiboPush  Broadcast/span_Create New Broadcast' is clicked on

2018-08-10 15:04:22 - [TEST_STEP][PASSED] - click: Object: 'Object Repository/Page_KiboPush  Broadcast/a_Create New Broadcast' is clicked on

2018-08-10 15:04:22 - [MESSAGE][PASSED] - Object: 'Object Repository/Page_KiboPush  Broadcast/a_Create New Broadcast' is clicked on

2018-08-10 15:04:22 - [TEST_STEP][PASSED] - delay: Delayed 1 second(s)

2018-08-10 15:04:23 - [MESSAGE][PASSED] - Delayed 1 second(s)

2018-08-10 15:04:23 - [TEST_STEP][PASSED] - click: Object: 'Object Repository/Page_KiboPush  Create Broadcast/div_File' is clicked on

2018-08-10 15:04:23 - [MESSAGE][PASSED] - Object: 'Object Repository/Page_KiboPush  Create Broadcast/div_File' is clicked on

2018-08-10 15:04:23 - [TEST_STEP][PASSED] - verifyElementPresent: Object 'Object Repository/Page_KiboPush  Create Broadcast/h4_File' is present

2018-08-10 15:04:23 - [MESSAGE][PASSED] - Object 'Object Repository/Page_KiboPush  Create Broadcast/h4_File' is present

2018-08-10 15:04:23 - [MESSAGE][PASSED] - Call Test Case 'Test Cases/TC0171' successfully

2018-08-10 15:04:23 - [TEST_STEP][PASSED] - click: Object: 'Object Repository/Page_KiboPush  Create Broadcast/button_Next (9)' is clicked on

2018-08-10 15:04:23 - [MESSAGE][PASSED] - Object: 'Object Repository/Page_KiboPush  Create Broadcast/button_Next (9)' is clicked on

2018-08-10 15:04:23 - [TEST_STEP][PASSED] - click: Object: 'Object Repository/Page_KiboPush  Create Broadcast/div_Select a valid file' is clicked on

2018-08-10 15:04:23 - [MESSAGE][PASSED] - Object: 'Object Repository/Page_KiboPush  Create Broadcast/div_Select a valid file' is clicked on]]></system-out>
         <system-err><![CDATA[]]></system-err>
      </testcase>
      <testcase name="Test Cases/TC0173" classname="Test Cases/TC0173" status="PASSED">
         <system-out><![CDATA[2018-08-10 15:04:23 - [TEST_CASE][PASSED] - Test Cases/TC0173: Test Cases/TC0173

2018-08-10 15:04:24 - [TEST_STEP][PASSED] - callTestCase: Call Test Case 'Test Cases/TC0171' successfully

2018-08-10 15:04:24 - [TEST_CASE][PASSED] - Test Cases/TC0171: Test Cases/TC0171

2018-08-10 15:04:24 - [TEST_STEP][PASSED] - callTestCase: Call Test Case 'Test Cases/Login' successfully

2018-08-10 15:04:24 - [TEST_CASE][PASSED] - Test Cases/Login: Test Cases/Login

2018-08-10 15:04:24 - [TEST_STEP][PASSED] - openBrowser: Browser is opened with url: ''

2018-08-10 15:04:24 - [MESSAGE][WARNING] - A browser is already opened. Closing browser and opening a new one

2018-08-10 15:04:25 - [MESSAGE][PASSED] - Browser is opened with url: ''

2018-08-10 15:04:25 - [TEST_STEP][PASSED] - navigateToUrl: Navigate to 'https://staging.kibopush.com/' successfully

2018-08-10 15:04:36 - [MESSAGE][PASSED] - Navigate to 'https://staging.kibopush.com/' successfully

2018-08-10 15:04:36 - [TEST_STEP][PASSED] - click: Object: 'Object Repository/Page_KiboPush  Sign In/a_Login' is clicked on

2018-08-10 15:04:36 - [MESSAGE][PASSED] - Object: 'Object Repository/Page_KiboPush  Sign In/a_Login' is clicked on

2018-08-10 15:04:36 - [TEST_STEP][PASSED] - click: Object: 'Object Repository/Page_KiboPush  Sign In/button_Team Account' is clicked on

2018-08-10 15:04:37 - [MESSAGE][PASSED] - Object: 'Object Repository/Page_KiboPush  Sign In/button_Team Account' is clicked on

2018-08-10 15:04:37 - [TEST_STEP][PASSED] - setText: Text 'kibopush.com' is set on object 'Object Repository/Page_KiboPush  Sign In/input_form-control m-input'

2018-08-10 15:04:37 - [MESSAGE][PASSED] - Text 'kibopush.com' is set on object 'Object Repository/Page_KiboPush  Sign In/input_form-control m-input'

2018-08-10 15:04:37 - [TEST_STEP][PASSED] - setText: Text 'bjafri5@gmail.com' is set on object 'Object Repository/Page_KiboPush  Sign In/input_form-control m-input_1'

2018-08-10 15:04:37 - [MESSAGE][PASSED] - Text 'bjafri5@gmail.com' is set on object 'Object Repository/Page_KiboPush  Sign In/input_form-control m-input_1'

2018-08-10 15:04:37 - [TEST_STEP][PASSED] - setEncryptedText: Text ****** has been set on object 'Object Repository/Page_KiboPush  Sign In/input_form-control m-input_2'

2018-08-10 15:04:37 - [MESSAGE][PASSED] - Text ****** has been set on object 'Object Repository/Page_KiboPush  Sign In/input_form-control m-input_2'

2018-08-10 15:04:37 - [TEST_STEP][PASSED] - click: Object: 'Object Repository/Page_KiboPush  Sign In/button_Sign In' is clicked on

2018-08-10 15:04:37 - [MESSAGE][PASSED] - Object: 'Object Repository/Page_KiboPush  Sign In/button_Sign In' is clicked on

2018-08-10 15:04:37 - [MESSAGE][PASSED] - Call Test Case 'Test Cases/Login' successfully

2018-08-10 15:04:37 - [TEST_STEP][PASSED] - click: Object: 'Object Repository/Page_KiboPush  Dashboard/span_Broadcasts' is clicked on

2018-08-10 15:04:39 - [MESSAGE][PASSED] - Object: 'Object Repository/Page_KiboPush  Dashboard/span_Broadcasts' is clicked on

2018-08-10 15:04:39 - [TEST_STEP][PASSED] - click: Object: 'Object Repository/Page_KiboPush  Broadcast/span_Create New Broadcast' is clicked on

2018-08-10 15:04:39 - [MESSAGE][PASSED] - Object: 'Object Repository/Page_KiboPush  Broadcast/span_Create New Broadcast' is clicked on

2018-08-10 15:04:39 - [TEST_STEP][PASSED] - click: Object: 'Object Repository/Page_KiboPush  Broadcast/a_Create New Broadcast' is clicked on

2018-08-10 15:04:40 - [MESSAGE][PASSED] - Object: 'Object Repository/Page_KiboPush  Broadcast/a_Create New Broadcast' is clicked on

2018-08-10 15:04:40 - [TEST_STEP][PASSED] - delay: Delayed 1 second(s)

2018-08-10 15:04:41 - [MESSAGE][PASSED] - Delayed 1 second(s)

2018-08-10 15:04:41 - [TEST_STEP][PASSED] - click: Object: 'Object Repository/Page_KiboPush  Create Broadcast/div_File' is clicked on

2018-08-10 15:04:41 - [MESSAGE][PASSED] - Object: 'Object Repository/Page_KiboPush  Create Broadcast/div_File' is clicked on

2018-08-10 15:04:41 - [TEST_STEP][PASSED] - verifyElementPresent: Object 'Object Repository/Page_KiboPush  Create Broadcast/h4_File' is present

2018-08-10 15:04:41 - [MESSAGE][PASSED] - Object 'Object Repository/Page_KiboPush  Create Broadcast/h4_File' is present

2018-08-10 15:04:41 - [MESSAGE][PASSED] - Call Test Case 'Test Cases/TC0171' successfully

2018-08-10 15:04:41 - [TEST_STEP][PASSED] - Statement - file = com.kms.katalon.core.configuration.RunConfiguration.getProjectDir() + "/sample.pdf": null

2018-08-10 15:04:41 - [TEST_STEP][PASSED] - uploadFile: File '/Users/baqarjafri/Katalon Studio/KiboPush/sample.pdf' sent to object: 'Object Repository/Page_KiboPush  Create Broadcast/input_file'

2018-08-10 15:04:41 - [MESSAGE][PASSED] - File '/Users/baqarjafri/Katalon Studio/KiboPush/sample.pdf' sent to object: 'Object Repository/Page_KiboPush  Create Broadcast/input_file']]></system-out>
         <system-err><![CDATA[]]></system-err>
      </testcase>
      <testcase name="Test Cases/TC0175" classname="Test Cases/TC0175" status="PASSED">
         <system-out><![CDATA[2018-08-10 15:04:41 - [TEST_CASE][PASSED] - Test Cases/TC0175: Test Cases/TC0175

2018-08-10 15:04:41 - [TEST_STEP][PASSED] - callTestCase: Call Test Case 'Test Cases/Login' successfully

2018-08-10 15:04:41 - [TEST_CASE][PASSED] - Test Cases/Login: Test Cases/Login

2018-08-10 15:04:41 - [TEST_STEP][PASSED] - openBrowser: Browser is opened with url: ''

2018-08-10 15:04:41 - [MESSAGE][WARNING] - A browser is already opened. Closing browser and opening a new one

2018-08-10 15:04:42 - [MESSAGE][PASSED] - Browser is opened with url: ''

2018-08-10 15:04:42 - [TEST_STEP][PASSED] - navigateToUrl: Navigate to 'https://staging.kibopush.com/' successfully

2018-08-10 15:04:54 - [MESSAGE][PASSED] - Navigate to 'https://staging.kibopush.com/' successfully

2018-08-10 15:04:54 - [TEST_STEP][PASSED] - click: Object: 'Object Repository/Page_KiboPush  Sign In/a_Login' is clicked on

2018-08-10 15:04:54 - [MESSAGE][PASSED] - Object: 'Object Repository/Page_KiboPush  Sign In/a_Login' is clicked on

2018-08-10 15:04:54 - [TEST_STEP][PASSED] - click: Object: 'Object Repository/Page_KiboPush  Sign In/button_Team Account' is clicked on

2018-08-10 15:04:54 - [MESSAGE][PASSED] - Object: 'Object Repository/Page_KiboPush  Sign In/button_Team Account' is clicked on

2018-08-10 15:04:54 - [TEST_STEP][PASSED] - setText: Text 'kibopush.com' is set on object 'Object Repository/Page_KiboPush  Sign In/input_form-control m-input'

2018-08-10 15:04:54 - [MESSAGE][PASSED] - Text 'kibopush.com' is set on object 'Object Repository/Page_KiboPush  Sign In/input_form-control m-input'

2018-08-10 15:04:54 - [TEST_STEP][PASSED] - setText: Text 'bjafri5@gmail.com' is set on object 'Object Repository/Page_KiboPush  Sign In/input_form-control m-input_1'

2018-08-10 15:04:55 - [MESSAGE][PASSED] - Text 'bjafri5@gmail.com' is set on object 'Object Repository/Page_KiboPush  Sign In/input_form-control m-input_1'

2018-08-10 15:04:55 - [TEST_STEP][PASSED] - setEncryptedText: Text ****** has been set on object 'Object Repository/Page_KiboPush  Sign In/input_form-control m-input_2'

2018-08-10 15:04:55 - [MESSAGE][PASSED] - Text ****** has been set on object 'Object Repository/Page_KiboPush  Sign In/input_form-control m-input_2'

2018-08-10 15:04:55 - [TEST_STEP][PASSED] - click: Object: 'Object Repository/Page_KiboPush  Sign In/button_Sign In' is clicked on

2018-08-10 15:04:55 - [MESSAGE][PASSED] - Object: 'Object Repository/Page_KiboPush  Sign In/button_Sign In' is clicked on

2018-08-10 15:04:55 - [MESSAGE][PASSED] - Call Test Case 'Test Cases/Login' successfully

2018-08-10 15:04:55 - [TEST_STEP][PASSED] - click: Object: 'Object Repository/Page_KiboPush  Dashboard/span_Broadcasts' is clicked on

2018-08-10 15:04:57 - [MESSAGE][PASSED] - Object: 'Object Repository/Page_KiboPush  Dashboard/span_Broadcasts' is clicked on

2018-08-10 15:04:57 - [TEST_STEP][PASSED] - click: Object: 'Object Repository/Page_KiboPush  Broadcast/span_Create New Broadcast' is clicked on

2018-08-10 15:04:57 - [MESSAGE][PASSED] - Object: 'Object Repository/Page_KiboPush  Broadcast/span_Create New Broadcast' is clicked on

2018-08-10 15:04:57 - [TEST_STEP][PASSED] - click: Object: 'Object Repository/Page_KiboPush  Broadcast/a_Create New Broadcast' is clicked on

2018-08-10 15:04:57 - [MESSAGE][PASSED] - Object: 'Object Repository/Page_KiboPush  Broadcast/a_Create New Broadcast' is clicked on

2018-08-10 15:04:57 - [TEST_STEP][PASSED] - delay: Delayed 1 second(s)

2018-08-10 15:04:58 - [MESSAGE][PASSED] - Delayed 1 second(s)

2018-08-10 15:04:58 - [TEST_STEP][PASSED] - click: Object: 'Object Repository/Page_KiboPush  Create Broadcast/div_Media' is clicked on

2018-08-10 15:04:58 - [MESSAGE][PASSED] - Object: 'Object Repository/Page_KiboPush  Create Broadcast/div_Media' is clicked on

2018-08-10 15:04:58 - [TEST_STEP][PASSED] - verifyElementPresent: Object 'Object Repository/Page_KiboPush  Create Broadcast/div_Media_1' is present

2018-08-10 15:04:58 - [MESSAGE][PASSED] - Object 'Object Repository/Page_KiboPush  Create Broadcast/div_Media_1' is present]]></system-out>
         <system-err><![CDATA[]]></system-err>
      </testcase>
      <testcase name="Test Cases/TC0176" classname="Test Cases/TC0176" status="PASSED">
         <system-out><![CDATA[2018-08-10 15:04:58 - [TEST_CASE][PASSED] - Test Cases/TC0176: Test Cases/TC0176

2018-08-10 15:04:59 - [TEST_STEP][PASSED] - callTestCase: Call Test Case 'Test Cases/TC0175' successfully

2018-08-10 15:04:59 - [TEST_CASE][PASSED] - Test Cases/TC0175: Test Cases/TC0175

2018-08-10 15:04:59 - [TEST_STEP][PASSED] - callTestCase: Call Test Case 'Test Cases/Login' successfully

2018-08-10 15:04:59 - [TEST_CASE][PASSED] - Test Cases/Login: Test Cases/Login

2018-08-10 15:04:59 - [TEST_STEP][PASSED] - openBrowser: Browser is opened with url: ''

2018-08-10 15:04:59 - [MESSAGE][WARNING] - A browser is already opened. Closing browser and opening a new one

2018-08-10 15:05:00 - [MESSAGE][PASSED] - Browser is opened with url: ''

2018-08-10 15:05:00 - [TEST_STEP][PASSED] - navigateToUrl: Navigate to 'https://staging.kibopush.com/' successfully

2018-08-10 15:05:06 - [MESSAGE][PASSED] - Navigate to 'https://staging.kibopush.com/' successfully

2018-08-10 15:05:06 - [TEST_STEP][PASSED] - click: Object: 'Object Repository/Page_KiboPush  Sign In/a_Login' is clicked on

2018-08-10 15:05:06 - [MESSAGE][PASSED] - Object: 'Object Repository/Page_KiboPush  Sign In/a_Login' is clicked on

2018-08-10 15:05:06 - [TEST_STEP][PASSED] - click: Object: 'Object Repository/Page_KiboPush  Sign In/button_Team Account' is clicked on

2018-08-10 15:05:07 - [MESSAGE][PASSED] - Object: 'Object Repository/Page_KiboPush  Sign In/button_Team Account' is clicked on

2018-08-10 15:05:07 - [TEST_STEP][PASSED] - setText: Text 'kibopush.com' is set on object 'Object Repository/Page_KiboPush  Sign In/input_form-control m-input'

2018-08-10 15:05:07 - [MESSAGE][PASSED] - Text 'kibopush.com' is set on object 'Object Repository/Page_KiboPush  Sign In/input_form-control m-input'

2018-08-10 15:05:07 - [TEST_STEP][PASSED] - setText: Text 'bjafri5@gmail.com' is set on object 'Object Repository/Page_KiboPush  Sign In/input_form-control m-input_1'

2018-08-10 15:05:07 - [MESSAGE][PASSED] - Text 'bjafri5@gmail.com' is set on object 'Object Repository/Page_KiboPush  Sign In/input_form-control m-input_1'

2018-08-10 15:05:07 - [TEST_STEP][PASSED] - setEncryptedText: Text ****** has been set on object 'Object Repository/Page_KiboPush  Sign In/input_form-control m-input_2'

2018-08-10 15:05:07 - [MESSAGE][PASSED] - Text ****** has been set on object 'Object Repository/Page_KiboPush  Sign In/input_form-control m-input_2'

2018-08-10 15:05:07 - [TEST_STEP][PASSED] - click: Object: 'Object Repository/Page_KiboPush  Sign In/button_Sign In' is clicked on

2018-08-10 15:05:07 - [MESSAGE][PASSED] - Object: 'Object Repository/Page_KiboPush  Sign In/button_Sign In' is clicked on

2018-08-10 15:05:07 - [MESSAGE][PASSED] - Call Test Case 'Test Cases/Login' successfully

2018-08-10 15:05:07 - [TEST_STEP][PASSED] - click: Object: 'Object Repository/Page_KiboPush  Dashboard/span_Broadcasts' is clicked on

2018-08-10 15:05:09 - [MESSAGE][PASSED] - Object: 'Object Repository/Page_KiboPush  Dashboard/span_Broadcasts' is clicked on

2018-08-10 15:05:09 - [TEST_STEP][PASSED] - click: Object: 'Object Repository/Page_KiboPush  Broadcast/span_Create New Broadcast' is clicked on

2018-08-10 15:05:09 - [MESSAGE][PASSED] - Object: 'Object Repository/Page_KiboPush  Broadcast/span_Create New Broadcast' is clicked on

2018-08-10 15:05:09 - [TEST_STEP][PASSED] - click: Object: 'Object Repository/Page_KiboPush  Broadcast/a_Create New Broadcast' is clicked on

2018-08-10 15:05:10 - [MESSAGE][PASSED] - Object: 'Object Repository/Page_KiboPush  Broadcast/a_Create New Broadcast' is clicked on

2018-08-10 15:05:10 - [TEST_STEP][PASSED] - delay: Delayed 1 second(s)

2018-08-10 15:05:11 - [MESSAGE][PASSED] - Delayed 1 second(s)

2018-08-10 15:05:11 - [TEST_STEP][PASSED] - click: Object: 'Object Repository/Page_KiboPush  Create Broadcast/div_Media' is clicked on

2018-08-10 15:05:11 - [MESSAGE][PASSED] - Object: 'Object Repository/Page_KiboPush  Create Broadcast/div_Media' is clicked on

2018-08-10 15:05:11 - [TEST_STEP][PASSED] - verifyElementPresent: Object 'Object Repository/Page_KiboPush  Create Broadcast/div_Media_1' is present

2018-08-10 15:05:11 - [MESSAGE][PASSED] - Object 'Object Repository/Page_KiboPush  Create Broadcast/div_Media_1' is present

2018-08-10 15:05:11 - [MESSAGE][PASSED] - Call Test Case 'Test Cases/TC0175' successfully

2018-08-10 15:05:11 - [TEST_STEP][PASSED] - scrollToPosition: Browser is scrolled to position x = 0, y = 0

2018-08-10 15:05:11 - [MESSAGE][PASSED] - Browser is scrolled to position x = 0, y = 0

2018-08-10 15:05:11 - [TEST_STEP][PASSED] - click: Object: 'Object Repository/Page_KiboPush  Create Broadcast/button_Next (11)' is clicked on

2018-08-10 15:05:11 - [MESSAGE][PASSED] - Object: 'Object Repository/Page_KiboPush  Create Broadcast/button_Next (11)' is clicked on

2018-08-10 15:05:11 - [TEST_STEP][PASSED] - click: Object: 'Object Repository/Page_KiboPush  Create Broadcast/div_Select an image or video i' is clicked on

2018-08-10 15:05:11 - [MESSAGE][PASSED] - Object: 'Object Repository/Page_KiboPush  Create Broadcast/div_Select an image or video i' is clicked on]]></system-out>
         <system-err><![CDATA[]]></system-err>
      </testcase>
      <testcase name="Test Cases/TC0177" classname="Test Cases/TC0177" status="PASSED">
         <system-out><![CDATA[2018-08-10 15:05:11 - [TEST_CASE][PASSED] - Test Cases/TC0177: Test Cases/TC0177

2018-08-10 15:05:11 - [TEST_STEP][PASSED] - callTestCase: Call Test Case 'Test Cases/TC0175' successfully

2018-08-10 15:05:11 - [TEST_CASE][PASSED] - Test Cases/TC0175: Test Cases/TC0175

2018-08-10 15:05:11 - [TEST_STEP][PASSED] - callTestCase: Call Test Case 'Test Cases/Login' successfully

2018-08-10 15:05:11 - [TEST_CASE][PASSED] - Test Cases/Login: Test Cases/Login

2018-08-10 15:05:11 - [TEST_STEP][PASSED] - openBrowser: Browser is opened with url: ''

2018-08-10 15:05:11 - [MESSAGE][WARNING] - A browser is already opened. Closing browser and opening a new one

2018-08-10 15:05:13 - [MESSAGE][PASSED] - Browser is opened with url: ''

2018-08-10 15:05:13 - [TEST_STEP][PASSED] - navigateToUrl: Navigate to 'https://staging.kibopush.com/' successfully

2018-08-10 15:05:20 - [MESSAGE][PASSED] - Navigate to 'https://staging.kibopush.com/' successfully

2018-08-10 15:05:20 - [TEST_STEP][PASSED] - click: Object: 'Object Repository/Page_KiboPush  Sign In/a_Login' is clicked on

2018-08-10 15:05:20 - [MESSAGE][PASSED] - Object: 'Object Repository/Page_KiboPush  Sign In/a_Login' is clicked on

2018-08-10 15:05:20 - [TEST_STEP][PASSED] - click: Object: 'Object Repository/Page_KiboPush  Sign In/button_Team Account' is clicked on

2018-08-10 15:05:20 - [MESSAGE][PASSED] - Object: 'Object Repository/Page_KiboPush  Sign In/button_Team Account' is clicked on

2018-08-10 15:05:20 - [TEST_STEP][PASSED] - setText: Text 'kibopush.com' is set on object 'Object Repository/Page_KiboPush  Sign In/input_form-control m-input'

2018-08-10 15:05:21 - [MESSAGE][PASSED] - Text 'kibopush.com' is set on object 'Object Repository/Page_KiboPush  Sign In/input_form-control m-input'

2018-08-10 15:05:21 - [TEST_STEP][PASSED] - setText: Text 'bjafri5@gmail.com' is set on object 'Object Repository/Page_KiboPush  Sign In/input_form-control m-input_1'

2018-08-10 15:05:21 - [MESSAGE][PASSED] - Text 'bjafri5@gmail.com' is set on object 'Object Repository/Page_KiboPush  Sign In/input_form-control m-input_1'

2018-08-10 15:05:21 - [TEST_STEP][PASSED] - setEncryptedText: Text ****** has been set on object 'Object Repository/Page_KiboPush  Sign In/input_form-control m-input_2'

2018-08-10 15:05:21 - [MESSAGE][PASSED] - Text ****** has been set on object 'Object Repository/Page_KiboPush  Sign In/input_form-control m-input_2'

2018-08-10 15:05:21 - [TEST_STEP][PASSED] - click: Object: 'Object Repository/Page_KiboPush  Sign In/button_Sign In' is clicked on

2018-08-10 15:05:21 - [MESSAGE][PASSED] - Object: 'Object Repository/Page_KiboPush  Sign In/button_Sign In' is clicked on

2018-08-10 15:05:21 - [MESSAGE][PASSED] - Call Test Case 'Test Cases/Login' successfully

2018-08-10 15:05:21 - [TEST_STEP][PASSED] - click: Object: 'Object Repository/Page_KiboPush  Dashboard/span_Broadcasts' is clicked on

2018-08-10 15:05:23 - [MESSAGE][PASSED] - Object: 'Object Repository/Page_KiboPush  Dashboard/span_Broadcasts' is clicked on

2018-08-10 15:05:23 - [TEST_STEP][PASSED] - click: Object: 'Object Repository/Page_KiboPush  Broadcast/span_Create New Broadcast' is clicked on

2018-08-10 15:05:23 - [MESSAGE][PASSED] - Object: 'Object Repository/Page_KiboPush  Broadcast/span_Create New Broadcast' is clicked on

2018-08-10 15:05:23 - [TEST_STEP][PASSED] - click: Object: 'Object Repository/Page_KiboPush  Broadcast/a_Create New Broadcast' is clicked on

2018-08-10 15:05:23 - [MESSAGE][PASSED] - Object: 'Object Repository/Page_KiboPush  Broadcast/a_Create New Broadcast' is clicked on

2018-08-10 15:05:23 - [TEST_STEP][PASSED] - delay: Delayed 1 second(s)

2018-08-10 15:05:24 - [MESSAGE][PASSED] - Delayed 1 second(s)

2018-08-10 15:05:24 - [TEST_STEP][PASSED] - click: Object: 'Object Repository/Page_KiboPush  Create Broadcast/div_Media' is clicked on

2018-08-10 15:05:25 - [MESSAGE][PASSED] - Object: 'Object Repository/Page_KiboPush  Create Broadcast/div_Media' is clicked on

2018-08-10 15:05:25 - [TEST_STEP][PASSED] - verifyElementPresent: Object 'Object Repository/Page_KiboPush  Create Broadcast/div_Media_1' is present

2018-08-10 15:05:25 - [MESSAGE][PASSED] - Object 'Object Repository/Page_KiboPush  Create Broadcast/div_Media_1' is present

2018-08-10 15:05:25 - [MESSAGE][PASSED] - Call Test Case 'Test Cases/TC0175' successfully

2018-08-10 15:05:25 - [TEST_STEP][PASSED] - click: Object: 'Object Repository/Page_KiboPush  Create Broadcast/div_ Add Button' is clicked on

2018-08-10 15:05:25 - [MESSAGE][PASSED] - Object: 'Object Repository/Page_KiboPush  Create Broadcast/div_ Add Button' is clicked on

2018-08-10 15:05:25 - [TEST_STEP][PASSED] - setText: Text 'KiboPush' is set on object 'Object Repository/Page_KiboPush  Create Broadcast/input_form-control'

2018-08-10 15:05:25 - [MESSAGE][PASSED] - Text 'KiboPush' is set on object 'Object Repository/Page_KiboPush  Create Broadcast/input_form-control'

2018-08-10 15:05:25 - [TEST_STEP][PASSED] - click: Object: 'Object Repository/Page_KiboPush  Create Broadcast/div_Open a website' is clicked on

2018-08-10 15:05:25 - [MESSAGE][PASSED] - Object: 'Object Repository/Page_KiboPush  Create Broadcast/div_Open a website' is clicked on

2018-08-10 15:05:25 - [TEST_STEP][PASSED] - setText: Text 'kibopush.com' is set on object 'Object Repository/Page_KiboPush  Create Broadcast/input_form-control_1'

2018-08-10 15:05:25 - [MESSAGE][PASSED] - Text 'kibopush.com' is set on object 'Object Repository/Page_KiboPush  Create Broadcast/input_form-control_1'

2018-08-10 15:05:25 - [TEST_STEP][PASSED] - click: Object: 'Object Repository/Page_KiboPush  Create Broadcast/button_Done' is clicked on

2018-08-10 15:05:26 - [MESSAGE][PASSED] - Object: 'Object Repository/Page_KiboPush  Create Broadcast/button_Done' is clicked on]]></system-out>
         <system-err><![CDATA[]]></system-err>
      </testcase>
      <testcase name="Test Cases/TC0178" classname="Test Cases/TC0178" status="PASSED">
         <system-out><![CDATA[2018-08-10 15:05:26 - [TEST_CASE][PASSED] - Test Cases/TC0178: Test Cases/TC0178

2018-08-10 15:05:26 - [TEST_STEP][PASSED] - callTestCase: Call Test Case 'Test Cases/TC0175' successfully

2018-08-10 15:05:26 - [TEST_CASE][PASSED] - Test Cases/TC0175: Test Cases/TC0175

2018-08-10 15:05:26 - [TEST_STEP][PASSED] - callTestCase: Call Test Case 'Test Cases/Login' successfully

2018-08-10 15:05:26 - [TEST_CASE][PASSED] - Test Cases/Login: Test Cases/Login

2018-08-10 15:05:26 - [TEST_STEP][PASSED] - openBrowser: Browser is opened with url: ''

2018-08-10 15:05:26 - [MESSAGE][WARNING] - A browser is already opened. Closing browser and opening a new one

2018-08-10 15:05:27 - [MESSAGE][PASSED] - Browser is opened with url: ''

2018-08-10 15:05:27 - [TEST_STEP][PASSED] - navigateToUrl: Navigate to 'https://staging.kibopush.com/' successfully

2018-08-10 15:05:38 - [MESSAGE][PASSED] - Navigate to 'https://staging.kibopush.com/' successfully

2018-08-10 15:05:38 - [TEST_STEP][PASSED] - click: Object: 'Object Repository/Page_KiboPush  Sign In/a_Login' is clicked on

2018-08-10 15:05:39 - [MESSAGE][PASSED] - Object: 'Object Repository/Page_KiboPush  Sign In/a_Login' is clicked on

2018-08-10 15:05:39 - [TEST_STEP][PASSED] - click: Object: 'Object Repository/Page_KiboPush  Sign In/button_Team Account' is clicked on

2018-08-10 15:05:39 - [MESSAGE][PASSED] - Object: 'Object Repository/Page_KiboPush  Sign In/button_Team Account' is clicked on

2018-08-10 15:05:39 - [TEST_STEP][PASSED] - setText: Text 'kibopush.com' is set on object 'Object Repository/Page_KiboPush  Sign In/input_form-control m-input'

2018-08-10 15:05:39 - [MESSAGE][PASSED] - Text 'kibopush.com' is set on object 'Object Repository/Page_KiboPush  Sign In/input_form-control m-input'

2018-08-10 15:05:39 - [TEST_STEP][PASSED] - setText: Text 'bjafri5@gmail.com' is set on object 'Object Repository/Page_KiboPush  Sign In/input_form-control m-input_1'

2018-08-10 15:05:39 - [MESSAGE][PASSED] - Text 'bjafri5@gmail.com' is set on object 'Object Repository/Page_KiboPush  Sign In/input_form-control m-input_1'

2018-08-10 15:05:39 - [TEST_STEP][PASSED] - setEncryptedText: Text ****** has been set on object 'Object Repository/Page_KiboPush  Sign In/input_form-control m-input_2'

2018-08-10 15:05:39 - [MESSAGE][PASSED] - Text ****** has been set on object 'Object Repository/Page_KiboPush  Sign In/input_form-control m-input_2'

2018-08-10 15:05:39 - [TEST_STEP][PASSED] - click: Object: 'Object Repository/Page_KiboPush  Sign In/button_Sign In' is clicked on

2018-08-10 15:05:39 - [MESSAGE][PASSED] - Object: 'Object Repository/Page_KiboPush  Sign In/button_Sign In' is clicked on

2018-08-10 15:05:39 - [MESSAGE][PASSED] - Call Test Case 'Test Cases/Login' successfully

2018-08-10 15:05:39 - [TEST_STEP][PASSED] - click: Object: 'Object Repository/Page_KiboPush  Dashboard/span_Broadcasts' is clicked on

2018-08-10 15:05:41 - [MESSAGE][PASSED] - Object: 'Object Repository/Page_KiboPush  Dashboard/span_Broadcasts' is clicked on

2018-08-10 15:05:41 - [TEST_STEP][PASSED] - click: Object: 'Object Repository/Page_KiboPush  Broadcast/span_Create New Broadcast' is clicked on

2018-08-10 15:05:42 - [MESSAGE][PASSED] - Object: 'Object Repository/Page_KiboPush  Broadcast/span_Create New Broadcast' is clicked on

2018-08-10 15:05:42 - [TEST_STEP][PASSED] - click: Object: 'Object Repository/Page_KiboPush  Broadcast/a_Create New Broadcast' is clicked on

2018-08-10 15:05:42 - [MESSAGE][PASSED] - Object: 'Object Repository/Page_KiboPush  Broadcast/a_Create New Broadcast' is clicked on

2018-08-10 15:05:42 - [TEST_STEP][PASSED] - delay: Delayed 1 second(s)

2018-08-10 15:05:43 - [MESSAGE][PASSED] - Delayed 1 second(s)

2018-08-10 15:05:43 - [TEST_STEP][PASSED] - click: Object: 'Object Repository/Page_KiboPush  Create Broadcast/div_Media' is clicked on

2018-08-10 15:05:43 - [MESSAGE][PASSED] - Object: 'Object Repository/Page_KiboPush  Create Broadcast/div_Media' is clicked on

2018-08-10 15:05:43 - [TEST_STEP][PASSED] - verifyElementPresent: Object 'Object Repository/Page_KiboPush  Create Broadcast/div_Media_1' is present

2018-08-10 15:05:43 - [MESSAGE][PASSED] - Object 'Object Repository/Page_KiboPush  Create Broadcast/div_Media_1' is present

2018-08-10 15:05:43 - [MESSAGE][PASSED] - Call Test Case 'Test Cases/TC0175' successfully

2018-08-10 15:05:43 - [TEST_STEP][PASSED] - Statement - img = com.kms.katalon.core.configuration.RunConfiguration.getProjectDir() + "/sample.jpg": null

2018-08-10 15:05:43 - [TEST_STEP][PASSED] - uploadFile: File '/Users/baqarjafri/Katalon Studio/KiboPush/sample.jpg' sent to object: 'Object Repository/Page_KiboPush  Create Broadcast/input_file'

2018-08-10 15:05:43 - [MESSAGE][PASSED] - File '/Users/baqarjafri/Katalon Studio/KiboPush/sample.jpg' sent to object: 'Object Repository/Page_KiboPush  Create Broadcast/input_file'

2018-08-10 15:05:43 - [TEST_STEP][PASSED] - verifyElementPresent: Object 'Object Repository/Page_KiboPush  Create Broadcast/media_image' is present

2018-08-10 15:05:44 - [MESSAGE][PASSED] - Object 'Object Repository/Page_KiboPush  Create Broadcast/media_image' is present]]></system-out>
         <system-err><![CDATA[]]></system-err>
      </testcase>
      <testcase name="Test Cases/TC0182" classname="Test Cases/TC0182" status="PASSED">
         <system-out><![CDATA[2018-08-10 15:05:44 - [TEST_CASE][PASSED] - Test Cases/TC0182: Test Cases/TC0182

2018-08-10 15:05:44 - [TEST_STEP][PASSED] - callTestCase: Call Test Case 'Test Cases/TC0131' successfully

2018-08-10 15:05:44 - [TEST_CASE][PASSED] - Test Cases/TC0131: Test Cases/TC0131

2018-08-10 15:05:44 - [TEST_STEP][PASSED] - callTestCase: Call Test Case 'Test Cases/Login' successfully

2018-08-10 15:05:44 - [TEST_CASE][PASSED] - Test Cases/Login: Test Cases/Login

2018-08-10 15:05:44 - [TEST_STEP][PASSED] - openBrowser: Browser is opened with url: ''

2018-08-10 15:05:44 - [MESSAGE][WARNING] - A browser is already opened. Closing browser and opening a new one

2018-08-10 15:05:46 - [MESSAGE][PASSED] - Browser is opened with url: ''

2018-08-10 15:05:46 - [TEST_STEP][PASSED] - navigateToUrl: Navigate to 'https://staging.kibopush.com/' successfully

2018-08-10 15:05:54 - [MESSAGE][PASSED] - Navigate to 'https://staging.kibopush.com/' successfully

2018-08-10 15:05:54 - [TEST_STEP][PASSED] - click: Object: 'Object Repository/Page_KiboPush  Sign In/a_Login' is clicked on

2018-08-10 15:05:54 - [MESSAGE][PASSED] - Object: 'Object Repository/Page_KiboPush  Sign In/a_Login' is clicked on

2018-08-10 15:05:54 - [TEST_STEP][PASSED] - click: Object: 'Object Repository/Page_KiboPush  Sign In/button_Team Account' is clicked on

2018-08-10 15:05:55 - [MESSAGE][PASSED] - Object: 'Object Repository/Page_KiboPush  Sign In/button_Team Account' is clicked on

2018-08-10 15:05:55 - [TEST_STEP][PASSED] - setText: Text 'kibopush.com' is set on object 'Object Repository/Page_KiboPush  Sign In/input_form-control m-input'

2018-08-10 15:05:55 - [MESSAGE][PASSED] - Text 'kibopush.com' is set on object 'Object Repository/Page_KiboPush  Sign In/input_form-control m-input'

2018-08-10 15:05:55 - [TEST_STEP][PASSED] - setText: Text 'bjafri5@gmail.com' is set on object 'Object Repository/Page_KiboPush  Sign In/input_form-control m-input_1'

2018-08-10 15:05:55 - [MESSAGE][PASSED] - Text 'bjafri5@gmail.com' is set on object 'Object Repository/Page_KiboPush  Sign In/input_form-control m-input_1'

2018-08-10 15:05:55 - [TEST_STEP][PASSED] - setEncryptedText: Text ****** has been set on object 'Object Repository/Page_KiboPush  Sign In/input_form-control m-input_2'

2018-08-10 15:05:55 - [MESSAGE][PASSED] - Text ****** has been set on object 'Object Repository/Page_KiboPush  Sign In/input_form-control m-input_2'

2018-08-10 15:05:55 - [TEST_STEP][PASSED] - click: Object: 'Object Repository/Page_KiboPush  Sign In/button_Sign In' is clicked on

2018-08-10 15:05:55 - [MESSAGE][PASSED] - Object: 'Object Repository/Page_KiboPush  Sign In/button_Sign In' is clicked on

2018-08-10 15:05:55 - [MESSAGE][PASSED] - Call Test Case 'Test Cases/Login' successfully

2018-08-10 15:05:55 - [TEST_STEP][PASSED] - click: Object: 'Object Repository/Page_KiboPush  Dashboard/span_Broadcasts' is clicked on

2018-08-10 15:05:57 - [MESSAGE][PASSED] - Object: 'Object Repository/Page_KiboPush  Dashboard/span_Broadcasts' is clicked on

2018-08-10 15:05:57 - [TEST_STEP][PASSED] - click: Object: 'Object Repository/Page_KiboPush  Broadcast/span_Create New Broadcast' is clicked on

2018-08-10 15:05:58 - [MESSAGE][PASSED] - Object: 'Object Repository/Page_KiboPush  Broadcast/span_Create New Broadcast' is clicked on

2018-08-10 15:05:58 - [TEST_STEP][PASSED] - click: Object: 'Object Repository/Page_KiboPush  Broadcast/a_Create New Broadcast' is clicked on

2018-08-10 15:05:58 - [MESSAGE][PASSED] - Object: 'Object Repository/Page_KiboPush  Broadcast/a_Create New Broadcast' is clicked on

2018-08-10 15:05:58 - [TEST_STEP][PASSED] - delay: Delayed 1 second(s)

2018-08-10 15:05:59 - [MESSAGE][PASSED] - Delayed 1 second(s)

2018-08-10 15:05:59 - [TEST_STEP][PASSED] - click: Object: 'Object Repository/Page_KiboPush  Create Broadcast/div_Text_1' is clicked on

2018-08-10 15:05:59 - [MESSAGE][PASSED] - Object: 'Object Repository/Page_KiboPush  Create Broadcast/div_Text_1' is clicked on

2018-08-10 15:05:59 - [TEST_STEP][PASSED] - verifyElementPresent: Object 'Object Repository/Page_KiboPush  Create Broadcast/text_component' is present

2018-08-10 15:05:59 - [MESSAGE][PASSED] - Object 'Object Repository/Page_KiboPush  Create Broadcast/text_component' is present

2018-08-10 15:05:59 - [MESSAGE][PASSED] - Call Test Case 'Test Cases/TC0131' successfully

2018-08-10 15:05:59 - [TEST_STEP][PASSED] - click: Object: 'Object Repository/Page_KiboPush  Create Broadcast/i_fa fa-times fa-stack-2x' is clicked on

2018-08-10 15:05:59 - [MESSAGE][PASSED] - Object: 'Object Repository/Page_KiboPush  Create Broadcast/i_fa fa-times fa-stack-2x' is clicked on

2018-08-10 15:05:59 - [TEST_STEP][PASSED] - verifyElementNotPresent: Web element with id: 'Object Repository/Page_KiboPush  Create Broadcast/text_component' located by 'By.xpath: //*[@id="tab_1"]/div/div[2]/div[2]/div/div[2]/textarea' is not present after '5' second(s)

2018-08-10 15:05:59 - [MESSAGE][PASSED] - Web element with id: 'Object Repository/Page_KiboPush  Create Broadcast/text_component' located by 'By.xpath: //*[@id="tab_1"]/div/div[2]/div[2]/div/div[2]/textarea' is not present after '5' second(s)]]></system-out>
         <system-err><![CDATA[]]></system-err>
      </testcase>
      <testcase name="Test Cases/TC0183" classname="Test Cases/TC0183" status="PASSED">
         <system-out><![CDATA[2018-08-10 15:05:59 - [TEST_CASE][PASSED] - Test Cases/TC0183: Test Cases/TC0183

2018-08-10 15:05:59 - [TEST_STEP][PASSED] - callTestCase: Call Test Case 'Test Cases/TC0137' successfully

2018-08-10 15:05:59 - [TEST_CASE][PASSED] - Test Cases/TC0137: Test Cases/TC0137

2018-08-10 15:05:59 - [TEST_STEP][PASSED] - callTestCase: Call Test Case 'Test Cases/Login' successfully

2018-08-10 15:05:59 - [TEST_CASE][PASSED] - Test Cases/Login: Test Cases/Login

2018-08-10 15:05:59 - [TEST_STEP][PASSED] - openBrowser: Browser is opened with url: ''

2018-08-10 15:05:59 - [MESSAGE][WARNING] - A browser is already opened. Closing browser and opening a new one

2018-08-10 15:06:01 - [MESSAGE][PASSED] - Browser is opened with url: ''

2018-08-10 15:06:01 - [TEST_STEP][PASSED] - navigateToUrl: Navigate to 'https://staging.kibopush.com/' successfully

2018-08-10 15:06:12 - [MESSAGE][PASSED] - Navigate to 'https://staging.kibopush.com/' successfully

2018-08-10 15:06:12 - [TEST_STEP][PASSED] - click: Object: 'Object Repository/Page_KiboPush  Sign In/a_Login' is clicked on

2018-08-10 15:06:12 - [MESSAGE][PASSED] - Object: 'Object Repository/Page_KiboPush  Sign In/a_Login' is clicked on

2018-08-10 15:06:12 - [TEST_STEP][PASSED] - click: Object: 'Object Repository/Page_KiboPush  Sign In/button_Team Account' is clicked on

2018-08-10 15:06:12 - [MESSAGE][PASSED] - Object: 'Object Repository/Page_KiboPush  Sign In/button_Team Account' is clicked on

2018-08-10 15:06:12 - [TEST_STEP][PASSED] - setText: Text 'kibopush.com' is set on object 'Object Repository/Page_KiboPush  Sign In/input_form-control m-input'

2018-08-10 15:06:12 - [MESSAGE][PASSED] - Text 'kibopush.com' is set on object 'Object Repository/Page_KiboPush  Sign In/input_form-control m-input'

2018-08-10 15:06:12 - [TEST_STEP][PASSED] - setText: Text 'bjafri5@gmail.com' is set on object 'Object Repository/Page_KiboPush  Sign In/input_form-control m-input_1'

2018-08-10 15:06:13 - [MESSAGE][PASSED] - Text 'bjafri5@gmail.com' is set on object 'Object Repository/Page_KiboPush  Sign In/input_form-control m-input_1'

2018-08-10 15:06:13 - [TEST_STEP][PASSED] - setEncryptedText: Text ****** has been set on object 'Object Repository/Page_KiboPush  Sign In/input_form-control m-input_2'

2018-08-10 15:06:13 - [MESSAGE][PASSED] - Text ****** has been set on object 'Object Repository/Page_KiboPush  Sign In/input_form-control m-input_2'

2018-08-10 15:06:13 - [TEST_STEP][PASSED] - click: Object: 'Object Repository/Page_KiboPush  Sign In/button_Sign In' is clicked on

2018-08-10 15:06:13 - [MESSAGE][PASSED] - Object: 'Object Repository/Page_KiboPush  Sign In/button_Sign In' is clicked on

2018-08-10 15:06:13 - [MESSAGE][PASSED] - Call Test Case 'Test Cases/Login' successfully

2018-08-10 15:06:13 - [TEST_STEP][PASSED] - click: Object: 'Object Repository/Page_KiboPush  Dashboard/span_Broadcasts' is clicked on

2018-08-10 15:06:15 - [MESSAGE][PASSED] - Object: 'Object Repository/Page_KiboPush  Dashboard/span_Broadcasts' is clicked on

2018-08-10 15:06:15 - [TEST_STEP][PASSED] - click: Object: 'Object Repository/Page_KiboPush  Broadcast/span_Create New Broadcast' is clicked on

2018-08-10 15:06:15 - [MESSAGE][PASSED] - Object: 'Object Repository/Page_KiboPush  Broadcast/span_Create New Broadcast' is clicked on

2018-08-10 15:06:15 - [TEST_STEP][PASSED] - click: Object: 'Object Repository/Page_KiboPush  Broadcast/a_Create New Broadcast' is clicked on

2018-08-10 15:06:15 - [MESSAGE][PASSED] - Object: 'Object Repository/Page_KiboPush  Broadcast/a_Create New Broadcast' is clicked on

2018-08-10 15:06:15 - [TEST_STEP][PASSED] - delay: Delayed 1 second(s)

2018-08-10 15:06:16 - [MESSAGE][PASSED] - Delayed 1 second(s)

2018-08-10 15:06:16 - [TEST_STEP][PASSED] - click: Object: 'Object Repository/Page_KiboPush  Create Broadcast/div_Image (2)' is clicked on

2018-08-10 15:06:16 - [MESSAGE][PASSED] - Object: 'Object Repository/Page_KiboPush  Create Broadcast/div_Image (2)' is clicked on

2018-08-10 15:06:16 - [TEST_STEP][PASSED] - delay: Delayed 1 second(s)

2018-08-10 15:06:17 - [MESSAGE][PASSED] - Delayed 1 second(s)

2018-08-10 15:06:17 - [TEST_STEP][PASSED] - verifyElementPresent: Object 'Object Repository/Page_KiboPush  Create Broadcast/div_Image_1' is present

2018-08-10 15:06:17 - [MESSAGE][PASSED] - Object 'Object Repository/Page_KiboPush  Create Broadcast/div_Image_1' is present

2018-08-10 15:06:17 - [MESSAGE][PASSED] - Call Test Case 'Test Cases/TC0137' successfully

2018-08-10 15:06:17 - [TEST_STEP][PASSED] - click: Object: 'Object Repository/Page_KiboPush  Create Broadcast/i_fa fa-times fa-stack-2x' is clicked on

2018-08-10 15:06:17 - [MESSAGE][PASSED] - Object: 'Object Repository/Page_KiboPush  Create Broadcast/i_fa fa-times fa-stack-2x' is clicked on

2018-08-10 15:06:17 - [TEST_STEP][PASSED] - verifyElementNotPresent: Web element with id: 'Object Repository/Page_KiboPush  Create Broadcast/div_Image_1' located by 'By.xpath: //div[(text() = ' Image ' or . = ' Image ')]' is not present after '5' second(s)

2018-08-10 15:06:18 - [MESSAGE][PASSED] - Web element with id: 'Object Repository/Page_KiboPush  Create Broadcast/div_Image_1' located by 'By.xpath: //div[(text() = ' Image ' or . = ' Image ')]' is not present after '5' second(s)]]></system-out>
         <system-err><![CDATA[]]></system-err>
      </testcase>
      <testcase name="Test Cases/TC0184" classname="Test Cases/TC0184" status="PASSED">
         <system-out><![CDATA[2018-08-10 15:06:18 - [TEST_CASE][PASSED] - Test Cases/TC0184: Test Cases/TC0184

2018-08-10 15:06:18 - [TEST_STEP][PASSED] - callTestCase: Call Test Case 'Test Cases/TC0141' successfully

2018-08-10 15:06:18 - [TEST_CASE][PASSED] - Test Cases/TC0141: Test Cases/TC0141

2018-08-10 15:06:18 - [TEST_STEP][PASSED] - callTestCase: Call Test Case 'Test Cases/Login' successfully

2018-08-10 15:06:18 - [TEST_CASE][PASSED] - Test Cases/Login: Test Cases/Login

2018-08-10 15:06:18 - [TEST_STEP][PASSED] - openBrowser: Browser is opened with url: ''

2018-08-10 15:06:18 - [MESSAGE][WARNING] - A browser is already opened. Closing browser and opening a new one

2018-08-10 15:06:19 - [MESSAGE][PASSED] - Browser is opened with url: ''

2018-08-10 15:06:19 - [TEST_STEP][PASSED] - navigateToUrl: Navigate to 'https://staging.kibopush.com/' successfully

2018-08-10 15:06:28 - [MESSAGE][PASSED] - Navigate to 'https://staging.kibopush.com/' successfully

2018-08-10 15:06:28 - [TEST_STEP][PASSED] - click: Object: 'Object Repository/Page_KiboPush  Sign In/a_Login' is clicked on

2018-08-10 15:06:28 - [MESSAGE][PASSED] - Object: 'Object Repository/Page_KiboPush  Sign In/a_Login' is clicked on

2018-08-10 15:06:28 - [TEST_STEP][PASSED] - click: Object: 'Object Repository/Page_KiboPush  Sign In/button_Team Account' is clicked on

2018-08-10 15:06:28 - [MESSAGE][PASSED] - Object: 'Object Repository/Page_KiboPush  Sign In/button_Team Account' is clicked on

2018-08-10 15:06:28 - [TEST_STEP][PASSED] - setText: Text 'kibopush.com' is set on object 'Object Repository/Page_KiboPush  Sign In/input_form-control m-input'

2018-08-10 15:06:28 - [MESSAGE][PASSED] - Text 'kibopush.com' is set on object 'Object Repository/Page_KiboPush  Sign In/input_form-control m-input'

2018-08-10 15:06:28 - [TEST_STEP][PASSED] - setText: Text 'bjafri5@gmail.com' is set on object 'Object Repository/Page_KiboPush  Sign In/input_form-control m-input_1'

2018-08-10 15:06:29 - [MESSAGE][PASSED] - Text 'bjafri5@gmail.com' is set on object 'Object Repository/Page_KiboPush  Sign In/input_form-control m-input_1'

2018-08-10 15:06:29 - [TEST_STEP][PASSED] - setEncryptedText: Text ****** has been set on object 'Object Repository/Page_KiboPush  Sign In/input_form-control m-input_2'

2018-08-10 15:06:29 - [MESSAGE][PASSED] - Text ****** has been set on object 'Object Repository/Page_KiboPush  Sign In/input_form-control m-input_2'

2018-08-10 15:06:29 - [TEST_STEP][PASSED] - click: Object: 'Object Repository/Page_KiboPush  Sign In/button_Sign In' is clicked on

2018-08-10 15:06:29 - [MESSAGE][PASSED] - Object: 'Object Repository/Page_KiboPush  Sign In/button_Sign In' is clicked on

2018-08-10 15:06:29 - [MESSAGE][PASSED] - Call Test Case 'Test Cases/Login' successfully

2018-08-10 15:06:29 - [TEST_STEP][PASSED] - click: Object: 'Object Repository/Page_KiboPush  Dashboard/span_Broadcasts' is clicked on

2018-08-10 15:06:31 - [MESSAGE][PASSED] - Object: 'Object Repository/Page_KiboPush  Dashboard/span_Broadcasts' is clicked on

2018-08-10 15:06:31 - [TEST_STEP][PASSED] - click: Object: 'Object Repository/Page_KiboPush  Broadcast/span_Create New Broadcast' is clicked on

2018-08-10 15:06:31 - [MESSAGE][PASSED] - Object: 'Object Repository/Page_KiboPush  Broadcast/span_Create New Broadcast' is clicked on

2018-08-10 15:06:31 - [TEST_STEP][PASSED] - click: Object: 'Object Repository/Page_KiboPush  Broadcast/a_Create New Broadcast' is clicked on

2018-08-10 15:06:31 - [MESSAGE][PASSED] - Object: 'Object Repository/Page_KiboPush  Broadcast/a_Create New Broadcast' is clicked on

2018-08-10 15:06:31 - [TEST_STEP][PASSED] - delay: Delayed 1 second(s)

2018-08-10 15:06:32 - [MESSAGE][PASSED] - Delayed 1 second(s)

2018-08-10 15:06:32 - [TEST_STEP][PASSED] - click: Object: 'Object Repository/Page_KiboPush  Create Broadcast/div_Card' is clicked on

2018-08-10 15:06:32 - [MESSAGE][PASSED] - Object: 'Object Repository/Page_KiboPush  Create Broadcast/div_Card' is clicked on

2018-08-10 15:06:32 - [TEST_STEP][PASSED] - verifyElementPresent: Object 'Object Repository/Page_KiboPush  Create Broadcast/card_component' is present

2018-08-10 15:06:32 - [MESSAGE][PASSED] - Object 'Object Repository/Page_KiboPush  Create Broadcast/card_component' is present

2018-08-10 15:06:32 - [MESSAGE][PASSED] - Call Test Case 'Test Cases/TC0141' successfully

2018-08-10 15:06:32 - [TEST_STEP][PASSED] - click: Object: 'Object Repository/Page_KiboPush  Create Broadcast/i_fa fa-times fa-stack-2x' is clicked on

2018-08-10 15:06:33 - [MESSAGE][PASSED] - Object: 'Object Repository/Page_KiboPush  Create Broadcast/i_fa fa-times fa-stack-2x' is clicked on

2018-08-10 15:06:33 - [TEST_STEP][PASSED] - verifyElementNotPresent: Web element with id: 'Object Repository/Page_KiboPush  Create Broadcast/card_component' located by 'By.xpath: id("tab_1")/div[@class="row"]/div[@class="col-lg-6 col-md-6 col-sm-12 col-xs-12"]/div[@class="ui-block"]/div[@class="broadcast-component"]/div[@class="ui-block hoverborder"]' is not present after '5' second(s)

2018-08-10 15:06:33 - [MESSAGE][PASSED] - Web element with id: 'Object Repository/Page_KiboPush  Create Broadcast/card_component' located by 'By.xpath: id("tab_1")/div[@class="row"]/div[@class="col-lg-6 col-md-6 col-sm-12 col-xs-12"]/div[@class="ui-block"]/div[@class="broadcast-component"]/div[@class="ui-block hoverborder"]' is not present after '5' second(s)]]></system-out>
         <system-err><![CDATA[]]></system-err>
      </testcase>
      <testcase name="Test Cases/TC0185" classname="Test Cases/TC0185" status="PASSED">
         <system-out><![CDATA[2018-08-10 15:06:33 - [TEST_CASE][PASSED] - Test Cases/TC0185: Test Cases/TC0185

2018-08-10 15:06:33 - [TEST_STEP][PASSED] - callTestCase: Call Test Case 'Test Cases/TC0150' successfully

2018-08-10 15:06:33 - [TEST_CASE][PASSED] - Test Cases/TC0150: Test Cases/TC0150

2018-08-10 15:06:33 - [TEST_STEP][PASSED] - callTestCase: Call Test Case 'Test Cases/Login' successfully

2018-08-10 15:06:33 - [TEST_CASE][PASSED] - Test Cases/Login: Test Cases/Login

2018-08-10 15:06:33 - [TEST_STEP][PASSED] - openBrowser: Browser is opened with url: ''

2018-08-10 15:06:33 - [MESSAGE][WARNING] - A browser is already opened. Closing browser and opening a new one

2018-08-10 15:06:34 - [MESSAGE][PASSED] - Browser is opened with url: ''

2018-08-10 15:06:34 - [TEST_STEP][PASSED] - navigateToUrl: Navigate to 'https://staging.kibopush.com/' successfully

2018-08-10 15:06:45 - [MESSAGE][PASSED] - Navigate to 'https://staging.kibopush.com/' successfully

2018-08-10 15:06:45 - [TEST_STEP][PASSED] - click: Object: 'Object Repository/Page_KiboPush  Sign In/a_Login' is clicked on

2018-08-10 15:06:45 - [MESSAGE][PASSED] - Object: 'Object Repository/Page_KiboPush  Sign In/a_Login' is clicked on

2018-08-10 15:06:45 - [TEST_STEP][PASSED] - click: Object: 'Object Repository/Page_KiboPush  Sign In/button_Team Account' is clicked on

2018-08-10 15:06:46 - [MESSAGE][PASSED] - Object: 'Object Repository/Page_KiboPush  Sign In/button_Team Account' is clicked on

2018-08-10 15:06:46 - [TEST_STEP][PASSED] - setText: Text 'kibopush.com' is set on object 'Object Repository/Page_KiboPush  Sign In/input_form-control m-input'

2018-08-10 15:06:46 - [MESSAGE][PASSED] - Text 'kibopush.com' is set on object 'Object Repository/Page_KiboPush  Sign In/input_form-control m-input'

2018-08-10 15:06:46 - [TEST_STEP][PASSED] - setText: Text 'bjafri5@gmail.com' is set on object 'Object Repository/Page_KiboPush  Sign In/input_form-control m-input_1'

2018-08-10 15:06:46 - [MESSAGE][PASSED] - Text 'bjafri5@gmail.com' is set on object 'Object Repository/Page_KiboPush  Sign In/input_form-control m-input_1'

2018-08-10 15:06:46 - [TEST_STEP][PASSED] - setEncryptedText: Text ****** has been set on object 'Object Repository/Page_KiboPush  Sign In/input_form-control m-input_2'

2018-08-10 15:06:46 - [MESSAGE][PASSED] - Text ****** has been set on object 'Object Repository/Page_KiboPush  Sign In/input_form-control m-input_2'

2018-08-10 15:06:46 - [TEST_STEP][PASSED] - click: Object: 'Object Repository/Page_KiboPush  Sign In/button_Sign In' is clicked on

2018-08-10 15:06:46 - [MESSAGE][PASSED] - Object: 'Object Repository/Page_KiboPush  Sign In/button_Sign In' is clicked on

2018-08-10 15:06:46 - [MESSAGE][PASSED] - Call Test Case 'Test Cases/Login' successfully

2018-08-10 15:06:46 - [TEST_STEP][PASSED] - click: Object: 'Object Repository/Page_KiboPush  Dashboard/span_Broadcasts' is clicked on

2018-08-10 15:06:48 - [MESSAGE][PASSED] - Object: 'Object Repository/Page_KiboPush  Dashboard/span_Broadcasts' is clicked on

2018-08-10 15:06:48 - [TEST_STEP][PASSED] - click: Object: 'Object Repository/Page_KiboPush  Broadcast/span_Create New Broadcast' is clicked on

2018-08-10 15:06:48 - [MESSAGE][PASSED] - Object: 'Object Repository/Page_KiboPush  Broadcast/span_Create New Broadcast' is clicked on

2018-08-10 15:06:48 - [TEST_STEP][PASSED] - click: Object: 'Object Repository/Page_KiboPush  Broadcast/a_Create New Broadcast' is clicked on

2018-08-10 15:06:49 - [MESSAGE][PASSED] - Object: 'Object Repository/Page_KiboPush  Broadcast/a_Create New Broadcast' is clicked on

2018-08-10 15:06:49 - [TEST_STEP][PASSED] - delay: Delayed 1 second(s)

2018-08-10 15:06:50 - [MESSAGE][PASSED] - Delayed 1 second(s)

2018-08-10 15:06:50 - [TEST_STEP][PASSED] - click: Object: 'Object Repository/Page_KiboPush  Create Broadcast/div_Gallery (1)' is clicked on

2018-08-10 15:06:50 - [MESSAGE][PASSED] - Object: 'Object Repository/Page_KiboPush  Create Broadcast/div_Gallery (1)' is clicked on

2018-08-10 15:06:50 - [TEST_STEP][PASSED] - click: Object: 'Object Repository/Page_KiboPush  Create Broadcast/div_New Gallery Component Adde (1)' is clicked on

2018-08-10 15:06:50 - [MESSAGE][PASSED] - Object: 'Object Repository/Page_KiboPush  Create Broadcast/div_New Gallery Component Adde (1)' is clicked on

2018-08-10 15:06:50 - [TEST_STEP][PASSED] - click: Object: 'Object Repository/Page_KiboPush  Create Broadcast/span_slick-arrow slick-next (2)' is clicked on

2018-08-10 15:06:50 - [MESSAGE][PASSED] - Object: 'Object Repository/Page_KiboPush  Create Broadcast/span_slick-arrow slick-next (2)' is clicked on

2018-08-10 15:06:50 - [TEST_STEP][PASSED] - delay: Delayed 1 second(s)

2018-08-10 15:06:51 - [MESSAGE][PASSED] - Delayed 1 second(s)

2018-08-10 15:06:51 - [TEST_STEP][PASSED] - click: Object: 'Object Repository/Page_KiboPush  Create Broadcast/span_slick-arrow slick-prev (1) (1)' is clicked on

2018-08-10 15:06:51 - [MESSAGE][PASSED] - Object: 'Object Repository/Page_KiboPush  Create Broadcast/span_slick-arrow slick-prev (1) (1)' is clicked on

2018-08-10 15:06:51 - [TEST_STEP][PASSED] - delay: Delayed 1 second(s)

2018-08-10 15:06:52 - [MESSAGE][PASSED] - Delayed 1 second(s)

2018-08-10 15:06:52 - [MESSAGE][PASSED] - Call Test Case 'Test Cases/TC0150' successfully

2018-08-10 15:06:52 - [TEST_STEP][PASSED] - click: Object: 'Object Repository/Page_KiboPush  Create Broadcast/i_fa fa-times fa-stack-2x' is clicked on

2018-08-10 15:06:52 - [MESSAGE][PASSED] - Object: 'Object Repository/Page_KiboPush  Create Broadcast/i_fa fa-times fa-stack-2x' is clicked on

2018-08-10 15:06:52 - [TEST_STEP][PASSED] - verifyElementNotPresent: Web element with id: 'Object Repository/Page_KiboPush  Create Broadcast/gallery_component' located by 'By.xpath: //*[@id="tab_1"]/div/div[2]/div[2]/div/div[2]' is not present after '5' second(s)

2018-08-10 15:06:52 - [MESSAGE][PASSED] - Web element with id: 'Object Repository/Page_KiboPush  Create Broadcast/gallery_component' located by 'By.xpath: //*[@id="tab_1"]/div/div[2]/div[2]/div/div[2]' is not present after '5' second(s)]]></system-out>
         <system-err><![CDATA[]]></system-err>
      </testcase>
      <testcase name="Test Cases/TC0186" classname="Test Cases/TC0186" status="PASSED">
         <system-out><![CDATA[2018-08-10 15:06:52 - [TEST_CASE][PASSED] - Test Cases/TC0186: Test Cases/TC0186

2018-08-10 15:06:52 - [TEST_STEP][PASSED] - callTestCase: Call Test Case 'Test Cases/TC0163' successfully

2018-08-10 15:06:52 - [TEST_CASE][PASSED] - Test Cases/TC0163: Test Cases/TC0163

2018-08-10 15:06:52 - [TEST_STEP][PASSED] - callTestCase: Call Test Case 'Test Cases/Login' successfully

2018-08-10 15:06:53 - [TEST_CASE][PASSED] - Test Cases/Login: Test Cases/Login

2018-08-10 15:06:53 - [TEST_STEP][PASSED] - openBrowser: Browser is opened with url: ''

2018-08-10 15:06:53 - [MESSAGE][WARNING] - A browser is already opened. Closing browser and opening a new one

2018-08-10 15:06:54 - [MESSAGE][PASSED] - Browser is opened with url: ''

2018-08-10 15:06:54 - [TEST_STEP][PASSED] - navigateToUrl: Navigate to 'https://staging.kibopush.com/' successfully

2018-08-10 15:07:04 - [MESSAGE][PASSED] - Navigate to 'https://staging.kibopush.com/' successfully

2018-08-10 15:07:04 - [TEST_STEP][PASSED] - click: Object: 'Object Repository/Page_KiboPush  Sign In/a_Login' is clicked on

2018-08-10 15:07:04 - [MESSAGE][PASSED] - Object: 'Object Repository/Page_KiboPush  Sign In/a_Login' is clicked on

2018-08-10 15:07:04 - [TEST_STEP][PASSED] - click: Object: 'Object Repository/Page_KiboPush  Sign In/button_Team Account' is clicked on

2018-08-10 15:07:04 - [MESSAGE][PASSED] - Object: 'Object Repository/Page_KiboPush  Sign In/button_Team Account' is clicked on

2018-08-10 15:07:04 - [TEST_STEP][PASSED] - setText: Text 'kibopush.com' is set on object 'Object Repository/Page_KiboPush  Sign In/input_form-control m-input'

2018-08-10 15:07:04 - [MESSAGE][PASSED] - Text 'kibopush.com' is set on object 'Object Repository/Page_KiboPush  Sign In/input_form-control m-input'

2018-08-10 15:07:04 - [TEST_STEP][PASSED] - setText: Text 'bjafri5@gmail.com' is set on object 'Object Repository/Page_KiboPush  Sign In/input_form-control m-input_1'

2018-08-10 15:07:05 - [MESSAGE][PASSED] - Text 'bjafri5@gmail.com' is set on object 'Object Repository/Page_KiboPush  Sign In/input_form-control m-input_1'

2018-08-10 15:07:05 - [TEST_STEP][PASSED] - setEncryptedText: Text ****** has been set on object 'Object Repository/Page_KiboPush  Sign In/input_form-control m-input_2'

2018-08-10 15:07:05 - [MESSAGE][PASSED] - Text ****** has been set on object 'Object Repository/Page_KiboPush  Sign In/input_form-control m-input_2'

2018-08-10 15:07:05 - [TEST_STEP][PASSED] - click: Object: 'Object Repository/Page_KiboPush  Sign In/button_Sign In' is clicked on

2018-08-10 15:07:05 - [MESSAGE][PASSED] - Object: 'Object Repository/Page_KiboPush  Sign In/button_Sign In' is clicked on

2018-08-10 15:07:05 - [MESSAGE][PASSED] - Call Test Case 'Test Cases/Login' successfully

2018-08-10 15:07:05 - [TEST_STEP][PASSED] - click: Object: 'Object Repository/Page_KiboPush  Dashboard/span_Broadcasts' is clicked on

2018-08-10 15:07:07 - [MESSAGE][PASSED] - Object: 'Object Repository/Page_KiboPush  Dashboard/span_Broadcasts' is clicked on

2018-08-10 15:07:07 - [TEST_STEP][PASSED] - click: Object: 'Object Repository/Page_KiboPush  Broadcast/span_Create New Broadcast' is clicked on

2018-08-10 15:07:07 - [MESSAGE][PASSED] - Object: 'Object Repository/Page_KiboPush  Broadcast/span_Create New Broadcast' is clicked on

2018-08-10 15:07:07 - [TEST_STEP][PASSED] - click: Object: 'Object Repository/Page_KiboPush  Broadcast/a_Create New Broadcast' is clicked on

2018-08-10 15:07:07 - [MESSAGE][PASSED] - Object: 'Object Repository/Page_KiboPush  Broadcast/a_Create New Broadcast' is clicked on

2018-08-10 15:07:07 - [TEST_STEP][PASSED] - delay: Delayed 1 second(s)

2018-08-10 15:07:08 - [MESSAGE][PASSED] - Delayed 1 second(s)

2018-08-10 15:07:08 - [TEST_STEP][PASSED] - click: Object: 'Object Repository/Page_KiboPush  Create Broadcast/div_Audio' is clicked on

2018-08-10 15:07:08 - [MESSAGE][PASSED] - Object: 'Object Repository/Page_KiboPush  Create Broadcast/div_Audio' is clicked on

2018-08-10 15:07:08 - [TEST_STEP][PASSED] - verifyElementPresent: Object 'Object Repository/Page_KiboPush  Create Broadcast/h4_Audio' is present

2018-08-10 15:07:08 - [MESSAGE][PASSED] - Object 'Object Repository/Page_KiboPush  Create Broadcast/h4_Audio' is present

2018-08-10 15:07:08 - [MESSAGE][PASSED] - Call Test Case 'Test Cases/TC0163' successfully

2018-08-10 15:07:08 - [TEST_STEP][PASSED] - click: Object: 'Object Repository/Page_KiboPush  Create Broadcast/i_fa fa-times fa-stack-2x' is clicked on

2018-08-10 15:07:09 - [MESSAGE][PASSED] - Object: 'Object Repository/Page_KiboPush  Create Broadcast/i_fa fa-times fa-stack-2x' is clicked on

2018-08-10 15:07:09 - [TEST_STEP][PASSED] - verifyElementNotPresent: Web element with id: 'Object Repository/Page_KiboPush  Create Broadcast/h4_Audio' located by 'By.xpath: //h4[(text() = 'Audio' or . = 'Audio')]' is not present after '30' second(s)

2018-08-10 15:07:09 - [MESSAGE][WARNING] - Timeout '0' is invalid. Using default page load timeout: '30'

2018-08-10 15:07:09 - [MESSAGE][PASSED] - Web element with id: 'Object Repository/Page_KiboPush  Create Broadcast/h4_Audio' located by 'By.xpath: //h4[(text() = 'Audio' or . = 'Audio')]' is not present after '30' second(s)]]></system-out>
         <system-err><![CDATA[]]></system-err>
      </testcase>
      <testcase name="Test Cases/TC0187" classname="Test Cases/TC0187" status="PASSED">
         <system-out><![CDATA[2018-08-10 15:07:09 - [TEST_CASE][PASSED] - Test Cases/TC0187: Test Cases/TC0187

2018-08-10 15:07:09 - [TEST_STEP][PASSED] - callTestCase: Call Test Case 'Test Cases/TC0167' successfully

2018-08-10 15:07:09 - [TEST_CASE][PASSED] - Test Cases/TC0167: Test Cases/TC0167

2018-08-10 15:07:09 - [TEST_STEP][PASSED] - callTestCase: Call Test Case 'Test Cases/Login' successfully

2018-08-10 15:07:09 - [TEST_CASE][PASSED] - Test Cases/Login: Test Cases/Login

2018-08-10 15:07:09 - [TEST_STEP][PASSED] - openBrowser: Browser is opened with url: ''

2018-08-10 15:07:09 - [MESSAGE][WARNING] - A browser is already opened. Closing browser and opening a new one

2018-08-10 15:07:10 - [MESSAGE][PASSED] - Browser is opened with url: ''

2018-08-10 15:07:10 - [TEST_STEP][PASSED] - navigateToUrl: Navigate to 'https://staging.kibopush.com/' successfully

2018-08-10 15:07:21 - [MESSAGE][PASSED] - Navigate to 'https://staging.kibopush.com/' successfully

2018-08-10 15:07:21 - [TEST_STEP][PASSED] - click: Object: 'Object Repository/Page_KiboPush  Sign In/a_Login' is clicked on

2018-08-10 15:07:21 - [MESSAGE][PASSED] - Object: 'Object Repository/Page_KiboPush  Sign In/a_Login' is clicked on

2018-08-10 15:07:21 - [TEST_STEP][PASSED] - click: Object: 'Object Repository/Page_KiboPush  Sign In/button_Team Account' is clicked on

2018-08-10 15:07:21 - [MESSAGE][PASSED] - Object: 'Object Repository/Page_KiboPush  Sign In/button_Team Account' is clicked on

2018-08-10 15:07:21 - [TEST_STEP][PASSED] - setText: Text 'kibopush.com' is set on object 'Object Repository/Page_KiboPush  Sign In/input_form-control m-input'

2018-08-10 15:07:22 - [MESSAGE][PASSED] - Text 'kibopush.com' is set on object 'Object Repository/Page_KiboPush  Sign In/input_form-control m-input'

2018-08-10 15:07:22 - [TEST_STEP][PASSED] - setText: Text 'bjafri5@gmail.com' is set on object 'Object Repository/Page_KiboPush  Sign In/input_form-control m-input_1'

2018-08-10 15:07:22 - [MESSAGE][PASSED] - Text 'bjafri5@gmail.com' is set on object 'Object Repository/Page_KiboPush  Sign In/input_form-control m-input_1'

2018-08-10 15:07:22 - [TEST_STEP][PASSED] - setEncryptedText: Text ****** has been set on object 'Object Repository/Page_KiboPush  Sign In/input_form-control m-input_2'

2018-08-10 15:07:22 - [MESSAGE][PASSED] - Text ****** has been set on object 'Object Repository/Page_KiboPush  Sign In/input_form-control m-input_2'

2018-08-10 15:07:22 - [TEST_STEP][PASSED] - click: Object: 'Object Repository/Page_KiboPush  Sign In/button_Sign In' is clicked on

2018-08-10 15:07:22 - [MESSAGE][PASSED] - Object: 'Object Repository/Page_KiboPush  Sign In/button_Sign In' is clicked on

2018-08-10 15:07:22 - [MESSAGE][PASSED] - Call Test Case 'Test Cases/Login' successfully

2018-08-10 15:07:22 - [TEST_STEP][PASSED] - click: Object: 'Object Repository/Page_KiboPush  Dashboard/span_Broadcasts' is clicked on

2018-08-10 15:07:25 - [MESSAGE][PASSED] - Object: 'Object Repository/Page_KiboPush  Dashboard/span_Broadcasts' is clicked on

2018-08-10 15:07:25 - [TEST_STEP][PASSED] - click: Object: 'Object Repository/Page_KiboPush  Broadcast/span_Create New Broadcast' is clicked on

2018-08-10 15:07:25 - [MESSAGE][PASSED] - Object: 'Object Repository/Page_KiboPush  Broadcast/span_Create New Broadcast' is clicked on

2018-08-10 15:07:25 - [TEST_STEP][PASSED] - click: Object: 'Object Repository/Page_KiboPush  Broadcast/a_Create New Broadcast' is clicked on

2018-08-10 15:07:25 - [MESSAGE][PASSED] - Object: 'Object Repository/Page_KiboPush  Broadcast/a_Create New Broadcast' is clicked on

2018-08-10 15:07:25 - [TEST_STEP][PASSED] - delay: Delayed 1 second(s)

2018-08-10 15:07:26 - [MESSAGE][PASSED] - Delayed 1 second(s)

2018-08-10 15:07:26 - [TEST_STEP][PASSED] - click: Object: 'Object Repository/Page_KiboPush  Create Broadcast/div_Video' is clicked on

2018-08-10 15:07:26 - [MESSAGE][PASSED] - Object: 'Object Repository/Page_KiboPush  Create Broadcast/div_Video' is clicked on

2018-08-10 15:07:26 - [TEST_STEP][PASSED] - verifyElementPresent: Object 'Object Repository/Page_KiboPush  Create Broadcast/h4_Video' is present

2018-08-10 15:07:26 - [MESSAGE][PASSED] - Object 'Object Repository/Page_KiboPush  Create Broadcast/h4_Video' is present

2018-08-10 15:07:26 - [MESSAGE][PASSED] - Call Test Case 'Test Cases/TC0167' successfully

2018-08-10 15:07:26 - [TEST_STEP][PASSED] - click: Object: 'Object Repository/Page_KiboPush  Create Broadcast/i_fa fa-times fa-stack-2x' is clicked on

2018-08-10 15:07:26 - [MESSAGE][PASSED] - Object: 'Object Repository/Page_KiboPush  Create Broadcast/i_fa fa-times fa-stack-2x' is clicked on

2018-08-10 15:07:26 - [TEST_STEP][PASSED] - verifyElementNotPresent: Web element with id: 'Object Repository/Page_KiboPush  Create Broadcast/h4_Video' located by 'By.xpath: //h4[(text() = 'Video' or . = 'Video')]' is not present after '5' second(s)

2018-08-10 15:07:26 - [MESSAGE][PASSED] - Web element with id: 'Object Repository/Page_KiboPush  Create Broadcast/h4_Video' located by 'By.xpath: //h4[(text() = 'Video' or . = 'Video')]' is not present after '5' second(s)]]></system-out>
         <system-err><![CDATA[]]></system-err>
      </testcase>
      <testcase name="Test Cases/TC0188" classname="Test Cases/TC0188" status="PASSED">
         <system-out><![CDATA[2018-08-10 15:07:26 - [TEST_CASE][PASSED] - Test Cases/TC0188: Test Cases/TC0188

2018-08-10 15:07:26 - [TEST_STEP][PASSED] - callTestCase: Call Test Case 'Test Cases/TC0171' successfully

2018-08-10 15:07:27 - [TEST_CASE][PASSED] - Test Cases/TC0171: Test Cases/TC0171

2018-08-10 15:07:27 - [TEST_STEP][PASSED] - callTestCase: Call Test Case 'Test Cases/Login' successfully

2018-08-10 15:07:27 - [TEST_CASE][PASSED] - Test Cases/Login: Test Cases/Login

2018-08-10 15:07:27 - [TEST_STEP][PASSED] - openBrowser: Browser is opened with url: ''

2018-08-10 15:07:27 - [MESSAGE][WARNING] - A browser is already opened. Closing browser and opening a new one

2018-08-10 15:07:28 - [MESSAGE][PASSED] - Browser is opened with url: ''

2018-08-10 15:07:28 - [TEST_STEP][PASSED] - navigateToUrl: Navigate to 'https://staging.kibopush.com/' successfully

2018-08-10 15:07:39 - [MESSAGE][PASSED] - Navigate to 'https://staging.kibopush.com/' successfully

2018-08-10 15:07:39 - [TEST_STEP][PASSED] - click: Object: 'Object Repository/Page_KiboPush  Sign In/a_Login' is clicked on

2018-08-10 15:07:40 - [MESSAGE][PASSED] - Object: 'Object Repository/Page_KiboPush  Sign In/a_Login' is clicked on

2018-08-10 15:07:40 - [TEST_STEP][PASSED] - click: Object: 'Object Repository/Page_KiboPush  Sign In/button_Team Account' is clicked on

2018-08-10 15:07:40 - [MESSAGE][PASSED] - Object: 'Object Repository/Page_KiboPush  Sign In/button_Team Account' is clicked on

2018-08-10 15:07:40 - [TEST_STEP][PASSED] - setText: Text 'kibopush.com' is set on object 'Object Repository/Page_KiboPush  Sign In/input_form-control m-input'

2018-08-10 15:07:40 - [MESSAGE][PASSED] - Text 'kibopush.com' is set on object 'Object Repository/Page_KiboPush  Sign In/input_form-control m-input'

2018-08-10 15:07:40 - [TEST_STEP][PASSED] - setText: Text 'bjafri5@gmail.com' is set on object 'Object Repository/Page_KiboPush  Sign In/input_form-control m-input_1'

2018-08-10 15:07:40 - [MESSAGE][PASSED] - Text 'bjafri5@gmail.com' is set on object 'Object Repository/Page_KiboPush  Sign In/input_form-control m-input_1'

2018-08-10 15:07:40 - [TEST_STEP][PASSED] - setEncryptedText: Text ****** has been set on object 'Object Repository/Page_KiboPush  Sign In/input_form-control m-input_2'

2018-08-10 15:07:40 - [MESSAGE][PASSED] - Text ****** has been set on object 'Object Repository/Page_KiboPush  Sign In/input_form-control m-input_2'

2018-08-10 15:07:40 - [TEST_STEP][PASSED] - click: Object: 'Object Repository/Page_KiboPush  Sign In/button_Sign In' is clicked on

2018-08-10 15:07:41 - [MESSAGE][PASSED] - Object: 'Object Repository/Page_KiboPush  Sign In/button_Sign In' is clicked on

2018-08-10 15:07:41 - [MESSAGE][PASSED] - Call Test Case 'Test Cases/Login' successfully

2018-08-10 15:07:41 - [TEST_STEP][PASSED] - click: Object: 'Object Repository/Page_KiboPush  Dashboard/span_Broadcasts' is clicked on

2018-08-10 15:07:42 - [MESSAGE][PASSED] - Object: 'Object Repository/Page_KiboPush  Dashboard/span_Broadcasts' is clicked on

2018-08-10 15:07:42 - [TEST_STEP][PASSED] - click: Object: 'Object Repository/Page_KiboPush  Broadcast/span_Create New Broadcast' is clicked on

2018-08-10 15:07:43 - [MESSAGE][PASSED] - Object: 'Object Repository/Page_KiboPush  Broadcast/span_Create New Broadcast' is clicked on

2018-08-10 15:07:43 - [TEST_STEP][PASSED] - click: Object: 'Object Repository/Page_KiboPush  Broadcast/a_Create New Broadcast' is clicked on

2018-08-10 15:07:43 - [MESSAGE][PASSED] - Object: 'Object Repository/Page_KiboPush  Broadcast/a_Create New Broadcast' is clicked on

2018-08-10 15:07:43 - [TEST_STEP][PASSED] - delay: Delayed 1 second(s)

2018-08-10 15:07:44 - [MESSAGE][PASSED] - Delayed 1 second(s)

2018-08-10 15:07:44 - [TEST_STEP][PASSED] - click: Object: 'Object Repository/Page_KiboPush  Create Broadcast/div_File' is clicked on

2018-08-10 15:07:44 - [MESSAGE][PASSED] - Object: 'Object Repository/Page_KiboPush  Create Broadcast/div_File' is clicked on

2018-08-10 15:07:44 - [TEST_STEP][PASSED] - verifyElementPresent: Object 'Object Repository/Page_KiboPush  Create Broadcast/h4_File' is present

2018-08-10 15:07:44 - [MESSAGE][PASSED] - Object 'Object Repository/Page_KiboPush  Create Broadcast/h4_File' is present

2018-08-10 15:07:44 - [MESSAGE][PASSED] - Call Test Case 'Test Cases/TC0171' successfully

2018-08-10 15:07:44 - [TEST_STEP][PASSED] - click: Object: 'Object Repository/Page_KiboPush  Create Broadcast/i_fa fa-times fa-stack-2x' is clicked on

2018-08-10 15:07:44 - [MESSAGE][PASSED] - Object: 'Object Repository/Page_KiboPush  Create Broadcast/i_fa fa-times fa-stack-2x' is clicked on

2018-08-10 15:07:44 - [TEST_STEP][PASSED] - verifyElementNotPresent: Web element with id: 'Object Repository/Page_KiboPush  Create Broadcast/h4_File' located by 'By.xpath: //h4[(text() = 'File' or . = 'File')]' is not present after '5' second(s)

2018-08-10 15:07:44 - [MESSAGE][PASSED] - Web element with id: 'Object Repository/Page_KiboPush  Create Broadcast/h4_File' located by 'By.xpath: //h4[(text() = 'File' or . = 'File')]' is not present after '5' second(s)]]></system-out>
         <system-err><![CDATA[]]></system-err>
      </testcase>
      <testcase name="Test Cases/TC0189" classname="Test Cases/TC0189" status="PASSED">
         <system-out><![CDATA[2018-08-10 15:07:44 - [TEST_CASE][PASSED] - Test Cases/TC0189: Test Cases/TC0189

2018-08-10 15:07:44 - [TEST_STEP][PASSED] - callTestCase: Call Test Case 'Test Cases/TC0175' successfully

2018-08-10 15:07:44 - [TEST_CASE][PASSED] - Test Cases/TC0175: Test Cases/TC0175

2018-08-10 15:07:44 - [TEST_STEP][PASSED] - callTestCase: Call Test Case 'Test Cases/Login' successfully

2018-08-10 15:07:44 - [TEST_CASE][PASSED] - Test Cases/Login: Test Cases/Login

2018-08-10 15:07:44 - [TEST_STEP][PASSED] - openBrowser: Browser is opened with url: ''

2018-08-10 15:07:44 - [MESSAGE][WARNING] - A browser is already opened. Closing browser and opening a new one

2018-08-10 15:07:46 - [MESSAGE][PASSED] - Browser is opened with url: ''

2018-08-10 15:07:46 - [TEST_STEP][PASSED] - navigateToUrl: Navigate to 'https://staging.kibopush.com/' successfully

2018-08-10 15:07:57 - [MESSAGE][PASSED] - Navigate to 'https://staging.kibopush.com/' successfully

2018-08-10 15:07:57 - [TEST_STEP][PASSED] - click: Object: 'Object Repository/Page_KiboPush  Sign In/a_Login' is clicked on

2018-08-10 15:07:57 - [MESSAGE][PASSED] - Object: 'Object Repository/Page_KiboPush  Sign In/a_Login' is clicked on

2018-08-10 15:07:57 - [TEST_STEP][PASSED] - click: Object: 'Object Repository/Page_KiboPush  Sign In/button_Team Account' is clicked on

2018-08-10 15:07:57 - [MESSAGE][PASSED] - Object: 'Object Repository/Page_KiboPush  Sign In/button_Team Account' is clicked on

2018-08-10 15:07:57 - [TEST_STEP][PASSED] - setText: Text 'kibopush.com' is set on object 'Object Repository/Page_KiboPush  Sign In/input_form-control m-input'

2018-08-10 15:07:58 - [MESSAGE][PASSED] - Text 'kibopush.com' is set on object 'Object Repository/Page_KiboPush  Sign In/input_form-control m-input'

2018-08-10 15:07:58 - [TEST_STEP][PASSED] - setText: Text 'bjafri5@gmail.com' is set on object 'Object Repository/Page_KiboPush  Sign In/input_form-control m-input_1'

2018-08-10 15:07:58 - [MESSAGE][PASSED] - Text 'bjafri5@gmail.com' is set on object 'Object Repository/Page_KiboPush  Sign In/input_form-control m-input_1'

2018-08-10 15:07:58 - [TEST_STEP][PASSED] - setEncryptedText: Text ****** has been set on object 'Object Repository/Page_KiboPush  Sign In/input_form-control m-input_2'

2018-08-10 15:08:50 - [MESSAGE][PASSED] - Text ****** has been set on object 'Object Repository/Page_KiboPush  Sign In/input_form-control m-input_2'

2018-08-10 15:08:50 - [TEST_STEP][PASSED] - click: Object: 'Object Repository/Page_KiboPush  Sign In/button_Sign In' is clicked on

2018-08-10 15:09:10 - [MESSAGE][PASSED] - Object: 'Object Repository/Page_KiboPush  Sign In/button_Sign In' is clicked on

2018-08-10 15:09:10 - [MESSAGE][PASSED] - Call Test Case 'Test Cases/Login' successfully

2018-08-10 15:09:10 - [TEST_STEP][PASSED] - click: Object: 'Object Repository/Page_KiboPush  Dashboard/span_Broadcasts' is clicked on

2018-08-10 15:09:10 - [MESSAGE][PASSED] - Object: 'Object Repository/Page_KiboPush  Dashboard/span_Broadcasts' is clicked on

2018-08-10 15:09:10 - [TEST_STEP][PASSED] - click: Object: 'Object Repository/Page_KiboPush  Broadcast/span_Create New Broadcast' is clicked on

2018-08-10 15:09:11 - [MESSAGE][PASSED] - Object: 'Object Repository/Page_KiboPush  Broadcast/span_Create New Broadcast' is clicked on

2018-08-10 15:09:11 - [TEST_STEP][PASSED] - click: Object: 'Object Repository/Page_KiboPush  Broadcast/a_Create New Broadcast' is clicked on

2018-08-10 15:09:11 - [MESSAGE][PASSED] - Object: 'Object Repository/Page_KiboPush  Broadcast/a_Create New Broadcast' is clicked on

2018-08-10 15:09:11 - [TEST_STEP][PASSED] - delay: Delayed 1 second(s)

2018-08-10 15:09:12 - [MESSAGE][PASSED] - Delayed 1 second(s)

2018-08-10 15:09:12 - [TEST_STEP][PASSED] - click: Object: 'Object Repository/Page_KiboPush  Create Broadcast/div_Media' is clicked on

2018-08-10 15:09:12 - [MESSAGE][PASSED] - Object: 'Object Repository/Page_KiboPush  Create Broadcast/div_Media' is clicked on

2018-08-10 15:09:12 - [TEST_STEP][PASSED] - verifyElementPresent: Object 'Object Repository/Page_KiboPush  Create Broadcast/div_Media_1' is present

2018-08-10 15:09:12 - [MESSAGE][PASSED] - Object 'Object Repository/Page_KiboPush  Create Broadcast/div_Media_1' is present

2018-08-10 15:09:12 - [MESSAGE][PASSED] - Call Test Case 'Test Cases/TC0175' successfully

2018-08-10 15:09:12 - [TEST_STEP][PASSED] - click: Object: 'Object Repository/Page_KiboPush  Create Broadcast/i_fa fa-times fa-stack-2x' is clicked on

2018-08-10 15:09:13 - [MESSAGE][PASSED] - Object: 'Object Repository/Page_KiboPush  Create Broadcast/i_fa fa-times fa-stack-2x' is clicked on

2018-08-10 15:09:13 - [TEST_STEP][PASSED] - verifyElementNotPresent: Web element with id: 'Object Repository/Page_KiboPush  Create Broadcast/div_Media_1' located by 'By.xpath: //div[(text() = ' Media ' or . = ' Media ')]' is not present after '5' second(s)

2018-08-10 15:09:13 - [MESSAGE][PASSED] - Web element with id: 'Object Repository/Page_KiboPush  Create Broadcast/div_Media_1' located by 'By.xpath: //div[(text() = ' Media ' or . = ' Media ')]' is not present after '5' second(s)]]></system-out>
         <system-err><![CDATA[]]></system-err>
      </testcase>
      <testcase name="Test Cases/TC0190" classname="Test Cases/TC0190" status="PASSED">
         <system-out><![CDATA[2018-08-10 15:09:13 - [TEST_CASE][PASSED] - Test Cases/TC0190: Test Cases/TC0190

2018-08-10 15:09:13 - [TEST_STEP][PASSED] - callTestCase: Call Test Case 'Test Cases/Login' successfully

2018-08-10 15:09:13 - [TEST_CASE][PASSED] - Test Cases/Login: Test Cases/Login

2018-08-10 15:09:13 - [TEST_STEP][PASSED] - openBrowser: Browser is opened with url: ''

2018-08-10 15:09:13 - [MESSAGE][WARNING] - A browser is already opened. Closing browser and opening a new one

2018-08-10 15:09:14 - [MESSAGE][PASSED] - Browser is opened with url: ''

2018-08-10 15:09:14 - [TEST_STEP][PASSED] - navigateToUrl: Navigate to 'https://staging.kibopush.com/' successfully

2018-08-10 15:09:23 - [MESSAGE][PASSED] - Navigate to 'https://staging.kibopush.com/' successfully

2018-08-10 15:09:23 - [TEST_STEP][PASSED] - click: Object: 'Object Repository/Page_KiboPush  Sign In/a_Login' is clicked on

2018-08-10 15:09:23 - [MESSAGE][PASSED] - Object: 'Object Repository/Page_KiboPush  Sign In/a_Login' is clicked on

2018-08-10 15:09:23 - [TEST_STEP][PASSED] - click: Object: 'Object Repository/Page_KiboPush  Sign In/button_Team Account' is clicked on

2018-08-10 15:09:23 - [MESSAGE][PASSED] - Object: 'Object Repository/Page_KiboPush  Sign In/button_Team Account' is clicked on

2018-08-10 15:09:23 - [TEST_STEP][PASSED] - setText: Text 'kibopush.com' is set on object 'Object Repository/Page_KiboPush  Sign In/input_form-control m-input'

2018-08-10 15:09:24 - [MESSAGE][PASSED] - Text 'kibopush.com' is set on object 'Object Repository/Page_KiboPush  Sign In/input_form-control m-input'

2018-08-10 15:09:24 - [TEST_STEP][PASSED] - setText: Text 'bjafri5@gmail.com' is set on object 'Object Repository/Page_KiboPush  Sign In/input_form-control m-input_1'

2018-08-10 15:09:24 - [MESSAGE][PASSED] - Text 'bjafri5@gmail.com' is set on object 'Object Repository/Page_KiboPush  Sign In/input_form-control m-input_1'

2018-08-10 15:09:24 - [TEST_STEP][PASSED] - setEncryptedText: Text ****** has been set on object 'Object Repository/Page_KiboPush  Sign In/input_form-control m-input_2'

2018-08-10 15:09:24 - [MESSAGE][PASSED] - Text ****** has been set on object 'Object Repository/Page_KiboPush  Sign In/input_form-control m-input_2'

2018-08-10 15:09:24 - [TEST_STEP][PASSED] - click: Object: 'Object Repository/Page_KiboPush  Sign In/button_Sign In' is clicked on

2018-08-10 15:09:24 - [MESSAGE][PASSED] - Object: 'Object Repository/Page_KiboPush  Sign In/button_Sign In' is clicked on

2018-08-10 15:09:24 - [MESSAGE][PASSED] - Call Test Case 'Test Cases/Login' successfully

2018-08-10 15:09:24 - [TEST_STEP][PASSED] - click: Object: 'Object Repository/Page_KiboPush  Dashboard/span_Broadcasts' is clicked on

2018-08-10 15:09:26 - [MESSAGE][PASSED] - Object: 'Object Repository/Page_KiboPush  Dashboard/span_Broadcasts' is clicked on

2018-08-10 15:09:26 - [TEST_STEP][PASSED] - click: Object: 'Object Repository/Page_KiboPush  Broadcast/span_Create New Broadcast' is clicked on

2018-08-10 15:09:26 - [MESSAGE][PASSED] - Object: 'Object Repository/Page_KiboPush  Broadcast/span_Create New Broadcast' is clicked on

2018-08-10 15:09:26 - [TEST_STEP][PASSED] - click: Object: 'Object Repository/Page_KiboPush  Broadcast/a_Create New Broadcast' is clicked on

2018-08-10 15:09:27 - [MESSAGE][PASSED] - Object: 'Object Repository/Page_KiboPush  Broadcast/a_Create New Broadcast' is clicked on

2018-08-10 15:09:27 - [TEST_STEP][PASSED] - delay: Delayed 1 second(s)

2018-08-10 15:09:28 - [MESSAGE][PASSED] - Delayed 1 second(s)

2018-08-10 15:09:28 - [TEST_STEP][PASSED] - click: Object: 'Object Repository/Page_KiboPush  Create Broadcast/i_convoTitle' is clicked on

2018-08-10 15:09:28 - [MESSAGE][PASSED] - Object: 'Object Repository/Page_KiboPush  Create Broadcast/i_convoTitle' is clicked on

2018-08-10 15:09:28 - [TEST_STEP][PASSED] - setText: Text 'TitleX' is set on object 'Object Repository/Page_KiboPush  Create Broadcast/input_form-control (10)'

2018-08-10 15:09:28 - [MESSAGE][PASSED] - Text 'TitleX' is set on object 'Object Repository/Page_KiboPush  Create Broadcast/input_form-control (10)'

2018-08-10 15:09:28 - [TEST_STEP][PASSED] - click: Object: 'Object Repository/Page_KiboPush  Create Broadcast/button_Save' is clicked on

2018-08-10 15:09:28 - [MESSAGE][PASSED] - Object: 'Object Repository/Page_KiboPush  Create Broadcast/button_Save' is clicked on

2018-08-10 15:09:28 - [TEST_STEP][PASSED] - delay: Delayed 1 second(s)

2018-08-10 15:09:29 - [MESSAGE][PASSED] - Delayed 1 second(s)

2018-08-10 15:09:29 - [TEST_STEP][PASSED] - click: Object: 'Object Repository/Page_KiboPush  Create Broadcast/h3_TitleX' is clicked on

2018-08-10 15:09:29 - [MESSAGE][PASSED] - Object: 'Object Repository/Page_KiboPush  Create Broadcast/h3_TitleX' is clicked on]]></system-out>
         <system-err><![CDATA[]]></system-err>
      </testcase>
      <testcase name="Test Cases/TC0192" classname="Test Cases/TC0192" status="PASSED">
         <system-out><![CDATA[2018-08-10 15:09:29 - [TEST_CASE][PASSED] - Test Cases/TC0192: Test Cases/TC0192

2018-08-10 15:09:29 - [TEST_STEP][PASSED] - callTestCase: Call Test Case 'Test Cases/TC0131' successfully

2018-08-10 15:09:29 - [TEST_CASE][PASSED] - Test Cases/TC0131: Test Cases/TC0131

2018-08-10 15:09:29 - [TEST_STEP][PASSED] - callTestCase: Call Test Case 'Test Cases/Login' successfully

2018-08-10 15:09:29 - [TEST_CASE][PASSED] - Test Cases/Login: Test Cases/Login

2018-08-10 15:09:29 - [TEST_STEP][PASSED] - openBrowser: Browser is opened with url: ''

2018-08-10 15:09:29 - [MESSAGE][WARNING] - A browser is already opened. Closing browser and opening a new one

2018-08-10 15:09:30 - [MESSAGE][PASSED] - Browser is opened with url: ''

2018-08-10 15:09:30 - [TEST_STEP][PASSED] - navigateToUrl: Navigate to 'https://staging.kibopush.com/' successfully

2018-08-10 15:09:42 - [MESSAGE][PASSED] - Navigate to 'https://staging.kibopush.com/' successfully

2018-08-10 15:09:42 - [TEST_STEP][PASSED] - click: Object: 'Object Repository/Page_KiboPush  Sign In/a_Login' is clicked on

2018-08-10 15:09:42 - [MESSAGE][PASSED] - Object: 'Object Repository/Page_KiboPush  Sign In/a_Login' is clicked on

2018-08-10 15:09:42 - [TEST_STEP][PASSED] - click: Object: 'Object Repository/Page_KiboPush  Sign In/button_Team Account' is clicked on

2018-08-10 15:09:42 - [MESSAGE][PASSED] - Object: 'Object Repository/Page_KiboPush  Sign In/button_Team Account' is clicked on

2018-08-10 15:09:42 - [TEST_STEP][PASSED] - setText: Text 'kibopush.com' is set on object 'Object Repository/Page_KiboPush  Sign In/input_form-control m-input'

2018-08-10 15:09:43 - [MESSAGE][PASSED] - Text 'kibopush.com' is set on object 'Object Repository/Page_KiboPush  Sign In/input_form-control m-input'

2018-08-10 15:09:43 - [TEST_STEP][PASSED] - setText: Text 'bjafri5@gmail.com' is set on object 'Object Repository/Page_KiboPush  Sign In/input_form-control m-input_1'

2018-08-10 15:09:43 - [MESSAGE][PASSED] - Text 'bjafri5@gmail.com' is set on object 'Object Repository/Page_KiboPush  Sign In/input_form-control m-input_1'

2018-08-10 15:09:43 - [TEST_STEP][PASSED] - setEncryptedText: Text ****** has been set on object 'Object Repository/Page_KiboPush  Sign In/input_form-control m-input_2'

2018-08-10 15:09:43 - [MESSAGE][PASSED] - Text ****** has been set on object 'Object Repository/Page_KiboPush  Sign In/input_form-control m-input_2'

2018-08-10 15:09:43 - [TEST_STEP][PASSED] - click: Object: 'Object Repository/Page_KiboPush  Sign In/button_Sign In' is clicked on

2018-08-10 15:09:43 - [MESSAGE][PASSED] - Object: 'Object Repository/Page_KiboPush  Sign In/button_Sign In' is clicked on

2018-08-10 15:09:43 - [MESSAGE][PASSED] - Call Test Case 'Test Cases/Login' successfully

2018-08-10 15:09:43 - [TEST_STEP][PASSED] - click: Object: 'Object Repository/Page_KiboPush  Dashboard/span_Broadcasts' is clicked on

2018-08-10 15:09:45 - [MESSAGE][PASSED] - Object: 'Object Repository/Page_KiboPush  Dashboard/span_Broadcasts' is clicked on

2018-08-10 15:09:45 - [TEST_STEP][PASSED] - click: Object: 'Object Repository/Page_KiboPush  Broadcast/span_Create New Broadcast' is clicked on

2018-08-10 15:09:45 - [MESSAGE][PASSED] - Object: 'Object Repository/Page_KiboPush  Broadcast/span_Create New Broadcast' is clicked on

2018-08-10 15:09:45 - [TEST_STEP][PASSED] - click: Object: 'Object Repository/Page_KiboPush  Broadcast/a_Create New Broadcast' is clicked on

2018-08-10 15:09:46 - [MESSAGE][PASSED] - Object: 'Object Repository/Page_KiboPush  Broadcast/a_Create New Broadcast' is clicked on

2018-08-10 15:09:46 - [TEST_STEP][PASSED] - delay: Delayed 1 second(s)

2018-08-10 15:09:47 - [MESSAGE][PASSED] - Delayed 1 second(s)

2018-08-10 15:09:47 - [TEST_STEP][PASSED] - click: Object: 'Object Repository/Page_KiboPush  Create Broadcast/div_Text_1' is clicked on

2018-08-10 15:09:47 - [MESSAGE][PASSED] - Object: 'Object Repository/Page_KiboPush  Create Broadcast/div_Text_1' is clicked on

2018-08-10 15:09:47 - [TEST_STEP][PASSED] - verifyElementPresent: Object 'Object Repository/Page_KiboPush  Create Broadcast/text_component' is present

2018-08-10 15:09:47 - [MESSAGE][PASSED] - Object 'Object Repository/Page_KiboPush  Create Broadcast/text_component' is present

2018-08-10 15:09:47 - [MESSAGE][PASSED] - Call Test Case 'Test Cases/TC0131' successfully

2018-08-10 15:09:47 - [TEST_STEP][PASSED] - click: Object: 'Object Repository/Page_KiboPush  Create Broadcast/div_ Add Button' is clicked on

2018-08-10 15:09:47 - [MESSAGE][PASSED] - Object: 'Object Repository/Page_KiboPush  Create Broadcast/div_ Add Button' is clicked on

2018-08-10 15:09:47 - [TEST_STEP][PASSED] - setText: Text 'KiboPush' is set on object 'Object Repository/Page_KiboPush  Create Broadcast/input_form-control'

2018-08-10 15:09:47 - [MESSAGE][PASSED] - Text 'KiboPush' is set on object 'Object Repository/Page_KiboPush  Create Broadcast/input_form-control'

2018-08-10 15:09:47 - [TEST_STEP][PASSED] - verifyElementNotClickable: Object 'Object Repository/Page_KiboPush  Create Broadcast/button_Done' is NOT clickable

2018-08-10 15:09:47 - [MESSAGE][PASSED] - Object 'Object Repository/Page_KiboPush  Create Broadcast/button_Done' is NOT clickable]]></system-out>
         <system-err><![CDATA[]]></system-err>
      </testcase>
      <testcase name="Test Cases/TC0193" classname="Test Cases/TC0193" status="PASSED">
         <system-out><![CDATA[2018-08-10 15:09:47 - [TEST_CASE][PASSED] - Test Cases/TC0193: Test Cases/TC0193

2018-08-10 15:09:47 - [TEST_STEP][PASSED] - callTestCase: Call Test Case 'Test Cases/TC0133' successfully

2018-08-10 15:09:47 - [TEST_CASE][PASSED] - Test Cases/TC0133: Test Cases/TC0133

2018-08-10 15:09:47 - [TEST_STEP][PASSED] - callTestCase: Call Test Case 'Test Cases/Login' successfully

2018-08-10 15:09:48 - [TEST_CASE][PASSED] - Test Cases/Login: Test Cases/Login

2018-08-10 15:09:48 - [TEST_STEP][PASSED] - openBrowser: Browser is opened with url: ''

2018-08-10 15:09:48 - [MESSAGE][WARNING] - A browser is already opened. Closing browser and opening a new one

2018-08-10 15:09:49 - [MESSAGE][PASSED] - Browser is opened with url: ''

2018-08-10 15:09:49 - [TEST_STEP][PASSED] - navigateToUrl: Navigate to 'https://staging.kibopush.com/' successfully

2018-08-10 15:09:59 - [MESSAGE][PASSED] - Navigate to 'https://staging.kibopush.com/' successfully

2018-08-10 15:09:59 - [TEST_STEP][PASSED] - click: Object: 'Object Repository/Page_KiboPush  Sign In/a_Login' is clicked on

2018-08-10 15:10:00 - [MESSAGE][PASSED] - Object: 'Object Repository/Page_KiboPush  Sign In/a_Login' is clicked on

2018-08-10 15:10:00 - [TEST_STEP][PASSED] - click: Object: 'Object Repository/Page_KiboPush  Sign In/button_Team Account' is clicked on

2018-08-10 15:10:00 - [MESSAGE][PASSED] - Object: 'Object Repository/Page_KiboPush  Sign In/button_Team Account' is clicked on

2018-08-10 15:10:00 - [TEST_STEP][PASSED] - setText: Text 'kibopush.com' is set on object 'Object Repository/Page_KiboPush  Sign In/input_form-control m-input'

2018-08-10 15:10:00 - [MESSAGE][PASSED] - Text 'kibopush.com' is set on object 'Object Repository/Page_KiboPush  Sign In/input_form-control m-input'

2018-08-10 15:10:00 - [TEST_STEP][PASSED] - setText: Text 'bjafri5@gmail.com' is set on object 'Object Repository/Page_KiboPush  Sign In/input_form-control m-input_1'

2018-08-10 15:10:00 - [MESSAGE][PASSED] - Text 'bjafri5@gmail.com' is set on object 'Object Repository/Page_KiboPush  Sign In/input_form-control m-input_1'

2018-08-10 15:10:00 - [TEST_STEP][PASSED] - setEncryptedText: Text ****** has been set on object 'Object Repository/Page_KiboPush  Sign In/input_form-control m-input_2'

2018-08-10 15:10:00 - [MESSAGE][PASSED] - Text ****** has been set on object 'Object Repository/Page_KiboPush  Sign In/input_form-control m-input_2'

2018-08-10 15:10:00 - [TEST_STEP][PASSED] - click: Object: 'Object Repository/Page_KiboPush  Sign In/button_Sign In' is clicked on

2018-08-10 15:10:00 - [MESSAGE][PASSED] - Object: 'Object Repository/Page_KiboPush  Sign In/button_Sign In' is clicked on

2018-08-10 15:10:00 - [MESSAGE][PASSED] - Call Test Case 'Test Cases/Login' successfully

2018-08-10 15:10:00 - [TEST_STEP][PASSED] - click: Object: 'Object Repository/Page_KiboPush  Dashboard/span_Broadcasts' is clicked on

2018-08-10 15:10:02 - [MESSAGE][PASSED] - Object: 'Object Repository/Page_KiboPush  Dashboard/span_Broadcasts' is clicked on

2018-08-10 15:10:02 - [TEST_STEP][PASSED] - click: Object: 'Object Repository/Page_KiboPush  Broadcast/span_Create New Broadcast' is clicked on

2018-08-10 15:10:03 - [MESSAGE][PASSED] - Object: 'Object Repository/Page_KiboPush  Broadcast/span_Create New Broadcast' is clicked on

2018-08-10 15:10:03 - [TEST_STEP][PASSED] - click: Object: 'Object Repository/Page_KiboPush  Broadcast/a_Create New Broadcast' is clicked on

2018-08-10 15:10:03 - [MESSAGE][PASSED] - Object: 'Object Repository/Page_KiboPush  Broadcast/a_Create New Broadcast' is clicked on

2018-08-10 15:10:03 - [TEST_STEP][PASSED] - delay: Delayed 1 second(s)

2018-08-10 15:10:04 - [MESSAGE][PASSED] - Delayed 1 second(s)

2018-08-10 15:10:04 - [TEST_STEP][PASSED] - click: Object: 'Object Repository/Page_KiboPush  Create Broadcast/div_Text' is clicked on

2018-08-10 15:10:04 - [MESSAGE][PASSED] - Object: 'Object Repository/Page_KiboPush  Create Broadcast/div_Text' is clicked on

2018-08-10 15:10:04 - [TEST_STEP][PASSED] - click: Object: 'Object Repository/Page_KiboPush  Create Broadcast/div_ Add Button' is clicked on

2018-08-10 15:10:04 - [MESSAGE][PASSED] - Object: 'Object Repository/Page_KiboPush  Create Broadcast/div_ Add Button' is clicked on

2018-08-10 15:10:04 - [TEST_STEP][PASSED] - setText: Text 'KiboPush' is set on object 'Object Repository/Page_KiboPush  Create Broadcast/input_form-control (9)'

2018-08-10 15:10:04 - [MESSAGE][PASSED] - Text 'KiboPush' is set on object 'Object Repository/Page_KiboPush  Create Broadcast/input_form-control (9)'

2018-08-10 15:10:04 - [TEST_STEP][PASSED] - click: Object: 'Object Repository/Page_KiboPush  Create Broadcast/div_Open a website (5)' is clicked on

2018-08-10 15:10:05 - [MESSAGE][PASSED] - Object: 'Object Repository/Page_KiboPush  Create Broadcast/div_Open a website (5)' is clicked on

2018-08-10 15:10:05 - [TEST_STEP][PASSED] - setText: Text 'kibopush.com' is set on object 'Object Repository/Page_KiboPush  Create Broadcast/input_form-control_1 (5)'

2018-08-10 15:10:05 - [MESSAGE][PASSED] - Text 'kibopush.com' is set on object 'Object Repository/Page_KiboPush  Create Broadcast/input_form-control_1 (5)'

2018-08-10 15:10:05 - [TEST_STEP][PASSED] - click: Object: 'Object Repository/Page_KiboPush  Create Broadcast/button_Done (5)' is clicked on

2018-08-10 15:10:05 - [MESSAGE][PASSED] - Object: 'Object Repository/Page_KiboPush  Create Broadcast/button_Done (5)' is clicked on

2018-08-10 15:10:05 - [MESSAGE][PASSED] - Call Test Case 'Test Cases/TC0133' successfully

2018-08-10 15:10:05 - [TEST_STEP][PASSED] - click: Object: 'Object Repository/Page_KiboPush  Create Broadcast/button_KiboPush (1)' is clicked on

2018-08-10 15:10:06 - [MESSAGE][PASSED] - Object: 'Object Repository/Page_KiboPush  Create Broadcast/button_KiboPush (1)' is clicked on

2018-08-10 15:10:06 - [TEST_STEP][PASSED] - doubleClick: Object: 'Object Repository/Page_KiboPush  Create Broadcast/input_form-control (11)' is double clicked on

2018-08-10 15:10:06 - [MESSAGE][PASSED] - Object: 'Object Repository/Page_KiboPush  Create Broadcast/input_form-control (11)' is double clicked on

2018-08-10 15:10:06 - [TEST_STEP][PASSED] - verifyElementAttributeValue: Object 'Object Repository/Page_KiboPush  Create Broadcast/input_form-control' has attribute 'value' with value 'KiboPush'

2018-08-10 15:10:06 - [MESSAGE][PASSED] - Object 'Object Repository/Page_KiboPush  Create Broadcast/input_form-control' has attribute 'value' with value 'KiboPush'

2018-08-10 15:10:06 - [TEST_STEP][PASSED] - click: Object: 'Object Repository/Page_KiboPush  Create Broadcast/div_Open a website (6)' is clicked on

2018-08-10 15:10:06 - [MESSAGE][PASSED] - Object: 'Object Repository/Page_KiboPush  Create Broadcast/div_Open a website (6)' is clicked on

2018-08-10 15:10:06 - [TEST_STEP][PASSED] - getAttribute: Attribute 'value' of object 'Object Repository/Page_KiboPush  Create Broadcast/input_form-control_1' is: 'kibopush.com'

2018-08-10 15:10:06 - [MESSAGE][PASSED] - Attribute 'value' of object 'Object Repository/Page_KiboPush  Create Broadcast/input_form-control_1' is: 'kibopush.com'

2018-08-10 15:10:06 - [TEST_STEP][PASSED] - verifyElementAttributeValue: Object 'Object Repository/Page_KiboPush  Create Broadcast/input_form-control_1' has attribute 'value' with value 'kibopush.com'

2018-08-10 15:10:06 - [MESSAGE][PASSED] - Object 'Object Repository/Page_KiboPush  Create Broadcast/input_form-control_1' has attribute 'value' with value 'kibopush.com'

2018-08-10 15:10:06 - [TEST_STEP][PASSED] - setText: Text 'Google' is set on object 'Object Repository/Page_KiboPush  Create Broadcast/input_form-control (11)'

2018-08-10 15:10:06 - [MESSAGE][PASSED] - Text 'Google' is set on object 'Object Repository/Page_KiboPush  Create Broadcast/input_form-control (11)'

2018-08-10 15:10:06 - [TEST_STEP][PASSED] - setText: Text 'google.com' is set on object 'Object Repository/Page_KiboPush  Create Broadcast/input_form-control_1 (6)'

2018-08-10 15:10:06 - [MESSAGE][PASSED] - Text 'google.com' is set on object 'Object Repository/Page_KiboPush  Create Broadcast/input_form-control_1 (6)'

2018-08-10 15:10:06 - [TEST_STEP][PASSED] - click: Object: 'Object Repository/Page_KiboPush  Create Broadcast/button_Done (6)' is clicked on

2018-08-10 15:10:06 - [MESSAGE][PASSED] - Object: 'Object Repository/Page_KiboPush  Create Broadcast/button_Done (6)' is clicked on

2018-08-10 15:10:06 - [TEST_STEP][PASSED] - click: Object: 'Object Repository/Page_KiboPush  Create Broadcast/button_Google' is clicked on

2018-08-10 15:10:07 - [MESSAGE][PASSED] - Object: 'Object Repository/Page_KiboPush  Create Broadcast/button_Google' is clicked on]]></system-out>
         <system-err><![CDATA[]]></system-err>
      </testcase>
      <testcase name="Test Cases/TC0194" classname="Test Cases/TC0194" status="PASSED">
         <system-out><![CDATA[2018-08-10 15:10:07 - [TEST_CASE][PASSED] - Test Cases/TC0194: Test Cases/TC0194

2018-08-10 15:10:07 - [TEST_STEP][PASSED] - callTestCase: Call Test Case 'Test Cases/TC0131' successfully

2018-08-10 15:10:07 - [TEST_CASE][PASSED] - Test Cases/TC0131: Test Cases/TC0131

2018-08-10 15:10:07 - [TEST_STEP][PASSED] - callTestCase: Call Test Case 'Test Cases/Login' successfully

2018-08-10 15:10:07 - [TEST_CASE][PASSED] - Test Cases/Login: Test Cases/Login

2018-08-10 15:10:07 - [TEST_STEP][PASSED] - openBrowser: Browser is opened with url: ''

2018-08-10 15:10:07 - [MESSAGE][WARNING] - A browser is already opened. Closing browser and opening a new one

2018-08-10 15:10:08 - [MESSAGE][PASSED] - Browser is opened with url: ''

2018-08-10 15:10:08 - [TEST_STEP][PASSED] - navigateToUrl: Navigate to 'https://staging.kibopush.com/' successfully

2018-08-10 15:10:20 - [MESSAGE][PASSED] - Navigate to 'https://staging.kibopush.com/' successfully

2018-08-10 15:10:20 - [TEST_STEP][PASSED] - click: Object: 'Object Repository/Page_KiboPush  Sign In/a_Login' is clicked on

2018-08-10 15:10:20 - [MESSAGE][PASSED] - Object: 'Object Repository/Page_KiboPush  Sign In/a_Login' is clicked on

2018-08-10 15:10:20 - [TEST_STEP][PASSED] - click: Object: 'Object Repository/Page_KiboPush  Sign In/button_Team Account' is clicked on

2018-08-10 15:10:20 - [MESSAGE][PASSED] - Object: 'Object Repository/Page_KiboPush  Sign In/button_Team Account' is clicked on

2018-08-10 15:10:20 - [TEST_STEP][PASSED] - setText: Text 'kibopush.com' is set on object 'Object Repository/Page_KiboPush  Sign In/input_form-control m-input'

2018-08-10 15:10:20 - [MESSAGE][PASSED] - Text 'kibopush.com' is set on object 'Object Repository/Page_KiboPush  Sign In/input_form-control m-input'

2018-08-10 15:10:20 - [TEST_STEP][PASSED] - setText: Text 'bjafri5@gmail.com' is set on object 'Object Repository/Page_KiboPush  Sign In/input_form-control m-input_1'

2018-08-10 15:10:21 - [MESSAGE][PASSED] - Text 'bjafri5@gmail.com' is set on object 'Object Repository/Page_KiboPush  Sign In/input_form-control m-input_1'

2018-08-10 15:10:21 - [TEST_STEP][PASSED] - setEncryptedText: Text ****** has been set on object 'Object Repository/Page_KiboPush  Sign In/input_form-control m-input_2'

2018-08-10 15:10:21 - [MESSAGE][PASSED] - Text ****** has been set on object 'Object Repository/Page_KiboPush  Sign In/input_form-control m-input_2'

2018-08-10 15:10:21 - [TEST_STEP][PASSED] - click: Object: 'Object Repository/Page_KiboPush  Sign In/button_Sign In' is clicked on

2018-08-10 15:10:21 - [MESSAGE][PASSED] - Object: 'Object Repository/Page_KiboPush  Sign In/button_Sign In' is clicked on

2018-08-10 15:10:21 - [MESSAGE][PASSED] - Call Test Case 'Test Cases/Login' successfully

2018-08-10 15:10:21 - [TEST_STEP][PASSED] - click: Object: 'Object Repository/Page_KiboPush  Dashboard/span_Broadcasts' is clicked on

2018-08-10 15:10:23 - [MESSAGE][PASSED] - Object: 'Object Repository/Page_KiboPush  Dashboard/span_Broadcasts' is clicked on

2018-08-10 15:10:23 - [TEST_STEP][PASSED] - click: Object: 'Object Repository/Page_KiboPush  Broadcast/span_Create New Broadcast' is clicked on

2018-08-10 15:10:23 - [MESSAGE][PASSED] - Object: 'Object Repository/Page_KiboPush  Broadcast/span_Create New Broadcast' is clicked on

2018-08-10 15:10:23 - [TEST_STEP][PASSED] - click: Object: 'Object Repository/Page_KiboPush  Broadcast/a_Create New Broadcast' is clicked on

2018-08-10 15:10:23 - [MESSAGE][PASSED] - Object: 'Object Repository/Page_KiboPush  Broadcast/a_Create New Broadcast' is clicked on

2018-08-10 15:10:23 - [TEST_STEP][PASSED] - delay: Delayed 1 second(s)

2018-08-10 15:10:24 - [MESSAGE][PASSED] - Delayed 1 second(s)

2018-08-10 15:10:24 - [TEST_STEP][PASSED] - click: Object: 'Object Repository/Page_KiboPush  Create Broadcast/div_Text_1' is clicked on

2018-08-10 15:10:24 - [MESSAGE][PASSED] - Object: 'Object Repository/Page_KiboPush  Create Broadcast/div_Text_1' is clicked on

2018-08-10 15:10:24 - [TEST_STEP][PASSED] - verifyElementPresent: Object 'Object Repository/Page_KiboPush  Create Broadcast/text_component' is present

2018-08-10 15:10:24 - [MESSAGE][PASSED] - Object 'Object Repository/Page_KiboPush  Create Broadcast/text_component' is present

2018-08-10 15:10:24 - [MESSAGE][PASSED] - Call Test Case 'Test Cases/TC0131' successfully

2018-08-10 15:10:24 - [TEST_STEP][PASSED] - click: Object: 'Object Repository/Page_KiboPush  Create Broadcast/div_ Add Button' is clicked on

2018-08-10 15:10:25 - [MESSAGE][PASSED] - Object: 'Object Repository/Page_KiboPush  Create Broadcast/div_ Add Button' is clicked on

2018-08-10 15:10:25 - [TEST_STEP][PASSED] - verifyElementPresent: Object 'Object Repository/Page_KiboPush  Create Broadcast/strong_Add Button' is present

2018-08-10 15:10:25 - [MESSAGE][PASSED] - Object 'Object Repository/Page_KiboPush  Create Broadcast/strong_Add Button' is present

2018-08-10 15:10:25 - [TEST_STEP][PASSED] - click: Object: 'Object Repository/Page_KiboPush  Create Broadcast/button_Cancel' is clicked on

2018-08-10 15:10:25 - [MESSAGE][PASSED] - Object: 'Object Repository/Page_KiboPush  Create Broadcast/button_Cancel' is clicked on

2018-08-10 15:10:25 - [TEST_STEP][PASSED] - verifyElementNotPresent: Web element with id: 'Object Repository/Page_KiboPush  Create Broadcast/strong_Add Button' located by 'By.xpath: //strong[(text() = 'Add Button' or . = 'Add Button')]' is not present after '5' second(s)

2018-08-10 15:10:25 - [MESSAGE][PASSED] - Web element with id: 'Object Repository/Page_KiboPush  Create Broadcast/strong_Add Button' located by 'By.xpath: //strong[(text() = 'Add Button' or . = 'Add Button')]' is not present after '5' second(s)]]></system-out>
         <system-err><![CDATA[]]></system-err>
      </testcase>
      <testcase name="Test Cases/TC0195" classname="Test Cases/TC0195" status="PASSED">
         <system-out><![CDATA[2018-08-10 15:10:25 - [TEST_CASE][PASSED] - Test Cases/TC0195: Test Cases/TC0195

2018-08-10 15:10:25 - [TEST_STEP][PASSED] - callTestCase: Call Test Case 'Test Cases/TC0133' successfully

2018-08-10 15:10:25 - [TEST_CASE][PASSED] - Test Cases/TC0133: Test Cases/TC0133

2018-08-10 15:10:25 - [TEST_STEP][PASSED] - callTestCase: Call Test Case 'Test Cases/Login' successfully

2018-08-10 15:10:25 - [TEST_CASE][PASSED] - Test Cases/Login: Test Cases/Login

2018-08-10 15:10:25 - [TEST_STEP][PASSED] - openBrowser: Browser is opened with url: ''

2018-08-10 15:10:25 - [MESSAGE][WARNING] - A browser is already opened. Closing browser and opening a new one

2018-08-10 15:10:26 - [MESSAGE][PASSED] - Browser is opened with url: ''

2018-08-10 15:10:26 - [TEST_STEP][PASSED] - navigateToUrl: Navigate to 'https://staging.kibopush.com/' successfully

2018-08-10 15:10:37 - [MESSAGE][PASSED] - Navigate to 'https://staging.kibopush.com/' successfully

2018-08-10 15:10:37 - [TEST_STEP][PASSED] - click: Object: 'Object Repository/Page_KiboPush  Sign In/a_Login' is clicked on

2018-08-10 15:10:37 - [MESSAGE][PASSED] - Object: 'Object Repository/Page_KiboPush  Sign In/a_Login' is clicked on

2018-08-10 15:10:37 - [TEST_STEP][PASSED] - click: Object: 'Object Repository/Page_KiboPush  Sign In/button_Team Account' is clicked on

2018-08-10 15:10:37 - [MESSAGE][PASSED] - Object: 'Object Repository/Page_KiboPush  Sign In/button_Team Account' is clicked on

2018-08-10 15:10:37 - [TEST_STEP][PASSED] - setText: Text 'kibopush.com' is set on object 'Object Repository/Page_KiboPush  Sign In/input_form-control m-input'

2018-08-10 15:10:38 - [MESSAGE][PASSED] - Text 'kibopush.com' is set on object 'Object Repository/Page_KiboPush  Sign In/input_form-control m-input'

2018-08-10 15:10:38 - [TEST_STEP][PASSED] - setText: Text 'bjafri5@gmail.com' is set on object 'Object Repository/Page_KiboPush  Sign In/input_form-control m-input_1'

2018-08-10 15:10:38 - [MESSAGE][PASSED] - Text 'bjafri5@gmail.com' is set on object 'Object Repository/Page_KiboPush  Sign In/input_form-control m-input_1'

2018-08-10 15:10:38 - [TEST_STEP][PASSED] - setEncryptedText: Text ****** has been set on object 'Object Repository/Page_KiboPush  Sign In/input_form-control m-input_2'

2018-08-10 15:10:38 - [MESSAGE][PASSED] - Text ****** has been set on object 'Object Repository/Page_KiboPush  Sign In/input_form-control m-input_2'

2018-08-10 15:10:38 - [TEST_STEP][PASSED] - click: Object: 'Object Repository/Page_KiboPush  Sign In/button_Sign In' is clicked on

2018-08-10 15:10:38 - [MESSAGE][PASSED] - Object: 'Object Repository/Page_KiboPush  Sign In/button_Sign In' is clicked on

2018-08-10 15:10:38 - [MESSAGE][PASSED] - Call Test Case 'Test Cases/Login' successfully

2018-08-10 15:10:38 - [TEST_STEP][PASSED] - click: Object: 'Object Repository/Page_KiboPush  Dashboard/span_Broadcasts' is clicked on

2018-08-10 15:10:40 - [MESSAGE][PASSED] - Object: 'Object Repository/Page_KiboPush  Dashboard/span_Broadcasts' is clicked on

2018-08-10 15:10:40 - [TEST_STEP][PASSED] - click: Object: 'Object Repository/Page_KiboPush  Broadcast/span_Create New Broadcast' is clicked on

2018-08-10 15:10:40 - [MESSAGE][PASSED] - Object: 'Object Repository/Page_KiboPush  Broadcast/span_Create New Broadcast' is clicked on

2018-08-10 15:10:40 - [TEST_STEP][PASSED] - click: Object: 'Object Repository/Page_KiboPush  Broadcast/a_Create New Broadcast' is clicked on

2018-08-10 15:10:40 - [MESSAGE][PASSED] - Object: 'Object Repository/Page_KiboPush  Broadcast/a_Create New Broadcast' is clicked on

2018-08-10 15:10:40 - [TEST_STEP][PASSED] - delay: Delayed 1 second(s)

2018-08-10 15:10:41 - [MESSAGE][PASSED] - Delayed 1 second(s)

2018-08-10 15:10:41 - [TEST_STEP][PASSED] - click: Object: 'Object Repository/Page_KiboPush  Create Broadcast/div_Text' is clicked on

2018-08-10 15:10:42 - [MESSAGE][PASSED] - Object: 'Object Repository/Page_KiboPush  Create Broadcast/div_Text' is clicked on

2018-08-10 15:10:42 - [TEST_STEP][PASSED] - click: Object: 'Object Repository/Page_KiboPush  Create Broadcast/div_ Add Button' is clicked on

2018-08-10 15:10:42 - [MESSAGE][PASSED] - Object: 'Object Repository/Page_KiboPush  Create Broadcast/div_ Add Button' is clicked on

2018-08-10 15:10:42 - [TEST_STEP][PASSED] - setText: Text 'KiboPush' is set on object 'Object Repository/Page_KiboPush  Create Broadcast/input_form-control (9)'

2018-08-10 15:10:42 - [MESSAGE][PASSED] - Text 'KiboPush' is set on object 'Object Repository/Page_KiboPush  Create Broadcast/input_form-control (9)'

2018-08-10 15:10:42 - [TEST_STEP][PASSED] - click: Object: 'Object Repository/Page_KiboPush  Create Broadcast/div_Open a website (5)' is clicked on

2018-08-10 15:10:42 - [MESSAGE][PASSED] - Object: 'Object Repository/Page_KiboPush  Create Broadcast/div_Open a website (5)' is clicked on

2018-08-10 15:10:42 - [TEST_STEP][PASSED] - setText: Text 'kibopush.com' is set on object 'Object Repository/Page_KiboPush  Create Broadcast/input_form-control_1 (5)'

2018-08-10 15:10:43 - [MESSAGE][PASSED] - Text 'kibopush.com' is set on object 'Object Repository/Page_KiboPush  Create Broadcast/input_form-control_1 (5)'

2018-08-10 15:10:43 - [TEST_STEP][PASSED] - click: Object: 'Object Repository/Page_KiboPush  Create Broadcast/button_Done (5)' is clicked on

2018-08-10 15:10:43 - [MESSAGE][PASSED] - Object: 'Object Repository/Page_KiboPush  Create Broadcast/button_Done (5)' is clicked on

2018-08-10 15:10:43 - [MESSAGE][PASSED] - Call Test Case 'Test Cases/TC0133' successfully

2018-08-10 15:10:43 - [TEST_STEP][PASSED] - verifyElementPresent: Object 'Object Repository/Page_KiboPush  Create Broadcast/button_KiboPush' is present

2018-08-10 15:10:43 - [MESSAGE][PASSED] - Object 'Object Repository/Page_KiboPush  Create Broadcast/button_KiboPush' is present

2018-08-10 15:10:43 - [TEST_STEP][PASSED] - click: Object: 'Object Repository/Page_KiboPush  Create Broadcast/button_KiboPush' is clicked on

2018-08-10 15:10:43 - [MESSAGE][PASSED] - Object: 'Object Repository/Page_KiboPush  Create Broadcast/button_KiboPush' is clicked on

2018-08-10 15:10:43 - [TEST_STEP][PASSED] - click: Object: 'Object Repository/Page_KiboPush  Create Broadcast/button_Remove' is clicked on

2018-08-10 15:10:43 - [MESSAGE][PASSED] - Object: 'Object Repository/Page_KiboPush  Create Broadcast/button_Remove' is clicked on

2018-08-10 15:10:43 - [TEST_STEP][PASSED] - verifyElementNotPresent: Web element with id: 'Object Repository/Page_KiboPush  Create Broadcast/button_KiboPush' located by 'By.xpath: //button[(text() = 'KiboPush' or . = 'KiboPush')]' is not present after '5' second(s)

2018-08-10 15:10:43 - [MESSAGE][PASSED] - Web element with id: 'Object Repository/Page_KiboPush  Create Broadcast/button_KiboPush' located by 'By.xpath: //button[(text() = 'KiboPush' or . = 'KiboPush')]' is not present after '5' second(s)]]></system-out>
         <system-err><![CDATA[]]></system-err>
      </testcase>
      <testcase name="Test Cases/TC0196" classname="Test Cases/TC0196" status="PASSED">
         <system-out><![CDATA[2018-08-10 15:10:43 - [TEST_CASE][PASSED] - Test Cases/TC0196: Test Cases/TC0196

2018-08-10 15:10:43 - [TEST_STEP][PASSED] - callTestCase: Call Test Case 'Test Cases/TC0131' successfully

2018-08-10 15:10:44 - [TEST_CASE][PASSED] - Test Cases/TC0131: Test Cases/TC0131

2018-08-10 15:10:44 - [TEST_STEP][PASSED] - callTestCase: Call Test Case 'Test Cases/Login' successfully

2018-08-10 15:10:44 - [TEST_CASE][PASSED] - Test Cases/Login: Test Cases/Login

2018-08-10 15:10:44 - [TEST_STEP][PASSED] - openBrowser: Browser is opened with url: ''

2018-08-10 15:10:44 - [MESSAGE][WARNING] - A browser is already opened. Closing browser and opening a new one

2018-08-10 15:10:45 - [MESSAGE][PASSED] - Browser is opened with url: ''

2018-08-10 15:10:45 - [TEST_STEP][PASSED] - navigateToUrl: Navigate to 'https://staging.kibopush.com/' successfully

2018-08-10 15:10:55 - [MESSAGE][PASSED] - Navigate to 'https://staging.kibopush.com/' successfully

2018-08-10 15:10:55 - [TEST_STEP][PASSED] - click: Object: 'Object Repository/Page_KiboPush  Sign In/a_Login' is clicked on

2018-08-10 15:10:56 - [MESSAGE][PASSED] - Object: 'Object Repository/Page_KiboPush  Sign In/a_Login' is clicked on

2018-08-10 15:10:56 - [TEST_STEP][PASSED] - click: Object: 'Object Repository/Page_KiboPush  Sign In/button_Team Account' is clicked on

2018-08-10 15:10:56 - [MESSAGE][PASSED] - Object: 'Object Repository/Page_KiboPush  Sign In/button_Team Account' is clicked on

2018-08-10 15:10:56 - [TEST_STEP][PASSED] - setText: Text 'kibopush.com' is set on object 'Object Repository/Page_KiboPush  Sign In/input_form-control m-input'

2018-08-10 15:10:56 - [MESSAGE][PASSED] - Text 'kibopush.com' is set on object 'Object Repository/Page_KiboPush  Sign In/input_form-control m-input'

2018-08-10 15:10:56 - [TEST_STEP][PASSED] - setText: Text 'bjafri5@gmail.com' is set on object 'Object Repository/Page_KiboPush  Sign In/input_form-control m-input_1'

2018-08-10 15:10:56 - [MESSAGE][PASSED] - Text 'bjafri5@gmail.com' is set on object 'Object Repository/Page_KiboPush  Sign In/input_form-control m-input_1'

2018-08-10 15:10:56 - [TEST_STEP][PASSED] - setEncryptedText: Text ****** has been set on object 'Object Repository/Page_KiboPush  Sign In/input_form-control m-input_2'

2018-08-10 15:10:56 - [MESSAGE][PASSED] - Text ****** has been set on object 'Object Repository/Page_KiboPush  Sign In/input_form-control m-input_2'

2018-08-10 15:10:56 - [TEST_STEP][PASSED] - click: Object: 'Object Repository/Page_KiboPush  Sign In/button_Sign In' is clicked on

2018-08-10 15:10:57 - [MESSAGE][PASSED] - Object: 'Object Repository/Page_KiboPush  Sign In/button_Sign In' is clicked on

2018-08-10 15:10:57 - [MESSAGE][PASSED] - Call Test Case 'Test Cases/Login' successfully

2018-08-10 15:10:57 - [TEST_STEP][PASSED] - click: Object: 'Object Repository/Page_KiboPush  Dashboard/span_Broadcasts' is clicked on

2018-08-10 15:10:58 - [MESSAGE][PASSED] - Object: 'Object Repository/Page_KiboPush  Dashboard/span_Broadcasts' is clicked on

2018-08-10 15:10:58 - [TEST_STEP][PASSED] - click: Object: 'Object Repository/Page_KiboPush  Broadcast/span_Create New Broadcast' is clicked on

2018-08-10 15:10:59 - [MESSAGE][PASSED] - Object: 'Object Repository/Page_KiboPush  Broadcast/span_Create New Broadcast' is clicked on

2018-08-10 15:10:59 - [TEST_STEP][PASSED] - click: Object: 'Object Repository/Page_KiboPush  Broadcast/a_Create New Broadcast' is clicked on

2018-08-10 15:10:59 - [MESSAGE][PASSED] - Object: 'Object Repository/Page_KiboPush  Broadcast/a_Create New Broadcast' is clicked on

2018-08-10 15:10:59 - [TEST_STEP][PASSED] - delay: Delayed 1 second(s)

2018-08-10 15:11:00 - [MESSAGE][PASSED] - Delayed 1 second(s)

2018-08-10 15:11:00 - [TEST_STEP][PASSED] - click: Object: 'Object Repository/Page_KiboPush  Create Broadcast/div_Text_1' is clicked on

2018-08-10 15:11:00 - [MESSAGE][PASSED] - Object: 'Object Repository/Page_KiboPush  Create Broadcast/div_Text_1' is clicked on

2018-08-10 15:11:00 - [TEST_STEP][PASSED] - verifyElementPresent: Object 'Object Repository/Page_KiboPush  Create Broadcast/text_component' is present

2018-08-10 15:11:00 - [MESSAGE][PASSED] - Object 'Object Repository/Page_KiboPush  Create Broadcast/text_component' is present

2018-08-10 15:11:00 - [MESSAGE][PASSED] - Call Test Case 'Test Cases/TC0131' successfully

2018-08-10 15:11:00 - [TEST_STEP][PASSED] - click: Object: 'Object Repository/Page_KiboPush  Create Broadcast/div_Text' is clicked on

2018-08-10 15:11:00 - [MESSAGE][PASSED] - Object: 'Object Repository/Page_KiboPush  Create Broadcast/div_Text' is clicked on

2018-08-10 15:11:00 - [TEST_STEP][PASSED] - verifyElementPresent: Object 'Object Repository/Page_KiboPush  Create Broadcast/text_component' is present

2018-08-10 15:11:00 - [MESSAGE][PASSED] - Object 'Object Repository/Page_KiboPush  Create Broadcast/text_component' is present

2018-08-10 15:11:00 - [TEST_STEP][PASSED] - click: Object: 'Object Repository/Page_KiboPush  Create Broadcast/button_Reset (1)' is clicked on

2018-08-10 15:11:00 - [MESSAGE][PASSED] - Object: 'Object Repository/Page_KiboPush  Create Broadcast/button_Reset (1)' is clicked on

2018-08-10 15:11:00 - [TEST_STEP][PASSED] - click: Object: 'Object Repository/Page_KiboPush  Create Broadcast/button_Yes' is clicked on

2018-08-10 15:11:00 - [MESSAGE][PASSED] - Object: 'Object Repository/Page_KiboPush  Create Broadcast/button_Yes' is clicked on

2018-08-10 15:11:00 - [TEST_STEP][PASSED] - verifyElementNotPresent: Web element with id: 'Object Repository/Page_KiboPush  Create Broadcast/text_component' located by 'By.xpath: //*[@id="tab_1"]/div/div[2]/div[2]/div/div[2]/textarea' is not present after '5' second(s)

2018-08-10 15:11:01 - [MESSAGE][PASSED] - Web element with id: 'Object Repository/Page_KiboPush  Create Broadcast/text_component' located by 'By.xpath: //*[@id="tab_1"]/div/div[2]/div[2]/div/div[2]/textarea' is not present after '5' second(s)]]></system-out>
         <system-err><![CDATA[]]></system-err>
      </testcase>
      <testcase name="Test Cases/TC0204" classname="Test Cases/TC0204" status="PASSED">
         <system-out><![CDATA[2018-08-10 15:11:01 - [TEST_CASE][PASSED] - Test Cases/TC0204: Test Cases/TC0204

2018-08-10 15:11:01 - [TEST_STEP][PASSED] - callTestCase: Call Test Case 'Test Cases/TC0131' successfully

2018-08-10 15:11:01 - [TEST_CASE][PASSED] - Test Cases/TC0131: Test Cases/TC0131

2018-08-10 15:11:01 - [TEST_STEP][PASSED] - callTestCase: Call Test Case 'Test Cases/Login' successfully

2018-08-10 15:11:01 - [TEST_CASE][PASSED] - Test Cases/Login: Test Cases/Login

2018-08-10 15:11:01 - [TEST_STEP][PASSED] - openBrowser: Browser is opened with url: ''

2018-08-10 15:11:01 - [MESSAGE][WARNING] - A browser is already opened. Closing browser and opening a new one

2018-08-10 15:11:02 - [MESSAGE][PASSED] - Browser is opened with url: ''

2018-08-10 15:11:02 - [TEST_STEP][PASSED] - navigateToUrl: Navigate to 'https://staging.kibopush.com/' successfully

2018-08-10 15:11:09 - [MESSAGE][PASSED] - Navigate to 'https://staging.kibopush.com/' successfully

2018-08-10 15:11:09 - [TEST_STEP][PASSED] - click: Object: 'Object Repository/Page_KiboPush  Sign In/a_Login' is clicked on

2018-08-10 15:11:09 - [MESSAGE][PASSED] - Object: 'Object Repository/Page_KiboPush  Sign In/a_Login' is clicked on

2018-08-10 15:11:09 - [TEST_STEP][PASSED] - click: Object: 'Object Repository/Page_KiboPush  Sign In/button_Team Account' is clicked on

2018-08-10 15:11:09 - [MESSAGE][PASSED] - Object: 'Object Repository/Page_KiboPush  Sign In/button_Team Account' is clicked on

2018-08-10 15:11:09 - [TEST_STEP][PASSED] - setText: Text 'kibopush.com' is set on object 'Object Repository/Page_KiboPush  Sign In/input_form-control m-input'

2018-08-10 15:11:10 - [MESSAGE][PASSED] - Text 'kibopush.com' is set on object 'Object Repository/Page_KiboPush  Sign In/input_form-control m-input'

2018-08-10 15:11:10 - [TEST_STEP][PASSED] - setText: Text 'bjafri5@gmail.com' is set on object 'Object Repository/Page_KiboPush  Sign In/input_form-control m-input_1'

2018-08-10 15:11:10 - [MESSAGE][PASSED] - Text 'bjafri5@gmail.com' is set on object 'Object Repository/Page_KiboPush  Sign In/input_form-control m-input_1'

2018-08-10 15:11:10 - [TEST_STEP][PASSED] - setEncryptedText: Text ****** has been set on object 'Object Repository/Page_KiboPush  Sign In/input_form-control m-input_2'

2018-08-10 15:11:10 - [MESSAGE][PASSED] - Text ****** has been set on object 'Object Repository/Page_KiboPush  Sign In/input_form-control m-input_2'

2018-08-10 15:11:10 - [TEST_STEP][PASSED] - click: Object: 'Object Repository/Page_KiboPush  Sign In/button_Sign In' is clicked on

2018-08-10 15:11:10 - [MESSAGE][PASSED] - Object: 'Object Repository/Page_KiboPush  Sign In/button_Sign In' is clicked on

2018-08-10 15:11:10 - [MESSAGE][PASSED] - Call Test Case 'Test Cases/Login' successfully

2018-08-10 15:11:10 - [TEST_STEP][PASSED] - click: Object: 'Object Repository/Page_KiboPush  Dashboard/span_Broadcasts' is clicked on

2018-08-10 15:11:12 - [MESSAGE][PASSED] - Object: 'Object Repository/Page_KiboPush  Dashboard/span_Broadcasts' is clicked on

2018-08-10 15:11:12 - [TEST_STEP][PASSED] - click: Object: 'Object Repository/Page_KiboPush  Broadcast/span_Create New Broadcast' is clicked on

2018-08-10 15:11:13 - [MESSAGE][PASSED] - Object: 'Object Repository/Page_KiboPush  Broadcast/span_Create New Broadcast' is clicked on

2018-08-10 15:11:13 - [TEST_STEP][PASSED] - click: Object: 'Object Repository/Page_KiboPush  Broadcast/a_Create New Broadcast' is clicked on

2018-08-10 15:11:13 - [MESSAGE][PASSED] - Object: 'Object Repository/Page_KiboPush  Broadcast/a_Create New Broadcast' is clicked on

2018-08-10 15:11:13 - [TEST_STEP][PASSED] - delay: Delayed 1 second(s)

2018-08-10 15:11:14 - [MESSAGE][PASSED] - Delayed 1 second(s)

2018-08-10 15:11:14 - [TEST_STEP][PASSED] - click: Object: 'Object Repository/Page_KiboPush  Create Broadcast/div_Text_1' is clicked on

2018-08-10 15:11:14 - [MESSAGE][PASSED] - Object: 'Object Repository/Page_KiboPush  Create Broadcast/div_Text_1' is clicked on

2018-08-10 15:11:14 - [TEST_STEP][PASSED] - verifyElementPresent: Object 'Object Repository/Page_KiboPush  Create Broadcast/text_component' is present

2018-08-10 15:11:14 - [MESSAGE][PASSED] - Object 'Object Repository/Page_KiboPush  Create Broadcast/text_component' is present

2018-08-10 15:11:14 - [MESSAGE][PASSED] - Call Test Case 'Test Cases/TC0131' successfully

2018-08-10 15:11:14 - [TEST_STEP][PASSED] - click: Object: 'Object Repository/Page_KiboPush  Create Broadcast/div_Text' is clicked on

2018-08-10 15:11:14 - [MESSAGE][PASSED] - Object: 'Object Repository/Page_KiboPush  Create Broadcast/div_Text' is clicked on

2018-08-10 15:11:14 - [TEST_STEP][PASSED] - verifyElementPresent: Object 'Object Repository/Page_KiboPush  Create Broadcast/text_component' is present

2018-08-10 15:11:14 - [MESSAGE][PASSED] - Object 'Object Repository/Page_KiboPush  Create Broadcast/text_component' is present

2018-08-10 15:11:14 - [TEST_STEP][PASSED] - verifyElementPresent: Object 'Object Repository/Page_KiboPush  Create Broadcast/text_component1' is present

2018-08-10 15:11:14 - [MESSAGE][PASSED] - Object 'Object Repository/Page_KiboPush  Create Broadcast/text_component1' is present

2018-08-10 15:11:14 - [TEST_STEP][PASSED] - click: Object: 'Object Repository/Page_KiboPush  Create Broadcast/button_Reset' is clicked on

2018-08-10 15:11:15 - [MESSAGE][PASSED] - Object: 'Object Repository/Page_KiboPush  Create Broadcast/button_Reset' is clicked on

2018-08-10 15:11:15 - [TEST_STEP][PASSED] - click: Object: 'Object Repository/Page_KiboPush  Create Broadcast/button_Yes' is clicked on

2018-08-10 15:11:15 - [MESSAGE][PASSED] - Object: 'Object Repository/Page_KiboPush  Create Broadcast/button_Yes' is clicked on

2018-08-10 15:11:15 - [TEST_STEP][PASSED] - verifyElementNotPresent: Web element with id: 'Object Repository/Page_KiboPush  Create Broadcast/text_component' located by 'By.xpath: //*[@id="tab_1"]/div/div[2]/div[2]/div/div[2]/textarea' is not present after '5' second(s)

2018-08-10 15:11:15 - [MESSAGE][PASSED] - Web element with id: 'Object Repository/Page_KiboPush  Create Broadcast/text_component' located by 'By.xpath: //*[@id="tab_1"]/div/div[2]/div[2]/div/div[2]/textarea' is not present after '5' second(s)

2018-08-10 15:11:15 - [TEST_STEP][PASSED] - verifyElementNotPresent: Web element with id: 'Object Repository/Page_KiboPush  Create Broadcast/text_component1' located by 'By.xpath: //*[@id="tab_1"]/div/div[2]/div[2]/div[2]/div[2]/textarea' is not present after '5' second(s)

2018-08-10 15:11:15 - [MESSAGE][PASSED] - Web element with id: 'Object Repository/Page_KiboPush  Create Broadcast/text_component1' located by 'By.xpath: //*[@id="tab_1"]/div/div[2]/div[2]/div[2]/div[2]/textarea' is not present after '5' second(s)]]></system-out>
         <system-err><![CDATA[]]></system-err>
      </testcase>
      <system-out><![CDATA[2018-08-10 14:44:14 - [TEST_SUITE][PASSED] - KiboPush Broadcasts: Test Cases/TC0204]]></system-out>
      <system-err><![CDATA[]]></system-err>
   </testsuite>
</testsuites>
