<?xml version="1.0" encoding="UTF-8"?>
<testsuites name="Template" time="3080" tests="90" failures="58" errors="10">
   <testsuite name="Template" tests="90" failures="58" errors="10" time="3080" timestamp="2019-04-21 02:20:47" hostname="faizan - faizan-HP-EliteBook-850-G2" id="Test Suites/Faizan Suits/Template">
      <properties>
         <property name="deviceName" value=""/>
         <property name="devicePlatform" value=""/>
         <property name="logFolder" value="/home/faizan/Drive/KiboPush_Automated_Testing/KiboPush Katalon/Reports/Faizan Suits/Template/20190421_022043"/>
         <property name="logFiles" value="/home/faizan/Drive/KiboPush_Automated_Testing/KiboPush Katalon/Reports/Faizan Suits/Template/20190421_022043/execution0.log"/>
         <property name="attachments" value="/home/faizan/Drive/KiboPush_Automated_Testing/KiboPush Katalon/Reports/Faizan Suits/Template/20190421_022043/1555795374805.png, /home/faizan/Drive/KiboPush_Automated_Testing/KiboPush Katalon/Reports/Faizan Suits/Template/20190421_022043/1555795552866.png, /home/faizan/Drive/KiboPush_Automated_Testing/KiboPush Katalon/Reports/Faizan Suits/Template/20190421_022043/1555795593709.png, /home/faizan/Drive/KiboPush_Automated_Testing/KiboPush Katalon/Reports/Faizan Suits/Template/20190421_022043/1555795612990.png, /home/faizan/Drive/KiboPush_Automated_Testing/KiboPush Katalon/Reports/Faizan Suits/Template/20190421_022043/1555795653051.png, /home/faizan/Drive/KiboPush_Automated_Testing/KiboPush Katalon/Reports/Faizan Suits/Template/20190421_022043/1555795693399.png, /home/faizan/Drive/KiboPush_Automated_Testing/KiboPush Katalon/Reports/Faizan Suits/Template/20190421_022043/1555795733419.png, /home/faizan/Drive/KiboPush_Automated_Testing/KiboPush Katalon/Reports/Faizan Suits/Template/20190421_022043/1555795773507.png, /home/faizan/Drive/KiboPush_Automated_Testing/KiboPush Katalon/Reports/Faizan Suits/Template/20190421_022043/1555795826000.png, /home/faizan/Drive/KiboPush_Automated_Testing/KiboPush Katalon/Reports/Faizan Suits/Template/20190421_022043/1555795866314.png, /home/faizan/Drive/KiboPush_Automated_Testing/KiboPush Katalon/Reports/Faizan Suits/Template/20190421_022043/1555795915839.png, /home/faizan/Drive/KiboPush_Automated_Testing/KiboPush Katalon/Reports/Faizan Suits/Template/20190421_022043/1555795928565.png, /home/faizan/Drive/KiboPush_Automated_Testing/KiboPush Katalon/Reports/Faizan Suits/Template/20190421_022043/1555795953904.png, /home/faizan/Drive/KiboPush_Automated_Testing/KiboPush Katalon/Reports/Faizan Suits/Template/20190421_022043/1555795993914.png, /home/faizan/Drive/KiboPush_Automated_Testing/KiboPush Katalon/Reports/Faizan Suits/Template/20190421_022043/1555796034126.png, /home/faizan/Drive/KiboPush_Automated_Testing/KiboPush Katalon/Reports/Faizan Suits/Template/20190421_022043/1555796122024.png, /home/faizan/Drive/KiboPush_Automated_Testing/KiboPush Katalon/Reports/Faizan Suits/Template/20190421_022043/1555796180515.png, /home/faizan/Drive/KiboPush_Automated_Testing/KiboPush Katalon/Reports/Faizan Suits/Template/20190421_022043/1555796266958.png, /home/faizan/Drive/KiboPush_Automated_Testing/KiboPush Katalon/Reports/Faizan Suits/Template/20190421_022043/1555796307831.png, /home/faizan/Drive/KiboPush_Automated_Testing/KiboPush Katalon/Reports/Faizan Suits/Template/20190421_022043/1555796365616.png, /home/faizan/Drive/KiboPush_Automated_Testing/KiboPush Katalon/Reports/Faizan Suits/Template/20190421_022043/1555796406685.png, /home/faizan/Drive/KiboPush_Automated_Testing/KiboPush Katalon/Reports/Faizan Suits/Template/20190421_022043/1555796464265.png, /home/faizan/Drive/KiboPush_Automated_Testing/KiboPush Katalon/Reports/Faizan Suits/Template/20190421_022043/1555796504274.png, /home/faizan/Drive/KiboPush_Automated_Testing/KiboPush Katalon/Reports/Faizan Suits/Template/20190421_022043/1555796575700.png, /home/faizan/Drive/KiboPush_Automated_Testing/KiboPush Katalon/Reports/Faizan Suits/Template/20190421_022043/1555796615895.png, /home/faizan/Drive/KiboPush_Automated_Testing/KiboPush Katalon/Reports/Faizan Suits/Template/20190421_022043/1555796656178.png, /home/faizan/Drive/KiboPush_Automated_Testing/KiboPush Katalon/Reports/Faizan Suits/Template/20190421_022043/1555796696187.png, /home/faizan/Drive/KiboPush_Automated_Testing/KiboPush Katalon/Reports/Faizan Suits/Template/20190421_022043/1555796738493.png, /home/faizan/Drive/KiboPush_Automated_Testing/KiboPush Katalon/Reports/Faizan Suits/Template/20190421_022043/1555796778299.png, /home/faizan/Drive/KiboPush_Automated_Testing/KiboPush Katalon/Reports/Faizan Suits/Template/20190421_022043/1555796818183.png, /home/faizan/Drive/KiboPush_Automated_Testing/KiboPush Katalon/Reports/Faizan Suits/Template/20190421_022043/1555796858288.png, /home/faizan/Drive/KiboPush_Automated_Testing/KiboPush Katalon/Reports/Faizan Suits/Template/20190421_022043/1555796898248.png, /home/faizan/Drive/KiboPush_Automated_Testing/KiboPush Katalon/Reports/Faizan Suits/Template/20190421_022043/1555796938155.png, /home/faizan/Drive/KiboPush_Automated_Testing/KiboPush Katalon/Reports/Faizan Suits/Template/20190421_022043/1555796978043.png, /home/faizan/Drive/KiboPush_Automated_Testing/KiboPush Katalon/Reports/Faizan Suits/Template/20190421_022043/1555797018339.png, /home/faizan/Drive/KiboPush_Automated_Testing/KiboPush Katalon/Reports/Faizan Suits/Template/20190421_022043/1555797153694.png, /home/faizan/Drive/KiboPush_Automated_Testing/KiboPush Katalon/Reports/Faizan Suits/Template/20190421_022043/1555797193664.png, /home/faizan/Drive/KiboPush_Automated_Testing/KiboPush Katalon/Reports/Faizan Suits/Template/20190421_022043/1555797234062.png, /home/faizan/Drive/KiboPush_Automated_Testing/KiboPush Katalon/Reports/Faizan Suits/Template/20190421_022043/1555797283691.png, /home/faizan/Drive/KiboPush_Automated_Testing/KiboPush Katalon/Reports/Faizan Suits/Template/20190421_022043/1555797302595.png, /home/faizan/Drive/KiboPush_Automated_Testing/KiboPush Katalon/Reports/Faizan Suits/Template/20190421_022043/1555797371781.png, /home/faizan/Drive/KiboPush_Automated_Testing/KiboPush Katalon/Reports/Faizan Suits/Template/20190421_022043/1555797491398.png, /home/faizan/Drive/KiboPush_Automated_Testing/KiboPush Katalon/Reports/Faizan Suits/Template/20190421_022043/1555797500079.png, /home/faizan/Drive/KiboPush_Automated_Testing/KiboPush Katalon/Reports/Faizan Suits/Template/20190421_022043/1555797546312.png, /home/faizan/Drive/KiboPush_Automated_Testing/KiboPush Katalon/Reports/Faizan Suits/Template/20190421_022043/1555797575161.png, /home/faizan/Drive/KiboPush_Automated_Testing/KiboPush Katalon/Reports/Faizan Suits/Template/20190421_022043/1555797584339.png, /home/faizan/Drive/KiboPush_Automated_Testing/KiboPush Katalon/Reports/Faizan Suits/Template/20190421_022043/1555797669547.png, /home/faizan/Drive/KiboPush_Automated_Testing/KiboPush Katalon/Reports/Faizan Suits/Template/20190421_022043/1555797909974.png, /home/faizan/Drive/KiboPush_Automated_Testing/KiboPush Katalon/Reports/Faizan Suits/Template/20190421_022043/1555798146087.png, /home/faizan/Drive/KiboPush_Automated_Testing/KiboPush Katalon/Reports/Faizan Suits/Template/20190421_022043/1555798258873.png"/>
         <property name="hostName" value="faizan - faizan-HP-EliteBook-850-G2"/>
         <property name="os" value="Linux 64bit"/>
         <property name="katalonVersion" value="6.1.2.2"/>
         <property name="browser" value="Chrome 73.0.3683.103"/>
         <property name="hostAddress" value="127.0.1.1"/>
         <property name="sessionId" value="f13adca9b43bf4b34e393f07e02ab2e3"/>
         <property name="seleniumVersion" value="3.7.1"/>
         <property name="proxyInformation" value="ProxyInformation{proxyOption=NO_PROXY, proxyServerType=HTTP, password=, proxyServerAddress=, proxyServerPort=0}"/>
         <property name="platform" value="Linux"/>
      </properties>
      <testcase name="Test Cases/s-sidebar_navigation/individualAccount/Faizan_production_login_kiboengage" classname="Test Cases/s-sidebar_navigation/individualAccount/Faizan_production_login_kiboengage" status="PASSED">
         <system-out><![CDATA[2019-04-21 02:20:47 - [TEST_CASE][PASSED] - Test Cases/s-sidebar_navigation/individualAccount/Faizan_production_login_kiboengage: Test Cases/s-sidebar_navigation/individualAccount/Faizan_production_login_kiboengage

2019-04-21 02:20:48 - [TEST_STEP][PASSED] - openBrowser(""): Browser is opened with url: ''

2019-04-21 02:20:49 - [MESSAGE][INFO] - Starting 'Chrome' driver

2019-04-21 02:20:49 - [MESSAGE][INFO] - User set preference: ['args', '[--no-sandbox]']

2019-04-21 02:20:49 - [MESSAGE][INFO] - Action delay is set to 0 seconds

2019-04-21 02:20:52 - [MESSAGE][PASSED] - Browser is opened with url: ''

2019-04-21 02:20:52 - [TEST_STEP][PASSED] - maximizeWindow(): Current window maximized

2019-04-21 02:20:52 - [MESSAGE][PASSED] - Current window maximized

2019-04-21 02:20:52 - [TEST_STEP][PASSED] - navigateToUrl("https://kiboengage.cloudkibo.com/"): Navigate to 'https://kiboengage.cloudkibo.com/' successfully

2019-04-21 02:21:05 - [MESSAGE][PASSED] - Navigate to 'https://kiboengage.cloudkibo.com/' successfully

2019-04-21 02:21:05 - [TEST_STEP][PASSED] - navigateToUrl("https://accounts.cloudkibo.com/?continue=https://kiboengage.cloudkibo.com"): Navigate to 'https://accounts.cloudkibo.com/?continue=https://kiboengage.cloudkibo.com' successfully

2019-04-21 02:21:05 - [MESSAGE][PASSED] - Navigate to 'https://accounts.cloudkibo.com/?continue=https://kiboengage.cloudkibo.com' successfully

2019-04-21 02:21:05 - [TEST_STEP][PASSED] - click(findTestObject("Page_CloudKibo/a_Login (2) (1) (1)")): Object: 'Object Repository/Page_CloudKibo/a_Login (2) (1) (1)' is clicked on

2019-04-21 02:21:06 - [MESSAGE][PASSED] - Object: 'Object Repository/Page_CloudKibo/a_Login (2) (1) (1)' is clicked on

2019-04-21 02:21:06 - [TEST_STEP][PASSED] - setText(findTestObject("Page_KiboPush/input_email (10) (1) (1)"), "faizan@cloudkibo.com"): Text 'faizan@cloudkibo.com' is set on object 'Object Repository/Page_KiboPush/input_email (10) (1) (1)'

2019-04-21 02:21:07 - [MESSAGE][PASSED] - Text 'faizan@cloudkibo.com' is set on object 'Object Repository/Page_KiboPush/input_email (10) (1) (1)'

2019-04-21 02:21:07 - [TEST_STEP][PASSED] - setEncryptedText(findTestObject("Page_CloudKibo/input_Sign In_password (7)"), "qeJ0sjJnwEs="): Text ****** has been set on object 'Object Repository/Page_CloudKibo/input_Sign In_password (7)'

2019-04-21 02:21:07 - [MESSAGE][PASSED] - Text ****** has been set on object 'Object Repository/Page_CloudKibo/input_Sign In_password (7)'

2019-04-21 02:21:07 - [TEST_STEP][PASSED] - click(findTestObject("Page_KiboPush/button_Sign In (10) (1) (2)")): Object: 'Object Repository/Page_KiboPush/button_Sign In (10) (1) (2)' is clicked on

2019-04-21 02:21:07 - [MESSAGE][PASSED] - Object: 'Object Repository/Page_KiboPush/button_Sign In (10) (1) (2)' is clicked on

2019-04-21 02:21:07 - [TEST_STEP][PASSED] - navigateToUrl("https://kiboengage.cloudkibo.com/dashboard"): Navigate to 'https://kiboengage.cloudkibo.com/dashboard' successfully

2019-04-21 02:21:30 - [MESSAGE][PASSED] - Navigate to 'https://kiboengage.cloudkibo.com/dashboard' successfully

2019-04-21 02:21:30 - [TEST_STEP][PASSED] - click(findTestObject("Page_KiboPush  Dashboard/h3_Dashboard (57)")): Object: 'Object Repository/Page_KiboPush  Dashboard/h3_Dashboard (57)' is clicked on

2019-04-21 02:21:30 - [MESSAGE][PASSED] - Object: 'Object Repository/Page_KiboPush  Dashboard/h3_Dashboard (57)' is clicked on

2019-04-21 02:21:30 - [TEST_STEP][PASSED] - delay(3): Delayed 3 second(s)

2019-04-21 02:21:33 - [MESSAGE][PASSED] - Delayed 3 second(s)

2019-04-21 02:21:33 - [TEST_STEP][PASSED] - click(findTestObject("Page_KiboEngage  Dashboard/a_SMS (2) (1) (1) (1) (3)")): Object: 'Object Repository/Page_KiboEngage  Dashboard/a_SMS (2) (1) (1) (1) (3)' is clicked on

2019-04-21 02:21:33 - [MESSAGE][PASSED] - Object: 'Object Repository/Page_KiboEngage  Dashboard/a_SMS (2) (1) (1) (1) (3)' is clicked on

2019-04-21 02:21:33 - [TEST_STEP][PASSED] - click(findTestObject("Page_KiboEngage  Dashboard/span_Messenger (1) (1) (1) (3)")): Object: 'Object Repository/Page_KiboEngage  Dashboard/span_Messenger (1) (1) (1) (3)' is clicked on

2019-04-21 02:21:33 - [MESSAGE][PASSED] - Object: 'Object Repository/Page_KiboEngage  Dashboard/span_Messenger (1) (1) (1) (3)' is clicked on]]></system-out>
         <system-err><![CDATA[]]></system-err>
      </testcase>
      <testcase name="Test Cases/Template testcases/open broadcasting" classname="Test Cases/Template testcases/open broadcasting" status="PASSED">
         <system-out><![CDATA[2019-04-21 02:21:34 - [TEST_CASE][PASSED] - Test Cases/Template testcases/open broadcasting: Test Cases/Template testcases/open broadcasting

2019-04-21 02:21:34 - [TEST_STEP][PASSED] - click(findTestObject("Page_KiboPush  Dashboard/span_Broadcasting")): Object: 'Object Repository/Page_KiboPush  Dashboard/span_Broadcasting' is clicked on

2019-04-21 02:21:34 - [MESSAGE][PASSED] - Object: 'Object Repository/Page_KiboPush  Dashboard/span_Broadcasting' is clicked on

2019-04-21 02:21:34 - [TEST_STEP][PASSED] - delay(3): Delayed 3 second(s)

2019-04-21 02:21:37 - [MESSAGE][PASSED] - Delayed 3 second(s)]]></system-out>
         <system-err><![CDATA[]]></system-err>
      </testcase>
      <testcase name="Test Cases/Template testcases/TC0760" classname="Test Cases/Template testcases/TC0760" status="PASSED">
         <system-out><![CDATA[2019-04-21 02:21:37 - [TEST_CASE][PASSED] - Test Cases/Template testcases/TC0760: Test Cases/Template testcases/TC0760

2019-04-21 02:21:38 - [TEST_STEP][PASSED] - callTestCase(findTestCase("s-sidebar_navigation/individualAccount/Template"), [:], STOP_ON_FAILURE): Call Test Case 'Test Cases/s-sidebar_navigation/individualAccount/Template' successfully

2019-04-21 02:21:38 - [TEST_CASE][PASSED] - Test Cases/s-sidebar_navigation/individualAccount/Template: Test Cases/s-sidebar_navigation/individualAccount/Template

2019-04-21 02:21:38 - [TEST_STEP][PASSED] - click(findTestObject("Page_KiboPush  Dashboard/span_Broadcasts")): Object: 'Object Repository/Page_KiboPush  Dashboard/span_Broadcasts' is clicked on

2019-04-21 02:21:38 - [MESSAGE][PASSED] - Object: 'Object Repository/Page_KiboPush  Dashboard/span_Broadcasts' is clicked on

2019-04-21 02:21:38 - [TEST_STEP][PASSED] - delay(1): Delayed 1 second(s)

2019-04-21 02:21:39 - [MESSAGE][PASSED] - Delayed 1 second(s)

2019-04-21 02:21:39 - [TEST_STEP][PASSED] - click(findTestObject("Page_KiboPush  Dashboard/span_Templates")): Object: 'Object Repository/Page_KiboPush  Dashboard/span_Templates' is clicked on

2019-04-21 02:21:40 - [MESSAGE][PASSED] - Object: 'Object Repository/Page_KiboPush  Dashboard/span_Templates' is clicked on

2019-04-21 02:21:40 - [TEST_STEP][PASSED] - delay(3): Delayed 3 second(s)

2019-04-21 02:21:43 - [MESSAGE][PASSED] - Delayed 3 second(s)

2019-04-21 02:21:43 - [TEST_STEP][PASSED] - scrollToPosition(0, 0): Browser is scrolled to position x = 0, y = 0

2019-04-21 02:21:43 - [MESSAGE][PASSED] - Browser is scrolled to position x = 0, y = 0

2019-04-21 02:21:43 - [TEST_STEP][PASSED] - click(findTestObject("Object Repository/Page_KiboEngage  Templates/h3_Templates")): Object: 'Object Repository/Page_KiboEngage  Templates/h3_Templates' is clicked on

2019-04-21 02:21:43 - [MESSAGE][PASSED] - Object: 'Object Repository/Page_KiboEngage  Templates/h3_Templates' is clicked on

2019-04-21 02:21:43 - [TEST_STEP][PASSED] - delay(3): Delayed 3 second(s)

2019-04-21 02:21:46 - [MESSAGE][PASSED] - Delayed 3 second(s)

2019-04-21 02:21:46 - [MESSAGE][PASSED] - Call Test Case 'Test Cases/s-sidebar_navigation/individualAccount/Template' successfully

2019-04-21 02:21:46 - [TEST_STEP][PASSED] - driver = getWebDriver(): null

2019-04-21 02:21:46 - [TEST_STEP][PASSED] - rows_table = driver.findElements(By.xpath("//*[@id="local_data"]/table/tbody/tr")): null

2019-04-21 02:21:46 - [TEST_STEP][PASSED] - println(rows_table.size()): null

2019-04-21 02:21:46 - [TEST_STEP][PASSED] - verifyGreaterThanOrEqual(rows_table.size(), 1): Actual number '5' is greater than or equal to expected number '1'

2019-04-21 02:21:46 - [MESSAGE][PASSED] - Actual number '5' is greater than or equal to expected number '1']]></system-out>
         <system-err><![CDATA[]]></system-err>
      </testcase>
      <testcase name="Test Cases/Template testcases/TC0761" classname="Test Cases/Template testcases/TC0761" status="PASSED">
         <system-out><![CDATA[2019-04-21 02:21:46 - [TEST_CASE][PASSED] - Test Cases/Template testcases/TC0761: Test Cases/Template testcases/TC0761

2019-04-21 02:21:47 - [TEST_STEP][PASSED] - callTestCase(findTestCase("s-sidebar_navigation/individualAccount/Template"), [:], STOP_ON_FAILURE): Call Test Case 'Test Cases/s-sidebar_navigation/individualAccount/Template' successfully

2019-04-21 02:21:47 - [TEST_CASE][PASSED] - Test Cases/s-sidebar_navigation/individualAccount/Template: Test Cases/s-sidebar_navigation/individualAccount/Template

2019-04-21 02:21:47 - [TEST_STEP][PASSED] - click(findTestObject("Page_KiboPush  Dashboard/span_Broadcasts")): Object: 'Object Repository/Page_KiboPush  Dashboard/span_Broadcasts' is clicked on

2019-04-21 02:21:47 - [MESSAGE][PASSED] - Object: 'Object Repository/Page_KiboPush  Dashboard/span_Broadcasts' is clicked on

2019-04-21 02:21:47 - [TEST_STEP][PASSED] - delay(1): Delayed 1 second(s)

2019-04-21 02:21:48 - [MESSAGE][PASSED] - Delayed 1 second(s)

2019-04-21 02:21:48 - [TEST_STEP][PASSED] - click(findTestObject("Page_KiboPush  Dashboard/span_Templates")): Object: 'Object Repository/Page_KiboPush  Dashboard/span_Templates' is clicked on

2019-04-21 02:21:48 - [MESSAGE][PASSED] - Object: 'Object Repository/Page_KiboPush  Dashboard/span_Templates' is clicked on

2019-04-21 02:21:48 - [TEST_STEP][PASSED] - delay(3): Delayed 3 second(s)

2019-04-21 02:21:51 - [MESSAGE][PASSED] - Delayed 3 second(s)

2019-04-21 02:21:51 - [TEST_STEP][PASSED] - scrollToPosition(0, 0): Browser is scrolled to position x = 0, y = 0

2019-04-21 02:21:51 - [MESSAGE][PASSED] - Browser is scrolled to position x = 0, y = 0

2019-04-21 02:21:51 - [TEST_STEP][PASSED] - click(findTestObject("Object Repository/Page_KiboEngage  Templates/h3_Templates")): Object: 'Object Repository/Page_KiboEngage  Templates/h3_Templates' is clicked on

2019-04-21 02:21:51 - [MESSAGE][PASSED] - Object: 'Object Repository/Page_KiboEngage  Templates/h3_Templates' is clicked on

2019-04-21 02:21:51 - [TEST_STEP][PASSED] - delay(3): Delayed 3 second(s)

2019-04-21 02:21:55 - [MESSAGE][PASSED] - Delayed 3 second(s)

2019-04-21 02:21:55 - [MESSAGE][PASSED] - Call Test Case 'Test Cases/s-sidebar_navigation/individualAccount/Template' successfully

2019-04-21 02:21:55 - [TEST_STEP][PASSED] - driver = getWebDriver(): null

2019-04-21 02:21:55 - [TEST_STEP][PASSED] - rows_table = driver.findElements(By.xpath("//*[@id="content"]/div/div/div/div[2]/div[3]/div[2]/div[2]/div/div[2]/div[2]/div[2]/table/tbody/tr")): null

2019-04-21 02:21:55 - [TEST_STEP][PASSED] - println(rows_table.size()): null

2019-04-21 02:21:55 - [TEST_STEP][PASSED] - verifyGreaterThanOrEqual(rows_table.size(), 1): Actual number '2' is greater than or equal to expected number '1'

2019-04-21 02:21:55 - [MESSAGE][PASSED] - Actual number '2' is greater than or equal to expected number '1']]></system-out>
         <system-err><![CDATA[]]></system-err>
      </testcase>
      <testcase name="Test Cases/Template testcases/TC0762" classname="Test Cases/Template testcases/TC0762" status="PASSED">
         <system-out><![CDATA[2019-04-21 02:21:55 - [TEST_CASE][PASSED] - Test Cases/Template testcases/TC0762: Test Cases/Template testcases/TC0762

2019-04-21 02:21:55 - [TEST_STEP][PASSED] - callTestCase(findTestCase("s-sidebar_navigation/individualAccount/Template"), [:], STOP_ON_FAILURE): Call Test Case 'Test Cases/s-sidebar_navigation/individualAccount/Template' successfully

2019-04-21 02:21:55 - [TEST_CASE][PASSED] - Test Cases/s-sidebar_navigation/individualAccount/Template: Test Cases/s-sidebar_navigation/individualAccount/Template

2019-04-21 02:21:55 - [TEST_STEP][PASSED] - click(findTestObject("Page_KiboPush  Dashboard/span_Broadcasts")): Object: 'Object Repository/Page_KiboPush  Dashboard/span_Broadcasts' is clicked on

2019-04-21 02:21:56 - [MESSAGE][PASSED] - Object: 'Object Repository/Page_KiboPush  Dashboard/span_Broadcasts' is clicked on

2019-04-21 02:21:56 - [TEST_STEP][PASSED] - delay(1): Delayed 1 second(s)

2019-04-21 02:21:57 - [MESSAGE][PASSED] - Delayed 1 second(s)

2019-04-21 02:21:57 - [TEST_STEP][PASSED] - click(findTestObject("Page_KiboPush  Dashboard/span_Templates")): Object: 'Object Repository/Page_KiboPush  Dashboard/span_Templates' is clicked on

2019-04-21 02:21:57 - [MESSAGE][PASSED] - Object: 'Object Repository/Page_KiboPush  Dashboard/span_Templates' is clicked on

2019-04-21 02:21:57 - [TEST_STEP][PASSED] - delay(3): Delayed 3 second(s)

2019-04-21 02:22:00 - [MESSAGE][PASSED] - Delayed 3 second(s)

2019-04-21 02:22:00 - [TEST_STEP][PASSED] - scrollToPosition(0, 0): Browser is scrolled to position x = 0, y = 0

2019-04-21 02:22:00 - [MESSAGE][PASSED] - Browser is scrolled to position x = 0, y = 0

2019-04-21 02:22:00 - [TEST_STEP][PASSED] - click(findTestObject("Object Repository/Page_KiboEngage  Templates/h3_Templates")): Object: 'Object Repository/Page_KiboEngage  Templates/h3_Templates' is clicked on

2019-04-21 02:22:00 - [MESSAGE][PASSED] - Object: 'Object Repository/Page_KiboEngage  Templates/h3_Templates' is clicked on

2019-04-21 02:22:00 - [TEST_STEP][PASSED] - delay(3): Delayed 3 second(s)

2019-04-21 02:22:03 - [MESSAGE][PASSED] - Delayed 3 second(s)

2019-04-21 02:22:03 - [MESSAGE][PASSED] - Call Test Case 'Test Cases/s-sidebar_navigation/individualAccount/Template' successfully

2019-04-21 02:22:03 - [TEST_STEP][PASSED] - driver = getWebDriver(): null

2019-04-21 02:22:03 - [TEST_STEP][PASSED] - rows_table = driver.findElements(By.xpath("//*[@id="content"]/div/div/div/div[2]/div[3]/div[3]/div[2]/div/div[2]/div[2]/div[2]/table/tbody/tr")): null

2019-04-21 02:22:03 - [TEST_STEP][PASSED] - println(rows_table.size()): null

2019-04-21 02:22:03 - [TEST_STEP][PASSED] - verifyGreaterThanOrEqual(rows_table.size(), 1): Actual number '5' is greater than or equal to expected number '1'

2019-04-21 02:22:03 - [MESSAGE][PASSED] - Actual number '5' is greater than or equal to expected number '1']]></system-out>
         <system-err><![CDATA[]]></system-err>
      </testcase>
      <testcase name="Test Cases/Template testcases/TC0763" classname="Test Cases/Template testcases/TC0763" status="PASSED">
         <system-out><![CDATA[2019-04-21 02:22:03 - [TEST_CASE][PASSED] - Test Cases/Template testcases/TC0763: Test Cases/Template testcases/TC0763

2019-04-21 02:22:04 - [TEST_STEP][PASSED] - callTestCase(findTestCase("s-sidebar_navigation/individualAccount/Template"), [:], STOP_ON_FAILURE): Call Test Case 'Test Cases/s-sidebar_navigation/individualAccount/Template' successfully

2019-04-21 02:22:04 - [TEST_CASE][PASSED] - Test Cases/s-sidebar_navigation/individualAccount/Template: Test Cases/s-sidebar_navigation/individualAccount/Template

2019-04-21 02:22:04 - [TEST_STEP][PASSED] - click(findTestObject("Page_KiboPush  Dashboard/span_Broadcasts")): Object: 'Object Repository/Page_KiboPush  Dashboard/span_Broadcasts' is clicked on

2019-04-21 02:22:04 - [MESSAGE][PASSED] - Object: 'Object Repository/Page_KiboPush  Dashboard/span_Broadcasts' is clicked on

2019-04-21 02:22:04 - [TEST_STEP][PASSED] - delay(1): Delayed 1 second(s)

2019-04-21 02:22:05 - [MESSAGE][PASSED] - Delayed 1 second(s)

2019-04-21 02:22:05 - [TEST_STEP][PASSED] - click(findTestObject("Page_KiboPush  Dashboard/span_Templates")): Object: 'Object Repository/Page_KiboPush  Dashboard/span_Templates' is clicked on

2019-04-21 02:22:05 - [MESSAGE][PASSED] - Object: 'Object Repository/Page_KiboPush  Dashboard/span_Templates' is clicked on

2019-04-21 02:22:05 - [TEST_STEP][PASSED] - delay(3): Delayed 3 second(s)

2019-04-21 02:22:08 - [MESSAGE][PASSED] - Delayed 3 second(s)

2019-04-21 02:22:08 - [TEST_STEP][PASSED] - scrollToPosition(0, 0): Browser is scrolled to position x = 0, y = 0

2019-04-21 02:22:08 - [MESSAGE][PASSED] - Browser is scrolled to position x = 0, y = 0

2019-04-21 02:22:08 - [TEST_STEP][PASSED] - click(findTestObject("Object Repository/Page_KiboEngage  Templates/h3_Templates")): Object: 'Object Repository/Page_KiboEngage  Templates/h3_Templates' is clicked on

2019-04-21 02:22:09 - [MESSAGE][PASSED] - Object: 'Object Repository/Page_KiboEngage  Templates/h3_Templates' is clicked on

2019-04-21 02:22:09 - [TEST_STEP][PASSED] - delay(3): Delayed 3 second(s)

2019-04-21 02:22:12 - [MESSAGE][PASSED] - Delayed 3 second(s)

2019-04-21 02:22:12 - [MESSAGE][PASSED] - Call Test Case 'Test Cases/s-sidebar_navigation/individualAccount/Template' successfully

2019-04-21 02:22:12 - [TEST_STEP][PASSED] - setText(findTestObject("Page_KiboPush  Dashboard/input_form-control m-input m-i"), "Social Message Template"): Text 'Social Message Template' is set on object 'Object Repository/Page_KiboPush  Dashboard/input_form-control m-input m-i'

2019-04-21 02:22:13 - [MESSAGE][PASSED] - Text 'Social Message Template' is set on object 'Object Repository/Page_KiboPush  Dashboard/input_form-control m-input m-i'

2019-04-21 02:22:13 - [TEST_STEP][PASSED] - delay(2): Delayed 2 second(s)

2019-04-21 02:22:15 - [MESSAGE][PASSED] - Delayed 2 second(s)

2019-04-21 02:22:15 - [TEST_STEP][PASSED] - driver = getWebDriver(): null

2019-04-21 02:22:15 - [TEST_STEP][PASSED] - rows_table = driver.findElements(By.xpath("//*[@id="local_data"]/table/tbody/tr")): null

2019-04-21 02:22:15 - [TEST_STEP][PASSED] - println(rows_table.size()): null

2019-04-21 02:22:15 - [TEST_STEP][PASSED] - verifyEqual(rows_table.size(), 1): Actual object '1' and expected object '1' are equal

2019-04-21 02:22:15 - [MESSAGE][PASSED] - Actual object '1' and expected object '1' are equal]]></system-out>
         <system-err><![CDATA[]]></system-err>
      </testcase>
      <testcase name="Test Cases/Template testcases/TC0764" classname="Test Cases/Template testcases/TC0764" status="FAILED">
         <failure type="FAILED" message="Test Cases/Template testcases/TC0764 FAILED.
Reason:
com.kms.katalon.core.exception.StepFailedException: Unable to select option by value 'Research' of object 'Object Repository/Page_KiboEngage  Templates/select_filter_template_broadcast_templates'  using regular expression
	at com.kms.katalon.core.webui.keyword.internal.WebUIKeywordMain.stepFailed(WebUIKeywordMain.groovy:64)
	at com.kms.katalon.core.webui.keyword.internal.WebUIKeywordMain.runKeyword(WebUIKeywordMain.groovy:26)
	at com.kms.katalon.core.webui.keyword.builtin.SelectOptionByValueKeyword.selectOptionByValue(SelectOptionByValueKeyword.groovy:99)
	at com.kms.katalon.core.webui.keyword.builtin.SelectOptionByValueKeyword.execute(SelectOptionByValueKeyword.groovy:71)
	at com.kms.katalon.core.keyword.internal.KeywordExecutor.executeKeywordForPlatform(KeywordExecutor.groovy:56)
	at com.kms.katalon.core.webui.keyword.WebUiBuiltInKeywords.selectOptionByValue(WebUiBuiltInKeywords.groovy:1138)
	at com.kms.katalon.core.webui.keyword.WebUiBuiltInKeywords$selectOptionByValue$6.call(Unknown Source)
	at TC0764.run(TC0764:32)
	at com.kms.katalon.core.main.ScriptEngine.run(ScriptEngine.java:194)
	at com.kms.katalon.core.main.ScriptEngine.runScriptAsRawText(ScriptEngine.java:119)
	at com.kms.katalon.core.main.TestCaseExecutor.runScript(TestCaseExecutor.java:336)
	at com.kms.katalon.core.main.TestCaseExecutor.doExecute(TestCaseExecutor.java:327)
	at com.kms.katalon.core.main.TestCaseExecutor.processExecutionPhase(TestCaseExecutor.java:306)
	at com.kms.katalon.core.main.TestCaseExecutor.accessMainPhase(TestCaseExecutor.java:298)
	at com.kms.katalon.core.main.TestCaseExecutor.execute(TestCaseExecutor.java:232)
	at com.kms.katalon.core.main.TestSuiteExecutor.accessTestCaseMainPhase(TestSuiteExecutor.java:129)
	at com.kms.katalon.core.main.TestSuiteExecutor.accessTestSuiteMainPhase(TestSuiteExecutor.java:112)
	at com.kms.katalon.core.main.TestSuiteExecutor.execute(TestSuiteExecutor.java:81)
	at com.kms.katalon.core.main.TestCaseMain.startTestSuite(TestCaseMain.java:157)
	at com.kms.katalon.core.main.TestCaseMain$startTestSuite$0.call(Unknown Source)
	at TempTestSuite1555795243480.run(TempTestSuite1555795243480.groovy:35)
Caused by: com.kms.katalon.core.webui.exception.WebElementNotFoundException: Web element with id: 'Object Repository/Page_KiboEngage  Templates/select_filter_template_broadcast_templates' located by 'By.xpath: //select[@id = 'm_form_status' and (text() = 'Filter by Category...AllFeedbackEntertain and EngagePromotion UpdatesPlan EventsCustomer SatisfactionGreetingsSocial MessagePromotionsInformationFollow UpWelcomeGeneralreseachhellhelwqfacebookHoliday GreetingstestingReaserchResearch' or . = 'Filter by Category...AllFeedbackEntertain and EngagePromotion UpdatesPlan EventsCustomer SatisfactionGreetingsSocial MessagePromotionsInformationFollow UpWelcomeGeneralreseachhellhelwqfacebookHoliday GreetingstestingReaserchResearch')]' not found
	at com.kms.katalon.core.webui.common.WebUiCommonHelper.findWebElement(WebUiCommonHelper.java:1097)
	at com.kms.katalon.core.webui.keyword.internal.WebUIAbstractKeyword.findWebElement(WebUIAbstractKeyword.groovy:27)
	at com.kms.katalon.core.webui.keyword.internal.WebUIAbstractKeyword.findWebElement(WebUIAbstractKeyword.groovy:26)
	at com.kms.katalon.core.webui.keyword.builtin.SelectOptionByValueKeyword$_selectOptionByValue_closure1.doCall(SelectOptionByValueKeyword.groovy:86)
	at com.kms.katalon.core.webui.keyword.builtin.SelectOptionByValueKeyword$_selectOptionByValue_closure1.call(SelectOptionByValueKeyword.groovy)
	at com.kms.katalon.core.webui.keyword.internal.WebUIKeywordMain.runKeyword(WebUIKeywordMain.groovy:20)
	at com.kms.katalon.core.webui.keyword.builtin.SelectOptionByValueKeyword.selectOptionByValue(SelectOptionByValueKeyword.groovy:99)
	at com.kms.katalon.core.webui.keyword.builtin.SelectOptionByValueKeyword.execute(SelectOptionByValueKeyword.groovy:71)
	at com.kms.katalon.core.keyword.internal.KeywordExecutor.executeKeywordForPlatform(KeywordExecutor.groovy:56)
	at com.kms.katalon.core.webui.keyword.WebUiBuiltInKeywords.selectOptionByValue(WebUiBuiltInKeywords.groovy:1138)
	at com.kms.katalon.core.webui.keyword.WebUiBuiltInKeywords$selectOptionByValue$6.call(Unknown Source)
	at Script1536971519918.run(Script1536971519918.groovy:32)
	... 13 more
"/>
         <system-out><![CDATA[2019-04-21 02:22:15 - [TEST_CASE][FAILED] - Test Cases/Template testcases/TC0764: Test Cases/Template testcases/TC0764 FAILED.
Reason:
com.kms.katalon.core.exception.StepFailedException: Unable to select option by value 'Research' of object 'Object Repository/Page_KiboEngage  Templates/select_filter_template_broadcast_templates'  using regular expression
	at com.kms.katalon.core.webui.keyword.internal.WebUIKeywordMain.stepFailed(WebUIKeywordMain.groovy:64)
	at com.kms.katalon.core.webui.keyword.internal.WebUIKeywordMain.runKeyword(WebUIKeywordMain.groovy:26)
	at com.kms.katalon.core.webui.keyword.builtin.SelectOptionByValueKeyword.selectOptionByValue(SelectOptionByValueKeyword.groovy:99)
	at com.kms.katalon.core.webui.keyword.builtin.SelectOptionByValueKeyword.execute(SelectOptionByValueKeyword.groovy:71)
	at com.kms.katalon.core.keyword.internal.KeywordExecutor.executeKeywordForPlatform(KeywordExecutor.groovy:56)
	at com.kms.katalon.core.webui.keyword.WebUiBuiltInKeywords.selectOptionByValue(WebUiBuiltInKeywords.groovy:1138)
	at com.kms.katalon.core.webui.keyword.WebUiBuiltInKeywords$selectOptionByValue$6.call(Unknown Source)
	at TC0764.run(TC0764:32)
	at com.kms.katalon.core.main.ScriptEngine.run(ScriptEngine.java:194)
	at com.kms.katalon.core.main.ScriptEngine.runScriptAsRawText(ScriptEngine.java:119)
	at com.kms.katalon.core.main.TestCaseExecutor.runScript(TestCaseExecutor.java:336)
	at com.kms.katalon.core.main.TestCaseExecutor.doExecute(TestCaseExecutor.java:327)
	at com.kms.katalon.core.main.TestCaseExecutor.processExecutionPhase(TestCaseExecutor.java:306)
	at com.kms.katalon.core.main.TestCaseExecutor.accessMainPhase(TestCaseExecutor.java:298)
	at com.kms.katalon.core.main.TestCaseExecutor.execute(TestCaseExecutor.java:232)
	at com.kms.katalon.core.main.TestSuiteExecutor.accessTestCaseMainPhase(TestSuiteExecutor.java:129)
	at com.kms.katalon.core.main.TestSuiteExecutor.accessTestSuiteMainPhase(TestSuiteExecutor.java:112)
	at com.kms.katalon.core.main.TestSuiteExecutor.execute(TestSuiteExecutor.java:81)
	at com.kms.katalon.core.main.TestCaseMain.startTestSuite(TestCaseMain.java:157)
	at com.kms.katalon.core.main.TestCaseMain$startTestSuite$0.call(Unknown Source)
	at TempTestSuite1555795243480.run(TempTestSuite1555795243480.groovy:35)
Caused by: com.kms.katalon.core.webui.exception.WebElementNotFoundException: Web element with id: 'Object Repository/Page_KiboEngage  Templates/select_filter_template_broadcast_templates' located by 'By.xpath: //select[@id = 'm_form_status' and (text() = 'Filter by Category...AllFeedbackEntertain and EngagePromotion UpdatesPlan EventsCustomer SatisfactionGreetingsSocial MessagePromotionsInformationFollow UpWelcomeGeneralreseachhellhelwqfacebookHoliday GreetingstestingReaserchResearch' or . = 'Filter by Category...AllFeedbackEntertain and EngagePromotion UpdatesPlan EventsCustomer SatisfactionGreetingsSocial MessagePromotionsInformationFollow UpWelcomeGeneralreseachhellhelwqfacebookHoliday GreetingstestingReaserchResearch')]' not found
	at com.kms.katalon.core.webui.common.WebUiCommonHelper.findWebElement(WebUiCommonHelper.java:1097)
	at com.kms.katalon.core.webui.keyword.internal.WebUIAbstractKeyword.findWebElement(WebUIAbstractKeyword.groovy:27)
	at com.kms.katalon.core.webui.keyword.internal.WebUIAbstractKeyword.findWebElement(WebUIAbstractKeyword.groovy:26)
	at com.kms.katalon.core.webui.keyword.builtin.SelectOptionByValueKeyword$_selectOptionByValue_closure1.doCall(SelectOptionByValueKeyword.groovy:86)
	at com.kms.katalon.core.webui.keyword.builtin.SelectOptionByValueKeyword$_selectOptionByValue_closure1.call(SelectOptionByValueKeyword.groovy)
	at com.kms.katalon.core.webui.keyword.internal.WebUIKeywordMain.runKeyword(WebUIKeywordMain.groovy:20)
	at com.kms.katalon.core.webui.keyword.builtin.SelectOptionByValueKeyword.selectOptionByValue(SelectOptionByValueKeyword.groovy:99)
	at com.kms.katalon.core.webui.keyword.builtin.SelectOptionByValueKeyword.execute(SelectOptionByValueKeyword.groovy:71)
	at com.kms.katalon.core.keyword.internal.KeywordExecutor.executeKeywordForPlatform(KeywordExecutor.groovy:56)
	at com.kms.katalon.core.webui.keyword.WebUiBuiltInKeywords.selectOptionByValue(WebUiBuiltInKeywords.groovy:1138)
	at com.kms.katalon.core.webui.keyword.WebUiBuiltInKeywords$selectOptionByValue$6.call(Unknown Source)
	at Script1536971519918.run(Script1536971519918.groovy:32)
	... 13 more


2019-04-21 02:22:15 - [TEST_STEP][PASSED] - callTestCase(findTestCase("s-sidebar_navigation/individualAccount/Template"), [:], STOP_ON_FAILURE): Call Test Case 'Test Cases/s-sidebar_navigation/individualAccount/Template' successfully

2019-04-21 02:22:15 - [TEST_CASE][PASSED] - Test Cases/s-sidebar_navigation/individualAccount/Template: Test Cases/s-sidebar_navigation/individualAccount/Template

2019-04-21 02:22:15 - [TEST_STEP][PASSED] - click(findTestObject("Page_KiboPush  Dashboard/span_Broadcasts")): Object: 'Object Repository/Page_KiboPush  Dashboard/span_Broadcasts' is clicked on

2019-04-21 02:22:16 - [MESSAGE][PASSED] - Object: 'Object Repository/Page_KiboPush  Dashboard/span_Broadcasts' is clicked on

2019-04-21 02:22:16 - [TEST_STEP][PASSED] - delay(1): Delayed 1 second(s)

2019-04-21 02:22:17 - [MESSAGE][PASSED] - Delayed 1 second(s)

2019-04-21 02:22:17 - [TEST_STEP][PASSED] - click(findTestObject("Page_KiboPush  Dashboard/span_Templates")): Object: 'Object Repository/Page_KiboPush  Dashboard/span_Templates' is clicked on

2019-04-21 02:22:17 - [MESSAGE][PASSED] - Object: 'Object Repository/Page_KiboPush  Dashboard/span_Templates' is clicked on

2019-04-21 02:22:17 - [TEST_STEP][PASSED] - delay(3): Delayed 3 second(s)

2019-04-21 02:22:20 - [MESSAGE][PASSED] - Delayed 3 second(s)

2019-04-21 02:22:20 - [TEST_STEP][PASSED] - scrollToPosition(0, 0): Browser is scrolled to position x = 0, y = 0

2019-04-21 02:22:20 - [MESSAGE][PASSED] - Browser is scrolled to position x = 0, y = 0

2019-04-21 02:22:20 - [TEST_STEP][PASSED] - click(findTestObject("Object Repository/Page_KiboEngage  Templates/h3_Templates")): Object: 'Object Repository/Page_KiboEngage  Templates/h3_Templates' is clicked on

2019-04-21 02:22:20 - [MESSAGE][PASSED] - Object: 'Object Repository/Page_KiboEngage  Templates/h3_Templates' is clicked on

2019-04-21 02:22:20 - [TEST_STEP][PASSED] - delay(3): Delayed 3 second(s)

2019-04-21 02:22:23 - [MESSAGE][PASSED] - Delayed 3 second(s)

2019-04-21 02:22:23 - [MESSAGE][PASSED] - Call Test Case 'Test Cases/s-sidebar_navigation/individualAccount/Template' successfully

2019-04-21 02:22:23 - [TEST_STEP][FAILED] - selectOptionByValue(findTestObject("Object Repository/Page_KiboEngage  Templates/select_filter_template_broadcast_templates"), "Research", true): Unable to select option by value 'Research' of object 'Object Repository/Page_KiboEngage  Templates/select_filter_template_broadcast_templates'  using regular expression (Root cause: com.kms.katalon.core.exception.StepFailedException: Unable to select option by value 'Research' of object 'Object Repository/Page_KiboEngage  Templates/select_filter_template_broadcast_templates'  using regular expression
	at com.kms.katalon.core.webui.keyword.internal.WebUIKeywordMain.stepFailed(WebUIKeywordMain.groovy:64)
	at com.kms.katalon.core.webui.keyword.internal.WebUIKeywordMain.runKeyword(WebUIKeywordMain.groovy:26)
	at com.kms.katalon.core.webui.keyword.builtin.SelectOptionByValueKeyword.selectOptionByValue(SelectOptionByValueKeyword.groovy:99)
	at com.kms.katalon.core.webui.keyword.builtin.SelectOptionByValueKeyword.execute(SelectOptionByValueKeyword.groovy:71)
	at com.kms.katalon.core.keyword.internal.KeywordExecutor.executeKeywordForPlatform(KeywordExecutor.groovy:56)
	at com.kms.katalon.core.webui.keyword.WebUiBuiltInKeywords.selectOptionByValue(WebUiBuiltInKeywords.groovy:1138)
	at com.kms.katalon.core.webui.keyword.WebUiBuiltInKeywords$selectOptionByValue$6.call(Unknown Source)
	at TC0764.run(TC0764:32)
	at com.kms.katalon.core.main.ScriptEngine.run(ScriptEngine.java:194)
	at com.kms.katalon.core.main.ScriptEngine.runScriptAsRawText(ScriptEngine.java:119)
	at com.kms.katalon.core.main.TestCaseExecutor.runScript(TestCaseExecutor.java:336)
	at com.kms.katalon.core.main.TestCaseExecutor.doExecute(TestCaseExecutor.java:327)
	at com.kms.katalon.core.main.TestCaseExecutor.processExecutionPhase(TestCaseExecutor.java:306)
	at com.kms.katalon.core.main.TestCaseExecutor.accessMainPhase(TestCaseExecutor.java:298)
	at com.kms.katalon.core.main.TestCaseExecutor.execute(TestCaseExecutor.java:232)
	at com.kms.katalon.core.main.TestSuiteExecutor.accessTestCaseMainPhase(TestSuiteExecutor.java:129)
	at com.kms.katalon.core.main.TestSuiteExecutor.accessTestSuiteMainPhase(TestSuiteExecutor.java:112)
	at com.kms.katalon.core.main.TestSuiteExecutor.execute(TestSuiteExecutor.java:81)
	at com.kms.katalon.core.main.TestCaseMain.startTestSuite(TestCaseMain.java:157)
	at com.kms.katalon.core.main.TestCaseMain$startTestSuite$0.call(Unknown Source)
	at TempTestSuite1555795243480.run(TempTestSuite1555795243480.groovy:35)
Caused by: com.kms.katalon.core.webui.exception.WebElementNotFoundException: Web element with id: 'Object Repository/Page_KiboEngage  Templates/select_filter_template_broadcast_templates' located by 'By.xpath: //select[@id = 'm_form_status' and (text() = 'Filter by Category...AllFeedbackEntertain and EngagePromotion UpdatesPlan EventsCustomer SatisfactionGreetingsSocial MessagePromotionsInformationFollow UpWelcomeGeneralreseachhellhelwqfacebookHoliday GreetingstestingReaserchResearch' or . = 'Filter by Category...AllFeedbackEntertain and EngagePromotion UpdatesPlan EventsCustomer SatisfactionGreetingsSocial MessagePromotionsInformationFollow UpWelcomeGeneralreseachhellhelwqfacebookHoliday GreetingstestingReaserchResearch')]' not found
	at com.kms.katalon.core.webui.common.WebUiCommonHelper.findWebElement(WebUiCommonHelper.java:1097)
	at com.kms.katalon.core.webui.keyword.internal.WebUIAbstractKeyword.findWebElement(WebUIAbstractKeyword.groovy:27)
	at com.kms.katalon.core.webui.keyword.internal.WebUIAbstractKeyword.findWebElement(WebUIAbstractKeyword.groovy:26)
	at com.kms.katalon.core.webui.keyword.builtin.SelectOptionByValueKeyword$_selectOptionByValue_closure1.doCall(SelectOptionByValueKeyword.groovy:86)
	at com.kms.katalon.core.webui.keyword.builtin.SelectOptionByValueKeyword$_selectOptionByValue_closure1.call(SelectOptionByValueKeyword.groovy)
	at com.kms.katalon.core.webui.keyword.internal.WebUIKeywordMain.runKeyword(WebUIKeywordMain.groovy:20)
	at com.kms.katalon.core.webui.keyword.builtin.SelectOptionByValueKeyword.selectOptionByValue(SelectOptionByValueKeyword.groovy:99)
	at com.kms.katalon.core.webui.keyword.builtin.SelectOptionByValueKeyword.execute(SelectOptionByValueKeyword.groovy:71)
	at com.kms.katalon.core.keyword.internal.KeywordExecutor.executeKeywordForPlatform(KeywordExecutor.groovy:56)
	at com.kms.katalon.core.webui.keyword.WebUiBuiltInKeywords.selectOptionByValue(WebUiBuiltInKeywords.groovy:1138)
	at com.kms.katalon.core.webui.keyword.WebUiBuiltInKeywords$selectOptionByValue$6.call(Unknown Source)
	at Script1536971519918.run(Script1536971519918.groovy:32)
	... 13 more
)

2019-04-21 02:22:54 - [MESSAGE][INFO] - Unable to find the element located by 'By.xpath: //select[@id = 'm_form_status' and (text() = 'Filter by Category...AllFeedbackEntertain and EngagePromotion UpdatesPlan EventsCustomer SatisfactionGreetingsSocial MessagePromotionsInformationFollow UpWelcomeGeneralreseachhellhelwqfacebookHoliday GreetingstestingReaserchResearch' or . = 'Filter by Category...AllFeedbackEntertain and EngagePromotion UpdatesPlan EventsCustomer SatisfactionGreetingsSocial MessagePromotionsInformationFollow UpWelcomeGeneralreseachhellhelwqfacebookHoliday GreetingstestingReaserchResearch')]'. Please recheck the objects properties to make sure the desired element is located. 

2019-04-21 02:22:55 - [MESSAGE][FAILED] - Unable to select option by value 'Research' of object 'Object Repository/Page_KiboEngage  Templates/select_filter_template_broadcast_templates'  using regular expression (Root cause: com.kms.katalon.core.exception.StepFailedException: Unable to select option by value 'Research' of object 'Object Repository/Page_KiboEngage  Templates/select_filter_template_broadcast_templates'  using regular expression
	at com.kms.katalon.core.webui.keyword.internal.WebUIKeywordMain.stepFailed(WebUIKeywordMain.groovy:64)
	at com.kms.katalon.core.webui.keyword.internal.WebUIKeywordMain.runKeyword(WebUIKeywordMain.groovy:26)
	at com.kms.katalon.core.webui.keyword.builtin.SelectOptionByValueKeyword.selectOptionByValue(SelectOptionByValueKeyword.groovy:99)
	at com.kms.katalon.core.webui.keyword.builtin.SelectOptionByValueKeyword.execute(SelectOptionByValueKeyword.groovy:71)
	at com.kms.katalon.core.keyword.internal.KeywordExecutor.executeKeywordForPlatform(KeywordExecutor.groovy:56)
	at com.kms.katalon.core.webui.keyword.WebUiBuiltInKeywords.selectOptionByValue(WebUiBuiltInKeywords.groovy:1138)
	at com.kms.katalon.core.webui.keyword.WebUiBuiltInKeywords$selectOptionByValue$6.call(Unknown Source)
	at TC0764.run(TC0764:32)
	at com.kms.katalon.core.main.ScriptEngine.run(ScriptEngine.java:194)
	at com.kms.katalon.core.main.ScriptEngine.runScriptAsRawText(ScriptEngine.java:119)
	at com.kms.katalon.core.main.TestCaseExecutor.runScript(TestCaseExecutor.java:336)
	at com.kms.katalon.core.main.TestCaseExecutor.doExecute(TestCaseExecutor.java:327)
	at com.kms.katalon.core.main.TestCaseExecutor.processExecutionPhase(TestCaseExecutor.java:306)
	at com.kms.katalon.core.main.TestCaseExecutor.accessMainPhase(TestCaseExecutor.java:298)
	at com.kms.katalon.core.main.TestCaseExecutor.execute(TestCaseExecutor.java:232)
	at com.kms.katalon.core.main.TestSuiteExecutor.accessTestCaseMainPhase(TestSuiteExecutor.java:129)
	at com.kms.katalon.core.main.TestSuiteExecutor.accessTestSuiteMainPhase(TestSuiteExecutor.java:112)
	at com.kms.katalon.core.main.TestSuiteExecutor.execute(TestSuiteExecutor.java:81)
	at com.kms.katalon.core.main.TestCaseMain.startTestSuite(TestCaseMain.java:157)
	at com.kms.katalon.core.main.TestCaseMain$startTestSuite$0.call(Unknown Source)
	at TempTestSuite1555795243480.run(TempTestSuite1555795243480.groovy:35)
Caused by: com.kms.katalon.core.webui.exception.WebElementNotFoundException: Web element with id: 'Object Repository/Page_KiboEngage  Templates/select_filter_template_broadcast_templates' located by 'By.xpath: //select[@id = 'm_form_status' and (text() = 'Filter by Category...AllFeedbackEntertain and EngagePromotion UpdatesPlan EventsCustomer SatisfactionGreetingsSocial MessagePromotionsInformationFollow UpWelcomeGeneralreseachhellhelwqfacebookHoliday GreetingstestingReaserchResearch' or . = 'Filter by Category...AllFeedbackEntertain and EngagePromotion UpdatesPlan EventsCustomer SatisfactionGreetingsSocial MessagePromotionsInformationFollow UpWelcomeGeneralreseachhellhelwqfacebookHoliday GreetingstestingReaserchResearch')]' not found
	at com.kms.katalon.core.webui.common.WebUiCommonHelper.findWebElement(WebUiCommonHelper.java:1097)
	at com.kms.katalon.core.webui.keyword.internal.WebUIAbstractKeyword.findWebElement(WebUIAbstractKeyword.groovy:27)
	at com.kms.katalon.core.webui.keyword.internal.WebUIAbstractKeyword.findWebElement(WebUIAbstractKeyword.groovy:26)
	at com.kms.katalon.core.webui.keyword.builtin.SelectOptionByValueKeyword$_selectOptionByValue_closure1.doCall(SelectOptionByValueKeyword.groovy:86)
	at com.kms.katalon.core.webui.keyword.builtin.SelectOptionByValueKeyword$_selectOptionByValue_closure1.call(SelectOptionByValueKeyword.groovy)
	at com.kms.katalon.core.webui.keyword.internal.WebUIKeywordMain.runKeyword(WebUIKeywordMain.groovy:20)
	at com.kms.katalon.core.webui.keyword.builtin.SelectOptionByValueKeyword.selectOptionByValue(SelectOptionByValueKeyword.groovy:99)
	at com.kms.katalon.core.webui.keyword.builtin.SelectOptionByValueKeyword.execute(SelectOptionByValueKeyword.groovy:71)
	at com.kms.katalon.core.keyword.internal.KeywordExecutor.executeKeywordForPlatform(KeywordExecutor.groovy:56)
	at com.kms.katalon.core.webui.keyword.WebUiBuiltInKeywords.selectOptionByValue(WebUiBuiltInKeywords.groovy:1138)
	at com.kms.katalon.core.webui.keyword.WebUiBuiltInKeywords$selectOptionByValue$6.call(Unknown Source)
	at Script1536971519918.run(Script1536971519918.groovy:32)
	... 13 more
)
[[ATTACHMENT|/home/faizan/Drive/KiboPush_Automated_Testing/KiboPush Katalon/Reports/Faizan Suits/Template/20190421_022043/1555795374805.png]]]]></system-out>
         <system-err><![CDATA[2019-04-21 02:22:15 - [TEST_CASE][FAILED] - Test Cases/Template testcases/TC0764: Test Cases/Template testcases/TC0764 FAILED.
Reason:
com.kms.katalon.core.exception.StepFailedException: Unable to select option by value 'Research' of object 'Object Repository/Page_KiboEngage  Templates/select_filter_template_broadcast_templates'  using regular expression
	at com.kms.katalon.core.webui.keyword.internal.WebUIKeywordMain.stepFailed(WebUIKeywordMain.groovy:64)
	at com.kms.katalon.core.webui.keyword.internal.WebUIKeywordMain.runKeyword(WebUIKeywordMain.groovy:26)
	at com.kms.katalon.core.webui.keyword.builtin.SelectOptionByValueKeyword.selectOptionByValue(SelectOptionByValueKeyword.groovy:99)
	at com.kms.katalon.core.webui.keyword.builtin.SelectOptionByValueKeyword.execute(SelectOptionByValueKeyword.groovy:71)
	at com.kms.katalon.core.keyword.internal.KeywordExecutor.executeKeywordForPlatform(KeywordExecutor.groovy:56)
	at com.kms.katalon.core.webui.keyword.WebUiBuiltInKeywords.selectOptionByValue(WebUiBuiltInKeywords.groovy:1138)
	at com.kms.katalon.core.webui.keyword.WebUiBuiltInKeywords$selectOptionByValue$6.call(Unknown Source)
	at TC0764.run(TC0764:32)
	at com.kms.katalon.core.main.ScriptEngine.run(ScriptEngine.java:194)
	at com.kms.katalon.core.main.ScriptEngine.runScriptAsRawText(ScriptEngine.java:119)
	at com.kms.katalon.core.main.TestCaseExecutor.runScript(TestCaseExecutor.java:336)
	at com.kms.katalon.core.main.TestCaseExecutor.doExecute(TestCaseExecutor.java:327)
	at com.kms.katalon.core.main.TestCaseExecutor.processExecutionPhase(TestCaseExecutor.java:306)
	at com.kms.katalon.core.main.TestCaseExecutor.accessMainPhase(TestCaseExecutor.java:298)
	at com.kms.katalon.core.main.TestCaseExecutor.execute(TestCaseExecutor.java:232)
	at com.kms.katalon.core.main.TestSuiteExecutor.accessTestCaseMainPhase(TestSuiteExecutor.java:129)
	at com.kms.katalon.core.main.TestSuiteExecutor.accessTestSuiteMainPhase(TestSuiteExecutor.java:112)
	at com.kms.katalon.core.main.TestSuiteExecutor.execute(TestSuiteExecutor.java:81)
	at com.kms.katalon.core.main.TestCaseMain.startTestSuite(TestCaseMain.java:157)
	at com.kms.katalon.core.main.TestCaseMain$startTestSuite$0.call(Unknown Source)
	at TempTestSuite1555795243480.run(TempTestSuite1555795243480.groovy:35)
Caused by: com.kms.katalon.core.webui.exception.WebElementNotFoundException: Web element with id: 'Object Repository/Page_KiboEngage  Templates/select_filter_template_broadcast_templates' located by 'By.xpath: //select[@id = 'm_form_status' and (text() = 'Filter by Category...AllFeedbackEntertain and EngagePromotion UpdatesPlan EventsCustomer SatisfactionGreetingsSocial MessagePromotionsInformationFollow UpWelcomeGeneralreseachhellhelwqfacebookHoliday GreetingstestingReaserchResearch' or . = 'Filter by Category...AllFeedbackEntertain and EngagePromotion UpdatesPlan EventsCustomer SatisfactionGreetingsSocial MessagePromotionsInformationFollow UpWelcomeGeneralreseachhellhelwqfacebookHoliday GreetingstestingReaserchResearch')]' not found
	at com.kms.katalon.core.webui.common.WebUiCommonHelper.findWebElement(WebUiCommonHelper.java:1097)
	at com.kms.katalon.core.webui.keyword.internal.WebUIAbstractKeyword.findWebElement(WebUIAbstractKeyword.groovy:27)
	at com.kms.katalon.core.webui.keyword.internal.WebUIAbstractKeyword.findWebElement(WebUIAbstractKeyword.groovy:26)
	at com.kms.katalon.core.webui.keyword.builtin.SelectOptionByValueKeyword$_selectOptionByValue_closure1.doCall(SelectOptionByValueKeyword.groovy:86)
	at com.kms.katalon.core.webui.keyword.builtin.SelectOptionByValueKeyword$_selectOptionByValue_closure1.call(SelectOptionByValueKeyword.groovy)
	at com.kms.katalon.core.webui.keyword.internal.WebUIKeywordMain.runKeyword(WebUIKeywordMain.groovy:20)
	at com.kms.katalon.core.webui.keyword.builtin.SelectOptionByValueKeyword.selectOptionByValue(SelectOptionByValueKeyword.groovy:99)
	at com.kms.katalon.core.webui.keyword.builtin.SelectOptionByValueKeyword.execute(SelectOptionByValueKeyword.groovy:71)
	at com.kms.katalon.core.keyword.internal.KeywordExecutor.executeKeywordForPlatform(KeywordExecutor.groovy:56)
	at com.kms.katalon.core.webui.keyword.WebUiBuiltInKeywords.selectOptionByValue(WebUiBuiltInKeywords.groovy:1138)
	at com.kms.katalon.core.webui.keyword.WebUiBuiltInKeywords$selectOptionByValue$6.call(Unknown Source)
	at Script1536971519918.run(Script1536971519918.groovy:32)
	... 13 more]]></system-err>
      </testcase>
      <testcase name="Test Cases/Template testcases/TC0765" classname="Test Cases/Template testcases/TC0765" status="PASSED">
         <system-out><![CDATA[2019-04-21 02:22:55 - [TEST_CASE][PASSED] - Test Cases/Template testcases/TC0765: Test Cases/Template testcases/TC0765

2019-04-21 02:22:55 - [TEST_STEP][PASSED] - callTestCase(findTestCase("s-sidebar_navigation/individualAccount/Template"), [:], STOP_ON_FAILURE): Call Test Case 'Test Cases/s-sidebar_navigation/individualAccount/Template' successfully

2019-04-21 02:22:55 - [TEST_CASE][PASSED] - Test Cases/s-sidebar_navigation/individualAccount/Template: Test Cases/s-sidebar_navigation/individualAccount/Template

2019-04-21 02:22:55 - [TEST_STEP][PASSED] - click(findTestObject("Page_KiboPush  Dashboard/span_Broadcasts")): Object: 'Object Repository/Page_KiboPush  Dashboard/span_Broadcasts' is clicked on

2019-04-21 02:22:56 - [MESSAGE][PASSED] - Object: 'Object Repository/Page_KiboPush  Dashboard/span_Broadcasts' is clicked on

2019-04-21 02:22:56 - [TEST_STEP][PASSED] - delay(1): Delayed 1 second(s)

2019-04-21 02:22:57 - [MESSAGE][PASSED] - Delayed 1 second(s)

2019-04-21 02:22:57 - [TEST_STEP][PASSED] - click(findTestObject("Page_KiboPush  Dashboard/span_Templates")): Object: 'Object Repository/Page_KiboPush  Dashboard/span_Templates' is clicked on

2019-04-21 02:22:57 - [MESSAGE][PASSED] - Object: 'Object Repository/Page_KiboPush  Dashboard/span_Templates' is clicked on

2019-04-21 02:22:57 - [TEST_STEP][PASSED] - delay(3): Delayed 3 second(s)

2019-04-21 02:23:00 - [MESSAGE][PASSED] - Delayed 3 second(s)

2019-04-21 02:23:00 - [TEST_STEP][PASSED] - scrollToPosition(0, 0): Browser is scrolled to position x = 0, y = 0

2019-04-21 02:23:00 - [MESSAGE][PASSED] - Browser is scrolled to position x = 0, y = 0

2019-04-21 02:23:00 - [TEST_STEP][PASSED] - click(findTestObject("Object Repository/Page_KiboEngage  Templates/h3_Templates")): Object: 'Object Repository/Page_KiboEngage  Templates/h3_Templates' is clicked on

2019-04-21 02:23:00 - [MESSAGE][PASSED] - Object: 'Object Repository/Page_KiboEngage  Templates/h3_Templates' is clicked on

2019-04-21 02:23:00 - [TEST_STEP][PASSED] - delay(3): Delayed 3 second(s)

2019-04-21 02:23:03 - [MESSAGE][PASSED] - Delayed 3 second(s)

2019-04-21 02:23:03 - [MESSAGE][PASSED] - Call Test Case 'Test Cases/s-sidebar_navigation/individualAccount/Template' successfully

2019-04-21 02:23:03 - [TEST_STEP][PASSED] - click(findTestObject("Page_KiboPush  Dashboard/a_next")): Object: 'Object Repository/Page_KiboPush  Dashboard/a_next' is clicked on

2019-04-21 02:23:04 - [MESSAGE][PASSED] - Object: 'Object Repository/Page_KiboPush  Dashboard/a_next' is clicked on

2019-04-21 02:23:04 - [TEST_STEP][PASSED] - delay(2): Delayed 2 second(s)

2019-04-21 02:23:06 - [MESSAGE][PASSED] - Delayed 2 second(s)

2019-04-21 02:23:06 - [TEST_STEP][PASSED] - driver = getWebDriver(): null

2019-04-21 02:23:06 - [TEST_STEP][PASSED] - rows_table = driver.findElements(By.xpath("//*[@id="local_data"]/table/tbody/tr")): null

2019-04-21 02:23:06 - [TEST_STEP][PASSED] - println(rows_table.size()): null

2019-04-21 02:23:06 - [TEST_STEP][PASSED] - verifyGreaterThanOrEqual(rows_table.size(), 1): Actual number '5' is greater than or equal to expected number '1'

2019-04-21 02:23:06 - [MESSAGE][PASSED] - Actual number '5' is greater than or equal to expected number '1']]></system-out>
         <system-err><![CDATA[]]></system-err>
      </testcase>
      <testcase name="Test Cases/Template testcases/TC0766" classname="Test Cases/Template testcases/TC0766" status="PASSED">
         <system-out><![CDATA[2019-04-21 02:23:06 - [TEST_CASE][PASSED] - Test Cases/Template testcases/TC0766: Test Cases/Template testcases/TC0766

2019-04-21 02:23:06 - [TEST_STEP][PASSED] - callTestCase(findTestCase("s-sidebar_navigation/individualAccount/Template"), [:], STOP_ON_FAILURE): Call Test Case 'Test Cases/s-sidebar_navigation/individualAccount/Template' successfully

2019-04-21 02:23:06 - [TEST_CASE][PASSED] - Test Cases/s-sidebar_navigation/individualAccount/Template: Test Cases/s-sidebar_navigation/individualAccount/Template

2019-04-21 02:23:06 - [TEST_STEP][PASSED] - click(findTestObject("Page_KiboPush  Dashboard/span_Broadcasts")): Object: 'Object Repository/Page_KiboPush  Dashboard/span_Broadcasts' is clicked on

2019-04-21 02:23:06 - [MESSAGE][PASSED] - Object: 'Object Repository/Page_KiboPush  Dashboard/span_Broadcasts' is clicked on

2019-04-21 02:23:06 - [TEST_STEP][PASSED] - delay(1): Delayed 1 second(s)

2019-04-21 02:23:07 - [MESSAGE][PASSED] - Delayed 1 second(s)

2019-04-21 02:23:07 - [TEST_STEP][PASSED] - click(findTestObject("Page_KiboPush  Dashboard/span_Templates")): Object: 'Object Repository/Page_KiboPush  Dashboard/span_Templates' is clicked on

2019-04-21 02:23:08 - [MESSAGE][PASSED] - Object: 'Object Repository/Page_KiboPush  Dashboard/span_Templates' is clicked on

2019-04-21 02:23:08 - [TEST_STEP][PASSED] - delay(3): Delayed 3 second(s)

2019-04-21 02:23:11 - [MESSAGE][PASSED] - Delayed 3 second(s)

2019-04-21 02:23:11 - [TEST_STEP][PASSED] - scrollToPosition(0, 0): Browser is scrolled to position x = 0, y = 0

2019-04-21 02:23:11 - [MESSAGE][PASSED] - Browser is scrolled to position x = 0, y = 0

2019-04-21 02:23:11 - [TEST_STEP][PASSED] - click(findTestObject("Object Repository/Page_KiboEngage  Templates/h3_Templates")): Object: 'Object Repository/Page_KiboEngage  Templates/h3_Templates' is clicked on

2019-04-21 02:23:11 - [MESSAGE][PASSED] - Object: 'Object Repository/Page_KiboEngage  Templates/h3_Templates' is clicked on

2019-04-21 02:23:11 - [TEST_STEP][PASSED] - delay(3): Delayed 3 second(s)

2019-04-21 02:23:14 - [MESSAGE][PASSED] - Delayed 3 second(s)

2019-04-21 02:23:14 - [MESSAGE][PASSED] - Call Test Case 'Test Cases/s-sidebar_navigation/individualAccount/Template' successfully

2019-04-21 02:23:14 - [TEST_STEP][PASSED] - click(findTestObject("Page_KiboPush  Dashboard/a_next")): Object: 'Object Repository/Page_KiboPush  Dashboard/a_next' is clicked on

2019-04-21 02:23:14 - [MESSAGE][PASSED] - Object: 'Object Repository/Page_KiboPush  Dashboard/a_next' is clicked on

2019-04-21 02:23:14 - [TEST_STEP][PASSED] - click(findTestObject("Page_KiboPush  Dashboard/a_previous")): Object: 'Object Repository/Page_KiboPush  Dashboard/a_previous' is clicked on

2019-04-21 02:23:14 - [MESSAGE][PASSED] - Object: 'Object Repository/Page_KiboPush  Dashboard/a_previous' is clicked on

2019-04-21 02:23:14 - [TEST_STEP][PASSED] - delay(2): Delayed 2 second(s)

2019-04-21 02:23:16 - [MESSAGE][PASSED] - Delayed 2 second(s)

2019-04-21 02:23:16 - [TEST_STEP][PASSED] - driver = getWebDriver(): null

2019-04-21 02:23:16 - [TEST_STEP][PASSED] - rows_table = driver.findElements(By.xpath("//*[@id="local_data"]/table/tbody/tr")): null

2019-04-21 02:23:16 - [TEST_STEP][PASSED] - println(rows_table.size()): null

2019-04-21 02:23:16 - [TEST_STEP][PASSED] - verifyEqual(rows_table.size(), 5): Actual object '5' and expected object '5' are equal

2019-04-21 02:23:16 - [MESSAGE][PASSED] - Actual object '5' and expected object '5' are equal]]></system-out>
         <system-err><![CDATA[]]></system-err>
      </testcase>
      <testcase name="Test Cases/Template testcases/TC0767" classname="Test Cases/Template testcases/TC0767" status="PASSED">
         <system-out><![CDATA[2019-04-21 02:23:16 - [TEST_CASE][PASSED] - Test Cases/Template testcases/TC0767: Test Cases/Template testcases/TC0767

2019-04-21 02:23:16 - [TEST_STEP][PASSED] - callTestCase(findTestCase("s-sidebar_navigation/individualAccount/Template"), [:], STOP_ON_FAILURE): Call Test Case 'Test Cases/s-sidebar_navigation/individualAccount/Template' successfully

2019-04-21 02:23:17 - [TEST_CASE][PASSED] - Test Cases/s-sidebar_navigation/individualAccount/Template: Test Cases/s-sidebar_navigation/individualAccount/Template

2019-04-21 02:23:17 - [TEST_STEP][PASSED] - click(findTestObject("Page_KiboPush  Dashboard/span_Broadcasts")): Object: 'Object Repository/Page_KiboPush  Dashboard/span_Broadcasts' is clicked on

2019-04-21 02:23:17 - [MESSAGE][PASSED] - Object: 'Object Repository/Page_KiboPush  Dashboard/span_Broadcasts' is clicked on

2019-04-21 02:23:17 - [TEST_STEP][PASSED] - delay(1): Delayed 1 second(s)

2019-04-21 02:23:18 - [MESSAGE][PASSED] - Delayed 1 second(s)

2019-04-21 02:23:18 - [TEST_STEP][PASSED] - click(findTestObject("Page_KiboPush  Dashboard/span_Templates")): Object: 'Object Repository/Page_KiboPush  Dashboard/span_Templates' is clicked on

2019-04-21 02:23:18 - [MESSAGE][PASSED] - Object: 'Object Repository/Page_KiboPush  Dashboard/span_Templates' is clicked on

2019-04-21 02:23:18 - [TEST_STEP][PASSED] - delay(3): Delayed 3 second(s)

2019-04-21 02:23:21 - [MESSAGE][PASSED] - Delayed 3 second(s)

2019-04-21 02:23:21 - [TEST_STEP][PASSED] - scrollToPosition(0, 0): Browser is scrolled to position x = 0, y = 0

2019-04-21 02:23:21 - [MESSAGE][PASSED] - Browser is scrolled to position x = 0, y = 0

2019-04-21 02:23:21 - [TEST_STEP][PASSED] - click(findTestObject("Object Repository/Page_KiboEngage  Templates/h3_Templates")): Object: 'Object Repository/Page_KiboEngage  Templates/h3_Templates' is clicked on

2019-04-21 02:23:21 - [MESSAGE][PASSED] - Object: 'Object Repository/Page_KiboEngage  Templates/h3_Templates' is clicked on

2019-04-21 02:23:21 - [TEST_STEP][PASSED] - delay(3): Delayed 3 second(s)

2019-04-21 02:23:24 - [MESSAGE][PASSED] - Delayed 3 second(s)

2019-04-21 02:23:24 - [MESSAGE][PASSED] - Call Test Case 'Test Cases/s-sidebar_navigation/individualAccount/Template' successfully

2019-04-21 02:23:24 - [TEST_STEP][PASSED] - click(findTestObject("Object Repository/Page_KiboPush  Dashboard/a_3")): Object: 'Object Repository/Page_KiboPush  Dashboard/a_3' is clicked on

2019-04-21 02:23:24 - [MESSAGE][PASSED] - Object: 'Object Repository/Page_KiboPush  Dashboard/a_3' is clicked on

2019-04-21 02:23:24 - [TEST_STEP][PASSED] - delay(2): Delayed 2 second(s)

2019-04-21 02:23:26 - [MESSAGE][PASSED] - Delayed 2 second(s)

2019-04-21 02:23:26 - [TEST_STEP][PASSED] - driver = getWebDriver(): null

2019-04-21 02:23:26 - [TEST_STEP][PASSED] - rows_table = driver.findElements(By.xpath("//*[@id="local_data"]/table/tbody/tr")): null

2019-04-21 02:23:26 - [TEST_STEP][PASSED] - println(rows_table.size()): null

2019-04-21 02:23:26 - [TEST_STEP][PASSED] - verifyGreaterThanOrEqual(rows_table.size(), 1): Actual number '5' is greater than or equal to expected number '1'

2019-04-21 02:23:26 - [MESSAGE][PASSED] - Actual number '5' is greater than or equal to expected number '1']]></system-out>
         <system-err><![CDATA[]]></system-err>
      </testcase>
      <testcase name="Test Cases/Template testcases/TC0768" classname="Test Cases/Template testcases/TC0768" status="PASSED">
         <system-out><![CDATA[2019-04-21 02:23:26 - [TEST_CASE][PASSED] - Test Cases/Template testcases/TC0768: Test Cases/Template testcases/TC0768

2019-04-21 02:23:27 - [TEST_STEP][PASSED] - callTestCase(findTestCase("s-sidebar_navigation/individualAccount/Template"), [:], STOP_ON_FAILURE): Call Test Case 'Test Cases/s-sidebar_navigation/individualAccount/Template' successfully

2019-04-21 02:23:27 - [TEST_CASE][PASSED] - Test Cases/s-sidebar_navigation/individualAccount/Template: Test Cases/s-sidebar_navigation/individualAccount/Template

2019-04-21 02:23:27 - [TEST_STEP][PASSED] - click(findTestObject("Page_KiboPush  Dashboard/span_Broadcasts")): Object: 'Object Repository/Page_KiboPush  Dashboard/span_Broadcasts' is clicked on

2019-04-21 02:23:27 - [MESSAGE][PASSED] - Object: 'Object Repository/Page_KiboPush  Dashboard/span_Broadcasts' is clicked on

2019-04-21 02:23:27 - [TEST_STEP][PASSED] - delay(1): Delayed 1 second(s)

2019-04-21 02:23:28 - [MESSAGE][PASSED] - Delayed 1 second(s)

2019-04-21 02:23:28 - [TEST_STEP][PASSED] - click(findTestObject("Page_KiboPush  Dashboard/span_Templates")): Object: 'Object Repository/Page_KiboPush  Dashboard/span_Templates' is clicked on

2019-04-21 02:23:28 - [MESSAGE][PASSED] - Object: 'Object Repository/Page_KiboPush  Dashboard/span_Templates' is clicked on

2019-04-21 02:23:28 - [TEST_STEP][PASSED] - delay(3): Delayed 3 second(s)

2019-04-21 02:23:31 - [MESSAGE][PASSED] - Delayed 3 second(s)

2019-04-21 02:23:31 - [TEST_STEP][PASSED] - scrollToPosition(0, 0): Browser is scrolled to position x = 0, y = 0

2019-04-21 02:23:31 - [MESSAGE][PASSED] - Browser is scrolled to position x = 0, y = 0

2019-04-21 02:23:31 - [TEST_STEP][PASSED] - click(findTestObject("Object Repository/Page_KiboEngage  Templates/h3_Templates")): Object: 'Object Repository/Page_KiboEngage  Templates/h3_Templates' is clicked on

2019-04-21 02:23:31 - [MESSAGE][PASSED] - Object: 'Object Repository/Page_KiboEngage  Templates/h3_Templates' is clicked on

2019-04-21 02:23:31 - [TEST_STEP][PASSED] - delay(3): Delayed 3 second(s)

2019-04-21 02:23:34 - [MESSAGE][PASSED] - Delayed 3 second(s)

2019-04-21 02:23:34 - [MESSAGE][PASSED] - Call Test Case 'Test Cases/s-sidebar_navigation/individualAccount/Template' successfully

2019-04-21 02:23:34 - [TEST_STEP][PASSED] - click(findTestObject("Object Repository/Page_KiboPush  Dashboard/button_Create New")): Object: 'Object Repository/Page_KiboPush  Dashboard/button_Create New' is clicked on

2019-04-21 02:23:35 - [MESSAGE][PASSED] - Object: 'Object Repository/Page_KiboPush  Dashboard/button_Create New' is clicked on

2019-04-21 02:23:35 - [TEST_STEP][PASSED] - click(findTestObject("Object Repository/Page_KiboPush  Create Broadcast Tem/h3_Create Broadcast Template")): Object: 'Object Repository/Page_KiboPush  Create Broadcast Tem/h3_Create Broadcast Template' is clicked on

2019-04-21 02:23:35 - [MESSAGE][PASSED] - Object: 'Object Repository/Page_KiboPush  Create Broadcast Tem/h3_Create Broadcast Template' is clicked on]]></system-out>
         <system-err><![CDATA[]]></system-err>
      </testcase>
      <testcase name="Test Cases/Template testcases/TC0769" classname="Test Cases/Template testcases/TC0769" status="PASSED">
         <system-out><![CDATA[2019-04-21 02:23:35 - [TEST_CASE][PASSED] - Test Cases/Template testcases/TC0769: Test Cases/Template testcases/TC0769

2019-04-21 02:23:35 - [TEST_STEP][PASSED] - callTestCase(findTestCase("Template testcases/TC0768"), [:], STOP_ON_FAILURE): Call Test Case 'Test Cases/Template testcases/TC0768' successfully

2019-04-21 02:23:35 - [TEST_CASE][PASSED] - Test Cases/Template testcases/TC0768: Test Cases/Template testcases/TC0768

2019-04-21 02:23:35 - [TEST_STEP][PASSED] - callTestCase(findTestCase("s-sidebar_navigation/individualAccount/Template"), [:], STOP_ON_FAILURE): Call Test Case 'Test Cases/s-sidebar_navigation/individualAccount/Template' successfully

2019-04-21 02:23:35 - [TEST_CASE][PASSED] - Test Cases/s-sidebar_navigation/individualAccount/Template: Test Cases/s-sidebar_navigation/individualAccount/Template

2019-04-21 02:23:35 - [TEST_STEP][PASSED] - click(findTestObject("Page_KiboPush  Dashboard/span_Broadcasts")): Object: 'Object Repository/Page_KiboPush  Dashboard/span_Broadcasts' is clicked on

2019-04-21 02:23:35 - [MESSAGE][PASSED] - Object: 'Object Repository/Page_KiboPush  Dashboard/span_Broadcasts' is clicked on

2019-04-21 02:23:35 - [TEST_STEP][PASSED] - delay(1): Delayed 1 second(s)

2019-04-21 02:23:36 - [MESSAGE][PASSED] - Delayed 1 second(s)

2019-04-21 02:23:36 - [TEST_STEP][PASSED] - click(findTestObject("Page_KiboPush  Dashboard/span_Templates")): Object: 'Object Repository/Page_KiboPush  Dashboard/span_Templates' is clicked on

2019-04-21 02:23:36 - [MESSAGE][PASSED] - Object: 'Object Repository/Page_KiboPush  Dashboard/span_Templates' is clicked on

2019-04-21 02:23:36 - [TEST_STEP][PASSED] - delay(3): Delayed 3 second(s)

2019-04-21 02:23:40 - [MESSAGE][PASSED] - Delayed 3 second(s)

2019-04-21 02:23:40 - [TEST_STEP][PASSED] - scrollToPosition(0, 0): Browser is scrolled to position x = 0, y = 0

2019-04-21 02:23:40 - [MESSAGE][PASSED] - Browser is scrolled to position x = 0, y = 0

2019-04-21 02:23:40 - [TEST_STEP][PASSED] - click(findTestObject("Object Repository/Page_KiboEngage  Templates/h3_Templates")): Object: 'Object Repository/Page_KiboEngage  Templates/h3_Templates' is clicked on

2019-04-21 02:23:40 - [MESSAGE][PASSED] - Object: 'Object Repository/Page_KiboEngage  Templates/h3_Templates' is clicked on

2019-04-21 02:23:40 - [TEST_STEP][PASSED] - delay(3): Delayed 3 second(s)

2019-04-21 02:23:43 - [MESSAGE][PASSED] - Delayed 3 second(s)

2019-04-21 02:23:43 - [MESSAGE][PASSED] - Call Test Case 'Test Cases/s-sidebar_navigation/individualAccount/Template' successfully

2019-04-21 02:23:43 - [TEST_STEP][PASSED] - click(findTestObject("Object Repository/Page_KiboPush  Dashboard/button_Create New")): Object: 'Object Repository/Page_KiboPush  Dashboard/button_Create New' is clicked on

2019-04-21 02:23:43 - [MESSAGE][PASSED] - Object: 'Object Repository/Page_KiboPush  Dashboard/button_Create New' is clicked on

2019-04-21 02:23:43 - [TEST_STEP][PASSED] - click(findTestObject("Object Repository/Page_KiboPush  Create Broadcast Tem/h3_Create Broadcast Template")): Object: 'Object Repository/Page_KiboPush  Create Broadcast Tem/h3_Create Broadcast Template' is clicked on

2019-04-21 02:23:43 - [MESSAGE][PASSED] - Object: 'Object Repository/Page_KiboPush  Create Broadcast Tem/h3_Create Broadcast Template' is clicked on

2019-04-21 02:23:43 - [MESSAGE][PASSED] - Call Test Case 'Test Cases/Template testcases/TC0768' successfully

2019-04-21 02:23:43 - [TEST_STEP][PASSED] - click(findTestObject("Page_KiboPush  Create Broadcast Tem/h6_Text (4)")): Object: 'Object Repository/Page_KiboPush  Create Broadcast Tem/h6_Text (4)' is clicked on

2019-04-21 02:23:43 - [MESSAGE][PASSED] - Object: 'Object Repository/Page_KiboPush  Create Broadcast Tem/h6_Text (4)' is clicked on

2019-04-21 02:23:43 - [TEST_STEP][PASSED] - click(findTestObject("Object Repository/Page_KiboEngage  Create Broadcast Template/div_New text component added")): Object: 'Object Repository/Page_KiboEngage  Create Broadcast Template/div_New text component added' is clicked on

2019-04-21 02:23:44 - [MESSAGE][PASSED] - Object: 'Object Repository/Page_KiboEngage  Create Broadcast Template/div_New text component added' is clicked on

2019-04-21 02:23:44 - [TEST_STEP][PASSED] - delay(2): Delayed 2 second(s)

2019-04-21 02:23:46 - [MESSAGE][PASSED] - Delayed 2 second(s)]]></system-out>
         <system-err><![CDATA[]]></system-err>
      </testcase>
      <testcase name="Test Cases/Template testcases/TC0770" classname="Test Cases/Template testcases/TC0770" status="PASSED">
         <system-out><![CDATA[2019-04-21 02:23:46 - [TEST_CASE][PASSED] - Test Cases/Template testcases/TC0770: Test Cases/Template testcases/TC0770

2019-04-21 02:23:46 - [TEST_STEP][PASSED] - callTestCase(findTestCase("Template testcases/TC0769"), [:], STOP_ON_FAILURE): Call Test Case 'Test Cases/Template testcases/TC0769' successfully

2019-04-21 02:23:46 - [TEST_CASE][PASSED] - Test Cases/Template testcases/TC0769: Test Cases/Template testcases/TC0769

2019-04-21 02:23:46 - [TEST_STEP][PASSED] - callTestCase(findTestCase("Template testcases/TC0768"), [:], STOP_ON_FAILURE): Call Test Case 'Test Cases/Template testcases/TC0768' successfully

2019-04-21 02:23:46 - [TEST_CASE][PASSED] - Test Cases/Template testcases/TC0768: Test Cases/Template testcases/TC0768

2019-04-21 02:23:46 - [TEST_STEP][PASSED] - callTestCase(findTestCase("s-sidebar_navigation/individualAccount/Template"), [:], STOP_ON_FAILURE): Call Test Case 'Test Cases/s-sidebar_navigation/individualAccount/Template' successfully

2019-04-21 02:23:46 - [TEST_CASE][PASSED] - Test Cases/s-sidebar_navigation/individualAccount/Template: Test Cases/s-sidebar_navigation/individualAccount/Template

2019-04-21 02:23:46 - [TEST_STEP][PASSED] - click(findTestObject("Page_KiboPush  Dashboard/span_Broadcasts")): Object: 'Object Repository/Page_KiboPush  Dashboard/span_Broadcasts' is clicked on

2019-04-21 02:23:46 - [MESSAGE][PASSED] - Object: 'Object Repository/Page_KiboPush  Dashboard/span_Broadcasts' is clicked on

2019-04-21 02:23:46 - [TEST_STEP][PASSED] - delay(1): Delayed 1 second(s)

2019-04-21 02:23:47 - [MESSAGE][PASSED] - Delayed 1 second(s)

2019-04-21 02:23:47 - [TEST_STEP][PASSED] - click(findTestObject("Page_KiboPush  Dashboard/span_Templates")): Object: 'Object Repository/Page_KiboPush  Dashboard/span_Templates' is clicked on

2019-04-21 02:23:47 - [MESSAGE][PASSED] - Object: 'Object Repository/Page_KiboPush  Dashboard/span_Templates' is clicked on

2019-04-21 02:23:47 - [TEST_STEP][PASSED] - delay(3): Delayed 3 second(s)

2019-04-21 02:23:50 - [MESSAGE][PASSED] - Delayed 3 second(s)

2019-04-21 02:23:50 - [TEST_STEP][PASSED] - scrollToPosition(0, 0): Browser is scrolled to position x = 0, y = 0

2019-04-21 02:23:50 - [MESSAGE][PASSED] - Browser is scrolled to position x = 0, y = 0

2019-04-21 02:23:50 - [TEST_STEP][PASSED] - click(findTestObject("Object Repository/Page_KiboEngage  Templates/h3_Templates")): Object: 'Object Repository/Page_KiboEngage  Templates/h3_Templates' is clicked on

2019-04-21 02:23:51 - [MESSAGE][PASSED] - Object: 'Object Repository/Page_KiboEngage  Templates/h3_Templates' is clicked on

2019-04-21 02:23:51 - [TEST_STEP][PASSED] - delay(3): Delayed 3 second(s)

2019-04-21 02:23:54 - [MESSAGE][PASSED] - Delayed 3 second(s)

2019-04-21 02:23:54 - [MESSAGE][PASSED] - Call Test Case 'Test Cases/s-sidebar_navigation/individualAccount/Template' successfully

2019-04-21 02:23:54 - [TEST_STEP][PASSED] - click(findTestObject("Object Repository/Page_KiboPush  Dashboard/button_Create New")): Object: 'Object Repository/Page_KiboPush  Dashboard/button_Create New' is clicked on

2019-04-21 02:23:54 - [MESSAGE][PASSED] - Object: 'Object Repository/Page_KiboPush  Dashboard/button_Create New' is clicked on

2019-04-21 02:23:54 - [TEST_STEP][PASSED] - click(findTestObject("Object Repository/Page_KiboPush  Create Broadcast Tem/h3_Create Broadcast Template")): Object: 'Object Repository/Page_KiboPush  Create Broadcast Tem/h3_Create Broadcast Template' is clicked on

2019-04-21 02:23:54 - [MESSAGE][PASSED] - Object: 'Object Repository/Page_KiboPush  Create Broadcast Tem/h3_Create Broadcast Template' is clicked on

2019-04-21 02:23:54 - [MESSAGE][PASSED] - Call Test Case 'Test Cases/Template testcases/TC0768' successfully

2019-04-21 02:23:54 - [TEST_STEP][PASSED] - click(findTestObject("Page_KiboPush  Create Broadcast Tem/h6_Text (4)")): Object: 'Object Repository/Page_KiboPush  Create Broadcast Tem/h6_Text (4)' is clicked on

2019-04-21 02:23:54 - [MESSAGE][PASSED] - Object: 'Object Repository/Page_KiboPush  Create Broadcast Tem/h6_Text (4)' is clicked on

2019-04-21 02:23:54 - [TEST_STEP][PASSED] - click(findTestObject("Object Repository/Page_KiboEngage  Create Broadcast Template/div_New text component added")): Object: 'Object Repository/Page_KiboEngage  Create Broadcast Template/div_New text component added' is clicked on

2019-04-21 02:23:54 - [MESSAGE][PASSED] - Object: 'Object Repository/Page_KiboEngage  Create Broadcast Template/div_New text component added' is clicked on

2019-04-21 02:23:54 - [TEST_STEP][PASSED] - delay(2): Delayed 2 second(s)

2019-04-21 02:23:56 - [MESSAGE][PASSED] - Delayed 2 second(s)

2019-04-21 02:23:56 - [MESSAGE][PASSED] - Call Test Case 'Test Cases/Template testcases/TC0769' successfully

2019-04-21 02:23:56 - [TEST_STEP][PASSED] - click(findTestObject("Page_KiboPush  Create Broadcast Tem/button_Create (17)")): Object: 'Object Repository/Page_KiboPush  Create Broadcast Tem/button_Create (17)' is clicked on

2019-04-21 02:23:56 - [MESSAGE][PASSED] - Object: 'Object Repository/Page_KiboPush  Create Broadcast Tem/button_Create (17)' is clicked on

2019-04-21 02:23:56 - [TEST_STEP][PASSED] - click(findTestObject("Object Repository/Page_KiboEngage  Create Broadcast Template/div_Text cannot be empty")): Object: 'Object Repository/Page_KiboEngage  Create Broadcast Template/div_Text cannot be empty' is clicked on

2019-04-21 02:23:56 - [MESSAGE][PASSED] - Object: 'Object Repository/Page_KiboEngage  Create Broadcast Template/div_Text cannot be empty' is clicked on]]></system-out>
         <system-err><![CDATA[]]></system-err>
      </testcase>
      <testcase name="Test Cases/Template testcases/TC0771" classname="Test Cases/Template testcases/TC0771" status="PASSED">
         <system-out><![CDATA[2019-04-21 02:23:56 - [TEST_CASE][PASSED] - Test Cases/Template testcases/TC0771: Test Cases/Template testcases/TC0771

2019-04-21 02:23:57 - [TEST_STEP][PASSED] - callTestCase(findTestCase("Template testcases/TC0769"), [:], STOP_ON_FAILURE): Call Test Case 'Test Cases/Template testcases/TC0769' successfully

2019-04-21 02:23:57 - [TEST_CASE][PASSED] - Test Cases/Template testcases/TC0769: Test Cases/Template testcases/TC0769

2019-04-21 02:23:57 - [TEST_STEP][PASSED] - callTestCase(findTestCase("Template testcases/TC0768"), [:], STOP_ON_FAILURE): Call Test Case 'Test Cases/Template testcases/TC0768' successfully

2019-04-21 02:23:57 - [TEST_CASE][PASSED] - Test Cases/Template testcases/TC0768: Test Cases/Template testcases/TC0768

2019-04-21 02:23:57 - [TEST_STEP][PASSED] - callTestCase(findTestCase("s-sidebar_navigation/individualAccount/Template"), [:], STOP_ON_FAILURE): Call Test Case 'Test Cases/s-sidebar_navigation/individualAccount/Template' successfully

2019-04-21 02:23:57 - [TEST_CASE][PASSED] - Test Cases/s-sidebar_navigation/individualAccount/Template: Test Cases/s-sidebar_navigation/individualAccount/Template

2019-04-21 02:23:57 - [TEST_STEP][PASSED] - click(findTestObject("Page_KiboPush  Dashboard/span_Broadcasts")): Object: 'Object Repository/Page_KiboPush  Dashboard/span_Broadcasts' is clicked on

2019-04-21 02:23:57 - [MESSAGE][PASSED] - Object: 'Object Repository/Page_KiboPush  Dashboard/span_Broadcasts' is clicked on

2019-04-21 02:23:57 - [TEST_STEP][PASSED] - delay(1): Delayed 1 second(s)

2019-04-21 02:23:58 - [MESSAGE][PASSED] - Delayed 1 second(s)

2019-04-21 02:23:58 - [TEST_STEP][PASSED] - click(findTestObject("Page_KiboPush  Dashboard/span_Templates")): Object: 'Object Repository/Page_KiboPush  Dashboard/span_Templates' is clicked on

2019-04-21 02:23:58 - [MESSAGE][PASSED] - Object: 'Object Repository/Page_KiboPush  Dashboard/span_Templates' is clicked on

2019-04-21 02:23:58 - [TEST_STEP][PASSED] - delay(3): Delayed 3 second(s)

2019-04-21 02:24:01 - [MESSAGE][PASSED] - Delayed 3 second(s)

2019-04-21 02:24:01 - [TEST_STEP][PASSED] - scrollToPosition(0, 0): Browser is scrolled to position x = 0, y = 0

2019-04-21 02:24:01 - [MESSAGE][PASSED] - Browser is scrolled to position x = 0, y = 0

2019-04-21 02:24:01 - [TEST_STEP][PASSED] - click(findTestObject("Object Repository/Page_KiboEngage  Templates/h3_Templates")): Object: 'Object Repository/Page_KiboEngage  Templates/h3_Templates' is clicked on

2019-04-21 02:24:02 - [MESSAGE][PASSED] - Object: 'Object Repository/Page_KiboEngage  Templates/h3_Templates' is clicked on

2019-04-21 02:24:02 - [TEST_STEP][PASSED] - delay(3): Delayed 3 second(s)

2019-04-21 02:24:05 - [MESSAGE][PASSED] - Delayed 3 second(s)

2019-04-21 02:24:05 - [MESSAGE][PASSED] - Call Test Case 'Test Cases/s-sidebar_navigation/individualAccount/Template' successfully

2019-04-21 02:24:05 - [TEST_STEP][PASSED] - click(findTestObject("Object Repository/Page_KiboPush  Dashboard/button_Create New")): Object: 'Object Repository/Page_KiboPush  Dashboard/button_Create New' is clicked on

2019-04-21 02:24:05 - [MESSAGE][PASSED] - Object: 'Object Repository/Page_KiboPush  Dashboard/button_Create New' is clicked on

2019-04-21 02:24:05 - [TEST_STEP][PASSED] - click(findTestObject("Object Repository/Page_KiboPush  Create Broadcast Tem/h3_Create Broadcast Template")): Object: 'Object Repository/Page_KiboPush  Create Broadcast Tem/h3_Create Broadcast Template' is clicked on

2019-04-21 02:24:05 - [MESSAGE][PASSED] - Object: 'Object Repository/Page_KiboPush  Create Broadcast Tem/h3_Create Broadcast Template' is clicked on

2019-04-21 02:24:05 - [MESSAGE][PASSED] - Call Test Case 'Test Cases/Template testcases/TC0768' successfully

2019-04-21 02:24:05 - [TEST_STEP][PASSED] - click(findTestObject("Page_KiboPush  Create Broadcast Tem/h6_Text (4)")): Object: 'Object Repository/Page_KiboPush  Create Broadcast Tem/h6_Text (4)' is clicked on

2019-04-21 02:24:05 - [MESSAGE][PASSED] - Object: 'Object Repository/Page_KiboPush  Create Broadcast Tem/h6_Text (4)' is clicked on

2019-04-21 02:24:05 - [TEST_STEP][PASSED] - click(findTestObject("Object Repository/Page_KiboEngage  Create Broadcast Template/div_New text component added")): Object: 'Object Repository/Page_KiboEngage  Create Broadcast Template/div_New text component added' is clicked on

2019-04-21 02:24:05 - [MESSAGE][PASSED] - Object: 'Object Repository/Page_KiboEngage  Create Broadcast Template/div_New text component added' is clicked on

2019-04-21 02:24:05 - [TEST_STEP][PASSED] - delay(2): Delayed 2 second(s)

2019-04-21 02:24:07 - [MESSAGE][PASSED] - Delayed 2 second(s)

2019-04-21 02:24:07 - [MESSAGE][PASSED] - Call Test Case 'Test Cases/Template testcases/TC0769' successfully

2019-04-21 02:24:07 - [TEST_STEP][PASSED] - click(findTestObject("Page_KiboPush  Create Broadcast Tem/h6_ Add Button (6)")): Object: 'Object Repository/Page_KiboPush  Create Broadcast Tem/h6_ Add Button (6)' is clicked on

2019-04-21 02:24:08 - [MESSAGE][PASSED] - Object: 'Object Repository/Page_KiboPush  Create Broadcast Tem/h6_ Add Button (6)' is clicked on

2019-04-21 02:24:08 - [TEST_STEP][PASSED] - setText(findTestObject("Page_KiboPush  Create Broadcast Tem/input_form-control (11)"), "google"): Text 'google' is set on object 'Object Repository/Page_KiboPush  Create Broadcast Tem/input_form-control (11)'

2019-04-21 02:24:08 - [MESSAGE][PASSED] - Text 'google' is set on object 'Object Repository/Page_KiboPush  Create Broadcast Tem/input_form-control (11)'

2019-04-21 02:24:08 - [TEST_STEP][PASSED] - click(findTestObject("Page_KiboPush  Create Broadcast Tem/h7_Open a website (4)")): Object: 'Object Repository/Page_KiboPush  Create Broadcast Tem/h7_Open a website (4)' is clicked on

2019-04-21 02:24:08 - [MESSAGE][PASSED] - Object: 'Object Repository/Page_KiboPush  Create Broadcast Tem/h7_Open a website (4)' is clicked on

2019-04-21 02:24:08 - [TEST_STEP][PASSED] - setText(findTestObject("Page_KiboPush  Create Broadcast Tem/input_form-control_1 (5)"), "www.google.com"): Text 'www.google.com' is set on object 'Object Repository/Page_KiboPush  Create Broadcast Tem/input_form-control_1 (5)'

2019-04-21 02:24:09 - [MESSAGE][PASSED] - Text 'www.google.com' is set on object 'Object Repository/Page_KiboPush  Create Broadcast Tem/input_form-control_1 (5)'

2019-04-21 02:24:09 - [TEST_STEP][PASSED] - click(findTestObject("Page_KiboPush  Create Broadcast Tem/button_Done (5)")): Object: 'Object Repository/Page_KiboPush  Create Broadcast Tem/button_Done (5)' is clicked on

2019-04-21 02:24:09 - [MESSAGE][PASSED] - Object: 'Object Repository/Page_KiboPush  Create Broadcast Tem/button_Done (5)' is clicked on

2019-04-21 02:24:09 - [TEST_STEP][PASSED] - delay(2): Delayed 2 second(s)

2019-04-21 02:24:11 - [MESSAGE][PASSED] - Delayed 2 second(s)

2019-04-21 02:24:11 - [TEST_STEP][PASSED] - verifyTextPresent("google", false): Text 'google' is present on page 

2019-04-21 02:24:11 - [MESSAGE][PASSED] - Text 'google' is present on page]]></system-out>
         <system-err><![CDATA[]]></system-err>
      </testcase>
      <testcase name="Test Cases/Template testcases/TC0772" classname="Test Cases/Template testcases/TC0772" status="ERROR">
         <error type="ERROR" message="Test Cases/Template testcases/TC0772 FAILED.
Reason:
org.openqa.selenium.NoSuchElementException: no such element: Unable to locate element: {&quot;method&quot;:&quot;xpath&quot;,&quot;selector&quot;:&quot;//*[@id=&quot;List1&quot;]/div/div/div[2]/textarea&quot;}
  (Session info: chrome=73.0.3683.103)
  (Driver info: chromedriver=73.0.3683.68 (47787ec04b6e38e22703e856e101e840b65afe72),platform=Linux 4.15.0-47-generic x86_64) (WARNING: The server did not provide any stacktrace information)
Command duration or timeout: 0 milliseconds
For documentation on this error, please visit: http://seleniumhq.org/exceptions/no_such_element.html
Build info: version: '3.7.1', revision: '8a0099a', time: '2017-11-06T21:07:36.161Z'
System info: host: 'faizan-HP-EliteBook-850-G2', ip: '127.0.1.1', os.name: 'Linux', os.arch: 'amd64', os.version: '4.15.0-47-generic', java.version: '1.8.0_191'
Driver info: com.kms.katalon.selenium.driver.CChromeDriver
Capabilities {acceptInsecureCerts: false, acceptSslCerts: false, applicationCacheEnabled: false, browserConnectionEnabled: false, browserName: chrome, chrome: {chromedriverVersion: 73.0.3683.68 (47787ec04b6e3..., userDataDir: /tmp/.com.google.Chrome.FU0xWS}, cssSelectorsEnabled: true, databaseEnabled: false, goog:chromeOptions: {debuggerAddress: localhost:43539}, handlesAlerts: true, hasTouchScreen: false, javascriptEnabled: true, locationContextEnabled: true, mobileEmulationEnabled: false, nativeEvents: true, networkConnectionEnabled: false, pageLoadStrategy: normal, platform: LINUX, platformName: LINUX, proxy: Proxy(direct), rotatable: false, setWindowRect: true, strictFileInteractability: false, takesHeapSnapshot: true, takesScreenshot: true, timeouts: {implicit: 0, pageLoad: 300000, script: 30000}, unexpectedAlertBehaviour: ignore, unhandledPromptBehavior: ignore, version: 73.0.3683.103, webStorageEnabled: true}
Session ID: f13adca9b43bf4b34e393f07e02ab2e3
*** Element info: {Using=xpath, value=//*[@id=&quot;List1&quot;]/div/div/div[2]/textarea}
	at org.openqa.selenium.remote.ErrorHandler.createThrowable(ErrorHandler.java:214)
	at org.openqa.selenium.remote.ErrorHandler.throwIfResponseFailed(ErrorHandler.java:166)
	at org.openqa.selenium.remote.http.JsonHttpResponseCodec.reconstructValue(JsonHttpResponseCodec.java:40)
	at org.openqa.selenium.remote.http.AbstractHttpResponseCodec.decode(AbstractHttpResponseCodec.java:80)
	at org.openqa.selenium.remote.http.AbstractHttpResponseCodec.decode(AbstractHttpResponseCodec.java:44)
	at org.openqa.selenium.remote.HttpCommandExecutor.execute(HttpCommandExecutor.java:164)
	at org.openqa.selenium.remote.service.DriverCommandExecutor.execute(DriverCommandExecutor.java:83)
	at org.openqa.selenium.remote.RemoteWebDriver.execute(RemoteWebDriver.java:600)
	at com.kms.katalon.selenium.driver.CChromeDriver.execute(CChromeDriver.java:20)
	at org.openqa.selenium.remote.RemoteWebDriver.findElement(RemoteWebDriver.java:370)
	at org.openqa.selenium.remote.RemoteWebDriver.findElementByXPath(RemoteWebDriver.java:472)
	at org.openqa.selenium.By$ByXPath.findElement(By.java:361)
	at org.openqa.selenium.remote.RemoteWebDriver.findElement(RemoteWebDriver.java:362)
	at org.openqa.selenium.WebDriver$findElement$0.call(Unknown Source)
	at TC0772.run(TC0772:32)
	at com.kms.katalon.core.main.ScriptEngine.run(ScriptEngine.java:194)
	at com.kms.katalon.core.main.ScriptEngine.runScriptAsRawText(ScriptEngine.java:119)
	at com.kms.katalon.core.main.TestCaseExecutor.runScript(TestCaseExecutor.java:336)
	at com.kms.katalon.core.main.TestCaseExecutor.doExecute(TestCaseExecutor.java:327)
	at com.kms.katalon.core.main.TestCaseExecutor.processExecutionPhase(TestCaseExecutor.java:306)
	at com.kms.katalon.core.main.TestCaseExecutor.accessMainPhase(TestCaseExecutor.java:298)
	at com.kms.katalon.core.main.TestCaseExecutor.execute(TestCaseExecutor.java:232)
	at com.kms.katalon.core.main.TestSuiteExecutor.accessTestCaseMainPhase(TestSuiteExecutor.java:129)
	at com.kms.katalon.core.main.TestSuiteExecutor.accessTestSuiteMainPhase(TestSuiteExecutor.java:112)
	at com.kms.katalon.core.main.TestSuiteExecutor.execute(TestSuiteExecutor.java:81)
	at com.kms.katalon.core.main.TestCaseMain.startTestSuite(TestCaseMain.java:157)
	at com.kms.katalon.core.main.TestCaseMain$startTestSuite$0.call(Unknown Source)
	at TempTestSuite1555795243480.run(TempTestSuite1555795243480.groovy:35)
"/>
         <system-out><![CDATA[2019-04-21 02:24:11 - [TEST_CASE][ERROR] - Test Cases/Template testcases/TC0772: Test Cases/Template testcases/TC0772 FAILED.
Reason:
org.openqa.selenium.NoSuchElementException: no such element: Unable to locate element: {"method":"xpath","selector":"//*[@id="List1"]/div/div/div[2]/textarea"}
  (Session info: chrome=73.0.3683.103)
  (Driver info: chromedriver=73.0.3683.68 (47787ec04b6e38e22703e856e101e840b65afe72),platform=Linux 4.15.0-47-generic x86_64) (WARNING: The server did not provide any stacktrace information)
Command duration or timeout: 0 milliseconds
For documentation on this error, please visit: http://seleniumhq.org/exceptions/no_such_element.html
Build info: version: '3.7.1', revision: '8a0099a', time: '2017-11-06T21:07:36.161Z'
System info: host: 'faizan-HP-EliteBook-850-G2', ip: '127.0.1.1', os.name: 'Linux', os.arch: 'amd64', os.version: '4.15.0-47-generic', java.version: '1.8.0_191'
Driver info: com.kms.katalon.selenium.driver.CChromeDriver
Capabilities {acceptInsecureCerts: false, acceptSslCerts: false, applicationCacheEnabled: false, browserConnectionEnabled: false, browserName: chrome, chrome: {chromedriverVersion: 73.0.3683.68 (47787ec04b6e3..., userDataDir: /tmp/.com.google.Chrome.FU0xWS}, cssSelectorsEnabled: true, databaseEnabled: false, goog:chromeOptions: {debuggerAddress: localhost:43539}, handlesAlerts: true, hasTouchScreen: false, javascriptEnabled: true, locationContextEnabled: true, mobileEmulationEnabled: false, nativeEvents: true, networkConnectionEnabled: false, pageLoadStrategy: normal, platform: LINUX, platformName: LINUX, proxy: Proxy(direct), rotatable: false, setWindowRect: true, strictFileInteractability: false, takesHeapSnapshot: true, takesScreenshot: true, timeouts: {implicit: 0, pageLoad: 300000, script: 30000}, unexpectedAlertBehaviour: ignore, unhandledPromptBehavior: ignore, version: 73.0.3683.103, webStorageEnabled: true}
Session ID: f13adca9b43bf4b34e393f07e02ab2e3
*** Element info: {Using=xpath, value=//*[@id="List1"]/div/div/div[2]/textarea}
	at org.openqa.selenium.remote.ErrorHandler.createThrowable(ErrorHandler.java:214)
	at org.openqa.selenium.remote.ErrorHandler.throwIfResponseFailed(ErrorHandler.java:166)
	at org.openqa.selenium.remote.http.JsonHttpResponseCodec.reconstructValue(JsonHttpResponseCodec.java:40)
	at org.openqa.selenium.remote.http.AbstractHttpResponseCodec.decode(AbstractHttpResponseCodec.java:80)
	at org.openqa.selenium.remote.http.AbstractHttpResponseCodec.decode(AbstractHttpResponseCodec.java:44)
	at org.openqa.selenium.remote.HttpCommandExecutor.execute(HttpCommandExecutor.java:164)
	at org.openqa.selenium.remote.service.DriverCommandExecutor.execute(DriverCommandExecutor.java:83)
	at org.openqa.selenium.remote.RemoteWebDriver.execute(RemoteWebDriver.java:600)
	at com.kms.katalon.selenium.driver.CChromeDriver.execute(CChromeDriver.java:20)
	at org.openqa.selenium.remote.RemoteWebDriver.findElement(RemoteWebDriver.java:370)
	at org.openqa.selenium.remote.RemoteWebDriver.findElementByXPath(RemoteWebDriver.java:472)
	at org.openqa.selenium.By$ByXPath.findElement(By.java:361)
	at org.openqa.selenium.remote.RemoteWebDriver.findElement(RemoteWebDriver.java:362)
	at org.openqa.selenium.WebDriver$findElement$0.call(Unknown Source)
	at TC0772.run(TC0772:32)
	at com.kms.katalon.core.main.ScriptEngine.run(ScriptEngine.java:194)
	at com.kms.katalon.core.main.ScriptEngine.runScriptAsRawText(ScriptEngine.java:119)
	at com.kms.katalon.core.main.TestCaseExecutor.runScript(TestCaseExecutor.java:336)
	at com.kms.katalon.core.main.TestCaseExecutor.doExecute(TestCaseExecutor.java:327)
	at com.kms.katalon.core.main.TestCaseExecutor.processExecutionPhase(TestCaseExecutor.java:306)
	at com.kms.katalon.core.main.TestCaseExecutor.accessMainPhase(TestCaseExecutor.java:298)
	at com.kms.katalon.core.main.TestCaseExecutor.execute(TestCaseExecutor.java:232)
	at com.kms.katalon.core.main.TestSuiteExecutor.accessTestCaseMainPhase(TestSuiteExecutor.java:129)
	at com.kms.katalon.core.main.TestSuiteExecutor.accessTestSuiteMainPhase(TestSuiteExecutor.java:112)
	at com.kms.katalon.core.main.TestSuiteExecutor.execute(TestSuiteExecutor.java:81)
	at com.kms.katalon.core.main.TestCaseMain.startTestSuite(TestCaseMain.java:157)
	at com.kms.katalon.core.main.TestCaseMain$startTestSuite$0.call(Unknown Source)
	at TempTestSuite1555795243480.run(TempTestSuite1555795243480.groovy:35)


2019-04-21 02:24:12 - [TEST_STEP][PASSED] - callTestCase(findTestCase("Template testcases/TC0769"), [:], STOP_ON_FAILURE): Call Test Case 'Test Cases/Template testcases/TC0769' successfully

2019-04-21 02:24:12 - [TEST_CASE][PASSED] - Test Cases/Template testcases/TC0769: Test Cases/Template testcases/TC0769

2019-04-21 02:24:12 - [TEST_STEP][PASSED] - callTestCase(findTestCase("Template testcases/TC0768"), [:], STOP_ON_FAILURE): Call Test Case 'Test Cases/Template testcases/TC0768' successfully

2019-04-21 02:24:12 - [TEST_CASE][PASSED] - Test Cases/Template testcases/TC0768: Test Cases/Template testcases/TC0768

2019-04-21 02:24:12 - [TEST_STEP][PASSED] - callTestCase(findTestCase("s-sidebar_navigation/individualAccount/Template"), [:], STOP_ON_FAILURE): Call Test Case 'Test Cases/s-sidebar_navigation/individualAccount/Template' successfully

2019-04-21 02:24:12 - [TEST_CASE][PASSED] - Test Cases/s-sidebar_navigation/individualAccount/Template: Test Cases/s-sidebar_navigation/individualAccount/Template

2019-04-21 02:24:12 - [TEST_STEP][PASSED] - click(findTestObject("Page_KiboPush  Dashboard/span_Broadcasts")): Object: 'Object Repository/Page_KiboPush  Dashboard/span_Broadcasts' is clicked on

2019-04-21 02:24:12 - [MESSAGE][PASSED] - Object: 'Object Repository/Page_KiboPush  Dashboard/span_Broadcasts' is clicked on

2019-04-21 02:24:12 - [TEST_STEP][PASSED] - delay(1): Delayed 1 second(s)

2019-04-21 02:24:13 - [MESSAGE][PASSED] - Delayed 1 second(s)

2019-04-21 02:24:13 - [TEST_STEP][PASSED] - click(findTestObject("Page_KiboPush  Dashboard/span_Templates")): Object: 'Object Repository/Page_KiboPush  Dashboard/span_Templates' is clicked on

2019-04-21 02:24:13 - [MESSAGE][PASSED] - Object: 'Object Repository/Page_KiboPush  Dashboard/span_Templates' is clicked on

2019-04-21 02:24:13 - [TEST_STEP][PASSED] - delay(3): Delayed 3 second(s)

2019-04-21 02:24:16 - [MESSAGE][PASSED] - Delayed 3 second(s)

2019-04-21 02:24:16 - [TEST_STEP][PASSED] - scrollToPosition(0, 0): Browser is scrolled to position x = 0, y = 0

2019-04-21 02:24:16 - [MESSAGE][PASSED] - Browser is scrolled to position x = 0, y = 0

2019-04-21 02:24:16 - [TEST_STEP][PASSED] - click(findTestObject("Object Repository/Page_KiboEngage  Templates/h3_Templates")): Object: 'Object Repository/Page_KiboEngage  Templates/h3_Templates' is clicked on

2019-04-21 02:24:17 - [MESSAGE][PASSED] - Object: 'Object Repository/Page_KiboEngage  Templates/h3_Templates' is clicked on

2019-04-21 02:24:17 - [TEST_STEP][PASSED] - delay(3): Delayed 3 second(s)

2019-04-21 02:24:20 - [MESSAGE][PASSED] - Delayed 3 second(s)

2019-04-21 02:24:20 - [MESSAGE][PASSED] - Call Test Case 'Test Cases/s-sidebar_navigation/individualAccount/Template' successfully

2019-04-21 02:24:20 - [TEST_STEP][PASSED] - click(findTestObject("Object Repository/Page_KiboPush  Dashboard/button_Create New")): Object: 'Object Repository/Page_KiboPush  Dashboard/button_Create New' is clicked on

2019-04-21 02:24:20 - [MESSAGE][PASSED] - Object: 'Object Repository/Page_KiboPush  Dashboard/button_Create New' is clicked on

2019-04-21 02:24:20 - [TEST_STEP][PASSED] - click(findTestObject("Object Repository/Page_KiboPush  Create Broadcast Tem/h3_Create Broadcast Template")): Object: 'Object Repository/Page_KiboPush  Create Broadcast Tem/h3_Create Broadcast Template' is clicked on

2019-04-21 02:24:20 - [MESSAGE][PASSED] - Object: 'Object Repository/Page_KiboPush  Create Broadcast Tem/h3_Create Broadcast Template' is clicked on

2019-04-21 02:24:20 - [MESSAGE][PASSED] - Call Test Case 'Test Cases/Template testcases/TC0768' successfully

2019-04-21 02:24:20 - [TEST_STEP][PASSED] - click(findTestObject("Page_KiboPush  Create Broadcast Tem/h6_Text (4)")): Object: 'Object Repository/Page_KiboPush  Create Broadcast Tem/h6_Text (4)' is clicked on

2019-04-21 02:24:20 - [MESSAGE][PASSED] - Object: 'Object Repository/Page_KiboPush  Create Broadcast Tem/h6_Text (4)' is clicked on

2019-04-21 02:24:20 - [TEST_STEP][PASSED] - click(findTestObject("Object Repository/Page_KiboEngage  Create Broadcast Template/div_New text component added")): Object: 'Object Repository/Page_KiboEngage  Create Broadcast Template/div_New text component added' is clicked on

2019-04-21 02:24:20 - [MESSAGE][PASSED] - Object: 'Object Repository/Page_KiboEngage  Create Broadcast Template/div_New text component added' is clicked on

2019-04-21 02:24:20 - [TEST_STEP][PASSED] - delay(2): Delayed 2 second(s)

2019-04-21 02:24:22 - [MESSAGE][PASSED] - Delayed 2 second(s)

2019-04-21 02:24:22 - [MESSAGE][PASSED] - Call Test Case 'Test Cases/Template testcases/TC0769' successfully

2019-04-21 02:24:22 - [TEST_STEP][PASSED] - delay(1): Delayed 1 second(s)

2019-04-21 02:24:23 - [MESSAGE][PASSED] - Delayed 1 second(s)

2019-04-21 02:24:23 - [TEST_STEP][PASSED] - driver = getWebDriver(): null

2019-04-21 02:24:23 - [TEST_STEP][PASSED] - textArea = driver.findElement(By.xpath("//*[@id="List1"]/div/div/div[2]/textarea")): null]]></system-out>
         <system-err><![CDATA[2019-04-21 02:24:11 - [TEST_CASE][ERROR] - Test Cases/Template testcases/TC0772: Test Cases/Template testcases/TC0772 FAILED.
Reason:
org.openqa.selenium.NoSuchElementException: no such element: Unable to locate element: {"method":"xpath","selector":"//*[@id="List1"]/div/div/div[2]/textarea"}
  (Session info: chrome=73.0.3683.103)
  (Driver info: chromedriver=73.0.3683.68 (47787ec04b6e38e22703e856e101e840b65afe72),platform=Linux 4.15.0-47-generic x86_64) (WARNING: The server did not provide any stacktrace information)
Command duration or timeout: 0 milliseconds
For documentation on this error, please visit: http://seleniumhq.org/exceptions/no_such_element.html
Build info: version: '3.7.1', revision: '8a0099a', time: '2017-11-06T21:07:36.161Z'
System info: host: 'faizan-HP-EliteBook-850-G2', ip: '127.0.1.1', os.name: 'Linux', os.arch: 'amd64', os.version: '4.15.0-47-generic', java.version: '1.8.0_191'
Driver info: com.kms.katalon.selenium.driver.CChromeDriver
Capabilities {acceptInsecureCerts: false, acceptSslCerts: false, applicationCacheEnabled: false, browserConnectionEnabled: false, browserName: chrome, chrome: {chromedriverVersion: 73.0.3683.68 (47787ec04b6e3..., userDataDir: /tmp/.com.google.Chrome.FU0xWS}, cssSelectorsEnabled: true, databaseEnabled: false, goog:chromeOptions: {debuggerAddress: localhost:43539}, handlesAlerts: true, hasTouchScreen: false, javascriptEnabled: true, locationContextEnabled: true, mobileEmulationEnabled: false, nativeEvents: true, networkConnectionEnabled: false, pageLoadStrategy: normal, platform: LINUX, platformName: LINUX, proxy: Proxy(direct), rotatable: false, setWindowRect: true, strictFileInteractability: false, takesHeapSnapshot: true, takesScreenshot: true, timeouts: {implicit: 0, pageLoad: 300000, script: 30000}, unexpectedAlertBehaviour: ignore, unhandledPromptBehavior: ignore, version: 73.0.3683.103, webStorageEnabled: true}
Session ID: f13adca9b43bf4b34e393f07e02ab2e3
*** Element info: {Using=xpath, value=//*[@id="List1"]/div/div/div[2]/textarea}
	at org.openqa.selenium.remote.ErrorHandler.createThrowable(ErrorHandler.java:214)
	at org.openqa.selenium.remote.ErrorHandler.throwIfResponseFailed(ErrorHandler.java:166)
	at org.openqa.selenium.remote.http.JsonHttpResponseCodec.reconstructValue(JsonHttpResponseCodec.java:40)
	at org.openqa.selenium.remote.http.AbstractHttpResponseCodec.decode(AbstractHttpResponseCodec.java:80)
	at org.openqa.selenium.remote.http.AbstractHttpResponseCodec.decode(AbstractHttpResponseCodec.java:44)
	at org.openqa.selenium.remote.HttpCommandExecutor.execute(HttpCommandExecutor.java:164)
	at org.openqa.selenium.remote.service.DriverCommandExecutor.execute(DriverCommandExecutor.java:83)
	at org.openqa.selenium.remote.RemoteWebDriver.execute(RemoteWebDriver.java:600)
	at com.kms.katalon.selenium.driver.CChromeDriver.execute(CChromeDriver.java:20)
	at org.openqa.selenium.remote.RemoteWebDriver.findElement(RemoteWebDriver.java:370)
	at org.openqa.selenium.remote.RemoteWebDriver.findElementByXPath(RemoteWebDriver.java:472)
	at org.openqa.selenium.By$ByXPath.findElement(By.java:361)
	at org.openqa.selenium.remote.RemoteWebDriver.findElement(RemoteWebDriver.java:362)
	at org.openqa.selenium.WebDriver$findElement$0.call(Unknown Source)
	at TC0772.run(TC0772:32)
	at com.kms.katalon.core.main.ScriptEngine.run(ScriptEngine.java:194)
	at com.kms.katalon.core.main.ScriptEngine.runScriptAsRawText(ScriptEngine.java:119)
	at com.kms.katalon.core.main.TestCaseExecutor.runScript(TestCaseExecutor.java:336)
	at com.kms.katalon.core.main.TestCaseExecutor.doExecute(TestCaseExecutor.java:327)
	at com.kms.katalon.core.main.TestCaseExecutor.processExecutionPhase(TestCaseExecutor.java:306)
	at com.kms.katalon.core.main.TestCaseExecutor.accessMainPhase(TestCaseExecutor.java:298)
	at com.kms.katalon.core.main.TestCaseExecutor.execute(TestCaseExecutor.java:232)
	at com.kms.katalon.core.main.TestSuiteExecutor.accessTestCaseMainPhase(TestSuiteExecutor.java:129)
	at com.kms.katalon.core.main.TestSuiteExecutor.accessTestSuiteMainPhase(TestSuiteExecutor.java:112)
	at com.kms.katalon.core.main.TestSuiteExecutor.execute(TestSuiteExecutor.java:81)
	at com.kms.katalon.core.main.TestCaseMain.startTestSuite(TestCaseMain.java:157)
	at com.kms.katalon.core.main.TestCaseMain$startTestSuite$0.call(Unknown Source)
	at TempTestSuite1555795243480.run(TempTestSuite1555795243480.groovy:35)]]></system-err>
      </testcase>
      <testcase name="Test Cases/Template testcases/TC0773" classname="Test Cases/Template testcases/TC0773" status="ERROR">
         <error type="ERROR" message="Test Cases/Template testcases/TC0773 FAILED.
Reason:
org.openqa.selenium.NoSuchElementException: no such element: Unable to locate element: {&quot;method&quot;:&quot;xpath&quot;,&quot;selector&quot;:&quot;//*[@id=&quot;List1&quot;]/div/div/div[2]/textarea&quot;}
  (Session info: chrome=73.0.3683.103)
  (Driver info: chromedriver=73.0.3683.68 (47787ec04b6e38e22703e856e101e840b65afe72),platform=Linux 4.15.0-47-generic x86_64) (WARNING: The server did not provide any stacktrace information)
Command duration or timeout: 0 milliseconds
For documentation on this error, please visit: http://seleniumhq.org/exceptions/no_such_element.html
Build info: version: '3.7.1', revision: '8a0099a', time: '2017-11-06T21:07:36.161Z'
System info: host: 'faizan-HP-EliteBook-850-G2', ip: '127.0.1.1', os.name: 'Linux', os.arch: 'amd64', os.version: '4.15.0-47-generic', java.version: '1.8.0_191'
Driver info: com.kms.katalon.selenium.driver.CChromeDriver
Capabilities {acceptInsecureCerts: false, acceptSslCerts: false, applicationCacheEnabled: false, browserConnectionEnabled: false, browserName: chrome, chrome: {chromedriverVersion: 73.0.3683.68 (47787ec04b6e3..., userDataDir: /tmp/.com.google.Chrome.FU0xWS}, cssSelectorsEnabled: true, databaseEnabled: false, goog:chromeOptions: {debuggerAddress: localhost:43539}, handlesAlerts: true, hasTouchScreen: false, javascriptEnabled: true, locationContextEnabled: true, mobileEmulationEnabled: false, nativeEvents: true, networkConnectionEnabled: false, pageLoadStrategy: normal, platform: LINUX, platformName: LINUX, proxy: Proxy(direct), rotatable: false, setWindowRect: true, strictFileInteractability: false, takesHeapSnapshot: true, takesScreenshot: true, timeouts: {implicit: 0, pageLoad: 300000, script: 30000}, unexpectedAlertBehaviour: ignore, unhandledPromptBehavior: ignore, version: 73.0.3683.103, webStorageEnabled: true}
Session ID: f13adca9b43bf4b34e393f07e02ab2e3
*** Element info: {Using=xpath, value=//*[@id=&quot;List1&quot;]/div/div/div[2]/textarea}
	at org.openqa.selenium.remote.ErrorHandler.createThrowable(ErrorHandler.java:214)
	at org.openqa.selenium.remote.ErrorHandler.throwIfResponseFailed(ErrorHandler.java:166)
	at org.openqa.selenium.remote.http.JsonHttpResponseCodec.reconstructValue(JsonHttpResponseCodec.java:40)
	at org.openqa.selenium.remote.http.AbstractHttpResponseCodec.decode(AbstractHttpResponseCodec.java:80)
	at org.openqa.selenium.remote.http.AbstractHttpResponseCodec.decode(AbstractHttpResponseCodec.java:44)
	at org.openqa.selenium.remote.HttpCommandExecutor.execute(HttpCommandExecutor.java:164)
	at org.openqa.selenium.remote.service.DriverCommandExecutor.execute(DriverCommandExecutor.java:83)
	at org.openqa.selenium.remote.RemoteWebDriver.execute(RemoteWebDriver.java:600)
	at com.kms.katalon.selenium.driver.CChromeDriver.execute(CChromeDriver.java:20)
	at org.openqa.selenium.remote.RemoteWebDriver.findElement(RemoteWebDriver.java:370)
	at org.openqa.selenium.remote.RemoteWebDriver.findElementByXPath(RemoteWebDriver.java:472)
	at org.openqa.selenium.By$ByXPath.findElement(By.java:361)
	at org.openqa.selenium.remote.RemoteWebDriver.findElement(RemoteWebDriver.java:362)
	at org.openqa.selenium.WebDriver$findElement$0.call(Unknown Source)
	at TC0773.run(TC0773:32)
	at com.kms.katalon.core.main.ScriptEngine.run(ScriptEngine.java:194)
	at com.kms.katalon.core.main.ScriptEngine.runScriptAsRawText(ScriptEngine.java:119)
	at com.kms.katalon.core.main.TestCaseExecutor.runScript(TestCaseExecutor.java:336)
	at com.kms.katalon.core.main.TestCaseExecutor.doExecute(TestCaseExecutor.java:327)
	at com.kms.katalon.core.main.TestCaseExecutor.processExecutionPhase(TestCaseExecutor.java:306)
	at com.kms.katalon.core.main.TestCaseExecutor.accessMainPhase(TestCaseExecutor.java:298)
	at com.kms.katalon.core.main.TestCaseExecutor.execute(TestCaseExecutor.java:232)
	at com.kms.katalon.core.main.TestSuiteExecutor.accessTestCaseMainPhase(TestSuiteExecutor.java:129)
	at com.kms.katalon.core.main.TestSuiteExecutor.accessTestSuiteMainPhase(TestSuiteExecutor.java:112)
	at com.kms.katalon.core.main.TestSuiteExecutor.execute(TestSuiteExecutor.java:81)
	at com.kms.katalon.core.main.TestCaseMain.startTestSuite(TestCaseMain.java:157)
	at com.kms.katalon.core.main.TestCaseMain$startTestSuite$0.call(Unknown Source)
	at TempTestSuite1555795243480.run(TempTestSuite1555795243480.groovy:35)
"/>
         <system-out><![CDATA[2019-04-21 02:24:24 - [TEST_CASE][ERROR] - Test Cases/Template testcases/TC0773: Test Cases/Template testcases/TC0773 FAILED.
Reason:
org.openqa.selenium.NoSuchElementException: no such element: Unable to locate element: {"method":"xpath","selector":"//*[@id="List1"]/div/div/div[2]/textarea"}
  (Session info: chrome=73.0.3683.103)
  (Driver info: chromedriver=73.0.3683.68 (47787ec04b6e38e22703e856e101e840b65afe72),platform=Linux 4.15.0-47-generic x86_64) (WARNING: The server did not provide any stacktrace information)
Command duration or timeout: 0 milliseconds
For documentation on this error, please visit: http://seleniumhq.org/exceptions/no_such_element.html
Build info: version: '3.7.1', revision: '8a0099a', time: '2017-11-06T21:07:36.161Z'
System info: host: 'faizan-HP-EliteBook-850-G2', ip: '127.0.1.1', os.name: 'Linux', os.arch: 'amd64', os.version: '4.15.0-47-generic', java.version: '1.8.0_191'
Driver info: com.kms.katalon.selenium.driver.CChromeDriver
Capabilities {acceptInsecureCerts: false, acceptSslCerts: false, applicationCacheEnabled: false, browserConnectionEnabled: false, browserName: chrome, chrome: {chromedriverVersion: 73.0.3683.68 (47787ec04b6e3..., userDataDir: /tmp/.com.google.Chrome.FU0xWS}, cssSelectorsEnabled: true, databaseEnabled: false, goog:chromeOptions: {debuggerAddress: localhost:43539}, handlesAlerts: true, hasTouchScreen: false, javascriptEnabled: true, locationContextEnabled: true, mobileEmulationEnabled: false, nativeEvents: true, networkConnectionEnabled: false, pageLoadStrategy: normal, platform: LINUX, platformName: LINUX, proxy: Proxy(direct), rotatable: false, setWindowRect: true, strictFileInteractability: false, takesHeapSnapshot: true, takesScreenshot: true, timeouts: {implicit: 0, pageLoad: 300000, script: 30000}, unexpectedAlertBehaviour: ignore, unhandledPromptBehavior: ignore, version: 73.0.3683.103, webStorageEnabled: true}
Session ID: f13adca9b43bf4b34e393f07e02ab2e3
*** Element info: {Using=xpath, value=//*[@id="List1"]/div/div/div[2]/textarea}
	at org.openqa.selenium.remote.ErrorHandler.createThrowable(ErrorHandler.java:214)
	at org.openqa.selenium.remote.ErrorHandler.throwIfResponseFailed(ErrorHandler.java:166)
	at org.openqa.selenium.remote.http.JsonHttpResponseCodec.reconstructValue(JsonHttpResponseCodec.java:40)
	at org.openqa.selenium.remote.http.AbstractHttpResponseCodec.decode(AbstractHttpResponseCodec.java:80)
	at org.openqa.selenium.remote.http.AbstractHttpResponseCodec.decode(AbstractHttpResponseCodec.java:44)
	at org.openqa.selenium.remote.HttpCommandExecutor.execute(HttpCommandExecutor.java:164)
	at org.openqa.selenium.remote.service.DriverCommandExecutor.execute(DriverCommandExecutor.java:83)
	at org.openqa.selenium.remote.RemoteWebDriver.execute(RemoteWebDriver.java:600)
	at com.kms.katalon.selenium.driver.CChromeDriver.execute(CChromeDriver.java:20)
	at org.openqa.selenium.remote.RemoteWebDriver.findElement(RemoteWebDriver.java:370)
	at org.openqa.selenium.remote.RemoteWebDriver.findElementByXPath(RemoteWebDriver.java:472)
	at org.openqa.selenium.By$ByXPath.findElement(By.java:361)
	at org.openqa.selenium.remote.RemoteWebDriver.findElement(RemoteWebDriver.java:362)
	at org.openqa.selenium.WebDriver$findElement$0.call(Unknown Source)
	at TC0773.run(TC0773:32)
	at com.kms.katalon.core.main.ScriptEngine.run(ScriptEngine.java:194)
	at com.kms.katalon.core.main.ScriptEngine.runScriptAsRawText(ScriptEngine.java:119)
	at com.kms.katalon.core.main.TestCaseExecutor.runScript(TestCaseExecutor.java:336)
	at com.kms.katalon.core.main.TestCaseExecutor.doExecute(TestCaseExecutor.java:327)
	at com.kms.katalon.core.main.TestCaseExecutor.processExecutionPhase(TestCaseExecutor.java:306)
	at com.kms.katalon.core.main.TestCaseExecutor.accessMainPhase(TestCaseExecutor.java:298)
	at com.kms.katalon.core.main.TestCaseExecutor.execute(TestCaseExecutor.java:232)
	at com.kms.katalon.core.main.TestSuiteExecutor.accessTestCaseMainPhase(TestSuiteExecutor.java:129)
	at com.kms.katalon.core.main.TestSuiteExecutor.accessTestSuiteMainPhase(TestSuiteExecutor.java:112)
	at com.kms.katalon.core.main.TestSuiteExecutor.execute(TestSuiteExecutor.java:81)
	at com.kms.katalon.core.main.TestCaseMain.startTestSuite(TestCaseMain.java:157)
	at com.kms.katalon.core.main.TestCaseMain$startTestSuite$0.call(Unknown Source)
	at TempTestSuite1555795243480.run(TempTestSuite1555795243480.groovy:35)


2019-04-21 02:24:24 - [TEST_STEP][PASSED] - callTestCase(findTestCase("Template testcases/TC0771"), [:], STOP_ON_FAILURE): Call Test Case 'Test Cases/Template testcases/TC0771' successfully

2019-04-21 02:24:24 - [TEST_CASE][PASSED] - Test Cases/Template testcases/TC0771: Test Cases/Template testcases/TC0771

2019-04-21 02:24:24 - [TEST_STEP][PASSED] - callTestCase(findTestCase("Template testcases/TC0769"), [:], STOP_ON_FAILURE): Call Test Case 'Test Cases/Template testcases/TC0769' successfully

2019-04-21 02:24:24 - [TEST_CASE][PASSED] - Test Cases/Template testcases/TC0769: Test Cases/Template testcases/TC0769

2019-04-21 02:24:24 - [TEST_STEP][PASSED] - callTestCase(findTestCase("Template testcases/TC0768"), [:], STOP_ON_FAILURE): Call Test Case 'Test Cases/Template testcases/TC0768' successfully

2019-04-21 02:24:24 - [TEST_CASE][PASSED] - Test Cases/Template testcases/TC0768: Test Cases/Template testcases/TC0768

2019-04-21 02:24:24 - [TEST_STEP][PASSED] - callTestCase(findTestCase("s-sidebar_navigation/individualAccount/Template"), [:], STOP_ON_FAILURE): Call Test Case 'Test Cases/s-sidebar_navigation/individualAccount/Template' successfully

2019-04-21 02:24:24 - [TEST_CASE][PASSED] - Test Cases/s-sidebar_navigation/individualAccount/Template: Test Cases/s-sidebar_navigation/individualAccount/Template

2019-04-21 02:24:24 - [TEST_STEP][PASSED] - click(findTestObject("Page_KiboPush  Dashboard/span_Broadcasts")): Object: 'Object Repository/Page_KiboPush  Dashboard/span_Broadcasts' is clicked on

2019-04-21 02:24:24 - [MESSAGE][PASSED] - Object: 'Object Repository/Page_KiboPush  Dashboard/span_Broadcasts' is clicked on

2019-04-21 02:24:24 - [TEST_STEP][PASSED] - delay(1): Delayed 1 second(s)

2019-04-21 02:24:25 - [MESSAGE][PASSED] - Delayed 1 second(s)

2019-04-21 02:24:25 - [TEST_STEP][PASSED] - click(findTestObject("Page_KiboPush  Dashboard/span_Templates")): Object: 'Object Repository/Page_KiboPush  Dashboard/span_Templates' is clicked on

2019-04-21 02:24:25 - [MESSAGE][PASSED] - Object: 'Object Repository/Page_KiboPush  Dashboard/span_Templates' is clicked on

2019-04-21 02:24:25 - [TEST_STEP][PASSED] - delay(3): Delayed 3 second(s)

2019-04-21 02:24:28 - [MESSAGE][PASSED] - Delayed 3 second(s)

2019-04-21 02:24:28 - [TEST_STEP][PASSED] - scrollToPosition(0, 0): Browser is scrolled to position x = 0, y = 0

2019-04-21 02:24:28 - [MESSAGE][PASSED] - Browser is scrolled to position x = 0, y = 0

2019-04-21 02:24:28 - [TEST_STEP][PASSED] - click(findTestObject("Object Repository/Page_KiboEngage  Templates/h3_Templates")): Object: 'Object Repository/Page_KiboEngage  Templates/h3_Templates' is clicked on

2019-04-21 02:24:29 - [MESSAGE][PASSED] - Object: 'Object Repository/Page_KiboEngage  Templates/h3_Templates' is clicked on

2019-04-21 02:24:29 - [TEST_STEP][PASSED] - delay(3): Delayed 3 second(s)

2019-04-21 02:24:32 - [MESSAGE][PASSED] - Delayed 3 second(s)

2019-04-21 02:24:32 - [MESSAGE][PASSED] - Call Test Case 'Test Cases/s-sidebar_navigation/individualAccount/Template' successfully

2019-04-21 02:24:32 - [TEST_STEP][PASSED] - click(findTestObject("Object Repository/Page_KiboPush  Dashboard/button_Create New")): Object: 'Object Repository/Page_KiboPush  Dashboard/button_Create New' is clicked on

2019-04-21 02:24:32 - [MESSAGE][PASSED] - Object: 'Object Repository/Page_KiboPush  Dashboard/button_Create New' is clicked on

2019-04-21 02:24:32 - [TEST_STEP][PASSED] - click(findTestObject("Object Repository/Page_KiboPush  Create Broadcast Tem/h3_Create Broadcast Template")): Object: 'Object Repository/Page_KiboPush  Create Broadcast Tem/h3_Create Broadcast Template' is clicked on

2019-04-21 02:24:32 - [MESSAGE][PASSED] - Object: 'Object Repository/Page_KiboPush  Create Broadcast Tem/h3_Create Broadcast Template' is clicked on

2019-04-21 02:24:32 - [MESSAGE][PASSED] - Call Test Case 'Test Cases/Template testcases/TC0768' successfully

2019-04-21 02:24:32 - [TEST_STEP][PASSED] - click(findTestObject("Page_KiboPush  Create Broadcast Tem/h6_Text (4)")): Object: 'Object Repository/Page_KiboPush  Create Broadcast Tem/h6_Text (4)' is clicked on

2019-04-21 02:24:32 - [MESSAGE][PASSED] - Object: 'Object Repository/Page_KiboPush  Create Broadcast Tem/h6_Text (4)' is clicked on

2019-04-21 02:24:32 - [TEST_STEP][PASSED] - click(findTestObject("Object Repository/Page_KiboEngage  Create Broadcast Template/div_New text component added")): Object: 'Object Repository/Page_KiboEngage  Create Broadcast Template/div_New text component added' is clicked on

2019-04-21 02:24:32 - [MESSAGE][PASSED] - Object: 'Object Repository/Page_KiboEngage  Create Broadcast Template/div_New text component added' is clicked on

2019-04-21 02:24:32 - [TEST_STEP][PASSED] - delay(2): Delayed 2 second(s)

2019-04-21 02:24:34 - [MESSAGE][PASSED] - Delayed 2 second(s)

2019-04-21 02:24:34 - [MESSAGE][PASSED] - Call Test Case 'Test Cases/Template testcases/TC0769' successfully

2019-04-21 02:24:34 - [TEST_STEP][PASSED] - click(findTestObject("Page_KiboPush  Create Broadcast Tem/h6_ Add Button (6)")): Object: 'Object Repository/Page_KiboPush  Create Broadcast Tem/h6_ Add Button (6)' is clicked on

2019-04-21 02:24:34 - [MESSAGE][PASSED] - Object: 'Object Repository/Page_KiboPush  Create Broadcast Tem/h6_ Add Button (6)' is clicked on

2019-04-21 02:24:34 - [TEST_STEP][PASSED] - setText(findTestObject("Page_KiboPush  Create Broadcast Tem/input_form-control (11)"), "google"): Text 'google' is set on object 'Object Repository/Page_KiboPush  Create Broadcast Tem/input_form-control (11)'

2019-04-21 02:24:35 - [MESSAGE][PASSED] - Text 'google' is set on object 'Object Repository/Page_KiboPush  Create Broadcast Tem/input_form-control (11)'

2019-04-21 02:24:35 - [TEST_STEP][PASSED] - click(findTestObject("Page_KiboPush  Create Broadcast Tem/h7_Open a website (4)")): Object: 'Object Repository/Page_KiboPush  Create Broadcast Tem/h7_Open a website (4)' is clicked on

2019-04-21 02:24:35 - [MESSAGE][PASSED] - Object: 'Object Repository/Page_KiboPush  Create Broadcast Tem/h7_Open a website (4)' is clicked on

2019-04-21 02:24:35 - [TEST_STEP][PASSED] - setText(findTestObject("Page_KiboPush  Create Broadcast Tem/input_form-control_1 (5)"), "www.google.com"): Text 'www.google.com' is set on object 'Object Repository/Page_KiboPush  Create Broadcast Tem/input_form-control_1 (5)'

2019-04-21 02:24:35 - [MESSAGE][PASSED] - Text 'www.google.com' is set on object 'Object Repository/Page_KiboPush  Create Broadcast Tem/input_form-control_1 (5)'

2019-04-21 02:24:35 - [TEST_STEP][PASSED] - click(findTestObject("Page_KiboPush  Create Broadcast Tem/button_Done (5)")): Object: 'Object Repository/Page_KiboPush  Create Broadcast Tem/button_Done (5)' is clicked on

2019-04-21 02:24:36 - [MESSAGE][PASSED] - Object: 'Object Repository/Page_KiboPush  Create Broadcast Tem/button_Done (5)' is clicked on

2019-04-21 02:24:36 - [TEST_STEP][PASSED] - delay(2): Delayed 2 second(s)

2019-04-21 02:24:38 - [MESSAGE][PASSED] - Delayed 2 second(s)

2019-04-21 02:24:38 - [TEST_STEP][PASSED] - verifyTextPresent("google", false): Text 'google' is present on page 

2019-04-21 02:24:38 - [MESSAGE][PASSED] - Text 'google' is present on page 

2019-04-21 02:24:38 - [MESSAGE][PASSED] - Call Test Case 'Test Cases/Template testcases/TC0771' successfully

2019-04-21 02:24:38 - [TEST_STEP][PASSED] - delay(1): Delayed 1 second(s)

2019-04-21 02:24:39 - [MESSAGE][PASSED] - Delayed 1 second(s)

2019-04-21 02:24:39 - [TEST_STEP][PASSED] - driver = getWebDriver(): null

2019-04-21 02:24:39 - [TEST_STEP][PASSED] - textArea = driver.findElement(By.xpath("//*[@id="List1"]/div/div/div[2]/textarea")): null]]></system-out>
         <system-err><![CDATA[2019-04-21 02:24:24 - [TEST_CASE][ERROR] - Test Cases/Template testcases/TC0773: Test Cases/Template testcases/TC0773 FAILED.
Reason:
org.openqa.selenium.NoSuchElementException: no such element: Unable to locate element: {"method":"xpath","selector":"//*[@id="List1"]/div/div/div[2]/textarea"}
  (Session info: chrome=73.0.3683.103)
  (Driver info: chromedriver=73.0.3683.68 (47787ec04b6e38e22703e856e101e840b65afe72),platform=Linux 4.15.0-47-generic x86_64) (WARNING: The server did not provide any stacktrace information)
Command duration or timeout: 0 milliseconds
For documentation on this error, please visit: http://seleniumhq.org/exceptions/no_such_element.html
Build info: version: '3.7.1', revision: '8a0099a', time: '2017-11-06T21:07:36.161Z'
System info: host: 'faizan-HP-EliteBook-850-G2', ip: '127.0.1.1', os.name: 'Linux', os.arch: 'amd64', os.version: '4.15.0-47-generic', java.version: '1.8.0_191'
Driver info: com.kms.katalon.selenium.driver.CChromeDriver
Capabilities {acceptInsecureCerts: false, acceptSslCerts: false, applicationCacheEnabled: false, browserConnectionEnabled: false, browserName: chrome, chrome: {chromedriverVersion: 73.0.3683.68 (47787ec04b6e3..., userDataDir: /tmp/.com.google.Chrome.FU0xWS}, cssSelectorsEnabled: true, databaseEnabled: false, goog:chromeOptions: {debuggerAddress: localhost:43539}, handlesAlerts: true, hasTouchScreen: false, javascriptEnabled: true, locationContextEnabled: true, mobileEmulationEnabled: false, nativeEvents: true, networkConnectionEnabled: false, pageLoadStrategy: normal, platform: LINUX, platformName: LINUX, proxy: Proxy(direct), rotatable: false, setWindowRect: true, strictFileInteractability: false, takesHeapSnapshot: true, takesScreenshot: true, timeouts: {implicit: 0, pageLoad: 300000, script: 30000}, unexpectedAlertBehaviour: ignore, unhandledPromptBehavior: ignore, version: 73.0.3683.103, webStorageEnabled: true}
Session ID: f13adca9b43bf4b34e393f07e02ab2e3
*** Element info: {Using=xpath, value=//*[@id="List1"]/div/div/div[2]/textarea}
	at org.openqa.selenium.remote.ErrorHandler.createThrowable(ErrorHandler.java:214)
	at org.openqa.selenium.remote.ErrorHandler.throwIfResponseFailed(ErrorHandler.java:166)
	at org.openqa.selenium.remote.http.JsonHttpResponseCodec.reconstructValue(JsonHttpResponseCodec.java:40)
	at org.openqa.selenium.remote.http.AbstractHttpResponseCodec.decode(AbstractHttpResponseCodec.java:80)
	at org.openqa.selenium.remote.http.AbstractHttpResponseCodec.decode(AbstractHttpResponseCodec.java:44)
	at org.openqa.selenium.remote.HttpCommandExecutor.execute(HttpCommandExecutor.java:164)
	at org.openqa.selenium.remote.service.DriverCommandExecutor.execute(DriverCommandExecutor.java:83)
	at org.openqa.selenium.remote.RemoteWebDriver.execute(RemoteWebDriver.java:600)
	at com.kms.katalon.selenium.driver.CChromeDriver.execute(CChromeDriver.java:20)
	at org.openqa.selenium.remote.RemoteWebDriver.findElement(RemoteWebDriver.java:370)
	at org.openqa.selenium.remote.RemoteWebDriver.findElementByXPath(RemoteWebDriver.java:472)
	at org.openqa.selenium.By$ByXPath.findElement(By.java:361)
	at org.openqa.selenium.remote.RemoteWebDriver.findElement(RemoteWebDriver.java:362)
	at org.openqa.selenium.WebDriver$findElement$0.call(Unknown Source)
	at TC0773.run(TC0773:32)
	at com.kms.katalon.core.main.ScriptEngine.run(ScriptEngine.java:194)
	at com.kms.katalon.core.main.ScriptEngine.runScriptAsRawText(ScriptEngine.java:119)
	at com.kms.katalon.core.main.TestCaseExecutor.runScript(TestCaseExecutor.java:336)
	at com.kms.katalon.core.main.TestCaseExecutor.doExecute(TestCaseExecutor.java:327)
	at com.kms.katalon.core.main.TestCaseExecutor.processExecutionPhase(TestCaseExecutor.java:306)
	at com.kms.katalon.core.main.TestCaseExecutor.accessMainPhase(TestCaseExecutor.java:298)
	at com.kms.katalon.core.main.TestCaseExecutor.execute(TestCaseExecutor.java:232)
	at com.kms.katalon.core.main.TestSuiteExecutor.accessTestCaseMainPhase(TestSuiteExecutor.java:129)
	at com.kms.katalon.core.main.TestSuiteExecutor.accessTestSuiteMainPhase(TestSuiteExecutor.java:112)
	at com.kms.katalon.core.main.TestSuiteExecutor.execute(TestSuiteExecutor.java:81)
	at com.kms.katalon.core.main.TestCaseMain.startTestSuite(TestCaseMain.java:157)
	at com.kms.katalon.core.main.TestCaseMain$startTestSuite$0.call(Unknown Source)
	at TempTestSuite1555795243480.run(TempTestSuite1555795243480.groovy:35)]]></system-err>
      </testcase>
      <testcase name="Test Cases/Template testcases/TC0774" classname="Test Cases/Template testcases/TC0774" status="ERROR">
         <error type="ERROR" message="Test Cases/Template testcases/TC0774 FAILED.
Reason:
org.openqa.selenium.NoSuchElementException: no such element: Unable to locate element: {&quot;method&quot;:&quot;xpath&quot;,&quot;selector&quot;:&quot;//*[@id=&quot;List1&quot;]/div/div/div[2]/textarea&quot;}
  (Session info: chrome=73.0.3683.103)
  (Driver info: chromedriver=73.0.3683.68 (47787ec04b6e38e22703e856e101e840b65afe72),platform=Linux 4.15.0-47-generic x86_64) (WARNING: The server did not provide any stacktrace information)
Command duration or timeout: 0 milliseconds
For documentation on this error, please visit: http://seleniumhq.org/exceptions/no_such_element.html
Build info: version: '3.7.1', revision: '8a0099a', time: '2017-11-06T21:07:36.161Z'
System info: host: 'faizan-HP-EliteBook-850-G2', ip: '127.0.1.1', os.name: 'Linux', os.arch: 'amd64', os.version: '4.15.0-47-generic', java.version: '1.8.0_191'
Driver info: com.kms.katalon.selenium.driver.CChromeDriver
Capabilities {acceptInsecureCerts: false, acceptSslCerts: false, applicationCacheEnabled: false, browserConnectionEnabled: false, browserName: chrome, chrome: {chromedriverVersion: 73.0.3683.68 (47787ec04b6e3..., userDataDir: /tmp/.com.google.Chrome.FU0xWS}, cssSelectorsEnabled: true, databaseEnabled: false, goog:chromeOptions: {debuggerAddress: localhost:43539}, handlesAlerts: true, hasTouchScreen: false, javascriptEnabled: true, locationContextEnabled: true, mobileEmulationEnabled: false, nativeEvents: true, networkConnectionEnabled: false, pageLoadStrategy: normal, platform: LINUX, platformName: LINUX, proxy: Proxy(direct), rotatable: false, setWindowRect: true, strictFileInteractability: false, takesHeapSnapshot: true, takesScreenshot: true, timeouts: {implicit: 0, pageLoad: 300000, script: 30000}, unexpectedAlertBehaviour: ignore, unhandledPromptBehavior: ignore, version: 73.0.3683.103, webStorageEnabled: true}
Session ID: f13adca9b43bf4b34e393f07e02ab2e3
*** Element info: {Using=xpath, value=//*[@id=&quot;List1&quot;]/div/div/div[2]/textarea}
	at org.openqa.selenium.remote.ErrorHandler.createThrowable(ErrorHandler.java:214)
	at org.openqa.selenium.remote.ErrorHandler.throwIfResponseFailed(ErrorHandler.java:166)
	at org.openqa.selenium.remote.http.JsonHttpResponseCodec.reconstructValue(JsonHttpResponseCodec.java:40)
	at org.openqa.selenium.remote.http.AbstractHttpResponseCodec.decode(AbstractHttpResponseCodec.java:80)
	at org.openqa.selenium.remote.http.AbstractHttpResponseCodec.decode(AbstractHttpResponseCodec.java:44)
	at org.openqa.selenium.remote.HttpCommandExecutor.execute(HttpCommandExecutor.java:164)
	at org.openqa.selenium.remote.service.DriverCommandExecutor.execute(DriverCommandExecutor.java:83)
	at org.openqa.selenium.remote.RemoteWebDriver.execute(RemoteWebDriver.java:600)
	at com.kms.katalon.selenium.driver.CChromeDriver.execute(CChromeDriver.java:20)
	at org.openqa.selenium.remote.RemoteWebDriver.findElement(RemoteWebDriver.java:370)
	at org.openqa.selenium.remote.RemoteWebDriver.findElementByXPath(RemoteWebDriver.java:472)
	at org.openqa.selenium.By$ByXPath.findElement(By.java:361)
	at org.openqa.selenium.remote.RemoteWebDriver.findElement(RemoteWebDriver.java:362)
	at org.openqa.selenium.WebDriver$findElement$0.call(Unknown Source)
	at TC0774.run(TC0774:32)
	at com.kms.katalon.core.main.ScriptEngine.run(ScriptEngine.java:194)
	at com.kms.katalon.core.main.ScriptEngine.runScriptAsRawText(ScriptEngine.java:119)
	at com.kms.katalon.core.main.TestCaseExecutor.runScript(TestCaseExecutor.java:336)
	at com.kms.katalon.core.main.TestCaseExecutor.doExecute(TestCaseExecutor.java:327)
	at com.kms.katalon.core.main.TestCaseExecutor.processExecutionPhase(TestCaseExecutor.java:306)
	at com.kms.katalon.core.main.TestCaseExecutor.accessMainPhase(TestCaseExecutor.java:298)
	at com.kms.katalon.core.main.TestCaseExecutor.execute(TestCaseExecutor.java:232)
	at com.kms.katalon.core.main.TestSuiteExecutor.accessTestCaseMainPhase(TestSuiteExecutor.java:129)
	at com.kms.katalon.core.main.TestSuiteExecutor.accessTestSuiteMainPhase(TestSuiteExecutor.java:112)
	at com.kms.katalon.core.main.TestSuiteExecutor.execute(TestSuiteExecutor.java:81)
	at com.kms.katalon.core.main.TestCaseMain.startTestSuite(TestCaseMain.java:157)
	at com.kms.katalon.core.main.TestCaseMain$startTestSuite$0.call(Unknown Source)
	at TempTestSuite1555795243480.run(TempTestSuite1555795243480.groovy:35)
"/>
         <system-out><![CDATA[2019-04-21 02:24:39 - [TEST_CASE][ERROR] - Test Cases/Template testcases/TC0774: Test Cases/Template testcases/TC0774 FAILED.
Reason:
org.openqa.selenium.NoSuchElementException: no such element: Unable to locate element: {"method":"xpath","selector":"//*[@id="List1"]/div/div/div[2]/textarea"}
  (Session info: chrome=73.0.3683.103)
  (Driver info: chromedriver=73.0.3683.68 (47787ec04b6e38e22703e856e101e840b65afe72),platform=Linux 4.15.0-47-generic x86_64) (WARNING: The server did not provide any stacktrace information)
Command duration or timeout: 0 milliseconds
For documentation on this error, please visit: http://seleniumhq.org/exceptions/no_such_element.html
Build info: version: '3.7.1', revision: '8a0099a', time: '2017-11-06T21:07:36.161Z'
System info: host: 'faizan-HP-EliteBook-850-G2', ip: '127.0.1.1', os.name: 'Linux', os.arch: 'amd64', os.version: '4.15.0-47-generic', java.version: '1.8.0_191'
Driver info: com.kms.katalon.selenium.driver.CChromeDriver
Capabilities {acceptInsecureCerts: false, acceptSslCerts: false, applicationCacheEnabled: false, browserConnectionEnabled: false, browserName: chrome, chrome: {chromedriverVersion: 73.0.3683.68 (47787ec04b6e3..., userDataDir: /tmp/.com.google.Chrome.FU0xWS}, cssSelectorsEnabled: true, databaseEnabled: false, goog:chromeOptions: {debuggerAddress: localhost:43539}, handlesAlerts: true, hasTouchScreen: false, javascriptEnabled: true, locationContextEnabled: true, mobileEmulationEnabled: false, nativeEvents: true, networkConnectionEnabled: false, pageLoadStrategy: normal, platform: LINUX, platformName: LINUX, proxy: Proxy(direct), rotatable: false, setWindowRect: true, strictFileInteractability: false, takesHeapSnapshot: true, takesScreenshot: true, timeouts: {implicit: 0, pageLoad: 300000, script: 30000}, unexpectedAlertBehaviour: ignore, unhandledPromptBehavior: ignore, version: 73.0.3683.103, webStorageEnabled: true}
Session ID: f13adca9b43bf4b34e393f07e02ab2e3
*** Element info: {Using=xpath, value=//*[@id="List1"]/div/div/div[2]/textarea}
	at org.openqa.selenium.remote.ErrorHandler.createThrowable(ErrorHandler.java:214)
	at org.openqa.selenium.remote.ErrorHandler.throwIfResponseFailed(ErrorHandler.java:166)
	at org.openqa.selenium.remote.http.JsonHttpResponseCodec.reconstructValue(JsonHttpResponseCodec.java:40)
	at org.openqa.selenium.remote.http.AbstractHttpResponseCodec.decode(AbstractHttpResponseCodec.java:80)
	at org.openqa.selenium.remote.http.AbstractHttpResponseCodec.decode(AbstractHttpResponseCodec.java:44)
	at org.openqa.selenium.remote.HttpCommandExecutor.execute(HttpCommandExecutor.java:164)
	at org.openqa.selenium.remote.service.DriverCommandExecutor.execute(DriverCommandExecutor.java:83)
	at org.openqa.selenium.remote.RemoteWebDriver.execute(RemoteWebDriver.java:600)
	at com.kms.katalon.selenium.driver.CChromeDriver.execute(CChromeDriver.java:20)
	at org.openqa.selenium.remote.RemoteWebDriver.findElement(RemoteWebDriver.java:370)
	at org.openqa.selenium.remote.RemoteWebDriver.findElementByXPath(RemoteWebDriver.java:472)
	at org.openqa.selenium.By$ByXPath.findElement(By.java:361)
	at org.openqa.selenium.remote.RemoteWebDriver.findElement(RemoteWebDriver.java:362)
	at org.openqa.selenium.WebDriver$findElement$0.call(Unknown Source)
	at TC0774.run(TC0774:32)
	at com.kms.katalon.core.main.ScriptEngine.run(ScriptEngine.java:194)
	at com.kms.katalon.core.main.ScriptEngine.runScriptAsRawText(ScriptEngine.java:119)
	at com.kms.katalon.core.main.TestCaseExecutor.runScript(TestCaseExecutor.java:336)
	at com.kms.katalon.core.main.TestCaseExecutor.doExecute(TestCaseExecutor.java:327)
	at com.kms.katalon.core.main.TestCaseExecutor.processExecutionPhase(TestCaseExecutor.java:306)
	at com.kms.katalon.core.main.TestCaseExecutor.accessMainPhase(TestCaseExecutor.java:298)
	at com.kms.katalon.core.main.TestCaseExecutor.execute(TestCaseExecutor.java:232)
	at com.kms.katalon.core.main.TestSuiteExecutor.accessTestCaseMainPhase(TestSuiteExecutor.java:129)
	at com.kms.katalon.core.main.TestSuiteExecutor.accessTestSuiteMainPhase(TestSuiteExecutor.java:112)
	at com.kms.katalon.core.main.TestSuiteExecutor.execute(TestSuiteExecutor.java:81)
	at com.kms.katalon.core.main.TestCaseMain.startTestSuite(TestCaseMain.java:157)
	at com.kms.katalon.core.main.TestCaseMain$startTestSuite$0.call(Unknown Source)
	at TempTestSuite1555795243480.run(TempTestSuite1555795243480.groovy:35)


2019-04-21 02:24:39 - [TEST_STEP][PASSED] - callTestCase(findTestCase("Template testcases/TC0771"), [:], STOP_ON_FAILURE): Call Test Case 'Test Cases/Template testcases/TC0771' successfully

2019-04-21 02:24:39 - [TEST_CASE][PASSED] - Test Cases/Template testcases/TC0771: Test Cases/Template testcases/TC0771

2019-04-21 02:24:39 - [TEST_STEP][PASSED] - callTestCase(findTestCase("Template testcases/TC0769"), [:], STOP_ON_FAILURE): Call Test Case 'Test Cases/Template testcases/TC0769' successfully

2019-04-21 02:24:39 - [TEST_CASE][PASSED] - Test Cases/Template testcases/TC0769: Test Cases/Template testcases/TC0769

2019-04-21 02:24:39 - [TEST_STEP][PASSED] - callTestCase(findTestCase("Template testcases/TC0768"), [:], STOP_ON_FAILURE): Call Test Case 'Test Cases/Template testcases/TC0768' successfully

2019-04-21 02:24:39 - [TEST_CASE][PASSED] - Test Cases/Template testcases/TC0768: Test Cases/Template testcases/TC0768

2019-04-21 02:24:39 - [TEST_STEP][PASSED] - callTestCase(findTestCase("s-sidebar_navigation/individualAccount/Template"), [:], STOP_ON_FAILURE): Call Test Case 'Test Cases/s-sidebar_navigation/individualAccount/Template' successfully

2019-04-21 02:24:39 - [TEST_CASE][PASSED] - Test Cases/s-sidebar_navigation/individualAccount/Template: Test Cases/s-sidebar_navigation/individualAccount/Template

2019-04-21 02:24:39 - [TEST_STEP][PASSED] - click(findTestObject("Page_KiboPush  Dashboard/span_Broadcasts")): Object: 'Object Repository/Page_KiboPush  Dashboard/span_Broadcasts' is clicked on

2019-04-21 02:24:40 - [MESSAGE][PASSED] - Object: 'Object Repository/Page_KiboPush  Dashboard/span_Broadcasts' is clicked on

2019-04-21 02:24:40 - [TEST_STEP][PASSED] - delay(1): Delayed 1 second(s)

2019-04-21 02:24:41 - [MESSAGE][PASSED] - Delayed 1 second(s)

2019-04-21 02:24:41 - [TEST_STEP][PASSED] - click(findTestObject("Page_KiboPush  Dashboard/span_Templates")): Object: 'Object Repository/Page_KiboPush  Dashboard/span_Templates' is clicked on

2019-04-21 02:24:41 - [MESSAGE][PASSED] - Object: 'Object Repository/Page_KiboPush  Dashboard/span_Templates' is clicked on

2019-04-21 02:24:41 - [TEST_STEP][PASSED] - delay(3): Delayed 3 second(s)

2019-04-21 02:24:44 - [MESSAGE][PASSED] - Delayed 3 second(s)

2019-04-21 02:24:44 - [TEST_STEP][PASSED] - scrollToPosition(0, 0): Browser is scrolled to position x = 0, y = 0

2019-04-21 02:24:44 - [MESSAGE][PASSED] - Browser is scrolled to position x = 0, y = 0

2019-04-21 02:24:44 - [TEST_STEP][PASSED] - click(findTestObject("Object Repository/Page_KiboEngage  Templates/h3_Templates")): Object: 'Object Repository/Page_KiboEngage  Templates/h3_Templates' is clicked on

2019-04-21 02:24:44 - [MESSAGE][PASSED] - Object: 'Object Repository/Page_KiboEngage  Templates/h3_Templates' is clicked on

2019-04-21 02:24:44 - [TEST_STEP][PASSED] - delay(3): Delayed 3 second(s)

2019-04-21 02:24:47 - [MESSAGE][PASSED] - Delayed 3 second(s)

2019-04-21 02:24:47 - [MESSAGE][PASSED] - Call Test Case 'Test Cases/s-sidebar_navigation/individualAccount/Template' successfully

2019-04-21 02:24:47 - [TEST_STEP][PASSED] - click(findTestObject("Object Repository/Page_KiboPush  Dashboard/button_Create New")): Object: 'Object Repository/Page_KiboPush  Dashboard/button_Create New' is clicked on

2019-04-21 02:24:47 - [MESSAGE][PASSED] - Object: 'Object Repository/Page_KiboPush  Dashboard/button_Create New' is clicked on

2019-04-21 02:24:47 - [TEST_STEP][PASSED] - click(findTestObject("Object Repository/Page_KiboPush  Create Broadcast Tem/h3_Create Broadcast Template")): Object: 'Object Repository/Page_KiboPush  Create Broadcast Tem/h3_Create Broadcast Template' is clicked on

2019-04-21 02:24:47 - [MESSAGE][PASSED] - Object: 'Object Repository/Page_KiboPush  Create Broadcast Tem/h3_Create Broadcast Template' is clicked on

2019-04-21 02:24:47 - [MESSAGE][PASSED] - Call Test Case 'Test Cases/Template testcases/TC0768' successfully

2019-04-21 02:24:47 - [TEST_STEP][PASSED] - click(findTestObject("Page_KiboPush  Create Broadcast Tem/h6_Text (4)")): Object: 'Object Repository/Page_KiboPush  Create Broadcast Tem/h6_Text (4)' is clicked on

2019-04-21 02:24:48 - [MESSAGE][PASSED] - Object: 'Object Repository/Page_KiboPush  Create Broadcast Tem/h6_Text (4)' is clicked on

2019-04-21 02:24:48 - [TEST_STEP][PASSED] - click(findTestObject("Object Repository/Page_KiboEngage  Create Broadcast Template/div_New text component added")): Object: 'Object Repository/Page_KiboEngage  Create Broadcast Template/div_New text component added' is clicked on

2019-04-21 02:24:48 - [MESSAGE][PASSED] - Object: 'Object Repository/Page_KiboEngage  Create Broadcast Template/div_New text component added' is clicked on

2019-04-21 02:24:48 - [TEST_STEP][PASSED] - delay(2): Delayed 2 second(s)

2019-04-21 02:24:50 - [MESSAGE][PASSED] - Delayed 2 second(s)

2019-04-21 02:24:50 - [MESSAGE][PASSED] - Call Test Case 'Test Cases/Template testcases/TC0769' successfully

2019-04-21 02:24:50 - [TEST_STEP][PASSED] - click(findTestObject("Page_KiboPush  Create Broadcast Tem/h6_ Add Button (6)")): Object: 'Object Repository/Page_KiboPush  Create Broadcast Tem/h6_ Add Button (6)' is clicked on

2019-04-21 02:24:50 - [MESSAGE][PASSED] - Object: 'Object Repository/Page_KiboPush  Create Broadcast Tem/h6_ Add Button (6)' is clicked on

2019-04-21 02:24:50 - [TEST_STEP][PASSED] - setText(findTestObject("Page_KiboPush  Create Broadcast Tem/input_form-control (11)"), "google"): Text 'google' is set on object 'Object Repository/Page_KiboPush  Create Broadcast Tem/input_form-control (11)'

2019-04-21 02:24:50 - [MESSAGE][PASSED] - Text 'google' is set on object 'Object Repository/Page_KiboPush  Create Broadcast Tem/input_form-control (11)'

2019-04-21 02:24:50 - [TEST_STEP][PASSED] - click(findTestObject("Page_KiboPush  Create Broadcast Tem/h7_Open a website (4)")): Object: 'Object Repository/Page_KiboPush  Create Broadcast Tem/h7_Open a website (4)' is clicked on

2019-04-21 02:24:50 - [MESSAGE][PASSED] - Object: 'Object Repository/Page_KiboPush  Create Broadcast Tem/h7_Open a website (4)' is clicked on

2019-04-21 02:24:50 - [TEST_STEP][PASSED] - setText(findTestObject("Page_KiboPush  Create Broadcast Tem/input_form-control_1 (5)"), "www.google.com"): Text 'www.google.com' is set on object 'Object Repository/Page_KiboPush  Create Broadcast Tem/input_form-control_1 (5)'

2019-04-21 02:24:51 - [MESSAGE][PASSED] - Text 'www.google.com' is set on object 'Object Repository/Page_KiboPush  Create Broadcast Tem/input_form-control_1 (5)'

2019-04-21 02:24:51 - [TEST_STEP][PASSED] - click(findTestObject("Page_KiboPush  Create Broadcast Tem/button_Done (5)")): Object: 'Object Repository/Page_KiboPush  Create Broadcast Tem/button_Done (5)' is clicked on

2019-04-21 02:24:51 - [MESSAGE][PASSED] - Object: 'Object Repository/Page_KiboPush  Create Broadcast Tem/button_Done (5)' is clicked on

2019-04-21 02:24:51 - [TEST_STEP][PASSED] - delay(2): Delayed 2 second(s)

2019-04-21 02:24:53 - [MESSAGE][PASSED] - Delayed 2 second(s)

2019-04-21 02:24:53 - [TEST_STEP][PASSED] - verifyTextPresent("google", false): Text 'google' is present on page 

2019-04-21 02:24:53 - [MESSAGE][PASSED] - Text 'google' is present on page 

2019-04-21 02:24:53 - [MESSAGE][PASSED] - Call Test Case 'Test Cases/Template testcases/TC0771' successfully

2019-04-21 02:24:53 - [TEST_STEP][PASSED] - delay(1): Delayed 1 second(s)

2019-04-21 02:24:54 - [MESSAGE][PASSED] - Delayed 1 second(s)

2019-04-21 02:24:54 - [TEST_STEP][PASSED] - driver = getWebDriver(): null

2019-04-21 02:24:54 - [TEST_STEP][PASSED] - textArea = driver.findElement(By.xpath("//*[@id="List1"]/div/div/div[2]/textarea")): null]]></system-out>
         <system-err><![CDATA[2019-04-21 02:24:39 - [TEST_CASE][ERROR] - Test Cases/Template testcases/TC0774: Test Cases/Template testcases/TC0774 FAILED.
Reason:
org.openqa.selenium.NoSuchElementException: no such element: Unable to locate element: {"method":"xpath","selector":"//*[@id="List1"]/div/div/div[2]/textarea"}
  (Session info: chrome=73.0.3683.103)
  (Driver info: chromedriver=73.0.3683.68 (47787ec04b6e38e22703e856e101e840b65afe72),platform=Linux 4.15.0-47-generic x86_64) (WARNING: The server did not provide any stacktrace information)
Command duration or timeout: 0 milliseconds
For documentation on this error, please visit: http://seleniumhq.org/exceptions/no_such_element.html
Build info: version: '3.7.1', revision: '8a0099a', time: '2017-11-06T21:07:36.161Z'
System info: host: 'faizan-HP-EliteBook-850-G2', ip: '127.0.1.1', os.name: 'Linux', os.arch: 'amd64', os.version: '4.15.0-47-generic', java.version: '1.8.0_191'
Driver info: com.kms.katalon.selenium.driver.CChromeDriver
Capabilities {acceptInsecureCerts: false, acceptSslCerts: false, applicationCacheEnabled: false, browserConnectionEnabled: false, browserName: chrome, chrome: {chromedriverVersion: 73.0.3683.68 (47787ec04b6e3..., userDataDir: /tmp/.com.google.Chrome.FU0xWS}, cssSelectorsEnabled: true, databaseEnabled: false, goog:chromeOptions: {debuggerAddress: localhost:43539}, handlesAlerts: true, hasTouchScreen: false, javascriptEnabled: true, locationContextEnabled: true, mobileEmulationEnabled: false, nativeEvents: true, networkConnectionEnabled: false, pageLoadStrategy: normal, platform: LINUX, platformName: LINUX, proxy: Proxy(direct), rotatable: false, setWindowRect: true, strictFileInteractability: false, takesHeapSnapshot: true, takesScreenshot: true, timeouts: {implicit: 0, pageLoad: 300000, script: 30000}, unexpectedAlertBehaviour: ignore, unhandledPromptBehavior: ignore, version: 73.0.3683.103, webStorageEnabled: true}
Session ID: f13adca9b43bf4b34e393f07e02ab2e3
*** Element info: {Using=xpath, value=//*[@id="List1"]/div/div/div[2]/textarea}
	at org.openqa.selenium.remote.ErrorHandler.createThrowable(ErrorHandler.java:214)
	at org.openqa.selenium.remote.ErrorHandler.throwIfResponseFailed(ErrorHandler.java:166)
	at org.openqa.selenium.remote.http.JsonHttpResponseCodec.reconstructValue(JsonHttpResponseCodec.java:40)
	at org.openqa.selenium.remote.http.AbstractHttpResponseCodec.decode(AbstractHttpResponseCodec.java:80)
	at org.openqa.selenium.remote.http.AbstractHttpResponseCodec.decode(AbstractHttpResponseCodec.java:44)
	at org.openqa.selenium.remote.HttpCommandExecutor.execute(HttpCommandExecutor.java:164)
	at org.openqa.selenium.remote.service.DriverCommandExecutor.execute(DriverCommandExecutor.java:83)
	at org.openqa.selenium.remote.RemoteWebDriver.execute(RemoteWebDriver.java:600)
	at com.kms.katalon.selenium.driver.CChromeDriver.execute(CChromeDriver.java:20)
	at org.openqa.selenium.remote.RemoteWebDriver.findElement(RemoteWebDriver.java:370)
	at org.openqa.selenium.remote.RemoteWebDriver.findElementByXPath(RemoteWebDriver.java:472)
	at org.openqa.selenium.By$ByXPath.findElement(By.java:361)
	at org.openqa.selenium.remote.RemoteWebDriver.findElement(RemoteWebDriver.java:362)
	at org.openqa.selenium.WebDriver$findElement$0.call(Unknown Source)
	at TC0774.run(TC0774:32)
	at com.kms.katalon.core.main.ScriptEngine.run(ScriptEngine.java:194)
	at com.kms.katalon.core.main.ScriptEngine.runScriptAsRawText(ScriptEngine.java:119)
	at com.kms.katalon.core.main.TestCaseExecutor.runScript(TestCaseExecutor.java:336)
	at com.kms.katalon.core.main.TestCaseExecutor.doExecute(TestCaseExecutor.java:327)
	at com.kms.katalon.core.main.TestCaseExecutor.processExecutionPhase(TestCaseExecutor.java:306)
	at com.kms.katalon.core.main.TestCaseExecutor.accessMainPhase(TestCaseExecutor.java:298)
	at com.kms.katalon.core.main.TestCaseExecutor.execute(TestCaseExecutor.java:232)
	at com.kms.katalon.core.main.TestSuiteExecutor.accessTestCaseMainPhase(TestSuiteExecutor.java:129)
	at com.kms.katalon.core.main.TestSuiteExecutor.accessTestSuiteMainPhase(TestSuiteExecutor.java:112)
	at com.kms.katalon.core.main.TestSuiteExecutor.execute(TestSuiteExecutor.java:81)
	at com.kms.katalon.core.main.TestCaseMain.startTestSuite(TestCaseMain.java:157)
	at com.kms.katalon.core.main.TestCaseMain$startTestSuite$0.call(Unknown Source)
	at TempTestSuite1555795243480.run(TempTestSuite1555795243480.groovy:35)]]></system-err>
      </testcase>
      <testcase name="Test Cases/Template testcases/TC0775" classname="Test Cases/Template testcases/TC0775" status="PASSED">
         <system-out><![CDATA[2019-04-21 02:24:54 - [TEST_CASE][PASSED] - Test Cases/Template testcases/TC0775: Test Cases/Template testcases/TC0775

2019-04-21 02:24:55 - [TEST_STEP][PASSED] - callTestCase(findTestCase("s-sidebar_navigation/individualAccount/Template"), [:], STOP_ON_FAILURE): Call Test Case 'Test Cases/s-sidebar_navigation/individualAccount/Template' successfully

2019-04-21 02:24:55 - [TEST_CASE][PASSED] - Test Cases/s-sidebar_navigation/individualAccount/Template: Test Cases/s-sidebar_navigation/individualAccount/Template

2019-04-21 02:24:55 - [TEST_STEP][PASSED] - click(findTestObject("Page_KiboPush  Dashboard/span_Broadcasts")): Object: 'Object Repository/Page_KiboPush  Dashboard/span_Broadcasts' is clicked on

2019-04-21 02:24:55 - [MESSAGE][PASSED] - Object: 'Object Repository/Page_KiboPush  Dashboard/span_Broadcasts' is clicked on

2019-04-21 02:24:55 - [TEST_STEP][PASSED] - delay(1): Delayed 1 second(s)

2019-04-21 02:24:56 - [MESSAGE][PASSED] - Delayed 1 second(s)

2019-04-21 02:24:56 - [TEST_STEP][PASSED] - click(findTestObject("Page_KiboPush  Dashboard/span_Templates")): Object: 'Object Repository/Page_KiboPush  Dashboard/span_Templates' is clicked on

2019-04-21 02:24:56 - [MESSAGE][PASSED] - Object: 'Object Repository/Page_KiboPush  Dashboard/span_Templates' is clicked on

2019-04-21 02:24:56 - [TEST_STEP][PASSED] - delay(3): Delayed 3 second(s)

2019-04-21 02:24:59 - [MESSAGE][PASSED] - Delayed 3 second(s)

2019-04-21 02:24:59 - [TEST_STEP][PASSED] - scrollToPosition(0, 0): Browser is scrolled to position x = 0, y = 0

2019-04-21 02:24:59 - [MESSAGE][PASSED] - Browser is scrolled to position x = 0, y = 0

2019-04-21 02:24:59 - [TEST_STEP][PASSED] - click(findTestObject("Object Repository/Page_KiboEngage  Templates/h3_Templates")): Object: 'Object Repository/Page_KiboEngage  Templates/h3_Templates' is clicked on

2019-04-21 02:24:59 - [MESSAGE][PASSED] - Object: 'Object Repository/Page_KiboEngage  Templates/h3_Templates' is clicked on

2019-04-21 02:24:59 - [TEST_STEP][PASSED] - delay(3): Delayed 3 second(s)

2019-04-21 02:25:02 - [MESSAGE][PASSED] - Delayed 3 second(s)

2019-04-21 02:25:02 - [MESSAGE][PASSED] - Call Test Case 'Test Cases/s-sidebar_navigation/individualAccount/Template' successfully

2019-04-21 02:25:02 - [TEST_STEP][PASSED] - click(findTestObject("Page_KiboPush  Dashboard/button_Create New")): Object: 'Object Repository/Page_KiboPush  Dashboard/button_Create New' is clicked on

2019-04-21 02:25:03 - [MESSAGE][PASSED] - Object: 'Object Repository/Page_KiboPush  Dashboard/button_Create New' is clicked on

2019-04-21 02:25:03 - [TEST_STEP][PASSED] - click(findTestObject("Page_KiboPush  Create Broadcast Tem/h6_Image (2)")): Object: 'Object Repository/Page_KiboPush  Create Broadcast Tem/h6_Image (2)' is clicked on

2019-04-21 02:25:03 - [MESSAGE][PASSED] - Object: 'Object Repository/Page_KiboPush  Create Broadcast Tem/h6_Image (2)' is clicked on

2019-04-21 02:25:03 - [TEST_STEP][PASSED] - click(findTestObject("Object Repository/Page_KiboEngage  Create Broadcast Template/div_New image component added")): Object: 'Object Repository/Page_KiboEngage  Create Broadcast Template/div_New image component added' is clicked on

2019-04-21 02:25:03 - [MESSAGE][PASSED] - Object: 'Object Repository/Page_KiboEngage  Create Broadcast Template/div_New image component added' is clicked on]]></system-out>
         <system-err><![CDATA[]]></system-err>
      </testcase>
      <testcase name="Test Cases/Template testcases/TC0776" classname="Test Cases/Template testcases/TC0776" status="PASSED">
         <system-out><![CDATA[2019-04-21 02:25:03 - [TEST_CASE][PASSED] - Test Cases/Template testcases/TC0776: Test Cases/Template testcases/TC0776

2019-04-21 02:25:03 - [TEST_STEP][PASSED] - callTestCase(findTestCase("Template testcases/TC0775"), [:], STOP_ON_FAILURE): Call Test Case 'Test Cases/Template testcases/TC0775' successfully

2019-04-21 02:25:03 - [TEST_CASE][PASSED] - Test Cases/Template testcases/TC0775: Test Cases/Template testcases/TC0775

2019-04-21 02:25:03 - [TEST_STEP][PASSED] - callTestCase(findTestCase("s-sidebar_navigation/individualAccount/Template"), [:], STOP_ON_FAILURE): Call Test Case 'Test Cases/s-sidebar_navigation/individualAccount/Template' successfully

2019-04-21 02:25:04 - [TEST_CASE][PASSED] - Test Cases/s-sidebar_navigation/individualAccount/Template: Test Cases/s-sidebar_navigation/individualAccount/Template

2019-04-21 02:25:04 - [TEST_STEP][PASSED] - click(findTestObject("Page_KiboPush  Dashboard/span_Broadcasts")): Object: 'Object Repository/Page_KiboPush  Dashboard/span_Broadcasts' is clicked on

2019-04-21 02:25:04 - [MESSAGE][PASSED] - Object: 'Object Repository/Page_KiboPush  Dashboard/span_Broadcasts' is clicked on

2019-04-21 02:25:04 - [TEST_STEP][PASSED] - delay(1): Delayed 1 second(s)

2019-04-21 02:25:05 - [MESSAGE][PASSED] - Delayed 1 second(s)

2019-04-21 02:25:05 - [TEST_STEP][PASSED] - click(findTestObject("Page_KiboPush  Dashboard/span_Templates")): Object: 'Object Repository/Page_KiboPush  Dashboard/span_Templates' is clicked on

2019-04-21 02:25:05 - [MESSAGE][PASSED] - Object: 'Object Repository/Page_KiboPush  Dashboard/span_Templates' is clicked on

2019-04-21 02:25:05 - [TEST_STEP][PASSED] - delay(3): Delayed 3 second(s)

2019-04-21 02:25:08 - [MESSAGE][PASSED] - Delayed 3 second(s)

2019-04-21 02:25:08 - [TEST_STEP][PASSED] - scrollToPosition(0, 0): Browser is scrolled to position x = 0, y = 0

2019-04-21 02:25:08 - [MESSAGE][PASSED] - Browser is scrolled to position x = 0, y = 0

2019-04-21 02:25:08 - [TEST_STEP][PASSED] - click(findTestObject("Object Repository/Page_KiboEngage  Templates/h3_Templates")): Object: 'Object Repository/Page_KiboEngage  Templates/h3_Templates' is clicked on

2019-04-21 02:25:08 - [MESSAGE][PASSED] - Object: 'Object Repository/Page_KiboEngage  Templates/h3_Templates' is clicked on

2019-04-21 02:25:08 - [TEST_STEP][PASSED] - delay(3): Delayed 3 second(s)

2019-04-21 02:25:11 - [MESSAGE][PASSED] - Delayed 3 second(s)

2019-04-21 02:25:11 - [MESSAGE][PASSED] - Call Test Case 'Test Cases/s-sidebar_navigation/individualAccount/Template' successfully

2019-04-21 02:25:11 - [TEST_STEP][PASSED] - click(findTestObject("Page_KiboPush  Dashboard/button_Create New")): Object: 'Object Repository/Page_KiboPush  Dashboard/button_Create New' is clicked on

2019-04-21 02:25:11 - [MESSAGE][PASSED] - Object: 'Object Repository/Page_KiboPush  Dashboard/button_Create New' is clicked on

2019-04-21 02:25:11 - [TEST_STEP][PASSED] - click(findTestObject("Page_KiboPush  Create Broadcast Tem/h6_Image (2)")): Object: 'Object Repository/Page_KiboPush  Create Broadcast Tem/h6_Image (2)' is clicked on

2019-04-21 02:25:12 - [MESSAGE][PASSED] - Object: 'Object Repository/Page_KiboPush  Create Broadcast Tem/h6_Image (2)' is clicked on

2019-04-21 02:25:12 - [TEST_STEP][PASSED] - click(findTestObject("Object Repository/Page_KiboEngage  Create Broadcast Template/div_New image component added")): Object: 'Object Repository/Page_KiboEngage  Create Broadcast Template/div_New image component added' is clicked on

2019-04-21 02:25:12 - [MESSAGE][PASSED] - Object: 'Object Repository/Page_KiboEngage  Create Broadcast Template/div_New image component added' is clicked on

2019-04-21 02:25:12 - [MESSAGE][PASSED] - Call Test Case 'Test Cases/Template testcases/TC0775' successfully

2019-04-21 02:25:12 - [TEST_STEP][PASSED] - click(findTestObject("Object Repository/Page_KiboPush  Create Broadcast Tem/button_Create (2)")): Object: 'Object Repository/Page_KiboPush  Create Broadcast Tem/button_Create (2)' is clicked on

2019-04-21 02:25:12 - [MESSAGE][PASSED] - Object: 'Object Repository/Page_KiboPush  Create Broadcast Tem/button_Create (2)' is clicked on

2019-04-21 02:25:12 - [TEST_STEP][PASSED] - click(findTestObject("Object Repository/Page_KiboPush  Create Broadcast Tem/div_Select a valid image")): Object: 'Object Repository/Page_KiboPush  Create Broadcast Tem/div_Select a valid image' is clicked on

2019-04-21 02:25:12 - [MESSAGE][PASSED] - Object: 'Object Repository/Page_KiboPush  Create Broadcast Tem/div_Select a valid image' is clicked on]]></system-out>
         <system-err><![CDATA[]]></system-err>
      </testcase>
      <testcase name="Test Cases/Template testcases/TC0777" classname="Test Cases/Template testcases/TC0777" status="FAILED">
         <failure type="FAILED" message="Test Cases/Template testcases/TC0777 FAILED.
Reason:
com.kms.katalon.core.exception.StepFailedException: Unable to upload file '/home/faizan/Drive/KiboPush_Automated_Testing/KiboPush Katalon/sample.jpg' to object 'Object Repository/Page_KiboPush  Create Broadcast Tem/img'
	at com.kms.katalon.core.webui.keyword.internal.WebUIKeywordMain.stepFailed(WebUIKeywordMain.groovy:64)
	at com.kms.katalon.core.webui.keyword.internal.WebUIKeywordMain.runKeyword(WebUIKeywordMain.groovy:26)
	at com.kms.katalon.core.webui.keyword.builtin.UploadFileKeyword.uploadFile(UploadFileKeyword.groovy:87)
	at com.kms.katalon.core.webui.keyword.builtin.UploadFileKeyword.execute(UploadFileKeyword.groovy:68)
	at com.kms.katalon.core.keyword.internal.KeywordExecutor.executeKeywordForPlatform(KeywordExecutor.groovy:56)
	at com.kms.katalon.core.webui.keyword.WebUiBuiltInKeywords.uploadFile(WebUiBuiltInKeywords.groovy:2945)
	at com.kms.katalon.core.webui.keyword.WebUiBuiltInKeywords$uploadFile$8.call(Unknown Source)
	at TC0777.run(TC0777:27)
	at com.kms.katalon.core.main.ScriptEngine.run(ScriptEngine.java:194)
	at com.kms.katalon.core.main.ScriptEngine.runScriptAsRawText(ScriptEngine.java:119)
	at com.kms.katalon.core.main.TestCaseExecutor.runScript(TestCaseExecutor.java:336)
	at com.kms.katalon.core.main.TestCaseExecutor.doExecute(TestCaseExecutor.java:327)
	at com.kms.katalon.core.main.TestCaseExecutor.processExecutionPhase(TestCaseExecutor.java:306)
	at com.kms.katalon.core.main.TestCaseExecutor.accessMainPhase(TestCaseExecutor.java:298)
	at com.kms.katalon.core.main.TestCaseExecutor.execute(TestCaseExecutor.java:232)
	at com.kms.katalon.core.main.TestSuiteExecutor.accessTestCaseMainPhase(TestSuiteExecutor.java:129)
	at com.kms.katalon.core.main.TestSuiteExecutor.accessTestSuiteMainPhase(TestSuiteExecutor.java:112)
	at com.kms.katalon.core.main.TestSuiteExecutor.execute(TestSuiteExecutor.java:81)
	at com.kms.katalon.core.main.TestCaseMain.startTestSuite(TestCaseMain.java:157)
	at com.kms.katalon.core.main.TestCaseMain$startTestSuite$0.call(Unknown Source)
	at TempTestSuite1555795243480.run(TempTestSuite1555795243480.groovy:35)
Caused by: com.kms.katalon.core.webui.exception.WebElementNotFoundException: Web element with id: 'Object Repository/Page_KiboPush  Create Broadcast Tem/img' located by 'By.xpath: //*[@id=&quot;List1&quot;]/div/div/div[3]/div/input' not found
	at com.kms.katalon.core.webui.common.WebUiCommonHelper.findWebElement(WebUiCommonHelper.java:1097)
	at com.kms.katalon.core.webui.keyword.internal.WebUIAbstractKeyword.findWebElement(WebUIAbstractKeyword.groovy:27)
	at com.kms.katalon.core.webui.keyword.internal.WebUIAbstractKeyword.findWebElement(WebUIAbstractKeyword.groovy:26)
	at com.kms.katalon.core.webui.keyword.builtin.UploadFileKeyword$_uploadFile_closure1.doCall(UploadFileKeyword.groovy:79)
	at com.kms.katalon.core.webui.keyword.builtin.UploadFileKeyword$_uploadFile_closure1.call(UploadFileKeyword.groovy)
	at com.kms.katalon.core.webui.keyword.internal.WebUIKeywordMain.runKeyword(WebUIKeywordMain.groovy:20)
	at com.kms.katalon.core.webui.keyword.builtin.UploadFileKeyword.uploadFile(UploadFileKeyword.groovy:87)
	at com.kms.katalon.core.webui.keyword.builtin.UploadFileKeyword.execute(UploadFileKeyword.groovy:68)
	at com.kms.katalon.core.keyword.internal.KeywordExecutor.executeKeywordForPlatform(KeywordExecutor.groovy:56)
	at com.kms.katalon.core.webui.keyword.WebUiBuiltInKeywords.uploadFile(WebUiBuiltInKeywords.groovy:2945)
	at com.kms.katalon.core.webui.keyword.WebUiBuiltInKeywords$uploadFile$8.call(Unknown Source)
	at Script1536997969583.run(Script1536997969583.groovy:27)
	... 13 more
"/>
         <system-out><![CDATA[2019-04-21 02:25:12 - [TEST_CASE][FAILED] - Test Cases/Template testcases/TC0777: Test Cases/Template testcases/TC0777 FAILED.
Reason:
com.kms.katalon.core.exception.StepFailedException: Unable to upload file '/home/faizan/Drive/KiboPush_Automated_Testing/KiboPush Katalon/sample.jpg' to object 'Object Repository/Page_KiboPush  Create Broadcast Tem/img'
	at com.kms.katalon.core.webui.keyword.internal.WebUIKeywordMain.stepFailed(WebUIKeywordMain.groovy:64)
	at com.kms.katalon.core.webui.keyword.internal.WebUIKeywordMain.runKeyword(WebUIKeywordMain.groovy:26)
	at com.kms.katalon.core.webui.keyword.builtin.UploadFileKeyword.uploadFile(UploadFileKeyword.groovy:87)
	at com.kms.katalon.core.webui.keyword.builtin.UploadFileKeyword.execute(UploadFileKeyword.groovy:68)
	at com.kms.katalon.core.keyword.internal.KeywordExecutor.executeKeywordForPlatform(KeywordExecutor.groovy:56)
	at com.kms.katalon.core.webui.keyword.WebUiBuiltInKeywords.uploadFile(WebUiBuiltInKeywords.groovy:2945)
	at com.kms.katalon.core.webui.keyword.WebUiBuiltInKeywords$uploadFile$8.call(Unknown Source)
	at TC0777.run(TC0777:27)
	at com.kms.katalon.core.main.ScriptEngine.run(ScriptEngine.java:194)
	at com.kms.katalon.core.main.ScriptEngine.runScriptAsRawText(ScriptEngine.java:119)
	at com.kms.katalon.core.main.TestCaseExecutor.runScript(TestCaseExecutor.java:336)
	at com.kms.katalon.core.main.TestCaseExecutor.doExecute(TestCaseExecutor.java:327)
	at com.kms.katalon.core.main.TestCaseExecutor.processExecutionPhase(TestCaseExecutor.java:306)
	at com.kms.katalon.core.main.TestCaseExecutor.accessMainPhase(TestCaseExecutor.java:298)
	at com.kms.katalon.core.main.TestCaseExecutor.execute(TestCaseExecutor.java:232)
	at com.kms.katalon.core.main.TestSuiteExecutor.accessTestCaseMainPhase(TestSuiteExecutor.java:129)
	at com.kms.katalon.core.main.TestSuiteExecutor.accessTestSuiteMainPhase(TestSuiteExecutor.java:112)
	at com.kms.katalon.core.main.TestSuiteExecutor.execute(TestSuiteExecutor.java:81)
	at com.kms.katalon.core.main.TestCaseMain.startTestSuite(TestCaseMain.java:157)
	at com.kms.katalon.core.main.TestCaseMain$startTestSuite$0.call(Unknown Source)
	at TempTestSuite1555795243480.run(TempTestSuite1555795243480.groovy:35)
Caused by: com.kms.katalon.core.webui.exception.WebElementNotFoundException: Web element with id: 'Object Repository/Page_KiboPush  Create Broadcast Tem/img' located by 'By.xpath: //*[@id="List1"]/div/div/div[3]/div/input' not found
	at com.kms.katalon.core.webui.common.WebUiCommonHelper.findWebElement(WebUiCommonHelper.java:1097)
	at com.kms.katalon.core.webui.keyword.internal.WebUIAbstractKeyword.findWebElement(WebUIAbstractKeyword.groovy:27)
	at com.kms.katalon.core.webui.keyword.internal.WebUIAbstractKeyword.findWebElement(WebUIAbstractKeyword.groovy:26)
	at com.kms.katalon.core.webui.keyword.builtin.UploadFileKeyword$_uploadFile_closure1.doCall(UploadFileKeyword.groovy:79)
	at com.kms.katalon.core.webui.keyword.builtin.UploadFileKeyword$_uploadFile_closure1.call(UploadFileKeyword.groovy)
	at com.kms.katalon.core.webui.keyword.internal.WebUIKeywordMain.runKeyword(WebUIKeywordMain.groovy:20)
	at com.kms.katalon.core.webui.keyword.builtin.UploadFileKeyword.uploadFile(UploadFileKeyword.groovy:87)
	at com.kms.katalon.core.webui.keyword.builtin.UploadFileKeyword.execute(UploadFileKeyword.groovy:68)
	at com.kms.katalon.core.keyword.internal.KeywordExecutor.executeKeywordForPlatform(KeywordExecutor.groovy:56)
	at com.kms.katalon.core.webui.keyword.WebUiBuiltInKeywords.uploadFile(WebUiBuiltInKeywords.groovy:2945)
	at com.kms.katalon.core.webui.keyword.WebUiBuiltInKeywords$uploadFile$8.call(Unknown Source)
	at Script1536997969583.run(Script1536997969583.groovy:27)
	... 13 more


2019-04-21 02:25:13 - [TEST_STEP][PASSED] - callTestCase(findTestCase("Template testcases/TC0775"), [:], STOP_ON_FAILURE): Call Test Case 'Test Cases/Template testcases/TC0775' successfully

2019-04-21 02:25:13 - [TEST_CASE][PASSED] - Test Cases/Template testcases/TC0775: Test Cases/Template testcases/TC0775

2019-04-21 02:25:13 - [TEST_STEP][PASSED] - callTestCase(findTestCase("s-sidebar_navigation/individualAccount/Template"), [:], STOP_ON_FAILURE): Call Test Case 'Test Cases/s-sidebar_navigation/individualAccount/Template' successfully

2019-04-21 02:25:13 - [TEST_CASE][PASSED] - Test Cases/s-sidebar_navigation/individualAccount/Template: Test Cases/s-sidebar_navigation/individualAccount/Template

2019-04-21 02:25:13 - [TEST_STEP][PASSED] - click(findTestObject("Page_KiboPush  Dashboard/span_Broadcasts")): Object: 'Object Repository/Page_KiboPush  Dashboard/span_Broadcasts' is clicked on

2019-04-21 02:25:13 - [MESSAGE][PASSED] - Object: 'Object Repository/Page_KiboPush  Dashboard/span_Broadcasts' is clicked on

2019-04-21 02:25:13 - [TEST_STEP][PASSED] - delay(1): Delayed 1 second(s)

2019-04-21 02:25:14 - [MESSAGE][PASSED] - Delayed 1 second(s)

2019-04-21 02:25:14 - [TEST_STEP][PASSED] - click(findTestObject("Page_KiboPush  Dashboard/span_Templates")): Object: 'Object Repository/Page_KiboPush  Dashboard/span_Templates' is clicked on

2019-04-21 02:25:14 - [MESSAGE][PASSED] - Object: 'Object Repository/Page_KiboPush  Dashboard/span_Templates' is clicked on

2019-04-21 02:25:14 - [TEST_STEP][PASSED] - delay(3): Delayed 3 second(s)

2019-04-21 02:25:17 - [MESSAGE][PASSED] - Delayed 3 second(s)

2019-04-21 02:25:17 - [TEST_STEP][PASSED] - scrollToPosition(0, 0): Browser is scrolled to position x = 0, y = 0

2019-04-21 02:25:17 - [MESSAGE][PASSED] - Browser is scrolled to position x = 0, y = 0

2019-04-21 02:25:17 - [TEST_STEP][PASSED] - click(findTestObject("Object Repository/Page_KiboEngage  Templates/h3_Templates")): Object: 'Object Repository/Page_KiboEngage  Templates/h3_Templates' is clicked on

2019-04-21 02:25:18 - [MESSAGE][PASSED] - Object: 'Object Repository/Page_KiboEngage  Templates/h3_Templates' is clicked on

2019-04-21 02:25:18 - [TEST_STEP][PASSED] - delay(3): Delayed 3 second(s)

2019-04-21 02:25:21 - [MESSAGE][PASSED] - Delayed 3 second(s)

2019-04-21 02:25:21 - [MESSAGE][PASSED] - Call Test Case 'Test Cases/s-sidebar_navigation/individualAccount/Template' successfully

2019-04-21 02:25:21 - [TEST_STEP][PASSED] - click(findTestObject("Page_KiboPush  Dashboard/button_Create New")): Object: 'Object Repository/Page_KiboPush  Dashboard/button_Create New' is clicked on

2019-04-21 02:25:21 - [MESSAGE][PASSED] - Object: 'Object Repository/Page_KiboPush  Dashboard/button_Create New' is clicked on

2019-04-21 02:25:21 - [TEST_STEP][PASSED] - click(findTestObject("Page_KiboPush  Create Broadcast Tem/h6_Image (2)")): Object: 'Object Repository/Page_KiboPush  Create Broadcast Tem/h6_Image (2)' is clicked on

2019-04-21 02:25:21 - [MESSAGE][PASSED] - Object: 'Object Repository/Page_KiboPush  Create Broadcast Tem/h6_Image (2)' is clicked on

2019-04-21 02:25:21 - [TEST_STEP][PASSED] - click(findTestObject("Object Repository/Page_KiboEngage  Create Broadcast Template/div_New image component added")): Object: 'Object Repository/Page_KiboEngage  Create Broadcast Template/div_New image component added' is clicked on

2019-04-21 02:25:21 - [MESSAGE][PASSED] - Object: 'Object Repository/Page_KiboEngage  Create Broadcast Template/div_New image component added' is clicked on

2019-04-21 02:25:21 - [MESSAGE][PASSED] - Call Test Case 'Test Cases/Template testcases/TC0775' successfully

2019-04-21 02:25:21 - [TEST_STEP][PASSED] - img = getProjectDir() + "/sample.jpg": null

2019-04-21 02:25:21 - [TEST_STEP][FAILED] - uploadFile(findTestObject("Page_KiboPush  Create Broadcast Tem/img"), img): Unable to upload file '/home/faizan/Drive/KiboPush_Automated_Testing/KiboPush Katalon/sample.jpg' to object 'Object Repository/Page_KiboPush  Create Broadcast Tem/img' (Root cause: com.kms.katalon.core.exception.StepFailedException: Unable to upload file '/home/faizan/Drive/KiboPush_Automated_Testing/KiboPush Katalon/sample.jpg' to object 'Object Repository/Page_KiboPush  Create Broadcast Tem/img'
	at com.kms.katalon.core.webui.keyword.internal.WebUIKeywordMain.stepFailed(WebUIKeywordMain.groovy:64)
	at com.kms.katalon.core.webui.keyword.internal.WebUIKeywordMain.runKeyword(WebUIKeywordMain.groovy:26)
	at com.kms.katalon.core.webui.keyword.builtin.UploadFileKeyword.uploadFile(UploadFileKeyword.groovy:87)
	at com.kms.katalon.core.webui.keyword.builtin.UploadFileKeyword.execute(UploadFileKeyword.groovy:68)
	at com.kms.katalon.core.keyword.internal.KeywordExecutor.executeKeywordForPlatform(KeywordExecutor.groovy:56)
	at com.kms.katalon.core.webui.keyword.WebUiBuiltInKeywords.uploadFile(WebUiBuiltInKeywords.groovy:2945)
	at com.kms.katalon.core.webui.keyword.WebUiBuiltInKeywords$uploadFile$8.call(Unknown Source)
	at TC0777.run(TC0777:27)
	at com.kms.katalon.core.main.ScriptEngine.run(ScriptEngine.java:194)
	at com.kms.katalon.core.main.ScriptEngine.runScriptAsRawText(ScriptEngine.java:119)
	at com.kms.katalon.core.main.TestCaseExecutor.runScript(TestCaseExecutor.java:336)
	at com.kms.katalon.core.main.TestCaseExecutor.doExecute(TestCaseExecutor.java:327)
	at com.kms.katalon.core.main.TestCaseExecutor.processExecutionPhase(TestCaseExecutor.java:306)
	at com.kms.katalon.core.main.TestCaseExecutor.accessMainPhase(TestCaseExecutor.java:298)
	at com.kms.katalon.core.main.TestCaseExecutor.execute(TestCaseExecutor.java:232)
	at com.kms.katalon.core.main.TestSuiteExecutor.accessTestCaseMainPhase(TestSuiteExecutor.java:129)
	at com.kms.katalon.core.main.TestSuiteExecutor.accessTestSuiteMainPhase(TestSuiteExecutor.java:112)
	at com.kms.katalon.core.main.TestSuiteExecutor.execute(TestSuiteExecutor.java:81)
	at com.kms.katalon.core.main.TestCaseMain.startTestSuite(TestCaseMain.java:157)
	at com.kms.katalon.core.main.TestCaseMain$startTestSuite$0.call(Unknown Source)
	at TempTestSuite1555795243480.run(TempTestSuite1555795243480.groovy:35)
Caused by: com.kms.katalon.core.webui.exception.WebElementNotFoundException: Web element with id: 'Object Repository/Page_KiboPush  Create Broadcast Tem/img' located by 'By.xpath: //*[@id="List1"]/div/div/div[3]/div/input' not found
	at com.kms.katalon.core.webui.common.WebUiCommonHelper.findWebElement(WebUiCommonHelper.java:1097)
	at com.kms.katalon.core.webui.keyword.internal.WebUIAbstractKeyword.findWebElement(WebUIAbstractKeyword.groovy:27)
	at com.kms.katalon.core.webui.keyword.internal.WebUIAbstractKeyword.findWebElement(WebUIAbstractKeyword.groovy:26)
	at com.kms.katalon.core.webui.keyword.builtin.UploadFileKeyword$_uploadFile_closure1.doCall(UploadFileKeyword.groovy:79)
	at com.kms.katalon.core.webui.keyword.builtin.UploadFileKeyword$_uploadFile_closure1.call(UploadFileKeyword.groovy)
	at com.kms.katalon.core.webui.keyword.internal.WebUIKeywordMain.runKeyword(WebUIKeywordMain.groovy:20)
	at com.kms.katalon.core.webui.keyword.builtin.UploadFileKeyword.uploadFile(UploadFileKeyword.groovy:87)
	at com.kms.katalon.core.webui.keyword.builtin.UploadFileKeyword.execute(UploadFileKeyword.groovy:68)
	at com.kms.katalon.core.keyword.internal.KeywordExecutor.executeKeywordForPlatform(KeywordExecutor.groovy:56)
	at com.kms.katalon.core.webui.keyword.WebUiBuiltInKeywords.uploadFile(WebUiBuiltInKeywords.groovy:2945)
	at com.kms.katalon.core.webui.keyword.WebUiBuiltInKeywords$uploadFile$8.call(Unknown Source)
	at Script1536997969583.run(Script1536997969583.groovy:27)
	... 13 more
)

2019-04-21 02:25:52 - [MESSAGE][INFO] - Unable to find the element located by 'By.xpath: //*[@id="List1"]/div/div/div[3]/div/input'. Please recheck the objects properties to make sure the desired element is located. 

2019-04-21 02:25:53 - [MESSAGE][FAILED] - Unable to upload file '/home/faizan/Drive/KiboPush_Automated_Testing/KiboPush Katalon/sample.jpg' to object 'Object Repository/Page_KiboPush  Create Broadcast Tem/img' (Root cause: com.kms.katalon.core.exception.StepFailedException: Unable to upload file '/home/faizan/Drive/KiboPush_Automated_Testing/KiboPush Katalon/sample.jpg' to object 'Object Repository/Page_KiboPush  Create Broadcast Tem/img'
	at com.kms.katalon.core.webui.keyword.internal.WebUIKeywordMain.stepFailed(WebUIKeywordMain.groovy:64)
	at com.kms.katalon.core.webui.keyword.internal.WebUIKeywordMain.runKeyword(WebUIKeywordMain.groovy:26)
	at com.kms.katalon.core.webui.keyword.builtin.UploadFileKeyword.uploadFile(UploadFileKeyword.groovy:87)
	at com.kms.katalon.core.webui.keyword.builtin.UploadFileKeyword.execute(UploadFileKeyword.groovy:68)
	at com.kms.katalon.core.keyword.internal.KeywordExecutor.executeKeywordForPlatform(KeywordExecutor.groovy:56)
	at com.kms.katalon.core.webui.keyword.WebUiBuiltInKeywords.uploadFile(WebUiBuiltInKeywords.groovy:2945)
	at com.kms.katalon.core.webui.keyword.WebUiBuiltInKeywords$uploadFile$8.call(Unknown Source)
	at TC0777.run(TC0777:27)
	at com.kms.katalon.core.main.ScriptEngine.run(ScriptEngine.java:194)
	at com.kms.katalon.core.main.ScriptEngine.runScriptAsRawText(ScriptEngine.java:119)
	at com.kms.katalon.core.main.TestCaseExecutor.runScript(TestCaseExecutor.java:336)
	at com.kms.katalon.core.main.TestCaseExecutor.doExecute(TestCaseExecutor.java:327)
	at com.kms.katalon.core.main.TestCaseExecutor.processExecutionPhase(TestCaseExecutor.java:306)
	at com.kms.katalon.core.main.TestCaseExecutor.accessMainPhase(TestCaseExecutor.java:298)
	at com.kms.katalon.core.main.TestCaseExecutor.execute(TestCaseExecutor.java:232)
	at com.kms.katalon.core.main.TestSuiteExecutor.accessTestCaseMainPhase(TestSuiteExecutor.java:129)
	at com.kms.katalon.core.main.TestSuiteExecutor.accessTestSuiteMainPhase(TestSuiteExecutor.java:112)
	at com.kms.katalon.core.main.TestSuiteExecutor.execute(TestSuiteExecutor.java:81)
	at com.kms.katalon.core.main.TestCaseMain.startTestSuite(TestCaseMain.java:157)
	at com.kms.katalon.core.main.TestCaseMain$startTestSuite$0.call(Unknown Source)
	at TempTestSuite1555795243480.run(TempTestSuite1555795243480.groovy:35)
Caused by: com.kms.katalon.core.webui.exception.WebElementNotFoundException: Web element with id: 'Object Repository/Page_KiboPush  Create Broadcast Tem/img' located by 'By.xpath: //*[@id="List1"]/div/div/div[3]/div/input' not found
	at com.kms.katalon.core.webui.common.WebUiCommonHelper.findWebElement(WebUiCommonHelper.java:1097)
	at com.kms.katalon.core.webui.keyword.internal.WebUIAbstractKeyword.findWebElement(WebUIAbstractKeyword.groovy:27)
	at com.kms.katalon.core.webui.keyword.internal.WebUIAbstractKeyword.findWebElement(WebUIAbstractKeyword.groovy:26)
	at com.kms.katalon.core.webui.keyword.builtin.UploadFileKeyword$_uploadFile_closure1.doCall(UploadFileKeyword.groovy:79)
	at com.kms.katalon.core.webui.keyword.builtin.UploadFileKeyword$_uploadFile_closure1.call(UploadFileKeyword.groovy)
	at com.kms.katalon.core.webui.keyword.internal.WebUIKeywordMain.runKeyword(WebUIKeywordMain.groovy:20)
	at com.kms.katalon.core.webui.keyword.builtin.UploadFileKeyword.uploadFile(UploadFileKeyword.groovy:87)
	at com.kms.katalon.core.webui.keyword.builtin.UploadFileKeyword.execute(UploadFileKeyword.groovy:68)
	at com.kms.katalon.core.keyword.internal.KeywordExecutor.executeKeywordForPlatform(KeywordExecutor.groovy:56)
	at com.kms.katalon.core.webui.keyword.WebUiBuiltInKeywords.uploadFile(WebUiBuiltInKeywords.groovy:2945)
	at com.kms.katalon.core.webui.keyword.WebUiBuiltInKeywords$uploadFile$8.call(Unknown Source)
	at Script1536997969583.run(Script1536997969583.groovy:27)
	... 13 more
)
[[ATTACHMENT|/home/faizan/Drive/KiboPush_Automated_Testing/KiboPush Katalon/Reports/Faizan Suits/Template/20190421_022043/1555795552866.png]]]]></system-out>
         <system-err><![CDATA[2019-04-21 02:25:12 - [TEST_CASE][FAILED] - Test Cases/Template testcases/TC0777: Test Cases/Template testcases/TC0777 FAILED.
Reason:
com.kms.katalon.core.exception.StepFailedException: Unable to upload file '/home/faizan/Drive/KiboPush_Automated_Testing/KiboPush Katalon/sample.jpg' to object 'Object Repository/Page_KiboPush  Create Broadcast Tem/img'
	at com.kms.katalon.core.webui.keyword.internal.WebUIKeywordMain.stepFailed(WebUIKeywordMain.groovy:64)
	at com.kms.katalon.core.webui.keyword.internal.WebUIKeywordMain.runKeyword(WebUIKeywordMain.groovy:26)
	at com.kms.katalon.core.webui.keyword.builtin.UploadFileKeyword.uploadFile(UploadFileKeyword.groovy:87)
	at com.kms.katalon.core.webui.keyword.builtin.UploadFileKeyword.execute(UploadFileKeyword.groovy:68)
	at com.kms.katalon.core.keyword.internal.KeywordExecutor.executeKeywordForPlatform(KeywordExecutor.groovy:56)
	at com.kms.katalon.core.webui.keyword.WebUiBuiltInKeywords.uploadFile(WebUiBuiltInKeywords.groovy:2945)
	at com.kms.katalon.core.webui.keyword.WebUiBuiltInKeywords$uploadFile$8.call(Unknown Source)
	at TC0777.run(TC0777:27)
	at com.kms.katalon.core.main.ScriptEngine.run(ScriptEngine.java:194)
	at com.kms.katalon.core.main.ScriptEngine.runScriptAsRawText(ScriptEngine.java:119)
	at com.kms.katalon.core.main.TestCaseExecutor.runScript(TestCaseExecutor.java:336)
	at com.kms.katalon.core.main.TestCaseExecutor.doExecute(TestCaseExecutor.java:327)
	at com.kms.katalon.core.main.TestCaseExecutor.processExecutionPhase(TestCaseExecutor.java:306)
	at com.kms.katalon.core.main.TestCaseExecutor.accessMainPhase(TestCaseExecutor.java:298)
	at com.kms.katalon.core.main.TestCaseExecutor.execute(TestCaseExecutor.java:232)
	at com.kms.katalon.core.main.TestSuiteExecutor.accessTestCaseMainPhase(TestSuiteExecutor.java:129)
	at com.kms.katalon.core.main.TestSuiteExecutor.accessTestSuiteMainPhase(TestSuiteExecutor.java:112)
	at com.kms.katalon.core.main.TestSuiteExecutor.execute(TestSuiteExecutor.java:81)
	at com.kms.katalon.core.main.TestCaseMain.startTestSuite(TestCaseMain.java:157)
	at com.kms.katalon.core.main.TestCaseMain$startTestSuite$0.call(Unknown Source)
	at TempTestSuite1555795243480.run(TempTestSuite1555795243480.groovy:35)
Caused by: com.kms.katalon.core.webui.exception.WebElementNotFoundException: Web element with id: 'Object Repository/Page_KiboPush  Create Broadcast Tem/img' located by 'By.xpath: //*[@id="List1"]/div/div/div[3]/div/input' not found
	at com.kms.katalon.core.webui.common.WebUiCommonHelper.findWebElement(WebUiCommonHelper.java:1097)
	at com.kms.katalon.core.webui.keyword.internal.WebUIAbstractKeyword.findWebElement(WebUIAbstractKeyword.groovy:27)
	at com.kms.katalon.core.webui.keyword.internal.WebUIAbstractKeyword.findWebElement(WebUIAbstractKeyword.groovy:26)
	at com.kms.katalon.core.webui.keyword.builtin.UploadFileKeyword$_uploadFile_closure1.doCall(UploadFileKeyword.groovy:79)
	at com.kms.katalon.core.webui.keyword.builtin.UploadFileKeyword$_uploadFile_closure1.call(UploadFileKeyword.groovy)
	at com.kms.katalon.core.webui.keyword.internal.WebUIKeywordMain.runKeyword(WebUIKeywordMain.groovy:20)
	at com.kms.katalon.core.webui.keyword.builtin.UploadFileKeyword.uploadFile(UploadFileKeyword.groovy:87)
	at com.kms.katalon.core.webui.keyword.builtin.UploadFileKeyword.execute(UploadFileKeyword.groovy:68)
	at com.kms.katalon.core.keyword.internal.KeywordExecutor.executeKeywordForPlatform(KeywordExecutor.groovy:56)
	at com.kms.katalon.core.webui.keyword.WebUiBuiltInKeywords.uploadFile(WebUiBuiltInKeywords.groovy:2945)
	at com.kms.katalon.core.webui.keyword.WebUiBuiltInKeywords$uploadFile$8.call(Unknown Source)
	at Script1536997969583.run(Script1536997969583.groovy:27)
	... 13 more]]></system-err>
      </testcase>
      <testcase name="Test Cases/Template testcases/TC0778" classname="Test Cases/Template testcases/TC0778" status="FAILED">
         <failure type="FAILED" message="Test Cases/Template testcases/TC0778 FAILED.
Reason:
com.kms.katalon.core.exception.StepFailedException: Call Test Case 'Test Cases/Template testcases/TC0777' failed
	at com.kms.katalon.core.keyword.builtin.CallTestCaseKeyword$_callTestCase_closure1.doCall(CallTestCaseKeyword.groovy:63)
	at com.kms.katalon.core.keyword.builtin.CallTestCaseKeyword$_callTestCase_closure1.call(CallTestCaseKeyword.groovy)
	at com.kms.katalon.core.keyword.internal.KeywordMain.runKeyword(KeywordMain.groovy:66)
	at com.kms.katalon.core.keyword.builtin.CallTestCaseKeyword.callTestCase(CallTestCaseKeyword.groovy:81)
	at com.kms.katalon.core.keyword.builtin.CallTestCaseKeyword.execute(CallTestCaseKeyword.groovy:44)
	at com.kms.katalon.core.keyword.internal.KeywordExecutor.executeKeywordForPlatform(KeywordExecutor.groovy:56)
	at com.kms.katalon.core.keyword.BuiltinKeywords.callTestCase(BuiltinKeywords.groovy:334)
	at TC0778.run(TC0778:22)
	at com.kms.katalon.core.main.ScriptEngine.run(ScriptEngine.java:194)
	at com.kms.katalon.core.main.ScriptEngine.runScriptAsRawText(ScriptEngine.java:119)
	at com.kms.katalon.core.main.TestCaseExecutor.runScript(TestCaseExecutor.java:336)
	at com.kms.katalon.core.main.TestCaseExecutor.doExecute(TestCaseExecutor.java:327)
	at com.kms.katalon.core.main.TestCaseExecutor.processExecutionPhase(TestCaseExecutor.java:306)
	at com.kms.katalon.core.main.TestCaseExecutor.accessMainPhase(TestCaseExecutor.java:298)
	at com.kms.katalon.core.main.TestCaseExecutor.execute(TestCaseExecutor.java:232)
	at com.kms.katalon.core.main.TestSuiteExecutor.accessTestCaseMainPhase(TestSuiteExecutor.java:129)
	at com.kms.katalon.core.main.TestSuiteExecutor.accessTestSuiteMainPhase(TestSuiteExecutor.java:112)
	at com.kms.katalon.core.main.TestSuiteExecutor.execute(TestSuiteExecutor.java:81)
	at com.kms.katalon.core.main.TestCaseMain.startTestSuite(TestCaseMain.java:157)
	at com.kms.katalon.core.main.TestCaseMain$startTestSuite$0.call(Unknown Source)
	at TempTestSuite1555795243480.run(TempTestSuite1555795243480.groovy:35)
Caused by: com.kms.katalon.core.exception.StepFailedException: Unable to upload file '/home/faizan/Drive/KiboPush_Automated_Testing/KiboPush Katalon/sample.jpg' to object 'Object Repository/Page_KiboPush  Create Broadcast Tem/img'
	at com.kms.katalon.core.webui.keyword.internal.WebUIKeywordMain.stepFailed(WebUIKeywordMain.groovy:64)
	at com.kms.katalon.core.webui.keyword.internal.WebUIKeywordMain.runKeyword(WebUIKeywordMain.groovy:26)
	at com.kms.katalon.core.webui.keyword.builtin.UploadFileKeyword.uploadFile(UploadFileKeyword.groovy:87)
	at com.kms.katalon.core.webui.keyword.builtin.UploadFileKeyword.execute(UploadFileKeyword.groovy:68)
	at com.kms.katalon.core.keyword.internal.KeywordExecutor.executeKeywordForPlatform(KeywordExecutor.groovy:56)
	at com.kms.katalon.core.webui.keyword.WebUiBuiltInKeywords.uploadFile(WebUiBuiltInKeywords.groovy:2945)
	at com.kms.katalon.core.webui.keyword.WebUiBuiltInKeywords$uploadFile$8.call(Unknown Source)
	at TC0777.run(TC0777:27)
	at com.kms.katalon.core.main.ScriptEngine.run(ScriptEngine.java:194)
	at com.kms.katalon.core.main.ScriptEngine.runScriptAsRawText(ScriptEngine.java:119)
	at com.kms.katalon.core.main.TestCaseExecutor.runScript(TestCaseExecutor.java:336)
	at com.kms.katalon.core.main.TestCaseExecutor.doExecute(TestCaseExecutor.java:327)
	at com.kms.katalon.core.main.TestCaseExecutor.processExecutionPhase(TestCaseExecutor.java:306)
	at com.kms.katalon.core.main.TestCaseExecutor.accessMainPhase(TestCaseExecutor.java:298)
	at com.kms.katalon.core.main.TestCaseExecutor.execute(TestCaseExecutor.java:232)
	at com.kms.katalon.core.main.TestCaseMain.runTestCase(TestCaseMain.java:114)
	at com.kms.katalon.core.keyword.builtin.CallTestCaseKeyword$_callTestCase_closure1.doCall(CallTestCaseKeyword.groovy:59)
	... 20 more
Caused by: com.kms.katalon.core.webui.exception.WebElementNotFoundException: Web element with id: 'Object Repository/Page_KiboPush  Create Broadcast Tem/img' located by 'By.xpath: //*[@id=&quot;List1&quot;]/div/div/div[3]/div/input' not found
	at com.kms.katalon.core.webui.common.WebUiCommonHelper.findWebElement(WebUiCommonHelper.java:1097)
	at com.kms.katalon.core.webui.keyword.internal.WebUIAbstractKeyword.findWebElement(WebUIAbstractKeyword.groovy:27)
	at com.kms.katalon.core.webui.keyword.internal.WebUIAbstractKeyword.findWebElement(WebUIAbstractKeyword.groovy:26)
	at com.kms.katalon.core.webui.keyword.builtin.UploadFileKeyword$_uploadFile_closure1.doCall(UploadFileKeyword.groovy:79)
	at com.kms.katalon.core.webui.keyword.builtin.UploadFileKeyword$_uploadFile_closure1.call(UploadFileKeyword.groovy)
	at com.kms.katalon.core.webui.keyword.internal.WebUIKeywordMain.runKeyword(WebUIKeywordMain.groovy:20)
	at com.kms.katalon.core.webui.keyword.builtin.UploadFileKeyword.uploadFile(UploadFileKeyword.groovy:87)
	at com.kms.katalon.core.webui.keyword.builtin.UploadFileKeyword.execute(UploadFileKeyword.groovy:68)
	at com.kms.katalon.core.keyword.internal.KeywordExecutor.executeKeywordForPlatform(KeywordExecutor.groovy:56)
	at com.kms.katalon.core.webui.keyword.WebUiBuiltInKeywords.uploadFile(WebUiBuiltInKeywords.groovy:2945)
	at com.kms.katalon.core.webui.keyword.WebUiBuiltInKeywords$uploadFile$8.call(Unknown Source)
	at Script1536997969583.run(Script1536997969583.groovy:27)
	at com.kms.katalon.core.main.ScriptEngine.run(ScriptEngine.java:194)
	at com.kms.katalon.core.main.ScriptEngine.runScriptAsRawText(ScriptEngine.java:119)
	at com.kms.katalon.core.main.TestCaseExecutor.runScript(TestCaseExecutor.java:336)
	at com.kms.katalon.core.main.TestCaseExecutor.doExecute(TestCaseExecutor.java:327)
	at com.kms.katalon.core.main.TestCaseExecutor.processExecutionPhase(TestCaseExecutor.java:306)
	at com.kms.katalon.core.main.TestCaseExecutor.accessMainPhase(TestCaseExecutor.java:298)
	at com.kms.katalon.core.main.TestCaseExecutor.execute(TestCaseExecutor.java:232)
	at com.kms.katalon.core.main.TestCaseMain.runTestCase(TestCaseMain.java:114)
	at com.kms.katalon.core.keyword.builtin.CallTestCaseKeyword$_callTestCase_closure1.doCall(CallTestCaseKeyword.groovy:59)
	at com.kms.katalon.core.keyword.builtin.CallTestCaseKeyword$_callTestCase_closure1.call(CallTestCaseKeyword.groovy)
	at com.kms.katalon.core.keyword.internal.KeywordMain.runKeyword(KeywordMain.groovy:66)
	at com.kms.katalon.core.keyword.builtin.CallTestCaseKeyword.callTestCase(CallTestCaseKeyword.groovy:81)
	at com.kms.katalon.core.keyword.builtin.CallTestCaseKeyword.execute(CallTestCaseKeyword.groovy:44)
	at com.kms.katalon.core.keyword.internal.KeywordExecutor.executeKeywordForPlatform(KeywordExecutor.groovy:56)
	at com.kms.katalon.core.keyword.BuiltinKeywords.callTestCase(BuiltinKeywords.groovy:334)
	at Script1537000573841.run(Script1537000573841.groovy:22)
	... 13 more
"/>
         <system-out><![CDATA[2019-04-21 02:25:53 - [TEST_CASE][FAILED] - Test Cases/Template testcases/TC0778: Test Cases/Template testcases/TC0778 FAILED.
Reason:
com.kms.katalon.core.exception.StepFailedException: Call Test Case 'Test Cases/Template testcases/TC0777' failed
	at com.kms.katalon.core.keyword.builtin.CallTestCaseKeyword$_callTestCase_closure1.doCall(CallTestCaseKeyword.groovy:63)
	at com.kms.katalon.core.keyword.builtin.CallTestCaseKeyword$_callTestCase_closure1.call(CallTestCaseKeyword.groovy)
	at com.kms.katalon.core.keyword.internal.KeywordMain.runKeyword(KeywordMain.groovy:66)
	at com.kms.katalon.core.keyword.builtin.CallTestCaseKeyword.callTestCase(CallTestCaseKeyword.groovy:81)
	at com.kms.katalon.core.keyword.builtin.CallTestCaseKeyword.execute(CallTestCaseKeyword.groovy:44)
	at com.kms.katalon.core.keyword.internal.KeywordExecutor.executeKeywordForPlatform(KeywordExecutor.groovy:56)
	at com.kms.katalon.core.keyword.BuiltinKeywords.callTestCase(BuiltinKeywords.groovy:334)
	at TC0778.run(TC0778:22)
	at com.kms.katalon.core.main.ScriptEngine.run(ScriptEngine.java:194)
	at com.kms.katalon.core.main.ScriptEngine.runScriptAsRawText(ScriptEngine.java:119)
	at com.kms.katalon.core.main.TestCaseExecutor.runScript(TestCaseExecutor.java:336)
	at com.kms.katalon.core.main.TestCaseExecutor.doExecute(TestCaseExecutor.java:327)
	at com.kms.katalon.core.main.TestCaseExecutor.processExecutionPhase(TestCaseExecutor.java:306)
	at com.kms.katalon.core.main.TestCaseExecutor.accessMainPhase(TestCaseExecutor.java:298)
	at com.kms.katalon.core.main.TestCaseExecutor.execute(TestCaseExecutor.java:232)
	at com.kms.katalon.core.main.TestSuiteExecutor.accessTestCaseMainPhase(TestSuiteExecutor.java:129)
	at com.kms.katalon.core.main.TestSuiteExecutor.accessTestSuiteMainPhase(TestSuiteExecutor.java:112)
	at com.kms.katalon.core.main.TestSuiteExecutor.execute(TestSuiteExecutor.java:81)
	at com.kms.katalon.core.main.TestCaseMain.startTestSuite(TestCaseMain.java:157)
	at com.kms.katalon.core.main.TestCaseMain$startTestSuite$0.call(Unknown Source)
	at TempTestSuite1555795243480.run(TempTestSuite1555795243480.groovy:35)
Caused by: com.kms.katalon.core.exception.StepFailedException: Unable to upload file '/home/faizan/Drive/KiboPush_Automated_Testing/KiboPush Katalon/sample.jpg' to object 'Object Repository/Page_KiboPush  Create Broadcast Tem/img'
	at com.kms.katalon.core.webui.keyword.internal.WebUIKeywordMain.stepFailed(WebUIKeywordMain.groovy:64)
	at com.kms.katalon.core.webui.keyword.internal.WebUIKeywordMain.runKeyword(WebUIKeywordMain.groovy:26)
	at com.kms.katalon.core.webui.keyword.builtin.UploadFileKeyword.uploadFile(UploadFileKeyword.groovy:87)
	at com.kms.katalon.core.webui.keyword.builtin.UploadFileKeyword.execute(UploadFileKeyword.groovy:68)
	at com.kms.katalon.core.keyword.internal.KeywordExecutor.executeKeywordForPlatform(KeywordExecutor.groovy:56)
	at com.kms.katalon.core.webui.keyword.WebUiBuiltInKeywords.uploadFile(WebUiBuiltInKeywords.groovy:2945)
	at com.kms.katalon.core.webui.keyword.WebUiBuiltInKeywords$uploadFile$8.call(Unknown Source)
	at TC0777.run(TC0777:27)
	at com.kms.katalon.core.main.ScriptEngine.run(ScriptEngine.java:194)
	at com.kms.katalon.core.main.ScriptEngine.runScriptAsRawText(ScriptEngine.java:119)
	at com.kms.katalon.core.main.TestCaseExecutor.runScript(TestCaseExecutor.java:336)
	at com.kms.katalon.core.main.TestCaseExecutor.doExecute(TestCaseExecutor.java:327)
	at com.kms.katalon.core.main.TestCaseExecutor.processExecutionPhase(TestCaseExecutor.java:306)
	at com.kms.katalon.core.main.TestCaseExecutor.accessMainPhase(TestCaseExecutor.java:298)
	at com.kms.katalon.core.main.TestCaseExecutor.execute(TestCaseExecutor.java:232)
	at com.kms.katalon.core.main.TestCaseMain.runTestCase(TestCaseMain.java:114)
	at com.kms.katalon.core.keyword.builtin.CallTestCaseKeyword$_callTestCase_closure1.doCall(CallTestCaseKeyword.groovy:59)
	... 20 more
Caused by: com.kms.katalon.core.webui.exception.WebElementNotFoundException: Web element with id: 'Object Repository/Page_KiboPush  Create Broadcast Tem/img' located by 'By.xpath: //*[@id="List1"]/div/div/div[3]/div/input' not found
	at com.kms.katalon.core.webui.common.WebUiCommonHelper.findWebElement(WebUiCommonHelper.java:1097)
	at com.kms.katalon.core.webui.keyword.internal.WebUIAbstractKeyword.findWebElement(WebUIAbstractKeyword.groovy:27)
	at com.kms.katalon.core.webui.keyword.internal.WebUIAbstractKeyword.findWebElement(WebUIAbstractKeyword.groovy:26)
	at com.kms.katalon.core.webui.keyword.builtin.UploadFileKeyword$_uploadFile_closure1.doCall(UploadFileKeyword.groovy:79)
	at com.kms.katalon.core.webui.keyword.builtin.UploadFileKeyword$_uploadFile_closure1.call(UploadFileKeyword.groovy)
	at com.kms.katalon.core.webui.keyword.internal.WebUIKeywordMain.runKeyword(WebUIKeywordMain.groovy:20)
	at com.kms.katalon.core.webui.keyword.builtin.UploadFileKeyword.uploadFile(UploadFileKeyword.groovy:87)
	at com.kms.katalon.core.webui.keyword.builtin.UploadFileKeyword.execute(UploadFileKeyword.groovy:68)
	at com.kms.katalon.core.keyword.internal.KeywordExecutor.executeKeywordForPlatform(KeywordExecutor.groovy:56)
	at com.kms.katalon.core.webui.keyword.WebUiBuiltInKeywords.uploadFile(WebUiBuiltInKeywords.groovy:2945)
	at com.kms.katalon.core.webui.keyword.WebUiBuiltInKeywords$uploadFile$8.call(Unknown Source)
	at Script1536997969583.run(Script1536997969583.groovy:27)
	at com.kms.katalon.core.main.ScriptEngine.run(ScriptEngine.java:194)
	at com.kms.katalon.core.main.ScriptEngine.runScriptAsRawText(ScriptEngine.java:119)
	at com.kms.katalon.core.main.TestCaseExecutor.runScript(TestCaseExecutor.java:336)
	at com.kms.katalon.core.main.TestCaseExecutor.doExecute(TestCaseExecutor.java:327)
	at com.kms.katalon.core.main.TestCaseExecutor.processExecutionPhase(TestCaseExecutor.java:306)
	at com.kms.katalon.core.main.TestCaseExecutor.accessMainPhase(TestCaseExecutor.java:298)
	at com.kms.katalon.core.main.TestCaseExecutor.execute(TestCaseExecutor.java:232)
	at com.kms.katalon.core.main.TestCaseMain.runTestCase(TestCaseMain.java:114)
	at com.kms.katalon.core.keyword.builtin.CallTestCaseKeyword$_callTestCase_closure1.doCall(CallTestCaseKeyword.groovy:59)
	at com.kms.katalon.core.keyword.builtin.CallTestCaseKeyword$_callTestCase_closure1.call(CallTestCaseKeyword.groovy)
	at com.kms.katalon.core.keyword.internal.KeywordMain.runKeyword(KeywordMain.groovy:66)
	at com.kms.katalon.core.keyword.builtin.CallTestCaseKeyword.callTestCase(CallTestCaseKeyword.groovy:81)
	at com.kms.katalon.core.keyword.builtin.CallTestCaseKeyword.execute(CallTestCaseKeyword.groovy:44)
	at com.kms.katalon.core.keyword.internal.KeywordExecutor.executeKeywordForPlatform(KeywordExecutor.groovy:56)
	at com.kms.katalon.core.keyword.BuiltinKeywords.callTestCase(BuiltinKeywords.groovy:334)
	at Script1537000573841.run(Script1537000573841.groovy:22)
	... 13 more


2019-04-21 02:25:53 - [TEST_STEP][FAILED] - callTestCase(findTestCase("Template testcases/TC0777"), [:], STOP_ON_FAILURE): Unable to call Test Case 'Test Cases/Template testcases/TC0777' (Root cause: com.kms.katalon.core.exception.StepFailedException: Call Test Case 'Test Cases/Template testcases/TC0777' failed
	at com.kms.katalon.core.keyword.builtin.CallTestCaseKeyword$_callTestCase_closure1.doCall(CallTestCaseKeyword.groovy:63)
	at com.kms.katalon.core.keyword.builtin.CallTestCaseKeyword$_callTestCase_closure1.call(CallTestCaseKeyword.groovy)
	at com.kms.katalon.core.keyword.internal.KeywordMain.runKeyword(KeywordMain.groovy:66)
	at com.kms.katalon.core.keyword.builtin.CallTestCaseKeyword.callTestCase(CallTestCaseKeyword.groovy:81)
	at com.kms.katalon.core.keyword.builtin.CallTestCaseKeyword.execute(CallTestCaseKeyword.groovy:44)
	at com.kms.katalon.core.keyword.internal.KeywordExecutor.executeKeywordForPlatform(KeywordExecutor.groovy:56)
	at com.kms.katalon.core.keyword.BuiltinKeywords.callTestCase(BuiltinKeywords.groovy:334)
	at TC0778.run(TC0778:22)
	at com.kms.katalon.core.main.ScriptEngine.run(ScriptEngine.java:194)
	at com.kms.katalon.core.main.ScriptEngine.runScriptAsRawText(ScriptEngine.java:119)
	at com.kms.katalon.core.main.TestCaseExecutor.runScript(TestCaseExecutor.java:336)
	at com.kms.katalon.core.main.TestCaseExecutor.doExecute(TestCaseExecutor.java:327)
	at com.kms.katalon.core.main.TestCaseExecutor.processExecutionPhase(TestCaseExecutor.java:306)
	at com.kms.katalon.core.main.TestCaseExecutor.accessMainPhase(TestCaseExecutor.java:298)
	at com.kms.katalon.core.main.TestCaseExecutor.execute(TestCaseExecutor.java:232)
	at com.kms.katalon.core.main.TestSuiteExecutor.accessTestCaseMainPhase(TestSuiteExecutor.java:129)
	at com.kms.katalon.core.main.TestSuiteExecutor.accessTestSuiteMainPhase(TestSuiteExecutor.java:112)
	at com.kms.katalon.core.main.TestSuiteExecutor.execute(TestSuiteExecutor.java:81)
	at com.kms.katalon.core.main.TestCaseMain.startTestSuite(TestCaseMain.java:157)
	at com.kms.katalon.core.main.TestCaseMain$startTestSuite$0.call(Unknown Source)
	at TempTestSuite1555795243480.run(TempTestSuite1555795243480.groovy:35)
Caused by: com.kms.katalon.core.exception.StepFailedException: Unable to upload file '/home/faizan/Drive/KiboPush_Automated_Testing/KiboPush Katalon/sample.jpg' to object 'Object Repository/Page_KiboPush  Create Broadcast Tem/img'
	at com.kms.katalon.core.webui.keyword.internal.WebUIKeywordMain.stepFailed(WebUIKeywordMain.groovy:64)
	at com.kms.katalon.core.webui.keyword.internal.WebUIKeywordMain.runKeyword(WebUIKeywordMain.groovy:26)
	at com.kms.katalon.core.webui.keyword.builtin.UploadFileKeyword.uploadFile(UploadFileKeyword.groovy:87)
	at com.kms.katalon.core.webui.keyword.builtin.UploadFileKeyword.execute(UploadFileKeyword.groovy:68)
	at com.kms.katalon.core.keyword.internal.KeywordExecutor.executeKeywordForPlatform(KeywordExecutor.groovy:56)
	at com.kms.katalon.core.webui.keyword.WebUiBuiltInKeywords.uploadFile(WebUiBuiltInKeywords.groovy:2945)
	at com.kms.katalon.core.webui.keyword.WebUiBuiltInKeywords$uploadFile$8.call(Unknown Source)
	at TC0777.run(TC0777:27)
	at com.kms.katalon.core.main.ScriptEngine.run(ScriptEngine.java:194)
	at com.kms.katalon.core.main.ScriptEngine.runScriptAsRawText(ScriptEngine.java:119)
	at com.kms.katalon.core.main.TestCaseExecutor.runScript(TestCaseExecutor.java:336)
	at com.kms.katalon.core.main.TestCaseExecutor.doExecute(TestCaseExecutor.java:327)
	at com.kms.katalon.core.main.TestCaseExecutor.processExecutionPhase(TestCaseExecutor.java:306)
	at com.kms.katalon.core.main.TestCaseExecutor.accessMainPhase(TestCaseExecutor.java:298)
	at com.kms.katalon.core.main.TestCaseExecutor.execute(TestCaseExecutor.java:232)
	at com.kms.katalon.core.main.TestCaseMain.runTestCase(TestCaseMain.java:114)
	at com.kms.katalon.core.keyword.builtin.CallTestCaseKeyword$_callTestCase_closure1.doCall(CallTestCaseKeyword.groovy:59)
	... 20 more
Caused by: com.kms.katalon.core.webui.exception.WebElementNotFoundException: Web element with id: 'Object Repository/Page_KiboPush  Create Broadcast Tem/img' located by 'By.xpath: //*[@id="List1"]/div/div/div[3]/div/input' not found
	at com.kms.katalon.core.webui.common.WebUiCommonHelper.findWebElement(WebUiCommonHelper.java:1097)
	at com.kms.katalon.core.webui.keyword.internal.WebUIAbstractKeyword.findWebElement(WebUIAbstractKeyword.groovy:27)
	at com.kms.katalon.core.webui.keyword.internal.WebUIAbstractKeyword.findWebElement(WebUIAbstractKeyword.groovy:26)
	at com.kms.katalon.core.webui.keyword.builtin.UploadFileKeyword$_uploadFile_closure1.doCall(UploadFileKeyword.groovy:79)
	at com.kms.katalon.core.webui.keyword.builtin.UploadFileKeyword$_uploadFile_closure1.call(UploadFileKeyword.groovy)
	at com.kms.katalon.core.webui.keyword.internal.WebUIKeywordMain.runKeyword(WebUIKeywordMain.groovy:20)
	at com.kms.katalon.core.webui.keyword.builtin.UploadFileKeyword.uploadFile(UploadFileKeyword.groovy:87)
	at com.kms.katalon.core.webui.keyword.builtin.UploadFileKeyword.execute(UploadFileKeyword.groovy:68)
	at com.kms.katalon.core.keyword.internal.KeywordExecutor.executeKeywordForPlatform(KeywordExecutor.groovy:56)
	at com.kms.katalon.core.webui.keyword.WebUiBuiltInKeywords.uploadFile(WebUiBuiltInKeywords.groovy:2945)
	at com.kms.katalon.core.webui.keyword.WebUiBuiltInKeywords$uploadFile$8.call(Unknown Source)
	at Script1536997969583.run(Script1536997969583.groovy:27)
	at com.kms.katalon.core.main.ScriptEngine.run(ScriptEngine.java:194)
	at com.kms.katalon.core.main.ScriptEngine.runScriptAsRawText(ScriptEngine.java:119)
	at com.kms.katalon.core.main.TestCaseExecutor.runScript(TestCaseExecutor.java:336)
	at com.kms.katalon.core.main.TestCaseExecutor.doExecute(TestCaseExecutor.java:327)
	at com.kms.katalon.core.main.TestCaseExecutor.processExecutionPhase(TestCaseExecutor.java:306)
	at com.kms.katalon.core.main.TestCaseExecutor.accessMainPhase(TestCaseExecutor.java:298)
	at com.kms.katalon.core.main.TestCaseExecutor.execute(TestCaseExecutor.java:232)
	at com.kms.katalon.core.main.TestCaseMain.runTestCase(TestCaseMain.java:114)
	at com.kms.katalon.core.keyword.builtin.CallTestCaseKeyword$_callTestCase_closure1.doCall(CallTestCaseKeyword.groovy:59)
	at com.kms.katalon.core.keyword.builtin.CallTestCaseKeyword$_callTestCase_closure1.call(CallTestCaseKeyword.groovy)
	at com.kms.katalon.core.keyword.internal.KeywordMain.runKeyword(KeywordMain.groovy:66)
	at com.kms.katalon.core.keyword.builtin.CallTestCaseKeyword.callTestCase(CallTestCaseKeyword.groovy:81)
	at com.kms.katalon.core.keyword.builtin.CallTestCaseKeyword.execute(CallTestCaseKeyword.groovy:44)
	at com.kms.katalon.core.keyword.internal.KeywordExecutor.executeKeywordForPlatform(KeywordExecutor.groovy:56)
	at com.kms.katalon.core.keyword.BuiltinKeywords.callTestCase(BuiltinKeywords.groovy:334)
	at Script1537000573841.run(Script1537000573841.groovy:22)
	... 13 more
)

2019-04-21 02:25:53 - [TEST_CASE][FAILED] - Test Cases/Template testcases/TC0777: Test Cases/Template testcases/TC0777 FAILED.
Reason:
com.kms.katalon.core.exception.StepFailedException: Unable to upload file '/home/faizan/Drive/KiboPush_Automated_Testing/KiboPush Katalon/sample.jpg' to object 'Object Repository/Page_KiboPush  Create Broadcast Tem/img'
	at com.kms.katalon.core.webui.keyword.internal.WebUIKeywordMain.stepFailed(WebUIKeywordMain.groovy:64)
	at com.kms.katalon.core.webui.keyword.internal.WebUIKeywordMain.runKeyword(WebUIKeywordMain.groovy:26)
	at com.kms.katalon.core.webui.keyword.builtin.UploadFileKeyword.uploadFile(UploadFileKeyword.groovy:87)
	at com.kms.katalon.core.webui.keyword.builtin.UploadFileKeyword.execute(UploadFileKeyword.groovy:68)
	at com.kms.katalon.core.keyword.internal.KeywordExecutor.executeKeywordForPlatform(KeywordExecutor.groovy:56)
	at com.kms.katalon.core.webui.keyword.WebUiBuiltInKeywords.uploadFile(WebUiBuiltInKeywords.groovy:2945)
	at com.kms.katalon.core.webui.keyword.WebUiBuiltInKeywords$uploadFile$8.call(Unknown Source)
	at TC0777.run(TC0777:27)
	at com.kms.katalon.core.main.ScriptEngine.run(ScriptEngine.java:194)
	at com.kms.katalon.core.main.ScriptEngine.runScriptAsRawText(ScriptEngine.java:119)
	at com.kms.katalon.core.main.TestCaseExecutor.runScript(TestCaseExecutor.java:336)
	at com.kms.katalon.core.main.TestCaseExecutor.doExecute(TestCaseExecutor.java:327)
	at com.kms.katalon.core.main.TestCaseExecutor.processExecutionPhase(TestCaseExecutor.java:306)
	at com.kms.katalon.core.main.TestCaseExecutor.accessMainPhase(TestCaseExecutor.java:298)
	at com.kms.katalon.core.main.TestCaseExecutor.execute(TestCaseExecutor.java:232)
	at com.kms.katalon.core.main.TestCaseMain.runTestCase(TestCaseMain.java:114)
	at com.kms.katalon.core.keyword.builtin.CallTestCaseKeyword$_callTestCase_closure1.doCall(CallTestCaseKeyword.groovy:59)
	at com.kms.katalon.core.keyword.builtin.CallTestCaseKeyword$_callTestCase_closure1.call(CallTestCaseKeyword.groovy)
	at com.kms.katalon.core.keyword.internal.KeywordMain.runKeyword(KeywordMain.groovy:66)
	at com.kms.katalon.core.keyword.builtin.CallTestCaseKeyword.callTestCase(CallTestCaseKeyword.groovy:81)
	at com.kms.katalon.core.keyword.builtin.CallTestCaseKeyword.execute(CallTestCaseKeyword.groovy:44)
	at com.kms.katalon.core.keyword.internal.KeywordExecutor.executeKeywordForPlatform(KeywordExecutor.groovy:56)
	at com.kms.katalon.core.keyword.BuiltinKeywords.callTestCase(BuiltinKeywords.groovy:334)
	at TC0778.run(TC0778:22)
	at com.kms.katalon.core.main.ScriptEngine.run(ScriptEngine.java:194)
	at com.kms.katalon.core.main.ScriptEngine.runScriptAsRawText(ScriptEngine.java:119)
	at com.kms.katalon.core.main.TestCaseExecutor.runScript(TestCaseExecutor.java:336)
	at com.kms.katalon.core.main.TestCaseExecutor.doExecute(TestCaseExecutor.java:327)
	at com.kms.katalon.core.main.TestCaseExecutor.processExecutionPhase(TestCaseExecutor.java:306)
	at com.kms.katalon.core.main.TestCaseExecutor.accessMainPhase(TestCaseExecutor.java:298)
	at com.kms.katalon.core.main.TestCaseExecutor.execute(TestCaseExecutor.java:232)
	at com.kms.katalon.core.main.TestSuiteExecutor.accessTestCaseMainPhase(TestSuiteExecutor.java:129)
	at com.kms.katalon.core.main.TestSuiteExecutor.accessTestSuiteMainPhase(TestSuiteExecutor.java:112)
	at com.kms.katalon.core.main.TestSuiteExecutor.execute(TestSuiteExecutor.java:81)
	at com.kms.katalon.core.main.TestCaseMain.startTestSuite(TestCaseMain.java:157)
	at com.kms.katalon.core.main.TestCaseMain$startTestSuite$0.call(Unknown Source)
	at TempTestSuite1555795243480.run(TempTestSuite1555795243480.groovy:35)
Caused by: com.kms.katalon.core.webui.exception.WebElementNotFoundException: Web element with id: 'Object Repository/Page_KiboPush  Create Broadcast Tem/img' located by 'By.xpath: //*[@id="List1"]/div/div/div[3]/div/input' not found
	at com.kms.katalon.core.webui.common.WebUiCommonHelper.findWebElement(WebUiCommonHelper.java:1097)
	at com.kms.katalon.core.webui.keyword.internal.WebUIAbstractKeyword.findWebElement(WebUIAbstractKeyword.groovy:27)
	at com.kms.katalon.core.webui.keyword.internal.WebUIAbstractKeyword.findWebElement(WebUIAbstractKeyword.groovy:26)
	at com.kms.katalon.core.webui.keyword.builtin.UploadFileKeyword$_uploadFile_closure1.doCall(UploadFileKeyword.groovy:79)
	at com.kms.katalon.core.webui.keyword.builtin.UploadFileKeyword$_uploadFile_closure1.call(UploadFileKeyword.groovy)
	at com.kms.katalon.core.webui.keyword.internal.WebUIKeywordMain.runKeyword(WebUIKeywordMain.groovy:20)
	at com.kms.katalon.core.webui.keyword.builtin.UploadFileKeyword.uploadFile(UploadFileKeyword.groovy:87)
	at com.kms.katalon.core.webui.keyword.builtin.UploadFileKeyword.execute(UploadFileKeyword.groovy:68)
	at com.kms.katalon.core.keyword.internal.KeywordExecutor.executeKeywordForPlatform(KeywordExecutor.groovy:56)
	at com.kms.katalon.core.webui.keyword.WebUiBuiltInKeywords.uploadFile(WebUiBuiltInKeywords.groovy:2945)
	at com.kms.katalon.core.webui.keyword.WebUiBuiltInKeywords$uploadFile$8.call(Unknown Source)
	at Script1536997969583.run(Script1536997969583.groovy:27)
	at com.kms.katalon.core.main.ScriptEngine.run(ScriptEngine.java:194)
	at com.kms.katalon.core.main.ScriptEngine.runScriptAsRawText(ScriptEngine.java:119)
	at com.kms.katalon.core.main.TestCaseExecutor.runScript(TestCaseExecutor.java:336)
	at com.kms.katalon.core.main.TestCaseExecutor.doExecute(TestCaseExecutor.java:327)
	at com.kms.katalon.core.main.TestCaseExecutor.processExecutionPhase(TestCaseExecutor.java:306)
	at com.kms.katalon.core.main.TestCaseExecutor.accessMainPhase(TestCaseExecutor.java:298)
	at com.kms.katalon.core.main.TestCaseExecutor.execute(TestCaseExecutor.java:232)
	at com.kms.katalon.core.main.TestCaseMain.runTestCase(TestCaseMain.java:114)
	at com.kms.katalon.core.keyword.builtin.CallTestCaseKeyword$_callTestCase_closure1.doCall(CallTestCaseKeyword.groovy:59)
	at com.kms.katalon.core.keyword.builtin.CallTestCaseKeyword$_callTestCase_closure1.call(CallTestCaseKeyword.groovy)
	at com.kms.katalon.core.keyword.internal.KeywordMain.runKeyword(KeywordMain.groovy:66)
	at com.kms.katalon.core.keyword.builtin.CallTestCaseKeyword.callTestCase(CallTestCaseKeyword.groovy:81)
	at com.kms.katalon.core.keyword.builtin.CallTestCaseKeyword.execute(CallTestCaseKeyword.groovy:44)
	at com.kms.katalon.core.keyword.internal.KeywordExecutor.executeKeywordForPlatform(KeywordExecutor.groovy:56)
	at com.kms.katalon.core.keyword.BuiltinKeywords.callTestCase(BuiltinKeywords.groovy:334)
	at Script1537000573841.run(Script1537000573841.groovy:22)
	... 13 more


2019-04-21 02:25:53 - [TEST_STEP][PASSED] - callTestCase(findTestCase("Template testcases/TC0775"), [:], STOP_ON_FAILURE): Call Test Case 'Test Cases/Template testcases/TC0775' successfully

2019-04-21 02:25:53 - [TEST_CASE][PASSED] - Test Cases/Template testcases/TC0775: Test Cases/Template testcases/TC0775

2019-04-21 02:25:53 - [TEST_STEP][PASSED] - callTestCase(findTestCase("s-sidebar_navigation/individualAccount/Template"), [:], STOP_ON_FAILURE): Call Test Case 'Test Cases/s-sidebar_navigation/individualAccount/Template' successfully

2019-04-21 02:25:53 - [TEST_CASE][PASSED] - Test Cases/s-sidebar_navigation/individualAccount/Template: Test Cases/s-sidebar_navigation/individualAccount/Template

2019-04-21 02:25:53 - [TEST_STEP][PASSED] - click(findTestObject("Page_KiboPush  Dashboard/span_Broadcasts")): Object: 'Object Repository/Page_KiboPush  Dashboard/span_Broadcasts' is clicked on

2019-04-21 02:25:54 - [MESSAGE][PASSED] - Object: 'Object Repository/Page_KiboPush  Dashboard/span_Broadcasts' is clicked on

2019-04-21 02:25:54 - [TEST_STEP][PASSED] - delay(1): Delayed 1 second(s)

2019-04-21 02:25:55 - [MESSAGE][PASSED] - Delayed 1 second(s)

2019-04-21 02:25:55 - [TEST_STEP][PASSED] - click(findTestObject("Page_KiboPush  Dashboard/span_Templates")): Object: 'Object Repository/Page_KiboPush  Dashboard/span_Templates' is clicked on

2019-04-21 02:25:55 - [MESSAGE][PASSED] - Object: 'Object Repository/Page_KiboPush  Dashboard/span_Templates' is clicked on

2019-04-21 02:25:55 - [TEST_STEP][PASSED] - delay(3): Delayed 3 second(s)

2019-04-21 02:25:58 - [MESSAGE][PASSED] - Delayed 3 second(s)

2019-04-21 02:25:58 - [TEST_STEP][PASSED] - scrollToPosition(0, 0): Browser is scrolled to position x = 0, y = 0

2019-04-21 02:25:58 - [MESSAGE][PASSED] - Browser is scrolled to position x = 0, y = 0

2019-04-21 02:25:58 - [TEST_STEP][PASSED] - click(findTestObject("Object Repository/Page_KiboEngage  Templates/h3_Templates")): Object: 'Object Repository/Page_KiboEngage  Templates/h3_Templates' is clicked on

2019-04-21 02:25:58 - [MESSAGE][PASSED] - Object: 'Object Repository/Page_KiboEngage  Templates/h3_Templates' is clicked on

2019-04-21 02:25:58 - [TEST_STEP][PASSED] - delay(3): Delayed 3 second(s)

2019-04-21 02:26:01 - [MESSAGE][PASSED] - Delayed 3 second(s)

2019-04-21 02:26:01 - [MESSAGE][PASSED] - Call Test Case 'Test Cases/s-sidebar_navigation/individualAccount/Template' successfully

2019-04-21 02:26:01 - [TEST_STEP][PASSED] - click(findTestObject("Page_KiboPush  Dashboard/button_Create New")): Object: 'Object Repository/Page_KiboPush  Dashboard/button_Create New' is clicked on

2019-04-21 02:26:02 - [MESSAGE][PASSED] - Object: 'Object Repository/Page_KiboPush  Dashboard/button_Create New' is clicked on

2019-04-21 02:26:02 - [TEST_STEP][PASSED] - click(findTestObject("Page_KiboPush  Create Broadcast Tem/h6_Image (2)")): Object: 'Object Repository/Page_KiboPush  Create Broadcast Tem/h6_Image (2)' is clicked on

2019-04-21 02:26:02 - [MESSAGE][PASSED] - Object: 'Object Repository/Page_KiboPush  Create Broadcast Tem/h6_Image (2)' is clicked on

2019-04-21 02:26:02 - [TEST_STEP][PASSED] - click(findTestObject("Object Repository/Page_KiboEngage  Create Broadcast Template/div_New image component added")): Object: 'Object Repository/Page_KiboEngage  Create Broadcast Template/div_New image component added' is clicked on

2019-04-21 02:26:02 - [MESSAGE][PASSED] - Object: 'Object Repository/Page_KiboEngage  Create Broadcast Template/div_New image component added' is clicked on

2019-04-21 02:26:02 - [MESSAGE][PASSED] - Call Test Case 'Test Cases/Template testcases/TC0775' successfully

2019-04-21 02:26:02 - [TEST_STEP][PASSED] - img = getProjectDir() + "/sample.jpg": null

2019-04-21 02:26:02 - [TEST_STEP][FAILED] - uploadFile(findTestObject("Page_KiboPush  Create Broadcast Tem/img"), img): Unable to upload file '/home/faizan/Drive/KiboPush_Automated_Testing/KiboPush Katalon/sample.jpg' to object 'Object Repository/Page_KiboPush  Create Broadcast Tem/img' (Root cause: com.kms.katalon.core.exception.StepFailedException: Unable to upload file '/home/faizan/Drive/KiboPush_Automated_Testing/KiboPush Katalon/sample.jpg' to object 'Object Repository/Page_KiboPush  Create Broadcast Tem/img'
	at com.kms.katalon.core.webui.keyword.internal.WebUIKeywordMain.stepFailed(WebUIKeywordMain.groovy:64)
	at com.kms.katalon.core.webui.keyword.internal.WebUIKeywordMain.runKeyword(WebUIKeywordMain.groovy:26)
	at com.kms.katalon.core.webui.keyword.builtin.UploadFileKeyword.uploadFile(UploadFileKeyword.groovy:87)
	at com.kms.katalon.core.webui.keyword.builtin.UploadFileKeyword.execute(UploadFileKeyword.groovy:68)
	at com.kms.katalon.core.keyword.internal.KeywordExecutor.executeKeywordForPlatform(KeywordExecutor.groovy:56)
	at com.kms.katalon.core.webui.keyword.WebUiBuiltInKeywords.uploadFile(WebUiBuiltInKeywords.groovy:2945)
	at com.kms.katalon.core.webui.keyword.WebUiBuiltInKeywords$uploadFile$8.call(Unknown Source)
	at TC0777.run(TC0777:27)
	at com.kms.katalon.core.main.ScriptEngine.run(ScriptEngine.java:194)
	at com.kms.katalon.core.main.ScriptEngine.runScriptAsRawText(ScriptEngine.java:119)
	at com.kms.katalon.core.main.TestCaseExecutor.runScript(TestCaseExecutor.java:336)
	at com.kms.katalon.core.main.TestCaseExecutor.doExecute(TestCaseExecutor.java:327)
	at com.kms.katalon.core.main.TestCaseExecutor.processExecutionPhase(TestCaseExecutor.java:306)
	at com.kms.katalon.core.main.TestCaseExecutor.accessMainPhase(TestCaseExecutor.java:298)
	at com.kms.katalon.core.main.TestCaseExecutor.execute(TestCaseExecutor.java:232)
	at com.kms.katalon.core.main.TestCaseMain.runTestCase(TestCaseMain.java:114)
	at com.kms.katalon.core.keyword.builtin.CallTestCaseKeyword$_callTestCase_closure1.doCall(CallTestCaseKeyword.groovy:59)
	at com.kms.katalon.core.keyword.builtin.CallTestCaseKeyword$_callTestCase_closure1.call(CallTestCaseKeyword.groovy)
	at com.kms.katalon.core.keyword.internal.KeywordMain.runKeyword(KeywordMain.groovy:66)
	at com.kms.katalon.core.keyword.builtin.CallTestCaseKeyword.callTestCase(CallTestCaseKeyword.groovy:81)
	at com.kms.katalon.core.keyword.builtin.CallTestCaseKeyword.execute(CallTestCaseKeyword.groovy:44)
	at com.kms.katalon.core.keyword.internal.KeywordExecutor.executeKeywordForPlatform(KeywordExecutor.groovy:56)
	at com.kms.katalon.core.keyword.BuiltinKeywords.callTestCase(BuiltinKeywords.groovy:334)
	at TC0778.run(TC0778:22)
	at com.kms.katalon.core.main.ScriptEngine.run(ScriptEngine.java:194)
	at com.kms.katalon.core.main.ScriptEngine.runScriptAsRawText(ScriptEngine.java:119)
	at com.kms.katalon.core.main.TestCaseExecutor.runScript(TestCaseExecutor.java:336)
	at com.kms.katalon.core.main.TestCaseExecutor.doExecute(TestCaseExecutor.java:327)
	at com.kms.katalon.core.main.TestCaseExecutor.processExecutionPhase(TestCaseExecutor.java:306)
	at com.kms.katalon.core.main.TestCaseExecutor.accessMainPhase(TestCaseExecutor.java:298)
	at com.kms.katalon.core.main.TestCaseExecutor.execute(TestCaseExecutor.java:232)
	at com.kms.katalon.core.main.TestSuiteExecutor.accessTestCaseMainPhase(TestSuiteExecutor.java:129)
	at com.kms.katalon.core.main.TestSuiteExecutor.accessTestSuiteMainPhase(TestSuiteExecutor.java:112)
	at com.kms.katalon.core.main.TestSuiteExecutor.execute(TestSuiteExecutor.java:81)
	at com.kms.katalon.core.main.TestCaseMain.startTestSuite(TestCaseMain.java:157)
	at com.kms.katalon.core.main.TestCaseMain$startTestSuite$0.call(Unknown Source)
	at TempTestSuite1555795243480.run(TempTestSuite1555795243480.groovy:35)
Caused by: com.kms.katalon.core.webui.exception.WebElementNotFoundException: Web element with id: 'Object Repository/Page_KiboPush  Create Broadcast Tem/img' located by 'By.xpath: //*[@id="List1"]/div/div/div[3]/div/input' not found
	at com.kms.katalon.core.webui.common.WebUiCommonHelper.findWebElement(WebUiCommonHelper.java:1097)
	at com.kms.katalon.core.webui.keyword.internal.WebUIAbstractKeyword.findWebElement(WebUIAbstractKeyword.groovy:27)
	at com.kms.katalon.core.webui.keyword.internal.WebUIAbstractKeyword.findWebElement(WebUIAbstractKeyword.groovy:26)
	at com.kms.katalon.core.webui.keyword.builtin.UploadFileKeyword$_uploadFile_closure1.doCall(UploadFileKeyword.groovy:79)
	at com.kms.katalon.core.webui.keyword.builtin.UploadFileKeyword$_uploadFile_closure1.call(UploadFileKeyword.groovy)
	at com.kms.katalon.core.webui.keyword.internal.WebUIKeywordMain.runKeyword(WebUIKeywordMain.groovy:20)
	at com.kms.katalon.core.webui.keyword.builtin.UploadFileKeyword.uploadFile(UploadFileKeyword.groovy:87)
	at com.kms.katalon.core.webui.keyword.builtin.UploadFileKeyword.execute(UploadFileKeyword.groovy:68)
	at com.kms.katalon.core.keyword.internal.KeywordExecutor.executeKeywordForPlatform(KeywordExecutor.groovy:56)
	at com.kms.katalon.core.webui.keyword.WebUiBuiltInKeywords.uploadFile(WebUiBuiltInKeywords.groovy:2945)
	at com.kms.katalon.core.webui.keyword.WebUiBuiltInKeywords$uploadFile$8.call(Unknown Source)
	at Script1536997969583.run(Script1536997969583.groovy:27)
	at com.kms.katalon.core.main.ScriptEngine.run(ScriptEngine.java:194)
	at com.kms.katalon.core.main.ScriptEngine.runScriptAsRawText(ScriptEngine.java:119)
	at com.kms.katalon.core.main.TestCaseExecutor.runScript(TestCaseExecutor.java:336)
	at com.kms.katalon.core.main.TestCaseExecutor.doExecute(TestCaseExecutor.java:327)
	at com.kms.katalon.core.main.TestCaseExecutor.processExecutionPhase(TestCaseExecutor.java:306)
	at com.kms.katalon.core.main.TestCaseExecutor.accessMainPhase(TestCaseExecutor.java:298)
	at com.kms.katalon.core.main.TestCaseExecutor.execute(TestCaseExecutor.java:232)
	at com.kms.katalon.core.main.TestCaseMain.runTestCase(TestCaseMain.java:114)
	at com.kms.katalon.core.keyword.builtin.CallTestCaseKeyword$_callTestCase_closure1.doCall(CallTestCaseKeyword.groovy:59)
	at com.kms.katalon.core.keyword.builtin.CallTestCaseKeyword$_callTestCase_closure1.call(CallTestCaseKeyword.groovy)
	at com.kms.katalon.core.keyword.internal.KeywordMain.runKeyword(KeywordMain.groovy:66)
	at com.kms.katalon.core.keyword.builtin.CallTestCaseKeyword.callTestCase(CallTestCaseKeyword.groovy:81)
	at com.kms.katalon.core.keyword.builtin.CallTestCaseKeyword.execute(CallTestCaseKeyword.groovy:44)
	at com.kms.katalon.core.keyword.internal.KeywordExecutor.executeKeywordForPlatform(KeywordExecutor.groovy:56)
	at com.kms.katalon.core.keyword.BuiltinKeywords.callTestCase(BuiltinKeywords.groovy:334)
	at Script1537000573841.run(Script1537000573841.groovy:22)
	... 13 more
)

2019-04-21 02:26:33 - [MESSAGE][INFO] - Unable to find the element located by 'By.xpath: //*[@id="List1"]/div/div/div[3]/div/input'. Please recheck the objects properties to make sure the desired element is located. 

2019-04-21 02:26:33 - [MESSAGE][FAILED] - Unable to upload file '/home/faizan/Drive/KiboPush_Automated_Testing/KiboPush Katalon/sample.jpg' to object 'Object Repository/Page_KiboPush  Create Broadcast Tem/img' (Root cause: com.kms.katalon.core.exception.StepFailedException: Unable to upload file '/home/faizan/Drive/KiboPush_Automated_Testing/KiboPush Katalon/sample.jpg' to object 'Object Repository/Page_KiboPush  Create Broadcast Tem/img'
	at com.kms.katalon.core.webui.keyword.internal.WebUIKeywordMain.stepFailed(WebUIKeywordMain.groovy:64)
	at com.kms.katalon.core.webui.keyword.internal.WebUIKeywordMain.runKeyword(WebUIKeywordMain.groovy:26)
	at com.kms.katalon.core.webui.keyword.builtin.UploadFileKeyword.uploadFile(UploadFileKeyword.groovy:87)
	at com.kms.katalon.core.webui.keyword.builtin.UploadFileKeyword.execute(UploadFileKeyword.groovy:68)
	at com.kms.katalon.core.keyword.internal.KeywordExecutor.executeKeywordForPlatform(KeywordExecutor.groovy:56)
	at com.kms.katalon.core.webui.keyword.WebUiBuiltInKeywords.uploadFile(WebUiBuiltInKeywords.groovy:2945)
	at com.kms.katalon.core.webui.keyword.WebUiBuiltInKeywords$uploadFile$8.call(Unknown Source)
	at TC0777.run(TC0777:27)
	at com.kms.katalon.core.main.ScriptEngine.run(ScriptEngine.java:194)
	at com.kms.katalon.core.main.ScriptEngine.runScriptAsRawText(ScriptEngine.java:119)
	at com.kms.katalon.core.main.TestCaseExecutor.runScript(TestCaseExecutor.java:336)
	at com.kms.katalon.core.main.TestCaseExecutor.doExecute(TestCaseExecutor.java:327)
	at com.kms.katalon.core.main.TestCaseExecutor.processExecutionPhase(TestCaseExecutor.java:306)
	at com.kms.katalon.core.main.TestCaseExecutor.accessMainPhase(TestCaseExecutor.java:298)
	at com.kms.katalon.core.main.TestCaseExecutor.execute(TestCaseExecutor.java:232)
	at com.kms.katalon.core.main.TestCaseMain.runTestCase(TestCaseMain.java:114)
	at com.kms.katalon.core.keyword.builtin.CallTestCaseKeyword$_callTestCase_closure1.doCall(CallTestCaseKeyword.groovy:59)
	at com.kms.katalon.core.keyword.builtin.CallTestCaseKeyword$_callTestCase_closure1.call(CallTestCaseKeyword.groovy)
	at com.kms.katalon.core.keyword.internal.KeywordMain.runKeyword(KeywordMain.groovy:66)
	at com.kms.katalon.core.keyword.builtin.CallTestCaseKeyword.callTestCase(CallTestCaseKeyword.groovy:81)
	at com.kms.katalon.core.keyword.builtin.CallTestCaseKeyword.execute(CallTestCaseKeyword.groovy:44)
	at com.kms.katalon.core.keyword.internal.KeywordExecutor.executeKeywordForPlatform(KeywordExecutor.groovy:56)
	at com.kms.katalon.core.keyword.BuiltinKeywords.callTestCase(BuiltinKeywords.groovy:334)
	at TC0778.run(TC0778:22)
	at com.kms.katalon.core.main.ScriptEngine.run(ScriptEngine.java:194)
	at com.kms.katalon.core.main.ScriptEngine.runScriptAsRawText(ScriptEngine.java:119)
	at com.kms.katalon.core.main.TestCaseExecutor.runScript(TestCaseExecutor.java:336)
	at com.kms.katalon.core.main.TestCaseExecutor.doExecute(TestCaseExecutor.java:327)
	at com.kms.katalon.core.main.TestCaseExecutor.processExecutionPhase(TestCaseExecutor.java:306)
	at com.kms.katalon.core.main.TestCaseExecutor.accessMainPhase(TestCaseExecutor.java:298)
	at com.kms.katalon.core.main.TestCaseExecutor.execute(TestCaseExecutor.java:232)
	at com.kms.katalon.core.main.TestSuiteExecutor.accessTestCaseMainPhase(TestSuiteExecutor.java:129)
	at com.kms.katalon.core.main.TestSuiteExecutor.accessTestSuiteMainPhase(TestSuiteExecutor.java:112)
	at com.kms.katalon.core.main.TestSuiteExecutor.execute(TestSuiteExecutor.java:81)
	at com.kms.katalon.core.main.TestCaseMain.startTestSuite(TestCaseMain.java:157)
	at com.kms.katalon.core.main.TestCaseMain$startTestSuite$0.call(Unknown Source)
	at TempTestSuite1555795243480.run(TempTestSuite1555795243480.groovy:35)
Caused by: com.kms.katalon.core.webui.exception.WebElementNotFoundException: Web element with id: 'Object Repository/Page_KiboPush  Create Broadcast Tem/img' located by 'By.xpath: //*[@id="List1"]/div/div/div[3]/div/input' not found
	at com.kms.katalon.core.webui.common.WebUiCommonHelper.findWebElement(WebUiCommonHelper.java:1097)
	at com.kms.katalon.core.webui.keyword.internal.WebUIAbstractKeyword.findWebElement(WebUIAbstractKeyword.groovy:27)
	at com.kms.katalon.core.webui.keyword.internal.WebUIAbstractKeyword.findWebElement(WebUIAbstractKeyword.groovy:26)
	at com.kms.katalon.core.webui.keyword.builtin.UploadFileKeyword$_uploadFile_closure1.doCall(UploadFileKeyword.groovy:79)
	at com.kms.katalon.core.webui.keyword.builtin.UploadFileKeyword$_uploadFile_closure1.call(UploadFileKeyword.groovy)
	at com.kms.katalon.core.webui.keyword.internal.WebUIKeywordMain.runKeyword(WebUIKeywordMain.groovy:20)
	at com.kms.katalon.core.webui.keyword.builtin.UploadFileKeyword.uploadFile(UploadFileKeyword.groovy:87)
	at com.kms.katalon.core.webui.keyword.builtin.UploadFileKeyword.execute(UploadFileKeyword.groovy:68)
	at com.kms.katalon.core.keyword.internal.KeywordExecutor.executeKeywordForPlatform(KeywordExecutor.groovy:56)
	at com.kms.katalon.core.webui.keyword.WebUiBuiltInKeywords.uploadFile(WebUiBuiltInKeywords.groovy:2945)
	at com.kms.katalon.core.webui.keyword.WebUiBuiltInKeywords$uploadFile$8.call(Unknown Source)
	at Script1536997969583.run(Script1536997969583.groovy:27)
	at com.kms.katalon.core.main.ScriptEngine.run(ScriptEngine.java:194)
	at com.kms.katalon.core.main.ScriptEngine.runScriptAsRawText(ScriptEngine.java:119)
	at com.kms.katalon.core.main.TestCaseExecutor.runScript(TestCaseExecutor.java:336)
	at com.kms.katalon.core.main.TestCaseExecutor.doExecute(TestCaseExecutor.java:327)
	at com.kms.katalon.core.main.TestCaseExecutor.processExecutionPhase(TestCaseExecutor.java:306)
	at com.kms.katalon.core.main.TestCaseExecutor.accessMainPhase(TestCaseExecutor.java:298)
	at com.kms.katalon.core.main.TestCaseExecutor.execute(TestCaseExecutor.java:232)
	at com.kms.katalon.core.main.TestCaseMain.runTestCase(TestCaseMain.java:114)
	at com.kms.katalon.core.keyword.builtin.CallTestCaseKeyword$_callTestCase_closure1.doCall(CallTestCaseKeyword.groovy:59)
	at com.kms.katalon.core.keyword.builtin.CallTestCaseKeyword$_callTestCase_closure1.call(CallTestCaseKeyword.groovy)
	at com.kms.katalon.core.keyword.internal.KeywordMain.runKeyword(KeywordMain.groovy:66)
	at com.kms.katalon.core.keyword.builtin.CallTestCaseKeyword.callTestCase(CallTestCaseKeyword.groovy:81)
	at com.kms.katalon.core.keyword.builtin.CallTestCaseKeyword.execute(CallTestCaseKeyword.groovy:44)
	at com.kms.katalon.core.keyword.internal.KeywordExecutor.executeKeywordForPlatform(KeywordExecutor.groovy:56)
	at com.kms.katalon.core.keyword.BuiltinKeywords.callTestCase(BuiltinKeywords.groovy:334)
	at Script1537000573841.run(Script1537000573841.groovy:22)
	... 13 more
)
[[ATTACHMENT|/home/faizan/Drive/KiboPush_Automated_Testing/KiboPush Katalon/Reports/Faizan Suits/Template/20190421_022043/1555795593709.png]]

2019-04-21 02:26:33 - [MESSAGE][FAILED] - Unable to call Test Case 'Test Cases/Template testcases/TC0777' (Root cause: com.kms.katalon.core.exception.StepFailedException: Call Test Case 'Test Cases/Template testcases/TC0777' failed
	at com.kms.katalon.core.keyword.builtin.CallTestCaseKeyword$_callTestCase_closure1.doCall(CallTestCaseKeyword.groovy:63)
	at com.kms.katalon.core.keyword.builtin.CallTestCaseKeyword$_callTestCase_closure1.call(CallTestCaseKeyword.groovy)
	at com.kms.katalon.core.keyword.internal.KeywordMain.runKeyword(KeywordMain.groovy:66)
	at com.kms.katalon.core.keyword.builtin.CallTestCaseKeyword.callTestCase(CallTestCaseKeyword.groovy:81)
	at com.kms.katalon.core.keyword.builtin.CallTestCaseKeyword.execute(CallTestCaseKeyword.groovy:44)
	at com.kms.katalon.core.keyword.internal.KeywordExecutor.executeKeywordForPlatform(KeywordExecutor.groovy:56)
	at com.kms.katalon.core.keyword.BuiltinKeywords.callTestCase(BuiltinKeywords.groovy:334)
	at TC0778.run(TC0778:22)
	at com.kms.katalon.core.main.ScriptEngine.run(ScriptEngine.java:194)
	at com.kms.katalon.core.main.ScriptEngine.runScriptAsRawText(ScriptEngine.java:119)
	at com.kms.katalon.core.main.TestCaseExecutor.runScript(TestCaseExecutor.java:336)
	at com.kms.katalon.core.main.TestCaseExecutor.doExecute(TestCaseExecutor.java:327)
	at com.kms.katalon.core.main.TestCaseExecutor.processExecutionPhase(TestCaseExecutor.java:306)
	at com.kms.katalon.core.main.TestCaseExecutor.accessMainPhase(TestCaseExecutor.java:298)
	at com.kms.katalon.core.main.TestCaseExecutor.execute(TestCaseExecutor.java:232)
	at com.kms.katalon.core.main.TestSuiteExecutor.accessTestCaseMainPhase(TestSuiteExecutor.java:129)
	at com.kms.katalon.core.main.TestSuiteExecutor.accessTestSuiteMainPhase(TestSuiteExecutor.java:112)
	at com.kms.katalon.core.main.TestSuiteExecutor.execute(TestSuiteExecutor.java:81)
	at com.kms.katalon.core.main.TestCaseMain.startTestSuite(TestCaseMain.java:157)
	at com.kms.katalon.core.main.TestCaseMain$startTestSuite$0.call(Unknown Source)
	at TempTestSuite1555795243480.run(TempTestSuite1555795243480.groovy:35)
Caused by: com.kms.katalon.core.exception.StepFailedException: Unable to upload file '/home/faizan/Drive/KiboPush_Automated_Testing/KiboPush Katalon/sample.jpg' to object 'Object Repository/Page_KiboPush  Create Broadcast Tem/img'
	at com.kms.katalon.core.webui.keyword.internal.WebUIKeywordMain.stepFailed(WebUIKeywordMain.groovy:64)
	at com.kms.katalon.core.webui.keyword.internal.WebUIKeywordMain.runKeyword(WebUIKeywordMain.groovy:26)
	at com.kms.katalon.core.webui.keyword.builtin.UploadFileKeyword.uploadFile(UploadFileKeyword.groovy:87)
	at com.kms.katalon.core.webui.keyword.builtin.UploadFileKeyword.execute(UploadFileKeyword.groovy:68)
	at com.kms.katalon.core.keyword.internal.KeywordExecutor.executeKeywordForPlatform(KeywordExecutor.groovy:56)
	at com.kms.katalon.core.webui.keyword.WebUiBuiltInKeywords.uploadFile(WebUiBuiltInKeywords.groovy:2945)
	at com.kms.katalon.core.webui.keyword.WebUiBuiltInKeywords$uploadFile$8.call(Unknown Source)
	at TC0777.run(TC0777:27)
	at com.kms.katalon.core.main.ScriptEngine.run(ScriptEngine.java:194)
	at com.kms.katalon.core.main.ScriptEngine.runScriptAsRawText(ScriptEngine.java:119)
	at com.kms.katalon.core.main.TestCaseExecutor.runScript(TestCaseExecutor.java:336)
	at com.kms.katalon.core.main.TestCaseExecutor.doExecute(TestCaseExecutor.java:327)
	at com.kms.katalon.core.main.TestCaseExecutor.processExecutionPhase(TestCaseExecutor.java:306)
	at com.kms.katalon.core.main.TestCaseExecutor.accessMainPhase(TestCaseExecutor.java:298)
	at com.kms.katalon.core.main.TestCaseExecutor.execute(TestCaseExecutor.java:232)
	at com.kms.katalon.core.main.TestCaseMain.runTestCase(TestCaseMain.java:114)
	at com.kms.katalon.core.keyword.builtin.CallTestCaseKeyword$_callTestCase_closure1.doCall(CallTestCaseKeyword.groovy:59)
	... 20 more
Caused by: com.kms.katalon.core.webui.exception.WebElementNotFoundException: Web element with id: 'Object Repository/Page_KiboPush  Create Broadcast Tem/img' located by 'By.xpath: //*[@id="List1"]/div/div/div[3]/div/input' not found
	at com.kms.katalon.core.webui.common.WebUiCommonHelper.findWebElement(WebUiCommonHelper.java:1097)
	at com.kms.katalon.core.webui.keyword.internal.WebUIAbstractKeyword.findWebElement(WebUIAbstractKeyword.groovy:27)
	at com.kms.katalon.core.webui.keyword.internal.WebUIAbstractKeyword.findWebElement(WebUIAbstractKeyword.groovy:26)
	at com.kms.katalon.core.webui.keyword.builtin.UploadFileKeyword$_uploadFile_closure1.doCall(UploadFileKeyword.groovy:79)
	at com.kms.katalon.core.webui.keyword.builtin.UploadFileKeyword$_uploadFile_closure1.call(UploadFileKeyword.groovy)
	at com.kms.katalon.core.webui.keyword.internal.WebUIKeywordMain.runKeyword(WebUIKeywordMain.groovy:20)
	at com.kms.katalon.core.webui.keyword.builtin.UploadFileKeyword.uploadFile(UploadFileKeyword.groovy:87)
	at com.kms.katalon.core.webui.keyword.builtin.UploadFileKeyword.execute(UploadFileKeyword.groovy:68)
	at com.kms.katalon.core.keyword.internal.KeywordExecutor.executeKeywordForPlatform(KeywordExecutor.groovy:56)
	at com.kms.katalon.core.webui.keyword.WebUiBuiltInKeywords.uploadFile(WebUiBuiltInKeywords.groovy:2945)
	at com.kms.katalon.core.webui.keyword.WebUiBuiltInKeywords$uploadFile$8.call(Unknown Source)
	at Script1536997969583.run(Script1536997969583.groovy:27)
	at com.kms.katalon.core.main.ScriptEngine.run(ScriptEngine.java:194)
	at com.kms.katalon.core.main.ScriptEngine.runScriptAsRawText(ScriptEngine.java:119)
	at com.kms.katalon.core.main.TestCaseExecutor.runScript(TestCaseExecutor.java:336)
	at com.kms.katalon.core.main.TestCaseExecutor.doExecute(TestCaseExecutor.java:327)
	at com.kms.katalon.core.main.TestCaseExecutor.processExecutionPhase(TestCaseExecutor.java:306)
	at com.kms.katalon.core.main.TestCaseExecutor.accessMainPhase(TestCaseExecutor.java:298)
	at com.kms.katalon.core.main.TestCaseExecutor.execute(TestCaseExecutor.java:232)
	at com.kms.katalon.core.main.TestCaseMain.runTestCase(TestCaseMain.java:114)
	at com.kms.katalon.core.keyword.builtin.CallTestCaseKeyword$_callTestCase_closure1.doCall(CallTestCaseKeyword.groovy:59)
	at com.kms.katalon.core.keyword.builtin.CallTestCaseKeyword$_callTestCase_closure1.call(CallTestCaseKeyword.groovy)
	at com.kms.katalon.core.keyword.internal.KeywordMain.runKeyword(KeywordMain.groovy:66)
	at com.kms.katalon.core.keyword.builtin.CallTestCaseKeyword.callTestCase(CallTestCaseKeyword.groovy:81)
	at com.kms.katalon.core.keyword.builtin.CallTestCaseKeyword.execute(CallTestCaseKeyword.groovy:44)
	at com.kms.katalon.core.keyword.internal.KeywordExecutor.executeKeywordForPlatform(KeywordExecutor.groovy:56)
	at com.kms.katalon.core.keyword.BuiltinKeywords.callTestCase(BuiltinKeywords.groovy:334)
	at Script1537000573841.run(Script1537000573841.groovy:22)
	... 13 more
)]]></system-out>
         <system-err><![CDATA[2019-04-21 02:25:53 - [TEST_CASE][FAILED] - Test Cases/Template testcases/TC0778: Test Cases/Template testcases/TC0778 FAILED.
Reason:
com.kms.katalon.core.exception.StepFailedException: Call Test Case 'Test Cases/Template testcases/TC0777' failed
	at com.kms.katalon.core.keyword.builtin.CallTestCaseKeyword$_callTestCase_closure1.doCall(CallTestCaseKeyword.groovy:63)
	at com.kms.katalon.core.keyword.builtin.CallTestCaseKeyword$_callTestCase_closure1.call(CallTestCaseKeyword.groovy)
	at com.kms.katalon.core.keyword.internal.KeywordMain.runKeyword(KeywordMain.groovy:66)
	at com.kms.katalon.core.keyword.builtin.CallTestCaseKeyword.callTestCase(CallTestCaseKeyword.groovy:81)
	at com.kms.katalon.core.keyword.builtin.CallTestCaseKeyword.execute(CallTestCaseKeyword.groovy:44)
	at com.kms.katalon.core.keyword.internal.KeywordExecutor.executeKeywordForPlatform(KeywordExecutor.groovy:56)
	at com.kms.katalon.core.keyword.BuiltinKeywords.callTestCase(BuiltinKeywords.groovy:334)
	at TC0778.run(TC0778:22)
	at com.kms.katalon.core.main.ScriptEngine.run(ScriptEngine.java:194)
	at com.kms.katalon.core.main.ScriptEngine.runScriptAsRawText(ScriptEngine.java:119)
	at com.kms.katalon.core.main.TestCaseExecutor.runScript(TestCaseExecutor.java:336)
	at com.kms.katalon.core.main.TestCaseExecutor.doExecute(TestCaseExecutor.java:327)
	at com.kms.katalon.core.main.TestCaseExecutor.processExecutionPhase(TestCaseExecutor.java:306)
	at com.kms.katalon.core.main.TestCaseExecutor.accessMainPhase(TestCaseExecutor.java:298)
	at com.kms.katalon.core.main.TestCaseExecutor.execute(TestCaseExecutor.java:232)
	at com.kms.katalon.core.main.TestSuiteExecutor.accessTestCaseMainPhase(TestSuiteExecutor.java:129)
	at com.kms.katalon.core.main.TestSuiteExecutor.accessTestSuiteMainPhase(TestSuiteExecutor.java:112)
	at com.kms.katalon.core.main.TestSuiteExecutor.execute(TestSuiteExecutor.java:81)
	at com.kms.katalon.core.main.TestCaseMain.startTestSuite(TestCaseMain.java:157)
	at com.kms.katalon.core.main.TestCaseMain$startTestSuite$0.call(Unknown Source)
	at TempTestSuite1555795243480.run(TempTestSuite1555795243480.groovy:35)
Caused by: com.kms.katalon.core.exception.StepFailedException: Unable to upload file '/home/faizan/Drive/KiboPush_Automated_Testing/KiboPush Katalon/sample.jpg' to object 'Object Repository/Page_KiboPush  Create Broadcast Tem/img'
	at com.kms.katalon.core.webui.keyword.internal.WebUIKeywordMain.stepFailed(WebUIKeywordMain.groovy:64)
	at com.kms.katalon.core.webui.keyword.internal.WebUIKeywordMain.runKeyword(WebUIKeywordMain.groovy:26)
	at com.kms.katalon.core.webui.keyword.builtin.UploadFileKeyword.uploadFile(UploadFileKeyword.groovy:87)
	at com.kms.katalon.core.webui.keyword.builtin.UploadFileKeyword.execute(UploadFileKeyword.groovy:68)
	at com.kms.katalon.core.keyword.internal.KeywordExecutor.executeKeywordForPlatform(KeywordExecutor.groovy:56)
	at com.kms.katalon.core.webui.keyword.WebUiBuiltInKeywords.uploadFile(WebUiBuiltInKeywords.groovy:2945)
	at com.kms.katalon.core.webui.keyword.WebUiBuiltInKeywords$uploadFile$8.call(Unknown Source)
	at TC0777.run(TC0777:27)
	at com.kms.katalon.core.main.ScriptEngine.run(ScriptEngine.java:194)
	at com.kms.katalon.core.main.ScriptEngine.runScriptAsRawText(ScriptEngine.java:119)
	at com.kms.katalon.core.main.TestCaseExecutor.runScript(TestCaseExecutor.java:336)
	at com.kms.katalon.core.main.TestCaseExecutor.doExecute(TestCaseExecutor.java:327)
	at com.kms.katalon.core.main.TestCaseExecutor.processExecutionPhase(TestCaseExecutor.java:306)
	at com.kms.katalon.core.main.TestCaseExecutor.accessMainPhase(TestCaseExecutor.java:298)
	at com.kms.katalon.core.main.TestCaseExecutor.execute(TestCaseExecutor.java:232)
	at com.kms.katalon.core.main.TestCaseMain.runTestCase(TestCaseMain.java:114)
	at com.kms.katalon.core.keyword.builtin.CallTestCaseKeyword$_callTestCase_closure1.doCall(CallTestCaseKeyword.groovy:59)
	... 20 more
Caused by: com.kms.katalon.core.webui.exception.WebElementNotFoundException: Web element with id: 'Object Repository/Page_KiboPush  Create Broadcast Tem/img' located by 'By.xpath: //*[@id="List1"]/div/div/div[3]/div/input' not found
	at com.kms.katalon.core.webui.common.WebUiCommonHelper.findWebElement(WebUiCommonHelper.java:1097)
	at com.kms.katalon.core.webui.keyword.internal.WebUIAbstractKeyword.findWebElement(WebUIAbstractKeyword.groovy:27)
	at com.kms.katalon.core.webui.keyword.internal.WebUIAbstractKeyword.findWebElement(WebUIAbstractKeyword.groovy:26)
	at com.kms.katalon.core.webui.keyword.builtin.UploadFileKeyword$_uploadFile_closure1.doCall(UploadFileKeyword.groovy:79)
	at com.kms.katalon.core.webui.keyword.builtin.UploadFileKeyword$_uploadFile_closure1.call(UploadFileKeyword.groovy)
	at com.kms.katalon.core.webui.keyword.internal.WebUIKeywordMain.runKeyword(WebUIKeywordMain.groovy:20)
	at com.kms.katalon.core.webui.keyword.builtin.UploadFileKeyword.uploadFile(UploadFileKeyword.groovy:87)
	at com.kms.katalon.core.webui.keyword.builtin.UploadFileKeyword.execute(UploadFileKeyword.groovy:68)
	at com.kms.katalon.core.keyword.internal.KeywordExecutor.executeKeywordForPlatform(KeywordExecutor.groovy:56)
	at com.kms.katalon.core.webui.keyword.WebUiBuiltInKeywords.uploadFile(WebUiBuiltInKeywords.groovy:2945)
	at com.kms.katalon.core.webui.keyword.WebUiBuiltInKeywords$uploadFile$8.call(Unknown Source)
	at Script1536997969583.run(Script1536997969583.groovy:27)
	at com.kms.katalon.core.main.ScriptEngine.run(ScriptEngine.java:194)
	at com.kms.katalon.core.main.ScriptEngine.runScriptAsRawText(ScriptEngine.java:119)
	at com.kms.katalon.core.main.TestCaseExecutor.runScript(TestCaseExecutor.java:336)
	at com.kms.katalon.core.main.TestCaseExecutor.doExecute(TestCaseExecutor.java:327)
	at com.kms.katalon.core.main.TestCaseExecutor.processExecutionPhase(TestCaseExecutor.java:306)
	at com.kms.katalon.core.main.TestCaseExecutor.accessMainPhase(TestCaseExecutor.java:298)
	at com.kms.katalon.core.main.TestCaseExecutor.execute(TestCaseExecutor.java:232)
	at com.kms.katalon.core.main.TestCaseMain.runTestCase(TestCaseMain.java:114)
	at com.kms.katalon.core.keyword.builtin.CallTestCaseKeyword$_callTestCase_closure1.doCall(CallTestCaseKeyword.groovy:59)
	at com.kms.katalon.core.keyword.builtin.CallTestCaseKeyword$_callTestCase_closure1.call(CallTestCaseKeyword.groovy)
	at com.kms.katalon.core.keyword.internal.KeywordMain.runKeyword(KeywordMain.groovy:66)
	at com.kms.katalon.core.keyword.builtin.CallTestCaseKeyword.callTestCase(CallTestCaseKeyword.groovy:81)
	at com.kms.katalon.core.keyword.builtin.CallTestCaseKeyword.execute(CallTestCaseKeyword.groovy:44)
	at com.kms.katalon.core.keyword.internal.KeywordExecutor.executeKeywordForPlatform(KeywordExecutor.groovy:56)
	at com.kms.katalon.core.keyword.BuiltinKeywords.callTestCase(BuiltinKeywords.groovy:334)
	at Script1537000573841.run(Script1537000573841.groovy:22)
	... 13 more]]></system-err>
      </testcase>
      <testcase name="Test Cases/Template testcases/TC0779" classname="Test Cases/Template testcases/TC0779" status="PASSED">
         <system-out><![CDATA[2019-04-21 02:26:33 - [TEST_CASE][PASSED] - Test Cases/Template testcases/TC0779: Test Cases/Template testcases/TC0779

2019-04-21 02:26:34 - [TEST_STEP][PASSED] - callTestCase(findTestCase("Template testcases/TC0768"), [:], STOP_ON_FAILURE): Call Test Case 'Test Cases/Template testcases/TC0768' successfully

2019-04-21 02:26:34 - [TEST_CASE][PASSED] - Test Cases/Template testcases/TC0768: Test Cases/Template testcases/TC0768

2019-04-21 02:26:34 - [TEST_STEP][PASSED] - callTestCase(findTestCase("s-sidebar_navigation/individualAccount/Template"), [:], STOP_ON_FAILURE): Call Test Case 'Test Cases/s-sidebar_navigation/individualAccount/Template' successfully

2019-04-21 02:26:34 - [TEST_CASE][PASSED] - Test Cases/s-sidebar_navigation/individualAccount/Template: Test Cases/s-sidebar_navigation/individualAccount/Template

2019-04-21 02:26:34 - [TEST_STEP][PASSED] - click(findTestObject("Page_KiboPush  Dashboard/span_Broadcasts")): Object: 'Object Repository/Page_KiboPush  Dashboard/span_Broadcasts' is clicked on

2019-04-21 02:26:34 - [MESSAGE][PASSED] - Object: 'Object Repository/Page_KiboPush  Dashboard/span_Broadcasts' is clicked on

2019-04-21 02:26:34 - [TEST_STEP][PASSED] - delay(1): Delayed 1 second(s)

2019-04-21 02:26:35 - [MESSAGE][PASSED] - Delayed 1 second(s)

2019-04-21 02:26:35 - [TEST_STEP][PASSED] - click(findTestObject("Page_KiboPush  Dashboard/span_Templates")): Object: 'Object Repository/Page_KiboPush  Dashboard/span_Templates' is clicked on

2019-04-21 02:26:35 - [MESSAGE][PASSED] - Object: 'Object Repository/Page_KiboPush  Dashboard/span_Templates' is clicked on

2019-04-21 02:26:35 - [TEST_STEP][PASSED] - delay(3): Delayed 3 second(s)

2019-04-21 02:26:38 - [MESSAGE][PASSED] - Delayed 3 second(s)

2019-04-21 02:26:38 - [TEST_STEP][PASSED] - scrollToPosition(0, 0): Browser is scrolled to position x = 0, y = 0

2019-04-21 02:26:38 - [MESSAGE][PASSED] - Browser is scrolled to position x = 0, y = 0

2019-04-21 02:26:38 - [TEST_STEP][PASSED] - click(findTestObject("Object Repository/Page_KiboEngage  Templates/h3_Templates")): Object: 'Object Repository/Page_KiboEngage  Templates/h3_Templates' is clicked on

2019-04-21 02:26:38 - [MESSAGE][PASSED] - Object: 'Object Repository/Page_KiboEngage  Templates/h3_Templates' is clicked on

2019-04-21 02:26:38 - [TEST_STEP][PASSED] - delay(3): Delayed 3 second(s)

2019-04-21 02:26:41 - [MESSAGE][PASSED] - Delayed 3 second(s)

2019-04-21 02:26:41 - [MESSAGE][PASSED] - Call Test Case 'Test Cases/s-sidebar_navigation/individualAccount/Template' successfully

2019-04-21 02:26:41 - [TEST_STEP][PASSED] - click(findTestObject("Object Repository/Page_KiboPush  Dashboard/button_Create New")): Object: 'Object Repository/Page_KiboPush  Dashboard/button_Create New' is clicked on

2019-04-21 02:26:42 - [MESSAGE][PASSED] - Object: 'Object Repository/Page_KiboPush  Dashboard/button_Create New' is clicked on

2019-04-21 02:26:42 - [TEST_STEP][PASSED] - click(findTestObject("Object Repository/Page_KiboPush  Create Broadcast Tem/h3_Create Broadcast Template")): Object: 'Object Repository/Page_KiboPush  Create Broadcast Tem/h3_Create Broadcast Template' is clicked on

2019-04-21 02:26:42 - [MESSAGE][PASSED] - Object: 'Object Repository/Page_KiboPush  Create Broadcast Tem/h3_Create Broadcast Template' is clicked on

2019-04-21 02:26:42 - [MESSAGE][PASSED] - Call Test Case 'Test Cases/Template testcases/TC0768' successfully

2019-04-21 02:26:42 - [TEST_STEP][PASSED] - click(findTestObject("Page_KiboPush  Create Broadcast Tem/h6_Card (1)")): Object: 'Object Repository/Page_KiboPush  Create Broadcast Tem/h6_Card (1)' is clicked on

2019-04-21 02:26:42 - [MESSAGE][PASSED] - Object: 'Object Repository/Page_KiboPush  Create Broadcast Tem/h6_Card (1)' is clicked on

2019-04-21 02:26:42 - [TEST_STEP][PASSED] - click(findTestObject("Object Repository/Page_KiboEngage  Create Broadcast Template/div_New card component added")): Object: 'Object Repository/Page_KiboEngage  Create Broadcast Template/div_New card component added' is clicked on

2019-04-21 02:26:42 - [MESSAGE][PASSED] - Object: 'Object Repository/Page_KiboEngage  Create Broadcast Template/div_New card component added' is clicked on]]></system-out>
         <system-err><![CDATA[]]></system-err>
      </testcase>
      <testcase name="Test Cases/Template testcases/TC0780" classname="Test Cases/Template testcases/TC0780" status="FAILED">
         <failure type="FAILED" message="Test Cases/Template testcases/TC0780 FAILED.
Reason:
com.kms.katalon.core.exception.StepFailedException: Unable to click on object 'Object Repository/Page_KiboPush  Create Broadcast Tem/button_Create (3)'
	at com.kms.katalon.core.webui.keyword.internal.WebUIKeywordMain.stepFailed(WebUIKeywordMain.groovy:64)
	at com.kms.katalon.core.webui.keyword.internal.WebUIKeywordMain.runKeyword(WebUIKeywordMain.groovy:26)
	at com.kms.katalon.core.webui.keyword.builtin.ClickKeyword.click(ClickKeyword.groovy:86)
	at com.kms.katalon.core.webui.keyword.builtin.ClickKeyword.execute(ClickKeyword.groovy:67)
	at com.kms.katalon.core.keyword.internal.KeywordExecutor.executeKeywordForPlatform(KeywordExecutor.groovy:56)
	at com.kms.katalon.core.webui.keyword.WebUiBuiltInKeywords.click(WebUiBuiltInKeywords.groovy:616)
	at com.kms.katalon.core.webui.keyword.WebUiBuiltInKeywords$click$2.call(Unknown Source)
	at TC0780.run(TC0780:28)
	at com.kms.katalon.core.main.ScriptEngine.run(ScriptEngine.java:194)
	at com.kms.katalon.core.main.ScriptEngine.runScriptAsRawText(ScriptEngine.java:119)
	at com.kms.katalon.core.main.TestCaseExecutor.runScript(TestCaseExecutor.java:336)
	at com.kms.katalon.core.main.TestCaseExecutor.doExecute(TestCaseExecutor.java:327)
	at com.kms.katalon.core.main.TestCaseExecutor.processExecutionPhase(TestCaseExecutor.java:306)
	at com.kms.katalon.core.main.TestCaseExecutor.accessMainPhase(TestCaseExecutor.java:298)
	at com.kms.katalon.core.main.TestCaseExecutor.execute(TestCaseExecutor.java:232)
	at com.kms.katalon.core.main.TestSuiteExecutor.accessTestCaseMainPhase(TestSuiteExecutor.java:129)
	at com.kms.katalon.core.main.TestSuiteExecutor.accessTestSuiteMainPhase(TestSuiteExecutor.java:112)
	at com.kms.katalon.core.main.TestSuiteExecutor.execute(TestSuiteExecutor.java:81)
	at com.kms.katalon.core.main.TestCaseMain.startTestSuite(TestCaseMain.java:157)
	at com.kms.katalon.core.main.TestCaseMain$startTestSuite$0.call(Unknown Source)
	at TempTestSuite1555795243480.run(TempTestSuite1555795243480.groovy:35)
Caused by: org.openqa.selenium.WebDriverException: unknown error: Element &lt;button id=&quot;send&quot; class=&quot;btn btn-primary&quot; style=&quot;margin-right: 20px;&quot;>...&lt;/button> is not clickable at point (1117, 17). Other element would receive the click: &lt;span class=&quot;m-nav__link-icon&quot;>...&lt;/span>
  (Session info: chrome=73.0.3683.103)
  (Driver info: chromedriver=73.0.3683.68 (47787ec04b6e38e22703e856e101e840b65afe72),platform=Linux 4.15.0-47-generic x86_64) (WARNING: The server did not provide any stacktrace information)
Command duration or timeout: 0 milliseconds
Build info: version: '3.7.1', revision: '8a0099a', time: '2017-11-06T21:07:36.161Z'
System info: host: 'faizan-HP-EliteBook-850-G2', ip: '127.0.1.1', os.name: 'Linux', os.arch: 'amd64', os.version: '4.15.0-47-generic', java.version: '1.8.0_191'
Driver info: com.kms.katalon.selenium.driver.CChromeDriver
Capabilities {acceptInsecureCerts: false, acceptSslCerts: false, applicationCacheEnabled: false, browserConnectionEnabled: false, browserName: chrome, chrome: {chromedriverVersion: 73.0.3683.68 (47787ec04b6e3..., userDataDir: /tmp/.com.google.Chrome.FU0xWS}, cssSelectorsEnabled: true, databaseEnabled: false, goog:chromeOptions: {debuggerAddress: localhost:43539}, handlesAlerts: true, hasTouchScreen: false, javascriptEnabled: true, locationContextEnabled: true, mobileEmulationEnabled: false, nativeEvents: true, networkConnectionEnabled: false, pageLoadStrategy: normal, platform: LINUX, platformName: LINUX, proxy: Proxy(direct), rotatable: false, setWindowRect: true, strictFileInteractability: false, takesHeapSnapshot: true, takesScreenshot: true, timeouts: {implicit: 0, pageLoad: 300000, script: 30000}, unexpectedAlertBehaviour: ignore, unhandledPromptBehavior: ignore, version: 73.0.3683.103, webStorageEnabled: true}
Session ID: f13adca9b43bf4b34e393f07e02ab2e3
	at org.openqa.selenium.remote.ErrorHandler.createThrowable(ErrorHandler.java:214)
	at org.openqa.selenium.remote.ErrorHandler.throwIfResponseFailed(ErrorHandler.java:166)
	at org.openqa.selenium.remote.http.JsonHttpResponseCodec.reconstructValue(JsonHttpResponseCodec.java:40)
	at org.openqa.selenium.remote.http.AbstractHttpResponseCodec.decode(AbstractHttpResponseCodec.java:80)
	at org.openqa.selenium.remote.http.AbstractHttpResponseCodec.decode(AbstractHttpResponseCodec.java:44)
	at org.openqa.selenium.remote.HttpCommandExecutor.execute(HttpCommandExecutor.java:164)
	at org.openqa.selenium.remote.service.DriverCommandExecutor.execute(DriverCommandExecutor.java:83)
	at org.openqa.selenium.remote.RemoteWebDriver.execute(RemoteWebDriver.java:600)
	at com.kms.katalon.selenium.driver.CChromeDriver.execute(CChromeDriver.java:20)
	at org.openqa.selenium.remote.RemoteWebElement.execute(RemoteWebElement.java:279)
	at org.openqa.selenium.remote.RemoteWebElement.click(RemoteWebElement.java:83)
	at com.kms.katalon.core.webui.keyword.builtin.ClickKeyword$_click_closure1.doCall(ClickKeyword.groovy:79)
	at com.kms.katalon.core.webui.keyword.builtin.ClickKeyword$_click_closure1.call(ClickKeyword.groovy)
	at com.kms.katalon.core.webui.keyword.internal.WebUIKeywordMain.runKeyword(WebUIKeywordMain.groovy:20)
	at com.kms.katalon.core.webui.keyword.builtin.ClickKeyword.click(ClickKeyword.groovy:86)
	at com.kms.katalon.core.webui.keyword.builtin.ClickKeyword.execute(ClickKeyword.groovy:67)
	at com.kms.katalon.core.keyword.internal.KeywordExecutor.executeKeywordForPlatform(KeywordExecutor.groovy:56)
	at com.kms.katalon.core.webui.keyword.WebUiBuiltInKeywords.click(WebUiBuiltInKeywords.groovy:616)
	at com.kms.katalon.core.webui.keyword.WebUiBuiltInKeywords$click$2.call(Unknown Source)
	at Script1537001334122.run(Script1537001334122.groovy:28)
	... 13 more
"/>
         <system-out><![CDATA[2019-04-21 02:26:42 - [TEST_CASE][FAILED] - Test Cases/Template testcases/TC0780: Test Cases/Template testcases/TC0780 FAILED.
Reason:
com.kms.katalon.core.exception.StepFailedException: Unable to click on object 'Object Repository/Page_KiboPush  Create Broadcast Tem/button_Create (3)'
	at com.kms.katalon.core.webui.keyword.internal.WebUIKeywordMain.stepFailed(WebUIKeywordMain.groovy:64)
	at com.kms.katalon.core.webui.keyword.internal.WebUIKeywordMain.runKeyword(WebUIKeywordMain.groovy:26)
	at com.kms.katalon.core.webui.keyword.builtin.ClickKeyword.click(ClickKeyword.groovy:86)
	at com.kms.katalon.core.webui.keyword.builtin.ClickKeyword.execute(ClickKeyword.groovy:67)
	at com.kms.katalon.core.keyword.internal.KeywordExecutor.executeKeywordForPlatform(KeywordExecutor.groovy:56)
	at com.kms.katalon.core.webui.keyword.WebUiBuiltInKeywords.click(WebUiBuiltInKeywords.groovy:616)
	at com.kms.katalon.core.webui.keyword.WebUiBuiltInKeywords$click$2.call(Unknown Source)
	at TC0780.run(TC0780:28)
	at com.kms.katalon.core.main.ScriptEngine.run(ScriptEngine.java:194)
	at com.kms.katalon.core.main.ScriptEngine.runScriptAsRawText(ScriptEngine.java:119)
	at com.kms.katalon.core.main.TestCaseExecutor.runScript(TestCaseExecutor.java:336)
	at com.kms.katalon.core.main.TestCaseExecutor.doExecute(TestCaseExecutor.java:327)
	at com.kms.katalon.core.main.TestCaseExecutor.processExecutionPhase(TestCaseExecutor.java:306)
	at com.kms.katalon.core.main.TestCaseExecutor.accessMainPhase(TestCaseExecutor.java:298)
	at com.kms.katalon.core.main.TestCaseExecutor.execute(TestCaseExecutor.java:232)
	at com.kms.katalon.core.main.TestSuiteExecutor.accessTestCaseMainPhase(TestSuiteExecutor.java:129)
	at com.kms.katalon.core.main.TestSuiteExecutor.accessTestSuiteMainPhase(TestSuiteExecutor.java:112)
	at com.kms.katalon.core.main.TestSuiteExecutor.execute(TestSuiteExecutor.java:81)
	at com.kms.katalon.core.main.TestCaseMain.startTestSuite(TestCaseMain.java:157)
	at com.kms.katalon.core.main.TestCaseMain$startTestSuite$0.call(Unknown Source)
	at TempTestSuite1555795243480.run(TempTestSuite1555795243480.groovy:35)
Caused by: org.openqa.selenium.WebDriverException: unknown error: Element <button id="send" class="btn btn-primary" style="margin-right: 20px;">...</button> is not clickable at point (1117, 17). Other element would receive the click: <span class="m-nav__link-icon">...</span>
  (Session info: chrome=73.0.3683.103)
  (Driver info: chromedriver=73.0.3683.68 (47787ec04b6e38e22703e856e101e840b65afe72),platform=Linux 4.15.0-47-generic x86_64) (WARNING: The server did not provide any stacktrace information)
Command duration or timeout: 0 milliseconds
Build info: version: '3.7.1', revision: '8a0099a', time: '2017-11-06T21:07:36.161Z'
System info: host: 'faizan-HP-EliteBook-850-G2', ip: '127.0.1.1', os.name: 'Linux', os.arch: 'amd64', os.version: '4.15.0-47-generic', java.version: '1.8.0_191'
Driver info: com.kms.katalon.selenium.driver.CChromeDriver
Capabilities {acceptInsecureCerts: false, acceptSslCerts: false, applicationCacheEnabled: false, browserConnectionEnabled: false, browserName: chrome, chrome: {chromedriverVersion: 73.0.3683.68 (47787ec04b6e3..., userDataDir: /tmp/.com.google.Chrome.FU0xWS}, cssSelectorsEnabled: true, databaseEnabled: false, goog:chromeOptions: {debuggerAddress: localhost:43539}, handlesAlerts: true, hasTouchScreen: false, javascriptEnabled: true, locationContextEnabled: true, mobileEmulationEnabled: false, nativeEvents: true, networkConnectionEnabled: false, pageLoadStrategy: normal, platform: LINUX, platformName: LINUX, proxy: Proxy(direct), rotatable: false, setWindowRect: true, strictFileInteractability: false, takesHeapSnapshot: true, takesScreenshot: true, timeouts: {implicit: 0, pageLoad: 300000, script: 30000}, unexpectedAlertBehaviour: ignore, unhandledPromptBehavior: ignore, version: 73.0.3683.103, webStorageEnabled: true}
Session ID: f13adca9b43bf4b34e393f07e02ab2e3
	at org.openqa.selenium.remote.ErrorHandler.createThrowable(ErrorHandler.java:214)
	at org.openqa.selenium.remote.ErrorHandler.throwIfResponseFailed(ErrorHandler.java:166)
	at org.openqa.selenium.remote.http.JsonHttpResponseCodec.reconstructValue(JsonHttpResponseCodec.java:40)
	at org.openqa.selenium.remote.http.AbstractHttpResponseCodec.decode(AbstractHttpResponseCodec.java:80)
	at org.openqa.selenium.remote.http.AbstractHttpResponseCodec.decode(AbstractHttpResponseCodec.java:44)
	at org.openqa.selenium.remote.HttpCommandExecutor.execute(HttpCommandExecutor.java:164)
	at org.openqa.selenium.remote.service.DriverCommandExecutor.execute(DriverCommandExecutor.java:83)
	at org.openqa.selenium.remote.RemoteWebDriver.execute(RemoteWebDriver.java:600)
	at com.kms.katalon.selenium.driver.CChromeDriver.execute(CChromeDriver.java:20)
	at org.openqa.selenium.remote.RemoteWebElement.execute(RemoteWebElement.java:279)
	at org.openqa.selenium.remote.RemoteWebElement.click(RemoteWebElement.java:83)
	at com.kms.katalon.core.webui.keyword.builtin.ClickKeyword$_click_closure1.doCall(ClickKeyword.groovy:79)
	at com.kms.katalon.core.webui.keyword.builtin.ClickKeyword$_click_closure1.call(ClickKeyword.groovy)
	at com.kms.katalon.core.webui.keyword.internal.WebUIKeywordMain.runKeyword(WebUIKeywordMain.groovy:20)
	at com.kms.katalon.core.webui.keyword.builtin.ClickKeyword.click(ClickKeyword.groovy:86)
	at com.kms.katalon.core.webui.keyword.builtin.ClickKeyword.execute(ClickKeyword.groovy:67)
	at com.kms.katalon.core.keyword.internal.KeywordExecutor.executeKeywordForPlatform(KeywordExecutor.groovy:56)
	at com.kms.katalon.core.webui.keyword.WebUiBuiltInKeywords.click(WebUiBuiltInKeywords.groovy:616)
	at com.kms.katalon.core.webui.keyword.WebUiBuiltInKeywords$click$2.call(Unknown Source)
	at Script1537001334122.run(Script1537001334122.groovy:28)
	... 13 more


2019-04-21 02:26:43 - [TEST_STEP][PASSED] - callTestCase(findTestCase("Template testcases/TC0779"), [:], STOP_ON_FAILURE): Call Test Case 'Test Cases/Template testcases/TC0779' successfully

2019-04-21 02:26:43 - [TEST_CASE][PASSED] - Test Cases/Template testcases/TC0779: Test Cases/Template testcases/TC0779

2019-04-21 02:26:43 - [TEST_STEP][PASSED] - callTestCase(findTestCase("Template testcases/TC0768"), [:], STOP_ON_FAILURE): Call Test Case 'Test Cases/Template testcases/TC0768' successfully

2019-04-21 02:26:43 - [TEST_CASE][PASSED] - Test Cases/Template testcases/TC0768: Test Cases/Template testcases/TC0768

2019-04-21 02:26:43 - [TEST_STEP][PASSED] - callTestCase(findTestCase("s-sidebar_navigation/individualAccount/Template"), [:], STOP_ON_FAILURE): Call Test Case 'Test Cases/s-sidebar_navigation/individualAccount/Template' successfully

2019-04-21 02:26:43 - [TEST_CASE][PASSED] - Test Cases/s-sidebar_navigation/individualAccount/Template: Test Cases/s-sidebar_navigation/individualAccount/Template

2019-04-21 02:26:43 - [TEST_STEP][PASSED] - click(findTestObject("Page_KiboPush  Dashboard/span_Broadcasts")): Object: 'Object Repository/Page_KiboPush  Dashboard/span_Broadcasts' is clicked on

2019-04-21 02:26:43 - [MESSAGE][PASSED] - Object: 'Object Repository/Page_KiboPush  Dashboard/span_Broadcasts' is clicked on

2019-04-21 02:26:43 - [TEST_STEP][PASSED] - delay(1): Delayed 1 second(s)

2019-04-21 02:26:44 - [MESSAGE][PASSED] - Delayed 1 second(s)

2019-04-21 02:26:44 - [TEST_STEP][PASSED] - click(findTestObject("Page_KiboPush  Dashboard/span_Templates")): Object: 'Object Repository/Page_KiboPush  Dashboard/span_Templates' is clicked on

2019-04-21 02:26:44 - [MESSAGE][PASSED] - Object: 'Object Repository/Page_KiboPush  Dashboard/span_Templates' is clicked on

2019-04-21 02:26:44 - [TEST_STEP][PASSED] - delay(3): Delayed 3 second(s)

2019-04-21 02:26:47 - [MESSAGE][PASSED] - Delayed 3 second(s)

2019-04-21 02:26:47 - [TEST_STEP][PASSED] - scrollToPosition(0, 0): Browser is scrolled to position x = 0, y = 0

2019-04-21 02:26:47 - [MESSAGE][PASSED] - Browser is scrolled to position x = 0, y = 0

2019-04-21 02:26:47 - [TEST_STEP][PASSED] - click(findTestObject("Object Repository/Page_KiboEngage  Templates/h3_Templates")): Object: 'Object Repository/Page_KiboEngage  Templates/h3_Templates' is clicked on

2019-04-21 02:26:47 - [MESSAGE][PASSED] - Object: 'Object Repository/Page_KiboEngage  Templates/h3_Templates' is clicked on

2019-04-21 02:26:47 - [TEST_STEP][PASSED] - delay(3): Delayed 3 second(s)

2019-04-21 02:26:50 - [MESSAGE][PASSED] - Delayed 3 second(s)

2019-04-21 02:26:50 - [MESSAGE][PASSED] - Call Test Case 'Test Cases/s-sidebar_navigation/individualAccount/Template' successfully

2019-04-21 02:26:50 - [TEST_STEP][PASSED] - click(findTestObject("Object Repository/Page_KiboPush  Dashboard/button_Create New")): Object: 'Object Repository/Page_KiboPush  Dashboard/button_Create New' is clicked on

2019-04-21 02:26:51 - [MESSAGE][PASSED] - Object: 'Object Repository/Page_KiboPush  Dashboard/button_Create New' is clicked on

2019-04-21 02:26:51 - [TEST_STEP][PASSED] - click(findTestObject("Object Repository/Page_KiboPush  Create Broadcast Tem/h3_Create Broadcast Template")): Object: 'Object Repository/Page_KiboPush  Create Broadcast Tem/h3_Create Broadcast Template' is clicked on

2019-04-21 02:26:51 - [MESSAGE][PASSED] - Object: 'Object Repository/Page_KiboPush  Create Broadcast Tem/h3_Create Broadcast Template' is clicked on

2019-04-21 02:26:51 - [MESSAGE][PASSED] - Call Test Case 'Test Cases/Template testcases/TC0768' successfully

2019-04-21 02:26:51 - [TEST_STEP][PASSED] - click(findTestObject("Page_KiboPush  Create Broadcast Tem/h6_Card (1)")): Object: 'Object Repository/Page_KiboPush  Create Broadcast Tem/h6_Card (1)' is clicked on

2019-04-21 02:26:51 - [MESSAGE][PASSED] - Object: 'Object Repository/Page_KiboPush  Create Broadcast Tem/h6_Card (1)' is clicked on

2019-04-21 02:26:51 - [TEST_STEP][PASSED] - click(findTestObject("Object Repository/Page_KiboEngage  Create Broadcast Template/div_New card component added")): Object: 'Object Repository/Page_KiboEngage  Create Broadcast Template/div_New card component added' is clicked on

2019-04-21 02:26:51 - [MESSAGE][PASSED] - Object: 'Object Repository/Page_KiboEngage  Create Broadcast Template/div_New card component added' is clicked on

2019-04-21 02:26:51 - [MESSAGE][PASSED] - Call Test Case 'Test Cases/Template testcases/TC0779' successfully

2019-04-21 02:26:51 - [TEST_STEP][PASSED] - setText(findTestObject("Object Repository/Page_KiboPush  Create Broadcast Tem/input_form-control (1)"), "hello"): Text 'hello' is set on object 'Object Repository/Page_KiboPush  Create Broadcast Tem/input_form-control (1)'

2019-04-21 02:26:52 - [MESSAGE][PASSED] - Text 'hello' is set on object 'Object Repository/Page_KiboPush  Create Broadcast Tem/input_form-control (1)'

2019-04-21 02:26:52 - [TEST_STEP][PASSED] - setText(findTestObject("Page_KiboPush  Create Broadcast Tem/textarea_form-control"), "hello"): Text 'hello' is set on object 'Object Repository/Page_KiboPush  Create Broadcast Tem/textarea_form-control'

2019-04-21 02:26:52 - [MESSAGE][PASSED] - Text 'hello' is set on object 'Object Repository/Page_KiboPush  Create Broadcast Tem/textarea_form-control'

2019-04-21 02:26:52 - [TEST_STEP][FAILED] - click(findTestObject("Object Repository/Page_KiboPush  Create Broadcast Tem/button_Create (3)")): Unable to click on object 'Object Repository/Page_KiboPush  Create Broadcast Tem/button_Create (3)' (Root cause: com.kms.katalon.core.exception.StepFailedException: Unable to click on object 'Object Repository/Page_KiboPush  Create Broadcast Tem/button_Create (3)'
	at com.kms.katalon.core.webui.keyword.internal.WebUIKeywordMain.stepFailed(WebUIKeywordMain.groovy:64)
	at com.kms.katalon.core.webui.keyword.internal.WebUIKeywordMain.runKeyword(WebUIKeywordMain.groovy:26)
	at com.kms.katalon.core.webui.keyword.builtin.ClickKeyword.click(ClickKeyword.groovy:86)
	at com.kms.katalon.core.webui.keyword.builtin.ClickKeyword.execute(ClickKeyword.groovy:67)
	at com.kms.katalon.core.keyword.internal.KeywordExecutor.executeKeywordForPlatform(KeywordExecutor.groovy:56)
	at com.kms.katalon.core.webui.keyword.WebUiBuiltInKeywords.click(WebUiBuiltInKeywords.groovy:616)
	at com.kms.katalon.core.webui.keyword.WebUiBuiltInKeywords$click$2.call(Unknown Source)
	at TC0780.run(TC0780:28)
	at com.kms.katalon.core.main.ScriptEngine.run(ScriptEngine.java:194)
	at com.kms.katalon.core.main.ScriptEngine.runScriptAsRawText(ScriptEngine.java:119)
	at com.kms.katalon.core.main.TestCaseExecutor.runScript(TestCaseExecutor.java:336)
	at com.kms.katalon.core.main.TestCaseExecutor.doExecute(TestCaseExecutor.java:327)
	at com.kms.katalon.core.main.TestCaseExecutor.processExecutionPhase(TestCaseExecutor.java:306)
	at com.kms.katalon.core.main.TestCaseExecutor.accessMainPhase(TestCaseExecutor.java:298)
	at com.kms.katalon.core.main.TestCaseExecutor.execute(TestCaseExecutor.java:232)
	at com.kms.katalon.core.main.TestSuiteExecutor.accessTestCaseMainPhase(TestSuiteExecutor.java:129)
	at com.kms.katalon.core.main.TestSuiteExecutor.accessTestSuiteMainPhase(TestSuiteExecutor.java:112)
	at com.kms.katalon.core.main.TestSuiteExecutor.execute(TestSuiteExecutor.java:81)
	at com.kms.katalon.core.main.TestCaseMain.startTestSuite(TestCaseMain.java:157)
	at com.kms.katalon.core.main.TestCaseMain$startTestSuite$0.call(Unknown Source)
	at TempTestSuite1555795243480.run(TempTestSuite1555795243480.groovy:35)
Caused by: org.openqa.selenium.WebDriverException: unknown error: Element <button id="send" class="btn btn-primary" style="margin-right: 20px;">...</button> is not clickable at point (1117, 17). Other element would receive the click: <span class="m-nav__link-icon">...</span>
  (Session info: chrome=73.0.3683.103)
  (Driver info: chromedriver=73.0.3683.68 (47787ec04b6e38e22703e856e101e840b65afe72),platform=Linux 4.15.0-47-generic x86_64) (WARNING: The server did not provide any stacktrace information)
Command duration or timeout: 0 milliseconds
Build info: version: '3.7.1', revision: '8a0099a', time: '2017-11-06T21:07:36.161Z'
System info: host: 'faizan-HP-EliteBook-850-G2', ip: '127.0.1.1', os.name: 'Linux', os.arch: 'amd64', os.version: '4.15.0-47-generic', java.version: '1.8.0_191'
Driver info: com.kms.katalon.selenium.driver.CChromeDriver
Capabilities {acceptInsecureCerts: false, acceptSslCerts: false, applicationCacheEnabled: false, browserConnectionEnabled: false, browserName: chrome, chrome: {chromedriverVersion: 73.0.3683.68 (47787ec04b6e3..., userDataDir: /tmp/.com.google.Chrome.FU0xWS}, cssSelectorsEnabled: true, databaseEnabled: false, goog:chromeOptions: {debuggerAddress: localhost:43539}, handlesAlerts: true, hasTouchScreen: false, javascriptEnabled: true, locationContextEnabled: true, mobileEmulationEnabled: false, nativeEvents: true, networkConnectionEnabled: false, pageLoadStrategy: normal, platform: LINUX, platformName: LINUX, proxy: Proxy(direct), rotatable: false, setWindowRect: true, strictFileInteractability: false, takesHeapSnapshot: true, takesScreenshot: true, timeouts: {implicit: 0, pageLoad: 300000, script: 30000}, unexpectedAlertBehaviour: ignore, unhandledPromptBehavior: ignore, version: 73.0.3683.103, webStorageEnabled: true}
Session ID: f13adca9b43bf4b34e393f07e02ab2e3
	at org.openqa.selenium.remote.ErrorHandler.createThrowable(ErrorHandler.java:214)
	at org.openqa.selenium.remote.ErrorHandler.throwIfResponseFailed(ErrorHandler.java:166)
	at org.openqa.selenium.remote.http.JsonHttpResponseCodec.reconstructValue(JsonHttpResponseCodec.java:40)
	at org.openqa.selenium.remote.http.AbstractHttpResponseCodec.decode(AbstractHttpResponseCodec.java:80)
	at org.openqa.selenium.remote.http.AbstractHttpResponseCodec.decode(AbstractHttpResponseCodec.java:44)
	at org.openqa.selenium.remote.HttpCommandExecutor.execute(HttpCommandExecutor.java:164)
	at org.openqa.selenium.remote.service.DriverCommandExecutor.execute(DriverCommandExecutor.java:83)
	at org.openqa.selenium.remote.RemoteWebDriver.execute(RemoteWebDriver.java:600)
	at com.kms.katalon.selenium.driver.CChromeDriver.execute(CChromeDriver.java:20)
	at org.openqa.selenium.remote.RemoteWebElement.execute(RemoteWebElement.java:279)
	at org.openqa.selenium.remote.RemoteWebElement.click(RemoteWebElement.java:83)
	at com.kms.katalon.core.webui.keyword.builtin.ClickKeyword$_click_closure1.doCall(ClickKeyword.groovy:79)
	at com.kms.katalon.core.webui.keyword.builtin.ClickKeyword$_click_closure1.call(ClickKeyword.groovy)
	at com.kms.katalon.core.webui.keyword.internal.WebUIKeywordMain.runKeyword(WebUIKeywordMain.groovy:20)
	at com.kms.katalon.core.webui.keyword.builtin.ClickKeyword.click(ClickKeyword.groovy:86)
	at com.kms.katalon.core.webui.keyword.builtin.ClickKeyword.execute(ClickKeyword.groovy:67)
	at com.kms.katalon.core.keyword.internal.KeywordExecutor.executeKeywordForPlatform(KeywordExecutor.groovy:56)
	at com.kms.katalon.core.webui.keyword.WebUiBuiltInKeywords.click(WebUiBuiltInKeywords.groovy:616)
	at com.kms.katalon.core.webui.keyword.WebUiBuiltInKeywords$click$2.call(Unknown Source)
	at Script1537001334122.run(Script1537001334122.groovy:28)
	... 13 more
)

2019-04-21 02:26:53 - [MESSAGE][FAILED] - Unable to click on object 'Object Repository/Page_KiboPush  Create Broadcast Tem/button_Create (3)' (Root cause: com.kms.katalon.core.exception.StepFailedException: Unable to click on object 'Object Repository/Page_KiboPush  Create Broadcast Tem/button_Create (3)'
	at com.kms.katalon.core.webui.keyword.internal.WebUIKeywordMain.stepFailed(WebUIKeywordMain.groovy:64)
	at com.kms.katalon.core.webui.keyword.internal.WebUIKeywordMain.runKeyword(WebUIKeywordMain.groovy:26)
	at com.kms.katalon.core.webui.keyword.builtin.ClickKeyword.click(ClickKeyword.groovy:86)
	at com.kms.katalon.core.webui.keyword.builtin.ClickKeyword.execute(ClickKeyword.groovy:67)
	at com.kms.katalon.core.keyword.internal.KeywordExecutor.executeKeywordForPlatform(KeywordExecutor.groovy:56)
	at com.kms.katalon.core.webui.keyword.WebUiBuiltInKeywords.click(WebUiBuiltInKeywords.groovy:616)
	at com.kms.katalon.core.webui.keyword.WebUiBuiltInKeywords$click$2.call(Unknown Source)
	at TC0780.run(TC0780:28)
	at com.kms.katalon.core.main.ScriptEngine.run(ScriptEngine.java:194)
	at com.kms.katalon.core.main.ScriptEngine.runScriptAsRawText(ScriptEngine.java:119)
	at com.kms.katalon.core.main.TestCaseExecutor.runScript(TestCaseExecutor.java:336)
	at com.kms.katalon.core.main.TestCaseExecutor.doExecute(TestCaseExecutor.java:327)
	at com.kms.katalon.core.main.TestCaseExecutor.processExecutionPhase(TestCaseExecutor.java:306)
	at com.kms.katalon.core.main.TestCaseExecutor.accessMainPhase(TestCaseExecutor.java:298)
	at com.kms.katalon.core.main.TestCaseExecutor.execute(TestCaseExecutor.java:232)
	at com.kms.katalon.core.main.TestSuiteExecutor.accessTestCaseMainPhase(TestSuiteExecutor.java:129)
	at com.kms.katalon.core.main.TestSuiteExecutor.accessTestSuiteMainPhase(TestSuiteExecutor.java:112)
	at com.kms.katalon.core.main.TestSuiteExecutor.execute(TestSuiteExecutor.java:81)
	at com.kms.katalon.core.main.TestCaseMain.startTestSuite(TestCaseMain.java:157)
	at com.kms.katalon.core.main.TestCaseMain$startTestSuite$0.call(Unknown Source)
	at TempTestSuite1555795243480.run(TempTestSuite1555795243480.groovy:35)
Caused by: org.openqa.selenium.WebDriverException: unknown error: Element <button id="send" class="btn btn-primary" style="margin-right: 20px;">...</button> is not clickable at point (1117, 17). Other element would receive the click: <span class="m-nav__link-icon">...</span>
  (Session info: chrome=73.0.3683.103)
  (Driver info: chromedriver=73.0.3683.68 (47787ec04b6e38e22703e856e101e840b65afe72),platform=Linux 4.15.0-47-generic x86_64) (WARNING: The server did not provide any stacktrace information)
Command duration or timeout: 0 milliseconds
Build info: version: '3.7.1', revision: '8a0099a', time: '2017-11-06T21:07:36.161Z'
System info: host: 'faizan-HP-EliteBook-850-G2', ip: '127.0.1.1', os.name: 'Linux', os.arch: 'amd64', os.version: '4.15.0-47-generic', java.version: '1.8.0_191'
Driver info: com.kms.katalon.selenium.driver.CChromeDriver
Capabilities {acceptInsecureCerts: false, acceptSslCerts: false, applicationCacheEnabled: false, browserConnectionEnabled: false, browserName: chrome, chrome: {chromedriverVersion: 73.0.3683.68 (47787ec04b6e3..., userDataDir: /tmp/.com.google.Chrome.FU0xWS}, cssSelectorsEnabled: true, databaseEnabled: false, goog:chromeOptions: {debuggerAddress: localhost:43539}, handlesAlerts: true, hasTouchScreen: false, javascriptEnabled: true, locationContextEnabled: true, mobileEmulationEnabled: false, nativeEvents: true, networkConnectionEnabled: false, pageLoadStrategy: normal, platform: LINUX, platformName: LINUX, proxy: Proxy(direct), rotatable: false, setWindowRect: true, strictFileInteractability: false, takesHeapSnapshot: true, takesScreenshot: true, timeouts: {implicit: 0, pageLoad: 300000, script: 30000}, unexpectedAlertBehaviour: ignore, unhandledPromptBehavior: ignore, version: 73.0.3683.103, webStorageEnabled: true}
Session ID: f13adca9b43bf4b34e393f07e02ab2e3
	at org.openqa.selenium.remote.ErrorHandler.createThrowable(ErrorHandler.java:214)
	at org.openqa.selenium.remote.ErrorHandler.throwIfResponseFailed(ErrorHandler.java:166)
	at org.openqa.selenium.remote.http.JsonHttpResponseCodec.reconstructValue(JsonHttpResponseCodec.java:40)
	at org.openqa.selenium.remote.http.AbstractHttpResponseCodec.decode(AbstractHttpResponseCodec.java:80)
	at org.openqa.selenium.remote.http.AbstractHttpResponseCodec.decode(AbstractHttpResponseCodec.java:44)
	at org.openqa.selenium.remote.HttpCommandExecutor.execute(HttpCommandExecutor.java:164)
	at org.openqa.selenium.remote.service.DriverCommandExecutor.execute(DriverCommandExecutor.java:83)
	at org.openqa.selenium.remote.RemoteWebDriver.execute(RemoteWebDriver.java:600)
	at com.kms.katalon.selenium.driver.CChromeDriver.execute(CChromeDriver.java:20)
	at org.openqa.selenium.remote.RemoteWebElement.execute(RemoteWebElement.java:279)
	at org.openqa.selenium.remote.RemoteWebElement.click(RemoteWebElement.java:83)
	at com.kms.katalon.core.webui.keyword.builtin.ClickKeyword$_click_closure1.doCall(ClickKeyword.groovy:79)
	at com.kms.katalon.core.webui.keyword.builtin.ClickKeyword$_click_closure1.call(ClickKeyword.groovy)
	at com.kms.katalon.core.webui.keyword.internal.WebUIKeywordMain.runKeyword(WebUIKeywordMain.groovy:20)
	at com.kms.katalon.core.webui.keyword.builtin.ClickKeyword.click(ClickKeyword.groovy:86)
	at com.kms.katalon.core.webui.keyword.builtin.ClickKeyword.execute(ClickKeyword.groovy:67)
	at com.kms.katalon.core.keyword.internal.KeywordExecutor.executeKeywordForPlatform(KeywordExecutor.groovy:56)
	at com.kms.katalon.core.webui.keyword.WebUiBuiltInKeywords.click(WebUiBuiltInKeywords.groovy:616)
	at com.kms.katalon.core.webui.keyword.WebUiBuiltInKeywords$click$2.call(Unknown Source)
	at Script1537001334122.run(Script1537001334122.groovy:28)
	... 13 more
)
[[ATTACHMENT|/home/faizan/Drive/KiboPush_Automated_Testing/KiboPush Katalon/Reports/Faizan Suits/Template/20190421_022043/1555795612990.png]]]]></system-out>
         <system-err><![CDATA[2019-04-21 02:26:42 - [TEST_CASE][FAILED] - Test Cases/Template testcases/TC0780: Test Cases/Template testcases/TC0780 FAILED.
Reason:
com.kms.katalon.core.exception.StepFailedException: Unable to click on object 'Object Repository/Page_KiboPush  Create Broadcast Tem/button_Create (3)'
	at com.kms.katalon.core.webui.keyword.internal.WebUIKeywordMain.stepFailed(WebUIKeywordMain.groovy:64)
	at com.kms.katalon.core.webui.keyword.internal.WebUIKeywordMain.runKeyword(WebUIKeywordMain.groovy:26)
	at com.kms.katalon.core.webui.keyword.builtin.ClickKeyword.click(ClickKeyword.groovy:86)
	at com.kms.katalon.core.webui.keyword.builtin.ClickKeyword.execute(ClickKeyword.groovy:67)
	at com.kms.katalon.core.keyword.internal.KeywordExecutor.executeKeywordForPlatform(KeywordExecutor.groovy:56)
	at com.kms.katalon.core.webui.keyword.WebUiBuiltInKeywords.click(WebUiBuiltInKeywords.groovy:616)
	at com.kms.katalon.core.webui.keyword.WebUiBuiltInKeywords$click$2.call(Unknown Source)
	at TC0780.run(TC0780:28)
	at com.kms.katalon.core.main.ScriptEngine.run(ScriptEngine.java:194)
	at com.kms.katalon.core.main.ScriptEngine.runScriptAsRawText(ScriptEngine.java:119)
	at com.kms.katalon.core.main.TestCaseExecutor.runScript(TestCaseExecutor.java:336)
	at com.kms.katalon.core.main.TestCaseExecutor.doExecute(TestCaseExecutor.java:327)
	at com.kms.katalon.core.main.TestCaseExecutor.processExecutionPhase(TestCaseExecutor.java:306)
	at com.kms.katalon.core.main.TestCaseExecutor.accessMainPhase(TestCaseExecutor.java:298)
	at com.kms.katalon.core.main.TestCaseExecutor.execute(TestCaseExecutor.java:232)
	at com.kms.katalon.core.main.TestSuiteExecutor.accessTestCaseMainPhase(TestSuiteExecutor.java:129)
	at com.kms.katalon.core.main.TestSuiteExecutor.accessTestSuiteMainPhase(TestSuiteExecutor.java:112)
	at com.kms.katalon.core.main.TestSuiteExecutor.execute(TestSuiteExecutor.java:81)
	at com.kms.katalon.core.main.TestCaseMain.startTestSuite(TestCaseMain.java:157)
	at com.kms.katalon.core.main.TestCaseMain$startTestSuite$0.call(Unknown Source)
	at TempTestSuite1555795243480.run(TempTestSuite1555795243480.groovy:35)
Caused by: org.openqa.selenium.WebDriverException: unknown error: Element <button id="send" class="btn btn-primary" style="margin-right: 20px;">...</button> is not clickable at point (1117, 17). Other element would receive the click: <span class="m-nav__link-icon">...</span>
  (Session info: chrome=73.0.3683.103)
  (Driver info: chromedriver=73.0.3683.68 (47787ec04b6e38e22703e856e101e840b65afe72),platform=Linux 4.15.0-47-generic x86_64) (WARNING: The server did not provide any stacktrace information)
Command duration or timeout: 0 milliseconds
Build info: version: '3.7.1', revision: '8a0099a', time: '2017-11-06T21:07:36.161Z'
System info: host: 'faizan-HP-EliteBook-850-G2', ip: '127.0.1.1', os.name: 'Linux', os.arch: 'amd64', os.version: '4.15.0-47-generic', java.version: '1.8.0_191'
Driver info: com.kms.katalon.selenium.driver.CChromeDriver
Capabilities {acceptInsecureCerts: false, acceptSslCerts: false, applicationCacheEnabled: false, browserConnectionEnabled: false, browserName: chrome, chrome: {chromedriverVersion: 73.0.3683.68 (47787ec04b6e3..., userDataDir: /tmp/.com.google.Chrome.FU0xWS}, cssSelectorsEnabled: true, databaseEnabled: false, goog:chromeOptions: {debuggerAddress: localhost:43539}, handlesAlerts: true, hasTouchScreen: false, javascriptEnabled: true, locationContextEnabled: true, mobileEmulationEnabled: false, nativeEvents: true, networkConnectionEnabled: false, pageLoadStrategy: normal, platform: LINUX, platformName: LINUX, proxy: Proxy(direct), rotatable: false, setWindowRect: true, strictFileInteractability: false, takesHeapSnapshot: true, takesScreenshot: true, timeouts: {implicit: 0, pageLoad: 300000, script: 30000}, unexpectedAlertBehaviour: ignore, unhandledPromptBehavior: ignore, version: 73.0.3683.103, webStorageEnabled: true}
Session ID: f13adca9b43bf4b34e393f07e02ab2e3
	at org.openqa.selenium.remote.ErrorHandler.createThrowable(ErrorHandler.java:214)
	at org.openqa.selenium.remote.ErrorHandler.throwIfResponseFailed(ErrorHandler.java:166)
	at org.openqa.selenium.remote.http.JsonHttpResponseCodec.reconstructValue(JsonHttpResponseCodec.java:40)
	at org.openqa.selenium.remote.http.AbstractHttpResponseCodec.decode(AbstractHttpResponseCodec.java:80)
	at org.openqa.selenium.remote.http.AbstractHttpResponseCodec.decode(AbstractHttpResponseCodec.java:44)
	at org.openqa.selenium.remote.HttpCommandExecutor.execute(HttpCommandExecutor.java:164)
	at org.openqa.selenium.remote.service.DriverCommandExecutor.execute(DriverCommandExecutor.java:83)
	at org.openqa.selenium.remote.RemoteWebDriver.execute(RemoteWebDriver.java:600)
	at com.kms.katalon.selenium.driver.CChromeDriver.execute(CChromeDriver.java:20)
	at org.openqa.selenium.remote.RemoteWebElement.execute(RemoteWebElement.java:279)
	at org.openqa.selenium.remote.RemoteWebElement.click(RemoteWebElement.java:83)
	at com.kms.katalon.core.webui.keyword.builtin.ClickKeyword$_click_closure1.doCall(ClickKeyword.groovy:79)
	at com.kms.katalon.core.webui.keyword.builtin.ClickKeyword$_click_closure1.call(ClickKeyword.groovy)
	at com.kms.katalon.core.webui.keyword.internal.WebUIKeywordMain.runKeyword(WebUIKeywordMain.groovy:20)
	at com.kms.katalon.core.webui.keyword.builtin.ClickKeyword.click(ClickKeyword.groovy:86)
	at com.kms.katalon.core.webui.keyword.builtin.ClickKeyword.execute(ClickKeyword.groovy:67)
	at com.kms.katalon.core.keyword.internal.KeywordExecutor.executeKeywordForPlatform(KeywordExecutor.groovy:56)
	at com.kms.katalon.core.webui.keyword.WebUiBuiltInKeywords.click(WebUiBuiltInKeywords.groovy:616)
	at com.kms.katalon.core.webui.keyword.WebUiBuiltInKeywords$click$2.call(Unknown Source)
	at Script1537001334122.run(Script1537001334122.groovy:28)
	... 13 more]]></system-err>
      </testcase>
      <testcase name="Test Cases/Template testcases/TC0781" classname="Test Cases/Template testcases/TC0781" status="FAILED">
         <failure type="FAILED" message="Test Cases/Template testcases/TC0781 FAILED.
Reason:
com.kms.katalon.core.exception.StepFailedException: Unable to upload file '/home/faizan/Drive/KiboPush_Automated_Testing/KiboPush Katalon/sample.jpg' to object 'Object Repository/Page_KiboPush  Create Broadcast Tem/img'
	at com.kms.katalon.core.webui.keyword.internal.WebUIKeywordMain.stepFailed(WebUIKeywordMain.groovy:64)
	at com.kms.katalon.core.webui.keyword.internal.WebUIKeywordMain.runKeyword(WebUIKeywordMain.groovy:26)
	at com.kms.katalon.core.webui.keyword.builtin.UploadFileKeyword.uploadFile(UploadFileKeyword.groovy:87)
	at com.kms.katalon.core.webui.keyword.builtin.UploadFileKeyword.execute(UploadFileKeyword.groovy:68)
	at com.kms.katalon.core.keyword.internal.KeywordExecutor.executeKeywordForPlatform(KeywordExecutor.groovy:56)
	at com.kms.katalon.core.webui.keyword.WebUiBuiltInKeywords.uploadFile(WebUiBuiltInKeywords.groovy:2945)
	at com.kms.katalon.core.webui.keyword.WebUiBuiltInKeywords$uploadFile$8.call(Unknown Source)
	at TC0781.run(TC0781:32)
	at com.kms.katalon.core.main.ScriptEngine.run(ScriptEngine.java:194)
	at com.kms.katalon.core.main.ScriptEngine.runScriptAsRawText(ScriptEngine.java:119)
	at com.kms.katalon.core.main.TestCaseExecutor.runScript(TestCaseExecutor.java:336)
	at com.kms.katalon.core.main.TestCaseExecutor.doExecute(TestCaseExecutor.java:327)
	at com.kms.katalon.core.main.TestCaseExecutor.processExecutionPhase(TestCaseExecutor.java:306)
	at com.kms.katalon.core.main.TestCaseExecutor.accessMainPhase(TestCaseExecutor.java:298)
	at com.kms.katalon.core.main.TestCaseExecutor.execute(TestCaseExecutor.java:232)
	at com.kms.katalon.core.main.TestSuiteExecutor.accessTestCaseMainPhase(TestSuiteExecutor.java:129)
	at com.kms.katalon.core.main.TestSuiteExecutor.accessTestSuiteMainPhase(TestSuiteExecutor.java:112)
	at com.kms.katalon.core.main.TestSuiteExecutor.execute(TestSuiteExecutor.java:81)
	at com.kms.katalon.core.main.TestCaseMain.startTestSuite(TestCaseMain.java:157)
	at com.kms.katalon.core.main.TestCaseMain$startTestSuite$0.call(Unknown Source)
	at TempTestSuite1555795243480.run(TempTestSuite1555795243480.groovy:35)
Caused by: com.kms.katalon.core.webui.exception.WebElementNotFoundException: Web element with id: 'Object Repository/Page_KiboPush  Create Broadcast Tem/img' located by 'By.xpath: //*[@id=&quot;List1&quot;]/div/div/div[3]/div/input' not found
	at com.kms.katalon.core.webui.common.WebUiCommonHelper.findWebElement(WebUiCommonHelper.java:1097)
	at com.kms.katalon.core.webui.keyword.internal.WebUIAbstractKeyword.findWebElement(WebUIAbstractKeyword.groovy:27)
	at com.kms.katalon.core.webui.keyword.internal.WebUIAbstractKeyword.findWebElement(WebUIAbstractKeyword.groovy:26)
	at com.kms.katalon.core.webui.keyword.builtin.UploadFileKeyword$_uploadFile_closure1.doCall(UploadFileKeyword.groovy:79)
	at com.kms.katalon.core.webui.keyword.builtin.UploadFileKeyword$_uploadFile_closure1.call(UploadFileKeyword.groovy)
	at com.kms.katalon.core.webui.keyword.internal.WebUIKeywordMain.runKeyword(WebUIKeywordMain.groovy:20)
	at com.kms.katalon.core.webui.keyword.builtin.UploadFileKeyword.uploadFile(UploadFileKeyword.groovy:87)
	at com.kms.katalon.core.webui.keyword.builtin.UploadFileKeyword.execute(UploadFileKeyword.groovy:68)
	at com.kms.katalon.core.keyword.internal.KeywordExecutor.executeKeywordForPlatform(KeywordExecutor.groovy:56)
	at com.kms.katalon.core.webui.keyword.WebUiBuiltInKeywords.uploadFile(WebUiBuiltInKeywords.groovy:2945)
	at com.kms.katalon.core.webui.keyword.WebUiBuiltInKeywords$uploadFile$8.call(Unknown Source)
	at Script1537001607850.run(Script1537001607850.groovy:32)
	... 13 more
"/>
         <system-out><![CDATA[2019-04-21 02:26:53 - [TEST_CASE][FAILED] - Test Cases/Template testcases/TC0781: Test Cases/Template testcases/TC0781 FAILED.
Reason:
com.kms.katalon.core.exception.StepFailedException: Unable to upload file '/home/faizan/Drive/KiboPush_Automated_Testing/KiboPush Katalon/sample.jpg' to object 'Object Repository/Page_KiboPush  Create Broadcast Tem/img'
	at com.kms.katalon.core.webui.keyword.internal.WebUIKeywordMain.stepFailed(WebUIKeywordMain.groovy:64)
	at com.kms.katalon.core.webui.keyword.internal.WebUIKeywordMain.runKeyword(WebUIKeywordMain.groovy:26)
	at com.kms.katalon.core.webui.keyword.builtin.UploadFileKeyword.uploadFile(UploadFileKeyword.groovy:87)
	at com.kms.katalon.core.webui.keyword.builtin.UploadFileKeyword.execute(UploadFileKeyword.groovy:68)
	at com.kms.katalon.core.keyword.internal.KeywordExecutor.executeKeywordForPlatform(KeywordExecutor.groovy:56)
	at com.kms.katalon.core.webui.keyword.WebUiBuiltInKeywords.uploadFile(WebUiBuiltInKeywords.groovy:2945)
	at com.kms.katalon.core.webui.keyword.WebUiBuiltInKeywords$uploadFile$8.call(Unknown Source)
	at TC0781.run(TC0781:32)
	at com.kms.katalon.core.main.ScriptEngine.run(ScriptEngine.java:194)
	at com.kms.katalon.core.main.ScriptEngine.runScriptAsRawText(ScriptEngine.java:119)
	at com.kms.katalon.core.main.TestCaseExecutor.runScript(TestCaseExecutor.java:336)
	at com.kms.katalon.core.main.TestCaseExecutor.doExecute(TestCaseExecutor.java:327)
	at com.kms.katalon.core.main.TestCaseExecutor.processExecutionPhase(TestCaseExecutor.java:306)
	at com.kms.katalon.core.main.TestCaseExecutor.accessMainPhase(TestCaseExecutor.java:298)
	at com.kms.katalon.core.main.TestCaseExecutor.execute(TestCaseExecutor.java:232)
	at com.kms.katalon.core.main.TestSuiteExecutor.accessTestCaseMainPhase(TestSuiteExecutor.java:129)
	at com.kms.katalon.core.main.TestSuiteExecutor.accessTestSuiteMainPhase(TestSuiteExecutor.java:112)
	at com.kms.katalon.core.main.TestSuiteExecutor.execute(TestSuiteExecutor.java:81)
	at com.kms.katalon.core.main.TestCaseMain.startTestSuite(TestCaseMain.java:157)
	at com.kms.katalon.core.main.TestCaseMain$startTestSuite$0.call(Unknown Source)
	at TempTestSuite1555795243480.run(TempTestSuite1555795243480.groovy:35)
Caused by: com.kms.katalon.core.webui.exception.WebElementNotFoundException: Web element with id: 'Object Repository/Page_KiboPush  Create Broadcast Tem/img' located by 'By.xpath: //*[@id="List1"]/div/div/div[3]/div/input' not found
	at com.kms.katalon.core.webui.common.WebUiCommonHelper.findWebElement(WebUiCommonHelper.java:1097)
	at com.kms.katalon.core.webui.keyword.internal.WebUIAbstractKeyword.findWebElement(WebUIAbstractKeyword.groovy:27)
	at com.kms.katalon.core.webui.keyword.internal.WebUIAbstractKeyword.findWebElement(WebUIAbstractKeyword.groovy:26)
	at com.kms.katalon.core.webui.keyword.builtin.UploadFileKeyword$_uploadFile_closure1.doCall(UploadFileKeyword.groovy:79)
	at com.kms.katalon.core.webui.keyword.builtin.UploadFileKeyword$_uploadFile_closure1.call(UploadFileKeyword.groovy)
	at com.kms.katalon.core.webui.keyword.internal.WebUIKeywordMain.runKeyword(WebUIKeywordMain.groovy:20)
	at com.kms.katalon.core.webui.keyword.builtin.UploadFileKeyword.uploadFile(UploadFileKeyword.groovy:87)
	at com.kms.katalon.core.webui.keyword.builtin.UploadFileKeyword.execute(UploadFileKeyword.groovy:68)
	at com.kms.katalon.core.keyword.internal.KeywordExecutor.executeKeywordForPlatform(KeywordExecutor.groovy:56)
	at com.kms.katalon.core.webui.keyword.WebUiBuiltInKeywords.uploadFile(WebUiBuiltInKeywords.groovy:2945)
	at com.kms.katalon.core.webui.keyword.WebUiBuiltInKeywords$uploadFile$8.call(Unknown Source)
	at Script1537001607850.run(Script1537001607850.groovy:32)
	... 13 more


2019-04-21 02:26:53 - [TEST_STEP][PASSED] - callTestCase(findTestCase("Template testcases/TC0779"), [:], STOP_ON_FAILURE): Call Test Case 'Test Cases/Template testcases/TC0779' successfully

2019-04-21 02:26:53 - [TEST_CASE][PASSED] - Test Cases/Template testcases/TC0779: Test Cases/Template testcases/TC0779

2019-04-21 02:26:53 - [TEST_STEP][PASSED] - callTestCase(findTestCase("Template testcases/TC0768"), [:], STOP_ON_FAILURE): Call Test Case 'Test Cases/Template testcases/TC0768' successfully

2019-04-21 02:26:53 - [TEST_CASE][PASSED] - Test Cases/Template testcases/TC0768: Test Cases/Template testcases/TC0768

2019-04-21 02:26:53 - [TEST_STEP][PASSED] - callTestCase(findTestCase("s-sidebar_navigation/individualAccount/Template"), [:], STOP_ON_FAILURE): Call Test Case 'Test Cases/s-sidebar_navigation/individualAccount/Template' successfully

2019-04-21 02:26:53 - [TEST_CASE][PASSED] - Test Cases/s-sidebar_navigation/individualAccount/Template: Test Cases/s-sidebar_navigation/individualAccount/Template

2019-04-21 02:26:53 - [TEST_STEP][PASSED] - click(findTestObject("Page_KiboPush  Dashboard/span_Broadcasts")): Object: 'Object Repository/Page_KiboPush  Dashboard/span_Broadcasts' is clicked on

2019-04-21 02:26:53 - [MESSAGE][PASSED] - Object: 'Object Repository/Page_KiboPush  Dashboard/span_Broadcasts' is clicked on

2019-04-21 02:26:53 - [TEST_STEP][PASSED] - delay(1): Delayed 1 second(s)

2019-04-21 02:26:54 - [MESSAGE][PASSED] - Delayed 1 second(s)

2019-04-21 02:26:54 - [TEST_STEP][PASSED] - click(findTestObject("Page_KiboPush  Dashboard/span_Templates")): Object: 'Object Repository/Page_KiboPush  Dashboard/span_Templates' is clicked on

2019-04-21 02:26:55 - [MESSAGE][PASSED] - Object: 'Object Repository/Page_KiboPush  Dashboard/span_Templates' is clicked on

2019-04-21 02:26:55 - [TEST_STEP][PASSED] - delay(3): Delayed 3 second(s)

2019-04-21 02:26:58 - [MESSAGE][PASSED] - Delayed 3 second(s)

2019-04-21 02:26:58 - [TEST_STEP][PASSED] - scrollToPosition(0, 0): Browser is scrolled to position x = 0, y = 0

2019-04-21 02:26:58 - [MESSAGE][PASSED] - Browser is scrolled to position x = 0, y = 0

2019-04-21 02:26:58 - [TEST_STEP][PASSED] - click(findTestObject("Object Repository/Page_KiboEngage  Templates/h3_Templates")): Object: 'Object Repository/Page_KiboEngage  Templates/h3_Templates' is clicked on

2019-04-21 02:26:58 - [MESSAGE][PASSED] - Object: 'Object Repository/Page_KiboEngage  Templates/h3_Templates' is clicked on

2019-04-21 02:26:58 - [TEST_STEP][PASSED] - delay(3): Delayed 3 second(s)

2019-04-21 02:27:01 - [MESSAGE][PASSED] - Delayed 3 second(s)

2019-04-21 02:27:01 - [MESSAGE][PASSED] - Call Test Case 'Test Cases/s-sidebar_navigation/individualAccount/Template' successfully

2019-04-21 02:27:01 - [TEST_STEP][PASSED] - click(findTestObject("Object Repository/Page_KiboPush  Dashboard/button_Create New")): Object: 'Object Repository/Page_KiboPush  Dashboard/button_Create New' is clicked on

2019-04-21 02:27:01 - [MESSAGE][PASSED] - Object: 'Object Repository/Page_KiboPush  Dashboard/button_Create New' is clicked on

2019-04-21 02:27:01 - [TEST_STEP][PASSED] - click(findTestObject("Object Repository/Page_KiboPush  Create Broadcast Tem/h3_Create Broadcast Template")): Object: 'Object Repository/Page_KiboPush  Create Broadcast Tem/h3_Create Broadcast Template' is clicked on

2019-04-21 02:27:01 - [MESSAGE][PASSED] - Object: 'Object Repository/Page_KiboPush  Create Broadcast Tem/h3_Create Broadcast Template' is clicked on

2019-04-21 02:27:01 - [MESSAGE][PASSED] - Call Test Case 'Test Cases/Template testcases/TC0768' successfully

2019-04-21 02:27:01 - [TEST_STEP][PASSED] - click(findTestObject("Page_KiboPush  Create Broadcast Tem/h6_Card (1)")): Object: 'Object Repository/Page_KiboPush  Create Broadcast Tem/h6_Card (1)' is clicked on

2019-04-21 02:27:01 - [MESSAGE][PASSED] - Object: 'Object Repository/Page_KiboPush  Create Broadcast Tem/h6_Card (1)' is clicked on

2019-04-21 02:27:01 - [TEST_STEP][PASSED] - click(findTestObject("Object Repository/Page_KiboEngage  Create Broadcast Template/div_New card component added")): Object: 'Object Repository/Page_KiboEngage  Create Broadcast Template/div_New card component added' is clicked on

2019-04-21 02:27:02 - [MESSAGE][PASSED] - Object: 'Object Repository/Page_KiboEngage  Create Broadcast Template/div_New card component added' is clicked on

2019-04-21 02:27:02 - [MESSAGE][PASSED] - Call Test Case 'Test Cases/Template testcases/TC0779' successfully

2019-04-21 02:27:02 - [TEST_STEP][PASSED] - img = getProjectDir() + "/sample.jpg": null

2019-04-21 02:27:02 - [TEST_STEP][FAILED] - uploadFile(findTestObject("Page_KiboPush  Create Broadcast Tem/img"), img): Unable to upload file '/home/faizan/Drive/KiboPush_Automated_Testing/KiboPush Katalon/sample.jpg' to object 'Object Repository/Page_KiboPush  Create Broadcast Tem/img' (Root cause: com.kms.katalon.core.exception.StepFailedException: Unable to upload file '/home/faizan/Drive/KiboPush_Automated_Testing/KiboPush Katalon/sample.jpg' to object 'Object Repository/Page_KiboPush  Create Broadcast Tem/img'
	at com.kms.katalon.core.webui.keyword.internal.WebUIKeywordMain.stepFailed(WebUIKeywordMain.groovy:64)
	at com.kms.katalon.core.webui.keyword.internal.WebUIKeywordMain.runKeyword(WebUIKeywordMain.groovy:26)
	at com.kms.katalon.core.webui.keyword.builtin.UploadFileKeyword.uploadFile(UploadFileKeyword.groovy:87)
	at com.kms.katalon.core.webui.keyword.builtin.UploadFileKeyword.execute(UploadFileKeyword.groovy:68)
	at com.kms.katalon.core.keyword.internal.KeywordExecutor.executeKeywordForPlatform(KeywordExecutor.groovy:56)
	at com.kms.katalon.core.webui.keyword.WebUiBuiltInKeywords.uploadFile(WebUiBuiltInKeywords.groovy:2945)
	at com.kms.katalon.core.webui.keyword.WebUiBuiltInKeywords$uploadFile$8.call(Unknown Source)
	at TC0781.run(TC0781:32)
	at com.kms.katalon.core.main.ScriptEngine.run(ScriptEngine.java:194)
	at com.kms.katalon.core.main.ScriptEngine.runScriptAsRawText(ScriptEngine.java:119)
	at com.kms.katalon.core.main.TestCaseExecutor.runScript(TestCaseExecutor.java:336)
	at com.kms.katalon.core.main.TestCaseExecutor.doExecute(TestCaseExecutor.java:327)
	at com.kms.katalon.core.main.TestCaseExecutor.processExecutionPhase(TestCaseExecutor.java:306)
	at com.kms.katalon.core.main.TestCaseExecutor.accessMainPhase(TestCaseExecutor.java:298)
	at com.kms.katalon.core.main.TestCaseExecutor.execute(TestCaseExecutor.java:232)
	at com.kms.katalon.core.main.TestSuiteExecutor.accessTestCaseMainPhase(TestSuiteExecutor.java:129)
	at com.kms.katalon.core.main.TestSuiteExecutor.accessTestSuiteMainPhase(TestSuiteExecutor.java:112)
	at com.kms.katalon.core.main.TestSuiteExecutor.execute(TestSuiteExecutor.java:81)
	at com.kms.katalon.core.main.TestCaseMain.startTestSuite(TestCaseMain.java:157)
	at com.kms.katalon.core.main.TestCaseMain$startTestSuite$0.call(Unknown Source)
	at TempTestSuite1555795243480.run(TempTestSuite1555795243480.groovy:35)
Caused by: com.kms.katalon.core.webui.exception.WebElementNotFoundException: Web element with id: 'Object Repository/Page_KiboPush  Create Broadcast Tem/img' located by 'By.xpath: //*[@id="List1"]/div/div/div[3]/div/input' not found
	at com.kms.katalon.core.webui.common.WebUiCommonHelper.findWebElement(WebUiCommonHelper.java:1097)
	at com.kms.katalon.core.webui.keyword.internal.WebUIAbstractKeyword.findWebElement(WebUIAbstractKeyword.groovy:27)
	at com.kms.katalon.core.webui.keyword.internal.WebUIAbstractKeyword.findWebElement(WebUIAbstractKeyword.groovy:26)
	at com.kms.katalon.core.webui.keyword.builtin.UploadFileKeyword$_uploadFile_closure1.doCall(UploadFileKeyword.groovy:79)
	at com.kms.katalon.core.webui.keyword.builtin.UploadFileKeyword$_uploadFile_closure1.call(UploadFileKeyword.groovy)
	at com.kms.katalon.core.webui.keyword.internal.WebUIKeywordMain.runKeyword(WebUIKeywordMain.groovy:20)
	at com.kms.katalon.core.webui.keyword.builtin.UploadFileKeyword.uploadFile(UploadFileKeyword.groovy:87)
	at com.kms.katalon.core.webui.keyword.builtin.UploadFileKeyword.execute(UploadFileKeyword.groovy:68)
	at com.kms.katalon.core.keyword.internal.KeywordExecutor.executeKeywordForPlatform(KeywordExecutor.groovy:56)
	at com.kms.katalon.core.webui.keyword.WebUiBuiltInKeywords.uploadFile(WebUiBuiltInKeywords.groovy:2945)
	at com.kms.katalon.core.webui.keyword.WebUiBuiltInKeywords$uploadFile$8.call(Unknown Source)
	at Script1537001607850.run(Script1537001607850.groovy:32)
	... 13 more
)

2019-04-21 02:27:33 - [MESSAGE][INFO] - Unable to find the element located by 'By.xpath: //*[@id="List1"]/div/div/div[3]/div/input'. Please recheck the objects properties to make sure the desired element is located. 

2019-04-21 02:27:33 - [MESSAGE][FAILED] - Unable to upload file '/home/faizan/Drive/KiboPush_Automated_Testing/KiboPush Katalon/sample.jpg' to object 'Object Repository/Page_KiboPush  Create Broadcast Tem/img' (Root cause: com.kms.katalon.core.exception.StepFailedException: Unable to upload file '/home/faizan/Drive/KiboPush_Automated_Testing/KiboPush Katalon/sample.jpg' to object 'Object Repository/Page_KiboPush  Create Broadcast Tem/img'
	at com.kms.katalon.core.webui.keyword.internal.WebUIKeywordMain.stepFailed(WebUIKeywordMain.groovy:64)
	at com.kms.katalon.core.webui.keyword.internal.WebUIKeywordMain.runKeyword(WebUIKeywordMain.groovy:26)
	at com.kms.katalon.core.webui.keyword.builtin.UploadFileKeyword.uploadFile(UploadFileKeyword.groovy:87)
	at com.kms.katalon.core.webui.keyword.builtin.UploadFileKeyword.execute(UploadFileKeyword.groovy:68)
	at com.kms.katalon.core.keyword.internal.KeywordExecutor.executeKeywordForPlatform(KeywordExecutor.groovy:56)
	at com.kms.katalon.core.webui.keyword.WebUiBuiltInKeywords.uploadFile(WebUiBuiltInKeywords.groovy:2945)
	at com.kms.katalon.core.webui.keyword.WebUiBuiltInKeywords$uploadFile$8.call(Unknown Source)
	at TC0781.run(TC0781:32)
	at com.kms.katalon.core.main.ScriptEngine.run(ScriptEngine.java:194)
	at com.kms.katalon.core.main.ScriptEngine.runScriptAsRawText(ScriptEngine.java:119)
	at com.kms.katalon.core.main.TestCaseExecutor.runScript(TestCaseExecutor.java:336)
	at com.kms.katalon.core.main.TestCaseExecutor.doExecute(TestCaseExecutor.java:327)
	at com.kms.katalon.core.main.TestCaseExecutor.processExecutionPhase(TestCaseExecutor.java:306)
	at com.kms.katalon.core.main.TestCaseExecutor.accessMainPhase(TestCaseExecutor.java:298)
	at com.kms.katalon.core.main.TestCaseExecutor.execute(TestCaseExecutor.java:232)
	at com.kms.katalon.core.main.TestSuiteExecutor.accessTestCaseMainPhase(TestSuiteExecutor.java:129)
	at com.kms.katalon.core.main.TestSuiteExecutor.accessTestSuiteMainPhase(TestSuiteExecutor.java:112)
	at com.kms.katalon.core.main.TestSuiteExecutor.execute(TestSuiteExecutor.java:81)
	at com.kms.katalon.core.main.TestCaseMain.startTestSuite(TestCaseMain.java:157)
	at com.kms.katalon.core.main.TestCaseMain$startTestSuite$0.call(Unknown Source)
	at TempTestSuite1555795243480.run(TempTestSuite1555795243480.groovy:35)
Caused by: com.kms.katalon.core.webui.exception.WebElementNotFoundException: Web element with id: 'Object Repository/Page_KiboPush  Create Broadcast Tem/img' located by 'By.xpath: //*[@id="List1"]/div/div/div[3]/div/input' not found
	at com.kms.katalon.core.webui.common.WebUiCommonHelper.findWebElement(WebUiCommonHelper.java:1097)
	at com.kms.katalon.core.webui.keyword.internal.WebUIAbstractKeyword.findWebElement(WebUIAbstractKeyword.groovy:27)
	at com.kms.katalon.core.webui.keyword.internal.WebUIAbstractKeyword.findWebElement(WebUIAbstractKeyword.groovy:26)
	at com.kms.katalon.core.webui.keyword.builtin.UploadFileKeyword$_uploadFile_closure1.doCall(UploadFileKeyword.groovy:79)
	at com.kms.katalon.core.webui.keyword.builtin.UploadFileKeyword$_uploadFile_closure1.call(UploadFileKeyword.groovy)
	at com.kms.katalon.core.webui.keyword.internal.WebUIKeywordMain.runKeyword(WebUIKeywordMain.groovy:20)
	at com.kms.katalon.core.webui.keyword.builtin.UploadFileKeyword.uploadFile(UploadFileKeyword.groovy:87)
	at com.kms.katalon.core.webui.keyword.builtin.UploadFileKeyword.execute(UploadFileKeyword.groovy:68)
	at com.kms.katalon.core.keyword.internal.KeywordExecutor.executeKeywordForPlatform(KeywordExecutor.groovy:56)
	at com.kms.katalon.core.webui.keyword.WebUiBuiltInKeywords.uploadFile(WebUiBuiltInKeywords.groovy:2945)
	at com.kms.katalon.core.webui.keyword.WebUiBuiltInKeywords$uploadFile$8.call(Unknown Source)
	at Script1537001607850.run(Script1537001607850.groovy:32)
	... 13 more
)
[[ATTACHMENT|/home/faizan/Drive/KiboPush_Automated_Testing/KiboPush Katalon/Reports/Faizan Suits/Template/20190421_022043/1555795653051.png]]]]></system-out>
         <system-err><![CDATA[2019-04-21 02:26:53 - [TEST_CASE][FAILED] - Test Cases/Template testcases/TC0781: Test Cases/Template testcases/TC0781 FAILED.
Reason:
com.kms.katalon.core.exception.StepFailedException: Unable to upload file '/home/faizan/Drive/KiboPush_Automated_Testing/KiboPush Katalon/sample.jpg' to object 'Object Repository/Page_KiboPush  Create Broadcast Tem/img'
	at com.kms.katalon.core.webui.keyword.internal.WebUIKeywordMain.stepFailed(WebUIKeywordMain.groovy:64)
	at com.kms.katalon.core.webui.keyword.internal.WebUIKeywordMain.runKeyword(WebUIKeywordMain.groovy:26)
	at com.kms.katalon.core.webui.keyword.builtin.UploadFileKeyword.uploadFile(UploadFileKeyword.groovy:87)
	at com.kms.katalon.core.webui.keyword.builtin.UploadFileKeyword.execute(UploadFileKeyword.groovy:68)
	at com.kms.katalon.core.keyword.internal.KeywordExecutor.executeKeywordForPlatform(KeywordExecutor.groovy:56)
	at com.kms.katalon.core.webui.keyword.WebUiBuiltInKeywords.uploadFile(WebUiBuiltInKeywords.groovy:2945)
	at com.kms.katalon.core.webui.keyword.WebUiBuiltInKeywords$uploadFile$8.call(Unknown Source)
	at TC0781.run(TC0781:32)
	at com.kms.katalon.core.main.ScriptEngine.run(ScriptEngine.java:194)
	at com.kms.katalon.core.main.ScriptEngine.runScriptAsRawText(ScriptEngine.java:119)
	at com.kms.katalon.core.main.TestCaseExecutor.runScript(TestCaseExecutor.java:336)
	at com.kms.katalon.core.main.TestCaseExecutor.doExecute(TestCaseExecutor.java:327)
	at com.kms.katalon.core.main.TestCaseExecutor.processExecutionPhase(TestCaseExecutor.java:306)
	at com.kms.katalon.core.main.TestCaseExecutor.accessMainPhase(TestCaseExecutor.java:298)
	at com.kms.katalon.core.main.TestCaseExecutor.execute(TestCaseExecutor.java:232)
	at com.kms.katalon.core.main.TestSuiteExecutor.accessTestCaseMainPhase(TestSuiteExecutor.java:129)
	at com.kms.katalon.core.main.TestSuiteExecutor.accessTestSuiteMainPhase(TestSuiteExecutor.java:112)
	at com.kms.katalon.core.main.TestSuiteExecutor.execute(TestSuiteExecutor.java:81)
	at com.kms.katalon.core.main.TestCaseMain.startTestSuite(TestCaseMain.java:157)
	at com.kms.katalon.core.main.TestCaseMain$startTestSuite$0.call(Unknown Source)
	at TempTestSuite1555795243480.run(TempTestSuite1555795243480.groovy:35)
Caused by: com.kms.katalon.core.webui.exception.WebElementNotFoundException: Web element with id: 'Object Repository/Page_KiboPush  Create Broadcast Tem/img' located by 'By.xpath: //*[@id="List1"]/div/div/div[3]/div/input' not found
	at com.kms.katalon.core.webui.common.WebUiCommonHelper.findWebElement(WebUiCommonHelper.java:1097)
	at com.kms.katalon.core.webui.keyword.internal.WebUIAbstractKeyword.findWebElement(WebUIAbstractKeyword.groovy:27)
	at com.kms.katalon.core.webui.keyword.internal.WebUIAbstractKeyword.findWebElement(WebUIAbstractKeyword.groovy:26)
	at com.kms.katalon.core.webui.keyword.builtin.UploadFileKeyword$_uploadFile_closure1.doCall(UploadFileKeyword.groovy:79)
	at com.kms.katalon.core.webui.keyword.builtin.UploadFileKeyword$_uploadFile_closure1.call(UploadFileKeyword.groovy)
	at com.kms.katalon.core.webui.keyword.internal.WebUIKeywordMain.runKeyword(WebUIKeywordMain.groovy:20)
	at com.kms.katalon.core.webui.keyword.builtin.UploadFileKeyword.uploadFile(UploadFileKeyword.groovy:87)
	at com.kms.katalon.core.webui.keyword.builtin.UploadFileKeyword.execute(UploadFileKeyword.groovy:68)
	at com.kms.katalon.core.keyword.internal.KeywordExecutor.executeKeywordForPlatform(KeywordExecutor.groovy:56)
	at com.kms.katalon.core.webui.keyword.WebUiBuiltInKeywords.uploadFile(WebUiBuiltInKeywords.groovy:2945)
	at com.kms.katalon.core.webui.keyword.WebUiBuiltInKeywords$uploadFile$8.call(Unknown Source)
	at Script1537001607850.run(Script1537001607850.groovy:32)
	... 13 more]]></system-err>
      </testcase>
      <testcase name="Test Cases/Template testcases/TC0782" classname="Test Cases/Template testcases/TC0782" status="FAILED">
         <failure type="FAILED" message="Test Cases/Template testcases/TC0782 FAILED.
Reason:
com.kms.katalon.core.exception.StepFailedException: Unable to upload file '/home/faizan/Drive/KiboPush_Automated_Testing/KiboPush Katalon/sample.jpg' to object 'Object Repository/Page_KiboPush  Create Broadcast Tem/img'
	at com.kms.katalon.core.webui.keyword.internal.WebUIKeywordMain.stepFailed(WebUIKeywordMain.groovy:64)
	at com.kms.katalon.core.webui.keyword.internal.WebUIKeywordMain.runKeyword(WebUIKeywordMain.groovy:26)
	at com.kms.katalon.core.webui.keyword.builtin.UploadFileKeyword.uploadFile(UploadFileKeyword.groovy:87)
	at com.kms.katalon.core.webui.keyword.builtin.UploadFileKeyword.execute(UploadFileKeyword.groovy:68)
	at com.kms.katalon.core.keyword.internal.KeywordExecutor.executeKeywordForPlatform(KeywordExecutor.groovy:56)
	at com.kms.katalon.core.webui.keyword.WebUiBuiltInKeywords.uploadFile(WebUiBuiltInKeywords.groovy:2945)
	at com.kms.katalon.core.webui.keyword.WebUiBuiltInKeywords$uploadFile$8.call(Unknown Source)
	at TC0782.run(TC0782:32)
	at com.kms.katalon.core.main.ScriptEngine.run(ScriptEngine.java:194)
	at com.kms.katalon.core.main.ScriptEngine.runScriptAsRawText(ScriptEngine.java:119)
	at com.kms.katalon.core.main.TestCaseExecutor.runScript(TestCaseExecutor.java:336)
	at com.kms.katalon.core.main.TestCaseExecutor.doExecute(TestCaseExecutor.java:327)
	at com.kms.katalon.core.main.TestCaseExecutor.processExecutionPhase(TestCaseExecutor.java:306)
	at com.kms.katalon.core.main.TestCaseExecutor.accessMainPhase(TestCaseExecutor.java:298)
	at com.kms.katalon.core.main.TestCaseExecutor.execute(TestCaseExecutor.java:232)
	at com.kms.katalon.core.main.TestSuiteExecutor.accessTestCaseMainPhase(TestSuiteExecutor.java:129)
	at com.kms.katalon.core.main.TestSuiteExecutor.accessTestSuiteMainPhase(TestSuiteExecutor.java:112)
	at com.kms.katalon.core.main.TestSuiteExecutor.execute(TestSuiteExecutor.java:81)
	at com.kms.katalon.core.main.TestCaseMain.startTestSuite(TestCaseMain.java:157)
	at com.kms.katalon.core.main.TestCaseMain$startTestSuite$0.call(Unknown Source)
	at TempTestSuite1555795243480.run(TempTestSuite1555795243480.groovy:35)
Caused by: com.kms.katalon.core.webui.exception.WebElementNotFoundException: Web element with id: 'Object Repository/Page_KiboPush  Create Broadcast Tem/img' located by 'By.xpath: //*[@id=&quot;List1&quot;]/div/div/div[3]/div/input' not found
	at com.kms.katalon.core.webui.common.WebUiCommonHelper.findWebElement(WebUiCommonHelper.java:1097)
	at com.kms.katalon.core.webui.keyword.internal.WebUIAbstractKeyword.findWebElement(WebUIAbstractKeyword.groovy:27)
	at com.kms.katalon.core.webui.keyword.internal.WebUIAbstractKeyword.findWebElement(WebUIAbstractKeyword.groovy:26)
	at com.kms.katalon.core.webui.keyword.builtin.UploadFileKeyword$_uploadFile_closure1.doCall(UploadFileKeyword.groovy:79)
	at com.kms.katalon.core.webui.keyword.builtin.UploadFileKeyword$_uploadFile_closure1.call(UploadFileKeyword.groovy)
	at com.kms.katalon.core.webui.keyword.internal.WebUIKeywordMain.runKeyword(WebUIKeywordMain.groovy:20)
	at com.kms.katalon.core.webui.keyword.builtin.UploadFileKeyword.uploadFile(UploadFileKeyword.groovy:87)
	at com.kms.katalon.core.webui.keyword.builtin.UploadFileKeyword.execute(UploadFileKeyword.groovy:68)
	at com.kms.katalon.core.keyword.internal.KeywordExecutor.executeKeywordForPlatform(KeywordExecutor.groovy:56)
	at com.kms.katalon.core.webui.keyword.WebUiBuiltInKeywords.uploadFile(WebUiBuiltInKeywords.groovy:2945)
	at com.kms.katalon.core.webui.keyword.WebUiBuiltInKeywords$uploadFile$8.call(Unknown Source)
	at Script1537072110107.run(Script1537072110107.groovy:32)
	... 13 more
"/>
         <system-out><![CDATA[2019-04-21 02:27:33 - [TEST_CASE][FAILED] - Test Cases/Template testcases/TC0782: Test Cases/Template testcases/TC0782 FAILED.
Reason:
com.kms.katalon.core.exception.StepFailedException: Unable to upload file '/home/faizan/Drive/KiboPush_Automated_Testing/KiboPush Katalon/sample.jpg' to object 'Object Repository/Page_KiboPush  Create Broadcast Tem/img'
	at com.kms.katalon.core.webui.keyword.internal.WebUIKeywordMain.stepFailed(WebUIKeywordMain.groovy:64)
	at com.kms.katalon.core.webui.keyword.internal.WebUIKeywordMain.runKeyword(WebUIKeywordMain.groovy:26)
	at com.kms.katalon.core.webui.keyword.builtin.UploadFileKeyword.uploadFile(UploadFileKeyword.groovy:87)
	at com.kms.katalon.core.webui.keyword.builtin.UploadFileKeyword.execute(UploadFileKeyword.groovy:68)
	at com.kms.katalon.core.keyword.internal.KeywordExecutor.executeKeywordForPlatform(KeywordExecutor.groovy:56)
	at com.kms.katalon.core.webui.keyword.WebUiBuiltInKeywords.uploadFile(WebUiBuiltInKeywords.groovy:2945)
	at com.kms.katalon.core.webui.keyword.WebUiBuiltInKeywords$uploadFile$8.call(Unknown Source)
	at TC0782.run(TC0782:32)
	at com.kms.katalon.core.main.ScriptEngine.run(ScriptEngine.java:194)
	at com.kms.katalon.core.main.ScriptEngine.runScriptAsRawText(ScriptEngine.java:119)
	at com.kms.katalon.core.main.TestCaseExecutor.runScript(TestCaseExecutor.java:336)
	at com.kms.katalon.core.main.TestCaseExecutor.doExecute(TestCaseExecutor.java:327)
	at com.kms.katalon.core.main.TestCaseExecutor.processExecutionPhase(TestCaseExecutor.java:306)
	at com.kms.katalon.core.main.TestCaseExecutor.accessMainPhase(TestCaseExecutor.java:298)
	at com.kms.katalon.core.main.TestCaseExecutor.execute(TestCaseExecutor.java:232)
	at com.kms.katalon.core.main.TestSuiteExecutor.accessTestCaseMainPhase(TestSuiteExecutor.java:129)
	at com.kms.katalon.core.main.TestSuiteExecutor.accessTestSuiteMainPhase(TestSuiteExecutor.java:112)
	at com.kms.katalon.core.main.TestSuiteExecutor.execute(TestSuiteExecutor.java:81)
	at com.kms.katalon.core.main.TestCaseMain.startTestSuite(TestCaseMain.java:157)
	at com.kms.katalon.core.main.TestCaseMain$startTestSuite$0.call(Unknown Source)
	at TempTestSuite1555795243480.run(TempTestSuite1555795243480.groovy:35)
Caused by: com.kms.katalon.core.webui.exception.WebElementNotFoundException: Web element with id: 'Object Repository/Page_KiboPush  Create Broadcast Tem/img' located by 'By.xpath: //*[@id="List1"]/div/div/div[3]/div/input' not found
	at com.kms.katalon.core.webui.common.WebUiCommonHelper.findWebElement(WebUiCommonHelper.java:1097)
	at com.kms.katalon.core.webui.keyword.internal.WebUIAbstractKeyword.findWebElement(WebUIAbstractKeyword.groovy:27)
	at com.kms.katalon.core.webui.keyword.internal.WebUIAbstractKeyword.findWebElement(WebUIAbstractKeyword.groovy:26)
	at com.kms.katalon.core.webui.keyword.builtin.UploadFileKeyword$_uploadFile_closure1.doCall(UploadFileKeyword.groovy:79)
	at com.kms.katalon.core.webui.keyword.builtin.UploadFileKeyword$_uploadFile_closure1.call(UploadFileKeyword.groovy)
	at com.kms.katalon.core.webui.keyword.internal.WebUIKeywordMain.runKeyword(WebUIKeywordMain.groovy:20)
	at com.kms.katalon.core.webui.keyword.builtin.UploadFileKeyword.uploadFile(UploadFileKeyword.groovy:87)
	at com.kms.katalon.core.webui.keyword.builtin.UploadFileKeyword.execute(UploadFileKeyword.groovy:68)
	at com.kms.katalon.core.keyword.internal.KeywordExecutor.executeKeywordForPlatform(KeywordExecutor.groovy:56)
	at com.kms.katalon.core.webui.keyword.WebUiBuiltInKeywords.uploadFile(WebUiBuiltInKeywords.groovy:2945)
	at com.kms.katalon.core.webui.keyword.WebUiBuiltInKeywords$uploadFile$8.call(Unknown Source)
	at Script1537072110107.run(Script1537072110107.groovy:32)
	... 13 more


2019-04-21 02:27:33 - [TEST_STEP][PASSED] - callTestCase(findTestCase("Template testcases/TC0779"), [:], STOP_ON_FAILURE): Call Test Case 'Test Cases/Template testcases/TC0779' successfully

2019-04-21 02:27:33 - [TEST_CASE][PASSED] - Test Cases/Template testcases/TC0779: Test Cases/Template testcases/TC0779

2019-04-21 02:27:33 - [TEST_STEP][PASSED] - callTestCase(findTestCase("Template testcases/TC0768"), [:], STOP_ON_FAILURE): Call Test Case 'Test Cases/Template testcases/TC0768' successfully

2019-04-21 02:27:33 - [TEST_CASE][PASSED] - Test Cases/Template testcases/TC0768: Test Cases/Template testcases/TC0768

2019-04-21 02:27:33 - [TEST_STEP][PASSED] - callTestCase(findTestCase("s-sidebar_navigation/individualAccount/Template"), [:], STOP_ON_FAILURE): Call Test Case 'Test Cases/s-sidebar_navigation/individualAccount/Template' successfully

2019-04-21 02:27:33 - [TEST_CASE][PASSED] - Test Cases/s-sidebar_navigation/individualAccount/Template: Test Cases/s-sidebar_navigation/individualAccount/Template

2019-04-21 02:27:33 - [TEST_STEP][PASSED] - click(findTestObject("Page_KiboPush  Dashboard/span_Broadcasts")): Object: 'Object Repository/Page_KiboPush  Dashboard/span_Broadcasts' is clicked on

2019-04-21 02:27:33 - [MESSAGE][PASSED] - Object: 'Object Repository/Page_KiboPush  Dashboard/span_Broadcasts' is clicked on

2019-04-21 02:27:33 - [TEST_STEP][PASSED] - delay(1): Delayed 1 second(s)

2019-04-21 02:27:34 - [MESSAGE][PASSED] - Delayed 1 second(s)

2019-04-21 02:27:34 - [TEST_STEP][PASSED] - click(findTestObject("Page_KiboPush  Dashboard/span_Templates")): Object: 'Object Repository/Page_KiboPush  Dashboard/span_Templates' is clicked on

2019-04-21 02:27:35 - [MESSAGE][PASSED] - Object: 'Object Repository/Page_KiboPush  Dashboard/span_Templates' is clicked on

2019-04-21 02:27:35 - [TEST_STEP][PASSED] - delay(3): Delayed 3 second(s)

2019-04-21 02:27:38 - [MESSAGE][PASSED] - Delayed 3 second(s)

2019-04-21 02:27:38 - [TEST_STEP][PASSED] - scrollToPosition(0, 0): Browser is scrolled to position x = 0, y = 0

2019-04-21 02:27:38 - [MESSAGE][PASSED] - Browser is scrolled to position x = 0, y = 0

2019-04-21 02:27:38 - [TEST_STEP][PASSED] - click(findTestObject("Object Repository/Page_KiboEngage  Templates/h3_Templates")): Object: 'Object Repository/Page_KiboEngage  Templates/h3_Templates' is clicked on

2019-04-21 02:27:38 - [MESSAGE][PASSED] - Object: 'Object Repository/Page_KiboEngage  Templates/h3_Templates' is clicked on

2019-04-21 02:27:38 - [TEST_STEP][PASSED] - delay(3): Delayed 3 second(s)

2019-04-21 02:27:41 - [MESSAGE][PASSED] - Delayed 3 second(s)

2019-04-21 02:27:41 - [MESSAGE][PASSED] - Call Test Case 'Test Cases/s-sidebar_navigation/individualAccount/Template' successfully

2019-04-21 02:27:41 - [TEST_STEP][PASSED] - click(findTestObject("Object Repository/Page_KiboPush  Dashboard/button_Create New")): Object: 'Object Repository/Page_KiboPush  Dashboard/button_Create New' is clicked on

2019-04-21 02:27:41 - [MESSAGE][PASSED] - Object: 'Object Repository/Page_KiboPush  Dashboard/button_Create New' is clicked on

2019-04-21 02:27:41 - [TEST_STEP][PASSED] - click(findTestObject("Object Repository/Page_KiboPush  Create Broadcast Tem/h3_Create Broadcast Template")): Object: 'Object Repository/Page_KiboPush  Create Broadcast Tem/h3_Create Broadcast Template' is clicked on

2019-04-21 02:27:41 - [MESSAGE][PASSED] - Object: 'Object Repository/Page_KiboPush  Create Broadcast Tem/h3_Create Broadcast Template' is clicked on

2019-04-21 02:27:41 - [MESSAGE][PASSED] - Call Test Case 'Test Cases/Template testcases/TC0768' successfully

2019-04-21 02:27:41 - [TEST_STEP][PASSED] - click(findTestObject("Page_KiboPush  Create Broadcast Tem/h6_Card (1)")): Object: 'Object Repository/Page_KiboPush  Create Broadcast Tem/h6_Card (1)' is clicked on

2019-04-21 02:27:42 - [MESSAGE][PASSED] - Object: 'Object Repository/Page_KiboPush  Create Broadcast Tem/h6_Card (1)' is clicked on

2019-04-21 02:27:42 - [TEST_STEP][PASSED] - click(findTestObject("Object Repository/Page_KiboEngage  Create Broadcast Template/div_New card component added")): Object: 'Object Repository/Page_KiboEngage  Create Broadcast Template/div_New card component added' is clicked on

2019-04-21 02:27:42 - [MESSAGE][PASSED] - Object: 'Object Repository/Page_KiboEngage  Create Broadcast Template/div_New card component added' is clicked on

2019-04-21 02:27:42 - [MESSAGE][PASSED] - Call Test Case 'Test Cases/Template testcases/TC0779' successfully

2019-04-21 02:27:42 - [TEST_STEP][PASSED] - img = getProjectDir() + "/sample.jpg": null

2019-04-21 02:27:42 - [TEST_STEP][FAILED] - uploadFile(findTestObject("Page_KiboPush  Create Broadcast Tem/img"), img): Unable to upload file '/home/faizan/Drive/KiboPush_Automated_Testing/KiboPush Katalon/sample.jpg' to object 'Object Repository/Page_KiboPush  Create Broadcast Tem/img' (Root cause: com.kms.katalon.core.exception.StepFailedException: Unable to upload file '/home/faizan/Drive/KiboPush_Automated_Testing/KiboPush Katalon/sample.jpg' to object 'Object Repository/Page_KiboPush  Create Broadcast Tem/img'
	at com.kms.katalon.core.webui.keyword.internal.WebUIKeywordMain.stepFailed(WebUIKeywordMain.groovy:64)
	at com.kms.katalon.core.webui.keyword.internal.WebUIKeywordMain.runKeyword(WebUIKeywordMain.groovy:26)
	at com.kms.katalon.core.webui.keyword.builtin.UploadFileKeyword.uploadFile(UploadFileKeyword.groovy:87)
	at com.kms.katalon.core.webui.keyword.builtin.UploadFileKeyword.execute(UploadFileKeyword.groovy:68)
	at com.kms.katalon.core.keyword.internal.KeywordExecutor.executeKeywordForPlatform(KeywordExecutor.groovy:56)
	at com.kms.katalon.core.webui.keyword.WebUiBuiltInKeywords.uploadFile(WebUiBuiltInKeywords.groovy:2945)
	at com.kms.katalon.core.webui.keyword.WebUiBuiltInKeywords$uploadFile$8.call(Unknown Source)
	at TC0782.run(TC0782:32)
	at com.kms.katalon.core.main.ScriptEngine.run(ScriptEngine.java:194)
	at com.kms.katalon.core.main.ScriptEngine.runScriptAsRawText(ScriptEngine.java:119)
	at com.kms.katalon.core.main.TestCaseExecutor.runScript(TestCaseExecutor.java:336)
	at com.kms.katalon.core.main.TestCaseExecutor.doExecute(TestCaseExecutor.java:327)
	at com.kms.katalon.core.main.TestCaseExecutor.processExecutionPhase(TestCaseExecutor.java:306)
	at com.kms.katalon.core.main.TestCaseExecutor.accessMainPhase(TestCaseExecutor.java:298)
	at com.kms.katalon.core.main.TestCaseExecutor.execute(TestCaseExecutor.java:232)
	at com.kms.katalon.core.main.TestSuiteExecutor.accessTestCaseMainPhase(TestSuiteExecutor.java:129)
	at com.kms.katalon.core.main.TestSuiteExecutor.accessTestSuiteMainPhase(TestSuiteExecutor.java:112)
	at com.kms.katalon.core.main.TestSuiteExecutor.execute(TestSuiteExecutor.java:81)
	at com.kms.katalon.core.main.TestCaseMain.startTestSuite(TestCaseMain.java:157)
	at com.kms.katalon.core.main.TestCaseMain$startTestSuite$0.call(Unknown Source)
	at TempTestSuite1555795243480.run(TempTestSuite1555795243480.groovy:35)
Caused by: com.kms.katalon.core.webui.exception.WebElementNotFoundException: Web element with id: 'Object Repository/Page_KiboPush  Create Broadcast Tem/img' located by 'By.xpath: //*[@id="List1"]/div/div/div[3]/div/input' not found
	at com.kms.katalon.core.webui.common.WebUiCommonHelper.findWebElement(WebUiCommonHelper.java:1097)
	at com.kms.katalon.core.webui.keyword.internal.WebUIAbstractKeyword.findWebElement(WebUIAbstractKeyword.groovy:27)
	at com.kms.katalon.core.webui.keyword.internal.WebUIAbstractKeyword.findWebElement(WebUIAbstractKeyword.groovy:26)
	at com.kms.katalon.core.webui.keyword.builtin.UploadFileKeyword$_uploadFile_closure1.doCall(UploadFileKeyword.groovy:79)
	at com.kms.katalon.core.webui.keyword.builtin.UploadFileKeyword$_uploadFile_closure1.call(UploadFileKeyword.groovy)
	at com.kms.katalon.core.webui.keyword.internal.WebUIKeywordMain.runKeyword(WebUIKeywordMain.groovy:20)
	at com.kms.katalon.core.webui.keyword.builtin.UploadFileKeyword.uploadFile(UploadFileKeyword.groovy:87)
	at com.kms.katalon.core.webui.keyword.builtin.UploadFileKeyword.execute(UploadFileKeyword.groovy:68)
	at com.kms.katalon.core.keyword.internal.KeywordExecutor.executeKeywordForPlatform(KeywordExecutor.groovy:56)
	at com.kms.katalon.core.webui.keyword.WebUiBuiltInKeywords.uploadFile(WebUiBuiltInKeywords.groovy:2945)
	at com.kms.katalon.core.webui.keyword.WebUiBuiltInKeywords$uploadFile$8.call(Unknown Source)
	at Script1537072110107.run(Script1537072110107.groovy:32)
	... 13 more
)

2019-04-21 02:28:13 - [MESSAGE][INFO] - Unable to find the element located by 'By.xpath: //*[@id="List1"]/div/div/div[3]/div/input'. Please recheck the objects properties to make sure the desired element is located. 

2019-04-21 02:28:13 - [MESSAGE][FAILED] - Unable to upload file '/home/faizan/Drive/KiboPush_Automated_Testing/KiboPush Katalon/sample.jpg' to object 'Object Repository/Page_KiboPush  Create Broadcast Tem/img' (Root cause: com.kms.katalon.core.exception.StepFailedException: Unable to upload file '/home/faizan/Drive/KiboPush_Automated_Testing/KiboPush Katalon/sample.jpg' to object 'Object Repository/Page_KiboPush  Create Broadcast Tem/img'
	at com.kms.katalon.core.webui.keyword.internal.WebUIKeywordMain.stepFailed(WebUIKeywordMain.groovy:64)
	at com.kms.katalon.core.webui.keyword.internal.WebUIKeywordMain.runKeyword(WebUIKeywordMain.groovy:26)
	at com.kms.katalon.core.webui.keyword.builtin.UploadFileKeyword.uploadFile(UploadFileKeyword.groovy:87)
	at com.kms.katalon.core.webui.keyword.builtin.UploadFileKeyword.execute(UploadFileKeyword.groovy:68)
	at com.kms.katalon.core.keyword.internal.KeywordExecutor.executeKeywordForPlatform(KeywordExecutor.groovy:56)
	at com.kms.katalon.core.webui.keyword.WebUiBuiltInKeywords.uploadFile(WebUiBuiltInKeywords.groovy:2945)
	at com.kms.katalon.core.webui.keyword.WebUiBuiltInKeywords$uploadFile$8.call(Unknown Source)
	at TC0782.run(TC0782:32)
	at com.kms.katalon.core.main.ScriptEngine.run(ScriptEngine.java:194)
	at com.kms.katalon.core.main.ScriptEngine.runScriptAsRawText(ScriptEngine.java:119)
	at com.kms.katalon.core.main.TestCaseExecutor.runScript(TestCaseExecutor.java:336)
	at com.kms.katalon.core.main.TestCaseExecutor.doExecute(TestCaseExecutor.java:327)
	at com.kms.katalon.core.main.TestCaseExecutor.processExecutionPhase(TestCaseExecutor.java:306)
	at com.kms.katalon.core.main.TestCaseExecutor.accessMainPhase(TestCaseExecutor.java:298)
	at com.kms.katalon.core.main.TestCaseExecutor.execute(TestCaseExecutor.java:232)
	at com.kms.katalon.core.main.TestSuiteExecutor.accessTestCaseMainPhase(TestSuiteExecutor.java:129)
	at com.kms.katalon.core.main.TestSuiteExecutor.accessTestSuiteMainPhase(TestSuiteExecutor.java:112)
	at com.kms.katalon.core.main.TestSuiteExecutor.execute(TestSuiteExecutor.java:81)
	at com.kms.katalon.core.main.TestCaseMain.startTestSuite(TestCaseMain.java:157)
	at com.kms.katalon.core.main.TestCaseMain$startTestSuite$0.call(Unknown Source)
	at TempTestSuite1555795243480.run(TempTestSuite1555795243480.groovy:35)
Caused by: com.kms.katalon.core.webui.exception.WebElementNotFoundException: Web element with id: 'Object Repository/Page_KiboPush  Create Broadcast Tem/img' located by 'By.xpath: //*[@id="List1"]/div/div/div[3]/div/input' not found
	at com.kms.katalon.core.webui.common.WebUiCommonHelper.findWebElement(WebUiCommonHelper.java:1097)
	at com.kms.katalon.core.webui.keyword.internal.WebUIAbstractKeyword.findWebElement(WebUIAbstractKeyword.groovy:27)
	at com.kms.katalon.core.webui.keyword.internal.WebUIAbstractKeyword.findWebElement(WebUIAbstractKeyword.groovy:26)
	at com.kms.katalon.core.webui.keyword.builtin.UploadFileKeyword$_uploadFile_closure1.doCall(UploadFileKeyword.groovy:79)
	at com.kms.katalon.core.webui.keyword.builtin.UploadFileKeyword$_uploadFile_closure1.call(UploadFileKeyword.groovy)
	at com.kms.katalon.core.webui.keyword.internal.WebUIKeywordMain.runKeyword(WebUIKeywordMain.groovy:20)
	at com.kms.katalon.core.webui.keyword.builtin.UploadFileKeyword.uploadFile(UploadFileKeyword.groovy:87)
	at com.kms.katalon.core.webui.keyword.builtin.UploadFileKeyword.execute(UploadFileKeyword.groovy:68)
	at com.kms.katalon.core.keyword.internal.KeywordExecutor.executeKeywordForPlatform(KeywordExecutor.groovy:56)
	at com.kms.katalon.core.webui.keyword.WebUiBuiltInKeywords.uploadFile(WebUiBuiltInKeywords.groovy:2945)
	at com.kms.katalon.core.webui.keyword.WebUiBuiltInKeywords$uploadFile$8.call(Unknown Source)
	at Script1537072110107.run(Script1537072110107.groovy:32)
	... 13 more
)
[[ATTACHMENT|/home/faizan/Drive/KiboPush_Automated_Testing/KiboPush Katalon/Reports/Faizan Suits/Template/20190421_022043/1555795693399.png]]]]></system-out>
         <system-err><![CDATA[2019-04-21 02:27:33 - [TEST_CASE][FAILED] - Test Cases/Template testcases/TC0782: Test Cases/Template testcases/TC0782 FAILED.
Reason:
com.kms.katalon.core.exception.StepFailedException: Unable to upload file '/home/faizan/Drive/KiboPush_Automated_Testing/KiboPush Katalon/sample.jpg' to object 'Object Repository/Page_KiboPush  Create Broadcast Tem/img'
	at com.kms.katalon.core.webui.keyword.internal.WebUIKeywordMain.stepFailed(WebUIKeywordMain.groovy:64)
	at com.kms.katalon.core.webui.keyword.internal.WebUIKeywordMain.runKeyword(WebUIKeywordMain.groovy:26)
	at com.kms.katalon.core.webui.keyword.builtin.UploadFileKeyword.uploadFile(UploadFileKeyword.groovy:87)
	at com.kms.katalon.core.webui.keyword.builtin.UploadFileKeyword.execute(UploadFileKeyword.groovy:68)
	at com.kms.katalon.core.keyword.internal.KeywordExecutor.executeKeywordForPlatform(KeywordExecutor.groovy:56)
	at com.kms.katalon.core.webui.keyword.WebUiBuiltInKeywords.uploadFile(WebUiBuiltInKeywords.groovy:2945)
	at com.kms.katalon.core.webui.keyword.WebUiBuiltInKeywords$uploadFile$8.call(Unknown Source)
	at TC0782.run(TC0782:32)
	at com.kms.katalon.core.main.ScriptEngine.run(ScriptEngine.java:194)
	at com.kms.katalon.core.main.ScriptEngine.runScriptAsRawText(ScriptEngine.java:119)
	at com.kms.katalon.core.main.TestCaseExecutor.runScript(TestCaseExecutor.java:336)
	at com.kms.katalon.core.main.TestCaseExecutor.doExecute(TestCaseExecutor.java:327)
	at com.kms.katalon.core.main.TestCaseExecutor.processExecutionPhase(TestCaseExecutor.java:306)
	at com.kms.katalon.core.main.TestCaseExecutor.accessMainPhase(TestCaseExecutor.java:298)
	at com.kms.katalon.core.main.TestCaseExecutor.execute(TestCaseExecutor.java:232)
	at com.kms.katalon.core.main.TestSuiteExecutor.accessTestCaseMainPhase(TestSuiteExecutor.java:129)
	at com.kms.katalon.core.main.TestSuiteExecutor.accessTestSuiteMainPhase(TestSuiteExecutor.java:112)
	at com.kms.katalon.core.main.TestSuiteExecutor.execute(TestSuiteExecutor.java:81)
	at com.kms.katalon.core.main.TestCaseMain.startTestSuite(TestCaseMain.java:157)
	at com.kms.katalon.core.main.TestCaseMain$startTestSuite$0.call(Unknown Source)
	at TempTestSuite1555795243480.run(TempTestSuite1555795243480.groovy:35)
Caused by: com.kms.katalon.core.webui.exception.WebElementNotFoundException: Web element with id: 'Object Repository/Page_KiboPush  Create Broadcast Tem/img' located by 'By.xpath: //*[@id="List1"]/div/div/div[3]/div/input' not found
	at com.kms.katalon.core.webui.common.WebUiCommonHelper.findWebElement(WebUiCommonHelper.java:1097)
	at com.kms.katalon.core.webui.keyword.internal.WebUIAbstractKeyword.findWebElement(WebUIAbstractKeyword.groovy:27)
	at com.kms.katalon.core.webui.keyword.internal.WebUIAbstractKeyword.findWebElement(WebUIAbstractKeyword.groovy:26)
	at com.kms.katalon.core.webui.keyword.builtin.UploadFileKeyword$_uploadFile_closure1.doCall(UploadFileKeyword.groovy:79)
	at com.kms.katalon.core.webui.keyword.builtin.UploadFileKeyword$_uploadFile_closure1.call(UploadFileKeyword.groovy)
	at com.kms.katalon.core.webui.keyword.internal.WebUIKeywordMain.runKeyword(WebUIKeywordMain.groovy:20)
	at com.kms.katalon.core.webui.keyword.builtin.UploadFileKeyword.uploadFile(UploadFileKeyword.groovy:87)
	at com.kms.katalon.core.webui.keyword.builtin.UploadFileKeyword.execute(UploadFileKeyword.groovy:68)
	at com.kms.katalon.core.keyword.internal.KeywordExecutor.executeKeywordForPlatform(KeywordExecutor.groovy:56)
	at com.kms.katalon.core.webui.keyword.WebUiBuiltInKeywords.uploadFile(WebUiBuiltInKeywords.groovy:2945)
	at com.kms.katalon.core.webui.keyword.WebUiBuiltInKeywords$uploadFile$8.call(Unknown Source)
	at Script1537072110107.run(Script1537072110107.groovy:32)
	... 13 more]]></system-err>
      </testcase>
      <testcase name="Test Cases/Template testcases/TC0783" classname="Test Cases/Template testcases/TC0783" status="FAILED">
         <failure type="FAILED" message="Test Cases/Template testcases/TC0783 FAILED.
Reason:
com.kms.katalon.core.exception.StepFailedException: Unable to upload file '/home/faizan/Drive/KiboPush_Automated_Testing/KiboPush Katalon/sample.jpg' to object 'Object Repository/Page_KiboPush  Create Broadcast Tem/img'
	at com.kms.katalon.core.webui.keyword.internal.WebUIKeywordMain.stepFailed(WebUIKeywordMain.groovy:64)
	at com.kms.katalon.core.webui.keyword.internal.WebUIKeywordMain.runKeyword(WebUIKeywordMain.groovy:26)
	at com.kms.katalon.core.webui.keyword.builtin.UploadFileKeyword.uploadFile(UploadFileKeyword.groovy:87)
	at com.kms.katalon.core.webui.keyword.builtin.UploadFileKeyword.execute(UploadFileKeyword.groovy:68)
	at com.kms.katalon.core.keyword.internal.KeywordExecutor.executeKeywordForPlatform(KeywordExecutor.groovy:56)
	at com.kms.katalon.core.webui.keyword.WebUiBuiltInKeywords.uploadFile(WebUiBuiltInKeywords.groovy:2945)
	at com.kms.katalon.core.webui.keyword.WebUiBuiltInKeywords$uploadFile$8.call(Unknown Source)
	at TC0783.run(TC0783:32)
	at com.kms.katalon.core.main.ScriptEngine.run(ScriptEngine.java:194)
	at com.kms.katalon.core.main.ScriptEngine.runScriptAsRawText(ScriptEngine.java:119)
	at com.kms.katalon.core.main.TestCaseExecutor.runScript(TestCaseExecutor.java:336)
	at com.kms.katalon.core.main.TestCaseExecutor.doExecute(TestCaseExecutor.java:327)
	at com.kms.katalon.core.main.TestCaseExecutor.processExecutionPhase(TestCaseExecutor.java:306)
	at com.kms.katalon.core.main.TestCaseExecutor.accessMainPhase(TestCaseExecutor.java:298)
	at com.kms.katalon.core.main.TestCaseExecutor.execute(TestCaseExecutor.java:232)
	at com.kms.katalon.core.main.TestSuiteExecutor.accessTestCaseMainPhase(TestSuiteExecutor.java:129)
	at com.kms.katalon.core.main.TestSuiteExecutor.accessTestSuiteMainPhase(TestSuiteExecutor.java:112)
	at com.kms.katalon.core.main.TestSuiteExecutor.execute(TestSuiteExecutor.java:81)
	at com.kms.katalon.core.main.TestCaseMain.startTestSuite(TestCaseMain.java:157)
	at com.kms.katalon.core.main.TestCaseMain$startTestSuite$0.call(Unknown Source)
	at TempTestSuite1555795243480.run(TempTestSuite1555795243480.groovy:35)
Caused by: com.kms.katalon.core.webui.exception.WebElementNotFoundException: Web element with id: 'Object Repository/Page_KiboPush  Create Broadcast Tem/img' located by 'By.xpath: //*[@id=&quot;List1&quot;]/div/div/div[3]/div/input' not found
	at com.kms.katalon.core.webui.common.WebUiCommonHelper.findWebElement(WebUiCommonHelper.java:1097)
	at com.kms.katalon.core.webui.keyword.internal.WebUIAbstractKeyword.findWebElement(WebUIAbstractKeyword.groovy:27)
	at com.kms.katalon.core.webui.keyword.internal.WebUIAbstractKeyword.findWebElement(WebUIAbstractKeyword.groovy:26)
	at com.kms.katalon.core.webui.keyword.builtin.UploadFileKeyword$_uploadFile_closure1.doCall(UploadFileKeyword.groovy:79)
	at com.kms.katalon.core.webui.keyword.builtin.UploadFileKeyword$_uploadFile_closure1.call(UploadFileKeyword.groovy)
	at com.kms.katalon.core.webui.keyword.internal.WebUIKeywordMain.runKeyword(WebUIKeywordMain.groovy:20)
	at com.kms.katalon.core.webui.keyword.builtin.UploadFileKeyword.uploadFile(UploadFileKeyword.groovy:87)
	at com.kms.katalon.core.webui.keyword.builtin.UploadFileKeyword.execute(UploadFileKeyword.groovy:68)
	at com.kms.katalon.core.keyword.internal.KeywordExecutor.executeKeywordForPlatform(KeywordExecutor.groovy:56)
	at com.kms.katalon.core.webui.keyword.WebUiBuiltInKeywords.uploadFile(WebUiBuiltInKeywords.groovy:2945)
	at com.kms.katalon.core.webui.keyword.WebUiBuiltInKeywords$uploadFile$8.call(Unknown Source)
	at Script1537072633287.run(Script1537072633287.groovy:32)
	... 13 more
"/>
         <system-out><![CDATA[2019-04-21 02:28:13 - [TEST_CASE][FAILED] - Test Cases/Template testcases/TC0783: Test Cases/Template testcases/TC0783 FAILED.
Reason:
com.kms.katalon.core.exception.StepFailedException: Unable to upload file '/home/faizan/Drive/KiboPush_Automated_Testing/KiboPush Katalon/sample.jpg' to object 'Object Repository/Page_KiboPush  Create Broadcast Tem/img'
	at com.kms.katalon.core.webui.keyword.internal.WebUIKeywordMain.stepFailed(WebUIKeywordMain.groovy:64)
	at com.kms.katalon.core.webui.keyword.internal.WebUIKeywordMain.runKeyword(WebUIKeywordMain.groovy:26)
	at com.kms.katalon.core.webui.keyword.builtin.UploadFileKeyword.uploadFile(UploadFileKeyword.groovy:87)
	at com.kms.katalon.core.webui.keyword.builtin.UploadFileKeyword.execute(UploadFileKeyword.groovy:68)
	at com.kms.katalon.core.keyword.internal.KeywordExecutor.executeKeywordForPlatform(KeywordExecutor.groovy:56)
	at com.kms.katalon.core.webui.keyword.WebUiBuiltInKeywords.uploadFile(WebUiBuiltInKeywords.groovy:2945)
	at com.kms.katalon.core.webui.keyword.WebUiBuiltInKeywords$uploadFile$8.call(Unknown Source)
	at TC0783.run(TC0783:32)
	at com.kms.katalon.core.main.ScriptEngine.run(ScriptEngine.java:194)
	at com.kms.katalon.core.main.ScriptEngine.runScriptAsRawText(ScriptEngine.java:119)
	at com.kms.katalon.core.main.TestCaseExecutor.runScript(TestCaseExecutor.java:336)
	at com.kms.katalon.core.main.TestCaseExecutor.doExecute(TestCaseExecutor.java:327)
	at com.kms.katalon.core.main.TestCaseExecutor.processExecutionPhase(TestCaseExecutor.java:306)
	at com.kms.katalon.core.main.TestCaseExecutor.accessMainPhase(TestCaseExecutor.java:298)
	at com.kms.katalon.core.main.TestCaseExecutor.execute(TestCaseExecutor.java:232)
	at com.kms.katalon.core.main.TestSuiteExecutor.accessTestCaseMainPhase(TestSuiteExecutor.java:129)
	at com.kms.katalon.core.main.TestSuiteExecutor.accessTestSuiteMainPhase(TestSuiteExecutor.java:112)
	at com.kms.katalon.core.main.TestSuiteExecutor.execute(TestSuiteExecutor.java:81)
	at com.kms.katalon.core.main.TestCaseMain.startTestSuite(TestCaseMain.java:157)
	at com.kms.katalon.core.main.TestCaseMain$startTestSuite$0.call(Unknown Source)
	at TempTestSuite1555795243480.run(TempTestSuite1555795243480.groovy:35)
Caused by: com.kms.katalon.core.webui.exception.WebElementNotFoundException: Web element with id: 'Object Repository/Page_KiboPush  Create Broadcast Tem/img' located by 'By.xpath: //*[@id="List1"]/div/div/div[3]/div/input' not found
	at com.kms.katalon.core.webui.common.WebUiCommonHelper.findWebElement(WebUiCommonHelper.java:1097)
	at com.kms.katalon.core.webui.keyword.internal.WebUIAbstractKeyword.findWebElement(WebUIAbstractKeyword.groovy:27)
	at com.kms.katalon.core.webui.keyword.internal.WebUIAbstractKeyword.findWebElement(WebUIAbstractKeyword.groovy:26)
	at com.kms.katalon.core.webui.keyword.builtin.UploadFileKeyword$_uploadFile_closure1.doCall(UploadFileKeyword.groovy:79)
	at com.kms.katalon.core.webui.keyword.builtin.UploadFileKeyword$_uploadFile_closure1.call(UploadFileKeyword.groovy)
	at com.kms.katalon.core.webui.keyword.internal.WebUIKeywordMain.runKeyword(WebUIKeywordMain.groovy:20)
	at com.kms.katalon.core.webui.keyword.builtin.UploadFileKeyword.uploadFile(UploadFileKeyword.groovy:87)
	at com.kms.katalon.core.webui.keyword.builtin.UploadFileKeyword.execute(UploadFileKeyword.groovy:68)
	at com.kms.katalon.core.keyword.internal.KeywordExecutor.executeKeywordForPlatform(KeywordExecutor.groovy:56)
	at com.kms.katalon.core.webui.keyword.WebUiBuiltInKeywords.uploadFile(WebUiBuiltInKeywords.groovy:2945)
	at com.kms.katalon.core.webui.keyword.WebUiBuiltInKeywords$uploadFile$8.call(Unknown Source)
	at Script1537072633287.run(Script1537072633287.groovy:32)
	... 13 more


2019-04-21 02:28:13 - [TEST_STEP][PASSED] - callTestCase(findTestCase("Template testcases/TC0779"), [:], STOP_ON_FAILURE): Call Test Case 'Test Cases/Template testcases/TC0779' successfully

2019-04-21 02:28:13 - [TEST_CASE][PASSED] - Test Cases/Template testcases/TC0779: Test Cases/Template testcases/TC0779

2019-04-21 02:28:13 - [TEST_STEP][PASSED] - callTestCase(findTestCase("Template testcases/TC0768"), [:], STOP_ON_FAILURE): Call Test Case 'Test Cases/Template testcases/TC0768' successfully

2019-04-21 02:28:13 - [TEST_CASE][PASSED] - Test Cases/Template testcases/TC0768: Test Cases/Template testcases/TC0768

2019-04-21 02:28:13 - [TEST_STEP][PASSED] - callTestCase(findTestCase("s-sidebar_navigation/individualAccount/Template"), [:], STOP_ON_FAILURE): Call Test Case 'Test Cases/s-sidebar_navigation/individualAccount/Template' successfully

2019-04-21 02:28:14 - [TEST_CASE][PASSED] - Test Cases/s-sidebar_navigation/individualAccount/Template: Test Cases/s-sidebar_navigation/individualAccount/Template

2019-04-21 02:28:14 - [TEST_STEP][PASSED] - click(findTestObject("Page_KiboPush  Dashboard/span_Broadcasts")): Object: 'Object Repository/Page_KiboPush  Dashboard/span_Broadcasts' is clicked on

2019-04-21 02:28:14 - [MESSAGE][PASSED] - Object: 'Object Repository/Page_KiboPush  Dashboard/span_Broadcasts' is clicked on

2019-04-21 02:28:14 - [TEST_STEP][PASSED] - delay(1): Delayed 1 second(s)

2019-04-21 02:28:15 - [MESSAGE][PASSED] - Delayed 1 second(s)

2019-04-21 02:28:15 - [TEST_STEP][PASSED] - click(findTestObject("Page_KiboPush  Dashboard/span_Templates")): Object: 'Object Repository/Page_KiboPush  Dashboard/span_Templates' is clicked on

2019-04-21 02:28:15 - [MESSAGE][PASSED] - Object: 'Object Repository/Page_KiboPush  Dashboard/span_Templates' is clicked on

2019-04-21 02:28:15 - [TEST_STEP][PASSED] - delay(3): Delayed 3 second(s)

2019-04-21 02:28:18 - [MESSAGE][PASSED] - Delayed 3 second(s)

2019-04-21 02:28:18 - [TEST_STEP][PASSED] - scrollToPosition(0, 0): Browser is scrolled to position x = 0, y = 0

2019-04-21 02:28:18 - [MESSAGE][PASSED] - Browser is scrolled to position x = 0, y = 0

2019-04-21 02:28:18 - [TEST_STEP][PASSED] - click(findTestObject("Object Repository/Page_KiboEngage  Templates/h3_Templates")): Object: 'Object Repository/Page_KiboEngage  Templates/h3_Templates' is clicked on

2019-04-21 02:28:18 - [MESSAGE][PASSED] - Object: 'Object Repository/Page_KiboEngage  Templates/h3_Templates' is clicked on

2019-04-21 02:28:18 - [TEST_STEP][PASSED] - delay(3): Delayed 3 second(s)

2019-04-21 02:28:21 - [MESSAGE][PASSED] - Delayed 3 second(s)

2019-04-21 02:28:21 - [MESSAGE][PASSED] - Call Test Case 'Test Cases/s-sidebar_navigation/individualAccount/Template' successfully

2019-04-21 02:28:21 - [TEST_STEP][PASSED] - click(findTestObject("Object Repository/Page_KiboPush  Dashboard/button_Create New")): Object: 'Object Repository/Page_KiboPush  Dashboard/button_Create New' is clicked on

2019-04-21 02:28:21 - [MESSAGE][PASSED] - Object: 'Object Repository/Page_KiboPush  Dashboard/button_Create New' is clicked on

2019-04-21 02:28:21 - [TEST_STEP][PASSED] - click(findTestObject("Object Repository/Page_KiboPush  Create Broadcast Tem/h3_Create Broadcast Template")): Object: 'Object Repository/Page_KiboPush  Create Broadcast Tem/h3_Create Broadcast Template' is clicked on

2019-04-21 02:28:22 - [MESSAGE][PASSED] - Object: 'Object Repository/Page_KiboPush  Create Broadcast Tem/h3_Create Broadcast Template' is clicked on

2019-04-21 02:28:22 - [MESSAGE][PASSED] - Call Test Case 'Test Cases/Template testcases/TC0768' successfully

2019-04-21 02:28:22 - [TEST_STEP][PASSED] - click(findTestObject("Page_KiboPush  Create Broadcast Tem/h6_Card (1)")): Object: 'Object Repository/Page_KiboPush  Create Broadcast Tem/h6_Card (1)' is clicked on

2019-04-21 02:28:22 - [MESSAGE][PASSED] - Object: 'Object Repository/Page_KiboPush  Create Broadcast Tem/h6_Card (1)' is clicked on

2019-04-21 02:28:22 - [TEST_STEP][PASSED] - click(findTestObject("Object Repository/Page_KiboEngage  Create Broadcast Template/div_New card component added")): Object: 'Object Repository/Page_KiboEngage  Create Broadcast Template/div_New card component added' is clicked on

2019-04-21 02:28:22 - [MESSAGE][PASSED] - Object: 'Object Repository/Page_KiboEngage  Create Broadcast Template/div_New card component added' is clicked on

2019-04-21 02:28:22 - [MESSAGE][PASSED] - Call Test Case 'Test Cases/Template testcases/TC0779' successfully

2019-04-21 02:28:22 - [TEST_STEP][PASSED] - img = getProjectDir() + "/sample.jpg": null

2019-04-21 02:28:22 - [TEST_STEP][FAILED] - uploadFile(findTestObject("Page_KiboPush  Create Broadcast Tem/img"), img): Unable to upload file '/home/faizan/Drive/KiboPush_Automated_Testing/KiboPush Katalon/sample.jpg' to object 'Object Repository/Page_KiboPush  Create Broadcast Tem/img' (Root cause: com.kms.katalon.core.exception.StepFailedException: Unable to upload file '/home/faizan/Drive/KiboPush_Automated_Testing/KiboPush Katalon/sample.jpg' to object 'Object Repository/Page_KiboPush  Create Broadcast Tem/img'
	at com.kms.katalon.core.webui.keyword.internal.WebUIKeywordMain.stepFailed(WebUIKeywordMain.groovy:64)
	at com.kms.katalon.core.webui.keyword.internal.WebUIKeywordMain.runKeyword(WebUIKeywordMain.groovy:26)
	at com.kms.katalon.core.webui.keyword.builtin.UploadFileKeyword.uploadFile(UploadFileKeyword.groovy:87)
	at com.kms.katalon.core.webui.keyword.builtin.UploadFileKeyword.execute(UploadFileKeyword.groovy:68)
	at com.kms.katalon.core.keyword.internal.KeywordExecutor.executeKeywordForPlatform(KeywordExecutor.groovy:56)
	at com.kms.katalon.core.webui.keyword.WebUiBuiltInKeywords.uploadFile(WebUiBuiltInKeywords.groovy:2945)
	at com.kms.katalon.core.webui.keyword.WebUiBuiltInKeywords$uploadFile$8.call(Unknown Source)
	at TC0783.run(TC0783:32)
	at com.kms.katalon.core.main.ScriptEngine.run(ScriptEngine.java:194)
	at com.kms.katalon.core.main.ScriptEngine.runScriptAsRawText(ScriptEngine.java:119)
	at com.kms.katalon.core.main.TestCaseExecutor.runScript(TestCaseExecutor.java:336)
	at com.kms.katalon.core.main.TestCaseExecutor.doExecute(TestCaseExecutor.java:327)
	at com.kms.katalon.core.main.TestCaseExecutor.processExecutionPhase(TestCaseExecutor.java:306)
	at com.kms.katalon.core.main.TestCaseExecutor.accessMainPhase(TestCaseExecutor.java:298)
	at com.kms.katalon.core.main.TestCaseExecutor.execute(TestCaseExecutor.java:232)
	at com.kms.katalon.core.main.TestSuiteExecutor.accessTestCaseMainPhase(TestSuiteExecutor.java:129)
	at com.kms.katalon.core.main.TestSuiteExecutor.accessTestSuiteMainPhase(TestSuiteExecutor.java:112)
	at com.kms.katalon.core.main.TestSuiteExecutor.execute(TestSuiteExecutor.java:81)
	at com.kms.katalon.core.main.TestCaseMain.startTestSuite(TestCaseMain.java:157)
	at com.kms.katalon.core.main.TestCaseMain$startTestSuite$0.call(Unknown Source)
	at TempTestSuite1555795243480.run(TempTestSuite1555795243480.groovy:35)
Caused by: com.kms.katalon.core.webui.exception.WebElementNotFoundException: Web element with id: 'Object Repository/Page_KiboPush  Create Broadcast Tem/img' located by 'By.xpath: //*[@id="List1"]/div/div/div[3]/div/input' not found
	at com.kms.katalon.core.webui.common.WebUiCommonHelper.findWebElement(WebUiCommonHelper.java:1097)
	at com.kms.katalon.core.webui.keyword.internal.WebUIAbstractKeyword.findWebElement(WebUIAbstractKeyword.groovy:27)
	at com.kms.katalon.core.webui.keyword.internal.WebUIAbstractKeyword.findWebElement(WebUIAbstractKeyword.groovy:26)
	at com.kms.katalon.core.webui.keyword.builtin.UploadFileKeyword$_uploadFile_closure1.doCall(UploadFileKeyword.groovy:79)
	at com.kms.katalon.core.webui.keyword.builtin.UploadFileKeyword$_uploadFile_closure1.call(UploadFileKeyword.groovy)
	at com.kms.katalon.core.webui.keyword.internal.WebUIKeywordMain.runKeyword(WebUIKeywordMain.groovy:20)
	at com.kms.katalon.core.webui.keyword.builtin.UploadFileKeyword.uploadFile(UploadFileKeyword.groovy:87)
	at com.kms.katalon.core.webui.keyword.builtin.UploadFileKeyword.execute(UploadFileKeyword.groovy:68)
	at com.kms.katalon.core.keyword.internal.KeywordExecutor.executeKeywordForPlatform(KeywordExecutor.groovy:56)
	at com.kms.katalon.core.webui.keyword.WebUiBuiltInKeywords.uploadFile(WebUiBuiltInKeywords.groovy:2945)
	at com.kms.katalon.core.webui.keyword.WebUiBuiltInKeywords$uploadFile$8.call(Unknown Source)
	at Script1537072633287.run(Script1537072633287.groovy:32)
	... 13 more
)

2019-04-21 02:28:53 - [MESSAGE][INFO] - Unable to find the element located by 'By.xpath: //*[@id="List1"]/div/div/div[3]/div/input'. Please recheck the objects properties to make sure the desired element is located. 

2019-04-21 02:28:53 - [MESSAGE][FAILED] - Unable to upload file '/home/faizan/Drive/KiboPush_Automated_Testing/KiboPush Katalon/sample.jpg' to object 'Object Repository/Page_KiboPush  Create Broadcast Tem/img' (Root cause: com.kms.katalon.core.exception.StepFailedException: Unable to upload file '/home/faizan/Drive/KiboPush_Automated_Testing/KiboPush Katalon/sample.jpg' to object 'Object Repository/Page_KiboPush  Create Broadcast Tem/img'
	at com.kms.katalon.core.webui.keyword.internal.WebUIKeywordMain.stepFailed(WebUIKeywordMain.groovy:64)
	at com.kms.katalon.core.webui.keyword.internal.WebUIKeywordMain.runKeyword(WebUIKeywordMain.groovy:26)
	at com.kms.katalon.core.webui.keyword.builtin.UploadFileKeyword.uploadFile(UploadFileKeyword.groovy:87)
	at com.kms.katalon.core.webui.keyword.builtin.UploadFileKeyword.execute(UploadFileKeyword.groovy:68)
	at com.kms.katalon.core.keyword.internal.KeywordExecutor.executeKeywordForPlatform(KeywordExecutor.groovy:56)
	at com.kms.katalon.core.webui.keyword.WebUiBuiltInKeywords.uploadFile(WebUiBuiltInKeywords.groovy:2945)
	at com.kms.katalon.core.webui.keyword.WebUiBuiltInKeywords$uploadFile$8.call(Unknown Source)
	at TC0783.run(TC0783:32)
	at com.kms.katalon.core.main.ScriptEngine.run(ScriptEngine.java:194)
	at com.kms.katalon.core.main.ScriptEngine.runScriptAsRawText(ScriptEngine.java:119)
	at com.kms.katalon.core.main.TestCaseExecutor.runScript(TestCaseExecutor.java:336)
	at com.kms.katalon.core.main.TestCaseExecutor.doExecute(TestCaseExecutor.java:327)
	at com.kms.katalon.core.main.TestCaseExecutor.processExecutionPhase(TestCaseExecutor.java:306)
	at com.kms.katalon.core.main.TestCaseExecutor.accessMainPhase(TestCaseExecutor.java:298)
	at com.kms.katalon.core.main.TestCaseExecutor.execute(TestCaseExecutor.java:232)
	at com.kms.katalon.core.main.TestSuiteExecutor.accessTestCaseMainPhase(TestSuiteExecutor.java:129)
	at com.kms.katalon.core.main.TestSuiteExecutor.accessTestSuiteMainPhase(TestSuiteExecutor.java:112)
	at com.kms.katalon.core.main.TestSuiteExecutor.execute(TestSuiteExecutor.java:81)
	at com.kms.katalon.core.main.TestCaseMain.startTestSuite(TestCaseMain.java:157)
	at com.kms.katalon.core.main.TestCaseMain$startTestSuite$0.call(Unknown Source)
	at TempTestSuite1555795243480.run(TempTestSuite1555795243480.groovy:35)
Caused by: com.kms.katalon.core.webui.exception.WebElementNotFoundException: Web element with id: 'Object Repository/Page_KiboPush  Create Broadcast Tem/img' located by 'By.xpath: //*[@id="List1"]/div/div/div[3]/div/input' not found
	at com.kms.katalon.core.webui.common.WebUiCommonHelper.findWebElement(WebUiCommonHelper.java:1097)
	at com.kms.katalon.core.webui.keyword.internal.WebUIAbstractKeyword.findWebElement(WebUIAbstractKeyword.groovy:27)
	at com.kms.katalon.core.webui.keyword.internal.WebUIAbstractKeyword.findWebElement(WebUIAbstractKeyword.groovy:26)
	at com.kms.katalon.core.webui.keyword.builtin.UploadFileKeyword$_uploadFile_closure1.doCall(UploadFileKeyword.groovy:79)
	at com.kms.katalon.core.webui.keyword.builtin.UploadFileKeyword$_uploadFile_closure1.call(UploadFileKeyword.groovy)
	at com.kms.katalon.core.webui.keyword.internal.WebUIKeywordMain.runKeyword(WebUIKeywordMain.groovy:20)
	at com.kms.katalon.core.webui.keyword.builtin.UploadFileKeyword.uploadFile(UploadFileKeyword.groovy:87)
	at com.kms.katalon.core.webui.keyword.builtin.UploadFileKeyword.execute(UploadFileKeyword.groovy:68)
	at com.kms.katalon.core.keyword.internal.KeywordExecutor.executeKeywordForPlatform(KeywordExecutor.groovy:56)
	at com.kms.katalon.core.webui.keyword.WebUiBuiltInKeywords.uploadFile(WebUiBuiltInKeywords.groovy:2945)
	at com.kms.katalon.core.webui.keyword.WebUiBuiltInKeywords$uploadFile$8.call(Unknown Source)
	at Script1537072633287.run(Script1537072633287.groovy:32)
	... 13 more
)
[[ATTACHMENT|/home/faizan/Drive/KiboPush_Automated_Testing/KiboPush Katalon/Reports/Faizan Suits/Template/20190421_022043/1555795733419.png]]]]></system-out>
         <system-err><![CDATA[2019-04-21 02:28:13 - [TEST_CASE][FAILED] - Test Cases/Template testcases/TC0783: Test Cases/Template testcases/TC0783 FAILED.
Reason:
com.kms.katalon.core.exception.StepFailedException: Unable to upload file '/home/faizan/Drive/KiboPush_Automated_Testing/KiboPush Katalon/sample.jpg' to object 'Object Repository/Page_KiboPush  Create Broadcast Tem/img'
	at com.kms.katalon.core.webui.keyword.internal.WebUIKeywordMain.stepFailed(WebUIKeywordMain.groovy:64)
	at com.kms.katalon.core.webui.keyword.internal.WebUIKeywordMain.runKeyword(WebUIKeywordMain.groovy:26)
	at com.kms.katalon.core.webui.keyword.builtin.UploadFileKeyword.uploadFile(UploadFileKeyword.groovy:87)
	at com.kms.katalon.core.webui.keyword.builtin.UploadFileKeyword.execute(UploadFileKeyword.groovy:68)
	at com.kms.katalon.core.keyword.internal.KeywordExecutor.executeKeywordForPlatform(KeywordExecutor.groovy:56)
	at com.kms.katalon.core.webui.keyword.WebUiBuiltInKeywords.uploadFile(WebUiBuiltInKeywords.groovy:2945)
	at com.kms.katalon.core.webui.keyword.WebUiBuiltInKeywords$uploadFile$8.call(Unknown Source)
	at TC0783.run(TC0783:32)
	at com.kms.katalon.core.main.ScriptEngine.run(ScriptEngine.java:194)
	at com.kms.katalon.core.main.ScriptEngine.runScriptAsRawText(ScriptEngine.java:119)
	at com.kms.katalon.core.main.TestCaseExecutor.runScript(TestCaseExecutor.java:336)
	at com.kms.katalon.core.main.TestCaseExecutor.doExecute(TestCaseExecutor.java:327)
	at com.kms.katalon.core.main.TestCaseExecutor.processExecutionPhase(TestCaseExecutor.java:306)
	at com.kms.katalon.core.main.TestCaseExecutor.accessMainPhase(TestCaseExecutor.java:298)
	at com.kms.katalon.core.main.TestCaseExecutor.execute(TestCaseExecutor.java:232)
	at com.kms.katalon.core.main.TestSuiteExecutor.accessTestCaseMainPhase(TestSuiteExecutor.java:129)
	at com.kms.katalon.core.main.TestSuiteExecutor.accessTestSuiteMainPhase(TestSuiteExecutor.java:112)
	at com.kms.katalon.core.main.TestSuiteExecutor.execute(TestSuiteExecutor.java:81)
	at com.kms.katalon.core.main.TestCaseMain.startTestSuite(TestCaseMain.java:157)
	at com.kms.katalon.core.main.TestCaseMain$startTestSuite$0.call(Unknown Source)
	at TempTestSuite1555795243480.run(TempTestSuite1555795243480.groovy:35)
Caused by: com.kms.katalon.core.webui.exception.WebElementNotFoundException: Web element with id: 'Object Repository/Page_KiboPush  Create Broadcast Tem/img' located by 'By.xpath: //*[@id="List1"]/div/div/div[3]/div/input' not found
	at com.kms.katalon.core.webui.common.WebUiCommonHelper.findWebElement(WebUiCommonHelper.java:1097)
	at com.kms.katalon.core.webui.keyword.internal.WebUIAbstractKeyword.findWebElement(WebUIAbstractKeyword.groovy:27)
	at com.kms.katalon.core.webui.keyword.internal.WebUIAbstractKeyword.findWebElement(WebUIAbstractKeyword.groovy:26)
	at com.kms.katalon.core.webui.keyword.builtin.UploadFileKeyword$_uploadFile_closure1.doCall(UploadFileKeyword.groovy:79)
	at com.kms.katalon.core.webui.keyword.builtin.UploadFileKeyword$_uploadFile_closure1.call(UploadFileKeyword.groovy)
	at com.kms.katalon.core.webui.keyword.internal.WebUIKeywordMain.runKeyword(WebUIKeywordMain.groovy:20)
	at com.kms.katalon.core.webui.keyword.builtin.UploadFileKeyword.uploadFile(UploadFileKeyword.groovy:87)
	at com.kms.katalon.core.webui.keyword.builtin.UploadFileKeyword.execute(UploadFileKeyword.groovy:68)
	at com.kms.katalon.core.keyword.internal.KeywordExecutor.executeKeywordForPlatform(KeywordExecutor.groovy:56)
	at com.kms.katalon.core.webui.keyword.WebUiBuiltInKeywords.uploadFile(WebUiBuiltInKeywords.groovy:2945)
	at com.kms.katalon.core.webui.keyword.WebUiBuiltInKeywords$uploadFile$8.call(Unknown Source)
	at Script1537072633287.run(Script1537072633287.groovy:32)
	... 13 more]]></system-err>
      </testcase>
      <testcase name="Test Cases/Template testcases/TC0784" classname="Test Cases/Template testcases/TC0784" status="FAILED">
         <failure type="FAILED" message="Test Cases/Template testcases/TC0784 FAILED.
Reason:
com.kms.katalon.core.exception.StepFailedException: Unable to upload file '/home/faizan/Drive/KiboPush_Automated_Testing/KiboPush Katalon/sample.jpg' to object 'Object Repository/Page_KiboPush  Create Broadcast Tem/img'
	at com.kms.katalon.core.webui.keyword.internal.WebUIKeywordMain.stepFailed(WebUIKeywordMain.groovy:64)
	at com.kms.katalon.core.webui.keyword.internal.WebUIKeywordMain.runKeyword(WebUIKeywordMain.groovy:26)
	at com.kms.katalon.core.webui.keyword.builtin.UploadFileKeyword.uploadFile(UploadFileKeyword.groovy:87)
	at com.kms.katalon.core.webui.keyword.builtin.UploadFileKeyword.execute(UploadFileKeyword.groovy:68)
	at com.kms.katalon.core.keyword.internal.KeywordExecutor.executeKeywordForPlatform(KeywordExecutor.groovy:56)
	at com.kms.katalon.core.webui.keyword.WebUiBuiltInKeywords.uploadFile(WebUiBuiltInKeywords.groovy:2945)
	at com.kms.katalon.core.webui.keyword.WebUiBuiltInKeywords$uploadFile$8.call(Unknown Source)
	at TC0784.run(TC0784:27)
	at com.kms.katalon.core.main.ScriptEngine.run(ScriptEngine.java:194)
	at com.kms.katalon.core.main.ScriptEngine.runScriptAsRawText(ScriptEngine.java:119)
	at com.kms.katalon.core.main.TestCaseExecutor.runScript(TestCaseExecutor.java:336)
	at com.kms.katalon.core.main.TestCaseExecutor.doExecute(TestCaseExecutor.java:327)
	at com.kms.katalon.core.main.TestCaseExecutor.processExecutionPhase(TestCaseExecutor.java:306)
	at com.kms.katalon.core.main.TestCaseExecutor.accessMainPhase(TestCaseExecutor.java:298)
	at com.kms.katalon.core.main.TestCaseExecutor.execute(TestCaseExecutor.java:232)
	at com.kms.katalon.core.main.TestSuiteExecutor.accessTestCaseMainPhase(TestSuiteExecutor.java:129)
	at com.kms.katalon.core.main.TestSuiteExecutor.accessTestSuiteMainPhase(TestSuiteExecutor.java:112)
	at com.kms.katalon.core.main.TestSuiteExecutor.execute(TestSuiteExecutor.java:81)
	at com.kms.katalon.core.main.TestCaseMain.startTestSuite(TestCaseMain.java:157)
	at com.kms.katalon.core.main.TestCaseMain$startTestSuite$0.call(Unknown Source)
	at TempTestSuite1555795243480.run(TempTestSuite1555795243480.groovy:35)
Caused by: com.kms.katalon.core.webui.exception.WebElementNotFoundException: Web element with id: 'Object Repository/Page_KiboPush  Create Broadcast Tem/img' located by 'By.xpath: //*[@id=&quot;List1&quot;]/div/div/div[3]/div/input' not found
	at com.kms.katalon.core.webui.common.WebUiCommonHelper.findWebElement(WebUiCommonHelper.java:1097)
	at com.kms.katalon.core.webui.keyword.internal.WebUIAbstractKeyword.findWebElement(WebUIAbstractKeyword.groovy:27)
	at com.kms.katalon.core.webui.keyword.internal.WebUIAbstractKeyword.findWebElement(WebUIAbstractKeyword.groovy:26)
	at com.kms.katalon.core.webui.keyword.builtin.UploadFileKeyword$_uploadFile_closure1.doCall(UploadFileKeyword.groovy:79)
	at com.kms.katalon.core.webui.keyword.builtin.UploadFileKeyword$_uploadFile_closure1.call(UploadFileKeyword.groovy)
	at com.kms.katalon.core.webui.keyword.internal.WebUIKeywordMain.runKeyword(WebUIKeywordMain.groovy:20)
	at com.kms.katalon.core.webui.keyword.builtin.UploadFileKeyword.uploadFile(UploadFileKeyword.groovy:87)
	at com.kms.katalon.core.webui.keyword.builtin.UploadFileKeyword.execute(UploadFileKeyword.groovy:68)
	at com.kms.katalon.core.keyword.internal.KeywordExecutor.executeKeywordForPlatform(KeywordExecutor.groovy:56)
	at com.kms.katalon.core.webui.keyword.WebUiBuiltInKeywords.uploadFile(WebUiBuiltInKeywords.groovy:2945)
	at com.kms.katalon.core.webui.keyword.WebUiBuiltInKeywords$uploadFile$8.call(Unknown Source)
	at Script1537072998914.run(Script1537072998914.groovy:27)
	... 13 more
"/>
         <system-out><![CDATA[2019-04-21 02:28:53 - [TEST_CASE][FAILED] - Test Cases/Template testcases/TC0784: Test Cases/Template testcases/TC0784 FAILED.
Reason:
com.kms.katalon.core.exception.StepFailedException: Unable to upload file '/home/faizan/Drive/KiboPush_Automated_Testing/KiboPush Katalon/sample.jpg' to object 'Object Repository/Page_KiboPush  Create Broadcast Tem/img'
	at com.kms.katalon.core.webui.keyword.internal.WebUIKeywordMain.stepFailed(WebUIKeywordMain.groovy:64)
	at com.kms.katalon.core.webui.keyword.internal.WebUIKeywordMain.runKeyword(WebUIKeywordMain.groovy:26)
	at com.kms.katalon.core.webui.keyword.builtin.UploadFileKeyword.uploadFile(UploadFileKeyword.groovy:87)
	at com.kms.katalon.core.webui.keyword.builtin.UploadFileKeyword.execute(UploadFileKeyword.groovy:68)
	at com.kms.katalon.core.keyword.internal.KeywordExecutor.executeKeywordForPlatform(KeywordExecutor.groovy:56)
	at com.kms.katalon.core.webui.keyword.WebUiBuiltInKeywords.uploadFile(WebUiBuiltInKeywords.groovy:2945)
	at com.kms.katalon.core.webui.keyword.WebUiBuiltInKeywords$uploadFile$8.call(Unknown Source)
	at TC0784.run(TC0784:27)
	at com.kms.katalon.core.main.ScriptEngine.run(ScriptEngine.java:194)
	at com.kms.katalon.core.main.ScriptEngine.runScriptAsRawText(ScriptEngine.java:119)
	at com.kms.katalon.core.main.TestCaseExecutor.runScript(TestCaseExecutor.java:336)
	at com.kms.katalon.core.main.TestCaseExecutor.doExecute(TestCaseExecutor.java:327)
	at com.kms.katalon.core.main.TestCaseExecutor.processExecutionPhase(TestCaseExecutor.java:306)
	at com.kms.katalon.core.main.TestCaseExecutor.accessMainPhase(TestCaseExecutor.java:298)
	at com.kms.katalon.core.main.TestCaseExecutor.execute(TestCaseExecutor.java:232)
	at com.kms.katalon.core.main.TestSuiteExecutor.accessTestCaseMainPhase(TestSuiteExecutor.java:129)
	at com.kms.katalon.core.main.TestSuiteExecutor.accessTestSuiteMainPhase(TestSuiteExecutor.java:112)
	at com.kms.katalon.core.main.TestSuiteExecutor.execute(TestSuiteExecutor.java:81)
	at com.kms.katalon.core.main.TestCaseMain.startTestSuite(TestCaseMain.java:157)
	at com.kms.katalon.core.main.TestCaseMain$startTestSuite$0.call(Unknown Source)
	at TempTestSuite1555795243480.run(TempTestSuite1555795243480.groovy:35)
Caused by: com.kms.katalon.core.webui.exception.WebElementNotFoundException: Web element with id: 'Object Repository/Page_KiboPush  Create Broadcast Tem/img' located by 'By.xpath: //*[@id="List1"]/div/div/div[3]/div/input' not found
	at com.kms.katalon.core.webui.common.WebUiCommonHelper.findWebElement(WebUiCommonHelper.java:1097)
	at com.kms.katalon.core.webui.keyword.internal.WebUIAbstractKeyword.findWebElement(WebUIAbstractKeyword.groovy:27)
	at com.kms.katalon.core.webui.keyword.internal.WebUIAbstractKeyword.findWebElement(WebUIAbstractKeyword.groovy:26)
	at com.kms.katalon.core.webui.keyword.builtin.UploadFileKeyword$_uploadFile_closure1.doCall(UploadFileKeyword.groovy:79)
	at com.kms.katalon.core.webui.keyword.builtin.UploadFileKeyword$_uploadFile_closure1.call(UploadFileKeyword.groovy)
	at com.kms.katalon.core.webui.keyword.internal.WebUIKeywordMain.runKeyword(WebUIKeywordMain.groovy:20)
	at com.kms.katalon.core.webui.keyword.builtin.UploadFileKeyword.uploadFile(UploadFileKeyword.groovy:87)
	at com.kms.katalon.core.webui.keyword.builtin.UploadFileKeyword.execute(UploadFileKeyword.groovy:68)
	at com.kms.katalon.core.keyword.internal.KeywordExecutor.executeKeywordForPlatform(KeywordExecutor.groovy:56)
	at com.kms.katalon.core.webui.keyword.WebUiBuiltInKeywords.uploadFile(WebUiBuiltInKeywords.groovy:2945)
	at com.kms.katalon.core.webui.keyword.WebUiBuiltInKeywords$uploadFile$8.call(Unknown Source)
	at Script1537072998914.run(Script1537072998914.groovy:27)
	... 13 more


2019-04-21 02:28:53 - [TEST_STEP][PASSED] - callTestCase(findTestCase("Template testcases/TC0779"), [:], STOP_ON_FAILURE): Call Test Case 'Test Cases/Template testcases/TC0779' successfully

2019-04-21 02:28:53 - [TEST_CASE][PASSED] - Test Cases/Template testcases/TC0779: Test Cases/Template testcases/TC0779

2019-04-21 02:28:53 - [TEST_STEP][PASSED] - callTestCase(findTestCase("Template testcases/TC0768"), [:], STOP_ON_FAILURE): Call Test Case 'Test Cases/Template testcases/TC0768' successfully

2019-04-21 02:28:54 - [TEST_CASE][PASSED] - Test Cases/Template testcases/TC0768: Test Cases/Template testcases/TC0768

2019-04-21 02:28:54 - [TEST_STEP][PASSED] - callTestCase(findTestCase("s-sidebar_navigation/individualAccount/Template"), [:], STOP_ON_FAILURE): Call Test Case 'Test Cases/s-sidebar_navigation/individualAccount/Template' successfully

2019-04-21 02:28:54 - [TEST_CASE][PASSED] - Test Cases/s-sidebar_navigation/individualAccount/Template: Test Cases/s-sidebar_navigation/individualAccount/Template

2019-04-21 02:28:54 - [TEST_STEP][PASSED] - click(findTestObject("Page_KiboPush  Dashboard/span_Broadcasts")): Object: 'Object Repository/Page_KiboPush  Dashboard/span_Broadcasts' is clicked on

2019-04-21 02:28:54 - [MESSAGE][PASSED] - Object: 'Object Repository/Page_KiboPush  Dashboard/span_Broadcasts' is clicked on

2019-04-21 02:28:54 - [TEST_STEP][PASSED] - delay(1): Delayed 1 second(s)

2019-04-21 02:28:55 - [MESSAGE][PASSED] - Delayed 1 second(s)

2019-04-21 02:28:55 - [TEST_STEP][PASSED] - click(findTestObject("Page_KiboPush  Dashboard/span_Templates")): Object: 'Object Repository/Page_KiboPush  Dashboard/span_Templates' is clicked on

2019-04-21 02:28:55 - [MESSAGE][PASSED] - Object: 'Object Repository/Page_KiboPush  Dashboard/span_Templates' is clicked on

2019-04-21 02:28:55 - [TEST_STEP][PASSED] - delay(3): Delayed 3 second(s)

2019-04-21 02:28:58 - [MESSAGE][PASSED] - Delayed 3 second(s)

2019-04-21 02:28:58 - [TEST_STEP][PASSED] - scrollToPosition(0, 0): Browser is scrolled to position x = 0, y = 0

2019-04-21 02:28:58 - [MESSAGE][PASSED] - Browser is scrolled to position x = 0, y = 0

2019-04-21 02:28:58 - [TEST_STEP][PASSED] - click(findTestObject("Object Repository/Page_KiboEngage  Templates/h3_Templates")): Object: 'Object Repository/Page_KiboEngage  Templates/h3_Templates' is clicked on

2019-04-21 02:28:58 - [MESSAGE][PASSED] - Object: 'Object Repository/Page_KiboEngage  Templates/h3_Templates' is clicked on

2019-04-21 02:28:58 - [TEST_STEP][PASSED] - delay(3): Delayed 3 second(s)

2019-04-21 02:29:01 - [MESSAGE][PASSED] - Delayed 3 second(s)

2019-04-21 02:29:01 - [MESSAGE][PASSED] - Call Test Case 'Test Cases/s-sidebar_navigation/individualAccount/Template' successfully

2019-04-21 02:29:01 - [TEST_STEP][PASSED] - click(findTestObject("Object Repository/Page_KiboPush  Dashboard/button_Create New")): Object: 'Object Repository/Page_KiboPush  Dashboard/button_Create New' is clicked on

2019-04-21 02:29:01 - [MESSAGE][PASSED] - Object: 'Object Repository/Page_KiboPush  Dashboard/button_Create New' is clicked on

2019-04-21 02:29:01 - [TEST_STEP][PASSED] - click(findTestObject("Object Repository/Page_KiboPush  Create Broadcast Tem/h3_Create Broadcast Template")): Object: 'Object Repository/Page_KiboPush  Create Broadcast Tem/h3_Create Broadcast Template' is clicked on

2019-04-21 02:29:02 - [MESSAGE][PASSED] - Object: 'Object Repository/Page_KiboPush  Create Broadcast Tem/h3_Create Broadcast Template' is clicked on

2019-04-21 02:29:02 - [MESSAGE][PASSED] - Call Test Case 'Test Cases/Template testcases/TC0768' successfully

2019-04-21 02:29:02 - [TEST_STEP][PASSED] - click(findTestObject("Page_KiboPush  Create Broadcast Tem/h6_Card (1)")): Object: 'Object Repository/Page_KiboPush  Create Broadcast Tem/h6_Card (1)' is clicked on

2019-04-21 02:29:02 - [MESSAGE][PASSED] - Object: 'Object Repository/Page_KiboPush  Create Broadcast Tem/h6_Card (1)' is clicked on

2019-04-21 02:29:02 - [TEST_STEP][PASSED] - click(findTestObject("Object Repository/Page_KiboEngage  Create Broadcast Template/div_New card component added")): Object: 'Object Repository/Page_KiboEngage  Create Broadcast Template/div_New card component added' is clicked on

2019-04-21 02:29:02 - [MESSAGE][PASSED] - Object: 'Object Repository/Page_KiboEngage  Create Broadcast Template/div_New card component added' is clicked on

2019-04-21 02:29:02 - [MESSAGE][PASSED] - Call Test Case 'Test Cases/Template testcases/TC0779' successfully

2019-04-21 02:29:02 - [TEST_STEP][PASSED] - img = getProjectDir() + "/sample.jpg": null

2019-04-21 02:29:02 - [TEST_STEP][FAILED] - uploadFile(findTestObject("Page_KiboPush  Create Broadcast Tem/img"), img): Unable to upload file '/home/faizan/Drive/KiboPush_Automated_Testing/KiboPush Katalon/sample.jpg' to object 'Object Repository/Page_KiboPush  Create Broadcast Tem/img' (Root cause: com.kms.katalon.core.exception.StepFailedException: Unable to upload file '/home/faizan/Drive/KiboPush_Automated_Testing/KiboPush Katalon/sample.jpg' to object 'Object Repository/Page_KiboPush  Create Broadcast Tem/img'
	at com.kms.katalon.core.webui.keyword.internal.WebUIKeywordMain.stepFailed(WebUIKeywordMain.groovy:64)
	at com.kms.katalon.core.webui.keyword.internal.WebUIKeywordMain.runKeyword(WebUIKeywordMain.groovy:26)
	at com.kms.katalon.core.webui.keyword.builtin.UploadFileKeyword.uploadFile(UploadFileKeyword.groovy:87)
	at com.kms.katalon.core.webui.keyword.builtin.UploadFileKeyword.execute(UploadFileKeyword.groovy:68)
	at com.kms.katalon.core.keyword.internal.KeywordExecutor.executeKeywordForPlatform(KeywordExecutor.groovy:56)
	at com.kms.katalon.core.webui.keyword.WebUiBuiltInKeywords.uploadFile(WebUiBuiltInKeywords.groovy:2945)
	at com.kms.katalon.core.webui.keyword.WebUiBuiltInKeywords$uploadFile$8.call(Unknown Source)
	at TC0784.run(TC0784:27)
	at com.kms.katalon.core.main.ScriptEngine.run(ScriptEngine.java:194)
	at com.kms.katalon.core.main.ScriptEngine.runScriptAsRawText(ScriptEngine.java:119)
	at com.kms.katalon.core.main.TestCaseExecutor.runScript(TestCaseExecutor.java:336)
	at com.kms.katalon.core.main.TestCaseExecutor.doExecute(TestCaseExecutor.java:327)
	at com.kms.katalon.core.main.TestCaseExecutor.processExecutionPhase(TestCaseExecutor.java:306)
	at com.kms.katalon.core.main.TestCaseExecutor.accessMainPhase(TestCaseExecutor.java:298)
	at com.kms.katalon.core.main.TestCaseExecutor.execute(TestCaseExecutor.java:232)
	at com.kms.katalon.core.main.TestSuiteExecutor.accessTestCaseMainPhase(TestSuiteExecutor.java:129)
	at com.kms.katalon.core.main.TestSuiteExecutor.accessTestSuiteMainPhase(TestSuiteExecutor.java:112)
	at com.kms.katalon.core.main.TestSuiteExecutor.execute(TestSuiteExecutor.java:81)
	at com.kms.katalon.core.main.TestCaseMain.startTestSuite(TestCaseMain.java:157)
	at com.kms.katalon.core.main.TestCaseMain$startTestSuite$0.call(Unknown Source)
	at TempTestSuite1555795243480.run(TempTestSuite1555795243480.groovy:35)
Caused by: com.kms.katalon.core.webui.exception.WebElementNotFoundException: Web element with id: 'Object Repository/Page_KiboPush  Create Broadcast Tem/img' located by 'By.xpath: //*[@id="List1"]/div/div/div[3]/div/input' not found
	at com.kms.katalon.core.webui.common.WebUiCommonHelper.findWebElement(WebUiCommonHelper.java:1097)
	at com.kms.katalon.core.webui.keyword.internal.WebUIAbstractKeyword.findWebElement(WebUIAbstractKeyword.groovy:27)
	at com.kms.katalon.core.webui.keyword.internal.WebUIAbstractKeyword.findWebElement(WebUIAbstractKeyword.groovy:26)
	at com.kms.katalon.core.webui.keyword.builtin.UploadFileKeyword$_uploadFile_closure1.doCall(UploadFileKeyword.groovy:79)
	at com.kms.katalon.core.webui.keyword.builtin.UploadFileKeyword$_uploadFile_closure1.call(UploadFileKeyword.groovy)
	at com.kms.katalon.core.webui.keyword.internal.WebUIKeywordMain.runKeyword(WebUIKeywordMain.groovy:20)
	at com.kms.katalon.core.webui.keyword.builtin.UploadFileKeyword.uploadFile(UploadFileKeyword.groovy:87)
	at com.kms.katalon.core.webui.keyword.builtin.UploadFileKeyword.execute(UploadFileKeyword.groovy:68)
	at com.kms.katalon.core.keyword.internal.KeywordExecutor.executeKeywordForPlatform(KeywordExecutor.groovy:56)
	at com.kms.katalon.core.webui.keyword.WebUiBuiltInKeywords.uploadFile(WebUiBuiltInKeywords.groovy:2945)
	at com.kms.katalon.core.webui.keyword.WebUiBuiltInKeywords$uploadFile$8.call(Unknown Source)
	at Script1537072998914.run(Script1537072998914.groovy:27)
	... 13 more
)

2019-04-21 02:29:33 - [MESSAGE][INFO] - Unable to find the element located by 'By.xpath: //*[@id="List1"]/div/div/div[3]/div/input'. Please recheck the objects properties to make sure the desired element is located. 

2019-04-21 02:29:33 - [MESSAGE][FAILED] - Unable to upload file '/home/faizan/Drive/KiboPush_Automated_Testing/KiboPush Katalon/sample.jpg' to object 'Object Repository/Page_KiboPush  Create Broadcast Tem/img' (Root cause: com.kms.katalon.core.exception.StepFailedException: Unable to upload file '/home/faizan/Drive/KiboPush_Automated_Testing/KiboPush Katalon/sample.jpg' to object 'Object Repository/Page_KiboPush  Create Broadcast Tem/img'
	at com.kms.katalon.core.webui.keyword.internal.WebUIKeywordMain.stepFailed(WebUIKeywordMain.groovy:64)
	at com.kms.katalon.core.webui.keyword.internal.WebUIKeywordMain.runKeyword(WebUIKeywordMain.groovy:26)
	at com.kms.katalon.core.webui.keyword.builtin.UploadFileKeyword.uploadFile(UploadFileKeyword.groovy:87)
	at com.kms.katalon.core.webui.keyword.builtin.UploadFileKeyword.execute(UploadFileKeyword.groovy:68)
	at com.kms.katalon.core.keyword.internal.KeywordExecutor.executeKeywordForPlatform(KeywordExecutor.groovy:56)
	at com.kms.katalon.core.webui.keyword.WebUiBuiltInKeywords.uploadFile(WebUiBuiltInKeywords.groovy:2945)
	at com.kms.katalon.core.webui.keyword.WebUiBuiltInKeywords$uploadFile$8.call(Unknown Source)
	at TC0784.run(TC0784:27)
	at com.kms.katalon.core.main.ScriptEngine.run(ScriptEngine.java:194)
	at com.kms.katalon.core.main.ScriptEngine.runScriptAsRawText(ScriptEngine.java:119)
	at com.kms.katalon.core.main.TestCaseExecutor.runScript(TestCaseExecutor.java:336)
	at com.kms.katalon.core.main.TestCaseExecutor.doExecute(TestCaseExecutor.java:327)
	at com.kms.katalon.core.main.TestCaseExecutor.processExecutionPhase(TestCaseExecutor.java:306)
	at com.kms.katalon.core.main.TestCaseExecutor.accessMainPhase(TestCaseExecutor.java:298)
	at com.kms.katalon.core.main.TestCaseExecutor.execute(TestCaseExecutor.java:232)
	at com.kms.katalon.core.main.TestSuiteExecutor.accessTestCaseMainPhase(TestSuiteExecutor.java:129)
	at com.kms.katalon.core.main.TestSuiteExecutor.accessTestSuiteMainPhase(TestSuiteExecutor.java:112)
	at com.kms.katalon.core.main.TestSuiteExecutor.execute(TestSuiteExecutor.java:81)
	at com.kms.katalon.core.main.TestCaseMain.startTestSuite(TestCaseMain.java:157)
	at com.kms.katalon.core.main.TestCaseMain$startTestSuite$0.call(Unknown Source)
	at TempTestSuite1555795243480.run(TempTestSuite1555795243480.groovy:35)
Caused by: com.kms.katalon.core.webui.exception.WebElementNotFoundException: Web element with id: 'Object Repository/Page_KiboPush  Create Broadcast Tem/img' located by 'By.xpath: //*[@id="List1"]/div/div/div[3]/div/input' not found
	at com.kms.katalon.core.webui.common.WebUiCommonHelper.findWebElement(WebUiCommonHelper.java:1097)
	at com.kms.katalon.core.webui.keyword.internal.WebUIAbstractKeyword.findWebElement(WebUIAbstractKeyword.groovy:27)
	at com.kms.katalon.core.webui.keyword.internal.WebUIAbstractKeyword.findWebElement(WebUIAbstractKeyword.groovy:26)
	at com.kms.katalon.core.webui.keyword.builtin.UploadFileKeyword$_uploadFile_closure1.doCall(UploadFileKeyword.groovy:79)
	at com.kms.katalon.core.webui.keyword.builtin.UploadFileKeyword$_uploadFile_closure1.call(UploadFileKeyword.groovy)
	at com.kms.katalon.core.webui.keyword.internal.WebUIKeywordMain.runKeyword(WebUIKeywordMain.groovy:20)
	at com.kms.katalon.core.webui.keyword.builtin.UploadFileKeyword.uploadFile(UploadFileKeyword.groovy:87)
	at com.kms.katalon.core.webui.keyword.builtin.UploadFileKeyword.execute(UploadFileKeyword.groovy:68)
	at com.kms.katalon.core.keyword.internal.KeywordExecutor.executeKeywordForPlatform(KeywordExecutor.groovy:56)
	at com.kms.katalon.core.webui.keyword.WebUiBuiltInKeywords.uploadFile(WebUiBuiltInKeywords.groovy:2945)
	at com.kms.katalon.core.webui.keyword.WebUiBuiltInKeywords$uploadFile$8.call(Unknown Source)
	at Script1537072998914.run(Script1537072998914.groovy:27)
	... 13 more
)
[[ATTACHMENT|/home/faizan/Drive/KiboPush_Automated_Testing/KiboPush Katalon/Reports/Faizan Suits/Template/20190421_022043/1555795773507.png]]]]></system-out>
         <system-err><![CDATA[2019-04-21 02:28:53 - [TEST_CASE][FAILED] - Test Cases/Template testcases/TC0784: Test Cases/Template testcases/TC0784 FAILED.
Reason:
com.kms.katalon.core.exception.StepFailedException: Unable to upload file '/home/faizan/Drive/KiboPush_Automated_Testing/KiboPush Katalon/sample.jpg' to object 'Object Repository/Page_KiboPush  Create Broadcast Tem/img'
	at com.kms.katalon.core.webui.keyword.internal.WebUIKeywordMain.stepFailed(WebUIKeywordMain.groovy:64)
	at com.kms.katalon.core.webui.keyword.internal.WebUIKeywordMain.runKeyword(WebUIKeywordMain.groovy:26)
	at com.kms.katalon.core.webui.keyword.builtin.UploadFileKeyword.uploadFile(UploadFileKeyword.groovy:87)
	at com.kms.katalon.core.webui.keyword.builtin.UploadFileKeyword.execute(UploadFileKeyword.groovy:68)
	at com.kms.katalon.core.keyword.internal.KeywordExecutor.executeKeywordForPlatform(KeywordExecutor.groovy:56)
	at com.kms.katalon.core.webui.keyword.WebUiBuiltInKeywords.uploadFile(WebUiBuiltInKeywords.groovy:2945)
	at com.kms.katalon.core.webui.keyword.WebUiBuiltInKeywords$uploadFile$8.call(Unknown Source)
	at TC0784.run(TC0784:27)
	at com.kms.katalon.core.main.ScriptEngine.run(ScriptEngine.java:194)
	at com.kms.katalon.core.main.ScriptEngine.runScriptAsRawText(ScriptEngine.java:119)
	at com.kms.katalon.core.main.TestCaseExecutor.runScript(TestCaseExecutor.java:336)
	at com.kms.katalon.core.main.TestCaseExecutor.doExecute(TestCaseExecutor.java:327)
	at com.kms.katalon.core.main.TestCaseExecutor.processExecutionPhase(TestCaseExecutor.java:306)
	at com.kms.katalon.core.main.TestCaseExecutor.accessMainPhase(TestCaseExecutor.java:298)
	at com.kms.katalon.core.main.TestCaseExecutor.execute(TestCaseExecutor.java:232)
	at com.kms.katalon.core.main.TestSuiteExecutor.accessTestCaseMainPhase(TestSuiteExecutor.java:129)
	at com.kms.katalon.core.main.TestSuiteExecutor.accessTestSuiteMainPhase(TestSuiteExecutor.java:112)
	at com.kms.katalon.core.main.TestSuiteExecutor.execute(TestSuiteExecutor.java:81)
	at com.kms.katalon.core.main.TestCaseMain.startTestSuite(TestCaseMain.java:157)
	at com.kms.katalon.core.main.TestCaseMain$startTestSuite$0.call(Unknown Source)
	at TempTestSuite1555795243480.run(TempTestSuite1555795243480.groovy:35)
Caused by: com.kms.katalon.core.webui.exception.WebElementNotFoundException: Web element with id: 'Object Repository/Page_KiboPush  Create Broadcast Tem/img' located by 'By.xpath: //*[@id="List1"]/div/div/div[3]/div/input' not found
	at com.kms.katalon.core.webui.common.WebUiCommonHelper.findWebElement(WebUiCommonHelper.java:1097)
	at com.kms.katalon.core.webui.keyword.internal.WebUIAbstractKeyword.findWebElement(WebUIAbstractKeyword.groovy:27)
	at com.kms.katalon.core.webui.keyword.internal.WebUIAbstractKeyword.findWebElement(WebUIAbstractKeyword.groovy:26)
	at com.kms.katalon.core.webui.keyword.builtin.UploadFileKeyword$_uploadFile_closure1.doCall(UploadFileKeyword.groovy:79)
	at com.kms.katalon.core.webui.keyword.builtin.UploadFileKeyword$_uploadFile_closure1.call(UploadFileKeyword.groovy)
	at com.kms.katalon.core.webui.keyword.internal.WebUIKeywordMain.runKeyword(WebUIKeywordMain.groovy:20)
	at com.kms.katalon.core.webui.keyword.builtin.UploadFileKeyword.uploadFile(UploadFileKeyword.groovy:87)
	at com.kms.katalon.core.webui.keyword.builtin.UploadFileKeyword.execute(UploadFileKeyword.groovy:68)
	at com.kms.katalon.core.keyword.internal.KeywordExecutor.executeKeywordForPlatform(KeywordExecutor.groovy:56)
	at com.kms.katalon.core.webui.keyword.WebUiBuiltInKeywords.uploadFile(WebUiBuiltInKeywords.groovy:2945)
	at com.kms.katalon.core.webui.keyword.WebUiBuiltInKeywords$uploadFile$8.call(Unknown Source)
	at Script1537072998914.run(Script1537072998914.groovy:27)
	... 13 more]]></system-err>
      </testcase>
      <testcase name="Test Cases/Template testcases/TC0785" classname="Test Cases/Template testcases/TC0785" status="PASSED">
         <system-out><![CDATA[2019-04-21 02:29:33 - [TEST_CASE][PASSED] - Test Cases/Template testcases/TC0785: Test Cases/Template testcases/TC0785

2019-04-21 02:29:33 - [TEST_STEP][PASSED] - callTestCase(findTestCase("Template testcases/TC0779"), [:], STOP_ON_FAILURE): Call Test Case 'Test Cases/Template testcases/TC0779' successfully

2019-04-21 02:29:33 - [TEST_CASE][PASSED] - Test Cases/Template testcases/TC0779: Test Cases/Template testcases/TC0779

2019-04-21 02:29:33 - [TEST_STEP][PASSED] - callTestCase(findTestCase("Template testcases/TC0768"), [:], STOP_ON_FAILURE): Call Test Case 'Test Cases/Template testcases/TC0768' successfully

2019-04-21 02:29:34 - [TEST_CASE][PASSED] - Test Cases/Template testcases/TC0768: Test Cases/Template testcases/TC0768

2019-04-21 02:29:34 - [TEST_STEP][PASSED] - callTestCase(findTestCase("s-sidebar_navigation/individualAccount/Template"), [:], STOP_ON_FAILURE): Call Test Case 'Test Cases/s-sidebar_navigation/individualAccount/Template' successfully

2019-04-21 02:29:34 - [TEST_CASE][PASSED] - Test Cases/s-sidebar_navigation/individualAccount/Template: Test Cases/s-sidebar_navigation/individualAccount/Template

2019-04-21 02:29:34 - [TEST_STEP][PASSED] - click(findTestObject("Page_KiboPush  Dashboard/span_Broadcasts")): Object: 'Object Repository/Page_KiboPush  Dashboard/span_Broadcasts' is clicked on

2019-04-21 02:29:34 - [MESSAGE][PASSED] - Object: 'Object Repository/Page_KiboPush  Dashboard/span_Broadcasts' is clicked on

2019-04-21 02:29:34 - [TEST_STEP][PASSED] - delay(1): Delayed 1 second(s)

2019-04-21 02:29:35 - [MESSAGE][PASSED] - Delayed 1 second(s)

2019-04-21 02:29:35 - [TEST_STEP][PASSED] - click(findTestObject("Page_KiboPush  Dashboard/span_Templates")): Object: 'Object Repository/Page_KiboPush  Dashboard/span_Templates' is clicked on

2019-04-21 02:29:35 - [MESSAGE][PASSED] - Object: 'Object Repository/Page_KiboPush  Dashboard/span_Templates' is clicked on

2019-04-21 02:29:35 - [TEST_STEP][PASSED] - delay(3): Delayed 3 second(s)

2019-04-21 02:29:38 - [MESSAGE][PASSED] - Delayed 3 second(s)

2019-04-21 02:29:38 - [TEST_STEP][PASSED] - scrollToPosition(0, 0): Browser is scrolled to position x = 0, y = 0

2019-04-21 02:29:38 - [MESSAGE][PASSED] - Browser is scrolled to position x = 0, y = 0

2019-04-21 02:29:38 - [TEST_STEP][PASSED] - click(findTestObject("Object Repository/Page_KiboEngage  Templates/h3_Templates")): Object: 'Object Repository/Page_KiboEngage  Templates/h3_Templates' is clicked on

2019-04-21 02:29:38 - [MESSAGE][PASSED] - Object: 'Object Repository/Page_KiboEngage  Templates/h3_Templates' is clicked on

2019-04-21 02:29:38 - [TEST_STEP][PASSED] - delay(3): Delayed 3 second(s)

2019-04-21 02:29:41 - [MESSAGE][PASSED] - Delayed 3 second(s)

2019-04-21 02:29:41 - [MESSAGE][PASSED] - Call Test Case 'Test Cases/s-sidebar_navigation/individualAccount/Template' successfully

2019-04-21 02:29:41 - [TEST_STEP][PASSED] - click(findTestObject("Object Repository/Page_KiboPush  Dashboard/button_Create New")): Object: 'Object Repository/Page_KiboPush  Dashboard/button_Create New' is clicked on

2019-04-21 02:29:41 - [MESSAGE][PASSED] - Object: 'Object Repository/Page_KiboPush  Dashboard/button_Create New' is clicked on

2019-04-21 02:29:41 - [TEST_STEP][PASSED] - click(findTestObject("Object Repository/Page_KiboPush  Create Broadcast Tem/h3_Create Broadcast Template")): Object: 'Object Repository/Page_KiboPush  Create Broadcast Tem/h3_Create Broadcast Template' is clicked on

2019-04-21 02:29:42 - [MESSAGE][PASSED] - Object: 'Object Repository/Page_KiboPush  Create Broadcast Tem/h3_Create Broadcast Template' is clicked on

2019-04-21 02:29:42 - [MESSAGE][PASSED] - Call Test Case 'Test Cases/Template testcases/TC0768' successfully

2019-04-21 02:29:42 - [TEST_STEP][PASSED] - click(findTestObject("Page_KiboPush  Create Broadcast Tem/h6_Card (1)")): Object: 'Object Repository/Page_KiboPush  Create Broadcast Tem/h6_Card (1)' is clicked on

2019-04-21 02:29:42 - [MESSAGE][PASSED] - Object: 'Object Repository/Page_KiboPush  Create Broadcast Tem/h6_Card (1)' is clicked on

2019-04-21 02:29:42 - [TEST_STEP][PASSED] - click(findTestObject("Object Repository/Page_KiboEngage  Create Broadcast Template/div_New card component added")): Object: 'Object Repository/Page_KiboEngage  Create Broadcast Template/div_New card component added' is clicked on

2019-04-21 02:29:42 - [MESSAGE][PASSED] - Object: 'Object Repository/Page_KiboEngage  Create Broadcast Template/div_New card component added' is clicked on

2019-04-21 02:29:42 - [MESSAGE][PASSED] - Call Test Case 'Test Cases/Template testcases/TC0779' successfully

2019-04-21 02:29:42 - [TEST_STEP][PASSED] - click(findTestObject("Page_KiboPush  Create Broadcast Tem/h6_ Add Button (7) (1)")): Object: 'Object Repository/Page_KiboPush  Create Broadcast Tem/h6_ Add Button (7) (1)' is clicked on

2019-04-21 02:29:42 - [MESSAGE][PASSED] - Object: 'Object Repository/Page_KiboPush  Create Broadcast Tem/h6_ Add Button (7) (1)' is clicked on

2019-04-21 02:29:42 - [TEST_STEP][PASSED] - setText(findTestObject("Page_KiboPush  Create Broadcast Tem/input_form-control (16)"), "google"): Text 'google' is set on object 'Object Repository/Page_KiboPush  Create Broadcast Tem/input_form-control (16)'

2019-04-21 02:29:42 - [MESSAGE][PASSED] - Text 'google' is set on object 'Object Repository/Page_KiboPush  Create Broadcast Tem/input_form-control (16)'

2019-04-21 02:29:42 - [TEST_STEP][PASSED] - click(findTestObject("Page_KiboPush  Create Broadcast Tem/h7_Open a website (7)")): Object: 'Object Repository/Page_KiboPush  Create Broadcast Tem/h7_Open a website (7)' is clicked on

2019-04-21 02:29:43 - [MESSAGE][PASSED] - Object: 'Object Repository/Page_KiboPush  Create Broadcast Tem/h7_Open a website (7)' is clicked on

2019-04-21 02:29:43 - [TEST_STEP][PASSED] - setText(findTestObject("Page_KiboPush  Create Broadcast Tem/input_form-control_1 (8)"), "www.google.com"): Text 'www.google.com' is set on object 'Object Repository/Page_KiboPush  Create Broadcast Tem/input_form-control_1 (8)'

2019-04-21 02:29:43 - [MESSAGE][PASSED] - Text 'www.google.com' is set on object 'Object Repository/Page_KiboPush  Create Broadcast Tem/input_form-control_1 (8)'

2019-04-21 02:29:43 - [TEST_STEP][PASSED] - click(findTestObject("Page_KiboPush  Create Broadcast Tem/button_Done (8)")): Object: 'Object Repository/Page_KiboPush  Create Broadcast Tem/button_Done (8)' is clicked on

2019-04-21 02:29:43 - [MESSAGE][PASSED] - Object: 'Object Repository/Page_KiboPush  Create Broadcast Tem/button_Done (8)' is clicked on

2019-04-21 02:29:43 - [TEST_STEP][PASSED] - delay(2): Delayed 2 second(s)

2019-04-21 02:29:45 - [MESSAGE][PASSED] - Delayed 2 second(s)

2019-04-21 02:29:45 - [TEST_STEP][PASSED] - verifyTextPresent("google", false): Text 'google' is present on page 

2019-04-21 02:29:46 - [MESSAGE][PASSED] - Text 'google' is present on page]]></system-out>
         <system-err><![CDATA[]]></system-err>
      </testcase>
      <testcase name="Test Cases/Template testcases/TC0786" classname="Test Cases/Template testcases/TC0786" status="FAILED">
         <failure type="FAILED" message="Test Cases/Template testcases/TC0786 FAILED.
Reason:
com.kms.katalon.core.exception.StepFailedException: Unable to upload file '/home/faizan/Drive/KiboPush_Automated_Testing/KiboPush Katalon/sample.jpg' to object 'Object Repository/Page_KiboPush  Create Broadcast Tem/img'
	at com.kms.katalon.core.webui.keyword.internal.WebUIKeywordMain.stepFailed(WebUIKeywordMain.groovy:64)
	at com.kms.katalon.core.webui.keyword.internal.WebUIKeywordMain.runKeyword(WebUIKeywordMain.groovy:26)
	at com.kms.katalon.core.webui.keyword.builtin.UploadFileKeyword.uploadFile(UploadFileKeyword.groovy:87)
	at com.kms.katalon.core.webui.keyword.builtin.UploadFileKeyword.execute(UploadFileKeyword.groovy:68)
	at com.kms.katalon.core.keyword.internal.KeywordExecutor.executeKeywordForPlatform(KeywordExecutor.groovy:56)
	at com.kms.katalon.core.webui.keyword.WebUiBuiltInKeywords.uploadFile(WebUiBuiltInKeywords.groovy:2945)
	at com.kms.katalon.core.webui.keyword.WebUiBuiltInKeywords$uploadFile$8.call(Unknown Source)
	at TC0786.run(TC0786:32)
	at com.kms.katalon.core.main.ScriptEngine.run(ScriptEngine.java:194)
	at com.kms.katalon.core.main.ScriptEngine.runScriptAsRawText(ScriptEngine.java:119)
	at com.kms.katalon.core.main.TestCaseExecutor.runScript(TestCaseExecutor.java:336)
	at com.kms.katalon.core.main.TestCaseExecutor.doExecute(TestCaseExecutor.java:327)
	at com.kms.katalon.core.main.TestCaseExecutor.processExecutionPhase(TestCaseExecutor.java:306)
	at com.kms.katalon.core.main.TestCaseExecutor.accessMainPhase(TestCaseExecutor.java:298)
	at com.kms.katalon.core.main.TestCaseExecutor.execute(TestCaseExecutor.java:232)
	at com.kms.katalon.core.main.TestSuiteExecutor.accessTestCaseMainPhase(TestSuiteExecutor.java:129)
	at com.kms.katalon.core.main.TestSuiteExecutor.accessTestSuiteMainPhase(TestSuiteExecutor.java:112)
	at com.kms.katalon.core.main.TestSuiteExecutor.execute(TestSuiteExecutor.java:81)
	at com.kms.katalon.core.main.TestCaseMain.startTestSuite(TestCaseMain.java:157)
	at com.kms.katalon.core.main.TestCaseMain$startTestSuite$0.call(Unknown Source)
	at TempTestSuite1555795243480.run(TempTestSuite1555795243480.groovy:35)
Caused by: com.kms.katalon.core.webui.exception.WebElementNotFoundException: Web element with id: 'Object Repository/Page_KiboPush  Create Broadcast Tem/img' located by 'By.xpath: //*[@id=&quot;List1&quot;]/div/div/div[3]/div/input' not found
	at com.kms.katalon.core.webui.common.WebUiCommonHelper.findWebElement(WebUiCommonHelper.java:1097)
	at com.kms.katalon.core.webui.keyword.internal.WebUIAbstractKeyword.findWebElement(WebUIAbstractKeyword.groovy:27)
	at com.kms.katalon.core.webui.keyword.internal.WebUIAbstractKeyword.findWebElement(WebUIAbstractKeyword.groovy:26)
	at com.kms.katalon.core.webui.keyword.builtin.UploadFileKeyword$_uploadFile_closure1.doCall(UploadFileKeyword.groovy:79)
	at com.kms.katalon.core.webui.keyword.builtin.UploadFileKeyword$_uploadFile_closure1.call(UploadFileKeyword.groovy)
	at com.kms.katalon.core.webui.keyword.internal.WebUIKeywordMain.runKeyword(WebUIKeywordMain.groovy:20)
	at com.kms.katalon.core.webui.keyword.builtin.UploadFileKeyword.uploadFile(UploadFileKeyword.groovy:87)
	at com.kms.katalon.core.webui.keyword.builtin.UploadFileKeyword.execute(UploadFileKeyword.groovy:68)
	at com.kms.katalon.core.keyword.internal.KeywordExecutor.executeKeywordForPlatform(KeywordExecutor.groovy:56)
	at com.kms.katalon.core.webui.keyword.WebUiBuiltInKeywords.uploadFile(WebUiBuiltInKeywords.groovy:2945)
	at com.kms.katalon.core.webui.keyword.WebUiBuiltInKeywords$uploadFile$8.call(Unknown Source)
	at Script1537073298550.run(Script1537073298550.groovy:32)
	... 13 more
"/>
         <system-out><![CDATA[2019-04-21 02:29:46 - [TEST_CASE][FAILED] - Test Cases/Template testcases/TC0786: Test Cases/Template testcases/TC0786 FAILED.
Reason:
com.kms.katalon.core.exception.StepFailedException: Unable to upload file '/home/faizan/Drive/KiboPush_Automated_Testing/KiboPush Katalon/sample.jpg' to object 'Object Repository/Page_KiboPush  Create Broadcast Tem/img'
	at com.kms.katalon.core.webui.keyword.internal.WebUIKeywordMain.stepFailed(WebUIKeywordMain.groovy:64)
	at com.kms.katalon.core.webui.keyword.internal.WebUIKeywordMain.runKeyword(WebUIKeywordMain.groovy:26)
	at com.kms.katalon.core.webui.keyword.builtin.UploadFileKeyword.uploadFile(UploadFileKeyword.groovy:87)
	at com.kms.katalon.core.webui.keyword.builtin.UploadFileKeyword.execute(UploadFileKeyword.groovy:68)
	at com.kms.katalon.core.keyword.internal.KeywordExecutor.executeKeywordForPlatform(KeywordExecutor.groovy:56)
	at com.kms.katalon.core.webui.keyword.WebUiBuiltInKeywords.uploadFile(WebUiBuiltInKeywords.groovy:2945)
	at com.kms.katalon.core.webui.keyword.WebUiBuiltInKeywords$uploadFile$8.call(Unknown Source)
	at TC0786.run(TC0786:32)
	at com.kms.katalon.core.main.ScriptEngine.run(ScriptEngine.java:194)
	at com.kms.katalon.core.main.ScriptEngine.runScriptAsRawText(ScriptEngine.java:119)
	at com.kms.katalon.core.main.TestCaseExecutor.runScript(TestCaseExecutor.java:336)
	at com.kms.katalon.core.main.TestCaseExecutor.doExecute(TestCaseExecutor.java:327)
	at com.kms.katalon.core.main.TestCaseExecutor.processExecutionPhase(TestCaseExecutor.java:306)
	at com.kms.katalon.core.main.TestCaseExecutor.accessMainPhase(TestCaseExecutor.java:298)
	at com.kms.katalon.core.main.TestCaseExecutor.execute(TestCaseExecutor.java:232)
	at com.kms.katalon.core.main.TestSuiteExecutor.accessTestCaseMainPhase(TestSuiteExecutor.java:129)
	at com.kms.katalon.core.main.TestSuiteExecutor.accessTestSuiteMainPhase(TestSuiteExecutor.java:112)
	at com.kms.katalon.core.main.TestSuiteExecutor.execute(TestSuiteExecutor.java:81)
	at com.kms.katalon.core.main.TestCaseMain.startTestSuite(TestCaseMain.java:157)
	at com.kms.katalon.core.main.TestCaseMain$startTestSuite$0.call(Unknown Source)
	at TempTestSuite1555795243480.run(TempTestSuite1555795243480.groovy:35)
Caused by: com.kms.katalon.core.webui.exception.WebElementNotFoundException: Web element with id: 'Object Repository/Page_KiboPush  Create Broadcast Tem/img' located by 'By.xpath: //*[@id="List1"]/div/div/div[3]/div/input' not found
	at com.kms.katalon.core.webui.common.WebUiCommonHelper.findWebElement(WebUiCommonHelper.java:1097)
	at com.kms.katalon.core.webui.keyword.internal.WebUIAbstractKeyword.findWebElement(WebUIAbstractKeyword.groovy:27)
	at com.kms.katalon.core.webui.keyword.internal.WebUIAbstractKeyword.findWebElement(WebUIAbstractKeyword.groovy:26)
	at com.kms.katalon.core.webui.keyword.builtin.UploadFileKeyword$_uploadFile_closure1.doCall(UploadFileKeyword.groovy:79)
	at com.kms.katalon.core.webui.keyword.builtin.UploadFileKeyword$_uploadFile_closure1.call(UploadFileKeyword.groovy)
	at com.kms.katalon.core.webui.keyword.internal.WebUIKeywordMain.runKeyword(WebUIKeywordMain.groovy:20)
	at com.kms.katalon.core.webui.keyword.builtin.UploadFileKeyword.uploadFile(UploadFileKeyword.groovy:87)
	at com.kms.katalon.core.webui.keyword.builtin.UploadFileKeyword.execute(UploadFileKeyword.groovy:68)
	at com.kms.katalon.core.keyword.internal.KeywordExecutor.executeKeywordForPlatform(KeywordExecutor.groovy:56)
	at com.kms.katalon.core.webui.keyword.WebUiBuiltInKeywords.uploadFile(WebUiBuiltInKeywords.groovy:2945)
	at com.kms.katalon.core.webui.keyword.WebUiBuiltInKeywords$uploadFile$8.call(Unknown Source)
	at Script1537073298550.run(Script1537073298550.groovy:32)
	... 13 more


2019-04-21 02:29:46 - [TEST_STEP][PASSED] - callTestCase(findTestCase("Template testcases/TC0779"), [:], STOP_ON_FAILURE): Call Test Case 'Test Cases/Template testcases/TC0779' successfully

2019-04-21 02:29:46 - [TEST_CASE][PASSED] - Test Cases/Template testcases/TC0779: Test Cases/Template testcases/TC0779

2019-04-21 02:29:46 - [TEST_STEP][PASSED] - callTestCase(findTestCase("Template testcases/TC0768"), [:], STOP_ON_FAILURE): Call Test Case 'Test Cases/Template testcases/TC0768' successfully

2019-04-21 02:29:46 - [TEST_CASE][PASSED] - Test Cases/Template testcases/TC0768: Test Cases/Template testcases/TC0768

2019-04-21 02:29:46 - [TEST_STEP][PASSED] - callTestCase(findTestCase("s-sidebar_navigation/individualAccount/Template"), [:], STOP_ON_FAILURE): Call Test Case 'Test Cases/s-sidebar_navigation/individualAccount/Template' successfully

2019-04-21 02:29:46 - [TEST_CASE][PASSED] - Test Cases/s-sidebar_navigation/individualAccount/Template: Test Cases/s-sidebar_navigation/individualAccount/Template

2019-04-21 02:29:46 - [TEST_STEP][PASSED] - click(findTestObject("Page_KiboPush  Dashboard/span_Broadcasts")): Object: 'Object Repository/Page_KiboPush  Dashboard/span_Broadcasts' is clicked on

2019-04-21 02:29:46 - [MESSAGE][PASSED] - Object: 'Object Repository/Page_KiboPush  Dashboard/span_Broadcasts' is clicked on

2019-04-21 02:29:46 - [TEST_STEP][PASSED] - delay(1): Delayed 1 second(s)

2019-04-21 02:29:47 - [MESSAGE][PASSED] - Delayed 1 second(s)

2019-04-21 02:29:47 - [TEST_STEP][PASSED] - click(findTestObject("Page_KiboPush  Dashboard/span_Templates")): Object: 'Object Repository/Page_KiboPush  Dashboard/span_Templates' is clicked on

2019-04-21 02:29:48 - [MESSAGE][PASSED] - Object: 'Object Repository/Page_KiboPush  Dashboard/span_Templates' is clicked on

2019-04-21 02:29:48 - [TEST_STEP][PASSED] - delay(3): Delayed 3 second(s)

2019-04-21 02:29:51 - [MESSAGE][PASSED] - Delayed 3 second(s)

2019-04-21 02:29:51 - [TEST_STEP][PASSED] - scrollToPosition(0, 0): Browser is scrolled to position x = 0, y = 0

2019-04-21 02:29:51 - [MESSAGE][PASSED] - Browser is scrolled to position x = 0, y = 0

2019-04-21 02:29:51 - [TEST_STEP][PASSED] - click(findTestObject("Object Repository/Page_KiboEngage  Templates/h3_Templates")): Object: 'Object Repository/Page_KiboEngage  Templates/h3_Templates' is clicked on

2019-04-21 02:29:51 - [MESSAGE][PASSED] - Object: 'Object Repository/Page_KiboEngage  Templates/h3_Templates' is clicked on

2019-04-21 02:29:51 - [TEST_STEP][PASSED] - delay(3): Delayed 3 second(s)

2019-04-21 02:29:54 - [MESSAGE][PASSED] - Delayed 3 second(s)

2019-04-21 02:29:54 - [MESSAGE][PASSED] - Call Test Case 'Test Cases/s-sidebar_navigation/individualAccount/Template' successfully

2019-04-21 02:29:54 - [TEST_STEP][PASSED] - click(findTestObject("Object Repository/Page_KiboPush  Dashboard/button_Create New")): Object: 'Object Repository/Page_KiboPush  Dashboard/button_Create New' is clicked on

2019-04-21 02:29:54 - [MESSAGE][PASSED] - Object: 'Object Repository/Page_KiboPush  Dashboard/button_Create New' is clicked on

2019-04-21 02:29:54 - [TEST_STEP][PASSED] - click(findTestObject("Object Repository/Page_KiboPush  Create Broadcast Tem/h3_Create Broadcast Template")): Object: 'Object Repository/Page_KiboPush  Create Broadcast Tem/h3_Create Broadcast Template' is clicked on

2019-04-21 02:29:54 - [MESSAGE][PASSED] - Object: 'Object Repository/Page_KiboPush  Create Broadcast Tem/h3_Create Broadcast Template' is clicked on

2019-04-21 02:29:54 - [MESSAGE][PASSED] - Call Test Case 'Test Cases/Template testcases/TC0768' successfully

2019-04-21 02:29:54 - [TEST_STEP][PASSED] - click(findTestObject("Page_KiboPush  Create Broadcast Tem/h6_Card (1)")): Object: 'Object Repository/Page_KiboPush  Create Broadcast Tem/h6_Card (1)' is clicked on

2019-04-21 02:29:54 - [MESSAGE][PASSED] - Object: 'Object Repository/Page_KiboPush  Create Broadcast Tem/h6_Card (1)' is clicked on

2019-04-21 02:29:54 - [TEST_STEP][PASSED] - click(findTestObject("Object Repository/Page_KiboEngage  Create Broadcast Template/div_New card component added")): Object: 'Object Repository/Page_KiboEngage  Create Broadcast Template/div_New card component added' is clicked on

2019-04-21 02:29:54 - [MESSAGE][PASSED] - Object: 'Object Repository/Page_KiboEngage  Create Broadcast Template/div_New card component added' is clicked on

2019-04-21 02:29:54 - [MESSAGE][PASSED] - Call Test Case 'Test Cases/Template testcases/TC0779' successfully

2019-04-21 02:29:54 - [TEST_STEP][PASSED] - img = getProjectDir() + "/sample.jpg": null

2019-04-21 02:29:54 - [TEST_STEP][FAILED] - uploadFile(findTestObject("Page_KiboPush  Create Broadcast Tem/img"), img): Unable to upload file '/home/faizan/Drive/KiboPush_Automated_Testing/KiboPush Katalon/sample.jpg' to object 'Object Repository/Page_KiboPush  Create Broadcast Tem/img' (Root cause: com.kms.katalon.core.exception.StepFailedException: Unable to upload file '/home/faizan/Drive/KiboPush_Automated_Testing/KiboPush Katalon/sample.jpg' to object 'Object Repository/Page_KiboPush  Create Broadcast Tem/img'
	at com.kms.katalon.core.webui.keyword.internal.WebUIKeywordMain.stepFailed(WebUIKeywordMain.groovy:64)
	at com.kms.katalon.core.webui.keyword.internal.WebUIKeywordMain.runKeyword(WebUIKeywordMain.groovy:26)
	at com.kms.katalon.core.webui.keyword.builtin.UploadFileKeyword.uploadFile(UploadFileKeyword.groovy:87)
	at com.kms.katalon.core.webui.keyword.builtin.UploadFileKeyword.execute(UploadFileKeyword.groovy:68)
	at com.kms.katalon.core.keyword.internal.KeywordExecutor.executeKeywordForPlatform(KeywordExecutor.groovy:56)
	at com.kms.katalon.core.webui.keyword.WebUiBuiltInKeywords.uploadFile(WebUiBuiltInKeywords.groovy:2945)
	at com.kms.katalon.core.webui.keyword.WebUiBuiltInKeywords$uploadFile$8.call(Unknown Source)
	at TC0786.run(TC0786:32)
	at com.kms.katalon.core.main.ScriptEngine.run(ScriptEngine.java:194)
	at com.kms.katalon.core.main.ScriptEngine.runScriptAsRawText(ScriptEngine.java:119)
	at com.kms.katalon.core.main.TestCaseExecutor.runScript(TestCaseExecutor.java:336)
	at com.kms.katalon.core.main.TestCaseExecutor.doExecute(TestCaseExecutor.java:327)
	at com.kms.katalon.core.main.TestCaseExecutor.processExecutionPhase(TestCaseExecutor.java:306)
	at com.kms.katalon.core.main.TestCaseExecutor.accessMainPhase(TestCaseExecutor.java:298)
	at com.kms.katalon.core.main.TestCaseExecutor.execute(TestCaseExecutor.java:232)
	at com.kms.katalon.core.main.TestSuiteExecutor.accessTestCaseMainPhase(TestSuiteExecutor.java:129)
	at com.kms.katalon.core.main.TestSuiteExecutor.accessTestSuiteMainPhase(TestSuiteExecutor.java:112)
	at com.kms.katalon.core.main.TestSuiteExecutor.execute(TestSuiteExecutor.java:81)
	at com.kms.katalon.core.main.TestCaseMain.startTestSuite(TestCaseMain.java:157)
	at com.kms.katalon.core.main.TestCaseMain$startTestSuite$0.call(Unknown Source)
	at TempTestSuite1555795243480.run(TempTestSuite1555795243480.groovy:35)
Caused by: com.kms.katalon.core.webui.exception.WebElementNotFoundException: Web element with id: 'Object Repository/Page_KiboPush  Create Broadcast Tem/img' located by 'By.xpath: //*[@id="List1"]/div/div/div[3]/div/input' not found
	at com.kms.katalon.core.webui.common.WebUiCommonHelper.findWebElement(WebUiCommonHelper.java:1097)
	at com.kms.katalon.core.webui.keyword.internal.WebUIAbstractKeyword.findWebElement(WebUIAbstractKeyword.groovy:27)
	at com.kms.katalon.core.webui.keyword.internal.WebUIAbstractKeyword.findWebElement(WebUIAbstractKeyword.groovy:26)
	at com.kms.katalon.core.webui.keyword.builtin.UploadFileKeyword$_uploadFile_closure1.doCall(UploadFileKeyword.groovy:79)
	at com.kms.katalon.core.webui.keyword.builtin.UploadFileKeyword$_uploadFile_closure1.call(UploadFileKeyword.groovy)
	at com.kms.katalon.core.webui.keyword.internal.WebUIKeywordMain.runKeyword(WebUIKeywordMain.groovy:20)
	at com.kms.katalon.core.webui.keyword.builtin.UploadFileKeyword.uploadFile(UploadFileKeyword.groovy:87)
	at com.kms.katalon.core.webui.keyword.builtin.UploadFileKeyword.execute(UploadFileKeyword.groovy:68)
	at com.kms.katalon.core.keyword.internal.KeywordExecutor.executeKeywordForPlatform(KeywordExecutor.groovy:56)
	at com.kms.katalon.core.webui.keyword.WebUiBuiltInKeywords.uploadFile(WebUiBuiltInKeywords.groovy:2945)
	at com.kms.katalon.core.webui.keyword.WebUiBuiltInKeywords$uploadFile$8.call(Unknown Source)
	at Script1537073298550.run(Script1537073298550.groovy:32)
	... 13 more
)

2019-04-21 02:30:26 - [MESSAGE][INFO] - Unable to find the element located by 'By.xpath: //*[@id="List1"]/div/div/div[3]/div/input'. Please recheck the objects properties to make sure the desired element is located. 

2019-04-21 02:30:26 - [MESSAGE][FAILED] - Unable to upload file '/home/faizan/Drive/KiboPush_Automated_Testing/KiboPush Katalon/sample.jpg' to object 'Object Repository/Page_KiboPush  Create Broadcast Tem/img' (Root cause: com.kms.katalon.core.exception.StepFailedException: Unable to upload file '/home/faizan/Drive/KiboPush_Automated_Testing/KiboPush Katalon/sample.jpg' to object 'Object Repository/Page_KiboPush  Create Broadcast Tem/img'
	at com.kms.katalon.core.webui.keyword.internal.WebUIKeywordMain.stepFailed(WebUIKeywordMain.groovy:64)
	at com.kms.katalon.core.webui.keyword.internal.WebUIKeywordMain.runKeyword(WebUIKeywordMain.groovy:26)
	at com.kms.katalon.core.webui.keyword.builtin.UploadFileKeyword.uploadFile(UploadFileKeyword.groovy:87)
	at com.kms.katalon.core.webui.keyword.builtin.UploadFileKeyword.execute(UploadFileKeyword.groovy:68)
	at com.kms.katalon.core.keyword.internal.KeywordExecutor.executeKeywordForPlatform(KeywordExecutor.groovy:56)
	at com.kms.katalon.core.webui.keyword.WebUiBuiltInKeywords.uploadFile(WebUiBuiltInKeywords.groovy:2945)
	at com.kms.katalon.core.webui.keyword.WebUiBuiltInKeywords$uploadFile$8.call(Unknown Source)
	at TC0786.run(TC0786:32)
	at com.kms.katalon.core.main.ScriptEngine.run(ScriptEngine.java:194)
	at com.kms.katalon.core.main.ScriptEngine.runScriptAsRawText(ScriptEngine.java:119)
	at com.kms.katalon.core.main.TestCaseExecutor.runScript(TestCaseExecutor.java:336)
	at com.kms.katalon.core.main.TestCaseExecutor.doExecute(TestCaseExecutor.java:327)
	at com.kms.katalon.core.main.TestCaseExecutor.processExecutionPhase(TestCaseExecutor.java:306)
	at com.kms.katalon.core.main.TestCaseExecutor.accessMainPhase(TestCaseExecutor.java:298)
	at com.kms.katalon.core.main.TestCaseExecutor.execute(TestCaseExecutor.java:232)
	at com.kms.katalon.core.main.TestSuiteExecutor.accessTestCaseMainPhase(TestSuiteExecutor.java:129)
	at com.kms.katalon.core.main.TestSuiteExecutor.accessTestSuiteMainPhase(TestSuiteExecutor.java:112)
	at com.kms.katalon.core.main.TestSuiteExecutor.execute(TestSuiteExecutor.java:81)
	at com.kms.katalon.core.main.TestCaseMain.startTestSuite(TestCaseMain.java:157)
	at com.kms.katalon.core.main.TestCaseMain$startTestSuite$0.call(Unknown Source)
	at TempTestSuite1555795243480.run(TempTestSuite1555795243480.groovy:35)
Caused by: com.kms.katalon.core.webui.exception.WebElementNotFoundException: Web element with id: 'Object Repository/Page_KiboPush  Create Broadcast Tem/img' located by 'By.xpath: //*[@id="List1"]/div/div/div[3]/div/input' not found
	at com.kms.katalon.core.webui.common.WebUiCommonHelper.findWebElement(WebUiCommonHelper.java:1097)
	at com.kms.katalon.core.webui.keyword.internal.WebUIAbstractKeyword.findWebElement(WebUIAbstractKeyword.groovy:27)
	at com.kms.katalon.core.webui.keyword.internal.WebUIAbstractKeyword.findWebElement(WebUIAbstractKeyword.groovy:26)
	at com.kms.katalon.core.webui.keyword.builtin.UploadFileKeyword$_uploadFile_closure1.doCall(UploadFileKeyword.groovy:79)
	at com.kms.katalon.core.webui.keyword.builtin.UploadFileKeyword$_uploadFile_closure1.call(UploadFileKeyword.groovy)
	at com.kms.katalon.core.webui.keyword.internal.WebUIKeywordMain.runKeyword(WebUIKeywordMain.groovy:20)
	at com.kms.katalon.core.webui.keyword.builtin.UploadFileKeyword.uploadFile(UploadFileKeyword.groovy:87)
	at com.kms.katalon.core.webui.keyword.builtin.UploadFileKeyword.execute(UploadFileKeyword.groovy:68)
	at com.kms.katalon.core.keyword.internal.KeywordExecutor.executeKeywordForPlatform(KeywordExecutor.groovy:56)
	at com.kms.katalon.core.webui.keyword.WebUiBuiltInKeywords.uploadFile(WebUiBuiltInKeywords.groovy:2945)
	at com.kms.katalon.core.webui.keyword.WebUiBuiltInKeywords$uploadFile$8.call(Unknown Source)
	at Script1537073298550.run(Script1537073298550.groovy:32)
	... 13 more
)
[[ATTACHMENT|/home/faizan/Drive/KiboPush_Automated_Testing/KiboPush Katalon/Reports/Faizan Suits/Template/20190421_022043/1555795826000.png]]]]></system-out>
         <system-err><![CDATA[2019-04-21 02:29:46 - [TEST_CASE][FAILED] - Test Cases/Template testcases/TC0786: Test Cases/Template testcases/TC0786 FAILED.
Reason:
com.kms.katalon.core.exception.StepFailedException: Unable to upload file '/home/faizan/Drive/KiboPush_Automated_Testing/KiboPush Katalon/sample.jpg' to object 'Object Repository/Page_KiboPush  Create Broadcast Tem/img'
	at com.kms.katalon.core.webui.keyword.internal.WebUIKeywordMain.stepFailed(WebUIKeywordMain.groovy:64)
	at com.kms.katalon.core.webui.keyword.internal.WebUIKeywordMain.runKeyword(WebUIKeywordMain.groovy:26)
	at com.kms.katalon.core.webui.keyword.builtin.UploadFileKeyword.uploadFile(UploadFileKeyword.groovy:87)
	at com.kms.katalon.core.webui.keyword.builtin.UploadFileKeyword.execute(UploadFileKeyword.groovy:68)
	at com.kms.katalon.core.keyword.internal.KeywordExecutor.executeKeywordForPlatform(KeywordExecutor.groovy:56)
	at com.kms.katalon.core.webui.keyword.WebUiBuiltInKeywords.uploadFile(WebUiBuiltInKeywords.groovy:2945)
	at com.kms.katalon.core.webui.keyword.WebUiBuiltInKeywords$uploadFile$8.call(Unknown Source)
	at TC0786.run(TC0786:32)
	at com.kms.katalon.core.main.ScriptEngine.run(ScriptEngine.java:194)
	at com.kms.katalon.core.main.ScriptEngine.runScriptAsRawText(ScriptEngine.java:119)
	at com.kms.katalon.core.main.TestCaseExecutor.runScript(TestCaseExecutor.java:336)
	at com.kms.katalon.core.main.TestCaseExecutor.doExecute(TestCaseExecutor.java:327)
	at com.kms.katalon.core.main.TestCaseExecutor.processExecutionPhase(TestCaseExecutor.java:306)
	at com.kms.katalon.core.main.TestCaseExecutor.accessMainPhase(TestCaseExecutor.java:298)
	at com.kms.katalon.core.main.TestCaseExecutor.execute(TestCaseExecutor.java:232)
	at com.kms.katalon.core.main.TestSuiteExecutor.accessTestCaseMainPhase(TestSuiteExecutor.java:129)
	at com.kms.katalon.core.main.TestSuiteExecutor.accessTestSuiteMainPhase(TestSuiteExecutor.java:112)
	at com.kms.katalon.core.main.TestSuiteExecutor.execute(TestSuiteExecutor.java:81)
	at com.kms.katalon.core.main.TestCaseMain.startTestSuite(TestCaseMain.java:157)
	at com.kms.katalon.core.main.TestCaseMain$startTestSuite$0.call(Unknown Source)
	at TempTestSuite1555795243480.run(TempTestSuite1555795243480.groovy:35)
Caused by: com.kms.katalon.core.webui.exception.WebElementNotFoundException: Web element with id: 'Object Repository/Page_KiboPush  Create Broadcast Tem/img' located by 'By.xpath: //*[@id="List1"]/div/div/div[3]/div/input' not found
	at com.kms.katalon.core.webui.common.WebUiCommonHelper.findWebElement(WebUiCommonHelper.java:1097)
	at com.kms.katalon.core.webui.keyword.internal.WebUIAbstractKeyword.findWebElement(WebUIAbstractKeyword.groovy:27)
	at com.kms.katalon.core.webui.keyword.internal.WebUIAbstractKeyword.findWebElement(WebUIAbstractKeyword.groovy:26)
	at com.kms.katalon.core.webui.keyword.builtin.UploadFileKeyword$_uploadFile_closure1.doCall(UploadFileKeyword.groovy:79)
	at com.kms.katalon.core.webui.keyword.builtin.UploadFileKeyword$_uploadFile_closure1.call(UploadFileKeyword.groovy)
	at com.kms.katalon.core.webui.keyword.internal.WebUIKeywordMain.runKeyword(WebUIKeywordMain.groovy:20)
	at com.kms.katalon.core.webui.keyword.builtin.UploadFileKeyword.uploadFile(UploadFileKeyword.groovy:87)
	at com.kms.katalon.core.webui.keyword.builtin.UploadFileKeyword.execute(UploadFileKeyword.groovy:68)
	at com.kms.katalon.core.keyword.internal.KeywordExecutor.executeKeywordForPlatform(KeywordExecutor.groovy:56)
	at com.kms.katalon.core.webui.keyword.WebUiBuiltInKeywords.uploadFile(WebUiBuiltInKeywords.groovy:2945)
	at com.kms.katalon.core.webui.keyword.WebUiBuiltInKeywords$uploadFile$8.call(Unknown Source)
	at Script1537073298550.run(Script1537073298550.groovy:32)
	... 13 more]]></system-err>
      </testcase>
      <testcase name="Test Cases/Template testcases/TC0787" classname="Test Cases/Template testcases/TC0787" status="FAILED">
         <failure type="FAILED" message="Test Cases/Template testcases/TC0787 FAILED.
Reason:
com.kms.katalon.core.exception.StepFailedException: Unable to upload file '/home/faizan/Drive/KiboPush_Automated_Testing/KiboPush Katalon/sample.jpg' to object 'Object Repository/Page_KiboPush  Create Broadcast Tem/img'
	at com.kms.katalon.core.webui.keyword.internal.WebUIKeywordMain.stepFailed(WebUIKeywordMain.groovy:64)
	at com.kms.katalon.core.webui.keyword.internal.WebUIKeywordMain.runKeyword(WebUIKeywordMain.groovy:26)
	at com.kms.katalon.core.webui.keyword.builtin.UploadFileKeyword.uploadFile(UploadFileKeyword.groovy:87)
	at com.kms.katalon.core.webui.keyword.builtin.UploadFileKeyword.execute(UploadFileKeyword.groovy:68)
	at com.kms.katalon.core.keyword.internal.KeywordExecutor.executeKeywordForPlatform(KeywordExecutor.groovy:56)
	at com.kms.katalon.core.webui.keyword.WebUiBuiltInKeywords.uploadFile(WebUiBuiltInKeywords.groovy:2945)
	at com.kms.katalon.core.webui.keyword.WebUiBuiltInKeywords$uploadFile$8.call(Unknown Source)
	at TC0787.run(TC0787:32)
	at com.kms.katalon.core.main.ScriptEngine.run(ScriptEngine.java:194)
	at com.kms.katalon.core.main.ScriptEngine.runScriptAsRawText(ScriptEngine.java:119)
	at com.kms.katalon.core.main.TestCaseExecutor.runScript(TestCaseExecutor.java:336)
	at com.kms.katalon.core.main.TestCaseExecutor.doExecute(TestCaseExecutor.java:327)
	at com.kms.katalon.core.main.TestCaseExecutor.processExecutionPhase(TestCaseExecutor.java:306)
	at com.kms.katalon.core.main.TestCaseExecutor.accessMainPhase(TestCaseExecutor.java:298)
	at com.kms.katalon.core.main.TestCaseExecutor.execute(TestCaseExecutor.java:232)
	at com.kms.katalon.core.main.TestSuiteExecutor.accessTestCaseMainPhase(TestSuiteExecutor.java:129)
	at com.kms.katalon.core.main.TestSuiteExecutor.accessTestSuiteMainPhase(TestSuiteExecutor.java:112)
	at com.kms.katalon.core.main.TestSuiteExecutor.execute(TestSuiteExecutor.java:81)
	at com.kms.katalon.core.main.TestCaseMain.startTestSuite(TestCaseMain.java:157)
	at com.kms.katalon.core.main.TestCaseMain$startTestSuite$0.call(Unknown Source)
	at TempTestSuite1555795243480.run(TempTestSuite1555795243480.groovy:35)
Caused by: com.kms.katalon.core.webui.exception.WebElementNotFoundException: Web element with id: 'Object Repository/Page_KiboPush  Create Broadcast Tem/img' located by 'By.xpath: //*[@id=&quot;List1&quot;]/div/div/div[3]/div/input' not found
	at com.kms.katalon.core.webui.common.WebUiCommonHelper.findWebElement(WebUiCommonHelper.java:1097)
	at com.kms.katalon.core.webui.keyword.internal.WebUIAbstractKeyword.findWebElement(WebUIAbstractKeyword.groovy:27)
	at com.kms.katalon.core.webui.keyword.internal.WebUIAbstractKeyword.findWebElement(WebUIAbstractKeyword.groovy:26)
	at com.kms.katalon.core.webui.keyword.builtin.UploadFileKeyword$_uploadFile_closure1.doCall(UploadFileKeyword.groovy:79)
	at com.kms.katalon.core.webui.keyword.builtin.UploadFileKeyword$_uploadFile_closure1.call(UploadFileKeyword.groovy)
	at com.kms.katalon.core.webui.keyword.internal.WebUIKeywordMain.runKeyword(WebUIKeywordMain.groovy:20)
	at com.kms.katalon.core.webui.keyword.builtin.UploadFileKeyword.uploadFile(UploadFileKeyword.groovy:87)
	at com.kms.katalon.core.webui.keyword.builtin.UploadFileKeyword.execute(UploadFileKeyword.groovy:68)
	at com.kms.katalon.core.keyword.internal.KeywordExecutor.executeKeywordForPlatform(KeywordExecutor.groovy:56)
	at com.kms.katalon.core.webui.keyword.WebUiBuiltInKeywords.uploadFile(WebUiBuiltInKeywords.groovy:2945)
	at com.kms.katalon.core.webui.keyword.WebUiBuiltInKeywords$uploadFile$8.call(Unknown Source)
	at Script1537075287422.run(Script1537075287422.groovy:32)
	... 13 more
"/>
         <system-out><![CDATA[2019-04-21 02:30:26 - [TEST_CASE][FAILED] - Test Cases/Template testcases/TC0787: Test Cases/Template testcases/TC0787 FAILED.
Reason:
com.kms.katalon.core.exception.StepFailedException: Unable to upload file '/home/faizan/Drive/KiboPush_Automated_Testing/KiboPush Katalon/sample.jpg' to object 'Object Repository/Page_KiboPush  Create Broadcast Tem/img'
	at com.kms.katalon.core.webui.keyword.internal.WebUIKeywordMain.stepFailed(WebUIKeywordMain.groovy:64)
	at com.kms.katalon.core.webui.keyword.internal.WebUIKeywordMain.runKeyword(WebUIKeywordMain.groovy:26)
	at com.kms.katalon.core.webui.keyword.builtin.UploadFileKeyword.uploadFile(UploadFileKeyword.groovy:87)
	at com.kms.katalon.core.webui.keyword.builtin.UploadFileKeyword.execute(UploadFileKeyword.groovy:68)
	at com.kms.katalon.core.keyword.internal.KeywordExecutor.executeKeywordForPlatform(KeywordExecutor.groovy:56)
	at com.kms.katalon.core.webui.keyword.WebUiBuiltInKeywords.uploadFile(WebUiBuiltInKeywords.groovy:2945)
	at com.kms.katalon.core.webui.keyword.WebUiBuiltInKeywords$uploadFile$8.call(Unknown Source)
	at TC0787.run(TC0787:32)
	at com.kms.katalon.core.main.ScriptEngine.run(ScriptEngine.java:194)
	at com.kms.katalon.core.main.ScriptEngine.runScriptAsRawText(ScriptEngine.java:119)
	at com.kms.katalon.core.main.TestCaseExecutor.runScript(TestCaseExecutor.java:336)
	at com.kms.katalon.core.main.TestCaseExecutor.doExecute(TestCaseExecutor.java:327)
	at com.kms.katalon.core.main.TestCaseExecutor.processExecutionPhase(TestCaseExecutor.java:306)
	at com.kms.katalon.core.main.TestCaseExecutor.accessMainPhase(TestCaseExecutor.java:298)
	at com.kms.katalon.core.main.TestCaseExecutor.execute(TestCaseExecutor.java:232)
	at com.kms.katalon.core.main.TestSuiteExecutor.accessTestCaseMainPhase(TestSuiteExecutor.java:129)
	at com.kms.katalon.core.main.TestSuiteExecutor.accessTestSuiteMainPhase(TestSuiteExecutor.java:112)
	at com.kms.katalon.core.main.TestSuiteExecutor.execute(TestSuiteExecutor.java:81)
	at com.kms.katalon.core.main.TestCaseMain.startTestSuite(TestCaseMain.java:157)
	at com.kms.katalon.core.main.TestCaseMain$startTestSuite$0.call(Unknown Source)
	at TempTestSuite1555795243480.run(TempTestSuite1555795243480.groovy:35)
Caused by: com.kms.katalon.core.webui.exception.WebElementNotFoundException: Web element with id: 'Object Repository/Page_KiboPush  Create Broadcast Tem/img' located by 'By.xpath: //*[@id="List1"]/div/div/div[3]/div/input' not found
	at com.kms.katalon.core.webui.common.WebUiCommonHelper.findWebElement(WebUiCommonHelper.java:1097)
	at com.kms.katalon.core.webui.keyword.internal.WebUIAbstractKeyword.findWebElement(WebUIAbstractKeyword.groovy:27)
	at com.kms.katalon.core.webui.keyword.internal.WebUIAbstractKeyword.findWebElement(WebUIAbstractKeyword.groovy:26)
	at com.kms.katalon.core.webui.keyword.builtin.UploadFileKeyword$_uploadFile_closure1.doCall(UploadFileKeyword.groovy:79)
	at com.kms.katalon.core.webui.keyword.builtin.UploadFileKeyword$_uploadFile_closure1.call(UploadFileKeyword.groovy)
	at com.kms.katalon.core.webui.keyword.internal.WebUIKeywordMain.runKeyword(WebUIKeywordMain.groovy:20)
	at com.kms.katalon.core.webui.keyword.builtin.UploadFileKeyword.uploadFile(UploadFileKeyword.groovy:87)
	at com.kms.katalon.core.webui.keyword.builtin.UploadFileKeyword.execute(UploadFileKeyword.groovy:68)
	at com.kms.katalon.core.keyword.internal.KeywordExecutor.executeKeywordForPlatform(KeywordExecutor.groovy:56)
	at com.kms.katalon.core.webui.keyword.WebUiBuiltInKeywords.uploadFile(WebUiBuiltInKeywords.groovy:2945)
	at com.kms.katalon.core.webui.keyword.WebUiBuiltInKeywords$uploadFile$8.call(Unknown Source)
	at Script1537075287422.run(Script1537075287422.groovy:32)
	... 13 more


2019-04-21 02:30:26 - [TEST_STEP][PASSED] - callTestCase(findTestCase("Template testcases/TC0779"), [:], STOP_ON_FAILURE): Call Test Case 'Test Cases/Template testcases/TC0779' successfully

2019-04-21 02:30:26 - [TEST_CASE][PASSED] - Test Cases/Template testcases/TC0779: Test Cases/Template testcases/TC0779

2019-04-21 02:30:26 - [TEST_STEP][PASSED] - callTestCase(findTestCase("Template testcases/TC0768"), [:], STOP_ON_FAILURE): Call Test Case 'Test Cases/Template testcases/TC0768' successfully

2019-04-21 02:30:26 - [TEST_CASE][PASSED] - Test Cases/Template testcases/TC0768: Test Cases/Template testcases/TC0768

2019-04-21 02:30:26 - [TEST_STEP][PASSED] - callTestCase(findTestCase("s-sidebar_navigation/individualAccount/Template"), [:], STOP_ON_FAILURE): Call Test Case 'Test Cases/s-sidebar_navigation/individualAccount/Template' successfully

2019-04-21 02:30:26 - [TEST_CASE][PASSED] - Test Cases/s-sidebar_navigation/individualAccount/Template: Test Cases/s-sidebar_navigation/individualAccount/Template

2019-04-21 02:30:26 - [TEST_STEP][PASSED] - click(findTestObject("Page_KiboPush  Dashboard/span_Broadcasts")): Object: 'Object Repository/Page_KiboPush  Dashboard/span_Broadcasts' is clicked on

2019-04-21 02:30:27 - [MESSAGE][PASSED] - Object: 'Object Repository/Page_KiboPush  Dashboard/span_Broadcasts' is clicked on

2019-04-21 02:30:27 - [TEST_STEP][PASSED] - delay(1): Delayed 1 second(s)

2019-04-21 02:30:28 - [MESSAGE][PASSED] - Delayed 1 second(s)

2019-04-21 02:30:28 - [TEST_STEP][PASSED] - click(findTestObject("Page_KiboPush  Dashboard/span_Templates")): Object: 'Object Repository/Page_KiboPush  Dashboard/span_Templates' is clicked on

2019-04-21 02:30:28 - [MESSAGE][PASSED] - Object: 'Object Repository/Page_KiboPush  Dashboard/span_Templates' is clicked on

2019-04-21 02:30:28 - [TEST_STEP][PASSED] - delay(3): Delayed 3 second(s)

2019-04-21 02:30:31 - [MESSAGE][PASSED] - Delayed 3 second(s)

2019-04-21 02:30:31 - [TEST_STEP][PASSED] - scrollToPosition(0, 0): Browser is scrolled to position x = 0, y = 0

2019-04-21 02:30:31 - [MESSAGE][PASSED] - Browser is scrolled to position x = 0, y = 0

2019-04-21 02:30:31 - [TEST_STEP][PASSED] - click(findTestObject("Object Repository/Page_KiboEngage  Templates/h3_Templates")): Object: 'Object Repository/Page_KiboEngage  Templates/h3_Templates' is clicked on

2019-04-21 02:30:31 - [MESSAGE][PASSED] - Object: 'Object Repository/Page_KiboEngage  Templates/h3_Templates' is clicked on

2019-04-21 02:30:31 - [TEST_STEP][PASSED] - delay(3): Delayed 3 second(s)

2019-04-21 02:30:34 - [MESSAGE][PASSED] - Delayed 3 second(s)

2019-04-21 02:30:34 - [MESSAGE][PASSED] - Call Test Case 'Test Cases/s-sidebar_navigation/individualAccount/Template' successfully

2019-04-21 02:30:34 - [TEST_STEP][PASSED] - click(findTestObject("Object Repository/Page_KiboPush  Dashboard/button_Create New")): Object: 'Object Repository/Page_KiboPush  Dashboard/button_Create New' is clicked on

2019-04-21 02:30:34 - [MESSAGE][PASSED] - Object: 'Object Repository/Page_KiboPush  Dashboard/button_Create New' is clicked on

2019-04-21 02:30:34 - [TEST_STEP][PASSED] - click(findTestObject("Object Repository/Page_KiboPush  Create Broadcast Tem/h3_Create Broadcast Template")): Object: 'Object Repository/Page_KiboPush  Create Broadcast Tem/h3_Create Broadcast Template' is clicked on

2019-04-21 02:30:34 - [MESSAGE][PASSED] - Object: 'Object Repository/Page_KiboPush  Create Broadcast Tem/h3_Create Broadcast Template' is clicked on

2019-04-21 02:30:34 - [MESSAGE][PASSED] - Call Test Case 'Test Cases/Template testcases/TC0768' successfully

2019-04-21 02:30:34 - [TEST_STEP][PASSED] - click(findTestObject("Page_KiboPush  Create Broadcast Tem/h6_Card (1)")): Object: 'Object Repository/Page_KiboPush  Create Broadcast Tem/h6_Card (1)' is clicked on

2019-04-21 02:30:35 - [MESSAGE][PASSED] - Object: 'Object Repository/Page_KiboPush  Create Broadcast Tem/h6_Card (1)' is clicked on

2019-04-21 02:30:35 - [TEST_STEP][PASSED] - click(findTestObject("Object Repository/Page_KiboEngage  Create Broadcast Template/div_New card component added")): Object: 'Object Repository/Page_KiboEngage  Create Broadcast Template/div_New card component added' is clicked on

2019-04-21 02:30:35 - [MESSAGE][PASSED] - Object: 'Object Repository/Page_KiboEngage  Create Broadcast Template/div_New card component added' is clicked on

2019-04-21 02:30:35 - [MESSAGE][PASSED] - Call Test Case 'Test Cases/Template testcases/TC0779' successfully

2019-04-21 02:30:35 - [TEST_STEP][PASSED] - img = getProjectDir() + "/sample.jpg": null

2019-04-21 02:30:35 - [TEST_STEP][FAILED] - uploadFile(findTestObject("Page_KiboPush  Create Broadcast Tem/img"), img): Unable to upload file '/home/faizan/Drive/KiboPush_Automated_Testing/KiboPush Katalon/sample.jpg' to object 'Object Repository/Page_KiboPush  Create Broadcast Tem/img' (Root cause: com.kms.katalon.core.exception.StepFailedException: Unable to upload file '/home/faizan/Drive/KiboPush_Automated_Testing/KiboPush Katalon/sample.jpg' to object 'Object Repository/Page_KiboPush  Create Broadcast Tem/img'
	at com.kms.katalon.core.webui.keyword.internal.WebUIKeywordMain.stepFailed(WebUIKeywordMain.groovy:64)
	at com.kms.katalon.core.webui.keyword.internal.WebUIKeywordMain.runKeyword(WebUIKeywordMain.groovy:26)
	at com.kms.katalon.core.webui.keyword.builtin.UploadFileKeyword.uploadFile(UploadFileKeyword.groovy:87)
	at com.kms.katalon.core.webui.keyword.builtin.UploadFileKeyword.execute(UploadFileKeyword.groovy:68)
	at com.kms.katalon.core.keyword.internal.KeywordExecutor.executeKeywordForPlatform(KeywordExecutor.groovy:56)
	at com.kms.katalon.core.webui.keyword.WebUiBuiltInKeywords.uploadFile(WebUiBuiltInKeywords.groovy:2945)
	at com.kms.katalon.core.webui.keyword.WebUiBuiltInKeywords$uploadFile$8.call(Unknown Source)
	at TC0787.run(TC0787:32)
	at com.kms.katalon.core.main.ScriptEngine.run(ScriptEngine.java:194)
	at com.kms.katalon.core.main.ScriptEngine.runScriptAsRawText(ScriptEngine.java:119)
	at com.kms.katalon.core.main.TestCaseExecutor.runScript(TestCaseExecutor.java:336)
	at com.kms.katalon.core.main.TestCaseExecutor.doExecute(TestCaseExecutor.java:327)
	at com.kms.katalon.core.main.TestCaseExecutor.processExecutionPhase(TestCaseExecutor.java:306)
	at com.kms.katalon.core.main.TestCaseExecutor.accessMainPhase(TestCaseExecutor.java:298)
	at com.kms.katalon.core.main.TestCaseExecutor.execute(TestCaseExecutor.java:232)
	at com.kms.katalon.core.main.TestSuiteExecutor.accessTestCaseMainPhase(TestSuiteExecutor.java:129)
	at com.kms.katalon.core.main.TestSuiteExecutor.accessTestSuiteMainPhase(TestSuiteExecutor.java:112)
	at com.kms.katalon.core.main.TestSuiteExecutor.execute(TestSuiteExecutor.java:81)
	at com.kms.katalon.core.main.TestCaseMain.startTestSuite(TestCaseMain.java:157)
	at com.kms.katalon.core.main.TestCaseMain$startTestSuite$0.call(Unknown Source)
	at TempTestSuite1555795243480.run(TempTestSuite1555795243480.groovy:35)
Caused by: com.kms.katalon.core.webui.exception.WebElementNotFoundException: Web element with id: 'Object Repository/Page_KiboPush  Create Broadcast Tem/img' located by 'By.xpath: //*[@id="List1"]/div/div/div[3]/div/input' not found
	at com.kms.katalon.core.webui.common.WebUiCommonHelper.findWebElement(WebUiCommonHelper.java:1097)
	at com.kms.katalon.core.webui.keyword.internal.WebUIAbstractKeyword.findWebElement(WebUIAbstractKeyword.groovy:27)
	at com.kms.katalon.core.webui.keyword.internal.WebUIAbstractKeyword.findWebElement(WebUIAbstractKeyword.groovy:26)
	at com.kms.katalon.core.webui.keyword.builtin.UploadFileKeyword$_uploadFile_closure1.doCall(UploadFileKeyword.groovy:79)
	at com.kms.katalon.core.webui.keyword.builtin.UploadFileKeyword$_uploadFile_closure1.call(UploadFileKeyword.groovy)
	at com.kms.katalon.core.webui.keyword.internal.WebUIKeywordMain.runKeyword(WebUIKeywordMain.groovy:20)
	at com.kms.katalon.core.webui.keyword.builtin.UploadFileKeyword.uploadFile(UploadFileKeyword.groovy:87)
	at com.kms.katalon.core.webui.keyword.builtin.UploadFileKeyword.execute(UploadFileKeyword.groovy:68)
	at com.kms.katalon.core.keyword.internal.KeywordExecutor.executeKeywordForPlatform(KeywordExecutor.groovy:56)
	at com.kms.katalon.core.webui.keyword.WebUiBuiltInKeywords.uploadFile(WebUiBuiltInKeywords.groovy:2945)
	at com.kms.katalon.core.webui.keyword.WebUiBuiltInKeywords$uploadFile$8.call(Unknown Source)
	at Script1537075287422.run(Script1537075287422.groovy:32)
	... 13 more
)

2019-04-21 02:31:06 - [MESSAGE][INFO] - Unable to find the element located by 'By.xpath: //*[@id="List1"]/div/div/div[3]/div/input'. Please recheck the objects properties to make sure the desired element is located. 

2019-04-21 02:31:06 - [MESSAGE][FAILED] - Unable to upload file '/home/faizan/Drive/KiboPush_Automated_Testing/KiboPush Katalon/sample.jpg' to object 'Object Repository/Page_KiboPush  Create Broadcast Tem/img' (Root cause: com.kms.katalon.core.exception.StepFailedException: Unable to upload file '/home/faizan/Drive/KiboPush_Automated_Testing/KiboPush Katalon/sample.jpg' to object 'Object Repository/Page_KiboPush  Create Broadcast Tem/img'
	at com.kms.katalon.core.webui.keyword.internal.WebUIKeywordMain.stepFailed(WebUIKeywordMain.groovy:64)
	at com.kms.katalon.core.webui.keyword.internal.WebUIKeywordMain.runKeyword(WebUIKeywordMain.groovy:26)
	at com.kms.katalon.core.webui.keyword.builtin.UploadFileKeyword.uploadFile(UploadFileKeyword.groovy:87)
	at com.kms.katalon.core.webui.keyword.builtin.UploadFileKeyword.execute(UploadFileKeyword.groovy:68)
	at com.kms.katalon.core.keyword.internal.KeywordExecutor.executeKeywordForPlatform(KeywordExecutor.groovy:56)
	at com.kms.katalon.core.webui.keyword.WebUiBuiltInKeywords.uploadFile(WebUiBuiltInKeywords.groovy:2945)
	at com.kms.katalon.core.webui.keyword.WebUiBuiltInKeywords$uploadFile$8.call(Unknown Source)
	at TC0787.run(TC0787:32)
	at com.kms.katalon.core.main.ScriptEngine.run(ScriptEngine.java:194)
	at com.kms.katalon.core.main.ScriptEngine.runScriptAsRawText(ScriptEngine.java:119)
	at com.kms.katalon.core.main.TestCaseExecutor.runScript(TestCaseExecutor.java:336)
	at com.kms.katalon.core.main.TestCaseExecutor.doExecute(TestCaseExecutor.java:327)
	at com.kms.katalon.core.main.TestCaseExecutor.processExecutionPhase(TestCaseExecutor.java:306)
	at com.kms.katalon.core.main.TestCaseExecutor.accessMainPhase(TestCaseExecutor.java:298)
	at com.kms.katalon.core.main.TestCaseExecutor.execute(TestCaseExecutor.java:232)
	at com.kms.katalon.core.main.TestSuiteExecutor.accessTestCaseMainPhase(TestSuiteExecutor.java:129)
	at com.kms.katalon.core.main.TestSuiteExecutor.accessTestSuiteMainPhase(TestSuiteExecutor.java:112)
	at com.kms.katalon.core.main.TestSuiteExecutor.execute(TestSuiteExecutor.java:81)
	at com.kms.katalon.core.main.TestCaseMain.startTestSuite(TestCaseMain.java:157)
	at com.kms.katalon.core.main.TestCaseMain$startTestSuite$0.call(Unknown Source)
	at TempTestSuite1555795243480.run(TempTestSuite1555795243480.groovy:35)
Caused by: com.kms.katalon.core.webui.exception.WebElementNotFoundException: Web element with id: 'Object Repository/Page_KiboPush  Create Broadcast Tem/img' located by 'By.xpath: //*[@id="List1"]/div/div/div[3]/div/input' not found
	at com.kms.katalon.core.webui.common.WebUiCommonHelper.findWebElement(WebUiCommonHelper.java:1097)
	at com.kms.katalon.core.webui.keyword.internal.WebUIAbstractKeyword.findWebElement(WebUIAbstractKeyword.groovy:27)
	at com.kms.katalon.core.webui.keyword.internal.WebUIAbstractKeyword.findWebElement(WebUIAbstractKeyword.groovy:26)
	at com.kms.katalon.core.webui.keyword.builtin.UploadFileKeyword$_uploadFile_closure1.doCall(UploadFileKeyword.groovy:79)
	at com.kms.katalon.core.webui.keyword.builtin.UploadFileKeyword$_uploadFile_closure1.call(UploadFileKeyword.groovy)
	at com.kms.katalon.core.webui.keyword.internal.WebUIKeywordMain.runKeyword(WebUIKeywordMain.groovy:20)
	at com.kms.katalon.core.webui.keyword.builtin.UploadFileKeyword.uploadFile(UploadFileKeyword.groovy:87)
	at com.kms.katalon.core.webui.keyword.builtin.UploadFileKeyword.execute(UploadFileKeyword.groovy:68)
	at com.kms.katalon.core.keyword.internal.KeywordExecutor.executeKeywordForPlatform(KeywordExecutor.groovy:56)
	at com.kms.katalon.core.webui.keyword.WebUiBuiltInKeywords.uploadFile(WebUiBuiltInKeywords.groovy:2945)
	at com.kms.katalon.core.webui.keyword.WebUiBuiltInKeywords$uploadFile$8.call(Unknown Source)
	at Script1537075287422.run(Script1537075287422.groovy:32)
	... 13 more
)
[[ATTACHMENT|/home/faizan/Drive/KiboPush_Automated_Testing/KiboPush Katalon/Reports/Faizan Suits/Template/20190421_022043/1555795866314.png]]]]></system-out>
         <system-err><![CDATA[2019-04-21 02:30:26 - [TEST_CASE][FAILED] - Test Cases/Template testcases/TC0787: Test Cases/Template testcases/TC0787 FAILED.
Reason:
com.kms.katalon.core.exception.StepFailedException: Unable to upload file '/home/faizan/Drive/KiboPush_Automated_Testing/KiboPush Katalon/sample.jpg' to object 'Object Repository/Page_KiboPush  Create Broadcast Tem/img'
	at com.kms.katalon.core.webui.keyword.internal.WebUIKeywordMain.stepFailed(WebUIKeywordMain.groovy:64)
	at com.kms.katalon.core.webui.keyword.internal.WebUIKeywordMain.runKeyword(WebUIKeywordMain.groovy:26)
	at com.kms.katalon.core.webui.keyword.builtin.UploadFileKeyword.uploadFile(UploadFileKeyword.groovy:87)
	at com.kms.katalon.core.webui.keyword.builtin.UploadFileKeyword.execute(UploadFileKeyword.groovy:68)
	at com.kms.katalon.core.keyword.internal.KeywordExecutor.executeKeywordForPlatform(KeywordExecutor.groovy:56)
	at com.kms.katalon.core.webui.keyword.WebUiBuiltInKeywords.uploadFile(WebUiBuiltInKeywords.groovy:2945)
	at com.kms.katalon.core.webui.keyword.WebUiBuiltInKeywords$uploadFile$8.call(Unknown Source)
	at TC0787.run(TC0787:32)
	at com.kms.katalon.core.main.ScriptEngine.run(ScriptEngine.java:194)
	at com.kms.katalon.core.main.ScriptEngine.runScriptAsRawText(ScriptEngine.java:119)
	at com.kms.katalon.core.main.TestCaseExecutor.runScript(TestCaseExecutor.java:336)
	at com.kms.katalon.core.main.TestCaseExecutor.doExecute(TestCaseExecutor.java:327)
	at com.kms.katalon.core.main.TestCaseExecutor.processExecutionPhase(TestCaseExecutor.java:306)
	at com.kms.katalon.core.main.TestCaseExecutor.accessMainPhase(TestCaseExecutor.java:298)
	at com.kms.katalon.core.main.TestCaseExecutor.execute(TestCaseExecutor.java:232)
	at com.kms.katalon.core.main.TestSuiteExecutor.accessTestCaseMainPhase(TestSuiteExecutor.java:129)
	at com.kms.katalon.core.main.TestSuiteExecutor.accessTestSuiteMainPhase(TestSuiteExecutor.java:112)
	at com.kms.katalon.core.main.TestSuiteExecutor.execute(TestSuiteExecutor.java:81)
	at com.kms.katalon.core.main.TestCaseMain.startTestSuite(TestCaseMain.java:157)
	at com.kms.katalon.core.main.TestCaseMain$startTestSuite$0.call(Unknown Source)
	at TempTestSuite1555795243480.run(TempTestSuite1555795243480.groovy:35)
Caused by: com.kms.katalon.core.webui.exception.WebElementNotFoundException: Web element with id: 'Object Repository/Page_KiboPush  Create Broadcast Tem/img' located by 'By.xpath: //*[@id="List1"]/div/div/div[3]/div/input' not found
	at com.kms.katalon.core.webui.common.WebUiCommonHelper.findWebElement(WebUiCommonHelper.java:1097)
	at com.kms.katalon.core.webui.keyword.internal.WebUIAbstractKeyword.findWebElement(WebUIAbstractKeyword.groovy:27)
	at com.kms.katalon.core.webui.keyword.internal.WebUIAbstractKeyword.findWebElement(WebUIAbstractKeyword.groovy:26)
	at com.kms.katalon.core.webui.keyword.builtin.UploadFileKeyword$_uploadFile_closure1.doCall(UploadFileKeyword.groovy:79)
	at com.kms.katalon.core.webui.keyword.builtin.UploadFileKeyword$_uploadFile_closure1.call(UploadFileKeyword.groovy)
	at com.kms.katalon.core.webui.keyword.internal.WebUIKeywordMain.runKeyword(WebUIKeywordMain.groovy:20)
	at com.kms.katalon.core.webui.keyword.builtin.UploadFileKeyword.uploadFile(UploadFileKeyword.groovy:87)
	at com.kms.katalon.core.webui.keyword.builtin.UploadFileKeyword.execute(UploadFileKeyword.groovy:68)
	at com.kms.katalon.core.keyword.internal.KeywordExecutor.executeKeywordForPlatform(KeywordExecutor.groovy:56)
	at com.kms.katalon.core.webui.keyword.WebUiBuiltInKeywords.uploadFile(WebUiBuiltInKeywords.groovy:2945)
	at com.kms.katalon.core.webui.keyword.WebUiBuiltInKeywords$uploadFile$8.call(Unknown Source)
	at Script1537075287422.run(Script1537075287422.groovy:32)
	... 13 more]]></system-err>
      </testcase>
      <testcase name="Test Cases/Template testcases/TC0788" classname="Test Cases/Template testcases/TC0788" status="PASSED">
         <system-out><![CDATA[2019-04-21 02:31:06 - [TEST_CASE][PASSED] - Test Cases/Template testcases/TC0788: Test Cases/Template testcases/TC0788

2019-04-21 02:31:06 - [TEST_STEP][PASSED] - callTestCase(findTestCase("Template testcases/TC0768"), [:], STOP_ON_FAILURE): Call Test Case 'Test Cases/Template testcases/TC0768' successfully

2019-04-21 02:31:06 - [TEST_CASE][PASSED] - Test Cases/Template testcases/TC0768: Test Cases/Template testcases/TC0768

2019-04-21 02:31:06 - [TEST_STEP][PASSED] - callTestCase(findTestCase("s-sidebar_navigation/individualAccount/Template"), [:], STOP_ON_FAILURE): Call Test Case 'Test Cases/s-sidebar_navigation/individualAccount/Template' successfully

2019-04-21 02:31:06 - [TEST_CASE][PASSED] - Test Cases/s-sidebar_navigation/individualAccount/Template: Test Cases/s-sidebar_navigation/individualAccount/Template

2019-04-21 02:31:06 - [TEST_STEP][PASSED] - click(findTestObject("Page_KiboPush  Dashboard/span_Broadcasts")): Object: 'Object Repository/Page_KiboPush  Dashboard/span_Broadcasts' is clicked on

2019-04-21 02:31:07 - [MESSAGE][PASSED] - Object: 'Object Repository/Page_KiboPush  Dashboard/span_Broadcasts' is clicked on

2019-04-21 02:31:07 - [TEST_STEP][PASSED] - delay(1): Delayed 1 second(s)

2019-04-21 02:31:08 - [MESSAGE][PASSED] - Delayed 1 second(s)

2019-04-21 02:31:08 - [TEST_STEP][PASSED] - click(findTestObject("Page_KiboPush  Dashboard/span_Templates")): Object: 'Object Repository/Page_KiboPush  Dashboard/span_Templates' is clicked on

2019-04-21 02:31:08 - [MESSAGE][PASSED] - Object: 'Object Repository/Page_KiboPush  Dashboard/span_Templates' is clicked on

2019-04-21 02:31:08 - [TEST_STEP][PASSED] - delay(3): Delayed 3 second(s)

2019-04-21 02:31:11 - [MESSAGE][PASSED] - Delayed 3 second(s)

2019-04-21 02:31:11 - [TEST_STEP][PASSED] - scrollToPosition(0, 0): Browser is scrolled to position x = 0, y = 0

2019-04-21 02:31:11 - [MESSAGE][PASSED] - Browser is scrolled to position x = 0, y = 0

2019-04-21 02:31:11 - [TEST_STEP][PASSED] - click(findTestObject("Object Repository/Page_KiboEngage  Templates/h3_Templates")): Object: 'Object Repository/Page_KiboEngage  Templates/h3_Templates' is clicked on

2019-04-21 02:31:11 - [MESSAGE][PASSED] - Object: 'Object Repository/Page_KiboEngage  Templates/h3_Templates' is clicked on

2019-04-21 02:31:11 - [TEST_STEP][PASSED] - delay(3): Delayed 3 second(s)

2019-04-21 02:31:14 - [MESSAGE][PASSED] - Delayed 3 second(s)

2019-04-21 02:31:14 - [MESSAGE][PASSED] - Call Test Case 'Test Cases/s-sidebar_navigation/individualAccount/Template' successfully

2019-04-21 02:31:14 - [TEST_STEP][PASSED] - click(findTestObject("Object Repository/Page_KiboPush  Dashboard/button_Create New")): Object: 'Object Repository/Page_KiboPush  Dashboard/button_Create New' is clicked on

2019-04-21 02:31:14 - [MESSAGE][PASSED] - Object: 'Object Repository/Page_KiboPush  Dashboard/button_Create New' is clicked on

2019-04-21 02:31:14 - [TEST_STEP][PASSED] - click(findTestObject("Object Repository/Page_KiboPush  Create Broadcast Tem/h3_Create Broadcast Template")): Object: 'Object Repository/Page_KiboPush  Create Broadcast Tem/h3_Create Broadcast Template' is clicked on

2019-04-21 02:31:14 - [MESSAGE][PASSED] - Object: 'Object Repository/Page_KiboPush  Create Broadcast Tem/h3_Create Broadcast Template' is clicked on

2019-04-21 02:31:14 - [MESSAGE][PASSED] - Call Test Case 'Test Cases/Template testcases/TC0768' successfully

2019-04-21 02:31:14 - [TEST_STEP][PASSED] - click(findTestObject("Page_KiboPush  Create Broadcast Tem/h6_Gallery (1)")): Object: 'Object Repository/Page_KiboPush  Create Broadcast Tem/h6_Gallery (1)' is clicked on

2019-04-21 02:31:15 - [MESSAGE][PASSED] - Object: 'Object Repository/Page_KiboPush  Create Broadcast Tem/h6_Gallery (1)' is clicked on

2019-04-21 02:31:15 - [TEST_STEP][PASSED] - click(findTestObject("Object Repository/Page_KiboEngage  Create Broadcast Template/div_New gallery component added")): Object: 'Object Repository/Page_KiboEngage  Create Broadcast Template/div_New gallery component added' is clicked on

2019-04-21 02:31:15 - [MESSAGE][PASSED] - Object: 'Object Repository/Page_KiboEngage  Create Broadcast Template/div_New gallery component added' is clicked on]]></system-out>
         <system-err><![CDATA[]]></system-err>
      </testcase>
      <testcase name="Test Cases/Template testcases/TC0789" classname="Test Cases/Template testcases/TC0789" status="FAILED">
         <failure type="FAILED" message="Test Cases/Template testcases/TC0789 FAILED.
Reason:
com.kms.katalon.core.exception.StepFailedException: Unable to click on object 'Object Repository/Page_KiboEngage  Create Broadcast Template/div_Card in gallery must have at least title Substitle image and button'
	at com.kms.katalon.core.webui.keyword.internal.WebUIKeywordMain.stepFailed(WebUIKeywordMain.groovy:64)
	at com.kms.katalon.core.webui.keyword.internal.WebUIKeywordMain.runKeyword(WebUIKeywordMain.groovy:26)
	at com.kms.katalon.core.webui.keyword.builtin.ClickKeyword.click(ClickKeyword.groovy:86)
	at com.kms.katalon.core.webui.keyword.builtin.ClickKeyword.execute(ClickKeyword.groovy:67)
	at com.kms.katalon.core.keyword.internal.KeywordExecutor.executeKeywordForPlatform(KeywordExecutor.groovy:56)
	at com.kms.katalon.core.webui.keyword.WebUiBuiltInKeywords.click(WebUiBuiltInKeywords.groovy:616)
	at com.kms.katalon.core.webui.keyword.WebUiBuiltInKeywords$click$2.call(Unknown Source)
	at TC0789.run(TC0789:26)
	at com.kms.katalon.core.main.ScriptEngine.run(ScriptEngine.java:194)
	at com.kms.katalon.core.main.ScriptEngine.runScriptAsRawText(ScriptEngine.java:119)
	at com.kms.katalon.core.main.TestCaseExecutor.runScript(TestCaseExecutor.java:336)
	at com.kms.katalon.core.main.TestCaseExecutor.doExecute(TestCaseExecutor.java:327)
	at com.kms.katalon.core.main.TestCaseExecutor.processExecutionPhase(TestCaseExecutor.java:306)
	at com.kms.katalon.core.main.TestCaseExecutor.accessMainPhase(TestCaseExecutor.java:298)
	at com.kms.katalon.core.main.TestCaseExecutor.execute(TestCaseExecutor.java:232)
	at com.kms.katalon.core.main.TestSuiteExecutor.accessTestCaseMainPhase(TestSuiteExecutor.java:129)
	at com.kms.katalon.core.main.TestSuiteExecutor.accessTestSuiteMainPhase(TestSuiteExecutor.java:112)
	at com.kms.katalon.core.main.TestSuiteExecutor.execute(TestSuiteExecutor.java:81)
	at com.kms.katalon.core.main.TestCaseMain.startTestSuite(TestCaseMain.java:157)
	at com.kms.katalon.core.main.TestCaseMain$startTestSuite$0.call(Unknown Source)
	at TempTestSuite1555795243480.run(TempTestSuite1555795243480.groovy:35)
Caused by: com.kms.katalon.core.webui.exception.WebElementNotFoundException: Web element with id: 'Object Repository/Page_KiboEngage  Create Broadcast Template/div_Card in gallery must have at least title Substitle image and button' located by 'By.xpath: //div[(text() = 'Card in gallery must have at least title, Substitle, image and button.' or . = 'Card in gallery must have at least title, Substitle, image and button.')]' not found
	at com.kms.katalon.core.webui.common.WebUiCommonHelper.findWebElement(WebUiCommonHelper.java:1097)
	at com.kms.katalon.core.webui.keyword.internal.WebUIAbstractKeyword.findWebElement(WebUIAbstractKeyword.groovy:27)
	at com.kms.katalon.core.webui.keyword.internal.WebUIAbstractKeyword.findWebElement(WebUIAbstractKeyword.groovy:26)
	at com.kms.katalon.core.webui.keyword.builtin.ClickKeyword$_click_closure1.doCall(ClickKeyword.groovy:77)
	at com.kms.katalon.core.webui.keyword.builtin.ClickKeyword$_click_closure1.call(ClickKeyword.groovy)
	at com.kms.katalon.core.webui.keyword.internal.WebUIKeywordMain.runKeyword(WebUIKeywordMain.groovy:20)
	at com.kms.katalon.core.webui.keyword.builtin.ClickKeyword.click(ClickKeyword.groovy:86)
	at com.kms.katalon.core.webui.keyword.builtin.ClickKeyword.execute(ClickKeyword.groovy:67)
	at com.kms.katalon.core.keyword.internal.KeywordExecutor.executeKeywordForPlatform(KeywordExecutor.groovy:56)
	at com.kms.katalon.core.webui.keyword.WebUiBuiltInKeywords.click(WebUiBuiltInKeywords.groovy:616)
	at com.kms.katalon.core.webui.keyword.WebUiBuiltInKeywords$click$2.call(Unknown Source)
	at Script1537076156171.run(Script1537076156171.groovy:26)
	... 13 more
"/>
         <system-out><![CDATA[2019-04-21 02:31:15 - [TEST_CASE][FAILED] - Test Cases/Template testcases/TC0789: Test Cases/Template testcases/TC0789 FAILED.
Reason:
com.kms.katalon.core.exception.StepFailedException: Unable to click on object 'Object Repository/Page_KiboEngage  Create Broadcast Template/div_Card in gallery must have at least title Substitle image and button'
	at com.kms.katalon.core.webui.keyword.internal.WebUIKeywordMain.stepFailed(WebUIKeywordMain.groovy:64)
	at com.kms.katalon.core.webui.keyword.internal.WebUIKeywordMain.runKeyword(WebUIKeywordMain.groovy:26)
	at com.kms.katalon.core.webui.keyword.builtin.ClickKeyword.click(ClickKeyword.groovy:86)
	at com.kms.katalon.core.webui.keyword.builtin.ClickKeyword.execute(ClickKeyword.groovy:67)
	at com.kms.katalon.core.keyword.internal.KeywordExecutor.executeKeywordForPlatform(KeywordExecutor.groovy:56)
	at com.kms.katalon.core.webui.keyword.WebUiBuiltInKeywords.click(WebUiBuiltInKeywords.groovy:616)
	at com.kms.katalon.core.webui.keyword.WebUiBuiltInKeywords$click$2.call(Unknown Source)
	at TC0789.run(TC0789:26)
	at com.kms.katalon.core.main.ScriptEngine.run(ScriptEngine.java:194)
	at com.kms.katalon.core.main.ScriptEngine.runScriptAsRawText(ScriptEngine.java:119)
	at com.kms.katalon.core.main.TestCaseExecutor.runScript(TestCaseExecutor.java:336)
	at com.kms.katalon.core.main.TestCaseExecutor.doExecute(TestCaseExecutor.java:327)
	at com.kms.katalon.core.main.TestCaseExecutor.processExecutionPhase(TestCaseExecutor.java:306)
	at com.kms.katalon.core.main.TestCaseExecutor.accessMainPhase(TestCaseExecutor.java:298)
	at com.kms.katalon.core.main.TestCaseExecutor.execute(TestCaseExecutor.java:232)
	at com.kms.katalon.core.main.TestSuiteExecutor.accessTestCaseMainPhase(TestSuiteExecutor.java:129)
	at com.kms.katalon.core.main.TestSuiteExecutor.accessTestSuiteMainPhase(TestSuiteExecutor.java:112)
	at com.kms.katalon.core.main.TestSuiteExecutor.execute(TestSuiteExecutor.java:81)
	at com.kms.katalon.core.main.TestCaseMain.startTestSuite(TestCaseMain.java:157)
	at com.kms.katalon.core.main.TestCaseMain$startTestSuite$0.call(Unknown Source)
	at TempTestSuite1555795243480.run(TempTestSuite1555795243480.groovy:35)
Caused by: com.kms.katalon.core.webui.exception.WebElementNotFoundException: Web element with id: 'Object Repository/Page_KiboEngage  Create Broadcast Template/div_Card in gallery must have at least title Substitle image and button' located by 'By.xpath: //div[(text() = 'Card in gallery must have at least title, Substitle, image and button.' or . = 'Card in gallery must have at least title, Substitle, image and button.')]' not found
	at com.kms.katalon.core.webui.common.WebUiCommonHelper.findWebElement(WebUiCommonHelper.java:1097)
	at com.kms.katalon.core.webui.keyword.internal.WebUIAbstractKeyword.findWebElement(WebUIAbstractKeyword.groovy:27)
	at com.kms.katalon.core.webui.keyword.internal.WebUIAbstractKeyword.findWebElement(WebUIAbstractKeyword.groovy:26)
	at com.kms.katalon.core.webui.keyword.builtin.ClickKeyword$_click_closure1.doCall(ClickKeyword.groovy:77)
	at com.kms.katalon.core.webui.keyword.builtin.ClickKeyword$_click_closure1.call(ClickKeyword.groovy)
	at com.kms.katalon.core.webui.keyword.internal.WebUIKeywordMain.runKeyword(WebUIKeywordMain.groovy:20)
	at com.kms.katalon.core.webui.keyword.builtin.ClickKeyword.click(ClickKeyword.groovy:86)
	at com.kms.katalon.core.webui.keyword.builtin.ClickKeyword.execute(ClickKeyword.groovy:67)
	at com.kms.katalon.core.keyword.internal.KeywordExecutor.executeKeywordForPlatform(KeywordExecutor.groovy:56)
	at com.kms.katalon.core.webui.keyword.WebUiBuiltInKeywords.click(WebUiBuiltInKeywords.groovy:616)
	at com.kms.katalon.core.webui.keyword.WebUiBuiltInKeywords$click$2.call(Unknown Source)
	at Script1537076156171.run(Script1537076156171.groovy:26)
	... 13 more


2019-04-21 02:31:15 - [TEST_STEP][PASSED] - callTestCase(findTestCase("Template testcases/TC0788"), [:], STOP_ON_FAILURE): Call Test Case 'Test Cases/Template testcases/TC0788' successfully

2019-04-21 02:31:15 - [TEST_CASE][PASSED] - Test Cases/Template testcases/TC0788: Test Cases/Template testcases/TC0788

2019-04-21 02:31:15 - [TEST_STEP][PASSED] - callTestCase(findTestCase("Template testcases/TC0768"), [:], STOP_ON_FAILURE): Call Test Case 'Test Cases/Template testcases/TC0768' successfully

2019-04-21 02:31:15 - [TEST_CASE][PASSED] - Test Cases/Template testcases/TC0768: Test Cases/Template testcases/TC0768

2019-04-21 02:31:15 - [TEST_STEP][PASSED] - callTestCase(findTestCase("s-sidebar_navigation/individualAccount/Template"), [:], STOP_ON_FAILURE): Call Test Case 'Test Cases/s-sidebar_navigation/individualAccount/Template' successfully

2019-04-21 02:31:15 - [TEST_CASE][PASSED] - Test Cases/s-sidebar_navigation/individualAccount/Template: Test Cases/s-sidebar_navigation/individualAccount/Template

2019-04-21 02:31:15 - [TEST_STEP][PASSED] - click(findTestObject("Page_KiboPush  Dashboard/span_Broadcasts")): Object: 'Object Repository/Page_KiboPush  Dashboard/span_Broadcasts' is clicked on

2019-04-21 02:31:16 - [MESSAGE][PASSED] - Object: 'Object Repository/Page_KiboPush  Dashboard/span_Broadcasts' is clicked on

2019-04-21 02:31:16 - [TEST_STEP][PASSED] - delay(1): Delayed 1 second(s)

2019-04-21 02:31:17 - [MESSAGE][PASSED] - Delayed 1 second(s)

2019-04-21 02:31:17 - [TEST_STEP][PASSED] - click(findTestObject("Page_KiboPush  Dashboard/span_Templates")): Object: 'Object Repository/Page_KiboPush  Dashboard/span_Templates' is clicked on

2019-04-21 02:31:17 - [MESSAGE][PASSED] - Object: 'Object Repository/Page_KiboPush  Dashboard/span_Templates' is clicked on

2019-04-21 02:31:17 - [TEST_STEP][PASSED] - delay(3): Delayed 3 second(s)

2019-04-21 02:31:20 - [MESSAGE][PASSED] - Delayed 3 second(s)

2019-04-21 02:31:20 - [TEST_STEP][PASSED] - scrollToPosition(0, 0): Browser is scrolled to position x = 0, y = 0

2019-04-21 02:31:20 - [MESSAGE][PASSED] - Browser is scrolled to position x = 0, y = 0

2019-04-21 02:31:20 - [TEST_STEP][PASSED] - click(findTestObject("Object Repository/Page_KiboEngage  Templates/h3_Templates")): Object: 'Object Repository/Page_KiboEngage  Templates/h3_Templates' is clicked on

2019-04-21 02:31:20 - [MESSAGE][PASSED] - Object: 'Object Repository/Page_KiboEngage  Templates/h3_Templates' is clicked on

2019-04-21 02:31:20 - [TEST_STEP][PASSED] - delay(3): Delayed 3 second(s)

2019-04-21 02:31:23 - [MESSAGE][PASSED] - Delayed 3 second(s)

2019-04-21 02:31:23 - [MESSAGE][PASSED] - Call Test Case 'Test Cases/s-sidebar_navigation/individualAccount/Template' successfully

2019-04-21 02:31:23 - [TEST_STEP][PASSED] - click(findTestObject("Object Repository/Page_KiboPush  Dashboard/button_Create New")): Object: 'Object Repository/Page_KiboPush  Dashboard/button_Create New' is clicked on

2019-04-21 02:31:24 - [MESSAGE][PASSED] - Object: 'Object Repository/Page_KiboPush  Dashboard/button_Create New' is clicked on

2019-04-21 02:31:24 - [TEST_STEP][PASSED] - click(findTestObject("Object Repository/Page_KiboPush  Create Broadcast Tem/h3_Create Broadcast Template")): Object: 'Object Repository/Page_KiboPush  Create Broadcast Tem/h3_Create Broadcast Template' is clicked on

2019-04-21 02:31:24 - [MESSAGE][PASSED] - Object: 'Object Repository/Page_KiboPush  Create Broadcast Tem/h3_Create Broadcast Template' is clicked on

2019-04-21 02:31:24 - [MESSAGE][PASSED] - Call Test Case 'Test Cases/Template testcases/TC0768' successfully

2019-04-21 02:31:24 - [TEST_STEP][PASSED] - click(findTestObject("Page_KiboPush  Create Broadcast Tem/h6_Gallery (1)")): Object: 'Object Repository/Page_KiboPush  Create Broadcast Tem/h6_Gallery (1)' is clicked on

2019-04-21 02:31:24 - [MESSAGE][PASSED] - Object: 'Object Repository/Page_KiboPush  Create Broadcast Tem/h6_Gallery (1)' is clicked on

2019-04-21 02:31:24 - [TEST_STEP][PASSED] - click(findTestObject("Object Repository/Page_KiboEngage  Create Broadcast Template/div_New gallery component added")): Object: 'Object Repository/Page_KiboEngage  Create Broadcast Template/div_New gallery component added' is clicked on

2019-04-21 02:31:24 - [MESSAGE][PASSED] - Object: 'Object Repository/Page_KiboEngage  Create Broadcast Template/div_New gallery component added' is clicked on

2019-04-21 02:31:24 - [MESSAGE][PASSED] - Call Test Case 'Test Cases/Template testcases/TC0788' successfully

2019-04-21 02:31:24 - [TEST_STEP][PASSED] - click(findTestObject("Page_KiboPush  Create Broadcast Tem/button_Create (7) (1)")): Object: 'Object Repository/Page_KiboPush  Create Broadcast Tem/button_Create (7) (1)' is clicked on

2019-04-21 02:31:24 - [MESSAGE][PASSED] - Object: 'Object Repository/Page_KiboPush  Create Broadcast Tem/button_Create (7) (1)' is clicked on

2019-04-21 02:31:24 - [TEST_STEP][FAILED] - click(findTestObject("Object Repository/Page_KiboEngage  Create Broadcast Template/div_Card in gallery must have at least title Substitle image and button")): Unable to click on object 'Object Repository/Page_KiboEngage  Create Broadcast Template/div_Card in gallery must have at least title Substitle image and button' (Root cause: com.kms.katalon.core.exception.StepFailedException: Unable to click on object 'Object Repository/Page_KiboEngage  Create Broadcast Template/div_Card in gallery must have at least title Substitle image and button'
	at com.kms.katalon.core.webui.keyword.internal.WebUIKeywordMain.stepFailed(WebUIKeywordMain.groovy:64)
	at com.kms.katalon.core.webui.keyword.internal.WebUIKeywordMain.runKeyword(WebUIKeywordMain.groovy:26)
	at com.kms.katalon.core.webui.keyword.builtin.ClickKeyword.click(ClickKeyword.groovy:86)
	at com.kms.katalon.core.webui.keyword.builtin.ClickKeyword.execute(ClickKeyword.groovy:67)
	at com.kms.katalon.core.keyword.internal.KeywordExecutor.executeKeywordForPlatform(KeywordExecutor.groovy:56)
	at com.kms.katalon.core.webui.keyword.WebUiBuiltInKeywords.click(WebUiBuiltInKeywords.groovy:616)
	at com.kms.katalon.core.webui.keyword.WebUiBuiltInKeywords$click$2.call(Unknown Source)
	at TC0789.run(TC0789:26)
	at com.kms.katalon.core.main.ScriptEngine.run(ScriptEngine.java:194)
	at com.kms.katalon.core.main.ScriptEngine.runScriptAsRawText(ScriptEngine.java:119)
	at com.kms.katalon.core.main.TestCaseExecutor.runScript(TestCaseExecutor.java:336)
	at com.kms.katalon.core.main.TestCaseExecutor.doExecute(TestCaseExecutor.java:327)
	at com.kms.katalon.core.main.TestCaseExecutor.processExecutionPhase(TestCaseExecutor.java:306)
	at com.kms.katalon.core.main.TestCaseExecutor.accessMainPhase(TestCaseExecutor.java:298)
	at com.kms.katalon.core.main.TestCaseExecutor.execute(TestCaseExecutor.java:232)
	at com.kms.katalon.core.main.TestSuiteExecutor.accessTestCaseMainPhase(TestSuiteExecutor.java:129)
	at com.kms.katalon.core.main.TestSuiteExecutor.accessTestSuiteMainPhase(TestSuiteExecutor.java:112)
	at com.kms.katalon.core.main.TestSuiteExecutor.execute(TestSuiteExecutor.java:81)
	at com.kms.katalon.core.main.TestCaseMain.startTestSuite(TestCaseMain.java:157)
	at com.kms.katalon.core.main.TestCaseMain$startTestSuite$0.call(Unknown Source)
	at TempTestSuite1555795243480.run(TempTestSuite1555795243480.groovy:35)
Caused by: com.kms.katalon.core.webui.exception.WebElementNotFoundException: Web element with id: 'Object Repository/Page_KiboEngage  Create Broadcast Template/div_Card in gallery must have at least title Substitle image and button' located by 'By.xpath: //div[(text() = 'Card in gallery must have at least title, Substitle, image and button.' or . = 'Card in gallery must have at least title, Substitle, image and button.')]' not found
	at com.kms.katalon.core.webui.common.WebUiCommonHelper.findWebElement(WebUiCommonHelper.java:1097)
	at com.kms.katalon.core.webui.keyword.internal.WebUIAbstractKeyword.findWebElement(WebUIAbstractKeyword.groovy:27)
	at com.kms.katalon.core.webui.keyword.internal.WebUIAbstractKeyword.findWebElement(WebUIAbstractKeyword.groovy:26)
	at com.kms.katalon.core.webui.keyword.builtin.ClickKeyword$_click_closure1.doCall(ClickKeyword.groovy:77)
	at com.kms.katalon.core.webui.keyword.builtin.ClickKeyword$_click_closure1.call(ClickKeyword.groovy)
	at com.kms.katalon.core.webui.keyword.internal.WebUIKeywordMain.runKeyword(WebUIKeywordMain.groovy:20)
	at com.kms.katalon.core.webui.keyword.builtin.ClickKeyword.click(ClickKeyword.groovy:86)
	at com.kms.katalon.core.webui.keyword.builtin.ClickKeyword.execute(ClickKeyword.groovy:67)
	at com.kms.katalon.core.keyword.internal.KeywordExecutor.executeKeywordForPlatform(KeywordExecutor.groovy:56)
	at com.kms.katalon.core.webui.keyword.WebUiBuiltInKeywords.click(WebUiBuiltInKeywords.groovy:616)
	at com.kms.katalon.core.webui.keyword.WebUiBuiltInKeywords$click$2.call(Unknown Source)
	at Script1537076156171.run(Script1537076156171.groovy:26)
	... 13 more
)

2019-04-21 02:31:55 - [MESSAGE][INFO] - Unable to find the element located by 'By.xpath: //div[(text() = 'Card in gallery must have at least title, Substitle, image and button.' or . = 'Card in gallery must have at least title, Substitle, image and button.')]'. Please recheck the objects properties to make sure the desired element is located. 

2019-04-21 02:31:56 - [MESSAGE][FAILED] - Unable to click on object 'Object Repository/Page_KiboEngage  Create Broadcast Template/div_Card in gallery must have at least title Substitle image and button' (Root cause: com.kms.katalon.core.exception.StepFailedException: Unable to click on object 'Object Repository/Page_KiboEngage  Create Broadcast Template/div_Card in gallery must have at least title Substitle image and button'
	at com.kms.katalon.core.webui.keyword.internal.WebUIKeywordMain.stepFailed(WebUIKeywordMain.groovy:64)
	at com.kms.katalon.core.webui.keyword.internal.WebUIKeywordMain.runKeyword(WebUIKeywordMain.groovy:26)
	at com.kms.katalon.core.webui.keyword.builtin.ClickKeyword.click(ClickKeyword.groovy:86)
	at com.kms.katalon.core.webui.keyword.builtin.ClickKeyword.execute(ClickKeyword.groovy:67)
	at com.kms.katalon.core.keyword.internal.KeywordExecutor.executeKeywordForPlatform(KeywordExecutor.groovy:56)
	at com.kms.katalon.core.webui.keyword.WebUiBuiltInKeywords.click(WebUiBuiltInKeywords.groovy:616)
	at com.kms.katalon.core.webui.keyword.WebUiBuiltInKeywords$click$2.call(Unknown Source)
	at TC0789.run(TC0789:26)
	at com.kms.katalon.core.main.ScriptEngine.run(ScriptEngine.java:194)
	at com.kms.katalon.core.main.ScriptEngine.runScriptAsRawText(ScriptEngine.java:119)
	at com.kms.katalon.core.main.TestCaseExecutor.runScript(TestCaseExecutor.java:336)
	at com.kms.katalon.core.main.TestCaseExecutor.doExecute(TestCaseExecutor.java:327)
	at com.kms.katalon.core.main.TestCaseExecutor.processExecutionPhase(TestCaseExecutor.java:306)
	at com.kms.katalon.core.main.TestCaseExecutor.accessMainPhase(TestCaseExecutor.java:298)
	at com.kms.katalon.core.main.TestCaseExecutor.execute(TestCaseExecutor.java:232)
	at com.kms.katalon.core.main.TestSuiteExecutor.accessTestCaseMainPhase(TestSuiteExecutor.java:129)
	at com.kms.katalon.core.main.TestSuiteExecutor.accessTestSuiteMainPhase(TestSuiteExecutor.java:112)
	at com.kms.katalon.core.main.TestSuiteExecutor.execute(TestSuiteExecutor.java:81)
	at com.kms.katalon.core.main.TestCaseMain.startTestSuite(TestCaseMain.java:157)
	at com.kms.katalon.core.main.TestCaseMain$startTestSuite$0.call(Unknown Source)
	at TempTestSuite1555795243480.run(TempTestSuite1555795243480.groovy:35)
Caused by: com.kms.katalon.core.webui.exception.WebElementNotFoundException: Web element with id: 'Object Repository/Page_KiboEngage  Create Broadcast Template/div_Card in gallery must have at least title Substitle image and button' located by 'By.xpath: //div[(text() = 'Card in gallery must have at least title, Substitle, image and button.' or . = 'Card in gallery must have at least title, Substitle, image and button.')]' not found
	at com.kms.katalon.core.webui.common.WebUiCommonHelper.findWebElement(WebUiCommonHelper.java:1097)
	at com.kms.katalon.core.webui.keyword.internal.WebUIAbstractKeyword.findWebElement(WebUIAbstractKeyword.groovy:27)
	at com.kms.katalon.core.webui.keyword.internal.WebUIAbstractKeyword.findWebElement(WebUIAbstractKeyword.groovy:26)
	at com.kms.katalon.core.webui.keyword.builtin.ClickKeyword$_click_closure1.doCall(ClickKeyword.groovy:77)
	at com.kms.katalon.core.webui.keyword.builtin.ClickKeyword$_click_closure1.call(ClickKeyword.groovy)
	at com.kms.katalon.core.webui.keyword.internal.WebUIKeywordMain.runKeyword(WebUIKeywordMain.groovy:20)
	at com.kms.katalon.core.webui.keyword.builtin.ClickKeyword.click(ClickKeyword.groovy:86)
	at com.kms.katalon.core.webui.keyword.builtin.ClickKeyword.execute(ClickKeyword.groovy:67)
	at com.kms.katalon.core.keyword.internal.KeywordExecutor.executeKeywordForPlatform(KeywordExecutor.groovy:56)
	at com.kms.katalon.core.webui.keyword.WebUiBuiltInKeywords.click(WebUiBuiltInKeywords.groovy:616)
	at com.kms.katalon.core.webui.keyword.WebUiBuiltInKeywords$click$2.call(Unknown Source)
	at Script1537076156171.run(Script1537076156171.groovy:26)
	... 13 more
)
[[ATTACHMENT|/home/faizan/Drive/KiboPush_Automated_Testing/KiboPush Katalon/Reports/Faizan Suits/Template/20190421_022043/1555795915839.png]]]]></system-out>
         <system-err><![CDATA[2019-04-21 02:31:15 - [TEST_CASE][FAILED] - Test Cases/Template testcases/TC0789: Test Cases/Template testcases/TC0789 FAILED.
Reason:
com.kms.katalon.core.exception.StepFailedException: Unable to click on object 'Object Repository/Page_KiboEngage  Create Broadcast Template/div_Card in gallery must have at least title Substitle image and button'
	at com.kms.katalon.core.webui.keyword.internal.WebUIKeywordMain.stepFailed(WebUIKeywordMain.groovy:64)
	at com.kms.katalon.core.webui.keyword.internal.WebUIKeywordMain.runKeyword(WebUIKeywordMain.groovy:26)
	at com.kms.katalon.core.webui.keyword.builtin.ClickKeyword.click(ClickKeyword.groovy:86)
	at com.kms.katalon.core.webui.keyword.builtin.ClickKeyword.execute(ClickKeyword.groovy:67)
	at com.kms.katalon.core.keyword.internal.KeywordExecutor.executeKeywordForPlatform(KeywordExecutor.groovy:56)
	at com.kms.katalon.core.webui.keyword.WebUiBuiltInKeywords.click(WebUiBuiltInKeywords.groovy:616)
	at com.kms.katalon.core.webui.keyword.WebUiBuiltInKeywords$click$2.call(Unknown Source)
	at TC0789.run(TC0789:26)
	at com.kms.katalon.core.main.ScriptEngine.run(ScriptEngine.java:194)
	at com.kms.katalon.core.main.ScriptEngine.runScriptAsRawText(ScriptEngine.java:119)
	at com.kms.katalon.core.main.TestCaseExecutor.runScript(TestCaseExecutor.java:336)
	at com.kms.katalon.core.main.TestCaseExecutor.doExecute(TestCaseExecutor.java:327)
	at com.kms.katalon.core.main.TestCaseExecutor.processExecutionPhase(TestCaseExecutor.java:306)
	at com.kms.katalon.core.main.TestCaseExecutor.accessMainPhase(TestCaseExecutor.java:298)
	at com.kms.katalon.core.main.TestCaseExecutor.execute(TestCaseExecutor.java:232)
	at com.kms.katalon.core.main.TestSuiteExecutor.accessTestCaseMainPhase(TestSuiteExecutor.java:129)
	at com.kms.katalon.core.main.TestSuiteExecutor.accessTestSuiteMainPhase(TestSuiteExecutor.java:112)
	at com.kms.katalon.core.main.TestSuiteExecutor.execute(TestSuiteExecutor.java:81)
	at com.kms.katalon.core.main.TestCaseMain.startTestSuite(TestCaseMain.java:157)
	at com.kms.katalon.core.main.TestCaseMain$startTestSuite$0.call(Unknown Source)
	at TempTestSuite1555795243480.run(TempTestSuite1555795243480.groovy:35)
Caused by: com.kms.katalon.core.webui.exception.WebElementNotFoundException: Web element with id: 'Object Repository/Page_KiboEngage  Create Broadcast Template/div_Card in gallery must have at least title Substitle image and button' located by 'By.xpath: //div[(text() = 'Card in gallery must have at least title, Substitle, image and button.' or . = 'Card in gallery must have at least title, Substitle, image and button.')]' not found
	at com.kms.katalon.core.webui.common.WebUiCommonHelper.findWebElement(WebUiCommonHelper.java:1097)
	at com.kms.katalon.core.webui.keyword.internal.WebUIAbstractKeyword.findWebElement(WebUIAbstractKeyword.groovy:27)
	at com.kms.katalon.core.webui.keyword.internal.WebUIAbstractKeyword.findWebElement(WebUIAbstractKeyword.groovy:26)
	at com.kms.katalon.core.webui.keyword.builtin.ClickKeyword$_click_closure1.doCall(ClickKeyword.groovy:77)
	at com.kms.katalon.core.webui.keyword.builtin.ClickKeyword$_click_closure1.call(ClickKeyword.groovy)
	at com.kms.katalon.core.webui.keyword.internal.WebUIKeywordMain.runKeyword(WebUIKeywordMain.groovy:20)
	at com.kms.katalon.core.webui.keyword.builtin.ClickKeyword.click(ClickKeyword.groovy:86)
	at com.kms.katalon.core.webui.keyword.builtin.ClickKeyword.execute(ClickKeyword.groovy:67)
	at com.kms.katalon.core.keyword.internal.KeywordExecutor.executeKeywordForPlatform(KeywordExecutor.groovy:56)
	at com.kms.katalon.core.webui.keyword.WebUiBuiltInKeywords.click(WebUiBuiltInKeywords.groovy:616)
	at com.kms.katalon.core.webui.keyword.WebUiBuiltInKeywords$click$2.call(Unknown Source)
	at Script1537076156171.run(Script1537076156171.groovy:26)
	... 13 more]]></system-err>
      </testcase>
      <testcase name="Test Cases/Template testcases/TC0790" classname="Test Cases/Template testcases/TC0790" status="FAILED">
         <failure type="FAILED" message="Test Cases/Template testcases/TC0790 FAILED.
Reason:
com.kms.katalon.core.exception.StepFailedException: Unable to click on object 'Object Repository/Page_KiboPush  Create Broadcast Tem/button_Create (8) (1)'
	at com.kms.katalon.core.webui.keyword.internal.WebUIKeywordMain.stepFailed(WebUIKeywordMain.groovy:64)
	at com.kms.katalon.core.webui.keyword.internal.WebUIKeywordMain.runKeyword(WebUIKeywordMain.groovy:26)
	at com.kms.katalon.core.webui.keyword.builtin.ClickKeyword.click(ClickKeyword.groovy:86)
	at com.kms.katalon.core.webui.keyword.builtin.ClickKeyword.execute(ClickKeyword.groovy:67)
	at com.kms.katalon.core.keyword.internal.KeywordExecutor.executeKeywordForPlatform(KeywordExecutor.groovy:56)
	at com.kms.katalon.core.webui.keyword.WebUiBuiltInKeywords.click(WebUiBuiltInKeywords.groovy:616)
	at com.kms.katalon.core.webui.keyword.WebUiBuiltInKeywords$click$2.call(Unknown Source)
	at TC0790.run(TC0790:40)
	at com.kms.katalon.core.main.ScriptEngine.run(ScriptEngine.java:194)
	at com.kms.katalon.core.main.ScriptEngine.runScriptAsRawText(ScriptEngine.java:119)
	at com.kms.katalon.core.main.TestCaseExecutor.runScript(TestCaseExecutor.java:336)
	at com.kms.katalon.core.main.TestCaseExecutor.doExecute(TestCaseExecutor.java:327)
	at com.kms.katalon.core.main.TestCaseExecutor.processExecutionPhase(TestCaseExecutor.java:306)
	at com.kms.katalon.core.main.TestCaseExecutor.accessMainPhase(TestCaseExecutor.java:298)
	at com.kms.katalon.core.main.TestCaseExecutor.execute(TestCaseExecutor.java:232)
	at com.kms.katalon.core.main.TestSuiteExecutor.accessTestCaseMainPhase(TestSuiteExecutor.java:129)
	at com.kms.katalon.core.main.TestSuiteExecutor.accessTestSuiteMainPhase(TestSuiteExecutor.java:112)
	at com.kms.katalon.core.main.TestSuiteExecutor.execute(TestSuiteExecutor.java:81)
	at com.kms.katalon.core.main.TestCaseMain.startTestSuite(TestCaseMain.java:157)
	at com.kms.katalon.core.main.TestCaseMain$startTestSuite$0.call(Unknown Source)
	at TempTestSuite1555795243480.run(TempTestSuite1555795243480.groovy:35)
Caused by: org.openqa.selenium.WebDriverException: unknown error: Element &lt;button id=&quot;send&quot; class=&quot;btn btn-primary&quot; style=&quot;margin-right: 20px;&quot;>...&lt;/button> is not clickable at point (1117, 17). Other element would receive the click: &lt;span class=&quot;m-nav__link-icon&quot;>...&lt;/span>
  (Session info: chrome=73.0.3683.103)
  (Driver info: chromedriver=73.0.3683.68 (47787ec04b6e38e22703e856e101e840b65afe72),platform=Linux 4.15.0-47-generic x86_64) (WARNING: The server did not provide any stacktrace information)
Command duration or timeout: 0 milliseconds
Build info: version: '3.7.1', revision: '8a0099a', time: '2017-11-06T21:07:36.161Z'
System info: host: 'faizan-HP-EliteBook-850-G2', ip: '127.0.1.1', os.name: 'Linux', os.arch: 'amd64', os.version: '4.15.0-47-generic', java.version: '1.8.0_191'
Driver info: com.kms.katalon.selenium.driver.CChromeDriver
Capabilities {acceptInsecureCerts: false, acceptSslCerts: false, applicationCacheEnabled: false, browserConnectionEnabled: false, browserName: chrome, chrome: {chromedriverVersion: 73.0.3683.68 (47787ec04b6e3..., userDataDir: /tmp/.com.google.Chrome.FU0xWS}, cssSelectorsEnabled: true, databaseEnabled: false, goog:chromeOptions: {debuggerAddress: localhost:43539}, handlesAlerts: true, hasTouchScreen: false, javascriptEnabled: true, locationContextEnabled: true, mobileEmulationEnabled: false, nativeEvents: true, networkConnectionEnabled: false, pageLoadStrategy: normal, platform: LINUX, platformName: LINUX, proxy: Proxy(direct), rotatable: false, setWindowRect: true, strictFileInteractability: false, takesHeapSnapshot: true, takesScreenshot: true, timeouts: {implicit: 0, pageLoad: 300000, script: 30000}, unexpectedAlertBehaviour: ignore, unhandledPromptBehavior: ignore, version: 73.0.3683.103, webStorageEnabled: true}
Session ID: f13adca9b43bf4b34e393f07e02ab2e3
	at org.openqa.selenium.remote.ErrorHandler.createThrowable(ErrorHandler.java:214)
	at org.openqa.selenium.remote.ErrorHandler.throwIfResponseFailed(ErrorHandler.java:166)
	at org.openqa.selenium.remote.http.JsonHttpResponseCodec.reconstructValue(JsonHttpResponseCodec.java:40)
	at org.openqa.selenium.remote.http.AbstractHttpResponseCodec.decode(AbstractHttpResponseCodec.java:80)
	at org.openqa.selenium.remote.http.AbstractHttpResponseCodec.decode(AbstractHttpResponseCodec.java:44)
	at org.openqa.selenium.remote.HttpCommandExecutor.execute(HttpCommandExecutor.java:164)
	at org.openqa.selenium.remote.service.DriverCommandExecutor.execute(DriverCommandExecutor.java:83)
	at org.openqa.selenium.remote.RemoteWebDriver.execute(RemoteWebDriver.java:600)
	at com.kms.katalon.selenium.driver.CChromeDriver.execute(CChromeDriver.java:20)
	at org.openqa.selenium.remote.RemoteWebElement.execute(RemoteWebElement.java:279)
	at org.openqa.selenium.remote.RemoteWebElement.click(RemoteWebElement.java:83)
	at com.kms.katalon.core.webui.keyword.builtin.ClickKeyword$_click_closure1.doCall(ClickKeyword.groovy:79)
	at com.kms.katalon.core.webui.keyword.builtin.ClickKeyword$_click_closure1.call(ClickKeyword.groovy)
	at com.kms.katalon.core.webui.keyword.internal.WebUIKeywordMain.runKeyword(WebUIKeywordMain.groovy:20)
	at com.kms.katalon.core.webui.keyword.builtin.ClickKeyword.click(ClickKeyword.groovy:86)
	at com.kms.katalon.core.webui.keyword.builtin.ClickKeyword.execute(ClickKeyword.groovy:67)
	at com.kms.katalon.core.keyword.internal.KeywordExecutor.executeKeywordForPlatform(KeywordExecutor.groovy:56)
	at com.kms.katalon.core.webui.keyword.WebUiBuiltInKeywords.click(WebUiBuiltInKeywords.groovy:616)
	at com.kms.katalon.core.webui.keyword.WebUiBuiltInKeywords$click$2.call(Unknown Source)
	at Script1537076328784.run(Script1537076328784.groovy:40)
	... 13 more
"/>
         <system-out><![CDATA[2019-04-21 02:31:56 - [TEST_CASE][FAILED] - Test Cases/Template testcases/TC0790: Test Cases/Template testcases/TC0790 FAILED.
Reason:
com.kms.katalon.core.exception.StepFailedException: Unable to click on object 'Object Repository/Page_KiboPush  Create Broadcast Tem/button_Create (8) (1)'
	at com.kms.katalon.core.webui.keyword.internal.WebUIKeywordMain.stepFailed(WebUIKeywordMain.groovy:64)
	at com.kms.katalon.core.webui.keyword.internal.WebUIKeywordMain.runKeyword(WebUIKeywordMain.groovy:26)
	at com.kms.katalon.core.webui.keyword.builtin.ClickKeyword.click(ClickKeyword.groovy:86)
	at com.kms.katalon.core.webui.keyword.builtin.ClickKeyword.execute(ClickKeyword.groovy:67)
	at com.kms.katalon.core.keyword.internal.KeywordExecutor.executeKeywordForPlatform(KeywordExecutor.groovy:56)
	at com.kms.katalon.core.webui.keyword.WebUiBuiltInKeywords.click(WebUiBuiltInKeywords.groovy:616)
	at com.kms.katalon.core.webui.keyword.WebUiBuiltInKeywords$click$2.call(Unknown Source)
	at TC0790.run(TC0790:40)
	at com.kms.katalon.core.main.ScriptEngine.run(ScriptEngine.java:194)
	at com.kms.katalon.core.main.ScriptEngine.runScriptAsRawText(ScriptEngine.java:119)
	at com.kms.katalon.core.main.TestCaseExecutor.runScript(TestCaseExecutor.java:336)
	at com.kms.katalon.core.main.TestCaseExecutor.doExecute(TestCaseExecutor.java:327)
	at com.kms.katalon.core.main.TestCaseExecutor.processExecutionPhase(TestCaseExecutor.java:306)
	at com.kms.katalon.core.main.TestCaseExecutor.accessMainPhase(TestCaseExecutor.java:298)
	at com.kms.katalon.core.main.TestCaseExecutor.execute(TestCaseExecutor.java:232)
	at com.kms.katalon.core.main.TestSuiteExecutor.accessTestCaseMainPhase(TestSuiteExecutor.java:129)
	at com.kms.katalon.core.main.TestSuiteExecutor.accessTestSuiteMainPhase(TestSuiteExecutor.java:112)
	at com.kms.katalon.core.main.TestSuiteExecutor.execute(TestSuiteExecutor.java:81)
	at com.kms.katalon.core.main.TestCaseMain.startTestSuite(TestCaseMain.java:157)
	at com.kms.katalon.core.main.TestCaseMain$startTestSuite$0.call(Unknown Source)
	at TempTestSuite1555795243480.run(TempTestSuite1555795243480.groovy:35)
Caused by: org.openqa.selenium.WebDriverException: unknown error: Element <button id="send" class="btn btn-primary" style="margin-right: 20px;">...</button> is not clickable at point (1117, 17). Other element would receive the click: <span class="m-nav__link-icon">...</span>
  (Session info: chrome=73.0.3683.103)
  (Driver info: chromedriver=73.0.3683.68 (47787ec04b6e38e22703e856e101e840b65afe72),platform=Linux 4.15.0-47-generic x86_64) (WARNING: The server did not provide any stacktrace information)
Command duration or timeout: 0 milliseconds
Build info: version: '3.7.1', revision: '8a0099a', time: '2017-11-06T21:07:36.161Z'
System info: host: 'faizan-HP-EliteBook-850-G2', ip: '127.0.1.1', os.name: 'Linux', os.arch: 'amd64', os.version: '4.15.0-47-generic', java.version: '1.8.0_191'
Driver info: com.kms.katalon.selenium.driver.CChromeDriver
Capabilities {acceptInsecureCerts: false, acceptSslCerts: false, applicationCacheEnabled: false, browserConnectionEnabled: false, browserName: chrome, chrome: {chromedriverVersion: 73.0.3683.68 (47787ec04b6e3..., userDataDir: /tmp/.com.google.Chrome.FU0xWS}, cssSelectorsEnabled: true, databaseEnabled: false, goog:chromeOptions: {debuggerAddress: localhost:43539}, handlesAlerts: true, hasTouchScreen: false, javascriptEnabled: true, locationContextEnabled: true, mobileEmulationEnabled: false, nativeEvents: true, networkConnectionEnabled: false, pageLoadStrategy: normal, platform: LINUX, platformName: LINUX, proxy: Proxy(direct), rotatable: false, setWindowRect: true, strictFileInteractability: false, takesHeapSnapshot: true, takesScreenshot: true, timeouts: {implicit: 0, pageLoad: 300000, script: 30000}, unexpectedAlertBehaviour: ignore, unhandledPromptBehavior: ignore, version: 73.0.3683.103, webStorageEnabled: true}
Session ID: f13adca9b43bf4b34e393f07e02ab2e3
	at org.openqa.selenium.remote.ErrorHandler.createThrowable(ErrorHandler.java:214)
	at org.openqa.selenium.remote.ErrorHandler.throwIfResponseFailed(ErrorHandler.java:166)
	at org.openqa.selenium.remote.http.JsonHttpResponseCodec.reconstructValue(JsonHttpResponseCodec.java:40)
	at org.openqa.selenium.remote.http.AbstractHttpResponseCodec.decode(AbstractHttpResponseCodec.java:80)
	at org.openqa.selenium.remote.http.AbstractHttpResponseCodec.decode(AbstractHttpResponseCodec.java:44)
	at org.openqa.selenium.remote.HttpCommandExecutor.execute(HttpCommandExecutor.java:164)
	at org.openqa.selenium.remote.service.DriverCommandExecutor.execute(DriverCommandExecutor.java:83)
	at org.openqa.selenium.remote.RemoteWebDriver.execute(RemoteWebDriver.java:600)
	at com.kms.katalon.selenium.driver.CChromeDriver.execute(CChromeDriver.java:20)
	at org.openqa.selenium.remote.RemoteWebElement.execute(RemoteWebElement.java:279)
	at org.openqa.selenium.remote.RemoteWebElement.click(RemoteWebElement.java:83)
	at com.kms.katalon.core.webui.keyword.builtin.ClickKeyword$_click_closure1.doCall(ClickKeyword.groovy:79)
	at com.kms.katalon.core.webui.keyword.builtin.ClickKeyword$_click_closure1.call(ClickKeyword.groovy)
	at com.kms.katalon.core.webui.keyword.internal.WebUIKeywordMain.runKeyword(WebUIKeywordMain.groovy:20)
	at com.kms.katalon.core.webui.keyword.builtin.ClickKeyword.click(ClickKeyword.groovy:86)
	at com.kms.katalon.core.webui.keyword.builtin.ClickKeyword.execute(ClickKeyword.groovy:67)
	at com.kms.katalon.core.keyword.internal.KeywordExecutor.executeKeywordForPlatform(KeywordExecutor.groovy:56)
	at com.kms.katalon.core.webui.keyword.WebUiBuiltInKeywords.click(WebUiBuiltInKeywords.groovy:616)
	at com.kms.katalon.core.webui.keyword.WebUiBuiltInKeywords$click$2.call(Unknown Source)
	at Script1537076328784.run(Script1537076328784.groovy:40)
	... 13 more


2019-04-21 02:31:56 - [TEST_STEP][PASSED] - callTestCase(findTestCase("Template testcases/TC0788"), [:], STOP_ON_FAILURE): Call Test Case 'Test Cases/Template testcases/TC0788' successfully

2019-04-21 02:31:56 - [TEST_CASE][PASSED] - Test Cases/Template testcases/TC0788: Test Cases/Template testcases/TC0788

2019-04-21 02:31:56 - [TEST_STEP][PASSED] - callTestCase(findTestCase("Template testcases/TC0768"), [:], STOP_ON_FAILURE): Call Test Case 'Test Cases/Template testcases/TC0768' successfully

2019-04-21 02:31:56 - [TEST_CASE][PASSED] - Test Cases/Template testcases/TC0768: Test Cases/Template testcases/TC0768

2019-04-21 02:31:56 - [TEST_STEP][PASSED] - callTestCase(findTestCase("s-sidebar_navigation/individualAccount/Template"), [:], STOP_ON_FAILURE): Call Test Case 'Test Cases/s-sidebar_navigation/individualAccount/Template' successfully

2019-04-21 02:31:56 - [TEST_CASE][PASSED] - Test Cases/s-sidebar_navigation/individualAccount/Template: Test Cases/s-sidebar_navigation/individualAccount/Template

2019-04-21 02:31:56 - [TEST_STEP][PASSED] - click(findTestObject("Page_KiboPush  Dashboard/span_Broadcasts")): Object: 'Object Repository/Page_KiboPush  Dashboard/span_Broadcasts' is clicked on

2019-04-21 02:31:56 - [MESSAGE][PASSED] - Object: 'Object Repository/Page_KiboPush  Dashboard/span_Broadcasts' is clicked on

2019-04-21 02:31:56 - [TEST_STEP][PASSED] - delay(1): Delayed 1 second(s)

2019-04-21 02:31:57 - [MESSAGE][PASSED] - Delayed 1 second(s)

2019-04-21 02:31:57 - [TEST_STEP][PASSED] - click(findTestObject("Page_KiboPush  Dashboard/span_Templates")): Object: 'Object Repository/Page_KiboPush  Dashboard/span_Templates' is clicked on

2019-04-21 02:31:58 - [MESSAGE][PASSED] - Object: 'Object Repository/Page_KiboPush  Dashboard/span_Templates' is clicked on

2019-04-21 02:31:58 - [TEST_STEP][PASSED] - delay(3): Delayed 3 second(s)

2019-04-21 02:32:01 - [MESSAGE][PASSED] - Delayed 3 second(s)

2019-04-21 02:32:01 - [TEST_STEP][PASSED] - scrollToPosition(0, 0): Browser is scrolled to position x = 0, y = 0

2019-04-21 02:32:01 - [MESSAGE][PASSED] - Browser is scrolled to position x = 0, y = 0

2019-04-21 02:32:01 - [TEST_STEP][PASSED] - click(findTestObject("Object Repository/Page_KiboEngage  Templates/h3_Templates")): Object: 'Object Repository/Page_KiboEngage  Templates/h3_Templates' is clicked on

2019-04-21 02:32:01 - [MESSAGE][PASSED] - Object: 'Object Repository/Page_KiboEngage  Templates/h3_Templates' is clicked on

2019-04-21 02:32:01 - [TEST_STEP][PASSED] - delay(3): Delayed 3 second(s)

2019-04-21 02:32:04 - [MESSAGE][PASSED] - Delayed 3 second(s)

2019-04-21 02:32:04 - [MESSAGE][PASSED] - Call Test Case 'Test Cases/s-sidebar_navigation/individualAccount/Template' successfully

2019-04-21 02:32:04 - [TEST_STEP][PASSED] - click(findTestObject("Object Repository/Page_KiboPush  Dashboard/button_Create New")): Object: 'Object Repository/Page_KiboPush  Dashboard/button_Create New' is clicked on

2019-04-21 02:32:04 - [MESSAGE][PASSED] - Object: 'Object Repository/Page_KiboPush  Dashboard/button_Create New' is clicked on

2019-04-21 02:32:04 - [TEST_STEP][PASSED] - click(findTestObject("Object Repository/Page_KiboPush  Create Broadcast Tem/h3_Create Broadcast Template")): Object: 'Object Repository/Page_KiboPush  Create Broadcast Tem/h3_Create Broadcast Template' is clicked on

2019-04-21 02:32:04 - [MESSAGE][PASSED] - Object: 'Object Repository/Page_KiboPush  Create Broadcast Tem/h3_Create Broadcast Template' is clicked on

2019-04-21 02:32:04 - [MESSAGE][PASSED] - Call Test Case 'Test Cases/Template testcases/TC0768' successfully

2019-04-21 02:32:04 - [TEST_STEP][PASSED] - click(findTestObject("Page_KiboPush  Create Broadcast Tem/h6_Gallery (1)")): Object: 'Object Repository/Page_KiboPush  Create Broadcast Tem/h6_Gallery (1)' is clicked on

2019-04-21 02:32:04 - [MESSAGE][PASSED] - Object: 'Object Repository/Page_KiboPush  Create Broadcast Tem/h6_Gallery (1)' is clicked on

2019-04-21 02:32:04 - [TEST_STEP][PASSED] - click(findTestObject("Object Repository/Page_KiboEngage  Create Broadcast Template/div_New gallery component added")): Object: 'Object Repository/Page_KiboEngage  Create Broadcast Template/div_New gallery component added' is clicked on

2019-04-21 02:32:05 - [MESSAGE][PASSED] - Object: 'Object Repository/Page_KiboEngage  Create Broadcast Template/div_New gallery component added' is clicked on

2019-04-21 02:32:05 - [MESSAGE][PASSED] - Call Test Case 'Test Cases/Template testcases/TC0788' successfully

2019-04-21 02:32:05 - [TEST_STEP][PASSED] - setText(findTestObject("Page_KiboPush  Create Broadcast Tem/input_form-control (4) (2)"), "hello"): Text 'hello' is set on object 'Object Repository/Page_KiboPush  Create Broadcast Tem/input_form-control (4) (2)'

2019-04-21 02:32:05 - [MESSAGE][PASSED] - Text 'hello' is set on object 'Object Repository/Page_KiboPush  Create Broadcast Tem/input_form-control (4) (2)'

2019-04-21 02:32:05 - [TEST_STEP][PASSED] - setText(findTestObject("Page_KiboPush  Create Broadcast Tem/textarea_form-control (3) (1)"), "h"): Text 'h' is set on object 'Object Repository/Page_KiboPush  Create Broadcast Tem/textarea_form-control (3) (1)'

2019-04-21 02:32:05 - [MESSAGE][PASSED] - Text 'h' is set on object 'Object Repository/Page_KiboPush  Create Broadcast Tem/textarea_form-control (3) (1)'

2019-04-21 02:32:05 - [TEST_STEP][PASSED] - click(findTestObject("Page_KiboPush  Create Broadcast Tem/h6_ Add Button (1) (2)")): Object: 'Object Repository/Page_KiboPush  Create Broadcast Tem/h6_ Add Button (1) (2)' is clicked on

2019-04-21 02:32:05 - [MESSAGE][PASSED] - Object: 'Object Repository/Page_KiboPush  Create Broadcast Tem/h6_ Add Button (1) (2)' is clicked on

2019-04-21 02:32:05 - [TEST_STEP][PASSED] - setText(findTestObject("Page_KiboPush  Create Broadcast Tem/input_form-control (16) (1)"), "google"): Text 'google' is set on object 'Object Repository/Page_KiboPush  Create Broadcast Tem/input_form-control (16) (1)'

2019-04-21 02:32:06 - [MESSAGE][PASSED] - Text 'google' is set on object 'Object Repository/Page_KiboPush  Create Broadcast Tem/input_form-control (16) (1)'

2019-04-21 02:32:06 - [TEST_STEP][PASSED] - click(findTestObject("Page_KiboPush  Create Broadcast Tem/div_Open a website (1) (2)")): Object: 'Object Repository/Page_KiboPush  Create Broadcast Tem/div_Open a website (1) (2)' is clicked on

2019-04-21 02:32:06 - [MESSAGE][PASSED] - Object: 'Object Repository/Page_KiboPush  Create Broadcast Tem/div_Open a website (1) (2)' is clicked on

2019-04-21 02:32:06 - [TEST_STEP][PASSED] - setText(findTestObject("Page_KiboPush  Create Broadcast Tem/input_form-control_1 (8) (1)"), "www.google.com"): Text 'www.google.com' is set on object 'Object Repository/Page_KiboPush  Create Broadcast Tem/input_form-control_1 (8) (1)'

2019-04-21 02:32:07 - [MESSAGE][PASSED] - Text 'www.google.com' is set on object 'Object Repository/Page_KiboPush  Create Broadcast Tem/input_form-control_1 (8) (1)'

2019-04-21 02:32:07 - [TEST_STEP][PASSED] - click(findTestObject("Page_KiboPush  Create Broadcast Tem/button_Done (1) (2)")): Object: 'Object Repository/Page_KiboPush  Create Broadcast Tem/button_Done (1) (2)' is clicked on

2019-04-21 02:32:07 - [MESSAGE][PASSED] - Object: 'Object Repository/Page_KiboPush  Create Broadcast Tem/button_Done (1) (2)' is clicked on

2019-04-21 02:32:07 - [TEST_STEP][PASSED] - delay(1): Delayed 1 second(s)

2019-04-21 02:32:08 - [MESSAGE][PASSED] - Delayed 1 second(s)

2019-04-21 02:32:08 - [TEST_STEP][FAILED] - click(findTestObject("Page_KiboPush  Create Broadcast Tem/button_Create (8) (1)")): Unable to click on object 'Object Repository/Page_KiboPush  Create Broadcast Tem/button_Create (8) (1)' (Root cause: com.kms.katalon.core.exception.StepFailedException: Unable to click on object 'Object Repository/Page_KiboPush  Create Broadcast Tem/button_Create (8) (1)'
	at com.kms.katalon.core.webui.keyword.internal.WebUIKeywordMain.stepFailed(WebUIKeywordMain.groovy:64)
	at com.kms.katalon.core.webui.keyword.internal.WebUIKeywordMain.runKeyword(WebUIKeywordMain.groovy:26)
	at com.kms.katalon.core.webui.keyword.builtin.ClickKeyword.click(ClickKeyword.groovy:86)
	at com.kms.katalon.core.webui.keyword.builtin.ClickKeyword.execute(ClickKeyword.groovy:67)
	at com.kms.katalon.core.keyword.internal.KeywordExecutor.executeKeywordForPlatform(KeywordExecutor.groovy:56)
	at com.kms.katalon.core.webui.keyword.WebUiBuiltInKeywords.click(WebUiBuiltInKeywords.groovy:616)
	at com.kms.katalon.core.webui.keyword.WebUiBuiltInKeywords$click$2.call(Unknown Source)
	at TC0790.run(TC0790:40)
	at com.kms.katalon.core.main.ScriptEngine.run(ScriptEngine.java:194)
	at com.kms.katalon.core.main.ScriptEngine.runScriptAsRawText(ScriptEngine.java:119)
	at com.kms.katalon.core.main.TestCaseExecutor.runScript(TestCaseExecutor.java:336)
	at com.kms.katalon.core.main.TestCaseExecutor.doExecute(TestCaseExecutor.java:327)
	at com.kms.katalon.core.main.TestCaseExecutor.processExecutionPhase(TestCaseExecutor.java:306)
	at com.kms.katalon.core.main.TestCaseExecutor.accessMainPhase(TestCaseExecutor.java:298)
	at com.kms.katalon.core.main.TestCaseExecutor.execute(TestCaseExecutor.java:232)
	at com.kms.katalon.core.main.TestSuiteExecutor.accessTestCaseMainPhase(TestSuiteExecutor.java:129)
	at com.kms.katalon.core.main.TestSuiteExecutor.accessTestSuiteMainPhase(TestSuiteExecutor.java:112)
	at com.kms.katalon.core.main.TestSuiteExecutor.execute(TestSuiteExecutor.java:81)
	at com.kms.katalon.core.main.TestCaseMain.startTestSuite(TestCaseMain.java:157)
	at com.kms.katalon.core.main.TestCaseMain$startTestSuite$0.call(Unknown Source)
	at TempTestSuite1555795243480.run(TempTestSuite1555795243480.groovy:35)
Caused by: org.openqa.selenium.WebDriverException: unknown error: Element <button id="send" class="btn btn-primary" style="margin-right: 20px;">...</button> is not clickable at point (1117, 17). Other element would receive the click: <span class="m-nav__link-icon">...</span>
  (Session info: chrome=73.0.3683.103)
  (Driver info: chromedriver=73.0.3683.68 (47787ec04b6e38e22703e856e101e840b65afe72),platform=Linux 4.15.0-47-generic x86_64) (WARNING: The server did not provide any stacktrace information)
Command duration or timeout: 0 milliseconds
Build info: version: '3.7.1', revision: '8a0099a', time: '2017-11-06T21:07:36.161Z'
System info: host: 'faizan-HP-EliteBook-850-G2', ip: '127.0.1.1', os.name: 'Linux', os.arch: 'amd64', os.version: '4.15.0-47-generic', java.version: '1.8.0_191'
Driver info: com.kms.katalon.selenium.driver.CChromeDriver
Capabilities {acceptInsecureCerts: false, acceptSslCerts: false, applicationCacheEnabled: false, browserConnectionEnabled: false, browserName: chrome, chrome: {chromedriverVersion: 73.0.3683.68 (47787ec04b6e3..., userDataDir: /tmp/.com.google.Chrome.FU0xWS}, cssSelectorsEnabled: true, databaseEnabled: false, goog:chromeOptions: {debuggerAddress: localhost:43539}, handlesAlerts: true, hasTouchScreen: false, javascriptEnabled: true, locationContextEnabled: true, mobileEmulationEnabled: false, nativeEvents: true, networkConnectionEnabled: false, pageLoadStrategy: normal, platform: LINUX, platformName: LINUX, proxy: Proxy(direct), rotatable: false, setWindowRect: true, strictFileInteractability: false, takesHeapSnapshot: true, takesScreenshot: true, timeouts: {implicit: 0, pageLoad: 300000, script: 30000}, unexpectedAlertBehaviour: ignore, unhandledPromptBehavior: ignore, version: 73.0.3683.103, webStorageEnabled: true}
Session ID: f13adca9b43bf4b34e393f07e02ab2e3
	at org.openqa.selenium.remote.ErrorHandler.createThrowable(ErrorHandler.java:214)
	at org.openqa.selenium.remote.ErrorHandler.throwIfResponseFailed(ErrorHandler.java:166)
	at org.openqa.selenium.remote.http.JsonHttpResponseCodec.reconstructValue(JsonHttpResponseCodec.java:40)
	at org.openqa.selenium.remote.http.AbstractHttpResponseCodec.decode(AbstractHttpResponseCodec.java:80)
	at org.openqa.selenium.remote.http.AbstractHttpResponseCodec.decode(AbstractHttpResponseCodec.java:44)
	at org.openqa.selenium.remote.HttpCommandExecutor.execute(HttpCommandExecutor.java:164)
	at org.openqa.selenium.remote.service.DriverCommandExecutor.execute(DriverCommandExecutor.java:83)
	at org.openqa.selenium.remote.RemoteWebDriver.execute(RemoteWebDriver.java:600)
	at com.kms.katalon.selenium.driver.CChromeDriver.execute(CChromeDriver.java:20)
	at org.openqa.selenium.remote.RemoteWebElement.execute(RemoteWebElement.java:279)
	at org.openqa.selenium.remote.RemoteWebElement.click(RemoteWebElement.java:83)
	at com.kms.katalon.core.webui.keyword.builtin.ClickKeyword$_click_closure1.doCall(ClickKeyword.groovy:79)
	at com.kms.katalon.core.webui.keyword.builtin.ClickKeyword$_click_closure1.call(ClickKeyword.groovy)
	at com.kms.katalon.core.webui.keyword.internal.WebUIKeywordMain.runKeyword(WebUIKeywordMain.groovy:20)
	at com.kms.katalon.core.webui.keyword.builtin.ClickKeyword.click(ClickKeyword.groovy:86)
	at com.kms.katalon.core.webui.keyword.builtin.ClickKeyword.execute(ClickKeyword.groovy:67)
	at com.kms.katalon.core.keyword.internal.KeywordExecutor.executeKeywordForPlatform(KeywordExecutor.groovy:56)
	at com.kms.katalon.core.webui.keyword.WebUiBuiltInKeywords.click(WebUiBuiltInKeywords.groovy:616)
	at com.kms.katalon.core.webui.keyword.WebUiBuiltInKeywords$click$2.call(Unknown Source)
	at Script1537076328784.run(Script1537076328784.groovy:40)
	... 13 more
)

2019-04-21 02:32:08 - [MESSAGE][FAILED] - Unable to click on object 'Object Repository/Page_KiboPush  Create Broadcast Tem/button_Create (8) (1)' (Root cause: com.kms.katalon.core.exception.StepFailedException: Unable to click on object 'Object Repository/Page_KiboPush  Create Broadcast Tem/button_Create (8) (1)'
	at com.kms.katalon.core.webui.keyword.internal.WebUIKeywordMain.stepFailed(WebUIKeywordMain.groovy:64)
	at com.kms.katalon.core.webui.keyword.internal.WebUIKeywordMain.runKeyword(WebUIKeywordMain.groovy:26)
	at com.kms.katalon.core.webui.keyword.builtin.ClickKeyword.click(ClickKeyword.groovy:86)
	at com.kms.katalon.core.webui.keyword.builtin.ClickKeyword.execute(ClickKeyword.groovy:67)
	at com.kms.katalon.core.keyword.internal.KeywordExecutor.executeKeywordForPlatform(KeywordExecutor.groovy:56)
	at com.kms.katalon.core.webui.keyword.WebUiBuiltInKeywords.click(WebUiBuiltInKeywords.groovy:616)
	at com.kms.katalon.core.webui.keyword.WebUiBuiltInKeywords$click$2.call(Unknown Source)
	at TC0790.run(TC0790:40)
	at com.kms.katalon.core.main.ScriptEngine.run(ScriptEngine.java:194)
	at com.kms.katalon.core.main.ScriptEngine.runScriptAsRawText(ScriptEngine.java:119)
	at com.kms.katalon.core.main.TestCaseExecutor.runScript(TestCaseExecutor.java:336)
	at com.kms.katalon.core.main.TestCaseExecutor.doExecute(TestCaseExecutor.java:327)
	at com.kms.katalon.core.main.TestCaseExecutor.processExecutionPhase(TestCaseExecutor.java:306)
	at com.kms.katalon.core.main.TestCaseExecutor.accessMainPhase(TestCaseExecutor.java:298)
	at com.kms.katalon.core.main.TestCaseExecutor.execute(TestCaseExecutor.java:232)
	at com.kms.katalon.core.main.TestSuiteExecutor.accessTestCaseMainPhase(TestSuiteExecutor.java:129)
	at com.kms.katalon.core.main.TestSuiteExecutor.accessTestSuiteMainPhase(TestSuiteExecutor.java:112)
	at com.kms.katalon.core.main.TestSuiteExecutor.execute(TestSuiteExecutor.java:81)
	at com.kms.katalon.core.main.TestCaseMain.startTestSuite(TestCaseMain.java:157)
	at com.kms.katalon.core.main.TestCaseMain$startTestSuite$0.call(Unknown Source)
	at TempTestSuite1555795243480.run(TempTestSuite1555795243480.groovy:35)
Caused by: org.openqa.selenium.WebDriverException: unknown error: Element <button id="send" class="btn btn-primary" style="margin-right: 20px;">...</button> is not clickable at point (1117, 17). Other element would receive the click: <span class="m-nav__link-icon">...</span>
  (Session info: chrome=73.0.3683.103)
  (Driver info: chromedriver=73.0.3683.68 (47787ec04b6e38e22703e856e101e840b65afe72),platform=Linux 4.15.0-47-generic x86_64) (WARNING: The server did not provide any stacktrace information)
Command duration or timeout: 0 milliseconds
Build info: version: '3.7.1', revision: '8a0099a', time: '2017-11-06T21:07:36.161Z'
System info: host: 'faizan-HP-EliteBook-850-G2', ip: '127.0.1.1', os.name: 'Linux', os.arch: 'amd64', os.version: '4.15.0-47-generic', java.version: '1.8.0_191'
Driver info: com.kms.katalon.selenium.driver.CChromeDriver
Capabilities {acceptInsecureCerts: false, acceptSslCerts: false, applicationCacheEnabled: false, browserConnectionEnabled: false, browserName: chrome, chrome: {chromedriverVersion: 73.0.3683.68 (47787ec04b6e3..., userDataDir: /tmp/.com.google.Chrome.FU0xWS}, cssSelectorsEnabled: true, databaseEnabled: false, goog:chromeOptions: {debuggerAddress: localhost:43539}, handlesAlerts: true, hasTouchScreen: false, javascriptEnabled: true, locationContextEnabled: true, mobileEmulationEnabled: false, nativeEvents: true, networkConnectionEnabled: false, pageLoadStrategy: normal, platform: LINUX, platformName: LINUX, proxy: Proxy(direct), rotatable: false, setWindowRect: true, strictFileInteractability: false, takesHeapSnapshot: true, takesScreenshot: true, timeouts: {implicit: 0, pageLoad: 300000, script: 30000}, unexpectedAlertBehaviour: ignore, unhandledPromptBehavior: ignore, version: 73.0.3683.103, webStorageEnabled: true}
Session ID: f13adca9b43bf4b34e393f07e02ab2e3
	at org.openqa.selenium.remote.ErrorHandler.createThrowable(ErrorHandler.java:214)
	at org.openqa.selenium.remote.ErrorHandler.throwIfResponseFailed(ErrorHandler.java:166)
	at org.openqa.selenium.remote.http.JsonHttpResponseCodec.reconstructValue(JsonHttpResponseCodec.java:40)
	at org.openqa.selenium.remote.http.AbstractHttpResponseCodec.decode(AbstractHttpResponseCodec.java:80)
	at org.openqa.selenium.remote.http.AbstractHttpResponseCodec.decode(AbstractHttpResponseCodec.java:44)
	at org.openqa.selenium.remote.HttpCommandExecutor.execute(HttpCommandExecutor.java:164)
	at org.openqa.selenium.remote.service.DriverCommandExecutor.execute(DriverCommandExecutor.java:83)
	at org.openqa.selenium.remote.RemoteWebDriver.execute(RemoteWebDriver.java:600)
	at com.kms.katalon.selenium.driver.CChromeDriver.execute(CChromeDriver.java:20)
	at org.openqa.selenium.remote.RemoteWebElement.execute(RemoteWebElement.java:279)
	at org.openqa.selenium.remote.RemoteWebElement.click(RemoteWebElement.java:83)
	at com.kms.katalon.core.webui.keyword.builtin.ClickKeyword$_click_closure1.doCall(ClickKeyword.groovy:79)
	at com.kms.katalon.core.webui.keyword.builtin.ClickKeyword$_click_closure1.call(ClickKeyword.groovy)
	at com.kms.katalon.core.webui.keyword.internal.WebUIKeywordMain.runKeyword(WebUIKeywordMain.groovy:20)
	at com.kms.katalon.core.webui.keyword.builtin.ClickKeyword.click(ClickKeyword.groovy:86)
	at com.kms.katalon.core.webui.keyword.builtin.ClickKeyword.execute(ClickKeyword.groovy:67)
	at com.kms.katalon.core.keyword.internal.KeywordExecutor.executeKeywordForPlatform(KeywordExecutor.groovy:56)
	at com.kms.katalon.core.webui.keyword.WebUiBuiltInKeywords.click(WebUiBuiltInKeywords.groovy:616)
	at com.kms.katalon.core.webui.keyword.WebUiBuiltInKeywords$click$2.call(Unknown Source)
	at Script1537076328784.run(Script1537076328784.groovy:40)
	... 13 more
)
[[ATTACHMENT|/home/faizan/Drive/KiboPush_Automated_Testing/KiboPush Katalon/Reports/Faizan Suits/Template/20190421_022043/1555795928565.png]]]]></system-out>
         <system-err><![CDATA[2019-04-21 02:31:56 - [TEST_CASE][FAILED] - Test Cases/Template testcases/TC0790: Test Cases/Template testcases/TC0790 FAILED.
Reason:
com.kms.katalon.core.exception.StepFailedException: Unable to click on object 'Object Repository/Page_KiboPush  Create Broadcast Tem/button_Create (8) (1)'
	at com.kms.katalon.core.webui.keyword.internal.WebUIKeywordMain.stepFailed(WebUIKeywordMain.groovy:64)
	at com.kms.katalon.core.webui.keyword.internal.WebUIKeywordMain.runKeyword(WebUIKeywordMain.groovy:26)
	at com.kms.katalon.core.webui.keyword.builtin.ClickKeyword.click(ClickKeyword.groovy:86)
	at com.kms.katalon.core.webui.keyword.builtin.ClickKeyword.execute(ClickKeyword.groovy:67)
	at com.kms.katalon.core.keyword.internal.KeywordExecutor.executeKeywordForPlatform(KeywordExecutor.groovy:56)
	at com.kms.katalon.core.webui.keyword.WebUiBuiltInKeywords.click(WebUiBuiltInKeywords.groovy:616)
	at com.kms.katalon.core.webui.keyword.WebUiBuiltInKeywords$click$2.call(Unknown Source)
	at TC0790.run(TC0790:40)
	at com.kms.katalon.core.main.ScriptEngine.run(ScriptEngine.java:194)
	at com.kms.katalon.core.main.ScriptEngine.runScriptAsRawText(ScriptEngine.java:119)
	at com.kms.katalon.core.main.TestCaseExecutor.runScript(TestCaseExecutor.java:336)
	at com.kms.katalon.core.main.TestCaseExecutor.doExecute(TestCaseExecutor.java:327)
	at com.kms.katalon.core.main.TestCaseExecutor.processExecutionPhase(TestCaseExecutor.java:306)
	at com.kms.katalon.core.main.TestCaseExecutor.accessMainPhase(TestCaseExecutor.java:298)
	at com.kms.katalon.core.main.TestCaseExecutor.execute(TestCaseExecutor.java:232)
	at com.kms.katalon.core.main.TestSuiteExecutor.accessTestCaseMainPhase(TestSuiteExecutor.java:129)
	at com.kms.katalon.core.main.TestSuiteExecutor.accessTestSuiteMainPhase(TestSuiteExecutor.java:112)
	at com.kms.katalon.core.main.TestSuiteExecutor.execute(TestSuiteExecutor.java:81)
	at com.kms.katalon.core.main.TestCaseMain.startTestSuite(TestCaseMain.java:157)
	at com.kms.katalon.core.main.TestCaseMain$startTestSuite$0.call(Unknown Source)
	at TempTestSuite1555795243480.run(TempTestSuite1555795243480.groovy:35)
Caused by: org.openqa.selenium.WebDriverException: unknown error: Element <button id="send" class="btn btn-primary" style="margin-right: 20px;">...</button> is not clickable at point (1117, 17). Other element would receive the click: <span class="m-nav__link-icon">...</span>
  (Session info: chrome=73.0.3683.103)
  (Driver info: chromedriver=73.0.3683.68 (47787ec04b6e38e22703e856e101e840b65afe72),platform=Linux 4.15.0-47-generic x86_64) (WARNING: The server did not provide any stacktrace information)
Command duration or timeout: 0 milliseconds
Build info: version: '3.7.1', revision: '8a0099a', time: '2017-11-06T21:07:36.161Z'
System info: host: 'faizan-HP-EliteBook-850-G2', ip: '127.0.1.1', os.name: 'Linux', os.arch: 'amd64', os.version: '4.15.0-47-generic', java.version: '1.8.0_191'
Driver info: com.kms.katalon.selenium.driver.CChromeDriver
Capabilities {acceptInsecureCerts: false, acceptSslCerts: false, applicationCacheEnabled: false, browserConnectionEnabled: false, browserName: chrome, chrome: {chromedriverVersion: 73.0.3683.68 (47787ec04b6e3..., userDataDir: /tmp/.com.google.Chrome.FU0xWS}, cssSelectorsEnabled: true, databaseEnabled: false, goog:chromeOptions: {debuggerAddress: localhost:43539}, handlesAlerts: true, hasTouchScreen: false, javascriptEnabled: true, locationContextEnabled: true, mobileEmulationEnabled: false, nativeEvents: true, networkConnectionEnabled: false, pageLoadStrategy: normal, platform: LINUX, platformName: LINUX, proxy: Proxy(direct), rotatable: false, setWindowRect: true, strictFileInteractability: false, takesHeapSnapshot: true, takesScreenshot: true, timeouts: {implicit: 0, pageLoad: 300000, script: 30000}, unexpectedAlertBehaviour: ignore, unhandledPromptBehavior: ignore, version: 73.0.3683.103, webStorageEnabled: true}
Session ID: f13adca9b43bf4b34e393f07e02ab2e3
	at org.openqa.selenium.remote.ErrorHandler.createThrowable(ErrorHandler.java:214)
	at org.openqa.selenium.remote.ErrorHandler.throwIfResponseFailed(ErrorHandler.java:166)
	at org.openqa.selenium.remote.http.JsonHttpResponseCodec.reconstructValue(JsonHttpResponseCodec.java:40)
	at org.openqa.selenium.remote.http.AbstractHttpResponseCodec.decode(AbstractHttpResponseCodec.java:80)
	at org.openqa.selenium.remote.http.AbstractHttpResponseCodec.decode(AbstractHttpResponseCodec.java:44)
	at org.openqa.selenium.remote.HttpCommandExecutor.execute(HttpCommandExecutor.java:164)
	at org.openqa.selenium.remote.service.DriverCommandExecutor.execute(DriverCommandExecutor.java:83)
	at org.openqa.selenium.remote.RemoteWebDriver.execute(RemoteWebDriver.java:600)
	at com.kms.katalon.selenium.driver.CChromeDriver.execute(CChromeDriver.java:20)
	at org.openqa.selenium.remote.RemoteWebElement.execute(RemoteWebElement.java:279)
	at org.openqa.selenium.remote.RemoteWebElement.click(RemoteWebElement.java:83)
	at com.kms.katalon.core.webui.keyword.builtin.ClickKeyword$_click_closure1.doCall(ClickKeyword.groovy:79)
	at com.kms.katalon.core.webui.keyword.builtin.ClickKeyword$_click_closure1.call(ClickKeyword.groovy)
	at com.kms.katalon.core.webui.keyword.internal.WebUIKeywordMain.runKeyword(WebUIKeywordMain.groovy:20)
	at com.kms.katalon.core.webui.keyword.builtin.ClickKeyword.click(ClickKeyword.groovy:86)
	at com.kms.katalon.core.webui.keyword.builtin.ClickKeyword.execute(ClickKeyword.groovy:67)
	at com.kms.katalon.core.keyword.internal.KeywordExecutor.executeKeywordForPlatform(KeywordExecutor.groovy:56)
	at com.kms.katalon.core.webui.keyword.WebUiBuiltInKeywords.click(WebUiBuiltInKeywords.groovy:616)
	at com.kms.katalon.core.webui.keyword.WebUiBuiltInKeywords$click$2.call(Unknown Source)
	at Script1537076328784.run(Script1537076328784.groovy:40)
	... 13 more]]></system-err>
      </testcase>
      <testcase name="Test Cases/Template testcases/TC0791" classname="Test Cases/Template testcases/TC0791" status="FAILED">
         <failure type="FAILED" message="Test Cases/Template testcases/TC0791 FAILED.
Reason:
com.kms.katalon.core.exception.StepFailedException: Unable to click on object 'Object Repository/Page_KiboPush  Create Broadcast Tem/button_Create'
	at com.kms.katalon.core.webui.keyword.internal.WebUIKeywordMain.stepFailed(WebUIKeywordMain.groovy:64)
	at com.kms.katalon.core.webui.keyword.internal.WebUIKeywordMain.runKeyword(WebUIKeywordMain.groovy:26)
	at com.kms.katalon.core.webui.keyword.builtin.ClickKeyword.click(ClickKeyword.groovy:86)
	at com.kms.katalon.core.webui.keyword.builtin.ClickKeyword.execute(ClickKeyword.groovy:67)
	at com.kms.katalon.core.keyword.internal.KeywordExecutor.executeKeywordForPlatform(KeywordExecutor.groovy:56)
	at com.kms.katalon.core.webui.keyword.WebUiBuiltInKeywords.click(WebUiBuiltInKeywords.groovy:616)
	at com.kms.katalon.core.webui.keyword.WebUiBuiltInKeywords$click$2.call(Unknown Source)
	at TC0791.run(TC0791:49)
	at com.kms.katalon.core.main.ScriptEngine.run(ScriptEngine.java:194)
	at com.kms.katalon.core.main.ScriptEngine.runScriptAsRawText(ScriptEngine.java:119)
	at com.kms.katalon.core.main.TestCaseExecutor.runScript(TestCaseExecutor.java:336)
	at com.kms.katalon.core.main.TestCaseExecutor.doExecute(TestCaseExecutor.java:327)
	at com.kms.katalon.core.main.TestCaseExecutor.processExecutionPhase(TestCaseExecutor.java:306)
	at com.kms.katalon.core.main.TestCaseExecutor.accessMainPhase(TestCaseExecutor.java:298)
	at com.kms.katalon.core.main.TestCaseExecutor.execute(TestCaseExecutor.java:232)
	at com.kms.katalon.core.main.TestSuiteExecutor.accessTestCaseMainPhase(TestSuiteExecutor.java:129)
	at com.kms.katalon.core.main.TestSuiteExecutor.accessTestSuiteMainPhase(TestSuiteExecutor.java:112)
	at com.kms.katalon.core.main.TestSuiteExecutor.execute(TestSuiteExecutor.java:81)
	at com.kms.katalon.core.main.TestCaseMain.startTestSuite(TestCaseMain.java:157)
	at com.kms.katalon.core.main.TestCaseMain$startTestSuite$0.call(Unknown Source)
	at TempTestSuite1555795243480.run(TempTestSuite1555795243480.groovy:35)
Caused by: org.openqa.selenium.WebDriverException: unknown error: Element &lt;button id=&quot;send&quot; class=&quot;btn btn-primary&quot; style=&quot;margin-right: 20px;&quot;>...&lt;/button> is not clickable at point (1117, 17). Other element would receive the click: &lt;span class=&quot;m-nav__link-icon&quot;>...&lt;/span>
  (Session info: chrome=73.0.3683.103)
  (Driver info: chromedriver=73.0.3683.68 (47787ec04b6e38e22703e856e101e840b65afe72),platform=Linux 4.15.0-47-generic x86_64) (WARNING: The server did not provide any stacktrace information)
Command duration or timeout: 0 milliseconds
Build info: version: '3.7.1', revision: '8a0099a', time: '2017-11-06T21:07:36.161Z'
System info: host: 'faizan-HP-EliteBook-850-G2', ip: '127.0.1.1', os.name: 'Linux', os.arch: 'amd64', os.version: '4.15.0-47-generic', java.version: '1.8.0_191'
Driver info: com.kms.katalon.selenium.driver.CChromeDriver
Capabilities {acceptInsecureCerts: false, acceptSslCerts: false, applicationCacheEnabled: false, browserConnectionEnabled: false, browserName: chrome, chrome: {chromedriverVersion: 73.0.3683.68 (47787ec04b6e3..., userDataDir: /tmp/.com.google.Chrome.FU0xWS}, cssSelectorsEnabled: true, databaseEnabled: false, goog:chromeOptions: {debuggerAddress: localhost:43539}, handlesAlerts: true, hasTouchScreen: false, javascriptEnabled: true, locationContextEnabled: true, mobileEmulationEnabled: false, nativeEvents: true, networkConnectionEnabled: false, pageLoadStrategy: normal, platform: LINUX, platformName: LINUX, proxy: Proxy(direct), rotatable: false, setWindowRect: true, strictFileInteractability: false, takesHeapSnapshot: true, takesScreenshot: true, timeouts: {implicit: 0, pageLoad: 300000, script: 30000}, unexpectedAlertBehaviour: ignore, unhandledPromptBehavior: ignore, version: 73.0.3683.103, webStorageEnabled: true}
Session ID: f13adca9b43bf4b34e393f07e02ab2e3
	at org.openqa.selenium.remote.ErrorHandler.createThrowable(ErrorHandler.java:214)
	at org.openqa.selenium.remote.ErrorHandler.throwIfResponseFailed(ErrorHandler.java:166)
	at org.openqa.selenium.remote.http.JsonHttpResponseCodec.reconstructValue(JsonHttpResponseCodec.java:40)
	at org.openqa.selenium.remote.http.AbstractHttpResponseCodec.decode(AbstractHttpResponseCodec.java:80)
	at org.openqa.selenium.remote.http.AbstractHttpResponseCodec.decode(AbstractHttpResponseCodec.java:44)
	at org.openqa.selenium.remote.HttpCommandExecutor.execute(HttpCommandExecutor.java:164)
	at org.openqa.selenium.remote.service.DriverCommandExecutor.execute(DriverCommandExecutor.java:83)
	at org.openqa.selenium.remote.RemoteWebDriver.execute(RemoteWebDriver.java:600)
	at com.kms.katalon.selenium.driver.CChromeDriver.execute(CChromeDriver.java:20)
	at org.openqa.selenium.remote.RemoteWebElement.execute(RemoteWebElement.java:279)
	at org.openqa.selenium.remote.RemoteWebElement.click(RemoteWebElement.java:83)
	at com.kms.katalon.core.webui.keyword.builtin.ClickKeyword$_click_closure1.doCall(ClickKeyword.groovy:79)
	at com.kms.katalon.core.webui.keyword.builtin.ClickKeyword$_click_closure1.call(ClickKeyword.groovy)
	at com.kms.katalon.core.webui.keyword.internal.WebUIKeywordMain.runKeyword(WebUIKeywordMain.groovy:20)
	at com.kms.katalon.core.webui.keyword.builtin.ClickKeyword.click(ClickKeyword.groovy:86)
	at com.kms.katalon.core.webui.keyword.builtin.ClickKeyword.execute(ClickKeyword.groovy:67)
	at com.kms.katalon.core.keyword.internal.KeywordExecutor.executeKeywordForPlatform(KeywordExecutor.groovy:56)
	at com.kms.katalon.core.webui.keyword.WebUiBuiltInKeywords.click(WebUiBuiltInKeywords.groovy:616)
	at com.kms.katalon.core.webui.keyword.WebUiBuiltInKeywords$click$2.call(Unknown Source)
	at Script1537076703727.run(Script1537076703727.groovy:49)
	... 13 more
"/>
         <system-out><![CDATA[2019-04-21 02:32:08 - [TEST_CASE][FAILED] - Test Cases/Template testcases/TC0791: Test Cases/Template testcases/TC0791 FAILED.
Reason:
com.kms.katalon.core.exception.StepFailedException: Unable to click on object 'Object Repository/Page_KiboPush  Create Broadcast Tem/button_Create'
	at com.kms.katalon.core.webui.keyword.internal.WebUIKeywordMain.stepFailed(WebUIKeywordMain.groovy:64)
	at com.kms.katalon.core.webui.keyword.internal.WebUIKeywordMain.runKeyword(WebUIKeywordMain.groovy:26)
	at com.kms.katalon.core.webui.keyword.builtin.ClickKeyword.click(ClickKeyword.groovy:86)
	at com.kms.katalon.core.webui.keyword.builtin.ClickKeyword.execute(ClickKeyword.groovy:67)
	at com.kms.katalon.core.keyword.internal.KeywordExecutor.executeKeywordForPlatform(KeywordExecutor.groovy:56)
	at com.kms.katalon.core.webui.keyword.WebUiBuiltInKeywords.click(WebUiBuiltInKeywords.groovy:616)
	at com.kms.katalon.core.webui.keyword.WebUiBuiltInKeywords$click$2.call(Unknown Source)
	at TC0791.run(TC0791:49)
	at com.kms.katalon.core.main.ScriptEngine.run(ScriptEngine.java:194)
	at com.kms.katalon.core.main.ScriptEngine.runScriptAsRawText(ScriptEngine.java:119)
	at com.kms.katalon.core.main.TestCaseExecutor.runScript(TestCaseExecutor.java:336)
	at com.kms.katalon.core.main.TestCaseExecutor.doExecute(TestCaseExecutor.java:327)
	at com.kms.katalon.core.main.TestCaseExecutor.processExecutionPhase(TestCaseExecutor.java:306)
	at com.kms.katalon.core.main.TestCaseExecutor.accessMainPhase(TestCaseExecutor.java:298)
	at com.kms.katalon.core.main.TestCaseExecutor.execute(TestCaseExecutor.java:232)
	at com.kms.katalon.core.main.TestSuiteExecutor.accessTestCaseMainPhase(TestSuiteExecutor.java:129)
	at com.kms.katalon.core.main.TestSuiteExecutor.accessTestSuiteMainPhase(TestSuiteExecutor.java:112)
	at com.kms.katalon.core.main.TestSuiteExecutor.execute(TestSuiteExecutor.java:81)
	at com.kms.katalon.core.main.TestCaseMain.startTestSuite(TestCaseMain.java:157)
	at com.kms.katalon.core.main.TestCaseMain$startTestSuite$0.call(Unknown Source)
	at TempTestSuite1555795243480.run(TempTestSuite1555795243480.groovy:35)
Caused by: org.openqa.selenium.WebDriverException: unknown error: Element <button id="send" class="btn btn-primary" style="margin-right: 20px;">...</button> is not clickable at point (1117, 17). Other element would receive the click: <span class="m-nav__link-icon">...</span>
  (Session info: chrome=73.0.3683.103)
  (Driver info: chromedriver=73.0.3683.68 (47787ec04b6e38e22703e856e101e840b65afe72),platform=Linux 4.15.0-47-generic x86_64) (WARNING: The server did not provide any stacktrace information)
Command duration or timeout: 0 milliseconds
Build info: version: '3.7.1', revision: '8a0099a', time: '2017-11-06T21:07:36.161Z'
System info: host: 'faizan-HP-EliteBook-850-G2', ip: '127.0.1.1', os.name: 'Linux', os.arch: 'amd64', os.version: '4.15.0-47-generic', java.version: '1.8.0_191'
Driver info: com.kms.katalon.selenium.driver.CChromeDriver
Capabilities {acceptInsecureCerts: false, acceptSslCerts: false, applicationCacheEnabled: false, browserConnectionEnabled: false, browserName: chrome, chrome: {chromedriverVersion: 73.0.3683.68 (47787ec04b6e3..., userDataDir: /tmp/.com.google.Chrome.FU0xWS}, cssSelectorsEnabled: true, databaseEnabled: false, goog:chromeOptions: {debuggerAddress: localhost:43539}, handlesAlerts: true, hasTouchScreen: false, javascriptEnabled: true, locationContextEnabled: true, mobileEmulationEnabled: false, nativeEvents: true, networkConnectionEnabled: false, pageLoadStrategy: normal, platform: LINUX, platformName: LINUX, proxy: Proxy(direct), rotatable: false, setWindowRect: true, strictFileInteractability: false, takesHeapSnapshot: true, takesScreenshot: true, timeouts: {implicit: 0, pageLoad: 300000, script: 30000}, unexpectedAlertBehaviour: ignore, unhandledPromptBehavior: ignore, version: 73.0.3683.103, webStorageEnabled: true}
Session ID: f13adca9b43bf4b34e393f07e02ab2e3
	at org.openqa.selenium.remote.ErrorHandler.createThrowable(ErrorHandler.java:214)
	at org.openqa.selenium.remote.ErrorHandler.throwIfResponseFailed(ErrorHandler.java:166)
	at org.openqa.selenium.remote.http.JsonHttpResponseCodec.reconstructValue(JsonHttpResponseCodec.java:40)
	at org.openqa.selenium.remote.http.AbstractHttpResponseCodec.decode(AbstractHttpResponseCodec.java:80)
	at org.openqa.selenium.remote.http.AbstractHttpResponseCodec.decode(AbstractHttpResponseCodec.java:44)
	at org.openqa.selenium.remote.HttpCommandExecutor.execute(HttpCommandExecutor.java:164)
	at org.openqa.selenium.remote.service.DriverCommandExecutor.execute(DriverCommandExecutor.java:83)
	at org.openqa.selenium.remote.RemoteWebDriver.execute(RemoteWebDriver.java:600)
	at com.kms.katalon.selenium.driver.CChromeDriver.execute(CChromeDriver.java:20)
	at org.openqa.selenium.remote.RemoteWebElement.execute(RemoteWebElement.java:279)
	at org.openqa.selenium.remote.RemoteWebElement.click(RemoteWebElement.java:83)
	at com.kms.katalon.core.webui.keyword.builtin.ClickKeyword$_click_closure1.doCall(ClickKeyword.groovy:79)
	at com.kms.katalon.core.webui.keyword.builtin.ClickKeyword$_click_closure1.call(ClickKeyword.groovy)
	at com.kms.katalon.core.webui.keyword.internal.WebUIKeywordMain.runKeyword(WebUIKeywordMain.groovy:20)
	at com.kms.katalon.core.webui.keyword.builtin.ClickKeyword.click(ClickKeyword.groovy:86)
	at com.kms.katalon.core.webui.keyword.builtin.ClickKeyword.execute(ClickKeyword.groovy:67)
	at com.kms.katalon.core.keyword.internal.KeywordExecutor.executeKeywordForPlatform(KeywordExecutor.groovy:56)
	at com.kms.katalon.core.webui.keyword.WebUiBuiltInKeywords.click(WebUiBuiltInKeywords.groovy:616)
	at com.kms.katalon.core.webui.keyword.WebUiBuiltInKeywords$click$2.call(Unknown Source)
	at Script1537076703727.run(Script1537076703727.groovy:49)
	... 13 more


2019-04-21 02:32:08 - [TEST_STEP][PASSED] - callTestCase(findTestCase("Template testcases/TC0788"), [:], STOP_ON_FAILURE): Call Test Case 'Test Cases/Template testcases/TC0788' successfully

2019-04-21 02:32:08 - [TEST_CASE][PASSED] - Test Cases/Template testcases/TC0788: Test Cases/Template testcases/TC0788

2019-04-21 02:32:08 - [TEST_STEP][PASSED] - callTestCase(findTestCase("Template testcases/TC0768"), [:], STOP_ON_FAILURE): Call Test Case 'Test Cases/Template testcases/TC0768' successfully

2019-04-21 02:32:09 - [TEST_CASE][PASSED] - Test Cases/Template testcases/TC0768: Test Cases/Template testcases/TC0768

2019-04-21 02:32:09 - [TEST_STEP][PASSED] - callTestCase(findTestCase("s-sidebar_navigation/individualAccount/Template"), [:], STOP_ON_FAILURE): Call Test Case 'Test Cases/s-sidebar_navigation/individualAccount/Template' successfully

2019-04-21 02:32:09 - [TEST_CASE][PASSED] - Test Cases/s-sidebar_navigation/individualAccount/Template: Test Cases/s-sidebar_navigation/individualAccount/Template

2019-04-21 02:32:09 - [TEST_STEP][PASSED] - click(findTestObject("Page_KiboPush  Dashboard/span_Broadcasts")): Object: 'Object Repository/Page_KiboPush  Dashboard/span_Broadcasts' is clicked on

2019-04-21 02:32:09 - [MESSAGE][PASSED] - Object: 'Object Repository/Page_KiboPush  Dashboard/span_Broadcasts' is clicked on

2019-04-21 02:32:09 - [TEST_STEP][PASSED] - delay(1): Delayed 1 second(s)

2019-04-21 02:32:10 - [MESSAGE][PASSED] - Delayed 1 second(s)

2019-04-21 02:32:10 - [TEST_STEP][PASSED] - click(findTestObject("Page_KiboPush  Dashboard/span_Templates")): Object: 'Object Repository/Page_KiboPush  Dashboard/span_Templates' is clicked on

2019-04-21 02:32:10 - [MESSAGE][PASSED] - Object: 'Object Repository/Page_KiboPush  Dashboard/span_Templates' is clicked on

2019-04-21 02:32:10 - [TEST_STEP][PASSED] - delay(3): Delayed 3 second(s)

2019-04-21 02:32:13 - [MESSAGE][PASSED] - Delayed 3 second(s)

2019-04-21 02:32:13 - [TEST_STEP][PASSED] - scrollToPosition(0, 0): Browser is scrolled to position x = 0, y = 0

2019-04-21 02:32:13 - [MESSAGE][PASSED] - Browser is scrolled to position x = 0, y = 0

2019-04-21 02:32:13 - [TEST_STEP][PASSED] - click(findTestObject("Object Repository/Page_KiboEngage  Templates/h3_Templates")): Object: 'Object Repository/Page_KiboEngage  Templates/h3_Templates' is clicked on

2019-04-21 02:32:13 - [MESSAGE][PASSED] - Object: 'Object Repository/Page_KiboEngage  Templates/h3_Templates' is clicked on

2019-04-21 02:32:13 - [TEST_STEP][PASSED] - delay(3): Delayed 3 second(s)

2019-04-21 02:32:16 - [MESSAGE][PASSED] - Delayed 3 second(s)

2019-04-21 02:32:16 - [MESSAGE][PASSED] - Call Test Case 'Test Cases/s-sidebar_navigation/individualAccount/Template' successfully

2019-04-21 02:32:16 - [TEST_STEP][PASSED] - click(findTestObject("Object Repository/Page_KiboPush  Dashboard/button_Create New")): Object: 'Object Repository/Page_KiboPush  Dashboard/button_Create New' is clicked on

2019-04-21 02:32:17 - [MESSAGE][PASSED] - Object: 'Object Repository/Page_KiboPush  Dashboard/button_Create New' is clicked on

2019-04-21 02:32:17 - [TEST_STEP][PASSED] - click(findTestObject("Object Repository/Page_KiboPush  Create Broadcast Tem/h3_Create Broadcast Template")): Object: 'Object Repository/Page_KiboPush  Create Broadcast Tem/h3_Create Broadcast Template' is clicked on

2019-04-21 02:32:17 - [MESSAGE][PASSED] - Object: 'Object Repository/Page_KiboPush  Create Broadcast Tem/h3_Create Broadcast Template' is clicked on

2019-04-21 02:32:17 - [MESSAGE][PASSED] - Call Test Case 'Test Cases/Template testcases/TC0768' successfully

2019-04-21 02:32:17 - [TEST_STEP][PASSED] - click(findTestObject("Page_KiboPush  Create Broadcast Tem/h6_Gallery (1)")): Object: 'Object Repository/Page_KiboPush  Create Broadcast Tem/h6_Gallery (1)' is clicked on

2019-04-21 02:32:17 - [MESSAGE][PASSED] - Object: 'Object Repository/Page_KiboPush  Create Broadcast Tem/h6_Gallery (1)' is clicked on

2019-04-21 02:32:17 - [TEST_STEP][PASSED] - click(findTestObject("Object Repository/Page_KiboEngage  Create Broadcast Template/div_New gallery component added")): Object: 'Object Repository/Page_KiboEngage  Create Broadcast Template/div_New gallery component added' is clicked on

2019-04-21 02:32:17 - [MESSAGE][PASSED] - Object: 'Object Repository/Page_KiboEngage  Create Broadcast Template/div_New gallery component added' is clicked on

2019-04-21 02:32:17 - [MESSAGE][PASSED] - Call Test Case 'Test Cases/Template testcases/TC0788' successfully

2019-04-21 02:32:17 - [TEST_STEP][PASSED] - img = getProjectDir() + "/sample.jpg": null

2019-04-21 02:32:17 - [TEST_STEP][PASSED] - uploadFile(findTestObject("Page_KiboPush  Create Broadcast Tem/gal_img"), img): File '/home/faizan/Drive/KiboPush_Automated_Testing/KiboPush Katalon/sample.jpg' sent to object: 'Object Repository/Page_KiboPush  Create Broadcast Tem/gal_img'

2019-04-21 02:32:18 - [MESSAGE][PASSED] - File '/home/faizan/Drive/KiboPush_Automated_Testing/KiboPush Katalon/sample.jpg' sent to object: 'Object Repository/Page_KiboPush  Create Broadcast Tem/gal_img'

2019-04-21 02:32:18 - [TEST_STEP][PASSED] - delay(10): Delayed 10 second(s)

2019-04-21 02:32:28 - [MESSAGE][PASSED] - Delayed 10 second(s)

2019-04-21 02:32:28 - [TEST_STEP][PASSED] - click(findTestObject("Object Repository/Page_KiboEngage  Create Broadcast Template/svg")): Object: 'Object Repository/Page_KiboEngage  Create Broadcast Template/svg' is clicked on

2019-04-21 02:32:28 - [MESSAGE][PASSED] - Object: 'Object Repository/Page_KiboEngage  Create Broadcast Template/svg' is clicked on

2019-04-21 02:32:28 - [TEST_STEP][PASSED] - delay(3): Delayed 3 second(s)

2019-04-21 02:32:31 - [MESSAGE][PASSED] - Delayed 3 second(s)

2019-04-21 02:32:31 - [TEST_STEP][PASSED] - setText(findTestObject("Page_KiboPush  Create Broadcast Tem/textarea_form-control (3)"), "h"): Text 'h' is set on object 'Object Repository/Page_KiboPush  Create Broadcast Tem/textarea_form-control (3)'

2019-04-21 02:32:31 - [MESSAGE][PASSED] - Text 'h' is set on object 'Object Repository/Page_KiboPush  Create Broadcast Tem/textarea_form-control (3)'

2019-04-21 02:32:31 - [TEST_STEP][PASSED] - click(findTestObject("Page_KiboPush  Create Broadcast Tem/h6_ Add Button (1)")): Object: 'Object Repository/Page_KiboPush  Create Broadcast Tem/h6_ Add Button (1)' is clicked on

2019-04-21 02:32:31 - [MESSAGE][PASSED] - Object: 'Object Repository/Page_KiboPush  Create Broadcast Tem/h6_ Add Button (1)' is clicked on

2019-04-21 02:32:31 - [TEST_STEP][PASSED] - setText(findTestObject("Page_KiboPush  Create Broadcast Tem/input_form-control (16)"), "google"): Text 'google' is set on object 'Object Repository/Page_KiboPush  Create Broadcast Tem/input_form-control (16)'

2019-04-21 02:32:32 - [MESSAGE][PASSED] - Text 'google' is set on object 'Object Repository/Page_KiboPush  Create Broadcast Tem/input_form-control (16)'

2019-04-21 02:32:32 - [TEST_STEP][PASSED] - click(findTestObject("Page_KiboPush  Create Broadcast Tem/div_Open a website (1)")): Object: 'Object Repository/Page_KiboPush  Create Broadcast Tem/div_Open a website (1)' is clicked on

2019-04-21 02:32:32 - [MESSAGE][PASSED] - Object: 'Object Repository/Page_KiboPush  Create Broadcast Tem/div_Open a website (1)' is clicked on

2019-04-21 02:32:32 - [TEST_STEP][PASSED] - setText(findTestObject("Page_KiboPush  Create Broadcast Tem/input_form-control_1 (8)"), "www.google.com"): Text 'www.google.com' is set on object 'Object Repository/Page_KiboPush  Create Broadcast Tem/input_form-control_1 (8)'

2019-04-21 02:32:32 - [MESSAGE][PASSED] - Text 'www.google.com' is set on object 'Object Repository/Page_KiboPush  Create Broadcast Tem/input_form-control_1 (8)'

2019-04-21 02:32:32 - [TEST_STEP][PASSED] - click(findTestObject("Page_KiboPush  Create Broadcast Tem/button_Done (1)")): Object: 'Object Repository/Page_KiboPush  Create Broadcast Tem/button_Done (1)' is clicked on

2019-04-21 02:32:32 - [MESSAGE][PASSED] - Object: 'Object Repository/Page_KiboPush  Create Broadcast Tem/button_Done (1)' is clicked on

2019-04-21 02:32:32 - [TEST_STEP][PASSED] - delay(1): Delayed 1 second(s)

2019-04-21 02:32:33 - [MESSAGE][PASSED] - Delayed 1 second(s)

2019-04-21 02:32:33 - [TEST_STEP][FAILED] - click(findTestObject("Page_KiboPush  Create Broadcast Tem/button_Create")): Unable to click on object 'Object Repository/Page_KiboPush  Create Broadcast Tem/button_Create' (Root cause: com.kms.katalon.core.exception.StepFailedException: Unable to click on object 'Object Repository/Page_KiboPush  Create Broadcast Tem/button_Create'
	at com.kms.katalon.core.webui.keyword.internal.WebUIKeywordMain.stepFailed(WebUIKeywordMain.groovy:64)
	at com.kms.katalon.core.webui.keyword.internal.WebUIKeywordMain.runKeyword(WebUIKeywordMain.groovy:26)
	at com.kms.katalon.core.webui.keyword.builtin.ClickKeyword.click(ClickKeyword.groovy:86)
	at com.kms.katalon.core.webui.keyword.builtin.ClickKeyword.execute(ClickKeyword.groovy:67)
	at com.kms.katalon.core.keyword.internal.KeywordExecutor.executeKeywordForPlatform(KeywordExecutor.groovy:56)
	at com.kms.katalon.core.webui.keyword.WebUiBuiltInKeywords.click(WebUiBuiltInKeywords.groovy:616)
	at com.kms.katalon.core.webui.keyword.WebUiBuiltInKeywords$click$2.call(Unknown Source)
	at TC0791.run(TC0791:49)
	at com.kms.katalon.core.main.ScriptEngine.run(ScriptEngine.java:194)
	at com.kms.katalon.core.main.ScriptEngine.runScriptAsRawText(ScriptEngine.java:119)
	at com.kms.katalon.core.main.TestCaseExecutor.runScript(TestCaseExecutor.java:336)
	at com.kms.katalon.core.main.TestCaseExecutor.doExecute(TestCaseExecutor.java:327)
	at com.kms.katalon.core.main.TestCaseExecutor.processExecutionPhase(TestCaseExecutor.java:306)
	at com.kms.katalon.core.main.TestCaseExecutor.accessMainPhase(TestCaseExecutor.java:298)
	at com.kms.katalon.core.main.TestCaseExecutor.execute(TestCaseExecutor.java:232)
	at com.kms.katalon.core.main.TestSuiteExecutor.accessTestCaseMainPhase(TestSuiteExecutor.java:129)
	at com.kms.katalon.core.main.TestSuiteExecutor.accessTestSuiteMainPhase(TestSuiteExecutor.java:112)
	at com.kms.katalon.core.main.TestSuiteExecutor.execute(TestSuiteExecutor.java:81)
	at com.kms.katalon.core.main.TestCaseMain.startTestSuite(TestCaseMain.java:157)
	at com.kms.katalon.core.main.TestCaseMain$startTestSuite$0.call(Unknown Source)
	at TempTestSuite1555795243480.run(TempTestSuite1555795243480.groovy:35)
Caused by: org.openqa.selenium.WebDriverException: unknown error: Element <button id="send" class="btn btn-primary" style="margin-right: 20px;">...</button> is not clickable at point (1117, 17). Other element would receive the click: <span class="m-nav__link-icon">...</span>
  (Session info: chrome=73.0.3683.103)
  (Driver info: chromedriver=73.0.3683.68 (47787ec04b6e38e22703e856e101e840b65afe72),platform=Linux 4.15.0-47-generic x86_64) (WARNING: The server did not provide any stacktrace information)
Command duration or timeout: 0 milliseconds
Build info: version: '3.7.1', revision: '8a0099a', time: '2017-11-06T21:07:36.161Z'
System info: host: 'faizan-HP-EliteBook-850-G2', ip: '127.0.1.1', os.name: 'Linux', os.arch: 'amd64', os.version: '4.15.0-47-generic', java.version: '1.8.0_191'
Driver info: com.kms.katalon.selenium.driver.CChromeDriver
Capabilities {acceptInsecureCerts: false, acceptSslCerts: false, applicationCacheEnabled: false, browserConnectionEnabled: false, browserName: chrome, chrome: {chromedriverVersion: 73.0.3683.68 (47787ec04b6e3..., userDataDir: /tmp/.com.google.Chrome.FU0xWS}, cssSelectorsEnabled: true, databaseEnabled: false, goog:chromeOptions: {debuggerAddress: localhost:43539}, handlesAlerts: true, hasTouchScreen: false, javascriptEnabled: true, locationContextEnabled: true, mobileEmulationEnabled: false, nativeEvents: true, networkConnectionEnabled: false, pageLoadStrategy: normal, platform: LINUX, platformName: LINUX, proxy: Proxy(direct), rotatable: false, setWindowRect: true, strictFileInteractability: false, takesHeapSnapshot: true, takesScreenshot: true, timeouts: {implicit: 0, pageLoad: 300000, script: 30000}, unexpectedAlertBehaviour: ignore, unhandledPromptBehavior: ignore, version: 73.0.3683.103, webStorageEnabled: true}
Session ID: f13adca9b43bf4b34e393f07e02ab2e3
	at org.openqa.selenium.remote.ErrorHandler.createThrowable(ErrorHandler.java:214)
	at org.openqa.selenium.remote.ErrorHandler.throwIfResponseFailed(ErrorHandler.java:166)
	at org.openqa.selenium.remote.http.JsonHttpResponseCodec.reconstructValue(JsonHttpResponseCodec.java:40)
	at org.openqa.selenium.remote.http.AbstractHttpResponseCodec.decode(AbstractHttpResponseCodec.java:80)
	at org.openqa.selenium.remote.http.AbstractHttpResponseCodec.decode(AbstractHttpResponseCodec.java:44)
	at org.openqa.selenium.remote.HttpCommandExecutor.execute(HttpCommandExecutor.java:164)
	at org.openqa.selenium.remote.service.DriverCommandExecutor.execute(DriverCommandExecutor.java:83)
	at org.openqa.selenium.remote.RemoteWebDriver.execute(RemoteWebDriver.java:600)
	at com.kms.katalon.selenium.driver.CChromeDriver.execute(CChromeDriver.java:20)
	at org.openqa.selenium.remote.RemoteWebElement.execute(RemoteWebElement.java:279)
	at org.openqa.selenium.remote.RemoteWebElement.click(RemoteWebElement.java:83)
	at com.kms.katalon.core.webui.keyword.builtin.ClickKeyword$_click_closure1.doCall(ClickKeyword.groovy:79)
	at com.kms.katalon.core.webui.keyword.builtin.ClickKeyword$_click_closure1.call(ClickKeyword.groovy)
	at com.kms.katalon.core.webui.keyword.internal.WebUIKeywordMain.runKeyword(WebUIKeywordMain.groovy:20)
	at com.kms.katalon.core.webui.keyword.builtin.ClickKeyword.click(ClickKeyword.groovy:86)
	at com.kms.katalon.core.webui.keyword.builtin.ClickKeyword.execute(ClickKeyword.groovy:67)
	at com.kms.katalon.core.keyword.internal.KeywordExecutor.executeKeywordForPlatform(KeywordExecutor.groovy:56)
	at com.kms.katalon.core.webui.keyword.WebUiBuiltInKeywords.click(WebUiBuiltInKeywords.groovy:616)
	at com.kms.katalon.core.webui.keyword.WebUiBuiltInKeywords$click$2.call(Unknown Source)
	at Script1537076703727.run(Script1537076703727.groovy:49)
	... 13 more
)

2019-04-21 02:32:34 - [MESSAGE][FAILED] - Unable to click on object 'Object Repository/Page_KiboPush  Create Broadcast Tem/button_Create' (Root cause: com.kms.katalon.core.exception.StepFailedException: Unable to click on object 'Object Repository/Page_KiboPush  Create Broadcast Tem/button_Create'
	at com.kms.katalon.core.webui.keyword.internal.WebUIKeywordMain.stepFailed(WebUIKeywordMain.groovy:64)
	at com.kms.katalon.core.webui.keyword.internal.WebUIKeywordMain.runKeyword(WebUIKeywordMain.groovy:26)
	at com.kms.katalon.core.webui.keyword.builtin.ClickKeyword.click(ClickKeyword.groovy:86)
	at com.kms.katalon.core.webui.keyword.builtin.ClickKeyword.execute(ClickKeyword.groovy:67)
	at com.kms.katalon.core.keyword.internal.KeywordExecutor.executeKeywordForPlatform(KeywordExecutor.groovy:56)
	at com.kms.katalon.core.webui.keyword.WebUiBuiltInKeywords.click(WebUiBuiltInKeywords.groovy:616)
	at com.kms.katalon.core.webui.keyword.WebUiBuiltInKeywords$click$2.call(Unknown Source)
	at TC0791.run(TC0791:49)
	at com.kms.katalon.core.main.ScriptEngine.run(ScriptEngine.java:194)
	at com.kms.katalon.core.main.ScriptEngine.runScriptAsRawText(ScriptEngine.java:119)
	at com.kms.katalon.core.main.TestCaseExecutor.runScript(TestCaseExecutor.java:336)
	at com.kms.katalon.core.main.TestCaseExecutor.doExecute(TestCaseExecutor.java:327)
	at com.kms.katalon.core.main.TestCaseExecutor.processExecutionPhase(TestCaseExecutor.java:306)
	at com.kms.katalon.core.main.TestCaseExecutor.accessMainPhase(TestCaseExecutor.java:298)
	at com.kms.katalon.core.main.TestCaseExecutor.execute(TestCaseExecutor.java:232)
	at com.kms.katalon.core.main.TestSuiteExecutor.accessTestCaseMainPhase(TestSuiteExecutor.java:129)
	at com.kms.katalon.core.main.TestSuiteExecutor.accessTestSuiteMainPhase(TestSuiteExecutor.java:112)
	at com.kms.katalon.core.main.TestSuiteExecutor.execute(TestSuiteExecutor.java:81)
	at com.kms.katalon.core.main.TestCaseMain.startTestSuite(TestCaseMain.java:157)
	at com.kms.katalon.core.main.TestCaseMain$startTestSuite$0.call(Unknown Source)
	at TempTestSuite1555795243480.run(TempTestSuite1555795243480.groovy:35)
Caused by: org.openqa.selenium.WebDriverException: unknown error: Element <button id="send" class="btn btn-primary" style="margin-right: 20px;">...</button> is not clickable at point (1117, 17). Other element would receive the click: <span class="m-nav__link-icon">...</span>
  (Session info: chrome=73.0.3683.103)
  (Driver info: chromedriver=73.0.3683.68 (47787ec04b6e38e22703e856e101e840b65afe72),platform=Linux 4.15.0-47-generic x86_64) (WARNING: The server did not provide any stacktrace information)
Command duration or timeout: 0 milliseconds
Build info: version: '3.7.1', revision: '8a0099a', time: '2017-11-06T21:07:36.161Z'
System info: host: 'faizan-HP-EliteBook-850-G2', ip: '127.0.1.1', os.name: 'Linux', os.arch: 'amd64', os.version: '4.15.0-47-generic', java.version: '1.8.0_191'
Driver info: com.kms.katalon.selenium.driver.CChromeDriver
Capabilities {acceptInsecureCerts: false, acceptSslCerts: false, applicationCacheEnabled: false, browserConnectionEnabled: false, browserName: chrome, chrome: {chromedriverVersion: 73.0.3683.68 (47787ec04b6e3..., userDataDir: /tmp/.com.google.Chrome.FU0xWS}, cssSelectorsEnabled: true, databaseEnabled: false, goog:chromeOptions: {debuggerAddress: localhost:43539}, handlesAlerts: true, hasTouchScreen: false, javascriptEnabled: true, locationContextEnabled: true, mobileEmulationEnabled: false, nativeEvents: true, networkConnectionEnabled: false, pageLoadStrategy: normal, platform: LINUX, platformName: LINUX, proxy: Proxy(direct), rotatable: false, setWindowRect: true, strictFileInteractability: false, takesHeapSnapshot: true, takesScreenshot: true, timeouts: {implicit: 0, pageLoad: 300000, script: 30000}, unexpectedAlertBehaviour: ignore, unhandledPromptBehavior: ignore, version: 73.0.3683.103, webStorageEnabled: true}
Session ID: f13adca9b43bf4b34e393f07e02ab2e3
	at org.openqa.selenium.remote.ErrorHandler.createThrowable(ErrorHandler.java:214)
	at org.openqa.selenium.remote.ErrorHandler.throwIfResponseFailed(ErrorHandler.java:166)
	at org.openqa.selenium.remote.http.JsonHttpResponseCodec.reconstructValue(JsonHttpResponseCodec.java:40)
	at org.openqa.selenium.remote.http.AbstractHttpResponseCodec.decode(AbstractHttpResponseCodec.java:80)
	at org.openqa.selenium.remote.http.AbstractHttpResponseCodec.decode(AbstractHttpResponseCodec.java:44)
	at org.openqa.selenium.remote.HttpCommandExecutor.execute(HttpCommandExecutor.java:164)
	at org.openqa.selenium.remote.service.DriverCommandExecutor.execute(DriverCommandExecutor.java:83)
	at org.openqa.selenium.remote.RemoteWebDriver.execute(RemoteWebDriver.java:600)
	at com.kms.katalon.selenium.driver.CChromeDriver.execute(CChromeDriver.java:20)
	at org.openqa.selenium.remote.RemoteWebElement.execute(RemoteWebElement.java:279)
	at org.openqa.selenium.remote.RemoteWebElement.click(RemoteWebElement.java:83)
	at com.kms.katalon.core.webui.keyword.builtin.ClickKeyword$_click_closure1.doCall(ClickKeyword.groovy:79)
	at com.kms.katalon.core.webui.keyword.builtin.ClickKeyword$_click_closure1.call(ClickKeyword.groovy)
	at com.kms.katalon.core.webui.keyword.internal.WebUIKeywordMain.runKeyword(WebUIKeywordMain.groovy:20)
	at com.kms.katalon.core.webui.keyword.builtin.ClickKeyword.click(ClickKeyword.groovy:86)
	at com.kms.katalon.core.webui.keyword.builtin.ClickKeyword.execute(ClickKeyword.groovy:67)
	at com.kms.katalon.core.keyword.internal.KeywordExecutor.executeKeywordForPlatform(KeywordExecutor.groovy:56)
	at com.kms.katalon.core.webui.keyword.WebUiBuiltInKeywords.click(WebUiBuiltInKeywords.groovy:616)
	at com.kms.katalon.core.webui.keyword.WebUiBuiltInKeywords$click$2.call(Unknown Source)
	at Script1537076703727.run(Script1537076703727.groovy:49)
	... 13 more
)
[[ATTACHMENT|/home/faizan/Drive/KiboPush_Automated_Testing/KiboPush Katalon/Reports/Faizan Suits/Template/20190421_022043/1555795953904.png]]]]></system-out>
         <system-err><![CDATA[2019-04-21 02:32:08 - [TEST_CASE][FAILED] - Test Cases/Template testcases/TC0791: Test Cases/Template testcases/TC0791 FAILED.
Reason:
com.kms.katalon.core.exception.StepFailedException: Unable to click on object 'Object Repository/Page_KiboPush  Create Broadcast Tem/button_Create'
	at com.kms.katalon.core.webui.keyword.internal.WebUIKeywordMain.stepFailed(WebUIKeywordMain.groovy:64)
	at com.kms.katalon.core.webui.keyword.internal.WebUIKeywordMain.runKeyword(WebUIKeywordMain.groovy:26)
	at com.kms.katalon.core.webui.keyword.builtin.ClickKeyword.click(ClickKeyword.groovy:86)
	at com.kms.katalon.core.webui.keyword.builtin.ClickKeyword.execute(ClickKeyword.groovy:67)
	at com.kms.katalon.core.keyword.internal.KeywordExecutor.executeKeywordForPlatform(KeywordExecutor.groovy:56)
	at com.kms.katalon.core.webui.keyword.WebUiBuiltInKeywords.click(WebUiBuiltInKeywords.groovy:616)
	at com.kms.katalon.core.webui.keyword.WebUiBuiltInKeywords$click$2.call(Unknown Source)
	at TC0791.run(TC0791:49)
	at com.kms.katalon.core.main.ScriptEngine.run(ScriptEngine.java:194)
	at com.kms.katalon.core.main.ScriptEngine.runScriptAsRawText(ScriptEngine.java:119)
	at com.kms.katalon.core.main.TestCaseExecutor.runScript(TestCaseExecutor.java:336)
	at com.kms.katalon.core.main.TestCaseExecutor.doExecute(TestCaseExecutor.java:327)
	at com.kms.katalon.core.main.TestCaseExecutor.processExecutionPhase(TestCaseExecutor.java:306)
	at com.kms.katalon.core.main.TestCaseExecutor.accessMainPhase(TestCaseExecutor.java:298)
	at com.kms.katalon.core.main.TestCaseExecutor.execute(TestCaseExecutor.java:232)
	at com.kms.katalon.core.main.TestSuiteExecutor.accessTestCaseMainPhase(TestSuiteExecutor.java:129)
	at com.kms.katalon.core.main.TestSuiteExecutor.accessTestSuiteMainPhase(TestSuiteExecutor.java:112)
	at com.kms.katalon.core.main.TestSuiteExecutor.execute(TestSuiteExecutor.java:81)
	at com.kms.katalon.core.main.TestCaseMain.startTestSuite(TestCaseMain.java:157)
	at com.kms.katalon.core.main.TestCaseMain$startTestSuite$0.call(Unknown Source)
	at TempTestSuite1555795243480.run(TempTestSuite1555795243480.groovy:35)
Caused by: org.openqa.selenium.WebDriverException: unknown error: Element <button id="send" class="btn btn-primary" style="margin-right: 20px;">...</button> is not clickable at point (1117, 17). Other element would receive the click: <span class="m-nav__link-icon">...</span>
  (Session info: chrome=73.0.3683.103)
  (Driver info: chromedriver=73.0.3683.68 (47787ec04b6e38e22703e856e101e840b65afe72),platform=Linux 4.15.0-47-generic x86_64) (WARNING: The server did not provide any stacktrace information)
Command duration or timeout: 0 milliseconds
Build info: version: '3.7.1', revision: '8a0099a', time: '2017-11-06T21:07:36.161Z'
System info: host: 'faizan-HP-EliteBook-850-G2', ip: '127.0.1.1', os.name: 'Linux', os.arch: 'amd64', os.version: '4.15.0-47-generic', java.version: '1.8.0_191'
Driver info: com.kms.katalon.selenium.driver.CChromeDriver
Capabilities {acceptInsecureCerts: false, acceptSslCerts: false, applicationCacheEnabled: false, browserConnectionEnabled: false, browserName: chrome, chrome: {chromedriverVersion: 73.0.3683.68 (47787ec04b6e3..., userDataDir: /tmp/.com.google.Chrome.FU0xWS}, cssSelectorsEnabled: true, databaseEnabled: false, goog:chromeOptions: {debuggerAddress: localhost:43539}, handlesAlerts: true, hasTouchScreen: false, javascriptEnabled: true, locationContextEnabled: true, mobileEmulationEnabled: false, nativeEvents: true, networkConnectionEnabled: false, pageLoadStrategy: normal, platform: LINUX, platformName: LINUX, proxy: Proxy(direct), rotatable: false, setWindowRect: true, strictFileInteractability: false, takesHeapSnapshot: true, takesScreenshot: true, timeouts: {implicit: 0, pageLoad: 300000, script: 30000}, unexpectedAlertBehaviour: ignore, unhandledPromptBehavior: ignore, version: 73.0.3683.103, webStorageEnabled: true}
Session ID: f13adca9b43bf4b34e393f07e02ab2e3
	at org.openqa.selenium.remote.ErrorHandler.createThrowable(ErrorHandler.java:214)
	at org.openqa.selenium.remote.ErrorHandler.throwIfResponseFailed(ErrorHandler.java:166)
	at org.openqa.selenium.remote.http.JsonHttpResponseCodec.reconstructValue(JsonHttpResponseCodec.java:40)
	at org.openqa.selenium.remote.http.AbstractHttpResponseCodec.decode(AbstractHttpResponseCodec.java:80)
	at org.openqa.selenium.remote.http.AbstractHttpResponseCodec.decode(AbstractHttpResponseCodec.java:44)
	at org.openqa.selenium.remote.HttpCommandExecutor.execute(HttpCommandExecutor.java:164)
	at org.openqa.selenium.remote.service.DriverCommandExecutor.execute(DriverCommandExecutor.java:83)
	at org.openqa.selenium.remote.RemoteWebDriver.execute(RemoteWebDriver.java:600)
	at com.kms.katalon.selenium.driver.CChromeDriver.execute(CChromeDriver.java:20)
	at org.openqa.selenium.remote.RemoteWebElement.execute(RemoteWebElement.java:279)
	at org.openqa.selenium.remote.RemoteWebElement.click(RemoteWebElement.java:83)
	at com.kms.katalon.core.webui.keyword.builtin.ClickKeyword$_click_closure1.doCall(ClickKeyword.groovy:79)
	at com.kms.katalon.core.webui.keyword.builtin.ClickKeyword$_click_closure1.call(ClickKeyword.groovy)
	at com.kms.katalon.core.webui.keyword.internal.WebUIKeywordMain.runKeyword(WebUIKeywordMain.groovy:20)
	at com.kms.katalon.core.webui.keyword.builtin.ClickKeyword.click(ClickKeyword.groovy:86)
	at com.kms.katalon.core.webui.keyword.builtin.ClickKeyword.execute(ClickKeyword.groovy:67)
	at com.kms.katalon.core.keyword.internal.KeywordExecutor.executeKeywordForPlatform(KeywordExecutor.groovy:56)
	at com.kms.katalon.core.webui.keyword.WebUiBuiltInKeywords.click(WebUiBuiltInKeywords.groovy:616)
	at com.kms.katalon.core.webui.keyword.WebUiBuiltInKeywords$click$2.call(Unknown Source)
	at Script1537076703727.run(Script1537076703727.groovy:49)
	... 13 more]]></system-err>
      </testcase>
      <testcase name="Test Cases/Template testcases/TC0792" classname="Test Cases/Template testcases/TC0792" status="FAILED">
         <failure type="FAILED" message="Test Cases/Template testcases/TC0792 FAILED.
Reason:
com.kms.katalon.core.exception.StepFailedException: Unable to upload file '/home/faizan/Drive/KiboPush_Automated_Testing/KiboPush Katalon/sample.jpg' to object 'Object Repository/Page_KiboPush  Create Broadcast Tem/gal_img (1) (1)'
	at com.kms.katalon.core.webui.keyword.internal.WebUIKeywordMain.stepFailed(WebUIKeywordMain.groovy:64)
	at com.kms.katalon.core.webui.keyword.internal.WebUIKeywordMain.runKeyword(WebUIKeywordMain.groovy:26)
	at com.kms.katalon.core.webui.keyword.builtin.UploadFileKeyword.uploadFile(UploadFileKeyword.groovy:87)
	at com.kms.katalon.core.webui.keyword.builtin.UploadFileKeyword.execute(UploadFileKeyword.groovy:68)
	at com.kms.katalon.core.keyword.internal.KeywordExecutor.executeKeywordForPlatform(KeywordExecutor.groovy:56)
	at com.kms.katalon.core.webui.keyword.WebUiBuiltInKeywords.uploadFile(WebUiBuiltInKeywords.groovy:2945)
	at com.kms.katalon.core.webui.keyword.WebUiBuiltInKeywords$uploadFile$8.call(Unknown Source)
	at TC0792.run(TC0792:27)
	at com.kms.katalon.core.main.ScriptEngine.run(ScriptEngine.java:194)
	at com.kms.katalon.core.main.ScriptEngine.runScriptAsRawText(ScriptEngine.java:119)
	at com.kms.katalon.core.main.TestCaseExecutor.runScript(TestCaseExecutor.java:336)
	at com.kms.katalon.core.main.TestCaseExecutor.doExecute(TestCaseExecutor.java:327)
	at com.kms.katalon.core.main.TestCaseExecutor.processExecutionPhase(TestCaseExecutor.java:306)
	at com.kms.katalon.core.main.TestCaseExecutor.accessMainPhase(TestCaseExecutor.java:298)
	at com.kms.katalon.core.main.TestCaseExecutor.execute(TestCaseExecutor.java:232)
	at com.kms.katalon.core.main.TestSuiteExecutor.accessTestCaseMainPhase(TestSuiteExecutor.java:129)
	at com.kms.katalon.core.main.TestSuiteExecutor.accessTestSuiteMainPhase(TestSuiteExecutor.java:112)
	at com.kms.katalon.core.main.TestSuiteExecutor.execute(TestSuiteExecutor.java:81)
	at com.kms.katalon.core.main.TestCaseMain.startTestSuite(TestCaseMain.java:157)
	at com.kms.katalon.core.main.TestCaseMain$startTestSuite$0.call(Unknown Source)
	at TempTestSuite1555795243480.run(TempTestSuite1555795243480.groovy:35)
Caused by: com.kms.katalon.core.webui.exception.WebElementNotFoundException: Web element with id: 'Object Repository/Page_KiboPush  Create Broadcast Tem/gal_img (1) (1)' located by 'By.xpath: //*[@id=&quot;List1&quot;]/div/div/div[3]/div/div[2]/div/div[1]/div/div[2]/div[1]/input' not found
	at com.kms.katalon.core.webui.common.WebUiCommonHelper.findWebElement(WebUiCommonHelper.java:1097)
	at com.kms.katalon.core.webui.keyword.internal.WebUIAbstractKeyword.findWebElement(WebUIAbstractKeyword.groovy:27)
	at com.kms.katalon.core.webui.keyword.internal.WebUIAbstractKeyword.findWebElement(WebUIAbstractKeyword.groovy:26)
	at com.kms.katalon.core.webui.keyword.builtin.UploadFileKeyword$_uploadFile_closure1.doCall(UploadFileKeyword.groovy:79)
	at com.kms.katalon.core.webui.keyword.builtin.UploadFileKeyword$_uploadFile_closure1.call(UploadFileKeyword.groovy)
	at com.kms.katalon.core.webui.keyword.internal.WebUIKeywordMain.runKeyword(WebUIKeywordMain.groovy:20)
	at com.kms.katalon.core.webui.keyword.builtin.UploadFileKeyword.uploadFile(UploadFileKeyword.groovy:87)
	at com.kms.katalon.core.webui.keyword.builtin.UploadFileKeyword.execute(UploadFileKeyword.groovy:68)
	at com.kms.katalon.core.keyword.internal.KeywordExecutor.executeKeywordForPlatform(KeywordExecutor.groovy:56)
	at com.kms.katalon.core.webui.keyword.WebUiBuiltInKeywords.uploadFile(WebUiBuiltInKeywords.groovy:2945)
	at com.kms.katalon.core.webui.keyword.WebUiBuiltInKeywords$uploadFile$8.call(Unknown Source)
	at Script1537077573356.run(Script1537077573356.groovy:27)
	... 13 more
"/>
         <system-out><![CDATA[2019-04-21 02:32:34 - [TEST_CASE][FAILED] - Test Cases/Template testcases/TC0792: Test Cases/Template testcases/TC0792 FAILED.
Reason:
com.kms.katalon.core.exception.StepFailedException: Unable to upload file '/home/faizan/Drive/KiboPush_Automated_Testing/KiboPush Katalon/sample.jpg' to object 'Object Repository/Page_KiboPush  Create Broadcast Tem/gal_img (1) (1)'
	at com.kms.katalon.core.webui.keyword.internal.WebUIKeywordMain.stepFailed(WebUIKeywordMain.groovy:64)
	at com.kms.katalon.core.webui.keyword.internal.WebUIKeywordMain.runKeyword(WebUIKeywordMain.groovy:26)
	at com.kms.katalon.core.webui.keyword.builtin.UploadFileKeyword.uploadFile(UploadFileKeyword.groovy:87)
	at com.kms.katalon.core.webui.keyword.builtin.UploadFileKeyword.execute(UploadFileKeyword.groovy:68)
	at com.kms.katalon.core.keyword.internal.KeywordExecutor.executeKeywordForPlatform(KeywordExecutor.groovy:56)
	at com.kms.katalon.core.webui.keyword.WebUiBuiltInKeywords.uploadFile(WebUiBuiltInKeywords.groovy:2945)
	at com.kms.katalon.core.webui.keyword.WebUiBuiltInKeywords$uploadFile$8.call(Unknown Source)
	at TC0792.run(TC0792:27)
	at com.kms.katalon.core.main.ScriptEngine.run(ScriptEngine.java:194)
	at com.kms.katalon.core.main.ScriptEngine.runScriptAsRawText(ScriptEngine.java:119)
	at com.kms.katalon.core.main.TestCaseExecutor.runScript(TestCaseExecutor.java:336)
	at com.kms.katalon.core.main.TestCaseExecutor.doExecute(TestCaseExecutor.java:327)
	at com.kms.katalon.core.main.TestCaseExecutor.processExecutionPhase(TestCaseExecutor.java:306)
	at com.kms.katalon.core.main.TestCaseExecutor.accessMainPhase(TestCaseExecutor.java:298)
	at com.kms.katalon.core.main.TestCaseExecutor.execute(TestCaseExecutor.java:232)
	at com.kms.katalon.core.main.TestSuiteExecutor.accessTestCaseMainPhase(TestSuiteExecutor.java:129)
	at com.kms.katalon.core.main.TestSuiteExecutor.accessTestSuiteMainPhase(TestSuiteExecutor.java:112)
	at com.kms.katalon.core.main.TestSuiteExecutor.execute(TestSuiteExecutor.java:81)
	at com.kms.katalon.core.main.TestCaseMain.startTestSuite(TestCaseMain.java:157)
	at com.kms.katalon.core.main.TestCaseMain$startTestSuite$0.call(Unknown Source)
	at TempTestSuite1555795243480.run(TempTestSuite1555795243480.groovy:35)
Caused by: com.kms.katalon.core.webui.exception.WebElementNotFoundException: Web element with id: 'Object Repository/Page_KiboPush  Create Broadcast Tem/gal_img (1) (1)' located by 'By.xpath: //*[@id="List1"]/div/div/div[3]/div/div[2]/div/div[1]/div/div[2]/div[1]/input' not found
	at com.kms.katalon.core.webui.common.WebUiCommonHelper.findWebElement(WebUiCommonHelper.java:1097)
	at com.kms.katalon.core.webui.keyword.internal.WebUIAbstractKeyword.findWebElement(WebUIAbstractKeyword.groovy:27)
	at com.kms.katalon.core.webui.keyword.internal.WebUIAbstractKeyword.findWebElement(WebUIAbstractKeyword.groovy:26)
	at com.kms.katalon.core.webui.keyword.builtin.UploadFileKeyword$_uploadFile_closure1.doCall(UploadFileKeyword.groovy:79)
	at com.kms.katalon.core.webui.keyword.builtin.UploadFileKeyword$_uploadFile_closure1.call(UploadFileKeyword.groovy)
	at com.kms.katalon.core.webui.keyword.internal.WebUIKeywordMain.runKeyword(WebUIKeywordMain.groovy:20)
	at com.kms.katalon.core.webui.keyword.builtin.UploadFileKeyword.uploadFile(UploadFileKeyword.groovy:87)
	at com.kms.katalon.core.webui.keyword.builtin.UploadFileKeyword.execute(UploadFileKeyword.groovy:68)
	at com.kms.katalon.core.keyword.internal.KeywordExecutor.executeKeywordForPlatform(KeywordExecutor.groovy:56)
	at com.kms.katalon.core.webui.keyword.WebUiBuiltInKeywords.uploadFile(WebUiBuiltInKeywords.groovy:2945)
	at com.kms.katalon.core.webui.keyword.WebUiBuiltInKeywords$uploadFile$8.call(Unknown Source)
	at Script1537077573356.run(Script1537077573356.groovy:27)
	... 13 more


2019-04-21 02:32:34 - [TEST_STEP][PASSED] - callTestCase(findTestCase("Template testcases/TC0788"), [:], STOP_ON_FAILURE): Call Test Case 'Test Cases/Template testcases/TC0788' successfully

2019-04-21 02:32:34 - [TEST_CASE][PASSED] - Test Cases/Template testcases/TC0788: Test Cases/Template testcases/TC0788

2019-04-21 02:32:34 - [TEST_STEP][PASSED] - callTestCase(findTestCase("Template testcases/TC0768"), [:], STOP_ON_FAILURE): Call Test Case 'Test Cases/Template testcases/TC0768' successfully

2019-04-21 02:32:34 - [TEST_CASE][PASSED] - Test Cases/Template testcases/TC0768: Test Cases/Template testcases/TC0768

2019-04-21 02:32:34 - [TEST_STEP][PASSED] - callTestCase(findTestCase("s-sidebar_navigation/individualAccount/Template"), [:], STOP_ON_FAILURE): Call Test Case 'Test Cases/s-sidebar_navigation/individualAccount/Template' successfully

2019-04-21 02:32:34 - [TEST_CASE][PASSED] - Test Cases/s-sidebar_navigation/individualAccount/Template: Test Cases/s-sidebar_navigation/individualAccount/Template

2019-04-21 02:32:34 - [TEST_STEP][PASSED] - click(findTestObject("Page_KiboPush  Dashboard/span_Broadcasts")): Object: 'Object Repository/Page_KiboPush  Dashboard/span_Broadcasts' is clicked on

2019-04-21 02:32:34 - [MESSAGE][PASSED] - Object: 'Object Repository/Page_KiboPush  Dashboard/span_Broadcasts' is clicked on

2019-04-21 02:32:34 - [TEST_STEP][PASSED] - delay(1): Delayed 1 second(s)

2019-04-21 02:32:35 - [MESSAGE][PASSED] - Delayed 1 second(s)

2019-04-21 02:32:35 - [TEST_STEP][PASSED] - click(findTestObject("Page_KiboPush  Dashboard/span_Templates")): Object: 'Object Repository/Page_KiboPush  Dashboard/span_Templates' is clicked on

2019-04-21 02:32:36 - [MESSAGE][PASSED] - Object: 'Object Repository/Page_KiboPush  Dashboard/span_Templates' is clicked on

2019-04-21 02:32:36 - [TEST_STEP][PASSED] - delay(3): Delayed 3 second(s)

2019-04-21 02:32:39 - [MESSAGE][PASSED] - Delayed 3 second(s)

2019-04-21 02:32:39 - [TEST_STEP][PASSED] - scrollToPosition(0, 0): Browser is scrolled to position x = 0, y = 0

2019-04-21 02:32:39 - [MESSAGE][PASSED] - Browser is scrolled to position x = 0, y = 0

2019-04-21 02:32:39 - [TEST_STEP][PASSED] - click(findTestObject("Object Repository/Page_KiboEngage  Templates/h3_Templates")): Object: 'Object Repository/Page_KiboEngage  Templates/h3_Templates' is clicked on

2019-04-21 02:32:39 - [MESSAGE][PASSED] - Object: 'Object Repository/Page_KiboEngage  Templates/h3_Templates' is clicked on

2019-04-21 02:32:39 - [TEST_STEP][PASSED] - delay(3): Delayed 3 second(s)

2019-04-21 02:32:42 - [MESSAGE][PASSED] - Delayed 3 second(s)

2019-04-21 02:32:42 - [MESSAGE][PASSED] - Call Test Case 'Test Cases/s-sidebar_navigation/individualAccount/Template' successfully

2019-04-21 02:32:42 - [TEST_STEP][PASSED] - click(findTestObject("Object Repository/Page_KiboPush  Dashboard/button_Create New")): Object: 'Object Repository/Page_KiboPush  Dashboard/button_Create New' is clicked on

2019-04-21 02:32:42 - [MESSAGE][PASSED] - Object: 'Object Repository/Page_KiboPush  Dashboard/button_Create New' is clicked on

2019-04-21 02:32:42 - [TEST_STEP][PASSED] - click(findTestObject("Object Repository/Page_KiboPush  Create Broadcast Tem/h3_Create Broadcast Template")): Object: 'Object Repository/Page_KiboPush  Create Broadcast Tem/h3_Create Broadcast Template' is clicked on

2019-04-21 02:32:42 - [MESSAGE][PASSED] - Object: 'Object Repository/Page_KiboPush  Create Broadcast Tem/h3_Create Broadcast Template' is clicked on

2019-04-21 02:32:42 - [MESSAGE][PASSED] - Call Test Case 'Test Cases/Template testcases/TC0768' successfully

2019-04-21 02:32:42 - [TEST_STEP][PASSED] - click(findTestObject("Page_KiboPush  Create Broadcast Tem/h6_Gallery (1)")): Object: 'Object Repository/Page_KiboPush  Create Broadcast Tem/h6_Gallery (1)' is clicked on

2019-04-21 02:32:42 - [MESSAGE][PASSED] - Object: 'Object Repository/Page_KiboPush  Create Broadcast Tem/h6_Gallery (1)' is clicked on

2019-04-21 02:32:42 - [TEST_STEP][PASSED] - click(findTestObject("Object Repository/Page_KiboEngage  Create Broadcast Template/div_New gallery component added")): Object: 'Object Repository/Page_KiboEngage  Create Broadcast Template/div_New gallery component added' is clicked on

2019-04-21 02:32:42 - [MESSAGE][PASSED] - Object: 'Object Repository/Page_KiboEngage  Create Broadcast Template/div_New gallery component added' is clicked on

2019-04-21 02:32:42 - [MESSAGE][PASSED] - Call Test Case 'Test Cases/Template testcases/TC0788' successfully

2019-04-21 02:32:42 - [TEST_STEP][PASSED] - img = getProjectDir() + "/sample.jpg": null

2019-04-21 02:32:42 - [TEST_STEP][FAILED] - uploadFile(findTestObject("Page_KiboPush  Create Broadcast Tem/gal_img (1) (1)"), img): Unable to upload file '/home/faizan/Drive/KiboPush_Automated_Testing/KiboPush Katalon/sample.jpg' to object 'Object Repository/Page_KiboPush  Create Broadcast Tem/gal_img (1) (1)' (Root cause: com.kms.katalon.core.exception.StepFailedException: Unable to upload file '/home/faizan/Drive/KiboPush_Automated_Testing/KiboPush Katalon/sample.jpg' to object 'Object Repository/Page_KiboPush  Create Broadcast Tem/gal_img (1) (1)'
	at com.kms.katalon.core.webui.keyword.internal.WebUIKeywordMain.stepFailed(WebUIKeywordMain.groovy:64)
	at com.kms.katalon.core.webui.keyword.internal.WebUIKeywordMain.runKeyword(WebUIKeywordMain.groovy:26)
	at com.kms.katalon.core.webui.keyword.builtin.UploadFileKeyword.uploadFile(UploadFileKeyword.groovy:87)
	at com.kms.katalon.core.webui.keyword.builtin.UploadFileKeyword.execute(UploadFileKeyword.groovy:68)
	at com.kms.katalon.core.keyword.internal.KeywordExecutor.executeKeywordForPlatform(KeywordExecutor.groovy:56)
	at com.kms.katalon.core.webui.keyword.WebUiBuiltInKeywords.uploadFile(WebUiBuiltInKeywords.groovy:2945)
	at com.kms.katalon.core.webui.keyword.WebUiBuiltInKeywords$uploadFile$8.call(Unknown Source)
	at TC0792.run(TC0792:27)
	at com.kms.katalon.core.main.ScriptEngine.run(ScriptEngine.java:194)
	at com.kms.katalon.core.main.ScriptEngine.runScriptAsRawText(ScriptEngine.java:119)
	at com.kms.katalon.core.main.TestCaseExecutor.runScript(TestCaseExecutor.java:336)
	at com.kms.katalon.core.main.TestCaseExecutor.doExecute(TestCaseExecutor.java:327)
	at com.kms.katalon.core.main.TestCaseExecutor.processExecutionPhase(TestCaseExecutor.java:306)
	at com.kms.katalon.core.main.TestCaseExecutor.accessMainPhase(TestCaseExecutor.java:298)
	at com.kms.katalon.core.main.TestCaseExecutor.execute(TestCaseExecutor.java:232)
	at com.kms.katalon.core.main.TestSuiteExecutor.accessTestCaseMainPhase(TestSuiteExecutor.java:129)
	at com.kms.katalon.core.main.TestSuiteExecutor.accessTestSuiteMainPhase(TestSuiteExecutor.java:112)
	at com.kms.katalon.core.main.TestSuiteExecutor.execute(TestSuiteExecutor.java:81)
	at com.kms.katalon.core.main.TestCaseMain.startTestSuite(TestCaseMain.java:157)
	at com.kms.katalon.core.main.TestCaseMain$startTestSuite$0.call(Unknown Source)
	at TempTestSuite1555795243480.run(TempTestSuite1555795243480.groovy:35)
Caused by: com.kms.katalon.core.webui.exception.WebElementNotFoundException: Web element with id: 'Object Repository/Page_KiboPush  Create Broadcast Tem/gal_img (1) (1)' located by 'By.xpath: //*[@id="List1"]/div/div/div[3]/div/div[2]/div/div[1]/div/div[2]/div[1]/input' not found
	at com.kms.katalon.core.webui.common.WebUiCommonHelper.findWebElement(WebUiCommonHelper.java:1097)
	at com.kms.katalon.core.webui.keyword.internal.WebUIAbstractKeyword.findWebElement(WebUIAbstractKeyword.groovy:27)
	at com.kms.katalon.core.webui.keyword.internal.WebUIAbstractKeyword.findWebElement(WebUIAbstractKeyword.groovy:26)
	at com.kms.katalon.core.webui.keyword.builtin.UploadFileKeyword$_uploadFile_closure1.doCall(UploadFileKeyword.groovy:79)
	at com.kms.katalon.core.webui.keyword.builtin.UploadFileKeyword$_uploadFile_closure1.call(UploadFileKeyword.groovy)
	at com.kms.katalon.core.webui.keyword.internal.WebUIKeywordMain.runKeyword(WebUIKeywordMain.groovy:20)
	at com.kms.katalon.core.webui.keyword.builtin.UploadFileKeyword.uploadFile(UploadFileKeyword.groovy:87)
	at com.kms.katalon.core.webui.keyword.builtin.UploadFileKeyword.execute(UploadFileKeyword.groovy:68)
	at com.kms.katalon.core.keyword.internal.KeywordExecutor.executeKeywordForPlatform(KeywordExecutor.groovy:56)
	at com.kms.katalon.core.webui.keyword.WebUiBuiltInKeywords.uploadFile(WebUiBuiltInKeywords.groovy:2945)
	at com.kms.katalon.core.webui.keyword.WebUiBuiltInKeywords$uploadFile$8.call(Unknown Source)
	at Script1537077573356.run(Script1537077573356.groovy:27)
	... 13 more
)

2019-04-21 02:33:13 - [MESSAGE][INFO] - Unable to find the element located by 'By.xpath: //*[@id="List1"]/div/div/div[3]/div/div[2]/div/div[1]/div/div[2]/div[1]/input'. Please recheck the objects properties to make sure the desired element is located. 

2019-04-21 02:33:14 - [MESSAGE][FAILED] - Unable to upload file '/home/faizan/Drive/KiboPush_Automated_Testing/KiboPush Katalon/sample.jpg' to object 'Object Repository/Page_KiboPush  Create Broadcast Tem/gal_img (1) (1)' (Root cause: com.kms.katalon.core.exception.StepFailedException: Unable to upload file '/home/faizan/Drive/KiboPush_Automated_Testing/KiboPush Katalon/sample.jpg' to object 'Object Repository/Page_KiboPush  Create Broadcast Tem/gal_img (1) (1)'
	at com.kms.katalon.core.webui.keyword.internal.WebUIKeywordMain.stepFailed(WebUIKeywordMain.groovy:64)
	at com.kms.katalon.core.webui.keyword.internal.WebUIKeywordMain.runKeyword(WebUIKeywordMain.groovy:26)
	at com.kms.katalon.core.webui.keyword.builtin.UploadFileKeyword.uploadFile(UploadFileKeyword.groovy:87)
	at com.kms.katalon.core.webui.keyword.builtin.UploadFileKeyword.execute(UploadFileKeyword.groovy:68)
	at com.kms.katalon.core.keyword.internal.KeywordExecutor.executeKeywordForPlatform(KeywordExecutor.groovy:56)
	at com.kms.katalon.core.webui.keyword.WebUiBuiltInKeywords.uploadFile(WebUiBuiltInKeywords.groovy:2945)
	at com.kms.katalon.core.webui.keyword.WebUiBuiltInKeywords$uploadFile$8.call(Unknown Source)
	at TC0792.run(TC0792:27)
	at com.kms.katalon.core.main.ScriptEngine.run(ScriptEngine.java:194)
	at com.kms.katalon.core.main.ScriptEngine.runScriptAsRawText(ScriptEngine.java:119)
	at com.kms.katalon.core.main.TestCaseExecutor.runScript(TestCaseExecutor.java:336)
	at com.kms.katalon.core.main.TestCaseExecutor.doExecute(TestCaseExecutor.java:327)
	at com.kms.katalon.core.main.TestCaseExecutor.processExecutionPhase(TestCaseExecutor.java:306)
	at com.kms.katalon.core.main.TestCaseExecutor.accessMainPhase(TestCaseExecutor.java:298)
	at com.kms.katalon.core.main.TestCaseExecutor.execute(TestCaseExecutor.java:232)
	at com.kms.katalon.core.main.TestSuiteExecutor.accessTestCaseMainPhase(TestSuiteExecutor.java:129)
	at com.kms.katalon.core.main.TestSuiteExecutor.accessTestSuiteMainPhase(TestSuiteExecutor.java:112)
	at com.kms.katalon.core.main.TestSuiteExecutor.execute(TestSuiteExecutor.java:81)
	at com.kms.katalon.core.main.TestCaseMain.startTestSuite(TestCaseMain.java:157)
	at com.kms.katalon.core.main.TestCaseMain$startTestSuite$0.call(Unknown Source)
	at TempTestSuite1555795243480.run(TempTestSuite1555795243480.groovy:35)
Caused by: com.kms.katalon.core.webui.exception.WebElementNotFoundException: Web element with id: 'Object Repository/Page_KiboPush  Create Broadcast Tem/gal_img (1) (1)' located by 'By.xpath: //*[@id="List1"]/div/div/div[3]/div/div[2]/div/div[1]/div/div[2]/div[1]/input' not found
	at com.kms.katalon.core.webui.common.WebUiCommonHelper.findWebElement(WebUiCommonHelper.java:1097)
	at com.kms.katalon.core.webui.keyword.internal.WebUIAbstractKeyword.findWebElement(WebUIAbstractKeyword.groovy:27)
	at com.kms.katalon.core.webui.keyword.internal.WebUIAbstractKeyword.findWebElement(WebUIAbstractKeyword.groovy:26)
	at com.kms.katalon.core.webui.keyword.builtin.UploadFileKeyword$_uploadFile_closure1.doCall(UploadFileKeyword.groovy:79)
	at com.kms.katalon.core.webui.keyword.builtin.UploadFileKeyword$_uploadFile_closure1.call(UploadFileKeyword.groovy)
	at com.kms.katalon.core.webui.keyword.internal.WebUIKeywordMain.runKeyword(WebUIKeywordMain.groovy:20)
	at com.kms.katalon.core.webui.keyword.builtin.UploadFileKeyword.uploadFile(UploadFileKeyword.groovy:87)
	at com.kms.katalon.core.webui.keyword.builtin.UploadFileKeyword.execute(UploadFileKeyword.groovy:68)
	at com.kms.katalon.core.keyword.internal.KeywordExecutor.executeKeywordForPlatform(KeywordExecutor.groovy:56)
	at com.kms.katalon.core.webui.keyword.WebUiBuiltInKeywords.uploadFile(WebUiBuiltInKeywords.groovy:2945)
	at com.kms.katalon.core.webui.keyword.WebUiBuiltInKeywords$uploadFile$8.call(Unknown Source)
	at Script1537077573356.run(Script1537077573356.groovy:27)
	... 13 more
)
[[ATTACHMENT|/home/faizan/Drive/KiboPush_Automated_Testing/KiboPush Katalon/Reports/Faizan Suits/Template/20190421_022043/1555795993914.png]]]]></system-out>
         <system-err><![CDATA[2019-04-21 02:32:34 - [TEST_CASE][FAILED] - Test Cases/Template testcases/TC0792: Test Cases/Template testcases/TC0792 FAILED.
Reason:
com.kms.katalon.core.exception.StepFailedException: Unable to upload file '/home/faizan/Drive/KiboPush_Automated_Testing/KiboPush Katalon/sample.jpg' to object 'Object Repository/Page_KiboPush  Create Broadcast Tem/gal_img (1) (1)'
	at com.kms.katalon.core.webui.keyword.internal.WebUIKeywordMain.stepFailed(WebUIKeywordMain.groovy:64)
	at com.kms.katalon.core.webui.keyword.internal.WebUIKeywordMain.runKeyword(WebUIKeywordMain.groovy:26)
	at com.kms.katalon.core.webui.keyword.builtin.UploadFileKeyword.uploadFile(UploadFileKeyword.groovy:87)
	at com.kms.katalon.core.webui.keyword.builtin.UploadFileKeyword.execute(UploadFileKeyword.groovy:68)
	at com.kms.katalon.core.keyword.internal.KeywordExecutor.executeKeywordForPlatform(KeywordExecutor.groovy:56)
	at com.kms.katalon.core.webui.keyword.WebUiBuiltInKeywords.uploadFile(WebUiBuiltInKeywords.groovy:2945)
	at com.kms.katalon.core.webui.keyword.WebUiBuiltInKeywords$uploadFile$8.call(Unknown Source)
	at TC0792.run(TC0792:27)
	at com.kms.katalon.core.main.ScriptEngine.run(ScriptEngine.java:194)
	at com.kms.katalon.core.main.ScriptEngine.runScriptAsRawText(ScriptEngine.java:119)
	at com.kms.katalon.core.main.TestCaseExecutor.runScript(TestCaseExecutor.java:336)
	at com.kms.katalon.core.main.TestCaseExecutor.doExecute(TestCaseExecutor.java:327)
	at com.kms.katalon.core.main.TestCaseExecutor.processExecutionPhase(TestCaseExecutor.java:306)
	at com.kms.katalon.core.main.TestCaseExecutor.accessMainPhase(TestCaseExecutor.java:298)
	at com.kms.katalon.core.main.TestCaseExecutor.execute(TestCaseExecutor.java:232)
	at com.kms.katalon.core.main.TestSuiteExecutor.accessTestCaseMainPhase(TestSuiteExecutor.java:129)
	at com.kms.katalon.core.main.TestSuiteExecutor.accessTestSuiteMainPhase(TestSuiteExecutor.java:112)
	at com.kms.katalon.core.main.TestSuiteExecutor.execute(TestSuiteExecutor.java:81)
	at com.kms.katalon.core.main.TestCaseMain.startTestSuite(TestCaseMain.java:157)
	at com.kms.katalon.core.main.TestCaseMain$startTestSuite$0.call(Unknown Source)
	at TempTestSuite1555795243480.run(TempTestSuite1555795243480.groovy:35)
Caused by: com.kms.katalon.core.webui.exception.WebElementNotFoundException: Web element with id: 'Object Repository/Page_KiboPush  Create Broadcast Tem/gal_img (1) (1)' located by 'By.xpath: //*[@id="List1"]/div/div/div[3]/div/div[2]/div/div[1]/div/div[2]/div[1]/input' not found
	at com.kms.katalon.core.webui.common.WebUiCommonHelper.findWebElement(WebUiCommonHelper.java:1097)
	at com.kms.katalon.core.webui.keyword.internal.WebUIAbstractKeyword.findWebElement(WebUIAbstractKeyword.groovy:27)
	at com.kms.katalon.core.webui.keyword.internal.WebUIAbstractKeyword.findWebElement(WebUIAbstractKeyword.groovy:26)
	at com.kms.katalon.core.webui.keyword.builtin.UploadFileKeyword$_uploadFile_closure1.doCall(UploadFileKeyword.groovy:79)
	at com.kms.katalon.core.webui.keyword.builtin.UploadFileKeyword$_uploadFile_closure1.call(UploadFileKeyword.groovy)
	at com.kms.katalon.core.webui.keyword.internal.WebUIKeywordMain.runKeyword(WebUIKeywordMain.groovy:20)
	at com.kms.katalon.core.webui.keyword.builtin.UploadFileKeyword.uploadFile(UploadFileKeyword.groovy:87)
	at com.kms.katalon.core.webui.keyword.builtin.UploadFileKeyword.execute(UploadFileKeyword.groovy:68)
	at com.kms.katalon.core.keyword.internal.KeywordExecutor.executeKeywordForPlatform(KeywordExecutor.groovy:56)
	at com.kms.katalon.core.webui.keyword.WebUiBuiltInKeywords.uploadFile(WebUiBuiltInKeywords.groovy:2945)
	at com.kms.katalon.core.webui.keyword.WebUiBuiltInKeywords$uploadFile$8.call(Unknown Source)
	at Script1537077573356.run(Script1537077573356.groovy:27)
	... 13 more]]></system-err>
      </testcase>
      <testcase name="Test Cases/Template testcases/TC0793" classname="Test Cases/Template testcases/TC0793" status="FAILED">
         <failure type="FAILED" message="Test Cases/Template testcases/TC0793 FAILED.
Reason:
com.kms.katalon.core.exception.StepFailedException: Unable to upload file '/home/faizan/Drive/KiboPush_Automated_Testing/KiboPush Katalon/sample.jpg' to object 'Object Repository/Page_KiboPush  Create Broadcast Tem/gal_img (3) (1)'
	at com.kms.katalon.core.webui.keyword.internal.WebUIKeywordMain.stepFailed(WebUIKeywordMain.groovy:64)
	at com.kms.katalon.core.webui.keyword.internal.WebUIKeywordMain.runKeyword(WebUIKeywordMain.groovy:26)
	at com.kms.katalon.core.webui.keyword.builtin.UploadFileKeyword.uploadFile(UploadFileKeyword.groovy:87)
	at com.kms.katalon.core.webui.keyword.builtin.UploadFileKeyword.execute(UploadFileKeyword.groovy:68)
	at com.kms.katalon.core.keyword.internal.KeywordExecutor.executeKeywordForPlatform(KeywordExecutor.groovy:56)
	at com.kms.katalon.core.webui.keyword.WebUiBuiltInKeywords.uploadFile(WebUiBuiltInKeywords.groovy:2945)
	at com.kms.katalon.core.webui.keyword.WebUiBuiltInKeywords$uploadFile$8.call(Unknown Source)
	at TC0793.run(TC0793:27)
	at com.kms.katalon.core.main.ScriptEngine.run(ScriptEngine.java:194)
	at com.kms.katalon.core.main.ScriptEngine.runScriptAsRawText(ScriptEngine.java:119)
	at com.kms.katalon.core.main.TestCaseExecutor.runScript(TestCaseExecutor.java:336)
	at com.kms.katalon.core.main.TestCaseExecutor.doExecute(TestCaseExecutor.java:327)
	at com.kms.katalon.core.main.TestCaseExecutor.processExecutionPhase(TestCaseExecutor.java:306)
	at com.kms.katalon.core.main.TestCaseExecutor.accessMainPhase(TestCaseExecutor.java:298)
	at com.kms.katalon.core.main.TestCaseExecutor.execute(TestCaseExecutor.java:232)
	at com.kms.katalon.core.main.TestSuiteExecutor.accessTestCaseMainPhase(TestSuiteExecutor.java:129)
	at com.kms.katalon.core.main.TestSuiteExecutor.accessTestSuiteMainPhase(TestSuiteExecutor.java:112)
	at com.kms.katalon.core.main.TestSuiteExecutor.execute(TestSuiteExecutor.java:81)
	at com.kms.katalon.core.main.TestCaseMain.startTestSuite(TestCaseMain.java:157)
	at com.kms.katalon.core.main.TestCaseMain$startTestSuite$0.call(Unknown Source)
	at TempTestSuite1555795243480.run(TempTestSuite1555795243480.groovy:35)
Caused by: com.kms.katalon.core.webui.exception.WebElementNotFoundException: Web element with id: 'Object Repository/Page_KiboPush  Create Broadcast Tem/gal_img (3) (1)' located by 'By.xpath: //*[@id=&quot;List1&quot;]/div/div/div[3]/div/div[2]/div/div[1]/div/div[2]/div[1]/input' not found
	at com.kms.katalon.core.webui.common.WebUiCommonHelper.findWebElement(WebUiCommonHelper.java:1097)
	at com.kms.katalon.core.webui.keyword.internal.WebUIAbstractKeyword.findWebElement(WebUIAbstractKeyword.groovy:27)
	at com.kms.katalon.core.webui.keyword.internal.WebUIAbstractKeyword.findWebElement(WebUIAbstractKeyword.groovy:26)
	at com.kms.katalon.core.webui.keyword.builtin.UploadFileKeyword$_uploadFile_closure1.doCall(UploadFileKeyword.groovy:79)
	at com.kms.katalon.core.webui.keyword.builtin.UploadFileKeyword$_uploadFile_closure1.call(UploadFileKeyword.groovy)
	at com.kms.katalon.core.webui.keyword.internal.WebUIKeywordMain.runKeyword(WebUIKeywordMain.groovy:20)
	at com.kms.katalon.core.webui.keyword.builtin.UploadFileKeyword.uploadFile(UploadFileKeyword.groovy:87)
	at com.kms.katalon.core.webui.keyword.builtin.UploadFileKeyword.execute(UploadFileKeyword.groovy:68)
	at com.kms.katalon.core.keyword.internal.KeywordExecutor.executeKeywordForPlatform(KeywordExecutor.groovy:56)
	at com.kms.katalon.core.webui.keyword.WebUiBuiltInKeywords.uploadFile(WebUiBuiltInKeywords.groovy:2945)
	at com.kms.katalon.core.webui.keyword.WebUiBuiltInKeywords$uploadFile$8.call(Unknown Source)
	at Script1537078253236.run(Script1537078253236.groovy:27)
	... 13 more
"/>
         <system-out><![CDATA[2019-04-21 02:33:14 - [TEST_CASE][FAILED] - Test Cases/Template testcases/TC0793: Test Cases/Template testcases/TC0793 FAILED.
Reason:
com.kms.katalon.core.exception.StepFailedException: Unable to upload file '/home/faizan/Drive/KiboPush_Automated_Testing/KiboPush Katalon/sample.jpg' to object 'Object Repository/Page_KiboPush  Create Broadcast Tem/gal_img (3) (1)'
	at com.kms.katalon.core.webui.keyword.internal.WebUIKeywordMain.stepFailed(WebUIKeywordMain.groovy:64)
	at com.kms.katalon.core.webui.keyword.internal.WebUIKeywordMain.runKeyword(WebUIKeywordMain.groovy:26)
	at com.kms.katalon.core.webui.keyword.builtin.UploadFileKeyword.uploadFile(UploadFileKeyword.groovy:87)
	at com.kms.katalon.core.webui.keyword.builtin.UploadFileKeyword.execute(UploadFileKeyword.groovy:68)
	at com.kms.katalon.core.keyword.internal.KeywordExecutor.executeKeywordForPlatform(KeywordExecutor.groovy:56)
	at com.kms.katalon.core.webui.keyword.WebUiBuiltInKeywords.uploadFile(WebUiBuiltInKeywords.groovy:2945)
	at com.kms.katalon.core.webui.keyword.WebUiBuiltInKeywords$uploadFile$8.call(Unknown Source)
	at TC0793.run(TC0793:27)
	at com.kms.katalon.core.main.ScriptEngine.run(ScriptEngine.java:194)
	at com.kms.katalon.core.main.ScriptEngine.runScriptAsRawText(ScriptEngine.java:119)
	at com.kms.katalon.core.main.TestCaseExecutor.runScript(TestCaseExecutor.java:336)
	at com.kms.katalon.core.main.TestCaseExecutor.doExecute(TestCaseExecutor.java:327)
	at com.kms.katalon.core.main.TestCaseExecutor.processExecutionPhase(TestCaseExecutor.java:306)
	at com.kms.katalon.core.main.TestCaseExecutor.accessMainPhase(TestCaseExecutor.java:298)
	at com.kms.katalon.core.main.TestCaseExecutor.execute(TestCaseExecutor.java:232)
	at com.kms.katalon.core.main.TestSuiteExecutor.accessTestCaseMainPhase(TestSuiteExecutor.java:129)
	at com.kms.katalon.core.main.TestSuiteExecutor.accessTestSuiteMainPhase(TestSuiteExecutor.java:112)
	at com.kms.katalon.core.main.TestSuiteExecutor.execute(TestSuiteExecutor.java:81)
	at com.kms.katalon.core.main.TestCaseMain.startTestSuite(TestCaseMain.java:157)
	at com.kms.katalon.core.main.TestCaseMain$startTestSuite$0.call(Unknown Source)
	at TempTestSuite1555795243480.run(TempTestSuite1555795243480.groovy:35)
Caused by: com.kms.katalon.core.webui.exception.WebElementNotFoundException: Web element with id: 'Object Repository/Page_KiboPush  Create Broadcast Tem/gal_img (3) (1)' located by 'By.xpath: //*[@id="List1"]/div/div/div[3]/div/div[2]/div/div[1]/div/div[2]/div[1]/input' not found
	at com.kms.katalon.core.webui.common.WebUiCommonHelper.findWebElement(WebUiCommonHelper.java:1097)
	at com.kms.katalon.core.webui.keyword.internal.WebUIAbstractKeyword.findWebElement(WebUIAbstractKeyword.groovy:27)
	at com.kms.katalon.core.webui.keyword.internal.WebUIAbstractKeyword.findWebElement(WebUIAbstractKeyword.groovy:26)
	at com.kms.katalon.core.webui.keyword.builtin.UploadFileKeyword$_uploadFile_closure1.doCall(UploadFileKeyword.groovy:79)
	at com.kms.katalon.core.webui.keyword.builtin.UploadFileKeyword$_uploadFile_closure1.call(UploadFileKeyword.groovy)
	at com.kms.katalon.core.webui.keyword.internal.WebUIKeywordMain.runKeyword(WebUIKeywordMain.groovy:20)
	at com.kms.katalon.core.webui.keyword.builtin.UploadFileKeyword.uploadFile(UploadFileKeyword.groovy:87)
	at com.kms.katalon.core.webui.keyword.builtin.UploadFileKeyword.execute(UploadFileKeyword.groovy:68)
	at com.kms.katalon.core.keyword.internal.KeywordExecutor.executeKeywordForPlatform(KeywordExecutor.groovy:56)
	at com.kms.katalon.core.webui.keyword.WebUiBuiltInKeywords.uploadFile(WebUiBuiltInKeywords.groovy:2945)
	at com.kms.katalon.core.webui.keyword.WebUiBuiltInKeywords$uploadFile$8.call(Unknown Source)
	at Script1537078253236.run(Script1537078253236.groovy:27)
	... 13 more


2019-04-21 02:33:14 - [TEST_STEP][PASSED] - callTestCase(findTestCase("Template testcases/TC0788"), [:], STOP_ON_FAILURE): Call Test Case 'Test Cases/Template testcases/TC0788' successfully

2019-04-21 02:33:14 - [TEST_CASE][PASSED] - Test Cases/Template testcases/TC0788: Test Cases/Template testcases/TC0788

2019-04-21 02:33:14 - [TEST_STEP][PASSED] - callTestCase(findTestCase("Template testcases/TC0768"), [:], STOP_ON_FAILURE): Call Test Case 'Test Cases/Template testcases/TC0768' successfully

2019-04-21 02:33:14 - [TEST_CASE][PASSED] - Test Cases/Template testcases/TC0768: Test Cases/Template testcases/TC0768

2019-04-21 02:33:14 - [TEST_STEP][PASSED] - callTestCase(findTestCase("s-sidebar_navigation/individualAccount/Template"), [:], STOP_ON_FAILURE): Call Test Case 'Test Cases/s-sidebar_navigation/individualAccount/Template' successfully

2019-04-21 02:33:14 - [TEST_CASE][PASSED] - Test Cases/s-sidebar_navigation/individualAccount/Template: Test Cases/s-sidebar_navigation/individualAccount/Template

2019-04-21 02:33:14 - [TEST_STEP][PASSED] - click(findTestObject("Page_KiboPush  Dashboard/span_Broadcasts")): Object: 'Object Repository/Page_KiboPush  Dashboard/span_Broadcasts' is clicked on

2019-04-21 02:33:14 - [MESSAGE][PASSED] - Object: 'Object Repository/Page_KiboPush  Dashboard/span_Broadcasts' is clicked on

2019-04-21 02:33:14 - [TEST_STEP][PASSED] - delay(1): Delayed 1 second(s)

2019-04-21 02:33:15 - [MESSAGE][PASSED] - Delayed 1 second(s)

2019-04-21 02:33:15 - [TEST_STEP][PASSED] - click(findTestObject("Page_KiboPush  Dashboard/span_Templates")): Object: 'Object Repository/Page_KiboPush  Dashboard/span_Templates' is clicked on

2019-04-21 02:33:16 - [MESSAGE][PASSED] - Object: 'Object Repository/Page_KiboPush  Dashboard/span_Templates' is clicked on

2019-04-21 02:33:16 - [TEST_STEP][PASSED] - delay(3): Delayed 3 second(s)

2019-04-21 02:33:19 - [MESSAGE][PASSED] - Delayed 3 second(s)

2019-04-21 02:33:19 - [TEST_STEP][PASSED] - scrollToPosition(0, 0): Browser is scrolled to position x = 0, y = 0

2019-04-21 02:33:19 - [MESSAGE][PASSED] - Browser is scrolled to position x = 0, y = 0

2019-04-21 02:33:19 - [TEST_STEP][PASSED] - click(findTestObject("Object Repository/Page_KiboEngage  Templates/h3_Templates")): Object: 'Object Repository/Page_KiboEngage  Templates/h3_Templates' is clicked on

2019-04-21 02:33:19 - [MESSAGE][PASSED] - Object: 'Object Repository/Page_KiboEngage  Templates/h3_Templates' is clicked on

2019-04-21 02:33:19 - [TEST_STEP][PASSED] - delay(3): Delayed 3 second(s)

2019-04-21 02:33:22 - [MESSAGE][PASSED] - Delayed 3 second(s)

2019-04-21 02:33:22 - [MESSAGE][PASSED] - Call Test Case 'Test Cases/s-sidebar_navigation/individualAccount/Template' successfully

2019-04-21 02:33:22 - [TEST_STEP][PASSED] - click(findTestObject("Object Repository/Page_KiboPush  Dashboard/button_Create New")): Object: 'Object Repository/Page_KiboPush  Dashboard/button_Create New' is clicked on

2019-04-21 02:33:22 - [MESSAGE][PASSED] - Object: 'Object Repository/Page_KiboPush  Dashboard/button_Create New' is clicked on

2019-04-21 02:33:22 - [TEST_STEP][PASSED] - click(findTestObject("Object Repository/Page_KiboPush  Create Broadcast Tem/h3_Create Broadcast Template")): Object: 'Object Repository/Page_KiboPush  Create Broadcast Tem/h3_Create Broadcast Template' is clicked on

2019-04-21 02:33:22 - [MESSAGE][PASSED] - Object: 'Object Repository/Page_KiboPush  Create Broadcast Tem/h3_Create Broadcast Template' is clicked on

2019-04-21 02:33:22 - [MESSAGE][PASSED] - Call Test Case 'Test Cases/Template testcases/TC0768' successfully

2019-04-21 02:33:22 - [TEST_STEP][PASSED] - click(findTestObject("Page_KiboPush  Create Broadcast Tem/h6_Gallery (1)")): Object: 'Object Repository/Page_KiboPush  Create Broadcast Tem/h6_Gallery (1)' is clicked on

2019-04-21 02:33:22 - [MESSAGE][PASSED] - Object: 'Object Repository/Page_KiboPush  Create Broadcast Tem/h6_Gallery (1)' is clicked on

2019-04-21 02:33:22 - [TEST_STEP][PASSED] - click(findTestObject("Object Repository/Page_KiboEngage  Create Broadcast Template/div_New gallery component added")): Object: 'Object Repository/Page_KiboEngage  Create Broadcast Template/div_New gallery component added' is clicked on

2019-04-21 02:33:23 - [MESSAGE][PASSED] - Object: 'Object Repository/Page_KiboEngage  Create Broadcast Template/div_New gallery component added' is clicked on

2019-04-21 02:33:23 - [MESSAGE][PASSED] - Call Test Case 'Test Cases/Template testcases/TC0788' successfully

2019-04-21 02:33:23 - [TEST_STEP][PASSED] - img = getProjectDir() + "/sample.jpg": null

2019-04-21 02:33:23 - [TEST_STEP][FAILED] - uploadFile(findTestObject("Page_KiboPush  Create Broadcast Tem/gal_img (3) (1)"), img): Unable to upload file '/home/faizan/Drive/KiboPush_Automated_Testing/KiboPush Katalon/sample.jpg' to object 'Object Repository/Page_KiboPush  Create Broadcast Tem/gal_img (3) (1)' (Root cause: com.kms.katalon.core.exception.StepFailedException: Unable to upload file '/home/faizan/Drive/KiboPush_Automated_Testing/KiboPush Katalon/sample.jpg' to object 'Object Repository/Page_KiboPush  Create Broadcast Tem/gal_img (3) (1)'
	at com.kms.katalon.core.webui.keyword.internal.WebUIKeywordMain.stepFailed(WebUIKeywordMain.groovy:64)
	at com.kms.katalon.core.webui.keyword.internal.WebUIKeywordMain.runKeyword(WebUIKeywordMain.groovy:26)
	at com.kms.katalon.core.webui.keyword.builtin.UploadFileKeyword.uploadFile(UploadFileKeyword.groovy:87)
	at com.kms.katalon.core.webui.keyword.builtin.UploadFileKeyword.execute(UploadFileKeyword.groovy:68)
	at com.kms.katalon.core.keyword.internal.KeywordExecutor.executeKeywordForPlatform(KeywordExecutor.groovy:56)
	at com.kms.katalon.core.webui.keyword.WebUiBuiltInKeywords.uploadFile(WebUiBuiltInKeywords.groovy:2945)
	at com.kms.katalon.core.webui.keyword.WebUiBuiltInKeywords$uploadFile$8.call(Unknown Source)
	at TC0793.run(TC0793:27)
	at com.kms.katalon.core.main.ScriptEngine.run(ScriptEngine.java:194)
	at com.kms.katalon.core.main.ScriptEngine.runScriptAsRawText(ScriptEngine.java:119)
	at com.kms.katalon.core.main.TestCaseExecutor.runScript(TestCaseExecutor.java:336)
	at com.kms.katalon.core.main.TestCaseExecutor.doExecute(TestCaseExecutor.java:327)
	at com.kms.katalon.core.main.TestCaseExecutor.processExecutionPhase(TestCaseExecutor.java:306)
	at com.kms.katalon.core.main.TestCaseExecutor.accessMainPhase(TestCaseExecutor.java:298)
	at com.kms.katalon.core.main.TestCaseExecutor.execute(TestCaseExecutor.java:232)
	at com.kms.katalon.core.main.TestSuiteExecutor.accessTestCaseMainPhase(TestSuiteExecutor.java:129)
	at com.kms.katalon.core.main.TestSuiteExecutor.accessTestSuiteMainPhase(TestSuiteExecutor.java:112)
	at com.kms.katalon.core.main.TestSuiteExecutor.execute(TestSuiteExecutor.java:81)
	at com.kms.katalon.core.main.TestCaseMain.startTestSuite(TestCaseMain.java:157)
	at com.kms.katalon.core.main.TestCaseMain$startTestSuite$0.call(Unknown Source)
	at TempTestSuite1555795243480.run(TempTestSuite1555795243480.groovy:35)
Caused by: com.kms.katalon.core.webui.exception.WebElementNotFoundException: Web element with id: 'Object Repository/Page_KiboPush  Create Broadcast Tem/gal_img (3) (1)' located by 'By.xpath: //*[@id="List1"]/div/div/div[3]/div/div[2]/div/div[1]/div/div[2]/div[1]/input' not found
	at com.kms.katalon.core.webui.common.WebUiCommonHelper.findWebElement(WebUiCommonHelper.java:1097)
	at com.kms.katalon.core.webui.keyword.internal.WebUIAbstractKeyword.findWebElement(WebUIAbstractKeyword.groovy:27)
	at com.kms.katalon.core.webui.keyword.internal.WebUIAbstractKeyword.findWebElement(WebUIAbstractKeyword.groovy:26)
	at com.kms.katalon.core.webui.keyword.builtin.UploadFileKeyword$_uploadFile_closure1.doCall(UploadFileKeyword.groovy:79)
	at com.kms.katalon.core.webui.keyword.builtin.UploadFileKeyword$_uploadFile_closure1.call(UploadFileKeyword.groovy)
	at com.kms.katalon.core.webui.keyword.internal.WebUIKeywordMain.runKeyword(WebUIKeywordMain.groovy:20)
	at com.kms.katalon.core.webui.keyword.builtin.UploadFileKeyword.uploadFile(UploadFileKeyword.groovy:87)
	at com.kms.katalon.core.webui.keyword.builtin.UploadFileKeyword.execute(UploadFileKeyword.groovy:68)
	at com.kms.katalon.core.keyword.internal.KeywordExecutor.executeKeywordForPlatform(KeywordExecutor.groovy:56)
	at com.kms.katalon.core.webui.keyword.WebUiBuiltInKeywords.uploadFile(WebUiBuiltInKeywords.groovy:2945)
	at com.kms.katalon.core.webui.keyword.WebUiBuiltInKeywords$uploadFile$8.call(Unknown Source)
	at Script1537078253236.run(Script1537078253236.groovy:27)
	... 13 more
)

2019-04-21 02:33:54 - [MESSAGE][INFO] - Unable to find the element located by 'By.xpath: //*[@id="List1"]/div/div/div[3]/div/div[2]/div/div[1]/div/div[2]/div[1]/input'. Please recheck the objects properties to make sure the desired element is located. 

2019-04-21 02:33:54 - [MESSAGE][FAILED] - Unable to upload file '/home/faizan/Drive/KiboPush_Automated_Testing/KiboPush Katalon/sample.jpg' to object 'Object Repository/Page_KiboPush  Create Broadcast Tem/gal_img (3) (1)' (Root cause: com.kms.katalon.core.exception.StepFailedException: Unable to upload file '/home/faizan/Drive/KiboPush_Automated_Testing/KiboPush Katalon/sample.jpg' to object 'Object Repository/Page_KiboPush  Create Broadcast Tem/gal_img (3) (1)'
	at com.kms.katalon.core.webui.keyword.internal.WebUIKeywordMain.stepFailed(WebUIKeywordMain.groovy:64)
	at com.kms.katalon.core.webui.keyword.internal.WebUIKeywordMain.runKeyword(WebUIKeywordMain.groovy:26)
	at com.kms.katalon.core.webui.keyword.builtin.UploadFileKeyword.uploadFile(UploadFileKeyword.groovy:87)
	at com.kms.katalon.core.webui.keyword.builtin.UploadFileKeyword.execute(UploadFileKeyword.groovy:68)
	at com.kms.katalon.core.keyword.internal.KeywordExecutor.executeKeywordForPlatform(KeywordExecutor.groovy:56)
	at com.kms.katalon.core.webui.keyword.WebUiBuiltInKeywords.uploadFile(WebUiBuiltInKeywords.groovy:2945)
	at com.kms.katalon.core.webui.keyword.WebUiBuiltInKeywords$uploadFile$8.call(Unknown Source)
	at TC0793.run(TC0793:27)
	at com.kms.katalon.core.main.ScriptEngine.run(ScriptEngine.java:194)
	at com.kms.katalon.core.main.ScriptEngine.runScriptAsRawText(ScriptEngine.java:119)
	at com.kms.katalon.core.main.TestCaseExecutor.runScript(TestCaseExecutor.java:336)
	at com.kms.katalon.core.main.TestCaseExecutor.doExecute(TestCaseExecutor.java:327)
	at com.kms.katalon.core.main.TestCaseExecutor.processExecutionPhase(TestCaseExecutor.java:306)
	at com.kms.katalon.core.main.TestCaseExecutor.accessMainPhase(TestCaseExecutor.java:298)
	at com.kms.katalon.core.main.TestCaseExecutor.execute(TestCaseExecutor.java:232)
	at com.kms.katalon.core.main.TestSuiteExecutor.accessTestCaseMainPhase(TestSuiteExecutor.java:129)
	at com.kms.katalon.core.main.TestSuiteExecutor.accessTestSuiteMainPhase(TestSuiteExecutor.java:112)
	at com.kms.katalon.core.main.TestSuiteExecutor.execute(TestSuiteExecutor.java:81)
	at com.kms.katalon.core.main.TestCaseMain.startTestSuite(TestCaseMain.java:157)
	at com.kms.katalon.core.main.TestCaseMain$startTestSuite$0.call(Unknown Source)
	at TempTestSuite1555795243480.run(TempTestSuite1555795243480.groovy:35)
Caused by: com.kms.katalon.core.webui.exception.WebElementNotFoundException: Web element with id: 'Object Repository/Page_KiboPush  Create Broadcast Tem/gal_img (3) (1)' located by 'By.xpath: //*[@id="List1"]/div/div/div[3]/div/div[2]/div/div[1]/div/div[2]/div[1]/input' not found
	at com.kms.katalon.core.webui.common.WebUiCommonHelper.findWebElement(WebUiCommonHelper.java:1097)
	at com.kms.katalon.core.webui.keyword.internal.WebUIAbstractKeyword.findWebElement(WebUIAbstractKeyword.groovy:27)
	at com.kms.katalon.core.webui.keyword.internal.WebUIAbstractKeyword.findWebElement(WebUIAbstractKeyword.groovy:26)
	at com.kms.katalon.core.webui.keyword.builtin.UploadFileKeyword$_uploadFile_closure1.doCall(UploadFileKeyword.groovy:79)
	at com.kms.katalon.core.webui.keyword.builtin.UploadFileKeyword$_uploadFile_closure1.call(UploadFileKeyword.groovy)
	at com.kms.katalon.core.webui.keyword.internal.WebUIKeywordMain.runKeyword(WebUIKeywordMain.groovy:20)
	at com.kms.katalon.core.webui.keyword.builtin.UploadFileKeyword.uploadFile(UploadFileKeyword.groovy:87)
	at com.kms.katalon.core.webui.keyword.builtin.UploadFileKeyword.execute(UploadFileKeyword.groovy:68)
	at com.kms.katalon.core.keyword.internal.KeywordExecutor.executeKeywordForPlatform(KeywordExecutor.groovy:56)
	at com.kms.katalon.core.webui.keyword.WebUiBuiltInKeywords.uploadFile(WebUiBuiltInKeywords.groovy:2945)
	at com.kms.katalon.core.webui.keyword.WebUiBuiltInKeywords$uploadFile$8.call(Unknown Source)
	at Script1537078253236.run(Script1537078253236.groovy:27)
	... 13 more
)
[[ATTACHMENT|/home/faizan/Drive/KiboPush_Automated_Testing/KiboPush Katalon/Reports/Faizan Suits/Template/20190421_022043/1555796034126.png]]]]></system-out>
         <system-err><![CDATA[2019-04-21 02:33:14 - [TEST_CASE][FAILED] - Test Cases/Template testcases/TC0793: Test Cases/Template testcases/TC0793 FAILED.
Reason:
com.kms.katalon.core.exception.StepFailedException: Unable to upload file '/home/faizan/Drive/KiboPush_Automated_Testing/KiboPush Katalon/sample.jpg' to object 'Object Repository/Page_KiboPush  Create Broadcast Tem/gal_img (3) (1)'
	at com.kms.katalon.core.webui.keyword.internal.WebUIKeywordMain.stepFailed(WebUIKeywordMain.groovy:64)
	at com.kms.katalon.core.webui.keyword.internal.WebUIKeywordMain.runKeyword(WebUIKeywordMain.groovy:26)
	at com.kms.katalon.core.webui.keyword.builtin.UploadFileKeyword.uploadFile(UploadFileKeyword.groovy:87)
	at com.kms.katalon.core.webui.keyword.builtin.UploadFileKeyword.execute(UploadFileKeyword.groovy:68)
	at com.kms.katalon.core.keyword.internal.KeywordExecutor.executeKeywordForPlatform(KeywordExecutor.groovy:56)
	at com.kms.katalon.core.webui.keyword.WebUiBuiltInKeywords.uploadFile(WebUiBuiltInKeywords.groovy:2945)
	at com.kms.katalon.core.webui.keyword.WebUiBuiltInKeywords$uploadFile$8.call(Unknown Source)
	at TC0793.run(TC0793:27)
	at com.kms.katalon.core.main.ScriptEngine.run(ScriptEngine.java:194)
	at com.kms.katalon.core.main.ScriptEngine.runScriptAsRawText(ScriptEngine.java:119)
	at com.kms.katalon.core.main.TestCaseExecutor.runScript(TestCaseExecutor.java:336)
	at com.kms.katalon.core.main.TestCaseExecutor.doExecute(TestCaseExecutor.java:327)
	at com.kms.katalon.core.main.TestCaseExecutor.processExecutionPhase(TestCaseExecutor.java:306)
	at com.kms.katalon.core.main.TestCaseExecutor.accessMainPhase(TestCaseExecutor.java:298)
	at com.kms.katalon.core.main.TestCaseExecutor.execute(TestCaseExecutor.java:232)
	at com.kms.katalon.core.main.TestSuiteExecutor.accessTestCaseMainPhase(TestSuiteExecutor.java:129)
	at com.kms.katalon.core.main.TestSuiteExecutor.accessTestSuiteMainPhase(TestSuiteExecutor.java:112)
	at com.kms.katalon.core.main.TestSuiteExecutor.execute(TestSuiteExecutor.java:81)
	at com.kms.katalon.core.main.TestCaseMain.startTestSuite(TestCaseMain.java:157)
	at com.kms.katalon.core.main.TestCaseMain$startTestSuite$0.call(Unknown Source)
	at TempTestSuite1555795243480.run(TempTestSuite1555795243480.groovy:35)
Caused by: com.kms.katalon.core.webui.exception.WebElementNotFoundException: Web element with id: 'Object Repository/Page_KiboPush  Create Broadcast Tem/gal_img (3) (1)' located by 'By.xpath: //*[@id="List1"]/div/div/div[3]/div/div[2]/div/div[1]/div/div[2]/div[1]/input' not found
	at com.kms.katalon.core.webui.common.WebUiCommonHelper.findWebElement(WebUiCommonHelper.java:1097)
	at com.kms.katalon.core.webui.keyword.internal.WebUIAbstractKeyword.findWebElement(WebUIAbstractKeyword.groovy:27)
	at com.kms.katalon.core.webui.keyword.internal.WebUIAbstractKeyword.findWebElement(WebUIAbstractKeyword.groovy:26)
	at com.kms.katalon.core.webui.keyword.builtin.UploadFileKeyword$_uploadFile_closure1.doCall(UploadFileKeyword.groovy:79)
	at com.kms.katalon.core.webui.keyword.builtin.UploadFileKeyword$_uploadFile_closure1.call(UploadFileKeyword.groovy)
	at com.kms.katalon.core.webui.keyword.internal.WebUIKeywordMain.runKeyword(WebUIKeywordMain.groovy:20)
	at com.kms.katalon.core.webui.keyword.builtin.UploadFileKeyword.uploadFile(UploadFileKeyword.groovy:87)
	at com.kms.katalon.core.webui.keyword.builtin.UploadFileKeyword.execute(UploadFileKeyword.groovy:68)
	at com.kms.katalon.core.keyword.internal.KeywordExecutor.executeKeywordForPlatform(KeywordExecutor.groovy:56)
	at com.kms.katalon.core.webui.keyword.WebUiBuiltInKeywords.uploadFile(WebUiBuiltInKeywords.groovy:2945)
	at com.kms.katalon.core.webui.keyword.WebUiBuiltInKeywords$uploadFile$8.call(Unknown Source)
	at Script1537078253236.run(Script1537078253236.groovy:27)
	... 13 more]]></system-err>
      </testcase>
      <testcase name="Test Cases/Template testcases/TC0794" classname="Test Cases/Template testcases/TC0794" status="PASSED">
         <system-out><![CDATA[2019-04-21 02:33:54 - [TEST_CASE][PASSED] - Test Cases/Template testcases/TC0794: Test Cases/Template testcases/TC0794

2019-04-21 02:33:54 - [TEST_STEP][PASSED] - callTestCase(findTestCase("Template testcases/TC0788"), [:], STOP_ON_FAILURE): Call Test Case 'Test Cases/Template testcases/TC0788' successfully

2019-04-21 02:33:54 - [TEST_CASE][PASSED] - Test Cases/Template testcases/TC0788: Test Cases/Template testcases/TC0788

2019-04-21 02:33:54 - [TEST_STEP][PASSED] - callTestCase(findTestCase("Template testcases/TC0768"), [:], STOP_ON_FAILURE): Call Test Case 'Test Cases/Template testcases/TC0768' successfully

2019-04-21 02:33:54 - [TEST_CASE][PASSED] - Test Cases/Template testcases/TC0768: Test Cases/Template testcases/TC0768

2019-04-21 02:33:54 - [TEST_STEP][PASSED] - callTestCase(findTestCase("s-sidebar_navigation/individualAccount/Template"), [:], STOP_ON_FAILURE): Call Test Case 'Test Cases/s-sidebar_navigation/individualAccount/Template' successfully

2019-04-21 02:33:54 - [TEST_CASE][PASSED] - Test Cases/s-sidebar_navigation/individualAccount/Template: Test Cases/s-sidebar_navigation/individualAccount/Template

2019-04-21 02:33:54 - [TEST_STEP][PASSED] - click(findTestObject("Page_KiboPush  Dashboard/span_Broadcasts")): Object: 'Object Repository/Page_KiboPush  Dashboard/span_Broadcasts' is clicked on

2019-04-21 02:33:54 - [MESSAGE][PASSED] - Object: 'Object Repository/Page_KiboPush  Dashboard/span_Broadcasts' is clicked on

2019-04-21 02:33:54 - [TEST_STEP][PASSED] - delay(1): Delayed 1 second(s)

2019-04-21 02:33:55 - [MESSAGE][PASSED] - Delayed 1 second(s)

2019-04-21 02:33:55 - [TEST_STEP][PASSED] - click(findTestObject("Page_KiboPush  Dashboard/span_Templates")): Object: 'Object Repository/Page_KiboPush  Dashboard/span_Templates' is clicked on

2019-04-21 02:33:56 - [MESSAGE][PASSED] - Object: 'Object Repository/Page_KiboPush  Dashboard/span_Templates' is clicked on

2019-04-21 02:33:56 - [TEST_STEP][PASSED] - delay(3): Delayed 3 second(s)

2019-04-21 02:33:59 - [MESSAGE][PASSED] - Delayed 3 second(s)

2019-04-21 02:33:59 - [TEST_STEP][PASSED] - scrollToPosition(0, 0): Browser is scrolled to position x = 0, y = 0

2019-04-21 02:33:59 - [MESSAGE][PASSED] - Browser is scrolled to position x = 0, y = 0

2019-04-21 02:33:59 - [TEST_STEP][PASSED] - click(findTestObject("Object Repository/Page_KiboEngage  Templates/h3_Templates")): Object: 'Object Repository/Page_KiboEngage  Templates/h3_Templates' is clicked on

2019-04-21 02:33:59 - [MESSAGE][PASSED] - Object: 'Object Repository/Page_KiboEngage  Templates/h3_Templates' is clicked on

2019-04-21 02:33:59 - [TEST_STEP][PASSED] - delay(3): Delayed 3 second(s)

2019-04-21 02:34:02 - [MESSAGE][PASSED] - Delayed 3 second(s)

2019-04-21 02:34:02 - [MESSAGE][PASSED] - Call Test Case 'Test Cases/s-sidebar_navigation/individualAccount/Template' successfully

2019-04-21 02:34:02 - [TEST_STEP][PASSED] - click(findTestObject("Object Repository/Page_KiboPush  Dashboard/button_Create New")): Object: 'Object Repository/Page_KiboPush  Dashboard/button_Create New' is clicked on

2019-04-21 02:34:02 - [MESSAGE][PASSED] - Object: 'Object Repository/Page_KiboPush  Dashboard/button_Create New' is clicked on

2019-04-21 02:34:02 - [TEST_STEP][PASSED] - click(findTestObject("Object Repository/Page_KiboPush  Create Broadcast Tem/h3_Create Broadcast Template")): Object: 'Object Repository/Page_KiboPush  Create Broadcast Tem/h3_Create Broadcast Template' is clicked on

2019-04-21 02:34:02 - [MESSAGE][PASSED] - Object: 'Object Repository/Page_KiboPush  Create Broadcast Tem/h3_Create Broadcast Template' is clicked on

2019-04-21 02:34:02 - [MESSAGE][PASSED] - Call Test Case 'Test Cases/Template testcases/TC0768' successfully

2019-04-21 02:34:02 - [TEST_STEP][PASSED] - click(findTestObject("Page_KiboPush  Create Broadcast Tem/h6_Gallery (1)")): Object: 'Object Repository/Page_KiboPush  Create Broadcast Tem/h6_Gallery (1)' is clicked on

2019-04-21 02:34:02 - [MESSAGE][PASSED] - Object: 'Object Repository/Page_KiboPush  Create Broadcast Tem/h6_Gallery (1)' is clicked on

2019-04-21 02:34:02 - [TEST_STEP][PASSED] - click(findTestObject("Object Repository/Page_KiboEngage  Create Broadcast Template/div_New gallery component added")): Object: 'Object Repository/Page_KiboEngage  Create Broadcast Template/div_New gallery component added' is clicked on

2019-04-21 02:34:02 - [MESSAGE][PASSED] - Object: 'Object Repository/Page_KiboEngage  Create Broadcast Template/div_New gallery component added' is clicked on

2019-04-21 02:34:02 - [MESSAGE][PASSED] - Call Test Case 'Test Cases/Template testcases/TC0788' successfully

2019-04-21 02:34:02 - [TEST_STEP][PASSED] - img = getProjectDir() + "/sample.jpg": null

2019-04-21 02:34:02 - [TEST_STEP][PASSED] - uploadFile(findTestObject("Page_KiboPush  Create Broadcast Tem/gal_img"), img): File '/home/faizan/Drive/KiboPush_Automated_Testing/KiboPush Katalon/sample.jpg' sent to object: 'Object Repository/Page_KiboPush  Create Broadcast Tem/gal_img'

2019-04-21 02:34:03 - [MESSAGE][PASSED] - File '/home/faizan/Drive/KiboPush_Automated_Testing/KiboPush Katalon/sample.jpg' sent to object: 'Object Repository/Page_KiboPush  Create Broadcast Tem/gal_img'

2019-04-21 02:34:03 - [TEST_STEP][PASSED] - delay(10): Delayed 10 second(s)

2019-04-21 02:34:13 - [MESSAGE][PASSED] - Delayed 10 second(s)]]></system-out>
         <system-err><![CDATA[]]></system-err>
      </testcase>
      <testcase name="Test Cases/Template testcases/TC0795" classname="Test Cases/Template testcases/TC0795" status="PASSED">
         <system-out><![CDATA[2019-04-21 02:34:13 - [TEST_CASE][PASSED] - Test Cases/Template testcases/TC0795: Test Cases/Template testcases/TC0795

2019-04-21 02:34:13 - [TEST_STEP][PASSED] - callTestCase(findTestCase("Template testcases/TC0788"), [:], STOP_ON_FAILURE): Call Test Case 'Test Cases/Template testcases/TC0788' successfully

2019-04-21 02:34:13 - [TEST_CASE][PASSED] - Test Cases/Template testcases/TC0788: Test Cases/Template testcases/TC0788

2019-04-21 02:34:13 - [TEST_STEP][PASSED] - callTestCase(findTestCase("Template testcases/TC0768"), [:], STOP_ON_FAILURE): Call Test Case 'Test Cases/Template testcases/TC0768' successfully

2019-04-21 02:34:13 - [TEST_CASE][PASSED] - Test Cases/Template testcases/TC0768: Test Cases/Template testcases/TC0768

2019-04-21 02:34:13 - [TEST_STEP][PASSED] - callTestCase(findTestCase("s-sidebar_navigation/individualAccount/Template"), [:], STOP_ON_FAILURE): Call Test Case 'Test Cases/s-sidebar_navigation/individualAccount/Template' successfully

2019-04-21 02:34:13 - [TEST_CASE][PASSED] - Test Cases/s-sidebar_navigation/individualAccount/Template: Test Cases/s-sidebar_navigation/individualAccount/Template

2019-04-21 02:34:13 - [TEST_STEP][PASSED] - click(findTestObject("Page_KiboPush  Dashboard/span_Broadcasts")): Object: 'Object Repository/Page_KiboPush  Dashboard/span_Broadcasts' is clicked on

2019-04-21 02:34:13 - [MESSAGE][PASSED] - Object: 'Object Repository/Page_KiboPush  Dashboard/span_Broadcasts' is clicked on

2019-04-21 02:34:13 - [TEST_STEP][PASSED] - delay(1): Delayed 1 second(s)

2019-04-21 02:34:14 - [MESSAGE][PASSED] - Delayed 1 second(s)

2019-04-21 02:34:14 - [TEST_STEP][PASSED] - click(findTestObject("Page_KiboPush  Dashboard/span_Templates")): Object: 'Object Repository/Page_KiboPush  Dashboard/span_Templates' is clicked on

2019-04-21 02:34:14 - [MESSAGE][PASSED] - Object: 'Object Repository/Page_KiboPush  Dashboard/span_Templates' is clicked on

2019-04-21 02:34:14 - [TEST_STEP][PASSED] - delay(3): Delayed 3 second(s)

2019-04-21 02:34:17 - [MESSAGE][PASSED] - Delayed 3 second(s)

2019-04-21 02:34:17 - [TEST_STEP][PASSED] - scrollToPosition(0, 0): Browser is scrolled to position x = 0, y = 0

2019-04-21 02:34:17 - [MESSAGE][PASSED] - Browser is scrolled to position x = 0, y = 0

2019-04-21 02:34:17 - [TEST_STEP][PASSED] - click(findTestObject("Object Repository/Page_KiboEngage  Templates/h3_Templates")): Object: 'Object Repository/Page_KiboEngage  Templates/h3_Templates' is clicked on

2019-04-21 02:34:18 - [MESSAGE][PASSED] - Object: 'Object Repository/Page_KiboEngage  Templates/h3_Templates' is clicked on

2019-04-21 02:34:18 - [TEST_STEP][PASSED] - delay(3): Delayed 3 second(s)

2019-04-21 02:34:21 - [MESSAGE][PASSED] - Delayed 3 second(s)

2019-04-21 02:34:21 - [MESSAGE][PASSED] - Call Test Case 'Test Cases/s-sidebar_navigation/individualAccount/Template' successfully

2019-04-21 02:34:21 - [TEST_STEP][PASSED] - click(findTestObject("Object Repository/Page_KiboPush  Dashboard/button_Create New")): Object: 'Object Repository/Page_KiboPush  Dashboard/button_Create New' is clicked on

2019-04-21 02:34:21 - [MESSAGE][PASSED] - Object: 'Object Repository/Page_KiboPush  Dashboard/button_Create New' is clicked on

2019-04-21 02:34:21 - [TEST_STEP][PASSED] - click(findTestObject("Object Repository/Page_KiboPush  Create Broadcast Tem/h3_Create Broadcast Template")): Object: 'Object Repository/Page_KiboPush  Create Broadcast Tem/h3_Create Broadcast Template' is clicked on

2019-04-21 02:34:21 - [MESSAGE][PASSED] - Object: 'Object Repository/Page_KiboPush  Create Broadcast Tem/h3_Create Broadcast Template' is clicked on

2019-04-21 02:34:21 - [MESSAGE][PASSED] - Call Test Case 'Test Cases/Template testcases/TC0768' successfully

2019-04-21 02:34:21 - [TEST_STEP][PASSED] - click(findTestObject("Page_KiboPush  Create Broadcast Tem/h6_Gallery (1)")): Object: 'Object Repository/Page_KiboPush  Create Broadcast Tem/h6_Gallery (1)' is clicked on

2019-04-21 02:34:21 - [MESSAGE][PASSED] - Object: 'Object Repository/Page_KiboPush  Create Broadcast Tem/h6_Gallery (1)' is clicked on

2019-04-21 02:34:21 - [TEST_STEP][PASSED] - click(findTestObject("Object Repository/Page_KiboEngage  Create Broadcast Template/div_New gallery component added")): Object: 'Object Repository/Page_KiboEngage  Create Broadcast Template/div_New gallery component added' is clicked on

2019-04-21 02:34:21 - [MESSAGE][PASSED] - Object: 'Object Repository/Page_KiboEngage  Create Broadcast Template/div_New gallery component added' is clicked on

2019-04-21 02:34:21 - [MESSAGE][PASSED] - Call Test Case 'Test Cases/Template testcases/TC0788' successfully

2019-04-21 02:34:21 - [TEST_STEP][PASSED] - click(findTestObject("Page_KiboPush  Create Broadcast Tem/h6_ Add Button (1)")): Object: 'Object Repository/Page_KiboPush  Create Broadcast Tem/h6_ Add Button (1)' is clicked on

2019-04-21 02:34:22 - [MESSAGE][PASSED] - Object: 'Object Repository/Page_KiboPush  Create Broadcast Tem/h6_ Add Button (1)' is clicked on

2019-04-21 02:34:22 - [TEST_STEP][PASSED] - setText(findTestObject("Page_KiboPush  Create Broadcast Tem/input_form-control (16)"), "google"): Text 'google' is set on object 'Object Repository/Page_KiboPush  Create Broadcast Tem/input_form-control (16)'

2019-04-21 02:34:22 - [MESSAGE][PASSED] - Text 'google' is set on object 'Object Repository/Page_KiboPush  Create Broadcast Tem/input_form-control (16)'

2019-04-21 02:34:22 - [TEST_STEP][PASSED] - click(findTestObject("Page_KiboPush  Create Broadcast Tem/div_Open a website (1)")): Object: 'Object Repository/Page_KiboPush  Create Broadcast Tem/div_Open a website (1)' is clicked on

2019-04-21 02:34:22 - [MESSAGE][PASSED] - Object: 'Object Repository/Page_KiboPush  Create Broadcast Tem/div_Open a website (1)' is clicked on

2019-04-21 02:34:22 - [TEST_STEP][PASSED] - setText(findTestObject("Page_KiboPush  Create Broadcast Tem/input_form-control_1 (8)"), "www.google.com"): Text 'www.google.com' is set on object 'Object Repository/Page_KiboPush  Create Broadcast Tem/input_form-control_1 (8)'

2019-04-21 02:34:23 - [MESSAGE][PASSED] - Text 'www.google.com' is set on object 'Object Repository/Page_KiboPush  Create Broadcast Tem/input_form-control_1 (8)'

2019-04-21 02:34:23 - [TEST_STEP][PASSED] - click(findTestObject("Page_KiboPush  Create Broadcast Tem/button_Done (1)")): Object: 'Object Repository/Page_KiboPush  Create Broadcast Tem/button_Done (1)' is clicked on

2019-04-21 02:34:23 - [MESSAGE][PASSED] - Object: 'Object Repository/Page_KiboPush  Create Broadcast Tem/button_Done (1)' is clicked on

2019-04-21 02:34:23 - [TEST_STEP][PASSED] - delay(2): Delayed 2 second(s)

2019-04-21 02:34:25 - [MESSAGE][PASSED] - Delayed 2 second(s)

2019-04-21 02:34:25 - [TEST_STEP][PASSED] - verifyTextPresent("google", false): Text 'google' is present on page 

2019-04-21 02:34:25 - [MESSAGE][PASSED] - Text 'google' is present on page]]></system-out>
         <system-err><![CDATA[]]></system-err>
      </testcase>
      <testcase name="Test Cases/Template testcases/TC0796" classname="Test Cases/Template testcases/TC0796" status="FAILED">
         <failure type="FAILED" message="Test Cases/Template testcases/TC0796 FAILED.
Reason:
com.kms.katalon.core.exception.StepFailedException: Unable to click on object 'Object Repository/Page_KiboPush  Create Broadcast Tem/category'
	at com.kms.katalon.core.webui.keyword.internal.WebUIKeywordMain.stepFailed(WebUIKeywordMain.groovy:64)
	at com.kms.katalon.core.webui.keyword.internal.WebUIKeywordMain.runKeyword(WebUIKeywordMain.groovy:26)
	at com.kms.katalon.core.webui.keyword.builtin.ClickKeyword.click(ClickKeyword.groovy:86)
	at com.kms.katalon.core.webui.keyword.builtin.ClickKeyword.execute(ClickKeyword.groovy:67)
	at com.kms.katalon.core.keyword.internal.KeywordExecutor.executeKeywordForPlatform(KeywordExecutor.groovy:56)
	at com.kms.katalon.core.webui.keyword.WebUiBuiltInKeywords.click(WebUiBuiltInKeywords.groovy:616)
	at com.kms.katalon.core.webui.keyword.WebUiBuiltInKeywords$click$2.call(Unknown Source)
	at TC0796.run(TC0796:53)
	at com.kms.katalon.core.main.ScriptEngine.run(ScriptEngine.java:194)
	at com.kms.katalon.core.main.ScriptEngine.runScriptAsRawText(ScriptEngine.java:119)
	at com.kms.katalon.core.main.TestCaseExecutor.runScript(TestCaseExecutor.java:336)
	at com.kms.katalon.core.main.TestCaseExecutor.doExecute(TestCaseExecutor.java:327)
	at com.kms.katalon.core.main.TestCaseExecutor.processExecutionPhase(TestCaseExecutor.java:306)
	at com.kms.katalon.core.main.TestCaseExecutor.accessMainPhase(TestCaseExecutor.java:298)
	at com.kms.katalon.core.main.TestCaseExecutor.execute(TestCaseExecutor.java:232)
	at com.kms.katalon.core.main.TestSuiteExecutor.accessTestCaseMainPhase(TestSuiteExecutor.java:129)
	at com.kms.katalon.core.main.TestSuiteExecutor.accessTestSuiteMainPhase(TestSuiteExecutor.java:112)
	at com.kms.katalon.core.main.TestSuiteExecutor.execute(TestSuiteExecutor.java:81)
	at com.kms.katalon.core.main.TestCaseMain.startTestSuite(TestCaseMain.java:157)
	at com.kms.katalon.core.main.TestCaseMain$startTestSuite$0.call(Unknown Source)
	at TempTestSuite1555795243480.run(TempTestSuite1555795243480.groovy:35)
Caused by: com.kms.katalon.core.webui.exception.WebElementNotFoundException: Web element with id: 'Object Repository/Page_KiboPush  Create Broadcast Tem/category' located by 'By.xpath: //*[@id=&quot;content&quot;]/div/div/div/div[2]/div[2]/div[2]/div/div/div[2]/div/div/div/div[1]/div[4]/div[2]/span/span[1]/span/ul/li/input' not found
	at com.kms.katalon.core.webui.common.WebUiCommonHelper.findWebElement(WebUiCommonHelper.java:1097)
	at com.kms.katalon.core.webui.keyword.internal.WebUIAbstractKeyword.findWebElement(WebUIAbstractKeyword.groovy:27)
	at com.kms.katalon.core.webui.keyword.internal.WebUIAbstractKeyword.findWebElement(WebUIAbstractKeyword.groovy:26)
	at com.kms.katalon.core.webui.keyword.builtin.ClickKeyword$_click_closure1.doCall(ClickKeyword.groovy:77)
	at com.kms.katalon.core.webui.keyword.builtin.ClickKeyword$_click_closure1.call(ClickKeyword.groovy)
	at com.kms.katalon.core.webui.keyword.internal.WebUIKeywordMain.runKeyword(WebUIKeywordMain.groovy:20)
	at com.kms.katalon.core.webui.keyword.builtin.ClickKeyword.click(ClickKeyword.groovy:86)
	at com.kms.katalon.core.webui.keyword.builtin.ClickKeyword.execute(ClickKeyword.groovy:67)
	at com.kms.katalon.core.keyword.internal.KeywordExecutor.executeKeywordForPlatform(KeywordExecutor.groovy:56)
	at com.kms.katalon.core.webui.keyword.WebUiBuiltInKeywords.click(WebUiBuiltInKeywords.groovy:616)
	at com.kms.katalon.core.webui.keyword.WebUiBuiltInKeywords$click$2.call(Unknown Source)
	at Script1537078848015.run(Script1537078848015.groovy:53)
	... 13 more
"/>
         <system-out><![CDATA[2019-04-21 02:34:25 - [TEST_CASE][FAILED] - Test Cases/Template testcases/TC0796: Test Cases/Template testcases/TC0796 FAILED.
Reason:
com.kms.katalon.core.exception.StepFailedException: Unable to click on object 'Object Repository/Page_KiboPush  Create Broadcast Tem/category'
	at com.kms.katalon.core.webui.keyword.internal.WebUIKeywordMain.stepFailed(WebUIKeywordMain.groovy:64)
	at com.kms.katalon.core.webui.keyword.internal.WebUIKeywordMain.runKeyword(WebUIKeywordMain.groovy:26)
	at com.kms.katalon.core.webui.keyword.builtin.ClickKeyword.click(ClickKeyword.groovy:86)
	at com.kms.katalon.core.webui.keyword.builtin.ClickKeyword.execute(ClickKeyword.groovy:67)
	at com.kms.katalon.core.keyword.internal.KeywordExecutor.executeKeywordForPlatform(KeywordExecutor.groovy:56)
	at com.kms.katalon.core.webui.keyword.WebUiBuiltInKeywords.click(WebUiBuiltInKeywords.groovy:616)
	at com.kms.katalon.core.webui.keyword.WebUiBuiltInKeywords$click$2.call(Unknown Source)
	at TC0796.run(TC0796:53)
	at com.kms.katalon.core.main.ScriptEngine.run(ScriptEngine.java:194)
	at com.kms.katalon.core.main.ScriptEngine.runScriptAsRawText(ScriptEngine.java:119)
	at com.kms.katalon.core.main.TestCaseExecutor.runScript(TestCaseExecutor.java:336)
	at com.kms.katalon.core.main.TestCaseExecutor.doExecute(TestCaseExecutor.java:327)
	at com.kms.katalon.core.main.TestCaseExecutor.processExecutionPhase(TestCaseExecutor.java:306)
	at com.kms.katalon.core.main.TestCaseExecutor.accessMainPhase(TestCaseExecutor.java:298)
	at com.kms.katalon.core.main.TestCaseExecutor.execute(TestCaseExecutor.java:232)
	at com.kms.katalon.core.main.TestSuiteExecutor.accessTestCaseMainPhase(TestSuiteExecutor.java:129)
	at com.kms.katalon.core.main.TestSuiteExecutor.accessTestSuiteMainPhase(TestSuiteExecutor.java:112)
	at com.kms.katalon.core.main.TestSuiteExecutor.execute(TestSuiteExecutor.java:81)
	at com.kms.katalon.core.main.TestCaseMain.startTestSuite(TestCaseMain.java:157)
	at com.kms.katalon.core.main.TestCaseMain$startTestSuite$0.call(Unknown Source)
	at TempTestSuite1555795243480.run(TempTestSuite1555795243480.groovy:35)
Caused by: com.kms.katalon.core.webui.exception.WebElementNotFoundException: Web element with id: 'Object Repository/Page_KiboPush  Create Broadcast Tem/category' located by 'By.xpath: //*[@id="content"]/div/div/div/div[2]/div[2]/div[2]/div/div/div[2]/div/div/div/div[1]/div[4]/div[2]/span/span[1]/span/ul/li/input' not found
	at com.kms.katalon.core.webui.common.WebUiCommonHelper.findWebElement(WebUiCommonHelper.java:1097)
	at com.kms.katalon.core.webui.keyword.internal.WebUIAbstractKeyword.findWebElement(WebUIAbstractKeyword.groovy:27)
	at com.kms.katalon.core.webui.keyword.internal.WebUIAbstractKeyword.findWebElement(WebUIAbstractKeyword.groovy:26)
	at com.kms.katalon.core.webui.keyword.builtin.ClickKeyword$_click_closure1.doCall(ClickKeyword.groovy:77)
	at com.kms.katalon.core.webui.keyword.builtin.ClickKeyword$_click_closure1.call(ClickKeyword.groovy)
	at com.kms.katalon.core.webui.keyword.internal.WebUIKeywordMain.runKeyword(WebUIKeywordMain.groovy:20)
	at com.kms.katalon.core.webui.keyword.builtin.ClickKeyword.click(ClickKeyword.groovy:86)
	at com.kms.katalon.core.webui.keyword.builtin.ClickKeyword.execute(ClickKeyword.groovy:67)
	at com.kms.katalon.core.keyword.internal.KeywordExecutor.executeKeywordForPlatform(KeywordExecutor.groovy:56)
	at com.kms.katalon.core.webui.keyword.WebUiBuiltInKeywords.click(WebUiBuiltInKeywords.groovy:616)
	at com.kms.katalon.core.webui.keyword.WebUiBuiltInKeywords$click$2.call(Unknown Source)
	at Script1537078848015.run(Script1537078848015.groovy:53)
	... 13 more


2019-04-21 02:34:26 - [TEST_STEP][PASSED] - callTestCase(findTestCase("Template testcases/TC0788"), [:], STOP_ON_FAILURE): Call Test Case 'Test Cases/Template testcases/TC0788' successfully

2019-04-21 02:34:26 - [TEST_CASE][PASSED] - Test Cases/Template testcases/TC0788: Test Cases/Template testcases/TC0788

2019-04-21 02:34:26 - [TEST_STEP][PASSED] - callTestCase(findTestCase("Template testcases/TC0768"), [:], STOP_ON_FAILURE): Call Test Case 'Test Cases/Template testcases/TC0768' successfully

2019-04-21 02:34:26 - [TEST_CASE][PASSED] - Test Cases/Template testcases/TC0768: Test Cases/Template testcases/TC0768

2019-04-21 02:34:26 - [TEST_STEP][PASSED] - callTestCase(findTestCase("s-sidebar_navigation/individualAccount/Template"), [:], STOP_ON_FAILURE): Call Test Case 'Test Cases/s-sidebar_navigation/individualAccount/Template' successfully

2019-04-21 02:34:26 - [TEST_CASE][PASSED] - Test Cases/s-sidebar_navigation/individualAccount/Template: Test Cases/s-sidebar_navigation/individualAccount/Template

2019-04-21 02:34:26 - [TEST_STEP][PASSED] - click(findTestObject("Page_KiboPush  Dashboard/span_Broadcasts")): Object: 'Object Repository/Page_KiboPush  Dashboard/span_Broadcasts' is clicked on

2019-04-21 02:34:26 - [MESSAGE][PASSED] - Object: 'Object Repository/Page_KiboPush  Dashboard/span_Broadcasts' is clicked on

2019-04-21 02:34:26 - [TEST_STEP][PASSED] - delay(1): Delayed 1 second(s)

2019-04-21 02:34:27 - [MESSAGE][PASSED] - Delayed 1 second(s)

2019-04-21 02:34:27 - [TEST_STEP][PASSED] - click(findTestObject("Page_KiboPush  Dashboard/span_Templates")): Object: 'Object Repository/Page_KiboPush  Dashboard/span_Templates' is clicked on

2019-04-21 02:34:27 - [MESSAGE][PASSED] - Object: 'Object Repository/Page_KiboPush  Dashboard/span_Templates' is clicked on

2019-04-21 02:34:27 - [TEST_STEP][PASSED] - delay(3): Delayed 3 second(s)

2019-04-21 02:34:30 - [MESSAGE][PASSED] - Delayed 3 second(s)

2019-04-21 02:34:30 - [TEST_STEP][PASSED] - scrollToPosition(0, 0): Browser is scrolled to position x = 0, y = 0

2019-04-21 02:34:30 - [MESSAGE][PASSED] - Browser is scrolled to position x = 0, y = 0

2019-04-21 02:34:30 - [TEST_STEP][PASSED] - click(findTestObject("Object Repository/Page_KiboEngage  Templates/h3_Templates")): Object: 'Object Repository/Page_KiboEngage  Templates/h3_Templates' is clicked on

2019-04-21 02:34:31 - [MESSAGE][PASSED] - Object: 'Object Repository/Page_KiboEngage  Templates/h3_Templates' is clicked on

2019-04-21 02:34:31 - [TEST_STEP][PASSED] - delay(3): Delayed 3 second(s)

2019-04-21 02:34:34 - [MESSAGE][PASSED] - Delayed 3 second(s)

2019-04-21 02:34:34 - [MESSAGE][PASSED] - Call Test Case 'Test Cases/s-sidebar_navigation/individualAccount/Template' successfully

2019-04-21 02:34:34 - [TEST_STEP][PASSED] - click(findTestObject("Object Repository/Page_KiboPush  Dashboard/button_Create New")): Object: 'Object Repository/Page_KiboPush  Dashboard/button_Create New' is clicked on

2019-04-21 02:34:34 - [MESSAGE][PASSED] - Object: 'Object Repository/Page_KiboPush  Dashboard/button_Create New' is clicked on

2019-04-21 02:34:34 - [TEST_STEP][PASSED] - click(findTestObject("Object Repository/Page_KiboPush  Create Broadcast Tem/h3_Create Broadcast Template")): Object: 'Object Repository/Page_KiboPush  Create Broadcast Tem/h3_Create Broadcast Template' is clicked on

2019-04-21 02:34:34 - [MESSAGE][PASSED] - Object: 'Object Repository/Page_KiboPush  Create Broadcast Tem/h3_Create Broadcast Template' is clicked on

2019-04-21 02:34:34 - [MESSAGE][PASSED] - Call Test Case 'Test Cases/Template testcases/TC0768' successfully

2019-04-21 02:34:34 - [TEST_STEP][PASSED] - click(findTestObject("Page_KiboPush  Create Broadcast Tem/h6_Gallery (1)")): Object: 'Object Repository/Page_KiboPush  Create Broadcast Tem/h6_Gallery (1)' is clicked on

2019-04-21 02:34:34 - [MESSAGE][PASSED] - Object: 'Object Repository/Page_KiboPush  Create Broadcast Tem/h6_Gallery (1)' is clicked on

2019-04-21 02:34:34 - [TEST_STEP][PASSED] - click(findTestObject("Object Repository/Page_KiboEngage  Create Broadcast Template/div_New gallery component added")): Object: 'Object Repository/Page_KiboEngage  Create Broadcast Template/div_New gallery component added' is clicked on

2019-04-21 02:34:34 - [MESSAGE][PASSED] - Object: 'Object Repository/Page_KiboEngage  Create Broadcast Template/div_New gallery component added' is clicked on

2019-04-21 02:34:34 - [MESSAGE][PASSED] - Call Test Case 'Test Cases/Template testcases/TC0788' successfully

2019-04-21 02:34:34 - [TEST_STEP][PASSED] - img = getProjectDir() + "/sample.jpg": null

2019-04-21 02:34:34 - [TEST_STEP][PASSED] - uploadFile(findTestObject("Page_KiboPush  Create Broadcast Tem/gal_img"), img): File '/home/faizan/Drive/KiboPush_Automated_Testing/KiboPush Katalon/sample.jpg' sent to object: 'Object Repository/Page_KiboPush  Create Broadcast Tem/gal_img'

2019-04-21 02:34:35 - [MESSAGE][PASSED] - File '/home/faizan/Drive/KiboPush_Automated_Testing/KiboPush Katalon/sample.jpg' sent to object: 'Object Repository/Page_KiboPush  Create Broadcast Tem/gal_img'

2019-04-21 02:34:35 - [TEST_STEP][PASSED] - delay(10): Delayed 10 second(s)

2019-04-21 02:34:45 - [MESSAGE][PASSED] - Delayed 10 second(s)

2019-04-21 02:34:45 - [TEST_STEP][PASSED] - click(findTestObject("Page_KiboEngage  Create Broadcast Template/svg (5) (1) (1)")): Object: 'Object Repository/Page_KiboEngage  Create Broadcast Template/svg (5) (1) (1)' is clicked on

2019-04-21 02:34:45 - [MESSAGE][PASSED] - Object: 'Object Repository/Page_KiboEngage  Create Broadcast Template/svg (5) (1) (1)' is clicked on

2019-04-21 02:34:45 - [TEST_STEP][PASSED] - delay(3): Delayed 3 second(s)

2019-04-21 02:34:48 - [MESSAGE][PASSED] - Delayed 3 second(s)

2019-04-21 02:34:48 - [TEST_STEP][PASSED] - setText(findTestObject("Object Repository/Page_KiboPush  Create Broadcast Tem/input_form-control (4)"), "hello"): Text 'hello' is set on object 'Object Repository/Page_KiboPush  Create Broadcast Tem/input_form-control (4)'

2019-04-21 02:34:48 - [MESSAGE][PASSED] - Text 'hello' is set on object 'Object Repository/Page_KiboPush  Create Broadcast Tem/input_form-control (4)'

2019-04-21 02:34:48 - [TEST_STEP][PASSED] - setText(findTestObject("Object Repository/Page_KiboPush  Create Broadcast Tem/textarea_form-control (3)"), "h"): Text 'h' is set on object 'Object Repository/Page_KiboPush  Create Broadcast Tem/textarea_form-control (3)'

2019-04-21 02:34:48 - [MESSAGE][PASSED] - Text 'h' is set on object 'Object Repository/Page_KiboPush  Create Broadcast Tem/textarea_form-control (3)'

2019-04-21 02:34:48 - [TEST_STEP][PASSED] - click(findTestObject("Object Repository/Page_KiboPush  Create Broadcast Tem/h6_ Add Button (1)")): Object: 'Object Repository/Page_KiboPush  Create Broadcast Tem/h6_ Add Button (1)' is clicked on

2019-04-21 02:34:48 - [MESSAGE][PASSED] - Object: 'Object Repository/Page_KiboPush  Create Broadcast Tem/h6_ Add Button (1)' is clicked on

2019-04-21 02:34:48 - [TEST_STEP][PASSED] - setText(findTestObject("Page_KiboPush  Create Broadcast Tem/input_form-control (16)"), "google"): Text 'google' is set on object 'Object Repository/Page_KiboPush  Create Broadcast Tem/input_form-control (16)'

2019-04-21 02:34:49 - [MESSAGE][PASSED] - Text 'google' is set on object 'Object Repository/Page_KiboPush  Create Broadcast Tem/input_form-control (16)'

2019-04-21 02:34:49 - [TEST_STEP][PASSED] - click(findTestObject("Object Repository/Page_KiboPush  Create Broadcast Tem/div_Open a website (1)")): Object: 'Object Repository/Page_KiboPush  Create Broadcast Tem/div_Open a website (1)' is clicked on

2019-04-21 02:34:49 - [MESSAGE][PASSED] - Object: 'Object Repository/Page_KiboPush  Create Broadcast Tem/div_Open a website (1)' is clicked on

2019-04-21 02:34:49 - [TEST_STEP][PASSED] - setText(findTestObject("Page_KiboPush  Create Broadcast Tem/input_form-control_1 (8)"), "www.google.com"): Text 'www.google.com' is set on object 'Object Repository/Page_KiboPush  Create Broadcast Tem/input_form-control_1 (8)'

2019-04-21 02:34:49 - [MESSAGE][PASSED] - Text 'www.google.com' is set on object 'Object Repository/Page_KiboPush  Create Broadcast Tem/input_form-control_1 (8)'

2019-04-21 02:34:49 - [TEST_STEP][PASSED] - click(findTestObject("Object Repository/Page_KiboPush  Create Broadcast Tem/button_Done (1)")): Object: 'Object Repository/Page_KiboPush  Create Broadcast Tem/button_Done (1)' is clicked on

2019-04-21 02:34:49 - [MESSAGE][PASSED] - Object: 'Object Repository/Page_KiboPush  Create Broadcast Tem/button_Done (1)' is clicked on

2019-04-21 02:34:49 - [TEST_STEP][PASSED] - delay(1): Delayed 1 second(s)

2019-04-21 02:34:50 - [MESSAGE][PASSED] - Delayed 1 second(s)

2019-04-21 02:34:50 - [TEST_STEP][PASSED] - scrollToPosition(0, 0): Browser is scrolled to position x = 0, y = 0

2019-04-21 02:34:50 - [MESSAGE][PASSED] - Browser is scrolled to position x = 0, y = 0

2019-04-21 02:34:50 - [TEST_STEP][FAILED] - click(findTestObject("Page_KiboPush  Create Broadcast Tem/category")): Unable to click on object 'Object Repository/Page_KiboPush  Create Broadcast Tem/category' (Root cause: com.kms.katalon.core.exception.StepFailedException: Unable to click on object 'Object Repository/Page_KiboPush  Create Broadcast Tem/category'
	at com.kms.katalon.core.webui.keyword.internal.WebUIKeywordMain.stepFailed(WebUIKeywordMain.groovy:64)
	at com.kms.katalon.core.webui.keyword.internal.WebUIKeywordMain.runKeyword(WebUIKeywordMain.groovy:26)
	at com.kms.katalon.core.webui.keyword.builtin.ClickKeyword.click(ClickKeyword.groovy:86)
	at com.kms.katalon.core.webui.keyword.builtin.ClickKeyword.execute(ClickKeyword.groovy:67)
	at com.kms.katalon.core.keyword.internal.KeywordExecutor.executeKeywordForPlatform(KeywordExecutor.groovy:56)
	at com.kms.katalon.core.webui.keyword.WebUiBuiltInKeywords.click(WebUiBuiltInKeywords.groovy:616)
	at com.kms.katalon.core.webui.keyword.WebUiBuiltInKeywords$click$2.call(Unknown Source)
	at TC0796.run(TC0796:53)
	at com.kms.katalon.core.main.ScriptEngine.run(ScriptEngine.java:194)
	at com.kms.katalon.core.main.ScriptEngine.runScriptAsRawText(ScriptEngine.java:119)
	at com.kms.katalon.core.main.TestCaseExecutor.runScript(TestCaseExecutor.java:336)
	at com.kms.katalon.core.main.TestCaseExecutor.doExecute(TestCaseExecutor.java:327)
	at com.kms.katalon.core.main.TestCaseExecutor.processExecutionPhase(TestCaseExecutor.java:306)
	at com.kms.katalon.core.main.TestCaseExecutor.accessMainPhase(TestCaseExecutor.java:298)
	at com.kms.katalon.core.main.TestCaseExecutor.execute(TestCaseExecutor.java:232)
	at com.kms.katalon.core.main.TestSuiteExecutor.accessTestCaseMainPhase(TestSuiteExecutor.java:129)
	at com.kms.katalon.core.main.TestSuiteExecutor.accessTestSuiteMainPhase(TestSuiteExecutor.java:112)
	at com.kms.katalon.core.main.TestSuiteExecutor.execute(TestSuiteExecutor.java:81)
	at com.kms.katalon.core.main.TestCaseMain.startTestSuite(TestCaseMain.java:157)
	at com.kms.katalon.core.main.TestCaseMain$startTestSuite$0.call(Unknown Source)
	at TempTestSuite1555795243480.run(TempTestSuite1555795243480.groovy:35)
Caused by: com.kms.katalon.core.webui.exception.WebElementNotFoundException: Web element with id: 'Object Repository/Page_KiboPush  Create Broadcast Tem/category' located by 'By.xpath: //*[@id="content"]/div/div/div/div[2]/div[2]/div[2]/div/div/div[2]/div/div/div/div[1]/div[4]/div[2]/span/span[1]/span/ul/li/input' not found
	at com.kms.katalon.core.webui.common.WebUiCommonHelper.findWebElement(WebUiCommonHelper.java:1097)
	at com.kms.katalon.core.webui.keyword.internal.WebUIAbstractKeyword.findWebElement(WebUIAbstractKeyword.groovy:27)
	at com.kms.katalon.core.webui.keyword.internal.WebUIAbstractKeyword.findWebElement(WebUIAbstractKeyword.groovy:26)
	at com.kms.katalon.core.webui.keyword.builtin.ClickKeyword$_click_closure1.doCall(ClickKeyword.groovy:77)
	at com.kms.katalon.core.webui.keyword.builtin.ClickKeyword$_click_closure1.call(ClickKeyword.groovy)
	at com.kms.katalon.core.webui.keyword.internal.WebUIKeywordMain.runKeyword(WebUIKeywordMain.groovy:20)
	at com.kms.katalon.core.webui.keyword.builtin.ClickKeyword.click(ClickKeyword.groovy:86)
	at com.kms.katalon.core.webui.keyword.builtin.ClickKeyword.execute(ClickKeyword.groovy:67)
	at com.kms.katalon.core.keyword.internal.KeywordExecutor.executeKeywordForPlatform(KeywordExecutor.groovy:56)
	at com.kms.katalon.core.webui.keyword.WebUiBuiltInKeywords.click(WebUiBuiltInKeywords.groovy:616)
	at com.kms.katalon.core.webui.keyword.WebUiBuiltInKeywords$click$2.call(Unknown Source)
	at Script1537078848015.run(Script1537078848015.groovy:53)
	... 13 more
)

2019-04-21 02:35:22 - [MESSAGE][INFO] - Unable to find the element located by 'By.xpath: //*[@id="content"]/div/div/div/div[2]/div[2]/div[2]/div/div/div[2]/div/div/div/div[1]/div[4]/div[2]/span/span[1]/span/ul/li/input'. Please recheck the objects properties to make sure the desired element is located. 

2019-04-21 02:35:22 - [MESSAGE][FAILED] - Unable to click on object 'Object Repository/Page_KiboPush  Create Broadcast Tem/category' (Root cause: com.kms.katalon.core.exception.StepFailedException: Unable to click on object 'Object Repository/Page_KiboPush  Create Broadcast Tem/category'
	at com.kms.katalon.core.webui.keyword.internal.WebUIKeywordMain.stepFailed(WebUIKeywordMain.groovy:64)
	at com.kms.katalon.core.webui.keyword.internal.WebUIKeywordMain.runKeyword(WebUIKeywordMain.groovy:26)
	at com.kms.katalon.core.webui.keyword.builtin.ClickKeyword.click(ClickKeyword.groovy:86)
	at com.kms.katalon.core.webui.keyword.builtin.ClickKeyword.execute(ClickKeyword.groovy:67)
	at com.kms.katalon.core.keyword.internal.KeywordExecutor.executeKeywordForPlatform(KeywordExecutor.groovy:56)
	at com.kms.katalon.core.webui.keyword.WebUiBuiltInKeywords.click(WebUiBuiltInKeywords.groovy:616)
	at com.kms.katalon.core.webui.keyword.WebUiBuiltInKeywords$click$2.call(Unknown Source)
	at TC0796.run(TC0796:53)
	at com.kms.katalon.core.main.ScriptEngine.run(ScriptEngine.java:194)
	at com.kms.katalon.core.main.ScriptEngine.runScriptAsRawText(ScriptEngine.java:119)
	at com.kms.katalon.core.main.TestCaseExecutor.runScript(TestCaseExecutor.java:336)
	at com.kms.katalon.core.main.TestCaseExecutor.doExecute(TestCaseExecutor.java:327)
	at com.kms.katalon.core.main.TestCaseExecutor.processExecutionPhase(TestCaseExecutor.java:306)
	at com.kms.katalon.core.main.TestCaseExecutor.accessMainPhase(TestCaseExecutor.java:298)
	at com.kms.katalon.core.main.TestCaseExecutor.execute(TestCaseExecutor.java:232)
	at com.kms.katalon.core.main.TestSuiteExecutor.accessTestCaseMainPhase(TestSuiteExecutor.java:129)
	at com.kms.katalon.core.main.TestSuiteExecutor.accessTestSuiteMainPhase(TestSuiteExecutor.java:112)
	at com.kms.katalon.core.main.TestSuiteExecutor.execute(TestSuiteExecutor.java:81)
	at com.kms.katalon.core.main.TestCaseMain.startTestSuite(TestCaseMain.java:157)
	at com.kms.katalon.core.main.TestCaseMain$startTestSuite$0.call(Unknown Source)
	at TempTestSuite1555795243480.run(TempTestSuite1555795243480.groovy:35)
Caused by: com.kms.katalon.core.webui.exception.WebElementNotFoundException: Web element with id: 'Object Repository/Page_KiboPush  Create Broadcast Tem/category' located by 'By.xpath: //*[@id="content"]/div/div/div/div[2]/div[2]/div[2]/div/div/div[2]/div/div/div/div[1]/div[4]/div[2]/span/span[1]/span/ul/li/input' not found
	at com.kms.katalon.core.webui.common.WebUiCommonHelper.findWebElement(WebUiCommonHelper.java:1097)
	at com.kms.katalon.core.webui.keyword.internal.WebUIAbstractKeyword.findWebElement(WebUIAbstractKeyword.groovy:27)
	at com.kms.katalon.core.webui.keyword.internal.WebUIAbstractKeyword.findWebElement(WebUIAbstractKeyword.groovy:26)
	at com.kms.katalon.core.webui.keyword.builtin.ClickKeyword$_click_closure1.doCall(ClickKeyword.groovy:77)
	at com.kms.katalon.core.webui.keyword.builtin.ClickKeyword$_click_closure1.call(ClickKeyword.groovy)
	at com.kms.katalon.core.webui.keyword.internal.WebUIKeywordMain.runKeyword(WebUIKeywordMain.groovy:20)
	at com.kms.katalon.core.webui.keyword.builtin.ClickKeyword.click(ClickKeyword.groovy:86)
	at com.kms.katalon.core.webui.keyword.builtin.ClickKeyword.execute(ClickKeyword.groovy:67)
	at com.kms.katalon.core.keyword.internal.KeywordExecutor.executeKeywordForPlatform(KeywordExecutor.groovy:56)
	at com.kms.katalon.core.webui.keyword.WebUiBuiltInKeywords.click(WebUiBuiltInKeywords.groovy:616)
	at com.kms.katalon.core.webui.keyword.WebUiBuiltInKeywords$click$2.call(Unknown Source)
	at Script1537078848015.run(Script1537078848015.groovy:53)
	... 13 more
)
[[ATTACHMENT|/home/faizan/Drive/KiboPush_Automated_Testing/KiboPush Katalon/Reports/Faizan Suits/Template/20190421_022043/1555796122024.png]]]]></system-out>
         <system-err><![CDATA[2019-04-21 02:34:25 - [TEST_CASE][FAILED] - Test Cases/Template testcases/TC0796: Test Cases/Template testcases/TC0796 FAILED.
Reason:
com.kms.katalon.core.exception.StepFailedException: Unable to click on object 'Object Repository/Page_KiboPush  Create Broadcast Tem/category'
	at com.kms.katalon.core.webui.keyword.internal.WebUIKeywordMain.stepFailed(WebUIKeywordMain.groovy:64)
	at com.kms.katalon.core.webui.keyword.internal.WebUIKeywordMain.runKeyword(WebUIKeywordMain.groovy:26)
	at com.kms.katalon.core.webui.keyword.builtin.ClickKeyword.click(ClickKeyword.groovy:86)
	at com.kms.katalon.core.webui.keyword.builtin.ClickKeyword.execute(ClickKeyword.groovy:67)
	at com.kms.katalon.core.keyword.internal.KeywordExecutor.executeKeywordForPlatform(KeywordExecutor.groovy:56)
	at com.kms.katalon.core.webui.keyword.WebUiBuiltInKeywords.click(WebUiBuiltInKeywords.groovy:616)
	at com.kms.katalon.core.webui.keyword.WebUiBuiltInKeywords$click$2.call(Unknown Source)
	at TC0796.run(TC0796:53)
	at com.kms.katalon.core.main.ScriptEngine.run(ScriptEngine.java:194)
	at com.kms.katalon.core.main.ScriptEngine.runScriptAsRawText(ScriptEngine.java:119)
	at com.kms.katalon.core.main.TestCaseExecutor.runScript(TestCaseExecutor.java:336)
	at com.kms.katalon.core.main.TestCaseExecutor.doExecute(TestCaseExecutor.java:327)
	at com.kms.katalon.core.main.TestCaseExecutor.processExecutionPhase(TestCaseExecutor.java:306)
	at com.kms.katalon.core.main.TestCaseExecutor.accessMainPhase(TestCaseExecutor.java:298)
	at com.kms.katalon.core.main.TestCaseExecutor.execute(TestCaseExecutor.java:232)
	at com.kms.katalon.core.main.TestSuiteExecutor.accessTestCaseMainPhase(TestSuiteExecutor.java:129)
	at com.kms.katalon.core.main.TestSuiteExecutor.accessTestSuiteMainPhase(TestSuiteExecutor.java:112)
	at com.kms.katalon.core.main.TestSuiteExecutor.execute(TestSuiteExecutor.java:81)
	at com.kms.katalon.core.main.TestCaseMain.startTestSuite(TestCaseMain.java:157)
	at com.kms.katalon.core.main.TestCaseMain$startTestSuite$0.call(Unknown Source)
	at TempTestSuite1555795243480.run(TempTestSuite1555795243480.groovy:35)
Caused by: com.kms.katalon.core.webui.exception.WebElementNotFoundException: Web element with id: 'Object Repository/Page_KiboPush  Create Broadcast Tem/category' located by 'By.xpath: //*[@id="content"]/div/div/div/div[2]/div[2]/div[2]/div/div/div[2]/div/div/div/div[1]/div[4]/div[2]/span/span[1]/span/ul/li/input' not found
	at com.kms.katalon.core.webui.common.WebUiCommonHelper.findWebElement(WebUiCommonHelper.java:1097)
	at com.kms.katalon.core.webui.keyword.internal.WebUIAbstractKeyword.findWebElement(WebUIAbstractKeyword.groovy:27)
	at com.kms.katalon.core.webui.keyword.internal.WebUIAbstractKeyword.findWebElement(WebUIAbstractKeyword.groovy:26)
	at com.kms.katalon.core.webui.keyword.builtin.ClickKeyword$_click_closure1.doCall(ClickKeyword.groovy:77)
	at com.kms.katalon.core.webui.keyword.builtin.ClickKeyword$_click_closure1.call(ClickKeyword.groovy)
	at com.kms.katalon.core.webui.keyword.internal.WebUIKeywordMain.runKeyword(WebUIKeywordMain.groovy:20)
	at com.kms.katalon.core.webui.keyword.builtin.ClickKeyword.click(ClickKeyword.groovy:86)
	at com.kms.katalon.core.webui.keyword.builtin.ClickKeyword.execute(ClickKeyword.groovy:67)
	at com.kms.katalon.core.keyword.internal.KeywordExecutor.executeKeywordForPlatform(KeywordExecutor.groovy:56)
	at com.kms.katalon.core.webui.keyword.WebUiBuiltInKeywords.click(WebUiBuiltInKeywords.groovy:616)
	at com.kms.katalon.core.webui.keyword.WebUiBuiltInKeywords$click$2.call(Unknown Source)
	at Script1537078848015.run(Script1537078848015.groovy:53)
	... 13 more]]></system-err>
      </testcase>
      <testcase name="Test Cases/Template testcases/TC0797" classname="Test Cases/Template testcases/TC0797" status="FAILED">
         <failure type="FAILED" message="Test Cases/Template testcases/TC0797 FAILED.
Reason:
com.kms.katalon.core.exception.StepFailedException: Unable to click on object 'Object Repository/Page_KiboPush  Create Broadcast Tem/category'
	at com.kms.katalon.core.webui.keyword.internal.WebUIKeywordMain.stepFailed(WebUIKeywordMain.groovy:64)
	at com.kms.katalon.core.webui.keyword.internal.WebUIKeywordMain.runKeyword(WebUIKeywordMain.groovy:26)
	at com.kms.katalon.core.webui.keyword.builtin.ClickKeyword.click(ClickKeyword.groovy:86)
	at com.kms.katalon.core.webui.keyword.builtin.ClickKeyword.execute(ClickKeyword.groovy:67)
	at com.kms.katalon.core.keyword.internal.KeywordExecutor.executeKeywordForPlatform(KeywordExecutor.groovy:56)
	at com.kms.katalon.core.webui.keyword.WebUiBuiltInKeywords.click(WebUiBuiltInKeywords.groovy:616)
	at com.kms.katalon.core.webui.keyword.WebUiBuiltInKeywords$click$2.call(Unknown Source)
	at TC0797.run(TC0797:65)
	at com.kms.katalon.core.main.ScriptEngine.run(ScriptEngine.java:194)
	at com.kms.katalon.core.main.ScriptEngine.runScriptAsRawText(ScriptEngine.java:119)
	at com.kms.katalon.core.main.TestCaseExecutor.runScript(TestCaseExecutor.java:336)
	at com.kms.katalon.core.main.TestCaseExecutor.doExecute(TestCaseExecutor.java:327)
	at com.kms.katalon.core.main.TestCaseExecutor.processExecutionPhase(TestCaseExecutor.java:306)
	at com.kms.katalon.core.main.TestCaseExecutor.accessMainPhase(TestCaseExecutor.java:298)
	at com.kms.katalon.core.main.TestCaseExecutor.execute(TestCaseExecutor.java:232)
	at com.kms.katalon.core.main.TestSuiteExecutor.accessTestCaseMainPhase(TestSuiteExecutor.java:129)
	at com.kms.katalon.core.main.TestSuiteExecutor.accessTestSuiteMainPhase(TestSuiteExecutor.java:112)
	at com.kms.katalon.core.main.TestSuiteExecutor.execute(TestSuiteExecutor.java:81)
	at com.kms.katalon.core.main.TestCaseMain.startTestSuite(TestCaseMain.java:157)
	at com.kms.katalon.core.main.TestCaseMain$startTestSuite$0.call(Unknown Source)
	at TempTestSuite1555795243480.run(TempTestSuite1555795243480.groovy:35)
Caused by: com.kms.katalon.core.webui.exception.WebElementNotFoundException: Web element with id: 'Object Repository/Page_KiboPush  Create Broadcast Tem/category' located by 'By.xpath: //*[@id=&quot;content&quot;]/div/div/div/div[2]/div[2]/div[2]/div/div/div[2]/div/div/div/div[1]/div[4]/div[2]/span/span[1]/span/ul/li/input' not found
	at com.kms.katalon.core.webui.common.WebUiCommonHelper.findWebElement(WebUiCommonHelper.java:1097)
	at com.kms.katalon.core.webui.keyword.internal.WebUIAbstractKeyword.findWebElement(WebUIAbstractKeyword.groovy:27)
	at com.kms.katalon.core.webui.keyword.internal.WebUIAbstractKeyword.findWebElement(WebUIAbstractKeyword.groovy:26)
	at com.kms.katalon.core.webui.keyword.builtin.ClickKeyword$_click_closure1.doCall(ClickKeyword.groovy:77)
	at com.kms.katalon.core.webui.keyword.builtin.ClickKeyword$_click_closure1.call(ClickKeyword.groovy)
	at com.kms.katalon.core.webui.keyword.internal.WebUIKeywordMain.runKeyword(WebUIKeywordMain.groovy:20)
	at com.kms.katalon.core.webui.keyword.builtin.ClickKeyword.click(ClickKeyword.groovy:86)
	at com.kms.katalon.core.webui.keyword.builtin.ClickKeyword.execute(ClickKeyword.groovy:67)
	at com.kms.katalon.core.keyword.internal.KeywordExecutor.executeKeywordForPlatform(KeywordExecutor.groovy:56)
	at com.kms.katalon.core.webui.keyword.WebUiBuiltInKeywords.click(WebUiBuiltInKeywords.groovy:616)
	at com.kms.katalon.core.webui.keyword.WebUiBuiltInKeywords$click$2.call(Unknown Source)
	at Script1537079549041.run(Script1537079549041.groovy:65)
	... 13 more
"/>
         <system-out><![CDATA[2019-04-21 02:35:22 - [TEST_CASE][FAILED] - Test Cases/Template testcases/TC0797: Test Cases/Template testcases/TC0797 FAILED.
Reason:
com.kms.katalon.core.exception.StepFailedException: Unable to click on object 'Object Repository/Page_KiboPush  Create Broadcast Tem/category'
	at com.kms.katalon.core.webui.keyword.internal.WebUIKeywordMain.stepFailed(WebUIKeywordMain.groovy:64)
	at com.kms.katalon.core.webui.keyword.internal.WebUIKeywordMain.runKeyword(WebUIKeywordMain.groovy:26)
	at com.kms.katalon.core.webui.keyword.builtin.ClickKeyword.click(ClickKeyword.groovy:86)
	at com.kms.katalon.core.webui.keyword.builtin.ClickKeyword.execute(ClickKeyword.groovy:67)
	at com.kms.katalon.core.keyword.internal.KeywordExecutor.executeKeywordForPlatform(KeywordExecutor.groovy:56)
	at com.kms.katalon.core.webui.keyword.WebUiBuiltInKeywords.click(WebUiBuiltInKeywords.groovy:616)
	at com.kms.katalon.core.webui.keyword.WebUiBuiltInKeywords$click$2.call(Unknown Source)
	at TC0797.run(TC0797:65)
	at com.kms.katalon.core.main.ScriptEngine.run(ScriptEngine.java:194)
	at com.kms.katalon.core.main.ScriptEngine.runScriptAsRawText(ScriptEngine.java:119)
	at com.kms.katalon.core.main.TestCaseExecutor.runScript(TestCaseExecutor.java:336)
	at com.kms.katalon.core.main.TestCaseExecutor.doExecute(TestCaseExecutor.java:327)
	at com.kms.katalon.core.main.TestCaseExecutor.processExecutionPhase(TestCaseExecutor.java:306)
	at com.kms.katalon.core.main.TestCaseExecutor.accessMainPhase(TestCaseExecutor.java:298)
	at com.kms.katalon.core.main.TestCaseExecutor.execute(TestCaseExecutor.java:232)
	at com.kms.katalon.core.main.TestSuiteExecutor.accessTestCaseMainPhase(TestSuiteExecutor.java:129)
	at com.kms.katalon.core.main.TestSuiteExecutor.accessTestSuiteMainPhase(TestSuiteExecutor.java:112)
	at com.kms.katalon.core.main.TestSuiteExecutor.execute(TestSuiteExecutor.java:81)
	at com.kms.katalon.core.main.TestCaseMain.startTestSuite(TestCaseMain.java:157)
	at com.kms.katalon.core.main.TestCaseMain$startTestSuite$0.call(Unknown Source)
	at TempTestSuite1555795243480.run(TempTestSuite1555795243480.groovy:35)
Caused by: com.kms.katalon.core.webui.exception.WebElementNotFoundException: Web element with id: 'Object Repository/Page_KiboPush  Create Broadcast Tem/category' located by 'By.xpath: //*[@id="content"]/div/div/div/div[2]/div[2]/div[2]/div/div/div[2]/div/div/div/div[1]/div[4]/div[2]/span/span[1]/span/ul/li/input' not found
	at com.kms.katalon.core.webui.common.WebUiCommonHelper.findWebElement(WebUiCommonHelper.java:1097)
	at com.kms.katalon.core.webui.keyword.internal.WebUIAbstractKeyword.findWebElement(WebUIAbstractKeyword.groovy:27)
	at com.kms.katalon.core.webui.keyword.internal.WebUIAbstractKeyword.findWebElement(WebUIAbstractKeyword.groovy:26)
	at com.kms.katalon.core.webui.keyword.builtin.ClickKeyword$_click_closure1.doCall(ClickKeyword.groovy:77)
	at com.kms.katalon.core.webui.keyword.builtin.ClickKeyword$_click_closure1.call(ClickKeyword.groovy)
	at com.kms.katalon.core.webui.keyword.internal.WebUIKeywordMain.runKeyword(WebUIKeywordMain.groovy:20)
	at com.kms.katalon.core.webui.keyword.builtin.ClickKeyword.click(ClickKeyword.groovy:86)
	at com.kms.katalon.core.webui.keyword.builtin.ClickKeyword.execute(ClickKeyword.groovy:67)
	at com.kms.katalon.core.keyword.internal.KeywordExecutor.executeKeywordForPlatform(KeywordExecutor.groovy:56)
	at com.kms.katalon.core.webui.keyword.WebUiBuiltInKeywords.click(WebUiBuiltInKeywords.groovy:616)
	at com.kms.katalon.core.webui.keyword.WebUiBuiltInKeywords$click$2.call(Unknown Source)
	at Script1537079549041.run(Script1537079549041.groovy:65)
	... 13 more


2019-04-21 02:35:22 - [TEST_STEP][PASSED] - callTestCase(findTestCase("Template testcases/TC0788"), [:], STOP_ON_FAILURE): Call Test Case 'Test Cases/Template testcases/TC0788' successfully

2019-04-21 02:35:22 - [TEST_CASE][PASSED] - Test Cases/Template testcases/TC0788: Test Cases/Template testcases/TC0788

2019-04-21 02:35:22 - [TEST_STEP][PASSED] - callTestCase(findTestCase("Template testcases/TC0768"), [:], STOP_ON_FAILURE): Call Test Case 'Test Cases/Template testcases/TC0768' successfully

2019-04-21 02:35:22 - [TEST_CASE][PASSED] - Test Cases/Template testcases/TC0768: Test Cases/Template testcases/TC0768

2019-04-21 02:35:22 - [TEST_STEP][PASSED] - callTestCase(findTestCase("s-sidebar_navigation/individualAccount/Template"), [:], STOP_ON_FAILURE): Call Test Case 'Test Cases/s-sidebar_navigation/individualAccount/Template' successfully

2019-04-21 02:35:22 - [TEST_CASE][PASSED] - Test Cases/s-sidebar_navigation/individualAccount/Template: Test Cases/s-sidebar_navigation/individualAccount/Template

2019-04-21 02:35:22 - [TEST_STEP][PASSED] - click(findTestObject("Page_KiboPush  Dashboard/span_Broadcasts")): Object: 'Object Repository/Page_KiboPush  Dashboard/span_Broadcasts' is clicked on

2019-04-21 02:35:22 - [MESSAGE][PASSED] - Object: 'Object Repository/Page_KiboPush  Dashboard/span_Broadcasts' is clicked on

2019-04-21 02:35:22 - [TEST_STEP][PASSED] - delay(1): Delayed 1 second(s)

2019-04-21 02:35:23 - [MESSAGE][PASSED] - Delayed 1 second(s)

2019-04-21 02:35:23 - [TEST_STEP][PASSED] - click(findTestObject("Page_KiboPush  Dashboard/span_Templates")): Object: 'Object Repository/Page_KiboPush  Dashboard/span_Templates' is clicked on

2019-04-21 02:35:24 - [MESSAGE][PASSED] - Object: 'Object Repository/Page_KiboPush  Dashboard/span_Templates' is clicked on

2019-04-21 02:35:24 - [TEST_STEP][PASSED] - delay(3): Delayed 3 second(s)

2019-04-21 02:35:27 - [MESSAGE][PASSED] - Delayed 3 second(s)

2019-04-21 02:35:27 - [TEST_STEP][PASSED] - scrollToPosition(0, 0): Browser is scrolled to position x = 0, y = 0

2019-04-21 02:35:27 - [MESSAGE][PASSED] - Browser is scrolled to position x = 0, y = 0

2019-04-21 02:35:27 - [TEST_STEP][PASSED] - click(findTestObject("Object Repository/Page_KiboEngage  Templates/h3_Templates")): Object: 'Object Repository/Page_KiboEngage  Templates/h3_Templates' is clicked on

2019-04-21 02:35:27 - [MESSAGE][PASSED] - Object: 'Object Repository/Page_KiboEngage  Templates/h3_Templates' is clicked on

2019-04-21 02:35:27 - [TEST_STEP][PASSED] - delay(3): Delayed 3 second(s)

2019-04-21 02:35:30 - [MESSAGE][PASSED] - Delayed 3 second(s)

2019-04-21 02:35:30 - [MESSAGE][PASSED] - Call Test Case 'Test Cases/s-sidebar_navigation/individualAccount/Template' successfully

2019-04-21 02:35:30 - [TEST_STEP][PASSED] - click(findTestObject("Object Repository/Page_KiboPush  Dashboard/button_Create New")): Object: 'Object Repository/Page_KiboPush  Dashboard/button_Create New' is clicked on

2019-04-21 02:35:30 - [MESSAGE][PASSED] - Object: 'Object Repository/Page_KiboPush  Dashboard/button_Create New' is clicked on

2019-04-21 02:35:30 - [TEST_STEP][PASSED] - click(findTestObject("Object Repository/Page_KiboPush  Create Broadcast Tem/h3_Create Broadcast Template")): Object: 'Object Repository/Page_KiboPush  Create Broadcast Tem/h3_Create Broadcast Template' is clicked on

2019-04-21 02:35:30 - [MESSAGE][PASSED] - Object: 'Object Repository/Page_KiboPush  Create Broadcast Tem/h3_Create Broadcast Template' is clicked on

2019-04-21 02:35:30 - [MESSAGE][PASSED] - Call Test Case 'Test Cases/Template testcases/TC0768' successfully

2019-04-21 02:35:30 - [TEST_STEP][PASSED] - click(findTestObject("Page_KiboPush  Create Broadcast Tem/h6_Gallery (1)")): Object: 'Object Repository/Page_KiboPush  Create Broadcast Tem/h6_Gallery (1)' is clicked on

2019-04-21 02:35:30 - [MESSAGE][PASSED] - Object: 'Object Repository/Page_KiboPush  Create Broadcast Tem/h6_Gallery (1)' is clicked on

2019-04-21 02:35:30 - [TEST_STEP][PASSED] - click(findTestObject("Object Repository/Page_KiboEngage  Create Broadcast Template/div_New gallery component added")): Object: 'Object Repository/Page_KiboEngage  Create Broadcast Template/div_New gallery component added' is clicked on

2019-04-21 02:35:31 - [MESSAGE][PASSED] - Object: 'Object Repository/Page_KiboEngage  Create Broadcast Template/div_New gallery component added' is clicked on

2019-04-21 02:35:31 - [MESSAGE][PASSED] - Call Test Case 'Test Cases/Template testcases/TC0788' successfully

2019-04-21 02:35:31 - [TEST_STEP][PASSED] - img = getProjectDir() + "/sample.jpg": null

2019-04-21 02:35:31 - [TEST_STEP][PASSED] - uploadFile(findTestObject("Page_KiboPush  Create Broadcast Tem/gal_img"), img): File '/home/faizan/Drive/KiboPush_Automated_Testing/KiboPush Katalon/sample.jpg' sent to object: 'Object Repository/Page_KiboPush  Create Broadcast Tem/gal_img'

2019-04-21 02:35:31 - [MESSAGE][PASSED] - File '/home/faizan/Drive/KiboPush_Automated_Testing/KiboPush Katalon/sample.jpg' sent to object: 'Object Repository/Page_KiboPush  Create Broadcast Tem/gal_img'

2019-04-21 02:35:31 - [TEST_STEP][PASSED] - delay(10): Delayed 10 second(s)

2019-04-21 02:35:41 - [MESSAGE][PASSED] - Delayed 10 second(s)

2019-04-21 02:35:41 - [TEST_STEP][PASSED] - click(findTestObject("Page_KiboEngage  Create Broadcast Template/svg (5) (1) (1)")): Object: 'Object Repository/Page_KiboEngage  Create Broadcast Template/svg (5) (1) (1)' is clicked on

2019-04-21 02:35:41 - [MESSAGE][PASSED] - Object: 'Object Repository/Page_KiboEngage  Create Broadcast Template/svg (5) (1) (1)' is clicked on

2019-04-21 02:35:41 - [TEST_STEP][PASSED] - delay(3): Delayed 3 second(s)

2019-04-21 02:35:44 - [MESSAGE][PASSED] - Delayed 3 second(s)

2019-04-21 02:35:44 - [TEST_STEP][PASSED] - setText(findTestObject("Object Repository/Page_KiboPush  Create Broadcast Tem/input_form-control (4)"), "hello"): Text 'hello' is set on object 'Object Repository/Page_KiboPush  Create Broadcast Tem/input_form-control (4)'

2019-04-21 02:35:44 - [MESSAGE][PASSED] - Text 'hello' is set on object 'Object Repository/Page_KiboPush  Create Broadcast Tem/input_form-control (4)'

2019-04-21 02:35:44 - [TEST_STEP][PASSED] - setText(findTestObject("Object Repository/Page_KiboPush  Create Broadcast Tem/textarea_form-control (3)"), "h"): Text 'h' is set on object 'Object Repository/Page_KiboPush  Create Broadcast Tem/textarea_form-control (3)'

2019-04-21 02:35:44 - [MESSAGE][PASSED] - Text 'h' is set on object 'Object Repository/Page_KiboPush  Create Broadcast Tem/textarea_form-control (3)'

2019-04-21 02:35:44 - [TEST_STEP][PASSED] - click(findTestObject("Object Repository/Page_KiboPush  Create Broadcast Tem/h6_ Add Button (1)")): Object: 'Object Repository/Page_KiboPush  Create Broadcast Tem/h6_ Add Button (1)' is clicked on

2019-04-21 02:35:44 - [MESSAGE][PASSED] - Object: 'Object Repository/Page_KiboPush  Create Broadcast Tem/h6_ Add Button (1)' is clicked on

2019-04-21 02:35:44 - [TEST_STEP][PASSED] - setText(findTestObject("Object Repository/Page_KiboPush  Create Broadcast Tem/input_form-control_1 (1)"), "google"): Text 'google' is set on object 'Object Repository/Page_KiboPush  Create Broadcast Tem/input_form-control_1 (1)'

2019-04-21 02:35:45 - [MESSAGE][PASSED] - Text 'google' is set on object 'Object Repository/Page_KiboPush  Create Broadcast Tem/input_form-control_1 (1)'

2019-04-21 02:35:45 - [TEST_STEP][PASSED] - click(findTestObject("Object Repository/Page_KiboPush  Create Broadcast Tem/div_Open a website (1)")): Object: 'Object Repository/Page_KiboPush  Create Broadcast Tem/div_Open a website (1)' is clicked on

2019-04-21 02:35:45 - [MESSAGE][PASSED] - Object: 'Object Repository/Page_KiboPush  Create Broadcast Tem/div_Open a website (1)' is clicked on

2019-04-21 02:35:45 - [TEST_STEP][PASSED] - setText(findTestObject("Object Repository/Page_KiboPush  Create Broadcast Tem/input_form-control_2"), "google.com"): Text 'google.com' is set on object 'Object Repository/Page_KiboPush  Create Broadcast Tem/input_form-control_2'

2019-04-21 02:35:45 - [MESSAGE][PASSED] - Text 'google.com' is set on object 'Object Repository/Page_KiboPush  Create Broadcast Tem/input_form-control_2'

2019-04-21 02:35:45 - [TEST_STEP][PASSED] - click(findTestObject("Object Repository/Page_KiboPush  Create Broadcast Tem/button_Done (1)")): Object: 'Object Repository/Page_KiboPush  Create Broadcast Tem/button_Done (1)' is clicked on

2019-04-21 02:35:46 - [MESSAGE][PASSED] - Object: 'Object Repository/Page_KiboPush  Create Broadcast Tem/button_Done (1)' is clicked on

2019-04-21 02:35:46 - [TEST_STEP][PASSED] - delay(1): Delayed 1 second(s)

2019-04-21 02:35:47 - [MESSAGE][PASSED] - Delayed 1 second(s)

2019-04-21 02:35:47 - [TEST_STEP][PASSED] - click(findTestObject("Object Repository/Page_KiboPush  Create Broadcast Tem/h6_ Add Button (1)")): Object: 'Object Repository/Page_KiboPush  Create Broadcast Tem/h6_ Add Button (1)' is clicked on

2019-04-21 02:35:47 - [MESSAGE][PASSED] - Object: 'Object Repository/Page_KiboPush  Create Broadcast Tem/h6_ Add Button (1)' is clicked on

2019-04-21 02:35:47 - [TEST_STEP][PASSED] - setText(findTestObject("Object Repository/Page_KiboPush  Create Broadcast Tem/input_form-control_1 (1)"), "google"): Text 'google' is set on object 'Object Repository/Page_KiboPush  Create Broadcast Tem/input_form-control_1 (1)'

2019-04-21 02:35:47 - [MESSAGE][PASSED] - Text 'google' is set on object 'Object Repository/Page_KiboPush  Create Broadcast Tem/input_form-control_1 (1)'

2019-04-21 02:35:47 - [TEST_STEP][PASSED] - click(findTestObject("Object Repository/Page_KiboPush  Create Broadcast Tem/div_Open a website (1)")): Object: 'Object Repository/Page_KiboPush  Create Broadcast Tem/div_Open a website (1)' is clicked on

2019-04-21 02:35:47 - [MESSAGE][PASSED] - Object: 'Object Repository/Page_KiboPush  Create Broadcast Tem/div_Open a website (1)' is clicked on

2019-04-21 02:35:47 - [TEST_STEP][PASSED] - setText(findTestObject("Object Repository/Page_KiboPush  Create Broadcast Tem/input_form-control_2"), "google.com"): Text 'google.com' is set on object 'Object Repository/Page_KiboPush  Create Broadcast Tem/input_form-control_2'

2019-04-21 02:35:48 - [MESSAGE][PASSED] - Text 'google.com' is set on object 'Object Repository/Page_KiboPush  Create Broadcast Tem/input_form-control_2'

2019-04-21 02:35:48 - [TEST_STEP][PASSED] - click(findTestObject("Object Repository/Page_KiboPush  Create Broadcast Tem/button_Done (1)")): Object: 'Object Repository/Page_KiboPush  Create Broadcast Tem/button_Done (1)' is clicked on

2019-04-21 02:35:48 - [MESSAGE][PASSED] - Object: 'Object Repository/Page_KiboPush  Create Broadcast Tem/button_Done (1)' is clicked on

2019-04-21 02:35:48 - [TEST_STEP][PASSED] - delay(1): Delayed 1 second(s)

2019-04-21 02:35:49 - [MESSAGE][PASSED] - Delayed 1 second(s)

2019-04-21 02:35:49 - [TEST_STEP][PASSED] - scrollToPosition(0, 0): Browser is scrolled to position x = 0, y = 0

2019-04-21 02:35:49 - [MESSAGE][PASSED] - Browser is scrolled to position x = 0, y = 0

2019-04-21 02:35:49 - [TEST_STEP][FAILED] - click(findTestObject("Page_KiboPush  Create Broadcast Tem/category")): Unable to click on object 'Object Repository/Page_KiboPush  Create Broadcast Tem/category' (Root cause: com.kms.katalon.core.exception.StepFailedException: Unable to click on object 'Object Repository/Page_KiboPush  Create Broadcast Tem/category'
	at com.kms.katalon.core.webui.keyword.internal.WebUIKeywordMain.stepFailed(WebUIKeywordMain.groovy:64)
	at com.kms.katalon.core.webui.keyword.internal.WebUIKeywordMain.runKeyword(WebUIKeywordMain.groovy:26)
	at com.kms.katalon.core.webui.keyword.builtin.ClickKeyword.click(ClickKeyword.groovy:86)
	at com.kms.katalon.core.webui.keyword.builtin.ClickKeyword.execute(ClickKeyword.groovy:67)
	at com.kms.katalon.core.keyword.internal.KeywordExecutor.executeKeywordForPlatform(KeywordExecutor.groovy:56)
	at com.kms.katalon.core.webui.keyword.WebUiBuiltInKeywords.click(WebUiBuiltInKeywords.groovy:616)
	at com.kms.katalon.core.webui.keyword.WebUiBuiltInKeywords$click$2.call(Unknown Source)
	at TC0797.run(TC0797:65)
	at com.kms.katalon.core.main.ScriptEngine.run(ScriptEngine.java:194)
	at com.kms.katalon.core.main.ScriptEngine.runScriptAsRawText(ScriptEngine.java:119)
	at com.kms.katalon.core.main.TestCaseExecutor.runScript(TestCaseExecutor.java:336)
	at com.kms.katalon.core.main.TestCaseExecutor.doExecute(TestCaseExecutor.java:327)
	at com.kms.katalon.core.main.TestCaseExecutor.processExecutionPhase(TestCaseExecutor.java:306)
	at com.kms.katalon.core.main.TestCaseExecutor.accessMainPhase(TestCaseExecutor.java:298)
	at com.kms.katalon.core.main.TestCaseExecutor.execute(TestCaseExecutor.java:232)
	at com.kms.katalon.core.main.TestSuiteExecutor.accessTestCaseMainPhase(TestSuiteExecutor.java:129)
	at com.kms.katalon.core.main.TestSuiteExecutor.accessTestSuiteMainPhase(TestSuiteExecutor.java:112)
	at com.kms.katalon.core.main.TestSuiteExecutor.execute(TestSuiteExecutor.java:81)
	at com.kms.katalon.core.main.TestCaseMain.startTestSuite(TestCaseMain.java:157)
	at com.kms.katalon.core.main.TestCaseMain$startTestSuite$0.call(Unknown Source)
	at TempTestSuite1555795243480.run(TempTestSuite1555795243480.groovy:35)
Caused by: com.kms.katalon.core.webui.exception.WebElementNotFoundException: Web element with id: 'Object Repository/Page_KiboPush  Create Broadcast Tem/category' located by 'By.xpath: //*[@id="content"]/div/div/div/div[2]/div[2]/div[2]/div/div/div[2]/div/div/div/div[1]/div[4]/div[2]/span/span[1]/span/ul/li/input' not found
	at com.kms.katalon.core.webui.common.WebUiCommonHelper.findWebElement(WebUiCommonHelper.java:1097)
	at com.kms.katalon.core.webui.keyword.internal.WebUIAbstractKeyword.findWebElement(WebUIAbstractKeyword.groovy:27)
	at com.kms.katalon.core.webui.keyword.internal.WebUIAbstractKeyword.findWebElement(WebUIAbstractKeyword.groovy:26)
	at com.kms.katalon.core.webui.keyword.builtin.ClickKeyword$_click_closure1.doCall(ClickKeyword.groovy:77)
	at com.kms.katalon.core.webui.keyword.builtin.ClickKeyword$_click_closure1.call(ClickKeyword.groovy)
	at com.kms.katalon.core.webui.keyword.internal.WebUIKeywordMain.runKeyword(WebUIKeywordMain.groovy:20)
	at com.kms.katalon.core.webui.keyword.builtin.ClickKeyword.click(ClickKeyword.groovy:86)
	at com.kms.katalon.core.webui.keyword.builtin.ClickKeyword.execute(ClickKeyword.groovy:67)
	at com.kms.katalon.core.keyword.internal.KeywordExecutor.executeKeywordForPlatform(KeywordExecutor.groovy:56)
	at com.kms.katalon.core.webui.keyword.WebUiBuiltInKeywords.click(WebUiBuiltInKeywords.groovy:616)
	at com.kms.katalon.core.webui.keyword.WebUiBuiltInKeywords$click$2.call(Unknown Source)
	at Script1537079549041.run(Script1537079549041.groovy:65)
	... 13 more
)

2019-04-21 02:36:20 - [MESSAGE][INFO] - Unable to find the element located by 'By.xpath: //*[@id="content"]/div/div/div/div[2]/div[2]/div[2]/div/div/div[2]/div/div/div/div[1]/div[4]/div[2]/span/span[1]/span/ul/li/input'. Please recheck the objects properties to make sure the desired element is located. 

2019-04-21 02:36:20 - [MESSAGE][FAILED] - Unable to click on object 'Object Repository/Page_KiboPush  Create Broadcast Tem/category' (Root cause: com.kms.katalon.core.exception.StepFailedException: Unable to click on object 'Object Repository/Page_KiboPush  Create Broadcast Tem/category'
	at com.kms.katalon.core.webui.keyword.internal.WebUIKeywordMain.stepFailed(WebUIKeywordMain.groovy:64)
	at com.kms.katalon.core.webui.keyword.internal.WebUIKeywordMain.runKeyword(WebUIKeywordMain.groovy:26)
	at com.kms.katalon.core.webui.keyword.builtin.ClickKeyword.click(ClickKeyword.groovy:86)
	at com.kms.katalon.core.webui.keyword.builtin.ClickKeyword.execute(ClickKeyword.groovy:67)
	at com.kms.katalon.core.keyword.internal.KeywordExecutor.executeKeywordForPlatform(KeywordExecutor.groovy:56)
	at com.kms.katalon.core.webui.keyword.WebUiBuiltInKeywords.click(WebUiBuiltInKeywords.groovy:616)
	at com.kms.katalon.core.webui.keyword.WebUiBuiltInKeywords$click$2.call(Unknown Source)
	at TC0797.run(TC0797:65)
	at com.kms.katalon.core.main.ScriptEngine.run(ScriptEngine.java:194)
	at com.kms.katalon.core.main.ScriptEngine.runScriptAsRawText(ScriptEngine.java:119)
	at com.kms.katalon.core.main.TestCaseExecutor.runScript(TestCaseExecutor.java:336)
	at com.kms.katalon.core.main.TestCaseExecutor.doExecute(TestCaseExecutor.java:327)
	at com.kms.katalon.core.main.TestCaseExecutor.processExecutionPhase(TestCaseExecutor.java:306)
	at com.kms.katalon.core.main.TestCaseExecutor.accessMainPhase(TestCaseExecutor.java:298)
	at com.kms.katalon.core.main.TestCaseExecutor.execute(TestCaseExecutor.java:232)
	at com.kms.katalon.core.main.TestSuiteExecutor.accessTestCaseMainPhase(TestSuiteExecutor.java:129)
	at com.kms.katalon.core.main.TestSuiteExecutor.accessTestSuiteMainPhase(TestSuiteExecutor.java:112)
	at com.kms.katalon.core.main.TestSuiteExecutor.execute(TestSuiteExecutor.java:81)
	at com.kms.katalon.core.main.TestCaseMain.startTestSuite(TestCaseMain.java:157)
	at com.kms.katalon.core.main.TestCaseMain$startTestSuite$0.call(Unknown Source)
	at TempTestSuite1555795243480.run(TempTestSuite1555795243480.groovy:35)
Caused by: com.kms.katalon.core.webui.exception.WebElementNotFoundException: Web element with id: 'Object Repository/Page_KiboPush  Create Broadcast Tem/category' located by 'By.xpath: //*[@id="content"]/div/div/div/div[2]/div[2]/div[2]/div/div/div[2]/div/div/div/div[1]/div[4]/div[2]/span/span[1]/span/ul/li/input' not found
	at com.kms.katalon.core.webui.common.WebUiCommonHelper.findWebElement(WebUiCommonHelper.java:1097)
	at com.kms.katalon.core.webui.keyword.internal.WebUIAbstractKeyword.findWebElement(WebUIAbstractKeyword.groovy:27)
	at com.kms.katalon.core.webui.keyword.internal.WebUIAbstractKeyword.findWebElement(WebUIAbstractKeyword.groovy:26)
	at com.kms.katalon.core.webui.keyword.builtin.ClickKeyword$_click_closure1.doCall(ClickKeyword.groovy:77)
	at com.kms.katalon.core.webui.keyword.builtin.ClickKeyword$_click_closure1.call(ClickKeyword.groovy)
	at com.kms.katalon.core.webui.keyword.internal.WebUIKeywordMain.runKeyword(WebUIKeywordMain.groovy:20)
	at com.kms.katalon.core.webui.keyword.builtin.ClickKeyword.click(ClickKeyword.groovy:86)
	at com.kms.katalon.core.webui.keyword.builtin.ClickKeyword.execute(ClickKeyword.groovy:67)
	at com.kms.katalon.core.keyword.internal.KeywordExecutor.executeKeywordForPlatform(KeywordExecutor.groovy:56)
	at com.kms.katalon.core.webui.keyword.WebUiBuiltInKeywords.click(WebUiBuiltInKeywords.groovy:616)
	at com.kms.katalon.core.webui.keyword.WebUiBuiltInKeywords$click$2.call(Unknown Source)
	at Script1537079549041.run(Script1537079549041.groovy:65)
	... 13 more
)
[[ATTACHMENT|/home/faizan/Drive/KiboPush_Automated_Testing/KiboPush Katalon/Reports/Faizan Suits/Template/20190421_022043/1555796180515.png]]]]></system-out>
         <system-err><![CDATA[2019-04-21 02:35:22 - [TEST_CASE][FAILED] - Test Cases/Template testcases/TC0797: Test Cases/Template testcases/TC0797 FAILED.
Reason:
com.kms.katalon.core.exception.StepFailedException: Unable to click on object 'Object Repository/Page_KiboPush  Create Broadcast Tem/category'
	at com.kms.katalon.core.webui.keyword.internal.WebUIKeywordMain.stepFailed(WebUIKeywordMain.groovy:64)
	at com.kms.katalon.core.webui.keyword.internal.WebUIKeywordMain.runKeyword(WebUIKeywordMain.groovy:26)
	at com.kms.katalon.core.webui.keyword.builtin.ClickKeyword.click(ClickKeyword.groovy:86)
	at com.kms.katalon.core.webui.keyword.builtin.ClickKeyword.execute(ClickKeyword.groovy:67)
	at com.kms.katalon.core.keyword.internal.KeywordExecutor.executeKeywordForPlatform(KeywordExecutor.groovy:56)
	at com.kms.katalon.core.webui.keyword.WebUiBuiltInKeywords.click(WebUiBuiltInKeywords.groovy:616)
	at com.kms.katalon.core.webui.keyword.WebUiBuiltInKeywords$click$2.call(Unknown Source)
	at TC0797.run(TC0797:65)
	at com.kms.katalon.core.main.ScriptEngine.run(ScriptEngine.java:194)
	at com.kms.katalon.core.main.ScriptEngine.runScriptAsRawText(ScriptEngine.java:119)
	at com.kms.katalon.core.main.TestCaseExecutor.runScript(TestCaseExecutor.java:336)
	at com.kms.katalon.core.main.TestCaseExecutor.doExecute(TestCaseExecutor.java:327)
	at com.kms.katalon.core.main.TestCaseExecutor.processExecutionPhase(TestCaseExecutor.java:306)
	at com.kms.katalon.core.main.TestCaseExecutor.accessMainPhase(TestCaseExecutor.java:298)
	at com.kms.katalon.core.main.TestCaseExecutor.execute(TestCaseExecutor.java:232)
	at com.kms.katalon.core.main.TestSuiteExecutor.accessTestCaseMainPhase(TestSuiteExecutor.java:129)
	at com.kms.katalon.core.main.TestSuiteExecutor.accessTestSuiteMainPhase(TestSuiteExecutor.java:112)
	at com.kms.katalon.core.main.TestSuiteExecutor.execute(TestSuiteExecutor.java:81)
	at com.kms.katalon.core.main.TestCaseMain.startTestSuite(TestCaseMain.java:157)
	at com.kms.katalon.core.main.TestCaseMain$startTestSuite$0.call(Unknown Source)
	at TempTestSuite1555795243480.run(TempTestSuite1555795243480.groovy:35)
Caused by: com.kms.katalon.core.webui.exception.WebElementNotFoundException: Web element with id: 'Object Repository/Page_KiboPush  Create Broadcast Tem/category' located by 'By.xpath: //*[@id="content"]/div/div/div/div[2]/div[2]/div[2]/div/div/div[2]/div/div/div/div[1]/div[4]/div[2]/span/span[1]/span/ul/li/input' not found
	at com.kms.katalon.core.webui.common.WebUiCommonHelper.findWebElement(WebUiCommonHelper.java:1097)
	at com.kms.katalon.core.webui.keyword.internal.WebUIAbstractKeyword.findWebElement(WebUIAbstractKeyword.groovy:27)
	at com.kms.katalon.core.webui.keyword.internal.WebUIAbstractKeyword.findWebElement(WebUIAbstractKeyword.groovy:26)
	at com.kms.katalon.core.webui.keyword.builtin.ClickKeyword$_click_closure1.doCall(ClickKeyword.groovy:77)
	at com.kms.katalon.core.webui.keyword.builtin.ClickKeyword$_click_closure1.call(ClickKeyword.groovy)
	at com.kms.katalon.core.webui.keyword.internal.WebUIKeywordMain.runKeyword(WebUIKeywordMain.groovy:20)
	at com.kms.katalon.core.webui.keyword.builtin.ClickKeyword.click(ClickKeyword.groovy:86)
	at com.kms.katalon.core.webui.keyword.builtin.ClickKeyword.execute(ClickKeyword.groovy:67)
	at com.kms.katalon.core.keyword.internal.KeywordExecutor.executeKeywordForPlatform(KeywordExecutor.groovy:56)
	at com.kms.katalon.core.webui.keyword.WebUiBuiltInKeywords.click(WebUiBuiltInKeywords.groovy:616)
	at com.kms.katalon.core.webui.keyword.WebUiBuiltInKeywords$click$2.call(Unknown Source)
	at Script1537079549041.run(Script1537079549041.groovy:65)
	... 13 more]]></system-err>
      </testcase>
      <testcase name="Test Cases/Template testcases/TC0798" classname="Test Cases/Template testcases/TC0798" status="FAILED">
         <failure type="FAILED" message="Test Cases/Template testcases/TC0798 FAILED.
Reason:
com.kms.katalon.core.exception.StepFailedException: Actual object '1' and expected object '0' are not equal
	at com.kms.katalon.core.keyword.builtin.VerifyEqualKeyword$_verifyEqual_closure1.doCall(VerifyEqualKeyword.groovy:58)
	at com.kms.katalon.core.keyword.builtin.VerifyEqualKeyword$_verifyEqual_closure1.call(VerifyEqualKeyword.groovy)
	at com.kms.katalon.core.keyword.internal.KeywordMain.runKeyword(KeywordMain.groovy:66)
	at com.kms.katalon.core.keyword.builtin.VerifyEqualKeyword.verifyEqual(VerifyEqualKeyword.groovy:63)
	at com.kms.katalon.core.keyword.builtin.VerifyEqualKeyword.execute(VerifyEqualKeyword.groovy:44)
	at com.kms.katalon.core.keyword.internal.KeywordExecutor.executeKeywordForPlatform(KeywordExecutor.groovy:56)
	at com.kms.katalon.core.keyword.BuiltinKeywords.verifyEqual(BuiltinKeywords.groovy:141)
	at TC0798.run(TC0798:44)
	at com.kms.katalon.core.main.ScriptEngine.run(ScriptEngine.java:194)
	at com.kms.katalon.core.main.ScriptEngine.runScriptAsRawText(ScriptEngine.java:119)
	at com.kms.katalon.core.main.TestCaseExecutor.runScript(TestCaseExecutor.java:336)
	at com.kms.katalon.core.main.TestCaseExecutor.doExecute(TestCaseExecutor.java:327)
	at com.kms.katalon.core.main.TestCaseExecutor.processExecutionPhase(TestCaseExecutor.java:306)
	at com.kms.katalon.core.main.TestCaseExecutor.accessMainPhase(TestCaseExecutor.java:298)
	at com.kms.katalon.core.main.TestCaseExecutor.execute(TestCaseExecutor.java:232)
	at com.kms.katalon.core.main.TestSuiteExecutor.accessTestCaseMainPhase(TestSuiteExecutor.java:129)
	at com.kms.katalon.core.main.TestSuiteExecutor.accessTestSuiteMainPhase(TestSuiteExecutor.java:112)
	at com.kms.katalon.core.main.TestSuiteExecutor.execute(TestSuiteExecutor.java:81)
	at com.kms.katalon.core.main.TestCaseMain.startTestSuite(TestCaseMain.java:157)
	at com.kms.katalon.core.main.TestCaseMain$startTestSuite$0.call(Unknown Source)
	at TempTestSuite1555795243480.run(TempTestSuite1555795243480.groovy:35)
"/>
         <system-out><![CDATA[2019-04-21 02:36:20 - [TEST_CASE][FAILED] - Test Cases/Template testcases/TC0798: Test Cases/Template testcases/TC0798 FAILED.
Reason:
com.kms.katalon.core.exception.StepFailedException: Actual object '1' and expected object '0' are not equal
	at com.kms.katalon.core.keyword.builtin.VerifyEqualKeyword$_verifyEqual_closure1.doCall(VerifyEqualKeyword.groovy:58)
	at com.kms.katalon.core.keyword.builtin.VerifyEqualKeyword$_verifyEqual_closure1.call(VerifyEqualKeyword.groovy)
	at com.kms.katalon.core.keyword.internal.KeywordMain.runKeyword(KeywordMain.groovy:66)
	at com.kms.katalon.core.keyword.builtin.VerifyEqualKeyword.verifyEqual(VerifyEqualKeyword.groovy:63)
	at com.kms.katalon.core.keyword.builtin.VerifyEqualKeyword.execute(VerifyEqualKeyword.groovy:44)
	at com.kms.katalon.core.keyword.internal.KeywordExecutor.executeKeywordForPlatform(KeywordExecutor.groovy:56)
	at com.kms.katalon.core.keyword.BuiltinKeywords.verifyEqual(BuiltinKeywords.groovy:141)
	at TC0798.run(TC0798:44)
	at com.kms.katalon.core.main.ScriptEngine.run(ScriptEngine.java:194)
	at com.kms.katalon.core.main.ScriptEngine.runScriptAsRawText(ScriptEngine.java:119)
	at com.kms.katalon.core.main.TestCaseExecutor.runScript(TestCaseExecutor.java:336)
	at com.kms.katalon.core.main.TestCaseExecutor.doExecute(TestCaseExecutor.java:327)
	at com.kms.katalon.core.main.TestCaseExecutor.processExecutionPhase(TestCaseExecutor.java:306)
	at com.kms.katalon.core.main.TestCaseExecutor.accessMainPhase(TestCaseExecutor.java:298)
	at com.kms.katalon.core.main.TestCaseExecutor.execute(TestCaseExecutor.java:232)
	at com.kms.katalon.core.main.TestSuiteExecutor.accessTestCaseMainPhase(TestSuiteExecutor.java:129)
	at com.kms.katalon.core.main.TestSuiteExecutor.accessTestSuiteMainPhase(TestSuiteExecutor.java:112)
	at com.kms.katalon.core.main.TestSuiteExecutor.execute(TestSuiteExecutor.java:81)
	at com.kms.katalon.core.main.TestCaseMain.startTestSuite(TestCaseMain.java:157)
	at com.kms.katalon.core.main.TestCaseMain$startTestSuite$0.call(Unknown Source)
	at TempTestSuite1555795243480.run(TempTestSuite1555795243480.groovy:35)


2019-04-21 02:36:21 - [TEST_STEP][PASSED] - callTestCase(findTestCase("Template testcases/TC0788"), [:], STOP_ON_FAILURE): Call Test Case 'Test Cases/Template testcases/TC0788' successfully

2019-04-21 02:36:21 - [TEST_CASE][PASSED] - Test Cases/Template testcases/TC0788: Test Cases/Template testcases/TC0788

2019-04-21 02:36:21 - [TEST_STEP][PASSED] - callTestCase(findTestCase("Template testcases/TC0768"), [:], STOP_ON_FAILURE): Call Test Case 'Test Cases/Template testcases/TC0768' successfully

2019-04-21 02:36:21 - [TEST_CASE][PASSED] - Test Cases/Template testcases/TC0768: Test Cases/Template testcases/TC0768

2019-04-21 02:36:21 - [TEST_STEP][PASSED] - callTestCase(findTestCase("s-sidebar_navigation/individualAccount/Template"), [:], STOP_ON_FAILURE): Call Test Case 'Test Cases/s-sidebar_navigation/individualAccount/Template' successfully

2019-04-21 02:36:21 - [TEST_CASE][PASSED] - Test Cases/s-sidebar_navigation/individualAccount/Template: Test Cases/s-sidebar_navigation/individualAccount/Template

2019-04-21 02:36:21 - [TEST_STEP][PASSED] - click(findTestObject("Page_KiboPush  Dashboard/span_Broadcasts")): Object: 'Object Repository/Page_KiboPush  Dashboard/span_Broadcasts' is clicked on

2019-04-21 02:36:21 - [MESSAGE][PASSED] - Object: 'Object Repository/Page_KiboPush  Dashboard/span_Broadcasts' is clicked on

2019-04-21 02:36:21 - [TEST_STEP][PASSED] - delay(1): Delayed 1 second(s)

2019-04-21 02:36:22 - [MESSAGE][PASSED] - Delayed 1 second(s)

2019-04-21 02:36:22 - [TEST_STEP][PASSED] - click(findTestObject("Page_KiboPush  Dashboard/span_Templates")): Object: 'Object Repository/Page_KiboPush  Dashboard/span_Templates' is clicked on

2019-04-21 02:36:23 - [MESSAGE][PASSED] - Object: 'Object Repository/Page_KiboPush  Dashboard/span_Templates' is clicked on

2019-04-21 02:36:23 - [TEST_STEP][PASSED] - delay(3): Delayed 3 second(s)

2019-04-21 02:36:26 - [MESSAGE][PASSED] - Delayed 3 second(s)

2019-04-21 02:36:26 - [TEST_STEP][PASSED] - scrollToPosition(0, 0): Browser is scrolled to position x = 0, y = 0

2019-04-21 02:36:26 - [MESSAGE][PASSED] - Browser is scrolled to position x = 0, y = 0

2019-04-21 02:36:26 - [TEST_STEP][PASSED] - click(findTestObject("Object Repository/Page_KiboEngage  Templates/h3_Templates")): Object: 'Object Repository/Page_KiboEngage  Templates/h3_Templates' is clicked on

2019-04-21 02:36:26 - [MESSAGE][PASSED] - Object: 'Object Repository/Page_KiboEngage  Templates/h3_Templates' is clicked on

2019-04-21 02:36:26 - [TEST_STEP][PASSED] - delay(3): Delayed 3 second(s)

2019-04-21 02:36:29 - [MESSAGE][PASSED] - Delayed 3 second(s)

2019-04-21 02:36:29 - [MESSAGE][PASSED] - Call Test Case 'Test Cases/s-sidebar_navigation/individualAccount/Template' successfully

2019-04-21 02:36:29 - [TEST_STEP][PASSED] - click(findTestObject("Object Repository/Page_KiboPush  Dashboard/button_Create New")): Object: 'Object Repository/Page_KiboPush  Dashboard/button_Create New' is clicked on

2019-04-21 02:36:29 - [MESSAGE][PASSED] - Object: 'Object Repository/Page_KiboPush  Dashboard/button_Create New' is clicked on

2019-04-21 02:36:29 - [TEST_STEP][PASSED] - click(findTestObject("Object Repository/Page_KiboPush  Create Broadcast Tem/h3_Create Broadcast Template")): Object: 'Object Repository/Page_KiboPush  Create Broadcast Tem/h3_Create Broadcast Template' is clicked on

2019-04-21 02:36:29 - [MESSAGE][PASSED] - Object: 'Object Repository/Page_KiboPush  Create Broadcast Tem/h3_Create Broadcast Template' is clicked on

2019-04-21 02:36:29 - [MESSAGE][PASSED] - Call Test Case 'Test Cases/Template testcases/TC0768' successfully

2019-04-21 02:36:29 - [TEST_STEP][PASSED] - click(findTestObject("Page_KiboPush  Create Broadcast Tem/h6_Gallery (1)")): Object: 'Object Repository/Page_KiboPush  Create Broadcast Tem/h6_Gallery (1)' is clicked on

2019-04-21 02:36:30 - [MESSAGE][PASSED] - Object: 'Object Repository/Page_KiboPush  Create Broadcast Tem/h6_Gallery (1)' is clicked on

2019-04-21 02:36:30 - [TEST_STEP][PASSED] - click(findTestObject("Object Repository/Page_KiboEngage  Create Broadcast Template/div_New gallery component added")): Object: 'Object Repository/Page_KiboEngage  Create Broadcast Template/div_New gallery component added' is clicked on

2019-04-21 02:36:30 - [MESSAGE][PASSED] - Object: 'Object Repository/Page_KiboEngage  Create Broadcast Template/div_New gallery component added' is clicked on

2019-04-21 02:36:30 - [MESSAGE][PASSED] - Call Test Case 'Test Cases/Template testcases/TC0788' successfully

2019-04-21 02:36:30 - [TEST_STEP][PASSED] - delay(2): Delayed 2 second(s)

2019-04-21 02:36:32 - [MESSAGE][PASSED] - Delayed 2 second(s)

2019-04-21 02:36:32 - [TEST_STEP][PASSED] - driver = getWebDriver(): null

2019-04-21 02:36:32 - [TEST_STEP][PASSED] - rows_table = driver.findElements(By.xpath("//*[@id="List1"]/div/div/div[3]/div/div[2]/div/div")): null

2019-04-21 02:36:32 - [TEST_STEP][PASSED] - rows_count_before = rows_table.size(): null

2019-04-21 02:36:32 - [TEST_STEP][PASSED] - click(findTestObject("Object Repository/Page_KiboPush  Create Broadcast Tem/span_Add")): Object: 'Object Repository/Page_KiboPush  Create Broadcast Tem/span_Add' is clicked on

2019-04-21 02:36:32 - [MESSAGE][PASSED] - Object: 'Object Repository/Page_KiboPush  Create Broadcast Tem/span_Add' is clicked on

2019-04-21 02:36:32 - [TEST_STEP][PASSED] - delay(2): Delayed 2 second(s)

2019-04-21 02:36:34 - [MESSAGE][PASSED] - Delayed 2 second(s)

2019-04-21 02:36:34 - [TEST_STEP][PASSED] - rows_table = driver.findElements(By.xpath("//*[@id="List1"]/div/div/div[3]/div/div[2]/div/div")): null

2019-04-21 02:36:34 - [TEST_STEP][PASSED] - rows_count_after = rows_table.size(): null

2019-04-21 02:36:34 - [TEST_STEP][FAILED] - verifyEqual(rows_count_before + 1, rows_count_after): Unable to verify equal between actual object '1' and expected object '0' (Root cause: com.kms.katalon.core.exception.StepFailedException: Actual object '1' and expected object '0' are not equal
	at com.kms.katalon.core.keyword.builtin.VerifyEqualKeyword$_verifyEqual_closure1.doCall(VerifyEqualKeyword.groovy:58)
	at com.kms.katalon.core.keyword.builtin.VerifyEqualKeyword$_verifyEqual_closure1.call(VerifyEqualKeyword.groovy)
	at com.kms.katalon.core.keyword.internal.KeywordMain.runKeyword(KeywordMain.groovy:66)
	at com.kms.katalon.core.keyword.builtin.VerifyEqualKeyword.verifyEqual(VerifyEqualKeyword.groovy:63)
	at com.kms.katalon.core.keyword.builtin.VerifyEqualKeyword.execute(VerifyEqualKeyword.groovy:44)
	at com.kms.katalon.core.keyword.internal.KeywordExecutor.executeKeywordForPlatform(KeywordExecutor.groovy:56)
	at com.kms.katalon.core.keyword.BuiltinKeywords.verifyEqual(BuiltinKeywords.groovy:141)
	at TC0798.run(TC0798:44)
	at com.kms.katalon.core.main.ScriptEngine.run(ScriptEngine.java:194)
	at com.kms.katalon.core.main.ScriptEngine.runScriptAsRawText(ScriptEngine.java:119)
	at com.kms.katalon.core.main.TestCaseExecutor.runScript(TestCaseExecutor.java:336)
	at com.kms.katalon.core.main.TestCaseExecutor.doExecute(TestCaseExecutor.java:327)
	at com.kms.katalon.core.main.TestCaseExecutor.processExecutionPhase(TestCaseExecutor.java:306)
	at com.kms.katalon.core.main.TestCaseExecutor.accessMainPhase(TestCaseExecutor.java:298)
	at com.kms.katalon.core.main.TestCaseExecutor.execute(TestCaseExecutor.java:232)
	at com.kms.katalon.core.main.TestSuiteExecutor.accessTestCaseMainPhase(TestSuiteExecutor.java:129)
	at com.kms.katalon.core.main.TestSuiteExecutor.accessTestSuiteMainPhase(TestSuiteExecutor.java:112)
	at com.kms.katalon.core.main.TestSuiteExecutor.execute(TestSuiteExecutor.java:81)
	at com.kms.katalon.core.main.TestCaseMain.startTestSuite(TestCaseMain.java:157)
	at com.kms.katalon.core.main.TestCaseMain$startTestSuite$0.call(Unknown Source)
	at TempTestSuite1555795243480.run(TempTestSuite1555795243480.groovy:35)
)

2019-04-21 02:36:34 - [MESSAGE][FAILED] - Unable to verify equal between actual object '1' and expected object '0' (Root cause: com.kms.katalon.core.exception.StepFailedException: Actual object '1' and expected object '0' are not equal
	at com.kms.katalon.core.keyword.builtin.VerifyEqualKeyword$_verifyEqual_closure1.doCall(VerifyEqualKeyword.groovy:58)
	at com.kms.katalon.core.keyword.builtin.VerifyEqualKeyword$_verifyEqual_closure1.call(VerifyEqualKeyword.groovy)
	at com.kms.katalon.core.keyword.internal.KeywordMain.runKeyword(KeywordMain.groovy:66)
	at com.kms.katalon.core.keyword.builtin.VerifyEqualKeyword.verifyEqual(VerifyEqualKeyword.groovy:63)
	at com.kms.katalon.core.keyword.builtin.VerifyEqualKeyword.execute(VerifyEqualKeyword.groovy:44)
	at com.kms.katalon.core.keyword.internal.KeywordExecutor.executeKeywordForPlatform(KeywordExecutor.groovy:56)
	at com.kms.katalon.core.keyword.BuiltinKeywords.verifyEqual(BuiltinKeywords.groovy:141)
	at TC0798.run(TC0798:44)
	at com.kms.katalon.core.main.ScriptEngine.run(ScriptEngine.java:194)
	at com.kms.katalon.core.main.ScriptEngine.runScriptAsRawText(ScriptEngine.java:119)
	at com.kms.katalon.core.main.TestCaseExecutor.runScript(TestCaseExecutor.java:336)
	at com.kms.katalon.core.main.TestCaseExecutor.doExecute(TestCaseExecutor.java:327)
	at com.kms.katalon.core.main.TestCaseExecutor.processExecutionPhase(TestCaseExecutor.java:306)
	at com.kms.katalon.core.main.TestCaseExecutor.accessMainPhase(TestCaseExecutor.java:298)
	at com.kms.katalon.core.main.TestCaseExecutor.execute(TestCaseExecutor.java:232)
	at com.kms.katalon.core.main.TestSuiteExecutor.accessTestCaseMainPhase(TestSuiteExecutor.java:129)
	at com.kms.katalon.core.main.TestSuiteExecutor.accessTestSuiteMainPhase(TestSuiteExecutor.java:112)
	at com.kms.katalon.core.main.TestSuiteExecutor.execute(TestSuiteExecutor.java:81)
	at com.kms.katalon.core.main.TestCaseMain.startTestSuite(TestCaseMain.java:157)
	at com.kms.katalon.core.main.TestCaseMain$startTestSuite$0.call(Unknown Source)
	at TempTestSuite1555795243480.run(TempTestSuite1555795243480.groovy:35)
)]]></system-out>
         <system-err><![CDATA[2019-04-21 02:36:20 - [TEST_CASE][FAILED] - Test Cases/Template testcases/TC0798: Test Cases/Template testcases/TC0798 FAILED.
Reason:
com.kms.katalon.core.exception.StepFailedException: Actual object '1' and expected object '0' are not equal
	at com.kms.katalon.core.keyword.builtin.VerifyEqualKeyword$_verifyEqual_closure1.doCall(VerifyEqualKeyword.groovy:58)
	at com.kms.katalon.core.keyword.builtin.VerifyEqualKeyword$_verifyEqual_closure1.call(VerifyEqualKeyword.groovy)
	at com.kms.katalon.core.keyword.internal.KeywordMain.runKeyword(KeywordMain.groovy:66)
	at com.kms.katalon.core.keyword.builtin.VerifyEqualKeyword.verifyEqual(VerifyEqualKeyword.groovy:63)
	at com.kms.katalon.core.keyword.builtin.VerifyEqualKeyword.execute(VerifyEqualKeyword.groovy:44)
	at com.kms.katalon.core.keyword.internal.KeywordExecutor.executeKeywordForPlatform(KeywordExecutor.groovy:56)
	at com.kms.katalon.core.keyword.BuiltinKeywords.verifyEqual(BuiltinKeywords.groovy:141)
	at TC0798.run(TC0798:44)
	at com.kms.katalon.core.main.ScriptEngine.run(ScriptEngine.java:194)
	at com.kms.katalon.core.main.ScriptEngine.runScriptAsRawText(ScriptEngine.java:119)
	at com.kms.katalon.core.main.TestCaseExecutor.runScript(TestCaseExecutor.java:336)
	at com.kms.katalon.core.main.TestCaseExecutor.doExecute(TestCaseExecutor.java:327)
	at com.kms.katalon.core.main.TestCaseExecutor.processExecutionPhase(TestCaseExecutor.java:306)
	at com.kms.katalon.core.main.TestCaseExecutor.accessMainPhase(TestCaseExecutor.java:298)
	at com.kms.katalon.core.main.TestCaseExecutor.execute(TestCaseExecutor.java:232)
	at com.kms.katalon.core.main.TestSuiteExecutor.accessTestCaseMainPhase(TestSuiteExecutor.java:129)
	at com.kms.katalon.core.main.TestSuiteExecutor.accessTestSuiteMainPhase(TestSuiteExecutor.java:112)
	at com.kms.katalon.core.main.TestSuiteExecutor.execute(TestSuiteExecutor.java:81)
	at com.kms.katalon.core.main.TestCaseMain.startTestSuite(TestCaseMain.java:157)
	at com.kms.katalon.core.main.TestCaseMain$startTestSuite$0.call(Unknown Source)
	at TempTestSuite1555795243480.run(TempTestSuite1555795243480.groovy:35)]]></system-err>
      </testcase>
      <testcase name="Test Cases/Template testcases/TC0799" classname="Test Cases/Template testcases/TC0799" status="FAILED">
         <failure type="FAILED" message="Test Cases/Template testcases/TC0799 FAILED.
Reason:
com.kms.katalon.core.exception.StepFailedException: Actual object '-1' and expected object '0' are not equal
	at com.kms.katalon.core.keyword.builtin.VerifyEqualKeyword$_verifyEqual_closure1.doCall(VerifyEqualKeyword.groovy:58)
	at com.kms.katalon.core.keyword.builtin.VerifyEqualKeyword$_verifyEqual_closure1.call(VerifyEqualKeyword.groovy)
	at com.kms.katalon.core.keyword.internal.KeywordMain.runKeyword(KeywordMain.groovy:66)
	at com.kms.katalon.core.keyword.builtin.VerifyEqualKeyword.verifyEqual(VerifyEqualKeyword.groovy:63)
	at com.kms.katalon.core.keyword.builtin.VerifyEqualKeyword.execute(VerifyEqualKeyword.groovy:44)
	at com.kms.katalon.core.keyword.internal.KeywordExecutor.executeKeywordForPlatform(KeywordExecutor.groovy:56)
	at com.kms.katalon.core.keyword.BuiltinKeywords.verifyEqual(BuiltinKeywords.groovy:141)
	at TC0799.run(TC0799:41)
	at com.kms.katalon.core.main.ScriptEngine.run(ScriptEngine.java:194)
	at com.kms.katalon.core.main.ScriptEngine.runScriptAsRawText(ScriptEngine.java:119)
	at com.kms.katalon.core.main.TestCaseExecutor.runScript(TestCaseExecutor.java:336)
	at com.kms.katalon.core.main.TestCaseExecutor.doExecute(TestCaseExecutor.java:327)
	at com.kms.katalon.core.main.TestCaseExecutor.processExecutionPhase(TestCaseExecutor.java:306)
	at com.kms.katalon.core.main.TestCaseExecutor.accessMainPhase(TestCaseExecutor.java:298)
	at com.kms.katalon.core.main.TestCaseExecutor.execute(TestCaseExecutor.java:232)
	at com.kms.katalon.core.main.TestSuiteExecutor.accessTestCaseMainPhase(TestSuiteExecutor.java:129)
	at com.kms.katalon.core.main.TestSuiteExecutor.accessTestSuiteMainPhase(TestSuiteExecutor.java:112)
	at com.kms.katalon.core.main.TestSuiteExecutor.execute(TestSuiteExecutor.java:81)
	at com.kms.katalon.core.main.TestCaseMain.startTestSuite(TestCaseMain.java:157)
	at com.kms.katalon.core.main.TestCaseMain$startTestSuite$0.call(Unknown Source)
	at TempTestSuite1555795243480.run(TempTestSuite1555795243480.groovy:35)
"/>
         <system-out><![CDATA[2019-04-21 02:36:34 - [TEST_CASE][FAILED] - Test Cases/Template testcases/TC0799: Test Cases/Template testcases/TC0799 FAILED.
Reason:
com.kms.katalon.core.exception.StepFailedException: Actual object '-1' and expected object '0' are not equal
	at com.kms.katalon.core.keyword.builtin.VerifyEqualKeyword$_verifyEqual_closure1.doCall(VerifyEqualKeyword.groovy:58)
	at com.kms.katalon.core.keyword.builtin.VerifyEqualKeyword$_verifyEqual_closure1.call(VerifyEqualKeyword.groovy)
	at com.kms.katalon.core.keyword.internal.KeywordMain.runKeyword(KeywordMain.groovy:66)
	at com.kms.katalon.core.keyword.builtin.VerifyEqualKeyword.verifyEqual(VerifyEqualKeyword.groovy:63)
	at com.kms.katalon.core.keyword.builtin.VerifyEqualKeyword.execute(VerifyEqualKeyword.groovy:44)
	at com.kms.katalon.core.keyword.internal.KeywordExecutor.executeKeywordForPlatform(KeywordExecutor.groovy:56)
	at com.kms.katalon.core.keyword.BuiltinKeywords.verifyEqual(BuiltinKeywords.groovy:141)
	at TC0799.run(TC0799:41)
	at com.kms.katalon.core.main.ScriptEngine.run(ScriptEngine.java:194)
	at com.kms.katalon.core.main.ScriptEngine.runScriptAsRawText(ScriptEngine.java:119)
	at com.kms.katalon.core.main.TestCaseExecutor.runScript(TestCaseExecutor.java:336)
	at com.kms.katalon.core.main.TestCaseExecutor.doExecute(TestCaseExecutor.java:327)
	at com.kms.katalon.core.main.TestCaseExecutor.processExecutionPhase(TestCaseExecutor.java:306)
	at com.kms.katalon.core.main.TestCaseExecutor.accessMainPhase(TestCaseExecutor.java:298)
	at com.kms.katalon.core.main.TestCaseExecutor.execute(TestCaseExecutor.java:232)
	at com.kms.katalon.core.main.TestSuiteExecutor.accessTestCaseMainPhase(TestSuiteExecutor.java:129)
	at com.kms.katalon.core.main.TestSuiteExecutor.accessTestSuiteMainPhase(TestSuiteExecutor.java:112)
	at com.kms.katalon.core.main.TestSuiteExecutor.execute(TestSuiteExecutor.java:81)
	at com.kms.katalon.core.main.TestCaseMain.startTestSuite(TestCaseMain.java:157)
	at com.kms.katalon.core.main.TestCaseMain$startTestSuite$0.call(Unknown Source)
	at TempTestSuite1555795243480.run(TempTestSuite1555795243480.groovy:35)


2019-04-21 02:36:34 - [TEST_STEP][PASSED] - callTestCase(findTestCase("Template testcases/TC0788"), [:], STOP_ON_FAILURE): Call Test Case 'Test Cases/Template testcases/TC0788' successfully

2019-04-21 02:36:34 - [TEST_CASE][PASSED] - Test Cases/Template testcases/TC0788: Test Cases/Template testcases/TC0788

2019-04-21 02:36:34 - [TEST_STEP][PASSED] - callTestCase(findTestCase("Template testcases/TC0768"), [:], STOP_ON_FAILURE): Call Test Case 'Test Cases/Template testcases/TC0768' successfully

2019-04-21 02:36:34 - [TEST_CASE][PASSED] - Test Cases/Template testcases/TC0768: Test Cases/Template testcases/TC0768

2019-04-21 02:36:34 - [TEST_STEP][PASSED] - callTestCase(findTestCase("s-sidebar_navigation/individualAccount/Template"), [:], STOP_ON_FAILURE): Call Test Case 'Test Cases/s-sidebar_navigation/individualAccount/Template' successfully

2019-04-21 02:36:35 - [TEST_CASE][PASSED] - Test Cases/s-sidebar_navigation/individualAccount/Template: Test Cases/s-sidebar_navigation/individualAccount/Template

2019-04-21 02:36:35 - [TEST_STEP][PASSED] - click(findTestObject("Page_KiboPush  Dashboard/span_Broadcasts")): Object: 'Object Repository/Page_KiboPush  Dashboard/span_Broadcasts' is clicked on

2019-04-21 02:36:35 - [MESSAGE][PASSED] - Object: 'Object Repository/Page_KiboPush  Dashboard/span_Broadcasts' is clicked on

2019-04-21 02:36:35 - [TEST_STEP][PASSED] - delay(1): Delayed 1 second(s)

2019-04-21 02:36:36 - [MESSAGE][PASSED] - Delayed 1 second(s)

2019-04-21 02:36:36 - [TEST_STEP][PASSED] - click(findTestObject("Page_KiboPush  Dashboard/span_Templates")): Object: 'Object Repository/Page_KiboPush  Dashboard/span_Templates' is clicked on

2019-04-21 02:36:36 - [MESSAGE][PASSED] - Object: 'Object Repository/Page_KiboPush  Dashboard/span_Templates' is clicked on

2019-04-21 02:36:36 - [TEST_STEP][PASSED] - delay(3): Delayed 3 second(s)

2019-04-21 02:36:39 - [MESSAGE][PASSED] - Delayed 3 second(s)

2019-04-21 02:36:39 - [TEST_STEP][PASSED] - scrollToPosition(0, 0): Browser is scrolled to position x = 0, y = 0

2019-04-21 02:36:39 - [MESSAGE][PASSED] - Browser is scrolled to position x = 0, y = 0

2019-04-21 02:36:39 - [TEST_STEP][PASSED] - click(findTestObject("Object Repository/Page_KiboEngage  Templates/h3_Templates")): Object: 'Object Repository/Page_KiboEngage  Templates/h3_Templates' is clicked on

2019-04-21 02:36:39 - [MESSAGE][PASSED] - Object: 'Object Repository/Page_KiboEngage  Templates/h3_Templates' is clicked on

2019-04-21 02:36:39 - [TEST_STEP][PASSED] - delay(3): Delayed 3 second(s)

2019-04-21 02:36:42 - [MESSAGE][PASSED] - Delayed 3 second(s)

2019-04-21 02:36:42 - [MESSAGE][PASSED] - Call Test Case 'Test Cases/s-sidebar_navigation/individualAccount/Template' successfully

2019-04-21 02:36:42 - [TEST_STEP][PASSED] - click(findTestObject("Object Repository/Page_KiboPush  Dashboard/button_Create New")): Object: 'Object Repository/Page_KiboPush  Dashboard/button_Create New' is clicked on

2019-04-21 02:36:42 - [MESSAGE][PASSED] - Object: 'Object Repository/Page_KiboPush  Dashboard/button_Create New' is clicked on

2019-04-21 02:36:42 - [TEST_STEP][PASSED] - click(findTestObject("Object Repository/Page_KiboPush  Create Broadcast Tem/h3_Create Broadcast Template")): Object: 'Object Repository/Page_KiboPush  Create Broadcast Tem/h3_Create Broadcast Template' is clicked on

2019-04-21 02:36:43 - [MESSAGE][PASSED] - Object: 'Object Repository/Page_KiboPush  Create Broadcast Tem/h3_Create Broadcast Template' is clicked on

2019-04-21 02:36:43 - [MESSAGE][PASSED] - Call Test Case 'Test Cases/Template testcases/TC0768' successfully

2019-04-21 02:36:43 - [TEST_STEP][PASSED] - click(findTestObject("Page_KiboPush  Create Broadcast Tem/h6_Gallery (1)")): Object: 'Object Repository/Page_KiboPush  Create Broadcast Tem/h6_Gallery (1)' is clicked on

2019-04-21 02:36:43 - [MESSAGE][PASSED] - Object: 'Object Repository/Page_KiboPush  Create Broadcast Tem/h6_Gallery (1)' is clicked on

2019-04-21 02:36:43 - [TEST_STEP][PASSED] - click(findTestObject("Object Repository/Page_KiboEngage  Create Broadcast Template/div_New gallery component added")): Object: 'Object Repository/Page_KiboEngage  Create Broadcast Template/div_New gallery component added' is clicked on

2019-04-21 02:36:43 - [MESSAGE][PASSED] - Object: 'Object Repository/Page_KiboEngage  Create Broadcast Template/div_New gallery component added' is clicked on

2019-04-21 02:36:43 - [MESSAGE][PASSED] - Call Test Case 'Test Cases/Template testcases/TC0788' successfully

2019-04-21 02:36:43 - [TEST_STEP][PASSED] - driver = getWebDriver(): null

2019-04-21 02:36:43 - [TEST_STEP][PASSED] - rows_table = driver.findElements(By.xpath("//*[@id="List1"]/div/div/div[3]/div/div[2]/div/div")): null

2019-04-21 02:36:43 - [TEST_STEP][PASSED] - rows_count_before = rows_table.size(): null

2019-04-21 02:36:43 - [TEST_STEP][PASSED] - click(findTestObject("Object Repository/Page_KiboPush  Create Broadcast Tem/span_Remove")): Object: 'Object Repository/Page_KiboPush  Create Broadcast Tem/span_Remove' is clicked on

2019-04-21 02:36:43 - [MESSAGE][PASSED] - Object: 'Object Repository/Page_KiboPush  Create Broadcast Tem/span_Remove' is clicked on

2019-04-21 02:36:43 - [TEST_STEP][PASSED] - delay(2): Delayed 2 second(s)

2019-04-21 02:36:45 - [MESSAGE][PASSED] - Delayed 2 second(s)

2019-04-21 02:36:45 - [TEST_STEP][PASSED] - rows_table = driver.findElements(By.xpath("//*[@id="List1"]/div/div/div[3]/div/div[2]/div/div")): null

2019-04-21 02:36:45 - [TEST_STEP][PASSED] - rows_count_after = rows_table.size(): null

2019-04-21 02:36:45 - [TEST_STEP][FAILED] - verifyEqual(rows_count_before - 1, rows_count_after): Unable to verify equal between actual object '-1' and expected object '0' (Root cause: com.kms.katalon.core.exception.StepFailedException: Actual object '-1' and expected object '0' are not equal
	at com.kms.katalon.core.keyword.builtin.VerifyEqualKeyword$_verifyEqual_closure1.doCall(VerifyEqualKeyword.groovy:58)
	at com.kms.katalon.core.keyword.builtin.VerifyEqualKeyword$_verifyEqual_closure1.call(VerifyEqualKeyword.groovy)
	at com.kms.katalon.core.keyword.internal.KeywordMain.runKeyword(KeywordMain.groovy:66)
	at com.kms.katalon.core.keyword.builtin.VerifyEqualKeyword.verifyEqual(VerifyEqualKeyword.groovy:63)
	at com.kms.katalon.core.keyword.builtin.VerifyEqualKeyword.execute(VerifyEqualKeyword.groovy:44)
	at com.kms.katalon.core.keyword.internal.KeywordExecutor.executeKeywordForPlatform(KeywordExecutor.groovy:56)
	at com.kms.katalon.core.keyword.BuiltinKeywords.verifyEqual(BuiltinKeywords.groovy:141)
	at TC0799.run(TC0799:41)
	at com.kms.katalon.core.main.ScriptEngine.run(ScriptEngine.java:194)
	at com.kms.katalon.core.main.ScriptEngine.runScriptAsRawText(ScriptEngine.java:119)
	at com.kms.katalon.core.main.TestCaseExecutor.runScript(TestCaseExecutor.java:336)
	at com.kms.katalon.core.main.TestCaseExecutor.doExecute(TestCaseExecutor.java:327)
	at com.kms.katalon.core.main.TestCaseExecutor.processExecutionPhase(TestCaseExecutor.java:306)
	at com.kms.katalon.core.main.TestCaseExecutor.accessMainPhase(TestCaseExecutor.java:298)
	at com.kms.katalon.core.main.TestCaseExecutor.execute(TestCaseExecutor.java:232)
	at com.kms.katalon.core.main.TestSuiteExecutor.accessTestCaseMainPhase(TestSuiteExecutor.java:129)
	at com.kms.katalon.core.main.TestSuiteExecutor.accessTestSuiteMainPhase(TestSuiteExecutor.java:112)
	at com.kms.katalon.core.main.TestSuiteExecutor.execute(TestSuiteExecutor.java:81)
	at com.kms.katalon.core.main.TestCaseMain.startTestSuite(TestCaseMain.java:157)
	at com.kms.katalon.core.main.TestCaseMain$startTestSuite$0.call(Unknown Source)
	at TempTestSuite1555795243480.run(TempTestSuite1555795243480.groovy:35)
)

2019-04-21 02:36:45 - [MESSAGE][FAILED] - Unable to verify equal between actual object '-1' and expected object '0' (Root cause: com.kms.katalon.core.exception.StepFailedException: Actual object '-1' and expected object '0' are not equal
	at com.kms.katalon.core.keyword.builtin.VerifyEqualKeyword$_verifyEqual_closure1.doCall(VerifyEqualKeyword.groovy:58)
	at com.kms.katalon.core.keyword.builtin.VerifyEqualKeyword$_verifyEqual_closure1.call(VerifyEqualKeyword.groovy)
	at com.kms.katalon.core.keyword.internal.KeywordMain.runKeyword(KeywordMain.groovy:66)
	at com.kms.katalon.core.keyword.builtin.VerifyEqualKeyword.verifyEqual(VerifyEqualKeyword.groovy:63)
	at com.kms.katalon.core.keyword.builtin.VerifyEqualKeyword.execute(VerifyEqualKeyword.groovy:44)
	at com.kms.katalon.core.keyword.internal.KeywordExecutor.executeKeywordForPlatform(KeywordExecutor.groovy:56)
	at com.kms.katalon.core.keyword.BuiltinKeywords.verifyEqual(BuiltinKeywords.groovy:141)
	at TC0799.run(TC0799:41)
	at com.kms.katalon.core.main.ScriptEngine.run(ScriptEngine.java:194)
	at com.kms.katalon.core.main.ScriptEngine.runScriptAsRawText(ScriptEngine.java:119)
	at com.kms.katalon.core.main.TestCaseExecutor.runScript(TestCaseExecutor.java:336)
	at com.kms.katalon.core.main.TestCaseExecutor.doExecute(TestCaseExecutor.java:327)
	at com.kms.katalon.core.main.TestCaseExecutor.processExecutionPhase(TestCaseExecutor.java:306)
	at com.kms.katalon.core.main.TestCaseExecutor.accessMainPhase(TestCaseExecutor.java:298)
	at com.kms.katalon.core.main.TestCaseExecutor.execute(TestCaseExecutor.java:232)
	at com.kms.katalon.core.main.TestSuiteExecutor.accessTestCaseMainPhase(TestSuiteExecutor.java:129)
	at com.kms.katalon.core.main.TestSuiteExecutor.accessTestSuiteMainPhase(TestSuiteExecutor.java:112)
	at com.kms.katalon.core.main.TestSuiteExecutor.execute(TestSuiteExecutor.java:81)
	at com.kms.katalon.core.main.TestCaseMain.startTestSuite(TestCaseMain.java:157)
	at com.kms.katalon.core.main.TestCaseMain$startTestSuite$0.call(Unknown Source)
	at TempTestSuite1555795243480.run(TempTestSuite1555795243480.groovy:35)
)]]></system-out>
         <system-err><![CDATA[2019-04-21 02:36:34 - [TEST_CASE][FAILED] - Test Cases/Template testcases/TC0799: Test Cases/Template testcases/TC0799 FAILED.
Reason:
com.kms.katalon.core.exception.StepFailedException: Actual object '-1' and expected object '0' are not equal
	at com.kms.katalon.core.keyword.builtin.VerifyEqualKeyword$_verifyEqual_closure1.doCall(VerifyEqualKeyword.groovy:58)
	at com.kms.katalon.core.keyword.builtin.VerifyEqualKeyword$_verifyEqual_closure1.call(VerifyEqualKeyword.groovy)
	at com.kms.katalon.core.keyword.internal.KeywordMain.runKeyword(KeywordMain.groovy:66)
	at com.kms.katalon.core.keyword.builtin.VerifyEqualKeyword.verifyEqual(VerifyEqualKeyword.groovy:63)
	at com.kms.katalon.core.keyword.builtin.VerifyEqualKeyword.execute(VerifyEqualKeyword.groovy:44)
	at com.kms.katalon.core.keyword.internal.KeywordExecutor.executeKeywordForPlatform(KeywordExecutor.groovy:56)
	at com.kms.katalon.core.keyword.BuiltinKeywords.verifyEqual(BuiltinKeywords.groovy:141)
	at TC0799.run(TC0799:41)
	at com.kms.katalon.core.main.ScriptEngine.run(ScriptEngine.java:194)
	at com.kms.katalon.core.main.ScriptEngine.runScriptAsRawText(ScriptEngine.java:119)
	at com.kms.katalon.core.main.TestCaseExecutor.runScript(TestCaseExecutor.java:336)
	at com.kms.katalon.core.main.TestCaseExecutor.doExecute(TestCaseExecutor.java:327)
	at com.kms.katalon.core.main.TestCaseExecutor.processExecutionPhase(TestCaseExecutor.java:306)
	at com.kms.katalon.core.main.TestCaseExecutor.accessMainPhase(TestCaseExecutor.java:298)
	at com.kms.katalon.core.main.TestCaseExecutor.execute(TestCaseExecutor.java:232)
	at com.kms.katalon.core.main.TestSuiteExecutor.accessTestCaseMainPhase(TestSuiteExecutor.java:129)
	at com.kms.katalon.core.main.TestSuiteExecutor.accessTestSuiteMainPhase(TestSuiteExecutor.java:112)
	at com.kms.katalon.core.main.TestSuiteExecutor.execute(TestSuiteExecutor.java:81)
	at com.kms.katalon.core.main.TestCaseMain.startTestSuite(TestCaseMain.java:157)
	at com.kms.katalon.core.main.TestCaseMain$startTestSuite$0.call(Unknown Source)
	at TempTestSuite1555795243480.run(TempTestSuite1555795243480.groovy:35)]]></system-err>
      </testcase>
      <testcase name="Test Cases/Template testcases/TC0801" classname="Test Cases/Template testcases/TC0801" status="PASSED">
         <system-out><![CDATA[2019-04-21 02:36:45 - [TEST_CASE][PASSED] - Test Cases/Template testcases/TC0801: Test Cases/Template testcases/TC0801

2019-04-21 02:36:45 - [TEST_STEP][PASSED] - callTestCase(findTestCase("Template testcases/TC0768"), [:], STOP_ON_FAILURE): Call Test Case 'Test Cases/Template testcases/TC0768' successfully

2019-04-21 02:36:45 - [TEST_CASE][PASSED] - Test Cases/Template testcases/TC0768: Test Cases/Template testcases/TC0768

2019-04-21 02:36:45 - [TEST_STEP][PASSED] - callTestCase(findTestCase("s-sidebar_navigation/individualAccount/Template"), [:], STOP_ON_FAILURE): Call Test Case 'Test Cases/s-sidebar_navigation/individualAccount/Template' successfully

2019-04-21 02:36:46 - [TEST_CASE][PASSED] - Test Cases/s-sidebar_navigation/individualAccount/Template: Test Cases/s-sidebar_navigation/individualAccount/Template

2019-04-21 02:36:46 - [TEST_STEP][PASSED] - click(findTestObject("Page_KiboPush  Dashboard/span_Broadcasts")): Object: 'Object Repository/Page_KiboPush  Dashboard/span_Broadcasts' is clicked on

2019-04-21 02:36:46 - [MESSAGE][PASSED] - Object: 'Object Repository/Page_KiboPush  Dashboard/span_Broadcasts' is clicked on

2019-04-21 02:36:46 - [TEST_STEP][PASSED] - delay(1): Delayed 1 second(s)

2019-04-21 02:36:47 - [MESSAGE][PASSED] - Delayed 1 second(s)

2019-04-21 02:36:47 - [TEST_STEP][PASSED] - click(findTestObject("Page_KiboPush  Dashboard/span_Templates")): Object: 'Object Repository/Page_KiboPush  Dashboard/span_Templates' is clicked on

2019-04-21 02:36:47 - [MESSAGE][PASSED] - Object: 'Object Repository/Page_KiboPush  Dashboard/span_Templates' is clicked on

2019-04-21 02:36:47 - [TEST_STEP][PASSED] - delay(3): Delayed 3 second(s)

2019-04-21 02:36:50 - [MESSAGE][PASSED] - Delayed 3 second(s)

2019-04-21 02:36:50 - [TEST_STEP][PASSED] - scrollToPosition(0, 0): Browser is scrolled to position x = 0, y = 0

2019-04-21 02:36:50 - [MESSAGE][PASSED] - Browser is scrolled to position x = 0, y = 0

2019-04-21 02:36:50 - [TEST_STEP][PASSED] - click(findTestObject("Object Repository/Page_KiboEngage  Templates/h3_Templates")): Object: 'Object Repository/Page_KiboEngage  Templates/h3_Templates' is clicked on

2019-04-21 02:36:50 - [MESSAGE][PASSED] - Object: 'Object Repository/Page_KiboEngage  Templates/h3_Templates' is clicked on

2019-04-21 02:36:50 - [TEST_STEP][PASSED] - delay(3): Delayed 3 second(s)

2019-04-21 02:36:53 - [MESSAGE][PASSED] - Delayed 3 second(s)

2019-04-21 02:36:53 - [MESSAGE][PASSED] - Call Test Case 'Test Cases/s-sidebar_navigation/individualAccount/Template' successfully

2019-04-21 02:36:53 - [TEST_STEP][PASSED] - click(findTestObject("Object Repository/Page_KiboPush  Dashboard/button_Create New")): Object: 'Object Repository/Page_KiboPush  Dashboard/button_Create New' is clicked on

2019-04-21 02:36:54 - [MESSAGE][PASSED] - Object: 'Object Repository/Page_KiboPush  Dashboard/button_Create New' is clicked on

2019-04-21 02:36:54 - [TEST_STEP][PASSED] - click(findTestObject("Object Repository/Page_KiboPush  Create Broadcast Tem/h3_Create Broadcast Template")): Object: 'Object Repository/Page_KiboPush  Create Broadcast Tem/h3_Create Broadcast Template' is clicked on

2019-04-21 02:36:54 - [MESSAGE][PASSED] - Object: 'Object Repository/Page_KiboPush  Create Broadcast Tem/h3_Create Broadcast Template' is clicked on

2019-04-21 02:36:54 - [MESSAGE][PASSED] - Call Test Case 'Test Cases/Template testcases/TC0768' successfully

2019-04-21 02:36:54 - [TEST_STEP][PASSED] - click(findTestObject("Page_KiboPush  Create Broadcast Tem/h6_Audio (1)")): Object: 'Object Repository/Page_KiboPush  Create Broadcast Tem/h6_Audio (1)' is clicked on

2019-04-21 02:36:54 - [MESSAGE][PASSED] - Object: 'Object Repository/Page_KiboPush  Create Broadcast Tem/h6_Audio (1)' is clicked on

2019-04-21 02:36:54 - [TEST_STEP][PASSED] - click(findTestObject("Object Repository/Page_KiboEngage  Create Broadcast Template/div_New audio component added")): Object: 'Object Repository/Page_KiboEngage  Create Broadcast Template/div_New audio component added' is clicked on

2019-04-21 02:36:54 - [MESSAGE][PASSED] - Object: 'Object Repository/Page_KiboEngage  Create Broadcast Template/div_New audio component added' is clicked on]]></system-out>
         <system-err><![CDATA[]]></system-err>
      </testcase>
      <testcase name="Test Cases/Template testcases/TC0802" classname="Test Cases/Template testcases/TC0802" status="PASSED">
         <system-out><![CDATA[2019-04-21 02:36:54 - [TEST_CASE][PASSED] - Test Cases/Template testcases/TC0802: Test Cases/Template testcases/TC0802

2019-04-21 02:36:55 - [TEST_STEP][PASSED] - callTestCase(findTestCase("Template testcases/TC0801"), [:], STOP_ON_FAILURE): Call Test Case 'Test Cases/Template testcases/TC0801' successfully

2019-04-21 02:36:55 - [TEST_CASE][PASSED] - Test Cases/Template testcases/TC0801: Test Cases/Template testcases/TC0801

2019-04-21 02:36:55 - [TEST_STEP][PASSED] - callTestCase(findTestCase("Template testcases/TC0768"), [:], STOP_ON_FAILURE): Call Test Case 'Test Cases/Template testcases/TC0768' successfully

2019-04-21 02:36:55 - [TEST_CASE][PASSED] - Test Cases/Template testcases/TC0768: Test Cases/Template testcases/TC0768

2019-04-21 02:36:55 - [TEST_STEP][PASSED] - callTestCase(findTestCase("s-sidebar_navigation/individualAccount/Template"), [:], STOP_ON_FAILURE): Call Test Case 'Test Cases/s-sidebar_navigation/individualAccount/Template' successfully

2019-04-21 02:36:55 - [TEST_CASE][PASSED] - Test Cases/s-sidebar_navigation/individualAccount/Template: Test Cases/s-sidebar_navigation/individualAccount/Template

2019-04-21 02:36:55 - [TEST_STEP][PASSED] - click(findTestObject("Page_KiboPush  Dashboard/span_Broadcasts")): Object: 'Object Repository/Page_KiboPush  Dashboard/span_Broadcasts' is clicked on

2019-04-21 02:36:55 - [MESSAGE][PASSED] - Object: 'Object Repository/Page_KiboPush  Dashboard/span_Broadcasts' is clicked on

2019-04-21 02:36:55 - [TEST_STEP][PASSED] - delay(1): Delayed 1 second(s)

2019-04-21 02:36:56 - [MESSAGE][PASSED] - Delayed 1 second(s)

2019-04-21 02:36:56 - [TEST_STEP][PASSED] - click(findTestObject("Page_KiboPush  Dashboard/span_Templates")): Object: 'Object Repository/Page_KiboPush  Dashboard/span_Templates' is clicked on

2019-04-21 02:36:57 - [MESSAGE][PASSED] - Object: 'Object Repository/Page_KiboPush  Dashboard/span_Templates' is clicked on

2019-04-21 02:36:57 - [TEST_STEP][PASSED] - delay(3): Delayed 3 second(s)

2019-04-21 02:37:00 - [MESSAGE][PASSED] - Delayed 3 second(s)

2019-04-21 02:37:00 - [TEST_STEP][PASSED] - scrollToPosition(0, 0): Browser is scrolled to position x = 0, y = 0

2019-04-21 02:37:00 - [MESSAGE][PASSED] - Browser is scrolled to position x = 0, y = 0

2019-04-21 02:37:00 - [TEST_STEP][PASSED] - click(findTestObject("Object Repository/Page_KiboEngage  Templates/h3_Templates")): Object: 'Object Repository/Page_KiboEngage  Templates/h3_Templates' is clicked on

2019-04-21 02:37:00 - [MESSAGE][PASSED] - Object: 'Object Repository/Page_KiboEngage  Templates/h3_Templates' is clicked on

2019-04-21 02:37:00 - [TEST_STEP][PASSED] - delay(3): Delayed 3 second(s)

2019-04-21 02:37:03 - [MESSAGE][PASSED] - Delayed 3 second(s)

2019-04-21 02:37:03 - [MESSAGE][PASSED] - Call Test Case 'Test Cases/s-sidebar_navigation/individualAccount/Template' successfully

2019-04-21 02:37:03 - [TEST_STEP][PASSED] - click(findTestObject("Object Repository/Page_KiboPush  Dashboard/button_Create New")): Object: 'Object Repository/Page_KiboPush  Dashboard/button_Create New' is clicked on

2019-04-21 02:37:03 - [MESSAGE][PASSED] - Object: 'Object Repository/Page_KiboPush  Dashboard/button_Create New' is clicked on

2019-04-21 02:37:03 - [TEST_STEP][PASSED] - click(findTestObject("Object Repository/Page_KiboPush  Create Broadcast Tem/h3_Create Broadcast Template")): Object: 'Object Repository/Page_KiboPush  Create Broadcast Tem/h3_Create Broadcast Template' is clicked on

2019-04-21 02:37:03 - [MESSAGE][PASSED] - Object: 'Object Repository/Page_KiboPush  Create Broadcast Tem/h3_Create Broadcast Template' is clicked on

2019-04-21 02:37:03 - [MESSAGE][PASSED] - Call Test Case 'Test Cases/Template testcases/TC0768' successfully

2019-04-21 02:37:03 - [TEST_STEP][PASSED] - click(findTestObject("Page_KiboPush  Create Broadcast Tem/h6_Audio (1)")): Object: 'Object Repository/Page_KiboPush  Create Broadcast Tem/h6_Audio (1)' is clicked on

2019-04-21 02:37:03 - [MESSAGE][PASSED] - Object: 'Object Repository/Page_KiboPush  Create Broadcast Tem/h6_Audio (1)' is clicked on

2019-04-21 02:37:03 - [TEST_STEP][PASSED] - click(findTestObject("Object Repository/Page_KiboEngage  Create Broadcast Template/div_New audio component added")): Object: 'Object Repository/Page_KiboEngage  Create Broadcast Template/div_New audio component added' is clicked on

2019-04-21 02:37:04 - [MESSAGE][PASSED] - Object: 'Object Repository/Page_KiboEngage  Create Broadcast Template/div_New audio component added' is clicked on

2019-04-21 02:37:04 - [MESSAGE][PASSED] - Call Test Case 'Test Cases/Template testcases/TC0801' successfully

2019-04-21 02:37:04 - [TEST_STEP][PASSED] - click(findTestObject("Page_KiboPush  Create Broadcast Tem/h6_Text (2) (1)")): Object: 'Object Repository/Page_KiboPush  Create Broadcast Tem/h6_Text (2) (1)' is clicked on

2019-04-21 02:37:04 - [MESSAGE][PASSED] - Object: 'Object Repository/Page_KiboPush  Create Broadcast Tem/h6_Text (2) (1)' is clicked on

2019-04-21 02:37:04 - [TEST_STEP][PASSED] - delay(1): Delayed 1 second(s)

2019-04-21 02:37:05 - [MESSAGE][PASSED] - Delayed 1 second(s)

2019-04-21 02:37:05 - [TEST_STEP][PASSED] - click(findTestObject("Object Repository/Page_KiboEngage  Create Broadcast Template/button_Create")): Object: 'Object Repository/Page_KiboEngage  Create Broadcast Template/button_Create' is clicked on

2019-04-21 02:37:05 - [MESSAGE][PASSED] - Object: 'Object Repository/Page_KiboEngage  Create Broadcast Template/button_Create' is clicked on

2019-04-21 02:37:05 - [TEST_STEP][PASSED] - click(findTestObject("Object Repository/Page_KiboEngage  Create Broadcast Template/div_Select an audio file")): Object: 'Object Repository/Page_KiboEngage  Create Broadcast Template/div_Select an audio file' is clicked on

2019-04-21 02:37:05 - [MESSAGE][PASSED] - Object: 'Object Repository/Page_KiboEngage  Create Broadcast Template/div_Select an audio file' is clicked on]]></system-out>
         <system-err><![CDATA[]]></system-err>
      </testcase>
      <testcase name="Test Cases/Template testcases/TC0803" classname="Test Cases/Template testcases/TC0803" status="FAILED">
         <failure type="FAILED" message="Test Cases/Template testcases/TC0803 FAILED.
Reason:
com.kms.katalon.core.exception.StepFailedException: Unable to upload file '/home/faizan/Drive/KiboPush_Automated_Testing/KiboPush Katalon/audio.mp3' to object 'Object Repository/Page_KiboPush  Create Broadcast Tem/audio_file'
	at com.kms.katalon.core.webui.keyword.internal.WebUIKeywordMain.stepFailed(WebUIKeywordMain.groovy:64)
	at com.kms.katalon.core.webui.keyword.internal.WebUIKeywordMain.runKeyword(WebUIKeywordMain.groovy:26)
	at com.kms.katalon.core.webui.keyword.builtin.UploadFileKeyword.uploadFile(UploadFileKeyword.groovy:87)
	at com.kms.katalon.core.webui.keyword.builtin.UploadFileKeyword.execute(UploadFileKeyword.groovy:68)
	at com.kms.katalon.core.keyword.internal.KeywordExecutor.executeKeywordForPlatform(KeywordExecutor.groovy:56)
	at com.kms.katalon.core.webui.keyword.WebUiBuiltInKeywords.uploadFile(WebUiBuiltInKeywords.groovy:2945)
	at com.kms.katalon.core.webui.keyword.WebUiBuiltInKeywords$uploadFile$8.call(Unknown Source)
	at TC0803.run(TC0803:27)
	at com.kms.katalon.core.main.ScriptEngine.run(ScriptEngine.java:194)
	at com.kms.katalon.core.main.ScriptEngine.runScriptAsRawText(ScriptEngine.java:119)
	at com.kms.katalon.core.main.TestCaseExecutor.runScript(TestCaseExecutor.java:336)
	at com.kms.katalon.core.main.TestCaseExecutor.doExecute(TestCaseExecutor.java:327)
	at com.kms.katalon.core.main.TestCaseExecutor.processExecutionPhase(TestCaseExecutor.java:306)
	at com.kms.katalon.core.main.TestCaseExecutor.accessMainPhase(TestCaseExecutor.java:298)
	at com.kms.katalon.core.main.TestCaseExecutor.execute(TestCaseExecutor.java:232)
	at com.kms.katalon.core.main.TestSuiteExecutor.accessTestCaseMainPhase(TestSuiteExecutor.java:129)
	at com.kms.katalon.core.main.TestSuiteExecutor.accessTestSuiteMainPhase(TestSuiteExecutor.java:112)
	at com.kms.katalon.core.main.TestSuiteExecutor.execute(TestSuiteExecutor.java:81)
	at com.kms.katalon.core.main.TestCaseMain.startTestSuite(TestCaseMain.java:157)
	at com.kms.katalon.core.main.TestCaseMain$startTestSuite$0.call(Unknown Source)
	at TempTestSuite1555795243480.run(TempTestSuite1555795243480.groovy:35)
Caused by: com.kms.katalon.core.webui.exception.WebElementNotFoundException: Web element with id: 'Object Repository/Page_KiboPush  Create Broadcast Tem/audio_file' located by 'By.xpath: //*[@id=&quot;List1&quot;]/div/div/div[3]/div/input' not found
	at com.kms.katalon.core.webui.common.WebUiCommonHelper.findWebElement(WebUiCommonHelper.java:1097)
	at com.kms.katalon.core.webui.keyword.internal.WebUIAbstractKeyword.findWebElement(WebUIAbstractKeyword.groovy:27)
	at com.kms.katalon.core.webui.keyword.internal.WebUIAbstractKeyword.findWebElement(WebUIAbstractKeyword.groovy:26)
	at com.kms.katalon.core.webui.keyword.builtin.UploadFileKeyword$_uploadFile_closure1.doCall(UploadFileKeyword.groovy:79)
	at com.kms.katalon.core.webui.keyword.builtin.UploadFileKeyword$_uploadFile_closure1.call(UploadFileKeyword.groovy)
	at com.kms.katalon.core.webui.keyword.internal.WebUIKeywordMain.runKeyword(WebUIKeywordMain.groovy:20)
	at com.kms.katalon.core.webui.keyword.builtin.UploadFileKeyword.uploadFile(UploadFileKeyword.groovy:87)
	at com.kms.katalon.core.webui.keyword.builtin.UploadFileKeyword.execute(UploadFileKeyword.groovy:68)
	at com.kms.katalon.core.keyword.internal.KeywordExecutor.executeKeywordForPlatform(KeywordExecutor.groovy:56)
	at com.kms.katalon.core.webui.keyword.WebUiBuiltInKeywords.uploadFile(WebUiBuiltInKeywords.groovy:2945)
	at com.kms.katalon.core.webui.keyword.WebUiBuiltInKeywords$uploadFile$8.call(Unknown Source)
	at Script1537082457237.run(Script1537082457237.groovy:27)
	... 13 more
"/>
         <system-out><![CDATA[2019-04-21 02:37:05 - [TEST_CASE][FAILED] - Test Cases/Template testcases/TC0803: Test Cases/Template testcases/TC0803 FAILED.
Reason:
com.kms.katalon.core.exception.StepFailedException: Unable to upload file '/home/faizan/Drive/KiboPush_Automated_Testing/KiboPush Katalon/audio.mp3' to object 'Object Repository/Page_KiboPush  Create Broadcast Tem/audio_file'
	at com.kms.katalon.core.webui.keyword.internal.WebUIKeywordMain.stepFailed(WebUIKeywordMain.groovy:64)
	at com.kms.katalon.core.webui.keyword.internal.WebUIKeywordMain.runKeyword(WebUIKeywordMain.groovy:26)
	at com.kms.katalon.core.webui.keyword.builtin.UploadFileKeyword.uploadFile(UploadFileKeyword.groovy:87)
	at com.kms.katalon.core.webui.keyword.builtin.UploadFileKeyword.execute(UploadFileKeyword.groovy:68)
	at com.kms.katalon.core.keyword.internal.KeywordExecutor.executeKeywordForPlatform(KeywordExecutor.groovy:56)
	at com.kms.katalon.core.webui.keyword.WebUiBuiltInKeywords.uploadFile(WebUiBuiltInKeywords.groovy:2945)
	at com.kms.katalon.core.webui.keyword.WebUiBuiltInKeywords$uploadFile$8.call(Unknown Source)
	at TC0803.run(TC0803:27)
	at com.kms.katalon.core.main.ScriptEngine.run(ScriptEngine.java:194)
	at com.kms.katalon.core.main.ScriptEngine.runScriptAsRawText(ScriptEngine.java:119)
	at com.kms.katalon.core.main.TestCaseExecutor.runScript(TestCaseExecutor.java:336)
	at com.kms.katalon.core.main.TestCaseExecutor.doExecute(TestCaseExecutor.java:327)
	at com.kms.katalon.core.main.TestCaseExecutor.processExecutionPhase(TestCaseExecutor.java:306)
	at com.kms.katalon.core.main.TestCaseExecutor.accessMainPhase(TestCaseExecutor.java:298)
	at com.kms.katalon.core.main.TestCaseExecutor.execute(TestCaseExecutor.java:232)
	at com.kms.katalon.core.main.TestSuiteExecutor.accessTestCaseMainPhase(TestSuiteExecutor.java:129)
	at com.kms.katalon.core.main.TestSuiteExecutor.accessTestSuiteMainPhase(TestSuiteExecutor.java:112)
	at com.kms.katalon.core.main.TestSuiteExecutor.execute(TestSuiteExecutor.java:81)
	at com.kms.katalon.core.main.TestCaseMain.startTestSuite(TestCaseMain.java:157)
	at com.kms.katalon.core.main.TestCaseMain$startTestSuite$0.call(Unknown Source)
	at TempTestSuite1555795243480.run(TempTestSuite1555795243480.groovy:35)
Caused by: com.kms.katalon.core.webui.exception.WebElementNotFoundException: Web element with id: 'Object Repository/Page_KiboPush  Create Broadcast Tem/audio_file' located by 'By.xpath: //*[@id="List1"]/div/div/div[3]/div/input' not found
	at com.kms.katalon.core.webui.common.WebUiCommonHelper.findWebElement(WebUiCommonHelper.java:1097)
	at com.kms.katalon.core.webui.keyword.internal.WebUIAbstractKeyword.findWebElement(WebUIAbstractKeyword.groovy:27)
	at com.kms.katalon.core.webui.keyword.internal.WebUIAbstractKeyword.findWebElement(WebUIAbstractKeyword.groovy:26)
	at com.kms.katalon.core.webui.keyword.builtin.UploadFileKeyword$_uploadFile_closure1.doCall(UploadFileKeyword.groovy:79)
	at com.kms.katalon.core.webui.keyword.builtin.UploadFileKeyword$_uploadFile_closure1.call(UploadFileKeyword.groovy)
	at com.kms.katalon.core.webui.keyword.internal.WebUIKeywordMain.runKeyword(WebUIKeywordMain.groovy:20)
	at com.kms.katalon.core.webui.keyword.builtin.UploadFileKeyword.uploadFile(UploadFileKeyword.groovy:87)
	at com.kms.katalon.core.webui.keyword.builtin.UploadFileKeyword.execute(UploadFileKeyword.groovy:68)
	at com.kms.katalon.core.keyword.internal.KeywordExecutor.executeKeywordForPlatform(KeywordExecutor.groovy:56)
	at com.kms.katalon.core.webui.keyword.WebUiBuiltInKeywords.uploadFile(WebUiBuiltInKeywords.groovy:2945)
	at com.kms.katalon.core.webui.keyword.WebUiBuiltInKeywords$uploadFile$8.call(Unknown Source)
	at Script1537082457237.run(Script1537082457237.groovy:27)
	... 13 more


2019-04-21 02:37:06 - [TEST_STEP][PASSED] - callTestCase(findTestCase("Template testcases/TC0801"), [:], STOP_ON_FAILURE): Call Test Case 'Test Cases/Template testcases/TC0801' successfully

2019-04-21 02:37:06 - [TEST_CASE][PASSED] - Test Cases/Template testcases/TC0801: Test Cases/Template testcases/TC0801

2019-04-21 02:37:06 - [TEST_STEP][PASSED] - callTestCase(findTestCase("Template testcases/TC0768"), [:], STOP_ON_FAILURE): Call Test Case 'Test Cases/Template testcases/TC0768' successfully

2019-04-21 02:37:06 - [TEST_CASE][PASSED] - Test Cases/Template testcases/TC0768: Test Cases/Template testcases/TC0768

2019-04-21 02:37:06 - [TEST_STEP][PASSED] - callTestCase(findTestCase("s-sidebar_navigation/individualAccount/Template"), [:], STOP_ON_FAILURE): Call Test Case 'Test Cases/s-sidebar_navigation/individualAccount/Template' successfully

2019-04-21 02:37:06 - [TEST_CASE][PASSED] - Test Cases/s-sidebar_navigation/individualAccount/Template: Test Cases/s-sidebar_navigation/individualAccount/Template

2019-04-21 02:37:06 - [TEST_STEP][PASSED] - click(findTestObject("Page_KiboPush  Dashboard/span_Broadcasts")): Object: 'Object Repository/Page_KiboPush  Dashboard/span_Broadcasts' is clicked on

2019-04-21 02:37:06 - [MESSAGE][PASSED] - Object: 'Object Repository/Page_KiboPush  Dashboard/span_Broadcasts' is clicked on

2019-04-21 02:37:06 - [TEST_STEP][PASSED] - delay(1): Delayed 1 second(s)

2019-04-21 02:37:07 - [MESSAGE][PASSED] - Delayed 1 second(s)

2019-04-21 02:37:07 - [TEST_STEP][PASSED] - click(findTestObject("Page_KiboPush  Dashboard/span_Templates")): Object: 'Object Repository/Page_KiboPush  Dashboard/span_Templates' is clicked on

2019-04-21 02:37:08 - [MESSAGE][PASSED] - Object: 'Object Repository/Page_KiboPush  Dashboard/span_Templates' is clicked on

2019-04-21 02:37:08 - [TEST_STEP][PASSED] - delay(3): Delayed 3 second(s)

2019-04-21 02:37:11 - [MESSAGE][PASSED] - Delayed 3 second(s)

2019-04-21 02:37:11 - [TEST_STEP][PASSED] - scrollToPosition(0, 0): Browser is scrolled to position x = 0, y = 0

2019-04-21 02:37:11 - [MESSAGE][PASSED] - Browser is scrolled to position x = 0, y = 0

2019-04-21 02:37:11 - [TEST_STEP][PASSED] - click(findTestObject("Object Repository/Page_KiboEngage  Templates/h3_Templates")): Object: 'Object Repository/Page_KiboEngage  Templates/h3_Templates' is clicked on

2019-04-21 02:37:11 - [MESSAGE][PASSED] - Object: 'Object Repository/Page_KiboEngage  Templates/h3_Templates' is clicked on

2019-04-21 02:37:11 - [TEST_STEP][PASSED] - delay(3): Delayed 3 second(s)

2019-04-21 02:37:14 - [MESSAGE][PASSED] - Delayed 3 second(s)

2019-04-21 02:37:14 - [MESSAGE][PASSED] - Call Test Case 'Test Cases/s-sidebar_navigation/individualAccount/Template' successfully

2019-04-21 02:37:14 - [TEST_STEP][PASSED] - click(findTestObject("Object Repository/Page_KiboPush  Dashboard/button_Create New")): Object: 'Object Repository/Page_KiboPush  Dashboard/button_Create New' is clicked on

2019-04-21 02:37:15 - [MESSAGE][PASSED] - Object: 'Object Repository/Page_KiboPush  Dashboard/button_Create New' is clicked on

2019-04-21 02:37:15 - [TEST_STEP][PASSED] - click(findTestObject("Object Repository/Page_KiboPush  Create Broadcast Tem/h3_Create Broadcast Template")): Object: 'Object Repository/Page_KiboPush  Create Broadcast Tem/h3_Create Broadcast Template' is clicked on

2019-04-21 02:37:15 - [MESSAGE][PASSED] - Object: 'Object Repository/Page_KiboPush  Create Broadcast Tem/h3_Create Broadcast Template' is clicked on

2019-04-21 02:37:15 - [MESSAGE][PASSED] - Call Test Case 'Test Cases/Template testcases/TC0768' successfully

2019-04-21 02:37:15 - [TEST_STEP][PASSED] - click(findTestObject("Page_KiboPush  Create Broadcast Tem/h6_Audio (1)")): Object: 'Object Repository/Page_KiboPush  Create Broadcast Tem/h6_Audio (1)' is clicked on

2019-04-21 02:37:15 - [MESSAGE][PASSED] - Object: 'Object Repository/Page_KiboPush  Create Broadcast Tem/h6_Audio (1)' is clicked on

2019-04-21 02:37:15 - [TEST_STEP][PASSED] - click(findTestObject("Object Repository/Page_KiboEngage  Create Broadcast Template/div_New audio component added")): Object: 'Object Repository/Page_KiboEngage  Create Broadcast Template/div_New audio component added' is clicked on

2019-04-21 02:37:15 - [MESSAGE][PASSED] - Object: 'Object Repository/Page_KiboEngage  Create Broadcast Template/div_New audio component added' is clicked on

2019-04-21 02:37:15 - [MESSAGE][PASSED] - Call Test Case 'Test Cases/Template testcases/TC0801' successfully

2019-04-21 02:37:15 - [TEST_STEP][PASSED] - audio = getProjectDir() + "/audio.mp3": null

2019-04-21 02:37:15 - [TEST_STEP][FAILED] - uploadFile(findTestObject("Page_KiboPush  Create Broadcast Tem/audio_file"), audio): Unable to upload file '/home/faizan/Drive/KiboPush_Automated_Testing/KiboPush Katalon/audio.mp3' to object 'Object Repository/Page_KiboPush  Create Broadcast Tem/audio_file' (Root cause: com.kms.katalon.core.exception.StepFailedException: Unable to upload file '/home/faizan/Drive/KiboPush_Automated_Testing/KiboPush Katalon/audio.mp3' to object 'Object Repository/Page_KiboPush  Create Broadcast Tem/audio_file'
	at com.kms.katalon.core.webui.keyword.internal.WebUIKeywordMain.stepFailed(WebUIKeywordMain.groovy:64)
	at com.kms.katalon.core.webui.keyword.internal.WebUIKeywordMain.runKeyword(WebUIKeywordMain.groovy:26)
	at com.kms.katalon.core.webui.keyword.builtin.UploadFileKeyword.uploadFile(UploadFileKeyword.groovy:87)
	at com.kms.katalon.core.webui.keyword.builtin.UploadFileKeyword.execute(UploadFileKeyword.groovy:68)
	at com.kms.katalon.core.keyword.internal.KeywordExecutor.executeKeywordForPlatform(KeywordExecutor.groovy:56)
	at com.kms.katalon.core.webui.keyword.WebUiBuiltInKeywords.uploadFile(WebUiBuiltInKeywords.groovy:2945)
	at com.kms.katalon.core.webui.keyword.WebUiBuiltInKeywords$uploadFile$8.call(Unknown Source)
	at TC0803.run(TC0803:27)
	at com.kms.katalon.core.main.ScriptEngine.run(ScriptEngine.java:194)
	at com.kms.katalon.core.main.ScriptEngine.runScriptAsRawText(ScriptEngine.java:119)
	at com.kms.katalon.core.main.TestCaseExecutor.runScript(TestCaseExecutor.java:336)
	at com.kms.katalon.core.main.TestCaseExecutor.doExecute(TestCaseExecutor.java:327)
	at com.kms.katalon.core.main.TestCaseExecutor.processExecutionPhase(TestCaseExecutor.java:306)
	at com.kms.katalon.core.main.TestCaseExecutor.accessMainPhase(TestCaseExecutor.java:298)
	at com.kms.katalon.core.main.TestCaseExecutor.execute(TestCaseExecutor.java:232)
	at com.kms.katalon.core.main.TestSuiteExecutor.accessTestCaseMainPhase(TestSuiteExecutor.java:129)
	at com.kms.katalon.core.main.TestSuiteExecutor.accessTestSuiteMainPhase(TestSuiteExecutor.java:112)
	at com.kms.katalon.core.main.TestSuiteExecutor.execute(TestSuiteExecutor.java:81)
	at com.kms.katalon.core.main.TestCaseMain.startTestSuite(TestCaseMain.java:157)
	at com.kms.katalon.core.main.TestCaseMain$startTestSuite$0.call(Unknown Source)
	at TempTestSuite1555795243480.run(TempTestSuite1555795243480.groovy:35)
Caused by: com.kms.katalon.core.webui.exception.WebElementNotFoundException: Web element with id: 'Object Repository/Page_KiboPush  Create Broadcast Tem/audio_file' located by 'By.xpath: //*[@id="List1"]/div/div/div[3]/div/input' not found
	at com.kms.katalon.core.webui.common.WebUiCommonHelper.findWebElement(WebUiCommonHelper.java:1097)
	at com.kms.katalon.core.webui.keyword.internal.WebUIAbstractKeyword.findWebElement(WebUIAbstractKeyword.groovy:27)
	at com.kms.katalon.core.webui.keyword.internal.WebUIAbstractKeyword.findWebElement(WebUIAbstractKeyword.groovy:26)
	at com.kms.katalon.core.webui.keyword.builtin.UploadFileKeyword$_uploadFile_closure1.doCall(UploadFileKeyword.groovy:79)
	at com.kms.katalon.core.webui.keyword.builtin.UploadFileKeyword$_uploadFile_closure1.call(UploadFileKeyword.groovy)
	at com.kms.katalon.core.webui.keyword.internal.WebUIKeywordMain.runKeyword(WebUIKeywordMain.groovy:20)
	at com.kms.katalon.core.webui.keyword.builtin.UploadFileKeyword.uploadFile(UploadFileKeyword.groovy:87)
	at com.kms.katalon.core.webui.keyword.builtin.UploadFileKeyword.execute(UploadFileKeyword.groovy:68)
	at com.kms.katalon.core.keyword.internal.KeywordExecutor.executeKeywordForPlatform(KeywordExecutor.groovy:56)
	at com.kms.katalon.core.webui.keyword.WebUiBuiltInKeywords.uploadFile(WebUiBuiltInKeywords.groovy:2945)
	at com.kms.katalon.core.webui.keyword.WebUiBuiltInKeywords$uploadFile$8.call(Unknown Source)
	at Script1537082457237.run(Script1537082457237.groovy:27)
	... 13 more
)

2019-04-21 02:37:46 - [MESSAGE][INFO] - Unable to find the element located by 'By.xpath: //*[@id="List1"]/div/div/div[3]/div/input'. Please recheck the objects properties to make sure the desired element is located. 

2019-04-21 02:37:47 - [MESSAGE][FAILED] - Unable to upload file '/home/faizan/Drive/KiboPush_Automated_Testing/KiboPush Katalon/audio.mp3' to object 'Object Repository/Page_KiboPush  Create Broadcast Tem/audio_file' (Root cause: com.kms.katalon.core.exception.StepFailedException: Unable to upload file '/home/faizan/Drive/KiboPush_Automated_Testing/KiboPush Katalon/audio.mp3' to object 'Object Repository/Page_KiboPush  Create Broadcast Tem/audio_file'
	at com.kms.katalon.core.webui.keyword.internal.WebUIKeywordMain.stepFailed(WebUIKeywordMain.groovy:64)
	at com.kms.katalon.core.webui.keyword.internal.WebUIKeywordMain.runKeyword(WebUIKeywordMain.groovy:26)
	at com.kms.katalon.core.webui.keyword.builtin.UploadFileKeyword.uploadFile(UploadFileKeyword.groovy:87)
	at com.kms.katalon.core.webui.keyword.builtin.UploadFileKeyword.execute(UploadFileKeyword.groovy:68)
	at com.kms.katalon.core.keyword.internal.KeywordExecutor.executeKeywordForPlatform(KeywordExecutor.groovy:56)
	at com.kms.katalon.core.webui.keyword.WebUiBuiltInKeywords.uploadFile(WebUiBuiltInKeywords.groovy:2945)
	at com.kms.katalon.core.webui.keyword.WebUiBuiltInKeywords$uploadFile$8.call(Unknown Source)
	at TC0803.run(TC0803:27)
	at com.kms.katalon.core.main.ScriptEngine.run(ScriptEngine.java:194)
	at com.kms.katalon.core.main.ScriptEngine.runScriptAsRawText(ScriptEngine.java:119)
	at com.kms.katalon.core.main.TestCaseExecutor.runScript(TestCaseExecutor.java:336)
	at com.kms.katalon.core.main.TestCaseExecutor.doExecute(TestCaseExecutor.java:327)
	at com.kms.katalon.core.main.TestCaseExecutor.processExecutionPhase(TestCaseExecutor.java:306)
	at com.kms.katalon.core.main.TestCaseExecutor.accessMainPhase(TestCaseExecutor.java:298)
	at com.kms.katalon.core.main.TestCaseExecutor.execute(TestCaseExecutor.java:232)
	at com.kms.katalon.core.main.TestSuiteExecutor.accessTestCaseMainPhase(TestSuiteExecutor.java:129)
	at com.kms.katalon.core.main.TestSuiteExecutor.accessTestSuiteMainPhase(TestSuiteExecutor.java:112)
	at com.kms.katalon.core.main.TestSuiteExecutor.execute(TestSuiteExecutor.java:81)
	at com.kms.katalon.core.main.TestCaseMain.startTestSuite(TestCaseMain.java:157)
	at com.kms.katalon.core.main.TestCaseMain$startTestSuite$0.call(Unknown Source)
	at TempTestSuite1555795243480.run(TempTestSuite1555795243480.groovy:35)
Caused by: com.kms.katalon.core.webui.exception.WebElementNotFoundException: Web element with id: 'Object Repository/Page_KiboPush  Create Broadcast Tem/audio_file' located by 'By.xpath: //*[@id="List1"]/div/div/div[3]/div/input' not found
	at com.kms.katalon.core.webui.common.WebUiCommonHelper.findWebElement(WebUiCommonHelper.java:1097)
	at com.kms.katalon.core.webui.keyword.internal.WebUIAbstractKeyword.findWebElement(WebUIAbstractKeyword.groovy:27)
	at com.kms.katalon.core.webui.keyword.internal.WebUIAbstractKeyword.findWebElement(WebUIAbstractKeyword.groovy:26)
	at com.kms.katalon.core.webui.keyword.builtin.UploadFileKeyword$_uploadFile_closure1.doCall(UploadFileKeyword.groovy:79)
	at com.kms.katalon.core.webui.keyword.builtin.UploadFileKeyword$_uploadFile_closure1.call(UploadFileKeyword.groovy)
	at com.kms.katalon.core.webui.keyword.internal.WebUIKeywordMain.runKeyword(WebUIKeywordMain.groovy:20)
	at com.kms.katalon.core.webui.keyword.builtin.UploadFileKeyword.uploadFile(UploadFileKeyword.groovy:87)
	at com.kms.katalon.core.webui.keyword.builtin.UploadFileKeyword.execute(UploadFileKeyword.groovy:68)
	at com.kms.katalon.core.keyword.internal.KeywordExecutor.executeKeywordForPlatform(KeywordExecutor.groovy:56)
	at com.kms.katalon.core.webui.keyword.WebUiBuiltInKeywords.uploadFile(WebUiBuiltInKeywords.groovy:2945)
	at com.kms.katalon.core.webui.keyword.WebUiBuiltInKeywords$uploadFile$8.call(Unknown Source)
	at Script1537082457237.run(Script1537082457237.groovy:27)
	... 13 more
)
[[ATTACHMENT|/home/faizan/Drive/KiboPush_Automated_Testing/KiboPush Katalon/Reports/Faizan Suits/Template/20190421_022043/1555796266958.png]]]]></system-out>
         <system-err><![CDATA[2019-04-21 02:37:05 - [TEST_CASE][FAILED] - Test Cases/Template testcases/TC0803: Test Cases/Template testcases/TC0803 FAILED.
Reason:
com.kms.katalon.core.exception.StepFailedException: Unable to upload file '/home/faizan/Drive/KiboPush_Automated_Testing/KiboPush Katalon/audio.mp3' to object 'Object Repository/Page_KiboPush  Create Broadcast Tem/audio_file'
	at com.kms.katalon.core.webui.keyword.internal.WebUIKeywordMain.stepFailed(WebUIKeywordMain.groovy:64)
	at com.kms.katalon.core.webui.keyword.internal.WebUIKeywordMain.runKeyword(WebUIKeywordMain.groovy:26)
	at com.kms.katalon.core.webui.keyword.builtin.UploadFileKeyword.uploadFile(UploadFileKeyword.groovy:87)
	at com.kms.katalon.core.webui.keyword.builtin.UploadFileKeyword.execute(UploadFileKeyword.groovy:68)
	at com.kms.katalon.core.keyword.internal.KeywordExecutor.executeKeywordForPlatform(KeywordExecutor.groovy:56)
	at com.kms.katalon.core.webui.keyword.WebUiBuiltInKeywords.uploadFile(WebUiBuiltInKeywords.groovy:2945)
	at com.kms.katalon.core.webui.keyword.WebUiBuiltInKeywords$uploadFile$8.call(Unknown Source)
	at TC0803.run(TC0803:27)
	at com.kms.katalon.core.main.ScriptEngine.run(ScriptEngine.java:194)
	at com.kms.katalon.core.main.ScriptEngine.runScriptAsRawText(ScriptEngine.java:119)
	at com.kms.katalon.core.main.TestCaseExecutor.runScript(TestCaseExecutor.java:336)
	at com.kms.katalon.core.main.TestCaseExecutor.doExecute(TestCaseExecutor.java:327)
	at com.kms.katalon.core.main.TestCaseExecutor.processExecutionPhase(TestCaseExecutor.java:306)
	at com.kms.katalon.core.main.TestCaseExecutor.accessMainPhase(TestCaseExecutor.java:298)
	at com.kms.katalon.core.main.TestCaseExecutor.execute(TestCaseExecutor.java:232)
	at com.kms.katalon.core.main.TestSuiteExecutor.accessTestCaseMainPhase(TestSuiteExecutor.java:129)
	at com.kms.katalon.core.main.TestSuiteExecutor.accessTestSuiteMainPhase(TestSuiteExecutor.java:112)
	at com.kms.katalon.core.main.TestSuiteExecutor.execute(TestSuiteExecutor.java:81)
	at com.kms.katalon.core.main.TestCaseMain.startTestSuite(TestCaseMain.java:157)
	at com.kms.katalon.core.main.TestCaseMain$startTestSuite$0.call(Unknown Source)
	at TempTestSuite1555795243480.run(TempTestSuite1555795243480.groovy:35)
Caused by: com.kms.katalon.core.webui.exception.WebElementNotFoundException: Web element with id: 'Object Repository/Page_KiboPush  Create Broadcast Tem/audio_file' located by 'By.xpath: //*[@id="List1"]/div/div/div[3]/div/input' not found
	at com.kms.katalon.core.webui.common.WebUiCommonHelper.findWebElement(WebUiCommonHelper.java:1097)
	at com.kms.katalon.core.webui.keyword.internal.WebUIAbstractKeyword.findWebElement(WebUIAbstractKeyword.groovy:27)
	at com.kms.katalon.core.webui.keyword.internal.WebUIAbstractKeyword.findWebElement(WebUIAbstractKeyword.groovy:26)
	at com.kms.katalon.core.webui.keyword.builtin.UploadFileKeyword$_uploadFile_closure1.doCall(UploadFileKeyword.groovy:79)
	at com.kms.katalon.core.webui.keyword.builtin.UploadFileKeyword$_uploadFile_closure1.call(UploadFileKeyword.groovy)
	at com.kms.katalon.core.webui.keyword.internal.WebUIKeywordMain.runKeyword(WebUIKeywordMain.groovy:20)
	at com.kms.katalon.core.webui.keyword.builtin.UploadFileKeyword.uploadFile(UploadFileKeyword.groovy:87)
	at com.kms.katalon.core.webui.keyword.builtin.UploadFileKeyword.execute(UploadFileKeyword.groovy:68)
	at com.kms.katalon.core.keyword.internal.KeywordExecutor.executeKeywordForPlatform(KeywordExecutor.groovy:56)
	at com.kms.katalon.core.webui.keyword.WebUiBuiltInKeywords.uploadFile(WebUiBuiltInKeywords.groovy:2945)
	at com.kms.katalon.core.webui.keyword.WebUiBuiltInKeywords$uploadFile$8.call(Unknown Source)
	at Script1537082457237.run(Script1537082457237.groovy:27)
	... 13 more]]></system-err>
      </testcase>
      <testcase name="Test Cases/Template testcases/TC0804" classname="Test Cases/Template testcases/TC0804" status="FAILED">
         <failure type="FAILED" message="Test Cases/Template testcases/TC0804 FAILED.
Reason:
com.kms.katalon.core.exception.StepFailedException: Call Test Case 'Test Cases/Template testcases/TC0803' failed
	at com.kms.katalon.core.keyword.builtin.CallTestCaseKeyword$_callTestCase_closure1.doCall(CallTestCaseKeyword.groovy:63)
	at com.kms.katalon.core.keyword.builtin.CallTestCaseKeyword$_callTestCase_closure1.call(CallTestCaseKeyword.groovy)
	at com.kms.katalon.core.keyword.internal.KeywordMain.runKeyword(KeywordMain.groovy:66)
	at com.kms.katalon.core.keyword.builtin.CallTestCaseKeyword.callTestCase(CallTestCaseKeyword.groovy:81)
	at com.kms.katalon.core.keyword.builtin.CallTestCaseKeyword.execute(CallTestCaseKeyword.groovy:44)
	at com.kms.katalon.core.keyword.internal.KeywordExecutor.executeKeywordForPlatform(KeywordExecutor.groovy:56)
	at com.kms.katalon.core.keyword.BuiltinKeywords.callTestCase(BuiltinKeywords.groovy:334)
	at TC0804.run(TC0804:22)
	at com.kms.katalon.core.main.ScriptEngine.run(ScriptEngine.java:194)
	at com.kms.katalon.core.main.ScriptEngine.runScriptAsRawText(ScriptEngine.java:119)
	at com.kms.katalon.core.main.TestCaseExecutor.runScript(TestCaseExecutor.java:336)
	at com.kms.katalon.core.main.TestCaseExecutor.doExecute(TestCaseExecutor.java:327)
	at com.kms.katalon.core.main.TestCaseExecutor.processExecutionPhase(TestCaseExecutor.java:306)
	at com.kms.katalon.core.main.TestCaseExecutor.accessMainPhase(TestCaseExecutor.java:298)
	at com.kms.katalon.core.main.TestCaseExecutor.execute(TestCaseExecutor.java:232)
	at com.kms.katalon.core.main.TestSuiteExecutor.accessTestCaseMainPhase(TestSuiteExecutor.java:129)
	at com.kms.katalon.core.main.TestSuiteExecutor.accessTestSuiteMainPhase(TestSuiteExecutor.java:112)
	at com.kms.katalon.core.main.TestSuiteExecutor.execute(TestSuiteExecutor.java:81)
	at com.kms.katalon.core.main.TestCaseMain.startTestSuite(TestCaseMain.java:157)
	at com.kms.katalon.core.main.TestCaseMain$startTestSuite$0.call(Unknown Source)
	at TempTestSuite1555795243480.run(TempTestSuite1555795243480.groovy:35)
Caused by: com.kms.katalon.core.exception.StepFailedException: Unable to upload file '/home/faizan/Drive/KiboPush_Automated_Testing/KiboPush Katalon/audio.mp3' to object 'Object Repository/Page_KiboPush  Create Broadcast Tem/audio_file'
	at com.kms.katalon.core.webui.keyword.internal.WebUIKeywordMain.stepFailed(WebUIKeywordMain.groovy:64)
	at com.kms.katalon.core.webui.keyword.internal.WebUIKeywordMain.runKeyword(WebUIKeywordMain.groovy:26)
	at com.kms.katalon.core.webui.keyword.builtin.UploadFileKeyword.uploadFile(UploadFileKeyword.groovy:87)
	at com.kms.katalon.core.webui.keyword.builtin.UploadFileKeyword.execute(UploadFileKeyword.groovy:68)
	at com.kms.katalon.core.keyword.internal.KeywordExecutor.executeKeywordForPlatform(KeywordExecutor.groovy:56)
	at com.kms.katalon.core.webui.keyword.WebUiBuiltInKeywords.uploadFile(WebUiBuiltInKeywords.groovy:2945)
	at com.kms.katalon.core.webui.keyword.WebUiBuiltInKeywords$uploadFile$8.call(Unknown Source)
	at TC0803.run(TC0803:27)
	at com.kms.katalon.core.main.ScriptEngine.run(ScriptEngine.java:194)
	at com.kms.katalon.core.main.ScriptEngine.runScriptAsRawText(ScriptEngine.java:119)
	at com.kms.katalon.core.main.TestCaseExecutor.runScript(TestCaseExecutor.java:336)
	at com.kms.katalon.core.main.TestCaseExecutor.doExecute(TestCaseExecutor.java:327)
	at com.kms.katalon.core.main.TestCaseExecutor.processExecutionPhase(TestCaseExecutor.java:306)
	at com.kms.katalon.core.main.TestCaseExecutor.accessMainPhase(TestCaseExecutor.java:298)
	at com.kms.katalon.core.main.TestCaseExecutor.execute(TestCaseExecutor.java:232)
	at com.kms.katalon.core.main.TestCaseMain.runTestCase(TestCaseMain.java:114)
	at com.kms.katalon.core.keyword.builtin.CallTestCaseKeyword$_callTestCase_closure1.doCall(CallTestCaseKeyword.groovy:59)
	... 20 more
Caused by: com.kms.katalon.core.webui.exception.WebElementNotFoundException: Web element with id: 'Object Repository/Page_KiboPush  Create Broadcast Tem/audio_file' located by 'By.xpath: //*[@id=&quot;List1&quot;]/div/div/div[3]/div/input' not found
	at com.kms.katalon.core.webui.common.WebUiCommonHelper.findWebElement(WebUiCommonHelper.java:1097)
	at com.kms.katalon.core.webui.keyword.internal.WebUIAbstractKeyword.findWebElement(WebUIAbstractKeyword.groovy:27)
	at com.kms.katalon.core.webui.keyword.internal.WebUIAbstractKeyword.findWebElement(WebUIAbstractKeyword.groovy:26)
	at com.kms.katalon.core.webui.keyword.builtin.UploadFileKeyword$_uploadFile_closure1.doCall(UploadFileKeyword.groovy:79)
	at com.kms.katalon.core.webui.keyword.builtin.UploadFileKeyword$_uploadFile_closure1.call(UploadFileKeyword.groovy)
	at com.kms.katalon.core.webui.keyword.internal.WebUIKeywordMain.runKeyword(WebUIKeywordMain.groovy:20)
	at com.kms.katalon.core.webui.keyword.builtin.UploadFileKeyword.uploadFile(UploadFileKeyword.groovy:87)
	at com.kms.katalon.core.webui.keyword.builtin.UploadFileKeyword.execute(UploadFileKeyword.groovy:68)
	at com.kms.katalon.core.keyword.internal.KeywordExecutor.executeKeywordForPlatform(KeywordExecutor.groovy:56)
	at com.kms.katalon.core.webui.keyword.WebUiBuiltInKeywords.uploadFile(WebUiBuiltInKeywords.groovy:2945)
	at com.kms.katalon.core.webui.keyword.WebUiBuiltInKeywords$uploadFile$8.call(Unknown Source)
	at Script1537082457237.run(Script1537082457237.groovy:27)
	at com.kms.katalon.core.main.ScriptEngine.run(ScriptEngine.java:194)
	at com.kms.katalon.core.main.ScriptEngine.runScriptAsRawText(ScriptEngine.java:119)
	at com.kms.katalon.core.main.TestCaseExecutor.runScript(TestCaseExecutor.java:336)
	at com.kms.katalon.core.main.TestCaseExecutor.doExecute(TestCaseExecutor.java:327)
	at com.kms.katalon.core.main.TestCaseExecutor.processExecutionPhase(TestCaseExecutor.java:306)
	at com.kms.katalon.core.main.TestCaseExecutor.accessMainPhase(TestCaseExecutor.java:298)
	at com.kms.katalon.core.main.TestCaseExecutor.execute(TestCaseExecutor.java:232)
	at com.kms.katalon.core.main.TestCaseMain.runTestCase(TestCaseMain.java:114)
	at com.kms.katalon.core.keyword.builtin.CallTestCaseKeyword$_callTestCase_closure1.doCall(CallTestCaseKeyword.groovy:59)
	at com.kms.katalon.core.keyword.builtin.CallTestCaseKeyword$_callTestCase_closure1.call(CallTestCaseKeyword.groovy)
	at com.kms.katalon.core.keyword.internal.KeywordMain.runKeyword(KeywordMain.groovy:66)
	at com.kms.katalon.core.keyword.builtin.CallTestCaseKeyword.callTestCase(CallTestCaseKeyword.groovy:81)
	at com.kms.katalon.core.keyword.builtin.CallTestCaseKeyword.execute(CallTestCaseKeyword.groovy:44)
	at com.kms.katalon.core.keyword.internal.KeywordExecutor.executeKeywordForPlatform(KeywordExecutor.groovy:56)
	at com.kms.katalon.core.keyword.BuiltinKeywords.callTestCase(BuiltinKeywords.groovy:334)
	at Script1537083100269.run(Script1537083100269.groovy:22)
	... 13 more
"/>
         <system-out><![CDATA[2019-04-21 02:37:47 - [TEST_CASE][FAILED] - Test Cases/Template testcases/TC0804: Test Cases/Template testcases/TC0804 FAILED.
Reason:
com.kms.katalon.core.exception.StepFailedException: Call Test Case 'Test Cases/Template testcases/TC0803' failed
	at com.kms.katalon.core.keyword.builtin.CallTestCaseKeyword$_callTestCase_closure1.doCall(CallTestCaseKeyword.groovy:63)
	at com.kms.katalon.core.keyword.builtin.CallTestCaseKeyword$_callTestCase_closure1.call(CallTestCaseKeyword.groovy)
	at com.kms.katalon.core.keyword.internal.KeywordMain.runKeyword(KeywordMain.groovy:66)
	at com.kms.katalon.core.keyword.builtin.CallTestCaseKeyword.callTestCase(CallTestCaseKeyword.groovy:81)
	at com.kms.katalon.core.keyword.builtin.CallTestCaseKeyword.execute(CallTestCaseKeyword.groovy:44)
	at com.kms.katalon.core.keyword.internal.KeywordExecutor.executeKeywordForPlatform(KeywordExecutor.groovy:56)
	at com.kms.katalon.core.keyword.BuiltinKeywords.callTestCase(BuiltinKeywords.groovy:334)
	at TC0804.run(TC0804:22)
	at com.kms.katalon.core.main.ScriptEngine.run(ScriptEngine.java:194)
	at com.kms.katalon.core.main.ScriptEngine.runScriptAsRawText(ScriptEngine.java:119)
	at com.kms.katalon.core.main.TestCaseExecutor.runScript(TestCaseExecutor.java:336)
	at com.kms.katalon.core.main.TestCaseExecutor.doExecute(TestCaseExecutor.java:327)
	at com.kms.katalon.core.main.TestCaseExecutor.processExecutionPhase(TestCaseExecutor.java:306)
	at com.kms.katalon.core.main.TestCaseExecutor.accessMainPhase(TestCaseExecutor.java:298)
	at com.kms.katalon.core.main.TestCaseExecutor.execute(TestCaseExecutor.java:232)
	at com.kms.katalon.core.main.TestSuiteExecutor.accessTestCaseMainPhase(TestSuiteExecutor.java:129)
	at com.kms.katalon.core.main.TestSuiteExecutor.accessTestSuiteMainPhase(TestSuiteExecutor.java:112)
	at com.kms.katalon.core.main.TestSuiteExecutor.execute(TestSuiteExecutor.java:81)
	at com.kms.katalon.core.main.TestCaseMain.startTestSuite(TestCaseMain.java:157)
	at com.kms.katalon.core.main.TestCaseMain$startTestSuite$0.call(Unknown Source)
	at TempTestSuite1555795243480.run(TempTestSuite1555795243480.groovy:35)
Caused by: com.kms.katalon.core.exception.StepFailedException: Unable to upload file '/home/faizan/Drive/KiboPush_Automated_Testing/KiboPush Katalon/audio.mp3' to object 'Object Repository/Page_KiboPush  Create Broadcast Tem/audio_file'
	at com.kms.katalon.core.webui.keyword.internal.WebUIKeywordMain.stepFailed(WebUIKeywordMain.groovy:64)
	at com.kms.katalon.core.webui.keyword.internal.WebUIKeywordMain.runKeyword(WebUIKeywordMain.groovy:26)
	at com.kms.katalon.core.webui.keyword.builtin.UploadFileKeyword.uploadFile(UploadFileKeyword.groovy:87)
	at com.kms.katalon.core.webui.keyword.builtin.UploadFileKeyword.execute(UploadFileKeyword.groovy:68)
	at com.kms.katalon.core.keyword.internal.KeywordExecutor.executeKeywordForPlatform(KeywordExecutor.groovy:56)
	at com.kms.katalon.core.webui.keyword.WebUiBuiltInKeywords.uploadFile(WebUiBuiltInKeywords.groovy:2945)
	at com.kms.katalon.core.webui.keyword.WebUiBuiltInKeywords$uploadFile$8.call(Unknown Source)
	at TC0803.run(TC0803:27)
	at com.kms.katalon.core.main.ScriptEngine.run(ScriptEngine.java:194)
	at com.kms.katalon.core.main.ScriptEngine.runScriptAsRawText(ScriptEngine.java:119)
	at com.kms.katalon.core.main.TestCaseExecutor.runScript(TestCaseExecutor.java:336)
	at com.kms.katalon.core.main.TestCaseExecutor.doExecute(TestCaseExecutor.java:327)
	at com.kms.katalon.core.main.TestCaseExecutor.processExecutionPhase(TestCaseExecutor.java:306)
	at com.kms.katalon.core.main.TestCaseExecutor.accessMainPhase(TestCaseExecutor.java:298)
	at com.kms.katalon.core.main.TestCaseExecutor.execute(TestCaseExecutor.java:232)
	at com.kms.katalon.core.main.TestCaseMain.runTestCase(TestCaseMain.java:114)
	at com.kms.katalon.core.keyword.builtin.CallTestCaseKeyword$_callTestCase_closure1.doCall(CallTestCaseKeyword.groovy:59)
	... 20 more
Caused by: com.kms.katalon.core.webui.exception.WebElementNotFoundException: Web element with id: 'Object Repository/Page_KiboPush  Create Broadcast Tem/audio_file' located by 'By.xpath: //*[@id="List1"]/div/div/div[3]/div/input' not found
	at com.kms.katalon.core.webui.common.WebUiCommonHelper.findWebElement(WebUiCommonHelper.java:1097)
	at com.kms.katalon.core.webui.keyword.internal.WebUIAbstractKeyword.findWebElement(WebUIAbstractKeyword.groovy:27)
	at com.kms.katalon.core.webui.keyword.internal.WebUIAbstractKeyword.findWebElement(WebUIAbstractKeyword.groovy:26)
	at com.kms.katalon.core.webui.keyword.builtin.UploadFileKeyword$_uploadFile_closure1.doCall(UploadFileKeyword.groovy:79)
	at com.kms.katalon.core.webui.keyword.builtin.UploadFileKeyword$_uploadFile_closure1.call(UploadFileKeyword.groovy)
	at com.kms.katalon.core.webui.keyword.internal.WebUIKeywordMain.runKeyword(WebUIKeywordMain.groovy:20)
	at com.kms.katalon.core.webui.keyword.builtin.UploadFileKeyword.uploadFile(UploadFileKeyword.groovy:87)
	at com.kms.katalon.core.webui.keyword.builtin.UploadFileKeyword.execute(UploadFileKeyword.groovy:68)
	at com.kms.katalon.core.keyword.internal.KeywordExecutor.executeKeywordForPlatform(KeywordExecutor.groovy:56)
	at com.kms.katalon.core.webui.keyword.WebUiBuiltInKeywords.uploadFile(WebUiBuiltInKeywords.groovy:2945)
	at com.kms.katalon.core.webui.keyword.WebUiBuiltInKeywords$uploadFile$8.call(Unknown Source)
	at Script1537082457237.run(Script1537082457237.groovy:27)
	at com.kms.katalon.core.main.ScriptEngine.run(ScriptEngine.java:194)
	at com.kms.katalon.core.main.ScriptEngine.runScriptAsRawText(ScriptEngine.java:119)
	at com.kms.katalon.core.main.TestCaseExecutor.runScript(TestCaseExecutor.java:336)
	at com.kms.katalon.core.main.TestCaseExecutor.doExecute(TestCaseExecutor.java:327)
	at com.kms.katalon.core.main.TestCaseExecutor.processExecutionPhase(TestCaseExecutor.java:306)
	at com.kms.katalon.core.main.TestCaseExecutor.accessMainPhase(TestCaseExecutor.java:298)
	at com.kms.katalon.core.main.TestCaseExecutor.execute(TestCaseExecutor.java:232)
	at com.kms.katalon.core.main.TestCaseMain.runTestCase(TestCaseMain.java:114)
	at com.kms.katalon.core.keyword.builtin.CallTestCaseKeyword$_callTestCase_closure1.doCall(CallTestCaseKeyword.groovy:59)
	at com.kms.katalon.core.keyword.builtin.CallTestCaseKeyword$_callTestCase_closure1.call(CallTestCaseKeyword.groovy)
	at com.kms.katalon.core.keyword.internal.KeywordMain.runKeyword(KeywordMain.groovy:66)
	at com.kms.katalon.core.keyword.builtin.CallTestCaseKeyword.callTestCase(CallTestCaseKeyword.groovy:81)
	at com.kms.katalon.core.keyword.builtin.CallTestCaseKeyword.execute(CallTestCaseKeyword.groovy:44)
	at com.kms.katalon.core.keyword.internal.KeywordExecutor.executeKeywordForPlatform(KeywordExecutor.groovy:56)
	at com.kms.katalon.core.keyword.BuiltinKeywords.callTestCase(BuiltinKeywords.groovy:334)
	at Script1537083100269.run(Script1537083100269.groovy:22)
	... 13 more


2019-04-21 02:37:47 - [TEST_STEP][FAILED] - callTestCase(findTestCase("Template testcases/TC0803"), [:], STOP_ON_FAILURE): Unable to call Test Case 'Test Cases/Template testcases/TC0803' (Root cause: com.kms.katalon.core.exception.StepFailedException: Call Test Case 'Test Cases/Template testcases/TC0803' failed
	at com.kms.katalon.core.keyword.builtin.CallTestCaseKeyword$_callTestCase_closure1.doCall(CallTestCaseKeyword.groovy:63)
	at com.kms.katalon.core.keyword.builtin.CallTestCaseKeyword$_callTestCase_closure1.call(CallTestCaseKeyword.groovy)
	at com.kms.katalon.core.keyword.internal.KeywordMain.runKeyword(KeywordMain.groovy:66)
	at com.kms.katalon.core.keyword.builtin.CallTestCaseKeyword.callTestCase(CallTestCaseKeyword.groovy:81)
	at com.kms.katalon.core.keyword.builtin.CallTestCaseKeyword.execute(CallTestCaseKeyword.groovy:44)
	at com.kms.katalon.core.keyword.internal.KeywordExecutor.executeKeywordForPlatform(KeywordExecutor.groovy:56)
	at com.kms.katalon.core.keyword.BuiltinKeywords.callTestCase(BuiltinKeywords.groovy:334)
	at TC0804.run(TC0804:22)
	at com.kms.katalon.core.main.ScriptEngine.run(ScriptEngine.java:194)
	at com.kms.katalon.core.main.ScriptEngine.runScriptAsRawText(ScriptEngine.java:119)
	at com.kms.katalon.core.main.TestCaseExecutor.runScript(TestCaseExecutor.java:336)
	at com.kms.katalon.core.main.TestCaseExecutor.doExecute(TestCaseExecutor.java:327)
	at com.kms.katalon.core.main.TestCaseExecutor.processExecutionPhase(TestCaseExecutor.java:306)
	at com.kms.katalon.core.main.TestCaseExecutor.accessMainPhase(TestCaseExecutor.java:298)
	at com.kms.katalon.core.main.TestCaseExecutor.execute(TestCaseExecutor.java:232)
	at com.kms.katalon.core.main.TestSuiteExecutor.accessTestCaseMainPhase(TestSuiteExecutor.java:129)
	at com.kms.katalon.core.main.TestSuiteExecutor.accessTestSuiteMainPhase(TestSuiteExecutor.java:112)
	at com.kms.katalon.core.main.TestSuiteExecutor.execute(TestSuiteExecutor.java:81)
	at com.kms.katalon.core.main.TestCaseMain.startTestSuite(TestCaseMain.java:157)
	at com.kms.katalon.core.main.TestCaseMain$startTestSuite$0.call(Unknown Source)
	at TempTestSuite1555795243480.run(TempTestSuite1555795243480.groovy:35)
Caused by: com.kms.katalon.core.exception.StepFailedException: Unable to upload file '/home/faizan/Drive/KiboPush_Automated_Testing/KiboPush Katalon/audio.mp3' to object 'Object Repository/Page_KiboPush  Create Broadcast Tem/audio_file'
	at com.kms.katalon.core.webui.keyword.internal.WebUIKeywordMain.stepFailed(WebUIKeywordMain.groovy:64)
	at com.kms.katalon.core.webui.keyword.internal.WebUIKeywordMain.runKeyword(WebUIKeywordMain.groovy:26)
	at com.kms.katalon.core.webui.keyword.builtin.UploadFileKeyword.uploadFile(UploadFileKeyword.groovy:87)
	at com.kms.katalon.core.webui.keyword.builtin.UploadFileKeyword.execute(UploadFileKeyword.groovy:68)
	at com.kms.katalon.core.keyword.internal.KeywordExecutor.executeKeywordForPlatform(KeywordExecutor.groovy:56)
	at com.kms.katalon.core.webui.keyword.WebUiBuiltInKeywords.uploadFile(WebUiBuiltInKeywords.groovy:2945)
	at com.kms.katalon.core.webui.keyword.WebUiBuiltInKeywords$uploadFile$8.call(Unknown Source)
	at TC0803.run(TC0803:27)
	at com.kms.katalon.core.main.ScriptEngine.run(ScriptEngine.java:194)
	at com.kms.katalon.core.main.ScriptEngine.runScriptAsRawText(ScriptEngine.java:119)
	at com.kms.katalon.core.main.TestCaseExecutor.runScript(TestCaseExecutor.java:336)
	at com.kms.katalon.core.main.TestCaseExecutor.doExecute(TestCaseExecutor.java:327)
	at com.kms.katalon.core.main.TestCaseExecutor.processExecutionPhase(TestCaseExecutor.java:306)
	at com.kms.katalon.core.main.TestCaseExecutor.accessMainPhase(TestCaseExecutor.java:298)
	at com.kms.katalon.core.main.TestCaseExecutor.execute(TestCaseExecutor.java:232)
	at com.kms.katalon.core.main.TestCaseMain.runTestCase(TestCaseMain.java:114)
	at com.kms.katalon.core.keyword.builtin.CallTestCaseKeyword$_callTestCase_closure1.doCall(CallTestCaseKeyword.groovy:59)
	... 20 more
Caused by: com.kms.katalon.core.webui.exception.WebElementNotFoundException: Web element with id: 'Object Repository/Page_KiboPush  Create Broadcast Tem/audio_file' located by 'By.xpath: //*[@id="List1"]/div/div/div[3]/div/input' not found
	at com.kms.katalon.core.webui.common.WebUiCommonHelper.findWebElement(WebUiCommonHelper.java:1097)
	at com.kms.katalon.core.webui.keyword.internal.WebUIAbstractKeyword.findWebElement(WebUIAbstractKeyword.groovy:27)
	at com.kms.katalon.core.webui.keyword.internal.WebUIAbstractKeyword.findWebElement(WebUIAbstractKeyword.groovy:26)
	at com.kms.katalon.core.webui.keyword.builtin.UploadFileKeyword$_uploadFile_closure1.doCall(UploadFileKeyword.groovy:79)
	at com.kms.katalon.core.webui.keyword.builtin.UploadFileKeyword$_uploadFile_closure1.call(UploadFileKeyword.groovy)
	at com.kms.katalon.core.webui.keyword.internal.WebUIKeywordMain.runKeyword(WebUIKeywordMain.groovy:20)
	at com.kms.katalon.core.webui.keyword.builtin.UploadFileKeyword.uploadFile(UploadFileKeyword.groovy:87)
	at com.kms.katalon.core.webui.keyword.builtin.UploadFileKeyword.execute(UploadFileKeyword.groovy:68)
	at com.kms.katalon.core.keyword.internal.KeywordExecutor.executeKeywordForPlatform(KeywordExecutor.groovy:56)
	at com.kms.katalon.core.webui.keyword.WebUiBuiltInKeywords.uploadFile(WebUiBuiltInKeywords.groovy:2945)
	at com.kms.katalon.core.webui.keyword.WebUiBuiltInKeywords$uploadFile$8.call(Unknown Source)
	at Script1537082457237.run(Script1537082457237.groovy:27)
	at com.kms.katalon.core.main.ScriptEngine.run(ScriptEngine.java:194)
	at com.kms.katalon.core.main.ScriptEngine.runScriptAsRawText(ScriptEngine.java:119)
	at com.kms.katalon.core.main.TestCaseExecutor.runScript(TestCaseExecutor.java:336)
	at com.kms.katalon.core.main.TestCaseExecutor.doExecute(TestCaseExecutor.java:327)
	at com.kms.katalon.core.main.TestCaseExecutor.processExecutionPhase(TestCaseExecutor.java:306)
	at com.kms.katalon.core.main.TestCaseExecutor.accessMainPhase(TestCaseExecutor.java:298)
	at com.kms.katalon.core.main.TestCaseExecutor.execute(TestCaseExecutor.java:232)
	at com.kms.katalon.core.main.TestCaseMain.runTestCase(TestCaseMain.java:114)
	at com.kms.katalon.core.keyword.builtin.CallTestCaseKeyword$_callTestCase_closure1.doCall(CallTestCaseKeyword.groovy:59)
	at com.kms.katalon.core.keyword.builtin.CallTestCaseKeyword$_callTestCase_closure1.call(CallTestCaseKeyword.groovy)
	at com.kms.katalon.core.keyword.internal.KeywordMain.runKeyword(KeywordMain.groovy:66)
	at com.kms.katalon.core.keyword.builtin.CallTestCaseKeyword.callTestCase(CallTestCaseKeyword.groovy:81)
	at com.kms.katalon.core.keyword.builtin.CallTestCaseKeyword.execute(CallTestCaseKeyword.groovy:44)
	at com.kms.katalon.core.keyword.internal.KeywordExecutor.executeKeywordForPlatform(KeywordExecutor.groovy:56)
	at com.kms.katalon.core.keyword.BuiltinKeywords.callTestCase(BuiltinKeywords.groovy:334)
	at Script1537083100269.run(Script1537083100269.groovy:22)
	... 13 more
)

2019-04-21 02:37:48 - [TEST_CASE][FAILED] - Test Cases/Template testcases/TC0803: Test Cases/Template testcases/TC0803 FAILED.
Reason:
com.kms.katalon.core.exception.StepFailedException: Unable to upload file '/home/faizan/Drive/KiboPush_Automated_Testing/KiboPush Katalon/audio.mp3' to object 'Object Repository/Page_KiboPush  Create Broadcast Tem/audio_file'
	at com.kms.katalon.core.webui.keyword.internal.WebUIKeywordMain.stepFailed(WebUIKeywordMain.groovy:64)
	at com.kms.katalon.core.webui.keyword.internal.WebUIKeywordMain.runKeyword(WebUIKeywordMain.groovy:26)
	at com.kms.katalon.core.webui.keyword.builtin.UploadFileKeyword.uploadFile(UploadFileKeyword.groovy:87)
	at com.kms.katalon.core.webui.keyword.builtin.UploadFileKeyword.execute(UploadFileKeyword.groovy:68)
	at com.kms.katalon.core.keyword.internal.KeywordExecutor.executeKeywordForPlatform(KeywordExecutor.groovy:56)
	at com.kms.katalon.core.webui.keyword.WebUiBuiltInKeywords.uploadFile(WebUiBuiltInKeywords.groovy:2945)
	at com.kms.katalon.core.webui.keyword.WebUiBuiltInKeywords$uploadFile$8.call(Unknown Source)
	at TC0803.run(TC0803:27)
	at com.kms.katalon.core.main.ScriptEngine.run(ScriptEngine.java:194)
	at com.kms.katalon.core.main.ScriptEngine.runScriptAsRawText(ScriptEngine.java:119)
	at com.kms.katalon.core.main.TestCaseExecutor.runScript(TestCaseExecutor.java:336)
	at com.kms.katalon.core.main.TestCaseExecutor.doExecute(TestCaseExecutor.java:327)
	at com.kms.katalon.core.main.TestCaseExecutor.processExecutionPhase(TestCaseExecutor.java:306)
	at com.kms.katalon.core.main.TestCaseExecutor.accessMainPhase(TestCaseExecutor.java:298)
	at com.kms.katalon.core.main.TestCaseExecutor.execute(TestCaseExecutor.java:232)
	at com.kms.katalon.core.main.TestCaseMain.runTestCase(TestCaseMain.java:114)
	at com.kms.katalon.core.keyword.builtin.CallTestCaseKeyword$_callTestCase_closure1.doCall(CallTestCaseKeyword.groovy:59)
	at com.kms.katalon.core.keyword.builtin.CallTestCaseKeyword$_callTestCase_closure1.call(CallTestCaseKeyword.groovy)
	at com.kms.katalon.core.keyword.internal.KeywordMain.runKeyword(KeywordMain.groovy:66)
	at com.kms.katalon.core.keyword.builtin.CallTestCaseKeyword.callTestCase(CallTestCaseKeyword.groovy:81)
	at com.kms.katalon.core.keyword.builtin.CallTestCaseKeyword.execute(CallTestCaseKeyword.groovy:44)
	at com.kms.katalon.core.keyword.internal.KeywordExecutor.executeKeywordForPlatform(KeywordExecutor.groovy:56)
	at com.kms.katalon.core.keyword.BuiltinKeywords.callTestCase(BuiltinKeywords.groovy:334)
	at TC0804.run(TC0804:22)
	at com.kms.katalon.core.main.ScriptEngine.run(ScriptEngine.java:194)
	at com.kms.katalon.core.main.ScriptEngine.runScriptAsRawText(ScriptEngine.java:119)
	at com.kms.katalon.core.main.TestCaseExecutor.runScript(TestCaseExecutor.java:336)
	at com.kms.katalon.core.main.TestCaseExecutor.doExecute(TestCaseExecutor.java:327)
	at com.kms.katalon.core.main.TestCaseExecutor.processExecutionPhase(TestCaseExecutor.java:306)
	at com.kms.katalon.core.main.TestCaseExecutor.accessMainPhase(TestCaseExecutor.java:298)
	at com.kms.katalon.core.main.TestCaseExecutor.execute(TestCaseExecutor.java:232)
	at com.kms.katalon.core.main.TestSuiteExecutor.accessTestCaseMainPhase(TestSuiteExecutor.java:129)
	at com.kms.katalon.core.main.TestSuiteExecutor.accessTestSuiteMainPhase(TestSuiteExecutor.java:112)
	at com.kms.katalon.core.main.TestSuiteExecutor.execute(TestSuiteExecutor.java:81)
	at com.kms.katalon.core.main.TestCaseMain.startTestSuite(TestCaseMain.java:157)
	at com.kms.katalon.core.main.TestCaseMain$startTestSuite$0.call(Unknown Source)
	at TempTestSuite1555795243480.run(TempTestSuite1555795243480.groovy:35)
Caused by: com.kms.katalon.core.webui.exception.WebElementNotFoundException: Web element with id: 'Object Repository/Page_KiboPush  Create Broadcast Tem/audio_file' located by 'By.xpath: //*[@id="List1"]/div/div/div[3]/div/input' not found
	at com.kms.katalon.core.webui.common.WebUiCommonHelper.findWebElement(WebUiCommonHelper.java:1097)
	at com.kms.katalon.core.webui.keyword.internal.WebUIAbstractKeyword.findWebElement(WebUIAbstractKeyword.groovy:27)
	at com.kms.katalon.core.webui.keyword.internal.WebUIAbstractKeyword.findWebElement(WebUIAbstractKeyword.groovy:26)
	at com.kms.katalon.core.webui.keyword.builtin.UploadFileKeyword$_uploadFile_closure1.doCall(UploadFileKeyword.groovy:79)
	at com.kms.katalon.core.webui.keyword.builtin.UploadFileKeyword$_uploadFile_closure1.call(UploadFileKeyword.groovy)
	at com.kms.katalon.core.webui.keyword.internal.WebUIKeywordMain.runKeyword(WebUIKeywordMain.groovy:20)
	at com.kms.katalon.core.webui.keyword.builtin.UploadFileKeyword.uploadFile(UploadFileKeyword.groovy:87)
	at com.kms.katalon.core.webui.keyword.builtin.UploadFileKeyword.execute(UploadFileKeyword.groovy:68)
	at com.kms.katalon.core.keyword.internal.KeywordExecutor.executeKeywordForPlatform(KeywordExecutor.groovy:56)
	at com.kms.katalon.core.webui.keyword.WebUiBuiltInKeywords.uploadFile(WebUiBuiltInKeywords.groovy:2945)
	at com.kms.katalon.core.webui.keyword.WebUiBuiltInKeywords$uploadFile$8.call(Unknown Source)
	at Script1537082457237.run(Script1537082457237.groovy:27)
	at com.kms.katalon.core.main.ScriptEngine.run(ScriptEngine.java:194)
	at com.kms.katalon.core.main.ScriptEngine.runScriptAsRawText(ScriptEngine.java:119)
	at com.kms.katalon.core.main.TestCaseExecutor.runScript(TestCaseExecutor.java:336)
	at com.kms.katalon.core.main.TestCaseExecutor.doExecute(TestCaseExecutor.java:327)
	at com.kms.katalon.core.main.TestCaseExecutor.processExecutionPhase(TestCaseExecutor.java:306)
	at com.kms.katalon.core.main.TestCaseExecutor.accessMainPhase(TestCaseExecutor.java:298)
	at com.kms.katalon.core.main.TestCaseExecutor.execute(TestCaseExecutor.java:232)
	at com.kms.katalon.core.main.TestCaseMain.runTestCase(TestCaseMain.java:114)
	at com.kms.katalon.core.keyword.builtin.CallTestCaseKeyword$_callTestCase_closure1.doCall(CallTestCaseKeyword.groovy:59)
	at com.kms.katalon.core.keyword.builtin.CallTestCaseKeyword$_callTestCase_closure1.call(CallTestCaseKeyword.groovy)
	at com.kms.katalon.core.keyword.internal.KeywordMain.runKeyword(KeywordMain.groovy:66)
	at com.kms.katalon.core.keyword.builtin.CallTestCaseKeyword.callTestCase(CallTestCaseKeyword.groovy:81)
	at com.kms.katalon.core.keyword.builtin.CallTestCaseKeyword.execute(CallTestCaseKeyword.groovy:44)
	at com.kms.katalon.core.keyword.internal.KeywordExecutor.executeKeywordForPlatform(KeywordExecutor.groovy:56)
	at com.kms.katalon.core.keyword.BuiltinKeywords.callTestCase(BuiltinKeywords.groovy:334)
	at Script1537083100269.run(Script1537083100269.groovy:22)
	... 13 more


2019-04-21 02:37:48 - [TEST_STEP][PASSED] - callTestCase(findTestCase("Template testcases/TC0801"), [:], STOP_ON_FAILURE): Call Test Case 'Test Cases/Template testcases/TC0801' successfully

2019-04-21 02:37:48 - [TEST_CASE][PASSED] - Test Cases/Template testcases/TC0801: Test Cases/Template testcases/TC0801

2019-04-21 02:37:48 - [TEST_STEP][PASSED] - callTestCase(findTestCase("Template testcases/TC0768"), [:], STOP_ON_FAILURE): Call Test Case 'Test Cases/Template testcases/TC0768' successfully

2019-04-21 02:37:48 - [TEST_CASE][PASSED] - Test Cases/Template testcases/TC0768: Test Cases/Template testcases/TC0768

2019-04-21 02:37:48 - [TEST_STEP][PASSED] - callTestCase(findTestCase("s-sidebar_navigation/individualAccount/Template"), [:], STOP_ON_FAILURE): Call Test Case 'Test Cases/s-sidebar_navigation/individualAccount/Template' successfully

2019-04-21 02:37:48 - [TEST_CASE][PASSED] - Test Cases/s-sidebar_navigation/individualAccount/Template: Test Cases/s-sidebar_navigation/individualAccount/Template

2019-04-21 02:37:48 - [TEST_STEP][PASSED] - click(findTestObject("Page_KiboPush  Dashboard/span_Broadcasts")): Object: 'Object Repository/Page_KiboPush  Dashboard/span_Broadcasts' is clicked on

2019-04-21 02:37:48 - [MESSAGE][PASSED] - Object: 'Object Repository/Page_KiboPush  Dashboard/span_Broadcasts' is clicked on

2019-04-21 02:37:48 - [TEST_STEP][PASSED] - delay(1): Delayed 1 second(s)

2019-04-21 02:37:49 - [MESSAGE][PASSED] - Delayed 1 second(s)

2019-04-21 02:37:49 - [TEST_STEP][PASSED] - click(findTestObject("Page_KiboPush  Dashboard/span_Templates")): Object: 'Object Repository/Page_KiboPush  Dashboard/span_Templates' is clicked on

2019-04-21 02:37:49 - [MESSAGE][PASSED] - Object: 'Object Repository/Page_KiboPush  Dashboard/span_Templates' is clicked on

2019-04-21 02:37:49 - [TEST_STEP][PASSED] - delay(3): Delayed 3 second(s)

2019-04-21 02:37:52 - [MESSAGE][PASSED] - Delayed 3 second(s)

2019-04-21 02:37:52 - [TEST_STEP][PASSED] - scrollToPosition(0, 0): Browser is scrolled to position x = 0, y = 0

2019-04-21 02:37:52 - [MESSAGE][PASSED] - Browser is scrolled to position x = 0, y = 0

2019-04-21 02:37:52 - [TEST_STEP][PASSED] - click(findTestObject("Object Repository/Page_KiboEngage  Templates/h3_Templates")): Object: 'Object Repository/Page_KiboEngage  Templates/h3_Templates' is clicked on

2019-04-21 02:37:52 - [MESSAGE][PASSED] - Object: 'Object Repository/Page_KiboEngage  Templates/h3_Templates' is clicked on

2019-04-21 02:37:52 - [TEST_STEP][PASSED] - delay(3): Delayed 3 second(s)

2019-04-21 02:37:55 - [MESSAGE][PASSED] - Delayed 3 second(s)

2019-04-21 02:37:55 - [MESSAGE][PASSED] - Call Test Case 'Test Cases/s-sidebar_navigation/individualAccount/Template' successfully

2019-04-21 02:37:55 - [TEST_STEP][PASSED] - click(findTestObject("Object Repository/Page_KiboPush  Dashboard/button_Create New")): Object: 'Object Repository/Page_KiboPush  Dashboard/button_Create New' is clicked on

2019-04-21 02:37:56 - [MESSAGE][PASSED] - Object: 'Object Repository/Page_KiboPush  Dashboard/button_Create New' is clicked on

2019-04-21 02:37:56 - [TEST_STEP][PASSED] - click(findTestObject("Object Repository/Page_KiboPush  Create Broadcast Tem/h3_Create Broadcast Template")): Object: 'Object Repository/Page_KiboPush  Create Broadcast Tem/h3_Create Broadcast Template' is clicked on

2019-04-21 02:37:56 - [MESSAGE][PASSED] - Object: 'Object Repository/Page_KiboPush  Create Broadcast Tem/h3_Create Broadcast Template' is clicked on

2019-04-21 02:37:56 - [MESSAGE][PASSED] - Call Test Case 'Test Cases/Template testcases/TC0768' successfully

2019-04-21 02:37:56 - [TEST_STEP][PASSED] - click(findTestObject("Page_KiboPush  Create Broadcast Tem/h6_Audio (1)")): Object: 'Object Repository/Page_KiboPush  Create Broadcast Tem/h6_Audio (1)' is clicked on

2019-04-21 02:37:56 - [MESSAGE][PASSED] - Object: 'Object Repository/Page_KiboPush  Create Broadcast Tem/h6_Audio (1)' is clicked on

2019-04-21 02:37:56 - [TEST_STEP][PASSED] - click(findTestObject("Object Repository/Page_KiboEngage  Create Broadcast Template/div_New audio component added")): Object: 'Object Repository/Page_KiboEngage  Create Broadcast Template/div_New audio component added' is clicked on

2019-04-21 02:37:56 - [MESSAGE][PASSED] - Object: 'Object Repository/Page_KiboEngage  Create Broadcast Template/div_New audio component added' is clicked on

2019-04-21 02:37:56 - [MESSAGE][PASSED] - Call Test Case 'Test Cases/Template testcases/TC0801' successfully

2019-04-21 02:37:56 - [TEST_STEP][PASSED] - audio = getProjectDir() + "/audio.mp3": null

2019-04-21 02:37:56 - [TEST_STEP][FAILED] - uploadFile(findTestObject("Page_KiboPush  Create Broadcast Tem/audio_file"), audio): Unable to upload file '/home/faizan/Drive/KiboPush_Automated_Testing/KiboPush Katalon/audio.mp3' to object 'Object Repository/Page_KiboPush  Create Broadcast Tem/audio_file' (Root cause: com.kms.katalon.core.exception.StepFailedException: Unable to upload file '/home/faizan/Drive/KiboPush_Automated_Testing/KiboPush Katalon/audio.mp3' to object 'Object Repository/Page_KiboPush  Create Broadcast Tem/audio_file'
	at com.kms.katalon.core.webui.keyword.internal.WebUIKeywordMain.stepFailed(WebUIKeywordMain.groovy:64)
	at com.kms.katalon.core.webui.keyword.internal.WebUIKeywordMain.runKeyword(WebUIKeywordMain.groovy:26)
	at com.kms.katalon.core.webui.keyword.builtin.UploadFileKeyword.uploadFile(UploadFileKeyword.groovy:87)
	at com.kms.katalon.core.webui.keyword.builtin.UploadFileKeyword.execute(UploadFileKeyword.groovy:68)
	at com.kms.katalon.core.keyword.internal.KeywordExecutor.executeKeywordForPlatform(KeywordExecutor.groovy:56)
	at com.kms.katalon.core.webui.keyword.WebUiBuiltInKeywords.uploadFile(WebUiBuiltInKeywords.groovy:2945)
	at com.kms.katalon.core.webui.keyword.WebUiBuiltInKeywords$uploadFile$8.call(Unknown Source)
	at TC0803.run(TC0803:27)
	at com.kms.katalon.core.main.ScriptEngine.run(ScriptEngine.java:194)
	at com.kms.katalon.core.main.ScriptEngine.runScriptAsRawText(ScriptEngine.java:119)
	at com.kms.katalon.core.main.TestCaseExecutor.runScript(TestCaseExecutor.java:336)
	at com.kms.katalon.core.main.TestCaseExecutor.doExecute(TestCaseExecutor.java:327)
	at com.kms.katalon.core.main.TestCaseExecutor.processExecutionPhase(TestCaseExecutor.java:306)
	at com.kms.katalon.core.main.TestCaseExecutor.accessMainPhase(TestCaseExecutor.java:298)
	at com.kms.katalon.core.main.TestCaseExecutor.execute(TestCaseExecutor.java:232)
	at com.kms.katalon.core.main.TestCaseMain.runTestCase(TestCaseMain.java:114)
	at com.kms.katalon.core.keyword.builtin.CallTestCaseKeyword$_callTestCase_closure1.doCall(CallTestCaseKeyword.groovy:59)
	at com.kms.katalon.core.keyword.builtin.CallTestCaseKeyword$_callTestCase_closure1.call(CallTestCaseKeyword.groovy)
	at com.kms.katalon.core.keyword.internal.KeywordMain.runKeyword(KeywordMain.groovy:66)
	at com.kms.katalon.core.keyword.builtin.CallTestCaseKeyword.callTestCase(CallTestCaseKeyword.groovy:81)
	at com.kms.katalon.core.keyword.builtin.CallTestCaseKeyword.execute(CallTestCaseKeyword.groovy:44)
	at com.kms.katalon.core.keyword.internal.KeywordExecutor.executeKeywordForPlatform(KeywordExecutor.groovy:56)
	at com.kms.katalon.core.keyword.BuiltinKeywords.callTestCase(BuiltinKeywords.groovy:334)
	at TC0804.run(TC0804:22)
	at com.kms.katalon.core.main.ScriptEngine.run(ScriptEngine.java:194)
	at com.kms.katalon.core.main.ScriptEngine.runScriptAsRawText(ScriptEngine.java:119)
	at com.kms.katalon.core.main.TestCaseExecutor.runScript(TestCaseExecutor.java:336)
	at com.kms.katalon.core.main.TestCaseExecutor.doExecute(TestCaseExecutor.java:327)
	at com.kms.katalon.core.main.TestCaseExecutor.processExecutionPhase(TestCaseExecutor.java:306)
	at com.kms.katalon.core.main.TestCaseExecutor.accessMainPhase(TestCaseExecutor.java:298)
	at com.kms.katalon.core.main.TestCaseExecutor.execute(TestCaseExecutor.java:232)
	at com.kms.katalon.core.main.TestSuiteExecutor.accessTestCaseMainPhase(TestSuiteExecutor.java:129)
	at com.kms.katalon.core.main.TestSuiteExecutor.accessTestSuiteMainPhase(TestSuiteExecutor.java:112)
	at com.kms.katalon.core.main.TestSuiteExecutor.execute(TestSuiteExecutor.java:81)
	at com.kms.katalon.core.main.TestCaseMain.startTestSuite(TestCaseMain.java:157)
	at com.kms.katalon.core.main.TestCaseMain$startTestSuite$0.call(Unknown Source)
	at TempTestSuite1555795243480.run(TempTestSuite1555795243480.groovy:35)
Caused by: com.kms.katalon.core.webui.exception.WebElementNotFoundException: Web element with id: 'Object Repository/Page_KiboPush  Create Broadcast Tem/audio_file' located by 'By.xpath: //*[@id="List1"]/div/div/div[3]/div/input' not found
	at com.kms.katalon.core.webui.common.WebUiCommonHelper.findWebElement(WebUiCommonHelper.java:1097)
	at com.kms.katalon.core.webui.keyword.internal.WebUIAbstractKeyword.findWebElement(WebUIAbstractKeyword.groovy:27)
	at com.kms.katalon.core.webui.keyword.internal.WebUIAbstractKeyword.findWebElement(WebUIAbstractKeyword.groovy:26)
	at com.kms.katalon.core.webui.keyword.builtin.UploadFileKeyword$_uploadFile_closure1.doCall(UploadFileKeyword.groovy:79)
	at com.kms.katalon.core.webui.keyword.builtin.UploadFileKeyword$_uploadFile_closure1.call(UploadFileKeyword.groovy)
	at com.kms.katalon.core.webui.keyword.internal.WebUIKeywordMain.runKeyword(WebUIKeywordMain.groovy:20)
	at com.kms.katalon.core.webui.keyword.builtin.UploadFileKeyword.uploadFile(UploadFileKeyword.groovy:87)
	at com.kms.katalon.core.webui.keyword.builtin.UploadFileKeyword.execute(UploadFileKeyword.groovy:68)
	at com.kms.katalon.core.keyword.internal.KeywordExecutor.executeKeywordForPlatform(KeywordExecutor.groovy:56)
	at com.kms.katalon.core.webui.keyword.WebUiBuiltInKeywords.uploadFile(WebUiBuiltInKeywords.groovy:2945)
	at com.kms.katalon.core.webui.keyword.WebUiBuiltInKeywords$uploadFile$8.call(Unknown Source)
	at Script1537082457237.run(Script1537082457237.groovy:27)
	at com.kms.katalon.core.main.ScriptEngine.run(ScriptEngine.java:194)
	at com.kms.katalon.core.main.ScriptEngine.runScriptAsRawText(ScriptEngine.java:119)
	at com.kms.katalon.core.main.TestCaseExecutor.runScript(TestCaseExecutor.java:336)
	at com.kms.katalon.core.main.TestCaseExecutor.doExecute(TestCaseExecutor.java:327)
	at com.kms.katalon.core.main.TestCaseExecutor.processExecutionPhase(TestCaseExecutor.java:306)
	at com.kms.katalon.core.main.TestCaseExecutor.accessMainPhase(TestCaseExecutor.java:298)
	at com.kms.katalon.core.main.TestCaseExecutor.execute(TestCaseExecutor.java:232)
	at com.kms.katalon.core.main.TestCaseMain.runTestCase(TestCaseMain.java:114)
	at com.kms.katalon.core.keyword.builtin.CallTestCaseKeyword$_callTestCase_closure1.doCall(CallTestCaseKeyword.groovy:59)
	at com.kms.katalon.core.keyword.builtin.CallTestCaseKeyword$_callTestCase_closure1.call(CallTestCaseKeyword.groovy)
	at com.kms.katalon.core.keyword.internal.KeywordMain.runKeyword(KeywordMain.groovy:66)
	at com.kms.katalon.core.keyword.builtin.CallTestCaseKeyword.callTestCase(CallTestCaseKeyword.groovy:81)
	at com.kms.katalon.core.keyword.builtin.CallTestCaseKeyword.execute(CallTestCaseKeyword.groovy:44)
	at com.kms.katalon.core.keyword.internal.KeywordExecutor.executeKeywordForPlatform(KeywordExecutor.groovy:56)
	at com.kms.katalon.core.keyword.BuiltinKeywords.callTestCase(BuiltinKeywords.groovy:334)
	at Script1537083100269.run(Script1537083100269.groovy:22)
	... 13 more
)

2019-04-21 02:38:27 - [MESSAGE][INFO] - Unable to find the element located by 'By.xpath: //*[@id="List1"]/div/div/div[3]/div/input'. Please recheck the objects properties to make sure the desired element is located. 

2019-04-21 02:38:28 - [MESSAGE][FAILED] - Unable to upload file '/home/faizan/Drive/KiboPush_Automated_Testing/KiboPush Katalon/audio.mp3' to object 'Object Repository/Page_KiboPush  Create Broadcast Tem/audio_file' (Root cause: com.kms.katalon.core.exception.StepFailedException: Unable to upload file '/home/faizan/Drive/KiboPush_Automated_Testing/KiboPush Katalon/audio.mp3' to object 'Object Repository/Page_KiboPush  Create Broadcast Tem/audio_file'
	at com.kms.katalon.core.webui.keyword.internal.WebUIKeywordMain.stepFailed(WebUIKeywordMain.groovy:64)
	at com.kms.katalon.core.webui.keyword.internal.WebUIKeywordMain.runKeyword(WebUIKeywordMain.groovy:26)
	at com.kms.katalon.core.webui.keyword.builtin.UploadFileKeyword.uploadFile(UploadFileKeyword.groovy:87)
	at com.kms.katalon.core.webui.keyword.builtin.UploadFileKeyword.execute(UploadFileKeyword.groovy:68)
	at com.kms.katalon.core.keyword.internal.KeywordExecutor.executeKeywordForPlatform(KeywordExecutor.groovy:56)
	at com.kms.katalon.core.webui.keyword.WebUiBuiltInKeywords.uploadFile(WebUiBuiltInKeywords.groovy:2945)
	at com.kms.katalon.core.webui.keyword.WebUiBuiltInKeywords$uploadFile$8.call(Unknown Source)
	at TC0803.run(TC0803:27)
	at com.kms.katalon.core.main.ScriptEngine.run(ScriptEngine.java:194)
	at com.kms.katalon.core.main.ScriptEngine.runScriptAsRawText(ScriptEngine.java:119)
	at com.kms.katalon.core.main.TestCaseExecutor.runScript(TestCaseExecutor.java:336)
	at com.kms.katalon.core.main.TestCaseExecutor.doExecute(TestCaseExecutor.java:327)
	at com.kms.katalon.core.main.TestCaseExecutor.processExecutionPhase(TestCaseExecutor.java:306)
	at com.kms.katalon.core.main.TestCaseExecutor.accessMainPhase(TestCaseExecutor.java:298)
	at com.kms.katalon.core.main.TestCaseExecutor.execute(TestCaseExecutor.java:232)
	at com.kms.katalon.core.main.TestCaseMain.runTestCase(TestCaseMain.java:114)
	at com.kms.katalon.core.keyword.builtin.CallTestCaseKeyword$_callTestCase_closure1.doCall(CallTestCaseKeyword.groovy:59)
	at com.kms.katalon.core.keyword.builtin.CallTestCaseKeyword$_callTestCase_closure1.call(CallTestCaseKeyword.groovy)
	at com.kms.katalon.core.keyword.internal.KeywordMain.runKeyword(KeywordMain.groovy:66)
	at com.kms.katalon.core.keyword.builtin.CallTestCaseKeyword.callTestCase(CallTestCaseKeyword.groovy:81)
	at com.kms.katalon.core.keyword.builtin.CallTestCaseKeyword.execute(CallTestCaseKeyword.groovy:44)
	at com.kms.katalon.core.keyword.internal.KeywordExecutor.executeKeywordForPlatform(KeywordExecutor.groovy:56)
	at com.kms.katalon.core.keyword.BuiltinKeywords.callTestCase(BuiltinKeywords.groovy:334)
	at TC0804.run(TC0804:22)
	at com.kms.katalon.core.main.ScriptEngine.run(ScriptEngine.java:194)
	at com.kms.katalon.core.main.ScriptEngine.runScriptAsRawText(ScriptEngine.java:119)
	at com.kms.katalon.core.main.TestCaseExecutor.runScript(TestCaseExecutor.java:336)
	at com.kms.katalon.core.main.TestCaseExecutor.doExecute(TestCaseExecutor.java:327)
	at com.kms.katalon.core.main.TestCaseExecutor.processExecutionPhase(TestCaseExecutor.java:306)
	at com.kms.katalon.core.main.TestCaseExecutor.accessMainPhase(TestCaseExecutor.java:298)
	at com.kms.katalon.core.main.TestCaseExecutor.execute(TestCaseExecutor.java:232)
	at com.kms.katalon.core.main.TestSuiteExecutor.accessTestCaseMainPhase(TestSuiteExecutor.java:129)
	at com.kms.katalon.core.main.TestSuiteExecutor.accessTestSuiteMainPhase(TestSuiteExecutor.java:112)
	at com.kms.katalon.core.main.TestSuiteExecutor.execute(TestSuiteExecutor.java:81)
	at com.kms.katalon.core.main.TestCaseMain.startTestSuite(TestCaseMain.java:157)
	at com.kms.katalon.core.main.TestCaseMain$startTestSuite$0.call(Unknown Source)
	at TempTestSuite1555795243480.run(TempTestSuite1555795243480.groovy:35)
Caused by: com.kms.katalon.core.webui.exception.WebElementNotFoundException: Web element with id: 'Object Repository/Page_KiboPush  Create Broadcast Tem/audio_file' located by 'By.xpath: //*[@id="List1"]/div/div/div[3]/div/input' not found
	at com.kms.katalon.core.webui.common.WebUiCommonHelper.findWebElement(WebUiCommonHelper.java:1097)
	at com.kms.katalon.core.webui.keyword.internal.WebUIAbstractKeyword.findWebElement(WebUIAbstractKeyword.groovy:27)
	at com.kms.katalon.core.webui.keyword.internal.WebUIAbstractKeyword.findWebElement(WebUIAbstractKeyword.groovy:26)
	at com.kms.katalon.core.webui.keyword.builtin.UploadFileKeyword$_uploadFile_closure1.doCall(UploadFileKeyword.groovy:79)
	at com.kms.katalon.core.webui.keyword.builtin.UploadFileKeyword$_uploadFile_closure1.call(UploadFileKeyword.groovy)
	at com.kms.katalon.core.webui.keyword.internal.WebUIKeywordMain.runKeyword(WebUIKeywordMain.groovy:20)
	at com.kms.katalon.core.webui.keyword.builtin.UploadFileKeyword.uploadFile(UploadFileKeyword.groovy:87)
	at com.kms.katalon.core.webui.keyword.builtin.UploadFileKeyword.execute(UploadFileKeyword.groovy:68)
	at com.kms.katalon.core.keyword.internal.KeywordExecutor.executeKeywordForPlatform(KeywordExecutor.groovy:56)
	at com.kms.katalon.core.webui.keyword.WebUiBuiltInKeywords.uploadFile(WebUiBuiltInKeywords.groovy:2945)
	at com.kms.katalon.core.webui.keyword.WebUiBuiltInKeywords$uploadFile$8.call(Unknown Source)
	at Script1537082457237.run(Script1537082457237.groovy:27)
	at com.kms.katalon.core.main.ScriptEngine.run(ScriptEngine.java:194)
	at com.kms.katalon.core.main.ScriptEngine.runScriptAsRawText(ScriptEngine.java:119)
	at com.kms.katalon.core.main.TestCaseExecutor.runScript(TestCaseExecutor.java:336)
	at com.kms.katalon.core.main.TestCaseExecutor.doExecute(TestCaseExecutor.java:327)
	at com.kms.katalon.core.main.TestCaseExecutor.processExecutionPhase(TestCaseExecutor.java:306)
	at com.kms.katalon.core.main.TestCaseExecutor.accessMainPhase(TestCaseExecutor.java:298)
	at com.kms.katalon.core.main.TestCaseExecutor.execute(TestCaseExecutor.java:232)
	at com.kms.katalon.core.main.TestCaseMain.runTestCase(TestCaseMain.java:114)
	at com.kms.katalon.core.keyword.builtin.CallTestCaseKeyword$_callTestCase_closure1.doCall(CallTestCaseKeyword.groovy:59)
	at com.kms.katalon.core.keyword.builtin.CallTestCaseKeyword$_callTestCase_closure1.call(CallTestCaseKeyword.groovy)
	at com.kms.katalon.core.keyword.internal.KeywordMain.runKeyword(KeywordMain.groovy:66)
	at com.kms.katalon.core.keyword.builtin.CallTestCaseKeyword.callTestCase(CallTestCaseKeyword.groovy:81)
	at com.kms.katalon.core.keyword.builtin.CallTestCaseKeyword.execute(CallTestCaseKeyword.groovy:44)
	at com.kms.katalon.core.keyword.internal.KeywordExecutor.executeKeywordForPlatform(KeywordExecutor.groovy:56)
	at com.kms.katalon.core.keyword.BuiltinKeywords.callTestCase(BuiltinKeywords.groovy:334)
	at Script1537083100269.run(Script1537083100269.groovy:22)
	... 13 more
)
[[ATTACHMENT|/home/faizan/Drive/KiboPush_Automated_Testing/KiboPush Katalon/Reports/Faizan Suits/Template/20190421_022043/1555796307831.png]]

2019-04-21 02:38:28 - [MESSAGE][FAILED] - Unable to call Test Case 'Test Cases/Template testcases/TC0803' (Root cause: com.kms.katalon.core.exception.StepFailedException: Call Test Case 'Test Cases/Template testcases/TC0803' failed
	at com.kms.katalon.core.keyword.builtin.CallTestCaseKeyword$_callTestCase_closure1.doCall(CallTestCaseKeyword.groovy:63)
	at com.kms.katalon.core.keyword.builtin.CallTestCaseKeyword$_callTestCase_closure1.call(CallTestCaseKeyword.groovy)
	at com.kms.katalon.core.keyword.internal.KeywordMain.runKeyword(KeywordMain.groovy:66)
	at com.kms.katalon.core.keyword.builtin.CallTestCaseKeyword.callTestCase(CallTestCaseKeyword.groovy:81)
	at com.kms.katalon.core.keyword.builtin.CallTestCaseKeyword.execute(CallTestCaseKeyword.groovy:44)
	at com.kms.katalon.core.keyword.internal.KeywordExecutor.executeKeywordForPlatform(KeywordExecutor.groovy:56)
	at com.kms.katalon.core.keyword.BuiltinKeywords.callTestCase(BuiltinKeywords.groovy:334)
	at TC0804.run(TC0804:22)
	at com.kms.katalon.core.main.ScriptEngine.run(ScriptEngine.java:194)
	at com.kms.katalon.core.main.ScriptEngine.runScriptAsRawText(ScriptEngine.java:119)
	at com.kms.katalon.core.main.TestCaseExecutor.runScript(TestCaseExecutor.java:336)
	at com.kms.katalon.core.main.TestCaseExecutor.doExecute(TestCaseExecutor.java:327)
	at com.kms.katalon.core.main.TestCaseExecutor.processExecutionPhase(TestCaseExecutor.java:306)
	at com.kms.katalon.core.main.TestCaseExecutor.accessMainPhase(TestCaseExecutor.java:298)
	at com.kms.katalon.core.main.TestCaseExecutor.execute(TestCaseExecutor.java:232)
	at com.kms.katalon.core.main.TestSuiteExecutor.accessTestCaseMainPhase(TestSuiteExecutor.java:129)
	at com.kms.katalon.core.main.TestSuiteExecutor.accessTestSuiteMainPhase(TestSuiteExecutor.java:112)
	at com.kms.katalon.core.main.TestSuiteExecutor.execute(TestSuiteExecutor.java:81)
	at com.kms.katalon.core.main.TestCaseMain.startTestSuite(TestCaseMain.java:157)
	at com.kms.katalon.core.main.TestCaseMain$startTestSuite$0.call(Unknown Source)
	at TempTestSuite1555795243480.run(TempTestSuite1555795243480.groovy:35)
Caused by: com.kms.katalon.core.exception.StepFailedException: Unable to upload file '/home/faizan/Drive/KiboPush_Automated_Testing/KiboPush Katalon/audio.mp3' to object 'Object Repository/Page_KiboPush  Create Broadcast Tem/audio_file'
	at com.kms.katalon.core.webui.keyword.internal.WebUIKeywordMain.stepFailed(WebUIKeywordMain.groovy:64)
	at com.kms.katalon.core.webui.keyword.internal.WebUIKeywordMain.runKeyword(WebUIKeywordMain.groovy:26)
	at com.kms.katalon.core.webui.keyword.builtin.UploadFileKeyword.uploadFile(UploadFileKeyword.groovy:87)
	at com.kms.katalon.core.webui.keyword.builtin.UploadFileKeyword.execute(UploadFileKeyword.groovy:68)
	at com.kms.katalon.core.keyword.internal.KeywordExecutor.executeKeywordForPlatform(KeywordExecutor.groovy:56)
	at com.kms.katalon.core.webui.keyword.WebUiBuiltInKeywords.uploadFile(WebUiBuiltInKeywords.groovy:2945)
	at com.kms.katalon.core.webui.keyword.WebUiBuiltInKeywords$uploadFile$8.call(Unknown Source)
	at TC0803.run(TC0803:27)
	at com.kms.katalon.core.main.ScriptEngine.run(ScriptEngine.java:194)
	at com.kms.katalon.core.main.ScriptEngine.runScriptAsRawText(ScriptEngine.java:119)
	at com.kms.katalon.core.main.TestCaseExecutor.runScript(TestCaseExecutor.java:336)
	at com.kms.katalon.core.main.TestCaseExecutor.doExecute(TestCaseExecutor.java:327)
	at com.kms.katalon.core.main.TestCaseExecutor.processExecutionPhase(TestCaseExecutor.java:306)
	at com.kms.katalon.core.main.TestCaseExecutor.accessMainPhase(TestCaseExecutor.java:298)
	at com.kms.katalon.core.main.TestCaseExecutor.execute(TestCaseExecutor.java:232)
	at com.kms.katalon.core.main.TestCaseMain.runTestCase(TestCaseMain.java:114)
	at com.kms.katalon.core.keyword.builtin.CallTestCaseKeyword$_callTestCase_closure1.doCall(CallTestCaseKeyword.groovy:59)
	... 20 more
Caused by: com.kms.katalon.core.webui.exception.WebElementNotFoundException: Web element with id: 'Object Repository/Page_KiboPush  Create Broadcast Tem/audio_file' located by 'By.xpath: //*[@id="List1"]/div/div/div[3]/div/input' not found
	at com.kms.katalon.core.webui.common.WebUiCommonHelper.findWebElement(WebUiCommonHelper.java:1097)
	at com.kms.katalon.core.webui.keyword.internal.WebUIAbstractKeyword.findWebElement(WebUIAbstractKeyword.groovy:27)
	at com.kms.katalon.core.webui.keyword.internal.WebUIAbstractKeyword.findWebElement(WebUIAbstractKeyword.groovy:26)
	at com.kms.katalon.core.webui.keyword.builtin.UploadFileKeyword$_uploadFile_closure1.doCall(UploadFileKeyword.groovy:79)
	at com.kms.katalon.core.webui.keyword.builtin.UploadFileKeyword$_uploadFile_closure1.call(UploadFileKeyword.groovy)
	at com.kms.katalon.core.webui.keyword.internal.WebUIKeywordMain.runKeyword(WebUIKeywordMain.groovy:20)
	at com.kms.katalon.core.webui.keyword.builtin.UploadFileKeyword.uploadFile(UploadFileKeyword.groovy:87)
	at com.kms.katalon.core.webui.keyword.builtin.UploadFileKeyword.execute(UploadFileKeyword.groovy:68)
	at com.kms.katalon.core.keyword.internal.KeywordExecutor.executeKeywordForPlatform(KeywordExecutor.groovy:56)
	at com.kms.katalon.core.webui.keyword.WebUiBuiltInKeywords.uploadFile(WebUiBuiltInKeywords.groovy:2945)
	at com.kms.katalon.core.webui.keyword.WebUiBuiltInKeywords$uploadFile$8.call(Unknown Source)
	at Script1537082457237.run(Script1537082457237.groovy:27)
	at com.kms.katalon.core.main.ScriptEngine.run(ScriptEngine.java:194)
	at com.kms.katalon.core.main.ScriptEngine.runScriptAsRawText(ScriptEngine.java:119)
	at com.kms.katalon.core.main.TestCaseExecutor.runScript(TestCaseExecutor.java:336)
	at com.kms.katalon.core.main.TestCaseExecutor.doExecute(TestCaseExecutor.java:327)
	at com.kms.katalon.core.main.TestCaseExecutor.processExecutionPhase(TestCaseExecutor.java:306)
	at com.kms.katalon.core.main.TestCaseExecutor.accessMainPhase(TestCaseExecutor.java:298)
	at com.kms.katalon.core.main.TestCaseExecutor.execute(TestCaseExecutor.java:232)
	at com.kms.katalon.core.main.TestCaseMain.runTestCase(TestCaseMain.java:114)
	at com.kms.katalon.core.keyword.builtin.CallTestCaseKeyword$_callTestCase_closure1.doCall(CallTestCaseKeyword.groovy:59)
	at com.kms.katalon.core.keyword.builtin.CallTestCaseKeyword$_callTestCase_closure1.call(CallTestCaseKeyword.groovy)
	at com.kms.katalon.core.keyword.internal.KeywordMain.runKeyword(KeywordMain.groovy:66)
	at com.kms.katalon.core.keyword.builtin.CallTestCaseKeyword.callTestCase(CallTestCaseKeyword.groovy:81)
	at com.kms.katalon.core.keyword.builtin.CallTestCaseKeyword.execute(CallTestCaseKeyword.groovy:44)
	at com.kms.katalon.core.keyword.internal.KeywordExecutor.executeKeywordForPlatform(KeywordExecutor.groovy:56)
	at com.kms.katalon.core.keyword.BuiltinKeywords.callTestCase(BuiltinKeywords.groovy:334)
	at Script1537083100269.run(Script1537083100269.groovy:22)
	... 13 more
)]]></system-out>
         <system-err><![CDATA[2019-04-21 02:37:47 - [TEST_CASE][FAILED] - Test Cases/Template testcases/TC0804: Test Cases/Template testcases/TC0804 FAILED.
Reason:
com.kms.katalon.core.exception.StepFailedException: Call Test Case 'Test Cases/Template testcases/TC0803' failed
	at com.kms.katalon.core.keyword.builtin.CallTestCaseKeyword$_callTestCase_closure1.doCall(CallTestCaseKeyword.groovy:63)
	at com.kms.katalon.core.keyword.builtin.CallTestCaseKeyword$_callTestCase_closure1.call(CallTestCaseKeyword.groovy)
	at com.kms.katalon.core.keyword.internal.KeywordMain.runKeyword(KeywordMain.groovy:66)
	at com.kms.katalon.core.keyword.builtin.CallTestCaseKeyword.callTestCase(CallTestCaseKeyword.groovy:81)
	at com.kms.katalon.core.keyword.builtin.CallTestCaseKeyword.execute(CallTestCaseKeyword.groovy:44)
	at com.kms.katalon.core.keyword.internal.KeywordExecutor.executeKeywordForPlatform(KeywordExecutor.groovy:56)
	at com.kms.katalon.core.keyword.BuiltinKeywords.callTestCase(BuiltinKeywords.groovy:334)
	at TC0804.run(TC0804:22)
	at com.kms.katalon.core.main.ScriptEngine.run(ScriptEngine.java:194)
	at com.kms.katalon.core.main.ScriptEngine.runScriptAsRawText(ScriptEngine.java:119)
	at com.kms.katalon.core.main.TestCaseExecutor.runScript(TestCaseExecutor.java:336)
	at com.kms.katalon.core.main.TestCaseExecutor.doExecute(TestCaseExecutor.java:327)
	at com.kms.katalon.core.main.TestCaseExecutor.processExecutionPhase(TestCaseExecutor.java:306)
	at com.kms.katalon.core.main.TestCaseExecutor.accessMainPhase(TestCaseExecutor.java:298)
	at com.kms.katalon.core.main.TestCaseExecutor.execute(TestCaseExecutor.java:232)
	at com.kms.katalon.core.main.TestSuiteExecutor.accessTestCaseMainPhase(TestSuiteExecutor.java:129)
	at com.kms.katalon.core.main.TestSuiteExecutor.accessTestSuiteMainPhase(TestSuiteExecutor.java:112)
	at com.kms.katalon.core.main.TestSuiteExecutor.execute(TestSuiteExecutor.java:81)
	at com.kms.katalon.core.main.TestCaseMain.startTestSuite(TestCaseMain.java:157)
	at com.kms.katalon.core.main.TestCaseMain$startTestSuite$0.call(Unknown Source)
	at TempTestSuite1555795243480.run(TempTestSuite1555795243480.groovy:35)
Caused by: com.kms.katalon.core.exception.StepFailedException: Unable to upload file '/home/faizan/Drive/KiboPush_Automated_Testing/KiboPush Katalon/audio.mp3' to object 'Object Repository/Page_KiboPush  Create Broadcast Tem/audio_file'
	at com.kms.katalon.core.webui.keyword.internal.WebUIKeywordMain.stepFailed(WebUIKeywordMain.groovy:64)
	at com.kms.katalon.core.webui.keyword.internal.WebUIKeywordMain.runKeyword(WebUIKeywordMain.groovy:26)
	at com.kms.katalon.core.webui.keyword.builtin.UploadFileKeyword.uploadFile(UploadFileKeyword.groovy:87)
	at com.kms.katalon.core.webui.keyword.builtin.UploadFileKeyword.execute(UploadFileKeyword.groovy:68)
	at com.kms.katalon.core.keyword.internal.KeywordExecutor.executeKeywordForPlatform(KeywordExecutor.groovy:56)
	at com.kms.katalon.core.webui.keyword.WebUiBuiltInKeywords.uploadFile(WebUiBuiltInKeywords.groovy:2945)
	at com.kms.katalon.core.webui.keyword.WebUiBuiltInKeywords$uploadFile$8.call(Unknown Source)
	at TC0803.run(TC0803:27)
	at com.kms.katalon.core.main.ScriptEngine.run(ScriptEngine.java:194)
	at com.kms.katalon.core.main.ScriptEngine.runScriptAsRawText(ScriptEngine.java:119)
	at com.kms.katalon.core.main.TestCaseExecutor.runScript(TestCaseExecutor.java:336)
	at com.kms.katalon.core.main.TestCaseExecutor.doExecute(TestCaseExecutor.java:327)
	at com.kms.katalon.core.main.TestCaseExecutor.processExecutionPhase(TestCaseExecutor.java:306)
	at com.kms.katalon.core.main.TestCaseExecutor.accessMainPhase(TestCaseExecutor.java:298)
	at com.kms.katalon.core.main.TestCaseExecutor.execute(TestCaseExecutor.java:232)
	at com.kms.katalon.core.main.TestCaseMain.runTestCase(TestCaseMain.java:114)
	at com.kms.katalon.core.keyword.builtin.CallTestCaseKeyword$_callTestCase_closure1.doCall(CallTestCaseKeyword.groovy:59)
	... 20 more
Caused by: com.kms.katalon.core.webui.exception.WebElementNotFoundException: Web element with id: 'Object Repository/Page_KiboPush  Create Broadcast Tem/audio_file' located by 'By.xpath: //*[@id="List1"]/div/div/div[3]/div/input' not found
	at com.kms.katalon.core.webui.common.WebUiCommonHelper.findWebElement(WebUiCommonHelper.java:1097)
	at com.kms.katalon.core.webui.keyword.internal.WebUIAbstractKeyword.findWebElement(WebUIAbstractKeyword.groovy:27)
	at com.kms.katalon.core.webui.keyword.internal.WebUIAbstractKeyword.findWebElement(WebUIAbstractKeyword.groovy:26)
	at com.kms.katalon.core.webui.keyword.builtin.UploadFileKeyword$_uploadFile_closure1.doCall(UploadFileKeyword.groovy:79)
	at com.kms.katalon.core.webui.keyword.builtin.UploadFileKeyword$_uploadFile_closure1.call(UploadFileKeyword.groovy)
	at com.kms.katalon.core.webui.keyword.internal.WebUIKeywordMain.runKeyword(WebUIKeywordMain.groovy:20)
	at com.kms.katalon.core.webui.keyword.builtin.UploadFileKeyword.uploadFile(UploadFileKeyword.groovy:87)
	at com.kms.katalon.core.webui.keyword.builtin.UploadFileKeyword.execute(UploadFileKeyword.groovy:68)
	at com.kms.katalon.core.keyword.internal.KeywordExecutor.executeKeywordForPlatform(KeywordExecutor.groovy:56)
	at com.kms.katalon.core.webui.keyword.WebUiBuiltInKeywords.uploadFile(WebUiBuiltInKeywords.groovy:2945)
	at com.kms.katalon.core.webui.keyword.WebUiBuiltInKeywords$uploadFile$8.call(Unknown Source)
	at Script1537082457237.run(Script1537082457237.groovy:27)
	at com.kms.katalon.core.main.ScriptEngine.run(ScriptEngine.java:194)
	at com.kms.katalon.core.main.ScriptEngine.runScriptAsRawText(ScriptEngine.java:119)
	at com.kms.katalon.core.main.TestCaseExecutor.runScript(TestCaseExecutor.java:336)
	at com.kms.katalon.core.main.TestCaseExecutor.doExecute(TestCaseExecutor.java:327)
	at com.kms.katalon.core.main.TestCaseExecutor.processExecutionPhase(TestCaseExecutor.java:306)
	at com.kms.katalon.core.main.TestCaseExecutor.accessMainPhase(TestCaseExecutor.java:298)
	at com.kms.katalon.core.main.TestCaseExecutor.execute(TestCaseExecutor.java:232)
	at com.kms.katalon.core.main.TestCaseMain.runTestCase(TestCaseMain.java:114)
	at com.kms.katalon.core.keyword.builtin.CallTestCaseKeyword$_callTestCase_closure1.doCall(CallTestCaseKeyword.groovy:59)
	at com.kms.katalon.core.keyword.builtin.CallTestCaseKeyword$_callTestCase_closure1.call(CallTestCaseKeyword.groovy)
	at com.kms.katalon.core.keyword.internal.KeywordMain.runKeyword(KeywordMain.groovy:66)
	at com.kms.katalon.core.keyword.builtin.CallTestCaseKeyword.callTestCase(CallTestCaseKeyword.groovy:81)
	at com.kms.katalon.core.keyword.builtin.CallTestCaseKeyword.execute(CallTestCaseKeyword.groovy:44)
	at com.kms.katalon.core.keyword.internal.KeywordExecutor.executeKeywordForPlatform(KeywordExecutor.groovy:56)
	at com.kms.katalon.core.keyword.BuiltinKeywords.callTestCase(BuiltinKeywords.groovy:334)
	at Script1537083100269.run(Script1537083100269.groovy:22)
	... 13 more]]></system-err>
      </testcase>
      <testcase name="Test Cases/Template testcases/TC0805" classname="Test Cases/Template testcases/TC0805" status="PASSED">
         <system-out><![CDATA[2019-04-21 02:38:28 - [TEST_CASE][PASSED] - Test Cases/Template testcases/TC0805: Test Cases/Template testcases/TC0805

2019-04-21 02:38:28 - [TEST_STEP][PASSED] - callTestCase(findTestCase("Template testcases/TC0768"), [:], STOP_ON_FAILURE): Call Test Case 'Test Cases/Template testcases/TC0768' successfully

2019-04-21 02:38:28 - [TEST_CASE][PASSED] - Test Cases/Template testcases/TC0768: Test Cases/Template testcases/TC0768

2019-04-21 02:38:28 - [TEST_STEP][PASSED] - callTestCase(findTestCase("s-sidebar_navigation/individualAccount/Template"), [:], STOP_ON_FAILURE): Call Test Case 'Test Cases/s-sidebar_navigation/individualAccount/Template' successfully

2019-04-21 02:38:28 - [TEST_CASE][PASSED] - Test Cases/s-sidebar_navigation/individualAccount/Template: Test Cases/s-sidebar_navigation/individualAccount/Template

2019-04-21 02:38:28 - [TEST_STEP][PASSED] - click(findTestObject("Page_KiboPush  Dashboard/span_Broadcasts")): Object: 'Object Repository/Page_KiboPush  Dashboard/span_Broadcasts' is clicked on

2019-04-21 02:38:28 - [MESSAGE][PASSED] - Object: 'Object Repository/Page_KiboPush  Dashboard/span_Broadcasts' is clicked on

2019-04-21 02:38:28 - [TEST_STEP][PASSED] - delay(1): Delayed 1 second(s)

2019-04-21 02:38:29 - [MESSAGE][PASSED] - Delayed 1 second(s)

2019-04-21 02:38:29 - [TEST_STEP][PASSED] - click(findTestObject("Page_KiboPush  Dashboard/span_Templates")): Object: 'Object Repository/Page_KiboPush  Dashboard/span_Templates' is clicked on

2019-04-21 02:38:29 - [MESSAGE][PASSED] - Object: 'Object Repository/Page_KiboPush  Dashboard/span_Templates' is clicked on

2019-04-21 02:38:29 - [TEST_STEP][PASSED] - delay(3): Delayed 3 second(s)

2019-04-21 02:38:32 - [MESSAGE][PASSED] - Delayed 3 second(s)

2019-04-21 02:38:32 - [TEST_STEP][PASSED] - scrollToPosition(0, 0): Browser is scrolled to position x = 0, y = 0

2019-04-21 02:38:32 - [MESSAGE][PASSED] - Browser is scrolled to position x = 0, y = 0

2019-04-21 02:38:32 - [TEST_STEP][PASSED] - click(findTestObject("Object Repository/Page_KiboEngage  Templates/h3_Templates")): Object: 'Object Repository/Page_KiboEngage  Templates/h3_Templates' is clicked on

2019-04-21 02:38:32 - [MESSAGE][PASSED] - Object: 'Object Repository/Page_KiboEngage  Templates/h3_Templates' is clicked on

2019-04-21 02:38:32 - [TEST_STEP][PASSED] - delay(3): Delayed 3 second(s)

2019-04-21 02:38:35 - [MESSAGE][PASSED] - Delayed 3 second(s)

2019-04-21 02:38:35 - [MESSAGE][PASSED] - Call Test Case 'Test Cases/s-sidebar_navigation/individualAccount/Template' successfully

2019-04-21 02:38:35 - [TEST_STEP][PASSED] - click(findTestObject("Object Repository/Page_KiboPush  Dashboard/button_Create New")): Object: 'Object Repository/Page_KiboPush  Dashboard/button_Create New' is clicked on

2019-04-21 02:38:36 - [MESSAGE][PASSED] - Object: 'Object Repository/Page_KiboPush  Dashboard/button_Create New' is clicked on

2019-04-21 02:38:36 - [TEST_STEP][PASSED] - click(findTestObject("Object Repository/Page_KiboPush  Create Broadcast Tem/h3_Create Broadcast Template")): Object: 'Object Repository/Page_KiboPush  Create Broadcast Tem/h3_Create Broadcast Template' is clicked on

2019-04-21 02:38:36 - [MESSAGE][PASSED] - Object: 'Object Repository/Page_KiboPush  Create Broadcast Tem/h3_Create Broadcast Template' is clicked on

2019-04-21 02:38:36 - [MESSAGE][PASSED] - Call Test Case 'Test Cases/Template testcases/TC0768' successfully

2019-04-21 02:38:36 - [TEST_STEP][PASSED] - click(findTestObject("Page_KiboPush  Create Broadcast Tem/h3_Create Broadcast Template (5) (1)")): Object: 'Object Repository/Page_KiboPush  Create Broadcast Tem/h3_Create Broadcast Template (5) (1)' is clicked on

2019-04-21 02:38:36 - [MESSAGE][PASSED] - Object: 'Object Repository/Page_KiboPush  Create Broadcast Tem/h3_Create Broadcast Template (5) (1)' is clicked on

2019-04-21 02:38:36 - [TEST_STEP][PASSED] - click(findTestObject("Page_KiboPush  Create Broadcast Tem/h6_Video (1)")): Object: 'Object Repository/Page_KiboPush  Create Broadcast Tem/h6_Video (1)' is clicked on

2019-04-21 02:38:36 - [MESSAGE][PASSED] - Object: 'Object Repository/Page_KiboPush  Create Broadcast Tem/h6_Video (1)' is clicked on

2019-04-21 02:38:36 - [TEST_STEP][PASSED] - click(findTestObject("Object Repository/Page_KiboEngage  Create Broadcast Template/div_New video component added")): Object: 'Object Repository/Page_KiboEngage  Create Broadcast Template/div_New video component added' is clicked on

2019-04-21 02:38:36 - [MESSAGE][PASSED] - Object: 'Object Repository/Page_KiboEngage  Create Broadcast Template/div_New video component added' is clicked on]]></system-out>
         <system-err><![CDATA[]]></system-err>
      </testcase>
      <testcase name="Test Cases/Template testcases/TC0806" classname="Test Cases/Template testcases/TC0806" status="PASSED">
         <system-out><![CDATA[2019-04-21 02:38:36 - [TEST_CASE][PASSED] - Test Cases/Template testcases/TC0806: Test Cases/Template testcases/TC0806

2019-04-21 02:38:36 - [TEST_STEP][PASSED] - callTestCase(findTestCase("Template testcases/TC0805"), [:], STOP_ON_FAILURE): Call Test Case 'Test Cases/Template testcases/TC0805' successfully

2019-04-21 02:38:36 - [TEST_CASE][PASSED] - Test Cases/Template testcases/TC0805: Test Cases/Template testcases/TC0805

2019-04-21 02:38:36 - [TEST_STEP][PASSED] - callTestCase(findTestCase("Template testcases/TC0768"), [:], STOP_ON_FAILURE): Call Test Case 'Test Cases/Template testcases/TC0768' successfully

2019-04-21 02:38:36 - [TEST_CASE][PASSED] - Test Cases/Template testcases/TC0768: Test Cases/Template testcases/TC0768

2019-04-21 02:38:36 - [TEST_STEP][PASSED] - callTestCase(findTestCase("s-sidebar_navigation/individualAccount/Template"), [:], STOP_ON_FAILURE): Call Test Case 'Test Cases/s-sidebar_navigation/individualAccount/Template' successfully

2019-04-21 02:38:36 - [TEST_CASE][PASSED] - Test Cases/s-sidebar_navigation/individualAccount/Template: Test Cases/s-sidebar_navigation/individualAccount/Template

2019-04-21 02:38:36 - [TEST_STEP][PASSED] - click(findTestObject("Page_KiboPush  Dashboard/span_Broadcasts")): Object: 'Object Repository/Page_KiboPush  Dashboard/span_Broadcasts' is clicked on

2019-04-21 02:38:37 - [MESSAGE][PASSED] - Object: 'Object Repository/Page_KiboPush  Dashboard/span_Broadcasts' is clicked on

2019-04-21 02:38:37 - [TEST_STEP][PASSED] - delay(1): Delayed 1 second(s)

2019-04-21 02:38:38 - [MESSAGE][PASSED] - Delayed 1 second(s)

2019-04-21 02:38:38 - [TEST_STEP][PASSED] - click(findTestObject("Page_KiboPush  Dashboard/span_Templates")): Object: 'Object Repository/Page_KiboPush  Dashboard/span_Templates' is clicked on

2019-04-21 02:38:38 - [MESSAGE][PASSED] - Object: 'Object Repository/Page_KiboPush  Dashboard/span_Templates' is clicked on

2019-04-21 02:38:38 - [TEST_STEP][PASSED] - delay(3): Delayed 3 second(s)

2019-04-21 02:38:41 - [MESSAGE][PASSED] - Delayed 3 second(s)

2019-04-21 02:38:41 - [TEST_STEP][PASSED] - scrollToPosition(0, 0): Browser is scrolled to position x = 0, y = 0

2019-04-21 02:38:41 - [MESSAGE][PASSED] - Browser is scrolled to position x = 0, y = 0

2019-04-21 02:38:41 - [TEST_STEP][PASSED] - click(findTestObject("Object Repository/Page_KiboEngage  Templates/h3_Templates")): Object: 'Object Repository/Page_KiboEngage  Templates/h3_Templates' is clicked on

2019-04-21 02:38:41 - [MESSAGE][PASSED] - Object: 'Object Repository/Page_KiboEngage  Templates/h3_Templates' is clicked on

2019-04-21 02:38:41 - [TEST_STEP][PASSED] - delay(3): Delayed 3 second(s)

2019-04-21 02:38:44 - [MESSAGE][PASSED] - Delayed 3 second(s)

2019-04-21 02:38:44 - [MESSAGE][PASSED] - Call Test Case 'Test Cases/s-sidebar_navigation/individualAccount/Template' successfully

2019-04-21 02:38:44 - [TEST_STEP][PASSED] - click(findTestObject("Object Repository/Page_KiboPush  Dashboard/button_Create New")): Object: 'Object Repository/Page_KiboPush  Dashboard/button_Create New' is clicked on

2019-04-21 02:38:44 - [MESSAGE][PASSED] - Object: 'Object Repository/Page_KiboPush  Dashboard/button_Create New' is clicked on

2019-04-21 02:38:44 - [TEST_STEP][PASSED] - click(findTestObject("Object Repository/Page_KiboPush  Create Broadcast Tem/h3_Create Broadcast Template")): Object: 'Object Repository/Page_KiboPush  Create Broadcast Tem/h3_Create Broadcast Template' is clicked on

2019-04-21 02:38:44 - [MESSAGE][PASSED] - Object: 'Object Repository/Page_KiboPush  Create Broadcast Tem/h3_Create Broadcast Template' is clicked on

2019-04-21 02:38:44 - [MESSAGE][PASSED] - Call Test Case 'Test Cases/Template testcases/TC0768' successfully

2019-04-21 02:38:44 - [TEST_STEP][PASSED] - click(findTestObject("Page_KiboPush  Create Broadcast Tem/h3_Create Broadcast Template (5) (1)")): Object: 'Object Repository/Page_KiboPush  Create Broadcast Tem/h3_Create Broadcast Template (5) (1)' is clicked on

2019-04-21 02:38:44 - [MESSAGE][PASSED] - Object: 'Object Repository/Page_KiboPush  Create Broadcast Tem/h3_Create Broadcast Template (5) (1)' is clicked on

2019-04-21 02:38:44 - [TEST_STEP][PASSED] - click(findTestObject("Page_KiboPush  Create Broadcast Tem/h6_Video (1)")): Object: 'Object Repository/Page_KiboPush  Create Broadcast Tem/h6_Video (1)' is clicked on

2019-04-21 02:38:45 - [MESSAGE][PASSED] - Object: 'Object Repository/Page_KiboPush  Create Broadcast Tem/h6_Video (1)' is clicked on

2019-04-21 02:38:45 - [TEST_STEP][PASSED] - click(findTestObject("Object Repository/Page_KiboEngage  Create Broadcast Template/div_New video component added")): Object: 'Object Repository/Page_KiboEngage  Create Broadcast Template/div_New video component added' is clicked on

2019-04-21 02:38:45 - [MESSAGE][PASSED] - Object: 'Object Repository/Page_KiboEngage  Create Broadcast Template/div_New video component added' is clicked on

2019-04-21 02:38:45 - [MESSAGE][PASSED] - Call Test Case 'Test Cases/Template testcases/TC0805' successfully

2019-04-21 02:38:45 - [TEST_STEP][PASSED] - click(findTestObject("Object Repository/Page_KiboPush  Create Broadcast Tem/h6_Text (3)")): Object: 'Object Repository/Page_KiboPush  Create Broadcast Tem/h6_Text (3)' is clicked on

2019-04-21 02:38:45 - [MESSAGE][PASSED] - Object: 'Object Repository/Page_KiboPush  Create Broadcast Tem/h6_Text (3)' is clicked on

2019-04-21 02:38:45 - [TEST_STEP][PASSED] - click(findTestObject("Object Repository/Page_KiboPush  Create Broadcast Tem/button_Create (10)")): Object: 'Object Repository/Page_KiboPush  Create Broadcast Tem/button_Create (10)' is clicked on

2019-04-21 02:38:45 - [MESSAGE][PASSED] - Object: 'Object Repository/Page_KiboPush  Create Broadcast Tem/button_Create (10)' is clicked on

2019-04-21 02:38:45 - [TEST_STEP][PASSED] - click(findTestObject("Object Repository/Page_KiboPush  Create Broadcast Tem/div_Select a video file")): Object: 'Object Repository/Page_KiboPush  Create Broadcast Tem/div_Select a video file' is clicked on

2019-04-21 02:38:45 - [MESSAGE][PASSED] - Object: 'Object Repository/Page_KiboPush  Create Broadcast Tem/div_Select a video file' is clicked on]]></system-out>
         <system-err><![CDATA[]]></system-err>
      </testcase>
      <testcase name="Test Cases/Template testcases/TC0807" classname="Test Cases/Template testcases/TC0807" status="FAILED">
         <failure type="FAILED" message="Test Cases/Template testcases/TC0807 FAILED.
Reason:
com.kms.katalon.core.exception.StepFailedException: Unable to upload file '/home/faizan/Drive/KiboPush_Automated_Testing/KiboPush Katalon/video.mp4' to object 'Object Repository/Page_KiboPush  Create Broadcast Tem/video_file'
	at com.kms.katalon.core.webui.keyword.internal.WebUIKeywordMain.stepFailed(WebUIKeywordMain.groovy:64)
	at com.kms.katalon.core.webui.keyword.internal.WebUIKeywordMain.runKeyword(WebUIKeywordMain.groovy:26)
	at com.kms.katalon.core.webui.keyword.builtin.UploadFileKeyword.uploadFile(UploadFileKeyword.groovy:87)
	at com.kms.katalon.core.webui.keyword.builtin.UploadFileKeyword.execute(UploadFileKeyword.groovy:68)
	at com.kms.katalon.core.keyword.internal.KeywordExecutor.executeKeywordForPlatform(KeywordExecutor.groovy:56)
	at com.kms.katalon.core.webui.keyword.WebUiBuiltInKeywords.uploadFile(WebUiBuiltInKeywords.groovy:2945)
	at com.kms.katalon.core.webui.keyword.WebUiBuiltInKeywords$uploadFile$8.call(Unknown Source)
	at TC0807.run(TC0807:27)
	at com.kms.katalon.core.main.ScriptEngine.run(ScriptEngine.java:194)
	at com.kms.katalon.core.main.ScriptEngine.runScriptAsRawText(ScriptEngine.java:119)
	at com.kms.katalon.core.main.TestCaseExecutor.runScript(TestCaseExecutor.java:336)
	at com.kms.katalon.core.main.TestCaseExecutor.doExecute(TestCaseExecutor.java:327)
	at com.kms.katalon.core.main.TestCaseExecutor.processExecutionPhase(TestCaseExecutor.java:306)
	at com.kms.katalon.core.main.TestCaseExecutor.accessMainPhase(TestCaseExecutor.java:298)
	at com.kms.katalon.core.main.TestCaseExecutor.execute(TestCaseExecutor.java:232)
	at com.kms.katalon.core.main.TestSuiteExecutor.accessTestCaseMainPhase(TestSuiteExecutor.java:129)
	at com.kms.katalon.core.main.TestSuiteExecutor.accessTestSuiteMainPhase(TestSuiteExecutor.java:112)
	at com.kms.katalon.core.main.TestSuiteExecutor.execute(TestSuiteExecutor.java:81)
	at com.kms.katalon.core.main.TestCaseMain.startTestSuite(TestCaseMain.java:157)
	at com.kms.katalon.core.main.TestCaseMain$startTestSuite$0.call(Unknown Source)
	at TempTestSuite1555795243480.run(TempTestSuite1555795243480.groovy:35)
Caused by: com.kms.katalon.core.webui.exception.WebElementNotFoundException: Web element with id: 'Object Repository/Page_KiboPush  Create Broadcast Tem/video_file' located by 'By.xpath: //*[@id=&quot;List1&quot;]/div/div/div[3]/div/input' not found
	at com.kms.katalon.core.webui.common.WebUiCommonHelper.findWebElement(WebUiCommonHelper.java:1097)
	at com.kms.katalon.core.webui.keyword.internal.WebUIAbstractKeyword.findWebElement(WebUIAbstractKeyword.groovy:27)
	at com.kms.katalon.core.webui.keyword.internal.WebUIAbstractKeyword.findWebElement(WebUIAbstractKeyword.groovy:26)
	at com.kms.katalon.core.webui.keyword.builtin.UploadFileKeyword$_uploadFile_closure1.doCall(UploadFileKeyword.groovy:79)
	at com.kms.katalon.core.webui.keyword.builtin.UploadFileKeyword$_uploadFile_closure1.call(UploadFileKeyword.groovy)
	at com.kms.katalon.core.webui.keyword.internal.WebUIKeywordMain.runKeyword(WebUIKeywordMain.groovy:20)
	at com.kms.katalon.core.webui.keyword.builtin.UploadFileKeyword.uploadFile(UploadFileKeyword.groovy:87)
	at com.kms.katalon.core.webui.keyword.builtin.UploadFileKeyword.execute(UploadFileKeyword.groovy:68)
	at com.kms.katalon.core.keyword.internal.KeywordExecutor.executeKeywordForPlatform(KeywordExecutor.groovy:56)
	at com.kms.katalon.core.webui.keyword.WebUiBuiltInKeywords.uploadFile(WebUiBuiltInKeywords.groovy:2945)
	at com.kms.katalon.core.webui.keyword.WebUiBuiltInKeywords$uploadFile$8.call(Unknown Source)
	at Script1537083598995.run(Script1537083598995.groovy:27)
	... 13 more
"/>
         <system-out><![CDATA[2019-04-21 02:38:46 - [TEST_CASE][FAILED] - Test Cases/Template testcases/TC0807: Test Cases/Template testcases/TC0807 FAILED.
Reason:
com.kms.katalon.core.exception.StepFailedException: Unable to upload file '/home/faizan/Drive/KiboPush_Automated_Testing/KiboPush Katalon/video.mp4' to object 'Object Repository/Page_KiboPush  Create Broadcast Tem/video_file'
	at com.kms.katalon.core.webui.keyword.internal.WebUIKeywordMain.stepFailed(WebUIKeywordMain.groovy:64)
	at com.kms.katalon.core.webui.keyword.internal.WebUIKeywordMain.runKeyword(WebUIKeywordMain.groovy:26)
	at com.kms.katalon.core.webui.keyword.builtin.UploadFileKeyword.uploadFile(UploadFileKeyword.groovy:87)
	at com.kms.katalon.core.webui.keyword.builtin.UploadFileKeyword.execute(UploadFileKeyword.groovy:68)
	at com.kms.katalon.core.keyword.internal.KeywordExecutor.executeKeywordForPlatform(KeywordExecutor.groovy:56)
	at com.kms.katalon.core.webui.keyword.WebUiBuiltInKeywords.uploadFile(WebUiBuiltInKeywords.groovy:2945)
	at com.kms.katalon.core.webui.keyword.WebUiBuiltInKeywords$uploadFile$8.call(Unknown Source)
	at TC0807.run(TC0807:27)
	at com.kms.katalon.core.main.ScriptEngine.run(ScriptEngine.java:194)
	at com.kms.katalon.core.main.ScriptEngine.runScriptAsRawText(ScriptEngine.java:119)
	at com.kms.katalon.core.main.TestCaseExecutor.runScript(TestCaseExecutor.java:336)
	at com.kms.katalon.core.main.TestCaseExecutor.doExecute(TestCaseExecutor.java:327)
	at com.kms.katalon.core.main.TestCaseExecutor.processExecutionPhase(TestCaseExecutor.java:306)
	at com.kms.katalon.core.main.TestCaseExecutor.accessMainPhase(TestCaseExecutor.java:298)
	at com.kms.katalon.core.main.TestCaseExecutor.execute(TestCaseExecutor.java:232)
	at com.kms.katalon.core.main.TestSuiteExecutor.accessTestCaseMainPhase(TestSuiteExecutor.java:129)
	at com.kms.katalon.core.main.TestSuiteExecutor.accessTestSuiteMainPhase(TestSuiteExecutor.java:112)
	at com.kms.katalon.core.main.TestSuiteExecutor.execute(TestSuiteExecutor.java:81)
	at com.kms.katalon.core.main.TestCaseMain.startTestSuite(TestCaseMain.java:157)
	at com.kms.katalon.core.main.TestCaseMain$startTestSuite$0.call(Unknown Source)
	at TempTestSuite1555795243480.run(TempTestSuite1555795243480.groovy:35)
Caused by: com.kms.katalon.core.webui.exception.WebElementNotFoundException: Web element with id: 'Object Repository/Page_KiboPush  Create Broadcast Tem/video_file' located by 'By.xpath: //*[@id="List1"]/div/div/div[3]/div/input' not found
	at com.kms.katalon.core.webui.common.WebUiCommonHelper.findWebElement(WebUiCommonHelper.java:1097)
	at com.kms.katalon.core.webui.keyword.internal.WebUIAbstractKeyword.findWebElement(WebUIAbstractKeyword.groovy:27)
	at com.kms.katalon.core.webui.keyword.internal.WebUIAbstractKeyword.findWebElement(WebUIAbstractKeyword.groovy:26)
	at com.kms.katalon.core.webui.keyword.builtin.UploadFileKeyword$_uploadFile_closure1.doCall(UploadFileKeyword.groovy:79)
	at com.kms.katalon.core.webui.keyword.builtin.UploadFileKeyword$_uploadFile_closure1.call(UploadFileKeyword.groovy)
	at com.kms.katalon.core.webui.keyword.internal.WebUIKeywordMain.runKeyword(WebUIKeywordMain.groovy:20)
	at com.kms.katalon.core.webui.keyword.builtin.UploadFileKeyword.uploadFile(UploadFileKeyword.groovy:87)
	at com.kms.katalon.core.webui.keyword.builtin.UploadFileKeyword.execute(UploadFileKeyword.groovy:68)
	at com.kms.katalon.core.keyword.internal.KeywordExecutor.executeKeywordForPlatform(KeywordExecutor.groovy:56)
	at com.kms.katalon.core.webui.keyword.WebUiBuiltInKeywords.uploadFile(WebUiBuiltInKeywords.groovy:2945)
	at com.kms.katalon.core.webui.keyword.WebUiBuiltInKeywords$uploadFile$8.call(Unknown Source)
	at Script1537083598995.run(Script1537083598995.groovy:27)
	... 13 more


2019-04-21 02:38:46 - [TEST_STEP][PASSED] - callTestCase(findTestCase("Template testcases/TC0805"), [:], STOP_ON_FAILURE): Call Test Case 'Test Cases/Template testcases/TC0805' successfully

2019-04-21 02:38:46 - [TEST_CASE][PASSED] - Test Cases/Template testcases/TC0805: Test Cases/Template testcases/TC0805

2019-04-21 02:38:46 - [TEST_STEP][PASSED] - callTestCase(findTestCase("Template testcases/TC0768"), [:], STOP_ON_FAILURE): Call Test Case 'Test Cases/Template testcases/TC0768' successfully

2019-04-21 02:38:46 - [TEST_CASE][PASSED] - Test Cases/Template testcases/TC0768: Test Cases/Template testcases/TC0768

2019-04-21 02:38:46 - [TEST_STEP][PASSED] - callTestCase(findTestCase("s-sidebar_navigation/individualAccount/Template"), [:], STOP_ON_FAILURE): Call Test Case 'Test Cases/s-sidebar_navigation/individualAccount/Template' successfully

2019-04-21 02:38:46 - [TEST_CASE][PASSED] - Test Cases/s-sidebar_navigation/individualAccount/Template: Test Cases/s-sidebar_navigation/individualAccount/Template

2019-04-21 02:38:46 - [TEST_STEP][PASSED] - click(findTestObject("Page_KiboPush  Dashboard/span_Broadcasts")): Object: 'Object Repository/Page_KiboPush  Dashboard/span_Broadcasts' is clicked on

2019-04-21 02:38:46 - [MESSAGE][PASSED] - Object: 'Object Repository/Page_KiboPush  Dashboard/span_Broadcasts' is clicked on

2019-04-21 02:38:46 - [TEST_STEP][PASSED] - delay(1): Delayed 1 second(s)

2019-04-21 02:38:47 - [MESSAGE][PASSED] - Delayed 1 second(s)

2019-04-21 02:38:47 - [TEST_STEP][PASSED] - click(findTestObject("Page_KiboPush  Dashboard/span_Templates")): Object: 'Object Repository/Page_KiboPush  Dashboard/span_Templates' is clicked on

2019-04-21 02:38:47 - [MESSAGE][PASSED] - Object: 'Object Repository/Page_KiboPush  Dashboard/span_Templates' is clicked on

2019-04-21 02:38:47 - [TEST_STEP][PASSED] - delay(3): Delayed 3 second(s)

2019-04-21 02:38:50 - [MESSAGE][PASSED] - Delayed 3 second(s)

2019-04-21 02:38:50 - [TEST_STEP][PASSED] - scrollToPosition(0, 0): Browser is scrolled to position x = 0, y = 0

2019-04-21 02:38:50 - [MESSAGE][PASSED] - Browser is scrolled to position x = 0, y = 0

2019-04-21 02:38:50 - [TEST_STEP][PASSED] - click(findTestObject("Object Repository/Page_KiboEngage  Templates/h3_Templates")): Object: 'Object Repository/Page_KiboEngage  Templates/h3_Templates' is clicked on

2019-04-21 02:38:50 - [MESSAGE][PASSED] - Object: 'Object Repository/Page_KiboEngage  Templates/h3_Templates' is clicked on

2019-04-21 02:38:50 - [TEST_STEP][PASSED] - delay(3): Delayed 3 second(s)

2019-04-21 02:38:53 - [MESSAGE][PASSED] - Delayed 3 second(s)

2019-04-21 02:38:53 - [MESSAGE][PASSED] - Call Test Case 'Test Cases/s-sidebar_navigation/individualAccount/Template' successfully

2019-04-21 02:38:53 - [TEST_STEP][PASSED] - click(findTestObject("Object Repository/Page_KiboPush  Dashboard/button_Create New")): Object: 'Object Repository/Page_KiboPush  Dashboard/button_Create New' is clicked on

2019-04-21 02:38:54 - [MESSAGE][PASSED] - Object: 'Object Repository/Page_KiboPush  Dashboard/button_Create New' is clicked on

2019-04-21 02:38:54 - [TEST_STEP][PASSED] - click(findTestObject("Object Repository/Page_KiboPush  Create Broadcast Tem/h3_Create Broadcast Template")): Object: 'Object Repository/Page_KiboPush  Create Broadcast Tem/h3_Create Broadcast Template' is clicked on

2019-04-21 02:38:54 - [MESSAGE][PASSED] - Object: 'Object Repository/Page_KiboPush  Create Broadcast Tem/h3_Create Broadcast Template' is clicked on

2019-04-21 02:38:54 - [MESSAGE][PASSED] - Call Test Case 'Test Cases/Template testcases/TC0768' successfully

2019-04-21 02:38:54 - [TEST_STEP][PASSED] - click(findTestObject("Page_KiboPush  Create Broadcast Tem/h3_Create Broadcast Template (5) (1)")): Object: 'Object Repository/Page_KiboPush  Create Broadcast Tem/h3_Create Broadcast Template (5) (1)' is clicked on

2019-04-21 02:38:54 - [MESSAGE][PASSED] - Object: 'Object Repository/Page_KiboPush  Create Broadcast Tem/h3_Create Broadcast Template (5) (1)' is clicked on

2019-04-21 02:38:54 - [TEST_STEP][PASSED] - click(findTestObject("Page_KiboPush  Create Broadcast Tem/h6_Video (1)")): Object: 'Object Repository/Page_KiboPush  Create Broadcast Tem/h6_Video (1)' is clicked on

2019-04-21 02:38:54 - [MESSAGE][PASSED] - Object: 'Object Repository/Page_KiboPush  Create Broadcast Tem/h6_Video (1)' is clicked on

2019-04-21 02:38:54 - [TEST_STEP][PASSED] - click(findTestObject("Object Repository/Page_KiboEngage  Create Broadcast Template/div_New video component added")): Object: 'Object Repository/Page_KiboEngage  Create Broadcast Template/div_New video component added' is clicked on

2019-04-21 02:38:54 - [MESSAGE][PASSED] - Object: 'Object Repository/Page_KiboEngage  Create Broadcast Template/div_New video component added' is clicked on

2019-04-21 02:38:54 - [MESSAGE][PASSED] - Call Test Case 'Test Cases/Template testcases/TC0805' successfully

2019-04-21 02:38:54 - [TEST_STEP][PASSED] - video = getProjectDir() + "/video.mp4": null

2019-04-21 02:38:54 - [TEST_STEP][FAILED] - uploadFile(findTestObject("Page_KiboPush  Create Broadcast Tem/video_file"), video): Unable to upload file '/home/faizan/Drive/KiboPush_Automated_Testing/KiboPush Katalon/video.mp4' to object 'Object Repository/Page_KiboPush  Create Broadcast Tem/video_file' (Root cause: com.kms.katalon.core.exception.StepFailedException: Unable to upload file '/home/faizan/Drive/KiboPush_Automated_Testing/KiboPush Katalon/video.mp4' to object 'Object Repository/Page_KiboPush  Create Broadcast Tem/video_file'
	at com.kms.katalon.core.webui.keyword.internal.WebUIKeywordMain.stepFailed(WebUIKeywordMain.groovy:64)
	at com.kms.katalon.core.webui.keyword.internal.WebUIKeywordMain.runKeyword(WebUIKeywordMain.groovy:26)
	at com.kms.katalon.core.webui.keyword.builtin.UploadFileKeyword.uploadFile(UploadFileKeyword.groovy:87)
	at com.kms.katalon.core.webui.keyword.builtin.UploadFileKeyword.execute(UploadFileKeyword.groovy:68)
	at com.kms.katalon.core.keyword.internal.KeywordExecutor.executeKeywordForPlatform(KeywordExecutor.groovy:56)
	at com.kms.katalon.core.webui.keyword.WebUiBuiltInKeywords.uploadFile(WebUiBuiltInKeywords.groovy:2945)
	at com.kms.katalon.core.webui.keyword.WebUiBuiltInKeywords$uploadFile$8.call(Unknown Source)
	at TC0807.run(TC0807:27)
	at com.kms.katalon.core.main.ScriptEngine.run(ScriptEngine.java:194)
	at com.kms.katalon.core.main.ScriptEngine.runScriptAsRawText(ScriptEngine.java:119)
	at com.kms.katalon.core.main.TestCaseExecutor.runScript(TestCaseExecutor.java:336)
	at com.kms.katalon.core.main.TestCaseExecutor.doExecute(TestCaseExecutor.java:327)
	at com.kms.katalon.core.main.TestCaseExecutor.processExecutionPhase(TestCaseExecutor.java:306)
	at com.kms.katalon.core.main.TestCaseExecutor.accessMainPhase(TestCaseExecutor.java:298)
	at com.kms.katalon.core.main.TestCaseExecutor.execute(TestCaseExecutor.java:232)
	at com.kms.katalon.core.main.TestSuiteExecutor.accessTestCaseMainPhase(TestSuiteExecutor.java:129)
	at com.kms.katalon.core.main.TestSuiteExecutor.accessTestSuiteMainPhase(TestSuiteExecutor.java:112)
	at com.kms.katalon.core.main.TestSuiteExecutor.execute(TestSuiteExecutor.java:81)
	at com.kms.katalon.core.main.TestCaseMain.startTestSuite(TestCaseMain.java:157)
	at com.kms.katalon.core.main.TestCaseMain$startTestSuite$0.call(Unknown Source)
	at TempTestSuite1555795243480.run(TempTestSuite1555795243480.groovy:35)
Caused by: com.kms.katalon.core.webui.exception.WebElementNotFoundException: Web element with id: 'Object Repository/Page_KiboPush  Create Broadcast Tem/video_file' located by 'By.xpath: //*[@id="List1"]/div/div/div[3]/div/input' not found
	at com.kms.katalon.core.webui.common.WebUiCommonHelper.findWebElement(WebUiCommonHelper.java:1097)
	at com.kms.katalon.core.webui.keyword.internal.WebUIAbstractKeyword.findWebElement(WebUIAbstractKeyword.groovy:27)
	at com.kms.katalon.core.webui.keyword.internal.WebUIAbstractKeyword.findWebElement(WebUIAbstractKeyword.groovy:26)
	at com.kms.katalon.core.webui.keyword.builtin.UploadFileKeyword$_uploadFile_closure1.doCall(UploadFileKeyword.groovy:79)
	at com.kms.katalon.core.webui.keyword.builtin.UploadFileKeyword$_uploadFile_closure1.call(UploadFileKeyword.groovy)
	at com.kms.katalon.core.webui.keyword.internal.WebUIKeywordMain.runKeyword(WebUIKeywordMain.groovy:20)
	at com.kms.katalon.core.webui.keyword.builtin.UploadFileKeyword.uploadFile(UploadFileKeyword.groovy:87)
	at com.kms.katalon.core.webui.keyword.builtin.UploadFileKeyword.execute(UploadFileKeyword.groovy:68)
	at com.kms.katalon.core.keyword.internal.KeywordExecutor.executeKeywordForPlatform(KeywordExecutor.groovy:56)
	at com.kms.katalon.core.webui.keyword.WebUiBuiltInKeywords.uploadFile(WebUiBuiltInKeywords.groovy:2945)
	at com.kms.katalon.core.webui.keyword.WebUiBuiltInKeywords$uploadFile$8.call(Unknown Source)
	at Script1537083598995.run(Script1537083598995.groovy:27)
	... 13 more
)

2019-04-21 02:39:25 - [MESSAGE][INFO] - Unable to find the element located by 'By.xpath: //*[@id="List1"]/div/div/div[3]/div/input'. Please recheck the objects properties to make sure the desired element is located. 

2019-04-21 02:39:25 - [MESSAGE][FAILED] - Unable to upload file '/home/faizan/Drive/KiboPush_Automated_Testing/KiboPush Katalon/video.mp4' to object 'Object Repository/Page_KiboPush  Create Broadcast Tem/video_file' (Root cause: com.kms.katalon.core.exception.StepFailedException: Unable to upload file '/home/faizan/Drive/KiboPush_Automated_Testing/KiboPush Katalon/video.mp4' to object 'Object Repository/Page_KiboPush  Create Broadcast Tem/video_file'
	at com.kms.katalon.core.webui.keyword.internal.WebUIKeywordMain.stepFailed(WebUIKeywordMain.groovy:64)
	at com.kms.katalon.core.webui.keyword.internal.WebUIKeywordMain.runKeyword(WebUIKeywordMain.groovy:26)
	at com.kms.katalon.core.webui.keyword.builtin.UploadFileKeyword.uploadFile(UploadFileKeyword.groovy:87)
	at com.kms.katalon.core.webui.keyword.builtin.UploadFileKeyword.execute(UploadFileKeyword.groovy:68)
	at com.kms.katalon.core.keyword.internal.KeywordExecutor.executeKeywordForPlatform(KeywordExecutor.groovy:56)
	at com.kms.katalon.core.webui.keyword.WebUiBuiltInKeywords.uploadFile(WebUiBuiltInKeywords.groovy:2945)
	at com.kms.katalon.core.webui.keyword.WebUiBuiltInKeywords$uploadFile$8.call(Unknown Source)
	at TC0807.run(TC0807:27)
	at com.kms.katalon.core.main.ScriptEngine.run(ScriptEngine.java:194)
	at com.kms.katalon.core.main.ScriptEngine.runScriptAsRawText(ScriptEngine.java:119)
	at com.kms.katalon.core.main.TestCaseExecutor.runScript(TestCaseExecutor.java:336)
	at com.kms.katalon.core.main.TestCaseExecutor.doExecute(TestCaseExecutor.java:327)
	at com.kms.katalon.core.main.TestCaseExecutor.processExecutionPhase(TestCaseExecutor.java:306)
	at com.kms.katalon.core.main.TestCaseExecutor.accessMainPhase(TestCaseExecutor.java:298)
	at com.kms.katalon.core.main.TestCaseExecutor.execute(TestCaseExecutor.java:232)
	at com.kms.katalon.core.main.TestSuiteExecutor.accessTestCaseMainPhase(TestSuiteExecutor.java:129)
	at com.kms.katalon.core.main.TestSuiteExecutor.accessTestSuiteMainPhase(TestSuiteExecutor.java:112)
	at com.kms.katalon.core.main.TestSuiteExecutor.execute(TestSuiteExecutor.java:81)
	at com.kms.katalon.core.main.TestCaseMain.startTestSuite(TestCaseMain.java:157)
	at com.kms.katalon.core.main.TestCaseMain$startTestSuite$0.call(Unknown Source)
	at TempTestSuite1555795243480.run(TempTestSuite1555795243480.groovy:35)
Caused by: com.kms.katalon.core.webui.exception.WebElementNotFoundException: Web element with id: 'Object Repository/Page_KiboPush  Create Broadcast Tem/video_file' located by 'By.xpath: //*[@id="List1"]/div/div/div[3]/div/input' not found
	at com.kms.katalon.core.webui.common.WebUiCommonHelper.findWebElement(WebUiCommonHelper.java:1097)
	at com.kms.katalon.core.webui.keyword.internal.WebUIAbstractKeyword.findWebElement(WebUIAbstractKeyword.groovy:27)
	at com.kms.katalon.core.webui.keyword.internal.WebUIAbstractKeyword.findWebElement(WebUIAbstractKeyword.groovy:26)
	at com.kms.katalon.core.webui.keyword.builtin.UploadFileKeyword$_uploadFile_closure1.doCall(UploadFileKeyword.groovy:79)
	at com.kms.katalon.core.webui.keyword.builtin.UploadFileKeyword$_uploadFile_closure1.call(UploadFileKeyword.groovy)
	at com.kms.katalon.core.webui.keyword.internal.WebUIKeywordMain.runKeyword(WebUIKeywordMain.groovy:20)
	at com.kms.katalon.core.webui.keyword.builtin.UploadFileKeyword.uploadFile(UploadFileKeyword.groovy:87)
	at com.kms.katalon.core.webui.keyword.builtin.UploadFileKeyword.execute(UploadFileKeyword.groovy:68)
	at com.kms.katalon.core.keyword.internal.KeywordExecutor.executeKeywordForPlatform(KeywordExecutor.groovy:56)
	at com.kms.katalon.core.webui.keyword.WebUiBuiltInKeywords.uploadFile(WebUiBuiltInKeywords.groovy:2945)
	at com.kms.katalon.core.webui.keyword.WebUiBuiltInKeywords$uploadFile$8.call(Unknown Source)
	at Script1537083598995.run(Script1537083598995.groovy:27)
	... 13 more
)
[[ATTACHMENT|/home/faizan/Drive/KiboPush_Automated_Testing/KiboPush Katalon/Reports/Faizan Suits/Template/20190421_022043/1555796365616.png]]]]></system-out>
         <system-err><![CDATA[2019-04-21 02:38:46 - [TEST_CASE][FAILED] - Test Cases/Template testcases/TC0807: Test Cases/Template testcases/TC0807 FAILED.
Reason:
com.kms.katalon.core.exception.StepFailedException: Unable to upload file '/home/faizan/Drive/KiboPush_Automated_Testing/KiboPush Katalon/video.mp4' to object 'Object Repository/Page_KiboPush  Create Broadcast Tem/video_file'
	at com.kms.katalon.core.webui.keyword.internal.WebUIKeywordMain.stepFailed(WebUIKeywordMain.groovy:64)
	at com.kms.katalon.core.webui.keyword.internal.WebUIKeywordMain.runKeyword(WebUIKeywordMain.groovy:26)
	at com.kms.katalon.core.webui.keyword.builtin.UploadFileKeyword.uploadFile(UploadFileKeyword.groovy:87)
	at com.kms.katalon.core.webui.keyword.builtin.UploadFileKeyword.execute(UploadFileKeyword.groovy:68)
	at com.kms.katalon.core.keyword.internal.KeywordExecutor.executeKeywordForPlatform(KeywordExecutor.groovy:56)
	at com.kms.katalon.core.webui.keyword.WebUiBuiltInKeywords.uploadFile(WebUiBuiltInKeywords.groovy:2945)
	at com.kms.katalon.core.webui.keyword.WebUiBuiltInKeywords$uploadFile$8.call(Unknown Source)
	at TC0807.run(TC0807:27)
	at com.kms.katalon.core.main.ScriptEngine.run(ScriptEngine.java:194)
	at com.kms.katalon.core.main.ScriptEngine.runScriptAsRawText(ScriptEngine.java:119)
	at com.kms.katalon.core.main.TestCaseExecutor.runScript(TestCaseExecutor.java:336)
	at com.kms.katalon.core.main.TestCaseExecutor.doExecute(TestCaseExecutor.java:327)
	at com.kms.katalon.core.main.TestCaseExecutor.processExecutionPhase(TestCaseExecutor.java:306)
	at com.kms.katalon.core.main.TestCaseExecutor.accessMainPhase(TestCaseExecutor.java:298)
	at com.kms.katalon.core.main.TestCaseExecutor.execute(TestCaseExecutor.java:232)
	at com.kms.katalon.core.main.TestSuiteExecutor.accessTestCaseMainPhase(TestSuiteExecutor.java:129)
	at com.kms.katalon.core.main.TestSuiteExecutor.accessTestSuiteMainPhase(TestSuiteExecutor.java:112)
	at com.kms.katalon.core.main.TestSuiteExecutor.execute(TestSuiteExecutor.java:81)
	at com.kms.katalon.core.main.TestCaseMain.startTestSuite(TestCaseMain.java:157)
	at com.kms.katalon.core.main.TestCaseMain$startTestSuite$0.call(Unknown Source)
	at TempTestSuite1555795243480.run(TempTestSuite1555795243480.groovy:35)
Caused by: com.kms.katalon.core.webui.exception.WebElementNotFoundException: Web element with id: 'Object Repository/Page_KiboPush  Create Broadcast Tem/video_file' located by 'By.xpath: //*[@id="List1"]/div/div/div[3]/div/input' not found
	at com.kms.katalon.core.webui.common.WebUiCommonHelper.findWebElement(WebUiCommonHelper.java:1097)
	at com.kms.katalon.core.webui.keyword.internal.WebUIAbstractKeyword.findWebElement(WebUIAbstractKeyword.groovy:27)
	at com.kms.katalon.core.webui.keyword.internal.WebUIAbstractKeyword.findWebElement(WebUIAbstractKeyword.groovy:26)
	at com.kms.katalon.core.webui.keyword.builtin.UploadFileKeyword$_uploadFile_closure1.doCall(UploadFileKeyword.groovy:79)
	at com.kms.katalon.core.webui.keyword.builtin.UploadFileKeyword$_uploadFile_closure1.call(UploadFileKeyword.groovy)
	at com.kms.katalon.core.webui.keyword.internal.WebUIKeywordMain.runKeyword(WebUIKeywordMain.groovy:20)
	at com.kms.katalon.core.webui.keyword.builtin.UploadFileKeyword.uploadFile(UploadFileKeyword.groovy:87)
	at com.kms.katalon.core.webui.keyword.builtin.UploadFileKeyword.execute(UploadFileKeyword.groovy:68)
	at com.kms.katalon.core.keyword.internal.KeywordExecutor.executeKeywordForPlatform(KeywordExecutor.groovy:56)
	at com.kms.katalon.core.webui.keyword.WebUiBuiltInKeywords.uploadFile(WebUiBuiltInKeywords.groovy:2945)
	at com.kms.katalon.core.webui.keyword.WebUiBuiltInKeywords$uploadFile$8.call(Unknown Source)
	at Script1537083598995.run(Script1537083598995.groovy:27)
	... 13 more]]></system-err>
      </testcase>
      <testcase name="Test Cases/Template testcases/TC0808" classname="Test Cases/Template testcases/TC0808" status="FAILED">
         <failure type="FAILED" message="Test Cases/Template testcases/TC0808 FAILED.
Reason:
com.kms.katalon.core.exception.StepFailedException: Call Test Case 'Test Cases/Template testcases/TC0807' failed
	at com.kms.katalon.core.keyword.builtin.CallTestCaseKeyword$_callTestCase_closure1.doCall(CallTestCaseKeyword.groovy:63)
	at com.kms.katalon.core.keyword.builtin.CallTestCaseKeyword$_callTestCase_closure1.call(CallTestCaseKeyword.groovy)
	at com.kms.katalon.core.keyword.internal.KeywordMain.runKeyword(KeywordMain.groovy:66)
	at com.kms.katalon.core.keyword.builtin.CallTestCaseKeyword.callTestCase(CallTestCaseKeyword.groovy:81)
	at com.kms.katalon.core.keyword.builtin.CallTestCaseKeyword.execute(CallTestCaseKeyword.groovy:44)
	at com.kms.katalon.core.keyword.internal.KeywordExecutor.executeKeywordForPlatform(KeywordExecutor.groovy:56)
	at com.kms.katalon.core.keyword.BuiltinKeywords.callTestCase(BuiltinKeywords.groovy:334)
	at TC0808.run(TC0808:22)
	at com.kms.katalon.core.main.ScriptEngine.run(ScriptEngine.java:194)
	at com.kms.katalon.core.main.ScriptEngine.runScriptAsRawText(ScriptEngine.java:119)
	at com.kms.katalon.core.main.TestCaseExecutor.runScript(TestCaseExecutor.java:336)
	at com.kms.katalon.core.main.TestCaseExecutor.doExecute(TestCaseExecutor.java:327)
	at com.kms.katalon.core.main.TestCaseExecutor.processExecutionPhase(TestCaseExecutor.java:306)
	at com.kms.katalon.core.main.TestCaseExecutor.accessMainPhase(TestCaseExecutor.java:298)
	at com.kms.katalon.core.main.TestCaseExecutor.execute(TestCaseExecutor.java:232)
	at com.kms.katalon.core.main.TestSuiteExecutor.accessTestCaseMainPhase(TestSuiteExecutor.java:129)
	at com.kms.katalon.core.main.TestSuiteExecutor.accessTestSuiteMainPhase(TestSuiteExecutor.java:112)
	at com.kms.katalon.core.main.TestSuiteExecutor.execute(TestSuiteExecutor.java:81)
	at com.kms.katalon.core.main.TestCaseMain.startTestSuite(TestCaseMain.java:157)
	at com.kms.katalon.core.main.TestCaseMain$startTestSuite$0.call(Unknown Source)
	at TempTestSuite1555795243480.run(TempTestSuite1555795243480.groovy:35)
Caused by: com.kms.katalon.core.exception.StepFailedException: Unable to upload file '/home/faizan/Drive/KiboPush_Automated_Testing/KiboPush Katalon/video.mp4' to object 'Object Repository/Page_KiboPush  Create Broadcast Tem/video_file'
	at com.kms.katalon.core.webui.keyword.internal.WebUIKeywordMain.stepFailed(WebUIKeywordMain.groovy:64)
	at com.kms.katalon.core.webui.keyword.internal.WebUIKeywordMain.runKeyword(WebUIKeywordMain.groovy:26)
	at com.kms.katalon.core.webui.keyword.builtin.UploadFileKeyword.uploadFile(UploadFileKeyword.groovy:87)
	at com.kms.katalon.core.webui.keyword.builtin.UploadFileKeyword.execute(UploadFileKeyword.groovy:68)
	at com.kms.katalon.core.keyword.internal.KeywordExecutor.executeKeywordForPlatform(KeywordExecutor.groovy:56)
	at com.kms.katalon.core.webui.keyword.WebUiBuiltInKeywords.uploadFile(WebUiBuiltInKeywords.groovy:2945)
	at com.kms.katalon.core.webui.keyword.WebUiBuiltInKeywords$uploadFile$8.call(Unknown Source)
	at TC0807.run(TC0807:27)
	at com.kms.katalon.core.main.ScriptEngine.run(ScriptEngine.java:194)
	at com.kms.katalon.core.main.ScriptEngine.runScriptAsRawText(ScriptEngine.java:119)
	at com.kms.katalon.core.main.TestCaseExecutor.runScript(TestCaseExecutor.java:336)
	at com.kms.katalon.core.main.TestCaseExecutor.doExecute(TestCaseExecutor.java:327)
	at com.kms.katalon.core.main.TestCaseExecutor.processExecutionPhase(TestCaseExecutor.java:306)
	at com.kms.katalon.core.main.TestCaseExecutor.accessMainPhase(TestCaseExecutor.java:298)
	at com.kms.katalon.core.main.TestCaseExecutor.execute(TestCaseExecutor.java:232)
	at com.kms.katalon.core.main.TestCaseMain.runTestCase(TestCaseMain.java:114)
	at com.kms.katalon.core.keyword.builtin.CallTestCaseKeyword$_callTestCase_closure1.doCall(CallTestCaseKeyword.groovy:59)
	... 20 more
Caused by: com.kms.katalon.core.webui.exception.WebElementNotFoundException: Web element with id: 'Object Repository/Page_KiboPush  Create Broadcast Tem/video_file' located by 'By.xpath: //*[@id=&quot;List1&quot;]/div/div/div[3]/div/input' not found
	at com.kms.katalon.core.webui.common.WebUiCommonHelper.findWebElement(WebUiCommonHelper.java:1097)
	at com.kms.katalon.core.webui.keyword.internal.WebUIAbstractKeyword.findWebElement(WebUIAbstractKeyword.groovy:27)
	at com.kms.katalon.core.webui.keyword.internal.WebUIAbstractKeyword.findWebElement(WebUIAbstractKeyword.groovy:26)
	at com.kms.katalon.core.webui.keyword.builtin.UploadFileKeyword$_uploadFile_closure1.doCall(UploadFileKeyword.groovy:79)
	at com.kms.katalon.core.webui.keyword.builtin.UploadFileKeyword$_uploadFile_closure1.call(UploadFileKeyword.groovy)
	at com.kms.katalon.core.webui.keyword.internal.WebUIKeywordMain.runKeyword(WebUIKeywordMain.groovy:20)
	at com.kms.katalon.core.webui.keyword.builtin.UploadFileKeyword.uploadFile(UploadFileKeyword.groovy:87)
	at com.kms.katalon.core.webui.keyword.builtin.UploadFileKeyword.execute(UploadFileKeyword.groovy:68)
	at com.kms.katalon.core.keyword.internal.KeywordExecutor.executeKeywordForPlatform(KeywordExecutor.groovy:56)
	at com.kms.katalon.core.webui.keyword.WebUiBuiltInKeywords.uploadFile(WebUiBuiltInKeywords.groovy:2945)
	at com.kms.katalon.core.webui.keyword.WebUiBuiltInKeywords$uploadFile$8.call(Unknown Source)
	at Script1537083598995.run(Script1537083598995.groovy:27)
	at com.kms.katalon.core.main.ScriptEngine.run(ScriptEngine.java:194)
	at com.kms.katalon.core.main.ScriptEngine.runScriptAsRawText(ScriptEngine.java:119)
	at com.kms.katalon.core.main.TestCaseExecutor.runScript(TestCaseExecutor.java:336)
	at com.kms.katalon.core.main.TestCaseExecutor.doExecute(TestCaseExecutor.java:327)
	at com.kms.katalon.core.main.TestCaseExecutor.processExecutionPhase(TestCaseExecutor.java:306)
	at com.kms.katalon.core.main.TestCaseExecutor.accessMainPhase(TestCaseExecutor.java:298)
	at com.kms.katalon.core.main.TestCaseExecutor.execute(TestCaseExecutor.java:232)
	at com.kms.katalon.core.main.TestCaseMain.runTestCase(TestCaseMain.java:114)
	at com.kms.katalon.core.keyword.builtin.CallTestCaseKeyword$_callTestCase_closure1.doCall(CallTestCaseKeyword.groovy:59)
	at com.kms.katalon.core.keyword.builtin.CallTestCaseKeyword$_callTestCase_closure1.call(CallTestCaseKeyword.groovy)
	at com.kms.katalon.core.keyword.internal.KeywordMain.runKeyword(KeywordMain.groovy:66)
	at com.kms.katalon.core.keyword.builtin.CallTestCaseKeyword.callTestCase(CallTestCaseKeyword.groovy:81)
	at com.kms.katalon.core.keyword.builtin.CallTestCaseKeyword.execute(CallTestCaseKeyword.groovy:44)
	at com.kms.katalon.core.keyword.internal.KeywordExecutor.executeKeywordForPlatform(KeywordExecutor.groovy:56)
	at com.kms.katalon.core.keyword.BuiltinKeywords.callTestCase(BuiltinKeywords.groovy:334)
	at Script1537083906956.run(Script1537083906956.groovy:22)
	... 13 more
"/>
         <system-out><![CDATA[2019-04-21 02:39:25 - [TEST_CASE][FAILED] - Test Cases/Template testcases/TC0808: Test Cases/Template testcases/TC0808 FAILED.
Reason:
com.kms.katalon.core.exception.StepFailedException: Call Test Case 'Test Cases/Template testcases/TC0807' failed
	at com.kms.katalon.core.keyword.builtin.CallTestCaseKeyword$_callTestCase_closure1.doCall(CallTestCaseKeyword.groovy:63)
	at com.kms.katalon.core.keyword.builtin.CallTestCaseKeyword$_callTestCase_closure1.call(CallTestCaseKeyword.groovy)
	at com.kms.katalon.core.keyword.internal.KeywordMain.runKeyword(KeywordMain.groovy:66)
	at com.kms.katalon.core.keyword.builtin.CallTestCaseKeyword.callTestCase(CallTestCaseKeyword.groovy:81)
	at com.kms.katalon.core.keyword.builtin.CallTestCaseKeyword.execute(CallTestCaseKeyword.groovy:44)
	at com.kms.katalon.core.keyword.internal.KeywordExecutor.executeKeywordForPlatform(KeywordExecutor.groovy:56)
	at com.kms.katalon.core.keyword.BuiltinKeywords.callTestCase(BuiltinKeywords.groovy:334)
	at TC0808.run(TC0808:22)
	at com.kms.katalon.core.main.ScriptEngine.run(ScriptEngine.java:194)
	at com.kms.katalon.core.main.ScriptEngine.runScriptAsRawText(ScriptEngine.java:119)
	at com.kms.katalon.core.main.TestCaseExecutor.runScript(TestCaseExecutor.java:336)
	at com.kms.katalon.core.main.TestCaseExecutor.doExecute(TestCaseExecutor.java:327)
	at com.kms.katalon.core.main.TestCaseExecutor.processExecutionPhase(TestCaseExecutor.java:306)
	at com.kms.katalon.core.main.TestCaseExecutor.accessMainPhase(TestCaseExecutor.java:298)
	at com.kms.katalon.core.main.TestCaseExecutor.execute(TestCaseExecutor.java:232)
	at com.kms.katalon.core.main.TestSuiteExecutor.accessTestCaseMainPhase(TestSuiteExecutor.java:129)
	at com.kms.katalon.core.main.TestSuiteExecutor.accessTestSuiteMainPhase(TestSuiteExecutor.java:112)
	at com.kms.katalon.core.main.TestSuiteExecutor.execute(TestSuiteExecutor.java:81)
	at com.kms.katalon.core.main.TestCaseMain.startTestSuite(TestCaseMain.java:157)
	at com.kms.katalon.core.main.TestCaseMain$startTestSuite$0.call(Unknown Source)
	at TempTestSuite1555795243480.run(TempTestSuite1555795243480.groovy:35)
Caused by: com.kms.katalon.core.exception.StepFailedException: Unable to upload file '/home/faizan/Drive/KiboPush_Automated_Testing/KiboPush Katalon/video.mp4' to object 'Object Repository/Page_KiboPush  Create Broadcast Tem/video_file'
	at com.kms.katalon.core.webui.keyword.internal.WebUIKeywordMain.stepFailed(WebUIKeywordMain.groovy:64)
	at com.kms.katalon.core.webui.keyword.internal.WebUIKeywordMain.runKeyword(WebUIKeywordMain.groovy:26)
	at com.kms.katalon.core.webui.keyword.builtin.UploadFileKeyword.uploadFile(UploadFileKeyword.groovy:87)
	at com.kms.katalon.core.webui.keyword.builtin.UploadFileKeyword.execute(UploadFileKeyword.groovy:68)
	at com.kms.katalon.core.keyword.internal.KeywordExecutor.executeKeywordForPlatform(KeywordExecutor.groovy:56)
	at com.kms.katalon.core.webui.keyword.WebUiBuiltInKeywords.uploadFile(WebUiBuiltInKeywords.groovy:2945)
	at com.kms.katalon.core.webui.keyword.WebUiBuiltInKeywords$uploadFile$8.call(Unknown Source)
	at TC0807.run(TC0807:27)
	at com.kms.katalon.core.main.ScriptEngine.run(ScriptEngine.java:194)
	at com.kms.katalon.core.main.ScriptEngine.runScriptAsRawText(ScriptEngine.java:119)
	at com.kms.katalon.core.main.TestCaseExecutor.runScript(TestCaseExecutor.java:336)
	at com.kms.katalon.core.main.TestCaseExecutor.doExecute(TestCaseExecutor.java:327)
	at com.kms.katalon.core.main.TestCaseExecutor.processExecutionPhase(TestCaseExecutor.java:306)
	at com.kms.katalon.core.main.TestCaseExecutor.accessMainPhase(TestCaseExecutor.java:298)
	at com.kms.katalon.core.main.TestCaseExecutor.execute(TestCaseExecutor.java:232)
	at com.kms.katalon.core.main.TestCaseMain.runTestCase(TestCaseMain.java:114)
	at com.kms.katalon.core.keyword.builtin.CallTestCaseKeyword$_callTestCase_closure1.doCall(CallTestCaseKeyword.groovy:59)
	... 20 more
Caused by: com.kms.katalon.core.webui.exception.WebElementNotFoundException: Web element with id: 'Object Repository/Page_KiboPush  Create Broadcast Tem/video_file' located by 'By.xpath: //*[@id="List1"]/div/div/div[3]/div/input' not found
	at com.kms.katalon.core.webui.common.WebUiCommonHelper.findWebElement(WebUiCommonHelper.java:1097)
	at com.kms.katalon.core.webui.keyword.internal.WebUIAbstractKeyword.findWebElement(WebUIAbstractKeyword.groovy:27)
	at com.kms.katalon.core.webui.keyword.internal.WebUIAbstractKeyword.findWebElement(WebUIAbstractKeyword.groovy:26)
	at com.kms.katalon.core.webui.keyword.builtin.UploadFileKeyword$_uploadFile_closure1.doCall(UploadFileKeyword.groovy:79)
	at com.kms.katalon.core.webui.keyword.builtin.UploadFileKeyword$_uploadFile_closure1.call(UploadFileKeyword.groovy)
	at com.kms.katalon.core.webui.keyword.internal.WebUIKeywordMain.runKeyword(WebUIKeywordMain.groovy:20)
	at com.kms.katalon.core.webui.keyword.builtin.UploadFileKeyword.uploadFile(UploadFileKeyword.groovy:87)
	at com.kms.katalon.core.webui.keyword.builtin.UploadFileKeyword.execute(UploadFileKeyword.groovy:68)
	at com.kms.katalon.core.keyword.internal.KeywordExecutor.executeKeywordForPlatform(KeywordExecutor.groovy:56)
	at com.kms.katalon.core.webui.keyword.WebUiBuiltInKeywords.uploadFile(WebUiBuiltInKeywords.groovy:2945)
	at com.kms.katalon.core.webui.keyword.WebUiBuiltInKeywords$uploadFile$8.call(Unknown Source)
	at Script1537083598995.run(Script1537083598995.groovy:27)
	at com.kms.katalon.core.main.ScriptEngine.run(ScriptEngine.java:194)
	at com.kms.katalon.core.main.ScriptEngine.runScriptAsRawText(ScriptEngine.java:119)
	at com.kms.katalon.core.main.TestCaseExecutor.runScript(TestCaseExecutor.java:336)
	at com.kms.katalon.core.main.TestCaseExecutor.doExecute(TestCaseExecutor.java:327)
	at com.kms.katalon.core.main.TestCaseExecutor.processExecutionPhase(TestCaseExecutor.java:306)
	at com.kms.katalon.core.main.TestCaseExecutor.accessMainPhase(TestCaseExecutor.java:298)
	at com.kms.katalon.core.main.TestCaseExecutor.execute(TestCaseExecutor.java:232)
	at com.kms.katalon.core.main.TestCaseMain.runTestCase(TestCaseMain.java:114)
	at com.kms.katalon.core.keyword.builtin.CallTestCaseKeyword$_callTestCase_closure1.doCall(CallTestCaseKeyword.groovy:59)
	at com.kms.katalon.core.keyword.builtin.CallTestCaseKeyword$_callTestCase_closure1.call(CallTestCaseKeyword.groovy)
	at com.kms.katalon.core.keyword.internal.KeywordMain.runKeyword(KeywordMain.groovy:66)
	at com.kms.katalon.core.keyword.builtin.CallTestCaseKeyword.callTestCase(CallTestCaseKeyword.groovy:81)
	at com.kms.katalon.core.keyword.builtin.CallTestCaseKeyword.execute(CallTestCaseKeyword.groovy:44)
	at com.kms.katalon.core.keyword.internal.KeywordExecutor.executeKeywordForPlatform(KeywordExecutor.groovy:56)
	at com.kms.katalon.core.keyword.BuiltinKeywords.callTestCase(BuiltinKeywords.groovy:334)
	at Script1537083906956.run(Script1537083906956.groovy:22)
	... 13 more


2019-04-21 02:39:26 - [TEST_STEP][FAILED] - callTestCase(findTestCase("Template testcases/TC0807"), [:], STOP_ON_FAILURE): Unable to call Test Case 'Test Cases/Template testcases/TC0807' (Root cause: com.kms.katalon.core.exception.StepFailedException: Call Test Case 'Test Cases/Template testcases/TC0807' failed
	at com.kms.katalon.core.keyword.builtin.CallTestCaseKeyword$_callTestCase_closure1.doCall(CallTestCaseKeyword.groovy:63)
	at com.kms.katalon.core.keyword.builtin.CallTestCaseKeyword$_callTestCase_closure1.call(CallTestCaseKeyword.groovy)
	at com.kms.katalon.core.keyword.internal.KeywordMain.runKeyword(KeywordMain.groovy:66)
	at com.kms.katalon.core.keyword.builtin.CallTestCaseKeyword.callTestCase(CallTestCaseKeyword.groovy:81)
	at com.kms.katalon.core.keyword.builtin.CallTestCaseKeyword.execute(CallTestCaseKeyword.groovy:44)
	at com.kms.katalon.core.keyword.internal.KeywordExecutor.executeKeywordForPlatform(KeywordExecutor.groovy:56)
	at com.kms.katalon.core.keyword.BuiltinKeywords.callTestCase(BuiltinKeywords.groovy:334)
	at TC0808.run(TC0808:22)
	at com.kms.katalon.core.main.ScriptEngine.run(ScriptEngine.java:194)
	at com.kms.katalon.core.main.ScriptEngine.runScriptAsRawText(ScriptEngine.java:119)
	at com.kms.katalon.core.main.TestCaseExecutor.runScript(TestCaseExecutor.java:336)
	at com.kms.katalon.core.main.TestCaseExecutor.doExecute(TestCaseExecutor.java:327)
	at com.kms.katalon.core.main.TestCaseExecutor.processExecutionPhase(TestCaseExecutor.java:306)
	at com.kms.katalon.core.main.TestCaseExecutor.accessMainPhase(TestCaseExecutor.java:298)
	at com.kms.katalon.core.main.TestCaseExecutor.execute(TestCaseExecutor.java:232)
	at com.kms.katalon.core.main.TestSuiteExecutor.accessTestCaseMainPhase(TestSuiteExecutor.java:129)
	at com.kms.katalon.core.main.TestSuiteExecutor.accessTestSuiteMainPhase(TestSuiteExecutor.java:112)
	at com.kms.katalon.core.main.TestSuiteExecutor.execute(TestSuiteExecutor.java:81)
	at com.kms.katalon.core.main.TestCaseMain.startTestSuite(TestCaseMain.java:157)
	at com.kms.katalon.core.main.TestCaseMain$startTestSuite$0.call(Unknown Source)
	at TempTestSuite1555795243480.run(TempTestSuite1555795243480.groovy:35)
Caused by: com.kms.katalon.core.exception.StepFailedException: Unable to upload file '/home/faizan/Drive/KiboPush_Automated_Testing/KiboPush Katalon/video.mp4' to object 'Object Repository/Page_KiboPush  Create Broadcast Tem/video_file'
	at com.kms.katalon.core.webui.keyword.internal.WebUIKeywordMain.stepFailed(WebUIKeywordMain.groovy:64)
	at com.kms.katalon.core.webui.keyword.internal.WebUIKeywordMain.runKeyword(WebUIKeywordMain.groovy:26)
	at com.kms.katalon.core.webui.keyword.builtin.UploadFileKeyword.uploadFile(UploadFileKeyword.groovy:87)
	at com.kms.katalon.core.webui.keyword.builtin.UploadFileKeyword.execute(UploadFileKeyword.groovy:68)
	at com.kms.katalon.core.keyword.internal.KeywordExecutor.executeKeywordForPlatform(KeywordExecutor.groovy:56)
	at com.kms.katalon.core.webui.keyword.WebUiBuiltInKeywords.uploadFile(WebUiBuiltInKeywords.groovy:2945)
	at com.kms.katalon.core.webui.keyword.WebUiBuiltInKeywords$uploadFile$8.call(Unknown Source)
	at TC0807.run(TC0807:27)
	at com.kms.katalon.core.main.ScriptEngine.run(ScriptEngine.java:194)
	at com.kms.katalon.core.main.ScriptEngine.runScriptAsRawText(ScriptEngine.java:119)
	at com.kms.katalon.core.main.TestCaseExecutor.runScript(TestCaseExecutor.java:336)
	at com.kms.katalon.core.main.TestCaseExecutor.doExecute(TestCaseExecutor.java:327)
	at com.kms.katalon.core.main.TestCaseExecutor.processExecutionPhase(TestCaseExecutor.java:306)
	at com.kms.katalon.core.main.TestCaseExecutor.accessMainPhase(TestCaseExecutor.java:298)
	at com.kms.katalon.core.main.TestCaseExecutor.execute(TestCaseExecutor.java:232)
	at com.kms.katalon.core.main.TestCaseMain.runTestCase(TestCaseMain.java:114)
	at com.kms.katalon.core.keyword.builtin.CallTestCaseKeyword$_callTestCase_closure1.doCall(CallTestCaseKeyword.groovy:59)
	... 20 more
Caused by: com.kms.katalon.core.webui.exception.WebElementNotFoundException: Web element with id: 'Object Repository/Page_KiboPush  Create Broadcast Tem/video_file' located by 'By.xpath: //*[@id="List1"]/div/div/div[3]/div/input' not found
	at com.kms.katalon.core.webui.common.WebUiCommonHelper.findWebElement(WebUiCommonHelper.java:1097)
	at com.kms.katalon.core.webui.keyword.internal.WebUIAbstractKeyword.findWebElement(WebUIAbstractKeyword.groovy:27)
	at com.kms.katalon.core.webui.keyword.internal.WebUIAbstractKeyword.findWebElement(WebUIAbstractKeyword.groovy:26)
	at com.kms.katalon.core.webui.keyword.builtin.UploadFileKeyword$_uploadFile_closure1.doCall(UploadFileKeyword.groovy:79)
	at com.kms.katalon.core.webui.keyword.builtin.UploadFileKeyword$_uploadFile_closure1.call(UploadFileKeyword.groovy)
	at com.kms.katalon.core.webui.keyword.internal.WebUIKeywordMain.runKeyword(WebUIKeywordMain.groovy:20)
	at com.kms.katalon.core.webui.keyword.builtin.UploadFileKeyword.uploadFile(UploadFileKeyword.groovy:87)
	at com.kms.katalon.core.webui.keyword.builtin.UploadFileKeyword.execute(UploadFileKeyword.groovy:68)
	at com.kms.katalon.core.keyword.internal.KeywordExecutor.executeKeywordForPlatform(KeywordExecutor.groovy:56)
	at com.kms.katalon.core.webui.keyword.WebUiBuiltInKeywords.uploadFile(WebUiBuiltInKeywords.groovy:2945)
	at com.kms.katalon.core.webui.keyword.WebUiBuiltInKeywords$uploadFile$8.call(Unknown Source)
	at Script1537083598995.run(Script1537083598995.groovy:27)
	at com.kms.katalon.core.main.ScriptEngine.run(ScriptEngine.java:194)
	at com.kms.katalon.core.main.ScriptEngine.runScriptAsRawText(ScriptEngine.java:119)
	at com.kms.katalon.core.main.TestCaseExecutor.runScript(TestCaseExecutor.java:336)
	at com.kms.katalon.core.main.TestCaseExecutor.doExecute(TestCaseExecutor.java:327)
	at com.kms.katalon.core.main.TestCaseExecutor.processExecutionPhase(TestCaseExecutor.java:306)
	at com.kms.katalon.core.main.TestCaseExecutor.accessMainPhase(TestCaseExecutor.java:298)
	at com.kms.katalon.core.main.TestCaseExecutor.execute(TestCaseExecutor.java:232)
	at com.kms.katalon.core.main.TestCaseMain.runTestCase(TestCaseMain.java:114)
	at com.kms.katalon.core.keyword.builtin.CallTestCaseKeyword$_callTestCase_closure1.doCall(CallTestCaseKeyword.groovy:59)
	at com.kms.katalon.core.keyword.builtin.CallTestCaseKeyword$_callTestCase_closure1.call(CallTestCaseKeyword.groovy)
	at com.kms.katalon.core.keyword.internal.KeywordMain.runKeyword(KeywordMain.groovy:66)
	at com.kms.katalon.core.keyword.builtin.CallTestCaseKeyword.callTestCase(CallTestCaseKeyword.groovy:81)
	at com.kms.katalon.core.keyword.builtin.CallTestCaseKeyword.execute(CallTestCaseKeyword.groovy:44)
	at com.kms.katalon.core.keyword.internal.KeywordExecutor.executeKeywordForPlatform(KeywordExecutor.groovy:56)
	at com.kms.katalon.core.keyword.BuiltinKeywords.callTestCase(BuiltinKeywords.groovy:334)
	at Script1537083906956.run(Script1537083906956.groovy:22)
	... 13 more
)

2019-04-21 02:39:26 - [TEST_CASE][FAILED] - Test Cases/Template testcases/TC0807: Test Cases/Template testcases/TC0807 FAILED.
Reason:
com.kms.katalon.core.exception.StepFailedException: Unable to upload file '/home/faizan/Drive/KiboPush_Automated_Testing/KiboPush Katalon/video.mp4' to object 'Object Repository/Page_KiboPush  Create Broadcast Tem/video_file'
	at com.kms.katalon.core.webui.keyword.internal.WebUIKeywordMain.stepFailed(WebUIKeywordMain.groovy:64)
	at com.kms.katalon.core.webui.keyword.internal.WebUIKeywordMain.runKeyword(WebUIKeywordMain.groovy:26)
	at com.kms.katalon.core.webui.keyword.builtin.UploadFileKeyword.uploadFile(UploadFileKeyword.groovy:87)
	at com.kms.katalon.core.webui.keyword.builtin.UploadFileKeyword.execute(UploadFileKeyword.groovy:68)
	at com.kms.katalon.core.keyword.internal.KeywordExecutor.executeKeywordForPlatform(KeywordExecutor.groovy:56)
	at com.kms.katalon.core.webui.keyword.WebUiBuiltInKeywords.uploadFile(WebUiBuiltInKeywords.groovy:2945)
	at com.kms.katalon.core.webui.keyword.WebUiBuiltInKeywords$uploadFile$8.call(Unknown Source)
	at TC0807.run(TC0807:27)
	at com.kms.katalon.core.main.ScriptEngine.run(ScriptEngine.java:194)
	at com.kms.katalon.core.main.ScriptEngine.runScriptAsRawText(ScriptEngine.java:119)
	at com.kms.katalon.core.main.TestCaseExecutor.runScript(TestCaseExecutor.java:336)
	at com.kms.katalon.core.main.TestCaseExecutor.doExecute(TestCaseExecutor.java:327)
	at com.kms.katalon.core.main.TestCaseExecutor.processExecutionPhase(TestCaseExecutor.java:306)
	at com.kms.katalon.core.main.TestCaseExecutor.accessMainPhase(TestCaseExecutor.java:298)
	at com.kms.katalon.core.main.TestCaseExecutor.execute(TestCaseExecutor.java:232)
	at com.kms.katalon.core.main.TestCaseMain.runTestCase(TestCaseMain.java:114)
	at com.kms.katalon.core.keyword.builtin.CallTestCaseKeyword$_callTestCase_closure1.doCall(CallTestCaseKeyword.groovy:59)
	at com.kms.katalon.core.keyword.builtin.CallTestCaseKeyword$_callTestCase_closure1.call(CallTestCaseKeyword.groovy)
	at com.kms.katalon.core.keyword.internal.KeywordMain.runKeyword(KeywordMain.groovy:66)
	at com.kms.katalon.core.keyword.builtin.CallTestCaseKeyword.callTestCase(CallTestCaseKeyword.groovy:81)
	at com.kms.katalon.core.keyword.builtin.CallTestCaseKeyword.execute(CallTestCaseKeyword.groovy:44)
	at com.kms.katalon.core.keyword.internal.KeywordExecutor.executeKeywordForPlatform(KeywordExecutor.groovy:56)
	at com.kms.katalon.core.keyword.BuiltinKeywords.callTestCase(BuiltinKeywords.groovy:334)
	at TC0808.run(TC0808:22)
	at com.kms.katalon.core.main.ScriptEngine.run(ScriptEngine.java:194)
	at com.kms.katalon.core.main.ScriptEngine.runScriptAsRawText(ScriptEngine.java:119)
	at com.kms.katalon.core.main.TestCaseExecutor.runScript(TestCaseExecutor.java:336)
	at com.kms.katalon.core.main.TestCaseExecutor.doExecute(TestCaseExecutor.java:327)
	at com.kms.katalon.core.main.TestCaseExecutor.processExecutionPhase(TestCaseExecutor.java:306)
	at com.kms.katalon.core.main.TestCaseExecutor.accessMainPhase(TestCaseExecutor.java:298)
	at com.kms.katalon.core.main.TestCaseExecutor.execute(TestCaseExecutor.java:232)
	at com.kms.katalon.core.main.TestSuiteExecutor.accessTestCaseMainPhase(TestSuiteExecutor.java:129)
	at com.kms.katalon.core.main.TestSuiteExecutor.accessTestSuiteMainPhase(TestSuiteExecutor.java:112)
	at com.kms.katalon.core.main.TestSuiteExecutor.execute(TestSuiteExecutor.java:81)
	at com.kms.katalon.core.main.TestCaseMain.startTestSuite(TestCaseMain.java:157)
	at com.kms.katalon.core.main.TestCaseMain$startTestSuite$0.call(Unknown Source)
	at TempTestSuite1555795243480.run(TempTestSuite1555795243480.groovy:35)
Caused by: com.kms.katalon.core.webui.exception.WebElementNotFoundException: Web element with id: 'Object Repository/Page_KiboPush  Create Broadcast Tem/video_file' located by 'By.xpath: //*[@id="List1"]/div/div/div[3]/div/input' not found
	at com.kms.katalon.core.webui.common.WebUiCommonHelper.findWebElement(WebUiCommonHelper.java:1097)
	at com.kms.katalon.core.webui.keyword.internal.WebUIAbstractKeyword.findWebElement(WebUIAbstractKeyword.groovy:27)
	at com.kms.katalon.core.webui.keyword.internal.WebUIAbstractKeyword.findWebElement(WebUIAbstractKeyword.groovy:26)
	at com.kms.katalon.core.webui.keyword.builtin.UploadFileKeyword$_uploadFile_closure1.doCall(UploadFileKeyword.groovy:79)
	at com.kms.katalon.core.webui.keyword.builtin.UploadFileKeyword$_uploadFile_closure1.call(UploadFileKeyword.groovy)
	at com.kms.katalon.core.webui.keyword.internal.WebUIKeywordMain.runKeyword(WebUIKeywordMain.groovy:20)
	at com.kms.katalon.core.webui.keyword.builtin.UploadFileKeyword.uploadFile(UploadFileKeyword.groovy:87)
	at com.kms.katalon.core.webui.keyword.builtin.UploadFileKeyword.execute(UploadFileKeyword.groovy:68)
	at com.kms.katalon.core.keyword.internal.KeywordExecutor.executeKeywordForPlatform(KeywordExecutor.groovy:56)
	at com.kms.katalon.core.webui.keyword.WebUiBuiltInKeywords.uploadFile(WebUiBuiltInKeywords.groovy:2945)
	at com.kms.katalon.core.webui.keyword.WebUiBuiltInKeywords$uploadFile$8.call(Unknown Source)
	at Script1537083598995.run(Script1537083598995.groovy:27)
	at com.kms.katalon.core.main.ScriptEngine.run(ScriptEngine.java:194)
	at com.kms.katalon.core.main.ScriptEngine.runScriptAsRawText(ScriptEngine.java:119)
	at com.kms.katalon.core.main.TestCaseExecutor.runScript(TestCaseExecutor.java:336)
	at com.kms.katalon.core.main.TestCaseExecutor.doExecute(TestCaseExecutor.java:327)
	at com.kms.katalon.core.main.TestCaseExecutor.processExecutionPhase(TestCaseExecutor.java:306)
	at com.kms.katalon.core.main.TestCaseExecutor.accessMainPhase(TestCaseExecutor.java:298)
	at com.kms.katalon.core.main.TestCaseExecutor.execute(TestCaseExecutor.java:232)
	at com.kms.katalon.core.main.TestCaseMain.runTestCase(TestCaseMain.java:114)
	at com.kms.katalon.core.keyword.builtin.CallTestCaseKeyword$_callTestCase_closure1.doCall(CallTestCaseKeyword.groovy:59)
	at com.kms.katalon.core.keyword.builtin.CallTestCaseKeyword$_callTestCase_closure1.call(CallTestCaseKeyword.groovy)
	at com.kms.katalon.core.keyword.internal.KeywordMain.runKeyword(KeywordMain.groovy:66)
	at com.kms.katalon.core.keyword.builtin.CallTestCaseKeyword.callTestCase(CallTestCaseKeyword.groovy:81)
	at com.kms.katalon.core.keyword.builtin.CallTestCaseKeyword.execute(CallTestCaseKeyword.groovy:44)
	at com.kms.katalon.core.keyword.internal.KeywordExecutor.executeKeywordForPlatform(KeywordExecutor.groovy:56)
	at com.kms.katalon.core.keyword.BuiltinKeywords.callTestCase(BuiltinKeywords.groovy:334)
	at Script1537083906956.run(Script1537083906956.groovy:22)
	... 13 more


2019-04-21 02:39:26 - [TEST_STEP][PASSED] - callTestCase(findTestCase("Template testcases/TC0805"), [:], STOP_ON_FAILURE): Call Test Case 'Test Cases/Template testcases/TC0805' successfully

2019-04-21 02:39:26 - [TEST_CASE][PASSED] - Test Cases/Template testcases/TC0805: Test Cases/Template testcases/TC0805

2019-04-21 02:39:26 - [TEST_STEP][PASSED] - callTestCase(findTestCase("Template testcases/TC0768"), [:], STOP_ON_FAILURE): Call Test Case 'Test Cases/Template testcases/TC0768' successfully

2019-04-21 02:39:26 - [TEST_CASE][PASSED] - Test Cases/Template testcases/TC0768: Test Cases/Template testcases/TC0768

2019-04-21 02:39:26 - [TEST_STEP][PASSED] - callTestCase(findTestCase("s-sidebar_navigation/individualAccount/Template"), [:], STOP_ON_FAILURE): Call Test Case 'Test Cases/s-sidebar_navigation/individualAccount/Template' successfully

2019-04-21 02:39:26 - [TEST_CASE][PASSED] - Test Cases/s-sidebar_navigation/individualAccount/Template: Test Cases/s-sidebar_navigation/individualAccount/Template

2019-04-21 02:39:26 - [TEST_STEP][PASSED] - click(findTestObject("Page_KiboPush  Dashboard/span_Broadcasts")): Object: 'Object Repository/Page_KiboPush  Dashboard/span_Broadcasts' is clicked on

2019-04-21 02:39:27 - [MESSAGE][PASSED] - Object: 'Object Repository/Page_KiboPush  Dashboard/span_Broadcasts' is clicked on

2019-04-21 02:39:27 - [TEST_STEP][PASSED] - delay(1): Delayed 1 second(s)

2019-04-21 02:39:28 - [MESSAGE][PASSED] - Delayed 1 second(s)

2019-04-21 02:39:28 - [TEST_STEP][PASSED] - click(findTestObject("Page_KiboPush  Dashboard/span_Templates")): Object: 'Object Repository/Page_KiboPush  Dashboard/span_Templates' is clicked on

2019-04-21 02:39:28 - [MESSAGE][PASSED] - Object: 'Object Repository/Page_KiboPush  Dashboard/span_Templates' is clicked on

2019-04-21 02:39:28 - [TEST_STEP][PASSED] - delay(3): Delayed 3 second(s)

2019-04-21 02:39:31 - [MESSAGE][PASSED] - Delayed 3 second(s)

2019-04-21 02:39:31 - [TEST_STEP][PASSED] - scrollToPosition(0, 0): Browser is scrolled to position x = 0, y = 0

2019-04-21 02:39:31 - [MESSAGE][PASSED] - Browser is scrolled to position x = 0, y = 0

2019-04-21 02:39:31 - [TEST_STEP][PASSED] - click(findTestObject("Object Repository/Page_KiboEngage  Templates/h3_Templates")): Object: 'Object Repository/Page_KiboEngage  Templates/h3_Templates' is clicked on

2019-04-21 02:39:31 - [MESSAGE][PASSED] - Object: 'Object Repository/Page_KiboEngage  Templates/h3_Templates' is clicked on

2019-04-21 02:39:31 - [TEST_STEP][PASSED] - delay(3): Delayed 3 second(s)

2019-04-21 02:39:34 - [MESSAGE][PASSED] - Delayed 3 second(s)

2019-04-21 02:39:34 - [MESSAGE][PASSED] - Call Test Case 'Test Cases/s-sidebar_navigation/individualAccount/Template' successfully

2019-04-21 02:39:34 - [TEST_STEP][PASSED] - click(findTestObject("Object Repository/Page_KiboPush  Dashboard/button_Create New")): Object: 'Object Repository/Page_KiboPush  Dashboard/button_Create New' is clicked on

2019-04-21 02:39:35 - [MESSAGE][PASSED] - Object: 'Object Repository/Page_KiboPush  Dashboard/button_Create New' is clicked on

2019-04-21 02:39:35 - [TEST_STEP][PASSED] - click(findTestObject("Object Repository/Page_KiboPush  Create Broadcast Tem/h3_Create Broadcast Template")): Object: 'Object Repository/Page_KiboPush  Create Broadcast Tem/h3_Create Broadcast Template' is clicked on

2019-04-21 02:39:35 - [MESSAGE][PASSED] - Object: 'Object Repository/Page_KiboPush  Create Broadcast Tem/h3_Create Broadcast Template' is clicked on

2019-04-21 02:39:35 - [MESSAGE][PASSED] - Call Test Case 'Test Cases/Template testcases/TC0768' successfully

2019-04-21 02:39:35 - [TEST_STEP][PASSED] - click(findTestObject("Page_KiboPush  Create Broadcast Tem/h3_Create Broadcast Template (5) (1)")): Object: 'Object Repository/Page_KiboPush  Create Broadcast Tem/h3_Create Broadcast Template (5) (1)' is clicked on

2019-04-21 02:39:35 - [MESSAGE][PASSED] - Object: 'Object Repository/Page_KiboPush  Create Broadcast Tem/h3_Create Broadcast Template (5) (1)' is clicked on

2019-04-21 02:39:35 - [TEST_STEP][PASSED] - click(findTestObject("Page_KiboPush  Create Broadcast Tem/h6_Video (1)")): Object: 'Object Repository/Page_KiboPush  Create Broadcast Tem/h6_Video (1)' is clicked on

2019-04-21 02:39:35 - [MESSAGE][PASSED] - Object: 'Object Repository/Page_KiboPush  Create Broadcast Tem/h6_Video (1)' is clicked on

2019-04-21 02:39:35 - [TEST_STEP][PASSED] - click(findTestObject("Object Repository/Page_KiboEngage  Create Broadcast Template/div_New video component added")): Object: 'Object Repository/Page_KiboEngage  Create Broadcast Template/div_New video component added' is clicked on

2019-04-21 02:39:35 - [MESSAGE][PASSED] - Object: 'Object Repository/Page_KiboEngage  Create Broadcast Template/div_New video component added' is clicked on

2019-04-21 02:39:35 - [MESSAGE][PASSED] - Call Test Case 'Test Cases/Template testcases/TC0805' successfully

2019-04-21 02:39:35 - [TEST_STEP][PASSED] - video = getProjectDir() + "/video.mp4": null

2019-04-21 02:39:35 - [TEST_STEP][FAILED] - uploadFile(findTestObject("Page_KiboPush  Create Broadcast Tem/video_file"), video): Unable to upload file '/home/faizan/Drive/KiboPush_Automated_Testing/KiboPush Katalon/video.mp4' to object 'Object Repository/Page_KiboPush  Create Broadcast Tem/video_file' (Root cause: com.kms.katalon.core.exception.StepFailedException: Unable to upload file '/home/faizan/Drive/KiboPush_Automated_Testing/KiboPush Katalon/video.mp4' to object 'Object Repository/Page_KiboPush  Create Broadcast Tem/video_file'
	at com.kms.katalon.core.webui.keyword.internal.WebUIKeywordMain.stepFailed(WebUIKeywordMain.groovy:64)
	at com.kms.katalon.core.webui.keyword.internal.WebUIKeywordMain.runKeyword(WebUIKeywordMain.groovy:26)
	at com.kms.katalon.core.webui.keyword.builtin.UploadFileKeyword.uploadFile(UploadFileKeyword.groovy:87)
	at com.kms.katalon.core.webui.keyword.builtin.UploadFileKeyword.execute(UploadFileKeyword.groovy:68)
	at com.kms.katalon.core.keyword.internal.KeywordExecutor.executeKeywordForPlatform(KeywordExecutor.groovy:56)
	at com.kms.katalon.core.webui.keyword.WebUiBuiltInKeywords.uploadFile(WebUiBuiltInKeywords.groovy:2945)
	at com.kms.katalon.core.webui.keyword.WebUiBuiltInKeywords$uploadFile$8.call(Unknown Source)
	at TC0807.run(TC0807:27)
	at com.kms.katalon.core.main.ScriptEngine.run(ScriptEngine.java:194)
	at com.kms.katalon.core.main.ScriptEngine.runScriptAsRawText(ScriptEngine.java:119)
	at com.kms.katalon.core.main.TestCaseExecutor.runScript(TestCaseExecutor.java:336)
	at com.kms.katalon.core.main.TestCaseExecutor.doExecute(TestCaseExecutor.java:327)
	at com.kms.katalon.core.main.TestCaseExecutor.processExecutionPhase(TestCaseExecutor.java:306)
	at com.kms.katalon.core.main.TestCaseExecutor.accessMainPhase(TestCaseExecutor.java:298)
	at com.kms.katalon.core.main.TestCaseExecutor.execute(TestCaseExecutor.java:232)
	at com.kms.katalon.core.main.TestCaseMain.runTestCase(TestCaseMain.java:114)
	at com.kms.katalon.core.keyword.builtin.CallTestCaseKeyword$_callTestCase_closure1.doCall(CallTestCaseKeyword.groovy:59)
	at com.kms.katalon.core.keyword.builtin.CallTestCaseKeyword$_callTestCase_closure1.call(CallTestCaseKeyword.groovy)
	at com.kms.katalon.core.keyword.internal.KeywordMain.runKeyword(KeywordMain.groovy:66)
	at com.kms.katalon.core.keyword.builtin.CallTestCaseKeyword.callTestCase(CallTestCaseKeyword.groovy:81)
	at com.kms.katalon.core.keyword.builtin.CallTestCaseKeyword.execute(CallTestCaseKeyword.groovy:44)
	at com.kms.katalon.core.keyword.internal.KeywordExecutor.executeKeywordForPlatform(KeywordExecutor.groovy:56)
	at com.kms.katalon.core.keyword.BuiltinKeywords.callTestCase(BuiltinKeywords.groovy:334)
	at TC0808.run(TC0808:22)
	at com.kms.katalon.core.main.ScriptEngine.run(ScriptEngine.java:194)
	at com.kms.katalon.core.main.ScriptEngine.runScriptAsRawText(ScriptEngine.java:119)
	at com.kms.katalon.core.main.TestCaseExecutor.runScript(TestCaseExecutor.java:336)
	at com.kms.katalon.core.main.TestCaseExecutor.doExecute(TestCaseExecutor.java:327)
	at com.kms.katalon.core.main.TestCaseExecutor.processExecutionPhase(TestCaseExecutor.java:306)
	at com.kms.katalon.core.main.TestCaseExecutor.accessMainPhase(TestCaseExecutor.java:298)
	at com.kms.katalon.core.main.TestCaseExecutor.execute(TestCaseExecutor.java:232)
	at com.kms.katalon.core.main.TestSuiteExecutor.accessTestCaseMainPhase(TestSuiteExecutor.java:129)
	at com.kms.katalon.core.main.TestSuiteExecutor.accessTestSuiteMainPhase(TestSuiteExecutor.java:112)
	at com.kms.katalon.core.main.TestSuiteExecutor.execute(TestSuiteExecutor.java:81)
	at com.kms.katalon.core.main.TestCaseMain.startTestSuite(TestCaseMain.java:157)
	at com.kms.katalon.core.main.TestCaseMain$startTestSuite$0.call(Unknown Source)
	at TempTestSuite1555795243480.run(TempTestSuite1555795243480.groovy:35)
Caused by: com.kms.katalon.core.webui.exception.WebElementNotFoundException: Web element with id: 'Object Repository/Page_KiboPush  Create Broadcast Tem/video_file' located by 'By.xpath: //*[@id="List1"]/div/div/div[3]/div/input' not found
	at com.kms.katalon.core.webui.common.WebUiCommonHelper.findWebElement(WebUiCommonHelper.java:1097)
	at com.kms.katalon.core.webui.keyword.internal.WebUIAbstractKeyword.findWebElement(WebUIAbstractKeyword.groovy:27)
	at com.kms.katalon.core.webui.keyword.internal.WebUIAbstractKeyword.findWebElement(WebUIAbstractKeyword.groovy:26)
	at com.kms.katalon.core.webui.keyword.builtin.UploadFileKeyword$_uploadFile_closure1.doCall(UploadFileKeyword.groovy:79)
	at com.kms.katalon.core.webui.keyword.builtin.UploadFileKeyword$_uploadFile_closure1.call(UploadFileKeyword.groovy)
	at com.kms.katalon.core.webui.keyword.internal.WebUIKeywordMain.runKeyword(WebUIKeywordMain.groovy:20)
	at com.kms.katalon.core.webui.keyword.builtin.UploadFileKeyword.uploadFile(UploadFileKeyword.groovy:87)
	at com.kms.katalon.core.webui.keyword.builtin.UploadFileKeyword.execute(UploadFileKeyword.groovy:68)
	at com.kms.katalon.core.keyword.internal.KeywordExecutor.executeKeywordForPlatform(KeywordExecutor.groovy:56)
	at com.kms.katalon.core.webui.keyword.WebUiBuiltInKeywords.uploadFile(WebUiBuiltInKeywords.groovy:2945)
	at com.kms.katalon.core.webui.keyword.WebUiBuiltInKeywords$uploadFile$8.call(Unknown Source)
	at Script1537083598995.run(Script1537083598995.groovy:27)
	at com.kms.katalon.core.main.ScriptEngine.run(ScriptEngine.java:194)
	at com.kms.katalon.core.main.ScriptEngine.runScriptAsRawText(ScriptEngine.java:119)
	at com.kms.katalon.core.main.TestCaseExecutor.runScript(TestCaseExecutor.java:336)
	at com.kms.katalon.core.main.TestCaseExecutor.doExecute(TestCaseExecutor.java:327)
	at com.kms.katalon.core.main.TestCaseExecutor.processExecutionPhase(TestCaseExecutor.java:306)
	at com.kms.katalon.core.main.TestCaseExecutor.accessMainPhase(TestCaseExecutor.java:298)
	at com.kms.katalon.core.main.TestCaseExecutor.execute(TestCaseExecutor.java:232)
	at com.kms.katalon.core.main.TestCaseMain.runTestCase(TestCaseMain.java:114)
	at com.kms.katalon.core.keyword.builtin.CallTestCaseKeyword$_callTestCase_closure1.doCall(CallTestCaseKeyword.groovy:59)
	at com.kms.katalon.core.keyword.builtin.CallTestCaseKeyword$_callTestCase_closure1.call(CallTestCaseKeyword.groovy)
	at com.kms.katalon.core.keyword.internal.KeywordMain.runKeyword(KeywordMain.groovy:66)
	at com.kms.katalon.core.keyword.builtin.CallTestCaseKeyword.callTestCase(CallTestCaseKeyword.groovy:81)
	at com.kms.katalon.core.keyword.builtin.CallTestCaseKeyword.execute(CallTestCaseKeyword.groovy:44)
	at com.kms.katalon.core.keyword.internal.KeywordExecutor.executeKeywordForPlatform(KeywordExecutor.groovy:56)
	at com.kms.katalon.core.keyword.BuiltinKeywords.callTestCase(BuiltinKeywords.groovy:334)
	at Script1537083906956.run(Script1537083906956.groovy:22)
	... 13 more
)

2019-04-21 02:40:06 - [MESSAGE][INFO] - Unable to find the element located by 'By.xpath: //*[@id="List1"]/div/div/div[3]/div/input'. Please recheck the objects properties to make sure the desired element is located. 

2019-04-21 02:40:06 - [MESSAGE][FAILED] - Unable to upload file '/home/faizan/Drive/KiboPush_Automated_Testing/KiboPush Katalon/video.mp4' to object 'Object Repository/Page_KiboPush  Create Broadcast Tem/video_file' (Root cause: com.kms.katalon.core.exception.StepFailedException: Unable to upload file '/home/faizan/Drive/KiboPush_Automated_Testing/KiboPush Katalon/video.mp4' to object 'Object Repository/Page_KiboPush  Create Broadcast Tem/video_file'
	at com.kms.katalon.core.webui.keyword.internal.WebUIKeywordMain.stepFailed(WebUIKeywordMain.groovy:64)
	at com.kms.katalon.core.webui.keyword.internal.WebUIKeywordMain.runKeyword(WebUIKeywordMain.groovy:26)
	at com.kms.katalon.core.webui.keyword.builtin.UploadFileKeyword.uploadFile(UploadFileKeyword.groovy:87)
	at com.kms.katalon.core.webui.keyword.builtin.UploadFileKeyword.execute(UploadFileKeyword.groovy:68)
	at com.kms.katalon.core.keyword.internal.KeywordExecutor.executeKeywordForPlatform(KeywordExecutor.groovy:56)
	at com.kms.katalon.core.webui.keyword.WebUiBuiltInKeywords.uploadFile(WebUiBuiltInKeywords.groovy:2945)
	at com.kms.katalon.core.webui.keyword.WebUiBuiltInKeywords$uploadFile$8.call(Unknown Source)
	at TC0807.run(TC0807:27)
	at com.kms.katalon.core.main.ScriptEngine.run(ScriptEngine.java:194)
	at com.kms.katalon.core.main.ScriptEngine.runScriptAsRawText(ScriptEngine.java:119)
	at com.kms.katalon.core.main.TestCaseExecutor.runScript(TestCaseExecutor.java:336)
	at com.kms.katalon.core.main.TestCaseExecutor.doExecute(TestCaseExecutor.java:327)
	at com.kms.katalon.core.main.TestCaseExecutor.processExecutionPhase(TestCaseExecutor.java:306)
	at com.kms.katalon.core.main.TestCaseExecutor.accessMainPhase(TestCaseExecutor.java:298)
	at com.kms.katalon.core.main.TestCaseExecutor.execute(TestCaseExecutor.java:232)
	at com.kms.katalon.core.main.TestCaseMain.runTestCase(TestCaseMain.java:114)
	at com.kms.katalon.core.keyword.builtin.CallTestCaseKeyword$_callTestCase_closure1.doCall(CallTestCaseKeyword.groovy:59)
	at com.kms.katalon.core.keyword.builtin.CallTestCaseKeyword$_callTestCase_closure1.call(CallTestCaseKeyword.groovy)
	at com.kms.katalon.core.keyword.internal.KeywordMain.runKeyword(KeywordMain.groovy:66)
	at com.kms.katalon.core.keyword.builtin.CallTestCaseKeyword.callTestCase(CallTestCaseKeyword.groovy:81)
	at com.kms.katalon.core.keyword.builtin.CallTestCaseKeyword.execute(CallTestCaseKeyword.groovy:44)
	at com.kms.katalon.core.keyword.internal.KeywordExecutor.executeKeywordForPlatform(KeywordExecutor.groovy:56)
	at com.kms.katalon.core.keyword.BuiltinKeywords.callTestCase(BuiltinKeywords.groovy:334)
	at TC0808.run(TC0808:22)
	at com.kms.katalon.core.main.ScriptEngine.run(ScriptEngine.java:194)
	at com.kms.katalon.core.main.ScriptEngine.runScriptAsRawText(ScriptEngine.java:119)
	at com.kms.katalon.core.main.TestCaseExecutor.runScript(TestCaseExecutor.java:336)
	at com.kms.katalon.core.main.TestCaseExecutor.doExecute(TestCaseExecutor.java:327)
	at com.kms.katalon.core.main.TestCaseExecutor.processExecutionPhase(TestCaseExecutor.java:306)
	at com.kms.katalon.core.main.TestCaseExecutor.accessMainPhase(TestCaseExecutor.java:298)
	at com.kms.katalon.core.main.TestCaseExecutor.execute(TestCaseExecutor.java:232)
	at com.kms.katalon.core.main.TestSuiteExecutor.accessTestCaseMainPhase(TestSuiteExecutor.java:129)
	at com.kms.katalon.core.main.TestSuiteExecutor.accessTestSuiteMainPhase(TestSuiteExecutor.java:112)
	at com.kms.katalon.core.main.TestSuiteExecutor.execute(TestSuiteExecutor.java:81)
	at com.kms.katalon.core.main.TestCaseMain.startTestSuite(TestCaseMain.java:157)
	at com.kms.katalon.core.main.TestCaseMain$startTestSuite$0.call(Unknown Source)
	at TempTestSuite1555795243480.run(TempTestSuite1555795243480.groovy:35)
Caused by: com.kms.katalon.core.webui.exception.WebElementNotFoundException: Web element with id: 'Object Repository/Page_KiboPush  Create Broadcast Tem/video_file' located by 'By.xpath: //*[@id="List1"]/div/div/div[3]/div/input' not found
	at com.kms.katalon.core.webui.common.WebUiCommonHelper.findWebElement(WebUiCommonHelper.java:1097)
	at com.kms.katalon.core.webui.keyword.internal.WebUIAbstractKeyword.findWebElement(WebUIAbstractKeyword.groovy:27)
	at com.kms.katalon.core.webui.keyword.internal.WebUIAbstractKeyword.findWebElement(WebUIAbstractKeyword.groovy:26)
	at com.kms.katalon.core.webui.keyword.builtin.UploadFileKeyword$_uploadFile_closure1.doCall(UploadFileKeyword.groovy:79)
	at com.kms.katalon.core.webui.keyword.builtin.UploadFileKeyword$_uploadFile_closure1.call(UploadFileKeyword.groovy)
	at com.kms.katalon.core.webui.keyword.internal.WebUIKeywordMain.runKeyword(WebUIKeywordMain.groovy:20)
	at com.kms.katalon.core.webui.keyword.builtin.UploadFileKeyword.uploadFile(UploadFileKeyword.groovy:87)
	at com.kms.katalon.core.webui.keyword.builtin.UploadFileKeyword.execute(UploadFileKeyword.groovy:68)
	at com.kms.katalon.core.keyword.internal.KeywordExecutor.executeKeywordForPlatform(KeywordExecutor.groovy:56)
	at com.kms.katalon.core.webui.keyword.WebUiBuiltInKeywords.uploadFile(WebUiBuiltInKeywords.groovy:2945)
	at com.kms.katalon.core.webui.keyword.WebUiBuiltInKeywords$uploadFile$8.call(Unknown Source)
	at Script1537083598995.run(Script1537083598995.groovy:27)
	at com.kms.katalon.core.main.ScriptEngine.run(ScriptEngine.java:194)
	at com.kms.katalon.core.main.ScriptEngine.runScriptAsRawText(ScriptEngine.java:119)
	at com.kms.katalon.core.main.TestCaseExecutor.runScript(TestCaseExecutor.java:336)
	at com.kms.katalon.core.main.TestCaseExecutor.doExecute(TestCaseExecutor.java:327)
	at com.kms.katalon.core.main.TestCaseExecutor.processExecutionPhase(TestCaseExecutor.java:306)
	at com.kms.katalon.core.main.TestCaseExecutor.accessMainPhase(TestCaseExecutor.java:298)
	at com.kms.katalon.core.main.TestCaseExecutor.execute(TestCaseExecutor.java:232)
	at com.kms.katalon.core.main.TestCaseMain.runTestCase(TestCaseMain.java:114)
	at com.kms.katalon.core.keyword.builtin.CallTestCaseKeyword$_callTestCase_closure1.doCall(CallTestCaseKeyword.groovy:59)
	at com.kms.katalon.core.keyword.builtin.CallTestCaseKeyword$_callTestCase_closure1.call(CallTestCaseKeyword.groovy)
	at com.kms.katalon.core.keyword.internal.KeywordMain.runKeyword(KeywordMain.groovy:66)
	at com.kms.katalon.core.keyword.builtin.CallTestCaseKeyword.callTestCase(CallTestCaseKeyword.groovy:81)
	at com.kms.katalon.core.keyword.builtin.CallTestCaseKeyword.execute(CallTestCaseKeyword.groovy:44)
	at com.kms.katalon.core.keyword.internal.KeywordExecutor.executeKeywordForPlatform(KeywordExecutor.groovy:56)
	at com.kms.katalon.core.keyword.BuiltinKeywords.callTestCase(BuiltinKeywords.groovy:334)
	at Script1537083906956.run(Script1537083906956.groovy:22)
	... 13 more
)
[[ATTACHMENT|/home/faizan/Drive/KiboPush_Automated_Testing/KiboPush Katalon/Reports/Faizan Suits/Template/20190421_022043/1555796406685.png]]

2019-04-21 02:40:06 - [MESSAGE][FAILED] - Unable to call Test Case 'Test Cases/Template testcases/TC0807' (Root cause: com.kms.katalon.core.exception.StepFailedException: Call Test Case 'Test Cases/Template testcases/TC0807' failed
	at com.kms.katalon.core.keyword.builtin.CallTestCaseKeyword$_callTestCase_closure1.doCall(CallTestCaseKeyword.groovy:63)
	at com.kms.katalon.core.keyword.builtin.CallTestCaseKeyword$_callTestCase_closure1.call(CallTestCaseKeyword.groovy)
	at com.kms.katalon.core.keyword.internal.KeywordMain.runKeyword(KeywordMain.groovy:66)
	at com.kms.katalon.core.keyword.builtin.CallTestCaseKeyword.callTestCase(CallTestCaseKeyword.groovy:81)
	at com.kms.katalon.core.keyword.builtin.CallTestCaseKeyword.execute(CallTestCaseKeyword.groovy:44)
	at com.kms.katalon.core.keyword.internal.KeywordExecutor.executeKeywordForPlatform(KeywordExecutor.groovy:56)
	at com.kms.katalon.core.keyword.BuiltinKeywords.callTestCase(BuiltinKeywords.groovy:334)
	at TC0808.run(TC0808:22)
	at com.kms.katalon.core.main.ScriptEngine.run(ScriptEngine.java:194)
	at com.kms.katalon.core.main.ScriptEngine.runScriptAsRawText(ScriptEngine.java:119)
	at com.kms.katalon.core.main.TestCaseExecutor.runScript(TestCaseExecutor.java:336)
	at com.kms.katalon.core.main.TestCaseExecutor.doExecute(TestCaseExecutor.java:327)
	at com.kms.katalon.core.main.TestCaseExecutor.processExecutionPhase(TestCaseExecutor.java:306)
	at com.kms.katalon.core.main.TestCaseExecutor.accessMainPhase(TestCaseExecutor.java:298)
	at com.kms.katalon.core.main.TestCaseExecutor.execute(TestCaseExecutor.java:232)
	at com.kms.katalon.core.main.TestSuiteExecutor.accessTestCaseMainPhase(TestSuiteExecutor.java:129)
	at com.kms.katalon.core.main.TestSuiteExecutor.accessTestSuiteMainPhase(TestSuiteExecutor.java:112)
	at com.kms.katalon.core.main.TestSuiteExecutor.execute(TestSuiteExecutor.java:81)
	at com.kms.katalon.core.main.TestCaseMain.startTestSuite(TestCaseMain.java:157)
	at com.kms.katalon.core.main.TestCaseMain$startTestSuite$0.call(Unknown Source)
	at TempTestSuite1555795243480.run(TempTestSuite1555795243480.groovy:35)
Caused by: com.kms.katalon.core.exception.StepFailedException: Unable to upload file '/home/faizan/Drive/KiboPush_Automated_Testing/KiboPush Katalon/video.mp4' to object 'Object Repository/Page_KiboPush  Create Broadcast Tem/video_file'
	at com.kms.katalon.core.webui.keyword.internal.WebUIKeywordMain.stepFailed(WebUIKeywordMain.groovy:64)
	at com.kms.katalon.core.webui.keyword.internal.WebUIKeywordMain.runKeyword(WebUIKeywordMain.groovy:26)
	at com.kms.katalon.core.webui.keyword.builtin.UploadFileKeyword.uploadFile(UploadFileKeyword.groovy:87)
	at com.kms.katalon.core.webui.keyword.builtin.UploadFileKeyword.execute(UploadFileKeyword.groovy:68)
	at com.kms.katalon.core.keyword.internal.KeywordExecutor.executeKeywordForPlatform(KeywordExecutor.groovy:56)
	at com.kms.katalon.core.webui.keyword.WebUiBuiltInKeywords.uploadFile(WebUiBuiltInKeywords.groovy:2945)
	at com.kms.katalon.core.webui.keyword.WebUiBuiltInKeywords$uploadFile$8.call(Unknown Source)
	at TC0807.run(TC0807:27)
	at com.kms.katalon.core.main.ScriptEngine.run(ScriptEngine.java:194)
	at com.kms.katalon.core.main.ScriptEngine.runScriptAsRawText(ScriptEngine.java:119)
	at com.kms.katalon.core.main.TestCaseExecutor.runScript(TestCaseExecutor.java:336)
	at com.kms.katalon.core.main.TestCaseExecutor.doExecute(TestCaseExecutor.java:327)
	at com.kms.katalon.core.main.TestCaseExecutor.processExecutionPhase(TestCaseExecutor.java:306)
	at com.kms.katalon.core.main.TestCaseExecutor.accessMainPhase(TestCaseExecutor.java:298)
	at com.kms.katalon.core.main.TestCaseExecutor.execute(TestCaseExecutor.java:232)
	at com.kms.katalon.core.main.TestCaseMain.runTestCase(TestCaseMain.java:114)
	at com.kms.katalon.core.keyword.builtin.CallTestCaseKeyword$_callTestCase_closure1.doCall(CallTestCaseKeyword.groovy:59)
	... 20 more
Caused by: com.kms.katalon.core.webui.exception.WebElementNotFoundException: Web element with id: 'Object Repository/Page_KiboPush  Create Broadcast Tem/video_file' located by 'By.xpath: //*[@id="List1"]/div/div/div[3]/div/input' not found
	at com.kms.katalon.core.webui.common.WebUiCommonHelper.findWebElement(WebUiCommonHelper.java:1097)
	at com.kms.katalon.core.webui.keyword.internal.WebUIAbstractKeyword.findWebElement(WebUIAbstractKeyword.groovy:27)
	at com.kms.katalon.core.webui.keyword.internal.WebUIAbstractKeyword.findWebElement(WebUIAbstractKeyword.groovy:26)
	at com.kms.katalon.core.webui.keyword.builtin.UploadFileKeyword$_uploadFile_closure1.doCall(UploadFileKeyword.groovy:79)
	at com.kms.katalon.core.webui.keyword.builtin.UploadFileKeyword$_uploadFile_closure1.call(UploadFileKeyword.groovy)
	at com.kms.katalon.core.webui.keyword.internal.WebUIKeywordMain.runKeyword(WebUIKeywordMain.groovy:20)
	at com.kms.katalon.core.webui.keyword.builtin.UploadFileKeyword.uploadFile(UploadFileKeyword.groovy:87)
	at com.kms.katalon.core.webui.keyword.builtin.UploadFileKeyword.execute(UploadFileKeyword.groovy:68)
	at com.kms.katalon.core.keyword.internal.KeywordExecutor.executeKeywordForPlatform(KeywordExecutor.groovy:56)
	at com.kms.katalon.core.webui.keyword.WebUiBuiltInKeywords.uploadFile(WebUiBuiltInKeywords.groovy:2945)
	at com.kms.katalon.core.webui.keyword.WebUiBuiltInKeywords$uploadFile$8.call(Unknown Source)
	at Script1537083598995.run(Script1537083598995.groovy:27)
	at com.kms.katalon.core.main.ScriptEngine.run(ScriptEngine.java:194)
	at com.kms.katalon.core.main.ScriptEngine.runScriptAsRawText(ScriptEngine.java:119)
	at com.kms.katalon.core.main.TestCaseExecutor.runScript(TestCaseExecutor.java:336)
	at com.kms.katalon.core.main.TestCaseExecutor.doExecute(TestCaseExecutor.java:327)
	at com.kms.katalon.core.main.TestCaseExecutor.processExecutionPhase(TestCaseExecutor.java:306)
	at com.kms.katalon.core.main.TestCaseExecutor.accessMainPhase(TestCaseExecutor.java:298)
	at com.kms.katalon.core.main.TestCaseExecutor.execute(TestCaseExecutor.java:232)
	at com.kms.katalon.core.main.TestCaseMain.runTestCase(TestCaseMain.java:114)
	at com.kms.katalon.core.keyword.builtin.CallTestCaseKeyword$_callTestCase_closure1.doCall(CallTestCaseKeyword.groovy:59)
	at com.kms.katalon.core.keyword.builtin.CallTestCaseKeyword$_callTestCase_closure1.call(CallTestCaseKeyword.groovy)
	at com.kms.katalon.core.keyword.internal.KeywordMain.runKeyword(KeywordMain.groovy:66)
	at com.kms.katalon.core.keyword.builtin.CallTestCaseKeyword.callTestCase(CallTestCaseKeyword.groovy:81)
	at com.kms.katalon.core.keyword.builtin.CallTestCaseKeyword.execute(CallTestCaseKeyword.groovy:44)
	at com.kms.katalon.core.keyword.internal.KeywordExecutor.executeKeywordForPlatform(KeywordExecutor.groovy:56)
	at com.kms.katalon.core.keyword.BuiltinKeywords.callTestCase(BuiltinKeywords.groovy:334)
	at Script1537083906956.run(Script1537083906956.groovy:22)
	... 13 more
)]]></system-out>
         <system-err><![CDATA[2019-04-21 02:39:25 - [TEST_CASE][FAILED] - Test Cases/Template testcases/TC0808: Test Cases/Template testcases/TC0808 FAILED.
Reason:
com.kms.katalon.core.exception.StepFailedException: Call Test Case 'Test Cases/Template testcases/TC0807' failed
	at com.kms.katalon.core.keyword.builtin.CallTestCaseKeyword$_callTestCase_closure1.doCall(CallTestCaseKeyword.groovy:63)
	at com.kms.katalon.core.keyword.builtin.CallTestCaseKeyword$_callTestCase_closure1.call(CallTestCaseKeyword.groovy)
	at com.kms.katalon.core.keyword.internal.KeywordMain.runKeyword(KeywordMain.groovy:66)
	at com.kms.katalon.core.keyword.builtin.CallTestCaseKeyword.callTestCase(CallTestCaseKeyword.groovy:81)
	at com.kms.katalon.core.keyword.builtin.CallTestCaseKeyword.execute(CallTestCaseKeyword.groovy:44)
	at com.kms.katalon.core.keyword.internal.KeywordExecutor.executeKeywordForPlatform(KeywordExecutor.groovy:56)
	at com.kms.katalon.core.keyword.BuiltinKeywords.callTestCase(BuiltinKeywords.groovy:334)
	at TC0808.run(TC0808:22)
	at com.kms.katalon.core.main.ScriptEngine.run(ScriptEngine.java:194)
	at com.kms.katalon.core.main.ScriptEngine.runScriptAsRawText(ScriptEngine.java:119)
	at com.kms.katalon.core.main.TestCaseExecutor.runScript(TestCaseExecutor.java:336)
	at com.kms.katalon.core.main.TestCaseExecutor.doExecute(TestCaseExecutor.java:327)
	at com.kms.katalon.core.main.TestCaseExecutor.processExecutionPhase(TestCaseExecutor.java:306)
	at com.kms.katalon.core.main.TestCaseExecutor.accessMainPhase(TestCaseExecutor.java:298)
	at com.kms.katalon.core.main.TestCaseExecutor.execute(TestCaseExecutor.java:232)
	at com.kms.katalon.core.main.TestSuiteExecutor.accessTestCaseMainPhase(TestSuiteExecutor.java:129)
	at com.kms.katalon.core.main.TestSuiteExecutor.accessTestSuiteMainPhase(TestSuiteExecutor.java:112)
	at com.kms.katalon.core.main.TestSuiteExecutor.execute(TestSuiteExecutor.java:81)
	at com.kms.katalon.core.main.TestCaseMain.startTestSuite(TestCaseMain.java:157)
	at com.kms.katalon.core.main.TestCaseMain$startTestSuite$0.call(Unknown Source)
	at TempTestSuite1555795243480.run(TempTestSuite1555795243480.groovy:35)
Caused by: com.kms.katalon.core.exception.StepFailedException: Unable to upload file '/home/faizan/Drive/KiboPush_Automated_Testing/KiboPush Katalon/video.mp4' to object 'Object Repository/Page_KiboPush  Create Broadcast Tem/video_file'
	at com.kms.katalon.core.webui.keyword.internal.WebUIKeywordMain.stepFailed(WebUIKeywordMain.groovy:64)
	at com.kms.katalon.core.webui.keyword.internal.WebUIKeywordMain.runKeyword(WebUIKeywordMain.groovy:26)
	at com.kms.katalon.core.webui.keyword.builtin.UploadFileKeyword.uploadFile(UploadFileKeyword.groovy:87)
	at com.kms.katalon.core.webui.keyword.builtin.UploadFileKeyword.execute(UploadFileKeyword.groovy:68)
	at com.kms.katalon.core.keyword.internal.KeywordExecutor.executeKeywordForPlatform(KeywordExecutor.groovy:56)
	at com.kms.katalon.core.webui.keyword.WebUiBuiltInKeywords.uploadFile(WebUiBuiltInKeywords.groovy:2945)
	at com.kms.katalon.core.webui.keyword.WebUiBuiltInKeywords$uploadFile$8.call(Unknown Source)
	at TC0807.run(TC0807:27)
	at com.kms.katalon.core.main.ScriptEngine.run(ScriptEngine.java:194)
	at com.kms.katalon.core.main.ScriptEngine.runScriptAsRawText(ScriptEngine.java:119)
	at com.kms.katalon.core.main.TestCaseExecutor.runScript(TestCaseExecutor.java:336)
	at com.kms.katalon.core.main.TestCaseExecutor.doExecute(TestCaseExecutor.java:327)
	at com.kms.katalon.core.main.TestCaseExecutor.processExecutionPhase(TestCaseExecutor.java:306)
	at com.kms.katalon.core.main.TestCaseExecutor.accessMainPhase(TestCaseExecutor.java:298)
	at com.kms.katalon.core.main.TestCaseExecutor.execute(TestCaseExecutor.java:232)
	at com.kms.katalon.core.main.TestCaseMain.runTestCase(TestCaseMain.java:114)
	at com.kms.katalon.core.keyword.builtin.CallTestCaseKeyword$_callTestCase_closure1.doCall(CallTestCaseKeyword.groovy:59)
	... 20 more
Caused by: com.kms.katalon.core.webui.exception.WebElementNotFoundException: Web element with id: 'Object Repository/Page_KiboPush  Create Broadcast Tem/video_file' located by 'By.xpath: //*[@id="List1"]/div/div/div[3]/div/input' not found
	at com.kms.katalon.core.webui.common.WebUiCommonHelper.findWebElement(WebUiCommonHelper.java:1097)
	at com.kms.katalon.core.webui.keyword.internal.WebUIAbstractKeyword.findWebElement(WebUIAbstractKeyword.groovy:27)
	at com.kms.katalon.core.webui.keyword.internal.WebUIAbstractKeyword.findWebElement(WebUIAbstractKeyword.groovy:26)
	at com.kms.katalon.core.webui.keyword.builtin.UploadFileKeyword$_uploadFile_closure1.doCall(UploadFileKeyword.groovy:79)
	at com.kms.katalon.core.webui.keyword.builtin.UploadFileKeyword$_uploadFile_closure1.call(UploadFileKeyword.groovy)
	at com.kms.katalon.core.webui.keyword.internal.WebUIKeywordMain.runKeyword(WebUIKeywordMain.groovy:20)
	at com.kms.katalon.core.webui.keyword.builtin.UploadFileKeyword.uploadFile(UploadFileKeyword.groovy:87)
	at com.kms.katalon.core.webui.keyword.builtin.UploadFileKeyword.execute(UploadFileKeyword.groovy:68)
	at com.kms.katalon.core.keyword.internal.KeywordExecutor.executeKeywordForPlatform(KeywordExecutor.groovy:56)
	at com.kms.katalon.core.webui.keyword.WebUiBuiltInKeywords.uploadFile(WebUiBuiltInKeywords.groovy:2945)
	at com.kms.katalon.core.webui.keyword.WebUiBuiltInKeywords$uploadFile$8.call(Unknown Source)
	at Script1537083598995.run(Script1537083598995.groovy:27)
	at com.kms.katalon.core.main.ScriptEngine.run(ScriptEngine.java:194)
	at com.kms.katalon.core.main.ScriptEngine.runScriptAsRawText(ScriptEngine.java:119)
	at com.kms.katalon.core.main.TestCaseExecutor.runScript(TestCaseExecutor.java:336)
	at com.kms.katalon.core.main.TestCaseExecutor.doExecute(TestCaseExecutor.java:327)
	at com.kms.katalon.core.main.TestCaseExecutor.processExecutionPhase(TestCaseExecutor.java:306)
	at com.kms.katalon.core.main.TestCaseExecutor.accessMainPhase(TestCaseExecutor.java:298)
	at com.kms.katalon.core.main.TestCaseExecutor.execute(TestCaseExecutor.java:232)
	at com.kms.katalon.core.main.TestCaseMain.runTestCase(TestCaseMain.java:114)
	at com.kms.katalon.core.keyword.builtin.CallTestCaseKeyword$_callTestCase_closure1.doCall(CallTestCaseKeyword.groovy:59)
	at com.kms.katalon.core.keyword.builtin.CallTestCaseKeyword$_callTestCase_closure1.call(CallTestCaseKeyword.groovy)
	at com.kms.katalon.core.keyword.internal.KeywordMain.runKeyword(KeywordMain.groovy:66)
	at com.kms.katalon.core.keyword.builtin.CallTestCaseKeyword.callTestCase(CallTestCaseKeyword.groovy:81)
	at com.kms.katalon.core.keyword.builtin.CallTestCaseKeyword.execute(CallTestCaseKeyword.groovy:44)
	at com.kms.katalon.core.keyword.internal.KeywordExecutor.executeKeywordForPlatform(KeywordExecutor.groovy:56)
	at com.kms.katalon.core.keyword.BuiltinKeywords.callTestCase(BuiltinKeywords.groovy:334)
	at Script1537083906956.run(Script1537083906956.groovy:22)
	... 13 more]]></system-err>
      </testcase>
      <testcase name="Test Cases/Template testcases/TC0809" classname="Test Cases/Template testcases/TC0809" status="PASSED">
         <system-out><![CDATA[2019-04-21 02:40:06 - [TEST_CASE][PASSED] - Test Cases/Template testcases/TC0809: Test Cases/Template testcases/TC0809

2019-04-21 02:40:07 - [TEST_STEP][PASSED] - callTestCase(findTestCase("Template testcases/TC0768"), [:], STOP_ON_FAILURE): Call Test Case 'Test Cases/Template testcases/TC0768' successfully

2019-04-21 02:40:07 - [TEST_CASE][PASSED] - Test Cases/Template testcases/TC0768: Test Cases/Template testcases/TC0768

2019-04-21 02:40:07 - [TEST_STEP][PASSED] - callTestCase(findTestCase("s-sidebar_navigation/individualAccount/Template"), [:], STOP_ON_FAILURE): Call Test Case 'Test Cases/s-sidebar_navigation/individualAccount/Template' successfully

2019-04-21 02:40:07 - [TEST_CASE][PASSED] - Test Cases/s-sidebar_navigation/individualAccount/Template: Test Cases/s-sidebar_navigation/individualAccount/Template

2019-04-21 02:40:07 - [TEST_STEP][PASSED] - click(findTestObject("Page_KiboPush  Dashboard/span_Broadcasts")): Object: 'Object Repository/Page_KiboPush  Dashboard/span_Broadcasts' is clicked on

2019-04-21 02:40:07 - [MESSAGE][PASSED] - Object: 'Object Repository/Page_KiboPush  Dashboard/span_Broadcasts' is clicked on

2019-04-21 02:40:07 - [TEST_STEP][PASSED] - delay(1): Delayed 1 second(s)

2019-04-21 02:40:08 - [MESSAGE][PASSED] - Delayed 1 second(s)

2019-04-21 02:40:08 - [TEST_STEP][PASSED] - click(findTestObject("Page_KiboPush  Dashboard/span_Templates")): Object: 'Object Repository/Page_KiboPush  Dashboard/span_Templates' is clicked on

2019-04-21 02:40:08 - [MESSAGE][PASSED] - Object: 'Object Repository/Page_KiboPush  Dashboard/span_Templates' is clicked on

2019-04-21 02:40:08 - [TEST_STEP][PASSED] - delay(3): Delayed 3 second(s)

2019-04-21 02:40:11 - [MESSAGE][PASSED] - Delayed 3 second(s)

2019-04-21 02:40:11 - [TEST_STEP][PASSED] - scrollToPosition(0, 0): Browser is scrolled to position x = 0, y = 0

2019-04-21 02:40:11 - [MESSAGE][PASSED] - Browser is scrolled to position x = 0, y = 0

2019-04-21 02:40:11 - [TEST_STEP][PASSED] - click(findTestObject("Object Repository/Page_KiboEngage  Templates/h3_Templates")): Object: 'Object Repository/Page_KiboEngage  Templates/h3_Templates' is clicked on

2019-04-21 02:40:11 - [MESSAGE][PASSED] - Object: 'Object Repository/Page_KiboEngage  Templates/h3_Templates' is clicked on

2019-04-21 02:40:11 - [TEST_STEP][PASSED] - delay(3): Delayed 3 second(s)

2019-04-21 02:40:14 - [MESSAGE][PASSED] - Delayed 3 second(s)

2019-04-21 02:40:14 - [MESSAGE][PASSED] - Call Test Case 'Test Cases/s-sidebar_navigation/individualAccount/Template' successfully

2019-04-21 02:40:14 - [TEST_STEP][PASSED] - click(findTestObject("Object Repository/Page_KiboPush  Dashboard/button_Create New")): Object: 'Object Repository/Page_KiboPush  Dashboard/button_Create New' is clicked on

2019-04-21 02:40:14 - [MESSAGE][PASSED] - Object: 'Object Repository/Page_KiboPush  Dashboard/button_Create New' is clicked on

2019-04-21 02:40:14 - [TEST_STEP][PASSED] - click(findTestObject("Object Repository/Page_KiboPush  Create Broadcast Tem/h3_Create Broadcast Template")): Object: 'Object Repository/Page_KiboPush  Create Broadcast Tem/h3_Create Broadcast Template' is clicked on

2019-04-21 02:40:15 - [MESSAGE][PASSED] - Object: 'Object Repository/Page_KiboPush  Create Broadcast Tem/h3_Create Broadcast Template' is clicked on

2019-04-21 02:40:15 - [MESSAGE][PASSED] - Call Test Case 'Test Cases/Template testcases/TC0768' successfully

2019-04-21 02:40:15 - [TEST_STEP][PASSED] - click(findTestObject("Page_KiboPush  Create Broadcast Tem/h6_File (2)")): Object: 'Object Repository/Page_KiboPush  Create Broadcast Tem/h6_File (2)' is clicked on

2019-04-21 02:40:15 - [MESSAGE][PASSED] - Object: 'Object Repository/Page_KiboPush  Create Broadcast Tem/h6_File (2)' is clicked on

2019-04-21 02:40:15 - [TEST_STEP][PASSED] - click(findTestObject("Object Repository/Page_KiboEngage  Create Broadcast Template/div_New file component added")): Object: 'Object Repository/Page_KiboEngage  Create Broadcast Template/div_New file component added' is clicked on

2019-04-21 02:40:15 - [MESSAGE][PASSED] - Object: 'Object Repository/Page_KiboEngage  Create Broadcast Template/div_New file component added' is clicked on]]></system-out>
         <system-err><![CDATA[]]></system-err>
      </testcase>
      <testcase name="Test Cases/Template testcases/TC0810" classname="Test Cases/Template testcases/TC0810" status="PASSED">
         <system-out><![CDATA[2019-04-21 02:40:15 - [TEST_CASE][PASSED] - Test Cases/Template testcases/TC0810: Test Cases/Template testcases/TC0810

2019-04-21 02:40:15 - [TEST_STEP][PASSED] - callTestCase(findTestCase("Template testcases/TC0809"), [:], STOP_ON_FAILURE): Call Test Case 'Test Cases/Template testcases/TC0809' successfully

2019-04-21 02:40:15 - [TEST_CASE][PASSED] - Test Cases/Template testcases/TC0809: Test Cases/Template testcases/TC0809

2019-04-21 02:40:15 - [TEST_STEP][PASSED] - callTestCase(findTestCase("Template testcases/TC0768"), [:], STOP_ON_FAILURE): Call Test Case 'Test Cases/Template testcases/TC0768' successfully

2019-04-21 02:40:15 - [TEST_CASE][PASSED] - Test Cases/Template testcases/TC0768: Test Cases/Template testcases/TC0768

2019-04-21 02:40:15 - [TEST_STEP][PASSED] - callTestCase(findTestCase("s-sidebar_navigation/individualAccount/Template"), [:], STOP_ON_FAILURE): Call Test Case 'Test Cases/s-sidebar_navigation/individualAccount/Template' successfully

2019-04-21 02:40:15 - [TEST_CASE][PASSED] - Test Cases/s-sidebar_navigation/individualAccount/Template: Test Cases/s-sidebar_navigation/individualAccount/Template

2019-04-21 02:40:15 - [TEST_STEP][PASSED] - click(findTestObject("Page_KiboPush  Dashboard/span_Broadcasts")): Object: 'Object Repository/Page_KiboPush  Dashboard/span_Broadcasts' is clicked on

2019-04-21 02:40:16 - [MESSAGE][PASSED] - Object: 'Object Repository/Page_KiboPush  Dashboard/span_Broadcasts' is clicked on

2019-04-21 02:40:16 - [TEST_STEP][PASSED] - delay(1): Delayed 1 second(s)

2019-04-21 02:40:17 - [MESSAGE][PASSED] - Delayed 1 second(s)

2019-04-21 02:40:17 - [TEST_STEP][PASSED] - click(findTestObject("Page_KiboPush  Dashboard/span_Templates")): Object: 'Object Repository/Page_KiboPush  Dashboard/span_Templates' is clicked on

2019-04-21 02:40:17 - [MESSAGE][PASSED] - Object: 'Object Repository/Page_KiboPush  Dashboard/span_Templates' is clicked on

2019-04-21 02:40:17 - [TEST_STEP][PASSED] - delay(3): Delayed 3 second(s)

2019-04-21 02:40:20 - [MESSAGE][PASSED] - Delayed 3 second(s)

2019-04-21 02:40:20 - [TEST_STEP][PASSED] - scrollToPosition(0, 0): Browser is scrolled to position x = 0, y = 0

2019-04-21 02:40:20 - [MESSAGE][PASSED] - Browser is scrolled to position x = 0, y = 0

2019-04-21 02:40:20 - [TEST_STEP][PASSED] - click(findTestObject("Object Repository/Page_KiboEngage  Templates/h3_Templates")): Object: 'Object Repository/Page_KiboEngage  Templates/h3_Templates' is clicked on

2019-04-21 02:40:20 - [MESSAGE][PASSED] - Object: 'Object Repository/Page_KiboEngage  Templates/h3_Templates' is clicked on

2019-04-21 02:40:20 - [TEST_STEP][PASSED] - delay(3): Delayed 3 second(s)

2019-04-21 02:40:23 - [MESSAGE][PASSED] - Delayed 3 second(s)

2019-04-21 02:40:23 - [MESSAGE][PASSED] - Call Test Case 'Test Cases/s-sidebar_navigation/individualAccount/Template' successfully

2019-04-21 02:40:23 - [TEST_STEP][PASSED] - click(findTestObject("Object Repository/Page_KiboPush  Dashboard/button_Create New")): Object: 'Object Repository/Page_KiboPush  Dashboard/button_Create New' is clicked on

2019-04-21 02:40:23 - [MESSAGE][PASSED] - Object: 'Object Repository/Page_KiboPush  Dashboard/button_Create New' is clicked on

2019-04-21 02:40:23 - [TEST_STEP][PASSED] - click(findTestObject("Object Repository/Page_KiboPush  Create Broadcast Tem/h3_Create Broadcast Template")): Object: 'Object Repository/Page_KiboPush  Create Broadcast Tem/h3_Create Broadcast Template' is clicked on

2019-04-21 02:40:23 - [MESSAGE][PASSED] - Object: 'Object Repository/Page_KiboPush  Create Broadcast Tem/h3_Create Broadcast Template' is clicked on

2019-04-21 02:40:23 - [MESSAGE][PASSED] - Call Test Case 'Test Cases/Template testcases/TC0768' successfully

2019-04-21 02:40:23 - [TEST_STEP][PASSED] - click(findTestObject("Page_KiboPush  Create Broadcast Tem/h6_File (2)")): Object: 'Object Repository/Page_KiboPush  Create Broadcast Tem/h6_File (2)' is clicked on

2019-04-21 02:40:23 - [MESSAGE][PASSED] - Object: 'Object Repository/Page_KiboPush  Create Broadcast Tem/h6_File (2)' is clicked on

2019-04-21 02:40:23 - [TEST_STEP][PASSED] - click(findTestObject("Object Repository/Page_KiboEngage  Create Broadcast Template/div_New file component added")): Object: 'Object Repository/Page_KiboEngage  Create Broadcast Template/div_New file component added' is clicked on

2019-04-21 02:40:24 - [MESSAGE][PASSED] - Object: 'Object Repository/Page_KiboEngage  Create Broadcast Template/div_New file component added' is clicked on

2019-04-21 02:40:24 - [MESSAGE][PASSED] - Call Test Case 'Test Cases/Template testcases/TC0809' successfully

2019-04-21 02:40:24 - [TEST_STEP][PASSED] - click(findTestObject("Object Repository/Page_KiboPush  Create Broadcast Tem/button_Create (11)")): Object: 'Object Repository/Page_KiboPush  Create Broadcast Tem/button_Create (11)' is clicked on

2019-04-21 02:40:24 - [MESSAGE][PASSED] - Object: 'Object Repository/Page_KiboPush  Create Broadcast Tem/button_Create (11)' is clicked on

2019-04-21 02:40:24 - [TEST_STEP][PASSED] - click(findTestObject("Object Repository/Page_KiboPush  Create Broadcast Tem/div_Select a valid file")): Object: 'Object Repository/Page_KiboPush  Create Broadcast Tem/div_Select a valid file' is clicked on

2019-04-21 02:40:24 - [MESSAGE][PASSED] - Object: 'Object Repository/Page_KiboPush  Create Broadcast Tem/div_Select a valid file' is clicked on]]></system-out>
         <system-err><![CDATA[]]></system-err>
      </testcase>
      <testcase name="Test Cases/Template testcases/TC0811" classname="Test Cases/Template testcases/TC0811" status="FAILED">
         <failure type="FAILED" message="Test Cases/Template testcases/TC0811 FAILED.
Reason:
com.kms.katalon.core.exception.StepFailedException: Unable to upload file '/home/faizan/Drive/KiboPush_Automated_Testing/KiboPush Katalon/sample.jpg' to object 'Object Repository/Page_KiboPush  Create Broadcast Tem/image_file'
	at com.kms.katalon.core.webui.keyword.internal.WebUIKeywordMain.stepFailed(WebUIKeywordMain.groovy:64)
	at com.kms.katalon.core.webui.keyword.internal.WebUIKeywordMain.runKeyword(WebUIKeywordMain.groovy:26)
	at com.kms.katalon.core.webui.keyword.builtin.UploadFileKeyword.uploadFile(UploadFileKeyword.groovy:87)
	at com.kms.katalon.core.webui.keyword.builtin.UploadFileKeyword.execute(UploadFileKeyword.groovy:68)
	at com.kms.katalon.core.keyword.internal.KeywordExecutor.executeKeywordForPlatform(KeywordExecutor.groovy:56)
	at com.kms.katalon.core.webui.keyword.WebUiBuiltInKeywords.uploadFile(WebUiBuiltInKeywords.groovy:2945)
	at com.kms.katalon.core.webui.keyword.WebUiBuiltInKeywords$uploadFile$8.call(Unknown Source)
	at TC0811.run(TC0811:27)
	at com.kms.katalon.core.main.ScriptEngine.run(ScriptEngine.java:194)
	at com.kms.katalon.core.main.ScriptEngine.runScriptAsRawText(ScriptEngine.java:119)
	at com.kms.katalon.core.main.TestCaseExecutor.runScript(TestCaseExecutor.java:336)
	at com.kms.katalon.core.main.TestCaseExecutor.doExecute(TestCaseExecutor.java:327)
	at com.kms.katalon.core.main.TestCaseExecutor.processExecutionPhase(TestCaseExecutor.java:306)
	at com.kms.katalon.core.main.TestCaseExecutor.accessMainPhase(TestCaseExecutor.java:298)
	at com.kms.katalon.core.main.TestCaseExecutor.execute(TestCaseExecutor.java:232)
	at com.kms.katalon.core.main.TestSuiteExecutor.accessTestCaseMainPhase(TestSuiteExecutor.java:129)
	at com.kms.katalon.core.main.TestSuiteExecutor.accessTestSuiteMainPhase(TestSuiteExecutor.java:112)
	at com.kms.katalon.core.main.TestSuiteExecutor.execute(TestSuiteExecutor.java:81)
	at com.kms.katalon.core.main.TestCaseMain.startTestSuite(TestCaseMain.java:157)
	at com.kms.katalon.core.main.TestCaseMain$startTestSuite$0.call(Unknown Source)
	at TempTestSuite1555795243480.run(TempTestSuite1555795243480.groovy:35)
Caused by: com.kms.katalon.core.webui.exception.WebElementNotFoundException: Web element with id: 'Object Repository/Page_KiboPush  Create Broadcast Tem/image_file' located by 'By.xpath: //*[@id=&quot;List1&quot;]/div/div/div[3]/div/input' not found
	at com.kms.katalon.core.webui.common.WebUiCommonHelper.findWebElement(WebUiCommonHelper.java:1097)
	at com.kms.katalon.core.webui.keyword.internal.WebUIAbstractKeyword.findWebElement(WebUIAbstractKeyword.groovy:27)
	at com.kms.katalon.core.webui.keyword.internal.WebUIAbstractKeyword.findWebElement(WebUIAbstractKeyword.groovy:26)
	at com.kms.katalon.core.webui.keyword.builtin.UploadFileKeyword$_uploadFile_closure1.doCall(UploadFileKeyword.groovy:79)
	at com.kms.katalon.core.webui.keyword.builtin.UploadFileKeyword$_uploadFile_closure1.call(UploadFileKeyword.groovy)
	at com.kms.katalon.core.webui.keyword.internal.WebUIKeywordMain.runKeyword(WebUIKeywordMain.groovy:20)
	at com.kms.katalon.core.webui.keyword.builtin.UploadFileKeyword.uploadFile(UploadFileKeyword.groovy:87)
	at com.kms.katalon.core.webui.keyword.builtin.UploadFileKeyword.execute(UploadFileKeyword.groovy:68)
	at com.kms.katalon.core.keyword.internal.KeywordExecutor.executeKeywordForPlatform(KeywordExecutor.groovy:56)
	at com.kms.katalon.core.webui.keyword.WebUiBuiltInKeywords.uploadFile(WebUiBuiltInKeywords.groovy:2945)
	at com.kms.katalon.core.webui.keyword.WebUiBuiltInKeywords$uploadFile$8.call(Unknown Source)
	at Script1537084362969.run(Script1537084362969.groovy:27)
	... 13 more
"/>
         <system-out><![CDATA[2019-04-21 02:40:24 - [TEST_CASE][FAILED] - Test Cases/Template testcases/TC0811: Test Cases/Template testcases/TC0811 FAILED.
Reason:
com.kms.katalon.core.exception.StepFailedException: Unable to upload file '/home/faizan/Drive/KiboPush_Automated_Testing/KiboPush Katalon/sample.jpg' to object 'Object Repository/Page_KiboPush  Create Broadcast Tem/image_file'
	at com.kms.katalon.core.webui.keyword.internal.WebUIKeywordMain.stepFailed(WebUIKeywordMain.groovy:64)
	at com.kms.katalon.core.webui.keyword.internal.WebUIKeywordMain.runKeyword(WebUIKeywordMain.groovy:26)
	at com.kms.katalon.core.webui.keyword.builtin.UploadFileKeyword.uploadFile(UploadFileKeyword.groovy:87)
	at com.kms.katalon.core.webui.keyword.builtin.UploadFileKeyword.execute(UploadFileKeyword.groovy:68)
	at com.kms.katalon.core.keyword.internal.KeywordExecutor.executeKeywordForPlatform(KeywordExecutor.groovy:56)
	at com.kms.katalon.core.webui.keyword.WebUiBuiltInKeywords.uploadFile(WebUiBuiltInKeywords.groovy:2945)
	at com.kms.katalon.core.webui.keyword.WebUiBuiltInKeywords$uploadFile$8.call(Unknown Source)
	at TC0811.run(TC0811:27)
	at com.kms.katalon.core.main.ScriptEngine.run(ScriptEngine.java:194)
	at com.kms.katalon.core.main.ScriptEngine.runScriptAsRawText(ScriptEngine.java:119)
	at com.kms.katalon.core.main.TestCaseExecutor.runScript(TestCaseExecutor.java:336)
	at com.kms.katalon.core.main.TestCaseExecutor.doExecute(TestCaseExecutor.java:327)
	at com.kms.katalon.core.main.TestCaseExecutor.processExecutionPhase(TestCaseExecutor.java:306)
	at com.kms.katalon.core.main.TestCaseExecutor.accessMainPhase(TestCaseExecutor.java:298)
	at com.kms.katalon.core.main.TestCaseExecutor.execute(TestCaseExecutor.java:232)
	at com.kms.katalon.core.main.TestSuiteExecutor.accessTestCaseMainPhase(TestSuiteExecutor.java:129)
	at com.kms.katalon.core.main.TestSuiteExecutor.accessTestSuiteMainPhase(TestSuiteExecutor.java:112)
	at com.kms.katalon.core.main.TestSuiteExecutor.execute(TestSuiteExecutor.java:81)
	at com.kms.katalon.core.main.TestCaseMain.startTestSuite(TestCaseMain.java:157)
	at com.kms.katalon.core.main.TestCaseMain$startTestSuite$0.call(Unknown Source)
	at TempTestSuite1555795243480.run(TempTestSuite1555795243480.groovy:35)
Caused by: com.kms.katalon.core.webui.exception.WebElementNotFoundException: Web element with id: 'Object Repository/Page_KiboPush  Create Broadcast Tem/image_file' located by 'By.xpath: //*[@id="List1"]/div/div/div[3]/div/input' not found
	at com.kms.katalon.core.webui.common.WebUiCommonHelper.findWebElement(WebUiCommonHelper.java:1097)
	at com.kms.katalon.core.webui.keyword.internal.WebUIAbstractKeyword.findWebElement(WebUIAbstractKeyword.groovy:27)
	at com.kms.katalon.core.webui.keyword.internal.WebUIAbstractKeyword.findWebElement(WebUIAbstractKeyword.groovy:26)
	at com.kms.katalon.core.webui.keyword.builtin.UploadFileKeyword$_uploadFile_closure1.doCall(UploadFileKeyword.groovy:79)
	at com.kms.katalon.core.webui.keyword.builtin.UploadFileKeyword$_uploadFile_closure1.call(UploadFileKeyword.groovy)
	at com.kms.katalon.core.webui.keyword.internal.WebUIKeywordMain.runKeyword(WebUIKeywordMain.groovy:20)
	at com.kms.katalon.core.webui.keyword.builtin.UploadFileKeyword.uploadFile(UploadFileKeyword.groovy:87)
	at com.kms.katalon.core.webui.keyword.builtin.UploadFileKeyword.execute(UploadFileKeyword.groovy:68)
	at com.kms.katalon.core.keyword.internal.KeywordExecutor.executeKeywordForPlatform(KeywordExecutor.groovy:56)
	at com.kms.katalon.core.webui.keyword.WebUiBuiltInKeywords.uploadFile(WebUiBuiltInKeywords.groovy:2945)
	at com.kms.katalon.core.webui.keyword.WebUiBuiltInKeywords$uploadFile$8.call(Unknown Source)
	at Script1537084362969.run(Script1537084362969.groovy:27)
	... 13 more


2019-04-21 02:40:24 - [TEST_STEP][PASSED] - callTestCase(findTestCase("Template testcases/TC0809"), [:], STOP_ON_FAILURE): Call Test Case 'Test Cases/Template testcases/TC0809' successfully

2019-04-21 02:40:24 - [TEST_CASE][PASSED] - Test Cases/Template testcases/TC0809: Test Cases/Template testcases/TC0809

2019-04-21 02:40:24 - [TEST_STEP][PASSED] - callTestCase(findTestCase("Template testcases/TC0768"), [:], STOP_ON_FAILURE): Call Test Case 'Test Cases/Template testcases/TC0768' successfully

2019-04-21 02:40:24 - [TEST_CASE][PASSED] - Test Cases/Template testcases/TC0768: Test Cases/Template testcases/TC0768

2019-04-21 02:40:24 - [TEST_STEP][PASSED] - callTestCase(findTestCase("s-sidebar_navigation/individualAccount/Template"), [:], STOP_ON_FAILURE): Call Test Case 'Test Cases/s-sidebar_navigation/individualAccount/Template' successfully

2019-04-21 02:40:24 - [TEST_CASE][PASSED] - Test Cases/s-sidebar_navigation/individualAccount/Template: Test Cases/s-sidebar_navigation/individualAccount/Template

2019-04-21 02:40:24 - [TEST_STEP][PASSED] - click(findTestObject("Page_KiboPush  Dashboard/span_Broadcasts")): Object: 'Object Repository/Page_KiboPush  Dashboard/span_Broadcasts' is clicked on

2019-04-21 02:40:25 - [MESSAGE][PASSED] - Object: 'Object Repository/Page_KiboPush  Dashboard/span_Broadcasts' is clicked on

2019-04-21 02:40:25 - [TEST_STEP][PASSED] - delay(1): Delayed 1 second(s)

2019-04-21 02:40:26 - [MESSAGE][PASSED] - Delayed 1 second(s)

2019-04-21 02:40:26 - [TEST_STEP][PASSED] - click(findTestObject("Page_KiboPush  Dashboard/span_Templates")): Object: 'Object Repository/Page_KiboPush  Dashboard/span_Templates' is clicked on

2019-04-21 02:40:26 - [MESSAGE][PASSED] - Object: 'Object Repository/Page_KiboPush  Dashboard/span_Templates' is clicked on

2019-04-21 02:40:26 - [TEST_STEP][PASSED] - delay(3): Delayed 3 second(s)

2019-04-21 02:40:29 - [MESSAGE][PASSED] - Delayed 3 second(s)

2019-04-21 02:40:29 - [TEST_STEP][PASSED] - scrollToPosition(0, 0): Browser is scrolled to position x = 0, y = 0

2019-04-21 02:40:29 - [MESSAGE][PASSED] - Browser is scrolled to position x = 0, y = 0

2019-04-21 02:40:29 - [TEST_STEP][PASSED] - click(findTestObject("Object Repository/Page_KiboEngage  Templates/h3_Templates")): Object: 'Object Repository/Page_KiboEngage  Templates/h3_Templates' is clicked on

2019-04-21 02:40:29 - [MESSAGE][PASSED] - Object: 'Object Repository/Page_KiboEngage  Templates/h3_Templates' is clicked on

2019-04-21 02:40:29 - [TEST_STEP][PASSED] - delay(3): Delayed 3 second(s)

2019-04-21 02:40:32 - [MESSAGE][PASSED] - Delayed 3 second(s)

2019-04-21 02:40:32 - [MESSAGE][PASSED] - Call Test Case 'Test Cases/s-sidebar_navigation/individualAccount/Template' successfully

2019-04-21 02:40:32 - [TEST_STEP][PASSED] - click(findTestObject("Object Repository/Page_KiboPush  Dashboard/button_Create New")): Object: 'Object Repository/Page_KiboPush  Dashboard/button_Create New' is clicked on

2019-04-21 02:40:32 - [MESSAGE][PASSED] - Object: 'Object Repository/Page_KiboPush  Dashboard/button_Create New' is clicked on

2019-04-21 02:40:32 - [TEST_STEP][PASSED] - click(findTestObject("Object Repository/Page_KiboPush  Create Broadcast Tem/h3_Create Broadcast Template")): Object: 'Object Repository/Page_KiboPush  Create Broadcast Tem/h3_Create Broadcast Template' is clicked on

2019-04-21 02:40:32 - [MESSAGE][PASSED] - Object: 'Object Repository/Page_KiboPush  Create Broadcast Tem/h3_Create Broadcast Template' is clicked on

2019-04-21 02:40:32 - [MESSAGE][PASSED] - Call Test Case 'Test Cases/Template testcases/TC0768' successfully

2019-04-21 02:40:32 - [TEST_STEP][PASSED] - click(findTestObject("Page_KiboPush  Create Broadcast Tem/h6_File (2)")): Object: 'Object Repository/Page_KiboPush  Create Broadcast Tem/h6_File (2)' is clicked on

2019-04-21 02:40:33 - [MESSAGE][PASSED] - Object: 'Object Repository/Page_KiboPush  Create Broadcast Tem/h6_File (2)' is clicked on

2019-04-21 02:40:33 - [TEST_STEP][PASSED] - click(findTestObject("Object Repository/Page_KiboEngage  Create Broadcast Template/div_New file component added")): Object: 'Object Repository/Page_KiboEngage  Create Broadcast Template/div_New file component added' is clicked on

2019-04-21 02:40:33 - [MESSAGE][PASSED] - Object: 'Object Repository/Page_KiboEngage  Create Broadcast Template/div_New file component added' is clicked on

2019-04-21 02:40:33 - [MESSAGE][PASSED] - Call Test Case 'Test Cases/Template testcases/TC0809' successfully

2019-04-21 02:40:33 - [TEST_STEP][PASSED] - img = getProjectDir() + "/sample.jpg": null

2019-04-21 02:40:33 - [TEST_STEP][FAILED] - uploadFile(findTestObject("Page_KiboPush  Create Broadcast Tem/image_file"), img): Unable to upload file '/home/faizan/Drive/KiboPush_Automated_Testing/KiboPush Katalon/sample.jpg' to object 'Object Repository/Page_KiboPush  Create Broadcast Tem/image_file' (Root cause: com.kms.katalon.core.exception.StepFailedException: Unable to upload file '/home/faizan/Drive/KiboPush_Automated_Testing/KiboPush Katalon/sample.jpg' to object 'Object Repository/Page_KiboPush  Create Broadcast Tem/image_file'
	at com.kms.katalon.core.webui.keyword.internal.WebUIKeywordMain.stepFailed(WebUIKeywordMain.groovy:64)
	at com.kms.katalon.core.webui.keyword.internal.WebUIKeywordMain.runKeyword(WebUIKeywordMain.groovy:26)
	at com.kms.katalon.core.webui.keyword.builtin.UploadFileKeyword.uploadFile(UploadFileKeyword.groovy:87)
	at com.kms.katalon.core.webui.keyword.builtin.UploadFileKeyword.execute(UploadFileKeyword.groovy:68)
	at com.kms.katalon.core.keyword.internal.KeywordExecutor.executeKeywordForPlatform(KeywordExecutor.groovy:56)
	at com.kms.katalon.core.webui.keyword.WebUiBuiltInKeywords.uploadFile(WebUiBuiltInKeywords.groovy:2945)
	at com.kms.katalon.core.webui.keyword.WebUiBuiltInKeywords$uploadFile$8.call(Unknown Source)
	at TC0811.run(TC0811:27)
	at com.kms.katalon.core.main.ScriptEngine.run(ScriptEngine.java:194)
	at com.kms.katalon.core.main.ScriptEngine.runScriptAsRawText(ScriptEngine.java:119)
	at com.kms.katalon.core.main.TestCaseExecutor.runScript(TestCaseExecutor.java:336)
	at com.kms.katalon.core.main.TestCaseExecutor.doExecute(TestCaseExecutor.java:327)
	at com.kms.katalon.core.main.TestCaseExecutor.processExecutionPhase(TestCaseExecutor.java:306)
	at com.kms.katalon.core.main.TestCaseExecutor.accessMainPhase(TestCaseExecutor.java:298)
	at com.kms.katalon.core.main.TestCaseExecutor.execute(TestCaseExecutor.java:232)
	at com.kms.katalon.core.main.TestSuiteExecutor.accessTestCaseMainPhase(TestSuiteExecutor.java:129)
	at com.kms.katalon.core.main.TestSuiteExecutor.accessTestSuiteMainPhase(TestSuiteExecutor.java:112)
	at com.kms.katalon.core.main.TestSuiteExecutor.execute(TestSuiteExecutor.java:81)
	at com.kms.katalon.core.main.TestCaseMain.startTestSuite(TestCaseMain.java:157)
	at com.kms.katalon.core.main.TestCaseMain$startTestSuite$0.call(Unknown Source)
	at TempTestSuite1555795243480.run(TempTestSuite1555795243480.groovy:35)
Caused by: com.kms.katalon.core.webui.exception.WebElementNotFoundException: Web element with id: 'Object Repository/Page_KiboPush  Create Broadcast Tem/image_file' located by 'By.xpath: //*[@id="List1"]/div/div/div[3]/div/input' not found
	at com.kms.katalon.core.webui.common.WebUiCommonHelper.findWebElement(WebUiCommonHelper.java:1097)
	at com.kms.katalon.core.webui.keyword.internal.WebUIAbstractKeyword.findWebElement(WebUIAbstractKeyword.groovy:27)
	at com.kms.katalon.core.webui.keyword.internal.WebUIAbstractKeyword.findWebElement(WebUIAbstractKeyword.groovy:26)
	at com.kms.katalon.core.webui.keyword.builtin.UploadFileKeyword$_uploadFile_closure1.doCall(UploadFileKeyword.groovy:79)
	at com.kms.katalon.core.webui.keyword.builtin.UploadFileKeyword$_uploadFile_closure1.call(UploadFileKeyword.groovy)
	at com.kms.katalon.core.webui.keyword.internal.WebUIKeywordMain.runKeyword(WebUIKeywordMain.groovy:20)
	at com.kms.katalon.core.webui.keyword.builtin.UploadFileKeyword.uploadFile(UploadFileKeyword.groovy:87)
	at com.kms.katalon.core.webui.keyword.builtin.UploadFileKeyword.execute(UploadFileKeyword.groovy:68)
	at com.kms.katalon.core.keyword.internal.KeywordExecutor.executeKeywordForPlatform(KeywordExecutor.groovy:56)
	at com.kms.katalon.core.webui.keyword.WebUiBuiltInKeywords.uploadFile(WebUiBuiltInKeywords.groovy:2945)
	at com.kms.katalon.core.webui.keyword.WebUiBuiltInKeywords$uploadFile$8.call(Unknown Source)
	at Script1537084362969.run(Script1537084362969.groovy:27)
	... 13 more
)

2019-04-21 02:41:04 - [MESSAGE][INFO] - Unable to find the element located by 'By.xpath: //*[@id="List1"]/div/div/div[3]/div/input'. Please recheck the objects properties to make sure the desired element is located. 

2019-04-21 02:41:04 - [MESSAGE][FAILED] - Unable to upload file '/home/faizan/Drive/KiboPush_Automated_Testing/KiboPush Katalon/sample.jpg' to object 'Object Repository/Page_KiboPush  Create Broadcast Tem/image_file' (Root cause: com.kms.katalon.core.exception.StepFailedException: Unable to upload file '/home/faizan/Drive/KiboPush_Automated_Testing/KiboPush Katalon/sample.jpg' to object 'Object Repository/Page_KiboPush  Create Broadcast Tem/image_file'
	at com.kms.katalon.core.webui.keyword.internal.WebUIKeywordMain.stepFailed(WebUIKeywordMain.groovy:64)
	at com.kms.katalon.core.webui.keyword.internal.WebUIKeywordMain.runKeyword(WebUIKeywordMain.groovy:26)
	at com.kms.katalon.core.webui.keyword.builtin.UploadFileKeyword.uploadFile(UploadFileKeyword.groovy:87)
	at com.kms.katalon.core.webui.keyword.builtin.UploadFileKeyword.execute(UploadFileKeyword.groovy:68)
	at com.kms.katalon.core.keyword.internal.KeywordExecutor.executeKeywordForPlatform(KeywordExecutor.groovy:56)
	at com.kms.katalon.core.webui.keyword.WebUiBuiltInKeywords.uploadFile(WebUiBuiltInKeywords.groovy:2945)
	at com.kms.katalon.core.webui.keyword.WebUiBuiltInKeywords$uploadFile$8.call(Unknown Source)
	at TC0811.run(TC0811:27)
	at com.kms.katalon.core.main.ScriptEngine.run(ScriptEngine.java:194)
	at com.kms.katalon.core.main.ScriptEngine.runScriptAsRawText(ScriptEngine.java:119)
	at com.kms.katalon.core.main.TestCaseExecutor.runScript(TestCaseExecutor.java:336)
	at com.kms.katalon.core.main.TestCaseExecutor.doExecute(TestCaseExecutor.java:327)
	at com.kms.katalon.core.main.TestCaseExecutor.processExecutionPhase(TestCaseExecutor.java:306)
	at com.kms.katalon.core.main.TestCaseExecutor.accessMainPhase(TestCaseExecutor.java:298)
	at com.kms.katalon.core.main.TestCaseExecutor.execute(TestCaseExecutor.java:232)
	at com.kms.katalon.core.main.TestSuiteExecutor.accessTestCaseMainPhase(TestSuiteExecutor.java:129)
	at com.kms.katalon.core.main.TestSuiteExecutor.accessTestSuiteMainPhase(TestSuiteExecutor.java:112)
	at com.kms.katalon.core.main.TestSuiteExecutor.execute(TestSuiteExecutor.java:81)
	at com.kms.katalon.core.main.TestCaseMain.startTestSuite(TestCaseMain.java:157)
	at com.kms.katalon.core.main.TestCaseMain$startTestSuite$0.call(Unknown Source)
	at TempTestSuite1555795243480.run(TempTestSuite1555795243480.groovy:35)
Caused by: com.kms.katalon.core.webui.exception.WebElementNotFoundException: Web element with id: 'Object Repository/Page_KiboPush  Create Broadcast Tem/image_file' located by 'By.xpath: //*[@id="List1"]/div/div/div[3]/div/input' not found
	at com.kms.katalon.core.webui.common.WebUiCommonHelper.findWebElement(WebUiCommonHelper.java:1097)
	at com.kms.katalon.core.webui.keyword.internal.WebUIAbstractKeyword.findWebElement(WebUIAbstractKeyword.groovy:27)
	at com.kms.katalon.core.webui.keyword.internal.WebUIAbstractKeyword.findWebElement(WebUIAbstractKeyword.groovy:26)
	at com.kms.katalon.core.webui.keyword.builtin.UploadFileKeyword$_uploadFile_closure1.doCall(UploadFileKeyword.groovy:79)
	at com.kms.katalon.core.webui.keyword.builtin.UploadFileKeyword$_uploadFile_closure1.call(UploadFileKeyword.groovy)
	at com.kms.katalon.core.webui.keyword.internal.WebUIKeywordMain.runKeyword(WebUIKeywordMain.groovy:20)
	at com.kms.katalon.core.webui.keyword.builtin.UploadFileKeyword.uploadFile(UploadFileKeyword.groovy:87)
	at com.kms.katalon.core.webui.keyword.builtin.UploadFileKeyword.execute(UploadFileKeyword.groovy:68)
	at com.kms.katalon.core.keyword.internal.KeywordExecutor.executeKeywordForPlatform(KeywordExecutor.groovy:56)
	at com.kms.katalon.core.webui.keyword.WebUiBuiltInKeywords.uploadFile(WebUiBuiltInKeywords.groovy:2945)
	at com.kms.katalon.core.webui.keyword.WebUiBuiltInKeywords$uploadFile$8.call(Unknown Source)
	at Script1537084362969.run(Script1537084362969.groovy:27)
	... 13 more
)
[[ATTACHMENT|/home/faizan/Drive/KiboPush_Automated_Testing/KiboPush Katalon/Reports/Faizan Suits/Template/20190421_022043/1555796464265.png]]]]></system-out>
         <system-err><![CDATA[2019-04-21 02:40:24 - [TEST_CASE][FAILED] - Test Cases/Template testcases/TC0811: Test Cases/Template testcases/TC0811 FAILED.
Reason:
com.kms.katalon.core.exception.StepFailedException: Unable to upload file '/home/faizan/Drive/KiboPush_Automated_Testing/KiboPush Katalon/sample.jpg' to object 'Object Repository/Page_KiboPush  Create Broadcast Tem/image_file'
	at com.kms.katalon.core.webui.keyword.internal.WebUIKeywordMain.stepFailed(WebUIKeywordMain.groovy:64)
	at com.kms.katalon.core.webui.keyword.internal.WebUIKeywordMain.runKeyword(WebUIKeywordMain.groovy:26)
	at com.kms.katalon.core.webui.keyword.builtin.UploadFileKeyword.uploadFile(UploadFileKeyword.groovy:87)
	at com.kms.katalon.core.webui.keyword.builtin.UploadFileKeyword.execute(UploadFileKeyword.groovy:68)
	at com.kms.katalon.core.keyword.internal.KeywordExecutor.executeKeywordForPlatform(KeywordExecutor.groovy:56)
	at com.kms.katalon.core.webui.keyword.WebUiBuiltInKeywords.uploadFile(WebUiBuiltInKeywords.groovy:2945)
	at com.kms.katalon.core.webui.keyword.WebUiBuiltInKeywords$uploadFile$8.call(Unknown Source)
	at TC0811.run(TC0811:27)
	at com.kms.katalon.core.main.ScriptEngine.run(ScriptEngine.java:194)
	at com.kms.katalon.core.main.ScriptEngine.runScriptAsRawText(ScriptEngine.java:119)
	at com.kms.katalon.core.main.TestCaseExecutor.runScript(TestCaseExecutor.java:336)
	at com.kms.katalon.core.main.TestCaseExecutor.doExecute(TestCaseExecutor.java:327)
	at com.kms.katalon.core.main.TestCaseExecutor.processExecutionPhase(TestCaseExecutor.java:306)
	at com.kms.katalon.core.main.TestCaseExecutor.accessMainPhase(TestCaseExecutor.java:298)
	at com.kms.katalon.core.main.TestCaseExecutor.execute(TestCaseExecutor.java:232)
	at com.kms.katalon.core.main.TestSuiteExecutor.accessTestCaseMainPhase(TestSuiteExecutor.java:129)
	at com.kms.katalon.core.main.TestSuiteExecutor.accessTestSuiteMainPhase(TestSuiteExecutor.java:112)
	at com.kms.katalon.core.main.TestSuiteExecutor.execute(TestSuiteExecutor.java:81)
	at com.kms.katalon.core.main.TestCaseMain.startTestSuite(TestCaseMain.java:157)
	at com.kms.katalon.core.main.TestCaseMain$startTestSuite$0.call(Unknown Source)
	at TempTestSuite1555795243480.run(TempTestSuite1555795243480.groovy:35)
Caused by: com.kms.katalon.core.webui.exception.WebElementNotFoundException: Web element with id: 'Object Repository/Page_KiboPush  Create Broadcast Tem/image_file' located by 'By.xpath: //*[@id="List1"]/div/div/div[3]/div/input' not found
	at com.kms.katalon.core.webui.common.WebUiCommonHelper.findWebElement(WebUiCommonHelper.java:1097)
	at com.kms.katalon.core.webui.keyword.internal.WebUIAbstractKeyword.findWebElement(WebUIAbstractKeyword.groovy:27)
	at com.kms.katalon.core.webui.keyword.internal.WebUIAbstractKeyword.findWebElement(WebUIAbstractKeyword.groovy:26)
	at com.kms.katalon.core.webui.keyword.builtin.UploadFileKeyword$_uploadFile_closure1.doCall(UploadFileKeyword.groovy:79)
	at com.kms.katalon.core.webui.keyword.builtin.UploadFileKeyword$_uploadFile_closure1.call(UploadFileKeyword.groovy)
	at com.kms.katalon.core.webui.keyword.internal.WebUIKeywordMain.runKeyword(WebUIKeywordMain.groovy:20)
	at com.kms.katalon.core.webui.keyword.builtin.UploadFileKeyword.uploadFile(UploadFileKeyword.groovy:87)
	at com.kms.katalon.core.webui.keyword.builtin.UploadFileKeyword.execute(UploadFileKeyword.groovy:68)
	at com.kms.katalon.core.keyword.internal.KeywordExecutor.executeKeywordForPlatform(KeywordExecutor.groovy:56)
	at com.kms.katalon.core.webui.keyword.WebUiBuiltInKeywords.uploadFile(WebUiBuiltInKeywords.groovy:2945)
	at com.kms.katalon.core.webui.keyword.WebUiBuiltInKeywords$uploadFile$8.call(Unknown Source)
	at Script1537084362969.run(Script1537084362969.groovy:27)
	... 13 more]]></system-err>
      </testcase>
      <testcase name="Test Cases/Template testcases/TC0812" classname="Test Cases/Template testcases/TC0812" status="FAILED">
         <failure type="FAILED" message="Test Cases/Template testcases/TC0812 FAILED.
Reason:
com.kms.katalon.core.exception.StepFailedException: Call Test Case 'Test Cases/Template testcases/TC0811' failed
	at com.kms.katalon.core.keyword.builtin.CallTestCaseKeyword$_callTestCase_closure1.doCall(CallTestCaseKeyword.groovy:63)
	at com.kms.katalon.core.keyword.builtin.CallTestCaseKeyword$_callTestCase_closure1.call(CallTestCaseKeyword.groovy)
	at com.kms.katalon.core.keyword.internal.KeywordMain.runKeyword(KeywordMain.groovy:66)
	at com.kms.katalon.core.keyword.builtin.CallTestCaseKeyword.callTestCase(CallTestCaseKeyword.groovy:81)
	at com.kms.katalon.core.keyword.builtin.CallTestCaseKeyword.execute(CallTestCaseKeyword.groovy:44)
	at com.kms.katalon.core.keyword.internal.KeywordExecutor.executeKeywordForPlatform(KeywordExecutor.groovy:56)
	at com.kms.katalon.core.keyword.BuiltinKeywords.callTestCase(BuiltinKeywords.groovy:334)
	at TC0812.run(TC0812:22)
	at com.kms.katalon.core.main.ScriptEngine.run(ScriptEngine.java:194)
	at com.kms.katalon.core.main.ScriptEngine.runScriptAsRawText(ScriptEngine.java:119)
	at com.kms.katalon.core.main.TestCaseExecutor.runScript(TestCaseExecutor.java:336)
	at com.kms.katalon.core.main.TestCaseExecutor.doExecute(TestCaseExecutor.java:327)
	at com.kms.katalon.core.main.TestCaseExecutor.processExecutionPhase(TestCaseExecutor.java:306)
	at com.kms.katalon.core.main.TestCaseExecutor.accessMainPhase(TestCaseExecutor.java:298)
	at com.kms.katalon.core.main.TestCaseExecutor.execute(TestCaseExecutor.java:232)
	at com.kms.katalon.core.main.TestSuiteExecutor.accessTestCaseMainPhase(TestSuiteExecutor.java:129)
	at com.kms.katalon.core.main.TestSuiteExecutor.accessTestSuiteMainPhase(TestSuiteExecutor.java:112)
	at com.kms.katalon.core.main.TestSuiteExecutor.execute(TestSuiteExecutor.java:81)
	at com.kms.katalon.core.main.TestCaseMain.startTestSuite(TestCaseMain.java:157)
	at com.kms.katalon.core.main.TestCaseMain$startTestSuite$0.call(Unknown Source)
	at TempTestSuite1555795243480.run(TempTestSuite1555795243480.groovy:35)
Caused by: com.kms.katalon.core.exception.StepFailedException: Unable to upload file '/home/faizan/Drive/KiboPush_Automated_Testing/KiboPush Katalon/sample.jpg' to object 'Object Repository/Page_KiboPush  Create Broadcast Tem/image_file'
	at com.kms.katalon.core.webui.keyword.internal.WebUIKeywordMain.stepFailed(WebUIKeywordMain.groovy:64)
	at com.kms.katalon.core.webui.keyword.internal.WebUIKeywordMain.runKeyword(WebUIKeywordMain.groovy:26)
	at com.kms.katalon.core.webui.keyword.builtin.UploadFileKeyword.uploadFile(UploadFileKeyword.groovy:87)
	at com.kms.katalon.core.webui.keyword.builtin.UploadFileKeyword.execute(UploadFileKeyword.groovy:68)
	at com.kms.katalon.core.keyword.internal.KeywordExecutor.executeKeywordForPlatform(KeywordExecutor.groovy:56)
	at com.kms.katalon.core.webui.keyword.WebUiBuiltInKeywords.uploadFile(WebUiBuiltInKeywords.groovy:2945)
	at com.kms.katalon.core.webui.keyword.WebUiBuiltInKeywords$uploadFile$8.call(Unknown Source)
	at TC0811.run(TC0811:27)
	at com.kms.katalon.core.main.ScriptEngine.run(ScriptEngine.java:194)
	at com.kms.katalon.core.main.ScriptEngine.runScriptAsRawText(ScriptEngine.java:119)
	at com.kms.katalon.core.main.TestCaseExecutor.runScript(TestCaseExecutor.java:336)
	at com.kms.katalon.core.main.TestCaseExecutor.doExecute(TestCaseExecutor.java:327)
	at com.kms.katalon.core.main.TestCaseExecutor.processExecutionPhase(TestCaseExecutor.java:306)
	at com.kms.katalon.core.main.TestCaseExecutor.accessMainPhase(TestCaseExecutor.java:298)
	at com.kms.katalon.core.main.TestCaseExecutor.execute(TestCaseExecutor.java:232)
	at com.kms.katalon.core.main.TestCaseMain.runTestCase(TestCaseMain.java:114)
	at com.kms.katalon.core.keyword.builtin.CallTestCaseKeyword$_callTestCase_closure1.doCall(CallTestCaseKeyword.groovy:59)
	... 20 more
Caused by: com.kms.katalon.core.webui.exception.WebElementNotFoundException: Web element with id: 'Object Repository/Page_KiboPush  Create Broadcast Tem/image_file' located by 'By.xpath: //*[@id=&quot;List1&quot;]/div/div/div[3]/div/input' not found
	at com.kms.katalon.core.webui.common.WebUiCommonHelper.findWebElement(WebUiCommonHelper.java:1097)
	at com.kms.katalon.core.webui.keyword.internal.WebUIAbstractKeyword.findWebElement(WebUIAbstractKeyword.groovy:27)
	at com.kms.katalon.core.webui.keyword.internal.WebUIAbstractKeyword.findWebElement(WebUIAbstractKeyword.groovy:26)
	at com.kms.katalon.core.webui.keyword.builtin.UploadFileKeyword$_uploadFile_closure1.doCall(UploadFileKeyword.groovy:79)
	at com.kms.katalon.core.webui.keyword.builtin.UploadFileKeyword$_uploadFile_closure1.call(UploadFileKeyword.groovy)
	at com.kms.katalon.core.webui.keyword.internal.WebUIKeywordMain.runKeyword(WebUIKeywordMain.groovy:20)
	at com.kms.katalon.core.webui.keyword.builtin.UploadFileKeyword.uploadFile(UploadFileKeyword.groovy:87)
	at com.kms.katalon.core.webui.keyword.builtin.UploadFileKeyword.execute(UploadFileKeyword.groovy:68)
	at com.kms.katalon.core.keyword.internal.KeywordExecutor.executeKeywordForPlatform(KeywordExecutor.groovy:56)
	at com.kms.katalon.core.webui.keyword.WebUiBuiltInKeywords.uploadFile(WebUiBuiltInKeywords.groovy:2945)
	at com.kms.katalon.core.webui.keyword.WebUiBuiltInKeywords$uploadFile$8.call(Unknown Source)
	at Script1537084362969.run(Script1537084362969.groovy:27)
	at com.kms.katalon.core.main.ScriptEngine.run(ScriptEngine.java:194)
	at com.kms.katalon.core.main.ScriptEngine.runScriptAsRawText(ScriptEngine.java:119)
	at com.kms.katalon.core.main.TestCaseExecutor.runScript(TestCaseExecutor.java:336)
	at com.kms.katalon.core.main.TestCaseExecutor.doExecute(TestCaseExecutor.java:327)
	at com.kms.katalon.core.main.TestCaseExecutor.processExecutionPhase(TestCaseExecutor.java:306)
	at com.kms.katalon.core.main.TestCaseExecutor.accessMainPhase(TestCaseExecutor.java:298)
	at com.kms.katalon.core.main.TestCaseExecutor.execute(TestCaseExecutor.java:232)
	at com.kms.katalon.core.main.TestCaseMain.runTestCase(TestCaseMain.java:114)
	at com.kms.katalon.core.keyword.builtin.CallTestCaseKeyword$_callTestCase_closure1.doCall(CallTestCaseKeyword.groovy:59)
	at com.kms.katalon.core.keyword.builtin.CallTestCaseKeyword$_callTestCase_closure1.call(CallTestCaseKeyword.groovy)
	at com.kms.katalon.core.keyword.internal.KeywordMain.runKeyword(KeywordMain.groovy:66)
	at com.kms.katalon.core.keyword.builtin.CallTestCaseKeyword.callTestCase(CallTestCaseKeyword.groovy:81)
	at com.kms.katalon.core.keyword.builtin.CallTestCaseKeyword.execute(CallTestCaseKeyword.groovy:44)
	at com.kms.katalon.core.keyword.internal.KeywordExecutor.executeKeywordForPlatform(KeywordExecutor.groovy:56)
	at com.kms.katalon.core.keyword.BuiltinKeywords.callTestCase(BuiltinKeywords.groovy:334)
	at Script1537084607957.run(Script1537084607957.groovy:22)
	... 13 more
"/>
         <system-out><![CDATA[2019-04-21 02:41:04 - [TEST_CASE][FAILED] - Test Cases/Template testcases/TC0812: Test Cases/Template testcases/TC0812 FAILED.
Reason:
com.kms.katalon.core.exception.StepFailedException: Call Test Case 'Test Cases/Template testcases/TC0811' failed
	at com.kms.katalon.core.keyword.builtin.CallTestCaseKeyword$_callTestCase_closure1.doCall(CallTestCaseKeyword.groovy:63)
	at com.kms.katalon.core.keyword.builtin.CallTestCaseKeyword$_callTestCase_closure1.call(CallTestCaseKeyword.groovy)
	at com.kms.katalon.core.keyword.internal.KeywordMain.runKeyword(KeywordMain.groovy:66)
	at com.kms.katalon.core.keyword.builtin.CallTestCaseKeyword.callTestCase(CallTestCaseKeyword.groovy:81)
	at com.kms.katalon.core.keyword.builtin.CallTestCaseKeyword.execute(CallTestCaseKeyword.groovy:44)
	at com.kms.katalon.core.keyword.internal.KeywordExecutor.executeKeywordForPlatform(KeywordExecutor.groovy:56)
	at com.kms.katalon.core.keyword.BuiltinKeywords.callTestCase(BuiltinKeywords.groovy:334)
	at TC0812.run(TC0812:22)
	at com.kms.katalon.core.main.ScriptEngine.run(ScriptEngine.java:194)
	at com.kms.katalon.core.main.ScriptEngine.runScriptAsRawText(ScriptEngine.java:119)
	at com.kms.katalon.core.main.TestCaseExecutor.runScript(TestCaseExecutor.java:336)
	at com.kms.katalon.core.main.TestCaseExecutor.doExecute(TestCaseExecutor.java:327)
	at com.kms.katalon.core.main.TestCaseExecutor.processExecutionPhase(TestCaseExecutor.java:306)
	at com.kms.katalon.core.main.TestCaseExecutor.accessMainPhase(TestCaseExecutor.java:298)
	at com.kms.katalon.core.main.TestCaseExecutor.execute(TestCaseExecutor.java:232)
	at com.kms.katalon.core.main.TestSuiteExecutor.accessTestCaseMainPhase(TestSuiteExecutor.java:129)
	at com.kms.katalon.core.main.TestSuiteExecutor.accessTestSuiteMainPhase(TestSuiteExecutor.java:112)
	at com.kms.katalon.core.main.TestSuiteExecutor.execute(TestSuiteExecutor.java:81)
	at com.kms.katalon.core.main.TestCaseMain.startTestSuite(TestCaseMain.java:157)
	at com.kms.katalon.core.main.TestCaseMain$startTestSuite$0.call(Unknown Source)
	at TempTestSuite1555795243480.run(TempTestSuite1555795243480.groovy:35)
Caused by: com.kms.katalon.core.exception.StepFailedException: Unable to upload file '/home/faizan/Drive/KiboPush_Automated_Testing/KiboPush Katalon/sample.jpg' to object 'Object Repository/Page_KiboPush  Create Broadcast Tem/image_file'
	at com.kms.katalon.core.webui.keyword.internal.WebUIKeywordMain.stepFailed(WebUIKeywordMain.groovy:64)
	at com.kms.katalon.core.webui.keyword.internal.WebUIKeywordMain.runKeyword(WebUIKeywordMain.groovy:26)
	at com.kms.katalon.core.webui.keyword.builtin.UploadFileKeyword.uploadFile(UploadFileKeyword.groovy:87)
	at com.kms.katalon.core.webui.keyword.builtin.UploadFileKeyword.execute(UploadFileKeyword.groovy:68)
	at com.kms.katalon.core.keyword.internal.KeywordExecutor.executeKeywordForPlatform(KeywordExecutor.groovy:56)
	at com.kms.katalon.core.webui.keyword.WebUiBuiltInKeywords.uploadFile(WebUiBuiltInKeywords.groovy:2945)
	at com.kms.katalon.core.webui.keyword.WebUiBuiltInKeywords$uploadFile$8.call(Unknown Source)
	at TC0811.run(TC0811:27)
	at com.kms.katalon.core.main.ScriptEngine.run(ScriptEngine.java:194)
	at com.kms.katalon.core.main.ScriptEngine.runScriptAsRawText(ScriptEngine.java:119)
	at com.kms.katalon.core.main.TestCaseExecutor.runScript(TestCaseExecutor.java:336)
	at com.kms.katalon.core.main.TestCaseExecutor.doExecute(TestCaseExecutor.java:327)
	at com.kms.katalon.core.main.TestCaseExecutor.processExecutionPhase(TestCaseExecutor.java:306)
	at com.kms.katalon.core.main.TestCaseExecutor.accessMainPhase(TestCaseExecutor.java:298)
	at com.kms.katalon.core.main.TestCaseExecutor.execute(TestCaseExecutor.java:232)
	at com.kms.katalon.core.main.TestCaseMain.runTestCase(TestCaseMain.java:114)
	at com.kms.katalon.core.keyword.builtin.CallTestCaseKeyword$_callTestCase_closure1.doCall(CallTestCaseKeyword.groovy:59)
	... 20 more
Caused by: com.kms.katalon.core.webui.exception.WebElementNotFoundException: Web element with id: 'Object Repository/Page_KiboPush  Create Broadcast Tem/image_file' located by 'By.xpath: //*[@id="List1"]/div/div/div[3]/div/input' not found
	at com.kms.katalon.core.webui.common.WebUiCommonHelper.findWebElement(WebUiCommonHelper.java:1097)
	at com.kms.katalon.core.webui.keyword.internal.WebUIAbstractKeyword.findWebElement(WebUIAbstractKeyword.groovy:27)
	at com.kms.katalon.core.webui.keyword.internal.WebUIAbstractKeyword.findWebElement(WebUIAbstractKeyword.groovy:26)
	at com.kms.katalon.core.webui.keyword.builtin.UploadFileKeyword$_uploadFile_closure1.doCall(UploadFileKeyword.groovy:79)
	at com.kms.katalon.core.webui.keyword.builtin.UploadFileKeyword$_uploadFile_closure1.call(UploadFileKeyword.groovy)
	at com.kms.katalon.core.webui.keyword.internal.WebUIKeywordMain.runKeyword(WebUIKeywordMain.groovy:20)
	at com.kms.katalon.core.webui.keyword.builtin.UploadFileKeyword.uploadFile(UploadFileKeyword.groovy:87)
	at com.kms.katalon.core.webui.keyword.builtin.UploadFileKeyword.execute(UploadFileKeyword.groovy:68)
	at com.kms.katalon.core.keyword.internal.KeywordExecutor.executeKeywordForPlatform(KeywordExecutor.groovy:56)
	at com.kms.katalon.core.webui.keyword.WebUiBuiltInKeywords.uploadFile(WebUiBuiltInKeywords.groovy:2945)
	at com.kms.katalon.core.webui.keyword.WebUiBuiltInKeywords$uploadFile$8.call(Unknown Source)
	at Script1537084362969.run(Script1537084362969.groovy:27)
	at com.kms.katalon.core.main.ScriptEngine.run(ScriptEngine.java:194)
	at com.kms.katalon.core.main.ScriptEngine.runScriptAsRawText(ScriptEngine.java:119)
	at com.kms.katalon.core.main.TestCaseExecutor.runScript(TestCaseExecutor.java:336)
	at com.kms.katalon.core.main.TestCaseExecutor.doExecute(TestCaseExecutor.java:327)
	at com.kms.katalon.core.main.TestCaseExecutor.processExecutionPhase(TestCaseExecutor.java:306)
	at com.kms.katalon.core.main.TestCaseExecutor.accessMainPhase(TestCaseExecutor.java:298)
	at com.kms.katalon.core.main.TestCaseExecutor.execute(TestCaseExecutor.java:232)
	at com.kms.katalon.core.main.TestCaseMain.runTestCase(TestCaseMain.java:114)
	at com.kms.katalon.core.keyword.builtin.CallTestCaseKeyword$_callTestCase_closure1.doCall(CallTestCaseKeyword.groovy:59)
	at com.kms.katalon.core.keyword.builtin.CallTestCaseKeyword$_callTestCase_closure1.call(CallTestCaseKeyword.groovy)
	at com.kms.katalon.core.keyword.internal.KeywordMain.runKeyword(KeywordMain.groovy:66)
	at com.kms.katalon.core.keyword.builtin.CallTestCaseKeyword.callTestCase(CallTestCaseKeyword.groovy:81)
	at com.kms.katalon.core.keyword.builtin.CallTestCaseKeyword.execute(CallTestCaseKeyword.groovy:44)
	at com.kms.katalon.core.keyword.internal.KeywordExecutor.executeKeywordForPlatform(KeywordExecutor.groovy:56)
	at com.kms.katalon.core.keyword.BuiltinKeywords.callTestCase(BuiltinKeywords.groovy:334)
	at Script1537084607957.run(Script1537084607957.groovy:22)
	... 13 more


2019-04-21 02:41:04 - [TEST_STEP][FAILED] - callTestCase(findTestCase("Template testcases/TC0811"), [:], STOP_ON_FAILURE): Unable to call Test Case 'Test Cases/Template testcases/TC0811' (Root cause: com.kms.katalon.core.exception.StepFailedException: Call Test Case 'Test Cases/Template testcases/TC0811' failed
	at com.kms.katalon.core.keyword.builtin.CallTestCaseKeyword$_callTestCase_closure1.doCall(CallTestCaseKeyword.groovy:63)
	at com.kms.katalon.core.keyword.builtin.CallTestCaseKeyword$_callTestCase_closure1.call(CallTestCaseKeyword.groovy)
	at com.kms.katalon.core.keyword.internal.KeywordMain.runKeyword(KeywordMain.groovy:66)
	at com.kms.katalon.core.keyword.builtin.CallTestCaseKeyword.callTestCase(CallTestCaseKeyword.groovy:81)
	at com.kms.katalon.core.keyword.builtin.CallTestCaseKeyword.execute(CallTestCaseKeyword.groovy:44)
	at com.kms.katalon.core.keyword.internal.KeywordExecutor.executeKeywordForPlatform(KeywordExecutor.groovy:56)
	at com.kms.katalon.core.keyword.BuiltinKeywords.callTestCase(BuiltinKeywords.groovy:334)
	at TC0812.run(TC0812:22)
	at com.kms.katalon.core.main.ScriptEngine.run(ScriptEngine.java:194)
	at com.kms.katalon.core.main.ScriptEngine.runScriptAsRawText(ScriptEngine.java:119)
	at com.kms.katalon.core.main.TestCaseExecutor.runScript(TestCaseExecutor.java:336)
	at com.kms.katalon.core.main.TestCaseExecutor.doExecute(TestCaseExecutor.java:327)
	at com.kms.katalon.core.main.TestCaseExecutor.processExecutionPhase(TestCaseExecutor.java:306)
	at com.kms.katalon.core.main.TestCaseExecutor.accessMainPhase(TestCaseExecutor.java:298)
	at com.kms.katalon.core.main.TestCaseExecutor.execute(TestCaseExecutor.java:232)
	at com.kms.katalon.core.main.TestSuiteExecutor.accessTestCaseMainPhase(TestSuiteExecutor.java:129)
	at com.kms.katalon.core.main.TestSuiteExecutor.accessTestSuiteMainPhase(TestSuiteExecutor.java:112)
	at com.kms.katalon.core.main.TestSuiteExecutor.execute(TestSuiteExecutor.java:81)
	at com.kms.katalon.core.main.TestCaseMain.startTestSuite(TestCaseMain.java:157)
	at com.kms.katalon.core.main.TestCaseMain$startTestSuite$0.call(Unknown Source)
	at TempTestSuite1555795243480.run(TempTestSuite1555795243480.groovy:35)
Caused by: com.kms.katalon.core.exception.StepFailedException: Unable to upload file '/home/faizan/Drive/KiboPush_Automated_Testing/KiboPush Katalon/sample.jpg' to object 'Object Repository/Page_KiboPush  Create Broadcast Tem/image_file'
	at com.kms.katalon.core.webui.keyword.internal.WebUIKeywordMain.stepFailed(WebUIKeywordMain.groovy:64)
	at com.kms.katalon.core.webui.keyword.internal.WebUIKeywordMain.runKeyword(WebUIKeywordMain.groovy:26)
	at com.kms.katalon.core.webui.keyword.builtin.UploadFileKeyword.uploadFile(UploadFileKeyword.groovy:87)
	at com.kms.katalon.core.webui.keyword.builtin.UploadFileKeyword.execute(UploadFileKeyword.groovy:68)
	at com.kms.katalon.core.keyword.internal.KeywordExecutor.executeKeywordForPlatform(KeywordExecutor.groovy:56)
	at com.kms.katalon.core.webui.keyword.WebUiBuiltInKeywords.uploadFile(WebUiBuiltInKeywords.groovy:2945)
	at com.kms.katalon.core.webui.keyword.WebUiBuiltInKeywords$uploadFile$8.call(Unknown Source)
	at TC0811.run(TC0811:27)
	at com.kms.katalon.core.main.ScriptEngine.run(ScriptEngine.java:194)
	at com.kms.katalon.core.main.ScriptEngine.runScriptAsRawText(ScriptEngine.java:119)
	at com.kms.katalon.core.main.TestCaseExecutor.runScript(TestCaseExecutor.java:336)
	at com.kms.katalon.core.main.TestCaseExecutor.doExecute(TestCaseExecutor.java:327)
	at com.kms.katalon.core.main.TestCaseExecutor.processExecutionPhase(TestCaseExecutor.java:306)
	at com.kms.katalon.core.main.TestCaseExecutor.accessMainPhase(TestCaseExecutor.java:298)
	at com.kms.katalon.core.main.TestCaseExecutor.execute(TestCaseExecutor.java:232)
	at com.kms.katalon.core.main.TestCaseMain.runTestCase(TestCaseMain.java:114)
	at com.kms.katalon.core.keyword.builtin.CallTestCaseKeyword$_callTestCase_closure1.doCall(CallTestCaseKeyword.groovy:59)
	... 20 more
Caused by: com.kms.katalon.core.webui.exception.WebElementNotFoundException: Web element with id: 'Object Repository/Page_KiboPush  Create Broadcast Tem/image_file' located by 'By.xpath: //*[@id="List1"]/div/div/div[3]/div/input' not found
	at com.kms.katalon.core.webui.common.WebUiCommonHelper.findWebElement(WebUiCommonHelper.java:1097)
	at com.kms.katalon.core.webui.keyword.internal.WebUIAbstractKeyword.findWebElement(WebUIAbstractKeyword.groovy:27)
	at com.kms.katalon.core.webui.keyword.internal.WebUIAbstractKeyword.findWebElement(WebUIAbstractKeyword.groovy:26)
	at com.kms.katalon.core.webui.keyword.builtin.UploadFileKeyword$_uploadFile_closure1.doCall(UploadFileKeyword.groovy:79)
	at com.kms.katalon.core.webui.keyword.builtin.UploadFileKeyword$_uploadFile_closure1.call(UploadFileKeyword.groovy)
	at com.kms.katalon.core.webui.keyword.internal.WebUIKeywordMain.runKeyword(WebUIKeywordMain.groovy:20)
	at com.kms.katalon.core.webui.keyword.builtin.UploadFileKeyword.uploadFile(UploadFileKeyword.groovy:87)
	at com.kms.katalon.core.webui.keyword.builtin.UploadFileKeyword.execute(UploadFileKeyword.groovy:68)
	at com.kms.katalon.core.keyword.internal.KeywordExecutor.executeKeywordForPlatform(KeywordExecutor.groovy:56)
	at com.kms.katalon.core.webui.keyword.WebUiBuiltInKeywords.uploadFile(WebUiBuiltInKeywords.groovy:2945)
	at com.kms.katalon.core.webui.keyword.WebUiBuiltInKeywords$uploadFile$8.call(Unknown Source)
	at Script1537084362969.run(Script1537084362969.groovy:27)
	at com.kms.katalon.core.main.ScriptEngine.run(ScriptEngine.java:194)
	at com.kms.katalon.core.main.ScriptEngine.runScriptAsRawText(ScriptEngine.java:119)
	at com.kms.katalon.core.main.TestCaseExecutor.runScript(TestCaseExecutor.java:336)
	at com.kms.katalon.core.main.TestCaseExecutor.doExecute(TestCaseExecutor.java:327)
	at com.kms.katalon.core.main.TestCaseExecutor.processExecutionPhase(TestCaseExecutor.java:306)
	at com.kms.katalon.core.main.TestCaseExecutor.accessMainPhase(TestCaseExecutor.java:298)
	at com.kms.katalon.core.main.TestCaseExecutor.execute(TestCaseExecutor.java:232)
	at com.kms.katalon.core.main.TestCaseMain.runTestCase(TestCaseMain.java:114)
	at com.kms.katalon.core.keyword.builtin.CallTestCaseKeyword$_callTestCase_closure1.doCall(CallTestCaseKeyword.groovy:59)
	at com.kms.katalon.core.keyword.builtin.CallTestCaseKeyword$_callTestCase_closure1.call(CallTestCaseKeyword.groovy)
	at com.kms.katalon.core.keyword.internal.KeywordMain.runKeyword(KeywordMain.groovy:66)
	at com.kms.katalon.core.keyword.builtin.CallTestCaseKeyword.callTestCase(CallTestCaseKeyword.groovy:81)
	at com.kms.katalon.core.keyword.builtin.CallTestCaseKeyword.execute(CallTestCaseKeyword.groovy:44)
	at com.kms.katalon.core.keyword.internal.KeywordExecutor.executeKeywordForPlatform(KeywordExecutor.groovy:56)
	at com.kms.katalon.core.keyword.BuiltinKeywords.callTestCase(BuiltinKeywords.groovy:334)
	at Script1537084607957.run(Script1537084607957.groovy:22)
	... 13 more
)

2019-04-21 02:41:04 - [TEST_CASE][FAILED] - Test Cases/Template testcases/TC0811: Test Cases/Template testcases/TC0811 FAILED.
Reason:
com.kms.katalon.core.exception.StepFailedException: Unable to upload file '/home/faizan/Drive/KiboPush_Automated_Testing/KiboPush Katalon/sample.jpg' to object 'Object Repository/Page_KiboPush  Create Broadcast Tem/image_file'
	at com.kms.katalon.core.webui.keyword.internal.WebUIKeywordMain.stepFailed(WebUIKeywordMain.groovy:64)
	at com.kms.katalon.core.webui.keyword.internal.WebUIKeywordMain.runKeyword(WebUIKeywordMain.groovy:26)
	at com.kms.katalon.core.webui.keyword.builtin.UploadFileKeyword.uploadFile(UploadFileKeyword.groovy:87)
	at com.kms.katalon.core.webui.keyword.builtin.UploadFileKeyword.execute(UploadFileKeyword.groovy:68)
	at com.kms.katalon.core.keyword.internal.KeywordExecutor.executeKeywordForPlatform(KeywordExecutor.groovy:56)
	at com.kms.katalon.core.webui.keyword.WebUiBuiltInKeywords.uploadFile(WebUiBuiltInKeywords.groovy:2945)
	at com.kms.katalon.core.webui.keyword.WebUiBuiltInKeywords$uploadFile$8.call(Unknown Source)
	at TC0811.run(TC0811:27)
	at com.kms.katalon.core.main.ScriptEngine.run(ScriptEngine.java:194)
	at com.kms.katalon.core.main.ScriptEngine.runScriptAsRawText(ScriptEngine.java:119)
	at com.kms.katalon.core.main.TestCaseExecutor.runScript(TestCaseExecutor.java:336)
	at com.kms.katalon.core.main.TestCaseExecutor.doExecute(TestCaseExecutor.java:327)
	at com.kms.katalon.core.main.TestCaseExecutor.processExecutionPhase(TestCaseExecutor.java:306)
	at com.kms.katalon.core.main.TestCaseExecutor.accessMainPhase(TestCaseExecutor.java:298)
	at com.kms.katalon.core.main.TestCaseExecutor.execute(TestCaseExecutor.java:232)
	at com.kms.katalon.core.main.TestCaseMain.runTestCase(TestCaseMain.java:114)
	at com.kms.katalon.core.keyword.builtin.CallTestCaseKeyword$_callTestCase_closure1.doCall(CallTestCaseKeyword.groovy:59)
	at com.kms.katalon.core.keyword.builtin.CallTestCaseKeyword$_callTestCase_closure1.call(CallTestCaseKeyword.groovy)
	at com.kms.katalon.core.keyword.internal.KeywordMain.runKeyword(KeywordMain.groovy:66)
	at com.kms.katalon.core.keyword.builtin.CallTestCaseKeyword.callTestCase(CallTestCaseKeyword.groovy:81)
	at com.kms.katalon.core.keyword.builtin.CallTestCaseKeyword.execute(CallTestCaseKeyword.groovy:44)
	at com.kms.katalon.core.keyword.internal.KeywordExecutor.executeKeywordForPlatform(KeywordExecutor.groovy:56)
	at com.kms.katalon.core.keyword.BuiltinKeywords.callTestCase(BuiltinKeywords.groovy:334)
	at TC0812.run(TC0812:22)
	at com.kms.katalon.core.main.ScriptEngine.run(ScriptEngine.java:194)
	at com.kms.katalon.core.main.ScriptEngine.runScriptAsRawText(ScriptEngine.java:119)
	at com.kms.katalon.core.main.TestCaseExecutor.runScript(TestCaseExecutor.java:336)
	at com.kms.katalon.core.main.TestCaseExecutor.doExecute(TestCaseExecutor.java:327)
	at com.kms.katalon.core.main.TestCaseExecutor.processExecutionPhase(TestCaseExecutor.java:306)
	at com.kms.katalon.core.main.TestCaseExecutor.accessMainPhase(TestCaseExecutor.java:298)
	at com.kms.katalon.core.main.TestCaseExecutor.execute(TestCaseExecutor.java:232)
	at com.kms.katalon.core.main.TestSuiteExecutor.accessTestCaseMainPhase(TestSuiteExecutor.java:129)
	at com.kms.katalon.core.main.TestSuiteExecutor.accessTestSuiteMainPhase(TestSuiteExecutor.java:112)
	at com.kms.katalon.core.main.TestSuiteExecutor.execute(TestSuiteExecutor.java:81)
	at com.kms.katalon.core.main.TestCaseMain.startTestSuite(TestCaseMain.java:157)
	at com.kms.katalon.core.main.TestCaseMain$startTestSuite$0.call(Unknown Source)
	at TempTestSuite1555795243480.run(TempTestSuite1555795243480.groovy:35)
Caused by: com.kms.katalon.core.webui.exception.WebElementNotFoundException: Web element with id: 'Object Repository/Page_KiboPush  Create Broadcast Tem/image_file' located by 'By.xpath: //*[@id="List1"]/div/div/div[3]/div/input' not found
	at com.kms.katalon.core.webui.common.WebUiCommonHelper.findWebElement(WebUiCommonHelper.java:1097)
	at com.kms.katalon.core.webui.keyword.internal.WebUIAbstractKeyword.findWebElement(WebUIAbstractKeyword.groovy:27)
	at com.kms.katalon.core.webui.keyword.internal.WebUIAbstractKeyword.findWebElement(WebUIAbstractKeyword.groovy:26)
	at com.kms.katalon.core.webui.keyword.builtin.UploadFileKeyword$_uploadFile_closure1.doCall(UploadFileKeyword.groovy:79)
	at com.kms.katalon.core.webui.keyword.builtin.UploadFileKeyword$_uploadFile_closure1.call(UploadFileKeyword.groovy)
	at com.kms.katalon.core.webui.keyword.internal.WebUIKeywordMain.runKeyword(WebUIKeywordMain.groovy:20)
	at com.kms.katalon.core.webui.keyword.builtin.UploadFileKeyword.uploadFile(UploadFileKeyword.groovy:87)
	at com.kms.katalon.core.webui.keyword.builtin.UploadFileKeyword.execute(UploadFileKeyword.groovy:68)
	at com.kms.katalon.core.keyword.internal.KeywordExecutor.executeKeywordForPlatform(KeywordExecutor.groovy:56)
	at com.kms.katalon.core.webui.keyword.WebUiBuiltInKeywords.uploadFile(WebUiBuiltInKeywords.groovy:2945)
	at com.kms.katalon.core.webui.keyword.WebUiBuiltInKeywords$uploadFile$8.call(Unknown Source)
	at Script1537084362969.run(Script1537084362969.groovy:27)
	at com.kms.katalon.core.main.ScriptEngine.run(ScriptEngine.java:194)
	at com.kms.katalon.core.main.ScriptEngine.runScriptAsRawText(ScriptEngine.java:119)
	at com.kms.katalon.core.main.TestCaseExecutor.runScript(TestCaseExecutor.java:336)
	at com.kms.katalon.core.main.TestCaseExecutor.doExecute(TestCaseExecutor.java:327)
	at com.kms.katalon.core.main.TestCaseExecutor.processExecutionPhase(TestCaseExecutor.java:306)
	at com.kms.katalon.core.main.TestCaseExecutor.accessMainPhase(TestCaseExecutor.java:298)
	at com.kms.katalon.core.main.TestCaseExecutor.execute(TestCaseExecutor.java:232)
	at com.kms.katalon.core.main.TestCaseMain.runTestCase(TestCaseMain.java:114)
	at com.kms.katalon.core.keyword.builtin.CallTestCaseKeyword$_callTestCase_closure1.doCall(CallTestCaseKeyword.groovy:59)
	at com.kms.katalon.core.keyword.builtin.CallTestCaseKeyword$_callTestCase_closure1.call(CallTestCaseKeyword.groovy)
	at com.kms.katalon.core.keyword.internal.KeywordMain.runKeyword(KeywordMain.groovy:66)
	at com.kms.katalon.core.keyword.builtin.CallTestCaseKeyword.callTestCase(CallTestCaseKeyword.groovy:81)
	at com.kms.katalon.core.keyword.builtin.CallTestCaseKeyword.execute(CallTestCaseKeyword.groovy:44)
	at com.kms.katalon.core.keyword.internal.KeywordExecutor.executeKeywordForPlatform(KeywordExecutor.groovy:56)
	at com.kms.katalon.core.keyword.BuiltinKeywords.callTestCase(BuiltinKeywords.groovy:334)
	at Script1537084607957.run(Script1537084607957.groovy:22)
	... 13 more


2019-04-21 02:41:04 - [TEST_STEP][PASSED] - callTestCase(findTestCase("Template testcases/TC0809"), [:], STOP_ON_FAILURE): Call Test Case 'Test Cases/Template testcases/TC0809' successfully

2019-04-21 02:41:04 - [TEST_CASE][PASSED] - Test Cases/Template testcases/TC0809: Test Cases/Template testcases/TC0809

2019-04-21 02:41:04 - [TEST_STEP][PASSED] - callTestCase(findTestCase("Template testcases/TC0768"), [:], STOP_ON_FAILURE): Call Test Case 'Test Cases/Template testcases/TC0768' successfully

2019-04-21 02:41:04 - [TEST_CASE][PASSED] - Test Cases/Template testcases/TC0768: Test Cases/Template testcases/TC0768

2019-04-21 02:41:04 - [TEST_STEP][PASSED] - callTestCase(findTestCase("s-sidebar_navigation/individualAccount/Template"), [:], STOP_ON_FAILURE): Call Test Case 'Test Cases/s-sidebar_navigation/individualAccount/Template' successfully

2019-04-21 02:41:04 - [TEST_CASE][PASSED] - Test Cases/s-sidebar_navigation/individualAccount/Template: Test Cases/s-sidebar_navigation/individualAccount/Template

2019-04-21 02:41:04 - [TEST_STEP][PASSED] - click(findTestObject("Page_KiboPush  Dashboard/span_Broadcasts")): Object: 'Object Repository/Page_KiboPush  Dashboard/span_Broadcasts' is clicked on

2019-04-21 02:41:05 - [MESSAGE][PASSED] - Object: 'Object Repository/Page_KiboPush  Dashboard/span_Broadcasts' is clicked on

2019-04-21 02:41:05 - [TEST_STEP][PASSED] - delay(1): Delayed 1 second(s)

2019-04-21 02:41:06 - [MESSAGE][PASSED] - Delayed 1 second(s)

2019-04-21 02:41:06 - [TEST_STEP][PASSED] - click(findTestObject("Page_KiboPush  Dashboard/span_Templates")): Object: 'Object Repository/Page_KiboPush  Dashboard/span_Templates' is clicked on

2019-04-21 02:41:06 - [MESSAGE][PASSED] - Object: 'Object Repository/Page_KiboPush  Dashboard/span_Templates' is clicked on

2019-04-21 02:41:06 - [TEST_STEP][PASSED] - delay(3): Delayed 3 second(s)

2019-04-21 02:41:09 - [MESSAGE][PASSED] - Delayed 3 second(s)

2019-04-21 02:41:09 - [TEST_STEP][PASSED] - scrollToPosition(0, 0): Browser is scrolled to position x = 0, y = 0

2019-04-21 02:41:09 - [MESSAGE][PASSED] - Browser is scrolled to position x = 0, y = 0

2019-04-21 02:41:09 - [TEST_STEP][PASSED] - click(findTestObject("Object Repository/Page_KiboEngage  Templates/h3_Templates")): Object: 'Object Repository/Page_KiboEngage  Templates/h3_Templates' is clicked on

2019-04-21 02:41:09 - [MESSAGE][PASSED] - Object: 'Object Repository/Page_KiboEngage  Templates/h3_Templates' is clicked on

2019-04-21 02:41:09 - [TEST_STEP][PASSED] - delay(3): Delayed 3 second(s)

2019-04-21 02:41:12 - [MESSAGE][PASSED] - Delayed 3 second(s)

2019-04-21 02:41:12 - [MESSAGE][PASSED] - Call Test Case 'Test Cases/s-sidebar_navigation/individualAccount/Template' successfully

2019-04-21 02:41:12 - [TEST_STEP][PASSED] - click(findTestObject("Object Repository/Page_KiboPush  Dashboard/button_Create New")): Object: 'Object Repository/Page_KiboPush  Dashboard/button_Create New' is clicked on

2019-04-21 02:41:12 - [MESSAGE][PASSED] - Object: 'Object Repository/Page_KiboPush  Dashboard/button_Create New' is clicked on

2019-04-21 02:41:12 - [TEST_STEP][PASSED] - click(findTestObject("Object Repository/Page_KiboPush  Create Broadcast Tem/h3_Create Broadcast Template")): Object: 'Object Repository/Page_KiboPush  Create Broadcast Tem/h3_Create Broadcast Template' is clicked on

2019-04-21 02:41:12 - [MESSAGE][PASSED] - Object: 'Object Repository/Page_KiboPush  Create Broadcast Tem/h3_Create Broadcast Template' is clicked on

2019-04-21 02:41:12 - [MESSAGE][PASSED] - Call Test Case 'Test Cases/Template testcases/TC0768' successfully

2019-04-21 02:41:12 - [TEST_STEP][PASSED] - click(findTestObject("Page_KiboPush  Create Broadcast Tem/h6_File (2)")): Object: 'Object Repository/Page_KiboPush  Create Broadcast Tem/h6_File (2)' is clicked on

2019-04-21 02:41:13 - [MESSAGE][PASSED] - Object: 'Object Repository/Page_KiboPush  Create Broadcast Tem/h6_File (2)' is clicked on

2019-04-21 02:41:13 - [TEST_STEP][PASSED] - click(findTestObject("Object Repository/Page_KiboEngage  Create Broadcast Template/div_New file component added")): Object: 'Object Repository/Page_KiboEngage  Create Broadcast Template/div_New file component added' is clicked on

2019-04-21 02:41:13 - [MESSAGE][PASSED] - Object: 'Object Repository/Page_KiboEngage  Create Broadcast Template/div_New file component added' is clicked on

2019-04-21 02:41:13 - [MESSAGE][PASSED] - Call Test Case 'Test Cases/Template testcases/TC0809' successfully

2019-04-21 02:41:13 - [TEST_STEP][PASSED] - img = getProjectDir() + "/sample.jpg": null

2019-04-21 02:41:13 - [TEST_STEP][FAILED] - uploadFile(findTestObject("Page_KiboPush  Create Broadcast Tem/image_file"), img): Unable to upload file '/home/faizan/Drive/KiboPush_Automated_Testing/KiboPush Katalon/sample.jpg' to object 'Object Repository/Page_KiboPush  Create Broadcast Tem/image_file' (Root cause: com.kms.katalon.core.exception.StepFailedException: Unable to upload file '/home/faizan/Drive/KiboPush_Automated_Testing/KiboPush Katalon/sample.jpg' to object 'Object Repository/Page_KiboPush  Create Broadcast Tem/image_file'
	at com.kms.katalon.core.webui.keyword.internal.WebUIKeywordMain.stepFailed(WebUIKeywordMain.groovy:64)
	at com.kms.katalon.core.webui.keyword.internal.WebUIKeywordMain.runKeyword(WebUIKeywordMain.groovy:26)
	at com.kms.katalon.core.webui.keyword.builtin.UploadFileKeyword.uploadFile(UploadFileKeyword.groovy:87)
	at com.kms.katalon.core.webui.keyword.builtin.UploadFileKeyword.execute(UploadFileKeyword.groovy:68)
	at com.kms.katalon.core.keyword.internal.KeywordExecutor.executeKeywordForPlatform(KeywordExecutor.groovy:56)
	at com.kms.katalon.core.webui.keyword.WebUiBuiltInKeywords.uploadFile(WebUiBuiltInKeywords.groovy:2945)
	at com.kms.katalon.core.webui.keyword.WebUiBuiltInKeywords$uploadFile$8.call(Unknown Source)
	at TC0811.run(TC0811:27)
	at com.kms.katalon.core.main.ScriptEngine.run(ScriptEngine.java:194)
	at com.kms.katalon.core.main.ScriptEngine.runScriptAsRawText(ScriptEngine.java:119)
	at com.kms.katalon.core.main.TestCaseExecutor.runScript(TestCaseExecutor.java:336)
	at com.kms.katalon.core.main.TestCaseExecutor.doExecute(TestCaseExecutor.java:327)
	at com.kms.katalon.core.main.TestCaseExecutor.processExecutionPhase(TestCaseExecutor.java:306)
	at com.kms.katalon.core.main.TestCaseExecutor.accessMainPhase(TestCaseExecutor.java:298)
	at com.kms.katalon.core.main.TestCaseExecutor.execute(TestCaseExecutor.java:232)
	at com.kms.katalon.core.main.TestCaseMain.runTestCase(TestCaseMain.java:114)
	at com.kms.katalon.core.keyword.builtin.CallTestCaseKeyword$_callTestCase_closure1.doCall(CallTestCaseKeyword.groovy:59)
	at com.kms.katalon.core.keyword.builtin.CallTestCaseKeyword$_callTestCase_closure1.call(CallTestCaseKeyword.groovy)
	at com.kms.katalon.core.keyword.internal.KeywordMain.runKeyword(KeywordMain.groovy:66)
	at com.kms.katalon.core.keyword.builtin.CallTestCaseKeyword.callTestCase(CallTestCaseKeyword.groovy:81)
	at com.kms.katalon.core.keyword.builtin.CallTestCaseKeyword.execute(CallTestCaseKeyword.groovy:44)
	at com.kms.katalon.core.keyword.internal.KeywordExecutor.executeKeywordForPlatform(KeywordExecutor.groovy:56)
	at com.kms.katalon.core.keyword.BuiltinKeywords.callTestCase(BuiltinKeywords.groovy:334)
	at TC0812.run(TC0812:22)
	at com.kms.katalon.core.main.ScriptEngine.run(ScriptEngine.java:194)
	at com.kms.katalon.core.main.ScriptEngine.runScriptAsRawText(ScriptEngine.java:119)
	at com.kms.katalon.core.main.TestCaseExecutor.runScript(TestCaseExecutor.java:336)
	at com.kms.katalon.core.main.TestCaseExecutor.doExecute(TestCaseExecutor.java:327)
	at com.kms.katalon.core.main.TestCaseExecutor.processExecutionPhase(TestCaseExecutor.java:306)
	at com.kms.katalon.core.main.TestCaseExecutor.accessMainPhase(TestCaseExecutor.java:298)
	at com.kms.katalon.core.main.TestCaseExecutor.execute(TestCaseExecutor.java:232)
	at com.kms.katalon.core.main.TestSuiteExecutor.accessTestCaseMainPhase(TestSuiteExecutor.java:129)
	at com.kms.katalon.core.main.TestSuiteExecutor.accessTestSuiteMainPhase(TestSuiteExecutor.java:112)
	at com.kms.katalon.core.main.TestSuiteExecutor.execute(TestSuiteExecutor.java:81)
	at com.kms.katalon.core.main.TestCaseMain.startTestSuite(TestCaseMain.java:157)
	at com.kms.katalon.core.main.TestCaseMain$startTestSuite$0.call(Unknown Source)
	at TempTestSuite1555795243480.run(TempTestSuite1555795243480.groovy:35)
Caused by: com.kms.katalon.core.webui.exception.WebElementNotFoundException: Web element with id: 'Object Repository/Page_KiboPush  Create Broadcast Tem/image_file' located by 'By.xpath: //*[@id="List1"]/div/div/div[3]/div/input' not found
	at com.kms.katalon.core.webui.common.WebUiCommonHelper.findWebElement(WebUiCommonHelper.java:1097)
	at com.kms.katalon.core.webui.keyword.internal.WebUIAbstractKeyword.findWebElement(WebUIAbstractKeyword.groovy:27)
	at com.kms.katalon.core.webui.keyword.internal.WebUIAbstractKeyword.findWebElement(WebUIAbstractKeyword.groovy:26)
	at com.kms.katalon.core.webui.keyword.builtin.UploadFileKeyword$_uploadFile_closure1.doCall(UploadFileKeyword.groovy:79)
	at com.kms.katalon.core.webui.keyword.builtin.UploadFileKeyword$_uploadFile_closure1.call(UploadFileKeyword.groovy)
	at com.kms.katalon.core.webui.keyword.internal.WebUIKeywordMain.runKeyword(WebUIKeywordMain.groovy:20)
	at com.kms.katalon.core.webui.keyword.builtin.UploadFileKeyword.uploadFile(UploadFileKeyword.groovy:87)
	at com.kms.katalon.core.webui.keyword.builtin.UploadFileKeyword.execute(UploadFileKeyword.groovy:68)
	at com.kms.katalon.core.keyword.internal.KeywordExecutor.executeKeywordForPlatform(KeywordExecutor.groovy:56)
	at com.kms.katalon.core.webui.keyword.WebUiBuiltInKeywords.uploadFile(WebUiBuiltInKeywords.groovy:2945)
	at com.kms.katalon.core.webui.keyword.WebUiBuiltInKeywords$uploadFile$8.call(Unknown Source)
	at Script1537084362969.run(Script1537084362969.groovy:27)
	at com.kms.katalon.core.main.ScriptEngine.run(ScriptEngine.java:194)
	at com.kms.katalon.core.main.ScriptEngine.runScriptAsRawText(ScriptEngine.java:119)
	at com.kms.katalon.core.main.TestCaseExecutor.runScript(TestCaseExecutor.java:336)
	at com.kms.katalon.core.main.TestCaseExecutor.doExecute(TestCaseExecutor.java:327)
	at com.kms.katalon.core.main.TestCaseExecutor.processExecutionPhase(TestCaseExecutor.java:306)
	at com.kms.katalon.core.main.TestCaseExecutor.accessMainPhase(TestCaseExecutor.java:298)
	at com.kms.katalon.core.main.TestCaseExecutor.execute(TestCaseExecutor.java:232)
	at com.kms.katalon.core.main.TestCaseMain.runTestCase(TestCaseMain.java:114)
	at com.kms.katalon.core.keyword.builtin.CallTestCaseKeyword$_callTestCase_closure1.doCall(CallTestCaseKeyword.groovy:59)
	at com.kms.katalon.core.keyword.builtin.CallTestCaseKeyword$_callTestCase_closure1.call(CallTestCaseKeyword.groovy)
	at com.kms.katalon.core.keyword.internal.KeywordMain.runKeyword(KeywordMain.groovy:66)
	at com.kms.katalon.core.keyword.builtin.CallTestCaseKeyword.callTestCase(CallTestCaseKeyword.groovy:81)
	at com.kms.katalon.core.keyword.builtin.CallTestCaseKeyword.execute(CallTestCaseKeyword.groovy:44)
	at com.kms.katalon.core.keyword.internal.KeywordExecutor.executeKeywordForPlatform(KeywordExecutor.groovy:56)
	at com.kms.katalon.core.keyword.BuiltinKeywords.callTestCase(BuiltinKeywords.groovy:334)
	at Script1537084607957.run(Script1537084607957.groovy:22)
	... 13 more
)

2019-04-21 02:41:44 - [MESSAGE][INFO] - Unable to find the element located by 'By.xpath: //*[@id="List1"]/div/div/div[3]/div/input'. Please recheck the objects properties to make sure the desired element is located. 

2019-04-21 02:41:44 - [MESSAGE][FAILED] - Unable to upload file '/home/faizan/Drive/KiboPush_Automated_Testing/KiboPush Katalon/sample.jpg' to object 'Object Repository/Page_KiboPush  Create Broadcast Tem/image_file' (Root cause: com.kms.katalon.core.exception.StepFailedException: Unable to upload file '/home/faizan/Drive/KiboPush_Automated_Testing/KiboPush Katalon/sample.jpg' to object 'Object Repository/Page_KiboPush  Create Broadcast Tem/image_file'
	at com.kms.katalon.core.webui.keyword.internal.WebUIKeywordMain.stepFailed(WebUIKeywordMain.groovy:64)
	at com.kms.katalon.core.webui.keyword.internal.WebUIKeywordMain.runKeyword(WebUIKeywordMain.groovy:26)
	at com.kms.katalon.core.webui.keyword.builtin.UploadFileKeyword.uploadFile(UploadFileKeyword.groovy:87)
	at com.kms.katalon.core.webui.keyword.builtin.UploadFileKeyword.execute(UploadFileKeyword.groovy:68)
	at com.kms.katalon.core.keyword.internal.KeywordExecutor.executeKeywordForPlatform(KeywordExecutor.groovy:56)
	at com.kms.katalon.core.webui.keyword.WebUiBuiltInKeywords.uploadFile(WebUiBuiltInKeywords.groovy:2945)
	at com.kms.katalon.core.webui.keyword.WebUiBuiltInKeywords$uploadFile$8.call(Unknown Source)
	at TC0811.run(TC0811:27)
	at com.kms.katalon.core.main.ScriptEngine.run(ScriptEngine.java:194)
	at com.kms.katalon.core.main.ScriptEngine.runScriptAsRawText(ScriptEngine.java:119)
	at com.kms.katalon.core.main.TestCaseExecutor.runScript(TestCaseExecutor.java:336)
	at com.kms.katalon.core.main.TestCaseExecutor.doExecute(TestCaseExecutor.java:327)
	at com.kms.katalon.core.main.TestCaseExecutor.processExecutionPhase(TestCaseExecutor.java:306)
	at com.kms.katalon.core.main.TestCaseExecutor.accessMainPhase(TestCaseExecutor.java:298)
	at com.kms.katalon.core.main.TestCaseExecutor.execute(TestCaseExecutor.java:232)
	at com.kms.katalon.core.main.TestCaseMain.runTestCase(TestCaseMain.java:114)
	at com.kms.katalon.core.keyword.builtin.CallTestCaseKeyword$_callTestCase_closure1.doCall(CallTestCaseKeyword.groovy:59)
	at com.kms.katalon.core.keyword.builtin.CallTestCaseKeyword$_callTestCase_closure1.call(CallTestCaseKeyword.groovy)
	at com.kms.katalon.core.keyword.internal.KeywordMain.runKeyword(KeywordMain.groovy:66)
	at com.kms.katalon.core.keyword.builtin.CallTestCaseKeyword.callTestCase(CallTestCaseKeyword.groovy:81)
	at com.kms.katalon.core.keyword.builtin.CallTestCaseKeyword.execute(CallTestCaseKeyword.groovy:44)
	at com.kms.katalon.core.keyword.internal.KeywordExecutor.executeKeywordForPlatform(KeywordExecutor.groovy:56)
	at com.kms.katalon.core.keyword.BuiltinKeywords.callTestCase(BuiltinKeywords.groovy:334)
	at TC0812.run(TC0812:22)
	at com.kms.katalon.core.main.ScriptEngine.run(ScriptEngine.java:194)
	at com.kms.katalon.core.main.ScriptEngine.runScriptAsRawText(ScriptEngine.java:119)
	at com.kms.katalon.core.main.TestCaseExecutor.runScript(TestCaseExecutor.java:336)
	at com.kms.katalon.core.main.TestCaseExecutor.doExecute(TestCaseExecutor.java:327)
	at com.kms.katalon.core.main.TestCaseExecutor.processExecutionPhase(TestCaseExecutor.java:306)
	at com.kms.katalon.core.main.TestCaseExecutor.accessMainPhase(TestCaseExecutor.java:298)
	at com.kms.katalon.core.main.TestCaseExecutor.execute(TestCaseExecutor.java:232)
	at com.kms.katalon.core.main.TestSuiteExecutor.accessTestCaseMainPhase(TestSuiteExecutor.java:129)
	at com.kms.katalon.core.main.TestSuiteExecutor.accessTestSuiteMainPhase(TestSuiteExecutor.java:112)
	at com.kms.katalon.core.main.TestSuiteExecutor.execute(TestSuiteExecutor.java:81)
	at com.kms.katalon.core.main.TestCaseMain.startTestSuite(TestCaseMain.java:157)
	at com.kms.katalon.core.main.TestCaseMain$startTestSuite$0.call(Unknown Source)
	at TempTestSuite1555795243480.run(TempTestSuite1555795243480.groovy:35)
Caused by: com.kms.katalon.core.webui.exception.WebElementNotFoundException: Web element with id: 'Object Repository/Page_KiboPush  Create Broadcast Tem/image_file' located by 'By.xpath: //*[@id="List1"]/div/div/div[3]/div/input' not found
	at com.kms.katalon.core.webui.common.WebUiCommonHelper.findWebElement(WebUiCommonHelper.java:1097)
	at com.kms.katalon.core.webui.keyword.internal.WebUIAbstractKeyword.findWebElement(WebUIAbstractKeyword.groovy:27)
	at com.kms.katalon.core.webui.keyword.internal.WebUIAbstractKeyword.findWebElement(WebUIAbstractKeyword.groovy:26)
	at com.kms.katalon.core.webui.keyword.builtin.UploadFileKeyword$_uploadFile_closure1.doCall(UploadFileKeyword.groovy:79)
	at com.kms.katalon.core.webui.keyword.builtin.UploadFileKeyword$_uploadFile_closure1.call(UploadFileKeyword.groovy)
	at com.kms.katalon.core.webui.keyword.internal.WebUIKeywordMain.runKeyword(WebUIKeywordMain.groovy:20)
	at com.kms.katalon.core.webui.keyword.builtin.UploadFileKeyword.uploadFile(UploadFileKeyword.groovy:87)
	at com.kms.katalon.core.webui.keyword.builtin.UploadFileKeyword.execute(UploadFileKeyword.groovy:68)
	at com.kms.katalon.core.keyword.internal.KeywordExecutor.executeKeywordForPlatform(KeywordExecutor.groovy:56)
	at com.kms.katalon.core.webui.keyword.WebUiBuiltInKeywords.uploadFile(WebUiBuiltInKeywords.groovy:2945)
	at com.kms.katalon.core.webui.keyword.WebUiBuiltInKeywords$uploadFile$8.call(Unknown Source)
	at Script1537084362969.run(Script1537084362969.groovy:27)
	at com.kms.katalon.core.main.ScriptEngine.run(ScriptEngine.java:194)
	at com.kms.katalon.core.main.ScriptEngine.runScriptAsRawText(ScriptEngine.java:119)
	at com.kms.katalon.core.main.TestCaseExecutor.runScript(TestCaseExecutor.java:336)
	at com.kms.katalon.core.main.TestCaseExecutor.doExecute(TestCaseExecutor.java:327)
	at com.kms.katalon.core.main.TestCaseExecutor.processExecutionPhase(TestCaseExecutor.java:306)
	at com.kms.katalon.core.main.TestCaseExecutor.accessMainPhase(TestCaseExecutor.java:298)
	at com.kms.katalon.core.main.TestCaseExecutor.execute(TestCaseExecutor.java:232)
	at com.kms.katalon.core.main.TestCaseMain.runTestCase(TestCaseMain.java:114)
	at com.kms.katalon.core.keyword.builtin.CallTestCaseKeyword$_callTestCase_closure1.doCall(CallTestCaseKeyword.groovy:59)
	at com.kms.katalon.core.keyword.builtin.CallTestCaseKeyword$_callTestCase_closure1.call(CallTestCaseKeyword.groovy)
	at com.kms.katalon.core.keyword.internal.KeywordMain.runKeyword(KeywordMain.groovy:66)
	at com.kms.katalon.core.keyword.builtin.CallTestCaseKeyword.callTestCase(CallTestCaseKeyword.groovy:81)
	at com.kms.katalon.core.keyword.builtin.CallTestCaseKeyword.execute(CallTestCaseKeyword.groovy:44)
	at com.kms.katalon.core.keyword.internal.KeywordExecutor.executeKeywordForPlatform(KeywordExecutor.groovy:56)
	at com.kms.katalon.core.keyword.BuiltinKeywords.callTestCase(BuiltinKeywords.groovy:334)
	at Script1537084607957.run(Script1537084607957.groovy:22)
	... 13 more
)
[[ATTACHMENT|/home/faizan/Drive/KiboPush_Automated_Testing/KiboPush Katalon/Reports/Faizan Suits/Template/20190421_022043/1555796504274.png]]

2019-04-21 02:41:44 - [MESSAGE][FAILED] - Unable to call Test Case 'Test Cases/Template testcases/TC0811' (Root cause: com.kms.katalon.core.exception.StepFailedException: Call Test Case 'Test Cases/Template testcases/TC0811' failed
	at com.kms.katalon.core.keyword.builtin.CallTestCaseKeyword$_callTestCase_closure1.doCall(CallTestCaseKeyword.groovy:63)
	at com.kms.katalon.core.keyword.builtin.CallTestCaseKeyword$_callTestCase_closure1.call(CallTestCaseKeyword.groovy)
	at com.kms.katalon.core.keyword.internal.KeywordMain.runKeyword(KeywordMain.groovy:66)
	at com.kms.katalon.core.keyword.builtin.CallTestCaseKeyword.callTestCase(CallTestCaseKeyword.groovy:81)
	at com.kms.katalon.core.keyword.builtin.CallTestCaseKeyword.execute(CallTestCaseKeyword.groovy:44)
	at com.kms.katalon.core.keyword.internal.KeywordExecutor.executeKeywordForPlatform(KeywordExecutor.groovy:56)
	at com.kms.katalon.core.keyword.BuiltinKeywords.callTestCase(BuiltinKeywords.groovy:334)
	at TC0812.run(TC0812:22)
	at com.kms.katalon.core.main.ScriptEngine.run(ScriptEngine.java:194)
	at com.kms.katalon.core.main.ScriptEngine.runScriptAsRawText(ScriptEngine.java:119)
	at com.kms.katalon.core.main.TestCaseExecutor.runScript(TestCaseExecutor.java:336)
	at com.kms.katalon.core.main.TestCaseExecutor.doExecute(TestCaseExecutor.java:327)
	at com.kms.katalon.core.main.TestCaseExecutor.processExecutionPhase(TestCaseExecutor.java:306)
	at com.kms.katalon.core.main.TestCaseExecutor.accessMainPhase(TestCaseExecutor.java:298)
	at com.kms.katalon.core.main.TestCaseExecutor.execute(TestCaseExecutor.java:232)
	at com.kms.katalon.core.main.TestSuiteExecutor.accessTestCaseMainPhase(TestSuiteExecutor.java:129)
	at com.kms.katalon.core.main.TestSuiteExecutor.accessTestSuiteMainPhase(TestSuiteExecutor.java:112)
	at com.kms.katalon.core.main.TestSuiteExecutor.execute(TestSuiteExecutor.java:81)
	at com.kms.katalon.core.main.TestCaseMain.startTestSuite(TestCaseMain.java:157)
	at com.kms.katalon.core.main.TestCaseMain$startTestSuite$0.call(Unknown Source)
	at TempTestSuite1555795243480.run(TempTestSuite1555795243480.groovy:35)
Caused by: com.kms.katalon.core.exception.StepFailedException: Unable to upload file '/home/faizan/Drive/KiboPush_Automated_Testing/KiboPush Katalon/sample.jpg' to object 'Object Repository/Page_KiboPush  Create Broadcast Tem/image_file'
	at com.kms.katalon.core.webui.keyword.internal.WebUIKeywordMain.stepFailed(WebUIKeywordMain.groovy:64)
	at com.kms.katalon.core.webui.keyword.internal.WebUIKeywordMain.runKeyword(WebUIKeywordMain.groovy:26)
	at com.kms.katalon.core.webui.keyword.builtin.UploadFileKeyword.uploadFile(UploadFileKeyword.groovy:87)
	at com.kms.katalon.core.webui.keyword.builtin.UploadFileKeyword.execute(UploadFileKeyword.groovy:68)
	at com.kms.katalon.core.keyword.internal.KeywordExecutor.executeKeywordForPlatform(KeywordExecutor.groovy:56)
	at com.kms.katalon.core.webui.keyword.WebUiBuiltInKeywords.uploadFile(WebUiBuiltInKeywords.groovy:2945)
	at com.kms.katalon.core.webui.keyword.WebUiBuiltInKeywords$uploadFile$8.call(Unknown Source)
	at TC0811.run(TC0811:27)
	at com.kms.katalon.core.main.ScriptEngine.run(ScriptEngine.java:194)
	at com.kms.katalon.core.main.ScriptEngine.runScriptAsRawText(ScriptEngine.java:119)
	at com.kms.katalon.core.main.TestCaseExecutor.runScript(TestCaseExecutor.java:336)
	at com.kms.katalon.core.main.TestCaseExecutor.doExecute(TestCaseExecutor.java:327)
	at com.kms.katalon.core.main.TestCaseExecutor.processExecutionPhase(TestCaseExecutor.java:306)
	at com.kms.katalon.core.main.TestCaseExecutor.accessMainPhase(TestCaseExecutor.java:298)
	at com.kms.katalon.core.main.TestCaseExecutor.execute(TestCaseExecutor.java:232)
	at com.kms.katalon.core.main.TestCaseMain.runTestCase(TestCaseMain.java:114)
	at com.kms.katalon.core.keyword.builtin.CallTestCaseKeyword$_callTestCase_closure1.doCall(CallTestCaseKeyword.groovy:59)
	... 20 more
Caused by: com.kms.katalon.core.webui.exception.WebElementNotFoundException: Web element with id: 'Object Repository/Page_KiboPush  Create Broadcast Tem/image_file' located by 'By.xpath: //*[@id="List1"]/div/div/div[3]/div/input' not found
	at com.kms.katalon.core.webui.common.WebUiCommonHelper.findWebElement(WebUiCommonHelper.java:1097)
	at com.kms.katalon.core.webui.keyword.internal.WebUIAbstractKeyword.findWebElement(WebUIAbstractKeyword.groovy:27)
	at com.kms.katalon.core.webui.keyword.internal.WebUIAbstractKeyword.findWebElement(WebUIAbstractKeyword.groovy:26)
	at com.kms.katalon.core.webui.keyword.builtin.UploadFileKeyword$_uploadFile_closure1.doCall(UploadFileKeyword.groovy:79)
	at com.kms.katalon.core.webui.keyword.builtin.UploadFileKeyword$_uploadFile_closure1.call(UploadFileKeyword.groovy)
	at com.kms.katalon.core.webui.keyword.internal.WebUIKeywordMain.runKeyword(WebUIKeywordMain.groovy:20)
	at com.kms.katalon.core.webui.keyword.builtin.UploadFileKeyword.uploadFile(UploadFileKeyword.groovy:87)
	at com.kms.katalon.core.webui.keyword.builtin.UploadFileKeyword.execute(UploadFileKeyword.groovy:68)
	at com.kms.katalon.core.keyword.internal.KeywordExecutor.executeKeywordForPlatform(KeywordExecutor.groovy:56)
	at com.kms.katalon.core.webui.keyword.WebUiBuiltInKeywords.uploadFile(WebUiBuiltInKeywords.groovy:2945)
	at com.kms.katalon.core.webui.keyword.WebUiBuiltInKeywords$uploadFile$8.call(Unknown Source)
	at Script1537084362969.run(Script1537084362969.groovy:27)
	at com.kms.katalon.core.main.ScriptEngine.run(ScriptEngine.java:194)
	at com.kms.katalon.core.main.ScriptEngine.runScriptAsRawText(ScriptEngine.java:119)
	at com.kms.katalon.core.main.TestCaseExecutor.runScript(TestCaseExecutor.java:336)
	at com.kms.katalon.core.main.TestCaseExecutor.doExecute(TestCaseExecutor.java:327)
	at com.kms.katalon.core.main.TestCaseExecutor.processExecutionPhase(TestCaseExecutor.java:306)
	at com.kms.katalon.core.main.TestCaseExecutor.accessMainPhase(TestCaseExecutor.java:298)
	at com.kms.katalon.core.main.TestCaseExecutor.execute(TestCaseExecutor.java:232)
	at com.kms.katalon.core.main.TestCaseMain.runTestCase(TestCaseMain.java:114)
	at com.kms.katalon.core.keyword.builtin.CallTestCaseKeyword$_callTestCase_closure1.doCall(CallTestCaseKeyword.groovy:59)
	at com.kms.katalon.core.keyword.builtin.CallTestCaseKeyword$_callTestCase_closure1.call(CallTestCaseKeyword.groovy)
	at com.kms.katalon.core.keyword.internal.KeywordMain.runKeyword(KeywordMain.groovy:66)
	at com.kms.katalon.core.keyword.builtin.CallTestCaseKeyword.callTestCase(CallTestCaseKeyword.groovy:81)
	at com.kms.katalon.core.keyword.builtin.CallTestCaseKeyword.execute(CallTestCaseKeyword.groovy:44)
	at com.kms.katalon.core.keyword.internal.KeywordExecutor.executeKeywordForPlatform(KeywordExecutor.groovy:56)
	at com.kms.katalon.core.keyword.BuiltinKeywords.callTestCase(BuiltinKeywords.groovy:334)
	at Script1537084607957.run(Script1537084607957.groovy:22)
	... 13 more
)]]></system-out>
         <system-err><![CDATA[2019-04-21 02:41:04 - [TEST_CASE][FAILED] - Test Cases/Template testcases/TC0812: Test Cases/Template testcases/TC0812 FAILED.
Reason:
com.kms.katalon.core.exception.StepFailedException: Call Test Case 'Test Cases/Template testcases/TC0811' failed
	at com.kms.katalon.core.keyword.builtin.CallTestCaseKeyword$_callTestCase_closure1.doCall(CallTestCaseKeyword.groovy:63)
	at com.kms.katalon.core.keyword.builtin.CallTestCaseKeyword$_callTestCase_closure1.call(CallTestCaseKeyword.groovy)
	at com.kms.katalon.core.keyword.internal.KeywordMain.runKeyword(KeywordMain.groovy:66)
	at com.kms.katalon.core.keyword.builtin.CallTestCaseKeyword.callTestCase(CallTestCaseKeyword.groovy:81)
	at com.kms.katalon.core.keyword.builtin.CallTestCaseKeyword.execute(CallTestCaseKeyword.groovy:44)
	at com.kms.katalon.core.keyword.internal.KeywordExecutor.executeKeywordForPlatform(KeywordExecutor.groovy:56)
	at com.kms.katalon.core.keyword.BuiltinKeywords.callTestCase(BuiltinKeywords.groovy:334)
	at TC0812.run(TC0812:22)
	at com.kms.katalon.core.main.ScriptEngine.run(ScriptEngine.java:194)
	at com.kms.katalon.core.main.ScriptEngine.runScriptAsRawText(ScriptEngine.java:119)
	at com.kms.katalon.core.main.TestCaseExecutor.runScript(TestCaseExecutor.java:336)
	at com.kms.katalon.core.main.TestCaseExecutor.doExecute(TestCaseExecutor.java:327)
	at com.kms.katalon.core.main.TestCaseExecutor.processExecutionPhase(TestCaseExecutor.java:306)
	at com.kms.katalon.core.main.TestCaseExecutor.accessMainPhase(TestCaseExecutor.java:298)
	at com.kms.katalon.core.main.TestCaseExecutor.execute(TestCaseExecutor.java:232)
	at com.kms.katalon.core.main.TestSuiteExecutor.accessTestCaseMainPhase(TestSuiteExecutor.java:129)
	at com.kms.katalon.core.main.TestSuiteExecutor.accessTestSuiteMainPhase(TestSuiteExecutor.java:112)
	at com.kms.katalon.core.main.TestSuiteExecutor.execute(TestSuiteExecutor.java:81)
	at com.kms.katalon.core.main.TestCaseMain.startTestSuite(TestCaseMain.java:157)
	at com.kms.katalon.core.main.TestCaseMain$startTestSuite$0.call(Unknown Source)
	at TempTestSuite1555795243480.run(TempTestSuite1555795243480.groovy:35)
Caused by: com.kms.katalon.core.exception.StepFailedException: Unable to upload file '/home/faizan/Drive/KiboPush_Automated_Testing/KiboPush Katalon/sample.jpg' to object 'Object Repository/Page_KiboPush  Create Broadcast Tem/image_file'
	at com.kms.katalon.core.webui.keyword.internal.WebUIKeywordMain.stepFailed(WebUIKeywordMain.groovy:64)
	at com.kms.katalon.core.webui.keyword.internal.WebUIKeywordMain.runKeyword(WebUIKeywordMain.groovy:26)
	at com.kms.katalon.core.webui.keyword.builtin.UploadFileKeyword.uploadFile(UploadFileKeyword.groovy:87)
	at com.kms.katalon.core.webui.keyword.builtin.UploadFileKeyword.execute(UploadFileKeyword.groovy:68)
	at com.kms.katalon.core.keyword.internal.KeywordExecutor.executeKeywordForPlatform(KeywordExecutor.groovy:56)
	at com.kms.katalon.core.webui.keyword.WebUiBuiltInKeywords.uploadFile(WebUiBuiltInKeywords.groovy:2945)
	at com.kms.katalon.core.webui.keyword.WebUiBuiltInKeywords$uploadFile$8.call(Unknown Source)
	at TC0811.run(TC0811:27)
	at com.kms.katalon.core.main.ScriptEngine.run(ScriptEngine.java:194)
	at com.kms.katalon.core.main.ScriptEngine.runScriptAsRawText(ScriptEngine.java:119)
	at com.kms.katalon.core.main.TestCaseExecutor.runScript(TestCaseExecutor.java:336)
	at com.kms.katalon.core.main.TestCaseExecutor.doExecute(TestCaseExecutor.java:327)
	at com.kms.katalon.core.main.TestCaseExecutor.processExecutionPhase(TestCaseExecutor.java:306)
	at com.kms.katalon.core.main.TestCaseExecutor.accessMainPhase(TestCaseExecutor.java:298)
	at com.kms.katalon.core.main.TestCaseExecutor.execute(TestCaseExecutor.java:232)
	at com.kms.katalon.core.main.TestCaseMain.runTestCase(TestCaseMain.java:114)
	at com.kms.katalon.core.keyword.builtin.CallTestCaseKeyword$_callTestCase_closure1.doCall(CallTestCaseKeyword.groovy:59)
	... 20 more
Caused by: com.kms.katalon.core.webui.exception.WebElementNotFoundException: Web element with id: 'Object Repository/Page_KiboPush  Create Broadcast Tem/image_file' located by 'By.xpath: //*[@id="List1"]/div/div/div[3]/div/input' not found
	at com.kms.katalon.core.webui.common.WebUiCommonHelper.findWebElement(WebUiCommonHelper.java:1097)
	at com.kms.katalon.core.webui.keyword.internal.WebUIAbstractKeyword.findWebElement(WebUIAbstractKeyword.groovy:27)
	at com.kms.katalon.core.webui.keyword.internal.WebUIAbstractKeyword.findWebElement(WebUIAbstractKeyword.groovy:26)
	at com.kms.katalon.core.webui.keyword.builtin.UploadFileKeyword$_uploadFile_closure1.doCall(UploadFileKeyword.groovy:79)
	at com.kms.katalon.core.webui.keyword.builtin.UploadFileKeyword$_uploadFile_closure1.call(UploadFileKeyword.groovy)
	at com.kms.katalon.core.webui.keyword.internal.WebUIKeywordMain.runKeyword(WebUIKeywordMain.groovy:20)
	at com.kms.katalon.core.webui.keyword.builtin.UploadFileKeyword.uploadFile(UploadFileKeyword.groovy:87)
	at com.kms.katalon.core.webui.keyword.builtin.UploadFileKeyword.execute(UploadFileKeyword.groovy:68)
	at com.kms.katalon.core.keyword.internal.KeywordExecutor.executeKeywordForPlatform(KeywordExecutor.groovy:56)
	at com.kms.katalon.core.webui.keyword.WebUiBuiltInKeywords.uploadFile(WebUiBuiltInKeywords.groovy:2945)
	at com.kms.katalon.core.webui.keyword.WebUiBuiltInKeywords$uploadFile$8.call(Unknown Source)
	at Script1537084362969.run(Script1537084362969.groovy:27)
	at com.kms.katalon.core.main.ScriptEngine.run(ScriptEngine.java:194)
	at com.kms.katalon.core.main.ScriptEngine.runScriptAsRawText(ScriptEngine.java:119)
	at com.kms.katalon.core.main.TestCaseExecutor.runScript(TestCaseExecutor.java:336)
	at com.kms.katalon.core.main.TestCaseExecutor.doExecute(TestCaseExecutor.java:327)
	at com.kms.katalon.core.main.TestCaseExecutor.processExecutionPhase(TestCaseExecutor.java:306)
	at com.kms.katalon.core.main.TestCaseExecutor.accessMainPhase(TestCaseExecutor.java:298)
	at com.kms.katalon.core.main.TestCaseExecutor.execute(TestCaseExecutor.java:232)
	at com.kms.katalon.core.main.TestCaseMain.runTestCase(TestCaseMain.java:114)
	at com.kms.katalon.core.keyword.builtin.CallTestCaseKeyword$_callTestCase_closure1.doCall(CallTestCaseKeyword.groovy:59)
	at com.kms.katalon.core.keyword.builtin.CallTestCaseKeyword$_callTestCase_closure1.call(CallTestCaseKeyword.groovy)
	at com.kms.katalon.core.keyword.internal.KeywordMain.runKeyword(KeywordMain.groovy:66)
	at com.kms.katalon.core.keyword.builtin.CallTestCaseKeyword.callTestCase(CallTestCaseKeyword.groovy:81)
	at com.kms.katalon.core.keyword.builtin.CallTestCaseKeyword.execute(CallTestCaseKeyword.groovy:44)
	at com.kms.katalon.core.keyword.internal.KeywordExecutor.executeKeywordForPlatform(KeywordExecutor.groovy:56)
	at com.kms.katalon.core.keyword.BuiltinKeywords.callTestCase(BuiltinKeywords.groovy:334)
	at Script1537084607957.run(Script1537084607957.groovy:22)
	... 13 more]]></system-err>
      </testcase>
      <testcase name="Test Cases/Template testcases/TC0813" classname="Test Cases/Template testcases/TC0813" status="PASSED">
         <system-out><![CDATA[2019-04-21 02:41:44 - [TEST_CASE][PASSED] - Test Cases/Template testcases/TC0813: Test Cases/Template testcases/TC0813

2019-04-21 02:41:44 - [TEST_STEP][PASSED] - callTestCase(findTestCase("Template testcases/TC0768"), [:], STOP_ON_FAILURE): Call Test Case 'Test Cases/Template testcases/TC0768' successfully

2019-04-21 02:41:44 - [TEST_CASE][PASSED] - Test Cases/Template testcases/TC0768: Test Cases/Template testcases/TC0768

2019-04-21 02:41:44 - [TEST_STEP][PASSED] - callTestCase(findTestCase("s-sidebar_navigation/individualAccount/Template"), [:], STOP_ON_FAILURE): Call Test Case 'Test Cases/s-sidebar_navigation/individualAccount/Template' successfully

2019-04-21 02:41:44 - [TEST_CASE][PASSED] - Test Cases/s-sidebar_navigation/individualAccount/Template: Test Cases/s-sidebar_navigation/individualAccount/Template

2019-04-21 02:41:44 - [TEST_STEP][PASSED] - click(findTestObject("Page_KiboPush  Dashboard/span_Broadcasts")): Object: 'Object Repository/Page_KiboPush  Dashboard/span_Broadcasts' is clicked on

2019-04-21 02:41:45 - [MESSAGE][PASSED] - Object: 'Object Repository/Page_KiboPush  Dashboard/span_Broadcasts' is clicked on

2019-04-21 02:41:45 - [TEST_STEP][PASSED] - delay(1): Delayed 1 second(s)

2019-04-21 02:41:46 - [MESSAGE][PASSED] - Delayed 1 second(s)

2019-04-21 02:41:46 - [TEST_STEP][PASSED] - click(findTestObject("Page_KiboPush  Dashboard/span_Templates")): Object: 'Object Repository/Page_KiboPush  Dashboard/span_Templates' is clicked on

2019-04-21 02:41:46 - [MESSAGE][PASSED] - Object: 'Object Repository/Page_KiboPush  Dashboard/span_Templates' is clicked on

2019-04-21 02:41:46 - [TEST_STEP][PASSED] - delay(3): Delayed 3 second(s)

2019-04-21 02:41:49 - [MESSAGE][PASSED] - Delayed 3 second(s)

2019-04-21 02:41:49 - [TEST_STEP][PASSED] - scrollToPosition(0, 0): Browser is scrolled to position x = 0, y = 0

2019-04-21 02:41:49 - [MESSAGE][PASSED] - Browser is scrolled to position x = 0, y = 0

2019-04-21 02:41:49 - [TEST_STEP][PASSED] - click(findTestObject("Object Repository/Page_KiboEngage  Templates/h3_Templates")): Object: 'Object Repository/Page_KiboEngage  Templates/h3_Templates' is clicked on

2019-04-21 02:41:49 - [MESSAGE][PASSED] - Object: 'Object Repository/Page_KiboEngage  Templates/h3_Templates' is clicked on

2019-04-21 02:41:49 - [TEST_STEP][PASSED] - delay(3): Delayed 3 second(s)

2019-04-21 02:41:52 - [MESSAGE][PASSED] - Delayed 3 second(s)

2019-04-21 02:41:52 - [MESSAGE][PASSED] - Call Test Case 'Test Cases/s-sidebar_navigation/individualAccount/Template' successfully

2019-04-21 02:41:52 - [TEST_STEP][PASSED] - click(findTestObject("Object Repository/Page_KiboPush  Dashboard/button_Create New")): Object: 'Object Repository/Page_KiboPush  Dashboard/button_Create New' is clicked on

2019-04-21 02:41:52 - [MESSAGE][PASSED] - Object: 'Object Repository/Page_KiboPush  Dashboard/button_Create New' is clicked on

2019-04-21 02:41:52 - [TEST_STEP][PASSED] - click(findTestObject("Object Repository/Page_KiboPush  Create Broadcast Tem/h3_Create Broadcast Template")): Object: 'Object Repository/Page_KiboPush  Create Broadcast Tem/h3_Create Broadcast Template' is clicked on

2019-04-21 02:41:52 - [MESSAGE][PASSED] - Object: 'Object Repository/Page_KiboPush  Create Broadcast Tem/h3_Create Broadcast Template' is clicked on

2019-04-21 02:41:52 - [MESSAGE][PASSED] - Call Test Case 'Test Cases/Template testcases/TC0768' successfully

2019-04-21 02:41:52 - [TEST_STEP][PASSED] - click(findTestObject("Page_KiboPush  Create Broadcast Tem/h3_Create Broadcast Template (7) (1)")): Object: 'Object Repository/Page_KiboPush  Create Broadcast Tem/h3_Create Broadcast Template (7) (1)' is clicked on

2019-04-21 02:41:52 - [MESSAGE][PASSED] - Object: 'Object Repository/Page_KiboPush  Create Broadcast Tem/h3_Create Broadcast Template (7) (1)' is clicked on

2019-04-21 02:41:52 - [TEST_STEP][PASSED] - click(findTestObject("Page_KiboPush  Create Broadcast Tem/h6_Media (1)")): Object: 'Object Repository/Page_KiboPush  Create Broadcast Tem/h6_Media (1)' is clicked on

2019-04-21 02:41:53 - [MESSAGE][PASSED] - Object: 'Object Repository/Page_KiboPush  Create Broadcast Tem/h6_Media (1)' is clicked on

2019-04-21 02:41:53 - [TEST_STEP][PASSED] - click(findTestObject("Object Repository/Page_KiboEngage  Create Broadcast Template/div_New media component added")): Object: 'Object Repository/Page_KiboEngage  Create Broadcast Template/div_New media component added' is clicked on

2019-04-21 02:41:53 - [MESSAGE][PASSED] - Object: 'Object Repository/Page_KiboEngage  Create Broadcast Template/div_New media component added' is clicked on]]></system-out>
         <system-err><![CDATA[]]></system-err>
      </testcase>
      <testcase name="Test Cases/Template testcases/TC0814" classname="Test Cases/Template testcases/TC0814" status="PASSED">
         <system-out><![CDATA[2019-04-21 02:41:53 - [TEST_CASE][PASSED] - Test Cases/Template testcases/TC0814: Test Cases/Template testcases/TC0814

2019-04-21 02:41:53 - [TEST_STEP][PASSED] - callTestCase(findTestCase("Template testcases/TC0813"), [:], STOP_ON_FAILURE): Call Test Case 'Test Cases/Template testcases/TC0813' successfully

2019-04-21 02:41:53 - [TEST_CASE][PASSED] - Test Cases/Template testcases/TC0813: Test Cases/Template testcases/TC0813

2019-04-21 02:41:53 - [TEST_STEP][PASSED] - callTestCase(findTestCase("Template testcases/TC0768"), [:], STOP_ON_FAILURE): Call Test Case 'Test Cases/Template testcases/TC0768' successfully

2019-04-21 02:41:53 - [TEST_CASE][PASSED] - Test Cases/Template testcases/TC0768: Test Cases/Template testcases/TC0768

2019-04-21 02:41:53 - [TEST_STEP][PASSED] - callTestCase(findTestCase("s-sidebar_navigation/individualAccount/Template"), [:], STOP_ON_FAILURE): Call Test Case 'Test Cases/s-sidebar_navigation/individualAccount/Template' successfully

2019-04-21 02:41:53 - [TEST_CASE][PASSED] - Test Cases/s-sidebar_navigation/individualAccount/Template: Test Cases/s-sidebar_navigation/individualAccount/Template

2019-04-21 02:41:53 - [TEST_STEP][PASSED] - click(findTestObject("Page_KiboPush  Dashboard/span_Broadcasts")): Object: 'Object Repository/Page_KiboPush  Dashboard/span_Broadcasts' is clicked on

2019-04-21 02:41:54 - [MESSAGE][PASSED] - Object: 'Object Repository/Page_KiboPush  Dashboard/span_Broadcasts' is clicked on

2019-04-21 02:41:54 - [TEST_STEP][PASSED] - delay(1): Delayed 1 second(s)

2019-04-21 02:41:55 - [MESSAGE][PASSED] - Delayed 1 second(s)

2019-04-21 02:41:55 - [TEST_STEP][PASSED] - click(findTestObject("Page_KiboPush  Dashboard/span_Templates")): Object: 'Object Repository/Page_KiboPush  Dashboard/span_Templates' is clicked on

2019-04-21 02:41:55 - [MESSAGE][PASSED] - Object: 'Object Repository/Page_KiboPush  Dashboard/span_Templates' is clicked on

2019-04-21 02:41:55 - [TEST_STEP][PASSED] - delay(3): Delayed 3 second(s)

2019-04-21 02:41:58 - [MESSAGE][PASSED] - Delayed 3 second(s)

2019-04-21 02:41:58 - [TEST_STEP][PASSED] - scrollToPosition(0, 0): Browser is scrolled to position x = 0, y = 0

2019-04-21 02:41:58 - [MESSAGE][PASSED] - Browser is scrolled to position x = 0, y = 0

2019-04-21 02:41:58 - [TEST_STEP][PASSED] - click(findTestObject("Object Repository/Page_KiboEngage  Templates/h3_Templates")): Object: 'Object Repository/Page_KiboEngage  Templates/h3_Templates' is clicked on

2019-04-21 02:41:58 - [MESSAGE][PASSED] - Object: 'Object Repository/Page_KiboEngage  Templates/h3_Templates' is clicked on

2019-04-21 02:41:58 - [TEST_STEP][PASSED] - delay(3): Delayed 3 second(s)

2019-04-21 02:42:01 - [MESSAGE][PASSED] - Delayed 3 second(s)

2019-04-21 02:42:01 - [MESSAGE][PASSED] - Call Test Case 'Test Cases/s-sidebar_navigation/individualAccount/Template' successfully

2019-04-21 02:42:01 - [TEST_STEP][PASSED] - click(findTestObject("Object Repository/Page_KiboPush  Dashboard/button_Create New")): Object: 'Object Repository/Page_KiboPush  Dashboard/button_Create New' is clicked on

2019-04-21 02:42:01 - [MESSAGE][PASSED] - Object: 'Object Repository/Page_KiboPush  Dashboard/button_Create New' is clicked on

2019-04-21 02:42:01 - [TEST_STEP][PASSED] - click(findTestObject("Object Repository/Page_KiboPush  Create Broadcast Tem/h3_Create Broadcast Template")): Object: 'Object Repository/Page_KiboPush  Create Broadcast Tem/h3_Create Broadcast Template' is clicked on

2019-04-21 02:42:01 - [MESSAGE][PASSED] - Object: 'Object Repository/Page_KiboPush  Create Broadcast Tem/h3_Create Broadcast Template' is clicked on

2019-04-21 02:42:01 - [MESSAGE][PASSED] - Call Test Case 'Test Cases/Template testcases/TC0768' successfully

2019-04-21 02:42:01 - [TEST_STEP][PASSED] - click(findTestObject("Page_KiboPush  Create Broadcast Tem/h3_Create Broadcast Template (7) (1)")): Object: 'Object Repository/Page_KiboPush  Create Broadcast Tem/h3_Create Broadcast Template (7) (1)' is clicked on

2019-04-21 02:42:01 - [MESSAGE][PASSED] - Object: 'Object Repository/Page_KiboPush  Create Broadcast Tem/h3_Create Broadcast Template (7) (1)' is clicked on

2019-04-21 02:42:01 - [TEST_STEP][PASSED] - click(findTestObject("Page_KiboPush  Create Broadcast Tem/h6_Media (1)")): Object: 'Object Repository/Page_KiboPush  Create Broadcast Tem/h6_Media (1)' is clicked on

2019-04-21 02:42:02 - [MESSAGE][PASSED] - Object: 'Object Repository/Page_KiboPush  Create Broadcast Tem/h6_Media (1)' is clicked on

2019-04-21 02:42:02 - [TEST_STEP][PASSED] - click(findTestObject("Object Repository/Page_KiboEngage  Create Broadcast Template/div_New media component added")): Object: 'Object Repository/Page_KiboEngage  Create Broadcast Template/div_New media component added' is clicked on

2019-04-21 02:42:02 - [MESSAGE][PASSED] - Object: 'Object Repository/Page_KiboEngage  Create Broadcast Template/div_New media component added' is clicked on

2019-04-21 02:42:02 - [MESSAGE][PASSED] - Call Test Case 'Test Cases/Template testcases/TC0813' successfully

2019-04-21 02:42:02 - [TEST_STEP][PASSED] - click(findTestObject("Object Repository/Page_KiboPush  Create Broadcast Tem/button_Create (12) (1)")): Object: 'Object Repository/Page_KiboPush  Create Broadcast Tem/button_Create (12) (1)' is clicked on

2019-04-21 02:42:02 - [MESSAGE][PASSED] - Object: 'Object Repository/Page_KiboPush  Create Broadcast Tem/button_Create (12) (1)' is clicked on

2019-04-21 02:42:02 - [TEST_STEP][PASSED] - click(findTestObject("Object Repository/Page_KiboPush  Create Broadcast Tem/div_Select an image or video")): Object: 'Object Repository/Page_KiboPush  Create Broadcast Tem/div_Select an image or video' is clicked on

2019-04-21 02:42:02 - [MESSAGE][PASSED] - Object: 'Object Repository/Page_KiboPush  Create Broadcast Tem/div_Select an image or video' is clicked on]]></system-out>
         <system-err><![CDATA[]]></system-err>
      </testcase>
      <testcase name="Test Cases/Template testcases/TC0815" classname="Test Cases/Template testcases/TC0815" status="PASSED">
         <system-out><![CDATA[2019-04-21 02:42:02 - [TEST_CASE][PASSED] - Test Cases/Template testcases/TC0815: Test Cases/Template testcases/TC0815

2019-04-21 02:42:02 - [TEST_STEP][PASSED] - callTestCase(findTestCase("Template testcases/TC0813"), [:], STOP_ON_FAILURE): Call Test Case 'Test Cases/Template testcases/TC0813' successfully

2019-04-21 02:42:02 - [TEST_CASE][PASSED] - Test Cases/Template testcases/TC0813: Test Cases/Template testcases/TC0813

2019-04-21 02:42:02 - [TEST_STEP][PASSED] - callTestCase(findTestCase("Template testcases/TC0768"), [:], STOP_ON_FAILURE): Call Test Case 'Test Cases/Template testcases/TC0768' successfully

2019-04-21 02:42:02 - [TEST_CASE][PASSED] - Test Cases/Template testcases/TC0768: Test Cases/Template testcases/TC0768

2019-04-21 02:42:02 - [TEST_STEP][PASSED] - callTestCase(findTestCase("s-sidebar_navigation/individualAccount/Template"), [:], STOP_ON_FAILURE): Call Test Case 'Test Cases/s-sidebar_navigation/individualAccount/Template' successfully

2019-04-21 02:42:02 - [TEST_CASE][PASSED] - Test Cases/s-sidebar_navigation/individualAccount/Template: Test Cases/s-sidebar_navigation/individualAccount/Template

2019-04-21 02:42:02 - [TEST_STEP][PASSED] - click(findTestObject("Page_KiboPush  Dashboard/span_Broadcasts")): Object: 'Object Repository/Page_KiboPush  Dashboard/span_Broadcasts' is clicked on

2019-04-21 02:42:03 - [MESSAGE][PASSED] - Object: 'Object Repository/Page_KiboPush  Dashboard/span_Broadcasts' is clicked on

2019-04-21 02:42:03 - [TEST_STEP][PASSED] - delay(1): Delayed 1 second(s)

2019-04-21 02:42:04 - [MESSAGE][PASSED] - Delayed 1 second(s)

2019-04-21 02:42:04 - [TEST_STEP][PASSED] - click(findTestObject("Page_KiboPush  Dashboard/span_Templates")): Object: 'Object Repository/Page_KiboPush  Dashboard/span_Templates' is clicked on

2019-04-21 02:42:04 - [MESSAGE][PASSED] - Object: 'Object Repository/Page_KiboPush  Dashboard/span_Templates' is clicked on

2019-04-21 02:42:04 - [TEST_STEP][PASSED] - delay(3): Delayed 3 second(s)

2019-04-21 02:42:07 - [MESSAGE][PASSED] - Delayed 3 second(s)

2019-04-21 02:42:07 - [TEST_STEP][PASSED] - scrollToPosition(0, 0): Browser is scrolled to position x = 0, y = 0

2019-04-21 02:42:07 - [MESSAGE][PASSED] - Browser is scrolled to position x = 0, y = 0

2019-04-21 02:42:07 - [TEST_STEP][PASSED] - click(findTestObject("Object Repository/Page_KiboEngage  Templates/h3_Templates")): Object: 'Object Repository/Page_KiboEngage  Templates/h3_Templates' is clicked on

2019-04-21 02:42:07 - [MESSAGE][PASSED] - Object: 'Object Repository/Page_KiboEngage  Templates/h3_Templates' is clicked on

2019-04-21 02:42:07 - [TEST_STEP][PASSED] - delay(3): Delayed 3 second(s)

2019-04-21 02:42:10 - [MESSAGE][PASSED] - Delayed 3 second(s)

2019-04-21 02:42:10 - [MESSAGE][PASSED] - Call Test Case 'Test Cases/s-sidebar_navigation/individualAccount/Template' successfully

2019-04-21 02:42:10 - [TEST_STEP][PASSED] - click(findTestObject("Object Repository/Page_KiboPush  Dashboard/button_Create New")): Object: 'Object Repository/Page_KiboPush  Dashboard/button_Create New' is clicked on

2019-04-21 02:42:10 - [MESSAGE][PASSED] - Object: 'Object Repository/Page_KiboPush  Dashboard/button_Create New' is clicked on

2019-04-21 02:42:10 - [TEST_STEP][PASSED] - click(findTestObject("Object Repository/Page_KiboPush  Create Broadcast Tem/h3_Create Broadcast Template")): Object: 'Object Repository/Page_KiboPush  Create Broadcast Tem/h3_Create Broadcast Template' is clicked on

2019-04-21 02:42:10 - [MESSAGE][PASSED] - Object: 'Object Repository/Page_KiboPush  Create Broadcast Tem/h3_Create Broadcast Template' is clicked on

2019-04-21 02:42:10 - [MESSAGE][PASSED] - Call Test Case 'Test Cases/Template testcases/TC0768' successfully

2019-04-21 02:42:10 - [TEST_STEP][PASSED] - click(findTestObject("Page_KiboPush  Create Broadcast Tem/h3_Create Broadcast Template (7) (1)")): Object: 'Object Repository/Page_KiboPush  Create Broadcast Tem/h3_Create Broadcast Template (7) (1)' is clicked on

2019-04-21 02:42:11 - [MESSAGE][PASSED] - Object: 'Object Repository/Page_KiboPush  Create Broadcast Tem/h3_Create Broadcast Template (7) (1)' is clicked on

2019-04-21 02:42:11 - [TEST_STEP][PASSED] - click(findTestObject("Page_KiboPush  Create Broadcast Tem/h6_Media (1)")): Object: 'Object Repository/Page_KiboPush  Create Broadcast Tem/h6_Media (1)' is clicked on

2019-04-21 02:42:11 - [MESSAGE][PASSED] - Object: 'Object Repository/Page_KiboPush  Create Broadcast Tem/h6_Media (1)' is clicked on

2019-04-21 02:42:11 - [TEST_STEP][PASSED] - click(findTestObject("Object Repository/Page_KiboEngage  Create Broadcast Template/div_New media component added")): Object: 'Object Repository/Page_KiboEngage  Create Broadcast Template/div_New media component added' is clicked on

2019-04-21 02:42:11 - [MESSAGE][PASSED] - Object: 'Object Repository/Page_KiboEngage  Create Broadcast Template/div_New media component added' is clicked on

2019-04-21 02:42:11 - [MESSAGE][PASSED] - Call Test Case 'Test Cases/Template testcases/TC0813' successfully

2019-04-21 02:42:11 - [TEST_STEP][PASSED] - click(findTestObject("Page_KiboPush  Create Broadcast Tem/h6_ Add Button")): Object: 'Object Repository/Page_KiboPush  Create Broadcast Tem/h6_ Add Button' is clicked on

2019-04-21 02:42:11 - [MESSAGE][PASSED] - Object: 'Object Repository/Page_KiboPush  Create Broadcast Tem/h6_ Add Button' is clicked on

2019-04-21 02:42:11 - [TEST_STEP][PASSED] - setText(findTestObject("Page_KiboPush  Create Broadcast Tem/input_form-control (16)"), "google"): Text 'google' is set on object 'Object Repository/Page_KiboPush  Create Broadcast Tem/input_form-control (16)'

2019-04-21 02:42:12 - [MESSAGE][PASSED] - Text 'google' is set on object 'Object Repository/Page_KiboPush  Create Broadcast Tem/input_form-control (16)'

2019-04-21 02:42:12 - [TEST_STEP][PASSED] - click(findTestObject("Page_KiboPush  Create Broadcast Tem/h7_Open a website")): Object: 'Object Repository/Page_KiboPush  Create Broadcast Tem/h7_Open a website' is clicked on

2019-04-21 02:42:12 - [MESSAGE][PASSED] - Object: 'Object Repository/Page_KiboPush  Create Broadcast Tem/h7_Open a website' is clicked on

2019-04-21 02:42:12 - [TEST_STEP][PASSED] - setText(findTestObject("Page_KiboPush  Create Broadcast Tem/input_form-control_1 (8)"), "www.google.com"): Text 'www.google.com' is set on object 'Object Repository/Page_KiboPush  Create Broadcast Tem/input_form-control_1 (8)'

2019-04-21 02:42:13 - [MESSAGE][PASSED] - Text 'www.google.com' is set on object 'Object Repository/Page_KiboPush  Create Broadcast Tem/input_form-control_1 (8)'

2019-04-21 02:42:13 - [TEST_STEP][PASSED] - click(findTestObject("Page_KiboPush  Create Broadcast Tem/button_Done")): Object: 'Object Repository/Page_KiboPush  Create Broadcast Tem/button_Done' is clicked on

2019-04-21 02:42:13 - [MESSAGE][PASSED] - Object: 'Object Repository/Page_KiboPush  Create Broadcast Tem/button_Done' is clicked on

2019-04-21 02:42:13 - [TEST_STEP][PASSED] - delay(2): Delayed 2 second(s)

2019-04-21 02:42:15 - [MESSAGE][PASSED] - Delayed 2 second(s)

2019-04-21 02:42:15 - [TEST_STEP][PASSED] - verifyTextPresent("google", false): Text 'google' is present on page 

2019-04-21 02:42:15 - [MESSAGE][PASSED] - Text 'google' is present on page]]></system-out>
         <system-err><![CDATA[]]></system-err>
      </testcase>
      <testcase name="Test Cases/Template testcases/TC0816" classname="Test Cases/Template testcases/TC0816" status="FAILED">
         <failure type="FAILED" message="Test Cases/Template testcases/TC0816 FAILED.
Reason:
com.kms.katalon.core.exception.StepFailedException: Unable to upload file '/home/faizan/Drive/KiboPush_Automated_Testing/KiboPush Katalon/sample.jpg' to object 'Object Repository/Page_KiboPush  Create Broadcast Tem/media_file'
	at com.kms.katalon.core.webui.keyword.internal.WebUIKeywordMain.stepFailed(WebUIKeywordMain.groovy:64)
	at com.kms.katalon.core.webui.keyword.internal.WebUIKeywordMain.runKeyword(WebUIKeywordMain.groovy:26)
	at com.kms.katalon.core.webui.keyword.builtin.UploadFileKeyword.uploadFile(UploadFileKeyword.groovy:87)
	at com.kms.katalon.core.webui.keyword.builtin.UploadFileKeyword.execute(UploadFileKeyword.groovy:68)
	at com.kms.katalon.core.keyword.internal.KeywordExecutor.executeKeywordForPlatform(KeywordExecutor.groovy:56)
	at com.kms.katalon.core.webui.keyword.WebUiBuiltInKeywords.uploadFile(WebUiBuiltInKeywords.groovy:2945)
	at com.kms.katalon.core.webui.keyword.WebUiBuiltInKeywords$uploadFile$8.call(Unknown Source)
	at TC0816.run(TC0816:27)
	at com.kms.katalon.core.main.ScriptEngine.run(ScriptEngine.java:194)
	at com.kms.katalon.core.main.ScriptEngine.runScriptAsRawText(ScriptEngine.java:119)
	at com.kms.katalon.core.main.TestCaseExecutor.runScript(TestCaseExecutor.java:336)
	at com.kms.katalon.core.main.TestCaseExecutor.doExecute(TestCaseExecutor.java:327)
	at com.kms.katalon.core.main.TestCaseExecutor.processExecutionPhase(TestCaseExecutor.java:306)
	at com.kms.katalon.core.main.TestCaseExecutor.accessMainPhase(TestCaseExecutor.java:298)
	at com.kms.katalon.core.main.TestCaseExecutor.execute(TestCaseExecutor.java:232)
	at com.kms.katalon.core.main.TestSuiteExecutor.accessTestCaseMainPhase(TestSuiteExecutor.java:129)
	at com.kms.katalon.core.main.TestSuiteExecutor.accessTestSuiteMainPhase(TestSuiteExecutor.java:112)
	at com.kms.katalon.core.main.TestSuiteExecutor.execute(TestSuiteExecutor.java:81)
	at com.kms.katalon.core.main.TestCaseMain.startTestSuite(TestCaseMain.java:157)
	at com.kms.katalon.core.main.TestCaseMain$startTestSuite$0.call(Unknown Source)
	at TempTestSuite1555795243480.run(TempTestSuite1555795243480.groovy:35)
Caused by: com.kms.katalon.core.webui.exception.WebElementNotFoundException: Web element with id: 'Object Repository/Page_KiboPush  Create Broadcast Tem/media_file' located by 'By.xpath: //*[@id=&quot;List1&quot;]/div/div/div[2]/div/input' not found
	at com.kms.katalon.core.webui.common.WebUiCommonHelper.findWebElement(WebUiCommonHelper.java:1097)
	at com.kms.katalon.core.webui.keyword.internal.WebUIAbstractKeyword.findWebElement(WebUIAbstractKeyword.groovy:27)
	at com.kms.katalon.core.webui.keyword.internal.WebUIAbstractKeyword.findWebElement(WebUIAbstractKeyword.groovy:26)
	at com.kms.katalon.core.webui.keyword.builtin.UploadFileKeyword$_uploadFile_closure1.doCall(UploadFileKeyword.groovy:79)
	at com.kms.katalon.core.webui.keyword.builtin.UploadFileKeyword$_uploadFile_closure1.call(UploadFileKeyword.groovy)
	at com.kms.katalon.core.webui.keyword.internal.WebUIKeywordMain.runKeyword(WebUIKeywordMain.groovy:20)
	at com.kms.katalon.core.webui.keyword.builtin.UploadFileKeyword.uploadFile(UploadFileKeyword.groovy:87)
	at com.kms.katalon.core.webui.keyword.builtin.UploadFileKeyword.execute(UploadFileKeyword.groovy:68)
	at com.kms.katalon.core.keyword.internal.KeywordExecutor.executeKeywordForPlatform(KeywordExecutor.groovy:56)
	at com.kms.katalon.core.webui.keyword.WebUiBuiltInKeywords.uploadFile(WebUiBuiltInKeywords.groovy:2945)
	at com.kms.katalon.core.webui.keyword.WebUiBuiltInKeywords$uploadFile$8.call(Unknown Source)
	at Script1537085415206.run(Script1537085415206.groovy:27)
	... 13 more
"/>
         <system-out><![CDATA[2019-04-21 02:42:15 - [TEST_CASE][FAILED] - Test Cases/Template testcases/TC0816: Test Cases/Template testcases/TC0816 FAILED.
Reason:
com.kms.katalon.core.exception.StepFailedException: Unable to upload file '/home/faizan/Drive/KiboPush_Automated_Testing/KiboPush Katalon/sample.jpg' to object 'Object Repository/Page_KiboPush  Create Broadcast Tem/media_file'
	at com.kms.katalon.core.webui.keyword.internal.WebUIKeywordMain.stepFailed(WebUIKeywordMain.groovy:64)
	at com.kms.katalon.core.webui.keyword.internal.WebUIKeywordMain.runKeyword(WebUIKeywordMain.groovy:26)
	at com.kms.katalon.core.webui.keyword.builtin.UploadFileKeyword.uploadFile(UploadFileKeyword.groovy:87)
	at com.kms.katalon.core.webui.keyword.builtin.UploadFileKeyword.execute(UploadFileKeyword.groovy:68)
	at com.kms.katalon.core.keyword.internal.KeywordExecutor.executeKeywordForPlatform(KeywordExecutor.groovy:56)
	at com.kms.katalon.core.webui.keyword.WebUiBuiltInKeywords.uploadFile(WebUiBuiltInKeywords.groovy:2945)
	at com.kms.katalon.core.webui.keyword.WebUiBuiltInKeywords$uploadFile$8.call(Unknown Source)
	at TC0816.run(TC0816:27)
	at com.kms.katalon.core.main.ScriptEngine.run(ScriptEngine.java:194)
	at com.kms.katalon.core.main.ScriptEngine.runScriptAsRawText(ScriptEngine.java:119)
	at com.kms.katalon.core.main.TestCaseExecutor.runScript(TestCaseExecutor.java:336)
	at com.kms.katalon.core.main.TestCaseExecutor.doExecute(TestCaseExecutor.java:327)
	at com.kms.katalon.core.main.TestCaseExecutor.processExecutionPhase(TestCaseExecutor.java:306)
	at com.kms.katalon.core.main.TestCaseExecutor.accessMainPhase(TestCaseExecutor.java:298)
	at com.kms.katalon.core.main.TestCaseExecutor.execute(TestCaseExecutor.java:232)
	at com.kms.katalon.core.main.TestSuiteExecutor.accessTestCaseMainPhase(TestSuiteExecutor.java:129)
	at com.kms.katalon.core.main.TestSuiteExecutor.accessTestSuiteMainPhase(TestSuiteExecutor.java:112)
	at com.kms.katalon.core.main.TestSuiteExecutor.execute(TestSuiteExecutor.java:81)
	at com.kms.katalon.core.main.TestCaseMain.startTestSuite(TestCaseMain.java:157)
	at com.kms.katalon.core.main.TestCaseMain$startTestSuite$0.call(Unknown Source)
	at TempTestSuite1555795243480.run(TempTestSuite1555795243480.groovy:35)
Caused by: com.kms.katalon.core.webui.exception.WebElementNotFoundException: Web element with id: 'Object Repository/Page_KiboPush  Create Broadcast Tem/media_file' located by 'By.xpath: //*[@id="List1"]/div/div/div[2]/div/input' not found
	at com.kms.katalon.core.webui.common.WebUiCommonHelper.findWebElement(WebUiCommonHelper.java:1097)
	at com.kms.katalon.core.webui.keyword.internal.WebUIAbstractKeyword.findWebElement(WebUIAbstractKeyword.groovy:27)
	at com.kms.katalon.core.webui.keyword.internal.WebUIAbstractKeyword.findWebElement(WebUIAbstractKeyword.groovy:26)
	at com.kms.katalon.core.webui.keyword.builtin.UploadFileKeyword$_uploadFile_closure1.doCall(UploadFileKeyword.groovy:79)
	at com.kms.katalon.core.webui.keyword.builtin.UploadFileKeyword$_uploadFile_closure1.call(UploadFileKeyword.groovy)
	at com.kms.katalon.core.webui.keyword.internal.WebUIKeywordMain.runKeyword(WebUIKeywordMain.groovy:20)
	at com.kms.katalon.core.webui.keyword.builtin.UploadFileKeyword.uploadFile(UploadFileKeyword.groovy:87)
	at com.kms.katalon.core.webui.keyword.builtin.UploadFileKeyword.execute(UploadFileKeyword.groovy:68)
	at com.kms.katalon.core.keyword.internal.KeywordExecutor.executeKeywordForPlatform(KeywordExecutor.groovy:56)
	at com.kms.katalon.core.webui.keyword.WebUiBuiltInKeywords.uploadFile(WebUiBuiltInKeywords.groovy:2945)
	at com.kms.katalon.core.webui.keyword.WebUiBuiltInKeywords$uploadFile$8.call(Unknown Source)
	at Script1537085415206.run(Script1537085415206.groovy:27)
	... 13 more


2019-04-21 02:42:16 - [TEST_STEP][PASSED] - callTestCase(findTestCase("Template testcases/TC0813"), [:], STOP_ON_FAILURE): Call Test Case 'Test Cases/Template testcases/TC0813' successfully

2019-04-21 02:42:16 - [TEST_CASE][PASSED] - Test Cases/Template testcases/TC0813: Test Cases/Template testcases/TC0813

2019-04-21 02:42:16 - [TEST_STEP][PASSED] - callTestCase(findTestCase("Template testcases/TC0768"), [:], STOP_ON_FAILURE): Call Test Case 'Test Cases/Template testcases/TC0768' successfully

2019-04-21 02:42:16 - [TEST_CASE][PASSED] - Test Cases/Template testcases/TC0768: Test Cases/Template testcases/TC0768

2019-04-21 02:42:16 - [TEST_STEP][PASSED] - callTestCase(findTestCase("s-sidebar_navigation/individualAccount/Template"), [:], STOP_ON_FAILURE): Call Test Case 'Test Cases/s-sidebar_navigation/individualAccount/Template' successfully

2019-04-21 02:42:16 - [TEST_CASE][PASSED] - Test Cases/s-sidebar_navigation/individualAccount/Template: Test Cases/s-sidebar_navigation/individualAccount/Template

2019-04-21 02:42:16 - [TEST_STEP][PASSED] - click(findTestObject("Page_KiboPush  Dashboard/span_Broadcasts")): Object: 'Object Repository/Page_KiboPush  Dashboard/span_Broadcasts' is clicked on

2019-04-21 02:42:16 - [MESSAGE][PASSED] - Object: 'Object Repository/Page_KiboPush  Dashboard/span_Broadcasts' is clicked on

2019-04-21 02:42:16 - [TEST_STEP][PASSED] - delay(1): Delayed 1 second(s)

2019-04-21 02:42:17 - [MESSAGE][PASSED] - Delayed 1 second(s)

2019-04-21 02:42:17 - [TEST_STEP][PASSED] - click(findTestObject("Page_KiboPush  Dashboard/span_Templates")): Object: 'Object Repository/Page_KiboPush  Dashboard/span_Templates' is clicked on

2019-04-21 02:42:17 - [MESSAGE][PASSED] - Object: 'Object Repository/Page_KiboPush  Dashboard/span_Templates' is clicked on

2019-04-21 02:42:17 - [TEST_STEP][PASSED] - delay(3): Delayed 3 second(s)

2019-04-21 02:42:20 - [MESSAGE][PASSED] - Delayed 3 second(s)

2019-04-21 02:42:20 - [TEST_STEP][PASSED] - scrollToPosition(0, 0): Browser is scrolled to position x = 0, y = 0

2019-04-21 02:42:20 - [MESSAGE][PASSED] - Browser is scrolled to position x = 0, y = 0

2019-04-21 02:42:20 - [TEST_STEP][PASSED] - click(findTestObject("Object Repository/Page_KiboEngage  Templates/h3_Templates")): Object: 'Object Repository/Page_KiboEngage  Templates/h3_Templates' is clicked on

2019-04-21 02:42:20 - [MESSAGE][PASSED] - Object: 'Object Repository/Page_KiboEngage  Templates/h3_Templates' is clicked on

2019-04-21 02:42:20 - [TEST_STEP][PASSED] - delay(3): Delayed 3 second(s)

2019-04-21 02:42:23 - [MESSAGE][PASSED] - Delayed 3 second(s)

2019-04-21 02:42:23 - [MESSAGE][PASSED] - Call Test Case 'Test Cases/s-sidebar_navigation/individualAccount/Template' successfully

2019-04-21 02:42:23 - [TEST_STEP][PASSED] - click(findTestObject("Object Repository/Page_KiboPush  Dashboard/button_Create New")): Object: 'Object Repository/Page_KiboPush  Dashboard/button_Create New' is clicked on

2019-04-21 02:42:24 - [MESSAGE][PASSED] - Object: 'Object Repository/Page_KiboPush  Dashboard/button_Create New' is clicked on

2019-04-21 02:42:24 - [TEST_STEP][PASSED] - click(findTestObject("Object Repository/Page_KiboPush  Create Broadcast Tem/h3_Create Broadcast Template")): Object: 'Object Repository/Page_KiboPush  Create Broadcast Tem/h3_Create Broadcast Template' is clicked on

2019-04-21 02:42:24 - [MESSAGE][PASSED] - Object: 'Object Repository/Page_KiboPush  Create Broadcast Tem/h3_Create Broadcast Template' is clicked on

2019-04-21 02:42:24 - [MESSAGE][PASSED] - Call Test Case 'Test Cases/Template testcases/TC0768' successfully

2019-04-21 02:42:24 - [TEST_STEP][PASSED] - click(findTestObject("Page_KiboPush  Create Broadcast Tem/h3_Create Broadcast Template (7) (1)")): Object: 'Object Repository/Page_KiboPush  Create Broadcast Tem/h3_Create Broadcast Template (7) (1)' is clicked on

2019-04-21 02:42:24 - [MESSAGE][PASSED] - Object: 'Object Repository/Page_KiboPush  Create Broadcast Tem/h3_Create Broadcast Template (7) (1)' is clicked on

2019-04-21 02:42:24 - [TEST_STEP][PASSED] - click(findTestObject("Page_KiboPush  Create Broadcast Tem/h6_Media (1)")): Object: 'Object Repository/Page_KiboPush  Create Broadcast Tem/h6_Media (1)' is clicked on

2019-04-21 02:42:24 - [MESSAGE][PASSED] - Object: 'Object Repository/Page_KiboPush  Create Broadcast Tem/h6_Media (1)' is clicked on

2019-04-21 02:42:24 - [TEST_STEP][PASSED] - click(findTestObject("Object Repository/Page_KiboEngage  Create Broadcast Template/div_New media component added")): Object: 'Object Repository/Page_KiboEngage  Create Broadcast Template/div_New media component added' is clicked on

2019-04-21 02:42:24 - [MESSAGE][PASSED] - Object: 'Object Repository/Page_KiboEngage  Create Broadcast Template/div_New media component added' is clicked on

2019-04-21 02:42:24 - [MESSAGE][PASSED] - Call Test Case 'Test Cases/Template testcases/TC0813' successfully

2019-04-21 02:42:24 - [TEST_STEP][PASSED] - img = getProjectDir() + "/sample.jpg": null

2019-04-21 02:42:24 - [TEST_STEP][FAILED] - uploadFile(findTestObject("Page_KiboPush  Create Broadcast Tem/media_file"), img): Unable to upload file '/home/faizan/Drive/KiboPush_Automated_Testing/KiboPush Katalon/sample.jpg' to object 'Object Repository/Page_KiboPush  Create Broadcast Tem/media_file' (Root cause: com.kms.katalon.core.exception.StepFailedException: Unable to upload file '/home/faizan/Drive/KiboPush_Automated_Testing/KiboPush Katalon/sample.jpg' to object 'Object Repository/Page_KiboPush  Create Broadcast Tem/media_file'
	at com.kms.katalon.core.webui.keyword.internal.WebUIKeywordMain.stepFailed(WebUIKeywordMain.groovy:64)
	at com.kms.katalon.core.webui.keyword.internal.WebUIKeywordMain.runKeyword(WebUIKeywordMain.groovy:26)
	at com.kms.katalon.core.webui.keyword.builtin.UploadFileKeyword.uploadFile(UploadFileKeyword.groovy:87)
	at com.kms.katalon.core.webui.keyword.builtin.UploadFileKeyword.execute(UploadFileKeyword.groovy:68)
	at com.kms.katalon.core.keyword.internal.KeywordExecutor.executeKeywordForPlatform(KeywordExecutor.groovy:56)
	at com.kms.katalon.core.webui.keyword.WebUiBuiltInKeywords.uploadFile(WebUiBuiltInKeywords.groovy:2945)
	at com.kms.katalon.core.webui.keyword.WebUiBuiltInKeywords$uploadFile$8.call(Unknown Source)
	at TC0816.run(TC0816:27)
	at com.kms.katalon.core.main.ScriptEngine.run(ScriptEngine.java:194)
	at com.kms.katalon.core.main.ScriptEngine.runScriptAsRawText(ScriptEngine.java:119)
	at com.kms.katalon.core.main.TestCaseExecutor.runScript(TestCaseExecutor.java:336)
	at com.kms.katalon.core.main.TestCaseExecutor.doExecute(TestCaseExecutor.java:327)
	at com.kms.katalon.core.main.TestCaseExecutor.processExecutionPhase(TestCaseExecutor.java:306)
	at com.kms.katalon.core.main.TestCaseExecutor.accessMainPhase(TestCaseExecutor.java:298)
	at com.kms.katalon.core.main.TestCaseExecutor.execute(TestCaseExecutor.java:232)
	at com.kms.katalon.core.main.TestSuiteExecutor.accessTestCaseMainPhase(TestSuiteExecutor.java:129)
	at com.kms.katalon.core.main.TestSuiteExecutor.accessTestSuiteMainPhase(TestSuiteExecutor.java:112)
	at com.kms.katalon.core.main.TestSuiteExecutor.execute(TestSuiteExecutor.java:81)
	at com.kms.katalon.core.main.TestCaseMain.startTestSuite(TestCaseMain.java:157)
	at com.kms.katalon.core.main.TestCaseMain$startTestSuite$0.call(Unknown Source)
	at TempTestSuite1555795243480.run(TempTestSuite1555795243480.groovy:35)
Caused by: com.kms.katalon.core.webui.exception.WebElementNotFoundException: Web element with id: 'Object Repository/Page_KiboPush  Create Broadcast Tem/media_file' located by 'By.xpath: //*[@id="List1"]/div/div/div[2]/div/input' not found
	at com.kms.katalon.core.webui.common.WebUiCommonHelper.findWebElement(WebUiCommonHelper.java:1097)
	at com.kms.katalon.core.webui.keyword.internal.WebUIAbstractKeyword.findWebElement(WebUIAbstractKeyword.groovy:27)
	at com.kms.katalon.core.webui.keyword.internal.WebUIAbstractKeyword.findWebElement(WebUIAbstractKeyword.groovy:26)
	at com.kms.katalon.core.webui.keyword.builtin.UploadFileKeyword$_uploadFile_closure1.doCall(UploadFileKeyword.groovy:79)
	at com.kms.katalon.core.webui.keyword.builtin.UploadFileKeyword$_uploadFile_closure1.call(UploadFileKeyword.groovy)
	at com.kms.katalon.core.webui.keyword.internal.WebUIKeywordMain.runKeyword(WebUIKeywordMain.groovy:20)
	at com.kms.katalon.core.webui.keyword.builtin.UploadFileKeyword.uploadFile(UploadFileKeyword.groovy:87)
	at com.kms.katalon.core.webui.keyword.builtin.UploadFileKeyword.execute(UploadFileKeyword.groovy:68)
	at com.kms.katalon.core.keyword.internal.KeywordExecutor.executeKeywordForPlatform(KeywordExecutor.groovy:56)
	at com.kms.katalon.core.webui.keyword.WebUiBuiltInKeywords.uploadFile(WebUiBuiltInKeywords.groovy:2945)
	at com.kms.katalon.core.webui.keyword.WebUiBuiltInKeywords$uploadFile$8.call(Unknown Source)
	at Script1537085415206.run(Script1537085415206.groovy:27)
	... 13 more
)

2019-04-21 02:42:55 - [MESSAGE][INFO] - Unable to find the element located by 'By.xpath: //*[@id="List1"]/div/div/div[2]/div/input'. Please recheck the objects properties to make sure the desired element is located. 

2019-04-21 02:42:55 - [MESSAGE][FAILED] - Unable to upload file '/home/faizan/Drive/KiboPush_Automated_Testing/KiboPush Katalon/sample.jpg' to object 'Object Repository/Page_KiboPush  Create Broadcast Tem/media_file' (Root cause: com.kms.katalon.core.exception.StepFailedException: Unable to upload file '/home/faizan/Drive/KiboPush_Automated_Testing/KiboPush Katalon/sample.jpg' to object 'Object Repository/Page_KiboPush  Create Broadcast Tem/media_file'
	at com.kms.katalon.core.webui.keyword.internal.WebUIKeywordMain.stepFailed(WebUIKeywordMain.groovy:64)
	at com.kms.katalon.core.webui.keyword.internal.WebUIKeywordMain.runKeyword(WebUIKeywordMain.groovy:26)
	at com.kms.katalon.core.webui.keyword.builtin.UploadFileKeyword.uploadFile(UploadFileKeyword.groovy:87)
	at com.kms.katalon.core.webui.keyword.builtin.UploadFileKeyword.execute(UploadFileKeyword.groovy:68)
	at com.kms.katalon.core.keyword.internal.KeywordExecutor.executeKeywordForPlatform(KeywordExecutor.groovy:56)
	at com.kms.katalon.core.webui.keyword.WebUiBuiltInKeywords.uploadFile(WebUiBuiltInKeywords.groovy:2945)
	at com.kms.katalon.core.webui.keyword.WebUiBuiltInKeywords$uploadFile$8.call(Unknown Source)
	at TC0816.run(TC0816:27)
	at com.kms.katalon.core.main.ScriptEngine.run(ScriptEngine.java:194)
	at com.kms.katalon.core.main.ScriptEngine.runScriptAsRawText(ScriptEngine.java:119)
	at com.kms.katalon.core.main.TestCaseExecutor.runScript(TestCaseExecutor.java:336)
	at com.kms.katalon.core.main.TestCaseExecutor.doExecute(TestCaseExecutor.java:327)
	at com.kms.katalon.core.main.TestCaseExecutor.processExecutionPhase(TestCaseExecutor.java:306)
	at com.kms.katalon.core.main.TestCaseExecutor.accessMainPhase(TestCaseExecutor.java:298)
	at com.kms.katalon.core.main.TestCaseExecutor.execute(TestCaseExecutor.java:232)
	at com.kms.katalon.core.main.TestSuiteExecutor.accessTestCaseMainPhase(TestSuiteExecutor.java:129)
	at com.kms.katalon.core.main.TestSuiteExecutor.accessTestSuiteMainPhase(TestSuiteExecutor.java:112)
	at com.kms.katalon.core.main.TestSuiteExecutor.execute(TestSuiteExecutor.java:81)
	at com.kms.katalon.core.main.TestCaseMain.startTestSuite(TestCaseMain.java:157)
	at com.kms.katalon.core.main.TestCaseMain$startTestSuite$0.call(Unknown Source)
	at TempTestSuite1555795243480.run(TempTestSuite1555795243480.groovy:35)
Caused by: com.kms.katalon.core.webui.exception.WebElementNotFoundException: Web element with id: 'Object Repository/Page_KiboPush  Create Broadcast Tem/media_file' located by 'By.xpath: //*[@id="List1"]/div/div/div[2]/div/input' not found
	at com.kms.katalon.core.webui.common.WebUiCommonHelper.findWebElement(WebUiCommonHelper.java:1097)
	at com.kms.katalon.core.webui.keyword.internal.WebUIAbstractKeyword.findWebElement(WebUIAbstractKeyword.groovy:27)
	at com.kms.katalon.core.webui.keyword.internal.WebUIAbstractKeyword.findWebElement(WebUIAbstractKeyword.groovy:26)
	at com.kms.katalon.core.webui.keyword.builtin.UploadFileKeyword$_uploadFile_closure1.doCall(UploadFileKeyword.groovy:79)
	at com.kms.katalon.core.webui.keyword.builtin.UploadFileKeyword$_uploadFile_closure1.call(UploadFileKeyword.groovy)
	at com.kms.katalon.core.webui.keyword.internal.WebUIKeywordMain.runKeyword(WebUIKeywordMain.groovy:20)
	at com.kms.katalon.core.webui.keyword.builtin.UploadFileKeyword.uploadFile(UploadFileKeyword.groovy:87)
	at com.kms.katalon.core.webui.keyword.builtin.UploadFileKeyword.execute(UploadFileKeyword.groovy:68)
	at com.kms.katalon.core.keyword.internal.KeywordExecutor.executeKeywordForPlatform(KeywordExecutor.groovy:56)
	at com.kms.katalon.core.webui.keyword.WebUiBuiltInKeywords.uploadFile(WebUiBuiltInKeywords.groovy:2945)
	at com.kms.katalon.core.webui.keyword.WebUiBuiltInKeywords$uploadFile$8.call(Unknown Source)
	at Script1537085415206.run(Script1537085415206.groovy:27)
	... 13 more
)
[[ATTACHMENT|/home/faizan/Drive/KiboPush_Automated_Testing/KiboPush Katalon/Reports/Faizan Suits/Template/20190421_022043/1555796575700.png]]]]></system-out>
         <system-err><![CDATA[2019-04-21 02:42:15 - [TEST_CASE][FAILED] - Test Cases/Template testcases/TC0816: Test Cases/Template testcases/TC0816 FAILED.
Reason:
com.kms.katalon.core.exception.StepFailedException: Unable to upload file '/home/faizan/Drive/KiboPush_Automated_Testing/KiboPush Katalon/sample.jpg' to object 'Object Repository/Page_KiboPush  Create Broadcast Tem/media_file'
	at com.kms.katalon.core.webui.keyword.internal.WebUIKeywordMain.stepFailed(WebUIKeywordMain.groovy:64)
	at com.kms.katalon.core.webui.keyword.internal.WebUIKeywordMain.runKeyword(WebUIKeywordMain.groovy:26)
	at com.kms.katalon.core.webui.keyword.builtin.UploadFileKeyword.uploadFile(UploadFileKeyword.groovy:87)
	at com.kms.katalon.core.webui.keyword.builtin.UploadFileKeyword.execute(UploadFileKeyword.groovy:68)
	at com.kms.katalon.core.keyword.internal.KeywordExecutor.executeKeywordForPlatform(KeywordExecutor.groovy:56)
	at com.kms.katalon.core.webui.keyword.WebUiBuiltInKeywords.uploadFile(WebUiBuiltInKeywords.groovy:2945)
	at com.kms.katalon.core.webui.keyword.WebUiBuiltInKeywords$uploadFile$8.call(Unknown Source)
	at TC0816.run(TC0816:27)
	at com.kms.katalon.core.main.ScriptEngine.run(ScriptEngine.java:194)
	at com.kms.katalon.core.main.ScriptEngine.runScriptAsRawText(ScriptEngine.java:119)
	at com.kms.katalon.core.main.TestCaseExecutor.runScript(TestCaseExecutor.java:336)
	at com.kms.katalon.core.main.TestCaseExecutor.doExecute(TestCaseExecutor.java:327)
	at com.kms.katalon.core.main.TestCaseExecutor.processExecutionPhase(TestCaseExecutor.java:306)
	at com.kms.katalon.core.main.TestCaseExecutor.accessMainPhase(TestCaseExecutor.java:298)
	at com.kms.katalon.core.main.TestCaseExecutor.execute(TestCaseExecutor.java:232)
	at com.kms.katalon.core.main.TestSuiteExecutor.accessTestCaseMainPhase(TestSuiteExecutor.java:129)
	at com.kms.katalon.core.main.TestSuiteExecutor.accessTestSuiteMainPhase(TestSuiteExecutor.java:112)
	at com.kms.katalon.core.main.TestSuiteExecutor.execute(TestSuiteExecutor.java:81)
	at com.kms.katalon.core.main.TestCaseMain.startTestSuite(TestCaseMain.java:157)
	at com.kms.katalon.core.main.TestCaseMain$startTestSuite$0.call(Unknown Source)
	at TempTestSuite1555795243480.run(TempTestSuite1555795243480.groovy:35)
Caused by: com.kms.katalon.core.webui.exception.WebElementNotFoundException: Web element with id: 'Object Repository/Page_KiboPush  Create Broadcast Tem/media_file' located by 'By.xpath: //*[@id="List1"]/div/div/div[2]/div/input' not found
	at com.kms.katalon.core.webui.common.WebUiCommonHelper.findWebElement(WebUiCommonHelper.java:1097)
	at com.kms.katalon.core.webui.keyword.internal.WebUIAbstractKeyword.findWebElement(WebUIAbstractKeyword.groovy:27)
	at com.kms.katalon.core.webui.keyword.internal.WebUIAbstractKeyword.findWebElement(WebUIAbstractKeyword.groovy:26)
	at com.kms.katalon.core.webui.keyword.builtin.UploadFileKeyword$_uploadFile_closure1.doCall(UploadFileKeyword.groovy:79)
	at com.kms.katalon.core.webui.keyword.builtin.UploadFileKeyword$_uploadFile_closure1.call(UploadFileKeyword.groovy)
	at com.kms.katalon.core.webui.keyword.internal.WebUIKeywordMain.runKeyword(WebUIKeywordMain.groovy:20)
	at com.kms.katalon.core.webui.keyword.builtin.UploadFileKeyword.uploadFile(UploadFileKeyword.groovy:87)
	at com.kms.katalon.core.webui.keyword.builtin.UploadFileKeyword.execute(UploadFileKeyword.groovy:68)
	at com.kms.katalon.core.keyword.internal.KeywordExecutor.executeKeywordForPlatform(KeywordExecutor.groovy:56)
	at com.kms.katalon.core.webui.keyword.WebUiBuiltInKeywords.uploadFile(WebUiBuiltInKeywords.groovy:2945)
	at com.kms.katalon.core.webui.keyword.WebUiBuiltInKeywords$uploadFile$8.call(Unknown Source)
	at Script1537085415206.run(Script1537085415206.groovy:27)
	... 13 more]]></system-err>
      </testcase>
      <testcase name="Test Cases/Template testcases/TC0817" classname="Test Cases/Template testcases/TC0817" status="FAILED">
         <failure type="FAILED" message="Test Cases/Template testcases/TC0817 FAILED.
Reason:
com.kms.katalon.core.exception.StepFailedException: Call Test Case 'Test Cases/Template testcases/TC0816' failed
	at com.kms.katalon.core.keyword.builtin.CallTestCaseKeyword$_callTestCase_closure1.doCall(CallTestCaseKeyword.groovy:63)
	at com.kms.katalon.core.keyword.builtin.CallTestCaseKeyword$_callTestCase_closure1.call(CallTestCaseKeyword.groovy)
	at com.kms.katalon.core.keyword.internal.KeywordMain.runKeyword(KeywordMain.groovy:66)
	at com.kms.katalon.core.keyword.builtin.CallTestCaseKeyword.callTestCase(CallTestCaseKeyword.groovy:81)
	at com.kms.katalon.core.keyword.builtin.CallTestCaseKeyword.execute(CallTestCaseKeyword.groovy:44)
	at com.kms.katalon.core.keyword.internal.KeywordExecutor.executeKeywordForPlatform(KeywordExecutor.groovy:56)
	at com.kms.katalon.core.keyword.BuiltinKeywords.callTestCase(BuiltinKeywords.groovy:334)
	at TC0817.run(TC0817:22)
	at com.kms.katalon.core.main.ScriptEngine.run(ScriptEngine.java:194)
	at com.kms.katalon.core.main.ScriptEngine.runScriptAsRawText(ScriptEngine.java:119)
	at com.kms.katalon.core.main.TestCaseExecutor.runScript(TestCaseExecutor.java:336)
	at com.kms.katalon.core.main.TestCaseExecutor.doExecute(TestCaseExecutor.java:327)
	at com.kms.katalon.core.main.TestCaseExecutor.processExecutionPhase(TestCaseExecutor.java:306)
	at com.kms.katalon.core.main.TestCaseExecutor.accessMainPhase(TestCaseExecutor.java:298)
	at com.kms.katalon.core.main.TestCaseExecutor.execute(TestCaseExecutor.java:232)
	at com.kms.katalon.core.main.TestSuiteExecutor.accessTestCaseMainPhase(TestSuiteExecutor.java:129)
	at com.kms.katalon.core.main.TestSuiteExecutor.accessTestSuiteMainPhase(TestSuiteExecutor.java:112)
	at com.kms.katalon.core.main.TestSuiteExecutor.execute(TestSuiteExecutor.java:81)
	at com.kms.katalon.core.main.TestCaseMain.startTestSuite(TestCaseMain.java:157)
	at com.kms.katalon.core.main.TestCaseMain$startTestSuite$0.call(Unknown Source)
	at TempTestSuite1555795243480.run(TempTestSuite1555795243480.groovy:35)
Caused by: com.kms.katalon.core.exception.StepFailedException: Unable to upload file '/home/faizan/Drive/KiboPush_Automated_Testing/KiboPush Katalon/sample.jpg' to object 'Object Repository/Page_KiboPush  Create Broadcast Tem/media_file'
	at com.kms.katalon.core.webui.keyword.internal.WebUIKeywordMain.stepFailed(WebUIKeywordMain.groovy:64)
	at com.kms.katalon.core.webui.keyword.internal.WebUIKeywordMain.runKeyword(WebUIKeywordMain.groovy:26)
	at com.kms.katalon.core.webui.keyword.builtin.UploadFileKeyword.uploadFile(UploadFileKeyword.groovy:87)
	at com.kms.katalon.core.webui.keyword.builtin.UploadFileKeyword.execute(UploadFileKeyword.groovy:68)
	at com.kms.katalon.core.keyword.internal.KeywordExecutor.executeKeywordForPlatform(KeywordExecutor.groovy:56)
	at com.kms.katalon.core.webui.keyword.WebUiBuiltInKeywords.uploadFile(WebUiBuiltInKeywords.groovy:2945)
	at com.kms.katalon.core.webui.keyword.WebUiBuiltInKeywords$uploadFile$8.call(Unknown Source)
	at TC0816.run(TC0816:27)
	at com.kms.katalon.core.main.ScriptEngine.run(ScriptEngine.java:194)
	at com.kms.katalon.core.main.ScriptEngine.runScriptAsRawText(ScriptEngine.java:119)
	at com.kms.katalon.core.main.TestCaseExecutor.runScript(TestCaseExecutor.java:336)
	at com.kms.katalon.core.main.TestCaseExecutor.doExecute(TestCaseExecutor.java:327)
	at com.kms.katalon.core.main.TestCaseExecutor.processExecutionPhase(TestCaseExecutor.java:306)
	at com.kms.katalon.core.main.TestCaseExecutor.accessMainPhase(TestCaseExecutor.java:298)
	at com.kms.katalon.core.main.TestCaseExecutor.execute(TestCaseExecutor.java:232)
	at com.kms.katalon.core.main.TestCaseMain.runTestCase(TestCaseMain.java:114)
	at com.kms.katalon.core.keyword.builtin.CallTestCaseKeyword$_callTestCase_closure1.doCall(CallTestCaseKeyword.groovy:59)
	... 20 more
Caused by: com.kms.katalon.core.webui.exception.WebElementNotFoundException: Web element with id: 'Object Repository/Page_KiboPush  Create Broadcast Tem/media_file' located by 'By.xpath: //*[@id=&quot;List1&quot;]/div/div/div[2]/div/input' not found
	at com.kms.katalon.core.webui.common.WebUiCommonHelper.findWebElement(WebUiCommonHelper.java:1097)
	at com.kms.katalon.core.webui.keyword.internal.WebUIAbstractKeyword.findWebElement(WebUIAbstractKeyword.groovy:27)
	at com.kms.katalon.core.webui.keyword.internal.WebUIAbstractKeyword.findWebElement(WebUIAbstractKeyword.groovy:26)
	at com.kms.katalon.core.webui.keyword.builtin.UploadFileKeyword$_uploadFile_closure1.doCall(UploadFileKeyword.groovy:79)
	at com.kms.katalon.core.webui.keyword.builtin.UploadFileKeyword$_uploadFile_closure1.call(UploadFileKeyword.groovy)
	at com.kms.katalon.core.webui.keyword.internal.WebUIKeywordMain.runKeyword(WebUIKeywordMain.groovy:20)
	at com.kms.katalon.core.webui.keyword.builtin.UploadFileKeyword.uploadFile(UploadFileKeyword.groovy:87)
	at com.kms.katalon.core.webui.keyword.builtin.UploadFileKeyword.execute(UploadFileKeyword.groovy:68)
	at com.kms.katalon.core.keyword.internal.KeywordExecutor.executeKeywordForPlatform(KeywordExecutor.groovy:56)
	at com.kms.katalon.core.webui.keyword.WebUiBuiltInKeywords.uploadFile(WebUiBuiltInKeywords.groovy:2945)
	at com.kms.katalon.core.webui.keyword.WebUiBuiltInKeywords$uploadFile$8.call(Unknown Source)
	at Script1537085415206.run(Script1537085415206.groovy:27)
	at com.kms.katalon.core.main.ScriptEngine.run(ScriptEngine.java:194)
	at com.kms.katalon.core.main.ScriptEngine.runScriptAsRawText(ScriptEngine.java:119)
	at com.kms.katalon.core.main.TestCaseExecutor.runScript(TestCaseExecutor.java:336)
	at com.kms.katalon.core.main.TestCaseExecutor.doExecute(TestCaseExecutor.java:327)
	at com.kms.katalon.core.main.TestCaseExecutor.processExecutionPhase(TestCaseExecutor.java:306)
	at com.kms.katalon.core.main.TestCaseExecutor.accessMainPhase(TestCaseExecutor.java:298)
	at com.kms.katalon.core.main.TestCaseExecutor.execute(TestCaseExecutor.java:232)
	at com.kms.katalon.core.main.TestCaseMain.runTestCase(TestCaseMain.java:114)
	at com.kms.katalon.core.keyword.builtin.CallTestCaseKeyword$_callTestCase_closure1.doCall(CallTestCaseKeyword.groovy:59)
	at com.kms.katalon.core.keyword.builtin.CallTestCaseKeyword$_callTestCase_closure1.call(CallTestCaseKeyword.groovy)
	at com.kms.katalon.core.keyword.internal.KeywordMain.runKeyword(KeywordMain.groovy:66)
	at com.kms.katalon.core.keyword.builtin.CallTestCaseKeyword.callTestCase(CallTestCaseKeyword.groovy:81)
	at com.kms.katalon.core.keyword.builtin.CallTestCaseKeyword.execute(CallTestCaseKeyword.groovy:44)
	at com.kms.katalon.core.keyword.internal.KeywordExecutor.executeKeywordForPlatform(KeywordExecutor.groovy:56)
	at com.kms.katalon.core.keyword.BuiltinKeywords.callTestCase(BuiltinKeywords.groovy:334)
	at Script1537085770452.run(Script1537085770452.groovy:22)
	... 13 more
"/>
         <system-out><![CDATA[2019-04-21 02:42:55 - [TEST_CASE][FAILED] - Test Cases/Template testcases/TC0817: Test Cases/Template testcases/TC0817 FAILED.
Reason:
com.kms.katalon.core.exception.StepFailedException: Call Test Case 'Test Cases/Template testcases/TC0816' failed
	at com.kms.katalon.core.keyword.builtin.CallTestCaseKeyword$_callTestCase_closure1.doCall(CallTestCaseKeyword.groovy:63)
	at com.kms.katalon.core.keyword.builtin.CallTestCaseKeyword$_callTestCase_closure1.call(CallTestCaseKeyword.groovy)
	at com.kms.katalon.core.keyword.internal.KeywordMain.runKeyword(KeywordMain.groovy:66)
	at com.kms.katalon.core.keyword.builtin.CallTestCaseKeyword.callTestCase(CallTestCaseKeyword.groovy:81)
	at com.kms.katalon.core.keyword.builtin.CallTestCaseKeyword.execute(CallTestCaseKeyword.groovy:44)
	at com.kms.katalon.core.keyword.internal.KeywordExecutor.executeKeywordForPlatform(KeywordExecutor.groovy:56)
	at com.kms.katalon.core.keyword.BuiltinKeywords.callTestCase(BuiltinKeywords.groovy:334)
	at TC0817.run(TC0817:22)
	at com.kms.katalon.core.main.ScriptEngine.run(ScriptEngine.java:194)
	at com.kms.katalon.core.main.ScriptEngine.runScriptAsRawText(ScriptEngine.java:119)
	at com.kms.katalon.core.main.TestCaseExecutor.runScript(TestCaseExecutor.java:336)
	at com.kms.katalon.core.main.TestCaseExecutor.doExecute(TestCaseExecutor.java:327)
	at com.kms.katalon.core.main.TestCaseExecutor.processExecutionPhase(TestCaseExecutor.java:306)
	at com.kms.katalon.core.main.TestCaseExecutor.accessMainPhase(TestCaseExecutor.java:298)
	at com.kms.katalon.core.main.TestCaseExecutor.execute(TestCaseExecutor.java:232)
	at com.kms.katalon.core.main.TestSuiteExecutor.accessTestCaseMainPhase(TestSuiteExecutor.java:129)
	at com.kms.katalon.core.main.TestSuiteExecutor.accessTestSuiteMainPhase(TestSuiteExecutor.java:112)
	at com.kms.katalon.core.main.TestSuiteExecutor.execute(TestSuiteExecutor.java:81)
	at com.kms.katalon.core.main.TestCaseMain.startTestSuite(TestCaseMain.java:157)
	at com.kms.katalon.core.main.TestCaseMain$startTestSuite$0.call(Unknown Source)
	at TempTestSuite1555795243480.run(TempTestSuite1555795243480.groovy:35)
Caused by: com.kms.katalon.core.exception.StepFailedException: Unable to upload file '/home/faizan/Drive/KiboPush_Automated_Testing/KiboPush Katalon/sample.jpg' to object 'Object Repository/Page_KiboPush  Create Broadcast Tem/media_file'
	at com.kms.katalon.core.webui.keyword.internal.WebUIKeywordMain.stepFailed(WebUIKeywordMain.groovy:64)
	at com.kms.katalon.core.webui.keyword.internal.WebUIKeywordMain.runKeyword(WebUIKeywordMain.groovy:26)
	at com.kms.katalon.core.webui.keyword.builtin.UploadFileKeyword.uploadFile(UploadFileKeyword.groovy:87)
	at com.kms.katalon.core.webui.keyword.builtin.UploadFileKeyword.execute(UploadFileKeyword.groovy:68)
	at com.kms.katalon.core.keyword.internal.KeywordExecutor.executeKeywordForPlatform(KeywordExecutor.groovy:56)
	at com.kms.katalon.core.webui.keyword.WebUiBuiltInKeywords.uploadFile(WebUiBuiltInKeywords.groovy:2945)
	at com.kms.katalon.core.webui.keyword.WebUiBuiltInKeywords$uploadFile$8.call(Unknown Source)
	at TC0816.run(TC0816:27)
	at com.kms.katalon.core.main.ScriptEngine.run(ScriptEngine.java:194)
	at com.kms.katalon.core.main.ScriptEngine.runScriptAsRawText(ScriptEngine.java:119)
	at com.kms.katalon.core.main.TestCaseExecutor.runScript(TestCaseExecutor.java:336)
	at com.kms.katalon.core.main.TestCaseExecutor.doExecute(TestCaseExecutor.java:327)
	at com.kms.katalon.core.main.TestCaseExecutor.processExecutionPhase(TestCaseExecutor.java:306)
	at com.kms.katalon.core.main.TestCaseExecutor.accessMainPhase(TestCaseExecutor.java:298)
	at com.kms.katalon.core.main.TestCaseExecutor.execute(TestCaseExecutor.java:232)
	at com.kms.katalon.core.main.TestCaseMain.runTestCase(TestCaseMain.java:114)
	at com.kms.katalon.core.keyword.builtin.CallTestCaseKeyword$_callTestCase_closure1.doCall(CallTestCaseKeyword.groovy:59)
	... 20 more
Caused by: com.kms.katalon.core.webui.exception.WebElementNotFoundException: Web element with id: 'Object Repository/Page_KiboPush  Create Broadcast Tem/media_file' located by 'By.xpath: //*[@id="List1"]/div/div/div[2]/div/input' not found
	at com.kms.katalon.core.webui.common.WebUiCommonHelper.findWebElement(WebUiCommonHelper.java:1097)
	at com.kms.katalon.core.webui.keyword.internal.WebUIAbstractKeyword.findWebElement(WebUIAbstractKeyword.groovy:27)
	at com.kms.katalon.core.webui.keyword.internal.WebUIAbstractKeyword.findWebElement(WebUIAbstractKeyword.groovy:26)
	at com.kms.katalon.core.webui.keyword.builtin.UploadFileKeyword$_uploadFile_closure1.doCall(UploadFileKeyword.groovy:79)
	at com.kms.katalon.core.webui.keyword.builtin.UploadFileKeyword$_uploadFile_closure1.call(UploadFileKeyword.groovy)
	at com.kms.katalon.core.webui.keyword.internal.WebUIKeywordMain.runKeyword(WebUIKeywordMain.groovy:20)
	at com.kms.katalon.core.webui.keyword.builtin.UploadFileKeyword.uploadFile(UploadFileKeyword.groovy:87)
	at com.kms.katalon.core.webui.keyword.builtin.UploadFileKeyword.execute(UploadFileKeyword.groovy:68)
	at com.kms.katalon.core.keyword.internal.KeywordExecutor.executeKeywordForPlatform(KeywordExecutor.groovy:56)
	at com.kms.katalon.core.webui.keyword.WebUiBuiltInKeywords.uploadFile(WebUiBuiltInKeywords.groovy:2945)
	at com.kms.katalon.core.webui.keyword.WebUiBuiltInKeywords$uploadFile$8.call(Unknown Source)
	at Script1537085415206.run(Script1537085415206.groovy:27)
	at com.kms.katalon.core.main.ScriptEngine.run(ScriptEngine.java:194)
	at com.kms.katalon.core.main.ScriptEngine.runScriptAsRawText(ScriptEngine.java:119)
	at com.kms.katalon.core.main.TestCaseExecutor.runScript(TestCaseExecutor.java:336)
	at com.kms.katalon.core.main.TestCaseExecutor.doExecute(TestCaseExecutor.java:327)
	at com.kms.katalon.core.main.TestCaseExecutor.processExecutionPhase(TestCaseExecutor.java:306)
	at com.kms.katalon.core.main.TestCaseExecutor.accessMainPhase(TestCaseExecutor.java:298)
	at com.kms.katalon.core.main.TestCaseExecutor.execute(TestCaseExecutor.java:232)
	at com.kms.katalon.core.main.TestCaseMain.runTestCase(TestCaseMain.java:114)
	at com.kms.katalon.core.keyword.builtin.CallTestCaseKeyword$_callTestCase_closure1.doCall(CallTestCaseKeyword.groovy:59)
	at com.kms.katalon.core.keyword.builtin.CallTestCaseKeyword$_callTestCase_closure1.call(CallTestCaseKeyword.groovy)
	at com.kms.katalon.core.keyword.internal.KeywordMain.runKeyword(KeywordMain.groovy:66)
	at com.kms.katalon.core.keyword.builtin.CallTestCaseKeyword.callTestCase(CallTestCaseKeyword.groovy:81)
	at com.kms.katalon.core.keyword.builtin.CallTestCaseKeyword.execute(CallTestCaseKeyword.groovy:44)
	at com.kms.katalon.core.keyword.internal.KeywordExecutor.executeKeywordForPlatform(KeywordExecutor.groovy:56)
	at com.kms.katalon.core.keyword.BuiltinKeywords.callTestCase(BuiltinKeywords.groovy:334)
	at Script1537085770452.run(Script1537085770452.groovy:22)
	... 13 more


2019-04-21 02:42:56 - [TEST_STEP][FAILED] - callTestCase(findTestCase("Template testcases/TC0816"), [:], STOP_ON_FAILURE): Unable to call Test Case 'Test Cases/Template testcases/TC0816' (Root cause: com.kms.katalon.core.exception.StepFailedException: Call Test Case 'Test Cases/Template testcases/TC0816' failed
	at com.kms.katalon.core.keyword.builtin.CallTestCaseKeyword$_callTestCase_closure1.doCall(CallTestCaseKeyword.groovy:63)
	at com.kms.katalon.core.keyword.builtin.CallTestCaseKeyword$_callTestCase_closure1.call(CallTestCaseKeyword.groovy)
	at com.kms.katalon.core.keyword.internal.KeywordMain.runKeyword(KeywordMain.groovy:66)
	at com.kms.katalon.core.keyword.builtin.CallTestCaseKeyword.callTestCase(CallTestCaseKeyword.groovy:81)
	at com.kms.katalon.core.keyword.builtin.CallTestCaseKeyword.execute(CallTestCaseKeyword.groovy:44)
	at com.kms.katalon.core.keyword.internal.KeywordExecutor.executeKeywordForPlatform(KeywordExecutor.groovy:56)
	at com.kms.katalon.core.keyword.BuiltinKeywords.callTestCase(BuiltinKeywords.groovy:334)
	at TC0817.run(TC0817:22)
	at com.kms.katalon.core.main.ScriptEngine.run(ScriptEngine.java:194)
	at com.kms.katalon.core.main.ScriptEngine.runScriptAsRawText(ScriptEngine.java:119)
	at com.kms.katalon.core.main.TestCaseExecutor.runScript(TestCaseExecutor.java:336)
	at com.kms.katalon.core.main.TestCaseExecutor.doExecute(TestCaseExecutor.java:327)
	at com.kms.katalon.core.main.TestCaseExecutor.processExecutionPhase(TestCaseExecutor.java:306)
	at com.kms.katalon.core.main.TestCaseExecutor.accessMainPhase(TestCaseExecutor.java:298)
	at com.kms.katalon.core.main.TestCaseExecutor.execute(TestCaseExecutor.java:232)
	at com.kms.katalon.core.main.TestSuiteExecutor.accessTestCaseMainPhase(TestSuiteExecutor.java:129)
	at com.kms.katalon.core.main.TestSuiteExecutor.accessTestSuiteMainPhase(TestSuiteExecutor.java:112)
	at com.kms.katalon.core.main.TestSuiteExecutor.execute(TestSuiteExecutor.java:81)
	at com.kms.katalon.core.main.TestCaseMain.startTestSuite(TestCaseMain.java:157)
	at com.kms.katalon.core.main.TestCaseMain$startTestSuite$0.call(Unknown Source)
	at TempTestSuite1555795243480.run(TempTestSuite1555795243480.groovy:35)
Caused by: com.kms.katalon.core.exception.StepFailedException: Unable to upload file '/home/faizan/Drive/KiboPush_Automated_Testing/KiboPush Katalon/sample.jpg' to object 'Object Repository/Page_KiboPush  Create Broadcast Tem/media_file'
	at com.kms.katalon.core.webui.keyword.internal.WebUIKeywordMain.stepFailed(WebUIKeywordMain.groovy:64)
	at com.kms.katalon.core.webui.keyword.internal.WebUIKeywordMain.runKeyword(WebUIKeywordMain.groovy:26)
	at com.kms.katalon.core.webui.keyword.builtin.UploadFileKeyword.uploadFile(UploadFileKeyword.groovy:87)
	at com.kms.katalon.core.webui.keyword.builtin.UploadFileKeyword.execute(UploadFileKeyword.groovy:68)
	at com.kms.katalon.core.keyword.internal.KeywordExecutor.executeKeywordForPlatform(KeywordExecutor.groovy:56)
	at com.kms.katalon.core.webui.keyword.WebUiBuiltInKeywords.uploadFile(WebUiBuiltInKeywords.groovy:2945)
	at com.kms.katalon.core.webui.keyword.WebUiBuiltInKeywords$uploadFile$8.call(Unknown Source)
	at TC0816.run(TC0816:27)
	at com.kms.katalon.core.main.ScriptEngine.run(ScriptEngine.java:194)
	at com.kms.katalon.core.main.ScriptEngine.runScriptAsRawText(ScriptEngine.java:119)
	at com.kms.katalon.core.main.TestCaseExecutor.runScript(TestCaseExecutor.java:336)
	at com.kms.katalon.core.main.TestCaseExecutor.doExecute(TestCaseExecutor.java:327)
	at com.kms.katalon.core.main.TestCaseExecutor.processExecutionPhase(TestCaseExecutor.java:306)
	at com.kms.katalon.core.main.TestCaseExecutor.accessMainPhase(TestCaseExecutor.java:298)
	at com.kms.katalon.core.main.TestCaseExecutor.execute(TestCaseExecutor.java:232)
	at com.kms.katalon.core.main.TestCaseMain.runTestCase(TestCaseMain.java:114)
	at com.kms.katalon.core.keyword.builtin.CallTestCaseKeyword$_callTestCase_closure1.doCall(CallTestCaseKeyword.groovy:59)
	... 20 more
Caused by: com.kms.katalon.core.webui.exception.WebElementNotFoundException: Web element with id: 'Object Repository/Page_KiboPush  Create Broadcast Tem/media_file' located by 'By.xpath: //*[@id="List1"]/div/div/div[2]/div/input' not found
	at com.kms.katalon.core.webui.common.WebUiCommonHelper.findWebElement(WebUiCommonHelper.java:1097)
	at com.kms.katalon.core.webui.keyword.internal.WebUIAbstractKeyword.findWebElement(WebUIAbstractKeyword.groovy:27)
	at com.kms.katalon.core.webui.keyword.internal.WebUIAbstractKeyword.findWebElement(WebUIAbstractKeyword.groovy:26)
	at com.kms.katalon.core.webui.keyword.builtin.UploadFileKeyword$_uploadFile_closure1.doCall(UploadFileKeyword.groovy:79)
	at com.kms.katalon.core.webui.keyword.builtin.UploadFileKeyword$_uploadFile_closure1.call(UploadFileKeyword.groovy)
	at com.kms.katalon.core.webui.keyword.internal.WebUIKeywordMain.runKeyword(WebUIKeywordMain.groovy:20)
	at com.kms.katalon.core.webui.keyword.builtin.UploadFileKeyword.uploadFile(UploadFileKeyword.groovy:87)
	at com.kms.katalon.core.webui.keyword.builtin.UploadFileKeyword.execute(UploadFileKeyword.groovy:68)
	at com.kms.katalon.core.keyword.internal.KeywordExecutor.executeKeywordForPlatform(KeywordExecutor.groovy:56)
	at com.kms.katalon.core.webui.keyword.WebUiBuiltInKeywords.uploadFile(WebUiBuiltInKeywords.groovy:2945)
	at com.kms.katalon.core.webui.keyword.WebUiBuiltInKeywords$uploadFile$8.call(Unknown Source)
	at Script1537085415206.run(Script1537085415206.groovy:27)
	at com.kms.katalon.core.main.ScriptEngine.run(ScriptEngine.java:194)
	at com.kms.katalon.core.main.ScriptEngine.runScriptAsRawText(ScriptEngine.java:119)
	at com.kms.katalon.core.main.TestCaseExecutor.runScript(TestCaseExecutor.java:336)
	at com.kms.katalon.core.main.TestCaseExecutor.doExecute(TestCaseExecutor.java:327)
	at com.kms.katalon.core.main.TestCaseExecutor.processExecutionPhase(TestCaseExecutor.java:306)
	at com.kms.katalon.core.main.TestCaseExecutor.accessMainPhase(TestCaseExecutor.java:298)
	at com.kms.katalon.core.main.TestCaseExecutor.execute(TestCaseExecutor.java:232)
	at com.kms.katalon.core.main.TestCaseMain.runTestCase(TestCaseMain.java:114)
	at com.kms.katalon.core.keyword.builtin.CallTestCaseKeyword$_callTestCase_closure1.doCall(CallTestCaseKeyword.groovy:59)
	at com.kms.katalon.core.keyword.builtin.CallTestCaseKeyword$_callTestCase_closure1.call(CallTestCaseKeyword.groovy)
	at com.kms.katalon.core.keyword.internal.KeywordMain.runKeyword(KeywordMain.groovy:66)
	at com.kms.katalon.core.keyword.builtin.CallTestCaseKeyword.callTestCase(CallTestCaseKeyword.groovy:81)
	at com.kms.katalon.core.keyword.builtin.CallTestCaseKeyword.execute(CallTestCaseKeyword.groovy:44)
	at com.kms.katalon.core.keyword.internal.KeywordExecutor.executeKeywordForPlatform(KeywordExecutor.groovy:56)
	at com.kms.katalon.core.keyword.BuiltinKeywords.callTestCase(BuiltinKeywords.groovy:334)
	at Script1537085770452.run(Script1537085770452.groovy:22)
	... 13 more
)

2019-04-21 02:42:56 - [TEST_CASE][FAILED] - Test Cases/Template testcases/TC0816: Test Cases/Template testcases/TC0816 FAILED.
Reason:
com.kms.katalon.core.exception.StepFailedException: Unable to upload file '/home/faizan/Drive/KiboPush_Automated_Testing/KiboPush Katalon/sample.jpg' to object 'Object Repository/Page_KiboPush  Create Broadcast Tem/media_file'
	at com.kms.katalon.core.webui.keyword.internal.WebUIKeywordMain.stepFailed(WebUIKeywordMain.groovy:64)
	at com.kms.katalon.core.webui.keyword.internal.WebUIKeywordMain.runKeyword(WebUIKeywordMain.groovy:26)
	at com.kms.katalon.core.webui.keyword.builtin.UploadFileKeyword.uploadFile(UploadFileKeyword.groovy:87)
	at com.kms.katalon.core.webui.keyword.builtin.UploadFileKeyword.execute(UploadFileKeyword.groovy:68)
	at com.kms.katalon.core.keyword.internal.KeywordExecutor.executeKeywordForPlatform(KeywordExecutor.groovy:56)
	at com.kms.katalon.core.webui.keyword.WebUiBuiltInKeywords.uploadFile(WebUiBuiltInKeywords.groovy:2945)
	at com.kms.katalon.core.webui.keyword.WebUiBuiltInKeywords$uploadFile$8.call(Unknown Source)
	at TC0816.run(TC0816:27)
	at com.kms.katalon.core.main.ScriptEngine.run(ScriptEngine.java:194)
	at com.kms.katalon.core.main.ScriptEngine.runScriptAsRawText(ScriptEngine.java:119)
	at com.kms.katalon.core.main.TestCaseExecutor.runScript(TestCaseExecutor.java:336)
	at com.kms.katalon.core.main.TestCaseExecutor.doExecute(TestCaseExecutor.java:327)
	at com.kms.katalon.core.main.TestCaseExecutor.processExecutionPhase(TestCaseExecutor.java:306)
	at com.kms.katalon.core.main.TestCaseExecutor.accessMainPhase(TestCaseExecutor.java:298)
	at com.kms.katalon.core.main.TestCaseExecutor.execute(TestCaseExecutor.java:232)
	at com.kms.katalon.core.main.TestCaseMain.runTestCase(TestCaseMain.java:114)
	at com.kms.katalon.core.keyword.builtin.CallTestCaseKeyword$_callTestCase_closure1.doCall(CallTestCaseKeyword.groovy:59)
	at com.kms.katalon.core.keyword.builtin.CallTestCaseKeyword$_callTestCase_closure1.call(CallTestCaseKeyword.groovy)
	at com.kms.katalon.core.keyword.internal.KeywordMain.runKeyword(KeywordMain.groovy:66)
	at com.kms.katalon.core.keyword.builtin.CallTestCaseKeyword.callTestCase(CallTestCaseKeyword.groovy:81)
	at com.kms.katalon.core.keyword.builtin.CallTestCaseKeyword.execute(CallTestCaseKeyword.groovy:44)
	at com.kms.katalon.core.keyword.internal.KeywordExecutor.executeKeywordForPlatform(KeywordExecutor.groovy:56)
	at com.kms.katalon.core.keyword.BuiltinKeywords.callTestCase(BuiltinKeywords.groovy:334)
	at TC0817.run(TC0817:22)
	at com.kms.katalon.core.main.ScriptEngine.run(ScriptEngine.java:194)
	at com.kms.katalon.core.main.ScriptEngine.runScriptAsRawText(ScriptEngine.java:119)
	at com.kms.katalon.core.main.TestCaseExecutor.runScript(TestCaseExecutor.java:336)
	at com.kms.katalon.core.main.TestCaseExecutor.doExecute(TestCaseExecutor.java:327)
	at com.kms.katalon.core.main.TestCaseExecutor.processExecutionPhase(TestCaseExecutor.java:306)
	at com.kms.katalon.core.main.TestCaseExecutor.accessMainPhase(TestCaseExecutor.java:298)
	at com.kms.katalon.core.main.TestCaseExecutor.execute(TestCaseExecutor.java:232)
	at com.kms.katalon.core.main.TestSuiteExecutor.accessTestCaseMainPhase(TestSuiteExecutor.java:129)
	at com.kms.katalon.core.main.TestSuiteExecutor.accessTestSuiteMainPhase(TestSuiteExecutor.java:112)
	at com.kms.katalon.core.main.TestSuiteExecutor.execute(TestSuiteExecutor.java:81)
	at com.kms.katalon.core.main.TestCaseMain.startTestSuite(TestCaseMain.java:157)
	at com.kms.katalon.core.main.TestCaseMain$startTestSuite$0.call(Unknown Source)
	at TempTestSuite1555795243480.run(TempTestSuite1555795243480.groovy:35)
Caused by: com.kms.katalon.core.webui.exception.WebElementNotFoundException: Web element with id: 'Object Repository/Page_KiboPush  Create Broadcast Tem/media_file' located by 'By.xpath: //*[@id="List1"]/div/div/div[2]/div/input' not found
	at com.kms.katalon.core.webui.common.WebUiCommonHelper.findWebElement(WebUiCommonHelper.java:1097)
	at com.kms.katalon.core.webui.keyword.internal.WebUIAbstractKeyword.findWebElement(WebUIAbstractKeyword.groovy:27)
	at com.kms.katalon.core.webui.keyword.internal.WebUIAbstractKeyword.findWebElement(WebUIAbstractKeyword.groovy:26)
	at com.kms.katalon.core.webui.keyword.builtin.UploadFileKeyword$_uploadFile_closure1.doCall(UploadFileKeyword.groovy:79)
	at com.kms.katalon.core.webui.keyword.builtin.UploadFileKeyword$_uploadFile_closure1.call(UploadFileKeyword.groovy)
	at com.kms.katalon.core.webui.keyword.internal.WebUIKeywordMain.runKeyword(WebUIKeywordMain.groovy:20)
	at com.kms.katalon.core.webui.keyword.builtin.UploadFileKeyword.uploadFile(UploadFileKeyword.groovy:87)
	at com.kms.katalon.core.webui.keyword.builtin.UploadFileKeyword.execute(UploadFileKeyword.groovy:68)
	at com.kms.katalon.core.keyword.internal.KeywordExecutor.executeKeywordForPlatform(KeywordExecutor.groovy:56)
	at com.kms.katalon.core.webui.keyword.WebUiBuiltInKeywords.uploadFile(WebUiBuiltInKeywords.groovy:2945)
	at com.kms.katalon.core.webui.keyword.WebUiBuiltInKeywords$uploadFile$8.call(Unknown Source)
	at Script1537085415206.run(Script1537085415206.groovy:27)
	at com.kms.katalon.core.main.ScriptEngine.run(ScriptEngine.java:194)
	at com.kms.katalon.core.main.ScriptEngine.runScriptAsRawText(ScriptEngine.java:119)
	at com.kms.katalon.core.main.TestCaseExecutor.runScript(TestCaseExecutor.java:336)
	at com.kms.katalon.core.main.TestCaseExecutor.doExecute(TestCaseExecutor.java:327)
	at com.kms.katalon.core.main.TestCaseExecutor.processExecutionPhase(TestCaseExecutor.java:306)
	at com.kms.katalon.core.main.TestCaseExecutor.accessMainPhase(TestCaseExecutor.java:298)
	at com.kms.katalon.core.main.TestCaseExecutor.execute(TestCaseExecutor.java:232)
	at com.kms.katalon.core.main.TestCaseMain.runTestCase(TestCaseMain.java:114)
	at com.kms.katalon.core.keyword.builtin.CallTestCaseKeyword$_callTestCase_closure1.doCall(CallTestCaseKeyword.groovy:59)
	at com.kms.katalon.core.keyword.builtin.CallTestCaseKeyword$_callTestCase_closure1.call(CallTestCaseKeyword.groovy)
	at com.kms.katalon.core.keyword.internal.KeywordMain.runKeyword(KeywordMain.groovy:66)
	at com.kms.katalon.core.keyword.builtin.CallTestCaseKeyword.callTestCase(CallTestCaseKeyword.groovy:81)
	at com.kms.katalon.core.keyword.builtin.CallTestCaseKeyword.execute(CallTestCaseKeyword.groovy:44)
	at com.kms.katalon.core.keyword.internal.KeywordExecutor.executeKeywordForPlatform(KeywordExecutor.groovy:56)
	at com.kms.katalon.core.keyword.BuiltinKeywords.callTestCase(BuiltinKeywords.groovy:334)
	at Script1537085770452.run(Script1537085770452.groovy:22)
	... 13 more


2019-04-21 02:42:56 - [TEST_STEP][PASSED] - callTestCase(findTestCase("Template testcases/TC0813"), [:], STOP_ON_FAILURE): Call Test Case 'Test Cases/Template testcases/TC0813' successfully

2019-04-21 02:42:56 - [TEST_CASE][PASSED] - Test Cases/Template testcases/TC0813: Test Cases/Template testcases/TC0813

2019-04-21 02:42:56 - [TEST_STEP][PASSED] - callTestCase(findTestCase("Template testcases/TC0768"), [:], STOP_ON_FAILURE): Call Test Case 'Test Cases/Template testcases/TC0768' successfully

2019-04-21 02:42:56 - [TEST_CASE][PASSED] - Test Cases/Template testcases/TC0768: Test Cases/Template testcases/TC0768

2019-04-21 02:42:56 - [TEST_STEP][PASSED] - callTestCase(findTestCase("s-sidebar_navigation/individualAccount/Template"), [:], STOP_ON_FAILURE): Call Test Case 'Test Cases/s-sidebar_navigation/individualAccount/Template' successfully

2019-04-21 02:42:56 - [TEST_CASE][PASSED] - Test Cases/s-sidebar_navigation/individualAccount/Template: Test Cases/s-sidebar_navigation/individualAccount/Template

2019-04-21 02:42:56 - [TEST_STEP][PASSED] - click(findTestObject("Page_KiboPush  Dashboard/span_Broadcasts")): Object: 'Object Repository/Page_KiboPush  Dashboard/span_Broadcasts' is clicked on

2019-04-21 02:42:56 - [MESSAGE][PASSED] - Object: 'Object Repository/Page_KiboPush  Dashboard/span_Broadcasts' is clicked on

2019-04-21 02:42:56 - [TEST_STEP][PASSED] - delay(1): Delayed 1 second(s)

2019-04-21 02:42:57 - [MESSAGE][PASSED] - Delayed 1 second(s)

2019-04-21 02:42:57 - [TEST_STEP][PASSED] - click(findTestObject("Page_KiboPush  Dashboard/span_Templates")): Object: 'Object Repository/Page_KiboPush  Dashboard/span_Templates' is clicked on

2019-04-21 02:42:57 - [MESSAGE][PASSED] - Object: 'Object Repository/Page_KiboPush  Dashboard/span_Templates' is clicked on

2019-04-21 02:42:57 - [TEST_STEP][PASSED] - delay(3): Delayed 3 second(s)

2019-04-21 02:43:00 - [MESSAGE][PASSED] - Delayed 3 second(s)

2019-04-21 02:43:00 - [TEST_STEP][PASSED] - scrollToPosition(0, 0): Browser is scrolled to position x = 0, y = 0

2019-04-21 02:43:00 - [MESSAGE][PASSED] - Browser is scrolled to position x = 0, y = 0

2019-04-21 02:43:00 - [TEST_STEP][PASSED] - click(findTestObject("Object Repository/Page_KiboEngage  Templates/h3_Templates")): Object: 'Object Repository/Page_KiboEngage  Templates/h3_Templates' is clicked on

2019-04-21 02:43:01 - [MESSAGE][PASSED] - Object: 'Object Repository/Page_KiboEngage  Templates/h3_Templates' is clicked on

2019-04-21 02:43:01 - [TEST_STEP][PASSED] - delay(3): Delayed 3 second(s)

2019-04-21 02:43:04 - [MESSAGE][PASSED] - Delayed 3 second(s)

2019-04-21 02:43:04 - [MESSAGE][PASSED] - Call Test Case 'Test Cases/s-sidebar_navigation/individualAccount/Template' successfully

2019-04-21 02:43:04 - [TEST_STEP][PASSED] - click(findTestObject("Object Repository/Page_KiboPush  Dashboard/button_Create New")): Object: 'Object Repository/Page_KiboPush  Dashboard/button_Create New' is clicked on

2019-04-21 02:43:04 - [MESSAGE][PASSED] - Object: 'Object Repository/Page_KiboPush  Dashboard/button_Create New' is clicked on

2019-04-21 02:43:04 - [TEST_STEP][PASSED] - click(findTestObject("Object Repository/Page_KiboPush  Create Broadcast Tem/h3_Create Broadcast Template")): Object: 'Object Repository/Page_KiboPush  Create Broadcast Tem/h3_Create Broadcast Template' is clicked on

2019-04-21 02:43:04 - [MESSAGE][PASSED] - Object: 'Object Repository/Page_KiboPush  Create Broadcast Tem/h3_Create Broadcast Template' is clicked on

2019-04-21 02:43:04 - [MESSAGE][PASSED] - Call Test Case 'Test Cases/Template testcases/TC0768' successfully

2019-04-21 02:43:04 - [TEST_STEP][PASSED] - click(findTestObject("Page_KiboPush  Create Broadcast Tem/h3_Create Broadcast Template (7) (1)")): Object: 'Object Repository/Page_KiboPush  Create Broadcast Tem/h3_Create Broadcast Template (7) (1)' is clicked on

2019-04-21 02:43:04 - [MESSAGE][PASSED] - Object: 'Object Repository/Page_KiboPush  Create Broadcast Tem/h3_Create Broadcast Template (7) (1)' is clicked on

2019-04-21 02:43:04 - [TEST_STEP][PASSED] - click(findTestObject("Page_KiboPush  Create Broadcast Tem/h6_Media (1)")): Object: 'Object Repository/Page_KiboPush  Create Broadcast Tem/h6_Media (1)' is clicked on

2019-04-21 02:43:04 - [MESSAGE][PASSED] - Object: 'Object Repository/Page_KiboPush  Create Broadcast Tem/h6_Media (1)' is clicked on

2019-04-21 02:43:04 - [TEST_STEP][PASSED] - click(findTestObject("Object Repository/Page_KiboEngage  Create Broadcast Template/div_New media component added")): Object: 'Object Repository/Page_KiboEngage  Create Broadcast Template/div_New media component added' is clicked on

2019-04-21 02:43:04 - [MESSAGE][PASSED] - Object: 'Object Repository/Page_KiboEngage  Create Broadcast Template/div_New media component added' is clicked on

2019-04-21 02:43:04 - [MESSAGE][PASSED] - Call Test Case 'Test Cases/Template testcases/TC0813' successfully

2019-04-21 02:43:04 - [TEST_STEP][PASSED] - img = getProjectDir() + "/sample.jpg": null

2019-04-21 02:43:04 - [TEST_STEP][FAILED] - uploadFile(findTestObject("Page_KiboPush  Create Broadcast Tem/media_file"), img): Unable to upload file '/home/faizan/Drive/KiboPush_Automated_Testing/KiboPush Katalon/sample.jpg' to object 'Object Repository/Page_KiboPush  Create Broadcast Tem/media_file' (Root cause: com.kms.katalon.core.exception.StepFailedException: Unable to upload file '/home/faizan/Drive/KiboPush_Automated_Testing/KiboPush Katalon/sample.jpg' to object 'Object Repository/Page_KiboPush  Create Broadcast Tem/media_file'
	at com.kms.katalon.core.webui.keyword.internal.WebUIKeywordMain.stepFailed(WebUIKeywordMain.groovy:64)
	at com.kms.katalon.core.webui.keyword.internal.WebUIKeywordMain.runKeyword(WebUIKeywordMain.groovy:26)
	at com.kms.katalon.core.webui.keyword.builtin.UploadFileKeyword.uploadFile(UploadFileKeyword.groovy:87)
	at com.kms.katalon.core.webui.keyword.builtin.UploadFileKeyword.execute(UploadFileKeyword.groovy:68)
	at com.kms.katalon.core.keyword.internal.KeywordExecutor.executeKeywordForPlatform(KeywordExecutor.groovy:56)
	at com.kms.katalon.core.webui.keyword.WebUiBuiltInKeywords.uploadFile(WebUiBuiltInKeywords.groovy:2945)
	at com.kms.katalon.core.webui.keyword.WebUiBuiltInKeywords$uploadFile$8.call(Unknown Source)
	at TC0816.run(TC0816:27)
	at com.kms.katalon.core.main.ScriptEngine.run(ScriptEngine.java:194)
	at com.kms.katalon.core.main.ScriptEngine.runScriptAsRawText(ScriptEngine.java:119)
	at com.kms.katalon.core.main.TestCaseExecutor.runScript(TestCaseExecutor.java:336)
	at com.kms.katalon.core.main.TestCaseExecutor.doExecute(TestCaseExecutor.java:327)
	at com.kms.katalon.core.main.TestCaseExecutor.processExecutionPhase(TestCaseExecutor.java:306)
	at com.kms.katalon.core.main.TestCaseExecutor.accessMainPhase(TestCaseExecutor.java:298)
	at com.kms.katalon.core.main.TestCaseExecutor.execute(TestCaseExecutor.java:232)
	at com.kms.katalon.core.main.TestCaseMain.runTestCase(TestCaseMain.java:114)
	at com.kms.katalon.core.keyword.builtin.CallTestCaseKeyword$_callTestCase_closure1.doCall(CallTestCaseKeyword.groovy:59)
	at com.kms.katalon.core.keyword.builtin.CallTestCaseKeyword$_callTestCase_closure1.call(CallTestCaseKeyword.groovy)
	at com.kms.katalon.core.keyword.internal.KeywordMain.runKeyword(KeywordMain.groovy:66)
	at com.kms.katalon.core.keyword.builtin.CallTestCaseKeyword.callTestCase(CallTestCaseKeyword.groovy:81)
	at com.kms.katalon.core.keyword.builtin.CallTestCaseKeyword.execute(CallTestCaseKeyword.groovy:44)
	at com.kms.katalon.core.keyword.internal.KeywordExecutor.executeKeywordForPlatform(KeywordExecutor.groovy:56)
	at com.kms.katalon.core.keyword.BuiltinKeywords.callTestCase(BuiltinKeywords.groovy:334)
	at TC0817.run(TC0817:22)
	at com.kms.katalon.core.main.ScriptEngine.run(ScriptEngine.java:194)
	at com.kms.katalon.core.main.ScriptEngine.runScriptAsRawText(ScriptEngine.java:119)
	at com.kms.katalon.core.main.TestCaseExecutor.runScript(TestCaseExecutor.java:336)
	at com.kms.katalon.core.main.TestCaseExecutor.doExecute(TestCaseExecutor.java:327)
	at com.kms.katalon.core.main.TestCaseExecutor.processExecutionPhase(TestCaseExecutor.java:306)
	at com.kms.katalon.core.main.TestCaseExecutor.accessMainPhase(TestCaseExecutor.java:298)
	at com.kms.katalon.core.main.TestCaseExecutor.execute(TestCaseExecutor.java:232)
	at com.kms.katalon.core.main.TestSuiteExecutor.accessTestCaseMainPhase(TestSuiteExecutor.java:129)
	at com.kms.katalon.core.main.TestSuiteExecutor.accessTestSuiteMainPhase(TestSuiteExecutor.java:112)
	at com.kms.katalon.core.main.TestSuiteExecutor.execute(TestSuiteExecutor.java:81)
	at com.kms.katalon.core.main.TestCaseMain.startTestSuite(TestCaseMain.java:157)
	at com.kms.katalon.core.main.TestCaseMain$startTestSuite$0.call(Unknown Source)
	at TempTestSuite1555795243480.run(TempTestSuite1555795243480.groovy:35)
Caused by: com.kms.katalon.core.webui.exception.WebElementNotFoundException: Web element with id: 'Object Repository/Page_KiboPush  Create Broadcast Tem/media_file' located by 'By.xpath: //*[@id="List1"]/div/div/div[2]/div/input' not found
	at com.kms.katalon.core.webui.common.WebUiCommonHelper.findWebElement(WebUiCommonHelper.java:1097)
	at com.kms.katalon.core.webui.keyword.internal.WebUIAbstractKeyword.findWebElement(WebUIAbstractKeyword.groovy:27)
	at com.kms.katalon.core.webui.keyword.internal.WebUIAbstractKeyword.findWebElement(WebUIAbstractKeyword.groovy:26)
	at com.kms.katalon.core.webui.keyword.builtin.UploadFileKeyword$_uploadFile_closure1.doCall(UploadFileKeyword.groovy:79)
	at com.kms.katalon.core.webui.keyword.builtin.UploadFileKeyword$_uploadFile_closure1.call(UploadFileKeyword.groovy)
	at com.kms.katalon.core.webui.keyword.internal.WebUIKeywordMain.runKeyword(WebUIKeywordMain.groovy:20)
	at com.kms.katalon.core.webui.keyword.builtin.UploadFileKeyword.uploadFile(UploadFileKeyword.groovy:87)
	at com.kms.katalon.core.webui.keyword.builtin.UploadFileKeyword.execute(UploadFileKeyword.groovy:68)
	at com.kms.katalon.core.keyword.internal.KeywordExecutor.executeKeywordForPlatform(KeywordExecutor.groovy:56)
	at com.kms.katalon.core.webui.keyword.WebUiBuiltInKeywords.uploadFile(WebUiBuiltInKeywords.groovy:2945)
	at com.kms.katalon.core.webui.keyword.WebUiBuiltInKeywords$uploadFile$8.call(Unknown Source)
	at Script1537085415206.run(Script1537085415206.groovy:27)
	at com.kms.katalon.core.main.ScriptEngine.run(ScriptEngine.java:194)
	at com.kms.katalon.core.main.ScriptEngine.runScriptAsRawText(ScriptEngine.java:119)
	at com.kms.katalon.core.main.TestCaseExecutor.runScript(TestCaseExecutor.java:336)
	at com.kms.katalon.core.main.TestCaseExecutor.doExecute(TestCaseExecutor.java:327)
	at com.kms.katalon.core.main.TestCaseExecutor.processExecutionPhase(TestCaseExecutor.java:306)
	at com.kms.katalon.core.main.TestCaseExecutor.accessMainPhase(TestCaseExecutor.java:298)
	at com.kms.katalon.core.main.TestCaseExecutor.execute(TestCaseExecutor.java:232)
	at com.kms.katalon.core.main.TestCaseMain.runTestCase(TestCaseMain.java:114)
	at com.kms.katalon.core.keyword.builtin.CallTestCaseKeyword$_callTestCase_closure1.doCall(CallTestCaseKeyword.groovy:59)
	at com.kms.katalon.core.keyword.builtin.CallTestCaseKeyword$_callTestCase_closure1.call(CallTestCaseKeyword.groovy)
	at com.kms.katalon.core.keyword.internal.KeywordMain.runKeyword(KeywordMain.groovy:66)
	at com.kms.katalon.core.keyword.builtin.CallTestCaseKeyword.callTestCase(CallTestCaseKeyword.groovy:81)
	at com.kms.katalon.core.keyword.builtin.CallTestCaseKeyword.execute(CallTestCaseKeyword.groovy:44)
	at com.kms.katalon.core.keyword.internal.KeywordExecutor.executeKeywordForPlatform(KeywordExecutor.groovy:56)
	at com.kms.katalon.core.keyword.BuiltinKeywords.callTestCase(BuiltinKeywords.groovy:334)
	at Script1537085770452.run(Script1537085770452.groovy:22)
	... 13 more
)

2019-04-21 02:43:35 - [MESSAGE][INFO] - Unable to find the element located by 'By.xpath: //*[@id="List1"]/div/div/div[2]/div/input'. Please recheck the objects properties to make sure the desired element is located. 

2019-04-21 02:43:36 - [MESSAGE][FAILED] - Unable to upload file '/home/faizan/Drive/KiboPush_Automated_Testing/KiboPush Katalon/sample.jpg' to object 'Object Repository/Page_KiboPush  Create Broadcast Tem/media_file' (Root cause: com.kms.katalon.core.exception.StepFailedException: Unable to upload file '/home/faizan/Drive/KiboPush_Automated_Testing/KiboPush Katalon/sample.jpg' to object 'Object Repository/Page_KiboPush  Create Broadcast Tem/media_file'
	at com.kms.katalon.core.webui.keyword.internal.WebUIKeywordMain.stepFailed(WebUIKeywordMain.groovy:64)
	at com.kms.katalon.core.webui.keyword.internal.WebUIKeywordMain.runKeyword(WebUIKeywordMain.groovy:26)
	at com.kms.katalon.core.webui.keyword.builtin.UploadFileKeyword.uploadFile(UploadFileKeyword.groovy:87)
	at com.kms.katalon.core.webui.keyword.builtin.UploadFileKeyword.execute(UploadFileKeyword.groovy:68)
	at com.kms.katalon.core.keyword.internal.KeywordExecutor.executeKeywordForPlatform(KeywordExecutor.groovy:56)
	at com.kms.katalon.core.webui.keyword.WebUiBuiltInKeywords.uploadFile(WebUiBuiltInKeywords.groovy:2945)
	at com.kms.katalon.core.webui.keyword.WebUiBuiltInKeywords$uploadFile$8.call(Unknown Source)
	at TC0816.run(TC0816:27)
	at com.kms.katalon.core.main.ScriptEngine.run(ScriptEngine.java:194)
	at com.kms.katalon.core.main.ScriptEngine.runScriptAsRawText(ScriptEngine.java:119)
	at com.kms.katalon.core.main.TestCaseExecutor.runScript(TestCaseExecutor.java:336)
	at com.kms.katalon.core.main.TestCaseExecutor.doExecute(TestCaseExecutor.java:327)
	at com.kms.katalon.core.main.TestCaseExecutor.processExecutionPhase(TestCaseExecutor.java:306)
	at com.kms.katalon.core.main.TestCaseExecutor.accessMainPhase(TestCaseExecutor.java:298)
	at com.kms.katalon.core.main.TestCaseExecutor.execute(TestCaseExecutor.java:232)
	at com.kms.katalon.core.main.TestCaseMain.runTestCase(TestCaseMain.java:114)
	at com.kms.katalon.core.keyword.builtin.CallTestCaseKeyword$_callTestCase_closure1.doCall(CallTestCaseKeyword.groovy:59)
	at com.kms.katalon.core.keyword.builtin.CallTestCaseKeyword$_callTestCase_closure1.call(CallTestCaseKeyword.groovy)
	at com.kms.katalon.core.keyword.internal.KeywordMain.runKeyword(KeywordMain.groovy:66)
	at com.kms.katalon.core.keyword.builtin.CallTestCaseKeyword.callTestCase(CallTestCaseKeyword.groovy:81)
	at com.kms.katalon.core.keyword.builtin.CallTestCaseKeyword.execute(CallTestCaseKeyword.groovy:44)
	at com.kms.katalon.core.keyword.internal.KeywordExecutor.executeKeywordForPlatform(KeywordExecutor.groovy:56)
	at com.kms.katalon.core.keyword.BuiltinKeywords.callTestCase(BuiltinKeywords.groovy:334)
	at TC0817.run(TC0817:22)
	at com.kms.katalon.core.main.ScriptEngine.run(ScriptEngine.java:194)
	at com.kms.katalon.core.main.ScriptEngine.runScriptAsRawText(ScriptEngine.java:119)
	at com.kms.katalon.core.main.TestCaseExecutor.runScript(TestCaseExecutor.java:336)
	at com.kms.katalon.core.main.TestCaseExecutor.doExecute(TestCaseExecutor.java:327)
	at com.kms.katalon.core.main.TestCaseExecutor.processExecutionPhase(TestCaseExecutor.java:306)
	at com.kms.katalon.core.main.TestCaseExecutor.accessMainPhase(TestCaseExecutor.java:298)
	at com.kms.katalon.core.main.TestCaseExecutor.execute(TestCaseExecutor.java:232)
	at com.kms.katalon.core.main.TestSuiteExecutor.accessTestCaseMainPhase(TestSuiteExecutor.java:129)
	at com.kms.katalon.core.main.TestSuiteExecutor.accessTestSuiteMainPhase(TestSuiteExecutor.java:112)
	at com.kms.katalon.core.main.TestSuiteExecutor.execute(TestSuiteExecutor.java:81)
	at com.kms.katalon.core.main.TestCaseMain.startTestSuite(TestCaseMain.java:157)
	at com.kms.katalon.core.main.TestCaseMain$startTestSuite$0.call(Unknown Source)
	at TempTestSuite1555795243480.run(TempTestSuite1555795243480.groovy:35)
Caused by: com.kms.katalon.core.webui.exception.WebElementNotFoundException: Web element with id: 'Object Repository/Page_KiboPush  Create Broadcast Tem/media_file' located by 'By.xpath: //*[@id="List1"]/div/div/div[2]/div/input' not found
	at com.kms.katalon.core.webui.common.WebUiCommonHelper.findWebElement(WebUiCommonHelper.java:1097)
	at com.kms.katalon.core.webui.keyword.internal.WebUIAbstractKeyword.findWebElement(WebUIAbstractKeyword.groovy:27)
	at com.kms.katalon.core.webui.keyword.internal.WebUIAbstractKeyword.findWebElement(WebUIAbstractKeyword.groovy:26)
	at com.kms.katalon.core.webui.keyword.builtin.UploadFileKeyword$_uploadFile_closure1.doCall(UploadFileKeyword.groovy:79)
	at com.kms.katalon.core.webui.keyword.builtin.UploadFileKeyword$_uploadFile_closure1.call(UploadFileKeyword.groovy)
	at com.kms.katalon.core.webui.keyword.internal.WebUIKeywordMain.runKeyword(WebUIKeywordMain.groovy:20)
	at com.kms.katalon.core.webui.keyword.builtin.UploadFileKeyword.uploadFile(UploadFileKeyword.groovy:87)
	at com.kms.katalon.core.webui.keyword.builtin.UploadFileKeyword.execute(UploadFileKeyword.groovy:68)
	at com.kms.katalon.core.keyword.internal.KeywordExecutor.executeKeywordForPlatform(KeywordExecutor.groovy:56)
	at com.kms.katalon.core.webui.keyword.WebUiBuiltInKeywords.uploadFile(WebUiBuiltInKeywords.groovy:2945)
	at com.kms.katalon.core.webui.keyword.WebUiBuiltInKeywords$uploadFile$8.call(Unknown Source)
	at Script1537085415206.run(Script1537085415206.groovy:27)
	at com.kms.katalon.core.main.ScriptEngine.run(ScriptEngine.java:194)
	at com.kms.katalon.core.main.ScriptEngine.runScriptAsRawText(ScriptEngine.java:119)
	at com.kms.katalon.core.main.TestCaseExecutor.runScript(TestCaseExecutor.java:336)
	at com.kms.katalon.core.main.TestCaseExecutor.doExecute(TestCaseExecutor.java:327)
	at com.kms.katalon.core.main.TestCaseExecutor.processExecutionPhase(TestCaseExecutor.java:306)
	at com.kms.katalon.core.main.TestCaseExecutor.accessMainPhase(TestCaseExecutor.java:298)
	at com.kms.katalon.core.main.TestCaseExecutor.execute(TestCaseExecutor.java:232)
	at com.kms.katalon.core.main.TestCaseMain.runTestCase(TestCaseMain.java:114)
	at com.kms.katalon.core.keyword.builtin.CallTestCaseKeyword$_callTestCase_closure1.doCall(CallTestCaseKeyword.groovy:59)
	at com.kms.katalon.core.keyword.builtin.CallTestCaseKeyword$_callTestCase_closure1.call(CallTestCaseKeyword.groovy)
	at com.kms.katalon.core.keyword.internal.KeywordMain.runKeyword(KeywordMain.groovy:66)
	at com.kms.katalon.core.keyword.builtin.CallTestCaseKeyword.callTestCase(CallTestCaseKeyword.groovy:81)
	at com.kms.katalon.core.keyword.builtin.CallTestCaseKeyword.execute(CallTestCaseKeyword.groovy:44)
	at com.kms.katalon.core.keyword.internal.KeywordExecutor.executeKeywordForPlatform(KeywordExecutor.groovy:56)
	at com.kms.katalon.core.keyword.BuiltinKeywords.callTestCase(BuiltinKeywords.groovy:334)
	at Script1537085770452.run(Script1537085770452.groovy:22)
	... 13 more
)
[[ATTACHMENT|/home/faizan/Drive/KiboPush_Automated_Testing/KiboPush Katalon/Reports/Faizan Suits/Template/20190421_022043/1555796615895.png]]

2019-04-21 02:43:36 - [MESSAGE][FAILED] - Unable to call Test Case 'Test Cases/Template testcases/TC0816' (Root cause: com.kms.katalon.core.exception.StepFailedException: Call Test Case 'Test Cases/Template testcases/TC0816' failed
	at com.kms.katalon.core.keyword.builtin.CallTestCaseKeyword$_callTestCase_closure1.doCall(CallTestCaseKeyword.groovy:63)
	at com.kms.katalon.core.keyword.builtin.CallTestCaseKeyword$_callTestCase_closure1.call(CallTestCaseKeyword.groovy)
	at com.kms.katalon.core.keyword.internal.KeywordMain.runKeyword(KeywordMain.groovy:66)
	at com.kms.katalon.core.keyword.builtin.CallTestCaseKeyword.callTestCase(CallTestCaseKeyword.groovy:81)
	at com.kms.katalon.core.keyword.builtin.CallTestCaseKeyword.execute(CallTestCaseKeyword.groovy:44)
	at com.kms.katalon.core.keyword.internal.KeywordExecutor.executeKeywordForPlatform(KeywordExecutor.groovy:56)
	at com.kms.katalon.core.keyword.BuiltinKeywords.callTestCase(BuiltinKeywords.groovy:334)
	at TC0817.run(TC0817:22)
	at com.kms.katalon.core.main.ScriptEngine.run(ScriptEngine.java:194)
	at com.kms.katalon.core.main.ScriptEngine.runScriptAsRawText(ScriptEngine.java:119)
	at com.kms.katalon.core.main.TestCaseExecutor.runScript(TestCaseExecutor.java:336)
	at com.kms.katalon.core.main.TestCaseExecutor.doExecute(TestCaseExecutor.java:327)
	at com.kms.katalon.core.main.TestCaseExecutor.processExecutionPhase(TestCaseExecutor.java:306)
	at com.kms.katalon.core.main.TestCaseExecutor.accessMainPhase(TestCaseExecutor.java:298)
	at com.kms.katalon.core.main.TestCaseExecutor.execute(TestCaseExecutor.java:232)
	at com.kms.katalon.core.main.TestSuiteExecutor.accessTestCaseMainPhase(TestSuiteExecutor.java:129)
	at com.kms.katalon.core.main.TestSuiteExecutor.accessTestSuiteMainPhase(TestSuiteExecutor.java:112)
	at com.kms.katalon.core.main.TestSuiteExecutor.execute(TestSuiteExecutor.java:81)
	at com.kms.katalon.core.main.TestCaseMain.startTestSuite(TestCaseMain.java:157)
	at com.kms.katalon.core.main.TestCaseMain$startTestSuite$0.call(Unknown Source)
	at TempTestSuite1555795243480.run(TempTestSuite1555795243480.groovy:35)
Caused by: com.kms.katalon.core.exception.StepFailedException: Unable to upload file '/home/faizan/Drive/KiboPush_Automated_Testing/KiboPush Katalon/sample.jpg' to object 'Object Repository/Page_KiboPush  Create Broadcast Tem/media_file'
	at com.kms.katalon.core.webui.keyword.internal.WebUIKeywordMain.stepFailed(WebUIKeywordMain.groovy:64)
	at com.kms.katalon.core.webui.keyword.internal.WebUIKeywordMain.runKeyword(WebUIKeywordMain.groovy:26)
	at com.kms.katalon.core.webui.keyword.builtin.UploadFileKeyword.uploadFile(UploadFileKeyword.groovy:87)
	at com.kms.katalon.core.webui.keyword.builtin.UploadFileKeyword.execute(UploadFileKeyword.groovy:68)
	at com.kms.katalon.core.keyword.internal.KeywordExecutor.executeKeywordForPlatform(KeywordExecutor.groovy:56)
	at com.kms.katalon.core.webui.keyword.WebUiBuiltInKeywords.uploadFile(WebUiBuiltInKeywords.groovy:2945)
	at com.kms.katalon.core.webui.keyword.WebUiBuiltInKeywords$uploadFile$8.call(Unknown Source)
	at TC0816.run(TC0816:27)
	at com.kms.katalon.core.main.ScriptEngine.run(ScriptEngine.java:194)
	at com.kms.katalon.core.main.ScriptEngine.runScriptAsRawText(ScriptEngine.java:119)
	at com.kms.katalon.core.main.TestCaseExecutor.runScript(TestCaseExecutor.java:336)
	at com.kms.katalon.core.main.TestCaseExecutor.doExecute(TestCaseExecutor.java:327)
	at com.kms.katalon.core.main.TestCaseExecutor.processExecutionPhase(TestCaseExecutor.java:306)
	at com.kms.katalon.core.main.TestCaseExecutor.accessMainPhase(TestCaseExecutor.java:298)
	at com.kms.katalon.core.main.TestCaseExecutor.execute(TestCaseExecutor.java:232)
	at com.kms.katalon.core.main.TestCaseMain.runTestCase(TestCaseMain.java:114)
	at com.kms.katalon.core.keyword.builtin.CallTestCaseKeyword$_callTestCase_closure1.doCall(CallTestCaseKeyword.groovy:59)
	... 20 more
Caused by: com.kms.katalon.core.webui.exception.WebElementNotFoundException: Web element with id: 'Object Repository/Page_KiboPush  Create Broadcast Tem/media_file' located by 'By.xpath: //*[@id="List1"]/div/div/div[2]/div/input' not found
	at com.kms.katalon.core.webui.common.WebUiCommonHelper.findWebElement(WebUiCommonHelper.java:1097)
	at com.kms.katalon.core.webui.keyword.internal.WebUIAbstractKeyword.findWebElement(WebUIAbstractKeyword.groovy:27)
	at com.kms.katalon.core.webui.keyword.internal.WebUIAbstractKeyword.findWebElement(WebUIAbstractKeyword.groovy:26)
	at com.kms.katalon.core.webui.keyword.builtin.UploadFileKeyword$_uploadFile_closure1.doCall(UploadFileKeyword.groovy:79)
	at com.kms.katalon.core.webui.keyword.builtin.UploadFileKeyword$_uploadFile_closure1.call(UploadFileKeyword.groovy)
	at com.kms.katalon.core.webui.keyword.internal.WebUIKeywordMain.runKeyword(WebUIKeywordMain.groovy:20)
	at com.kms.katalon.core.webui.keyword.builtin.UploadFileKeyword.uploadFile(UploadFileKeyword.groovy:87)
	at com.kms.katalon.core.webui.keyword.builtin.UploadFileKeyword.execute(UploadFileKeyword.groovy:68)
	at com.kms.katalon.core.keyword.internal.KeywordExecutor.executeKeywordForPlatform(KeywordExecutor.groovy:56)
	at com.kms.katalon.core.webui.keyword.WebUiBuiltInKeywords.uploadFile(WebUiBuiltInKeywords.groovy:2945)
	at com.kms.katalon.core.webui.keyword.WebUiBuiltInKeywords$uploadFile$8.call(Unknown Source)
	at Script1537085415206.run(Script1537085415206.groovy:27)
	at com.kms.katalon.core.main.ScriptEngine.run(ScriptEngine.java:194)
	at com.kms.katalon.core.main.ScriptEngine.runScriptAsRawText(ScriptEngine.java:119)
	at com.kms.katalon.core.main.TestCaseExecutor.runScript(TestCaseExecutor.java:336)
	at com.kms.katalon.core.main.TestCaseExecutor.doExecute(TestCaseExecutor.java:327)
	at com.kms.katalon.core.main.TestCaseExecutor.processExecutionPhase(TestCaseExecutor.java:306)
	at com.kms.katalon.core.main.TestCaseExecutor.accessMainPhase(TestCaseExecutor.java:298)
	at com.kms.katalon.core.main.TestCaseExecutor.execute(TestCaseExecutor.java:232)
	at com.kms.katalon.core.main.TestCaseMain.runTestCase(TestCaseMain.java:114)
	at com.kms.katalon.core.keyword.builtin.CallTestCaseKeyword$_callTestCase_closure1.doCall(CallTestCaseKeyword.groovy:59)
	at com.kms.katalon.core.keyword.builtin.CallTestCaseKeyword$_callTestCase_closure1.call(CallTestCaseKeyword.groovy)
	at com.kms.katalon.core.keyword.internal.KeywordMain.runKeyword(KeywordMain.groovy:66)
	at com.kms.katalon.core.keyword.builtin.CallTestCaseKeyword.callTestCase(CallTestCaseKeyword.groovy:81)
	at com.kms.katalon.core.keyword.builtin.CallTestCaseKeyword.execute(CallTestCaseKeyword.groovy:44)
	at com.kms.katalon.core.keyword.internal.KeywordExecutor.executeKeywordForPlatform(KeywordExecutor.groovy:56)
	at com.kms.katalon.core.keyword.BuiltinKeywords.callTestCase(BuiltinKeywords.groovy:334)
	at Script1537085770452.run(Script1537085770452.groovy:22)
	... 13 more
)]]></system-out>
         <system-err><![CDATA[2019-04-21 02:42:55 - [TEST_CASE][FAILED] - Test Cases/Template testcases/TC0817: Test Cases/Template testcases/TC0817 FAILED.
Reason:
com.kms.katalon.core.exception.StepFailedException: Call Test Case 'Test Cases/Template testcases/TC0816' failed
	at com.kms.katalon.core.keyword.builtin.CallTestCaseKeyword$_callTestCase_closure1.doCall(CallTestCaseKeyword.groovy:63)
	at com.kms.katalon.core.keyword.builtin.CallTestCaseKeyword$_callTestCase_closure1.call(CallTestCaseKeyword.groovy)
	at com.kms.katalon.core.keyword.internal.KeywordMain.runKeyword(KeywordMain.groovy:66)
	at com.kms.katalon.core.keyword.builtin.CallTestCaseKeyword.callTestCase(CallTestCaseKeyword.groovy:81)
	at com.kms.katalon.core.keyword.builtin.CallTestCaseKeyword.execute(CallTestCaseKeyword.groovy:44)
	at com.kms.katalon.core.keyword.internal.KeywordExecutor.executeKeywordForPlatform(KeywordExecutor.groovy:56)
	at com.kms.katalon.core.keyword.BuiltinKeywords.callTestCase(BuiltinKeywords.groovy:334)
	at TC0817.run(TC0817:22)
	at com.kms.katalon.core.main.ScriptEngine.run(ScriptEngine.java:194)
	at com.kms.katalon.core.main.ScriptEngine.runScriptAsRawText(ScriptEngine.java:119)
	at com.kms.katalon.core.main.TestCaseExecutor.runScript(TestCaseExecutor.java:336)
	at com.kms.katalon.core.main.TestCaseExecutor.doExecute(TestCaseExecutor.java:327)
	at com.kms.katalon.core.main.TestCaseExecutor.processExecutionPhase(TestCaseExecutor.java:306)
	at com.kms.katalon.core.main.TestCaseExecutor.accessMainPhase(TestCaseExecutor.java:298)
	at com.kms.katalon.core.main.TestCaseExecutor.execute(TestCaseExecutor.java:232)
	at com.kms.katalon.core.main.TestSuiteExecutor.accessTestCaseMainPhase(TestSuiteExecutor.java:129)
	at com.kms.katalon.core.main.TestSuiteExecutor.accessTestSuiteMainPhase(TestSuiteExecutor.java:112)
	at com.kms.katalon.core.main.TestSuiteExecutor.execute(TestSuiteExecutor.java:81)
	at com.kms.katalon.core.main.TestCaseMain.startTestSuite(TestCaseMain.java:157)
	at com.kms.katalon.core.main.TestCaseMain$startTestSuite$0.call(Unknown Source)
	at TempTestSuite1555795243480.run(TempTestSuite1555795243480.groovy:35)
Caused by: com.kms.katalon.core.exception.StepFailedException: Unable to upload file '/home/faizan/Drive/KiboPush_Automated_Testing/KiboPush Katalon/sample.jpg' to object 'Object Repository/Page_KiboPush  Create Broadcast Tem/media_file'
	at com.kms.katalon.core.webui.keyword.internal.WebUIKeywordMain.stepFailed(WebUIKeywordMain.groovy:64)
	at com.kms.katalon.core.webui.keyword.internal.WebUIKeywordMain.runKeyword(WebUIKeywordMain.groovy:26)
	at com.kms.katalon.core.webui.keyword.builtin.UploadFileKeyword.uploadFile(UploadFileKeyword.groovy:87)
	at com.kms.katalon.core.webui.keyword.builtin.UploadFileKeyword.execute(UploadFileKeyword.groovy:68)
	at com.kms.katalon.core.keyword.internal.KeywordExecutor.executeKeywordForPlatform(KeywordExecutor.groovy:56)
	at com.kms.katalon.core.webui.keyword.WebUiBuiltInKeywords.uploadFile(WebUiBuiltInKeywords.groovy:2945)
	at com.kms.katalon.core.webui.keyword.WebUiBuiltInKeywords$uploadFile$8.call(Unknown Source)
	at TC0816.run(TC0816:27)
	at com.kms.katalon.core.main.ScriptEngine.run(ScriptEngine.java:194)
	at com.kms.katalon.core.main.ScriptEngine.runScriptAsRawText(ScriptEngine.java:119)
	at com.kms.katalon.core.main.TestCaseExecutor.runScript(TestCaseExecutor.java:336)
	at com.kms.katalon.core.main.TestCaseExecutor.doExecute(TestCaseExecutor.java:327)
	at com.kms.katalon.core.main.TestCaseExecutor.processExecutionPhase(TestCaseExecutor.java:306)
	at com.kms.katalon.core.main.TestCaseExecutor.accessMainPhase(TestCaseExecutor.java:298)
	at com.kms.katalon.core.main.TestCaseExecutor.execute(TestCaseExecutor.java:232)
	at com.kms.katalon.core.main.TestCaseMain.runTestCase(TestCaseMain.java:114)
	at com.kms.katalon.core.keyword.builtin.CallTestCaseKeyword$_callTestCase_closure1.doCall(CallTestCaseKeyword.groovy:59)
	... 20 more
Caused by: com.kms.katalon.core.webui.exception.WebElementNotFoundException: Web element with id: 'Object Repository/Page_KiboPush  Create Broadcast Tem/media_file' located by 'By.xpath: //*[@id="List1"]/div/div/div[2]/div/input' not found
	at com.kms.katalon.core.webui.common.WebUiCommonHelper.findWebElement(WebUiCommonHelper.java:1097)
	at com.kms.katalon.core.webui.keyword.internal.WebUIAbstractKeyword.findWebElement(WebUIAbstractKeyword.groovy:27)
	at com.kms.katalon.core.webui.keyword.internal.WebUIAbstractKeyword.findWebElement(WebUIAbstractKeyword.groovy:26)
	at com.kms.katalon.core.webui.keyword.builtin.UploadFileKeyword$_uploadFile_closure1.doCall(UploadFileKeyword.groovy:79)
	at com.kms.katalon.core.webui.keyword.builtin.UploadFileKeyword$_uploadFile_closure1.call(UploadFileKeyword.groovy)
	at com.kms.katalon.core.webui.keyword.internal.WebUIKeywordMain.runKeyword(WebUIKeywordMain.groovy:20)
	at com.kms.katalon.core.webui.keyword.builtin.UploadFileKeyword.uploadFile(UploadFileKeyword.groovy:87)
	at com.kms.katalon.core.webui.keyword.builtin.UploadFileKeyword.execute(UploadFileKeyword.groovy:68)
	at com.kms.katalon.core.keyword.internal.KeywordExecutor.executeKeywordForPlatform(KeywordExecutor.groovy:56)
	at com.kms.katalon.core.webui.keyword.WebUiBuiltInKeywords.uploadFile(WebUiBuiltInKeywords.groovy:2945)
	at com.kms.katalon.core.webui.keyword.WebUiBuiltInKeywords$uploadFile$8.call(Unknown Source)
	at Script1537085415206.run(Script1537085415206.groovy:27)
	at com.kms.katalon.core.main.ScriptEngine.run(ScriptEngine.java:194)
	at com.kms.katalon.core.main.ScriptEngine.runScriptAsRawText(ScriptEngine.java:119)
	at com.kms.katalon.core.main.TestCaseExecutor.runScript(TestCaseExecutor.java:336)
	at com.kms.katalon.core.main.TestCaseExecutor.doExecute(TestCaseExecutor.java:327)
	at com.kms.katalon.core.main.TestCaseExecutor.processExecutionPhase(TestCaseExecutor.java:306)
	at com.kms.katalon.core.main.TestCaseExecutor.accessMainPhase(TestCaseExecutor.java:298)
	at com.kms.katalon.core.main.TestCaseExecutor.execute(TestCaseExecutor.java:232)
	at com.kms.katalon.core.main.TestCaseMain.runTestCase(TestCaseMain.java:114)
	at com.kms.katalon.core.keyword.builtin.CallTestCaseKeyword$_callTestCase_closure1.doCall(CallTestCaseKeyword.groovy:59)
	at com.kms.katalon.core.keyword.builtin.CallTestCaseKeyword$_callTestCase_closure1.call(CallTestCaseKeyword.groovy)
	at com.kms.katalon.core.keyword.internal.KeywordMain.runKeyword(KeywordMain.groovy:66)
	at com.kms.katalon.core.keyword.builtin.CallTestCaseKeyword.callTestCase(CallTestCaseKeyword.groovy:81)
	at com.kms.katalon.core.keyword.builtin.CallTestCaseKeyword.execute(CallTestCaseKeyword.groovy:44)
	at com.kms.katalon.core.keyword.internal.KeywordExecutor.executeKeywordForPlatform(KeywordExecutor.groovy:56)
	at com.kms.katalon.core.keyword.BuiltinKeywords.callTestCase(BuiltinKeywords.groovy:334)
	at Script1537085770452.run(Script1537085770452.groovy:22)
	... 13 more]]></system-err>
      </testcase>
      <testcase name="Test Cases/Template testcases/TC0818" classname="Test Cases/Template testcases/TC0818" status="FAILED">
         <failure type="FAILED" message="Test Cases/Template testcases/TC0818 FAILED.
Reason:
com.kms.katalon.core.exception.StepFailedException: Call Test Case 'Test Cases/Template testcases/TC0817' failed
	at com.kms.katalon.core.keyword.builtin.CallTestCaseKeyword$_callTestCase_closure1.doCall(CallTestCaseKeyword.groovy:63)
	at com.kms.katalon.core.keyword.builtin.CallTestCaseKeyword$_callTestCase_closure1.call(CallTestCaseKeyword.groovy)
	at com.kms.katalon.core.keyword.internal.KeywordMain.runKeyword(KeywordMain.groovy:66)
	at com.kms.katalon.core.keyword.builtin.CallTestCaseKeyword.callTestCase(CallTestCaseKeyword.groovy:81)
	at com.kms.katalon.core.keyword.builtin.CallTestCaseKeyword.execute(CallTestCaseKeyword.groovy:44)
	at com.kms.katalon.core.keyword.internal.KeywordExecutor.executeKeywordForPlatform(KeywordExecutor.groovy:56)
	at com.kms.katalon.core.keyword.BuiltinKeywords.callTestCase(BuiltinKeywords.groovy:334)
	at TC0818.run(TC0818:23)
	at com.kms.katalon.core.main.ScriptEngine.run(ScriptEngine.java:194)
	at com.kms.katalon.core.main.ScriptEngine.runScriptAsRawText(ScriptEngine.java:119)
	at com.kms.katalon.core.main.TestCaseExecutor.runScript(TestCaseExecutor.java:336)
	at com.kms.katalon.core.main.TestCaseExecutor.doExecute(TestCaseExecutor.java:327)
	at com.kms.katalon.core.main.TestCaseExecutor.processExecutionPhase(TestCaseExecutor.java:306)
	at com.kms.katalon.core.main.TestCaseExecutor.accessMainPhase(TestCaseExecutor.java:298)
	at com.kms.katalon.core.main.TestCaseExecutor.execute(TestCaseExecutor.java:232)
	at com.kms.katalon.core.main.TestSuiteExecutor.accessTestCaseMainPhase(TestSuiteExecutor.java:129)
	at com.kms.katalon.core.main.TestSuiteExecutor.accessTestSuiteMainPhase(TestSuiteExecutor.java:112)
	at com.kms.katalon.core.main.TestSuiteExecutor.execute(TestSuiteExecutor.java:81)
	at com.kms.katalon.core.main.TestCaseMain.startTestSuite(TestCaseMain.java:157)
	at com.kms.katalon.core.main.TestCaseMain$startTestSuite$0.call(Unknown Source)
	at TempTestSuite1555795243480.run(TempTestSuite1555795243480.groovy:35)
Caused by: com.kms.katalon.core.exception.StepFailedException: Call Test Case 'Test Cases/Template testcases/TC0816' failed
	at com.kms.katalon.core.keyword.builtin.CallTestCaseKeyword$_callTestCase_closure1.doCall(CallTestCaseKeyword.groovy:63)
	at com.kms.katalon.core.keyword.builtin.CallTestCaseKeyword$_callTestCase_closure1.call(CallTestCaseKeyword.groovy)
	at com.kms.katalon.core.keyword.internal.KeywordMain.runKeyword(KeywordMain.groovy:66)
	at com.kms.katalon.core.keyword.builtin.CallTestCaseKeyword.callTestCase(CallTestCaseKeyword.groovy:81)
	at com.kms.katalon.core.keyword.builtin.CallTestCaseKeyword.execute(CallTestCaseKeyword.groovy:44)
	at com.kms.katalon.core.keyword.internal.KeywordExecutor.executeKeywordForPlatform(KeywordExecutor.groovy:56)
	at com.kms.katalon.core.keyword.BuiltinKeywords.callTestCase(BuiltinKeywords.groovy:334)
	at TC0817.run(TC0817:22)
	at com.kms.katalon.core.main.ScriptEngine.run(ScriptEngine.java:194)
	at com.kms.katalon.core.main.ScriptEngine.runScriptAsRawText(ScriptEngine.java:119)
	at com.kms.katalon.core.main.TestCaseExecutor.runScript(TestCaseExecutor.java:336)
	at com.kms.katalon.core.main.TestCaseExecutor.doExecute(TestCaseExecutor.java:327)
	at com.kms.katalon.core.main.TestCaseExecutor.processExecutionPhase(TestCaseExecutor.java:306)
	at com.kms.katalon.core.main.TestCaseExecutor.accessMainPhase(TestCaseExecutor.java:298)
	at com.kms.katalon.core.main.TestCaseExecutor.execute(TestCaseExecutor.java:232)
	at com.kms.katalon.core.main.TestCaseMain.runTestCase(TestCaseMain.java:114)
	at com.kms.katalon.core.keyword.builtin.CallTestCaseKeyword$_callTestCase_closure1.doCall(CallTestCaseKeyword.groovy:59)
	... 20 more
Caused by: com.kms.katalon.core.exception.StepFailedException: Unable to upload file '/home/faizan/Drive/KiboPush_Automated_Testing/KiboPush Katalon/sample.jpg' to object 'Object Repository/Page_KiboPush  Create Broadcast Tem/media_file'
	at com.kms.katalon.core.webui.keyword.internal.WebUIKeywordMain.stepFailed(WebUIKeywordMain.groovy:64)
	at com.kms.katalon.core.webui.keyword.internal.WebUIKeywordMain.runKeyword(WebUIKeywordMain.groovy:26)
	at com.kms.katalon.core.webui.keyword.builtin.UploadFileKeyword.uploadFile(UploadFileKeyword.groovy:87)
	at com.kms.katalon.core.webui.keyword.builtin.UploadFileKeyword.execute(UploadFileKeyword.groovy:68)
	at com.kms.katalon.core.keyword.internal.KeywordExecutor.executeKeywordForPlatform(KeywordExecutor.groovy:56)
	at com.kms.katalon.core.webui.keyword.WebUiBuiltInKeywords.uploadFile(WebUiBuiltInKeywords.groovy:2945)
	at com.kms.katalon.core.webui.keyword.WebUiBuiltInKeywords$uploadFile$8.call(Unknown Source)
	at TC0816.run(TC0816:27)
	at com.kms.katalon.core.main.ScriptEngine.run(ScriptEngine.java:194)
	at com.kms.katalon.core.main.ScriptEngine.runScriptAsRawText(ScriptEngine.java:119)
	at com.kms.katalon.core.main.TestCaseExecutor.runScript(TestCaseExecutor.java:336)
	at com.kms.katalon.core.main.TestCaseExecutor.doExecute(TestCaseExecutor.java:327)
	at com.kms.katalon.core.main.TestCaseExecutor.processExecutionPhase(TestCaseExecutor.java:306)
	at com.kms.katalon.core.main.TestCaseExecutor.accessMainPhase(TestCaseExecutor.java:298)
	at com.kms.katalon.core.main.TestCaseExecutor.execute(TestCaseExecutor.java:232)
	at com.kms.katalon.core.main.TestCaseMain.runTestCase(TestCaseMain.java:114)
	at com.kms.katalon.core.keyword.builtin.CallTestCaseKeyword$_callTestCase_closure1.doCall(CallTestCaseKeyword.groovy:59)
	... 36 more
Caused by: com.kms.katalon.core.webui.exception.WebElementNotFoundException: Web element with id: 'Object Repository/Page_KiboPush  Create Broadcast Tem/media_file' located by 'By.xpath: //*[@id=&quot;List1&quot;]/div/div/div[2]/div/input' not found
	at com.kms.katalon.core.webui.common.WebUiCommonHelper.findWebElement(WebUiCommonHelper.java:1097)
	at com.kms.katalon.core.webui.keyword.internal.WebUIAbstractKeyword.findWebElement(WebUIAbstractKeyword.groovy:27)
	at com.kms.katalon.core.webui.keyword.internal.WebUIAbstractKeyword.findWebElement(WebUIAbstractKeyword.groovy:26)
	at com.kms.katalon.core.webui.keyword.builtin.UploadFileKeyword$_uploadFile_closure1.doCall(UploadFileKeyword.groovy:79)
	at com.kms.katalon.core.webui.keyword.builtin.UploadFileKeyword$_uploadFile_closure1.call(UploadFileKeyword.groovy)
	at com.kms.katalon.core.webui.keyword.internal.WebUIKeywordMain.runKeyword(WebUIKeywordMain.groovy:20)
	at com.kms.katalon.core.webui.keyword.builtin.UploadFileKeyword.uploadFile(UploadFileKeyword.groovy:87)
	at com.kms.katalon.core.webui.keyword.builtin.UploadFileKeyword.execute(UploadFileKeyword.groovy:68)
	at com.kms.katalon.core.keyword.internal.KeywordExecutor.executeKeywordForPlatform(KeywordExecutor.groovy:56)
	at com.kms.katalon.core.webui.keyword.WebUiBuiltInKeywords.uploadFile(WebUiBuiltInKeywords.groovy:2945)
	at com.kms.katalon.core.webui.keyword.WebUiBuiltInKeywords$uploadFile$8.call(Unknown Source)
	at Script1537085415206.run(Script1537085415206.groovy:27)
	at com.kms.katalon.core.main.ScriptEngine.run(ScriptEngine.java:194)
	at com.kms.katalon.core.main.ScriptEngine.runScriptAsRawText(ScriptEngine.java:119)
	at com.kms.katalon.core.main.TestCaseExecutor.runScript(TestCaseExecutor.java:336)
	at com.kms.katalon.core.main.TestCaseExecutor.doExecute(TestCaseExecutor.java:327)
	at com.kms.katalon.core.main.TestCaseExecutor.processExecutionPhase(TestCaseExecutor.java:306)
	at com.kms.katalon.core.main.TestCaseExecutor.accessMainPhase(TestCaseExecutor.java:298)
	at com.kms.katalon.core.main.TestCaseExecutor.execute(TestCaseExecutor.java:232)
	at com.kms.katalon.core.main.TestCaseMain.runTestCase(TestCaseMain.java:114)
	at com.kms.katalon.core.keyword.builtin.CallTestCaseKeyword$_callTestCase_closure1.doCall(CallTestCaseKeyword.groovy:59)
	at com.kms.katalon.core.keyword.builtin.CallTestCaseKeyword$_callTestCase_closure1.call(CallTestCaseKeyword.groovy)
	at com.kms.katalon.core.keyword.internal.KeywordMain.runKeyword(KeywordMain.groovy:66)
	at com.kms.katalon.core.keyword.builtin.CallTestCaseKeyword.callTestCase(CallTestCaseKeyword.groovy:81)
	at com.kms.katalon.core.keyword.builtin.CallTestCaseKeyword.execute(CallTestCaseKeyword.groovy:44)
	at com.kms.katalon.core.keyword.internal.KeywordExecutor.executeKeywordForPlatform(KeywordExecutor.groovy:56)
	at com.kms.katalon.core.keyword.BuiltinKeywords.callTestCase(BuiltinKeywords.groovy:334)
	at Script1537085770452.run(Script1537085770452.groovy:22)
	at com.kms.katalon.core.main.ScriptEngine.run(ScriptEngine.java:194)
	at com.kms.katalon.core.main.ScriptEngine.runScriptAsRawText(ScriptEngine.java:119)
	at com.kms.katalon.core.main.TestCaseExecutor.runScript(TestCaseExecutor.java:336)
	at com.kms.katalon.core.main.TestCaseExecutor.doExecute(TestCaseExecutor.java:327)
	at com.kms.katalon.core.main.TestCaseExecutor.processExecutionPhase(TestCaseExecutor.java:306)
	at com.kms.katalon.core.main.TestCaseExecutor.accessMainPhase(TestCaseExecutor.java:298)
	at com.kms.katalon.core.main.TestCaseExecutor.execute(TestCaseExecutor.java:232)
	at com.kms.katalon.core.main.TestCaseMain.runTestCase(TestCaseMain.java:114)
	at com.kms.katalon.core.keyword.builtin.CallTestCaseKeyword$_callTestCase_closure1.doCall(CallTestCaseKeyword.groovy:59)
	at com.kms.katalon.core.keyword.builtin.CallTestCaseKeyword$_callTestCase_closure1.call(CallTestCaseKeyword.groovy)
	at com.kms.katalon.core.keyword.internal.KeywordMain.runKeyword(KeywordMain.groovy:66)
	at com.kms.katalon.core.keyword.builtin.CallTestCaseKeyword.callTestCase(CallTestCaseKeyword.groovy:81)
	at com.kms.katalon.core.keyword.builtin.CallTestCaseKeyword.execute(CallTestCaseKeyword.groovy:44)
	at com.kms.katalon.core.keyword.internal.KeywordExecutor.executeKeywordForPlatform(KeywordExecutor.groovy:56)
	at com.kms.katalon.core.keyword.BuiltinKeywords.callTestCase(BuiltinKeywords.groovy:334)
	at Script1537086007731.run(Script1537086007731.groovy:23)
	... 13 more
"/>
         <system-out><![CDATA[2019-04-21 02:43:36 - [TEST_CASE][FAILED] - Test Cases/Template testcases/TC0818: Test Cases/Template testcases/TC0818 FAILED.
Reason:
com.kms.katalon.core.exception.StepFailedException: Call Test Case 'Test Cases/Template testcases/TC0817' failed
	at com.kms.katalon.core.keyword.builtin.CallTestCaseKeyword$_callTestCase_closure1.doCall(CallTestCaseKeyword.groovy:63)
	at com.kms.katalon.core.keyword.builtin.CallTestCaseKeyword$_callTestCase_closure1.call(CallTestCaseKeyword.groovy)
	at com.kms.katalon.core.keyword.internal.KeywordMain.runKeyword(KeywordMain.groovy:66)
	at com.kms.katalon.core.keyword.builtin.CallTestCaseKeyword.callTestCase(CallTestCaseKeyword.groovy:81)
	at com.kms.katalon.core.keyword.builtin.CallTestCaseKeyword.execute(CallTestCaseKeyword.groovy:44)
	at com.kms.katalon.core.keyword.internal.KeywordExecutor.executeKeywordForPlatform(KeywordExecutor.groovy:56)
	at com.kms.katalon.core.keyword.BuiltinKeywords.callTestCase(BuiltinKeywords.groovy:334)
	at TC0818.run(TC0818:23)
	at com.kms.katalon.core.main.ScriptEngine.run(ScriptEngine.java:194)
	at com.kms.katalon.core.main.ScriptEngine.runScriptAsRawText(ScriptEngine.java:119)
	at com.kms.katalon.core.main.TestCaseExecutor.runScript(TestCaseExecutor.java:336)
	at com.kms.katalon.core.main.TestCaseExecutor.doExecute(TestCaseExecutor.java:327)
	at com.kms.katalon.core.main.TestCaseExecutor.processExecutionPhase(TestCaseExecutor.java:306)
	at com.kms.katalon.core.main.TestCaseExecutor.accessMainPhase(TestCaseExecutor.java:298)
	at com.kms.katalon.core.main.TestCaseExecutor.execute(TestCaseExecutor.java:232)
	at com.kms.katalon.core.main.TestSuiteExecutor.accessTestCaseMainPhase(TestSuiteExecutor.java:129)
	at com.kms.katalon.core.main.TestSuiteExecutor.accessTestSuiteMainPhase(TestSuiteExecutor.java:112)
	at com.kms.katalon.core.main.TestSuiteExecutor.execute(TestSuiteExecutor.java:81)
	at com.kms.katalon.core.main.TestCaseMain.startTestSuite(TestCaseMain.java:157)
	at com.kms.katalon.core.main.TestCaseMain$startTestSuite$0.call(Unknown Source)
	at TempTestSuite1555795243480.run(TempTestSuite1555795243480.groovy:35)
Caused by: com.kms.katalon.core.exception.StepFailedException: Call Test Case 'Test Cases/Template testcases/TC0816' failed
	at com.kms.katalon.core.keyword.builtin.CallTestCaseKeyword$_callTestCase_closure1.doCall(CallTestCaseKeyword.groovy:63)
	at com.kms.katalon.core.keyword.builtin.CallTestCaseKeyword$_callTestCase_closure1.call(CallTestCaseKeyword.groovy)
	at com.kms.katalon.core.keyword.internal.KeywordMain.runKeyword(KeywordMain.groovy:66)
	at com.kms.katalon.core.keyword.builtin.CallTestCaseKeyword.callTestCase(CallTestCaseKeyword.groovy:81)
	at com.kms.katalon.core.keyword.builtin.CallTestCaseKeyword.execute(CallTestCaseKeyword.groovy:44)
	at com.kms.katalon.core.keyword.internal.KeywordExecutor.executeKeywordForPlatform(KeywordExecutor.groovy:56)
	at com.kms.katalon.core.keyword.BuiltinKeywords.callTestCase(BuiltinKeywords.groovy:334)
	at TC0817.run(TC0817:22)
	at com.kms.katalon.core.main.ScriptEngine.run(ScriptEngine.java:194)
	at com.kms.katalon.core.main.ScriptEngine.runScriptAsRawText(ScriptEngine.java:119)
	at com.kms.katalon.core.main.TestCaseExecutor.runScript(TestCaseExecutor.java:336)
	at com.kms.katalon.core.main.TestCaseExecutor.doExecute(TestCaseExecutor.java:327)
	at com.kms.katalon.core.main.TestCaseExecutor.processExecutionPhase(TestCaseExecutor.java:306)
	at com.kms.katalon.core.main.TestCaseExecutor.accessMainPhase(TestCaseExecutor.java:298)
	at com.kms.katalon.core.main.TestCaseExecutor.execute(TestCaseExecutor.java:232)
	at com.kms.katalon.core.main.TestCaseMain.runTestCase(TestCaseMain.java:114)
	at com.kms.katalon.core.keyword.builtin.CallTestCaseKeyword$_callTestCase_closure1.doCall(CallTestCaseKeyword.groovy:59)
	... 20 more
Caused by: com.kms.katalon.core.exception.StepFailedException: Unable to upload file '/home/faizan/Drive/KiboPush_Automated_Testing/KiboPush Katalon/sample.jpg' to object 'Object Repository/Page_KiboPush  Create Broadcast Tem/media_file'
	at com.kms.katalon.core.webui.keyword.internal.WebUIKeywordMain.stepFailed(WebUIKeywordMain.groovy:64)
	at com.kms.katalon.core.webui.keyword.internal.WebUIKeywordMain.runKeyword(WebUIKeywordMain.groovy:26)
	at com.kms.katalon.core.webui.keyword.builtin.UploadFileKeyword.uploadFile(UploadFileKeyword.groovy:87)
	at com.kms.katalon.core.webui.keyword.builtin.UploadFileKeyword.execute(UploadFileKeyword.groovy:68)
	at com.kms.katalon.core.keyword.internal.KeywordExecutor.executeKeywordForPlatform(KeywordExecutor.groovy:56)
	at com.kms.katalon.core.webui.keyword.WebUiBuiltInKeywords.uploadFile(WebUiBuiltInKeywords.groovy:2945)
	at com.kms.katalon.core.webui.keyword.WebUiBuiltInKeywords$uploadFile$8.call(Unknown Source)
	at TC0816.run(TC0816:27)
	at com.kms.katalon.core.main.ScriptEngine.run(ScriptEngine.java:194)
	at com.kms.katalon.core.main.ScriptEngine.runScriptAsRawText(ScriptEngine.java:119)
	at com.kms.katalon.core.main.TestCaseExecutor.runScript(TestCaseExecutor.java:336)
	at com.kms.katalon.core.main.TestCaseExecutor.doExecute(TestCaseExecutor.java:327)
	at com.kms.katalon.core.main.TestCaseExecutor.processExecutionPhase(TestCaseExecutor.java:306)
	at com.kms.katalon.core.main.TestCaseExecutor.accessMainPhase(TestCaseExecutor.java:298)
	at com.kms.katalon.core.main.TestCaseExecutor.execute(TestCaseExecutor.java:232)
	at com.kms.katalon.core.main.TestCaseMain.runTestCase(TestCaseMain.java:114)
	at com.kms.katalon.core.keyword.builtin.CallTestCaseKeyword$_callTestCase_closure1.doCall(CallTestCaseKeyword.groovy:59)
	... 36 more
Caused by: com.kms.katalon.core.webui.exception.WebElementNotFoundException: Web element with id: 'Object Repository/Page_KiboPush  Create Broadcast Tem/media_file' located by 'By.xpath: //*[@id="List1"]/div/div/div[2]/div/input' not found
	at com.kms.katalon.core.webui.common.WebUiCommonHelper.findWebElement(WebUiCommonHelper.java:1097)
	at com.kms.katalon.core.webui.keyword.internal.WebUIAbstractKeyword.findWebElement(WebUIAbstractKeyword.groovy:27)
	at com.kms.katalon.core.webui.keyword.internal.WebUIAbstractKeyword.findWebElement(WebUIAbstractKeyword.groovy:26)
	at com.kms.katalon.core.webui.keyword.builtin.UploadFileKeyword$_uploadFile_closure1.doCall(UploadFileKeyword.groovy:79)
	at com.kms.katalon.core.webui.keyword.builtin.UploadFileKeyword$_uploadFile_closure1.call(UploadFileKeyword.groovy)
	at com.kms.katalon.core.webui.keyword.internal.WebUIKeywordMain.runKeyword(WebUIKeywordMain.groovy:20)
	at com.kms.katalon.core.webui.keyword.builtin.UploadFileKeyword.uploadFile(UploadFileKeyword.groovy:87)
	at com.kms.katalon.core.webui.keyword.builtin.UploadFileKeyword.execute(UploadFileKeyword.groovy:68)
	at com.kms.katalon.core.keyword.internal.KeywordExecutor.executeKeywordForPlatform(KeywordExecutor.groovy:56)
	at com.kms.katalon.core.webui.keyword.WebUiBuiltInKeywords.uploadFile(WebUiBuiltInKeywords.groovy:2945)
	at com.kms.katalon.core.webui.keyword.WebUiBuiltInKeywords$uploadFile$8.call(Unknown Source)
	at Script1537085415206.run(Script1537085415206.groovy:27)
	at com.kms.katalon.core.main.ScriptEngine.run(ScriptEngine.java:194)
	at com.kms.katalon.core.main.ScriptEngine.runScriptAsRawText(ScriptEngine.java:119)
	at com.kms.katalon.core.main.TestCaseExecutor.runScript(TestCaseExecutor.java:336)
	at com.kms.katalon.core.main.TestCaseExecutor.doExecute(TestCaseExecutor.java:327)
	at com.kms.katalon.core.main.TestCaseExecutor.processExecutionPhase(TestCaseExecutor.java:306)
	at com.kms.katalon.core.main.TestCaseExecutor.accessMainPhase(TestCaseExecutor.java:298)
	at com.kms.katalon.core.main.TestCaseExecutor.execute(TestCaseExecutor.java:232)
	at com.kms.katalon.core.main.TestCaseMain.runTestCase(TestCaseMain.java:114)
	at com.kms.katalon.core.keyword.builtin.CallTestCaseKeyword$_callTestCase_closure1.doCall(CallTestCaseKeyword.groovy:59)
	at com.kms.katalon.core.keyword.builtin.CallTestCaseKeyword$_callTestCase_closure1.call(CallTestCaseKeyword.groovy)
	at com.kms.katalon.core.keyword.internal.KeywordMain.runKeyword(KeywordMain.groovy:66)
	at com.kms.katalon.core.keyword.builtin.CallTestCaseKeyword.callTestCase(CallTestCaseKeyword.groovy:81)
	at com.kms.katalon.core.keyword.builtin.CallTestCaseKeyword.execute(CallTestCaseKeyword.groovy:44)
	at com.kms.katalon.core.keyword.internal.KeywordExecutor.executeKeywordForPlatform(KeywordExecutor.groovy:56)
	at com.kms.katalon.core.keyword.BuiltinKeywords.callTestCase(BuiltinKeywords.groovy:334)
	at Script1537085770452.run(Script1537085770452.groovy:22)
	at com.kms.katalon.core.main.ScriptEngine.run(ScriptEngine.java:194)
	at com.kms.katalon.core.main.ScriptEngine.runScriptAsRawText(ScriptEngine.java:119)
	at com.kms.katalon.core.main.TestCaseExecutor.runScript(TestCaseExecutor.java:336)
	at com.kms.katalon.core.main.TestCaseExecutor.doExecute(TestCaseExecutor.java:327)
	at com.kms.katalon.core.main.TestCaseExecutor.processExecutionPhase(TestCaseExecutor.java:306)
	at com.kms.katalon.core.main.TestCaseExecutor.accessMainPhase(TestCaseExecutor.java:298)
	at com.kms.katalon.core.main.TestCaseExecutor.execute(TestCaseExecutor.java:232)
	at com.kms.katalon.core.main.TestCaseMain.runTestCase(TestCaseMain.java:114)
	at com.kms.katalon.core.keyword.builtin.CallTestCaseKeyword$_callTestCase_closure1.doCall(CallTestCaseKeyword.groovy:59)
	at com.kms.katalon.core.keyword.builtin.CallTestCaseKeyword$_callTestCase_closure1.call(CallTestCaseKeyword.groovy)
	at com.kms.katalon.core.keyword.internal.KeywordMain.runKeyword(KeywordMain.groovy:66)
	at com.kms.katalon.core.keyword.builtin.CallTestCaseKeyword.callTestCase(CallTestCaseKeyword.groovy:81)
	at com.kms.katalon.core.keyword.builtin.CallTestCaseKeyword.execute(CallTestCaseKeyword.groovy:44)
	at com.kms.katalon.core.keyword.internal.KeywordExecutor.executeKeywordForPlatform(KeywordExecutor.groovy:56)
	at com.kms.katalon.core.keyword.BuiltinKeywords.callTestCase(BuiltinKeywords.groovy:334)
	at Script1537086007731.run(Script1537086007731.groovy:23)
	... 13 more


2019-04-21 02:43:36 - [TEST_STEP][FAILED] - callTestCase(findTestCase("Template testcases/TC0817"), [:], STOP_ON_FAILURE): Unable to call Test Case 'Test Cases/Template testcases/TC0817' (Root cause: com.kms.katalon.core.exception.StepFailedException: Call Test Case 'Test Cases/Template testcases/TC0817' failed
	at com.kms.katalon.core.keyword.builtin.CallTestCaseKeyword$_callTestCase_closure1.doCall(CallTestCaseKeyword.groovy:63)
	at com.kms.katalon.core.keyword.builtin.CallTestCaseKeyword$_callTestCase_closure1.call(CallTestCaseKeyword.groovy)
	at com.kms.katalon.core.keyword.internal.KeywordMain.runKeyword(KeywordMain.groovy:66)
	at com.kms.katalon.core.keyword.builtin.CallTestCaseKeyword.callTestCase(CallTestCaseKeyword.groovy:81)
	at com.kms.katalon.core.keyword.builtin.CallTestCaseKeyword.execute(CallTestCaseKeyword.groovy:44)
	at com.kms.katalon.core.keyword.internal.KeywordExecutor.executeKeywordForPlatform(KeywordExecutor.groovy:56)
	at com.kms.katalon.core.keyword.BuiltinKeywords.callTestCase(BuiltinKeywords.groovy:334)
	at TC0818.run(TC0818:23)
	at com.kms.katalon.core.main.ScriptEngine.run(ScriptEngine.java:194)
	at com.kms.katalon.core.main.ScriptEngine.runScriptAsRawText(ScriptEngine.java:119)
	at com.kms.katalon.core.main.TestCaseExecutor.runScript(TestCaseExecutor.java:336)
	at com.kms.katalon.core.main.TestCaseExecutor.doExecute(TestCaseExecutor.java:327)
	at com.kms.katalon.core.main.TestCaseExecutor.processExecutionPhase(TestCaseExecutor.java:306)
	at com.kms.katalon.core.main.TestCaseExecutor.accessMainPhase(TestCaseExecutor.java:298)
	at com.kms.katalon.core.main.TestCaseExecutor.execute(TestCaseExecutor.java:232)
	at com.kms.katalon.core.main.TestSuiteExecutor.accessTestCaseMainPhase(TestSuiteExecutor.java:129)
	at com.kms.katalon.core.main.TestSuiteExecutor.accessTestSuiteMainPhase(TestSuiteExecutor.java:112)
	at com.kms.katalon.core.main.TestSuiteExecutor.execute(TestSuiteExecutor.java:81)
	at com.kms.katalon.core.main.TestCaseMain.startTestSuite(TestCaseMain.java:157)
	at com.kms.katalon.core.main.TestCaseMain$startTestSuite$0.call(Unknown Source)
	at TempTestSuite1555795243480.run(TempTestSuite1555795243480.groovy:35)
Caused by: com.kms.katalon.core.exception.StepFailedException: Call Test Case 'Test Cases/Template testcases/TC0816' failed
	at com.kms.katalon.core.keyword.builtin.CallTestCaseKeyword$_callTestCase_closure1.doCall(CallTestCaseKeyword.groovy:63)
	at com.kms.katalon.core.keyword.builtin.CallTestCaseKeyword$_callTestCase_closure1.call(CallTestCaseKeyword.groovy)
	at com.kms.katalon.core.keyword.internal.KeywordMain.runKeyword(KeywordMain.groovy:66)
	at com.kms.katalon.core.keyword.builtin.CallTestCaseKeyword.callTestCase(CallTestCaseKeyword.groovy:81)
	at com.kms.katalon.core.keyword.builtin.CallTestCaseKeyword.execute(CallTestCaseKeyword.groovy:44)
	at com.kms.katalon.core.keyword.internal.KeywordExecutor.executeKeywordForPlatform(KeywordExecutor.groovy:56)
	at com.kms.katalon.core.keyword.BuiltinKeywords.callTestCase(BuiltinKeywords.groovy:334)
	at TC0817.run(TC0817:22)
	at com.kms.katalon.core.main.ScriptEngine.run(ScriptEngine.java:194)
	at com.kms.katalon.core.main.ScriptEngine.runScriptAsRawText(ScriptEngine.java:119)
	at com.kms.katalon.core.main.TestCaseExecutor.runScript(TestCaseExecutor.java:336)
	at com.kms.katalon.core.main.TestCaseExecutor.doExecute(TestCaseExecutor.java:327)
	at com.kms.katalon.core.main.TestCaseExecutor.processExecutionPhase(TestCaseExecutor.java:306)
	at com.kms.katalon.core.main.TestCaseExecutor.accessMainPhase(TestCaseExecutor.java:298)
	at com.kms.katalon.core.main.TestCaseExecutor.execute(TestCaseExecutor.java:232)
	at com.kms.katalon.core.main.TestCaseMain.runTestCase(TestCaseMain.java:114)
	at com.kms.katalon.core.keyword.builtin.CallTestCaseKeyword$_callTestCase_closure1.doCall(CallTestCaseKeyword.groovy:59)
	... 20 more
Caused by: com.kms.katalon.core.exception.StepFailedException: Unable to upload file '/home/faizan/Drive/KiboPush_Automated_Testing/KiboPush Katalon/sample.jpg' to object 'Object Repository/Page_KiboPush  Create Broadcast Tem/media_file'
	at com.kms.katalon.core.webui.keyword.internal.WebUIKeywordMain.stepFailed(WebUIKeywordMain.groovy:64)
	at com.kms.katalon.core.webui.keyword.internal.WebUIKeywordMain.runKeyword(WebUIKeywordMain.groovy:26)
	at com.kms.katalon.core.webui.keyword.builtin.UploadFileKeyword.uploadFile(UploadFileKeyword.groovy:87)
	at com.kms.katalon.core.webui.keyword.builtin.UploadFileKeyword.execute(UploadFileKeyword.groovy:68)
	at com.kms.katalon.core.keyword.internal.KeywordExecutor.executeKeywordForPlatform(KeywordExecutor.groovy:56)
	at com.kms.katalon.core.webui.keyword.WebUiBuiltInKeywords.uploadFile(WebUiBuiltInKeywords.groovy:2945)
	at com.kms.katalon.core.webui.keyword.WebUiBuiltInKeywords$uploadFile$8.call(Unknown Source)
	at TC0816.run(TC0816:27)
	at com.kms.katalon.core.main.ScriptEngine.run(ScriptEngine.java:194)
	at com.kms.katalon.core.main.ScriptEngine.runScriptAsRawText(ScriptEngine.java:119)
	at com.kms.katalon.core.main.TestCaseExecutor.runScript(TestCaseExecutor.java:336)
	at com.kms.katalon.core.main.TestCaseExecutor.doExecute(TestCaseExecutor.java:327)
	at com.kms.katalon.core.main.TestCaseExecutor.processExecutionPhase(TestCaseExecutor.java:306)
	at com.kms.katalon.core.main.TestCaseExecutor.accessMainPhase(TestCaseExecutor.java:298)
	at com.kms.katalon.core.main.TestCaseExecutor.execute(TestCaseExecutor.java:232)
	at com.kms.katalon.core.main.TestCaseMain.runTestCase(TestCaseMain.java:114)
	at com.kms.katalon.core.keyword.builtin.CallTestCaseKeyword$_callTestCase_closure1.doCall(CallTestCaseKeyword.groovy:59)
	... 36 more
Caused by: com.kms.katalon.core.webui.exception.WebElementNotFoundException: Web element with id: 'Object Repository/Page_KiboPush  Create Broadcast Tem/media_file' located by 'By.xpath: //*[@id="List1"]/div/div/div[2]/div/input' not found
	at com.kms.katalon.core.webui.common.WebUiCommonHelper.findWebElement(WebUiCommonHelper.java:1097)
	at com.kms.katalon.core.webui.keyword.internal.WebUIAbstractKeyword.findWebElement(WebUIAbstractKeyword.groovy:27)
	at com.kms.katalon.core.webui.keyword.internal.WebUIAbstractKeyword.findWebElement(WebUIAbstractKeyword.groovy:26)
	at com.kms.katalon.core.webui.keyword.builtin.UploadFileKeyword$_uploadFile_closure1.doCall(UploadFileKeyword.groovy:79)
	at com.kms.katalon.core.webui.keyword.builtin.UploadFileKeyword$_uploadFile_closure1.call(UploadFileKeyword.groovy)
	at com.kms.katalon.core.webui.keyword.internal.WebUIKeywordMain.runKeyword(WebUIKeywordMain.groovy:20)
	at com.kms.katalon.core.webui.keyword.builtin.UploadFileKeyword.uploadFile(UploadFileKeyword.groovy:87)
	at com.kms.katalon.core.webui.keyword.builtin.UploadFileKeyword.execute(UploadFileKeyword.groovy:68)
	at com.kms.katalon.core.keyword.internal.KeywordExecutor.executeKeywordForPlatform(KeywordExecutor.groovy:56)
	at com.kms.katalon.core.webui.keyword.WebUiBuiltInKeywords.uploadFile(WebUiBuiltInKeywords.groovy:2945)
	at com.kms.katalon.core.webui.keyword.WebUiBuiltInKeywords$uploadFile$8.call(Unknown Source)
	at Script1537085415206.run(Script1537085415206.groovy:27)
	at com.kms.katalon.core.main.ScriptEngine.run(ScriptEngine.java:194)
	at com.kms.katalon.core.main.ScriptEngine.runScriptAsRawText(ScriptEngine.java:119)
	at com.kms.katalon.core.main.TestCaseExecutor.runScript(TestCaseExecutor.java:336)
	at com.kms.katalon.core.main.TestCaseExecutor.doExecute(TestCaseExecutor.java:327)
	at com.kms.katalon.core.main.TestCaseExecutor.processExecutionPhase(TestCaseExecutor.java:306)
	at com.kms.katalon.core.main.TestCaseExecutor.accessMainPhase(TestCaseExecutor.java:298)
	at com.kms.katalon.core.main.TestCaseExecutor.execute(TestCaseExecutor.java:232)
	at com.kms.katalon.core.main.TestCaseMain.runTestCase(TestCaseMain.java:114)
	at com.kms.katalon.core.keyword.builtin.CallTestCaseKeyword$_callTestCase_closure1.doCall(CallTestCaseKeyword.groovy:59)
	at com.kms.katalon.core.keyword.builtin.CallTestCaseKeyword$_callTestCase_closure1.call(CallTestCaseKeyword.groovy)
	at com.kms.katalon.core.keyword.internal.KeywordMain.runKeyword(KeywordMain.groovy:66)
	at com.kms.katalon.core.keyword.builtin.CallTestCaseKeyword.callTestCase(CallTestCaseKeyword.groovy:81)
	at com.kms.katalon.core.keyword.builtin.CallTestCaseKeyword.execute(CallTestCaseKeyword.groovy:44)
	at com.kms.katalon.core.keyword.internal.KeywordExecutor.executeKeywordForPlatform(KeywordExecutor.groovy:56)
	at com.kms.katalon.core.keyword.BuiltinKeywords.callTestCase(BuiltinKeywords.groovy:334)
	at Script1537085770452.run(Script1537085770452.groovy:22)
	at com.kms.katalon.core.main.ScriptEngine.run(ScriptEngine.java:194)
	at com.kms.katalon.core.main.ScriptEngine.runScriptAsRawText(ScriptEngine.java:119)
	at com.kms.katalon.core.main.TestCaseExecutor.runScript(TestCaseExecutor.java:336)
	at com.kms.katalon.core.main.TestCaseExecutor.doExecute(TestCaseExecutor.java:327)
	at com.kms.katalon.core.main.TestCaseExecutor.processExecutionPhase(TestCaseExecutor.java:306)
	at com.kms.katalon.core.main.TestCaseExecutor.accessMainPhase(TestCaseExecutor.java:298)
	at com.kms.katalon.core.main.TestCaseExecutor.execute(TestCaseExecutor.java:232)
	at com.kms.katalon.core.main.TestCaseMain.runTestCase(TestCaseMain.java:114)
	at com.kms.katalon.core.keyword.builtin.CallTestCaseKeyword$_callTestCase_closure1.doCall(CallTestCaseKeyword.groovy:59)
	at com.kms.katalon.core.keyword.builtin.CallTestCaseKeyword$_callTestCase_closure1.call(CallTestCaseKeyword.groovy)
	at com.kms.katalon.core.keyword.internal.KeywordMain.runKeyword(KeywordMain.groovy:66)
	at com.kms.katalon.core.keyword.builtin.CallTestCaseKeyword.callTestCase(CallTestCaseKeyword.groovy:81)
	at com.kms.katalon.core.keyword.builtin.CallTestCaseKeyword.execute(CallTestCaseKeyword.groovy:44)
	at com.kms.katalon.core.keyword.internal.KeywordExecutor.executeKeywordForPlatform(KeywordExecutor.groovy:56)
	at com.kms.katalon.core.keyword.BuiltinKeywords.callTestCase(BuiltinKeywords.groovy:334)
	at Script1537086007731.run(Script1537086007731.groovy:23)
	... 13 more
)

2019-04-21 02:43:36 - [TEST_CASE][FAILED] - Test Cases/Template testcases/TC0817: Test Cases/Template testcases/TC0817 FAILED.
Reason:
com.kms.katalon.core.exception.StepFailedException: Call Test Case 'Test Cases/Template testcases/TC0816' failed
	at com.kms.katalon.core.keyword.builtin.CallTestCaseKeyword$_callTestCase_closure1.doCall(CallTestCaseKeyword.groovy:63)
	at com.kms.katalon.core.keyword.builtin.CallTestCaseKeyword$_callTestCase_closure1.call(CallTestCaseKeyword.groovy)
	at com.kms.katalon.core.keyword.internal.KeywordMain.runKeyword(KeywordMain.groovy:66)
	at com.kms.katalon.core.keyword.builtin.CallTestCaseKeyword.callTestCase(CallTestCaseKeyword.groovy:81)
	at com.kms.katalon.core.keyword.builtin.CallTestCaseKeyword.execute(CallTestCaseKeyword.groovy:44)
	at com.kms.katalon.core.keyword.internal.KeywordExecutor.executeKeywordForPlatform(KeywordExecutor.groovy:56)
	at com.kms.katalon.core.keyword.BuiltinKeywords.callTestCase(BuiltinKeywords.groovy:334)
	at TC0817.run(TC0817:22)
	at com.kms.katalon.core.main.ScriptEngine.run(ScriptEngine.java:194)
	at com.kms.katalon.core.main.ScriptEngine.runScriptAsRawText(ScriptEngine.java:119)
	at com.kms.katalon.core.main.TestCaseExecutor.runScript(TestCaseExecutor.java:336)
	at com.kms.katalon.core.main.TestCaseExecutor.doExecute(TestCaseExecutor.java:327)
	at com.kms.katalon.core.main.TestCaseExecutor.processExecutionPhase(TestCaseExecutor.java:306)
	at com.kms.katalon.core.main.TestCaseExecutor.accessMainPhase(TestCaseExecutor.java:298)
	at com.kms.katalon.core.main.TestCaseExecutor.execute(TestCaseExecutor.java:232)
	at com.kms.katalon.core.main.TestCaseMain.runTestCase(TestCaseMain.java:114)
	at com.kms.katalon.core.keyword.builtin.CallTestCaseKeyword$_callTestCase_closure1.doCall(CallTestCaseKeyword.groovy:59)
	at com.kms.katalon.core.keyword.builtin.CallTestCaseKeyword$_callTestCase_closure1.call(CallTestCaseKeyword.groovy)
	at com.kms.katalon.core.keyword.internal.KeywordMain.runKeyword(KeywordMain.groovy:66)
	at com.kms.katalon.core.keyword.builtin.CallTestCaseKeyword.callTestCase(CallTestCaseKeyword.groovy:81)
	at com.kms.katalon.core.keyword.builtin.CallTestCaseKeyword.execute(CallTestCaseKeyword.groovy:44)
	at com.kms.katalon.core.keyword.internal.KeywordExecutor.executeKeywordForPlatform(KeywordExecutor.groovy:56)
	at com.kms.katalon.core.keyword.BuiltinKeywords.callTestCase(BuiltinKeywords.groovy:334)
	at TC0818.run(TC0818:23)
	at com.kms.katalon.core.main.ScriptEngine.run(ScriptEngine.java:194)
	at com.kms.katalon.core.main.ScriptEngine.runScriptAsRawText(ScriptEngine.java:119)
	at com.kms.katalon.core.main.TestCaseExecutor.runScript(TestCaseExecutor.java:336)
	at com.kms.katalon.core.main.TestCaseExecutor.doExecute(TestCaseExecutor.java:327)
	at com.kms.katalon.core.main.TestCaseExecutor.processExecutionPhase(TestCaseExecutor.java:306)
	at com.kms.katalon.core.main.TestCaseExecutor.accessMainPhase(TestCaseExecutor.java:298)
	at com.kms.katalon.core.main.TestCaseExecutor.execute(TestCaseExecutor.java:232)
	at com.kms.katalon.core.main.TestSuiteExecutor.accessTestCaseMainPhase(TestSuiteExecutor.java:129)
	at com.kms.katalon.core.main.TestSuiteExecutor.accessTestSuiteMainPhase(TestSuiteExecutor.java:112)
	at com.kms.katalon.core.main.TestSuiteExecutor.execute(TestSuiteExecutor.java:81)
	at com.kms.katalon.core.main.TestCaseMain.startTestSuite(TestCaseMain.java:157)
	at com.kms.katalon.core.main.TestCaseMain$startTestSuite$0.call(Unknown Source)
	at TempTestSuite1555795243480.run(TempTestSuite1555795243480.groovy:35)
Caused by: com.kms.katalon.core.exception.StepFailedException: Unable to upload file '/home/faizan/Drive/KiboPush_Automated_Testing/KiboPush Katalon/sample.jpg' to object 'Object Repository/Page_KiboPush  Create Broadcast Tem/media_file'
	at com.kms.katalon.core.webui.keyword.internal.WebUIKeywordMain.stepFailed(WebUIKeywordMain.groovy:64)
	at com.kms.katalon.core.webui.keyword.internal.WebUIKeywordMain.runKeyword(WebUIKeywordMain.groovy:26)
	at com.kms.katalon.core.webui.keyword.builtin.UploadFileKeyword.uploadFile(UploadFileKeyword.groovy:87)
	at com.kms.katalon.core.webui.keyword.builtin.UploadFileKeyword.execute(UploadFileKeyword.groovy:68)
	at com.kms.katalon.core.keyword.internal.KeywordExecutor.executeKeywordForPlatform(KeywordExecutor.groovy:56)
	at com.kms.katalon.core.webui.keyword.WebUiBuiltInKeywords.uploadFile(WebUiBuiltInKeywords.groovy:2945)
	at com.kms.katalon.core.webui.keyword.WebUiBuiltInKeywords$uploadFile$8.call(Unknown Source)
	at TC0816.run(TC0816:27)
	at com.kms.katalon.core.main.ScriptEngine.run(ScriptEngine.java:194)
	at com.kms.katalon.core.main.ScriptEngine.runScriptAsRawText(ScriptEngine.java:119)
	at com.kms.katalon.core.main.TestCaseExecutor.runScript(TestCaseExecutor.java:336)
	at com.kms.katalon.core.main.TestCaseExecutor.doExecute(TestCaseExecutor.java:327)
	at com.kms.katalon.core.main.TestCaseExecutor.processExecutionPhase(TestCaseExecutor.java:306)
	at com.kms.katalon.core.main.TestCaseExecutor.accessMainPhase(TestCaseExecutor.java:298)
	at com.kms.katalon.core.main.TestCaseExecutor.execute(TestCaseExecutor.java:232)
	at com.kms.katalon.core.main.TestCaseMain.runTestCase(TestCaseMain.java:114)
	at com.kms.katalon.core.keyword.builtin.CallTestCaseKeyword$_callTestCase_closure1.doCall(CallTestCaseKeyword.groovy:59)
	... 36 more
Caused by: com.kms.katalon.core.webui.exception.WebElementNotFoundException: Web element with id: 'Object Repository/Page_KiboPush  Create Broadcast Tem/media_file' located by 'By.xpath: //*[@id="List1"]/div/div/div[2]/div/input' not found
	at com.kms.katalon.core.webui.common.WebUiCommonHelper.findWebElement(WebUiCommonHelper.java:1097)
	at com.kms.katalon.core.webui.keyword.internal.WebUIAbstractKeyword.findWebElement(WebUIAbstractKeyword.groovy:27)
	at com.kms.katalon.core.webui.keyword.internal.WebUIAbstractKeyword.findWebElement(WebUIAbstractKeyword.groovy:26)
	at com.kms.katalon.core.webui.keyword.builtin.UploadFileKeyword$_uploadFile_closure1.doCall(UploadFileKeyword.groovy:79)
	at com.kms.katalon.core.webui.keyword.builtin.UploadFileKeyword$_uploadFile_closure1.call(UploadFileKeyword.groovy)
	at com.kms.katalon.core.webui.keyword.internal.WebUIKeywordMain.runKeyword(WebUIKeywordMain.groovy:20)
	at com.kms.katalon.core.webui.keyword.builtin.UploadFileKeyword.uploadFile(UploadFileKeyword.groovy:87)
	at com.kms.katalon.core.webui.keyword.builtin.UploadFileKeyword.execute(UploadFileKeyword.groovy:68)
	at com.kms.katalon.core.keyword.internal.KeywordExecutor.executeKeywordForPlatform(KeywordExecutor.groovy:56)
	at com.kms.katalon.core.webui.keyword.WebUiBuiltInKeywords.uploadFile(WebUiBuiltInKeywords.groovy:2945)
	at com.kms.katalon.core.webui.keyword.WebUiBuiltInKeywords$uploadFile$8.call(Unknown Source)
	at Script1537085415206.run(Script1537085415206.groovy:27)
	at com.kms.katalon.core.main.ScriptEngine.run(ScriptEngine.java:194)
	at com.kms.katalon.core.main.ScriptEngine.runScriptAsRawText(ScriptEngine.java:119)
	at com.kms.katalon.core.main.TestCaseExecutor.runScript(TestCaseExecutor.java:336)
	at com.kms.katalon.core.main.TestCaseExecutor.doExecute(TestCaseExecutor.java:327)
	at com.kms.katalon.core.main.TestCaseExecutor.processExecutionPhase(TestCaseExecutor.java:306)
	at com.kms.katalon.core.main.TestCaseExecutor.accessMainPhase(TestCaseExecutor.java:298)
	at com.kms.katalon.core.main.TestCaseExecutor.execute(TestCaseExecutor.java:232)
	at com.kms.katalon.core.main.TestCaseMain.runTestCase(TestCaseMain.java:114)
	at com.kms.katalon.core.keyword.builtin.CallTestCaseKeyword$_callTestCase_closure1.doCall(CallTestCaseKeyword.groovy:59)
	at com.kms.katalon.core.keyword.builtin.CallTestCaseKeyword$_callTestCase_closure1.call(CallTestCaseKeyword.groovy)
	at com.kms.katalon.core.keyword.internal.KeywordMain.runKeyword(KeywordMain.groovy:66)
	at com.kms.katalon.core.keyword.builtin.CallTestCaseKeyword.callTestCase(CallTestCaseKeyword.groovy:81)
	at com.kms.katalon.core.keyword.builtin.CallTestCaseKeyword.execute(CallTestCaseKeyword.groovy:44)
	at com.kms.katalon.core.keyword.internal.KeywordExecutor.executeKeywordForPlatform(KeywordExecutor.groovy:56)
	at com.kms.katalon.core.keyword.BuiltinKeywords.callTestCase(BuiltinKeywords.groovy:334)
	at Script1537085770452.run(Script1537085770452.groovy:22)
	at com.kms.katalon.core.main.ScriptEngine.run(ScriptEngine.java:194)
	at com.kms.katalon.core.main.ScriptEngine.runScriptAsRawText(ScriptEngine.java:119)
	at com.kms.katalon.core.main.TestCaseExecutor.runScript(TestCaseExecutor.java:336)
	at com.kms.katalon.core.main.TestCaseExecutor.doExecute(TestCaseExecutor.java:327)
	at com.kms.katalon.core.main.TestCaseExecutor.processExecutionPhase(TestCaseExecutor.java:306)
	at com.kms.katalon.core.main.TestCaseExecutor.accessMainPhase(TestCaseExecutor.java:298)
	at com.kms.katalon.core.main.TestCaseExecutor.execute(TestCaseExecutor.java:232)
	at com.kms.katalon.core.main.TestCaseMain.runTestCase(TestCaseMain.java:114)
	at com.kms.katalon.core.keyword.builtin.CallTestCaseKeyword$_callTestCase_closure1.doCall(CallTestCaseKeyword.groovy:59)
	at com.kms.katalon.core.keyword.builtin.CallTestCaseKeyword$_callTestCase_closure1.call(CallTestCaseKeyword.groovy)
	at com.kms.katalon.core.keyword.internal.KeywordMain.runKeyword(KeywordMain.groovy:66)
	at com.kms.katalon.core.keyword.builtin.CallTestCaseKeyword.callTestCase(CallTestCaseKeyword.groovy:81)
	at com.kms.katalon.core.keyword.builtin.CallTestCaseKeyword.execute(CallTestCaseKeyword.groovy:44)
	at com.kms.katalon.core.keyword.internal.KeywordExecutor.executeKeywordForPlatform(KeywordExecutor.groovy:56)
	at com.kms.katalon.core.keyword.BuiltinKeywords.callTestCase(BuiltinKeywords.groovy:334)
	at Script1537086007731.run(Script1537086007731.groovy:23)
	... 13 more


2019-04-21 02:43:36 - [TEST_STEP][FAILED] - callTestCase(findTestCase("Template testcases/TC0816"), [:], STOP_ON_FAILURE): Unable to call Test Case 'Test Cases/Template testcases/TC0816' (Root cause: com.kms.katalon.core.exception.StepFailedException: Call Test Case 'Test Cases/Template testcases/TC0816' failed
	at com.kms.katalon.core.keyword.builtin.CallTestCaseKeyword$_callTestCase_closure1.doCall(CallTestCaseKeyword.groovy:63)
	at com.kms.katalon.core.keyword.builtin.CallTestCaseKeyword$_callTestCase_closure1.call(CallTestCaseKeyword.groovy)
	at com.kms.katalon.core.keyword.internal.KeywordMain.runKeyword(KeywordMain.groovy:66)
	at com.kms.katalon.core.keyword.builtin.CallTestCaseKeyword.callTestCase(CallTestCaseKeyword.groovy:81)
	at com.kms.katalon.core.keyword.builtin.CallTestCaseKeyword.execute(CallTestCaseKeyword.groovy:44)
	at com.kms.katalon.core.keyword.internal.KeywordExecutor.executeKeywordForPlatform(KeywordExecutor.groovy:56)
	at com.kms.katalon.core.keyword.BuiltinKeywords.callTestCase(BuiltinKeywords.groovy:334)
	at TC0817.run(TC0817:22)
	at com.kms.katalon.core.main.ScriptEngine.run(ScriptEngine.java:194)
	at com.kms.katalon.core.main.ScriptEngine.runScriptAsRawText(ScriptEngine.java:119)
	at com.kms.katalon.core.main.TestCaseExecutor.runScript(TestCaseExecutor.java:336)
	at com.kms.katalon.core.main.TestCaseExecutor.doExecute(TestCaseExecutor.java:327)
	at com.kms.katalon.core.main.TestCaseExecutor.processExecutionPhase(TestCaseExecutor.java:306)
	at com.kms.katalon.core.main.TestCaseExecutor.accessMainPhase(TestCaseExecutor.java:298)
	at com.kms.katalon.core.main.TestCaseExecutor.execute(TestCaseExecutor.java:232)
	at com.kms.katalon.core.main.TestCaseMain.runTestCase(TestCaseMain.java:114)
	at com.kms.katalon.core.keyword.builtin.CallTestCaseKeyword$_callTestCase_closure1.doCall(CallTestCaseKeyword.groovy:59)
	at com.kms.katalon.core.keyword.builtin.CallTestCaseKeyword$_callTestCase_closure1.call(CallTestCaseKeyword.groovy)
	at com.kms.katalon.core.keyword.internal.KeywordMain.runKeyword(KeywordMain.groovy:66)
	at com.kms.katalon.core.keyword.builtin.CallTestCaseKeyword.callTestCase(CallTestCaseKeyword.groovy:81)
	at com.kms.katalon.core.keyword.builtin.CallTestCaseKeyword.execute(CallTestCaseKeyword.groovy:44)
	at com.kms.katalon.core.keyword.internal.KeywordExecutor.executeKeywordForPlatform(KeywordExecutor.groovy:56)
	at com.kms.katalon.core.keyword.BuiltinKeywords.callTestCase(BuiltinKeywords.groovy:334)
	at TC0818.run(TC0818:23)
	at com.kms.katalon.core.main.ScriptEngine.run(ScriptEngine.java:194)
	at com.kms.katalon.core.main.ScriptEngine.runScriptAsRawText(ScriptEngine.java:119)
	at com.kms.katalon.core.main.TestCaseExecutor.runScript(TestCaseExecutor.java:336)
	at com.kms.katalon.core.main.TestCaseExecutor.doExecute(TestCaseExecutor.java:327)
	at com.kms.katalon.core.main.TestCaseExecutor.processExecutionPhase(TestCaseExecutor.java:306)
	at com.kms.katalon.core.main.TestCaseExecutor.accessMainPhase(TestCaseExecutor.java:298)
	at com.kms.katalon.core.main.TestCaseExecutor.execute(TestCaseExecutor.java:232)
	at com.kms.katalon.core.main.TestSuiteExecutor.accessTestCaseMainPhase(TestSuiteExecutor.java:129)
	at com.kms.katalon.core.main.TestSuiteExecutor.accessTestSuiteMainPhase(TestSuiteExecutor.java:112)
	at com.kms.katalon.core.main.TestSuiteExecutor.execute(TestSuiteExecutor.java:81)
	at com.kms.katalon.core.main.TestCaseMain.startTestSuite(TestCaseMain.java:157)
	at com.kms.katalon.core.main.TestCaseMain$startTestSuite$0.call(Unknown Source)
	at TempTestSuite1555795243480.run(TempTestSuite1555795243480.groovy:35)
Caused by: com.kms.katalon.core.exception.StepFailedException: Unable to upload file '/home/faizan/Drive/KiboPush_Automated_Testing/KiboPush Katalon/sample.jpg' to object 'Object Repository/Page_KiboPush  Create Broadcast Tem/media_file'
	at com.kms.katalon.core.webui.keyword.internal.WebUIKeywordMain.stepFailed(WebUIKeywordMain.groovy:64)
	at com.kms.katalon.core.webui.keyword.internal.WebUIKeywordMain.runKeyword(WebUIKeywordMain.groovy:26)
	at com.kms.katalon.core.webui.keyword.builtin.UploadFileKeyword.uploadFile(UploadFileKeyword.groovy:87)
	at com.kms.katalon.core.webui.keyword.builtin.UploadFileKeyword.execute(UploadFileKeyword.groovy:68)
	at com.kms.katalon.core.keyword.internal.KeywordExecutor.executeKeywordForPlatform(KeywordExecutor.groovy:56)
	at com.kms.katalon.core.webui.keyword.WebUiBuiltInKeywords.uploadFile(WebUiBuiltInKeywords.groovy:2945)
	at com.kms.katalon.core.webui.keyword.WebUiBuiltInKeywords$uploadFile$8.call(Unknown Source)
	at TC0816.run(TC0816:27)
	at com.kms.katalon.core.main.ScriptEngine.run(ScriptEngine.java:194)
	at com.kms.katalon.core.main.ScriptEngine.runScriptAsRawText(ScriptEngine.java:119)
	at com.kms.katalon.core.main.TestCaseExecutor.runScript(TestCaseExecutor.java:336)
	at com.kms.katalon.core.main.TestCaseExecutor.doExecute(TestCaseExecutor.java:327)
	at com.kms.katalon.core.main.TestCaseExecutor.processExecutionPhase(TestCaseExecutor.java:306)
	at com.kms.katalon.core.main.TestCaseExecutor.accessMainPhase(TestCaseExecutor.java:298)
	at com.kms.katalon.core.main.TestCaseExecutor.execute(TestCaseExecutor.java:232)
	at com.kms.katalon.core.main.TestCaseMain.runTestCase(TestCaseMain.java:114)
	at com.kms.katalon.core.keyword.builtin.CallTestCaseKeyword$_callTestCase_closure1.doCall(CallTestCaseKeyword.groovy:59)
	... 36 more
Caused by: com.kms.katalon.core.webui.exception.WebElementNotFoundException: Web element with id: 'Object Repository/Page_KiboPush  Create Broadcast Tem/media_file' located by 'By.xpath: //*[@id="List1"]/div/div/div[2]/div/input' not found
	at com.kms.katalon.core.webui.common.WebUiCommonHelper.findWebElement(WebUiCommonHelper.java:1097)
	at com.kms.katalon.core.webui.keyword.internal.WebUIAbstractKeyword.findWebElement(WebUIAbstractKeyword.groovy:27)
	at com.kms.katalon.core.webui.keyword.internal.WebUIAbstractKeyword.findWebElement(WebUIAbstractKeyword.groovy:26)
	at com.kms.katalon.core.webui.keyword.builtin.UploadFileKeyword$_uploadFile_closure1.doCall(UploadFileKeyword.groovy:79)
	at com.kms.katalon.core.webui.keyword.builtin.UploadFileKeyword$_uploadFile_closure1.call(UploadFileKeyword.groovy)
	at com.kms.katalon.core.webui.keyword.internal.WebUIKeywordMain.runKeyword(WebUIKeywordMain.groovy:20)
	at com.kms.katalon.core.webui.keyword.builtin.UploadFileKeyword.uploadFile(UploadFileKeyword.groovy:87)
	at com.kms.katalon.core.webui.keyword.builtin.UploadFileKeyword.execute(UploadFileKeyword.groovy:68)
	at com.kms.katalon.core.keyword.internal.KeywordExecutor.executeKeywordForPlatform(KeywordExecutor.groovy:56)
	at com.kms.katalon.core.webui.keyword.WebUiBuiltInKeywords.uploadFile(WebUiBuiltInKeywords.groovy:2945)
	at com.kms.katalon.core.webui.keyword.WebUiBuiltInKeywords$uploadFile$8.call(Unknown Source)
	at Script1537085415206.run(Script1537085415206.groovy:27)
	at com.kms.katalon.core.main.ScriptEngine.run(ScriptEngine.java:194)
	at com.kms.katalon.core.main.ScriptEngine.runScriptAsRawText(ScriptEngine.java:119)
	at com.kms.katalon.core.main.TestCaseExecutor.runScript(TestCaseExecutor.java:336)
	at com.kms.katalon.core.main.TestCaseExecutor.doExecute(TestCaseExecutor.java:327)
	at com.kms.katalon.core.main.TestCaseExecutor.processExecutionPhase(TestCaseExecutor.java:306)
	at com.kms.katalon.core.main.TestCaseExecutor.accessMainPhase(TestCaseExecutor.java:298)
	at com.kms.katalon.core.main.TestCaseExecutor.execute(TestCaseExecutor.java:232)
	at com.kms.katalon.core.main.TestCaseMain.runTestCase(TestCaseMain.java:114)
	at com.kms.katalon.core.keyword.builtin.CallTestCaseKeyword$_callTestCase_closure1.doCall(CallTestCaseKeyword.groovy:59)
	at com.kms.katalon.core.keyword.builtin.CallTestCaseKeyword$_callTestCase_closure1.call(CallTestCaseKeyword.groovy)
	at com.kms.katalon.core.keyword.internal.KeywordMain.runKeyword(KeywordMain.groovy:66)
	at com.kms.katalon.core.keyword.builtin.CallTestCaseKeyword.callTestCase(CallTestCaseKeyword.groovy:81)
	at com.kms.katalon.core.keyword.builtin.CallTestCaseKeyword.execute(CallTestCaseKeyword.groovy:44)
	at com.kms.katalon.core.keyword.internal.KeywordExecutor.executeKeywordForPlatform(KeywordExecutor.groovy:56)
	at com.kms.katalon.core.keyword.BuiltinKeywords.callTestCase(BuiltinKeywords.groovy:334)
	at Script1537085770452.run(Script1537085770452.groovy:22)
	at com.kms.katalon.core.main.ScriptEngine.run(ScriptEngine.java:194)
	at com.kms.katalon.core.main.ScriptEngine.runScriptAsRawText(ScriptEngine.java:119)
	at com.kms.katalon.core.main.TestCaseExecutor.runScript(TestCaseExecutor.java:336)
	at com.kms.katalon.core.main.TestCaseExecutor.doExecute(TestCaseExecutor.java:327)
	at com.kms.katalon.core.main.TestCaseExecutor.processExecutionPhase(TestCaseExecutor.java:306)
	at com.kms.katalon.core.main.TestCaseExecutor.accessMainPhase(TestCaseExecutor.java:298)
	at com.kms.katalon.core.main.TestCaseExecutor.execute(TestCaseExecutor.java:232)
	at com.kms.katalon.core.main.TestCaseMain.runTestCase(TestCaseMain.java:114)
	at com.kms.katalon.core.keyword.builtin.CallTestCaseKeyword$_callTestCase_closure1.doCall(CallTestCaseKeyword.groovy:59)
	at com.kms.katalon.core.keyword.builtin.CallTestCaseKeyword$_callTestCase_closure1.call(CallTestCaseKeyword.groovy)
	at com.kms.katalon.core.keyword.internal.KeywordMain.runKeyword(KeywordMain.groovy:66)
	at com.kms.katalon.core.keyword.builtin.CallTestCaseKeyword.callTestCase(CallTestCaseKeyword.groovy:81)
	at com.kms.katalon.core.keyword.builtin.CallTestCaseKeyword.execute(CallTestCaseKeyword.groovy:44)
	at com.kms.katalon.core.keyword.internal.KeywordExecutor.executeKeywordForPlatform(KeywordExecutor.groovy:56)
	at com.kms.katalon.core.keyword.BuiltinKeywords.callTestCase(BuiltinKeywords.groovy:334)
	at Script1537086007731.run(Script1537086007731.groovy:23)
	... 13 more
)

2019-04-21 02:43:36 - [TEST_CASE][FAILED] - Test Cases/Template testcases/TC0816: Test Cases/Template testcases/TC0816 FAILED.
Reason:
com.kms.katalon.core.exception.StepFailedException: Unable to upload file '/home/faizan/Drive/KiboPush_Automated_Testing/KiboPush Katalon/sample.jpg' to object 'Object Repository/Page_KiboPush  Create Broadcast Tem/media_file'
	at com.kms.katalon.core.webui.keyword.internal.WebUIKeywordMain.stepFailed(WebUIKeywordMain.groovy:64)
	at com.kms.katalon.core.webui.keyword.internal.WebUIKeywordMain.runKeyword(WebUIKeywordMain.groovy:26)
	at com.kms.katalon.core.webui.keyword.builtin.UploadFileKeyword.uploadFile(UploadFileKeyword.groovy:87)
	at com.kms.katalon.core.webui.keyword.builtin.UploadFileKeyword.execute(UploadFileKeyword.groovy:68)
	at com.kms.katalon.core.keyword.internal.KeywordExecutor.executeKeywordForPlatform(KeywordExecutor.groovy:56)
	at com.kms.katalon.core.webui.keyword.WebUiBuiltInKeywords.uploadFile(WebUiBuiltInKeywords.groovy:2945)
	at com.kms.katalon.core.webui.keyword.WebUiBuiltInKeywords$uploadFile$8.call(Unknown Source)
	at TC0816.run(TC0816:27)
	at com.kms.katalon.core.main.ScriptEngine.run(ScriptEngine.java:194)
	at com.kms.katalon.core.main.ScriptEngine.runScriptAsRawText(ScriptEngine.java:119)
	at com.kms.katalon.core.main.TestCaseExecutor.runScript(TestCaseExecutor.java:336)
	at com.kms.katalon.core.main.TestCaseExecutor.doExecute(TestCaseExecutor.java:327)
	at com.kms.katalon.core.main.TestCaseExecutor.processExecutionPhase(TestCaseExecutor.java:306)
	at com.kms.katalon.core.main.TestCaseExecutor.accessMainPhase(TestCaseExecutor.java:298)
	at com.kms.katalon.core.main.TestCaseExecutor.execute(TestCaseExecutor.java:232)
	at com.kms.katalon.core.main.TestCaseMain.runTestCase(TestCaseMain.java:114)
	at com.kms.katalon.core.keyword.builtin.CallTestCaseKeyword$_callTestCase_closure1.doCall(CallTestCaseKeyword.groovy:59)
	at com.kms.katalon.core.keyword.builtin.CallTestCaseKeyword$_callTestCase_closure1.call(CallTestCaseKeyword.groovy)
	at com.kms.katalon.core.keyword.internal.KeywordMain.runKeyword(KeywordMain.groovy:66)
	at com.kms.katalon.core.keyword.builtin.CallTestCaseKeyword.callTestCase(CallTestCaseKeyword.groovy:81)
	at com.kms.katalon.core.keyword.builtin.CallTestCaseKeyword.execute(CallTestCaseKeyword.groovy:44)
	at com.kms.katalon.core.keyword.internal.KeywordExecutor.executeKeywordForPlatform(KeywordExecutor.groovy:56)
	at com.kms.katalon.core.keyword.BuiltinKeywords.callTestCase(BuiltinKeywords.groovy:334)
	at TC0817.run(TC0817:22)
	at com.kms.katalon.core.main.ScriptEngine.run(ScriptEngine.java:194)
	at com.kms.katalon.core.main.ScriptEngine.runScriptAsRawText(ScriptEngine.java:119)
	at com.kms.katalon.core.main.TestCaseExecutor.runScript(TestCaseExecutor.java:336)
	at com.kms.katalon.core.main.TestCaseExecutor.doExecute(TestCaseExecutor.java:327)
	at com.kms.katalon.core.main.TestCaseExecutor.processExecutionPhase(TestCaseExecutor.java:306)
	at com.kms.katalon.core.main.TestCaseExecutor.accessMainPhase(TestCaseExecutor.java:298)
	at com.kms.katalon.core.main.TestCaseExecutor.execute(TestCaseExecutor.java:232)
	at com.kms.katalon.core.main.TestCaseMain.runTestCase(TestCaseMain.java:114)
	at com.kms.katalon.core.keyword.builtin.CallTestCaseKeyword$_callTestCase_closure1.doCall(CallTestCaseKeyword.groovy:59)
	at com.kms.katalon.core.keyword.builtin.CallTestCaseKeyword$_callTestCase_closure1.call(CallTestCaseKeyword.groovy)
	at com.kms.katalon.core.keyword.internal.KeywordMain.runKeyword(KeywordMain.groovy:66)
	at com.kms.katalon.core.keyword.builtin.CallTestCaseKeyword.callTestCase(CallTestCaseKeyword.groovy:81)
	at com.kms.katalon.core.keyword.builtin.CallTestCaseKeyword.execute(CallTestCaseKeyword.groovy:44)
	at com.kms.katalon.core.keyword.internal.KeywordExecutor.executeKeywordForPlatform(KeywordExecutor.groovy:56)
	at com.kms.katalon.core.keyword.BuiltinKeywords.callTestCase(BuiltinKeywords.groovy:334)
	at TC0818.run(TC0818:23)
	at com.kms.katalon.core.main.ScriptEngine.run(ScriptEngine.java:194)
	at com.kms.katalon.core.main.ScriptEngine.runScriptAsRawText(ScriptEngine.java:119)
	at com.kms.katalon.core.main.TestCaseExecutor.runScript(TestCaseExecutor.java:336)
	at com.kms.katalon.core.main.TestCaseExecutor.doExecute(TestCaseExecutor.java:327)
	at com.kms.katalon.core.main.TestCaseExecutor.processExecutionPhase(TestCaseExecutor.java:306)
	at com.kms.katalon.core.main.TestCaseExecutor.accessMainPhase(TestCaseExecutor.java:298)
	at com.kms.katalon.core.main.TestCaseExecutor.execute(TestCaseExecutor.java:232)
	at com.kms.katalon.core.main.TestSuiteExecutor.accessTestCaseMainPhase(TestSuiteExecutor.java:129)
	at com.kms.katalon.core.main.TestSuiteExecutor.accessTestSuiteMainPhase(TestSuiteExecutor.java:112)
	at com.kms.katalon.core.main.TestSuiteExecutor.execute(TestSuiteExecutor.java:81)
	at com.kms.katalon.core.main.TestCaseMain.startTestSuite(TestCaseMain.java:157)
	at com.kms.katalon.core.main.TestCaseMain$startTestSuite$0.call(Unknown Source)
	at TempTestSuite1555795243480.run(TempTestSuite1555795243480.groovy:35)
Caused by: com.kms.katalon.core.webui.exception.WebElementNotFoundException: Web element with id: 'Object Repository/Page_KiboPush  Create Broadcast Tem/media_file' located by 'By.xpath: //*[@id="List1"]/div/div/div[2]/div/input' not found
	at com.kms.katalon.core.webui.common.WebUiCommonHelper.findWebElement(WebUiCommonHelper.java:1097)
	at com.kms.katalon.core.webui.keyword.internal.WebUIAbstractKeyword.findWebElement(WebUIAbstractKeyword.groovy:27)
	at com.kms.katalon.core.webui.keyword.internal.WebUIAbstractKeyword.findWebElement(WebUIAbstractKeyword.groovy:26)
	at com.kms.katalon.core.webui.keyword.builtin.UploadFileKeyword$_uploadFile_closure1.doCall(UploadFileKeyword.groovy:79)
	at com.kms.katalon.core.webui.keyword.builtin.UploadFileKeyword$_uploadFile_closure1.call(UploadFileKeyword.groovy)
	at com.kms.katalon.core.webui.keyword.internal.WebUIKeywordMain.runKeyword(WebUIKeywordMain.groovy:20)
	at com.kms.katalon.core.webui.keyword.builtin.UploadFileKeyword.uploadFile(UploadFileKeyword.groovy:87)
	at com.kms.katalon.core.webui.keyword.builtin.UploadFileKeyword.execute(UploadFileKeyword.groovy:68)
	at com.kms.katalon.core.keyword.internal.KeywordExecutor.executeKeywordForPlatform(KeywordExecutor.groovy:56)
	at com.kms.katalon.core.webui.keyword.WebUiBuiltInKeywords.uploadFile(WebUiBuiltInKeywords.groovy:2945)
	at com.kms.katalon.core.webui.keyword.WebUiBuiltInKeywords$uploadFile$8.call(Unknown Source)
	at Script1537085415206.run(Script1537085415206.groovy:27)
	at com.kms.katalon.core.main.ScriptEngine.run(ScriptEngine.java:194)
	at com.kms.katalon.core.main.ScriptEngine.runScriptAsRawText(ScriptEngine.java:119)
	at com.kms.katalon.core.main.TestCaseExecutor.runScript(TestCaseExecutor.java:336)
	at com.kms.katalon.core.main.TestCaseExecutor.doExecute(TestCaseExecutor.java:327)
	at com.kms.katalon.core.main.TestCaseExecutor.processExecutionPhase(TestCaseExecutor.java:306)
	at com.kms.katalon.core.main.TestCaseExecutor.accessMainPhase(TestCaseExecutor.java:298)
	at com.kms.katalon.core.main.TestCaseExecutor.execute(TestCaseExecutor.java:232)
	at com.kms.katalon.core.main.TestCaseMain.runTestCase(TestCaseMain.java:114)
	at com.kms.katalon.core.keyword.builtin.CallTestCaseKeyword$_callTestCase_closure1.doCall(CallTestCaseKeyword.groovy:59)
	at com.kms.katalon.core.keyword.builtin.CallTestCaseKeyword$_callTestCase_closure1.call(CallTestCaseKeyword.groovy)
	at com.kms.katalon.core.keyword.internal.KeywordMain.runKeyword(KeywordMain.groovy:66)
	at com.kms.katalon.core.keyword.builtin.CallTestCaseKeyword.callTestCase(CallTestCaseKeyword.groovy:81)
	at com.kms.katalon.core.keyword.builtin.CallTestCaseKeyword.execute(CallTestCaseKeyword.groovy:44)
	at com.kms.katalon.core.keyword.internal.KeywordExecutor.executeKeywordForPlatform(KeywordExecutor.groovy:56)
	at com.kms.katalon.core.keyword.BuiltinKeywords.callTestCase(BuiltinKeywords.groovy:334)
	at Script1537085770452.run(Script1537085770452.groovy:22)
	at com.kms.katalon.core.main.ScriptEngine.run(ScriptEngine.java:194)
	at com.kms.katalon.core.main.ScriptEngine.runScriptAsRawText(ScriptEngine.java:119)
	at com.kms.katalon.core.main.TestCaseExecutor.runScript(TestCaseExecutor.java:336)
	at com.kms.katalon.core.main.TestCaseExecutor.doExecute(TestCaseExecutor.java:327)
	at com.kms.katalon.core.main.TestCaseExecutor.processExecutionPhase(TestCaseExecutor.java:306)
	at com.kms.katalon.core.main.TestCaseExecutor.accessMainPhase(TestCaseExecutor.java:298)
	at com.kms.katalon.core.main.TestCaseExecutor.execute(TestCaseExecutor.java:232)
	at com.kms.katalon.core.main.TestCaseMain.runTestCase(TestCaseMain.java:114)
	at com.kms.katalon.core.keyword.builtin.CallTestCaseKeyword$_callTestCase_closure1.doCall(CallTestCaseKeyword.groovy:59)
	at com.kms.katalon.core.keyword.builtin.CallTestCaseKeyword$_callTestCase_closure1.call(CallTestCaseKeyword.groovy)
	at com.kms.katalon.core.keyword.internal.KeywordMain.runKeyword(KeywordMain.groovy:66)
	at com.kms.katalon.core.keyword.builtin.CallTestCaseKeyword.callTestCase(CallTestCaseKeyword.groovy:81)
	at com.kms.katalon.core.keyword.builtin.CallTestCaseKeyword.execute(CallTestCaseKeyword.groovy:44)
	at com.kms.katalon.core.keyword.internal.KeywordExecutor.executeKeywordForPlatform(KeywordExecutor.groovy:56)
	at com.kms.katalon.core.keyword.BuiltinKeywords.callTestCase(BuiltinKeywords.groovy:334)
	at Script1537086007731.run(Script1537086007731.groovy:23)
	... 13 more


2019-04-21 02:43:36 - [TEST_STEP][PASSED] - callTestCase(findTestCase("Template testcases/TC0813"), [:], STOP_ON_FAILURE): Call Test Case 'Test Cases/Template testcases/TC0813' successfully

2019-04-21 02:43:36 - [TEST_CASE][PASSED] - Test Cases/Template testcases/TC0813: Test Cases/Template testcases/TC0813

2019-04-21 02:43:36 - [TEST_STEP][PASSED] - callTestCase(findTestCase("Template testcases/TC0768"), [:], STOP_ON_FAILURE): Call Test Case 'Test Cases/Template testcases/TC0768' successfully

2019-04-21 02:43:36 - [TEST_CASE][PASSED] - Test Cases/Template testcases/TC0768: Test Cases/Template testcases/TC0768

2019-04-21 02:43:36 - [TEST_STEP][PASSED] - callTestCase(findTestCase("s-sidebar_navigation/individualAccount/Template"), [:], STOP_ON_FAILURE): Call Test Case 'Test Cases/s-sidebar_navigation/individualAccount/Template' successfully

2019-04-21 02:43:36 - [TEST_CASE][PASSED] - Test Cases/s-sidebar_navigation/individualAccount/Template: Test Cases/s-sidebar_navigation/individualAccount/Template

2019-04-21 02:43:36 - [TEST_STEP][PASSED] - click(findTestObject("Page_KiboPush  Dashboard/span_Broadcasts")): Object: 'Object Repository/Page_KiboPush  Dashboard/span_Broadcasts' is clicked on

2019-04-21 02:43:36 - [MESSAGE][PASSED] - Object: 'Object Repository/Page_KiboPush  Dashboard/span_Broadcasts' is clicked on

2019-04-21 02:43:36 - [TEST_STEP][PASSED] - delay(1): Delayed 1 second(s)

2019-04-21 02:43:37 - [MESSAGE][PASSED] - Delayed 1 second(s)

2019-04-21 02:43:37 - [TEST_STEP][PASSED] - click(findTestObject("Page_KiboPush  Dashboard/span_Templates")): Object: 'Object Repository/Page_KiboPush  Dashboard/span_Templates' is clicked on

2019-04-21 02:43:38 - [MESSAGE][PASSED] - Object: 'Object Repository/Page_KiboPush  Dashboard/span_Templates' is clicked on

2019-04-21 02:43:38 - [TEST_STEP][PASSED] - delay(3): Delayed 3 second(s)

2019-04-21 02:43:41 - [MESSAGE][PASSED] - Delayed 3 second(s)

2019-04-21 02:43:41 - [TEST_STEP][PASSED] - scrollToPosition(0, 0): Browser is scrolled to position x = 0, y = 0

2019-04-21 02:43:41 - [MESSAGE][PASSED] - Browser is scrolled to position x = 0, y = 0

2019-04-21 02:43:41 - [TEST_STEP][PASSED] - click(findTestObject("Object Repository/Page_KiboEngage  Templates/h3_Templates")): Object: 'Object Repository/Page_KiboEngage  Templates/h3_Templates' is clicked on

2019-04-21 02:43:41 - [MESSAGE][PASSED] - Object: 'Object Repository/Page_KiboEngage  Templates/h3_Templates' is clicked on

2019-04-21 02:43:41 - [TEST_STEP][PASSED] - delay(3): Delayed 3 second(s)

2019-04-21 02:43:44 - [MESSAGE][PASSED] - Delayed 3 second(s)

2019-04-21 02:43:44 - [MESSAGE][PASSED] - Call Test Case 'Test Cases/s-sidebar_navigation/individualAccount/Template' successfully

2019-04-21 02:43:44 - [TEST_STEP][PASSED] - click(findTestObject("Object Repository/Page_KiboPush  Dashboard/button_Create New")): Object: 'Object Repository/Page_KiboPush  Dashboard/button_Create New' is clicked on

2019-04-21 02:43:44 - [MESSAGE][PASSED] - Object: 'Object Repository/Page_KiboPush  Dashboard/button_Create New' is clicked on

2019-04-21 02:43:44 - [TEST_STEP][PASSED] - click(findTestObject("Object Repository/Page_KiboPush  Create Broadcast Tem/h3_Create Broadcast Template")): Object: 'Object Repository/Page_KiboPush  Create Broadcast Tem/h3_Create Broadcast Template' is clicked on

2019-04-21 02:43:44 - [MESSAGE][PASSED] - Object: 'Object Repository/Page_KiboPush  Create Broadcast Tem/h3_Create Broadcast Template' is clicked on

2019-04-21 02:43:44 - [MESSAGE][PASSED] - Call Test Case 'Test Cases/Template testcases/TC0768' successfully

2019-04-21 02:43:44 - [TEST_STEP][PASSED] - click(findTestObject("Page_KiboPush  Create Broadcast Tem/h3_Create Broadcast Template (7) (1)")): Object: 'Object Repository/Page_KiboPush  Create Broadcast Tem/h3_Create Broadcast Template (7) (1)' is clicked on

2019-04-21 02:43:44 - [MESSAGE][PASSED] - Object: 'Object Repository/Page_KiboPush  Create Broadcast Tem/h3_Create Broadcast Template (7) (1)' is clicked on

2019-04-21 02:43:44 - [TEST_STEP][PASSED] - click(findTestObject("Page_KiboPush  Create Broadcast Tem/h6_Media (1)")): Object: 'Object Repository/Page_KiboPush  Create Broadcast Tem/h6_Media (1)' is clicked on

2019-04-21 02:43:45 - [MESSAGE][PASSED] - Object: 'Object Repository/Page_KiboPush  Create Broadcast Tem/h6_Media (1)' is clicked on

2019-04-21 02:43:45 - [TEST_STEP][PASSED] - click(findTestObject("Object Repository/Page_KiboEngage  Create Broadcast Template/div_New media component added")): Object: 'Object Repository/Page_KiboEngage  Create Broadcast Template/div_New media component added' is clicked on

2019-04-21 02:43:45 - [MESSAGE][PASSED] - Object: 'Object Repository/Page_KiboEngage  Create Broadcast Template/div_New media component added' is clicked on

2019-04-21 02:43:45 - [MESSAGE][PASSED] - Call Test Case 'Test Cases/Template testcases/TC0813' successfully

2019-04-21 02:43:45 - [TEST_STEP][PASSED] - img = getProjectDir() + "/sample.jpg": null

2019-04-21 02:43:45 - [TEST_STEP][FAILED] - uploadFile(findTestObject("Page_KiboPush  Create Broadcast Tem/media_file"), img): Unable to upload file '/home/faizan/Drive/KiboPush_Automated_Testing/KiboPush Katalon/sample.jpg' to object 'Object Repository/Page_KiboPush  Create Broadcast Tem/media_file' (Root cause: com.kms.katalon.core.exception.StepFailedException: Unable to upload file '/home/faizan/Drive/KiboPush_Automated_Testing/KiboPush Katalon/sample.jpg' to object 'Object Repository/Page_KiboPush  Create Broadcast Tem/media_file'
	at com.kms.katalon.core.webui.keyword.internal.WebUIKeywordMain.stepFailed(WebUIKeywordMain.groovy:64)
	at com.kms.katalon.core.webui.keyword.internal.WebUIKeywordMain.runKeyword(WebUIKeywordMain.groovy:26)
	at com.kms.katalon.core.webui.keyword.builtin.UploadFileKeyword.uploadFile(UploadFileKeyword.groovy:87)
	at com.kms.katalon.core.webui.keyword.builtin.UploadFileKeyword.execute(UploadFileKeyword.groovy:68)
	at com.kms.katalon.core.keyword.internal.KeywordExecutor.executeKeywordForPlatform(KeywordExecutor.groovy:56)
	at com.kms.katalon.core.webui.keyword.WebUiBuiltInKeywords.uploadFile(WebUiBuiltInKeywords.groovy:2945)
	at com.kms.katalon.core.webui.keyword.WebUiBuiltInKeywords$uploadFile$8.call(Unknown Source)
	at TC0816.run(TC0816:27)
	at com.kms.katalon.core.main.ScriptEngine.run(ScriptEngine.java:194)
	at com.kms.katalon.core.main.ScriptEngine.runScriptAsRawText(ScriptEngine.java:119)
	at com.kms.katalon.core.main.TestCaseExecutor.runScript(TestCaseExecutor.java:336)
	at com.kms.katalon.core.main.TestCaseExecutor.doExecute(TestCaseExecutor.java:327)
	at com.kms.katalon.core.main.TestCaseExecutor.processExecutionPhase(TestCaseExecutor.java:306)
	at com.kms.katalon.core.main.TestCaseExecutor.accessMainPhase(TestCaseExecutor.java:298)
	at com.kms.katalon.core.main.TestCaseExecutor.execute(TestCaseExecutor.java:232)
	at com.kms.katalon.core.main.TestCaseMain.runTestCase(TestCaseMain.java:114)
	at com.kms.katalon.core.keyword.builtin.CallTestCaseKeyword$_callTestCase_closure1.doCall(CallTestCaseKeyword.groovy:59)
	at com.kms.katalon.core.keyword.builtin.CallTestCaseKeyword$_callTestCase_closure1.call(CallTestCaseKeyword.groovy)
	at com.kms.katalon.core.keyword.internal.KeywordMain.runKeyword(KeywordMain.groovy:66)
	at com.kms.katalon.core.keyword.builtin.CallTestCaseKeyword.callTestCase(CallTestCaseKeyword.groovy:81)
	at com.kms.katalon.core.keyword.builtin.CallTestCaseKeyword.execute(CallTestCaseKeyword.groovy:44)
	at com.kms.katalon.core.keyword.internal.KeywordExecutor.executeKeywordForPlatform(KeywordExecutor.groovy:56)
	at com.kms.katalon.core.keyword.BuiltinKeywords.callTestCase(BuiltinKeywords.groovy:334)
	at TC0817.run(TC0817:22)
	at com.kms.katalon.core.main.ScriptEngine.run(ScriptEngine.java:194)
	at com.kms.katalon.core.main.ScriptEngine.runScriptAsRawText(ScriptEngine.java:119)
	at com.kms.katalon.core.main.TestCaseExecutor.runScript(TestCaseExecutor.java:336)
	at com.kms.katalon.core.main.TestCaseExecutor.doExecute(TestCaseExecutor.java:327)
	at com.kms.katalon.core.main.TestCaseExecutor.processExecutionPhase(TestCaseExecutor.java:306)
	at com.kms.katalon.core.main.TestCaseExecutor.accessMainPhase(TestCaseExecutor.java:298)
	at com.kms.katalon.core.main.TestCaseExecutor.execute(TestCaseExecutor.java:232)
	at com.kms.katalon.core.main.TestCaseMain.runTestCase(TestCaseMain.java:114)
	at com.kms.katalon.core.keyword.builtin.CallTestCaseKeyword$_callTestCase_closure1.doCall(CallTestCaseKeyword.groovy:59)
	at com.kms.katalon.core.keyword.builtin.CallTestCaseKeyword$_callTestCase_closure1.call(CallTestCaseKeyword.groovy)
	at com.kms.katalon.core.keyword.internal.KeywordMain.runKeyword(KeywordMain.groovy:66)
	at com.kms.katalon.core.keyword.builtin.CallTestCaseKeyword.callTestCase(CallTestCaseKeyword.groovy:81)
	at com.kms.katalon.core.keyword.builtin.CallTestCaseKeyword.execute(CallTestCaseKeyword.groovy:44)
	at com.kms.katalon.core.keyword.internal.KeywordExecutor.executeKeywordForPlatform(KeywordExecutor.groovy:56)
	at com.kms.katalon.core.keyword.BuiltinKeywords.callTestCase(BuiltinKeywords.groovy:334)
	at TC0818.run(TC0818:23)
	at com.kms.katalon.core.main.ScriptEngine.run(ScriptEngine.java:194)
	at com.kms.katalon.core.main.ScriptEngine.runScriptAsRawText(ScriptEngine.java:119)
	at com.kms.katalon.core.main.TestCaseExecutor.runScript(TestCaseExecutor.java:336)
	at com.kms.katalon.core.main.TestCaseExecutor.doExecute(TestCaseExecutor.java:327)
	at com.kms.katalon.core.main.TestCaseExecutor.processExecutionPhase(TestCaseExecutor.java:306)
	at com.kms.katalon.core.main.TestCaseExecutor.accessMainPhase(TestCaseExecutor.java:298)
	at com.kms.katalon.core.main.TestCaseExecutor.execute(TestCaseExecutor.java:232)
	at com.kms.katalon.core.main.TestSuiteExecutor.accessTestCaseMainPhase(TestSuiteExecutor.java:129)
	at com.kms.katalon.core.main.TestSuiteExecutor.accessTestSuiteMainPhase(TestSuiteExecutor.java:112)
	at com.kms.katalon.core.main.TestSuiteExecutor.execute(TestSuiteExecutor.java:81)
	at com.kms.katalon.core.main.TestCaseMain.startTestSuite(TestCaseMain.java:157)
	at com.kms.katalon.core.main.TestCaseMain$startTestSuite$0.call(Unknown Source)
	at TempTestSuite1555795243480.run(TempTestSuite1555795243480.groovy:35)
Caused by: com.kms.katalon.core.webui.exception.WebElementNotFoundException: Web element with id: 'Object Repository/Page_KiboPush  Create Broadcast Tem/media_file' located by 'By.xpath: //*[@id="List1"]/div/div/div[2]/div/input' not found
	at com.kms.katalon.core.webui.common.WebUiCommonHelper.findWebElement(WebUiCommonHelper.java:1097)
	at com.kms.katalon.core.webui.keyword.internal.WebUIAbstractKeyword.findWebElement(WebUIAbstractKeyword.groovy:27)
	at com.kms.katalon.core.webui.keyword.internal.WebUIAbstractKeyword.findWebElement(WebUIAbstractKeyword.groovy:26)
	at com.kms.katalon.core.webui.keyword.builtin.UploadFileKeyword$_uploadFile_closure1.doCall(UploadFileKeyword.groovy:79)
	at com.kms.katalon.core.webui.keyword.builtin.UploadFileKeyword$_uploadFile_closure1.call(UploadFileKeyword.groovy)
	at com.kms.katalon.core.webui.keyword.internal.WebUIKeywordMain.runKeyword(WebUIKeywordMain.groovy:20)
	at com.kms.katalon.core.webui.keyword.builtin.UploadFileKeyword.uploadFile(UploadFileKeyword.groovy:87)
	at com.kms.katalon.core.webui.keyword.builtin.UploadFileKeyword.execute(UploadFileKeyword.groovy:68)
	at com.kms.katalon.core.keyword.internal.KeywordExecutor.executeKeywordForPlatform(KeywordExecutor.groovy:56)
	at com.kms.katalon.core.webui.keyword.WebUiBuiltInKeywords.uploadFile(WebUiBuiltInKeywords.groovy:2945)
	at com.kms.katalon.core.webui.keyword.WebUiBuiltInKeywords$uploadFile$8.call(Unknown Source)
	at Script1537085415206.run(Script1537085415206.groovy:27)
	at com.kms.katalon.core.main.ScriptEngine.run(ScriptEngine.java:194)
	at com.kms.katalon.core.main.ScriptEngine.runScriptAsRawText(ScriptEngine.java:119)
	at com.kms.katalon.core.main.TestCaseExecutor.runScript(TestCaseExecutor.java:336)
	at com.kms.katalon.core.main.TestCaseExecutor.doExecute(TestCaseExecutor.java:327)
	at com.kms.katalon.core.main.TestCaseExecutor.processExecutionPhase(TestCaseExecutor.java:306)
	at com.kms.katalon.core.main.TestCaseExecutor.accessMainPhase(TestCaseExecutor.java:298)
	at com.kms.katalon.core.main.TestCaseExecutor.execute(TestCaseExecutor.java:232)
	at com.kms.katalon.core.main.TestCaseMain.runTestCase(TestCaseMain.java:114)
	at com.kms.katalon.core.keyword.builtin.CallTestCaseKeyword$_callTestCase_closure1.doCall(CallTestCaseKeyword.groovy:59)
	at com.kms.katalon.core.keyword.builtin.CallTestCaseKeyword$_callTestCase_closure1.call(CallTestCaseKeyword.groovy)
	at com.kms.katalon.core.keyword.internal.KeywordMain.runKeyword(KeywordMain.groovy:66)
	at com.kms.katalon.core.keyword.builtin.CallTestCaseKeyword.callTestCase(CallTestCaseKeyword.groovy:81)
	at com.kms.katalon.core.keyword.builtin.CallTestCaseKeyword.execute(CallTestCaseKeyword.groovy:44)
	at com.kms.katalon.core.keyword.internal.KeywordExecutor.executeKeywordForPlatform(KeywordExecutor.groovy:56)
	at com.kms.katalon.core.keyword.BuiltinKeywords.callTestCase(BuiltinKeywords.groovy:334)
	at Script1537085770452.run(Script1537085770452.groovy:22)
	at com.kms.katalon.core.main.ScriptEngine.run(ScriptEngine.java:194)
	at com.kms.katalon.core.main.ScriptEngine.runScriptAsRawText(ScriptEngine.java:119)
	at com.kms.katalon.core.main.TestCaseExecutor.runScript(TestCaseExecutor.java:336)
	at com.kms.katalon.core.main.TestCaseExecutor.doExecute(TestCaseExecutor.java:327)
	at com.kms.katalon.core.main.TestCaseExecutor.processExecutionPhase(TestCaseExecutor.java:306)
	at com.kms.katalon.core.main.TestCaseExecutor.accessMainPhase(TestCaseExecutor.java:298)
	at com.kms.katalon.core.main.TestCaseExecutor.execute(TestCaseExecutor.java:232)
	at com.kms.katalon.core.main.TestCaseMain.runTestCase(TestCaseMain.java:114)
	at com.kms.katalon.core.keyword.builtin.CallTestCaseKeyword$_callTestCase_closure1.doCall(CallTestCaseKeyword.groovy:59)
	at com.kms.katalon.core.keyword.builtin.CallTestCaseKeyword$_callTestCase_closure1.call(CallTestCaseKeyword.groovy)
	at com.kms.katalon.core.keyword.internal.KeywordMain.runKeyword(KeywordMain.groovy:66)
	at com.kms.katalon.core.keyword.builtin.CallTestCaseKeyword.callTestCase(CallTestCaseKeyword.groovy:81)
	at com.kms.katalon.core.keyword.builtin.CallTestCaseKeyword.execute(CallTestCaseKeyword.groovy:44)
	at com.kms.katalon.core.keyword.internal.KeywordExecutor.executeKeywordForPlatform(KeywordExecutor.groovy:56)
	at com.kms.katalon.core.keyword.BuiltinKeywords.callTestCase(BuiltinKeywords.groovy:334)
	at Script1537086007731.run(Script1537086007731.groovy:23)
	... 13 more
)

2019-04-21 02:44:16 - [MESSAGE][INFO] - Unable to find the element located by 'By.xpath: //*[@id="List1"]/div/div/div[2]/div/input'. Please recheck the objects properties to make sure the desired element is located. 

2019-04-21 02:44:16 - [MESSAGE][FAILED] - Unable to upload file '/home/faizan/Drive/KiboPush_Automated_Testing/KiboPush Katalon/sample.jpg' to object 'Object Repository/Page_KiboPush  Create Broadcast Tem/media_file' (Root cause: com.kms.katalon.core.exception.StepFailedException: Unable to upload file '/home/faizan/Drive/KiboPush_Automated_Testing/KiboPush Katalon/sample.jpg' to object 'Object Repository/Page_KiboPush  Create Broadcast Tem/media_file'
	at com.kms.katalon.core.webui.keyword.internal.WebUIKeywordMain.stepFailed(WebUIKeywordMain.groovy:64)
	at com.kms.katalon.core.webui.keyword.internal.WebUIKeywordMain.runKeyword(WebUIKeywordMain.groovy:26)
	at com.kms.katalon.core.webui.keyword.builtin.UploadFileKeyword.uploadFile(UploadFileKeyword.groovy:87)
	at com.kms.katalon.core.webui.keyword.builtin.UploadFileKeyword.execute(UploadFileKeyword.groovy:68)
	at com.kms.katalon.core.keyword.internal.KeywordExecutor.executeKeywordForPlatform(KeywordExecutor.groovy:56)
	at com.kms.katalon.core.webui.keyword.WebUiBuiltInKeywords.uploadFile(WebUiBuiltInKeywords.groovy:2945)
	at com.kms.katalon.core.webui.keyword.WebUiBuiltInKeywords$uploadFile$8.call(Unknown Source)
	at TC0816.run(TC0816:27)
	at com.kms.katalon.core.main.ScriptEngine.run(ScriptEngine.java:194)
	at com.kms.katalon.core.main.ScriptEngine.runScriptAsRawText(ScriptEngine.java:119)
	at com.kms.katalon.core.main.TestCaseExecutor.runScript(TestCaseExecutor.java:336)
	at com.kms.katalon.core.main.TestCaseExecutor.doExecute(TestCaseExecutor.java:327)
	at com.kms.katalon.core.main.TestCaseExecutor.processExecutionPhase(TestCaseExecutor.java:306)
	at com.kms.katalon.core.main.TestCaseExecutor.accessMainPhase(TestCaseExecutor.java:298)
	at com.kms.katalon.core.main.TestCaseExecutor.execute(TestCaseExecutor.java:232)
	at com.kms.katalon.core.main.TestCaseMain.runTestCase(TestCaseMain.java:114)
	at com.kms.katalon.core.keyword.builtin.CallTestCaseKeyword$_callTestCase_closure1.doCall(CallTestCaseKeyword.groovy:59)
	at com.kms.katalon.core.keyword.builtin.CallTestCaseKeyword$_callTestCase_closure1.call(CallTestCaseKeyword.groovy)
	at com.kms.katalon.core.keyword.internal.KeywordMain.runKeyword(KeywordMain.groovy:66)
	at com.kms.katalon.core.keyword.builtin.CallTestCaseKeyword.callTestCase(CallTestCaseKeyword.groovy:81)
	at com.kms.katalon.core.keyword.builtin.CallTestCaseKeyword.execute(CallTestCaseKeyword.groovy:44)
	at com.kms.katalon.core.keyword.internal.KeywordExecutor.executeKeywordForPlatform(KeywordExecutor.groovy:56)
	at com.kms.katalon.core.keyword.BuiltinKeywords.callTestCase(BuiltinKeywords.groovy:334)
	at TC0817.run(TC0817:22)
	at com.kms.katalon.core.main.ScriptEngine.run(ScriptEngine.java:194)
	at com.kms.katalon.core.main.ScriptEngine.runScriptAsRawText(ScriptEngine.java:119)
	at com.kms.katalon.core.main.TestCaseExecutor.runScript(TestCaseExecutor.java:336)
	at com.kms.katalon.core.main.TestCaseExecutor.doExecute(TestCaseExecutor.java:327)
	at com.kms.katalon.core.main.TestCaseExecutor.processExecutionPhase(TestCaseExecutor.java:306)
	at com.kms.katalon.core.main.TestCaseExecutor.accessMainPhase(TestCaseExecutor.java:298)
	at com.kms.katalon.core.main.TestCaseExecutor.execute(TestCaseExecutor.java:232)
	at com.kms.katalon.core.main.TestCaseMain.runTestCase(TestCaseMain.java:114)
	at com.kms.katalon.core.keyword.builtin.CallTestCaseKeyword$_callTestCase_closure1.doCall(CallTestCaseKeyword.groovy:59)
	at com.kms.katalon.core.keyword.builtin.CallTestCaseKeyword$_callTestCase_closure1.call(CallTestCaseKeyword.groovy)
	at com.kms.katalon.core.keyword.internal.KeywordMain.runKeyword(KeywordMain.groovy:66)
	at com.kms.katalon.core.keyword.builtin.CallTestCaseKeyword.callTestCase(CallTestCaseKeyword.groovy:81)
	at com.kms.katalon.core.keyword.builtin.CallTestCaseKeyword.execute(CallTestCaseKeyword.groovy:44)
	at com.kms.katalon.core.keyword.internal.KeywordExecutor.executeKeywordForPlatform(KeywordExecutor.groovy:56)
	at com.kms.katalon.core.keyword.BuiltinKeywords.callTestCase(BuiltinKeywords.groovy:334)
	at TC0818.run(TC0818:23)
	at com.kms.katalon.core.main.ScriptEngine.run(ScriptEngine.java:194)
	at com.kms.katalon.core.main.ScriptEngine.runScriptAsRawText(ScriptEngine.java:119)
	at com.kms.katalon.core.main.TestCaseExecutor.runScript(TestCaseExecutor.java:336)
	at com.kms.katalon.core.main.TestCaseExecutor.doExecute(TestCaseExecutor.java:327)
	at com.kms.katalon.core.main.TestCaseExecutor.processExecutionPhase(TestCaseExecutor.java:306)
	at com.kms.katalon.core.main.TestCaseExecutor.accessMainPhase(TestCaseExecutor.java:298)
	at com.kms.katalon.core.main.TestCaseExecutor.execute(TestCaseExecutor.java:232)
	at com.kms.katalon.core.main.TestSuiteExecutor.accessTestCaseMainPhase(TestSuiteExecutor.java:129)
	at com.kms.katalon.core.main.TestSuiteExecutor.accessTestSuiteMainPhase(TestSuiteExecutor.java:112)
	at com.kms.katalon.core.main.TestSuiteExecutor.execute(TestSuiteExecutor.java:81)
	at com.kms.katalon.core.main.TestCaseMain.startTestSuite(TestCaseMain.java:157)
	at com.kms.katalon.core.main.TestCaseMain$startTestSuite$0.call(Unknown Source)
	at TempTestSuite1555795243480.run(TempTestSuite1555795243480.groovy:35)
Caused by: com.kms.katalon.core.webui.exception.WebElementNotFoundException: Web element with id: 'Object Repository/Page_KiboPush  Create Broadcast Tem/media_file' located by 'By.xpath: //*[@id="List1"]/div/div/div[2]/div/input' not found
	at com.kms.katalon.core.webui.common.WebUiCommonHelper.findWebElement(WebUiCommonHelper.java:1097)
	at com.kms.katalon.core.webui.keyword.internal.WebUIAbstractKeyword.findWebElement(WebUIAbstractKeyword.groovy:27)
	at com.kms.katalon.core.webui.keyword.internal.WebUIAbstractKeyword.findWebElement(WebUIAbstractKeyword.groovy:26)
	at com.kms.katalon.core.webui.keyword.builtin.UploadFileKeyword$_uploadFile_closure1.doCall(UploadFileKeyword.groovy:79)
	at com.kms.katalon.core.webui.keyword.builtin.UploadFileKeyword$_uploadFile_closure1.call(UploadFileKeyword.groovy)
	at com.kms.katalon.core.webui.keyword.internal.WebUIKeywordMain.runKeyword(WebUIKeywordMain.groovy:20)
	at com.kms.katalon.core.webui.keyword.builtin.UploadFileKeyword.uploadFile(UploadFileKeyword.groovy:87)
	at com.kms.katalon.core.webui.keyword.builtin.UploadFileKeyword.execute(UploadFileKeyword.groovy:68)
	at com.kms.katalon.core.keyword.internal.KeywordExecutor.executeKeywordForPlatform(KeywordExecutor.groovy:56)
	at com.kms.katalon.core.webui.keyword.WebUiBuiltInKeywords.uploadFile(WebUiBuiltInKeywords.groovy:2945)
	at com.kms.katalon.core.webui.keyword.WebUiBuiltInKeywords$uploadFile$8.call(Unknown Source)
	at Script1537085415206.run(Script1537085415206.groovy:27)
	at com.kms.katalon.core.main.ScriptEngine.run(ScriptEngine.java:194)
	at com.kms.katalon.core.main.ScriptEngine.runScriptAsRawText(ScriptEngine.java:119)
	at com.kms.katalon.core.main.TestCaseExecutor.runScript(TestCaseExecutor.java:336)
	at com.kms.katalon.core.main.TestCaseExecutor.doExecute(TestCaseExecutor.java:327)
	at com.kms.katalon.core.main.TestCaseExecutor.processExecutionPhase(TestCaseExecutor.java:306)
	at com.kms.katalon.core.main.TestCaseExecutor.accessMainPhase(TestCaseExecutor.java:298)
	at com.kms.katalon.core.main.TestCaseExecutor.execute(TestCaseExecutor.java:232)
	at com.kms.katalon.core.main.TestCaseMain.runTestCase(TestCaseMain.java:114)
	at com.kms.katalon.core.keyword.builtin.CallTestCaseKeyword$_callTestCase_closure1.doCall(CallTestCaseKeyword.groovy:59)
	at com.kms.katalon.core.keyword.builtin.CallTestCaseKeyword$_callTestCase_closure1.call(CallTestCaseKeyword.groovy)
	at com.kms.katalon.core.keyword.internal.KeywordMain.runKeyword(KeywordMain.groovy:66)
	at com.kms.katalon.core.keyword.builtin.CallTestCaseKeyword.callTestCase(CallTestCaseKeyword.groovy:81)
	at com.kms.katalon.core.keyword.builtin.CallTestCaseKeyword.execute(CallTestCaseKeyword.groovy:44)
	at com.kms.katalon.core.keyword.internal.KeywordExecutor.executeKeywordForPlatform(KeywordExecutor.groovy:56)
	at com.kms.katalon.core.keyword.BuiltinKeywords.callTestCase(BuiltinKeywords.groovy:334)
	at Script1537085770452.run(Script1537085770452.groovy:22)
	at com.kms.katalon.core.main.ScriptEngine.run(ScriptEngine.java:194)
	at com.kms.katalon.core.main.ScriptEngine.runScriptAsRawText(ScriptEngine.java:119)
	at com.kms.katalon.core.main.TestCaseExecutor.runScript(TestCaseExecutor.java:336)
	at com.kms.katalon.core.main.TestCaseExecutor.doExecute(TestCaseExecutor.java:327)
	at com.kms.katalon.core.main.TestCaseExecutor.processExecutionPhase(TestCaseExecutor.java:306)
	at com.kms.katalon.core.main.TestCaseExecutor.accessMainPhase(TestCaseExecutor.java:298)
	at com.kms.katalon.core.main.TestCaseExecutor.execute(TestCaseExecutor.java:232)
	at com.kms.katalon.core.main.TestCaseMain.runTestCase(TestCaseMain.java:114)
	at com.kms.katalon.core.keyword.builtin.CallTestCaseKeyword$_callTestCase_closure1.doCall(CallTestCaseKeyword.groovy:59)
	at com.kms.katalon.core.keyword.builtin.CallTestCaseKeyword$_callTestCase_closure1.call(CallTestCaseKeyword.groovy)
	at com.kms.katalon.core.keyword.internal.KeywordMain.runKeyword(KeywordMain.groovy:66)
	at com.kms.katalon.core.keyword.builtin.CallTestCaseKeyword.callTestCase(CallTestCaseKeyword.groovy:81)
	at com.kms.katalon.core.keyword.builtin.CallTestCaseKeyword.execute(CallTestCaseKeyword.groovy:44)
	at com.kms.katalon.core.keyword.internal.KeywordExecutor.executeKeywordForPlatform(KeywordExecutor.groovy:56)
	at com.kms.katalon.core.keyword.BuiltinKeywords.callTestCase(BuiltinKeywords.groovy:334)
	at Script1537086007731.run(Script1537086007731.groovy:23)
	... 13 more
)
[[ATTACHMENT|/home/faizan/Drive/KiboPush_Automated_Testing/KiboPush Katalon/Reports/Faizan Suits/Template/20190421_022043/1555796656178.png]]

2019-04-21 02:44:16 - [MESSAGE][FAILED] - Unable to call Test Case 'Test Cases/Template testcases/TC0816' (Root cause: com.kms.katalon.core.exception.StepFailedException: Call Test Case 'Test Cases/Template testcases/TC0816' failed
	at com.kms.katalon.core.keyword.builtin.CallTestCaseKeyword$_callTestCase_closure1.doCall(CallTestCaseKeyword.groovy:63)
	at com.kms.katalon.core.keyword.builtin.CallTestCaseKeyword$_callTestCase_closure1.call(CallTestCaseKeyword.groovy)
	at com.kms.katalon.core.keyword.internal.KeywordMain.runKeyword(KeywordMain.groovy:66)
	at com.kms.katalon.core.keyword.builtin.CallTestCaseKeyword.callTestCase(CallTestCaseKeyword.groovy:81)
	at com.kms.katalon.core.keyword.builtin.CallTestCaseKeyword.execute(CallTestCaseKeyword.groovy:44)
	at com.kms.katalon.core.keyword.internal.KeywordExecutor.executeKeywordForPlatform(KeywordExecutor.groovy:56)
	at com.kms.katalon.core.keyword.BuiltinKeywords.callTestCase(BuiltinKeywords.groovy:334)
	at TC0817.run(TC0817:22)
	at com.kms.katalon.core.main.ScriptEngine.run(ScriptEngine.java:194)
	at com.kms.katalon.core.main.ScriptEngine.runScriptAsRawText(ScriptEngine.java:119)
	at com.kms.katalon.core.main.TestCaseExecutor.runScript(TestCaseExecutor.java:336)
	at com.kms.katalon.core.main.TestCaseExecutor.doExecute(TestCaseExecutor.java:327)
	at com.kms.katalon.core.main.TestCaseExecutor.processExecutionPhase(TestCaseExecutor.java:306)
	at com.kms.katalon.core.main.TestCaseExecutor.accessMainPhase(TestCaseExecutor.java:298)
	at com.kms.katalon.core.main.TestCaseExecutor.execute(TestCaseExecutor.java:232)
	at com.kms.katalon.core.main.TestCaseMain.runTestCase(TestCaseMain.java:114)
	at com.kms.katalon.core.keyword.builtin.CallTestCaseKeyword$_callTestCase_closure1.doCall(CallTestCaseKeyword.groovy:59)
	at com.kms.katalon.core.keyword.builtin.CallTestCaseKeyword$_callTestCase_closure1.call(CallTestCaseKeyword.groovy)
	at com.kms.katalon.core.keyword.internal.KeywordMain.runKeyword(KeywordMain.groovy:66)
	at com.kms.katalon.core.keyword.builtin.CallTestCaseKeyword.callTestCase(CallTestCaseKeyword.groovy:81)
	at com.kms.katalon.core.keyword.builtin.CallTestCaseKeyword.execute(CallTestCaseKeyword.groovy:44)
	at com.kms.katalon.core.keyword.internal.KeywordExecutor.executeKeywordForPlatform(KeywordExecutor.groovy:56)
	at com.kms.katalon.core.keyword.BuiltinKeywords.callTestCase(BuiltinKeywords.groovy:334)
	at TC0818.run(TC0818:23)
	at com.kms.katalon.core.main.ScriptEngine.run(ScriptEngine.java:194)
	at com.kms.katalon.core.main.ScriptEngine.runScriptAsRawText(ScriptEngine.java:119)
	at com.kms.katalon.core.main.TestCaseExecutor.runScript(TestCaseExecutor.java:336)
	at com.kms.katalon.core.main.TestCaseExecutor.doExecute(TestCaseExecutor.java:327)
	at com.kms.katalon.core.main.TestCaseExecutor.processExecutionPhase(TestCaseExecutor.java:306)
	at com.kms.katalon.core.main.TestCaseExecutor.accessMainPhase(TestCaseExecutor.java:298)
	at com.kms.katalon.core.main.TestCaseExecutor.execute(TestCaseExecutor.java:232)
	at com.kms.katalon.core.main.TestSuiteExecutor.accessTestCaseMainPhase(TestSuiteExecutor.java:129)
	at com.kms.katalon.core.main.TestSuiteExecutor.accessTestSuiteMainPhase(TestSuiteExecutor.java:112)
	at com.kms.katalon.core.main.TestSuiteExecutor.execute(TestSuiteExecutor.java:81)
	at com.kms.katalon.core.main.TestCaseMain.startTestSuite(TestCaseMain.java:157)
	at com.kms.katalon.core.main.TestCaseMain$startTestSuite$0.call(Unknown Source)
	at TempTestSuite1555795243480.run(TempTestSuite1555795243480.groovy:35)
Caused by: com.kms.katalon.core.exception.StepFailedException: Unable to upload file '/home/faizan/Drive/KiboPush_Automated_Testing/KiboPush Katalon/sample.jpg' to object 'Object Repository/Page_KiboPush  Create Broadcast Tem/media_file'
	at com.kms.katalon.core.webui.keyword.internal.WebUIKeywordMain.stepFailed(WebUIKeywordMain.groovy:64)
	at com.kms.katalon.core.webui.keyword.internal.WebUIKeywordMain.runKeyword(WebUIKeywordMain.groovy:26)
	at com.kms.katalon.core.webui.keyword.builtin.UploadFileKeyword.uploadFile(UploadFileKeyword.groovy:87)
	at com.kms.katalon.core.webui.keyword.builtin.UploadFileKeyword.execute(UploadFileKeyword.groovy:68)
	at com.kms.katalon.core.keyword.internal.KeywordExecutor.executeKeywordForPlatform(KeywordExecutor.groovy:56)
	at com.kms.katalon.core.webui.keyword.WebUiBuiltInKeywords.uploadFile(WebUiBuiltInKeywords.groovy:2945)
	at com.kms.katalon.core.webui.keyword.WebUiBuiltInKeywords$uploadFile$8.call(Unknown Source)
	at TC0816.run(TC0816:27)
	at com.kms.katalon.core.main.ScriptEngine.run(ScriptEngine.java:194)
	at com.kms.katalon.core.main.ScriptEngine.runScriptAsRawText(ScriptEngine.java:119)
	at com.kms.katalon.core.main.TestCaseExecutor.runScript(TestCaseExecutor.java:336)
	at com.kms.katalon.core.main.TestCaseExecutor.doExecute(TestCaseExecutor.java:327)
	at com.kms.katalon.core.main.TestCaseExecutor.processExecutionPhase(TestCaseExecutor.java:306)
	at com.kms.katalon.core.main.TestCaseExecutor.accessMainPhase(TestCaseExecutor.java:298)
	at com.kms.katalon.core.main.TestCaseExecutor.execute(TestCaseExecutor.java:232)
	at com.kms.katalon.core.main.TestCaseMain.runTestCase(TestCaseMain.java:114)
	at com.kms.katalon.core.keyword.builtin.CallTestCaseKeyword$_callTestCase_closure1.doCall(CallTestCaseKeyword.groovy:59)
	... 36 more
Caused by: com.kms.katalon.core.webui.exception.WebElementNotFoundException: Web element with id: 'Object Repository/Page_KiboPush  Create Broadcast Tem/media_file' located by 'By.xpath: //*[@id="List1"]/div/div/div[2]/div/input' not found
	at com.kms.katalon.core.webui.common.WebUiCommonHelper.findWebElement(WebUiCommonHelper.java:1097)
	at com.kms.katalon.core.webui.keyword.internal.WebUIAbstractKeyword.findWebElement(WebUIAbstractKeyword.groovy:27)
	at com.kms.katalon.core.webui.keyword.internal.WebUIAbstractKeyword.findWebElement(WebUIAbstractKeyword.groovy:26)
	at com.kms.katalon.core.webui.keyword.builtin.UploadFileKeyword$_uploadFile_closure1.doCall(UploadFileKeyword.groovy:79)
	at com.kms.katalon.core.webui.keyword.builtin.UploadFileKeyword$_uploadFile_closure1.call(UploadFileKeyword.groovy)
	at com.kms.katalon.core.webui.keyword.internal.WebUIKeywordMain.runKeyword(WebUIKeywordMain.groovy:20)
	at com.kms.katalon.core.webui.keyword.builtin.UploadFileKeyword.uploadFile(UploadFileKeyword.groovy:87)
	at com.kms.katalon.core.webui.keyword.builtin.UploadFileKeyword.execute(UploadFileKeyword.groovy:68)
	at com.kms.katalon.core.keyword.internal.KeywordExecutor.executeKeywordForPlatform(KeywordExecutor.groovy:56)
	at com.kms.katalon.core.webui.keyword.WebUiBuiltInKeywords.uploadFile(WebUiBuiltInKeywords.groovy:2945)
	at com.kms.katalon.core.webui.keyword.WebUiBuiltInKeywords$uploadFile$8.call(Unknown Source)
	at Script1537085415206.run(Script1537085415206.groovy:27)
	at com.kms.katalon.core.main.ScriptEngine.run(ScriptEngine.java:194)
	at com.kms.katalon.core.main.ScriptEngine.runScriptAsRawText(ScriptEngine.java:119)
	at com.kms.katalon.core.main.TestCaseExecutor.runScript(TestCaseExecutor.java:336)
	at com.kms.katalon.core.main.TestCaseExecutor.doExecute(TestCaseExecutor.java:327)
	at com.kms.katalon.core.main.TestCaseExecutor.processExecutionPhase(TestCaseExecutor.java:306)
	at com.kms.katalon.core.main.TestCaseExecutor.accessMainPhase(TestCaseExecutor.java:298)
	at com.kms.katalon.core.main.TestCaseExecutor.execute(TestCaseExecutor.java:232)
	at com.kms.katalon.core.main.TestCaseMain.runTestCase(TestCaseMain.java:114)
	at com.kms.katalon.core.keyword.builtin.CallTestCaseKeyword$_callTestCase_closure1.doCall(CallTestCaseKeyword.groovy:59)
	at com.kms.katalon.core.keyword.builtin.CallTestCaseKeyword$_callTestCase_closure1.call(CallTestCaseKeyword.groovy)
	at com.kms.katalon.core.keyword.internal.KeywordMain.runKeyword(KeywordMain.groovy:66)
	at com.kms.katalon.core.keyword.builtin.CallTestCaseKeyword.callTestCase(CallTestCaseKeyword.groovy:81)
	at com.kms.katalon.core.keyword.builtin.CallTestCaseKeyword.execute(CallTestCaseKeyword.groovy:44)
	at com.kms.katalon.core.keyword.internal.KeywordExecutor.executeKeywordForPlatform(KeywordExecutor.groovy:56)
	at com.kms.katalon.core.keyword.BuiltinKeywords.callTestCase(BuiltinKeywords.groovy:334)
	at Script1537085770452.run(Script1537085770452.groovy:22)
	at com.kms.katalon.core.main.ScriptEngine.run(ScriptEngine.java:194)
	at com.kms.katalon.core.main.ScriptEngine.runScriptAsRawText(ScriptEngine.java:119)
	at com.kms.katalon.core.main.TestCaseExecutor.runScript(TestCaseExecutor.java:336)
	at com.kms.katalon.core.main.TestCaseExecutor.doExecute(TestCaseExecutor.java:327)
	at com.kms.katalon.core.main.TestCaseExecutor.processExecutionPhase(TestCaseExecutor.java:306)
	at com.kms.katalon.core.main.TestCaseExecutor.accessMainPhase(TestCaseExecutor.java:298)
	at com.kms.katalon.core.main.TestCaseExecutor.execute(TestCaseExecutor.java:232)
	at com.kms.katalon.core.main.TestCaseMain.runTestCase(TestCaseMain.java:114)
	at com.kms.katalon.core.keyword.builtin.CallTestCaseKeyword$_callTestCase_closure1.doCall(CallTestCaseKeyword.groovy:59)
	at com.kms.katalon.core.keyword.builtin.CallTestCaseKeyword$_callTestCase_closure1.call(CallTestCaseKeyword.groovy)
	at com.kms.katalon.core.keyword.internal.KeywordMain.runKeyword(KeywordMain.groovy:66)
	at com.kms.katalon.core.keyword.builtin.CallTestCaseKeyword.callTestCase(CallTestCaseKeyword.groovy:81)
	at com.kms.katalon.core.keyword.builtin.CallTestCaseKeyword.execute(CallTestCaseKeyword.groovy:44)
	at com.kms.katalon.core.keyword.internal.KeywordExecutor.executeKeywordForPlatform(KeywordExecutor.groovy:56)
	at com.kms.katalon.core.keyword.BuiltinKeywords.callTestCase(BuiltinKeywords.groovy:334)
	at Script1537086007731.run(Script1537086007731.groovy:23)
	... 13 more
)

2019-04-21 02:44:16 - [MESSAGE][FAILED] - Unable to call Test Case 'Test Cases/Template testcases/TC0817' (Root cause: com.kms.katalon.core.exception.StepFailedException: Call Test Case 'Test Cases/Template testcases/TC0817' failed
	at com.kms.katalon.core.keyword.builtin.CallTestCaseKeyword$_callTestCase_closure1.doCall(CallTestCaseKeyword.groovy:63)
	at com.kms.katalon.core.keyword.builtin.CallTestCaseKeyword$_callTestCase_closure1.call(CallTestCaseKeyword.groovy)
	at com.kms.katalon.core.keyword.internal.KeywordMain.runKeyword(KeywordMain.groovy:66)
	at com.kms.katalon.core.keyword.builtin.CallTestCaseKeyword.callTestCase(CallTestCaseKeyword.groovy:81)
	at com.kms.katalon.core.keyword.builtin.CallTestCaseKeyword.execute(CallTestCaseKeyword.groovy:44)
	at com.kms.katalon.core.keyword.internal.KeywordExecutor.executeKeywordForPlatform(KeywordExecutor.groovy:56)
	at com.kms.katalon.core.keyword.BuiltinKeywords.callTestCase(BuiltinKeywords.groovy:334)
	at TC0818.run(TC0818:23)
	at com.kms.katalon.core.main.ScriptEngine.run(ScriptEngine.java:194)
	at com.kms.katalon.core.main.ScriptEngine.runScriptAsRawText(ScriptEngine.java:119)
	at com.kms.katalon.core.main.TestCaseExecutor.runScript(TestCaseExecutor.java:336)
	at com.kms.katalon.core.main.TestCaseExecutor.doExecute(TestCaseExecutor.java:327)
	at com.kms.katalon.core.main.TestCaseExecutor.processExecutionPhase(TestCaseExecutor.java:306)
	at com.kms.katalon.core.main.TestCaseExecutor.accessMainPhase(TestCaseExecutor.java:298)
	at com.kms.katalon.core.main.TestCaseExecutor.execute(TestCaseExecutor.java:232)
	at com.kms.katalon.core.main.TestSuiteExecutor.accessTestCaseMainPhase(TestSuiteExecutor.java:129)
	at com.kms.katalon.core.main.TestSuiteExecutor.accessTestSuiteMainPhase(TestSuiteExecutor.java:112)
	at com.kms.katalon.core.main.TestSuiteExecutor.execute(TestSuiteExecutor.java:81)
	at com.kms.katalon.core.main.TestCaseMain.startTestSuite(TestCaseMain.java:157)
	at com.kms.katalon.core.main.TestCaseMain$startTestSuite$0.call(Unknown Source)
	at TempTestSuite1555795243480.run(TempTestSuite1555795243480.groovy:35)
Caused by: com.kms.katalon.core.exception.StepFailedException: Call Test Case 'Test Cases/Template testcases/TC0816' failed
	at com.kms.katalon.core.keyword.builtin.CallTestCaseKeyword$_callTestCase_closure1.doCall(CallTestCaseKeyword.groovy:63)
	at com.kms.katalon.core.keyword.builtin.CallTestCaseKeyword$_callTestCase_closure1.call(CallTestCaseKeyword.groovy)
	at com.kms.katalon.core.keyword.internal.KeywordMain.runKeyword(KeywordMain.groovy:66)
	at com.kms.katalon.core.keyword.builtin.CallTestCaseKeyword.callTestCase(CallTestCaseKeyword.groovy:81)
	at com.kms.katalon.core.keyword.builtin.CallTestCaseKeyword.execute(CallTestCaseKeyword.groovy:44)
	at com.kms.katalon.core.keyword.internal.KeywordExecutor.executeKeywordForPlatform(KeywordExecutor.groovy:56)
	at com.kms.katalon.core.keyword.BuiltinKeywords.callTestCase(BuiltinKeywords.groovy:334)
	at TC0817.run(TC0817:22)
	at com.kms.katalon.core.main.ScriptEngine.run(ScriptEngine.java:194)
	at com.kms.katalon.core.main.ScriptEngine.runScriptAsRawText(ScriptEngine.java:119)
	at com.kms.katalon.core.main.TestCaseExecutor.runScript(TestCaseExecutor.java:336)
	at com.kms.katalon.core.main.TestCaseExecutor.doExecute(TestCaseExecutor.java:327)
	at com.kms.katalon.core.main.TestCaseExecutor.processExecutionPhase(TestCaseExecutor.java:306)
	at com.kms.katalon.core.main.TestCaseExecutor.accessMainPhase(TestCaseExecutor.java:298)
	at com.kms.katalon.core.main.TestCaseExecutor.execute(TestCaseExecutor.java:232)
	at com.kms.katalon.core.main.TestCaseMain.runTestCase(TestCaseMain.java:114)
	at com.kms.katalon.core.keyword.builtin.CallTestCaseKeyword$_callTestCase_closure1.doCall(CallTestCaseKeyword.groovy:59)
	... 20 more
Caused by: com.kms.katalon.core.exception.StepFailedException: Unable to upload file '/home/faizan/Drive/KiboPush_Automated_Testing/KiboPush Katalon/sample.jpg' to object 'Object Repository/Page_KiboPush  Create Broadcast Tem/media_file'
	at com.kms.katalon.core.webui.keyword.internal.WebUIKeywordMain.stepFailed(WebUIKeywordMain.groovy:64)
	at com.kms.katalon.core.webui.keyword.internal.WebUIKeywordMain.runKeyword(WebUIKeywordMain.groovy:26)
	at com.kms.katalon.core.webui.keyword.builtin.UploadFileKeyword.uploadFile(UploadFileKeyword.groovy:87)
	at com.kms.katalon.core.webui.keyword.builtin.UploadFileKeyword.execute(UploadFileKeyword.groovy:68)
	at com.kms.katalon.core.keyword.internal.KeywordExecutor.executeKeywordForPlatform(KeywordExecutor.groovy:56)
	at com.kms.katalon.core.webui.keyword.WebUiBuiltInKeywords.uploadFile(WebUiBuiltInKeywords.groovy:2945)
	at com.kms.katalon.core.webui.keyword.WebUiBuiltInKeywords$uploadFile$8.call(Unknown Source)
	at TC0816.run(TC0816:27)
	at com.kms.katalon.core.main.ScriptEngine.run(ScriptEngine.java:194)
	at com.kms.katalon.core.main.ScriptEngine.runScriptAsRawText(ScriptEngine.java:119)
	at com.kms.katalon.core.main.TestCaseExecutor.runScript(TestCaseExecutor.java:336)
	at com.kms.katalon.core.main.TestCaseExecutor.doExecute(TestCaseExecutor.java:327)
	at com.kms.katalon.core.main.TestCaseExecutor.processExecutionPhase(TestCaseExecutor.java:306)
	at com.kms.katalon.core.main.TestCaseExecutor.accessMainPhase(TestCaseExecutor.java:298)
	at com.kms.katalon.core.main.TestCaseExecutor.execute(TestCaseExecutor.java:232)
	at com.kms.katalon.core.main.TestCaseMain.runTestCase(TestCaseMain.java:114)
	at com.kms.katalon.core.keyword.builtin.CallTestCaseKeyword$_callTestCase_closure1.doCall(CallTestCaseKeyword.groovy:59)
	... 36 more
Caused by: com.kms.katalon.core.webui.exception.WebElementNotFoundException: Web element with id: 'Object Repository/Page_KiboPush  Create Broadcast Tem/media_file' located by 'By.xpath: //*[@id="List1"]/div/div/div[2]/div/input' not found
	at com.kms.katalon.core.webui.common.WebUiCommonHelper.findWebElement(WebUiCommonHelper.java:1097)
	at com.kms.katalon.core.webui.keyword.internal.WebUIAbstractKeyword.findWebElement(WebUIAbstractKeyword.groovy:27)
	at com.kms.katalon.core.webui.keyword.internal.WebUIAbstractKeyword.findWebElement(WebUIAbstractKeyword.groovy:26)
	at com.kms.katalon.core.webui.keyword.builtin.UploadFileKeyword$_uploadFile_closure1.doCall(UploadFileKeyword.groovy:79)
	at com.kms.katalon.core.webui.keyword.builtin.UploadFileKeyword$_uploadFile_closure1.call(UploadFileKeyword.groovy)
	at com.kms.katalon.core.webui.keyword.internal.WebUIKeywordMain.runKeyword(WebUIKeywordMain.groovy:20)
	at com.kms.katalon.core.webui.keyword.builtin.UploadFileKeyword.uploadFile(UploadFileKeyword.groovy:87)
	at com.kms.katalon.core.webui.keyword.builtin.UploadFileKeyword.execute(UploadFileKeyword.groovy:68)
	at com.kms.katalon.core.keyword.internal.KeywordExecutor.executeKeywordForPlatform(KeywordExecutor.groovy:56)
	at com.kms.katalon.core.webui.keyword.WebUiBuiltInKeywords.uploadFile(WebUiBuiltInKeywords.groovy:2945)
	at com.kms.katalon.core.webui.keyword.WebUiBuiltInKeywords$uploadFile$8.call(Unknown Source)
	at Script1537085415206.run(Script1537085415206.groovy:27)
	at com.kms.katalon.core.main.ScriptEngine.run(ScriptEngine.java:194)
	at com.kms.katalon.core.main.ScriptEngine.runScriptAsRawText(ScriptEngine.java:119)
	at com.kms.katalon.core.main.TestCaseExecutor.runScript(TestCaseExecutor.java:336)
	at com.kms.katalon.core.main.TestCaseExecutor.doExecute(TestCaseExecutor.java:327)
	at com.kms.katalon.core.main.TestCaseExecutor.processExecutionPhase(TestCaseExecutor.java:306)
	at com.kms.katalon.core.main.TestCaseExecutor.accessMainPhase(TestCaseExecutor.java:298)
	at com.kms.katalon.core.main.TestCaseExecutor.execute(TestCaseExecutor.java:232)
	at com.kms.katalon.core.main.TestCaseMain.runTestCase(TestCaseMain.java:114)
	at com.kms.katalon.core.keyword.builtin.CallTestCaseKeyword$_callTestCase_closure1.doCall(CallTestCaseKeyword.groovy:59)
	at com.kms.katalon.core.keyword.builtin.CallTestCaseKeyword$_callTestCase_closure1.call(CallTestCaseKeyword.groovy)
	at com.kms.katalon.core.keyword.internal.KeywordMain.runKeyword(KeywordMain.groovy:66)
	at com.kms.katalon.core.keyword.builtin.CallTestCaseKeyword.callTestCase(CallTestCaseKeyword.groovy:81)
	at com.kms.katalon.core.keyword.builtin.CallTestCaseKeyword.execute(CallTestCaseKeyword.groovy:44)
	at com.kms.katalon.core.keyword.internal.KeywordExecutor.executeKeywordForPlatform(KeywordExecutor.groovy:56)
	at com.kms.katalon.core.keyword.BuiltinKeywords.callTestCase(BuiltinKeywords.groovy:334)
	at Script1537085770452.run(Script1537085770452.groovy:22)
	at com.kms.katalon.core.main.ScriptEngine.run(ScriptEngine.java:194)
	at com.kms.katalon.core.main.ScriptEngine.runScriptAsRawText(ScriptEngine.java:119)
	at com.kms.katalon.core.main.TestCaseExecutor.runScript(TestCaseExecutor.java:336)
	at com.kms.katalon.core.main.TestCaseExecutor.doExecute(TestCaseExecutor.java:327)
	at com.kms.katalon.core.main.TestCaseExecutor.processExecutionPhase(TestCaseExecutor.java:306)
	at com.kms.katalon.core.main.TestCaseExecutor.accessMainPhase(TestCaseExecutor.java:298)
	at com.kms.katalon.core.main.TestCaseExecutor.execute(TestCaseExecutor.java:232)
	at com.kms.katalon.core.main.TestCaseMain.runTestCase(TestCaseMain.java:114)
	at com.kms.katalon.core.keyword.builtin.CallTestCaseKeyword$_callTestCase_closure1.doCall(CallTestCaseKeyword.groovy:59)
	at com.kms.katalon.core.keyword.builtin.CallTestCaseKeyword$_callTestCase_closure1.call(CallTestCaseKeyword.groovy)
	at com.kms.katalon.core.keyword.internal.KeywordMain.runKeyword(KeywordMain.groovy:66)
	at com.kms.katalon.core.keyword.builtin.CallTestCaseKeyword.callTestCase(CallTestCaseKeyword.groovy:81)
	at com.kms.katalon.core.keyword.builtin.CallTestCaseKeyword.execute(CallTestCaseKeyword.groovy:44)
	at com.kms.katalon.core.keyword.internal.KeywordExecutor.executeKeywordForPlatform(KeywordExecutor.groovy:56)
	at com.kms.katalon.core.keyword.BuiltinKeywords.callTestCase(BuiltinKeywords.groovy:334)
	at Script1537086007731.run(Script1537086007731.groovy:23)
	... 13 more
)]]></system-out>
         <system-err><![CDATA[2019-04-21 02:43:36 - [TEST_CASE][FAILED] - Test Cases/Template testcases/TC0818: Test Cases/Template testcases/TC0818 FAILED.
Reason:
com.kms.katalon.core.exception.StepFailedException: Call Test Case 'Test Cases/Template testcases/TC0817' failed
	at com.kms.katalon.core.keyword.builtin.CallTestCaseKeyword$_callTestCase_closure1.doCall(CallTestCaseKeyword.groovy:63)
	at com.kms.katalon.core.keyword.builtin.CallTestCaseKeyword$_callTestCase_closure1.call(CallTestCaseKeyword.groovy)
	at com.kms.katalon.core.keyword.internal.KeywordMain.runKeyword(KeywordMain.groovy:66)
	at com.kms.katalon.core.keyword.builtin.CallTestCaseKeyword.callTestCase(CallTestCaseKeyword.groovy:81)
	at com.kms.katalon.core.keyword.builtin.CallTestCaseKeyword.execute(CallTestCaseKeyword.groovy:44)
	at com.kms.katalon.core.keyword.internal.KeywordExecutor.executeKeywordForPlatform(KeywordExecutor.groovy:56)
	at com.kms.katalon.core.keyword.BuiltinKeywords.callTestCase(BuiltinKeywords.groovy:334)
	at TC0818.run(TC0818:23)
	at com.kms.katalon.core.main.ScriptEngine.run(ScriptEngine.java:194)
	at com.kms.katalon.core.main.ScriptEngine.runScriptAsRawText(ScriptEngine.java:119)
	at com.kms.katalon.core.main.TestCaseExecutor.runScript(TestCaseExecutor.java:336)
	at com.kms.katalon.core.main.TestCaseExecutor.doExecute(TestCaseExecutor.java:327)
	at com.kms.katalon.core.main.TestCaseExecutor.processExecutionPhase(TestCaseExecutor.java:306)
	at com.kms.katalon.core.main.TestCaseExecutor.accessMainPhase(TestCaseExecutor.java:298)
	at com.kms.katalon.core.main.TestCaseExecutor.execute(TestCaseExecutor.java:232)
	at com.kms.katalon.core.main.TestSuiteExecutor.accessTestCaseMainPhase(TestSuiteExecutor.java:129)
	at com.kms.katalon.core.main.TestSuiteExecutor.accessTestSuiteMainPhase(TestSuiteExecutor.java:112)
	at com.kms.katalon.core.main.TestSuiteExecutor.execute(TestSuiteExecutor.java:81)
	at com.kms.katalon.core.main.TestCaseMain.startTestSuite(TestCaseMain.java:157)
	at com.kms.katalon.core.main.TestCaseMain$startTestSuite$0.call(Unknown Source)
	at TempTestSuite1555795243480.run(TempTestSuite1555795243480.groovy:35)
Caused by: com.kms.katalon.core.exception.StepFailedException: Call Test Case 'Test Cases/Template testcases/TC0816' failed
	at com.kms.katalon.core.keyword.builtin.CallTestCaseKeyword$_callTestCase_closure1.doCall(CallTestCaseKeyword.groovy:63)
	at com.kms.katalon.core.keyword.builtin.CallTestCaseKeyword$_callTestCase_closure1.call(CallTestCaseKeyword.groovy)
	at com.kms.katalon.core.keyword.internal.KeywordMain.runKeyword(KeywordMain.groovy:66)
	at com.kms.katalon.core.keyword.builtin.CallTestCaseKeyword.callTestCase(CallTestCaseKeyword.groovy:81)
	at com.kms.katalon.core.keyword.builtin.CallTestCaseKeyword.execute(CallTestCaseKeyword.groovy:44)
	at com.kms.katalon.core.keyword.internal.KeywordExecutor.executeKeywordForPlatform(KeywordExecutor.groovy:56)
	at com.kms.katalon.core.keyword.BuiltinKeywords.callTestCase(BuiltinKeywords.groovy:334)
	at TC0817.run(TC0817:22)
	at com.kms.katalon.core.main.ScriptEngine.run(ScriptEngine.java:194)
	at com.kms.katalon.core.main.ScriptEngine.runScriptAsRawText(ScriptEngine.java:119)
	at com.kms.katalon.core.main.TestCaseExecutor.runScript(TestCaseExecutor.java:336)
	at com.kms.katalon.core.main.TestCaseExecutor.doExecute(TestCaseExecutor.java:327)
	at com.kms.katalon.core.main.TestCaseExecutor.processExecutionPhase(TestCaseExecutor.java:306)
	at com.kms.katalon.core.main.TestCaseExecutor.accessMainPhase(TestCaseExecutor.java:298)
	at com.kms.katalon.core.main.TestCaseExecutor.execute(TestCaseExecutor.java:232)
	at com.kms.katalon.core.main.TestCaseMain.runTestCase(TestCaseMain.java:114)
	at com.kms.katalon.core.keyword.builtin.CallTestCaseKeyword$_callTestCase_closure1.doCall(CallTestCaseKeyword.groovy:59)
	... 20 more
Caused by: com.kms.katalon.core.exception.StepFailedException: Unable to upload file '/home/faizan/Drive/KiboPush_Automated_Testing/KiboPush Katalon/sample.jpg' to object 'Object Repository/Page_KiboPush  Create Broadcast Tem/media_file'
	at com.kms.katalon.core.webui.keyword.internal.WebUIKeywordMain.stepFailed(WebUIKeywordMain.groovy:64)
	at com.kms.katalon.core.webui.keyword.internal.WebUIKeywordMain.runKeyword(WebUIKeywordMain.groovy:26)
	at com.kms.katalon.core.webui.keyword.builtin.UploadFileKeyword.uploadFile(UploadFileKeyword.groovy:87)
	at com.kms.katalon.core.webui.keyword.builtin.UploadFileKeyword.execute(UploadFileKeyword.groovy:68)
	at com.kms.katalon.core.keyword.internal.KeywordExecutor.executeKeywordForPlatform(KeywordExecutor.groovy:56)
	at com.kms.katalon.core.webui.keyword.WebUiBuiltInKeywords.uploadFile(WebUiBuiltInKeywords.groovy:2945)
	at com.kms.katalon.core.webui.keyword.WebUiBuiltInKeywords$uploadFile$8.call(Unknown Source)
	at TC0816.run(TC0816:27)
	at com.kms.katalon.core.main.ScriptEngine.run(ScriptEngine.java:194)
	at com.kms.katalon.core.main.ScriptEngine.runScriptAsRawText(ScriptEngine.java:119)
	at com.kms.katalon.core.main.TestCaseExecutor.runScript(TestCaseExecutor.java:336)
	at com.kms.katalon.core.main.TestCaseExecutor.doExecute(TestCaseExecutor.java:327)
	at com.kms.katalon.core.main.TestCaseExecutor.processExecutionPhase(TestCaseExecutor.java:306)
	at com.kms.katalon.core.main.TestCaseExecutor.accessMainPhase(TestCaseExecutor.java:298)
	at com.kms.katalon.core.main.TestCaseExecutor.execute(TestCaseExecutor.java:232)
	at com.kms.katalon.core.main.TestCaseMain.runTestCase(TestCaseMain.java:114)
	at com.kms.katalon.core.keyword.builtin.CallTestCaseKeyword$_callTestCase_closure1.doCall(CallTestCaseKeyword.groovy:59)
	... 36 more
Caused by: com.kms.katalon.core.webui.exception.WebElementNotFoundException: Web element with id: 'Object Repository/Page_KiboPush  Create Broadcast Tem/media_file' located by 'By.xpath: //*[@id="List1"]/div/div/div[2]/div/input' not found
	at com.kms.katalon.core.webui.common.WebUiCommonHelper.findWebElement(WebUiCommonHelper.java:1097)
	at com.kms.katalon.core.webui.keyword.internal.WebUIAbstractKeyword.findWebElement(WebUIAbstractKeyword.groovy:27)
	at com.kms.katalon.core.webui.keyword.internal.WebUIAbstractKeyword.findWebElement(WebUIAbstractKeyword.groovy:26)
	at com.kms.katalon.core.webui.keyword.builtin.UploadFileKeyword$_uploadFile_closure1.doCall(UploadFileKeyword.groovy:79)
	at com.kms.katalon.core.webui.keyword.builtin.UploadFileKeyword$_uploadFile_closure1.call(UploadFileKeyword.groovy)
	at com.kms.katalon.core.webui.keyword.internal.WebUIKeywordMain.runKeyword(WebUIKeywordMain.groovy:20)
	at com.kms.katalon.core.webui.keyword.builtin.UploadFileKeyword.uploadFile(UploadFileKeyword.groovy:87)
	at com.kms.katalon.core.webui.keyword.builtin.UploadFileKeyword.execute(UploadFileKeyword.groovy:68)
	at com.kms.katalon.core.keyword.internal.KeywordExecutor.executeKeywordForPlatform(KeywordExecutor.groovy:56)
	at com.kms.katalon.core.webui.keyword.WebUiBuiltInKeywords.uploadFile(WebUiBuiltInKeywords.groovy:2945)
	at com.kms.katalon.core.webui.keyword.WebUiBuiltInKeywords$uploadFile$8.call(Unknown Source)
	at Script1537085415206.run(Script1537085415206.groovy:27)
	at com.kms.katalon.core.main.ScriptEngine.run(ScriptEngine.java:194)
	at com.kms.katalon.core.main.ScriptEngine.runScriptAsRawText(ScriptEngine.java:119)
	at com.kms.katalon.core.main.TestCaseExecutor.runScript(TestCaseExecutor.java:336)
	at com.kms.katalon.core.main.TestCaseExecutor.doExecute(TestCaseExecutor.java:327)
	at com.kms.katalon.core.main.TestCaseExecutor.processExecutionPhase(TestCaseExecutor.java:306)
	at com.kms.katalon.core.main.TestCaseExecutor.accessMainPhase(TestCaseExecutor.java:298)
	at com.kms.katalon.core.main.TestCaseExecutor.execute(TestCaseExecutor.java:232)
	at com.kms.katalon.core.main.TestCaseMain.runTestCase(TestCaseMain.java:114)
	at com.kms.katalon.core.keyword.builtin.CallTestCaseKeyword$_callTestCase_closure1.doCall(CallTestCaseKeyword.groovy:59)
	at com.kms.katalon.core.keyword.builtin.CallTestCaseKeyword$_callTestCase_closure1.call(CallTestCaseKeyword.groovy)
	at com.kms.katalon.core.keyword.internal.KeywordMain.runKeyword(KeywordMain.groovy:66)
	at com.kms.katalon.core.keyword.builtin.CallTestCaseKeyword.callTestCase(CallTestCaseKeyword.groovy:81)
	at com.kms.katalon.core.keyword.builtin.CallTestCaseKeyword.execute(CallTestCaseKeyword.groovy:44)
	at com.kms.katalon.core.keyword.internal.KeywordExecutor.executeKeywordForPlatform(KeywordExecutor.groovy:56)
	at com.kms.katalon.core.keyword.BuiltinKeywords.callTestCase(BuiltinKeywords.groovy:334)
	at Script1537085770452.run(Script1537085770452.groovy:22)
	at com.kms.katalon.core.main.ScriptEngine.run(ScriptEngine.java:194)
	at com.kms.katalon.core.main.ScriptEngine.runScriptAsRawText(ScriptEngine.java:119)
	at com.kms.katalon.core.main.TestCaseExecutor.runScript(TestCaseExecutor.java:336)
	at com.kms.katalon.core.main.TestCaseExecutor.doExecute(TestCaseExecutor.java:327)
	at com.kms.katalon.core.main.TestCaseExecutor.processExecutionPhase(TestCaseExecutor.java:306)
	at com.kms.katalon.core.main.TestCaseExecutor.accessMainPhase(TestCaseExecutor.java:298)
	at com.kms.katalon.core.main.TestCaseExecutor.execute(TestCaseExecutor.java:232)
	at com.kms.katalon.core.main.TestCaseMain.runTestCase(TestCaseMain.java:114)
	at com.kms.katalon.core.keyword.builtin.CallTestCaseKeyword$_callTestCase_closure1.doCall(CallTestCaseKeyword.groovy:59)
	at com.kms.katalon.core.keyword.builtin.CallTestCaseKeyword$_callTestCase_closure1.call(CallTestCaseKeyword.groovy)
	at com.kms.katalon.core.keyword.internal.KeywordMain.runKeyword(KeywordMain.groovy:66)
	at com.kms.katalon.core.keyword.builtin.CallTestCaseKeyword.callTestCase(CallTestCaseKeyword.groovy:81)
	at com.kms.katalon.core.keyword.builtin.CallTestCaseKeyword.execute(CallTestCaseKeyword.groovy:44)
	at com.kms.katalon.core.keyword.internal.KeywordExecutor.executeKeywordForPlatform(KeywordExecutor.groovy:56)
	at com.kms.katalon.core.keyword.BuiltinKeywords.callTestCase(BuiltinKeywords.groovy:334)
	at Script1537086007731.run(Script1537086007731.groovy:23)
	... 13 more]]></system-err>
      </testcase>
      <testcase name="Test Cases/Template testcases/TC0819" classname="Test Cases/Template testcases/TC0819" status="FAILED">
         <failure type="FAILED" message="Test Cases/Template testcases/TC0819 FAILED.
Reason:
com.kms.katalon.core.exception.StepFailedException: Call Test Case 'Test Cases/Template testcases/TC0817' failed
	at com.kms.katalon.core.keyword.builtin.CallTestCaseKeyword$_callTestCase_closure1.doCall(CallTestCaseKeyword.groovy:63)
	at com.kms.katalon.core.keyword.builtin.CallTestCaseKeyword$_callTestCase_closure1.call(CallTestCaseKeyword.groovy)
	at com.kms.katalon.core.keyword.internal.KeywordMain.runKeyword(KeywordMain.groovy:66)
	at com.kms.katalon.core.keyword.builtin.CallTestCaseKeyword.callTestCase(CallTestCaseKeyword.groovy:81)
	at com.kms.katalon.core.keyword.builtin.CallTestCaseKeyword.execute(CallTestCaseKeyword.groovy:44)
	at com.kms.katalon.core.keyword.internal.KeywordExecutor.executeKeywordForPlatform(KeywordExecutor.groovy:56)
	at com.kms.katalon.core.keyword.BuiltinKeywords.callTestCase(BuiltinKeywords.groovy:334)
	at TC0819.run(TC0819:23)
	at com.kms.katalon.core.main.ScriptEngine.run(ScriptEngine.java:194)
	at com.kms.katalon.core.main.ScriptEngine.runScriptAsRawText(ScriptEngine.java:119)
	at com.kms.katalon.core.main.TestCaseExecutor.runScript(TestCaseExecutor.java:336)
	at com.kms.katalon.core.main.TestCaseExecutor.doExecute(TestCaseExecutor.java:327)
	at com.kms.katalon.core.main.TestCaseExecutor.processExecutionPhase(TestCaseExecutor.java:306)
	at com.kms.katalon.core.main.TestCaseExecutor.accessMainPhase(TestCaseExecutor.java:298)
	at com.kms.katalon.core.main.TestCaseExecutor.execute(TestCaseExecutor.java:232)
	at com.kms.katalon.core.main.TestSuiteExecutor.accessTestCaseMainPhase(TestSuiteExecutor.java:129)
	at com.kms.katalon.core.main.TestSuiteExecutor.accessTestSuiteMainPhase(TestSuiteExecutor.java:112)
	at com.kms.katalon.core.main.TestSuiteExecutor.execute(TestSuiteExecutor.java:81)
	at com.kms.katalon.core.main.TestCaseMain.startTestSuite(TestCaseMain.java:157)
	at com.kms.katalon.core.main.TestCaseMain$startTestSuite$0.call(Unknown Source)
	at TempTestSuite1555795243480.run(TempTestSuite1555795243480.groovy:35)
Caused by: com.kms.katalon.core.exception.StepFailedException: Call Test Case 'Test Cases/Template testcases/TC0816' failed
	at com.kms.katalon.core.keyword.builtin.CallTestCaseKeyword$_callTestCase_closure1.doCall(CallTestCaseKeyword.groovy:63)
	at com.kms.katalon.core.keyword.builtin.CallTestCaseKeyword$_callTestCase_closure1.call(CallTestCaseKeyword.groovy)
	at com.kms.katalon.core.keyword.internal.KeywordMain.runKeyword(KeywordMain.groovy:66)
	at com.kms.katalon.core.keyword.builtin.CallTestCaseKeyword.callTestCase(CallTestCaseKeyword.groovy:81)
	at com.kms.katalon.core.keyword.builtin.CallTestCaseKeyword.execute(CallTestCaseKeyword.groovy:44)
	at com.kms.katalon.core.keyword.internal.KeywordExecutor.executeKeywordForPlatform(KeywordExecutor.groovy:56)
	at com.kms.katalon.core.keyword.BuiltinKeywords.callTestCase(BuiltinKeywords.groovy:334)
	at TC0817.run(TC0817:22)
	at com.kms.katalon.core.main.ScriptEngine.run(ScriptEngine.java:194)
	at com.kms.katalon.core.main.ScriptEngine.runScriptAsRawText(ScriptEngine.java:119)
	at com.kms.katalon.core.main.TestCaseExecutor.runScript(TestCaseExecutor.java:336)
	at com.kms.katalon.core.main.TestCaseExecutor.doExecute(TestCaseExecutor.java:327)
	at com.kms.katalon.core.main.TestCaseExecutor.processExecutionPhase(TestCaseExecutor.java:306)
	at com.kms.katalon.core.main.TestCaseExecutor.accessMainPhase(TestCaseExecutor.java:298)
	at com.kms.katalon.core.main.TestCaseExecutor.execute(TestCaseExecutor.java:232)
	at com.kms.katalon.core.main.TestCaseMain.runTestCase(TestCaseMain.java:114)
	at com.kms.katalon.core.keyword.builtin.CallTestCaseKeyword$_callTestCase_closure1.doCall(CallTestCaseKeyword.groovy:59)
	... 20 more
Caused by: com.kms.katalon.core.exception.StepFailedException: Unable to upload file '/home/faizan/Drive/KiboPush_Automated_Testing/KiboPush Katalon/sample.jpg' to object 'Object Repository/Page_KiboPush  Create Broadcast Tem/media_file'
	at com.kms.katalon.core.webui.keyword.internal.WebUIKeywordMain.stepFailed(WebUIKeywordMain.groovy:64)
	at com.kms.katalon.core.webui.keyword.internal.WebUIKeywordMain.runKeyword(WebUIKeywordMain.groovy:26)
	at com.kms.katalon.core.webui.keyword.builtin.UploadFileKeyword.uploadFile(UploadFileKeyword.groovy:87)
	at com.kms.katalon.core.webui.keyword.builtin.UploadFileKeyword.execute(UploadFileKeyword.groovy:68)
	at com.kms.katalon.core.keyword.internal.KeywordExecutor.executeKeywordForPlatform(KeywordExecutor.groovy:56)
	at com.kms.katalon.core.webui.keyword.WebUiBuiltInKeywords.uploadFile(WebUiBuiltInKeywords.groovy:2945)
	at com.kms.katalon.core.webui.keyword.WebUiBuiltInKeywords$uploadFile$8.call(Unknown Source)
	at TC0816.run(TC0816:27)
	at com.kms.katalon.core.main.ScriptEngine.run(ScriptEngine.java:194)
	at com.kms.katalon.core.main.ScriptEngine.runScriptAsRawText(ScriptEngine.java:119)
	at com.kms.katalon.core.main.TestCaseExecutor.runScript(TestCaseExecutor.java:336)
	at com.kms.katalon.core.main.TestCaseExecutor.doExecute(TestCaseExecutor.java:327)
	at com.kms.katalon.core.main.TestCaseExecutor.processExecutionPhase(TestCaseExecutor.java:306)
	at com.kms.katalon.core.main.TestCaseExecutor.accessMainPhase(TestCaseExecutor.java:298)
	at com.kms.katalon.core.main.TestCaseExecutor.execute(TestCaseExecutor.java:232)
	at com.kms.katalon.core.main.TestCaseMain.runTestCase(TestCaseMain.java:114)
	at com.kms.katalon.core.keyword.builtin.CallTestCaseKeyword$_callTestCase_closure1.doCall(CallTestCaseKeyword.groovy:59)
	... 36 more
Caused by: com.kms.katalon.core.webui.exception.WebElementNotFoundException: Web element with id: 'Object Repository/Page_KiboPush  Create Broadcast Tem/media_file' located by 'By.xpath: //*[@id=&quot;List1&quot;]/div/div/div[2]/div/input' not found
	at com.kms.katalon.core.webui.common.WebUiCommonHelper.findWebElement(WebUiCommonHelper.java:1097)
	at com.kms.katalon.core.webui.keyword.internal.WebUIAbstractKeyword.findWebElement(WebUIAbstractKeyword.groovy:27)
	at com.kms.katalon.core.webui.keyword.internal.WebUIAbstractKeyword.findWebElement(WebUIAbstractKeyword.groovy:26)
	at com.kms.katalon.core.webui.keyword.builtin.UploadFileKeyword$_uploadFile_closure1.doCall(UploadFileKeyword.groovy:79)
	at com.kms.katalon.core.webui.keyword.builtin.UploadFileKeyword$_uploadFile_closure1.call(UploadFileKeyword.groovy)
	at com.kms.katalon.core.webui.keyword.internal.WebUIKeywordMain.runKeyword(WebUIKeywordMain.groovy:20)
	at com.kms.katalon.core.webui.keyword.builtin.UploadFileKeyword.uploadFile(UploadFileKeyword.groovy:87)
	at com.kms.katalon.core.webui.keyword.builtin.UploadFileKeyword.execute(UploadFileKeyword.groovy:68)
	at com.kms.katalon.core.keyword.internal.KeywordExecutor.executeKeywordForPlatform(KeywordExecutor.groovy:56)
	at com.kms.katalon.core.webui.keyword.WebUiBuiltInKeywords.uploadFile(WebUiBuiltInKeywords.groovy:2945)
	at com.kms.katalon.core.webui.keyword.WebUiBuiltInKeywords$uploadFile$8.call(Unknown Source)
	at Script1537085415206.run(Script1537085415206.groovy:27)
	at com.kms.katalon.core.main.ScriptEngine.run(ScriptEngine.java:194)
	at com.kms.katalon.core.main.ScriptEngine.runScriptAsRawText(ScriptEngine.java:119)
	at com.kms.katalon.core.main.TestCaseExecutor.runScript(TestCaseExecutor.java:336)
	at com.kms.katalon.core.main.TestCaseExecutor.doExecute(TestCaseExecutor.java:327)
	at com.kms.katalon.core.main.TestCaseExecutor.processExecutionPhase(TestCaseExecutor.java:306)
	at com.kms.katalon.core.main.TestCaseExecutor.accessMainPhase(TestCaseExecutor.java:298)
	at com.kms.katalon.core.main.TestCaseExecutor.execute(TestCaseExecutor.java:232)
	at com.kms.katalon.core.main.TestCaseMain.runTestCase(TestCaseMain.java:114)
	at com.kms.katalon.core.keyword.builtin.CallTestCaseKeyword$_callTestCase_closure1.doCall(CallTestCaseKeyword.groovy:59)
	at com.kms.katalon.core.keyword.builtin.CallTestCaseKeyword$_callTestCase_closure1.call(CallTestCaseKeyword.groovy)
	at com.kms.katalon.core.keyword.internal.KeywordMain.runKeyword(KeywordMain.groovy:66)
	at com.kms.katalon.core.keyword.builtin.CallTestCaseKeyword.callTestCase(CallTestCaseKeyword.groovy:81)
	at com.kms.katalon.core.keyword.builtin.CallTestCaseKeyword.execute(CallTestCaseKeyword.groovy:44)
	at com.kms.katalon.core.keyword.internal.KeywordExecutor.executeKeywordForPlatform(KeywordExecutor.groovy:56)
	at com.kms.katalon.core.keyword.BuiltinKeywords.callTestCase(BuiltinKeywords.groovy:334)
	at Script1537085770452.run(Script1537085770452.groovy:22)
	at com.kms.katalon.core.main.ScriptEngine.run(ScriptEngine.java:194)
	at com.kms.katalon.core.main.ScriptEngine.runScriptAsRawText(ScriptEngine.java:119)
	at com.kms.katalon.core.main.TestCaseExecutor.runScript(TestCaseExecutor.java:336)
	at com.kms.katalon.core.main.TestCaseExecutor.doExecute(TestCaseExecutor.java:327)
	at com.kms.katalon.core.main.TestCaseExecutor.processExecutionPhase(TestCaseExecutor.java:306)
	at com.kms.katalon.core.main.TestCaseExecutor.accessMainPhase(TestCaseExecutor.java:298)
	at com.kms.katalon.core.main.TestCaseExecutor.execute(TestCaseExecutor.java:232)
	at com.kms.katalon.core.main.TestCaseMain.runTestCase(TestCaseMain.java:114)
	at com.kms.katalon.core.keyword.builtin.CallTestCaseKeyword$_callTestCase_closure1.doCall(CallTestCaseKeyword.groovy:59)
	at com.kms.katalon.core.keyword.builtin.CallTestCaseKeyword$_callTestCase_closure1.call(CallTestCaseKeyword.groovy)
	at com.kms.katalon.core.keyword.internal.KeywordMain.runKeyword(KeywordMain.groovy:66)
	at com.kms.katalon.core.keyword.builtin.CallTestCaseKeyword.callTestCase(CallTestCaseKeyword.groovy:81)
	at com.kms.katalon.core.keyword.builtin.CallTestCaseKeyword.execute(CallTestCaseKeyword.groovy:44)
	at com.kms.katalon.core.keyword.internal.KeywordExecutor.executeKeywordForPlatform(KeywordExecutor.groovy:56)
	at com.kms.katalon.core.keyword.BuiltinKeywords.callTestCase(BuiltinKeywords.groovy:334)
	at Script1537086770256.run(Script1537086770256.groovy:23)
	... 13 more
"/>
         <system-out><![CDATA[2019-04-21 02:44:16 - [TEST_CASE][FAILED] - Test Cases/Template testcases/TC0819: Test Cases/Template testcases/TC0819 FAILED.
Reason:
com.kms.katalon.core.exception.StepFailedException: Call Test Case 'Test Cases/Template testcases/TC0817' failed
	at com.kms.katalon.core.keyword.builtin.CallTestCaseKeyword$_callTestCase_closure1.doCall(CallTestCaseKeyword.groovy:63)
	at com.kms.katalon.core.keyword.builtin.CallTestCaseKeyword$_callTestCase_closure1.call(CallTestCaseKeyword.groovy)
	at com.kms.katalon.core.keyword.internal.KeywordMain.runKeyword(KeywordMain.groovy:66)
	at com.kms.katalon.core.keyword.builtin.CallTestCaseKeyword.callTestCase(CallTestCaseKeyword.groovy:81)
	at com.kms.katalon.core.keyword.builtin.CallTestCaseKeyword.execute(CallTestCaseKeyword.groovy:44)
	at com.kms.katalon.core.keyword.internal.KeywordExecutor.executeKeywordForPlatform(KeywordExecutor.groovy:56)
	at com.kms.katalon.core.keyword.BuiltinKeywords.callTestCase(BuiltinKeywords.groovy:334)
	at TC0819.run(TC0819:23)
	at com.kms.katalon.core.main.ScriptEngine.run(ScriptEngine.java:194)
	at com.kms.katalon.core.main.ScriptEngine.runScriptAsRawText(ScriptEngine.java:119)
	at com.kms.katalon.core.main.TestCaseExecutor.runScript(TestCaseExecutor.java:336)
	at com.kms.katalon.core.main.TestCaseExecutor.doExecute(TestCaseExecutor.java:327)
	at com.kms.katalon.core.main.TestCaseExecutor.processExecutionPhase(TestCaseExecutor.java:306)
	at com.kms.katalon.core.main.TestCaseExecutor.accessMainPhase(TestCaseExecutor.java:298)
	at com.kms.katalon.core.main.TestCaseExecutor.execute(TestCaseExecutor.java:232)
	at com.kms.katalon.core.main.TestSuiteExecutor.accessTestCaseMainPhase(TestSuiteExecutor.java:129)
	at com.kms.katalon.core.main.TestSuiteExecutor.accessTestSuiteMainPhase(TestSuiteExecutor.java:112)
	at com.kms.katalon.core.main.TestSuiteExecutor.execute(TestSuiteExecutor.java:81)
	at com.kms.katalon.core.main.TestCaseMain.startTestSuite(TestCaseMain.java:157)
	at com.kms.katalon.core.main.TestCaseMain$startTestSuite$0.call(Unknown Source)
	at TempTestSuite1555795243480.run(TempTestSuite1555795243480.groovy:35)
Caused by: com.kms.katalon.core.exception.StepFailedException: Call Test Case 'Test Cases/Template testcases/TC0816' failed
	at com.kms.katalon.core.keyword.builtin.CallTestCaseKeyword$_callTestCase_closure1.doCall(CallTestCaseKeyword.groovy:63)
	at com.kms.katalon.core.keyword.builtin.CallTestCaseKeyword$_callTestCase_closure1.call(CallTestCaseKeyword.groovy)
	at com.kms.katalon.core.keyword.internal.KeywordMain.runKeyword(KeywordMain.groovy:66)
	at com.kms.katalon.core.keyword.builtin.CallTestCaseKeyword.callTestCase(CallTestCaseKeyword.groovy:81)
	at com.kms.katalon.core.keyword.builtin.CallTestCaseKeyword.execute(CallTestCaseKeyword.groovy:44)
	at com.kms.katalon.core.keyword.internal.KeywordExecutor.executeKeywordForPlatform(KeywordExecutor.groovy:56)
	at com.kms.katalon.core.keyword.BuiltinKeywords.callTestCase(BuiltinKeywords.groovy:334)
	at TC0817.run(TC0817:22)
	at com.kms.katalon.core.main.ScriptEngine.run(ScriptEngine.java:194)
	at com.kms.katalon.core.main.ScriptEngine.runScriptAsRawText(ScriptEngine.java:119)
	at com.kms.katalon.core.main.TestCaseExecutor.runScript(TestCaseExecutor.java:336)
	at com.kms.katalon.core.main.TestCaseExecutor.doExecute(TestCaseExecutor.java:327)
	at com.kms.katalon.core.main.TestCaseExecutor.processExecutionPhase(TestCaseExecutor.java:306)
	at com.kms.katalon.core.main.TestCaseExecutor.accessMainPhase(TestCaseExecutor.java:298)
	at com.kms.katalon.core.main.TestCaseExecutor.execute(TestCaseExecutor.java:232)
	at com.kms.katalon.core.main.TestCaseMain.runTestCase(TestCaseMain.java:114)
	at com.kms.katalon.core.keyword.builtin.CallTestCaseKeyword$_callTestCase_closure1.doCall(CallTestCaseKeyword.groovy:59)
	... 20 more
Caused by: com.kms.katalon.core.exception.StepFailedException: Unable to upload file '/home/faizan/Drive/KiboPush_Automated_Testing/KiboPush Katalon/sample.jpg' to object 'Object Repository/Page_KiboPush  Create Broadcast Tem/media_file'
	at com.kms.katalon.core.webui.keyword.internal.WebUIKeywordMain.stepFailed(WebUIKeywordMain.groovy:64)
	at com.kms.katalon.core.webui.keyword.internal.WebUIKeywordMain.runKeyword(WebUIKeywordMain.groovy:26)
	at com.kms.katalon.core.webui.keyword.builtin.UploadFileKeyword.uploadFile(UploadFileKeyword.groovy:87)
	at com.kms.katalon.core.webui.keyword.builtin.UploadFileKeyword.execute(UploadFileKeyword.groovy:68)
	at com.kms.katalon.core.keyword.internal.KeywordExecutor.executeKeywordForPlatform(KeywordExecutor.groovy:56)
	at com.kms.katalon.core.webui.keyword.WebUiBuiltInKeywords.uploadFile(WebUiBuiltInKeywords.groovy:2945)
	at com.kms.katalon.core.webui.keyword.WebUiBuiltInKeywords$uploadFile$8.call(Unknown Source)
	at TC0816.run(TC0816:27)
	at com.kms.katalon.core.main.ScriptEngine.run(ScriptEngine.java:194)
	at com.kms.katalon.core.main.ScriptEngine.runScriptAsRawText(ScriptEngine.java:119)
	at com.kms.katalon.core.main.TestCaseExecutor.runScript(TestCaseExecutor.java:336)
	at com.kms.katalon.core.main.TestCaseExecutor.doExecute(TestCaseExecutor.java:327)
	at com.kms.katalon.core.main.TestCaseExecutor.processExecutionPhase(TestCaseExecutor.java:306)
	at com.kms.katalon.core.main.TestCaseExecutor.accessMainPhase(TestCaseExecutor.java:298)
	at com.kms.katalon.core.main.TestCaseExecutor.execute(TestCaseExecutor.java:232)
	at com.kms.katalon.core.main.TestCaseMain.runTestCase(TestCaseMain.java:114)
	at com.kms.katalon.core.keyword.builtin.CallTestCaseKeyword$_callTestCase_closure1.doCall(CallTestCaseKeyword.groovy:59)
	... 36 more
Caused by: com.kms.katalon.core.webui.exception.WebElementNotFoundException: Web element with id: 'Object Repository/Page_KiboPush  Create Broadcast Tem/media_file' located by 'By.xpath: //*[@id="List1"]/div/div/div[2]/div/input' not found
	at com.kms.katalon.core.webui.common.WebUiCommonHelper.findWebElement(WebUiCommonHelper.java:1097)
	at com.kms.katalon.core.webui.keyword.internal.WebUIAbstractKeyword.findWebElement(WebUIAbstractKeyword.groovy:27)
	at com.kms.katalon.core.webui.keyword.internal.WebUIAbstractKeyword.findWebElement(WebUIAbstractKeyword.groovy:26)
	at com.kms.katalon.core.webui.keyword.builtin.UploadFileKeyword$_uploadFile_closure1.doCall(UploadFileKeyword.groovy:79)
	at com.kms.katalon.core.webui.keyword.builtin.UploadFileKeyword$_uploadFile_closure1.call(UploadFileKeyword.groovy)
	at com.kms.katalon.core.webui.keyword.internal.WebUIKeywordMain.runKeyword(WebUIKeywordMain.groovy:20)
	at com.kms.katalon.core.webui.keyword.builtin.UploadFileKeyword.uploadFile(UploadFileKeyword.groovy:87)
	at com.kms.katalon.core.webui.keyword.builtin.UploadFileKeyword.execute(UploadFileKeyword.groovy:68)
	at com.kms.katalon.core.keyword.internal.KeywordExecutor.executeKeywordForPlatform(KeywordExecutor.groovy:56)
	at com.kms.katalon.core.webui.keyword.WebUiBuiltInKeywords.uploadFile(WebUiBuiltInKeywords.groovy:2945)
	at com.kms.katalon.core.webui.keyword.WebUiBuiltInKeywords$uploadFile$8.call(Unknown Source)
	at Script1537085415206.run(Script1537085415206.groovy:27)
	at com.kms.katalon.core.main.ScriptEngine.run(ScriptEngine.java:194)
	at com.kms.katalon.core.main.ScriptEngine.runScriptAsRawText(ScriptEngine.java:119)
	at com.kms.katalon.core.main.TestCaseExecutor.runScript(TestCaseExecutor.java:336)
	at com.kms.katalon.core.main.TestCaseExecutor.doExecute(TestCaseExecutor.java:327)
	at com.kms.katalon.core.main.TestCaseExecutor.processExecutionPhase(TestCaseExecutor.java:306)
	at com.kms.katalon.core.main.TestCaseExecutor.accessMainPhase(TestCaseExecutor.java:298)
	at com.kms.katalon.core.main.TestCaseExecutor.execute(TestCaseExecutor.java:232)
	at com.kms.katalon.core.main.TestCaseMain.runTestCase(TestCaseMain.java:114)
	at com.kms.katalon.core.keyword.builtin.CallTestCaseKeyword$_callTestCase_closure1.doCall(CallTestCaseKeyword.groovy:59)
	at com.kms.katalon.core.keyword.builtin.CallTestCaseKeyword$_callTestCase_closure1.call(CallTestCaseKeyword.groovy)
	at com.kms.katalon.core.keyword.internal.KeywordMain.runKeyword(KeywordMain.groovy:66)
	at com.kms.katalon.core.keyword.builtin.CallTestCaseKeyword.callTestCase(CallTestCaseKeyword.groovy:81)
	at com.kms.katalon.core.keyword.builtin.CallTestCaseKeyword.execute(CallTestCaseKeyword.groovy:44)
	at com.kms.katalon.core.keyword.internal.KeywordExecutor.executeKeywordForPlatform(KeywordExecutor.groovy:56)
	at com.kms.katalon.core.keyword.BuiltinKeywords.callTestCase(BuiltinKeywords.groovy:334)
	at Script1537085770452.run(Script1537085770452.groovy:22)
	at com.kms.katalon.core.main.ScriptEngine.run(ScriptEngine.java:194)
	at com.kms.katalon.core.main.ScriptEngine.runScriptAsRawText(ScriptEngine.java:119)
	at com.kms.katalon.core.main.TestCaseExecutor.runScript(TestCaseExecutor.java:336)
	at com.kms.katalon.core.main.TestCaseExecutor.doExecute(TestCaseExecutor.java:327)
	at com.kms.katalon.core.main.TestCaseExecutor.processExecutionPhase(TestCaseExecutor.java:306)
	at com.kms.katalon.core.main.TestCaseExecutor.accessMainPhase(TestCaseExecutor.java:298)
	at com.kms.katalon.core.main.TestCaseExecutor.execute(TestCaseExecutor.java:232)
	at com.kms.katalon.core.main.TestCaseMain.runTestCase(TestCaseMain.java:114)
	at com.kms.katalon.core.keyword.builtin.CallTestCaseKeyword$_callTestCase_closure1.doCall(CallTestCaseKeyword.groovy:59)
	at com.kms.katalon.core.keyword.builtin.CallTestCaseKeyword$_callTestCase_closure1.call(CallTestCaseKeyword.groovy)
	at com.kms.katalon.core.keyword.internal.KeywordMain.runKeyword(KeywordMain.groovy:66)
	at com.kms.katalon.core.keyword.builtin.CallTestCaseKeyword.callTestCase(CallTestCaseKeyword.groovy:81)
	at com.kms.katalon.core.keyword.builtin.CallTestCaseKeyword.execute(CallTestCaseKeyword.groovy:44)
	at com.kms.katalon.core.keyword.internal.KeywordExecutor.executeKeywordForPlatform(KeywordExecutor.groovy:56)
	at com.kms.katalon.core.keyword.BuiltinKeywords.callTestCase(BuiltinKeywords.groovy:334)
	at Script1537086770256.run(Script1537086770256.groovy:23)
	... 13 more


2019-04-21 02:44:16 - [TEST_STEP][FAILED] - callTestCase(findTestCase("Template testcases/TC0817"), [:], STOP_ON_FAILURE): Unable to call Test Case 'Test Cases/Template testcases/TC0817' (Root cause: com.kms.katalon.core.exception.StepFailedException: Call Test Case 'Test Cases/Template testcases/TC0817' failed
	at com.kms.katalon.core.keyword.builtin.CallTestCaseKeyword$_callTestCase_closure1.doCall(CallTestCaseKeyword.groovy:63)
	at com.kms.katalon.core.keyword.builtin.CallTestCaseKeyword$_callTestCase_closure1.call(CallTestCaseKeyword.groovy)
	at com.kms.katalon.core.keyword.internal.KeywordMain.runKeyword(KeywordMain.groovy:66)
	at com.kms.katalon.core.keyword.builtin.CallTestCaseKeyword.callTestCase(CallTestCaseKeyword.groovy:81)
	at com.kms.katalon.core.keyword.builtin.CallTestCaseKeyword.execute(CallTestCaseKeyword.groovy:44)
	at com.kms.katalon.core.keyword.internal.KeywordExecutor.executeKeywordForPlatform(KeywordExecutor.groovy:56)
	at com.kms.katalon.core.keyword.BuiltinKeywords.callTestCase(BuiltinKeywords.groovy:334)
	at TC0819.run(TC0819:23)
	at com.kms.katalon.core.main.ScriptEngine.run(ScriptEngine.java:194)
	at com.kms.katalon.core.main.ScriptEngine.runScriptAsRawText(ScriptEngine.java:119)
	at com.kms.katalon.core.main.TestCaseExecutor.runScript(TestCaseExecutor.java:336)
	at com.kms.katalon.core.main.TestCaseExecutor.doExecute(TestCaseExecutor.java:327)
	at com.kms.katalon.core.main.TestCaseExecutor.processExecutionPhase(TestCaseExecutor.java:306)
	at com.kms.katalon.core.main.TestCaseExecutor.accessMainPhase(TestCaseExecutor.java:298)
	at com.kms.katalon.core.main.TestCaseExecutor.execute(TestCaseExecutor.java:232)
	at com.kms.katalon.core.main.TestSuiteExecutor.accessTestCaseMainPhase(TestSuiteExecutor.java:129)
	at com.kms.katalon.core.main.TestSuiteExecutor.accessTestSuiteMainPhase(TestSuiteExecutor.java:112)
	at com.kms.katalon.core.main.TestSuiteExecutor.execute(TestSuiteExecutor.java:81)
	at com.kms.katalon.core.main.TestCaseMain.startTestSuite(TestCaseMain.java:157)
	at com.kms.katalon.core.main.TestCaseMain$startTestSuite$0.call(Unknown Source)
	at TempTestSuite1555795243480.run(TempTestSuite1555795243480.groovy:35)
Caused by: com.kms.katalon.core.exception.StepFailedException: Call Test Case 'Test Cases/Template testcases/TC0816' failed
	at com.kms.katalon.core.keyword.builtin.CallTestCaseKeyword$_callTestCase_closure1.doCall(CallTestCaseKeyword.groovy:63)
	at com.kms.katalon.core.keyword.builtin.CallTestCaseKeyword$_callTestCase_closure1.call(CallTestCaseKeyword.groovy)
	at com.kms.katalon.core.keyword.internal.KeywordMain.runKeyword(KeywordMain.groovy:66)
	at com.kms.katalon.core.keyword.builtin.CallTestCaseKeyword.callTestCase(CallTestCaseKeyword.groovy:81)
	at com.kms.katalon.core.keyword.builtin.CallTestCaseKeyword.execute(CallTestCaseKeyword.groovy:44)
	at com.kms.katalon.core.keyword.internal.KeywordExecutor.executeKeywordForPlatform(KeywordExecutor.groovy:56)
	at com.kms.katalon.core.keyword.BuiltinKeywords.callTestCase(BuiltinKeywords.groovy:334)
	at TC0817.run(TC0817:22)
	at com.kms.katalon.core.main.ScriptEngine.run(ScriptEngine.java:194)
	at com.kms.katalon.core.main.ScriptEngine.runScriptAsRawText(ScriptEngine.java:119)
	at com.kms.katalon.core.main.TestCaseExecutor.runScript(TestCaseExecutor.java:336)
	at com.kms.katalon.core.main.TestCaseExecutor.doExecute(TestCaseExecutor.java:327)
	at com.kms.katalon.core.main.TestCaseExecutor.processExecutionPhase(TestCaseExecutor.java:306)
	at com.kms.katalon.core.main.TestCaseExecutor.accessMainPhase(TestCaseExecutor.java:298)
	at com.kms.katalon.core.main.TestCaseExecutor.execute(TestCaseExecutor.java:232)
	at com.kms.katalon.core.main.TestCaseMain.runTestCase(TestCaseMain.java:114)
	at com.kms.katalon.core.keyword.builtin.CallTestCaseKeyword$_callTestCase_closure1.doCall(CallTestCaseKeyword.groovy:59)
	... 20 more
Caused by: com.kms.katalon.core.exception.StepFailedException: Unable to upload file '/home/faizan/Drive/KiboPush_Automated_Testing/KiboPush Katalon/sample.jpg' to object 'Object Repository/Page_KiboPush  Create Broadcast Tem/media_file'
	at com.kms.katalon.core.webui.keyword.internal.WebUIKeywordMain.stepFailed(WebUIKeywordMain.groovy:64)
	at com.kms.katalon.core.webui.keyword.internal.WebUIKeywordMain.runKeyword(WebUIKeywordMain.groovy:26)
	at com.kms.katalon.core.webui.keyword.builtin.UploadFileKeyword.uploadFile(UploadFileKeyword.groovy:87)
	at com.kms.katalon.core.webui.keyword.builtin.UploadFileKeyword.execute(UploadFileKeyword.groovy:68)
	at com.kms.katalon.core.keyword.internal.KeywordExecutor.executeKeywordForPlatform(KeywordExecutor.groovy:56)
	at com.kms.katalon.core.webui.keyword.WebUiBuiltInKeywords.uploadFile(WebUiBuiltInKeywords.groovy:2945)
	at com.kms.katalon.core.webui.keyword.WebUiBuiltInKeywords$uploadFile$8.call(Unknown Source)
	at TC0816.run(TC0816:27)
	at com.kms.katalon.core.main.ScriptEngine.run(ScriptEngine.java:194)
	at com.kms.katalon.core.main.ScriptEngine.runScriptAsRawText(ScriptEngine.java:119)
	at com.kms.katalon.core.main.TestCaseExecutor.runScript(TestCaseExecutor.java:336)
	at com.kms.katalon.core.main.TestCaseExecutor.doExecute(TestCaseExecutor.java:327)
	at com.kms.katalon.core.main.TestCaseExecutor.processExecutionPhase(TestCaseExecutor.java:306)
	at com.kms.katalon.core.main.TestCaseExecutor.accessMainPhase(TestCaseExecutor.java:298)
	at com.kms.katalon.core.main.TestCaseExecutor.execute(TestCaseExecutor.java:232)
	at com.kms.katalon.core.main.TestCaseMain.runTestCase(TestCaseMain.java:114)
	at com.kms.katalon.core.keyword.builtin.CallTestCaseKeyword$_callTestCase_closure1.doCall(CallTestCaseKeyword.groovy:59)
	... 36 more
Caused by: com.kms.katalon.core.webui.exception.WebElementNotFoundException: Web element with id: 'Object Repository/Page_KiboPush  Create Broadcast Tem/media_file' located by 'By.xpath: //*[@id="List1"]/div/div/div[2]/div/input' not found
	at com.kms.katalon.core.webui.common.WebUiCommonHelper.findWebElement(WebUiCommonHelper.java:1097)
	at com.kms.katalon.core.webui.keyword.internal.WebUIAbstractKeyword.findWebElement(WebUIAbstractKeyword.groovy:27)
	at com.kms.katalon.core.webui.keyword.internal.WebUIAbstractKeyword.findWebElement(WebUIAbstractKeyword.groovy:26)
	at com.kms.katalon.core.webui.keyword.builtin.UploadFileKeyword$_uploadFile_closure1.doCall(UploadFileKeyword.groovy:79)
	at com.kms.katalon.core.webui.keyword.builtin.UploadFileKeyword$_uploadFile_closure1.call(UploadFileKeyword.groovy)
	at com.kms.katalon.core.webui.keyword.internal.WebUIKeywordMain.runKeyword(WebUIKeywordMain.groovy:20)
	at com.kms.katalon.core.webui.keyword.builtin.UploadFileKeyword.uploadFile(UploadFileKeyword.groovy:87)
	at com.kms.katalon.core.webui.keyword.builtin.UploadFileKeyword.execute(UploadFileKeyword.groovy:68)
	at com.kms.katalon.core.keyword.internal.KeywordExecutor.executeKeywordForPlatform(KeywordExecutor.groovy:56)
	at com.kms.katalon.core.webui.keyword.WebUiBuiltInKeywords.uploadFile(WebUiBuiltInKeywords.groovy:2945)
	at com.kms.katalon.core.webui.keyword.WebUiBuiltInKeywords$uploadFile$8.call(Unknown Source)
	at Script1537085415206.run(Script1537085415206.groovy:27)
	at com.kms.katalon.core.main.ScriptEngine.run(ScriptEngine.java:194)
	at com.kms.katalon.core.main.ScriptEngine.runScriptAsRawText(ScriptEngine.java:119)
	at com.kms.katalon.core.main.TestCaseExecutor.runScript(TestCaseExecutor.java:336)
	at com.kms.katalon.core.main.TestCaseExecutor.doExecute(TestCaseExecutor.java:327)
	at com.kms.katalon.core.main.TestCaseExecutor.processExecutionPhase(TestCaseExecutor.java:306)
	at com.kms.katalon.core.main.TestCaseExecutor.accessMainPhase(TestCaseExecutor.java:298)
	at com.kms.katalon.core.main.TestCaseExecutor.execute(TestCaseExecutor.java:232)
	at com.kms.katalon.core.main.TestCaseMain.runTestCase(TestCaseMain.java:114)
	at com.kms.katalon.core.keyword.builtin.CallTestCaseKeyword$_callTestCase_closure1.doCall(CallTestCaseKeyword.groovy:59)
	at com.kms.katalon.core.keyword.builtin.CallTestCaseKeyword$_callTestCase_closure1.call(CallTestCaseKeyword.groovy)
	at com.kms.katalon.core.keyword.internal.KeywordMain.runKeyword(KeywordMain.groovy:66)
	at com.kms.katalon.core.keyword.builtin.CallTestCaseKeyword.callTestCase(CallTestCaseKeyword.groovy:81)
	at com.kms.katalon.core.keyword.builtin.CallTestCaseKeyword.execute(CallTestCaseKeyword.groovy:44)
	at com.kms.katalon.core.keyword.internal.KeywordExecutor.executeKeywordForPlatform(KeywordExecutor.groovy:56)
	at com.kms.katalon.core.keyword.BuiltinKeywords.callTestCase(BuiltinKeywords.groovy:334)
	at Script1537085770452.run(Script1537085770452.groovy:22)
	at com.kms.katalon.core.main.ScriptEngine.run(ScriptEngine.java:194)
	at com.kms.katalon.core.main.ScriptEngine.runScriptAsRawText(ScriptEngine.java:119)
	at com.kms.katalon.core.main.TestCaseExecutor.runScript(TestCaseExecutor.java:336)
	at com.kms.katalon.core.main.TestCaseExecutor.doExecute(TestCaseExecutor.java:327)
	at com.kms.katalon.core.main.TestCaseExecutor.processExecutionPhase(TestCaseExecutor.java:306)
	at com.kms.katalon.core.main.TestCaseExecutor.accessMainPhase(TestCaseExecutor.java:298)
	at com.kms.katalon.core.main.TestCaseExecutor.execute(TestCaseExecutor.java:232)
	at com.kms.katalon.core.main.TestCaseMain.runTestCase(TestCaseMain.java:114)
	at com.kms.katalon.core.keyword.builtin.CallTestCaseKeyword$_callTestCase_closure1.doCall(CallTestCaseKeyword.groovy:59)
	at com.kms.katalon.core.keyword.builtin.CallTestCaseKeyword$_callTestCase_closure1.call(CallTestCaseKeyword.groovy)
	at com.kms.katalon.core.keyword.internal.KeywordMain.runKeyword(KeywordMain.groovy:66)
	at com.kms.katalon.core.keyword.builtin.CallTestCaseKeyword.callTestCase(CallTestCaseKeyword.groovy:81)
	at com.kms.katalon.core.keyword.builtin.CallTestCaseKeyword.execute(CallTestCaseKeyword.groovy:44)
	at com.kms.katalon.core.keyword.internal.KeywordExecutor.executeKeywordForPlatform(KeywordExecutor.groovy:56)
	at com.kms.katalon.core.keyword.BuiltinKeywords.callTestCase(BuiltinKeywords.groovy:334)
	at Script1537086770256.run(Script1537086770256.groovy:23)
	... 13 more
)

2019-04-21 02:44:16 - [TEST_CASE][FAILED] - Test Cases/Template testcases/TC0817: Test Cases/Template testcases/TC0817 FAILED.
Reason:
com.kms.katalon.core.exception.StepFailedException: Call Test Case 'Test Cases/Template testcases/TC0816' failed
	at com.kms.katalon.core.keyword.builtin.CallTestCaseKeyword$_callTestCase_closure1.doCall(CallTestCaseKeyword.groovy:63)
	at com.kms.katalon.core.keyword.builtin.CallTestCaseKeyword$_callTestCase_closure1.call(CallTestCaseKeyword.groovy)
	at com.kms.katalon.core.keyword.internal.KeywordMain.runKeyword(KeywordMain.groovy:66)
	at com.kms.katalon.core.keyword.builtin.CallTestCaseKeyword.callTestCase(CallTestCaseKeyword.groovy:81)
	at com.kms.katalon.core.keyword.builtin.CallTestCaseKeyword.execute(CallTestCaseKeyword.groovy:44)
	at com.kms.katalon.core.keyword.internal.KeywordExecutor.executeKeywordForPlatform(KeywordExecutor.groovy:56)
	at com.kms.katalon.core.keyword.BuiltinKeywords.callTestCase(BuiltinKeywords.groovy:334)
	at TC0817.run(TC0817:22)
	at com.kms.katalon.core.main.ScriptEngine.run(ScriptEngine.java:194)
	at com.kms.katalon.core.main.ScriptEngine.runScriptAsRawText(ScriptEngine.java:119)
	at com.kms.katalon.core.main.TestCaseExecutor.runScript(TestCaseExecutor.java:336)
	at com.kms.katalon.core.main.TestCaseExecutor.doExecute(TestCaseExecutor.java:327)
	at com.kms.katalon.core.main.TestCaseExecutor.processExecutionPhase(TestCaseExecutor.java:306)
	at com.kms.katalon.core.main.TestCaseExecutor.accessMainPhase(TestCaseExecutor.java:298)
	at com.kms.katalon.core.main.TestCaseExecutor.execute(TestCaseExecutor.java:232)
	at com.kms.katalon.core.main.TestCaseMain.runTestCase(TestCaseMain.java:114)
	at com.kms.katalon.core.keyword.builtin.CallTestCaseKeyword$_callTestCase_closure1.doCall(CallTestCaseKeyword.groovy:59)
	at com.kms.katalon.core.keyword.builtin.CallTestCaseKeyword$_callTestCase_closure1.call(CallTestCaseKeyword.groovy)
	at com.kms.katalon.core.keyword.internal.KeywordMain.runKeyword(KeywordMain.groovy:66)
	at com.kms.katalon.core.keyword.builtin.CallTestCaseKeyword.callTestCase(CallTestCaseKeyword.groovy:81)
	at com.kms.katalon.core.keyword.builtin.CallTestCaseKeyword.execute(CallTestCaseKeyword.groovy:44)
	at com.kms.katalon.core.keyword.internal.KeywordExecutor.executeKeywordForPlatform(KeywordExecutor.groovy:56)
	at com.kms.katalon.core.keyword.BuiltinKeywords.callTestCase(BuiltinKeywords.groovy:334)
	at TC0819.run(TC0819:23)
	at com.kms.katalon.core.main.ScriptEngine.run(ScriptEngine.java:194)
	at com.kms.katalon.core.main.ScriptEngine.runScriptAsRawText(ScriptEngine.java:119)
	at com.kms.katalon.core.main.TestCaseExecutor.runScript(TestCaseExecutor.java:336)
	at com.kms.katalon.core.main.TestCaseExecutor.doExecute(TestCaseExecutor.java:327)
	at com.kms.katalon.core.main.TestCaseExecutor.processExecutionPhase(TestCaseExecutor.java:306)
	at com.kms.katalon.core.main.TestCaseExecutor.accessMainPhase(TestCaseExecutor.java:298)
	at com.kms.katalon.core.main.TestCaseExecutor.execute(TestCaseExecutor.java:232)
	at com.kms.katalon.core.main.TestSuiteExecutor.accessTestCaseMainPhase(TestSuiteExecutor.java:129)
	at com.kms.katalon.core.main.TestSuiteExecutor.accessTestSuiteMainPhase(TestSuiteExecutor.java:112)
	at com.kms.katalon.core.main.TestSuiteExecutor.execute(TestSuiteExecutor.java:81)
	at com.kms.katalon.core.main.TestCaseMain.startTestSuite(TestCaseMain.java:157)
	at com.kms.katalon.core.main.TestCaseMain$startTestSuite$0.call(Unknown Source)
	at TempTestSuite1555795243480.run(TempTestSuite1555795243480.groovy:35)
Caused by: com.kms.katalon.core.exception.StepFailedException: Unable to upload file '/home/faizan/Drive/KiboPush_Automated_Testing/KiboPush Katalon/sample.jpg' to object 'Object Repository/Page_KiboPush  Create Broadcast Tem/media_file'
	at com.kms.katalon.core.webui.keyword.internal.WebUIKeywordMain.stepFailed(WebUIKeywordMain.groovy:64)
	at com.kms.katalon.core.webui.keyword.internal.WebUIKeywordMain.runKeyword(WebUIKeywordMain.groovy:26)
	at com.kms.katalon.core.webui.keyword.builtin.UploadFileKeyword.uploadFile(UploadFileKeyword.groovy:87)
	at com.kms.katalon.core.webui.keyword.builtin.UploadFileKeyword.execute(UploadFileKeyword.groovy:68)
	at com.kms.katalon.core.keyword.internal.KeywordExecutor.executeKeywordForPlatform(KeywordExecutor.groovy:56)
	at com.kms.katalon.core.webui.keyword.WebUiBuiltInKeywords.uploadFile(WebUiBuiltInKeywords.groovy:2945)
	at com.kms.katalon.core.webui.keyword.WebUiBuiltInKeywords$uploadFile$8.call(Unknown Source)
	at TC0816.run(TC0816:27)
	at com.kms.katalon.core.main.ScriptEngine.run(ScriptEngine.java:194)
	at com.kms.katalon.core.main.ScriptEngine.runScriptAsRawText(ScriptEngine.java:119)
	at com.kms.katalon.core.main.TestCaseExecutor.runScript(TestCaseExecutor.java:336)
	at com.kms.katalon.core.main.TestCaseExecutor.doExecute(TestCaseExecutor.java:327)
	at com.kms.katalon.core.main.TestCaseExecutor.processExecutionPhase(TestCaseExecutor.java:306)
	at com.kms.katalon.core.main.TestCaseExecutor.accessMainPhase(TestCaseExecutor.java:298)
	at com.kms.katalon.core.main.TestCaseExecutor.execute(TestCaseExecutor.java:232)
	at com.kms.katalon.core.main.TestCaseMain.runTestCase(TestCaseMain.java:114)
	at com.kms.katalon.core.keyword.builtin.CallTestCaseKeyword$_callTestCase_closure1.doCall(CallTestCaseKeyword.groovy:59)
	... 36 more
Caused by: com.kms.katalon.core.webui.exception.WebElementNotFoundException: Web element with id: 'Object Repository/Page_KiboPush  Create Broadcast Tem/media_file' located by 'By.xpath: //*[@id="List1"]/div/div/div[2]/div/input' not found
	at com.kms.katalon.core.webui.common.WebUiCommonHelper.findWebElement(WebUiCommonHelper.java:1097)
	at com.kms.katalon.core.webui.keyword.internal.WebUIAbstractKeyword.findWebElement(WebUIAbstractKeyword.groovy:27)
	at com.kms.katalon.core.webui.keyword.internal.WebUIAbstractKeyword.findWebElement(WebUIAbstractKeyword.groovy:26)
	at com.kms.katalon.core.webui.keyword.builtin.UploadFileKeyword$_uploadFile_closure1.doCall(UploadFileKeyword.groovy:79)
	at com.kms.katalon.core.webui.keyword.builtin.UploadFileKeyword$_uploadFile_closure1.call(UploadFileKeyword.groovy)
	at com.kms.katalon.core.webui.keyword.internal.WebUIKeywordMain.runKeyword(WebUIKeywordMain.groovy:20)
	at com.kms.katalon.core.webui.keyword.builtin.UploadFileKeyword.uploadFile(UploadFileKeyword.groovy:87)
	at com.kms.katalon.core.webui.keyword.builtin.UploadFileKeyword.execute(UploadFileKeyword.groovy:68)
	at com.kms.katalon.core.keyword.internal.KeywordExecutor.executeKeywordForPlatform(KeywordExecutor.groovy:56)
	at com.kms.katalon.core.webui.keyword.WebUiBuiltInKeywords.uploadFile(WebUiBuiltInKeywords.groovy:2945)
	at com.kms.katalon.core.webui.keyword.WebUiBuiltInKeywords$uploadFile$8.call(Unknown Source)
	at Script1537085415206.run(Script1537085415206.groovy:27)
	at com.kms.katalon.core.main.ScriptEngine.run(ScriptEngine.java:194)
	at com.kms.katalon.core.main.ScriptEngine.runScriptAsRawText(ScriptEngine.java:119)
	at com.kms.katalon.core.main.TestCaseExecutor.runScript(TestCaseExecutor.java:336)
	at com.kms.katalon.core.main.TestCaseExecutor.doExecute(TestCaseExecutor.java:327)
	at com.kms.katalon.core.main.TestCaseExecutor.processExecutionPhase(TestCaseExecutor.java:306)
	at com.kms.katalon.core.main.TestCaseExecutor.accessMainPhase(TestCaseExecutor.java:298)
	at com.kms.katalon.core.main.TestCaseExecutor.execute(TestCaseExecutor.java:232)
	at com.kms.katalon.core.main.TestCaseMain.runTestCase(TestCaseMain.java:114)
	at com.kms.katalon.core.keyword.builtin.CallTestCaseKeyword$_callTestCase_closure1.doCall(CallTestCaseKeyword.groovy:59)
	at com.kms.katalon.core.keyword.builtin.CallTestCaseKeyword$_callTestCase_closure1.call(CallTestCaseKeyword.groovy)
	at com.kms.katalon.core.keyword.internal.KeywordMain.runKeyword(KeywordMain.groovy:66)
	at com.kms.katalon.core.keyword.builtin.CallTestCaseKeyword.callTestCase(CallTestCaseKeyword.groovy:81)
	at com.kms.katalon.core.keyword.builtin.CallTestCaseKeyword.execute(CallTestCaseKeyword.groovy:44)
	at com.kms.katalon.core.keyword.internal.KeywordExecutor.executeKeywordForPlatform(KeywordExecutor.groovy:56)
	at com.kms.katalon.core.keyword.BuiltinKeywords.callTestCase(BuiltinKeywords.groovy:334)
	at Script1537085770452.run(Script1537085770452.groovy:22)
	at com.kms.katalon.core.main.ScriptEngine.run(ScriptEngine.java:194)
	at com.kms.katalon.core.main.ScriptEngine.runScriptAsRawText(ScriptEngine.java:119)
	at com.kms.katalon.core.main.TestCaseExecutor.runScript(TestCaseExecutor.java:336)
	at com.kms.katalon.core.main.TestCaseExecutor.doExecute(TestCaseExecutor.java:327)
	at com.kms.katalon.core.main.TestCaseExecutor.processExecutionPhase(TestCaseExecutor.java:306)
	at com.kms.katalon.core.main.TestCaseExecutor.accessMainPhase(TestCaseExecutor.java:298)
	at com.kms.katalon.core.main.TestCaseExecutor.execute(TestCaseExecutor.java:232)
	at com.kms.katalon.core.main.TestCaseMain.runTestCase(TestCaseMain.java:114)
	at com.kms.katalon.core.keyword.builtin.CallTestCaseKeyword$_callTestCase_closure1.doCall(CallTestCaseKeyword.groovy:59)
	at com.kms.katalon.core.keyword.builtin.CallTestCaseKeyword$_callTestCase_closure1.call(CallTestCaseKeyword.groovy)
	at com.kms.katalon.core.keyword.internal.KeywordMain.runKeyword(KeywordMain.groovy:66)
	at com.kms.katalon.core.keyword.builtin.CallTestCaseKeyword.callTestCase(CallTestCaseKeyword.groovy:81)
	at com.kms.katalon.core.keyword.builtin.CallTestCaseKeyword.execute(CallTestCaseKeyword.groovy:44)
	at com.kms.katalon.core.keyword.internal.KeywordExecutor.executeKeywordForPlatform(KeywordExecutor.groovy:56)
	at com.kms.katalon.core.keyword.BuiltinKeywords.callTestCase(BuiltinKeywords.groovy:334)
	at Script1537086770256.run(Script1537086770256.groovy:23)
	... 13 more


2019-04-21 02:44:16 - [TEST_STEP][FAILED] - callTestCase(findTestCase("Template testcases/TC0816"), [:], STOP_ON_FAILURE): Unable to call Test Case 'Test Cases/Template testcases/TC0816' (Root cause: com.kms.katalon.core.exception.StepFailedException: Call Test Case 'Test Cases/Template testcases/TC0816' failed
	at com.kms.katalon.core.keyword.builtin.CallTestCaseKeyword$_callTestCase_closure1.doCall(CallTestCaseKeyword.groovy:63)
	at com.kms.katalon.core.keyword.builtin.CallTestCaseKeyword$_callTestCase_closure1.call(CallTestCaseKeyword.groovy)
	at com.kms.katalon.core.keyword.internal.KeywordMain.runKeyword(KeywordMain.groovy:66)
	at com.kms.katalon.core.keyword.builtin.CallTestCaseKeyword.callTestCase(CallTestCaseKeyword.groovy:81)
	at com.kms.katalon.core.keyword.builtin.CallTestCaseKeyword.execute(CallTestCaseKeyword.groovy:44)
	at com.kms.katalon.core.keyword.internal.KeywordExecutor.executeKeywordForPlatform(KeywordExecutor.groovy:56)
	at com.kms.katalon.core.keyword.BuiltinKeywords.callTestCase(BuiltinKeywords.groovy:334)
	at TC0817.run(TC0817:22)
	at com.kms.katalon.core.main.ScriptEngine.run(ScriptEngine.java:194)
	at com.kms.katalon.core.main.ScriptEngine.runScriptAsRawText(ScriptEngine.java:119)
	at com.kms.katalon.core.main.TestCaseExecutor.runScript(TestCaseExecutor.java:336)
	at com.kms.katalon.core.main.TestCaseExecutor.doExecute(TestCaseExecutor.java:327)
	at com.kms.katalon.core.main.TestCaseExecutor.processExecutionPhase(TestCaseExecutor.java:306)
	at com.kms.katalon.core.main.TestCaseExecutor.accessMainPhase(TestCaseExecutor.java:298)
	at com.kms.katalon.core.main.TestCaseExecutor.execute(TestCaseExecutor.java:232)
	at com.kms.katalon.core.main.TestCaseMain.runTestCase(TestCaseMain.java:114)
	at com.kms.katalon.core.keyword.builtin.CallTestCaseKeyword$_callTestCase_closure1.doCall(CallTestCaseKeyword.groovy:59)
	at com.kms.katalon.core.keyword.builtin.CallTestCaseKeyword$_callTestCase_closure1.call(CallTestCaseKeyword.groovy)
	at com.kms.katalon.core.keyword.internal.KeywordMain.runKeyword(KeywordMain.groovy:66)
	at com.kms.katalon.core.keyword.builtin.CallTestCaseKeyword.callTestCase(CallTestCaseKeyword.groovy:81)
	at com.kms.katalon.core.keyword.builtin.CallTestCaseKeyword.execute(CallTestCaseKeyword.groovy:44)
	at com.kms.katalon.core.keyword.internal.KeywordExecutor.executeKeywordForPlatform(KeywordExecutor.groovy:56)
	at com.kms.katalon.core.keyword.BuiltinKeywords.callTestCase(BuiltinKeywords.groovy:334)
	at TC0819.run(TC0819:23)
	at com.kms.katalon.core.main.ScriptEngine.run(ScriptEngine.java:194)
	at com.kms.katalon.core.main.ScriptEngine.runScriptAsRawText(ScriptEngine.java:119)
	at com.kms.katalon.core.main.TestCaseExecutor.runScript(TestCaseExecutor.java:336)
	at com.kms.katalon.core.main.TestCaseExecutor.doExecute(TestCaseExecutor.java:327)
	at com.kms.katalon.core.main.TestCaseExecutor.processExecutionPhase(TestCaseExecutor.java:306)
	at com.kms.katalon.core.main.TestCaseExecutor.accessMainPhase(TestCaseExecutor.java:298)
	at com.kms.katalon.core.main.TestCaseExecutor.execute(TestCaseExecutor.java:232)
	at com.kms.katalon.core.main.TestSuiteExecutor.accessTestCaseMainPhase(TestSuiteExecutor.java:129)
	at com.kms.katalon.core.main.TestSuiteExecutor.accessTestSuiteMainPhase(TestSuiteExecutor.java:112)
	at com.kms.katalon.core.main.TestSuiteExecutor.execute(TestSuiteExecutor.java:81)
	at com.kms.katalon.core.main.TestCaseMain.startTestSuite(TestCaseMain.java:157)
	at com.kms.katalon.core.main.TestCaseMain$startTestSuite$0.call(Unknown Source)
	at TempTestSuite1555795243480.run(TempTestSuite1555795243480.groovy:35)
Caused by: com.kms.katalon.core.exception.StepFailedException: Unable to upload file '/home/faizan/Drive/KiboPush_Automated_Testing/KiboPush Katalon/sample.jpg' to object 'Object Repository/Page_KiboPush  Create Broadcast Tem/media_file'
	at com.kms.katalon.core.webui.keyword.internal.WebUIKeywordMain.stepFailed(WebUIKeywordMain.groovy:64)
	at com.kms.katalon.core.webui.keyword.internal.WebUIKeywordMain.runKeyword(WebUIKeywordMain.groovy:26)
	at com.kms.katalon.core.webui.keyword.builtin.UploadFileKeyword.uploadFile(UploadFileKeyword.groovy:87)
	at com.kms.katalon.core.webui.keyword.builtin.UploadFileKeyword.execute(UploadFileKeyword.groovy:68)
	at com.kms.katalon.core.keyword.internal.KeywordExecutor.executeKeywordForPlatform(KeywordExecutor.groovy:56)
	at com.kms.katalon.core.webui.keyword.WebUiBuiltInKeywords.uploadFile(WebUiBuiltInKeywords.groovy:2945)
	at com.kms.katalon.core.webui.keyword.WebUiBuiltInKeywords$uploadFile$8.call(Unknown Source)
	at TC0816.run(TC0816:27)
	at com.kms.katalon.core.main.ScriptEngine.run(ScriptEngine.java:194)
	at com.kms.katalon.core.main.ScriptEngine.runScriptAsRawText(ScriptEngine.java:119)
	at com.kms.katalon.core.main.TestCaseExecutor.runScript(TestCaseExecutor.java:336)
	at com.kms.katalon.core.main.TestCaseExecutor.doExecute(TestCaseExecutor.java:327)
	at com.kms.katalon.core.main.TestCaseExecutor.processExecutionPhase(TestCaseExecutor.java:306)
	at com.kms.katalon.core.main.TestCaseExecutor.accessMainPhase(TestCaseExecutor.java:298)
	at com.kms.katalon.core.main.TestCaseExecutor.execute(TestCaseExecutor.java:232)
	at com.kms.katalon.core.main.TestCaseMain.runTestCase(TestCaseMain.java:114)
	at com.kms.katalon.core.keyword.builtin.CallTestCaseKeyword$_callTestCase_closure1.doCall(CallTestCaseKeyword.groovy:59)
	... 36 more
Caused by: com.kms.katalon.core.webui.exception.WebElementNotFoundException: Web element with id: 'Object Repository/Page_KiboPush  Create Broadcast Tem/media_file' located by 'By.xpath: //*[@id="List1"]/div/div/div[2]/div/input' not found
	at com.kms.katalon.core.webui.common.WebUiCommonHelper.findWebElement(WebUiCommonHelper.java:1097)
	at com.kms.katalon.core.webui.keyword.internal.WebUIAbstractKeyword.findWebElement(WebUIAbstractKeyword.groovy:27)
	at com.kms.katalon.core.webui.keyword.internal.WebUIAbstractKeyword.findWebElement(WebUIAbstractKeyword.groovy:26)
	at com.kms.katalon.core.webui.keyword.builtin.UploadFileKeyword$_uploadFile_closure1.doCall(UploadFileKeyword.groovy:79)
	at com.kms.katalon.core.webui.keyword.builtin.UploadFileKeyword$_uploadFile_closure1.call(UploadFileKeyword.groovy)
	at com.kms.katalon.core.webui.keyword.internal.WebUIKeywordMain.runKeyword(WebUIKeywordMain.groovy:20)
	at com.kms.katalon.core.webui.keyword.builtin.UploadFileKeyword.uploadFile(UploadFileKeyword.groovy:87)
	at com.kms.katalon.core.webui.keyword.builtin.UploadFileKeyword.execute(UploadFileKeyword.groovy:68)
	at com.kms.katalon.core.keyword.internal.KeywordExecutor.executeKeywordForPlatform(KeywordExecutor.groovy:56)
	at com.kms.katalon.core.webui.keyword.WebUiBuiltInKeywords.uploadFile(WebUiBuiltInKeywords.groovy:2945)
	at com.kms.katalon.core.webui.keyword.WebUiBuiltInKeywords$uploadFile$8.call(Unknown Source)
	at Script1537085415206.run(Script1537085415206.groovy:27)
	at com.kms.katalon.core.main.ScriptEngine.run(ScriptEngine.java:194)
	at com.kms.katalon.core.main.ScriptEngine.runScriptAsRawText(ScriptEngine.java:119)
	at com.kms.katalon.core.main.TestCaseExecutor.runScript(TestCaseExecutor.java:336)
	at com.kms.katalon.core.main.TestCaseExecutor.doExecute(TestCaseExecutor.java:327)
	at com.kms.katalon.core.main.TestCaseExecutor.processExecutionPhase(TestCaseExecutor.java:306)
	at com.kms.katalon.core.main.TestCaseExecutor.accessMainPhase(TestCaseExecutor.java:298)
	at com.kms.katalon.core.main.TestCaseExecutor.execute(TestCaseExecutor.java:232)
	at com.kms.katalon.core.main.TestCaseMain.runTestCase(TestCaseMain.java:114)
	at com.kms.katalon.core.keyword.builtin.CallTestCaseKeyword$_callTestCase_closure1.doCall(CallTestCaseKeyword.groovy:59)
	at com.kms.katalon.core.keyword.builtin.CallTestCaseKeyword$_callTestCase_closure1.call(CallTestCaseKeyword.groovy)
	at com.kms.katalon.core.keyword.internal.KeywordMain.runKeyword(KeywordMain.groovy:66)
	at com.kms.katalon.core.keyword.builtin.CallTestCaseKeyword.callTestCase(CallTestCaseKeyword.groovy:81)
	at com.kms.katalon.core.keyword.builtin.CallTestCaseKeyword.execute(CallTestCaseKeyword.groovy:44)
	at com.kms.katalon.core.keyword.internal.KeywordExecutor.executeKeywordForPlatform(KeywordExecutor.groovy:56)
	at com.kms.katalon.core.keyword.BuiltinKeywords.callTestCase(BuiltinKeywords.groovy:334)
	at Script1537085770452.run(Script1537085770452.groovy:22)
	at com.kms.katalon.core.main.ScriptEngine.run(ScriptEngine.java:194)
	at com.kms.katalon.core.main.ScriptEngine.runScriptAsRawText(ScriptEngine.java:119)
	at com.kms.katalon.core.main.TestCaseExecutor.runScript(TestCaseExecutor.java:336)
	at com.kms.katalon.core.main.TestCaseExecutor.doExecute(TestCaseExecutor.java:327)
	at com.kms.katalon.core.main.TestCaseExecutor.processExecutionPhase(TestCaseExecutor.java:306)
	at com.kms.katalon.core.main.TestCaseExecutor.accessMainPhase(TestCaseExecutor.java:298)
	at com.kms.katalon.core.main.TestCaseExecutor.execute(TestCaseExecutor.java:232)
	at com.kms.katalon.core.main.TestCaseMain.runTestCase(TestCaseMain.java:114)
	at com.kms.katalon.core.keyword.builtin.CallTestCaseKeyword$_callTestCase_closure1.doCall(CallTestCaseKeyword.groovy:59)
	at com.kms.katalon.core.keyword.builtin.CallTestCaseKeyword$_callTestCase_closure1.call(CallTestCaseKeyword.groovy)
	at com.kms.katalon.core.keyword.internal.KeywordMain.runKeyword(KeywordMain.groovy:66)
	at com.kms.katalon.core.keyword.builtin.CallTestCaseKeyword.callTestCase(CallTestCaseKeyword.groovy:81)
	at com.kms.katalon.core.keyword.builtin.CallTestCaseKeyword.execute(CallTestCaseKeyword.groovy:44)
	at com.kms.katalon.core.keyword.internal.KeywordExecutor.executeKeywordForPlatform(KeywordExecutor.groovy:56)
	at com.kms.katalon.core.keyword.BuiltinKeywords.callTestCase(BuiltinKeywords.groovy:334)
	at Script1537086770256.run(Script1537086770256.groovy:23)
	... 13 more
)

2019-04-21 02:44:16 - [TEST_CASE][FAILED] - Test Cases/Template testcases/TC0816: Test Cases/Template testcases/TC0816 FAILED.
Reason:
com.kms.katalon.core.exception.StepFailedException: Unable to upload file '/home/faizan/Drive/KiboPush_Automated_Testing/KiboPush Katalon/sample.jpg' to object 'Object Repository/Page_KiboPush  Create Broadcast Tem/media_file'
	at com.kms.katalon.core.webui.keyword.internal.WebUIKeywordMain.stepFailed(WebUIKeywordMain.groovy:64)
	at com.kms.katalon.core.webui.keyword.internal.WebUIKeywordMain.runKeyword(WebUIKeywordMain.groovy:26)
	at com.kms.katalon.core.webui.keyword.builtin.UploadFileKeyword.uploadFile(UploadFileKeyword.groovy:87)
	at com.kms.katalon.core.webui.keyword.builtin.UploadFileKeyword.execute(UploadFileKeyword.groovy:68)
	at com.kms.katalon.core.keyword.internal.KeywordExecutor.executeKeywordForPlatform(KeywordExecutor.groovy:56)
	at com.kms.katalon.core.webui.keyword.WebUiBuiltInKeywords.uploadFile(WebUiBuiltInKeywords.groovy:2945)
	at com.kms.katalon.core.webui.keyword.WebUiBuiltInKeywords$uploadFile$8.call(Unknown Source)
	at TC0816.run(TC0816:27)
	at com.kms.katalon.core.main.ScriptEngine.run(ScriptEngine.java:194)
	at com.kms.katalon.core.main.ScriptEngine.runScriptAsRawText(ScriptEngine.java:119)
	at com.kms.katalon.core.main.TestCaseExecutor.runScript(TestCaseExecutor.java:336)
	at com.kms.katalon.core.main.TestCaseExecutor.doExecute(TestCaseExecutor.java:327)
	at com.kms.katalon.core.main.TestCaseExecutor.processExecutionPhase(TestCaseExecutor.java:306)
	at com.kms.katalon.core.main.TestCaseExecutor.accessMainPhase(TestCaseExecutor.java:298)
	at com.kms.katalon.core.main.TestCaseExecutor.execute(TestCaseExecutor.java:232)
	at com.kms.katalon.core.main.TestCaseMain.runTestCase(TestCaseMain.java:114)
	at com.kms.katalon.core.keyword.builtin.CallTestCaseKeyword$_callTestCase_closure1.doCall(CallTestCaseKeyword.groovy:59)
	at com.kms.katalon.core.keyword.builtin.CallTestCaseKeyword$_callTestCase_closure1.call(CallTestCaseKeyword.groovy)
	at com.kms.katalon.core.keyword.internal.KeywordMain.runKeyword(KeywordMain.groovy:66)
	at com.kms.katalon.core.keyword.builtin.CallTestCaseKeyword.callTestCase(CallTestCaseKeyword.groovy:81)
	at com.kms.katalon.core.keyword.builtin.CallTestCaseKeyword.execute(CallTestCaseKeyword.groovy:44)
	at com.kms.katalon.core.keyword.internal.KeywordExecutor.executeKeywordForPlatform(KeywordExecutor.groovy:56)
	at com.kms.katalon.core.keyword.BuiltinKeywords.callTestCase(BuiltinKeywords.groovy:334)
	at TC0817.run(TC0817:22)
	at com.kms.katalon.core.main.ScriptEngine.run(ScriptEngine.java:194)
	at com.kms.katalon.core.main.ScriptEngine.runScriptAsRawText(ScriptEngine.java:119)
	at com.kms.katalon.core.main.TestCaseExecutor.runScript(TestCaseExecutor.java:336)
	at com.kms.katalon.core.main.TestCaseExecutor.doExecute(TestCaseExecutor.java:327)
	at com.kms.katalon.core.main.TestCaseExecutor.processExecutionPhase(TestCaseExecutor.java:306)
	at com.kms.katalon.core.main.TestCaseExecutor.accessMainPhase(TestCaseExecutor.java:298)
	at com.kms.katalon.core.main.TestCaseExecutor.execute(TestCaseExecutor.java:232)
	at com.kms.katalon.core.main.TestCaseMain.runTestCase(TestCaseMain.java:114)
	at com.kms.katalon.core.keyword.builtin.CallTestCaseKeyword$_callTestCase_closure1.doCall(CallTestCaseKeyword.groovy:59)
	at com.kms.katalon.core.keyword.builtin.CallTestCaseKeyword$_callTestCase_closure1.call(CallTestCaseKeyword.groovy)
	at com.kms.katalon.core.keyword.internal.KeywordMain.runKeyword(KeywordMain.groovy:66)
	at com.kms.katalon.core.keyword.builtin.CallTestCaseKeyword.callTestCase(CallTestCaseKeyword.groovy:81)
	at com.kms.katalon.core.keyword.builtin.CallTestCaseKeyword.execute(CallTestCaseKeyword.groovy:44)
	at com.kms.katalon.core.keyword.internal.KeywordExecutor.executeKeywordForPlatform(KeywordExecutor.groovy:56)
	at com.kms.katalon.core.keyword.BuiltinKeywords.callTestCase(BuiltinKeywords.groovy:334)
	at TC0819.run(TC0819:23)
	at com.kms.katalon.core.main.ScriptEngine.run(ScriptEngine.java:194)
	at com.kms.katalon.core.main.ScriptEngine.runScriptAsRawText(ScriptEngine.java:119)
	at com.kms.katalon.core.main.TestCaseExecutor.runScript(TestCaseExecutor.java:336)
	at com.kms.katalon.core.main.TestCaseExecutor.doExecute(TestCaseExecutor.java:327)
	at com.kms.katalon.core.main.TestCaseExecutor.processExecutionPhase(TestCaseExecutor.java:306)
	at com.kms.katalon.core.main.TestCaseExecutor.accessMainPhase(TestCaseExecutor.java:298)
	at com.kms.katalon.core.main.TestCaseExecutor.execute(TestCaseExecutor.java:232)
	at com.kms.katalon.core.main.TestSuiteExecutor.accessTestCaseMainPhase(TestSuiteExecutor.java:129)
	at com.kms.katalon.core.main.TestSuiteExecutor.accessTestSuiteMainPhase(TestSuiteExecutor.java:112)
	at com.kms.katalon.core.main.TestSuiteExecutor.execute(TestSuiteExecutor.java:81)
	at com.kms.katalon.core.main.TestCaseMain.startTestSuite(TestCaseMain.java:157)
	at com.kms.katalon.core.main.TestCaseMain$startTestSuite$0.call(Unknown Source)
	at TempTestSuite1555795243480.run(TempTestSuite1555795243480.groovy:35)
Caused by: com.kms.katalon.core.webui.exception.WebElementNotFoundException: Web element with id: 'Object Repository/Page_KiboPush  Create Broadcast Tem/media_file' located by 'By.xpath: //*[@id="List1"]/div/div/div[2]/div/input' not found
	at com.kms.katalon.core.webui.common.WebUiCommonHelper.findWebElement(WebUiCommonHelper.java:1097)
	at com.kms.katalon.core.webui.keyword.internal.WebUIAbstractKeyword.findWebElement(WebUIAbstractKeyword.groovy:27)
	at com.kms.katalon.core.webui.keyword.internal.WebUIAbstractKeyword.findWebElement(WebUIAbstractKeyword.groovy:26)
	at com.kms.katalon.core.webui.keyword.builtin.UploadFileKeyword$_uploadFile_closure1.doCall(UploadFileKeyword.groovy:79)
	at com.kms.katalon.core.webui.keyword.builtin.UploadFileKeyword$_uploadFile_closure1.call(UploadFileKeyword.groovy)
	at com.kms.katalon.core.webui.keyword.internal.WebUIKeywordMain.runKeyword(WebUIKeywordMain.groovy:20)
	at com.kms.katalon.core.webui.keyword.builtin.UploadFileKeyword.uploadFile(UploadFileKeyword.groovy:87)
	at com.kms.katalon.core.webui.keyword.builtin.UploadFileKeyword.execute(UploadFileKeyword.groovy:68)
	at com.kms.katalon.core.keyword.internal.KeywordExecutor.executeKeywordForPlatform(KeywordExecutor.groovy:56)
	at com.kms.katalon.core.webui.keyword.WebUiBuiltInKeywords.uploadFile(WebUiBuiltInKeywords.groovy:2945)
	at com.kms.katalon.core.webui.keyword.WebUiBuiltInKeywords$uploadFile$8.call(Unknown Source)
	at Script1537085415206.run(Script1537085415206.groovy:27)
	at com.kms.katalon.core.main.ScriptEngine.run(ScriptEngine.java:194)
	at com.kms.katalon.core.main.ScriptEngine.runScriptAsRawText(ScriptEngine.java:119)
	at com.kms.katalon.core.main.TestCaseExecutor.runScript(TestCaseExecutor.java:336)
	at com.kms.katalon.core.main.TestCaseExecutor.doExecute(TestCaseExecutor.java:327)
	at com.kms.katalon.core.main.TestCaseExecutor.processExecutionPhase(TestCaseExecutor.java:306)
	at com.kms.katalon.core.main.TestCaseExecutor.accessMainPhase(TestCaseExecutor.java:298)
	at com.kms.katalon.core.main.TestCaseExecutor.execute(TestCaseExecutor.java:232)
	at com.kms.katalon.core.main.TestCaseMain.runTestCase(TestCaseMain.java:114)
	at com.kms.katalon.core.keyword.builtin.CallTestCaseKeyword$_callTestCase_closure1.doCall(CallTestCaseKeyword.groovy:59)
	at com.kms.katalon.core.keyword.builtin.CallTestCaseKeyword$_callTestCase_closure1.call(CallTestCaseKeyword.groovy)
	at com.kms.katalon.core.keyword.internal.KeywordMain.runKeyword(KeywordMain.groovy:66)
	at com.kms.katalon.core.keyword.builtin.CallTestCaseKeyword.callTestCase(CallTestCaseKeyword.groovy:81)
	at com.kms.katalon.core.keyword.builtin.CallTestCaseKeyword.execute(CallTestCaseKeyword.groovy:44)
	at com.kms.katalon.core.keyword.internal.KeywordExecutor.executeKeywordForPlatform(KeywordExecutor.groovy:56)
	at com.kms.katalon.core.keyword.BuiltinKeywords.callTestCase(BuiltinKeywords.groovy:334)
	at Script1537085770452.run(Script1537085770452.groovy:22)
	at com.kms.katalon.core.main.ScriptEngine.run(ScriptEngine.java:194)
	at com.kms.katalon.core.main.ScriptEngine.runScriptAsRawText(ScriptEngine.java:119)
	at com.kms.katalon.core.main.TestCaseExecutor.runScript(TestCaseExecutor.java:336)
	at com.kms.katalon.core.main.TestCaseExecutor.doExecute(TestCaseExecutor.java:327)
	at com.kms.katalon.core.main.TestCaseExecutor.processExecutionPhase(TestCaseExecutor.java:306)
	at com.kms.katalon.core.main.TestCaseExecutor.accessMainPhase(TestCaseExecutor.java:298)
	at com.kms.katalon.core.main.TestCaseExecutor.execute(TestCaseExecutor.java:232)
	at com.kms.katalon.core.main.TestCaseMain.runTestCase(TestCaseMain.java:114)
	at com.kms.katalon.core.keyword.builtin.CallTestCaseKeyword$_callTestCase_closure1.doCall(CallTestCaseKeyword.groovy:59)
	at com.kms.katalon.core.keyword.builtin.CallTestCaseKeyword$_callTestCase_closure1.call(CallTestCaseKeyword.groovy)
	at com.kms.katalon.core.keyword.internal.KeywordMain.runKeyword(KeywordMain.groovy:66)
	at com.kms.katalon.core.keyword.builtin.CallTestCaseKeyword.callTestCase(CallTestCaseKeyword.groovy:81)
	at com.kms.katalon.core.keyword.builtin.CallTestCaseKeyword.execute(CallTestCaseKeyword.groovy:44)
	at com.kms.katalon.core.keyword.internal.KeywordExecutor.executeKeywordForPlatform(KeywordExecutor.groovy:56)
	at com.kms.katalon.core.keyword.BuiltinKeywords.callTestCase(BuiltinKeywords.groovy:334)
	at Script1537086770256.run(Script1537086770256.groovy:23)
	... 13 more


2019-04-21 02:44:16 - [TEST_STEP][PASSED] - callTestCase(findTestCase("Template testcases/TC0813"), [:], STOP_ON_FAILURE): Call Test Case 'Test Cases/Template testcases/TC0813' successfully

2019-04-21 02:44:16 - [TEST_CASE][PASSED] - Test Cases/Template testcases/TC0813: Test Cases/Template testcases/TC0813

2019-04-21 02:44:16 - [TEST_STEP][PASSED] - callTestCase(findTestCase("Template testcases/TC0768"), [:], STOP_ON_FAILURE): Call Test Case 'Test Cases/Template testcases/TC0768' successfully

2019-04-21 02:44:16 - [TEST_CASE][PASSED] - Test Cases/Template testcases/TC0768: Test Cases/Template testcases/TC0768

2019-04-21 02:44:16 - [TEST_STEP][PASSED] - callTestCase(findTestCase("s-sidebar_navigation/individualAccount/Template"), [:], STOP_ON_FAILURE): Call Test Case 'Test Cases/s-sidebar_navigation/individualAccount/Template' successfully

2019-04-21 02:44:16 - [TEST_CASE][PASSED] - Test Cases/s-sidebar_navigation/individualAccount/Template: Test Cases/s-sidebar_navigation/individualAccount/Template

2019-04-21 02:44:16 - [TEST_STEP][PASSED] - click(findTestObject("Page_KiboPush  Dashboard/span_Broadcasts")): Object: 'Object Repository/Page_KiboPush  Dashboard/span_Broadcasts' is clicked on

2019-04-21 02:44:17 - [MESSAGE][PASSED] - Object: 'Object Repository/Page_KiboPush  Dashboard/span_Broadcasts' is clicked on

2019-04-21 02:44:17 - [TEST_STEP][PASSED] - delay(1): Delayed 1 second(s)

2019-04-21 02:44:18 - [MESSAGE][PASSED] - Delayed 1 second(s)

2019-04-21 02:44:18 - [TEST_STEP][PASSED] - click(findTestObject("Page_KiboPush  Dashboard/span_Templates")): Object: 'Object Repository/Page_KiboPush  Dashboard/span_Templates' is clicked on

2019-04-21 02:44:18 - [MESSAGE][PASSED] - Object: 'Object Repository/Page_KiboPush  Dashboard/span_Templates' is clicked on

2019-04-21 02:44:18 - [TEST_STEP][PASSED] - delay(3): Delayed 3 second(s)

2019-04-21 02:44:21 - [MESSAGE][PASSED] - Delayed 3 second(s)

2019-04-21 02:44:21 - [TEST_STEP][PASSED] - scrollToPosition(0, 0): Browser is scrolled to position x = 0, y = 0

2019-04-21 02:44:21 - [MESSAGE][PASSED] - Browser is scrolled to position x = 0, y = 0

2019-04-21 02:44:21 - [TEST_STEP][PASSED] - click(findTestObject("Object Repository/Page_KiboEngage  Templates/h3_Templates")): Object: 'Object Repository/Page_KiboEngage  Templates/h3_Templates' is clicked on

2019-04-21 02:44:21 - [MESSAGE][PASSED] - Object: 'Object Repository/Page_KiboEngage  Templates/h3_Templates' is clicked on

2019-04-21 02:44:21 - [TEST_STEP][PASSED] - delay(3): Delayed 3 second(s)

2019-04-21 02:44:24 - [MESSAGE][PASSED] - Delayed 3 second(s)

2019-04-21 02:44:24 - [MESSAGE][PASSED] - Call Test Case 'Test Cases/s-sidebar_navigation/individualAccount/Template' successfully

2019-04-21 02:44:24 - [TEST_STEP][PASSED] - click(findTestObject("Object Repository/Page_KiboPush  Dashboard/button_Create New")): Object: 'Object Repository/Page_KiboPush  Dashboard/button_Create New' is clicked on

2019-04-21 02:44:24 - [MESSAGE][PASSED] - Object: 'Object Repository/Page_KiboPush  Dashboard/button_Create New' is clicked on

2019-04-21 02:44:24 - [TEST_STEP][PASSED] - click(findTestObject("Object Repository/Page_KiboPush  Create Broadcast Tem/h3_Create Broadcast Template")): Object: 'Object Repository/Page_KiboPush  Create Broadcast Tem/h3_Create Broadcast Template' is clicked on

2019-04-21 02:44:24 - [MESSAGE][PASSED] - Object: 'Object Repository/Page_KiboPush  Create Broadcast Tem/h3_Create Broadcast Template' is clicked on

2019-04-21 02:44:24 - [MESSAGE][PASSED] - Call Test Case 'Test Cases/Template testcases/TC0768' successfully

2019-04-21 02:44:24 - [TEST_STEP][PASSED] - click(findTestObject("Page_KiboPush  Create Broadcast Tem/h3_Create Broadcast Template (7) (1)")): Object: 'Object Repository/Page_KiboPush  Create Broadcast Tem/h3_Create Broadcast Template (7) (1)' is clicked on

2019-04-21 02:44:24 - [MESSAGE][PASSED] - Object: 'Object Repository/Page_KiboPush  Create Broadcast Tem/h3_Create Broadcast Template (7) (1)' is clicked on

2019-04-21 02:44:24 - [TEST_STEP][PASSED] - click(findTestObject("Page_KiboPush  Create Broadcast Tem/h6_Media (1)")): Object: 'Object Repository/Page_KiboPush  Create Broadcast Tem/h6_Media (1)' is clicked on

2019-04-21 02:44:25 - [MESSAGE][PASSED] - Object: 'Object Repository/Page_KiboPush  Create Broadcast Tem/h6_Media (1)' is clicked on

2019-04-21 02:44:25 - [TEST_STEP][PASSED] - click(findTestObject("Object Repository/Page_KiboEngage  Create Broadcast Template/div_New media component added")): Object: 'Object Repository/Page_KiboEngage  Create Broadcast Template/div_New media component added' is clicked on

2019-04-21 02:44:25 - [MESSAGE][PASSED] - Object: 'Object Repository/Page_KiboEngage  Create Broadcast Template/div_New media component added' is clicked on

2019-04-21 02:44:25 - [MESSAGE][PASSED] - Call Test Case 'Test Cases/Template testcases/TC0813' successfully

2019-04-21 02:44:25 - [TEST_STEP][PASSED] - img = getProjectDir() + "/sample.jpg": null

2019-04-21 02:44:25 - [TEST_STEP][FAILED] - uploadFile(findTestObject("Page_KiboPush  Create Broadcast Tem/media_file"), img): Unable to upload file '/home/faizan/Drive/KiboPush_Automated_Testing/KiboPush Katalon/sample.jpg' to object 'Object Repository/Page_KiboPush  Create Broadcast Tem/media_file' (Root cause: com.kms.katalon.core.exception.StepFailedException: Unable to upload file '/home/faizan/Drive/KiboPush_Automated_Testing/KiboPush Katalon/sample.jpg' to object 'Object Repository/Page_KiboPush  Create Broadcast Tem/media_file'
	at com.kms.katalon.core.webui.keyword.internal.WebUIKeywordMain.stepFailed(WebUIKeywordMain.groovy:64)
	at com.kms.katalon.core.webui.keyword.internal.WebUIKeywordMain.runKeyword(WebUIKeywordMain.groovy:26)
	at com.kms.katalon.core.webui.keyword.builtin.UploadFileKeyword.uploadFile(UploadFileKeyword.groovy:87)
	at com.kms.katalon.core.webui.keyword.builtin.UploadFileKeyword.execute(UploadFileKeyword.groovy:68)
	at com.kms.katalon.core.keyword.internal.KeywordExecutor.executeKeywordForPlatform(KeywordExecutor.groovy:56)
	at com.kms.katalon.core.webui.keyword.WebUiBuiltInKeywords.uploadFile(WebUiBuiltInKeywords.groovy:2945)
	at com.kms.katalon.core.webui.keyword.WebUiBuiltInKeywords$uploadFile$8.call(Unknown Source)
	at TC0816.run(TC0816:27)
	at com.kms.katalon.core.main.ScriptEngine.run(ScriptEngine.java:194)
	at com.kms.katalon.core.main.ScriptEngine.runScriptAsRawText(ScriptEngine.java:119)
	at com.kms.katalon.core.main.TestCaseExecutor.runScript(TestCaseExecutor.java:336)
	at com.kms.katalon.core.main.TestCaseExecutor.doExecute(TestCaseExecutor.java:327)
	at com.kms.katalon.core.main.TestCaseExecutor.processExecutionPhase(TestCaseExecutor.java:306)
	at com.kms.katalon.core.main.TestCaseExecutor.accessMainPhase(TestCaseExecutor.java:298)
	at com.kms.katalon.core.main.TestCaseExecutor.execute(TestCaseExecutor.java:232)
	at com.kms.katalon.core.main.TestCaseMain.runTestCase(TestCaseMain.java:114)
	at com.kms.katalon.core.keyword.builtin.CallTestCaseKeyword$_callTestCase_closure1.doCall(CallTestCaseKeyword.groovy:59)
	at com.kms.katalon.core.keyword.builtin.CallTestCaseKeyword$_callTestCase_closure1.call(CallTestCaseKeyword.groovy)
	at com.kms.katalon.core.keyword.internal.KeywordMain.runKeyword(KeywordMain.groovy:66)
	at com.kms.katalon.core.keyword.builtin.CallTestCaseKeyword.callTestCase(CallTestCaseKeyword.groovy:81)
	at com.kms.katalon.core.keyword.builtin.CallTestCaseKeyword.execute(CallTestCaseKeyword.groovy:44)
	at com.kms.katalon.core.keyword.internal.KeywordExecutor.executeKeywordForPlatform(KeywordExecutor.groovy:56)
	at com.kms.katalon.core.keyword.BuiltinKeywords.callTestCase(BuiltinKeywords.groovy:334)
	at TC0817.run(TC0817:22)
	at com.kms.katalon.core.main.ScriptEngine.run(ScriptEngine.java:194)
	at com.kms.katalon.core.main.ScriptEngine.runScriptAsRawText(ScriptEngine.java:119)
	at com.kms.katalon.core.main.TestCaseExecutor.runScript(TestCaseExecutor.java:336)
	at com.kms.katalon.core.main.TestCaseExecutor.doExecute(TestCaseExecutor.java:327)
	at com.kms.katalon.core.main.TestCaseExecutor.processExecutionPhase(TestCaseExecutor.java:306)
	at com.kms.katalon.core.main.TestCaseExecutor.accessMainPhase(TestCaseExecutor.java:298)
	at com.kms.katalon.core.main.TestCaseExecutor.execute(TestCaseExecutor.java:232)
	at com.kms.katalon.core.main.TestCaseMain.runTestCase(TestCaseMain.java:114)
	at com.kms.katalon.core.keyword.builtin.CallTestCaseKeyword$_callTestCase_closure1.doCall(CallTestCaseKeyword.groovy:59)
	at com.kms.katalon.core.keyword.builtin.CallTestCaseKeyword$_callTestCase_closure1.call(CallTestCaseKeyword.groovy)
	at com.kms.katalon.core.keyword.internal.KeywordMain.runKeyword(KeywordMain.groovy:66)
	at com.kms.katalon.core.keyword.builtin.CallTestCaseKeyword.callTestCase(CallTestCaseKeyword.groovy:81)
	at com.kms.katalon.core.keyword.builtin.CallTestCaseKeyword.execute(CallTestCaseKeyword.groovy:44)
	at com.kms.katalon.core.keyword.internal.KeywordExecutor.executeKeywordForPlatform(KeywordExecutor.groovy:56)
	at com.kms.katalon.core.keyword.BuiltinKeywords.callTestCase(BuiltinKeywords.groovy:334)
	at TC0819.run(TC0819:23)
	at com.kms.katalon.core.main.ScriptEngine.run(ScriptEngine.java:194)
	at com.kms.katalon.core.main.ScriptEngine.runScriptAsRawText(ScriptEngine.java:119)
	at com.kms.katalon.core.main.TestCaseExecutor.runScript(TestCaseExecutor.java:336)
	at com.kms.katalon.core.main.TestCaseExecutor.doExecute(TestCaseExecutor.java:327)
	at com.kms.katalon.core.main.TestCaseExecutor.processExecutionPhase(TestCaseExecutor.java:306)
	at com.kms.katalon.core.main.TestCaseExecutor.accessMainPhase(TestCaseExecutor.java:298)
	at com.kms.katalon.core.main.TestCaseExecutor.execute(TestCaseExecutor.java:232)
	at com.kms.katalon.core.main.TestSuiteExecutor.accessTestCaseMainPhase(TestSuiteExecutor.java:129)
	at com.kms.katalon.core.main.TestSuiteExecutor.accessTestSuiteMainPhase(TestSuiteExecutor.java:112)
	at com.kms.katalon.core.main.TestSuiteExecutor.execute(TestSuiteExecutor.java:81)
	at com.kms.katalon.core.main.TestCaseMain.startTestSuite(TestCaseMain.java:157)
	at com.kms.katalon.core.main.TestCaseMain$startTestSuite$0.call(Unknown Source)
	at TempTestSuite1555795243480.run(TempTestSuite1555795243480.groovy:35)
Caused by: com.kms.katalon.core.webui.exception.WebElementNotFoundException: Web element with id: 'Object Repository/Page_KiboPush  Create Broadcast Tem/media_file' located by 'By.xpath: //*[@id="List1"]/div/div/div[2]/div/input' not found
	at com.kms.katalon.core.webui.common.WebUiCommonHelper.findWebElement(WebUiCommonHelper.java:1097)
	at com.kms.katalon.core.webui.keyword.internal.WebUIAbstractKeyword.findWebElement(WebUIAbstractKeyword.groovy:27)
	at com.kms.katalon.core.webui.keyword.internal.WebUIAbstractKeyword.findWebElement(WebUIAbstractKeyword.groovy:26)
	at com.kms.katalon.core.webui.keyword.builtin.UploadFileKeyword$_uploadFile_closure1.doCall(UploadFileKeyword.groovy:79)
	at com.kms.katalon.core.webui.keyword.builtin.UploadFileKeyword$_uploadFile_closure1.call(UploadFileKeyword.groovy)
	at com.kms.katalon.core.webui.keyword.internal.WebUIKeywordMain.runKeyword(WebUIKeywordMain.groovy:20)
	at com.kms.katalon.core.webui.keyword.builtin.UploadFileKeyword.uploadFile(UploadFileKeyword.groovy:87)
	at com.kms.katalon.core.webui.keyword.builtin.UploadFileKeyword.execute(UploadFileKeyword.groovy:68)
	at com.kms.katalon.core.keyword.internal.KeywordExecutor.executeKeywordForPlatform(KeywordExecutor.groovy:56)
	at com.kms.katalon.core.webui.keyword.WebUiBuiltInKeywords.uploadFile(WebUiBuiltInKeywords.groovy:2945)
	at com.kms.katalon.core.webui.keyword.WebUiBuiltInKeywords$uploadFile$8.call(Unknown Source)
	at Script1537085415206.run(Script1537085415206.groovy:27)
	at com.kms.katalon.core.main.ScriptEngine.run(ScriptEngine.java:194)
	at com.kms.katalon.core.main.ScriptEngine.runScriptAsRawText(ScriptEngine.java:119)
	at com.kms.katalon.core.main.TestCaseExecutor.runScript(TestCaseExecutor.java:336)
	at com.kms.katalon.core.main.TestCaseExecutor.doExecute(TestCaseExecutor.java:327)
	at com.kms.katalon.core.main.TestCaseExecutor.processExecutionPhase(TestCaseExecutor.java:306)
	at com.kms.katalon.core.main.TestCaseExecutor.accessMainPhase(TestCaseExecutor.java:298)
	at com.kms.katalon.core.main.TestCaseExecutor.execute(TestCaseExecutor.java:232)
	at com.kms.katalon.core.main.TestCaseMain.runTestCase(TestCaseMain.java:114)
	at com.kms.katalon.core.keyword.builtin.CallTestCaseKeyword$_callTestCase_closure1.doCall(CallTestCaseKeyword.groovy:59)
	at com.kms.katalon.core.keyword.builtin.CallTestCaseKeyword$_callTestCase_closure1.call(CallTestCaseKeyword.groovy)
	at com.kms.katalon.core.keyword.internal.KeywordMain.runKeyword(KeywordMain.groovy:66)
	at com.kms.katalon.core.keyword.builtin.CallTestCaseKeyword.callTestCase(CallTestCaseKeyword.groovy:81)
	at com.kms.katalon.core.keyword.builtin.CallTestCaseKeyword.execute(CallTestCaseKeyword.groovy:44)
	at com.kms.katalon.core.keyword.internal.KeywordExecutor.executeKeywordForPlatform(KeywordExecutor.groovy:56)
	at com.kms.katalon.core.keyword.BuiltinKeywords.callTestCase(BuiltinKeywords.groovy:334)
	at Script1537085770452.run(Script1537085770452.groovy:22)
	at com.kms.katalon.core.main.ScriptEngine.run(ScriptEngine.java:194)
	at com.kms.katalon.core.main.ScriptEngine.runScriptAsRawText(ScriptEngine.java:119)
	at com.kms.katalon.core.main.TestCaseExecutor.runScript(TestCaseExecutor.java:336)
	at com.kms.katalon.core.main.TestCaseExecutor.doExecute(TestCaseExecutor.java:327)
	at com.kms.katalon.core.main.TestCaseExecutor.processExecutionPhase(TestCaseExecutor.java:306)
	at com.kms.katalon.core.main.TestCaseExecutor.accessMainPhase(TestCaseExecutor.java:298)
	at com.kms.katalon.core.main.TestCaseExecutor.execute(TestCaseExecutor.java:232)
	at com.kms.katalon.core.main.TestCaseMain.runTestCase(TestCaseMain.java:114)
	at com.kms.katalon.core.keyword.builtin.CallTestCaseKeyword$_callTestCase_closure1.doCall(CallTestCaseKeyword.groovy:59)
	at com.kms.katalon.core.keyword.builtin.CallTestCaseKeyword$_callTestCase_closure1.call(CallTestCaseKeyword.groovy)
	at com.kms.katalon.core.keyword.internal.KeywordMain.runKeyword(KeywordMain.groovy:66)
	at com.kms.katalon.core.keyword.builtin.CallTestCaseKeyword.callTestCase(CallTestCaseKeyword.groovy:81)
	at com.kms.katalon.core.keyword.builtin.CallTestCaseKeyword.execute(CallTestCaseKeyword.groovy:44)
	at com.kms.katalon.core.keyword.internal.KeywordExecutor.executeKeywordForPlatform(KeywordExecutor.groovy:56)
	at com.kms.katalon.core.keyword.BuiltinKeywords.callTestCase(BuiltinKeywords.groovy:334)
	at Script1537086770256.run(Script1537086770256.groovy:23)
	... 13 more
)

2019-04-21 02:44:56 - [MESSAGE][INFO] - Unable to find the element located by 'By.xpath: //*[@id="List1"]/div/div/div[2]/div/input'. Please recheck the objects properties to make sure the desired element is located. 

2019-04-21 02:44:56 - [MESSAGE][FAILED] - Unable to upload file '/home/faizan/Drive/KiboPush_Automated_Testing/KiboPush Katalon/sample.jpg' to object 'Object Repository/Page_KiboPush  Create Broadcast Tem/media_file' (Root cause: com.kms.katalon.core.exception.StepFailedException: Unable to upload file '/home/faizan/Drive/KiboPush_Automated_Testing/KiboPush Katalon/sample.jpg' to object 'Object Repository/Page_KiboPush  Create Broadcast Tem/media_file'
	at com.kms.katalon.core.webui.keyword.internal.WebUIKeywordMain.stepFailed(WebUIKeywordMain.groovy:64)
	at com.kms.katalon.core.webui.keyword.internal.WebUIKeywordMain.runKeyword(WebUIKeywordMain.groovy:26)
	at com.kms.katalon.core.webui.keyword.builtin.UploadFileKeyword.uploadFile(UploadFileKeyword.groovy:87)
	at com.kms.katalon.core.webui.keyword.builtin.UploadFileKeyword.execute(UploadFileKeyword.groovy:68)
	at com.kms.katalon.core.keyword.internal.KeywordExecutor.executeKeywordForPlatform(KeywordExecutor.groovy:56)
	at com.kms.katalon.core.webui.keyword.WebUiBuiltInKeywords.uploadFile(WebUiBuiltInKeywords.groovy:2945)
	at com.kms.katalon.core.webui.keyword.WebUiBuiltInKeywords$uploadFile$8.call(Unknown Source)
	at TC0816.run(TC0816:27)
	at com.kms.katalon.core.main.ScriptEngine.run(ScriptEngine.java:194)
	at com.kms.katalon.core.main.ScriptEngine.runScriptAsRawText(ScriptEngine.java:119)
	at com.kms.katalon.core.main.TestCaseExecutor.runScript(TestCaseExecutor.java:336)
	at com.kms.katalon.core.main.TestCaseExecutor.doExecute(TestCaseExecutor.java:327)
	at com.kms.katalon.core.main.TestCaseExecutor.processExecutionPhase(TestCaseExecutor.java:306)
	at com.kms.katalon.core.main.TestCaseExecutor.accessMainPhase(TestCaseExecutor.java:298)
	at com.kms.katalon.core.main.TestCaseExecutor.execute(TestCaseExecutor.java:232)
	at com.kms.katalon.core.main.TestCaseMain.runTestCase(TestCaseMain.java:114)
	at com.kms.katalon.core.keyword.builtin.CallTestCaseKeyword$_callTestCase_closure1.doCall(CallTestCaseKeyword.groovy:59)
	at com.kms.katalon.core.keyword.builtin.CallTestCaseKeyword$_callTestCase_closure1.call(CallTestCaseKeyword.groovy)
	at com.kms.katalon.core.keyword.internal.KeywordMain.runKeyword(KeywordMain.groovy:66)
	at com.kms.katalon.core.keyword.builtin.CallTestCaseKeyword.callTestCase(CallTestCaseKeyword.groovy:81)
	at com.kms.katalon.core.keyword.builtin.CallTestCaseKeyword.execute(CallTestCaseKeyword.groovy:44)
	at com.kms.katalon.core.keyword.internal.KeywordExecutor.executeKeywordForPlatform(KeywordExecutor.groovy:56)
	at com.kms.katalon.core.keyword.BuiltinKeywords.callTestCase(BuiltinKeywords.groovy:334)
	at TC0817.run(TC0817:22)
	at com.kms.katalon.core.main.ScriptEngine.run(ScriptEngine.java:194)
	at com.kms.katalon.core.main.ScriptEngine.runScriptAsRawText(ScriptEngine.java:119)
	at com.kms.katalon.core.main.TestCaseExecutor.runScript(TestCaseExecutor.java:336)
	at com.kms.katalon.core.main.TestCaseExecutor.doExecute(TestCaseExecutor.java:327)
	at com.kms.katalon.core.main.TestCaseExecutor.processExecutionPhase(TestCaseExecutor.java:306)
	at com.kms.katalon.core.main.TestCaseExecutor.accessMainPhase(TestCaseExecutor.java:298)
	at com.kms.katalon.core.main.TestCaseExecutor.execute(TestCaseExecutor.java:232)
	at com.kms.katalon.core.main.TestCaseMain.runTestCase(TestCaseMain.java:114)
	at com.kms.katalon.core.keyword.builtin.CallTestCaseKeyword$_callTestCase_closure1.doCall(CallTestCaseKeyword.groovy:59)
	at com.kms.katalon.core.keyword.builtin.CallTestCaseKeyword$_callTestCase_closure1.call(CallTestCaseKeyword.groovy)
	at com.kms.katalon.core.keyword.internal.KeywordMain.runKeyword(KeywordMain.groovy:66)
	at com.kms.katalon.core.keyword.builtin.CallTestCaseKeyword.callTestCase(CallTestCaseKeyword.groovy:81)
	at com.kms.katalon.core.keyword.builtin.CallTestCaseKeyword.execute(CallTestCaseKeyword.groovy:44)
	at com.kms.katalon.core.keyword.internal.KeywordExecutor.executeKeywordForPlatform(KeywordExecutor.groovy:56)
	at com.kms.katalon.core.keyword.BuiltinKeywords.callTestCase(BuiltinKeywords.groovy:334)
	at TC0819.run(TC0819:23)
	at com.kms.katalon.core.main.ScriptEngine.run(ScriptEngine.java:194)
	at com.kms.katalon.core.main.ScriptEngine.runScriptAsRawText(ScriptEngine.java:119)
	at com.kms.katalon.core.main.TestCaseExecutor.runScript(TestCaseExecutor.java:336)
	at com.kms.katalon.core.main.TestCaseExecutor.doExecute(TestCaseExecutor.java:327)
	at com.kms.katalon.core.main.TestCaseExecutor.processExecutionPhase(TestCaseExecutor.java:306)
	at com.kms.katalon.core.main.TestCaseExecutor.accessMainPhase(TestCaseExecutor.java:298)
	at com.kms.katalon.core.main.TestCaseExecutor.execute(TestCaseExecutor.java:232)
	at com.kms.katalon.core.main.TestSuiteExecutor.accessTestCaseMainPhase(TestSuiteExecutor.java:129)
	at com.kms.katalon.core.main.TestSuiteExecutor.accessTestSuiteMainPhase(TestSuiteExecutor.java:112)
	at com.kms.katalon.core.main.TestSuiteExecutor.execute(TestSuiteExecutor.java:81)
	at com.kms.katalon.core.main.TestCaseMain.startTestSuite(TestCaseMain.java:157)
	at com.kms.katalon.core.main.TestCaseMain$startTestSuite$0.call(Unknown Source)
	at TempTestSuite1555795243480.run(TempTestSuite1555795243480.groovy:35)
Caused by: com.kms.katalon.core.webui.exception.WebElementNotFoundException: Web element with id: 'Object Repository/Page_KiboPush  Create Broadcast Tem/media_file' located by 'By.xpath: //*[@id="List1"]/div/div/div[2]/div/input' not found
	at com.kms.katalon.core.webui.common.WebUiCommonHelper.findWebElement(WebUiCommonHelper.java:1097)
	at com.kms.katalon.core.webui.keyword.internal.WebUIAbstractKeyword.findWebElement(WebUIAbstractKeyword.groovy:27)
	at com.kms.katalon.core.webui.keyword.internal.WebUIAbstractKeyword.findWebElement(WebUIAbstractKeyword.groovy:26)
	at com.kms.katalon.core.webui.keyword.builtin.UploadFileKeyword$_uploadFile_closure1.doCall(UploadFileKeyword.groovy:79)
	at com.kms.katalon.core.webui.keyword.builtin.UploadFileKeyword$_uploadFile_closure1.call(UploadFileKeyword.groovy)
	at com.kms.katalon.core.webui.keyword.internal.WebUIKeywordMain.runKeyword(WebUIKeywordMain.groovy:20)
	at com.kms.katalon.core.webui.keyword.builtin.UploadFileKeyword.uploadFile(UploadFileKeyword.groovy:87)
	at com.kms.katalon.core.webui.keyword.builtin.UploadFileKeyword.execute(UploadFileKeyword.groovy:68)
	at com.kms.katalon.core.keyword.internal.KeywordExecutor.executeKeywordForPlatform(KeywordExecutor.groovy:56)
	at com.kms.katalon.core.webui.keyword.WebUiBuiltInKeywords.uploadFile(WebUiBuiltInKeywords.groovy:2945)
	at com.kms.katalon.core.webui.keyword.WebUiBuiltInKeywords$uploadFile$8.call(Unknown Source)
	at Script1537085415206.run(Script1537085415206.groovy:27)
	at com.kms.katalon.core.main.ScriptEngine.run(ScriptEngine.java:194)
	at com.kms.katalon.core.main.ScriptEngine.runScriptAsRawText(ScriptEngine.java:119)
	at com.kms.katalon.core.main.TestCaseExecutor.runScript(TestCaseExecutor.java:336)
	at com.kms.katalon.core.main.TestCaseExecutor.doExecute(TestCaseExecutor.java:327)
	at com.kms.katalon.core.main.TestCaseExecutor.processExecutionPhase(TestCaseExecutor.java:306)
	at com.kms.katalon.core.main.TestCaseExecutor.accessMainPhase(TestCaseExecutor.java:298)
	at com.kms.katalon.core.main.TestCaseExecutor.execute(TestCaseExecutor.java:232)
	at com.kms.katalon.core.main.TestCaseMain.runTestCase(TestCaseMain.java:114)
	at com.kms.katalon.core.keyword.builtin.CallTestCaseKeyword$_callTestCase_closure1.doCall(CallTestCaseKeyword.groovy:59)
	at com.kms.katalon.core.keyword.builtin.CallTestCaseKeyword$_callTestCase_closure1.call(CallTestCaseKeyword.groovy)
	at com.kms.katalon.core.keyword.internal.KeywordMain.runKeyword(KeywordMain.groovy:66)
	at com.kms.katalon.core.keyword.builtin.CallTestCaseKeyword.callTestCase(CallTestCaseKeyword.groovy:81)
	at com.kms.katalon.core.keyword.builtin.CallTestCaseKeyword.execute(CallTestCaseKeyword.groovy:44)
	at com.kms.katalon.core.keyword.internal.KeywordExecutor.executeKeywordForPlatform(KeywordExecutor.groovy:56)
	at com.kms.katalon.core.keyword.BuiltinKeywords.callTestCase(BuiltinKeywords.groovy:334)
	at Script1537085770452.run(Script1537085770452.groovy:22)
	at com.kms.katalon.core.main.ScriptEngine.run(ScriptEngine.java:194)
	at com.kms.katalon.core.main.ScriptEngine.runScriptAsRawText(ScriptEngine.java:119)
	at com.kms.katalon.core.main.TestCaseExecutor.runScript(TestCaseExecutor.java:336)
	at com.kms.katalon.core.main.TestCaseExecutor.doExecute(TestCaseExecutor.java:327)
	at com.kms.katalon.core.main.TestCaseExecutor.processExecutionPhase(TestCaseExecutor.java:306)
	at com.kms.katalon.core.main.TestCaseExecutor.accessMainPhase(TestCaseExecutor.java:298)
	at com.kms.katalon.core.main.TestCaseExecutor.execute(TestCaseExecutor.java:232)
	at com.kms.katalon.core.main.TestCaseMain.runTestCase(TestCaseMain.java:114)
	at com.kms.katalon.core.keyword.builtin.CallTestCaseKeyword$_callTestCase_closure1.doCall(CallTestCaseKeyword.groovy:59)
	at com.kms.katalon.core.keyword.builtin.CallTestCaseKeyword$_callTestCase_closure1.call(CallTestCaseKeyword.groovy)
	at com.kms.katalon.core.keyword.internal.KeywordMain.runKeyword(KeywordMain.groovy:66)
	at com.kms.katalon.core.keyword.builtin.CallTestCaseKeyword.callTestCase(CallTestCaseKeyword.groovy:81)
	at com.kms.katalon.core.keyword.builtin.CallTestCaseKeyword.execute(CallTestCaseKeyword.groovy:44)
	at com.kms.katalon.core.keyword.internal.KeywordExecutor.executeKeywordForPlatform(KeywordExecutor.groovy:56)
	at com.kms.katalon.core.keyword.BuiltinKeywords.callTestCase(BuiltinKeywords.groovy:334)
	at Script1537086770256.run(Script1537086770256.groovy:23)
	... 13 more
)
[[ATTACHMENT|/home/faizan/Drive/KiboPush_Automated_Testing/KiboPush Katalon/Reports/Faizan Suits/Template/20190421_022043/1555796696187.png]]

2019-04-21 02:44:56 - [MESSAGE][FAILED] - Unable to call Test Case 'Test Cases/Template testcases/TC0816' (Root cause: com.kms.katalon.core.exception.StepFailedException: Call Test Case 'Test Cases/Template testcases/TC0816' failed
	at com.kms.katalon.core.keyword.builtin.CallTestCaseKeyword$_callTestCase_closure1.doCall(CallTestCaseKeyword.groovy:63)
	at com.kms.katalon.core.keyword.builtin.CallTestCaseKeyword$_callTestCase_closure1.call(CallTestCaseKeyword.groovy)
	at com.kms.katalon.core.keyword.internal.KeywordMain.runKeyword(KeywordMain.groovy:66)
	at com.kms.katalon.core.keyword.builtin.CallTestCaseKeyword.callTestCase(CallTestCaseKeyword.groovy:81)
	at com.kms.katalon.core.keyword.builtin.CallTestCaseKeyword.execute(CallTestCaseKeyword.groovy:44)
	at com.kms.katalon.core.keyword.internal.KeywordExecutor.executeKeywordForPlatform(KeywordExecutor.groovy:56)
	at com.kms.katalon.core.keyword.BuiltinKeywords.callTestCase(BuiltinKeywords.groovy:334)
	at TC0817.run(TC0817:22)
	at com.kms.katalon.core.main.ScriptEngine.run(ScriptEngine.java:194)
	at com.kms.katalon.core.main.ScriptEngine.runScriptAsRawText(ScriptEngine.java:119)
	at com.kms.katalon.core.main.TestCaseExecutor.runScript(TestCaseExecutor.java:336)
	at com.kms.katalon.core.main.TestCaseExecutor.doExecute(TestCaseExecutor.java:327)
	at com.kms.katalon.core.main.TestCaseExecutor.processExecutionPhase(TestCaseExecutor.java:306)
	at com.kms.katalon.core.main.TestCaseExecutor.accessMainPhase(TestCaseExecutor.java:298)
	at com.kms.katalon.core.main.TestCaseExecutor.execute(TestCaseExecutor.java:232)
	at com.kms.katalon.core.main.TestCaseMain.runTestCase(TestCaseMain.java:114)
	at com.kms.katalon.core.keyword.builtin.CallTestCaseKeyword$_callTestCase_closure1.doCall(CallTestCaseKeyword.groovy:59)
	at com.kms.katalon.core.keyword.builtin.CallTestCaseKeyword$_callTestCase_closure1.call(CallTestCaseKeyword.groovy)
	at com.kms.katalon.core.keyword.internal.KeywordMain.runKeyword(KeywordMain.groovy:66)
	at com.kms.katalon.core.keyword.builtin.CallTestCaseKeyword.callTestCase(CallTestCaseKeyword.groovy:81)
	at com.kms.katalon.core.keyword.builtin.CallTestCaseKeyword.execute(CallTestCaseKeyword.groovy:44)
	at com.kms.katalon.core.keyword.internal.KeywordExecutor.executeKeywordForPlatform(KeywordExecutor.groovy:56)
	at com.kms.katalon.core.keyword.BuiltinKeywords.callTestCase(BuiltinKeywords.groovy:334)
	at TC0819.run(TC0819:23)
	at com.kms.katalon.core.main.ScriptEngine.run(ScriptEngine.java:194)
	at com.kms.katalon.core.main.ScriptEngine.runScriptAsRawText(ScriptEngine.java:119)
	at com.kms.katalon.core.main.TestCaseExecutor.runScript(TestCaseExecutor.java:336)
	at com.kms.katalon.core.main.TestCaseExecutor.doExecute(TestCaseExecutor.java:327)
	at com.kms.katalon.core.main.TestCaseExecutor.processExecutionPhase(TestCaseExecutor.java:306)
	at com.kms.katalon.core.main.TestCaseExecutor.accessMainPhase(TestCaseExecutor.java:298)
	at com.kms.katalon.core.main.TestCaseExecutor.execute(TestCaseExecutor.java:232)
	at com.kms.katalon.core.main.TestSuiteExecutor.accessTestCaseMainPhase(TestSuiteExecutor.java:129)
	at com.kms.katalon.core.main.TestSuiteExecutor.accessTestSuiteMainPhase(TestSuiteExecutor.java:112)
	at com.kms.katalon.core.main.TestSuiteExecutor.execute(TestSuiteExecutor.java:81)
	at com.kms.katalon.core.main.TestCaseMain.startTestSuite(TestCaseMain.java:157)
	at com.kms.katalon.core.main.TestCaseMain$startTestSuite$0.call(Unknown Source)
	at TempTestSuite1555795243480.run(TempTestSuite1555795243480.groovy:35)
Caused by: com.kms.katalon.core.exception.StepFailedException: Unable to upload file '/home/faizan/Drive/KiboPush_Automated_Testing/KiboPush Katalon/sample.jpg' to object 'Object Repository/Page_KiboPush  Create Broadcast Tem/media_file'
	at com.kms.katalon.core.webui.keyword.internal.WebUIKeywordMain.stepFailed(WebUIKeywordMain.groovy:64)
	at com.kms.katalon.core.webui.keyword.internal.WebUIKeywordMain.runKeyword(WebUIKeywordMain.groovy:26)
	at com.kms.katalon.core.webui.keyword.builtin.UploadFileKeyword.uploadFile(UploadFileKeyword.groovy:87)
	at com.kms.katalon.core.webui.keyword.builtin.UploadFileKeyword.execute(UploadFileKeyword.groovy:68)
	at com.kms.katalon.core.keyword.internal.KeywordExecutor.executeKeywordForPlatform(KeywordExecutor.groovy:56)
	at com.kms.katalon.core.webui.keyword.WebUiBuiltInKeywords.uploadFile(WebUiBuiltInKeywords.groovy:2945)
	at com.kms.katalon.core.webui.keyword.WebUiBuiltInKeywords$uploadFile$8.call(Unknown Source)
	at TC0816.run(TC0816:27)
	at com.kms.katalon.core.main.ScriptEngine.run(ScriptEngine.java:194)
	at com.kms.katalon.core.main.ScriptEngine.runScriptAsRawText(ScriptEngine.java:119)
	at com.kms.katalon.core.main.TestCaseExecutor.runScript(TestCaseExecutor.java:336)
	at com.kms.katalon.core.main.TestCaseExecutor.doExecute(TestCaseExecutor.java:327)
	at com.kms.katalon.core.main.TestCaseExecutor.processExecutionPhase(TestCaseExecutor.java:306)
	at com.kms.katalon.core.main.TestCaseExecutor.accessMainPhase(TestCaseExecutor.java:298)
	at com.kms.katalon.core.main.TestCaseExecutor.execute(TestCaseExecutor.java:232)
	at com.kms.katalon.core.main.TestCaseMain.runTestCase(TestCaseMain.java:114)
	at com.kms.katalon.core.keyword.builtin.CallTestCaseKeyword$_callTestCase_closure1.doCall(CallTestCaseKeyword.groovy:59)
	... 36 more
Caused by: com.kms.katalon.core.webui.exception.WebElementNotFoundException: Web element with id: 'Object Repository/Page_KiboPush  Create Broadcast Tem/media_file' located by 'By.xpath: //*[@id="List1"]/div/div/div[2]/div/input' not found
	at com.kms.katalon.core.webui.common.WebUiCommonHelper.findWebElement(WebUiCommonHelper.java:1097)
	at com.kms.katalon.core.webui.keyword.internal.WebUIAbstractKeyword.findWebElement(WebUIAbstractKeyword.groovy:27)
	at com.kms.katalon.core.webui.keyword.internal.WebUIAbstractKeyword.findWebElement(WebUIAbstractKeyword.groovy:26)
	at com.kms.katalon.core.webui.keyword.builtin.UploadFileKeyword$_uploadFile_closure1.doCall(UploadFileKeyword.groovy:79)
	at com.kms.katalon.core.webui.keyword.builtin.UploadFileKeyword$_uploadFile_closure1.call(UploadFileKeyword.groovy)
	at com.kms.katalon.core.webui.keyword.internal.WebUIKeywordMain.runKeyword(WebUIKeywordMain.groovy:20)
	at com.kms.katalon.core.webui.keyword.builtin.UploadFileKeyword.uploadFile(UploadFileKeyword.groovy:87)
	at com.kms.katalon.core.webui.keyword.builtin.UploadFileKeyword.execute(UploadFileKeyword.groovy:68)
	at com.kms.katalon.core.keyword.internal.KeywordExecutor.executeKeywordForPlatform(KeywordExecutor.groovy:56)
	at com.kms.katalon.core.webui.keyword.WebUiBuiltInKeywords.uploadFile(WebUiBuiltInKeywords.groovy:2945)
	at com.kms.katalon.core.webui.keyword.WebUiBuiltInKeywords$uploadFile$8.call(Unknown Source)
	at Script1537085415206.run(Script1537085415206.groovy:27)
	at com.kms.katalon.core.main.ScriptEngine.run(ScriptEngine.java:194)
	at com.kms.katalon.core.main.ScriptEngine.runScriptAsRawText(ScriptEngine.java:119)
	at com.kms.katalon.core.main.TestCaseExecutor.runScript(TestCaseExecutor.java:336)
	at com.kms.katalon.core.main.TestCaseExecutor.doExecute(TestCaseExecutor.java:327)
	at com.kms.katalon.core.main.TestCaseExecutor.processExecutionPhase(TestCaseExecutor.java:306)
	at com.kms.katalon.core.main.TestCaseExecutor.accessMainPhase(TestCaseExecutor.java:298)
	at com.kms.katalon.core.main.TestCaseExecutor.execute(TestCaseExecutor.java:232)
	at com.kms.katalon.core.main.TestCaseMain.runTestCase(TestCaseMain.java:114)
	at com.kms.katalon.core.keyword.builtin.CallTestCaseKeyword$_callTestCase_closure1.doCall(CallTestCaseKeyword.groovy:59)
	at com.kms.katalon.core.keyword.builtin.CallTestCaseKeyword$_callTestCase_closure1.call(CallTestCaseKeyword.groovy)
	at com.kms.katalon.core.keyword.internal.KeywordMain.runKeyword(KeywordMain.groovy:66)
	at com.kms.katalon.core.keyword.builtin.CallTestCaseKeyword.callTestCase(CallTestCaseKeyword.groovy:81)
	at com.kms.katalon.core.keyword.builtin.CallTestCaseKeyword.execute(CallTestCaseKeyword.groovy:44)
	at com.kms.katalon.core.keyword.internal.KeywordExecutor.executeKeywordForPlatform(KeywordExecutor.groovy:56)
	at com.kms.katalon.core.keyword.BuiltinKeywords.callTestCase(BuiltinKeywords.groovy:334)
	at Script1537085770452.run(Script1537085770452.groovy:22)
	at com.kms.katalon.core.main.ScriptEngine.run(ScriptEngine.java:194)
	at com.kms.katalon.core.main.ScriptEngine.runScriptAsRawText(ScriptEngine.java:119)
	at com.kms.katalon.core.main.TestCaseExecutor.runScript(TestCaseExecutor.java:336)
	at com.kms.katalon.core.main.TestCaseExecutor.doExecute(TestCaseExecutor.java:327)
	at com.kms.katalon.core.main.TestCaseExecutor.processExecutionPhase(TestCaseExecutor.java:306)
	at com.kms.katalon.core.main.TestCaseExecutor.accessMainPhase(TestCaseExecutor.java:298)
	at com.kms.katalon.core.main.TestCaseExecutor.execute(TestCaseExecutor.java:232)
	at com.kms.katalon.core.main.TestCaseMain.runTestCase(TestCaseMain.java:114)
	at com.kms.katalon.core.keyword.builtin.CallTestCaseKeyword$_callTestCase_closure1.doCall(CallTestCaseKeyword.groovy:59)
	at com.kms.katalon.core.keyword.builtin.CallTestCaseKeyword$_callTestCase_closure1.call(CallTestCaseKeyword.groovy)
	at com.kms.katalon.core.keyword.internal.KeywordMain.runKeyword(KeywordMain.groovy:66)
	at com.kms.katalon.core.keyword.builtin.CallTestCaseKeyword.callTestCase(CallTestCaseKeyword.groovy:81)
	at com.kms.katalon.core.keyword.builtin.CallTestCaseKeyword.execute(CallTestCaseKeyword.groovy:44)
	at com.kms.katalon.core.keyword.internal.KeywordExecutor.executeKeywordForPlatform(KeywordExecutor.groovy:56)
	at com.kms.katalon.core.keyword.BuiltinKeywords.callTestCase(BuiltinKeywords.groovy:334)
	at Script1537086770256.run(Script1537086770256.groovy:23)
	... 13 more
)

2019-04-21 02:44:56 - [MESSAGE][FAILED] - Unable to call Test Case 'Test Cases/Template testcases/TC0817' (Root cause: com.kms.katalon.core.exception.StepFailedException: Call Test Case 'Test Cases/Template testcases/TC0817' failed
	at com.kms.katalon.core.keyword.builtin.CallTestCaseKeyword$_callTestCase_closure1.doCall(CallTestCaseKeyword.groovy:63)
	at com.kms.katalon.core.keyword.builtin.CallTestCaseKeyword$_callTestCase_closure1.call(CallTestCaseKeyword.groovy)
	at com.kms.katalon.core.keyword.internal.KeywordMain.runKeyword(KeywordMain.groovy:66)
	at com.kms.katalon.core.keyword.builtin.CallTestCaseKeyword.callTestCase(CallTestCaseKeyword.groovy:81)
	at com.kms.katalon.core.keyword.builtin.CallTestCaseKeyword.execute(CallTestCaseKeyword.groovy:44)
	at com.kms.katalon.core.keyword.internal.KeywordExecutor.executeKeywordForPlatform(KeywordExecutor.groovy:56)
	at com.kms.katalon.core.keyword.BuiltinKeywords.callTestCase(BuiltinKeywords.groovy:334)
	at TC0819.run(TC0819:23)
	at com.kms.katalon.core.main.ScriptEngine.run(ScriptEngine.java:194)
	at com.kms.katalon.core.main.ScriptEngine.runScriptAsRawText(ScriptEngine.java:119)
	at com.kms.katalon.core.main.TestCaseExecutor.runScript(TestCaseExecutor.java:336)
	at com.kms.katalon.core.main.TestCaseExecutor.doExecute(TestCaseExecutor.java:327)
	at com.kms.katalon.core.main.TestCaseExecutor.processExecutionPhase(TestCaseExecutor.java:306)
	at com.kms.katalon.core.main.TestCaseExecutor.accessMainPhase(TestCaseExecutor.java:298)
	at com.kms.katalon.core.main.TestCaseExecutor.execute(TestCaseExecutor.java:232)
	at com.kms.katalon.core.main.TestSuiteExecutor.accessTestCaseMainPhase(TestSuiteExecutor.java:129)
	at com.kms.katalon.core.main.TestSuiteExecutor.accessTestSuiteMainPhase(TestSuiteExecutor.java:112)
	at com.kms.katalon.core.main.TestSuiteExecutor.execute(TestSuiteExecutor.java:81)
	at com.kms.katalon.core.main.TestCaseMain.startTestSuite(TestCaseMain.java:157)
	at com.kms.katalon.core.main.TestCaseMain$startTestSuite$0.call(Unknown Source)
	at TempTestSuite1555795243480.run(TempTestSuite1555795243480.groovy:35)
Caused by: com.kms.katalon.core.exception.StepFailedException: Call Test Case 'Test Cases/Template testcases/TC0816' failed
	at com.kms.katalon.core.keyword.builtin.CallTestCaseKeyword$_callTestCase_closure1.doCall(CallTestCaseKeyword.groovy:63)
	at com.kms.katalon.core.keyword.builtin.CallTestCaseKeyword$_callTestCase_closure1.call(CallTestCaseKeyword.groovy)
	at com.kms.katalon.core.keyword.internal.KeywordMain.runKeyword(KeywordMain.groovy:66)
	at com.kms.katalon.core.keyword.builtin.CallTestCaseKeyword.callTestCase(CallTestCaseKeyword.groovy:81)
	at com.kms.katalon.core.keyword.builtin.CallTestCaseKeyword.execute(CallTestCaseKeyword.groovy:44)
	at com.kms.katalon.core.keyword.internal.KeywordExecutor.executeKeywordForPlatform(KeywordExecutor.groovy:56)
	at com.kms.katalon.core.keyword.BuiltinKeywords.callTestCase(BuiltinKeywords.groovy:334)
	at TC0817.run(TC0817:22)
	at com.kms.katalon.core.main.ScriptEngine.run(ScriptEngine.java:194)
	at com.kms.katalon.core.main.ScriptEngine.runScriptAsRawText(ScriptEngine.java:119)
	at com.kms.katalon.core.main.TestCaseExecutor.runScript(TestCaseExecutor.java:336)
	at com.kms.katalon.core.main.TestCaseExecutor.doExecute(TestCaseExecutor.java:327)
	at com.kms.katalon.core.main.TestCaseExecutor.processExecutionPhase(TestCaseExecutor.java:306)
	at com.kms.katalon.core.main.TestCaseExecutor.accessMainPhase(TestCaseExecutor.java:298)
	at com.kms.katalon.core.main.TestCaseExecutor.execute(TestCaseExecutor.java:232)
	at com.kms.katalon.core.main.TestCaseMain.runTestCase(TestCaseMain.java:114)
	at com.kms.katalon.core.keyword.builtin.CallTestCaseKeyword$_callTestCase_closure1.doCall(CallTestCaseKeyword.groovy:59)
	... 20 more
Caused by: com.kms.katalon.core.exception.StepFailedException: Unable to upload file '/home/faizan/Drive/KiboPush_Automated_Testing/KiboPush Katalon/sample.jpg' to object 'Object Repository/Page_KiboPush  Create Broadcast Tem/media_file'
	at com.kms.katalon.core.webui.keyword.internal.WebUIKeywordMain.stepFailed(WebUIKeywordMain.groovy:64)
	at com.kms.katalon.core.webui.keyword.internal.WebUIKeywordMain.runKeyword(WebUIKeywordMain.groovy:26)
	at com.kms.katalon.core.webui.keyword.builtin.UploadFileKeyword.uploadFile(UploadFileKeyword.groovy:87)
	at com.kms.katalon.core.webui.keyword.builtin.UploadFileKeyword.execute(UploadFileKeyword.groovy:68)
	at com.kms.katalon.core.keyword.internal.KeywordExecutor.executeKeywordForPlatform(KeywordExecutor.groovy:56)
	at com.kms.katalon.core.webui.keyword.WebUiBuiltInKeywords.uploadFile(WebUiBuiltInKeywords.groovy:2945)
	at com.kms.katalon.core.webui.keyword.WebUiBuiltInKeywords$uploadFile$8.call(Unknown Source)
	at TC0816.run(TC0816:27)
	at com.kms.katalon.core.main.ScriptEngine.run(ScriptEngine.java:194)
	at com.kms.katalon.core.main.ScriptEngine.runScriptAsRawText(ScriptEngine.java:119)
	at com.kms.katalon.core.main.TestCaseExecutor.runScript(TestCaseExecutor.java:336)
	at com.kms.katalon.core.main.TestCaseExecutor.doExecute(TestCaseExecutor.java:327)
	at com.kms.katalon.core.main.TestCaseExecutor.processExecutionPhase(TestCaseExecutor.java:306)
	at com.kms.katalon.core.main.TestCaseExecutor.accessMainPhase(TestCaseExecutor.java:298)
	at com.kms.katalon.core.main.TestCaseExecutor.execute(TestCaseExecutor.java:232)
	at com.kms.katalon.core.main.TestCaseMain.runTestCase(TestCaseMain.java:114)
	at com.kms.katalon.core.keyword.builtin.CallTestCaseKeyword$_callTestCase_closure1.doCall(CallTestCaseKeyword.groovy:59)
	... 36 more
Caused by: com.kms.katalon.core.webui.exception.WebElementNotFoundException: Web element with id: 'Object Repository/Page_KiboPush  Create Broadcast Tem/media_file' located by 'By.xpath: //*[@id="List1"]/div/div/div[2]/div/input' not found
	at com.kms.katalon.core.webui.common.WebUiCommonHelper.findWebElement(WebUiCommonHelper.java:1097)
	at com.kms.katalon.core.webui.keyword.internal.WebUIAbstractKeyword.findWebElement(WebUIAbstractKeyword.groovy:27)
	at com.kms.katalon.core.webui.keyword.internal.WebUIAbstractKeyword.findWebElement(WebUIAbstractKeyword.groovy:26)
	at com.kms.katalon.core.webui.keyword.builtin.UploadFileKeyword$_uploadFile_closure1.doCall(UploadFileKeyword.groovy:79)
	at com.kms.katalon.core.webui.keyword.builtin.UploadFileKeyword$_uploadFile_closure1.call(UploadFileKeyword.groovy)
	at com.kms.katalon.core.webui.keyword.internal.WebUIKeywordMain.runKeyword(WebUIKeywordMain.groovy:20)
	at com.kms.katalon.core.webui.keyword.builtin.UploadFileKeyword.uploadFile(UploadFileKeyword.groovy:87)
	at com.kms.katalon.core.webui.keyword.builtin.UploadFileKeyword.execute(UploadFileKeyword.groovy:68)
	at com.kms.katalon.core.keyword.internal.KeywordExecutor.executeKeywordForPlatform(KeywordExecutor.groovy:56)
	at com.kms.katalon.core.webui.keyword.WebUiBuiltInKeywords.uploadFile(WebUiBuiltInKeywords.groovy:2945)
	at com.kms.katalon.core.webui.keyword.WebUiBuiltInKeywords$uploadFile$8.call(Unknown Source)
	at Script1537085415206.run(Script1537085415206.groovy:27)
	at com.kms.katalon.core.main.ScriptEngine.run(ScriptEngine.java:194)
	at com.kms.katalon.core.main.ScriptEngine.runScriptAsRawText(ScriptEngine.java:119)
	at com.kms.katalon.core.main.TestCaseExecutor.runScript(TestCaseExecutor.java:336)
	at com.kms.katalon.core.main.TestCaseExecutor.doExecute(TestCaseExecutor.java:327)
	at com.kms.katalon.core.main.TestCaseExecutor.processExecutionPhase(TestCaseExecutor.java:306)
	at com.kms.katalon.core.main.TestCaseExecutor.accessMainPhase(TestCaseExecutor.java:298)
	at com.kms.katalon.core.main.TestCaseExecutor.execute(TestCaseExecutor.java:232)
	at com.kms.katalon.core.main.TestCaseMain.runTestCase(TestCaseMain.java:114)
	at com.kms.katalon.core.keyword.builtin.CallTestCaseKeyword$_callTestCase_closure1.doCall(CallTestCaseKeyword.groovy:59)
	at com.kms.katalon.core.keyword.builtin.CallTestCaseKeyword$_callTestCase_closure1.call(CallTestCaseKeyword.groovy)
	at com.kms.katalon.core.keyword.internal.KeywordMain.runKeyword(KeywordMain.groovy:66)
	at com.kms.katalon.core.keyword.builtin.CallTestCaseKeyword.callTestCase(CallTestCaseKeyword.groovy:81)
	at com.kms.katalon.core.keyword.builtin.CallTestCaseKeyword.execute(CallTestCaseKeyword.groovy:44)
	at com.kms.katalon.core.keyword.internal.KeywordExecutor.executeKeywordForPlatform(KeywordExecutor.groovy:56)
	at com.kms.katalon.core.keyword.BuiltinKeywords.callTestCase(BuiltinKeywords.groovy:334)
	at Script1537085770452.run(Script1537085770452.groovy:22)
	at com.kms.katalon.core.main.ScriptEngine.run(ScriptEngine.java:194)
	at com.kms.katalon.core.main.ScriptEngine.runScriptAsRawText(ScriptEngine.java:119)
	at com.kms.katalon.core.main.TestCaseExecutor.runScript(TestCaseExecutor.java:336)
	at com.kms.katalon.core.main.TestCaseExecutor.doExecute(TestCaseExecutor.java:327)
	at com.kms.katalon.core.main.TestCaseExecutor.processExecutionPhase(TestCaseExecutor.java:306)
	at com.kms.katalon.core.main.TestCaseExecutor.accessMainPhase(TestCaseExecutor.java:298)
	at com.kms.katalon.core.main.TestCaseExecutor.execute(TestCaseExecutor.java:232)
	at com.kms.katalon.core.main.TestCaseMain.runTestCase(TestCaseMain.java:114)
	at com.kms.katalon.core.keyword.builtin.CallTestCaseKeyword$_callTestCase_closure1.doCall(CallTestCaseKeyword.groovy:59)
	at com.kms.katalon.core.keyword.builtin.CallTestCaseKeyword$_callTestCase_closure1.call(CallTestCaseKeyword.groovy)
	at com.kms.katalon.core.keyword.internal.KeywordMain.runKeyword(KeywordMain.groovy:66)
	at com.kms.katalon.core.keyword.builtin.CallTestCaseKeyword.callTestCase(CallTestCaseKeyword.groovy:81)
	at com.kms.katalon.core.keyword.builtin.CallTestCaseKeyword.execute(CallTestCaseKeyword.groovy:44)
	at com.kms.katalon.core.keyword.internal.KeywordExecutor.executeKeywordForPlatform(KeywordExecutor.groovy:56)
	at com.kms.katalon.core.keyword.BuiltinKeywords.callTestCase(BuiltinKeywords.groovy:334)
	at Script1537086770256.run(Script1537086770256.groovy:23)
	... 13 more
)]]></system-out>
         <system-err><![CDATA[2019-04-21 02:44:16 - [TEST_CASE][FAILED] - Test Cases/Template testcases/TC0819: Test Cases/Template testcases/TC0819 FAILED.
Reason:
com.kms.katalon.core.exception.StepFailedException: Call Test Case 'Test Cases/Template testcases/TC0817' failed
	at com.kms.katalon.core.keyword.builtin.CallTestCaseKeyword$_callTestCase_closure1.doCall(CallTestCaseKeyword.groovy:63)
	at com.kms.katalon.core.keyword.builtin.CallTestCaseKeyword$_callTestCase_closure1.call(CallTestCaseKeyword.groovy)
	at com.kms.katalon.core.keyword.internal.KeywordMain.runKeyword(KeywordMain.groovy:66)
	at com.kms.katalon.core.keyword.builtin.CallTestCaseKeyword.callTestCase(CallTestCaseKeyword.groovy:81)
	at com.kms.katalon.core.keyword.builtin.CallTestCaseKeyword.execute(CallTestCaseKeyword.groovy:44)
	at com.kms.katalon.core.keyword.internal.KeywordExecutor.executeKeywordForPlatform(KeywordExecutor.groovy:56)
	at com.kms.katalon.core.keyword.BuiltinKeywords.callTestCase(BuiltinKeywords.groovy:334)
	at TC0819.run(TC0819:23)
	at com.kms.katalon.core.main.ScriptEngine.run(ScriptEngine.java:194)
	at com.kms.katalon.core.main.ScriptEngine.runScriptAsRawText(ScriptEngine.java:119)
	at com.kms.katalon.core.main.TestCaseExecutor.runScript(TestCaseExecutor.java:336)
	at com.kms.katalon.core.main.TestCaseExecutor.doExecute(TestCaseExecutor.java:327)
	at com.kms.katalon.core.main.TestCaseExecutor.processExecutionPhase(TestCaseExecutor.java:306)
	at com.kms.katalon.core.main.TestCaseExecutor.accessMainPhase(TestCaseExecutor.java:298)
	at com.kms.katalon.core.main.TestCaseExecutor.execute(TestCaseExecutor.java:232)
	at com.kms.katalon.core.main.TestSuiteExecutor.accessTestCaseMainPhase(TestSuiteExecutor.java:129)
	at com.kms.katalon.core.main.TestSuiteExecutor.accessTestSuiteMainPhase(TestSuiteExecutor.java:112)
	at com.kms.katalon.core.main.TestSuiteExecutor.execute(TestSuiteExecutor.java:81)
	at com.kms.katalon.core.main.TestCaseMain.startTestSuite(TestCaseMain.java:157)
	at com.kms.katalon.core.main.TestCaseMain$startTestSuite$0.call(Unknown Source)
	at TempTestSuite1555795243480.run(TempTestSuite1555795243480.groovy:35)
Caused by: com.kms.katalon.core.exception.StepFailedException: Call Test Case 'Test Cases/Template testcases/TC0816' failed
	at com.kms.katalon.core.keyword.builtin.CallTestCaseKeyword$_callTestCase_closure1.doCall(CallTestCaseKeyword.groovy:63)
	at com.kms.katalon.core.keyword.builtin.CallTestCaseKeyword$_callTestCase_closure1.call(CallTestCaseKeyword.groovy)
	at com.kms.katalon.core.keyword.internal.KeywordMain.runKeyword(KeywordMain.groovy:66)
	at com.kms.katalon.core.keyword.builtin.CallTestCaseKeyword.callTestCase(CallTestCaseKeyword.groovy:81)
	at com.kms.katalon.core.keyword.builtin.CallTestCaseKeyword.execute(CallTestCaseKeyword.groovy:44)
	at com.kms.katalon.core.keyword.internal.KeywordExecutor.executeKeywordForPlatform(KeywordExecutor.groovy:56)
	at com.kms.katalon.core.keyword.BuiltinKeywords.callTestCase(BuiltinKeywords.groovy:334)
	at TC0817.run(TC0817:22)
	at com.kms.katalon.core.main.ScriptEngine.run(ScriptEngine.java:194)
	at com.kms.katalon.core.main.ScriptEngine.runScriptAsRawText(ScriptEngine.java:119)
	at com.kms.katalon.core.main.TestCaseExecutor.runScript(TestCaseExecutor.java:336)
	at com.kms.katalon.core.main.TestCaseExecutor.doExecute(TestCaseExecutor.java:327)
	at com.kms.katalon.core.main.TestCaseExecutor.processExecutionPhase(TestCaseExecutor.java:306)
	at com.kms.katalon.core.main.TestCaseExecutor.accessMainPhase(TestCaseExecutor.java:298)
	at com.kms.katalon.core.main.TestCaseExecutor.execute(TestCaseExecutor.java:232)
	at com.kms.katalon.core.main.TestCaseMain.runTestCase(TestCaseMain.java:114)
	at com.kms.katalon.core.keyword.builtin.CallTestCaseKeyword$_callTestCase_closure1.doCall(CallTestCaseKeyword.groovy:59)
	... 20 more
Caused by: com.kms.katalon.core.exception.StepFailedException: Unable to upload file '/home/faizan/Drive/KiboPush_Automated_Testing/KiboPush Katalon/sample.jpg' to object 'Object Repository/Page_KiboPush  Create Broadcast Tem/media_file'
	at com.kms.katalon.core.webui.keyword.internal.WebUIKeywordMain.stepFailed(WebUIKeywordMain.groovy:64)
	at com.kms.katalon.core.webui.keyword.internal.WebUIKeywordMain.runKeyword(WebUIKeywordMain.groovy:26)
	at com.kms.katalon.core.webui.keyword.builtin.UploadFileKeyword.uploadFile(UploadFileKeyword.groovy:87)
	at com.kms.katalon.core.webui.keyword.builtin.UploadFileKeyword.execute(UploadFileKeyword.groovy:68)
	at com.kms.katalon.core.keyword.internal.KeywordExecutor.executeKeywordForPlatform(KeywordExecutor.groovy:56)
	at com.kms.katalon.core.webui.keyword.WebUiBuiltInKeywords.uploadFile(WebUiBuiltInKeywords.groovy:2945)
	at com.kms.katalon.core.webui.keyword.WebUiBuiltInKeywords$uploadFile$8.call(Unknown Source)
	at TC0816.run(TC0816:27)
	at com.kms.katalon.core.main.ScriptEngine.run(ScriptEngine.java:194)
	at com.kms.katalon.core.main.ScriptEngine.runScriptAsRawText(ScriptEngine.java:119)
	at com.kms.katalon.core.main.TestCaseExecutor.runScript(TestCaseExecutor.java:336)
	at com.kms.katalon.core.main.TestCaseExecutor.doExecute(TestCaseExecutor.java:327)
	at com.kms.katalon.core.main.TestCaseExecutor.processExecutionPhase(TestCaseExecutor.java:306)
	at com.kms.katalon.core.main.TestCaseExecutor.accessMainPhase(TestCaseExecutor.java:298)
	at com.kms.katalon.core.main.TestCaseExecutor.execute(TestCaseExecutor.java:232)
	at com.kms.katalon.core.main.TestCaseMain.runTestCase(TestCaseMain.java:114)
	at com.kms.katalon.core.keyword.builtin.CallTestCaseKeyword$_callTestCase_closure1.doCall(CallTestCaseKeyword.groovy:59)
	... 36 more
Caused by: com.kms.katalon.core.webui.exception.WebElementNotFoundException: Web element with id: 'Object Repository/Page_KiboPush  Create Broadcast Tem/media_file' located by 'By.xpath: //*[@id="List1"]/div/div/div[2]/div/input' not found
	at com.kms.katalon.core.webui.common.WebUiCommonHelper.findWebElement(WebUiCommonHelper.java:1097)
	at com.kms.katalon.core.webui.keyword.internal.WebUIAbstractKeyword.findWebElement(WebUIAbstractKeyword.groovy:27)
	at com.kms.katalon.core.webui.keyword.internal.WebUIAbstractKeyword.findWebElement(WebUIAbstractKeyword.groovy:26)
	at com.kms.katalon.core.webui.keyword.builtin.UploadFileKeyword$_uploadFile_closure1.doCall(UploadFileKeyword.groovy:79)
	at com.kms.katalon.core.webui.keyword.builtin.UploadFileKeyword$_uploadFile_closure1.call(UploadFileKeyword.groovy)
	at com.kms.katalon.core.webui.keyword.internal.WebUIKeywordMain.runKeyword(WebUIKeywordMain.groovy:20)
	at com.kms.katalon.core.webui.keyword.builtin.UploadFileKeyword.uploadFile(UploadFileKeyword.groovy:87)
	at com.kms.katalon.core.webui.keyword.builtin.UploadFileKeyword.execute(UploadFileKeyword.groovy:68)
	at com.kms.katalon.core.keyword.internal.KeywordExecutor.executeKeywordForPlatform(KeywordExecutor.groovy:56)
	at com.kms.katalon.core.webui.keyword.WebUiBuiltInKeywords.uploadFile(WebUiBuiltInKeywords.groovy:2945)
	at com.kms.katalon.core.webui.keyword.WebUiBuiltInKeywords$uploadFile$8.call(Unknown Source)
	at Script1537085415206.run(Script1537085415206.groovy:27)
	at com.kms.katalon.core.main.ScriptEngine.run(ScriptEngine.java:194)
	at com.kms.katalon.core.main.ScriptEngine.runScriptAsRawText(ScriptEngine.java:119)
	at com.kms.katalon.core.main.TestCaseExecutor.runScript(TestCaseExecutor.java:336)
	at com.kms.katalon.core.main.TestCaseExecutor.doExecute(TestCaseExecutor.java:327)
	at com.kms.katalon.core.main.TestCaseExecutor.processExecutionPhase(TestCaseExecutor.java:306)
	at com.kms.katalon.core.main.TestCaseExecutor.accessMainPhase(TestCaseExecutor.java:298)
	at com.kms.katalon.core.main.TestCaseExecutor.execute(TestCaseExecutor.java:232)
	at com.kms.katalon.core.main.TestCaseMain.runTestCase(TestCaseMain.java:114)
	at com.kms.katalon.core.keyword.builtin.CallTestCaseKeyword$_callTestCase_closure1.doCall(CallTestCaseKeyword.groovy:59)
	at com.kms.katalon.core.keyword.builtin.CallTestCaseKeyword$_callTestCase_closure1.call(CallTestCaseKeyword.groovy)
	at com.kms.katalon.core.keyword.internal.KeywordMain.runKeyword(KeywordMain.groovy:66)
	at com.kms.katalon.core.keyword.builtin.CallTestCaseKeyword.callTestCase(CallTestCaseKeyword.groovy:81)
	at com.kms.katalon.core.keyword.builtin.CallTestCaseKeyword.execute(CallTestCaseKeyword.groovy:44)
	at com.kms.katalon.core.keyword.internal.KeywordExecutor.executeKeywordForPlatform(KeywordExecutor.groovy:56)
	at com.kms.katalon.core.keyword.BuiltinKeywords.callTestCase(BuiltinKeywords.groovy:334)
	at Script1537085770452.run(Script1537085770452.groovy:22)
	at com.kms.katalon.core.main.ScriptEngine.run(ScriptEngine.java:194)
	at com.kms.katalon.core.main.ScriptEngine.runScriptAsRawText(ScriptEngine.java:119)
	at com.kms.katalon.core.main.TestCaseExecutor.runScript(TestCaseExecutor.java:336)
	at com.kms.katalon.core.main.TestCaseExecutor.doExecute(TestCaseExecutor.java:327)
	at com.kms.katalon.core.main.TestCaseExecutor.processExecutionPhase(TestCaseExecutor.java:306)
	at com.kms.katalon.core.main.TestCaseExecutor.accessMainPhase(TestCaseExecutor.java:298)
	at com.kms.katalon.core.main.TestCaseExecutor.execute(TestCaseExecutor.java:232)
	at com.kms.katalon.core.main.TestCaseMain.runTestCase(TestCaseMain.java:114)
	at com.kms.katalon.core.keyword.builtin.CallTestCaseKeyword$_callTestCase_closure1.doCall(CallTestCaseKeyword.groovy:59)
	at com.kms.katalon.core.keyword.builtin.CallTestCaseKeyword$_callTestCase_closure1.call(CallTestCaseKeyword.groovy)
	at com.kms.katalon.core.keyword.internal.KeywordMain.runKeyword(KeywordMain.groovy:66)
	at com.kms.katalon.core.keyword.builtin.CallTestCaseKeyword.callTestCase(CallTestCaseKeyword.groovy:81)
	at com.kms.katalon.core.keyword.builtin.CallTestCaseKeyword.execute(CallTestCaseKeyword.groovy:44)
	at com.kms.katalon.core.keyword.internal.KeywordExecutor.executeKeywordForPlatform(KeywordExecutor.groovy:56)
	at com.kms.katalon.core.keyword.BuiltinKeywords.callTestCase(BuiltinKeywords.groovy:334)
	at Script1537086770256.run(Script1537086770256.groovy:23)
	... 13 more]]></system-err>
      </testcase>
      <testcase name="Test Cases/Template testcases/TC0820" classname="Test Cases/Template testcases/TC0820" status="FAILED">
         <failure type="FAILED" message="Test Cases/Template testcases/TC0820 FAILED.
Reason:
com.kms.katalon.core.exception.StepFailedException: Unable to click on object 'Object Repository/Page_KiboPush  Create Broadcast Tem/i_fa fa-times fa-stack-2x (1)'
	at com.kms.katalon.core.webui.keyword.internal.WebUIKeywordMain.stepFailed(WebUIKeywordMain.groovy:64)
	at com.kms.katalon.core.webui.keyword.internal.WebUIKeywordMain.runKeyword(WebUIKeywordMain.groovy:26)
	at com.kms.katalon.core.webui.keyword.builtin.ClickKeyword.click(ClickKeyword.groovy:86)
	at com.kms.katalon.core.webui.keyword.builtin.ClickKeyword.execute(ClickKeyword.groovy:67)
	at com.kms.katalon.core.keyword.internal.KeywordExecutor.executeKeywordForPlatform(KeywordExecutor.groovy:56)
	at com.kms.katalon.core.webui.keyword.WebUiBuiltInKeywords.click(WebUiBuiltInKeywords.groovy:616)
	at com.kms.katalon.core.webui.keyword.WebUiBuiltInKeywords$click$2.call(Unknown Source)
	at TC0820.run(TC0820:28)
	at com.kms.katalon.core.main.ScriptEngine.run(ScriptEngine.java:194)
	at com.kms.katalon.core.main.ScriptEngine.runScriptAsRawText(ScriptEngine.java:119)
	at com.kms.katalon.core.main.TestCaseExecutor.runScript(TestCaseExecutor.java:336)
	at com.kms.katalon.core.main.TestCaseExecutor.doExecute(TestCaseExecutor.java:327)
	at com.kms.katalon.core.main.TestCaseExecutor.processExecutionPhase(TestCaseExecutor.java:306)
	at com.kms.katalon.core.main.TestCaseExecutor.accessMainPhase(TestCaseExecutor.java:298)
	at com.kms.katalon.core.main.TestCaseExecutor.execute(TestCaseExecutor.java:232)
	at com.kms.katalon.core.main.TestSuiteExecutor.accessTestCaseMainPhase(TestSuiteExecutor.java:129)
	at com.kms.katalon.core.main.TestSuiteExecutor.accessTestSuiteMainPhase(TestSuiteExecutor.java:112)
	at com.kms.katalon.core.main.TestSuiteExecutor.execute(TestSuiteExecutor.java:81)
	at com.kms.katalon.core.main.TestCaseMain.startTestSuite(TestCaseMain.java:157)
	at com.kms.katalon.core.main.TestCaseMain$startTestSuite$0.call(Unknown Source)
	at TempTestSuite1555795243480.run(TempTestSuite1555795243480.groovy:35)
Caused by: com.kms.katalon.core.webui.exception.WebElementNotFoundException: Web element with id: 'Object Repository/Page_KiboPush  Create Broadcast Tem/i_fa fa-times fa-stack-2x (1)' located by 'By.xpath: id(&quot;List1&quot;)/div[@class=&quot;draggable&quot;]/div[@class=&quot;broadcast-component&quot;]/div[1]/span[@class=&quot;fa-stack&quot;]/i[@class=&quot;fa fa-times fa-stack-2x&quot;]' not found
	at com.kms.katalon.core.webui.common.WebUiCommonHelper.findWebElement(WebUiCommonHelper.java:1097)
	at com.kms.katalon.core.webui.keyword.internal.WebUIAbstractKeyword.findWebElement(WebUIAbstractKeyword.groovy:27)
	at com.kms.katalon.core.webui.keyword.internal.WebUIAbstractKeyword.findWebElement(WebUIAbstractKeyword.groovy:26)
	at com.kms.katalon.core.webui.keyword.builtin.ClickKeyword$_click_closure1.doCall(ClickKeyword.groovy:77)
	at com.kms.katalon.core.webui.keyword.builtin.ClickKeyword$_click_closure1.call(ClickKeyword.groovy)
	at com.kms.katalon.core.webui.keyword.internal.WebUIKeywordMain.runKeyword(WebUIKeywordMain.groovy:20)
	at com.kms.katalon.core.webui.keyword.builtin.ClickKeyword.click(ClickKeyword.groovy:86)
	at com.kms.katalon.core.webui.keyword.builtin.ClickKeyword.execute(ClickKeyword.groovy:67)
	at com.kms.katalon.core.keyword.internal.KeywordExecutor.executeKeywordForPlatform(KeywordExecutor.groovy:56)
	at com.kms.katalon.core.webui.keyword.WebUiBuiltInKeywords.click(WebUiBuiltInKeywords.groovy:616)
	at com.kms.katalon.core.webui.keyword.WebUiBuiltInKeywords$click$2.call(Unknown Source)
	at Script1537087184371.run(Script1537087184371.groovy:28)
	... 13 more
"/>
         <system-out><![CDATA[2019-04-21 02:44:56 - [TEST_CASE][FAILED] - Test Cases/Template testcases/TC0820: Test Cases/Template testcases/TC0820 FAILED.
Reason:
com.kms.katalon.core.exception.StepFailedException: Unable to click on object 'Object Repository/Page_KiboPush  Create Broadcast Tem/i_fa fa-times fa-stack-2x (1)'
	at com.kms.katalon.core.webui.keyword.internal.WebUIKeywordMain.stepFailed(WebUIKeywordMain.groovy:64)
	at com.kms.katalon.core.webui.keyword.internal.WebUIKeywordMain.runKeyword(WebUIKeywordMain.groovy:26)
	at com.kms.katalon.core.webui.keyword.builtin.ClickKeyword.click(ClickKeyword.groovy:86)
	at com.kms.katalon.core.webui.keyword.builtin.ClickKeyword.execute(ClickKeyword.groovy:67)
	at com.kms.katalon.core.keyword.internal.KeywordExecutor.executeKeywordForPlatform(KeywordExecutor.groovy:56)
	at com.kms.katalon.core.webui.keyword.WebUiBuiltInKeywords.click(WebUiBuiltInKeywords.groovy:616)
	at com.kms.katalon.core.webui.keyword.WebUiBuiltInKeywords$click$2.call(Unknown Source)
	at TC0820.run(TC0820:28)
	at com.kms.katalon.core.main.ScriptEngine.run(ScriptEngine.java:194)
	at com.kms.katalon.core.main.ScriptEngine.runScriptAsRawText(ScriptEngine.java:119)
	at com.kms.katalon.core.main.TestCaseExecutor.runScript(TestCaseExecutor.java:336)
	at com.kms.katalon.core.main.TestCaseExecutor.doExecute(TestCaseExecutor.java:327)
	at com.kms.katalon.core.main.TestCaseExecutor.processExecutionPhase(TestCaseExecutor.java:306)
	at com.kms.katalon.core.main.TestCaseExecutor.accessMainPhase(TestCaseExecutor.java:298)
	at com.kms.katalon.core.main.TestCaseExecutor.execute(TestCaseExecutor.java:232)
	at com.kms.katalon.core.main.TestSuiteExecutor.accessTestCaseMainPhase(TestSuiteExecutor.java:129)
	at com.kms.katalon.core.main.TestSuiteExecutor.accessTestSuiteMainPhase(TestSuiteExecutor.java:112)
	at com.kms.katalon.core.main.TestSuiteExecutor.execute(TestSuiteExecutor.java:81)
	at com.kms.katalon.core.main.TestCaseMain.startTestSuite(TestCaseMain.java:157)
	at com.kms.katalon.core.main.TestCaseMain$startTestSuite$0.call(Unknown Source)
	at TempTestSuite1555795243480.run(TempTestSuite1555795243480.groovy:35)
Caused by: com.kms.katalon.core.webui.exception.WebElementNotFoundException: Web element with id: 'Object Repository/Page_KiboPush  Create Broadcast Tem/i_fa fa-times fa-stack-2x (1)' located by 'By.xpath: id("List1")/div[@class="draggable"]/div[@class="broadcast-component"]/div[1]/span[@class="fa-stack"]/i[@class="fa fa-times fa-stack-2x"]' not found
	at com.kms.katalon.core.webui.common.WebUiCommonHelper.findWebElement(WebUiCommonHelper.java:1097)
	at com.kms.katalon.core.webui.keyword.internal.WebUIAbstractKeyword.findWebElement(WebUIAbstractKeyword.groovy:27)
	at com.kms.katalon.core.webui.keyword.internal.WebUIAbstractKeyword.findWebElement(WebUIAbstractKeyword.groovy:26)
	at com.kms.katalon.core.webui.keyword.builtin.ClickKeyword$_click_closure1.doCall(ClickKeyword.groovy:77)
	at com.kms.katalon.core.webui.keyword.builtin.ClickKeyword$_click_closure1.call(ClickKeyword.groovy)
	at com.kms.katalon.core.webui.keyword.internal.WebUIKeywordMain.runKeyword(WebUIKeywordMain.groovy:20)
	at com.kms.katalon.core.webui.keyword.builtin.ClickKeyword.click(ClickKeyword.groovy:86)
	at com.kms.katalon.core.webui.keyword.builtin.ClickKeyword.execute(ClickKeyword.groovy:67)
	at com.kms.katalon.core.keyword.internal.KeywordExecutor.executeKeywordForPlatform(KeywordExecutor.groovy:56)
	at com.kms.katalon.core.webui.keyword.WebUiBuiltInKeywords.click(WebUiBuiltInKeywords.groovy:616)
	at com.kms.katalon.core.webui.keyword.WebUiBuiltInKeywords$click$2.call(Unknown Source)
	at Script1537087184371.run(Script1537087184371.groovy:28)
	... 13 more


2019-04-21 02:44:56 - [TEST_STEP][PASSED] - callTestCase(findTestCase("Template testcases/TC0769"), [:], STOP_ON_FAILURE): Call Test Case 'Test Cases/Template testcases/TC0769' successfully

2019-04-21 02:44:56 - [TEST_CASE][PASSED] - Test Cases/Template testcases/TC0769: Test Cases/Template testcases/TC0769

2019-04-21 02:44:56 - [TEST_STEP][PASSED] - callTestCase(findTestCase("Template testcases/TC0768"), [:], STOP_ON_FAILURE): Call Test Case 'Test Cases/Template testcases/TC0768' successfully

2019-04-21 02:44:56 - [TEST_CASE][PASSED] - Test Cases/Template testcases/TC0768: Test Cases/Template testcases/TC0768

2019-04-21 02:44:56 - [TEST_STEP][PASSED] - callTestCase(findTestCase("s-sidebar_navigation/individualAccount/Template"), [:], STOP_ON_FAILURE): Call Test Case 'Test Cases/s-sidebar_navigation/individualAccount/Template' successfully

2019-04-21 02:44:56 - [TEST_CASE][PASSED] - Test Cases/s-sidebar_navigation/individualAccount/Template: Test Cases/s-sidebar_navigation/individualAccount/Template

2019-04-21 02:44:56 - [TEST_STEP][PASSED] - click(findTestObject("Page_KiboPush  Dashboard/span_Broadcasts")): Object: 'Object Repository/Page_KiboPush  Dashboard/span_Broadcasts' is clicked on

2019-04-21 02:44:57 - [MESSAGE][PASSED] - Object: 'Object Repository/Page_KiboPush  Dashboard/span_Broadcasts' is clicked on

2019-04-21 02:44:57 - [TEST_STEP][PASSED] - delay(1): Delayed 1 second(s)

2019-04-21 02:44:58 - [MESSAGE][PASSED] - Delayed 1 second(s)

2019-04-21 02:44:58 - [TEST_STEP][PASSED] - click(findTestObject("Page_KiboPush  Dashboard/span_Templates")): Object: 'Object Repository/Page_KiboPush  Dashboard/span_Templates' is clicked on

2019-04-21 02:44:58 - [MESSAGE][PASSED] - Object: 'Object Repository/Page_KiboPush  Dashboard/span_Templates' is clicked on

2019-04-21 02:44:58 - [TEST_STEP][PASSED] - delay(3): Delayed 3 second(s)

2019-04-21 02:45:01 - [MESSAGE][PASSED] - Delayed 3 second(s)

2019-04-21 02:45:01 - [TEST_STEP][PASSED] - scrollToPosition(0, 0): Browser is scrolled to position x = 0, y = 0

2019-04-21 02:45:01 - [MESSAGE][PASSED] - Browser is scrolled to position x = 0, y = 0

2019-04-21 02:45:01 - [TEST_STEP][PASSED] - click(findTestObject("Object Repository/Page_KiboEngage  Templates/h3_Templates")): Object: 'Object Repository/Page_KiboEngage  Templates/h3_Templates' is clicked on

2019-04-21 02:45:01 - [MESSAGE][PASSED] - Object: 'Object Repository/Page_KiboEngage  Templates/h3_Templates' is clicked on

2019-04-21 02:45:01 - [TEST_STEP][PASSED] - delay(3): Delayed 3 second(s)

2019-04-21 02:45:04 - [MESSAGE][PASSED] - Delayed 3 second(s)

2019-04-21 02:45:04 - [MESSAGE][PASSED] - Call Test Case 'Test Cases/s-sidebar_navigation/individualAccount/Template' successfully

2019-04-21 02:45:04 - [TEST_STEP][PASSED] - click(findTestObject("Object Repository/Page_KiboPush  Dashboard/button_Create New")): Object: 'Object Repository/Page_KiboPush  Dashboard/button_Create New' is clicked on

2019-04-21 02:45:04 - [MESSAGE][PASSED] - Object: 'Object Repository/Page_KiboPush  Dashboard/button_Create New' is clicked on

2019-04-21 02:45:04 - [TEST_STEP][PASSED] - click(findTestObject("Object Repository/Page_KiboPush  Create Broadcast Tem/h3_Create Broadcast Template")): Object: 'Object Repository/Page_KiboPush  Create Broadcast Tem/h3_Create Broadcast Template' is clicked on

2019-04-21 02:45:05 - [MESSAGE][PASSED] - Object: 'Object Repository/Page_KiboPush  Create Broadcast Tem/h3_Create Broadcast Template' is clicked on

2019-04-21 02:45:05 - [MESSAGE][PASSED] - Call Test Case 'Test Cases/Template testcases/TC0768' successfully

2019-04-21 02:45:05 - [TEST_STEP][PASSED] - click(findTestObject("Page_KiboPush  Create Broadcast Tem/h6_Text (4)")): Object: 'Object Repository/Page_KiboPush  Create Broadcast Tem/h6_Text (4)' is clicked on

2019-04-21 02:45:05 - [MESSAGE][PASSED] - Object: 'Object Repository/Page_KiboPush  Create Broadcast Tem/h6_Text (4)' is clicked on

2019-04-21 02:45:05 - [TEST_STEP][PASSED] - click(findTestObject("Object Repository/Page_KiboEngage  Create Broadcast Template/div_New text component added")): Object: 'Object Repository/Page_KiboEngage  Create Broadcast Template/div_New text component added' is clicked on

2019-04-21 02:45:05 - [MESSAGE][PASSED] - Object: 'Object Repository/Page_KiboEngage  Create Broadcast Template/div_New text component added' is clicked on

2019-04-21 02:45:05 - [TEST_STEP][PASSED] - delay(2): Delayed 2 second(s)

2019-04-21 02:45:07 - [MESSAGE][PASSED] - Delayed 2 second(s)

2019-04-21 02:45:07 - [MESSAGE][PASSED] - Call Test Case 'Test Cases/Template testcases/TC0769' successfully

2019-04-21 02:45:07 - [TEST_STEP][FAILED] - click(findTestObject("Page_KiboPush  Create Broadcast Tem/i_fa fa-times fa-stack-2x (1)")): Unable to click on object 'Object Repository/Page_KiboPush  Create Broadcast Tem/i_fa fa-times fa-stack-2x (1)' (Root cause: com.kms.katalon.core.exception.StepFailedException: Unable to click on object 'Object Repository/Page_KiboPush  Create Broadcast Tem/i_fa fa-times fa-stack-2x (1)'
	at com.kms.katalon.core.webui.keyword.internal.WebUIKeywordMain.stepFailed(WebUIKeywordMain.groovy:64)
	at com.kms.katalon.core.webui.keyword.internal.WebUIKeywordMain.runKeyword(WebUIKeywordMain.groovy:26)
	at com.kms.katalon.core.webui.keyword.builtin.ClickKeyword.click(ClickKeyword.groovy:86)
	at com.kms.katalon.core.webui.keyword.builtin.ClickKeyword.execute(ClickKeyword.groovy:67)
	at com.kms.katalon.core.keyword.internal.KeywordExecutor.executeKeywordForPlatform(KeywordExecutor.groovy:56)
	at com.kms.katalon.core.webui.keyword.WebUiBuiltInKeywords.click(WebUiBuiltInKeywords.groovy:616)
	at com.kms.katalon.core.webui.keyword.WebUiBuiltInKeywords$click$2.call(Unknown Source)
	at TC0820.run(TC0820:28)
	at com.kms.katalon.core.main.ScriptEngine.run(ScriptEngine.java:194)
	at com.kms.katalon.core.main.ScriptEngine.runScriptAsRawText(ScriptEngine.java:119)
	at com.kms.katalon.core.main.TestCaseExecutor.runScript(TestCaseExecutor.java:336)
	at com.kms.katalon.core.main.TestCaseExecutor.doExecute(TestCaseExecutor.java:327)
	at com.kms.katalon.core.main.TestCaseExecutor.processExecutionPhase(TestCaseExecutor.java:306)
	at com.kms.katalon.core.main.TestCaseExecutor.accessMainPhase(TestCaseExecutor.java:298)
	at com.kms.katalon.core.main.TestCaseExecutor.execute(TestCaseExecutor.java:232)
	at com.kms.katalon.core.main.TestSuiteExecutor.accessTestCaseMainPhase(TestSuiteExecutor.java:129)
	at com.kms.katalon.core.main.TestSuiteExecutor.accessTestSuiteMainPhase(TestSuiteExecutor.java:112)
	at com.kms.katalon.core.main.TestSuiteExecutor.execute(TestSuiteExecutor.java:81)
	at com.kms.katalon.core.main.TestCaseMain.startTestSuite(TestCaseMain.java:157)
	at com.kms.katalon.core.main.TestCaseMain$startTestSuite$0.call(Unknown Source)
	at TempTestSuite1555795243480.run(TempTestSuite1555795243480.groovy:35)
Caused by: com.kms.katalon.core.webui.exception.WebElementNotFoundException: Web element with id: 'Object Repository/Page_KiboPush  Create Broadcast Tem/i_fa fa-times fa-stack-2x (1)' located by 'By.xpath: id("List1")/div[@class="draggable"]/div[@class="broadcast-component"]/div[1]/span[@class="fa-stack"]/i[@class="fa fa-times fa-stack-2x"]' not found
	at com.kms.katalon.core.webui.common.WebUiCommonHelper.findWebElement(WebUiCommonHelper.java:1097)
	at com.kms.katalon.core.webui.keyword.internal.WebUIAbstractKeyword.findWebElement(WebUIAbstractKeyword.groovy:27)
	at com.kms.katalon.core.webui.keyword.internal.WebUIAbstractKeyword.findWebElement(WebUIAbstractKeyword.groovy:26)
	at com.kms.katalon.core.webui.keyword.builtin.ClickKeyword$_click_closure1.doCall(ClickKeyword.groovy:77)
	at com.kms.katalon.core.webui.keyword.builtin.ClickKeyword$_click_closure1.call(ClickKeyword.groovy)
	at com.kms.katalon.core.webui.keyword.internal.WebUIKeywordMain.runKeyword(WebUIKeywordMain.groovy:20)
	at com.kms.katalon.core.webui.keyword.builtin.ClickKeyword.click(ClickKeyword.groovy:86)
	at com.kms.katalon.core.webui.keyword.builtin.ClickKeyword.execute(ClickKeyword.groovy:67)
	at com.kms.katalon.core.keyword.internal.KeywordExecutor.executeKeywordForPlatform(KeywordExecutor.groovy:56)
	at com.kms.katalon.core.webui.keyword.WebUiBuiltInKeywords.click(WebUiBuiltInKeywords.groovy:616)
	at com.kms.katalon.core.webui.keyword.WebUiBuiltInKeywords$click$2.call(Unknown Source)
	at Script1537087184371.run(Script1537087184371.groovy:28)
	... 13 more
)

2019-04-21 02:45:38 - [MESSAGE][INFO] - Unable to find the element located by 'By.xpath: id("List1")/div[@class="draggable"]/div[@class="broadcast-component"]/div[1]/span[@class="fa-stack"]/i[@class="fa fa-times fa-stack-2x"]'. Please recheck the objects properties to make sure the desired element is located. 

2019-04-21 02:45:38 - [MESSAGE][FAILED] - Unable to click on object 'Object Repository/Page_KiboPush  Create Broadcast Tem/i_fa fa-times fa-stack-2x (1)' (Root cause: com.kms.katalon.core.exception.StepFailedException: Unable to click on object 'Object Repository/Page_KiboPush  Create Broadcast Tem/i_fa fa-times fa-stack-2x (1)'
	at com.kms.katalon.core.webui.keyword.internal.WebUIKeywordMain.stepFailed(WebUIKeywordMain.groovy:64)
	at com.kms.katalon.core.webui.keyword.internal.WebUIKeywordMain.runKeyword(WebUIKeywordMain.groovy:26)
	at com.kms.katalon.core.webui.keyword.builtin.ClickKeyword.click(ClickKeyword.groovy:86)
	at com.kms.katalon.core.webui.keyword.builtin.ClickKeyword.execute(ClickKeyword.groovy:67)
	at com.kms.katalon.core.keyword.internal.KeywordExecutor.executeKeywordForPlatform(KeywordExecutor.groovy:56)
	at com.kms.katalon.core.webui.keyword.WebUiBuiltInKeywords.click(WebUiBuiltInKeywords.groovy:616)
	at com.kms.katalon.core.webui.keyword.WebUiBuiltInKeywords$click$2.call(Unknown Source)
	at TC0820.run(TC0820:28)
	at com.kms.katalon.core.main.ScriptEngine.run(ScriptEngine.java:194)
	at com.kms.katalon.core.main.ScriptEngine.runScriptAsRawText(ScriptEngine.java:119)
	at com.kms.katalon.core.main.TestCaseExecutor.runScript(TestCaseExecutor.java:336)
	at com.kms.katalon.core.main.TestCaseExecutor.doExecute(TestCaseExecutor.java:327)
	at com.kms.katalon.core.main.TestCaseExecutor.processExecutionPhase(TestCaseExecutor.java:306)
	at com.kms.katalon.core.main.TestCaseExecutor.accessMainPhase(TestCaseExecutor.java:298)
	at com.kms.katalon.core.main.TestCaseExecutor.execute(TestCaseExecutor.java:232)
	at com.kms.katalon.core.main.TestSuiteExecutor.accessTestCaseMainPhase(TestSuiteExecutor.java:129)
	at com.kms.katalon.core.main.TestSuiteExecutor.accessTestSuiteMainPhase(TestSuiteExecutor.java:112)
	at com.kms.katalon.core.main.TestSuiteExecutor.execute(TestSuiteExecutor.java:81)
	at com.kms.katalon.core.main.TestCaseMain.startTestSuite(TestCaseMain.java:157)
	at com.kms.katalon.core.main.TestCaseMain$startTestSuite$0.call(Unknown Source)
	at TempTestSuite1555795243480.run(TempTestSuite1555795243480.groovy:35)
Caused by: com.kms.katalon.core.webui.exception.WebElementNotFoundException: Web element with id: 'Object Repository/Page_KiboPush  Create Broadcast Tem/i_fa fa-times fa-stack-2x (1)' located by 'By.xpath: id("List1")/div[@class="draggable"]/div[@class="broadcast-component"]/div[1]/span[@class="fa-stack"]/i[@class="fa fa-times fa-stack-2x"]' not found
	at com.kms.katalon.core.webui.common.WebUiCommonHelper.findWebElement(WebUiCommonHelper.java:1097)
	at com.kms.katalon.core.webui.keyword.internal.WebUIAbstractKeyword.findWebElement(WebUIAbstractKeyword.groovy:27)
	at com.kms.katalon.core.webui.keyword.internal.WebUIAbstractKeyword.findWebElement(WebUIAbstractKeyword.groovy:26)
	at com.kms.katalon.core.webui.keyword.builtin.ClickKeyword$_click_closure1.doCall(ClickKeyword.groovy:77)
	at com.kms.katalon.core.webui.keyword.builtin.ClickKeyword$_click_closure1.call(ClickKeyword.groovy)
	at com.kms.katalon.core.webui.keyword.internal.WebUIKeywordMain.runKeyword(WebUIKeywordMain.groovy:20)
	at com.kms.katalon.core.webui.keyword.builtin.ClickKeyword.click(ClickKeyword.groovy:86)
	at com.kms.katalon.core.webui.keyword.builtin.ClickKeyword.execute(ClickKeyword.groovy:67)
	at com.kms.katalon.core.keyword.internal.KeywordExecutor.executeKeywordForPlatform(KeywordExecutor.groovy:56)
	at com.kms.katalon.core.webui.keyword.WebUiBuiltInKeywords.click(WebUiBuiltInKeywords.groovy:616)
	at com.kms.katalon.core.webui.keyword.WebUiBuiltInKeywords$click$2.call(Unknown Source)
	at Script1537087184371.run(Script1537087184371.groovy:28)
	... 13 more
)
[[ATTACHMENT|/home/faizan/Drive/KiboPush_Automated_Testing/KiboPush Katalon/Reports/Faizan Suits/Template/20190421_022043/1555796738493.png]]]]></system-out>
         <system-err><![CDATA[2019-04-21 02:44:56 - [TEST_CASE][FAILED] - Test Cases/Template testcases/TC0820: Test Cases/Template testcases/TC0820 FAILED.
Reason:
com.kms.katalon.core.exception.StepFailedException: Unable to click on object 'Object Repository/Page_KiboPush  Create Broadcast Tem/i_fa fa-times fa-stack-2x (1)'
	at com.kms.katalon.core.webui.keyword.internal.WebUIKeywordMain.stepFailed(WebUIKeywordMain.groovy:64)
	at com.kms.katalon.core.webui.keyword.internal.WebUIKeywordMain.runKeyword(WebUIKeywordMain.groovy:26)
	at com.kms.katalon.core.webui.keyword.builtin.ClickKeyword.click(ClickKeyword.groovy:86)
	at com.kms.katalon.core.webui.keyword.builtin.ClickKeyword.execute(ClickKeyword.groovy:67)
	at com.kms.katalon.core.keyword.internal.KeywordExecutor.executeKeywordForPlatform(KeywordExecutor.groovy:56)
	at com.kms.katalon.core.webui.keyword.WebUiBuiltInKeywords.click(WebUiBuiltInKeywords.groovy:616)
	at com.kms.katalon.core.webui.keyword.WebUiBuiltInKeywords$click$2.call(Unknown Source)
	at TC0820.run(TC0820:28)
	at com.kms.katalon.core.main.ScriptEngine.run(ScriptEngine.java:194)
	at com.kms.katalon.core.main.ScriptEngine.runScriptAsRawText(ScriptEngine.java:119)
	at com.kms.katalon.core.main.TestCaseExecutor.runScript(TestCaseExecutor.java:336)
	at com.kms.katalon.core.main.TestCaseExecutor.doExecute(TestCaseExecutor.java:327)
	at com.kms.katalon.core.main.TestCaseExecutor.processExecutionPhase(TestCaseExecutor.java:306)
	at com.kms.katalon.core.main.TestCaseExecutor.accessMainPhase(TestCaseExecutor.java:298)
	at com.kms.katalon.core.main.TestCaseExecutor.execute(TestCaseExecutor.java:232)
	at com.kms.katalon.core.main.TestSuiteExecutor.accessTestCaseMainPhase(TestSuiteExecutor.java:129)
	at com.kms.katalon.core.main.TestSuiteExecutor.accessTestSuiteMainPhase(TestSuiteExecutor.java:112)
	at com.kms.katalon.core.main.TestSuiteExecutor.execute(TestSuiteExecutor.java:81)
	at com.kms.katalon.core.main.TestCaseMain.startTestSuite(TestCaseMain.java:157)
	at com.kms.katalon.core.main.TestCaseMain$startTestSuite$0.call(Unknown Source)
	at TempTestSuite1555795243480.run(TempTestSuite1555795243480.groovy:35)
Caused by: com.kms.katalon.core.webui.exception.WebElementNotFoundException: Web element with id: 'Object Repository/Page_KiboPush  Create Broadcast Tem/i_fa fa-times fa-stack-2x (1)' located by 'By.xpath: id("List1")/div[@class="draggable"]/div[@class="broadcast-component"]/div[1]/span[@class="fa-stack"]/i[@class="fa fa-times fa-stack-2x"]' not found
	at com.kms.katalon.core.webui.common.WebUiCommonHelper.findWebElement(WebUiCommonHelper.java:1097)
	at com.kms.katalon.core.webui.keyword.internal.WebUIAbstractKeyword.findWebElement(WebUIAbstractKeyword.groovy:27)
	at com.kms.katalon.core.webui.keyword.internal.WebUIAbstractKeyword.findWebElement(WebUIAbstractKeyword.groovy:26)
	at com.kms.katalon.core.webui.keyword.builtin.ClickKeyword$_click_closure1.doCall(ClickKeyword.groovy:77)
	at com.kms.katalon.core.webui.keyword.builtin.ClickKeyword$_click_closure1.call(ClickKeyword.groovy)
	at com.kms.katalon.core.webui.keyword.internal.WebUIKeywordMain.runKeyword(WebUIKeywordMain.groovy:20)
	at com.kms.katalon.core.webui.keyword.builtin.ClickKeyword.click(ClickKeyword.groovy:86)
	at com.kms.katalon.core.webui.keyword.builtin.ClickKeyword.execute(ClickKeyword.groovy:67)
	at com.kms.katalon.core.keyword.internal.KeywordExecutor.executeKeywordForPlatform(KeywordExecutor.groovy:56)
	at com.kms.katalon.core.webui.keyword.WebUiBuiltInKeywords.click(WebUiBuiltInKeywords.groovy:616)
	at com.kms.katalon.core.webui.keyword.WebUiBuiltInKeywords$click$2.call(Unknown Source)
	at Script1537087184371.run(Script1537087184371.groovy:28)
	... 13 more]]></system-err>
      </testcase>
      <testcase name="Test Cases/Template testcases/TC0821" classname="Test Cases/Template testcases/TC0821" status="FAILED">
         <failure type="FAILED" message="Test Cases/Template testcases/TC0821 FAILED.
Reason:
com.kms.katalon.core.exception.StepFailedException: Unable to click on object 'Object Repository/Page_KiboPush  Create Broadcast Tem/i_fa fa-times fa-stack-2x'
	at com.kms.katalon.core.webui.keyword.internal.WebUIKeywordMain.stepFailed(WebUIKeywordMain.groovy:64)
	at com.kms.katalon.core.webui.keyword.internal.WebUIKeywordMain.runKeyword(WebUIKeywordMain.groovy:26)
	at com.kms.katalon.core.webui.keyword.builtin.ClickKeyword.click(ClickKeyword.groovy:86)
	at com.kms.katalon.core.webui.keyword.builtin.ClickKeyword.execute(ClickKeyword.groovy:67)
	at com.kms.katalon.core.keyword.internal.KeywordExecutor.executeKeywordForPlatform(KeywordExecutor.groovy:56)
	at com.kms.katalon.core.webui.keyword.WebUiBuiltInKeywords.click(WebUiBuiltInKeywords.groovy:616)
	at com.kms.katalon.core.webui.keyword.WebUiBuiltInKeywords$click$2.call(Unknown Source)
	at TC0821.run(TC0821:27)
	at com.kms.katalon.core.main.ScriptEngine.run(ScriptEngine.java:194)
	at com.kms.katalon.core.main.ScriptEngine.runScriptAsRawText(ScriptEngine.java:119)
	at com.kms.katalon.core.main.TestCaseExecutor.runScript(TestCaseExecutor.java:336)
	at com.kms.katalon.core.main.TestCaseExecutor.doExecute(TestCaseExecutor.java:327)
	at com.kms.katalon.core.main.TestCaseExecutor.processExecutionPhase(TestCaseExecutor.java:306)
	at com.kms.katalon.core.main.TestCaseExecutor.accessMainPhase(TestCaseExecutor.java:298)
	at com.kms.katalon.core.main.TestCaseExecutor.execute(TestCaseExecutor.java:232)
	at com.kms.katalon.core.main.TestSuiteExecutor.accessTestCaseMainPhase(TestSuiteExecutor.java:129)
	at com.kms.katalon.core.main.TestSuiteExecutor.accessTestSuiteMainPhase(TestSuiteExecutor.java:112)
	at com.kms.katalon.core.main.TestSuiteExecutor.execute(TestSuiteExecutor.java:81)
	at com.kms.katalon.core.main.TestCaseMain.startTestSuite(TestCaseMain.java:157)
	at com.kms.katalon.core.main.TestCaseMain$startTestSuite$0.call(Unknown Source)
	at TempTestSuite1555795243480.run(TempTestSuite1555795243480.groovy:35)
Caused by: com.kms.katalon.core.webui.exception.WebElementNotFoundException: Web element with id: 'Object Repository/Page_KiboPush  Create Broadcast Tem/i_fa fa-times fa-stack-2x' located by 'By.xpath: id(&quot;List1&quot;)/div[@class=&quot;draggable&quot;]/div[@class=&quot;broadcast-component&quot;]/div[2]/span[@class=&quot;fa-stack&quot;]/i[@class=&quot;fa fa-times fa-stack-2x&quot;]' not found
	at com.kms.katalon.core.webui.common.WebUiCommonHelper.findWebElement(WebUiCommonHelper.java:1097)
	at com.kms.katalon.core.webui.keyword.internal.WebUIAbstractKeyword.findWebElement(WebUIAbstractKeyword.groovy:27)
	at com.kms.katalon.core.webui.keyword.internal.WebUIAbstractKeyword.findWebElement(WebUIAbstractKeyword.groovy:26)
	at com.kms.katalon.core.webui.keyword.builtin.ClickKeyword$_click_closure1.doCall(ClickKeyword.groovy:77)
	at com.kms.katalon.core.webui.keyword.builtin.ClickKeyword$_click_closure1.call(ClickKeyword.groovy)
	at com.kms.katalon.core.webui.keyword.internal.WebUIKeywordMain.runKeyword(WebUIKeywordMain.groovy:20)
	at com.kms.katalon.core.webui.keyword.builtin.ClickKeyword.click(ClickKeyword.groovy:86)
	at com.kms.katalon.core.webui.keyword.builtin.ClickKeyword.execute(ClickKeyword.groovy:67)
	at com.kms.katalon.core.keyword.internal.KeywordExecutor.executeKeywordForPlatform(KeywordExecutor.groovy:56)
	at com.kms.katalon.core.webui.keyword.WebUiBuiltInKeywords.click(WebUiBuiltInKeywords.groovy:616)
	at com.kms.katalon.core.webui.keyword.WebUiBuiltInKeywords$click$2.call(Unknown Source)
	at Script1537087592193.run(Script1537087592193.groovy:27)
	... 13 more
"/>
         <system-out><![CDATA[2019-04-21 02:45:38 - [TEST_CASE][FAILED] - Test Cases/Template testcases/TC0821: Test Cases/Template testcases/TC0821 FAILED.
Reason:
com.kms.katalon.core.exception.StepFailedException: Unable to click on object 'Object Repository/Page_KiboPush  Create Broadcast Tem/i_fa fa-times fa-stack-2x'
	at com.kms.katalon.core.webui.keyword.internal.WebUIKeywordMain.stepFailed(WebUIKeywordMain.groovy:64)
	at com.kms.katalon.core.webui.keyword.internal.WebUIKeywordMain.runKeyword(WebUIKeywordMain.groovy:26)
	at com.kms.katalon.core.webui.keyword.builtin.ClickKeyword.click(ClickKeyword.groovy:86)
	at com.kms.katalon.core.webui.keyword.builtin.ClickKeyword.execute(ClickKeyword.groovy:67)
	at com.kms.katalon.core.keyword.internal.KeywordExecutor.executeKeywordForPlatform(KeywordExecutor.groovy:56)
	at com.kms.katalon.core.webui.keyword.WebUiBuiltInKeywords.click(WebUiBuiltInKeywords.groovy:616)
	at com.kms.katalon.core.webui.keyword.WebUiBuiltInKeywords$click$2.call(Unknown Source)
	at TC0821.run(TC0821:27)
	at com.kms.katalon.core.main.ScriptEngine.run(ScriptEngine.java:194)
	at com.kms.katalon.core.main.ScriptEngine.runScriptAsRawText(ScriptEngine.java:119)
	at com.kms.katalon.core.main.TestCaseExecutor.runScript(TestCaseExecutor.java:336)
	at com.kms.katalon.core.main.TestCaseExecutor.doExecute(TestCaseExecutor.java:327)
	at com.kms.katalon.core.main.TestCaseExecutor.processExecutionPhase(TestCaseExecutor.java:306)
	at com.kms.katalon.core.main.TestCaseExecutor.accessMainPhase(TestCaseExecutor.java:298)
	at com.kms.katalon.core.main.TestCaseExecutor.execute(TestCaseExecutor.java:232)
	at com.kms.katalon.core.main.TestSuiteExecutor.accessTestCaseMainPhase(TestSuiteExecutor.java:129)
	at com.kms.katalon.core.main.TestSuiteExecutor.accessTestSuiteMainPhase(TestSuiteExecutor.java:112)
	at com.kms.katalon.core.main.TestSuiteExecutor.execute(TestSuiteExecutor.java:81)
	at com.kms.katalon.core.main.TestCaseMain.startTestSuite(TestCaseMain.java:157)
	at com.kms.katalon.core.main.TestCaseMain$startTestSuite$0.call(Unknown Source)
	at TempTestSuite1555795243480.run(TempTestSuite1555795243480.groovy:35)
Caused by: com.kms.katalon.core.webui.exception.WebElementNotFoundException: Web element with id: 'Object Repository/Page_KiboPush  Create Broadcast Tem/i_fa fa-times fa-stack-2x' located by 'By.xpath: id("List1")/div[@class="draggable"]/div[@class="broadcast-component"]/div[2]/span[@class="fa-stack"]/i[@class="fa fa-times fa-stack-2x"]' not found
	at com.kms.katalon.core.webui.common.WebUiCommonHelper.findWebElement(WebUiCommonHelper.java:1097)
	at com.kms.katalon.core.webui.keyword.internal.WebUIAbstractKeyword.findWebElement(WebUIAbstractKeyword.groovy:27)
	at com.kms.katalon.core.webui.keyword.internal.WebUIAbstractKeyword.findWebElement(WebUIAbstractKeyword.groovy:26)
	at com.kms.katalon.core.webui.keyword.builtin.ClickKeyword$_click_closure1.doCall(ClickKeyword.groovy:77)
	at com.kms.katalon.core.webui.keyword.builtin.ClickKeyword$_click_closure1.call(ClickKeyword.groovy)
	at com.kms.katalon.core.webui.keyword.internal.WebUIKeywordMain.runKeyword(WebUIKeywordMain.groovy:20)
	at com.kms.katalon.core.webui.keyword.builtin.ClickKeyword.click(ClickKeyword.groovy:86)
	at com.kms.katalon.core.webui.keyword.builtin.ClickKeyword.execute(ClickKeyword.groovy:67)
	at com.kms.katalon.core.keyword.internal.KeywordExecutor.executeKeywordForPlatform(KeywordExecutor.groovy:56)
	at com.kms.katalon.core.webui.keyword.WebUiBuiltInKeywords.click(WebUiBuiltInKeywords.groovy:616)
	at com.kms.katalon.core.webui.keyword.WebUiBuiltInKeywords$click$2.call(Unknown Source)
	at Script1537087592193.run(Script1537087592193.groovy:27)
	... 13 more


2019-04-21 02:45:38 - [TEST_STEP][PASSED] - callTestCase(findTestCase("Template testcases/TC0775"), [:], STOP_ON_FAILURE): Call Test Case 'Test Cases/Template testcases/TC0775' successfully

2019-04-21 02:45:38 - [TEST_CASE][PASSED] - Test Cases/Template testcases/TC0775: Test Cases/Template testcases/TC0775

2019-04-21 02:45:39 - [TEST_STEP][PASSED] - callTestCase(findTestCase("s-sidebar_navigation/individualAccount/Template"), [:], STOP_ON_FAILURE): Call Test Case 'Test Cases/s-sidebar_navigation/individualAccount/Template' successfully

2019-04-21 02:45:39 - [TEST_CASE][PASSED] - Test Cases/s-sidebar_navigation/individualAccount/Template: Test Cases/s-sidebar_navigation/individualAccount/Template

2019-04-21 02:45:39 - [TEST_STEP][PASSED] - click(findTestObject("Page_KiboPush  Dashboard/span_Broadcasts")): Object: 'Object Repository/Page_KiboPush  Dashboard/span_Broadcasts' is clicked on

2019-04-21 02:45:39 - [MESSAGE][PASSED] - Object: 'Object Repository/Page_KiboPush  Dashboard/span_Broadcasts' is clicked on

2019-04-21 02:45:39 - [TEST_STEP][PASSED] - delay(1): Delayed 1 second(s)

2019-04-21 02:45:40 - [MESSAGE][PASSED] - Delayed 1 second(s)

2019-04-21 02:45:40 - [TEST_STEP][PASSED] - click(findTestObject("Page_KiboPush  Dashboard/span_Templates")): Object: 'Object Repository/Page_KiboPush  Dashboard/span_Templates' is clicked on

2019-04-21 02:45:40 - [MESSAGE][PASSED] - Object: 'Object Repository/Page_KiboPush  Dashboard/span_Templates' is clicked on

2019-04-21 02:45:40 - [TEST_STEP][PASSED] - delay(3): Delayed 3 second(s)

2019-04-21 02:45:43 - [MESSAGE][PASSED] - Delayed 3 second(s)

2019-04-21 02:45:43 - [TEST_STEP][PASSED] - scrollToPosition(0, 0): Browser is scrolled to position x = 0, y = 0

2019-04-21 02:45:43 - [MESSAGE][PASSED] - Browser is scrolled to position x = 0, y = 0

2019-04-21 02:45:43 - [TEST_STEP][PASSED] - click(findTestObject("Object Repository/Page_KiboEngage  Templates/h3_Templates")): Object: 'Object Repository/Page_KiboEngage  Templates/h3_Templates' is clicked on

2019-04-21 02:45:43 - [MESSAGE][PASSED] - Object: 'Object Repository/Page_KiboEngage  Templates/h3_Templates' is clicked on

2019-04-21 02:45:43 - [TEST_STEP][PASSED] - delay(3): Delayed 3 second(s)

2019-04-21 02:45:46 - [MESSAGE][PASSED] - Delayed 3 second(s)

2019-04-21 02:45:46 - [MESSAGE][PASSED] - Call Test Case 'Test Cases/s-sidebar_navigation/individualAccount/Template' successfully

2019-04-21 02:45:46 - [TEST_STEP][PASSED] - click(findTestObject("Page_KiboPush  Dashboard/button_Create New")): Object: 'Object Repository/Page_KiboPush  Dashboard/button_Create New' is clicked on

2019-04-21 02:45:46 - [MESSAGE][PASSED] - Object: 'Object Repository/Page_KiboPush  Dashboard/button_Create New' is clicked on

2019-04-21 02:45:46 - [TEST_STEP][PASSED] - click(findTestObject("Page_KiboPush  Create Broadcast Tem/h6_Image (2)")): Object: 'Object Repository/Page_KiboPush  Create Broadcast Tem/h6_Image (2)' is clicked on

2019-04-21 02:45:47 - [MESSAGE][PASSED] - Object: 'Object Repository/Page_KiboPush  Create Broadcast Tem/h6_Image (2)' is clicked on

2019-04-21 02:45:47 - [TEST_STEP][PASSED] - click(findTestObject("Object Repository/Page_KiboEngage  Create Broadcast Template/div_New image component added")): Object: 'Object Repository/Page_KiboEngage  Create Broadcast Template/div_New image component added' is clicked on

2019-04-21 02:45:47 - [MESSAGE][PASSED] - Object: 'Object Repository/Page_KiboEngage  Create Broadcast Template/div_New image component added' is clicked on

2019-04-21 02:45:47 - [MESSAGE][PASSED] - Call Test Case 'Test Cases/Template testcases/TC0775' successfully

2019-04-21 02:45:47 - [TEST_STEP][FAILED] - click(findTestObject("Page_KiboPush  Create Broadcast Tem/i_fa fa-times fa-stack-2x")): Unable to click on object 'Object Repository/Page_KiboPush  Create Broadcast Tem/i_fa fa-times fa-stack-2x' (Root cause: com.kms.katalon.core.exception.StepFailedException: Unable to click on object 'Object Repository/Page_KiboPush  Create Broadcast Tem/i_fa fa-times fa-stack-2x'
	at com.kms.katalon.core.webui.keyword.internal.WebUIKeywordMain.stepFailed(WebUIKeywordMain.groovy:64)
	at com.kms.katalon.core.webui.keyword.internal.WebUIKeywordMain.runKeyword(WebUIKeywordMain.groovy:26)
	at com.kms.katalon.core.webui.keyword.builtin.ClickKeyword.click(ClickKeyword.groovy:86)
	at com.kms.katalon.core.webui.keyword.builtin.ClickKeyword.execute(ClickKeyword.groovy:67)
	at com.kms.katalon.core.keyword.internal.KeywordExecutor.executeKeywordForPlatform(KeywordExecutor.groovy:56)
	at com.kms.katalon.core.webui.keyword.WebUiBuiltInKeywords.click(WebUiBuiltInKeywords.groovy:616)
	at com.kms.katalon.core.webui.keyword.WebUiBuiltInKeywords$click$2.call(Unknown Source)
	at TC0821.run(TC0821:27)
	at com.kms.katalon.core.main.ScriptEngine.run(ScriptEngine.java:194)
	at com.kms.katalon.core.main.ScriptEngine.runScriptAsRawText(ScriptEngine.java:119)
	at com.kms.katalon.core.main.TestCaseExecutor.runScript(TestCaseExecutor.java:336)
	at com.kms.katalon.core.main.TestCaseExecutor.doExecute(TestCaseExecutor.java:327)
	at com.kms.katalon.core.main.TestCaseExecutor.processExecutionPhase(TestCaseExecutor.java:306)
	at com.kms.katalon.core.main.TestCaseExecutor.accessMainPhase(TestCaseExecutor.java:298)
	at com.kms.katalon.core.main.TestCaseExecutor.execute(TestCaseExecutor.java:232)
	at com.kms.katalon.core.main.TestSuiteExecutor.accessTestCaseMainPhase(TestSuiteExecutor.java:129)
	at com.kms.katalon.core.main.TestSuiteExecutor.accessTestSuiteMainPhase(TestSuiteExecutor.java:112)
	at com.kms.katalon.core.main.TestSuiteExecutor.execute(TestSuiteExecutor.java:81)
	at com.kms.katalon.core.main.TestCaseMain.startTestSuite(TestCaseMain.java:157)
	at com.kms.katalon.core.main.TestCaseMain$startTestSuite$0.call(Unknown Source)
	at TempTestSuite1555795243480.run(TempTestSuite1555795243480.groovy:35)
Caused by: com.kms.katalon.core.webui.exception.WebElementNotFoundException: Web element with id: 'Object Repository/Page_KiboPush  Create Broadcast Tem/i_fa fa-times fa-stack-2x' located by 'By.xpath: id("List1")/div[@class="draggable"]/div[@class="broadcast-component"]/div[2]/span[@class="fa-stack"]/i[@class="fa fa-times fa-stack-2x"]' not found
	at com.kms.katalon.core.webui.common.WebUiCommonHelper.findWebElement(WebUiCommonHelper.java:1097)
	at com.kms.katalon.core.webui.keyword.internal.WebUIAbstractKeyword.findWebElement(WebUIAbstractKeyword.groovy:27)
	at com.kms.katalon.core.webui.keyword.internal.WebUIAbstractKeyword.findWebElement(WebUIAbstractKeyword.groovy:26)
	at com.kms.katalon.core.webui.keyword.builtin.ClickKeyword$_click_closure1.doCall(ClickKeyword.groovy:77)
	at com.kms.katalon.core.webui.keyword.builtin.ClickKeyword$_click_closure1.call(ClickKeyword.groovy)
	at com.kms.katalon.core.webui.keyword.internal.WebUIKeywordMain.runKeyword(WebUIKeywordMain.groovy:20)
	at com.kms.katalon.core.webui.keyword.builtin.ClickKeyword.click(ClickKeyword.groovy:86)
	at com.kms.katalon.core.webui.keyword.builtin.ClickKeyword.execute(ClickKeyword.groovy:67)
	at com.kms.katalon.core.keyword.internal.KeywordExecutor.executeKeywordForPlatform(KeywordExecutor.groovy:56)
	at com.kms.katalon.core.webui.keyword.WebUiBuiltInKeywords.click(WebUiBuiltInKeywords.groovy:616)
	at com.kms.katalon.core.webui.keyword.WebUiBuiltInKeywords$click$2.call(Unknown Source)
	at Script1537087592193.run(Script1537087592193.groovy:27)
	... 13 more
)

2019-04-21 02:46:18 - [MESSAGE][INFO] - Unable to find the element located by 'By.xpath: id("List1")/div[@class="draggable"]/div[@class="broadcast-component"]/div[2]/span[@class="fa-stack"]/i[@class="fa fa-times fa-stack-2x"]'. Please recheck the objects properties to make sure the desired element is located. 

2019-04-21 02:46:18 - [MESSAGE][FAILED] - Unable to click on object 'Object Repository/Page_KiboPush  Create Broadcast Tem/i_fa fa-times fa-stack-2x' (Root cause: com.kms.katalon.core.exception.StepFailedException: Unable to click on object 'Object Repository/Page_KiboPush  Create Broadcast Tem/i_fa fa-times fa-stack-2x'
	at com.kms.katalon.core.webui.keyword.internal.WebUIKeywordMain.stepFailed(WebUIKeywordMain.groovy:64)
	at com.kms.katalon.core.webui.keyword.internal.WebUIKeywordMain.runKeyword(WebUIKeywordMain.groovy:26)
	at com.kms.katalon.core.webui.keyword.builtin.ClickKeyword.click(ClickKeyword.groovy:86)
	at com.kms.katalon.core.webui.keyword.builtin.ClickKeyword.execute(ClickKeyword.groovy:67)
	at com.kms.katalon.core.keyword.internal.KeywordExecutor.executeKeywordForPlatform(KeywordExecutor.groovy:56)
	at com.kms.katalon.core.webui.keyword.WebUiBuiltInKeywords.click(WebUiBuiltInKeywords.groovy:616)
	at com.kms.katalon.core.webui.keyword.WebUiBuiltInKeywords$click$2.call(Unknown Source)
	at TC0821.run(TC0821:27)
	at com.kms.katalon.core.main.ScriptEngine.run(ScriptEngine.java:194)
	at com.kms.katalon.core.main.ScriptEngine.runScriptAsRawText(ScriptEngine.java:119)
	at com.kms.katalon.core.main.TestCaseExecutor.runScript(TestCaseExecutor.java:336)
	at com.kms.katalon.core.main.TestCaseExecutor.doExecute(TestCaseExecutor.java:327)
	at com.kms.katalon.core.main.TestCaseExecutor.processExecutionPhase(TestCaseExecutor.java:306)
	at com.kms.katalon.core.main.TestCaseExecutor.accessMainPhase(TestCaseExecutor.java:298)
	at com.kms.katalon.core.main.TestCaseExecutor.execute(TestCaseExecutor.java:232)
	at com.kms.katalon.core.main.TestSuiteExecutor.accessTestCaseMainPhase(TestSuiteExecutor.java:129)
	at com.kms.katalon.core.main.TestSuiteExecutor.accessTestSuiteMainPhase(TestSuiteExecutor.java:112)
	at com.kms.katalon.core.main.TestSuiteExecutor.execute(TestSuiteExecutor.java:81)
	at com.kms.katalon.core.main.TestCaseMain.startTestSuite(TestCaseMain.java:157)
	at com.kms.katalon.core.main.TestCaseMain$startTestSuite$0.call(Unknown Source)
	at TempTestSuite1555795243480.run(TempTestSuite1555795243480.groovy:35)
Caused by: com.kms.katalon.core.webui.exception.WebElementNotFoundException: Web element with id: 'Object Repository/Page_KiboPush  Create Broadcast Tem/i_fa fa-times fa-stack-2x' located by 'By.xpath: id("List1")/div[@class="draggable"]/div[@class="broadcast-component"]/div[2]/span[@class="fa-stack"]/i[@class="fa fa-times fa-stack-2x"]' not found
	at com.kms.katalon.core.webui.common.WebUiCommonHelper.findWebElement(WebUiCommonHelper.java:1097)
	at com.kms.katalon.core.webui.keyword.internal.WebUIAbstractKeyword.findWebElement(WebUIAbstractKeyword.groovy:27)
	at com.kms.katalon.core.webui.keyword.internal.WebUIAbstractKeyword.findWebElement(WebUIAbstractKeyword.groovy:26)
	at com.kms.katalon.core.webui.keyword.builtin.ClickKeyword$_click_closure1.doCall(ClickKeyword.groovy:77)
	at com.kms.katalon.core.webui.keyword.builtin.ClickKeyword$_click_closure1.call(ClickKeyword.groovy)
	at com.kms.katalon.core.webui.keyword.internal.WebUIKeywordMain.runKeyword(WebUIKeywordMain.groovy:20)
	at com.kms.katalon.core.webui.keyword.builtin.ClickKeyword.click(ClickKeyword.groovy:86)
	at com.kms.katalon.core.webui.keyword.builtin.ClickKeyword.execute(ClickKeyword.groovy:67)
	at com.kms.katalon.core.keyword.internal.KeywordExecutor.executeKeywordForPlatform(KeywordExecutor.groovy:56)
	at com.kms.katalon.core.webui.keyword.WebUiBuiltInKeywords.click(WebUiBuiltInKeywords.groovy:616)
	at com.kms.katalon.core.webui.keyword.WebUiBuiltInKeywords$click$2.call(Unknown Source)
	at Script1537087592193.run(Script1537087592193.groovy:27)
	... 13 more
)
[[ATTACHMENT|/home/faizan/Drive/KiboPush_Automated_Testing/KiboPush Katalon/Reports/Faizan Suits/Template/20190421_022043/1555796778299.png]]]]></system-out>
         <system-err><![CDATA[2019-04-21 02:45:38 - [TEST_CASE][FAILED] - Test Cases/Template testcases/TC0821: Test Cases/Template testcases/TC0821 FAILED.
Reason:
com.kms.katalon.core.exception.StepFailedException: Unable to click on object 'Object Repository/Page_KiboPush  Create Broadcast Tem/i_fa fa-times fa-stack-2x'
	at com.kms.katalon.core.webui.keyword.internal.WebUIKeywordMain.stepFailed(WebUIKeywordMain.groovy:64)
	at com.kms.katalon.core.webui.keyword.internal.WebUIKeywordMain.runKeyword(WebUIKeywordMain.groovy:26)
	at com.kms.katalon.core.webui.keyword.builtin.ClickKeyword.click(ClickKeyword.groovy:86)
	at com.kms.katalon.core.webui.keyword.builtin.ClickKeyword.execute(ClickKeyword.groovy:67)
	at com.kms.katalon.core.keyword.internal.KeywordExecutor.executeKeywordForPlatform(KeywordExecutor.groovy:56)
	at com.kms.katalon.core.webui.keyword.WebUiBuiltInKeywords.click(WebUiBuiltInKeywords.groovy:616)
	at com.kms.katalon.core.webui.keyword.WebUiBuiltInKeywords$click$2.call(Unknown Source)
	at TC0821.run(TC0821:27)
	at com.kms.katalon.core.main.ScriptEngine.run(ScriptEngine.java:194)
	at com.kms.katalon.core.main.ScriptEngine.runScriptAsRawText(ScriptEngine.java:119)
	at com.kms.katalon.core.main.TestCaseExecutor.runScript(TestCaseExecutor.java:336)
	at com.kms.katalon.core.main.TestCaseExecutor.doExecute(TestCaseExecutor.java:327)
	at com.kms.katalon.core.main.TestCaseExecutor.processExecutionPhase(TestCaseExecutor.java:306)
	at com.kms.katalon.core.main.TestCaseExecutor.accessMainPhase(TestCaseExecutor.java:298)
	at com.kms.katalon.core.main.TestCaseExecutor.execute(TestCaseExecutor.java:232)
	at com.kms.katalon.core.main.TestSuiteExecutor.accessTestCaseMainPhase(TestSuiteExecutor.java:129)
	at com.kms.katalon.core.main.TestSuiteExecutor.accessTestSuiteMainPhase(TestSuiteExecutor.java:112)
	at com.kms.katalon.core.main.TestSuiteExecutor.execute(TestSuiteExecutor.java:81)
	at com.kms.katalon.core.main.TestCaseMain.startTestSuite(TestCaseMain.java:157)
	at com.kms.katalon.core.main.TestCaseMain$startTestSuite$0.call(Unknown Source)
	at TempTestSuite1555795243480.run(TempTestSuite1555795243480.groovy:35)
Caused by: com.kms.katalon.core.webui.exception.WebElementNotFoundException: Web element with id: 'Object Repository/Page_KiboPush  Create Broadcast Tem/i_fa fa-times fa-stack-2x' located by 'By.xpath: id("List1")/div[@class="draggable"]/div[@class="broadcast-component"]/div[2]/span[@class="fa-stack"]/i[@class="fa fa-times fa-stack-2x"]' not found
	at com.kms.katalon.core.webui.common.WebUiCommonHelper.findWebElement(WebUiCommonHelper.java:1097)
	at com.kms.katalon.core.webui.keyword.internal.WebUIAbstractKeyword.findWebElement(WebUIAbstractKeyword.groovy:27)
	at com.kms.katalon.core.webui.keyword.internal.WebUIAbstractKeyword.findWebElement(WebUIAbstractKeyword.groovy:26)
	at com.kms.katalon.core.webui.keyword.builtin.ClickKeyword$_click_closure1.doCall(ClickKeyword.groovy:77)
	at com.kms.katalon.core.webui.keyword.builtin.ClickKeyword$_click_closure1.call(ClickKeyword.groovy)
	at com.kms.katalon.core.webui.keyword.internal.WebUIKeywordMain.runKeyword(WebUIKeywordMain.groovy:20)
	at com.kms.katalon.core.webui.keyword.builtin.ClickKeyword.click(ClickKeyword.groovy:86)
	at com.kms.katalon.core.webui.keyword.builtin.ClickKeyword.execute(ClickKeyword.groovy:67)
	at com.kms.katalon.core.keyword.internal.KeywordExecutor.executeKeywordForPlatform(KeywordExecutor.groovy:56)
	at com.kms.katalon.core.webui.keyword.WebUiBuiltInKeywords.click(WebUiBuiltInKeywords.groovy:616)
	at com.kms.katalon.core.webui.keyword.WebUiBuiltInKeywords$click$2.call(Unknown Source)
	at Script1537087592193.run(Script1537087592193.groovy:27)
	... 13 more]]></system-err>
      </testcase>
      <testcase name="Test Cases/Template testcases/TC0822" classname="Test Cases/Template testcases/TC0822" status="FAILED">
         <failure type="FAILED" message="Test Cases/Template testcases/TC0822 FAILED.
Reason:
com.kms.katalon.core.exception.StepFailedException: Unable to click on object 'Object Repository/Page_KiboPush  Create Broadcast Tem/i_fa fa-times fa-stack-2x'
	at com.kms.katalon.core.webui.keyword.internal.WebUIKeywordMain.stepFailed(WebUIKeywordMain.groovy:64)
	at com.kms.katalon.core.webui.keyword.internal.WebUIKeywordMain.runKeyword(WebUIKeywordMain.groovy:26)
	at com.kms.katalon.core.webui.keyword.builtin.ClickKeyword.click(ClickKeyword.groovy:86)
	at com.kms.katalon.core.webui.keyword.builtin.ClickKeyword.execute(ClickKeyword.groovy:67)
	at com.kms.katalon.core.keyword.internal.KeywordExecutor.executeKeywordForPlatform(KeywordExecutor.groovy:56)
	at com.kms.katalon.core.webui.keyword.WebUiBuiltInKeywords.click(WebUiBuiltInKeywords.groovy:616)
	at com.kms.katalon.core.webui.keyword.WebUiBuiltInKeywords$click$2.call(Unknown Source)
	at TC0822.run(TC0822:27)
	at com.kms.katalon.core.main.ScriptEngine.run(ScriptEngine.java:194)
	at com.kms.katalon.core.main.ScriptEngine.runScriptAsRawText(ScriptEngine.java:119)
	at com.kms.katalon.core.main.TestCaseExecutor.runScript(TestCaseExecutor.java:336)
	at com.kms.katalon.core.main.TestCaseExecutor.doExecute(TestCaseExecutor.java:327)
	at com.kms.katalon.core.main.TestCaseExecutor.processExecutionPhase(TestCaseExecutor.java:306)
	at com.kms.katalon.core.main.TestCaseExecutor.accessMainPhase(TestCaseExecutor.java:298)
	at com.kms.katalon.core.main.TestCaseExecutor.execute(TestCaseExecutor.java:232)
	at com.kms.katalon.core.main.TestSuiteExecutor.accessTestCaseMainPhase(TestSuiteExecutor.java:129)
	at com.kms.katalon.core.main.TestSuiteExecutor.accessTestSuiteMainPhase(TestSuiteExecutor.java:112)
	at com.kms.katalon.core.main.TestSuiteExecutor.execute(TestSuiteExecutor.java:81)
	at com.kms.katalon.core.main.TestCaseMain.startTestSuite(TestCaseMain.java:157)
	at com.kms.katalon.core.main.TestCaseMain$startTestSuite$0.call(Unknown Source)
	at TempTestSuite1555795243480.run(TempTestSuite1555795243480.groovy:35)
Caused by: com.kms.katalon.core.webui.exception.WebElementNotFoundException: Web element with id: 'Object Repository/Page_KiboPush  Create Broadcast Tem/i_fa fa-times fa-stack-2x' located by 'By.xpath: id(&quot;List1&quot;)/div[@class=&quot;draggable&quot;]/div[@class=&quot;broadcast-component&quot;]/div[2]/span[@class=&quot;fa-stack&quot;]/i[@class=&quot;fa fa-times fa-stack-2x&quot;]' not found
	at com.kms.katalon.core.webui.common.WebUiCommonHelper.findWebElement(WebUiCommonHelper.java:1097)
	at com.kms.katalon.core.webui.keyword.internal.WebUIAbstractKeyword.findWebElement(WebUIAbstractKeyword.groovy:27)
	at com.kms.katalon.core.webui.keyword.internal.WebUIAbstractKeyword.findWebElement(WebUIAbstractKeyword.groovy:26)
	at com.kms.katalon.core.webui.keyword.builtin.ClickKeyword$_click_closure1.doCall(ClickKeyword.groovy:77)
	at com.kms.katalon.core.webui.keyword.builtin.ClickKeyword$_click_closure1.call(ClickKeyword.groovy)
	at com.kms.katalon.core.webui.keyword.internal.WebUIKeywordMain.runKeyword(WebUIKeywordMain.groovy:20)
	at com.kms.katalon.core.webui.keyword.builtin.ClickKeyword.click(ClickKeyword.groovy:86)
	at com.kms.katalon.core.webui.keyword.builtin.ClickKeyword.execute(ClickKeyword.groovy:67)
	at com.kms.katalon.core.keyword.internal.KeywordExecutor.executeKeywordForPlatform(KeywordExecutor.groovy:56)
	at com.kms.katalon.core.webui.keyword.WebUiBuiltInKeywords.click(WebUiBuiltInKeywords.groovy:616)
	at com.kms.katalon.core.webui.keyword.WebUiBuiltInKeywords$click$2.call(Unknown Source)
	at Script1537087899804.run(Script1537087899804.groovy:27)
	... 13 more
"/>
         <system-out><![CDATA[2019-04-21 02:46:18 - [TEST_CASE][FAILED] - Test Cases/Template testcases/TC0822: Test Cases/Template testcases/TC0822 FAILED.
Reason:
com.kms.katalon.core.exception.StepFailedException: Unable to click on object 'Object Repository/Page_KiboPush  Create Broadcast Tem/i_fa fa-times fa-stack-2x'
	at com.kms.katalon.core.webui.keyword.internal.WebUIKeywordMain.stepFailed(WebUIKeywordMain.groovy:64)
	at com.kms.katalon.core.webui.keyword.internal.WebUIKeywordMain.runKeyword(WebUIKeywordMain.groovy:26)
	at com.kms.katalon.core.webui.keyword.builtin.ClickKeyword.click(ClickKeyword.groovy:86)
	at com.kms.katalon.core.webui.keyword.builtin.ClickKeyword.execute(ClickKeyword.groovy:67)
	at com.kms.katalon.core.keyword.internal.KeywordExecutor.executeKeywordForPlatform(KeywordExecutor.groovy:56)
	at com.kms.katalon.core.webui.keyword.WebUiBuiltInKeywords.click(WebUiBuiltInKeywords.groovy:616)
	at com.kms.katalon.core.webui.keyword.WebUiBuiltInKeywords$click$2.call(Unknown Source)
	at TC0822.run(TC0822:27)
	at com.kms.katalon.core.main.ScriptEngine.run(ScriptEngine.java:194)
	at com.kms.katalon.core.main.ScriptEngine.runScriptAsRawText(ScriptEngine.java:119)
	at com.kms.katalon.core.main.TestCaseExecutor.runScript(TestCaseExecutor.java:336)
	at com.kms.katalon.core.main.TestCaseExecutor.doExecute(TestCaseExecutor.java:327)
	at com.kms.katalon.core.main.TestCaseExecutor.processExecutionPhase(TestCaseExecutor.java:306)
	at com.kms.katalon.core.main.TestCaseExecutor.accessMainPhase(TestCaseExecutor.java:298)
	at com.kms.katalon.core.main.TestCaseExecutor.execute(TestCaseExecutor.java:232)
	at com.kms.katalon.core.main.TestSuiteExecutor.accessTestCaseMainPhase(TestSuiteExecutor.java:129)
	at com.kms.katalon.core.main.TestSuiteExecutor.accessTestSuiteMainPhase(TestSuiteExecutor.java:112)
	at com.kms.katalon.core.main.TestSuiteExecutor.execute(TestSuiteExecutor.java:81)
	at com.kms.katalon.core.main.TestCaseMain.startTestSuite(TestCaseMain.java:157)
	at com.kms.katalon.core.main.TestCaseMain$startTestSuite$0.call(Unknown Source)
	at TempTestSuite1555795243480.run(TempTestSuite1555795243480.groovy:35)
Caused by: com.kms.katalon.core.webui.exception.WebElementNotFoundException: Web element with id: 'Object Repository/Page_KiboPush  Create Broadcast Tem/i_fa fa-times fa-stack-2x' located by 'By.xpath: id("List1")/div[@class="draggable"]/div[@class="broadcast-component"]/div[2]/span[@class="fa-stack"]/i[@class="fa fa-times fa-stack-2x"]' not found
	at com.kms.katalon.core.webui.common.WebUiCommonHelper.findWebElement(WebUiCommonHelper.java:1097)
	at com.kms.katalon.core.webui.keyword.internal.WebUIAbstractKeyword.findWebElement(WebUIAbstractKeyword.groovy:27)
	at com.kms.katalon.core.webui.keyword.internal.WebUIAbstractKeyword.findWebElement(WebUIAbstractKeyword.groovy:26)
	at com.kms.katalon.core.webui.keyword.builtin.ClickKeyword$_click_closure1.doCall(ClickKeyword.groovy:77)
	at com.kms.katalon.core.webui.keyword.builtin.ClickKeyword$_click_closure1.call(ClickKeyword.groovy)
	at com.kms.katalon.core.webui.keyword.internal.WebUIKeywordMain.runKeyword(WebUIKeywordMain.groovy:20)
	at com.kms.katalon.core.webui.keyword.builtin.ClickKeyword.click(ClickKeyword.groovy:86)
	at com.kms.katalon.core.webui.keyword.builtin.ClickKeyword.execute(ClickKeyword.groovy:67)
	at com.kms.katalon.core.keyword.internal.KeywordExecutor.executeKeywordForPlatform(KeywordExecutor.groovy:56)
	at com.kms.katalon.core.webui.keyword.WebUiBuiltInKeywords.click(WebUiBuiltInKeywords.groovy:616)
	at com.kms.katalon.core.webui.keyword.WebUiBuiltInKeywords$click$2.call(Unknown Source)
	at Script1537087899804.run(Script1537087899804.groovy:27)
	... 13 more


2019-04-21 02:46:18 - [TEST_STEP][PASSED] - callTestCase(findTestCase("Template testcases/TC0779"), [:], STOP_ON_FAILURE): Call Test Case 'Test Cases/Template testcases/TC0779' successfully

2019-04-21 02:46:18 - [TEST_CASE][PASSED] - Test Cases/Template testcases/TC0779: Test Cases/Template testcases/TC0779

2019-04-21 02:46:18 - [TEST_STEP][PASSED] - callTestCase(findTestCase("Template testcases/TC0768"), [:], STOP_ON_FAILURE): Call Test Case 'Test Cases/Template testcases/TC0768' successfully

2019-04-21 02:46:18 - [TEST_CASE][PASSED] - Test Cases/Template testcases/TC0768: Test Cases/Template testcases/TC0768

2019-04-21 02:46:18 - [TEST_STEP][PASSED] - callTestCase(findTestCase("s-sidebar_navigation/individualAccount/Template"), [:], STOP_ON_FAILURE): Call Test Case 'Test Cases/s-sidebar_navigation/individualAccount/Template' successfully

2019-04-21 02:46:18 - [TEST_CASE][PASSED] - Test Cases/s-sidebar_navigation/individualAccount/Template: Test Cases/s-sidebar_navigation/individualAccount/Template

2019-04-21 02:46:18 - [TEST_STEP][PASSED] - click(findTestObject("Page_KiboPush  Dashboard/span_Broadcasts")): Object: 'Object Repository/Page_KiboPush  Dashboard/span_Broadcasts' is clicked on

2019-04-21 02:46:19 - [MESSAGE][PASSED] - Object: 'Object Repository/Page_KiboPush  Dashboard/span_Broadcasts' is clicked on

2019-04-21 02:46:19 - [TEST_STEP][PASSED] - delay(1): Delayed 1 second(s)

2019-04-21 02:46:20 - [MESSAGE][PASSED] - Delayed 1 second(s)

2019-04-21 02:46:20 - [TEST_STEP][PASSED] - click(findTestObject("Page_KiboPush  Dashboard/span_Templates")): Object: 'Object Repository/Page_KiboPush  Dashboard/span_Templates' is clicked on

2019-04-21 02:46:20 - [MESSAGE][PASSED] - Object: 'Object Repository/Page_KiboPush  Dashboard/span_Templates' is clicked on

2019-04-21 02:46:20 - [TEST_STEP][PASSED] - delay(3): Delayed 3 second(s)

2019-04-21 02:46:23 - [MESSAGE][PASSED] - Delayed 3 second(s)

2019-04-21 02:46:23 - [TEST_STEP][PASSED] - scrollToPosition(0, 0): Browser is scrolled to position x = 0, y = 0

2019-04-21 02:46:23 - [MESSAGE][PASSED] - Browser is scrolled to position x = 0, y = 0

2019-04-21 02:46:23 - [TEST_STEP][PASSED] - click(findTestObject("Object Repository/Page_KiboEngage  Templates/h3_Templates")): Object: 'Object Repository/Page_KiboEngage  Templates/h3_Templates' is clicked on

2019-04-21 02:46:23 - [MESSAGE][PASSED] - Object: 'Object Repository/Page_KiboEngage  Templates/h3_Templates' is clicked on

2019-04-21 02:46:23 - [TEST_STEP][PASSED] - delay(3): Delayed 3 second(s)

2019-04-21 02:46:26 - [MESSAGE][PASSED] - Delayed 3 second(s)

2019-04-21 02:46:26 - [MESSAGE][PASSED] - Call Test Case 'Test Cases/s-sidebar_navigation/individualAccount/Template' successfully

2019-04-21 02:46:26 - [TEST_STEP][PASSED] - click(findTestObject("Object Repository/Page_KiboPush  Dashboard/button_Create New")): Object: 'Object Repository/Page_KiboPush  Dashboard/button_Create New' is clicked on

2019-04-21 02:46:26 - [MESSAGE][PASSED] - Object: 'Object Repository/Page_KiboPush  Dashboard/button_Create New' is clicked on

2019-04-21 02:46:26 - [TEST_STEP][PASSED] - click(findTestObject("Object Repository/Page_KiboPush  Create Broadcast Tem/h3_Create Broadcast Template")): Object: 'Object Repository/Page_KiboPush  Create Broadcast Tem/h3_Create Broadcast Template' is clicked on

2019-04-21 02:46:26 - [MESSAGE][PASSED] - Object: 'Object Repository/Page_KiboPush  Create Broadcast Tem/h3_Create Broadcast Template' is clicked on

2019-04-21 02:46:26 - [MESSAGE][PASSED] - Call Test Case 'Test Cases/Template testcases/TC0768' successfully

2019-04-21 02:46:26 - [TEST_STEP][PASSED] - click(findTestObject("Page_KiboPush  Create Broadcast Tem/h6_Card (1)")): Object: 'Object Repository/Page_KiboPush  Create Broadcast Tem/h6_Card (1)' is clicked on

2019-04-21 02:46:27 - [MESSAGE][PASSED] - Object: 'Object Repository/Page_KiboPush  Create Broadcast Tem/h6_Card (1)' is clicked on

2019-04-21 02:46:27 - [TEST_STEP][PASSED] - click(findTestObject("Object Repository/Page_KiboEngage  Create Broadcast Template/div_New card component added")): Object: 'Object Repository/Page_KiboEngage  Create Broadcast Template/div_New card component added' is clicked on

2019-04-21 02:46:27 - [MESSAGE][PASSED] - Object: 'Object Repository/Page_KiboEngage  Create Broadcast Template/div_New card component added' is clicked on

2019-04-21 02:46:27 - [MESSAGE][PASSED] - Call Test Case 'Test Cases/Template testcases/TC0779' successfully

2019-04-21 02:46:27 - [TEST_STEP][FAILED] - click(findTestObject("Page_KiboPush  Create Broadcast Tem/i_fa fa-times fa-stack-2x")): Unable to click on object 'Object Repository/Page_KiboPush  Create Broadcast Tem/i_fa fa-times fa-stack-2x' (Root cause: com.kms.katalon.core.exception.StepFailedException: Unable to click on object 'Object Repository/Page_KiboPush  Create Broadcast Tem/i_fa fa-times fa-stack-2x'
	at com.kms.katalon.core.webui.keyword.internal.WebUIKeywordMain.stepFailed(WebUIKeywordMain.groovy:64)
	at com.kms.katalon.core.webui.keyword.internal.WebUIKeywordMain.runKeyword(WebUIKeywordMain.groovy:26)
	at com.kms.katalon.core.webui.keyword.builtin.ClickKeyword.click(ClickKeyword.groovy:86)
	at com.kms.katalon.core.webui.keyword.builtin.ClickKeyword.execute(ClickKeyword.groovy:67)
	at com.kms.katalon.core.keyword.internal.KeywordExecutor.executeKeywordForPlatform(KeywordExecutor.groovy:56)
	at com.kms.katalon.core.webui.keyword.WebUiBuiltInKeywords.click(WebUiBuiltInKeywords.groovy:616)
	at com.kms.katalon.core.webui.keyword.WebUiBuiltInKeywords$click$2.call(Unknown Source)
	at TC0822.run(TC0822:27)
	at com.kms.katalon.core.main.ScriptEngine.run(ScriptEngine.java:194)
	at com.kms.katalon.core.main.ScriptEngine.runScriptAsRawText(ScriptEngine.java:119)
	at com.kms.katalon.core.main.TestCaseExecutor.runScript(TestCaseExecutor.java:336)
	at com.kms.katalon.core.main.TestCaseExecutor.doExecute(TestCaseExecutor.java:327)
	at com.kms.katalon.core.main.TestCaseExecutor.processExecutionPhase(TestCaseExecutor.java:306)
	at com.kms.katalon.core.main.TestCaseExecutor.accessMainPhase(TestCaseExecutor.java:298)
	at com.kms.katalon.core.main.TestCaseExecutor.execute(TestCaseExecutor.java:232)
	at com.kms.katalon.core.main.TestSuiteExecutor.accessTestCaseMainPhase(TestSuiteExecutor.java:129)
	at com.kms.katalon.core.main.TestSuiteExecutor.accessTestSuiteMainPhase(TestSuiteExecutor.java:112)
	at com.kms.katalon.core.main.TestSuiteExecutor.execute(TestSuiteExecutor.java:81)
	at com.kms.katalon.core.main.TestCaseMain.startTestSuite(TestCaseMain.java:157)
	at com.kms.katalon.core.main.TestCaseMain$startTestSuite$0.call(Unknown Source)
	at TempTestSuite1555795243480.run(TempTestSuite1555795243480.groovy:35)
Caused by: com.kms.katalon.core.webui.exception.WebElementNotFoundException: Web element with id: 'Object Repository/Page_KiboPush  Create Broadcast Tem/i_fa fa-times fa-stack-2x' located by 'By.xpath: id("List1")/div[@class="draggable"]/div[@class="broadcast-component"]/div[2]/span[@class="fa-stack"]/i[@class="fa fa-times fa-stack-2x"]' not found
	at com.kms.katalon.core.webui.common.WebUiCommonHelper.findWebElement(WebUiCommonHelper.java:1097)
	at com.kms.katalon.core.webui.keyword.internal.WebUIAbstractKeyword.findWebElement(WebUIAbstractKeyword.groovy:27)
	at com.kms.katalon.core.webui.keyword.internal.WebUIAbstractKeyword.findWebElement(WebUIAbstractKeyword.groovy:26)
	at com.kms.katalon.core.webui.keyword.builtin.ClickKeyword$_click_closure1.doCall(ClickKeyword.groovy:77)
	at com.kms.katalon.core.webui.keyword.builtin.ClickKeyword$_click_closure1.call(ClickKeyword.groovy)
	at com.kms.katalon.core.webui.keyword.internal.WebUIKeywordMain.runKeyword(WebUIKeywordMain.groovy:20)
	at com.kms.katalon.core.webui.keyword.builtin.ClickKeyword.click(ClickKeyword.groovy:86)
	at com.kms.katalon.core.webui.keyword.builtin.ClickKeyword.execute(ClickKeyword.groovy:67)
	at com.kms.katalon.core.keyword.internal.KeywordExecutor.executeKeywordForPlatform(KeywordExecutor.groovy:56)
	at com.kms.katalon.core.webui.keyword.WebUiBuiltInKeywords.click(WebUiBuiltInKeywords.groovy:616)
	at com.kms.katalon.core.webui.keyword.WebUiBuiltInKeywords$click$2.call(Unknown Source)
	at Script1537087899804.run(Script1537087899804.groovy:27)
	... 13 more
)

2019-04-21 02:46:58 - [MESSAGE][INFO] - Unable to find the element located by 'By.xpath: id("List1")/div[@class="draggable"]/div[@class="broadcast-component"]/div[2]/span[@class="fa-stack"]/i[@class="fa fa-times fa-stack-2x"]'. Please recheck the objects properties to make sure the desired element is located. 

2019-04-21 02:46:58 - [MESSAGE][FAILED] - Unable to click on object 'Object Repository/Page_KiboPush  Create Broadcast Tem/i_fa fa-times fa-stack-2x' (Root cause: com.kms.katalon.core.exception.StepFailedException: Unable to click on object 'Object Repository/Page_KiboPush  Create Broadcast Tem/i_fa fa-times fa-stack-2x'
	at com.kms.katalon.core.webui.keyword.internal.WebUIKeywordMain.stepFailed(WebUIKeywordMain.groovy:64)
	at com.kms.katalon.core.webui.keyword.internal.WebUIKeywordMain.runKeyword(WebUIKeywordMain.groovy:26)
	at com.kms.katalon.core.webui.keyword.builtin.ClickKeyword.click(ClickKeyword.groovy:86)
	at com.kms.katalon.core.webui.keyword.builtin.ClickKeyword.execute(ClickKeyword.groovy:67)
	at com.kms.katalon.core.keyword.internal.KeywordExecutor.executeKeywordForPlatform(KeywordExecutor.groovy:56)
	at com.kms.katalon.core.webui.keyword.WebUiBuiltInKeywords.click(WebUiBuiltInKeywords.groovy:616)
	at com.kms.katalon.core.webui.keyword.WebUiBuiltInKeywords$click$2.call(Unknown Source)
	at TC0822.run(TC0822:27)
	at com.kms.katalon.core.main.ScriptEngine.run(ScriptEngine.java:194)
	at com.kms.katalon.core.main.ScriptEngine.runScriptAsRawText(ScriptEngine.java:119)
	at com.kms.katalon.core.main.TestCaseExecutor.runScript(TestCaseExecutor.java:336)
	at com.kms.katalon.core.main.TestCaseExecutor.doExecute(TestCaseExecutor.java:327)
	at com.kms.katalon.core.main.TestCaseExecutor.processExecutionPhase(TestCaseExecutor.java:306)
	at com.kms.katalon.core.main.TestCaseExecutor.accessMainPhase(TestCaseExecutor.java:298)
	at com.kms.katalon.core.main.TestCaseExecutor.execute(TestCaseExecutor.java:232)
	at com.kms.katalon.core.main.TestSuiteExecutor.accessTestCaseMainPhase(TestSuiteExecutor.java:129)
	at com.kms.katalon.core.main.TestSuiteExecutor.accessTestSuiteMainPhase(TestSuiteExecutor.java:112)
	at com.kms.katalon.core.main.TestSuiteExecutor.execute(TestSuiteExecutor.java:81)
	at com.kms.katalon.core.main.TestCaseMain.startTestSuite(TestCaseMain.java:157)
	at com.kms.katalon.core.main.TestCaseMain$startTestSuite$0.call(Unknown Source)
	at TempTestSuite1555795243480.run(TempTestSuite1555795243480.groovy:35)
Caused by: com.kms.katalon.core.webui.exception.WebElementNotFoundException: Web element with id: 'Object Repository/Page_KiboPush  Create Broadcast Tem/i_fa fa-times fa-stack-2x' located by 'By.xpath: id("List1")/div[@class="draggable"]/div[@class="broadcast-component"]/div[2]/span[@class="fa-stack"]/i[@class="fa fa-times fa-stack-2x"]' not found
	at com.kms.katalon.core.webui.common.WebUiCommonHelper.findWebElement(WebUiCommonHelper.java:1097)
	at com.kms.katalon.core.webui.keyword.internal.WebUIAbstractKeyword.findWebElement(WebUIAbstractKeyword.groovy:27)
	at com.kms.katalon.core.webui.keyword.internal.WebUIAbstractKeyword.findWebElement(WebUIAbstractKeyword.groovy:26)
	at com.kms.katalon.core.webui.keyword.builtin.ClickKeyword$_click_closure1.doCall(ClickKeyword.groovy:77)
	at com.kms.katalon.core.webui.keyword.builtin.ClickKeyword$_click_closure1.call(ClickKeyword.groovy)
	at com.kms.katalon.core.webui.keyword.internal.WebUIKeywordMain.runKeyword(WebUIKeywordMain.groovy:20)
	at com.kms.katalon.core.webui.keyword.builtin.ClickKeyword.click(ClickKeyword.groovy:86)
	at com.kms.katalon.core.webui.keyword.builtin.ClickKeyword.execute(ClickKeyword.groovy:67)
	at com.kms.katalon.core.keyword.internal.KeywordExecutor.executeKeywordForPlatform(KeywordExecutor.groovy:56)
	at com.kms.katalon.core.webui.keyword.WebUiBuiltInKeywords.click(WebUiBuiltInKeywords.groovy:616)
	at com.kms.katalon.core.webui.keyword.WebUiBuiltInKeywords$click$2.call(Unknown Source)
	at Script1537087899804.run(Script1537087899804.groovy:27)
	... 13 more
)
[[ATTACHMENT|/home/faizan/Drive/KiboPush_Automated_Testing/KiboPush Katalon/Reports/Faizan Suits/Template/20190421_022043/1555796818183.png]]]]></system-out>
         <system-err><![CDATA[2019-04-21 02:46:18 - [TEST_CASE][FAILED] - Test Cases/Template testcases/TC0822: Test Cases/Template testcases/TC0822 FAILED.
Reason:
com.kms.katalon.core.exception.StepFailedException: Unable to click on object 'Object Repository/Page_KiboPush  Create Broadcast Tem/i_fa fa-times fa-stack-2x'
	at com.kms.katalon.core.webui.keyword.internal.WebUIKeywordMain.stepFailed(WebUIKeywordMain.groovy:64)
	at com.kms.katalon.core.webui.keyword.internal.WebUIKeywordMain.runKeyword(WebUIKeywordMain.groovy:26)
	at com.kms.katalon.core.webui.keyword.builtin.ClickKeyword.click(ClickKeyword.groovy:86)
	at com.kms.katalon.core.webui.keyword.builtin.ClickKeyword.execute(ClickKeyword.groovy:67)
	at com.kms.katalon.core.keyword.internal.KeywordExecutor.executeKeywordForPlatform(KeywordExecutor.groovy:56)
	at com.kms.katalon.core.webui.keyword.WebUiBuiltInKeywords.click(WebUiBuiltInKeywords.groovy:616)
	at com.kms.katalon.core.webui.keyword.WebUiBuiltInKeywords$click$2.call(Unknown Source)
	at TC0822.run(TC0822:27)
	at com.kms.katalon.core.main.ScriptEngine.run(ScriptEngine.java:194)
	at com.kms.katalon.core.main.ScriptEngine.runScriptAsRawText(ScriptEngine.java:119)
	at com.kms.katalon.core.main.TestCaseExecutor.runScript(TestCaseExecutor.java:336)
	at com.kms.katalon.core.main.TestCaseExecutor.doExecute(TestCaseExecutor.java:327)
	at com.kms.katalon.core.main.TestCaseExecutor.processExecutionPhase(TestCaseExecutor.java:306)
	at com.kms.katalon.core.main.TestCaseExecutor.accessMainPhase(TestCaseExecutor.java:298)
	at com.kms.katalon.core.main.TestCaseExecutor.execute(TestCaseExecutor.java:232)
	at com.kms.katalon.core.main.TestSuiteExecutor.accessTestCaseMainPhase(TestSuiteExecutor.java:129)
	at com.kms.katalon.core.main.TestSuiteExecutor.accessTestSuiteMainPhase(TestSuiteExecutor.java:112)
	at com.kms.katalon.core.main.TestSuiteExecutor.execute(TestSuiteExecutor.java:81)
	at com.kms.katalon.core.main.TestCaseMain.startTestSuite(TestCaseMain.java:157)
	at com.kms.katalon.core.main.TestCaseMain$startTestSuite$0.call(Unknown Source)
	at TempTestSuite1555795243480.run(TempTestSuite1555795243480.groovy:35)
Caused by: com.kms.katalon.core.webui.exception.WebElementNotFoundException: Web element with id: 'Object Repository/Page_KiboPush  Create Broadcast Tem/i_fa fa-times fa-stack-2x' located by 'By.xpath: id("List1")/div[@class="draggable"]/div[@class="broadcast-component"]/div[2]/span[@class="fa-stack"]/i[@class="fa fa-times fa-stack-2x"]' not found
	at com.kms.katalon.core.webui.common.WebUiCommonHelper.findWebElement(WebUiCommonHelper.java:1097)
	at com.kms.katalon.core.webui.keyword.internal.WebUIAbstractKeyword.findWebElement(WebUIAbstractKeyword.groovy:27)
	at com.kms.katalon.core.webui.keyword.internal.WebUIAbstractKeyword.findWebElement(WebUIAbstractKeyword.groovy:26)
	at com.kms.katalon.core.webui.keyword.builtin.ClickKeyword$_click_closure1.doCall(ClickKeyword.groovy:77)
	at com.kms.katalon.core.webui.keyword.builtin.ClickKeyword$_click_closure1.call(ClickKeyword.groovy)
	at com.kms.katalon.core.webui.keyword.internal.WebUIKeywordMain.runKeyword(WebUIKeywordMain.groovy:20)
	at com.kms.katalon.core.webui.keyword.builtin.ClickKeyword.click(ClickKeyword.groovy:86)
	at com.kms.katalon.core.webui.keyword.builtin.ClickKeyword.execute(ClickKeyword.groovy:67)
	at com.kms.katalon.core.keyword.internal.KeywordExecutor.executeKeywordForPlatform(KeywordExecutor.groovy:56)
	at com.kms.katalon.core.webui.keyword.WebUiBuiltInKeywords.click(WebUiBuiltInKeywords.groovy:616)
	at com.kms.katalon.core.webui.keyword.WebUiBuiltInKeywords$click$2.call(Unknown Source)
	at Script1537087899804.run(Script1537087899804.groovy:27)
	... 13 more]]></system-err>
      </testcase>
      <testcase name="Test Cases/Template testcases/TC0823" classname="Test Cases/Template testcases/TC0823" status="FAILED">
         <failure type="FAILED" message="Test Cases/Template testcases/TC0823 FAILED.
Reason:
com.kms.katalon.core.exception.StepFailedException: Unable to click on object 'Object Repository/Page_KiboPush  Create Broadcast Tem/i_fa fa-times fa-stack-2x (2)'
	at com.kms.katalon.core.webui.keyword.internal.WebUIKeywordMain.stepFailed(WebUIKeywordMain.groovy:64)
	at com.kms.katalon.core.webui.keyword.internal.WebUIKeywordMain.runKeyword(WebUIKeywordMain.groovy:26)
	at com.kms.katalon.core.webui.keyword.builtin.ClickKeyword.click(ClickKeyword.groovy:86)
	at com.kms.katalon.core.webui.keyword.builtin.ClickKeyword.execute(ClickKeyword.groovy:67)
	at com.kms.katalon.core.keyword.internal.KeywordExecutor.executeKeywordForPlatform(KeywordExecutor.groovy:56)
	at com.kms.katalon.core.webui.keyword.WebUiBuiltInKeywords.click(WebUiBuiltInKeywords.groovy:616)
	at com.kms.katalon.core.webui.keyword.WebUiBuiltInKeywords$click$2.call(Unknown Source)
	at TC0823.run(TC0823:28)
	at com.kms.katalon.core.main.ScriptEngine.run(ScriptEngine.java:194)
	at com.kms.katalon.core.main.ScriptEngine.runScriptAsRawText(ScriptEngine.java:119)
	at com.kms.katalon.core.main.TestCaseExecutor.runScript(TestCaseExecutor.java:336)
	at com.kms.katalon.core.main.TestCaseExecutor.doExecute(TestCaseExecutor.java:327)
	at com.kms.katalon.core.main.TestCaseExecutor.processExecutionPhase(TestCaseExecutor.java:306)
	at com.kms.katalon.core.main.TestCaseExecutor.accessMainPhase(TestCaseExecutor.java:298)
	at com.kms.katalon.core.main.TestCaseExecutor.execute(TestCaseExecutor.java:232)
	at com.kms.katalon.core.main.TestSuiteExecutor.accessTestCaseMainPhase(TestSuiteExecutor.java:129)
	at com.kms.katalon.core.main.TestSuiteExecutor.accessTestSuiteMainPhase(TestSuiteExecutor.java:112)
	at com.kms.katalon.core.main.TestSuiteExecutor.execute(TestSuiteExecutor.java:81)
	at com.kms.katalon.core.main.TestCaseMain.startTestSuite(TestCaseMain.java:157)
	at com.kms.katalon.core.main.TestCaseMain$startTestSuite$0.call(Unknown Source)
	at TempTestSuite1555795243480.run(TempTestSuite1555795243480.groovy:35)
Caused by: com.kms.katalon.core.webui.exception.WebElementNotFoundException: Web element with id: 'Object Repository/Page_KiboPush  Create Broadcast Tem/i_fa fa-times fa-stack-2x (2)' located by 'By.xpath: id(&quot;List1&quot;)/div[@class=&quot;draggable&quot;]/div[@class=&quot;broadcast-component&quot;]/div[2]/div[1]/span[@class=&quot;fa-stack&quot;]/i[@class=&quot;fa fa-times fa-stack-2x&quot;]' not found
	at com.kms.katalon.core.webui.common.WebUiCommonHelper.findWebElement(WebUiCommonHelper.java:1097)
	at com.kms.katalon.core.webui.keyword.internal.WebUIAbstractKeyword.findWebElement(WebUIAbstractKeyword.groovy:27)
	at com.kms.katalon.core.webui.keyword.internal.WebUIAbstractKeyword.findWebElement(WebUIAbstractKeyword.groovy:26)
	at com.kms.katalon.core.webui.keyword.builtin.ClickKeyword$_click_closure1.doCall(ClickKeyword.groovy:77)
	at com.kms.katalon.core.webui.keyword.builtin.ClickKeyword$_click_closure1.call(ClickKeyword.groovy)
	at com.kms.katalon.core.webui.keyword.internal.WebUIKeywordMain.runKeyword(WebUIKeywordMain.groovy:20)
	at com.kms.katalon.core.webui.keyword.builtin.ClickKeyword.click(ClickKeyword.groovy:86)
	at com.kms.katalon.core.webui.keyword.builtin.ClickKeyword.execute(ClickKeyword.groovy:67)
	at com.kms.katalon.core.keyword.internal.KeywordExecutor.executeKeywordForPlatform(KeywordExecutor.groovy:56)
	at com.kms.katalon.core.webui.keyword.WebUiBuiltInKeywords.click(WebUiBuiltInKeywords.groovy:616)
	at com.kms.katalon.core.webui.keyword.WebUiBuiltInKeywords$click$2.call(Unknown Source)
	at Script1537088122358.run(Script1537088122358.groovy:28)
	... 13 more
"/>
         <system-out><![CDATA[2019-04-21 02:46:58 - [TEST_CASE][FAILED] - Test Cases/Template testcases/TC0823: Test Cases/Template testcases/TC0823 FAILED.
Reason:
com.kms.katalon.core.exception.StepFailedException: Unable to click on object 'Object Repository/Page_KiboPush  Create Broadcast Tem/i_fa fa-times fa-stack-2x (2)'
	at com.kms.katalon.core.webui.keyword.internal.WebUIKeywordMain.stepFailed(WebUIKeywordMain.groovy:64)
	at com.kms.katalon.core.webui.keyword.internal.WebUIKeywordMain.runKeyword(WebUIKeywordMain.groovy:26)
	at com.kms.katalon.core.webui.keyword.builtin.ClickKeyword.click(ClickKeyword.groovy:86)
	at com.kms.katalon.core.webui.keyword.builtin.ClickKeyword.execute(ClickKeyword.groovy:67)
	at com.kms.katalon.core.keyword.internal.KeywordExecutor.executeKeywordForPlatform(KeywordExecutor.groovy:56)
	at com.kms.katalon.core.webui.keyword.WebUiBuiltInKeywords.click(WebUiBuiltInKeywords.groovy:616)
	at com.kms.katalon.core.webui.keyword.WebUiBuiltInKeywords$click$2.call(Unknown Source)
	at TC0823.run(TC0823:28)
	at com.kms.katalon.core.main.ScriptEngine.run(ScriptEngine.java:194)
	at com.kms.katalon.core.main.ScriptEngine.runScriptAsRawText(ScriptEngine.java:119)
	at com.kms.katalon.core.main.TestCaseExecutor.runScript(TestCaseExecutor.java:336)
	at com.kms.katalon.core.main.TestCaseExecutor.doExecute(TestCaseExecutor.java:327)
	at com.kms.katalon.core.main.TestCaseExecutor.processExecutionPhase(TestCaseExecutor.java:306)
	at com.kms.katalon.core.main.TestCaseExecutor.accessMainPhase(TestCaseExecutor.java:298)
	at com.kms.katalon.core.main.TestCaseExecutor.execute(TestCaseExecutor.java:232)
	at com.kms.katalon.core.main.TestSuiteExecutor.accessTestCaseMainPhase(TestSuiteExecutor.java:129)
	at com.kms.katalon.core.main.TestSuiteExecutor.accessTestSuiteMainPhase(TestSuiteExecutor.java:112)
	at com.kms.katalon.core.main.TestSuiteExecutor.execute(TestSuiteExecutor.java:81)
	at com.kms.katalon.core.main.TestCaseMain.startTestSuite(TestCaseMain.java:157)
	at com.kms.katalon.core.main.TestCaseMain$startTestSuite$0.call(Unknown Source)
	at TempTestSuite1555795243480.run(TempTestSuite1555795243480.groovy:35)
Caused by: com.kms.katalon.core.webui.exception.WebElementNotFoundException: Web element with id: 'Object Repository/Page_KiboPush  Create Broadcast Tem/i_fa fa-times fa-stack-2x (2)' located by 'By.xpath: id("List1")/div[@class="draggable"]/div[@class="broadcast-component"]/div[2]/div[1]/span[@class="fa-stack"]/i[@class="fa fa-times fa-stack-2x"]' not found
	at com.kms.katalon.core.webui.common.WebUiCommonHelper.findWebElement(WebUiCommonHelper.java:1097)
	at com.kms.katalon.core.webui.keyword.internal.WebUIAbstractKeyword.findWebElement(WebUIAbstractKeyword.groovy:27)
	at com.kms.katalon.core.webui.keyword.internal.WebUIAbstractKeyword.findWebElement(WebUIAbstractKeyword.groovy:26)
	at com.kms.katalon.core.webui.keyword.builtin.ClickKeyword$_click_closure1.doCall(ClickKeyword.groovy:77)
	at com.kms.katalon.core.webui.keyword.builtin.ClickKeyword$_click_closure1.call(ClickKeyword.groovy)
	at com.kms.katalon.core.webui.keyword.internal.WebUIKeywordMain.runKeyword(WebUIKeywordMain.groovy:20)
	at com.kms.katalon.core.webui.keyword.builtin.ClickKeyword.click(ClickKeyword.groovy:86)
	at com.kms.katalon.core.webui.keyword.builtin.ClickKeyword.execute(ClickKeyword.groovy:67)
	at com.kms.katalon.core.keyword.internal.KeywordExecutor.executeKeywordForPlatform(KeywordExecutor.groovy:56)
	at com.kms.katalon.core.webui.keyword.WebUiBuiltInKeywords.click(WebUiBuiltInKeywords.groovy:616)
	at com.kms.katalon.core.webui.keyword.WebUiBuiltInKeywords$click$2.call(Unknown Source)
	at Script1537088122358.run(Script1537088122358.groovy:28)
	... 13 more


2019-04-21 02:46:58 - [TEST_STEP][PASSED] - callTestCase(findTestCase("Template testcases/TC0788"), [:], STOP_ON_FAILURE): Call Test Case 'Test Cases/Template testcases/TC0788' successfully

2019-04-21 02:46:58 - [TEST_CASE][PASSED] - Test Cases/Template testcases/TC0788: Test Cases/Template testcases/TC0788

2019-04-21 02:46:58 - [TEST_STEP][PASSED] - callTestCase(findTestCase("Template testcases/TC0768"), [:], STOP_ON_FAILURE): Call Test Case 'Test Cases/Template testcases/TC0768' successfully

2019-04-21 02:46:58 - [TEST_CASE][PASSED] - Test Cases/Template testcases/TC0768: Test Cases/Template testcases/TC0768

2019-04-21 02:46:58 - [TEST_STEP][PASSED] - callTestCase(findTestCase("s-sidebar_navigation/individualAccount/Template"), [:], STOP_ON_FAILURE): Call Test Case 'Test Cases/s-sidebar_navigation/individualAccount/Template' successfully

2019-04-21 02:46:58 - [TEST_CASE][PASSED] - Test Cases/s-sidebar_navigation/individualAccount/Template: Test Cases/s-sidebar_navigation/individualAccount/Template

2019-04-21 02:46:58 - [TEST_STEP][PASSED] - click(findTestObject("Page_KiboPush  Dashboard/span_Broadcasts")): Object: 'Object Repository/Page_KiboPush  Dashboard/span_Broadcasts' is clicked on

2019-04-21 02:46:59 - [MESSAGE][PASSED] - Object: 'Object Repository/Page_KiboPush  Dashboard/span_Broadcasts' is clicked on

2019-04-21 02:46:59 - [TEST_STEP][PASSED] - delay(1): Delayed 1 second(s)

2019-04-21 02:47:00 - [MESSAGE][PASSED] - Delayed 1 second(s)

2019-04-21 02:47:00 - [TEST_STEP][PASSED] - click(findTestObject("Page_KiboPush  Dashboard/span_Templates")): Object: 'Object Repository/Page_KiboPush  Dashboard/span_Templates' is clicked on

2019-04-21 02:47:00 - [MESSAGE][PASSED] - Object: 'Object Repository/Page_KiboPush  Dashboard/span_Templates' is clicked on

2019-04-21 02:47:00 - [TEST_STEP][PASSED] - delay(3): Delayed 3 second(s)

2019-04-21 02:47:03 - [MESSAGE][PASSED] - Delayed 3 second(s)

2019-04-21 02:47:03 - [TEST_STEP][PASSED] - scrollToPosition(0, 0): Browser is scrolled to position x = 0, y = 0

2019-04-21 02:47:03 - [MESSAGE][PASSED] - Browser is scrolled to position x = 0, y = 0

2019-04-21 02:47:03 - [TEST_STEP][PASSED] - click(findTestObject("Object Repository/Page_KiboEngage  Templates/h3_Templates")): Object: 'Object Repository/Page_KiboEngage  Templates/h3_Templates' is clicked on

2019-04-21 02:47:03 - [MESSAGE][PASSED] - Object: 'Object Repository/Page_KiboEngage  Templates/h3_Templates' is clicked on

2019-04-21 02:47:03 - [TEST_STEP][PASSED] - delay(3): Delayed 3 second(s)

2019-04-21 02:47:06 - [MESSAGE][PASSED] - Delayed 3 second(s)

2019-04-21 02:47:06 - [MESSAGE][PASSED] - Call Test Case 'Test Cases/s-sidebar_navigation/individualAccount/Template' successfully

2019-04-21 02:47:06 - [TEST_STEP][PASSED] - click(findTestObject("Object Repository/Page_KiboPush  Dashboard/button_Create New")): Object: 'Object Repository/Page_KiboPush  Dashboard/button_Create New' is clicked on

2019-04-21 02:47:06 - [MESSAGE][PASSED] - Object: 'Object Repository/Page_KiboPush  Dashboard/button_Create New' is clicked on

2019-04-21 02:47:06 - [TEST_STEP][PASSED] - click(findTestObject("Object Repository/Page_KiboPush  Create Broadcast Tem/h3_Create Broadcast Template")): Object: 'Object Repository/Page_KiboPush  Create Broadcast Tem/h3_Create Broadcast Template' is clicked on

2019-04-21 02:47:06 - [MESSAGE][PASSED] - Object: 'Object Repository/Page_KiboPush  Create Broadcast Tem/h3_Create Broadcast Template' is clicked on

2019-04-21 02:47:06 - [MESSAGE][PASSED] - Call Test Case 'Test Cases/Template testcases/TC0768' successfully

2019-04-21 02:47:06 - [TEST_STEP][PASSED] - click(findTestObject("Page_KiboPush  Create Broadcast Tem/h6_Gallery (1)")): Object: 'Object Repository/Page_KiboPush  Create Broadcast Tem/h6_Gallery (1)' is clicked on

2019-04-21 02:47:07 - [MESSAGE][PASSED] - Object: 'Object Repository/Page_KiboPush  Create Broadcast Tem/h6_Gallery (1)' is clicked on

2019-04-21 02:47:07 - [TEST_STEP][PASSED] - click(findTestObject("Object Repository/Page_KiboEngage  Create Broadcast Template/div_New gallery component added")): Object: 'Object Repository/Page_KiboEngage  Create Broadcast Template/div_New gallery component added' is clicked on

2019-04-21 02:47:07 - [MESSAGE][PASSED] - Object: 'Object Repository/Page_KiboEngage  Create Broadcast Template/div_New gallery component added' is clicked on

2019-04-21 02:47:07 - [MESSAGE][PASSED] - Call Test Case 'Test Cases/Template testcases/TC0788' successfully

2019-04-21 02:47:07 - [TEST_STEP][FAILED] - click(findTestObject("Page_KiboPush  Create Broadcast Tem/i_fa fa-times fa-stack-2x (2)")): Unable to click on object 'Object Repository/Page_KiboPush  Create Broadcast Tem/i_fa fa-times fa-stack-2x (2)' (Root cause: com.kms.katalon.core.exception.StepFailedException: Unable to click on object 'Object Repository/Page_KiboPush  Create Broadcast Tem/i_fa fa-times fa-stack-2x (2)'
	at com.kms.katalon.core.webui.keyword.internal.WebUIKeywordMain.stepFailed(WebUIKeywordMain.groovy:64)
	at com.kms.katalon.core.webui.keyword.internal.WebUIKeywordMain.runKeyword(WebUIKeywordMain.groovy:26)
	at com.kms.katalon.core.webui.keyword.builtin.ClickKeyword.click(ClickKeyword.groovy:86)
	at com.kms.katalon.core.webui.keyword.builtin.ClickKeyword.execute(ClickKeyword.groovy:67)
	at com.kms.katalon.core.keyword.internal.KeywordExecutor.executeKeywordForPlatform(KeywordExecutor.groovy:56)
	at com.kms.katalon.core.webui.keyword.WebUiBuiltInKeywords.click(WebUiBuiltInKeywords.groovy:616)
	at com.kms.katalon.core.webui.keyword.WebUiBuiltInKeywords$click$2.call(Unknown Source)
	at TC0823.run(TC0823:28)
	at com.kms.katalon.core.main.ScriptEngine.run(ScriptEngine.java:194)
	at com.kms.katalon.core.main.ScriptEngine.runScriptAsRawText(ScriptEngine.java:119)
	at com.kms.katalon.core.main.TestCaseExecutor.runScript(TestCaseExecutor.java:336)
	at com.kms.katalon.core.main.TestCaseExecutor.doExecute(TestCaseExecutor.java:327)
	at com.kms.katalon.core.main.TestCaseExecutor.processExecutionPhase(TestCaseExecutor.java:306)
	at com.kms.katalon.core.main.TestCaseExecutor.accessMainPhase(TestCaseExecutor.java:298)
	at com.kms.katalon.core.main.TestCaseExecutor.execute(TestCaseExecutor.java:232)
	at com.kms.katalon.core.main.TestSuiteExecutor.accessTestCaseMainPhase(TestSuiteExecutor.java:129)
	at com.kms.katalon.core.main.TestSuiteExecutor.accessTestSuiteMainPhase(TestSuiteExecutor.java:112)
	at com.kms.katalon.core.main.TestSuiteExecutor.execute(TestSuiteExecutor.java:81)
	at com.kms.katalon.core.main.TestCaseMain.startTestSuite(TestCaseMain.java:157)
	at com.kms.katalon.core.main.TestCaseMain$startTestSuite$0.call(Unknown Source)
	at TempTestSuite1555795243480.run(TempTestSuite1555795243480.groovy:35)
Caused by: com.kms.katalon.core.webui.exception.WebElementNotFoundException: Web element with id: 'Object Repository/Page_KiboPush  Create Broadcast Tem/i_fa fa-times fa-stack-2x (2)' located by 'By.xpath: id("List1")/div[@class="draggable"]/div[@class="broadcast-component"]/div[2]/div[1]/span[@class="fa-stack"]/i[@class="fa fa-times fa-stack-2x"]' not found
	at com.kms.katalon.core.webui.common.WebUiCommonHelper.findWebElement(WebUiCommonHelper.java:1097)
	at com.kms.katalon.core.webui.keyword.internal.WebUIAbstractKeyword.findWebElement(WebUIAbstractKeyword.groovy:27)
	at com.kms.katalon.core.webui.keyword.internal.WebUIAbstractKeyword.findWebElement(WebUIAbstractKeyword.groovy:26)
	at com.kms.katalon.core.webui.keyword.builtin.ClickKeyword$_click_closure1.doCall(ClickKeyword.groovy:77)
	at com.kms.katalon.core.webui.keyword.builtin.ClickKeyword$_click_closure1.call(ClickKeyword.groovy)
	at com.kms.katalon.core.webui.keyword.internal.WebUIKeywordMain.runKeyword(WebUIKeywordMain.groovy:20)
	at com.kms.katalon.core.webui.keyword.builtin.ClickKeyword.click(ClickKeyword.groovy:86)
	at com.kms.katalon.core.webui.keyword.builtin.ClickKeyword.execute(ClickKeyword.groovy:67)
	at com.kms.katalon.core.keyword.internal.KeywordExecutor.executeKeywordForPlatform(KeywordExecutor.groovy:56)
	at com.kms.katalon.core.webui.keyword.WebUiBuiltInKeywords.click(WebUiBuiltInKeywords.groovy:616)
	at com.kms.katalon.core.webui.keyword.WebUiBuiltInKeywords$click$2.call(Unknown Source)
	at Script1537088122358.run(Script1537088122358.groovy:28)
	... 13 more
)

2019-04-21 02:47:38 - [MESSAGE][INFO] - Unable to find the element located by 'By.xpath: id("List1")/div[@class="draggable"]/div[@class="broadcast-component"]/div[2]/div[1]/span[@class="fa-stack"]/i[@class="fa fa-times fa-stack-2x"]'. Please recheck the objects properties to make sure the desired element is located. 

2019-04-21 02:47:38 - [MESSAGE][FAILED] - Unable to click on object 'Object Repository/Page_KiboPush  Create Broadcast Tem/i_fa fa-times fa-stack-2x (2)' (Root cause: com.kms.katalon.core.exception.StepFailedException: Unable to click on object 'Object Repository/Page_KiboPush  Create Broadcast Tem/i_fa fa-times fa-stack-2x (2)'
	at com.kms.katalon.core.webui.keyword.internal.WebUIKeywordMain.stepFailed(WebUIKeywordMain.groovy:64)
	at com.kms.katalon.core.webui.keyword.internal.WebUIKeywordMain.runKeyword(WebUIKeywordMain.groovy:26)
	at com.kms.katalon.core.webui.keyword.builtin.ClickKeyword.click(ClickKeyword.groovy:86)
	at com.kms.katalon.core.webui.keyword.builtin.ClickKeyword.execute(ClickKeyword.groovy:67)
	at com.kms.katalon.core.keyword.internal.KeywordExecutor.executeKeywordForPlatform(KeywordExecutor.groovy:56)
	at com.kms.katalon.core.webui.keyword.WebUiBuiltInKeywords.click(WebUiBuiltInKeywords.groovy:616)
	at com.kms.katalon.core.webui.keyword.WebUiBuiltInKeywords$click$2.call(Unknown Source)
	at TC0823.run(TC0823:28)
	at com.kms.katalon.core.main.ScriptEngine.run(ScriptEngine.java:194)
	at com.kms.katalon.core.main.ScriptEngine.runScriptAsRawText(ScriptEngine.java:119)
	at com.kms.katalon.core.main.TestCaseExecutor.runScript(TestCaseExecutor.java:336)
	at com.kms.katalon.core.main.TestCaseExecutor.doExecute(TestCaseExecutor.java:327)
	at com.kms.katalon.core.main.TestCaseExecutor.processExecutionPhase(TestCaseExecutor.java:306)
	at com.kms.katalon.core.main.TestCaseExecutor.accessMainPhase(TestCaseExecutor.java:298)
	at com.kms.katalon.core.main.TestCaseExecutor.execute(TestCaseExecutor.java:232)
	at com.kms.katalon.core.main.TestSuiteExecutor.accessTestCaseMainPhase(TestSuiteExecutor.java:129)
	at com.kms.katalon.core.main.TestSuiteExecutor.accessTestSuiteMainPhase(TestSuiteExecutor.java:112)
	at com.kms.katalon.core.main.TestSuiteExecutor.execute(TestSuiteExecutor.java:81)
	at com.kms.katalon.core.main.TestCaseMain.startTestSuite(TestCaseMain.java:157)
	at com.kms.katalon.core.main.TestCaseMain$startTestSuite$0.call(Unknown Source)
	at TempTestSuite1555795243480.run(TempTestSuite1555795243480.groovy:35)
Caused by: com.kms.katalon.core.webui.exception.WebElementNotFoundException: Web element with id: 'Object Repository/Page_KiboPush  Create Broadcast Tem/i_fa fa-times fa-stack-2x (2)' located by 'By.xpath: id("List1")/div[@class="draggable"]/div[@class="broadcast-component"]/div[2]/div[1]/span[@class="fa-stack"]/i[@class="fa fa-times fa-stack-2x"]' not found
	at com.kms.katalon.core.webui.common.WebUiCommonHelper.findWebElement(WebUiCommonHelper.java:1097)
	at com.kms.katalon.core.webui.keyword.internal.WebUIAbstractKeyword.findWebElement(WebUIAbstractKeyword.groovy:27)
	at com.kms.katalon.core.webui.keyword.internal.WebUIAbstractKeyword.findWebElement(WebUIAbstractKeyword.groovy:26)
	at com.kms.katalon.core.webui.keyword.builtin.ClickKeyword$_click_closure1.doCall(ClickKeyword.groovy:77)
	at com.kms.katalon.core.webui.keyword.builtin.ClickKeyword$_click_closure1.call(ClickKeyword.groovy)
	at com.kms.katalon.core.webui.keyword.internal.WebUIKeywordMain.runKeyword(WebUIKeywordMain.groovy:20)
	at com.kms.katalon.core.webui.keyword.builtin.ClickKeyword.click(ClickKeyword.groovy:86)
	at com.kms.katalon.core.webui.keyword.builtin.ClickKeyword.execute(ClickKeyword.groovy:67)
	at com.kms.katalon.core.keyword.internal.KeywordExecutor.executeKeywordForPlatform(KeywordExecutor.groovy:56)
	at com.kms.katalon.core.webui.keyword.WebUiBuiltInKeywords.click(WebUiBuiltInKeywords.groovy:616)
	at com.kms.katalon.core.webui.keyword.WebUiBuiltInKeywords$click$2.call(Unknown Source)
	at Script1537088122358.run(Script1537088122358.groovy:28)
	... 13 more
)
[[ATTACHMENT|/home/faizan/Drive/KiboPush_Automated_Testing/KiboPush Katalon/Reports/Faizan Suits/Template/20190421_022043/1555796858288.png]]]]></system-out>
         <system-err><![CDATA[2019-04-21 02:46:58 - [TEST_CASE][FAILED] - Test Cases/Template testcases/TC0823: Test Cases/Template testcases/TC0823 FAILED.
Reason:
com.kms.katalon.core.exception.StepFailedException: Unable to click on object 'Object Repository/Page_KiboPush  Create Broadcast Tem/i_fa fa-times fa-stack-2x (2)'
	at com.kms.katalon.core.webui.keyword.internal.WebUIKeywordMain.stepFailed(WebUIKeywordMain.groovy:64)
	at com.kms.katalon.core.webui.keyword.internal.WebUIKeywordMain.runKeyword(WebUIKeywordMain.groovy:26)
	at com.kms.katalon.core.webui.keyword.builtin.ClickKeyword.click(ClickKeyword.groovy:86)
	at com.kms.katalon.core.webui.keyword.builtin.ClickKeyword.execute(ClickKeyword.groovy:67)
	at com.kms.katalon.core.keyword.internal.KeywordExecutor.executeKeywordForPlatform(KeywordExecutor.groovy:56)
	at com.kms.katalon.core.webui.keyword.WebUiBuiltInKeywords.click(WebUiBuiltInKeywords.groovy:616)
	at com.kms.katalon.core.webui.keyword.WebUiBuiltInKeywords$click$2.call(Unknown Source)
	at TC0823.run(TC0823:28)
	at com.kms.katalon.core.main.ScriptEngine.run(ScriptEngine.java:194)
	at com.kms.katalon.core.main.ScriptEngine.runScriptAsRawText(ScriptEngine.java:119)
	at com.kms.katalon.core.main.TestCaseExecutor.runScript(TestCaseExecutor.java:336)
	at com.kms.katalon.core.main.TestCaseExecutor.doExecute(TestCaseExecutor.java:327)
	at com.kms.katalon.core.main.TestCaseExecutor.processExecutionPhase(TestCaseExecutor.java:306)
	at com.kms.katalon.core.main.TestCaseExecutor.accessMainPhase(TestCaseExecutor.java:298)
	at com.kms.katalon.core.main.TestCaseExecutor.execute(TestCaseExecutor.java:232)
	at com.kms.katalon.core.main.TestSuiteExecutor.accessTestCaseMainPhase(TestSuiteExecutor.java:129)
	at com.kms.katalon.core.main.TestSuiteExecutor.accessTestSuiteMainPhase(TestSuiteExecutor.java:112)
	at com.kms.katalon.core.main.TestSuiteExecutor.execute(TestSuiteExecutor.java:81)
	at com.kms.katalon.core.main.TestCaseMain.startTestSuite(TestCaseMain.java:157)
	at com.kms.katalon.core.main.TestCaseMain$startTestSuite$0.call(Unknown Source)
	at TempTestSuite1555795243480.run(TempTestSuite1555795243480.groovy:35)
Caused by: com.kms.katalon.core.webui.exception.WebElementNotFoundException: Web element with id: 'Object Repository/Page_KiboPush  Create Broadcast Tem/i_fa fa-times fa-stack-2x (2)' located by 'By.xpath: id("List1")/div[@class="draggable"]/div[@class="broadcast-component"]/div[2]/div[1]/span[@class="fa-stack"]/i[@class="fa fa-times fa-stack-2x"]' not found
	at com.kms.katalon.core.webui.common.WebUiCommonHelper.findWebElement(WebUiCommonHelper.java:1097)
	at com.kms.katalon.core.webui.keyword.internal.WebUIAbstractKeyword.findWebElement(WebUIAbstractKeyword.groovy:27)
	at com.kms.katalon.core.webui.keyword.internal.WebUIAbstractKeyword.findWebElement(WebUIAbstractKeyword.groovy:26)
	at com.kms.katalon.core.webui.keyword.builtin.ClickKeyword$_click_closure1.doCall(ClickKeyword.groovy:77)
	at com.kms.katalon.core.webui.keyword.builtin.ClickKeyword$_click_closure1.call(ClickKeyword.groovy)
	at com.kms.katalon.core.webui.keyword.internal.WebUIKeywordMain.runKeyword(WebUIKeywordMain.groovy:20)
	at com.kms.katalon.core.webui.keyword.builtin.ClickKeyword.click(ClickKeyword.groovy:86)
	at com.kms.katalon.core.webui.keyword.builtin.ClickKeyword.execute(ClickKeyword.groovy:67)
	at com.kms.katalon.core.keyword.internal.KeywordExecutor.executeKeywordForPlatform(KeywordExecutor.groovy:56)
	at com.kms.katalon.core.webui.keyword.WebUiBuiltInKeywords.click(WebUiBuiltInKeywords.groovy:616)
	at com.kms.katalon.core.webui.keyword.WebUiBuiltInKeywords$click$2.call(Unknown Source)
	at Script1537088122358.run(Script1537088122358.groovy:28)
	... 13 more]]></system-err>
      </testcase>
      <testcase name="Test Cases/Template testcases/TC0824" classname="Test Cases/Template testcases/TC0824" status="FAILED">
         <failure type="FAILED" message="Test Cases/Template testcases/TC0824 FAILED.
Reason:
com.kms.katalon.core.exception.StepFailedException: Unable to click on object 'Object Repository/Page_KiboPush  Create Broadcast Tem/i_fa fa-times fa-stack-2x'
	at com.kms.katalon.core.webui.keyword.internal.WebUIKeywordMain.stepFailed(WebUIKeywordMain.groovy:64)
	at com.kms.katalon.core.webui.keyword.internal.WebUIKeywordMain.runKeyword(WebUIKeywordMain.groovy:26)
	at com.kms.katalon.core.webui.keyword.builtin.ClickKeyword.click(ClickKeyword.groovy:86)
	at com.kms.katalon.core.webui.keyword.builtin.ClickKeyword.execute(ClickKeyword.groovy:67)
	at com.kms.katalon.core.keyword.internal.KeywordExecutor.executeKeywordForPlatform(KeywordExecutor.groovy:56)
	at com.kms.katalon.core.webui.keyword.WebUiBuiltInKeywords.click(WebUiBuiltInKeywords.groovy:616)
	at com.kms.katalon.core.webui.keyword.WebUiBuiltInKeywords$click$2.call(Unknown Source)
	at TC0824.run(TC0824:28)
	at com.kms.katalon.core.main.ScriptEngine.run(ScriptEngine.java:194)
	at com.kms.katalon.core.main.ScriptEngine.runScriptAsRawText(ScriptEngine.java:119)
	at com.kms.katalon.core.main.TestCaseExecutor.runScript(TestCaseExecutor.java:336)
	at com.kms.katalon.core.main.TestCaseExecutor.doExecute(TestCaseExecutor.java:327)
	at com.kms.katalon.core.main.TestCaseExecutor.processExecutionPhase(TestCaseExecutor.java:306)
	at com.kms.katalon.core.main.TestCaseExecutor.accessMainPhase(TestCaseExecutor.java:298)
	at com.kms.katalon.core.main.TestCaseExecutor.execute(TestCaseExecutor.java:232)
	at com.kms.katalon.core.main.TestSuiteExecutor.accessTestCaseMainPhase(TestSuiteExecutor.java:129)
	at com.kms.katalon.core.main.TestSuiteExecutor.accessTestSuiteMainPhase(TestSuiteExecutor.java:112)
	at com.kms.katalon.core.main.TestSuiteExecutor.execute(TestSuiteExecutor.java:81)
	at com.kms.katalon.core.main.TestCaseMain.startTestSuite(TestCaseMain.java:157)
	at com.kms.katalon.core.main.TestCaseMain$startTestSuite$0.call(Unknown Source)
	at TempTestSuite1555795243480.run(TempTestSuite1555795243480.groovy:35)
Caused by: com.kms.katalon.core.webui.exception.WebElementNotFoundException: Web element with id: 'Object Repository/Page_KiboPush  Create Broadcast Tem/i_fa fa-times fa-stack-2x' located by 'By.xpath: id(&quot;List1&quot;)/div[@class=&quot;draggable&quot;]/div[@class=&quot;broadcast-component&quot;]/div[2]/span[@class=&quot;fa-stack&quot;]/i[@class=&quot;fa fa-times fa-stack-2x&quot;]' not found
	at com.kms.katalon.core.webui.common.WebUiCommonHelper.findWebElement(WebUiCommonHelper.java:1097)
	at com.kms.katalon.core.webui.keyword.internal.WebUIAbstractKeyword.findWebElement(WebUIAbstractKeyword.groovy:27)
	at com.kms.katalon.core.webui.keyword.internal.WebUIAbstractKeyword.findWebElement(WebUIAbstractKeyword.groovy:26)
	at com.kms.katalon.core.webui.keyword.builtin.ClickKeyword$_click_closure1.doCall(ClickKeyword.groovy:77)
	at com.kms.katalon.core.webui.keyword.builtin.ClickKeyword$_click_closure1.call(ClickKeyword.groovy)
	at com.kms.katalon.core.webui.keyword.internal.WebUIKeywordMain.runKeyword(WebUIKeywordMain.groovy:20)
	at com.kms.katalon.core.webui.keyword.builtin.ClickKeyword.click(ClickKeyword.groovy:86)
	at com.kms.katalon.core.webui.keyword.builtin.ClickKeyword.execute(ClickKeyword.groovy:67)
	at com.kms.katalon.core.keyword.internal.KeywordExecutor.executeKeywordForPlatform(KeywordExecutor.groovy:56)
	at com.kms.katalon.core.webui.keyword.WebUiBuiltInKeywords.click(WebUiBuiltInKeywords.groovy:616)
	at com.kms.katalon.core.webui.keyword.WebUiBuiltInKeywords$click$2.call(Unknown Source)
	at Script1537088940326.run(Script1537088940326.groovy:28)
	... 13 more
"/>
         <system-out><![CDATA[2019-04-21 02:47:38 - [TEST_CASE][FAILED] - Test Cases/Template testcases/TC0824: Test Cases/Template testcases/TC0824 FAILED.
Reason:
com.kms.katalon.core.exception.StepFailedException: Unable to click on object 'Object Repository/Page_KiboPush  Create Broadcast Tem/i_fa fa-times fa-stack-2x'
	at com.kms.katalon.core.webui.keyword.internal.WebUIKeywordMain.stepFailed(WebUIKeywordMain.groovy:64)
	at com.kms.katalon.core.webui.keyword.internal.WebUIKeywordMain.runKeyword(WebUIKeywordMain.groovy:26)
	at com.kms.katalon.core.webui.keyword.builtin.ClickKeyword.click(ClickKeyword.groovy:86)
	at com.kms.katalon.core.webui.keyword.builtin.ClickKeyword.execute(ClickKeyword.groovy:67)
	at com.kms.katalon.core.keyword.internal.KeywordExecutor.executeKeywordForPlatform(KeywordExecutor.groovy:56)
	at com.kms.katalon.core.webui.keyword.WebUiBuiltInKeywords.click(WebUiBuiltInKeywords.groovy:616)
	at com.kms.katalon.core.webui.keyword.WebUiBuiltInKeywords$click$2.call(Unknown Source)
	at TC0824.run(TC0824:28)
	at com.kms.katalon.core.main.ScriptEngine.run(ScriptEngine.java:194)
	at com.kms.katalon.core.main.ScriptEngine.runScriptAsRawText(ScriptEngine.java:119)
	at com.kms.katalon.core.main.TestCaseExecutor.runScript(TestCaseExecutor.java:336)
	at com.kms.katalon.core.main.TestCaseExecutor.doExecute(TestCaseExecutor.java:327)
	at com.kms.katalon.core.main.TestCaseExecutor.processExecutionPhase(TestCaseExecutor.java:306)
	at com.kms.katalon.core.main.TestCaseExecutor.accessMainPhase(TestCaseExecutor.java:298)
	at com.kms.katalon.core.main.TestCaseExecutor.execute(TestCaseExecutor.java:232)
	at com.kms.katalon.core.main.TestSuiteExecutor.accessTestCaseMainPhase(TestSuiteExecutor.java:129)
	at com.kms.katalon.core.main.TestSuiteExecutor.accessTestSuiteMainPhase(TestSuiteExecutor.java:112)
	at com.kms.katalon.core.main.TestSuiteExecutor.execute(TestSuiteExecutor.java:81)
	at com.kms.katalon.core.main.TestCaseMain.startTestSuite(TestCaseMain.java:157)
	at com.kms.katalon.core.main.TestCaseMain$startTestSuite$0.call(Unknown Source)
	at TempTestSuite1555795243480.run(TempTestSuite1555795243480.groovy:35)
Caused by: com.kms.katalon.core.webui.exception.WebElementNotFoundException: Web element with id: 'Object Repository/Page_KiboPush  Create Broadcast Tem/i_fa fa-times fa-stack-2x' located by 'By.xpath: id("List1")/div[@class="draggable"]/div[@class="broadcast-component"]/div[2]/span[@class="fa-stack"]/i[@class="fa fa-times fa-stack-2x"]' not found
	at com.kms.katalon.core.webui.common.WebUiCommonHelper.findWebElement(WebUiCommonHelper.java:1097)
	at com.kms.katalon.core.webui.keyword.internal.WebUIAbstractKeyword.findWebElement(WebUIAbstractKeyword.groovy:27)
	at com.kms.katalon.core.webui.keyword.internal.WebUIAbstractKeyword.findWebElement(WebUIAbstractKeyword.groovy:26)
	at com.kms.katalon.core.webui.keyword.builtin.ClickKeyword$_click_closure1.doCall(ClickKeyword.groovy:77)
	at com.kms.katalon.core.webui.keyword.builtin.ClickKeyword$_click_closure1.call(ClickKeyword.groovy)
	at com.kms.katalon.core.webui.keyword.internal.WebUIKeywordMain.runKeyword(WebUIKeywordMain.groovy:20)
	at com.kms.katalon.core.webui.keyword.builtin.ClickKeyword.click(ClickKeyword.groovy:86)
	at com.kms.katalon.core.webui.keyword.builtin.ClickKeyword.execute(ClickKeyword.groovy:67)
	at com.kms.katalon.core.keyword.internal.KeywordExecutor.executeKeywordForPlatform(KeywordExecutor.groovy:56)
	at com.kms.katalon.core.webui.keyword.WebUiBuiltInKeywords.click(WebUiBuiltInKeywords.groovy:616)
	at com.kms.katalon.core.webui.keyword.WebUiBuiltInKeywords$click$2.call(Unknown Source)
	at Script1537088940326.run(Script1537088940326.groovy:28)
	... 13 more


2019-04-21 02:47:38 - [TEST_STEP][PASSED] - callTestCase(findTestCase("Template testcases/TC0801"), [:], STOP_ON_FAILURE): Call Test Case 'Test Cases/Template testcases/TC0801' successfully

2019-04-21 02:47:38 - [TEST_CASE][PASSED] - Test Cases/Template testcases/TC0801: Test Cases/Template testcases/TC0801

2019-04-21 02:47:38 - [TEST_STEP][PASSED] - callTestCase(findTestCase("Template testcases/TC0768"), [:], STOP_ON_FAILURE): Call Test Case 'Test Cases/Template testcases/TC0768' successfully

2019-04-21 02:47:38 - [TEST_CASE][PASSED] - Test Cases/Template testcases/TC0768: Test Cases/Template testcases/TC0768

2019-04-21 02:47:38 - [TEST_STEP][PASSED] - callTestCase(findTestCase("s-sidebar_navigation/individualAccount/Template"), [:], STOP_ON_FAILURE): Call Test Case 'Test Cases/s-sidebar_navigation/individualAccount/Template' successfully

2019-04-21 02:47:38 - [TEST_CASE][PASSED] - Test Cases/s-sidebar_navigation/individualAccount/Template: Test Cases/s-sidebar_navigation/individualAccount/Template

2019-04-21 02:47:38 - [TEST_STEP][PASSED] - click(findTestObject("Page_KiboPush  Dashboard/span_Broadcasts")): Object: 'Object Repository/Page_KiboPush  Dashboard/span_Broadcasts' is clicked on

2019-04-21 02:47:39 - [MESSAGE][PASSED] - Object: 'Object Repository/Page_KiboPush  Dashboard/span_Broadcasts' is clicked on

2019-04-21 02:47:39 - [TEST_STEP][PASSED] - delay(1): Delayed 1 second(s)

2019-04-21 02:47:40 - [MESSAGE][PASSED] - Delayed 1 second(s)

2019-04-21 02:47:40 - [TEST_STEP][PASSED] - click(findTestObject("Page_KiboPush  Dashboard/span_Templates")): Object: 'Object Repository/Page_KiboPush  Dashboard/span_Templates' is clicked on

2019-04-21 02:47:40 - [MESSAGE][PASSED] - Object: 'Object Repository/Page_KiboPush  Dashboard/span_Templates' is clicked on

2019-04-21 02:47:40 - [TEST_STEP][PASSED] - delay(3): Delayed 3 second(s)

2019-04-21 02:47:43 - [MESSAGE][PASSED] - Delayed 3 second(s)

2019-04-21 02:47:43 - [TEST_STEP][PASSED] - scrollToPosition(0, 0): Browser is scrolled to position x = 0, y = 0

2019-04-21 02:47:43 - [MESSAGE][PASSED] - Browser is scrolled to position x = 0, y = 0

2019-04-21 02:47:43 - [TEST_STEP][PASSED] - click(findTestObject("Object Repository/Page_KiboEngage  Templates/h3_Templates")): Object: 'Object Repository/Page_KiboEngage  Templates/h3_Templates' is clicked on

2019-04-21 02:47:43 - [MESSAGE][PASSED] - Object: 'Object Repository/Page_KiboEngage  Templates/h3_Templates' is clicked on

2019-04-21 02:47:43 - [TEST_STEP][PASSED] - delay(3): Delayed 3 second(s)

2019-04-21 02:47:46 - [MESSAGE][PASSED] - Delayed 3 second(s)

2019-04-21 02:47:46 - [MESSAGE][PASSED] - Call Test Case 'Test Cases/s-sidebar_navigation/individualAccount/Template' successfully

2019-04-21 02:47:46 - [TEST_STEP][PASSED] - click(findTestObject("Object Repository/Page_KiboPush  Dashboard/button_Create New")): Object: 'Object Repository/Page_KiboPush  Dashboard/button_Create New' is clicked on

2019-04-21 02:47:46 - [MESSAGE][PASSED] - Object: 'Object Repository/Page_KiboPush  Dashboard/button_Create New' is clicked on

2019-04-21 02:47:46 - [TEST_STEP][PASSED] - click(findTestObject("Object Repository/Page_KiboPush  Create Broadcast Tem/h3_Create Broadcast Template")): Object: 'Object Repository/Page_KiboPush  Create Broadcast Tem/h3_Create Broadcast Template' is clicked on

2019-04-21 02:47:46 - [MESSAGE][PASSED] - Object: 'Object Repository/Page_KiboPush  Create Broadcast Tem/h3_Create Broadcast Template' is clicked on

2019-04-21 02:47:46 - [MESSAGE][PASSED] - Call Test Case 'Test Cases/Template testcases/TC0768' successfully

2019-04-21 02:47:46 - [TEST_STEP][PASSED] - click(findTestObject("Page_KiboPush  Create Broadcast Tem/h6_Audio (1)")): Object: 'Object Repository/Page_KiboPush  Create Broadcast Tem/h6_Audio (1)' is clicked on

2019-04-21 02:47:47 - [MESSAGE][PASSED] - Object: 'Object Repository/Page_KiboPush  Create Broadcast Tem/h6_Audio (1)' is clicked on

2019-04-21 02:47:47 - [TEST_STEP][PASSED] - click(findTestObject("Object Repository/Page_KiboEngage  Create Broadcast Template/div_New audio component added")): Object: 'Object Repository/Page_KiboEngage  Create Broadcast Template/div_New audio component added' is clicked on

2019-04-21 02:47:47 - [MESSAGE][PASSED] - Object: 'Object Repository/Page_KiboEngage  Create Broadcast Template/div_New audio component added' is clicked on

2019-04-21 02:47:47 - [MESSAGE][PASSED] - Call Test Case 'Test Cases/Template testcases/TC0801' successfully

2019-04-21 02:47:47 - [TEST_STEP][FAILED] - click(findTestObject("Page_KiboPush  Create Broadcast Tem/i_fa fa-times fa-stack-2x")): Unable to click on object 'Object Repository/Page_KiboPush  Create Broadcast Tem/i_fa fa-times fa-stack-2x' (Root cause: com.kms.katalon.core.exception.StepFailedException: Unable to click on object 'Object Repository/Page_KiboPush  Create Broadcast Tem/i_fa fa-times fa-stack-2x'
	at com.kms.katalon.core.webui.keyword.internal.WebUIKeywordMain.stepFailed(WebUIKeywordMain.groovy:64)
	at com.kms.katalon.core.webui.keyword.internal.WebUIKeywordMain.runKeyword(WebUIKeywordMain.groovy:26)
	at com.kms.katalon.core.webui.keyword.builtin.ClickKeyword.click(ClickKeyword.groovy:86)
	at com.kms.katalon.core.webui.keyword.builtin.ClickKeyword.execute(ClickKeyword.groovy:67)
	at com.kms.katalon.core.keyword.internal.KeywordExecutor.executeKeywordForPlatform(KeywordExecutor.groovy:56)
	at com.kms.katalon.core.webui.keyword.WebUiBuiltInKeywords.click(WebUiBuiltInKeywords.groovy:616)
	at com.kms.katalon.core.webui.keyword.WebUiBuiltInKeywords$click$2.call(Unknown Source)
	at TC0824.run(TC0824:28)
	at com.kms.katalon.core.main.ScriptEngine.run(ScriptEngine.java:194)
	at com.kms.katalon.core.main.ScriptEngine.runScriptAsRawText(ScriptEngine.java:119)
	at com.kms.katalon.core.main.TestCaseExecutor.runScript(TestCaseExecutor.java:336)
	at com.kms.katalon.core.main.TestCaseExecutor.doExecute(TestCaseExecutor.java:327)
	at com.kms.katalon.core.main.TestCaseExecutor.processExecutionPhase(TestCaseExecutor.java:306)
	at com.kms.katalon.core.main.TestCaseExecutor.accessMainPhase(TestCaseExecutor.java:298)
	at com.kms.katalon.core.main.TestCaseExecutor.execute(TestCaseExecutor.java:232)
	at com.kms.katalon.core.main.TestSuiteExecutor.accessTestCaseMainPhase(TestSuiteExecutor.java:129)
	at com.kms.katalon.core.main.TestSuiteExecutor.accessTestSuiteMainPhase(TestSuiteExecutor.java:112)
	at com.kms.katalon.core.main.TestSuiteExecutor.execute(TestSuiteExecutor.java:81)
	at com.kms.katalon.core.main.TestCaseMain.startTestSuite(TestCaseMain.java:157)
	at com.kms.katalon.core.main.TestCaseMain$startTestSuite$0.call(Unknown Source)
	at TempTestSuite1555795243480.run(TempTestSuite1555795243480.groovy:35)
Caused by: com.kms.katalon.core.webui.exception.WebElementNotFoundException: Web element with id: 'Object Repository/Page_KiboPush  Create Broadcast Tem/i_fa fa-times fa-stack-2x' located by 'By.xpath: id("List1")/div[@class="draggable"]/div[@class="broadcast-component"]/div[2]/span[@class="fa-stack"]/i[@class="fa fa-times fa-stack-2x"]' not found
	at com.kms.katalon.core.webui.common.WebUiCommonHelper.findWebElement(WebUiCommonHelper.java:1097)
	at com.kms.katalon.core.webui.keyword.internal.WebUIAbstractKeyword.findWebElement(WebUIAbstractKeyword.groovy:27)
	at com.kms.katalon.core.webui.keyword.internal.WebUIAbstractKeyword.findWebElement(WebUIAbstractKeyword.groovy:26)
	at com.kms.katalon.core.webui.keyword.builtin.ClickKeyword$_click_closure1.doCall(ClickKeyword.groovy:77)
	at com.kms.katalon.core.webui.keyword.builtin.ClickKeyword$_click_closure1.call(ClickKeyword.groovy)
	at com.kms.katalon.core.webui.keyword.internal.WebUIKeywordMain.runKeyword(WebUIKeywordMain.groovy:20)
	at com.kms.katalon.core.webui.keyword.builtin.ClickKeyword.click(ClickKeyword.groovy:86)
	at com.kms.katalon.core.webui.keyword.builtin.ClickKeyword.execute(ClickKeyword.groovy:67)
	at com.kms.katalon.core.keyword.internal.KeywordExecutor.executeKeywordForPlatform(KeywordExecutor.groovy:56)
	at com.kms.katalon.core.webui.keyword.WebUiBuiltInKeywords.click(WebUiBuiltInKeywords.groovy:616)
	at com.kms.katalon.core.webui.keyword.WebUiBuiltInKeywords$click$2.call(Unknown Source)
	at Script1537088940326.run(Script1537088940326.groovy:28)
	... 13 more
)

2019-04-21 02:48:18 - [MESSAGE][INFO] - Unable to find the element located by 'By.xpath: id("List1")/div[@class="draggable"]/div[@class="broadcast-component"]/div[2]/span[@class="fa-stack"]/i[@class="fa fa-times fa-stack-2x"]'. Please recheck the objects properties to make sure the desired element is located. 

2019-04-21 02:48:18 - [MESSAGE][FAILED] - Unable to click on object 'Object Repository/Page_KiboPush  Create Broadcast Tem/i_fa fa-times fa-stack-2x' (Root cause: com.kms.katalon.core.exception.StepFailedException: Unable to click on object 'Object Repository/Page_KiboPush  Create Broadcast Tem/i_fa fa-times fa-stack-2x'
	at com.kms.katalon.core.webui.keyword.internal.WebUIKeywordMain.stepFailed(WebUIKeywordMain.groovy:64)
	at com.kms.katalon.core.webui.keyword.internal.WebUIKeywordMain.runKeyword(WebUIKeywordMain.groovy:26)
	at com.kms.katalon.core.webui.keyword.builtin.ClickKeyword.click(ClickKeyword.groovy:86)
	at com.kms.katalon.core.webui.keyword.builtin.ClickKeyword.execute(ClickKeyword.groovy:67)
	at com.kms.katalon.core.keyword.internal.KeywordExecutor.executeKeywordForPlatform(KeywordExecutor.groovy:56)
	at com.kms.katalon.core.webui.keyword.WebUiBuiltInKeywords.click(WebUiBuiltInKeywords.groovy:616)
	at com.kms.katalon.core.webui.keyword.WebUiBuiltInKeywords$click$2.call(Unknown Source)
	at TC0824.run(TC0824:28)
	at com.kms.katalon.core.main.ScriptEngine.run(ScriptEngine.java:194)
	at com.kms.katalon.core.main.ScriptEngine.runScriptAsRawText(ScriptEngine.java:119)
	at com.kms.katalon.core.main.TestCaseExecutor.runScript(TestCaseExecutor.java:336)
	at com.kms.katalon.core.main.TestCaseExecutor.doExecute(TestCaseExecutor.java:327)
	at com.kms.katalon.core.main.TestCaseExecutor.processExecutionPhase(TestCaseExecutor.java:306)
	at com.kms.katalon.core.main.TestCaseExecutor.accessMainPhase(TestCaseExecutor.java:298)
	at com.kms.katalon.core.main.TestCaseExecutor.execute(TestCaseExecutor.java:232)
	at com.kms.katalon.core.main.TestSuiteExecutor.accessTestCaseMainPhase(TestSuiteExecutor.java:129)
	at com.kms.katalon.core.main.TestSuiteExecutor.accessTestSuiteMainPhase(TestSuiteExecutor.java:112)
	at com.kms.katalon.core.main.TestSuiteExecutor.execute(TestSuiteExecutor.java:81)
	at com.kms.katalon.core.main.TestCaseMain.startTestSuite(TestCaseMain.java:157)
	at com.kms.katalon.core.main.TestCaseMain$startTestSuite$0.call(Unknown Source)
	at TempTestSuite1555795243480.run(TempTestSuite1555795243480.groovy:35)
Caused by: com.kms.katalon.core.webui.exception.WebElementNotFoundException: Web element with id: 'Object Repository/Page_KiboPush  Create Broadcast Tem/i_fa fa-times fa-stack-2x' located by 'By.xpath: id("List1")/div[@class="draggable"]/div[@class="broadcast-component"]/div[2]/span[@class="fa-stack"]/i[@class="fa fa-times fa-stack-2x"]' not found
	at com.kms.katalon.core.webui.common.WebUiCommonHelper.findWebElement(WebUiCommonHelper.java:1097)
	at com.kms.katalon.core.webui.keyword.internal.WebUIAbstractKeyword.findWebElement(WebUIAbstractKeyword.groovy:27)
	at com.kms.katalon.core.webui.keyword.internal.WebUIAbstractKeyword.findWebElement(WebUIAbstractKeyword.groovy:26)
	at com.kms.katalon.core.webui.keyword.builtin.ClickKeyword$_click_closure1.doCall(ClickKeyword.groovy:77)
	at com.kms.katalon.core.webui.keyword.builtin.ClickKeyword$_click_closure1.call(ClickKeyword.groovy)
	at com.kms.katalon.core.webui.keyword.internal.WebUIKeywordMain.runKeyword(WebUIKeywordMain.groovy:20)
	at com.kms.katalon.core.webui.keyword.builtin.ClickKeyword.click(ClickKeyword.groovy:86)
	at com.kms.katalon.core.webui.keyword.builtin.ClickKeyword.execute(ClickKeyword.groovy:67)
	at com.kms.katalon.core.keyword.internal.KeywordExecutor.executeKeywordForPlatform(KeywordExecutor.groovy:56)
	at com.kms.katalon.core.webui.keyword.WebUiBuiltInKeywords.click(WebUiBuiltInKeywords.groovy:616)
	at com.kms.katalon.core.webui.keyword.WebUiBuiltInKeywords$click$2.call(Unknown Source)
	at Script1537088940326.run(Script1537088940326.groovy:28)
	... 13 more
)
[[ATTACHMENT|/home/faizan/Drive/KiboPush_Automated_Testing/KiboPush Katalon/Reports/Faizan Suits/Template/20190421_022043/1555796898248.png]]]]></system-out>
         <system-err><![CDATA[2019-04-21 02:47:38 - [TEST_CASE][FAILED] - Test Cases/Template testcases/TC0824: Test Cases/Template testcases/TC0824 FAILED.
Reason:
com.kms.katalon.core.exception.StepFailedException: Unable to click on object 'Object Repository/Page_KiboPush  Create Broadcast Tem/i_fa fa-times fa-stack-2x'
	at com.kms.katalon.core.webui.keyword.internal.WebUIKeywordMain.stepFailed(WebUIKeywordMain.groovy:64)
	at com.kms.katalon.core.webui.keyword.internal.WebUIKeywordMain.runKeyword(WebUIKeywordMain.groovy:26)
	at com.kms.katalon.core.webui.keyword.builtin.ClickKeyword.click(ClickKeyword.groovy:86)
	at com.kms.katalon.core.webui.keyword.builtin.ClickKeyword.execute(ClickKeyword.groovy:67)
	at com.kms.katalon.core.keyword.internal.KeywordExecutor.executeKeywordForPlatform(KeywordExecutor.groovy:56)
	at com.kms.katalon.core.webui.keyword.WebUiBuiltInKeywords.click(WebUiBuiltInKeywords.groovy:616)
	at com.kms.katalon.core.webui.keyword.WebUiBuiltInKeywords$click$2.call(Unknown Source)
	at TC0824.run(TC0824:28)
	at com.kms.katalon.core.main.ScriptEngine.run(ScriptEngine.java:194)
	at com.kms.katalon.core.main.ScriptEngine.runScriptAsRawText(ScriptEngine.java:119)
	at com.kms.katalon.core.main.TestCaseExecutor.runScript(TestCaseExecutor.java:336)
	at com.kms.katalon.core.main.TestCaseExecutor.doExecute(TestCaseExecutor.java:327)
	at com.kms.katalon.core.main.TestCaseExecutor.processExecutionPhase(TestCaseExecutor.java:306)
	at com.kms.katalon.core.main.TestCaseExecutor.accessMainPhase(TestCaseExecutor.java:298)
	at com.kms.katalon.core.main.TestCaseExecutor.execute(TestCaseExecutor.java:232)
	at com.kms.katalon.core.main.TestSuiteExecutor.accessTestCaseMainPhase(TestSuiteExecutor.java:129)
	at com.kms.katalon.core.main.TestSuiteExecutor.accessTestSuiteMainPhase(TestSuiteExecutor.java:112)
	at com.kms.katalon.core.main.TestSuiteExecutor.execute(TestSuiteExecutor.java:81)
	at com.kms.katalon.core.main.TestCaseMain.startTestSuite(TestCaseMain.java:157)
	at com.kms.katalon.core.main.TestCaseMain$startTestSuite$0.call(Unknown Source)
	at TempTestSuite1555795243480.run(TempTestSuite1555795243480.groovy:35)
Caused by: com.kms.katalon.core.webui.exception.WebElementNotFoundException: Web element with id: 'Object Repository/Page_KiboPush  Create Broadcast Tem/i_fa fa-times fa-stack-2x' located by 'By.xpath: id("List1")/div[@class="draggable"]/div[@class="broadcast-component"]/div[2]/span[@class="fa-stack"]/i[@class="fa fa-times fa-stack-2x"]' not found
	at com.kms.katalon.core.webui.common.WebUiCommonHelper.findWebElement(WebUiCommonHelper.java:1097)
	at com.kms.katalon.core.webui.keyword.internal.WebUIAbstractKeyword.findWebElement(WebUIAbstractKeyword.groovy:27)
	at com.kms.katalon.core.webui.keyword.internal.WebUIAbstractKeyword.findWebElement(WebUIAbstractKeyword.groovy:26)
	at com.kms.katalon.core.webui.keyword.builtin.ClickKeyword$_click_closure1.doCall(ClickKeyword.groovy:77)
	at com.kms.katalon.core.webui.keyword.builtin.ClickKeyword$_click_closure1.call(ClickKeyword.groovy)
	at com.kms.katalon.core.webui.keyword.internal.WebUIKeywordMain.runKeyword(WebUIKeywordMain.groovy:20)
	at com.kms.katalon.core.webui.keyword.builtin.ClickKeyword.click(ClickKeyword.groovy:86)
	at com.kms.katalon.core.webui.keyword.builtin.ClickKeyword.execute(ClickKeyword.groovy:67)
	at com.kms.katalon.core.keyword.internal.KeywordExecutor.executeKeywordForPlatform(KeywordExecutor.groovy:56)
	at com.kms.katalon.core.webui.keyword.WebUiBuiltInKeywords.click(WebUiBuiltInKeywords.groovy:616)
	at com.kms.katalon.core.webui.keyword.WebUiBuiltInKeywords$click$2.call(Unknown Source)
	at Script1537088940326.run(Script1537088940326.groovy:28)
	... 13 more]]></system-err>
      </testcase>
      <testcase name="Test Cases/Template testcases/TC0825" classname="Test Cases/Template testcases/TC0825" status="FAILED">
         <failure type="FAILED" message="Test Cases/Template testcases/TC0825 FAILED.
Reason:
com.kms.katalon.core.exception.StepFailedException: Unable to click on object 'Object Repository/Page_KiboPush  Create Broadcast Tem/i_fa fa-times fa-stack-2x'
	at com.kms.katalon.core.webui.keyword.internal.WebUIKeywordMain.stepFailed(WebUIKeywordMain.groovy:64)
	at com.kms.katalon.core.webui.keyword.internal.WebUIKeywordMain.runKeyword(WebUIKeywordMain.groovy:26)
	at com.kms.katalon.core.webui.keyword.builtin.ClickKeyword.click(ClickKeyword.groovy:86)
	at com.kms.katalon.core.webui.keyword.builtin.ClickKeyword.execute(ClickKeyword.groovy:67)
	at com.kms.katalon.core.keyword.internal.KeywordExecutor.executeKeywordForPlatform(KeywordExecutor.groovy:56)
	at com.kms.katalon.core.webui.keyword.WebUiBuiltInKeywords.click(WebUiBuiltInKeywords.groovy:616)
	at com.kms.katalon.core.webui.keyword.WebUiBuiltInKeywords$click$2.call(Unknown Source)
	at TC0825.run(TC0825:27)
	at com.kms.katalon.core.main.ScriptEngine.run(ScriptEngine.java:194)
	at com.kms.katalon.core.main.ScriptEngine.runScriptAsRawText(ScriptEngine.java:119)
	at com.kms.katalon.core.main.TestCaseExecutor.runScript(TestCaseExecutor.java:336)
	at com.kms.katalon.core.main.TestCaseExecutor.doExecute(TestCaseExecutor.java:327)
	at com.kms.katalon.core.main.TestCaseExecutor.processExecutionPhase(TestCaseExecutor.java:306)
	at com.kms.katalon.core.main.TestCaseExecutor.accessMainPhase(TestCaseExecutor.java:298)
	at com.kms.katalon.core.main.TestCaseExecutor.execute(TestCaseExecutor.java:232)
	at com.kms.katalon.core.main.TestSuiteExecutor.accessTestCaseMainPhase(TestSuiteExecutor.java:129)
	at com.kms.katalon.core.main.TestSuiteExecutor.accessTestSuiteMainPhase(TestSuiteExecutor.java:112)
	at com.kms.katalon.core.main.TestSuiteExecutor.execute(TestSuiteExecutor.java:81)
	at com.kms.katalon.core.main.TestCaseMain.startTestSuite(TestCaseMain.java:157)
	at com.kms.katalon.core.main.TestCaseMain$startTestSuite$0.call(Unknown Source)
	at TempTestSuite1555795243480.run(TempTestSuite1555795243480.groovy:35)
Caused by: com.kms.katalon.core.webui.exception.WebElementNotFoundException: Web element with id: 'Object Repository/Page_KiboPush  Create Broadcast Tem/i_fa fa-times fa-stack-2x' located by 'By.xpath: id(&quot;List1&quot;)/div[@class=&quot;draggable&quot;]/div[@class=&quot;broadcast-component&quot;]/div[2]/span[@class=&quot;fa-stack&quot;]/i[@class=&quot;fa fa-times fa-stack-2x&quot;]' not found
	at com.kms.katalon.core.webui.common.WebUiCommonHelper.findWebElement(WebUiCommonHelper.java:1097)
	at com.kms.katalon.core.webui.keyword.internal.WebUIAbstractKeyword.findWebElement(WebUIAbstractKeyword.groovy:27)
	at com.kms.katalon.core.webui.keyword.internal.WebUIAbstractKeyword.findWebElement(WebUIAbstractKeyword.groovy:26)
	at com.kms.katalon.core.webui.keyword.builtin.ClickKeyword$_click_closure1.doCall(ClickKeyword.groovy:77)
	at com.kms.katalon.core.webui.keyword.builtin.ClickKeyword$_click_closure1.call(ClickKeyword.groovy)
	at com.kms.katalon.core.webui.keyword.internal.WebUIKeywordMain.runKeyword(WebUIKeywordMain.groovy:20)
	at com.kms.katalon.core.webui.keyword.builtin.ClickKeyword.click(ClickKeyword.groovy:86)
	at com.kms.katalon.core.webui.keyword.builtin.ClickKeyword.execute(ClickKeyword.groovy:67)
	at com.kms.katalon.core.keyword.internal.KeywordExecutor.executeKeywordForPlatform(KeywordExecutor.groovy:56)
	at com.kms.katalon.core.webui.keyword.WebUiBuiltInKeywords.click(WebUiBuiltInKeywords.groovy:616)
	at com.kms.katalon.core.webui.keyword.WebUiBuiltInKeywords$click$2.call(Unknown Source)
	at Script1537089275010.run(Script1537089275010.groovy:27)
	... 13 more
"/>
         <system-out><![CDATA[2019-04-21 02:48:18 - [TEST_CASE][FAILED] - Test Cases/Template testcases/TC0825: Test Cases/Template testcases/TC0825 FAILED.
Reason:
com.kms.katalon.core.exception.StepFailedException: Unable to click on object 'Object Repository/Page_KiboPush  Create Broadcast Tem/i_fa fa-times fa-stack-2x'
	at com.kms.katalon.core.webui.keyword.internal.WebUIKeywordMain.stepFailed(WebUIKeywordMain.groovy:64)
	at com.kms.katalon.core.webui.keyword.internal.WebUIKeywordMain.runKeyword(WebUIKeywordMain.groovy:26)
	at com.kms.katalon.core.webui.keyword.builtin.ClickKeyword.click(ClickKeyword.groovy:86)
	at com.kms.katalon.core.webui.keyword.builtin.ClickKeyword.execute(ClickKeyword.groovy:67)
	at com.kms.katalon.core.keyword.internal.KeywordExecutor.executeKeywordForPlatform(KeywordExecutor.groovy:56)
	at com.kms.katalon.core.webui.keyword.WebUiBuiltInKeywords.click(WebUiBuiltInKeywords.groovy:616)
	at com.kms.katalon.core.webui.keyword.WebUiBuiltInKeywords$click$2.call(Unknown Source)
	at TC0825.run(TC0825:27)
	at com.kms.katalon.core.main.ScriptEngine.run(ScriptEngine.java:194)
	at com.kms.katalon.core.main.ScriptEngine.runScriptAsRawText(ScriptEngine.java:119)
	at com.kms.katalon.core.main.TestCaseExecutor.runScript(TestCaseExecutor.java:336)
	at com.kms.katalon.core.main.TestCaseExecutor.doExecute(TestCaseExecutor.java:327)
	at com.kms.katalon.core.main.TestCaseExecutor.processExecutionPhase(TestCaseExecutor.java:306)
	at com.kms.katalon.core.main.TestCaseExecutor.accessMainPhase(TestCaseExecutor.java:298)
	at com.kms.katalon.core.main.TestCaseExecutor.execute(TestCaseExecutor.java:232)
	at com.kms.katalon.core.main.TestSuiteExecutor.accessTestCaseMainPhase(TestSuiteExecutor.java:129)
	at com.kms.katalon.core.main.TestSuiteExecutor.accessTestSuiteMainPhase(TestSuiteExecutor.java:112)
	at com.kms.katalon.core.main.TestSuiteExecutor.execute(TestSuiteExecutor.java:81)
	at com.kms.katalon.core.main.TestCaseMain.startTestSuite(TestCaseMain.java:157)
	at com.kms.katalon.core.main.TestCaseMain$startTestSuite$0.call(Unknown Source)
	at TempTestSuite1555795243480.run(TempTestSuite1555795243480.groovy:35)
Caused by: com.kms.katalon.core.webui.exception.WebElementNotFoundException: Web element with id: 'Object Repository/Page_KiboPush  Create Broadcast Tem/i_fa fa-times fa-stack-2x' located by 'By.xpath: id("List1")/div[@class="draggable"]/div[@class="broadcast-component"]/div[2]/span[@class="fa-stack"]/i[@class="fa fa-times fa-stack-2x"]' not found
	at com.kms.katalon.core.webui.common.WebUiCommonHelper.findWebElement(WebUiCommonHelper.java:1097)
	at com.kms.katalon.core.webui.keyword.internal.WebUIAbstractKeyword.findWebElement(WebUIAbstractKeyword.groovy:27)
	at com.kms.katalon.core.webui.keyword.internal.WebUIAbstractKeyword.findWebElement(WebUIAbstractKeyword.groovy:26)
	at com.kms.katalon.core.webui.keyword.builtin.ClickKeyword$_click_closure1.doCall(ClickKeyword.groovy:77)
	at com.kms.katalon.core.webui.keyword.builtin.ClickKeyword$_click_closure1.call(ClickKeyword.groovy)
	at com.kms.katalon.core.webui.keyword.internal.WebUIKeywordMain.runKeyword(WebUIKeywordMain.groovy:20)
	at com.kms.katalon.core.webui.keyword.builtin.ClickKeyword.click(ClickKeyword.groovy:86)
	at com.kms.katalon.core.webui.keyword.builtin.ClickKeyword.execute(ClickKeyword.groovy:67)
	at com.kms.katalon.core.keyword.internal.KeywordExecutor.executeKeywordForPlatform(KeywordExecutor.groovy:56)
	at com.kms.katalon.core.webui.keyword.WebUiBuiltInKeywords.click(WebUiBuiltInKeywords.groovy:616)
	at com.kms.katalon.core.webui.keyword.WebUiBuiltInKeywords$click$2.call(Unknown Source)
	at Script1537089275010.run(Script1537089275010.groovy:27)
	... 13 more


2019-04-21 02:48:18 - [TEST_STEP][PASSED] - callTestCase(findTestCase("Template testcases/TC0805"), [:], STOP_ON_FAILURE): Call Test Case 'Test Cases/Template testcases/TC0805' successfully

2019-04-21 02:48:18 - [TEST_CASE][PASSED] - Test Cases/Template testcases/TC0805: Test Cases/Template testcases/TC0805

2019-04-21 02:48:18 - [TEST_STEP][PASSED] - callTestCase(findTestCase("Template testcases/TC0768"), [:], STOP_ON_FAILURE): Call Test Case 'Test Cases/Template testcases/TC0768' successfully

2019-04-21 02:48:18 - [TEST_CASE][PASSED] - Test Cases/Template testcases/TC0768: Test Cases/Template testcases/TC0768

2019-04-21 02:48:18 - [TEST_STEP][PASSED] - callTestCase(findTestCase("s-sidebar_navigation/individualAccount/Template"), [:], STOP_ON_FAILURE): Call Test Case 'Test Cases/s-sidebar_navigation/individualAccount/Template' successfully

2019-04-21 02:48:18 - [TEST_CASE][PASSED] - Test Cases/s-sidebar_navigation/individualAccount/Template: Test Cases/s-sidebar_navigation/individualAccount/Template

2019-04-21 02:48:18 - [TEST_STEP][PASSED] - click(findTestObject("Page_KiboPush  Dashboard/span_Broadcasts")): Object: 'Object Repository/Page_KiboPush  Dashboard/span_Broadcasts' is clicked on

2019-04-21 02:48:19 - [MESSAGE][PASSED] - Object: 'Object Repository/Page_KiboPush  Dashboard/span_Broadcasts' is clicked on

2019-04-21 02:48:19 - [TEST_STEP][PASSED] - delay(1): Delayed 1 second(s)

2019-04-21 02:48:20 - [MESSAGE][PASSED] - Delayed 1 second(s)

2019-04-21 02:48:20 - [TEST_STEP][PASSED] - click(findTestObject("Page_KiboPush  Dashboard/span_Templates")): Object: 'Object Repository/Page_KiboPush  Dashboard/span_Templates' is clicked on

2019-04-21 02:48:20 - [MESSAGE][PASSED] - Object: 'Object Repository/Page_KiboPush  Dashboard/span_Templates' is clicked on

2019-04-21 02:48:20 - [TEST_STEP][PASSED] - delay(3): Delayed 3 second(s)

2019-04-21 02:48:23 - [MESSAGE][PASSED] - Delayed 3 second(s)

2019-04-21 02:48:23 - [TEST_STEP][PASSED] - scrollToPosition(0, 0): Browser is scrolled to position x = 0, y = 0

2019-04-21 02:48:23 - [MESSAGE][PASSED] - Browser is scrolled to position x = 0, y = 0

2019-04-21 02:48:23 - [TEST_STEP][PASSED] - click(findTestObject("Object Repository/Page_KiboEngage  Templates/h3_Templates")): Object: 'Object Repository/Page_KiboEngage  Templates/h3_Templates' is clicked on

2019-04-21 02:48:23 - [MESSAGE][PASSED] - Object: 'Object Repository/Page_KiboEngage  Templates/h3_Templates' is clicked on

2019-04-21 02:48:23 - [TEST_STEP][PASSED] - delay(3): Delayed 3 second(s)

2019-04-21 02:48:26 - [MESSAGE][PASSED] - Delayed 3 second(s)

2019-04-21 02:48:26 - [MESSAGE][PASSED] - Call Test Case 'Test Cases/s-sidebar_navigation/individualAccount/Template' successfully

2019-04-21 02:48:26 - [TEST_STEP][PASSED] - click(findTestObject("Object Repository/Page_KiboPush  Dashboard/button_Create New")): Object: 'Object Repository/Page_KiboPush  Dashboard/button_Create New' is clicked on

2019-04-21 02:48:26 - [MESSAGE][PASSED] - Object: 'Object Repository/Page_KiboPush  Dashboard/button_Create New' is clicked on

2019-04-21 02:48:26 - [TEST_STEP][PASSED] - click(findTestObject("Object Repository/Page_KiboPush  Create Broadcast Tem/h3_Create Broadcast Template")): Object: 'Object Repository/Page_KiboPush  Create Broadcast Tem/h3_Create Broadcast Template' is clicked on

2019-04-21 02:48:26 - [MESSAGE][PASSED] - Object: 'Object Repository/Page_KiboPush  Create Broadcast Tem/h3_Create Broadcast Template' is clicked on

2019-04-21 02:48:26 - [MESSAGE][PASSED] - Call Test Case 'Test Cases/Template testcases/TC0768' successfully

2019-04-21 02:48:26 - [TEST_STEP][PASSED] - click(findTestObject("Page_KiboPush  Create Broadcast Tem/h3_Create Broadcast Template (5) (1)")): Object: 'Object Repository/Page_KiboPush  Create Broadcast Tem/h3_Create Broadcast Template (5) (1)' is clicked on

2019-04-21 02:48:26 - [MESSAGE][PASSED] - Object: 'Object Repository/Page_KiboPush  Create Broadcast Tem/h3_Create Broadcast Template (5) (1)' is clicked on

2019-04-21 02:48:26 - [TEST_STEP][PASSED] - click(findTestObject("Page_KiboPush  Create Broadcast Tem/h6_Video (1)")): Object: 'Object Repository/Page_KiboPush  Create Broadcast Tem/h6_Video (1)' is clicked on

2019-04-21 02:48:27 - [MESSAGE][PASSED] - Object: 'Object Repository/Page_KiboPush  Create Broadcast Tem/h6_Video (1)' is clicked on

2019-04-21 02:48:27 - [TEST_STEP][PASSED] - click(findTestObject("Object Repository/Page_KiboEngage  Create Broadcast Template/div_New video component added")): Object: 'Object Repository/Page_KiboEngage  Create Broadcast Template/div_New video component added' is clicked on

2019-04-21 02:48:27 - [MESSAGE][PASSED] - Object: 'Object Repository/Page_KiboEngage  Create Broadcast Template/div_New video component added' is clicked on

2019-04-21 02:48:27 - [MESSAGE][PASSED] - Call Test Case 'Test Cases/Template testcases/TC0805' successfully

2019-04-21 02:48:27 - [TEST_STEP][FAILED] - click(findTestObject("Page_KiboPush  Create Broadcast Tem/i_fa fa-times fa-stack-2x")): Unable to click on object 'Object Repository/Page_KiboPush  Create Broadcast Tem/i_fa fa-times fa-stack-2x' (Root cause: com.kms.katalon.core.exception.StepFailedException: Unable to click on object 'Object Repository/Page_KiboPush  Create Broadcast Tem/i_fa fa-times fa-stack-2x'
	at com.kms.katalon.core.webui.keyword.internal.WebUIKeywordMain.stepFailed(WebUIKeywordMain.groovy:64)
	at com.kms.katalon.core.webui.keyword.internal.WebUIKeywordMain.runKeyword(WebUIKeywordMain.groovy:26)
	at com.kms.katalon.core.webui.keyword.builtin.ClickKeyword.click(ClickKeyword.groovy:86)
	at com.kms.katalon.core.webui.keyword.builtin.ClickKeyword.execute(ClickKeyword.groovy:67)
	at com.kms.katalon.core.keyword.internal.KeywordExecutor.executeKeywordForPlatform(KeywordExecutor.groovy:56)
	at com.kms.katalon.core.webui.keyword.WebUiBuiltInKeywords.click(WebUiBuiltInKeywords.groovy:616)
	at com.kms.katalon.core.webui.keyword.WebUiBuiltInKeywords$click$2.call(Unknown Source)
	at TC0825.run(TC0825:27)
	at com.kms.katalon.core.main.ScriptEngine.run(ScriptEngine.java:194)
	at com.kms.katalon.core.main.ScriptEngine.runScriptAsRawText(ScriptEngine.java:119)
	at com.kms.katalon.core.main.TestCaseExecutor.runScript(TestCaseExecutor.java:336)
	at com.kms.katalon.core.main.TestCaseExecutor.doExecute(TestCaseExecutor.java:327)
	at com.kms.katalon.core.main.TestCaseExecutor.processExecutionPhase(TestCaseExecutor.java:306)
	at com.kms.katalon.core.main.TestCaseExecutor.accessMainPhase(TestCaseExecutor.java:298)
	at com.kms.katalon.core.main.TestCaseExecutor.execute(TestCaseExecutor.java:232)
	at com.kms.katalon.core.main.TestSuiteExecutor.accessTestCaseMainPhase(TestSuiteExecutor.java:129)
	at com.kms.katalon.core.main.TestSuiteExecutor.accessTestSuiteMainPhase(TestSuiteExecutor.java:112)
	at com.kms.katalon.core.main.TestSuiteExecutor.execute(TestSuiteExecutor.java:81)
	at com.kms.katalon.core.main.TestCaseMain.startTestSuite(TestCaseMain.java:157)
	at com.kms.katalon.core.main.TestCaseMain$startTestSuite$0.call(Unknown Source)
	at TempTestSuite1555795243480.run(TempTestSuite1555795243480.groovy:35)
Caused by: com.kms.katalon.core.webui.exception.WebElementNotFoundException: Web element with id: 'Object Repository/Page_KiboPush  Create Broadcast Tem/i_fa fa-times fa-stack-2x' located by 'By.xpath: id("List1")/div[@class="draggable"]/div[@class="broadcast-component"]/div[2]/span[@class="fa-stack"]/i[@class="fa fa-times fa-stack-2x"]' not found
	at com.kms.katalon.core.webui.common.WebUiCommonHelper.findWebElement(WebUiCommonHelper.java:1097)
	at com.kms.katalon.core.webui.keyword.internal.WebUIAbstractKeyword.findWebElement(WebUIAbstractKeyword.groovy:27)
	at com.kms.katalon.core.webui.keyword.internal.WebUIAbstractKeyword.findWebElement(WebUIAbstractKeyword.groovy:26)
	at com.kms.katalon.core.webui.keyword.builtin.ClickKeyword$_click_closure1.doCall(ClickKeyword.groovy:77)
	at com.kms.katalon.core.webui.keyword.builtin.ClickKeyword$_click_closure1.call(ClickKeyword.groovy)
	at com.kms.katalon.core.webui.keyword.internal.WebUIKeywordMain.runKeyword(WebUIKeywordMain.groovy:20)
	at com.kms.katalon.core.webui.keyword.builtin.ClickKeyword.click(ClickKeyword.groovy:86)
	at com.kms.katalon.core.webui.keyword.builtin.ClickKeyword.execute(ClickKeyword.groovy:67)
	at com.kms.katalon.core.keyword.internal.KeywordExecutor.executeKeywordForPlatform(KeywordExecutor.groovy:56)
	at com.kms.katalon.core.webui.keyword.WebUiBuiltInKeywords.click(WebUiBuiltInKeywords.groovy:616)
	at com.kms.katalon.core.webui.keyword.WebUiBuiltInKeywords$click$2.call(Unknown Source)
	at Script1537089275010.run(Script1537089275010.groovy:27)
	... 13 more
)

2019-04-21 02:48:58 - [MESSAGE][INFO] - Unable to find the element located by 'By.xpath: id("List1")/div[@class="draggable"]/div[@class="broadcast-component"]/div[2]/span[@class="fa-stack"]/i[@class="fa fa-times fa-stack-2x"]'. Please recheck the objects properties to make sure the desired element is located. 

2019-04-21 02:48:58 - [MESSAGE][FAILED] - Unable to click on object 'Object Repository/Page_KiboPush  Create Broadcast Tem/i_fa fa-times fa-stack-2x' (Root cause: com.kms.katalon.core.exception.StepFailedException: Unable to click on object 'Object Repository/Page_KiboPush  Create Broadcast Tem/i_fa fa-times fa-stack-2x'
	at com.kms.katalon.core.webui.keyword.internal.WebUIKeywordMain.stepFailed(WebUIKeywordMain.groovy:64)
	at com.kms.katalon.core.webui.keyword.internal.WebUIKeywordMain.runKeyword(WebUIKeywordMain.groovy:26)
	at com.kms.katalon.core.webui.keyword.builtin.ClickKeyword.click(ClickKeyword.groovy:86)
	at com.kms.katalon.core.webui.keyword.builtin.ClickKeyword.execute(ClickKeyword.groovy:67)
	at com.kms.katalon.core.keyword.internal.KeywordExecutor.executeKeywordForPlatform(KeywordExecutor.groovy:56)
	at com.kms.katalon.core.webui.keyword.WebUiBuiltInKeywords.click(WebUiBuiltInKeywords.groovy:616)
	at com.kms.katalon.core.webui.keyword.WebUiBuiltInKeywords$click$2.call(Unknown Source)
	at TC0825.run(TC0825:27)
	at com.kms.katalon.core.main.ScriptEngine.run(ScriptEngine.java:194)
	at com.kms.katalon.core.main.ScriptEngine.runScriptAsRawText(ScriptEngine.java:119)
	at com.kms.katalon.core.main.TestCaseExecutor.runScript(TestCaseExecutor.java:336)
	at com.kms.katalon.core.main.TestCaseExecutor.doExecute(TestCaseExecutor.java:327)
	at com.kms.katalon.core.main.TestCaseExecutor.processExecutionPhase(TestCaseExecutor.java:306)
	at com.kms.katalon.core.main.TestCaseExecutor.accessMainPhase(TestCaseExecutor.java:298)
	at com.kms.katalon.core.main.TestCaseExecutor.execute(TestCaseExecutor.java:232)
	at com.kms.katalon.core.main.TestSuiteExecutor.accessTestCaseMainPhase(TestSuiteExecutor.java:129)
	at com.kms.katalon.core.main.TestSuiteExecutor.accessTestSuiteMainPhase(TestSuiteExecutor.java:112)
	at com.kms.katalon.core.main.TestSuiteExecutor.execute(TestSuiteExecutor.java:81)
	at com.kms.katalon.core.main.TestCaseMain.startTestSuite(TestCaseMain.java:157)
	at com.kms.katalon.core.main.TestCaseMain$startTestSuite$0.call(Unknown Source)
	at TempTestSuite1555795243480.run(TempTestSuite1555795243480.groovy:35)
Caused by: com.kms.katalon.core.webui.exception.WebElementNotFoundException: Web element with id: 'Object Repository/Page_KiboPush  Create Broadcast Tem/i_fa fa-times fa-stack-2x' located by 'By.xpath: id("List1")/div[@class="draggable"]/div[@class="broadcast-component"]/div[2]/span[@class="fa-stack"]/i[@class="fa fa-times fa-stack-2x"]' not found
	at com.kms.katalon.core.webui.common.WebUiCommonHelper.findWebElement(WebUiCommonHelper.java:1097)
	at com.kms.katalon.core.webui.keyword.internal.WebUIAbstractKeyword.findWebElement(WebUIAbstractKeyword.groovy:27)
	at com.kms.katalon.core.webui.keyword.internal.WebUIAbstractKeyword.findWebElement(WebUIAbstractKeyword.groovy:26)
	at com.kms.katalon.core.webui.keyword.builtin.ClickKeyword$_click_closure1.doCall(ClickKeyword.groovy:77)
	at com.kms.katalon.core.webui.keyword.builtin.ClickKeyword$_click_closure1.call(ClickKeyword.groovy)
	at com.kms.katalon.core.webui.keyword.internal.WebUIKeywordMain.runKeyword(WebUIKeywordMain.groovy:20)
	at com.kms.katalon.core.webui.keyword.builtin.ClickKeyword.click(ClickKeyword.groovy:86)
	at com.kms.katalon.core.webui.keyword.builtin.ClickKeyword.execute(ClickKeyword.groovy:67)
	at com.kms.katalon.core.keyword.internal.KeywordExecutor.executeKeywordForPlatform(KeywordExecutor.groovy:56)
	at com.kms.katalon.core.webui.keyword.WebUiBuiltInKeywords.click(WebUiBuiltInKeywords.groovy:616)
	at com.kms.katalon.core.webui.keyword.WebUiBuiltInKeywords$click$2.call(Unknown Source)
	at Script1537089275010.run(Script1537089275010.groovy:27)
	... 13 more
)
[[ATTACHMENT|/home/faizan/Drive/KiboPush_Automated_Testing/KiboPush Katalon/Reports/Faizan Suits/Template/20190421_022043/1555796938155.png]]]]></system-out>
         <system-err><![CDATA[2019-04-21 02:48:18 - [TEST_CASE][FAILED] - Test Cases/Template testcases/TC0825: Test Cases/Template testcases/TC0825 FAILED.
Reason:
com.kms.katalon.core.exception.StepFailedException: Unable to click on object 'Object Repository/Page_KiboPush  Create Broadcast Tem/i_fa fa-times fa-stack-2x'
	at com.kms.katalon.core.webui.keyword.internal.WebUIKeywordMain.stepFailed(WebUIKeywordMain.groovy:64)
	at com.kms.katalon.core.webui.keyword.internal.WebUIKeywordMain.runKeyword(WebUIKeywordMain.groovy:26)
	at com.kms.katalon.core.webui.keyword.builtin.ClickKeyword.click(ClickKeyword.groovy:86)
	at com.kms.katalon.core.webui.keyword.builtin.ClickKeyword.execute(ClickKeyword.groovy:67)
	at com.kms.katalon.core.keyword.internal.KeywordExecutor.executeKeywordForPlatform(KeywordExecutor.groovy:56)
	at com.kms.katalon.core.webui.keyword.WebUiBuiltInKeywords.click(WebUiBuiltInKeywords.groovy:616)
	at com.kms.katalon.core.webui.keyword.WebUiBuiltInKeywords$click$2.call(Unknown Source)
	at TC0825.run(TC0825:27)
	at com.kms.katalon.core.main.ScriptEngine.run(ScriptEngine.java:194)
	at com.kms.katalon.core.main.ScriptEngine.runScriptAsRawText(ScriptEngine.java:119)
	at com.kms.katalon.core.main.TestCaseExecutor.runScript(TestCaseExecutor.java:336)
	at com.kms.katalon.core.main.TestCaseExecutor.doExecute(TestCaseExecutor.java:327)
	at com.kms.katalon.core.main.TestCaseExecutor.processExecutionPhase(TestCaseExecutor.java:306)
	at com.kms.katalon.core.main.TestCaseExecutor.accessMainPhase(TestCaseExecutor.java:298)
	at com.kms.katalon.core.main.TestCaseExecutor.execute(TestCaseExecutor.java:232)
	at com.kms.katalon.core.main.TestSuiteExecutor.accessTestCaseMainPhase(TestSuiteExecutor.java:129)
	at com.kms.katalon.core.main.TestSuiteExecutor.accessTestSuiteMainPhase(TestSuiteExecutor.java:112)
	at com.kms.katalon.core.main.TestSuiteExecutor.execute(TestSuiteExecutor.java:81)
	at com.kms.katalon.core.main.TestCaseMain.startTestSuite(TestCaseMain.java:157)
	at com.kms.katalon.core.main.TestCaseMain$startTestSuite$0.call(Unknown Source)
	at TempTestSuite1555795243480.run(TempTestSuite1555795243480.groovy:35)
Caused by: com.kms.katalon.core.webui.exception.WebElementNotFoundException: Web element with id: 'Object Repository/Page_KiboPush  Create Broadcast Tem/i_fa fa-times fa-stack-2x' located by 'By.xpath: id("List1")/div[@class="draggable"]/div[@class="broadcast-component"]/div[2]/span[@class="fa-stack"]/i[@class="fa fa-times fa-stack-2x"]' not found
	at com.kms.katalon.core.webui.common.WebUiCommonHelper.findWebElement(WebUiCommonHelper.java:1097)
	at com.kms.katalon.core.webui.keyword.internal.WebUIAbstractKeyword.findWebElement(WebUIAbstractKeyword.groovy:27)
	at com.kms.katalon.core.webui.keyword.internal.WebUIAbstractKeyword.findWebElement(WebUIAbstractKeyword.groovy:26)
	at com.kms.katalon.core.webui.keyword.builtin.ClickKeyword$_click_closure1.doCall(ClickKeyword.groovy:77)
	at com.kms.katalon.core.webui.keyword.builtin.ClickKeyword$_click_closure1.call(ClickKeyword.groovy)
	at com.kms.katalon.core.webui.keyword.internal.WebUIKeywordMain.runKeyword(WebUIKeywordMain.groovy:20)
	at com.kms.katalon.core.webui.keyword.builtin.ClickKeyword.click(ClickKeyword.groovy:86)
	at com.kms.katalon.core.webui.keyword.builtin.ClickKeyword.execute(ClickKeyword.groovy:67)
	at com.kms.katalon.core.keyword.internal.KeywordExecutor.executeKeywordForPlatform(KeywordExecutor.groovy:56)
	at com.kms.katalon.core.webui.keyword.WebUiBuiltInKeywords.click(WebUiBuiltInKeywords.groovy:616)
	at com.kms.katalon.core.webui.keyword.WebUiBuiltInKeywords$click$2.call(Unknown Source)
	at Script1537089275010.run(Script1537089275010.groovy:27)
	... 13 more]]></system-err>
      </testcase>
      <testcase name="Test Cases/Template testcases/TC0826" classname="Test Cases/Template testcases/TC0826" status="FAILED">
         <failure type="FAILED" message="Test Cases/Template testcases/TC0826 FAILED.
Reason:
com.kms.katalon.core.exception.StepFailedException: Unable to click on object 'Object Repository/Page_KiboPush  Create Broadcast Tem/i_fa fa-times fa-stack-2x'
	at com.kms.katalon.core.webui.keyword.internal.WebUIKeywordMain.stepFailed(WebUIKeywordMain.groovy:64)
	at com.kms.katalon.core.webui.keyword.internal.WebUIKeywordMain.runKeyword(WebUIKeywordMain.groovy:26)
	at com.kms.katalon.core.webui.keyword.builtin.ClickKeyword.click(ClickKeyword.groovy:86)
	at com.kms.katalon.core.webui.keyword.builtin.ClickKeyword.execute(ClickKeyword.groovy:67)
	at com.kms.katalon.core.keyword.internal.KeywordExecutor.executeKeywordForPlatform(KeywordExecutor.groovy:56)
	at com.kms.katalon.core.webui.keyword.WebUiBuiltInKeywords.click(WebUiBuiltInKeywords.groovy:616)
	at com.kms.katalon.core.webui.keyword.WebUiBuiltInKeywords$click$2.call(Unknown Source)
	at TC0826.run(TC0826:27)
	at com.kms.katalon.core.main.ScriptEngine.run(ScriptEngine.java:194)
	at com.kms.katalon.core.main.ScriptEngine.runScriptAsRawText(ScriptEngine.java:119)
	at com.kms.katalon.core.main.TestCaseExecutor.runScript(TestCaseExecutor.java:336)
	at com.kms.katalon.core.main.TestCaseExecutor.doExecute(TestCaseExecutor.java:327)
	at com.kms.katalon.core.main.TestCaseExecutor.processExecutionPhase(TestCaseExecutor.java:306)
	at com.kms.katalon.core.main.TestCaseExecutor.accessMainPhase(TestCaseExecutor.java:298)
	at com.kms.katalon.core.main.TestCaseExecutor.execute(TestCaseExecutor.java:232)
	at com.kms.katalon.core.main.TestSuiteExecutor.accessTestCaseMainPhase(TestSuiteExecutor.java:129)
	at com.kms.katalon.core.main.TestSuiteExecutor.accessTestSuiteMainPhase(TestSuiteExecutor.java:112)
	at com.kms.katalon.core.main.TestSuiteExecutor.execute(TestSuiteExecutor.java:81)
	at com.kms.katalon.core.main.TestCaseMain.startTestSuite(TestCaseMain.java:157)
	at com.kms.katalon.core.main.TestCaseMain$startTestSuite$0.call(Unknown Source)
	at TempTestSuite1555795243480.run(TempTestSuite1555795243480.groovy:35)
Caused by: com.kms.katalon.core.webui.exception.WebElementNotFoundException: Web element with id: 'Object Repository/Page_KiboPush  Create Broadcast Tem/i_fa fa-times fa-stack-2x' located by 'By.xpath: id(&quot;List1&quot;)/div[@class=&quot;draggable&quot;]/div[@class=&quot;broadcast-component&quot;]/div[2]/span[@class=&quot;fa-stack&quot;]/i[@class=&quot;fa fa-times fa-stack-2x&quot;]' not found
	at com.kms.katalon.core.webui.common.WebUiCommonHelper.findWebElement(WebUiCommonHelper.java:1097)
	at com.kms.katalon.core.webui.keyword.internal.WebUIAbstractKeyword.findWebElement(WebUIAbstractKeyword.groovy:27)
	at com.kms.katalon.core.webui.keyword.internal.WebUIAbstractKeyword.findWebElement(WebUIAbstractKeyword.groovy:26)
	at com.kms.katalon.core.webui.keyword.builtin.ClickKeyword$_click_closure1.doCall(ClickKeyword.groovy:77)
	at com.kms.katalon.core.webui.keyword.builtin.ClickKeyword$_click_closure1.call(ClickKeyword.groovy)
	at com.kms.katalon.core.webui.keyword.internal.WebUIKeywordMain.runKeyword(WebUIKeywordMain.groovy:20)
	at com.kms.katalon.core.webui.keyword.builtin.ClickKeyword.click(ClickKeyword.groovy:86)
	at com.kms.katalon.core.webui.keyword.builtin.ClickKeyword.execute(ClickKeyword.groovy:67)
	at com.kms.katalon.core.keyword.internal.KeywordExecutor.executeKeywordForPlatform(KeywordExecutor.groovy:56)
	at com.kms.katalon.core.webui.keyword.WebUiBuiltInKeywords.click(WebUiBuiltInKeywords.groovy:616)
	at com.kms.katalon.core.webui.keyword.WebUiBuiltInKeywords$click$2.call(Unknown Source)
	at Script1537090887182.run(Script1537090887182.groovy:27)
	... 13 more
"/>
         <system-out><![CDATA[2019-04-21 02:48:58 - [TEST_CASE][FAILED] - Test Cases/Template testcases/TC0826: Test Cases/Template testcases/TC0826 FAILED.
Reason:
com.kms.katalon.core.exception.StepFailedException: Unable to click on object 'Object Repository/Page_KiboPush  Create Broadcast Tem/i_fa fa-times fa-stack-2x'
	at com.kms.katalon.core.webui.keyword.internal.WebUIKeywordMain.stepFailed(WebUIKeywordMain.groovy:64)
	at com.kms.katalon.core.webui.keyword.internal.WebUIKeywordMain.runKeyword(WebUIKeywordMain.groovy:26)
	at com.kms.katalon.core.webui.keyword.builtin.ClickKeyword.click(ClickKeyword.groovy:86)
	at com.kms.katalon.core.webui.keyword.builtin.ClickKeyword.execute(ClickKeyword.groovy:67)
	at com.kms.katalon.core.keyword.internal.KeywordExecutor.executeKeywordForPlatform(KeywordExecutor.groovy:56)
	at com.kms.katalon.core.webui.keyword.WebUiBuiltInKeywords.click(WebUiBuiltInKeywords.groovy:616)
	at com.kms.katalon.core.webui.keyword.WebUiBuiltInKeywords$click$2.call(Unknown Source)
	at TC0826.run(TC0826:27)
	at com.kms.katalon.core.main.ScriptEngine.run(ScriptEngine.java:194)
	at com.kms.katalon.core.main.ScriptEngine.runScriptAsRawText(ScriptEngine.java:119)
	at com.kms.katalon.core.main.TestCaseExecutor.runScript(TestCaseExecutor.java:336)
	at com.kms.katalon.core.main.TestCaseExecutor.doExecute(TestCaseExecutor.java:327)
	at com.kms.katalon.core.main.TestCaseExecutor.processExecutionPhase(TestCaseExecutor.java:306)
	at com.kms.katalon.core.main.TestCaseExecutor.accessMainPhase(TestCaseExecutor.java:298)
	at com.kms.katalon.core.main.TestCaseExecutor.execute(TestCaseExecutor.java:232)
	at com.kms.katalon.core.main.TestSuiteExecutor.accessTestCaseMainPhase(TestSuiteExecutor.java:129)
	at com.kms.katalon.core.main.TestSuiteExecutor.accessTestSuiteMainPhase(TestSuiteExecutor.java:112)
	at com.kms.katalon.core.main.TestSuiteExecutor.execute(TestSuiteExecutor.java:81)
	at com.kms.katalon.core.main.TestCaseMain.startTestSuite(TestCaseMain.java:157)
	at com.kms.katalon.core.main.TestCaseMain$startTestSuite$0.call(Unknown Source)
	at TempTestSuite1555795243480.run(TempTestSuite1555795243480.groovy:35)
Caused by: com.kms.katalon.core.webui.exception.WebElementNotFoundException: Web element with id: 'Object Repository/Page_KiboPush  Create Broadcast Tem/i_fa fa-times fa-stack-2x' located by 'By.xpath: id("List1")/div[@class="draggable"]/div[@class="broadcast-component"]/div[2]/span[@class="fa-stack"]/i[@class="fa fa-times fa-stack-2x"]' not found
	at com.kms.katalon.core.webui.common.WebUiCommonHelper.findWebElement(WebUiCommonHelper.java:1097)
	at com.kms.katalon.core.webui.keyword.internal.WebUIAbstractKeyword.findWebElement(WebUIAbstractKeyword.groovy:27)
	at com.kms.katalon.core.webui.keyword.internal.WebUIAbstractKeyword.findWebElement(WebUIAbstractKeyword.groovy:26)
	at com.kms.katalon.core.webui.keyword.builtin.ClickKeyword$_click_closure1.doCall(ClickKeyword.groovy:77)
	at com.kms.katalon.core.webui.keyword.builtin.ClickKeyword$_click_closure1.call(ClickKeyword.groovy)
	at com.kms.katalon.core.webui.keyword.internal.WebUIKeywordMain.runKeyword(WebUIKeywordMain.groovy:20)
	at com.kms.katalon.core.webui.keyword.builtin.ClickKeyword.click(ClickKeyword.groovy:86)
	at com.kms.katalon.core.webui.keyword.builtin.ClickKeyword.execute(ClickKeyword.groovy:67)
	at com.kms.katalon.core.keyword.internal.KeywordExecutor.executeKeywordForPlatform(KeywordExecutor.groovy:56)
	at com.kms.katalon.core.webui.keyword.WebUiBuiltInKeywords.click(WebUiBuiltInKeywords.groovy:616)
	at com.kms.katalon.core.webui.keyword.WebUiBuiltInKeywords$click$2.call(Unknown Source)
	at Script1537090887182.run(Script1537090887182.groovy:27)
	... 13 more


2019-04-21 02:48:58 - [TEST_STEP][PASSED] - callTestCase(findTestCase("Template testcases/TC0809"), [:], STOP_ON_FAILURE): Call Test Case 'Test Cases/Template testcases/TC0809' successfully

2019-04-21 02:48:58 - [TEST_CASE][PASSED] - Test Cases/Template testcases/TC0809: Test Cases/Template testcases/TC0809

2019-04-21 02:48:58 - [TEST_STEP][PASSED] - callTestCase(findTestCase("Template testcases/TC0768"), [:], STOP_ON_FAILURE): Call Test Case 'Test Cases/Template testcases/TC0768' successfully

2019-04-21 02:48:58 - [TEST_CASE][PASSED] - Test Cases/Template testcases/TC0768: Test Cases/Template testcases/TC0768

2019-04-21 02:48:58 - [TEST_STEP][PASSED] - callTestCase(findTestCase("s-sidebar_navigation/individualAccount/Template"), [:], STOP_ON_FAILURE): Call Test Case 'Test Cases/s-sidebar_navigation/individualAccount/Template' successfully

2019-04-21 02:48:58 - [TEST_CASE][PASSED] - Test Cases/s-sidebar_navigation/individualAccount/Template: Test Cases/s-sidebar_navigation/individualAccount/Template

2019-04-21 02:48:58 - [TEST_STEP][PASSED] - click(findTestObject("Page_KiboPush  Dashboard/span_Broadcasts")): Object: 'Object Repository/Page_KiboPush  Dashboard/span_Broadcasts' is clicked on

2019-04-21 02:48:59 - [MESSAGE][PASSED] - Object: 'Object Repository/Page_KiboPush  Dashboard/span_Broadcasts' is clicked on

2019-04-21 02:48:59 - [TEST_STEP][PASSED] - delay(1): Delayed 1 second(s)

2019-04-21 02:49:00 - [MESSAGE][PASSED] - Delayed 1 second(s)

2019-04-21 02:49:00 - [TEST_STEP][PASSED] - click(findTestObject("Page_KiboPush  Dashboard/span_Templates")): Object: 'Object Repository/Page_KiboPush  Dashboard/span_Templates' is clicked on

2019-04-21 02:49:00 - [MESSAGE][PASSED] - Object: 'Object Repository/Page_KiboPush  Dashboard/span_Templates' is clicked on

2019-04-21 02:49:00 - [TEST_STEP][PASSED] - delay(3): Delayed 3 second(s)

2019-04-21 02:49:03 - [MESSAGE][PASSED] - Delayed 3 second(s)

2019-04-21 02:49:03 - [TEST_STEP][PASSED] - scrollToPosition(0, 0): Browser is scrolled to position x = 0, y = 0

2019-04-21 02:49:03 - [MESSAGE][PASSED] - Browser is scrolled to position x = 0, y = 0

2019-04-21 02:49:03 - [TEST_STEP][PASSED] - click(findTestObject("Object Repository/Page_KiboEngage  Templates/h3_Templates")): Object: 'Object Repository/Page_KiboEngage  Templates/h3_Templates' is clicked on

2019-04-21 02:49:03 - [MESSAGE][PASSED] - Object: 'Object Repository/Page_KiboEngage  Templates/h3_Templates' is clicked on

2019-04-21 02:49:03 - [TEST_STEP][PASSED] - delay(3): Delayed 3 second(s)

2019-04-21 02:49:06 - [MESSAGE][PASSED] - Delayed 3 second(s)

2019-04-21 02:49:06 - [MESSAGE][PASSED] - Call Test Case 'Test Cases/s-sidebar_navigation/individualAccount/Template' successfully

2019-04-21 02:49:06 - [TEST_STEP][PASSED] - click(findTestObject("Object Repository/Page_KiboPush  Dashboard/button_Create New")): Object: 'Object Repository/Page_KiboPush  Dashboard/button_Create New' is clicked on

2019-04-21 02:49:06 - [MESSAGE][PASSED] - Object: 'Object Repository/Page_KiboPush  Dashboard/button_Create New' is clicked on

2019-04-21 02:49:06 - [TEST_STEP][PASSED] - click(findTestObject("Object Repository/Page_KiboPush  Create Broadcast Tem/h3_Create Broadcast Template")): Object: 'Object Repository/Page_KiboPush  Create Broadcast Tem/h3_Create Broadcast Template' is clicked on

2019-04-21 02:49:06 - [MESSAGE][PASSED] - Object: 'Object Repository/Page_KiboPush  Create Broadcast Tem/h3_Create Broadcast Template' is clicked on

2019-04-21 02:49:06 - [MESSAGE][PASSED] - Call Test Case 'Test Cases/Template testcases/TC0768' successfully

2019-04-21 02:49:06 - [TEST_STEP][PASSED] - click(findTestObject("Page_KiboPush  Create Broadcast Tem/h6_File (2)")): Object: 'Object Repository/Page_KiboPush  Create Broadcast Tem/h6_File (2)' is clicked on

2019-04-21 02:49:07 - [MESSAGE][PASSED] - Object: 'Object Repository/Page_KiboPush  Create Broadcast Tem/h6_File (2)' is clicked on

2019-04-21 02:49:07 - [TEST_STEP][PASSED] - click(findTestObject("Object Repository/Page_KiboEngage  Create Broadcast Template/div_New file component added")): Object: 'Object Repository/Page_KiboEngage  Create Broadcast Template/div_New file component added' is clicked on

2019-04-21 02:49:07 - [MESSAGE][PASSED] - Object: 'Object Repository/Page_KiboEngage  Create Broadcast Template/div_New file component added' is clicked on

2019-04-21 02:49:07 - [MESSAGE][PASSED] - Call Test Case 'Test Cases/Template testcases/TC0809' successfully

2019-04-21 02:49:07 - [TEST_STEP][FAILED] - click(findTestObject("Page_KiboPush  Create Broadcast Tem/i_fa fa-times fa-stack-2x")): Unable to click on object 'Object Repository/Page_KiboPush  Create Broadcast Tem/i_fa fa-times fa-stack-2x' (Root cause: com.kms.katalon.core.exception.StepFailedException: Unable to click on object 'Object Repository/Page_KiboPush  Create Broadcast Tem/i_fa fa-times fa-stack-2x'
	at com.kms.katalon.core.webui.keyword.internal.WebUIKeywordMain.stepFailed(WebUIKeywordMain.groovy:64)
	at com.kms.katalon.core.webui.keyword.internal.WebUIKeywordMain.runKeyword(WebUIKeywordMain.groovy:26)
	at com.kms.katalon.core.webui.keyword.builtin.ClickKeyword.click(ClickKeyword.groovy:86)
	at com.kms.katalon.core.webui.keyword.builtin.ClickKeyword.execute(ClickKeyword.groovy:67)
	at com.kms.katalon.core.keyword.internal.KeywordExecutor.executeKeywordForPlatform(KeywordExecutor.groovy:56)
	at com.kms.katalon.core.webui.keyword.WebUiBuiltInKeywords.click(WebUiBuiltInKeywords.groovy:616)
	at com.kms.katalon.core.webui.keyword.WebUiBuiltInKeywords$click$2.call(Unknown Source)
	at TC0826.run(TC0826:27)
	at com.kms.katalon.core.main.ScriptEngine.run(ScriptEngine.java:194)
	at com.kms.katalon.core.main.ScriptEngine.runScriptAsRawText(ScriptEngine.java:119)
	at com.kms.katalon.core.main.TestCaseExecutor.runScript(TestCaseExecutor.java:336)
	at com.kms.katalon.core.main.TestCaseExecutor.doExecute(TestCaseExecutor.java:327)
	at com.kms.katalon.core.main.TestCaseExecutor.processExecutionPhase(TestCaseExecutor.java:306)
	at com.kms.katalon.core.main.TestCaseExecutor.accessMainPhase(TestCaseExecutor.java:298)
	at com.kms.katalon.core.main.TestCaseExecutor.execute(TestCaseExecutor.java:232)
	at com.kms.katalon.core.main.TestSuiteExecutor.accessTestCaseMainPhase(TestSuiteExecutor.java:129)
	at com.kms.katalon.core.main.TestSuiteExecutor.accessTestSuiteMainPhase(TestSuiteExecutor.java:112)
	at com.kms.katalon.core.main.TestSuiteExecutor.execute(TestSuiteExecutor.java:81)
	at com.kms.katalon.core.main.TestCaseMain.startTestSuite(TestCaseMain.java:157)
	at com.kms.katalon.core.main.TestCaseMain$startTestSuite$0.call(Unknown Source)
	at TempTestSuite1555795243480.run(TempTestSuite1555795243480.groovy:35)
Caused by: com.kms.katalon.core.webui.exception.WebElementNotFoundException: Web element with id: 'Object Repository/Page_KiboPush  Create Broadcast Tem/i_fa fa-times fa-stack-2x' located by 'By.xpath: id("List1")/div[@class="draggable"]/div[@class="broadcast-component"]/div[2]/span[@class="fa-stack"]/i[@class="fa fa-times fa-stack-2x"]' not found
	at com.kms.katalon.core.webui.common.WebUiCommonHelper.findWebElement(WebUiCommonHelper.java:1097)
	at com.kms.katalon.core.webui.keyword.internal.WebUIAbstractKeyword.findWebElement(WebUIAbstractKeyword.groovy:27)
	at com.kms.katalon.core.webui.keyword.internal.WebUIAbstractKeyword.findWebElement(WebUIAbstractKeyword.groovy:26)
	at com.kms.katalon.core.webui.keyword.builtin.ClickKeyword$_click_closure1.doCall(ClickKeyword.groovy:77)
	at com.kms.katalon.core.webui.keyword.builtin.ClickKeyword$_click_closure1.call(ClickKeyword.groovy)
	at com.kms.katalon.core.webui.keyword.internal.WebUIKeywordMain.runKeyword(WebUIKeywordMain.groovy:20)
	at com.kms.katalon.core.webui.keyword.builtin.ClickKeyword.click(ClickKeyword.groovy:86)
	at com.kms.katalon.core.webui.keyword.builtin.ClickKeyword.execute(ClickKeyword.groovy:67)
	at com.kms.katalon.core.keyword.internal.KeywordExecutor.executeKeywordForPlatform(KeywordExecutor.groovy:56)
	at com.kms.katalon.core.webui.keyword.WebUiBuiltInKeywords.click(WebUiBuiltInKeywords.groovy:616)
	at com.kms.katalon.core.webui.keyword.WebUiBuiltInKeywords$click$2.call(Unknown Source)
	at Script1537090887182.run(Script1537090887182.groovy:27)
	... 13 more
)

2019-04-21 02:49:38 - [MESSAGE][INFO] - Unable to find the element located by 'By.xpath: id("List1")/div[@class="draggable"]/div[@class="broadcast-component"]/div[2]/span[@class="fa-stack"]/i[@class="fa fa-times fa-stack-2x"]'. Please recheck the objects properties to make sure the desired element is located. 

2019-04-21 02:49:38 - [MESSAGE][FAILED] - Unable to click on object 'Object Repository/Page_KiboPush  Create Broadcast Tem/i_fa fa-times fa-stack-2x' (Root cause: com.kms.katalon.core.exception.StepFailedException: Unable to click on object 'Object Repository/Page_KiboPush  Create Broadcast Tem/i_fa fa-times fa-stack-2x'
	at com.kms.katalon.core.webui.keyword.internal.WebUIKeywordMain.stepFailed(WebUIKeywordMain.groovy:64)
	at com.kms.katalon.core.webui.keyword.internal.WebUIKeywordMain.runKeyword(WebUIKeywordMain.groovy:26)
	at com.kms.katalon.core.webui.keyword.builtin.ClickKeyword.click(ClickKeyword.groovy:86)
	at com.kms.katalon.core.webui.keyword.builtin.ClickKeyword.execute(ClickKeyword.groovy:67)
	at com.kms.katalon.core.keyword.internal.KeywordExecutor.executeKeywordForPlatform(KeywordExecutor.groovy:56)
	at com.kms.katalon.core.webui.keyword.WebUiBuiltInKeywords.click(WebUiBuiltInKeywords.groovy:616)
	at com.kms.katalon.core.webui.keyword.WebUiBuiltInKeywords$click$2.call(Unknown Source)
	at TC0826.run(TC0826:27)
	at com.kms.katalon.core.main.ScriptEngine.run(ScriptEngine.java:194)
	at com.kms.katalon.core.main.ScriptEngine.runScriptAsRawText(ScriptEngine.java:119)
	at com.kms.katalon.core.main.TestCaseExecutor.runScript(TestCaseExecutor.java:336)
	at com.kms.katalon.core.main.TestCaseExecutor.doExecute(TestCaseExecutor.java:327)
	at com.kms.katalon.core.main.TestCaseExecutor.processExecutionPhase(TestCaseExecutor.java:306)
	at com.kms.katalon.core.main.TestCaseExecutor.accessMainPhase(TestCaseExecutor.java:298)
	at com.kms.katalon.core.main.TestCaseExecutor.execute(TestCaseExecutor.java:232)
	at com.kms.katalon.core.main.TestSuiteExecutor.accessTestCaseMainPhase(TestSuiteExecutor.java:129)
	at com.kms.katalon.core.main.TestSuiteExecutor.accessTestSuiteMainPhase(TestSuiteExecutor.java:112)
	at com.kms.katalon.core.main.TestSuiteExecutor.execute(TestSuiteExecutor.java:81)
	at com.kms.katalon.core.main.TestCaseMain.startTestSuite(TestCaseMain.java:157)
	at com.kms.katalon.core.main.TestCaseMain$startTestSuite$0.call(Unknown Source)
	at TempTestSuite1555795243480.run(TempTestSuite1555795243480.groovy:35)
Caused by: com.kms.katalon.core.webui.exception.WebElementNotFoundException: Web element with id: 'Object Repository/Page_KiboPush  Create Broadcast Tem/i_fa fa-times fa-stack-2x' located by 'By.xpath: id("List1")/div[@class="draggable"]/div[@class="broadcast-component"]/div[2]/span[@class="fa-stack"]/i[@class="fa fa-times fa-stack-2x"]' not found
	at com.kms.katalon.core.webui.common.WebUiCommonHelper.findWebElement(WebUiCommonHelper.java:1097)
	at com.kms.katalon.core.webui.keyword.internal.WebUIAbstractKeyword.findWebElement(WebUIAbstractKeyword.groovy:27)
	at com.kms.katalon.core.webui.keyword.internal.WebUIAbstractKeyword.findWebElement(WebUIAbstractKeyword.groovy:26)
	at com.kms.katalon.core.webui.keyword.builtin.ClickKeyword$_click_closure1.doCall(ClickKeyword.groovy:77)
	at com.kms.katalon.core.webui.keyword.builtin.ClickKeyword$_click_closure1.call(ClickKeyword.groovy)
	at com.kms.katalon.core.webui.keyword.internal.WebUIKeywordMain.runKeyword(WebUIKeywordMain.groovy:20)
	at com.kms.katalon.core.webui.keyword.builtin.ClickKeyword.click(ClickKeyword.groovy:86)
	at com.kms.katalon.core.webui.keyword.builtin.ClickKeyword.execute(ClickKeyword.groovy:67)
	at com.kms.katalon.core.keyword.internal.KeywordExecutor.executeKeywordForPlatform(KeywordExecutor.groovy:56)
	at com.kms.katalon.core.webui.keyword.WebUiBuiltInKeywords.click(WebUiBuiltInKeywords.groovy:616)
	at com.kms.katalon.core.webui.keyword.WebUiBuiltInKeywords$click$2.call(Unknown Source)
	at Script1537090887182.run(Script1537090887182.groovy:27)
	... 13 more
)
[[ATTACHMENT|/home/faizan/Drive/KiboPush_Automated_Testing/KiboPush Katalon/Reports/Faizan Suits/Template/20190421_022043/1555796978043.png]]]]></system-out>
         <system-err><![CDATA[2019-04-21 02:48:58 - [TEST_CASE][FAILED] - Test Cases/Template testcases/TC0826: Test Cases/Template testcases/TC0826 FAILED.
Reason:
com.kms.katalon.core.exception.StepFailedException: Unable to click on object 'Object Repository/Page_KiboPush  Create Broadcast Tem/i_fa fa-times fa-stack-2x'
	at com.kms.katalon.core.webui.keyword.internal.WebUIKeywordMain.stepFailed(WebUIKeywordMain.groovy:64)
	at com.kms.katalon.core.webui.keyword.internal.WebUIKeywordMain.runKeyword(WebUIKeywordMain.groovy:26)
	at com.kms.katalon.core.webui.keyword.builtin.ClickKeyword.click(ClickKeyword.groovy:86)
	at com.kms.katalon.core.webui.keyword.builtin.ClickKeyword.execute(ClickKeyword.groovy:67)
	at com.kms.katalon.core.keyword.internal.KeywordExecutor.executeKeywordForPlatform(KeywordExecutor.groovy:56)
	at com.kms.katalon.core.webui.keyword.WebUiBuiltInKeywords.click(WebUiBuiltInKeywords.groovy:616)
	at com.kms.katalon.core.webui.keyword.WebUiBuiltInKeywords$click$2.call(Unknown Source)
	at TC0826.run(TC0826:27)
	at com.kms.katalon.core.main.ScriptEngine.run(ScriptEngine.java:194)
	at com.kms.katalon.core.main.ScriptEngine.runScriptAsRawText(ScriptEngine.java:119)
	at com.kms.katalon.core.main.TestCaseExecutor.runScript(TestCaseExecutor.java:336)
	at com.kms.katalon.core.main.TestCaseExecutor.doExecute(TestCaseExecutor.java:327)
	at com.kms.katalon.core.main.TestCaseExecutor.processExecutionPhase(TestCaseExecutor.java:306)
	at com.kms.katalon.core.main.TestCaseExecutor.accessMainPhase(TestCaseExecutor.java:298)
	at com.kms.katalon.core.main.TestCaseExecutor.execute(TestCaseExecutor.java:232)
	at com.kms.katalon.core.main.TestSuiteExecutor.accessTestCaseMainPhase(TestSuiteExecutor.java:129)
	at com.kms.katalon.core.main.TestSuiteExecutor.accessTestSuiteMainPhase(TestSuiteExecutor.java:112)
	at com.kms.katalon.core.main.TestSuiteExecutor.execute(TestSuiteExecutor.java:81)
	at com.kms.katalon.core.main.TestCaseMain.startTestSuite(TestCaseMain.java:157)
	at com.kms.katalon.core.main.TestCaseMain$startTestSuite$0.call(Unknown Source)
	at TempTestSuite1555795243480.run(TempTestSuite1555795243480.groovy:35)
Caused by: com.kms.katalon.core.webui.exception.WebElementNotFoundException: Web element with id: 'Object Repository/Page_KiboPush  Create Broadcast Tem/i_fa fa-times fa-stack-2x' located by 'By.xpath: id("List1")/div[@class="draggable"]/div[@class="broadcast-component"]/div[2]/span[@class="fa-stack"]/i[@class="fa fa-times fa-stack-2x"]' not found
	at com.kms.katalon.core.webui.common.WebUiCommonHelper.findWebElement(WebUiCommonHelper.java:1097)
	at com.kms.katalon.core.webui.keyword.internal.WebUIAbstractKeyword.findWebElement(WebUIAbstractKeyword.groovy:27)
	at com.kms.katalon.core.webui.keyword.internal.WebUIAbstractKeyword.findWebElement(WebUIAbstractKeyword.groovy:26)
	at com.kms.katalon.core.webui.keyword.builtin.ClickKeyword$_click_closure1.doCall(ClickKeyword.groovy:77)
	at com.kms.katalon.core.webui.keyword.builtin.ClickKeyword$_click_closure1.call(ClickKeyword.groovy)
	at com.kms.katalon.core.webui.keyword.internal.WebUIKeywordMain.runKeyword(WebUIKeywordMain.groovy:20)
	at com.kms.katalon.core.webui.keyword.builtin.ClickKeyword.click(ClickKeyword.groovy:86)
	at com.kms.katalon.core.webui.keyword.builtin.ClickKeyword.execute(ClickKeyword.groovy:67)
	at com.kms.katalon.core.keyword.internal.KeywordExecutor.executeKeywordForPlatform(KeywordExecutor.groovy:56)
	at com.kms.katalon.core.webui.keyword.WebUiBuiltInKeywords.click(WebUiBuiltInKeywords.groovy:616)
	at com.kms.katalon.core.webui.keyword.WebUiBuiltInKeywords$click$2.call(Unknown Source)
	at Script1537090887182.run(Script1537090887182.groovy:27)
	... 13 more]]></system-err>
      </testcase>
      <testcase name="Test Cases/Template testcases/TC0827" classname="Test Cases/Template testcases/TC0827" status="FAILED">
         <failure type="FAILED" message="Test Cases/Template testcases/TC0827 FAILED.
Reason:
com.kms.katalon.core.exception.StepFailedException: Unable to click on object 'Object Repository/Page_KiboPush  Create Broadcast Tem/i_fa fa-times fa-stack-2x (3)'
	at com.kms.katalon.core.webui.keyword.internal.WebUIKeywordMain.stepFailed(WebUIKeywordMain.groovy:64)
	at com.kms.katalon.core.webui.keyword.internal.WebUIKeywordMain.runKeyword(WebUIKeywordMain.groovy:26)
	at com.kms.katalon.core.webui.keyword.builtin.ClickKeyword.click(ClickKeyword.groovy:86)
	at com.kms.katalon.core.webui.keyword.builtin.ClickKeyword.execute(ClickKeyword.groovy:67)
	at com.kms.katalon.core.keyword.internal.KeywordExecutor.executeKeywordForPlatform(KeywordExecutor.groovy:56)
	at com.kms.katalon.core.webui.keyword.WebUiBuiltInKeywords.click(WebUiBuiltInKeywords.groovy:616)
	at com.kms.katalon.core.webui.keyword.WebUiBuiltInKeywords$click$2.call(Unknown Source)
	at TC0827.run(TC0827:28)
	at com.kms.katalon.core.main.ScriptEngine.run(ScriptEngine.java:194)
	at com.kms.katalon.core.main.ScriptEngine.runScriptAsRawText(ScriptEngine.java:119)
	at com.kms.katalon.core.main.TestCaseExecutor.runScript(TestCaseExecutor.java:336)
	at com.kms.katalon.core.main.TestCaseExecutor.doExecute(TestCaseExecutor.java:327)
	at com.kms.katalon.core.main.TestCaseExecutor.processExecutionPhase(TestCaseExecutor.java:306)
	at com.kms.katalon.core.main.TestCaseExecutor.accessMainPhase(TestCaseExecutor.java:298)
	at com.kms.katalon.core.main.TestCaseExecutor.execute(TestCaseExecutor.java:232)
	at com.kms.katalon.core.main.TestSuiteExecutor.accessTestCaseMainPhase(TestSuiteExecutor.java:129)
	at com.kms.katalon.core.main.TestSuiteExecutor.accessTestSuiteMainPhase(TestSuiteExecutor.java:112)
	at com.kms.katalon.core.main.TestSuiteExecutor.execute(TestSuiteExecutor.java:81)
	at com.kms.katalon.core.main.TestCaseMain.startTestSuite(TestCaseMain.java:157)
	at com.kms.katalon.core.main.TestCaseMain$startTestSuite$0.call(Unknown Source)
	at TempTestSuite1555795243480.run(TempTestSuite1555795243480.groovy:35)
Caused by: com.kms.katalon.core.webui.exception.WebElementNotFoundException: Web element with id: 'Object Repository/Page_KiboPush  Create Broadcast Tem/i_fa fa-times fa-stack-2x (3)' located by 'By.xpath: id(&quot;List1&quot;)/div[@class=&quot;draggable&quot;]/div[@class=&quot;broadcast-component&quot;]/div[1]/span[@class=&quot;fa-stack&quot;]/i[@class=&quot;fa fa-times fa-stack-2x&quot;]' not found
	at com.kms.katalon.core.webui.common.WebUiCommonHelper.findWebElement(WebUiCommonHelper.java:1097)
	at com.kms.katalon.core.webui.keyword.internal.WebUIAbstractKeyword.findWebElement(WebUIAbstractKeyword.groovy:27)
	at com.kms.katalon.core.webui.keyword.internal.WebUIAbstractKeyword.findWebElement(WebUIAbstractKeyword.groovy:26)
	at com.kms.katalon.core.webui.keyword.builtin.ClickKeyword$_click_closure1.doCall(ClickKeyword.groovy:77)
	at com.kms.katalon.core.webui.keyword.builtin.ClickKeyword$_click_closure1.call(ClickKeyword.groovy)
	at com.kms.katalon.core.webui.keyword.internal.WebUIKeywordMain.runKeyword(WebUIKeywordMain.groovy:20)
	at com.kms.katalon.core.webui.keyword.builtin.ClickKeyword.click(ClickKeyword.groovy:86)
	at com.kms.katalon.core.webui.keyword.builtin.ClickKeyword.execute(ClickKeyword.groovy:67)
	at com.kms.katalon.core.keyword.internal.KeywordExecutor.executeKeywordForPlatform(KeywordExecutor.groovy:56)
	at com.kms.katalon.core.webui.keyword.WebUiBuiltInKeywords.click(WebUiBuiltInKeywords.groovy:616)
	at com.kms.katalon.core.webui.keyword.WebUiBuiltInKeywords$click$2.call(Unknown Source)
	at Script1537091115705.run(Script1537091115705.groovy:28)
	... 13 more
"/>
         <system-out><![CDATA[2019-04-21 02:49:38 - [TEST_CASE][FAILED] - Test Cases/Template testcases/TC0827: Test Cases/Template testcases/TC0827 FAILED.
Reason:
com.kms.katalon.core.exception.StepFailedException: Unable to click on object 'Object Repository/Page_KiboPush  Create Broadcast Tem/i_fa fa-times fa-stack-2x (3)'
	at com.kms.katalon.core.webui.keyword.internal.WebUIKeywordMain.stepFailed(WebUIKeywordMain.groovy:64)
	at com.kms.katalon.core.webui.keyword.internal.WebUIKeywordMain.runKeyword(WebUIKeywordMain.groovy:26)
	at com.kms.katalon.core.webui.keyword.builtin.ClickKeyword.click(ClickKeyword.groovy:86)
	at com.kms.katalon.core.webui.keyword.builtin.ClickKeyword.execute(ClickKeyword.groovy:67)
	at com.kms.katalon.core.keyword.internal.KeywordExecutor.executeKeywordForPlatform(KeywordExecutor.groovy:56)
	at com.kms.katalon.core.webui.keyword.WebUiBuiltInKeywords.click(WebUiBuiltInKeywords.groovy:616)
	at com.kms.katalon.core.webui.keyword.WebUiBuiltInKeywords$click$2.call(Unknown Source)
	at TC0827.run(TC0827:28)
	at com.kms.katalon.core.main.ScriptEngine.run(ScriptEngine.java:194)
	at com.kms.katalon.core.main.ScriptEngine.runScriptAsRawText(ScriptEngine.java:119)
	at com.kms.katalon.core.main.TestCaseExecutor.runScript(TestCaseExecutor.java:336)
	at com.kms.katalon.core.main.TestCaseExecutor.doExecute(TestCaseExecutor.java:327)
	at com.kms.katalon.core.main.TestCaseExecutor.processExecutionPhase(TestCaseExecutor.java:306)
	at com.kms.katalon.core.main.TestCaseExecutor.accessMainPhase(TestCaseExecutor.java:298)
	at com.kms.katalon.core.main.TestCaseExecutor.execute(TestCaseExecutor.java:232)
	at com.kms.katalon.core.main.TestSuiteExecutor.accessTestCaseMainPhase(TestSuiteExecutor.java:129)
	at com.kms.katalon.core.main.TestSuiteExecutor.accessTestSuiteMainPhase(TestSuiteExecutor.java:112)
	at com.kms.katalon.core.main.TestSuiteExecutor.execute(TestSuiteExecutor.java:81)
	at com.kms.katalon.core.main.TestCaseMain.startTestSuite(TestCaseMain.java:157)
	at com.kms.katalon.core.main.TestCaseMain$startTestSuite$0.call(Unknown Source)
	at TempTestSuite1555795243480.run(TempTestSuite1555795243480.groovy:35)
Caused by: com.kms.katalon.core.webui.exception.WebElementNotFoundException: Web element with id: 'Object Repository/Page_KiboPush  Create Broadcast Tem/i_fa fa-times fa-stack-2x (3)' located by 'By.xpath: id("List1")/div[@class="draggable"]/div[@class="broadcast-component"]/div[1]/span[@class="fa-stack"]/i[@class="fa fa-times fa-stack-2x"]' not found
	at com.kms.katalon.core.webui.common.WebUiCommonHelper.findWebElement(WebUiCommonHelper.java:1097)
	at com.kms.katalon.core.webui.keyword.internal.WebUIAbstractKeyword.findWebElement(WebUIAbstractKeyword.groovy:27)
	at com.kms.katalon.core.webui.keyword.internal.WebUIAbstractKeyword.findWebElement(WebUIAbstractKeyword.groovy:26)
	at com.kms.katalon.core.webui.keyword.builtin.ClickKeyword$_click_closure1.doCall(ClickKeyword.groovy:77)
	at com.kms.katalon.core.webui.keyword.builtin.ClickKeyword$_click_closure1.call(ClickKeyword.groovy)
	at com.kms.katalon.core.webui.keyword.internal.WebUIKeywordMain.runKeyword(WebUIKeywordMain.groovy:20)
	at com.kms.katalon.core.webui.keyword.builtin.ClickKeyword.click(ClickKeyword.groovy:86)
	at com.kms.katalon.core.webui.keyword.builtin.ClickKeyword.execute(ClickKeyword.groovy:67)
	at com.kms.katalon.core.keyword.internal.KeywordExecutor.executeKeywordForPlatform(KeywordExecutor.groovy:56)
	at com.kms.katalon.core.webui.keyword.WebUiBuiltInKeywords.click(WebUiBuiltInKeywords.groovy:616)
	at com.kms.katalon.core.webui.keyword.WebUiBuiltInKeywords$click$2.call(Unknown Source)
	at Script1537091115705.run(Script1537091115705.groovy:28)
	... 13 more


2019-04-21 02:49:38 - [TEST_STEP][PASSED] - callTestCase(findTestCase("Template testcases/TC0813"), [:], STOP_ON_FAILURE): Call Test Case 'Test Cases/Template testcases/TC0813' successfully

2019-04-21 02:49:38 - [TEST_CASE][PASSED] - Test Cases/Template testcases/TC0813: Test Cases/Template testcases/TC0813

2019-04-21 02:49:38 - [TEST_STEP][PASSED] - callTestCase(findTestCase("Template testcases/TC0768"), [:], STOP_ON_FAILURE): Call Test Case 'Test Cases/Template testcases/TC0768' successfully

2019-04-21 02:49:38 - [TEST_CASE][PASSED] - Test Cases/Template testcases/TC0768: Test Cases/Template testcases/TC0768

2019-04-21 02:49:38 - [TEST_STEP][PASSED] - callTestCase(findTestCase("s-sidebar_navigation/individualAccount/Template"), [:], STOP_ON_FAILURE): Call Test Case 'Test Cases/s-sidebar_navigation/individualAccount/Template' successfully

2019-04-21 02:49:38 - [TEST_CASE][PASSED] - Test Cases/s-sidebar_navigation/individualAccount/Template: Test Cases/s-sidebar_navigation/individualAccount/Template

2019-04-21 02:49:38 - [TEST_STEP][PASSED] - click(findTestObject("Page_KiboPush  Dashboard/span_Broadcasts")): Object: 'Object Repository/Page_KiboPush  Dashboard/span_Broadcasts' is clicked on

2019-04-21 02:49:38 - [MESSAGE][PASSED] - Object: 'Object Repository/Page_KiboPush  Dashboard/span_Broadcasts' is clicked on

2019-04-21 02:49:38 - [TEST_STEP][PASSED] - delay(1): Delayed 1 second(s)

2019-04-21 02:49:39 - [MESSAGE][PASSED] - Delayed 1 second(s)

2019-04-21 02:49:39 - [TEST_STEP][PASSED] - click(findTestObject("Page_KiboPush  Dashboard/span_Templates")): Object: 'Object Repository/Page_KiboPush  Dashboard/span_Templates' is clicked on

2019-04-21 02:49:40 - [MESSAGE][PASSED] - Object: 'Object Repository/Page_KiboPush  Dashboard/span_Templates' is clicked on

2019-04-21 02:49:40 - [TEST_STEP][PASSED] - delay(3): Delayed 3 second(s)

2019-04-21 02:49:43 - [MESSAGE][PASSED] - Delayed 3 second(s)

2019-04-21 02:49:43 - [TEST_STEP][PASSED] - scrollToPosition(0, 0): Browser is scrolled to position x = 0, y = 0

2019-04-21 02:49:43 - [MESSAGE][PASSED] - Browser is scrolled to position x = 0, y = 0

2019-04-21 02:49:43 - [TEST_STEP][PASSED] - click(findTestObject("Object Repository/Page_KiboEngage  Templates/h3_Templates")): Object: 'Object Repository/Page_KiboEngage  Templates/h3_Templates' is clicked on

2019-04-21 02:49:43 - [MESSAGE][PASSED] - Object: 'Object Repository/Page_KiboEngage  Templates/h3_Templates' is clicked on

2019-04-21 02:49:43 - [TEST_STEP][PASSED] - delay(3): Delayed 3 second(s)

2019-04-21 02:49:46 - [MESSAGE][PASSED] - Delayed 3 second(s)

2019-04-21 02:49:46 - [MESSAGE][PASSED] - Call Test Case 'Test Cases/s-sidebar_navigation/individualAccount/Template' successfully

2019-04-21 02:49:46 - [TEST_STEP][PASSED] - click(findTestObject("Object Repository/Page_KiboPush  Dashboard/button_Create New")): Object: 'Object Repository/Page_KiboPush  Dashboard/button_Create New' is clicked on

2019-04-21 02:49:46 - [MESSAGE][PASSED] - Object: 'Object Repository/Page_KiboPush  Dashboard/button_Create New' is clicked on

2019-04-21 02:49:46 - [TEST_STEP][PASSED] - click(findTestObject("Object Repository/Page_KiboPush  Create Broadcast Tem/h3_Create Broadcast Template")): Object: 'Object Repository/Page_KiboPush  Create Broadcast Tem/h3_Create Broadcast Template' is clicked on

2019-04-21 02:49:46 - [MESSAGE][PASSED] - Object: 'Object Repository/Page_KiboPush  Create Broadcast Tem/h3_Create Broadcast Template' is clicked on

2019-04-21 02:49:46 - [MESSAGE][PASSED] - Call Test Case 'Test Cases/Template testcases/TC0768' successfully

2019-04-21 02:49:46 - [TEST_STEP][PASSED] - click(findTestObject("Page_KiboPush  Create Broadcast Tem/h3_Create Broadcast Template (7) (1)")): Object: 'Object Repository/Page_KiboPush  Create Broadcast Tem/h3_Create Broadcast Template (7) (1)' is clicked on

2019-04-21 02:49:46 - [MESSAGE][PASSED] - Object: 'Object Repository/Page_KiboPush  Create Broadcast Tem/h3_Create Broadcast Template (7) (1)' is clicked on

2019-04-21 02:49:46 - [TEST_STEP][PASSED] - click(findTestObject("Page_KiboPush  Create Broadcast Tem/h6_Media (1)")): Object: 'Object Repository/Page_KiboPush  Create Broadcast Tem/h6_Media (1)' is clicked on

2019-04-21 02:49:47 - [MESSAGE][PASSED] - Object: 'Object Repository/Page_KiboPush  Create Broadcast Tem/h6_Media (1)' is clicked on

2019-04-21 02:49:47 - [TEST_STEP][PASSED] - click(findTestObject("Object Repository/Page_KiboEngage  Create Broadcast Template/div_New media component added")): Object: 'Object Repository/Page_KiboEngage  Create Broadcast Template/div_New media component added' is clicked on

2019-04-21 02:49:47 - [MESSAGE][PASSED] - Object: 'Object Repository/Page_KiboEngage  Create Broadcast Template/div_New media component added' is clicked on

2019-04-21 02:49:47 - [MESSAGE][PASSED] - Call Test Case 'Test Cases/Template testcases/TC0813' successfully

2019-04-21 02:49:47 - [TEST_STEP][FAILED] - click(findTestObject("Page_KiboPush  Create Broadcast Tem/i_fa fa-times fa-stack-2x (3)")): Unable to click on object 'Object Repository/Page_KiboPush  Create Broadcast Tem/i_fa fa-times fa-stack-2x (3)' (Root cause: com.kms.katalon.core.exception.StepFailedException: Unable to click on object 'Object Repository/Page_KiboPush  Create Broadcast Tem/i_fa fa-times fa-stack-2x (3)'
	at com.kms.katalon.core.webui.keyword.internal.WebUIKeywordMain.stepFailed(WebUIKeywordMain.groovy:64)
	at com.kms.katalon.core.webui.keyword.internal.WebUIKeywordMain.runKeyword(WebUIKeywordMain.groovy:26)
	at com.kms.katalon.core.webui.keyword.builtin.ClickKeyword.click(ClickKeyword.groovy:86)
	at com.kms.katalon.core.webui.keyword.builtin.ClickKeyword.execute(ClickKeyword.groovy:67)
	at com.kms.katalon.core.keyword.internal.KeywordExecutor.executeKeywordForPlatform(KeywordExecutor.groovy:56)
	at com.kms.katalon.core.webui.keyword.WebUiBuiltInKeywords.click(WebUiBuiltInKeywords.groovy:616)
	at com.kms.katalon.core.webui.keyword.WebUiBuiltInKeywords$click$2.call(Unknown Source)
	at TC0827.run(TC0827:28)
	at com.kms.katalon.core.main.ScriptEngine.run(ScriptEngine.java:194)
	at com.kms.katalon.core.main.ScriptEngine.runScriptAsRawText(ScriptEngine.java:119)
	at com.kms.katalon.core.main.TestCaseExecutor.runScript(TestCaseExecutor.java:336)
	at com.kms.katalon.core.main.TestCaseExecutor.doExecute(TestCaseExecutor.java:327)
	at com.kms.katalon.core.main.TestCaseExecutor.processExecutionPhase(TestCaseExecutor.java:306)
	at com.kms.katalon.core.main.TestCaseExecutor.accessMainPhase(TestCaseExecutor.java:298)
	at com.kms.katalon.core.main.TestCaseExecutor.execute(TestCaseExecutor.java:232)
	at com.kms.katalon.core.main.TestSuiteExecutor.accessTestCaseMainPhase(TestSuiteExecutor.java:129)
	at com.kms.katalon.core.main.TestSuiteExecutor.accessTestSuiteMainPhase(TestSuiteExecutor.java:112)
	at com.kms.katalon.core.main.TestSuiteExecutor.execute(TestSuiteExecutor.java:81)
	at com.kms.katalon.core.main.TestCaseMain.startTestSuite(TestCaseMain.java:157)
	at com.kms.katalon.core.main.TestCaseMain$startTestSuite$0.call(Unknown Source)
	at TempTestSuite1555795243480.run(TempTestSuite1555795243480.groovy:35)
Caused by: com.kms.katalon.core.webui.exception.WebElementNotFoundException: Web element with id: 'Object Repository/Page_KiboPush  Create Broadcast Tem/i_fa fa-times fa-stack-2x (3)' located by 'By.xpath: id("List1")/div[@class="draggable"]/div[@class="broadcast-component"]/div[1]/span[@class="fa-stack"]/i[@class="fa fa-times fa-stack-2x"]' not found
	at com.kms.katalon.core.webui.common.WebUiCommonHelper.findWebElement(WebUiCommonHelper.java:1097)
	at com.kms.katalon.core.webui.keyword.internal.WebUIAbstractKeyword.findWebElement(WebUIAbstractKeyword.groovy:27)
	at com.kms.katalon.core.webui.keyword.internal.WebUIAbstractKeyword.findWebElement(WebUIAbstractKeyword.groovy:26)
	at com.kms.katalon.core.webui.keyword.builtin.ClickKeyword$_click_closure1.doCall(ClickKeyword.groovy:77)
	at com.kms.katalon.core.webui.keyword.builtin.ClickKeyword$_click_closure1.call(ClickKeyword.groovy)
	at com.kms.katalon.core.webui.keyword.internal.WebUIKeywordMain.runKeyword(WebUIKeywordMain.groovy:20)
	at com.kms.katalon.core.webui.keyword.builtin.ClickKeyword.click(ClickKeyword.groovy:86)
	at com.kms.katalon.core.webui.keyword.builtin.ClickKeyword.execute(ClickKeyword.groovy:67)
	at com.kms.katalon.core.keyword.internal.KeywordExecutor.executeKeywordForPlatform(KeywordExecutor.groovy:56)
	at com.kms.katalon.core.webui.keyword.WebUiBuiltInKeywords.click(WebUiBuiltInKeywords.groovy:616)
	at com.kms.katalon.core.webui.keyword.WebUiBuiltInKeywords$click$2.call(Unknown Source)
	at Script1537091115705.run(Script1537091115705.groovy:28)
	... 13 more
)

2019-04-21 02:50:18 - [MESSAGE][INFO] - Unable to find the element located by 'By.xpath: id("List1")/div[@class="draggable"]/div[@class="broadcast-component"]/div[1]/span[@class="fa-stack"]/i[@class="fa fa-times fa-stack-2x"]'. Please recheck the objects properties to make sure the desired element is located. 

2019-04-21 02:50:18 - [MESSAGE][FAILED] - Unable to click on object 'Object Repository/Page_KiboPush  Create Broadcast Tem/i_fa fa-times fa-stack-2x (3)' (Root cause: com.kms.katalon.core.exception.StepFailedException: Unable to click on object 'Object Repository/Page_KiboPush  Create Broadcast Tem/i_fa fa-times fa-stack-2x (3)'
	at com.kms.katalon.core.webui.keyword.internal.WebUIKeywordMain.stepFailed(WebUIKeywordMain.groovy:64)
	at com.kms.katalon.core.webui.keyword.internal.WebUIKeywordMain.runKeyword(WebUIKeywordMain.groovy:26)
	at com.kms.katalon.core.webui.keyword.builtin.ClickKeyword.click(ClickKeyword.groovy:86)
	at com.kms.katalon.core.webui.keyword.builtin.ClickKeyword.execute(ClickKeyword.groovy:67)
	at com.kms.katalon.core.keyword.internal.KeywordExecutor.executeKeywordForPlatform(KeywordExecutor.groovy:56)
	at com.kms.katalon.core.webui.keyword.WebUiBuiltInKeywords.click(WebUiBuiltInKeywords.groovy:616)
	at com.kms.katalon.core.webui.keyword.WebUiBuiltInKeywords$click$2.call(Unknown Source)
	at TC0827.run(TC0827:28)
	at com.kms.katalon.core.main.ScriptEngine.run(ScriptEngine.java:194)
	at com.kms.katalon.core.main.ScriptEngine.runScriptAsRawText(ScriptEngine.java:119)
	at com.kms.katalon.core.main.TestCaseExecutor.runScript(TestCaseExecutor.java:336)
	at com.kms.katalon.core.main.TestCaseExecutor.doExecute(TestCaseExecutor.java:327)
	at com.kms.katalon.core.main.TestCaseExecutor.processExecutionPhase(TestCaseExecutor.java:306)
	at com.kms.katalon.core.main.TestCaseExecutor.accessMainPhase(TestCaseExecutor.java:298)
	at com.kms.katalon.core.main.TestCaseExecutor.execute(TestCaseExecutor.java:232)
	at com.kms.katalon.core.main.TestSuiteExecutor.accessTestCaseMainPhase(TestSuiteExecutor.java:129)
	at com.kms.katalon.core.main.TestSuiteExecutor.accessTestSuiteMainPhase(TestSuiteExecutor.java:112)
	at com.kms.katalon.core.main.TestSuiteExecutor.execute(TestSuiteExecutor.java:81)
	at com.kms.katalon.core.main.TestCaseMain.startTestSuite(TestCaseMain.java:157)
	at com.kms.katalon.core.main.TestCaseMain$startTestSuite$0.call(Unknown Source)
	at TempTestSuite1555795243480.run(TempTestSuite1555795243480.groovy:35)
Caused by: com.kms.katalon.core.webui.exception.WebElementNotFoundException: Web element with id: 'Object Repository/Page_KiboPush  Create Broadcast Tem/i_fa fa-times fa-stack-2x (3)' located by 'By.xpath: id("List1")/div[@class="draggable"]/div[@class="broadcast-component"]/div[1]/span[@class="fa-stack"]/i[@class="fa fa-times fa-stack-2x"]' not found
	at com.kms.katalon.core.webui.common.WebUiCommonHelper.findWebElement(WebUiCommonHelper.java:1097)
	at com.kms.katalon.core.webui.keyword.internal.WebUIAbstractKeyword.findWebElement(WebUIAbstractKeyword.groovy:27)
	at com.kms.katalon.core.webui.keyword.internal.WebUIAbstractKeyword.findWebElement(WebUIAbstractKeyword.groovy:26)
	at com.kms.katalon.core.webui.keyword.builtin.ClickKeyword$_click_closure1.doCall(ClickKeyword.groovy:77)
	at com.kms.katalon.core.webui.keyword.builtin.ClickKeyword$_click_closure1.call(ClickKeyword.groovy)
	at com.kms.katalon.core.webui.keyword.internal.WebUIKeywordMain.runKeyword(WebUIKeywordMain.groovy:20)
	at com.kms.katalon.core.webui.keyword.builtin.ClickKeyword.click(ClickKeyword.groovy:86)
	at com.kms.katalon.core.webui.keyword.builtin.ClickKeyword.execute(ClickKeyword.groovy:67)
	at com.kms.katalon.core.keyword.internal.KeywordExecutor.executeKeywordForPlatform(KeywordExecutor.groovy:56)
	at com.kms.katalon.core.webui.keyword.WebUiBuiltInKeywords.click(WebUiBuiltInKeywords.groovy:616)
	at com.kms.katalon.core.webui.keyword.WebUiBuiltInKeywords$click$2.call(Unknown Source)
	at Script1537091115705.run(Script1537091115705.groovy:28)
	... 13 more
)
[[ATTACHMENT|/home/faizan/Drive/KiboPush_Automated_Testing/KiboPush Katalon/Reports/Faizan Suits/Template/20190421_022043/1555797018339.png]]]]></system-out>
         <system-err><![CDATA[2019-04-21 02:49:38 - [TEST_CASE][FAILED] - Test Cases/Template testcases/TC0827: Test Cases/Template testcases/TC0827 FAILED.
Reason:
com.kms.katalon.core.exception.StepFailedException: Unable to click on object 'Object Repository/Page_KiboPush  Create Broadcast Tem/i_fa fa-times fa-stack-2x (3)'
	at com.kms.katalon.core.webui.keyword.internal.WebUIKeywordMain.stepFailed(WebUIKeywordMain.groovy:64)
	at com.kms.katalon.core.webui.keyword.internal.WebUIKeywordMain.runKeyword(WebUIKeywordMain.groovy:26)
	at com.kms.katalon.core.webui.keyword.builtin.ClickKeyword.click(ClickKeyword.groovy:86)
	at com.kms.katalon.core.webui.keyword.builtin.ClickKeyword.execute(ClickKeyword.groovy:67)
	at com.kms.katalon.core.keyword.internal.KeywordExecutor.executeKeywordForPlatform(KeywordExecutor.groovy:56)
	at com.kms.katalon.core.webui.keyword.WebUiBuiltInKeywords.click(WebUiBuiltInKeywords.groovy:616)
	at com.kms.katalon.core.webui.keyword.WebUiBuiltInKeywords$click$2.call(Unknown Source)
	at TC0827.run(TC0827:28)
	at com.kms.katalon.core.main.ScriptEngine.run(ScriptEngine.java:194)
	at com.kms.katalon.core.main.ScriptEngine.runScriptAsRawText(ScriptEngine.java:119)
	at com.kms.katalon.core.main.TestCaseExecutor.runScript(TestCaseExecutor.java:336)
	at com.kms.katalon.core.main.TestCaseExecutor.doExecute(TestCaseExecutor.java:327)
	at com.kms.katalon.core.main.TestCaseExecutor.processExecutionPhase(TestCaseExecutor.java:306)
	at com.kms.katalon.core.main.TestCaseExecutor.accessMainPhase(TestCaseExecutor.java:298)
	at com.kms.katalon.core.main.TestCaseExecutor.execute(TestCaseExecutor.java:232)
	at com.kms.katalon.core.main.TestSuiteExecutor.accessTestCaseMainPhase(TestSuiteExecutor.java:129)
	at com.kms.katalon.core.main.TestSuiteExecutor.accessTestSuiteMainPhase(TestSuiteExecutor.java:112)
	at com.kms.katalon.core.main.TestSuiteExecutor.execute(TestSuiteExecutor.java:81)
	at com.kms.katalon.core.main.TestCaseMain.startTestSuite(TestCaseMain.java:157)
	at com.kms.katalon.core.main.TestCaseMain$startTestSuite$0.call(Unknown Source)
	at TempTestSuite1555795243480.run(TempTestSuite1555795243480.groovy:35)
Caused by: com.kms.katalon.core.webui.exception.WebElementNotFoundException: Web element with id: 'Object Repository/Page_KiboPush  Create Broadcast Tem/i_fa fa-times fa-stack-2x (3)' located by 'By.xpath: id("List1")/div[@class="draggable"]/div[@class="broadcast-component"]/div[1]/span[@class="fa-stack"]/i[@class="fa fa-times fa-stack-2x"]' not found
	at com.kms.katalon.core.webui.common.WebUiCommonHelper.findWebElement(WebUiCommonHelper.java:1097)
	at com.kms.katalon.core.webui.keyword.internal.WebUIAbstractKeyword.findWebElement(WebUIAbstractKeyword.groovy:27)
	at com.kms.katalon.core.webui.keyword.internal.WebUIAbstractKeyword.findWebElement(WebUIAbstractKeyword.groovy:26)
	at com.kms.katalon.core.webui.keyword.builtin.ClickKeyword$_click_closure1.doCall(ClickKeyword.groovy:77)
	at com.kms.katalon.core.webui.keyword.builtin.ClickKeyword$_click_closure1.call(ClickKeyword.groovy)
	at com.kms.katalon.core.webui.keyword.internal.WebUIKeywordMain.runKeyword(WebUIKeywordMain.groovy:20)
	at com.kms.katalon.core.webui.keyword.builtin.ClickKeyword.click(ClickKeyword.groovy:86)
	at com.kms.katalon.core.webui.keyword.builtin.ClickKeyword.execute(ClickKeyword.groovy:67)
	at com.kms.katalon.core.keyword.internal.KeywordExecutor.executeKeywordForPlatform(KeywordExecutor.groovy:56)
	at com.kms.katalon.core.webui.keyword.WebUiBuiltInKeywords.click(WebUiBuiltInKeywords.groovy:616)
	at com.kms.katalon.core.webui.keyword.WebUiBuiltInKeywords$click$2.call(Unknown Source)
	at Script1537091115705.run(Script1537091115705.groovy:28)
	... 13 more]]></system-err>
      </testcase>
      <testcase name="Test Cases/Template testcases/TC0828" classname="Test Cases/Template testcases/TC0828" status="ERROR">
         <error type="ERROR" message="Test Cases/Template testcases/TC0828 FAILED.
Reason:
org.codehaus.groovy.runtime.typehandling.GroovyCastException: Cannot cast object 'TestObject - 'Object Repository/Page_KiboEngage  Create Broadcast Template/button_Done (2)'' with class 'com.kms.katalon.core.testobject.TestObject' to class 'org.openqa.selenium.WebElement'
	at TC0828.run(TC0828:38)
	at com.kms.katalon.core.main.ScriptEngine.run(ScriptEngine.java:194)
	at com.kms.katalon.core.main.ScriptEngine.runScriptAsRawText(ScriptEngine.java:119)
	at com.kms.katalon.core.main.TestCaseExecutor.runScript(TestCaseExecutor.java:336)
	at com.kms.katalon.core.main.TestCaseExecutor.doExecute(TestCaseExecutor.java:327)
	at com.kms.katalon.core.main.TestCaseExecutor.processExecutionPhase(TestCaseExecutor.java:306)
	at com.kms.katalon.core.main.TestCaseExecutor.accessMainPhase(TestCaseExecutor.java:298)
	at com.kms.katalon.core.main.TestCaseExecutor.execute(TestCaseExecutor.java:232)
	at com.kms.katalon.core.main.TestSuiteExecutor.accessTestCaseMainPhase(TestSuiteExecutor.java:129)
	at com.kms.katalon.core.main.TestSuiteExecutor.accessTestSuiteMainPhase(TestSuiteExecutor.java:112)
	at com.kms.katalon.core.main.TestSuiteExecutor.execute(TestSuiteExecutor.java:81)
	at com.kms.katalon.core.main.TestCaseMain.startTestSuite(TestCaseMain.java:157)
	at com.kms.katalon.core.main.TestCaseMain$startTestSuite$0.call(Unknown Source)
	at TempTestSuite1555795243480.run(TempTestSuite1555795243480.groovy:35)
"/>
         <system-out><![CDATA[2019-04-21 02:50:18 - [TEST_CASE][ERROR] - Test Cases/Template testcases/TC0828: Test Cases/Template testcases/TC0828 FAILED.
Reason:
org.codehaus.groovy.runtime.typehandling.GroovyCastException: Cannot cast object 'TestObject - 'Object Repository/Page_KiboEngage  Create Broadcast Template/button_Done (2)'' with class 'com.kms.katalon.core.testobject.TestObject' to class 'org.openqa.selenium.WebElement'
	at TC0828.run(TC0828:38)
	at com.kms.katalon.core.main.ScriptEngine.run(ScriptEngine.java:194)
	at com.kms.katalon.core.main.ScriptEngine.runScriptAsRawText(ScriptEngine.java:119)
	at com.kms.katalon.core.main.TestCaseExecutor.runScript(TestCaseExecutor.java:336)
	at com.kms.katalon.core.main.TestCaseExecutor.doExecute(TestCaseExecutor.java:327)
	at com.kms.katalon.core.main.TestCaseExecutor.processExecutionPhase(TestCaseExecutor.java:306)
	at com.kms.katalon.core.main.TestCaseExecutor.accessMainPhase(TestCaseExecutor.java:298)
	at com.kms.katalon.core.main.TestCaseExecutor.execute(TestCaseExecutor.java:232)
	at com.kms.katalon.core.main.TestSuiteExecutor.accessTestCaseMainPhase(TestSuiteExecutor.java:129)
	at com.kms.katalon.core.main.TestSuiteExecutor.accessTestSuiteMainPhase(TestSuiteExecutor.java:112)
	at com.kms.katalon.core.main.TestSuiteExecutor.execute(TestSuiteExecutor.java:81)
	at com.kms.katalon.core.main.TestCaseMain.startTestSuite(TestCaseMain.java:157)
	at com.kms.katalon.core.main.TestCaseMain$startTestSuite$0.call(Unknown Source)
	at TempTestSuite1555795243480.run(TempTestSuite1555795243480.groovy:35)


2019-04-21 02:50:18 - [TEST_STEP][PASSED] - callTestCase(findTestCase("Template testcases/TC0769"), [:], STOP_ON_FAILURE): Call Test Case 'Test Cases/Template testcases/TC0769' successfully

2019-04-21 02:50:18 - [TEST_CASE][PASSED] - Test Cases/Template testcases/TC0769: Test Cases/Template testcases/TC0769

2019-04-21 02:50:18 - [TEST_STEP][PASSED] - callTestCase(findTestCase("Template testcases/TC0768"), [:], STOP_ON_FAILURE): Call Test Case 'Test Cases/Template testcases/TC0768' successfully

2019-04-21 02:50:18 - [TEST_CASE][PASSED] - Test Cases/Template testcases/TC0768: Test Cases/Template testcases/TC0768

2019-04-21 02:50:18 - [TEST_STEP][PASSED] - callTestCase(findTestCase("s-sidebar_navigation/individualAccount/Template"), [:], STOP_ON_FAILURE): Call Test Case 'Test Cases/s-sidebar_navigation/individualAccount/Template' successfully

2019-04-21 02:50:18 - [TEST_CASE][PASSED] - Test Cases/s-sidebar_navigation/individualAccount/Template: Test Cases/s-sidebar_navigation/individualAccount/Template

2019-04-21 02:50:18 - [TEST_STEP][PASSED] - click(findTestObject("Page_KiboPush  Dashboard/span_Broadcasts")): Object: 'Object Repository/Page_KiboPush  Dashboard/span_Broadcasts' is clicked on

2019-04-21 02:50:19 - [MESSAGE][PASSED] - Object: 'Object Repository/Page_KiboPush  Dashboard/span_Broadcasts' is clicked on

2019-04-21 02:50:19 - [TEST_STEP][PASSED] - delay(1): Delayed 1 second(s)

2019-04-21 02:50:20 - [MESSAGE][PASSED] - Delayed 1 second(s)

2019-04-21 02:50:20 - [TEST_STEP][PASSED] - click(findTestObject("Page_KiboPush  Dashboard/span_Templates")): Object: 'Object Repository/Page_KiboPush  Dashboard/span_Templates' is clicked on

2019-04-21 02:50:20 - [MESSAGE][PASSED] - Object: 'Object Repository/Page_KiboPush  Dashboard/span_Templates' is clicked on

2019-04-21 02:50:20 - [TEST_STEP][PASSED] - delay(3): Delayed 3 second(s)

2019-04-21 02:50:23 - [MESSAGE][PASSED] - Delayed 3 second(s)

2019-04-21 02:50:23 - [TEST_STEP][PASSED] - scrollToPosition(0, 0): Browser is scrolled to position x = 0, y = 0

2019-04-21 02:50:23 - [MESSAGE][PASSED] - Browser is scrolled to position x = 0, y = 0

2019-04-21 02:50:23 - [TEST_STEP][PASSED] - click(findTestObject("Object Repository/Page_KiboEngage  Templates/h3_Templates")): Object: 'Object Repository/Page_KiboEngage  Templates/h3_Templates' is clicked on

2019-04-21 02:50:23 - [MESSAGE][PASSED] - Object: 'Object Repository/Page_KiboEngage  Templates/h3_Templates' is clicked on

2019-04-21 02:50:23 - [TEST_STEP][PASSED] - delay(3): Delayed 3 second(s)

2019-04-21 02:50:26 - [MESSAGE][PASSED] - Delayed 3 second(s)

2019-04-21 02:50:26 - [MESSAGE][PASSED] - Call Test Case 'Test Cases/s-sidebar_navigation/individualAccount/Template' successfully

2019-04-21 02:50:26 - [TEST_STEP][PASSED] - click(findTestObject("Object Repository/Page_KiboPush  Dashboard/button_Create New")): Object: 'Object Repository/Page_KiboPush  Dashboard/button_Create New' is clicked on

2019-04-21 02:50:26 - [MESSAGE][PASSED] - Object: 'Object Repository/Page_KiboPush  Dashboard/button_Create New' is clicked on

2019-04-21 02:50:26 - [TEST_STEP][PASSED] - click(findTestObject("Object Repository/Page_KiboPush  Create Broadcast Tem/h3_Create Broadcast Template")): Object: 'Object Repository/Page_KiboPush  Create Broadcast Tem/h3_Create Broadcast Template' is clicked on

2019-04-21 02:50:26 - [MESSAGE][PASSED] - Object: 'Object Repository/Page_KiboPush  Create Broadcast Tem/h3_Create Broadcast Template' is clicked on

2019-04-21 02:50:26 - [MESSAGE][PASSED] - Call Test Case 'Test Cases/Template testcases/TC0768' successfully

2019-04-21 02:50:26 - [TEST_STEP][PASSED] - click(findTestObject("Page_KiboPush  Create Broadcast Tem/h6_Text (4)")): Object: 'Object Repository/Page_KiboPush  Create Broadcast Tem/h6_Text (4)' is clicked on

2019-04-21 02:50:27 - [MESSAGE][PASSED] - Object: 'Object Repository/Page_KiboPush  Create Broadcast Tem/h6_Text (4)' is clicked on

2019-04-21 02:50:27 - [TEST_STEP][PASSED] - click(findTestObject("Object Repository/Page_KiboEngage  Create Broadcast Template/div_New text component added")): Object: 'Object Repository/Page_KiboEngage  Create Broadcast Template/div_New text component added' is clicked on

2019-04-21 02:50:27 - [MESSAGE][PASSED] - Object: 'Object Repository/Page_KiboEngage  Create Broadcast Template/div_New text component added' is clicked on

2019-04-21 02:50:27 - [TEST_STEP][PASSED] - delay(2): Delayed 2 second(s)

2019-04-21 02:50:29 - [MESSAGE][PASSED] - Delayed 2 second(s)

2019-04-21 02:50:29 - [MESSAGE][PASSED] - Call Test Case 'Test Cases/Template testcases/TC0769' successfully

2019-04-21 02:50:29 - [TEST_STEP][PASSED] - click(findTestObject("Page_KiboPush  Create Broadcast Tem/h6_ Add Button")): Object: 'Object Repository/Page_KiboPush  Create Broadcast Tem/h6_ Add Button' is clicked on

2019-04-21 02:50:29 - [MESSAGE][PASSED] - Object: 'Object Repository/Page_KiboPush  Create Broadcast Tem/h6_ Add Button' is clicked on

2019-04-21 02:50:29 - [TEST_STEP][PASSED] - click(findTestObject("Page_KiboPush  Create Broadcast Tem/h7_Open a website")): Object: 'Object Repository/Page_KiboPush  Create Broadcast Tem/h7_Open a website' is clicked on

2019-04-21 02:50:29 - [MESSAGE][PASSED] - Object: 'Object Repository/Page_KiboPush  Create Broadcast Tem/h7_Open a website' is clicked on

2019-04-21 02:50:29 - [TEST_STEP][PASSED] - setText(findTestObject("Page_KiboPush  Create Broadcast Tem/input_form-control_1 (8)"), "www.google.com"): Text 'www.google.com' is set on object 'Object Repository/Page_KiboPush  Create Broadcast Tem/input_form-control_1 (8)'

2019-04-21 02:50:30 - [MESSAGE][PASSED] - Text 'www.google.com' is set on object 'Object Repository/Page_KiboPush  Create Broadcast Tem/input_form-control_1 (8)'

2019-04-21 02:50:30 - [TEST_STEP][PASSED] - delay(2): Delayed 2 second(s)

2019-04-21 02:50:32 - [MESSAGE][PASSED] - Delayed 2 second(s)

2019-04-21 02:50:32 - [TEST_STEP][PASSED] - setText(findTestObject("Page_KiboEngage  Create Broadcast Template/input_Open Website_form-control"), "www.google.com"): Text 'www.google.com' is set on object 'Object Repository/Page_KiboEngage  Create Broadcast Template/input_Open Website_form-control'

2019-04-21 02:50:32 - [MESSAGE][PASSED] - Text 'www.google.com' is set on object 'Object Repository/Page_KiboEngage  Create Broadcast Template/input_Open Website_form-control'

2019-04-21 02:50:32 - [TEST_STEP][PASSED] - button = findTestObject("Page_KiboEngage  Create Broadcast Template/button_Done (2)"): null]]></system-out>
         <system-err><![CDATA[2019-04-21 02:50:18 - [TEST_CASE][ERROR] - Test Cases/Template testcases/TC0828: Test Cases/Template testcases/TC0828 FAILED.
Reason:
org.codehaus.groovy.runtime.typehandling.GroovyCastException: Cannot cast object 'TestObject - 'Object Repository/Page_KiboEngage  Create Broadcast Template/button_Done (2)'' with class 'com.kms.katalon.core.testobject.TestObject' to class 'org.openqa.selenium.WebElement'
	at TC0828.run(TC0828:38)
	at com.kms.katalon.core.main.ScriptEngine.run(ScriptEngine.java:194)
	at com.kms.katalon.core.main.ScriptEngine.runScriptAsRawText(ScriptEngine.java:119)
	at com.kms.katalon.core.main.TestCaseExecutor.runScript(TestCaseExecutor.java:336)
	at com.kms.katalon.core.main.TestCaseExecutor.doExecute(TestCaseExecutor.java:327)
	at com.kms.katalon.core.main.TestCaseExecutor.processExecutionPhase(TestCaseExecutor.java:306)
	at com.kms.katalon.core.main.TestCaseExecutor.accessMainPhase(TestCaseExecutor.java:298)
	at com.kms.katalon.core.main.TestCaseExecutor.execute(TestCaseExecutor.java:232)
	at com.kms.katalon.core.main.TestSuiteExecutor.accessTestCaseMainPhase(TestSuiteExecutor.java:129)
	at com.kms.katalon.core.main.TestSuiteExecutor.accessTestSuiteMainPhase(TestSuiteExecutor.java:112)
	at com.kms.katalon.core.main.TestSuiteExecutor.execute(TestSuiteExecutor.java:81)
	at com.kms.katalon.core.main.TestCaseMain.startTestSuite(TestCaseMain.java:157)
	at com.kms.katalon.core.main.TestCaseMain$startTestSuite$0.call(Unknown Source)
	at TempTestSuite1555795243480.run(TempTestSuite1555795243480.groovy:35)]]></system-err>
      </testcase>
      <testcase name="Test Cases/Template testcases/TC0829" classname="Test Cases/Template testcases/TC0829" status="ERROR">
         <error type="ERROR" message="Test Cases/Template testcases/TC0829 FAILED.
Reason:
org.openqa.selenium.NoSuchElementException: no such element: Unable to locate element: {&quot;method&quot;:&quot;xpath&quot;,&quot;selector&quot;:&quot;/html/body/div[5]/div/div/div/div/div[3]/button[1]&quot;}
  (Session info: chrome=73.0.3683.103)
  (Driver info: chromedriver=73.0.3683.68 (47787ec04b6e38e22703e856e101e840b65afe72),platform=Linux 4.15.0-47-generic x86_64) (WARNING: The server did not provide any stacktrace information)
Command duration or timeout: 0 milliseconds
For documentation on this error, please visit: http://seleniumhq.org/exceptions/no_such_element.html
Build info: version: '3.7.1', revision: '8a0099a', time: '2017-11-06T21:07:36.161Z'
System info: host: 'faizan-HP-EliteBook-850-G2', ip: '127.0.1.1', os.name: 'Linux', os.arch: 'amd64', os.version: '4.15.0-47-generic', java.version: '1.8.0_191'
Driver info: com.kms.katalon.selenium.driver.CChromeDriver
Capabilities {acceptInsecureCerts: false, acceptSslCerts: false, applicationCacheEnabled: false, browserConnectionEnabled: false, browserName: chrome, chrome: {chromedriverVersion: 73.0.3683.68 (47787ec04b6e3..., userDataDir: /tmp/.com.google.Chrome.FU0xWS}, cssSelectorsEnabled: true, databaseEnabled: false, goog:chromeOptions: {debuggerAddress: localhost:43539}, handlesAlerts: true, hasTouchScreen: false, javascriptEnabled: true, locationContextEnabled: true, mobileEmulationEnabled: false, nativeEvents: true, networkConnectionEnabled: false, pageLoadStrategy: normal, platform: LINUX, platformName: LINUX, proxy: Proxy(direct), rotatable: false, setWindowRect: true, strictFileInteractability: false, takesHeapSnapshot: true, takesScreenshot: true, timeouts: {implicit: 0, pageLoad: 300000, script: 30000}, unexpectedAlertBehaviour: ignore, unhandledPromptBehavior: ignore, version: 73.0.3683.103, webStorageEnabled: true}
Session ID: f13adca9b43bf4b34e393f07e02ab2e3
*** Element info: {Using=xpath, value=/html/body/div[5]/div/div/div/div/div[3]/button[1]}
	at org.openqa.selenium.remote.ErrorHandler.createThrowable(ErrorHandler.java:214)
	at org.openqa.selenium.remote.ErrorHandler.throwIfResponseFailed(ErrorHandler.java:166)
	at org.openqa.selenium.remote.http.JsonHttpResponseCodec.reconstructValue(JsonHttpResponseCodec.java:40)
	at org.openqa.selenium.remote.http.AbstractHttpResponseCodec.decode(AbstractHttpResponseCodec.java:80)
	at org.openqa.selenium.remote.http.AbstractHttpResponseCodec.decode(AbstractHttpResponseCodec.java:44)
	at org.openqa.selenium.remote.HttpCommandExecutor.execute(HttpCommandExecutor.java:164)
	at org.openqa.selenium.remote.service.DriverCommandExecutor.execute(DriverCommandExecutor.java:83)
	at org.openqa.selenium.remote.RemoteWebDriver.execute(RemoteWebDriver.java:600)
	at com.kms.katalon.selenium.driver.CChromeDriver.execute(CChromeDriver.java:20)
	at org.openqa.selenium.remote.RemoteWebDriver.findElement(RemoteWebDriver.java:370)
	at org.openqa.selenium.remote.RemoteWebDriver.findElementByXPath(RemoteWebDriver.java:472)
	at org.openqa.selenium.By$ByXPath.findElement(By.java:361)
	at org.openqa.selenium.remote.RemoteWebDriver.findElement(RemoteWebDriver.java:362)
	at org.openqa.selenium.WebDriver$findElement$0.call(Unknown Source)
	at TC0829.run(TC0829:35)
	at com.kms.katalon.core.main.ScriptEngine.run(ScriptEngine.java:194)
	at com.kms.katalon.core.main.ScriptEngine.runScriptAsRawText(ScriptEngine.java:119)
	at com.kms.katalon.core.main.TestCaseExecutor.runScript(TestCaseExecutor.java:336)
	at com.kms.katalon.core.main.TestCaseExecutor.doExecute(TestCaseExecutor.java:327)
	at com.kms.katalon.core.main.TestCaseExecutor.processExecutionPhase(TestCaseExecutor.java:306)
	at com.kms.katalon.core.main.TestCaseExecutor.accessMainPhase(TestCaseExecutor.java:298)
	at com.kms.katalon.core.main.TestCaseExecutor.execute(TestCaseExecutor.java:232)
	at com.kms.katalon.core.main.TestSuiteExecutor.accessTestCaseMainPhase(TestSuiteExecutor.java:129)
	at com.kms.katalon.core.main.TestSuiteExecutor.accessTestSuiteMainPhase(TestSuiteExecutor.java:112)
	at com.kms.katalon.core.main.TestSuiteExecutor.execute(TestSuiteExecutor.java:81)
	at com.kms.katalon.core.main.TestCaseMain.startTestSuite(TestCaseMain.java:157)
	at com.kms.katalon.core.main.TestCaseMain$startTestSuite$0.call(Unknown Source)
	at TempTestSuite1555795243480.run(TempTestSuite1555795243480.groovy:35)
"/>
         <system-out><![CDATA[2019-04-21 02:50:32 - [TEST_CASE][ERROR] - Test Cases/Template testcases/TC0829: Test Cases/Template testcases/TC0829 FAILED.
Reason:
org.openqa.selenium.NoSuchElementException: no such element: Unable to locate element: {"method":"xpath","selector":"/html/body/div[5]/div/div/div/div/div[3]/button[1]"}
  (Session info: chrome=73.0.3683.103)
  (Driver info: chromedriver=73.0.3683.68 (47787ec04b6e38e22703e856e101e840b65afe72),platform=Linux 4.15.0-47-generic x86_64) (WARNING: The server did not provide any stacktrace information)
Command duration or timeout: 0 milliseconds
For documentation on this error, please visit: http://seleniumhq.org/exceptions/no_such_element.html
Build info: version: '3.7.1', revision: '8a0099a', time: '2017-11-06T21:07:36.161Z'
System info: host: 'faizan-HP-EliteBook-850-G2', ip: '127.0.1.1', os.name: 'Linux', os.arch: 'amd64', os.version: '4.15.0-47-generic', java.version: '1.8.0_191'
Driver info: com.kms.katalon.selenium.driver.CChromeDriver
Capabilities {acceptInsecureCerts: false, acceptSslCerts: false, applicationCacheEnabled: false, browserConnectionEnabled: false, browserName: chrome, chrome: {chromedriverVersion: 73.0.3683.68 (47787ec04b6e3..., userDataDir: /tmp/.com.google.Chrome.FU0xWS}, cssSelectorsEnabled: true, databaseEnabled: false, goog:chromeOptions: {debuggerAddress: localhost:43539}, handlesAlerts: true, hasTouchScreen: false, javascriptEnabled: true, locationContextEnabled: true, mobileEmulationEnabled: false, nativeEvents: true, networkConnectionEnabled: false, pageLoadStrategy: normal, platform: LINUX, platformName: LINUX, proxy: Proxy(direct), rotatable: false, setWindowRect: true, strictFileInteractability: false, takesHeapSnapshot: true, takesScreenshot: true, timeouts: {implicit: 0, pageLoad: 300000, script: 30000}, unexpectedAlertBehaviour: ignore, unhandledPromptBehavior: ignore, version: 73.0.3683.103, webStorageEnabled: true}
Session ID: f13adca9b43bf4b34e393f07e02ab2e3
*** Element info: {Using=xpath, value=/html/body/div[5]/div/div/div/div/div[3]/button[1]}
	at org.openqa.selenium.remote.ErrorHandler.createThrowable(ErrorHandler.java:214)
	at org.openqa.selenium.remote.ErrorHandler.throwIfResponseFailed(ErrorHandler.java:166)
	at org.openqa.selenium.remote.http.JsonHttpResponseCodec.reconstructValue(JsonHttpResponseCodec.java:40)
	at org.openqa.selenium.remote.http.AbstractHttpResponseCodec.decode(AbstractHttpResponseCodec.java:80)
	at org.openqa.selenium.remote.http.AbstractHttpResponseCodec.decode(AbstractHttpResponseCodec.java:44)
	at org.openqa.selenium.remote.HttpCommandExecutor.execute(HttpCommandExecutor.java:164)
	at org.openqa.selenium.remote.service.DriverCommandExecutor.execute(DriverCommandExecutor.java:83)
	at org.openqa.selenium.remote.RemoteWebDriver.execute(RemoteWebDriver.java:600)
	at com.kms.katalon.selenium.driver.CChromeDriver.execute(CChromeDriver.java:20)
	at org.openqa.selenium.remote.RemoteWebDriver.findElement(RemoteWebDriver.java:370)
	at org.openqa.selenium.remote.RemoteWebDriver.findElementByXPath(RemoteWebDriver.java:472)
	at org.openqa.selenium.By$ByXPath.findElement(By.java:361)
	at org.openqa.selenium.remote.RemoteWebDriver.findElement(RemoteWebDriver.java:362)
	at org.openqa.selenium.WebDriver$findElement$0.call(Unknown Source)
	at TC0829.run(TC0829:35)
	at com.kms.katalon.core.main.ScriptEngine.run(ScriptEngine.java:194)
	at com.kms.katalon.core.main.ScriptEngine.runScriptAsRawText(ScriptEngine.java:119)
	at com.kms.katalon.core.main.TestCaseExecutor.runScript(TestCaseExecutor.java:336)
	at com.kms.katalon.core.main.TestCaseExecutor.doExecute(TestCaseExecutor.java:327)
	at com.kms.katalon.core.main.TestCaseExecutor.processExecutionPhase(TestCaseExecutor.java:306)
	at com.kms.katalon.core.main.TestCaseExecutor.accessMainPhase(TestCaseExecutor.java:298)
	at com.kms.katalon.core.main.TestCaseExecutor.execute(TestCaseExecutor.java:232)
	at com.kms.katalon.core.main.TestSuiteExecutor.accessTestCaseMainPhase(TestSuiteExecutor.java:129)
	at com.kms.katalon.core.main.TestSuiteExecutor.accessTestSuiteMainPhase(TestSuiteExecutor.java:112)
	at com.kms.katalon.core.main.TestSuiteExecutor.execute(TestSuiteExecutor.java:81)
	at com.kms.katalon.core.main.TestCaseMain.startTestSuite(TestCaseMain.java:157)
	at com.kms.katalon.core.main.TestCaseMain$startTestSuite$0.call(Unknown Source)
	at TempTestSuite1555795243480.run(TempTestSuite1555795243480.groovy:35)


2019-04-21 02:50:32 - [TEST_STEP][PASSED] - callTestCase(findTestCase("Template testcases/TC0769"), [:], STOP_ON_FAILURE): Call Test Case 'Test Cases/Template testcases/TC0769' successfully

2019-04-21 02:50:32 - [TEST_CASE][PASSED] - Test Cases/Template testcases/TC0769: Test Cases/Template testcases/TC0769

2019-04-21 02:50:32 - [TEST_STEP][PASSED] - callTestCase(findTestCase("Template testcases/TC0768"), [:], STOP_ON_FAILURE): Call Test Case 'Test Cases/Template testcases/TC0768' successfully

2019-04-21 02:50:32 - [TEST_CASE][PASSED] - Test Cases/Template testcases/TC0768: Test Cases/Template testcases/TC0768

2019-04-21 02:50:32 - [TEST_STEP][PASSED] - callTestCase(findTestCase("s-sidebar_navigation/individualAccount/Template"), [:], STOP_ON_FAILURE): Call Test Case 'Test Cases/s-sidebar_navigation/individualAccount/Template' successfully

2019-04-21 02:50:32 - [TEST_CASE][PASSED] - Test Cases/s-sidebar_navigation/individualAccount/Template: Test Cases/s-sidebar_navigation/individualAccount/Template

2019-04-21 02:50:32 - [TEST_STEP][PASSED] - click(findTestObject("Page_KiboPush  Dashboard/span_Broadcasts")): Object: 'Object Repository/Page_KiboPush  Dashboard/span_Broadcasts' is clicked on

2019-04-21 02:50:33 - [MESSAGE][PASSED] - Object: 'Object Repository/Page_KiboPush  Dashboard/span_Broadcasts' is clicked on

2019-04-21 02:50:33 - [TEST_STEP][PASSED] - delay(1): Delayed 1 second(s)

2019-04-21 02:50:34 - [MESSAGE][PASSED] - Delayed 1 second(s)

2019-04-21 02:50:34 - [TEST_STEP][PASSED] - click(findTestObject("Page_KiboPush  Dashboard/span_Templates")): Object: 'Object Repository/Page_KiboPush  Dashboard/span_Templates' is clicked on

2019-04-21 02:50:34 - [MESSAGE][PASSED] - Object: 'Object Repository/Page_KiboPush  Dashboard/span_Templates' is clicked on

2019-04-21 02:50:34 - [TEST_STEP][PASSED] - delay(3): Delayed 3 second(s)

2019-04-21 02:50:37 - [MESSAGE][PASSED] - Delayed 3 second(s)

2019-04-21 02:50:37 - [TEST_STEP][PASSED] - scrollToPosition(0, 0): Browser is scrolled to position x = 0, y = 0

2019-04-21 02:50:37 - [MESSAGE][PASSED] - Browser is scrolled to position x = 0, y = 0

2019-04-21 02:50:37 - [TEST_STEP][PASSED] - click(findTestObject("Object Repository/Page_KiboEngage  Templates/h3_Templates")): Object: 'Object Repository/Page_KiboEngage  Templates/h3_Templates' is clicked on

2019-04-21 02:50:37 - [MESSAGE][PASSED] - Object: 'Object Repository/Page_KiboEngage  Templates/h3_Templates' is clicked on

2019-04-21 02:50:37 - [TEST_STEP][PASSED] - delay(3): Delayed 3 second(s)

2019-04-21 02:50:40 - [MESSAGE][PASSED] - Delayed 3 second(s)

2019-04-21 02:50:40 - [MESSAGE][PASSED] - Call Test Case 'Test Cases/s-sidebar_navigation/individualAccount/Template' successfully

2019-04-21 02:50:40 - [TEST_STEP][PASSED] - click(findTestObject("Object Repository/Page_KiboPush  Dashboard/button_Create New")): Object: 'Object Repository/Page_KiboPush  Dashboard/button_Create New' is clicked on

2019-04-21 02:50:40 - [MESSAGE][PASSED] - Object: 'Object Repository/Page_KiboPush  Dashboard/button_Create New' is clicked on

2019-04-21 02:50:40 - [TEST_STEP][PASSED] - click(findTestObject("Object Repository/Page_KiboPush  Create Broadcast Tem/h3_Create Broadcast Template")): Object: 'Object Repository/Page_KiboPush  Create Broadcast Tem/h3_Create Broadcast Template' is clicked on

2019-04-21 02:50:40 - [MESSAGE][PASSED] - Object: 'Object Repository/Page_KiboPush  Create Broadcast Tem/h3_Create Broadcast Template' is clicked on

2019-04-21 02:50:40 - [MESSAGE][PASSED] - Call Test Case 'Test Cases/Template testcases/TC0768' successfully

2019-04-21 02:50:40 - [TEST_STEP][PASSED] - click(findTestObject("Page_KiboPush  Create Broadcast Tem/h6_Text (4)")): Object: 'Object Repository/Page_KiboPush  Create Broadcast Tem/h6_Text (4)' is clicked on

2019-04-21 02:50:41 - [MESSAGE][PASSED] - Object: 'Object Repository/Page_KiboPush  Create Broadcast Tem/h6_Text (4)' is clicked on

2019-04-21 02:50:41 - [TEST_STEP][PASSED] - click(findTestObject("Object Repository/Page_KiboEngage  Create Broadcast Template/div_New text component added")): Object: 'Object Repository/Page_KiboEngage  Create Broadcast Template/div_New text component added' is clicked on

2019-04-21 02:50:41 - [MESSAGE][PASSED] - Object: 'Object Repository/Page_KiboEngage  Create Broadcast Template/div_New text component added' is clicked on

2019-04-21 02:50:41 - [TEST_STEP][PASSED] - delay(2): Delayed 2 second(s)

2019-04-21 02:50:43 - [MESSAGE][PASSED] - Delayed 2 second(s)

2019-04-21 02:50:43 - [MESSAGE][PASSED] - Call Test Case 'Test Cases/Template testcases/TC0769' successfully

2019-04-21 02:50:43 - [TEST_STEP][PASSED] - click(findTestObject("Page_KiboPush  Create Broadcast Tem/h6_ Add Button")): Object: 'Object Repository/Page_KiboPush  Create Broadcast Tem/h6_ Add Button' is clicked on

2019-04-21 02:50:43 - [MESSAGE][PASSED] - Object: 'Object Repository/Page_KiboPush  Create Broadcast Tem/h6_ Add Button' is clicked on

2019-04-21 02:50:43 - [TEST_STEP][PASSED] - setText(findTestObject("Page_KiboPush  Create Broadcast Tem/input_form-control (16)"), "google"): Text 'google' is set on object 'Object Repository/Page_KiboPush  Create Broadcast Tem/input_form-control (16)'

2019-04-21 02:50:43 - [MESSAGE][PASSED] - Text 'google' is set on object 'Object Repository/Page_KiboPush  Create Broadcast Tem/input_form-control (16)'

2019-04-21 02:50:43 - [TEST_STEP][PASSED] - delay(2): Delayed 2 second(s)

2019-04-21 02:50:45 - [MESSAGE][PASSED] - Delayed 2 second(s)

2019-04-21 02:50:45 - [TEST_STEP][PASSED] - driver = getWebDriver(): null

2019-04-21 02:50:45 - [TEST_STEP][PASSED] - button = driver.findElement(By.xpath("/html/body/div[5]/div/div/div/div/div[3]/button[1]")): null]]></system-out>
         <system-err><![CDATA[2019-04-21 02:50:32 - [TEST_CASE][ERROR] - Test Cases/Template testcases/TC0829: Test Cases/Template testcases/TC0829 FAILED.
Reason:
org.openqa.selenium.NoSuchElementException: no such element: Unable to locate element: {"method":"xpath","selector":"/html/body/div[5]/div/div/div/div/div[3]/button[1]"}
  (Session info: chrome=73.0.3683.103)
  (Driver info: chromedriver=73.0.3683.68 (47787ec04b6e38e22703e856e101e840b65afe72),platform=Linux 4.15.0-47-generic x86_64) (WARNING: The server did not provide any stacktrace information)
Command duration or timeout: 0 milliseconds
For documentation on this error, please visit: http://seleniumhq.org/exceptions/no_such_element.html
Build info: version: '3.7.1', revision: '8a0099a', time: '2017-11-06T21:07:36.161Z'
System info: host: 'faizan-HP-EliteBook-850-G2', ip: '127.0.1.1', os.name: 'Linux', os.arch: 'amd64', os.version: '4.15.0-47-generic', java.version: '1.8.0_191'
Driver info: com.kms.katalon.selenium.driver.CChromeDriver
Capabilities {acceptInsecureCerts: false, acceptSslCerts: false, applicationCacheEnabled: false, browserConnectionEnabled: false, browserName: chrome, chrome: {chromedriverVersion: 73.0.3683.68 (47787ec04b6e3..., userDataDir: /tmp/.com.google.Chrome.FU0xWS}, cssSelectorsEnabled: true, databaseEnabled: false, goog:chromeOptions: {debuggerAddress: localhost:43539}, handlesAlerts: true, hasTouchScreen: false, javascriptEnabled: true, locationContextEnabled: true, mobileEmulationEnabled: false, nativeEvents: true, networkConnectionEnabled: false, pageLoadStrategy: normal, platform: LINUX, platformName: LINUX, proxy: Proxy(direct), rotatable: false, setWindowRect: true, strictFileInteractability: false, takesHeapSnapshot: true, takesScreenshot: true, timeouts: {implicit: 0, pageLoad: 300000, script: 30000}, unexpectedAlertBehaviour: ignore, unhandledPromptBehavior: ignore, version: 73.0.3683.103, webStorageEnabled: true}
Session ID: f13adca9b43bf4b34e393f07e02ab2e3
*** Element info: {Using=xpath, value=/html/body/div[5]/div/div/div/div/div[3]/button[1]}
	at org.openqa.selenium.remote.ErrorHandler.createThrowable(ErrorHandler.java:214)
	at org.openqa.selenium.remote.ErrorHandler.throwIfResponseFailed(ErrorHandler.java:166)
	at org.openqa.selenium.remote.http.JsonHttpResponseCodec.reconstructValue(JsonHttpResponseCodec.java:40)
	at org.openqa.selenium.remote.http.AbstractHttpResponseCodec.decode(AbstractHttpResponseCodec.java:80)
	at org.openqa.selenium.remote.http.AbstractHttpResponseCodec.decode(AbstractHttpResponseCodec.java:44)
	at org.openqa.selenium.remote.HttpCommandExecutor.execute(HttpCommandExecutor.java:164)
	at org.openqa.selenium.remote.service.DriverCommandExecutor.execute(DriverCommandExecutor.java:83)
	at org.openqa.selenium.remote.RemoteWebDriver.execute(RemoteWebDriver.java:600)
	at com.kms.katalon.selenium.driver.CChromeDriver.execute(CChromeDriver.java:20)
	at org.openqa.selenium.remote.RemoteWebDriver.findElement(RemoteWebDriver.java:370)
	at org.openqa.selenium.remote.RemoteWebDriver.findElementByXPath(RemoteWebDriver.java:472)
	at org.openqa.selenium.By$ByXPath.findElement(By.java:361)
	at org.openqa.selenium.remote.RemoteWebDriver.findElement(RemoteWebDriver.java:362)
	at org.openqa.selenium.WebDriver$findElement$0.call(Unknown Source)
	at TC0829.run(TC0829:35)
	at com.kms.katalon.core.main.ScriptEngine.run(ScriptEngine.java:194)
	at com.kms.katalon.core.main.ScriptEngine.runScriptAsRawText(ScriptEngine.java:119)
	at com.kms.katalon.core.main.TestCaseExecutor.runScript(TestCaseExecutor.java:336)
	at com.kms.katalon.core.main.TestCaseExecutor.doExecute(TestCaseExecutor.java:327)
	at com.kms.katalon.core.main.TestCaseExecutor.processExecutionPhase(TestCaseExecutor.java:306)
	at com.kms.katalon.core.main.TestCaseExecutor.accessMainPhase(TestCaseExecutor.java:298)
	at com.kms.katalon.core.main.TestCaseExecutor.execute(TestCaseExecutor.java:232)
	at com.kms.katalon.core.main.TestSuiteExecutor.accessTestCaseMainPhase(TestSuiteExecutor.java:129)
	at com.kms.katalon.core.main.TestSuiteExecutor.accessTestSuiteMainPhase(TestSuiteExecutor.java:112)
	at com.kms.katalon.core.main.TestSuiteExecutor.execute(TestSuiteExecutor.java:81)
	at com.kms.katalon.core.main.TestCaseMain.startTestSuite(TestCaseMain.java:157)
	at com.kms.katalon.core.main.TestCaseMain$startTestSuite$0.call(Unknown Source)
	at TempTestSuite1555795243480.run(TempTestSuite1555795243480.groovy:35)]]></system-err>
      </testcase>
      <testcase name="Test Cases/Template testcases/TC0830" classname="Test Cases/Template testcases/TC0830" status="PASSED">
         <system-out><![CDATA[2019-04-21 02:50:45 - [TEST_CASE][PASSED] - Test Cases/Template testcases/TC0830: Test Cases/Template testcases/TC0830

2019-04-21 02:50:46 - [TEST_STEP][PASSED] - callTestCase(findTestCase("Template testcases/TC0769"), [:], STOP_ON_FAILURE): Call Test Case 'Test Cases/Template testcases/TC0769' successfully

2019-04-21 02:50:46 - [TEST_CASE][PASSED] - Test Cases/Template testcases/TC0769: Test Cases/Template testcases/TC0769

2019-04-21 02:50:46 - [TEST_STEP][PASSED] - callTestCase(findTestCase("Template testcases/TC0768"), [:], STOP_ON_FAILURE): Call Test Case 'Test Cases/Template testcases/TC0768' successfully

2019-04-21 02:50:46 - [TEST_CASE][PASSED] - Test Cases/Template testcases/TC0768: Test Cases/Template testcases/TC0768

2019-04-21 02:50:46 - [TEST_STEP][PASSED] - callTestCase(findTestCase("s-sidebar_navigation/individualAccount/Template"), [:], STOP_ON_FAILURE): Call Test Case 'Test Cases/s-sidebar_navigation/individualAccount/Template' successfully

2019-04-21 02:50:46 - [TEST_CASE][PASSED] - Test Cases/s-sidebar_navigation/individualAccount/Template: Test Cases/s-sidebar_navigation/individualAccount/Template

2019-04-21 02:50:46 - [TEST_STEP][PASSED] - click(findTestObject("Page_KiboPush  Dashboard/span_Broadcasts")): Object: 'Object Repository/Page_KiboPush  Dashboard/span_Broadcasts' is clicked on

2019-04-21 02:50:46 - [MESSAGE][PASSED] - Object: 'Object Repository/Page_KiboPush  Dashboard/span_Broadcasts' is clicked on

2019-04-21 02:50:46 - [TEST_STEP][PASSED] - delay(1): Delayed 1 second(s)

2019-04-21 02:50:47 - [MESSAGE][PASSED] - Delayed 1 second(s)

2019-04-21 02:50:47 - [TEST_STEP][PASSED] - click(findTestObject("Page_KiboPush  Dashboard/span_Templates")): Object: 'Object Repository/Page_KiboPush  Dashboard/span_Templates' is clicked on

2019-04-21 02:50:47 - [MESSAGE][PASSED] - Object: 'Object Repository/Page_KiboPush  Dashboard/span_Templates' is clicked on

2019-04-21 02:50:47 - [TEST_STEP][PASSED] - delay(3): Delayed 3 second(s)

2019-04-21 02:50:50 - [MESSAGE][PASSED] - Delayed 3 second(s)

2019-04-21 02:50:50 - [TEST_STEP][PASSED] - scrollToPosition(0, 0): Browser is scrolled to position x = 0, y = 0

2019-04-21 02:50:50 - [MESSAGE][PASSED] - Browser is scrolled to position x = 0, y = 0

2019-04-21 02:50:50 - [TEST_STEP][PASSED] - click(findTestObject("Object Repository/Page_KiboEngage  Templates/h3_Templates")): Object: 'Object Repository/Page_KiboEngage  Templates/h3_Templates' is clicked on

2019-04-21 02:50:50 - [MESSAGE][PASSED] - Object: 'Object Repository/Page_KiboEngage  Templates/h3_Templates' is clicked on

2019-04-21 02:50:50 - [TEST_STEP][PASSED] - delay(3): Delayed 3 second(s)

2019-04-21 02:50:53 - [MESSAGE][PASSED] - Delayed 3 second(s)

2019-04-21 02:50:53 - [MESSAGE][PASSED] - Call Test Case 'Test Cases/s-sidebar_navigation/individualAccount/Template' successfully

2019-04-21 02:50:53 - [TEST_STEP][PASSED] - click(findTestObject("Object Repository/Page_KiboPush  Dashboard/button_Create New")): Object: 'Object Repository/Page_KiboPush  Dashboard/button_Create New' is clicked on

2019-04-21 02:50:54 - [MESSAGE][PASSED] - Object: 'Object Repository/Page_KiboPush  Dashboard/button_Create New' is clicked on

2019-04-21 02:50:54 - [TEST_STEP][PASSED] - click(findTestObject("Object Repository/Page_KiboPush  Create Broadcast Tem/h3_Create Broadcast Template")): Object: 'Object Repository/Page_KiboPush  Create Broadcast Tem/h3_Create Broadcast Template' is clicked on

2019-04-21 02:50:54 - [MESSAGE][PASSED] - Object: 'Object Repository/Page_KiboPush  Create Broadcast Tem/h3_Create Broadcast Template' is clicked on

2019-04-21 02:50:54 - [MESSAGE][PASSED] - Call Test Case 'Test Cases/Template testcases/TC0768' successfully

2019-04-21 02:50:54 - [TEST_STEP][PASSED] - click(findTestObject("Page_KiboPush  Create Broadcast Tem/h6_Text (4)")): Object: 'Object Repository/Page_KiboPush  Create Broadcast Tem/h6_Text (4)' is clicked on

2019-04-21 02:50:54 - [MESSAGE][PASSED] - Object: 'Object Repository/Page_KiboPush  Create Broadcast Tem/h6_Text (4)' is clicked on

2019-04-21 02:50:54 - [TEST_STEP][PASSED] - click(findTestObject("Object Repository/Page_KiboEngage  Create Broadcast Template/div_New text component added")): Object: 'Object Repository/Page_KiboEngage  Create Broadcast Template/div_New text component added' is clicked on

2019-04-21 02:50:54 - [MESSAGE][PASSED] - Object: 'Object Repository/Page_KiboEngage  Create Broadcast Template/div_New text component added' is clicked on

2019-04-21 02:50:54 - [TEST_STEP][PASSED] - delay(2): Delayed 2 second(s)

2019-04-21 02:50:56 - [MESSAGE][PASSED] - Delayed 2 second(s)

2019-04-21 02:50:56 - [MESSAGE][PASSED] - Call Test Case 'Test Cases/Template testcases/TC0769' successfully

2019-04-21 02:50:56 - [TEST_STEP][PASSED] - click(findTestObject("Object Repository/Page_KiboPush  Create Broadcast Tem/h6_ Add Button (2)")): Object: 'Object Repository/Page_KiboPush  Create Broadcast Tem/h6_ Add Button (2)' is clicked on

2019-04-21 02:50:56 - [MESSAGE][PASSED] - Object: 'Object Repository/Page_KiboPush  Create Broadcast Tem/h6_ Add Button (2)' is clicked on

2019-04-21 02:50:56 - [TEST_STEP][PASSED] - setText(findTestObject("Page_KiboPush  Create Broadcast Tem/input_form-control (16)"), "google"): Text 'google' is set on object 'Object Repository/Page_KiboPush  Create Broadcast Tem/input_form-control (16)'

2019-04-21 02:50:57 - [MESSAGE][PASSED] - Text 'google' is set on object 'Object Repository/Page_KiboPush  Create Broadcast Tem/input_form-control (16)'

2019-04-21 02:50:57 - [TEST_STEP][PASSED] - click(findTestObject("Object Repository/Page_KiboPush  Create Broadcast Tem/h7_Open a website (1)")): Object: 'Object Repository/Page_KiboPush  Create Broadcast Tem/h7_Open a website (1)' is clicked on

2019-04-21 02:50:57 - [MESSAGE][PASSED] - Object: 'Object Repository/Page_KiboPush  Create Broadcast Tem/h7_Open a website (1)' is clicked on

2019-04-21 02:50:57 - [TEST_STEP][PASSED] - setText(findTestObject("Page_KiboPush  Create Broadcast Tem/input_form-control_1 (8)"), "www.google.com"): Text 'www.google.com' is set on object 'Object Repository/Page_KiboPush  Create Broadcast Tem/input_form-control_1 (8)'

2019-04-21 02:50:57 - [MESSAGE][PASSED] - Text 'www.google.com' is set on object 'Object Repository/Page_KiboPush  Create Broadcast Tem/input_form-control_1 (8)'

2019-04-21 02:50:57 - [TEST_STEP][PASSED] - click(findTestObject("Object Repository/Page_KiboPush  Create Broadcast Tem/button_Done (2)")): Object: 'Object Repository/Page_KiboPush  Create Broadcast Tem/button_Done (2)' is clicked on

2019-04-21 02:50:57 - [MESSAGE][PASSED] - Object: 'Object Repository/Page_KiboPush  Create Broadcast Tem/button_Done (2)' is clicked on

2019-04-21 02:50:57 - [TEST_STEP][PASSED] - delay(2): Delayed 2 second(s)

2019-04-21 02:50:59 - [MESSAGE][PASSED] - Delayed 2 second(s)]]></system-out>
         <system-err><![CDATA[]]></system-err>
      </testcase>
      <testcase name="Test Cases/Template testcases/TC0831" classname="Test Cases/Template testcases/TC0831" status="PASSED">
         <system-out><![CDATA[2019-04-21 02:51:00 - [TEST_CASE][PASSED] - Test Cases/Template testcases/TC0831: Test Cases/Template testcases/TC0831

2019-04-21 02:51:00 - [TEST_STEP][PASSED] - callTestCase(findTestCase("Template testcases/TC0769"), [:], STOP_ON_FAILURE): Call Test Case 'Test Cases/Template testcases/TC0769' successfully

2019-04-21 02:51:00 - [TEST_CASE][PASSED] - Test Cases/Template testcases/TC0769: Test Cases/Template testcases/TC0769

2019-04-21 02:51:00 - [TEST_STEP][PASSED] - callTestCase(findTestCase("Template testcases/TC0768"), [:], STOP_ON_FAILURE): Call Test Case 'Test Cases/Template testcases/TC0768' successfully

2019-04-21 02:51:00 - [TEST_CASE][PASSED] - Test Cases/Template testcases/TC0768: Test Cases/Template testcases/TC0768

2019-04-21 02:51:00 - [TEST_STEP][PASSED] - callTestCase(findTestCase("s-sidebar_navigation/individualAccount/Template"), [:], STOP_ON_FAILURE): Call Test Case 'Test Cases/s-sidebar_navigation/individualAccount/Template' successfully

2019-04-21 02:51:00 - [TEST_CASE][PASSED] - Test Cases/s-sidebar_navigation/individualAccount/Template: Test Cases/s-sidebar_navigation/individualAccount/Template

2019-04-21 02:51:00 - [TEST_STEP][PASSED] - click(findTestObject("Page_KiboPush  Dashboard/span_Broadcasts")): Object: 'Object Repository/Page_KiboPush  Dashboard/span_Broadcasts' is clicked on

2019-04-21 02:51:00 - [MESSAGE][PASSED] - Object: 'Object Repository/Page_KiboPush  Dashboard/span_Broadcasts' is clicked on

2019-04-21 02:51:00 - [TEST_STEP][PASSED] - delay(1): Delayed 1 second(s)

2019-04-21 02:51:01 - [MESSAGE][PASSED] - Delayed 1 second(s)

2019-04-21 02:51:01 - [TEST_STEP][PASSED] - click(findTestObject("Page_KiboPush  Dashboard/span_Templates")): Object: 'Object Repository/Page_KiboPush  Dashboard/span_Templates' is clicked on

2019-04-21 02:51:01 - [MESSAGE][PASSED] - Object: 'Object Repository/Page_KiboPush  Dashboard/span_Templates' is clicked on

2019-04-21 02:51:01 - [TEST_STEP][PASSED] - delay(3): Delayed 3 second(s)

2019-04-21 02:51:04 - [MESSAGE][PASSED] - Delayed 3 second(s)

2019-04-21 02:51:04 - [TEST_STEP][PASSED] - scrollToPosition(0, 0): Browser is scrolled to position x = 0, y = 0

2019-04-21 02:51:04 - [MESSAGE][PASSED] - Browser is scrolled to position x = 0, y = 0

2019-04-21 02:51:04 - [TEST_STEP][PASSED] - click(findTestObject("Object Repository/Page_KiboEngage  Templates/h3_Templates")): Object: 'Object Repository/Page_KiboEngage  Templates/h3_Templates' is clicked on

2019-04-21 02:51:04 - [MESSAGE][PASSED] - Object: 'Object Repository/Page_KiboEngage  Templates/h3_Templates' is clicked on

2019-04-21 02:51:04 - [TEST_STEP][PASSED] - delay(3): Delayed 3 second(s)

2019-04-21 02:51:07 - [MESSAGE][PASSED] - Delayed 3 second(s)

2019-04-21 02:51:07 - [MESSAGE][PASSED] - Call Test Case 'Test Cases/s-sidebar_navigation/individualAccount/Template' successfully

2019-04-21 02:51:07 - [TEST_STEP][PASSED] - click(findTestObject("Object Repository/Page_KiboPush  Dashboard/button_Create New")): Object: 'Object Repository/Page_KiboPush  Dashboard/button_Create New' is clicked on

2019-04-21 02:51:08 - [MESSAGE][PASSED] - Object: 'Object Repository/Page_KiboPush  Dashboard/button_Create New' is clicked on

2019-04-21 02:51:08 - [TEST_STEP][PASSED] - click(findTestObject("Object Repository/Page_KiboPush  Create Broadcast Tem/h3_Create Broadcast Template")): Object: 'Object Repository/Page_KiboPush  Create Broadcast Tem/h3_Create Broadcast Template' is clicked on

2019-04-21 02:51:08 - [MESSAGE][PASSED] - Object: 'Object Repository/Page_KiboPush  Create Broadcast Tem/h3_Create Broadcast Template' is clicked on

2019-04-21 02:51:08 - [MESSAGE][PASSED] - Call Test Case 'Test Cases/Template testcases/TC0768' successfully

2019-04-21 02:51:08 - [TEST_STEP][PASSED] - click(findTestObject("Page_KiboPush  Create Broadcast Tem/h6_Text (4)")): Object: 'Object Repository/Page_KiboPush  Create Broadcast Tem/h6_Text (4)' is clicked on

2019-04-21 02:51:08 - [MESSAGE][PASSED] - Object: 'Object Repository/Page_KiboPush  Create Broadcast Tem/h6_Text (4)' is clicked on

2019-04-21 02:51:08 - [TEST_STEP][PASSED] - click(findTestObject("Object Repository/Page_KiboEngage  Create Broadcast Template/div_New text component added")): Object: 'Object Repository/Page_KiboEngage  Create Broadcast Template/div_New text component added' is clicked on

2019-04-21 02:51:08 - [MESSAGE][PASSED] - Object: 'Object Repository/Page_KiboEngage  Create Broadcast Template/div_New text component added' is clicked on

2019-04-21 02:51:08 - [TEST_STEP][PASSED] - delay(2): Delayed 2 second(s)

2019-04-21 02:51:10 - [MESSAGE][PASSED] - Delayed 2 second(s)

2019-04-21 02:51:10 - [MESSAGE][PASSED] - Call Test Case 'Test Cases/Template testcases/TC0769' successfully

2019-04-21 02:51:10 - [TEST_STEP][PASSED] - click(findTestObject("Object Repository/Page_KiboPush  Create Broadcast Tem/h6_ Add Button (3)")): Object: 'Object Repository/Page_KiboPush  Create Broadcast Tem/h6_ Add Button (3)' is clicked on

2019-04-21 02:51:10 - [MESSAGE][PASSED] - Object: 'Object Repository/Page_KiboPush  Create Broadcast Tem/h6_ Add Button (3)' is clicked on

2019-04-21 02:51:10 - [TEST_STEP][PASSED] - click(findTestObject("Object Repository/Page_KiboPush  Create Broadcast Tem/button_Cancel")): Object: 'Object Repository/Page_KiboPush  Create Broadcast Tem/button_Cancel' is clicked on

2019-04-21 02:51:10 - [MESSAGE][PASSED] - Object: 'Object Repository/Page_KiboPush  Create Broadcast Tem/button_Cancel' is clicked on

2019-04-21 02:51:10 - [TEST_STEP][PASSED] - delay(3): Delayed 3 second(s)

2019-04-21 02:51:13 - [MESSAGE][PASSED] - Delayed 3 second(s)

2019-04-21 02:51:13 - [TEST_STEP][PASSED] - verifyTextNotPresent("Edit Button", false): Text 'Edit Button' is not present on page

2019-04-21 02:51:14 - [MESSAGE][PASSED] - Text 'Edit Button' is not present on page]]></system-out>
         <system-err><![CDATA[]]></system-err>
      </testcase>
      <testcase name="Test Cases/Template testcases/TC0832" classname="Test Cases/Template testcases/TC0832" status="PASSED">
         <system-out><![CDATA[2019-04-21 02:51:14 - [TEST_CASE][PASSED] - Test Cases/Template testcases/TC0832: Test Cases/Template testcases/TC0832

2019-04-21 02:51:14 - [TEST_STEP][PASSED] - callTestCase(findTestCase("Template testcases/TC0769"), [:], STOP_ON_FAILURE): Call Test Case 'Test Cases/Template testcases/TC0769' successfully

2019-04-21 02:51:14 - [TEST_CASE][PASSED] - Test Cases/Template testcases/TC0769: Test Cases/Template testcases/TC0769

2019-04-21 02:51:14 - [TEST_STEP][PASSED] - callTestCase(findTestCase("Template testcases/TC0768"), [:], STOP_ON_FAILURE): Call Test Case 'Test Cases/Template testcases/TC0768' successfully

2019-04-21 02:51:14 - [TEST_CASE][PASSED] - Test Cases/Template testcases/TC0768: Test Cases/Template testcases/TC0768

2019-04-21 02:51:14 - [TEST_STEP][PASSED] - callTestCase(findTestCase("s-sidebar_navigation/individualAccount/Template"), [:], STOP_ON_FAILURE): Call Test Case 'Test Cases/s-sidebar_navigation/individualAccount/Template' successfully

2019-04-21 02:51:14 - [TEST_CASE][PASSED] - Test Cases/s-sidebar_navigation/individualAccount/Template: Test Cases/s-sidebar_navigation/individualAccount/Template

2019-04-21 02:51:14 - [TEST_STEP][PASSED] - click(findTestObject("Page_KiboPush  Dashboard/span_Broadcasts")): Object: 'Object Repository/Page_KiboPush  Dashboard/span_Broadcasts' is clicked on

2019-04-21 02:51:14 - [MESSAGE][PASSED] - Object: 'Object Repository/Page_KiboPush  Dashboard/span_Broadcasts' is clicked on

2019-04-21 02:51:14 - [TEST_STEP][PASSED] - delay(1): Delayed 1 second(s)

2019-04-21 02:51:15 - [MESSAGE][PASSED] - Delayed 1 second(s)

2019-04-21 02:51:15 - [TEST_STEP][PASSED] - click(findTestObject("Page_KiboPush  Dashboard/span_Templates")): Object: 'Object Repository/Page_KiboPush  Dashboard/span_Templates' is clicked on

2019-04-21 02:51:16 - [MESSAGE][PASSED] - Object: 'Object Repository/Page_KiboPush  Dashboard/span_Templates' is clicked on

2019-04-21 02:51:16 - [TEST_STEP][PASSED] - delay(3): Delayed 3 second(s)

2019-04-21 02:51:19 - [MESSAGE][PASSED] - Delayed 3 second(s)

2019-04-21 02:51:19 - [TEST_STEP][PASSED] - scrollToPosition(0, 0): Browser is scrolled to position x = 0, y = 0

2019-04-21 02:51:19 - [MESSAGE][PASSED] - Browser is scrolled to position x = 0, y = 0

2019-04-21 02:51:19 - [TEST_STEP][PASSED] - click(findTestObject("Object Repository/Page_KiboEngage  Templates/h3_Templates")): Object: 'Object Repository/Page_KiboEngage  Templates/h3_Templates' is clicked on

2019-04-21 02:51:19 - [MESSAGE][PASSED] - Object: 'Object Repository/Page_KiboEngage  Templates/h3_Templates' is clicked on

2019-04-21 02:51:19 - [TEST_STEP][PASSED] - delay(3): Delayed 3 second(s)

2019-04-21 02:51:22 - [MESSAGE][PASSED] - Delayed 3 second(s)

2019-04-21 02:51:22 - [MESSAGE][PASSED] - Call Test Case 'Test Cases/s-sidebar_navigation/individualAccount/Template' successfully

2019-04-21 02:51:22 - [TEST_STEP][PASSED] - click(findTestObject("Object Repository/Page_KiboPush  Dashboard/button_Create New")): Object: 'Object Repository/Page_KiboPush  Dashboard/button_Create New' is clicked on

2019-04-21 02:51:22 - [MESSAGE][PASSED] - Object: 'Object Repository/Page_KiboPush  Dashboard/button_Create New' is clicked on

2019-04-21 02:51:22 - [TEST_STEP][PASSED] - click(findTestObject("Object Repository/Page_KiboPush  Create Broadcast Tem/h3_Create Broadcast Template")): Object: 'Object Repository/Page_KiboPush  Create Broadcast Tem/h3_Create Broadcast Template' is clicked on

2019-04-21 02:51:22 - [MESSAGE][PASSED] - Object: 'Object Repository/Page_KiboPush  Create Broadcast Tem/h3_Create Broadcast Template' is clicked on

2019-04-21 02:51:22 - [MESSAGE][PASSED] - Call Test Case 'Test Cases/Template testcases/TC0768' successfully

2019-04-21 02:51:22 - [TEST_STEP][PASSED] - click(findTestObject("Page_KiboPush  Create Broadcast Tem/h6_Text (4)")): Object: 'Object Repository/Page_KiboPush  Create Broadcast Tem/h6_Text (4)' is clicked on

2019-04-21 02:51:22 - [MESSAGE][PASSED] - Object: 'Object Repository/Page_KiboPush  Create Broadcast Tem/h6_Text (4)' is clicked on

2019-04-21 02:51:22 - [TEST_STEP][PASSED] - click(findTestObject("Object Repository/Page_KiboEngage  Create Broadcast Template/div_New text component added")): Object: 'Object Repository/Page_KiboEngage  Create Broadcast Template/div_New text component added' is clicked on

2019-04-21 02:51:23 - [MESSAGE][PASSED] - Object: 'Object Repository/Page_KiboEngage  Create Broadcast Template/div_New text component added' is clicked on

2019-04-21 02:51:23 - [TEST_STEP][PASSED] - delay(2): Delayed 2 second(s)

2019-04-21 02:51:25 - [MESSAGE][PASSED] - Delayed 2 second(s)

2019-04-21 02:51:25 - [MESSAGE][PASSED] - Call Test Case 'Test Cases/Template testcases/TC0769' successfully

2019-04-21 02:51:25 - [TEST_STEP][PASSED] - click(findTestObject("Object Repository/Page_KiboPush  Create Broadcast Tem/h6_ Add Button (2) (1)")): Object: 'Object Repository/Page_KiboPush  Create Broadcast Tem/h6_ Add Button (2) (1)' is clicked on

2019-04-21 02:51:25 - [MESSAGE][PASSED] - Object: 'Object Repository/Page_KiboPush  Create Broadcast Tem/h6_ Add Button (2) (1)' is clicked on

2019-04-21 02:51:25 - [TEST_STEP][PASSED] - setText(findTestObject("Object Repository/Page_KiboPush  Create Broadcast Tem/input_form-control (5) (1)"), "google"): Text 'google' is set on object 'Object Repository/Page_KiboPush  Create Broadcast Tem/input_form-control (5) (1)'

2019-04-21 02:51:25 - [MESSAGE][PASSED] - Text 'google' is set on object 'Object Repository/Page_KiboPush  Create Broadcast Tem/input_form-control (5) (1)'

2019-04-21 02:51:25 - [TEST_STEP][PASSED] - click(findTestObject("Object Repository/Page_KiboPush  Create Broadcast Tem/h7_Open a website (1) (1)")): Object: 'Object Repository/Page_KiboPush  Create Broadcast Tem/h7_Open a website (1) (1)' is clicked on

2019-04-21 02:51:25 - [MESSAGE][PASSED] - Object: 'Object Repository/Page_KiboPush  Create Broadcast Tem/h7_Open a website (1) (1)' is clicked on

2019-04-21 02:51:25 - [TEST_STEP][PASSED] - setText(findTestObject("Object Repository/Page_KiboPush  Create Broadcast Tem/input_form-control_1 (2) (1)"), "www.google.com"): Text 'www.google.com' is set on object 'Object Repository/Page_KiboPush  Create Broadcast Tem/input_form-control_1 (2) (1)'

2019-04-21 02:51:26 - [MESSAGE][PASSED] - Text 'www.google.com' is set on object 'Object Repository/Page_KiboPush  Create Broadcast Tem/input_form-control_1 (2) (1)'

2019-04-21 02:51:26 - [TEST_STEP][PASSED] - click(findTestObject("Object Repository/Page_KiboPush  Create Broadcast Tem/button_Done (2) (1)")): Object: 'Object Repository/Page_KiboPush  Create Broadcast Tem/button_Done (2) (1)' is clicked on

2019-04-21 02:51:26 - [MESSAGE][PASSED] - Object: 'Object Repository/Page_KiboPush  Create Broadcast Tem/button_Done (2) (1)' is clicked on

2019-04-21 02:51:26 - [TEST_STEP][PASSED] - click(findTestObject("Object Repository/Page_KiboPush  Create Broadcast Tem/button_google (1)")): Object: 'Object Repository/Page_KiboPush  Create Broadcast Tem/button_google (1)' is clicked on

2019-04-21 02:51:27 - [MESSAGE][PASSED] - Object: 'Object Repository/Page_KiboPush  Create Broadcast Tem/button_google (1)' is clicked on

2019-04-21 02:51:27 - [TEST_STEP][PASSED] - click(findTestObject("Object Repository/Page_KiboPush  Create Broadcast Tem/button_Remove")): Object: 'Object Repository/Page_KiboPush  Create Broadcast Tem/button_Remove' is clicked on

2019-04-21 02:51:27 - [MESSAGE][PASSED] - Object: 'Object Repository/Page_KiboPush  Create Broadcast Tem/button_Remove' is clicked on

2019-04-21 02:51:27 - [TEST_STEP][PASSED] - delay(3): Delayed 3 second(s)

2019-04-21 02:51:30 - [MESSAGE][PASSED] - Delayed 3 second(s)

2019-04-21 02:51:30 - [TEST_STEP][PASSED] - verifyTextNotPresent("google", false): Text 'google' is not present on page

2019-04-21 02:51:30 - [MESSAGE][PASSED] - Text 'google' is not present on page]]></system-out>
         <system-err><![CDATA[]]></system-err>
      </testcase>
      <testcase name="Test Cases/Template testcases/TC0833" classname="Test Cases/Template testcases/TC0833" status="PASSED">
         <system-out><![CDATA[2019-04-21 02:51:30 - [TEST_CASE][PASSED] - Test Cases/Template testcases/TC0833: Test Cases/Template testcases/TC0833

2019-04-21 02:51:30 - [TEST_STEP][PASSED] - callTestCase(findTestCase("Template testcases/TC0769"), [:], STOP_ON_FAILURE): Call Test Case 'Test Cases/Template testcases/TC0769' successfully

2019-04-21 02:51:31 - [TEST_CASE][PASSED] - Test Cases/Template testcases/TC0769: Test Cases/Template testcases/TC0769

2019-04-21 02:51:31 - [TEST_STEP][PASSED] - callTestCase(findTestCase("Template testcases/TC0768"), [:], STOP_ON_FAILURE): Call Test Case 'Test Cases/Template testcases/TC0768' successfully

2019-04-21 02:51:31 - [TEST_CASE][PASSED] - Test Cases/Template testcases/TC0768: Test Cases/Template testcases/TC0768

2019-04-21 02:51:31 - [TEST_STEP][PASSED] - callTestCase(findTestCase("s-sidebar_navigation/individualAccount/Template"), [:], STOP_ON_FAILURE): Call Test Case 'Test Cases/s-sidebar_navigation/individualAccount/Template' successfully

2019-04-21 02:51:31 - [TEST_CASE][PASSED] - Test Cases/s-sidebar_navigation/individualAccount/Template: Test Cases/s-sidebar_navigation/individualAccount/Template

2019-04-21 02:51:31 - [TEST_STEP][PASSED] - click(findTestObject("Page_KiboPush  Dashboard/span_Broadcasts")): Object: 'Object Repository/Page_KiboPush  Dashboard/span_Broadcasts' is clicked on

2019-04-21 02:51:31 - [MESSAGE][PASSED] - Object: 'Object Repository/Page_KiboPush  Dashboard/span_Broadcasts' is clicked on

2019-04-21 02:51:31 - [TEST_STEP][PASSED] - delay(1): Delayed 1 second(s)

2019-04-21 02:51:32 - [MESSAGE][PASSED] - Delayed 1 second(s)

2019-04-21 02:51:32 - [TEST_STEP][PASSED] - click(findTestObject("Page_KiboPush  Dashboard/span_Templates")): Object: 'Object Repository/Page_KiboPush  Dashboard/span_Templates' is clicked on

2019-04-21 02:51:32 - [MESSAGE][PASSED] - Object: 'Object Repository/Page_KiboPush  Dashboard/span_Templates' is clicked on

2019-04-21 02:51:32 - [TEST_STEP][PASSED] - delay(3): Delayed 3 second(s)

2019-04-21 02:51:35 - [MESSAGE][PASSED] - Delayed 3 second(s)

2019-04-21 02:51:35 - [TEST_STEP][PASSED] - scrollToPosition(0, 0): Browser is scrolled to position x = 0, y = 0

2019-04-21 02:51:35 - [MESSAGE][PASSED] - Browser is scrolled to position x = 0, y = 0

2019-04-21 02:51:35 - [TEST_STEP][PASSED] - click(findTestObject("Object Repository/Page_KiboEngage  Templates/h3_Templates")): Object: 'Object Repository/Page_KiboEngage  Templates/h3_Templates' is clicked on

2019-04-21 02:51:35 - [MESSAGE][PASSED] - Object: 'Object Repository/Page_KiboEngage  Templates/h3_Templates' is clicked on

2019-04-21 02:51:35 - [TEST_STEP][PASSED] - delay(3): Delayed 3 second(s)

2019-04-21 02:51:38 - [MESSAGE][PASSED] - Delayed 3 second(s)

2019-04-21 02:51:38 - [MESSAGE][PASSED] - Call Test Case 'Test Cases/s-sidebar_navigation/individualAccount/Template' successfully

2019-04-21 02:51:38 - [TEST_STEP][PASSED] - click(findTestObject("Object Repository/Page_KiboPush  Dashboard/button_Create New")): Object: 'Object Repository/Page_KiboPush  Dashboard/button_Create New' is clicked on

2019-04-21 02:51:39 - [MESSAGE][PASSED] - Object: 'Object Repository/Page_KiboPush  Dashboard/button_Create New' is clicked on

2019-04-21 02:51:39 - [TEST_STEP][PASSED] - click(findTestObject("Object Repository/Page_KiboPush  Create Broadcast Tem/h3_Create Broadcast Template")): Object: 'Object Repository/Page_KiboPush  Create Broadcast Tem/h3_Create Broadcast Template' is clicked on

2019-04-21 02:51:39 - [MESSAGE][PASSED] - Object: 'Object Repository/Page_KiboPush  Create Broadcast Tem/h3_Create Broadcast Template' is clicked on

2019-04-21 02:51:39 - [MESSAGE][PASSED] - Call Test Case 'Test Cases/Template testcases/TC0768' successfully

2019-04-21 02:51:39 - [TEST_STEP][PASSED] - click(findTestObject("Page_KiboPush  Create Broadcast Tem/h6_Text (4)")): Object: 'Object Repository/Page_KiboPush  Create Broadcast Tem/h6_Text (4)' is clicked on

2019-04-21 02:51:39 - [MESSAGE][PASSED] - Object: 'Object Repository/Page_KiboPush  Create Broadcast Tem/h6_Text (4)' is clicked on

2019-04-21 02:51:39 - [TEST_STEP][PASSED] - click(findTestObject("Object Repository/Page_KiboEngage  Create Broadcast Template/div_New text component added")): Object: 'Object Repository/Page_KiboEngage  Create Broadcast Template/div_New text component added' is clicked on

2019-04-21 02:51:39 - [MESSAGE][PASSED] - Object: 'Object Repository/Page_KiboEngage  Create Broadcast Template/div_New text component added' is clicked on

2019-04-21 02:51:39 - [TEST_STEP][PASSED] - delay(2): Delayed 2 second(s)

2019-04-21 02:51:41 - [MESSAGE][PASSED] - Delayed 2 second(s)

2019-04-21 02:51:41 - [MESSAGE][PASSED] - Call Test Case 'Test Cases/Template testcases/TC0769' successfully

2019-04-21 02:51:41 - [TEST_STEP][PASSED] - click(findTestObject("Object Repository/Page_KiboPush  Create Broadcast Tem/h6_Image (1)")): Object: 'Object Repository/Page_KiboPush  Create Broadcast Tem/h6_Image (1)' is clicked on

2019-04-21 02:51:41 - [MESSAGE][PASSED] - Object: 'Object Repository/Page_KiboPush  Create Broadcast Tem/h6_Image (1)' is clicked on

2019-04-21 02:51:41 - [TEST_STEP][PASSED] - click(findTestObject("Object Repository/Page_KiboPush  Create Broadcast Tem/button_Reset")): Object: 'Object Repository/Page_KiboPush  Create Broadcast Tem/button_Reset' is clicked on

2019-04-21 02:51:42 - [MESSAGE][PASSED] - Object: 'Object Repository/Page_KiboPush  Create Broadcast Tem/button_Reset' is clicked on

2019-04-21 02:51:42 - [TEST_STEP][PASSED] - click(findTestObject("Object Repository/Page_KiboPush  Create Broadcast Tem/button_Yes")): Object: 'Object Repository/Page_KiboPush  Create Broadcast Tem/button_Yes' is clicked on

2019-04-21 02:51:42 - [MESSAGE][PASSED] - Object: 'Object Repository/Page_KiboPush  Create Broadcast Tem/button_Yes' is clicked on

2019-04-21 02:51:42 - [TEST_STEP][PASSED] - delay(3): Delayed 3 second(s)

2019-04-21 02:51:45 - [MESSAGE][PASSED] - Delayed 3 second(s)

2019-04-21 02:51:45 - [TEST_STEP][PASSED] - verifyTextNotPresent("Add Button", false): Text 'Add Button' is not present on page

2019-04-21 02:51:45 - [MESSAGE][PASSED] - Text 'Add Button' is not present on page]]></system-out>
         <system-err><![CDATA[]]></system-err>
      </testcase>
      <testcase name="Test Cases/Template testcases/TC0834" classname="Test Cases/Template testcases/TC0834" status="PASSED">
         <system-out><![CDATA[2019-04-21 02:51:45 - [TEST_CASE][PASSED] - Test Cases/Template testcases/TC0834: Test Cases/Template testcases/TC0834

2019-04-21 02:51:45 - [TEST_STEP][PASSED] - callTestCase(findTestCase("Template testcases/TC0768"), [:], STOP_ON_FAILURE): Call Test Case 'Test Cases/Template testcases/TC0768' successfully

2019-04-21 02:51:45 - [TEST_CASE][PASSED] - Test Cases/Template testcases/TC0768: Test Cases/Template testcases/TC0768

2019-04-21 02:51:45 - [TEST_STEP][PASSED] - callTestCase(findTestCase("s-sidebar_navigation/individualAccount/Template"), [:], STOP_ON_FAILURE): Call Test Case 'Test Cases/s-sidebar_navigation/individualAccount/Template' successfully

2019-04-21 02:51:45 - [TEST_CASE][PASSED] - Test Cases/s-sidebar_navigation/individualAccount/Template: Test Cases/s-sidebar_navigation/individualAccount/Template

2019-04-21 02:51:45 - [TEST_STEP][PASSED] - click(findTestObject("Page_KiboPush  Dashboard/span_Broadcasts")): Object: 'Object Repository/Page_KiboPush  Dashboard/span_Broadcasts' is clicked on

2019-04-21 02:51:46 - [MESSAGE][PASSED] - Object: 'Object Repository/Page_KiboPush  Dashboard/span_Broadcasts' is clicked on

2019-04-21 02:51:46 - [TEST_STEP][PASSED] - delay(1): Delayed 1 second(s)

2019-04-21 02:51:47 - [MESSAGE][PASSED] - Delayed 1 second(s)

2019-04-21 02:51:47 - [TEST_STEP][PASSED] - click(findTestObject("Page_KiboPush  Dashboard/span_Templates")): Object: 'Object Repository/Page_KiboPush  Dashboard/span_Templates' is clicked on

2019-04-21 02:51:47 - [MESSAGE][PASSED] - Object: 'Object Repository/Page_KiboPush  Dashboard/span_Templates' is clicked on

2019-04-21 02:51:47 - [TEST_STEP][PASSED] - delay(3): Delayed 3 second(s)

2019-04-21 02:51:50 - [MESSAGE][PASSED] - Delayed 3 second(s)

2019-04-21 02:51:50 - [TEST_STEP][PASSED] - scrollToPosition(0, 0): Browser is scrolled to position x = 0, y = 0

2019-04-21 02:51:50 - [MESSAGE][PASSED] - Browser is scrolled to position x = 0, y = 0

2019-04-21 02:51:50 - [TEST_STEP][PASSED] - click(findTestObject("Object Repository/Page_KiboEngage  Templates/h3_Templates")): Object: 'Object Repository/Page_KiboEngage  Templates/h3_Templates' is clicked on

2019-04-21 02:51:50 - [MESSAGE][PASSED] - Object: 'Object Repository/Page_KiboEngage  Templates/h3_Templates' is clicked on

2019-04-21 02:51:50 - [TEST_STEP][PASSED] - delay(3): Delayed 3 second(s)

2019-04-21 02:51:53 - [MESSAGE][PASSED] - Delayed 3 second(s)

2019-04-21 02:51:53 - [MESSAGE][PASSED] - Call Test Case 'Test Cases/s-sidebar_navigation/individualAccount/Template' successfully

2019-04-21 02:51:53 - [TEST_STEP][PASSED] - click(findTestObject("Object Repository/Page_KiboPush  Dashboard/button_Create New")): Object: 'Object Repository/Page_KiboPush  Dashboard/button_Create New' is clicked on

2019-04-21 02:51:53 - [MESSAGE][PASSED] - Object: 'Object Repository/Page_KiboPush  Dashboard/button_Create New' is clicked on

2019-04-21 02:51:53 - [TEST_STEP][PASSED] - click(findTestObject("Object Repository/Page_KiboPush  Create Broadcast Tem/h3_Create Broadcast Template")): Object: 'Object Repository/Page_KiboPush  Create Broadcast Tem/h3_Create Broadcast Template' is clicked on

2019-04-21 02:51:53 - [MESSAGE][PASSED] - Object: 'Object Repository/Page_KiboPush  Create Broadcast Tem/h3_Create Broadcast Template' is clicked on

2019-04-21 02:51:53 - [MESSAGE][PASSED] - Call Test Case 'Test Cases/Template testcases/TC0768' successfully

2019-04-21 02:51:53 - [TEST_STEP][PASSED] - click(findTestObject("Page_KiboPush  Create Broadcast Tem/h6_List (1)")): Object: 'Object Repository/Page_KiboPush  Create Broadcast Tem/h6_List (1)' is clicked on

2019-04-21 02:51:54 - [MESSAGE][PASSED] - Object: 'Object Repository/Page_KiboPush  Create Broadcast Tem/h6_List (1)' is clicked on

2019-04-21 02:51:54 - [TEST_STEP][PASSED] - click(findTestObject("Object Repository/Page_KiboEngage  Create Broadcast Template/div_New list component added")): Object: 'Object Repository/Page_KiboEngage  Create Broadcast Template/div_New list component added' is clicked on

2019-04-21 02:51:54 - [MESSAGE][PASSED] - Object: 'Object Repository/Page_KiboEngage  Create Broadcast Template/div_New list component added' is clicked on]]></system-out>
         <system-err><![CDATA[]]></system-err>
      </testcase>
      <testcase name="Test Cases/Template testcases/TC0835" classname="Test Cases/Template testcases/TC0835" status="FAILED">
         <failure type="FAILED" message="Test Cases/Template testcases/TC0835 FAILED.
Reason:
com.kms.katalon.core.exception.StepFailedException: Unable to click on object 'Object Repository/Page_KiboPush  Create Broadcast Tem/i_fa fa-times fa-stack-2x'
	at com.kms.katalon.core.webui.keyword.internal.WebUIKeywordMain.stepFailed(WebUIKeywordMain.groovy:64)
	at com.kms.katalon.core.webui.keyword.internal.WebUIKeywordMain.runKeyword(WebUIKeywordMain.groovy:26)
	at com.kms.katalon.core.webui.keyword.builtin.ClickKeyword.click(ClickKeyword.groovy:86)
	at com.kms.katalon.core.webui.keyword.builtin.ClickKeyword.execute(ClickKeyword.groovy:67)
	at com.kms.katalon.core.keyword.internal.KeywordExecutor.executeKeywordForPlatform(KeywordExecutor.groovy:56)
	at com.kms.katalon.core.webui.keyword.WebUiBuiltInKeywords.click(WebUiBuiltInKeywords.groovy:616)
	at com.kms.katalon.core.webui.keyword.WebUiBuiltInKeywords$click$2.call(Unknown Source)
	at TC0835.run(TC0835:28)
	at com.kms.katalon.core.main.ScriptEngine.run(ScriptEngine.java:194)
	at com.kms.katalon.core.main.ScriptEngine.runScriptAsRawText(ScriptEngine.java:119)
	at com.kms.katalon.core.main.TestCaseExecutor.runScript(TestCaseExecutor.java:336)
	at com.kms.katalon.core.main.TestCaseExecutor.doExecute(TestCaseExecutor.java:327)
	at com.kms.katalon.core.main.TestCaseExecutor.processExecutionPhase(TestCaseExecutor.java:306)
	at com.kms.katalon.core.main.TestCaseExecutor.accessMainPhase(TestCaseExecutor.java:298)
	at com.kms.katalon.core.main.TestCaseExecutor.execute(TestCaseExecutor.java:232)
	at com.kms.katalon.core.main.TestSuiteExecutor.accessTestCaseMainPhase(TestSuiteExecutor.java:129)
	at com.kms.katalon.core.main.TestSuiteExecutor.accessTestSuiteMainPhase(TestSuiteExecutor.java:112)
	at com.kms.katalon.core.main.TestSuiteExecutor.execute(TestSuiteExecutor.java:81)
	at com.kms.katalon.core.main.TestCaseMain.startTestSuite(TestCaseMain.java:157)
	at com.kms.katalon.core.main.TestCaseMain$startTestSuite$0.call(Unknown Source)
	at TempTestSuite1555795243480.run(TempTestSuite1555795243480.groovy:35)
Caused by: com.kms.katalon.core.webui.exception.WebElementNotFoundException: Web element with id: 'Object Repository/Page_KiboPush  Create Broadcast Tem/i_fa fa-times fa-stack-2x' located by 'By.xpath: id(&quot;List1&quot;)/div[@class=&quot;draggable&quot;]/div[@class=&quot;broadcast-component&quot;]/div[2]/span[@class=&quot;fa-stack&quot;]/i[@class=&quot;fa fa-times fa-stack-2x&quot;]' not found
	at com.kms.katalon.core.webui.common.WebUiCommonHelper.findWebElement(WebUiCommonHelper.java:1097)
	at com.kms.katalon.core.webui.keyword.internal.WebUIAbstractKeyword.findWebElement(WebUIAbstractKeyword.groovy:27)
	at com.kms.katalon.core.webui.keyword.internal.WebUIAbstractKeyword.findWebElement(WebUIAbstractKeyword.groovy:26)
	at com.kms.katalon.core.webui.keyword.builtin.ClickKeyword$_click_closure1.doCall(ClickKeyword.groovy:77)
	at com.kms.katalon.core.webui.keyword.builtin.ClickKeyword$_click_closure1.call(ClickKeyword.groovy)
	at com.kms.katalon.core.webui.keyword.internal.WebUIKeywordMain.runKeyword(WebUIKeywordMain.groovy:20)
	at com.kms.katalon.core.webui.keyword.builtin.ClickKeyword.click(ClickKeyword.groovy:86)
	at com.kms.katalon.core.webui.keyword.builtin.ClickKeyword.execute(ClickKeyword.groovy:67)
	at com.kms.katalon.core.keyword.internal.KeywordExecutor.executeKeywordForPlatform(KeywordExecutor.groovy:56)
	at com.kms.katalon.core.webui.keyword.WebUiBuiltInKeywords.click(WebUiBuiltInKeywords.groovy:616)
	at com.kms.katalon.core.webui.keyword.WebUiBuiltInKeywords$click$2.call(Unknown Source)
	at Script1537096595770.run(Script1537096595770.groovy:28)
	... 13 more
"/>
         <system-out><![CDATA[2019-04-21 02:51:54 - [TEST_CASE][FAILED] - Test Cases/Template testcases/TC0835: Test Cases/Template testcases/TC0835 FAILED.
Reason:
com.kms.katalon.core.exception.StepFailedException: Unable to click on object 'Object Repository/Page_KiboPush  Create Broadcast Tem/i_fa fa-times fa-stack-2x'
	at com.kms.katalon.core.webui.keyword.internal.WebUIKeywordMain.stepFailed(WebUIKeywordMain.groovy:64)
	at com.kms.katalon.core.webui.keyword.internal.WebUIKeywordMain.runKeyword(WebUIKeywordMain.groovy:26)
	at com.kms.katalon.core.webui.keyword.builtin.ClickKeyword.click(ClickKeyword.groovy:86)
	at com.kms.katalon.core.webui.keyword.builtin.ClickKeyword.execute(ClickKeyword.groovy:67)
	at com.kms.katalon.core.keyword.internal.KeywordExecutor.executeKeywordForPlatform(KeywordExecutor.groovy:56)
	at com.kms.katalon.core.webui.keyword.WebUiBuiltInKeywords.click(WebUiBuiltInKeywords.groovy:616)
	at com.kms.katalon.core.webui.keyword.WebUiBuiltInKeywords$click$2.call(Unknown Source)
	at TC0835.run(TC0835:28)
	at com.kms.katalon.core.main.ScriptEngine.run(ScriptEngine.java:194)
	at com.kms.katalon.core.main.ScriptEngine.runScriptAsRawText(ScriptEngine.java:119)
	at com.kms.katalon.core.main.TestCaseExecutor.runScript(TestCaseExecutor.java:336)
	at com.kms.katalon.core.main.TestCaseExecutor.doExecute(TestCaseExecutor.java:327)
	at com.kms.katalon.core.main.TestCaseExecutor.processExecutionPhase(TestCaseExecutor.java:306)
	at com.kms.katalon.core.main.TestCaseExecutor.accessMainPhase(TestCaseExecutor.java:298)
	at com.kms.katalon.core.main.TestCaseExecutor.execute(TestCaseExecutor.java:232)
	at com.kms.katalon.core.main.TestSuiteExecutor.accessTestCaseMainPhase(TestSuiteExecutor.java:129)
	at com.kms.katalon.core.main.TestSuiteExecutor.accessTestSuiteMainPhase(TestSuiteExecutor.java:112)
	at com.kms.katalon.core.main.TestSuiteExecutor.execute(TestSuiteExecutor.java:81)
	at com.kms.katalon.core.main.TestCaseMain.startTestSuite(TestCaseMain.java:157)
	at com.kms.katalon.core.main.TestCaseMain$startTestSuite$0.call(Unknown Source)
	at TempTestSuite1555795243480.run(TempTestSuite1555795243480.groovy:35)
Caused by: com.kms.katalon.core.webui.exception.WebElementNotFoundException: Web element with id: 'Object Repository/Page_KiboPush  Create Broadcast Tem/i_fa fa-times fa-stack-2x' located by 'By.xpath: id("List1")/div[@class="draggable"]/div[@class="broadcast-component"]/div[2]/span[@class="fa-stack"]/i[@class="fa fa-times fa-stack-2x"]' not found
	at com.kms.katalon.core.webui.common.WebUiCommonHelper.findWebElement(WebUiCommonHelper.java:1097)
	at com.kms.katalon.core.webui.keyword.internal.WebUIAbstractKeyword.findWebElement(WebUIAbstractKeyword.groovy:27)
	at com.kms.katalon.core.webui.keyword.internal.WebUIAbstractKeyword.findWebElement(WebUIAbstractKeyword.groovy:26)
	at com.kms.katalon.core.webui.keyword.builtin.ClickKeyword$_click_closure1.doCall(ClickKeyword.groovy:77)
	at com.kms.katalon.core.webui.keyword.builtin.ClickKeyword$_click_closure1.call(ClickKeyword.groovy)
	at com.kms.katalon.core.webui.keyword.internal.WebUIKeywordMain.runKeyword(WebUIKeywordMain.groovy:20)
	at com.kms.katalon.core.webui.keyword.builtin.ClickKeyword.click(ClickKeyword.groovy:86)
	at com.kms.katalon.core.webui.keyword.builtin.ClickKeyword.execute(ClickKeyword.groovy:67)
	at com.kms.katalon.core.keyword.internal.KeywordExecutor.executeKeywordForPlatform(KeywordExecutor.groovy:56)
	at com.kms.katalon.core.webui.keyword.WebUiBuiltInKeywords.click(WebUiBuiltInKeywords.groovy:616)
	at com.kms.katalon.core.webui.keyword.WebUiBuiltInKeywords$click$2.call(Unknown Source)
	at Script1537096595770.run(Script1537096595770.groovy:28)
	... 13 more


2019-04-21 02:51:54 - [TEST_STEP][PASSED] - callTestCase(findTestCase("Template testcases/TC0834"), [:], STOP_ON_FAILURE): Call Test Case 'Test Cases/Template testcases/TC0834' successfully

2019-04-21 02:51:54 - [TEST_CASE][PASSED] - Test Cases/Template testcases/TC0834: Test Cases/Template testcases/TC0834

2019-04-21 02:51:54 - [TEST_STEP][PASSED] - callTestCase(findTestCase("Template testcases/TC0768"), [:], STOP_ON_FAILURE): Call Test Case 'Test Cases/Template testcases/TC0768' successfully

2019-04-21 02:51:54 - [TEST_CASE][PASSED] - Test Cases/Template testcases/TC0768: Test Cases/Template testcases/TC0768

2019-04-21 02:51:54 - [TEST_STEP][PASSED] - callTestCase(findTestCase("s-sidebar_navigation/individualAccount/Template"), [:], STOP_ON_FAILURE): Call Test Case 'Test Cases/s-sidebar_navigation/individualAccount/Template' successfully

2019-04-21 02:51:54 - [TEST_CASE][PASSED] - Test Cases/s-sidebar_navigation/individualAccount/Template: Test Cases/s-sidebar_navigation/individualAccount/Template

2019-04-21 02:51:54 - [TEST_STEP][PASSED] - click(findTestObject("Page_KiboPush  Dashboard/span_Broadcasts")): Object: 'Object Repository/Page_KiboPush  Dashboard/span_Broadcasts' is clicked on

2019-04-21 02:51:54 - [MESSAGE][PASSED] - Object: 'Object Repository/Page_KiboPush  Dashboard/span_Broadcasts' is clicked on

2019-04-21 02:51:54 - [TEST_STEP][PASSED] - delay(1): Delayed 1 second(s)

2019-04-21 02:51:55 - [MESSAGE][PASSED] - Delayed 1 second(s)

2019-04-21 02:51:55 - [TEST_STEP][PASSED] - click(findTestObject("Page_KiboPush  Dashboard/span_Templates")): Object: 'Object Repository/Page_KiboPush  Dashboard/span_Templates' is clicked on

2019-04-21 02:51:55 - [MESSAGE][PASSED] - Object: 'Object Repository/Page_KiboPush  Dashboard/span_Templates' is clicked on

2019-04-21 02:51:55 - [TEST_STEP][PASSED] - delay(3): Delayed 3 second(s)

2019-04-21 02:51:58 - [MESSAGE][PASSED] - Delayed 3 second(s)

2019-04-21 02:51:58 - [TEST_STEP][PASSED] - scrollToPosition(0, 0): Browser is scrolled to position x = 0, y = 0

2019-04-21 02:51:58 - [MESSAGE][PASSED] - Browser is scrolled to position x = 0, y = 0

2019-04-21 02:51:58 - [TEST_STEP][PASSED] - click(findTestObject("Object Repository/Page_KiboEngage  Templates/h3_Templates")): Object: 'Object Repository/Page_KiboEngage  Templates/h3_Templates' is clicked on

2019-04-21 02:51:59 - [MESSAGE][PASSED] - Object: 'Object Repository/Page_KiboEngage  Templates/h3_Templates' is clicked on

2019-04-21 02:51:59 - [TEST_STEP][PASSED] - delay(3): Delayed 3 second(s)

2019-04-21 02:52:02 - [MESSAGE][PASSED] - Delayed 3 second(s)

2019-04-21 02:52:02 - [MESSAGE][PASSED] - Call Test Case 'Test Cases/s-sidebar_navigation/individualAccount/Template' successfully

2019-04-21 02:52:02 - [TEST_STEP][PASSED] - click(findTestObject("Object Repository/Page_KiboPush  Dashboard/button_Create New")): Object: 'Object Repository/Page_KiboPush  Dashboard/button_Create New' is clicked on

2019-04-21 02:52:02 - [MESSAGE][PASSED] - Object: 'Object Repository/Page_KiboPush  Dashboard/button_Create New' is clicked on

2019-04-21 02:52:02 - [TEST_STEP][PASSED] - click(findTestObject("Object Repository/Page_KiboPush  Create Broadcast Tem/h3_Create Broadcast Template")): Object: 'Object Repository/Page_KiboPush  Create Broadcast Tem/h3_Create Broadcast Template' is clicked on

2019-04-21 02:52:02 - [MESSAGE][PASSED] - Object: 'Object Repository/Page_KiboPush  Create Broadcast Tem/h3_Create Broadcast Template' is clicked on

2019-04-21 02:52:02 - [MESSAGE][PASSED] - Call Test Case 'Test Cases/Template testcases/TC0768' successfully

2019-04-21 02:52:02 - [TEST_STEP][PASSED] - click(findTestObject("Page_KiboPush  Create Broadcast Tem/h6_List (1)")): Object: 'Object Repository/Page_KiboPush  Create Broadcast Tem/h6_List (1)' is clicked on

2019-04-21 02:52:02 - [MESSAGE][PASSED] - Object: 'Object Repository/Page_KiboPush  Create Broadcast Tem/h6_List (1)' is clicked on

2019-04-21 02:52:02 - [TEST_STEP][PASSED] - click(findTestObject("Object Repository/Page_KiboEngage  Create Broadcast Template/div_New list component added")): Object: 'Object Repository/Page_KiboEngage  Create Broadcast Template/div_New list component added' is clicked on

2019-04-21 02:52:02 - [MESSAGE][PASSED] - Object: 'Object Repository/Page_KiboEngage  Create Broadcast Template/div_New list component added' is clicked on

2019-04-21 02:52:02 - [MESSAGE][PASSED] - Call Test Case 'Test Cases/Template testcases/TC0834' successfully

2019-04-21 02:52:02 - [TEST_STEP][FAILED] - click(findTestObject("Page_KiboPush  Create Broadcast Tem/i_fa fa-times fa-stack-2x")): Unable to click on object 'Object Repository/Page_KiboPush  Create Broadcast Tem/i_fa fa-times fa-stack-2x' (Root cause: com.kms.katalon.core.exception.StepFailedException: Unable to click on object 'Object Repository/Page_KiboPush  Create Broadcast Tem/i_fa fa-times fa-stack-2x'
	at com.kms.katalon.core.webui.keyword.internal.WebUIKeywordMain.stepFailed(WebUIKeywordMain.groovy:64)
	at com.kms.katalon.core.webui.keyword.internal.WebUIKeywordMain.runKeyword(WebUIKeywordMain.groovy:26)
	at com.kms.katalon.core.webui.keyword.builtin.ClickKeyword.click(ClickKeyword.groovy:86)
	at com.kms.katalon.core.webui.keyword.builtin.ClickKeyword.execute(ClickKeyword.groovy:67)
	at com.kms.katalon.core.keyword.internal.KeywordExecutor.executeKeywordForPlatform(KeywordExecutor.groovy:56)
	at com.kms.katalon.core.webui.keyword.WebUiBuiltInKeywords.click(WebUiBuiltInKeywords.groovy:616)
	at com.kms.katalon.core.webui.keyword.WebUiBuiltInKeywords$click$2.call(Unknown Source)
	at TC0835.run(TC0835:28)
	at com.kms.katalon.core.main.ScriptEngine.run(ScriptEngine.java:194)
	at com.kms.katalon.core.main.ScriptEngine.runScriptAsRawText(ScriptEngine.java:119)
	at com.kms.katalon.core.main.TestCaseExecutor.runScript(TestCaseExecutor.java:336)
	at com.kms.katalon.core.main.TestCaseExecutor.doExecute(TestCaseExecutor.java:327)
	at com.kms.katalon.core.main.TestCaseExecutor.processExecutionPhase(TestCaseExecutor.java:306)
	at com.kms.katalon.core.main.TestCaseExecutor.accessMainPhase(TestCaseExecutor.java:298)
	at com.kms.katalon.core.main.TestCaseExecutor.execute(TestCaseExecutor.java:232)
	at com.kms.katalon.core.main.TestSuiteExecutor.accessTestCaseMainPhase(TestSuiteExecutor.java:129)
	at com.kms.katalon.core.main.TestSuiteExecutor.accessTestSuiteMainPhase(TestSuiteExecutor.java:112)
	at com.kms.katalon.core.main.TestSuiteExecutor.execute(TestSuiteExecutor.java:81)
	at com.kms.katalon.core.main.TestCaseMain.startTestSuite(TestCaseMain.java:157)
	at com.kms.katalon.core.main.TestCaseMain$startTestSuite$0.call(Unknown Source)
	at TempTestSuite1555795243480.run(TempTestSuite1555795243480.groovy:35)
Caused by: com.kms.katalon.core.webui.exception.WebElementNotFoundException: Web element with id: 'Object Repository/Page_KiboPush  Create Broadcast Tem/i_fa fa-times fa-stack-2x' located by 'By.xpath: id("List1")/div[@class="draggable"]/div[@class="broadcast-component"]/div[2]/span[@class="fa-stack"]/i[@class="fa fa-times fa-stack-2x"]' not found
	at com.kms.katalon.core.webui.common.WebUiCommonHelper.findWebElement(WebUiCommonHelper.java:1097)
	at com.kms.katalon.core.webui.keyword.internal.WebUIAbstractKeyword.findWebElement(WebUIAbstractKeyword.groovy:27)
	at com.kms.katalon.core.webui.keyword.internal.WebUIAbstractKeyword.findWebElement(WebUIAbstractKeyword.groovy:26)
	at com.kms.katalon.core.webui.keyword.builtin.ClickKeyword$_click_closure1.doCall(ClickKeyword.groovy:77)
	at com.kms.katalon.core.webui.keyword.builtin.ClickKeyword$_click_closure1.call(ClickKeyword.groovy)
	at com.kms.katalon.core.webui.keyword.internal.WebUIKeywordMain.runKeyword(WebUIKeywordMain.groovy:20)
	at com.kms.katalon.core.webui.keyword.builtin.ClickKeyword.click(ClickKeyword.groovy:86)
	at com.kms.katalon.core.webui.keyword.builtin.ClickKeyword.execute(ClickKeyword.groovy:67)
	at com.kms.katalon.core.keyword.internal.KeywordExecutor.executeKeywordForPlatform(KeywordExecutor.groovy:56)
	at com.kms.katalon.core.webui.keyword.WebUiBuiltInKeywords.click(WebUiBuiltInKeywords.groovy:616)
	at com.kms.katalon.core.webui.keyword.WebUiBuiltInKeywords$click$2.call(Unknown Source)
	at Script1537096595770.run(Script1537096595770.groovy:28)
	... 13 more
)

2019-04-21 02:52:33 - [MESSAGE][INFO] - Unable to find the element located by 'By.xpath: id("List1")/div[@class="draggable"]/div[@class="broadcast-component"]/div[2]/span[@class="fa-stack"]/i[@class="fa fa-times fa-stack-2x"]'. Please recheck the objects properties to make sure the desired element is located. 

2019-04-21 02:52:33 - [MESSAGE][FAILED] - Unable to click on object 'Object Repository/Page_KiboPush  Create Broadcast Tem/i_fa fa-times fa-stack-2x' (Root cause: com.kms.katalon.core.exception.StepFailedException: Unable to click on object 'Object Repository/Page_KiboPush  Create Broadcast Tem/i_fa fa-times fa-stack-2x'
	at com.kms.katalon.core.webui.keyword.internal.WebUIKeywordMain.stepFailed(WebUIKeywordMain.groovy:64)
	at com.kms.katalon.core.webui.keyword.internal.WebUIKeywordMain.runKeyword(WebUIKeywordMain.groovy:26)
	at com.kms.katalon.core.webui.keyword.builtin.ClickKeyword.click(ClickKeyword.groovy:86)
	at com.kms.katalon.core.webui.keyword.builtin.ClickKeyword.execute(ClickKeyword.groovy:67)
	at com.kms.katalon.core.keyword.internal.KeywordExecutor.executeKeywordForPlatform(KeywordExecutor.groovy:56)
	at com.kms.katalon.core.webui.keyword.WebUiBuiltInKeywords.click(WebUiBuiltInKeywords.groovy:616)
	at com.kms.katalon.core.webui.keyword.WebUiBuiltInKeywords$click$2.call(Unknown Source)
	at TC0835.run(TC0835:28)
	at com.kms.katalon.core.main.ScriptEngine.run(ScriptEngine.java:194)
	at com.kms.katalon.core.main.ScriptEngine.runScriptAsRawText(ScriptEngine.java:119)
	at com.kms.katalon.core.main.TestCaseExecutor.runScript(TestCaseExecutor.java:336)
	at com.kms.katalon.core.main.TestCaseExecutor.doExecute(TestCaseExecutor.java:327)
	at com.kms.katalon.core.main.TestCaseExecutor.processExecutionPhase(TestCaseExecutor.java:306)
	at com.kms.katalon.core.main.TestCaseExecutor.accessMainPhase(TestCaseExecutor.java:298)
	at com.kms.katalon.core.main.TestCaseExecutor.execute(TestCaseExecutor.java:232)
	at com.kms.katalon.core.main.TestSuiteExecutor.accessTestCaseMainPhase(TestSuiteExecutor.java:129)
	at com.kms.katalon.core.main.TestSuiteExecutor.accessTestSuiteMainPhase(TestSuiteExecutor.java:112)
	at com.kms.katalon.core.main.TestSuiteExecutor.execute(TestSuiteExecutor.java:81)
	at com.kms.katalon.core.main.TestCaseMain.startTestSuite(TestCaseMain.java:157)
	at com.kms.katalon.core.main.TestCaseMain$startTestSuite$0.call(Unknown Source)
	at TempTestSuite1555795243480.run(TempTestSuite1555795243480.groovy:35)
Caused by: com.kms.katalon.core.webui.exception.WebElementNotFoundException: Web element with id: 'Object Repository/Page_KiboPush  Create Broadcast Tem/i_fa fa-times fa-stack-2x' located by 'By.xpath: id("List1")/div[@class="draggable"]/div[@class="broadcast-component"]/div[2]/span[@class="fa-stack"]/i[@class="fa fa-times fa-stack-2x"]' not found
	at com.kms.katalon.core.webui.common.WebUiCommonHelper.findWebElement(WebUiCommonHelper.java:1097)
	at com.kms.katalon.core.webui.keyword.internal.WebUIAbstractKeyword.findWebElement(WebUIAbstractKeyword.groovy:27)
	at com.kms.katalon.core.webui.keyword.internal.WebUIAbstractKeyword.findWebElement(WebUIAbstractKeyword.groovy:26)
	at com.kms.katalon.core.webui.keyword.builtin.ClickKeyword$_click_closure1.doCall(ClickKeyword.groovy:77)
	at com.kms.katalon.core.webui.keyword.builtin.ClickKeyword$_click_closure1.call(ClickKeyword.groovy)
	at com.kms.katalon.core.webui.keyword.internal.WebUIKeywordMain.runKeyword(WebUIKeywordMain.groovy:20)
	at com.kms.katalon.core.webui.keyword.builtin.ClickKeyword.click(ClickKeyword.groovy:86)
	at com.kms.katalon.core.webui.keyword.builtin.ClickKeyword.execute(ClickKeyword.groovy:67)
	at com.kms.katalon.core.keyword.internal.KeywordExecutor.executeKeywordForPlatform(KeywordExecutor.groovy:56)
	at com.kms.katalon.core.webui.keyword.WebUiBuiltInKeywords.click(WebUiBuiltInKeywords.groovy:616)
	at com.kms.katalon.core.webui.keyword.WebUiBuiltInKeywords$click$2.call(Unknown Source)
	at Script1537096595770.run(Script1537096595770.groovy:28)
	... 13 more
)
[[ATTACHMENT|/home/faizan/Drive/KiboPush_Automated_Testing/KiboPush Katalon/Reports/Faizan Suits/Template/20190421_022043/1555797153694.png]]]]></system-out>
         <system-err><![CDATA[2019-04-21 02:51:54 - [TEST_CASE][FAILED] - Test Cases/Template testcases/TC0835: Test Cases/Template testcases/TC0835 FAILED.
Reason:
com.kms.katalon.core.exception.StepFailedException: Unable to click on object 'Object Repository/Page_KiboPush  Create Broadcast Tem/i_fa fa-times fa-stack-2x'
	at com.kms.katalon.core.webui.keyword.internal.WebUIKeywordMain.stepFailed(WebUIKeywordMain.groovy:64)
	at com.kms.katalon.core.webui.keyword.internal.WebUIKeywordMain.runKeyword(WebUIKeywordMain.groovy:26)
	at com.kms.katalon.core.webui.keyword.builtin.ClickKeyword.click(ClickKeyword.groovy:86)
	at com.kms.katalon.core.webui.keyword.builtin.ClickKeyword.execute(ClickKeyword.groovy:67)
	at com.kms.katalon.core.keyword.internal.KeywordExecutor.executeKeywordForPlatform(KeywordExecutor.groovy:56)
	at com.kms.katalon.core.webui.keyword.WebUiBuiltInKeywords.click(WebUiBuiltInKeywords.groovy:616)
	at com.kms.katalon.core.webui.keyword.WebUiBuiltInKeywords$click$2.call(Unknown Source)
	at TC0835.run(TC0835:28)
	at com.kms.katalon.core.main.ScriptEngine.run(ScriptEngine.java:194)
	at com.kms.katalon.core.main.ScriptEngine.runScriptAsRawText(ScriptEngine.java:119)
	at com.kms.katalon.core.main.TestCaseExecutor.runScript(TestCaseExecutor.java:336)
	at com.kms.katalon.core.main.TestCaseExecutor.doExecute(TestCaseExecutor.java:327)
	at com.kms.katalon.core.main.TestCaseExecutor.processExecutionPhase(TestCaseExecutor.java:306)
	at com.kms.katalon.core.main.TestCaseExecutor.accessMainPhase(TestCaseExecutor.java:298)
	at com.kms.katalon.core.main.TestCaseExecutor.execute(TestCaseExecutor.java:232)
	at com.kms.katalon.core.main.TestSuiteExecutor.accessTestCaseMainPhase(TestSuiteExecutor.java:129)
	at com.kms.katalon.core.main.TestSuiteExecutor.accessTestSuiteMainPhase(TestSuiteExecutor.java:112)
	at com.kms.katalon.core.main.TestSuiteExecutor.execute(TestSuiteExecutor.java:81)
	at com.kms.katalon.core.main.TestCaseMain.startTestSuite(TestCaseMain.java:157)
	at com.kms.katalon.core.main.TestCaseMain$startTestSuite$0.call(Unknown Source)
	at TempTestSuite1555795243480.run(TempTestSuite1555795243480.groovy:35)
Caused by: com.kms.katalon.core.webui.exception.WebElementNotFoundException: Web element with id: 'Object Repository/Page_KiboPush  Create Broadcast Tem/i_fa fa-times fa-stack-2x' located by 'By.xpath: id("List1")/div[@class="draggable"]/div[@class="broadcast-component"]/div[2]/span[@class="fa-stack"]/i[@class="fa fa-times fa-stack-2x"]' not found
	at com.kms.katalon.core.webui.common.WebUiCommonHelper.findWebElement(WebUiCommonHelper.java:1097)
	at com.kms.katalon.core.webui.keyword.internal.WebUIAbstractKeyword.findWebElement(WebUIAbstractKeyword.groovy:27)
	at com.kms.katalon.core.webui.keyword.internal.WebUIAbstractKeyword.findWebElement(WebUIAbstractKeyword.groovy:26)
	at com.kms.katalon.core.webui.keyword.builtin.ClickKeyword$_click_closure1.doCall(ClickKeyword.groovy:77)
	at com.kms.katalon.core.webui.keyword.builtin.ClickKeyword$_click_closure1.call(ClickKeyword.groovy)
	at com.kms.katalon.core.webui.keyword.internal.WebUIKeywordMain.runKeyword(WebUIKeywordMain.groovy:20)
	at com.kms.katalon.core.webui.keyword.builtin.ClickKeyword.click(ClickKeyword.groovy:86)
	at com.kms.katalon.core.webui.keyword.builtin.ClickKeyword.execute(ClickKeyword.groovy:67)
	at com.kms.katalon.core.keyword.internal.KeywordExecutor.executeKeywordForPlatform(KeywordExecutor.groovy:56)
	at com.kms.katalon.core.webui.keyword.WebUiBuiltInKeywords.click(WebUiBuiltInKeywords.groovy:616)
	at com.kms.katalon.core.webui.keyword.WebUiBuiltInKeywords$click$2.call(Unknown Source)
	at Script1537096595770.run(Script1537096595770.groovy:28)
	... 13 more]]></system-err>
      </testcase>
      <testcase name="Test Cases/Template testcases/TC0836" classname="Test Cases/Template testcases/TC0836" status="FAILED">
         <failure type="FAILED" message="Test Cases/Template testcases/TC0836 FAILED.
Reason:
com.kms.katalon.core.exception.StepFailedException: Unable to click on object 'Object Repository/Page_KiboEngage  Create Broadcast Template/i_Broadcast Title_fa fa-times-circle-o'
	at com.kms.katalon.core.webui.keyword.internal.WebUIKeywordMain.stepFailed(WebUIKeywordMain.groovy:64)
	at com.kms.katalon.core.webui.keyword.internal.WebUIKeywordMain.runKeyword(WebUIKeywordMain.groovy:26)
	at com.kms.katalon.core.webui.keyword.builtin.ClickKeyword.click(ClickKeyword.groovy:86)
	at com.kms.katalon.core.webui.keyword.builtin.ClickKeyword.execute(ClickKeyword.groovy:67)
	at com.kms.katalon.core.keyword.internal.KeywordExecutor.executeKeywordForPlatform(KeywordExecutor.groovy:56)
	at com.kms.katalon.core.webui.keyword.WebUiBuiltInKeywords.click(WebUiBuiltInKeywords.groovy:616)
	at com.kms.katalon.core.webui.keyword.WebUiBuiltInKeywords$click$2.call(Unknown Source)
	at TC0836.run(TC0836:24)
	at com.kms.katalon.core.main.ScriptEngine.run(ScriptEngine.java:194)
	at com.kms.katalon.core.main.ScriptEngine.runScriptAsRawText(ScriptEngine.java:119)
	at com.kms.katalon.core.main.TestCaseExecutor.runScript(TestCaseExecutor.java:336)
	at com.kms.katalon.core.main.TestCaseExecutor.doExecute(TestCaseExecutor.java:327)
	at com.kms.katalon.core.main.TestCaseExecutor.processExecutionPhase(TestCaseExecutor.java:306)
	at com.kms.katalon.core.main.TestCaseExecutor.accessMainPhase(TestCaseExecutor.java:298)
	at com.kms.katalon.core.main.TestCaseExecutor.execute(TestCaseExecutor.java:232)
	at com.kms.katalon.core.main.TestSuiteExecutor.accessTestCaseMainPhase(TestSuiteExecutor.java:129)
	at com.kms.katalon.core.main.TestSuiteExecutor.accessTestSuiteMainPhase(TestSuiteExecutor.java:112)
	at com.kms.katalon.core.main.TestSuiteExecutor.execute(TestSuiteExecutor.java:81)
	at com.kms.katalon.core.main.TestCaseMain.startTestSuite(TestCaseMain.java:157)
	at com.kms.katalon.core.main.TestCaseMain$startTestSuite$0.call(Unknown Source)
	at TempTestSuite1555795243480.run(TempTestSuite1555795243480.groovy:35)
Caused by: com.kms.katalon.core.webui.exception.WebElementNotFoundException: Web element with id: 'Object Repository/Page_KiboEngage  Create Broadcast Template/i_Broadcast Title_fa fa-times-circle-o' located by 'By.xpath: id(&quot;List1&quot;)/div[@class=&quot;draggable&quot;]/div[@class=&quot;broadcast-component&quot;]/div[@class=&quot;broadcast-component&quot;]/div[1]/div[@class=&quot;ui-block hoverbordersolid&quot;]/div[2]/span[@class=&quot;fa-stack&quot;]/i[@class=&quot;fa fa-times-circle-o&quot;]' not found
	at com.kms.katalon.core.webui.common.WebUiCommonHelper.findWebElement(WebUiCommonHelper.java:1097)
	at com.kms.katalon.core.webui.keyword.internal.WebUIAbstractKeyword.findWebElement(WebUIAbstractKeyword.groovy:27)
	at com.kms.katalon.core.webui.keyword.internal.WebUIAbstractKeyword.findWebElement(WebUIAbstractKeyword.groovy:26)
	at com.kms.katalon.core.webui.keyword.builtin.ClickKeyword$_click_closure1.doCall(ClickKeyword.groovy:77)
	at com.kms.katalon.core.webui.keyword.builtin.ClickKeyword$_click_closure1.call(ClickKeyword.groovy)
	at com.kms.katalon.core.webui.keyword.internal.WebUIKeywordMain.runKeyword(WebUIKeywordMain.groovy:20)
	at com.kms.katalon.core.webui.keyword.builtin.ClickKeyword.click(ClickKeyword.groovy:86)
	at com.kms.katalon.core.webui.keyword.builtin.ClickKeyword.execute(ClickKeyword.groovy:67)
	at com.kms.katalon.core.keyword.internal.KeywordExecutor.executeKeywordForPlatform(KeywordExecutor.groovy:56)
	at com.kms.katalon.core.webui.keyword.WebUiBuiltInKeywords.click(WebUiBuiltInKeywords.groovy:616)
	at com.kms.katalon.core.webui.keyword.WebUiBuiltInKeywords$click$2.call(Unknown Source)
	at Script1537096809200.run(Script1537096809200.groovy:24)
	... 13 more
"/>
         <system-out><![CDATA[2019-04-21 02:52:33 - [TEST_CASE][FAILED] - Test Cases/Template testcases/TC0836: Test Cases/Template testcases/TC0836 FAILED.
Reason:
com.kms.katalon.core.exception.StepFailedException: Unable to click on object 'Object Repository/Page_KiboEngage  Create Broadcast Template/i_Broadcast Title_fa fa-times-circle-o'
	at com.kms.katalon.core.webui.keyword.internal.WebUIKeywordMain.stepFailed(WebUIKeywordMain.groovy:64)
	at com.kms.katalon.core.webui.keyword.internal.WebUIKeywordMain.runKeyword(WebUIKeywordMain.groovy:26)
	at com.kms.katalon.core.webui.keyword.builtin.ClickKeyword.click(ClickKeyword.groovy:86)
	at com.kms.katalon.core.webui.keyword.builtin.ClickKeyword.execute(ClickKeyword.groovy:67)
	at com.kms.katalon.core.keyword.internal.KeywordExecutor.executeKeywordForPlatform(KeywordExecutor.groovy:56)
	at com.kms.katalon.core.webui.keyword.WebUiBuiltInKeywords.click(WebUiBuiltInKeywords.groovy:616)
	at com.kms.katalon.core.webui.keyword.WebUiBuiltInKeywords$click$2.call(Unknown Source)
	at TC0836.run(TC0836:24)
	at com.kms.katalon.core.main.ScriptEngine.run(ScriptEngine.java:194)
	at com.kms.katalon.core.main.ScriptEngine.runScriptAsRawText(ScriptEngine.java:119)
	at com.kms.katalon.core.main.TestCaseExecutor.runScript(TestCaseExecutor.java:336)
	at com.kms.katalon.core.main.TestCaseExecutor.doExecute(TestCaseExecutor.java:327)
	at com.kms.katalon.core.main.TestCaseExecutor.processExecutionPhase(TestCaseExecutor.java:306)
	at com.kms.katalon.core.main.TestCaseExecutor.accessMainPhase(TestCaseExecutor.java:298)
	at com.kms.katalon.core.main.TestCaseExecutor.execute(TestCaseExecutor.java:232)
	at com.kms.katalon.core.main.TestSuiteExecutor.accessTestCaseMainPhase(TestSuiteExecutor.java:129)
	at com.kms.katalon.core.main.TestSuiteExecutor.accessTestSuiteMainPhase(TestSuiteExecutor.java:112)
	at com.kms.katalon.core.main.TestSuiteExecutor.execute(TestSuiteExecutor.java:81)
	at com.kms.katalon.core.main.TestCaseMain.startTestSuite(TestCaseMain.java:157)
	at com.kms.katalon.core.main.TestCaseMain$startTestSuite$0.call(Unknown Source)
	at TempTestSuite1555795243480.run(TempTestSuite1555795243480.groovy:35)
Caused by: com.kms.katalon.core.webui.exception.WebElementNotFoundException: Web element with id: 'Object Repository/Page_KiboEngage  Create Broadcast Template/i_Broadcast Title_fa fa-times-circle-o' located by 'By.xpath: id("List1")/div[@class="draggable"]/div[@class="broadcast-component"]/div[@class="broadcast-component"]/div[1]/div[@class="ui-block hoverbordersolid"]/div[2]/span[@class="fa-stack"]/i[@class="fa fa-times-circle-o"]' not found
	at com.kms.katalon.core.webui.common.WebUiCommonHelper.findWebElement(WebUiCommonHelper.java:1097)
	at com.kms.katalon.core.webui.keyword.internal.WebUIAbstractKeyword.findWebElement(WebUIAbstractKeyword.groovy:27)
	at com.kms.katalon.core.webui.keyword.internal.WebUIAbstractKeyword.findWebElement(WebUIAbstractKeyword.groovy:26)
	at com.kms.katalon.core.webui.keyword.builtin.ClickKeyword$_click_closure1.doCall(ClickKeyword.groovy:77)
	at com.kms.katalon.core.webui.keyword.builtin.ClickKeyword$_click_closure1.call(ClickKeyword.groovy)
	at com.kms.katalon.core.webui.keyword.internal.WebUIKeywordMain.runKeyword(WebUIKeywordMain.groovy:20)
	at com.kms.katalon.core.webui.keyword.builtin.ClickKeyword.click(ClickKeyword.groovy:86)
	at com.kms.katalon.core.webui.keyword.builtin.ClickKeyword.execute(ClickKeyword.groovy:67)
	at com.kms.katalon.core.keyword.internal.KeywordExecutor.executeKeywordForPlatform(KeywordExecutor.groovy:56)
	at com.kms.katalon.core.webui.keyword.WebUiBuiltInKeywords.click(WebUiBuiltInKeywords.groovy:616)
	at com.kms.katalon.core.webui.keyword.WebUiBuiltInKeywords$click$2.call(Unknown Source)
	at Script1537096809200.run(Script1537096809200.groovy:24)
	... 13 more


2019-04-21 02:52:34 - [TEST_STEP][PASSED] - callTestCase(findTestCase("Template testcases/TC0834"), [:], STOP_ON_FAILURE): Call Test Case 'Test Cases/Template testcases/TC0834' successfully

2019-04-21 02:52:34 - [TEST_CASE][PASSED] - Test Cases/Template testcases/TC0834: Test Cases/Template testcases/TC0834

2019-04-21 02:52:34 - [TEST_STEP][PASSED] - callTestCase(findTestCase("Template testcases/TC0768"), [:], STOP_ON_FAILURE): Call Test Case 'Test Cases/Template testcases/TC0768' successfully

2019-04-21 02:52:34 - [TEST_CASE][PASSED] - Test Cases/Template testcases/TC0768: Test Cases/Template testcases/TC0768

2019-04-21 02:52:34 - [TEST_STEP][PASSED] - callTestCase(findTestCase("s-sidebar_navigation/individualAccount/Template"), [:], STOP_ON_FAILURE): Call Test Case 'Test Cases/s-sidebar_navigation/individualAccount/Template' successfully

2019-04-21 02:52:34 - [TEST_CASE][PASSED] - Test Cases/s-sidebar_navigation/individualAccount/Template: Test Cases/s-sidebar_navigation/individualAccount/Template

2019-04-21 02:52:34 - [TEST_STEP][PASSED] - click(findTestObject("Page_KiboPush  Dashboard/span_Broadcasts")): Object: 'Object Repository/Page_KiboPush  Dashboard/span_Broadcasts' is clicked on

2019-04-21 02:52:34 - [MESSAGE][PASSED] - Object: 'Object Repository/Page_KiboPush  Dashboard/span_Broadcasts' is clicked on

2019-04-21 02:52:34 - [TEST_STEP][PASSED] - delay(1): Delayed 1 second(s)

2019-04-21 02:52:35 - [MESSAGE][PASSED] - Delayed 1 second(s)

2019-04-21 02:52:35 - [TEST_STEP][PASSED] - click(findTestObject("Page_KiboPush  Dashboard/span_Templates")): Object: 'Object Repository/Page_KiboPush  Dashboard/span_Templates' is clicked on

2019-04-21 02:52:35 - [MESSAGE][PASSED] - Object: 'Object Repository/Page_KiboPush  Dashboard/span_Templates' is clicked on

2019-04-21 02:52:35 - [TEST_STEP][PASSED] - delay(3): Delayed 3 second(s)

2019-04-21 02:52:38 - [MESSAGE][PASSED] - Delayed 3 second(s)

2019-04-21 02:52:38 - [TEST_STEP][PASSED] - scrollToPosition(0, 0): Browser is scrolled to position x = 0, y = 0

2019-04-21 02:52:38 - [MESSAGE][PASSED] - Browser is scrolled to position x = 0, y = 0

2019-04-21 02:52:38 - [TEST_STEP][PASSED] - click(findTestObject("Object Repository/Page_KiboEngage  Templates/h3_Templates")): Object: 'Object Repository/Page_KiboEngage  Templates/h3_Templates' is clicked on

2019-04-21 02:52:38 - [MESSAGE][PASSED] - Object: 'Object Repository/Page_KiboEngage  Templates/h3_Templates' is clicked on

2019-04-21 02:52:38 - [TEST_STEP][PASSED] - delay(3): Delayed 3 second(s)

2019-04-21 02:52:41 - [MESSAGE][PASSED] - Delayed 3 second(s)

2019-04-21 02:52:41 - [MESSAGE][PASSED] - Call Test Case 'Test Cases/s-sidebar_navigation/individualAccount/Template' successfully

2019-04-21 02:52:41 - [TEST_STEP][PASSED] - click(findTestObject("Object Repository/Page_KiboPush  Dashboard/button_Create New")): Object: 'Object Repository/Page_KiboPush  Dashboard/button_Create New' is clicked on

2019-04-21 02:52:42 - [MESSAGE][PASSED] - Object: 'Object Repository/Page_KiboPush  Dashboard/button_Create New' is clicked on

2019-04-21 02:52:42 - [TEST_STEP][PASSED] - click(findTestObject("Object Repository/Page_KiboPush  Create Broadcast Tem/h3_Create Broadcast Template")): Object: 'Object Repository/Page_KiboPush  Create Broadcast Tem/h3_Create Broadcast Template' is clicked on

2019-04-21 02:52:42 - [MESSAGE][PASSED] - Object: 'Object Repository/Page_KiboPush  Create Broadcast Tem/h3_Create Broadcast Template' is clicked on

2019-04-21 02:52:42 - [MESSAGE][PASSED] - Call Test Case 'Test Cases/Template testcases/TC0768' successfully

2019-04-21 02:52:42 - [TEST_STEP][PASSED] - click(findTestObject("Page_KiboPush  Create Broadcast Tem/h6_List (1)")): Object: 'Object Repository/Page_KiboPush  Create Broadcast Tem/h6_List (1)' is clicked on

2019-04-21 02:52:42 - [MESSAGE][PASSED] - Object: 'Object Repository/Page_KiboPush  Create Broadcast Tem/h6_List (1)' is clicked on

2019-04-21 02:52:42 - [TEST_STEP][PASSED] - click(findTestObject("Object Repository/Page_KiboEngage  Create Broadcast Template/div_New list component added")): Object: 'Object Repository/Page_KiboEngage  Create Broadcast Template/div_New list component added' is clicked on

2019-04-21 02:52:42 - [MESSAGE][PASSED] - Object: 'Object Repository/Page_KiboEngage  Create Broadcast Template/div_New list component added' is clicked on

2019-04-21 02:52:42 - [MESSAGE][PASSED] - Call Test Case 'Test Cases/Template testcases/TC0834' successfully

2019-04-21 02:52:42 - [TEST_STEP][FAILED] - click(findTestObject("Object Repository/Page_KiboEngage  Create Broadcast Template/i_Broadcast Title_fa fa-times-circle-o")): Unable to click on object 'Object Repository/Page_KiboEngage  Create Broadcast Template/i_Broadcast Title_fa fa-times-circle-o' (Root cause: com.kms.katalon.core.exception.StepFailedException: Unable to click on object 'Object Repository/Page_KiboEngage  Create Broadcast Template/i_Broadcast Title_fa fa-times-circle-o'
	at com.kms.katalon.core.webui.keyword.internal.WebUIKeywordMain.stepFailed(WebUIKeywordMain.groovy:64)
	at com.kms.katalon.core.webui.keyword.internal.WebUIKeywordMain.runKeyword(WebUIKeywordMain.groovy:26)
	at com.kms.katalon.core.webui.keyword.builtin.ClickKeyword.click(ClickKeyword.groovy:86)
	at com.kms.katalon.core.webui.keyword.builtin.ClickKeyword.execute(ClickKeyword.groovy:67)
	at com.kms.katalon.core.keyword.internal.KeywordExecutor.executeKeywordForPlatform(KeywordExecutor.groovy:56)
	at com.kms.katalon.core.webui.keyword.WebUiBuiltInKeywords.click(WebUiBuiltInKeywords.groovy:616)
	at com.kms.katalon.core.webui.keyword.WebUiBuiltInKeywords$click$2.call(Unknown Source)
	at TC0836.run(TC0836:24)
	at com.kms.katalon.core.main.ScriptEngine.run(ScriptEngine.java:194)
	at com.kms.katalon.core.main.ScriptEngine.runScriptAsRawText(ScriptEngine.java:119)
	at com.kms.katalon.core.main.TestCaseExecutor.runScript(TestCaseExecutor.java:336)
	at com.kms.katalon.core.main.TestCaseExecutor.doExecute(TestCaseExecutor.java:327)
	at com.kms.katalon.core.main.TestCaseExecutor.processExecutionPhase(TestCaseExecutor.java:306)
	at com.kms.katalon.core.main.TestCaseExecutor.accessMainPhase(TestCaseExecutor.java:298)
	at com.kms.katalon.core.main.TestCaseExecutor.execute(TestCaseExecutor.java:232)
	at com.kms.katalon.core.main.TestSuiteExecutor.accessTestCaseMainPhase(TestSuiteExecutor.java:129)
	at com.kms.katalon.core.main.TestSuiteExecutor.accessTestSuiteMainPhase(TestSuiteExecutor.java:112)
	at com.kms.katalon.core.main.TestSuiteExecutor.execute(TestSuiteExecutor.java:81)
	at com.kms.katalon.core.main.TestCaseMain.startTestSuite(TestCaseMain.java:157)
	at com.kms.katalon.core.main.TestCaseMain$startTestSuite$0.call(Unknown Source)
	at TempTestSuite1555795243480.run(TempTestSuite1555795243480.groovy:35)
Caused by: com.kms.katalon.core.webui.exception.WebElementNotFoundException: Web element with id: 'Object Repository/Page_KiboEngage  Create Broadcast Template/i_Broadcast Title_fa fa-times-circle-o' located by 'By.xpath: id("List1")/div[@class="draggable"]/div[@class="broadcast-component"]/div[@class="broadcast-component"]/div[1]/div[@class="ui-block hoverbordersolid"]/div[2]/span[@class="fa-stack"]/i[@class="fa fa-times-circle-o"]' not found
	at com.kms.katalon.core.webui.common.WebUiCommonHelper.findWebElement(WebUiCommonHelper.java:1097)
	at com.kms.katalon.core.webui.keyword.internal.WebUIAbstractKeyword.findWebElement(WebUIAbstractKeyword.groovy:27)
	at com.kms.katalon.core.webui.keyword.internal.WebUIAbstractKeyword.findWebElement(WebUIAbstractKeyword.groovy:26)
	at com.kms.katalon.core.webui.keyword.builtin.ClickKeyword$_click_closure1.doCall(ClickKeyword.groovy:77)
	at com.kms.katalon.core.webui.keyword.builtin.ClickKeyword$_click_closure1.call(ClickKeyword.groovy)
	at com.kms.katalon.core.webui.keyword.internal.WebUIKeywordMain.runKeyword(WebUIKeywordMain.groovy:20)
	at com.kms.katalon.core.webui.keyword.builtin.ClickKeyword.click(ClickKeyword.groovy:86)
	at com.kms.katalon.core.webui.keyword.builtin.ClickKeyword.execute(ClickKeyword.groovy:67)
	at com.kms.katalon.core.keyword.internal.KeywordExecutor.executeKeywordForPlatform(KeywordExecutor.groovy:56)
	at com.kms.katalon.core.webui.keyword.WebUiBuiltInKeywords.click(WebUiBuiltInKeywords.groovy:616)
	at com.kms.katalon.core.webui.keyword.WebUiBuiltInKeywords$click$2.call(Unknown Source)
	at Script1537096809200.run(Script1537096809200.groovy:24)
	... 13 more
)

2019-04-21 02:53:13 - [MESSAGE][INFO] - Unable to find the element located by 'By.xpath: id("List1")/div[@class="draggable"]/div[@class="broadcast-component"]/div[@class="broadcast-component"]/div[1]/div[@class="ui-block hoverbordersolid"]/div[2]/span[@class="fa-stack"]/i[@class="fa fa-times-circle-o"]'. Please recheck the objects properties to make sure the desired element is located. 

2019-04-21 02:53:14 - [MESSAGE][FAILED] - Unable to click on object 'Object Repository/Page_KiboEngage  Create Broadcast Template/i_Broadcast Title_fa fa-times-circle-o' (Root cause: com.kms.katalon.core.exception.StepFailedException: Unable to click on object 'Object Repository/Page_KiboEngage  Create Broadcast Template/i_Broadcast Title_fa fa-times-circle-o'
	at com.kms.katalon.core.webui.keyword.internal.WebUIKeywordMain.stepFailed(WebUIKeywordMain.groovy:64)
	at com.kms.katalon.core.webui.keyword.internal.WebUIKeywordMain.runKeyword(WebUIKeywordMain.groovy:26)
	at com.kms.katalon.core.webui.keyword.builtin.ClickKeyword.click(ClickKeyword.groovy:86)
	at com.kms.katalon.core.webui.keyword.builtin.ClickKeyword.execute(ClickKeyword.groovy:67)
	at com.kms.katalon.core.keyword.internal.KeywordExecutor.executeKeywordForPlatform(KeywordExecutor.groovy:56)
	at com.kms.katalon.core.webui.keyword.WebUiBuiltInKeywords.click(WebUiBuiltInKeywords.groovy:616)
	at com.kms.katalon.core.webui.keyword.WebUiBuiltInKeywords$click$2.call(Unknown Source)
	at TC0836.run(TC0836:24)
	at com.kms.katalon.core.main.ScriptEngine.run(ScriptEngine.java:194)
	at com.kms.katalon.core.main.ScriptEngine.runScriptAsRawText(ScriptEngine.java:119)
	at com.kms.katalon.core.main.TestCaseExecutor.runScript(TestCaseExecutor.java:336)
	at com.kms.katalon.core.main.TestCaseExecutor.doExecute(TestCaseExecutor.java:327)
	at com.kms.katalon.core.main.TestCaseExecutor.processExecutionPhase(TestCaseExecutor.java:306)
	at com.kms.katalon.core.main.TestCaseExecutor.accessMainPhase(TestCaseExecutor.java:298)
	at com.kms.katalon.core.main.TestCaseExecutor.execute(TestCaseExecutor.java:232)
	at com.kms.katalon.core.main.TestSuiteExecutor.accessTestCaseMainPhase(TestSuiteExecutor.java:129)
	at com.kms.katalon.core.main.TestSuiteExecutor.accessTestSuiteMainPhase(TestSuiteExecutor.java:112)
	at com.kms.katalon.core.main.TestSuiteExecutor.execute(TestSuiteExecutor.java:81)
	at com.kms.katalon.core.main.TestCaseMain.startTestSuite(TestCaseMain.java:157)
	at com.kms.katalon.core.main.TestCaseMain$startTestSuite$0.call(Unknown Source)
	at TempTestSuite1555795243480.run(TempTestSuite1555795243480.groovy:35)
Caused by: com.kms.katalon.core.webui.exception.WebElementNotFoundException: Web element with id: 'Object Repository/Page_KiboEngage  Create Broadcast Template/i_Broadcast Title_fa fa-times-circle-o' located by 'By.xpath: id("List1")/div[@class="draggable"]/div[@class="broadcast-component"]/div[@class="broadcast-component"]/div[1]/div[@class="ui-block hoverbordersolid"]/div[2]/span[@class="fa-stack"]/i[@class="fa fa-times-circle-o"]' not found
	at com.kms.katalon.core.webui.common.WebUiCommonHelper.findWebElement(WebUiCommonHelper.java:1097)
	at com.kms.katalon.core.webui.keyword.internal.WebUIAbstractKeyword.findWebElement(WebUIAbstractKeyword.groovy:27)
	at com.kms.katalon.core.webui.keyword.internal.WebUIAbstractKeyword.findWebElement(WebUIAbstractKeyword.groovy:26)
	at com.kms.katalon.core.webui.keyword.builtin.ClickKeyword$_click_closure1.doCall(ClickKeyword.groovy:77)
	at com.kms.katalon.core.webui.keyword.builtin.ClickKeyword$_click_closure1.call(ClickKeyword.groovy)
	at com.kms.katalon.core.webui.keyword.internal.WebUIKeywordMain.runKeyword(WebUIKeywordMain.groovy:20)
	at com.kms.katalon.core.webui.keyword.builtin.ClickKeyword.click(ClickKeyword.groovy:86)
	at com.kms.katalon.core.webui.keyword.builtin.ClickKeyword.execute(ClickKeyword.groovy:67)
	at com.kms.katalon.core.keyword.internal.KeywordExecutor.executeKeywordForPlatform(KeywordExecutor.groovy:56)
	at com.kms.katalon.core.webui.keyword.WebUiBuiltInKeywords.click(WebUiBuiltInKeywords.groovy:616)
	at com.kms.katalon.core.webui.keyword.WebUiBuiltInKeywords$click$2.call(Unknown Source)
	at Script1537096809200.run(Script1537096809200.groovy:24)
	... 13 more
)
[[ATTACHMENT|/home/faizan/Drive/KiboPush_Automated_Testing/KiboPush Katalon/Reports/Faizan Suits/Template/20190421_022043/1555797193664.png]]]]></system-out>
         <system-err><![CDATA[2019-04-21 02:52:33 - [TEST_CASE][FAILED] - Test Cases/Template testcases/TC0836: Test Cases/Template testcases/TC0836 FAILED.
Reason:
com.kms.katalon.core.exception.StepFailedException: Unable to click on object 'Object Repository/Page_KiboEngage  Create Broadcast Template/i_Broadcast Title_fa fa-times-circle-o'
	at com.kms.katalon.core.webui.keyword.internal.WebUIKeywordMain.stepFailed(WebUIKeywordMain.groovy:64)
	at com.kms.katalon.core.webui.keyword.internal.WebUIKeywordMain.runKeyword(WebUIKeywordMain.groovy:26)
	at com.kms.katalon.core.webui.keyword.builtin.ClickKeyword.click(ClickKeyword.groovy:86)
	at com.kms.katalon.core.webui.keyword.builtin.ClickKeyword.execute(ClickKeyword.groovy:67)
	at com.kms.katalon.core.keyword.internal.KeywordExecutor.executeKeywordForPlatform(KeywordExecutor.groovy:56)
	at com.kms.katalon.core.webui.keyword.WebUiBuiltInKeywords.click(WebUiBuiltInKeywords.groovy:616)
	at com.kms.katalon.core.webui.keyword.WebUiBuiltInKeywords$click$2.call(Unknown Source)
	at TC0836.run(TC0836:24)
	at com.kms.katalon.core.main.ScriptEngine.run(ScriptEngine.java:194)
	at com.kms.katalon.core.main.ScriptEngine.runScriptAsRawText(ScriptEngine.java:119)
	at com.kms.katalon.core.main.TestCaseExecutor.runScript(TestCaseExecutor.java:336)
	at com.kms.katalon.core.main.TestCaseExecutor.doExecute(TestCaseExecutor.java:327)
	at com.kms.katalon.core.main.TestCaseExecutor.processExecutionPhase(TestCaseExecutor.java:306)
	at com.kms.katalon.core.main.TestCaseExecutor.accessMainPhase(TestCaseExecutor.java:298)
	at com.kms.katalon.core.main.TestCaseExecutor.execute(TestCaseExecutor.java:232)
	at com.kms.katalon.core.main.TestSuiteExecutor.accessTestCaseMainPhase(TestSuiteExecutor.java:129)
	at com.kms.katalon.core.main.TestSuiteExecutor.accessTestSuiteMainPhase(TestSuiteExecutor.java:112)
	at com.kms.katalon.core.main.TestSuiteExecutor.execute(TestSuiteExecutor.java:81)
	at com.kms.katalon.core.main.TestCaseMain.startTestSuite(TestCaseMain.java:157)
	at com.kms.katalon.core.main.TestCaseMain$startTestSuite$0.call(Unknown Source)
	at TempTestSuite1555795243480.run(TempTestSuite1555795243480.groovy:35)
Caused by: com.kms.katalon.core.webui.exception.WebElementNotFoundException: Web element with id: 'Object Repository/Page_KiboEngage  Create Broadcast Template/i_Broadcast Title_fa fa-times-circle-o' located by 'By.xpath: id("List1")/div[@class="draggable"]/div[@class="broadcast-component"]/div[@class="broadcast-component"]/div[1]/div[@class="ui-block hoverbordersolid"]/div[2]/span[@class="fa-stack"]/i[@class="fa fa-times-circle-o"]' not found
	at com.kms.katalon.core.webui.common.WebUiCommonHelper.findWebElement(WebUiCommonHelper.java:1097)
	at com.kms.katalon.core.webui.keyword.internal.WebUIAbstractKeyword.findWebElement(WebUIAbstractKeyword.groovy:27)
	at com.kms.katalon.core.webui.keyword.internal.WebUIAbstractKeyword.findWebElement(WebUIAbstractKeyword.groovy:26)
	at com.kms.katalon.core.webui.keyword.builtin.ClickKeyword$_click_closure1.doCall(ClickKeyword.groovy:77)
	at com.kms.katalon.core.webui.keyword.builtin.ClickKeyword$_click_closure1.call(ClickKeyword.groovy)
	at com.kms.katalon.core.webui.keyword.internal.WebUIKeywordMain.runKeyword(WebUIKeywordMain.groovy:20)
	at com.kms.katalon.core.webui.keyword.builtin.ClickKeyword.click(ClickKeyword.groovy:86)
	at com.kms.katalon.core.webui.keyword.builtin.ClickKeyword.execute(ClickKeyword.groovy:67)
	at com.kms.katalon.core.keyword.internal.KeywordExecutor.executeKeywordForPlatform(KeywordExecutor.groovy:56)
	at com.kms.katalon.core.webui.keyword.WebUiBuiltInKeywords.click(WebUiBuiltInKeywords.groovy:616)
	at com.kms.katalon.core.webui.keyword.WebUiBuiltInKeywords$click$2.call(Unknown Source)
	at Script1537096809200.run(Script1537096809200.groovy:24)
	... 13 more]]></system-err>
      </testcase>
      <testcase name="Test Cases/Template testcases/TC0837" classname="Test Cases/Template testcases/TC0837" status="FAILED">
         <failure type="FAILED" message="Test Cases/Template testcases/TC0837 FAILED.
Reason:
com.kms.katalon.core.exception.StepFailedException: Unable to click on object 'Object Repository/Page_KiboPush  Create Broadcast Tem/i_fa fa-times fa-stack-2x'
	at com.kms.katalon.core.webui.keyword.internal.WebUIKeywordMain.stepFailed(WebUIKeywordMain.groovy:64)
	at com.kms.katalon.core.webui.keyword.internal.WebUIKeywordMain.runKeyword(WebUIKeywordMain.groovy:26)
	at com.kms.katalon.core.webui.keyword.builtin.ClickKeyword.click(ClickKeyword.groovy:86)
	at com.kms.katalon.core.webui.keyword.builtin.ClickKeyword.execute(ClickKeyword.groovy:67)
	at com.kms.katalon.core.keyword.internal.KeywordExecutor.executeKeywordForPlatform(KeywordExecutor.groovy:56)
	at com.kms.katalon.core.webui.keyword.WebUiBuiltInKeywords.click(WebUiBuiltInKeywords.groovy:616)
	at com.kms.katalon.core.webui.keyword.WebUiBuiltInKeywords$click$2.call(Unknown Source)
	at TC0837.run(TC0837:30)
	at com.kms.katalon.core.main.ScriptEngine.run(ScriptEngine.java:194)
	at com.kms.katalon.core.main.ScriptEngine.runScriptAsRawText(ScriptEngine.java:119)
	at com.kms.katalon.core.main.TestCaseExecutor.runScript(TestCaseExecutor.java:336)
	at com.kms.katalon.core.main.TestCaseExecutor.doExecute(TestCaseExecutor.java:327)
	at com.kms.katalon.core.main.TestCaseExecutor.processExecutionPhase(TestCaseExecutor.java:306)
	at com.kms.katalon.core.main.TestCaseExecutor.accessMainPhase(TestCaseExecutor.java:298)
	at com.kms.katalon.core.main.TestCaseExecutor.execute(TestCaseExecutor.java:232)
	at com.kms.katalon.core.main.TestSuiteExecutor.accessTestCaseMainPhase(TestSuiteExecutor.java:129)
	at com.kms.katalon.core.main.TestSuiteExecutor.accessTestSuiteMainPhase(TestSuiteExecutor.java:112)
	at com.kms.katalon.core.main.TestSuiteExecutor.execute(TestSuiteExecutor.java:81)
	at com.kms.katalon.core.main.TestCaseMain.startTestSuite(TestCaseMain.java:157)
	at com.kms.katalon.core.main.TestCaseMain$startTestSuite$0.call(Unknown Source)
	at TempTestSuite1555795243480.run(TempTestSuite1555795243480.groovy:35)
Caused by: com.kms.katalon.core.webui.exception.WebElementNotFoundException: Web element with id: 'Object Repository/Page_KiboPush  Create Broadcast Tem/i_fa fa-times fa-stack-2x' located by 'By.xpath: id(&quot;List1&quot;)/div[@class=&quot;draggable&quot;]/div[@class=&quot;broadcast-component&quot;]/div[2]/span[@class=&quot;fa-stack&quot;]/i[@class=&quot;fa fa-times fa-stack-2x&quot;]' not found
	at com.kms.katalon.core.webui.common.WebUiCommonHelper.findWebElement(WebUiCommonHelper.java:1097)
	at com.kms.katalon.core.webui.keyword.internal.WebUIAbstractKeyword.findWebElement(WebUIAbstractKeyword.groovy:27)
	at com.kms.katalon.core.webui.keyword.internal.WebUIAbstractKeyword.findWebElement(WebUIAbstractKeyword.groovy:26)
	at com.kms.katalon.core.webui.keyword.builtin.ClickKeyword$_click_closure1.doCall(ClickKeyword.groovy:77)
	at com.kms.katalon.core.webui.keyword.builtin.ClickKeyword$_click_closure1.call(ClickKeyword.groovy)
	at com.kms.katalon.core.webui.keyword.internal.WebUIKeywordMain.runKeyword(WebUIKeywordMain.groovy:20)
	at com.kms.katalon.core.webui.keyword.builtin.ClickKeyword.click(ClickKeyword.groovy:86)
	at com.kms.katalon.core.webui.keyword.builtin.ClickKeyword.execute(ClickKeyword.groovy:67)
	at com.kms.katalon.core.keyword.internal.KeywordExecutor.executeKeywordForPlatform(KeywordExecutor.groovy:56)
	at com.kms.katalon.core.webui.keyword.WebUiBuiltInKeywords.click(WebUiBuiltInKeywords.groovy:616)
	at com.kms.katalon.core.webui.keyword.WebUiBuiltInKeywords$click$2.call(Unknown Source)
	at Script1537096982351.run(Script1537096982351.groovy:30)
	... 13 more
"/>
         <system-out><![CDATA[2019-04-21 02:53:14 - [TEST_CASE][FAILED] - Test Cases/Template testcases/TC0837: Test Cases/Template testcases/TC0837 FAILED.
Reason:
com.kms.katalon.core.exception.StepFailedException: Unable to click on object 'Object Repository/Page_KiboPush  Create Broadcast Tem/i_fa fa-times fa-stack-2x'
	at com.kms.katalon.core.webui.keyword.internal.WebUIKeywordMain.stepFailed(WebUIKeywordMain.groovy:64)
	at com.kms.katalon.core.webui.keyword.internal.WebUIKeywordMain.runKeyword(WebUIKeywordMain.groovy:26)
	at com.kms.katalon.core.webui.keyword.builtin.ClickKeyword.click(ClickKeyword.groovy:86)
	at com.kms.katalon.core.webui.keyword.builtin.ClickKeyword.execute(ClickKeyword.groovy:67)
	at com.kms.katalon.core.keyword.internal.KeywordExecutor.executeKeywordForPlatform(KeywordExecutor.groovy:56)
	at com.kms.katalon.core.webui.keyword.WebUiBuiltInKeywords.click(WebUiBuiltInKeywords.groovy:616)
	at com.kms.katalon.core.webui.keyword.WebUiBuiltInKeywords$click$2.call(Unknown Source)
	at TC0837.run(TC0837:30)
	at com.kms.katalon.core.main.ScriptEngine.run(ScriptEngine.java:194)
	at com.kms.katalon.core.main.ScriptEngine.runScriptAsRawText(ScriptEngine.java:119)
	at com.kms.katalon.core.main.TestCaseExecutor.runScript(TestCaseExecutor.java:336)
	at com.kms.katalon.core.main.TestCaseExecutor.doExecute(TestCaseExecutor.java:327)
	at com.kms.katalon.core.main.TestCaseExecutor.processExecutionPhase(TestCaseExecutor.java:306)
	at com.kms.katalon.core.main.TestCaseExecutor.accessMainPhase(TestCaseExecutor.java:298)
	at com.kms.katalon.core.main.TestCaseExecutor.execute(TestCaseExecutor.java:232)
	at com.kms.katalon.core.main.TestSuiteExecutor.accessTestCaseMainPhase(TestSuiteExecutor.java:129)
	at com.kms.katalon.core.main.TestSuiteExecutor.accessTestSuiteMainPhase(TestSuiteExecutor.java:112)
	at com.kms.katalon.core.main.TestSuiteExecutor.execute(TestSuiteExecutor.java:81)
	at com.kms.katalon.core.main.TestCaseMain.startTestSuite(TestCaseMain.java:157)
	at com.kms.katalon.core.main.TestCaseMain$startTestSuite$0.call(Unknown Source)
	at TempTestSuite1555795243480.run(TempTestSuite1555795243480.groovy:35)
Caused by: com.kms.katalon.core.webui.exception.WebElementNotFoundException: Web element with id: 'Object Repository/Page_KiboPush  Create Broadcast Tem/i_fa fa-times fa-stack-2x' located by 'By.xpath: id("List1")/div[@class="draggable"]/div[@class="broadcast-component"]/div[2]/span[@class="fa-stack"]/i[@class="fa fa-times fa-stack-2x"]' not found
	at com.kms.katalon.core.webui.common.WebUiCommonHelper.findWebElement(WebUiCommonHelper.java:1097)
	at com.kms.katalon.core.webui.keyword.internal.WebUIAbstractKeyword.findWebElement(WebUIAbstractKeyword.groovy:27)
	at com.kms.katalon.core.webui.keyword.internal.WebUIAbstractKeyword.findWebElement(WebUIAbstractKeyword.groovy:26)
	at com.kms.katalon.core.webui.keyword.builtin.ClickKeyword$_click_closure1.doCall(ClickKeyword.groovy:77)
	at com.kms.katalon.core.webui.keyword.builtin.ClickKeyword$_click_closure1.call(ClickKeyword.groovy)
	at com.kms.katalon.core.webui.keyword.internal.WebUIKeywordMain.runKeyword(WebUIKeywordMain.groovy:20)
	at com.kms.katalon.core.webui.keyword.builtin.ClickKeyword.click(ClickKeyword.groovy:86)
	at com.kms.katalon.core.webui.keyword.builtin.ClickKeyword.execute(ClickKeyword.groovy:67)
	at com.kms.katalon.core.keyword.internal.KeywordExecutor.executeKeywordForPlatform(KeywordExecutor.groovy:56)
	at com.kms.katalon.core.webui.keyword.WebUiBuiltInKeywords.click(WebUiBuiltInKeywords.groovy:616)
	at com.kms.katalon.core.webui.keyword.WebUiBuiltInKeywords$click$2.call(Unknown Source)
	at Script1537096982351.run(Script1537096982351.groovy:30)
	... 13 more


2019-04-21 02:53:14 - [TEST_STEP][PASSED] - callTestCase(findTestCase("Template testcases/TC0834"), [:], STOP_ON_FAILURE): Call Test Case 'Test Cases/Template testcases/TC0834' successfully

2019-04-21 02:53:14 - [TEST_CASE][PASSED] - Test Cases/Template testcases/TC0834: Test Cases/Template testcases/TC0834

2019-04-21 02:53:14 - [TEST_STEP][PASSED] - callTestCase(findTestCase("Template testcases/TC0768"), [:], STOP_ON_FAILURE): Call Test Case 'Test Cases/Template testcases/TC0768' successfully

2019-04-21 02:53:14 - [TEST_CASE][PASSED] - Test Cases/Template testcases/TC0768: Test Cases/Template testcases/TC0768

2019-04-21 02:53:14 - [TEST_STEP][PASSED] - callTestCase(findTestCase("s-sidebar_navigation/individualAccount/Template"), [:], STOP_ON_FAILURE): Call Test Case 'Test Cases/s-sidebar_navigation/individualAccount/Template' successfully

2019-04-21 02:53:14 - [TEST_CASE][PASSED] - Test Cases/s-sidebar_navigation/individualAccount/Template: Test Cases/s-sidebar_navigation/individualAccount/Template

2019-04-21 02:53:14 - [TEST_STEP][PASSED] - click(findTestObject("Page_KiboPush  Dashboard/span_Broadcasts")): Object: 'Object Repository/Page_KiboPush  Dashboard/span_Broadcasts' is clicked on

2019-04-21 02:53:14 - [MESSAGE][PASSED] - Object: 'Object Repository/Page_KiboPush  Dashboard/span_Broadcasts' is clicked on

2019-04-21 02:53:14 - [TEST_STEP][PASSED] - delay(1): Delayed 1 second(s)

2019-04-21 02:53:15 - [MESSAGE][PASSED] - Delayed 1 second(s)

2019-04-21 02:53:15 - [TEST_STEP][PASSED] - click(findTestObject("Page_KiboPush  Dashboard/span_Templates")): Object: 'Object Repository/Page_KiboPush  Dashboard/span_Templates' is clicked on

2019-04-21 02:53:15 - [MESSAGE][PASSED] - Object: 'Object Repository/Page_KiboPush  Dashboard/span_Templates' is clicked on

2019-04-21 02:53:15 - [TEST_STEP][PASSED] - delay(3): Delayed 3 second(s)

2019-04-21 02:53:18 - [MESSAGE][PASSED] - Delayed 3 second(s)

2019-04-21 02:53:18 - [TEST_STEP][PASSED] - scrollToPosition(0, 0): Browser is scrolled to position x = 0, y = 0

2019-04-21 02:53:18 - [MESSAGE][PASSED] - Browser is scrolled to position x = 0, y = 0

2019-04-21 02:53:18 - [TEST_STEP][PASSED] - click(findTestObject("Object Repository/Page_KiboEngage  Templates/h3_Templates")): Object: 'Object Repository/Page_KiboEngage  Templates/h3_Templates' is clicked on

2019-04-21 02:53:18 - [MESSAGE][PASSED] - Object: 'Object Repository/Page_KiboEngage  Templates/h3_Templates' is clicked on

2019-04-21 02:53:18 - [TEST_STEP][PASSED] - delay(3): Delayed 3 second(s)

2019-04-21 02:53:21 - [MESSAGE][PASSED] - Delayed 3 second(s)

2019-04-21 02:53:21 - [MESSAGE][PASSED] - Call Test Case 'Test Cases/s-sidebar_navigation/individualAccount/Template' successfully

2019-04-21 02:53:21 - [TEST_STEP][PASSED] - click(findTestObject("Object Repository/Page_KiboPush  Dashboard/button_Create New")): Object: 'Object Repository/Page_KiboPush  Dashboard/button_Create New' is clicked on

2019-04-21 02:53:22 - [MESSAGE][PASSED] - Object: 'Object Repository/Page_KiboPush  Dashboard/button_Create New' is clicked on

2019-04-21 02:53:22 - [TEST_STEP][PASSED] - click(findTestObject("Object Repository/Page_KiboPush  Create Broadcast Tem/h3_Create Broadcast Template")): Object: 'Object Repository/Page_KiboPush  Create Broadcast Tem/h3_Create Broadcast Template' is clicked on

2019-04-21 02:53:22 - [MESSAGE][PASSED] - Object: 'Object Repository/Page_KiboPush  Create Broadcast Tem/h3_Create Broadcast Template' is clicked on

2019-04-21 02:53:22 - [MESSAGE][PASSED] - Call Test Case 'Test Cases/Template testcases/TC0768' successfully

2019-04-21 02:53:22 - [TEST_STEP][PASSED] - click(findTestObject("Page_KiboPush  Create Broadcast Tem/h6_List (1)")): Object: 'Object Repository/Page_KiboPush  Create Broadcast Tem/h6_List (1)' is clicked on

2019-04-21 02:53:22 - [MESSAGE][PASSED] - Object: 'Object Repository/Page_KiboPush  Create Broadcast Tem/h6_List (1)' is clicked on

2019-04-21 02:53:22 - [TEST_STEP][PASSED] - click(findTestObject("Object Repository/Page_KiboEngage  Create Broadcast Template/div_New list component added")): Object: 'Object Repository/Page_KiboEngage  Create Broadcast Template/div_New list component added' is clicked on

2019-04-21 02:53:22 - [MESSAGE][PASSED] - Object: 'Object Repository/Page_KiboEngage  Create Broadcast Template/div_New list component added' is clicked on

2019-04-21 02:53:22 - [MESSAGE][PASSED] - Call Test Case 'Test Cases/Template testcases/TC0834' successfully

2019-04-21 02:53:22 - [TEST_STEP][PASSED] - click(findTestObject("Page_KiboPush  Create Broadcast Tem/h6_List")): Object: 'Object Repository/Page_KiboPush  Create Broadcast Tem/h6_List' is clicked on

2019-04-21 02:53:23 - [MESSAGE][PASSED] - Object: 'Object Repository/Page_KiboPush  Create Broadcast Tem/h6_List' is clicked on

2019-04-21 02:53:23 - [TEST_STEP][FAILED] - click(findTestObject("Page_KiboPush  Create Broadcast Tem/i_fa fa-times fa-stack-2x")): Unable to click on object 'Object Repository/Page_KiboPush  Create Broadcast Tem/i_fa fa-times fa-stack-2x' (Root cause: com.kms.katalon.core.exception.StepFailedException: Unable to click on object 'Object Repository/Page_KiboPush  Create Broadcast Tem/i_fa fa-times fa-stack-2x'
	at com.kms.katalon.core.webui.keyword.internal.WebUIKeywordMain.stepFailed(WebUIKeywordMain.groovy:64)
	at com.kms.katalon.core.webui.keyword.internal.WebUIKeywordMain.runKeyword(WebUIKeywordMain.groovy:26)
	at com.kms.katalon.core.webui.keyword.builtin.ClickKeyword.click(ClickKeyword.groovy:86)
	at com.kms.katalon.core.webui.keyword.builtin.ClickKeyword.execute(ClickKeyword.groovy:67)
	at com.kms.katalon.core.keyword.internal.KeywordExecutor.executeKeywordForPlatform(KeywordExecutor.groovy:56)
	at com.kms.katalon.core.webui.keyword.WebUiBuiltInKeywords.click(WebUiBuiltInKeywords.groovy:616)
	at com.kms.katalon.core.webui.keyword.WebUiBuiltInKeywords$click$2.call(Unknown Source)
	at TC0837.run(TC0837:30)
	at com.kms.katalon.core.main.ScriptEngine.run(ScriptEngine.java:194)
	at com.kms.katalon.core.main.ScriptEngine.runScriptAsRawText(ScriptEngine.java:119)
	at com.kms.katalon.core.main.TestCaseExecutor.runScript(TestCaseExecutor.java:336)
	at com.kms.katalon.core.main.TestCaseExecutor.doExecute(TestCaseExecutor.java:327)
	at com.kms.katalon.core.main.TestCaseExecutor.processExecutionPhase(TestCaseExecutor.java:306)
	at com.kms.katalon.core.main.TestCaseExecutor.accessMainPhase(TestCaseExecutor.java:298)
	at com.kms.katalon.core.main.TestCaseExecutor.execute(TestCaseExecutor.java:232)
	at com.kms.katalon.core.main.TestSuiteExecutor.accessTestCaseMainPhase(TestSuiteExecutor.java:129)
	at com.kms.katalon.core.main.TestSuiteExecutor.accessTestSuiteMainPhase(TestSuiteExecutor.java:112)
	at com.kms.katalon.core.main.TestSuiteExecutor.execute(TestSuiteExecutor.java:81)
	at com.kms.katalon.core.main.TestCaseMain.startTestSuite(TestCaseMain.java:157)
	at com.kms.katalon.core.main.TestCaseMain$startTestSuite$0.call(Unknown Source)
	at TempTestSuite1555795243480.run(TempTestSuite1555795243480.groovy:35)
Caused by: com.kms.katalon.core.webui.exception.WebElementNotFoundException: Web element with id: 'Object Repository/Page_KiboPush  Create Broadcast Tem/i_fa fa-times fa-stack-2x' located by 'By.xpath: id("List1")/div[@class="draggable"]/div[@class="broadcast-component"]/div[2]/span[@class="fa-stack"]/i[@class="fa fa-times fa-stack-2x"]' not found
	at com.kms.katalon.core.webui.common.WebUiCommonHelper.findWebElement(WebUiCommonHelper.java:1097)
	at com.kms.katalon.core.webui.keyword.internal.WebUIAbstractKeyword.findWebElement(WebUIAbstractKeyword.groovy:27)
	at com.kms.katalon.core.webui.keyword.internal.WebUIAbstractKeyword.findWebElement(WebUIAbstractKeyword.groovy:26)
	at com.kms.katalon.core.webui.keyword.builtin.ClickKeyword$_click_closure1.doCall(ClickKeyword.groovy:77)
	at com.kms.katalon.core.webui.keyword.builtin.ClickKeyword$_click_closure1.call(ClickKeyword.groovy)
	at com.kms.katalon.core.webui.keyword.internal.WebUIKeywordMain.runKeyword(WebUIKeywordMain.groovy:20)
	at com.kms.katalon.core.webui.keyword.builtin.ClickKeyword.click(ClickKeyword.groovy:86)
	at com.kms.katalon.core.webui.keyword.builtin.ClickKeyword.execute(ClickKeyword.groovy:67)
	at com.kms.katalon.core.keyword.internal.KeywordExecutor.executeKeywordForPlatform(KeywordExecutor.groovy:56)
	at com.kms.katalon.core.webui.keyword.WebUiBuiltInKeywords.click(WebUiBuiltInKeywords.groovy:616)
	at com.kms.katalon.core.webui.keyword.WebUiBuiltInKeywords$click$2.call(Unknown Source)
	at Script1537096982351.run(Script1537096982351.groovy:30)
	... 13 more
)

2019-04-21 02:53:54 - [MESSAGE][INFO] - Unable to find the element located by 'By.xpath: id("List1")/div[@class="draggable"]/div[@class="broadcast-component"]/div[2]/span[@class="fa-stack"]/i[@class="fa fa-times fa-stack-2x"]'. Please recheck the objects properties to make sure the desired element is located. 

2019-04-21 02:53:54 - [MESSAGE][FAILED] - Unable to click on object 'Object Repository/Page_KiboPush  Create Broadcast Tem/i_fa fa-times fa-stack-2x' (Root cause: com.kms.katalon.core.exception.StepFailedException: Unable to click on object 'Object Repository/Page_KiboPush  Create Broadcast Tem/i_fa fa-times fa-stack-2x'
	at com.kms.katalon.core.webui.keyword.internal.WebUIKeywordMain.stepFailed(WebUIKeywordMain.groovy:64)
	at com.kms.katalon.core.webui.keyword.internal.WebUIKeywordMain.runKeyword(WebUIKeywordMain.groovy:26)
	at com.kms.katalon.core.webui.keyword.builtin.ClickKeyword.click(ClickKeyword.groovy:86)
	at com.kms.katalon.core.webui.keyword.builtin.ClickKeyword.execute(ClickKeyword.groovy:67)
	at com.kms.katalon.core.keyword.internal.KeywordExecutor.executeKeywordForPlatform(KeywordExecutor.groovy:56)
	at com.kms.katalon.core.webui.keyword.WebUiBuiltInKeywords.click(WebUiBuiltInKeywords.groovy:616)
	at com.kms.katalon.core.webui.keyword.WebUiBuiltInKeywords$click$2.call(Unknown Source)
	at TC0837.run(TC0837:30)
	at com.kms.katalon.core.main.ScriptEngine.run(ScriptEngine.java:194)
	at com.kms.katalon.core.main.ScriptEngine.runScriptAsRawText(ScriptEngine.java:119)
	at com.kms.katalon.core.main.TestCaseExecutor.runScript(TestCaseExecutor.java:336)
	at com.kms.katalon.core.main.TestCaseExecutor.doExecute(TestCaseExecutor.java:327)
	at com.kms.katalon.core.main.TestCaseExecutor.processExecutionPhase(TestCaseExecutor.java:306)
	at com.kms.katalon.core.main.TestCaseExecutor.accessMainPhase(TestCaseExecutor.java:298)
	at com.kms.katalon.core.main.TestCaseExecutor.execute(TestCaseExecutor.java:232)
	at com.kms.katalon.core.main.TestSuiteExecutor.accessTestCaseMainPhase(TestSuiteExecutor.java:129)
	at com.kms.katalon.core.main.TestSuiteExecutor.accessTestSuiteMainPhase(TestSuiteExecutor.java:112)
	at com.kms.katalon.core.main.TestSuiteExecutor.execute(TestSuiteExecutor.java:81)
	at com.kms.katalon.core.main.TestCaseMain.startTestSuite(TestCaseMain.java:157)
	at com.kms.katalon.core.main.TestCaseMain$startTestSuite$0.call(Unknown Source)
	at TempTestSuite1555795243480.run(TempTestSuite1555795243480.groovy:35)
Caused by: com.kms.katalon.core.webui.exception.WebElementNotFoundException: Web element with id: 'Object Repository/Page_KiboPush  Create Broadcast Tem/i_fa fa-times fa-stack-2x' located by 'By.xpath: id("List1")/div[@class="draggable"]/div[@class="broadcast-component"]/div[2]/span[@class="fa-stack"]/i[@class="fa fa-times fa-stack-2x"]' not found
	at com.kms.katalon.core.webui.common.WebUiCommonHelper.findWebElement(WebUiCommonHelper.java:1097)
	at com.kms.katalon.core.webui.keyword.internal.WebUIAbstractKeyword.findWebElement(WebUIAbstractKeyword.groovy:27)
	at com.kms.katalon.core.webui.keyword.internal.WebUIAbstractKeyword.findWebElement(WebUIAbstractKeyword.groovy:26)
	at com.kms.katalon.core.webui.keyword.builtin.ClickKeyword$_click_closure1.doCall(ClickKeyword.groovy:77)
	at com.kms.katalon.core.webui.keyword.builtin.ClickKeyword$_click_closure1.call(ClickKeyword.groovy)
	at com.kms.katalon.core.webui.keyword.internal.WebUIKeywordMain.runKeyword(WebUIKeywordMain.groovy:20)
	at com.kms.katalon.core.webui.keyword.builtin.ClickKeyword.click(ClickKeyword.groovy:86)
	at com.kms.katalon.core.webui.keyword.builtin.ClickKeyword.execute(ClickKeyword.groovy:67)
	at com.kms.katalon.core.keyword.internal.KeywordExecutor.executeKeywordForPlatform(KeywordExecutor.groovy:56)
	at com.kms.katalon.core.webui.keyword.WebUiBuiltInKeywords.click(WebUiBuiltInKeywords.groovy:616)
	at com.kms.katalon.core.webui.keyword.WebUiBuiltInKeywords$click$2.call(Unknown Source)
	at Script1537096982351.run(Script1537096982351.groovy:30)
	... 13 more
)
[[ATTACHMENT|/home/faizan/Drive/KiboPush_Automated_Testing/KiboPush Katalon/Reports/Faizan Suits/Template/20190421_022043/1555797234062.png]]]]></system-out>
         <system-err><![CDATA[2019-04-21 02:53:14 - [TEST_CASE][FAILED] - Test Cases/Template testcases/TC0837: Test Cases/Template testcases/TC0837 FAILED.
Reason:
com.kms.katalon.core.exception.StepFailedException: Unable to click on object 'Object Repository/Page_KiboPush  Create Broadcast Tem/i_fa fa-times fa-stack-2x'
	at com.kms.katalon.core.webui.keyword.internal.WebUIKeywordMain.stepFailed(WebUIKeywordMain.groovy:64)
	at com.kms.katalon.core.webui.keyword.internal.WebUIKeywordMain.runKeyword(WebUIKeywordMain.groovy:26)
	at com.kms.katalon.core.webui.keyword.builtin.ClickKeyword.click(ClickKeyword.groovy:86)
	at com.kms.katalon.core.webui.keyword.builtin.ClickKeyword.execute(ClickKeyword.groovy:67)
	at com.kms.katalon.core.keyword.internal.KeywordExecutor.executeKeywordForPlatform(KeywordExecutor.groovy:56)
	at com.kms.katalon.core.webui.keyword.WebUiBuiltInKeywords.click(WebUiBuiltInKeywords.groovy:616)
	at com.kms.katalon.core.webui.keyword.WebUiBuiltInKeywords$click$2.call(Unknown Source)
	at TC0837.run(TC0837:30)
	at com.kms.katalon.core.main.ScriptEngine.run(ScriptEngine.java:194)
	at com.kms.katalon.core.main.ScriptEngine.runScriptAsRawText(ScriptEngine.java:119)
	at com.kms.katalon.core.main.TestCaseExecutor.runScript(TestCaseExecutor.java:336)
	at com.kms.katalon.core.main.TestCaseExecutor.doExecute(TestCaseExecutor.java:327)
	at com.kms.katalon.core.main.TestCaseExecutor.processExecutionPhase(TestCaseExecutor.java:306)
	at com.kms.katalon.core.main.TestCaseExecutor.accessMainPhase(TestCaseExecutor.java:298)
	at com.kms.katalon.core.main.TestCaseExecutor.execute(TestCaseExecutor.java:232)
	at com.kms.katalon.core.main.TestSuiteExecutor.accessTestCaseMainPhase(TestSuiteExecutor.java:129)
	at com.kms.katalon.core.main.TestSuiteExecutor.accessTestSuiteMainPhase(TestSuiteExecutor.java:112)
	at com.kms.katalon.core.main.TestSuiteExecutor.execute(TestSuiteExecutor.java:81)
	at com.kms.katalon.core.main.TestCaseMain.startTestSuite(TestCaseMain.java:157)
	at com.kms.katalon.core.main.TestCaseMain$startTestSuite$0.call(Unknown Source)
	at TempTestSuite1555795243480.run(TempTestSuite1555795243480.groovy:35)
Caused by: com.kms.katalon.core.webui.exception.WebElementNotFoundException: Web element with id: 'Object Repository/Page_KiboPush  Create Broadcast Tem/i_fa fa-times fa-stack-2x' located by 'By.xpath: id("List1")/div[@class="draggable"]/div[@class="broadcast-component"]/div[2]/span[@class="fa-stack"]/i[@class="fa fa-times fa-stack-2x"]' not found
	at com.kms.katalon.core.webui.common.WebUiCommonHelper.findWebElement(WebUiCommonHelper.java:1097)
	at com.kms.katalon.core.webui.keyword.internal.WebUIAbstractKeyword.findWebElement(WebUIAbstractKeyword.groovy:27)
	at com.kms.katalon.core.webui.keyword.internal.WebUIAbstractKeyword.findWebElement(WebUIAbstractKeyword.groovy:26)
	at com.kms.katalon.core.webui.keyword.builtin.ClickKeyword$_click_closure1.doCall(ClickKeyword.groovy:77)
	at com.kms.katalon.core.webui.keyword.builtin.ClickKeyword$_click_closure1.call(ClickKeyword.groovy)
	at com.kms.katalon.core.webui.keyword.internal.WebUIKeywordMain.runKeyword(WebUIKeywordMain.groovy:20)
	at com.kms.katalon.core.webui.keyword.builtin.ClickKeyword.click(ClickKeyword.groovy:86)
	at com.kms.katalon.core.webui.keyword.builtin.ClickKeyword.execute(ClickKeyword.groovy:67)
	at com.kms.katalon.core.keyword.internal.KeywordExecutor.executeKeywordForPlatform(KeywordExecutor.groovy:56)
	at com.kms.katalon.core.webui.keyword.WebUiBuiltInKeywords.click(WebUiBuiltInKeywords.groovy:616)
	at com.kms.katalon.core.webui.keyword.WebUiBuiltInKeywords$click$2.call(Unknown Source)
	at Script1537096982351.run(Script1537096982351.groovy:30)
	... 13 more]]></system-err>
      </testcase>
      <testcase name="Test Cases/Template testcases/TC0838" classname="Test Cases/Template testcases/TC0838" status="ERROR">
         <error type="ERROR" message="Test Cases/Template testcases/TC0838 FAILED.
Reason:
org.openqa.selenium.NoSuchElementException: no such element: Unable to locate element: {&quot;method&quot;:&quot;xpath&quot;,&quot;selector&quot;:&quot;//*[@id=&quot;List1&quot;]/div/div/div[3]/div[1]/div/div[3]/div[1]/center/input&quot;}
  (Session info: chrome=73.0.3683.103)
  (Driver info: chromedriver=73.0.3683.68 (47787ec04b6e38e22703e856e101e840b65afe72),platform=Linux 4.15.0-47-generic x86_64) (WARNING: The server did not provide any stacktrace information)
Command duration or timeout: 0 milliseconds
For documentation on this error, please visit: http://seleniumhq.org/exceptions/no_such_element.html
Build info: version: '3.7.1', revision: '8a0099a', time: '2017-11-06T21:07:36.161Z'
System info: host: 'faizan-HP-EliteBook-850-G2', ip: '127.0.1.1', os.name: 'Linux', os.arch: 'amd64', os.version: '4.15.0-47-generic', java.version: '1.8.0_191'
Driver info: com.kms.katalon.selenium.driver.CChromeDriver
Capabilities {acceptInsecureCerts: false, acceptSslCerts: false, applicationCacheEnabled: false, browserConnectionEnabled: false, browserName: chrome, chrome: {chromedriverVersion: 73.0.3683.68 (47787ec04b6e3..., userDataDir: /tmp/.com.google.Chrome.FU0xWS}, cssSelectorsEnabled: true, databaseEnabled: false, goog:chromeOptions: {debuggerAddress: localhost:43539}, handlesAlerts: true, hasTouchScreen: false, javascriptEnabled: true, locationContextEnabled: true, mobileEmulationEnabled: false, nativeEvents: true, networkConnectionEnabled: false, pageLoadStrategy: normal, platform: LINUX, platformName: LINUX, proxy: Proxy(direct), rotatable: false, setWindowRect: true, strictFileInteractability: false, takesHeapSnapshot: true, takesScreenshot: true, timeouts: {implicit: 0, pageLoad: 300000, script: 30000}, unexpectedAlertBehaviour: ignore, unhandledPromptBehavior: ignore, version: 73.0.3683.103, webStorageEnabled: true}
Session ID: f13adca9b43bf4b34e393f07e02ab2e3
*** Element info: {Using=xpath, value=//*[@id=&quot;List1&quot;]/div/div/div[3]/div[1]/div/div[3]/div[1]/center/input}
	at org.openqa.selenium.remote.ErrorHandler.createThrowable(ErrorHandler.java:214)
	at org.openqa.selenium.remote.ErrorHandler.throwIfResponseFailed(ErrorHandler.java:166)
	at org.openqa.selenium.remote.http.JsonHttpResponseCodec.reconstructValue(JsonHttpResponseCodec.java:40)
	at org.openqa.selenium.remote.http.AbstractHttpResponseCodec.decode(AbstractHttpResponseCodec.java:80)
	at org.openqa.selenium.remote.http.AbstractHttpResponseCodec.decode(AbstractHttpResponseCodec.java:44)
	at org.openqa.selenium.remote.HttpCommandExecutor.execute(HttpCommandExecutor.java:164)
	at org.openqa.selenium.remote.service.DriverCommandExecutor.execute(DriverCommandExecutor.java:83)
	at org.openqa.selenium.remote.RemoteWebDriver.execute(RemoteWebDriver.java:600)
	at com.kms.katalon.selenium.driver.CChromeDriver.execute(CChromeDriver.java:20)
	at org.openqa.selenium.remote.RemoteWebDriver.findElement(RemoteWebDriver.java:370)
	at org.openqa.selenium.remote.RemoteWebDriver.findElementByXPath(RemoteWebDriver.java:472)
	at org.openqa.selenium.By$ByXPath.findElement(By.java:361)
	at org.openqa.selenium.remote.RemoteWebDriver.findElement(RemoteWebDriver.java:362)
	at org.openqa.selenium.WebDriver$findElement$0.call(Unknown Source)
	at TC0838.run(TC0838:33)
	at com.kms.katalon.core.main.ScriptEngine.run(ScriptEngine.java:194)
	at com.kms.katalon.core.main.ScriptEngine.runScriptAsRawText(ScriptEngine.java:119)
	at com.kms.katalon.core.main.TestCaseExecutor.runScript(TestCaseExecutor.java:336)
	at com.kms.katalon.core.main.TestCaseExecutor.doExecute(TestCaseExecutor.java:327)
	at com.kms.katalon.core.main.TestCaseExecutor.processExecutionPhase(TestCaseExecutor.java:306)
	at com.kms.katalon.core.main.TestCaseExecutor.accessMainPhase(TestCaseExecutor.java:298)
	at com.kms.katalon.core.main.TestCaseExecutor.execute(TestCaseExecutor.java:232)
	at com.kms.katalon.core.main.TestSuiteExecutor.accessTestCaseMainPhase(TestSuiteExecutor.java:129)
	at com.kms.katalon.core.main.TestSuiteExecutor.accessTestSuiteMainPhase(TestSuiteExecutor.java:112)
	at com.kms.katalon.core.main.TestSuiteExecutor.execute(TestSuiteExecutor.java:81)
	at com.kms.katalon.core.main.TestCaseMain.startTestSuite(TestCaseMain.java:157)
	at com.kms.katalon.core.main.TestCaseMain$startTestSuite$0.call(Unknown Source)
	at TempTestSuite1555795243480.run(TempTestSuite1555795243480.groovy:35)
"/>
         <system-out><![CDATA[2019-04-21 02:53:54 - [TEST_CASE][ERROR] - Test Cases/Template testcases/TC0838: Test Cases/Template testcases/TC0838 FAILED.
Reason:
org.openqa.selenium.NoSuchElementException: no such element: Unable to locate element: {"method":"xpath","selector":"//*[@id="List1"]/div/div/div[3]/div[1]/div/div[3]/div[1]/center/input"}
  (Session info: chrome=73.0.3683.103)
  (Driver info: chromedriver=73.0.3683.68 (47787ec04b6e38e22703e856e101e840b65afe72),platform=Linux 4.15.0-47-generic x86_64) (WARNING: The server did not provide any stacktrace information)
Command duration or timeout: 0 milliseconds
For documentation on this error, please visit: http://seleniumhq.org/exceptions/no_such_element.html
Build info: version: '3.7.1', revision: '8a0099a', time: '2017-11-06T21:07:36.161Z'
System info: host: 'faizan-HP-EliteBook-850-G2', ip: '127.0.1.1', os.name: 'Linux', os.arch: 'amd64', os.version: '4.15.0-47-generic', java.version: '1.8.0_191'
Driver info: com.kms.katalon.selenium.driver.CChromeDriver
Capabilities {acceptInsecureCerts: false, acceptSslCerts: false, applicationCacheEnabled: false, browserConnectionEnabled: false, browserName: chrome, chrome: {chromedriverVersion: 73.0.3683.68 (47787ec04b6e3..., userDataDir: /tmp/.com.google.Chrome.FU0xWS}, cssSelectorsEnabled: true, databaseEnabled: false, goog:chromeOptions: {debuggerAddress: localhost:43539}, handlesAlerts: true, hasTouchScreen: false, javascriptEnabled: true, locationContextEnabled: true, mobileEmulationEnabled: false, nativeEvents: true, networkConnectionEnabled: false, pageLoadStrategy: normal, platform: LINUX, platformName: LINUX, proxy: Proxy(direct), rotatable: false, setWindowRect: true, strictFileInteractability: false, takesHeapSnapshot: true, takesScreenshot: true, timeouts: {implicit: 0, pageLoad: 300000, script: 30000}, unexpectedAlertBehaviour: ignore, unhandledPromptBehavior: ignore, version: 73.0.3683.103, webStorageEnabled: true}
Session ID: f13adca9b43bf4b34e393f07e02ab2e3
*** Element info: {Using=xpath, value=//*[@id="List1"]/div/div/div[3]/div[1]/div/div[3]/div[1]/center/input}
	at org.openqa.selenium.remote.ErrorHandler.createThrowable(ErrorHandler.java:214)
	at org.openqa.selenium.remote.ErrorHandler.throwIfResponseFailed(ErrorHandler.java:166)
	at org.openqa.selenium.remote.http.JsonHttpResponseCodec.reconstructValue(JsonHttpResponseCodec.java:40)
	at org.openqa.selenium.remote.http.AbstractHttpResponseCodec.decode(AbstractHttpResponseCodec.java:80)
	at org.openqa.selenium.remote.http.AbstractHttpResponseCodec.decode(AbstractHttpResponseCodec.java:44)
	at org.openqa.selenium.remote.HttpCommandExecutor.execute(HttpCommandExecutor.java:164)
	at org.openqa.selenium.remote.service.DriverCommandExecutor.execute(DriverCommandExecutor.java:83)
	at org.openqa.selenium.remote.RemoteWebDriver.execute(RemoteWebDriver.java:600)
	at com.kms.katalon.selenium.driver.CChromeDriver.execute(CChromeDriver.java:20)
	at org.openqa.selenium.remote.RemoteWebDriver.findElement(RemoteWebDriver.java:370)
	at org.openqa.selenium.remote.RemoteWebDriver.findElementByXPath(RemoteWebDriver.java:472)
	at org.openqa.selenium.By$ByXPath.findElement(By.java:361)
	at org.openqa.selenium.remote.RemoteWebDriver.findElement(RemoteWebDriver.java:362)
	at org.openqa.selenium.WebDriver$findElement$0.call(Unknown Source)
	at TC0838.run(TC0838:33)
	at com.kms.katalon.core.main.ScriptEngine.run(ScriptEngine.java:194)
	at com.kms.katalon.core.main.ScriptEngine.runScriptAsRawText(ScriptEngine.java:119)
	at com.kms.katalon.core.main.TestCaseExecutor.runScript(TestCaseExecutor.java:336)
	at com.kms.katalon.core.main.TestCaseExecutor.doExecute(TestCaseExecutor.java:327)
	at com.kms.katalon.core.main.TestCaseExecutor.processExecutionPhase(TestCaseExecutor.java:306)
	at com.kms.katalon.core.main.TestCaseExecutor.accessMainPhase(TestCaseExecutor.java:298)
	at com.kms.katalon.core.main.TestCaseExecutor.execute(TestCaseExecutor.java:232)
	at com.kms.katalon.core.main.TestSuiteExecutor.accessTestCaseMainPhase(TestSuiteExecutor.java:129)
	at com.kms.katalon.core.main.TestSuiteExecutor.accessTestSuiteMainPhase(TestSuiteExecutor.java:112)
	at com.kms.katalon.core.main.TestSuiteExecutor.execute(TestSuiteExecutor.java:81)
	at com.kms.katalon.core.main.TestCaseMain.startTestSuite(TestCaseMain.java:157)
	at com.kms.katalon.core.main.TestCaseMain$startTestSuite$0.call(Unknown Source)
	at TempTestSuite1555795243480.run(TempTestSuite1555795243480.groovy:35)


2019-04-21 02:53:54 - [TEST_STEP][PASSED] - callTestCase(findTestCase("Template testcases/TC0834"), [:], STOP_ON_FAILURE): Call Test Case 'Test Cases/Template testcases/TC0834' successfully

2019-04-21 02:53:54 - [TEST_CASE][PASSED] - Test Cases/Template testcases/TC0834: Test Cases/Template testcases/TC0834

2019-04-21 02:53:54 - [TEST_STEP][PASSED] - callTestCase(findTestCase("Template testcases/TC0768"), [:], STOP_ON_FAILURE): Call Test Case 'Test Cases/Template testcases/TC0768' successfully

2019-04-21 02:53:54 - [TEST_CASE][PASSED] - Test Cases/Template testcases/TC0768: Test Cases/Template testcases/TC0768

2019-04-21 02:53:54 - [TEST_STEP][PASSED] - callTestCase(findTestCase("s-sidebar_navigation/individualAccount/Template"), [:], STOP_ON_FAILURE): Call Test Case 'Test Cases/s-sidebar_navigation/individualAccount/Template' successfully

2019-04-21 02:53:54 - [TEST_CASE][PASSED] - Test Cases/s-sidebar_navigation/individualAccount/Template: Test Cases/s-sidebar_navigation/individualAccount/Template

2019-04-21 02:53:54 - [TEST_STEP][PASSED] - click(findTestObject("Page_KiboPush  Dashboard/span_Broadcasts")): Object: 'Object Repository/Page_KiboPush  Dashboard/span_Broadcasts' is clicked on

2019-04-21 02:53:54 - [MESSAGE][PASSED] - Object: 'Object Repository/Page_KiboPush  Dashboard/span_Broadcasts' is clicked on

2019-04-21 02:53:54 - [TEST_STEP][PASSED] - delay(1): Delayed 1 second(s)

2019-04-21 02:53:55 - [MESSAGE][PASSED] - Delayed 1 second(s)

2019-04-21 02:53:55 - [TEST_STEP][PASSED] - click(findTestObject("Page_KiboPush  Dashboard/span_Templates")): Object: 'Object Repository/Page_KiboPush  Dashboard/span_Templates' is clicked on

2019-04-21 02:53:56 - [MESSAGE][PASSED] - Object: 'Object Repository/Page_KiboPush  Dashboard/span_Templates' is clicked on

2019-04-21 02:53:56 - [TEST_STEP][PASSED] - delay(3): Delayed 3 second(s)

2019-04-21 02:53:59 - [MESSAGE][PASSED] - Delayed 3 second(s)

2019-04-21 02:53:59 - [TEST_STEP][PASSED] - scrollToPosition(0, 0): Browser is scrolled to position x = 0, y = 0

2019-04-21 02:53:59 - [MESSAGE][PASSED] - Browser is scrolled to position x = 0, y = 0

2019-04-21 02:53:59 - [TEST_STEP][PASSED] - click(findTestObject("Object Repository/Page_KiboEngage  Templates/h3_Templates")): Object: 'Object Repository/Page_KiboEngage  Templates/h3_Templates' is clicked on

2019-04-21 02:53:59 - [MESSAGE][PASSED] - Object: 'Object Repository/Page_KiboEngage  Templates/h3_Templates' is clicked on

2019-04-21 02:53:59 - [TEST_STEP][PASSED] - delay(3): Delayed 3 second(s)

2019-04-21 02:54:02 - [MESSAGE][PASSED] - Delayed 3 second(s)

2019-04-21 02:54:02 - [MESSAGE][PASSED] - Call Test Case 'Test Cases/s-sidebar_navigation/individualAccount/Template' successfully

2019-04-21 02:54:02 - [TEST_STEP][PASSED] - click(findTestObject("Object Repository/Page_KiboPush  Dashboard/button_Create New")): Object: 'Object Repository/Page_KiboPush  Dashboard/button_Create New' is clicked on

2019-04-21 02:54:02 - [MESSAGE][PASSED] - Object: 'Object Repository/Page_KiboPush  Dashboard/button_Create New' is clicked on

2019-04-21 02:54:02 - [TEST_STEP][PASSED] - click(findTestObject("Object Repository/Page_KiboPush  Create Broadcast Tem/h3_Create Broadcast Template")): Object: 'Object Repository/Page_KiboPush  Create Broadcast Tem/h3_Create Broadcast Template' is clicked on

2019-04-21 02:54:02 - [MESSAGE][PASSED] - Object: 'Object Repository/Page_KiboPush  Create Broadcast Tem/h3_Create Broadcast Template' is clicked on

2019-04-21 02:54:02 - [MESSAGE][PASSED] - Call Test Case 'Test Cases/Template testcases/TC0768' successfully

2019-04-21 02:54:02 - [TEST_STEP][PASSED] - click(findTestObject("Page_KiboPush  Create Broadcast Tem/h6_List (1)")): Object: 'Object Repository/Page_KiboPush  Create Broadcast Tem/h6_List (1)' is clicked on

2019-04-21 02:54:02 - [MESSAGE][PASSED] - Object: 'Object Repository/Page_KiboPush  Create Broadcast Tem/h6_List (1)' is clicked on

2019-04-21 02:54:02 - [TEST_STEP][PASSED] - click(findTestObject("Object Repository/Page_KiboEngage  Create Broadcast Template/div_New list component added")): Object: 'Object Repository/Page_KiboEngage  Create Broadcast Template/div_New list component added' is clicked on

2019-04-21 02:54:03 - [MESSAGE][PASSED] - Object: 'Object Repository/Page_KiboEngage  Create Broadcast Template/div_New list component added' is clicked on

2019-04-21 02:54:03 - [MESSAGE][PASSED] - Call Test Case 'Test Cases/Template testcases/TC0834' successfully

2019-04-21 02:54:03 - [TEST_STEP][PASSED] - setText(findTestObject("Object Repository/Page_KiboPush  Create Broadcast Tem/input_form-control (6)"), "hello"): Text 'hello' is set on object 'Object Repository/Page_KiboPush  Create Broadcast Tem/input_form-control (6)'

2019-04-21 02:54:03 - [MESSAGE][PASSED] - Text 'hello' is set on object 'Object Repository/Page_KiboPush  Create Broadcast Tem/input_form-control (6)'

2019-04-21 02:54:03 - [TEST_STEP][PASSED] - driver = getWebDriver(): null

2019-04-21 02:54:03 - [TEST_STEP][PASSED] - title1 = driver.findElement(By.xpath("//*[@id="List1"]/div/div/div[3]/div[1]/div/div[3]/div[1]/center/input")): null]]></system-out>
         <system-err><![CDATA[2019-04-21 02:53:54 - [TEST_CASE][ERROR] - Test Cases/Template testcases/TC0838: Test Cases/Template testcases/TC0838 FAILED.
Reason:
org.openqa.selenium.NoSuchElementException: no such element: Unable to locate element: {"method":"xpath","selector":"//*[@id="List1"]/div/div/div[3]/div[1]/div/div[3]/div[1]/center/input"}
  (Session info: chrome=73.0.3683.103)
  (Driver info: chromedriver=73.0.3683.68 (47787ec04b6e38e22703e856e101e840b65afe72),platform=Linux 4.15.0-47-generic x86_64) (WARNING: The server did not provide any stacktrace information)
Command duration or timeout: 0 milliseconds
For documentation on this error, please visit: http://seleniumhq.org/exceptions/no_such_element.html
Build info: version: '3.7.1', revision: '8a0099a', time: '2017-11-06T21:07:36.161Z'
System info: host: 'faizan-HP-EliteBook-850-G2', ip: '127.0.1.1', os.name: 'Linux', os.arch: 'amd64', os.version: '4.15.0-47-generic', java.version: '1.8.0_191'
Driver info: com.kms.katalon.selenium.driver.CChromeDriver
Capabilities {acceptInsecureCerts: false, acceptSslCerts: false, applicationCacheEnabled: false, browserConnectionEnabled: false, browserName: chrome, chrome: {chromedriverVersion: 73.0.3683.68 (47787ec04b6e3..., userDataDir: /tmp/.com.google.Chrome.FU0xWS}, cssSelectorsEnabled: true, databaseEnabled: false, goog:chromeOptions: {debuggerAddress: localhost:43539}, handlesAlerts: true, hasTouchScreen: false, javascriptEnabled: true, locationContextEnabled: true, mobileEmulationEnabled: false, nativeEvents: true, networkConnectionEnabled: false, pageLoadStrategy: normal, platform: LINUX, platformName: LINUX, proxy: Proxy(direct), rotatable: false, setWindowRect: true, strictFileInteractability: false, takesHeapSnapshot: true, takesScreenshot: true, timeouts: {implicit: 0, pageLoad: 300000, script: 30000}, unexpectedAlertBehaviour: ignore, unhandledPromptBehavior: ignore, version: 73.0.3683.103, webStorageEnabled: true}
Session ID: f13adca9b43bf4b34e393f07e02ab2e3
*** Element info: {Using=xpath, value=//*[@id="List1"]/div/div/div[3]/div[1]/div/div[3]/div[1]/center/input}
	at org.openqa.selenium.remote.ErrorHandler.createThrowable(ErrorHandler.java:214)
	at org.openqa.selenium.remote.ErrorHandler.throwIfResponseFailed(ErrorHandler.java:166)
	at org.openqa.selenium.remote.http.JsonHttpResponseCodec.reconstructValue(JsonHttpResponseCodec.java:40)
	at org.openqa.selenium.remote.http.AbstractHttpResponseCodec.decode(AbstractHttpResponseCodec.java:80)
	at org.openqa.selenium.remote.http.AbstractHttpResponseCodec.decode(AbstractHttpResponseCodec.java:44)
	at org.openqa.selenium.remote.HttpCommandExecutor.execute(HttpCommandExecutor.java:164)
	at org.openqa.selenium.remote.service.DriverCommandExecutor.execute(DriverCommandExecutor.java:83)
	at org.openqa.selenium.remote.RemoteWebDriver.execute(RemoteWebDriver.java:600)
	at com.kms.katalon.selenium.driver.CChromeDriver.execute(CChromeDriver.java:20)
	at org.openqa.selenium.remote.RemoteWebDriver.findElement(RemoteWebDriver.java:370)
	at org.openqa.selenium.remote.RemoteWebDriver.findElementByXPath(RemoteWebDriver.java:472)
	at org.openqa.selenium.By$ByXPath.findElement(By.java:361)
	at org.openqa.selenium.remote.RemoteWebDriver.findElement(RemoteWebDriver.java:362)
	at org.openqa.selenium.WebDriver$findElement$0.call(Unknown Source)
	at TC0838.run(TC0838:33)
	at com.kms.katalon.core.main.ScriptEngine.run(ScriptEngine.java:194)
	at com.kms.katalon.core.main.ScriptEngine.runScriptAsRawText(ScriptEngine.java:119)
	at com.kms.katalon.core.main.TestCaseExecutor.runScript(TestCaseExecutor.java:336)
	at com.kms.katalon.core.main.TestCaseExecutor.doExecute(TestCaseExecutor.java:327)
	at com.kms.katalon.core.main.TestCaseExecutor.processExecutionPhase(TestCaseExecutor.java:306)
	at com.kms.katalon.core.main.TestCaseExecutor.accessMainPhase(TestCaseExecutor.java:298)
	at com.kms.katalon.core.main.TestCaseExecutor.execute(TestCaseExecutor.java:232)
	at com.kms.katalon.core.main.TestSuiteExecutor.accessTestCaseMainPhase(TestSuiteExecutor.java:129)
	at com.kms.katalon.core.main.TestSuiteExecutor.accessTestSuiteMainPhase(TestSuiteExecutor.java:112)
	at com.kms.katalon.core.main.TestSuiteExecutor.execute(TestSuiteExecutor.java:81)
	at com.kms.katalon.core.main.TestCaseMain.startTestSuite(TestCaseMain.java:157)
	at com.kms.katalon.core.main.TestCaseMain$startTestSuite$0.call(Unknown Source)
	at TempTestSuite1555795243480.run(TempTestSuite1555795243480.groovy:35)]]></system-err>
      </testcase>
      <testcase name="Test Cases/Template testcases/TC0839" classname="Test Cases/Template testcases/TC0839" status="FAILED">
         <failure type="FAILED" message="Test Cases/Template testcases/TC0839 FAILED.
Reason:
com.kms.katalon.core.exception.StepFailedException: Unable to click on object 'Object Repository/Page_KiboPush  Create Broadcast Tem/div_A list must have atleast 2 (2)'
	at com.kms.katalon.core.webui.keyword.internal.WebUIKeywordMain.stepFailed(WebUIKeywordMain.groovy:64)
	at com.kms.katalon.core.webui.keyword.internal.WebUIKeywordMain.runKeyword(WebUIKeywordMain.groovy:26)
	at com.kms.katalon.core.webui.keyword.builtin.ClickKeyword.click(ClickKeyword.groovy:86)
	at com.kms.katalon.core.webui.keyword.builtin.ClickKeyword.execute(ClickKeyword.groovy:67)
	at com.kms.katalon.core.keyword.internal.KeywordExecutor.executeKeywordForPlatform(KeywordExecutor.groovy:56)
	at com.kms.katalon.core.webui.keyword.WebUiBuiltInKeywords.click(WebUiBuiltInKeywords.groovy:616)
	at com.kms.katalon.core.webui.keyword.WebUiBuiltInKeywords$click$2.call(Unknown Source)
	at TC0839.run(TC0839:26)
	at com.kms.katalon.core.main.ScriptEngine.run(ScriptEngine.java:194)
	at com.kms.katalon.core.main.ScriptEngine.runScriptAsRawText(ScriptEngine.java:119)
	at com.kms.katalon.core.main.TestCaseExecutor.runScript(TestCaseExecutor.java:336)
	at com.kms.katalon.core.main.TestCaseExecutor.doExecute(TestCaseExecutor.java:327)
	at com.kms.katalon.core.main.TestCaseExecutor.processExecutionPhase(TestCaseExecutor.java:306)
	at com.kms.katalon.core.main.TestCaseExecutor.accessMainPhase(TestCaseExecutor.java:298)
	at com.kms.katalon.core.main.TestCaseExecutor.execute(TestCaseExecutor.java:232)
	at com.kms.katalon.core.main.TestSuiteExecutor.accessTestCaseMainPhase(TestSuiteExecutor.java:129)
	at com.kms.katalon.core.main.TestSuiteExecutor.accessTestSuiteMainPhase(TestSuiteExecutor.java:112)
	at com.kms.katalon.core.main.TestSuiteExecutor.execute(TestSuiteExecutor.java:81)
	at com.kms.katalon.core.main.TestCaseMain.startTestSuite(TestCaseMain.java:157)
	at com.kms.katalon.core.main.TestCaseMain$startTestSuite$0.call(Unknown Source)
	at TempTestSuite1555795243480.run(TempTestSuite1555795243480.groovy:35)
Caused by: com.kms.katalon.core.webui.exception.WebElementNotFoundException: Web element with id: 'Object Repository/Page_KiboPush  Create Broadcast Tem/div_A list must have atleast 2 (2)' located by 'By.xpath: //div[(text() = 'A list must have atleast 2 elements' or . = 'A list must have atleast 2 elements')]' not found
	at com.kms.katalon.core.webui.common.WebUiCommonHelper.findWebElement(WebUiCommonHelper.java:1097)
	at com.kms.katalon.core.webui.keyword.internal.WebUIAbstractKeyword.findWebElement(WebUIAbstractKeyword.groovy:27)
	at com.kms.katalon.core.webui.keyword.internal.WebUIAbstractKeyword.findWebElement(WebUIAbstractKeyword.groovy:26)
	at com.kms.katalon.core.webui.keyword.builtin.ClickKeyword$_click_closure1.doCall(ClickKeyword.groovy:77)
	at com.kms.katalon.core.webui.keyword.builtin.ClickKeyword$_click_closure1.call(ClickKeyword.groovy)
	at com.kms.katalon.core.webui.keyword.internal.WebUIKeywordMain.runKeyword(WebUIKeywordMain.groovy:20)
	at com.kms.katalon.core.webui.keyword.builtin.ClickKeyword.click(ClickKeyword.groovy:86)
	at com.kms.katalon.core.webui.keyword.builtin.ClickKeyword.execute(ClickKeyword.groovy:67)
	at com.kms.katalon.core.keyword.internal.KeywordExecutor.executeKeywordForPlatform(KeywordExecutor.groovy:56)
	at com.kms.katalon.core.webui.keyword.WebUiBuiltInKeywords.click(WebUiBuiltInKeywords.groovy:616)
	at com.kms.katalon.core.webui.keyword.WebUiBuiltInKeywords$click$2.call(Unknown Source)
	at Script1537097700867.run(Script1537097700867.groovy:26)
	... 13 more
"/>
         <system-out><![CDATA[2019-04-21 02:54:03 - [TEST_CASE][FAILED] - Test Cases/Template testcases/TC0839: Test Cases/Template testcases/TC0839 FAILED.
Reason:
com.kms.katalon.core.exception.StepFailedException: Unable to click on object 'Object Repository/Page_KiboPush  Create Broadcast Tem/div_A list must have atleast 2 (2)'
	at com.kms.katalon.core.webui.keyword.internal.WebUIKeywordMain.stepFailed(WebUIKeywordMain.groovy:64)
	at com.kms.katalon.core.webui.keyword.internal.WebUIKeywordMain.runKeyword(WebUIKeywordMain.groovy:26)
	at com.kms.katalon.core.webui.keyword.builtin.ClickKeyword.click(ClickKeyword.groovy:86)
	at com.kms.katalon.core.webui.keyword.builtin.ClickKeyword.execute(ClickKeyword.groovy:67)
	at com.kms.katalon.core.keyword.internal.KeywordExecutor.executeKeywordForPlatform(KeywordExecutor.groovy:56)
	at com.kms.katalon.core.webui.keyword.WebUiBuiltInKeywords.click(WebUiBuiltInKeywords.groovy:616)
	at com.kms.katalon.core.webui.keyword.WebUiBuiltInKeywords$click$2.call(Unknown Source)
	at TC0839.run(TC0839:26)
	at com.kms.katalon.core.main.ScriptEngine.run(ScriptEngine.java:194)
	at com.kms.katalon.core.main.ScriptEngine.runScriptAsRawText(ScriptEngine.java:119)
	at com.kms.katalon.core.main.TestCaseExecutor.runScript(TestCaseExecutor.java:336)
	at com.kms.katalon.core.main.TestCaseExecutor.doExecute(TestCaseExecutor.java:327)
	at com.kms.katalon.core.main.TestCaseExecutor.processExecutionPhase(TestCaseExecutor.java:306)
	at com.kms.katalon.core.main.TestCaseExecutor.accessMainPhase(TestCaseExecutor.java:298)
	at com.kms.katalon.core.main.TestCaseExecutor.execute(TestCaseExecutor.java:232)
	at com.kms.katalon.core.main.TestSuiteExecutor.accessTestCaseMainPhase(TestSuiteExecutor.java:129)
	at com.kms.katalon.core.main.TestSuiteExecutor.accessTestSuiteMainPhase(TestSuiteExecutor.java:112)
	at com.kms.katalon.core.main.TestSuiteExecutor.execute(TestSuiteExecutor.java:81)
	at com.kms.katalon.core.main.TestCaseMain.startTestSuite(TestCaseMain.java:157)
	at com.kms.katalon.core.main.TestCaseMain$startTestSuite$0.call(Unknown Source)
	at TempTestSuite1555795243480.run(TempTestSuite1555795243480.groovy:35)
Caused by: com.kms.katalon.core.webui.exception.WebElementNotFoundException: Web element with id: 'Object Repository/Page_KiboPush  Create Broadcast Tem/div_A list must have atleast 2 (2)' located by 'By.xpath: //div[(text() = 'A list must have atleast 2 elements' or . = 'A list must have atleast 2 elements')]' not found
	at com.kms.katalon.core.webui.common.WebUiCommonHelper.findWebElement(WebUiCommonHelper.java:1097)
	at com.kms.katalon.core.webui.keyword.internal.WebUIAbstractKeyword.findWebElement(WebUIAbstractKeyword.groovy:27)
	at com.kms.katalon.core.webui.keyword.internal.WebUIAbstractKeyword.findWebElement(WebUIAbstractKeyword.groovy:26)
	at com.kms.katalon.core.webui.keyword.builtin.ClickKeyword$_click_closure1.doCall(ClickKeyword.groovy:77)
	at com.kms.katalon.core.webui.keyword.builtin.ClickKeyword$_click_closure1.call(ClickKeyword.groovy)
	at com.kms.katalon.core.webui.keyword.internal.WebUIKeywordMain.runKeyword(WebUIKeywordMain.groovy:20)
	at com.kms.katalon.core.webui.keyword.builtin.ClickKeyword.click(ClickKeyword.groovy:86)
	at com.kms.katalon.core.webui.keyword.builtin.ClickKeyword.execute(ClickKeyword.groovy:67)
	at com.kms.katalon.core.keyword.internal.KeywordExecutor.executeKeywordForPlatform(KeywordExecutor.groovy:56)
	at com.kms.katalon.core.webui.keyword.WebUiBuiltInKeywords.click(WebUiBuiltInKeywords.groovy:616)
	at com.kms.katalon.core.webui.keyword.WebUiBuiltInKeywords$click$2.call(Unknown Source)
	at Script1537097700867.run(Script1537097700867.groovy:26)
	... 13 more


2019-04-21 02:54:03 - [TEST_STEP][PASSED] - callTestCase(findTestCase("Template testcases/TC0834"), [:], STOP_ON_FAILURE): Call Test Case 'Test Cases/Template testcases/TC0834' successfully

2019-04-21 02:54:03 - [TEST_CASE][PASSED] - Test Cases/Template testcases/TC0834: Test Cases/Template testcases/TC0834

2019-04-21 02:54:03 - [TEST_STEP][PASSED] - callTestCase(findTestCase("Template testcases/TC0768"), [:], STOP_ON_FAILURE): Call Test Case 'Test Cases/Template testcases/TC0768' successfully

2019-04-21 02:54:03 - [TEST_CASE][PASSED] - Test Cases/Template testcases/TC0768: Test Cases/Template testcases/TC0768

2019-04-21 02:54:03 - [TEST_STEP][PASSED] - callTestCase(findTestCase("s-sidebar_navigation/individualAccount/Template"), [:], STOP_ON_FAILURE): Call Test Case 'Test Cases/s-sidebar_navigation/individualAccount/Template' successfully

2019-04-21 02:54:03 - [TEST_CASE][PASSED] - Test Cases/s-sidebar_navigation/individualAccount/Template: Test Cases/s-sidebar_navigation/individualAccount/Template

2019-04-21 02:54:03 - [TEST_STEP][PASSED] - click(findTestObject("Page_KiboPush  Dashboard/span_Broadcasts")): Object: 'Object Repository/Page_KiboPush  Dashboard/span_Broadcasts' is clicked on

2019-04-21 02:54:04 - [MESSAGE][PASSED] - Object: 'Object Repository/Page_KiboPush  Dashboard/span_Broadcasts' is clicked on

2019-04-21 02:54:04 - [TEST_STEP][PASSED] - delay(1): Delayed 1 second(s)

2019-04-21 02:54:05 - [MESSAGE][PASSED] - Delayed 1 second(s)

2019-04-21 02:54:05 - [TEST_STEP][PASSED] - click(findTestObject("Page_KiboPush  Dashboard/span_Templates")): Object: 'Object Repository/Page_KiboPush  Dashboard/span_Templates' is clicked on

2019-04-21 02:54:05 - [MESSAGE][PASSED] - Object: 'Object Repository/Page_KiboPush  Dashboard/span_Templates' is clicked on

2019-04-21 02:54:05 - [TEST_STEP][PASSED] - delay(3): Delayed 3 second(s)

2019-04-21 02:54:08 - [MESSAGE][PASSED] - Delayed 3 second(s)

2019-04-21 02:54:08 - [TEST_STEP][PASSED] - scrollToPosition(0, 0): Browser is scrolled to position x = 0, y = 0

2019-04-21 02:54:08 - [MESSAGE][PASSED] - Browser is scrolled to position x = 0, y = 0

2019-04-21 02:54:08 - [TEST_STEP][PASSED] - click(findTestObject("Object Repository/Page_KiboEngage  Templates/h3_Templates")): Object: 'Object Repository/Page_KiboEngage  Templates/h3_Templates' is clicked on

2019-04-21 02:54:08 - [MESSAGE][PASSED] - Object: 'Object Repository/Page_KiboEngage  Templates/h3_Templates' is clicked on

2019-04-21 02:54:08 - [TEST_STEP][PASSED] - delay(3): Delayed 3 second(s)

2019-04-21 02:54:11 - [MESSAGE][PASSED] - Delayed 3 second(s)

2019-04-21 02:54:11 - [MESSAGE][PASSED] - Call Test Case 'Test Cases/s-sidebar_navigation/individualAccount/Template' successfully

2019-04-21 02:54:11 - [TEST_STEP][PASSED] - click(findTestObject("Object Repository/Page_KiboPush  Dashboard/button_Create New")): Object: 'Object Repository/Page_KiboPush  Dashboard/button_Create New' is clicked on

2019-04-21 02:54:11 - [MESSAGE][PASSED] - Object: 'Object Repository/Page_KiboPush  Dashboard/button_Create New' is clicked on

2019-04-21 02:54:11 - [TEST_STEP][PASSED] - click(findTestObject("Object Repository/Page_KiboPush  Create Broadcast Tem/h3_Create Broadcast Template")): Object: 'Object Repository/Page_KiboPush  Create Broadcast Tem/h3_Create Broadcast Template' is clicked on

2019-04-21 02:54:11 - [MESSAGE][PASSED] - Object: 'Object Repository/Page_KiboPush  Create Broadcast Tem/h3_Create Broadcast Template' is clicked on

2019-04-21 02:54:11 - [MESSAGE][PASSED] - Call Test Case 'Test Cases/Template testcases/TC0768' successfully

2019-04-21 02:54:11 - [TEST_STEP][PASSED] - click(findTestObject("Page_KiboPush  Create Broadcast Tem/h6_List (1)")): Object: 'Object Repository/Page_KiboPush  Create Broadcast Tem/h6_List (1)' is clicked on

2019-04-21 02:54:12 - [MESSAGE][PASSED] - Object: 'Object Repository/Page_KiboPush  Create Broadcast Tem/h6_List (1)' is clicked on

2019-04-21 02:54:12 - [TEST_STEP][PASSED] - click(findTestObject("Object Repository/Page_KiboEngage  Create Broadcast Template/div_New list component added")): Object: 'Object Repository/Page_KiboEngage  Create Broadcast Template/div_New list component added' is clicked on

2019-04-21 02:54:12 - [MESSAGE][PASSED] - Object: 'Object Repository/Page_KiboEngage  Create Broadcast Template/div_New list component added' is clicked on

2019-04-21 02:54:12 - [MESSAGE][PASSED] - Call Test Case 'Test Cases/Template testcases/TC0834' successfully

2019-04-21 02:54:12 - [TEST_STEP][PASSED] - click(findTestObject("Page_KiboPush  Create Broadcast Tem/button_Create (14) (1)")): Object: 'Object Repository/Page_KiboPush  Create Broadcast Tem/button_Create (14) (1)' is clicked on

2019-04-21 02:54:12 - [MESSAGE][PASSED] - Object: 'Object Repository/Page_KiboPush  Create Broadcast Tem/button_Create (14) (1)' is clicked on

2019-04-21 02:54:12 - [TEST_STEP][FAILED] - click(findTestObject("Page_KiboPush  Create Broadcast Tem/div_A list must have atleast 2 (2)")): Unable to click on object 'Object Repository/Page_KiboPush  Create Broadcast Tem/div_A list must have atleast 2 (2)' (Root cause: com.kms.katalon.core.exception.StepFailedException: Unable to click on object 'Object Repository/Page_KiboPush  Create Broadcast Tem/div_A list must have atleast 2 (2)'
	at com.kms.katalon.core.webui.keyword.internal.WebUIKeywordMain.stepFailed(WebUIKeywordMain.groovy:64)
	at com.kms.katalon.core.webui.keyword.internal.WebUIKeywordMain.runKeyword(WebUIKeywordMain.groovy:26)
	at com.kms.katalon.core.webui.keyword.builtin.ClickKeyword.click(ClickKeyword.groovy:86)
	at com.kms.katalon.core.webui.keyword.builtin.ClickKeyword.execute(ClickKeyword.groovy:67)
	at com.kms.katalon.core.keyword.internal.KeywordExecutor.executeKeywordForPlatform(KeywordExecutor.groovy:56)
	at com.kms.katalon.core.webui.keyword.WebUiBuiltInKeywords.click(WebUiBuiltInKeywords.groovy:616)
	at com.kms.katalon.core.webui.keyword.WebUiBuiltInKeywords$click$2.call(Unknown Source)
	at TC0839.run(TC0839:26)
	at com.kms.katalon.core.main.ScriptEngine.run(ScriptEngine.java:194)
	at com.kms.katalon.core.main.ScriptEngine.runScriptAsRawText(ScriptEngine.java:119)
	at com.kms.katalon.core.main.TestCaseExecutor.runScript(TestCaseExecutor.java:336)
	at com.kms.katalon.core.main.TestCaseExecutor.doExecute(TestCaseExecutor.java:327)
	at com.kms.katalon.core.main.TestCaseExecutor.processExecutionPhase(TestCaseExecutor.java:306)
	at com.kms.katalon.core.main.TestCaseExecutor.accessMainPhase(TestCaseExecutor.java:298)
	at com.kms.katalon.core.main.TestCaseExecutor.execute(TestCaseExecutor.java:232)
	at com.kms.katalon.core.main.TestSuiteExecutor.accessTestCaseMainPhase(TestSuiteExecutor.java:129)
	at com.kms.katalon.core.main.TestSuiteExecutor.accessTestSuiteMainPhase(TestSuiteExecutor.java:112)
	at com.kms.katalon.core.main.TestSuiteExecutor.execute(TestSuiteExecutor.java:81)
	at com.kms.katalon.core.main.TestCaseMain.startTestSuite(TestCaseMain.java:157)
	at com.kms.katalon.core.main.TestCaseMain$startTestSuite$0.call(Unknown Source)
	at TempTestSuite1555795243480.run(TempTestSuite1555795243480.groovy:35)
Caused by: com.kms.katalon.core.webui.exception.WebElementNotFoundException: Web element with id: 'Object Repository/Page_KiboPush  Create Broadcast Tem/div_A list must have atleast 2 (2)' located by 'By.xpath: //div[(text() = 'A list must have atleast 2 elements' or . = 'A list must have atleast 2 elements')]' not found
	at com.kms.katalon.core.webui.common.WebUiCommonHelper.findWebElement(WebUiCommonHelper.java:1097)
	at com.kms.katalon.core.webui.keyword.internal.WebUIAbstractKeyword.findWebElement(WebUIAbstractKeyword.groovy:27)
	at com.kms.katalon.core.webui.keyword.internal.WebUIAbstractKeyword.findWebElement(WebUIAbstractKeyword.groovy:26)
	at com.kms.katalon.core.webui.keyword.builtin.ClickKeyword$_click_closure1.doCall(ClickKeyword.groovy:77)
	at com.kms.katalon.core.webui.keyword.builtin.ClickKeyword$_click_closure1.call(ClickKeyword.groovy)
	at com.kms.katalon.core.webui.keyword.internal.WebUIKeywordMain.runKeyword(WebUIKeywordMain.groovy:20)
	at com.kms.katalon.core.webui.keyword.builtin.ClickKeyword.click(ClickKeyword.groovy:86)
	at com.kms.katalon.core.webui.keyword.builtin.ClickKeyword.execute(ClickKeyword.groovy:67)
	at com.kms.katalon.core.keyword.internal.KeywordExecutor.executeKeywordForPlatform(KeywordExecutor.groovy:56)
	at com.kms.katalon.core.webui.keyword.WebUiBuiltInKeywords.click(WebUiBuiltInKeywords.groovy:616)
	at com.kms.katalon.core.webui.keyword.WebUiBuiltInKeywords$click$2.call(Unknown Source)
	at Script1537097700867.run(Script1537097700867.groovy:26)
	... 13 more
)

2019-04-21 02:54:43 - [MESSAGE][INFO] - Unable to find the element located by 'By.xpath: //div[(text() = 'A list must have atleast 2 elements' or . = 'A list must have atleast 2 elements')]'. Please recheck the objects properties to make sure the desired element is located. 

2019-04-21 02:54:43 - [MESSAGE][FAILED] - Unable to click on object 'Object Repository/Page_KiboPush  Create Broadcast Tem/div_A list must have atleast 2 (2)' (Root cause: com.kms.katalon.core.exception.StepFailedException: Unable to click on object 'Object Repository/Page_KiboPush  Create Broadcast Tem/div_A list must have atleast 2 (2)'
	at com.kms.katalon.core.webui.keyword.internal.WebUIKeywordMain.stepFailed(WebUIKeywordMain.groovy:64)
	at com.kms.katalon.core.webui.keyword.internal.WebUIKeywordMain.runKeyword(WebUIKeywordMain.groovy:26)
	at com.kms.katalon.core.webui.keyword.builtin.ClickKeyword.click(ClickKeyword.groovy:86)
	at com.kms.katalon.core.webui.keyword.builtin.ClickKeyword.execute(ClickKeyword.groovy:67)
	at com.kms.katalon.core.keyword.internal.KeywordExecutor.executeKeywordForPlatform(KeywordExecutor.groovy:56)
	at com.kms.katalon.core.webui.keyword.WebUiBuiltInKeywords.click(WebUiBuiltInKeywords.groovy:616)
	at com.kms.katalon.core.webui.keyword.WebUiBuiltInKeywords$click$2.call(Unknown Source)
	at TC0839.run(TC0839:26)
	at com.kms.katalon.core.main.ScriptEngine.run(ScriptEngine.java:194)
	at com.kms.katalon.core.main.ScriptEngine.runScriptAsRawText(ScriptEngine.java:119)
	at com.kms.katalon.core.main.TestCaseExecutor.runScript(TestCaseExecutor.java:336)
	at com.kms.katalon.core.main.TestCaseExecutor.doExecute(TestCaseExecutor.java:327)
	at com.kms.katalon.core.main.TestCaseExecutor.processExecutionPhase(TestCaseExecutor.java:306)
	at com.kms.katalon.core.main.TestCaseExecutor.accessMainPhase(TestCaseExecutor.java:298)
	at com.kms.katalon.core.main.TestCaseExecutor.execute(TestCaseExecutor.java:232)
	at com.kms.katalon.core.main.TestSuiteExecutor.accessTestCaseMainPhase(TestSuiteExecutor.java:129)
	at com.kms.katalon.core.main.TestSuiteExecutor.accessTestSuiteMainPhase(TestSuiteExecutor.java:112)
	at com.kms.katalon.core.main.TestSuiteExecutor.execute(TestSuiteExecutor.java:81)
	at com.kms.katalon.core.main.TestCaseMain.startTestSuite(TestCaseMain.java:157)
	at com.kms.katalon.core.main.TestCaseMain$startTestSuite$0.call(Unknown Source)
	at TempTestSuite1555795243480.run(TempTestSuite1555795243480.groovy:35)
Caused by: com.kms.katalon.core.webui.exception.WebElementNotFoundException: Web element with id: 'Object Repository/Page_KiboPush  Create Broadcast Tem/div_A list must have atleast 2 (2)' located by 'By.xpath: //div[(text() = 'A list must have atleast 2 elements' or . = 'A list must have atleast 2 elements')]' not found
	at com.kms.katalon.core.webui.common.WebUiCommonHelper.findWebElement(WebUiCommonHelper.java:1097)
	at com.kms.katalon.core.webui.keyword.internal.WebUIAbstractKeyword.findWebElement(WebUIAbstractKeyword.groovy:27)
	at com.kms.katalon.core.webui.keyword.internal.WebUIAbstractKeyword.findWebElement(WebUIAbstractKeyword.groovy:26)
	at com.kms.katalon.core.webui.keyword.builtin.ClickKeyword$_click_closure1.doCall(ClickKeyword.groovy:77)
	at com.kms.katalon.core.webui.keyword.builtin.ClickKeyword$_click_closure1.call(ClickKeyword.groovy)
	at com.kms.katalon.core.webui.keyword.internal.WebUIKeywordMain.runKeyword(WebUIKeywordMain.groovy:20)
	at com.kms.katalon.core.webui.keyword.builtin.ClickKeyword.click(ClickKeyword.groovy:86)
	at com.kms.katalon.core.webui.keyword.builtin.ClickKeyword.execute(ClickKeyword.groovy:67)
	at com.kms.katalon.core.keyword.internal.KeywordExecutor.executeKeywordForPlatform(KeywordExecutor.groovy:56)
	at com.kms.katalon.core.webui.keyword.WebUiBuiltInKeywords.click(WebUiBuiltInKeywords.groovy:616)
	at com.kms.katalon.core.webui.keyword.WebUiBuiltInKeywords$click$2.call(Unknown Source)
	at Script1537097700867.run(Script1537097700867.groovy:26)
	... 13 more
)
[[ATTACHMENT|/home/faizan/Drive/KiboPush_Automated_Testing/KiboPush Katalon/Reports/Faizan Suits/Template/20190421_022043/1555797283691.png]]]]></system-out>
         <system-err><![CDATA[2019-04-21 02:54:03 - [TEST_CASE][FAILED] - Test Cases/Template testcases/TC0839: Test Cases/Template testcases/TC0839 FAILED.
Reason:
com.kms.katalon.core.exception.StepFailedException: Unable to click on object 'Object Repository/Page_KiboPush  Create Broadcast Tem/div_A list must have atleast 2 (2)'
	at com.kms.katalon.core.webui.keyword.internal.WebUIKeywordMain.stepFailed(WebUIKeywordMain.groovy:64)
	at com.kms.katalon.core.webui.keyword.internal.WebUIKeywordMain.runKeyword(WebUIKeywordMain.groovy:26)
	at com.kms.katalon.core.webui.keyword.builtin.ClickKeyword.click(ClickKeyword.groovy:86)
	at com.kms.katalon.core.webui.keyword.builtin.ClickKeyword.execute(ClickKeyword.groovy:67)
	at com.kms.katalon.core.keyword.internal.KeywordExecutor.executeKeywordForPlatform(KeywordExecutor.groovy:56)
	at com.kms.katalon.core.webui.keyword.WebUiBuiltInKeywords.click(WebUiBuiltInKeywords.groovy:616)
	at com.kms.katalon.core.webui.keyword.WebUiBuiltInKeywords$click$2.call(Unknown Source)
	at TC0839.run(TC0839:26)
	at com.kms.katalon.core.main.ScriptEngine.run(ScriptEngine.java:194)
	at com.kms.katalon.core.main.ScriptEngine.runScriptAsRawText(ScriptEngine.java:119)
	at com.kms.katalon.core.main.TestCaseExecutor.runScript(TestCaseExecutor.java:336)
	at com.kms.katalon.core.main.TestCaseExecutor.doExecute(TestCaseExecutor.java:327)
	at com.kms.katalon.core.main.TestCaseExecutor.processExecutionPhase(TestCaseExecutor.java:306)
	at com.kms.katalon.core.main.TestCaseExecutor.accessMainPhase(TestCaseExecutor.java:298)
	at com.kms.katalon.core.main.TestCaseExecutor.execute(TestCaseExecutor.java:232)
	at com.kms.katalon.core.main.TestSuiteExecutor.accessTestCaseMainPhase(TestSuiteExecutor.java:129)
	at com.kms.katalon.core.main.TestSuiteExecutor.accessTestSuiteMainPhase(TestSuiteExecutor.java:112)
	at com.kms.katalon.core.main.TestSuiteExecutor.execute(TestSuiteExecutor.java:81)
	at com.kms.katalon.core.main.TestCaseMain.startTestSuite(TestCaseMain.java:157)
	at com.kms.katalon.core.main.TestCaseMain$startTestSuite$0.call(Unknown Source)
	at TempTestSuite1555795243480.run(TempTestSuite1555795243480.groovy:35)
Caused by: com.kms.katalon.core.webui.exception.WebElementNotFoundException: Web element with id: 'Object Repository/Page_KiboPush  Create Broadcast Tem/div_A list must have atleast 2 (2)' located by 'By.xpath: //div[(text() = 'A list must have atleast 2 elements' or . = 'A list must have atleast 2 elements')]' not found
	at com.kms.katalon.core.webui.common.WebUiCommonHelper.findWebElement(WebUiCommonHelper.java:1097)
	at com.kms.katalon.core.webui.keyword.internal.WebUIAbstractKeyword.findWebElement(WebUIAbstractKeyword.groovy:27)
	at com.kms.katalon.core.webui.keyword.internal.WebUIAbstractKeyword.findWebElement(WebUIAbstractKeyword.groovy:26)
	at com.kms.katalon.core.webui.keyword.builtin.ClickKeyword$_click_closure1.doCall(ClickKeyword.groovy:77)
	at com.kms.katalon.core.webui.keyword.builtin.ClickKeyword$_click_closure1.call(ClickKeyword.groovy)
	at com.kms.katalon.core.webui.keyword.internal.WebUIKeywordMain.runKeyword(WebUIKeywordMain.groovy:20)
	at com.kms.katalon.core.webui.keyword.builtin.ClickKeyword.click(ClickKeyword.groovy:86)
	at com.kms.katalon.core.webui.keyword.builtin.ClickKeyword.execute(ClickKeyword.groovy:67)
	at com.kms.katalon.core.keyword.internal.KeywordExecutor.executeKeywordForPlatform(KeywordExecutor.groovy:56)
	at com.kms.katalon.core.webui.keyword.WebUiBuiltInKeywords.click(WebUiBuiltInKeywords.groovy:616)
	at com.kms.katalon.core.webui.keyword.WebUiBuiltInKeywords$click$2.call(Unknown Source)
	at Script1537097700867.run(Script1537097700867.groovy:26)
	... 13 more]]></system-err>
      </testcase>
      <testcase name="Test Cases/Template testcases/TC0840" classname="Test Cases/Template testcases/TC0840" status="ERROR">
         <error type="ERROR" message="Test Cases/Template testcases/TC0840 FAILED.
Reason:
org.openqa.selenium.NoSuchElementException: no such element: Unable to locate element: {&quot;method&quot;:&quot;xpath&quot;,&quot;selector&quot;:&quot;//*[@id=&quot;List1&quot;]/div/div/div[3]/div[1]/div/div[3]/div[1]/center/textarea&quot;}
  (Session info: chrome=73.0.3683.103)
  (Driver info: chromedriver=73.0.3683.68 (47787ec04b6e38e22703e856e101e840b65afe72),platform=Linux 4.15.0-47-generic x86_64) (WARNING: The server did not provide any stacktrace information)
Command duration or timeout: 0 milliseconds
For documentation on this error, please visit: http://seleniumhq.org/exceptions/no_such_element.html
Build info: version: '3.7.1', revision: '8a0099a', time: '2017-11-06T21:07:36.161Z'
System info: host: 'faizan-HP-EliteBook-850-G2', ip: '127.0.1.1', os.name: 'Linux', os.arch: 'amd64', os.version: '4.15.0-47-generic', java.version: '1.8.0_191'
Driver info: com.kms.katalon.selenium.driver.CChromeDriver
Capabilities {acceptInsecureCerts: false, acceptSslCerts: false, applicationCacheEnabled: false, browserConnectionEnabled: false, browserName: chrome, chrome: {chromedriverVersion: 73.0.3683.68 (47787ec04b6e3..., userDataDir: /tmp/.com.google.Chrome.FU0xWS}, cssSelectorsEnabled: true, databaseEnabled: false, goog:chromeOptions: {debuggerAddress: localhost:43539}, handlesAlerts: true, hasTouchScreen: false, javascriptEnabled: true, locationContextEnabled: true, mobileEmulationEnabled: false, nativeEvents: true, networkConnectionEnabled: false, pageLoadStrategy: normal, platform: LINUX, platformName: LINUX, proxy: Proxy(direct), rotatable: false, setWindowRect: true, strictFileInteractability: false, takesHeapSnapshot: true, takesScreenshot: true, timeouts: {implicit: 0, pageLoad: 300000, script: 30000}, unexpectedAlertBehaviour: ignore, unhandledPromptBehavior: ignore, version: 73.0.3683.103, webStorageEnabled: true}
Session ID: f13adca9b43bf4b34e393f07e02ab2e3
*** Element info: {Using=xpath, value=//*[@id=&quot;List1&quot;]/div/div/div[3]/div[1]/div/div[3]/div[1]/center/textarea}
	at org.openqa.selenium.remote.ErrorHandler.createThrowable(ErrorHandler.java:214)
	at org.openqa.selenium.remote.ErrorHandler.throwIfResponseFailed(ErrorHandler.java:166)
	at org.openqa.selenium.remote.http.JsonHttpResponseCodec.reconstructValue(JsonHttpResponseCodec.java:40)
	at org.openqa.selenium.remote.http.AbstractHttpResponseCodec.decode(AbstractHttpResponseCodec.java:80)
	at org.openqa.selenium.remote.http.AbstractHttpResponseCodec.decode(AbstractHttpResponseCodec.java:44)
	at org.openqa.selenium.remote.HttpCommandExecutor.execute(HttpCommandExecutor.java:164)
	at org.openqa.selenium.remote.service.DriverCommandExecutor.execute(DriverCommandExecutor.java:83)
	at org.openqa.selenium.remote.RemoteWebDriver.execute(RemoteWebDriver.java:600)
	at com.kms.katalon.selenium.driver.CChromeDriver.execute(CChromeDriver.java:20)
	at org.openqa.selenium.remote.RemoteWebDriver.findElement(RemoteWebDriver.java:370)
	at org.openqa.selenium.remote.RemoteWebDriver.findElementByXPath(RemoteWebDriver.java:472)
	at org.openqa.selenium.By$ByXPath.findElement(By.java:361)
	at org.openqa.selenium.remote.RemoteWebDriver.findElement(RemoteWebDriver.java:362)
	at org.openqa.selenium.WebDriver$findElement$0.call(Unknown Source)
	at TC0840.run(TC0840:33)
	at com.kms.katalon.core.main.ScriptEngine.run(ScriptEngine.java:194)
	at com.kms.katalon.core.main.ScriptEngine.runScriptAsRawText(ScriptEngine.java:119)
	at com.kms.katalon.core.main.TestCaseExecutor.runScript(TestCaseExecutor.java:336)
	at com.kms.katalon.core.main.TestCaseExecutor.doExecute(TestCaseExecutor.java:327)
	at com.kms.katalon.core.main.TestCaseExecutor.processExecutionPhase(TestCaseExecutor.java:306)
	at com.kms.katalon.core.main.TestCaseExecutor.accessMainPhase(TestCaseExecutor.java:298)
	at com.kms.katalon.core.main.TestCaseExecutor.execute(TestCaseExecutor.java:232)
	at com.kms.katalon.core.main.TestSuiteExecutor.accessTestCaseMainPhase(TestSuiteExecutor.java:129)
	at com.kms.katalon.core.main.TestSuiteExecutor.accessTestSuiteMainPhase(TestSuiteExecutor.java:112)
	at com.kms.katalon.core.main.TestSuiteExecutor.execute(TestSuiteExecutor.java:81)
	at com.kms.katalon.core.main.TestCaseMain.startTestSuite(TestCaseMain.java:157)
	at com.kms.katalon.core.main.TestCaseMain$startTestSuite$0.call(Unknown Source)
	at TempTestSuite1555795243480.run(TempTestSuite1555795243480.groovy:35)
"/>
         <system-out><![CDATA[2019-04-21 02:54:43 - [TEST_CASE][ERROR] - Test Cases/Template testcases/TC0840: Test Cases/Template testcases/TC0840 FAILED.
Reason:
org.openqa.selenium.NoSuchElementException: no such element: Unable to locate element: {"method":"xpath","selector":"//*[@id="List1"]/div/div/div[3]/div[1]/div/div[3]/div[1]/center/textarea"}
  (Session info: chrome=73.0.3683.103)
  (Driver info: chromedriver=73.0.3683.68 (47787ec04b6e38e22703e856e101e840b65afe72),platform=Linux 4.15.0-47-generic x86_64) (WARNING: The server did not provide any stacktrace information)
Command duration or timeout: 0 milliseconds
For documentation on this error, please visit: http://seleniumhq.org/exceptions/no_such_element.html
Build info: version: '3.7.1', revision: '8a0099a', time: '2017-11-06T21:07:36.161Z'
System info: host: 'faizan-HP-EliteBook-850-G2', ip: '127.0.1.1', os.name: 'Linux', os.arch: 'amd64', os.version: '4.15.0-47-generic', java.version: '1.8.0_191'
Driver info: com.kms.katalon.selenium.driver.CChromeDriver
Capabilities {acceptInsecureCerts: false, acceptSslCerts: false, applicationCacheEnabled: false, browserConnectionEnabled: false, browserName: chrome, chrome: {chromedriverVersion: 73.0.3683.68 (47787ec04b6e3..., userDataDir: /tmp/.com.google.Chrome.FU0xWS}, cssSelectorsEnabled: true, databaseEnabled: false, goog:chromeOptions: {debuggerAddress: localhost:43539}, handlesAlerts: true, hasTouchScreen: false, javascriptEnabled: true, locationContextEnabled: true, mobileEmulationEnabled: false, nativeEvents: true, networkConnectionEnabled: false, pageLoadStrategy: normal, platform: LINUX, platformName: LINUX, proxy: Proxy(direct), rotatable: false, setWindowRect: true, strictFileInteractability: false, takesHeapSnapshot: true, takesScreenshot: true, timeouts: {implicit: 0, pageLoad: 300000, script: 30000}, unexpectedAlertBehaviour: ignore, unhandledPromptBehavior: ignore, version: 73.0.3683.103, webStorageEnabled: true}
Session ID: f13adca9b43bf4b34e393f07e02ab2e3
*** Element info: {Using=xpath, value=//*[@id="List1"]/div/div/div[3]/div[1]/div/div[3]/div[1]/center/textarea}
	at org.openqa.selenium.remote.ErrorHandler.createThrowable(ErrorHandler.java:214)
	at org.openqa.selenium.remote.ErrorHandler.throwIfResponseFailed(ErrorHandler.java:166)
	at org.openqa.selenium.remote.http.JsonHttpResponseCodec.reconstructValue(JsonHttpResponseCodec.java:40)
	at org.openqa.selenium.remote.http.AbstractHttpResponseCodec.decode(AbstractHttpResponseCodec.java:80)
	at org.openqa.selenium.remote.http.AbstractHttpResponseCodec.decode(AbstractHttpResponseCodec.java:44)
	at org.openqa.selenium.remote.HttpCommandExecutor.execute(HttpCommandExecutor.java:164)
	at org.openqa.selenium.remote.service.DriverCommandExecutor.execute(DriverCommandExecutor.java:83)
	at org.openqa.selenium.remote.RemoteWebDriver.execute(RemoteWebDriver.java:600)
	at com.kms.katalon.selenium.driver.CChromeDriver.execute(CChromeDriver.java:20)
	at org.openqa.selenium.remote.RemoteWebDriver.findElement(RemoteWebDriver.java:370)
	at org.openqa.selenium.remote.RemoteWebDriver.findElementByXPath(RemoteWebDriver.java:472)
	at org.openqa.selenium.By$ByXPath.findElement(By.java:361)
	at org.openqa.selenium.remote.RemoteWebDriver.findElement(RemoteWebDriver.java:362)
	at org.openqa.selenium.WebDriver$findElement$0.call(Unknown Source)
	at TC0840.run(TC0840:33)
	at com.kms.katalon.core.main.ScriptEngine.run(ScriptEngine.java:194)
	at com.kms.katalon.core.main.ScriptEngine.runScriptAsRawText(ScriptEngine.java:119)
	at com.kms.katalon.core.main.TestCaseExecutor.runScript(TestCaseExecutor.java:336)
	at com.kms.katalon.core.main.TestCaseExecutor.doExecute(TestCaseExecutor.java:327)
	at com.kms.katalon.core.main.TestCaseExecutor.processExecutionPhase(TestCaseExecutor.java:306)
	at com.kms.katalon.core.main.TestCaseExecutor.accessMainPhase(TestCaseExecutor.java:298)
	at com.kms.katalon.core.main.TestCaseExecutor.execute(TestCaseExecutor.java:232)
	at com.kms.katalon.core.main.TestSuiteExecutor.accessTestCaseMainPhase(TestSuiteExecutor.java:129)
	at com.kms.katalon.core.main.TestSuiteExecutor.accessTestSuiteMainPhase(TestSuiteExecutor.java:112)
	at com.kms.katalon.core.main.TestSuiteExecutor.execute(TestSuiteExecutor.java:81)
	at com.kms.katalon.core.main.TestCaseMain.startTestSuite(TestCaseMain.java:157)
	at com.kms.katalon.core.main.TestCaseMain$startTestSuite$0.call(Unknown Source)
	at TempTestSuite1555795243480.run(TempTestSuite1555795243480.groovy:35)


2019-04-21 02:54:44 - [TEST_STEP][PASSED] - callTestCase(findTestCase("Template testcases/TC0834"), [:], STOP_ON_FAILURE): Call Test Case 'Test Cases/Template testcases/TC0834' successfully

2019-04-21 02:54:44 - [TEST_CASE][PASSED] - Test Cases/Template testcases/TC0834: Test Cases/Template testcases/TC0834

2019-04-21 02:54:44 - [TEST_STEP][PASSED] - callTestCase(findTestCase("Template testcases/TC0768"), [:], STOP_ON_FAILURE): Call Test Case 'Test Cases/Template testcases/TC0768' successfully

2019-04-21 02:54:44 - [TEST_CASE][PASSED] - Test Cases/Template testcases/TC0768: Test Cases/Template testcases/TC0768

2019-04-21 02:54:44 - [TEST_STEP][PASSED] - callTestCase(findTestCase("s-sidebar_navigation/individualAccount/Template"), [:], STOP_ON_FAILURE): Call Test Case 'Test Cases/s-sidebar_navigation/individualAccount/Template' successfully

2019-04-21 02:54:44 - [TEST_CASE][PASSED] - Test Cases/s-sidebar_navigation/individualAccount/Template: Test Cases/s-sidebar_navigation/individualAccount/Template

2019-04-21 02:54:44 - [TEST_STEP][PASSED] - click(findTestObject("Page_KiboPush  Dashboard/span_Broadcasts")): Object: 'Object Repository/Page_KiboPush  Dashboard/span_Broadcasts' is clicked on

2019-04-21 02:54:44 - [MESSAGE][PASSED] - Object: 'Object Repository/Page_KiboPush  Dashboard/span_Broadcasts' is clicked on

2019-04-21 02:54:44 - [TEST_STEP][PASSED] - delay(1): Delayed 1 second(s)

2019-04-21 02:54:45 - [MESSAGE][PASSED] - Delayed 1 second(s)

2019-04-21 02:54:45 - [TEST_STEP][PASSED] - click(findTestObject("Page_KiboPush  Dashboard/span_Templates")): Object: 'Object Repository/Page_KiboPush  Dashboard/span_Templates' is clicked on

2019-04-21 02:54:45 - [MESSAGE][PASSED] - Object: 'Object Repository/Page_KiboPush  Dashboard/span_Templates' is clicked on

2019-04-21 02:54:45 - [TEST_STEP][PASSED] - delay(3): Delayed 3 second(s)

2019-04-21 02:54:48 - [MESSAGE][PASSED] - Delayed 3 second(s)

2019-04-21 02:54:48 - [TEST_STEP][PASSED] - scrollToPosition(0, 0): Browser is scrolled to position x = 0, y = 0

2019-04-21 02:54:48 - [MESSAGE][PASSED] - Browser is scrolled to position x = 0, y = 0

2019-04-21 02:54:48 - [TEST_STEP][PASSED] - click(findTestObject("Object Repository/Page_KiboEngage  Templates/h3_Templates")): Object: 'Object Repository/Page_KiboEngage  Templates/h3_Templates' is clicked on

2019-04-21 02:54:48 - [MESSAGE][PASSED] - Object: 'Object Repository/Page_KiboEngage  Templates/h3_Templates' is clicked on

2019-04-21 02:54:48 - [TEST_STEP][PASSED] - delay(3): Delayed 3 second(s)

2019-04-21 02:54:51 - [MESSAGE][PASSED] - Delayed 3 second(s)

2019-04-21 02:54:51 - [MESSAGE][PASSED] - Call Test Case 'Test Cases/s-sidebar_navigation/individualAccount/Template' successfully

2019-04-21 02:54:51 - [TEST_STEP][PASSED] - click(findTestObject("Object Repository/Page_KiboPush  Dashboard/button_Create New")): Object: 'Object Repository/Page_KiboPush  Dashboard/button_Create New' is clicked on

2019-04-21 02:54:52 - [MESSAGE][PASSED] - Object: 'Object Repository/Page_KiboPush  Dashboard/button_Create New' is clicked on

2019-04-21 02:54:52 - [TEST_STEP][PASSED] - click(findTestObject("Object Repository/Page_KiboPush  Create Broadcast Tem/h3_Create Broadcast Template")): Object: 'Object Repository/Page_KiboPush  Create Broadcast Tem/h3_Create Broadcast Template' is clicked on

2019-04-21 02:54:52 - [MESSAGE][PASSED] - Object: 'Object Repository/Page_KiboPush  Create Broadcast Tem/h3_Create Broadcast Template' is clicked on

2019-04-21 02:54:52 - [MESSAGE][PASSED] - Call Test Case 'Test Cases/Template testcases/TC0768' successfully

2019-04-21 02:54:52 - [TEST_STEP][PASSED] - click(findTestObject("Page_KiboPush  Create Broadcast Tem/h6_List (1)")): Object: 'Object Repository/Page_KiboPush  Create Broadcast Tem/h6_List (1)' is clicked on

2019-04-21 02:54:52 - [MESSAGE][PASSED] - Object: 'Object Repository/Page_KiboPush  Create Broadcast Tem/h6_List (1)' is clicked on

2019-04-21 02:54:52 - [TEST_STEP][PASSED] - click(findTestObject("Object Repository/Page_KiboEngage  Create Broadcast Template/div_New list component added")): Object: 'Object Repository/Page_KiboEngage  Create Broadcast Template/div_New list component added' is clicked on

2019-04-21 02:54:52 - [MESSAGE][PASSED] - Object: 'Object Repository/Page_KiboEngage  Create Broadcast Template/div_New list component added' is clicked on

2019-04-21 02:54:52 - [MESSAGE][PASSED] - Call Test Case 'Test Cases/Template testcases/TC0834' successfully

2019-04-21 02:54:52 - [TEST_STEP][PASSED] - setText(findTestObject("Page_KiboPush  Create Broadcast Tem/textarea_form-control"), "hi"): Text 'hi' is set on object 'Object Repository/Page_KiboPush  Create Broadcast Tem/textarea_form-control'

2019-04-21 02:54:53 - [MESSAGE][PASSED] - Text 'hi' is set on object 'Object Repository/Page_KiboPush  Create Broadcast Tem/textarea_form-control'

2019-04-21 02:54:53 - [TEST_STEP][PASSED] - driver = getWebDriver(): null

2019-04-21 02:54:53 - [TEST_STEP][PASSED] - subTitle1 = driver.findElement(By.xpath("//*[@id="List1"]/div/div/div[3]/div[1]/div/div[3]/div[1]/center/textarea")): null]]></system-out>
         <system-err><![CDATA[2019-04-21 02:54:43 - [TEST_CASE][ERROR] - Test Cases/Template testcases/TC0840: Test Cases/Template testcases/TC0840 FAILED.
Reason:
org.openqa.selenium.NoSuchElementException: no such element: Unable to locate element: {"method":"xpath","selector":"//*[@id="List1"]/div/div/div[3]/div[1]/div/div[3]/div[1]/center/textarea"}
  (Session info: chrome=73.0.3683.103)
  (Driver info: chromedriver=73.0.3683.68 (47787ec04b6e38e22703e856e101e840b65afe72),platform=Linux 4.15.0-47-generic x86_64) (WARNING: The server did not provide any stacktrace information)
Command duration or timeout: 0 milliseconds
For documentation on this error, please visit: http://seleniumhq.org/exceptions/no_such_element.html
Build info: version: '3.7.1', revision: '8a0099a', time: '2017-11-06T21:07:36.161Z'
System info: host: 'faizan-HP-EliteBook-850-G2', ip: '127.0.1.1', os.name: 'Linux', os.arch: 'amd64', os.version: '4.15.0-47-generic', java.version: '1.8.0_191'
Driver info: com.kms.katalon.selenium.driver.CChromeDriver
Capabilities {acceptInsecureCerts: false, acceptSslCerts: false, applicationCacheEnabled: false, browserConnectionEnabled: false, browserName: chrome, chrome: {chromedriverVersion: 73.0.3683.68 (47787ec04b6e3..., userDataDir: /tmp/.com.google.Chrome.FU0xWS}, cssSelectorsEnabled: true, databaseEnabled: false, goog:chromeOptions: {debuggerAddress: localhost:43539}, handlesAlerts: true, hasTouchScreen: false, javascriptEnabled: true, locationContextEnabled: true, mobileEmulationEnabled: false, nativeEvents: true, networkConnectionEnabled: false, pageLoadStrategy: normal, platform: LINUX, platformName: LINUX, proxy: Proxy(direct), rotatable: false, setWindowRect: true, strictFileInteractability: false, takesHeapSnapshot: true, takesScreenshot: true, timeouts: {implicit: 0, pageLoad: 300000, script: 30000}, unexpectedAlertBehaviour: ignore, unhandledPromptBehavior: ignore, version: 73.0.3683.103, webStorageEnabled: true}
Session ID: f13adca9b43bf4b34e393f07e02ab2e3
*** Element info: {Using=xpath, value=//*[@id="List1"]/div/div/div[3]/div[1]/div/div[3]/div[1]/center/textarea}
	at org.openqa.selenium.remote.ErrorHandler.createThrowable(ErrorHandler.java:214)
	at org.openqa.selenium.remote.ErrorHandler.throwIfResponseFailed(ErrorHandler.java:166)
	at org.openqa.selenium.remote.http.JsonHttpResponseCodec.reconstructValue(JsonHttpResponseCodec.java:40)
	at org.openqa.selenium.remote.http.AbstractHttpResponseCodec.decode(AbstractHttpResponseCodec.java:80)
	at org.openqa.selenium.remote.http.AbstractHttpResponseCodec.decode(AbstractHttpResponseCodec.java:44)
	at org.openqa.selenium.remote.HttpCommandExecutor.execute(HttpCommandExecutor.java:164)
	at org.openqa.selenium.remote.service.DriverCommandExecutor.execute(DriverCommandExecutor.java:83)
	at org.openqa.selenium.remote.RemoteWebDriver.execute(RemoteWebDriver.java:600)
	at com.kms.katalon.selenium.driver.CChromeDriver.execute(CChromeDriver.java:20)
	at org.openqa.selenium.remote.RemoteWebDriver.findElement(RemoteWebDriver.java:370)
	at org.openqa.selenium.remote.RemoteWebDriver.findElementByXPath(RemoteWebDriver.java:472)
	at org.openqa.selenium.By$ByXPath.findElement(By.java:361)
	at org.openqa.selenium.remote.RemoteWebDriver.findElement(RemoteWebDriver.java:362)
	at org.openqa.selenium.WebDriver$findElement$0.call(Unknown Source)
	at TC0840.run(TC0840:33)
	at com.kms.katalon.core.main.ScriptEngine.run(ScriptEngine.java:194)
	at com.kms.katalon.core.main.ScriptEngine.runScriptAsRawText(ScriptEngine.java:119)
	at com.kms.katalon.core.main.TestCaseExecutor.runScript(TestCaseExecutor.java:336)
	at com.kms.katalon.core.main.TestCaseExecutor.doExecute(TestCaseExecutor.java:327)
	at com.kms.katalon.core.main.TestCaseExecutor.processExecutionPhase(TestCaseExecutor.java:306)
	at com.kms.katalon.core.main.TestCaseExecutor.accessMainPhase(TestCaseExecutor.java:298)
	at com.kms.katalon.core.main.TestCaseExecutor.execute(TestCaseExecutor.java:232)
	at com.kms.katalon.core.main.TestSuiteExecutor.accessTestCaseMainPhase(TestSuiteExecutor.java:129)
	at com.kms.katalon.core.main.TestSuiteExecutor.accessTestSuiteMainPhase(TestSuiteExecutor.java:112)
	at com.kms.katalon.core.main.TestSuiteExecutor.execute(TestSuiteExecutor.java:81)
	at com.kms.katalon.core.main.TestCaseMain.startTestSuite(TestCaseMain.java:157)
	at com.kms.katalon.core.main.TestCaseMain$startTestSuite$0.call(Unknown Source)
	at TempTestSuite1555795243480.run(TempTestSuite1555795243480.groovy:35)]]></system-err>
      </testcase>
      <testcase name="Test Cases/Template testcases/TC0841" classname="Test Cases/Template testcases/TC0841" status="FAILED">
         <failure type="FAILED" message="Test Cases/Template testcases/TC0841 FAILED.
Reason:
com.kms.katalon.core.exception.StepFailedException: Unable to click on object 'Object Repository/Page_KiboPush  Create Broadcast Tem/button_Create'
	at com.kms.katalon.core.webui.keyword.internal.WebUIKeywordMain.stepFailed(WebUIKeywordMain.groovy:64)
	at com.kms.katalon.core.webui.keyword.internal.WebUIKeywordMain.runKeyword(WebUIKeywordMain.groovy:26)
	at com.kms.katalon.core.webui.keyword.builtin.ClickKeyword.click(ClickKeyword.groovy:86)
	at com.kms.katalon.core.webui.keyword.builtin.ClickKeyword.execute(ClickKeyword.groovy:67)
	at com.kms.katalon.core.keyword.internal.KeywordExecutor.executeKeywordForPlatform(KeywordExecutor.groovy:56)
	at com.kms.katalon.core.webui.keyword.WebUiBuiltInKeywords.click(WebUiBuiltInKeywords.groovy:616)
	at com.kms.katalon.core.webui.keyword.WebUiBuiltInKeywords$click$2.call(Unknown Source)
	at TC0841.run(TC0841:28)
	at com.kms.katalon.core.main.ScriptEngine.run(ScriptEngine.java:194)
	at com.kms.katalon.core.main.ScriptEngine.runScriptAsRawText(ScriptEngine.java:119)
	at com.kms.katalon.core.main.TestCaseExecutor.runScript(TestCaseExecutor.java:336)
	at com.kms.katalon.core.main.TestCaseExecutor.doExecute(TestCaseExecutor.java:327)
	at com.kms.katalon.core.main.TestCaseExecutor.processExecutionPhase(TestCaseExecutor.java:306)
	at com.kms.katalon.core.main.TestCaseExecutor.accessMainPhase(TestCaseExecutor.java:298)
	at com.kms.katalon.core.main.TestCaseExecutor.execute(TestCaseExecutor.java:232)
	at com.kms.katalon.core.main.TestSuiteExecutor.accessTestCaseMainPhase(TestSuiteExecutor.java:129)
	at com.kms.katalon.core.main.TestSuiteExecutor.accessTestSuiteMainPhase(TestSuiteExecutor.java:112)
	at com.kms.katalon.core.main.TestSuiteExecutor.execute(TestSuiteExecutor.java:81)
	at com.kms.katalon.core.main.TestCaseMain.startTestSuite(TestCaseMain.java:157)
	at com.kms.katalon.core.main.TestCaseMain$startTestSuite$0.call(Unknown Source)
	at TempTestSuite1555795243480.run(TempTestSuite1555795243480.groovy:35)
Caused by: org.openqa.selenium.WebDriverException: unknown error: Element &lt;button id=&quot;send&quot; class=&quot;btn btn-primary&quot; style=&quot;margin-right: 20px;&quot;>...&lt;/button> is not clickable at point (1117, 36). Other element would receive the click: &lt;i class=&quot;flaticon-share&quot;>&lt;/i>
  (Session info: chrome=73.0.3683.103)
  (Driver info: chromedriver=73.0.3683.68 (47787ec04b6e38e22703e856e101e840b65afe72),platform=Linux 4.15.0-47-generic x86_64) (WARNING: The server did not provide any stacktrace information)
Command duration or timeout: 0 milliseconds
Build info: version: '3.7.1', revision: '8a0099a', time: '2017-11-06T21:07:36.161Z'
System info: host: 'faizan-HP-EliteBook-850-G2', ip: '127.0.1.1', os.name: 'Linux', os.arch: 'amd64', os.version: '4.15.0-47-generic', java.version: '1.8.0_191'
Driver info: com.kms.katalon.selenium.driver.CChromeDriver
Capabilities {acceptInsecureCerts: false, acceptSslCerts: false, applicationCacheEnabled: false, browserConnectionEnabled: false, browserName: chrome, chrome: {chromedriverVersion: 73.0.3683.68 (47787ec04b6e3..., userDataDir: /tmp/.com.google.Chrome.FU0xWS}, cssSelectorsEnabled: true, databaseEnabled: false, goog:chromeOptions: {debuggerAddress: localhost:43539}, handlesAlerts: true, hasTouchScreen: false, javascriptEnabled: true, locationContextEnabled: true, mobileEmulationEnabled: false, nativeEvents: true, networkConnectionEnabled: false, pageLoadStrategy: normal, platform: LINUX, platformName: LINUX, proxy: Proxy(direct), rotatable: false, setWindowRect: true, strictFileInteractability: false, takesHeapSnapshot: true, takesScreenshot: true, timeouts: {implicit: 0, pageLoad: 300000, script: 30000}, unexpectedAlertBehaviour: ignore, unhandledPromptBehavior: ignore, version: 73.0.3683.103, webStorageEnabled: true}
Session ID: f13adca9b43bf4b34e393f07e02ab2e3
	at org.openqa.selenium.remote.ErrorHandler.createThrowable(ErrorHandler.java:214)
	at org.openqa.selenium.remote.ErrorHandler.throwIfResponseFailed(ErrorHandler.java:166)
	at org.openqa.selenium.remote.http.JsonHttpResponseCodec.reconstructValue(JsonHttpResponseCodec.java:40)
	at org.openqa.selenium.remote.http.AbstractHttpResponseCodec.decode(AbstractHttpResponseCodec.java:80)
	at org.openqa.selenium.remote.http.AbstractHttpResponseCodec.decode(AbstractHttpResponseCodec.java:44)
	at org.openqa.selenium.remote.HttpCommandExecutor.execute(HttpCommandExecutor.java:164)
	at org.openqa.selenium.remote.service.DriverCommandExecutor.execute(DriverCommandExecutor.java:83)
	at org.openqa.selenium.remote.RemoteWebDriver.execute(RemoteWebDriver.java:600)
	at com.kms.katalon.selenium.driver.CChromeDriver.execute(CChromeDriver.java:20)
	at org.openqa.selenium.remote.RemoteWebElement.execute(RemoteWebElement.java:279)
	at org.openqa.selenium.remote.RemoteWebElement.click(RemoteWebElement.java:83)
	at com.kms.katalon.core.webui.keyword.builtin.ClickKeyword$_click_closure1.doCall(ClickKeyword.groovy:79)
	at com.kms.katalon.core.webui.keyword.builtin.ClickKeyword$_click_closure1.call(ClickKeyword.groovy)
	at com.kms.katalon.core.webui.keyword.internal.WebUIKeywordMain.runKeyword(WebUIKeywordMain.groovy:20)
	at com.kms.katalon.core.webui.keyword.builtin.ClickKeyword.click(ClickKeyword.groovy:86)
	at com.kms.katalon.core.webui.keyword.builtin.ClickKeyword.execute(ClickKeyword.groovy:67)
	at com.kms.katalon.core.keyword.internal.KeywordExecutor.executeKeywordForPlatform(KeywordExecutor.groovy:56)
	at com.kms.katalon.core.webui.keyword.WebUiBuiltInKeywords.click(WebUiBuiltInKeywords.groovy:616)
	at com.kms.katalon.core.webui.keyword.WebUiBuiltInKeywords$click$2.call(Unknown Source)
	at Script1537098934974.run(Script1537098934974.groovy:28)
	... 13 more
"/>
         <system-out><![CDATA[2019-04-21 02:54:53 - [TEST_CASE][FAILED] - Test Cases/Template testcases/TC0841: Test Cases/Template testcases/TC0841 FAILED.
Reason:
com.kms.katalon.core.exception.StepFailedException: Unable to click on object 'Object Repository/Page_KiboPush  Create Broadcast Tem/button_Create'
	at com.kms.katalon.core.webui.keyword.internal.WebUIKeywordMain.stepFailed(WebUIKeywordMain.groovy:64)
	at com.kms.katalon.core.webui.keyword.internal.WebUIKeywordMain.runKeyword(WebUIKeywordMain.groovy:26)
	at com.kms.katalon.core.webui.keyword.builtin.ClickKeyword.click(ClickKeyword.groovy:86)
	at com.kms.katalon.core.webui.keyword.builtin.ClickKeyword.execute(ClickKeyword.groovy:67)
	at com.kms.katalon.core.keyword.internal.KeywordExecutor.executeKeywordForPlatform(KeywordExecutor.groovy:56)
	at com.kms.katalon.core.webui.keyword.WebUiBuiltInKeywords.click(WebUiBuiltInKeywords.groovy:616)
	at com.kms.katalon.core.webui.keyword.WebUiBuiltInKeywords$click$2.call(Unknown Source)
	at TC0841.run(TC0841:28)
	at com.kms.katalon.core.main.ScriptEngine.run(ScriptEngine.java:194)
	at com.kms.katalon.core.main.ScriptEngine.runScriptAsRawText(ScriptEngine.java:119)
	at com.kms.katalon.core.main.TestCaseExecutor.runScript(TestCaseExecutor.java:336)
	at com.kms.katalon.core.main.TestCaseExecutor.doExecute(TestCaseExecutor.java:327)
	at com.kms.katalon.core.main.TestCaseExecutor.processExecutionPhase(TestCaseExecutor.java:306)
	at com.kms.katalon.core.main.TestCaseExecutor.accessMainPhase(TestCaseExecutor.java:298)
	at com.kms.katalon.core.main.TestCaseExecutor.execute(TestCaseExecutor.java:232)
	at com.kms.katalon.core.main.TestSuiteExecutor.accessTestCaseMainPhase(TestSuiteExecutor.java:129)
	at com.kms.katalon.core.main.TestSuiteExecutor.accessTestSuiteMainPhase(TestSuiteExecutor.java:112)
	at com.kms.katalon.core.main.TestSuiteExecutor.execute(TestSuiteExecutor.java:81)
	at com.kms.katalon.core.main.TestCaseMain.startTestSuite(TestCaseMain.java:157)
	at com.kms.katalon.core.main.TestCaseMain$startTestSuite$0.call(Unknown Source)
	at TempTestSuite1555795243480.run(TempTestSuite1555795243480.groovy:35)
Caused by: org.openqa.selenium.WebDriverException: unknown error: Element <button id="send" class="btn btn-primary" style="margin-right: 20px;">...</button> is not clickable at point (1117, 36). Other element would receive the click: <i class="flaticon-share"></i>
  (Session info: chrome=73.0.3683.103)
  (Driver info: chromedriver=73.0.3683.68 (47787ec04b6e38e22703e856e101e840b65afe72),platform=Linux 4.15.0-47-generic x86_64) (WARNING: The server did not provide any stacktrace information)
Command duration or timeout: 0 milliseconds
Build info: version: '3.7.1', revision: '8a0099a', time: '2017-11-06T21:07:36.161Z'
System info: host: 'faizan-HP-EliteBook-850-G2', ip: '127.0.1.1', os.name: 'Linux', os.arch: 'amd64', os.version: '4.15.0-47-generic', java.version: '1.8.0_191'
Driver info: com.kms.katalon.selenium.driver.CChromeDriver
Capabilities {acceptInsecureCerts: false, acceptSslCerts: false, applicationCacheEnabled: false, browserConnectionEnabled: false, browserName: chrome, chrome: {chromedriverVersion: 73.0.3683.68 (47787ec04b6e3..., userDataDir: /tmp/.com.google.Chrome.FU0xWS}, cssSelectorsEnabled: true, databaseEnabled: false, goog:chromeOptions: {debuggerAddress: localhost:43539}, handlesAlerts: true, hasTouchScreen: false, javascriptEnabled: true, locationContextEnabled: true, mobileEmulationEnabled: false, nativeEvents: true, networkConnectionEnabled: false, pageLoadStrategy: normal, platform: LINUX, platformName: LINUX, proxy: Proxy(direct), rotatable: false, setWindowRect: true, strictFileInteractability: false, takesHeapSnapshot: true, takesScreenshot: true, timeouts: {implicit: 0, pageLoad: 300000, script: 30000}, unexpectedAlertBehaviour: ignore, unhandledPromptBehavior: ignore, version: 73.0.3683.103, webStorageEnabled: true}
Session ID: f13adca9b43bf4b34e393f07e02ab2e3
	at org.openqa.selenium.remote.ErrorHandler.createThrowable(ErrorHandler.java:214)
	at org.openqa.selenium.remote.ErrorHandler.throwIfResponseFailed(ErrorHandler.java:166)
	at org.openqa.selenium.remote.http.JsonHttpResponseCodec.reconstructValue(JsonHttpResponseCodec.java:40)
	at org.openqa.selenium.remote.http.AbstractHttpResponseCodec.decode(AbstractHttpResponseCodec.java:80)
	at org.openqa.selenium.remote.http.AbstractHttpResponseCodec.decode(AbstractHttpResponseCodec.java:44)
	at org.openqa.selenium.remote.HttpCommandExecutor.execute(HttpCommandExecutor.java:164)
	at org.openqa.selenium.remote.service.DriverCommandExecutor.execute(DriverCommandExecutor.java:83)
	at org.openqa.selenium.remote.RemoteWebDriver.execute(RemoteWebDriver.java:600)
	at com.kms.katalon.selenium.driver.CChromeDriver.execute(CChromeDriver.java:20)
	at org.openqa.selenium.remote.RemoteWebElement.execute(RemoteWebElement.java:279)
	at org.openqa.selenium.remote.RemoteWebElement.click(RemoteWebElement.java:83)
	at com.kms.katalon.core.webui.keyword.builtin.ClickKeyword$_click_closure1.doCall(ClickKeyword.groovy:79)
	at com.kms.katalon.core.webui.keyword.builtin.ClickKeyword$_click_closure1.call(ClickKeyword.groovy)
	at com.kms.katalon.core.webui.keyword.internal.WebUIKeywordMain.runKeyword(WebUIKeywordMain.groovy:20)
	at com.kms.katalon.core.webui.keyword.builtin.ClickKeyword.click(ClickKeyword.groovy:86)
	at com.kms.katalon.core.webui.keyword.builtin.ClickKeyword.execute(ClickKeyword.groovy:67)
	at com.kms.katalon.core.keyword.internal.KeywordExecutor.executeKeywordForPlatform(KeywordExecutor.groovy:56)
	at com.kms.katalon.core.webui.keyword.WebUiBuiltInKeywords.click(WebUiBuiltInKeywords.groovy:616)
	at com.kms.katalon.core.webui.keyword.WebUiBuiltInKeywords$click$2.call(Unknown Source)
	at Script1537098934974.run(Script1537098934974.groovy:28)
	... 13 more


2019-04-21 02:54:53 - [TEST_STEP][PASSED] - callTestCase(findTestCase("Template testcases/TC0834"), [:], STOP_ON_FAILURE): Call Test Case 'Test Cases/Template testcases/TC0834' successfully

2019-04-21 02:54:53 - [TEST_CASE][PASSED] - Test Cases/Template testcases/TC0834: Test Cases/Template testcases/TC0834

2019-04-21 02:54:53 - [TEST_STEP][PASSED] - callTestCase(findTestCase("Template testcases/TC0768"), [:], STOP_ON_FAILURE): Call Test Case 'Test Cases/Template testcases/TC0768' successfully

2019-04-21 02:54:53 - [TEST_CASE][PASSED] - Test Cases/Template testcases/TC0768: Test Cases/Template testcases/TC0768

2019-04-21 02:54:53 - [TEST_STEP][PASSED] - callTestCase(findTestCase("s-sidebar_navigation/individualAccount/Template"), [:], STOP_ON_FAILURE): Call Test Case 'Test Cases/s-sidebar_navigation/individualAccount/Template' successfully

2019-04-21 02:54:53 - [TEST_CASE][PASSED] - Test Cases/s-sidebar_navigation/individualAccount/Template: Test Cases/s-sidebar_navigation/individualAccount/Template

2019-04-21 02:54:53 - [TEST_STEP][PASSED] - click(findTestObject("Page_KiboPush  Dashboard/span_Broadcasts")): Object: 'Object Repository/Page_KiboPush  Dashboard/span_Broadcasts' is clicked on

2019-04-21 02:54:53 - [MESSAGE][PASSED] - Object: 'Object Repository/Page_KiboPush  Dashboard/span_Broadcasts' is clicked on

2019-04-21 02:54:53 - [TEST_STEP][PASSED] - delay(1): Delayed 1 second(s)

2019-04-21 02:54:54 - [MESSAGE][PASSED] - Delayed 1 second(s)

2019-04-21 02:54:54 - [TEST_STEP][PASSED] - click(findTestObject("Page_KiboPush  Dashboard/span_Templates")): Object: 'Object Repository/Page_KiboPush  Dashboard/span_Templates' is clicked on

2019-04-21 02:54:54 - [MESSAGE][PASSED] - Object: 'Object Repository/Page_KiboPush  Dashboard/span_Templates' is clicked on

2019-04-21 02:54:54 - [TEST_STEP][PASSED] - delay(3): Delayed 3 second(s)

2019-04-21 02:54:57 - [MESSAGE][PASSED] - Delayed 3 second(s)

2019-04-21 02:54:57 - [TEST_STEP][PASSED] - scrollToPosition(0, 0): Browser is scrolled to position x = 0, y = 0

2019-04-21 02:54:58 - [MESSAGE][PASSED] - Browser is scrolled to position x = 0, y = 0

2019-04-21 02:54:58 - [TEST_STEP][PASSED] - click(findTestObject("Object Repository/Page_KiboEngage  Templates/h3_Templates")): Object: 'Object Repository/Page_KiboEngage  Templates/h3_Templates' is clicked on

2019-04-21 02:54:58 - [MESSAGE][PASSED] - Object: 'Object Repository/Page_KiboEngage  Templates/h3_Templates' is clicked on

2019-04-21 02:54:58 - [TEST_STEP][PASSED] - delay(3): Delayed 3 second(s)

2019-04-21 02:55:01 - [MESSAGE][PASSED] - Delayed 3 second(s)

2019-04-21 02:55:01 - [MESSAGE][PASSED] - Call Test Case 'Test Cases/s-sidebar_navigation/individualAccount/Template' successfully

2019-04-21 02:55:01 - [TEST_STEP][PASSED] - click(findTestObject("Object Repository/Page_KiboPush  Dashboard/button_Create New")): Object: 'Object Repository/Page_KiboPush  Dashboard/button_Create New' is clicked on

2019-04-21 02:55:01 - [MESSAGE][PASSED] - Object: 'Object Repository/Page_KiboPush  Dashboard/button_Create New' is clicked on

2019-04-21 02:55:01 - [TEST_STEP][PASSED] - click(findTestObject("Object Repository/Page_KiboPush  Create Broadcast Tem/h3_Create Broadcast Template")): Object: 'Object Repository/Page_KiboPush  Create Broadcast Tem/h3_Create Broadcast Template' is clicked on

2019-04-21 02:55:01 - [MESSAGE][PASSED] - Object: 'Object Repository/Page_KiboPush  Create Broadcast Tem/h3_Create Broadcast Template' is clicked on

2019-04-21 02:55:01 - [MESSAGE][PASSED] - Call Test Case 'Test Cases/Template testcases/TC0768' successfully

2019-04-21 02:55:01 - [TEST_STEP][PASSED] - click(findTestObject("Page_KiboPush  Create Broadcast Tem/h6_List (1)")): Object: 'Object Repository/Page_KiboPush  Create Broadcast Tem/h6_List (1)' is clicked on

2019-04-21 02:55:01 - [MESSAGE][PASSED] - Object: 'Object Repository/Page_KiboPush  Create Broadcast Tem/h6_List (1)' is clicked on

2019-04-21 02:55:01 - [TEST_STEP][PASSED] - click(findTestObject("Object Repository/Page_KiboEngage  Create Broadcast Template/div_New list component added")): Object: 'Object Repository/Page_KiboEngage  Create Broadcast Template/div_New list component added' is clicked on

2019-04-21 02:55:01 - [MESSAGE][PASSED] - Object: 'Object Repository/Page_KiboEngage  Create Broadcast Template/div_New list component added' is clicked on

2019-04-21 02:55:01 - [MESSAGE][PASSED] - Call Test Case 'Test Cases/Template testcases/TC0834' successfully

2019-04-21 02:55:01 - [TEST_STEP][PASSED] - setText(findTestObject("Object Repository/Page_KiboPush  Create Broadcast Tem/input_form-control (4)"), "hello"): Text 'hello' is set on object 'Object Repository/Page_KiboPush  Create Broadcast Tem/input_form-control (4)'

2019-04-21 02:55:02 - [MESSAGE][PASSED] - Text 'hello' is set on object 'Object Repository/Page_KiboPush  Create Broadcast Tem/input_form-control (4)'

2019-04-21 02:55:02 - [TEST_STEP][PASSED] - setText(findTestObject("Object Repository/Page_KiboPush  Create Broadcast Tem/textarea_form-control (3)"), "h"): Text 'h' is set on object 'Object Repository/Page_KiboPush  Create Broadcast Tem/textarea_form-control (3)'

2019-04-21 02:55:02 - [MESSAGE][PASSED] - Text 'h' is set on object 'Object Repository/Page_KiboPush  Create Broadcast Tem/textarea_form-control (3)'

2019-04-21 02:55:02 - [TEST_STEP][FAILED] - click(findTestObject("Page_KiboPush  Create Broadcast Tem/button_Create")): Unable to click on object 'Object Repository/Page_KiboPush  Create Broadcast Tem/button_Create' (Root cause: com.kms.katalon.core.exception.StepFailedException: Unable to click on object 'Object Repository/Page_KiboPush  Create Broadcast Tem/button_Create'
	at com.kms.katalon.core.webui.keyword.internal.WebUIKeywordMain.stepFailed(WebUIKeywordMain.groovy:64)
	at com.kms.katalon.core.webui.keyword.internal.WebUIKeywordMain.runKeyword(WebUIKeywordMain.groovy:26)
	at com.kms.katalon.core.webui.keyword.builtin.ClickKeyword.click(ClickKeyword.groovy:86)
	at com.kms.katalon.core.webui.keyword.builtin.ClickKeyword.execute(ClickKeyword.groovy:67)
	at com.kms.katalon.core.keyword.internal.KeywordExecutor.executeKeywordForPlatform(KeywordExecutor.groovy:56)
	at com.kms.katalon.core.webui.keyword.WebUiBuiltInKeywords.click(WebUiBuiltInKeywords.groovy:616)
	at com.kms.katalon.core.webui.keyword.WebUiBuiltInKeywords$click$2.call(Unknown Source)
	at TC0841.run(TC0841:28)
	at com.kms.katalon.core.main.ScriptEngine.run(ScriptEngine.java:194)
	at com.kms.katalon.core.main.ScriptEngine.runScriptAsRawText(ScriptEngine.java:119)
	at com.kms.katalon.core.main.TestCaseExecutor.runScript(TestCaseExecutor.java:336)
	at com.kms.katalon.core.main.TestCaseExecutor.doExecute(TestCaseExecutor.java:327)
	at com.kms.katalon.core.main.TestCaseExecutor.processExecutionPhase(TestCaseExecutor.java:306)
	at com.kms.katalon.core.main.TestCaseExecutor.accessMainPhase(TestCaseExecutor.java:298)
	at com.kms.katalon.core.main.TestCaseExecutor.execute(TestCaseExecutor.java:232)
	at com.kms.katalon.core.main.TestSuiteExecutor.accessTestCaseMainPhase(TestSuiteExecutor.java:129)
	at com.kms.katalon.core.main.TestSuiteExecutor.accessTestSuiteMainPhase(TestSuiteExecutor.java:112)
	at com.kms.katalon.core.main.TestSuiteExecutor.execute(TestSuiteExecutor.java:81)
	at com.kms.katalon.core.main.TestCaseMain.startTestSuite(TestCaseMain.java:157)
	at com.kms.katalon.core.main.TestCaseMain$startTestSuite$0.call(Unknown Source)
	at TempTestSuite1555795243480.run(TempTestSuite1555795243480.groovy:35)
Caused by: org.openqa.selenium.WebDriverException: unknown error: Element <button id="send" class="btn btn-primary" style="margin-right: 20px;">...</button> is not clickable at point (1117, 36). Other element would receive the click: <i class="flaticon-share"></i>
  (Session info: chrome=73.0.3683.103)
  (Driver info: chromedriver=73.0.3683.68 (47787ec04b6e38e22703e856e101e840b65afe72),platform=Linux 4.15.0-47-generic x86_64) (WARNING: The server did not provide any stacktrace information)
Command duration or timeout: 0 milliseconds
Build info: version: '3.7.1', revision: '8a0099a', time: '2017-11-06T21:07:36.161Z'
System info: host: 'faizan-HP-EliteBook-850-G2', ip: '127.0.1.1', os.name: 'Linux', os.arch: 'amd64', os.version: '4.15.0-47-generic', java.version: '1.8.0_191'
Driver info: com.kms.katalon.selenium.driver.CChromeDriver
Capabilities {acceptInsecureCerts: false, acceptSslCerts: false, applicationCacheEnabled: false, browserConnectionEnabled: false, browserName: chrome, chrome: {chromedriverVersion: 73.0.3683.68 (47787ec04b6e3..., userDataDir: /tmp/.com.google.Chrome.FU0xWS}, cssSelectorsEnabled: true, databaseEnabled: false, goog:chromeOptions: {debuggerAddress: localhost:43539}, handlesAlerts: true, hasTouchScreen: false, javascriptEnabled: true, locationContextEnabled: true, mobileEmulationEnabled: false, nativeEvents: true, networkConnectionEnabled: false, pageLoadStrategy: normal, platform: LINUX, platformName: LINUX, proxy: Proxy(direct), rotatable: false, setWindowRect: true, strictFileInteractability: false, takesHeapSnapshot: true, takesScreenshot: true, timeouts: {implicit: 0, pageLoad: 300000, script: 30000}, unexpectedAlertBehaviour: ignore, unhandledPromptBehavior: ignore, version: 73.0.3683.103, webStorageEnabled: true}
Session ID: f13adca9b43bf4b34e393f07e02ab2e3
	at org.openqa.selenium.remote.ErrorHandler.createThrowable(ErrorHandler.java:214)
	at org.openqa.selenium.remote.ErrorHandler.throwIfResponseFailed(ErrorHandler.java:166)
	at org.openqa.selenium.remote.http.JsonHttpResponseCodec.reconstructValue(JsonHttpResponseCodec.java:40)
	at org.openqa.selenium.remote.http.AbstractHttpResponseCodec.decode(AbstractHttpResponseCodec.java:80)
	at org.openqa.selenium.remote.http.AbstractHttpResponseCodec.decode(AbstractHttpResponseCodec.java:44)
	at org.openqa.selenium.remote.HttpCommandExecutor.execute(HttpCommandExecutor.java:164)
	at org.openqa.selenium.remote.service.DriverCommandExecutor.execute(DriverCommandExecutor.java:83)
	at org.openqa.selenium.remote.RemoteWebDriver.execute(RemoteWebDriver.java:600)
	at com.kms.katalon.selenium.driver.CChromeDriver.execute(CChromeDriver.java:20)
	at org.openqa.selenium.remote.RemoteWebElement.execute(RemoteWebElement.java:279)
	at org.openqa.selenium.remote.RemoteWebElement.click(RemoteWebElement.java:83)
	at com.kms.katalon.core.webui.keyword.builtin.ClickKeyword$_click_closure1.doCall(ClickKeyword.groovy:79)
	at com.kms.katalon.core.webui.keyword.builtin.ClickKeyword$_click_closure1.call(ClickKeyword.groovy)
	at com.kms.katalon.core.webui.keyword.internal.WebUIKeywordMain.runKeyword(WebUIKeywordMain.groovy:20)
	at com.kms.katalon.core.webui.keyword.builtin.ClickKeyword.click(ClickKeyword.groovy:86)
	at com.kms.katalon.core.webui.keyword.builtin.ClickKeyword.execute(ClickKeyword.groovy:67)
	at com.kms.katalon.core.keyword.internal.KeywordExecutor.executeKeywordForPlatform(KeywordExecutor.groovy:56)
	at com.kms.katalon.core.webui.keyword.WebUiBuiltInKeywords.click(WebUiBuiltInKeywords.groovy:616)
	at com.kms.katalon.core.webui.keyword.WebUiBuiltInKeywords$click$2.call(Unknown Source)
	at Script1537098934974.run(Script1537098934974.groovy:28)
	... 13 more
)

2019-04-21 02:55:02 - [MESSAGE][FAILED] - Unable to click on object 'Object Repository/Page_KiboPush  Create Broadcast Tem/button_Create' (Root cause: com.kms.katalon.core.exception.StepFailedException: Unable to click on object 'Object Repository/Page_KiboPush  Create Broadcast Tem/button_Create'
	at com.kms.katalon.core.webui.keyword.internal.WebUIKeywordMain.stepFailed(WebUIKeywordMain.groovy:64)
	at com.kms.katalon.core.webui.keyword.internal.WebUIKeywordMain.runKeyword(WebUIKeywordMain.groovy:26)
	at com.kms.katalon.core.webui.keyword.builtin.ClickKeyword.click(ClickKeyword.groovy:86)
	at com.kms.katalon.core.webui.keyword.builtin.ClickKeyword.execute(ClickKeyword.groovy:67)
	at com.kms.katalon.core.keyword.internal.KeywordExecutor.executeKeywordForPlatform(KeywordExecutor.groovy:56)
	at com.kms.katalon.core.webui.keyword.WebUiBuiltInKeywords.click(WebUiBuiltInKeywords.groovy:616)
	at com.kms.katalon.core.webui.keyword.WebUiBuiltInKeywords$click$2.call(Unknown Source)
	at TC0841.run(TC0841:28)
	at com.kms.katalon.core.main.ScriptEngine.run(ScriptEngine.java:194)
	at com.kms.katalon.core.main.ScriptEngine.runScriptAsRawText(ScriptEngine.java:119)
	at com.kms.katalon.core.main.TestCaseExecutor.runScript(TestCaseExecutor.java:336)
	at com.kms.katalon.core.main.TestCaseExecutor.doExecute(TestCaseExecutor.java:327)
	at com.kms.katalon.core.main.TestCaseExecutor.processExecutionPhase(TestCaseExecutor.java:306)
	at com.kms.katalon.core.main.TestCaseExecutor.accessMainPhase(TestCaseExecutor.java:298)
	at com.kms.katalon.core.main.TestCaseExecutor.execute(TestCaseExecutor.java:232)
	at com.kms.katalon.core.main.TestSuiteExecutor.accessTestCaseMainPhase(TestSuiteExecutor.java:129)
	at com.kms.katalon.core.main.TestSuiteExecutor.accessTestSuiteMainPhase(TestSuiteExecutor.java:112)
	at com.kms.katalon.core.main.TestSuiteExecutor.execute(TestSuiteExecutor.java:81)
	at com.kms.katalon.core.main.TestCaseMain.startTestSuite(TestCaseMain.java:157)
	at com.kms.katalon.core.main.TestCaseMain$startTestSuite$0.call(Unknown Source)
	at TempTestSuite1555795243480.run(TempTestSuite1555795243480.groovy:35)
Caused by: org.openqa.selenium.WebDriverException: unknown error: Element <button id="send" class="btn btn-primary" style="margin-right: 20px;">...</button> is not clickable at point (1117, 36). Other element would receive the click: <i class="flaticon-share"></i>
  (Session info: chrome=73.0.3683.103)
  (Driver info: chromedriver=73.0.3683.68 (47787ec04b6e38e22703e856e101e840b65afe72),platform=Linux 4.15.0-47-generic x86_64) (WARNING: The server did not provide any stacktrace information)
Command duration or timeout: 0 milliseconds
Build info: version: '3.7.1', revision: '8a0099a', time: '2017-11-06T21:07:36.161Z'
System info: host: 'faizan-HP-EliteBook-850-G2', ip: '127.0.1.1', os.name: 'Linux', os.arch: 'amd64', os.version: '4.15.0-47-generic', java.version: '1.8.0_191'
Driver info: com.kms.katalon.selenium.driver.CChromeDriver
Capabilities {acceptInsecureCerts: false, acceptSslCerts: false, applicationCacheEnabled: false, browserConnectionEnabled: false, browserName: chrome, chrome: {chromedriverVersion: 73.0.3683.68 (47787ec04b6e3..., userDataDir: /tmp/.com.google.Chrome.FU0xWS}, cssSelectorsEnabled: true, databaseEnabled: false, goog:chromeOptions: {debuggerAddress: localhost:43539}, handlesAlerts: true, hasTouchScreen: false, javascriptEnabled: true, locationContextEnabled: true, mobileEmulationEnabled: false, nativeEvents: true, networkConnectionEnabled: false, pageLoadStrategy: normal, platform: LINUX, platformName: LINUX, proxy: Proxy(direct), rotatable: false, setWindowRect: true, strictFileInteractability: false, takesHeapSnapshot: true, takesScreenshot: true, timeouts: {implicit: 0, pageLoad: 300000, script: 30000}, unexpectedAlertBehaviour: ignore, unhandledPromptBehavior: ignore, version: 73.0.3683.103, webStorageEnabled: true}
Session ID: f13adca9b43bf4b34e393f07e02ab2e3
	at org.openqa.selenium.remote.ErrorHandler.createThrowable(ErrorHandler.java:214)
	at org.openqa.selenium.remote.ErrorHandler.throwIfResponseFailed(ErrorHandler.java:166)
	at org.openqa.selenium.remote.http.JsonHttpResponseCodec.reconstructValue(JsonHttpResponseCodec.java:40)
	at org.openqa.selenium.remote.http.AbstractHttpResponseCodec.decode(AbstractHttpResponseCodec.java:80)
	at org.openqa.selenium.remote.http.AbstractHttpResponseCodec.decode(AbstractHttpResponseCodec.java:44)
	at org.openqa.selenium.remote.HttpCommandExecutor.execute(HttpCommandExecutor.java:164)
	at org.openqa.selenium.remote.service.DriverCommandExecutor.execute(DriverCommandExecutor.java:83)
	at org.openqa.selenium.remote.RemoteWebDriver.execute(RemoteWebDriver.java:600)
	at com.kms.katalon.selenium.driver.CChromeDriver.execute(CChromeDriver.java:20)
	at org.openqa.selenium.remote.RemoteWebElement.execute(RemoteWebElement.java:279)
	at org.openqa.selenium.remote.RemoteWebElement.click(RemoteWebElement.java:83)
	at com.kms.katalon.core.webui.keyword.builtin.ClickKeyword$_click_closure1.doCall(ClickKeyword.groovy:79)
	at com.kms.katalon.core.webui.keyword.builtin.ClickKeyword$_click_closure1.call(ClickKeyword.groovy)
	at com.kms.katalon.core.webui.keyword.internal.WebUIKeywordMain.runKeyword(WebUIKeywordMain.groovy:20)
	at com.kms.katalon.core.webui.keyword.builtin.ClickKeyword.click(ClickKeyword.groovy:86)
	at com.kms.katalon.core.webui.keyword.builtin.ClickKeyword.execute(ClickKeyword.groovy:67)
	at com.kms.katalon.core.keyword.internal.KeywordExecutor.executeKeywordForPlatform(KeywordExecutor.groovy:56)
	at com.kms.katalon.core.webui.keyword.WebUiBuiltInKeywords.click(WebUiBuiltInKeywords.groovy:616)
	at com.kms.katalon.core.webui.keyword.WebUiBuiltInKeywords$click$2.call(Unknown Source)
	at Script1537098934974.run(Script1537098934974.groovy:28)
	... 13 more
)
[[ATTACHMENT|/home/faizan/Drive/KiboPush_Automated_Testing/KiboPush Katalon/Reports/Faizan Suits/Template/20190421_022043/1555797302595.png]]]]></system-out>
         <system-err><![CDATA[2019-04-21 02:54:53 - [TEST_CASE][FAILED] - Test Cases/Template testcases/TC0841: Test Cases/Template testcases/TC0841 FAILED.
Reason:
com.kms.katalon.core.exception.StepFailedException: Unable to click on object 'Object Repository/Page_KiboPush  Create Broadcast Tem/button_Create'
	at com.kms.katalon.core.webui.keyword.internal.WebUIKeywordMain.stepFailed(WebUIKeywordMain.groovy:64)
	at com.kms.katalon.core.webui.keyword.internal.WebUIKeywordMain.runKeyword(WebUIKeywordMain.groovy:26)
	at com.kms.katalon.core.webui.keyword.builtin.ClickKeyword.click(ClickKeyword.groovy:86)
	at com.kms.katalon.core.webui.keyword.builtin.ClickKeyword.execute(ClickKeyword.groovy:67)
	at com.kms.katalon.core.keyword.internal.KeywordExecutor.executeKeywordForPlatform(KeywordExecutor.groovy:56)
	at com.kms.katalon.core.webui.keyword.WebUiBuiltInKeywords.click(WebUiBuiltInKeywords.groovy:616)
	at com.kms.katalon.core.webui.keyword.WebUiBuiltInKeywords$click$2.call(Unknown Source)
	at TC0841.run(TC0841:28)
	at com.kms.katalon.core.main.ScriptEngine.run(ScriptEngine.java:194)
	at com.kms.katalon.core.main.ScriptEngine.runScriptAsRawText(ScriptEngine.java:119)
	at com.kms.katalon.core.main.TestCaseExecutor.runScript(TestCaseExecutor.java:336)
	at com.kms.katalon.core.main.TestCaseExecutor.doExecute(TestCaseExecutor.java:327)
	at com.kms.katalon.core.main.TestCaseExecutor.processExecutionPhase(TestCaseExecutor.java:306)
	at com.kms.katalon.core.main.TestCaseExecutor.accessMainPhase(TestCaseExecutor.java:298)
	at com.kms.katalon.core.main.TestCaseExecutor.execute(TestCaseExecutor.java:232)
	at com.kms.katalon.core.main.TestSuiteExecutor.accessTestCaseMainPhase(TestSuiteExecutor.java:129)
	at com.kms.katalon.core.main.TestSuiteExecutor.accessTestSuiteMainPhase(TestSuiteExecutor.java:112)
	at com.kms.katalon.core.main.TestSuiteExecutor.execute(TestSuiteExecutor.java:81)
	at com.kms.katalon.core.main.TestCaseMain.startTestSuite(TestCaseMain.java:157)
	at com.kms.katalon.core.main.TestCaseMain$startTestSuite$0.call(Unknown Source)
	at TempTestSuite1555795243480.run(TempTestSuite1555795243480.groovy:35)
Caused by: org.openqa.selenium.WebDriverException: unknown error: Element <button id="send" class="btn btn-primary" style="margin-right: 20px;">...</button> is not clickable at point (1117, 36). Other element would receive the click: <i class="flaticon-share"></i>
  (Session info: chrome=73.0.3683.103)
  (Driver info: chromedriver=73.0.3683.68 (47787ec04b6e38e22703e856e101e840b65afe72),platform=Linux 4.15.0-47-generic x86_64) (WARNING: The server did not provide any stacktrace information)
Command duration or timeout: 0 milliseconds
Build info: version: '3.7.1', revision: '8a0099a', time: '2017-11-06T21:07:36.161Z'
System info: host: 'faizan-HP-EliteBook-850-G2', ip: '127.0.1.1', os.name: 'Linux', os.arch: 'amd64', os.version: '4.15.0-47-generic', java.version: '1.8.0_191'
Driver info: com.kms.katalon.selenium.driver.CChromeDriver
Capabilities {acceptInsecureCerts: false, acceptSslCerts: false, applicationCacheEnabled: false, browserConnectionEnabled: false, browserName: chrome, chrome: {chromedriverVersion: 73.0.3683.68 (47787ec04b6e3..., userDataDir: /tmp/.com.google.Chrome.FU0xWS}, cssSelectorsEnabled: true, databaseEnabled: false, goog:chromeOptions: {debuggerAddress: localhost:43539}, handlesAlerts: true, hasTouchScreen: false, javascriptEnabled: true, locationContextEnabled: true, mobileEmulationEnabled: false, nativeEvents: true, networkConnectionEnabled: false, pageLoadStrategy: normal, platform: LINUX, platformName: LINUX, proxy: Proxy(direct), rotatable: false, setWindowRect: true, strictFileInteractability: false, takesHeapSnapshot: true, takesScreenshot: true, timeouts: {implicit: 0, pageLoad: 300000, script: 30000}, unexpectedAlertBehaviour: ignore, unhandledPromptBehavior: ignore, version: 73.0.3683.103, webStorageEnabled: true}
Session ID: f13adca9b43bf4b34e393f07e02ab2e3
	at org.openqa.selenium.remote.ErrorHandler.createThrowable(ErrorHandler.java:214)
	at org.openqa.selenium.remote.ErrorHandler.throwIfResponseFailed(ErrorHandler.java:166)
	at org.openqa.selenium.remote.http.JsonHttpResponseCodec.reconstructValue(JsonHttpResponseCodec.java:40)
	at org.openqa.selenium.remote.http.AbstractHttpResponseCodec.decode(AbstractHttpResponseCodec.java:80)
	at org.openqa.selenium.remote.http.AbstractHttpResponseCodec.decode(AbstractHttpResponseCodec.java:44)
	at org.openqa.selenium.remote.HttpCommandExecutor.execute(HttpCommandExecutor.java:164)
	at org.openqa.selenium.remote.service.DriverCommandExecutor.execute(DriverCommandExecutor.java:83)
	at org.openqa.selenium.remote.RemoteWebDriver.execute(RemoteWebDriver.java:600)
	at com.kms.katalon.selenium.driver.CChromeDriver.execute(CChromeDriver.java:20)
	at org.openqa.selenium.remote.RemoteWebElement.execute(RemoteWebElement.java:279)
	at org.openqa.selenium.remote.RemoteWebElement.click(RemoteWebElement.java:83)
	at com.kms.katalon.core.webui.keyword.builtin.ClickKeyword$_click_closure1.doCall(ClickKeyword.groovy:79)
	at com.kms.katalon.core.webui.keyword.builtin.ClickKeyword$_click_closure1.call(ClickKeyword.groovy)
	at com.kms.katalon.core.webui.keyword.internal.WebUIKeywordMain.runKeyword(WebUIKeywordMain.groovy:20)
	at com.kms.katalon.core.webui.keyword.builtin.ClickKeyword.click(ClickKeyword.groovy:86)
	at com.kms.katalon.core.webui.keyword.builtin.ClickKeyword.execute(ClickKeyword.groovy:67)
	at com.kms.katalon.core.keyword.internal.KeywordExecutor.executeKeywordForPlatform(KeywordExecutor.groovy:56)
	at com.kms.katalon.core.webui.keyword.WebUiBuiltInKeywords.click(WebUiBuiltInKeywords.groovy:616)
	at com.kms.katalon.core.webui.keyword.WebUiBuiltInKeywords$click$2.call(Unknown Source)
	at Script1537098934974.run(Script1537098934974.groovy:28)
	... 13 more]]></system-err>
      </testcase>
      <testcase name="Test Cases/Template testcases/TC0842" classname="Test Cases/Template testcases/TC0842" status="ERROR">
         <error type="ERROR" message="Test Cases/Template testcases/TC0842 FAILED.
Reason:
org.openqa.selenium.NoSuchElementException: no such element: Unable to locate element: {&quot;method&quot;:&quot;xpath&quot;,&quot;selector&quot;:&quot;//*[@id=&quot;List1&quot;]/div[1]/div/div[3]/div[2]/div/div[3]/div[1]/center/textarea&quot;}
  (Session info: chrome=73.0.3683.103)
  (Driver info: chromedriver=73.0.3683.68 (47787ec04b6e38e22703e856e101e840b65afe72),platform=Linux 4.15.0-47-generic x86_64) (WARNING: The server did not provide any stacktrace information)
Command duration or timeout: 0 milliseconds
For documentation on this error, please visit: http://seleniumhq.org/exceptions/no_such_element.html
Build info: version: '3.7.1', revision: '8a0099a', time: '2017-11-06T21:07:36.161Z'
System info: host: 'faizan-HP-EliteBook-850-G2', ip: '127.0.1.1', os.name: 'Linux', os.arch: 'amd64', os.version: '4.15.0-47-generic', java.version: '1.8.0_191'
Driver info: com.kms.katalon.selenium.driver.CChromeDriver
Capabilities {acceptInsecureCerts: false, acceptSslCerts: false, applicationCacheEnabled: false, browserConnectionEnabled: false, browserName: chrome, chrome: {chromedriverVersion: 73.0.3683.68 (47787ec04b6e3..., userDataDir: /tmp/.com.google.Chrome.FU0xWS}, cssSelectorsEnabled: true, databaseEnabled: false, goog:chromeOptions: {debuggerAddress: localhost:43539}, handlesAlerts: true, hasTouchScreen: false, javascriptEnabled: true, locationContextEnabled: true, mobileEmulationEnabled: false, nativeEvents: true, networkConnectionEnabled: false, pageLoadStrategy: normal, platform: LINUX, platformName: LINUX, proxy: Proxy(direct), rotatable: false, setWindowRect: true, strictFileInteractability: false, takesHeapSnapshot: true, takesScreenshot: true, timeouts: {implicit: 0, pageLoad: 300000, script: 30000}, unexpectedAlertBehaviour: ignore, unhandledPromptBehavior: ignore, version: 73.0.3683.103, webStorageEnabled: true}
Session ID: f13adca9b43bf4b34e393f07e02ab2e3
*** Element info: {Using=xpath, value=//*[@id=&quot;List1&quot;]/div[1]/div/div[3]/div[2]/div/div[3]/div[1]/center/textarea}
	at org.openqa.selenium.remote.ErrorHandler.createThrowable(ErrorHandler.java:214)
	at org.openqa.selenium.remote.ErrorHandler.throwIfResponseFailed(ErrorHandler.java:166)
	at org.openqa.selenium.remote.http.JsonHttpResponseCodec.reconstructValue(JsonHttpResponseCodec.java:40)
	at org.openqa.selenium.remote.http.AbstractHttpResponseCodec.decode(AbstractHttpResponseCodec.java:80)
	at org.openqa.selenium.remote.http.AbstractHttpResponseCodec.decode(AbstractHttpResponseCodec.java:44)
	at org.openqa.selenium.remote.HttpCommandExecutor.execute(HttpCommandExecutor.java:164)
	at org.openqa.selenium.remote.service.DriverCommandExecutor.execute(DriverCommandExecutor.java:83)
	at org.openqa.selenium.remote.RemoteWebDriver.execute(RemoteWebDriver.java:600)
	at com.kms.katalon.selenium.driver.CChromeDriver.execute(CChromeDriver.java:20)
	at org.openqa.selenium.remote.RemoteWebDriver.findElement(RemoteWebDriver.java:370)
	at org.openqa.selenium.remote.RemoteWebDriver.findElementByXPath(RemoteWebDriver.java:472)
	at org.openqa.selenium.By$ByXPath.findElement(By.java:361)
	at org.openqa.selenium.remote.RemoteWebDriver.findElement(RemoteWebDriver.java:362)
	at org.openqa.selenium.WebDriver$findElement$0.call(Unknown Source)
	at TC0842.run(TC0842:35)
	at com.kms.katalon.core.main.ScriptEngine.run(ScriptEngine.java:194)
	at com.kms.katalon.core.main.ScriptEngine.runScriptAsRawText(ScriptEngine.java:119)
	at com.kms.katalon.core.main.TestCaseExecutor.runScript(TestCaseExecutor.java:336)
	at com.kms.katalon.core.main.TestCaseExecutor.doExecute(TestCaseExecutor.java:327)
	at com.kms.katalon.core.main.TestCaseExecutor.processExecutionPhase(TestCaseExecutor.java:306)
	at com.kms.katalon.core.main.TestCaseExecutor.accessMainPhase(TestCaseExecutor.java:298)
	at com.kms.katalon.core.main.TestCaseExecutor.execute(TestCaseExecutor.java:232)
	at com.kms.katalon.core.main.TestSuiteExecutor.accessTestCaseMainPhase(TestSuiteExecutor.java:129)
	at com.kms.katalon.core.main.TestSuiteExecutor.accessTestSuiteMainPhase(TestSuiteExecutor.java:112)
	at com.kms.katalon.core.main.TestSuiteExecutor.execute(TestSuiteExecutor.java:81)
	at com.kms.katalon.core.main.TestCaseMain.startTestSuite(TestCaseMain.java:157)
	at com.kms.katalon.core.main.TestCaseMain$startTestSuite$0.call(Unknown Source)
	at TempTestSuite1555795243480.run(TempTestSuite1555795243480.groovy:35)
"/>
         <system-out><![CDATA[2019-04-21 02:55:02 - [TEST_CASE][ERROR] - Test Cases/Template testcases/TC0842: Test Cases/Template testcases/TC0842 FAILED.
Reason:
org.openqa.selenium.NoSuchElementException: no such element: Unable to locate element: {"method":"xpath","selector":"//*[@id="List1"]/div[1]/div/div[3]/div[2]/div/div[3]/div[1]/center/textarea"}
  (Session info: chrome=73.0.3683.103)
  (Driver info: chromedriver=73.0.3683.68 (47787ec04b6e38e22703e856e101e840b65afe72),platform=Linux 4.15.0-47-generic x86_64) (WARNING: The server did not provide any stacktrace information)
Command duration or timeout: 0 milliseconds
For documentation on this error, please visit: http://seleniumhq.org/exceptions/no_such_element.html
Build info: version: '3.7.1', revision: '8a0099a', time: '2017-11-06T21:07:36.161Z'
System info: host: 'faizan-HP-EliteBook-850-G2', ip: '127.0.1.1', os.name: 'Linux', os.arch: 'amd64', os.version: '4.15.0-47-generic', java.version: '1.8.0_191'
Driver info: com.kms.katalon.selenium.driver.CChromeDriver
Capabilities {acceptInsecureCerts: false, acceptSslCerts: false, applicationCacheEnabled: false, browserConnectionEnabled: false, browserName: chrome, chrome: {chromedriverVersion: 73.0.3683.68 (47787ec04b6e3..., userDataDir: /tmp/.com.google.Chrome.FU0xWS}, cssSelectorsEnabled: true, databaseEnabled: false, goog:chromeOptions: {debuggerAddress: localhost:43539}, handlesAlerts: true, hasTouchScreen: false, javascriptEnabled: true, locationContextEnabled: true, mobileEmulationEnabled: false, nativeEvents: true, networkConnectionEnabled: false, pageLoadStrategy: normal, platform: LINUX, platformName: LINUX, proxy: Proxy(direct), rotatable: false, setWindowRect: true, strictFileInteractability: false, takesHeapSnapshot: true, takesScreenshot: true, timeouts: {implicit: 0, pageLoad: 300000, script: 30000}, unexpectedAlertBehaviour: ignore, unhandledPromptBehavior: ignore, version: 73.0.3683.103, webStorageEnabled: true}
Session ID: f13adca9b43bf4b34e393f07e02ab2e3
*** Element info: {Using=xpath, value=//*[@id="List1"]/div[1]/div/div[3]/div[2]/div/div[3]/div[1]/center/textarea}
	at org.openqa.selenium.remote.ErrorHandler.createThrowable(ErrorHandler.java:214)
	at org.openqa.selenium.remote.ErrorHandler.throwIfResponseFailed(ErrorHandler.java:166)
	at org.openqa.selenium.remote.http.JsonHttpResponseCodec.reconstructValue(JsonHttpResponseCodec.java:40)
	at org.openqa.selenium.remote.http.AbstractHttpResponseCodec.decode(AbstractHttpResponseCodec.java:80)
	at org.openqa.selenium.remote.http.AbstractHttpResponseCodec.decode(AbstractHttpResponseCodec.java:44)
	at org.openqa.selenium.remote.HttpCommandExecutor.execute(HttpCommandExecutor.java:164)
	at org.openqa.selenium.remote.service.DriverCommandExecutor.execute(DriverCommandExecutor.java:83)
	at org.openqa.selenium.remote.RemoteWebDriver.execute(RemoteWebDriver.java:600)
	at com.kms.katalon.selenium.driver.CChromeDriver.execute(CChromeDriver.java:20)
	at org.openqa.selenium.remote.RemoteWebDriver.findElement(RemoteWebDriver.java:370)
	at org.openqa.selenium.remote.RemoteWebDriver.findElementByXPath(RemoteWebDriver.java:472)
	at org.openqa.selenium.By$ByXPath.findElement(By.java:361)
	at org.openqa.selenium.remote.RemoteWebDriver.findElement(RemoteWebDriver.java:362)
	at org.openqa.selenium.WebDriver$findElement$0.call(Unknown Source)
	at TC0842.run(TC0842:35)
	at com.kms.katalon.core.main.ScriptEngine.run(ScriptEngine.java:194)
	at com.kms.katalon.core.main.ScriptEngine.runScriptAsRawText(ScriptEngine.java:119)
	at com.kms.katalon.core.main.TestCaseExecutor.runScript(TestCaseExecutor.java:336)
	at com.kms.katalon.core.main.TestCaseExecutor.doExecute(TestCaseExecutor.java:327)
	at com.kms.katalon.core.main.TestCaseExecutor.processExecutionPhase(TestCaseExecutor.java:306)
	at com.kms.katalon.core.main.TestCaseExecutor.accessMainPhase(TestCaseExecutor.java:298)
	at com.kms.katalon.core.main.TestCaseExecutor.execute(TestCaseExecutor.java:232)
	at com.kms.katalon.core.main.TestSuiteExecutor.accessTestCaseMainPhase(TestSuiteExecutor.java:129)
	at com.kms.katalon.core.main.TestSuiteExecutor.accessTestSuiteMainPhase(TestSuiteExecutor.java:112)
	at com.kms.katalon.core.main.TestSuiteExecutor.execute(TestSuiteExecutor.java:81)
	at com.kms.katalon.core.main.TestCaseMain.startTestSuite(TestCaseMain.java:157)
	at com.kms.katalon.core.main.TestCaseMain$startTestSuite$0.call(Unknown Source)
	at TempTestSuite1555795243480.run(TempTestSuite1555795243480.groovy:35)


2019-04-21 02:55:02 - [TEST_STEP][PASSED] - callTestCase(findTestCase("Template testcases/TC0834"), [:], STOP_ON_FAILURE): Call Test Case 'Test Cases/Template testcases/TC0834' successfully

2019-04-21 02:55:03 - [TEST_CASE][PASSED] - Test Cases/Template testcases/TC0834: Test Cases/Template testcases/TC0834

2019-04-21 02:55:03 - [TEST_STEP][PASSED] - callTestCase(findTestCase("Template testcases/TC0768"), [:], STOP_ON_FAILURE): Call Test Case 'Test Cases/Template testcases/TC0768' successfully

2019-04-21 02:55:03 - [TEST_CASE][PASSED] - Test Cases/Template testcases/TC0768: Test Cases/Template testcases/TC0768

2019-04-21 02:55:03 - [TEST_STEP][PASSED] - callTestCase(findTestCase("s-sidebar_navigation/individualAccount/Template"), [:], STOP_ON_FAILURE): Call Test Case 'Test Cases/s-sidebar_navigation/individualAccount/Template' successfully

2019-04-21 02:55:03 - [TEST_CASE][PASSED] - Test Cases/s-sidebar_navigation/individualAccount/Template: Test Cases/s-sidebar_navigation/individualAccount/Template

2019-04-21 02:55:03 - [TEST_STEP][PASSED] - click(findTestObject("Page_KiboPush  Dashboard/span_Broadcasts")): Object: 'Object Repository/Page_KiboPush  Dashboard/span_Broadcasts' is clicked on

2019-04-21 02:55:03 - [MESSAGE][PASSED] - Object: 'Object Repository/Page_KiboPush  Dashboard/span_Broadcasts' is clicked on

2019-04-21 02:55:03 - [TEST_STEP][PASSED] - delay(1): Delayed 1 second(s)

2019-04-21 02:55:04 - [MESSAGE][PASSED] - Delayed 1 second(s)

2019-04-21 02:55:04 - [TEST_STEP][PASSED] - click(findTestObject("Page_KiboPush  Dashboard/span_Templates")): Object: 'Object Repository/Page_KiboPush  Dashboard/span_Templates' is clicked on

2019-04-21 02:55:04 - [MESSAGE][PASSED] - Object: 'Object Repository/Page_KiboPush  Dashboard/span_Templates' is clicked on

2019-04-21 02:55:04 - [TEST_STEP][PASSED] - delay(3): Delayed 3 second(s)

2019-04-21 02:55:07 - [MESSAGE][PASSED] - Delayed 3 second(s)

2019-04-21 02:55:07 - [TEST_STEP][PASSED] - scrollToPosition(0, 0): Browser is scrolled to position x = 0, y = 0

2019-04-21 02:55:07 - [MESSAGE][PASSED] - Browser is scrolled to position x = 0, y = 0

2019-04-21 02:55:07 - [TEST_STEP][PASSED] - click(findTestObject("Object Repository/Page_KiboEngage  Templates/h3_Templates")): Object: 'Object Repository/Page_KiboEngage  Templates/h3_Templates' is clicked on

2019-04-21 02:55:07 - [MESSAGE][PASSED] - Object: 'Object Repository/Page_KiboEngage  Templates/h3_Templates' is clicked on

2019-04-21 02:55:07 - [TEST_STEP][PASSED] - delay(3): Delayed 3 second(s)

2019-04-21 02:55:10 - [MESSAGE][PASSED] - Delayed 3 second(s)

2019-04-21 02:55:10 - [MESSAGE][PASSED] - Call Test Case 'Test Cases/s-sidebar_navigation/individualAccount/Template' successfully

2019-04-21 02:55:10 - [TEST_STEP][PASSED] - click(findTestObject("Object Repository/Page_KiboPush  Dashboard/button_Create New")): Object: 'Object Repository/Page_KiboPush  Dashboard/button_Create New' is clicked on

2019-04-21 02:55:11 - [MESSAGE][PASSED] - Object: 'Object Repository/Page_KiboPush  Dashboard/button_Create New' is clicked on

2019-04-21 02:55:11 - [TEST_STEP][PASSED] - click(findTestObject("Object Repository/Page_KiboPush  Create Broadcast Tem/h3_Create Broadcast Template")): Object: 'Object Repository/Page_KiboPush  Create Broadcast Tem/h3_Create Broadcast Template' is clicked on

2019-04-21 02:55:11 - [MESSAGE][PASSED] - Object: 'Object Repository/Page_KiboPush  Create Broadcast Tem/h3_Create Broadcast Template' is clicked on

2019-04-21 02:55:11 - [MESSAGE][PASSED] - Call Test Case 'Test Cases/Template testcases/TC0768' successfully

2019-04-21 02:55:11 - [TEST_STEP][PASSED] - click(findTestObject("Page_KiboPush  Create Broadcast Tem/h6_List (1)")): Object: 'Object Repository/Page_KiboPush  Create Broadcast Tem/h6_List (1)' is clicked on

2019-04-21 02:55:11 - [MESSAGE][PASSED] - Object: 'Object Repository/Page_KiboPush  Create Broadcast Tem/h6_List (1)' is clicked on

2019-04-21 02:55:11 - [TEST_STEP][PASSED] - click(findTestObject("Object Repository/Page_KiboEngage  Create Broadcast Template/div_New list component added")): Object: 'Object Repository/Page_KiboEngage  Create Broadcast Template/div_New list component added' is clicked on

2019-04-21 02:55:11 - [MESSAGE][PASSED] - Object: 'Object Repository/Page_KiboEngage  Create Broadcast Template/div_New list component added' is clicked on

2019-04-21 02:55:11 - [MESSAGE][PASSED] - Call Test Case 'Test Cases/Template testcases/TC0834' successfully

2019-04-21 02:55:11 - [TEST_STEP][PASSED] - setText(findTestObject("Object Repository/Page_KiboPush  Create Broadcast Tem/input_form-control (4)"), "hello"): Text 'hello' is set on object 'Object Repository/Page_KiboPush  Create Broadcast Tem/input_form-control (4)'

2019-04-21 02:55:12 - [MESSAGE][PASSED] - Text 'hello' is set on object 'Object Repository/Page_KiboPush  Create Broadcast Tem/input_form-control (4)'

2019-04-21 02:55:12 - [TEST_STEP][PASSED] - setText(findTestObject("Object Repository/Page_KiboPush  Create Broadcast Tem/textarea_form-control (3)"), "h"): Text 'h' is set on object 'Object Repository/Page_KiboPush  Create Broadcast Tem/textarea_form-control (3)'

2019-04-21 02:55:12 - [MESSAGE][PASSED] - Text 'h' is set on object 'Object Repository/Page_KiboPush  Create Broadcast Tem/textarea_form-control (3)'

2019-04-21 02:55:12 - [TEST_STEP][PASSED] - driver = getWebDriver(): null

2019-04-21 02:55:12 - [TEST_STEP][PASSED] - subTitle = driver.findElement(By.xpath("//*[@id="List1"]/div[1]/div/div[3]/div[2]/div/div[3]/div[1]/center/textarea")): null]]></system-out>
         <system-err><![CDATA[2019-04-21 02:55:02 - [TEST_CASE][ERROR] - Test Cases/Template testcases/TC0842: Test Cases/Template testcases/TC0842 FAILED.
Reason:
org.openqa.selenium.NoSuchElementException: no such element: Unable to locate element: {"method":"xpath","selector":"//*[@id="List1"]/div[1]/div/div[3]/div[2]/div/div[3]/div[1]/center/textarea"}
  (Session info: chrome=73.0.3683.103)
  (Driver info: chromedriver=73.0.3683.68 (47787ec04b6e38e22703e856e101e840b65afe72),platform=Linux 4.15.0-47-generic x86_64) (WARNING: The server did not provide any stacktrace information)
Command duration or timeout: 0 milliseconds
For documentation on this error, please visit: http://seleniumhq.org/exceptions/no_such_element.html
Build info: version: '3.7.1', revision: '8a0099a', time: '2017-11-06T21:07:36.161Z'
System info: host: 'faizan-HP-EliteBook-850-G2', ip: '127.0.1.1', os.name: 'Linux', os.arch: 'amd64', os.version: '4.15.0-47-generic', java.version: '1.8.0_191'
Driver info: com.kms.katalon.selenium.driver.CChromeDriver
Capabilities {acceptInsecureCerts: false, acceptSslCerts: false, applicationCacheEnabled: false, browserConnectionEnabled: false, browserName: chrome, chrome: {chromedriverVersion: 73.0.3683.68 (47787ec04b6e3..., userDataDir: /tmp/.com.google.Chrome.FU0xWS}, cssSelectorsEnabled: true, databaseEnabled: false, goog:chromeOptions: {debuggerAddress: localhost:43539}, handlesAlerts: true, hasTouchScreen: false, javascriptEnabled: true, locationContextEnabled: true, mobileEmulationEnabled: false, nativeEvents: true, networkConnectionEnabled: false, pageLoadStrategy: normal, platform: LINUX, platformName: LINUX, proxy: Proxy(direct), rotatable: false, setWindowRect: true, strictFileInteractability: false, takesHeapSnapshot: true, takesScreenshot: true, timeouts: {implicit: 0, pageLoad: 300000, script: 30000}, unexpectedAlertBehaviour: ignore, unhandledPromptBehavior: ignore, version: 73.0.3683.103, webStorageEnabled: true}
Session ID: f13adca9b43bf4b34e393f07e02ab2e3
*** Element info: {Using=xpath, value=//*[@id="List1"]/div[1]/div/div[3]/div[2]/div/div[3]/div[1]/center/textarea}
	at org.openqa.selenium.remote.ErrorHandler.createThrowable(ErrorHandler.java:214)
	at org.openqa.selenium.remote.ErrorHandler.throwIfResponseFailed(ErrorHandler.java:166)
	at org.openqa.selenium.remote.http.JsonHttpResponseCodec.reconstructValue(JsonHttpResponseCodec.java:40)
	at org.openqa.selenium.remote.http.AbstractHttpResponseCodec.decode(AbstractHttpResponseCodec.java:80)
	at org.openqa.selenium.remote.http.AbstractHttpResponseCodec.decode(AbstractHttpResponseCodec.java:44)
	at org.openqa.selenium.remote.HttpCommandExecutor.execute(HttpCommandExecutor.java:164)
	at org.openqa.selenium.remote.service.DriverCommandExecutor.execute(DriverCommandExecutor.java:83)
	at org.openqa.selenium.remote.RemoteWebDriver.execute(RemoteWebDriver.java:600)
	at com.kms.katalon.selenium.driver.CChromeDriver.execute(CChromeDriver.java:20)
	at org.openqa.selenium.remote.RemoteWebDriver.findElement(RemoteWebDriver.java:370)
	at org.openqa.selenium.remote.RemoteWebDriver.findElementByXPath(RemoteWebDriver.java:472)
	at org.openqa.selenium.By$ByXPath.findElement(By.java:361)
	at org.openqa.selenium.remote.RemoteWebDriver.findElement(RemoteWebDriver.java:362)
	at org.openqa.selenium.WebDriver$findElement$0.call(Unknown Source)
	at TC0842.run(TC0842:35)
	at com.kms.katalon.core.main.ScriptEngine.run(ScriptEngine.java:194)
	at com.kms.katalon.core.main.ScriptEngine.runScriptAsRawText(ScriptEngine.java:119)
	at com.kms.katalon.core.main.TestCaseExecutor.runScript(TestCaseExecutor.java:336)
	at com.kms.katalon.core.main.TestCaseExecutor.doExecute(TestCaseExecutor.java:327)
	at com.kms.katalon.core.main.TestCaseExecutor.processExecutionPhase(TestCaseExecutor.java:306)
	at com.kms.katalon.core.main.TestCaseExecutor.accessMainPhase(TestCaseExecutor.java:298)
	at com.kms.katalon.core.main.TestCaseExecutor.execute(TestCaseExecutor.java:232)
	at com.kms.katalon.core.main.TestSuiteExecutor.accessTestCaseMainPhase(TestSuiteExecutor.java:129)
	at com.kms.katalon.core.main.TestSuiteExecutor.accessTestSuiteMainPhase(TestSuiteExecutor.java:112)
	at com.kms.katalon.core.main.TestSuiteExecutor.execute(TestSuiteExecutor.java:81)
	at com.kms.katalon.core.main.TestCaseMain.startTestSuite(TestCaseMain.java:157)
	at com.kms.katalon.core.main.TestCaseMain$startTestSuite$0.call(Unknown Source)
	at TempTestSuite1555795243480.run(TempTestSuite1555795243480.groovy:35)]]></system-err>
      </testcase>
      <testcase name="Test Cases/Template testcases/TC0843" classname="Test Cases/Template testcases/TC0843" status="ERROR">
         <error type="ERROR" message="Test Cases/Template testcases/TC0843 FAILED.
Reason:
com.kms.katalon.core.exception.StepErrorException: Call Test Case 'Test Cases/Template testcases/TC0842' failed because of error(s)
	at com.kms.katalon.core.keyword.builtin.CallTestCaseKeyword$_callTestCase_closure1.doCall(CallTestCaseKeyword.groovy:66)
	at com.kms.katalon.core.keyword.builtin.CallTestCaseKeyword$_callTestCase_closure1.call(CallTestCaseKeyword.groovy)
	at com.kms.katalon.core.keyword.internal.KeywordMain.runKeyword(KeywordMain.groovy:66)
	at com.kms.katalon.core.keyword.builtin.CallTestCaseKeyword.callTestCase(CallTestCaseKeyword.groovy:81)
	at com.kms.katalon.core.keyword.builtin.CallTestCaseKeyword.execute(CallTestCaseKeyword.groovy:44)
	at com.kms.katalon.core.keyword.internal.KeywordExecutor.executeKeywordForPlatform(KeywordExecutor.groovy:56)
	at com.kms.katalon.core.keyword.BuiltinKeywords.callTestCase(BuiltinKeywords.groovy:334)
	at TC0843.run(TC0843:22)
	at com.kms.katalon.core.main.ScriptEngine.run(ScriptEngine.java:194)
	at com.kms.katalon.core.main.ScriptEngine.runScriptAsRawText(ScriptEngine.java:119)
	at com.kms.katalon.core.main.TestCaseExecutor.runScript(TestCaseExecutor.java:336)
	at com.kms.katalon.core.main.TestCaseExecutor.doExecute(TestCaseExecutor.java:327)
	at com.kms.katalon.core.main.TestCaseExecutor.processExecutionPhase(TestCaseExecutor.java:306)
	at com.kms.katalon.core.main.TestCaseExecutor.accessMainPhase(TestCaseExecutor.java:298)
	at com.kms.katalon.core.main.TestCaseExecutor.execute(TestCaseExecutor.java:232)
	at com.kms.katalon.core.main.TestSuiteExecutor.accessTestCaseMainPhase(TestSuiteExecutor.java:129)
	at com.kms.katalon.core.main.TestSuiteExecutor.accessTestSuiteMainPhase(TestSuiteExecutor.java:112)
	at com.kms.katalon.core.main.TestSuiteExecutor.execute(TestSuiteExecutor.java:81)
	at com.kms.katalon.core.main.TestCaseMain.startTestSuite(TestCaseMain.java:157)
	at com.kms.katalon.core.main.TestCaseMain$startTestSuite$0.call(Unknown Source)
	at TempTestSuite1555795243480.run(TempTestSuite1555795243480.groovy:35)
Caused by: org.openqa.selenium.NoSuchElementException: no such element: Unable to locate element: {&quot;method&quot;:&quot;xpath&quot;,&quot;selector&quot;:&quot;//*[@id=&quot;List1&quot;]/div[1]/div/div[3]/div[2]/div/div[3]/div[1]/center/textarea&quot;}
  (Session info: chrome=73.0.3683.103)
  (Driver info: chromedriver=73.0.3683.68 (47787ec04b6e38e22703e856e101e840b65afe72),platform=Linux 4.15.0-47-generic x86_64) (WARNING: The server did not provide any stacktrace information)
Command duration or timeout: 0 milliseconds
For documentation on this error, please visit: http://seleniumhq.org/exceptions/no_such_element.html
Build info: version: '3.7.1', revision: '8a0099a', time: '2017-11-06T21:07:36.161Z'
System info: host: 'faizan-HP-EliteBook-850-G2', ip: '127.0.1.1', os.name: 'Linux', os.arch: 'amd64', os.version: '4.15.0-47-generic', java.version: '1.8.0_191'
Driver info: com.kms.katalon.selenium.driver.CChromeDriver
Capabilities {acceptInsecureCerts: false, acceptSslCerts: false, applicationCacheEnabled: false, browserConnectionEnabled: false, browserName: chrome, chrome: {chromedriverVersion: 73.0.3683.68 (47787ec04b6e3..., userDataDir: /tmp/.com.google.Chrome.FU0xWS}, cssSelectorsEnabled: true, databaseEnabled: false, goog:chromeOptions: {debuggerAddress: localhost:43539}, handlesAlerts: true, hasTouchScreen: false, javascriptEnabled: true, locationContextEnabled: true, mobileEmulationEnabled: false, nativeEvents: true, networkConnectionEnabled: false, pageLoadStrategy: normal, platform: LINUX, platformName: LINUX, proxy: Proxy(direct), rotatable: false, setWindowRect: true, strictFileInteractability: false, takesHeapSnapshot: true, takesScreenshot: true, timeouts: {implicit: 0, pageLoad: 300000, script: 30000}, unexpectedAlertBehaviour: ignore, unhandledPromptBehavior: ignore, version: 73.0.3683.103, webStorageEnabled: true}
Session ID: f13adca9b43bf4b34e393f07e02ab2e3
*** Element info: {Using=xpath, value=//*[@id=&quot;List1&quot;]/div[1]/div/div[3]/div[2]/div/div[3]/div[1]/center/textarea}
	at org.openqa.selenium.remote.ErrorHandler.createThrowable(ErrorHandler.java:214)
	at org.openqa.selenium.remote.ErrorHandler.throwIfResponseFailed(ErrorHandler.java:166)
	at org.openqa.selenium.remote.http.JsonHttpResponseCodec.reconstructValue(JsonHttpResponseCodec.java:40)
	at org.openqa.selenium.remote.http.AbstractHttpResponseCodec.decode(AbstractHttpResponseCodec.java:80)
	at org.openqa.selenium.remote.http.AbstractHttpResponseCodec.decode(AbstractHttpResponseCodec.java:44)
	at org.openqa.selenium.remote.HttpCommandExecutor.execute(HttpCommandExecutor.java:164)
	at org.openqa.selenium.remote.service.DriverCommandExecutor.execute(DriverCommandExecutor.java:83)
	at org.openqa.selenium.remote.RemoteWebDriver.execute(RemoteWebDriver.java:600)
	at com.kms.katalon.selenium.driver.CChromeDriver.execute(CChromeDriver.java:20)
	at org.openqa.selenium.remote.RemoteWebDriver.findElement(RemoteWebDriver.java:370)
	at org.openqa.selenium.remote.RemoteWebDriver.findElementByXPath(RemoteWebDriver.java:472)
	at org.openqa.selenium.By$ByXPath.findElement(By.java:361)
	at org.openqa.selenium.remote.RemoteWebDriver.findElement(RemoteWebDriver.java:362)
	at org.openqa.selenium.WebDriver$findElement$0.call(Unknown Source)
	at TC0842.run(TC0842:35)
	at com.kms.katalon.core.main.ScriptEngine.run(ScriptEngine.java:194)
	at com.kms.katalon.core.main.ScriptEngine.runScriptAsRawText(ScriptEngine.java:119)
	at com.kms.katalon.core.main.TestCaseExecutor.runScript(TestCaseExecutor.java:336)
	at com.kms.katalon.core.main.TestCaseExecutor.doExecute(TestCaseExecutor.java:327)
	at com.kms.katalon.core.main.TestCaseExecutor.processExecutionPhase(TestCaseExecutor.java:306)
	at com.kms.katalon.core.main.TestCaseExecutor.accessMainPhase(TestCaseExecutor.java:298)
	at com.kms.katalon.core.main.TestCaseExecutor.execute(TestCaseExecutor.java:232)
	at com.kms.katalon.core.main.TestCaseMain.runTestCase(TestCaseMain.java:114)
	at com.kms.katalon.core.keyword.builtin.CallTestCaseKeyword$_callTestCase_closure1.doCall(CallTestCaseKeyword.groovy:59)
	... 20 more
"/>
         <system-out><![CDATA[2019-04-21 02:55:12 - [TEST_CASE][ERROR] - Test Cases/Template testcases/TC0843: Test Cases/Template testcases/TC0843 FAILED.
Reason:
com.kms.katalon.core.exception.StepErrorException: Call Test Case 'Test Cases/Template testcases/TC0842' failed because of error(s)
	at com.kms.katalon.core.keyword.builtin.CallTestCaseKeyword$_callTestCase_closure1.doCall(CallTestCaseKeyword.groovy:66)
	at com.kms.katalon.core.keyword.builtin.CallTestCaseKeyword$_callTestCase_closure1.call(CallTestCaseKeyword.groovy)
	at com.kms.katalon.core.keyword.internal.KeywordMain.runKeyword(KeywordMain.groovy:66)
	at com.kms.katalon.core.keyword.builtin.CallTestCaseKeyword.callTestCase(CallTestCaseKeyword.groovy:81)
	at com.kms.katalon.core.keyword.builtin.CallTestCaseKeyword.execute(CallTestCaseKeyword.groovy:44)
	at com.kms.katalon.core.keyword.internal.KeywordExecutor.executeKeywordForPlatform(KeywordExecutor.groovy:56)
	at com.kms.katalon.core.keyword.BuiltinKeywords.callTestCase(BuiltinKeywords.groovy:334)
	at TC0843.run(TC0843:22)
	at com.kms.katalon.core.main.ScriptEngine.run(ScriptEngine.java:194)
	at com.kms.katalon.core.main.ScriptEngine.runScriptAsRawText(ScriptEngine.java:119)
	at com.kms.katalon.core.main.TestCaseExecutor.runScript(TestCaseExecutor.java:336)
	at com.kms.katalon.core.main.TestCaseExecutor.doExecute(TestCaseExecutor.java:327)
	at com.kms.katalon.core.main.TestCaseExecutor.processExecutionPhase(TestCaseExecutor.java:306)
	at com.kms.katalon.core.main.TestCaseExecutor.accessMainPhase(TestCaseExecutor.java:298)
	at com.kms.katalon.core.main.TestCaseExecutor.execute(TestCaseExecutor.java:232)
	at com.kms.katalon.core.main.TestSuiteExecutor.accessTestCaseMainPhase(TestSuiteExecutor.java:129)
	at com.kms.katalon.core.main.TestSuiteExecutor.accessTestSuiteMainPhase(TestSuiteExecutor.java:112)
	at com.kms.katalon.core.main.TestSuiteExecutor.execute(TestSuiteExecutor.java:81)
	at com.kms.katalon.core.main.TestCaseMain.startTestSuite(TestCaseMain.java:157)
	at com.kms.katalon.core.main.TestCaseMain$startTestSuite$0.call(Unknown Source)
	at TempTestSuite1555795243480.run(TempTestSuite1555795243480.groovy:35)
Caused by: org.openqa.selenium.NoSuchElementException: no such element: Unable to locate element: {"method":"xpath","selector":"//*[@id="List1"]/div[1]/div/div[3]/div[2]/div/div[3]/div[1]/center/textarea"}
  (Session info: chrome=73.0.3683.103)
  (Driver info: chromedriver=73.0.3683.68 (47787ec04b6e38e22703e856e101e840b65afe72),platform=Linux 4.15.0-47-generic x86_64) (WARNING: The server did not provide any stacktrace information)
Command duration or timeout: 0 milliseconds
For documentation on this error, please visit: http://seleniumhq.org/exceptions/no_such_element.html
Build info: version: '3.7.1', revision: '8a0099a', time: '2017-11-06T21:07:36.161Z'
System info: host: 'faizan-HP-EliteBook-850-G2', ip: '127.0.1.1', os.name: 'Linux', os.arch: 'amd64', os.version: '4.15.0-47-generic', java.version: '1.8.0_191'
Driver info: com.kms.katalon.selenium.driver.CChromeDriver
Capabilities {acceptInsecureCerts: false, acceptSslCerts: false, applicationCacheEnabled: false, browserConnectionEnabled: false, browserName: chrome, chrome: {chromedriverVersion: 73.0.3683.68 (47787ec04b6e3..., userDataDir: /tmp/.com.google.Chrome.FU0xWS}, cssSelectorsEnabled: true, databaseEnabled: false, goog:chromeOptions: {debuggerAddress: localhost:43539}, handlesAlerts: true, hasTouchScreen: false, javascriptEnabled: true, locationContextEnabled: true, mobileEmulationEnabled: false, nativeEvents: true, networkConnectionEnabled: false, pageLoadStrategy: normal, platform: LINUX, platformName: LINUX, proxy: Proxy(direct), rotatable: false, setWindowRect: true, strictFileInteractability: false, takesHeapSnapshot: true, takesScreenshot: true, timeouts: {implicit: 0, pageLoad: 300000, script: 30000}, unexpectedAlertBehaviour: ignore, unhandledPromptBehavior: ignore, version: 73.0.3683.103, webStorageEnabled: true}
Session ID: f13adca9b43bf4b34e393f07e02ab2e3
*** Element info: {Using=xpath, value=//*[@id="List1"]/div[1]/div/div[3]/div[2]/div/div[3]/div[1]/center/textarea}
	at org.openqa.selenium.remote.ErrorHandler.createThrowable(ErrorHandler.java:214)
	at org.openqa.selenium.remote.ErrorHandler.throwIfResponseFailed(ErrorHandler.java:166)
	at org.openqa.selenium.remote.http.JsonHttpResponseCodec.reconstructValue(JsonHttpResponseCodec.java:40)
	at org.openqa.selenium.remote.http.AbstractHttpResponseCodec.decode(AbstractHttpResponseCodec.java:80)
	at org.openqa.selenium.remote.http.AbstractHttpResponseCodec.decode(AbstractHttpResponseCodec.java:44)
	at org.openqa.selenium.remote.HttpCommandExecutor.execute(HttpCommandExecutor.java:164)
	at org.openqa.selenium.remote.service.DriverCommandExecutor.execute(DriverCommandExecutor.java:83)
	at org.openqa.selenium.remote.RemoteWebDriver.execute(RemoteWebDriver.java:600)
	at com.kms.katalon.selenium.driver.CChromeDriver.execute(CChromeDriver.java:20)
	at org.openqa.selenium.remote.RemoteWebDriver.findElement(RemoteWebDriver.java:370)
	at org.openqa.selenium.remote.RemoteWebDriver.findElementByXPath(RemoteWebDriver.java:472)
	at org.openqa.selenium.By$ByXPath.findElement(By.java:361)
	at org.openqa.selenium.remote.RemoteWebDriver.findElement(RemoteWebDriver.java:362)
	at org.openqa.selenium.WebDriver$findElement$0.call(Unknown Source)
	at TC0842.run(TC0842:35)
	at com.kms.katalon.core.main.ScriptEngine.run(ScriptEngine.java:194)
	at com.kms.katalon.core.main.ScriptEngine.runScriptAsRawText(ScriptEngine.java:119)
	at com.kms.katalon.core.main.TestCaseExecutor.runScript(TestCaseExecutor.java:336)
	at com.kms.katalon.core.main.TestCaseExecutor.doExecute(TestCaseExecutor.java:327)
	at com.kms.katalon.core.main.TestCaseExecutor.processExecutionPhase(TestCaseExecutor.java:306)
	at com.kms.katalon.core.main.TestCaseExecutor.accessMainPhase(TestCaseExecutor.java:298)
	at com.kms.katalon.core.main.TestCaseExecutor.execute(TestCaseExecutor.java:232)
	at com.kms.katalon.core.main.TestCaseMain.runTestCase(TestCaseMain.java:114)
	at com.kms.katalon.core.keyword.builtin.CallTestCaseKeyword$_callTestCase_closure1.doCall(CallTestCaseKeyword.groovy:59)
	... 20 more


2019-04-21 02:55:12 - [TEST_STEP][FAILED] - callTestCase(findTestCase("Template testcases/TC0842"), [:], STOP_ON_FAILURE): Unable to call Test Case 'Test Cases/Template testcases/TC0842' (Root cause: com.kms.katalon.core.exception.StepErrorException: Call Test Case 'Test Cases/Template testcases/TC0842' failed because of error(s)
	at com.kms.katalon.core.keyword.builtin.CallTestCaseKeyword$_callTestCase_closure1.doCall(CallTestCaseKeyword.groovy:66)
	at com.kms.katalon.core.keyword.builtin.CallTestCaseKeyword$_callTestCase_closure1.call(CallTestCaseKeyword.groovy)
	at com.kms.katalon.core.keyword.internal.KeywordMain.runKeyword(KeywordMain.groovy:66)
	at com.kms.katalon.core.keyword.builtin.CallTestCaseKeyword.callTestCase(CallTestCaseKeyword.groovy:81)
	at com.kms.katalon.core.keyword.builtin.CallTestCaseKeyword.execute(CallTestCaseKeyword.groovy:44)
	at com.kms.katalon.core.keyword.internal.KeywordExecutor.executeKeywordForPlatform(KeywordExecutor.groovy:56)
	at com.kms.katalon.core.keyword.BuiltinKeywords.callTestCase(BuiltinKeywords.groovy:334)
	at TC0843.run(TC0843:22)
	at com.kms.katalon.core.main.ScriptEngine.run(ScriptEngine.java:194)
	at com.kms.katalon.core.main.ScriptEngine.runScriptAsRawText(ScriptEngine.java:119)
	at com.kms.katalon.core.main.TestCaseExecutor.runScript(TestCaseExecutor.java:336)
	at com.kms.katalon.core.main.TestCaseExecutor.doExecute(TestCaseExecutor.java:327)
	at com.kms.katalon.core.main.TestCaseExecutor.processExecutionPhase(TestCaseExecutor.java:306)
	at com.kms.katalon.core.main.TestCaseExecutor.accessMainPhase(TestCaseExecutor.java:298)
	at com.kms.katalon.core.main.TestCaseExecutor.execute(TestCaseExecutor.java:232)
	at com.kms.katalon.core.main.TestSuiteExecutor.accessTestCaseMainPhase(TestSuiteExecutor.java:129)
	at com.kms.katalon.core.main.TestSuiteExecutor.accessTestSuiteMainPhase(TestSuiteExecutor.java:112)
	at com.kms.katalon.core.main.TestSuiteExecutor.execute(TestSuiteExecutor.java:81)
	at com.kms.katalon.core.main.TestCaseMain.startTestSuite(TestCaseMain.java:157)
	at com.kms.katalon.core.main.TestCaseMain$startTestSuite$0.call(Unknown Source)
	at TempTestSuite1555795243480.run(TempTestSuite1555795243480.groovy:35)
Caused by: org.openqa.selenium.NoSuchElementException: no such element: Unable to locate element: {"method":"xpath","selector":"//*[@id="List1"]/div[1]/div/div[3]/div[2]/div/div[3]/div[1]/center/textarea"}
  (Session info: chrome=73.0.3683.103)
  (Driver info: chromedriver=73.0.3683.68 (47787ec04b6e38e22703e856e101e840b65afe72),platform=Linux 4.15.0-47-generic x86_64) (WARNING: The server did not provide any stacktrace information)
Command duration or timeout: 0 milliseconds
For documentation on this error, please visit: http://seleniumhq.org/exceptions/no_such_element.html
Build info: version: '3.7.1', revision: '8a0099a', time: '2017-11-06T21:07:36.161Z'
System info: host: 'faizan-HP-EliteBook-850-G2', ip: '127.0.1.1', os.name: 'Linux', os.arch: 'amd64', os.version: '4.15.0-47-generic', java.version: '1.8.0_191'
Driver info: com.kms.katalon.selenium.driver.CChromeDriver
Capabilities {acceptInsecureCerts: false, acceptSslCerts: false, applicationCacheEnabled: false, browserConnectionEnabled: false, browserName: chrome, chrome: {chromedriverVersion: 73.0.3683.68 (47787ec04b6e3..., userDataDir: /tmp/.com.google.Chrome.FU0xWS}, cssSelectorsEnabled: true, databaseEnabled: false, goog:chromeOptions: {debuggerAddress: localhost:43539}, handlesAlerts: true, hasTouchScreen: false, javascriptEnabled: true, locationContextEnabled: true, mobileEmulationEnabled: false, nativeEvents: true, networkConnectionEnabled: false, pageLoadStrategy: normal, platform: LINUX, platformName: LINUX, proxy: Proxy(direct), rotatable: false, setWindowRect: true, strictFileInteractability: false, takesHeapSnapshot: true, takesScreenshot: true, timeouts: {implicit: 0, pageLoad: 300000, script: 30000}, unexpectedAlertBehaviour: ignore, unhandledPromptBehavior: ignore, version: 73.0.3683.103, webStorageEnabled: true}
Session ID: f13adca9b43bf4b34e393f07e02ab2e3
*** Element info: {Using=xpath, value=//*[@id="List1"]/div[1]/div/div[3]/div[2]/div/div[3]/div[1]/center/textarea}
	at org.openqa.selenium.remote.ErrorHandler.createThrowable(ErrorHandler.java:214)
	at org.openqa.selenium.remote.ErrorHandler.throwIfResponseFailed(ErrorHandler.java:166)
	at org.openqa.selenium.remote.http.JsonHttpResponseCodec.reconstructValue(JsonHttpResponseCodec.java:40)
	at org.openqa.selenium.remote.http.AbstractHttpResponseCodec.decode(AbstractHttpResponseCodec.java:80)
	at org.openqa.selenium.remote.http.AbstractHttpResponseCodec.decode(AbstractHttpResponseCodec.java:44)
	at org.openqa.selenium.remote.HttpCommandExecutor.execute(HttpCommandExecutor.java:164)
	at org.openqa.selenium.remote.service.DriverCommandExecutor.execute(DriverCommandExecutor.java:83)
	at org.openqa.selenium.remote.RemoteWebDriver.execute(RemoteWebDriver.java:600)
	at com.kms.katalon.selenium.driver.CChromeDriver.execute(CChromeDriver.java:20)
	at org.openqa.selenium.remote.RemoteWebDriver.findElement(RemoteWebDriver.java:370)
	at org.openqa.selenium.remote.RemoteWebDriver.findElementByXPath(RemoteWebDriver.java:472)
	at org.openqa.selenium.By$ByXPath.findElement(By.java:361)
	at org.openqa.selenium.remote.RemoteWebDriver.findElement(RemoteWebDriver.java:362)
	at org.openqa.selenium.WebDriver$findElement$0.call(Unknown Source)
	at TC0842.run(TC0842:35)
	at com.kms.katalon.core.main.ScriptEngine.run(ScriptEngine.java:194)
	at com.kms.katalon.core.main.ScriptEngine.runScriptAsRawText(ScriptEngine.java:119)
	at com.kms.katalon.core.main.TestCaseExecutor.runScript(TestCaseExecutor.java:336)
	at com.kms.katalon.core.main.TestCaseExecutor.doExecute(TestCaseExecutor.java:327)
	at com.kms.katalon.core.main.TestCaseExecutor.processExecutionPhase(TestCaseExecutor.java:306)
	at com.kms.katalon.core.main.TestCaseExecutor.accessMainPhase(TestCaseExecutor.java:298)
	at com.kms.katalon.core.main.TestCaseExecutor.execute(TestCaseExecutor.java:232)
	at com.kms.katalon.core.main.TestCaseMain.runTestCase(TestCaseMain.java:114)
	at com.kms.katalon.core.keyword.builtin.CallTestCaseKeyword$_callTestCase_closure1.doCall(CallTestCaseKeyword.groovy:59)
	... 20 more
)

2019-04-21 02:55:12 - [TEST_CASE][ERROR] - Test Cases/Template testcases/TC0842: Test Cases/Template testcases/TC0842 FAILED.
Reason:
org.openqa.selenium.NoSuchElementException: no such element: Unable to locate element: {"method":"xpath","selector":"//*[@id="List1"]/div[1]/div/div[3]/div[2]/div/div[3]/div[1]/center/textarea"}
  (Session info: chrome=73.0.3683.103)
  (Driver info: chromedriver=73.0.3683.68 (47787ec04b6e38e22703e856e101e840b65afe72),platform=Linux 4.15.0-47-generic x86_64) (WARNING: The server did not provide any stacktrace information)
Command duration or timeout: 0 milliseconds
For documentation on this error, please visit: http://seleniumhq.org/exceptions/no_such_element.html
Build info: version: '3.7.1', revision: '8a0099a', time: '2017-11-06T21:07:36.161Z'
System info: host: 'faizan-HP-EliteBook-850-G2', ip: '127.0.1.1', os.name: 'Linux', os.arch: 'amd64', os.version: '4.15.0-47-generic', java.version: '1.8.0_191'
Driver info: com.kms.katalon.selenium.driver.CChromeDriver
Capabilities {acceptInsecureCerts: false, acceptSslCerts: false, applicationCacheEnabled: false, browserConnectionEnabled: false, browserName: chrome, chrome: {chromedriverVersion: 73.0.3683.68 (47787ec04b6e3..., userDataDir: /tmp/.com.google.Chrome.FU0xWS}, cssSelectorsEnabled: true, databaseEnabled: false, goog:chromeOptions: {debuggerAddress: localhost:43539}, handlesAlerts: true, hasTouchScreen: false, javascriptEnabled: true, locationContextEnabled: true, mobileEmulationEnabled: false, nativeEvents: true, networkConnectionEnabled: false, pageLoadStrategy: normal, platform: LINUX, platformName: LINUX, proxy: Proxy(direct), rotatable: false, setWindowRect: true, strictFileInteractability: false, takesHeapSnapshot: true, takesScreenshot: true, timeouts: {implicit: 0, pageLoad: 300000, script: 30000}, unexpectedAlertBehaviour: ignore, unhandledPromptBehavior: ignore, version: 73.0.3683.103, webStorageEnabled: true}
Session ID: f13adca9b43bf4b34e393f07e02ab2e3
*** Element info: {Using=xpath, value=//*[@id="List1"]/div[1]/div/div[3]/div[2]/div/div[3]/div[1]/center/textarea}
	at org.openqa.selenium.remote.ErrorHandler.createThrowable(ErrorHandler.java:214)
	at org.openqa.selenium.remote.ErrorHandler.throwIfResponseFailed(ErrorHandler.java:166)
	at org.openqa.selenium.remote.http.JsonHttpResponseCodec.reconstructValue(JsonHttpResponseCodec.java:40)
	at org.openqa.selenium.remote.http.AbstractHttpResponseCodec.decode(AbstractHttpResponseCodec.java:80)
	at org.openqa.selenium.remote.http.AbstractHttpResponseCodec.decode(AbstractHttpResponseCodec.java:44)
	at org.openqa.selenium.remote.HttpCommandExecutor.execute(HttpCommandExecutor.java:164)
	at org.openqa.selenium.remote.service.DriverCommandExecutor.execute(DriverCommandExecutor.java:83)
	at org.openqa.selenium.remote.RemoteWebDriver.execute(RemoteWebDriver.java:600)
	at com.kms.katalon.selenium.driver.CChromeDriver.execute(CChromeDriver.java:20)
	at org.openqa.selenium.remote.RemoteWebDriver.findElement(RemoteWebDriver.java:370)
	at org.openqa.selenium.remote.RemoteWebDriver.findElementByXPath(RemoteWebDriver.java:472)
	at org.openqa.selenium.By$ByXPath.findElement(By.java:361)
	at org.openqa.selenium.remote.RemoteWebDriver.findElement(RemoteWebDriver.java:362)
	at org.openqa.selenium.WebDriver$findElement$0.call(Unknown Source)
	at TC0842.run(TC0842:35)
	at com.kms.katalon.core.main.ScriptEngine.run(ScriptEngine.java:194)
	at com.kms.katalon.core.main.ScriptEngine.runScriptAsRawText(ScriptEngine.java:119)
	at com.kms.katalon.core.main.TestCaseExecutor.runScript(TestCaseExecutor.java:336)
	at com.kms.katalon.core.main.TestCaseExecutor.doExecute(TestCaseExecutor.java:327)
	at com.kms.katalon.core.main.TestCaseExecutor.processExecutionPhase(TestCaseExecutor.java:306)
	at com.kms.katalon.core.main.TestCaseExecutor.accessMainPhase(TestCaseExecutor.java:298)
	at com.kms.katalon.core.main.TestCaseExecutor.execute(TestCaseExecutor.java:232)
	at com.kms.katalon.core.main.TestCaseMain.runTestCase(TestCaseMain.java:114)
	at com.kms.katalon.core.keyword.builtin.CallTestCaseKeyword$_callTestCase_closure1.doCall(CallTestCaseKeyword.groovy:59)
	at com.kms.katalon.core.keyword.builtin.CallTestCaseKeyword$_callTestCase_closure1.call(CallTestCaseKeyword.groovy)
	at com.kms.katalon.core.keyword.internal.KeywordMain.runKeyword(KeywordMain.groovy:66)
	at com.kms.katalon.core.keyword.builtin.CallTestCaseKeyword.callTestCase(CallTestCaseKeyword.groovy:81)
	at com.kms.katalon.core.keyword.builtin.CallTestCaseKeyword.execute(CallTestCaseKeyword.groovy:44)
	at com.kms.katalon.core.keyword.internal.KeywordExecutor.executeKeywordForPlatform(KeywordExecutor.groovy:56)
	at com.kms.katalon.core.keyword.BuiltinKeywords.callTestCase(BuiltinKeywords.groovy:334)
	at TC0843.run(TC0843:22)
	at com.kms.katalon.core.main.ScriptEngine.run(ScriptEngine.java:194)
	at com.kms.katalon.core.main.ScriptEngine.runScriptAsRawText(ScriptEngine.java:119)
	at com.kms.katalon.core.main.TestCaseExecutor.runScript(TestCaseExecutor.java:336)
	at com.kms.katalon.core.main.TestCaseExecutor.doExecute(TestCaseExecutor.java:327)
	at com.kms.katalon.core.main.TestCaseExecutor.processExecutionPhase(TestCaseExecutor.java:306)
	at com.kms.katalon.core.main.TestCaseExecutor.accessMainPhase(TestCaseExecutor.java:298)
	at com.kms.katalon.core.main.TestCaseExecutor.execute(TestCaseExecutor.java:232)
	at com.kms.katalon.core.main.TestSuiteExecutor.accessTestCaseMainPhase(TestSuiteExecutor.java:129)
	at com.kms.katalon.core.main.TestSuiteExecutor.accessTestSuiteMainPhase(TestSuiteExecutor.java:112)
	at com.kms.katalon.core.main.TestSuiteExecutor.execute(TestSuiteExecutor.java:81)
	at com.kms.katalon.core.main.TestCaseMain.startTestSuite(TestCaseMain.java:157)
	at com.kms.katalon.core.main.TestCaseMain$startTestSuite$0.call(Unknown Source)
	at TempTestSuite1555795243480.run(TempTestSuite1555795243480.groovy:35)


2019-04-21 02:55:12 - [TEST_STEP][PASSED] - callTestCase(findTestCase("Template testcases/TC0834"), [:], STOP_ON_FAILURE): Call Test Case 'Test Cases/Template testcases/TC0834' successfully

2019-04-21 02:55:12 - [TEST_CASE][PASSED] - Test Cases/Template testcases/TC0834: Test Cases/Template testcases/TC0834

2019-04-21 02:55:12 - [TEST_STEP][PASSED] - callTestCase(findTestCase("Template testcases/TC0768"), [:], STOP_ON_FAILURE): Call Test Case 'Test Cases/Template testcases/TC0768' successfully

2019-04-21 02:55:12 - [TEST_CASE][PASSED] - Test Cases/Template testcases/TC0768: Test Cases/Template testcases/TC0768

2019-04-21 02:55:12 - [TEST_STEP][PASSED] - callTestCase(findTestCase("s-sidebar_navigation/individualAccount/Template"), [:], STOP_ON_FAILURE): Call Test Case 'Test Cases/s-sidebar_navigation/individualAccount/Template' successfully

2019-04-21 02:55:12 - [TEST_CASE][PASSED] - Test Cases/s-sidebar_navigation/individualAccount/Template: Test Cases/s-sidebar_navigation/individualAccount/Template

2019-04-21 02:55:12 - [TEST_STEP][PASSED] - click(findTestObject("Page_KiboPush  Dashboard/span_Broadcasts")): Object: 'Object Repository/Page_KiboPush  Dashboard/span_Broadcasts' is clicked on

2019-04-21 02:55:12 - [MESSAGE][PASSED] - Object: 'Object Repository/Page_KiboPush  Dashboard/span_Broadcasts' is clicked on

2019-04-21 02:55:12 - [TEST_STEP][PASSED] - delay(1): Delayed 1 second(s)

2019-04-21 02:55:13 - [MESSAGE][PASSED] - Delayed 1 second(s)

2019-04-21 02:55:13 - [TEST_STEP][PASSED] - click(findTestObject("Page_KiboPush  Dashboard/span_Templates")): Object: 'Object Repository/Page_KiboPush  Dashboard/span_Templates' is clicked on

2019-04-21 02:55:14 - [MESSAGE][PASSED] - Object: 'Object Repository/Page_KiboPush  Dashboard/span_Templates' is clicked on

2019-04-21 02:55:14 - [TEST_STEP][PASSED] - delay(3): Delayed 3 second(s)

2019-04-21 02:55:17 - [MESSAGE][PASSED] - Delayed 3 second(s)

2019-04-21 02:55:17 - [TEST_STEP][PASSED] - scrollToPosition(0, 0): Browser is scrolled to position x = 0, y = 0

2019-04-21 02:55:17 - [MESSAGE][PASSED] - Browser is scrolled to position x = 0, y = 0

2019-04-21 02:55:17 - [TEST_STEP][PASSED] - click(findTestObject("Object Repository/Page_KiboEngage  Templates/h3_Templates")): Object: 'Object Repository/Page_KiboEngage  Templates/h3_Templates' is clicked on

2019-04-21 02:55:17 - [MESSAGE][PASSED] - Object: 'Object Repository/Page_KiboEngage  Templates/h3_Templates' is clicked on

2019-04-21 02:55:17 - [TEST_STEP][PASSED] - delay(3): Delayed 3 second(s)

2019-04-21 02:55:20 - [MESSAGE][PASSED] - Delayed 3 second(s)

2019-04-21 02:55:20 - [MESSAGE][PASSED] - Call Test Case 'Test Cases/s-sidebar_navigation/individualAccount/Template' successfully

2019-04-21 02:55:20 - [TEST_STEP][PASSED] - click(findTestObject("Object Repository/Page_KiboPush  Dashboard/button_Create New")): Object: 'Object Repository/Page_KiboPush  Dashboard/button_Create New' is clicked on

2019-04-21 02:55:20 - [MESSAGE][PASSED] - Object: 'Object Repository/Page_KiboPush  Dashboard/button_Create New' is clicked on

2019-04-21 02:55:20 - [TEST_STEP][PASSED] - click(findTestObject("Object Repository/Page_KiboPush  Create Broadcast Tem/h3_Create Broadcast Template")): Object: 'Object Repository/Page_KiboPush  Create Broadcast Tem/h3_Create Broadcast Template' is clicked on

2019-04-21 02:55:20 - [MESSAGE][PASSED] - Object: 'Object Repository/Page_KiboPush  Create Broadcast Tem/h3_Create Broadcast Template' is clicked on

2019-04-21 02:55:20 - [MESSAGE][PASSED] - Call Test Case 'Test Cases/Template testcases/TC0768' successfully

2019-04-21 02:55:20 - [TEST_STEP][PASSED] - click(findTestObject("Page_KiboPush  Create Broadcast Tem/h6_List (1)")): Object: 'Object Repository/Page_KiboPush  Create Broadcast Tem/h6_List (1)' is clicked on

2019-04-21 02:55:20 - [MESSAGE][PASSED] - Object: 'Object Repository/Page_KiboPush  Create Broadcast Tem/h6_List (1)' is clicked on

2019-04-21 02:55:20 - [TEST_STEP][PASSED] - click(findTestObject("Object Repository/Page_KiboEngage  Create Broadcast Template/div_New list component added")): Object: 'Object Repository/Page_KiboEngage  Create Broadcast Template/div_New list component added' is clicked on

2019-04-21 02:55:20 - [MESSAGE][PASSED] - Object: 'Object Repository/Page_KiboEngage  Create Broadcast Template/div_New list component added' is clicked on

2019-04-21 02:55:20 - [MESSAGE][PASSED] - Call Test Case 'Test Cases/Template testcases/TC0834' successfully

2019-04-21 02:55:20 - [TEST_STEP][PASSED] - setText(findTestObject("Object Repository/Page_KiboPush  Create Broadcast Tem/input_form-control (4)"), "hello"): Text 'hello' is set on object 'Object Repository/Page_KiboPush  Create Broadcast Tem/input_form-control (4)'

2019-04-21 02:55:21 - [MESSAGE][PASSED] - Text 'hello' is set on object 'Object Repository/Page_KiboPush  Create Broadcast Tem/input_form-control (4)'

2019-04-21 02:55:21 - [TEST_STEP][PASSED] - setText(findTestObject("Object Repository/Page_KiboPush  Create Broadcast Tem/textarea_form-control (3)"), "h"): Text 'h' is set on object 'Object Repository/Page_KiboPush  Create Broadcast Tem/textarea_form-control (3)'

2019-04-21 02:55:21 - [MESSAGE][PASSED] - Text 'h' is set on object 'Object Repository/Page_KiboPush  Create Broadcast Tem/textarea_form-control (3)'

2019-04-21 02:55:21 - [TEST_STEP][PASSED] - driver = getWebDriver(): null

2019-04-21 02:55:21 - [TEST_STEP][PASSED] - subTitle = driver.findElement(By.xpath("//*[@id="List1"]/div[1]/div/div[3]/div[2]/div/div[3]/div[1]/center/textarea")): null

2019-04-21 02:55:21 - [MESSAGE][FAILED] - Unable to call Test Case 'Test Cases/Template testcases/TC0842' (Root cause: com.kms.katalon.core.exception.StepErrorException: Call Test Case 'Test Cases/Template testcases/TC0842' failed because of error(s)
	at com.kms.katalon.core.keyword.builtin.CallTestCaseKeyword$_callTestCase_closure1.doCall(CallTestCaseKeyword.groovy:66)
	at com.kms.katalon.core.keyword.builtin.CallTestCaseKeyword$_callTestCase_closure1.call(CallTestCaseKeyword.groovy)
	at com.kms.katalon.core.keyword.internal.KeywordMain.runKeyword(KeywordMain.groovy:66)
	at com.kms.katalon.core.keyword.builtin.CallTestCaseKeyword.callTestCase(CallTestCaseKeyword.groovy:81)
	at com.kms.katalon.core.keyword.builtin.CallTestCaseKeyword.execute(CallTestCaseKeyword.groovy:44)
	at com.kms.katalon.core.keyword.internal.KeywordExecutor.executeKeywordForPlatform(KeywordExecutor.groovy:56)
	at com.kms.katalon.core.keyword.BuiltinKeywords.callTestCase(BuiltinKeywords.groovy:334)
	at TC0843.run(TC0843:22)
	at com.kms.katalon.core.main.ScriptEngine.run(ScriptEngine.java:194)
	at com.kms.katalon.core.main.ScriptEngine.runScriptAsRawText(ScriptEngine.java:119)
	at com.kms.katalon.core.main.TestCaseExecutor.runScript(TestCaseExecutor.java:336)
	at com.kms.katalon.core.main.TestCaseExecutor.doExecute(TestCaseExecutor.java:327)
	at com.kms.katalon.core.main.TestCaseExecutor.processExecutionPhase(TestCaseExecutor.java:306)
	at com.kms.katalon.core.main.TestCaseExecutor.accessMainPhase(TestCaseExecutor.java:298)
	at com.kms.katalon.core.main.TestCaseExecutor.execute(TestCaseExecutor.java:232)
	at com.kms.katalon.core.main.TestSuiteExecutor.accessTestCaseMainPhase(TestSuiteExecutor.java:129)
	at com.kms.katalon.core.main.TestSuiteExecutor.accessTestSuiteMainPhase(TestSuiteExecutor.java:112)
	at com.kms.katalon.core.main.TestSuiteExecutor.execute(TestSuiteExecutor.java:81)
	at com.kms.katalon.core.main.TestCaseMain.startTestSuite(TestCaseMain.java:157)
	at com.kms.katalon.core.main.TestCaseMain$startTestSuite$0.call(Unknown Source)
	at TempTestSuite1555795243480.run(TempTestSuite1555795243480.groovy:35)
Caused by: org.openqa.selenium.NoSuchElementException: no such element: Unable to locate element: {"method":"xpath","selector":"//*[@id="List1"]/div[1]/div/div[3]/div[2]/div/div[3]/div[1]/center/textarea"}
  (Session info: chrome=73.0.3683.103)
  (Driver info: chromedriver=73.0.3683.68 (47787ec04b6e38e22703e856e101e840b65afe72),platform=Linux 4.15.0-47-generic x86_64) (WARNING: The server did not provide any stacktrace information)
Command duration or timeout: 0 milliseconds
For documentation on this error, please visit: http://seleniumhq.org/exceptions/no_such_element.html
Build info: version: '3.7.1', revision: '8a0099a', time: '2017-11-06T21:07:36.161Z'
System info: host: 'faizan-HP-EliteBook-850-G2', ip: '127.0.1.1', os.name: 'Linux', os.arch: 'amd64', os.version: '4.15.0-47-generic', java.version: '1.8.0_191'
Driver info: com.kms.katalon.selenium.driver.CChromeDriver
Capabilities {acceptInsecureCerts: false, acceptSslCerts: false, applicationCacheEnabled: false, browserConnectionEnabled: false, browserName: chrome, chrome: {chromedriverVersion: 73.0.3683.68 (47787ec04b6e3..., userDataDir: /tmp/.com.google.Chrome.FU0xWS}, cssSelectorsEnabled: true, databaseEnabled: false, goog:chromeOptions: {debuggerAddress: localhost:43539}, handlesAlerts: true, hasTouchScreen: false, javascriptEnabled: true, locationContextEnabled: true, mobileEmulationEnabled: false, nativeEvents: true, networkConnectionEnabled: false, pageLoadStrategy: normal, platform: LINUX, platformName: LINUX, proxy: Proxy(direct), rotatable: false, setWindowRect: true, strictFileInteractability: false, takesHeapSnapshot: true, takesScreenshot: true, timeouts: {implicit: 0, pageLoad: 300000, script: 30000}, unexpectedAlertBehaviour: ignore, unhandledPromptBehavior: ignore, version: 73.0.3683.103, webStorageEnabled: true}
Session ID: f13adca9b43bf4b34e393f07e02ab2e3
*** Element info: {Using=xpath, value=//*[@id="List1"]/div[1]/div/div[3]/div[2]/div/div[3]/div[1]/center/textarea}
	at org.openqa.selenium.remote.ErrorHandler.createThrowable(ErrorHandler.java:214)
	at org.openqa.selenium.remote.ErrorHandler.throwIfResponseFailed(ErrorHandler.java:166)
	at org.openqa.selenium.remote.http.JsonHttpResponseCodec.reconstructValue(JsonHttpResponseCodec.java:40)
	at org.openqa.selenium.remote.http.AbstractHttpResponseCodec.decode(AbstractHttpResponseCodec.java:80)
	at org.openqa.selenium.remote.http.AbstractHttpResponseCodec.decode(AbstractHttpResponseCodec.java:44)
	at org.openqa.selenium.remote.HttpCommandExecutor.execute(HttpCommandExecutor.java:164)
	at org.openqa.selenium.remote.service.DriverCommandExecutor.execute(DriverCommandExecutor.java:83)
	at org.openqa.selenium.remote.RemoteWebDriver.execute(RemoteWebDriver.java:600)
	at com.kms.katalon.selenium.driver.CChromeDriver.execute(CChromeDriver.java:20)
	at org.openqa.selenium.remote.RemoteWebDriver.findElement(RemoteWebDriver.java:370)
	at org.openqa.selenium.remote.RemoteWebDriver.findElementByXPath(RemoteWebDriver.java:472)
	at org.openqa.selenium.By$ByXPath.findElement(By.java:361)
	at org.openqa.selenium.remote.RemoteWebDriver.findElement(RemoteWebDriver.java:362)
	at org.openqa.selenium.WebDriver$findElement$0.call(Unknown Source)
	at TC0842.run(TC0842:35)
	at com.kms.katalon.core.main.ScriptEngine.run(ScriptEngine.java:194)
	at com.kms.katalon.core.main.ScriptEngine.runScriptAsRawText(ScriptEngine.java:119)
	at com.kms.katalon.core.main.TestCaseExecutor.runScript(TestCaseExecutor.java:336)
	at com.kms.katalon.core.main.TestCaseExecutor.doExecute(TestCaseExecutor.java:327)
	at com.kms.katalon.core.main.TestCaseExecutor.processExecutionPhase(TestCaseExecutor.java:306)
	at com.kms.katalon.core.main.TestCaseExecutor.accessMainPhase(TestCaseExecutor.java:298)
	at com.kms.katalon.core.main.TestCaseExecutor.execute(TestCaseExecutor.java:232)
	at com.kms.katalon.core.main.TestCaseMain.runTestCase(TestCaseMain.java:114)
	at com.kms.katalon.core.keyword.builtin.CallTestCaseKeyword$_callTestCase_closure1.doCall(CallTestCaseKeyword.groovy:59)
	... 20 more
)]]></system-out>
         <system-err><![CDATA[2019-04-21 02:55:12 - [TEST_CASE][ERROR] - Test Cases/Template testcases/TC0843: Test Cases/Template testcases/TC0843 FAILED.
Reason:
com.kms.katalon.core.exception.StepErrorException: Call Test Case 'Test Cases/Template testcases/TC0842' failed because of error(s)
	at com.kms.katalon.core.keyword.builtin.CallTestCaseKeyword$_callTestCase_closure1.doCall(CallTestCaseKeyword.groovy:66)
	at com.kms.katalon.core.keyword.builtin.CallTestCaseKeyword$_callTestCase_closure1.call(CallTestCaseKeyword.groovy)
	at com.kms.katalon.core.keyword.internal.KeywordMain.runKeyword(KeywordMain.groovy:66)
	at com.kms.katalon.core.keyword.builtin.CallTestCaseKeyword.callTestCase(CallTestCaseKeyword.groovy:81)
	at com.kms.katalon.core.keyword.builtin.CallTestCaseKeyword.execute(CallTestCaseKeyword.groovy:44)
	at com.kms.katalon.core.keyword.internal.KeywordExecutor.executeKeywordForPlatform(KeywordExecutor.groovy:56)
	at com.kms.katalon.core.keyword.BuiltinKeywords.callTestCase(BuiltinKeywords.groovy:334)
	at TC0843.run(TC0843:22)
	at com.kms.katalon.core.main.ScriptEngine.run(ScriptEngine.java:194)
	at com.kms.katalon.core.main.ScriptEngine.runScriptAsRawText(ScriptEngine.java:119)
	at com.kms.katalon.core.main.TestCaseExecutor.runScript(TestCaseExecutor.java:336)
	at com.kms.katalon.core.main.TestCaseExecutor.doExecute(TestCaseExecutor.java:327)
	at com.kms.katalon.core.main.TestCaseExecutor.processExecutionPhase(TestCaseExecutor.java:306)
	at com.kms.katalon.core.main.TestCaseExecutor.accessMainPhase(TestCaseExecutor.java:298)
	at com.kms.katalon.core.main.TestCaseExecutor.execute(TestCaseExecutor.java:232)
	at com.kms.katalon.core.main.TestSuiteExecutor.accessTestCaseMainPhase(TestSuiteExecutor.java:129)
	at com.kms.katalon.core.main.TestSuiteExecutor.accessTestSuiteMainPhase(TestSuiteExecutor.java:112)
	at com.kms.katalon.core.main.TestSuiteExecutor.execute(TestSuiteExecutor.java:81)
	at com.kms.katalon.core.main.TestCaseMain.startTestSuite(TestCaseMain.java:157)
	at com.kms.katalon.core.main.TestCaseMain$startTestSuite$0.call(Unknown Source)
	at TempTestSuite1555795243480.run(TempTestSuite1555795243480.groovy:35)
Caused by: org.openqa.selenium.NoSuchElementException: no such element: Unable to locate element: {"method":"xpath","selector":"//*[@id="List1"]/div[1]/div/div[3]/div[2]/div/div[3]/div[1]/center/textarea"}
  (Session info: chrome=73.0.3683.103)
  (Driver info: chromedriver=73.0.3683.68 (47787ec04b6e38e22703e856e101e840b65afe72),platform=Linux 4.15.0-47-generic x86_64) (WARNING: The server did not provide any stacktrace information)
Command duration or timeout: 0 milliseconds
For documentation on this error, please visit: http://seleniumhq.org/exceptions/no_such_element.html
Build info: version: '3.7.1', revision: '8a0099a', time: '2017-11-06T21:07:36.161Z'
System info: host: 'faizan-HP-EliteBook-850-G2', ip: '127.0.1.1', os.name: 'Linux', os.arch: 'amd64', os.version: '4.15.0-47-generic', java.version: '1.8.0_191'
Driver info: com.kms.katalon.selenium.driver.CChromeDriver
Capabilities {acceptInsecureCerts: false, acceptSslCerts: false, applicationCacheEnabled: false, browserConnectionEnabled: false, browserName: chrome, chrome: {chromedriverVersion: 73.0.3683.68 (47787ec04b6e3..., userDataDir: /tmp/.com.google.Chrome.FU0xWS}, cssSelectorsEnabled: true, databaseEnabled: false, goog:chromeOptions: {debuggerAddress: localhost:43539}, handlesAlerts: true, hasTouchScreen: false, javascriptEnabled: true, locationContextEnabled: true, mobileEmulationEnabled: false, nativeEvents: true, networkConnectionEnabled: false, pageLoadStrategy: normal, platform: LINUX, platformName: LINUX, proxy: Proxy(direct), rotatable: false, setWindowRect: true, strictFileInteractability: false, takesHeapSnapshot: true, takesScreenshot: true, timeouts: {implicit: 0, pageLoad: 300000, script: 30000}, unexpectedAlertBehaviour: ignore, unhandledPromptBehavior: ignore, version: 73.0.3683.103, webStorageEnabled: true}
Session ID: f13adca9b43bf4b34e393f07e02ab2e3
*** Element info: {Using=xpath, value=//*[@id="List1"]/div[1]/div/div[3]/div[2]/div/div[3]/div[1]/center/textarea}
	at org.openqa.selenium.remote.ErrorHandler.createThrowable(ErrorHandler.java:214)
	at org.openqa.selenium.remote.ErrorHandler.throwIfResponseFailed(ErrorHandler.java:166)
	at org.openqa.selenium.remote.http.JsonHttpResponseCodec.reconstructValue(JsonHttpResponseCodec.java:40)
	at org.openqa.selenium.remote.http.AbstractHttpResponseCodec.decode(AbstractHttpResponseCodec.java:80)
	at org.openqa.selenium.remote.http.AbstractHttpResponseCodec.decode(AbstractHttpResponseCodec.java:44)
	at org.openqa.selenium.remote.HttpCommandExecutor.execute(HttpCommandExecutor.java:164)
	at org.openqa.selenium.remote.service.DriverCommandExecutor.execute(DriverCommandExecutor.java:83)
	at org.openqa.selenium.remote.RemoteWebDriver.execute(RemoteWebDriver.java:600)
	at com.kms.katalon.selenium.driver.CChromeDriver.execute(CChromeDriver.java:20)
	at org.openqa.selenium.remote.RemoteWebDriver.findElement(RemoteWebDriver.java:370)
	at org.openqa.selenium.remote.RemoteWebDriver.findElementByXPath(RemoteWebDriver.java:472)
	at org.openqa.selenium.By$ByXPath.findElement(By.java:361)
	at org.openqa.selenium.remote.RemoteWebDriver.findElement(RemoteWebDriver.java:362)
	at org.openqa.selenium.WebDriver$findElement$0.call(Unknown Source)
	at TC0842.run(TC0842:35)
	at com.kms.katalon.core.main.ScriptEngine.run(ScriptEngine.java:194)
	at com.kms.katalon.core.main.ScriptEngine.runScriptAsRawText(ScriptEngine.java:119)
	at com.kms.katalon.core.main.TestCaseExecutor.runScript(TestCaseExecutor.java:336)
	at com.kms.katalon.core.main.TestCaseExecutor.doExecute(TestCaseExecutor.java:327)
	at com.kms.katalon.core.main.TestCaseExecutor.processExecutionPhase(TestCaseExecutor.java:306)
	at com.kms.katalon.core.main.TestCaseExecutor.accessMainPhase(TestCaseExecutor.java:298)
	at com.kms.katalon.core.main.TestCaseExecutor.execute(TestCaseExecutor.java:232)
	at com.kms.katalon.core.main.TestCaseMain.runTestCase(TestCaseMain.java:114)
	at com.kms.katalon.core.keyword.builtin.CallTestCaseKeyword$_callTestCase_closure1.doCall(CallTestCaseKeyword.groovy:59)
	... 20 more]]></system-err>
      </testcase>
      <testcase name="Test Cases/Template testcases/TC0844" classname="Test Cases/Template testcases/TC0844" status="PASSED">
         <system-out><![CDATA[2019-04-21 02:55:21 - [TEST_CASE][PASSED] - Test Cases/Template testcases/TC0844: Test Cases/Template testcases/TC0844

2019-04-21 02:55:21 - [TEST_STEP][PASSED] - callTestCase(findTestCase("Template testcases/TC0834"), [:], STOP_ON_FAILURE): Call Test Case 'Test Cases/Template testcases/TC0834' successfully

2019-04-21 02:55:21 - [TEST_CASE][PASSED] - Test Cases/Template testcases/TC0834: Test Cases/Template testcases/TC0834

2019-04-21 02:55:21 - [TEST_STEP][PASSED] - callTestCase(findTestCase("Template testcases/TC0768"), [:], STOP_ON_FAILURE): Call Test Case 'Test Cases/Template testcases/TC0768' successfully

2019-04-21 02:55:22 - [TEST_CASE][PASSED] - Test Cases/Template testcases/TC0768: Test Cases/Template testcases/TC0768

2019-04-21 02:55:22 - [TEST_STEP][PASSED] - callTestCase(findTestCase("s-sidebar_navigation/individualAccount/Template"), [:], STOP_ON_FAILURE): Call Test Case 'Test Cases/s-sidebar_navigation/individualAccount/Template' successfully

2019-04-21 02:55:22 - [TEST_CASE][PASSED] - Test Cases/s-sidebar_navigation/individualAccount/Template: Test Cases/s-sidebar_navigation/individualAccount/Template

2019-04-21 02:55:22 - [TEST_STEP][PASSED] - click(findTestObject("Page_KiboPush  Dashboard/span_Broadcasts")): Object: 'Object Repository/Page_KiboPush  Dashboard/span_Broadcasts' is clicked on

2019-04-21 02:55:22 - [MESSAGE][PASSED] - Object: 'Object Repository/Page_KiboPush  Dashboard/span_Broadcasts' is clicked on

2019-04-21 02:55:22 - [TEST_STEP][PASSED] - delay(1): Delayed 1 second(s)

2019-04-21 02:55:23 - [MESSAGE][PASSED] - Delayed 1 second(s)

2019-04-21 02:55:23 - [TEST_STEP][PASSED] - click(findTestObject("Page_KiboPush  Dashboard/span_Templates")): Object: 'Object Repository/Page_KiboPush  Dashboard/span_Templates' is clicked on

2019-04-21 02:55:23 - [MESSAGE][PASSED] - Object: 'Object Repository/Page_KiboPush  Dashboard/span_Templates' is clicked on

2019-04-21 02:55:23 - [TEST_STEP][PASSED] - delay(3): Delayed 3 second(s)

2019-04-21 02:55:26 - [MESSAGE][PASSED] - Delayed 3 second(s)

2019-04-21 02:55:26 - [TEST_STEP][PASSED] - scrollToPosition(0, 0): Browser is scrolled to position x = 0, y = 0

2019-04-21 02:55:26 - [MESSAGE][PASSED] - Browser is scrolled to position x = 0, y = 0

2019-04-21 02:55:26 - [TEST_STEP][PASSED] - click(findTestObject("Object Repository/Page_KiboEngage  Templates/h3_Templates")): Object: 'Object Repository/Page_KiboEngage  Templates/h3_Templates' is clicked on

2019-04-21 02:55:26 - [MESSAGE][PASSED] - Object: 'Object Repository/Page_KiboEngage  Templates/h3_Templates' is clicked on

2019-04-21 02:55:26 - [TEST_STEP][PASSED] - delay(3): Delayed 3 second(s)

2019-04-21 02:55:29 - [MESSAGE][PASSED] - Delayed 3 second(s)

2019-04-21 02:55:29 - [MESSAGE][PASSED] - Call Test Case 'Test Cases/s-sidebar_navigation/individualAccount/Template' successfully

2019-04-21 02:55:29 - [TEST_STEP][PASSED] - click(findTestObject("Object Repository/Page_KiboPush  Dashboard/button_Create New")): Object: 'Object Repository/Page_KiboPush  Dashboard/button_Create New' is clicked on

2019-04-21 02:55:29 - [MESSAGE][PASSED] - Object: 'Object Repository/Page_KiboPush  Dashboard/button_Create New' is clicked on

2019-04-21 02:55:29 - [TEST_STEP][PASSED] - click(findTestObject("Object Repository/Page_KiboPush  Create Broadcast Tem/h3_Create Broadcast Template")): Object: 'Object Repository/Page_KiboPush  Create Broadcast Tem/h3_Create Broadcast Template' is clicked on

2019-04-21 02:55:29 - [MESSAGE][PASSED] - Object: 'Object Repository/Page_KiboPush  Create Broadcast Tem/h3_Create Broadcast Template' is clicked on

2019-04-21 02:55:29 - [MESSAGE][PASSED] - Call Test Case 'Test Cases/Template testcases/TC0768' successfully

2019-04-21 02:55:29 - [TEST_STEP][PASSED] - click(findTestObject("Page_KiboPush  Create Broadcast Tem/h6_List (1)")): Object: 'Object Repository/Page_KiboPush  Create Broadcast Tem/h6_List (1)' is clicked on

2019-04-21 02:55:30 - [MESSAGE][PASSED] - Object: 'Object Repository/Page_KiboPush  Create Broadcast Tem/h6_List (1)' is clicked on

2019-04-21 02:55:30 - [TEST_STEP][PASSED] - click(findTestObject("Object Repository/Page_KiboEngage  Create Broadcast Template/div_New list component added")): Object: 'Object Repository/Page_KiboEngage  Create Broadcast Template/div_New list component added' is clicked on

2019-04-21 02:55:30 - [MESSAGE][PASSED] - Object: 'Object Repository/Page_KiboEngage  Create Broadcast Template/div_New list component added' is clicked on

2019-04-21 02:55:30 - [MESSAGE][PASSED] - Call Test Case 'Test Cases/Template testcases/TC0834' successfully]]></system-out>
         <system-err><![CDATA[]]></system-err>
      </testcase>
      <testcase name="Test Cases/Template testcases/TC0845" classname="Test Cases/Template testcases/TC0845" status="FAILED">
         <failure type="FAILED" message="Test Cases/Template testcases/TC0845 FAILED.
Reason:
com.kms.katalon.core.exception.StepFailedException: Unable to click on object 'Object Repository/Page_KiboEngage  Create Broadcast Template/div_ Add Button (2) (1)'
	at com.kms.katalon.core.webui.keyword.internal.WebUIKeywordMain.stepFailed(WebUIKeywordMain.groovy:64)
	at com.kms.katalon.core.webui.keyword.internal.WebUIKeywordMain.runKeyword(WebUIKeywordMain.groovy:26)
	at com.kms.katalon.core.webui.keyword.builtin.ClickKeyword.click(ClickKeyword.groovy:86)
	at com.kms.katalon.core.webui.keyword.builtin.ClickKeyword.execute(ClickKeyword.groovy:67)
	at com.kms.katalon.core.keyword.internal.KeywordExecutor.executeKeywordForPlatform(KeywordExecutor.groovy:56)
	at com.kms.katalon.core.webui.keyword.WebUiBuiltInKeywords.click(WebUiBuiltInKeywords.groovy:616)
	at com.kms.katalon.core.webui.keyword.WebUiBuiltInKeywords$click$2.call(Unknown Source)
	at TC0845.run(TC0845:39)
	at com.kms.katalon.core.main.ScriptEngine.run(ScriptEngine.java:194)
	at com.kms.katalon.core.main.ScriptEngine.runScriptAsRawText(ScriptEngine.java:119)
	at com.kms.katalon.core.main.TestCaseExecutor.runScript(TestCaseExecutor.java:336)
	at com.kms.katalon.core.main.TestCaseExecutor.doExecute(TestCaseExecutor.java:327)
	at com.kms.katalon.core.main.TestCaseExecutor.processExecutionPhase(TestCaseExecutor.java:306)
	at com.kms.katalon.core.main.TestCaseExecutor.accessMainPhase(TestCaseExecutor.java:298)
	at com.kms.katalon.core.main.TestCaseExecutor.execute(TestCaseExecutor.java:232)
	at com.kms.katalon.core.main.TestSuiteExecutor.accessTestCaseMainPhase(TestSuiteExecutor.java:129)
	at com.kms.katalon.core.main.TestSuiteExecutor.accessTestSuiteMainPhase(TestSuiteExecutor.java:112)
	at com.kms.katalon.core.main.TestSuiteExecutor.execute(TestSuiteExecutor.java:81)
	at com.kms.katalon.core.main.TestCaseMain.startTestSuite(TestCaseMain.java:157)
	at com.kms.katalon.core.main.TestCaseMain$startTestSuite$0.call(Unknown Source)
	at TempTestSuite1555795243480.run(TempTestSuite1555795243480.groovy:35)
Caused by: com.kms.katalon.core.webui.exception.WebElementNotFoundException: Web element with id: 'Object Repository/Page_KiboEngage  Create Broadcast Template/div_ Add Button (2) (1)' located by 'By.xpath: id(&quot;List1&quot;)/div[@class=&quot;draggable&quot;]/div[@class=&quot;broadcast-component&quot;]/div[@class=&quot;broadcast-component&quot;]/div[2]/div[@class=&quot;ui-block hoverbordersolid&quot;]/div[@class=&quot;row&quot;]/div[@class=&quot;col-md-6&quot;]/div[@class=&quot;ui-block hoverborder&quot;][count(. | //div[(text() = ' + Add Button ' or . = ' + Add Button ')]) = count(//div[(text() = ' + Add Button ' or . = ' + Add Button ')])]' not found
	at com.kms.katalon.core.webui.common.WebUiCommonHelper.findWebElement(WebUiCommonHelper.java:1097)
	at com.kms.katalon.core.webui.keyword.internal.WebUIAbstractKeyword.findWebElement(WebUIAbstractKeyword.groovy:27)
	at com.kms.katalon.core.webui.keyword.internal.WebUIAbstractKeyword.findWebElement(WebUIAbstractKeyword.groovy:26)
	at com.kms.katalon.core.webui.keyword.builtin.ClickKeyword$_click_closure1.doCall(ClickKeyword.groovy:77)
	at com.kms.katalon.core.webui.keyword.builtin.ClickKeyword$_click_closure1.call(ClickKeyword.groovy)
	at com.kms.katalon.core.webui.keyword.internal.WebUIKeywordMain.runKeyword(WebUIKeywordMain.groovy:20)
	at com.kms.katalon.core.webui.keyword.builtin.ClickKeyword.click(ClickKeyword.groovy:86)
	at com.kms.katalon.core.webui.keyword.builtin.ClickKeyword.execute(ClickKeyword.groovy:67)
	at com.kms.katalon.core.keyword.internal.KeywordExecutor.executeKeywordForPlatform(KeywordExecutor.groovy:56)
	at com.kms.katalon.core.webui.keyword.WebUiBuiltInKeywords.click(WebUiBuiltInKeywords.groovy:616)
	at com.kms.katalon.core.webui.keyword.WebUiBuiltInKeywords$click$2.call(Unknown Source)
	at Script1537100347856.run(Script1537100347856.groovy:39)
	... 13 more
"/>
         <system-out><![CDATA[2019-04-21 02:55:30 - [TEST_CASE][FAILED] - Test Cases/Template testcases/TC0845: Test Cases/Template testcases/TC0845 FAILED.
Reason:
com.kms.katalon.core.exception.StepFailedException: Unable to click on object 'Object Repository/Page_KiboEngage  Create Broadcast Template/div_ Add Button (2) (1)'
	at com.kms.katalon.core.webui.keyword.internal.WebUIKeywordMain.stepFailed(WebUIKeywordMain.groovy:64)
	at com.kms.katalon.core.webui.keyword.internal.WebUIKeywordMain.runKeyword(WebUIKeywordMain.groovy:26)
	at com.kms.katalon.core.webui.keyword.builtin.ClickKeyword.click(ClickKeyword.groovy:86)
	at com.kms.katalon.core.webui.keyword.builtin.ClickKeyword.execute(ClickKeyword.groovy:67)
	at com.kms.katalon.core.keyword.internal.KeywordExecutor.executeKeywordForPlatform(KeywordExecutor.groovy:56)
	at com.kms.katalon.core.webui.keyword.WebUiBuiltInKeywords.click(WebUiBuiltInKeywords.groovy:616)
	at com.kms.katalon.core.webui.keyword.WebUiBuiltInKeywords$click$2.call(Unknown Source)
	at TC0845.run(TC0845:39)
	at com.kms.katalon.core.main.ScriptEngine.run(ScriptEngine.java:194)
	at com.kms.katalon.core.main.ScriptEngine.runScriptAsRawText(ScriptEngine.java:119)
	at com.kms.katalon.core.main.TestCaseExecutor.runScript(TestCaseExecutor.java:336)
	at com.kms.katalon.core.main.TestCaseExecutor.doExecute(TestCaseExecutor.java:327)
	at com.kms.katalon.core.main.TestCaseExecutor.processExecutionPhase(TestCaseExecutor.java:306)
	at com.kms.katalon.core.main.TestCaseExecutor.accessMainPhase(TestCaseExecutor.java:298)
	at com.kms.katalon.core.main.TestCaseExecutor.execute(TestCaseExecutor.java:232)
	at com.kms.katalon.core.main.TestSuiteExecutor.accessTestCaseMainPhase(TestSuiteExecutor.java:129)
	at com.kms.katalon.core.main.TestSuiteExecutor.accessTestSuiteMainPhase(TestSuiteExecutor.java:112)
	at com.kms.katalon.core.main.TestSuiteExecutor.execute(TestSuiteExecutor.java:81)
	at com.kms.katalon.core.main.TestCaseMain.startTestSuite(TestCaseMain.java:157)
	at com.kms.katalon.core.main.TestCaseMain$startTestSuite$0.call(Unknown Source)
	at TempTestSuite1555795243480.run(TempTestSuite1555795243480.groovy:35)
Caused by: com.kms.katalon.core.webui.exception.WebElementNotFoundException: Web element with id: 'Object Repository/Page_KiboEngage  Create Broadcast Template/div_ Add Button (2) (1)' located by 'By.xpath: id("List1")/div[@class="draggable"]/div[@class="broadcast-component"]/div[@class="broadcast-component"]/div[2]/div[@class="ui-block hoverbordersolid"]/div[@class="row"]/div[@class="col-md-6"]/div[@class="ui-block hoverborder"][count(. | //div[(text() = ' + Add Button ' or . = ' + Add Button ')]) = count(//div[(text() = ' + Add Button ' or . = ' + Add Button ')])]' not found
	at com.kms.katalon.core.webui.common.WebUiCommonHelper.findWebElement(WebUiCommonHelper.java:1097)
	at com.kms.katalon.core.webui.keyword.internal.WebUIAbstractKeyword.findWebElement(WebUIAbstractKeyword.groovy:27)
	at com.kms.katalon.core.webui.keyword.internal.WebUIAbstractKeyword.findWebElement(WebUIAbstractKeyword.groovy:26)
	at com.kms.katalon.core.webui.keyword.builtin.ClickKeyword$_click_closure1.doCall(ClickKeyword.groovy:77)
	at com.kms.katalon.core.webui.keyword.builtin.ClickKeyword$_click_closure1.call(ClickKeyword.groovy)
	at com.kms.katalon.core.webui.keyword.internal.WebUIKeywordMain.runKeyword(WebUIKeywordMain.groovy:20)
	at com.kms.katalon.core.webui.keyword.builtin.ClickKeyword.click(ClickKeyword.groovy:86)
	at com.kms.katalon.core.webui.keyword.builtin.ClickKeyword.execute(ClickKeyword.groovy:67)
	at com.kms.katalon.core.keyword.internal.KeywordExecutor.executeKeywordForPlatform(KeywordExecutor.groovy:56)
	at com.kms.katalon.core.webui.keyword.WebUiBuiltInKeywords.click(WebUiBuiltInKeywords.groovy:616)
	at com.kms.katalon.core.webui.keyword.WebUiBuiltInKeywords$click$2.call(Unknown Source)
	at Script1537100347856.run(Script1537100347856.groovy:39)
	... 13 more


2019-04-21 02:55:30 - [TEST_STEP][PASSED] - callTestCase(findTestCase("Template testcases/TC0834"), [:], STOP_ON_FAILURE): Call Test Case 'Test Cases/Template testcases/TC0834' successfully

2019-04-21 02:55:30 - [TEST_CASE][PASSED] - Test Cases/Template testcases/TC0834: Test Cases/Template testcases/TC0834

2019-04-21 02:55:30 - [TEST_STEP][PASSED] - callTestCase(findTestCase("Template testcases/TC0768"), [:], STOP_ON_FAILURE): Call Test Case 'Test Cases/Template testcases/TC0768' successfully

2019-04-21 02:55:30 - [TEST_CASE][PASSED] - Test Cases/Template testcases/TC0768: Test Cases/Template testcases/TC0768

2019-04-21 02:55:30 - [TEST_STEP][PASSED] - callTestCase(findTestCase("s-sidebar_navigation/individualAccount/Template"), [:], STOP_ON_FAILURE): Call Test Case 'Test Cases/s-sidebar_navigation/individualAccount/Template' successfully

2019-04-21 02:55:30 - [TEST_CASE][PASSED] - Test Cases/s-sidebar_navigation/individualAccount/Template: Test Cases/s-sidebar_navigation/individualAccount/Template

2019-04-21 02:55:30 - [TEST_STEP][PASSED] - click(findTestObject("Page_KiboPush  Dashboard/span_Broadcasts")): Object: 'Object Repository/Page_KiboPush  Dashboard/span_Broadcasts' is clicked on

2019-04-21 02:55:31 - [MESSAGE][PASSED] - Object: 'Object Repository/Page_KiboPush  Dashboard/span_Broadcasts' is clicked on

2019-04-21 02:55:31 - [TEST_STEP][PASSED] - delay(1): Delayed 1 second(s)

2019-04-21 02:55:32 - [MESSAGE][PASSED] - Delayed 1 second(s)

2019-04-21 02:55:32 - [TEST_STEP][PASSED] - click(findTestObject("Page_KiboPush  Dashboard/span_Templates")): Object: 'Object Repository/Page_KiboPush  Dashboard/span_Templates' is clicked on

2019-04-21 02:55:32 - [MESSAGE][PASSED] - Object: 'Object Repository/Page_KiboPush  Dashboard/span_Templates' is clicked on

2019-04-21 02:55:32 - [TEST_STEP][PASSED] - delay(3): Delayed 3 second(s)

2019-04-21 02:55:35 - [MESSAGE][PASSED] - Delayed 3 second(s)

2019-04-21 02:55:35 - [TEST_STEP][PASSED] - scrollToPosition(0, 0): Browser is scrolled to position x = 0, y = 0

2019-04-21 02:55:35 - [MESSAGE][PASSED] - Browser is scrolled to position x = 0, y = 0

2019-04-21 02:55:35 - [TEST_STEP][PASSED] - click(findTestObject("Object Repository/Page_KiboEngage  Templates/h3_Templates")): Object: 'Object Repository/Page_KiboEngage  Templates/h3_Templates' is clicked on

2019-04-21 02:55:35 - [MESSAGE][PASSED] - Object: 'Object Repository/Page_KiboEngage  Templates/h3_Templates' is clicked on

2019-04-21 02:55:35 - [TEST_STEP][PASSED] - delay(3): Delayed 3 second(s)

2019-04-21 02:55:38 - [MESSAGE][PASSED] - Delayed 3 second(s)

2019-04-21 02:55:38 - [MESSAGE][PASSED] - Call Test Case 'Test Cases/s-sidebar_navigation/individualAccount/Template' successfully

2019-04-21 02:55:38 - [TEST_STEP][PASSED] - click(findTestObject("Object Repository/Page_KiboPush  Dashboard/button_Create New")): Object: 'Object Repository/Page_KiboPush  Dashboard/button_Create New' is clicked on

2019-04-21 02:55:38 - [MESSAGE][PASSED] - Object: 'Object Repository/Page_KiboPush  Dashboard/button_Create New' is clicked on

2019-04-21 02:55:38 - [TEST_STEP][PASSED] - click(findTestObject("Object Repository/Page_KiboPush  Create Broadcast Tem/h3_Create Broadcast Template")): Object: 'Object Repository/Page_KiboPush  Create Broadcast Tem/h3_Create Broadcast Template' is clicked on

2019-04-21 02:55:38 - [MESSAGE][PASSED] - Object: 'Object Repository/Page_KiboPush  Create Broadcast Tem/h3_Create Broadcast Template' is clicked on

2019-04-21 02:55:38 - [MESSAGE][PASSED] - Call Test Case 'Test Cases/Template testcases/TC0768' successfully

2019-04-21 02:55:38 - [TEST_STEP][PASSED] - click(findTestObject("Page_KiboPush  Create Broadcast Tem/h6_List (1)")): Object: 'Object Repository/Page_KiboPush  Create Broadcast Tem/h6_List (1)' is clicked on

2019-04-21 02:55:39 - [MESSAGE][PASSED] - Object: 'Object Repository/Page_KiboPush  Create Broadcast Tem/h6_List (1)' is clicked on

2019-04-21 02:55:39 - [TEST_STEP][PASSED] - click(findTestObject("Object Repository/Page_KiboEngage  Create Broadcast Template/div_New list component added")): Object: 'Object Repository/Page_KiboEngage  Create Broadcast Template/div_New list component added' is clicked on

2019-04-21 02:55:39 - [MESSAGE][PASSED] - Object: 'Object Repository/Page_KiboEngage  Create Broadcast Template/div_New list component added' is clicked on

2019-04-21 02:55:39 - [MESSAGE][PASSED] - Call Test Case 'Test Cases/Template testcases/TC0834' successfully

2019-04-21 02:55:39 - [TEST_STEP][PASSED] - click(findTestObject("Page_KiboPush  Create Broadcast Tem/h6_ Add Button (9) (1) (1)")): Object: 'Object Repository/Page_KiboPush  Create Broadcast Tem/h6_ Add Button (9) (1) (1)' is clicked on

2019-04-21 02:55:39 - [MESSAGE][PASSED] - Object: 'Object Repository/Page_KiboPush  Create Broadcast Tem/h6_ Add Button (9) (1) (1)' is clicked on

2019-04-21 02:55:39 - [TEST_STEP][PASSED] - setText(findTestObject("Page_KiboPush  Create Broadcast Tem/input_form-control (16) (4) (1) (1)"), "google"): Text 'google' is set on object 'Object Repository/Page_KiboPush  Create Broadcast Tem/input_form-control (16) (4) (1) (1)'

2019-04-21 02:55:39 - [MESSAGE][PASSED] - Text 'google' is set on object 'Object Repository/Page_KiboPush  Create Broadcast Tem/input_form-control (16) (4) (1) (1)'

2019-04-21 02:55:39 - [TEST_STEP][PASSED] - click(findTestObject("Page_KiboPush  Create Broadcast Tem/h7_Open a website (8) (1) (1)")): Object: 'Object Repository/Page_KiboPush  Create Broadcast Tem/h7_Open a website (8) (1) (1)' is clicked on

2019-04-21 02:55:40 - [MESSAGE][PASSED] - Object: 'Object Repository/Page_KiboPush  Create Broadcast Tem/h7_Open a website (8) (1) (1)' is clicked on

2019-04-21 02:55:40 - [TEST_STEP][PASSED] - setText(findTestObject("Page_KiboPush  Create Broadcast Tem/input_form-control_1 (8) (4) (1) (1)"), "www.google.com"): Text 'www.google.com' is set on object 'Object Repository/Page_KiboPush  Create Broadcast Tem/input_form-control_1 (8) (4) (1) (1)'

2019-04-21 02:55:40 - [MESSAGE][PASSED] - Text 'www.google.com' is set on object 'Object Repository/Page_KiboPush  Create Broadcast Tem/input_form-control_1 (8) (4) (1) (1)'

2019-04-21 02:55:40 - [TEST_STEP][PASSED] - click(findTestObject("Page_KiboPush  Create Broadcast Tem/button_Done (9) (1) (1)")): Object: 'Object Repository/Page_KiboPush  Create Broadcast Tem/button_Done (9) (1) (1)' is clicked on

2019-04-21 02:55:40 - [MESSAGE][PASSED] - Object: 'Object Repository/Page_KiboPush  Create Broadcast Tem/button_Done (9) (1) (1)' is clicked on

2019-04-21 02:55:40 - [TEST_STEP][FAILED] - click(findTestObject("Object Repository/Page_KiboEngage  Create Broadcast Template/div_ Add Button (2) (1)")): Unable to click on object 'Object Repository/Page_KiboEngage  Create Broadcast Template/div_ Add Button (2) (1)' (Root cause: com.kms.katalon.core.exception.StepFailedException: Unable to click on object 'Object Repository/Page_KiboEngage  Create Broadcast Template/div_ Add Button (2) (1)'
	at com.kms.katalon.core.webui.keyword.internal.WebUIKeywordMain.stepFailed(WebUIKeywordMain.groovy:64)
	at com.kms.katalon.core.webui.keyword.internal.WebUIKeywordMain.runKeyword(WebUIKeywordMain.groovy:26)
	at com.kms.katalon.core.webui.keyword.builtin.ClickKeyword.click(ClickKeyword.groovy:86)
	at com.kms.katalon.core.webui.keyword.builtin.ClickKeyword.execute(ClickKeyword.groovy:67)
	at com.kms.katalon.core.keyword.internal.KeywordExecutor.executeKeywordForPlatform(KeywordExecutor.groovy:56)
	at com.kms.katalon.core.webui.keyword.WebUiBuiltInKeywords.click(WebUiBuiltInKeywords.groovy:616)
	at com.kms.katalon.core.webui.keyword.WebUiBuiltInKeywords$click$2.call(Unknown Source)
	at TC0845.run(TC0845:39)
	at com.kms.katalon.core.main.ScriptEngine.run(ScriptEngine.java:194)
	at com.kms.katalon.core.main.ScriptEngine.runScriptAsRawText(ScriptEngine.java:119)
	at com.kms.katalon.core.main.TestCaseExecutor.runScript(TestCaseExecutor.java:336)
	at com.kms.katalon.core.main.TestCaseExecutor.doExecute(TestCaseExecutor.java:327)
	at com.kms.katalon.core.main.TestCaseExecutor.processExecutionPhase(TestCaseExecutor.java:306)
	at com.kms.katalon.core.main.TestCaseExecutor.accessMainPhase(TestCaseExecutor.java:298)
	at com.kms.katalon.core.main.TestCaseExecutor.execute(TestCaseExecutor.java:232)
	at com.kms.katalon.core.main.TestSuiteExecutor.accessTestCaseMainPhase(TestSuiteExecutor.java:129)
	at com.kms.katalon.core.main.TestSuiteExecutor.accessTestSuiteMainPhase(TestSuiteExecutor.java:112)
	at com.kms.katalon.core.main.TestSuiteExecutor.execute(TestSuiteExecutor.java:81)
	at com.kms.katalon.core.main.TestCaseMain.startTestSuite(TestCaseMain.java:157)
	at com.kms.katalon.core.main.TestCaseMain$startTestSuite$0.call(Unknown Source)
	at TempTestSuite1555795243480.run(TempTestSuite1555795243480.groovy:35)
Caused by: com.kms.katalon.core.webui.exception.WebElementNotFoundException: Web element with id: 'Object Repository/Page_KiboEngage  Create Broadcast Template/div_ Add Button (2) (1)' located by 'By.xpath: id("List1")/div[@class="draggable"]/div[@class="broadcast-component"]/div[@class="broadcast-component"]/div[2]/div[@class="ui-block hoverbordersolid"]/div[@class="row"]/div[@class="col-md-6"]/div[@class="ui-block hoverborder"][count(. | //div[(text() = ' + Add Button ' or . = ' + Add Button ')]) = count(//div[(text() = ' + Add Button ' or . = ' + Add Button ')])]' not found
	at com.kms.katalon.core.webui.common.WebUiCommonHelper.findWebElement(WebUiCommonHelper.java:1097)
	at com.kms.katalon.core.webui.keyword.internal.WebUIAbstractKeyword.findWebElement(WebUIAbstractKeyword.groovy:27)
	at com.kms.katalon.core.webui.keyword.internal.WebUIAbstractKeyword.findWebElement(WebUIAbstractKeyword.groovy:26)
	at com.kms.katalon.core.webui.keyword.builtin.ClickKeyword$_click_closure1.doCall(ClickKeyword.groovy:77)
	at com.kms.katalon.core.webui.keyword.builtin.ClickKeyword$_click_closure1.call(ClickKeyword.groovy)
	at com.kms.katalon.core.webui.keyword.internal.WebUIKeywordMain.runKeyword(WebUIKeywordMain.groovy:20)
	at com.kms.katalon.core.webui.keyword.builtin.ClickKeyword.click(ClickKeyword.groovy:86)
	at com.kms.katalon.core.webui.keyword.builtin.ClickKeyword.execute(ClickKeyword.groovy:67)
	at com.kms.katalon.core.keyword.internal.KeywordExecutor.executeKeywordForPlatform(KeywordExecutor.groovy:56)
	at com.kms.katalon.core.webui.keyword.WebUiBuiltInKeywords.click(WebUiBuiltInKeywords.groovy:616)
	at com.kms.katalon.core.webui.keyword.WebUiBuiltInKeywords$click$2.call(Unknown Source)
	at Script1537100347856.run(Script1537100347856.groovy:39)
	... 13 more
)

2019-04-21 02:56:11 - [MESSAGE][INFO] - Unable to find the element located by 'By.xpath: id("List1")/div[@class="draggable"]/div[@class="broadcast-component"]/div[@class="broadcast-component"]/div[2]/div[@class="ui-block hoverbordersolid"]/div[@class="row"]/div[@class="col-md-6"]/div[@class="ui-block hoverborder"][count(. | //div[(text() = ' + Add Button ' or . = ' + Add Button ')]) = count(//div[(text() = ' + Add Button ' or . = ' + Add Button ')])]'. Please recheck the objects properties to make sure the desired element is located. 

2019-04-21 02:56:11 - [MESSAGE][FAILED] - Unable to click on object 'Object Repository/Page_KiboEngage  Create Broadcast Template/div_ Add Button (2) (1)' (Root cause: com.kms.katalon.core.exception.StepFailedException: Unable to click on object 'Object Repository/Page_KiboEngage  Create Broadcast Template/div_ Add Button (2) (1)'
	at com.kms.katalon.core.webui.keyword.internal.WebUIKeywordMain.stepFailed(WebUIKeywordMain.groovy:64)
	at com.kms.katalon.core.webui.keyword.internal.WebUIKeywordMain.runKeyword(WebUIKeywordMain.groovy:26)
	at com.kms.katalon.core.webui.keyword.builtin.ClickKeyword.click(ClickKeyword.groovy:86)
	at com.kms.katalon.core.webui.keyword.builtin.ClickKeyword.execute(ClickKeyword.groovy:67)
	at com.kms.katalon.core.keyword.internal.KeywordExecutor.executeKeywordForPlatform(KeywordExecutor.groovy:56)
	at com.kms.katalon.core.webui.keyword.WebUiBuiltInKeywords.click(WebUiBuiltInKeywords.groovy:616)
	at com.kms.katalon.core.webui.keyword.WebUiBuiltInKeywords$click$2.call(Unknown Source)
	at TC0845.run(TC0845:39)
	at com.kms.katalon.core.main.ScriptEngine.run(ScriptEngine.java:194)
	at com.kms.katalon.core.main.ScriptEngine.runScriptAsRawText(ScriptEngine.java:119)
	at com.kms.katalon.core.main.TestCaseExecutor.runScript(TestCaseExecutor.java:336)
	at com.kms.katalon.core.main.TestCaseExecutor.doExecute(TestCaseExecutor.java:327)
	at com.kms.katalon.core.main.TestCaseExecutor.processExecutionPhase(TestCaseExecutor.java:306)
	at com.kms.katalon.core.main.TestCaseExecutor.accessMainPhase(TestCaseExecutor.java:298)
	at com.kms.katalon.core.main.TestCaseExecutor.execute(TestCaseExecutor.java:232)
	at com.kms.katalon.core.main.TestSuiteExecutor.accessTestCaseMainPhase(TestSuiteExecutor.java:129)
	at com.kms.katalon.core.main.TestSuiteExecutor.accessTestSuiteMainPhase(TestSuiteExecutor.java:112)
	at com.kms.katalon.core.main.TestSuiteExecutor.execute(TestSuiteExecutor.java:81)
	at com.kms.katalon.core.main.TestCaseMain.startTestSuite(TestCaseMain.java:157)
	at com.kms.katalon.core.main.TestCaseMain$startTestSuite$0.call(Unknown Source)
	at TempTestSuite1555795243480.run(TempTestSuite1555795243480.groovy:35)
Caused by: com.kms.katalon.core.webui.exception.WebElementNotFoundException: Web element with id: 'Object Repository/Page_KiboEngage  Create Broadcast Template/div_ Add Button (2) (1)' located by 'By.xpath: id("List1")/div[@class="draggable"]/div[@class="broadcast-component"]/div[@class="broadcast-component"]/div[2]/div[@class="ui-block hoverbordersolid"]/div[@class="row"]/div[@class="col-md-6"]/div[@class="ui-block hoverborder"][count(. | //div[(text() = ' + Add Button ' or . = ' + Add Button ')]) = count(//div[(text() = ' + Add Button ' or . = ' + Add Button ')])]' not found
	at com.kms.katalon.core.webui.common.WebUiCommonHelper.findWebElement(WebUiCommonHelper.java:1097)
	at com.kms.katalon.core.webui.keyword.internal.WebUIAbstractKeyword.findWebElement(WebUIAbstractKeyword.groovy:27)
	at com.kms.katalon.core.webui.keyword.internal.WebUIAbstractKeyword.findWebElement(WebUIAbstractKeyword.groovy:26)
	at com.kms.katalon.core.webui.keyword.builtin.ClickKeyword$_click_closure1.doCall(ClickKeyword.groovy:77)
	at com.kms.katalon.core.webui.keyword.builtin.ClickKeyword$_click_closure1.call(ClickKeyword.groovy)
	at com.kms.katalon.core.webui.keyword.internal.WebUIKeywordMain.runKeyword(WebUIKeywordMain.groovy:20)
	at com.kms.katalon.core.webui.keyword.builtin.ClickKeyword.click(ClickKeyword.groovy:86)
	at com.kms.katalon.core.webui.keyword.builtin.ClickKeyword.execute(ClickKeyword.groovy:67)
	at com.kms.katalon.core.keyword.internal.KeywordExecutor.executeKeywordForPlatform(KeywordExecutor.groovy:56)
	at com.kms.katalon.core.webui.keyword.WebUiBuiltInKeywords.click(WebUiBuiltInKeywords.groovy:616)
	at com.kms.katalon.core.webui.keyword.WebUiBuiltInKeywords$click$2.call(Unknown Source)
	at Script1537100347856.run(Script1537100347856.groovy:39)
	... 13 more
)
[[ATTACHMENT|/home/faizan/Drive/KiboPush_Automated_Testing/KiboPush Katalon/Reports/Faizan Suits/Template/20190421_022043/1555797371781.png]]]]></system-out>
         <system-err><![CDATA[2019-04-21 02:55:30 - [TEST_CASE][FAILED] - Test Cases/Template testcases/TC0845: Test Cases/Template testcases/TC0845 FAILED.
Reason:
com.kms.katalon.core.exception.StepFailedException: Unable to click on object 'Object Repository/Page_KiboEngage  Create Broadcast Template/div_ Add Button (2) (1)'
	at com.kms.katalon.core.webui.keyword.internal.WebUIKeywordMain.stepFailed(WebUIKeywordMain.groovy:64)
	at com.kms.katalon.core.webui.keyword.internal.WebUIKeywordMain.runKeyword(WebUIKeywordMain.groovy:26)
	at com.kms.katalon.core.webui.keyword.builtin.ClickKeyword.click(ClickKeyword.groovy:86)
	at com.kms.katalon.core.webui.keyword.builtin.ClickKeyword.execute(ClickKeyword.groovy:67)
	at com.kms.katalon.core.keyword.internal.KeywordExecutor.executeKeywordForPlatform(KeywordExecutor.groovy:56)
	at com.kms.katalon.core.webui.keyword.WebUiBuiltInKeywords.click(WebUiBuiltInKeywords.groovy:616)
	at com.kms.katalon.core.webui.keyword.WebUiBuiltInKeywords$click$2.call(Unknown Source)
	at TC0845.run(TC0845:39)
	at com.kms.katalon.core.main.ScriptEngine.run(ScriptEngine.java:194)
	at com.kms.katalon.core.main.ScriptEngine.runScriptAsRawText(ScriptEngine.java:119)
	at com.kms.katalon.core.main.TestCaseExecutor.runScript(TestCaseExecutor.java:336)
	at com.kms.katalon.core.main.TestCaseExecutor.doExecute(TestCaseExecutor.java:327)
	at com.kms.katalon.core.main.TestCaseExecutor.processExecutionPhase(TestCaseExecutor.java:306)
	at com.kms.katalon.core.main.TestCaseExecutor.accessMainPhase(TestCaseExecutor.java:298)
	at com.kms.katalon.core.main.TestCaseExecutor.execute(TestCaseExecutor.java:232)
	at com.kms.katalon.core.main.TestSuiteExecutor.accessTestCaseMainPhase(TestSuiteExecutor.java:129)
	at com.kms.katalon.core.main.TestSuiteExecutor.accessTestSuiteMainPhase(TestSuiteExecutor.java:112)
	at com.kms.katalon.core.main.TestSuiteExecutor.execute(TestSuiteExecutor.java:81)
	at com.kms.katalon.core.main.TestCaseMain.startTestSuite(TestCaseMain.java:157)
	at com.kms.katalon.core.main.TestCaseMain$startTestSuite$0.call(Unknown Source)
	at TempTestSuite1555795243480.run(TempTestSuite1555795243480.groovy:35)
Caused by: com.kms.katalon.core.webui.exception.WebElementNotFoundException: Web element with id: 'Object Repository/Page_KiboEngage  Create Broadcast Template/div_ Add Button (2) (1)' located by 'By.xpath: id("List1")/div[@class="draggable"]/div[@class="broadcast-component"]/div[@class="broadcast-component"]/div[2]/div[@class="ui-block hoverbordersolid"]/div[@class="row"]/div[@class="col-md-6"]/div[@class="ui-block hoverborder"][count(. | //div[(text() = ' + Add Button ' or . = ' + Add Button ')]) = count(//div[(text() = ' + Add Button ' or . = ' + Add Button ')])]' not found
	at com.kms.katalon.core.webui.common.WebUiCommonHelper.findWebElement(WebUiCommonHelper.java:1097)
	at com.kms.katalon.core.webui.keyword.internal.WebUIAbstractKeyword.findWebElement(WebUIAbstractKeyword.groovy:27)
	at com.kms.katalon.core.webui.keyword.internal.WebUIAbstractKeyword.findWebElement(WebUIAbstractKeyword.groovy:26)
	at com.kms.katalon.core.webui.keyword.builtin.ClickKeyword$_click_closure1.doCall(ClickKeyword.groovy:77)
	at com.kms.katalon.core.webui.keyword.builtin.ClickKeyword$_click_closure1.call(ClickKeyword.groovy)
	at com.kms.katalon.core.webui.keyword.internal.WebUIKeywordMain.runKeyword(WebUIKeywordMain.groovy:20)
	at com.kms.katalon.core.webui.keyword.builtin.ClickKeyword.click(ClickKeyword.groovy:86)
	at com.kms.katalon.core.webui.keyword.builtin.ClickKeyword.execute(ClickKeyword.groovy:67)
	at com.kms.katalon.core.keyword.internal.KeywordExecutor.executeKeywordForPlatform(KeywordExecutor.groovy:56)
	at com.kms.katalon.core.webui.keyword.WebUiBuiltInKeywords.click(WebUiBuiltInKeywords.groovy:616)
	at com.kms.katalon.core.webui.keyword.WebUiBuiltInKeywords$click$2.call(Unknown Source)
	at Script1537100347856.run(Script1537100347856.groovy:39)
	... 13 more]]></system-err>
      </testcase>
      <testcase name="Test Cases/Template testcases/TC0846" classname="Test Cases/Template testcases/TC0846" status="PASSED">
         <system-out><![CDATA[2019-04-21 02:56:11 - [TEST_CASE][PASSED] - Test Cases/Template testcases/TC0846: Test Cases/Template testcases/TC0846

2019-04-21 02:56:12 - [TEST_STEP][PASSED] - callTestCase(findTestCase("Template testcases/TC0834"), [:], STOP_ON_FAILURE): Call Test Case 'Test Cases/Template testcases/TC0834' successfully

2019-04-21 02:56:12 - [TEST_CASE][PASSED] - Test Cases/Template testcases/TC0834: Test Cases/Template testcases/TC0834

2019-04-21 02:56:12 - [TEST_STEP][PASSED] - callTestCase(findTestCase("Template testcases/TC0768"), [:], STOP_ON_FAILURE): Call Test Case 'Test Cases/Template testcases/TC0768' successfully

2019-04-21 02:56:12 - [TEST_CASE][PASSED] - Test Cases/Template testcases/TC0768: Test Cases/Template testcases/TC0768

2019-04-21 02:56:12 - [TEST_STEP][PASSED] - callTestCase(findTestCase("s-sidebar_navigation/individualAccount/Template"), [:], STOP_ON_FAILURE): Call Test Case 'Test Cases/s-sidebar_navigation/individualAccount/Template' successfully

2019-04-21 02:56:12 - [TEST_CASE][PASSED] - Test Cases/s-sidebar_navigation/individualAccount/Template: Test Cases/s-sidebar_navigation/individualAccount/Template

2019-04-21 02:56:12 - [TEST_STEP][PASSED] - click(findTestObject("Page_KiboPush  Dashboard/span_Broadcasts")): Object: 'Object Repository/Page_KiboPush  Dashboard/span_Broadcasts' is clicked on

2019-04-21 02:56:12 - [MESSAGE][PASSED] - Object: 'Object Repository/Page_KiboPush  Dashboard/span_Broadcasts' is clicked on

2019-04-21 02:56:12 - [TEST_STEP][PASSED] - delay(1): Delayed 1 second(s)

2019-04-21 02:56:13 - [MESSAGE][PASSED] - Delayed 1 second(s)

2019-04-21 02:56:13 - [TEST_STEP][PASSED] - click(findTestObject("Page_KiboPush  Dashboard/span_Templates")): Object: 'Object Repository/Page_KiboPush  Dashboard/span_Templates' is clicked on

2019-04-21 02:56:13 - [MESSAGE][PASSED] - Object: 'Object Repository/Page_KiboPush  Dashboard/span_Templates' is clicked on

2019-04-21 02:56:13 - [TEST_STEP][PASSED] - delay(3): Delayed 3 second(s)

2019-04-21 02:56:16 - [MESSAGE][PASSED] - Delayed 3 second(s)

2019-04-21 02:56:16 - [TEST_STEP][PASSED] - scrollToPosition(0, 0): Browser is scrolled to position x = 0, y = 0

2019-04-21 02:56:16 - [MESSAGE][PASSED] - Browser is scrolled to position x = 0, y = 0

2019-04-21 02:56:16 - [TEST_STEP][PASSED] - click(findTestObject("Object Repository/Page_KiboEngage  Templates/h3_Templates")): Object: 'Object Repository/Page_KiboEngage  Templates/h3_Templates' is clicked on

2019-04-21 02:56:16 - [MESSAGE][PASSED] - Object: 'Object Repository/Page_KiboEngage  Templates/h3_Templates' is clicked on

2019-04-21 02:56:16 - [TEST_STEP][PASSED] - delay(3): Delayed 3 second(s)

2019-04-21 02:56:19 - [MESSAGE][PASSED] - Delayed 3 second(s)

2019-04-21 02:56:19 - [MESSAGE][PASSED] - Call Test Case 'Test Cases/s-sidebar_navigation/individualAccount/Template' successfully

2019-04-21 02:56:19 - [TEST_STEP][PASSED] - click(findTestObject("Object Repository/Page_KiboPush  Dashboard/button_Create New")): Object: 'Object Repository/Page_KiboPush  Dashboard/button_Create New' is clicked on

2019-04-21 02:56:20 - [MESSAGE][PASSED] - Object: 'Object Repository/Page_KiboPush  Dashboard/button_Create New' is clicked on

2019-04-21 02:56:20 - [TEST_STEP][PASSED] - click(findTestObject("Object Repository/Page_KiboPush  Create Broadcast Tem/h3_Create Broadcast Template")): Object: 'Object Repository/Page_KiboPush  Create Broadcast Tem/h3_Create Broadcast Template' is clicked on

2019-04-21 02:56:20 - [MESSAGE][PASSED] - Object: 'Object Repository/Page_KiboPush  Create Broadcast Tem/h3_Create Broadcast Template' is clicked on

2019-04-21 02:56:20 - [MESSAGE][PASSED] - Call Test Case 'Test Cases/Template testcases/TC0768' successfully

2019-04-21 02:56:20 - [TEST_STEP][PASSED] - click(findTestObject("Page_KiboPush  Create Broadcast Tem/h6_List (1)")): Object: 'Object Repository/Page_KiboPush  Create Broadcast Tem/h6_List (1)' is clicked on

2019-04-21 02:56:20 - [MESSAGE][PASSED] - Object: 'Object Repository/Page_KiboPush  Create Broadcast Tem/h6_List (1)' is clicked on

2019-04-21 02:56:20 - [TEST_STEP][PASSED] - click(findTestObject("Object Repository/Page_KiboEngage  Create Broadcast Template/div_New list component added")): Object: 'Object Repository/Page_KiboEngage  Create Broadcast Template/div_New list component added' is clicked on

2019-04-21 02:56:20 - [MESSAGE][PASSED] - Object: 'Object Repository/Page_KiboEngage  Create Broadcast Template/div_New list component added' is clicked on

2019-04-21 02:56:20 - [MESSAGE][PASSED] - Call Test Case 'Test Cases/Template testcases/TC0834' successfully

2019-04-21 02:56:20 - [TEST_STEP][PASSED] - click(findTestObject("Page_KiboPush  Create Broadcast Tem/h6_ Add Button")): Object: 'Object Repository/Page_KiboPush  Create Broadcast Tem/h6_ Add Button' is clicked on

2019-04-21 02:56:20 - [MESSAGE][PASSED] - Object: 'Object Repository/Page_KiboPush  Create Broadcast Tem/h6_ Add Button' is clicked on

2019-04-21 02:56:20 - [TEST_STEP][PASSED] - setText(findTestObject("Page_KiboPush  Create Broadcast Tem/input_form-control (16)"), "google"): Text 'google' is set on object 'Object Repository/Page_KiboPush  Create Broadcast Tem/input_form-control (16)'

2019-04-21 02:56:21 - [MESSAGE][PASSED] - Text 'google' is set on object 'Object Repository/Page_KiboPush  Create Broadcast Tem/input_form-control (16)'

2019-04-21 02:56:21 - [TEST_STEP][PASSED] - delay(2): Delayed 2 second(s)

2019-04-21 02:56:23 - [MESSAGE][PASSED] - Delayed 2 second(s)

2019-04-21 02:56:23 - [TEST_STEP][PASSED] - driver = getWebDriver(): null

2019-04-21 02:56:23 - [TEST_STEP][PASSED] - button = driver.findElement(By.xpath("/html/body/div[5]/div/div/div/div/div[2]/button[1]")): null

2019-04-21 02:56:23 - [TEST_STEP][PASSED] - if (button.isEnabled()): null

2019-04-21 02:56:23 - [TEST_STEP][PASSED] - else: Actual object '0' and expected object '0' are equal

2019-04-21 02:56:23 - [TEST_STEP][PASSED] - verifyEqual("0", "0"): Actual object '0' and expected object '0' are equal

2019-04-21 02:56:23 - [MESSAGE][PASSED] - Actual object '0' and expected object '0' are equal]]></system-out>
         <system-err><![CDATA[]]></system-err>
      </testcase>
      <testcase name="Test Cases/Template testcases/TC0847" classname="Test Cases/Template testcases/TC0847" status="PASSED">
         <system-out><![CDATA[2019-04-21 02:56:23 - [TEST_CASE][PASSED] - Test Cases/Template testcases/TC0847: Test Cases/Template testcases/TC0847

2019-04-21 02:56:23 - [TEST_STEP][PASSED] - callTestCase(findTestCase("Template testcases/TC0834"), [:], STOP_ON_FAILURE): Call Test Case 'Test Cases/Template testcases/TC0834' successfully

2019-04-21 02:56:23 - [TEST_CASE][PASSED] - Test Cases/Template testcases/TC0834: Test Cases/Template testcases/TC0834

2019-04-21 02:56:23 - [TEST_STEP][PASSED] - callTestCase(findTestCase("Template testcases/TC0768"), [:], STOP_ON_FAILURE): Call Test Case 'Test Cases/Template testcases/TC0768' successfully

2019-04-21 02:56:23 - [TEST_CASE][PASSED] - Test Cases/Template testcases/TC0768: Test Cases/Template testcases/TC0768

2019-04-21 02:56:23 - [TEST_STEP][PASSED] - callTestCase(findTestCase("s-sidebar_navigation/individualAccount/Template"), [:], STOP_ON_FAILURE): Call Test Case 'Test Cases/s-sidebar_navigation/individualAccount/Template' successfully

2019-04-21 02:56:23 - [TEST_CASE][PASSED] - Test Cases/s-sidebar_navigation/individualAccount/Template: Test Cases/s-sidebar_navigation/individualAccount/Template

2019-04-21 02:56:23 - [TEST_STEP][PASSED] - click(findTestObject("Page_KiboPush  Dashboard/span_Broadcasts")): Object: 'Object Repository/Page_KiboPush  Dashboard/span_Broadcasts' is clicked on

2019-04-21 02:56:23 - [MESSAGE][PASSED] - Object: 'Object Repository/Page_KiboPush  Dashboard/span_Broadcasts' is clicked on

2019-04-21 02:56:23 - [TEST_STEP][PASSED] - delay(1): Delayed 1 second(s)

2019-04-21 02:56:24 - [MESSAGE][PASSED] - Delayed 1 second(s)

2019-04-21 02:56:24 - [TEST_STEP][PASSED] - click(findTestObject("Page_KiboPush  Dashboard/span_Templates")): Object: 'Object Repository/Page_KiboPush  Dashboard/span_Templates' is clicked on

2019-04-21 02:56:25 - [MESSAGE][PASSED] - Object: 'Object Repository/Page_KiboPush  Dashboard/span_Templates' is clicked on

2019-04-21 02:56:25 - [TEST_STEP][PASSED] - delay(3): Delayed 3 second(s)

2019-04-21 02:56:28 - [MESSAGE][PASSED] - Delayed 3 second(s)

2019-04-21 02:56:28 - [TEST_STEP][PASSED] - scrollToPosition(0, 0): Browser is scrolled to position x = 0, y = 0

2019-04-21 02:56:28 - [MESSAGE][PASSED] - Browser is scrolled to position x = 0, y = 0

2019-04-21 02:56:28 - [TEST_STEP][PASSED] - click(findTestObject("Object Repository/Page_KiboEngage  Templates/h3_Templates")): Object: 'Object Repository/Page_KiboEngage  Templates/h3_Templates' is clicked on

2019-04-21 02:56:28 - [MESSAGE][PASSED] - Object: 'Object Repository/Page_KiboEngage  Templates/h3_Templates' is clicked on

2019-04-21 02:56:28 - [TEST_STEP][PASSED] - delay(3): Delayed 3 second(s)

2019-04-21 02:56:31 - [MESSAGE][PASSED] - Delayed 3 second(s)

2019-04-21 02:56:31 - [MESSAGE][PASSED] - Call Test Case 'Test Cases/s-sidebar_navigation/individualAccount/Template' successfully

2019-04-21 02:56:31 - [TEST_STEP][PASSED] - click(findTestObject("Object Repository/Page_KiboPush  Dashboard/button_Create New")): Object: 'Object Repository/Page_KiboPush  Dashboard/button_Create New' is clicked on

2019-04-21 02:56:31 - [MESSAGE][PASSED] - Object: 'Object Repository/Page_KiboPush  Dashboard/button_Create New' is clicked on

2019-04-21 02:56:31 - [TEST_STEP][PASSED] - click(findTestObject("Object Repository/Page_KiboPush  Create Broadcast Tem/h3_Create Broadcast Template")): Object: 'Object Repository/Page_KiboPush  Create Broadcast Tem/h3_Create Broadcast Template' is clicked on

2019-04-21 02:56:31 - [MESSAGE][PASSED] - Object: 'Object Repository/Page_KiboPush  Create Broadcast Tem/h3_Create Broadcast Template' is clicked on

2019-04-21 02:56:31 - [MESSAGE][PASSED] - Call Test Case 'Test Cases/Template testcases/TC0768' successfully

2019-04-21 02:56:31 - [TEST_STEP][PASSED] - click(findTestObject("Page_KiboPush  Create Broadcast Tem/h6_List (1)")): Object: 'Object Repository/Page_KiboPush  Create Broadcast Tem/h6_List (1)' is clicked on

2019-04-21 02:56:31 - [MESSAGE][PASSED] - Object: 'Object Repository/Page_KiboPush  Create Broadcast Tem/h6_List (1)' is clicked on

2019-04-21 02:56:31 - [TEST_STEP][PASSED] - click(findTestObject("Object Repository/Page_KiboEngage  Create Broadcast Template/div_New list component added")): Object: 'Object Repository/Page_KiboEngage  Create Broadcast Template/div_New list component added' is clicked on

2019-04-21 02:56:31 - [MESSAGE][PASSED] - Object: 'Object Repository/Page_KiboEngage  Create Broadcast Template/div_New list component added' is clicked on

2019-04-21 02:56:31 - [MESSAGE][PASSED] - Call Test Case 'Test Cases/Template testcases/TC0834' successfully

2019-04-21 02:56:31 - [TEST_STEP][PASSED] - click(findTestObject("Page_KiboPush  Create Broadcast Tem/h6_ Add Button")): Object: 'Object Repository/Page_KiboPush  Create Broadcast Tem/h6_ Add Button' is clicked on

2019-04-21 02:56:31 - [MESSAGE][PASSED] - Object: 'Object Repository/Page_KiboPush  Create Broadcast Tem/h6_ Add Button' is clicked on

2019-04-21 02:56:31 - [TEST_STEP][PASSED] - click(findTestObject("Page_KiboPush  Create Broadcast Tem/h7_Open a website")): Object: 'Object Repository/Page_KiboPush  Create Broadcast Tem/h7_Open a website' is clicked on

2019-04-21 02:56:32 - [MESSAGE][PASSED] - Object: 'Object Repository/Page_KiboPush  Create Broadcast Tem/h7_Open a website' is clicked on

2019-04-21 02:56:32 - [TEST_STEP][PASSED] - setText(findTestObject("Page_KiboPush  Create Broadcast Tem/input_form-control_1 (8)"), "www.google.com"): Text 'www.google.com' is set on object 'Object Repository/Page_KiboPush  Create Broadcast Tem/input_form-control_1 (8)'

2019-04-21 02:56:32 - [MESSAGE][PASSED] - Text 'www.google.com' is set on object 'Object Repository/Page_KiboPush  Create Broadcast Tem/input_form-control_1 (8)'

2019-04-21 02:56:32 - [TEST_STEP][PASSED] - delay(2): Delayed 2 second(s)

2019-04-21 02:56:34 - [MESSAGE][PASSED] - Delayed 2 second(s)

2019-04-21 02:56:34 - [TEST_STEP][PASSED] - driver = getWebDriver(): null

2019-04-21 02:56:34 - [TEST_STEP][PASSED] - button = driver.findElement(By.xpath("/html/body/div[5]/div/div/div/div/div[2]/button[1]")): null

2019-04-21 02:56:34 - [TEST_STEP][PASSED] - if (button.isEnabled()): null

2019-04-21 02:56:34 - [TEST_STEP][PASSED] - else: Actual object '0' and expected object '0' are equal

2019-04-21 02:56:34 - [TEST_STEP][PASSED] - verifyEqual("0", "0"): Actual object '0' and expected object '0' are equal

2019-04-21 02:56:34 - [MESSAGE][PASSED] - Actual object '0' and expected object '0' are equal]]></system-out>
         <system-err><![CDATA[]]></system-err>
      </testcase>
      <testcase name="Test Cases/Template testcases/TC0848" classname="Test Cases/Template testcases/TC0848" status="PASSED">
         <system-out><![CDATA[2019-04-21 02:56:34 - [TEST_CASE][PASSED] - Test Cases/Template testcases/TC0848: Test Cases/Template testcases/TC0848

2019-04-21 02:56:34 - [TEST_STEP][PASSED] - callTestCase(findTestCase("Template testcases/TC0834"), [:], STOP_ON_FAILURE): Call Test Case 'Test Cases/Template testcases/TC0834' successfully

2019-04-21 02:56:34 - [TEST_CASE][PASSED] - Test Cases/Template testcases/TC0834: Test Cases/Template testcases/TC0834

2019-04-21 02:56:34 - [TEST_STEP][PASSED] - callTestCase(findTestCase("Template testcases/TC0768"), [:], STOP_ON_FAILURE): Call Test Case 'Test Cases/Template testcases/TC0768' successfully

2019-04-21 02:56:34 - [TEST_CASE][PASSED] - Test Cases/Template testcases/TC0768: Test Cases/Template testcases/TC0768

2019-04-21 02:56:34 - [TEST_STEP][PASSED] - callTestCase(findTestCase("s-sidebar_navigation/individualAccount/Template"), [:], STOP_ON_FAILURE): Call Test Case 'Test Cases/s-sidebar_navigation/individualAccount/Template' successfully

2019-04-21 02:56:34 - [TEST_CASE][PASSED] - Test Cases/s-sidebar_navigation/individualAccount/Template: Test Cases/s-sidebar_navigation/individualAccount/Template

2019-04-21 02:56:34 - [TEST_STEP][PASSED] - click(findTestObject("Page_KiboPush  Dashboard/span_Broadcasts")): Object: 'Object Repository/Page_KiboPush  Dashboard/span_Broadcasts' is clicked on

2019-04-21 02:56:35 - [MESSAGE][PASSED] - Object: 'Object Repository/Page_KiboPush  Dashboard/span_Broadcasts' is clicked on

2019-04-21 02:56:35 - [TEST_STEP][PASSED] - delay(1): Delayed 1 second(s)

2019-04-21 02:56:36 - [MESSAGE][PASSED] - Delayed 1 second(s)

2019-04-21 02:56:36 - [TEST_STEP][PASSED] - click(findTestObject("Page_KiboPush  Dashboard/span_Templates")): Object: 'Object Repository/Page_KiboPush  Dashboard/span_Templates' is clicked on

2019-04-21 02:56:36 - [MESSAGE][PASSED] - Object: 'Object Repository/Page_KiboPush  Dashboard/span_Templates' is clicked on

2019-04-21 02:56:36 - [TEST_STEP][PASSED] - delay(3): Delayed 3 second(s)

2019-04-21 02:56:39 - [MESSAGE][PASSED] - Delayed 3 second(s)

2019-04-21 02:56:39 - [TEST_STEP][PASSED] - scrollToPosition(0, 0): Browser is scrolled to position x = 0, y = 0

2019-04-21 02:56:39 - [MESSAGE][PASSED] - Browser is scrolled to position x = 0, y = 0

2019-04-21 02:56:39 - [TEST_STEP][PASSED] - click(findTestObject("Object Repository/Page_KiboEngage  Templates/h3_Templates")): Object: 'Object Repository/Page_KiboEngage  Templates/h3_Templates' is clicked on

2019-04-21 02:56:39 - [MESSAGE][PASSED] - Object: 'Object Repository/Page_KiboEngage  Templates/h3_Templates' is clicked on

2019-04-21 02:56:39 - [TEST_STEP][PASSED] - delay(3): Delayed 3 second(s)

2019-04-21 02:56:42 - [MESSAGE][PASSED] - Delayed 3 second(s)

2019-04-21 02:56:42 - [MESSAGE][PASSED] - Call Test Case 'Test Cases/s-sidebar_navigation/individualAccount/Template' successfully

2019-04-21 02:56:42 - [TEST_STEP][PASSED] - click(findTestObject("Object Repository/Page_KiboPush  Dashboard/button_Create New")): Object: 'Object Repository/Page_KiboPush  Dashboard/button_Create New' is clicked on

2019-04-21 02:56:42 - [MESSAGE][PASSED] - Object: 'Object Repository/Page_KiboPush  Dashboard/button_Create New' is clicked on

2019-04-21 02:56:42 - [TEST_STEP][PASSED] - click(findTestObject("Object Repository/Page_KiboPush  Create Broadcast Tem/h3_Create Broadcast Template")): Object: 'Object Repository/Page_KiboPush  Create Broadcast Tem/h3_Create Broadcast Template' is clicked on

2019-04-21 02:56:42 - [MESSAGE][PASSED] - Object: 'Object Repository/Page_KiboPush  Create Broadcast Tem/h3_Create Broadcast Template' is clicked on

2019-04-21 02:56:42 - [MESSAGE][PASSED] - Call Test Case 'Test Cases/Template testcases/TC0768' successfully

2019-04-21 02:56:42 - [TEST_STEP][PASSED] - click(findTestObject("Page_KiboPush  Create Broadcast Tem/h6_List (1)")): Object: 'Object Repository/Page_KiboPush  Create Broadcast Tem/h6_List (1)' is clicked on

2019-04-21 02:56:43 - [MESSAGE][PASSED] - Object: 'Object Repository/Page_KiboPush  Create Broadcast Tem/h6_List (1)' is clicked on

2019-04-21 02:56:43 - [TEST_STEP][PASSED] - click(findTestObject("Object Repository/Page_KiboEngage  Create Broadcast Template/div_New list component added")): Object: 'Object Repository/Page_KiboEngage  Create Broadcast Template/div_New list component added' is clicked on

2019-04-21 02:56:43 - [MESSAGE][PASSED] - Object: 'Object Repository/Page_KiboEngage  Create Broadcast Template/div_New list component added' is clicked on

2019-04-21 02:56:43 - [MESSAGE][PASSED] - Call Test Case 'Test Cases/Template testcases/TC0834' successfully

2019-04-21 02:56:43 - [TEST_STEP][PASSED] - click(findTestObject("Page_KiboPush  Create Broadcast Tem/h6_ Add Button")): Object: 'Object Repository/Page_KiboPush  Create Broadcast Tem/h6_ Add Button' is clicked on

2019-04-21 02:56:43 - [MESSAGE][PASSED] - Object: 'Object Repository/Page_KiboPush  Create Broadcast Tem/h6_ Add Button' is clicked on

2019-04-21 02:56:43 - [TEST_STEP][PASSED] - setText(findTestObject("Page_KiboPush  Create Broadcast Tem/input_form-control (16)"), "google"): Text 'google' is set on object 'Object Repository/Page_KiboPush  Create Broadcast Tem/input_form-control (16)'

2019-04-21 02:56:43 - [MESSAGE][PASSED] - Text 'google' is set on object 'Object Repository/Page_KiboPush  Create Broadcast Tem/input_form-control (16)'

2019-04-21 02:56:43 - [TEST_STEP][PASSED] - click(findTestObject("Page_KiboPush  Create Broadcast Tem/h7_Open a website")): Object: 'Object Repository/Page_KiboPush  Create Broadcast Tem/h7_Open a website' is clicked on

2019-04-21 02:56:43 - [MESSAGE][PASSED] - Object: 'Object Repository/Page_KiboPush  Create Broadcast Tem/h7_Open a website' is clicked on

2019-04-21 02:56:43 - [TEST_STEP][PASSED] - setText(findTestObject("Page_KiboPush  Create Broadcast Tem/input_form-control_1 (8)"), "www.google.com"): Text 'www.google.com' is set on object 'Object Repository/Page_KiboPush  Create Broadcast Tem/input_form-control_1 (8)'

2019-04-21 02:56:44 - [MESSAGE][PASSED] - Text 'www.google.com' is set on object 'Object Repository/Page_KiboPush  Create Broadcast Tem/input_form-control_1 (8)'

2019-04-21 02:56:44 - [TEST_STEP][PASSED] - delay(2): Delayed 2 second(s)

2019-04-21 02:56:46 - [MESSAGE][PASSED] - Delayed 2 second(s)

2019-04-21 02:56:46 - [TEST_STEP][PASSED] - driver = getWebDriver(): null

2019-04-21 02:56:46 - [TEST_STEP][PASSED] - button = driver.findElement(By.xpath("/html/body/div[5]/div/div/div/div/div[2]/button[1]")): null

2019-04-21 02:56:46 - [TEST_STEP][PASSED] - if (button.isEnabled()): Actual object '0' and expected object '0' are equal

2019-04-21 02:56:46 - [TEST_STEP][PASSED] - verifyEqual("0", "0"): Actual object '0' and expected object '0' are equal

2019-04-21 02:56:46 - [MESSAGE][PASSED] - Actual object '0' and expected object '0' are equal]]></system-out>
         <system-err><![CDATA[]]></system-err>
      </testcase>
      <testcase name="Test Cases/Template testcases/TC0849" classname="Test Cases/Template testcases/TC0849" status="PASSED">
         <system-out><![CDATA[2019-04-21 02:56:46 - [TEST_CASE][PASSED] - Test Cases/Template testcases/TC0849: Test Cases/Template testcases/TC0849

2019-04-21 02:56:46 - [TEST_STEP][PASSED] - callTestCase(findTestCase("Template testcases/TC0834"), [:], STOP_ON_FAILURE): Call Test Case 'Test Cases/Template testcases/TC0834' successfully

2019-04-21 02:56:46 - [TEST_CASE][PASSED] - Test Cases/Template testcases/TC0834: Test Cases/Template testcases/TC0834

2019-04-21 02:56:46 - [TEST_STEP][PASSED] - callTestCase(findTestCase("Template testcases/TC0768"), [:], STOP_ON_FAILURE): Call Test Case 'Test Cases/Template testcases/TC0768' successfully

2019-04-21 02:56:46 - [TEST_CASE][PASSED] - Test Cases/Template testcases/TC0768: Test Cases/Template testcases/TC0768

2019-04-21 02:56:46 - [TEST_STEP][PASSED] - callTestCase(findTestCase("s-sidebar_navigation/individualAccount/Template"), [:], STOP_ON_FAILURE): Call Test Case 'Test Cases/s-sidebar_navigation/individualAccount/Template' successfully

2019-04-21 02:56:46 - [TEST_CASE][PASSED] - Test Cases/s-sidebar_navigation/individualAccount/Template: Test Cases/s-sidebar_navigation/individualAccount/Template

2019-04-21 02:56:46 - [TEST_STEP][PASSED] - click(findTestObject("Page_KiboPush  Dashboard/span_Broadcasts")): Object: 'Object Repository/Page_KiboPush  Dashboard/span_Broadcasts' is clicked on

2019-04-21 02:56:47 - [MESSAGE][PASSED] - Object: 'Object Repository/Page_KiboPush  Dashboard/span_Broadcasts' is clicked on

2019-04-21 02:56:47 - [TEST_STEP][PASSED] - delay(1): Delayed 1 second(s)

2019-04-21 02:56:48 - [MESSAGE][PASSED] - Delayed 1 second(s)

2019-04-21 02:56:48 - [TEST_STEP][PASSED] - click(findTestObject("Page_KiboPush  Dashboard/span_Templates")): Object: 'Object Repository/Page_KiboPush  Dashboard/span_Templates' is clicked on

2019-04-21 02:56:48 - [MESSAGE][PASSED] - Object: 'Object Repository/Page_KiboPush  Dashboard/span_Templates' is clicked on

2019-04-21 02:56:48 - [TEST_STEP][PASSED] - delay(3): Delayed 3 second(s)

2019-04-21 02:56:51 - [MESSAGE][PASSED] - Delayed 3 second(s)

2019-04-21 02:56:51 - [TEST_STEP][PASSED] - scrollToPosition(0, 0): Browser is scrolled to position x = 0, y = 0

2019-04-21 02:56:51 - [MESSAGE][PASSED] - Browser is scrolled to position x = 0, y = 0

2019-04-21 02:56:51 - [TEST_STEP][PASSED] - click(findTestObject("Object Repository/Page_KiboEngage  Templates/h3_Templates")): Object: 'Object Repository/Page_KiboEngage  Templates/h3_Templates' is clicked on

2019-04-21 02:56:51 - [MESSAGE][PASSED] - Object: 'Object Repository/Page_KiboEngage  Templates/h3_Templates' is clicked on

2019-04-21 02:56:51 - [TEST_STEP][PASSED] - delay(3): Delayed 3 second(s)

2019-04-21 02:56:54 - [MESSAGE][PASSED] - Delayed 3 second(s)

2019-04-21 02:56:54 - [MESSAGE][PASSED] - Call Test Case 'Test Cases/s-sidebar_navigation/individualAccount/Template' successfully

2019-04-21 02:56:54 - [TEST_STEP][PASSED] - click(findTestObject("Object Repository/Page_KiboPush  Dashboard/button_Create New")): Object: 'Object Repository/Page_KiboPush  Dashboard/button_Create New' is clicked on

2019-04-21 02:56:54 - [MESSAGE][PASSED] - Object: 'Object Repository/Page_KiboPush  Dashboard/button_Create New' is clicked on

2019-04-21 02:56:54 - [TEST_STEP][PASSED] - click(findTestObject("Object Repository/Page_KiboPush  Create Broadcast Tem/h3_Create Broadcast Template")): Object: 'Object Repository/Page_KiboPush  Create Broadcast Tem/h3_Create Broadcast Template' is clicked on

2019-04-21 02:56:54 - [MESSAGE][PASSED] - Object: 'Object Repository/Page_KiboPush  Create Broadcast Tem/h3_Create Broadcast Template' is clicked on

2019-04-21 02:56:54 - [MESSAGE][PASSED] - Call Test Case 'Test Cases/Template testcases/TC0768' successfully

2019-04-21 02:56:54 - [TEST_STEP][PASSED] - click(findTestObject("Page_KiboPush  Create Broadcast Tem/h6_List (1)")): Object: 'Object Repository/Page_KiboPush  Create Broadcast Tem/h6_List (1)' is clicked on

2019-04-21 02:56:55 - [MESSAGE][PASSED] - Object: 'Object Repository/Page_KiboPush  Create Broadcast Tem/h6_List (1)' is clicked on

2019-04-21 02:56:55 - [TEST_STEP][PASSED] - click(findTestObject("Object Repository/Page_KiboEngage  Create Broadcast Template/div_New list component added")): Object: 'Object Repository/Page_KiboEngage  Create Broadcast Template/div_New list component added' is clicked on

2019-04-21 02:56:55 - [MESSAGE][PASSED] - Object: 'Object Repository/Page_KiboEngage  Create Broadcast Template/div_New list component added' is clicked on

2019-04-21 02:56:55 - [MESSAGE][PASSED] - Call Test Case 'Test Cases/Template testcases/TC0834' successfully

2019-04-21 02:56:55 - [TEST_STEP][PASSED] - click(findTestObject("Page_KiboPush  Create Broadcast Tem/h6_ Add Button")): Object: 'Object Repository/Page_KiboPush  Create Broadcast Tem/h6_ Add Button' is clicked on

2019-04-21 02:56:55 - [MESSAGE][PASSED] - Object: 'Object Repository/Page_KiboPush  Create Broadcast Tem/h6_ Add Button' is clicked on

2019-04-21 02:56:55 - [TEST_STEP][PASSED] - click(findTestObject("Page_KiboPush  Create Broadcast Tem/button_Cancel")): Object: 'Object Repository/Page_KiboPush  Create Broadcast Tem/button_Cancel' is clicked on

2019-04-21 02:56:55 - [MESSAGE][PASSED] - Object: 'Object Repository/Page_KiboPush  Create Broadcast Tem/button_Cancel' is clicked on

2019-04-21 02:56:55 - [TEST_STEP][PASSED] - delay(2): Delayed 2 second(s)

2019-04-21 02:56:57 - [MESSAGE][PASSED] - Delayed 2 second(s)

2019-04-21 02:56:57 - [TEST_STEP][PASSED] - verifyTextNotPresent("Cancel", false): Text 'Cancel' is not present on page

2019-04-21 02:56:57 - [MESSAGE][PASSED] - Text 'Cancel' is not present on page]]></system-out>
         <system-err><![CDATA[]]></system-err>
      </testcase>
      <testcase name="Test Cases/Template testcases/TC0850" classname="Test Cases/Template testcases/TC0850" status="PASSED">
         <system-out><![CDATA[2019-04-21 02:56:58 - [TEST_CASE][PASSED] - Test Cases/Template testcases/TC0850: Test Cases/Template testcases/TC0850

2019-04-21 02:56:58 - [TEST_STEP][PASSED] - callTestCase(findTestCase("Template testcases/TC0834"), [:], STOP_ON_FAILURE): Call Test Case 'Test Cases/Template testcases/TC0834' successfully

2019-04-21 02:56:58 - [TEST_CASE][PASSED] - Test Cases/Template testcases/TC0834: Test Cases/Template testcases/TC0834

2019-04-21 02:56:58 - [TEST_STEP][PASSED] - callTestCase(findTestCase("Template testcases/TC0768"), [:], STOP_ON_FAILURE): Call Test Case 'Test Cases/Template testcases/TC0768' successfully

2019-04-21 02:56:58 - [TEST_CASE][PASSED] - Test Cases/Template testcases/TC0768: Test Cases/Template testcases/TC0768

2019-04-21 02:56:58 - [TEST_STEP][PASSED] - callTestCase(findTestCase("s-sidebar_navigation/individualAccount/Template"), [:], STOP_ON_FAILURE): Call Test Case 'Test Cases/s-sidebar_navigation/individualAccount/Template' successfully

2019-04-21 02:56:58 - [TEST_CASE][PASSED] - Test Cases/s-sidebar_navigation/individualAccount/Template: Test Cases/s-sidebar_navigation/individualAccount/Template

2019-04-21 02:56:58 - [TEST_STEP][PASSED] - click(findTestObject("Page_KiboPush  Dashboard/span_Broadcasts")): Object: 'Object Repository/Page_KiboPush  Dashboard/span_Broadcasts' is clicked on

2019-04-21 02:56:58 - [MESSAGE][PASSED] - Object: 'Object Repository/Page_KiboPush  Dashboard/span_Broadcasts' is clicked on

2019-04-21 02:56:58 - [TEST_STEP][PASSED] - delay(1): Delayed 1 second(s)

2019-04-21 02:56:59 - [MESSAGE][PASSED] - Delayed 1 second(s)

2019-04-21 02:56:59 - [TEST_STEP][PASSED] - click(findTestObject("Page_KiboPush  Dashboard/span_Templates")): Object: 'Object Repository/Page_KiboPush  Dashboard/span_Templates' is clicked on

2019-04-21 02:56:59 - [MESSAGE][PASSED] - Object: 'Object Repository/Page_KiboPush  Dashboard/span_Templates' is clicked on

2019-04-21 02:56:59 - [TEST_STEP][PASSED] - delay(3): Delayed 3 second(s)

2019-04-21 02:57:02 - [MESSAGE][PASSED] - Delayed 3 second(s)

2019-04-21 02:57:02 - [TEST_STEP][PASSED] - scrollToPosition(0, 0): Browser is scrolled to position x = 0, y = 0

2019-04-21 02:57:02 - [MESSAGE][PASSED] - Browser is scrolled to position x = 0, y = 0

2019-04-21 02:57:02 - [TEST_STEP][PASSED] - click(findTestObject("Object Repository/Page_KiboEngage  Templates/h3_Templates")): Object: 'Object Repository/Page_KiboEngage  Templates/h3_Templates' is clicked on

2019-04-21 02:57:03 - [MESSAGE][PASSED] - Object: 'Object Repository/Page_KiboEngage  Templates/h3_Templates' is clicked on

2019-04-21 02:57:03 - [TEST_STEP][PASSED] - delay(3): Delayed 3 second(s)

2019-04-21 02:57:06 - [MESSAGE][PASSED] - Delayed 3 second(s)

2019-04-21 02:57:06 - [MESSAGE][PASSED] - Call Test Case 'Test Cases/s-sidebar_navigation/individualAccount/Template' successfully

2019-04-21 02:57:06 - [TEST_STEP][PASSED] - click(findTestObject("Object Repository/Page_KiboPush  Dashboard/button_Create New")): Object: 'Object Repository/Page_KiboPush  Dashboard/button_Create New' is clicked on

2019-04-21 02:57:06 - [MESSAGE][PASSED] - Object: 'Object Repository/Page_KiboPush  Dashboard/button_Create New' is clicked on

2019-04-21 02:57:06 - [TEST_STEP][PASSED] - click(findTestObject("Object Repository/Page_KiboPush  Create Broadcast Tem/h3_Create Broadcast Template")): Object: 'Object Repository/Page_KiboPush  Create Broadcast Tem/h3_Create Broadcast Template' is clicked on

2019-04-21 02:57:06 - [MESSAGE][PASSED] - Object: 'Object Repository/Page_KiboPush  Create Broadcast Tem/h3_Create Broadcast Template' is clicked on

2019-04-21 02:57:06 - [MESSAGE][PASSED] - Call Test Case 'Test Cases/Template testcases/TC0768' successfully

2019-04-21 02:57:06 - [TEST_STEP][PASSED] - click(findTestObject("Page_KiboPush  Create Broadcast Tem/h6_List (1)")): Object: 'Object Repository/Page_KiboPush  Create Broadcast Tem/h6_List (1)' is clicked on

2019-04-21 02:57:06 - [MESSAGE][PASSED] - Object: 'Object Repository/Page_KiboPush  Create Broadcast Tem/h6_List (1)' is clicked on

2019-04-21 02:57:06 - [TEST_STEP][PASSED] - click(findTestObject("Object Repository/Page_KiboEngage  Create Broadcast Template/div_New list component added")): Object: 'Object Repository/Page_KiboEngage  Create Broadcast Template/div_New list component added' is clicked on

2019-04-21 02:57:07 - [MESSAGE][PASSED] - Object: 'Object Repository/Page_KiboEngage  Create Broadcast Template/div_New list component added' is clicked on

2019-04-21 02:57:07 - [MESSAGE][PASSED] - Call Test Case 'Test Cases/Template testcases/TC0834' successfully

2019-04-21 02:57:07 - [TEST_STEP][PASSED] - click(findTestObject("Page_KiboPush  Create Broadcast Tem/h6_ Add Button")): Object: 'Object Repository/Page_KiboPush  Create Broadcast Tem/h6_ Add Button' is clicked on

2019-04-21 02:57:07 - [MESSAGE][PASSED] - Object: 'Object Repository/Page_KiboPush  Create Broadcast Tem/h6_ Add Button' is clicked on

2019-04-21 02:57:07 - [TEST_STEP][PASSED] - setText(findTestObject("Page_KiboPush  Create Broadcast Tem/input_form-control (16)"), "google"): Text 'google' is set on object 'Object Repository/Page_KiboPush  Create Broadcast Tem/input_form-control (16)'

2019-04-21 02:57:07 - [MESSAGE][PASSED] - Text 'google' is set on object 'Object Repository/Page_KiboPush  Create Broadcast Tem/input_form-control (16)']]></system-out>
         <system-err><![CDATA[]]></system-err>
      </testcase>
      <testcase name="Test Cases/Template testcases/TC0851" classname="Test Cases/Template testcases/TC0851" status="PASSED">
         <system-out><![CDATA[2019-04-21 02:57:07 - [TEST_CASE][PASSED] - Test Cases/Template testcases/TC0851: Test Cases/Template testcases/TC0851

2019-04-21 02:57:07 - [TEST_STEP][PASSED] - callTestCase(findTestCase("Template testcases/TC0834"), [:], STOP_ON_FAILURE): Call Test Case 'Test Cases/Template testcases/TC0834' successfully

2019-04-21 02:57:07 - [TEST_CASE][PASSED] - Test Cases/Template testcases/TC0834: Test Cases/Template testcases/TC0834

2019-04-21 02:57:07 - [TEST_STEP][PASSED] - callTestCase(findTestCase("Template testcases/TC0768"), [:], STOP_ON_FAILURE): Call Test Case 'Test Cases/Template testcases/TC0768' successfully

2019-04-21 02:57:07 - [TEST_CASE][PASSED] - Test Cases/Template testcases/TC0768: Test Cases/Template testcases/TC0768

2019-04-21 02:57:07 - [TEST_STEP][PASSED] - callTestCase(findTestCase("s-sidebar_navigation/individualAccount/Template"), [:], STOP_ON_FAILURE): Call Test Case 'Test Cases/s-sidebar_navigation/individualAccount/Template' successfully

2019-04-21 02:57:07 - [TEST_CASE][PASSED] - Test Cases/s-sidebar_navigation/individualAccount/Template: Test Cases/s-sidebar_navigation/individualAccount/Template

2019-04-21 02:57:07 - [TEST_STEP][PASSED] - click(findTestObject("Page_KiboPush  Dashboard/span_Broadcasts")): Object: 'Object Repository/Page_KiboPush  Dashboard/span_Broadcasts' is clicked on

2019-04-21 02:57:08 - [MESSAGE][PASSED] - Object: 'Object Repository/Page_KiboPush  Dashboard/span_Broadcasts' is clicked on

2019-04-21 02:57:08 - [TEST_STEP][PASSED] - delay(1): Delayed 1 second(s)

2019-04-21 02:57:09 - [MESSAGE][PASSED] - Delayed 1 second(s)

2019-04-21 02:57:09 - [TEST_STEP][PASSED] - click(findTestObject("Page_KiboPush  Dashboard/span_Templates")): Object: 'Object Repository/Page_KiboPush  Dashboard/span_Templates' is clicked on

2019-04-21 02:57:09 - [MESSAGE][PASSED] - Object: 'Object Repository/Page_KiboPush  Dashboard/span_Templates' is clicked on

2019-04-21 02:57:09 - [TEST_STEP][PASSED] - delay(3): Delayed 3 second(s)

2019-04-21 02:57:12 - [MESSAGE][PASSED] - Delayed 3 second(s)

2019-04-21 02:57:12 - [TEST_STEP][PASSED] - scrollToPosition(0, 0): Browser is scrolled to position x = 0, y = 0

2019-04-21 02:57:12 - [MESSAGE][PASSED] - Browser is scrolled to position x = 0, y = 0

2019-04-21 02:57:12 - [TEST_STEP][PASSED] - click(findTestObject("Object Repository/Page_KiboEngage  Templates/h3_Templates")): Object: 'Object Repository/Page_KiboEngage  Templates/h3_Templates' is clicked on

2019-04-21 02:57:12 - [MESSAGE][PASSED] - Object: 'Object Repository/Page_KiboEngage  Templates/h3_Templates' is clicked on

2019-04-21 02:57:12 - [TEST_STEP][PASSED] - delay(3): Delayed 3 second(s)

2019-04-21 02:57:15 - [MESSAGE][PASSED] - Delayed 3 second(s)

2019-04-21 02:57:15 - [MESSAGE][PASSED] - Call Test Case 'Test Cases/s-sidebar_navigation/individualAccount/Template' successfully

2019-04-21 02:57:15 - [TEST_STEP][PASSED] - click(findTestObject("Object Repository/Page_KiboPush  Dashboard/button_Create New")): Object: 'Object Repository/Page_KiboPush  Dashboard/button_Create New' is clicked on

2019-04-21 02:57:15 - [MESSAGE][PASSED] - Object: 'Object Repository/Page_KiboPush  Dashboard/button_Create New' is clicked on

2019-04-21 02:57:15 - [TEST_STEP][PASSED] - click(findTestObject("Object Repository/Page_KiboPush  Create Broadcast Tem/h3_Create Broadcast Template")): Object: 'Object Repository/Page_KiboPush  Create Broadcast Tem/h3_Create Broadcast Template' is clicked on

2019-04-21 02:57:16 - [MESSAGE][PASSED] - Object: 'Object Repository/Page_KiboPush  Create Broadcast Tem/h3_Create Broadcast Template' is clicked on

2019-04-21 02:57:16 - [MESSAGE][PASSED] - Call Test Case 'Test Cases/Template testcases/TC0768' successfully

2019-04-21 02:57:16 - [TEST_STEP][PASSED] - click(findTestObject("Page_KiboPush  Create Broadcast Tem/h6_List (1)")): Object: 'Object Repository/Page_KiboPush  Create Broadcast Tem/h6_List (1)' is clicked on

2019-04-21 02:57:16 - [MESSAGE][PASSED] - Object: 'Object Repository/Page_KiboPush  Create Broadcast Tem/h6_List (1)' is clicked on

2019-04-21 02:57:16 - [TEST_STEP][PASSED] - click(findTestObject("Object Repository/Page_KiboEngage  Create Broadcast Template/div_New list component added")): Object: 'Object Repository/Page_KiboEngage  Create Broadcast Template/div_New list component added' is clicked on

2019-04-21 02:57:16 - [MESSAGE][PASSED] - Object: 'Object Repository/Page_KiboEngage  Create Broadcast Template/div_New list component added' is clicked on

2019-04-21 02:57:16 - [MESSAGE][PASSED] - Call Test Case 'Test Cases/Template testcases/TC0834' successfully

2019-04-21 02:57:16 - [TEST_STEP][PASSED] - click(findTestObject("Page_KiboPush  Create Broadcast Tem/h6_ Add Button")): Object: 'Object Repository/Page_KiboPush  Create Broadcast Tem/h6_ Add Button' is clicked on

2019-04-21 02:57:16 - [MESSAGE][PASSED] - Object: 'Object Repository/Page_KiboPush  Create Broadcast Tem/h6_ Add Button' is clicked on

2019-04-21 02:57:16 - [TEST_STEP][PASSED] - setText(findTestObject("Page_KiboPush  Create Broadcast Tem/input_form-control (16)"), "google"): Text 'google' is set on object 'Object Repository/Page_KiboPush  Create Broadcast Tem/input_form-control (16)'

2019-04-21 02:57:16 - [MESSAGE][PASSED] - Text 'google' is set on object 'Object Repository/Page_KiboPush  Create Broadcast Tem/input_form-control (16)']]></system-out>
         <system-err><![CDATA[]]></system-err>
      </testcase>
      <testcase name="Test Cases/Template testcases/TC0852" classname="Test Cases/Template testcases/TC0852" status="FAILED">
         <failure type="FAILED" message="Test Cases/Template testcases/TC0852 FAILED.
Reason:
com.kms.katalon.core.exception.StepFailedException: Actual object '0' and expected object '5' are not equal
	at com.kms.katalon.core.keyword.builtin.VerifyEqualKeyword$_verifyEqual_closure1.doCall(VerifyEqualKeyword.groovy:58)
	at com.kms.katalon.core.keyword.builtin.VerifyEqualKeyword$_verifyEqual_closure1.call(VerifyEqualKeyword.groovy)
	at com.kms.katalon.core.keyword.internal.KeywordMain.runKeyword(KeywordMain.groovy:66)
	at com.kms.katalon.core.keyword.builtin.VerifyEqualKeyword.verifyEqual(VerifyEqualKeyword.groovy:63)
	at com.kms.katalon.core.keyword.builtin.VerifyEqualKeyword.execute(VerifyEqualKeyword.groovy:44)
	at com.kms.katalon.core.keyword.internal.KeywordExecutor.executeKeywordForPlatform(KeywordExecutor.groovy:56)
	at com.kms.katalon.core.keyword.BuiltinKeywords.verifyEqual(BuiltinKeywords.groovy:141)
	at TC0852.run(TC0852:36)
	at com.kms.katalon.core.main.ScriptEngine.run(ScriptEngine.java:194)
	at com.kms.katalon.core.main.ScriptEngine.runScriptAsRawText(ScriptEngine.java:119)
	at com.kms.katalon.core.main.TestCaseExecutor.runScript(TestCaseExecutor.java:336)
	at com.kms.katalon.core.main.TestCaseExecutor.doExecute(TestCaseExecutor.java:327)
	at com.kms.katalon.core.main.TestCaseExecutor.processExecutionPhase(TestCaseExecutor.java:306)
	at com.kms.katalon.core.main.TestCaseExecutor.accessMainPhase(TestCaseExecutor.java:298)
	at com.kms.katalon.core.main.TestCaseExecutor.execute(TestCaseExecutor.java:232)
	at com.kms.katalon.core.main.TestSuiteExecutor.accessTestCaseMainPhase(TestSuiteExecutor.java:129)
	at com.kms.katalon.core.main.TestSuiteExecutor.accessTestSuiteMainPhase(TestSuiteExecutor.java:112)
	at com.kms.katalon.core.main.TestSuiteExecutor.execute(TestSuiteExecutor.java:81)
	at com.kms.katalon.core.main.TestCaseMain.startTestSuite(TestCaseMain.java:157)
	at com.kms.katalon.core.main.TestCaseMain$startTestSuite$0.call(Unknown Source)
	at TempTestSuite1555795243480.run(TempTestSuite1555795243480.groovy:35)
"/>
         <system-out><![CDATA[2019-04-21 02:57:17 - [TEST_CASE][FAILED] - Test Cases/Template testcases/TC0852: Test Cases/Template testcases/TC0852 FAILED.
Reason:
com.kms.katalon.core.exception.StepFailedException: Actual object '0' and expected object '5' are not equal
	at com.kms.katalon.core.keyword.builtin.VerifyEqualKeyword$_verifyEqual_closure1.doCall(VerifyEqualKeyword.groovy:58)
	at com.kms.katalon.core.keyword.builtin.VerifyEqualKeyword$_verifyEqual_closure1.call(VerifyEqualKeyword.groovy)
	at com.kms.katalon.core.keyword.internal.KeywordMain.runKeyword(KeywordMain.groovy:66)
	at com.kms.katalon.core.keyword.builtin.VerifyEqualKeyword.verifyEqual(VerifyEqualKeyword.groovy:63)
	at com.kms.katalon.core.keyword.builtin.VerifyEqualKeyword.execute(VerifyEqualKeyword.groovy:44)
	at com.kms.katalon.core.keyword.internal.KeywordExecutor.executeKeywordForPlatform(KeywordExecutor.groovy:56)
	at com.kms.katalon.core.keyword.BuiltinKeywords.verifyEqual(BuiltinKeywords.groovy:141)
	at TC0852.run(TC0852:36)
	at com.kms.katalon.core.main.ScriptEngine.run(ScriptEngine.java:194)
	at com.kms.katalon.core.main.ScriptEngine.runScriptAsRawText(ScriptEngine.java:119)
	at com.kms.katalon.core.main.TestCaseExecutor.runScript(TestCaseExecutor.java:336)
	at com.kms.katalon.core.main.TestCaseExecutor.doExecute(TestCaseExecutor.java:327)
	at com.kms.katalon.core.main.TestCaseExecutor.processExecutionPhase(TestCaseExecutor.java:306)
	at com.kms.katalon.core.main.TestCaseExecutor.accessMainPhase(TestCaseExecutor.java:298)
	at com.kms.katalon.core.main.TestCaseExecutor.execute(TestCaseExecutor.java:232)
	at com.kms.katalon.core.main.TestSuiteExecutor.accessTestCaseMainPhase(TestSuiteExecutor.java:129)
	at com.kms.katalon.core.main.TestSuiteExecutor.accessTestSuiteMainPhase(TestSuiteExecutor.java:112)
	at com.kms.katalon.core.main.TestSuiteExecutor.execute(TestSuiteExecutor.java:81)
	at com.kms.katalon.core.main.TestCaseMain.startTestSuite(TestCaseMain.java:157)
	at com.kms.katalon.core.main.TestCaseMain$startTestSuite$0.call(Unknown Source)
	at TempTestSuite1555795243480.run(TempTestSuite1555795243480.groovy:35)


2019-04-21 02:57:17 - [TEST_STEP][PASSED] - callTestCase(findTestCase("Template testcases/TC0834"), [:], STOP_ON_FAILURE): Call Test Case 'Test Cases/Template testcases/TC0834' successfully

2019-04-21 02:57:17 - [TEST_CASE][PASSED] - Test Cases/Template testcases/TC0834: Test Cases/Template testcases/TC0834

2019-04-21 02:57:17 - [TEST_STEP][PASSED] - callTestCase(findTestCase("Template testcases/TC0768"), [:], STOP_ON_FAILURE): Call Test Case 'Test Cases/Template testcases/TC0768' successfully

2019-04-21 02:57:17 - [TEST_CASE][PASSED] - Test Cases/Template testcases/TC0768: Test Cases/Template testcases/TC0768

2019-04-21 02:57:17 - [TEST_STEP][PASSED] - callTestCase(findTestCase("s-sidebar_navigation/individualAccount/Template"), [:], STOP_ON_FAILURE): Call Test Case 'Test Cases/s-sidebar_navigation/individualAccount/Template' successfully

2019-04-21 02:57:17 - [TEST_CASE][PASSED] - Test Cases/s-sidebar_navigation/individualAccount/Template: Test Cases/s-sidebar_navigation/individualAccount/Template

2019-04-21 02:57:17 - [TEST_STEP][PASSED] - click(findTestObject("Page_KiboPush  Dashboard/span_Broadcasts")): Object: 'Object Repository/Page_KiboPush  Dashboard/span_Broadcasts' is clicked on

2019-04-21 02:57:17 - [MESSAGE][PASSED] - Object: 'Object Repository/Page_KiboPush  Dashboard/span_Broadcasts' is clicked on

2019-04-21 02:57:17 - [TEST_STEP][PASSED] - delay(1): Delayed 1 second(s)

2019-04-21 02:57:18 - [MESSAGE][PASSED] - Delayed 1 second(s)

2019-04-21 02:57:18 - [TEST_STEP][PASSED] - click(findTestObject("Page_KiboPush  Dashboard/span_Templates")): Object: 'Object Repository/Page_KiboPush  Dashboard/span_Templates' is clicked on

2019-04-21 02:57:18 - [MESSAGE][PASSED] - Object: 'Object Repository/Page_KiboPush  Dashboard/span_Templates' is clicked on

2019-04-21 02:57:18 - [TEST_STEP][PASSED] - delay(3): Delayed 3 second(s)

2019-04-21 02:57:21 - [MESSAGE][PASSED] - Delayed 3 second(s)

2019-04-21 02:57:21 - [TEST_STEP][PASSED] - scrollToPosition(0, 0): Browser is scrolled to position x = 0, y = 0

2019-04-21 02:57:21 - [MESSAGE][PASSED] - Browser is scrolled to position x = 0, y = 0

2019-04-21 02:57:21 - [TEST_STEP][PASSED] - click(findTestObject("Object Repository/Page_KiboEngage  Templates/h3_Templates")): Object: 'Object Repository/Page_KiboEngage  Templates/h3_Templates' is clicked on

2019-04-21 02:57:22 - [MESSAGE][PASSED] - Object: 'Object Repository/Page_KiboEngage  Templates/h3_Templates' is clicked on

2019-04-21 02:57:22 - [TEST_STEP][PASSED] - delay(3): Delayed 3 second(s)

2019-04-21 02:57:25 - [MESSAGE][PASSED] - Delayed 3 second(s)

2019-04-21 02:57:25 - [MESSAGE][PASSED] - Call Test Case 'Test Cases/s-sidebar_navigation/individualAccount/Template' successfully

2019-04-21 02:57:25 - [TEST_STEP][PASSED] - click(findTestObject("Object Repository/Page_KiboPush  Dashboard/button_Create New")): Object: 'Object Repository/Page_KiboPush  Dashboard/button_Create New' is clicked on

2019-04-21 02:57:25 - [MESSAGE][PASSED] - Object: 'Object Repository/Page_KiboPush  Dashboard/button_Create New' is clicked on

2019-04-21 02:57:25 - [TEST_STEP][PASSED] - click(findTestObject("Object Repository/Page_KiboPush  Create Broadcast Tem/h3_Create Broadcast Template")): Object: 'Object Repository/Page_KiboPush  Create Broadcast Tem/h3_Create Broadcast Template' is clicked on

2019-04-21 02:57:25 - [MESSAGE][PASSED] - Object: 'Object Repository/Page_KiboPush  Create Broadcast Tem/h3_Create Broadcast Template' is clicked on

2019-04-21 02:57:25 - [MESSAGE][PASSED] - Call Test Case 'Test Cases/Template testcases/TC0768' successfully

2019-04-21 02:57:25 - [TEST_STEP][PASSED] - click(findTestObject("Page_KiboPush  Create Broadcast Tem/h6_List (1)")): Object: 'Object Repository/Page_KiboPush  Create Broadcast Tem/h6_List (1)' is clicked on

2019-04-21 02:57:25 - [MESSAGE][PASSED] - Object: 'Object Repository/Page_KiboPush  Create Broadcast Tem/h6_List (1)' is clicked on

2019-04-21 02:57:25 - [TEST_STEP][PASSED] - click(findTestObject("Object Repository/Page_KiboEngage  Create Broadcast Template/div_New list component added")): Object: 'Object Repository/Page_KiboEngage  Create Broadcast Template/div_New list component added' is clicked on

2019-04-21 02:57:25 - [MESSAGE][PASSED] - Object: 'Object Repository/Page_KiboEngage  Create Broadcast Template/div_New list component added' is clicked on

2019-04-21 02:57:25 - [MESSAGE][PASSED] - Call Test Case 'Test Cases/Template testcases/TC0834' successfully

2019-04-21 02:57:25 - [TEST_STEP][PASSED] - click(findTestObject("Object Repository/Page_KiboPush  Create Broadcast Tem/h6_ Add Element")): Object: 'Object Repository/Page_KiboPush  Create Broadcast Tem/h6_ Add Element' is clicked on

2019-04-21 02:57:26 - [MESSAGE][PASSED] - Object: 'Object Repository/Page_KiboPush  Create Broadcast Tem/h6_ Add Element' is clicked on

2019-04-21 02:57:26 - [TEST_STEP][PASSED] - delay(2): Delayed 2 second(s)

2019-04-21 02:57:28 - [MESSAGE][PASSED] - Delayed 2 second(s)

2019-04-21 02:57:28 - [TEST_STEP][PASSED] - driver = getWebDriver(): null

2019-04-21 02:57:28 - [TEST_STEP][PASSED] - element = driver.findElements(By.xpath("//*[@id="List1"]/div/div/div[3]/div")): null

2019-04-21 02:57:28 - [TEST_STEP][FAILED] - verifyEqual(element.size(), 5): Unable to verify equal between actual object '0' and expected object '5' (Root cause: com.kms.katalon.core.exception.StepFailedException: Actual object '0' and expected object '5' are not equal
	at com.kms.katalon.core.keyword.builtin.VerifyEqualKeyword$_verifyEqual_closure1.doCall(VerifyEqualKeyword.groovy:58)
	at com.kms.katalon.core.keyword.builtin.VerifyEqualKeyword$_verifyEqual_closure1.call(VerifyEqualKeyword.groovy)
	at com.kms.katalon.core.keyword.internal.KeywordMain.runKeyword(KeywordMain.groovy:66)
	at com.kms.katalon.core.keyword.builtin.VerifyEqualKeyword.verifyEqual(VerifyEqualKeyword.groovy:63)
	at com.kms.katalon.core.keyword.builtin.VerifyEqualKeyword.execute(VerifyEqualKeyword.groovy:44)
	at com.kms.katalon.core.keyword.internal.KeywordExecutor.executeKeywordForPlatform(KeywordExecutor.groovy:56)
	at com.kms.katalon.core.keyword.BuiltinKeywords.verifyEqual(BuiltinKeywords.groovy:141)
	at TC0852.run(TC0852:36)
	at com.kms.katalon.core.main.ScriptEngine.run(ScriptEngine.java:194)
	at com.kms.katalon.core.main.ScriptEngine.runScriptAsRawText(ScriptEngine.java:119)
	at com.kms.katalon.core.main.TestCaseExecutor.runScript(TestCaseExecutor.java:336)
	at com.kms.katalon.core.main.TestCaseExecutor.doExecute(TestCaseExecutor.java:327)
	at com.kms.katalon.core.main.TestCaseExecutor.processExecutionPhase(TestCaseExecutor.java:306)
	at com.kms.katalon.core.main.TestCaseExecutor.accessMainPhase(TestCaseExecutor.java:298)
	at com.kms.katalon.core.main.TestCaseExecutor.execute(TestCaseExecutor.java:232)
	at com.kms.katalon.core.main.TestSuiteExecutor.accessTestCaseMainPhase(TestSuiteExecutor.java:129)
	at com.kms.katalon.core.main.TestSuiteExecutor.accessTestSuiteMainPhase(TestSuiteExecutor.java:112)
	at com.kms.katalon.core.main.TestSuiteExecutor.execute(TestSuiteExecutor.java:81)
	at com.kms.katalon.core.main.TestCaseMain.startTestSuite(TestCaseMain.java:157)
	at com.kms.katalon.core.main.TestCaseMain$startTestSuite$0.call(Unknown Source)
	at TempTestSuite1555795243480.run(TempTestSuite1555795243480.groovy:35)
)

2019-04-21 02:57:28 - [MESSAGE][FAILED] - Unable to verify equal between actual object '0' and expected object '5' (Root cause: com.kms.katalon.core.exception.StepFailedException: Actual object '0' and expected object '5' are not equal
	at com.kms.katalon.core.keyword.builtin.VerifyEqualKeyword$_verifyEqual_closure1.doCall(VerifyEqualKeyword.groovy:58)
	at com.kms.katalon.core.keyword.builtin.VerifyEqualKeyword$_verifyEqual_closure1.call(VerifyEqualKeyword.groovy)
	at com.kms.katalon.core.keyword.internal.KeywordMain.runKeyword(KeywordMain.groovy:66)
	at com.kms.katalon.core.keyword.builtin.VerifyEqualKeyword.verifyEqual(VerifyEqualKeyword.groovy:63)
	at com.kms.katalon.core.keyword.builtin.VerifyEqualKeyword.execute(VerifyEqualKeyword.groovy:44)
	at com.kms.katalon.core.keyword.internal.KeywordExecutor.executeKeywordForPlatform(KeywordExecutor.groovy:56)
	at com.kms.katalon.core.keyword.BuiltinKeywords.verifyEqual(BuiltinKeywords.groovy:141)
	at TC0852.run(TC0852:36)
	at com.kms.katalon.core.main.ScriptEngine.run(ScriptEngine.java:194)
	at com.kms.katalon.core.main.ScriptEngine.runScriptAsRawText(ScriptEngine.java:119)
	at com.kms.katalon.core.main.TestCaseExecutor.runScript(TestCaseExecutor.java:336)
	at com.kms.katalon.core.main.TestCaseExecutor.doExecute(TestCaseExecutor.java:327)
	at com.kms.katalon.core.main.TestCaseExecutor.processExecutionPhase(TestCaseExecutor.java:306)
	at com.kms.katalon.core.main.TestCaseExecutor.accessMainPhase(TestCaseExecutor.java:298)
	at com.kms.katalon.core.main.TestCaseExecutor.execute(TestCaseExecutor.java:232)
	at com.kms.katalon.core.main.TestSuiteExecutor.accessTestCaseMainPhase(TestSuiteExecutor.java:129)
	at com.kms.katalon.core.main.TestSuiteExecutor.accessTestSuiteMainPhase(TestSuiteExecutor.java:112)
	at com.kms.katalon.core.main.TestSuiteExecutor.execute(TestSuiteExecutor.java:81)
	at com.kms.katalon.core.main.TestCaseMain.startTestSuite(TestCaseMain.java:157)
	at com.kms.katalon.core.main.TestCaseMain$startTestSuite$0.call(Unknown Source)
	at TempTestSuite1555795243480.run(TempTestSuite1555795243480.groovy:35)
)]]></system-out>
         <system-err><![CDATA[2019-04-21 02:57:17 - [TEST_CASE][FAILED] - Test Cases/Template testcases/TC0852: Test Cases/Template testcases/TC0852 FAILED.
Reason:
com.kms.katalon.core.exception.StepFailedException: Actual object '0' and expected object '5' are not equal
	at com.kms.katalon.core.keyword.builtin.VerifyEqualKeyword$_verifyEqual_closure1.doCall(VerifyEqualKeyword.groovy:58)
	at com.kms.katalon.core.keyword.builtin.VerifyEqualKeyword$_verifyEqual_closure1.call(VerifyEqualKeyword.groovy)
	at com.kms.katalon.core.keyword.internal.KeywordMain.runKeyword(KeywordMain.groovy:66)
	at com.kms.katalon.core.keyword.builtin.VerifyEqualKeyword.verifyEqual(VerifyEqualKeyword.groovy:63)
	at com.kms.katalon.core.keyword.builtin.VerifyEqualKeyword.execute(VerifyEqualKeyword.groovy:44)
	at com.kms.katalon.core.keyword.internal.KeywordExecutor.executeKeywordForPlatform(KeywordExecutor.groovy:56)
	at com.kms.katalon.core.keyword.BuiltinKeywords.verifyEqual(BuiltinKeywords.groovy:141)
	at TC0852.run(TC0852:36)
	at com.kms.katalon.core.main.ScriptEngine.run(ScriptEngine.java:194)
	at com.kms.katalon.core.main.ScriptEngine.runScriptAsRawText(ScriptEngine.java:119)
	at com.kms.katalon.core.main.TestCaseExecutor.runScript(TestCaseExecutor.java:336)
	at com.kms.katalon.core.main.TestCaseExecutor.doExecute(TestCaseExecutor.java:327)
	at com.kms.katalon.core.main.TestCaseExecutor.processExecutionPhase(TestCaseExecutor.java:306)
	at com.kms.katalon.core.main.TestCaseExecutor.accessMainPhase(TestCaseExecutor.java:298)
	at com.kms.katalon.core.main.TestCaseExecutor.execute(TestCaseExecutor.java:232)
	at com.kms.katalon.core.main.TestSuiteExecutor.accessTestCaseMainPhase(TestSuiteExecutor.java:129)
	at com.kms.katalon.core.main.TestSuiteExecutor.accessTestSuiteMainPhase(TestSuiteExecutor.java:112)
	at com.kms.katalon.core.main.TestSuiteExecutor.execute(TestSuiteExecutor.java:81)
	at com.kms.katalon.core.main.TestCaseMain.startTestSuite(TestCaseMain.java:157)
	at com.kms.katalon.core.main.TestCaseMain$startTestSuite$0.call(Unknown Source)
	at TempTestSuite1555795243480.run(TempTestSuite1555795243480.groovy:35)]]></system-err>
      </testcase>
      <testcase name="Test Cases/Template testcases/TC0853" classname="Test Cases/Template testcases/TC0853" status="FAILED">
         <failure type="FAILED" message="Test Cases/Template testcases/TC0853 FAILED.
Reason:
com.kms.katalon.core.exception.StepFailedException: Unable to click on object 'Object Repository/Page_KiboEngage  Create Broadcast Template/div_ Add Button (2) (1)'
	at com.kms.katalon.core.webui.keyword.internal.WebUIKeywordMain.stepFailed(WebUIKeywordMain.groovy:64)
	at com.kms.katalon.core.webui.keyword.internal.WebUIKeywordMain.runKeyword(WebUIKeywordMain.groovy:26)
	at com.kms.katalon.core.webui.keyword.builtin.ClickKeyword.click(ClickKeyword.groovy:86)
	at com.kms.katalon.core.webui.keyword.builtin.ClickKeyword.execute(ClickKeyword.groovy:67)
	at com.kms.katalon.core.keyword.internal.KeywordExecutor.executeKeywordForPlatform(KeywordExecutor.groovy:56)
	at com.kms.katalon.core.webui.keyword.WebUiBuiltInKeywords.click(WebUiBuiltInKeywords.groovy:616)
	at com.kms.katalon.core.webui.keyword.WebUiBuiltInKeywords$click$2.call(Unknown Source)
	at TC0853.run(TC0853:45)
	at com.kms.katalon.core.main.ScriptEngine.run(ScriptEngine.java:194)
	at com.kms.katalon.core.main.ScriptEngine.runScriptAsRawText(ScriptEngine.java:119)
	at com.kms.katalon.core.main.TestCaseExecutor.runScript(TestCaseExecutor.java:336)
	at com.kms.katalon.core.main.TestCaseExecutor.doExecute(TestCaseExecutor.java:327)
	at com.kms.katalon.core.main.TestCaseExecutor.processExecutionPhase(TestCaseExecutor.java:306)
	at com.kms.katalon.core.main.TestCaseExecutor.accessMainPhase(TestCaseExecutor.java:298)
	at com.kms.katalon.core.main.TestCaseExecutor.execute(TestCaseExecutor.java:232)
	at com.kms.katalon.core.main.TestSuiteExecutor.accessTestCaseMainPhase(TestSuiteExecutor.java:129)
	at com.kms.katalon.core.main.TestSuiteExecutor.accessTestSuiteMainPhase(TestSuiteExecutor.java:112)
	at com.kms.katalon.core.main.TestSuiteExecutor.execute(TestSuiteExecutor.java:81)
	at com.kms.katalon.core.main.TestCaseMain.startTestSuite(TestCaseMain.java:157)
	at com.kms.katalon.core.main.TestCaseMain$startTestSuite$0.call(Unknown Source)
	at TempTestSuite1555795243480.run(TempTestSuite1555795243480.groovy:35)
Caused by: com.kms.katalon.core.webui.exception.WebElementNotFoundException: Web element with id: 'Object Repository/Page_KiboEngage  Create Broadcast Template/div_ Add Button (2) (1)' located by 'By.xpath: id(&quot;List1&quot;)/div[@class=&quot;draggable&quot;]/div[@class=&quot;broadcast-component&quot;]/div[@class=&quot;broadcast-component&quot;]/div[2]/div[@class=&quot;ui-block hoverbordersolid&quot;]/div[@class=&quot;row&quot;]/div[@class=&quot;col-md-6&quot;]/div[@class=&quot;ui-block hoverborder&quot;][count(. | //div[(text() = ' + Add Button ' or . = ' + Add Button ')]) = count(//div[(text() = ' + Add Button ' or . = ' + Add Button ')])]' not found
	at com.kms.katalon.core.webui.common.WebUiCommonHelper.findWebElement(WebUiCommonHelper.java:1097)
	at com.kms.katalon.core.webui.keyword.internal.WebUIAbstractKeyword.findWebElement(WebUIAbstractKeyword.groovy:27)
	at com.kms.katalon.core.webui.keyword.internal.WebUIAbstractKeyword.findWebElement(WebUIAbstractKeyword.groovy:26)
	at com.kms.katalon.core.webui.keyword.builtin.ClickKeyword$_click_closure1.doCall(ClickKeyword.groovy:77)
	at com.kms.katalon.core.webui.keyword.builtin.ClickKeyword$_click_closure1.call(ClickKeyword.groovy)
	at com.kms.katalon.core.webui.keyword.internal.WebUIKeywordMain.runKeyword(WebUIKeywordMain.groovy:20)
	at com.kms.katalon.core.webui.keyword.builtin.ClickKeyword.click(ClickKeyword.groovy:86)
	at com.kms.katalon.core.webui.keyword.builtin.ClickKeyword.execute(ClickKeyword.groovy:67)
	at com.kms.katalon.core.keyword.internal.KeywordExecutor.executeKeywordForPlatform(KeywordExecutor.groovy:56)
	at com.kms.katalon.core.webui.keyword.WebUiBuiltInKeywords.click(WebUiBuiltInKeywords.groovy:616)
	at com.kms.katalon.core.webui.keyword.WebUiBuiltInKeywords$click$2.call(Unknown Source)
	at Script1537103307436.run(Script1537103307436.groovy:45)
	... 13 more
"/>
         <system-out><![CDATA[2019-04-21 02:57:28 - [TEST_CASE][FAILED] - Test Cases/Template testcases/TC0853: Test Cases/Template testcases/TC0853 FAILED.
Reason:
com.kms.katalon.core.exception.StepFailedException: Unable to click on object 'Object Repository/Page_KiboEngage  Create Broadcast Template/div_ Add Button (2) (1)'
	at com.kms.katalon.core.webui.keyword.internal.WebUIKeywordMain.stepFailed(WebUIKeywordMain.groovy:64)
	at com.kms.katalon.core.webui.keyword.internal.WebUIKeywordMain.runKeyword(WebUIKeywordMain.groovy:26)
	at com.kms.katalon.core.webui.keyword.builtin.ClickKeyword.click(ClickKeyword.groovy:86)
	at com.kms.katalon.core.webui.keyword.builtin.ClickKeyword.execute(ClickKeyword.groovy:67)
	at com.kms.katalon.core.keyword.internal.KeywordExecutor.executeKeywordForPlatform(KeywordExecutor.groovy:56)
	at com.kms.katalon.core.webui.keyword.WebUiBuiltInKeywords.click(WebUiBuiltInKeywords.groovy:616)
	at com.kms.katalon.core.webui.keyword.WebUiBuiltInKeywords$click$2.call(Unknown Source)
	at TC0853.run(TC0853:45)
	at com.kms.katalon.core.main.ScriptEngine.run(ScriptEngine.java:194)
	at com.kms.katalon.core.main.ScriptEngine.runScriptAsRawText(ScriptEngine.java:119)
	at com.kms.katalon.core.main.TestCaseExecutor.runScript(TestCaseExecutor.java:336)
	at com.kms.katalon.core.main.TestCaseExecutor.doExecute(TestCaseExecutor.java:327)
	at com.kms.katalon.core.main.TestCaseExecutor.processExecutionPhase(TestCaseExecutor.java:306)
	at com.kms.katalon.core.main.TestCaseExecutor.accessMainPhase(TestCaseExecutor.java:298)
	at com.kms.katalon.core.main.TestCaseExecutor.execute(TestCaseExecutor.java:232)
	at com.kms.katalon.core.main.TestSuiteExecutor.accessTestCaseMainPhase(TestSuiteExecutor.java:129)
	at com.kms.katalon.core.main.TestSuiteExecutor.accessTestSuiteMainPhase(TestSuiteExecutor.java:112)
	at com.kms.katalon.core.main.TestSuiteExecutor.execute(TestSuiteExecutor.java:81)
	at com.kms.katalon.core.main.TestCaseMain.startTestSuite(TestCaseMain.java:157)
	at com.kms.katalon.core.main.TestCaseMain$startTestSuite$0.call(Unknown Source)
	at TempTestSuite1555795243480.run(TempTestSuite1555795243480.groovy:35)
Caused by: com.kms.katalon.core.webui.exception.WebElementNotFoundException: Web element with id: 'Object Repository/Page_KiboEngage  Create Broadcast Template/div_ Add Button (2) (1)' located by 'By.xpath: id("List1")/div[@class="draggable"]/div[@class="broadcast-component"]/div[@class="broadcast-component"]/div[2]/div[@class="ui-block hoverbordersolid"]/div[@class="row"]/div[@class="col-md-6"]/div[@class="ui-block hoverborder"][count(. | //div[(text() = ' + Add Button ' or . = ' + Add Button ')]) = count(//div[(text() = ' + Add Button ' or . = ' + Add Button ')])]' not found
	at com.kms.katalon.core.webui.common.WebUiCommonHelper.findWebElement(WebUiCommonHelper.java:1097)
	at com.kms.katalon.core.webui.keyword.internal.WebUIAbstractKeyword.findWebElement(WebUIAbstractKeyword.groovy:27)
	at com.kms.katalon.core.webui.keyword.internal.WebUIAbstractKeyword.findWebElement(WebUIAbstractKeyword.groovy:26)
	at com.kms.katalon.core.webui.keyword.builtin.ClickKeyword$_click_closure1.doCall(ClickKeyword.groovy:77)
	at com.kms.katalon.core.webui.keyword.builtin.ClickKeyword$_click_closure1.call(ClickKeyword.groovy)
	at com.kms.katalon.core.webui.keyword.internal.WebUIKeywordMain.runKeyword(WebUIKeywordMain.groovy:20)
	at com.kms.katalon.core.webui.keyword.builtin.ClickKeyword.click(ClickKeyword.groovy:86)
	at com.kms.katalon.core.webui.keyword.builtin.ClickKeyword.execute(ClickKeyword.groovy:67)
	at com.kms.katalon.core.keyword.internal.KeywordExecutor.executeKeywordForPlatform(KeywordExecutor.groovy:56)
	at com.kms.katalon.core.webui.keyword.WebUiBuiltInKeywords.click(WebUiBuiltInKeywords.groovy:616)
	at com.kms.katalon.core.webui.keyword.WebUiBuiltInKeywords$click$2.call(Unknown Source)
	at Script1537103307436.run(Script1537103307436.groovy:45)
	... 13 more


2019-04-21 02:57:28 - [TEST_STEP][PASSED] - callTestCase(findTestCase("Template testcases/TC0834"), [:], STOP_ON_FAILURE): Call Test Case 'Test Cases/Template testcases/TC0834' successfully

2019-04-21 02:57:28 - [TEST_CASE][PASSED] - Test Cases/Template testcases/TC0834: Test Cases/Template testcases/TC0834

2019-04-21 02:57:28 - [TEST_STEP][PASSED] - callTestCase(findTestCase("Template testcases/TC0768"), [:], STOP_ON_FAILURE): Call Test Case 'Test Cases/Template testcases/TC0768' successfully

2019-04-21 02:57:28 - [TEST_CASE][PASSED] - Test Cases/Template testcases/TC0768: Test Cases/Template testcases/TC0768

2019-04-21 02:57:28 - [TEST_STEP][PASSED] - callTestCase(findTestCase("s-sidebar_navigation/individualAccount/Template"), [:], STOP_ON_FAILURE): Call Test Case 'Test Cases/s-sidebar_navigation/individualAccount/Template' successfully

2019-04-21 02:57:28 - [TEST_CASE][PASSED] - Test Cases/s-sidebar_navigation/individualAccount/Template: Test Cases/s-sidebar_navigation/individualAccount/Template

2019-04-21 02:57:28 - [TEST_STEP][PASSED] - click(findTestObject("Page_KiboPush  Dashboard/span_Broadcasts")): Object: 'Object Repository/Page_KiboPush  Dashboard/span_Broadcasts' is clicked on

2019-04-21 02:57:28 - [MESSAGE][PASSED] - Object: 'Object Repository/Page_KiboPush  Dashboard/span_Broadcasts' is clicked on

2019-04-21 02:57:28 - [TEST_STEP][PASSED] - delay(1): Delayed 1 second(s)

2019-04-21 02:57:29 - [MESSAGE][PASSED] - Delayed 1 second(s)

2019-04-21 02:57:29 - [TEST_STEP][PASSED] - click(findTestObject("Page_KiboPush  Dashboard/span_Templates")): Object: 'Object Repository/Page_KiboPush  Dashboard/span_Templates' is clicked on

2019-04-21 02:57:29 - [MESSAGE][PASSED] - Object: 'Object Repository/Page_KiboPush  Dashboard/span_Templates' is clicked on

2019-04-21 02:57:29 - [TEST_STEP][PASSED] - delay(3): Delayed 3 second(s)

2019-04-21 02:57:32 - [MESSAGE][PASSED] - Delayed 3 second(s)

2019-04-21 02:57:32 - [TEST_STEP][PASSED] - scrollToPosition(0, 0): Browser is scrolled to position x = 0, y = 0

2019-04-21 02:57:32 - [MESSAGE][PASSED] - Browser is scrolled to position x = 0, y = 0

2019-04-21 02:57:32 - [TEST_STEP][PASSED] - click(findTestObject("Object Repository/Page_KiboEngage  Templates/h3_Templates")): Object: 'Object Repository/Page_KiboEngage  Templates/h3_Templates' is clicked on

2019-04-21 02:57:33 - [MESSAGE][PASSED] - Object: 'Object Repository/Page_KiboEngage  Templates/h3_Templates' is clicked on

2019-04-21 02:57:33 - [TEST_STEP][PASSED] - delay(3): Delayed 3 second(s)

2019-04-21 02:57:36 - [MESSAGE][PASSED] - Delayed 3 second(s)

2019-04-21 02:57:36 - [MESSAGE][PASSED] - Call Test Case 'Test Cases/s-sidebar_navigation/individualAccount/Template' successfully

2019-04-21 02:57:36 - [TEST_STEP][PASSED] - click(findTestObject("Object Repository/Page_KiboPush  Dashboard/button_Create New")): Object: 'Object Repository/Page_KiboPush  Dashboard/button_Create New' is clicked on

2019-04-21 02:57:36 - [MESSAGE][PASSED] - Object: 'Object Repository/Page_KiboPush  Dashboard/button_Create New' is clicked on

2019-04-21 02:57:36 - [TEST_STEP][PASSED] - click(findTestObject("Object Repository/Page_KiboPush  Create Broadcast Tem/h3_Create Broadcast Template")): Object: 'Object Repository/Page_KiboPush  Create Broadcast Tem/h3_Create Broadcast Template' is clicked on

2019-04-21 02:57:36 - [MESSAGE][PASSED] - Object: 'Object Repository/Page_KiboPush  Create Broadcast Tem/h3_Create Broadcast Template' is clicked on

2019-04-21 02:57:36 - [MESSAGE][PASSED] - Call Test Case 'Test Cases/Template testcases/TC0768' successfully

2019-04-21 02:57:36 - [TEST_STEP][PASSED] - click(findTestObject("Page_KiboPush  Create Broadcast Tem/h6_List (1)")): Object: 'Object Repository/Page_KiboPush  Create Broadcast Tem/h6_List (1)' is clicked on

2019-04-21 02:57:36 - [MESSAGE][PASSED] - Object: 'Object Repository/Page_KiboPush  Create Broadcast Tem/h6_List (1)' is clicked on

2019-04-21 02:57:36 - [TEST_STEP][PASSED] - click(findTestObject("Object Repository/Page_KiboEngage  Create Broadcast Template/div_New list component added")): Object: 'Object Repository/Page_KiboEngage  Create Broadcast Template/div_New list component added' is clicked on

2019-04-21 02:57:36 - [MESSAGE][PASSED] - Object: 'Object Repository/Page_KiboEngage  Create Broadcast Template/div_New list component added' is clicked on

2019-04-21 02:57:36 - [MESSAGE][PASSED] - Call Test Case 'Test Cases/Template testcases/TC0834' successfully

2019-04-21 02:57:36 - [TEST_STEP][PASSED] - setText(findTestObject("Page_KiboPush  Create Broadcast Tem/input_form-control (7) (1)"), "hi"): Text 'hi' is set on object 'Object Repository/Page_KiboPush  Create Broadcast Tem/input_form-control (7) (1)'

2019-04-21 02:57:36 - [MESSAGE][PASSED] - Text 'hi' is set on object 'Object Repository/Page_KiboPush  Create Broadcast Tem/input_form-control (7) (1)'

2019-04-21 02:57:36 - [TEST_STEP][PASSED] - setText(findTestObject("Page_KiboPush  Create Broadcast Tem/textarea_form-control (4) (1)"), "b"): Text 'b' is set on object 'Object Repository/Page_KiboPush  Create Broadcast Tem/textarea_form-control (4) (1)'

2019-04-21 02:57:37 - [MESSAGE][PASSED] - Text 'b' is set on object 'Object Repository/Page_KiboPush  Create Broadcast Tem/textarea_form-control (4) (1)'

2019-04-21 02:57:37 - [TEST_STEP][PASSED] - click(findTestObject("Page_KiboPush  Create Broadcast Tem/h6_ Add Button (4)")): Object: 'Object Repository/Page_KiboPush  Create Broadcast Tem/h6_ Add Button (4)' is clicked on

2019-04-21 02:57:37 - [MESSAGE][PASSED] - Object: 'Object Repository/Page_KiboPush  Create Broadcast Tem/h6_ Add Button (4)' is clicked on

2019-04-21 02:57:37 - [TEST_STEP][PASSED] - setText(findTestObject("Page_KiboPush  Create Broadcast Tem/input_form-control (8)"), "google"): Text 'google' is set on object 'Object Repository/Page_KiboPush  Create Broadcast Tem/input_form-control (8)'

2019-04-21 02:57:37 - [MESSAGE][PASSED] - Text 'google' is set on object 'Object Repository/Page_KiboPush  Create Broadcast Tem/input_form-control (8)'

2019-04-21 02:57:37 - [TEST_STEP][PASSED] - click(findTestObject("Page_KiboPush  Create Broadcast Tem/h7_Open a website (2)")): Object: 'Object Repository/Page_KiboPush  Create Broadcast Tem/h7_Open a website (2)' is clicked on

2019-04-21 02:57:37 - [MESSAGE][PASSED] - Object: 'Object Repository/Page_KiboPush  Create Broadcast Tem/h7_Open a website (2)' is clicked on

2019-04-21 02:57:37 - [TEST_STEP][PASSED] - setText(findTestObject("Page_KiboPush  Create Broadcast Tem/input_form-control_1 (3)"), "google.com"): Text 'google.com' is set on object 'Object Repository/Page_KiboPush  Create Broadcast Tem/input_form-control_1 (3)'

2019-04-21 02:57:38 - [MESSAGE][PASSED] - Text 'google.com' is set on object 'Object Repository/Page_KiboPush  Create Broadcast Tem/input_form-control_1 (3)'

2019-04-21 02:57:38 - [TEST_STEP][PASSED] - click(findTestObject("Page_KiboPush  Create Broadcast Tem/button_Done (3)")): Object: 'Object Repository/Page_KiboPush  Create Broadcast Tem/button_Done (3)' is clicked on

2019-04-21 02:57:38 - [MESSAGE][PASSED] - Object: 'Object Repository/Page_KiboPush  Create Broadcast Tem/button_Done (3)' is clicked on

2019-04-21 02:57:38 - [TEST_STEP][PASSED] - delay(2): Delayed 2 second(s)

2019-04-21 02:57:40 - [MESSAGE][PASSED] - Delayed 2 second(s)

2019-04-21 02:57:40 - [TEST_STEP][FAILED] - click(findTestObject("Object Repository/Page_KiboEngage  Create Broadcast Template/div_ Add Button (2) (1)")): Unable to click on object 'Object Repository/Page_KiboEngage  Create Broadcast Template/div_ Add Button (2) (1)' (Root cause: com.kms.katalon.core.exception.StepFailedException: Unable to click on object 'Object Repository/Page_KiboEngage  Create Broadcast Template/div_ Add Button (2) (1)'
	at com.kms.katalon.core.webui.keyword.internal.WebUIKeywordMain.stepFailed(WebUIKeywordMain.groovy:64)
	at com.kms.katalon.core.webui.keyword.internal.WebUIKeywordMain.runKeyword(WebUIKeywordMain.groovy:26)
	at com.kms.katalon.core.webui.keyword.builtin.ClickKeyword.click(ClickKeyword.groovy:86)
	at com.kms.katalon.core.webui.keyword.builtin.ClickKeyword.execute(ClickKeyword.groovy:67)
	at com.kms.katalon.core.keyword.internal.KeywordExecutor.executeKeywordForPlatform(KeywordExecutor.groovy:56)
	at com.kms.katalon.core.webui.keyword.WebUiBuiltInKeywords.click(WebUiBuiltInKeywords.groovy:616)
	at com.kms.katalon.core.webui.keyword.WebUiBuiltInKeywords$click$2.call(Unknown Source)
	at TC0853.run(TC0853:45)
	at com.kms.katalon.core.main.ScriptEngine.run(ScriptEngine.java:194)
	at com.kms.katalon.core.main.ScriptEngine.runScriptAsRawText(ScriptEngine.java:119)
	at com.kms.katalon.core.main.TestCaseExecutor.runScript(TestCaseExecutor.java:336)
	at com.kms.katalon.core.main.TestCaseExecutor.doExecute(TestCaseExecutor.java:327)
	at com.kms.katalon.core.main.TestCaseExecutor.processExecutionPhase(TestCaseExecutor.java:306)
	at com.kms.katalon.core.main.TestCaseExecutor.accessMainPhase(TestCaseExecutor.java:298)
	at com.kms.katalon.core.main.TestCaseExecutor.execute(TestCaseExecutor.java:232)
	at com.kms.katalon.core.main.TestSuiteExecutor.accessTestCaseMainPhase(TestSuiteExecutor.java:129)
	at com.kms.katalon.core.main.TestSuiteExecutor.accessTestSuiteMainPhase(TestSuiteExecutor.java:112)
	at com.kms.katalon.core.main.TestSuiteExecutor.execute(TestSuiteExecutor.java:81)
	at com.kms.katalon.core.main.TestCaseMain.startTestSuite(TestCaseMain.java:157)
	at com.kms.katalon.core.main.TestCaseMain$startTestSuite$0.call(Unknown Source)
	at TempTestSuite1555795243480.run(TempTestSuite1555795243480.groovy:35)
Caused by: com.kms.katalon.core.webui.exception.WebElementNotFoundException: Web element with id: 'Object Repository/Page_KiboEngage  Create Broadcast Template/div_ Add Button (2) (1)' located by 'By.xpath: id("List1")/div[@class="draggable"]/div[@class="broadcast-component"]/div[@class="broadcast-component"]/div[2]/div[@class="ui-block hoverbordersolid"]/div[@class="row"]/div[@class="col-md-6"]/div[@class="ui-block hoverborder"][count(. | //div[(text() = ' + Add Button ' or . = ' + Add Button ')]) = count(//div[(text() = ' + Add Button ' or . = ' + Add Button ')])]' not found
	at com.kms.katalon.core.webui.common.WebUiCommonHelper.findWebElement(WebUiCommonHelper.java:1097)
	at com.kms.katalon.core.webui.keyword.internal.WebUIAbstractKeyword.findWebElement(WebUIAbstractKeyword.groovy:27)
	at com.kms.katalon.core.webui.keyword.internal.WebUIAbstractKeyword.findWebElement(WebUIAbstractKeyword.groovy:26)
	at com.kms.katalon.core.webui.keyword.builtin.ClickKeyword$_click_closure1.doCall(ClickKeyword.groovy:77)
	at com.kms.katalon.core.webui.keyword.builtin.ClickKeyword$_click_closure1.call(ClickKeyword.groovy)
	at com.kms.katalon.core.webui.keyword.internal.WebUIKeywordMain.runKeyword(WebUIKeywordMain.groovy:20)
	at com.kms.katalon.core.webui.keyword.builtin.ClickKeyword.click(ClickKeyword.groovy:86)
	at com.kms.katalon.core.webui.keyword.builtin.ClickKeyword.execute(ClickKeyword.groovy:67)
	at com.kms.katalon.core.keyword.internal.KeywordExecutor.executeKeywordForPlatform(KeywordExecutor.groovy:56)
	at com.kms.katalon.core.webui.keyword.WebUiBuiltInKeywords.click(WebUiBuiltInKeywords.groovy:616)
	at com.kms.katalon.core.webui.keyword.WebUiBuiltInKeywords$click$2.call(Unknown Source)
	at Script1537103307436.run(Script1537103307436.groovy:45)
	... 13 more
)

2019-04-21 02:58:11 - [MESSAGE][INFO] - Unable to find the element located by 'By.xpath: id("List1")/div[@class="draggable"]/div[@class="broadcast-component"]/div[@class="broadcast-component"]/div[2]/div[@class="ui-block hoverbordersolid"]/div[@class="row"]/div[@class="col-md-6"]/div[@class="ui-block hoverborder"][count(. | //div[(text() = ' + Add Button ' or . = ' + Add Button ')]) = count(//div[(text() = ' + Add Button ' or . = ' + Add Button ')])]'. Please recheck the objects properties to make sure the desired element is located. 

2019-04-21 02:58:11 - [MESSAGE][FAILED] - Unable to click on object 'Object Repository/Page_KiboEngage  Create Broadcast Template/div_ Add Button (2) (1)' (Root cause: com.kms.katalon.core.exception.StepFailedException: Unable to click on object 'Object Repository/Page_KiboEngage  Create Broadcast Template/div_ Add Button (2) (1)'
	at com.kms.katalon.core.webui.keyword.internal.WebUIKeywordMain.stepFailed(WebUIKeywordMain.groovy:64)
	at com.kms.katalon.core.webui.keyword.internal.WebUIKeywordMain.runKeyword(WebUIKeywordMain.groovy:26)
	at com.kms.katalon.core.webui.keyword.builtin.ClickKeyword.click(ClickKeyword.groovy:86)
	at com.kms.katalon.core.webui.keyword.builtin.ClickKeyword.execute(ClickKeyword.groovy:67)
	at com.kms.katalon.core.keyword.internal.KeywordExecutor.executeKeywordForPlatform(KeywordExecutor.groovy:56)
	at com.kms.katalon.core.webui.keyword.WebUiBuiltInKeywords.click(WebUiBuiltInKeywords.groovy:616)
	at com.kms.katalon.core.webui.keyword.WebUiBuiltInKeywords$click$2.call(Unknown Source)
	at TC0853.run(TC0853:45)
	at com.kms.katalon.core.main.ScriptEngine.run(ScriptEngine.java:194)
	at com.kms.katalon.core.main.ScriptEngine.runScriptAsRawText(ScriptEngine.java:119)
	at com.kms.katalon.core.main.TestCaseExecutor.runScript(TestCaseExecutor.java:336)
	at com.kms.katalon.core.main.TestCaseExecutor.doExecute(TestCaseExecutor.java:327)
	at com.kms.katalon.core.main.TestCaseExecutor.processExecutionPhase(TestCaseExecutor.java:306)
	at com.kms.katalon.core.main.TestCaseExecutor.accessMainPhase(TestCaseExecutor.java:298)
	at com.kms.katalon.core.main.TestCaseExecutor.execute(TestCaseExecutor.java:232)
	at com.kms.katalon.core.main.TestSuiteExecutor.accessTestCaseMainPhase(TestSuiteExecutor.java:129)
	at com.kms.katalon.core.main.TestSuiteExecutor.accessTestSuiteMainPhase(TestSuiteExecutor.java:112)
	at com.kms.katalon.core.main.TestSuiteExecutor.execute(TestSuiteExecutor.java:81)
	at com.kms.katalon.core.main.TestCaseMain.startTestSuite(TestCaseMain.java:157)
	at com.kms.katalon.core.main.TestCaseMain$startTestSuite$0.call(Unknown Source)
	at TempTestSuite1555795243480.run(TempTestSuite1555795243480.groovy:35)
Caused by: com.kms.katalon.core.webui.exception.WebElementNotFoundException: Web element with id: 'Object Repository/Page_KiboEngage  Create Broadcast Template/div_ Add Button (2) (1)' located by 'By.xpath: id("List1")/div[@class="draggable"]/div[@class="broadcast-component"]/div[@class="broadcast-component"]/div[2]/div[@class="ui-block hoverbordersolid"]/div[@class="row"]/div[@class="col-md-6"]/div[@class="ui-block hoverborder"][count(. | //div[(text() = ' + Add Button ' or . = ' + Add Button ')]) = count(//div[(text() = ' + Add Button ' or . = ' + Add Button ')])]' not found
	at com.kms.katalon.core.webui.common.WebUiCommonHelper.findWebElement(WebUiCommonHelper.java:1097)
	at com.kms.katalon.core.webui.keyword.internal.WebUIAbstractKeyword.findWebElement(WebUIAbstractKeyword.groovy:27)
	at com.kms.katalon.core.webui.keyword.internal.WebUIAbstractKeyword.findWebElement(WebUIAbstractKeyword.groovy:26)
	at com.kms.katalon.core.webui.keyword.builtin.ClickKeyword$_click_closure1.doCall(ClickKeyword.groovy:77)
	at com.kms.katalon.core.webui.keyword.builtin.ClickKeyword$_click_closure1.call(ClickKeyword.groovy)
	at com.kms.katalon.core.webui.keyword.internal.WebUIKeywordMain.runKeyword(WebUIKeywordMain.groovy:20)
	at com.kms.katalon.core.webui.keyword.builtin.ClickKeyword.click(ClickKeyword.groovy:86)
	at com.kms.katalon.core.webui.keyword.builtin.ClickKeyword.execute(ClickKeyword.groovy:67)
	at com.kms.katalon.core.keyword.internal.KeywordExecutor.executeKeywordForPlatform(KeywordExecutor.groovy:56)
	at com.kms.katalon.core.webui.keyword.WebUiBuiltInKeywords.click(WebUiBuiltInKeywords.groovy:616)
	at com.kms.katalon.core.webui.keyword.WebUiBuiltInKeywords$click$2.call(Unknown Source)
	at Script1537103307436.run(Script1537103307436.groovy:45)
	... 13 more
)
[[ATTACHMENT|/home/faizan/Drive/KiboPush_Automated_Testing/KiboPush Katalon/Reports/Faizan Suits/Template/20190421_022043/1555797491398.png]]]]></system-out>
         <system-err><![CDATA[2019-04-21 02:57:28 - [TEST_CASE][FAILED] - Test Cases/Template testcases/TC0853: Test Cases/Template testcases/TC0853 FAILED.
Reason:
com.kms.katalon.core.exception.StepFailedException: Unable to click on object 'Object Repository/Page_KiboEngage  Create Broadcast Template/div_ Add Button (2) (1)'
	at com.kms.katalon.core.webui.keyword.internal.WebUIKeywordMain.stepFailed(WebUIKeywordMain.groovy:64)
	at com.kms.katalon.core.webui.keyword.internal.WebUIKeywordMain.runKeyword(WebUIKeywordMain.groovy:26)
	at com.kms.katalon.core.webui.keyword.builtin.ClickKeyword.click(ClickKeyword.groovy:86)
	at com.kms.katalon.core.webui.keyword.builtin.ClickKeyword.execute(ClickKeyword.groovy:67)
	at com.kms.katalon.core.keyword.internal.KeywordExecutor.executeKeywordForPlatform(KeywordExecutor.groovy:56)
	at com.kms.katalon.core.webui.keyword.WebUiBuiltInKeywords.click(WebUiBuiltInKeywords.groovy:616)
	at com.kms.katalon.core.webui.keyword.WebUiBuiltInKeywords$click$2.call(Unknown Source)
	at TC0853.run(TC0853:45)
	at com.kms.katalon.core.main.ScriptEngine.run(ScriptEngine.java:194)
	at com.kms.katalon.core.main.ScriptEngine.runScriptAsRawText(ScriptEngine.java:119)
	at com.kms.katalon.core.main.TestCaseExecutor.runScript(TestCaseExecutor.java:336)
	at com.kms.katalon.core.main.TestCaseExecutor.doExecute(TestCaseExecutor.java:327)
	at com.kms.katalon.core.main.TestCaseExecutor.processExecutionPhase(TestCaseExecutor.java:306)
	at com.kms.katalon.core.main.TestCaseExecutor.accessMainPhase(TestCaseExecutor.java:298)
	at com.kms.katalon.core.main.TestCaseExecutor.execute(TestCaseExecutor.java:232)
	at com.kms.katalon.core.main.TestSuiteExecutor.accessTestCaseMainPhase(TestSuiteExecutor.java:129)
	at com.kms.katalon.core.main.TestSuiteExecutor.accessTestSuiteMainPhase(TestSuiteExecutor.java:112)
	at com.kms.katalon.core.main.TestSuiteExecutor.execute(TestSuiteExecutor.java:81)
	at com.kms.katalon.core.main.TestCaseMain.startTestSuite(TestCaseMain.java:157)
	at com.kms.katalon.core.main.TestCaseMain$startTestSuite$0.call(Unknown Source)
	at TempTestSuite1555795243480.run(TempTestSuite1555795243480.groovy:35)
Caused by: com.kms.katalon.core.webui.exception.WebElementNotFoundException: Web element with id: 'Object Repository/Page_KiboEngage  Create Broadcast Template/div_ Add Button (2) (1)' located by 'By.xpath: id("List1")/div[@class="draggable"]/div[@class="broadcast-component"]/div[@class="broadcast-component"]/div[2]/div[@class="ui-block hoverbordersolid"]/div[@class="row"]/div[@class="col-md-6"]/div[@class="ui-block hoverborder"][count(. | //div[(text() = ' + Add Button ' or . = ' + Add Button ')]) = count(//div[(text() = ' + Add Button ' or . = ' + Add Button ')])]' not found
	at com.kms.katalon.core.webui.common.WebUiCommonHelper.findWebElement(WebUiCommonHelper.java:1097)
	at com.kms.katalon.core.webui.keyword.internal.WebUIAbstractKeyword.findWebElement(WebUIAbstractKeyword.groovy:27)
	at com.kms.katalon.core.webui.keyword.internal.WebUIAbstractKeyword.findWebElement(WebUIAbstractKeyword.groovy:26)
	at com.kms.katalon.core.webui.keyword.builtin.ClickKeyword$_click_closure1.doCall(ClickKeyword.groovy:77)
	at com.kms.katalon.core.webui.keyword.builtin.ClickKeyword$_click_closure1.call(ClickKeyword.groovy)
	at com.kms.katalon.core.webui.keyword.internal.WebUIKeywordMain.runKeyword(WebUIKeywordMain.groovy:20)
	at com.kms.katalon.core.webui.keyword.builtin.ClickKeyword.click(ClickKeyword.groovy:86)
	at com.kms.katalon.core.webui.keyword.builtin.ClickKeyword.execute(ClickKeyword.groovy:67)
	at com.kms.katalon.core.keyword.internal.KeywordExecutor.executeKeywordForPlatform(KeywordExecutor.groovy:56)
	at com.kms.katalon.core.webui.keyword.WebUiBuiltInKeywords.click(WebUiBuiltInKeywords.groovy:616)
	at com.kms.katalon.core.webui.keyword.WebUiBuiltInKeywords$click$2.call(Unknown Source)
	at Script1537103307436.run(Script1537103307436.groovy:45)
	... 13 more]]></system-err>
      </testcase>
      <testcase name="Test Cases/Template testcases/TC0856" classname="Test Cases/Template testcases/TC0856" status="FAILED">
         <failure type="FAILED" message="Test Cases/Template testcases/TC0856 FAILED.
Reason:
com.kms.katalon.core.exception.StepFailedException: Unable to click on object 'Object Repository/Page_KiboPush  Create Broadcast Tem/button_Add category (1)'
	at com.kms.katalon.core.webui.keyword.internal.WebUIKeywordMain.stepFailed(WebUIKeywordMain.groovy:64)
	at com.kms.katalon.core.webui.keyword.internal.WebUIKeywordMain.runKeyword(WebUIKeywordMain.groovy:26)
	at com.kms.katalon.core.webui.keyword.builtin.ClickKeyword.click(ClickKeyword.groovy:86)
	at com.kms.katalon.core.webui.keyword.builtin.ClickKeyword.execute(ClickKeyword.groovy:67)
	at com.kms.katalon.core.keyword.internal.KeywordExecutor.executeKeywordForPlatform(KeywordExecutor.groovy:56)
	at com.kms.katalon.core.webui.keyword.WebUiBuiltInKeywords.click(WebUiBuiltInKeywords.groovy:616)
	at com.kms.katalon.core.webui.keyword.WebUiBuiltInKeywords$click$2.call(Unknown Source)
	at TC0856.run(TC0856:24)
	at com.kms.katalon.core.main.ScriptEngine.run(ScriptEngine.java:194)
	at com.kms.katalon.core.main.ScriptEngine.runScriptAsRawText(ScriptEngine.java:119)
	at com.kms.katalon.core.main.TestCaseExecutor.runScript(TestCaseExecutor.java:336)
	at com.kms.katalon.core.main.TestCaseExecutor.doExecute(TestCaseExecutor.java:327)
	at com.kms.katalon.core.main.TestCaseExecutor.processExecutionPhase(TestCaseExecutor.java:306)
	at com.kms.katalon.core.main.TestCaseExecutor.accessMainPhase(TestCaseExecutor.java:298)
	at com.kms.katalon.core.main.TestCaseExecutor.execute(TestCaseExecutor.java:232)
	at com.kms.katalon.core.main.TestSuiteExecutor.accessTestCaseMainPhase(TestSuiteExecutor.java:129)
	at com.kms.katalon.core.main.TestSuiteExecutor.accessTestSuiteMainPhase(TestSuiteExecutor.java:112)
	at com.kms.katalon.core.main.TestSuiteExecutor.execute(TestSuiteExecutor.java:81)
	at com.kms.katalon.core.main.TestCaseMain.startTestSuite(TestCaseMain.java:157)
	at com.kms.katalon.core.main.TestCaseMain$startTestSuite$0.call(Unknown Source)
	at TempTestSuite1555795243480.run(TempTestSuite1555795243480.groovy:35)
Caused by: org.openqa.selenium.WebDriverException: unknown error: Element &lt;button class=&quot;m-btn m-btn--pill m-btn--hover-brand btn btn-sm btn-secondary&quot; style=&quot;margin-left: -90px;&quot;>...&lt;/button> is not clickable at point (779, 345). Other element would receive the click: &lt;div class=&quot;col-6&quot;>...&lt;/div>
  (Session info: chrome=73.0.3683.103)
  (Driver info: chromedriver=73.0.3683.68 (47787ec04b6e38e22703e856e101e840b65afe72),platform=Linux 4.15.0-47-generic x86_64) (WARNING: The server did not provide any stacktrace information)
Command duration or timeout: 0 milliseconds
Build info: version: '3.7.1', revision: '8a0099a', time: '2017-11-06T21:07:36.161Z'
System info: host: 'faizan-HP-EliteBook-850-G2', ip: '127.0.1.1', os.name: 'Linux', os.arch: 'amd64', os.version: '4.15.0-47-generic', java.version: '1.8.0_191'
Driver info: com.kms.katalon.selenium.driver.CChromeDriver
Capabilities {acceptInsecureCerts: false, acceptSslCerts: false, applicationCacheEnabled: false, browserConnectionEnabled: false, browserName: chrome, chrome: {chromedriverVersion: 73.0.3683.68 (47787ec04b6e3..., userDataDir: /tmp/.com.google.Chrome.FU0xWS}, cssSelectorsEnabled: true, databaseEnabled: false, goog:chromeOptions: {debuggerAddress: localhost:43539}, handlesAlerts: true, hasTouchScreen: false, javascriptEnabled: true, locationContextEnabled: true, mobileEmulationEnabled: false, nativeEvents: true, networkConnectionEnabled: false, pageLoadStrategy: normal, platform: LINUX, platformName: LINUX, proxy: Proxy(direct), rotatable: false, setWindowRect: true, strictFileInteractability: false, takesHeapSnapshot: true, takesScreenshot: true, timeouts: {implicit: 0, pageLoad: 300000, script: 30000}, unexpectedAlertBehaviour: ignore, unhandledPromptBehavior: ignore, version: 73.0.3683.103, webStorageEnabled: true}
Session ID: f13adca9b43bf4b34e393f07e02ab2e3
	at org.openqa.selenium.remote.ErrorHandler.createThrowable(ErrorHandler.java:214)
	at org.openqa.selenium.remote.ErrorHandler.throwIfResponseFailed(ErrorHandler.java:166)
	at org.openqa.selenium.remote.http.JsonHttpResponseCodec.reconstructValue(JsonHttpResponseCodec.java:40)
	at org.openqa.selenium.remote.http.AbstractHttpResponseCodec.decode(AbstractHttpResponseCodec.java:80)
	at org.openqa.selenium.remote.http.AbstractHttpResponseCodec.decode(AbstractHttpResponseCodec.java:44)
	at org.openqa.selenium.remote.HttpCommandExecutor.execute(HttpCommandExecutor.java:164)
	at org.openqa.selenium.remote.service.DriverCommandExecutor.execute(DriverCommandExecutor.java:83)
	at org.openqa.selenium.remote.RemoteWebDriver.execute(RemoteWebDriver.java:600)
	at com.kms.katalon.selenium.driver.CChromeDriver.execute(CChromeDriver.java:20)
	at org.openqa.selenium.remote.RemoteWebElement.execute(RemoteWebElement.java:279)
	at org.openqa.selenium.remote.RemoteWebElement.click(RemoteWebElement.java:83)
	at com.kms.katalon.core.webui.keyword.builtin.ClickKeyword$_click_closure1.doCall(ClickKeyword.groovy:79)
	at com.kms.katalon.core.webui.keyword.builtin.ClickKeyword$_click_closure1.call(ClickKeyword.groovy)
	at com.kms.katalon.core.webui.keyword.internal.WebUIKeywordMain.runKeyword(WebUIKeywordMain.groovy:20)
	at com.kms.katalon.core.webui.keyword.builtin.ClickKeyword.click(ClickKeyword.groovy:86)
	at com.kms.katalon.core.webui.keyword.builtin.ClickKeyword.execute(ClickKeyword.groovy:67)
	at com.kms.katalon.core.keyword.internal.KeywordExecutor.executeKeywordForPlatform(KeywordExecutor.groovy:56)
	at com.kms.katalon.core.webui.keyword.WebUiBuiltInKeywords.click(WebUiBuiltInKeywords.groovy:616)
	at com.kms.katalon.core.webui.keyword.WebUiBuiltInKeywords$click$2.call(Unknown Source)
	at Script1537104534885.run(Script1537104534885.groovy:24)
	... 13 more
"/>
         <system-out><![CDATA[2019-04-21 02:58:11 - [TEST_CASE][FAILED] - Test Cases/Template testcases/TC0856: Test Cases/Template testcases/TC0856 FAILED.
Reason:
com.kms.katalon.core.exception.StepFailedException: Unable to click on object 'Object Repository/Page_KiboPush  Create Broadcast Tem/button_Add category (1)'
	at com.kms.katalon.core.webui.keyword.internal.WebUIKeywordMain.stepFailed(WebUIKeywordMain.groovy:64)
	at com.kms.katalon.core.webui.keyword.internal.WebUIKeywordMain.runKeyword(WebUIKeywordMain.groovy:26)
	at com.kms.katalon.core.webui.keyword.builtin.ClickKeyword.click(ClickKeyword.groovy:86)
	at com.kms.katalon.core.webui.keyword.builtin.ClickKeyword.execute(ClickKeyword.groovy:67)
	at com.kms.katalon.core.keyword.internal.KeywordExecutor.executeKeywordForPlatform(KeywordExecutor.groovy:56)
	at com.kms.katalon.core.webui.keyword.WebUiBuiltInKeywords.click(WebUiBuiltInKeywords.groovy:616)
	at com.kms.katalon.core.webui.keyword.WebUiBuiltInKeywords$click$2.call(Unknown Source)
	at TC0856.run(TC0856:24)
	at com.kms.katalon.core.main.ScriptEngine.run(ScriptEngine.java:194)
	at com.kms.katalon.core.main.ScriptEngine.runScriptAsRawText(ScriptEngine.java:119)
	at com.kms.katalon.core.main.TestCaseExecutor.runScript(TestCaseExecutor.java:336)
	at com.kms.katalon.core.main.TestCaseExecutor.doExecute(TestCaseExecutor.java:327)
	at com.kms.katalon.core.main.TestCaseExecutor.processExecutionPhase(TestCaseExecutor.java:306)
	at com.kms.katalon.core.main.TestCaseExecutor.accessMainPhase(TestCaseExecutor.java:298)
	at com.kms.katalon.core.main.TestCaseExecutor.execute(TestCaseExecutor.java:232)
	at com.kms.katalon.core.main.TestSuiteExecutor.accessTestCaseMainPhase(TestSuiteExecutor.java:129)
	at com.kms.katalon.core.main.TestSuiteExecutor.accessTestSuiteMainPhase(TestSuiteExecutor.java:112)
	at com.kms.katalon.core.main.TestSuiteExecutor.execute(TestSuiteExecutor.java:81)
	at com.kms.katalon.core.main.TestCaseMain.startTestSuite(TestCaseMain.java:157)
	at com.kms.katalon.core.main.TestCaseMain$startTestSuite$0.call(Unknown Source)
	at TempTestSuite1555795243480.run(TempTestSuite1555795243480.groovy:35)
Caused by: org.openqa.selenium.WebDriverException: unknown error: Element <button class="m-btn m-btn--pill m-btn--hover-brand btn btn-sm btn-secondary" style="margin-left: -90px;">...</button> is not clickable at point (779, 345). Other element would receive the click: <div class="col-6">...</div>
  (Session info: chrome=73.0.3683.103)
  (Driver info: chromedriver=73.0.3683.68 (47787ec04b6e38e22703e856e101e840b65afe72),platform=Linux 4.15.0-47-generic x86_64) (WARNING: The server did not provide any stacktrace information)
Command duration or timeout: 0 milliseconds
Build info: version: '3.7.1', revision: '8a0099a', time: '2017-11-06T21:07:36.161Z'
System info: host: 'faizan-HP-EliteBook-850-G2', ip: '127.0.1.1', os.name: 'Linux', os.arch: 'amd64', os.version: '4.15.0-47-generic', java.version: '1.8.0_191'
Driver info: com.kms.katalon.selenium.driver.CChromeDriver
Capabilities {acceptInsecureCerts: false, acceptSslCerts: false, applicationCacheEnabled: false, browserConnectionEnabled: false, browserName: chrome, chrome: {chromedriverVersion: 73.0.3683.68 (47787ec04b6e3..., userDataDir: /tmp/.com.google.Chrome.FU0xWS}, cssSelectorsEnabled: true, databaseEnabled: false, goog:chromeOptions: {debuggerAddress: localhost:43539}, handlesAlerts: true, hasTouchScreen: false, javascriptEnabled: true, locationContextEnabled: true, mobileEmulationEnabled: false, nativeEvents: true, networkConnectionEnabled: false, pageLoadStrategy: normal, platform: LINUX, platformName: LINUX, proxy: Proxy(direct), rotatable: false, setWindowRect: true, strictFileInteractability: false, takesHeapSnapshot: true, takesScreenshot: true, timeouts: {implicit: 0, pageLoad: 300000, script: 30000}, unexpectedAlertBehaviour: ignore, unhandledPromptBehavior: ignore, version: 73.0.3683.103, webStorageEnabled: true}
Session ID: f13adca9b43bf4b34e393f07e02ab2e3
	at org.openqa.selenium.remote.ErrorHandler.createThrowable(ErrorHandler.java:214)
	at org.openqa.selenium.remote.ErrorHandler.throwIfResponseFailed(ErrorHandler.java:166)
	at org.openqa.selenium.remote.http.JsonHttpResponseCodec.reconstructValue(JsonHttpResponseCodec.java:40)
	at org.openqa.selenium.remote.http.AbstractHttpResponseCodec.decode(AbstractHttpResponseCodec.java:80)
	at org.openqa.selenium.remote.http.AbstractHttpResponseCodec.decode(AbstractHttpResponseCodec.java:44)
	at org.openqa.selenium.remote.HttpCommandExecutor.execute(HttpCommandExecutor.java:164)
	at org.openqa.selenium.remote.service.DriverCommandExecutor.execute(DriverCommandExecutor.java:83)
	at org.openqa.selenium.remote.RemoteWebDriver.execute(RemoteWebDriver.java:600)
	at com.kms.katalon.selenium.driver.CChromeDriver.execute(CChromeDriver.java:20)
	at org.openqa.selenium.remote.RemoteWebElement.execute(RemoteWebElement.java:279)
	at org.openqa.selenium.remote.RemoteWebElement.click(RemoteWebElement.java:83)
	at com.kms.katalon.core.webui.keyword.builtin.ClickKeyword$_click_closure1.doCall(ClickKeyword.groovy:79)
	at com.kms.katalon.core.webui.keyword.builtin.ClickKeyword$_click_closure1.call(ClickKeyword.groovy)
	at com.kms.katalon.core.webui.keyword.internal.WebUIKeywordMain.runKeyword(WebUIKeywordMain.groovy:20)
	at com.kms.katalon.core.webui.keyword.builtin.ClickKeyword.click(ClickKeyword.groovy:86)
	at com.kms.katalon.core.webui.keyword.builtin.ClickKeyword.execute(ClickKeyword.groovy:67)
	at com.kms.katalon.core.keyword.internal.KeywordExecutor.executeKeywordForPlatform(KeywordExecutor.groovy:56)
	at com.kms.katalon.core.webui.keyword.WebUiBuiltInKeywords.click(WebUiBuiltInKeywords.groovy:616)
	at com.kms.katalon.core.webui.keyword.WebUiBuiltInKeywords$click$2.call(Unknown Source)
	at Script1537104534885.run(Script1537104534885.groovy:24)
	... 13 more


2019-04-21 02:58:11 - [TEST_STEP][PASSED] - callTestCase(findTestCase("Template testcases/TC0768"), [:], STOP_ON_FAILURE): Call Test Case 'Test Cases/Template testcases/TC0768' successfully

2019-04-21 02:58:11 - [TEST_CASE][PASSED] - Test Cases/Template testcases/TC0768: Test Cases/Template testcases/TC0768

2019-04-21 02:58:11 - [TEST_STEP][PASSED] - callTestCase(findTestCase("s-sidebar_navigation/individualAccount/Template"), [:], STOP_ON_FAILURE): Call Test Case 'Test Cases/s-sidebar_navigation/individualAccount/Template' successfully

2019-04-21 02:58:11 - [TEST_CASE][PASSED] - Test Cases/s-sidebar_navigation/individualAccount/Template: Test Cases/s-sidebar_navigation/individualAccount/Template

2019-04-21 02:58:11 - [TEST_STEP][PASSED] - click(findTestObject("Page_KiboPush  Dashboard/span_Broadcasts")): Object: 'Object Repository/Page_KiboPush  Dashboard/span_Broadcasts' is clicked on

2019-04-21 02:58:12 - [MESSAGE][PASSED] - Object: 'Object Repository/Page_KiboPush  Dashboard/span_Broadcasts' is clicked on

2019-04-21 02:58:12 - [TEST_STEP][PASSED] - delay(1): Delayed 1 second(s)

2019-04-21 02:58:13 - [MESSAGE][PASSED] - Delayed 1 second(s)

2019-04-21 02:58:13 - [TEST_STEP][PASSED] - click(findTestObject("Page_KiboPush  Dashboard/span_Templates")): Object: 'Object Repository/Page_KiboPush  Dashboard/span_Templates' is clicked on

2019-04-21 02:58:13 - [MESSAGE][PASSED] - Object: 'Object Repository/Page_KiboPush  Dashboard/span_Templates' is clicked on

2019-04-21 02:58:13 - [TEST_STEP][PASSED] - delay(3): Delayed 3 second(s)

2019-04-21 02:58:16 - [MESSAGE][PASSED] - Delayed 3 second(s)

2019-04-21 02:58:16 - [TEST_STEP][PASSED] - scrollToPosition(0, 0): Browser is scrolled to position x = 0, y = 0

2019-04-21 02:58:16 - [MESSAGE][PASSED] - Browser is scrolled to position x = 0, y = 0

2019-04-21 02:58:16 - [TEST_STEP][PASSED] - click(findTestObject("Object Repository/Page_KiboEngage  Templates/h3_Templates")): Object: 'Object Repository/Page_KiboEngage  Templates/h3_Templates' is clicked on

2019-04-21 02:58:16 - [MESSAGE][PASSED] - Object: 'Object Repository/Page_KiboEngage  Templates/h3_Templates' is clicked on

2019-04-21 02:58:16 - [TEST_STEP][PASSED] - delay(3): Delayed 3 second(s)

2019-04-21 02:58:19 - [MESSAGE][PASSED] - Delayed 3 second(s)

2019-04-21 02:58:19 - [MESSAGE][PASSED] - Call Test Case 'Test Cases/s-sidebar_navigation/individualAccount/Template' successfully

2019-04-21 02:58:19 - [TEST_STEP][PASSED] - click(findTestObject("Object Repository/Page_KiboPush  Dashboard/button_Create New")): Object: 'Object Repository/Page_KiboPush  Dashboard/button_Create New' is clicked on

2019-04-21 02:58:19 - [MESSAGE][PASSED] - Object: 'Object Repository/Page_KiboPush  Dashboard/button_Create New' is clicked on

2019-04-21 02:58:19 - [TEST_STEP][PASSED] - click(findTestObject("Object Repository/Page_KiboPush  Create Broadcast Tem/h3_Create Broadcast Template")): Object: 'Object Repository/Page_KiboPush  Create Broadcast Tem/h3_Create Broadcast Template' is clicked on

2019-04-21 02:58:19 - [MESSAGE][PASSED] - Object: 'Object Repository/Page_KiboPush  Create Broadcast Tem/h3_Create Broadcast Template' is clicked on

2019-04-21 02:58:19 - [MESSAGE][PASSED] - Call Test Case 'Test Cases/Template testcases/TC0768' successfully

2019-04-21 02:58:19 - [TEST_STEP][FAILED] - click(findTestObject("Page_KiboPush  Create Broadcast Tem/button_Add category (1)")): Unable to click on object 'Object Repository/Page_KiboPush  Create Broadcast Tem/button_Add category (1)' (Root cause: com.kms.katalon.core.exception.StepFailedException: Unable to click on object 'Object Repository/Page_KiboPush  Create Broadcast Tem/button_Add category (1)'
	at com.kms.katalon.core.webui.keyword.internal.WebUIKeywordMain.stepFailed(WebUIKeywordMain.groovy:64)
	at com.kms.katalon.core.webui.keyword.internal.WebUIKeywordMain.runKeyword(WebUIKeywordMain.groovy:26)
	at com.kms.katalon.core.webui.keyword.builtin.ClickKeyword.click(ClickKeyword.groovy:86)
	at com.kms.katalon.core.webui.keyword.builtin.ClickKeyword.execute(ClickKeyword.groovy:67)
	at com.kms.katalon.core.keyword.internal.KeywordExecutor.executeKeywordForPlatform(KeywordExecutor.groovy:56)
	at com.kms.katalon.core.webui.keyword.WebUiBuiltInKeywords.click(WebUiBuiltInKeywords.groovy:616)
	at com.kms.katalon.core.webui.keyword.WebUiBuiltInKeywords$click$2.call(Unknown Source)
	at TC0856.run(TC0856:24)
	at com.kms.katalon.core.main.ScriptEngine.run(ScriptEngine.java:194)
	at com.kms.katalon.core.main.ScriptEngine.runScriptAsRawText(ScriptEngine.java:119)
	at com.kms.katalon.core.main.TestCaseExecutor.runScript(TestCaseExecutor.java:336)
	at com.kms.katalon.core.main.TestCaseExecutor.doExecute(TestCaseExecutor.java:327)
	at com.kms.katalon.core.main.TestCaseExecutor.processExecutionPhase(TestCaseExecutor.java:306)
	at com.kms.katalon.core.main.TestCaseExecutor.accessMainPhase(TestCaseExecutor.java:298)
	at com.kms.katalon.core.main.TestCaseExecutor.execute(TestCaseExecutor.java:232)
	at com.kms.katalon.core.main.TestSuiteExecutor.accessTestCaseMainPhase(TestSuiteExecutor.java:129)
	at com.kms.katalon.core.main.TestSuiteExecutor.accessTestSuiteMainPhase(TestSuiteExecutor.java:112)
	at com.kms.katalon.core.main.TestSuiteExecutor.execute(TestSuiteExecutor.java:81)
	at com.kms.katalon.core.main.TestCaseMain.startTestSuite(TestCaseMain.java:157)
	at com.kms.katalon.core.main.TestCaseMain$startTestSuite$0.call(Unknown Source)
	at TempTestSuite1555795243480.run(TempTestSuite1555795243480.groovy:35)
Caused by: org.openqa.selenium.WebDriverException: unknown error: Element <button class="m-btn m-btn--pill m-btn--hover-brand btn btn-sm btn-secondary" style="margin-left: -90px;">...</button> is not clickable at point (779, 345). Other element would receive the click: <div class="col-6">...</div>
  (Session info: chrome=73.0.3683.103)
  (Driver info: chromedriver=73.0.3683.68 (47787ec04b6e38e22703e856e101e840b65afe72),platform=Linux 4.15.0-47-generic x86_64) (WARNING: The server did not provide any stacktrace information)
Command duration or timeout: 0 milliseconds
Build info: version: '3.7.1', revision: '8a0099a', time: '2017-11-06T21:07:36.161Z'
System info: host: 'faizan-HP-EliteBook-850-G2', ip: '127.0.1.1', os.name: 'Linux', os.arch: 'amd64', os.version: '4.15.0-47-generic', java.version: '1.8.0_191'
Driver info: com.kms.katalon.selenium.driver.CChromeDriver
Capabilities {acceptInsecureCerts: false, acceptSslCerts: false, applicationCacheEnabled: false, browserConnectionEnabled: false, browserName: chrome, chrome: {chromedriverVersion: 73.0.3683.68 (47787ec04b6e3..., userDataDir: /tmp/.com.google.Chrome.FU0xWS}, cssSelectorsEnabled: true, databaseEnabled: false, goog:chromeOptions: {debuggerAddress: localhost:43539}, handlesAlerts: true, hasTouchScreen: false, javascriptEnabled: true, locationContextEnabled: true, mobileEmulationEnabled: false, nativeEvents: true, networkConnectionEnabled: false, pageLoadStrategy: normal, platform: LINUX, platformName: LINUX, proxy: Proxy(direct), rotatable: false, setWindowRect: true, strictFileInteractability: false, takesHeapSnapshot: true, takesScreenshot: true, timeouts: {implicit: 0, pageLoad: 300000, script: 30000}, unexpectedAlertBehaviour: ignore, unhandledPromptBehavior: ignore, version: 73.0.3683.103, webStorageEnabled: true}
Session ID: f13adca9b43bf4b34e393f07e02ab2e3
	at org.openqa.selenium.remote.ErrorHandler.createThrowable(ErrorHandler.java:214)
	at org.openqa.selenium.remote.ErrorHandler.throwIfResponseFailed(ErrorHandler.java:166)
	at org.openqa.selenium.remote.http.JsonHttpResponseCodec.reconstructValue(JsonHttpResponseCodec.java:40)
	at org.openqa.selenium.remote.http.AbstractHttpResponseCodec.decode(AbstractHttpResponseCodec.java:80)
	at org.openqa.selenium.remote.http.AbstractHttpResponseCodec.decode(AbstractHttpResponseCodec.java:44)
	at org.openqa.selenium.remote.HttpCommandExecutor.execute(HttpCommandExecutor.java:164)
	at org.openqa.selenium.remote.service.DriverCommandExecutor.execute(DriverCommandExecutor.java:83)
	at org.openqa.selenium.remote.RemoteWebDriver.execute(RemoteWebDriver.java:600)
	at com.kms.katalon.selenium.driver.CChromeDriver.execute(CChromeDriver.java:20)
	at org.openqa.selenium.remote.RemoteWebElement.execute(RemoteWebElement.java:279)
	at org.openqa.selenium.remote.RemoteWebElement.click(RemoteWebElement.java:83)
	at com.kms.katalon.core.webui.keyword.builtin.ClickKeyword$_click_closure1.doCall(ClickKeyword.groovy:79)
	at com.kms.katalon.core.webui.keyword.builtin.ClickKeyword$_click_closure1.call(ClickKeyword.groovy)
	at com.kms.katalon.core.webui.keyword.internal.WebUIKeywordMain.runKeyword(WebUIKeywordMain.groovy:20)
	at com.kms.katalon.core.webui.keyword.builtin.ClickKeyword.click(ClickKeyword.groovy:86)
	at com.kms.katalon.core.webui.keyword.builtin.ClickKeyword.execute(ClickKeyword.groovy:67)
	at com.kms.katalon.core.keyword.internal.KeywordExecutor.executeKeywordForPlatform(KeywordExecutor.groovy:56)
	at com.kms.katalon.core.webui.keyword.WebUiBuiltInKeywords.click(WebUiBuiltInKeywords.groovy:616)
	at com.kms.katalon.core.webui.keyword.WebUiBuiltInKeywords$click$2.call(Unknown Source)
	at Script1537104534885.run(Script1537104534885.groovy:24)
	... 13 more
)

2019-04-21 02:58:20 - [MESSAGE][FAILED] - Unable to click on object 'Object Repository/Page_KiboPush  Create Broadcast Tem/button_Add category (1)' (Root cause: com.kms.katalon.core.exception.StepFailedException: Unable to click on object 'Object Repository/Page_KiboPush  Create Broadcast Tem/button_Add category (1)'
	at com.kms.katalon.core.webui.keyword.internal.WebUIKeywordMain.stepFailed(WebUIKeywordMain.groovy:64)
	at com.kms.katalon.core.webui.keyword.internal.WebUIKeywordMain.runKeyword(WebUIKeywordMain.groovy:26)
	at com.kms.katalon.core.webui.keyword.builtin.ClickKeyword.click(ClickKeyword.groovy:86)
	at com.kms.katalon.core.webui.keyword.builtin.ClickKeyword.execute(ClickKeyword.groovy:67)
	at com.kms.katalon.core.keyword.internal.KeywordExecutor.executeKeywordForPlatform(KeywordExecutor.groovy:56)
	at com.kms.katalon.core.webui.keyword.WebUiBuiltInKeywords.click(WebUiBuiltInKeywords.groovy:616)
	at com.kms.katalon.core.webui.keyword.WebUiBuiltInKeywords$click$2.call(Unknown Source)
	at TC0856.run(TC0856:24)
	at com.kms.katalon.core.main.ScriptEngine.run(ScriptEngine.java:194)
	at com.kms.katalon.core.main.ScriptEngine.runScriptAsRawText(ScriptEngine.java:119)
	at com.kms.katalon.core.main.TestCaseExecutor.runScript(TestCaseExecutor.java:336)
	at com.kms.katalon.core.main.TestCaseExecutor.doExecute(TestCaseExecutor.java:327)
	at com.kms.katalon.core.main.TestCaseExecutor.processExecutionPhase(TestCaseExecutor.java:306)
	at com.kms.katalon.core.main.TestCaseExecutor.accessMainPhase(TestCaseExecutor.java:298)
	at com.kms.katalon.core.main.TestCaseExecutor.execute(TestCaseExecutor.java:232)
	at com.kms.katalon.core.main.TestSuiteExecutor.accessTestCaseMainPhase(TestSuiteExecutor.java:129)
	at com.kms.katalon.core.main.TestSuiteExecutor.accessTestSuiteMainPhase(TestSuiteExecutor.java:112)
	at com.kms.katalon.core.main.TestSuiteExecutor.execute(TestSuiteExecutor.java:81)
	at com.kms.katalon.core.main.TestCaseMain.startTestSuite(TestCaseMain.java:157)
	at com.kms.katalon.core.main.TestCaseMain$startTestSuite$0.call(Unknown Source)
	at TempTestSuite1555795243480.run(TempTestSuite1555795243480.groovy:35)
Caused by: org.openqa.selenium.WebDriverException: unknown error: Element <button class="m-btn m-btn--pill m-btn--hover-brand btn btn-sm btn-secondary" style="margin-left: -90px;">...</button> is not clickable at point (779, 345). Other element would receive the click: <div class="col-6">...</div>
  (Session info: chrome=73.0.3683.103)
  (Driver info: chromedriver=73.0.3683.68 (47787ec04b6e38e22703e856e101e840b65afe72),platform=Linux 4.15.0-47-generic x86_64) (WARNING: The server did not provide any stacktrace information)
Command duration or timeout: 0 milliseconds
Build info: version: '3.7.1', revision: '8a0099a', time: '2017-11-06T21:07:36.161Z'
System info: host: 'faizan-HP-EliteBook-850-G2', ip: '127.0.1.1', os.name: 'Linux', os.arch: 'amd64', os.version: '4.15.0-47-generic', java.version: '1.8.0_191'
Driver info: com.kms.katalon.selenium.driver.CChromeDriver
Capabilities {acceptInsecureCerts: false, acceptSslCerts: false, applicationCacheEnabled: false, browserConnectionEnabled: false, browserName: chrome, chrome: {chromedriverVersion: 73.0.3683.68 (47787ec04b6e3..., userDataDir: /tmp/.com.google.Chrome.FU0xWS}, cssSelectorsEnabled: true, databaseEnabled: false, goog:chromeOptions: {debuggerAddress: localhost:43539}, handlesAlerts: true, hasTouchScreen: false, javascriptEnabled: true, locationContextEnabled: true, mobileEmulationEnabled: false, nativeEvents: true, networkConnectionEnabled: false, pageLoadStrategy: normal, platform: LINUX, platformName: LINUX, proxy: Proxy(direct), rotatable: false, setWindowRect: true, strictFileInteractability: false, takesHeapSnapshot: true, takesScreenshot: true, timeouts: {implicit: 0, pageLoad: 300000, script: 30000}, unexpectedAlertBehaviour: ignore, unhandledPromptBehavior: ignore, version: 73.0.3683.103, webStorageEnabled: true}
Session ID: f13adca9b43bf4b34e393f07e02ab2e3
	at org.openqa.selenium.remote.ErrorHandler.createThrowable(ErrorHandler.java:214)
	at org.openqa.selenium.remote.ErrorHandler.throwIfResponseFailed(ErrorHandler.java:166)
	at org.openqa.selenium.remote.http.JsonHttpResponseCodec.reconstructValue(JsonHttpResponseCodec.java:40)
	at org.openqa.selenium.remote.http.AbstractHttpResponseCodec.decode(AbstractHttpResponseCodec.java:80)
	at org.openqa.selenium.remote.http.AbstractHttpResponseCodec.decode(AbstractHttpResponseCodec.java:44)
	at org.openqa.selenium.remote.HttpCommandExecutor.execute(HttpCommandExecutor.java:164)
	at org.openqa.selenium.remote.service.DriverCommandExecutor.execute(DriverCommandExecutor.java:83)
	at org.openqa.selenium.remote.RemoteWebDriver.execute(RemoteWebDriver.java:600)
	at com.kms.katalon.selenium.driver.CChromeDriver.execute(CChromeDriver.java:20)
	at org.openqa.selenium.remote.RemoteWebElement.execute(RemoteWebElement.java:279)
	at org.openqa.selenium.remote.RemoteWebElement.click(RemoteWebElement.java:83)
	at com.kms.katalon.core.webui.keyword.builtin.ClickKeyword$_click_closure1.doCall(ClickKeyword.groovy:79)
	at com.kms.katalon.core.webui.keyword.builtin.ClickKeyword$_click_closure1.call(ClickKeyword.groovy)
	at com.kms.katalon.core.webui.keyword.internal.WebUIKeywordMain.runKeyword(WebUIKeywordMain.groovy:20)
	at com.kms.katalon.core.webui.keyword.builtin.ClickKeyword.click(ClickKeyword.groovy:86)
	at com.kms.katalon.core.webui.keyword.builtin.ClickKeyword.execute(ClickKeyword.groovy:67)
	at com.kms.katalon.core.keyword.internal.KeywordExecutor.executeKeywordForPlatform(KeywordExecutor.groovy:56)
	at com.kms.katalon.core.webui.keyword.WebUiBuiltInKeywords.click(WebUiBuiltInKeywords.groovy:616)
	at com.kms.katalon.core.webui.keyword.WebUiBuiltInKeywords$click$2.call(Unknown Source)
	at Script1537104534885.run(Script1537104534885.groovy:24)
	... 13 more
)
[[ATTACHMENT|/home/faizan/Drive/KiboPush_Automated_Testing/KiboPush Katalon/Reports/Faizan Suits/Template/20190421_022043/1555797500079.png]]]]></system-out>
         <system-err><![CDATA[2019-04-21 02:58:11 - [TEST_CASE][FAILED] - Test Cases/Template testcases/TC0856: Test Cases/Template testcases/TC0856 FAILED.
Reason:
com.kms.katalon.core.exception.StepFailedException: Unable to click on object 'Object Repository/Page_KiboPush  Create Broadcast Tem/button_Add category (1)'
	at com.kms.katalon.core.webui.keyword.internal.WebUIKeywordMain.stepFailed(WebUIKeywordMain.groovy:64)
	at com.kms.katalon.core.webui.keyword.internal.WebUIKeywordMain.runKeyword(WebUIKeywordMain.groovy:26)
	at com.kms.katalon.core.webui.keyword.builtin.ClickKeyword.click(ClickKeyword.groovy:86)
	at com.kms.katalon.core.webui.keyword.builtin.ClickKeyword.execute(ClickKeyword.groovy:67)
	at com.kms.katalon.core.keyword.internal.KeywordExecutor.executeKeywordForPlatform(KeywordExecutor.groovy:56)
	at com.kms.katalon.core.webui.keyword.WebUiBuiltInKeywords.click(WebUiBuiltInKeywords.groovy:616)
	at com.kms.katalon.core.webui.keyword.WebUiBuiltInKeywords$click$2.call(Unknown Source)
	at TC0856.run(TC0856:24)
	at com.kms.katalon.core.main.ScriptEngine.run(ScriptEngine.java:194)
	at com.kms.katalon.core.main.ScriptEngine.runScriptAsRawText(ScriptEngine.java:119)
	at com.kms.katalon.core.main.TestCaseExecutor.runScript(TestCaseExecutor.java:336)
	at com.kms.katalon.core.main.TestCaseExecutor.doExecute(TestCaseExecutor.java:327)
	at com.kms.katalon.core.main.TestCaseExecutor.processExecutionPhase(TestCaseExecutor.java:306)
	at com.kms.katalon.core.main.TestCaseExecutor.accessMainPhase(TestCaseExecutor.java:298)
	at com.kms.katalon.core.main.TestCaseExecutor.execute(TestCaseExecutor.java:232)
	at com.kms.katalon.core.main.TestSuiteExecutor.accessTestCaseMainPhase(TestSuiteExecutor.java:129)
	at com.kms.katalon.core.main.TestSuiteExecutor.accessTestSuiteMainPhase(TestSuiteExecutor.java:112)
	at com.kms.katalon.core.main.TestSuiteExecutor.execute(TestSuiteExecutor.java:81)
	at com.kms.katalon.core.main.TestCaseMain.startTestSuite(TestCaseMain.java:157)
	at com.kms.katalon.core.main.TestCaseMain$startTestSuite$0.call(Unknown Source)
	at TempTestSuite1555795243480.run(TempTestSuite1555795243480.groovy:35)
Caused by: org.openqa.selenium.WebDriverException: unknown error: Element <button class="m-btn m-btn--pill m-btn--hover-brand btn btn-sm btn-secondary" style="margin-left: -90px;">...</button> is not clickable at point (779, 345). Other element would receive the click: <div class="col-6">...</div>
  (Session info: chrome=73.0.3683.103)
  (Driver info: chromedriver=73.0.3683.68 (47787ec04b6e38e22703e856e101e840b65afe72),platform=Linux 4.15.0-47-generic x86_64) (WARNING: The server did not provide any stacktrace information)
Command duration or timeout: 0 milliseconds
Build info: version: '3.7.1', revision: '8a0099a', time: '2017-11-06T21:07:36.161Z'
System info: host: 'faizan-HP-EliteBook-850-G2', ip: '127.0.1.1', os.name: 'Linux', os.arch: 'amd64', os.version: '4.15.0-47-generic', java.version: '1.8.0_191'
Driver info: com.kms.katalon.selenium.driver.CChromeDriver
Capabilities {acceptInsecureCerts: false, acceptSslCerts: false, applicationCacheEnabled: false, browserConnectionEnabled: false, browserName: chrome, chrome: {chromedriverVersion: 73.0.3683.68 (47787ec04b6e3..., userDataDir: /tmp/.com.google.Chrome.FU0xWS}, cssSelectorsEnabled: true, databaseEnabled: false, goog:chromeOptions: {debuggerAddress: localhost:43539}, handlesAlerts: true, hasTouchScreen: false, javascriptEnabled: true, locationContextEnabled: true, mobileEmulationEnabled: false, nativeEvents: true, networkConnectionEnabled: false, pageLoadStrategy: normal, platform: LINUX, platformName: LINUX, proxy: Proxy(direct), rotatable: false, setWindowRect: true, strictFileInteractability: false, takesHeapSnapshot: true, takesScreenshot: true, timeouts: {implicit: 0, pageLoad: 300000, script: 30000}, unexpectedAlertBehaviour: ignore, unhandledPromptBehavior: ignore, version: 73.0.3683.103, webStorageEnabled: true}
Session ID: f13adca9b43bf4b34e393f07e02ab2e3
	at org.openqa.selenium.remote.ErrorHandler.createThrowable(ErrorHandler.java:214)
	at org.openqa.selenium.remote.ErrorHandler.throwIfResponseFailed(ErrorHandler.java:166)
	at org.openqa.selenium.remote.http.JsonHttpResponseCodec.reconstructValue(JsonHttpResponseCodec.java:40)
	at org.openqa.selenium.remote.http.AbstractHttpResponseCodec.decode(AbstractHttpResponseCodec.java:80)
	at org.openqa.selenium.remote.http.AbstractHttpResponseCodec.decode(AbstractHttpResponseCodec.java:44)
	at org.openqa.selenium.remote.HttpCommandExecutor.execute(HttpCommandExecutor.java:164)
	at org.openqa.selenium.remote.service.DriverCommandExecutor.execute(DriverCommandExecutor.java:83)
	at org.openqa.selenium.remote.RemoteWebDriver.execute(RemoteWebDriver.java:600)
	at com.kms.katalon.selenium.driver.CChromeDriver.execute(CChromeDriver.java:20)
	at org.openqa.selenium.remote.RemoteWebElement.execute(RemoteWebElement.java:279)
	at org.openqa.selenium.remote.RemoteWebElement.click(RemoteWebElement.java:83)
	at com.kms.katalon.core.webui.keyword.builtin.ClickKeyword$_click_closure1.doCall(ClickKeyword.groovy:79)
	at com.kms.katalon.core.webui.keyword.builtin.ClickKeyword$_click_closure1.call(ClickKeyword.groovy)
	at com.kms.katalon.core.webui.keyword.internal.WebUIKeywordMain.runKeyword(WebUIKeywordMain.groovy:20)
	at com.kms.katalon.core.webui.keyword.builtin.ClickKeyword.click(ClickKeyword.groovy:86)
	at com.kms.katalon.core.webui.keyword.builtin.ClickKeyword.execute(ClickKeyword.groovy:67)
	at com.kms.katalon.core.keyword.internal.KeywordExecutor.executeKeywordForPlatform(KeywordExecutor.groovy:56)
	at com.kms.katalon.core.webui.keyword.WebUiBuiltInKeywords.click(WebUiBuiltInKeywords.groovy:616)
	at com.kms.katalon.core.webui.keyword.WebUiBuiltInKeywords$click$2.call(Unknown Source)
	at Script1537104534885.run(Script1537104534885.groovy:24)
	... 13 more]]></system-err>
      </testcase>
      <testcase name="Test Cases/Template testcases/TC0857" classname="Test Cases/Template testcases/TC0857" status="PASSED">
         <system-out><![CDATA[2019-04-21 02:58:20 - [TEST_CASE][PASSED] - Test Cases/Template testcases/TC0857: Test Cases/Template testcases/TC0857

2019-04-21 02:58:20 - [TEST_STEP][PASSED] - callTestCase(findTestCase("Template testcases/TC0768"), [:], STOP_ON_FAILURE): Call Test Case 'Test Cases/Template testcases/TC0768' successfully

2019-04-21 02:58:20 - [TEST_CASE][PASSED] - Test Cases/Template testcases/TC0768: Test Cases/Template testcases/TC0768

2019-04-21 02:58:20 - [TEST_STEP][PASSED] - callTestCase(findTestCase("s-sidebar_navigation/individualAccount/Template"), [:], STOP_ON_FAILURE): Call Test Case 'Test Cases/s-sidebar_navigation/individualAccount/Template' successfully

2019-04-21 02:58:20 - [TEST_CASE][PASSED] - Test Cases/s-sidebar_navigation/individualAccount/Template: Test Cases/s-sidebar_navigation/individualAccount/Template

2019-04-21 02:58:20 - [TEST_STEP][PASSED] - click(findTestObject("Page_KiboPush  Dashboard/span_Broadcasts")): Object: 'Object Repository/Page_KiboPush  Dashboard/span_Broadcasts' is clicked on

2019-04-21 02:58:20 - [MESSAGE][PASSED] - Object: 'Object Repository/Page_KiboPush  Dashboard/span_Broadcasts' is clicked on

2019-04-21 02:58:20 - [TEST_STEP][PASSED] - delay(1): Delayed 1 second(s)

2019-04-21 02:58:21 - [MESSAGE][PASSED] - Delayed 1 second(s)

2019-04-21 02:58:21 - [TEST_STEP][PASSED] - click(findTestObject("Page_KiboPush  Dashboard/span_Templates")): Object: 'Object Repository/Page_KiboPush  Dashboard/span_Templates' is clicked on

2019-04-21 02:58:22 - [MESSAGE][PASSED] - Object: 'Object Repository/Page_KiboPush  Dashboard/span_Templates' is clicked on

2019-04-21 02:58:22 - [TEST_STEP][PASSED] - delay(3): Delayed 3 second(s)

2019-04-21 02:58:25 - [MESSAGE][PASSED] - Delayed 3 second(s)

2019-04-21 02:58:25 - [TEST_STEP][PASSED] - scrollToPosition(0, 0): Browser is scrolled to position x = 0, y = 0

2019-04-21 02:58:25 - [MESSAGE][PASSED] - Browser is scrolled to position x = 0, y = 0

2019-04-21 02:58:25 - [TEST_STEP][PASSED] - click(findTestObject("Object Repository/Page_KiboEngage  Templates/h3_Templates")): Object: 'Object Repository/Page_KiboEngage  Templates/h3_Templates' is clicked on

2019-04-21 02:58:25 - [MESSAGE][PASSED] - Object: 'Object Repository/Page_KiboEngage  Templates/h3_Templates' is clicked on

2019-04-21 02:58:25 - [TEST_STEP][PASSED] - delay(3): Delayed 3 second(s)

2019-04-21 02:58:28 - [MESSAGE][PASSED] - Delayed 3 second(s)

2019-04-21 02:58:28 - [MESSAGE][PASSED] - Call Test Case 'Test Cases/s-sidebar_navigation/individualAccount/Template' successfully

2019-04-21 02:58:28 - [TEST_STEP][PASSED] - click(findTestObject("Object Repository/Page_KiboPush  Dashboard/button_Create New")): Object: 'Object Repository/Page_KiboPush  Dashboard/button_Create New' is clicked on

2019-04-21 02:58:28 - [MESSAGE][PASSED] - Object: 'Object Repository/Page_KiboPush  Dashboard/button_Create New' is clicked on

2019-04-21 02:58:28 - [TEST_STEP][PASSED] - click(findTestObject("Object Repository/Page_KiboPush  Create Broadcast Tem/h3_Create Broadcast Template")): Object: 'Object Repository/Page_KiboPush  Create Broadcast Tem/h3_Create Broadcast Template' is clicked on

2019-04-21 02:58:28 - [MESSAGE][PASSED] - Object: 'Object Repository/Page_KiboPush  Create Broadcast Tem/h3_Create Broadcast Template' is clicked on

2019-04-21 02:58:28 - [MESSAGE][PASSED] - Call Test Case 'Test Cases/Template testcases/TC0768' successfully

2019-04-21 02:58:28 - [TEST_STEP][PASSED] - click(findTestObject("Page_KiboPush  Create Broadcast Tem/h3_Create Broadcast Template (9) (1)")): Object: 'Object Repository/Page_KiboPush  Create Broadcast Tem/h3_Create Broadcast Template (9) (1)' is clicked on

2019-04-21 02:58:28 - [MESSAGE][PASSED] - Object: 'Object Repository/Page_KiboPush  Create Broadcast Tem/h3_Create Broadcast Template (9) (1)' is clicked on

2019-04-21 02:58:28 - [TEST_STEP][PASSED] - click(findTestObject("Page_KiboPush  Create Broadcast Tem/a_Back (2)")): Object: 'Object Repository/Page_KiboPush  Create Broadcast Tem/a_Back (2)' is clicked on

2019-04-21 02:58:28 - [MESSAGE][PASSED] - Object: 'Object Repository/Page_KiboPush  Create Broadcast Tem/a_Back (2)' is clicked on

2019-04-21 02:58:28 - [TEST_STEP][PASSED] - scrollToPosition(0, 0): Browser is scrolled to position x = 0, y = 0

2019-04-21 02:58:28 - [MESSAGE][PASSED] - Browser is scrolled to position x = 0, y = 0

2019-04-21 02:58:28 - [TEST_STEP][PASSED] - click(findTestObject("Page_KiboEngage  Templates/h3_Templates (1)")): Object: 'Object Repository/Page_KiboEngage  Templates/h3_Templates (1)' is clicked on

2019-04-21 02:58:29 - [MESSAGE][PASSED] - Object: 'Object Repository/Page_KiboEngage  Templates/h3_Templates (1)' is clicked on]]></system-out>
         <system-err><![CDATA[]]></system-err>
      </testcase>
      <testcase name="Test Cases/Template testcases/TC0858" classname="Test Cases/Template testcases/TC0858" status="PASSED">
         <system-out><![CDATA[2019-04-21 02:58:29 - [TEST_CASE][PASSED] - Test Cases/Template testcases/TC0858: Test Cases/Template testcases/TC0858

2019-04-21 02:58:29 - [TEST_STEP][PASSED] - callTestCase(findTestCase("Template testcases/TC0768"), [:], STOP_ON_FAILURE): Call Test Case 'Test Cases/Template testcases/TC0768' successfully

2019-04-21 02:58:29 - [TEST_CASE][PASSED] - Test Cases/Template testcases/TC0768: Test Cases/Template testcases/TC0768

2019-04-21 02:58:29 - [TEST_STEP][PASSED] - callTestCase(findTestCase("s-sidebar_navigation/individualAccount/Template"), [:], STOP_ON_FAILURE): Call Test Case 'Test Cases/s-sidebar_navigation/individualAccount/Template' successfully

2019-04-21 02:58:29 - [TEST_CASE][PASSED] - Test Cases/s-sidebar_navigation/individualAccount/Template: Test Cases/s-sidebar_navigation/individualAccount/Template

2019-04-21 02:58:29 - [TEST_STEP][PASSED] - click(findTestObject("Page_KiboPush  Dashboard/span_Broadcasts")): Object: 'Object Repository/Page_KiboPush  Dashboard/span_Broadcasts' is clicked on

2019-04-21 02:58:29 - [MESSAGE][PASSED] - Object: 'Object Repository/Page_KiboPush  Dashboard/span_Broadcasts' is clicked on

2019-04-21 02:58:29 - [TEST_STEP][PASSED] - delay(1): Delayed 1 second(s)

2019-04-21 02:58:30 - [MESSAGE][PASSED] - Delayed 1 second(s)

2019-04-21 02:58:30 - [TEST_STEP][PASSED] - click(findTestObject("Page_KiboPush  Dashboard/span_Templates")): Object: 'Object Repository/Page_KiboPush  Dashboard/span_Templates' is clicked on

2019-04-21 02:58:31 - [MESSAGE][PASSED] - Object: 'Object Repository/Page_KiboPush  Dashboard/span_Templates' is clicked on

2019-04-21 02:58:31 - [TEST_STEP][PASSED] - delay(3): Delayed 3 second(s)

2019-04-21 02:58:34 - [MESSAGE][PASSED] - Delayed 3 second(s)

2019-04-21 02:58:34 - [TEST_STEP][PASSED] - scrollToPosition(0, 0): Browser is scrolled to position x = 0, y = 0

2019-04-21 02:58:34 - [MESSAGE][PASSED] - Browser is scrolled to position x = 0, y = 0

2019-04-21 02:58:34 - [TEST_STEP][PASSED] - click(findTestObject("Object Repository/Page_KiboEngage  Templates/h3_Templates")): Object: 'Object Repository/Page_KiboEngage  Templates/h3_Templates' is clicked on

2019-04-21 02:58:34 - [MESSAGE][PASSED] - Object: 'Object Repository/Page_KiboEngage  Templates/h3_Templates' is clicked on

2019-04-21 02:58:34 - [TEST_STEP][PASSED] - delay(3): Delayed 3 second(s)

2019-04-21 02:58:37 - [MESSAGE][PASSED] - Delayed 3 second(s)

2019-04-21 02:58:37 - [MESSAGE][PASSED] - Call Test Case 'Test Cases/s-sidebar_navigation/individualAccount/Template' successfully

2019-04-21 02:58:37 - [TEST_STEP][PASSED] - click(findTestObject("Object Repository/Page_KiboPush  Dashboard/button_Create New")): Object: 'Object Repository/Page_KiboPush  Dashboard/button_Create New' is clicked on

2019-04-21 02:58:37 - [MESSAGE][PASSED] - Object: 'Object Repository/Page_KiboPush  Dashboard/button_Create New' is clicked on

2019-04-21 02:58:37 - [TEST_STEP][PASSED] - click(findTestObject("Object Repository/Page_KiboPush  Create Broadcast Tem/h3_Create Broadcast Template")): Object: 'Object Repository/Page_KiboPush  Create Broadcast Tem/h3_Create Broadcast Template' is clicked on

2019-04-21 02:58:37 - [MESSAGE][PASSED] - Object: 'Object Repository/Page_KiboPush  Create Broadcast Tem/h3_Create Broadcast Template' is clicked on

2019-04-21 02:58:37 - [MESSAGE][PASSED] - Call Test Case 'Test Cases/Template testcases/TC0768' successfully

2019-04-21 02:58:37 - [TEST_STEP][PASSED] - click(findTestObject("Page_KiboPush  Create Broadcast Tem/i_convoTitle")): Object: 'Object Repository/Page_KiboPush  Create Broadcast Tem/i_convoTitle' is clicked on

2019-04-21 02:58:37 - [MESSAGE][PASSED] - Object: 'Object Repository/Page_KiboPush  Create Broadcast Tem/i_convoTitle' is clicked on

2019-04-21 02:58:37 - [TEST_STEP][PASSED] - setText(findTestObject("Page_KiboPush  Create Broadcast Tem/input_form-control"), "Hello"): Text 'Hello' is set on object 'Object Repository/Page_KiboPush  Create Broadcast Tem/input_form-control'

2019-04-21 02:58:37 - [MESSAGE][PASSED] - Text 'Hello' is set on object 'Object Repository/Page_KiboPush  Create Broadcast Tem/input_form-control'

2019-04-21 02:58:37 - [TEST_STEP][PASSED] - click(findTestObject("Page_KiboPush  Create Broadcast Tem/button_Save")): Object: 'Object Repository/Page_KiboPush  Create Broadcast Tem/button_Save' is clicked on

2019-04-21 02:58:38 - [MESSAGE][PASSED] - Object: 'Object Repository/Page_KiboPush  Create Broadcast Tem/button_Save' is clicked on

2019-04-21 02:58:38 - [TEST_STEP][PASSED] - delay(2): Delayed 2 second(s)

2019-04-21 02:58:40 - [MESSAGE][PASSED] - Delayed 2 second(s)

2019-04-21 02:58:40 - [TEST_STEP][PASSED] - verifyTextPresent("Hello", false): Text 'Hello' is present on page 

2019-04-21 02:58:40 - [MESSAGE][PASSED] - Text 'Hello' is present on page 

2019-04-21 02:58:40 - [TEST_STEP][PASSED] - verifyTextNotPresent("Broadcast Title", false): Text 'Broadcast Title' is not present on page

2019-04-21 02:58:40 - [MESSAGE][PASSED] - Text 'Broadcast Title' is not present on page]]></system-out>
         <system-err><![CDATA[]]></system-err>
      </testcase>
      <testcase name="Test Cases/Template testcases/TC0859" classname="Test Cases/Template testcases/TC0859" status="PASSED">
         <system-out><![CDATA[2019-04-21 02:58:40 - [TEST_CASE][PASSED] - Test Cases/Template testcases/TC0859: Test Cases/Template testcases/TC0859

2019-04-21 02:58:40 - [TEST_STEP][PASSED] - callTestCase(findTestCase("s-sidebar_navigation/individualAccount/Template"), [:], STOP_ON_FAILURE): Call Test Case 'Test Cases/s-sidebar_navigation/individualAccount/Template' successfully

2019-04-21 02:58:40 - [TEST_CASE][PASSED] - Test Cases/s-sidebar_navigation/individualAccount/Template: Test Cases/s-sidebar_navigation/individualAccount/Template

2019-04-21 02:58:40 - [TEST_STEP][PASSED] - click(findTestObject("Page_KiboPush  Dashboard/span_Broadcasts")): Object: 'Object Repository/Page_KiboPush  Dashboard/span_Broadcasts' is clicked on

2019-04-21 02:58:41 - [MESSAGE][PASSED] - Object: 'Object Repository/Page_KiboPush  Dashboard/span_Broadcasts' is clicked on

2019-04-21 02:58:41 - [TEST_STEP][PASSED] - delay(1): Delayed 1 second(s)

2019-04-21 02:58:42 - [MESSAGE][PASSED] - Delayed 1 second(s)

2019-04-21 02:58:42 - [TEST_STEP][PASSED] - click(findTestObject("Page_KiboPush  Dashboard/span_Templates")): Object: 'Object Repository/Page_KiboPush  Dashboard/span_Templates' is clicked on

2019-04-21 02:58:42 - [MESSAGE][PASSED] - Object: 'Object Repository/Page_KiboPush  Dashboard/span_Templates' is clicked on

2019-04-21 02:58:42 - [TEST_STEP][PASSED] - delay(3): Delayed 3 second(s)

2019-04-21 02:58:45 - [MESSAGE][PASSED] - Delayed 3 second(s)

2019-04-21 02:58:45 - [TEST_STEP][PASSED] - scrollToPosition(0, 0): Browser is scrolled to position x = 0, y = 0

2019-04-21 02:58:45 - [MESSAGE][PASSED] - Browser is scrolled to position x = 0, y = 0

2019-04-21 02:58:45 - [TEST_STEP][PASSED] - click(findTestObject("Object Repository/Page_KiboEngage  Templates/h3_Templates")): Object: 'Object Repository/Page_KiboEngage  Templates/h3_Templates' is clicked on

2019-04-21 02:58:45 - [MESSAGE][PASSED] - Object: 'Object Repository/Page_KiboEngage  Templates/h3_Templates' is clicked on

2019-04-21 02:58:45 - [TEST_STEP][PASSED] - delay(3): Delayed 3 second(s)

2019-04-21 02:58:48 - [MESSAGE][PASSED] - Delayed 3 second(s)

2019-04-21 02:58:48 - [MESSAGE][PASSED] - Call Test Case 'Test Cases/s-sidebar_navigation/individualAccount/Template' successfully

2019-04-21 02:58:48 - [TEST_STEP][PASSED] - click(findTestObject("Object Repository/Page_KiboPush  Dashboard/a_View")): Object: 'Object Repository/Page_KiboPush  Dashboard/a_View' is clicked on

2019-04-21 02:58:48 - [MESSAGE][PASSED] - Object: 'Object Repository/Page_KiboPush  Dashboard/a_View' is clicked on

2019-04-21 02:58:48 - [TEST_STEP][PASSED] - click(findTestObject("Object Repository/Page_KiboPush  Dashboard/p_Category Customer Behavior")): Object: 'Object Repository/Page_KiboPush  Dashboard/p_Category Customer Behavior' is clicked on

2019-04-21 02:58:48 - [MESSAGE][PASSED] - Object: 'Object Repository/Page_KiboPush  Dashboard/p_Category Customer Behavior' is clicked on]]></system-out>
         <system-err><![CDATA[]]></system-err>
      </testcase>
      <testcase name="Test Cases/Template testcases/TC0860" classname="Test Cases/Template testcases/TC0860" status="PASSED">
         <system-out><![CDATA[2019-04-21 02:58:48 - [TEST_CASE][PASSED] - Test Cases/Template testcases/TC0860: Test Cases/Template testcases/TC0860

2019-04-21 02:58:49 - [TEST_STEP][PASSED] - callTestCase(findTestCase("Template testcases/TC0859"), [:], STOP_ON_FAILURE): Call Test Case 'Test Cases/Template testcases/TC0859' successfully

2019-04-21 02:58:49 - [TEST_CASE][PASSED] - Test Cases/Template testcases/TC0859: Test Cases/Template testcases/TC0859

2019-04-21 02:58:49 - [TEST_STEP][PASSED] - callTestCase(findTestCase("s-sidebar_navigation/individualAccount/Template"), [:], STOP_ON_FAILURE): Call Test Case 'Test Cases/s-sidebar_navigation/individualAccount/Template' successfully

2019-04-21 02:58:49 - [TEST_CASE][PASSED] - Test Cases/s-sidebar_navigation/individualAccount/Template: Test Cases/s-sidebar_navigation/individualAccount/Template

2019-04-21 02:58:49 - [TEST_STEP][PASSED] - click(findTestObject("Page_KiboPush  Dashboard/span_Broadcasts")): Object: 'Object Repository/Page_KiboPush  Dashboard/span_Broadcasts' is clicked on

2019-04-21 02:58:49 - [MESSAGE][PASSED] - Object: 'Object Repository/Page_KiboPush  Dashboard/span_Broadcasts' is clicked on

2019-04-21 02:58:49 - [TEST_STEP][PASSED] - delay(1): Delayed 1 second(s)

2019-04-21 02:58:50 - [MESSAGE][PASSED] - Delayed 1 second(s)

2019-04-21 02:58:50 - [TEST_STEP][PASSED] - click(findTestObject("Page_KiboPush  Dashboard/span_Templates")): Object: 'Object Repository/Page_KiboPush  Dashboard/span_Templates' is clicked on

2019-04-21 02:58:50 - [MESSAGE][PASSED] - Object: 'Object Repository/Page_KiboPush  Dashboard/span_Templates' is clicked on

2019-04-21 02:58:50 - [TEST_STEP][PASSED] - delay(3): Delayed 3 second(s)

2019-04-21 02:58:53 - [MESSAGE][PASSED] - Delayed 3 second(s)

2019-04-21 02:58:53 - [TEST_STEP][PASSED] - scrollToPosition(0, 0): Browser is scrolled to position x = 0, y = 0

2019-04-21 02:58:53 - [MESSAGE][PASSED] - Browser is scrolled to position x = 0, y = 0

2019-04-21 02:58:53 - [TEST_STEP][PASSED] - click(findTestObject("Object Repository/Page_KiboEngage  Templates/h3_Templates")): Object: 'Object Repository/Page_KiboEngage  Templates/h3_Templates' is clicked on

2019-04-21 02:58:53 - [MESSAGE][PASSED] - Object: 'Object Repository/Page_KiboEngage  Templates/h3_Templates' is clicked on

2019-04-21 02:58:53 - [TEST_STEP][PASSED] - delay(3): Delayed 3 second(s)

2019-04-21 02:58:56 - [MESSAGE][PASSED] - Delayed 3 second(s)

2019-04-21 02:58:56 - [MESSAGE][PASSED] - Call Test Case 'Test Cases/s-sidebar_navigation/individualAccount/Template' successfully

2019-04-21 02:58:56 - [TEST_STEP][PASSED] - click(findTestObject("Object Repository/Page_KiboPush  Dashboard/a_View")): Object: 'Object Repository/Page_KiboPush  Dashboard/a_View' is clicked on

2019-04-21 02:58:56 - [MESSAGE][PASSED] - Object: 'Object Repository/Page_KiboPush  Dashboard/a_View' is clicked on

2019-04-21 02:58:56 - [TEST_STEP][PASSED] - click(findTestObject("Object Repository/Page_KiboPush  Dashboard/p_Category Customer Behavior")): Object: 'Object Repository/Page_KiboPush  Dashboard/p_Category Customer Behavior' is clicked on

2019-04-21 02:58:57 - [MESSAGE][PASSED] - Object: 'Object Repository/Page_KiboPush  Dashboard/p_Category Customer Behavior' is clicked on

2019-04-21 02:58:57 - [MESSAGE][PASSED] - Call Test Case 'Test Cases/Template testcases/TC0859' successfully

2019-04-21 02:58:57 - [TEST_STEP][PASSED] - click(findTestObject("Page_KiboPush  Dashboard/a_Back")): Object: 'Object Repository/Page_KiboPush  Dashboard/a_Back' is clicked on

2019-04-21 02:58:57 - [MESSAGE][PASSED] - Object: 'Object Repository/Page_KiboPush  Dashboard/a_Back' is clicked on

2019-04-21 02:58:57 - [TEST_STEP][PASSED] - scrollToPosition(0, 0): Browser is scrolled to position x = 0, y = 0

2019-04-21 02:58:57 - [MESSAGE][PASSED] - Browser is scrolled to position x = 0, y = 0

2019-04-21 02:58:57 - [TEST_STEP][PASSED] - click(findTestObject("Page_KiboPush  Dashboard/h3_Templates")): Object: 'Object Repository/Page_KiboPush  Dashboard/h3_Templates' is clicked on

2019-04-21 02:58:57 - [MESSAGE][PASSED] - Object: 'Object Repository/Page_KiboPush  Dashboard/h3_Templates' is clicked on]]></system-out>
         <system-err><![CDATA[]]></system-err>
      </testcase>
      <testcase name="Test Cases/Template testcases/TC0861" classname="Test Cases/Template testcases/TC0861" status="FAILED">
         <failure type="FAILED" message="Test Cases/Template testcases/TC0861 FAILED.
Reason:
com.kms.katalon.core.exception.StepFailedException: Unable to click on object 'Object Repository/Page_KiboPush  Create Broadcast Tem/h3_Edit Broadcast Template'
	at com.kms.katalon.core.webui.keyword.internal.WebUIKeywordMain.stepFailed(WebUIKeywordMain.groovy:64)
	at com.kms.katalon.core.webui.keyword.internal.WebUIKeywordMain.runKeyword(WebUIKeywordMain.groovy:26)
	at com.kms.katalon.core.webui.keyword.builtin.ClickKeyword.click(ClickKeyword.groovy:86)
	at com.kms.katalon.core.webui.keyword.builtin.ClickKeyword.execute(ClickKeyword.groovy:67)
	at com.kms.katalon.core.keyword.internal.KeywordExecutor.executeKeywordForPlatform(KeywordExecutor.groovy:56)
	at com.kms.katalon.core.webui.keyword.WebUiBuiltInKeywords.click(WebUiBuiltInKeywords.groovy:616)
	at com.kms.katalon.core.webui.keyword.WebUiBuiltInKeywords$click$2.call(Unknown Source)
	at TC0861.run(TC0861:26)
	at com.kms.katalon.core.main.ScriptEngine.run(ScriptEngine.java:194)
	at com.kms.katalon.core.main.ScriptEngine.runScriptAsRawText(ScriptEngine.java:119)
	at com.kms.katalon.core.main.TestCaseExecutor.runScript(TestCaseExecutor.java:336)
	at com.kms.katalon.core.main.TestCaseExecutor.doExecute(TestCaseExecutor.java:327)
	at com.kms.katalon.core.main.TestCaseExecutor.processExecutionPhase(TestCaseExecutor.java:306)
	at com.kms.katalon.core.main.TestCaseExecutor.accessMainPhase(TestCaseExecutor.java:298)
	at com.kms.katalon.core.main.TestCaseExecutor.execute(TestCaseExecutor.java:232)
	at com.kms.katalon.core.main.TestSuiteExecutor.accessTestCaseMainPhase(TestSuiteExecutor.java:129)
	at com.kms.katalon.core.main.TestSuiteExecutor.accessTestSuiteMainPhase(TestSuiteExecutor.java:112)
	at com.kms.katalon.core.main.TestSuiteExecutor.execute(TestSuiteExecutor.java:81)
	at com.kms.katalon.core.main.TestCaseMain.startTestSuite(TestCaseMain.java:157)
	at com.kms.katalon.core.main.TestCaseMain$startTestSuite$0.call(Unknown Source)
	at TempTestSuite1555795243480.run(TempTestSuite1555795243480.groovy:35)
Caused by: org.openqa.selenium.WebDriverException: unknown error: Element &lt;h3 class=&quot;m-portlet__head-text&quot;>...&lt;/h3> is not clickable at point (415, 238). Other element would receive the click: &lt;div style=&quot;opacity: 1; overflow-y: auto; position: absolute; top: 0px; left: 0px; height: 100%; width: 100%; transition: opacity 0.3s ease 0s; cursor: pointer;&quot;>...&lt;/div>
  (Session info: chrome=73.0.3683.103)
  (Driver info: chromedriver=73.0.3683.68 (47787ec04b6e38e22703e856e101e840b65afe72),platform=Linux 4.15.0-47-generic x86_64) (WARNING: The server did not provide any stacktrace information)
Command duration or timeout: 0 milliseconds
Build info: version: '3.7.1', revision: '8a0099a', time: '2017-11-06T21:07:36.161Z'
System info: host: 'faizan-HP-EliteBook-850-G2', ip: '127.0.1.1', os.name: 'Linux', os.arch: 'amd64', os.version: '4.15.0-47-generic', java.version: '1.8.0_191'
Driver info: com.kms.katalon.selenium.driver.CChromeDriver
Capabilities {acceptInsecureCerts: false, acceptSslCerts: false, applicationCacheEnabled: false, browserConnectionEnabled: false, browserName: chrome, chrome: {chromedriverVersion: 73.0.3683.68 (47787ec04b6e3..., userDataDir: /tmp/.com.google.Chrome.FU0xWS}, cssSelectorsEnabled: true, databaseEnabled: false, goog:chromeOptions: {debuggerAddress: localhost:43539}, handlesAlerts: true, hasTouchScreen: false, javascriptEnabled: true, locationContextEnabled: true, mobileEmulationEnabled: false, nativeEvents: true, networkConnectionEnabled: false, pageLoadStrategy: normal, platform: LINUX, platformName: LINUX, proxy: Proxy(direct), rotatable: false, setWindowRect: true, strictFileInteractability: false, takesHeapSnapshot: true, takesScreenshot: true, timeouts: {implicit: 0, pageLoad: 300000, script: 30000}, unexpectedAlertBehaviour: ignore, unhandledPromptBehavior: ignore, version: 73.0.3683.103, webStorageEnabled: true}
Session ID: f13adca9b43bf4b34e393f07e02ab2e3
	at org.openqa.selenium.remote.ErrorHandler.createThrowable(ErrorHandler.java:214)
	at org.openqa.selenium.remote.ErrorHandler.throwIfResponseFailed(ErrorHandler.java:166)
	at org.openqa.selenium.remote.http.JsonHttpResponseCodec.reconstructValue(JsonHttpResponseCodec.java:40)
	at org.openqa.selenium.remote.http.AbstractHttpResponseCodec.decode(AbstractHttpResponseCodec.java:80)
	at org.openqa.selenium.remote.http.AbstractHttpResponseCodec.decode(AbstractHttpResponseCodec.java:44)
	at org.openqa.selenium.remote.HttpCommandExecutor.execute(HttpCommandExecutor.java:164)
	at org.openqa.selenium.remote.service.DriverCommandExecutor.execute(DriverCommandExecutor.java:83)
	at org.openqa.selenium.remote.RemoteWebDriver.execute(RemoteWebDriver.java:600)
	at com.kms.katalon.selenium.driver.CChromeDriver.execute(CChromeDriver.java:20)
	at org.openqa.selenium.remote.RemoteWebElement.execute(RemoteWebElement.java:279)
	at org.openqa.selenium.remote.RemoteWebElement.click(RemoteWebElement.java:83)
	at com.kms.katalon.core.webui.keyword.builtin.ClickKeyword$_click_closure1.doCall(ClickKeyword.groovy:79)
	at com.kms.katalon.core.webui.keyword.builtin.ClickKeyword$_click_closure1.call(ClickKeyword.groovy)
	at com.kms.katalon.core.webui.keyword.internal.WebUIKeywordMain.runKeyword(WebUIKeywordMain.groovy:20)
	at com.kms.katalon.core.webui.keyword.builtin.ClickKeyword.click(ClickKeyword.groovy:86)
	at com.kms.katalon.core.webui.keyword.builtin.ClickKeyword.execute(ClickKeyword.groovy:67)
	at com.kms.katalon.core.keyword.internal.KeywordExecutor.executeKeywordForPlatform(KeywordExecutor.groovy:56)
	at com.kms.katalon.core.webui.keyword.WebUiBuiltInKeywords.click(WebUiBuiltInKeywords.groovy:616)
	at com.kms.katalon.core.webui.keyword.WebUiBuiltInKeywords$click$2.call(Unknown Source)
	at Script1537163093020.run(Script1537163093020.groovy:26)
	... 13 more
"/>
         <system-out><![CDATA[2019-04-21 02:58:57 - [TEST_CASE][FAILED] - Test Cases/Template testcases/TC0861: Test Cases/Template testcases/TC0861 FAILED.
Reason:
com.kms.katalon.core.exception.StepFailedException: Unable to click on object 'Object Repository/Page_KiboPush  Create Broadcast Tem/h3_Edit Broadcast Template'
	at com.kms.katalon.core.webui.keyword.internal.WebUIKeywordMain.stepFailed(WebUIKeywordMain.groovy:64)
	at com.kms.katalon.core.webui.keyword.internal.WebUIKeywordMain.runKeyword(WebUIKeywordMain.groovy:26)
	at com.kms.katalon.core.webui.keyword.builtin.ClickKeyword.click(ClickKeyword.groovy:86)
	at com.kms.katalon.core.webui.keyword.builtin.ClickKeyword.execute(ClickKeyword.groovy:67)
	at com.kms.katalon.core.keyword.internal.KeywordExecutor.executeKeywordForPlatform(KeywordExecutor.groovy:56)
	at com.kms.katalon.core.webui.keyword.WebUiBuiltInKeywords.click(WebUiBuiltInKeywords.groovy:616)
	at com.kms.katalon.core.webui.keyword.WebUiBuiltInKeywords$click$2.call(Unknown Source)
	at TC0861.run(TC0861:26)
	at com.kms.katalon.core.main.ScriptEngine.run(ScriptEngine.java:194)
	at com.kms.katalon.core.main.ScriptEngine.runScriptAsRawText(ScriptEngine.java:119)
	at com.kms.katalon.core.main.TestCaseExecutor.runScript(TestCaseExecutor.java:336)
	at com.kms.katalon.core.main.TestCaseExecutor.doExecute(TestCaseExecutor.java:327)
	at com.kms.katalon.core.main.TestCaseExecutor.processExecutionPhase(TestCaseExecutor.java:306)
	at com.kms.katalon.core.main.TestCaseExecutor.accessMainPhase(TestCaseExecutor.java:298)
	at com.kms.katalon.core.main.TestCaseExecutor.execute(TestCaseExecutor.java:232)
	at com.kms.katalon.core.main.TestSuiteExecutor.accessTestCaseMainPhase(TestSuiteExecutor.java:129)
	at com.kms.katalon.core.main.TestSuiteExecutor.accessTestSuiteMainPhase(TestSuiteExecutor.java:112)
	at com.kms.katalon.core.main.TestSuiteExecutor.execute(TestSuiteExecutor.java:81)
	at com.kms.katalon.core.main.TestCaseMain.startTestSuite(TestCaseMain.java:157)
	at com.kms.katalon.core.main.TestCaseMain$startTestSuite$0.call(Unknown Source)
	at TempTestSuite1555795243480.run(TempTestSuite1555795243480.groovy:35)
Caused by: org.openqa.selenium.WebDriverException: unknown error: Element <h3 class="m-portlet__head-text">...</h3> is not clickable at point (415, 238). Other element would receive the click: <div style="opacity: 1; overflow-y: auto; position: absolute; top: 0px; left: 0px; height: 100%; width: 100%; transition: opacity 0.3s ease 0s; cursor: pointer;">...</div>
  (Session info: chrome=73.0.3683.103)
  (Driver info: chromedriver=73.0.3683.68 (47787ec04b6e38e22703e856e101e840b65afe72),platform=Linux 4.15.0-47-generic x86_64) (WARNING: The server did not provide any stacktrace information)
Command duration or timeout: 0 milliseconds
Build info: version: '3.7.1', revision: '8a0099a', time: '2017-11-06T21:07:36.161Z'
System info: host: 'faizan-HP-EliteBook-850-G2', ip: '127.0.1.1', os.name: 'Linux', os.arch: 'amd64', os.version: '4.15.0-47-generic', java.version: '1.8.0_191'
Driver info: com.kms.katalon.selenium.driver.CChromeDriver
Capabilities {acceptInsecureCerts: false, acceptSslCerts: false, applicationCacheEnabled: false, browserConnectionEnabled: false, browserName: chrome, chrome: {chromedriverVersion: 73.0.3683.68 (47787ec04b6e3..., userDataDir: /tmp/.com.google.Chrome.FU0xWS}, cssSelectorsEnabled: true, databaseEnabled: false, goog:chromeOptions: {debuggerAddress: localhost:43539}, handlesAlerts: true, hasTouchScreen: false, javascriptEnabled: true, locationContextEnabled: true, mobileEmulationEnabled: false, nativeEvents: true, networkConnectionEnabled: false, pageLoadStrategy: normal, platform: LINUX, platformName: LINUX, proxy: Proxy(direct), rotatable: false, setWindowRect: true, strictFileInteractability: false, takesHeapSnapshot: true, takesScreenshot: true, timeouts: {implicit: 0, pageLoad: 300000, script: 30000}, unexpectedAlertBehaviour: ignore, unhandledPromptBehavior: ignore, version: 73.0.3683.103, webStorageEnabled: true}
Session ID: f13adca9b43bf4b34e393f07e02ab2e3
	at org.openqa.selenium.remote.ErrorHandler.createThrowable(ErrorHandler.java:214)
	at org.openqa.selenium.remote.ErrorHandler.throwIfResponseFailed(ErrorHandler.java:166)
	at org.openqa.selenium.remote.http.JsonHttpResponseCodec.reconstructValue(JsonHttpResponseCodec.java:40)
	at org.openqa.selenium.remote.http.AbstractHttpResponseCodec.decode(AbstractHttpResponseCodec.java:80)
	at org.openqa.selenium.remote.http.AbstractHttpResponseCodec.decode(AbstractHttpResponseCodec.java:44)
	at org.openqa.selenium.remote.HttpCommandExecutor.execute(HttpCommandExecutor.java:164)
	at org.openqa.selenium.remote.service.DriverCommandExecutor.execute(DriverCommandExecutor.java:83)
	at org.openqa.selenium.remote.RemoteWebDriver.execute(RemoteWebDriver.java:600)
	at com.kms.katalon.selenium.driver.CChromeDriver.execute(CChromeDriver.java:20)
	at org.openqa.selenium.remote.RemoteWebElement.execute(RemoteWebElement.java:279)
	at org.openqa.selenium.remote.RemoteWebElement.click(RemoteWebElement.java:83)
	at com.kms.katalon.core.webui.keyword.builtin.ClickKeyword$_click_closure1.doCall(ClickKeyword.groovy:79)
	at com.kms.katalon.core.webui.keyword.builtin.ClickKeyword$_click_closure1.call(ClickKeyword.groovy)
	at com.kms.katalon.core.webui.keyword.internal.WebUIKeywordMain.runKeyword(WebUIKeywordMain.groovy:20)
	at com.kms.katalon.core.webui.keyword.builtin.ClickKeyword.click(ClickKeyword.groovy:86)
	at com.kms.katalon.core.webui.keyword.builtin.ClickKeyword.execute(ClickKeyword.groovy:67)
	at com.kms.katalon.core.keyword.internal.KeywordExecutor.executeKeywordForPlatform(KeywordExecutor.groovy:56)
	at com.kms.katalon.core.webui.keyword.WebUiBuiltInKeywords.click(WebUiBuiltInKeywords.groovy:616)
	at com.kms.katalon.core.webui.keyword.WebUiBuiltInKeywords$click$2.call(Unknown Source)
	at Script1537163093020.run(Script1537163093020.groovy:26)
	... 13 more


2019-04-21 02:58:57 - [TEST_STEP][PASSED] - callTestCase(findTestCase("s-sidebar_navigation/individualAccount/Template"), [:], STOP_ON_FAILURE): Call Test Case 'Test Cases/s-sidebar_navigation/individualAccount/Template' successfully

2019-04-21 02:58:57 - [TEST_CASE][PASSED] - Test Cases/s-sidebar_navigation/individualAccount/Template: Test Cases/s-sidebar_navigation/individualAccount/Template

2019-04-21 02:58:57 - [TEST_STEP][PASSED] - click(findTestObject("Page_KiboPush  Dashboard/span_Broadcasts")): Object: 'Object Repository/Page_KiboPush  Dashboard/span_Broadcasts' is clicked on

2019-04-21 02:58:58 - [MESSAGE][PASSED] - Object: 'Object Repository/Page_KiboPush  Dashboard/span_Broadcasts' is clicked on

2019-04-21 02:58:58 - [TEST_STEP][PASSED] - delay(1): Delayed 1 second(s)

2019-04-21 02:58:59 - [MESSAGE][PASSED] - Delayed 1 second(s)

2019-04-21 02:58:59 - [TEST_STEP][PASSED] - click(findTestObject("Page_KiboPush  Dashboard/span_Templates")): Object: 'Object Repository/Page_KiboPush  Dashboard/span_Templates' is clicked on

2019-04-21 02:58:59 - [MESSAGE][PASSED] - Object: 'Object Repository/Page_KiboPush  Dashboard/span_Templates' is clicked on

2019-04-21 02:58:59 - [TEST_STEP][PASSED] - delay(3): Delayed 3 second(s)

2019-04-21 02:59:02 - [MESSAGE][PASSED] - Delayed 3 second(s)

2019-04-21 02:59:02 - [TEST_STEP][PASSED] - scrollToPosition(0, 0): Browser is scrolled to position x = 0, y = 0

2019-04-21 02:59:02 - [MESSAGE][PASSED] - Browser is scrolled to position x = 0, y = 0

2019-04-21 02:59:02 - [TEST_STEP][PASSED] - click(findTestObject("Object Repository/Page_KiboEngage  Templates/h3_Templates")): Object: 'Object Repository/Page_KiboEngage  Templates/h3_Templates' is clicked on

2019-04-21 02:59:02 - [MESSAGE][PASSED] - Object: 'Object Repository/Page_KiboEngage  Templates/h3_Templates' is clicked on

2019-04-21 02:59:02 - [TEST_STEP][PASSED] - delay(3): Delayed 3 second(s)

2019-04-21 02:59:05 - [MESSAGE][PASSED] - Delayed 3 second(s)

2019-04-21 02:59:05 - [MESSAGE][PASSED] - Call Test Case 'Test Cases/s-sidebar_navigation/individualAccount/Template' successfully

2019-04-21 02:59:05 - [TEST_STEP][PASSED] - click(findTestObject("Page_KiboPush  Dashboard/a_Edit")): Object: 'Object Repository/Page_KiboPush  Dashboard/a_Edit' is clicked on

2019-04-21 02:59:06 - [MESSAGE][PASSED] - Object: 'Object Repository/Page_KiboPush  Dashboard/a_Edit' is clicked on

2019-04-21 02:59:06 - [TEST_STEP][FAILED] - click(findTestObject("Object Repository/Page_KiboPush  Create Broadcast Tem/h3_Edit Broadcast Template")): Unable to click on object 'Object Repository/Page_KiboPush  Create Broadcast Tem/h3_Edit Broadcast Template' (Root cause: com.kms.katalon.core.exception.StepFailedException: Unable to click on object 'Object Repository/Page_KiboPush  Create Broadcast Tem/h3_Edit Broadcast Template'
	at com.kms.katalon.core.webui.keyword.internal.WebUIKeywordMain.stepFailed(WebUIKeywordMain.groovy:64)
	at com.kms.katalon.core.webui.keyword.internal.WebUIKeywordMain.runKeyword(WebUIKeywordMain.groovy:26)
	at com.kms.katalon.core.webui.keyword.builtin.ClickKeyword.click(ClickKeyword.groovy:86)
	at com.kms.katalon.core.webui.keyword.builtin.ClickKeyword.execute(ClickKeyword.groovy:67)
	at com.kms.katalon.core.keyword.internal.KeywordExecutor.executeKeywordForPlatform(KeywordExecutor.groovy:56)
	at com.kms.katalon.core.webui.keyword.WebUiBuiltInKeywords.click(WebUiBuiltInKeywords.groovy:616)
	at com.kms.katalon.core.webui.keyword.WebUiBuiltInKeywords$click$2.call(Unknown Source)
	at TC0861.run(TC0861:26)
	at com.kms.katalon.core.main.ScriptEngine.run(ScriptEngine.java:194)
	at com.kms.katalon.core.main.ScriptEngine.runScriptAsRawText(ScriptEngine.java:119)
	at com.kms.katalon.core.main.TestCaseExecutor.runScript(TestCaseExecutor.java:336)
	at com.kms.katalon.core.main.TestCaseExecutor.doExecute(TestCaseExecutor.java:327)
	at com.kms.katalon.core.main.TestCaseExecutor.processExecutionPhase(TestCaseExecutor.java:306)
	at com.kms.katalon.core.main.TestCaseExecutor.accessMainPhase(TestCaseExecutor.java:298)
	at com.kms.katalon.core.main.TestCaseExecutor.execute(TestCaseExecutor.java:232)
	at com.kms.katalon.core.main.TestSuiteExecutor.accessTestCaseMainPhase(TestSuiteExecutor.java:129)
	at com.kms.katalon.core.main.TestSuiteExecutor.accessTestSuiteMainPhase(TestSuiteExecutor.java:112)
	at com.kms.katalon.core.main.TestSuiteExecutor.execute(TestSuiteExecutor.java:81)
	at com.kms.katalon.core.main.TestCaseMain.startTestSuite(TestCaseMain.java:157)
	at com.kms.katalon.core.main.TestCaseMain$startTestSuite$0.call(Unknown Source)
	at TempTestSuite1555795243480.run(TempTestSuite1555795243480.groovy:35)
Caused by: org.openqa.selenium.WebDriverException: unknown error: Element <h3 class="m-portlet__head-text">...</h3> is not clickable at point (415, 238). Other element would receive the click: <div style="opacity: 1; overflow-y: auto; position: absolute; top: 0px; left: 0px; height: 100%; width: 100%; transition: opacity 0.3s ease 0s; cursor: pointer;">...</div>
  (Session info: chrome=73.0.3683.103)
  (Driver info: chromedriver=73.0.3683.68 (47787ec04b6e38e22703e856e101e840b65afe72),platform=Linux 4.15.0-47-generic x86_64) (WARNING: The server did not provide any stacktrace information)
Command duration or timeout: 0 milliseconds
Build info: version: '3.7.1', revision: '8a0099a', time: '2017-11-06T21:07:36.161Z'
System info: host: 'faizan-HP-EliteBook-850-G2', ip: '127.0.1.1', os.name: 'Linux', os.arch: 'amd64', os.version: '4.15.0-47-generic', java.version: '1.8.0_191'
Driver info: com.kms.katalon.selenium.driver.CChromeDriver
Capabilities {acceptInsecureCerts: false, acceptSslCerts: false, applicationCacheEnabled: false, browserConnectionEnabled: false, browserName: chrome, chrome: {chromedriverVersion: 73.0.3683.68 (47787ec04b6e3..., userDataDir: /tmp/.com.google.Chrome.FU0xWS}, cssSelectorsEnabled: true, databaseEnabled: false, goog:chromeOptions: {debuggerAddress: localhost:43539}, handlesAlerts: true, hasTouchScreen: false, javascriptEnabled: true, locationContextEnabled: true, mobileEmulationEnabled: false, nativeEvents: true, networkConnectionEnabled: false, pageLoadStrategy: normal, platform: LINUX, platformName: LINUX, proxy: Proxy(direct), rotatable: false, setWindowRect: true, strictFileInteractability: false, takesHeapSnapshot: true, takesScreenshot: true, timeouts: {implicit: 0, pageLoad: 300000, script: 30000}, unexpectedAlertBehaviour: ignore, unhandledPromptBehavior: ignore, version: 73.0.3683.103, webStorageEnabled: true}
Session ID: f13adca9b43bf4b34e393f07e02ab2e3
	at org.openqa.selenium.remote.ErrorHandler.createThrowable(ErrorHandler.java:214)
	at org.openqa.selenium.remote.ErrorHandler.throwIfResponseFailed(ErrorHandler.java:166)
	at org.openqa.selenium.remote.http.JsonHttpResponseCodec.reconstructValue(JsonHttpResponseCodec.java:40)
	at org.openqa.selenium.remote.http.AbstractHttpResponseCodec.decode(AbstractHttpResponseCodec.java:80)
	at org.openqa.selenium.remote.http.AbstractHttpResponseCodec.decode(AbstractHttpResponseCodec.java:44)
	at org.openqa.selenium.remote.HttpCommandExecutor.execute(HttpCommandExecutor.java:164)
	at org.openqa.selenium.remote.service.DriverCommandExecutor.execute(DriverCommandExecutor.java:83)
	at org.openqa.selenium.remote.RemoteWebDriver.execute(RemoteWebDriver.java:600)
	at com.kms.katalon.selenium.driver.CChromeDriver.execute(CChromeDriver.java:20)
	at org.openqa.selenium.remote.RemoteWebElement.execute(RemoteWebElement.java:279)
	at org.openqa.selenium.remote.RemoteWebElement.click(RemoteWebElement.java:83)
	at com.kms.katalon.core.webui.keyword.builtin.ClickKeyword$_click_closure1.doCall(ClickKeyword.groovy:79)
	at com.kms.katalon.core.webui.keyword.builtin.ClickKeyword$_click_closure1.call(ClickKeyword.groovy)
	at com.kms.katalon.core.webui.keyword.internal.WebUIKeywordMain.runKeyword(WebUIKeywordMain.groovy:20)
	at com.kms.katalon.core.webui.keyword.builtin.ClickKeyword.click(ClickKeyword.groovy:86)
	at com.kms.katalon.core.webui.keyword.builtin.ClickKeyword.execute(ClickKeyword.groovy:67)
	at com.kms.katalon.core.keyword.internal.KeywordExecutor.executeKeywordForPlatform(KeywordExecutor.groovy:56)
	at com.kms.katalon.core.webui.keyword.WebUiBuiltInKeywords.click(WebUiBuiltInKeywords.groovy:616)
	at com.kms.katalon.core.webui.keyword.WebUiBuiltInKeywords$click$2.call(Unknown Source)
	at Script1537163093020.run(Script1537163093020.groovy:26)
	... 13 more
)

2019-04-21 02:59:06 - [MESSAGE][FAILED] - Unable to click on object 'Object Repository/Page_KiboPush  Create Broadcast Tem/h3_Edit Broadcast Template' (Root cause: com.kms.katalon.core.exception.StepFailedException: Unable to click on object 'Object Repository/Page_KiboPush  Create Broadcast Tem/h3_Edit Broadcast Template'
	at com.kms.katalon.core.webui.keyword.internal.WebUIKeywordMain.stepFailed(WebUIKeywordMain.groovy:64)
	at com.kms.katalon.core.webui.keyword.internal.WebUIKeywordMain.runKeyword(WebUIKeywordMain.groovy:26)
	at com.kms.katalon.core.webui.keyword.builtin.ClickKeyword.click(ClickKeyword.groovy:86)
	at com.kms.katalon.core.webui.keyword.builtin.ClickKeyword.execute(ClickKeyword.groovy:67)
	at com.kms.katalon.core.keyword.internal.KeywordExecutor.executeKeywordForPlatform(KeywordExecutor.groovy:56)
	at com.kms.katalon.core.webui.keyword.WebUiBuiltInKeywords.click(WebUiBuiltInKeywords.groovy:616)
	at com.kms.katalon.core.webui.keyword.WebUiBuiltInKeywords$click$2.call(Unknown Source)
	at TC0861.run(TC0861:26)
	at com.kms.katalon.core.main.ScriptEngine.run(ScriptEngine.java:194)
	at com.kms.katalon.core.main.ScriptEngine.runScriptAsRawText(ScriptEngine.java:119)
	at com.kms.katalon.core.main.TestCaseExecutor.runScript(TestCaseExecutor.java:336)
	at com.kms.katalon.core.main.TestCaseExecutor.doExecute(TestCaseExecutor.java:327)
	at com.kms.katalon.core.main.TestCaseExecutor.processExecutionPhase(TestCaseExecutor.java:306)
	at com.kms.katalon.core.main.TestCaseExecutor.accessMainPhase(TestCaseExecutor.java:298)
	at com.kms.katalon.core.main.TestCaseExecutor.execute(TestCaseExecutor.java:232)
	at com.kms.katalon.core.main.TestSuiteExecutor.accessTestCaseMainPhase(TestSuiteExecutor.java:129)
	at com.kms.katalon.core.main.TestSuiteExecutor.accessTestSuiteMainPhase(TestSuiteExecutor.java:112)
	at com.kms.katalon.core.main.TestSuiteExecutor.execute(TestSuiteExecutor.java:81)
	at com.kms.katalon.core.main.TestCaseMain.startTestSuite(TestCaseMain.java:157)
	at com.kms.katalon.core.main.TestCaseMain$startTestSuite$0.call(Unknown Source)
	at TempTestSuite1555795243480.run(TempTestSuite1555795243480.groovy:35)
Caused by: org.openqa.selenium.WebDriverException: unknown error: Element <h3 class="m-portlet__head-text">...</h3> is not clickable at point (415, 238). Other element would receive the click: <div style="opacity: 1; overflow-y: auto; position: absolute; top: 0px; left: 0px; height: 100%; width: 100%; transition: opacity 0.3s ease 0s; cursor: pointer;">...</div>
  (Session info: chrome=73.0.3683.103)
  (Driver info: chromedriver=73.0.3683.68 (47787ec04b6e38e22703e856e101e840b65afe72),platform=Linux 4.15.0-47-generic x86_64) (WARNING: The server did not provide any stacktrace information)
Command duration or timeout: 0 milliseconds
Build info: version: '3.7.1', revision: '8a0099a', time: '2017-11-06T21:07:36.161Z'
System info: host: 'faizan-HP-EliteBook-850-G2', ip: '127.0.1.1', os.name: 'Linux', os.arch: 'amd64', os.version: '4.15.0-47-generic', java.version: '1.8.0_191'
Driver info: com.kms.katalon.selenium.driver.CChromeDriver
Capabilities {acceptInsecureCerts: false, acceptSslCerts: false, applicationCacheEnabled: false, browserConnectionEnabled: false, browserName: chrome, chrome: {chromedriverVersion: 73.0.3683.68 (47787ec04b6e3..., userDataDir: /tmp/.com.google.Chrome.FU0xWS}, cssSelectorsEnabled: true, databaseEnabled: false, goog:chromeOptions: {debuggerAddress: localhost:43539}, handlesAlerts: true, hasTouchScreen: false, javascriptEnabled: true, locationContextEnabled: true, mobileEmulationEnabled: false, nativeEvents: true, networkConnectionEnabled: false, pageLoadStrategy: normal, platform: LINUX, platformName: LINUX, proxy: Proxy(direct), rotatable: false, setWindowRect: true, strictFileInteractability: false, takesHeapSnapshot: true, takesScreenshot: true, timeouts: {implicit: 0, pageLoad: 300000, script: 30000}, unexpectedAlertBehaviour: ignore, unhandledPromptBehavior: ignore, version: 73.0.3683.103, webStorageEnabled: true}
Session ID: f13adca9b43bf4b34e393f07e02ab2e3
	at org.openqa.selenium.remote.ErrorHandler.createThrowable(ErrorHandler.java:214)
	at org.openqa.selenium.remote.ErrorHandler.throwIfResponseFailed(ErrorHandler.java:166)
	at org.openqa.selenium.remote.http.JsonHttpResponseCodec.reconstructValue(JsonHttpResponseCodec.java:40)
	at org.openqa.selenium.remote.http.AbstractHttpResponseCodec.decode(AbstractHttpResponseCodec.java:80)
	at org.openqa.selenium.remote.http.AbstractHttpResponseCodec.decode(AbstractHttpResponseCodec.java:44)
	at org.openqa.selenium.remote.HttpCommandExecutor.execute(HttpCommandExecutor.java:164)
	at org.openqa.selenium.remote.service.DriverCommandExecutor.execute(DriverCommandExecutor.java:83)
	at org.openqa.selenium.remote.RemoteWebDriver.execute(RemoteWebDriver.java:600)
	at com.kms.katalon.selenium.driver.CChromeDriver.execute(CChromeDriver.java:20)
	at org.openqa.selenium.remote.RemoteWebElement.execute(RemoteWebElement.java:279)
	at org.openqa.selenium.remote.RemoteWebElement.click(RemoteWebElement.java:83)
	at com.kms.katalon.core.webui.keyword.builtin.ClickKeyword$_click_closure1.doCall(ClickKeyword.groovy:79)
	at com.kms.katalon.core.webui.keyword.builtin.ClickKeyword$_click_closure1.call(ClickKeyword.groovy)
	at com.kms.katalon.core.webui.keyword.internal.WebUIKeywordMain.runKeyword(WebUIKeywordMain.groovy:20)
	at com.kms.katalon.core.webui.keyword.builtin.ClickKeyword.click(ClickKeyword.groovy:86)
	at com.kms.katalon.core.webui.keyword.builtin.ClickKeyword.execute(ClickKeyword.groovy:67)
	at com.kms.katalon.core.keyword.internal.KeywordExecutor.executeKeywordForPlatform(KeywordExecutor.groovy:56)
	at com.kms.katalon.core.webui.keyword.WebUiBuiltInKeywords.click(WebUiBuiltInKeywords.groovy:616)
	at com.kms.katalon.core.webui.keyword.WebUiBuiltInKeywords$click$2.call(Unknown Source)
	at Script1537163093020.run(Script1537163093020.groovy:26)
	... 13 more
)
[[ATTACHMENT|/home/faizan/Drive/KiboPush_Automated_Testing/KiboPush Katalon/Reports/Faizan Suits/Template/20190421_022043/1555797546312.png]]]]></system-out>
         <system-err><![CDATA[2019-04-21 02:58:57 - [TEST_CASE][FAILED] - Test Cases/Template testcases/TC0861: Test Cases/Template testcases/TC0861 FAILED.
Reason:
com.kms.katalon.core.exception.StepFailedException: Unable to click on object 'Object Repository/Page_KiboPush  Create Broadcast Tem/h3_Edit Broadcast Template'
	at com.kms.katalon.core.webui.keyword.internal.WebUIKeywordMain.stepFailed(WebUIKeywordMain.groovy:64)
	at com.kms.katalon.core.webui.keyword.internal.WebUIKeywordMain.runKeyword(WebUIKeywordMain.groovy:26)
	at com.kms.katalon.core.webui.keyword.builtin.ClickKeyword.click(ClickKeyword.groovy:86)
	at com.kms.katalon.core.webui.keyword.builtin.ClickKeyword.execute(ClickKeyword.groovy:67)
	at com.kms.katalon.core.keyword.internal.KeywordExecutor.executeKeywordForPlatform(KeywordExecutor.groovy:56)
	at com.kms.katalon.core.webui.keyword.WebUiBuiltInKeywords.click(WebUiBuiltInKeywords.groovy:616)
	at com.kms.katalon.core.webui.keyword.WebUiBuiltInKeywords$click$2.call(Unknown Source)
	at TC0861.run(TC0861:26)
	at com.kms.katalon.core.main.ScriptEngine.run(ScriptEngine.java:194)
	at com.kms.katalon.core.main.ScriptEngine.runScriptAsRawText(ScriptEngine.java:119)
	at com.kms.katalon.core.main.TestCaseExecutor.runScript(TestCaseExecutor.java:336)
	at com.kms.katalon.core.main.TestCaseExecutor.doExecute(TestCaseExecutor.java:327)
	at com.kms.katalon.core.main.TestCaseExecutor.processExecutionPhase(TestCaseExecutor.java:306)
	at com.kms.katalon.core.main.TestCaseExecutor.accessMainPhase(TestCaseExecutor.java:298)
	at com.kms.katalon.core.main.TestCaseExecutor.execute(TestCaseExecutor.java:232)
	at com.kms.katalon.core.main.TestSuiteExecutor.accessTestCaseMainPhase(TestSuiteExecutor.java:129)
	at com.kms.katalon.core.main.TestSuiteExecutor.accessTestSuiteMainPhase(TestSuiteExecutor.java:112)
	at com.kms.katalon.core.main.TestSuiteExecutor.execute(TestSuiteExecutor.java:81)
	at com.kms.katalon.core.main.TestCaseMain.startTestSuite(TestCaseMain.java:157)
	at com.kms.katalon.core.main.TestCaseMain$startTestSuite$0.call(Unknown Source)
	at TempTestSuite1555795243480.run(TempTestSuite1555795243480.groovy:35)
Caused by: org.openqa.selenium.WebDriverException: unknown error: Element <h3 class="m-portlet__head-text">...</h3> is not clickable at point (415, 238). Other element would receive the click: <div style="opacity: 1; overflow-y: auto; position: absolute; top: 0px; left: 0px; height: 100%; width: 100%; transition: opacity 0.3s ease 0s; cursor: pointer;">...</div>
  (Session info: chrome=73.0.3683.103)
  (Driver info: chromedriver=73.0.3683.68 (47787ec04b6e38e22703e856e101e840b65afe72),platform=Linux 4.15.0-47-generic x86_64) (WARNING: The server did not provide any stacktrace information)
Command duration or timeout: 0 milliseconds
Build info: version: '3.7.1', revision: '8a0099a', time: '2017-11-06T21:07:36.161Z'
System info: host: 'faizan-HP-EliteBook-850-G2', ip: '127.0.1.1', os.name: 'Linux', os.arch: 'amd64', os.version: '4.15.0-47-generic', java.version: '1.8.0_191'
Driver info: com.kms.katalon.selenium.driver.CChromeDriver
Capabilities {acceptInsecureCerts: false, acceptSslCerts: false, applicationCacheEnabled: false, browserConnectionEnabled: false, browserName: chrome, chrome: {chromedriverVersion: 73.0.3683.68 (47787ec04b6e3..., userDataDir: /tmp/.com.google.Chrome.FU0xWS}, cssSelectorsEnabled: true, databaseEnabled: false, goog:chromeOptions: {debuggerAddress: localhost:43539}, handlesAlerts: true, hasTouchScreen: false, javascriptEnabled: true, locationContextEnabled: true, mobileEmulationEnabled: false, nativeEvents: true, networkConnectionEnabled: false, pageLoadStrategy: normal, platform: LINUX, platformName: LINUX, proxy: Proxy(direct), rotatable: false, setWindowRect: true, strictFileInteractability: false, takesHeapSnapshot: true, takesScreenshot: true, timeouts: {implicit: 0, pageLoad: 300000, script: 30000}, unexpectedAlertBehaviour: ignore, unhandledPromptBehavior: ignore, version: 73.0.3683.103, webStorageEnabled: true}
Session ID: f13adca9b43bf4b34e393f07e02ab2e3
	at org.openqa.selenium.remote.ErrorHandler.createThrowable(ErrorHandler.java:214)
	at org.openqa.selenium.remote.ErrorHandler.throwIfResponseFailed(ErrorHandler.java:166)
	at org.openqa.selenium.remote.http.JsonHttpResponseCodec.reconstructValue(JsonHttpResponseCodec.java:40)
	at org.openqa.selenium.remote.http.AbstractHttpResponseCodec.decode(AbstractHttpResponseCodec.java:80)
	at org.openqa.selenium.remote.http.AbstractHttpResponseCodec.decode(AbstractHttpResponseCodec.java:44)
	at org.openqa.selenium.remote.HttpCommandExecutor.execute(HttpCommandExecutor.java:164)
	at org.openqa.selenium.remote.service.DriverCommandExecutor.execute(DriverCommandExecutor.java:83)
	at org.openqa.selenium.remote.RemoteWebDriver.execute(RemoteWebDriver.java:600)
	at com.kms.katalon.selenium.driver.CChromeDriver.execute(CChromeDriver.java:20)
	at org.openqa.selenium.remote.RemoteWebElement.execute(RemoteWebElement.java:279)
	at org.openqa.selenium.remote.RemoteWebElement.click(RemoteWebElement.java:83)
	at com.kms.katalon.core.webui.keyword.builtin.ClickKeyword$_click_closure1.doCall(ClickKeyword.groovy:79)
	at com.kms.katalon.core.webui.keyword.builtin.ClickKeyword$_click_closure1.call(ClickKeyword.groovy)
	at com.kms.katalon.core.webui.keyword.internal.WebUIKeywordMain.runKeyword(WebUIKeywordMain.groovy:20)
	at com.kms.katalon.core.webui.keyword.builtin.ClickKeyword.click(ClickKeyword.groovy:86)
	at com.kms.katalon.core.webui.keyword.builtin.ClickKeyword.execute(ClickKeyword.groovy:67)
	at com.kms.katalon.core.keyword.internal.KeywordExecutor.executeKeywordForPlatform(KeywordExecutor.groovy:56)
	at com.kms.katalon.core.webui.keyword.WebUiBuiltInKeywords.click(WebUiBuiltInKeywords.groovy:616)
	at com.kms.katalon.core.webui.keyword.WebUiBuiltInKeywords$click$2.call(Unknown Source)
	at Script1537163093020.run(Script1537163093020.groovy:26)
	... 13 more]]></system-err>
      </testcase>
      <testcase name="Test Cases/Template testcases/TC0862" classname="Test Cases/Template testcases/TC0862" status="PASSED">
         <system-out><![CDATA[2019-04-21 02:59:06 - [TEST_CASE][PASSED] - Test Cases/Template testcases/TC0862: Test Cases/Template testcases/TC0862

2019-04-21 02:59:06 - [TEST_STEP][PASSED] - callTestCase(findTestCase("s-sidebar_navigation/individualAccount/Template"), [:], STOP_ON_FAILURE): Call Test Case 'Test Cases/s-sidebar_navigation/individualAccount/Template' successfully

2019-04-21 02:59:06 - [TEST_CASE][PASSED] - Test Cases/s-sidebar_navigation/individualAccount/Template: Test Cases/s-sidebar_navigation/individualAccount/Template

2019-04-21 02:59:06 - [TEST_STEP][PASSED] - click(findTestObject("Page_KiboPush  Dashboard/span_Broadcasts")): Object: 'Object Repository/Page_KiboPush  Dashboard/span_Broadcasts' is clicked on

2019-04-21 02:59:07 - [MESSAGE][PASSED] - Object: 'Object Repository/Page_KiboPush  Dashboard/span_Broadcasts' is clicked on

2019-04-21 02:59:07 - [TEST_STEP][PASSED] - delay(1): Delayed 1 second(s)

2019-04-21 02:59:08 - [MESSAGE][PASSED] - Delayed 1 second(s)

2019-04-21 02:59:08 - [TEST_STEP][PASSED] - click(findTestObject("Page_KiboPush  Dashboard/span_Templates")): Object: 'Object Repository/Page_KiboPush  Dashboard/span_Templates' is clicked on

2019-04-21 02:59:08 - [MESSAGE][PASSED] - Object: 'Object Repository/Page_KiboPush  Dashboard/span_Templates' is clicked on

2019-04-21 02:59:08 - [TEST_STEP][PASSED] - delay(3): Delayed 3 second(s)

2019-04-21 02:59:11 - [MESSAGE][PASSED] - Delayed 3 second(s)

2019-04-21 02:59:11 - [TEST_STEP][PASSED] - scrollToPosition(0, 0): Browser is scrolled to position x = 0, y = 0

2019-04-21 02:59:11 - [MESSAGE][PASSED] - Browser is scrolled to position x = 0, y = 0

2019-04-21 02:59:11 - [TEST_STEP][PASSED] - click(findTestObject("Object Repository/Page_KiboEngage  Templates/h3_Templates")): Object: 'Object Repository/Page_KiboEngage  Templates/h3_Templates' is clicked on

2019-04-21 02:59:11 - [MESSAGE][PASSED] - Object: 'Object Repository/Page_KiboEngage  Templates/h3_Templates' is clicked on

2019-04-21 02:59:11 - [TEST_STEP][PASSED] - delay(3): Delayed 3 second(s)

2019-04-21 02:59:14 - [MESSAGE][PASSED] - Delayed 3 second(s)

2019-04-21 02:59:14 - [MESSAGE][PASSED] - Call Test Case 'Test Cases/s-sidebar_navigation/individualAccount/Template' successfully

2019-04-21 02:59:14 - [TEST_STEP][PASSED] - click(findTestObject("Object Repository/Page_KiboPush  Dashboard/button_Delete (2)")): Object: 'Object Repository/Page_KiboPush  Dashboard/button_Delete (2)' is clicked on

2019-04-21 02:59:14 - [MESSAGE][PASSED] - Object: 'Object Repository/Page_KiboPush  Dashboard/button_Delete (2)' is clicked on

2019-04-21 02:59:14 - [TEST_STEP][PASSED] - click(findTestObject("Page_KiboPush  Create Broadcast Tem/delete_broadcast")): Object: 'Object Repository/Page_KiboPush  Create Broadcast Tem/delete_broadcast' is clicked on

2019-04-21 02:59:14 - [MESSAGE][PASSED] - Object: 'Object Repository/Page_KiboPush  Create Broadcast Tem/delete_broadcast' is clicked on

2019-04-21 02:59:14 - [TEST_STEP][PASSED] - delay(2): Delayed 2 second(s)

2019-04-21 02:59:16 - [MESSAGE][PASSED] - Delayed 2 second(s)

2019-04-21 02:59:16 - [TEST_STEP][PASSED] - click(findTestObject("Object Repository/Page_KiboPush  Dashboard/div_Broadcast template deleted")): Object: 'Object Repository/Page_KiboPush  Dashboard/div_Broadcast template deleted' is clicked on

2019-04-21 02:59:16 - [MESSAGE][PASSED] - Object: 'Object Repository/Page_KiboPush  Dashboard/div_Broadcast template deleted' is clicked on]]></system-out>
         <system-err><![CDATA[]]></system-err>
      </testcase>
      <testcase name="Test Cases/Template testcases/TC0863" classname="Test Cases/Template testcases/TC0863" status="PASSED">
         <system-out><![CDATA[2019-04-21 02:59:16 - [TEST_CASE][PASSED] - Test Cases/Template testcases/TC0863: Test Cases/Template testcases/TC0863

2019-04-21 02:59:17 - [TEST_STEP][PASSED] - callTestCase(findTestCase("Template testcases/TC0861"), [:], STOP_ON_FAILURE): Call Test Case 'Test Cases/Template testcases/TC0861' successfully

2019-04-21 02:59:17 - [TEST_CASE][PASSED] - Test Cases/Template testcases/TC0861: Test Cases/Template testcases/TC0861

2019-04-21 02:59:17 - [TEST_STEP][PASSED] - callTestCase(findTestCase("s-sidebar_navigation/individualAccount/Template"), [:], STOP_ON_FAILURE): Call Test Case 'Test Cases/s-sidebar_navigation/individualAccount/Template' successfully

2019-04-21 02:59:17 - [TEST_CASE][PASSED] - Test Cases/s-sidebar_navigation/individualAccount/Template: Test Cases/s-sidebar_navigation/individualAccount/Template

2019-04-21 02:59:17 - [TEST_STEP][PASSED] - click(findTestObject("Page_KiboPush  Dashboard/span_Broadcasts")): Object: 'Object Repository/Page_KiboPush  Dashboard/span_Broadcasts' is clicked on

2019-04-21 02:59:17 - [MESSAGE][PASSED] - Object: 'Object Repository/Page_KiboPush  Dashboard/span_Broadcasts' is clicked on

2019-04-21 02:59:17 - [TEST_STEP][PASSED] - delay(1): Delayed 1 second(s)

2019-04-21 02:59:18 - [MESSAGE][PASSED] - Delayed 1 second(s)

2019-04-21 02:59:18 - [TEST_STEP][PASSED] - click(findTestObject("Page_KiboPush  Dashboard/span_Templates")): Object: 'Object Repository/Page_KiboPush  Dashboard/span_Templates' is clicked on

2019-04-21 02:59:18 - [MESSAGE][PASSED] - Object: 'Object Repository/Page_KiboPush  Dashboard/span_Templates' is clicked on

2019-04-21 02:59:18 - [TEST_STEP][PASSED] - delay(3): Delayed 3 second(s)

2019-04-21 02:59:21 - [MESSAGE][PASSED] - Delayed 3 second(s)

2019-04-21 02:59:21 - [TEST_STEP][PASSED] - scrollToPosition(0, 0): Browser is scrolled to position x = 0, y = 0

2019-04-21 02:59:21 - [MESSAGE][PASSED] - Browser is scrolled to position x = 0, y = 0

2019-04-21 02:59:21 - [TEST_STEP][PASSED] - click(findTestObject("Object Repository/Page_KiboEngage  Templates/h3_Templates")): Object: 'Object Repository/Page_KiboEngage  Templates/h3_Templates' is clicked on

2019-04-21 02:59:21 - [MESSAGE][PASSED] - Object: 'Object Repository/Page_KiboEngage  Templates/h3_Templates' is clicked on

2019-04-21 02:59:21 - [TEST_STEP][PASSED] - delay(3): Delayed 3 second(s)

2019-04-21 02:59:24 - [MESSAGE][PASSED] - Delayed 3 second(s)

2019-04-21 02:59:24 - [MESSAGE][PASSED] - Call Test Case 'Test Cases/s-sidebar_navigation/individualAccount/Template' successfully

2019-04-21 02:59:24 - [TEST_STEP][PASSED] - click(findTestObject("Page_KiboPush  Dashboard/a_Edit")): Object: 'Object Repository/Page_KiboPush  Dashboard/a_Edit' is clicked on

2019-04-21 02:59:25 - [MESSAGE][PASSED] - Object: 'Object Repository/Page_KiboPush  Dashboard/a_Edit' is clicked on

2019-04-21 02:59:25 - [TEST_STEP][PASSED] - click(findTestObject("Object Repository/Page_KiboPush  Create Broadcast Tem/h3_Edit Broadcast Template")): Object: 'Object Repository/Page_KiboPush  Create Broadcast Tem/h3_Edit Broadcast Template' is clicked on

2019-04-21 02:59:25 - [MESSAGE][PASSED] - Object: 'Object Repository/Page_KiboPush  Create Broadcast Tem/h3_Edit Broadcast Template' is clicked on

2019-04-21 02:59:25 - [MESSAGE][PASSED] - Call Test Case 'Test Cases/Template testcases/TC0861' successfully

2019-04-21 02:59:25 - [TEST_STEP][PASSED] - click(findTestObject("Object Repository/Page_KiboPush  Create Broadcast Tem/button_Update")): Object: 'Object Repository/Page_KiboPush  Create Broadcast Tem/button_Update' is clicked on

2019-04-21 02:59:25 - [MESSAGE][PASSED] - Object: 'Object Repository/Page_KiboPush  Create Broadcast Tem/button_Update' is clicked on

2019-04-21 02:59:25 - [TEST_STEP][PASSED] - click(findTestObject("Object Repository/Page_KiboPush  Create Broadcast Tem/div_Broadcast updated successf")): Object: 'Object Repository/Page_KiboPush  Create Broadcast Tem/div_Broadcast updated successf' is clicked on

2019-04-21 02:59:26 - [MESSAGE][PASSED] - Object: 'Object Repository/Page_KiboPush  Create Broadcast Tem/div_Broadcast updated successf' is clicked on]]></system-out>
         <system-err><![CDATA[]]></system-err>
      </testcase>
      <testcase name="Test Cases/Template testcases/TC0864" classname="Test Cases/Template testcases/TC0864" status="FAILED">
         <failure type="FAILED" message="Test Cases/Template testcases/TC0864 FAILED.
Reason:
com.kms.katalon.core.exception.StepFailedException: Call Test Case 'Test Cases/Template testcases/TC0861' failed
	at com.kms.katalon.core.keyword.builtin.CallTestCaseKeyword$_callTestCase_closure1.doCall(CallTestCaseKeyword.groovy:63)
	at com.kms.katalon.core.keyword.builtin.CallTestCaseKeyword$_callTestCase_closure1.call(CallTestCaseKeyword.groovy)
	at com.kms.katalon.core.keyword.internal.KeywordMain.runKeyword(KeywordMain.groovy:66)
	at com.kms.katalon.core.keyword.builtin.CallTestCaseKeyword.callTestCase(CallTestCaseKeyword.groovy:81)
	at com.kms.katalon.core.keyword.builtin.CallTestCaseKeyword.execute(CallTestCaseKeyword.groovy:44)
	at com.kms.katalon.core.keyword.internal.KeywordExecutor.executeKeywordForPlatform(KeywordExecutor.groovy:56)
	at com.kms.katalon.core.keyword.BuiltinKeywords.callTestCase(BuiltinKeywords.groovy:334)
	at TC0864.run(TC0864:25)
	at com.kms.katalon.core.main.ScriptEngine.run(ScriptEngine.java:194)
	at com.kms.katalon.core.main.ScriptEngine.runScriptAsRawText(ScriptEngine.java:119)
	at com.kms.katalon.core.main.TestCaseExecutor.runScript(TestCaseExecutor.java:336)
	at com.kms.katalon.core.main.TestCaseExecutor.doExecute(TestCaseExecutor.java:327)
	at com.kms.katalon.core.main.TestCaseExecutor.processExecutionPhase(TestCaseExecutor.java:306)
	at com.kms.katalon.core.main.TestCaseExecutor.accessMainPhase(TestCaseExecutor.java:298)
	at com.kms.katalon.core.main.TestCaseExecutor.execute(TestCaseExecutor.java:232)
	at com.kms.katalon.core.main.TestSuiteExecutor.accessTestCaseMainPhase(TestSuiteExecutor.java:129)
	at com.kms.katalon.core.main.TestSuiteExecutor.accessTestSuiteMainPhase(TestSuiteExecutor.java:112)
	at com.kms.katalon.core.main.TestSuiteExecutor.execute(TestSuiteExecutor.java:81)
	at com.kms.katalon.core.main.TestCaseMain.startTestSuite(TestCaseMain.java:157)
	at com.kms.katalon.core.main.TestCaseMain$startTestSuite$0.call(Unknown Source)
	at TempTestSuite1555795243480.run(TempTestSuite1555795243480.groovy:35)
Caused by: com.kms.katalon.core.exception.StepFailedException: Unable to click on object 'Object Repository/Page_KiboPush  Create Broadcast Tem/h3_Edit Broadcast Template'
	at com.kms.katalon.core.webui.keyword.internal.WebUIKeywordMain.stepFailed(WebUIKeywordMain.groovy:64)
	at com.kms.katalon.core.webui.keyword.internal.WebUIKeywordMain.runKeyword(WebUIKeywordMain.groovy:26)
	at com.kms.katalon.core.webui.keyword.builtin.ClickKeyword.click(ClickKeyword.groovy:86)
	at com.kms.katalon.core.webui.keyword.builtin.ClickKeyword.execute(ClickKeyword.groovy:67)
	at com.kms.katalon.core.keyword.internal.KeywordExecutor.executeKeywordForPlatform(KeywordExecutor.groovy:56)
	at com.kms.katalon.core.webui.keyword.WebUiBuiltInKeywords.click(WebUiBuiltInKeywords.groovy:616)
	at com.kms.katalon.core.webui.keyword.WebUiBuiltInKeywords$click$2.call(Unknown Source)
	at TC0861.run(TC0861:26)
	at com.kms.katalon.core.main.ScriptEngine.run(ScriptEngine.java:194)
	at com.kms.katalon.core.main.ScriptEngine.runScriptAsRawText(ScriptEngine.java:119)
	at com.kms.katalon.core.main.TestCaseExecutor.runScript(TestCaseExecutor.java:336)
	at com.kms.katalon.core.main.TestCaseExecutor.doExecute(TestCaseExecutor.java:327)
	at com.kms.katalon.core.main.TestCaseExecutor.processExecutionPhase(TestCaseExecutor.java:306)
	at com.kms.katalon.core.main.TestCaseExecutor.accessMainPhase(TestCaseExecutor.java:298)
	at com.kms.katalon.core.main.TestCaseExecutor.execute(TestCaseExecutor.java:232)
	at com.kms.katalon.core.main.TestCaseMain.runTestCase(TestCaseMain.java:114)
	at com.kms.katalon.core.keyword.builtin.CallTestCaseKeyword$_callTestCase_closure1.doCall(CallTestCaseKeyword.groovy:59)
	... 20 more
Caused by: org.openqa.selenium.WebDriverException: unknown error: Element &lt;h3 class=&quot;m-portlet__head-text&quot;>...&lt;/h3> is not clickable at point (415, 238). Other element would receive the click: &lt;div style=&quot;opacity: 1; overflow-y: auto; position: absolute; top: 0px; left: 0px; height: 100%; width: 100%; transition: opacity 0.3s ease 0s; cursor: pointer;&quot;>...&lt;/div>
  (Session info: chrome=73.0.3683.103)
  (Driver info: chromedriver=73.0.3683.68 (47787ec04b6e38e22703e856e101e840b65afe72),platform=Linux 4.15.0-47-generic x86_64) (WARNING: The server did not provide any stacktrace information)
Command duration or timeout: 0 milliseconds
Build info: version: '3.7.1', revision: '8a0099a', time: '2017-11-06T21:07:36.161Z'
System info: host: 'faizan-HP-EliteBook-850-G2', ip: '127.0.1.1', os.name: 'Linux', os.arch: 'amd64', os.version: '4.15.0-47-generic', java.version: '1.8.0_191'
Driver info: com.kms.katalon.selenium.driver.CChromeDriver
Capabilities {acceptInsecureCerts: false, acceptSslCerts: false, applicationCacheEnabled: false, browserConnectionEnabled: false, browserName: chrome, chrome: {chromedriverVersion: 73.0.3683.68 (47787ec04b6e3..., userDataDir: /tmp/.com.google.Chrome.FU0xWS}, cssSelectorsEnabled: true, databaseEnabled: false, goog:chromeOptions: {debuggerAddress: localhost:43539}, handlesAlerts: true, hasTouchScreen: false, javascriptEnabled: true, locationContextEnabled: true, mobileEmulationEnabled: false, nativeEvents: true, networkConnectionEnabled: false, pageLoadStrategy: normal, platform: LINUX, platformName: LINUX, proxy: Proxy(direct), rotatable: false, setWindowRect: true, strictFileInteractability: false, takesHeapSnapshot: true, takesScreenshot: true, timeouts: {implicit: 0, pageLoad: 300000, script: 30000}, unexpectedAlertBehaviour: ignore, unhandledPromptBehavior: ignore, version: 73.0.3683.103, webStorageEnabled: true}
Session ID: f13adca9b43bf4b34e393f07e02ab2e3
	at org.openqa.selenium.remote.ErrorHandler.createThrowable(ErrorHandler.java:214)
	at org.openqa.selenium.remote.ErrorHandler.throwIfResponseFailed(ErrorHandler.java:166)
	at org.openqa.selenium.remote.http.JsonHttpResponseCodec.reconstructValue(JsonHttpResponseCodec.java:40)
	at org.openqa.selenium.remote.http.AbstractHttpResponseCodec.decode(AbstractHttpResponseCodec.java:80)
	at org.openqa.selenium.remote.http.AbstractHttpResponseCodec.decode(AbstractHttpResponseCodec.java:44)
	at org.openqa.selenium.remote.HttpCommandExecutor.execute(HttpCommandExecutor.java:164)
	at org.openqa.selenium.remote.service.DriverCommandExecutor.execute(DriverCommandExecutor.java:83)
	at org.openqa.selenium.remote.RemoteWebDriver.execute(RemoteWebDriver.java:600)
	at com.kms.katalon.selenium.driver.CChromeDriver.execute(CChromeDriver.java:20)
	at org.openqa.selenium.remote.RemoteWebElement.execute(RemoteWebElement.java:279)
	at org.openqa.selenium.remote.RemoteWebElement.click(RemoteWebElement.java:83)
	at com.kms.katalon.core.webui.keyword.builtin.ClickKeyword$_click_closure1.doCall(ClickKeyword.groovy:79)
	at com.kms.katalon.core.webui.keyword.builtin.ClickKeyword$_click_closure1.call(ClickKeyword.groovy)
	at com.kms.katalon.core.webui.keyword.internal.WebUIKeywordMain.runKeyword(WebUIKeywordMain.groovy:20)
	at com.kms.katalon.core.webui.keyword.builtin.ClickKeyword.click(ClickKeyword.groovy:86)
	at com.kms.katalon.core.webui.keyword.builtin.ClickKeyword.execute(ClickKeyword.groovy:67)
	at com.kms.katalon.core.keyword.internal.KeywordExecutor.executeKeywordForPlatform(KeywordExecutor.groovy:56)
	at com.kms.katalon.core.webui.keyword.WebUiBuiltInKeywords.click(WebUiBuiltInKeywords.groovy:616)
	at com.kms.katalon.core.webui.keyword.WebUiBuiltInKeywords$click$2.call(Unknown Source)
	at Script1537163093020.run(Script1537163093020.groovy:26)
	at com.kms.katalon.core.main.ScriptEngine.run(ScriptEngine.java:194)
	at com.kms.katalon.core.main.ScriptEngine.runScriptAsRawText(ScriptEngine.java:119)
	at com.kms.katalon.core.main.TestCaseExecutor.runScript(TestCaseExecutor.java:336)
	at com.kms.katalon.core.main.TestCaseExecutor.doExecute(TestCaseExecutor.java:327)
	at com.kms.katalon.core.main.TestCaseExecutor.processExecutionPhase(TestCaseExecutor.java:306)
	at com.kms.katalon.core.main.TestCaseExecutor.accessMainPhase(TestCaseExecutor.java:298)
	at com.kms.katalon.core.main.TestCaseExecutor.execute(TestCaseExecutor.java:232)
	at com.kms.katalon.core.main.TestCaseMain.runTestCase(TestCaseMain.java:114)
	at com.kms.katalon.core.keyword.builtin.CallTestCaseKeyword$_callTestCase_closure1.doCall(CallTestCaseKeyword.groovy:59)
	at com.kms.katalon.core.keyword.builtin.CallTestCaseKeyword$_callTestCase_closure1.call(CallTestCaseKeyword.groovy)
	at com.kms.katalon.core.keyword.internal.KeywordMain.runKeyword(KeywordMain.groovy:66)
	at com.kms.katalon.core.keyword.builtin.CallTestCaseKeyword.callTestCase(CallTestCaseKeyword.groovy:81)
	at com.kms.katalon.core.keyword.builtin.CallTestCaseKeyword.execute(CallTestCaseKeyword.groovy:44)
	at com.kms.katalon.core.keyword.internal.KeywordExecutor.executeKeywordForPlatform(KeywordExecutor.groovy:56)
	at com.kms.katalon.core.keyword.BuiltinKeywords.callTestCase(BuiltinKeywords.groovy:334)
	at Script1537196201637.run(Script1537196201637.groovy:25)
	... 13 more
"/>
         <system-out><![CDATA[2019-04-21 02:59:26 - [TEST_CASE][FAILED] - Test Cases/Template testcases/TC0864: Test Cases/Template testcases/TC0864 FAILED.
Reason:
com.kms.katalon.core.exception.StepFailedException: Call Test Case 'Test Cases/Template testcases/TC0861' failed
	at com.kms.katalon.core.keyword.builtin.CallTestCaseKeyword$_callTestCase_closure1.doCall(CallTestCaseKeyword.groovy:63)
	at com.kms.katalon.core.keyword.builtin.CallTestCaseKeyword$_callTestCase_closure1.call(CallTestCaseKeyword.groovy)
	at com.kms.katalon.core.keyword.internal.KeywordMain.runKeyword(KeywordMain.groovy:66)
	at com.kms.katalon.core.keyword.builtin.CallTestCaseKeyword.callTestCase(CallTestCaseKeyword.groovy:81)
	at com.kms.katalon.core.keyword.builtin.CallTestCaseKeyword.execute(CallTestCaseKeyword.groovy:44)
	at com.kms.katalon.core.keyword.internal.KeywordExecutor.executeKeywordForPlatform(KeywordExecutor.groovy:56)
	at com.kms.katalon.core.keyword.BuiltinKeywords.callTestCase(BuiltinKeywords.groovy:334)
	at TC0864.run(TC0864:25)
	at com.kms.katalon.core.main.ScriptEngine.run(ScriptEngine.java:194)
	at com.kms.katalon.core.main.ScriptEngine.runScriptAsRawText(ScriptEngine.java:119)
	at com.kms.katalon.core.main.TestCaseExecutor.runScript(TestCaseExecutor.java:336)
	at com.kms.katalon.core.main.TestCaseExecutor.doExecute(TestCaseExecutor.java:327)
	at com.kms.katalon.core.main.TestCaseExecutor.processExecutionPhase(TestCaseExecutor.java:306)
	at com.kms.katalon.core.main.TestCaseExecutor.accessMainPhase(TestCaseExecutor.java:298)
	at com.kms.katalon.core.main.TestCaseExecutor.execute(TestCaseExecutor.java:232)
	at com.kms.katalon.core.main.TestSuiteExecutor.accessTestCaseMainPhase(TestSuiteExecutor.java:129)
	at com.kms.katalon.core.main.TestSuiteExecutor.accessTestSuiteMainPhase(TestSuiteExecutor.java:112)
	at com.kms.katalon.core.main.TestSuiteExecutor.execute(TestSuiteExecutor.java:81)
	at com.kms.katalon.core.main.TestCaseMain.startTestSuite(TestCaseMain.java:157)
	at com.kms.katalon.core.main.TestCaseMain$startTestSuite$0.call(Unknown Source)
	at TempTestSuite1555795243480.run(TempTestSuite1555795243480.groovy:35)
Caused by: com.kms.katalon.core.exception.StepFailedException: Unable to click on object 'Object Repository/Page_KiboPush  Create Broadcast Tem/h3_Edit Broadcast Template'
	at com.kms.katalon.core.webui.keyword.internal.WebUIKeywordMain.stepFailed(WebUIKeywordMain.groovy:64)
	at com.kms.katalon.core.webui.keyword.internal.WebUIKeywordMain.runKeyword(WebUIKeywordMain.groovy:26)
	at com.kms.katalon.core.webui.keyword.builtin.ClickKeyword.click(ClickKeyword.groovy:86)
	at com.kms.katalon.core.webui.keyword.builtin.ClickKeyword.execute(ClickKeyword.groovy:67)
	at com.kms.katalon.core.keyword.internal.KeywordExecutor.executeKeywordForPlatform(KeywordExecutor.groovy:56)
	at com.kms.katalon.core.webui.keyword.WebUiBuiltInKeywords.click(WebUiBuiltInKeywords.groovy:616)
	at com.kms.katalon.core.webui.keyword.WebUiBuiltInKeywords$click$2.call(Unknown Source)
	at TC0861.run(TC0861:26)
	at com.kms.katalon.core.main.ScriptEngine.run(ScriptEngine.java:194)
	at com.kms.katalon.core.main.ScriptEngine.runScriptAsRawText(ScriptEngine.java:119)
	at com.kms.katalon.core.main.TestCaseExecutor.runScript(TestCaseExecutor.java:336)
	at com.kms.katalon.core.main.TestCaseExecutor.doExecute(TestCaseExecutor.java:327)
	at com.kms.katalon.core.main.TestCaseExecutor.processExecutionPhase(TestCaseExecutor.java:306)
	at com.kms.katalon.core.main.TestCaseExecutor.accessMainPhase(TestCaseExecutor.java:298)
	at com.kms.katalon.core.main.TestCaseExecutor.execute(TestCaseExecutor.java:232)
	at com.kms.katalon.core.main.TestCaseMain.runTestCase(TestCaseMain.java:114)
	at com.kms.katalon.core.keyword.builtin.CallTestCaseKeyword$_callTestCase_closure1.doCall(CallTestCaseKeyword.groovy:59)
	... 20 more
Caused by: org.openqa.selenium.WebDriverException: unknown error: Element <h3 class="m-portlet__head-text">...</h3> is not clickable at point (415, 238). Other element would receive the click: <div style="opacity: 1; overflow-y: auto; position: absolute; top: 0px; left: 0px; height: 100%; width: 100%; transition: opacity 0.3s ease 0s; cursor: pointer;">...</div>
  (Session info: chrome=73.0.3683.103)
  (Driver info: chromedriver=73.0.3683.68 (47787ec04b6e38e22703e856e101e840b65afe72),platform=Linux 4.15.0-47-generic x86_64) (WARNING: The server did not provide any stacktrace information)
Command duration or timeout: 0 milliseconds
Build info: version: '3.7.1', revision: '8a0099a', time: '2017-11-06T21:07:36.161Z'
System info: host: 'faizan-HP-EliteBook-850-G2', ip: '127.0.1.1', os.name: 'Linux', os.arch: 'amd64', os.version: '4.15.0-47-generic', java.version: '1.8.0_191'
Driver info: com.kms.katalon.selenium.driver.CChromeDriver
Capabilities {acceptInsecureCerts: false, acceptSslCerts: false, applicationCacheEnabled: false, browserConnectionEnabled: false, browserName: chrome, chrome: {chromedriverVersion: 73.0.3683.68 (47787ec04b6e3..., userDataDir: /tmp/.com.google.Chrome.FU0xWS}, cssSelectorsEnabled: true, databaseEnabled: false, goog:chromeOptions: {debuggerAddress: localhost:43539}, handlesAlerts: true, hasTouchScreen: false, javascriptEnabled: true, locationContextEnabled: true, mobileEmulationEnabled: false, nativeEvents: true, networkConnectionEnabled: false, pageLoadStrategy: normal, platform: LINUX, platformName: LINUX, proxy: Proxy(direct), rotatable: false, setWindowRect: true, strictFileInteractability: false, takesHeapSnapshot: true, takesScreenshot: true, timeouts: {implicit: 0, pageLoad: 300000, script: 30000}, unexpectedAlertBehaviour: ignore, unhandledPromptBehavior: ignore, version: 73.0.3683.103, webStorageEnabled: true}
Session ID: f13adca9b43bf4b34e393f07e02ab2e3
	at org.openqa.selenium.remote.ErrorHandler.createThrowable(ErrorHandler.java:214)
	at org.openqa.selenium.remote.ErrorHandler.throwIfResponseFailed(ErrorHandler.java:166)
	at org.openqa.selenium.remote.http.JsonHttpResponseCodec.reconstructValue(JsonHttpResponseCodec.java:40)
	at org.openqa.selenium.remote.http.AbstractHttpResponseCodec.decode(AbstractHttpResponseCodec.java:80)
	at org.openqa.selenium.remote.http.AbstractHttpResponseCodec.decode(AbstractHttpResponseCodec.java:44)
	at org.openqa.selenium.remote.HttpCommandExecutor.execute(HttpCommandExecutor.java:164)
	at org.openqa.selenium.remote.service.DriverCommandExecutor.execute(DriverCommandExecutor.java:83)
	at org.openqa.selenium.remote.RemoteWebDriver.execute(RemoteWebDriver.java:600)
	at com.kms.katalon.selenium.driver.CChromeDriver.execute(CChromeDriver.java:20)
	at org.openqa.selenium.remote.RemoteWebElement.execute(RemoteWebElement.java:279)
	at org.openqa.selenium.remote.RemoteWebElement.click(RemoteWebElement.java:83)
	at com.kms.katalon.core.webui.keyword.builtin.ClickKeyword$_click_closure1.doCall(ClickKeyword.groovy:79)
	at com.kms.katalon.core.webui.keyword.builtin.ClickKeyword$_click_closure1.call(ClickKeyword.groovy)
	at com.kms.katalon.core.webui.keyword.internal.WebUIKeywordMain.runKeyword(WebUIKeywordMain.groovy:20)
	at com.kms.katalon.core.webui.keyword.builtin.ClickKeyword.click(ClickKeyword.groovy:86)
	at com.kms.katalon.core.webui.keyword.builtin.ClickKeyword.execute(ClickKeyword.groovy:67)
	at com.kms.katalon.core.keyword.internal.KeywordExecutor.executeKeywordForPlatform(KeywordExecutor.groovy:56)
	at com.kms.katalon.core.webui.keyword.WebUiBuiltInKeywords.click(WebUiBuiltInKeywords.groovy:616)
	at com.kms.katalon.core.webui.keyword.WebUiBuiltInKeywords$click$2.call(Unknown Source)
	at Script1537163093020.run(Script1537163093020.groovy:26)
	at com.kms.katalon.core.main.ScriptEngine.run(ScriptEngine.java:194)
	at com.kms.katalon.core.main.ScriptEngine.runScriptAsRawText(ScriptEngine.java:119)
	at com.kms.katalon.core.main.TestCaseExecutor.runScript(TestCaseExecutor.java:336)
	at com.kms.katalon.core.main.TestCaseExecutor.doExecute(TestCaseExecutor.java:327)
	at com.kms.katalon.core.main.TestCaseExecutor.processExecutionPhase(TestCaseExecutor.java:306)
	at com.kms.katalon.core.main.TestCaseExecutor.accessMainPhase(TestCaseExecutor.java:298)
	at com.kms.katalon.core.main.TestCaseExecutor.execute(TestCaseExecutor.java:232)
	at com.kms.katalon.core.main.TestCaseMain.runTestCase(TestCaseMain.java:114)
	at com.kms.katalon.core.keyword.builtin.CallTestCaseKeyword$_callTestCase_closure1.doCall(CallTestCaseKeyword.groovy:59)
	at com.kms.katalon.core.keyword.builtin.CallTestCaseKeyword$_callTestCase_closure1.call(CallTestCaseKeyword.groovy)
	at com.kms.katalon.core.keyword.internal.KeywordMain.runKeyword(KeywordMain.groovy:66)
	at com.kms.katalon.core.keyword.builtin.CallTestCaseKeyword.callTestCase(CallTestCaseKeyword.groovy:81)
	at com.kms.katalon.core.keyword.builtin.CallTestCaseKeyword.execute(CallTestCaseKeyword.groovy:44)
	at com.kms.katalon.core.keyword.internal.KeywordExecutor.executeKeywordForPlatform(KeywordExecutor.groovy:56)
	at com.kms.katalon.core.keyword.BuiltinKeywords.callTestCase(BuiltinKeywords.groovy:334)
	at Script1537196201637.run(Script1537196201637.groovy:25)
	... 13 more


2019-04-21 02:59:26 - [TEST_STEP][FAILED] - callTestCase(findTestCase("Template testcases/TC0861"), [:], STOP_ON_FAILURE): Unable to call Test Case 'Test Cases/Template testcases/TC0861' (Root cause: com.kms.katalon.core.exception.StepFailedException: Call Test Case 'Test Cases/Template testcases/TC0861' failed
	at com.kms.katalon.core.keyword.builtin.CallTestCaseKeyword$_callTestCase_closure1.doCall(CallTestCaseKeyword.groovy:63)
	at com.kms.katalon.core.keyword.builtin.CallTestCaseKeyword$_callTestCase_closure1.call(CallTestCaseKeyword.groovy)
	at com.kms.katalon.core.keyword.internal.KeywordMain.runKeyword(KeywordMain.groovy:66)
	at com.kms.katalon.core.keyword.builtin.CallTestCaseKeyword.callTestCase(CallTestCaseKeyword.groovy:81)
	at com.kms.katalon.core.keyword.builtin.CallTestCaseKeyword.execute(CallTestCaseKeyword.groovy:44)
	at com.kms.katalon.core.keyword.internal.KeywordExecutor.executeKeywordForPlatform(KeywordExecutor.groovy:56)
	at com.kms.katalon.core.keyword.BuiltinKeywords.callTestCase(BuiltinKeywords.groovy:334)
	at TC0864.run(TC0864:25)
	at com.kms.katalon.core.main.ScriptEngine.run(ScriptEngine.java:194)
	at com.kms.katalon.core.main.ScriptEngine.runScriptAsRawText(ScriptEngine.java:119)
	at com.kms.katalon.core.main.TestCaseExecutor.runScript(TestCaseExecutor.java:336)
	at com.kms.katalon.core.main.TestCaseExecutor.doExecute(TestCaseExecutor.java:327)
	at com.kms.katalon.core.main.TestCaseExecutor.processExecutionPhase(TestCaseExecutor.java:306)
	at com.kms.katalon.core.main.TestCaseExecutor.accessMainPhase(TestCaseExecutor.java:298)
	at com.kms.katalon.core.main.TestCaseExecutor.execute(TestCaseExecutor.java:232)
	at com.kms.katalon.core.main.TestSuiteExecutor.accessTestCaseMainPhase(TestSuiteExecutor.java:129)
	at com.kms.katalon.core.main.TestSuiteExecutor.accessTestSuiteMainPhase(TestSuiteExecutor.java:112)
	at com.kms.katalon.core.main.TestSuiteExecutor.execute(TestSuiteExecutor.java:81)
	at com.kms.katalon.core.main.TestCaseMain.startTestSuite(TestCaseMain.java:157)
	at com.kms.katalon.core.main.TestCaseMain$startTestSuite$0.call(Unknown Source)
	at TempTestSuite1555795243480.run(TempTestSuite1555795243480.groovy:35)
Caused by: com.kms.katalon.core.exception.StepFailedException: Unable to click on object 'Object Repository/Page_KiboPush  Create Broadcast Tem/h3_Edit Broadcast Template'
	at com.kms.katalon.core.webui.keyword.internal.WebUIKeywordMain.stepFailed(WebUIKeywordMain.groovy:64)
	at com.kms.katalon.core.webui.keyword.internal.WebUIKeywordMain.runKeyword(WebUIKeywordMain.groovy:26)
	at com.kms.katalon.core.webui.keyword.builtin.ClickKeyword.click(ClickKeyword.groovy:86)
	at com.kms.katalon.core.webui.keyword.builtin.ClickKeyword.execute(ClickKeyword.groovy:67)
	at com.kms.katalon.core.keyword.internal.KeywordExecutor.executeKeywordForPlatform(KeywordExecutor.groovy:56)
	at com.kms.katalon.core.webui.keyword.WebUiBuiltInKeywords.click(WebUiBuiltInKeywords.groovy:616)
	at com.kms.katalon.core.webui.keyword.WebUiBuiltInKeywords$click$2.call(Unknown Source)
	at TC0861.run(TC0861:26)
	at com.kms.katalon.core.main.ScriptEngine.run(ScriptEngine.java:194)
	at com.kms.katalon.core.main.ScriptEngine.runScriptAsRawText(ScriptEngine.java:119)
	at com.kms.katalon.core.main.TestCaseExecutor.runScript(TestCaseExecutor.java:336)
	at com.kms.katalon.core.main.TestCaseExecutor.doExecute(TestCaseExecutor.java:327)
	at com.kms.katalon.core.main.TestCaseExecutor.processExecutionPhase(TestCaseExecutor.java:306)
	at com.kms.katalon.core.main.TestCaseExecutor.accessMainPhase(TestCaseExecutor.java:298)
	at com.kms.katalon.core.main.TestCaseExecutor.execute(TestCaseExecutor.java:232)
	at com.kms.katalon.core.main.TestCaseMain.runTestCase(TestCaseMain.java:114)
	at com.kms.katalon.core.keyword.builtin.CallTestCaseKeyword$_callTestCase_closure1.doCall(CallTestCaseKeyword.groovy:59)
	... 20 more
Caused by: org.openqa.selenium.WebDriverException: unknown error: Element <h3 class="m-portlet__head-text">...</h3> is not clickable at point (415, 238). Other element would receive the click: <div style="opacity: 1; overflow-y: auto; position: absolute; top: 0px; left: 0px; height: 100%; width: 100%; transition: opacity 0.3s ease 0s; cursor: pointer;">...</div>
  (Session info: chrome=73.0.3683.103)
  (Driver info: chromedriver=73.0.3683.68 (47787ec04b6e38e22703e856e101e840b65afe72),platform=Linux 4.15.0-47-generic x86_64) (WARNING: The server did not provide any stacktrace information)
Command duration or timeout: 0 milliseconds
Build info: version: '3.7.1', revision: '8a0099a', time: '2017-11-06T21:07:36.161Z'
System info: host: 'faizan-HP-EliteBook-850-G2', ip: '127.0.1.1', os.name: 'Linux', os.arch: 'amd64', os.version: '4.15.0-47-generic', java.version: '1.8.0_191'
Driver info: com.kms.katalon.selenium.driver.CChromeDriver
Capabilities {acceptInsecureCerts: false, acceptSslCerts: false, applicationCacheEnabled: false, browserConnectionEnabled: false, browserName: chrome, chrome: {chromedriverVersion: 73.0.3683.68 (47787ec04b6e3..., userDataDir: /tmp/.com.google.Chrome.FU0xWS}, cssSelectorsEnabled: true, databaseEnabled: false, goog:chromeOptions: {debuggerAddress: localhost:43539}, handlesAlerts: true, hasTouchScreen: false, javascriptEnabled: true, locationContextEnabled: true, mobileEmulationEnabled: false, nativeEvents: true, networkConnectionEnabled: false, pageLoadStrategy: normal, platform: LINUX, platformName: LINUX, proxy: Proxy(direct), rotatable: false, setWindowRect: true, strictFileInteractability: false, takesHeapSnapshot: true, takesScreenshot: true, timeouts: {implicit: 0, pageLoad: 300000, script: 30000}, unexpectedAlertBehaviour: ignore, unhandledPromptBehavior: ignore, version: 73.0.3683.103, webStorageEnabled: true}
Session ID: f13adca9b43bf4b34e393f07e02ab2e3
	at org.openqa.selenium.remote.ErrorHandler.createThrowable(ErrorHandler.java:214)
	at org.openqa.selenium.remote.ErrorHandler.throwIfResponseFailed(ErrorHandler.java:166)
	at org.openqa.selenium.remote.http.JsonHttpResponseCodec.reconstructValue(JsonHttpResponseCodec.java:40)
	at org.openqa.selenium.remote.http.AbstractHttpResponseCodec.decode(AbstractHttpResponseCodec.java:80)
	at org.openqa.selenium.remote.http.AbstractHttpResponseCodec.decode(AbstractHttpResponseCodec.java:44)
	at org.openqa.selenium.remote.HttpCommandExecutor.execute(HttpCommandExecutor.java:164)
	at org.openqa.selenium.remote.service.DriverCommandExecutor.execute(DriverCommandExecutor.java:83)
	at org.openqa.selenium.remote.RemoteWebDriver.execute(RemoteWebDriver.java:600)
	at com.kms.katalon.selenium.driver.CChromeDriver.execute(CChromeDriver.java:20)
	at org.openqa.selenium.remote.RemoteWebElement.execute(RemoteWebElement.java:279)
	at org.openqa.selenium.remote.RemoteWebElement.click(RemoteWebElement.java:83)
	at com.kms.katalon.core.webui.keyword.builtin.ClickKeyword$_click_closure1.doCall(ClickKeyword.groovy:79)
	at com.kms.katalon.core.webui.keyword.builtin.ClickKeyword$_click_closure1.call(ClickKeyword.groovy)
	at com.kms.katalon.core.webui.keyword.internal.WebUIKeywordMain.runKeyword(WebUIKeywordMain.groovy:20)
	at com.kms.katalon.core.webui.keyword.builtin.ClickKeyword.click(ClickKeyword.groovy:86)
	at com.kms.katalon.core.webui.keyword.builtin.ClickKeyword.execute(ClickKeyword.groovy:67)
	at com.kms.katalon.core.keyword.internal.KeywordExecutor.executeKeywordForPlatform(KeywordExecutor.groovy:56)
	at com.kms.katalon.core.webui.keyword.WebUiBuiltInKeywords.click(WebUiBuiltInKeywords.groovy:616)
	at com.kms.katalon.core.webui.keyword.WebUiBuiltInKeywords$click$2.call(Unknown Source)
	at Script1537163093020.run(Script1537163093020.groovy:26)
	at com.kms.katalon.core.main.ScriptEngine.run(ScriptEngine.java:194)
	at com.kms.katalon.core.main.ScriptEngine.runScriptAsRawText(ScriptEngine.java:119)
	at com.kms.katalon.core.main.TestCaseExecutor.runScript(TestCaseExecutor.java:336)
	at com.kms.katalon.core.main.TestCaseExecutor.doExecute(TestCaseExecutor.java:327)
	at com.kms.katalon.core.main.TestCaseExecutor.processExecutionPhase(TestCaseExecutor.java:306)
	at com.kms.katalon.core.main.TestCaseExecutor.accessMainPhase(TestCaseExecutor.java:298)
	at com.kms.katalon.core.main.TestCaseExecutor.execute(TestCaseExecutor.java:232)
	at com.kms.katalon.core.main.TestCaseMain.runTestCase(TestCaseMain.java:114)
	at com.kms.katalon.core.keyword.builtin.CallTestCaseKeyword$_callTestCase_closure1.doCall(CallTestCaseKeyword.groovy:59)
	at com.kms.katalon.core.keyword.builtin.CallTestCaseKeyword$_callTestCase_closure1.call(CallTestCaseKeyword.groovy)
	at com.kms.katalon.core.keyword.internal.KeywordMain.runKeyword(KeywordMain.groovy:66)
	at com.kms.katalon.core.keyword.builtin.CallTestCaseKeyword.callTestCase(CallTestCaseKeyword.groovy:81)
	at com.kms.katalon.core.keyword.builtin.CallTestCaseKeyword.execute(CallTestCaseKeyword.groovy:44)
	at com.kms.katalon.core.keyword.internal.KeywordExecutor.executeKeywordForPlatform(KeywordExecutor.groovy:56)
	at com.kms.katalon.core.keyword.BuiltinKeywords.callTestCase(BuiltinKeywords.groovy:334)
	at Script1537196201637.run(Script1537196201637.groovy:25)
	... 13 more
)

2019-04-21 02:59:26 - [TEST_CASE][FAILED] - Test Cases/Template testcases/TC0861: Test Cases/Template testcases/TC0861 FAILED.
Reason:
com.kms.katalon.core.exception.StepFailedException: Unable to click on object 'Object Repository/Page_KiboPush  Create Broadcast Tem/h3_Edit Broadcast Template'
	at com.kms.katalon.core.webui.keyword.internal.WebUIKeywordMain.stepFailed(WebUIKeywordMain.groovy:64)
	at com.kms.katalon.core.webui.keyword.internal.WebUIKeywordMain.runKeyword(WebUIKeywordMain.groovy:26)
	at com.kms.katalon.core.webui.keyword.builtin.ClickKeyword.click(ClickKeyword.groovy:86)
	at com.kms.katalon.core.webui.keyword.builtin.ClickKeyword.execute(ClickKeyword.groovy:67)
	at com.kms.katalon.core.keyword.internal.KeywordExecutor.executeKeywordForPlatform(KeywordExecutor.groovy:56)
	at com.kms.katalon.core.webui.keyword.WebUiBuiltInKeywords.click(WebUiBuiltInKeywords.groovy:616)
	at com.kms.katalon.core.webui.keyword.WebUiBuiltInKeywords$click$2.call(Unknown Source)
	at TC0861.run(TC0861:26)
	at com.kms.katalon.core.main.ScriptEngine.run(ScriptEngine.java:194)
	at com.kms.katalon.core.main.ScriptEngine.runScriptAsRawText(ScriptEngine.java:119)
	at com.kms.katalon.core.main.TestCaseExecutor.runScript(TestCaseExecutor.java:336)
	at com.kms.katalon.core.main.TestCaseExecutor.doExecute(TestCaseExecutor.java:327)
	at com.kms.katalon.core.main.TestCaseExecutor.processExecutionPhase(TestCaseExecutor.java:306)
	at com.kms.katalon.core.main.TestCaseExecutor.accessMainPhase(TestCaseExecutor.java:298)
	at com.kms.katalon.core.main.TestCaseExecutor.execute(TestCaseExecutor.java:232)
	at com.kms.katalon.core.main.TestCaseMain.runTestCase(TestCaseMain.java:114)
	at com.kms.katalon.core.keyword.builtin.CallTestCaseKeyword$_callTestCase_closure1.doCall(CallTestCaseKeyword.groovy:59)
	at com.kms.katalon.core.keyword.builtin.CallTestCaseKeyword$_callTestCase_closure1.call(CallTestCaseKeyword.groovy)
	at com.kms.katalon.core.keyword.internal.KeywordMain.runKeyword(KeywordMain.groovy:66)
	at com.kms.katalon.core.keyword.builtin.CallTestCaseKeyword.callTestCase(CallTestCaseKeyword.groovy:81)
	at com.kms.katalon.core.keyword.builtin.CallTestCaseKeyword.execute(CallTestCaseKeyword.groovy:44)
	at com.kms.katalon.core.keyword.internal.KeywordExecutor.executeKeywordForPlatform(KeywordExecutor.groovy:56)
	at com.kms.katalon.core.keyword.BuiltinKeywords.callTestCase(BuiltinKeywords.groovy:334)
	at TC0864.run(TC0864:25)
	at com.kms.katalon.core.main.ScriptEngine.run(ScriptEngine.java:194)
	at com.kms.katalon.core.main.ScriptEngine.runScriptAsRawText(ScriptEngine.java:119)
	at com.kms.katalon.core.main.TestCaseExecutor.runScript(TestCaseExecutor.java:336)
	at com.kms.katalon.core.main.TestCaseExecutor.doExecute(TestCaseExecutor.java:327)
	at com.kms.katalon.core.main.TestCaseExecutor.processExecutionPhase(TestCaseExecutor.java:306)
	at com.kms.katalon.core.main.TestCaseExecutor.accessMainPhase(TestCaseExecutor.java:298)
	at com.kms.katalon.core.main.TestCaseExecutor.execute(TestCaseExecutor.java:232)
	at com.kms.katalon.core.main.TestSuiteExecutor.accessTestCaseMainPhase(TestSuiteExecutor.java:129)
	at com.kms.katalon.core.main.TestSuiteExecutor.accessTestSuiteMainPhase(TestSuiteExecutor.java:112)
	at com.kms.katalon.core.main.TestSuiteExecutor.execute(TestSuiteExecutor.java:81)
	at com.kms.katalon.core.main.TestCaseMain.startTestSuite(TestCaseMain.java:157)
	at com.kms.katalon.core.main.TestCaseMain$startTestSuite$0.call(Unknown Source)
	at TempTestSuite1555795243480.run(TempTestSuite1555795243480.groovy:35)
Caused by: org.openqa.selenium.WebDriverException: unknown error: Element <h3 class="m-portlet__head-text">...</h3> is not clickable at point (415, 238). Other element would receive the click: <div style="opacity: 1; overflow-y: auto; position: absolute; top: 0px; left: 0px; height: 100%; width: 100%; transition: opacity 0.3s ease 0s; cursor: pointer;">...</div>
  (Session info: chrome=73.0.3683.103)
  (Driver info: chromedriver=73.0.3683.68 (47787ec04b6e38e22703e856e101e840b65afe72),platform=Linux 4.15.0-47-generic x86_64) (WARNING: The server did not provide any stacktrace information)
Command duration or timeout: 0 milliseconds
Build info: version: '3.7.1', revision: '8a0099a', time: '2017-11-06T21:07:36.161Z'
System info: host: 'faizan-HP-EliteBook-850-G2', ip: '127.0.1.1', os.name: 'Linux', os.arch: 'amd64', os.version: '4.15.0-47-generic', java.version: '1.8.0_191'
Driver info: com.kms.katalon.selenium.driver.CChromeDriver
Capabilities {acceptInsecureCerts: false, acceptSslCerts: false, applicationCacheEnabled: false, browserConnectionEnabled: false, browserName: chrome, chrome: {chromedriverVersion: 73.0.3683.68 (47787ec04b6e3..., userDataDir: /tmp/.com.google.Chrome.FU0xWS}, cssSelectorsEnabled: true, databaseEnabled: false, goog:chromeOptions: {debuggerAddress: localhost:43539}, handlesAlerts: true, hasTouchScreen: false, javascriptEnabled: true, locationContextEnabled: true, mobileEmulationEnabled: false, nativeEvents: true, networkConnectionEnabled: false, pageLoadStrategy: normal, platform: LINUX, platformName: LINUX, proxy: Proxy(direct), rotatable: false, setWindowRect: true, strictFileInteractability: false, takesHeapSnapshot: true, takesScreenshot: true, timeouts: {implicit: 0, pageLoad: 300000, script: 30000}, unexpectedAlertBehaviour: ignore, unhandledPromptBehavior: ignore, version: 73.0.3683.103, webStorageEnabled: true}
Session ID: f13adca9b43bf4b34e393f07e02ab2e3
	at org.openqa.selenium.remote.ErrorHandler.createThrowable(ErrorHandler.java:214)
	at org.openqa.selenium.remote.ErrorHandler.throwIfResponseFailed(ErrorHandler.java:166)
	at org.openqa.selenium.remote.http.JsonHttpResponseCodec.reconstructValue(JsonHttpResponseCodec.java:40)
	at org.openqa.selenium.remote.http.AbstractHttpResponseCodec.decode(AbstractHttpResponseCodec.java:80)
	at org.openqa.selenium.remote.http.AbstractHttpResponseCodec.decode(AbstractHttpResponseCodec.java:44)
	at org.openqa.selenium.remote.HttpCommandExecutor.execute(HttpCommandExecutor.java:164)
	at org.openqa.selenium.remote.service.DriverCommandExecutor.execute(DriverCommandExecutor.java:83)
	at org.openqa.selenium.remote.RemoteWebDriver.execute(RemoteWebDriver.java:600)
	at com.kms.katalon.selenium.driver.CChromeDriver.execute(CChromeDriver.java:20)
	at org.openqa.selenium.remote.RemoteWebElement.execute(RemoteWebElement.java:279)
	at org.openqa.selenium.remote.RemoteWebElement.click(RemoteWebElement.java:83)
	at com.kms.katalon.core.webui.keyword.builtin.ClickKeyword$_click_closure1.doCall(ClickKeyword.groovy:79)
	at com.kms.katalon.core.webui.keyword.builtin.ClickKeyword$_click_closure1.call(ClickKeyword.groovy)
	at com.kms.katalon.core.webui.keyword.internal.WebUIKeywordMain.runKeyword(WebUIKeywordMain.groovy:20)
	at com.kms.katalon.core.webui.keyword.builtin.ClickKeyword.click(ClickKeyword.groovy:86)
	at com.kms.katalon.core.webui.keyword.builtin.ClickKeyword.execute(ClickKeyword.groovy:67)
	at com.kms.katalon.core.keyword.internal.KeywordExecutor.executeKeywordForPlatform(KeywordExecutor.groovy:56)
	at com.kms.katalon.core.webui.keyword.WebUiBuiltInKeywords.click(WebUiBuiltInKeywords.groovy:616)
	at com.kms.katalon.core.webui.keyword.WebUiBuiltInKeywords$click$2.call(Unknown Source)
	at Script1537163093020.run(Script1537163093020.groovy:26)
	at com.kms.katalon.core.main.ScriptEngine.run(ScriptEngine.java:194)
	at com.kms.katalon.core.main.ScriptEngine.runScriptAsRawText(ScriptEngine.java:119)
	at com.kms.katalon.core.main.TestCaseExecutor.runScript(TestCaseExecutor.java:336)
	at com.kms.katalon.core.main.TestCaseExecutor.doExecute(TestCaseExecutor.java:327)
	at com.kms.katalon.core.main.TestCaseExecutor.processExecutionPhase(TestCaseExecutor.java:306)
	at com.kms.katalon.core.main.TestCaseExecutor.accessMainPhase(TestCaseExecutor.java:298)
	at com.kms.katalon.core.main.TestCaseExecutor.execute(TestCaseExecutor.java:232)
	at com.kms.katalon.core.main.TestCaseMain.runTestCase(TestCaseMain.java:114)
	at com.kms.katalon.core.keyword.builtin.CallTestCaseKeyword$_callTestCase_closure1.doCall(CallTestCaseKeyword.groovy:59)
	at com.kms.katalon.core.keyword.builtin.CallTestCaseKeyword$_callTestCase_closure1.call(CallTestCaseKeyword.groovy)
	at com.kms.katalon.core.keyword.internal.KeywordMain.runKeyword(KeywordMain.groovy:66)
	at com.kms.katalon.core.keyword.builtin.CallTestCaseKeyword.callTestCase(CallTestCaseKeyword.groovy:81)
	at com.kms.katalon.core.keyword.builtin.CallTestCaseKeyword.execute(CallTestCaseKeyword.groovy:44)
	at com.kms.katalon.core.keyword.internal.KeywordExecutor.executeKeywordForPlatform(KeywordExecutor.groovy:56)
	at com.kms.katalon.core.keyword.BuiltinKeywords.callTestCase(BuiltinKeywords.groovy:334)
	at Script1537196201637.run(Script1537196201637.groovy:25)
	... 13 more


2019-04-21 02:59:26 - [TEST_STEP][PASSED] - callTestCase(findTestCase("s-sidebar_navigation/individualAccount/Template"), [:], STOP_ON_FAILURE): Call Test Case 'Test Cases/s-sidebar_navigation/individualAccount/Template' successfully

2019-04-21 02:59:26 - [TEST_CASE][PASSED] - Test Cases/s-sidebar_navigation/individualAccount/Template: Test Cases/s-sidebar_navigation/individualAccount/Template

2019-04-21 02:59:26 - [TEST_STEP][PASSED] - click(findTestObject("Page_KiboPush  Dashboard/span_Broadcasts")): Object: 'Object Repository/Page_KiboPush  Dashboard/span_Broadcasts' is clicked on

2019-04-21 02:59:26 - [MESSAGE][PASSED] - Object: 'Object Repository/Page_KiboPush  Dashboard/span_Broadcasts' is clicked on

2019-04-21 02:59:26 - [TEST_STEP][PASSED] - delay(1): Delayed 1 second(s)

2019-04-21 02:59:27 - [MESSAGE][PASSED] - Delayed 1 second(s)

2019-04-21 02:59:27 - [TEST_STEP][PASSED] - click(findTestObject("Page_KiboPush  Dashboard/span_Templates")): Object: 'Object Repository/Page_KiboPush  Dashboard/span_Templates' is clicked on

2019-04-21 02:59:28 - [MESSAGE][PASSED] - Object: 'Object Repository/Page_KiboPush  Dashboard/span_Templates' is clicked on

2019-04-21 02:59:28 - [TEST_STEP][PASSED] - delay(3): Delayed 3 second(s)

2019-04-21 02:59:31 - [MESSAGE][PASSED] - Delayed 3 second(s)

2019-04-21 02:59:31 - [TEST_STEP][PASSED] - scrollToPosition(0, 0): Browser is scrolled to position x = 0, y = 0

2019-04-21 02:59:31 - [MESSAGE][PASSED] - Browser is scrolled to position x = 0, y = 0

2019-04-21 02:59:31 - [TEST_STEP][PASSED] - click(findTestObject("Object Repository/Page_KiboEngage  Templates/h3_Templates")): Object: 'Object Repository/Page_KiboEngage  Templates/h3_Templates' is clicked on

2019-04-21 02:59:31 - [MESSAGE][PASSED] - Object: 'Object Repository/Page_KiboEngage  Templates/h3_Templates' is clicked on

2019-04-21 02:59:31 - [TEST_STEP][PASSED] - delay(3): Delayed 3 second(s)

2019-04-21 02:59:34 - [MESSAGE][PASSED] - Delayed 3 second(s)

2019-04-21 02:59:34 - [MESSAGE][PASSED] - Call Test Case 'Test Cases/s-sidebar_navigation/individualAccount/Template' successfully

2019-04-21 02:59:34 - [TEST_STEP][PASSED] - click(findTestObject("Page_KiboPush  Dashboard/a_Edit")): Object: 'Object Repository/Page_KiboPush  Dashboard/a_Edit' is clicked on

2019-04-21 02:59:34 - [MESSAGE][PASSED] - Object: 'Object Repository/Page_KiboPush  Dashboard/a_Edit' is clicked on

2019-04-21 02:59:34 - [TEST_STEP][FAILED] - click(findTestObject("Object Repository/Page_KiboPush  Create Broadcast Tem/h3_Edit Broadcast Template")): Unable to click on object 'Object Repository/Page_KiboPush  Create Broadcast Tem/h3_Edit Broadcast Template' (Root cause: com.kms.katalon.core.exception.StepFailedException: Unable to click on object 'Object Repository/Page_KiboPush  Create Broadcast Tem/h3_Edit Broadcast Template'
	at com.kms.katalon.core.webui.keyword.internal.WebUIKeywordMain.stepFailed(WebUIKeywordMain.groovy:64)
	at com.kms.katalon.core.webui.keyword.internal.WebUIKeywordMain.runKeyword(WebUIKeywordMain.groovy:26)
	at com.kms.katalon.core.webui.keyword.builtin.ClickKeyword.click(ClickKeyword.groovy:86)
	at com.kms.katalon.core.webui.keyword.builtin.ClickKeyword.execute(ClickKeyword.groovy:67)
	at com.kms.katalon.core.keyword.internal.KeywordExecutor.executeKeywordForPlatform(KeywordExecutor.groovy:56)
	at com.kms.katalon.core.webui.keyword.WebUiBuiltInKeywords.click(WebUiBuiltInKeywords.groovy:616)
	at com.kms.katalon.core.webui.keyword.WebUiBuiltInKeywords$click$2.call(Unknown Source)
	at TC0861.run(TC0861:26)
	at com.kms.katalon.core.main.ScriptEngine.run(ScriptEngine.java:194)
	at com.kms.katalon.core.main.ScriptEngine.runScriptAsRawText(ScriptEngine.java:119)
	at com.kms.katalon.core.main.TestCaseExecutor.runScript(TestCaseExecutor.java:336)
	at com.kms.katalon.core.main.TestCaseExecutor.doExecute(TestCaseExecutor.java:327)
	at com.kms.katalon.core.main.TestCaseExecutor.processExecutionPhase(TestCaseExecutor.java:306)
	at com.kms.katalon.core.main.TestCaseExecutor.accessMainPhase(TestCaseExecutor.java:298)
	at com.kms.katalon.core.main.TestCaseExecutor.execute(TestCaseExecutor.java:232)
	at com.kms.katalon.core.main.TestCaseMain.runTestCase(TestCaseMain.java:114)
	at com.kms.katalon.core.keyword.builtin.CallTestCaseKeyword$_callTestCase_closure1.doCall(CallTestCaseKeyword.groovy:59)
	at com.kms.katalon.core.keyword.builtin.CallTestCaseKeyword$_callTestCase_closure1.call(CallTestCaseKeyword.groovy)
	at com.kms.katalon.core.keyword.internal.KeywordMain.runKeyword(KeywordMain.groovy:66)
	at com.kms.katalon.core.keyword.builtin.CallTestCaseKeyword.callTestCase(CallTestCaseKeyword.groovy:81)
	at com.kms.katalon.core.keyword.builtin.CallTestCaseKeyword.execute(CallTestCaseKeyword.groovy:44)
	at com.kms.katalon.core.keyword.internal.KeywordExecutor.executeKeywordForPlatform(KeywordExecutor.groovy:56)
	at com.kms.katalon.core.keyword.BuiltinKeywords.callTestCase(BuiltinKeywords.groovy:334)
	at TC0864.run(TC0864:25)
	at com.kms.katalon.core.main.ScriptEngine.run(ScriptEngine.java:194)
	at com.kms.katalon.core.main.ScriptEngine.runScriptAsRawText(ScriptEngine.java:119)
	at com.kms.katalon.core.main.TestCaseExecutor.runScript(TestCaseExecutor.java:336)
	at com.kms.katalon.core.main.TestCaseExecutor.doExecute(TestCaseExecutor.java:327)
	at com.kms.katalon.core.main.TestCaseExecutor.processExecutionPhase(TestCaseExecutor.java:306)
	at com.kms.katalon.core.main.TestCaseExecutor.accessMainPhase(TestCaseExecutor.java:298)
	at com.kms.katalon.core.main.TestCaseExecutor.execute(TestCaseExecutor.java:232)
	at com.kms.katalon.core.main.TestSuiteExecutor.accessTestCaseMainPhase(TestSuiteExecutor.java:129)
	at com.kms.katalon.core.main.TestSuiteExecutor.accessTestSuiteMainPhase(TestSuiteExecutor.java:112)
	at com.kms.katalon.core.main.TestSuiteExecutor.execute(TestSuiteExecutor.java:81)
	at com.kms.katalon.core.main.TestCaseMain.startTestSuite(TestCaseMain.java:157)
	at com.kms.katalon.core.main.TestCaseMain$startTestSuite$0.call(Unknown Source)
	at TempTestSuite1555795243480.run(TempTestSuite1555795243480.groovy:35)
Caused by: org.openqa.selenium.WebDriverException: unknown error: Element <h3 class="m-portlet__head-text">...</h3> is not clickable at point (415, 238). Other element would receive the click: <div style="opacity: 1; overflow-y: auto; position: absolute; top: 0px; left: 0px; height: 100%; width: 100%; transition: opacity 0.3s ease 0s; cursor: pointer;">...</div>
  (Session info: chrome=73.0.3683.103)
  (Driver info: chromedriver=73.0.3683.68 (47787ec04b6e38e22703e856e101e840b65afe72),platform=Linux 4.15.0-47-generic x86_64) (WARNING: The server did not provide any stacktrace information)
Command duration or timeout: 0 milliseconds
Build info: version: '3.7.1', revision: '8a0099a', time: '2017-11-06T21:07:36.161Z'
System info: host: 'faizan-HP-EliteBook-850-G2', ip: '127.0.1.1', os.name: 'Linux', os.arch: 'amd64', os.version: '4.15.0-47-generic', java.version: '1.8.0_191'
Driver info: com.kms.katalon.selenium.driver.CChromeDriver
Capabilities {acceptInsecureCerts: false, acceptSslCerts: false, applicationCacheEnabled: false, browserConnectionEnabled: false, browserName: chrome, chrome: {chromedriverVersion: 73.0.3683.68 (47787ec04b6e3..., userDataDir: /tmp/.com.google.Chrome.FU0xWS}, cssSelectorsEnabled: true, databaseEnabled: false, goog:chromeOptions: {debuggerAddress: localhost:43539}, handlesAlerts: true, hasTouchScreen: false, javascriptEnabled: true, locationContextEnabled: true, mobileEmulationEnabled: false, nativeEvents: true, networkConnectionEnabled: false, pageLoadStrategy: normal, platform: LINUX, platformName: LINUX, proxy: Proxy(direct), rotatable: false, setWindowRect: true, strictFileInteractability: false, takesHeapSnapshot: true, takesScreenshot: true, timeouts: {implicit: 0, pageLoad: 300000, script: 30000}, unexpectedAlertBehaviour: ignore, unhandledPromptBehavior: ignore, version: 73.0.3683.103, webStorageEnabled: true}
Session ID: f13adca9b43bf4b34e393f07e02ab2e3
	at org.openqa.selenium.remote.ErrorHandler.createThrowable(ErrorHandler.java:214)
	at org.openqa.selenium.remote.ErrorHandler.throwIfResponseFailed(ErrorHandler.java:166)
	at org.openqa.selenium.remote.http.JsonHttpResponseCodec.reconstructValue(JsonHttpResponseCodec.java:40)
	at org.openqa.selenium.remote.http.AbstractHttpResponseCodec.decode(AbstractHttpResponseCodec.java:80)
	at org.openqa.selenium.remote.http.AbstractHttpResponseCodec.decode(AbstractHttpResponseCodec.java:44)
	at org.openqa.selenium.remote.HttpCommandExecutor.execute(HttpCommandExecutor.java:164)
	at org.openqa.selenium.remote.service.DriverCommandExecutor.execute(DriverCommandExecutor.java:83)
	at org.openqa.selenium.remote.RemoteWebDriver.execute(RemoteWebDriver.java:600)
	at com.kms.katalon.selenium.driver.CChromeDriver.execute(CChromeDriver.java:20)
	at org.openqa.selenium.remote.RemoteWebElement.execute(RemoteWebElement.java:279)
	at org.openqa.selenium.remote.RemoteWebElement.click(RemoteWebElement.java:83)
	at com.kms.katalon.core.webui.keyword.builtin.ClickKeyword$_click_closure1.doCall(ClickKeyword.groovy:79)
	at com.kms.katalon.core.webui.keyword.builtin.ClickKeyword$_click_closure1.call(ClickKeyword.groovy)
	at com.kms.katalon.core.webui.keyword.internal.WebUIKeywordMain.runKeyword(WebUIKeywordMain.groovy:20)
	at com.kms.katalon.core.webui.keyword.builtin.ClickKeyword.click(ClickKeyword.groovy:86)
	at com.kms.katalon.core.webui.keyword.builtin.ClickKeyword.execute(ClickKeyword.groovy:67)
	at com.kms.katalon.core.keyword.internal.KeywordExecutor.executeKeywordForPlatform(KeywordExecutor.groovy:56)
	at com.kms.katalon.core.webui.keyword.WebUiBuiltInKeywords.click(WebUiBuiltInKeywords.groovy:616)
	at com.kms.katalon.core.webui.keyword.WebUiBuiltInKeywords$click$2.call(Unknown Source)
	at Script1537163093020.run(Script1537163093020.groovy:26)
	at com.kms.katalon.core.main.ScriptEngine.run(ScriptEngine.java:194)
	at com.kms.katalon.core.main.ScriptEngine.runScriptAsRawText(ScriptEngine.java:119)
	at com.kms.katalon.core.main.TestCaseExecutor.runScript(TestCaseExecutor.java:336)
	at com.kms.katalon.core.main.TestCaseExecutor.doExecute(TestCaseExecutor.java:327)
	at com.kms.katalon.core.main.TestCaseExecutor.processExecutionPhase(TestCaseExecutor.java:306)
	at com.kms.katalon.core.main.TestCaseExecutor.accessMainPhase(TestCaseExecutor.java:298)
	at com.kms.katalon.core.main.TestCaseExecutor.execute(TestCaseExecutor.java:232)
	at com.kms.katalon.core.main.TestCaseMain.runTestCase(TestCaseMain.java:114)
	at com.kms.katalon.core.keyword.builtin.CallTestCaseKeyword$_callTestCase_closure1.doCall(CallTestCaseKeyword.groovy:59)
	at com.kms.katalon.core.keyword.builtin.CallTestCaseKeyword$_callTestCase_closure1.call(CallTestCaseKeyword.groovy)
	at com.kms.katalon.core.keyword.internal.KeywordMain.runKeyword(KeywordMain.groovy:66)
	at com.kms.katalon.core.keyword.builtin.CallTestCaseKeyword.callTestCase(CallTestCaseKeyword.groovy:81)
	at com.kms.katalon.core.keyword.builtin.CallTestCaseKeyword.execute(CallTestCaseKeyword.groovy:44)
	at com.kms.katalon.core.keyword.internal.KeywordExecutor.executeKeywordForPlatform(KeywordExecutor.groovy:56)
	at com.kms.katalon.core.keyword.BuiltinKeywords.callTestCase(BuiltinKeywords.groovy:334)
	at Script1537196201637.run(Script1537196201637.groovy:25)
	... 13 more
)

2019-04-21 02:59:35 - [MESSAGE][FAILED] - Unable to click on object 'Object Repository/Page_KiboPush  Create Broadcast Tem/h3_Edit Broadcast Template' (Root cause: com.kms.katalon.core.exception.StepFailedException: Unable to click on object 'Object Repository/Page_KiboPush  Create Broadcast Tem/h3_Edit Broadcast Template'
	at com.kms.katalon.core.webui.keyword.internal.WebUIKeywordMain.stepFailed(WebUIKeywordMain.groovy:64)
	at com.kms.katalon.core.webui.keyword.internal.WebUIKeywordMain.runKeyword(WebUIKeywordMain.groovy:26)
	at com.kms.katalon.core.webui.keyword.builtin.ClickKeyword.click(ClickKeyword.groovy:86)
	at com.kms.katalon.core.webui.keyword.builtin.ClickKeyword.execute(ClickKeyword.groovy:67)
	at com.kms.katalon.core.keyword.internal.KeywordExecutor.executeKeywordForPlatform(KeywordExecutor.groovy:56)
	at com.kms.katalon.core.webui.keyword.WebUiBuiltInKeywords.click(WebUiBuiltInKeywords.groovy:616)
	at com.kms.katalon.core.webui.keyword.WebUiBuiltInKeywords$click$2.call(Unknown Source)
	at TC0861.run(TC0861:26)
	at com.kms.katalon.core.main.ScriptEngine.run(ScriptEngine.java:194)
	at com.kms.katalon.core.main.ScriptEngine.runScriptAsRawText(ScriptEngine.java:119)
	at com.kms.katalon.core.main.TestCaseExecutor.runScript(TestCaseExecutor.java:336)
	at com.kms.katalon.core.main.TestCaseExecutor.doExecute(TestCaseExecutor.java:327)
	at com.kms.katalon.core.main.TestCaseExecutor.processExecutionPhase(TestCaseExecutor.java:306)
	at com.kms.katalon.core.main.TestCaseExecutor.accessMainPhase(TestCaseExecutor.java:298)
	at com.kms.katalon.core.main.TestCaseExecutor.execute(TestCaseExecutor.java:232)
	at com.kms.katalon.core.main.TestCaseMain.runTestCase(TestCaseMain.java:114)
	at com.kms.katalon.core.keyword.builtin.CallTestCaseKeyword$_callTestCase_closure1.doCall(CallTestCaseKeyword.groovy:59)
	at com.kms.katalon.core.keyword.builtin.CallTestCaseKeyword$_callTestCase_closure1.call(CallTestCaseKeyword.groovy)
	at com.kms.katalon.core.keyword.internal.KeywordMain.runKeyword(KeywordMain.groovy:66)
	at com.kms.katalon.core.keyword.builtin.CallTestCaseKeyword.callTestCase(CallTestCaseKeyword.groovy:81)
	at com.kms.katalon.core.keyword.builtin.CallTestCaseKeyword.execute(CallTestCaseKeyword.groovy:44)
	at com.kms.katalon.core.keyword.internal.KeywordExecutor.executeKeywordForPlatform(KeywordExecutor.groovy:56)
	at com.kms.katalon.core.keyword.BuiltinKeywords.callTestCase(BuiltinKeywords.groovy:334)
	at TC0864.run(TC0864:25)
	at com.kms.katalon.core.main.ScriptEngine.run(ScriptEngine.java:194)
	at com.kms.katalon.core.main.ScriptEngine.runScriptAsRawText(ScriptEngine.java:119)
	at com.kms.katalon.core.main.TestCaseExecutor.runScript(TestCaseExecutor.java:336)
	at com.kms.katalon.core.main.TestCaseExecutor.doExecute(TestCaseExecutor.java:327)
	at com.kms.katalon.core.main.TestCaseExecutor.processExecutionPhase(TestCaseExecutor.java:306)
	at com.kms.katalon.core.main.TestCaseExecutor.accessMainPhase(TestCaseExecutor.java:298)
	at com.kms.katalon.core.main.TestCaseExecutor.execute(TestCaseExecutor.java:232)
	at com.kms.katalon.core.main.TestSuiteExecutor.accessTestCaseMainPhase(TestSuiteExecutor.java:129)
	at com.kms.katalon.core.main.TestSuiteExecutor.accessTestSuiteMainPhase(TestSuiteExecutor.java:112)
	at com.kms.katalon.core.main.TestSuiteExecutor.execute(TestSuiteExecutor.java:81)
	at com.kms.katalon.core.main.TestCaseMain.startTestSuite(TestCaseMain.java:157)
	at com.kms.katalon.core.main.TestCaseMain$startTestSuite$0.call(Unknown Source)
	at TempTestSuite1555795243480.run(TempTestSuite1555795243480.groovy:35)
Caused by: org.openqa.selenium.WebDriverException: unknown error: Element <h3 class="m-portlet__head-text">...</h3> is not clickable at point (415, 238). Other element would receive the click: <div style="opacity: 1; overflow-y: auto; position: absolute; top: 0px; left: 0px; height: 100%; width: 100%; transition: opacity 0.3s ease 0s; cursor: pointer;">...</div>
  (Session info: chrome=73.0.3683.103)
  (Driver info: chromedriver=73.0.3683.68 (47787ec04b6e38e22703e856e101e840b65afe72),platform=Linux 4.15.0-47-generic x86_64) (WARNING: The server did not provide any stacktrace information)
Command duration or timeout: 0 milliseconds
Build info: version: '3.7.1', revision: '8a0099a', time: '2017-11-06T21:07:36.161Z'
System info: host: 'faizan-HP-EliteBook-850-G2', ip: '127.0.1.1', os.name: 'Linux', os.arch: 'amd64', os.version: '4.15.0-47-generic', java.version: '1.8.0_191'
Driver info: com.kms.katalon.selenium.driver.CChromeDriver
Capabilities {acceptInsecureCerts: false, acceptSslCerts: false, applicationCacheEnabled: false, browserConnectionEnabled: false, browserName: chrome, chrome: {chromedriverVersion: 73.0.3683.68 (47787ec04b6e3..., userDataDir: /tmp/.com.google.Chrome.FU0xWS}, cssSelectorsEnabled: true, databaseEnabled: false, goog:chromeOptions: {debuggerAddress: localhost:43539}, handlesAlerts: true, hasTouchScreen: false, javascriptEnabled: true, locationContextEnabled: true, mobileEmulationEnabled: false, nativeEvents: true, networkConnectionEnabled: false, pageLoadStrategy: normal, platform: LINUX, platformName: LINUX, proxy: Proxy(direct), rotatable: false, setWindowRect: true, strictFileInteractability: false, takesHeapSnapshot: true, takesScreenshot: true, timeouts: {implicit: 0, pageLoad: 300000, script: 30000}, unexpectedAlertBehaviour: ignore, unhandledPromptBehavior: ignore, version: 73.0.3683.103, webStorageEnabled: true}
Session ID: f13adca9b43bf4b34e393f07e02ab2e3
	at org.openqa.selenium.remote.ErrorHandler.createThrowable(ErrorHandler.java:214)
	at org.openqa.selenium.remote.ErrorHandler.throwIfResponseFailed(ErrorHandler.java:166)
	at org.openqa.selenium.remote.http.JsonHttpResponseCodec.reconstructValue(JsonHttpResponseCodec.java:40)
	at org.openqa.selenium.remote.http.AbstractHttpResponseCodec.decode(AbstractHttpResponseCodec.java:80)
	at org.openqa.selenium.remote.http.AbstractHttpResponseCodec.decode(AbstractHttpResponseCodec.java:44)
	at org.openqa.selenium.remote.HttpCommandExecutor.execute(HttpCommandExecutor.java:164)
	at org.openqa.selenium.remote.service.DriverCommandExecutor.execute(DriverCommandExecutor.java:83)
	at org.openqa.selenium.remote.RemoteWebDriver.execute(RemoteWebDriver.java:600)
	at com.kms.katalon.selenium.driver.CChromeDriver.execute(CChromeDriver.java:20)
	at org.openqa.selenium.remote.RemoteWebElement.execute(RemoteWebElement.java:279)
	at org.openqa.selenium.remote.RemoteWebElement.click(RemoteWebElement.java:83)
	at com.kms.katalon.core.webui.keyword.builtin.ClickKeyword$_click_closure1.doCall(ClickKeyword.groovy:79)
	at com.kms.katalon.core.webui.keyword.builtin.ClickKeyword$_click_closure1.call(ClickKeyword.groovy)
	at com.kms.katalon.core.webui.keyword.internal.WebUIKeywordMain.runKeyword(WebUIKeywordMain.groovy:20)
	at com.kms.katalon.core.webui.keyword.builtin.ClickKeyword.click(ClickKeyword.groovy:86)
	at com.kms.katalon.core.webui.keyword.builtin.ClickKeyword.execute(ClickKeyword.groovy:67)
	at com.kms.katalon.core.keyword.internal.KeywordExecutor.executeKeywordForPlatform(KeywordExecutor.groovy:56)
	at com.kms.katalon.core.webui.keyword.WebUiBuiltInKeywords.click(WebUiBuiltInKeywords.groovy:616)
	at com.kms.katalon.core.webui.keyword.WebUiBuiltInKeywords$click$2.call(Unknown Source)
	at Script1537163093020.run(Script1537163093020.groovy:26)
	at com.kms.katalon.core.main.ScriptEngine.run(ScriptEngine.java:194)
	at com.kms.katalon.core.main.ScriptEngine.runScriptAsRawText(ScriptEngine.java:119)
	at com.kms.katalon.core.main.TestCaseExecutor.runScript(TestCaseExecutor.java:336)
	at com.kms.katalon.core.main.TestCaseExecutor.doExecute(TestCaseExecutor.java:327)
	at com.kms.katalon.core.main.TestCaseExecutor.processExecutionPhase(TestCaseExecutor.java:306)
	at com.kms.katalon.core.main.TestCaseExecutor.accessMainPhase(TestCaseExecutor.java:298)
	at com.kms.katalon.core.main.TestCaseExecutor.execute(TestCaseExecutor.java:232)
	at com.kms.katalon.core.main.TestCaseMain.runTestCase(TestCaseMain.java:114)
	at com.kms.katalon.core.keyword.builtin.CallTestCaseKeyword$_callTestCase_closure1.doCall(CallTestCaseKeyword.groovy:59)
	at com.kms.katalon.core.keyword.builtin.CallTestCaseKeyword$_callTestCase_closure1.call(CallTestCaseKeyword.groovy)
	at com.kms.katalon.core.keyword.internal.KeywordMain.runKeyword(KeywordMain.groovy:66)
	at com.kms.katalon.core.keyword.builtin.CallTestCaseKeyword.callTestCase(CallTestCaseKeyword.groovy:81)
	at com.kms.katalon.core.keyword.builtin.CallTestCaseKeyword.execute(CallTestCaseKeyword.groovy:44)
	at com.kms.katalon.core.keyword.internal.KeywordExecutor.executeKeywordForPlatform(KeywordExecutor.groovy:56)
	at com.kms.katalon.core.keyword.BuiltinKeywords.callTestCase(BuiltinKeywords.groovy:334)
	at Script1537196201637.run(Script1537196201637.groovy:25)
	... 13 more
)
[[ATTACHMENT|/home/faizan/Drive/KiboPush_Automated_Testing/KiboPush Katalon/Reports/Faizan Suits/Template/20190421_022043/1555797575161.png]]

2019-04-21 02:59:35 - [MESSAGE][FAILED] - Unable to call Test Case 'Test Cases/Template testcases/TC0861' (Root cause: com.kms.katalon.core.exception.StepFailedException: Call Test Case 'Test Cases/Template testcases/TC0861' failed
	at com.kms.katalon.core.keyword.builtin.CallTestCaseKeyword$_callTestCase_closure1.doCall(CallTestCaseKeyword.groovy:63)
	at com.kms.katalon.core.keyword.builtin.CallTestCaseKeyword$_callTestCase_closure1.call(CallTestCaseKeyword.groovy)
	at com.kms.katalon.core.keyword.internal.KeywordMain.runKeyword(KeywordMain.groovy:66)
	at com.kms.katalon.core.keyword.builtin.CallTestCaseKeyword.callTestCase(CallTestCaseKeyword.groovy:81)
	at com.kms.katalon.core.keyword.builtin.CallTestCaseKeyword.execute(CallTestCaseKeyword.groovy:44)
	at com.kms.katalon.core.keyword.internal.KeywordExecutor.executeKeywordForPlatform(KeywordExecutor.groovy:56)
	at com.kms.katalon.core.keyword.BuiltinKeywords.callTestCase(BuiltinKeywords.groovy:334)
	at TC0864.run(TC0864:25)
	at com.kms.katalon.core.main.ScriptEngine.run(ScriptEngine.java:194)
	at com.kms.katalon.core.main.ScriptEngine.runScriptAsRawText(ScriptEngine.java:119)
	at com.kms.katalon.core.main.TestCaseExecutor.runScript(TestCaseExecutor.java:336)
	at com.kms.katalon.core.main.TestCaseExecutor.doExecute(TestCaseExecutor.java:327)
	at com.kms.katalon.core.main.TestCaseExecutor.processExecutionPhase(TestCaseExecutor.java:306)
	at com.kms.katalon.core.main.TestCaseExecutor.accessMainPhase(TestCaseExecutor.java:298)
	at com.kms.katalon.core.main.TestCaseExecutor.execute(TestCaseExecutor.java:232)
	at com.kms.katalon.core.main.TestSuiteExecutor.accessTestCaseMainPhase(TestSuiteExecutor.java:129)
	at com.kms.katalon.core.main.TestSuiteExecutor.accessTestSuiteMainPhase(TestSuiteExecutor.java:112)
	at com.kms.katalon.core.main.TestSuiteExecutor.execute(TestSuiteExecutor.java:81)
	at com.kms.katalon.core.main.TestCaseMain.startTestSuite(TestCaseMain.java:157)
	at com.kms.katalon.core.main.TestCaseMain$startTestSuite$0.call(Unknown Source)
	at TempTestSuite1555795243480.run(TempTestSuite1555795243480.groovy:35)
Caused by: com.kms.katalon.core.exception.StepFailedException: Unable to click on object 'Object Repository/Page_KiboPush  Create Broadcast Tem/h3_Edit Broadcast Template'
	at com.kms.katalon.core.webui.keyword.internal.WebUIKeywordMain.stepFailed(WebUIKeywordMain.groovy:64)
	at com.kms.katalon.core.webui.keyword.internal.WebUIKeywordMain.runKeyword(WebUIKeywordMain.groovy:26)
	at com.kms.katalon.core.webui.keyword.builtin.ClickKeyword.click(ClickKeyword.groovy:86)
	at com.kms.katalon.core.webui.keyword.builtin.ClickKeyword.execute(ClickKeyword.groovy:67)
	at com.kms.katalon.core.keyword.internal.KeywordExecutor.executeKeywordForPlatform(KeywordExecutor.groovy:56)
	at com.kms.katalon.core.webui.keyword.WebUiBuiltInKeywords.click(WebUiBuiltInKeywords.groovy:616)
	at com.kms.katalon.core.webui.keyword.WebUiBuiltInKeywords$click$2.call(Unknown Source)
	at TC0861.run(TC0861:26)
	at com.kms.katalon.core.main.ScriptEngine.run(ScriptEngine.java:194)
	at com.kms.katalon.core.main.ScriptEngine.runScriptAsRawText(ScriptEngine.java:119)
	at com.kms.katalon.core.main.TestCaseExecutor.runScript(TestCaseExecutor.java:336)
	at com.kms.katalon.core.main.TestCaseExecutor.doExecute(TestCaseExecutor.java:327)
	at com.kms.katalon.core.main.TestCaseExecutor.processExecutionPhase(TestCaseExecutor.java:306)
	at com.kms.katalon.core.main.TestCaseExecutor.accessMainPhase(TestCaseExecutor.java:298)
	at com.kms.katalon.core.main.TestCaseExecutor.execute(TestCaseExecutor.java:232)
	at com.kms.katalon.core.main.TestCaseMain.runTestCase(TestCaseMain.java:114)
	at com.kms.katalon.core.keyword.builtin.CallTestCaseKeyword$_callTestCase_closure1.doCall(CallTestCaseKeyword.groovy:59)
	... 20 more
Caused by: org.openqa.selenium.WebDriverException: unknown error: Element <h3 class="m-portlet__head-text">...</h3> is not clickable at point (415, 238). Other element would receive the click: <div style="opacity: 1; overflow-y: auto; position: absolute; top: 0px; left: 0px; height: 100%; width: 100%; transition: opacity 0.3s ease 0s; cursor: pointer;">...</div>
  (Session info: chrome=73.0.3683.103)
  (Driver info: chromedriver=73.0.3683.68 (47787ec04b6e38e22703e856e101e840b65afe72),platform=Linux 4.15.0-47-generic x86_64) (WARNING: The server did not provide any stacktrace information)
Command duration or timeout: 0 milliseconds
Build info: version: '3.7.1', revision: '8a0099a', time: '2017-11-06T21:07:36.161Z'
System info: host: 'faizan-HP-EliteBook-850-G2', ip: '127.0.1.1', os.name: 'Linux', os.arch: 'amd64', os.version: '4.15.0-47-generic', java.version: '1.8.0_191'
Driver info: com.kms.katalon.selenium.driver.CChromeDriver
Capabilities {acceptInsecureCerts: false, acceptSslCerts: false, applicationCacheEnabled: false, browserConnectionEnabled: false, browserName: chrome, chrome: {chromedriverVersion: 73.0.3683.68 (47787ec04b6e3..., userDataDir: /tmp/.com.google.Chrome.FU0xWS}, cssSelectorsEnabled: true, databaseEnabled: false, goog:chromeOptions: {debuggerAddress: localhost:43539}, handlesAlerts: true, hasTouchScreen: false, javascriptEnabled: true, locationContextEnabled: true, mobileEmulationEnabled: false, nativeEvents: true, networkConnectionEnabled: false, pageLoadStrategy: normal, platform: LINUX, platformName: LINUX, proxy: Proxy(direct), rotatable: false, setWindowRect: true, strictFileInteractability: false, takesHeapSnapshot: true, takesScreenshot: true, timeouts: {implicit: 0, pageLoad: 300000, script: 30000}, unexpectedAlertBehaviour: ignore, unhandledPromptBehavior: ignore, version: 73.0.3683.103, webStorageEnabled: true}
Session ID: f13adca9b43bf4b34e393f07e02ab2e3
	at org.openqa.selenium.remote.ErrorHandler.createThrowable(ErrorHandler.java:214)
	at org.openqa.selenium.remote.ErrorHandler.throwIfResponseFailed(ErrorHandler.java:166)
	at org.openqa.selenium.remote.http.JsonHttpResponseCodec.reconstructValue(JsonHttpResponseCodec.java:40)
	at org.openqa.selenium.remote.http.AbstractHttpResponseCodec.decode(AbstractHttpResponseCodec.java:80)
	at org.openqa.selenium.remote.http.AbstractHttpResponseCodec.decode(AbstractHttpResponseCodec.java:44)
	at org.openqa.selenium.remote.HttpCommandExecutor.execute(HttpCommandExecutor.java:164)
	at org.openqa.selenium.remote.service.DriverCommandExecutor.execute(DriverCommandExecutor.java:83)
	at org.openqa.selenium.remote.RemoteWebDriver.execute(RemoteWebDriver.java:600)
	at com.kms.katalon.selenium.driver.CChromeDriver.execute(CChromeDriver.java:20)
	at org.openqa.selenium.remote.RemoteWebElement.execute(RemoteWebElement.java:279)
	at org.openqa.selenium.remote.RemoteWebElement.click(RemoteWebElement.java:83)
	at com.kms.katalon.core.webui.keyword.builtin.ClickKeyword$_click_closure1.doCall(ClickKeyword.groovy:79)
	at com.kms.katalon.core.webui.keyword.builtin.ClickKeyword$_click_closure1.call(ClickKeyword.groovy)
	at com.kms.katalon.core.webui.keyword.internal.WebUIKeywordMain.runKeyword(WebUIKeywordMain.groovy:20)
	at com.kms.katalon.core.webui.keyword.builtin.ClickKeyword.click(ClickKeyword.groovy:86)
	at com.kms.katalon.core.webui.keyword.builtin.ClickKeyword.execute(ClickKeyword.groovy:67)
	at com.kms.katalon.core.keyword.internal.KeywordExecutor.executeKeywordForPlatform(KeywordExecutor.groovy:56)
	at com.kms.katalon.core.webui.keyword.WebUiBuiltInKeywords.click(WebUiBuiltInKeywords.groovy:616)
	at com.kms.katalon.core.webui.keyword.WebUiBuiltInKeywords$click$2.call(Unknown Source)
	at Script1537163093020.run(Script1537163093020.groovy:26)
	at com.kms.katalon.core.main.ScriptEngine.run(ScriptEngine.java:194)
	at com.kms.katalon.core.main.ScriptEngine.runScriptAsRawText(ScriptEngine.java:119)
	at com.kms.katalon.core.main.TestCaseExecutor.runScript(TestCaseExecutor.java:336)
	at com.kms.katalon.core.main.TestCaseExecutor.doExecute(TestCaseExecutor.java:327)
	at com.kms.katalon.core.main.TestCaseExecutor.processExecutionPhase(TestCaseExecutor.java:306)
	at com.kms.katalon.core.main.TestCaseExecutor.accessMainPhase(TestCaseExecutor.java:298)
	at com.kms.katalon.core.main.TestCaseExecutor.execute(TestCaseExecutor.java:232)
	at com.kms.katalon.core.main.TestCaseMain.runTestCase(TestCaseMain.java:114)
	at com.kms.katalon.core.keyword.builtin.CallTestCaseKeyword$_callTestCase_closure1.doCall(CallTestCaseKeyword.groovy:59)
	at com.kms.katalon.core.keyword.builtin.CallTestCaseKeyword$_callTestCase_closure1.call(CallTestCaseKeyword.groovy)
	at com.kms.katalon.core.keyword.internal.KeywordMain.runKeyword(KeywordMain.groovy:66)
	at com.kms.katalon.core.keyword.builtin.CallTestCaseKeyword.callTestCase(CallTestCaseKeyword.groovy:81)
	at com.kms.katalon.core.keyword.builtin.CallTestCaseKeyword.execute(CallTestCaseKeyword.groovy:44)
	at com.kms.katalon.core.keyword.internal.KeywordExecutor.executeKeywordForPlatform(KeywordExecutor.groovy:56)
	at com.kms.katalon.core.keyword.BuiltinKeywords.callTestCase(BuiltinKeywords.groovy:334)
	at Script1537196201637.run(Script1537196201637.groovy:25)
	... 13 more
)]]></system-out>
         <system-err><![CDATA[2019-04-21 02:59:26 - [TEST_CASE][FAILED] - Test Cases/Template testcases/TC0864: Test Cases/Template testcases/TC0864 FAILED.
Reason:
com.kms.katalon.core.exception.StepFailedException: Call Test Case 'Test Cases/Template testcases/TC0861' failed
	at com.kms.katalon.core.keyword.builtin.CallTestCaseKeyword$_callTestCase_closure1.doCall(CallTestCaseKeyword.groovy:63)
	at com.kms.katalon.core.keyword.builtin.CallTestCaseKeyword$_callTestCase_closure1.call(CallTestCaseKeyword.groovy)
	at com.kms.katalon.core.keyword.internal.KeywordMain.runKeyword(KeywordMain.groovy:66)
	at com.kms.katalon.core.keyword.builtin.CallTestCaseKeyword.callTestCase(CallTestCaseKeyword.groovy:81)
	at com.kms.katalon.core.keyword.builtin.CallTestCaseKeyword.execute(CallTestCaseKeyword.groovy:44)
	at com.kms.katalon.core.keyword.internal.KeywordExecutor.executeKeywordForPlatform(KeywordExecutor.groovy:56)
	at com.kms.katalon.core.keyword.BuiltinKeywords.callTestCase(BuiltinKeywords.groovy:334)
	at TC0864.run(TC0864:25)
	at com.kms.katalon.core.main.ScriptEngine.run(ScriptEngine.java:194)
	at com.kms.katalon.core.main.ScriptEngine.runScriptAsRawText(ScriptEngine.java:119)
	at com.kms.katalon.core.main.TestCaseExecutor.runScript(TestCaseExecutor.java:336)
	at com.kms.katalon.core.main.TestCaseExecutor.doExecute(TestCaseExecutor.java:327)
	at com.kms.katalon.core.main.TestCaseExecutor.processExecutionPhase(TestCaseExecutor.java:306)
	at com.kms.katalon.core.main.TestCaseExecutor.accessMainPhase(TestCaseExecutor.java:298)
	at com.kms.katalon.core.main.TestCaseExecutor.execute(TestCaseExecutor.java:232)
	at com.kms.katalon.core.main.TestSuiteExecutor.accessTestCaseMainPhase(TestSuiteExecutor.java:129)
	at com.kms.katalon.core.main.TestSuiteExecutor.accessTestSuiteMainPhase(TestSuiteExecutor.java:112)
	at com.kms.katalon.core.main.TestSuiteExecutor.execute(TestSuiteExecutor.java:81)
	at com.kms.katalon.core.main.TestCaseMain.startTestSuite(TestCaseMain.java:157)
	at com.kms.katalon.core.main.TestCaseMain$startTestSuite$0.call(Unknown Source)
	at TempTestSuite1555795243480.run(TempTestSuite1555795243480.groovy:35)
Caused by: com.kms.katalon.core.exception.StepFailedException: Unable to click on object 'Object Repository/Page_KiboPush  Create Broadcast Tem/h3_Edit Broadcast Template'
	at com.kms.katalon.core.webui.keyword.internal.WebUIKeywordMain.stepFailed(WebUIKeywordMain.groovy:64)
	at com.kms.katalon.core.webui.keyword.internal.WebUIKeywordMain.runKeyword(WebUIKeywordMain.groovy:26)
	at com.kms.katalon.core.webui.keyword.builtin.ClickKeyword.click(ClickKeyword.groovy:86)
	at com.kms.katalon.core.webui.keyword.builtin.ClickKeyword.execute(ClickKeyword.groovy:67)
	at com.kms.katalon.core.keyword.internal.KeywordExecutor.executeKeywordForPlatform(KeywordExecutor.groovy:56)
	at com.kms.katalon.core.webui.keyword.WebUiBuiltInKeywords.click(WebUiBuiltInKeywords.groovy:616)
	at com.kms.katalon.core.webui.keyword.WebUiBuiltInKeywords$click$2.call(Unknown Source)
	at TC0861.run(TC0861:26)
	at com.kms.katalon.core.main.ScriptEngine.run(ScriptEngine.java:194)
	at com.kms.katalon.core.main.ScriptEngine.runScriptAsRawText(ScriptEngine.java:119)
	at com.kms.katalon.core.main.TestCaseExecutor.runScript(TestCaseExecutor.java:336)
	at com.kms.katalon.core.main.TestCaseExecutor.doExecute(TestCaseExecutor.java:327)
	at com.kms.katalon.core.main.TestCaseExecutor.processExecutionPhase(TestCaseExecutor.java:306)
	at com.kms.katalon.core.main.TestCaseExecutor.accessMainPhase(TestCaseExecutor.java:298)
	at com.kms.katalon.core.main.TestCaseExecutor.execute(TestCaseExecutor.java:232)
	at com.kms.katalon.core.main.TestCaseMain.runTestCase(TestCaseMain.java:114)
	at com.kms.katalon.core.keyword.builtin.CallTestCaseKeyword$_callTestCase_closure1.doCall(CallTestCaseKeyword.groovy:59)
	... 20 more
Caused by: org.openqa.selenium.WebDriverException: unknown error: Element <h3 class="m-portlet__head-text">...</h3> is not clickable at point (415, 238). Other element would receive the click: <div style="opacity: 1; overflow-y: auto; position: absolute; top: 0px; left: 0px; height: 100%; width: 100%; transition: opacity 0.3s ease 0s; cursor: pointer;">...</div>
  (Session info: chrome=73.0.3683.103)
  (Driver info: chromedriver=73.0.3683.68 (47787ec04b6e38e22703e856e101e840b65afe72),platform=Linux 4.15.0-47-generic x86_64) (WARNING: The server did not provide any stacktrace information)
Command duration or timeout: 0 milliseconds
Build info: version: '3.7.1', revision: '8a0099a', time: '2017-11-06T21:07:36.161Z'
System info: host: 'faizan-HP-EliteBook-850-G2', ip: '127.0.1.1', os.name: 'Linux', os.arch: 'amd64', os.version: '4.15.0-47-generic', java.version: '1.8.0_191'
Driver info: com.kms.katalon.selenium.driver.CChromeDriver
Capabilities {acceptInsecureCerts: false, acceptSslCerts: false, applicationCacheEnabled: false, browserConnectionEnabled: false, browserName: chrome, chrome: {chromedriverVersion: 73.0.3683.68 (47787ec04b6e3..., userDataDir: /tmp/.com.google.Chrome.FU0xWS}, cssSelectorsEnabled: true, databaseEnabled: false, goog:chromeOptions: {debuggerAddress: localhost:43539}, handlesAlerts: true, hasTouchScreen: false, javascriptEnabled: true, locationContextEnabled: true, mobileEmulationEnabled: false, nativeEvents: true, networkConnectionEnabled: false, pageLoadStrategy: normal, platform: LINUX, platformName: LINUX, proxy: Proxy(direct), rotatable: false, setWindowRect: true, strictFileInteractability: false, takesHeapSnapshot: true, takesScreenshot: true, timeouts: {implicit: 0, pageLoad: 300000, script: 30000}, unexpectedAlertBehaviour: ignore, unhandledPromptBehavior: ignore, version: 73.0.3683.103, webStorageEnabled: true}
Session ID: f13adca9b43bf4b34e393f07e02ab2e3
	at org.openqa.selenium.remote.ErrorHandler.createThrowable(ErrorHandler.java:214)
	at org.openqa.selenium.remote.ErrorHandler.throwIfResponseFailed(ErrorHandler.java:166)
	at org.openqa.selenium.remote.http.JsonHttpResponseCodec.reconstructValue(JsonHttpResponseCodec.java:40)
	at org.openqa.selenium.remote.http.AbstractHttpResponseCodec.decode(AbstractHttpResponseCodec.java:80)
	at org.openqa.selenium.remote.http.AbstractHttpResponseCodec.decode(AbstractHttpResponseCodec.java:44)
	at org.openqa.selenium.remote.HttpCommandExecutor.execute(HttpCommandExecutor.java:164)
	at org.openqa.selenium.remote.service.DriverCommandExecutor.execute(DriverCommandExecutor.java:83)
	at org.openqa.selenium.remote.RemoteWebDriver.execute(RemoteWebDriver.java:600)
	at com.kms.katalon.selenium.driver.CChromeDriver.execute(CChromeDriver.java:20)
	at org.openqa.selenium.remote.RemoteWebElement.execute(RemoteWebElement.java:279)
	at org.openqa.selenium.remote.RemoteWebElement.click(RemoteWebElement.java:83)
	at com.kms.katalon.core.webui.keyword.builtin.ClickKeyword$_click_closure1.doCall(ClickKeyword.groovy:79)
	at com.kms.katalon.core.webui.keyword.builtin.ClickKeyword$_click_closure1.call(ClickKeyword.groovy)
	at com.kms.katalon.core.webui.keyword.internal.WebUIKeywordMain.runKeyword(WebUIKeywordMain.groovy:20)
	at com.kms.katalon.core.webui.keyword.builtin.ClickKeyword.click(ClickKeyword.groovy:86)
	at com.kms.katalon.core.webui.keyword.builtin.ClickKeyword.execute(ClickKeyword.groovy:67)
	at com.kms.katalon.core.keyword.internal.KeywordExecutor.executeKeywordForPlatform(KeywordExecutor.groovy:56)
	at com.kms.katalon.core.webui.keyword.WebUiBuiltInKeywords.click(WebUiBuiltInKeywords.groovy:616)
	at com.kms.katalon.core.webui.keyword.WebUiBuiltInKeywords$click$2.call(Unknown Source)
	at Script1537163093020.run(Script1537163093020.groovy:26)
	at com.kms.katalon.core.main.ScriptEngine.run(ScriptEngine.java:194)
	at com.kms.katalon.core.main.ScriptEngine.runScriptAsRawText(ScriptEngine.java:119)
	at com.kms.katalon.core.main.TestCaseExecutor.runScript(TestCaseExecutor.java:336)
	at com.kms.katalon.core.main.TestCaseExecutor.doExecute(TestCaseExecutor.java:327)
	at com.kms.katalon.core.main.TestCaseExecutor.processExecutionPhase(TestCaseExecutor.java:306)
	at com.kms.katalon.core.main.TestCaseExecutor.accessMainPhase(TestCaseExecutor.java:298)
	at com.kms.katalon.core.main.TestCaseExecutor.execute(TestCaseExecutor.java:232)
	at com.kms.katalon.core.main.TestCaseMain.runTestCase(TestCaseMain.java:114)
	at com.kms.katalon.core.keyword.builtin.CallTestCaseKeyword$_callTestCase_closure1.doCall(CallTestCaseKeyword.groovy:59)
	at com.kms.katalon.core.keyword.builtin.CallTestCaseKeyword$_callTestCase_closure1.call(CallTestCaseKeyword.groovy)
	at com.kms.katalon.core.keyword.internal.KeywordMain.runKeyword(KeywordMain.groovy:66)
	at com.kms.katalon.core.keyword.builtin.CallTestCaseKeyword.callTestCase(CallTestCaseKeyword.groovy:81)
	at com.kms.katalon.core.keyword.builtin.CallTestCaseKeyword.execute(CallTestCaseKeyword.groovy:44)
	at com.kms.katalon.core.keyword.internal.KeywordExecutor.executeKeywordForPlatform(KeywordExecutor.groovy:56)
	at com.kms.katalon.core.keyword.BuiltinKeywords.callTestCase(BuiltinKeywords.groovy:334)
	at Script1537196201637.run(Script1537196201637.groovy:25)
	... 13 more]]></system-err>
      </testcase>
      <testcase name="Test Cases/Template testcases/TC0865" classname="Test Cases/Template testcases/TC0865" status="FAILED">
         <failure type="FAILED" message="Test Cases/Template testcases/TC0865 FAILED.
Reason:
com.kms.katalon.core.exception.StepFailedException: Unable to click on object 'Object Repository/Page_KiboPush  Create Broadcast Tem/h3_Edit Broadcast Template (2)'
	at com.kms.katalon.core.webui.keyword.internal.WebUIKeywordMain.stepFailed(WebUIKeywordMain.groovy:64)
	at com.kms.katalon.core.webui.keyword.internal.WebUIKeywordMain.runKeyword(WebUIKeywordMain.groovy:26)
	at com.kms.katalon.core.webui.keyword.builtin.ClickKeyword.click(ClickKeyword.groovy:86)
	at com.kms.katalon.core.webui.keyword.builtin.ClickKeyword.execute(ClickKeyword.groovy:67)
	at com.kms.katalon.core.keyword.internal.KeywordExecutor.executeKeywordForPlatform(KeywordExecutor.groovy:56)
	at com.kms.katalon.core.webui.keyword.WebUiBuiltInKeywords.click(WebUiBuiltInKeywords.groovy:616)
	at com.kms.katalon.core.webui.keyword.WebUiBuiltInKeywords$click$2.call(Unknown Source)
	at TC0865.run(TC0865:25)
	at com.kms.katalon.core.main.ScriptEngine.run(ScriptEngine.java:194)
	at com.kms.katalon.core.main.ScriptEngine.runScriptAsRawText(ScriptEngine.java:119)
	at com.kms.katalon.core.main.TestCaseExecutor.runScript(TestCaseExecutor.java:336)
	at com.kms.katalon.core.main.TestCaseExecutor.doExecute(TestCaseExecutor.java:327)
	at com.kms.katalon.core.main.TestCaseExecutor.processExecutionPhase(TestCaseExecutor.java:306)
	at com.kms.katalon.core.main.TestCaseExecutor.accessMainPhase(TestCaseExecutor.java:298)
	at com.kms.katalon.core.main.TestCaseExecutor.execute(TestCaseExecutor.java:232)
	at com.kms.katalon.core.main.TestSuiteExecutor.accessTestCaseMainPhase(TestSuiteExecutor.java:129)
	at com.kms.katalon.core.main.TestSuiteExecutor.accessTestSuiteMainPhase(TestSuiteExecutor.java:112)
	at com.kms.katalon.core.main.TestSuiteExecutor.execute(TestSuiteExecutor.java:81)
	at com.kms.katalon.core.main.TestCaseMain.startTestSuite(TestCaseMain.java:157)
	at com.kms.katalon.core.main.TestCaseMain$startTestSuite$0.call(Unknown Source)
	at TempTestSuite1555795243480.run(TempTestSuite1555795243480.groovy:35)
Caused by: org.openqa.selenium.WebDriverException: unknown error: Element &lt;h3 class=&quot;m-portlet__head-text&quot;>...&lt;/h3> is not clickable at point (415, 238). Other element would receive the click: &lt;div style=&quot;opacity: 1; overflow-y: auto; position: absolute; top: 0px; left: 0px; height: 100%; width: 100%; transition: opacity 0.3s ease 0s; cursor: pointer;&quot;>...&lt;/div>
  (Session info: chrome=73.0.3683.103)
  (Driver info: chromedriver=73.0.3683.68 (47787ec04b6e38e22703e856e101e840b65afe72),platform=Linux 4.15.0-47-generic x86_64) (WARNING: The server did not provide any stacktrace information)
Command duration or timeout: 0 milliseconds
Build info: version: '3.7.1', revision: '8a0099a', time: '2017-11-06T21:07:36.161Z'
System info: host: 'faizan-HP-EliteBook-850-G2', ip: '127.0.1.1', os.name: 'Linux', os.arch: 'amd64', os.version: '4.15.0-47-generic', java.version: '1.8.0_191'
Driver info: com.kms.katalon.selenium.driver.CChromeDriver
Capabilities {acceptInsecureCerts: false, acceptSslCerts: false, applicationCacheEnabled: false, browserConnectionEnabled: false, browserName: chrome, chrome: {chromedriverVersion: 73.0.3683.68 (47787ec04b6e3..., userDataDir: /tmp/.com.google.Chrome.FU0xWS}, cssSelectorsEnabled: true, databaseEnabled: false, goog:chromeOptions: {debuggerAddress: localhost:43539}, handlesAlerts: true, hasTouchScreen: false, javascriptEnabled: true, locationContextEnabled: true, mobileEmulationEnabled: false, nativeEvents: true, networkConnectionEnabled: false, pageLoadStrategy: normal, platform: LINUX, platformName: LINUX, proxy: Proxy(direct), rotatable: false, setWindowRect: true, strictFileInteractability: false, takesHeapSnapshot: true, takesScreenshot: true, timeouts: {implicit: 0, pageLoad: 300000, script: 30000}, unexpectedAlertBehaviour: ignore, unhandledPromptBehavior: ignore, version: 73.0.3683.103, webStorageEnabled: true}
Session ID: f13adca9b43bf4b34e393f07e02ab2e3
	at org.openqa.selenium.remote.ErrorHandler.createThrowable(ErrorHandler.java:214)
	at org.openqa.selenium.remote.ErrorHandler.throwIfResponseFailed(ErrorHandler.java:166)
	at org.openqa.selenium.remote.http.JsonHttpResponseCodec.reconstructValue(JsonHttpResponseCodec.java:40)
	at org.openqa.selenium.remote.http.AbstractHttpResponseCodec.decode(AbstractHttpResponseCodec.java:80)
	at org.openqa.selenium.remote.http.AbstractHttpResponseCodec.decode(AbstractHttpResponseCodec.java:44)
	at org.openqa.selenium.remote.HttpCommandExecutor.execute(HttpCommandExecutor.java:164)
	at org.openqa.selenium.remote.service.DriverCommandExecutor.execute(DriverCommandExecutor.java:83)
	at org.openqa.selenium.remote.RemoteWebDriver.execute(RemoteWebDriver.java:600)
	at com.kms.katalon.selenium.driver.CChromeDriver.execute(CChromeDriver.java:20)
	at org.openqa.selenium.remote.RemoteWebElement.execute(RemoteWebElement.java:279)
	at org.openqa.selenium.remote.RemoteWebElement.click(RemoteWebElement.java:83)
	at com.kms.katalon.core.webui.keyword.builtin.ClickKeyword$_click_closure1.doCall(ClickKeyword.groovy:79)
	at com.kms.katalon.core.webui.keyword.builtin.ClickKeyword$_click_closure1.call(ClickKeyword.groovy)
	at com.kms.katalon.core.webui.keyword.internal.WebUIKeywordMain.runKeyword(WebUIKeywordMain.groovy:20)
	at com.kms.katalon.core.webui.keyword.builtin.ClickKeyword.click(ClickKeyword.groovy:86)
	at com.kms.katalon.core.webui.keyword.builtin.ClickKeyword.execute(ClickKeyword.groovy:67)
	at com.kms.katalon.core.keyword.internal.KeywordExecutor.executeKeywordForPlatform(KeywordExecutor.groovy:56)
	at com.kms.katalon.core.webui.keyword.WebUiBuiltInKeywords.click(WebUiBuiltInKeywords.groovy:616)
	at com.kms.katalon.core.webui.keyword.WebUiBuiltInKeywords$click$2.call(Unknown Source)
	at Script1537196542511.run(Script1537196542511.groovy:25)
	... 13 more
"/>
         <system-out><![CDATA[2019-04-21 02:59:35 - [TEST_CASE][FAILED] - Test Cases/Template testcases/TC0865: Test Cases/Template testcases/TC0865 FAILED.
Reason:
com.kms.katalon.core.exception.StepFailedException: Unable to click on object 'Object Repository/Page_KiboPush  Create Broadcast Tem/h3_Edit Broadcast Template (2)'
	at com.kms.katalon.core.webui.keyword.internal.WebUIKeywordMain.stepFailed(WebUIKeywordMain.groovy:64)
	at com.kms.katalon.core.webui.keyword.internal.WebUIKeywordMain.runKeyword(WebUIKeywordMain.groovy:26)
	at com.kms.katalon.core.webui.keyword.builtin.ClickKeyword.click(ClickKeyword.groovy:86)
	at com.kms.katalon.core.webui.keyword.builtin.ClickKeyword.execute(ClickKeyword.groovy:67)
	at com.kms.katalon.core.keyword.internal.KeywordExecutor.executeKeywordForPlatform(KeywordExecutor.groovy:56)
	at com.kms.katalon.core.webui.keyword.WebUiBuiltInKeywords.click(WebUiBuiltInKeywords.groovy:616)
	at com.kms.katalon.core.webui.keyword.WebUiBuiltInKeywords$click$2.call(Unknown Source)
	at TC0865.run(TC0865:25)
	at com.kms.katalon.core.main.ScriptEngine.run(ScriptEngine.java:194)
	at com.kms.katalon.core.main.ScriptEngine.runScriptAsRawText(ScriptEngine.java:119)
	at com.kms.katalon.core.main.TestCaseExecutor.runScript(TestCaseExecutor.java:336)
	at com.kms.katalon.core.main.TestCaseExecutor.doExecute(TestCaseExecutor.java:327)
	at com.kms.katalon.core.main.TestCaseExecutor.processExecutionPhase(TestCaseExecutor.java:306)
	at com.kms.katalon.core.main.TestCaseExecutor.accessMainPhase(TestCaseExecutor.java:298)
	at com.kms.katalon.core.main.TestCaseExecutor.execute(TestCaseExecutor.java:232)
	at com.kms.katalon.core.main.TestSuiteExecutor.accessTestCaseMainPhase(TestSuiteExecutor.java:129)
	at com.kms.katalon.core.main.TestSuiteExecutor.accessTestSuiteMainPhase(TestSuiteExecutor.java:112)
	at com.kms.katalon.core.main.TestSuiteExecutor.execute(TestSuiteExecutor.java:81)
	at com.kms.katalon.core.main.TestCaseMain.startTestSuite(TestCaseMain.java:157)
	at com.kms.katalon.core.main.TestCaseMain$startTestSuite$0.call(Unknown Source)
	at TempTestSuite1555795243480.run(TempTestSuite1555795243480.groovy:35)
Caused by: org.openqa.selenium.WebDriverException: unknown error: Element <h3 class="m-portlet__head-text">...</h3> is not clickable at point (415, 238). Other element would receive the click: <div style="opacity: 1; overflow-y: auto; position: absolute; top: 0px; left: 0px; height: 100%; width: 100%; transition: opacity 0.3s ease 0s; cursor: pointer;">...</div>
  (Session info: chrome=73.0.3683.103)
  (Driver info: chromedriver=73.0.3683.68 (47787ec04b6e38e22703e856e101e840b65afe72),platform=Linux 4.15.0-47-generic x86_64) (WARNING: The server did not provide any stacktrace information)
Command duration or timeout: 0 milliseconds
Build info: version: '3.7.1', revision: '8a0099a', time: '2017-11-06T21:07:36.161Z'
System info: host: 'faizan-HP-EliteBook-850-G2', ip: '127.0.1.1', os.name: 'Linux', os.arch: 'amd64', os.version: '4.15.0-47-generic', java.version: '1.8.0_191'
Driver info: com.kms.katalon.selenium.driver.CChromeDriver
Capabilities {acceptInsecureCerts: false, acceptSslCerts: false, applicationCacheEnabled: false, browserConnectionEnabled: false, browserName: chrome, chrome: {chromedriverVersion: 73.0.3683.68 (47787ec04b6e3..., userDataDir: /tmp/.com.google.Chrome.FU0xWS}, cssSelectorsEnabled: true, databaseEnabled: false, goog:chromeOptions: {debuggerAddress: localhost:43539}, handlesAlerts: true, hasTouchScreen: false, javascriptEnabled: true, locationContextEnabled: true, mobileEmulationEnabled: false, nativeEvents: true, networkConnectionEnabled: false, pageLoadStrategy: normal, platform: LINUX, platformName: LINUX, proxy: Proxy(direct), rotatable: false, setWindowRect: true, strictFileInteractability: false, takesHeapSnapshot: true, takesScreenshot: true, timeouts: {implicit: 0, pageLoad: 300000, script: 30000}, unexpectedAlertBehaviour: ignore, unhandledPromptBehavior: ignore, version: 73.0.3683.103, webStorageEnabled: true}
Session ID: f13adca9b43bf4b34e393f07e02ab2e3
	at org.openqa.selenium.remote.ErrorHandler.createThrowable(ErrorHandler.java:214)
	at org.openqa.selenium.remote.ErrorHandler.throwIfResponseFailed(ErrorHandler.java:166)
	at org.openqa.selenium.remote.http.JsonHttpResponseCodec.reconstructValue(JsonHttpResponseCodec.java:40)
	at org.openqa.selenium.remote.http.AbstractHttpResponseCodec.decode(AbstractHttpResponseCodec.java:80)
	at org.openqa.selenium.remote.http.AbstractHttpResponseCodec.decode(AbstractHttpResponseCodec.java:44)
	at org.openqa.selenium.remote.HttpCommandExecutor.execute(HttpCommandExecutor.java:164)
	at org.openqa.selenium.remote.service.DriverCommandExecutor.execute(DriverCommandExecutor.java:83)
	at org.openqa.selenium.remote.RemoteWebDriver.execute(RemoteWebDriver.java:600)
	at com.kms.katalon.selenium.driver.CChromeDriver.execute(CChromeDriver.java:20)
	at org.openqa.selenium.remote.RemoteWebElement.execute(RemoteWebElement.java:279)
	at org.openqa.selenium.remote.RemoteWebElement.click(RemoteWebElement.java:83)
	at com.kms.katalon.core.webui.keyword.builtin.ClickKeyword$_click_closure1.doCall(ClickKeyword.groovy:79)
	at com.kms.katalon.core.webui.keyword.builtin.ClickKeyword$_click_closure1.call(ClickKeyword.groovy)
	at com.kms.katalon.core.webui.keyword.internal.WebUIKeywordMain.runKeyword(WebUIKeywordMain.groovy:20)
	at com.kms.katalon.core.webui.keyword.builtin.ClickKeyword.click(ClickKeyword.groovy:86)
	at com.kms.katalon.core.webui.keyword.builtin.ClickKeyword.execute(ClickKeyword.groovy:67)
	at com.kms.katalon.core.keyword.internal.KeywordExecutor.executeKeywordForPlatform(KeywordExecutor.groovy:56)
	at com.kms.katalon.core.webui.keyword.WebUiBuiltInKeywords.click(WebUiBuiltInKeywords.groovy:616)
	at com.kms.katalon.core.webui.keyword.WebUiBuiltInKeywords$click$2.call(Unknown Source)
	at Script1537196542511.run(Script1537196542511.groovy:25)
	... 13 more


2019-04-21 02:59:35 - [TEST_STEP][PASSED] - callTestCase(findTestCase("Template testcases/TC0861"), [:], STOP_ON_FAILURE): Call Test Case 'Test Cases/Template testcases/TC0861' successfully

2019-04-21 02:59:35 - [TEST_CASE][PASSED] - Test Cases/Template testcases/TC0861: Test Cases/Template testcases/TC0861

2019-04-21 02:59:35 - [TEST_STEP][PASSED] - callTestCase(findTestCase("s-sidebar_navigation/individualAccount/Template"), [:], STOP_ON_FAILURE): Call Test Case 'Test Cases/s-sidebar_navigation/individualAccount/Template' successfully

2019-04-21 02:59:36 - [TEST_CASE][PASSED] - Test Cases/s-sidebar_navigation/individualAccount/Template: Test Cases/s-sidebar_navigation/individualAccount/Template

2019-04-21 02:59:36 - [TEST_STEP][PASSED] - click(findTestObject("Page_KiboPush  Dashboard/span_Broadcasts")): Object: 'Object Repository/Page_KiboPush  Dashboard/span_Broadcasts' is clicked on

2019-04-21 02:59:36 - [MESSAGE][PASSED] - Object: 'Object Repository/Page_KiboPush  Dashboard/span_Broadcasts' is clicked on

2019-04-21 02:59:36 - [TEST_STEP][PASSED] - delay(1): Delayed 1 second(s)

2019-04-21 02:59:37 - [MESSAGE][PASSED] - Delayed 1 second(s)

2019-04-21 02:59:37 - [TEST_STEP][PASSED] - click(findTestObject("Page_KiboPush  Dashboard/span_Templates")): Object: 'Object Repository/Page_KiboPush  Dashboard/span_Templates' is clicked on

2019-04-21 02:59:37 - [MESSAGE][PASSED] - Object: 'Object Repository/Page_KiboPush  Dashboard/span_Templates' is clicked on

2019-04-21 02:59:37 - [TEST_STEP][PASSED] - delay(3): Delayed 3 second(s)

2019-04-21 02:59:40 - [MESSAGE][PASSED] - Delayed 3 second(s)

2019-04-21 02:59:40 - [TEST_STEP][PASSED] - scrollToPosition(0, 0): Browser is scrolled to position x = 0, y = 0

2019-04-21 02:59:40 - [MESSAGE][PASSED] - Browser is scrolled to position x = 0, y = 0

2019-04-21 02:59:40 - [TEST_STEP][PASSED] - click(findTestObject("Object Repository/Page_KiboEngage  Templates/h3_Templates")): Object: 'Object Repository/Page_KiboEngage  Templates/h3_Templates' is clicked on

2019-04-21 02:59:40 - [MESSAGE][PASSED] - Object: 'Object Repository/Page_KiboEngage  Templates/h3_Templates' is clicked on

2019-04-21 02:59:40 - [TEST_STEP][PASSED] - delay(3): Delayed 3 second(s)

2019-04-21 02:59:43 - [MESSAGE][PASSED] - Delayed 3 second(s)

2019-04-21 02:59:43 - [MESSAGE][PASSED] - Call Test Case 'Test Cases/s-sidebar_navigation/individualAccount/Template' successfully

2019-04-21 02:59:43 - [TEST_STEP][PASSED] - click(findTestObject("Page_KiboPush  Dashboard/a_Edit")): Object: 'Object Repository/Page_KiboPush  Dashboard/a_Edit' is clicked on

2019-04-21 02:59:44 - [MESSAGE][PASSED] - Object: 'Object Repository/Page_KiboPush  Dashboard/a_Edit' is clicked on

2019-04-21 02:59:44 - [TEST_STEP][PASSED] - click(findTestObject("Object Repository/Page_KiboPush  Create Broadcast Tem/h3_Edit Broadcast Template")): Object: 'Object Repository/Page_KiboPush  Create Broadcast Tem/h3_Edit Broadcast Template' is clicked on

2019-04-21 02:59:44 - [MESSAGE][PASSED] - Object: 'Object Repository/Page_KiboPush  Create Broadcast Tem/h3_Edit Broadcast Template' is clicked on

2019-04-21 02:59:44 - [MESSAGE][PASSED] - Call Test Case 'Test Cases/Template testcases/TC0861' successfully

2019-04-21 02:59:44 - [TEST_STEP][FAILED] - click(findTestObject("Page_KiboPush  Create Broadcast Tem/h3_Edit Broadcast Template (2)")): Unable to click on object 'Object Repository/Page_KiboPush  Create Broadcast Tem/h3_Edit Broadcast Template (2)' (Root cause: com.kms.katalon.core.exception.StepFailedException: Unable to click on object 'Object Repository/Page_KiboPush  Create Broadcast Tem/h3_Edit Broadcast Template (2)'
	at com.kms.katalon.core.webui.keyword.internal.WebUIKeywordMain.stepFailed(WebUIKeywordMain.groovy:64)
	at com.kms.katalon.core.webui.keyword.internal.WebUIKeywordMain.runKeyword(WebUIKeywordMain.groovy:26)
	at com.kms.katalon.core.webui.keyword.builtin.ClickKeyword.click(ClickKeyword.groovy:86)
	at com.kms.katalon.core.webui.keyword.builtin.ClickKeyword.execute(ClickKeyword.groovy:67)
	at com.kms.katalon.core.keyword.internal.KeywordExecutor.executeKeywordForPlatform(KeywordExecutor.groovy:56)
	at com.kms.katalon.core.webui.keyword.WebUiBuiltInKeywords.click(WebUiBuiltInKeywords.groovy:616)
	at com.kms.katalon.core.webui.keyword.WebUiBuiltInKeywords$click$2.call(Unknown Source)
	at TC0865.run(TC0865:25)
	at com.kms.katalon.core.main.ScriptEngine.run(ScriptEngine.java:194)
	at com.kms.katalon.core.main.ScriptEngine.runScriptAsRawText(ScriptEngine.java:119)
	at com.kms.katalon.core.main.TestCaseExecutor.runScript(TestCaseExecutor.java:336)
	at com.kms.katalon.core.main.TestCaseExecutor.doExecute(TestCaseExecutor.java:327)
	at com.kms.katalon.core.main.TestCaseExecutor.processExecutionPhase(TestCaseExecutor.java:306)
	at com.kms.katalon.core.main.TestCaseExecutor.accessMainPhase(TestCaseExecutor.java:298)
	at com.kms.katalon.core.main.TestCaseExecutor.execute(TestCaseExecutor.java:232)
	at com.kms.katalon.core.main.TestSuiteExecutor.accessTestCaseMainPhase(TestSuiteExecutor.java:129)
	at com.kms.katalon.core.main.TestSuiteExecutor.accessTestSuiteMainPhase(TestSuiteExecutor.java:112)
	at com.kms.katalon.core.main.TestSuiteExecutor.execute(TestSuiteExecutor.java:81)
	at com.kms.katalon.core.main.TestCaseMain.startTestSuite(TestCaseMain.java:157)
	at com.kms.katalon.core.main.TestCaseMain$startTestSuite$0.call(Unknown Source)
	at TempTestSuite1555795243480.run(TempTestSuite1555795243480.groovy:35)
Caused by: org.openqa.selenium.WebDriverException: unknown error: Element <h3 class="m-portlet__head-text">...</h3> is not clickable at point (415, 238). Other element would receive the click: <div style="opacity: 1; overflow-y: auto; position: absolute; top: 0px; left: 0px; height: 100%; width: 100%; transition: opacity 0.3s ease 0s; cursor: pointer;">...</div>
  (Session info: chrome=73.0.3683.103)
  (Driver info: chromedriver=73.0.3683.68 (47787ec04b6e38e22703e856e101e840b65afe72),platform=Linux 4.15.0-47-generic x86_64) (WARNING: The server did not provide any stacktrace information)
Command duration or timeout: 0 milliseconds
Build info: version: '3.7.1', revision: '8a0099a', time: '2017-11-06T21:07:36.161Z'
System info: host: 'faizan-HP-EliteBook-850-G2', ip: '127.0.1.1', os.name: 'Linux', os.arch: 'amd64', os.version: '4.15.0-47-generic', java.version: '1.8.0_191'
Driver info: com.kms.katalon.selenium.driver.CChromeDriver
Capabilities {acceptInsecureCerts: false, acceptSslCerts: false, applicationCacheEnabled: false, browserConnectionEnabled: false, browserName: chrome, chrome: {chromedriverVersion: 73.0.3683.68 (47787ec04b6e3..., userDataDir: /tmp/.com.google.Chrome.FU0xWS}, cssSelectorsEnabled: true, databaseEnabled: false, goog:chromeOptions: {debuggerAddress: localhost:43539}, handlesAlerts: true, hasTouchScreen: false, javascriptEnabled: true, locationContextEnabled: true, mobileEmulationEnabled: false, nativeEvents: true, networkConnectionEnabled: false, pageLoadStrategy: normal, platform: LINUX, platformName: LINUX, proxy: Proxy(direct), rotatable: false, setWindowRect: true, strictFileInteractability: false, takesHeapSnapshot: true, takesScreenshot: true, timeouts: {implicit: 0, pageLoad: 300000, script: 30000}, unexpectedAlertBehaviour: ignore, unhandledPromptBehavior: ignore, version: 73.0.3683.103, webStorageEnabled: true}
Session ID: f13adca9b43bf4b34e393f07e02ab2e3
	at org.openqa.selenium.remote.ErrorHandler.createThrowable(ErrorHandler.java:214)
	at org.openqa.selenium.remote.ErrorHandler.throwIfResponseFailed(ErrorHandler.java:166)
	at org.openqa.selenium.remote.http.JsonHttpResponseCodec.reconstructValue(JsonHttpResponseCodec.java:40)
	at org.openqa.selenium.remote.http.AbstractHttpResponseCodec.decode(AbstractHttpResponseCodec.java:80)
	at org.openqa.selenium.remote.http.AbstractHttpResponseCodec.decode(AbstractHttpResponseCodec.java:44)
	at org.openqa.selenium.remote.HttpCommandExecutor.execute(HttpCommandExecutor.java:164)
	at org.openqa.selenium.remote.service.DriverCommandExecutor.execute(DriverCommandExecutor.java:83)
	at org.openqa.selenium.remote.RemoteWebDriver.execute(RemoteWebDriver.java:600)
	at com.kms.katalon.selenium.driver.CChromeDriver.execute(CChromeDriver.java:20)
	at org.openqa.selenium.remote.RemoteWebElement.execute(RemoteWebElement.java:279)
	at org.openqa.selenium.remote.RemoteWebElement.click(RemoteWebElement.java:83)
	at com.kms.katalon.core.webui.keyword.builtin.ClickKeyword$_click_closure1.doCall(ClickKeyword.groovy:79)
	at com.kms.katalon.core.webui.keyword.builtin.ClickKeyword$_click_closure1.call(ClickKeyword.groovy)
	at com.kms.katalon.core.webui.keyword.internal.WebUIKeywordMain.runKeyword(WebUIKeywordMain.groovy:20)
	at com.kms.katalon.core.webui.keyword.builtin.ClickKeyword.click(ClickKeyword.groovy:86)
	at com.kms.katalon.core.webui.keyword.builtin.ClickKeyword.execute(ClickKeyword.groovy:67)
	at com.kms.katalon.core.keyword.internal.KeywordExecutor.executeKeywordForPlatform(KeywordExecutor.groovy:56)
	at com.kms.katalon.core.webui.keyword.WebUiBuiltInKeywords.click(WebUiBuiltInKeywords.groovy:616)
	at com.kms.katalon.core.webui.keyword.WebUiBuiltInKeywords$click$2.call(Unknown Source)
	at Script1537196542511.run(Script1537196542511.groovy:25)
	... 13 more
)

2019-04-21 02:59:44 - [MESSAGE][FAILED] - Unable to click on object 'Object Repository/Page_KiboPush  Create Broadcast Tem/h3_Edit Broadcast Template (2)' (Root cause: com.kms.katalon.core.exception.StepFailedException: Unable to click on object 'Object Repository/Page_KiboPush  Create Broadcast Tem/h3_Edit Broadcast Template (2)'
	at com.kms.katalon.core.webui.keyword.internal.WebUIKeywordMain.stepFailed(WebUIKeywordMain.groovy:64)
	at com.kms.katalon.core.webui.keyword.internal.WebUIKeywordMain.runKeyword(WebUIKeywordMain.groovy:26)
	at com.kms.katalon.core.webui.keyword.builtin.ClickKeyword.click(ClickKeyword.groovy:86)
	at com.kms.katalon.core.webui.keyword.builtin.ClickKeyword.execute(ClickKeyword.groovy:67)
	at com.kms.katalon.core.keyword.internal.KeywordExecutor.executeKeywordForPlatform(KeywordExecutor.groovy:56)
	at com.kms.katalon.core.webui.keyword.WebUiBuiltInKeywords.click(WebUiBuiltInKeywords.groovy:616)
	at com.kms.katalon.core.webui.keyword.WebUiBuiltInKeywords$click$2.call(Unknown Source)
	at TC0865.run(TC0865:25)
	at com.kms.katalon.core.main.ScriptEngine.run(ScriptEngine.java:194)
	at com.kms.katalon.core.main.ScriptEngine.runScriptAsRawText(ScriptEngine.java:119)
	at com.kms.katalon.core.main.TestCaseExecutor.runScript(TestCaseExecutor.java:336)
	at com.kms.katalon.core.main.TestCaseExecutor.doExecute(TestCaseExecutor.java:327)
	at com.kms.katalon.core.main.TestCaseExecutor.processExecutionPhase(TestCaseExecutor.java:306)
	at com.kms.katalon.core.main.TestCaseExecutor.accessMainPhase(TestCaseExecutor.java:298)
	at com.kms.katalon.core.main.TestCaseExecutor.execute(TestCaseExecutor.java:232)
	at com.kms.katalon.core.main.TestSuiteExecutor.accessTestCaseMainPhase(TestSuiteExecutor.java:129)
	at com.kms.katalon.core.main.TestSuiteExecutor.accessTestSuiteMainPhase(TestSuiteExecutor.java:112)
	at com.kms.katalon.core.main.TestSuiteExecutor.execute(TestSuiteExecutor.java:81)
	at com.kms.katalon.core.main.TestCaseMain.startTestSuite(TestCaseMain.java:157)
	at com.kms.katalon.core.main.TestCaseMain$startTestSuite$0.call(Unknown Source)
	at TempTestSuite1555795243480.run(TempTestSuite1555795243480.groovy:35)
Caused by: org.openqa.selenium.WebDriverException: unknown error: Element <h3 class="m-portlet__head-text">...</h3> is not clickable at point (415, 238). Other element would receive the click: <div style="opacity: 1; overflow-y: auto; position: absolute; top: 0px; left: 0px; height: 100%; width: 100%; transition: opacity 0.3s ease 0s; cursor: pointer;">...</div>
  (Session info: chrome=73.0.3683.103)
  (Driver info: chromedriver=73.0.3683.68 (47787ec04b6e38e22703e856e101e840b65afe72),platform=Linux 4.15.0-47-generic x86_64) (WARNING: The server did not provide any stacktrace information)
Command duration or timeout: 0 milliseconds
Build info: version: '3.7.1', revision: '8a0099a', time: '2017-11-06T21:07:36.161Z'
System info: host: 'faizan-HP-EliteBook-850-G2', ip: '127.0.1.1', os.name: 'Linux', os.arch: 'amd64', os.version: '4.15.0-47-generic', java.version: '1.8.0_191'
Driver info: com.kms.katalon.selenium.driver.CChromeDriver
Capabilities {acceptInsecureCerts: false, acceptSslCerts: false, applicationCacheEnabled: false, browserConnectionEnabled: false, browserName: chrome, chrome: {chromedriverVersion: 73.0.3683.68 (47787ec04b6e3..., userDataDir: /tmp/.com.google.Chrome.FU0xWS}, cssSelectorsEnabled: true, databaseEnabled: false, goog:chromeOptions: {debuggerAddress: localhost:43539}, handlesAlerts: true, hasTouchScreen: false, javascriptEnabled: true, locationContextEnabled: true, mobileEmulationEnabled: false, nativeEvents: true, networkConnectionEnabled: false, pageLoadStrategy: normal, platform: LINUX, platformName: LINUX, proxy: Proxy(direct), rotatable: false, setWindowRect: true, strictFileInteractability: false, takesHeapSnapshot: true, takesScreenshot: true, timeouts: {implicit: 0, pageLoad: 300000, script: 30000}, unexpectedAlertBehaviour: ignore, unhandledPromptBehavior: ignore, version: 73.0.3683.103, webStorageEnabled: true}
Session ID: f13adca9b43bf4b34e393f07e02ab2e3
	at org.openqa.selenium.remote.ErrorHandler.createThrowable(ErrorHandler.java:214)
	at org.openqa.selenium.remote.ErrorHandler.throwIfResponseFailed(ErrorHandler.java:166)
	at org.openqa.selenium.remote.http.JsonHttpResponseCodec.reconstructValue(JsonHttpResponseCodec.java:40)
	at org.openqa.selenium.remote.http.AbstractHttpResponseCodec.decode(AbstractHttpResponseCodec.java:80)
	at org.openqa.selenium.remote.http.AbstractHttpResponseCodec.decode(AbstractHttpResponseCodec.java:44)
	at org.openqa.selenium.remote.HttpCommandExecutor.execute(HttpCommandExecutor.java:164)
	at org.openqa.selenium.remote.service.DriverCommandExecutor.execute(DriverCommandExecutor.java:83)
	at org.openqa.selenium.remote.RemoteWebDriver.execute(RemoteWebDriver.java:600)
	at com.kms.katalon.selenium.driver.CChromeDriver.execute(CChromeDriver.java:20)
	at org.openqa.selenium.remote.RemoteWebElement.execute(RemoteWebElement.java:279)
	at org.openqa.selenium.remote.RemoteWebElement.click(RemoteWebElement.java:83)
	at com.kms.katalon.core.webui.keyword.builtin.ClickKeyword$_click_closure1.doCall(ClickKeyword.groovy:79)
	at com.kms.katalon.core.webui.keyword.builtin.ClickKeyword$_click_closure1.call(ClickKeyword.groovy)
	at com.kms.katalon.core.webui.keyword.internal.WebUIKeywordMain.runKeyword(WebUIKeywordMain.groovy:20)
	at com.kms.katalon.core.webui.keyword.builtin.ClickKeyword.click(ClickKeyword.groovy:86)
	at com.kms.katalon.core.webui.keyword.builtin.ClickKeyword.execute(ClickKeyword.groovy:67)
	at com.kms.katalon.core.keyword.internal.KeywordExecutor.executeKeywordForPlatform(KeywordExecutor.groovy:56)
	at com.kms.katalon.core.webui.keyword.WebUiBuiltInKeywords.click(WebUiBuiltInKeywords.groovy:616)
	at com.kms.katalon.core.webui.keyword.WebUiBuiltInKeywords$click$2.call(Unknown Source)
	at Script1537196542511.run(Script1537196542511.groovy:25)
	... 13 more
)
[[ATTACHMENT|/home/faizan/Drive/KiboPush_Automated_Testing/KiboPush Katalon/Reports/Faizan Suits/Template/20190421_022043/1555797584339.png]]]]></system-out>
         <system-err><![CDATA[2019-04-21 02:59:35 - [TEST_CASE][FAILED] - Test Cases/Template testcases/TC0865: Test Cases/Template testcases/TC0865 FAILED.
Reason:
com.kms.katalon.core.exception.StepFailedException: Unable to click on object 'Object Repository/Page_KiboPush  Create Broadcast Tem/h3_Edit Broadcast Template (2)'
	at com.kms.katalon.core.webui.keyword.internal.WebUIKeywordMain.stepFailed(WebUIKeywordMain.groovy:64)
	at com.kms.katalon.core.webui.keyword.internal.WebUIKeywordMain.runKeyword(WebUIKeywordMain.groovy:26)
	at com.kms.katalon.core.webui.keyword.builtin.ClickKeyword.click(ClickKeyword.groovy:86)
	at com.kms.katalon.core.webui.keyword.builtin.ClickKeyword.execute(ClickKeyword.groovy:67)
	at com.kms.katalon.core.keyword.internal.KeywordExecutor.executeKeywordForPlatform(KeywordExecutor.groovy:56)
	at com.kms.katalon.core.webui.keyword.WebUiBuiltInKeywords.click(WebUiBuiltInKeywords.groovy:616)
	at com.kms.katalon.core.webui.keyword.WebUiBuiltInKeywords$click$2.call(Unknown Source)
	at TC0865.run(TC0865:25)
	at com.kms.katalon.core.main.ScriptEngine.run(ScriptEngine.java:194)
	at com.kms.katalon.core.main.ScriptEngine.runScriptAsRawText(ScriptEngine.java:119)
	at com.kms.katalon.core.main.TestCaseExecutor.runScript(TestCaseExecutor.java:336)
	at com.kms.katalon.core.main.TestCaseExecutor.doExecute(TestCaseExecutor.java:327)
	at com.kms.katalon.core.main.TestCaseExecutor.processExecutionPhase(TestCaseExecutor.java:306)
	at com.kms.katalon.core.main.TestCaseExecutor.accessMainPhase(TestCaseExecutor.java:298)
	at com.kms.katalon.core.main.TestCaseExecutor.execute(TestCaseExecutor.java:232)
	at com.kms.katalon.core.main.TestSuiteExecutor.accessTestCaseMainPhase(TestSuiteExecutor.java:129)
	at com.kms.katalon.core.main.TestSuiteExecutor.accessTestSuiteMainPhase(TestSuiteExecutor.java:112)
	at com.kms.katalon.core.main.TestSuiteExecutor.execute(TestSuiteExecutor.java:81)
	at com.kms.katalon.core.main.TestCaseMain.startTestSuite(TestCaseMain.java:157)
	at com.kms.katalon.core.main.TestCaseMain$startTestSuite$0.call(Unknown Source)
	at TempTestSuite1555795243480.run(TempTestSuite1555795243480.groovy:35)
Caused by: org.openqa.selenium.WebDriverException: unknown error: Element <h3 class="m-portlet__head-text">...</h3> is not clickable at point (415, 238). Other element would receive the click: <div style="opacity: 1; overflow-y: auto; position: absolute; top: 0px; left: 0px; height: 100%; width: 100%; transition: opacity 0.3s ease 0s; cursor: pointer;">...</div>
  (Session info: chrome=73.0.3683.103)
  (Driver info: chromedriver=73.0.3683.68 (47787ec04b6e38e22703e856e101e840b65afe72),platform=Linux 4.15.0-47-generic x86_64) (WARNING: The server did not provide any stacktrace information)
Command duration or timeout: 0 milliseconds
Build info: version: '3.7.1', revision: '8a0099a', time: '2017-11-06T21:07:36.161Z'
System info: host: 'faizan-HP-EliteBook-850-G2', ip: '127.0.1.1', os.name: 'Linux', os.arch: 'amd64', os.version: '4.15.0-47-generic', java.version: '1.8.0_191'
Driver info: com.kms.katalon.selenium.driver.CChromeDriver
Capabilities {acceptInsecureCerts: false, acceptSslCerts: false, applicationCacheEnabled: false, browserConnectionEnabled: false, browserName: chrome, chrome: {chromedriverVersion: 73.0.3683.68 (47787ec04b6e3..., userDataDir: /tmp/.com.google.Chrome.FU0xWS}, cssSelectorsEnabled: true, databaseEnabled: false, goog:chromeOptions: {debuggerAddress: localhost:43539}, handlesAlerts: true, hasTouchScreen: false, javascriptEnabled: true, locationContextEnabled: true, mobileEmulationEnabled: false, nativeEvents: true, networkConnectionEnabled: false, pageLoadStrategy: normal, platform: LINUX, platformName: LINUX, proxy: Proxy(direct), rotatable: false, setWindowRect: true, strictFileInteractability: false, takesHeapSnapshot: true, takesScreenshot: true, timeouts: {implicit: 0, pageLoad: 300000, script: 30000}, unexpectedAlertBehaviour: ignore, unhandledPromptBehavior: ignore, version: 73.0.3683.103, webStorageEnabled: true}
Session ID: f13adca9b43bf4b34e393f07e02ab2e3
	at org.openqa.selenium.remote.ErrorHandler.createThrowable(ErrorHandler.java:214)
	at org.openqa.selenium.remote.ErrorHandler.throwIfResponseFailed(ErrorHandler.java:166)
	at org.openqa.selenium.remote.http.JsonHttpResponseCodec.reconstructValue(JsonHttpResponseCodec.java:40)
	at org.openqa.selenium.remote.http.AbstractHttpResponseCodec.decode(AbstractHttpResponseCodec.java:80)
	at org.openqa.selenium.remote.http.AbstractHttpResponseCodec.decode(AbstractHttpResponseCodec.java:44)
	at org.openqa.selenium.remote.HttpCommandExecutor.execute(HttpCommandExecutor.java:164)
	at org.openqa.selenium.remote.service.DriverCommandExecutor.execute(DriverCommandExecutor.java:83)
	at org.openqa.selenium.remote.RemoteWebDriver.execute(RemoteWebDriver.java:600)
	at com.kms.katalon.selenium.driver.CChromeDriver.execute(CChromeDriver.java:20)
	at org.openqa.selenium.remote.RemoteWebElement.execute(RemoteWebElement.java:279)
	at org.openqa.selenium.remote.RemoteWebElement.click(RemoteWebElement.java:83)
	at com.kms.katalon.core.webui.keyword.builtin.ClickKeyword$_click_closure1.doCall(ClickKeyword.groovy:79)
	at com.kms.katalon.core.webui.keyword.builtin.ClickKeyword$_click_closure1.call(ClickKeyword.groovy)
	at com.kms.katalon.core.webui.keyword.internal.WebUIKeywordMain.runKeyword(WebUIKeywordMain.groovy:20)
	at com.kms.katalon.core.webui.keyword.builtin.ClickKeyword.click(ClickKeyword.groovy:86)
	at com.kms.katalon.core.webui.keyword.builtin.ClickKeyword.execute(ClickKeyword.groovy:67)
	at com.kms.katalon.core.keyword.internal.KeywordExecutor.executeKeywordForPlatform(KeywordExecutor.groovy:56)
	at com.kms.katalon.core.webui.keyword.WebUiBuiltInKeywords.click(WebUiBuiltInKeywords.groovy:616)
	at com.kms.katalon.core.webui.keyword.WebUiBuiltInKeywords$click$2.call(Unknown Source)
	at Script1537196542511.run(Script1537196542511.groovy:25)
	... 13 more]]></system-err>
      </testcase>
      <testcase name="Test Cases/Template testcases/TC0866" classname="Test Cases/Template testcases/TC0866" status="FAILED">
         <failure type="FAILED" message="Test Cases/Template testcases/TC0866 FAILED.
Reason:
com.kms.katalon.core.exception.StepFailedException: Actual object 'hi' and expected object 'Customer Satisfaction Survey' are not equal
	at com.kms.katalon.core.keyword.builtin.VerifyEqualKeyword$_verifyEqual_closure1.doCall(VerifyEqualKeyword.groovy:58)
	at com.kms.katalon.core.keyword.builtin.VerifyEqualKeyword$_verifyEqual_closure1.call(VerifyEqualKeyword.groovy)
	at com.kms.katalon.core.keyword.internal.KeywordMain.runKeyword(KeywordMain.groovy:66)
	at com.kms.katalon.core.keyword.builtin.VerifyEqualKeyword.verifyEqual(VerifyEqualKeyword.groovy:63)
	at com.kms.katalon.core.keyword.builtin.VerifyEqualKeyword.execute(VerifyEqualKeyword.groovy:44)
	at com.kms.katalon.core.keyword.internal.KeywordExecutor.executeKeywordForPlatform(KeywordExecutor.groovy:56)
	at com.kms.katalon.core.keyword.BuiltinKeywords.verifyEqual(BuiltinKeywords.groovy:141)
	at TC0866.run(TC0866:40)
	at com.kms.katalon.core.main.ScriptEngine.run(ScriptEngine.java:194)
	at com.kms.katalon.core.main.ScriptEngine.runScriptAsRawText(ScriptEngine.java:119)
	at com.kms.katalon.core.main.TestCaseExecutor.runScript(TestCaseExecutor.java:336)
	at com.kms.katalon.core.main.TestCaseExecutor.doExecute(TestCaseExecutor.java:327)
	at com.kms.katalon.core.main.TestCaseExecutor.processExecutionPhase(TestCaseExecutor.java:306)
	at com.kms.katalon.core.main.TestCaseExecutor.accessMainPhase(TestCaseExecutor.java:298)
	at com.kms.katalon.core.main.TestCaseExecutor.execute(TestCaseExecutor.java:232)
	at com.kms.katalon.core.main.TestSuiteExecutor.accessTestCaseMainPhase(TestSuiteExecutor.java:129)
	at com.kms.katalon.core.main.TestSuiteExecutor.accessTestSuiteMainPhase(TestSuiteExecutor.java:112)
	at com.kms.katalon.core.main.TestSuiteExecutor.execute(TestSuiteExecutor.java:81)
	at com.kms.katalon.core.main.TestCaseMain.startTestSuite(TestCaseMain.java:157)
	at com.kms.katalon.core.main.TestCaseMain$startTestSuite$0.call(Unknown Source)
	at TempTestSuite1555795243480.run(TempTestSuite1555795243480.groovy:35)
"/>
         <system-out><![CDATA[2019-04-21 02:59:44 - [TEST_CASE][FAILED] - Test Cases/Template testcases/TC0866: Test Cases/Template testcases/TC0866 FAILED.
Reason:
com.kms.katalon.core.exception.StepFailedException: Actual object 'hi' and expected object 'Customer Satisfaction Survey' are not equal
	at com.kms.katalon.core.keyword.builtin.VerifyEqualKeyword$_verifyEqual_closure1.doCall(VerifyEqualKeyword.groovy:58)
	at com.kms.katalon.core.keyword.builtin.VerifyEqualKeyword$_verifyEqual_closure1.call(VerifyEqualKeyword.groovy)
	at com.kms.katalon.core.keyword.internal.KeywordMain.runKeyword(KeywordMain.groovy:66)
	at com.kms.katalon.core.keyword.builtin.VerifyEqualKeyword.verifyEqual(VerifyEqualKeyword.groovy:63)
	at com.kms.katalon.core.keyword.builtin.VerifyEqualKeyword.execute(VerifyEqualKeyword.groovy:44)
	at com.kms.katalon.core.keyword.internal.KeywordExecutor.executeKeywordForPlatform(KeywordExecutor.groovy:56)
	at com.kms.katalon.core.keyword.BuiltinKeywords.verifyEqual(BuiltinKeywords.groovy:141)
	at TC0866.run(TC0866:40)
	at com.kms.katalon.core.main.ScriptEngine.run(ScriptEngine.java:194)
	at com.kms.katalon.core.main.ScriptEngine.runScriptAsRawText(ScriptEngine.java:119)
	at com.kms.katalon.core.main.TestCaseExecutor.runScript(TestCaseExecutor.java:336)
	at com.kms.katalon.core.main.TestCaseExecutor.doExecute(TestCaseExecutor.java:327)
	at com.kms.katalon.core.main.TestCaseExecutor.processExecutionPhase(TestCaseExecutor.java:306)
	at com.kms.katalon.core.main.TestCaseExecutor.accessMainPhase(TestCaseExecutor.java:298)
	at com.kms.katalon.core.main.TestCaseExecutor.execute(TestCaseExecutor.java:232)
	at com.kms.katalon.core.main.TestSuiteExecutor.accessTestCaseMainPhase(TestSuiteExecutor.java:129)
	at com.kms.katalon.core.main.TestSuiteExecutor.accessTestSuiteMainPhase(TestSuiteExecutor.java:112)
	at com.kms.katalon.core.main.TestSuiteExecutor.execute(TestSuiteExecutor.java:81)
	at com.kms.katalon.core.main.TestCaseMain.startTestSuite(TestCaseMain.java:157)
	at com.kms.katalon.core.main.TestCaseMain$startTestSuite$0.call(Unknown Source)
	at TempTestSuite1555795243480.run(TempTestSuite1555795243480.groovy:35)


2019-04-21 02:59:44 - [TEST_STEP][PASSED] - callTestCase(findTestCase("Template testcases/TC0761"), [:], STOP_ON_FAILURE): Call Test Case 'Test Cases/Template testcases/TC0761' successfully

2019-04-21 02:59:44 - [TEST_CASE][PASSED] - Test Cases/Template testcases/TC0761: Test Cases/Template testcases/TC0761

2019-04-21 02:59:44 - [TEST_STEP][PASSED] - callTestCase(findTestCase("s-sidebar_navigation/individualAccount/Template"), [:], STOP_ON_FAILURE): Call Test Case 'Test Cases/s-sidebar_navigation/individualAccount/Template' successfully

2019-04-21 02:59:45 - [TEST_CASE][PASSED] - Test Cases/s-sidebar_navigation/individualAccount/Template: Test Cases/s-sidebar_navigation/individualAccount/Template

2019-04-21 02:59:45 - [TEST_STEP][PASSED] - click(findTestObject("Page_KiboPush  Dashboard/span_Broadcasts")): Object: 'Object Repository/Page_KiboPush  Dashboard/span_Broadcasts' is clicked on

2019-04-21 02:59:45 - [MESSAGE][PASSED] - Object: 'Object Repository/Page_KiboPush  Dashboard/span_Broadcasts' is clicked on

2019-04-21 02:59:45 - [TEST_STEP][PASSED] - delay(1): Delayed 1 second(s)

2019-04-21 02:59:46 - [MESSAGE][PASSED] - Delayed 1 second(s)

2019-04-21 02:59:46 - [TEST_STEP][PASSED] - click(findTestObject("Page_KiboPush  Dashboard/span_Templates")): Object: 'Object Repository/Page_KiboPush  Dashboard/span_Templates' is clicked on

2019-04-21 02:59:46 - [MESSAGE][PASSED] - Object: 'Object Repository/Page_KiboPush  Dashboard/span_Templates' is clicked on

2019-04-21 02:59:46 - [TEST_STEP][PASSED] - delay(3): Delayed 3 second(s)

2019-04-21 02:59:49 - [MESSAGE][PASSED] - Delayed 3 second(s)

2019-04-21 02:59:49 - [TEST_STEP][PASSED] - scrollToPosition(0, 0): Browser is scrolled to position x = 0, y = 0

2019-04-21 02:59:49 - [MESSAGE][PASSED] - Browser is scrolled to position x = 0, y = 0

2019-04-21 02:59:49 - [TEST_STEP][PASSED] - click(findTestObject("Object Repository/Page_KiboEngage  Templates/h3_Templates")): Object: 'Object Repository/Page_KiboEngage  Templates/h3_Templates' is clicked on

2019-04-21 02:59:49 - [MESSAGE][PASSED] - Object: 'Object Repository/Page_KiboEngage  Templates/h3_Templates' is clicked on

2019-04-21 02:59:49 - [TEST_STEP][PASSED] - delay(3): Delayed 3 second(s)

2019-04-21 02:59:52 - [MESSAGE][PASSED] - Delayed 3 second(s)

2019-04-21 02:59:52 - [MESSAGE][PASSED] - Call Test Case 'Test Cases/s-sidebar_navigation/individualAccount/Template' successfully

2019-04-21 02:59:52 - [TEST_STEP][PASSED] - driver = getWebDriver(): null

2019-04-21 02:59:52 - [TEST_STEP][PASSED] - rows_table = driver.findElements(By.xpath("//*[@id="content"]/div/div/div/div[2]/div[3]/div[2]/div[2]/div/div[2]/div[2]/div[2]/table/tbody/tr")): null

2019-04-21 02:59:52 - [TEST_STEP][PASSED] - println(rows_table.size()): null

2019-04-21 02:59:52 - [TEST_STEP][PASSED] - verifyGreaterThanOrEqual(rows_table.size(), 1): Actual number '2' is greater than or equal to expected number '1'

2019-04-21 02:59:52 - [MESSAGE][PASSED] - Actual number '2' is greater than or equal to expected number '1'

2019-04-21 02:59:52 - [MESSAGE][PASSED] - Call Test Case 'Test Cases/Template testcases/TC0761' successfully

2019-04-21 02:59:52 - [TEST_STEP][PASSED] - driver = getWebDriver(): null

2019-04-21 02:59:52 - [TEST_STEP][PASSED] - input = driver.findElement(By.xpath("//*[@id="content"]/div/div/div/div[2]/div[3]/div[2]/div[2]/div/div[2]/div[2]/div[1]/div[1]/input")): null

2019-04-21 02:59:52 - [TEST_STEP][PASSED] - input.sendKeys("Customer Satisfaction Survey"): null

2019-04-21 02:59:53 - [TEST_STEP][PASSED] - delay(3): Delayed 3 second(s)

2019-04-21 02:59:56 - [MESSAGE][PASSED] - Delayed 3 second(s)

2019-04-21 02:59:56 - [TEST_STEP][PASSED] - element = driver.findElement(By.xpath("//*[@id="ajax_data"]/table/tbody/tr[1]/td[1]")): null

2019-04-21 02:59:56 - [TEST_STEP][PASSED] - println(element.getText()): null

2019-04-21 02:59:56 - [TEST_STEP][FAILED] - verifyEqual(element.getText(), "Customer Satisfaction Survey"): Unable to verify equal between actual object 'hi' and expected object 'Customer Satisfaction Survey' (Root cause: com.kms.katalon.core.exception.StepFailedException: Actual object 'hi' and expected object 'Customer Satisfaction Survey' are not equal
	at com.kms.katalon.core.keyword.builtin.VerifyEqualKeyword$_verifyEqual_closure1.doCall(VerifyEqualKeyword.groovy:58)
	at com.kms.katalon.core.keyword.builtin.VerifyEqualKeyword$_verifyEqual_closure1.call(VerifyEqualKeyword.groovy)
	at com.kms.katalon.core.keyword.internal.KeywordMain.runKeyword(KeywordMain.groovy:66)
	at com.kms.katalon.core.keyword.builtin.VerifyEqualKeyword.verifyEqual(VerifyEqualKeyword.groovy:63)
	at com.kms.katalon.core.keyword.builtin.VerifyEqualKeyword.execute(VerifyEqualKeyword.groovy:44)
	at com.kms.katalon.core.keyword.internal.KeywordExecutor.executeKeywordForPlatform(KeywordExecutor.groovy:56)
	at com.kms.katalon.core.keyword.BuiltinKeywords.verifyEqual(BuiltinKeywords.groovy:141)
	at TC0866.run(TC0866:40)
	at com.kms.katalon.core.main.ScriptEngine.run(ScriptEngine.java:194)
	at com.kms.katalon.core.main.ScriptEngine.runScriptAsRawText(ScriptEngine.java:119)
	at com.kms.katalon.core.main.TestCaseExecutor.runScript(TestCaseExecutor.java:336)
	at com.kms.katalon.core.main.TestCaseExecutor.doExecute(TestCaseExecutor.java:327)
	at com.kms.katalon.core.main.TestCaseExecutor.processExecutionPhase(TestCaseExecutor.java:306)
	at com.kms.katalon.core.main.TestCaseExecutor.accessMainPhase(TestCaseExecutor.java:298)
	at com.kms.katalon.core.main.TestCaseExecutor.execute(TestCaseExecutor.java:232)
	at com.kms.katalon.core.main.TestSuiteExecutor.accessTestCaseMainPhase(TestSuiteExecutor.java:129)
	at com.kms.katalon.core.main.TestSuiteExecutor.accessTestSuiteMainPhase(TestSuiteExecutor.java:112)
	at com.kms.katalon.core.main.TestSuiteExecutor.execute(TestSuiteExecutor.java:81)
	at com.kms.katalon.core.main.TestCaseMain.startTestSuite(TestCaseMain.java:157)
	at com.kms.katalon.core.main.TestCaseMain$startTestSuite$0.call(Unknown Source)
	at TempTestSuite1555795243480.run(TempTestSuite1555795243480.groovy:35)
)

2019-04-21 02:59:56 - [MESSAGE][FAILED] - Unable to verify equal between actual object 'hi' and expected object 'Customer Satisfaction Survey' (Root cause: com.kms.katalon.core.exception.StepFailedException: Actual object 'hi' and expected object 'Customer Satisfaction Survey' are not equal
	at com.kms.katalon.core.keyword.builtin.VerifyEqualKeyword$_verifyEqual_closure1.doCall(VerifyEqualKeyword.groovy:58)
	at com.kms.katalon.core.keyword.builtin.VerifyEqualKeyword$_verifyEqual_closure1.call(VerifyEqualKeyword.groovy)
	at com.kms.katalon.core.keyword.internal.KeywordMain.runKeyword(KeywordMain.groovy:66)
	at com.kms.katalon.core.keyword.builtin.VerifyEqualKeyword.verifyEqual(VerifyEqualKeyword.groovy:63)
	at com.kms.katalon.core.keyword.builtin.VerifyEqualKeyword.execute(VerifyEqualKeyword.groovy:44)
	at com.kms.katalon.core.keyword.internal.KeywordExecutor.executeKeywordForPlatform(KeywordExecutor.groovy:56)
	at com.kms.katalon.core.keyword.BuiltinKeywords.verifyEqual(BuiltinKeywords.groovy:141)
	at TC0866.run(TC0866:40)
	at com.kms.katalon.core.main.ScriptEngine.run(ScriptEngine.java:194)
	at com.kms.katalon.core.main.ScriptEngine.runScriptAsRawText(ScriptEngine.java:119)
	at com.kms.katalon.core.main.TestCaseExecutor.runScript(TestCaseExecutor.java:336)
	at com.kms.katalon.core.main.TestCaseExecutor.doExecute(TestCaseExecutor.java:327)
	at com.kms.katalon.core.main.TestCaseExecutor.processExecutionPhase(TestCaseExecutor.java:306)
	at com.kms.katalon.core.main.TestCaseExecutor.accessMainPhase(TestCaseExecutor.java:298)
	at com.kms.katalon.core.main.TestCaseExecutor.execute(TestCaseExecutor.java:232)
	at com.kms.katalon.core.main.TestSuiteExecutor.accessTestCaseMainPhase(TestSuiteExecutor.java:129)
	at com.kms.katalon.core.main.TestSuiteExecutor.accessTestSuiteMainPhase(TestSuiteExecutor.java:112)
	at com.kms.katalon.core.main.TestSuiteExecutor.execute(TestSuiteExecutor.java:81)
	at com.kms.katalon.core.main.TestCaseMain.startTestSuite(TestCaseMain.java:157)
	at com.kms.katalon.core.main.TestCaseMain$startTestSuite$0.call(Unknown Source)
	at TempTestSuite1555795243480.run(TempTestSuite1555795243480.groovy:35)
)]]></system-out>
         <system-err><![CDATA[2019-04-21 02:59:44 - [TEST_CASE][FAILED] - Test Cases/Template testcases/TC0866: Test Cases/Template testcases/TC0866 FAILED.
Reason:
com.kms.katalon.core.exception.StepFailedException: Actual object 'hi' and expected object 'Customer Satisfaction Survey' are not equal
	at com.kms.katalon.core.keyword.builtin.VerifyEqualKeyword$_verifyEqual_closure1.doCall(VerifyEqualKeyword.groovy:58)
	at com.kms.katalon.core.keyword.builtin.VerifyEqualKeyword$_verifyEqual_closure1.call(VerifyEqualKeyword.groovy)
	at com.kms.katalon.core.keyword.internal.KeywordMain.runKeyword(KeywordMain.groovy:66)
	at com.kms.katalon.core.keyword.builtin.VerifyEqualKeyword.verifyEqual(VerifyEqualKeyword.groovy:63)
	at com.kms.katalon.core.keyword.builtin.VerifyEqualKeyword.execute(VerifyEqualKeyword.groovy:44)
	at com.kms.katalon.core.keyword.internal.KeywordExecutor.executeKeywordForPlatform(KeywordExecutor.groovy:56)
	at com.kms.katalon.core.keyword.BuiltinKeywords.verifyEqual(BuiltinKeywords.groovy:141)
	at TC0866.run(TC0866:40)
	at com.kms.katalon.core.main.ScriptEngine.run(ScriptEngine.java:194)
	at com.kms.katalon.core.main.ScriptEngine.runScriptAsRawText(ScriptEngine.java:119)
	at com.kms.katalon.core.main.TestCaseExecutor.runScript(TestCaseExecutor.java:336)
	at com.kms.katalon.core.main.TestCaseExecutor.doExecute(TestCaseExecutor.java:327)
	at com.kms.katalon.core.main.TestCaseExecutor.processExecutionPhase(TestCaseExecutor.java:306)
	at com.kms.katalon.core.main.TestCaseExecutor.accessMainPhase(TestCaseExecutor.java:298)
	at com.kms.katalon.core.main.TestCaseExecutor.execute(TestCaseExecutor.java:232)
	at com.kms.katalon.core.main.TestSuiteExecutor.accessTestCaseMainPhase(TestSuiteExecutor.java:129)
	at com.kms.katalon.core.main.TestSuiteExecutor.accessTestSuiteMainPhase(TestSuiteExecutor.java:112)
	at com.kms.katalon.core.main.TestSuiteExecutor.execute(TestSuiteExecutor.java:81)
	at com.kms.katalon.core.main.TestCaseMain.startTestSuite(TestCaseMain.java:157)
	at com.kms.katalon.core.main.TestCaseMain$startTestSuite$0.call(Unknown Source)
	at TempTestSuite1555795243480.run(TempTestSuite1555795243480.groovy:35)]]></system-err>
      </testcase>
      <testcase name="Test Cases/Template testcases/TC0867" classname="Test Cases/Template testcases/TC0867" status="FAILED">
         <failure type="FAILED" message="Test Cases/Template testcases/TC0867 FAILED.
Reason:
com.kms.katalon.core.exception.StepFailedException: Actual object 'Research' and expected object 'Research,Customer Behavior' are not equal
	at com.kms.katalon.core.keyword.builtin.VerifyEqualKeyword$_verifyEqual_closure1.doCall(VerifyEqualKeyword.groovy:58)
	at com.kms.katalon.core.keyword.builtin.VerifyEqualKeyword$_verifyEqual_closure1.call(VerifyEqualKeyword.groovy)
	at com.kms.katalon.core.keyword.internal.KeywordMain.runKeyword(KeywordMain.groovy:66)
	at com.kms.katalon.core.keyword.builtin.VerifyEqualKeyword.verifyEqual(VerifyEqualKeyword.groovy:63)
	at com.kms.katalon.core.keyword.builtin.VerifyEqualKeyword.execute(VerifyEqualKeyword.groovy:44)
	at com.kms.katalon.core.keyword.internal.KeywordExecutor.executeKeywordForPlatform(KeywordExecutor.groovy:56)
	at com.kms.katalon.core.keyword.BuiltinKeywords.verifyEqual(BuiltinKeywords.groovy:141)
	at TC0867.run(TC0867:41)
	at com.kms.katalon.core.main.ScriptEngine.run(ScriptEngine.java:194)
	at com.kms.katalon.core.main.ScriptEngine.runScriptAsRawText(ScriptEngine.java:119)
	at com.kms.katalon.core.main.TestCaseExecutor.runScript(TestCaseExecutor.java:336)
	at com.kms.katalon.core.main.TestCaseExecutor.doExecute(TestCaseExecutor.java:327)
	at com.kms.katalon.core.main.TestCaseExecutor.processExecutionPhase(TestCaseExecutor.java:306)
	at com.kms.katalon.core.main.TestCaseExecutor.accessMainPhase(TestCaseExecutor.java:298)
	at com.kms.katalon.core.main.TestCaseExecutor.execute(TestCaseExecutor.java:232)
	at com.kms.katalon.core.main.TestSuiteExecutor.accessTestCaseMainPhase(TestSuiteExecutor.java:129)
	at com.kms.katalon.core.main.TestSuiteExecutor.accessTestSuiteMainPhase(TestSuiteExecutor.java:112)
	at com.kms.katalon.core.main.TestSuiteExecutor.execute(TestSuiteExecutor.java:81)
	at com.kms.katalon.core.main.TestCaseMain.startTestSuite(TestCaseMain.java:157)
	at com.kms.katalon.core.main.TestCaseMain$startTestSuite$0.call(Unknown Source)
	at TempTestSuite1555795243480.run(TempTestSuite1555795243480.groovy:35)
"/>
         <system-out><![CDATA[2019-04-21 02:59:56 - [TEST_CASE][FAILED] - Test Cases/Template testcases/TC0867: Test Cases/Template testcases/TC0867 FAILED.
Reason:
com.kms.katalon.core.exception.StepFailedException: Actual object 'Research' and expected object 'Research,Customer Behavior' are not equal
	at com.kms.katalon.core.keyword.builtin.VerifyEqualKeyword$_verifyEqual_closure1.doCall(VerifyEqualKeyword.groovy:58)
	at com.kms.katalon.core.keyword.builtin.VerifyEqualKeyword$_verifyEqual_closure1.call(VerifyEqualKeyword.groovy)
	at com.kms.katalon.core.keyword.internal.KeywordMain.runKeyword(KeywordMain.groovy:66)
	at com.kms.katalon.core.keyword.builtin.VerifyEqualKeyword.verifyEqual(VerifyEqualKeyword.groovy:63)
	at com.kms.katalon.core.keyword.builtin.VerifyEqualKeyword.execute(VerifyEqualKeyword.groovy:44)
	at com.kms.katalon.core.keyword.internal.KeywordExecutor.executeKeywordForPlatform(KeywordExecutor.groovy:56)
	at com.kms.katalon.core.keyword.BuiltinKeywords.verifyEqual(BuiltinKeywords.groovy:141)
	at TC0867.run(TC0867:41)
	at com.kms.katalon.core.main.ScriptEngine.run(ScriptEngine.java:194)
	at com.kms.katalon.core.main.ScriptEngine.runScriptAsRawText(ScriptEngine.java:119)
	at com.kms.katalon.core.main.TestCaseExecutor.runScript(TestCaseExecutor.java:336)
	at com.kms.katalon.core.main.TestCaseExecutor.doExecute(TestCaseExecutor.java:327)
	at com.kms.katalon.core.main.TestCaseExecutor.processExecutionPhase(TestCaseExecutor.java:306)
	at com.kms.katalon.core.main.TestCaseExecutor.accessMainPhase(TestCaseExecutor.java:298)
	at com.kms.katalon.core.main.TestCaseExecutor.execute(TestCaseExecutor.java:232)
	at com.kms.katalon.core.main.TestSuiteExecutor.accessTestCaseMainPhase(TestSuiteExecutor.java:129)
	at com.kms.katalon.core.main.TestSuiteExecutor.accessTestSuiteMainPhase(TestSuiteExecutor.java:112)
	at com.kms.katalon.core.main.TestSuiteExecutor.execute(TestSuiteExecutor.java:81)
	at com.kms.katalon.core.main.TestCaseMain.startTestSuite(TestCaseMain.java:157)
	at com.kms.katalon.core.main.TestCaseMain$startTestSuite$0.call(Unknown Source)
	at TempTestSuite1555795243480.run(TempTestSuite1555795243480.groovy:35)


2019-04-21 02:59:57 - [TEST_STEP][PASSED] - callTestCase(findTestCase("Template testcases/TC0761"), [:], STOP_ON_FAILURE): Call Test Case 'Test Cases/Template testcases/TC0761' successfully

2019-04-21 02:59:57 - [TEST_CASE][PASSED] - Test Cases/Template testcases/TC0761: Test Cases/Template testcases/TC0761

2019-04-21 02:59:57 - [TEST_STEP][PASSED] - callTestCase(findTestCase("s-sidebar_navigation/individualAccount/Template"), [:], STOP_ON_FAILURE): Call Test Case 'Test Cases/s-sidebar_navigation/individualAccount/Template' successfully

2019-04-21 02:59:57 - [TEST_CASE][PASSED] - Test Cases/s-sidebar_navigation/individualAccount/Template: Test Cases/s-sidebar_navigation/individualAccount/Template

2019-04-21 02:59:57 - [TEST_STEP][PASSED] - click(findTestObject("Page_KiboPush  Dashboard/span_Broadcasts")): Object: 'Object Repository/Page_KiboPush  Dashboard/span_Broadcasts' is clicked on

2019-04-21 02:59:57 - [MESSAGE][PASSED] - Object: 'Object Repository/Page_KiboPush  Dashboard/span_Broadcasts' is clicked on

2019-04-21 02:59:57 - [TEST_STEP][PASSED] - delay(1): Delayed 1 second(s)

2019-04-21 02:59:58 - [MESSAGE][PASSED] - Delayed 1 second(s)

2019-04-21 02:59:58 - [TEST_STEP][PASSED] - click(findTestObject("Page_KiboPush  Dashboard/span_Templates")): Object: 'Object Repository/Page_KiboPush  Dashboard/span_Templates' is clicked on

2019-04-21 02:59:58 - [MESSAGE][PASSED] - Object: 'Object Repository/Page_KiboPush  Dashboard/span_Templates' is clicked on

2019-04-21 02:59:58 - [TEST_STEP][PASSED] - delay(3): Delayed 3 second(s)

2019-04-21 03:00:01 - [MESSAGE][PASSED] - Delayed 3 second(s)

2019-04-21 03:00:01 - [TEST_STEP][PASSED] - scrollToPosition(0, 0): Browser is scrolled to position x = 0, y = 0

2019-04-21 03:00:01 - [MESSAGE][PASSED] - Browser is scrolled to position x = 0, y = 0

2019-04-21 03:00:01 - [TEST_STEP][PASSED] - click(findTestObject("Object Repository/Page_KiboEngage  Templates/h3_Templates")): Object: 'Object Repository/Page_KiboEngage  Templates/h3_Templates' is clicked on

2019-04-21 03:00:02 - [MESSAGE][PASSED] - Object: 'Object Repository/Page_KiboEngage  Templates/h3_Templates' is clicked on

2019-04-21 03:00:02 - [TEST_STEP][PASSED] - delay(3): Delayed 3 second(s)

2019-04-21 03:00:05 - [MESSAGE][PASSED] - Delayed 3 second(s)

2019-04-21 03:00:05 - [MESSAGE][PASSED] - Call Test Case 'Test Cases/s-sidebar_navigation/individualAccount/Template' successfully

2019-04-21 03:00:05 - [TEST_STEP][PASSED] - driver = getWebDriver(): null

2019-04-21 03:00:05 - [TEST_STEP][PASSED] - rows_table = driver.findElements(By.xpath("//*[@id="content"]/div/div/div/div[2]/div[3]/div[2]/div[2]/div/div[2]/div[2]/div[2]/table/tbody/tr")): null

2019-04-21 03:00:05 - [TEST_STEP][PASSED] - println(rows_table.size()): null

2019-04-21 03:00:05 - [TEST_STEP][PASSED] - verifyGreaterThanOrEqual(rows_table.size(), 1): Actual number '2' is greater than or equal to expected number '1'

2019-04-21 03:00:05 - [MESSAGE][PASSED] - Actual number '2' is greater than or equal to expected number '1'

2019-04-21 03:00:05 - [MESSAGE][PASSED] - Call Test Case 'Test Cases/Template testcases/TC0761' successfully

2019-04-21 03:00:05 - [TEST_STEP][PASSED] - driver = getWebDriver(): null

2019-04-21 03:00:05 - [TEST_STEP][PASSED] - dropdown = new org.openqa.selenium.support.ui.Select(driver.findElement(org.openqa.selenium.By.xpath(//*[@id="content"]/div/div/div/div[2]/div[3]/div[2]/div[2]/div/div[2]/div[2]/div[1]/div[3]/select))): null

2019-04-21 03:00:05 - [TEST_STEP][PASSED] - dropdown.selectByVisibleText("Research"): null

2019-04-21 03:00:05 - [TEST_STEP][PASSED] - delay(2): Delayed 2 second(s)

2019-04-21 03:00:07 - [MESSAGE][PASSED] - Delayed 2 second(s)

2019-04-21 03:00:07 - [TEST_STEP][PASSED] - element = driver.findElement(By.xpath("//*[@id="ajax_data"]/table/tbody/tr[1]/td[3]")): null

2019-04-21 03:00:07 - [TEST_STEP][PASSED] - println(element.getText()): null

2019-04-21 03:00:07 - [TEST_STEP][FAILED] - verifyEqual(element.getText(), "Research,Customer Behavior"): Unable to verify equal between actual object 'Research' and expected object 'Research,Customer Behavior' (Root cause: com.kms.katalon.core.exception.StepFailedException: Actual object 'Research' and expected object 'Research,Customer Behavior' are not equal
	at com.kms.katalon.core.keyword.builtin.VerifyEqualKeyword$_verifyEqual_closure1.doCall(VerifyEqualKeyword.groovy:58)
	at com.kms.katalon.core.keyword.builtin.VerifyEqualKeyword$_verifyEqual_closure1.call(VerifyEqualKeyword.groovy)
	at com.kms.katalon.core.keyword.internal.KeywordMain.runKeyword(KeywordMain.groovy:66)
	at com.kms.katalon.core.keyword.builtin.VerifyEqualKeyword.verifyEqual(VerifyEqualKeyword.groovy:63)
	at com.kms.katalon.core.keyword.builtin.VerifyEqualKeyword.execute(VerifyEqualKeyword.groovy:44)
	at com.kms.katalon.core.keyword.internal.KeywordExecutor.executeKeywordForPlatform(KeywordExecutor.groovy:56)
	at com.kms.katalon.core.keyword.BuiltinKeywords.verifyEqual(BuiltinKeywords.groovy:141)
	at TC0867.run(TC0867:41)
	at com.kms.katalon.core.main.ScriptEngine.run(ScriptEngine.java:194)
	at com.kms.katalon.core.main.ScriptEngine.runScriptAsRawText(ScriptEngine.java:119)
	at com.kms.katalon.core.main.TestCaseExecutor.runScript(TestCaseExecutor.java:336)
	at com.kms.katalon.core.main.TestCaseExecutor.doExecute(TestCaseExecutor.java:327)
	at com.kms.katalon.core.main.TestCaseExecutor.processExecutionPhase(TestCaseExecutor.java:306)
	at com.kms.katalon.core.main.TestCaseExecutor.accessMainPhase(TestCaseExecutor.java:298)
	at com.kms.katalon.core.main.TestCaseExecutor.execute(TestCaseExecutor.java:232)
	at com.kms.katalon.core.main.TestSuiteExecutor.accessTestCaseMainPhase(TestSuiteExecutor.java:129)
	at com.kms.katalon.core.main.TestSuiteExecutor.accessTestSuiteMainPhase(TestSuiteExecutor.java:112)
	at com.kms.katalon.core.main.TestSuiteExecutor.execute(TestSuiteExecutor.java:81)
	at com.kms.katalon.core.main.TestCaseMain.startTestSuite(TestCaseMain.java:157)
	at com.kms.katalon.core.main.TestCaseMain$startTestSuite$0.call(Unknown Source)
	at TempTestSuite1555795243480.run(TempTestSuite1555795243480.groovy:35)
)

2019-04-21 03:00:07 - [MESSAGE][FAILED] - Unable to verify equal between actual object 'Research' and expected object 'Research,Customer Behavior' (Root cause: com.kms.katalon.core.exception.StepFailedException: Actual object 'Research' and expected object 'Research,Customer Behavior' are not equal
	at com.kms.katalon.core.keyword.builtin.VerifyEqualKeyword$_verifyEqual_closure1.doCall(VerifyEqualKeyword.groovy:58)
	at com.kms.katalon.core.keyword.builtin.VerifyEqualKeyword$_verifyEqual_closure1.call(VerifyEqualKeyword.groovy)
	at com.kms.katalon.core.keyword.internal.KeywordMain.runKeyword(KeywordMain.groovy:66)
	at com.kms.katalon.core.keyword.builtin.VerifyEqualKeyword.verifyEqual(VerifyEqualKeyword.groovy:63)
	at com.kms.katalon.core.keyword.builtin.VerifyEqualKeyword.execute(VerifyEqualKeyword.groovy:44)
	at com.kms.katalon.core.keyword.internal.KeywordExecutor.executeKeywordForPlatform(KeywordExecutor.groovy:56)
	at com.kms.katalon.core.keyword.BuiltinKeywords.verifyEqual(BuiltinKeywords.groovy:141)
	at TC0867.run(TC0867:41)
	at com.kms.katalon.core.main.ScriptEngine.run(ScriptEngine.java:194)
	at com.kms.katalon.core.main.ScriptEngine.runScriptAsRawText(ScriptEngine.java:119)
	at com.kms.katalon.core.main.TestCaseExecutor.runScript(TestCaseExecutor.java:336)
	at com.kms.katalon.core.main.TestCaseExecutor.doExecute(TestCaseExecutor.java:327)
	at com.kms.katalon.core.main.TestCaseExecutor.processExecutionPhase(TestCaseExecutor.java:306)
	at com.kms.katalon.core.main.TestCaseExecutor.accessMainPhase(TestCaseExecutor.java:298)
	at com.kms.katalon.core.main.TestCaseExecutor.execute(TestCaseExecutor.java:232)
	at com.kms.katalon.core.main.TestSuiteExecutor.accessTestCaseMainPhase(TestSuiteExecutor.java:129)
	at com.kms.katalon.core.main.TestSuiteExecutor.accessTestSuiteMainPhase(TestSuiteExecutor.java:112)
	at com.kms.katalon.core.main.TestSuiteExecutor.execute(TestSuiteExecutor.java:81)
	at com.kms.katalon.core.main.TestCaseMain.startTestSuite(TestCaseMain.java:157)
	at com.kms.katalon.core.main.TestCaseMain$startTestSuite$0.call(Unknown Source)
	at TempTestSuite1555795243480.run(TempTestSuite1555795243480.groovy:35)
)]]></system-out>
         <system-err><![CDATA[2019-04-21 02:59:56 - [TEST_CASE][FAILED] - Test Cases/Template testcases/TC0867: Test Cases/Template testcases/TC0867 FAILED.
Reason:
com.kms.katalon.core.exception.StepFailedException: Actual object 'Research' and expected object 'Research,Customer Behavior' are not equal
	at com.kms.katalon.core.keyword.builtin.VerifyEqualKeyword$_verifyEqual_closure1.doCall(VerifyEqualKeyword.groovy:58)
	at com.kms.katalon.core.keyword.builtin.VerifyEqualKeyword$_verifyEqual_closure1.call(VerifyEqualKeyword.groovy)
	at com.kms.katalon.core.keyword.internal.KeywordMain.runKeyword(KeywordMain.groovy:66)
	at com.kms.katalon.core.keyword.builtin.VerifyEqualKeyword.verifyEqual(VerifyEqualKeyword.groovy:63)
	at com.kms.katalon.core.keyword.builtin.VerifyEqualKeyword.execute(VerifyEqualKeyword.groovy:44)
	at com.kms.katalon.core.keyword.internal.KeywordExecutor.executeKeywordForPlatform(KeywordExecutor.groovy:56)
	at com.kms.katalon.core.keyword.BuiltinKeywords.verifyEqual(BuiltinKeywords.groovy:141)
	at TC0867.run(TC0867:41)
	at com.kms.katalon.core.main.ScriptEngine.run(ScriptEngine.java:194)
	at com.kms.katalon.core.main.ScriptEngine.runScriptAsRawText(ScriptEngine.java:119)
	at com.kms.katalon.core.main.TestCaseExecutor.runScript(TestCaseExecutor.java:336)
	at com.kms.katalon.core.main.TestCaseExecutor.doExecute(TestCaseExecutor.java:327)
	at com.kms.katalon.core.main.TestCaseExecutor.processExecutionPhase(TestCaseExecutor.java:306)
	at com.kms.katalon.core.main.TestCaseExecutor.accessMainPhase(TestCaseExecutor.java:298)
	at com.kms.katalon.core.main.TestCaseExecutor.execute(TestCaseExecutor.java:232)
	at com.kms.katalon.core.main.TestSuiteExecutor.accessTestCaseMainPhase(TestSuiteExecutor.java:129)
	at com.kms.katalon.core.main.TestSuiteExecutor.accessTestSuiteMainPhase(TestSuiteExecutor.java:112)
	at com.kms.katalon.core.main.TestSuiteExecutor.execute(TestSuiteExecutor.java:81)
	at com.kms.katalon.core.main.TestCaseMain.startTestSuite(TestCaseMain.java:157)
	at com.kms.katalon.core.main.TestCaseMain$startTestSuite$0.call(Unknown Source)
	at TempTestSuite1555795243480.run(TempTestSuite1555795243480.groovy:35)]]></system-err>
      </testcase>
      <testcase name="Test Cases/Template testcases/TC0868" classname="Test Cases/Template testcases/TC0868" status="PASSED">
         <system-out><![CDATA[2019-04-21 03:00:07 - [TEST_CASE][PASSED] - Test Cases/Template testcases/TC0868: Test Cases/Template testcases/TC0868

2019-04-21 03:00:07 - [TEST_STEP][PASSED] - callTestCase(findTestCase("Template testcases/TC0761"), [:], STOP_ON_FAILURE): Call Test Case 'Test Cases/Template testcases/TC0761' successfully

2019-04-21 03:00:07 - [TEST_CASE][PASSED] - Test Cases/Template testcases/TC0761: Test Cases/Template testcases/TC0761

2019-04-21 03:00:07 - [TEST_STEP][PASSED] - callTestCase(findTestCase("s-sidebar_navigation/individualAccount/Template"), [:], STOP_ON_FAILURE): Call Test Case 'Test Cases/s-sidebar_navigation/individualAccount/Template' successfully

2019-04-21 03:00:07 - [TEST_CASE][PASSED] - Test Cases/s-sidebar_navigation/individualAccount/Template: Test Cases/s-sidebar_navigation/individualAccount/Template

2019-04-21 03:00:07 - [TEST_STEP][PASSED] - click(findTestObject("Page_KiboPush  Dashboard/span_Broadcasts")): Object: 'Object Repository/Page_KiboPush  Dashboard/span_Broadcasts' is clicked on

2019-04-21 03:00:08 - [MESSAGE][PASSED] - Object: 'Object Repository/Page_KiboPush  Dashboard/span_Broadcasts' is clicked on

2019-04-21 03:00:08 - [TEST_STEP][PASSED] - delay(1): Delayed 1 second(s)

2019-04-21 03:00:09 - [MESSAGE][PASSED] - Delayed 1 second(s)

2019-04-21 03:00:09 - [TEST_STEP][PASSED] - click(findTestObject("Page_KiboPush  Dashboard/span_Templates")): Object: 'Object Repository/Page_KiboPush  Dashboard/span_Templates' is clicked on

2019-04-21 03:00:09 - [MESSAGE][PASSED] - Object: 'Object Repository/Page_KiboPush  Dashboard/span_Templates' is clicked on

2019-04-21 03:00:09 - [TEST_STEP][PASSED] - delay(3): Delayed 3 second(s)

2019-04-21 03:00:12 - [MESSAGE][PASSED] - Delayed 3 second(s)

2019-04-21 03:00:12 - [TEST_STEP][PASSED] - scrollToPosition(0, 0): Browser is scrolled to position x = 0, y = 0

2019-04-21 03:00:12 - [MESSAGE][PASSED] - Browser is scrolled to position x = 0, y = 0

2019-04-21 03:00:12 - [TEST_STEP][PASSED] - click(findTestObject("Object Repository/Page_KiboEngage  Templates/h3_Templates")): Object: 'Object Repository/Page_KiboEngage  Templates/h3_Templates' is clicked on

2019-04-21 03:00:12 - [MESSAGE][PASSED] - Object: 'Object Repository/Page_KiboEngage  Templates/h3_Templates' is clicked on

2019-04-21 03:00:12 - [TEST_STEP][PASSED] - delay(3): Delayed 3 second(s)

2019-04-21 03:00:15 - [MESSAGE][PASSED] - Delayed 3 second(s)

2019-04-21 03:00:15 - [MESSAGE][PASSED] - Call Test Case 'Test Cases/s-sidebar_navigation/individualAccount/Template' successfully

2019-04-21 03:00:15 - [TEST_STEP][PASSED] - driver = getWebDriver(): null

2019-04-21 03:00:15 - [TEST_STEP][PASSED] - rows_table = driver.findElements(By.xpath("//*[@id="content"]/div/div/div/div[2]/div[3]/div[2]/div[2]/div/div[2]/div[2]/div[2]/table/tbody/tr")): null

2019-04-21 03:00:15 - [TEST_STEP][PASSED] - println(rows_table.size()): null

2019-04-21 03:00:15 - [TEST_STEP][PASSED] - verifyGreaterThanOrEqual(rows_table.size(), 1): Actual number '2' is greater than or equal to expected number '1'

2019-04-21 03:00:15 - [MESSAGE][PASSED] - Actual number '2' is greater than or equal to expected number '1'

2019-04-21 03:00:15 - [MESSAGE][PASSED] - Call Test Case 'Test Cases/Template testcases/TC0761' successfully

2019-04-21 03:00:15 - [TEST_STEP][PASSED] - delay(3): Delayed 3 second(s)

2019-04-21 03:00:18 - [MESSAGE][PASSED] - Delayed 3 second(s)

2019-04-21 03:00:18 - [TEST_STEP][PASSED] - driver = getWebDriver(): null

2019-04-21 03:00:18 - [TEST_STEP][PASSED] - element = driver.findElement(By.xpath("//*[@id="ajax_data"]/ul/li[4]/a")): null

2019-04-21 03:00:18 - [TEST_STEP][PASSED] - element.click(): null

2019-04-21 03:00:18 - [TEST_STEP][PASSED] - rows = driver.findElements(By.xpath("//*[@id="ajax_data"]/table/tbody/tr")): null

2019-04-21 03:00:18 - [TEST_STEP][PASSED] - verifyGreaterThanOrEqual(rows.size(), 1): Actual number '2' is greater than or equal to expected number '1'

2019-04-21 03:00:18 - [MESSAGE][PASSED] - Actual number '2' is greater than or equal to expected number '1']]></system-out>
         <system-err><![CDATA[]]></system-err>
      </testcase>
      <testcase name="Test Cases/Template testcases/TC0869" classname="Test Cases/Template testcases/TC0869" status="FAILED">
         <failure type="FAILED" message="Test Cases/Template testcases/TC0869 FAILED.
Reason:
com.kms.katalon.core.exception.StepFailedException: Actual object '2' and expected object '1' are not equal
	at com.kms.katalon.core.keyword.builtin.VerifyEqualKeyword$_verifyEqual_closure1.doCall(VerifyEqualKeyword.groovy:58)
	at com.kms.katalon.core.keyword.builtin.VerifyEqualKeyword$_verifyEqual_closure1.call(VerifyEqualKeyword.groovy)
	at com.kms.katalon.core.keyword.internal.KeywordMain.runKeyword(KeywordMain.groovy:66)
	at com.kms.katalon.core.keyword.builtin.VerifyEqualKeyword.verifyEqual(VerifyEqualKeyword.groovy:63)
	at com.kms.katalon.core.keyword.builtin.VerifyEqualKeyword.execute(VerifyEqualKeyword.groovy:44)
	at com.kms.katalon.core.keyword.internal.KeywordExecutor.executeKeywordForPlatform(KeywordExecutor.groovy:56)
	at com.kms.katalon.core.keyword.BuiltinKeywords.verifyEqual(BuiltinKeywords.groovy:141)
	at TC0869.run(TC0869:44)
	at com.kms.katalon.core.main.ScriptEngine.run(ScriptEngine.java:194)
	at com.kms.katalon.core.main.ScriptEngine.runScriptAsRawText(ScriptEngine.java:119)
	at com.kms.katalon.core.main.TestCaseExecutor.runScript(TestCaseExecutor.java:336)
	at com.kms.katalon.core.main.TestCaseExecutor.doExecute(TestCaseExecutor.java:327)
	at com.kms.katalon.core.main.TestCaseExecutor.processExecutionPhase(TestCaseExecutor.java:306)
	at com.kms.katalon.core.main.TestCaseExecutor.accessMainPhase(TestCaseExecutor.java:298)
	at com.kms.katalon.core.main.TestCaseExecutor.execute(TestCaseExecutor.java:232)
	at com.kms.katalon.core.main.TestSuiteExecutor.accessTestCaseMainPhase(TestSuiteExecutor.java:129)
	at com.kms.katalon.core.main.TestSuiteExecutor.accessTestSuiteMainPhase(TestSuiteExecutor.java:112)
	at com.kms.katalon.core.main.TestSuiteExecutor.execute(TestSuiteExecutor.java:81)
	at com.kms.katalon.core.main.TestCaseMain.startTestSuite(TestCaseMain.java:157)
	at com.kms.katalon.core.main.TestCaseMain$startTestSuite$0.call(Unknown Source)
	at TempTestSuite1555795243480.run(TempTestSuite1555795243480.groovy:35)
"/>
         <system-out><![CDATA[2019-04-21 03:00:18 - [TEST_CASE][FAILED] - Test Cases/Template testcases/TC0869: Test Cases/Template testcases/TC0869 FAILED.
Reason:
com.kms.katalon.core.exception.StepFailedException: Actual object '2' and expected object '1' are not equal
	at com.kms.katalon.core.keyword.builtin.VerifyEqualKeyword$_verifyEqual_closure1.doCall(VerifyEqualKeyword.groovy:58)
	at com.kms.katalon.core.keyword.builtin.VerifyEqualKeyword$_verifyEqual_closure1.call(VerifyEqualKeyword.groovy)
	at com.kms.katalon.core.keyword.internal.KeywordMain.runKeyword(KeywordMain.groovy:66)
	at com.kms.katalon.core.keyword.builtin.VerifyEqualKeyword.verifyEqual(VerifyEqualKeyword.groovy:63)
	at com.kms.katalon.core.keyword.builtin.VerifyEqualKeyword.execute(VerifyEqualKeyword.groovy:44)
	at com.kms.katalon.core.keyword.internal.KeywordExecutor.executeKeywordForPlatform(KeywordExecutor.groovy:56)
	at com.kms.katalon.core.keyword.BuiltinKeywords.verifyEqual(BuiltinKeywords.groovy:141)
	at TC0869.run(TC0869:44)
	at com.kms.katalon.core.main.ScriptEngine.run(ScriptEngine.java:194)
	at com.kms.katalon.core.main.ScriptEngine.runScriptAsRawText(ScriptEngine.java:119)
	at com.kms.katalon.core.main.TestCaseExecutor.runScript(TestCaseExecutor.java:336)
	at com.kms.katalon.core.main.TestCaseExecutor.doExecute(TestCaseExecutor.java:327)
	at com.kms.katalon.core.main.TestCaseExecutor.processExecutionPhase(TestCaseExecutor.java:306)
	at com.kms.katalon.core.main.TestCaseExecutor.accessMainPhase(TestCaseExecutor.java:298)
	at com.kms.katalon.core.main.TestCaseExecutor.execute(TestCaseExecutor.java:232)
	at com.kms.katalon.core.main.TestSuiteExecutor.accessTestCaseMainPhase(TestSuiteExecutor.java:129)
	at com.kms.katalon.core.main.TestSuiteExecutor.accessTestSuiteMainPhase(TestSuiteExecutor.java:112)
	at com.kms.katalon.core.main.TestSuiteExecutor.execute(TestSuiteExecutor.java:81)
	at com.kms.katalon.core.main.TestCaseMain.startTestSuite(TestCaseMain.java:157)
	at com.kms.katalon.core.main.TestCaseMain$startTestSuite$0.call(Unknown Source)
	at TempTestSuite1555795243480.run(TempTestSuite1555795243480.groovy:35)


2019-04-21 03:00:18 - [TEST_STEP][PASSED] - callTestCase(findTestCase("Template testcases/TC0761"), [:], STOP_ON_FAILURE): Call Test Case 'Test Cases/Template testcases/TC0761' successfully

2019-04-21 03:00:18 - [TEST_CASE][PASSED] - Test Cases/Template testcases/TC0761: Test Cases/Template testcases/TC0761

2019-04-21 03:00:18 - [TEST_STEP][PASSED] - callTestCase(findTestCase("s-sidebar_navigation/individualAccount/Template"), [:], STOP_ON_FAILURE): Call Test Case 'Test Cases/s-sidebar_navigation/individualAccount/Template' successfully

2019-04-21 03:00:19 - [TEST_CASE][PASSED] - Test Cases/s-sidebar_navigation/individualAccount/Template: Test Cases/s-sidebar_navigation/individualAccount/Template

2019-04-21 03:00:19 - [TEST_STEP][PASSED] - click(findTestObject("Page_KiboPush  Dashboard/span_Broadcasts")): Object: 'Object Repository/Page_KiboPush  Dashboard/span_Broadcasts' is clicked on

2019-04-21 03:00:19 - [MESSAGE][PASSED] - Object: 'Object Repository/Page_KiboPush  Dashboard/span_Broadcasts' is clicked on

2019-04-21 03:00:19 - [TEST_STEP][PASSED] - delay(1): Delayed 1 second(s)

2019-04-21 03:00:20 - [MESSAGE][PASSED] - Delayed 1 second(s)

2019-04-21 03:00:20 - [TEST_STEP][PASSED] - click(findTestObject("Page_KiboPush  Dashboard/span_Templates")): Object: 'Object Repository/Page_KiboPush  Dashboard/span_Templates' is clicked on

2019-04-21 03:00:20 - [MESSAGE][PASSED] - Object: 'Object Repository/Page_KiboPush  Dashboard/span_Templates' is clicked on

2019-04-21 03:00:20 - [TEST_STEP][PASSED] - delay(3): Delayed 3 second(s)

2019-04-21 03:00:23 - [MESSAGE][PASSED] - Delayed 3 second(s)

2019-04-21 03:00:23 - [TEST_STEP][PASSED] - scrollToPosition(0, 0): Browser is scrolled to position x = 0, y = 0

2019-04-21 03:00:23 - [MESSAGE][PASSED] - Browser is scrolled to position x = 0, y = 0

2019-04-21 03:00:23 - [TEST_STEP][PASSED] - click(findTestObject("Object Repository/Page_KiboEngage  Templates/h3_Templates")): Object: 'Object Repository/Page_KiboEngage  Templates/h3_Templates' is clicked on

2019-04-21 03:00:23 - [MESSAGE][PASSED] - Object: 'Object Repository/Page_KiboEngage  Templates/h3_Templates' is clicked on

2019-04-21 03:00:23 - [TEST_STEP][PASSED] - delay(3): Delayed 3 second(s)

2019-04-21 03:00:26 - [MESSAGE][PASSED] - Delayed 3 second(s)

2019-04-21 03:00:26 - [MESSAGE][PASSED] - Call Test Case 'Test Cases/s-sidebar_navigation/individualAccount/Template' successfully

2019-04-21 03:00:26 - [TEST_STEP][PASSED] - driver = getWebDriver(): null

2019-04-21 03:00:26 - [TEST_STEP][PASSED] - rows_table = driver.findElements(By.xpath("//*[@id="content"]/div/div/div/div[2]/div[3]/div[2]/div[2]/div/div[2]/div[2]/div[2]/table/tbody/tr")): null

2019-04-21 03:00:26 - [TEST_STEP][PASSED] - println(rows_table.size()): null

2019-04-21 03:00:26 - [TEST_STEP][PASSED] - verifyGreaterThanOrEqual(rows_table.size(), 1): Actual number '2' is greater than or equal to expected number '1'

2019-04-21 03:00:26 - [MESSAGE][PASSED] - Actual number '2' is greater than or equal to expected number '1'

2019-04-21 03:00:26 - [MESSAGE][PASSED] - Call Test Case 'Test Cases/Template testcases/TC0761' successfully

2019-04-21 03:00:26 - [TEST_STEP][PASSED] - delay(3): Delayed 3 second(s)

2019-04-21 03:00:29 - [MESSAGE][PASSED] - Delayed 3 second(s)

2019-04-21 03:00:29 - [TEST_STEP][PASSED] - driver = getWebDriver(): null

2019-04-21 03:00:29 - [TEST_STEP][PASSED] - next = driver.findElement(By.xpath("//*[@id="ajax_data"]/ul/li[4]/a")): null

2019-04-21 03:00:29 - [TEST_STEP][PASSED] - next.click(): null

2019-04-21 03:00:29 - [TEST_STEP][PASSED] - previous = driver.findElement(By.xpath("//*[@id="ajax_data"]/ul/li[1]/a")): null

2019-04-21 03:00:29 - [TEST_STEP][PASSED] - previous.click(): null

2019-04-21 03:00:30 - [TEST_STEP][PASSED] - rows = driver.findElements(By.xpath("//*[@id="ajax_data"]/table/tbody/tr")): null

2019-04-21 03:00:30 - [TEST_STEP][FAILED] - verifyEqual(rows.size(), 1): Unable to verify equal between actual object '2' and expected object '1' (Root cause: com.kms.katalon.core.exception.StepFailedException: Actual object '2' and expected object '1' are not equal
	at com.kms.katalon.core.keyword.builtin.VerifyEqualKeyword$_verifyEqual_closure1.doCall(VerifyEqualKeyword.groovy:58)
	at com.kms.katalon.core.keyword.builtin.VerifyEqualKeyword$_verifyEqual_closure1.call(VerifyEqualKeyword.groovy)
	at com.kms.katalon.core.keyword.internal.KeywordMain.runKeyword(KeywordMain.groovy:66)
	at com.kms.katalon.core.keyword.builtin.VerifyEqualKeyword.verifyEqual(VerifyEqualKeyword.groovy:63)
	at com.kms.katalon.core.keyword.builtin.VerifyEqualKeyword.execute(VerifyEqualKeyword.groovy:44)
	at com.kms.katalon.core.keyword.internal.KeywordExecutor.executeKeywordForPlatform(KeywordExecutor.groovy:56)
	at com.kms.katalon.core.keyword.BuiltinKeywords.verifyEqual(BuiltinKeywords.groovy:141)
	at TC0869.run(TC0869:44)
	at com.kms.katalon.core.main.ScriptEngine.run(ScriptEngine.java:194)
	at com.kms.katalon.core.main.ScriptEngine.runScriptAsRawText(ScriptEngine.java:119)
	at com.kms.katalon.core.main.TestCaseExecutor.runScript(TestCaseExecutor.java:336)
	at com.kms.katalon.core.main.TestCaseExecutor.doExecute(TestCaseExecutor.java:327)
	at com.kms.katalon.core.main.TestCaseExecutor.processExecutionPhase(TestCaseExecutor.java:306)
	at com.kms.katalon.core.main.TestCaseExecutor.accessMainPhase(TestCaseExecutor.java:298)
	at com.kms.katalon.core.main.TestCaseExecutor.execute(TestCaseExecutor.java:232)
	at com.kms.katalon.core.main.TestSuiteExecutor.accessTestCaseMainPhase(TestSuiteExecutor.java:129)
	at com.kms.katalon.core.main.TestSuiteExecutor.accessTestSuiteMainPhase(TestSuiteExecutor.java:112)
	at com.kms.katalon.core.main.TestSuiteExecutor.execute(TestSuiteExecutor.java:81)
	at com.kms.katalon.core.main.TestCaseMain.startTestSuite(TestCaseMain.java:157)
	at com.kms.katalon.core.main.TestCaseMain$startTestSuite$0.call(Unknown Source)
	at TempTestSuite1555795243480.run(TempTestSuite1555795243480.groovy:35)
)

2019-04-21 03:00:30 - [MESSAGE][FAILED] - Unable to verify equal between actual object '2' and expected object '1' (Root cause: com.kms.katalon.core.exception.StepFailedException: Actual object '2' and expected object '1' are not equal
	at com.kms.katalon.core.keyword.builtin.VerifyEqualKeyword$_verifyEqual_closure1.doCall(VerifyEqualKeyword.groovy:58)
	at com.kms.katalon.core.keyword.builtin.VerifyEqualKeyword$_verifyEqual_closure1.call(VerifyEqualKeyword.groovy)
	at com.kms.katalon.core.keyword.internal.KeywordMain.runKeyword(KeywordMain.groovy:66)
	at com.kms.katalon.core.keyword.builtin.VerifyEqualKeyword.verifyEqual(VerifyEqualKeyword.groovy:63)
	at com.kms.katalon.core.keyword.builtin.VerifyEqualKeyword.execute(VerifyEqualKeyword.groovy:44)
	at com.kms.katalon.core.keyword.internal.KeywordExecutor.executeKeywordForPlatform(KeywordExecutor.groovy:56)
	at com.kms.katalon.core.keyword.BuiltinKeywords.verifyEqual(BuiltinKeywords.groovy:141)
	at TC0869.run(TC0869:44)
	at com.kms.katalon.core.main.ScriptEngine.run(ScriptEngine.java:194)
	at com.kms.katalon.core.main.ScriptEngine.runScriptAsRawText(ScriptEngine.java:119)
	at com.kms.katalon.core.main.TestCaseExecutor.runScript(TestCaseExecutor.java:336)
	at com.kms.katalon.core.main.TestCaseExecutor.doExecute(TestCaseExecutor.java:327)
	at com.kms.katalon.core.main.TestCaseExecutor.processExecutionPhase(TestCaseExecutor.java:306)
	at com.kms.katalon.core.main.TestCaseExecutor.accessMainPhase(TestCaseExecutor.java:298)
	at com.kms.katalon.core.main.TestCaseExecutor.execute(TestCaseExecutor.java:232)
	at com.kms.katalon.core.main.TestSuiteExecutor.accessTestCaseMainPhase(TestSuiteExecutor.java:129)
	at com.kms.katalon.core.main.TestSuiteExecutor.accessTestSuiteMainPhase(TestSuiteExecutor.java:112)
	at com.kms.katalon.core.main.TestSuiteExecutor.execute(TestSuiteExecutor.java:81)
	at com.kms.katalon.core.main.TestCaseMain.startTestSuite(TestCaseMain.java:157)
	at com.kms.katalon.core.main.TestCaseMain$startTestSuite$0.call(Unknown Source)
	at TempTestSuite1555795243480.run(TempTestSuite1555795243480.groovy:35)
)]]></system-out>
         <system-err><![CDATA[2019-04-21 03:00:18 - [TEST_CASE][FAILED] - Test Cases/Template testcases/TC0869: Test Cases/Template testcases/TC0869 FAILED.
Reason:
com.kms.katalon.core.exception.StepFailedException: Actual object '2' and expected object '1' are not equal
	at com.kms.katalon.core.keyword.builtin.VerifyEqualKeyword$_verifyEqual_closure1.doCall(VerifyEqualKeyword.groovy:58)
	at com.kms.katalon.core.keyword.builtin.VerifyEqualKeyword$_verifyEqual_closure1.call(VerifyEqualKeyword.groovy)
	at com.kms.katalon.core.keyword.internal.KeywordMain.runKeyword(KeywordMain.groovy:66)
	at com.kms.katalon.core.keyword.builtin.VerifyEqualKeyword.verifyEqual(VerifyEqualKeyword.groovy:63)
	at com.kms.katalon.core.keyword.builtin.VerifyEqualKeyword.execute(VerifyEqualKeyword.groovy:44)
	at com.kms.katalon.core.keyword.internal.KeywordExecutor.executeKeywordForPlatform(KeywordExecutor.groovy:56)
	at com.kms.katalon.core.keyword.BuiltinKeywords.verifyEqual(BuiltinKeywords.groovy:141)
	at TC0869.run(TC0869:44)
	at com.kms.katalon.core.main.ScriptEngine.run(ScriptEngine.java:194)
	at com.kms.katalon.core.main.ScriptEngine.runScriptAsRawText(ScriptEngine.java:119)
	at com.kms.katalon.core.main.TestCaseExecutor.runScript(TestCaseExecutor.java:336)
	at com.kms.katalon.core.main.TestCaseExecutor.doExecute(TestCaseExecutor.java:327)
	at com.kms.katalon.core.main.TestCaseExecutor.processExecutionPhase(TestCaseExecutor.java:306)
	at com.kms.katalon.core.main.TestCaseExecutor.accessMainPhase(TestCaseExecutor.java:298)
	at com.kms.katalon.core.main.TestCaseExecutor.execute(TestCaseExecutor.java:232)
	at com.kms.katalon.core.main.TestSuiteExecutor.accessTestCaseMainPhase(TestSuiteExecutor.java:129)
	at com.kms.katalon.core.main.TestSuiteExecutor.accessTestSuiteMainPhase(TestSuiteExecutor.java:112)
	at com.kms.katalon.core.main.TestSuiteExecutor.execute(TestSuiteExecutor.java:81)
	at com.kms.katalon.core.main.TestCaseMain.startTestSuite(TestCaseMain.java:157)
	at com.kms.katalon.core.main.TestCaseMain$startTestSuite$0.call(Unknown Source)
	at TempTestSuite1555795243480.run(TempTestSuite1555795243480.groovy:35)]]></system-err>
      </testcase>
      <testcase name="Test Cases/Template testcases/TC0870" classname="Test Cases/Template testcases/TC0870" status="PASSED">
         <system-out><![CDATA[2019-04-21 03:00:30 - [TEST_CASE][PASSED] - Test Cases/Template testcases/TC0870: Test Cases/Template testcases/TC0870

2019-04-21 03:00:30 - [TEST_STEP][PASSED] - callTestCase(findTestCase("Template testcases/TC0761"), [:], STOP_ON_FAILURE): Call Test Case 'Test Cases/Template testcases/TC0761' successfully

2019-04-21 03:00:30 - [TEST_CASE][PASSED] - Test Cases/Template testcases/TC0761: Test Cases/Template testcases/TC0761

2019-04-21 03:00:30 - [TEST_STEP][PASSED] - callTestCase(findTestCase("s-sidebar_navigation/individualAccount/Template"), [:], STOP_ON_FAILURE): Call Test Case 'Test Cases/s-sidebar_navigation/individualAccount/Template' successfully

2019-04-21 03:00:30 - [TEST_CASE][PASSED] - Test Cases/s-sidebar_navigation/individualAccount/Template: Test Cases/s-sidebar_navigation/individualAccount/Template

2019-04-21 03:00:30 - [TEST_STEP][PASSED] - click(findTestObject("Page_KiboPush  Dashboard/span_Broadcasts")): Object: 'Object Repository/Page_KiboPush  Dashboard/span_Broadcasts' is clicked on

2019-04-21 03:00:30 - [MESSAGE][PASSED] - Object: 'Object Repository/Page_KiboPush  Dashboard/span_Broadcasts' is clicked on

2019-04-21 03:00:30 - [TEST_STEP][PASSED] - delay(1): Delayed 1 second(s)

2019-04-21 03:00:31 - [MESSAGE][PASSED] - Delayed 1 second(s)

2019-04-21 03:00:31 - [TEST_STEP][PASSED] - click(findTestObject("Page_KiboPush  Dashboard/span_Templates")): Object: 'Object Repository/Page_KiboPush  Dashboard/span_Templates' is clicked on

2019-04-21 03:00:31 - [MESSAGE][PASSED] - Object: 'Object Repository/Page_KiboPush  Dashboard/span_Templates' is clicked on

2019-04-21 03:00:31 - [TEST_STEP][PASSED] - delay(3): Delayed 3 second(s)

2019-04-21 03:00:34 - [MESSAGE][PASSED] - Delayed 3 second(s)

2019-04-21 03:00:34 - [TEST_STEP][PASSED] - scrollToPosition(0, 0): Browser is scrolled to position x = 0, y = 0

2019-04-21 03:00:34 - [MESSAGE][PASSED] - Browser is scrolled to position x = 0, y = 0

2019-04-21 03:00:34 - [TEST_STEP][PASSED] - click(findTestObject("Object Repository/Page_KiboEngage  Templates/h3_Templates")): Object: 'Object Repository/Page_KiboEngage  Templates/h3_Templates' is clicked on

2019-04-21 03:00:34 - [MESSAGE][PASSED] - Object: 'Object Repository/Page_KiboEngage  Templates/h3_Templates' is clicked on

2019-04-21 03:00:34 - [TEST_STEP][PASSED] - delay(3): Delayed 3 second(s)

2019-04-21 03:00:37 - [MESSAGE][PASSED] - Delayed 3 second(s)

2019-04-21 03:00:37 - [MESSAGE][PASSED] - Call Test Case 'Test Cases/s-sidebar_navigation/individualAccount/Template' successfully

2019-04-21 03:00:37 - [TEST_STEP][PASSED] - driver = getWebDriver(): null

2019-04-21 03:00:37 - [TEST_STEP][PASSED] - rows_table = driver.findElements(By.xpath("//*[@id="content"]/div/div/div/div[2]/div[3]/div[2]/div[2]/div/div[2]/div[2]/div[2]/table/tbody/tr")): null

2019-04-21 03:00:37 - [TEST_STEP][PASSED] - println(rows_table.size()): null

2019-04-21 03:00:37 - [TEST_STEP][PASSED] - verifyGreaterThanOrEqual(rows_table.size(), 1): Actual number '2' is greater than or equal to expected number '1'

2019-04-21 03:00:38 - [MESSAGE][PASSED] - Actual number '2' is greater than or equal to expected number '1'

2019-04-21 03:00:38 - [MESSAGE][PASSED] - Call Test Case 'Test Cases/Template testcases/TC0761' successfully

2019-04-21 03:00:38 - [TEST_STEP][PASSED] - delay(3): Delayed 3 second(s)

2019-04-21 03:00:41 - [MESSAGE][PASSED] - Delayed 3 second(s)

2019-04-21 03:00:41 - [TEST_STEP][PASSED] - driver = getWebDriver(): null

2019-04-21 03:00:41 - [TEST_STEP][PASSED] - element = driver.findElement(By.xpath("//*[@id="ajax_data"]/ul/li[3]/a")): null

2019-04-21 03:00:41 - [TEST_STEP][PASSED] - element.click(): null

2019-04-21 03:00:41 - [TEST_STEP][PASSED] - rows = driver.findElements(By.xpath("//*[@id="ajax_data"]/table/tbody/tr")): null

2019-04-21 03:00:41 - [TEST_STEP][PASSED] - verifyGreaterThanOrEqual(rows.size(), 1): Actual number '7' is greater than or equal to expected number '1'

2019-04-21 03:00:41 - [MESSAGE][PASSED] - Actual number '7' is greater than or equal to expected number '1']]></system-out>
         <system-err><![CDATA[]]></system-err>
      </testcase>
      <testcase name="Test Cases/Template testcases/TC0871" classname="Test Cases/Template testcases/TC0871" status="PASSED">
         <system-out><![CDATA[2019-04-21 03:00:41 - [TEST_CASE][PASSED] - Test Cases/Template testcases/TC0871: Test Cases/Template testcases/TC0871

2019-04-21 03:00:41 - [TEST_STEP][PASSED] - callTestCase(findTestCase("Template testcases/TC0761"), [:], STOP_ON_FAILURE): Call Test Case 'Test Cases/Template testcases/TC0761' successfully

2019-04-21 03:00:41 - [TEST_CASE][PASSED] - Test Cases/Template testcases/TC0761: Test Cases/Template testcases/TC0761

2019-04-21 03:00:41 - [TEST_STEP][PASSED] - callTestCase(findTestCase("s-sidebar_navigation/individualAccount/Template"), [:], STOP_ON_FAILURE): Call Test Case 'Test Cases/s-sidebar_navigation/individualAccount/Template' successfully

2019-04-21 03:00:41 - [TEST_CASE][PASSED] - Test Cases/s-sidebar_navigation/individualAccount/Template: Test Cases/s-sidebar_navigation/individualAccount/Template

2019-04-21 03:00:41 - [TEST_STEP][PASSED] - click(findTestObject("Page_KiboPush  Dashboard/span_Broadcasts")): Object: 'Object Repository/Page_KiboPush  Dashboard/span_Broadcasts' is clicked on

2019-04-21 03:00:41 - [MESSAGE][PASSED] - Object: 'Object Repository/Page_KiboPush  Dashboard/span_Broadcasts' is clicked on

2019-04-21 03:00:41 - [TEST_STEP][PASSED] - delay(1): Delayed 1 second(s)

2019-04-21 03:00:42 - [MESSAGE][PASSED] - Delayed 1 second(s)

2019-04-21 03:00:42 - [TEST_STEP][PASSED] - click(findTestObject("Page_KiboPush  Dashboard/span_Templates")): Object: 'Object Repository/Page_KiboPush  Dashboard/span_Templates' is clicked on

2019-04-21 03:00:43 - [MESSAGE][PASSED] - Object: 'Object Repository/Page_KiboPush  Dashboard/span_Templates' is clicked on

2019-04-21 03:00:43 - [TEST_STEP][PASSED] - delay(3): Delayed 3 second(s)

2019-04-21 03:00:46 - [MESSAGE][PASSED] - Delayed 3 second(s)

2019-04-21 03:00:46 - [TEST_STEP][PASSED] - scrollToPosition(0, 0): Browser is scrolled to position x = 0, y = 0

2019-04-21 03:00:46 - [MESSAGE][PASSED] - Browser is scrolled to position x = 0, y = 0

2019-04-21 03:00:46 - [TEST_STEP][PASSED] - click(findTestObject("Object Repository/Page_KiboEngage  Templates/h3_Templates")): Object: 'Object Repository/Page_KiboEngage  Templates/h3_Templates' is clicked on

2019-04-21 03:00:46 - [MESSAGE][PASSED] - Object: 'Object Repository/Page_KiboEngage  Templates/h3_Templates' is clicked on

2019-04-21 03:00:46 - [TEST_STEP][PASSED] - delay(3): Delayed 3 second(s)

2019-04-21 03:00:49 - [MESSAGE][PASSED] - Delayed 3 second(s)

2019-04-21 03:00:49 - [MESSAGE][PASSED] - Call Test Case 'Test Cases/s-sidebar_navigation/individualAccount/Template' successfully

2019-04-21 03:00:49 - [TEST_STEP][PASSED] - driver = getWebDriver(): null

2019-04-21 03:00:49 - [TEST_STEP][PASSED] - rows_table = driver.findElements(By.xpath("//*[@id="content"]/div/div/div/div[2]/div[3]/div[2]/div[2]/div/div[2]/div[2]/div[2]/table/tbody/tr")): null

2019-04-21 03:00:49 - [TEST_STEP][PASSED] - println(rows_table.size()): null

2019-04-21 03:00:49 - [TEST_STEP][PASSED] - verifyGreaterThanOrEqual(rows_table.size(), 1): Actual number '2' is greater than or equal to expected number '1'

2019-04-21 03:00:49 - [MESSAGE][PASSED] - Actual number '2' is greater than or equal to expected number '1'

2019-04-21 03:00:49 - [MESSAGE][PASSED] - Call Test Case 'Test Cases/Template testcases/TC0761' successfully

2019-04-21 03:00:49 - [TEST_STEP][PASSED] - delay(3): Delayed 3 second(s)

2019-04-21 03:00:52 - [MESSAGE][PASSED] - Delayed 3 second(s)

2019-04-21 03:00:52 - [TEST_STEP][PASSED] - driver = getWebDriver(): null

2019-04-21 03:00:52 - [TEST_STEP][PASSED] - element = driver.findElement(By.xpath("//*[@id="content"]/div/div/div/div[2]/div[3]/div[2]/div[2]/div/div[1]/div[2]/a/button")): null

2019-04-21 03:00:52 - [TEST_STEP][PASSED] - element.click(): null

2019-04-21 03:00:52 - [TEST_STEP][PASSED] - scrollToPosition(0, 0): Browser is scrolled to position x = 0, y = 0

2019-04-21 03:00:52 - [MESSAGE][PASSED] - Browser is scrolled to position x = 0, y = 0

2019-04-21 03:00:52 - [TEST_STEP][PASSED] - delay(1): Delayed 1 second(s)

2019-04-21 03:00:53 - [MESSAGE][PASSED] - Delayed 1 second(s)

2019-04-21 03:00:53 - [TEST_STEP][PASSED] - click(findTestObject("Object Repository/Page_KiboPush  Create Survey/h3_Create Template Survey")): Object: 'Object Repository/Page_KiboPush  Create Survey/h3_Create Template Survey' is clicked on

2019-04-21 03:00:53 - [MESSAGE][PASSED] - Object: 'Object Repository/Page_KiboPush  Create Survey/h3_Create Template Survey' is clicked on]]></system-out>
         <system-err><![CDATA[]]></system-err>
      </testcase>
      <testcase name="Test Cases/Template testcases/TC0872" classname="Test Cases/Template testcases/TC0872" status="FAILED">
         <failure type="FAILED" message="Test Cases/Template testcases/TC0872 FAILED.
Reason:
com.kms.katalon.core.exception.StepFailedException: Unable to click on object 'Object Repository/Page_KiboPush  Create Survey/h3_Templates'
	at com.kms.katalon.core.webui.keyword.internal.WebUIKeywordMain.stepFailed(WebUIKeywordMain.groovy:64)
	at com.kms.katalon.core.webui.keyword.internal.WebUIKeywordMain.runKeyword(WebUIKeywordMain.groovy:26)
	at com.kms.katalon.core.webui.keyword.builtin.ClickKeyword.click(ClickKeyword.groovy:86)
	at com.kms.katalon.core.webui.keyword.builtin.ClickKeyword.execute(ClickKeyword.groovy:67)
	at com.kms.katalon.core.keyword.internal.KeywordExecutor.executeKeywordForPlatform(KeywordExecutor.groovy:56)
	at com.kms.katalon.core.webui.keyword.WebUiBuiltInKeywords.click(WebUiBuiltInKeywords.groovy:616)
	at com.kms.katalon.core.webui.keyword.WebUiBuiltInKeywords$click$2.call(Unknown Source)
	at TC0872.run(TC0872:54)
	at com.kms.katalon.core.main.ScriptEngine.run(ScriptEngine.java:194)
	at com.kms.katalon.core.main.ScriptEngine.runScriptAsRawText(ScriptEngine.java:119)
	at com.kms.katalon.core.main.TestCaseExecutor.runScript(TestCaseExecutor.java:336)
	at com.kms.katalon.core.main.TestCaseExecutor.doExecute(TestCaseExecutor.java:327)
	at com.kms.katalon.core.main.TestCaseExecutor.processExecutionPhase(TestCaseExecutor.java:306)
	at com.kms.katalon.core.main.TestCaseExecutor.accessMainPhase(TestCaseExecutor.java:298)
	at com.kms.katalon.core.main.TestCaseExecutor.execute(TestCaseExecutor.java:232)
	at com.kms.katalon.core.main.TestSuiteExecutor.accessTestCaseMainPhase(TestSuiteExecutor.java:129)
	at com.kms.katalon.core.main.TestSuiteExecutor.accessTestSuiteMainPhase(TestSuiteExecutor.java:112)
	at com.kms.katalon.core.main.TestSuiteExecutor.execute(TestSuiteExecutor.java:81)
	at com.kms.katalon.core.main.TestCaseMain.startTestSuite(TestCaseMain.java:157)
	at com.kms.katalon.core.main.TestCaseMain$startTestSuite$0.call(Unknown Source)
	at TempTestSuite1555795243480.run(TempTestSuite1555795243480.groovy:35)
Caused by: org.openqa.selenium.WebDriverException: unknown error: Element &lt;h3 class=&quot;m-subheader__title&quot;>...&lt;/h3> is not clickable at point (348, 48). Other element would receive the click: &lt;li class=&quot;m-menu__item m-menu__item--submenu m-menu__item--relm-portlet__nav-item m-dropdown m-dropdown--inline m-dropdown--arrow m-dropdown--align-right m-dropdown--align-push&quot; data-dropdown-toggle=&quot;click&quot; aria-expanded=&quot;true&quot;>...&lt;/li>
  (Session info: chrome=73.0.3683.103)
  (Driver info: chromedriver=73.0.3683.68 (47787ec04b6e38e22703e856e101e840b65afe72),platform=Linux 4.15.0-47-generic x86_64) (WARNING: The server did not provide any stacktrace information)
Command duration or timeout: 0 milliseconds
Build info: version: '3.7.1', revision: '8a0099a', time: '2017-11-06T21:07:36.161Z'
System info: host: 'faizan-HP-EliteBook-850-G2', ip: '127.0.1.1', os.name: 'Linux', os.arch: 'amd64', os.version: '4.15.0-47-generic', java.version: '1.8.0_191'
Driver info: com.kms.katalon.selenium.driver.CChromeDriver
Capabilities {acceptInsecureCerts: false, acceptSslCerts: false, applicationCacheEnabled: false, browserConnectionEnabled: false, browserName: chrome, chrome: {chromedriverVersion: 73.0.3683.68 (47787ec04b6e3..., userDataDir: /tmp/.com.google.Chrome.FU0xWS}, cssSelectorsEnabled: true, databaseEnabled: false, goog:chromeOptions: {debuggerAddress: localhost:43539}, handlesAlerts: true, hasTouchScreen: false, javascriptEnabled: true, locationContextEnabled: true, mobileEmulationEnabled: false, nativeEvents: true, networkConnectionEnabled: false, pageLoadStrategy: normal, platform: LINUX, platformName: LINUX, proxy: Proxy(direct), rotatable: false, setWindowRect: true, strictFileInteractability: false, takesHeapSnapshot: true, takesScreenshot: true, timeouts: {implicit: 0, pageLoad: 300000, script: 30000}, unexpectedAlertBehaviour: ignore, unhandledPromptBehavior: ignore, version: 73.0.3683.103, webStorageEnabled: true}
Session ID: f13adca9b43bf4b34e393f07e02ab2e3
	at org.openqa.selenium.remote.ErrorHandler.createThrowable(ErrorHandler.java:214)
	at org.openqa.selenium.remote.ErrorHandler.throwIfResponseFailed(ErrorHandler.java:166)
	at org.openqa.selenium.remote.http.JsonHttpResponseCodec.reconstructValue(JsonHttpResponseCodec.java:40)
	at org.openqa.selenium.remote.http.AbstractHttpResponseCodec.decode(AbstractHttpResponseCodec.java:80)
	at org.openqa.selenium.remote.http.AbstractHttpResponseCodec.decode(AbstractHttpResponseCodec.java:44)
	at org.openqa.selenium.remote.HttpCommandExecutor.execute(HttpCommandExecutor.java:164)
	at org.openqa.selenium.remote.service.DriverCommandExecutor.execute(DriverCommandExecutor.java:83)
	at org.openqa.selenium.remote.RemoteWebDriver.execute(RemoteWebDriver.java:600)
	at com.kms.katalon.selenium.driver.CChromeDriver.execute(CChromeDriver.java:20)
	at org.openqa.selenium.remote.RemoteWebElement.execute(RemoteWebElement.java:279)
	at org.openqa.selenium.remote.RemoteWebElement.click(RemoteWebElement.java:83)
	at com.kms.katalon.core.webui.keyword.builtin.ClickKeyword$_click_closure1.doCall(ClickKeyword.groovy:79)
	at com.kms.katalon.core.webui.keyword.builtin.ClickKeyword$_click_closure1.call(ClickKeyword.groovy)
	at com.kms.katalon.core.webui.keyword.internal.WebUIKeywordMain.runKeyword(WebUIKeywordMain.groovy:20)
	at com.kms.katalon.core.webui.keyword.builtin.ClickKeyword.click(ClickKeyword.groovy:86)
	at com.kms.katalon.core.webui.keyword.builtin.ClickKeyword.execute(ClickKeyword.groovy:67)
	at com.kms.katalon.core.keyword.internal.KeywordExecutor.executeKeywordForPlatform(KeywordExecutor.groovy:56)
	at com.kms.katalon.core.webui.keyword.WebUiBuiltInKeywords.click(WebUiBuiltInKeywords.groovy:616)
	at com.kms.katalon.core.webui.keyword.WebUiBuiltInKeywords$click$2.call(Unknown Source)
	at Script1537197337672.run(Script1537197337672.groovy:54)
	... 13 more
"/>
         <system-out><![CDATA[2019-04-21 03:00:53 - [TEST_CASE][FAILED] - Test Cases/Template testcases/TC0872: Test Cases/Template testcases/TC0872 FAILED.
Reason:
com.kms.katalon.core.exception.StepFailedException: Unable to click on object 'Object Repository/Page_KiboPush  Create Survey/h3_Templates'
	at com.kms.katalon.core.webui.keyword.internal.WebUIKeywordMain.stepFailed(WebUIKeywordMain.groovy:64)
	at com.kms.katalon.core.webui.keyword.internal.WebUIKeywordMain.runKeyword(WebUIKeywordMain.groovy:26)
	at com.kms.katalon.core.webui.keyword.builtin.ClickKeyword.click(ClickKeyword.groovy:86)
	at com.kms.katalon.core.webui.keyword.builtin.ClickKeyword.execute(ClickKeyword.groovy:67)
	at com.kms.katalon.core.keyword.internal.KeywordExecutor.executeKeywordForPlatform(KeywordExecutor.groovy:56)
	at com.kms.katalon.core.webui.keyword.WebUiBuiltInKeywords.click(WebUiBuiltInKeywords.groovy:616)
	at com.kms.katalon.core.webui.keyword.WebUiBuiltInKeywords$click$2.call(Unknown Source)
	at TC0872.run(TC0872:54)
	at com.kms.katalon.core.main.ScriptEngine.run(ScriptEngine.java:194)
	at com.kms.katalon.core.main.ScriptEngine.runScriptAsRawText(ScriptEngine.java:119)
	at com.kms.katalon.core.main.TestCaseExecutor.runScript(TestCaseExecutor.java:336)
	at com.kms.katalon.core.main.TestCaseExecutor.doExecute(TestCaseExecutor.java:327)
	at com.kms.katalon.core.main.TestCaseExecutor.processExecutionPhase(TestCaseExecutor.java:306)
	at com.kms.katalon.core.main.TestCaseExecutor.accessMainPhase(TestCaseExecutor.java:298)
	at com.kms.katalon.core.main.TestCaseExecutor.execute(TestCaseExecutor.java:232)
	at com.kms.katalon.core.main.TestSuiteExecutor.accessTestCaseMainPhase(TestSuiteExecutor.java:129)
	at com.kms.katalon.core.main.TestSuiteExecutor.accessTestSuiteMainPhase(TestSuiteExecutor.java:112)
	at com.kms.katalon.core.main.TestSuiteExecutor.execute(TestSuiteExecutor.java:81)
	at com.kms.katalon.core.main.TestCaseMain.startTestSuite(TestCaseMain.java:157)
	at com.kms.katalon.core.main.TestCaseMain$startTestSuite$0.call(Unknown Source)
	at TempTestSuite1555795243480.run(TempTestSuite1555795243480.groovy:35)
Caused by: org.openqa.selenium.WebDriverException: unknown error: Element <h3 class="m-subheader__title">...</h3> is not clickable at point (348, 48). Other element would receive the click: <li class="m-menu__item m-menu__item--submenu m-menu__item--relm-portlet__nav-item m-dropdown m-dropdown--inline m-dropdown--arrow m-dropdown--align-right m-dropdown--align-push" data-dropdown-toggle="click" aria-expanded="true">...</li>
  (Session info: chrome=73.0.3683.103)
  (Driver info: chromedriver=73.0.3683.68 (47787ec04b6e38e22703e856e101e840b65afe72),platform=Linux 4.15.0-47-generic x86_64) (WARNING: The server did not provide any stacktrace information)
Command duration or timeout: 0 milliseconds
Build info: version: '3.7.1', revision: '8a0099a', time: '2017-11-06T21:07:36.161Z'
System info: host: 'faizan-HP-EliteBook-850-G2', ip: '127.0.1.1', os.name: 'Linux', os.arch: 'amd64', os.version: '4.15.0-47-generic', java.version: '1.8.0_191'
Driver info: com.kms.katalon.selenium.driver.CChromeDriver
Capabilities {acceptInsecureCerts: false, acceptSslCerts: false, applicationCacheEnabled: false, browserConnectionEnabled: false, browserName: chrome, chrome: {chromedriverVersion: 73.0.3683.68 (47787ec04b6e3..., userDataDir: /tmp/.com.google.Chrome.FU0xWS}, cssSelectorsEnabled: true, databaseEnabled: false, goog:chromeOptions: {debuggerAddress: localhost:43539}, handlesAlerts: true, hasTouchScreen: false, javascriptEnabled: true, locationContextEnabled: true, mobileEmulationEnabled: false, nativeEvents: true, networkConnectionEnabled: false, pageLoadStrategy: normal, platform: LINUX, platformName: LINUX, proxy: Proxy(direct), rotatable: false, setWindowRect: true, strictFileInteractability: false, takesHeapSnapshot: true, takesScreenshot: true, timeouts: {implicit: 0, pageLoad: 300000, script: 30000}, unexpectedAlertBehaviour: ignore, unhandledPromptBehavior: ignore, version: 73.0.3683.103, webStorageEnabled: true}
Session ID: f13adca9b43bf4b34e393f07e02ab2e3
	at org.openqa.selenium.remote.ErrorHandler.createThrowable(ErrorHandler.java:214)
	at org.openqa.selenium.remote.ErrorHandler.throwIfResponseFailed(ErrorHandler.java:166)
	at org.openqa.selenium.remote.http.JsonHttpResponseCodec.reconstructValue(JsonHttpResponseCodec.java:40)
	at org.openqa.selenium.remote.http.AbstractHttpResponseCodec.decode(AbstractHttpResponseCodec.java:80)
	at org.openqa.selenium.remote.http.AbstractHttpResponseCodec.decode(AbstractHttpResponseCodec.java:44)
	at org.openqa.selenium.remote.HttpCommandExecutor.execute(HttpCommandExecutor.java:164)
	at org.openqa.selenium.remote.service.DriverCommandExecutor.execute(DriverCommandExecutor.java:83)
	at org.openqa.selenium.remote.RemoteWebDriver.execute(RemoteWebDriver.java:600)
	at com.kms.katalon.selenium.driver.CChromeDriver.execute(CChromeDriver.java:20)
	at org.openqa.selenium.remote.RemoteWebElement.execute(RemoteWebElement.java:279)
	at org.openqa.selenium.remote.RemoteWebElement.click(RemoteWebElement.java:83)
	at com.kms.katalon.core.webui.keyword.builtin.ClickKeyword$_click_closure1.doCall(ClickKeyword.groovy:79)
	at com.kms.katalon.core.webui.keyword.builtin.ClickKeyword$_click_closure1.call(ClickKeyword.groovy)
	at com.kms.katalon.core.webui.keyword.internal.WebUIKeywordMain.runKeyword(WebUIKeywordMain.groovy:20)
	at com.kms.katalon.core.webui.keyword.builtin.ClickKeyword.click(ClickKeyword.groovy:86)
	at com.kms.katalon.core.webui.keyword.builtin.ClickKeyword.execute(ClickKeyword.groovy:67)
	at com.kms.katalon.core.keyword.internal.KeywordExecutor.executeKeywordForPlatform(KeywordExecutor.groovy:56)
	at com.kms.katalon.core.webui.keyword.WebUiBuiltInKeywords.click(WebUiBuiltInKeywords.groovy:616)
	at com.kms.katalon.core.webui.keyword.WebUiBuiltInKeywords$click$2.call(Unknown Source)
	at Script1537197337672.run(Script1537197337672.groovy:54)
	... 13 more


2019-04-21 03:00:53 - [TEST_STEP][PASSED] - callTestCase(findTestCase("Template testcases/TC0871"), [:], STOP_ON_FAILURE): Call Test Case 'Test Cases/Template testcases/TC0871' successfully

2019-04-21 03:00:53 - [TEST_CASE][PASSED] - Test Cases/Template testcases/TC0871: Test Cases/Template testcases/TC0871

2019-04-21 03:00:53 - [TEST_STEP][PASSED] - callTestCase(findTestCase("Template testcases/TC0761"), [:], STOP_ON_FAILURE): Call Test Case 'Test Cases/Template testcases/TC0761' successfully

2019-04-21 03:00:54 - [TEST_CASE][PASSED] - Test Cases/Template testcases/TC0761: Test Cases/Template testcases/TC0761

2019-04-21 03:00:54 - [TEST_STEP][PASSED] - callTestCase(findTestCase("s-sidebar_navigation/individualAccount/Template"), [:], STOP_ON_FAILURE): Call Test Case 'Test Cases/s-sidebar_navigation/individualAccount/Template' successfully

2019-04-21 03:00:54 - [TEST_CASE][PASSED] - Test Cases/s-sidebar_navigation/individualAccount/Template: Test Cases/s-sidebar_navigation/individualAccount/Template

2019-04-21 03:00:54 - [TEST_STEP][PASSED] - click(findTestObject("Page_KiboPush  Dashboard/span_Broadcasts")): Object: 'Object Repository/Page_KiboPush  Dashboard/span_Broadcasts' is clicked on

2019-04-21 03:00:54 - [MESSAGE][PASSED] - Object: 'Object Repository/Page_KiboPush  Dashboard/span_Broadcasts' is clicked on

2019-04-21 03:00:54 - [TEST_STEP][PASSED] - delay(1): Delayed 1 second(s)

2019-04-21 03:00:55 - [MESSAGE][PASSED] - Delayed 1 second(s)

2019-04-21 03:00:55 - [TEST_STEP][PASSED] - click(findTestObject("Page_KiboPush  Dashboard/span_Templates")): Object: 'Object Repository/Page_KiboPush  Dashboard/span_Templates' is clicked on

2019-04-21 03:00:55 - [MESSAGE][PASSED] - Object: 'Object Repository/Page_KiboPush  Dashboard/span_Templates' is clicked on

2019-04-21 03:00:55 - [TEST_STEP][PASSED] - delay(3): Delayed 3 second(s)

2019-04-21 03:00:58 - [MESSAGE][PASSED] - Delayed 3 second(s)

2019-04-21 03:00:58 - [TEST_STEP][PASSED] - scrollToPosition(0, 0): Browser is scrolled to position x = 0, y = 0

2019-04-21 03:00:58 - [MESSAGE][PASSED] - Browser is scrolled to position x = 0, y = 0

2019-04-21 03:00:58 - [TEST_STEP][PASSED] - click(findTestObject("Object Repository/Page_KiboEngage  Templates/h3_Templates")): Object: 'Object Repository/Page_KiboEngage  Templates/h3_Templates' is clicked on

2019-04-21 03:00:58 - [MESSAGE][PASSED] - Object: 'Object Repository/Page_KiboEngage  Templates/h3_Templates' is clicked on

2019-04-21 03:00:58 - [TEST_STEP][PASSED] - delay(3): Delayed 3 second(s)

2019-04-21 03:01:01 - [MESSAGE][PASSED] - Delayed 3 second(s)

2019-04-21 03:01:01 - [MESSAGE][PASSED] - Call Test Case 'Test Cases/s-sidebar_navigation/individualAccount/Template' successfully

2019-04-21 03:01:01 - [TEST_STEP][PASSED] - driver = getWebDriver(): null

2019-04-21 03:01:01 - [TEST_STEP][PASSED] - rows_table = driver.findElements(By.xpath("//*[@id="content"]/div/div/div/div[2]/div[3]/div[2]/div[2]/div/div[2]/div[2]/div[2]/table/tbody/tr")): null

2019-04-21 03:01:01 - [TEST_STEP][PASSED] - println(rows_table.size()): null

2019-04-21 03:01:01 - [TEST_STEP][PASSED] - verifyGreaterThanOrEqual(rows_table.size(), 1): Actual number '2' is greater than or equal to expected number '1'

2019-04-21 03:01:01 - [MESSAGE][PASSED] - Actual number '2' is greater than or equal to expected number '1'

2019-04-21 03:01:01 - [MESSAGE][PASSED] - Call Test Case 'Test Cases/Template testcases/TC0761' successfully

2019-04-21 03:01:01 - [TEST_STEP][PASSED] - delay(3): Delayed 3 second(s)

2019-04-21 03:01:04 - [MESSAGE][PASSED] - Delayed 3 second(s)

2019-04-21 03:01:04 - [TEST_STEP][PASSED] - driver = getWebDriver(): null

2019-04-21 03:01:04 - [TEST_STEP][PASSED] - element = driver.findElement(By.xpath("//*[@id="content"]/div/div/div/div[2]/div[3]/div[2]/div[2]/div/div[1]/div[2]/a/button")): null

2019-04-21 03:01:04 - [TEST_STEP][PASSED] - element.click(): null

2019-04-21 03:01:04 - [TEST_STEP][PASSED] - scrollToPosition(0, 0): Browser is scrolled to position x = 0, y = 0

2019-04-21 03:01:04 - [MESSAGE][PASSED] - Browser is scrolled to position x = 0, y = 0

2019-04-21 03:01:04 - [TEST_STEP][PASSED] - delay(1): Delayed 1 second(s)

2019-04-21 03:01:05 - [MESSAGE][PASSED] - Delayed 1 second(s)

2019-04-21 03:01:05 - [TEST_STEP][PASSED] - click(findTestObject("Object Repository/Page_KiboPush  Create Survey/h3_Create Template Survey")): Object: 'Object Repository/Page_KiboPush  Create Survey/h3_Create Template Survey' is clicked on

2019-04-21 03:01:06 - [MESSAGE][PASSED] - Object: 'Object Repository/Page_KiboPush  Create Survey/h3_Create Template Survey' is clicked on

2019-04-21 03:01:06 - [MESSAGE][PASSED] - Call Test Case 'Test Cases/Template testcases/TC0871' successfully

2019-04-21 03:01:06 - [TEST_STEP][PASSED] - setText(findTestObject("Object Repository/Page_KiboPush  Create Survey/input_form-control"), "hi"): Text 'hi' is set on object 'Object Repository/Page_KiboPush  Create Survey/input_form-control'

2019-04-21 03:01:06 - [MESSAGE][PASSED] - Text 'hi' is set on object 'Object Repository/Page_KiboPush  Create Survey/input_form-control'

2019-04-21 03:01:06 - [TEST_STEP][PASSED] - setText(findTestObject("Object Repository/Page_KiboPush  Create Survey/textarea_form-control"), "bye"): Text 'bye' is set on object 'Object Repository/Page_KiboPush  Create Survey/textarea_form-control'

2019-04-21 03:01:06 - [MESSAGE][PASSED] - Text 'bye' is set on object 'Object Repository/Page_KiboPush  Create Survey/textarea_form-control'

2019-04-21 03:01:06 - [TEST_STEP][PASSED] - click(findTestObject("Object Repository/Page_KiboPush  Create Survey/button_Add Questions")): Object: 'Object Repository/Page_KiboPush  Create Survey/button_Add Questions' is clicked on

2019-04-21 03:01:06 - [MESSAGE][PASSED] - Object: 'Object Repository/Page_KiboPush  Create Survey/button_Add Questions' is clicked on

2019-04-21 03:01:06 - [TEST_STEP][PASSED] - setText(findTestObject("Object Repository/Page_KiboPush  Create Survey/input_form-control_1"), "hello"): Text 'hello' is set on object 'Object Repository/Page_KiboPush  Create Survey/input_form-control_1'

2019-04-21 03:01:06 - [MESSAGE][PASSED] - Text 'hello' is set on object 'Object Repository/Page_KiboPush  Create Survey/input_form-control_1'

2019-04-21 03:01:06 - [TEST_STEP][PASSED] - setText(findTestObject("Object Repository/Page_KiboPush  Create Survey/input_form-control input-sm"), "1"): Text '1' is set on object 'Object Repository/Page_KiboPush  Create Survey/input_form-control input-sm'

2019-04-21 03:01:07 - [MESSAGE][PASSED] - Text '1' is set on object 'Object Repository/Page_KiboPush  Create Survey/input_form-control input-sm'

2019-04-21 03:01:07 - [TEST_STEP][PASSED] - setText(findTestObject("Object Repository/Page_KiboPush  Create Survey/input_form-control input-sm_1"), "2"): Text '2' is set on object 'Object Repository/Page_KiboPush  Create Survey/input_form-control input-sm_1'

2019-04-21 03:01:07 - [MESSAGE][PASSED] - Text '2' is set on object 'Object Repository/Page_KiboPush  Create Survey/input_form-control input-sm_1'

2019-04-21 03:01:07 - [TEST_STEP][PASSED] - setText(findTestObject("Object Repository/Page_KiboPush  Create Survey/input_form-control input-sm_2"), "3"): Text '3' is set on object 'Object Repository/Page_KiboPush  Create Survey/input_form-control input-sm_2'

2019-04-21 03:01:07 - [MESSAGE][PASSED] - Text '3' is set on object 'Object Repository/Page_KiboPush  Create Survey/input_form-control input-sm_2'

2019-04-21 03:01:07 - [TEST_STEP][PASSED] - driver = getWebDriver(): null

2019-04-21 03:01:07 - [TEST_STEP][PASSED] - element = driver.findElement(By.xpath("//*[@id="desc"]/div/div/span/span[1]/span/ul/li/input")): null

2019-04-21 03:01:07 - [TEST_STEP][PASSED] - element.click(): null

2019-04-21 03:01:07 - [TEST_STEP][PASSED] - delay(1): Delayed 1 second(s)

2019-04-21 03:01:08 - [MESSAGE][PASSED] - Delayed 1 second(s)

2019-04-21 03:01:08 - [TEST_STEP][PASSED] - click(findTestObject("Page_KiboPush  Create Broadcast Tem/li_Customer Behavior")): Object: 'Object Repository/Page_KiboPush  Create Broadcast Tem/li_Customer Behavior' is clicked on

2019-04-21 03:01:08 - [MESSAGE][PASSED] - Object: 'Object Repository/Page_KiboPush  Create Broadcast Tem/li_Customer Behavior' is clicked on

2019-04-21 03:01:08 - [TEST_STEP][PASSED] - click(findTestObject("Object Repository/Page_KiboPush  Create Survey/button_Create Survey")): Object: 'Object Repository/Page_KiboPush  Create Survey/button_Create Survey' is clicked on

2019-04-21 03:01:08 - [MESSAGE][PASSED] - Object: 'Object Repository/Page_KiboPush  Create Survey/button_Create Survey' is clicked on

2019-04-21 03:01:08 - [TEST_STEP][FAILED] - click(findTestObject("Object Repository/Page_KiboPush  Create Survey/h3_Templates")): Unable to click on object 'Object Repository/Page_KiboPush  Create Survey/h3_Templates' (Root cause: com.kms.katalon.core.exception.StepFailedException: Unable to click on object 'Object Repository/Page_KiboPush  Create Survey/h3_Templates'
	at com.kms.katalon.core.webui.keyword.internal.WebUIKeywordMain.stepFailed(WebUIKeywordMain.groovy:64)
	at com.kms.katalon.core.webui.keyword.internal.WebUIKeywordMain.runKeyword(WebUIKeywordMain.groovy:26)
	at com.kms.katalon.core.webui.keyword.builtin.ClickKeyword.click(ClickKeyword.groovy:86)
	at com.kms.katalon.core.webui.keyword.builtin.ClickKeyword.execute(ClickKeyword.groovy:67)
	at com.kms.katalon.core.keyword.internal.KeywordExecutor.executeKeywordForPlatform(KeywordExecutor.groovy:56)
	at com.kms.katalon.core.webui.keyword.WebUiBuiltInKeywords.click(WebUiBuiltInKeywords.groovy:616)
	at com.kms.katalon.core.webui.keyword.WebUiBuiltInKeywords$click$2.call(Unknown Source)
	at TC0872.run(TC0872:54)
	at com.kms.katalon.core.main.ScriptEngine.run(ScriptEngine.java:194)
	at com.kms.katalon.core.main.ScriptEngine.runScriptAsRawText(ScriptEngine.java:119)
	at com.kms.katalon.core.main.TestCaseExecutor.runScript(TestCaseExecutor.java:336)
	at com.kms.katalon.core.main.TestCaseExecutor.doExecute(TestCaseExecutor.java:327)
	at com.kms.katalon.core.main.TestCaseExecutor.processExecutionPhase(TestCaseExecutor.java:306)
	at com.kms.katalon.core.main.TestCaseExecutor.accessMainPhase(TestCaseExecutor.java:298)
	at com.kms.katalon.core.main.TestCaseExecutor.execute(TestCaseExecutor.java:232)
	at com.kms.katalon.core.main.TestSuiteExecutor.accessTestCaseMainPhase(TestSuiteExecutor.java:129)
	at com.kms.katalon.core.main.TestSuiteExecutor.accessTestSuiteMainPhase(TestSuiteExecutor.java:112)
	at com.kms.katalon.core.main.TestSuiteExecutor.execute(TestSuiteExecutor.java:81)
	at com.kms.katalon.core.main.TestCaseMain.startTestSuite(TestCaseMain.java:157)
	at com.kms.katalon.core.main.TestCaseMain$startTestSuite$0.call(Unknown Source)
	at TempTestSuite1555795243480.run(TempTestSuite1555795243480.groovy:35)
Caused by: org.openqa.selenium.WebDriverException: unknown error: Element <h3 class="m-subheader__title">...</h3> is not clickable at point (348, 48). Other element would receive the click: <li class="m-menu__item m-menu__item--submenu m-menu__item--relm-portlet__nav-item m-dropdown m-dropdown--inline m-dropdown--arrow m-dropdown--align-right m-dropdown--align-push" data-dropdown-toggle="click" aria-expanded="true">...</li>
  (Session info: chrome=73.0.3683.103)
  (Driver info: chromedriver=73.0.3683.68 (47787ec04b6e38e22703e856e101e840b65afe72),platform=Linux 4.15.0-47-generic x86_64) (WARNING: The server did not provide any stacktrace information)
Command duration or timeout: 0 milliseconds
Build info: version: '3.7.1', revision: '8a0099a', time: '2017-11-06T21:07:36.161Z'
System info: host: 'faizan-HP-EliteBook-850-G2', ip: '127.0.1.1', os.name: 'Linux', os.arch: 'amd64', os.version: '4.15.0-47-generic', java.version: '1.8.0_191'
Driver info: com.kms.katalon.selenium.driver.CChromeDriver
Capabilities {acceptInsecureCerts: false, acceptSslCerts: false, applicationCacheEnabled: false, browserConnectionEnabled: false, browserName: chrome, chrome: {chromedriverVersion: 73.0.3683.68 (47787ec04b6e3..., userDataDir: /tmp/.com.google.Chrome.FU0xWS}, cssSelectorsEnabled: true, databaseEnabled: false, goog:chromeOptions: {debuggerAddress: localhost:43539}, handlesAlerts: true, hasTouchScreen: false, javascriptEnabled: true, locationContextEnabled: true, mobileEmulationEnabled: false, nativeEvents: true, networkConnectionEnabled: false, pageLoadStrategy: normal, platform: LINUX, platformName: LINUX, proxy: Proxy(direct), rotatable: false, setWindowRect: true, strictFileInteractability: false, takesHeapSnapshot: true, takesScreenshot: true, timeouts: {implicit: 0, pageLoad: 300000, script: 30000}, unexpectedAlertBehaviour: ignore, unhandledPromptBehavior: ignore, version: 73.0.3683.103, webStorageEnabled: true}
Session ID: f13adca9b43bf4b34e393f07e02ab2e3
	at org.openqa.selenium.remote.ErrorHandler.createThrowable(ErrorHandler.java:214)
	at org.openqa.selenium.remote.ErrorHandler.throwIfResponseFailed(ErrorHandler.java:166)
	at org.openqa.selenium.remote.http.JsonHttpResponseCodec.reconstructValue(JsonHttpResponseCodec.java:40)
	at org.openqa.selenium.remote.http.AbstractHttpResponseCodec.decode(AbstractHttpResponseCodec.java:80)
	at org.openqa.selenium.remote.http.AbstractHttpResponseCodec.decode(AbstractHttpResponseCodec.java:44)
	at org.openqa.selenium.remote.HttpCommandExecutor.execute(HttpCommandExecutor.java:164)
	at org.openqa.selenium.remote.service.DriverCommandExecutor.execute(DriverCommandExecutor.java:83)
	at org.openqa.selenium.remote.RemoteWebDriver.execute(RemoteWebDriver.java:600)
	at com.kms.katalon.selenium.driver.CChromeDriver.execute(CChromeDriver.java:20)
	at org.openqa.selenium.remote.RemoteWebElement.execute(RemoteWebElement.java:279)
	at org.openqa.selenium.remote.RemoteWebElement.click(RemoteWebElement.java:83)
	at com.kms.katalon.core.webui.keyword.builtin.ClickKeyword$_click_closure1.doCall(ClickKeyword.groovy:79)
	at com.kms.katalon.core.webui.keyword.builtin.ClickKeyword$_click_closure1.call(ClickKeyword.groovy)
	at com.kms.katalon.core.webui.keyword.internal.WebUIKeywordMain.runKeyword(WebUIKeywordMain.groovy:20)
	at com.kms.katalon.core.webui.keyword.builtin.ClickKeyword.click(ClickKeyword.groovy:86)
	at com.kms.katalon.core.webui.keyword.builtin.ClickKeyword.execute(ClickKeyword.groovy:67)
	at com.kms.katalon.core.keyword.internal.KeywordExecutor.executeKeywordForPlatform(KeywordExecutor.groovy:56)
	at com.kms.katalon.core.webui.keyword.WebUiBuiltInKeywords.click(WebUiBuiltInKeywords.groovy:616)
	at com.kms.katalon.core.webui.keyword.WebUiBuiltInKeywords$click$2.call(Unknown Source)
	at Script1537197337672.run(Script1537197337672.groovy:54)
	... 13 more
)

2019-04-21 03:01:09 - [MESSAGE][FAILED] - Unable to click on object 'Object Repository/Page_KiboPush  Create Survey/h3_Templates' (Root cause: com.kms.katalon.core.exception.StepFailedException: Unable to click on object 'Object Repository/Page_KiboPush  Create Survey/h3_Templates'
	at com.kms.katalon.core.webui.keyword.internal.WebUIKeywordMain.stepFailed(WebUIKeywordMain.groovy:64)
	at com.kms.katalon.core.webui.keyword.internal.WebUIKeywordMain.runKeyword(WebUIKeywordMain.groovy:26)
	at com.kms.katalon.core.webui.keyword.builtin.ClickKeyword.click(ClickKeyword.groovy:86)
	at com.kms.katalon.core.webui.keyword.builtin.ClickKeyword.execute(ClickKeyword.groovy:67)
	at com.kms.katalon.core.keyword.internal.KeywordExecutor.executeKeywordForPlatform(KeywordExecutor.groovy:56)
	at com.kms.katalon.core.webui.keyword.WebUiBuiltInKeywords.click(WebUiBuiltInKeywords.groovy:616)
	at com.kms.katalon.core.webui.keyword.WebUiBuiltInKeywords$click$2.call(Unknown Source)
	at TC0872.run(TC0872:54)
	at com.kms.katalon.core.main.ScriptEngine.run(ScriptEngine.java:194)
	at com.kms.katalon.core.main.ScriptEngine.runScriptAsRawText(ScriptEngine.java:119)
	at com.kms.katalon.core.main.TestCaseExecutor.runScript(TestCaseExecutor.java:336)
	at com.kms.katalon.core.main.TestCaseExecutor.doExecute(TestCaseExecutor.java:327)
	at com.kms.katalon.core.main.TestCaseExecutor.processExecutionPhase(TestCaseExecutor.java:306)
	at com.kms.katalon.core.main.TestCaseExecutor.accessMainPhase(TestCaseExecutor.java:298)
	at com.kms.katalon.core.main.TestCaseExecutor.execute(TestCaseExecutor.java:232)
	at com.kms.katalon.core.main.TestSuiteExecutor.accessTestCaseMainPhase(TestSuiteExecutor.java:129)
	at com.kms.katalon.core.main.TestSuiteExecutor.accessTestSuiteMainPhase(TestSuiteExecutor.java:112)
	at com.kms.katalon.core.main.TestSuiteExecutor.execute(TestSuiteExecutor.java:81)
	at com.kms.katalon.core.main.TestCaseMain.startTestSuite(TestCaseMain.java:157)
	at com.kms.katalon.core.main.TestCaseMain$startTestSuite$0.call(Unknown Source)
	at TempTestSuite1555795243480.run(TempTestSuite1555795243480.groovy:35)
Caused by: org.openqa.selenium.WebDriverException: unknown error: Element <h3 class="m-subheader__title">...</h3> is not clickable at point (348, 48). Other element would receive the click: <li class="m-menu__item m-menu__item--submenu m-menu__item--relm-portlet__nav-item m-dropdown m-dropdown--inline m-dropdown--arrow m-dropdown--align-right m-dropdown--align-push" data-dropdown-toggle="click" aria-expanded="true">...</li>
  (Session info: chrome=73.0.3683.103)
  (Driver info: chromedriver=73.0.3683.68 (47787ec04b6e38e22703e856e101e840b65afe72),platform=Linux 4.15.0-47-generic x86_64) (WARNING: The server did not provide any stacktrace information)
Command duration or timeout: 0 milliseconds
Build info: version: '3.7.1', revision: '8a0099a', time: '2017-11-06T21:07:36.161Z'
System info: host: 'faizan-HP-EliteBook-850-G2', ip: '127.0.1.1', os.name: 'Linux', os.arch: 'amd64', os.version: '4.15.0-47-generic', java.version: '1.8.0_191'
Driver info: com.kms.katalon.selenium.driver.CChromeDriver
Capabilities {acceptInsecureCerts: false, acceptSslCerts: false, applicationCacheEnabled: false, browserConnectionEnabled: false, browserName: chrome, chrome: {chromedriverVersion: 73.0.3683.68 (47787ec04b6e3..., userDataDir: /tmp/.com.google.Chrome.FU0xWS}, cssSelectorsEnabled: true, databaseEnabled: false, goog:chromeOptions: {debuggerAddress: localhost:43539}, handlesAlerts: true, hasTouchScreen: false, javascriptEnabled: true, locationContextEnabled: true, mobileEmulationEnabled: false, nativeEvents: true, networkConnectionEnabled: false, pageLoadStrategy: normal, platform: LINUX, platformName: LINUX, proxy: Proxy(direct), rotatable: false, setWindowRect: true, strictFileInteractability: false, takesHeapSnapshot: true, takesScreenshot: true, timeouts: {implicit: 0, pageLoad: 300000, script: 30000}, unexpectedAlertBehaviour: ignore, unhandledPromptBehavior: ignore, version: 73.0.3683.103, webStorageEnabled: true}
Session ID: f13adca9b43bf4b34e393f07e02ab2e3
	at org.openqa.selenium.remote.ErrorHandler.createThrowable(ErrorHandler.java:214)
	at org.openqa.selenium.remote.ErrorHandler.throwIfResponseFailed(ErrorHandler.java:166)
	at org.openqa.selenium.remote.http.JsonHttpResponseCodec.reconstructValue(JsonHttpResponseCodec.java:40)
	at org.openqa.selenium.remote.http.AbstractHttpResponseCodec.decode(AbstractHttpResponseCodec.java:80)
	at org.openqa.selenium.remote.http.AbstractHttpResponseCodec.decode(AbstractHttpResponseCodec.java:44)
	at org.openqa.selenium.remote.HttpCommandExecutor.execute(HttpCommandExecutor.java:164)
	at org.openqa.selenium.remote.service.DriverCommandExecutor.execute(DriverCommandExecutor.java:83)
	at org.openqa.selenium.remote.RemoteWebDriver.execute(RemoteWebDriver.java:600)
	at com.kms.katalon.selenium.driver.CChromeDriver.execute(CChromeDriver.java:20)
	at org.openqa.selenium.remote.RemoteWebElement.execute(RemoteWebElement.java:279)
	at org.openqa.selenium.remote.RemoteWebElement.click(RemoteWebElement.java:83)
	at com.kms.katalon.core.webui.keyword.builtin.ClickKeyword$_click_closure1.doCall(ClickKeyword.groovy:79)
	at com.kms.katalon.core.webui.keyword.builtin.ClickKeyword$_click_closure1.call(ClickKeyword.groovy)
	at com.kms.katalon.core.webui.keyword.internal.WebUIKeywordMain.runKeyword(WebUIKeywordMain.groovy:20)
	at com.kms.katalon.core.webui.keyword.builtin.ClickKeyword.click(ClickKeyword.groovy:86)
	at com.kms.katalon.core.webui.keyword.builtin.ClickKeyword.execute(ClickKeyword.groovy:67)
	at com.kms.katalon.core.keyword.internal.KeywordExecutor.executeKeywordForPlatform(KeywordExecutor.groovy:56)
	at com.kms.katalon.core.webui.keyword.WebUiBuiltInKeywords.click(WebUiBuiltInKeywords.groovy:616)
	at com.kms.katalon.core.webui.keyword.WebUiBuiltInKeywords$click$2.call(Unknown Source)
	at Script1537197337672.run(Script1537197337672.groovy:54)
	... 13 more
)
[[ATTACHMENT|/home/faizan/Drive/KiboPush_Automated_Testing/KiboPush Katalon/Reports/Faizan Suits/Template/20190421_022043/1555797669547.png]]]]></system-out>
         <system-err><![CDATA[2019-04-21 03:00:53 - [TEST_CASE][FAILED] - Test Cases/Template testcases/TC0872: Test Cases/Template testcases/TC0872 FAILED.
Reason:
com.kms.katalon.core.exception.StepFailedException: Unable to click on object 'Object Repository/Page_KiboPush  Create Survey/h3_Templates'
	at com.kms.katalon.core.webui.keyword.internal.WebUIKeywordMain.stepFailed(WebUIKeywordMain.groovy:64)
	at com.kms.katalon.core.webui.keyword.internal.WebUIKeywordMain.runKeyword(WebUIKeywordMain.groovy:26)
	at com.kms.katalon.core.webui.keyword.builtin.ClickKeyword.click(ClickKeyword.groovy:86)
	at com.kms.katalon.core.webui.keyword.builtin.ClickKeyword.execute(ClickKeyword.groovy:67)
	at com.kms.katalon.core.keyword.internal.KeywordExecutor.executeKeywordForPlatform(KeywordExecutor.groovy:56)
	at com.kms.katalon.core.webui.keyword.WebUiBuiltInKeywords.click(WebUiBuiltInKeywords.groovy:616)
	at com.kms.katalon.core.webui.keyword.WebUiBuiltInKeywords$click$2.call(Unknown Source)
	at TC0872.run(TC0872:54)
	at com.kms.katalon.core.main.ScriptEngine.run(ScriptEngine.java:194)
	at com.kms.katalon.core.main.ScriptEngine.runScriptAsRawText(ScriptEngine.java:119)
	at com.kms.katalon.core.main.TestCaseExecutor.runScript(TestCaseExecutor.java:336)
	at com.kms.katalon.core.main.TestCaseExecutor.doExecute(TestCaseExecutor.java:327)
	at com.kms.katalon.core.main.TestCaseExecutor.processExecutionPhase(TestCaseExecutor.java:306)
	at com.kms.katalon.core.main.TestCaseExecutor.accessMainPhase(TestCaseExecutor.java:298)
	at com.kms.katalon.core.main.TestCaseExecutor.execute(TestCaseExecutor.java:232)
	at com.kms.katalon.core.main.TestSuiteExecutor.accessTestCaseMainPhase(TestSuiteExecutor.java:129)
	at com.kms.katalon.core.main.TestSuiteExecutor.accessTestSuiteMainPhase(TestSuiteExecutor.java:112)
	at com.kms.katalon.core.main.TestSuiteExecutor.execute(TestSuiteExecutor.java:81)
	at com.kms.katalon.core.main.TestCaseMain.startTestSuite(TestCaseMain.java:157)
	at com.kms.katalon.core.main.TestCaseMain$startTestSuite$0.call(Unknown Source)
	at TempTestSuite1555795243480.run(TempTestSuite1555795243480.groovy:35)
Caused by: org.openqa.selenium.WebDriverException: unknown error: Element <h3 class="m-subheader__title">...</h3> is not clickable at point (348, 48). Other element would receive the click: <li class="m-menu__item m-menu__item--submenu m-menu__item--relm-portlet__nav-item m-dropdown m-dropdown--inline m-dropdown--arrow m-dropdown--align-right m-dropdown--align-push" data-dropdown-toggle="click" aria-expanded="true">...</li>
  (Session info: chrome=73.0.3683.103)
  (Driver info: chromedriver=73.0.3683.68 (47787ec04b6e38e22703e856e101e840b65afe72),platform=Linux 4.15.0-47-generic x86_64) (WARNING: The server did not provide any stacktrace information)
Command duration or timeout: 0 milliseconds
Build info: version: '3.7.1', revision: '8a0099a', time: '2017-11-06T21:07:36.161Z'
System info: host: 'faizan-HP-EliteBook-850-G2', ip: '127.0.1.1', os.name: 'Linux', os.arch: 'amd64', os.version: '4.15.0-47-generic', java.version: '1.8.0_191'
Driver info: com.kms.katalon.selenium.driver.CChromeDriver
Capabilities {acceptInsecureCerts: false, acceptSslCerts: false, applicationCacheEnabled: false, browserConnectionEnabled: false, browserName: chrome, chrome: {chromedriverVersion: 73.0.3683.68 (47787ec04b6e3..., userDataDir: /tmp/.com.google.Chrome.FU0xWS}, cssSelectorsEnabled: true, databaseEnabled: false, goog:chromeOptions: {debuggerAddress: localhost:43539}, handlesAlerts: true, hasTouchScreen: false, javascriptEnabled: true, locationContextEnabled: true, mobileEmulationEnabled: false, nativeEvents: true, networkConnectionEnabled: false, pageLoadStrategy: normal, platform: LINUX, platformName: LINUX, proxy: Proxy(direct), rotatable: false, setWindowRect: true, strictFileInteractability: false, takesHeapSnapshot: true, takesScreenshot: true, timeouts: {implicit: 0, pageLoad: 300000, script: 30000}, unexpectedAlertBehaviour: ignore, unhandledPromptBehavior: ignore, version: 73.0.3683.103, webStorageEnabled: true}
Session ID: f13adca9b43bf4b34e393f07e02ab2e3
	at org.openqa.selenium.remote.ErrorHandler.createThrowable(ErrorHandler.java:214)
	at org.openqa.selenium.remote.ErrorHandler.throwIfResponseFailed(ErrorHandler.java:166)
	at org.openqa.selenium.remote.http.JsonHttpResponseCodec.reconstructValue(JsonHttpResponseCodec.java:40)
	at org.openqa.selenium.remote.http.AbstractHttpResponseCodec.decode(AbstractHttpResponseCodec.java:80)
	at org.openqa.selenium.remote.http.AbstractHttpResponseCodec.decode(AbstractHttpResponseCodec.java:44)
	at org.openqa.selenium.remote.HttpCommandExecutor.execute(HttpCommandExecutor.java:164)
	at org.openqa.selenium.remote.service.DriverCommandExecutor.execute(DriverCommandExecutor.java:83)
	at org.openqa.selenium.remote.RemoteWebDriver.execute(RemoteWebDriver.java:600)
	at com.kms.katalon.selenium.driver.CChromeDriver.execute(CChromeDriver.java:20)
	at org.openqa.selenium.remote.RemoteWebElement.execute(RemoteWebElement.java:279)
	at org.openqa.selenium.remote.RemoteWebElement.click(RemoteWebElement.java:83)
	at com.kms.katalon.core.webui.keyword.builtin.ClickKeyword$_click_closure1.doCall(ClickKeyword.groovy:79)
	at com.kms.katalon.core.webui.keyword.builtin.ClickKeyword$_click_closure1.call(ClickKeyword.groovy)
	at com.kms.katalon.core.webui.keyword.internal.WebUIKeywordMain.runKeyword(WebUIKeywordMain.groovy:20)
	at com.kms.katalon.core.webui.keyword.builtin.ClickKeyword.click(ClickKeyword.groovy:86)
	at com.kms.katalon.core.webui.keyword.builtin.ClickKeyword.execute(ClickKeyword.groovy:67)
	at com.kms.katalon.core.keyword.internal.KeywordExecutor.executeKeywordForPlatform(KeywordExecutor.groovy:56)
	at com.kms.katalon.core.webui.keyword.WebUiBuiltInKeywords.click(WebUiBuiltInKeywords.groovy:616)
	at com.kms.katalon.core.webui.keyword.WebUiBuiltInKeywords$click$2.call(Unknown Source)
	at Script1537197337672.run(Script1537197337672.groovy:54)
	... 13 more]]></system-err>
      </testcase>
      <testcase name="Test Cases/Template testcases/TC0873" classname="Test Cases/Template testcases/TC0873" status="PASSED">
         <system-out><![CDATA[2019-04-21 03:01:09 - [TEST_CASE][PASSED] - Test Cases/Template testcases/TC0873: Test Cases/Template testcases/TC0873

2019-04-21 03:01:10 - [TEST_STEP][PASSED] - callTestCase(findTestCase("Template testcases/TC0871"), [:], STOP_ON_FAILURE): Call Test Case 'Test Cases/Template testcases/TC0871' successfully

2019-04-21 03:01:10 - [TEST_CASE][PASSED] - Test Cases/Template testcases/TC0871: Test Cases/Template testcases/TC0871

2019-04-21 03:01:10 - [TEST_STEP][PASSED] - callTestCase(findTestCase("Template testcases/TC0761"), [:], STOP_ON_FAILURE): Call Test Case 'Test Cases/Template testcases/TC0761' successfully

2019-04-21 03:01:10 - [TEST_CASE][PASSED] - Test Cases/Template testcases/TC0761: Test Cases/Template testcases/TC0761

2019-04-21 03:01:10 - [TEST_STEP][PASSED] - callTestCase(findTestCase("s-sidebar_navigation/individualAccount/Template"), [:], STOP_ON_FAILURE): Call Test Case 'Test Cases/s-sidebar_navigation/individualAccount/Template' successfully

2019-04-21 03:01:10 - [TEST_CASE][PASSED] - Test Cases/s-sidebar_navigation/individualAccount/Template: Test Cases/s-sidebar_navigation/individualAccount/Template

2019-04-21 03:01:10 - [TEST_STEP][PASSED] - click(findTestObject("Page_KiboPush  Dashboard/span_Broadcasts")): Object: 'Object Repository/Page_KiboPush  Dashboard/span_Broadcasts' is clicked on

2019-04-21 03:01:10 - [MESSAGE][PASSED] - Object: 'Object Repository/Page_KiboPush  Dashboard/span_Broadcasts' is clicked on

2019-04-21 03:01:10 - [TEST_STEP][PASSED] - delay(1): Delayed 1 second(s)

2019-04-21 03:01:11 - [MESSAGE][PASSED] - Delayed 1 second(s)

2019-04-21 03:01:11 - [TEST_STEP][PASSED] - click(findTestObject("Page_KiboPush  Dashboard/span_Templates")): Object: 'Object Repository/Page_KiboPush  Dashboard/span_Templates' is clicked on

2019-04-21 03:01:11 - [MESSAGE][PASSED] - Object: 'Object Repository/Page_KiboPush  Dashboard/span_Templates' is clicked on

2019-04-21 03:01:11 - [TEST_STEP][PASSED] - delay(3): Delayed 3 second(s)

2019-04-21 03:01:14 - [MESSAGE][PASSED] - Delayed 3 second(s)

2019-04-21 03:01:14 - [TEST_STEP][PASSED] - scrollToPosition(0, 0): Browser is scrolled to position x = 0, y = 0

2019-04-21 03:01:14 - [MESSAGE][PASSED] - Browser is scrolled to position x = 0, y = 0

2019-04-21 03:01:14 - [TEST_STEP][PASSED] - click(findTestObject("Object Repository/Page_KiboEngage  Templates/h3_Templates")): Object: 'Object Repository/Page_KiboEngage  Templates/h3_Templates' is clicked on

2019-04-21 03:01:14 - [MESSAGE][PASSED] - Object: 'Object Repository/Page_KiboEngage  Templates/h3_Templates' is clicked on

2019-04-21 03:01:14 - [TEST_STEP][PASSED] - delay(3): Delayed 3 second(s)

2019-04-21 03:01:17 - [MESSAGE][PASSED] - Delayed 3 second(s)

2019-04-21 03:01:17 - [MESSAGE][PASSED] - Call Test Case 'Test Cases/s-sidebar_navigation/individualAccount/Template' successfully

2019-04-21 03:01:17 - [TEST_STEP][PASSED] - driver = getWebDriver(): null

2019-04-21 03:01:17 - [TEST_STEP][PASSED] - rows_table = driver.findElements(By.xpath("//*[@id="content"]/div/div/div/div[2]/div[3]/div[2]/div[2]/div/div[2]/div[2]/div[2]/table/tbody/tr")): null

2019-04-21 03:01:17 - [TEST_STEP][PASSED] - println(rows_table.size()): null

2019-04-21 03:01:17 - [TEST_STEP][PASSED] - verifyGreaterThanOrEqual(rows_table.size(), 1): Actual number '3' is greater than or equal to expected number '1'

2019-04-21 03:01:17 - [MESSAGE][PASSED] - Actual number '3' is greater than or equal to expected number '1'

2019-04-21 03:01:17 - [MESSAGE][PASSED] - Call Test Case 'Test Cases/Template testcases/TC0761' successfully

2019-04-21 03:01:17 - [TEST_STEP][PASSED] - delay(3): Delayed 3 second(s)

2019-04-21 03:01:20 - [MESSAGE][PASSED] - Delayed 3 second(s)

2019-04-21 03:01:20 - [TEST_STEP][PASSED] - driver = getWebDriver(): null

2019-04-21 03:01:20 - [TEST_STEP][PASSED] - element = driver.findElement(By.xpath("//*[@id="content"]/div/div/div/div[2]/div[3]/div[2]/div[2]/div/div[1]/div[2]/a/button")): null

2019-04-21 03:01:20 - [TEST_STEP][PASSED] - element.click(): null

2019-04-21 03:01:21 - [TEST_STEP][PASSED] - scrollToPosition(0, 0): Browser is scrolled to position x = 0, y = 0

2019-04-21 03:01:21 - [MESSAGE][PASSED] - Browser is scrolled to position x = 0, y = 0

2019-04-21 03:01:21 - [TEST_STEP][PASSED] - delay(1): Delayed 1 second(s)

2019-04-21 03:01:22 - [MESSAGE][PASSED] - Delayed 1 second(s)

2019-04-21 03:01:22 - [TEST_STEP][PASSED] - click(findTestObject("Object Repository/Page_KiboPush  Create Survey/h3_Create Template Survey")): Object: 'Object Repository/Page_KiboPush  Create Survey/h3_Create Template Survey' is clicked on

2019-04-21 03:01:22 - [MESSAGE][PASSED] - Object: 'Object Repository/Page_KiboPush  Create Survey/h3_Create Template Survey' is clicked on

2019-04-21 03:01:22 - [MESSAGE][PASSED] - Call Test Case 'Test Cases/Template testcases/TC0871' successfully

2019-04-21 03:01:22 - [TEST_STEP][PASSED] - click(findTestObject("Object Repository/Page_KiboPush  Create Survey/button_Add Questions")): Object: 'Object Repository/Page_KiboPush  Create Survey/button_Add Questions' is clicked on

2019-04-21 03:01:22 - [MESSAGE][PASSED] - Object: 'Object Repository/Page_KiboPush  Create Survey/button_Add Questions' is clicked on

2019-04-21 03:01:22 - [TEST_STEP][PASSED] - driver = getWebDriver(): null

2019-04-21 03:01:22 - [TEST_STEP][PASSED] - element = driver.findElement(By.xpath("//*[@id="question0"]/input")): null

2019-04-21 03:01:22 - [TEST_STEP][PASSED] - verifyEqual(element.getText(), ""): Actual object '' and expected object '' are equal

2019-04-21 03:01:22 - [MESSAGE][PASSED] - Actual object '' and expected object '' are equal]]></system-out>
         <system-err><![CDATA[]]></system-err>
      </testcase>
      <testcase name="Test Cases/Template testcases/TC0874" classname="Test Cases/Template testcases/TC0874" status="PASSED">
         <system-out><![CDATA[2019-04-21 03:01:22 - [TEST_CASE][PASSED] - Test Cases/Template testcases/TC0874: Test Cases/Template testcases/TC0874

2019-04-21 03:01:22 - [TEST_STEP][PASSED] - callTestCase(findTestCase("Template testcases/TC0871"), [:], STOP_ON_FAILURE): Call Test Case 'Test Cases/Template testcases/TC0871' successfully

2019-04-21 03:01:22 - [TEST_CASE][PASSED] - Test Cases/Template testcases/TC0871: Test Cases/Template testcases/TC0871

2019-04-21 03:01:22 - [TEST_STEP][PASSED] - callTestCase(findTestCase("Template testcases/TC0761"), [:], STOP_ON_FAILURE): Call Test Case 'Test Cases/Template testcases/TC0761' successfully

2019-04-21 03:01:22 - [TEST_CASE][PASSED] - Test Cases/Template testcases/TC0761: Test Cases/Template testcases/TC0761

2019-04-21 03:01:22 - [TEST_STEP][PASSED] - callTestCase(findTestCase("s-sidebar_navigation/individualAccount/Template"), [:], STOP_ON_FAILURE): Call Test Case 'Test Cases/s-sidebar_navigation/individualAccount/Template' successfully

2019-04-21 03:01:22 - [TEST_CASE][PASSED] - Test Cases/s-sidebar_navigation/individualAccount/Template: Test Cases/s-sidebar_navigation/individualAccount/Template

2019-04-21 03:01:22 - [TEST_STEP][PASSED] - click(findTestObject("Page_KiboPush  Dashboard/span_Broadcasts")): Object: 'Object Repository/Page_KiboPush  Dashboard/span_Broadcasts' is clicked on

2019-04-21 03:01:23 - [MESSAGE][PASSED] - Object: 'Object Repository/Page_KiboPush  Dashboard/span_Broadcasts' is clicked on

2019-04-21 03:01:23 - [TEST_STEP][PASSED] - delay(1): Delayed 1 second(s)

2019-04-21 03:01:24 - [MESSAGE][PASSED] - Delayed 1 second(s)

2019-04-21 03:01:24 - [TEST_STEP][PASSED] - click(findTestObject("Page_KiboPush  Dashboard/span_Templates")): Object: 'Object Repository/Page_KiboPush  Dashboard/span_Templates' is clicked on

2019-04-21 03:01:24 - [MESSAGE][PASSED] - Object: 'Object Repository/Page_KiboPush  Dashboard/span_Templates' is clicked on

2019-04-21 03:01:24 - [TEST_STEP][PASSED] - delay(3): Delayed 3 second(s)

2019-04-21 03:01:27 - [MESSAGE][PASSED] - Delayed 3 second(s)

2019-04-21 03:01:27 - [TEST_STEP][PASSED] - scrollToPosition(0, 0): Browser is scrolled to position x = 0, y = 0

2019-04-21 03:01:27 - [MESSAGE][PASSED] - Browser is scrolled to position x = 0, y = 0

2019-04-21 03:01:27 - [TEST_STEP][PASSED] - click(findTestObject("Object Repository/Page_KiboEngage  Templates/h3_Templates")): Object: 'Object Repository/Page_KiboEngage  Templates/h3_Templates' is clicked on

2019-04-21 03:01:27 - [MESSAGE][PASSED] - Object: 'Object Repository/Page_KiboEngage  Templates/h3_Templates' is clicked on

2019-04-21 03:01:27 - [TEST_STEP][PASSED] - delay(3): Delayed 3 second(s)

2019-04-21 03:01:30 - [MESSAGE][PASSED] - Delayed 3 second(s)

2019-04-21 03:01:30 - [MESSAGE][PASSED] - Call Test Case 'Test Cases/s-sidebar_navigation/individualAccount/Template' successfully

2019-04-21 03:01:30 - [TEST_STEP][PASSED] - driver = getWebDriver(): null

2019-04-21 03:01:30 - [TEST_STEP][PASSED] - rows_table = driver.findElements(By.xpath("//*[@id="content"]/div/div/div/div[2]/div[3]/div[2]/div[2]/div/div[2]/div[2]/div[2]/table/tbody/tr")): null

2019-04-21 03:01:30 - [TEST_STEP][PASSED] - println(rows_table.size()): null

2019-04-21 03:01:30 - [TEST_STEP][PASSED] - verifyGreaterThanOrEqual(rows_table.size(), 1): Actual number '3' is greater than or equal to expected number '1'

2019-04-21 03:01:30 - [MESSAGE][PASSED] - Actual number '3' is greater than or equal to expected number '1'

2019-04-21 03:01:30 - [MESSAGE][PASSED] - Call Test Case 'Test Cases/Template testcases/TC0761' successfully

2019-04-21 03:01:30 - [TEST_STEP][PASSED] - delay(3): Delayed 3 second(s)

2019-04-21 03:01:33 - [MESSAGE][PASSED] - Delayed 3 second(s)

2019-04-21 03:01:33 - [TEST_STEP][PASSED] - driver = getWebDriver(): null

2019-04-21 03:01:33 - [TEST_STEP][PASSED] - element = driver.findElement(By.xpath("//*[@id="content"]/div/div/div/div[2]/div[3]/div[2]/div[2]/div/div[1]/div[2]/a/button")): null

2019-04-21 03:01:33 - [TEST_STEP][PASSED] - element.click(): null

2019-04-21 03:01:33 - [TEST_STEP][PASSED] - scrollToPosition(0, 0): Browser is scrolled to position x = 0, y = 0

2019-04-21 03:01:33 - [MESSAGE][PASSED] - Browser is scrolled to position x = 0, y = 0

2019-04-21 03:01:33 - [TEST_STEP][PASSED] - delay(1): Delayed 1 second(s)

2019-04-21 03:01:34 - [MESSAGE][PASSED] - Delayed 1 second(s)

2019-04-21 03:01:34 - [TEST_STEP][PASSED] - click(findTestObject("Object Repository/Page_KiboPush  Create Survey/h3_Create Template Survey")): Object: 'Object Repository/Page_KiboPush  Create Survey/h3_Create Template Survey' is clicked on

2019-04-21 03:01:34 - [MESSAGE][PASSED] - Object: 'Object Repository/Page_KiboPush  Create Survey/h3_Create Template Survey' is clicked on

2019-04-21 03:01:34 - [MESSAGE][PASSED] - Call Test Case 'Test Cases/Template testcases/TC0871' successfully

2019-04-21 03:01:34 - [TEST_STEP][PASSED] - click(findTestObject("Object Repository/Page_KiboPush  Create Survey/button_Add Questions (1)")): Object: 'Object Repository/Page_KiboPush  Create Survey/button_Add Questions (1)' is clicked on

2019-04-21 03:01:35 - [MESSAGE][PASSED] - Object: 'Object Repository/Page_KiboPush  Create Survey/button_Add Questions (1)' is clicked on

2019-04-21 03:01:35 - [TEST_STEP][PASSED] - click(findTestObject("Object Repository/Page_KiboPush  Create Survey/span_fa fa-times")): Object: 'Object Repository/Page_KiboPush  Create Survey/span_fa fa-times' is clicked on

2019-04-21 03:01:35 - [MESSAGE][PASSED] - Object: 'Object Repository/Page_KiboPush  Create Survey/span_fa fa-times' is clicked on

2019-04-21 03:01:35 - [TEST_STEP][PASSED] - click(findTestObject("Object Repository/Page_KiboPush  Create Survey/div_A survey form requires atl")): Object: 'Object Repository/Page_KiboPush  Create Survey/div_A survey form requires atl' is clicked on

2019-04-21 03:01:35 - [MESSAGE][PASSED] - Object: 'Object Repository/Page_KiboPush  Create Survey/div_A survey form requires atl' is clicked on]]></system-out>
         <system-err><![CDATA[]]></system-err>
      </testcase>
      <testcase name="Test Cases/Template testcases/TC0875" classname="Test Cases/Template testcases/TC0875" status="PASSED">
         <system-out><![CDATA[2019-04-21 03:01:35 - [TEST_CASE][PASSED] - Test Cases/Template testcases/TC0875: Test Cases/Template testcases/TC0875

2019-04-21 03:01:35 - [TEST_STEP][PASSED] - callTestCase(findTestCase("Template testcases/TC0871"), [:], STOP_ON_FAILURE): Call Test Case 'Test Cases/Template testcases/TC0871' successfully

2019-04-21 03:01:35 - [TEST_CASE][PASSED] - Test Cases/Template testcases/TC0871: Test Cases/Template testcases/TC0871

2019-04-21 03:01:35 - [TEST_STEP][PASSED] - callTestCase(findTestCase("Template testcases/TC0761"), [:], STOP_ON_FAILURE): Call Test Case 'Test Cases/Template testcases/TC0761' successfully

2019-04-21 03:01:35 - [TEST_CASE][PASSED] - Test Cases/Template testcases/TC0761: Test Cases/Template testcases/TC0761

2019-04-21 03:01:35 - [TEST_STEP][PASSED] - callTestCase(findTestCase("s-sidebar_navigation/individualAccount/Template"), [:], STOP_ON_FAILURE): Call Test Case 'Test Cases/s-sidebar_navigation/individualAccount/Template' successfully

2019-04-21 03:01:35 - [TEST_CASE][PASSED] - Test Cases/s-sidebar_navigation/individualAccount/Template: Test Cases/s-sidebar_navigation/individualAccount/Template

2019-04-21 03:01:35 - [TEST_STEP][PASSED] - click(findTestObject("Page_KiboPush  Dashboard/span_Broadcasts")): Object: 'Object Repository/Page_KiboPush  Dashboard/span_Broadcasts' is clicked on

2019-04-21 03:01:35 - [MESSAGE][PASSED] - Object: 'Object Repository/Page_KiboPush  Dashboard/span_Broadcasts' is clicked on

2019-04-21 03:01:35 - [TEST_STEP][PASSED] - delay(1): Delayed 1 second(s)

2019-04-21 03:01:37 - [MESSAGE][PASSED] - Delayed 1 second(s)

2019-04-21 03:01:37 - [TEST_STEP][PASSED] - click(findTestObject("Page_KiboPush  Dashboard/span_Templates")): Object: 'Object Repository/Page_KiboPush  Dashboard/span_Templates' is clicked on

2019-04-21 03:01:37 - [MESSAGE][PASSED] - Object: 'Object Repository/Page_KiboPush  Dashboard/span_Templates' is clicked on

2019-04-21 03:01:37 - [TEST_STEP][PASSED] - delay(3): Delayed 3 second(s)

2019-04-21 03:01:40 - [MESSAGE][PASSED] - Delayed 3 second(s)

2019-04-21 03:01:40 - [TEST_STEP][PASSED] - scrollToPosition(0, 0): Browser is scrolled to position x = 0, y = 0

2019-04-21 03:01:40 - [MESSAGE][PASSED] - Browser is scrolled to position x = 0, y = 0

2019-04-21 03:01:40 - [TEST_STEP][PASSED] - click(findTestObject("Object Repository/Page_KiboEngage  Templates/h3_Templates")): Object: 'Object Repository/Page_KiboEngage  Templates/h3_Templates' is clicked on

2019-04-21 03:01:40 - [MESSAGE][PASSED] - Object: 'Object Repository/Page_KiboEngage  Templates/h3_Templates' is clicked on

2019-04-21 03:01:40 - [TEST_STEP][PASSED] - delay(3): Delayed 3 second(s)

2019-04-21 03:01:43 - [MESSAGE][PASSED] - Delayed 3 second(s)

2019-04-21 03:01:43 - [MESSAGE][PASSED] - Call Test Case 'Test Cases/s-sidebar_navigation/individualAccount/Template' successfully

2019-04-21 03:01:43 - [TEST_STEP][PASSED] - driver = getWebDriver(): null

2019-04-21 03:01:43 - [TEST_STEP][PASSED] - rows_table = driver.findElements(By.xpath("//*[@id="content"]/div/div/div/div[2]/div[3]/div[2]/div[2]/div/div[2]/div[2]/div[2]/table/tbody/tr")): null

2019-04-21 03:01:43 - [TEST_STEP][PASSED] - println(rows_table.size()): null

2019-04-21 03:01:43 - [TEST_STEP][PASSED] - verifyGreaterThanOrEqual(rows_table.size(), 1): Actual number '3' is greater than or equal to expected number '1'

2019-04-21 03:01:43 - [MESSAGE][PASSED] - Actual number '3' is greater than or equal to expected number '1'

2019-04-21 03:01:43 - [MESSAGE][PASSED] - Call Test Case 'Test Cases/Template testcases/TC0761' successfully

2019-04-21 03:01:43 - [TEST_STEP][PASSED] - delay(3): Delayed 3 second(s)

2019-04-21 03:01:46 - [MESSAGE][PASSED] - Delayed 3 second(s)

2019-04-21 03:01:46 - [TEST_STEP][PASSED] - driver = getWebDriver(): null

2019-04-21 03:01:46 - [TEST_STEP][PASSED] - element = driver.findElement(By.xpath("//*[@id="content"]/div/div/div/div[2]/div[3]/div[2]/div[2]/div/div[1]/div[2]/a/button")): null

2019-04-21 03:01:46 - [TEST_STEP][PASSED] - element.click(): null

2019-04-21 03:01:46 - [TEST_STEP][PASSED] - scrollToPosition(0, 0): Browser is scrolled to position x = 0, y = 0

2019-04-21 03:01:46 - [MESSAGE][PASSED] - Browser is scrolled to position x = 0, y = 0

2019-04-21 03:01:46 - [TEST_STEP][PASSED] - delay(1): Delayed 1 second(s)

2019-04-21 03:01:47 - [MESSAGE][PASSED] - Delayed 1 second(s)

2019-04-21 03:01:47 - [TEST_STEP][PASSED] - click(findTestObject("Object Repository/Page_KiboPush  Create Survey/h3_Create Template Survey")): Object: 'Object Repository/Page_KiboPush  Create Survey/h3_Create Template Survey' is clicked on

2019-04-21 03:01:47 - [MESSAGE][PASSED] - Object: 'Object Repository/Page_KiboPush  Create Survey/h3_Create Template Survey' is clicked on

2019-04-21 03:01:47 - [MESSAGE][PASSED] - Call Test Case 'Test Cases/Template testcases/TC0871' successfully

2019-04-21 03:01:47 - [TEST_STEP][PASSED] - click(findTestObject("Object Repository/Page_KiboPush  Create Survey/button_Add Questions (1)")): Object: 'Object Repository/Page_KiboPush  Create Survey/button_Add Questions (1)' is clicked on

2019-04-21 03:01:47 - [MESSAGE][PASSED] - Object: 'Object Repository/Page_KiboPush  Create Survey/button_Add Questions (1)' is clicked on

2019-04-21 03:01:47 - [TEST_STEP][PASSED] - click(findTestObject("Object Repository/Page_KiboPush  Create Survey/button_Add Questions (1)")): Object: 'Object Repository/Page_KiboPush  Create Survey/button_Add Questions (1)' is clicked on

2019-04-21 03:01:48 - [MESSAGE][PASSED] - Object: 'Object Repository/Page_KiboPush  Create Survey/button_Add Questions (1)' is clicked on

2019-04-21 03:01:48 - [TEST_STEP][PASSED] - driver = getWebDriver(): null

2019-04-21 03:01:48 - [TEST_STEP][PASSED] - Table1 = driver.findElements(By.xpath("//*[@id="content"]/div/div/div/div[2]/div[3]/div/div[2]/div/div[1]/div[4]/div")): null

2019-04-21 03:01:48 - [TEST_STEP][PASSED] - click(findTestObject("Object Repository/Page_KiboPush  Create Survey/span_fa fa-times")): Object: 'Object Repository/Page_KiboPush  Create Survey/span_fa fa-times' is clicked on

2019-04-21 03:01:48 - [MESSAGE][PASSED] - Object: 'Object Repository/Page_KiboPush  Create Survey/span_fa fa-times' is clicked on

2019-04-21 03:01:48 - [TEST_STEP][PASSED] - delay(2): Delayed 2 second(s)

2019-04-21 03:01:50 - [MESSAGE][PASSED] - Delayed 2 second(s)

2019-04-21 03:01:50 - [TEST_STEP][PASSED] - Table2 = driver.findElements(By.xpath("//*[@id="content"]/div/div/div/div[2]/div[3]/div/div[2]/div/div[1]/div[4]/div[1]")): null

2019-04-21 03:01:50 - [TEST_STEP][PASSED] - verifyEqual(size().toString(), "2"): Actual object '2' and expected object '2' are equal

2019-04-21 03:01:50 - [MESSAGE][PASSED] - Actual object '2' and expected object '2' are equal

2019-04-21 03:01:50 - [TEST_STEP][PASSED] - verifyEqual(size().toString(), "1"): Actual object '1' and expected object '1' are equal

2019-04-21 03:01:50 - [MESSAGE][PASSED] - Actual object '1' and expected object '1' are equal]]></system-out>
         <system-err><![CDATA[]]></system-err>
      </testcase>
      <testcase name="Test Cases/Template testcases/TC0876" classname="Test Cases/Template testcases/TC0876" status="PASSED">
         <system-out><![CDATA[2019-04-21 03:01:50 - [TEST_CASE][PASSED] - Test Cases/Template testcases/TC0876: Test Cases/Template testcases/TC0876

2019-04-21 03:01:50 - [TEST_STEP][PASSED] - callTestCase(findTestCase("Template testcases/TC0871"), [:], STOP_ON_FAILURE): Call Test Case 'Test Cases/Template testcases/TC0871' successfully

2019-04-21 03:01:50 - [TEST_CASE][PASSED] - Test Cases/Template testcases/TC0871: Test Cases/Template testcases/TC0871

2019-04-21 03:01:50 - [TEST_STEP][PASSED] - callTestCase(findTestCase("Template testcases/TC0761"), [:], STOP_ON_FAILURE): Call Test Case 'Test Cases/Template testcases/TC0761' successfully

2019-04-21 03:01:50 - [TEST_CASE][PASSED] - Test Cases/Template testcases/TC0761: Test Cases/Template testcases/TC0761

2019-04-21 03:01:50 - [TEST_STEP][PASSED] - callTestCase(findTestCase("s-sidebar_navigation/individualAccount/Template"), [:], STOP_ON_FAILURE): Call Test Case 'Test Cases/s-sidebar_navigation/individualAccount/Template' successfully

2019-04-21 03:01:50 - [TEST_CASE][PASSED] - Test Cases/s-sidebar_navigation/individualAccount/Template: Test Cases/s-sidebar_navigation/individualAccount/Template

2019-04-21 03:01:50 - [TEST_STEP][PASSED] - click(findTestObject("Page_KiboPush  Dashboard/span_Broadcasts")): Object: 'Object Repository/Page_KiboPush  Dashboard/span_Broadcasts' is clicked on

2019-04-21 03:01:51 - [MESSAGE][PASSED] - Object: 'Object Repository/Page_KiboPush  Dashboard/span_Broadcasts' is clicked on

2019-04-21 03:01:51 - [TEST_STEP][PASSED] - delay(1): Delayed 1 second(s)

2019-04-21 03:01:52 - [MESSAGE][PASSED] - Delayed 1 second(s)

2019-04-21 03:01:52 - [TEST_STEP][PASSED] - click(findTestObject("Page_KiboPush  Dashboard/span_Templates")): Object: 'Object Repository/Page_KiboPush  Dashboard/span_Templates' is clicked on

2019-04-21 03:01:52 - [MESSAGE][PASSED] - Object: 'Object Repository/Page_KiboPush  Dashboard/span_Templates' is clicked on

2019-04-21 03:01:52 - [TEST_STEP][PASSED] - delay(3): Delayed 3 second(s)

2019-04-21 03:01:55 - [MESSAGE][PASSED] - Delayed 3 second(s)

2019-04-21 03:01:55 - [TEST_STEP][PASSED] - scrollToPosition(0, 0): Browser is scrolled to position x = 0, y = 0

2019-04-21 03:01:55 - [MESSAGE][PASSED] - Browser is scrolled to position x = 0, y = 0

2019-04-21 03:01:55 - [TEST_STEP][PASSED] - click(findTestObject("Object Repository/Page_KiboEngage  Templates/h3_Templates")): Object: 'Object Repository/Page_KiboEngage  Templates/h3_Templates' is clicked on

2019-04-21 03:01:55 - [MESSAGE][PASSED] - Object: 'Object Repository/Page_KiboEngage  Templates/h3_Templates' is clicked on

2019-04-21 03:01:55 - [TEST_STEP][PASSED] - delay(3): Delayed 3 second(s)

2019-04-21 03:01:58 - [MESSAGE][PASSED] - Delayed 3 second(s)

2019-04-21 03:01:58 - [MESSAGE][PASSED] - Call Test Case 'Test Cases/s-sidebar_navigation/individualAccount/Template' successfully

2019-04-21 03:01:58 - [TEST_STEP][PASSED] - driver = getWebDriver(): null

2019-04-21 03:01:58 - [TEST_STEP][PASSED] - rows_table = driver.findElements(By.xpath("//*[@id="content"]/div/div/div/div[2]/div[3]/div[2]/div[2]/div/div[2]/div[2]/div[2]/table/tbody/tr")): null

2019-04-21 03:01:58 - [TEST_STEP][PASSED] - println(rows_table.size()): null

2019-04-21 03:01:58 - [TEST_STEP][PASSED] - verifyGreaterThanOrEqual(rows_table.size(), 1): Actual number '3' is greater than or equal to expected number '1'

2019-04-21 03:01:58 - [MESSAGE][PASSED] - Actual number '3' is greater than or equal to expected number '1'

2019-04-21 03:01:58 - [MESSAGE][PASSED] - Call Test Case 'Test Cases/Template testcases/TC0761' successfully

2019-04-21 03:01:58 - [TEST_STEP][PASSED] - delay(3): Delayed 3 second(s)

2019-04-21 03:02:01 - [MESSAGE][PASSED] - Delayed 3 second(s)

2019-04-21 03:02:01 - [TEST_STEP][PASSED] - driver = getWebDriver(): null

2019-04-21 03:02:01 - [TEST_STEP][PASSED] - element = driver.findElement(By.xpath("//*[@id="content"]/div/div/div/div[2]/div[3]/div[2]/div[2]/div/div[1]/div[2]/a/button")): null

2019-04-21 03:02:01 - [TEST_STEP][PASSED] - element.click(): null

2019-04-21 03:02:01 - [TEST_STEP][PASSED] - scrollToPosition(0, 0): Browser is scrolled to position x = 0, y = 0

2019-04-21 03:02:01 - [MESSAGE][PASSED] - Browser is scrolled to position x = 0, y = 0

2019-04-21 03:02:01 - [TEST_STEP][PASSED] - delay(1): Delayed 1 second(s)

2019-04-21 03:02:02 - [MESSAGE][PASSED] - Delayed 1 second(s)

2019-04-21 03:02:02 - [TEST_STEP][PASSED] - click(findTestObject("Object Repository/Page_KiboPush  Create Survey/h3_Create Template Survey")): Object: 'Object Repository/Page_KiboPush  Create Survey/h3_Create Template Survey' is clicked on

2019-04-21 03:02:02 - [MESSAGE][PASSED] - Object: 'Object Repository/Page_KiboPush  Create Survey/h3_Create Template Survey' is clicked on

2019-04-21 03:02:02 - [MESSAGE][PASSED] - Call Test Case 'Test Cases/Template testcases/TC0871' successfully

2019-04-21 03:02:02 - [TEST_STEP][PASSED] - click(findTestObject("Object Repository/Page_KiboPush  Create Survey/button_Add Questions (1)")): Object: 'Object Repository/Page_KiboPush  Create Survey/button_Add Questions (1)' is clicked on

2019-04-21 03:02:03 - [MESSAGE][PASSED] - Object: 'Object Repository/Page_KiboPush  Create Survey/button_Add Questions (1)' is clicked on

2019-04-21 03:02:03 - [TEST_STEP][PASSED] - click(findTestObject("Object Repository/Page_KiboPush  Create Survey/span_fa fa-times (1)")): Object: 'Object Repository/Page_KiboPush  Create Survey/span_fa fa-times (1)' is clicked on

2019-04-21 03:02:03 - [MESSAGE][PASSED] - Object: 'Object Repository/Page_KiboPush  Create Survey/span_fa fa-times (1)' is clicked on

2019-04-21 03:02:03 - [TEST_STEP][PASSED] - delay(2): Delayed 2 second(s)

2019-04-21 03:02:05 - [MESSAGE][PASSED] - Delayed 2 second(s)

2019-04-21 03:02:05 - [TEST_STEP][PASSED] - try: Actual object '2' and expected object '2' are equal

2019-04-21 03:02:05 - [TEST_STEP][PASSED] - driver = getWebDriver(): null

2019-04-21 03:02:05 - [TEST_STEP][PASSED] - Table = driver.findElements(By.xpath("//*[@id="content"]/div/div/div/div[2]/div[3]/div/div[2]/div/div[1]/div[4]/div[1]/div/div[2]/div[2]/fieldset/div/div/div/div")): null

2019-04-21 03:02:05 - [TEST_STEP][PASSED] - verifyEqual(size().toString(), "2"): Actual object '2' and expected object '2' are equal

2019-04-21 03:02:05 - [MESSAGE][PASSED] - Actual object '2' and expected object '2' are equal]]></system-out>
         <system-err><![CDATA[]]></system-err>
      </testcase>
      <testcase name="Test Cases/Template testcases/TC0877" classname="Test Cases/Template testcases/TC0877" status="PASSED">
         <system-out><![CDATA[2019-04-21 03:02:05 - [TEST_CASE][PASSED] - Test Cases/Template testcases/TC0877: Test Cases/Template testcases/TC0877

2019-04-21 03:02:05 - [TEST_STEP][PASSED] - callTestCase(findTestCase("Template testcases/TC0876"), [:], STOP_ON_FAILURE): Call Test Case 'Test Cases/Template testcases/TC0876' successfully

2019-04-21 03:02:05 - [TEST_CASE][PASSED] - Test Cases/Template testcases/TC0876: Test Cases/Template testcases/TC0876

2019-04-21 03:02:05 - [TEST_STEP][PASSED] - callTestCase(findTestCase("Template testcases/TC0871"), [:], STOP_ON_FAILURE): Call Test Case 'Test Cases/Template testcases/TC0871' successfully

2019-04-21 03:02:05 - [TEST_CASE][PASSED] - Test Cases/Template testcases/TC0871: Test Cases/Template testcases/TC0871

2019-04-21 03:02:05 - [TEST_STEP][PASSED] - callTestCase(findTestCase("Template testcases/TC0761"), [:], STOP_ON_FAILURE): Call Test Case 'Test Cases/Template testcases/TC0761' successfully

2019-04-21 03:02:05 - [TEST_CASE][PASSED] - Test Cases/Template testcases/TC0761: Test Cases/Template testcases/TC0761

2019-04-21 03:02:05 - [TEST_STEP][PASSED] - callTestCase(findTestCase("s-sidebar_navigation/individualAccount/Template"), [:], STOP_ON_FAILURE): Call Test Case 'Test Cases/s-sidebar_navigation/individualAccount/Template' successfully

2019-04-21 03:02:05 - [TEST_CASE][PASSED] - Test Cases/s-sidebar_navigation/individualAccount/Template: Test Cases/s-sidebar_navigation/individualAccount/Template

2019-04-21 03:02:05 - [TEST_STEP][PASSED] - click(findTestObject("Page_KiboPush  Dashboard/span_Broadcasts")): Object: 'Object Repository/Page_KiboPush  Dashboard/span_Broadcasts' is clicked on

2019-04-21 03:02:06 - [MESSAGE][PASSED] - Object: 'Object Repository/Page_KiboPush  Dashboard/span_Broadcasts' is clicked on

2019-04-21 03:02:06 - [TEST_STEP][PASSED] - delay(1): Delayed 1 second(s)

2019-04-21 03:02:07 - [MESSAGE][PASSED] - Delayed 1 second(s)

2019-04-21 03:02:07 - [TEST_STEP][PASSED] - click(findTestObject("Page_KiboPush  Dashboard/span_Templates")): Object: 'Object Repository/Page_KiboPush  Dashboard/span_Templates' is clicked on

2019-04-21 03:02:07 - [MESSAGE][PASSED] - Object: 'Object Repository/Page_KiboPush  Dashboard/span_Templates' is clicked on

2019-04-21 03:02:07 - [TEST_STEP][PASSED] - delay(3): Delayed 3 second(s)

2019-04-21 03:02:10 - [MESSAGE][PASSED] - Delayed 3 second(s)

2019-04-21 03:02:10 - [TEST_STEP][PASSED] - scrollToPosition(0, 0): Browser is scrolled to position x = 0, y = 0

2019-04-21 03:02:10 - [MESSAGE][PASSED] - Browser is scrolled to position x = 0, y = 0

2019-04-21 03:02:10 - [TEST_STEP][PASSED] - click(findTestObject("Object Repository/Page_KiboEngage  Templates/h3_Templates")): Object: 'Object Repository/Page_KiboEngage  Templates/h3_Templates' is clicked on

2019-04-21 03:02:10 - [MESSAGE][PASSED] - Object: 'Object Repository/Page_KiboEngage  Templates/h3_Templates' is clicked on

2019-04-21 03:02:10 - [TEST_STEP][PASSED] - delay(3): Delayed 3 second(s)

2019-04-21 03:02:13 - [MESSAGE][PASSED] - Delayed 3 second(s)

2019-04-21 03:02:13 - [MESSAGE][PASSED] - Call Test Case 'Test Cases/s-sidebar_navigation/individualAccount/Template' successfully

2019-04-21 03:02:13 - [TEST_STEP][PASSED] - driver = getWebDriver(): null

2019-04-21 03:02:13 - [TEST_STEP][PASSED] - rows_table = driver.findElements(By.xpath("//*[@id="content"]/div/div/div/div[2]/div[3]/div[2]/div[2]/div/div[2]/div[2]/div[2]/table/tbody/tr")): null

2019-04-21 03:02:13 - [TEST_STEP][PASSED] - println(rows_table.size()): null

2019-04-21 03:02:13 - [TEST_STEP][PASSED] - verifyGreaterThanOrEqual(rows_table.size(), 1): Actual number '3' is greater than or equal to expected number '1'

2019-04-21 03:02:13 - [MESSAGE][PASSED] - Actual number '3' is greater than or equal to expected number '1'

2019-04-21 03:02:13 - [MESSAGE][PASSED] - Call Test Case 'Test Cases/Template testcases/TC0761' successfully

2019-04-21 03:02:13 - [TEST_STEP][PASSED] - delay(3): Delayed 3 second(s)

2019-04-21 03:02:16 - [MESSAGE][PASSED] - Delayed 3 second(s)

2019-04-21 03:02:16 - [TEST_STEP][PASSED] - driver = getWebDriver(): null

2019-04-21 03:02:16 - [TEST_STEP][PASSED] - element = driver.findElement(By.xpath("//*[@id="content"]/div/div/div/div[2]/div[3]/div[2]/div[2]/div/div[1]/div[2]/a/button")): null

2019-04-21 03:02:16 - [TEST_STEP][PASSED] - element.click(): null

2019-04-21 03:02:16 - [TEST_STEP][PASSED] - scrollToPosition(0, 0): Browser is scrolled to position x = 0, y = 0

2019-04-21 03:02:16 - [MESSAGE][PASSED] - Browser is scrolled to position x = 0, y = 0

2019-04-21 03:02:16 - [TEST_STEP][PASSED] - delay(1): Delayed 1 second(s)

2019-04-21 03:02:17 - [MESSAGE][PASSED] - Delayed 1 second(s)

2019-04-21 03:02:17 - [TEST_STEP][PASSED] - click(findTestObject("Object Repository/Page_KiboPush  Create Survey/h3_Create Template Survey")): Object: 'Object Repository/Page_KiboPush  Create Survey/h3_Create Template Survey' is clicked on

2019-04-21 03:02:17 - [MESSAGE][PASSED] - Object: 'Object Repository/Page_KiboPush  Create Survey/h3_Create Template Survey' is clicked on

2019-04-21 03:02:17 - [MESSAGE][PASSED] - Call Test Case 'Test Cases/Template testcases/TC0871' successfully

2019-04-21 03:02:17 - [TEST_STEP][PASSED] - click(findTestObject("Object Repository/Page_KiboPush  Create Survey/button_Add Questions (1)")): Object: 'Object Repository/Page_KiboPush  Create Survey/button_Add Questions (1)' is clicked on

2019-04-21 03:02:18 - [MESSAGE][PASSED] - Object: 'Object Repository/Page_KiboPush  Create Survey/button_Add Questions (1)' is clicked on

2019-04-21 03:02:18 - [TEST_STEP][PASSED] - click(findTestObject("Object Repository/Page_KiboPush  Create Survey/span_fa fa-times (1)")): Object: 'Object Repository/Page_KiboPush  Create Survey/span_fa fa-times (1)' is clicked on

2019-04-21 03:02:18 - [MESSAGE][PASSED] - Object: 'Object Repository/Page_KiboPush  Create Survey/span_fa fa-times (1)' is clicked on

2019-04-21 03:02:18 - [TEST_STEP][PASSED] - delay(2): Delayed 2 second(s)

2019-04-21 03:02:20 - [MESSAGE][PASSED] - Delayed 2 second(s)

2019-04-21 03:02:20 - [TEST_STEP][PASSED] - try: Actual object '2' and expected object '2' are equal

2019-04-21 03:02:20 - [TEST_STEP][PASSED] - driver = getWebDriver(): null

2019-04-21 03:02:20 - [TEST_STEP][PASSED] - Table = driver.findElements(By.xpath("//*[@id="content"]/div/div/div/div[2]/div[3]/div/div[2]/div/div[1]/div[4]/div[1]/div/div[2]/div[2]/fieldset/div/div/div/div")): null

2019-04-21 03:02:20 - [TEST_STEP][PASSED] - verifyEqual(size().toString(), "2"): Actual object '2' and expected object '2' are equal

2019-04-21 03:02:20 - [MESSAGE][PASSED] - Actual object '2' and expected object '2' are equal

2019-04-21 03:02:20 - [MESSAGE][PASSED] - Call Test Case 'Test Cases/Template testcases/TC0876' successfully

2019-04-21 03:02:20 - [TEST_STEP][PASSED] - click(findTestObject("Object Repository/Page_KiboPush  Create Survey/span_fa fa-times (2)")): Object: 'Object Repository/Page_KiboPush  Create Survey/span_fa fa-times (2)' is clicked on

2019-04-21 03:02:20 - [MESSAGE][PASSED] - Object: 'Object Repository/Page_KiboPush  Create Survey/span_fa fa-times (2)' is clicked on

2019-04-21 03:02:20 - [TEST_STEP][PASSED] - click(findTestObject("Object Repository/Page_KiboPush  Create Survey/div_Atleast 2 options are requ")): Object: 'Object Repository/Page_KiboPush  Create Survey/div_Atleast 2 options are requ' is clicked on

2019-04-21 03:02:20 - [MESSAGE][PASSED] - Object: 'Object Repository/Page_KiboPush  Create Survey/div_Atleast 2 options are requ' is clicked on]]></system-out>
         <system-err><![CDATA[]]></system-err>
      </testcase>
      <testcase name="Test Cases/Template testcases/TC0878" classname="Test Cases/Template testcases/TC0878" status="PASSED">
         <system-out><![CDATA[2019-04-21 03:02:20 - [TEST_CASE][PASSED] - Test Cases/Template testcases/TC0878: Test Cases/Template testcases/TC0878

2019-04-21 03:02:20 - [TEST_STEP][PASSED] - callTestCase(findTestCase("Template testcases/TC0876"), [:], STOP_ON_FAILURE): Call Test Case 'Test Cases/Template testcases/TC0876' successfully

2019-04-21 03:02:20 - [TEST_CASE][PASSED] - Test Cases/Template testcases/TC0876: Test Cases/Template testcases/TC0876

2019-04-21 03:02:20 - [TEST_STEP][PASSED] - callTestCase(findTestCase("Template testcases/TC0871"), [:], STOP_ON_FAILURE): Call Test Case 'Test Cases/Template testcases/TC0871' successfully

2019-04-21 03:02:20 - [TEST_CASE][PASSED] - Test Cases/Template testcases/TC0871: Test Cases/Template testcases/TC0871

2019-04-21 03:02:20 - [TEST_STEP][PASSED] - callTestCase(findTestCase("Template testcases/TC0761"), [:], STOP_ON_FAILURE): Call Test Case 'Test Cases/Template testcases/TC0761' successfully

2019-04-21 03:02:20 - [TEST_CASE][PASSED] - Test Cases/Template testcases/TC0761: Test Cases/Template testcases/TC0761

2019-04-21 03:02:20 - [TEST_STEP][PASSED] - callTestCase(findTestCase("s-sidebar_navigation/individualAccount/Template"), [:], STOP_ON_FAILURE): Call Test Case 'Test Cases/s-sidebar_navigation/individualAccount/Template' successfully

2019-04-21 03:02:20 - [TEST_CASE][PASSED] - Test Cases/s-sidebar_navigation/individualAccount/Template: Test Cases/s-sidebar_navigation/individualAccount/Template

2019-04-21 03:02:20 - [TEST_STEP][PASSED] - click(findTestObject("Page_KiboPush  Dashboard/span_Broadcasts")): Object: 'Object Repository/Page_KiboPush  Dashboard/span_Broadcasts' is clicked on

2019-04-21 03:02:21 - [MESSAGE][PASSED] - Object: 'Object Repository/Page_KiboPush  Dashboard/span_Broadcasts' is clicked on

2019-04-21 03:02:21 - [TEST_STEP][PASSED] - delay(1): Delayed 1 second(s)

2019-04-21 03:02:22 - [MESSAGE][PASSED] - Delayed 1 second(s)

2019-04-21 03:02:22 - [TEST_STEP][PASSED] - click(findTestObject("Page_KiboPush  Dashboard/span_Templates")): Object: 'Object Repository/Page_KiboPush  Dashboard/span_Templates' is clicked on

2019-04-21 03:02:22 - [MESSAGE][PASSED] - Object: 'Object Repository/Page_KiboPush  Dashboard/span_Templates' is clicked on

2019-04-21 03:02:22 - [TEST_STEP][PASSED] - delay(3): Delayed 3 second(s)

2019-04-21 03:02:25 - [MESSAGE][PASSED] - Delayed 3 second(s)

2019-04-21 03:02:25 - [TEST_STEP][PASSED] - scrollToPosition(0, 0): Browser is scrolled to position x = 0, y = 0

2019-04-21 03:02:25 - [MESSAGE][PASSED] - Browser is scrolled to position x = 0, y = 0

2019-04-21 03:02:25 - [TEST_STEP][PASSED] - click(findTestObject("Object Repository/Page_KiboEngage  Templates/h3_Templates")): Object: 'Object Repository/Page_KiboEngage  Templates/h3_Templates' is clicked on

2019-04-21 03:02:25 - [MESSAGE][PASSED] - Object: 'Object Repository/Page_KiboEngage  Templates/h3_Templates' is clicked on

2019-04-21 03:02:25 - [TEST_STEP][PASSED] - delay(3): Delayed 3 second(s)

2019-04-21 03:02:28 - [MESSAGE][PASSED] - Delayed 3 second(s)

2019-04-21 03:02:28 - [MESSAGE][PASSED] - Call Test Case 'Test Cases/s-sidebar_navigation/individualAccount/Template' successfully

2019-04-21 03:02:28 - [TEST_STEP][PASSED] - driver = getWebDriver(): null

2019-04-21 03:02:28 - [TEST_STEP][PASSED] - rows_table = driver.findElements(By.xpath("//*[@id="content"]/div/div/div/div[2]/div[3]/div[2]/div[2]/div/div[2]/div[2]/div[2]/table/tbody/tr")): null

2019-04-21 03:02:28 - [TEST_STEP][PASSED] - println(rows_table.size()): null

2019-04-21 03:02:28 - [TEST_STEP][PASSED] - verifyGreaterThanOrEqual(rows_table.size(), 1): Actual number '3' is greater than or equal to expected number '1'

2019-04-21 03:02:28 - [MESSAGE][PASSED] - Actual number '3' is greater than or equal to expected number '1'

2019-04-21 03:02:28 - [MESSAGE][PASSED] - Call Test Case 'Test Cases/Template testcases/TC0761' successfully

2019-04-21 03:02:28 - [TEST_STEP][PASSED] - delay(3): Delayed 3 second(s)

2019-04-21 03:02:31 - [MESSAGE][PASSED] - Delayed 3 second(s)

2019-04-21 03:02:31 - [TEST_STEP][PASSED] - driver = getWebDriver(): null

2019-04-21 03:02:31 - [TEST_STEP][PASSED] - element = driver.findElement(By.xpath("//*[@id="content"]/div/div/div/div[2]/div[3]/div[2]/div[2]/div/div[1]/div[2]/a/button")): null

2019-04-21 03:02:31 - [TEST_STEP][PASSED] - element.click(): null

2019-04-21 03:02:32 - [TEST_STEP][PASSED] - scrollToPosition(0, 0): Browser is scrolled to position x = 0, y = 0

2019-04-21 03:02:32 - [MESSAGE][PASSED] - Browser is scrolled to position x = 0, y = 0

2019-04-21 03:02:32 - [TEST_STEP][PASSED] - delay(1): Delayed 1 second(s)

2019-04-21 03:02:33 - [MESSAGE][PASSED] - Delayed 1 second(s)

2019-04-21 03:02:33 - [TEST_STEP][PASSED] - click(findTestObject("Object Repository/Page_KiboPush  Create Survey/h3_Create Template Survey")): Object: 'Object Repository/Page_KiboPush  Create Survey/h3_Create Template Survey' is clicked on

2019-04-21 03:02:33 - [MESSAGE][PASSED] - Object: 'Object Repository/Page_KiboPush  Create Survey/h3_Create Template Survey' is clicked on

2019-04-21 03:02:33 - [MESSAGE][PASSED] - Call Test Case 'Test Cases/Template testcases/TC0871' successfully

2019-04-21 03:02:33 - [TEST_STEP][PASSED] - click(findTestObject("Object Repository/Page_KiboPush  Create Survey/button_Add Questions (1)")): Object: 'Object Repository/Page_KiboPush  Create Survey/button_Add Questions (1)' is clicked on

2019-04-21 03:02:33 - [MESSAGE][PASSED] - Object: 'Object Repository/Page_KiboPush  Create Survey/button_Add Questions (1)' is clicked on

2019-04-21 03:02:33 - [TEST_STEP][PASSED] - click(findTestObject("Object Repository/Page_KiboPush  Create Survey/span_fa fa-times (1)")): Object: 'Object Repository/Page_KiboPush  Create Survey/span_fa fa-times (1)' is clicked on

2019-04-21 03:02:33 - [MESSAGE][PASSED] - Object: 'Object Repository/Page_KiboPush  Create Survey/span_fa fa-times (1)' is clicked on

2019-04-21 03:02:33 - [TEST_STEP][PASSED] - delay(2): Delayed 2 second(s)

2019-04-21 03:02:35 - [MESSAGE][PASSED] - Delayed 2 second(s)

2019-04-21 03:02:35 - [TEST_STEP][PASSED] - try: Actual object '2' and expected object '2' are equal

2019-04-21 03:02:35 - [TEST_STEP][PASSED] - driver = getWebDriver(): null

2019-04-21 03:02:35 - [TEST_STEP][PASSED] - Table = driver.findElements(By.xpath("//*[@id="content"]/div/div/div/div[2]/div[3]/div/div[2]/div/div[1]/div[4]/div[1]/div/div[2]/div[2]/fieldset/div/div/div/div")): null

2019-04-21 03:02:35 - [TEST_STEP][PASSED] - verifyEqual(size().toString(), "2"): Actual object '2' and expected object '2' are equal

2019-04-21 03:02:35 - [MESSAGE][PASSED] - Actual object '2' and expected object '2' are equal

2019-04-21 03:02:35 - [MESSAGE][PASSED] - Call Test Case 'Test Cases/Template testcases/TC0876' successfully

2019-04-21 03:02:35 - [TEST_STEP][PASSED] - click(findTestObject("Object Repository/Page_KiboPush  Create Survey/button_Add Choices")): Object: 'Object Repository/Page_KiboPush  Create Survey/button_Add Choices' is clicked on

2019-04-21 03:02:35 - [MESSAGE][PASSED] - Object: 'Object Repository/Page_KiboPush  Create Survey/button_Add Choices' is clicked on

2019-04-21 03:02:35 - [TEST_STEP][PASSED] - delay(2): Delayed 2 second(s)

2019-04-21 03:02:37 - [MESSAGE][PASSED] - Delayed 2 second(s)

2019-04-21 03:02:37 - [TEST_STEP][PASSED] - try: Actual object '3' and expected object '3' are equal

2019-04-21 03:02:37 - [TEST_STEP][PASSED] - driver = getWebDriver(): null

2019-04-21 03:02:37 - [TEST_STEP][PASSED] - Table = driver.findElements(By.xpath("//*[@id="content"]/div/div/div/div[2]/div[3]/div/div[2]/div/div[1]/div[4]/div[1]/div/div[2]/div[2]/fieldset/div/div/div/div")): null

2019-04-21 03:02:37 - [TEST_STEP][PASSED] - verifyEqual(size().toString(), "3"): Actual object '3' and expected object '3' are equal

2019-04-21 03:02:37 - [MESSAGE][PASSED] - Actual object '3' and expected object '3' are equal]]></system-out>
         <system-err><![CDATA[]]></system-err>
      </testcase>
      <testcase name="Test Cases/Template testcases/TC0879" classname="Test Cases/Template testcases/TC0879" status="PASSED">
         <system-out><![CDATA[2019-04-21 03:02:37 - [TEST_CASE][PASSED] - Test Cases/Template testcases/TC0879: Test Cases/Template testcases/TC0879

2019-04-21 03:02:38 - [TEST_STEP][PASSED] - callTestCase(findTestCase("Template testcases/TC0871"), [:], STOP_ON_FAILURE): Call Test Case 'Test Cases/Template testcases/TC0871' successfully

2019-04-21 03:02:38 - [TEST_CASE][PASSED] - Test Cases/Template testcases/TC0871: Test Cases/Template testcases/TC0871

2019-04-21 03:02:38 - [TEST_STEP][PASSED] - callTestCase(findTestCase("Template testcases/TC0761"), [:], STOP_ON_FAILURE): Call Test Case 'Test Cases/Template testcases/TC0761' successfully

2019-04-21 03:02:38 - [TEST_CASE][PASSED] - Test Cases/Template testcases/TC0761: Test Cases/Template testcases/TC0761

2019-04-21 03:02:38 - [TEST_STEP][PASSED] - callTestCase(findTestCase("s-sidebar_navigation/individualAccount/Template"), [:], STOP_ON_FAILURE): Call Test Case 'Test Cases/s-sidebar_navigation/individualAccount/Template' successfully

2019-04-21 03:02:38 - [TEST_CASE][PASSED] - Test Cases/s-sidebar_navigation/individualAccount/Template: Test Cases/s-sidebar_navigation/individualAccount/Template

2019-04-21 03:02:38 - [TEST_STEP][PASSED] - click(findTestObject("Page_KiboPush  Dashboard/span_Broadcasts")): Object: 'Object Repository/Page_KiboPush  Dashboard/span_Broadcasts' is clicked on

2019-04-21 03:02:38 - [MESSAGE][PASSED] - Object: 'Object Repository/Page_KiboPush  Dashboard/span_Broadcasts' is clicked on

2019-04-21 03:02:38 - [TEST_STEP][PASSED] - delay(1): Delayed 1 second(s)

2019-04-21 03:02:39 - [MESSAGE][PASSED] - Delayed 1 second(s)

2019-04-21 03:02:39 - [TEST_STEP][PASSED] - click(findTestObject("Page_KiboPush  Dashboard/span_Templates")): Object: 'Object Repository/Page_KiboPush  Dashboard/span_Templates' is clicked on

2019-04-21 03:02:39 - [MESSAGE][PASSED] - Object: 'Object Repository/Page_KiboPush  Dashboard/span_Templates' is clicked on

2019-04-21 03:02:39 - [TEST_STEP][PASSED] - delay(3): Delayed 3 second(s)

2019-04-21 03:02:42 - [MESSAGE][PASSED] - Delayed 3 second(s)

2019-04-21 03:02:42 - [TEST_STEP][PASSED] - scrollToPosition(0, 0): Browser is scrolled to position x = 0, y = 0

2019-04-21 03:02:42 - [MESSAGE][PASSED] - Browser is scrolled to position x = 0, y = 0

2019-04-21 03:02:42 - [TEST_STEP][PASSED] - click(findTestObject("Object Repository/Page_KiboEngage  Templates/h3_Templates")): Object: 'Object Repository/Page_KiboEngage  Templates/h3_Templates' is clicked on

2019-04-21 03:02:43 - [MESSAGE][PASSED] - Object: 'Object Repository/Page_KiboEngage  Templates/h3_Templates' is clicked on

2019-04-21 03:02:43 - [TEST_STEP][PASSED] - delay(3): Delayed 3 second(s)

2019-04-21 03:02:46 - [MESSAGE][PASSED] - Delayed 3 second(s)

2019-04-21 03:02:46 - [MESSAGE][PASSED] - Call Test Case 'Test Cases/s-sidebar_navigation/individualAccount/Template' successfully

2019-04-21 03:02:46 - [TEST_STEP][PASSED] - driver = getWebDriver(): null

2019-04-21 03:02:46 - [TEST_STEP][PASSED] - rows_table = driver.findElements(By.xpath("//*[@id="content"]/div/div/div/div[2]/div[3]/div[2]/div[2]/div/div[2]/div[2]/div[2]/table/tbody/tr")): null

2019-04-21 03:02:46 - [TEST_STEP][PASSED] - println(rows_table.size()): null

2019-04-21 03:02:46 - [TEST_STEP][PASSED] - verifyGreaterThanOrEqual(rows_table.size(), 1): Actual number '3' is greater than or equal to expected number '1'

2019-04-21 03:02:46 - [MESSAGE][PASSED] - Actual number '3' is greater than or equal to expected number '1'

2019-04-21 03:02:46 - [MESSAGE][PASSED] - Call Test Case 'Test Cases/Template testcases/TC0761' successfully

2019-04-21 03:02:46 - [TEST_STEP][PASSED] - delay(3): Delayed 3 second(s)

2019-04-21 03:02:49 - [MESSAGE][PASSED] - Delayed 3 second(s)

2019-04-21 03:02:49 - [TEST_STEP][PASSED] - driver = getWebDriver(): null

2019-04-21 03:02:49 - [TEST_STEP][PASSED] - element = driver.findElement(By.xpath("//*[@id="content"]/div/div/div/div[2]/div[3]/div[2]/div[2]/div/div[1]/div[2]/a/button")): null

2019-04-21 03:02:49 - [TEST_STEP][PASSED] - element.click(): null

2019-04-21 03:02:49 - [TEST_STEP][PASSED] - scrollToPosition(0, 0): Browser is scrolled to position x = 0, y = 0

2019-04-21 03:02:49 - [MESSAGE][PASSED] - Browser is scrolled to position x = 0, y = 0

2019-04-21 03:02:49 - [TEST_STEP][PASSED] - delay(1): Delayed 1 second(s)

2019-04-21 03:02:50 - [MESSAGE][PASSED] - Delayed 1 second(s)

2019-04-21 03:02:50 - [TEST_STEP][PASSED] - click(findTestObject("Object Repository/Page_KiboPush  Create Survey/h3_Create Template Survey")): Object: 'Object Repository/Page_KiboPush  Create Survey/h3_Create Template Survey' is clicked on

2019-04-21 03:02:50 - [MESSAGE][PASSED] - Object: 'Object Repository/Page_KiboPush  Create Survey/h3_Create Template Survey' is clicked on

2019-04-21 03:02:50 - [MESSAGE][PASSED] - Call Test Case 'Test Cases/Template testcases/TC0871' successfully

2019-04-21 03:02:50 - [TEST_STEP][PASSED] - click(findTestObject("Object Repository/Page_KiboPush  Create Survey/h3_Create Template Survey (3)")): Object: 'Object Repository/Page_KiboPush  Create Survey/h3_Create Template Survey (3)' is clicked on

2019-04-21 03:02:50 - [MESSAGE][PASSED] - Object: 'Object Repository/Page_KiboPush  Create Survey/h3_Create Template Survey (3)' is clicked on

2019-04-21 03:02:50 - [TEST_STEP][PASSED] - click(findTestObject("Object Repository/Page_KiboPush  Create Survey/button_Create Survey (1)")): Object: 'Object Repository/Page_KiboPush  Create Survey/button_Create Survey (1)' is clicked on

2019-04-21 03:02:50 - [MESSAGE][PASSED] - Object: 'Object Repository/Page_KiboPush  Create Survey/button_Create Survey (1)' is clicked on

2019-04-21 03:02:50 - [TEST_STEP][PASSED] - click(findTestObject("Object Repository/Page_KiboPush  Create Survey/div_Please add a title")): Object: 'Object Repository/Page_KiboPush  Create Survey/div_Please add a title' is clicked on

2019-04-21 03:02:50 - [MESSAGE][PASSED] - Object: 'Object Repository/Page_KiboPush  Create Survey/div_Please add a title' is clicked on]]></system-out>
         <system-err><![CDATA[]]></system-err>
      </testcase>
      <testcase name="Test Cases/Template testcases/TC0880" classname="Test Cases/Template testcases/TC0880" status="PASSED">
         <system-out><![CDATA[2019-04-21 03:02:50 - [TEST_CASE][PASSED] - Test Cases/Template testcases/TC0880: Test Cases/Template testcases/TC0880

2019-04-21 03:02:51 - [TEST_STEP][PASSED] - callTestCase(findTestCase("Template testcases/TC0871"), [:], STOP_ON_FAILURE): Call Test Case 'Test Cases/Template testcases/TC0871' successfully

2019-04-21 03:02:51 - [TEST_CASE][PASSED] - Test Cases/Template testcases/TC0871: Test Cases/Template testcases/TC0871

2019-04-21 03:02:51 - [TEST_STEP][PASSED] - callTestCase(findTestCase("Template testcases/TC0761"), [:], STOP_ON_FAILURE): Call Test Case 'Test Cases/Template testcases/TC0761' successfully

2019-04-21 03:02:51 - [TEST_CASE][PASSED] - Test Cases/Template testcases/TC0761: Test Cases/Template testcases/TC0761

2019-04-21 03:02:51 - [TEST_STEP][PASSED] - callTestCase(findTestCase("s-sidebar_navigation/individualAccount/Template"), [:], STOP_ON_FAILURE): Call Test Case 'Test Cases/s-sidebar_navigation/individualAccount/Template' successfully

2019-04-21 03:02:51 - [TEST_CASE][PASSED] - Test Cases/s-sidebar_navigation/individualAccount/Template: Test Cases/s-sidebar_navigation/individualAccount/Template

2019-04-21 03:02:51 - [TEST_STEP][PASSED] - click(findTestObject("Page_KiboPush  Dashboard/span_Broadcasts")): Object: 'Object Repository/Page_KiboPush  Dashboard/span_Broadcasts' is clicked on

2019-04-21 03:02:51 - [MESSAGE][PASSED] - Object: 'Object Repository/Page_KiboPush  Dashboard/span_Broadcasts' is clicked on

2019-04-21 03:02:51 - [TEST_STEP][PASSED] - delay(1): Delayed 1 second(s)

2019-04-21 03:02:52 - [MESSAGE][PASSED] - Delayed 1 second(s)

2019-04-21 03:02:52 - [TEST_STEP][PASSED] - click(findTestObject("Page_KiboPush  Dashboard/span_Templates")): Object: 'Object Repository/Page_KiboPush  Dashboard/span_Templates' is clicked on

2019-04-21 03:02:52 - [MESSAGE][PASSED] - Object: 'Object Repository/Page_KiboPush  Dashboard/span_Templates' is clicked on

2019-04-21 03:02:52 - [TEST_STEP][PASSED] - delay(3): Delayed 3 second(s)

2019-04-21 03:02:55 - [MESSAGE][PASSED] - Delayed 3 second(s)

2019-04-21 03:02:55 - [TEST_STEP][PASSED] - scrollToPosition(0, 0): Browser is scrolled to position x = 0, y = 0

2019-04-21 03:02:55 - [MESSAGE][PASSED] - Browser is scrolled to position x = 0, y = 0

2019-04-21 03:02:55 - [TEST_STEP][PASSED] - click(findTestObject("Object Repository/Page_KiboEngage  Templates/h3_Templates")): Object: 'Object Repository/Page_KiboEngage  Templates/h3_Templates' is clicked on

2019-04-21 03:02:55 - [MESSAGE][PASSED] - Object: 'Object Repository/Page_KiboEngage  Templates/h3_Templates' is clicked on

2019-04-21 03:02:55 - [TEST_STEP][PASSED] - delay(3): Delayed 3 second(s)

2019-04-21 03:02:58 - [MESSAGE][PASSED] - Delayed 3 second(s)

2019-04-21 03:02:58 - [MESSAGE][PASSED] - Call Test Case 'Test Cases/s-sidebar_navigation/individualAccount/Template' successfully

2019-04-21 03:02:58 - [TEST_STEP][PASSED] - driver = getWebDriver(): null

2019-04-21 03:02:58 - [TEST_STEP][PASSED] - rows_table = driver.findElements(By.xpath("//*[@id="content"]/div/div/div/div[2]/div[3]/div[2]/div[2]/div/div[2]/div[2]/div[2]/table/tbody/tr")): null

2019-04-21 03:02:58 - [TEST_STEP][PASSED] - println(rows_table.size()): null

2019-04-21 03:02:58 - [TEST_STEP][PASSED] - verifyGreaterThanOrEqual(rows_table.size(), 1): Actual number '3' is greater than or equal to expected number '1'

2019-04-21 03:02:58 - [MESSAGE][PASSED] - Actual number '3' is greater than or equal to expected number '1'

2019-04-21 03:02:58 - [MESSAGE][PASSED] - Call Test Case 'Test Cases/Template testcases/TC0761' successfully

2019-04-21 03:02:58 - [TEST_STEP][PASSED] - delay(3): Delayed 3 second(s)

2019-04-21 03:03:01 - [MESSAGE][PASSED] - Delayed 3 second(s)

2019-04-21 03:03:01 - [TEST_STEP][PASSED] - driver = getWebDriver(): null

2019-04-21 03:03:01 - [TEST_STEP][PASSED] - element = driver.findElement(By.xpath("//*[@id="content"]/div/div/div/div[2]/div[3]/div[2]/div[2]/div/div[1]/div[2]/a/button")): null

2019-04-21 03:03:01 - [TEST_STEP][PASSED] - element.click(): null

2019-04-21 03:03:02 - [TEST_STEP][PASSED] - scrollToPosition(0, 0): Browser is scrolled to position x = 0, y = 0

2019-04-21 03:03:02 - [MESSAGE][PASSED] - Browser is scrolled to position x = 0, y = 0

2019-04-21 03:03:02 - [TEST_STEP][PASSED] - delay(1): Delayed 1 second(s)

2019-04-21 03:03:03 - [MESSAGE][PASSED] - Delayed 1 second(s)

2019-04-21 03:03:03 - [TEST_STEP][PASSED] - click(findTestObject("Object Repository/Page_KiboPush  Create Survey/h3_Create Template Survey")): Object: 'Object Repository/Page_KiboPush  Create Survey/h3_Create Template Survey' is clicked on

2019-04-21 03:03:03 - [MESSAGE][PASSED] - Object: 'Object Repository/Page_KiboPush  Create Survey/h3_Create Template Survey' is clicked on

2019-04-21 03:03:03 - [MESSAGE][PASSED] - Call Test Case 'Test Cases/Template testcases/TC0871' successfully

2019-04-21 03:03:03 - [TEST_STEP][PASSED] - click(findTestObject("Object Repository/Page_KiboPush  Create Survey/h3_Create Template Survey (4)")): Object: 'Object Repository/Page_KiboPush  Create Survey/h3_Create Template Survey (4)' is clicked on

2019-04-21 03:03:03 - [MESSAGE][PASSED] - Object: 'Object Repository/Page_KiboPush  Create Survey/h3_Create Template Survey (4)' is clicked on

2019-04-21 03:03:03 - [TEST_STEP][PASSED] - setText(findTestObject("Object Repository/Page_KiboPush  Create Survey/input_form-control (1)"), "hi"): Text 'hi' is set on object 'Object Repository/Page_KiboPush  Create Survey/input_form-control (1)'

2019-04-21 03:03:03 - [MESSAGE][PASSED] - Text 'hi' is set on object 'Object Repository/Page_KiboPush  Create Survey/input_form-control (1)'

2019-04-21 03:03:03 - [TEST_STEP][PASSED] - click(findTestObject("Object Repository/Page_KiboPush  Create Survey/button_Create Survey (2)")): Object: 'Object Repository/Page_KiboPush  Create Survey/button_Create Survey (2)' is clicked on

2019-04-21 03:03:03 - [MESSAGE][PASSED] - Object: 'Object Repository/Page_KiboPush  Create Survey/button_Create Survey (2)' is clicked on

2019-04-21 03:03:03 - [TEST_STEP][PASSED] - click(findTestObject("Object Repository/Page_KiboPush  Create Survey/div_Please add a description")): Object: 'Object Repository/Page_KiboPush  Create Survey/div_Please add a description' is clicked on

2019-04-21 03:03:04 - [MESSAGE][PASSED] - Object: 'Object Repository/Page_KiboPush  Create Survey/div_Please add a description' is clicked on]]></system-out>
         <system-err><![CDATA[]]></system-err>
      </testcase>
      <testcase name="Test Cases/Template testcases/TC0881" classname="Test Cases/Template testcases/TC0881" status="PASSED">
         <system-out><![CDATA[2019-04-21 03:03:04 - [TEST_CASE][PASSED] - Test Cases/Template testcases/TC0881: Test Cases/Template testcases/TC0881

2019-04-21 03:03:04 - [TEST_STEP][PASSED] - callTestCase(findTestCase("Template testcases/TC0871"), [:], STOP_ON_FAILURE): Call Test Case 'Test Cases/Template testcases/TC0871' successfully

2019-04-21 03:03:04 - [TEST_CASE][PASSED] - Test Cases/Template testcases/TC0871: Test Cases/Template testcases/TC0871

2019-04-21 03:03:04 - [TEST_STEP][PASSED] - callTestCase(findTestCase("Template testcases/TC0761"), [:], STOP_ON_FAILURE): Call Test Case 'Test Cases/Template testcases/TC0761' successfully

2019-04-21 03:03:04 - [TEST_CASE][PASSED] - Test Cases/Template testcases/TC0761: Test Cases/Template testcases/TC0761

2019-04-21 03:03:04 - [TEST_STEP][PASSED] - callTestCase(findTestCase("s-sidebar_navigation/individualAccount/Template"), [:], STOP_ON_FAILURE): Call Test Case 'Test Cases/s-sidebar_navigation/individualAccount/Template' successfully

2019-04-21 03:03:04 - [TEST_CASE][PASSED] - Test Cases/s-sidebar_navigation/individualAccount/Template: Test Cases/s-sidebar_navigation/individualAccount/Template

2019-04-21 03:03:04 - [TEST_STEP][PASSED] - click(findTestObject("Page_KiboPush  Dashboard/span_Broadcasts")): Object: 'Object Repository/Page_KiboPush  Dashboard/span_Broadcasts' is clicked on

2019-04-21 03:03:04 - [MESSAGE][PASSED] - Object: 'Object Repository/Page_KiboPush  Dashboard/span_Broadcasts' is clicked on

2019-04-21 03:03:04 - [TEST_STEP][PASSED] - delay(1): Delayed 1 second(s)

2019-04-21 03:03:05 - [MESSAGE][PASSED] - Delayed 1 second(s)

2019-04-21 03:03:05 - [TEST_STEP][PASSED] - click(findTestObject("Page_KiboPush  Dashboard/span_Templates")): Object: 'Object Repository/Page_KiboPush  Dashboard/span_Templates' is clicked on

2019-04-21 03:03:06 - [MESSAGE][PASSED] - Object: 'Object Repository/Page_KiboPush  Dashboard/span_Templates' is clicked on

2019-04-21 03:03:06 - [TEST_STEP][PASSED] - delay(3): Delayed 3 second(s)

2019-04-21 03:03:09 - [MESSAGE][PASSED] - Delayed 3 second(s)

2019-04-21 03:03:09 - [TEST_STEP][PASSED] - scrollToPosition(0, 0): Browser is scrolled to position x = 0, y = 0

2019-04-21 03:03:09 - [MESSAGE][PASSED] - Browser is scrolled to position x = 0, y = 0

2019-04-21 03:03:09 - [TEST_STEP][PASSED] - click(findTestObject("Object Repository/Page_KiboEngage  Templates/h3_Templates")): Object: 'Object Repository/Page_KiboEngage  Templates/h3_Templates' is clicked on

2019-04-21 03:03:09 - [MESSAGE][PASSED] - Object: 'Object Repository/Page_KiboEngage  Templates/h3_Templates' is clicked on

2019-04-21 03:03:09 - [TEST_STEP][PASSED] - delay(3): Delayed 3 second(s)

2019-04-21 03:03:12 - [MESSAGE][PASSED] - Delayed 3 second(s)

2019-04-21 03:03:12 - [MESSAGE][PASSED] - Call Test Case 'Test Cases/s-sidebar_navigation/individualAccount/Template' successfully

2019-04-21 03:03:12 - [TEST_STEP][PASSED] - driver = getWebDriver(): null

2019-04-21 03:03:12 - [TEST_STEP][PASSED] - rows_table = driver.findElements(By.xpath("//*[@id="content"]/div/div/div/div[2]/div[3]/div[2]/div[2]/div/div[2]/div[2]/div[2]/table/tbody/tr")): null

2019-04-21 03:03:12 - [TEST_STEP][PASSED] - println(rows_table.size()): null

2019-04-21 03:03:12 - [TEST_STEP][PASSED] - verifyGreaterThanOrEqual(rows_table.size(), 1): Actual number '3' is greater than or equal to expected number '1'

2019-04-21 03:03:12 - [MESSAGE][PASSED] - Actual number '3' is greater than or equal to expected number '1'

2019-04-21 03:03:12 - [MESSAGE][PASSED] - Call Test Case 'Test Cases/Template testcases/TC0761' successfully

2019-04-21 03:03:12 - [TEST_STEP][PASSED] - delay(3): Delayed 3 second(s)

2019-04-21 03:03:15 - [MESSAGE][PASSED] - Delayed 3 second(s)

2019-04-21 03:03:15 - [TEST_STEP][PASSED] - driver = getWebDriver(): null

2019-04-21 03:03:15 - [TEST_STEP][PASSED] - element = driver.findElement(By.xpath("//*[@id="content"]/div/div/div/div[2]/div[3]/div[2]/div[2]/div/div[1]/div[2]/a/button")): null

2019-04-21 03:03:15 - [TEST_STEP][PASSED] - element.click(): null

2019-04-21 03:03:15 - [TEST_STEP][PASSED] - scrollToPosition(0, 0): Browser is scrolled to position x = 0, y = 0

2019-04-21 03:03:15 - [MESSAGE][PASSED] - Browser is scrolled to position x = 0, y = 0

2019-04-21 03:03:15 - [TEST_STEP][PASSED] - delay(1): Delayed 1 second(s)

2019-04-21 03:03:16 - [MESSAGE][PASSED] - Delayed 1 second(s)

2019-04-21 03:03:16 - [TEST_STEP][PASSED] - click(findTestObject("Object Repository/Page_KiboPush  Create Survey/h3_Create Template Survey")): Object: 'Object Repository/Page_KiboPush  Create Survey/h3_Create Template Survey' is clicked on

2019-04-21 03:03:16 - [MESSAGE][PASSED] - Object: 'Object Repository/Page_KiboPush  Create Survey/h3_Create Template Survey' is clicked on

2019-04-21 03:03:16 - [MESSAGE][PASSED] - Call Test Case 'Test Cases/Template testcases/TC0871' successfully

2019-04-21 03:03:16 - [TEST_STEP][PASSED] - click(findTestObject("Object Repository/Page_KiboPush  Create Survey/h3_Create Template Survey (4) (1)")): Object: 'Object Repository/Page_KiboPush  Create Survey/h3_Create Template Survey (4) (1)' is clicked on

2019-04-21 03:03:16 - [MESSAGE][PASSED] - Object: 'Object Repository/Page_KiboPush  Create Survey/h3_Create Template Survey (4) (1)' is clicked on

2019-04-21 03:03:16 - [TEST_STEP][PASSED] - setText(findTestObject("Object Repository/Page_KiboPush  Create Survey/input_form-control (1) (1)"), "hi"): Text 'hi' is set on object 'Object Repository/Page_KiboPush  Create Survey/input_form-control (1) (1)'

2019-04-21 03:03:16 - [MESSAGE][PASSED] - Text 'hi' is set on object 'Object Repository/Page_KiboPush  Create Survey/input_form-control (1) (1)'

2019-04-21 03:03:16 - [TEST_STEP][PASSED] - setText(findTestObject("Object Repository/Page_KiboPush  Create Survey/textarea_form-control (1)"), "bye"): Text 'bye' is set on object 'Object Repository/Page_KiboPush  Create Survey/textarea_form-control (1)'

2019-04-21 03:03:17 - [MESSAGE][PASSED] - Text 'bye' is set on object 'Object Repository/Page_KiboPush  Create Survey/textarea_form-control (1)'

2019-04-21 03:03:17 - [TEST_STEP][PASSED] - click(findTestObject("Object Repository/Page_KiboPush  Create Survey/button_Create Survey (3)")): Object: 'Object Repository/Page_KiboPush  Create Survey/button_Create Survey (3)' is clicked on

2019-04-21 03:03:17 - [MESSAGE][PASSED] - Object: 'Object Repository/Page_KiboPush  Create Survey/button_Create Survey (3)' is clicked on

2019-04-21 03:03:17 - [TEST_STEP][PASSED] - click(findTestObject("Object Repository/Page_KiboPush  Create Survey/div_Please select a category")): Object: 'Object Repository/Page_KiboPush  Create Survey/div_Please select a category' is clicked on

2019-04-21 03:03:17 - [MESSAGE][PASSED] - Object: 'Object Repository/Page_KiboPush  Create Survey/div_Please select a category' is clicked on]]></system-out>
         <system-err><![CDATA[]]></system-err>
      </testcase>
      <testcase name="Test Cases/Template testcases/TC0882" classname="Test Cases/Template testcases/TC0882" status="PASSED">
         <system-out><![CDATA[2019-04-21 03:03:17 - [TEST_CASE][PASSED] - Test Cases/Template testcases/TC0882: Test Cases/Template testcases/TC0882

2019-04-21 03:03:17 - [TEST_STEP][PASSED] - callTestCase(findTestCase("Template testcases/TC0871"), [:], STOP_ON_FAILURE): Call Test Case 'Test Cases/Template testcases/TC0871' successfully

2019-04-21 03:03:17 - [TEST_CASE][PASSED] - Test Cases/Template testcases/TC0871: Test Cases/Template testcases/TC0871

2019-04-21 03:03:17 - [TEST_STEP][PASSED] - callTestCase(findTestCase("Template testcases/TC0761"), [:], STOP_ON_FAILURE): Call Test Case 'Test Cases/Template testcases/TC0761' successfully

2019-04-21 03:03:18 - [TEST_CASE][PASSED] - Test Cases/Template testcases/TC0761: Test Cases/Template testcases/TC0761

2019-04-21 03:03:18 - [TEST_STEP][PASSED] - callTestCase(findTestCase("s-sidebar_navigation/individualAccount/Template"), [:], STOP_ON_FAILURE): Call Test Case 'Test Cases/s-sidebar_navigation/individualAccount/Template' successfully

2019-04-21 03:03:18 - [TEST_CASE][PASSED] - Test Cases/s-sidebar_navigation/individualAccount/Template: Test Cases/s-sidebar_navigation/individualAccount/Template

2019-04-21 03:03:18 - [TEST_STEP][PASSED] - click(findTestObject("Page_KiboPush  Dashboard/span_Broadcasts")): Object: 'Object Repository/Page_KiboPush  Dashboard/span_Broadcasts' is clicked on

2019-04-21 03:03:18 - [MESSAGE][PASSED] - Object: 'Object Repository/Page_KiboPush  Dashboard/span_Broadcasts' is clicked on

2019-04-21 03:03:18 - [TEST_STEP][PASSED] - delay(1): Delayed 1 second(s)

2019-04-21 03:03:19 - [MESSAGE][PASSED] - Delayed 1 second(s)

2019-04-21 03:03:19 - [TEST_STEP][PASSED] - click(findTestObject("Page_KiboPush  Dashboard/span_Templates")): Object: 'Object Repository/Page_KiboPush  Dashboard/span_Templates' is clicked on

2019-04-21 03:03:19 - [MESSAGE][PASSED] - Object: 'Object Repository/Page_KiboPush  Dashboard/span_Templates' is clicked on

2019-04-21 03:03:19 - [TEST_STEP][PASSED] - delay(3): Delayed 3 second(s)

2019-04-21 03:03:22 - [MESSAGE][PASSED] - Delayed 3 second(s)

2019-04-21 03:03:22 - [TEST_STEP][PASSED] - scrollToPosition(0, 0): Browser is scrolled to position x = 0, y = 0

2019-04-21 03:03:22 - [MESSAGE][PASSED] - Browser is scrolled to position x = 0, y = 0

2019-04-21 03:03:22 - [TEST_STEP][PASSED] - click(findTestObject("Object Repository/Page_KiboEngage  Templates/h3_Templates")): Object: 'Object Repository/Page_KiboEngage  Templates/h3_Templates' is clicked on

2019-04-21 03:03:22 - [MESSAGE][PASSED] - Object: 'Object Repository/Page_KiboEngage  Templates/h3_Templates' is clicked on

2019-04-21 03:03:22 - [TEST_STEP][PASSED] - delay(3): Delayed 3 second(s)

2019-04-21 03:03:25 - [MESSAGE][PASSED] - Delayed 3 second(s)

2019-04-21 03:03:25 - [MESSAGE][PASSED] - Call Test Case 'Test Cases/s-sidebar_navigation/individualAccount/Template' successfully

2019-04-21 03:03:25 - [TEST_STEP][PASSED] - driver = getWebDriver(): null

2019-04-21 03:03:25 - [TEST_STEP][PASSED] - rows_table = driver.findElements(By.xpath("//*[@id="content"]/div/div/div/div[2]/div[3]/div[2]/div[2]/div/div[2]/div[2]/div[2]/table/tbody/tr")): null

2019-04-21 03:03:25 - [TEST_STEP][PASSED] - println(rows_table.size()): null

2019-04-21 03:03:25 - [TEST_STEP][PASSED] - verifyGreaterThanOrEqual(rows_table.size(), 1): Actual number '3' is greater than or equal to expected number '1'

2019-04-21 03:03:25 - [MESSAGE][PASSED] - Actual number '3' is greater than or equal to expected number '1'

2019-04-21 03:03:25 - [MESSAGE][PASSED] - Call Test Case 'Test Cases/Template testcases/TC0761' successfully

2019-04-21 03:03:25 - [TEST_STEP][PASSED] - delay(3): Delayed 3 second(s)

2019-04-21 03:03:28 - [MESSAGE][PASSED] - Delayed 3 second(s)

2019-04-21 03:03:28 - [TEST_STEP][PASSED] - driver = getWebDriver(): null

2019-04-21 03:03:28 - [TEST_STEP][PASSED] - element = driver.findElement(By.xpath("//*[@id="content"]/div/div/div/div[2]/div[3]/div[2]/div[2]/div/div[1]/div[2]/a/button")): null

2019-04-21 03:03:28 - [TEST_STEP][PASSED] - element.click(): null

2019-04-21 03:03:28 - [TEST_STEP][PASSED] - scrollToPosition(0, 0): Browser is scrolled to position x = 0, y = 0

2019-04-21 03:03:28 - [MESSAGE][PASSED] - Browser is scrolled to position x = 0, y = 0

2019-04-21 03:03:28 - [TEST_STEP][PASSED] - delay(1): Delayed 1 second(s)

2019-04-21 03:03:29 - [MESSAGE][PASSED] - Delayed 1 second(s)

2019-04-21 03:03:29 - [TEST_STEP][PASSED] - click(findTestObject("Object Repository/Page_KiboPush  Create Survey/h3_Create Template Survey")): Object: 'Object Repository/Page_KiboPush  Create Survey/h3_Create Template Survey' is clicked on

2019-04-21 03:03:30 - [MESSAGE][PASSED] - Object: 'Object Repository/Page_KiboPush  Create Survey/h3_Create Template Survey' is clicked on

2019-04-21 03:03:30 - [MESSAGE][PASSED] - Call Test Case 'Test Cases/Template testcases/TC0871' successfully

2019-04-21 03:03:30 - [TEST_STEP][PASSED] - click(findTestObject("Page_KiboPush  Create Survey/h3_Create Template Survey (4) (1) (1)")): Object: 'Object Repository/Page_KiboPush  Create Survey/h3_Create Template Survey (4) (1) (1)' is clicked on

2019-04-21 03:03:30 - [MESSAGE][PASSED] - Object: 'Object Repository/Page_KiboPush  Create Survey/h3_Create Template Survey (4) (1) (1)' is clicked on

2019-04-21 03:03:30 - [TEST_STEP][PASSED] - setText(findTestObject("Page_KiboPush  Create Survey/input_form-control (1) (1) (1)"), "hi"): Text 'hi' is set on object 'Object Repository/Page_KiboPush  Create Survey/input_form-control (1) (1) (1)'

2019-04-21 03:03:30 - [MESSAGE][PASSED] - Text 'hi' is set on object 'Object Repository/Page_KiboPush  Create Survey/input_form-control (1) (1) (1)'

2019-04-21 03:03:30 - [TEST_STEP][PASSED] - setText(findTestObject("Page_KiboPush  Create Survey/textarea_form-control (1) (1)"), "bye"): Text 'bye' is set on object 'Object Repository/Page_KiboPush  Create Survey/textarea_form-control (1) (1)'

2019-04-21 03:03:30 - [MESSAGE][PASSED] - Text 'bye' is set on object 'Object Repository/Page_KiboPush  Create Survey/textarea_form-control (1) (1)'

2019-04-21 03:03:30 - [TEST_STEP][PASSED] - click(findTestObject("Page_KiboPush  Create Survey/button_Add Questions (2)")): Object: 'Object Repository/Page_KiboPush  Create Survey/button_Add Questions (2)' is clicked on

2019-04-21 03:03:30 - [MESSAGE][PASSED] - Object: 'Object Repository/Page_KiboPush  Create Survey/button_Add Questions (2)' is clicked on

2019-04-21 03:03:30 - [TEST_STEP][PASSED] - click(findTestObject("Page_KiboPush  Create Survey/button_Create Survey (4)")): Object: 'Object Repository/Page_KiboPush  Create Survey/button_Create Survey (4)' is clicked on

2019-04-21 03:03:30 - [MESSAGE][PASSED] - Object: 'Object Repository/Page_KiboPush  Create Survey/button_Create Survey (4)' is clicked on

2019-04-21 03:03:30 - [TEST_STEP][PASSED] - click(findTestObject("Page_KiboPush  Create Survey/div_Please select a category (1)")): Object: 'Object Repository/Page_KiboPush  Create Survey/div_Please select a category (1)' is clicked on

2019-04-21 03:03:31 - [MESSAGE][PASSED] - Object: 'Object Repository/Page_KiboPush  Create Survey/div_Please select a category (1)' is clicked on]]></system-out>
         <system-err><![CDATA[]]></system-err>
      </testcase>
      <testcase name="Test Cases/Template testcases/TC0883" classname="Test Cases/Template testcases/TC0883" status="PASSED">
         <system-out><![CDATA[2019-04-21 03:03:31 - [TEST_CASE][PASSED] - Test Cases/Template testcases/TC0883: Test Cases/Template testcases/TC0883

2019-04-21 03:03:31 - [TEST_STEP][PASSED] - callTestCase(findTestCase("Template testcases/TC0871"), [:], STOP_ON_FAILURE): Call Test Case 'Test Cases/Template testcases/TC0871' successfully

2019-04-21 03:03:31 - [TEST_CASE][PASSED] - Test Cases/Template testcases/TC0871: Test Cases/Template testcases/TC0871

2019-04-21 03:03:31 - [TEST_STEP][PASSED] - callTestCase(findTestCase("Template testcases/TC0761"), [:], STOP_ON_FAILURE): Call Test Case 'Test Cases/Template testcases/TC0761' successfully

2019-04-21 03:03:31 - [TEST_CASE][PASSED] - Test Cases/Template testcases/TC0761: Test Cases/Template testcases/TC0761

2019-04-21 03:03:31 - [TEST_STEP][PASSED] - callTestCase(findTestCase("s-sidebar_navigation/individualAccount/Template"), [:], STOP_ON_FAILURE): Call Test Case 'Test Cases/s-sidebar_navigation/individualAccount/Template' successfully

2019-04-21 03:03:31 - [TEST_CASE][PASSED] - Test Cases/s-sidebar_navigation/individualAccount/Template: Test Cases/s-sidebar_navigation/individualAccount/Template

2019-04-21 03:03:31 - [TEST_STEP][PASSED] - click(findTestObject("Page_KiboPush  Dashboard/span_Broadcasts")): Object: 'Object Repository/Page_KiboPush  Dashboard/span_Broadcasts' is clicked on

2019-04-21 03:03:31 - [MESSAGE][PASSED] - Object: 'Object Repository/Page_KiboPush  Dashboard/span_Broadcasts' is clicked on

2019-04-21 03:03:31 - [TEST_STEP][PASSED] - delay(1): Delayed 1 second(s)

2019-04-21 03:03:32 - [MESSAGE][PASSED] - Delayed 1 second(s)

2019-04-21 03:03:32 - [TEST_STEP][PASSED] - click(findTestObject("Page_KiboPush  Dashboard/span_Templates")): Object: 'Object Repository/Page_KiboPush  Dashboard/span_Templates' is clicked on

2019-04-21 03:03:32 - [MESSAGE][PASSED] - Object: 'Object Repository/Page_KiboPush  Dashboard/span_Templates' is clicked on

2019-04-21 03:03:32 - [TEST_STEP][PASSED] - delay(3): Delayed 3 second(s)

2019-04-21 03:03:35 - [MESSAGE][PASSED] - Delayed 3 second(s)

2019-04-21 03:03:35 - [TEST_STEP][PASSED] - scrollToPosition(0, 0): Browser is scrolled to position x = 0, y = 0

2019-04-21 03:03:35 - [MESSAGE][PASSED] - Browser is scrolled to position x = 0, y = 0

2019-04-21 03:03:35 - [TEST_STEP][PASSED] - click(findTestObject("Object Repository/Page_KiboEngage  Templates/h3_Templates")): Object: 'Object Repository/Page_KiboEngage  Templates/h3_Templates' is clicked on

2019-04-21 03:03:35 - [MESSAGE][PASSED] - Object: 'Object Repository/Page_KiboEngage  Templates/h3_Templates' is clicked on

2019-04-21 03:03:35 - [TEST_STEP][PASSED] - delay(3): Delayed 3 second(s)

2019-04-21 03:03:38 - [MESSAGE][PASSED] - Delayed 3 second(s)

2019-04-21 03:03:38 - [MESSAGE][PASSED] - Call Test Case 'Test Cases/s-sidebar_navigation/individualAccount/Template' successfully

2019-04-21 03:03:38 - [TEST_STEP][PASSED] - driver = getWebDriver(): null

2019-04-21 03:03:38 - [TEST_STEP][PASSED] - rows_table = driver.findElements(By.xpath("//*[@id="content"]/div/div/div/div[2]/div[3]/div[2]/div[2]/div/div[2]/div[2]/div[2]/table/tbody/tr")): null

2019-04-21 03:03:38 - [TEST_STEP][PASSED] - println(rows_table.size()): null

2019-04-21 03:03:38 - [TEST_STEP][PASSED] - verifyGreaterThanOrEqual(rows_table.size(), 1): Actual number '3' is greater than or equal to expected number '1'

2019-04-21 03:03:38 - [MESSAGE][PASSED] - Actual number '3' is greater than or equal to expected number '1'

2019-04-21 03:03:38 - [MESSAGE][PASSED] - Call Test Case 'Test Cases/Template testcases/TC0761' successfully

2019-04-21 03:03:38 - [TEST_STEP][PASSED] - delay(3): Delayed 3 second(s)

2019-04-21 03:03:41 - [MESSAGE][PASSED] - Delayed 3 second(s)

2019-04-21 03:03:42 - [TEST_STEP][PASSED] - driver = getWebDriver(): null

2019-04-21 03:03:42 - [TEST_STEP][PASSED] - element = driver.findElement(By.xpath("//*[@id="content"]/div/div/div/div[2]/div[3]/div[2]/div[2]/div/div[1]/div[2]/a/button")): null

2019-04-21 03:03:42 - [TEST_STEP][PASSED] - element.click(): null

2019-04-21 03:03:42 - [TEST_STEP][PASSED] - scrollToPosition(0, 0): Browser is scrolled to position x = 0, y = 0

2019-04-21 03:03:42 - [MESSAGE][PASSED] - Browser is scrolled to position x = 0, y = 0

2019-04-21 03:03:42 - [TEST_STEP][PASSED] - delay(1): Delayed 1 second(s)

2019-04-21 03:03:43 - [MESSAGE][PASSED] - Delayed 1 second(s)

2019-04-21 03:03:43 - [TEST_STEP][PASSED] - click(findTestObject("Object Repository/Page_KiboPush  Create Survey/h3_Create Template Survey")): Object: 'Object Repository/Page_KiboPush  Create Survey/h3_Create Template Survey' is clicked on

2019-04-21 03:03:43 - [MESSAGE][PASSED] - Object: 'Object Repository/Page_KiboPush  Create Survey/h3_Create Template Survey' is clicked on

2019-04-21 03:03:43 - [MESSAGE][PASSED] - Call Test Case 'Test Cases/Template testcases/TC0871' successfully

2019-04-21 03:03:43 - [TEST_STEP][PASSED] - click(findTestObject("Page_KiboPush  Create Survey/h3_Create Template Survey (4) (1) (1) (1)")): Object: 'Object Repository/Page_KiboPush  Create Survey/h3_Create Template Survey (4) (1) (1) (1)' is clicked on

2019-04-21 03:03:43 - [MESSAGE][PASSED] - Object: 'Object Repository/Page_KiboPush  Create Survey/h3_Create Template Survey (4) (1) (1) (1)' is clicked on

2019-04-21 03:03:43 - [TEST_STEP][PASSED] - setText(findTestObject("Page_KiboPush  Create Survey/input_form-control (1) (1) (1) (1)"), "hi"): Text 'hi' is set on object 'Object Repository/Page_KiboPush  Create Survey/input_form-control (1) (1) (1) (1)'

2019-04-21 03:03:43 - [MESSAGE][PASSED] - Text 'hi' is set on object 'Object Repository/Page_KiboPush  Create Survey/input_form-control (1) (1) (1) (1)'

2019-04-21 03:03:43 - [TEST_STEP][PASSED] - setText(findTestObject("Page_KiboPush  Create Survey/textarea_form-control (1) (1) (1)"), "bye"): Text 'bye' is set on object 'Object Repository/Page_KiboPush  Create Survey/textarea_form-control (1) (1) (1)'

2019-04-21 03:03:43 - [MESSAGE][PASSED] - Text 'bye' is set on object 'Object Repository/Page_KiboPush  Create Survey/textarea_form-control (1) (1) (1)'

2019-04-21 03:03:43 - [TEST_STEP][PASSED] - click(findTestObject("Page_KiboPush  Create Survey/button_Add Questions (2) (1)")): Object: 'Object Repository/Page_KiboPush  Create Survey/button_Add Questions (2) (1)' is clicked on

2019-04-21 03:03:43 - [MESSAGE][PASSED] - Object: 'Object Repository/Page_KiboPush  Create Survey/button_Add Questions (2) (1)' is clicked on

2019-04-21 03:03:43 - [TEST_STEP][PASSED] - setText(findTestObject("Page_KiboPush  Create Survey/input_form-control (2)"), "hi"): Text 'hi' is set on object 'Object Repository/Page_KiboPush  Create Survey/input_form-control (2)'

2019-04-21 03:03:44 - [MESSAGE][PASSED] - Text 'hi' is set on object 'Object Repository/Page_KiboPush  Create Survey/input_form-control (2)'

2019-04-21 03:03:44 - [TEST_STEP][PASSED] - click(findTestObject("Page_KiboPush  Create Survey/button_Create Survey (5)")): Object: 'Object Repository/Page_KiboPush  Create Survey/button_Create Survey (5)' is clicked on

2019-04-21 03:03:44 - [MESSAGE][PASSED] - Object: 'Object Repository/Page_KiboPush  Create Survey/button_Create Survey (5)' is clicked on

2019-04-21 03:03:44 - [TEST_STEP][PASSED] - click(findTestObject("Page_KiboPush  Create Survey/div_Please select a category (2)")): Object: 'Object Repository/Page_KiboPush  Create Survey/div_Please select a category (2)' is clicked on

2019-04-21 03:03:44 - [MESSAGE][PASSED] - Object: 'Object Repository/Page_KiboPush  Create Survey/div_Please select a category (2)' is clicked on]]></system-out>
         <system-err><![CDATA[]]></system-err>
      </testcase>
      <testcase name="Test Cases/Template testcases/TC0884" classname="Test Cases/Template testcases/TC0884" status="PASSED">
         <system-out><![CDATA[2019-04-21 03:03:44 - [TEST_CASE][PASSED] - Test Cases/Template testcases/TC0884: Test Cases/Template testcases/TC0884

2019-04-21 03:03:44 - [TEST_STEP][PASSED] - callTestCase(findTestCase("Template testcases/TC0871"), [:], STOP_ON_FAILURE): Call Test Case 'Test Cases/Template testcases/TC0871' successfully

2019-04-21 03:03:44 - [TEST_CASE][PASSED] - Test Cases/Template testcases/TC0871: Test Cases/Template testcases/TC0871

2019-04-21 03:03:44 - [TEST_STEP][PASSED] - callTestCase(findTestCase("Template testcases/TC0761"), [:], STOP_ON_FAILURE): Call Test Case 'Test Cases/Template testcases/TC0761' successfully

2019-04-21 03:03:44 - [TEST_CASE][PASSED] - Test Cases/Template testcases/TC0761: Test Cases/Template testcases/TC0761

2019-04-21 03:03:44 - [TEST_STEP][PASSED] - callTestCase(findTestCase("s-sidebar_navigation/individualAccount/Template"), [:], STOP_ON_FAILURE): Call Test Case 'Test Cases/s-sidebar_navigation/individualAccount/Template' successfully

2019-04-21 03:03:44 - [TEST_CASE][PASSED] - Test Cases/s-sidebar_navigation/individualAccount/Template: Test Cases/s-sidebar_navigation/individualAccount/Template

2019-04-21 03:03:44 - [TEST_STEP][PASSED] - click(findTestObject("Page_KiboPush  Dashboard/span_Broadcasts")): Object: 'Object Repository/Page_KiboPush  Dashboard/span_Broadcasts' is clicked on

2019-04-21 03:03:45 - [MESSAGE][PASSED] - Object: 'Object Repository/Page_KiboPush  Dashboard/span_Broadcasts' is clicked on

2019-04-21 03:03:45 - [TEST_STEP][PASSED] - delay(1): Delayed 1 second(s)

2019-04-21 03:03:46 - [MESSAGE][PASSED] - Delayed 1 second(s)

2019-04-21 03:03:46 - [TEST_STEP][PASSED] - click(findTestObject("Page_KiboPush  Dashboard/span_Templates")): Object: 'Object Repository/Page_KiboPush  Dashboard/span_Templates' is clicked on

2019-04-21 03:03:46 - [MESSAGE][PASSED] - Object: 'Object Repository/Page_KiboPush  Dashboard/span_Templates' is clicked on

2019-04-21 03:03:46 - [TEST_STEP][PASSED] - delay(3): Delayed 3 second(s)

2019-04-21 03:03:49 - [MESSAGE][PASSED] - Delayed 3 second(s)

2019-04-21 03:03:49 - [TEST_STEP][PASSED] - scrollToPosition(0, 0): Browser is scrolled to position x = 0, y = 0

2019-04-21 03:03:49 - [MESSAGE][PASSED] - Browser is scrolled to position x = 0, y = 0

2019-04-21 03:03:49 - [TEST_STEP][PASSED] - click(findTestObject("Object Repository/Page_KiboEngage  Templates/h3_Templates")): Object: 'Object Repository/Page_KiboEngage  Templates/h3_Templates' is clicked on

2019-04-21 03:03:49 - [MESSAGE][PASSED] - Object: 'Object Repository/Page_KiboEngage  Templates/h3_Templates' is clicked on

2019-04-21 03:03:49 - [TEST_STEP][PASSED] - delay(3): Delayed 3 second(s)

2019-04-21 03:03:52 - [MESSAGE][PASSED] - Delayed 3 second(s)

2019-04-21 03:03:52 - [MESSAGE][PASSED] - Call Test Case 'Test Cases/s-sidebar_navigation/individualAccount/Template' successfully

2019-04-21 03:03:52 - [TEST_STEP][PASSED] - driver = getWebDriver(): null

2019-04-21 03:03:52 - [TEST_STEP][PASSED] - rows_table = driver.findElements(By.xpath("//*[@id="content"]/div/div/div/div[2]/div[3]/div[2]/div[2]/div/div[2]/div[2]/div[2]/table/tbody/tr")): null

2019-04-21 03:03:52 - [TEST_STEP][PASSED] - println(rows_table.size()): null

2019-04-21 03:03:52 - [TEST_STEP][PASSED] - verifyGreaterThanOrEqual(rows_table.size(), 1): Actual number '3' is greater than or equal to expected number '1'

2019-04-21 03:03:52 - [MESSAGE][PASSED] - Actual number '3' is greater than or equal to expected number '1'

2019-04-21 03:03:52 - [MESSAGE][PASSED] - Call Test Case 'Test Cases/Template testcases/TC0761' successfully

2019-04-21 03:03:52 - [TEST_STEP][PASSED] - delay(3): Delayed 3 second(s)

2019-04-21 03:03:55 - [MESSAGE][PASSED] - Delayed 3 second(s)

2019-04-21 03:03:55 - [TEST_STEP][PASSED] - driver = getWebDriver(): null

2019-04-21 03:03:55 - [TEST_STEP][PASSED] - element = driver.findElement(By.xpath("//*[@id="content"]/div/div/div/div[2]/div[3]/div[2]/div[2]/div/div[1]/div[2]/a/button")): null

2019-04-21 03:03:55 - [TEST_STEP][PASSED] - element.click(): null

2019-04-21 03:03:55 - [TEST_STEP][PASSED] - scrollToPosition(0, 0): Browser is scrolled to position x = 0, y = 0

2019-04-21 03:03:55 - [MESSAGE][PASSED] - Browser is scrolled to position x = 0, y = 0

2019-04-21 03:03:55 - [TEST_STEP][PASSED] - delay(1): Delayed 1 second(s)

2019-04-21 03:03:56 - [MESSAGE][PASSED] - Delayed 1 second(s)

2019-04-21 03:03:56 - [TEST_STEP][PASSED] - click(findTestObject("Object Repository/Page_KiboPush  Create Survey/h3_Create Template Survey")): Object: 'Object Repository/Page_KiboPush  Create Survey/h3_Create Template Survey' is clicked on

2019-04-21 03:03:56 - [MESSAGE][PASSED] - Object: 'Object Repository/Page_KiboPush  Create Survey/h3_Create Template Survey' is clicked on

2019-04-21 03:03:56 - [MESSAGE][PASSED] - Call Test Case 'Test Cases/Template testcases/TC0871' successfully

2019-04-21 03:03:56 - [TEST_STEP][PASSED] - click(findTestObject("Page_KiboPush  Create Survey/h3_Create Template Survey (4) (1) (1) (1) (1)")): Object: 'Object Repository/Page_KiboPush  Create Survey/h3_Create Template Survey (4) (1) (1) (1) (1)' is clicked on

2019-04-21 03:03:56 - [MESSAGE][PASSED] - Object: 'Object Repository/Page_KiboPush  Create Survey/h3_Create Template Survey (4) (1) (1) (1) (1)' is clicked on

2019-04-21 03:03:56 - [TEST_STEP][PASSED] - setText(findTestObject("Page_KiboPush  Create Survey/input_form-control (1) (1) (1) (1) (1)"), "hi"): Text 'hi' is set on object 'Object Repository/Page_KiboPush  Create Survey/input_form-control (1) (1) (1) (1) (1)'

2019-04-21 03:03:57 - [MESSAGE][PASSED] - Text 'hi' is set on object 'Object Repository/Page_KiboPush  Create Survey/input_form-control (1) (1) (1) (1) (1)'

2019-04-21 03:03:57 - [TEST_STEP][PASSED] - setText(findTestObject("Page_KiboPush  Create Survey/textarea_form-control (1) (1) (1) (1)"), "bye"): Text 'bye' is set on object 'Object Repository/Page_KiboPush  Create Survey/textarea_form-control (1) (1) (1) (1)'

2019-04-21 03:03:57 - [MESSAGE][PASSED] - Text 'bye' is set on object 'Object Repository/Page_KiboPush  Create Survey/textarea_form-control (1) (1) (1) (1)'

2019-04-21 03:03:57 - [TEST_STEP][PASSED] - click(findTestObject("Page_KiboPush  Create Survey/button_Add Questions (2) (1) (1)")): Object: 'Object Repository/Page_KiboPush  Create Survey/button_Add Questions (2) (1) (1)' is clicked on

2019-04-21 03:03:57 - [MESSAGE][PASSED] - Object: 'Object Repository/Page_KiboPush  Create Survey/button_Add Questions (2) (1) (1)' is clicked on

2019-04-21 03:03:57 - [TEST_STEP][PASSED] - setText(findTestObject("Page_KiboPush  Create Survey/input_form-control (2) (1)"), "hi"): Text 'hi' is set on object 'Object Repository/Page_KiboPush  Create Survey/input_form-control (2) (1)'

2019-04-21 03:03:57 - [MESSAGE][PASSED] - Text 'hi' is set on object 'Object Repository/Page_KiboPush  Create Survey/input_form-control (2) (1)'

2019-04-21 03:03:57 - [TEST_STEP][PASSED] - setText(findTestObject("Page_KiboPush  Create Survey/input_form-control input-sm (1)"), "hi"): Text 'hi' is set on object 'Object Repository/Page_KiboPush  Create Survey/input_form-control input-sm (1)'

2019-04-21 03:03:58 - [MESSAGE][PASSED] - Text 'hi' is set on object 'Object Repository/Page_KiboPush  Create Survey/input_form-control input-sm (1)'

2019-04-21 03:03:58 - [TEST_STEP][PASSED] - click(findTestObject("Page_KiboPush  Create Survey/button_Create Survey (6)")): Object: 'Object Repository/Page_KiboPush  Create Survey/button_Create Survey (6)' is clicked on

2019-04-21 03:03:58 - [MESSAGE][PASSED] - Object: 'Object Repository/Page_KiboPush  Create Survey/button_Create Survey (6)' is clicked on

2019-04-21 03:03:58 - [TEST_STEP][PASSED] - click(findTestObject("Page_KiboPush  Create Survey/div_Please select a category (3)")): Object: 'Object Repository/Page_KiboPush  Create Survey/div_Please select a category (3)' is clicked on

2019-04-21 03:03:58 - [MESSAGE][PASSED] - Object: 'Object Repository/Page_KiboPush  Create Survey/div_Please select a category (3)' is clicked on]]></system-out>
         <system-err><![CDATA[]]></system-err>
      </testcase>
      <testcase name="Test Cases/Template testcases/TC0885" classname="Test Cases/Template testcases/TC0885" status="PASSED">
         <system-out><![CDATA[2019-04-21 03:03:58 - [TEST_CASE][PASSED] - Test Cases/Template testcases/TC0885: Test Cases/Template testcases/TC0885

2019-04-21 03:03:58 - [TEST_STEP][PASSED] - callTestCase(findTestCase("Template testcases/TC0871"), [:], STOP_ON_FAILURE): Call Test Case 'Test Cases/Template testcases/TC0871' successfully

2019-04-21 03:03:58 - [TEST_CASE][PASSED] - Test Cases/Template testcases/TC0871: Test Cases/Template testcases/TC0871

2019-04-21 03:03:58 - [TEST_STEP][PASSED] - callTestCase(findTestCase("Template testcases/TC0761"), [:], STOP_ON_FAILURE): Call Test Case 'Test Cases/Template testcases/TC0761' successfully

2019-04-21 03:03:59 - [TEST_CASE][PASSED] - Test Cases/Template testcases/TC0761: Test Cases/Template testcases/TC0761

2019-04-21 03:03:59 - [TEST_STEP][PASSED] - callTestCase(findTestCase("s-sidebar_navigation/individualAccount/Template"), [:], STOP_ON_FAILURE): Call Test Case 'Test Cases/s-sidebar_navigation/individualAccount/Template' successfully

2019-04-21 03:03:59 - [TEST_CASE][PASSED] - Test Cases/s-sidebar_navigation/individualAccount/Template: Test Cases/s-sidebar_navigation/individualAccount/Template

2019-04-21 03:03:59 - [TEST_STEP][PASSED] - click(findTestObject("Page_KiboPush  Dashboard/span_Broadcasts")): Object: 'Object Repository/Page_KiboPush  Dashboard/span_Broadcasts' is clicked on

2019-04-21 03:03:59 - [MESSAGE][PASSED] - Object: 'Object Repository/Page_KiboPush  Dashboard/span_Broadcasts' is clicked on

2019-04-21 03:03:59 - [TEST_STEP][PASSED] - delay(1): Delayed 1 second(s)

2019-04-21 03:04:00 - [MESSAGE][PASSED] - Delayed 1 second(s)

2019-04-21 03:04:00 - [TEST_STEP][PASSED] - click(findTestObject("Page_KiboPush  Dashboard/span_Templates")): Object: 'Object Repository/Page_KiboPush  Dashboard/span_Templates' is clicked on

2019-04-21 03:04:00 - [MESSAGE][PASSED] - Object: 'Object Repository/Page_KiboPush  Dashboard/span_Templates' is clicked on

2019-04-21 03:04:00 - [TEST_STEP][PASSED] - delay(3): Delayed 3 second(s)

2019-04-21 03:04:03 - [MESSAGE][PASSED] - Delayed 3 second(s)

2019-04-21 03:04:03 - [TEST_STEP][PASSED] - scrollToPosition(0, 0): Browser is scrolled to position x = 0, y = 0

2019-04-21 03:04:03 - [MESSAGE][PASSED] - Browser is scrolled to position x = 0, y = 0

2019-04-21 03:04:03 - [TEST_STEP][PASSED] - click(findTestObject("Object Repository/Page_KiboEngage  Templates/h3_Templates")): Object: 'Object Repository/Page_KiboEngage  Templates/h3_Templates' is clicked on

2019-04-21 03:04:03 - [MESSAGE][PASSED] - Object: 'Object Repository/Page_KiboEngage  Templates/h3_Templates' is clicked on

2019-04-21 03:04:03 - [TEST_STEP][PASSED] - delay(3): Delayed 3 second(s)

2019-04-21 03:04:06 - [MESSAGE][PASSED] - Delayed 3 second(s)

2019-04-21 03:04:06 - [MESSAGE][PASSED] - Call Test Case 'Test Cases/s-sidebar_navigation/individualAccount/Template' successfully

2019-04-21 03:04:06 - [TEST_STEP][PASSED] - driver = getWebDriver(): null

2019-04-21 03:04:06 - [TEST_STEP][PASSED] - rows_table = driver.findElements(By.xpath("//*[@id="content"]/div/div/div/div[2]/div[3]/div[2]/div[2]/div/div[2]/div[2]/div[2]/table/tbody/tr")): null

2019-04-21 03:04:06 - [TEST_STEP][PASSED] - println(rows_table.size()): null

2019-04-21 03:04:06 - [TEST_STEP][PASSED] - verifyGreaterThanOrEqual(rows_table.size(), 1): Actual number '3' is greater than or equal to expected number '1'

2019-04-21 03:04:06 - [MESSAGE][PASSED] - Actual number '3' is greater than or equal to expected number '1'

2019-04-21 03:04:06 - [MESSAGE][PASSED] - Call Test Case 'Test Cases/Template testcases/TC0761' successfully

2019-04-21 03:04:06 - [TEST_STEP][PASSED] - delay(3): Delayed 3 second(s)

2019-04-21 03:04:09 - [MESSAGE][PASSED] - Delayed 3 second(s)

2019-04-21 03:04:09 - [TEST_STEP][PASSED] - driver = getWebDriver(): null

2019-04-21 03:04:09 - [TEST_STEP][PASSED] - element = driver.findElement(By.xpath("//*[@id="content"]/div/div/div/div[2]/div[3]/div[2]/div[2]/div/div[1]/div[2]/a/button")): null

2019-04-21 03:04:09 - [TEST_STEP][PASSED] - element.click(): null

2019-04-21 03:04:10 - [TEST_STEP][PASSED] - scrollToPosition(0, 0): Browser is scrolled to position x = 0, y = 0

2019-04-21 03:04:10 - [MESSAGE][PASSED] - Browser is scrolled to position x = 0, y = 0

2019-04-21 03:04:10 - [TEST_STEP][PASSED] - delay(1): Delayed 1 second(s)

2019-04-21 03:04:11 - [MESSAGE][PASSED] - Delayed 1 second(s)

2019-04-21 03:04:11 - [TEST_STEP][PASSED] - click(findTestObject("Object Repository/Page_KiboPush  Create Survey/h3_Create Template Survey")): Object: 'Object Repository/Page_KiboPush  Create Survey/h3_Create Template Survey' is clicked on

2019-04-21 03:04:11 - [MESSAGE][PASSED] - Object: 'Object Repository/Page_KiboPush  Create Survey/h3_Create Template Survey' is clicked on

2019-04-21 03:04:11 - [MESSAGE][PASSED] - Call Test Case 'Test Cases/Template testcases/TC0871' successfully

2019-04-21 03:04:11 - [TEST_STEP][PASSED] - click(findTestObject("Page_KiboPush  Create Survey/h3_Create Template Survey (4) (1) (1) (1) (1) (1)")): Object: 'Object Repository/Page_KiboPush  Create Survey/h3_Create Template Survey (4) (1) (1) (1) (1) (1)' is clicked on

2019-04-21 03:04:11 - [MESSAGE][PASSED] - Object: 'Object Repository/Page_KiboPush  Create Survey/h3_Create Template Survey (4) (1) (1) (1) (1) (1)' is clicked on

2019-04-21 03:04:11 - [TEST_STEP][PASSED] - setText(findTestObject("Page_KiboPush  Create Survey/input_form-control (1) (1) (1) (1) (1) (1)"), "hi"): Text 'hi' is set on object 'Object Repository/Page_KiboPush  Create Survey/input_form-control (1) (1) (1) (1) (1) (1)'

2019-04-21 03:04:11 - [MESSAGE][PASSED] - Text 'hi' is set on object 'Object Repository/Page_KiboPush  Create Survey/input_form-control (1) (1) (1) (1) (1) (1)'

2019-04-21 03:04:11 - [TEST_STEP][PASSED] - setText(findTestObject("Page_KiboPush  Create Survey/textarea_form-control (1) (1) (1) (1) (1)"), "bye"): Text 'bye' is set on object 'Object Repository/Page_KiboPush  Create Survey/textarea_form-control (1) (1) (1) (1) (1)'

2019-04-21 03:04:11 - [MESSAGE][PASSED] - Text 'bye' is set on object 'Object Repository/Page_KiboPush  Create Survey/textarea_form-control (1) (1) (1) (1) (1)'

2019-04-21 03:04:11 - [TEST_STEP][PASSED] - click(findTestObject("Page_KiboPush  Create Survey/button_Add Questions (2) (1) (1) (1)")): Object: 'Object Repository/Page_KiboPush  Create Survey/button_Add Questions (2) (1) (1) (1)' is clicked on

2019-04-21 03:04:11 - [MESSAGE][PASSED] - Object: 'Object Repository/Page_KiboPush  Create Survey/button_Add Questions (2) (1) (1) (1)' is clicked on

2019-04-21 03:04:11 - [TEST_STEP][PASSED] - setText(findTestObject("Page_KiboPush  Create Survey/input_form-control (2) (1) (1)"), "hi"): Text 'hi' is set on object 'Object Repository/Page_KiboPush  Create Survey/input_form-control (2) (1) (1)'

2019-04-21 03:04:12 - [MESSAGE][PASSED] - Text 'hi' is set on object 'Object Repository/Page_KiboPush  Create Survey/input_form-control (2) (1) (1)'

2019-04-21 03:04:12 - [TEST_STEP][PASSED] - setText(findTestObject("Page_KiboPush  Create Survey/input_form-control input-sm (1) (1)"), "hi"): Text 'hi' is set on object 'Object Repository/Page_KiboPush  Create Survey/input_form-control input-sm (1) (1)'

2019-04-21 03:04:12 - [MESSAGE][PASSED] - Text 'hi' is set on object 'Object Repository/Page_KiboPush  Create Survey/input_form-control input-sm (1) (1)'

2019-04-21 03:04:12 - [TEST_STEP][PASSED] - setText(findTestObject("Page_KiboPush  Create Survey/input_form-control input-sm (2)"), "hi"): Text 'hi' is set on object 'Object Repository/Page_KiboPush  Create Survey/input_form-control input-sm (2)'

2019-04-21 03:04:12 - [MESSAGE][PASSED] - Text 'hi' is set on object 'Object Repository/Page_KiboPush  Create Survey/input_form-control input-sm (2)'

2019-04-21 03:04:12 - [TEST_STEP][PASSED] - click(findTestObject("Page_KiboPush  Create Survey/button_Create Survey (7)")): Object: 'Object Repository/Page_KiboPush  Create Survey/button_Create Survey (7)' is clicked on

2019-04-21 03:04:12 - [MESSAGE][PASSED] - Object: 'Object Repository/Page_KiboPush  Create Survey/button_Create Survey (7)' is clicked on

2019-04-21 03:04:12 - [TEST_STEP][PASSED] - click(findTestObject("Page_KiboPush  Create Survey/div_Please select a category (4)")): Object: 'Object Repository/Page_KiboPush  Create Survey/div_Please select a category (4)' is clicked on

2019-04-21 03:04:12 - [MESSAGE][PASSED] - Object: 'Object Repository/Page_KiboPush  Create Survey/div_Please select a category (4)' is clicked on]]></system-out>
         <system-err><![CDATA[]]></system-err>
      </testcase>
      <testcase name="Test Cases/Template testcases/TC0886" classname="Test Cases/Template testcases/TC0886" status="PASSED">
         <system-out><![CDATA[2019-04-21 03:04:12 - [TEST_CASE][PASSED] - Test Cases/Template testcases/TC0886: Test Cases/Template testcases/TC0886

2019-04-21 03:04:13 - [TEST_STEP][PASSED] - callTestCase(findTestCase("Template testcases/TC0871"), [:], STOP_ON_FAILURE): Call Test Case 'Test Cases/Template testcases/TC0871' successfully

2019-04-21 03:04:13 - [TEST_CASE][PASSED] - Test Cases/Template testcases/TC0871: Test Cases/Template testcases/TC0871

2019-04-21 03:04:13 - [TEST_STEP][PASSED] - callTestCase(findTestCase("Template testcases/TC0761"), [:], STOP_ON_FAILURE): Call Test Case 'Test Cases/Template testcases/TC0761' successfully

2019-04-21 03:04:13 - [TEST_CASE][PASSED] - Test Cases/Template testcases/TC0761: Test Cases/Template testcases/TC0761

2019-04-21 03:04:13 - [TEST_STEP][PASSED] - callTestCase(findTestCase("s-sidebar_navigation/individualAccount/Template"), [:], STOP_ON_FAILURE): Call Test Case 'Test Cases/s-sidebar_navigation/individualAccount/Template' successfully

2019-04-21 03:04:13 - [TEST_CASE][PASSED] - Test Cases/s-sidebar_navigation/individualAccount/Template: Test Cases/s-sidebar_navigation/individualAccount/Template

2019-04-21 03:04:13 - [TEST_STEP][PASSED] - click(findTestObject("Page_KiboPush  Dashboard/span_Broadcasts")): Object: 'Object Repository/Page_KiboPush  Dashboard/span_Broadcasts' is clicked on

2019-04-21 03:04:13 - [MESSAGE][PASSED] - Object: 'Object Repository/Page_KiboPush  Dashboard/span_Broadcasts' is clicked on

2019-04-21 03:04:13 - [TEST_STEP][PASSED] - delay(1): Delayed 1 second(s)

2019-04-21 03:04:14 - [MESSAGE][PASSED] - Delayed 1 second(s)

2019-04-21 03:04:14 - [TEST_STEP][PASSED] - click(findTestObject("Page_KiboPush  Dashboard/span_Templates")): Object: 'Object Repository/Page_KiboPush  Dashboard/span_Templates' is clicked on

2019-04-21 03:04:14 - [MESSAGE][PASSED] - Object: 'Object Repository/Page_KiboPush  Dashboard/span_Templates' is clicked on

2019-04-21 03:04:14 - [TEST_STEP][PASSED] - delay(3): Delayed 3 second(s)

2019-04-21 03:04:17 - [MESSAGE][PASSED] - Delayed 3 second(s)

2019-04-21 03:04:17 - [TEST_STEP][PASSED] - scrollToPosition(0, 0): Browser is scrolled to position x = 0, y = 0

2019-04-21 03:04:17 - [MESSAGE][PASSED] - Browser is scrolled to position x = 0, y = 0

2019-04-21 03:04:17 - [TEST_STEP][PASSED] - click(findTestObject("Object Repository/Page_KiboEngage  Templates/h3_Templates")): Object: 'Object Repository/Page_KiboEngage  Templates/h3_Templates' is clicked on

2019-04-21 03:04:17 - [MESSAGE][PASSED] - Object: 'Object Repository/Page_KiboEngage  Templates/h3_Templates' is clicked on

2019-04-21 03:04:17 - [TEST_STEP][PASSED] - delay(3): Delayed 3 second(s)

2019-04-21 03:04:20 - [MESSAGE][PASSED] - Delayed 3 second(s)

2019-04-21 03:04:20 - [MESSAGE][PASSED] - Call Test Case 'Test Cases/s-sidebar_navigation/individualAccount/Template' successfully

2019-04-21 03:04:20 - [TEST_STEP][PASSED] - driver = getWebDriver(): null

2019-04-21 03:04:20 - [TEST_STEP][PASSED] - rows_table = driver.findElements(By.xpath("//*[@id="content"]/div/div/div/div[2]/div[3]/div[2]/div[2]/div/div[2]/div[2]/div[2]/table/tbody/tr")): null

2019-04-21 03:04:20 - [TEST_STEP][PASSED] - println(rows_table.size()): null

2019-04-21 03:04:20 - [TEST_STEP][PASSED] - verifyGreaterThanOrEqual(rows_table.size(), 1): Actual number '3' is greater than or equal to expected number '1'

2019-04-21 03:04:20 - [MESSAGE][PASSED] - Actual number '3' is greater than or equal to expected number '1'

2019-04-21 03:04:20 - [MESSAGE][PASSED] - Call Test Case 'Test Cases/Template testcases/TC0761' successfully

2019-04-21 03:04:20 - [TEST_STEP][PASSED] - delay(3): Delayed 3 second(s)

2019-04-21 03:04:23 - [MESSAGE][PASSED] - Delayed 3 second(s)

2019-04-21 03:04:23 - [TEST_STEP][PASSED] - driver = getWebDriver(): null

2019-04-21 03:04:23 - [TEST_STEP][PASSED] - element = driver.findElement(By.xpath("//*[@id="content"]/div/div/div/div[2]/div[3]/div[2]/div[2]/div/div[1]/div[2]/a/button")): null

2019-04-21 03:04:23 - [TEST_STEP][PASSED] - element.click(): null

2019-04-21 03:04:24 - [TEST_STEP][PASSED] - scrollToPosition(0, 0): Browser is scrolled to position x = 0, y = 0

2019-04-21 03:04:24 - [MESSAGE][PASSED] - Browser is scrolled to position x = 0, y = 0

2019-04-21 03:04:24 - [TEST_STEP][PASSED] - delay(1): Delayed 1 second(s)

2019-04-21 03:04:25 - [MESSAGE][PASSED] - Delayed 1 second(s)

2019-04-21 03:04:25 - [TEST_STEP][PASSED] - click(findTestObject("Object Repository/Page_KiboPush  Create Survey/h3_Create Template Survey")): Object: 'Object Repository/Page_KiboPush  Create Survey/h3_Create Template Survey' is clicked on

2019-04-21 03:04:25 - [MESSAGE][PASSED] - Object: 'Object Repository/Page_KiboPush  Create Survey/h3_Create Template Survey' is clicked on

2019-04-21 03:04:25 - [MESSAGE][PASSED] - Call Test Case 'Test Cases/Template testcases/TC0871' successfully

2019-04-21 03:04:25 - [TEST_STEP][PASSED] - click(findTestObject("Page_KiboPush  Create Survey/a_Cancel")): Object: 'Object Repository/Page_KiboPush  Create Survey/a_Cancel' is clicked on

2019-04-21 03:04:25 - [MESSAGE][PASSED] - Object: 'Object Repository/Page_KiboPush  Create Survey/a_Cancel' is clicked on

2019-04-21 03:04:25 - [TEST_STEP][PASSED] - scrollToPosition(0, 0): Browser is scrolled to position x = 0, y = 0

2019-04-21 03:04:25 - [MESSAGE][PASSED] - Browser is scrolled to position x = 0, y = 0

2019-04-21 03:04:25 - [TEST_STEP][PASSED] - click(findTestObject("Page_KiboPush  Create Survey/h3_Templates (1)")): Object: 'Object Repository/Page_KiboPush  Create Survey/h3_Templates (1)' is clicked on

2019-04-21 03:04:25 - [MESSAGE][PASSED] - Object: 'Object Repository/Page_KiboPush  Create Survey/h3_Templates (1)' is clicked on]]></system-out>
         <system-err><![CDATA[]]></system-err>
      </testcase>
      <testcase name="Test Cases/Template testcases/TC0887" classname="Test Cases/Template testcases/TC0887" status="FAILED">
         <failure type="FAILED" message="Test Cases/Template testcases/TC0887 FAILED.
Reason:
com.kms.katalon.core.exception.StepFailedException: Unable to click on object 'Object Repository/Page_KiboPush  Create Survey/div_Category added successfull'
	at com.kms.katalon.core.webui.keyword.internal.WebUIKeywordMain.stepFailed(WebUIKeywordMain.groovy:64)
	at com.kms.katalon.core.webui.keyword.internal.WebUIKeywordMain.runKeyword(WebUIKeywordMain.groovy:26)
	at com.kms.katalon.core.webui.keyword.builtin.ClickKeyword.click(ClickKeyword.groovy:86)
	at com.kms.katalon.core.webui.keyword.builtin.ClickKeyword.execute(ClickKeyword.groovy:67)
	at com.kms.katalon.core.keyword.internal.KeywordExecutor.executeKeywordForPlatform(KeywordExecutor.groovy:56)
	at com.kms.katalon.core.webui.keyword.WebUiBuiltInKeywords.click(WebUiBuiltInKeywords.groovy:616)
	at com.kms.katalon.core.webui.keyword.WebUiBuiltInKeywords$click$2.call(Unknown Source)
	at TC0887.run(TC0887:30)
	at com.kms.katalon.core.main.ScriptEngine.run(ScriptEngine.java:194)
	at com.kms.katalon.core.main.ScriptEngine.runScriptAsRawText(ScriptEngine.java:119)
	at com.kms.katalon.core.main.TestCaseExecutor.runScript(TestCaseExecutor.java:336)
	at com.kms.katalon.core.main.TestCaseExecutor.doExecute(TestCaseExecutor.java:327)
	at com.kms.katalon.core.main.TestCaseExecutor.processExecutionPhase(TestCaseExecutor.java:306)
	at com.kms.katalon.core.main.TestCaseExecutor.accessMainPhase(TestCaseExecutor.java:298)
	at com.kms.katalon.core.main.TestCaseExecutor.execute(TestCaseExecutor.java:232)
	at com.kms.katalon.core.main.TestSuiteExecutor.accessTestCaseMainPhase(TestSuiteExecutor.java:129)
	at com.kms.katalon.core.main.TestSuiteExecutor.accessTestSuiteMainPhase(TestSuiteExecutor.java:112)
	at com.kms.katalon.core.main.TestSuiteExecutor.execute(TestSuiteExecutor.java:81)
	at com.kms.katalon.core.main.TestCaseMain.startTestSuite(TestCaseMain.java:157)
	at com.kms.katalon.core.main.TestCaseMain$startTestSuite$0.call(Unknown Source)
	at TempTestSuite1555795243480.run(TempTestSuite1555795243480.groovy:35)
Caused by: com.kms.katalon.core.webui.exception.WebElementNotFoundException: Web element with id: 'Object Repository/Page_KiboPush  Create Survey/div_Category added successfull' located by 'By.xpath: //div[(text() = 'Category added successfully' or . = 'Category added successfully')]' not found
	at com.kms.katalon.core.webui.common.WebUiCommonHelper.findWebElement(WebUiCommonHelper.java:1097)
	at com.kms.katalon.core.webui.keyword.internal.WebUIAbstractKeyword.findWebElement(WebUIAbstractKeyword.groovy:27)
	at com.kms.katalon.core.webui.keyword.internal.WebUIAbstractKeyword.findWebElement(WebUIAbstractKeyword.groovy:26)
	at com.kms.katalon.core.webui.keyword.builtin.ClickKeyword$_click_closure1.doCall(ClickKeyword.groovy:77)
	at com.kms.katalon.core.webui.keyword.builtin.ClickKeyword$_click_closure1.call(ClickKeyword.groovy)
	at com.kms.katalon.core.webui.keyword.internal.WebUIKeywordMain.runKeyword(WebUIKeywordMain.groovy:20)
	at com.kms.katalon.core.webui.keyword.builtin.ClickKeyword.click(ClickKeyword.groovy:86)
	at com.kms.katalon.core.webui.keyword.builtin.ClickKeyword.execute(ClickKeyword.groovy:67)
	at com.kms.katalon.core.keyword.internal.KeywordExecutor.executeKeywordForPlatform(KeywordExecutor.groovy:56)
	at com.kms.katalon.core.webui.keyword.WebUiBuiltInKeywords.click(WebUiBuiltInKeywords.groovy:616)
	at com.kms.katalon.core.webui.keyword.WebUiBuiltInKeywords$click$2.call(Unknown Source)
	at Script1537197835676.run(Script1537197835676.groovy:30)
	... 13 more
"/>
         <system-out><![CDATA[2019-04-21 03:04:25 - [TEST_CASE][FAILED] - Test Cases/Template testcases/TC0887: Test Cases/Template testcases/TC0887 FAILED.
Reason:
com.kms.katalon.core.exception.StepFailedException: Unable to click on object 'Object Repository/Page_KiboPush  Create Survey/div_Category added successfull'
	at com.kms.katalon.core.webui.keyword.internal.WebUIKeywordMain.stepFailed(WebUIKeywordMain.groovy:64)
	at com.kms.katalon.core.webui.keyword.internal.WebUIKeywordMain.runKeyword(WebUIKeywordMain.groovy:26)
	at com.kms.katalon.core.webui.keyword.builtin.ClickKeyword.click(ClickKeyword.groovy:86)
	at com.kms.katalon.core.webui.keyword.builtin.ClickKeyword.execute(ClickKeyword.groovy:67)
	at com.kms.katalon.core.keyword.internal.KeywordExecutor.executeKeywordForPlatform(KeywordExecutor.groovy:56)
	at com.kms.katalon.core.webui.keyword.WebUiBuiltInKeywords.click(WebUiBuiltInKeywords.groovy:616)
	at com.kms.katalon.core.webui.keyword.WebUiBuiltInKeywords$click$2.call(Unknown Source)
	at TC0887.run(TC0887:30)
	at com.kms.katalon.core.main.ScriptEngine.run(ScriptEngine.java:194)
	at com.kms.katalon.core.main.ScriptEngine.runScriptAsRawText(ScriptEngine.java:119)
	at com.kms.katalon.core.main.TestCaseExecutor.runScript(TestCaseExecutor.java:336)
	at com.kms.katalon.core.main.TestCaseExecutor.doExecute(TestCaseExecutor.java:327)
	at com.kms.katalon.core.main.TestCaseExecutor.processExecutionPhase(TestCaseExecutor.java:306)
	at com.kms.katalon.core.main.TestCaseExecutor.accessMainPhase(TestCaseExecutor.java:298)
	at com.kms.katalon.core.main.TestCaseExecutor.execute(TestCaseExecutor.java:232)
	at com.kms.katalon.core.main.TestSuiteExecutor.accessTestCaseMainPhase(TestSuiteExecutor.java:129)
	at com.kms.katalon.core.main.TestSuiteExecutor.accessTestSuiteMainPhase(TestSuiteExecutor.java:112)
	at com.kms.katalon.core.main.TestSuiteExecutor.execute(TestSuiteExecutor.java:81)
	at com.kms.katalon.core.main.TestCaseMain.startTestSuite(TestCaseMain.java:157)
	at com.kms.katalon.core.main.TestCaseMain$startTestSuite$0.call(Unknown Source)
	at TempTestSuite1555795243480.run(TempTestSuite1555795243480.groovy:35)
Caused by: com.kms.katalon.core.webui.exception.WebElementNotFoundException: Web element with id: 'Object Repository/Page_KiboPush  Create Survey/div_Category added successfull' located by 'By.xpath: //div[(text() = 'Category added successfully' or . = 'Category added successfully')]' not found
	at com.kms.katalon.core.webui.common.WebUiCommonHelper.findWebElement(WebUiCommonHelper.java:1097)
	at com.kms.katalon.core.webui.keyword.internal.WebUIAbstractKeyword.findWebElement(WebUIAbstractKeyword.groovy:27)
	at com.kms.katalon.core.webui.keyword.internal.WebUIAbstractKeyword.findWebElement(WebUIAbstractKeyword.groovy:26)
	at com.kms.katalon.core.webui.keyword.builtin.ClickKeyword$_click_closure1.doCall(ClickKeyword.groovy:77)
	at com.kms.katalon.core.webui.keyword.builtin.ClickKeyword$_click_closure1.call(ClickKeyword.groovy)
	at com.kms.katalon.core.webui.keyword.internal.WebUIKeywordMain.runKeyword(WebUIKeywordMain.groovy:20)
	at com.kms.katalon.core.webui.keyword.builtin.ClickKeyword.click(ClickKeyword.groovy:86)
	at com.kms.katalon.core.webui.keyword.builtin.ClickKeyword.execute(ClickKeyword.groovy:67)
	at com.kms.katalon.core.keyword.internal.KeywordExecutor.executeKeywordForPlatform(KeywordExecutor.groovy:56)
	at com.kms.katalon.core.webui.keyword.WebUiBuiltInKeywords.click(WebUiBuiltInKeywords.groovy:616)
	at com.kms.katalon.core.webui.keyword.WebUiBuiltInKeywords$click$2.call(Unknown Source)
	at Script1537197835676.run(Script1537197835676.groovy:30)
	... 13 more


2019-04-21 03:04:25 - [TEST_STEP][PASSED] - callTestCase(findTestCase("Template testcases/TC0871"), [:], STOP_ON_FAILURE): Call Test Case 'Test Cases/Template testcases/TC0871' successfully

2019-04-21 03:04:25 - [TEST_CASE][PASSED] - Test Cases/Template testcases/TC0871: Test Cases/Template testcases/TC0871

2019-04-21 03:04:25 - [TEST_STEP][PASSED] - callTestCase(findTestCase("Template testcases/TC0761"), [:], STOP_ON_FAILURE): Call Test Case 'Test Cases/Template testcases/TC0761' successfully

2019-04-21 03:04:26 - [TEST_CASE][PASSED] - Test Cases/Template testcases/TC0761: Test Cases/Template testcases/TC0761

2019-04-21 03:04:26 - [TEST_STEP][PASSED] - callTestCase(findTestCase("s-sidebar_navigation/individualAccount/Template"), [:], STOP_ON_FAILURE): Call Test Case 'Test Cases/s-sidebar_navigation/individualAccount/Template' successfully

2019-04-21 03:04:26 - [TEST_CASE][PASSED] - Test Cases/s-sidebar_navigation/individualAccount/Template: Test Cases/s-sidebar_navigation/individualAccount/Template

2019-04-21 03:04:26 - [TEST_STEP][PASSED] - click(findTestObject("Page_KiboPush  Dashboard/span_Broadcasts")): Object: 'Object Repository/Page_KiboPush  Dashboard/span_Broadcasts' is clicked on

2019-04-21 03:04:26 - [MESSAGE][PASSED] - Object: 'Object Repository/Page_KiboPush  Dashboard/span_Broadcasts' is clicked on

2019-04-21 03:04:26 - [TEST_STEP][PASSED] - delay(1): Delayed 1 second(s)

2019-04-21 03:04:27 - [MESSAGE][PASSED] - Delayed 1 second(s)

2019-04-21 03:04:27 - [TEST_STEP][PASSED] - click(findTestObject("Page_KiboPush  Dashboard/span_Templates")): Object: 'Object Repository/Page_KiboPush  Dashboard/span_Templates' is clicked on

2019-04-21 03:04:27 - [MESSAGE][PASSED] - Object: 'Object Repository/Page_KiboPush  Dashboard/span_Templates' is clicked on

2019-04-21 03:04:27 - [TEST_STEP][PASSED] - delay(3): Delayed 3 second(s)

2019-04-21 03:04:30 - [MESSAGE][PASSED] - Delayed 3 second(s)

2019-04-21 03:04:30 - [TEST_STEP][PASSED] - scrollToPosition(0, 0): Browser is scrolled to position x = 0, y = 0

2019-04-21 03:04:30 - [MESSAGE][PASSED] - Browser is scrolled to position x = 0, y = 0

2019-04-21 03:04:30 - [TEST_STEP][PASSED] - click(findTestObject("Object Repository/Page_KiboEngage  Templates/h3_Templates")): Object: 'Object Repository/Page_KiboEngage  Templates/h3_Templates' is clicked on

2019-04-21 03:04:30 - [MESSAGE][PASSED] - Object: 'Object Repository/Page_KiboEngage  Templates/h3_Templates' is clicked on

2019-04-21 03:04:30 - [TEST_STEP][PASSED] - delay(3): Delayed 3 second(s)

2019-04-21 03:04:33 - [MESSAGE][PASSED] - Delayed 3 second(s)

2019-04-21 03:04:33 - [MESSAGE][PASSED] - Call Test Case 'Test Cases/s-sidebar_navigation/individualAccount/Template' successfully

2019-04-21 03:04:33 - [TEST_STEP][PASSED] - driver = getWebDriver(): null

2019-04-21 03:04:33 - [TEST_STEP][PASSED] - rows_table = driver.findElements(By.xpath("//*[@id="content"]/div/div/div/div[2]/div[3]/div[2]/div[2]/div/div[2]/div[2]/div[2]/table/tbody/tr")): null

2019-04-21 03:04:33 - [TEST_STEP][PASSED] - println(rows_table.size()): null

2019-04-21 03:04:33 - [TEST_STEP][PASSED] - verifyGreaterThanOrEqual(rows_table.size(), 1): Actual number '3' is greater than or equal to expected number '1'

2019-04-21 03:04:33 - [MESSAGE][PASSED] - Actual number '3' is greater than or equal to expected number '1'

2019-04-21 03:04:33 - [MESSAGE][PASSED] - Call Test Case 'Test Cases/Template testcases/TC0761' successfully

2019-04-21 03:04:33 - [TEST_STEP][PASSED] - delay(3): Delayed 3 second(s)

2019-04-21 03:04:36 - [MESSAGE][PASSED] - Delayed 3 second(s)

2019-04-21 03:04:36 - [TEST_STEP][PASSED] - driver = getWebDriver(): null

2019-04-21 03:04:36 - [TEST_STEP][PASSED] - element = driver.findElement(By.xpath("//*[@id="content"]/div/div/div/div[2]/div[3]/div[2]/div[2]/div/div[1]/div[2]/a/button")): null

2019-04-21 03:04:36 - [TEST_STEP][PASSED] - element.click(): null

2019-04-21 03:04:36 - [TEST_STEP][PASSED] - scrollToPosition(0, 0): Browser is scrolled to position x = 0, y = 0

2019-04-21 03:04:36 - [MESSAGE][PASSED] - Browser is scrolled to position x = 0, y = 0

2019-04-21 03:04:36 - [TEST_STEP][PASSED] - delay(1): Delayed 1 second(s)

2019-04-21 03:04:37 - [MESSAGE][PASSED] - Delayed 1 second(s)

2019-04-21 03:04:37 - [TEST_STEP][PASSED] - click(findTestObject("Object Repository/Page_KiboPush  Create Survey/h3_Create Template Survey")): Object: 'Object Repository/Page_KiboPush  Create Survey/h3_Create Template Survey' is clicked on

2019-04-21 03:04:38 - [MESSAGE][PASSED] - Object: 'Object Repository/Page_KiboPush  Create Survey/h3_Create Template Survey' is clicked on

2019-04-21 03:04:38 - [MESSAGE][PASSED] - Call Test Case 'Test Cases/Template testcases/TC0871' successfully

2019-04-21 03:04:38 - [TEST_STEP][PASSED] - click(findTestObject("Object Repository/Page_KiboPush  Create Survey/button_Add category")): Object: 'Object Repository/Page_KiboPush  Create Survey/button_Add category' is clicked on

2019-04-21 03:04:38 - [MESSAGE][PASSED] - Object: 'Object Repository/Page_KiboPush  Create Survey/button_Add category' is clicked on

2019-04-21 03:04:38 - [TEST_STEP][PASSED] - setText(findTestObject("Object Repository/Page_KiboPush  Create Survey/input_form-control (3)"), "hyzsbhsjh"): Text 'hyzsbhsjh' is set on object 'Object Repository/Page_KiboPush  Create Survey/input_form-control (3)'

2019-04-21 03:04:38 - [MESSAGE][PASSED] - Text 'hyzsbhsjh' is set on object 'Object Repository/Page_KiboPush  Create Survey/input_form-control (3)'

2019-04-21 03:04:38 - [TEST_STEP][PASSED] - click(findTestObject("Object Repository/Page_KiboPush  Create Survey/button_Save")): Object: 'Object Repository/Page_KiboPush  Create Survey/button_Save' is clicked on

2019-04-21 03:04:38 - [MESSAGE][PASSED] - Object: 'Object Repository/Page_KiboPush  Create Survey/button_Save' is clicked on

2019-04-21 03:04:38 - [TEST_STEP][FAILED] - click(findTestObject("Object Repository/Page_KiboPush  Create Survey/div_Category added successfull")): Unable to click on object 'Object Repository/Page_KiboPush  Create Survey/div_Category added successfull' (Root cause: com.kms.katalon.core.exception.StepFailedException: Unable to click on object 'Object Repository/Page_KiboPush  Create Survey/div_Category added successfull'
	at com.kms.katalon.core.webui.keyword.internal.WebUIKeywordMain.stepFailed(WebUIKeywordMain.groovy:64)
	at com.kms.katalon.core.webui.keyword.internal.WebUIKeywordMain.runKeyword(WebUIKeywordMain.groovy:26)
	at com.kms.katalon.core.webui.keyword.builtin.ClickKeyword.click(ClickKeyword.groovy:86)
	at com.kms.katalon.core.webui.keyword.builtin.ClickKeyword.execute(ClickKeyword.groovy:67)
	at com.kms.katalon.core.keyword.internal.KeywordExecutor.executeKeywordForPlatform(KeywordExecutor.groovy:56)
	at com.kms.katalon.core.webui.keyword.WebUiBuiltInKeywords.click(WebUiBuiltInKeywords.groovy:616)
	at com.kms.katalon.core.webui.keyword.WebUiBuiltInKeywords$click$2.call(Unknown Source)
	at TC0887.run(TC0887:30)
	at com.kms.katalon.core.main.ScriptEngine.run(ScriptEngine.java:194)
	at com.kms.katalon.core.main.ScriptEngine.runScriptAsRawText(ScriptEngine.java:119)
	at com.kms.katalon.core.main.TestCaseExecutor.runScript(TestCaseExecutor.java:336)
	at com.kms.katalon.core.main.TestCaseExecutor.doExecute(TestCaseExecutor.java:327)
	at com.kms.katalon.core.main.TestCaseExecutor.processExecutionPhase(TestCaseExecutor.java:306)
	at com.kms.katalon.core.main.TestCaseExecutor.accessMainPhase(TestCaseExecutor.java:298)
	at com.kms.katalon.core.main.TestCaseExecutor.execute(TestCaseExecutor.java:232)
	at com.kms.katalon.core.main.TestSuiteExecutor.accessTestCaseMainPhase(TestSuiteExecutor.java:129)
	at com.kms.katalon.core.main.TestSuiteExecutor.accessTestSuiteMainPhase(TestSuiteExecutor.java:112)
	at com.kms.katalon.core.main.TestSuiteExecutor.execute(TestSuiteExecutor.java:81)
	at com.kms.katalon.core.main.TestCaseMain.startTestSuite(TestCaseMain.java:157)
	at com.kms.katalon.core.main.TestCaseMain$startTestSuite$0.call(Unknown Source)
	at TempTestSuite1555795243480.run(TempTestSuite1555795243480.groovy:35)
Caused by: com.kms.katalon.core.webui.exception.WebElementNotFoundException: Web element with id: 'Object Repository/Page_KiboPush  Create Survey/div_Category added successfull' located by 'By.xpath: //div[(text() = 'Category added successfully' or . = 'Category added successfully')]' not found
	at com.kms.katalon.core.webui.common.WebUiCommonHelper.findWebElement(WebUiCommonHelper.java:1097)
	at com.kms.katalon.core.webui.keyword.internal.WebUIAbstractKeyword.findWebElement(WebUIAbstractKeyword.groovy:27)
	at com.kms.katalon.core.webui.keyword.internal.WebUIAbstractKeyword.findWebElement(WebUIAbstractKeyword.groovy:26)
	at com.kms.katalon.core.webui.keyword.builtin.ClickKeyword$_click_closure1.doCall(ClickKeyword.groovy:77)
	at com.kms.katalon.core.webui.keyword.builtin.ClickKeyword$_click_closure1.call(ClickKeyword.groovy)
	at com.kms.katalon.core.webui.keyword.internal.WebUIKeywordMain.runKeyword(WebUIKeywordMain.groovy:20)
	at com.kms.katalon.core.webui.keyword.builtin.ClickKeyword.click(ClickKeyword.groovy:86)
	at com.kms.katalon.core.webui.keyword.builtin.ClickKeyword.execute(ClickKeyword.groovy:67)
	at com.kms.katalon.core.keyword.internal.KeywordExecutor.executeKeywordForPlatform(KeywordExecutor.groovy:56)
	at com.kms.katalon.core.webui.keyword.WebUiBuiltInKeywords.click(WebUiBuiltInKeywords.groovy:616)
	at com.kms.katalon.core.webui.keyword.WebUiBuiltInKeywords$click$2.call(Unknown Source)
	at Script1537197835676.run(Script1537197835676.groovy:30)
	... 13 more
)

2019-04-21 03:05:09 - [MESSAGE][INFO] - Unable to find the element located by 'By.xpath: //div[(text() = 'Category added successfully' or . = 'Category added successfully')]'. Please recheck the objects properties to make sure the desired element is located. 

2019-04-21 03:05:10 - [MESSAGE][FAILED] - Unable to click on object 'Object Repository/Page_KiboPush  Create Survey/div_Category added successfull' (Root cause: com.kms.katalon.core.exception.StepFailedException: Unable to click on object 'Object Repository/Page_KiboPush  Create Survey/div_Category added successfull'
	at com.kms.katalon.core.webui.keyword.internal.WebUIKeywordMain.stepFailed(WebUIKeywordMain.groovy:64)
	at com.kms.katalon.core.webui.keyword.internal.WebUIKeywordMain.runKeyword(WebUIKeywordMain.groovy:26)
	at com.kms.katalon.core.webui.keyword.builtin.ClickKeyword.click(ClickKeyword.groovy:86)
	at com.kms.katalon.core.webui.keyword.builtin.ClickKeyword.execute(ClickKeyword.groovy:67)
	at com.kms.katalon.core.keyword.internal.KeywordExecutor.executeKeywordForPlatform(KeywordExecutor.groovy:56)
	at com.kms.katalon.core.webui.keyword.WebUiBuiltInKeywords.click(WebUiBuiltInKeywords.groovy:616)
	at com.kms.katalon.core.webui.keyword.WebUiBuiltInKeywords$click$2.call(Unknown Source)
	at TC0887.run(TC0887:30)
	at com.kms.katalon.core.main.ScriptEngine.run(ScriptEngine.java:194)
	at com.kms.katalon.core.main.ScriptEngine.runScriptAsRawText(ScriptEngine.java:119)
	at com.kms.katalon.core.main.TestCaseExecutor.runScript(TestCaseExecutor.java:336)
	at com.kms.katalon.core.main.TestCaseExecutor.doExecute(TestCaseExecutor.java:327)
	at com.kms.katalon.core.main.TestCaseExecutor.processExecutionPhase(TestCaseExecutor.java:306)
	at com.kms.katalon.core.main.TestCaseExecutor.accessMainPhase(TestCaseExecutor.java:298)
	at com.kms.katalon.core.main.TestCaseExecutor.execute(TestCaseExecutor.java:232)
	at com.kms.katalon.core.main.TestSuiteExecutor.accessTestCaseMainPhase(TestSuiteExecutor.java:129)
	at com.kms.katalon.core.main.TestSuiteExecutor.accessTestSuiteMainPhase(TestSuiteExecutor.java:112)
	at com.kms.katalon.core.main.TestSuiteExecutor.execute(TestSuiteExecutor.java:81)
	at com.kms.katalon.core.main.TestCaseMain.startTestSuite(TestCaseMain.java:157)
	at com.kms.katalon.core.main.TestCaseMain$startTestSuite$0.call(Unknown Source)
	at TempTestSuite1555795243480.run(TempTestSuite1555795243480.groovy:35)
Caused by: com.kms.katalon.core.webui.exception.WebElementNotFoundException: Web element with id: 'Object Repository/Page_KiboPush  Create Survey/div_Category added successfull' located by 'By.xpath: //div[(text() = 'Category added successfully' or . = 'Category added successfully')]' not found
	at com.kms.katalon.core.webui.common.WebUiCommonHelper.findWebElement(WebUiCommonHelper.java:1097)
	at com.kms.katalon.core.webui.keyword.internal.WebUIAbstractKeyword.findWebElement(WebUIAbstractKeyword.groovy:27)
	at com.kms.katalon.core.webui.keyword.internal.WebUIAbstractKeyword.findWebElement(WebUIAbstractKeyword.groovy:26)
	at com.kms.katalon.core.webui.keyword.builtin.ClickKeyword$_click_closure1.doCall(ClickKeyword.groovy:77)
	at com.kms.katalon.core.webui.keyword.builtin.ClickKeyword$_click_closure1.call(ClickKeyword.groovy)
	at com.kms.katalon.core.webui.keyword.internal.WebUIKeywordMain.runKeyword(WebUIKeywordMain.groovy:20)
	at com.kms.katalon.core.webui.keyword.builtin.ClickKeyword.click(ClickKeyword.groovy:86)
	at com.kms.katalon.core.webui.keyword.builtin.ClickKeyword.execute(ClickKeyword.groovy:67)
	at com.kms.katalon.core.keyword.internal.KeywordExecutor.executeKeywordForPlatform(KeywordExecutor.groovy:56)
	at com.kms.katalon.core.webui.keyword.WebUiBuiltInKeywords.click(WebUiBuiltInKeywords.groovy:616)
	at com.kms.katalon.core.webui.keyword.WebUiBuiltInKeywords$click$2.call(Unknown Source)
	at Script1537197835676.run(Script1537197835676.groovy:30)
	... 13 more
)
[[ATTACHMENT|/home/faizan/Drive/KiboPush_Automated_Testing/KiboPush Katalon/Reports/Faizan Suits/Template/20190421_022043/1555797909974.png]]]]></system-out>
         <system-err><![CDATA[2019-04-21 03:04:25 - [TEST_CASE][FAILED] - Test Cases/Template testcases/TC0887: Test Cases/Template testcases/TC0887 FAILED.
Reason:
com.kms.katalon.core.exception.StepFailedException: Unable to click on object 'Object Repository/Page_KiboPush  Create Survey/div_Category added successfull'
	at com.kms.katalon.core.webui.keyword.internal.WebUIKeywordMain.stepFailed(WebUIKeywordMain.groovy:64)
	at com.kms.katalon.core.webui.keyword.internal.WebUIKeywordMain.runKeyword(WebUIKeywordMain.groovy:26)
	at com.kms.katalon.core.webui.keyword.builtin.ClickKeyword.click(ClickKeyword.groovy:86)
	at com.kms.katalon.core.webui.keyword.builtin.ClickKeyword.execute(ClickKeyword.groovy:67)
	at com.kms.katalon.core.keyword.internal.KeywordExecutor.executeKeywordForPlatform(KeywordExecutor.groovy:56)
	at com.kms.katalon.core.webui.keyword.WebUiBuiltInKeywords.click(WebUiBuiltInKeywords.groovy:616)
	at com.kms.katalon.core.webui.keyword.WebUiBuiltInKeywords$click$2.call(Unknown Source)
	at TC0887.run(TC0887:30)
	at com.kms.katalon.core.main.ScriptEngine.run(ScriptEngine.java:194)
	at com.kms.katalon.core.main.ScriptEngine.runScriptAsRawText(ScriptEngine.java:119)
	at com.kms.katalon.core.main.TestCaseExecutor.runScript(TestCaseExecutor.java:336)
	at com.kms.katalon.core.main.TestCaseExecutor.doExecute(TestCaseExecutor.java:327)
	at com.kms.katalon.core.main.TestCaseExecutor.processExecutionPhase(TestCaseExecutor.java:306)
	at com.kms.katalon.core.main.TestCaseExecutor.accessMainPhase(TestCaseExecutor.java:298)
	at com.kms.katalon.core.main.TestCaseExecutor.execute(TestCaseExecutor.java:232)
	at com.kms.katalon.core.main.TestSuiteExecutor.accessTestCaseMainPhase(TestSuiteExecutor.java:129)
	at com.kms.katalon.core.main.TestSuiteExecutor.accessTestSuiteMainPhase(TestSuiteExecutor.java:112)
	at com.kms.katalon.core.main.TestSuiteExecutor.execute(TestSuiteExecutor.java:81)
	at com.kms.katalon.core.main.TestCaseMain.startTestSuite(TestCaseMain.java:157)
	at com.kms.katalon.core.main.TestCaseMain$startTestSuite$0.call(Unknown Source)
	at TempTestSuite1555795243480.run(TempTestSuite1555795243480.groovy:35)
Caused by: com.kms.katalon.core.webui.exception.WebElementNotFoundException: Web element with id: 'Object Repository/Page_KiboPush  Create Survey/div_Category added successfull' located by 'By.xpath: //div[(text() = 'Category added successfully' or . = 'Category added successfully')]' not found
	at com.kms.katalon.core.webui.common.WebUiCommonHelper.findWebElement(WebUiCommonHelper.java:1097)
	at com.kms.katalon.core.webui.keyword.internal.WebUIAbstractKeyword.findWebElement(WebUIAbstractKeyword.groovy:27)
	at com.kms.katalon.core.webui.keyword.internal.WebUIAbstractKeyword.findWebElement(WebUIAbstractKeyword.groovy:26)
	at com.kms.katalon.core.webui.keyword.builtin.ClickKeyword$_click_closure1.doCall(ClickKeyword.groovy:77)
	at com.kms.katalon.core.webui.keyword.builtin.ClickKeyword$_click_closure1.call(ClickKeyword.groovy)
	at com.kms.katalon.core.webui.keyword.internal.WebUIKeywordMain.runKeyword(WebUIKeywordMain.groovy:20)
	at com.kms.katalon.core.webui.keyword.builtin.ClickKeyword.click(ClickKeyword.groovy:86)
	at com.kms.katalon.core.webui.keyword.builtin.ClickKeyword.execute(ClickKeyword.groovy:67)
	at com.kms.katalon.core.keyword.internal.KeywordExecutor.executeKeywordForPlatform(KeywordExecutor.groovy:56)
	at com.kms.katalon.core.webui.keyword.WebUiBuiltInKeywords.click(WebUiBuiltInKeywords.groovy:616)
	at com.kms.katalon.core.webui.keyword.WebUiBuiltInKeywords$click$2.call(Unknown Source)
	at Script1537197835676.run(Script1537197835676.groovy:30)
	... 13 more]]></system-err>
      </testcase>
      <testcase name="Test Cases/Template testcases/TC0888" classname="Test Cases/Template testcases/TC0888" status="PASSED">
         <system-out><![CDATA[2019-04-21 03:05:10 - [TEST_CASE][PASSED] - Test Cases/Template testcases/TC0888: Test Cases/Template testcases/TC0888

2019-04-21 03:05:10 - [TEST_STEP][PASSED] - callTestCase(findTestCase("s-sidebar_navigation/individualAccount/Template"), [:], STOP_ON_FAILURE): Call Test Case 'Test Cases/s-sidebar_navigation/individualAccount/Template' successfully

2019-04-21 03:05:10 - [TEST_CASE][PASSED] - Test Cases/s-sidebar_navigation/individualAccount/Template: Test Cases/s-sidebar_navigation/individualAccount/Template

2019-04-21 03:05:10 - [TEST_STEP][PASSED] - click(findTestObject("Page_KiboPush  Dashboard/span_Broadcasts")): Object: 'Object Repository/Page_KiboPush  Dashboard/span_Broadcasts' is clicked on

2019-04-21 03:05:10 - [MESSAGE][PASSED] - Object: 'Object Repository/Page_KiboPush  Dashboard/span_Broadcasts' is clicked on

2019-04-21 03:05:10 - [TEST_STEP][PASSED] - delay(1): Delayed 1 second(s)

2019-04-21 03:05:11 - [MESSAGE][PASSED] - Delayed 1 second(s)

2019-04-21 03:05:11 - [TEST_STEP][PASSED] - click(findTestObject("Page_KiboPush  Dashboard/span_Templates")): Object: 'Object Repository/Page_KiboPush  Dashboard/span_Templates' is clicked on

2019-04-21 03:05:12 - [MESSAGE][PASSED] - Object: 'Object Repository/Page_KiboPush  Dashboard/span_Templates' is clicked on

2019-04-21 03:05:12 - [TEST_STEP][PASSED] - delay(3): Delayed 3 second(s)

2019-04-21 03:05:15 - [MESSAGE][PASSED] - Delayed 3 second(s)

2019-04-21 03:05:15 - [TEST_STEP][PASSED] - scrollToPosition(0, 0): Browser is scrolled to position x = 0, y = 0

2019-04-21 03:05:15 - [MESSAGE][PASSED] - Browser is scrolled to position x = 0, y = 0

2019-04-21 03:05:15 - [TEST_STEP][PASSED] - click(findTestObject("Object Repository/Page_KiboEngage  Templates/h3_Templates")): Object: 'Object Repository/Page_KiboEngage  Templates/h3_Templates' is clicked on

2019-04-21 03:05:15 - [MESSAGE][PASSED] - Object: 'Object Repository/Page_KiboEngage  Templates/h3_Templates' is clicked on

2019-04-21 03:05:15 - [TEST_STEP][PASSED] - delay(3): Delayed 3 second(s)

2019-04-21 03:05:18 - [MESSAGE][PASSED] - Delayed 3 second(s)

2019-04-21 03:05:18 - [MESSAGE][PASSED] - Call Test Case 'Test Cases/s-sidebar_navigation/individualAccount/Template' successfully

2019-04-21 03:05:18 - [TEST_STEP][PASSED] - driver = getWebDriver(): null

2019-04-21 03:05:18 - [TEST_STEP][PASSED] - button = driver.findElement(By.xpath("//*[@id="ajax_data"]/table/tbody/tr[1]/td[5]/span/a[1]")): null

2019-04-21 03:05:18 - [TEST_STEP][PASSED] - button.click(): null

2019-04-21 03:05:18 - [TEST_STEP][PASSED] - click(findTestObject("Object Repository/Page_KiboPush  Dashboard/h4_Survey Questions")): Object: 'Object Repository/Page_KiboPush  Dashboard/h4_Survey Questions' is clicked on

2019-04-21 03:05:18 - [MESSAGE][PASSED] - Object: 'Object Repository/Page_KiboPush  Dashboard/h4_Survey Questions' is clicked on]]></system-out>
         <system-err><![CDATA[]]></system-err>
      </testcase>
      <testcase name="Test Cases/Template testcases/TC0889" classname="Test Cases/Template testcases/TC0889" status="PASSED">
         <system-out><![CDATA[2019-04-21 03:05:18 - [TEST_CASE][PASSED] - Test Cases/Template testcases/TC0889: Test Cases/Template testcases/TC0889

2019-04-21 03:05:18 - [TEST_STEP][PASSED] - callTestCase(findTestCase("Template testcases/TC0888"), [:], STOP_ON_FAILURE): Call Test Case 'Test Cases/Template testcases/TC0888' successfully

2019-04-21 03:05:18 - [TEST_CASE][PASSED] - Test Cases/Template testcases/TC0888: Test Cases/Template testcases/TC0888

2019-04-21 03:05:18 - [TEST_STEP][PASSED] - callTestCase(findTestCase("s-sidebar_navigation/individualAccount/Template"), [:], STOP_ON_FAILURE): Call Test Case 'Test Cases/s-sidebar_navigation/individualAccount/Template' successfully

2019-04-21 03:05:18 - [TEST_CASE][PASSED] - Test Cases/s-sidebar_navigation/individualAccount/Template: Test Cases/s-sidebar_navigation/individualAccount/Template

2019-04-21 03:05:18 - [TEST_STEP][PASSED] - click(findTestObject("Page_KiboPush  Dashboard/span_Broadcasts")): Object: 'Object Repository/Page_KiboPush  Dashboard/span_Broadcasts' is clicked on

2019-04-21 03:05:19 - [MESSAGE][PASSED] - Object: 'Object Repository/Page_KiboPush  Dashboard/span_Broadcasts' is clicked on

2019-04-21 03:05:19 - [TEST_STEP][PASSED] - delay(1): Delayed 1 second(s)

2019-04-21 03:05:20 - [MESSAGE][PASSED] - Delayed 1 second(s)

2019-04-21 03:05:20 - [TEST_STEP][PASSED] - click(findTestObject("Page_KiboPush  Dashboard/span_Templates")): Object: 'Object Repository/Page_KiboPush  Dashboard/span_Templates' is clicked on

2019-04-21 03:05:20 - [MESSAGE][PASSED] - Object: 'Object Repository/Page_KiboPush  Dashboard/span_Templates' is clicked on

2019-04-21 03:05:20 - [TEST_STEP][PASSED] - delay(3): Delayed 3 second(s)

2019-04-21 03:05:23 - [MESSAGE][PASSED] - Delayed 3 second(s)

2019-04-21 03:05:23 - [TEST_STEP][PASSED] - scrollToPosition(0, 0): Browser is scrolled to position x = 0, y = 0

2019-04-21 03:05:23 - [MESSAGE][PASSED] - Browser is scrolled to position x = 0, y = 0

2019-04-21 03:05:23 - [TEST_STEP][PASSED] - click(findTestObject("Object Repository/Page_KiboEngage  Templates/h3_Templates")): Object: 'Object Repository/Page_KiboEngage  Templates/h3_Templates' is clicked on

2019-04-21 03:05:23 - [MESSAGE][PASSED] - Object: 'Object Repository/Page_KiboEngage  Templates/h3_Templates' is clicked on

2019-04-21 03:05:23 - [TEST_STEP][PASSED] - delay(3): Delayed 3 second(s)

2019-04-21 03:05:26 - [MESSAGE][PASSED] - Delayed 3 second(s)

2019-04-21 03:05:26 - [MESSAGE][PASSED] - Call Test Case 'Test Cases/s-sidebar_navigation/individualAccount/Template' successfully

2019-04-21 03:05:26 - [TEST_STEP][PASSED] - driver = getWebDriver(): null

2019-04-21 03:05:26 - [TEST_STEP][PASSED] - button = driver.findElement(By.xpath("//*[@id="ajax_data"]/table/tbody/tr[1]/td[5]/span/a[1]")): null

2019-04-21 03:05:26 - [TEST_STEP][PASSED] - button.click(): null

2019-04-21 03:05:26 - [TEST_STEP][PASSED] - click(findTestObject("Object Repository/Page_KiboPush  Dashboard/h4_Survey Questions")): Object: 'Object Repository/Page_KiboPush  Dashboard/h4_Survey Questions' is clicked on

2019-04-21 03:05:26 - [MESSAGE][PASSED] - Object: 'Object Repository/Page_KiboPush  Dashboard/h4_Survey Questions' is clicked on

2019-04-21 03:05:26 - [MESSAGE][PASSED] - Call Test Case 'Test Cases/Template testcases/TC0888' successfully

2019-04-21 03:05:26 - [TEST_STEP][PASSED] - click(findTestObject("Page_KiboPush  Dashboard/button_Back")): Object: 'Object Repository/Page_KiboPush  Dashboard/button_Back' is clicked on

2019-04-21 03:05:27 - [MESSAGE][PASSED] - Object: 'Object Repository/Page_KiboPush  Dashboard/button_Back' is clicked on

2019-04-21 03:05:27 - [TEST_STEP][PASSED] - scrollToPosition(0, 0): Browser is scrolled to position x = 0, y = 0

2019-04-21 03:05:27 - [MESSAGE][PASSED] - Browser is scrolled to position x = 0, y = 0

2019-04-21 03:05:27 - [TEST_STEP][PASSED] - click(findTestObject("Page_KiboPush  Dashboard/h3_Templates (2)")): Object: 'Object Repository/Page_KiboPush  Dashboard/h3_Templates (2)' is clicked on

2019-04-21 03:05:27 - [MESSAGE][PASSED] - Object: 'Object Repository/Page_KiboPush  Dashboard/h3_Templates (2)' is clicked on]]></system-out>
         <system-err><![CDATA[]]></system-err>
      </testcase>
      <testcase name="Test Cases/Template testcases/TC0890" classname="Test Cases/Template testcases/TC0890" status="PASSED">
         <system-out><![CDATA[2019-04-21 03:05:27 - [TEST_CASE][PASSED] - Test Cases/Template testcases/TC0890: Test Cases/Template testcases/TC0890

2019-04-21 03:05:27 - [TEST_STEP][PASSED] - callTestCase(findTestCase("s-sidebar_navigation/individualAccount/Template"), [:], STOP_ON_FAILURE): Call Test Case 'Test Cases/s-sidebar_navigation/individualAccount/Template' successfully

2019-04-21 03:05:27 - [TEST_CASE][PASSED] - Test Cases/s-sidebar_navigation/individualAccount/Template: Test Cases/s-sidebar_navigation/individualAccount/Template

2019-04-21 03:05:27 - [TEST_STEP][PASSED] - click(findTestObject("Page_KiboPush  Dashboard/span_Broadcasts")): Object: 'Object Repository/Page_KiboPush  Dashboard/span_Broadcasts' is clicked on

2019-04-21 03:05:28 - [MESSAGE][PASSED] - Object: 'Object Repository/Page_KiboPush  Dashboard/span_Broadcasts' is clicked on

2019-04-21 03:05:28 - [TEST_STEP][PASSED] - delay(1): Delayed 1 second(s)

2019-04-21 03:05:29 - [MESSAGE][PASSED] - Delayed 1 second(s)

2019-04-21 03:05:29 - [TEST_STEP][PASSED] - click(findTestObject("Page_KiboPush  Dashboard/span_Templates")): Object: 'Object Repository/Page_KiboPush  Dashboard/span_Templates' is clicked on

2019-04-21 03:05:29 - [MESSAGE][PASSED] - Object: 'Object Repository/Page_KiboPush  Dashboard/span_Templates' is clicked on

2019-04-21 03:05:29 - [TEST_STEP][PASSED] - delay(3): Delayed 3 second(s)

2019-04-21 03:05:32 - [MESSAGE][PASSED] - Delayed 3 second(s)

2019-04-21 03:05:32 - [TEST_STEP][PASSED] - scrollToPosition(0, 0): Browser is scrolled to position x = 0, y = 0

2019-04-21 03:05:32 - [MESSAGE][PASSED] - Browser is scrolled to position x = 0, y = 0

2019-04-21 03:05:32 - [TEST_STEP][PASSED] - click(findTestObject("Object Repository/Page_KiboEngage  Templates/h3_Templates")): Object: 'Object Repository/Page_KiboEngage  Templates/h3_Templates' is clicked on

2019-04-21 03:05:32 - [MESSAGE][PASSED] - Object: 'Object Repository/Page_KiboEngage  Templates/h3_Templates' is clicked on

2019-04-21 03:05:32 - [TEST_STEP][PASSED] - delay(3): Delayed 3 second(s)

2019-04-21 03:05:35 - [MESSAGE][PASSED] - Delayed 3 second(s)

2019-04-21 03:05:35 - [MESSAGE][PASSED] - Call Test Case 'Test Cases/s-sidebar_navigation/individualAccount/Template' successfully

2019-04-21 03:05:35 - [TEST_STEP][PASSED] - driver = getWebDriver(): null

2019-04-21 03:05:35 - [TEST_STEP][PASSED] - button = driver.findElement(By.xpath("//*[@id="ajax_data"]/table/tbody/tr[1]/td[5]/span/a[2]")): null

2019-04-21 03:05:35 - [TEST_STEP][PASSED] - button.click(): null

2019-04-21 03:05:36 - [TEST_STEP][PASSED] - scrollToPosition(0, 0): Browser is scrolled to position x = 0, y = 0

2019-04-21 03:05:36 - [MESSAGE][PASSED] - Browser is scrolled to position x = 0, y = 0

2019-04-21 03:05:36 - [TEST_STEP][PASSED] - delay(1): Delayed 1 second(s)

2019-04-21 03:05:37 - [MESSAGE][PASSED] - Delayed 1 second(s)

2019-04-21 03:05:37 - [TEST_STEP][PASSED] - click(findTestObject("Object Repository/Page_KiboPush  Create Survey/h3_Edit Template Survey")): Object: 'Object Repository/Page_KiboPush  Create Survey/h3_Edit Template Survey' is clicked on

2019-04-21 03:05:37 - [MESSAGE][PASSED] - Object: 'Object Repository/Page_KiboPush  Create Survey/h3_Edit Template Survey' is clicked on]]></system-out>
         <system-err><![CDATA[]]></system-err>
      </testcase>
      <testcase name="Test Cases/Template testcases/TC0891" classname="Test Cases/Template testcases/TC0891" status="PASSED">
         <system-out><![CDATA[2019-04-21 03:05:37 - [TEST_CASE][PASSED] - Test Cases/Template testcases/TC0891: Test Cases/Template testcases/TC0891

2019-04-21 03:05:37 - [TEST_STEP][PASSED] - callTestCase(findTestCase("s-sidebar_navigation/individualAccount/Template"), [:], STOP_ON_FAILURE): Call Test Case 'Test Cases/s-sidebar_navigation/individualAccount/Template' successfully

2019-04-21 03:05:37 - [TEST_CASE][PASSED] - Test Cases/s-sidebar_navigation/individualAccount/Template: Test Cases/s-sidebar_navigation/individualAccount/Template

2019-04-21 03:05:37 - [TEST_STEP][PASSED] - click(findTestObject("Page_KiboPush  Dashboard/span_Broadcasts")): Object: 'Object Repository/Page_KiboPush  Dashboard/span_Broadcasts' is clicked on

2019-04-21 03:05:37 - [MESSAGE][PASSED] - Object: 'Object Repository/Page_KiboPush  Dashboard/span_Broadcasts' is clicked on

2019-04-21 03:05:37 - [TEST_STEP][PASSED] - delay(1): Delayed 1 second(s)

2019-04-21 03:05:38 - [MESSAGE][PASSED] - Delayed 1 second(s)

2019-04-21 03:05:38 - [TEST_STEP][PASSED] - click(findTestObject("Page_KiboPush  Dashboard/span_Templates")): Object: 'Object Repository/Page_KiboPush  Dashboard/span_Templates' is clicked on

2019-04-21 03:05:38 - [MESSAGE][PASSED] - Object: 'Object Repository/Page_KiboPush  Dashboard/span_Templates' is clicked on

2019-04-21 03:05:38 - [TEST_STEP][PASSED] - delay(3): Delayed 3 second(s)

2019-04-21 03:05:41 - [MESSAGE][PASSED] - Delayed 3 second(s)

2019-04-21 03:05:41 - [TEST_STEP][PASSED] - scrollToPosition(0, 0): Browser is scrolled to position x = 0, y = 0

2019-04-21 03:05:41 - [MESSAGE][PASSED] - Browser is scrolled to position x = 0, y = 0

2019-04-21 03:05:41 - [TEST_STEP][PASSED] - click(findTestObject("Object Repository/Page_KiboEngage  Templates/h3_Templates")): Object: 'Object Repository/Page_KiboEngage  Templates/h3_Templates' is clicked on

2019-04-21 03:05:41 - [MESSAGE][PASSED] - Object: 'Object Repository/Page_KiboEngage  Templates/h3_Templates' is clicked on

2019-04-21 03:05:41 - [TEST_STEP][PASSED] - delay(3): Delayed 3 second(s)

2019-04-21 03:05:44 - [MESSAGE][PASSED] - Delayed 3 second(s)

2019-04-21 03:05:44 - [MESSAGE][PASSED] - Call Test Case 'Test Cases/s-sidebar_navigation/individualAccount/Template' successfully

2019-04-21 03:05:44 - [TEST_STEP][PASSED] - driver = getWebDriver(): null

2019-04-21 03:05:44 - [TEST_STEP][PASSED] - button = driver.findElement(By.xpath("//*[@id="ajax_data"]/table/tbody/tr[1]/td[5]/span/button")): null

2019-04-21 03:05:44 - [TEST_STEP][PASSED] - button.click(): null

2019-04-21 03:05:45 - [TEST_STEP][PASSED] - delete = driver.findElement(By.xpath("/html/body/div[5]/div/div[2]/div/button")): null

2019-04-21 03:05:45 - [TEST_STEP][PASSED] - delete.click(): null

2019-04-21 03:05:45 - [TEST_STEP][PASSED] - click(findTestObject("Object Repository/Page_KiboPush  Dashboard/div_Survey template deleted")): Object: 'Object Repository/Page_KiboPush  Dashboard/div_Survey template deleted' is clicked on

2019-04-21 03:05:46 - [MESSAGE][PASSED] - Object: 'Object Repository/Page_KiboPush  Dashboard/div_Survey template deleted' is clicked on]]></system-out>
         <system-err><![CDATA[]]></system-err>
      </testcase>
      <testcase name="Test Cases/Template testcases/TC0892" classname="Test Cases/Template testcases/TC0892" status="PASSED">
         <system-out><![CDATA[2019-04-21 03:05:46 - [TEST_CASE][PASSED] - Test Cases/Template testcases/TC0892: Test Cases/Template testcases/TC0892

2019-04-21 03:05:46 - [TEST_STEP][PASSED] - callTestCase(findTestCase("Template testcases/TC0890"), [:], STOP_ON_FAILURE): Call Test Case 'Test Cases/Template testcases/TC0890' successfully

2019-04-21 03:05:46 - [TEST_CASE][PASSED] - Test Cases/Template testcases/TC0890: Test Cases/Template testcases/TC0890

2019-04-21 03:05:46 - [TEST_STEP][PASSED] - callTestCase(findTestCase("s-sidebar_navigation/individualAccount/Template"), [:], STOP_ON_FAILURE): Call Test Case 'Test Cases/s-sidebar_navigation/individualAccount/Template' successfully

2019-04-21 03:05:46 - [TEST_CASE][PASSED] - Test Cases/s-sidebar_navigation/individualAccount/Template: Test Cases/s-sidebar_navigation/individualAccount/Template

2019-04-21 03:05:46 - [TEST_STEP][PASSED] - click(findTestObject("Page_KiboPush  Dashboard/span_Broadcasts")): Object: 'Object Repository/Page_KiboPush  Dashboard/span_Broadcasts' is clicked on

2019-04-21 03:05:46 - [MESSAGE][PASSED] - Object: 'Object Repository/Page_KiboPush  Dashboard/span_Broadcasts' is clicked on

2019-04-21 03:05:46 - [TEST_STEP][PASSED] - delay(1): Delayed 1 second(s)

2019-04-21 03:05:47 - [MESSAGE][PASSED] - Delayed 1 second(s)

2019-04-21 03:05:47 - [TEST_STEP][PASSED] - click(findTestObject("Page_KiboPush  Dashboard/span_Templates")): Object: 'Object Repository/Page_KiboPush  Dashboard/span_Templates' is clicked on

2019-04-21 03:05:47 - [MESSAGE][PASSED] - Object: 'Object Repository/Page_KiboPush  Dashboard/span_Templates' is clicked on

2019-04-21 03:05:47 - [TEST_STEP][PASSED] - delay(3): Delayed 3 second(s)

2019-04-21 03:05:50 - [MESSAGE][PASSED] - Delayed 3 second(s)

2019-04-21 03:05:50 - [TEST_STEP][PASSED] - scrollToPosition(0, 0): Browser is scrolled to position x = 0, y = 0

2019-04-21 03:05:50 - [MESSAGE][PASSED] - Browser is scrolled to position x = 0, y = 0

2019-04-21 03:05:50 - [TEST_STEP][PASSED] - click(findTestObject("Object Repository/Page_KiboEngage  Templates/h3_Templates")): Object: 'Object Repository/Page_KiboEngage  Templates/h3_Templates' is clicked on

2019-04-21 03:05:51 - [MESSAGE][PASSED] - Object: 'Object Repository/Page_KiboEngage  Templates/h3_Templates' is clicked on

2019-04-21 03:05:51 - [TEST_STEP][PASSED] - delay(3): Delayed 3 second(s)

2019-04-21 03:05:54 - [MESSAGE][PASSED] - Delayed 3 second(s)

2019-04-21 03:05:54 - [MESSAGE][PASSED] - Call Test Case 'Test Cases/s-sidebar_navigation/individualAccount/Template' successfully

2019-04-21 03:05:54 - [TEST_STEP][PASSED] - driver = getWebDriver(): null

2019-04-21 03:05:54 - [TEST_STEP][PASSED] - button = driver.findElement(By.xpath("//*[@id="ajax_data"]/table/tbody/tr[1]/td[5]/span/a[2]")): null

2019-04-21 03:05:54 - [TEST_STEP][PASSED] - button.click(): null

2019-04-21 03:05:54 - [TEST_STEP][PASSED] - scrollToPosition(0, 0): Browser is scrolled to position x = 0, y = 0

2019-04-21 03:05:54 - [MESSAGE][PASSED] - Browser is scrolled to position x = 0, y = 0

2019-04-21 03:05:54 - [TEST_STEP][PASSED] - delay(1): Delayed 1 second(s)

2019-04-21 03:05:55 - [MESSAGE][PASSED] - Delayed 1 second(s)

2019-04-21 03:05:55 - [TEST_STEP][PASSED] - click(findTestObject("Object Repository/Page_KiboPush  Create Survey/h3_Edit Template Survey")): Object: 'Object Repository/Page_KiboPush  Create Survey/h3_Edit Template Survey' is clicked on

2019-04-21 03:05:55 - [MESSAGE][PASSED] - Object: 'Object Repository/Page_KiboPush  Create Survey/h3_Edit Template Survey' is clicked on

2019-04-21 03:05:55 - [MESSAGE][PASSED] - Call Test Case 'Test Cases/Template testcases/TC0890' successfully

2019-04-21 03:05:55 - [TEST_STEP][PASSED] - click(findTestObject("Object Repository/Page_KiboPush  Create Survey/h3_Edit Template Survey (1)")): Object: 'Object Repository/Page_KiboPush  Create Survey/h3_Edit Template Survey (1)' is clicked on

2019-04-21 03:05:55 - [MESSAGE][PASSED] - Object: 'Object Repository/Page_KiboPush  Create Survey/h3_Edit Template Survey (1)' is clicked on

2019-04-21 03:05:55 - [TEST_STEP][PASSED] - setText(findTestObject("Page_KiboPush  Create Survey/input_form-control (4)"), "1"): Text '1' is set on object 'Object Repository/Page_KiboPush  Create Survey/input_form-control (4)'

2019-04-21 03:05:55 - [MESSAGE][PASSED] - Text '1' is set on object 'Object Repository/Page_KiboPush  Create Survey/input_form-control (4)'

2019-04-21 03:05:55 - [TEST_STEP][PASSED] - click(findTestObject("Page_KiboPush  Create Survey/button_Save (2)")): Object: 'Object Repository/Page_KiboPush  Create Survey/button_Save (2)' is clicked on

2019-04-21 03:05:55 - [MESSAGE][PASSED] - Object: 'Object Repository/Page_KiboPush  Create Survey/button_Save (2)' is clicked on

2019-04-21 03:05:55 - [TEST_STEP][PASSED] - click(findTestObject("Object Repository/Page_KiboPush  Create Survey/div_Survey edited successfully")): Object: 'Object Repository/Page_KiboPush  Create Survey/div_Survey edited successfully' is clicked on

2019-04-21 03:05:56 - [MESSAGE][PASSED] - Object: 'Object Repository/Page_KiboPush  Create Survey/div_Survey edited successfully' is clicked on]]></system-out>
         <system-err><![CDATA[]]></system-err>
      </testcase>
      <testcase name="Test Cases/Template testcases/TC0893" classname="Test Cases/Template testcases/TC0893" status="PASSED">
         <system-out><![CDATA[2019-04-21 03:05:56 - [TEST_CASE][PASSED] - Test Cases/Template testcases/TC0893: Test Cases/Template testcases/TC0893

2019-04-21 03:05:56 - [TEST_STEP][PASSED] - callTestCase(findTestCase("Template testcases/TC0890"), [:], STOP_ON_FAILURE): Call Test Case 'Test Cases/Template testcases/TC0890' successfully

2019-04-21 03:05:56 - [TEST_CASE][PASSED] - Test Cases/Template testcases/TC0890: Test Cases/Template testcases/TC0890

2019-04-21 03:05:56 - [TEST_STEP][PASSED] - callTestCase(findTestCase("s-sidebar_navigation/individualAccount/Template"), [:], STOP_ON_FAILURE): Call Test Case 'Test Cases/s-sidebar_navigation/individualAccount/Template' successfully

2019-04-21 03:05:56 - [TEST_CASE][PASSED] - Test Cases/s-sidebar_navigation/individualAccount/Template: Test Cases/s-sidebar_navigation/individualAccount/Template

2019-04-21 03:05:56 - [TEST_STEP][PASSED] - click(findTestObject("Page_KiboPush  Dashboard/span_Broadcasts")): Object: 'Object Repository/Page_KiboPush  Dashboard/span_Broadcasts' is clicked on

2019-04-21 03:05:57 - [MESSAGE][PASSED] - Object: 'Object Repository/Page_KiboPush  Dashboard/span_Broadcasts' is clicked on

2019-04-21 03:05:57 - [TEST_STEP][PASSED] - delay(1): Delayed 1 second(s)

2019-04-21 03:05:58 - [MESSAGE][PASSED] - Delayed 1 second(s)

2019-04-21 03:05:58 - [TEST_STEP][PASSED] - click(findTestObject("Page_KiboPush  Dashboard/span_Templates")): Object: 'Object Repository/Page_KiboPush  Dashboard/span_Templates' is clicked on

2019-04-21 03:05:58 - [MESSAGE][PASSED] - Object: 'Object Repository/Page_KiboPush  Dashboard/span_Templates' is clicked on

2019-04-21 03:05:58 - [TEST_STEP][PASSED] - delay(3): Delayed 3 second(s)

2019-04-21 03:06:01 - [MESSAGE][PASSED] - Delayed 3 second(s)

2019-04-21 03:06:01 - [TEST_STEP][PASSED] - scrollToPosition(0, 0): Browser is scrolled to position x = 0, y = 0

2019-04-21 03:06:01 - [MESSAGE][PASSED] - Browser is scrolled to position x = 0, y = 0

2019-04-21 03:06:01 - [TEST_STEP][PASSED] - click(findTestObject("Object Repository/Page_KiboEngage  Templates/h3_Templates")): Object: 'Object Repository/Page_KiboEngage  Templates/h3_Templates' is clicked on

2019-04-21 03:06:01 - [MESSAGE][PASSED] - Object: 'Object Repository/Page_KiboEngage  Templates/h3_Templates' is clicked on

2019-04-21 03:06:01 - [TEST_STEP][PASSED] - delay(3): Delayed 3 second(s)

2019-04-21 03:06:04 - [MESSAGE][PASSED] - Delayed 3 second(s)

2019-04-21 03:06:04 - [MESSAGE][PASSED] - Call Test Case 'Test Cases/s-sidebar_navigation/individualAccount/Template' successfully

2019-04-21 03:06:04 - [TEST_STEP][PASSED] - driver = getWebDriver(): null

2019-04-21 03:06:04 - [TEST_STEP][PASSED] - button = driver.findElement(By.xpath("//*[@id="ajax_data"]/table/tbody/tr[1]/td[5]/span/a[2]")): null

2019-04-21 03:06:04 - [TEST_STEP][PASSED] - button.click(): null

2019-04-21 03:06:04 - [TEST_STEP][PASSED] - scrollToPosition(0, 0): Browser is scrolled to position x = 0, y = 0

2019-04-21 03:06:04 - [MESSAGE][PASSED] - Browser is scrolled to position x = 0, y = 0

2019-04-21 03:06:04 - [TEST_STEP][PASSED] - delay(1): Delayed 1 second(s)

2019-04-21 03:06:05 - [MESSAGE][PASSED] - Delayed 1 second(s)

2019-04-21 03:06:05 - [TEST_STEP][PASSED] - click(findTestObject("Object Repository/Page_KiboPush  Create Survey/h3_Edit Template Survey")): Object: 'Object Repository/Page_KiboPush  Create Survey/h3_Edit Template Survey' is clicked on

2019-04-21 03:06:05 - [MESSAGE][PASSED] - Object: 'Object Repository/Page_KiboPush  Create Survey/h3_Edit Template Survey' is clicked on

2019-04-21 03:06:05 - [MESSAGE][PASSED] - Call Test Case 'Test Cases/Template testcases/TC0890' successfully

2019-04-21 03:06:05 - [TEST_STEP][PASSED] - click(findTestObject("Page_KiboPush  Create Survey/a_Back")): Object: 'Object Repository/Page_KiboPush  Create Survey/a_Back' is clicked on

2019-04-21 03:06:06 - [MESSAGE][PASSED] - Object: 'Object Repository/Page_KiboPush  Create Survey/a_Back' is clicked on

2019-04-21 03:06:06 - [TEST_STEP][PASSED] - scrollToPosition(0, 0): Browser is scrolled to position x = 0, y = 0

2019-04-21 03:06:06 - [MESSAGE][PASSED] - Browser is scrolled to position x = 0, y = 0

2019-04-21 03:06:06 - [TEST_STEP][PASSED] - click(findTestObject("Page_KiboPush  Create Survey/h3_Templates (2)")): Object: 'Object Repository/Page_KiboPush  Create Survey/h3_Templates (2)' is clicked on

2019-04-21 03:06:06 - [MESSAGE][PASSED] - Object: 'Object Repository/Page_KiboPush  Create Survey/h3_Templates (2)' is clicked on]]></system-out>
         <system-err><![CDATA[]]></system-err>
      </testcase>
      <testcase name="Test Cases/Template testcases/TC0894" classname="Test Cases/Template testcases/TC0894" status="PASSED">
         <system-out><![CDATA[2019-04-21 03:06:06 - [TEST_CASE][PASSED] - Test Cases/Template testcases/TC0894: Test Cases/Template testcases/TC0894

2019-04-21 03:06:06 - [TEST_STEP][PASSED] - callTestCase(findTestCase("Template testcases/TC0762"), [:], STOP_ON_FAILURE): Call Test Case 'Test Cases/Template testcases/TC0762' successfully

2019-04-21 03:06:06 - [TEST_CASE][PASSED] - Test Cases/Template testcases/TC0762: Test Cases/Template testcases/TC0762

2019-04-21 03:06:06 - [TEST_STEP][PASSED] - callTestCase(findTestCase("s-sidebar_navigation/individualAccount/Template"), [:], STOP_ON_FAILURE): Call Test Case 'Test Cases/s-sidebar_navigation/individualAccount/Template' successfully

2019-04-21 03:06:06 - [TEST_CASE][PASSED] - Test Cases/s-sidebar_navigation/individualAccount/Template: Test Cases/s-sidebar_navigation/individualAccount/Template

2019-04-21 03:06:06 - [TEST_STEP][PASSED] - click(findTestObject("Page_KiboPush  Dashboard/span_Broadcasts")): Object: 'Object Repository/Page_KiboPush  Dashboard/span_Broadcasts' is clicked on

2019-04-21 03:06:06 - [MESSAGE][PASSED] - Object: 'Object Repository/Page_KiboPush  Dashboard/span_Broadcasts' is clicked on

2019-04-21 03:06:06 - [TEST_STEP][PASSED] - delay(1): Delayed 1 second(s)

2019-04-21 03:06:07 - [MESSAGE][PASSED] - Delayed 1 second(s)

2019-04-21 03:06:07 - [TEST_STEP][PASSED] - click(findTestObject("Page_KiboPush  Dashboard/span_Templates")): Object: 'Object Repository/Page_KiboPush  Dashboard/span_Templates' is clicked on

2019-04-21 03:06:08 - [MESSAGE][PASSED] - Object: 'Object Repository/Page_KiboPush  Dashboard/span_Templates' is clicked on

2019-04-21 03:06:08 - [TEST_STEP][PASSED] - delay(3): Delayed 3 second(s)

2019-04-21 03:06:11 - [MESSAGE][PASSED] - Delayed 3 second(s)

2019-04-21 03:06:11 - [TEST_STEP][PASSED] - scrollToPosition(0, 0): Browser is scrolled to position x = 0, y = 0

2019-04-21 03:06:11 - [MESSAGE][PASSED] - Browser is scrolled to position x = 0, y = 0

2019-04-21 03:06:11 - [TEST_STEP][PASSED] - click(findTestObject("Object Repository/Page_KiboEngage  Templates/h3_Templates")): Object: 'Object Repository/Page_KiboEngage  Templates/h3_Templates' is clicked on

2019-04-21 03:06:11 - [MESSAGE][PASSED] - Object: 'Object Repository/Page_KiboEngage  Templates/h3_Templates' is clicked on

2019-04-21 03:06:11 - [TEST_STEP][PASSED] - delay(3): Delayed 3 second(s)

2019-04-21 03:06:14 - [MESSAGE][PASSED] - Delayed 3 second(s)

2019-04-21 03:06:14 - [MESSAGE][PASSED] - Call Test Case 'Test Cases/s-sidebar_navigation/individualAccount/Template' successfully

2019-04-21 03:06:14 - [TEST_STEP][PASSED] - driver = getWebDriver(): null

2019-04-21 03:06:14 - [TEST_STEP][PASSED] - rows_table = driver.findElements(By.xpath("//*[@id="content"]/div/div/div/div[2]/div[3]/div[3]/div[2]/div/div[2]/div[2]/div[2]/table/tbody/tr")): null

2019-04-21 03:06:14 - [TEST_STEP][PASSED] - println(rows_table.size()): null

2019-04-21 03:06:14 - [TEST_STEP][PASSED] - verifyGreaterThanOrEqual(rows_table.size(), 1): Actual number '5' is greater than or equal to expected number '1'

2019-04-21 03:06:14 - [MESSAGE][PASSED] - Actual number '5' is greater than or equal to expected number '1'

2019-04-21 03:06:14 - [MESSAGE][PASSED] - Call Test Case 'Test Cases/Template testcases/TC0762' successfully

2019-04-21 03:06:14 - [TEST_STEP][PASSED] - driver = getWebDriver(): null

2019-04-21 03:06:14 - [TEST_STEP][PASSED] - input = driver.findElement(By.xpath("//*[@id="content"]/div/div/div/div[2]/div[3]/div[3]/div[2]/div/div[2]/div[2]/div[1]/div[1]/input")): null

2019-04-21 03:06:14 - [TEST_STEP][PASSED] - input.sendKeys("Audience Response"): null

2019-04-21 03:06:15 - [TEST_STEP][PASSED] - delay(3): Delayed 3 second(s)

2019-04-21 03:06:18 - [MESSAGE][PASSED] - Delayed 3 second(s)

2019-04-21 03:06:18 - [TEST_STEP][PASSED] - element = driver.findElement(By.xpath("//*[@id="content"]/div/div/div/div[2]/div[3]/div[3]/div[2]/div/div[2]/div[2]/div[2]/table/tbody/tr[1]/td[1]")): null

2019-04-21 03:06:18 - [TEST_STEP][PASSED] - println(element.getText()): null

2019-04-21 03:06:18 - [TEST_STEP][PASSED] - verifyEqual(element.getText(), "Audience Response"): Actual object 'Audience Response' and expected object 'Audience Response' are equal

2019-04-21 03:06:18 - [MESSAGE][PASSED] - Actual object 'Audience Response' and expected object 'Audience Response' are equal]]></system-out>
         <system-err><![CDATA[]]></system-err>
      </testcase>
      <testcase name="Test Cases/Template testcases/TC0895" classname="Test Cases/Template testcases/TC0895" status="ERROR">
         <error type="ERROR" message="Test Cases/Template testcases/TC0895 FAILED.
Reason:
org.openqa.selenium.NoSuchElementException: Cannot locate element with text: Feedback
For documentation on this error, please visit: http://seleniumhq.org/exceptions/no_such_element.html
Build info: version: '3.7.1', revision: '8a0099a', time: '2017-11-06T21:07:36.161Z'
System info: host: 'faizan-HP-EliteBook-850-G2', ip: '127.0.1.1', os.name: 'Linux', os.arch: 'amd64', os.version: '4.15.0-47-generic', java.version: '1.8.0_191'
Driver info: driver.version: unknown
	at org.openqa.selenium.support.ui.Select.selectByVisibleText(Select.java:151)
	at org.openqa.selenium.support.ui.ISelect$selectByVisibleText.call(Unknown Source)
	at TC0895.run(TC0895:33)
	at com.kms.katalon.core.main.ScriptEngine.run(ScriptEngine.java:194)
	at com.kms.katalon.core.main.ScriptEngine.runScriptAsRawText(ScriptEngine.java:119)
	at com.kms.katalon.core.main.TestCaseExecutor.runScript(TestCaseExecutor.java:336)
	at com.kms.katalon.core.main.TestCaseExecutor.doExecute(TestCaseExecutor.java:327)
	at com.kms.katalon.core.main.TestCaseExecutor.processExecutionPhase(TestCaseExecutor.java:306)
	at com.kms.katalon.core.main.TestCaseExecutor.accessMainPhase(TestCaseExecutor.java:298)
	at com.kms.katalon.core.main.TestCaseExecutor.execute(TestCaseExecutor.java:232)
	at com.kms.katalon.core.main.TestSuiteExecutor.accessTestCaseMainPhase(TestSuiteExecutor.java:129)
	at com.kms.katalon.core.main.TestSuiteExecutor.accessTestSuiteMainPhase(TestSuiteExecutor.java:112)
	at com.kms.katalon.core.main.TestSuiteExecutor.execute(TestSuiteExecutor.java:81)
	at com.kms.katalon.core.main.TestCaseMain.startTestSuite(TestCaseMain.java:157)
	at com.kms.katalon.core.main.TestCaseMain$startTestSuite$0.call(Unknown Source)
	at TempTestSuite1555795243480.run(TempTestSuite1555795243480.groovy:35)
"/>
         <system-out><![CDATA[2019-04-21 03:06:18 - [TEST_CASE][ERROR] - Test Cases/Template testcases/TC0895: Test Cases/Template testcases/TC0895 FAILED.
Reason:
org.openqa.selenium.NoSuchElementException: Cannot locate element with text: Feedback
For documentation on this error, please visit: http://seleniumhq.org/exceptions/no_such_element.html
Build info: version: '3.7.1', revision: '8a0099a', time: '2017-11-06T21:07:36.161Z'
System info: host: 'faizan-HP-EliteBook-850-G2', ip: '127.0.1.1', os.name: 'Linux', os.arch: 'amd64', os.version: '4.15.0-47-generic', java.version: '1.8.0_191'
Driver info: driver.version: unknown
	at org.openqa.selenium.support.ui.Select.selectByVisibleText(Select.java:151)
	at org.openqa.selenium.support.ui.ISelect$selectByVisibleText.call(Unknown Source)
	at TC0895.run(TC0895:33)
	at com.kms.katalon.core.main.ScriptEngine.run(ScriptEngine.java:194)
	at com.kms.katalon.core.main.ScriptEngine.runScriptAsRawText(ScriptEngine.java:119)
	at com.kms.katalon.core.main.TestCaseExecutor.runScript(TestCaseExecutor.java:336)
	at com.kms.katalon.core.main.TestCaseExecutor.doExecute(TestCaseExecutor.java:327)
	at com.kms.katalon.core.main.TestCaseExecutor.processExecutionPhase(TestCaseExecutor.java:306)
	at com.kms.katalon.core.main.TestCaseExecutor.accessMainPhase(TestCaseExecutor.java:298)
	at com.kms.katalon.core.main.TestCaseExecutor.execute(TestCaseExecutor.java:232)
	at com.kms.katalon.core.main.TestSuiteExecutor.accessTestCaseMainPhase(TestSuiteExecutor.java:129)
	at com.kms.katalon.core.main.TestSuiteExecutor.accessTestSuiteMainPhase(TestSuiteExecutor.java:112)
	at com.kms.katalon.core.main.TestSuiteExecutor.execute(TestSuiteExecutor.java:81)
	at com.kms.katalon.core.main.TestCaseMain.startTestSuite(TestCaseMain.java:157)
	at com.kms.katalon.core.main.TestCaseMain$startTestSuite$0.call(Unknown Source)
	at TempTestSuite1555795243480.run(TempTestSuite1555795243480.groovy:35)


2019-04-21 03:06:18 - [TEST_STEP][PASSED] - callTestCase(findTestCase("Template testcases/TC0761"), [:], STOP_ON_FAILURE): Call Test Case 'Test Cases/Template testcases/TC0761' successfully

2019-04-21 03:06:18 - [TEST_CASE][PASSED] - Test Cases/Template testcases/TC0761: Test Cases/Template testcases/TC0761

2019-04-21 03:06:18 - [TEST_STEP][PASSED] - callTestCase(findTestCase("s-sidebar_navigation/individualAccount/Template"), [:], STOP_ON_FAILURE): Call Test Case 'Test Cases/s-sidebar_navigation/individualAccount/Template' successfully

2019-04-21 03:06:18 - [TEST_CASE][PASSED] - Test Cases/s-sidebar_navigation/individualAccount/Template: Test Cases/s-sidebar_navigation/individualAccount/Template

2019-04-21 03:06:18 - [TEST_STEP][PASSED] - click(findTestObject("Page_KiboPush  Dashboard/span_Broadcasts")): Object: 'Object Repository/Page_KiboPush  Dashboard/span_Broadcasts' is clicked on

2019-04-21 03:06:19 - [MESSAGE][PASSED] - Object: 'Object Repository/Page_KiboPush  Dashboard/span_Broadcasts' is clicked on

2019-04-21 03:06:19 - [TEST_STEP][PASSED] - delay(1): Delayed 1 second(s)

2019-04-21 03:06:20 - [MESSAGE][PASSED] - Delayed 1 second(s)

2019-04-21 03:06:20 - [TEST_STEP][PASSED] - click(findTestObject("Page_KiboPush  Dashboard/span_Templates")): Object: 'Object Repository/Page_KiboPush  Dashboard/span_Templates' is clicked on

2019-04-21 03:06:20 - [MESSAGE][PASSED] - Object: 'Object Repository/Page_KiboPush  Dashboard/span_Templates' is clicked on

2019-04-21 03:06:20 - [TEST_STEP][PASSED] - delay(3): Delayed 3 second(s)

2019-04-21 03:06:23 - [MESSAGE][PASSED] - Delayed 3 second(s)

2019-04-21 03:06:23 - [TEST_STEP][PASSED] - scrollToPosition(0, 0): Browser is scrolled to position x = 0, y = 0

2019-04-21 03:06:23 - [MESSAGE][PASSED] - Browser is scrolled to position x = 0, y = 0

2019-04-21 03:06:23 - [TEST_STEP][PASSED] - click(findTestObject("Object Repository/Page_KiboEngage  Templates/h3_Templates")): Object: 'Object Repository/Page_KiboEngage  Templates/h3_Templates' is clicked on

2019-04-21 03:06:23 - [MESSAGE][PASSED] - Object: 'Object Repository/Page_KiboEngage  Templates/h3_Templates' is clicked on

2019-04-21 03:06:23 - [TEST_STEP][PASSED] - delay(3): Delayed 3 second(s)

2019-04-21 03:06:26 - [MESSAGE][PASSED] - Delayed 3 second(s)

2019-04-21 03:06:26 - [MESSAGE][PASSED] - Call Test Case 'Test Cases/s-sidebar_navigation/individualAccount/Template' successfully

2019-04-21 03:06:26 - [TEST_STEP][PASSED] - driver = getWebDriver(): null

2019-04-21 03:06:26 - [TEST_STEP][PASSED] - rows_table = driver.findElements(By.xpath("//*[@id="content"]/div/div/div/div[2]/div[3]/div[2]/div[2]/div/div[2]/div[2]/div[2]/table/tbody/tr")): null

2019-04-21 03:06:26 - [TEST_STEP][PASSED] - println(rows_table.size()): null

2019-04-21 03:06:26 - [TEST_STEP][PASSED] - verifyGreaterThanOrEqual(rows_table.size(), 1): Actual number '2' is greater than or equal to expected number '1'

2019-04-21 03:06:26 - [MESSAGE][PASSED] - Actual number '2' is greater than or equal to expected number '1'

2019-04-21 03:06:26 - [MESSAGE][PASSED] - Call Test Case 'Test Cases/Template testcases/TC0761' successfully

2019-04-21 03:06:26 - [TEST_STEP][PASSED] - driver = getWebDriver(): null

2019-04-21 03:06:26 - [TEST_STEP][PASSED] - dropdown = new org.openqa.selenium.support.ui.Select(driver.findElement(org.openqa.selenium.By.xpath(//*[@id="content"]/div/div/div/div[2]/div[3]/div[3]/div[2]/div/div[2]/div[2]/div[1]/div[3]/select))): null

2019-04-21 03:06:26 - [TEST_STEP][PASSED] - dropdown.selectByVisibleText("Feedback"): null]]></system-out>
         <system-err><![CDATA[2019-04-21 03:06:18 - [TEST_CASE][ERROR] - Test Cases/Template testcases/TC0895: Test Cases/Template testcases/TC0895 FAILED.
Reason:
org.openqa.selenium.NoSuchElementException: Cannot locate element with text: Feedback
For documentation on this error, please visit: http://seleniumhq.org/exceptions/no_such_element.html
Build info: version: '3.7.1', revision: '8a0099a', time: '2017-11-06T21:07:36.161Z'
System info: host: 'faizan-HP-EliteBook-850-G2', ip: '127.0.1.1', os.name: 'Linux', os.arch: 'amd64', os.version: '4.15.0-47-generic', java.version: '1.8.0_191'
Driver info: driver.version: unknown
	at org.openqa.selenium.support.ui.Select.selectByVisibleText(Select.java:151)
	at org.openqa.selenium.support.ui.ISelect$selectByVisibleText.call(Unknown Source)
	at TC0895.run(TC0895:33)
	at com.kms.katalon.core.main.ScriptEngine.run(ScriptEngine.java:194)
	at com.kms.katalon.core.main.ScriptEngine.runScriptAsRawText(ScriptEngine.java:119)
	at com.kms.katalon.core.main.TestCaseExecutor.runScript(TestCaseExecutor.java:336)
	at com.kms.katalon.core.main.TestCaseExecutor.doExecute(TestCaseExecutor.java:327)
	at com.kms.katalon.core.main.TestCaseExecutor.processExecutionPhase(TestCaseExecutor.java:306)
	at com.kms.katalon.core.main.TestCaseExecutor.accessMainPhase(TestCaseExecutor.java:298)
	at com.kms.katalon.core.main.TestCaseExecutor.execute(TestCaseExecutor.java:232)
	at com.kms.katalon.core.main.TestSuiteExecutor.accessTestCaseMainPhase(TestSuiteExecutor.java:129)
	at com.kms.katalon.core.main.TestSuiteExecutor.accessTestSuiteMainPhase(TestSuiteExecutor.java:112)
	at com.kms.katalon.core.main.TestSuiteExecutor.execute(TestSuiteExecutor.java:81)
	at com.kms.katalon.core.main.TestCaseMain.startTestSuite(TestCaseMain.java:157)
	at com.kms.katalon.core.main.TestCaseMain$startTestSuite$0.call(Unknown Source)
	at TempTestSuite1555795243480.run(TempTestSuite1555795243480.groovy:35)]]></system-err>
      </testcase>
      <testcase name="Test Cases/Template testcases/TC0896" classname="Test Cases/Template testcases/TC0896" status="PASSED">
         <system-out><![CDATA[2019-04-21 03:06:26 - [TEST_CASE][PASSED] - Test Cases/Template testcases/TC0896: Test Cases/Template testcases/TC0896

2019-04-21 03:06:26 - [TEST_STEP][PASSED] - callTestCase(findTestCase("Template testcases/TC0761"), [:], STOP_ON_FAILURE): Call Test Case 'Test Cases/Template testcases/TC0761' successfully

2019-04-21 03:06:26 - [TEST_CASE][PASSED] - Test Cases/Template testcases/TC0761: Test Cases/Template testcases/TC0761

2019-04-21 03:06:26 - [TEST_STEP][PASSED] - callTestCase(findTestCase("s-sidebar_navigation/individualAccount/Template"), [:], STOP_ON_FAILURE): Call Test Case 'Test Cases/s-sidebar_navigation/individualAccount/Template' successfully

2019-04-21 03:06:26 - [TEST_CASE][PASSED] - Test Cases/s-sidebar_navigation/individualAccount/Template: Test Cases/s-sidebar_navigation/individualAccount/Template

2019-04-21 03:06:26 - [TEST_STEP][PASSED] - click(findTestObject("Page_KiboPush  Dashboard/span_Broadcasts")): Object: 'Object Repository/Page_KiboPush  Dashboard/span_Broadcasts' is clicked on

2019-04-21 03:06:27 - [MESSAGE][PASSED] - Object: 'Object Repository/Page_KiboPush  Dashboard/span_Broadcasts' is clicked on

2019-04-21 03:06:27 - [TEST_STEP][PASSED] - delay(1): Delayed 1 second(s)

2019-04-21 03:06:28 - [MESSAGE][PASSED] - Delayed 1 second(s)

2019-04-21 03:06:28 - [TEST_STEP][PASSED] - click(findTestObject("Page_KiboPush  Dashboard/span_Templates")): Object: 'Object Repository/Page_KiboPush  Dashboard/span_Templates' is clicked on

2019-04-21 03:06:28 - [MESSAGE][PASSED] - Object: 'Object Repository/Page_KiboPush  Dashboard/span_Templates' is clicked on

2019-04-21 03:06:28 - [TEST_STEP][PASSED] - delay(3): Delayed 3 second(s)

2019-04-21 03:06:31 - [MESSAGE][PASSED] - Delayed 3 second(s)

2019-04-21 03:06:31 - [TEST_STEP][PASSED] - scrollToPosition(0, 0): Browser is scrolled to position x = 0, y = 0

2019-04-21 03:06:31 - [MESSAGE][PASSED] - Browser is scrolled to position x = 0, y = 0

2019-04-21 03:06:31 - [TEST_STEP][PASSED] - click(findTestObject("Object Repository/Page_KiboEngage  Templates/h3_Templates")): Object: 'Object Repository/Page_KiboEngage  Templates/h3_Templates' is clicked on

2019-04-21 03:06:31 - [MESSAGE][PASSED] - Object: 'Object Repository/Page_KiboEngage  Templates/h3_Templates' is clicked on

2019-04-21 03:06:31 - [TEST_STEP][PASSED] - delay(3): Delayed 3 second(s)

2019-04-21 03:06:34 - [MESSAGE][PASSED] - Delayed 3 second(s)

2019-04-21 03:06:34 - [MESSAGE][PASSED] - Call Test Case 'Test Cases/s-sidebar_navigation/individualAccount/Template' successfully

2019-04-21 03:06:34 - [TEST_STEP][PASSED] - driver = getWebDriver(): null

2019-04-21 03:06:34 - [TEST_STEP][PASSED] - rows_table = driver.findElements(By.xpath("//*[@id="content"]/div/div/div/div[2]/div[3]/div[2]/div[2]/div/div[2]/div[2]/div[2]/table/tbody/tr")): null

2019-04-21 03:06:34 - [TEST_STEP][PASSED] - println(rows_table.size()): null

2019-04-21 03:06:34 - [TEST_STEP][PASSED] - verifyGreaterThanOrEqual(rows_table.size(), 1): Actual number '2' is greater than or equal to expected number '1'

2019-04-21 03:06:34 - [MESSAGE][PASSED] - Actual number '2' is greater than or equal to expected number '1'

2019-04-21 03:06:34 - [MESSAGE][PASSED] - Call Test Case 'Test Cases/Template testcases/TC0761' successfully

2019-04-21 03:06:34 - [TEST_STEP][PASSED] - delay(3): Delayed 3 second(s)

2019-04-21 03:06:37 - [MESSAGE][PASSED] - Delayed 3 second(s)

2019-04-21 03:06:37 - [TEST_STEP][PASSED] - driver = getWebDriver(): null

2019-04-21 03:06:37 - [TEST_STEP][PASSED] - element = driver.findElement(By.xpath("//*[@id="content"]/div/div/div/div[2]/div[3]/div[3]/div[2]/div/div[2]/div[2]/div[2]/ul/li[4]/a")): null

2019-04-21 03:06:37 - [TEST_STEP][PASSED] - element.click(): null

2019-04-21 03:06:37 - [TEST_STEP][PASSED] - delay(1): Delayed 1 second(s)

2019-04-21 03:06:38 - [MESSAGE][PASSED] - Delayed 1 second(s)

2019-04-21 03:06:38 - [TEST_STEP][PASSED] - rows = driver.findElements(By.xpath("//*[@id="content"]/div/div/div/div[2]/div[3]/div[3]/div[2]/div/div[2]/div[2]/div[2]/table/tbody/tr")): null

2019-04-21 03:06:38 - [TEST_STEP][PASSED] - verifyGreaterThanOrEqual(rows.size(), 1): Actual number '5' is greater than or equal to expected number '1'

2019-04-21 03:06:38 - [MESSAGE][PASSED] - Actual number '5' is greater than or equal to expected number '1']]></system-out>
         <system-err><![CDATA[]]></system-err>
      </testcase>
      <testcase name="Test Cases/Template testcases/TC0897" classname="Test Cases/Template testcases/TC0897" status="FAILED">
         <failure type="FAILED" message="Test Cases/Template testcases/TC0897 FAILED.
Reason:
com.kms.katalon.core.exception.StepFailedException: Actual object '0' and expected object '5' are not equal
	at com.kms.katalon.core.keyword.builtin.VerifyEqualKeyword$_verifyEqual_closure1.doCall(VerifyEqualKeyword.groovy:58)
	at com.kms.katalon.core.keyword.builtin.VerifyEqualKeyword$_verifyEqual_closure1.call(VerifyEqualKeyword.groovy)
	at com.kms.katalon.core.keyword.internal.KeywordMain.runKeyword(KeywordMain.groovy:66)
	at com.kms.katalon.core.keyword.builtin.VerifyEqualKeyword.verifyEqual(VerifyEqualKeyword.groovy:63)
	at com.kms.katalon.core.keyword.builtin.VerifyEqualKeyword.execute(VerifyEqualKeyword.groovy:44)
	at com.kms.katalon.core.keyword.internal.KeywordExecutor.executeKeywordForPlatform(KeywordExecutor.groovy:56)
	at com.kms.katalon.core.keyword.BuiltinKeywords.verifyEqual(BuiltinKeywords.groovy:141)
	at TC0897.run(TC0897:44)
	at com.kms.katalon.core.main.ScriptEngine.run(ScriptEngine.java:194)
	at com.kms.katalon.core.main.ScriptEngine.runScriptAsRawText(ScriptEngine.java:119)
	at com.kms.katalon.core.main.TestCaseExecutor.runScript(TestCaseExecutor.java:336)
	at com.kms.katalon.core.main.TestCaseExecutor.doExecute(TestCaseExecutor.java:327)
	at com.kms.katalon.core.main.TestCaseExecutor.processExecutionPhase(TestCaseExecutor.java:306)
	at com.kms.katalon.core.main.TestCaseExecutor.accessMainPhase(TestCaseExecutor.java:298)
	at com.kms.katalon.core.main.TestCaseExecutor.execute(TestCaseExecutor.java:232)
	at com.kms.katalon.core.main.TestSuiteExecutor.accessTestCaseMainPhase(TestSuiteExecutor.java:129)
	at com.kms.katalon.core.main.TestSuiteExecutor.accessTestSuiteMainPhase(TestSuiteExecutor.java:112)
	at com.kms.katalon.core.main.TestSuiteExecutor.execute(TestSuiteExecutor.java:81)
	at com.kms.katalon.core.main.TestCaseMain.startTestSuite(TestCaseMain.java:157)
	at com.kms.katalon.core.main.TestCaseMain$startTestSuite$0.call(Unknown Source)
	at TempTestSuite1555795243480.run(TempTestSuite1555795243480.groovy:35)
"/>
         <system-out><![CDATA[2019-04-21 03:06:38 - [TEST_CASE][FAILED] - Test Cases/Template testcases/TC0897: Test Cases/Template testcases/TC0897 FAILED.
Reason:
com.kms.katalon.core.exception.StepFailedException: Actual object '0' and expected object '5' are not equal
	at com.kms.katalon.core.keyword.builtin.VerifyEqualKeyword$_verifyEqual_closure1.doCall(VerifyEqualKeyword.groovy:58)
	at com.kms.katalon.core.keyword.builtin.VerifyEqualKeyword$_verifyEqual_closure1.call(VerifyEqualKeyword.groovy)
	at com.kms.katalon.core.keyword.internal.KeywordMain.runKeyword(KeywordMain.groovy:66)
	at com.kms.katalon.core.keyword.builtin.VerifyEqualKeyword.verifyEqual(VerifyEqualKeyword.groovy:63)
	at com.kms.katalon.core.keyword.builtin.VerifyEqualKeyword.execute(VerifyEqualKeyword.groovy:44)
	at com.kms.katalon.core.keyword.internal.KeywordExecutor.executeKeywordForPlatform(KeywordExecutor.groovy:56)
	at com.kms.katalon.core.keyword.BuiltinKeywords.verifyEqual(BuiltinKeywords.groovy:141)
	at TC0897.run(TC0897:44)
	at com.kms.katalon.core.main.ScriptEngine.run(ScriptEngine.java:194)
	at com.kms.katalon.core.main.ScriptEngine.runScriptAsRawText(ScriptEngine.java:119)
	at com.kms.katalon.core.main.TestCaseExecutor.runScript(TestCaseExecutor.java:336)
	at com.kms.katalon.core.main.TestCaseExecutor.doExecute(TestCaseExecutor.java:327)
	at com.kms.katalon.core.main.TestCaseExecutor.processExecutionPhase(TestCaseExecutor.java:306)
	at com.kms.katalon.core.main.TestCaseExecutor.accessMainPhase(TestCaseExecutor.java:298)
	at com.kms.katalon.core.main.TestCaseExecutor.execute(TestCaseExecutor.java:232)
	at com.kms.katalon.core.main.TestSuiteExecutor.accessTestCaseMainPhase(TestSuiteExecutor.java:129)
	at com.kms.katalon.core.main.TestSuiteExecutor.accessTestSuiteMainPhase(TestSuiteExecutor.java:112)
	at com.kms.katalon.core.main.TestSuiteExecutor.execute(TestSuiteExecutor.java:81)
	at com.kms.katalon.core.main.TestCaseMain.startTestSuite(TestCaseMain.java:157)
	at com.kms.katalon.core.main.TestCaseMain$startTestSuite$0.call(Unknown Source)
	at TempTestSuite1555795243480.run(TempTestSuite1555795243480.groovy:35)


2019-04-21 03:06:39 - [TEST_STEP][PASSED] - callTestCase(findTestCase("Template testcases/TC0761"), [:], STOP_ON_FAILURE): Call Test Case 'Test Cases/Template testcases/TC0761' successfully

2019-04-21 03:06:39 - [TEST_CASE][PASSED] - Test Cases/Template testcases/TC0761: Test Cases/Template testcases/TC0761

2019-04-21 03:06:39 - [TEST_STEP][PASSED] - callTestCase(findTestCase("s-sidebar_navigation/individualAccount/Template"), [:], STOP_ON_FAILURE): Call Test Case 'Test Cases/s-sidebar_navigation/individualAccount/Template' successfully

2019-04-21 03:06:39 - [TEST_CASE][PASSED] - Test Cases/s-sidebar_navigation/individualAccount/Template: Test Cases/s-sidebar_navigation/individualAccount/Template

2019-04-21 03:06:39 - [TEST_STEP][PASSED] - click(findTestObject("Page_KiboPush  Dashboard/span_Broadcasts")): Object: 'Object Repository/Page_KiboPush  Dashboard/span_Broadcasts' is clicked on

2019-04-21 03:06:39 - [MESSAGE][PASSED] - Object: 'Object Repository/Page_KiboPush  Dashboard/span_Broadcasts' is clicked on

2019-04-21 03:06:39 - [TEST_STEP][PASSED] - delay(1): Delayed 1 second(s)

2019-04-21 03:06:40 - [MESSAGE][PASSED] - Delayed 1 second(s)

2019-04-21 03:06:40 - [TEST_STEP][PASSED] - click(findTestObject("Page_KiboPush  Dashboard/span_Templates")): Object: 'Object Repository/Page_KiboPush  Dashboard/span_Templates' is clicked on

2019-04-21 03:06:40 - [MESSAGE][PASSED] - Object: 'Object Repository/Page_KiboPush  Dashboard/span_Templates' is clicked on

2019-04-21 03:06:40 - [TEST_STEP][PASSED] - delay(3): Delayed 3 second(s)

2019-04-21 03:06:43 - [MESSAGE][PASSED] - Delayed 3 second(s)

2019-04-21 03:06:43 - [TEST_STEP][PASSED] - scrollToPosition(0, 0): Browser is scrolled to position x = 0, y = 0

2019-04-21 03:06:43 - [MESSAGE][PASSED] - Browser is scrolled to position x = 0, y = 0

2019-04-21 03:06:43 - [TEST_STEP][PASSED] - click(findTestObject("Object Repository/Page_KiboEngage  Templates/h3_Templates")): Object: 'Object Repository/Page_KiboEngage  Templates/h3_Templates' is clicked on

2019-04-21 03:06:43 - [MESSAGE][PASSED] - Object: 'Object Repository/Page_KiboEngage  Templates/h3_Templates' is clicked on

2019-04-21 03:06:43 - [TEST_STEP][PASSED] - delay(3): Delayed 3 second(s)

2019-04-21 03:06:46 - [MESSAGE][PASSED] - Delayed 3 second(s)

2019-04-21 03:06:46 - [MESSAGE][PASSED] - Call Test Case 'Test Cases/s-sidebar_navigation/individualAccount/Template' successfully

2019-04-21 03:06:46 - [TEST_STEP][PASSED] - driver = getWebDriver(): null

2019-04-21 03:06:46 - [TEST_STEP][PASSED] - rows_table = driver.findElements(By.xpath("//*[@id="content"]/div/div/div/div[2]/div[3]/div[2]/div[2]/div/div[2]/div[2]/div[2]/table/tbody/tr")): null

2019-04-21 03:06:46 - [TEST_STEP][PASSED] - println(rows_table.size()): null

2019-04-21 03:06:46 - [TEST_STEP][PASSED] - verifyGreaterThanOrEqual(rows_table.size(), 1): Actual number '2' is greater than or equal to expected number '1'

2019-04-21 03:06:46 - [MESSAGE][PASSED] - Actual number '2' is greater than or equal to expected number '1'

2019-04-21 03:06:46 - [MESSAGE][PASSED] - Call Test Case 'Test Cases/Template testcases/TC0761' successfully

2019-04-21 03:06:46 - [TEST_STEP][PASSED] - delay(3): Delayed 3 second(s)

2019-04-21 03:06:49 - [MESSAGE][PASSED] - Delayed 3 second(s)

2019-04-21 03:06:49 - [TEST_STEP][PASSED] - driver = getWebDriver(): null

2019-04-21 03:06:49 - [TEST_STEP][PASSED] - next = driver.findElement(By.xpath("//*[@id="content"]/div/div/div/div[2]/div[3]/div[3]/div[2]/div/div[2]/div[2]/div[2]/ul/li[4]/a")): null

2019-04-21 03:06:49 - [TEST_STEP][PASSED] - next.click(): null

2019-04-21 03:06:50 - [TEST_STEP][PASSED] - previous = driver.findElement(By.xpath("//*[@id="ajax_data"]/ul/li[1]/a")): null

2019-04-21 03:06:50 - [TEST_STEP][PASSED] - previous.click(): null

2019-04-21 03:06:50 - [TEST_STEP][PASSED] - rows = driver.findElements(By.xpath("//*[@id="content"]/div/div/div/div[2]/div[3]/div[3]/div[2]/div/div[2]/div[2]/div[2]/table/tbody/tr")): null

2019-04-21 03:06:50 - [TEST_STEP][FAILED] - verifyEqual(rows.size(), 5): Unable to verify equal between actual object '0' and expected object '5' (Root cause: com.kms.katalon.core.exception.StepFailedException: Actual object '0' and expected object '5' are not equal
	at com.kms.katalon.core.keyword.builtin.VerifyEqualKeyword$_verifyEqual_closure1.doCall(VerifyEqualKeyword.groovy:58)
	at com.kms.katalon.core.keyword.builtin.VerifyEqualKeyword$_verifyEqual_closure1.call(VerifyEqualKeyword.groovy)
	at com.kms.katalon.core.keyword.internal.KeywordMain.runKeyword(KeywordMain.groovy:66)
	at com.kms.katalon.core.keyword.builtin.VerifyEqualKeyword.verifyEqual(VerifyEqualKeyword.groovy:63)
	at com.kms.katalon.core.keyword.builtin.VerifyEqualKeyword.execute(VerifyEqualKeyword.groovy:44)
	at com.kms.katalon.core.keyword.internal.KeywordExecutor.executeKeywordForPlatform(KeywordExecutor.groovy:56)
	at com.kms.katalon.core.keyword.BuiltinKeywords.verifyEqual(BuiltinKeywords.groovy:141)
	at TC0897.run(TC0897:44)
	at com.kms.katalon.core.main.ScriptEngine.run(ScriptEngine.java:194)
	at com.kms.katalon.core.main.ScriptEngine.runScriptAsRawText(ScriptEngine.java:119)
	at com.kms.katalon.core.main.TestCaseExecutor.runScript(TestCaseExecutor.java:336)
	at com.kms.katalon.core.main.TestCaseExecutor.doExecute(TestCaseExecutor.java:327)
	at com.kms.katalon.core.main.TestCaseExecutor.processExecutionPhase(TestCaseExecutor.java:306)
	at com.kms.katalon.core.main.TestCaseExecutor.accessMainPhase(TestCaseExecutor.java:298)
	at com.kms.katalon.core.main.TestCaseExecutor.execute(TestCaseExecutor.java:232)
	at com.kms.katalon.core.main.TestSuiteExecutor.accessTestCaseMainPhase(TestSuiteExecutor.java:129)
	at com.kms.katalon.core.main.TestSuiteExecutor.accessTestSuiteMainPhase(TestSuiteExecutor.java:112)
	at com.kms.katalon.core.main.TestSuiteExecutor.execute(TestSuiteExecutor.java:81)
	at com.kms.katalon.core.main.TestCaseMain.startTestSuite(TestCaseMain.java:157)
	at com.kms.katalon.core.main.TestCaseMain$startTestSuite$0.call(Unknown Source)
	at TempTestSuite1555795243480.run(TempTestSuite1555795243480.groovy:35)
)

2019-04-21 03:06:50 - [MESSAGE][FAILED] - Unable to verify equal between actual object '0' and expected object '5' (Root cause: com.kms.katalon.core.exception.StepFailedException: Actual object '0' and expected object '5' are not equal
	at com.kms.katalon.core.keyword.builtin.VerifyEqualKeyword$_verifyEqual_closure1.doCall(VerifyEqualKeyword.groovy:58)
	at com.kms.katalon.core.keyword.builtin.VerifyEqualKeyword$_verifyEqual_closure1.call(VerifyEqualKeyword.groovy)
	at com.kms.katalon.core.keyword.internal.KeywordMain.runKeyword(KeywordMain.groovy:66)
	at com.kms.katalon.core.keyword.builtin.VerifyEqualKeyword.verifyEqual(VerifyEqualKeyword.groovy:63)
	at com.kms.katalon.core.keyword.builtin.VerifyEqualKeyword.execute(VerifyEqualKeyword.groovy:44)
	at com.kms.katalon.core.keyword.internal.KeywordExecutor.executeKeywordForPlatform(KeywordExecutor.groovy:56)
	at com.kms.katalon.core.keyword.BuiltinKeywords.verifyEqual(BuiltinKeywords.groovy:141)
	at TC0897.run(TC0897:44)
	at com.kms.katalon.core.main.ScriptEngine.run(ScriptEngine.java:194)
	at com.kms.katalon.core.main.ScriptEngine.runScriptAsRawText(ScriptEngine.java:119)
	at com.kms.katalon.core.main.TestCaseExecutor.runScript(TestCaseExecutor.java:336)
	at com.kms.katalon.core.main.TestCaseExecutor.doExecute(TestCaseExecutor.java:327)
	at com.kms.katalon.core.main.TestCaseExecutor.processExecutionPhase(TestCaseExecutor.java:306)
	at com.kms.katalon.core.main.TestCaseExecutor.accessMainPhase(TestCaseExecutor.java:298)
	at com.kms.katalon.core.main.TestCaseExecutor.execute(TestCaseExecutor.java:232)
	at com.kms.katalon.core.main.TestSuiteExecutor.accessTestCaseMainPhase(TestSuiteExecutor.java:129)
	at com.kms.katalon.core.main.TestSuiteExecutor.accessTestSuiteMainPhase(TestSuiteExecutor.java:112)
	at com.kms.katalon.core.main.TestSuiteExecutor.execute(TestSuiteExecutor.java:81)
	at com.kms.katalon.core.main.TestCaseMain.startTestSuite(TestCaseMain.java:157)
	at com.kms.katalon.core.main.TestCaseMain$startTestSuite$0.call(Unknown Source)
	at TempTestSuite1555795243480.run(TempTestSuite1555795243480.groovy:35)
)]]></system-out>
         <system-err><![CDATA[2019-04-21 03:06:38 - [TEST_CASE][FAILED] - Test Cases/Template testcases/TC0897: Test Cases/Template testcases/TC0897 FAILED.
Reason:
com.kms.katalon.core.exception.StepFailedException: Actual object '0' and expected object '5' are not equal
	at com.kms.katalon.core.keyword.builtin.VerifyEqualKeyword$_verifyEqual_closure1.doCall(VerifyEqualKeyword.groovy:58)
	at com.kms.katalon.core.keyword.builtin.VerifyEqualKeyword$_verifyEqual_closure1.call(VerifyEqualKeyword.groovy)
	at com.kms.katalon.core.keyword.internal.KeywordMain.runKeyword(KeywordMain.groovy:66)
	at com.kms.katalon.core.keyword.builtin.VerifyEqualKeyword.verifyEqual(VerifyEqualKeyword.groovy:63)
	at com.kms.katalon.core.keyword.builtin.VerifyEqualKeyword.execute(VerifyEqualKeyword.groovy:44)
	at com.kms.katalon.core.keyword.internal.KeywordExecutor.executeKeywordForPlatform(KeywordExecutor.groovy:56)
	at com.kms.katalon.core.keyword.BuiltinKeywords.verifyEqual(BuiltinKeywords.groovy:141)
	at TC0897.run(TC0897:44)
	at com.kms.katalon.core.main.ScriptEngine.run(ScriptEngine.java:194)
	at com.kms.katalon.core.main.ScriptEngine.runScriptAsRawText(ScriptEngine.java:119)
	at com.kms.katalon.core.main.TestCaseExecutor.runScript(TestCaseExecutor.java:336)
	at com.kms.katalon.core.main.TestCaseExecutor.doExecute(TestCaseExecutor.java:327)
	at com.kms.katalon.core.main.TestCaseExecutor.processExecutionPhase(TestCaseExecutor.java:306)
	at com.kms.katalon.core.main.TestCaseExecutor.accessMainPhase(TestCaseExecutor.java:298)
	at com.kms.katalon.core.main.TestCaseExecutor.execute(TestCaseExecutor.java:232)
	at com.kms.katalon.core.main.TestSuiteExecutor.accessTestCaseMainPhase(TestSuiteExecutor.java:129)
	at com.kms.katalon.core.main.TestSuiteExecutor.accessTestSuiteMainPhase(TestSuiteExecutor.java:112)
	at com.kms.katalon.core.main.TestSuiteExecutor.execute(TestSuiteExecutor.java:81)
	at com.kms.katalon.core.main.TestCaseMain.startTestSuite(TestCaseMain.java:157)
	at com.kms.katalon.core.main.TestCaseMain$startTestSuite$0.call(Unknown Source)
	at TempTestSuite1555795243480.run(TempTestSuite1555795243480.groovy:35)]]></system-err>
      </testcase>
      <testcase name="Test Cases/Template testcases/TC0898" classname="Test Cases/Template testcases/TC0898" status="FAILED">
         <failure type="FAILED" message="Test Cases/Template testcases/TC0898 FAILED.
Reason:
com.kms.katalon.core.exception.StepFailedException: Actual number '0' is NOT greater than or equal to expected number '1'
	at com.kms.katalon.core.keyword.builtin.VerifyGreaterThanOrEqualKeyword$_verifyGreaterThanOrEqual_closure1.doCall(VerifyGreaterThanOrEqualKeyword.groovy:54)
	at com.kms.katalon.core.keyword.builtin.VerifyGreaterThanOrEqualKeyword$_verifyGreaterThanOrEqual_closure1.call(VerifyGreaterThanOrEqualKeyword.groovy)
	at com.kms.katalon.core.keyword.internal.KeywordMain.runKeyword(KeywordMain.groovy:66)
	at com.kms.katalon.core.keyword.builtin.VerifyGreaterThanOrEqualKeyword.verifyGreaterThanOrEqual(VerifyGreaterThanOrEqualKeyword.groovy:57)
	at com.kms.katalon.core.keyword.builtin.VerifyGreaterThanOrEqualKeyword.execute(VerifyGreaterThanOrEqualKeyword.groovy:44)
	at com.kms.katalon.core.keyword.internal.KeywordExecutor.executeKeywordForPlatform(KeywordExecutor.groovy:56)
	at com.kms.katalon.core.keyword.BuiltinKeywords.verifyGreaterThanOrEqual(BuiltinKeywords.groovy:230)
	at TC0898.run(TC0898:40)
	at com.kms.katalon.core.main.ScriptEngine.run(ScriptEngine.java:194)
	at com.kms.katalon.core.main.ScriptEngine.runScriptAsRawText(ScriptEngine.java:119)
	at com.kms.katalon.core.main.TestCaseExecutor.runScript(TestCaseExecutor.java:336)
	at com.kms.katalon.core.main.TestCaseExecutor.doExecute(TestCaseExecutor.java:327)
	at com.kms.katalon.core.main.TestCaseExecutor.processExecutionPhase(TestCaseExecutor.java:306)
	at com.kms.katalon.core.main.TestCaseExecutor.accessMainPhase(TestCaseExecutor.java:298)
	at com.kms.katalon.core.main.TestCaseExecutor.execute(TestCaseExecutor.java:232)
	at com.kms.katalon.core.main.TestSuiteExecutor.accessTestCaseMainPhase(TestSuiteExecutor.java:129)
	at com.kms.katalon.core.main.TestSuiteExecutor.accessTestSuiteMainPhase(TestSuiteExecutor.java:112)
	at com.kms.katalon.core.main.TestSuiteExecutor.execute(TestSuiteExecutor.java:81)
	at com.kms.katalon.core.main.TestCaseMain.startTestSuite(TestCaseMain.java:157)
	at com.kms.katalon.core.main.TestCaseMain$startTestSuite$0.call(Unknown Source)
	at TempTestSuite1555795243480.run(TempTestSuite1555795243480.groovy:35)
"/>
         <system-out><![CDATA[2019-04-21 03:06:50 - [TEST_CASE][FAILED] - Test Cases/Template testcases/TC0898: Test Cases/Template testcases/TC0898 FAILED.
Reason:
com.kms.katalon.core.exception.StepFailedException: Actual number '0' is NOT greater than or equal to expected number '1'
	at com.kms.katalon.core.keyword.builtin.VerifyGreaterThanOrEqualKeyword$_verifyGreaterThanOrEqual_closure1.doCall(VerifyGreaterThanOrEqualKeyword.groovy:54)
	at com.kms.katalon.core.keyword.builtin.VerifyGreaterThanOrEqualKeyword$_verifyGreaterThanOrEqual_closure1.call(VerifyGreaterThanOrEqualKeyword.groovy)
	at com.kms.katalon.core.keyword.internal.KeywordMain.runKeyword(KeywordMain.groovy:66)
	at com.kms.katalon.core.keyword.builtin.VerifyGreaterThanOrEqualKeyword.verifyGreaterThanOrEqual(VerifyGreaterThanOrEqualKeyword.groovy:57)
	at com.kms.katalon.core.keyword.builtin.VerifyGreaterThanOrEqualKeyword.execute(VerifyGreaterThanOrEqualKeyword.groovy:44)
	at com.kms.katalon.core.keyword.internal.KeywordExecutor.executeKeywordForPlatform(KeywordExecutor.groovy:56)
	at com.kms.katalon.core.keyword.BuiltinKeywords.verifyGreaterThanOrEqual(BuiltinKeywords.groovy:230)
	at TC0898.run(TC0898:40)
	at com.kms.katalon.core.main.ScriptEngine.run(ScriptEngine.java:194)
	at com.kms.katalon.core.main.ScriptEngine.runScriptAsRawText(ScriptEngine.java:119)
	at com.kms.katalon.core.main.TestCaseExecutor.runScript(TestCaseExecutor.java:336)
	at com.kms.katalon.core.main.TestCaseExecutor.doExecute(TestCaseExecutor.java:327)
	at com.kms.katalon.core.main.TestCaseExecutor.processExecutionPhase(TestCaseExecutor.java:306)
	at com.kms.katalon.core.main.TestCaseExecutor.accessMainPhase(TestCaseExecutor.java:298)
	at com.kms.katalon.core.main.TestCaseExecutor.execute(TestCaseExecutor.java:232)
	at com.kms.katalon.core.main.TestSuiteExecutor.accessTestCaseMainPhase(TestSuiteExecutor.java:129)
	at com.kms.katalon.core.main.TestSuiteExecutor.accessTestSuiteMainPhase(TestSuiteExecutor.java:112)
	at com.kms.katalon.core.main.TestSuiteExecutor.execute(TestSuiteExecutor.java:81)
	at com.kms.katalon.core.main.TestCaseMain.startTestSuite(TestCaseMain.java:157)
	at com.kms.katalon.core.main.TestCaseMain$startTestSuite$0.call(Unknown Source)
	at TempTestSuite1555795243480.run(TempTestSuite1555795243480.groovy:35)


2019-04-21 03:06:50 - [TEST_STEP][PASSED] - callTestCase(findTestCase("Template testcases/TC0761"), [:], STOP_ON_FAILURE): Call Test Case 'Test Cases/Template testcases/TC0761' successfully

2019-04-21 03:06:50 - [TEST_CASE][PASSED] - Test Cases/Template testcases/TC0761: Test Cases/Template testcases/TC0761

2019-04-21 03:06:50 - [TEST_STEP][PASSED] - callTestCase(findTestCase("s-sidebar_navigation/individualAccount/Template"), [:], STOP_ON_FAILURE): Call Test Case 'Test Cases/s-sidebar_navigation/individualAccount/Template' successfully

2019-04-21 03:06:50 - [TEST_CASE][PASSED] - Test Cases/s-sidebar_navigation/individualAccount/Template: Test Cases/s-sidebar_navigation/individualAccount/Template

2019-04-21 03:06:50 - [TEST_STEP][PASSED] - click(findTestObject("Page_KiboPush  Dashboard/span_Broadcasts")): Object: 'Object Repository/Page_KiboPush  Dashboard/span_Broadcasts' is clicked on

2019-04-21 03:06:50 - [MESSAGE][PASSED] - Object: 'Object Repository/Page_KiboPush  Dashboard/span_Broadcasts' is clicked on

2019-04-21 03:06:50 - [TEST_STEP][PASSED] - delay(1): Delayed 1 second(s)

2019-04-21 03:06:51 - [MESSAGE][PASSED] - Delayed 1 second(s)

2019-04-21 03:06:51 - [TEST_STEP][PASSED] - click(findTestObject("Page_KiboPush  Dashboard/span_Templates")): Object: 'Object Repository/Page_KiboPush  Dashboard/span_Templates' is clicked on

2019-04-21 03:06:52 - [MESSAGE][PASSED] - Object: 'Object Repository/Page_KiboPush  Dashboard/span_Templates' is clicked on

2019-04-21 03:06:52 - [TEST_STEP][PASSED] - delay(3): Delayed 3 second(s)

2019-04-21 03:06:55 - [MESSAGE][PASSED] - Delayed 3 second(s)

2019-04-21 03:06:55 - [TEST_STEP][PASSED] - scrollToPosition(0, 0): Browser is scrolled to position x = 0, y = 0

2019-04-21 03:06:55 - [MESSAGE][PASSED] - Browser is scrolled to position x = 0, y = 0

2019-04-21 03:06:55 - [TEST_STEP][PASSED] - click(findTestObject("Object Repository/Page_KiboEngage  Templates/h3_Templates")): Object: 'Object Repository/Page_KiboEngage  Templates/h3_Templates' is clicked on

2019-04-21 03:06:55 - [MESSAGE][PASSED] - Object: 'Object Repository/Page_KiboEngage  Templates/h3_Templates' is clicked on

2019-04-21 03:06:55 - [TEST_STEP][PASSED] - delay(3): Delayed 3 second(s)

2019-04-21 03:06:58 - [MESSAGE][PASSED] - Delayed 3 second(s)

2019-04-21 03:06:58 - [MESSAGE][PASSED] - Call Test Case 'Test Cases/s-sidebar_navigation/individualAccount/Template' successfully

2019-04-21 03:06:58 - [TEST_STEP][PASSED] - driver = getWebDriver(): null

2019-04-21 03:06:58 - [TEST_STEP][PASSED] - rows_table = driver.findElements(By.xpath("//*[@id="content"]/div/div/div/div[2]/div[3]/div[2]/div[2]/div/div[2]/div[2]/div[2]/table/tbody/tr")): null

2019-04-21 03:06:58 - [TEST_STEP][PASSED] - println(rows_table.size()): null

2019-04-21 03:06:58 - [TEST_STEP][PASSED] - verifyGreaterThanOrEqual(rows_table.size(), 1): Actual number '2' is greater than or equal to expected number '1'

2019-04-21 03:06:58 - [MESSAGE][PASSED] - Actual number '2' is greater than or equal to expected number '1'

2019-04-21 03:06:58 - [MESSAGE][PASSED] - Call Test Case 'Test Cases/Template testcases/TC0761' successfully

2019-04-21 03:06:58 - [TEST_STEP][PASSED] - delay(3): Delayed 3 second(s)

2019-04-21 03:07:01 - [MESSAGE][PASSED] - Delayed 3 second(s)

2019-04-21 03:07:01 - [TEST_STEP][PASSED] - driver = getWebDriver(): null

2019-04-21 03:07:01 - [TEST_STEP][PASSED] - element = driver.findElement(By.xpath("//*[@id="content"]/div/div/div/div[2]/div[3]/div[3]/div[2]/div/div[2]/div[2]/div[2]/ul/li[3]/a")): null

2019-04-21 03:07:01 - [TEST_STEP][PASSED] - element.click(): null

2019-04-21 03:07:01 - [TEST_STEP][PASSED] - rows = driver.findElements(By.xpath("//*[@id="content"]/div/div/div/div[2]/div[3]/div[3]/div[2]/div/div[2]/div[2]/div[2]/table/tbody/tr")): null

2019-04-21 03:07:01 - [TEST_STEP][FAILED] - verifyGreaterThanOrEqual(rows.size(), 1): Unable to verify actual number '0' greater than or equal with expected number '1' (Root cause: com.kms.katalon.core.exception.StepFailedException: Actual number '0' is NOT greater than or equal to expected number '1'
	at com.kms.katalon.core.keyword.builtin.VerifyGreaterThanOrEqualKeyword$_verifyGreaterThanOrEqual_closure1.doCall(VerifyGreaterThanOrEqualKeyword.groovy:54)
	at com.kms.katalon.core.keyword.builtin.VerifyGreaterThanOrEqualKeyword$_verifyGreaterThanOrEqual_closure1.call(VerifyGreaterThanOrEqualKeyword.groovy)
	at com.kms.katalon.core.keyword.internal.KeywordMain.runKeyword(KeywordMain.groovy:66)
	at com.kms.katalon.core.keyword.builtin.VerifyGreaterThanOrEqualKeyword.verifyGreaterThanOrEqual(VerifyGreaterThanOrEqualKeyword.groovy:57)
	at com.kms.katalon.core.keyword.builtin.VerifyGreaterThanOrEqualKeyword.execute(VerifyGreaterThanOrEqualKeyword.groovy:44)
	at com.kms.katalon.core.keyword.internal.KeywordExecutor.executeKeywordForPlatform(KeywordExecutor.groovy:56)
	at com.kms.katalon.core.keyword.BuiltinKeywords.verifyGreaterThanOrEqual(BuiltinKeywords.groovy:230)
	at TC0898.run(TC0898:40)
	at com.kms.katalon.core.main.ScriptEngine.run(ScriptEngine.java:194)
	at com.kms.katalon.core.main.ScriptEngine.runScriptAsRawText(ScriptEngine.java:119)
	at com.kms.katalon.core.main.TestCaseExecutor.runScript(TestCaseExecutor.java:336)
	at com.kms.katalon.core.main.TestCaseExecutor.doExecute(TestCaseExecutor.java:327)
	at com.kms.katalon.core.main.TestCaseExecutor.processExecutionPhase(TestCaseExecutor.java:306)
	at com.kms.katalon.core.main.TestCaseExecutor.accessMainPhase(TestCaseExecutor.java:298)
	at com.kms.katalon.core.main.TestCaseExecutor.execute(TestCaseExecutor.java:232)
	at com.kms.katalon.core.main.TestSuiteExecutor.accessTestCaseMainPhase(TestSuiteExecutor.java:129)
	at com.kms.katalon.core.main.TestSuiteExecutor.accessTestSuiteMainPhase(TestSuiteExecutor.java:112)
	at com.kms.katalon.core.main.TestSuiteExecutor.execute(TestSuiteExecutor.java:81)
	at com.kms.katalon.core.main.TestCaseMain.startTestSuite(TestCaseMain.java:157)
	at com.kms.katalon.core.main.TestCaseMain$startTestSuite$0.call(Unknown Source)
	at TempTestSuite1555795243480.run(TempTestSuite1555795243480.groovy:35)
)

2019-04-21 03:07:01 - [MESSAGE][FAILED] - Unable to verify actual number '0' greater than or equal with expected number '1' (Root cause: com.kms.katalon.core.exception.StepFailedException: Actual number '0' is NOT greater than or equal to expected number '1'
	at com.kms.katalon.core.keyword.builtin.VerifyGreaterThanOrEqualKeyword$_verifyGreaterThanOrEqual_closure1.doCall(VerifyGreaterThanOrEqualKeyword.groovy:54)
	at com.kms.katalon.core.keyword.builtin.VerifyGreaterThanOrEqualKeyword$_verifyGreaterThanOrEqual_closure1.call(VerifyGreaterThanOrEqualKeyword.groovy)
	at com.kms.katalon.core.keyword.internal.KeywordMain.runKeyword(KeywordMain.groovy:66)
	at com.kms.katalon.core.keyword.builtin.VerifyGreaterThanOrEqualKeyword.verifyGreaterThanOrEqual(VerifyGreaterThanOrEqualKeyword.groovy:57)
	at com.kms.katalon.core.keyword.builtin.VerifyGreaterThanOrEqualKeyword.execute(VerifyGreaterThanOrEqualKeyword.groovy:44)
	at com.kms.katalon.core.keyword.internal.KeywordExecutor.executeKeywordForPlatform(KeywordExecutor.groovy:56)
	at com.kms.katalon.core.keyword.BuiltinKeywords.verifyGreaterThanOrEqual(BuiltinKeywords.groovy:230)
	at TC0898.run(TC0898:40)
	at com.kms.katalon.core.main.ScriptEngine.run(ScriptEngine.java:194)
	at com.kms.katalon.core.main.ScriptEngine.runScriptAsRawText(ScriptEngine.java:119)
	at com.kms.katalon.core.main.TestCaseExecutor.runScript(TestCaseExecutor.java:336)
	at com.kms.katalon.core.main.TestCaseExecutor.doExecute(TestCaseExecutor.java:327)
	at com.kms.katalon.core.main.TestCaseExecutor.processExecutionPhase(TestCaseExecutor.java:306)
	at com.kms.katalon.core.main.TestCaseExecutor.accessMainPhase(TestCaseExecutor.java:298)
	at com.kms.katalon.core.main.TestCaseExecutor.execute(TestCaseExecutor.java:232)
	at com.kms.katalon.core.main.TestSuiteExecutor.accessTestCaseMainPhase(TestSuiteExecutor.java:129)
	at com.kms.katalon.core.main.TestSuiteExecutor.accessTestSuiteMainPhase(TestSuiteExecutor.java:112)
	at com.kms.katalon.core.main.TestSuiteExecutor.execute(TestSuiteExecutor.java:81)
	at com.kms.katalon.core.main.TestCaseMain.startTestSuite(TestCaseMain.java:157)
	at com.kms.katalon.core.main.TestCaseMain$startTestSuite$0.call(Unknown Source)
	at TempTestSuite1555795243480.run(TempTestSuite1555795243480.groovy:35)
)]]></system-out>
         <system-err><![CDATA[2019-04-21 03:06:50 - [TEST_CASE][FAILED] - Test Cases/Template testcases/TC0898: Test Cases/Template testcases/TC0898 FAILED.
Reason:
com.kms.katalon.core.exception.StepFailedException: Actual number '0' is NOT greater than or equal to expected number '1'
	at com.kms.katalon.core.keyword.builtin.VerifyGreaterThanOrEqualKeyword$_verifyGreaterThanOrEqual_closure1.doCall(VerifyGreaterThanOrEqualKeyword.groovy:54)
	at com.kms.katalon.core.keyword.builtin.VerifyGreaterThanOrEqualKeyword$_verifyGreaterThanOrEqual_closure1.call(VerifyGreaterThanOrEqualKeyword.groovy)
	at com.kms.katalon.core.keyword.internal.KeywordMain.runKeyword(KeywordMain.groovy:66)
	at com.kms.katalon.core.keyword.builtin.VerifyGreaterThanOrEqualKeyword.verifyGreaterThanOrEqual(VerifyGreaterThanOrEqualKeyword.groovy:57)
	at com.kms.katalon.core.keyword.builtin.VerifyGreaterThanOrEqualKeyword.execute(VerifyGreaterThanOrEqualKeyword.groovy:44)
	at com.kms.katalon.core.keyword.internal.KeywordExecutor.executeKeywordForPlatform(KeywordExecutor.groovy:56)
	at com.kms.katalon.core.keyword.BuiltinKeywords.verifyGreaterThanOrEqual(BuiltinKeywords.groovy:230)
	at TC0898.run(TC0898:40)
	at com.kms.katalon.core.main.ScriptEngine.run(ScriptEngine.java:194)
	at com.kms.katalon.core.main.ScriptEngine.runScriptAsRawText(ScriptEngine.java:119)
	at com.kms.katalon.core.main.TestCaseExecutor.runScript(TestCaseExecutor.java:336)
	at com.kms.katalon.core.main.TestCaseExecutor.doExecute(TestCaseExecutor.java:327)
	at com.kms.katalon.core.main.TestCaseExecutor.processExecutionPhase(TestCaseExecutor.java:306)
	at com.kms.katalon.core.main.TestCaseExecutor.accessMainPhase(TestCaseExecutor.java:298)
	at com.kms.katalon.core.main.TestCaseExecutor.execute(TestCaseExecutor.java:232)
	at com.kms.katalon.core.main.TestSuiteExecutor.accessTestCaseMainPhase(TestSuiteExecutor.java:129)
	at com.kms.katalon.core.main.TestSuiteExecutor.accessTestSuiteMainPhase(TestSuiteExecutor.java:112)
	at com.kms.katalon.core.main.TestSuiteExecutor.execute(TestSuiteExecutor.java:81)
	at com.kms.katalon.core.main.TestCaseMain.startTestSuite(TestCaseMain.java:157)
	at com.kms.katalon.core.main.TestCaseMain$startTestSuite$0.call(Unknown Source)
	at TempTestSuite1555795243480.run(TempTestSuite1555795243480.groovy:35)]]></system-err>
      </testcase>
      <testcase name="Test Cases/Template testcases/TC0899" classname="Test Cases/Template testcases/TC0899" status="PASSED">
         <system-out><![CDATA[2019-04-21 03:07:01 - [TEST_CASE][PASSED] - Test Cases/Template testcases/TC0899: Test Cases/Template testcases/TC0899

2019-04-21 03:07:01 - [TEST_STEP][PASSED] - callTestCase(findTestCase("Template testcases/TC0761"), [:], STOP_ON_FAILURE): Call Test Case 'Test Cases/Template testcases/TC0761' successfully

2019-04-21 03:07:01 - [TEST_CASE][PASSED] - Test Cases/Template testcases/TC0761: Test Cases/Template testcases/TC0761

2019-04-21 03:07:01 - [TEST_STEP][PASSED] - callTestCase(findTestCase("s-sidebar_navigation/individualAccount/Template"), [:], STOP_ON_FAILURE): Call Test Case 'Test Cases/s-sidebar_navigation/individualAccount/Template' successfully

2019-04-21 03:07:01 - [TEST_CASE][PASSED] - Test Cases/s-sidebar_navigation/individualAccount/Template: Test Cases/s-sidebar_navigation/individualAccount/Template

2019-04-21 03:07:01 - [TEST_STEP][PASSED] - click(findTestObject("Page_KiboPush  Dashboard/span_Broadcasts")): Object: 'Object Repository/Page_KiboPush  Dashboard/span_Broadcasts' is clicked on

2019-04-21 03:07:01 - [MESSAGE][PASSED] - Object: 'Object Repository/Page_KiboPush  Dashboard/span_Broadcasts' is clicked on

2019-04-21 03:07:01 - [TEST_STEP][PASSED] - delay(1): Delayed 1 second(s)

2019-04-21 03:07:02 - [MESSAGE][PASSED] - Delayed 1 second(s)

2019-04-21 03:07:02 - [TEST_STEP][PASSED] - click(findTestObject("Page_KiboPush  Dashboard/span_Templates")): Object: 'Object Repository/Page_KiboPush  Dashboard/span_Templates' is clicked on

2019-04-21 03:07:03 - [MESSAGE][PASSED] - Object: 'Object Repository/Page_KiboPush  Dashboard/span_Templates' is clicked on

2019-04-21 03:07:03 - [TEST_STEP][PASSED] - delay(3): Delayed 3 second(s)

2019-04-21 03:07:06 - [MESSAGE][PASSED] - Delayed 3 second(s)

2019-04-21 03:07:06 - [TEST_STEP][PASSED] - scrollToPosition(0, 0): Browser is scrolled to position x = 0, y = 0

2019-04-21 03:07:06 - [MESSAGE][PASSED] - Browser is scrolled to position x = 0, y = 0

2019-04-21 03:07:06 - [TEST_STEP][PASSED] - click(findTestObject("Object Repository/Page_KiboEngage  Templates/h3_Templates")): Object: 'Object Repository/Page_KiboEngage  Templates/h3_Templates' is clicked on

2019-04-21 03:07:06 - [MESSAGE][PASSED] - Object: 'Object Repository/Page_KiboEngage  Templates/h3_Templates' is clicked on

2019-04-21 03:07:06 - [TEST_STEP][PASSED] - delay(3): Delayed 3 second(s)

2019-04-21 03:07:09 - [MESSAGE][PASSED] - Delayed 3 second(s)

2019-04-21 03:07:09 - [MESSAGE][PASSED] - Call Test Case 'Test Cases/s-sidebar_navigation/individualAccount/Template' successfully

2019-04-21 03:07:09 - [TEST_STEP][PASSED] - driver = getWebDriver(): null

2019-04-21 03:07:09 - [TEST_STEP][PASSED] - rows_table = driver.findElements(By.xpath("//*[@id="content"]/div/div/div/div[2]/div[3]/div[2]/div[2]/div/div[2]/div[2]/div[2]/table/tbody/tr")): null

2019-04-21 03:07:09 - [TEST_STEP][PASSED] - println(rows_table.size()): null

2019-04-21 03:07:09 - [TEST_STEP][PASSED] - verifyGreaterThanOrEqual(rows_table.size(), 1): Actual number '2' is greater than or equal to expected number '1'

2019-04-21 03:07:09 - [MESSAGE][PASSED] - Actual number '2' is greater than or equal to expected number '1'

2019-04-21 03:07:09 - [MESSAGE][PASSED] - Call Test Case 'Test Cases/Template testcases/TC0761' successfully

2019-04-21 03:07:09 - [TEST_STEP][PASSED] - delay(1): Delayed 1 second(s)

2019-04-21 03:07:10 - [MESSAGE][PASSED] - Delayed 1 second(s)

2019-04-21 03:07:10 - [TEST_STEP][PASSED] - driver = getWebDriver(): null

2019-04-21 03:07:10 - [TEST_STEP][PASSED] - element = driver.findElement(By.xpath("//*[@id="content"]/div/div/div/div[2]/div[3]/div[3]/div[2]/div/div[1]/div[2]/a/button")): null

2019-04-21 03:07:10 - [TEST_STEP][PASSED] - element.click(): null

2019-04-21 03:07:10 - [TEST_STEP][PASSED] - scrollToPosition(0, 0): Browser is scrolled to position x = 0, y = 0

2019-04-21 03:07:10 - [MESSAGE][PASSED] - Browser is scrolled to position x = 0, y = 0

2019-04-21 03:07:10 - [TEST_STEP][PASSED] - delay(1): Delayed 1 second(s)

2019-04-21 03:07:11 - [MESSAGE][PASSED] - Delayed 1 second(s)

2019-04-21 03:07:11 - [TEST_STEP][PASSED] - click(findTestObject("Object Repository/Page_KiboPush  Create Poll/h3_Create Template Poll")): Object: 'Object Repository/Page_KiboPush  Create Poll/h3_Create Template Poll' is clicked on

2019-04-21 03:07:11 - [MESSAGE][PASSED] - Object: 'Object Repository/Page_KiboPush  Create Poll/h3_Create Template Poll' is clicked on]]></system-out>
         <system-err><![CDATA[]]></system-err>
      </testcase>
      <testcase name="Test Cases/Template testcases/TC0900" classname="Test Cases/Template testcases/TC0900" status="PASSED">
         <system-out><![CDATA[2019-04-21 03:07:11 - [TEST_CASE][PASSED] - Test Cases/Template testcases/TC0900: Test Cases/Template testcases/TC0900

2019-04-21 03:07:12 - [TEST_STEP][PASSED] - callTestCase(findTestCase("Template testcases/TC0899"), [:], STOP_ON_FAILURE): Call Test Case 'Test Cases/Template testcases/TC0899' successfully

2019-04-21 03:07:12 - [TEST_CASE][PASSED] - Test Cases/Template testcases/TC0899: Test Cases/Template testcases/TC0899

2019-04-21 03:07:12 - [TEST_STEP][PASSED] - callTestCase(findTestCase("Template testcases/TC0761"), [:], STOP_ON_FAILURE): Call Test Case 'Test Cases/Template testcases/TC0761' successfully

2019-04-21 03:07:12 - [TEST_CASE][PASSED] - Test Cases/Template testcases/TC0761: Test Cases/Template testcases/TC0761

2019-04-21 03:07:12 - [TEST_STEP][PASSED] - callTestCase(findTestCase("s-sidebar_navigation/individualAccount/Template"), [:], STOP_ON_FAILURE): Call Test Case 'Test Cases/s-sidebar_navigation/individualAccount/Template' successfully

2019-04-21 03:07:12 - [TEST_CASE][PASSED] - Test Cases/s-sidebar_navigation/individualAccount/Template: Test Cases/s-sidebar_navigation/individualAccount/Template

2019-04-21 03:07:12 - [TEST_STEP][PASSED] - click(findTestObject("Page_KiboPush  Dashboard/span_Broadcasts")): Object: 'Object Repository/Page_KiboPush  Dashboard/span_Broadcasts' is clicked on

2019-04-21 03:07:12 - [MESSAGE][PASSED] - Object: 'Object Repository/Page_KiboPush  Dashboard/span_Broadcasts' is clicked on

2019-04-21 03:07:12 - [TEST_STEP][PASSED] - delay(1): Delayed 1 second(s)

2019-04-21 03:07:13 - [MESSAGE][PASSED] - Delayed 1 second(s)

2019-04-21 03:07:13 - [TEST_STEP][PASSED] - click(findTestObject("Page_KiboPush  Dashboard/span_Templates")): Object: 'Object Repository/Page_KiboPush  Dashboard/span_Templates' is clicked on

2019-04-21 03:07:13 - [MESSAGE][PASSED] - Object: 'Object Repository/Page_KiboPush  Dashboard/span_Templates' is clicked on

2019-04-21 03:07:13 - [TEST_STEP][PASSED] - delay(3): Delayed 3 second(s)

2019-04-21 03:07:16 - [MESSAGE][PASSED] - Delayed 3 second(s)

2019-04-21 03:07:16 - [TEST_STEP][PASSED] - scrollToPosition(0, 0): Browser is scrolled to position x = 0, y = 0

2019-04-21 03:07:16 - [MESSAGE][PASSED] - Browser is scrolled to position x = 0, y = 0

2019-04-21 03:07:16 - [TEST_STEP][PASSED] - click(findTestObject("Object Repository/Page_KiboEngage  Templates/h3_Templates")): Object: 'Object Repository/Page_KiboEngage  Templates/h3_Templates' is clicked on

2019-04-21 03:07:16 - [MESSAGE][PASSED] - Object: 'Object Repository/Page_KiboEngage  Templates/h3_Templates' is clicked on

2019-04-21 03:07:16 - [TEST_STEP][PASSED] - delay(3): Delayed 3 second(s)

2019-04-21 03:07:19 - [MESSAGE][PASSED] - Delayed 3 second(s)

2019-04-21 03:07:19 - [MESSAGE][PASSED] - Call Test Case 'Test Cases/s-sidebar_navigation/individualAccount/Template' successfully

2019-04-21 03:07:19 - [TEST_STEP][PASSED] - driver = getWebDriver(): null

2019-04-21 03:07:19 - [TEST_STEP][PASSED] - rows_table = driver.findElements(By.xpath("//*[@id="content"]/div/div/div/div[2]/div[3]/div[2]/div[2]/div/div[2]/div[2]/div[2]/table/tbody/tr")): null

2019-04-21 03:07:19 - [TEST_STEP][PASSED] - println(rows_table.size()): null

2019-04-21 03:07:19 - [TEST_STEP][PASSED] - verifyGreaterThanOrEqual(rows_table.size(), 1): Actual number '2' is greater than or equal to expected number '1'

2019-04-21 03:07:19 - [MESSAGE][PASSED] - Actual number '2' is greater than or equal to expected number '1'

2019-04-21 03:07:19 - [MESSAGE][PASSED] - Call Test Case 'Test Cases/Template testcases/TC0761' successfully

2019-04-21 03:07:19 - [TEST_STEP][PASSED] - delay(1): Delayed 1 second(s)

2019-04-21 03:07:20 - [MESSAGE][PASSED] - Delayed 1 second(s)

2019-04-21 03:07:20 - [TEST_STEP][PASSED] - driver = getWebDriver(): null

2019-04-21 03:07:20 - [TEST_STEP][PASSED] - element = driver.findElement(By.xpath("//*[@id="content"]/div/div/div/div[2]/div[3]/div[3]/div[2]/div/div[1]/div[2]/a/button")): null

2019-04-21 03:07:20 - [TEST_STEP][PASSED] - element.click(): null

2019-04-21 03:07:21 - [TEST_STEP][PASSED] - scrollToPosition(0, 0): Browser is scrolled to position x = 0, y = 0

2019-04-21 03:07:21 - [MESSAGE][PASSED] - Browser is scrolled to position x = 0, y = 0

2019-04-21 03:07:21 - [TEST_STEP][PASSED] - delay(1): Delayed 1 second(s)

2019-04-21 03:07:22 - [MESSAGE][PASSED] - Delayed 1 second(s)

2019-04-21 03:07:22 - [TEST_STEP][PASSED] - click(findTestObject("Object Repository/Page_KiboPush  Create Poll/h3_Create Template Poll")): Object: 'Object Repository/Page_KiboPush  Create Poll/h3_Create Template Poll' is clicked on

2019-04-21 03:07:22 - [MESSAGE][PASSED] - Object: 'Object Repository/Page_KiboPush  Create Poll/h3_Create Template Poll' is clicked on

2019-04-21 03:07:22 - [MESSAGE][PASSED] - Call Test Case 'Test Cases/Template testcases/TC0899' successfully

2019-04-21 03:07:22 - [TEST_STEP][PASSED] - setText(findTestObject("Page_KiboPush  Create Poll/input_form-control (1) (1)"), "hi"): Text 'hi' is set on object 'Object Repository/Page_KiboPush  Create Poll/input_form-control (1) (1)'

2019-04-21 03:07:22 - [MESSAGE][PASSED] - Text 'hi' is set on object 'Object Repository/Page_KiboPush  Create Poll/input_form-control (1) (1)'

2019-04-21 03:07:22 - [TEST_STEP][PASSED] - click(findTestObject("Page_KiboPush  Create Broadcast Tem/polls_category")): Object: 'Object Repository/Page_KiboPush  Create Broadcast Tem/polls_category' is clicked on

2019-04-21 03:07:22 - [MESSAGE][PASSED] - Object: 'Object Repository/Page_KiboPush  Create Broadcast Tem/polls_category' is clicked on

2019-04-21 03:07:22 - [TEST_STEP][PASSED] - delay(1): Delayed 1 second(s)

2019-04-21 03:07:23 - [MESSAGE][PASSED] - Delayed 1 second(s)

2019-04-21 03:07:23 - [TEST_STEP][PASSED] - click(findTestObject("Page_KiboPush  Create Broadcast Tem/li_Customer Behavior")): Object: 'Object Repository/Page_KiboPush  Create Broadcast Tem/li_Customer Behavior' is clicked on

2019-04-21 03:07:23 - [MESSAGE][PASSED] - Object: 'Object Repository/Page_KiboPush  Create Broadcast Tem/li_Customer Behavior' is clicked on

2019-04-21 03:07:23 - [TEST_STEP][PASSED] - setText(findTestObject("Page_KiboPush  Create Poll/textarea_form-control (5)"), "q1"): Text 'q1' is set on object 'Object Repository/Page_KiboPush  Create Poll/textarea_form-control (5)'

2019-04-21 03:07:24 - [MESSAGE][PASSED] - Text 'q1' is set on object 'Object Repository/Page_KiboPush  Create Poll/textarea_form-control (5)'

2019-04-21 03:07:24 - [TEST_STEP][PASSED] - setText(findTestObject("Page_KiboPush  Create Poll/input_form-control_1 (1) (1)"), "1"): Text '1' is set on object 'Object Repository/Page_KiboPush  Create Poll/input_form-control_1 (1) (1)'

2019-04-21 03:07:24 - [MESSAGE][PASSED] - Text '1' is set on object 'Object Repository/Page_KiboPush  Create Poll/input_form-control_1 (1) (1)'

2019-04-21 03:07:24 - [TEST_STEP][PASSED] - setText(findTestObject("Page_KiboPush  Create Poll/input_form-control_2 (1) (1)"), "2"): Text '2' is set on object 'Object Repository/Page_KiboPush  Create Poll/input_form-control_2 (1) (1)'

2019-04-21 03:07:24 - [MESSAGE][PASSED] - Text '2' is set on object 'Object Repository/Page_KiboPush  Create Poll/input_form-control_2 (1) (1)'

2019-04-21 03:07:24 - [TEST_STEP][PASSED] - setText(findTestObject("Page_KiboPush  Create Poll/input_form-control_3 (1)"), "3"): Text '3' is set on object 'Object Repository/Page_KiboPush  Create Poll/input_form-control_3 (1)'

2019-04-21 03:07:24 - [MESSAGE][PASSED] - Text '3' is set on object 'Object Repository/Page_KiboPush  Create Poll/input_form-control_3 (1)'

2019-04-21 03:07:24 - [TEST_STEP][PASSED] - click(findTestObject("Page_KiboPush  Create Poll/button_Create Poll (2) (1)")): Object: 'Object Repository/Page_KiboPush  Create Poll/button_Create Poll (2) (1)' is clicked on

2019-04-21 03:07:24 - [MESSAGE][PASSED] - Object: 'Object Repository/Page_KiboPush  Create Poll/button_Create Poll (2) (1)' is clicked on

2019-04-21 03:07:24 - [TEST_STEP][PASSED] - scrollToPosition(0, 0): Browser is scrolled to position x = 0, y = 0

2019-04-21 03:07:24 - [MESSAGE][PASSED] - Browser is scrolled to position x = 0, y = 0

2019-04-21 03:07:24 - [TEST_STEP][PASSED] - click(findTestObject("Object Repository/Page_KiboEngage  Templates/h3_Broadcasts")): Object: 'Object Repository/Page_KiboEngage  Templates/h3_Broadcasts' is clicked on

2019-04-21 03:07:25 - [MESSAGE][PASSED] - Object: 'Object Repository/Page_KiboEngage  Templates/h3_Broadcasts' is clicked on]]></system-out>
         <system-err><![CDATA[]]></system-err>
      </testcase>
      <testcase name="Test Cases/Template testcases/TC0901" classname="Test Cases/Template testcases/TC0901" status="PASSED">
         <system-out><![CDATA[2019-04-21 03:07:25 - [TEST_CASE][PASSED] - Test Cases/Template testcases/TC0901: Test Cases/Template testcases/TC0901

2019-04-21 03:07:25 - [TEST_STEP][PASSED] - callTestCase(findTestCase("Template testcases/TC0899"), [:], STOP_ON_FAILURE): Call Test Case 'Test Cases/Template testcases/TC0899' successfully

2019-04-21 03:07:25 - [TEST_CASE][PASSED] - Test Cases/Template testcases/TC0899: Test Cases/Template testcases/TC0899

2019-04-21 03:07:25 - [TEST_STEP][PASSED] - callTestCase(findTestCase("Template testcases/TC0761"), [:], STOP_ON_FAILURE): Call Test Case 'Test Cases/Template testcases/TC0761' successfully

2019-04-21 03:07:25 - [TEST_CASE][PASSED] - Test Cases/Template testcases/TC0761: Test Cases/Template testcases/TC0761

2019-04-21 03:07:25 - [TEST_STEP][PASSED] - callTestCase(findTestCase("s-sidebar_navigation/individualAccount/Template"), [:], STOP_ON_FAILURE): Call Test Case 'Test Cases/s-sidebar_navigation/individualAccount/Template' successfully

2019-04-21 03:07:25 - [TEST_CASE][PASSED] - Test Cases/s-sidebar_navigation/individualAccount/Template: Test Cases/s-sidebar_navigation/individualAccount/Template

2019-04-21 03:07:25 - [TEST_STEP][PASSED] - click(findTestObject("Page_KiboPush  Dashboard/span_Broadcasts")): Object: 'Object Repository/Page_KiboPush  Dashboard/span_Broadcasts' is clicked on

2019-04-21 03:07:26 - [MESSAGE][PASSED] - Object: 'Object Repository/Page_KiboPush  Dashboard/span_Broadcasts' is clicked on

2019-04-21 03:07:26 - [TEST_STEP][PASSED] - delay(1): Delayed 1 second(s)

2019-04-21 03:07:27 - [MESSAGE][PASSED] - Delayed 1 second(s)

2019-04-21 03:07:27 - [TEST_STEP][PASSED] - click(findTestObject("Page_KiboPush  Dashboard/span_Templates")): Object: 'Object Repository/Page_KiboPush  Dashboard/span_Templates' is clicked on

2019-04-21 03:07:27 - [MESSAGE][PASSED] - Object: 'Object Repository/Page_KiboPush  Dashboard/span_Templates' is clicked on

2019-04-21 03:07:27 - [TEST_STEP][PASSED] - delay(3): Delayed 3 second(s)

2019-04-21 03:07:30 - [MESSAGE][PASSED] - Delayed 3 second(s)

2019-04-21 03:07:30 - [TEST_STEP][PASSED] - scrollToPosition(0, 0): Browser is scrolled to position x = 0, y = 0

2019-04-21 03:07:30 - [MESSAGE][PASSED] - Browser is scrolled to position x = 0, y = 0

2019-04-21 03:07:30 - [TEST_STEP][PASSED] - click(findTestObject("Object Repository/Page_KiboEngage  Templates/h3_Templates")): Object: 'Object Repository/Page_KiboEngage  Templates/h3_Templates' is clicked on

2019-04-21 03:07:30 - [MESSAGE][PASSED] - Object: 'Object Repository/Page_KiboEngage  Templates/h3_Templates' is clicked on

2019-04-21 03:07:30 - [TEST_STEP][PASSED] - delay(3): Delayed 3 second(s)

2019-04-21 03:07:33 - [MESSAGE][PASSED] - Delayed 3 second(s)

2019-04-21 03:07:33 - [MESSAGE][PASSED] - Call Test Case 'Test Cases/s-sidebar_navigation/individualAccount/Template' successfully

2019-04-21 03:07:33 - [TEST_STEP][PASSED] - driver = getWebDriver(): null

2019-04-21 03:07:33 - [TEST_STEP][PASSED] - rows_table = driver.findElements(By.xpath("//*[@id="content"]/div/div/div/div[2]/div[3]/div[2]/div[2]/div/div[2]/div[2]/div[2]/table/tbody/tr")): null

2019-04-21 03:07:33 - [TEST_STEP][PASSED] - println(rows_table.size()): null

2019-04-21 03:07:33 - [TEST_STEP][PASSED] - verifyGreaterThanOrEqual(rows_table.size(), 1): Actual number '2' is greater than or equal to expected number '1'

2019-04-21 03:07:33 - [MESSAGE][PASSED] - Actual number '2' is greater than or equal to expected number '1'

2019-04-21 03:07:33 - [MESSAGE][PASSED] - Call Test Case 'Test Cases/Template testcases/TC0761' successfully

2019-04-21 03:07:33 - [TEST_STEP][PASSED] - delay(1): Delayed 1 second(s)

2019-04-21 03:07:34 - [MESSAGE][PASSED] - Delayed 1 second(s)

2019-04-21 03:07:34 - [TEST_STEP][PASSED] - driver = getWebDriver(): null

2019-04-21 03:07:34 - [TEST_STEP][PASSED] - element = driver.findElement(By.xpath("//*[@id="content"]/div/div/div/div[2]/div[3]/div[3]/div[2]/div/div[1]/div[2]/a/button")): null

2019-04-21 03:07:34 - [TEST_STEP][PASSED] - element.click(): null

2019-04-21 03:07:34 - [TEST_STEP][PASSED] - scrollToPosition(0, 0): Browser is scrolled to position x = 0, y = 0

2019-04-21 03:07:34 - [MESSAGE][PASSED] - Browser is scrolled to position x = 0, y = 0

2019-04-21 03:07:34 - [TEST_STEP][PASSED] - delay(1): Delayed 1 second(s)

2019-04-21 03:07:35 - [MESSAGE][PASSED] - Delayed 1 second(s)

2019-04-21 03:07:35 - [TEST_STEP][PASSED] - click(findTestObject("Object Repository/Page_KiboPush  Create Poll/h3_Create Template Poll")): Object: 'Object Repository/Page_KiboPush  Create Poll/h3_Create Template Poll' is clicked on

2019-04-21 03:07:35 - [MESSAGE][PASSED] - Object: 'Object Repository/Page_KiboPush  Create Poll/h3_Create Template Poll' is clicked on

2019-04-21 03:07:35 - [MESSAGE][PASSED] - Call Test Case 'Test Cases/Template testcases/TC0899' successfully

2019-04-21 03:07:35 - [TEST_STEP][PASSED] - click(findTestObject("Object Repository/Page_KiboPush  Create Poll/button_Create Poll (3)")): Object: 'Object Repository/Page_KiboPush  Create Poll/button_Create Poll (3)' is clicked on

2019-04-21 03:07:36 - [MESSAGE][PASSED] - Object: 'Object Repository/Page_KiboPush  Create Poll/button_Create Poll (3)' is clicked on

2019-04-21 03:07:36 - [TEST_STEP][PASSED] - click(findTestObject("Object Repository/Page_KiboPush  Create Poll/div_Please add a title")): Object: 'Object Repository/Page_KiboPush  Create Poll/div_Please add a title' is clicked on

2019-04-21 03:07:36 - [MESSAGE][PASSED] - Object: 'Object Repository/Page_KiboPush  Create Poll/div_Please add a title' is clicked on]]></system-out>
         <system-err><![CDATA[]]></system-err>
      </testcase>
      <testcase name="Test Cases/Template testcases/TC0902" classname="Test Cases/Template testcases/TC0902" status="PASSED">
         <system-out><![CDATA[2019-04-21 03:07:36 - [TEST_CASE][PASSED] - Test Cases/Template testcases/TC0902: Test Cases/Template testcases/TC0902

2019-04-21 03:07:36 - [TEST_STEP][PASSED] - callTestCase(findTestCase("Template testcases/TC0899"), [:], STOP_ON_FAILURE): Call Test Case 'Test Cases/Template testcases/TC0899' successfully

2019-04-21 03:07:36 - [TEST_CASE][PASSED] - Test Cases/Template testcases/TC0899: Test Cases/Template testcases/TC0899

2019-04-21 03:07:36 - [TEST_STEP][PASSED] - callTestCase(findTestCase("Template testcases/TC0761"), [:], STOP_ON_FAILURE): Call Test Case 'Test Cases/Template testcases/TC0761' successfully

2019-04-21 03:07:36 - [TEST_CASE][PASSED] - Test Cases/Template testcases/TC0761: Test Cases/Template testcases/TC0761

2019-04-21 03:07:36 - [TEST_STEP][PASSED] - callTestCase(findTestCase("s-sidebar_navigation/individualAccount/Template"), [:], STOP_ON_FAILURE): Call Test Case 'Test Cases/s-sidebar_navigation/individualAccount/Template' successfully

2019-04-21 03:07:36 - [TEST_CASE][PASSED] - Test Cases/s-sidebar_navigation/individualAccount/Template: Test Cases/s-sidebar_navigation/individualAccount/Template

2019-04-21 03:07:36 - [TEST_STEP][PASSED] - click(findTestObject("Page_KiboPush  Dashboard/span_Broadcasts")): Object: 'Object Repository/Page_KiboPush  Dashboard/span_Broadcasts' is clicked on

2019-04-21 03:07:36 - [MESSAGE][PASSED] - Object: 'Object Repository/Page_KiboPush  Dashboard/span_Broadcasts' is clicked on

2019-04-21 03:07:36 - [TEST_STEP][PASSED] - delay(1): Delayed 1 second(s)

2019-04-21 03:07:37 - [MESSAGE][PASSED] - Delayed 1 second(s)

2019-04-21 03:07:37 - [TEST_STEP][PASSED] - click(findTestObject("Page_KiboPush  Dashboard/span_Templates")): Object: 'Object Repository/Page_KiboPush  Dashboard/span_Templates' is clicked on

2019-04-21 03:07:37 - [MESSAGE][PASSED] - Object: 'Object Repository/Page_KiboPush  Dashboard/span_Templates' is clicked on

2019-04-21 03:07:37 - [TEST_STEP][PASSED] - delay(3): Delayed 3 second(s)

2019-04-21 03:07:40 - [MESSAGE][PASSED] - Delayed 3 second(s)

2019-04-21 03:07:40 - [TEST_STEP][PASSED] - scrollToPosition(0, 0): Browser is scrolled to position x = 0, y = 0

2019-04-21 03:07:41 - [MESSAGE][PASSED] - Browser is scrolled to position x = 0, y = 0

2019-04-21 03:07:41 - [TEST_STEP][PASSED] - click(findTestObject("Object Repository/Page_KiboEngage  Templates/h3_Templates")): Object: 'Object Repository/Page_KiboEngage  Templates/h3_Templates' is clicked on

2019-04-21 03:07:41 - [MESSAGE][PASSED] - Object: 'Object Repository/Page_KiboEngage  Templates/h3_Templates' is clicked on

2019-04-21 03:07:41 - [TEST_STEP][PASSED] - delay(3): Delayed 3 second(s)

2019-04-21 03:07:44 - [MESSAGE][PASSED] - Delayed 3 second(s)

2019-04-21 03:07:44 - [MESSAGE][PASSED] - Call Test Case 'Test Cases/s-sidebar_navigation/individualAccount/Template' successfully

2019-04-21 03:07:44 - [TEST_STEP][PASSED] - driver = getWebDriver(): null

2019-04-21 03:07:44 - [TEST_STEP][PASSED] - rows_table = driver.findElements(By.xpath("//*[@id="content"]/div/div/div/div[2]/div[3]/div[2]/div[2]/div/div[2]/div[2]/div[2]/table/tbody/tr")): null

2019-04-21 03:07:44 - [TEST_STEP][PASSED] - println(rows_table.size()): null

2019-04-21 03:07:44 - [TEST_STEP][PASSED] - verifyGreaterThanOrEqual(rows_table.size(), 1): Actual number '2' is greater than or equal to expected number '1'

2019-04-21 03:07:44 - [MESSAGE][PASSED] - Actual number '2' is greater than or equal to expected number '1'

2019-04-21 03:07:44 - [MESSAGE][PASSED] - Call Test Case 'Test Cases/Template testcases/TC0761' successfully

2019-04-21 03:07:44 - [TEST_STEP][PASSED] - delay(1): Delayed 1 second(s)

2019-04-21 03:07:45 - [MESSAGE][PASSED] - Delayed 1 second(s)

2019-04-21 03:07:45 - [TEST_STEP][PASSED] - driver = getWebDriver(): null

2019-04-21 03:07:45 - [TEST_STEP][PASSED] - element = driver.findElement(By.xpath("//*[@id="content"]/div/div/div/div[2]/div[3]/div[3]/div[2]/div/div[1]/div[2]/a/button")): null

2019-04-21 03:07:45 - [TEST_STEP][PASSED] - element.click(): null

2019-04-21 03:07:45 - [TEST_STEP][PASSED] - scrollToPosition(0, 0): Browser is scrolled to position x = 0, y = 0

2019-04-21 03:07:45 - [MESSAGE][PASSED] - Browser is scrolled to position x = 0, y = 0

2019-04-21 03:07:45 - [TEST_STEP][PASSED] - delay(1): Delayed 1 second(s)

2019-04-21 03:07:46 - [MESSAGE][PASSED] - Delayed 1 second(s)

2019-04-21 03:07:46 - [TEST_STEP][PASSED] - click(findTestObject("Object Repository/Page_KiboPush  Create Poll/h3_Create Template Poll")): Object: 'Object Repository/Page_KiboPush  Create Poll/h3_Create Template Poll' is clicked on

2019-04-21 03:07:46 - [MESSAGE][PASSED] - Object: 'Object Repository/Page_KiboPush  Create Poll/h3_Create Template Poll' is clicked on

2019-04-21 03:07:46 - [MESSAGE][PASSED] - Call Test Case 'Test Cases/Template testcases/TC0899' successfully

2019-04-21 03:07:46 - [TEST_STEP][PASSED] - click(findTestObject("Object Repository/Page_KiboPush  Create Poll/h3_Create Template Poll (3)")): Object: 'Object Repository/Page_KiboPush  Create Poll/h3_Create Template Poll (3)' is clicked on

2019-04-21 03:07:46 - [MESSAGE][PASSED] - Object: 'Object Repository/Page_KiboPush  Create Poll/h3_Create Template Poll (3)' is clicked on

2019-04-21 03:07:46 - [TEST_STEP][PASSED] - setText(findTestObject("Object Repository/Page_KiboPush  Create Poll/input_form-control (2)"), "hi"): Text 'hi' is set on object 'Object Repository/Page_KiboPush  Create Poll/input_form-control (2)'

2019-04-21 03:07:47 - [MESSAGE][PASSED] - Text 'hi' is set on object 'Object Repository/Page_KiboPush  Create Poll/input_form-control (2)'

2019-04-21 03:07:47 - [TEST_STEP][PASSED] - setText(findTestObject("Page_KiboPush  Create Poll/textarea_form-control"), "hello"): Text 'hello' is set on object 'Object Repository/Page_KiboPush  Create Poll/textarea_form-control'

2019-04-21 03:07:47 - [MESSAGE][PASSED] - Text 'hello' is set on object 'Object Repository/Page_KiboPush  Create Poll/textarea_form-control'

2019-04-21 03:07:47 - [TEST_STEP][PASSED] - click(findTestObject("Object Repository/Page_KiboPush  Create Poll/button_Create Poll (4)")): Object: 'Object Repository/Page_KiboPush  Create Poll/button_Create Poll (4)' is clicked on

2019-04-21 03:07:47 - [MESSAGE][PASSED] - Object: 'Object Repository/Page_KiboPush  Create Poll/button_Create Poll (4)' is clicked on

2019-04-21 03:07:47 - [TEST_STEP][PASSED] - click(findTestObject("Object Repository/Page_KiboPush  Create Poll/div_Please select a category")): Object: 'Object Repository/Page_KiboPush  Create Poll/div_Please select a category' is clicked on

2019-04-21 03:07:47 - [MESSAGE][PASSED] - Object: 'Object Repository/Page_KiboPush  Create Poll/div_Please select a category' is clicked on]]></system-out>
         <system-err><![CDATA[]]></system-err>
      </testcase>
      <testcase name="Test Cases/Template testcases/TC0903" classname="Test Cases/Template testcases/TC0903" status="PASSED">
         <system-out><![CDATA[2019-04-21 03:07:47 - [TEST_CASE][PASSED] - Test Cases/Template testcases/TC0903: Test Cases/Template testcases/TC0903

2019-04-21 03:07:47 - [TEST_STEP][PASSED] - callTestCase(findTestCase("Template testcases/TC0899"), [:], STOP_ON_FAILURE): Call Test Case 'Test Cases/Template testcases/TC0899' successfully

2019-04-21 03:07:47 - [TEST_CASE][PASSED] - Test Cases/Template testcases/TC0899: Test Cases/Template testcases/TC0899

2019-04-21 03:07:47 - [TEST_STEP][PASSED] - callTestCase(findTestCase("Template testcases/TC0761"), [:], STOP_ON_FAILURE): Call Test Case 'Test Cases/Template testcases/TC0761' successfully

2019-04-21 03:07:47 - [TEST_CASE][PASSED] - Test Cases/Template testcases/TC0761: Test Cases/Template testcases/TC0761

2019-04-21 03:07:47 - [TEST_STEP][PASSED] - callTestCase(findTestCase("s-sidebar_navigation/individualAccount/Template"), [:], STOP_ON_FAILURE): Call Test Case 'Test Cases/s-sidebar_navigation/individualAccount/Template' successfully

2019-04-21 03:07:48 - [TEST_CASE][PASSED] - Test Cases/s-sidebar_navigation/individualAccount/Template: Test Cases/s-sidebar_navigation/individualAccount/Template

2019-04-21 03:07:48 - [TEST_STEP][PASSED] - click(findTestObject("Page_KiboPush  Dashboard/span_Broadcasts")): Object: 'Object Repository/Page_KiboPush  Dashboard/span_Broadcasts' is clicked on

2019-04-21 03:07:48 - [MESSAGE][PASSED] - Object: 'Object Repository/Page_KiboPush  Dashboard/span_Broadcasts' is clicked on

2019-04-21 03:07:48 - [TEST_STEP][PASSED] - delay(1): Delayed 1 second(s)

2019-04-21 03:07:49 - [MESSAGE][PASSED] - Delayed 1 second(s)

2019-04-21 03:07:49 - [TEST_STEP][PASSED] - click(findTestObject("Page_KiboPush  Dashboard/span_Templates")): Object: 'Object Repository/Page_KiboPush  Dashboard/span_Templates' is clicked on

2019-04-21 03:07:49 - [MESSAGE][PASSED] - Object: 'Object Repository/Page_KiboPush  Dashboard/span_Templates' is clicked on

2019-04-21 03:07:49 - [TEST_STEP][PASSED] - delay(3): Delayed 3 second(s)

2019-04-21 03:07:52 - [MESSAGE][PASSED] - Delayed 3 second(s)

2019-04-21 03:07:52 - [TEST_STEP][PASSED] - scrollToPosition(0, 0): Browser is scrolled to position x = 0, y = 0

2019-04-21 03:07:52 - [MESSAGE][PASSED] - Browser is scrolled to position x = 0, y = 0

2019-04-21 03:07:52 - [TEST_STEP][PASSED] - click(findTestObject("Object Repository/Page_KiboEngage  Templates/h3_Templates")): Object: 'Object Repository/Page_KiboEngage  Templates/h3_Templates' is clicked on

2019-04-21 03:07:52 - [MESSAGE][PASSED] - Object: 'Object Repository/Page_KiboEngage  Templates/h3_Templates' is clicked on

2019-04-21 03:07:52 - [TEST_STEP][PASSED] - delay(3): Delayed 3 second(s)

2019-04-21 03:07:55 - [MESSAGE][PASSED] - Delayed 3 second(s)

2019-04-21 03:07:55 - [MESSAGE][PASSED] - Call Test Case 'Test Cases/s-sidebar_navigation/individualAccount/Template' successfully

2019-04-21 03:07:55 - [TEST_STEP][PASSED] - driver = getWebDriver(): null

2019-04-21 03:07:55 - [TEST_STEP][PASSED] - rows_table = driver.findElements(By.xpath("//*[@id="content"]/div/div/div/div[2]/div[3]/div[2]/div[2]/div/div[2]/div[2]/div[2]/table/tbody/tr")): null

2019-04-21 03:07:55 - [TEST_STEP][PASSED] - println(rows_table.size()): null

2019-04-21 03:07:55 - [TEST_STEP][PASSED] - verifyGreaterThanOrEqual(rows_table.size(), 1): Actual number '2' is greater than or equal to expected number '1'

2019-04-21 03:07:55 - [MESSAGE][PASSED] - Actual number '2' is greater than or equal to expected number '1'

2019-04-21 03:07:55 - [MESSAGE][PASSED] - Call Test Case 'Test Cases/Template testcases/TC0761' successfully

2019-04-21 03:07:55 - [TEST_STEP][PASSED] - delay(1): Delayed 1 second(s)

2019-04-21 03:07:56 - [MESSAGE][PASSED] - Delayed 1 second(s)

2019-04-21 03:07:56 - [TEST_STEP][PASSED] - driver = getWebDriver(): null

2019-04-21 03:07:56 - [TEST_STEP][PASSED] - element = driver.findElement(By.xpath("//*[@id="content"]/div/div/div/div[2]/div[3]/div[3]/div[2]/div/div[1]/div[2]/a/button")): null

2019-04-21 03:07:56 - [TEST_STEP][PASSED] - element.click(): null

2019-04-21 03:07:56 - [TEST_STEP][PASSED] - scrollToPosition(0, 0): Browser is scrolled to position x = 0, y = 0

2019-04-21 03:07:56 - [MESSAGE][PASSED] - Browser is scrolled to position x = 0, y = 0

2019-04-21 03:07:56 - [TEST_STEP][PASSED] - delay(1): Delayed 1 second(s)

2019-04-21 03:07:57 - [MESSAGE][PASSED] - Delayed 1 second(s)

2019-04-21 03:07:57 - [TEST_STEP][PASSED] - click(findTestObject("Object Repository/Page_KiboPush  Create Poll/h3_Create Template Poll")): Object: 'Object Repository/Page_KiboPush  Create Poll/h3_Create Template Poll' is clicked on

2019-04-21 03:07:57 - [MESSAGE][PASSED] - Object: 'Object Repository/Page_KiboPush  Create Poll/h3_Create Template Poll' is clicked on

2019-04-21 03:07:57 - [MESSAGE][PASSED] - Call Test Case 'Test Cases/Template testcases/TC0899' successfully

2019-04-21 03:07:57 - [TEST_STEP][PASSED] - setText(findTestObject("Page_KiboPush  Create Poll/input_form-control (2) (1)"), "hi"): Text 'hi' is set on object 'Object Repository/Page_KiboPush  Create Poll/input_form-control (2) (1)'

2019-04-21 03:07:58 - [MESSAGE][PASSED] - Text 'hi' is set on object 'Object Repository/Page_KiboPush  Create Poll/input_form-control (2) (1)'

2019-04-21 03:07:58 - [TEST_STEP][PASSED] - setText(findTestObject("Page_KiboPush  Create Poll/textarea_form-control (3)"), "hello"): Text 'hello' is set on object 'Object Repository/Page_KiboPush  Create Poll/textarea_form-control (3)'

2019-04-21 03:07:58 - [MESSAGE][PASSED] - Text 'hello' is set on object 'Object Repository/Page_KiboPush  Create Poll/textarea_form-control (3)'

2019-04-21 03:07:58 - [TEST_STEP][PASSED] - setText(findTestObject("Page_KiboPush  Create Poll/input_form-control (3)"), "1"): Text '1' is set on object 'Object Repository/Page_KiboPush  Create Poll/input_form-control (3)'

2019-04-21 03:07:58 - [MESSAGE][PASSED] - Text '1' is set on object 'Object Repository/Page_KiboPush  Create Poll/input_form-control (3)'

2019-04-21 03:07:58 - [TEST_STEP][PASSED] - click(findTestObject("Page_KiboPush  Create Poll/button_Create Poll (5)")): Object: 'Object Repository/Page_KiboPush  Create Poll/button_Create Poll (5)' is clicked on

2019-04-21 03:07:58 - [MESSAGE][PASSED] - Object: 'Object Repository/Page_KiboPush  Create Poll/button_Create Poll (5)' is clicked on

2019-04-21 03:07:58 - [TEST_STEP][PASSED] - click(findTestObject("Page_KiboPush  Create Poll/div_Please select a category (1)")): Object: 'Object Repository/Page_KiboPush  Create Poll/div_Please select a category (1)' is clicked on

2019-04-21 03:07:59 - [MESSAGE][PASSED] - Object: 'Object Repository/Page_KiboPush  Create Poll/div_Please select a category (1)' is clicked on]]></system-out>
         <system-err><![CDATA[]]></system-err>
      </testcase>
      <testcase name="Test Cases/Template testcases/TC0904" classname="Test Cases/Template testcases/TC0904" status="PASSED">
         <system-out><![CDATA[2019-04-21 03:07:59 - [TEST_CASE][PASSED] - Test Cases/Template testcases/TC0904: Test Cases/Template testcases/TC0904

2019-04-21 03:07:59 - [TEST_STEP][PASSED] - callTestCase(findTestCase("Template testcases/TC0899"), [:], STOP_ON_FAILURE): Call Test Case 'Test Cases/Template testcases/TC0899' successfully

2019-04-21 03:07:59 - [TEST_CASE][PASSED] - Test Cases/Template testcases/TC0899: Test Cases/Template testcases/TC0899

2019-04-21 03:07:59 - [TEST_STEP][PASSED] - callTestCase(findTestCase("Template testcases/TC0761"), [:], STOP_ON_FAILURE): Call Test Case 'Test Cases/Template testcases/TC0761' successfully

2019-04-21 03:07:59 - [TEST_CASE][PASSED] - Test Cases/Template testcases/TC0761: Test Cases/Template testcases/TC0761

2019-04-21 03:07:59 - [TEST_STEP][PASSED] - callTestCase(findTestCase("s-sidebar_navigation/individualAccount/Template"), [:], STOP_ON_FAILURE): Call Test Case 'Test Cases/s-sidebar_navigation/individualAccount/Template' successfully

2019-04-21 03:07:59 - [TEST_CASE][PASSED] - Test Cases/s-sidebar_navigation/individualAccount/Template: Test Cases/s-sidebar_navigation/individualAccount/Template

2019-04-21 03:07:59 - [TEST_STEP][PASSED] - click(findTestObject("Page_KiboPush  Dashboard/span_Broadcasts")): Object: 'Object Repository/Page_KiboPush  Dashboard/span_Broadcasts' is clicked on

2019-04-21 03:07:59 - [MESSAGE][PASSED] - Object: 'Object Repository/Page_KiboPush  Dashboard/span_Broadcasts' is clicked on

2019-04-21 03:07:59 - [TEST_STEP][PASSED] - delay(1): Delayed 1 second(s)

2019-04-21 03:08:00 - [MESSAGE][PASSED] - Delayed 1 second(s)

2019-04-21 03:08:00 - [TEST_STEP][PASSED] - click(findTestObject("Page_KiboPush  Dashboard/span_Templates")): Object: 'Object Repository/Page_KiboPush  Dashboard/span_Templates' is clicked on

2019-04-21 03:08:00 - [MESSAGE][PASSED] - Object: 'Object Repository/Page_KiboPush  Dashboard/span_Templates' is clicked on

2019-04-21 03:08:00 - [TEST_STEP][PASSED] - delay(3): Delayed 3 second(s)

2019-04-21 03:08:03 - [MESSAGE][PASSED] - Delayed 3 second(s)

2019-04-21 03:08:03 - [TEST_STEP][PASSED] - scrollToPosition(0, 0): Browser is scrolled to position x = 0, y = 0

2019-04-21 03:08:03 - [MESSAGE][PASSED] - Browser is scrolled to position x = 0, y = 0

2019-04-21 03:08:03 - [TEST_STEP][PASSED] - click(findTestObject("Object Repository/Page_KiboEngage  Templates/h3_Templates")): Object: 'Object Repository/Page_KiboEngage  Templates/h3_Templates' is clicked on

2019-04-21 03:08:04 - [MESSAGE][PASSED] - Object: 'Object Repository/Page_KiboEngage  Templates/h3_Templates' is clicked on

2019-04-21 03:08:04 - [TEST_STEP][PASSED] - delay(3): Delayed 3 second(s)

2019-04-21 03:08:07 - [MESSAGE][PASSED] - Delayed 3 second(s)

2019-04-21 03:08:07 - [MESSAGE][PASSED] - Call Test Case 'Test Cases/s-sidebar_navigation/individualAccount/Template' successfully

2019-04-21 03:08:07 - [TEST_STEP][PASSED] - driver = getWebDriver(): null

2019-04-21 03:08:07 - [TEST_STEP][PASSED] - rows_table = driver.findElements(By.xpath("//*[@id="content"]/div/div/div/div[2]/div[3]/div[2]/div[2]/div/div[2]/div[2]/div[2]/table/tbody/tr")): null

2019-04-21 03:08:07 - [TEST_STEP][PASSED] - println(rows_table.size()): null

2019-04-21 03:08:07 - [TEST_STEP][PASSED] - verifyGreaterThanOrEqual(rows_table.size(), 1): Actual number '2' is greater than or equal to expected number '1'

2019-04-21 03:08:07 - [MESSAGE][PASSED] - Actual number '2' is greater than or equal to expected number '1'

2019-04-21 03:08:07 - [MESSAGE][PASSED] - Call Test Case 'Test Cases/Template testcases/TC0761' successfully

2019-04-21 03:08:07 - [TEST_STEP][PASSED] - delay(1): Delayed 1 second(s)

2019-04-21 03:08:08 - [MESSAGE][PASSED] - Delayed 1 second(s)

2019-04-21 03:08:08 - [TEST_STEP][PASSED] - driver = getWebDriver(): null

2019-04-21 03:08:08 - [TEST_STEP][PASSED] - element = driver.findElement(By.xpath("//*[@id="content"]/div/div/div/div[2]/div[3]/div[3]/div[2]/div/div[1]/div[2]/a/button")): null

2019-04-21 03:08:08 - [TEST_STEP][PASSED] - element.click(): null

2019-04-21 03:08:08 - [TEST_STEP][PASSED] - scrollToPosition(0, 0): Browser is scrolled to position x = 0, y = 0

2019-04-21 03:08:08 - [MESSAGE][PASSED] - Browser is scrolled to position x = 0, y = 0

2019-04-21 03:08:08 - [TEST_STEP][PASSED] - delay(1): Delayed 1 second(s)

2019-04-21 03:08:09 - [MESSAGE][PASSED] - Delayed 1 second(s)

2019-04-21 03:08:09 - [TEST_STEP][PASSED] - click(findTestObject("Object Repository/Page_KiboPush  Create Poll/h3_Create Template Poll")): Object: 'Object Repository/Page_KiboPush  Create Poll/h3_Create Template Poll' is clicked on

2019-04-21 03:08:09 - [MESSAGE][PASSED] - Object: 'Object Repository/Page_KiboPush  Create Poll/h3_Create Template Poll' is clicked on

2019-04-21 03:08:09 - [MESSAGE][PASSED] - Call Test Case 'Test Cases/Template testcases/TC0899' successfully

2019-04-21 03:08:09 - [TEST_STEP][PASSED] - setText(findTestObject("Page_KiboPush  Create Poll/input_form-control (2) (1) (1)"), "hi"): Text 'hi' is set on object 'Object Repository/Page_KiboPush  Create Poll/input_form-control (2) (1) (1)'

2019-04-21 03:08:09 - [MESSAGE][PASSED] - Text 'hi' is set on object 'Object Repository/Page_KiboPush  Create Poll/input_form-control (2) (1) (1)'

2019-04-21 03:08:09 - [TEST_STEP][PASSED] - setText(findTestObject("Page_KiboPush  Create Poll/textarea_form-control (3) (1)"), "hello"): Text 'hello' is set on object 'Object Repository/Page_KiboPush  Create Poll/textarea_form-control (3) (1)'

2019-04-21 03:08:10 - [MESSAGE][PASSED] - Text 'hello' is set on object 'Object Repository/Page_KiboPush  Create Poll/textarea_form-control (3) (1)'

2019-04-21 03:08:10 - [TEST_STEP][PASSED] - setText(findTestObject("Page_KiboPush  Create Poll/input_form-control (3) (1)"), "1"): Text '1' is set on object 'Object Repository/Page_KiboPush  Create Poll/input_form-control (3) (1)'

2019-04-21 03:08:10 - [MESSAGE][PASSED] - Text '1' is set on object 'Object Repository/Page_KiboPush  Create Poll/input_form-control (3) (1)'

2019-04-21 03:08:10 - [TEST_STEP][PASSED] - setText(findTestObject("Page_KiboPush  Create Poll/input_form-control (4)"), "2"): Text '2' is set on object 'Object Repository/Page_KiboPush  Create Poll/input_form-control (4)'

2019-04-21 03:08:10 - [MESSAGE][PASSED] - Text '2' is set on object 'Object Repository/Page_KiboPush  Create Poll/input_form-control (4)'

2019-04-21 03:08:10 - [TEST_STEP][PASSED] - click(findTestObject("Page_KiboPush  Create Poll/button_Create Poll (6)")): Object: 'Object Repository/Page_KiboPush  Create Poll/button_Create Poll (6)' is clicked on

2019-04-21 03:08:10 - [MESSAGE][PASSED] - Object: 'Object Repository/Page_KiboPush  Create Poll/button_Create Poll (6)' is clicked on

2019-04-21 03:08:10 - [TEST_STEP][PASSED] - click(findTestObject("Page_KiboPush  Create Poll/div_Please select a category (2)")): Object: 'Object Repository/Page_KiboPush  Create Poll/div_Please select a category (2)' is clicked on

2019-04-21 03:08:10 - [MESSAGE][PASSED] - Object: 'Object Repository/Page_KiboPush  Create Poll/div_Please select a category (2)' is clicked on]]></system-out>
         <system-err><![CDATA[]]></system-err>
      </testcase>
      <testcase name="Test Cases/Template testcases/TC0905" classname="Test Cases/Template testcases/TC0905" status="PASSED">
         <system-out><![CDATA[2019-04-21 03:08:10 - [TEST_CASE][PASSED] - Test Cases/Template testcases/TC0905: Test Cases/Template testcases/TC0905

2019-04-21 03:08:11 - [TEST_STEP][PASSED] - callTestCase(findTestCase("Template testcases/TC0899"), [:], STOP_ON_FAILURE): Call Test Case 'Test Cases/Template testcases/TC0899' successfully

2019-04-21 03:08:11 - [TEST_CASE][PASSED] - Test Cases/Template testcases/TC0899: Test Cases/Template testcases/TC0899

2019-04-21 03:08:11 - [TEST_STEP][PASSED] - callTestCase(findTestCase("Template testcases/TC0761"), [:], STOP_ON_FAILURE): Call Test Case 'Test Cases/Template testcases/TC0761' successfully

2019-04-21 03:08:11 - [TEST_CASE][PASSED] - Test Cases/Template testcases/TC0761: Test Cases/Template testcases/TC0761

2019-04-21 03:08:11 - [TEST_STEP][PASSED] - callTestCase(findTestCase("s-sidebar_navigation/individualAccount/Template"), [:], STOP_ON_FAILURE): Call Test Case 'Test Cases/s-sidebar_navigation/individualAccount/Template' successfully

2019-04-21 03:08:11 - [TEST_CASE][PASSED] - Test Cases/s-sidebar_navigation/individualAccount/Template: Test Cases/s-sidebar_navigation/individualAccount/Template

2019-04-21 03:08:11 - [TEST_STEP][PASSED] - click(findTestObject("Page_KiboPush  Dashboard/span_Broadcasts")): Object: 'Object Repository/Page_KiboPush  Dashboard/span_Broadcasts' is clicked on

2019-04-21 03:08:11 - [MESSAGE][PASSED] - Object: 'Object Repository/Page_KiboPush  Dashboard/span_Broadcasts' is clicked on

2019-04-21 03:08:11 - [TEST_STEP][PASSED] - delay(1): Delayed 1 second(s)

2019-04-21 03:08:12 - [MESSAGE][PASSED] - Delayed 1 second(s)

2019-04-21 03:08:12 - [TEST_STEP][PASSED] - click(findTestObject("Page_KiboPush  Dashboard/span_Templates")): Object: 'Object Repository/Page_KiboPush  Dashboard/span_Templates' is clicked on

2019-04-21 03:08:12 - [MESSAGE][PASSED] - Object: 'Object Repository/Page_KiboPush  Dashboard/span_Templates' is clicked on

2019-04-21 03:08:12 - [TEST_STEP][PASSED] - delay(3): Delayed 3 second(s)

2019-04-21 03:08:15 - [MESSAGE][PASSED] - Delayed 3 second(s)

2019-04-21 03:08:15 - [TEST_STEP][PASSED] - scrollToPosition(0, 0): Browser is scrolled to position x = 0, y = 0

2019-04-21 03:08:15 - [MESSAGE][PASSED] - Browser is scrolled to position x = 0, y = 0

2019-04-21 03:08:15 - [TEST_STEP][PASSED] - click(findTestObject("Object Repository/Page_KiboEngage  Templates/h3_Templates")): Object: 'Object Repository/Page_KiboEngage  Templates/h3_Templates' is clicked on

2019-04-21 03:08:15 - [MESSAGE][PASSED] - Object: 'Object Repository/Page_KiboEngage  Templates/h3_Templates' is clicked on

2019-04-21 03:08:15 - [TEST_STEP][PASSED] - delay(3): Delayed 3 second(s)

2019-04-21 03:08:18 - [MESSAGE][PASSED] - Delayed 3 second(s)

2019-04-21 03:08:18 - [MESSAGE][PASSED] - Call Test Case 'Test Cases/s-sidebar_navigation/individualAccount/Template' successfully

2019-04-21 03:08:18 - [TEST_STEP][PASSED] - driver = getWebDriver(): null

2019-04-21 03:08:18 - [TEST_STEP][PASSED] - rows_table = driver.findElements(By.xpath("//*[@id="content"]/div/div/div/div[2]/div[3]/div[2]/div[2]/div/div[2]/div[2]/div[2]/table/tbody/tr")): null

2019-04-21 03:08:18 - [TEST_STEP][PASSED] - println(rows_table.size()): null

2019-04-21 03:08:18 - [TEST_STEP][PASSED] - verifyGreaterThanOrEqual(rows_table.size(), 1): Actual number '2' is greater than or equal to expected number '1'

2019-04-21 03:08:18 - [MESSAGE][PASSED] - Actual number '2' is greater than or equal to expected number '1'

2019-04-21 03:08:18 - [MESSAGE][PASSED] - Call Test Case 'Test Cases/Template testcases/TC0761' successfully

2019-04-21 03:08:18 - [TEST_STEP][PASSED] - delay(1): Delayed 1 second(s)

2019-04-21 03:08:19 - [MESSAGE][PASSED] - Delayed 1 second(s)

2019-04-21 03:08:19 - [TEST_STEP][PASSED] - driver = getWebDriver(): null

2019-04-21 03:08:19 - [TEST_STEP][PASSED] - element = driver.findElement(By.xpath("//*[@id="content"]/div/div/div/div[2]/div[3]/div[3]/div[2]/div/div[1]/div[2]/a/button")): null

2019-04-21 03:08:19 - [TEST_STEP][PASSED] - element.click(): null

2019-04-21 03:08:20 - [TEST_STEP][PASSED] - scrollToPosition(0, 0): Browser is scrolled to position x = 0, y = 0

2019-04-21 03:08:20 - [MESSAGE][PASSED] - Browser is scrolled to position x = 0, y = 0

2019-04-21 03:08:20 - [TEST_STEP][PASSED] - delay(1): Delayed 1 second(s)

2019-04-21 03:08:21 - [MESSAGE][PASSED] - Delayed 1 second(s)

2019-04-21 03:08:21 - [TEST_STEP][PASSED] - click(findTestObject("Object Repository/Page_KiboPush  Create Poll/h3_Create Template Poll")): Object: 'Object Repository/Page_KiboPush  Create Poll/h3_Create Template Poll' is clicked on

2019-04-21 03:08:21 - [MESSAGE][PASSED] - Object: 'Object Repository/Page_KiboPush  Create Poll/h3_Create Template Poll' is clicked on

2019-04-21 03:08:21 - [MESSAGE][PASSED] - Call Test Case 'Test Cases/Template testcases/TC0899' successfully

2019-04-21 03:08:21 - [TEST_STEP][PASSED] - click(findTestObject("Page_KiboPush  Create Poll/h3_Create Template Poll (4)")): Object: 'Object Repository/Page_KiboPush  Create Poll/h3_Create Template Poll (4)' is clicked on

2019-04-21 03:08:21 - [MESSAGE][PASSED] - Object: 'Object Repository/Page_KiboPush  Create Poll/h3_Create Template Poll (4)' is clicked on

2019-04-21 03:08:21 - [TEST_STEP][PASSED] - click(findTestObject("Page_KiboPush  Create Poll/a_Cancel (1)")): Object: 'Object Repository/Page_KiboPush  Create Poll/a_Cancel (1)' is clicked on

2019-04-21 03:08:21 - [MESSAGE][PASSED] - Object: 'Object Repository/Page_KiboPush  Create Poll/a_Cancel (1)' is clicked on

2019-04-21 03:08:21 - [TEST_STEP][PASSED] - scrollToPosition(0, 0): Browser is scrolled to position x = 0, y = 0

2019-04-21 03:08:21 - [MESSAGE][PASSED] - Browser is scrolled to position x = 0, y = 0

2019-04-21 03:08:21 - [TEST_STEP][PASSED] - click(findTestObject("Page_KiboPush  Create Poll/h3_Templates (1)")): Object: 'Object Repository/Page_KiboPush  Create Poll/h3_Templates (1)' is clicked on

2019-04-21 03:08:21 - [MESSAGE][PASSED] - Object: 'Object Repository/Page_KiboPush  Create Poll/h3_Templates (1)' is clicked on]]></system-out>
         <system-err><![CDATA[]]></system-err>
      </testcase>
      <testcase name="Test Cases/Template testcases/TC0906" classname="Test Cases/Template testcases/TC0906" status="FAILED">
         <failure type="FAILED" message="Test Cases/Template testcases/TC0906 FAILED.
Reason:
com.kms.katalon.core.exception.StepFailedException: Unable to click on object 'Object Repository/Page_KiboPush  Create Poll/div_Category added successfull'
	at com.kms.katalon.core.webui.keyword.internal.WebUIKeywordMain.stepFailed(WebUIKeywordMain.groovy:64)
	at com.kms.katalon.core.webui.keyword.internal.WebUIKeywordMain.runKeyword(WebUIKeywordMain.groovy:26)
	at com.kms.katalon.core.webui.keyword.builtin.ClickKeyword.click(ClickKeyword.groovy:86)
	at com.kms.katalon.core.webui.keyword.builtin.ClickKeyword.execute(ClickKeyword.groovy:67)
	at com.kms.katalon.core.keyword.internal.KeywordExecutor.executeKeywordForPlatform(KeywordExecutor.groovy:56)
	at com.kms.katalon.core.webui.keyword.WebUiBuiltInKeywords.click(WebUiBuiltInKeywords.groovy:616)
	at com.kms.katalon.core.webui.keyword.WebUiBuiltInKeywords$click$2.call(Unknown Source)
	at TC0906.run(TC0906:32)
	at com.kms.katalon.core.main.ScriptEngine.run(ScriptEngine.java:194)
	at com.kms.katalon.core.main.ScriptEngine.runScriptAsRawText(ScriptEngine.java:119)
	at com.kms.katalon.core.main.TestCaseExecutor.runScript(TestCaseExecutor.java:336)
	at com.kms.katalon.core.main.TestCaseExecutor.doExecute(TestCaseExecutor.java:327)
	at com.kms.katalon.core.main.TestCaseExecutor.processExecutionPhase(TestCaseExecutor.java:306)
	at com.kms.katalon.core.main.TestCaseExecutor.accessMainPhase(TestCaseExecutor.java:298)
	at com.kms.katalon.core.main.TestCaseExecutor.execute(TestCaseExecutor.java:232)
	at com.kms.katalon.core.main.TestSuiteExecutor.accessTestCaseMainPhase(TestSuiteExecutor.java:129)
	at com.kms.katalon.core.main.TestSuiteExecutor.accessTestSuiteMainPhase(TestSuiteExecutor.java:112)
	at com.kms.katalon.core.main.TestSuiteExecutor.execute(TestSuiteExecutor.java:81)
	at com.kms.katalon.core.main.TestCaseMain.startTestSuite(TestCaseMain.java:157)
	at com.kms.katalon.core.main.TestCaseMain$startTestSuite$0.call(Unknown Source)
	at TempTestSuite1555795243480.run(TempTestSuite1555795243480.groovy:35)
Caused by: com.kms.katalon.core.webui.exception.WebElementNotFoundException: Web element with id: 'Object Repository/Page_KiboPush  Create Poll/div_Category added successfull' located by 'By.xpath: //div[(text() = 'Category added successfully' or . = 'Category added successfully')]' not found
	at com.kms.katalon.core.webui.common.WebUiCommonHelper.findWebElement(WebUiCommonHelper.java:1097)
	at com.kms.katalon.core.webui.keyword.internal.WebUIAbstractKeyword.findWebElement(WebUIAbstractKeyword.groovy:27)
	at com.kms.katalon.core.webui.keyword.internal.WebUIAbstractKeyword.findWebElement(WebUIAbstractKeyword.groovy:26)
	at com.kms.katalon.core.webui.keyword.builtin.ClickKeyword$_click_closure1.doCall(ClickKeyword.groovy:77)
	at com.kms.katalon.core.webui.keyword.builtin.ClickKeyword$_click_closure1.call(ClickKeyword.groovy)
	at com.kms.katalon.core.webui.keyword.internal.WebUIKeywordMain.runKeyword(WebUIKeywordMain.groovy:20)
	at com.kms.katalon.core.webui.keyword.builtin.ClickKeyword.click(ClickKeyword.groovy:86)
	at com.kms.katalon.core.webui.keyword.builtin.ClickKeyword.execute(ClickKeyword.groovy:67)
	at com.kms.katalon.core.keyword.internal.KeywordExecutor.executeKeywordForPlatform(KeywordExecutor.groovy:56)
	at com.kms.katalon.core.webui.keyword.WebUiBuiltInKeywords.click(WebUiBuiltInKeywords.groovy:616)
	at com.kms.katalon.core.webui.keyword.WebUiBuiltInKeywords$click$2.call(Unknown Source)
	at Script1537199206056.run(Script1537199206056.groovy:32)
	... 13 more
"/>
         <system-out><![CDATA[2019-04-21 03:08:21 - [TEST_CASE][FAILED] - Test Cases/Template testcases/TC0906: Test Cases/Template testcases/TC0906 FAILED.
Reason:
com.kms.katalon.core.exception.StepFailedException: Unable to click on object 'Object Repository/Page_KiboPush  Create Poll/div_Category added successfull'
	at com.kms.katalon.core.webui.keyword.internal.WebUIKeywordMain.stepFailed(WebUIKeywordMain.groovy:64)
	at com.kms.katalon.core.webui.keyword.internal.WebUIKeywordMain.runKeyword(WebUIKeywordMain.groovy:26)
	at com.kms.katalon.core.webui.keyword.builtin.ClickKeyword.click(ClickKeyword.groovy:86)
	at com.kms.katalon.core.webui.keyword.builtin.ClickKeyword.execute(ClickKeyword.groovy:67)
	at com.kms.katalon.core.keyword.internal.KeywordExecutor.executeKeywordForPlatform(KeywordExecutor.groovy:56)
	at com.kms.katalon.core.webui.keyword.WebUiBuiltInKeywords.click(WebUiBuiltInKeywords.groovy:616)
	at com.kms.katalon.core.webui.keyword.WebUiBuiltInKeywords$click$2.call(Unknown Source)
	at TC0906.run(TC0906:32)
	at com.kms.katalon.core.main.ScriptEngine.run(ScriptEngine.java:194)
	at com.kms.katalon.core.main.ScriptEngine.runScriptAsRawText(ScriptEngine.java:119)
	at com.kms.katalon.core.main.TestCaseExecutor.runScript(TestCaseExecutor.java:336)
	at com.kms.katalon.core.main.TestCaseExecutor.doExecute(TestCaseExecutor.java:327)
	at com.kms.katalon.core.main.TestCaseExecutor.processExecutionPhase(TestCaseExecutor.java:306)
	at com.kms.katalon.core.main.TestCaseExecutor.accessMainPhase(TestCaseExecutor.java:298)
	at com.kms.katalon.core.main.TestCaseExecutor.execute(TestCaseExecutor.java:232)
	at com.kms.katalon.core.main.TestSuiteExecutor.accessTestCaseMainPhase(TestSuiteExecutor.java:129)
	at com.kms.katalon.core.main.TestSuiteExecutor.accessTestSuiteMainPhase(TestSuiteExecutor.java:112)
	at com.kms.katalon.core.main.TestSuiteExecutor.execute(TestSuiteExecutor.java:81)
	at com.kms.katalon.core.main.TestCaseMain.startTestSuite(TestCaseMain.java:157)
	at com.kms.katalon.core.main.TestCaseMain$startTestSuite$0.call(Unknown Source)
	at TempTestSuite1555795243480.run(TempTestSuite1555795243480.groovy:35)
Caused by: com.kms.katalon.core.webui.exception.WebElementNotFoundException: Web element with id: 'Object Repository/Page_KiboPush  Create Poll/div_Category added successfull' located by 'By.xpath: //div[(text() = 'Category added successfully' or . = 'Category added successfully')]' not found
	at com.kms.katalon.core.webui.common.WebUiCommonHelper.findWebElement(WebUiCommonHelper.java:1097)
	at com.kms.katalon.core.webui.keyword.internal.WebUIAbstractKeyword.findWebElement(WebUIAbstractKeyword.groovy:27)
	at com.kms.katalon.core.webui.keyword.internal.WebUIAbstractKeyword.findWebElement(WebUIAbstractKeyword.groovy:26)
	at com.kms.katalon.core.webui.keyword.builtin.ClickKeyword$_click_closure1.doCall(ClickKeyword.groovy:77)
	at com.kms.katalon.core.webui.keyword.builtin.ClickKeyword$_click_closure1.call(ClickKeyword.groovy)
	at com.kms.katalon.core.webui.keyword.internal.WebUIKeywordMain.runKeyword(WebUIKeywordMain.groovy:20)
	at com.kms.katalon.core.webui.keyword.builtin.ClickKeyword.click(ClickKeyword.groovy:86)
	at com.kms.katalon.core.webui.keyword.builtin.ClickKeyword.execute(ClickKeyword.groovy:67)
	at com.kms.katalon.core.keyword.internal.KeywordExecutor.executeKeywordForPlatform(KeywordExecutor.groovy:56)
	at com.kms.katalon.core.webui.keyword.WebUiBuiltInKeywords.click(WebUiBuiltInKeywords.groovy:616)
	at com.kms.katalon.core.webui.keyword.WebUiBuiltInKeywords$click$2.call(Unknown Source)
	at Script1537199206056.run(Script1537199206056.groovy:32)
	... 13 more


2019-04-21 03:08:21 - [TEST_STEP][PASSED] - callTestCase(findTestCase("Template testcases/TC0899"), [:], STOP_ON_FAILURE): Call Test Case 'Test Cases/Template testcases/TC0899' successfully

2019-04-21 03:08:21 - [TEST_CASE][PASSED] - Test Cases/Template testcases/TC0899: Test Cases/Template testcases/TC0899

2019-04-21 03:08:21 - [TEST_STEP][PASSED] - callTestCase(findTestCase("Template testcases/TC0761"), [:], STOP_ON_FAILURE): Call Test Case 'Test Cases/Template testcases/TC0761' successfully

2019-04-21 03:08:22 - [TEST_CASE][PASSED] - Test Cases/Template testcases/TC0761: Test Cases/Template testcases/TC0761

2019-04-21 03:08:22 - [TEST_STEP][PASSED] - callTestCase(findTestCase("s-sidebar_navigation/individualAccount/Template"), [:], STOP_ON_FAILURE): Call Test Case 'Test Cases/s-sidebar_navigation/individualAccount/Template' successfully

2019-04-21 03:08:22 - [TEST_CASE][PASSED] - Test Cases/s-sidebar_navigation/individualAccount/Template: Test Cases/s-sidebar_navigation/individualAccount/Template

2019-04-21 03:08:22 - [TEST_STEP][PASSED] - click(findTestObject("Page_KiboPush  Dashboard/span_Broadcasts")): Object: 'Object Repository/Page_KiboPush  Dashboard/span_Broadcasts' is clicked on

2019-04-21 03:08:22 - [MESSAGE][PASSED] - Object: 'Object Repository/Page_KiboPush  Dashboard/span_Broadcasts' is clicked on

2019-04-21 03:08:22 - [TEST_STEP][PASSED] - delay(1): Delayed 1 second(s)

2019-04-21 03:08:23 - [MESSAGE][PASSED] - Delayed 1 second(s)

2019-04-21 03:08:23 - [TEST_STEP][PASSED] - click(findTestObject("Page_KiboPush  Dashboard/span_Templates")): Object: 'Object Repository/Page_KiboPush  Dashboard/span_Templates' is clicked on

2019-04-21 03:08:23 - [MESSAGE][PASSED] - Object: 'Object Repository/Page_KiboPush  Dashboard/span_Templates' is clicked on

2019-04-21 03:08:23 - [TEST_STEP][PASSED] - delay(3): Delayed 3 second(s)

2019-04-21 03:08:26 - [MESSAGE][PASSED] - Delayed 3 second(s)

2019-04-21 03:08:26 - [TEST_STEP][PASSED] - scrollToPosition(0, 0): Browser is scrolled to position x = 0, y = 0

2019-04-21 03:08:26 - [MESSAGE][PASSED] - Browser is scrolled to position x = 0, y = 0

2019-04-21 03:08:26 - [TEST_STEP][PASSED] - click(findTestObject("Object Repository/Page_KiboEngage  Templates/h3_Templates")): Object: 'Object Repository/Page_KiboEngage  Templates/h3_Templates' is clicked on

2019-04-21 03:08:26 - [MESSAGE][PASSED] - Object: 'Object Repository/Page_KiboEngage  Templates/h3_Templates' is clicked on

2019-04-21 03:08:26 - [TEST_STEP][PASSED] - delay(3): Delayed 3 second(s)

2019-04-21 03:08:29 - [MESSAGE][PASSED] - Delayed 3 second(s)

2019-04-21 03:08:29 - [MESSAGE][PASSED] - Call Test Case 'Test Cases/s-sidebar_navigation/individualAccount/Template' successfully

2019-04-21 03:08:29 - [TEST_STEP][PASSED] - driver = getWebDriver(): null

2019-04-21 03:08:29 - [TEST_STEP][PASSED] - rows_table = driver.findElements(By.xpath("//*[@id="content"]/div/div/div/div[2]/div[3]/div[2]/div[2]/div/div[2]/div[2]/div[2]/table/tbody/tr")): null

2019-04-21 03:08:29 - [TEST_STEP][PASSED] - println(rows_table.size()): null

2019-04-21 03:08:29 - [TEST_STEP][PASSED] - verifyGreaterThanOrEqual(rows_table.size(), 1): Actual number '2' is greater than or equal to expected number '1'

2019-04-21 03:08:29 - [MESSAGE][PASSED] - Actual number '2' is greater than or equal to expected number '1'

2019-04-21 03:08:29 - [MESSAGE][PASSED] - Call Test Case 'Test Cases/Template testcases/TC0761' successfully

2019-04-21 03:08:29 - [TEST_STEP][PASSED] - delay(1): Delayed 1 second(s)

2019-04-21 03:08:30 - [MESSAGE][PASSED] - Delayed 1 second(s)

2019-04-21 03:08:30 - [TEST_STEP][PASSED] - driver = getWebDriver(): null

2019-04-21 03:08:30 - [TEST_STEP][PASSED] - element = driver.findElement(By.xpath("//*[@id="content"]/div/div/div/div[2]/div[3]/div[3]/div[2]/div/div[1]/div[2]/a/button")): null

2019-04-21 03:08:30 - [TEST_STEP][PASSED] - element.click(): null

2019-04-21 03:08:31 - [TEST_STEP][PASSED] - scrollToPosition(0, 0): Browser is scrolled to position x = 0, y = 0

2019-04-21 03:08:31 - [MESSAGE][PASSED] - Browser is scrolled to position x = 0, y = 0

2019-04-21 03:08:31 - [TEST_STEP][PASSED] - delay(1): Delayed 1 second(s)

2019-04-21 03:08:32 - [MESSAGE][PASSED] - Delayed 1 second(s)

2019-04-21 03:08:32 - [TEST_STEP][PASSED] - click(findTestObject("Object Repository/Page_KiboPush  Create Poll/h3_Create Template Poll")): Object: 'Object Repository/Page_KiboPush  Create Poll/h3_Create Template Poll' is clicked on

2019-04-21 03:08:32 - [MESSAGE][PASSED] - Object: 'Object Repository/Page_KiboPush  Create Poll/h3_Create Template Poll' is clicked on

2019-04-21 03:08:32 - [MESSAGE][PASSED] - Call Test Case 'Test Cases/Template testcases/TC0899' successfully

2019-04-21 03:08:32 - [TEST_STEP][PASSED] - click(findTestObject("Object Repository/Page_KiboPush  Create Poll/button_ Add category")): Object: 'Object Repository/Page_KiboPush  Create Poll/button_ Add category' is clicked on

2019-04-21 03:08:32 - [MESSAGE][PASSED] - Object: 'Object Repository/Page_KiboPush  Create Poll/button_ Add category' is clicked on

2019-04-21 03:08:32 - [TEST_STEP][PASSED] - setText(findTestObject("Object Repository/Page_KiboPush  Create Poll/input_form-control (5)"), "hellooo"): Text 'hellooo' is set on object 'Object Repository/Page_KiboPush  Create Poll/input_form-control (5)'

2019-04-21 03:08:32 - [MESSAGE][PASSED] - Text 'hellooo' is set on object 'Object Repository/Page_KiboPush  Create Poll/input_form-control (5)'

2019-04-21 03:08:32 - [TEST_STEP][PASSED] - click(findTestObject("Object Repository/Page_KiboPush  Create Poll/button_Save (1)")): Object: 'Object Repository/Page_KiboPush  Create Poll/button_Save (1)' is clicked on

2019-04-21 03:08:33 - [MESSAGE][PASSED] - Object: 'Object Repository/Page_KiboPush  Create Poll/button_Save (1)' is clicked on

2019-04-21 03:08:33 - [TEST_STEP][PASSED] - delay(2): Delayed 2 second(s)

2019-04-21 03:08:35 - [MESSAGE][PASSED] - Delayed 2 second(s)

2019-04-21 03:08:35 - [TEST_STEP][FAILED] - click(findTestObject("Object Repository/Page_KiboPush  Create Poll/div_Category added successfull")): Unable to click on object 'Object Repository/Page_KiboPush  Create Poll/div_Category added successfull' (Root cause: com.kms.katalon.core.exception.StepFailedException: Unable to click on object 'Object Repository/Page_KiboPush  Create Poll/div_Category added successfull'
	at com.kms.katalon.core.webui.keyword.internal.WebUIKeywordMain.stepFailed(WebUIKeywordMain.groovy:64)
	at com.kms.katalon.core.webui.keyword.internal.WebUIKeywordMain.runKeyword(WebUIKeywordMain.groovy:26)
	at com.kms.katalon.core.webui.keyword.builtin.ClickKeyword.click(ClickKeyword.groovy:86)
	at com.kms.katalon.core.webui.keyword.builtin.ClickKeyword.execute(ClickKeyword.groovy:67)
	at com.kms.katalon.core.keyword.internal.KeywordExecutor.executeKeywordForPlatform(KeywordExecutor.groovy:56)
	at com.kms.katalon.core.webui.keyword.WebUiBuiltInKeywords.click(WebUiBuiltInKeywords.groovy:616)
	at com.kms.katalon.core.webui.keyword.WebUiBuiltInKeywords$click$2.call(Unknown Source)
	at TC0906.run(TC0906:32)
	at com.kms.katalon.core.main.ScriptEngine.run(ScriptEngine.java:194)
	at com.kms.katalon.core.main.ScriptEngine.runScriptAsRawText(ScriptEngine.java:119)
	at com.kms.katalon.core.main.TestCaseExecutor.runScript(TestCaseExecutor.java:336)
	at com.kms.katalon.core.main.TestCaseExecutor.doExecute(TestCaseExecutor.java:327)
	at com.kms.katalon.core.main.TestCaseExecutor.processExecutionPhase(TestCaseExecutor.java:306)
	at com.kms.katalon.core.main.TestCaseExecutor.accessMainPhase(TestCaseExecutor.java:298)
	at com.kms.katalon.core.main.TestCaseExecutor.execute(TestCaseExecutor.java:232)
	at com.kms.katalon.core.main.TestSuiteExecutor.accessTestCaseMainPhase(TestSuiteExecutor.java:129)
	at com.kms.katalon.core.main.TestSuiteExecutor.accessTestSuiteMainPhase(TestSuiteExecutor.java:112)
	at com.kms.katalon.core.main.TestSuiteExecutor.execute(TestSuiteExecutor.java:81)
	at com.kms.katalon.core.main.TestCaseMain.startTestSuite(TestCaseMain.java:157)
	at com.kms.katalon.core.main.TestCaseMain$startTestSuite$0.call(Unknown Source)
	at TempTestSuite1555795243480.run(TempTestSuite1555795243480.groovy:35)
Caused by: com.kms.katalon.core.webui.exception.WebElementNotFoundException: Web element with id: 'Object Repository/Page_KiboPush  Create Poll/div_Category added successfull' located by 'By.xpath: //div[(text() = 'Category added successfully' or . = 'Category added successfully')]' not found
	at com.kms.katalon.core.webui.common.WebUiCommonHelper.findWebElement(WebUiCommonHelper.java:1097)
	at com.kms.katalon.core.webui.keyword.internal.WebUIAbstractKeyword.findWebElement(WebUIAbstractKeyword.groovy:27)
	at com.kms.katalon.core.webui.keyword.internal.WebUIAbstractKeyword.findWebElement(WebUIAbstractKeyword.groovy:26)
	at com.kms.katalon.core.webui.keyword.builtin.ClickKeyword$_click_closure1.doCall(ClickKeyword.groovy:77)
	at com.kms.katalon.core.webui.keyword.builtin.ClickKeyword$_click_closure1.call(ClickKeyword.groovy)
	at com.kms.katalon.core.webui.keyword.internal.WebUIKeywordMain.runKeyword(WebUIKeywordMain.groovy:20)
	at com.kms.katalon.core.webui.keyword.builtin.ClickKeyword.click(ClickKeyword.groovy:86)
	at com.kms.katalon.core.webui.keyword.builtin.ClickKeyword.execute(ClickKeyword.groovy:67)
	at com.kms.katalon.core.keyword.internal.KeywordExecutor.executeKeywordForPlatform(KeywordExecutor.groovy:56)
	at com.kms.katalon.core.webui.keyword.WebUiBuiltInKeywords.click(WebUiBuiltInKeywords.groovy:616)
	at com.kms.katalon.core.webui.keyword.WebUiBuiltInKeywords$click$2.call(Unknown Source)
	at Script1537199206056.run(Script1537199206056.groovy:32)
	... 13 more
)

2019-04-21 03:09:06 - [MESSAGE][INFO] - Unable to find the element located by 'By.xpath: //div[(text() = 'Category added successfully' or . = 'Category added successfully')]'. Please recheck the objects properties to make sure the desired element is located. 

2019-04-21 03:09:06 - [MESSAGE][FAILED] - Unable to click on object 'Object Repository/Page_KiboPush  Create Poll/div_Category added successfull' (Root cause: com.kms.katalon.core.exception.StepFailedException: Unable to click on object 'Object Repository/Page_KiboPush  Create Poll/div_Category added successfull'
	at com.kms.katalon.core.webui.keyword.internal.WebUIKeywordMain.stepFailed(WebUIKeywordMain.groovy:64)
	at com.kms.katalon.core.webui.keyword.internal.WebUIKeywordMain.runKeyword(WebUIKeywordMain.groovy:26)
	at com.kms.katalon.core.webui.keyword.builtin.ClickKeyword.click(ClickKeyword.groovy:86)
	at com.kms.katalon.core.webui.keyword.builtin.ClickKeyword.execute(ClickKeyword.groovy:67)
	at com.kms.katalon.core.keyword.internal.KeywordExecutor.executeKeywordForPlatform(KeywordExecutor.groovy:56)
	at com.kms.katalon.core.webui.keyword.WebUiBuiltInKeywords.click(WebUiBuiltInKeywords.groovy:616)
	at com.kms.katalon.core.webui.keyword.WebUiBuiltInKeywords$click$2.call(Unknown Source)
	at TC0906.run(TC0906:32)
	at com.kms.katalon.core.main.ScriptEngine.run(ScriptEngine.java:194)
	at com.kms.katalon.core.main.ScriptEngine.runScriptAsRawText(ScriptEngine.java:119)
	at com.kms.katalon.core.main.TestCaseExecutor.runScript(TestCaseExecutor.java:336)
	at com.kms.katalon.core.main.TestCaseExecutor.doExecute(TestCaseExecutor.java:327)
	at com.kms.katalon.core.main.TestCaseExecutor.processExecutionPhase(TestCaseExecutor.java:306)
	at com.kms.katalon.core.main.TestCaseExecutor.accessMainPhase(TestCaseExecutor.java:298)
	at com.kms.katalon.core.main.TestCaseExecutor.execute(TestCaseExecutor.java:232)
	at com.kms.katalon.core.main.TestSuiteExecutor.accessTestCaseMainPhase(TestSuiteExecutor.java:129)
	at com.kms.katalon.core.main.TestSuiteExecutor.accessTestSuiteMainPhase(TestSuiteExecutor.java:112)
	at com.kms.katalon.core.main.TestSuiteExecutor.execute(TestSuiteExecutor.java:81)
	at com.kms.katalon.core.main.TestCaseMain.startTestSuite(TestCaseMain.java:157)
	at com.kms.katalon.core.main.TestCaseMain$startTestSuite$0.call(Unknown Source)
	at TempTestSuite1555795243480.run(TempTestSuite1555795243480.groovy:35)
Caused by: com.kms.katalon.core.webui.exception.WebElementNotFoundException: Web element with id: 'Object Repository/Page_KiboPush  Create Poll/div_Category added successfull' located by 'By.xpath: //div[(text() = 'Category added successfully' or . = 'Category added successfully')]' not found
	at com.kms.katalon.core.webui.common.WebUiCommonHelper.findWebElement(WebUiCommonHelper.java:1097)
	at com.kms.katalon.core.webui.keyword.internal.WebUIAbstractKeyword.findWebElement(WebUIAbstractKeyword.groovy:27)
	at com.kms.katalon.core.webui.keyword.internal.WebUIAbstractKeyword.findWebElement(WebUIAbstractKeyword.groovy:26)
	at com.kms.katalon.core.webui.keyword.builtin.ClickKeyword$_click_closure1.doCall(ClickKeyword.groovy:77)
	at com.kms.katalon.core.webui.keyword.builtin.ClickKeyword$_click_closure1.call(ClickKeyword.groovy)
	at com.kms.katalon.core.webui.keyword.internal.WebUIKeywordMain.runKeyword(WebUIKeywordMain.groovy:20)
	at com.kms.katalon.core.webui.keyword.builtin.ClickKeyword.click(ClickKeyword.groovy:86)
	at com.kms.katalon.core.webui.keyword.builtin.ClickKeyword.execute(ClickKeyword.groovy:67)
	at com.kms.katalon.core.keyword.internal.KeywordExecutor.executeKeywordForPlatform(KeywordExecutor.groovy:56)
	at com.kms.katalon.core.webui.keyword.WebUiBuiltInKeywords.click(WebUiBuiltInKeywords.groovy:616)
	at com.kms.katalon.core.webui.keyword.WebUiBuiltInKeywords$click$2.call(Unknown Source)
	at Script1537199206056.run(Script1537199206056.groovy:32)
	... 13 more
)
[[ATTACHMENT|/home/faizan/Drive/KiboPush_Automated_Testing/KiboPush Katalon/Reports/Faizan Suits/Template/20190421_022043/1555798146087.png]]]]></system-out>
         <system-err><![CDATA[2019-04-21 03:08:21 - [TEST_CASE][FAILED] - Test Cases/Template testcases/TC0906: Test Cases/Template testcases/TC0906 FAILED.
Reason:
com.kms.katalon.core.exception.StepFailedException: Unable to click on object 'Object Repository/Page_KiboPush  Create Poll/div_Category added successfull'
	at com.kms.katalon.core.webui.keyword.internal.WebUIKeywordMain.stepFailed(WebUIKeywordMain.groovy:64)
	at com.kms.katalon.core.webui.keyword.internal.WebUIKeywordMain.runKeyword(WebUIKeywordMain.groovy:26)
	at com.kms.katalon.core.webui.keyword.builtin.ClickKeyword.click(ClickKeyword.groovy:86)
	at com.kms.katalon.core.webui.keyword.builtin.ClickKeyword.execute(ClickKeyword.groovy:67)
	at com.kms.katalon.core.keyword.internal.KeywordExecutor.executeKeywordForPlatform(KeywordExecutor.groovy:56)
	at com.kms.katalon.core.webui.keyword.WebUiBuiltInKeywords.click(WebUiBuiltInKeywords.groovy:616)
	at com.kms.katalon.core.webui.keyword.WebUiBuiltInKeywords$click$2.call(Unknown Source)
	at TC0906.run(TC0906:32)
	at com.kms.katalon.core.main.ScriptEngine.run(ScriptEngine.java:194)
	at com.kms.katalon.core.main.ScriptEngine.runScriptAsRawText(ScriptEngine.java:119)
	at com.kms.katalon.core.main.TestCaseExecutor.runScript(TestCaseExecutor.java:336)
	at com.kms.katalon.core.main.TestCaseExecutor.doExecute(TestCaseExecutor.java:327)
	at com.kms.katalon.core.main.TestCaseExecutor.processExecutionPhase(TestCaseExecutor.java:306)
	at com.kms.katalon.core.main.TestCaseExecutor.accessMainPhase(TestCaseExecutor.java:298)
	at com.kms.katalon.core.main.TestCaseExecutor.execute(TestCaseExecutor.java:232)
	at com.kms.katalon.core.main.TestSuiteExecutor.accessTestCaseMainPhase(TestSuiteExecutor.java:129)
	at com.kms.katalon.core.main.TestSuiteExecutor.accessTestSuiteMainPhase(TestSuiteExecutor.java:112)
	at com.kms.katalon.core.main.TestSuiteExecutor.execute(TestSuiteExecutor.java:81)
	at com.kms.katalon.core.main.TestCaseMain.startTestSuite(TestCaseMain.java:157)
	at com.kms.katalon.core.main.TestCaseMain$startTestSuite$0.call(Unknown Source)
	at TempTestSuite1555795243480.run(TempTestSuite1555795243480.groovy:35)
Caused by: com.kms.katalon.core.webui.exception.WebElementNotFoundException: Web element with id: 'Object Repository/Page_KiboPush  Create Poll/div_Category added successfull' located by 'By.xpath: //div[(text() = 'Category added successfully' or . = 'Category added successfully')]' not found
	at com.kms.katalon.core.webui.common.WebUiCommonHelper.findWebElement(WebUiCommonHelper.java:1097)
	at com.kms.katalon.core.webui.keyword.internal.WebUIAbstractKeyword.findWebElement(WebUIAbstractKeyword.groovy:27)
	at com.kms.katalon.core.webui.keyword.internal.WebUIAbstractKeyword.findWebElement(WebUIAbstractKeyword.groovy:26)
	at com.kms.katalon.core.webui.keyword.builtin.ClickKeyword$_click_closure1.doCall(ClickKeyword.groovy:77)
	at com.kms.katalon.core.webui.keyword.builtin.ClickKeyword$_click_closure1.call(ClickKeyword.groovy)
	at com.kms.katalon.core.webui.keyword.internal.WebUIKeywordMain.runKeyword(WebUIKeywordMain.groovy:20)
	at com.kms.katalon.core.webui.keyword.builtin.ClickKeyword.click(ClickKeyword.groovy:86)
	at com.kms.katalon.core.webui.keyword.builtin.ClickKeyword.execute(ClickKeyword.groovy:67)
	at com.kms.katalon.core.keyword.internal.KeywordExecutor.executeKeywordForPlatform(KeywordExecutor.groovy:56)
	at com.kms.katalon.core.webui.keyword.WebUiBuiltInKeywords.click(WebUiBuiltInKeywords.groovy:616)
	at com.kms.katalon.core.webui.keyword.WebUiBuiltInKeywords$click$2.call(Unknown Source)
	at Script1537199206056.run(Script1537199206056.groovy:32)
	... 13 more]]></system-err>
      </testcase>
      <testcase name="Test Cases/Template testcases/TC0907" classname="Test Cases/Template testcases/TC0907" status="PASSED">
         <system-out><![CDATA[2019-04-21 03:09:06 - [TEST_CASE][PASSED] - Test Cases/Template testcases/TC0907: Test Cases/Template testcases/TC0907

2019-04-21 03:09:07 - [TEST_STEP][PASSED] - callTestCase(findTestCase("s-sidebar_navigation/individualAccount/Template"), [:], STOP_ON_FAILURE): Call Test Case 'Test Cases/s-sidebar_navigation/individualAccount/Template' successfully

2019-04-21 03:09:07 - [TEST_CASE][PASSED] - Test Cases/s-sidebar_navigation/individualAccount/Template: Test Cases/s-sidebar_navigation/individualAccount/Template

2019-04-21 03:09:07 - [TEST_STEP][PASSED] - click(findTestObject("Page_KiboPush  Dashboard/span_Broadcasts")): Object: 'Object Repository/Page_KiboPush  Dashboard/span_Broadcasts' is clicked on

2019-04-21 03:09:07 - [MESSAGE][PASSED] - Object: 'Object Repository/Page_KiboPush  Dashboard/span_Broadcasts' is clicked on

2019-04-21 03:09:07 - [TEST_STEP][PASSED] - delay(1): Delayed 1 second(s)

2019-04-21 03:09:08 - [MESSAGE][PASSED] - Delayed 1 second(s)

2019-04-21 03:09:08 - [TEST_STEP][PASSED] - click(findTestObject("Page_KiboPush  Dashboard/span_Templates")): Object: 'Object Repository/Page_KiboPush  Dashboard/span_Templates' is clicked on

2019-04-21 03:09:08 - [MESSAGE][PASSED] - Object: 'Object Repository/Page_KiboPush  Dashboard/span_Templates' is clicked on

2019-04-21 03:09:08 - [TEST_STEP][PASSED] - delay(3): Delayed 3 second(s)

2019-04-21 03:09:11 - [MESSAGE][PASSED] - Delayed 3 second(s)

2019-04-21 03:09:11 - [TEST_STEP][PASSED] - scrollToPosition(0, 0): Browser is scrolled to position x = 0, y = 0

2019-04-21 03:09:11 - [MESSAGE][PASSED] - Browser is scrolled to position x = 0, y = 0

2019-04-21 03:09:11 - [TEST_STEP][PASSED] - click(findTestObject("Object Repository/Page_KiboEngage  Templates/h3_Templates")): Object: 'Object Repository/Page_KiboEngage  Templates/h3_Templates' is clicked on

2019-04-21 03:09:11 - [MESSAGE][PASSED] - Object: 'Object Repository/Page_KiboEngage  Templates/h3_Templates' is clicked on

2019-04-21 03:09:11 - [TEST_STEP][PASSED] - delay(3): Delayed 3 second(s)

2019-04-21 03:09:14 - [MESSAGE][PASSED] - Delayed 3 second(s)

2019-04-21 03:09:14 - [MESSAGE][PASSED] - Call Test Case 'Test Cases/s-sidebar_navigation/individualAccount/Template' successfully

2019-04-21 03:09:14 - [TEST_STEP][PASSED] - driver = getWebDriver(): null

2019-04-21 03:09:14 - [TEST_STEP][PASSED] - button = driver.findElement(By.xpath("//*[@id="content"]/div/div/div/div[2]/div[3]/div[3]/div[2]/div/div[2]/div[2]/div[2]/table/tbody/tr[1]/td[4]/span/a[1]")): null

2019-04-21 03:09:14 - [TEST_STEP][PASSED] - button.click(): null]]></system-out>
         <system-err><![CDATA[]]></system-err>
      </testcase>
      <testcase name="Test Cases/Template testcases/TC0908" classname="Test Cases/Template testcases/TC0908" status="PASSED">
         <system-out><![CDATA[2019-04-21 03:09:15 - [TEST_CASE][PASSED] - Test Cases/Template testcases/TC0908: Test Cases/Template testcases/TC0908

2019-04-21 03:09:15 - [TEST_STEP][PASSED] - callTestCase(findTestCase("Template testcases/TC0907"), [:], STOP_ON_FAILURE): Call Test Case 'Test Cases/Template testcases/TC0907' successfully

2019-04-21 03:09:15 - [TEST_CASE][PASSED] - Test Cases/Template testcases/TC0907: Test Cases/Template testcases/TC0907

2019-04-21 03:09:15 - [TEST_STEP][PASSED] - callTestCase(findTestCase("s-sidebar_navigation/individualAccount/Template"), [:], STOP_ON_FAILURE): Call Test Case 'Test Cases/s-sidebar_navigation/individualAccount/Template' successfully

2019-04-21 03:09:15 - [TEST_CASE][PASSED] - Test Cases/s-sidebar_navigation/individualAccount/Template: Test Cases/s-sidebar_navigation/individualAccount/Template

2019-04-21 03:09:15 - [TEST_STEP][PASSED] - click(findTestObject("Page_KiboPush  Dashboard/span_Broadcasts")): Object: 'Object Repository/Page_KiboPush  Dashboard/span_Broadcasts' is clicked on

2019-04-21 03:09:15 - [MESSAGE][PASSED] - Object: 'Object Repository/Page_KiboPush  Dashboard/span_Broadcasts' is clicked on

2019-04-21 03:09:15 - [TEST_STEP][PASSED] - delay(1): Delayed 1 second(s)

2019-04-21 03:09:16 - [MESSAGE][PASSED] - Delayed 1 second(s)

2019-04-21 03:09:16 - [TEST_STEP][PASSED] - click(findTestObject("Page_KiboPush  Dashboard/span_Templates")): Object: 'Object Repository/Page_KiboPush  Dashboard/span_Templates' is clicked on

2019-04-21 03:09:16 - [MESSAGE][PASSED] - Object: 'Object Repository/Page_KiboPush  Dashboard/span_Templates' is clicked on

2019-04-21 03:09:16 - [TEST_STEP][PASSED] - delay(3): Delayed 3 second(s)

2019-04-21 03:09:19 - [MESSAGE][PASSED] - Delayed 3 second(s)

2019-04-21 03:09:19 - [TEST_STEP][PASSED] - scrollToPosition(0, 0): Browser is scrolled to position x = 0, y = 0

2019-04-21 03:09:19 - [MESSAGE][PASSED] - Browser is scrolled to position x = 0, y = 0

2019-04-21 03:09:19 - [TEST_STEP][PASSED] - click(findTestObject("Object Repository/Page_KiboEngage  Templates/h3_Templates")): Object: 'Object Repository/Page_KiboEngage  Templates/h3_Templates' is clicked on

2019-04-21 03:09:20 - [MESSAGE][PASSED] - Object: 'Object Repository/Page_KiboEngage  Templates/h3_Templates' is clicked on

2019-04-21 03:09:20 - [TEST_STEP][PASSED] - delay(3): Delayed 3 second(s)

2019-04-21 03:09:23 - [MESSAGE][PASSED] - Delayed 3 second(s)

2019-04-21 03:09:23 - [MESSAGE][PASSED] - Call Test Case 'Test Cases/s-sidebar_navigation/individualAccount/Template' successfully

2019-04-21 03:09:23 - [TEST_STEP][PASSED] - driver = getWebDriver(): null

2019-04-21 03:09:23 - [TEST_STEP][PASSED] - button = driver.findElement(By.xpath("//*[@id="content"]/div/div/div/div[2]/div[3]/div[3]/div[2]/div/div[2]/div[2]/div[2]/table/tbody/tr[1]/td[4]/span/a[1]")): null

2019-04-21 03:09:23 - [TEST_STEP][PASSED] - button.click(): null

2019-04-21 03:09:23 - [MESSAGE][PASSED] - Call Test Case 'Test Cases/Template testcases/TC0907' successfully

2019-04-21 03:09:23 - [TEST_STEP][PASSED] - click(findTestObject("Object Repository/Page_KiboEngage  View Poll/button_Back")): Object: 'Object Repository/Page_KiboEngage  View Poll/button_Back' is clicked on

2019-04-21 03:09:23 - [MESSAGE][PASSED] - Object: 'Object Repository/Page_KiboEngage  View Poll/button_Back' is clicked on

2019-04-21 03:09:23 - [TEST_STEP][PASSED] - scrollToPosition(0, 0): Browser is scrolled to position x = 0, y = 0

2019-04-21 03:09:23 - [MESSAGE][PASSED] - Browser is scrolled to position x = 0, y = 0

2019-04-21 03:09:23 - [TEST_STEP][PASSED] - click(findTestObject("Page_KiboEngage  Templates/h3_Templates (3)")): Object: 'Object Repository/Page_KiboEngage  Templates/h3_Templates (3)' is clicked on

2019-04-21 03:09:23 - [MESSAGE][PASSED] - Object: 'Object Repository/Page_KiboEngage  Templates/h3_Templates (3)' is clicked on]]></system-out>
         <system-err><![CDATA[]]></system-err>
      </testcase>
      <testcase name="Test Cases/Template testcases/TC0909" classname="Test Cases/Template testcases/TC0909" status="PASSED">
         <system-out><![CDATA[2019-04-21 03:09:23 - [TEST_CASE][PASSED] - Test Cases/Template testcases/TC0909: Test Cases/Template testcases/TC0909

2019-04-21 03:09:23 - [TEST_STEP][PASSED] - callTestCase(findTestCase("s-sidebar_navigation/individualAccount/Template"), [:], STOP_ON_FAILURE): Call Test Case 'Test Cases/s-sidebar_navigation/individualAccount/Template' successfully

2019-04-21 03:09:23 - [TEST_CASE][PASSED] - Test Cases/s-sidebar_navigation/individualAccount/Template: Test Cases/s-sidebar_navigation/individualAccount/Template

2019-04-21 03:09:23 - [TEST_STEP][PASSED] - click(findTestObject("Page_KiboPush  Dashboard/span_Broadcasts")): Object: 'Object Repository/Page_KiboPush  Dashboard/span_Broadcasts' is clicked on

2019-04-21 03:09:24 - [MESSAGE][PASSED] - Object: 'Object Repository/Page_KiboPush  Dashboard/span_Broadcasts' is clicked on

2019-04-21 03:09:24 - [TEST_STEP][PASSED] - delay(1): Delayed 1 second(s)

2019-04-21 03:09:25 - [MESSAGE][PASSED] - Delayed 1 second(s)

2019-04-21 03:09:25 - [TEST_STEP][PASSED] - click(findTestObject("Page_KiboPush  Dashboard/span_Templates")): Object: 'Object Repository/Page_KiboPush  Dashboard/span_Templates' is clicked on

2019-04-21 03:09:25 - [MESSAGE][PASSED] - Object: 'Object Repository/Page_KiboPush  Dashboard/span_Templates' is clicked on

2019-04-21 03:09:25 - [TEST_STEP][PASSED] - delay(3): Delayed 3 second(s)

2019-04-21 03:09:28 - [MESSAGE][PASSED] - Delayed 3 second(s)

2019-04-21 03:09:28 - [TEST_STEP][PASSED] - scrollToPosition(0, 0): Browser is scrolled to position x = 0, y = 0

2019-04-21 03:09:28 - [MESSAGE][PASSED] - Browser is scrolled to position x = 0, y = 0

2019-04-21 03:09:28 - [TEST_STEP][PASSED] - click(findTestObject("Object Repository/Page_KiboEngage  Templates/h3_Templates")): Object: 'Object Repository/Page_KiboEngage  Templates/h3_Templates' is clicked on

2019-04-21 03:09:28 - [MESSAGE][PASSED] - Object: 'Object Repository/Page_KiboEngage  Templates/h3_Templates' is clicked on

2019-04-21 03:09:28 - [TEST_STEP][PASSED] - delay(3): Delayed 3 second(s)

2019-04-21 03:09:31 - [MESSAGE][PASSED] - Delayed 3 second(s)

2019-04-21 03:09:31 - [MESSAGE][PASSED] - Call Test Case 'Test Cases/s-sidebar_navigation/individualAccount/Template' successfully

2019-04-21 03:09:31 - [TEST_STEP][PASSED] - driver = getWebDriver(): null

2019-04-21 03:09:31 - [TEST_STEP][PASSED] - button = driver.findElement(By.xpath("//*[@id="content"]/div/div/div/div[2]/div[3]/div[3]/div[2]/div/div[2]/div[2]/div[2]/table/tbody/tr[1]/td[4]/span/a[2]")): null

2019-04-21 03:09:31 - [TEST_STEP][PASSED] - button.click(): null]]></system-out>
         <system-err><![CDATA[]]></system-err>
      </testcase>
      <testcase name="Test Cases/Template testcases/TC0910" classname="Test Cases/Template testcases/TC0910" status="PASSED">
         <system-out><![CDATA[2019-04-21 03:09:31 - [TEST_CASE][PASSED] - Test Cases/Template testcases/TC0910: Test Cases/Template testcases/TC0910

2019-04-21 03:09:31 - [TEST_STEP][PASSED] - callTestCase(findTestCase("s-sidebar_navigation/individualAccount/Template"), [:], STOP_ON_FAILURE): Call Test Case 'Test Cases/s-sidebar_navigation/individualAccount/Template' successfully

2019-04-21 03:09:31 - [TEST_CASE][PASSED] - Test Cases/s-sidebar_navigation/individualAccount/Template: Test Cases/s-sidebar_navigation/individualAccount/Template

2019-04-21 03:09:31 - [TEST_STEP][PASSED] - click(findTestObject("Page_KiboPush  Dashboard/span_Broadcasts")): Object: 'Object Repository/Page_KiboPush  Dashboard/span_Broadcasts' is clicked on

2019-04-21 03:09:32 - [MESSAGE][PASSED] - Object: 'Object Repository/Page_KiboPush  Dashboard/span_Broadcasts' is clicked on

2019-04-21 03:09:32 - [TEST_STEP][PASSED] - delay(1): Delayed 1 second(s)

2019-04-21 03:09:33 - [MESSAGE][PASSED] - Delayed 1 second(s)

2019-04-21 03:09:33 - [TEST_STEP][PASSED] - click(findTestObject("Page_KiboPush  Dashboard/span_Templates")): Object: 'Object Repository/Page_KiboPush  Dashboard/span_Templates' is clicked on

2019-04-21 03:09:33 - [MESSAGE][PASSED] - Object: 'Object Repository/Page_KiboPush  Dashboard/span_Templates' is clicked on

2019-04-21 03:09:33 - [TEST_STEP][PASSED] - delay(3): Delayed 3 second(s)

2019-04-21 03:09:36 - [MESSAGE][PASSED] - Delayed 3 second(s)

2019-04-21 03:09:36 - [TEST_STEP][PASSED] - scrollToPosition(0, 0): Browser is scrolled to position x = 0, y = 0

2019-04-21 03:09:36 - [MESSAGE][PASSED] - Browser is scrolled to position x = 0, y = 0

2019-04-21 03:09:36 - [TEST_STEP][PASSED] - click(findTestObject("Object Repository/Page_KiboEngage  Templates/h3_Templates")): Object: 'Object Repository/Page_KiboEngage  Templates/h3_Templates' is clicked on

2019-04-21 03:09:36 - [MESSAGE][PASSED] - Object: 'Object Repository/Page_KiboEngage  Templates/h3_Templates' is clicked on

2019-04-21 03:09:36 - [TEST_STEP][PASSED] - delay(3): Delayed 3 second(s)

2019-04-21 03:09:39 - [MESSAGE][PASSED] - Delayed 3 second(s)

2019-04-21 03:09:39 - [MESSAGE][PASSED] - Call Test Case 'Test Cases/s-sidebar_navigation/individualAccount/Template' successfully

2019-04-21 03:09:39 - [TEST_STEP][PASSED] - driver = getWebDriver(): null

2019-04-21 03:09:39 - [TEST_STEP][PASSED] - button = driver.findElement(By.xpath("//*[@id="m-datatable--27866229129"]/tbody/tr[2]/td[4]/span/button")): null

2019-04-21 03:09:39 - [TEST_STEP][PASSED] - button.click(): null

2019-04-21 03:09:39 - [TEST_STEP][PASSED] - delay(3): Delayed 3 second(s)

2019-04-21 03:09:42 - [MESSAGE][PASSED] - Delayed 3 second(s)

2019-04-21 03:09:42 - [TEST_STEP][PASSED] - delete = driver.findElement(By.xpath("/html/body/div[5]/div/div[2]/div/button")): null

2019-04-21 03:09:42 - [TEST_STEP][PASSED] - delete.click(): null

2019-04-21 03:09:42 - [TEST_STEP][PASSED] - click(findTestObject("Object Repository/Page_KiboPush  Dashboard/div_Poll template deleted")): Object: 'Object Repository/Page_KiboPush  Dashboard/div_Poll template deleted' is clicked on

2019-04-21 03:09:43 - [MESSAGE][PASSED] - Object: 'Object Repository/Page_KiboPush  Dashboard/div_Poll template deleted' is clicked on]]></system-out>
         <system-err><![CDATA[]]></system-err>
      </testcase>
      <testcase name="Test Cases/Template testcases/TC0911" classname="Test Cases/Template testcases/TC0911" status="PASSED">
         <system-out><![CDATA[2019-04-21 03:09:43 - [TEST_CASE][PASSED] - Test Cases/Template testcases/TC0911: Test Cases/Template testcases/TC0911

2019-04-21 03:09:43 - [TEST_STEP][PASSED] - callTestCase(findTestCase("Template testcases/TC0909"), [:], STOP_ON_FAILURE): Call Test Case 'Test Cases/Template testcases/TC0909' successfully

2019-04-21 03:09:43 - [TEST_CASE][PASSED] - Test Cases/Template testcases/TC0909: Test Cases/Template testcases/TC0909

2019-04-21 03:09:43 - [TEST_STEP][PASSED] - callTestCase(findTestCase("s-sidebar_navigation/individualAccount/Template"), [:], STOP_ON_FAILURE): Call Test Case 'Test Cases/s-sidebar_navigation/individualAccount/Template' successfully

2019-04-21 03:09:43 - [TEST_CASE][PASSED] - Test Cases/s-sidebar_navigation/individualAccount/Template: Test Cases/s-sidebar_navigation/individualAccount/Template

2019-04-21 03:09:43 - [TEST_STEP][PASSED] - click(findTestObject("Page_KiboPush  Dashboard/span_Broadcasts")): Object: 'Object Repository/Page_KiboPush  Dashboard/span_Broadcasts' is clicked on

2019-04-21 03:09:44 - [MESSAGE][PASSED] - Object: 'Object Repository/Page_KiboPush  Dashboard/span_Broadcasts' is clicked on

2019-04-21 03:09:44 - [TEST_STEP][PASSED] - delay(1): Delayed 1 second(s)

2019-04-21 03:09:45 - [MESSAGE][PASSED] - Delayed 1 second(s)

2019-04-21 03:09:45 - [TEST_STEP][PASSED] - click(findTestObject("Page_KiboPush  Dashboard/span_Templates")): Object: 'Object Repository/Page_KiboPush  Dashboard/span_Templates' is clicked on

2019-04-21 03:09:45 - [MESSAGE][PASSED] - Object: 'Object Repository/Page_KiboPush  Dashboard/span_Templates' is clicked on

2019-04-21 03:09:45 - [TEST_STEP][PASSED] - delay(3): Delayed 3 second(s)

2019-04-21 03:09:48 - [MESSAGE][PASSED] - Delayed 3 second(s)

2019-04-21 03:09:48 - [TEST_STEP][PASSED] - scrollToPosition(0, 0): Browser is scrolled to position x = 0, y = 0

2019-04-21 03:09:48 - [MESSAGE][PASSED] - Browser is scrolled to position x = 0, y = 0

2019-04-21 03:09:48 - [TEST_STEP][PASSED] - click(findTestObject("Object Repository/Page_KiboEngage  Templates/h3_Templates")): Object: 'Object Repository/Page_KiboEngage  Templates/h3_Templates' is clicked on

2019-04-21 03:09:48 - [MESSAGE][PASSED] - Object: 'Object Repository/Page_KiboEngage  Templates/h3_Templates' is clicked on

2019-04-21 03:09:48 - [TEST_STEP][PASSED] - delay(3): Delayed 3 second(s)

2019-04-21 03:09:51 - [MESSAGE][PASSED] - Delayed 3 second(s)

2019-04-21 03:09:51 - [MESSAGE][PASSED] - Call Test Case 'Test Cases/s-sidebar_navigation/individualAccount/Template' successfully

2019-04-21 03:09:51 - [TEST_STEP][PASSED] - driver = getWebDriver(): null

2019-04-21 03:09:51 - [TEST_STEP][PASSED] - button = driver.findElement(By.xpath("//*[@id="content"]/div/div/div/div[2]/div[3]/div[3]/div[2]/div/div[2]/div[2]/div[2]/table/tbody/tr[1]/td[4]/span/a[2]")): null

2019-04-21 03:09:51 - [TEST_STEP][PASSED] - button.click(): null

2019-04-21 03:09:51 - [MESSAGE][PASSED] - Call Test Case 'Test Cases/Template testcases/TC0909' successfully]]></system-out>
         <system-err><![CDATA[]]></system-err>
      </testcase>
      <testcase name="Test Cases/Template testcases/TC0912" classname="Test Cases/Template testcases/TC0912" status="PASSED">
         <system-out><![CDATA[2019-04-21 03:09:51 - [TEST_CASE][PASSED] - Test Cases/Template testcases/TC0912: Test Cases/Template testcases/TC0912

2019-04-21 03:09:51 - [TEST_STEP][PASSED] - callTestCase(findTestCase("Template testcases/TC0909"), [:], STOP_ON_FAILURE): Call Test Case 'Test Cases/Template testcases/TC0909' successfully

2019-04-21 03:09:52 - [TEST_CASE][PASSED] - Test Cases/Template testcases/TC0909: Test Cases/Template testcases/TC0909

2019-04-21 03:09:52 - [TEST_STEP][PASSED] - callTestCase(findTestCase("s-sidebar_navigation/individualAccount/Template"), [:], STOP_ON_FAILURE): Call Test Case 'Test Cases/s-sidebar_navigation/individualAccount/Template' successfully

2019-04-21 03:09:52 - [TEST_CASE][PASSED] - Test Cases/s-sidebar_navigation/individualAccount/Template: Test Cases/s-sidebar_navigation/individualAccount/Template

2019-04-21 03:09:52 - [TEST_STEP][PASSED] - click(findTestObject("Page_KiboPush  Dashboard/span_Broadcasts")): Object: 'Object Repository/Page_KiboPush  Dashboard/span_Broadcasts' is clicked on

2019-04-21 03:09:52 - [MESSAGE][PASSED] - Object: 'Object Repository/Page_KiboPush  Dashboard/span_Broadcasts' is clicked on

2019-04-21 03:09:52 - [TEST_STEP][PASSED] - delay(1): Delayed 1 second(s)

2019-04-21 03:09:53 - [MESSAGE][PASSED] - Delayed 1 second(s)

2019-04-21 03:09:53 - [TEST_STEP][PASSED] - click(findTestObject("Page_KiboPush  Dashboard/span_Templates")): Object: 'Object Repository/Page_KiboPush  Dashboard/span_Templates' is clicked on

2019-04-21 03:09:53 - [MESSAGE][PASSED] - Object: 'Object Repository/Page_KiboPush  Dashboard/span_Templates' is clicked on

2019-04-21 03:09:53 - [TEST_STEP][PASSED] - delay(3): Delayed 3 second(s)

2019-04-21 03:09:56 - [MESSAGE][PASSED] - Delayed 3 second(s)

2019-04-21 03:09:56 - [TEST_STEP][PASSED] - scrollToPosition(0, 0): Browser is scrolled to position x = 0, y = 0

2019-04-21 03:09:56 - [MESSAGE][PASSED] - Browser is scrolled to position x = 0, y = 0

2019-04-21 03:09:56 - [TEST_STEP][PASSED] - click(findTestObject("Object Repository/Page_KiboEngage  Templates/h3_Templates")): Object: 'Object Repository/Page_KiboEngage  Templates/h3_Templates' is clicked on

2019-04-21 03:09:56 - [MESSAGE][PASSED] - Object: 'Object Repository/Page_KiboEngage  Templates/h3_Templates' is clicked on

2019-04-21 03:09:56 - [TEST_STEP][PASSED] - delay(3): Delayed 3 second(s)

2019-04-21 03:09:59 - [MESSAGE][PASSED] - Delayed 3 second(s)

2019-04-21 03:09:59 - [MESSAGE][PASSED] - Call Test Case 'Test Cases/s-sidebar_navigation/individualAccount/Template' successfully

2019-04-21 03:09:59 - [TEST_STEP][PASSED] - driver = getWebDriver(): null

2019-04-21 03:09:59 - [TEST_STEP][PASSED] - button = driver.findElement(By.xpath("//*[@id="content"]/div/div/div/div[2]/div[3]/div[3]/div[2]/div/div[2]/div[2]/div[2]/table/tbody/tr[1]/td[4]/span/a[2]")): null

2019-04-21 03:10:00 - [TEST_STEP][PASSED] - button.click(): null

2019-04-21 03:10:00 - [MESSAGE][PASSED] - Call Test Case 'Test Cases/Template testcases/TC0909' successfully

2019-04-21 03:10:00 - [TEST_STEP][PASSED] - click(findTestObject("Object Repository/Page_KiboEngage  Edit Poll/a_Back")): Object: 'Object Repository/Page_KiboEngage  Edit Poll/a_Back' is clicked on

2019-04-21 03:10:00 - [MESSAGE][PASSED] - Object: 'Object Repository/Page_KiboEngage  Edit Poll/a_Back' is clicked on

2019-04-21 03:10:00 - [TEST_STEP][PASSED] - scrollToPosition(0, 0): Browser is scrolled to position x = 0, y = 0

2019-04-21 03:10:00 - [MESSAGE][PASSED] - Browser is scrolled to position x = 0, y = 0

2019-04-21 03:10:00 - [TEST_STEP][PASSED] - click(findTestObject("Page_KiboEngage  Templates/h3_Templates (4)")): Object: 'Object Repository/Page_KiboEngage  Templates/h3_Templates (4)' is clicked on

2019-04-21 03:10:00 - [MESSAGE][PASSED] - Object: 'Object Repository/Page_KiboEngage  Templates/h3_Templates (4)' is clicked on]]></system-out>
         <system-err><![CDATA[]]></system-err>
      </testcase>
      <testcase name="Test Cases/Template testcases/TC0913" classname="Test Cases/Template testcases/TC0913" status="PASSED">
         <system-out><![CDATA[2019-04-21 03:10:00 - [TEST_CASE][PASSED] - Test Cases/Template testcases/TC0913: Test Cases/Template testcases/TC0913

2019-04-21 03:10:01 - [TEST_STEP][PASSED] - callTestCase(findTestCase("s-sidebar_navigation/individualAccount/Template"), [:], STOP_ON_FAILURE): Call Test Case 'Test Cases/s-sidebar_navigation/individualAccount/Template' successfully

2019-04-21 03:10:01 - [TEST_CASE][PASSED] - Test Cases/s-sidebar_navigation/individualAccount/Template: Test Cases/s-sidebar_navigation/individualAccount/Template

2019-04-21 03:10:01 - [TEST_STEP][PASSED] - click(findTestObject("Page_KiboPush  Dashboard/span_Broadcasts")): Object: 'Object Repository/Page_KiboPush  Dashboard/span_Broadcasts' is clicked on

2019-04-21 03:10:01 - [MESSAGE][PASSED] - Object: 'Object Repository/Page_KiboPush  Dashboard/span_Broadcasts' is clicked on

2019-04-21 03:10:01 - [TEST_STEP][PASSED] - delay(1): Delayed 1 second(s)

2019-04-21 03:10:02 - [MESSAGE][PASSED] - Delayed 1 second(s)

2019-04-21 03:10:02 - [TEST_STEP][PASSED] - click(findTestObject("Page_KiboPush  Dashboard/span_Templates")): Object: 'Object Repository/Page_KiboPush  Dashboard/span_Templates' is clicked on

2019-04-21 03:10:02 - [MESSAGE][PASSED] - Object: 'Object Repository/Page_KiboPush  Dashboard/span_Templates' is clicked on

2019-04-21 03:10:02 - [TEST_STEP][PASSED] - delay(3): Delayed 3 second(s)

2019-04-21 03:10:05 - [MESSAGE][PASSED] - Delayed 3 second(s)

2019-04-21 03:10:05 - [TEST_STEP][PASSED] - scrollToPosition(0, 0): Browser is scrolled to position x = 0, y = 0

2019-04-21 03:10:05 - [MESSAGE][PASSED] - Browser is scrolled to position x = 0, y = 0

2019-04-21 03:10:05 - [TEST_STEP][PASSED] - click(findTestObject("Object Repository/Page_KiboEngage  Templates/h3_Templates")): Object: 'Object Repository/Page_KiboEngage  Templates/h3_Templates' is clicked on

2019-04-21 03:10:05 - [MESSAGE][PASSED] - Object: 'Object Repository/Page_KiboEngage  Templates/h3_Templates' is clicked on

2019-04-21 03:10:05 - [TEST_STEP][PASSED] - delay(3): Delayed 3 second(s)

2019-04-21 03:10:08 - [MESSAGE][PASSED] - Delayed 3 second(s)

2019-04-21 03:10:08 - [MESSAGE][PASSED] - Call Test Case 'Test Cases/s-sidebar_navigation/individualAccount/Template' successfully

2019-04-21 03:10:08 - [TEST_STEP][PASSED] - click(findTestObject("Object Repository/Page_KiboPush  Dashboard/a_Category")): Object: 'Object Repository/Page_KiboPush  Dashboard/a_Category' is clicked on

2019-04-21 03:10:09 - [MESSAGE][PASSED] - Object: 'Object Repository/Page_KiboPush  Dashboard/a_Category' is clicked on

2019-04-21 03:10:09 - [TEST_STEP][PASSED] - click(findTestObject("Object Repository/Page_KiboPush  Dashboard/h3_Categories")): Object: 'Object Repository/Page_KiboPush  Dashboard/h3_Categories' is clicked on

2019-04-21 03:10:09 - [MESSAGE][PASSED] - Object: 'Object Repository/Page_KiboPush  Dashboard/h3_Categories' is clicked on]]></system-out>
         <system-err><![CDATA[]]></system-err>
      </testcase>
      <testcase name="Test Cases/Template testcases/TC0914" classname="Test Cases/Template testcases/TC0914" status="PASSED">
         <system-out><![CDATA[2019-04-21 03:10:09 - [TEST_CASE][PASSED] - Test Cases/Template testcases/TC0914: Test Cases/Template testcases/TC0914

2019-04-21 03:10:09 - [TEST_STEP][PASSED] - callTestCase(findTestCase("Template testcases/TC0913"), [:], STOP_ON_FAILURE): Call Test Case 'Test Cases/Template testcases/TC0913' successfully

2019-04-21 03:10:09 - [TEST_CASE][PASSED] - Test Cases/Template testcases/TC0913: Test Cases/Template testcases/TC0913

2019-04-21 03:10:09 - [TEST_STEP][PASSED] - callTestCase(findTestCase("s-sidebar_navigation/individualAccount/Template"), [:], STOP_ON_FAILURE): Call Test Case 'Test Cases/s-sidebar_navigation/individualAccount/Template' successfully

2019-04-21 03:10:09 - [TEST_CASE][PASSED] - Test Cases/s-sidebar_navigation/individualAccount/Template: Test Cases/s-sidebar_navigation/individualAccount/Template

2019-04-21 03:10:09 - [TEST_STEP][PASSED] - click(findTestObject("Page_KiboPush  Dashboard/span_Broadcasts")): Object: 'Object Repository/Page_KiboPush  Dashboard/span_Broadcasts' is clicked on

2019-04-21 03:10:09 - [MESSAGE][PASSED] - Object: 'Object Repository/Page_KiboPush  Dashboard/span_Broadcasts' is clicked on

2019-04-21 03:10:09 - [TEST_STEP][PASSED] - delay(1): Delayed 1 second(s)

2019-04-21 03:10:10 - [MESSAGE][PASSED] - Delayed 1 second(s)

2019-04-21 03:10:10 - [TEST_STEP][PASSED] - click(findTestObject("Page_KiboPush  Dashboard/span_Templates")): Object: 'Object Repository/Page_KiboPush  Dashboard/span_Templates' is clicked on

2019-04-21 03:10:11 - [MESSAGE][PASSED] - Object: 'Object Repository/Page_KiboPush  Dashboard/span_Templates' is clicked on

2019-04-21 03:10:11 - [TEST_STEP][PASSED] - delay(3): Delayed 3 second(s)

2019-04-21 03:10:14 - [MESSAGE][PASSED] - Delayed 3 second(s)

2019-04-21 03:10:14 - [TEST_STEP][PASSED] - scrollToPosition(0, 0): Browser is scrolled to position x = 0, y = 0

2019-04-21 03:10:14 - [MESSAGE][PASSED] - Browser is scrolled to position x = 0, y = 0

2019-04-21 03:10:14 - [TEST_STEP][PASSED] - click(findTestObject("Object Repository/Page_KiboEngage  Templates/h3_Templates")): Object: 'Object Repository/Page_KiboEngage  Templates/h3_Templates' is clicked on

2019-04-21 03:10:14 - [MESSAGE][PASSED] - Object: 'Object Repository/Page_KiboEngage  Templates/h3_Templates' is clicked on

2019-04-21 03:10:14 - [TEST_STEP][PASSED] - delay(3): Delayed 3 second(s)

2019-04-21 03:10:17 - [MESSAGE][PASSED] - Delayed 3 second(s)

2019-04-21 03:10:17 - [MESSAGE][PASSED] - Call Test Case 'Test Cases/s-sidebar_navigation/individualAccount/Template' successfully

2019-04-21 03:10:17 - [TEST_STEP][PASSED] - click(findTestObject("Object Repository/Page_KiboPush  Dashboard/a_Category")): Object: 'Object Repository/Page_KiboPush  Dashboard/a_Category' is clicked on

2019-04-21 03:10:17 - [MESSAGE][PASSED] - Object: 'Object Repository/Page_KiboPush  Dashboard/a_Category' is clicked on

2019-04-21 03:10:17 - [TEST_STEP][PASSED] - click(findTestObject("Object Repository/Page_KiboPush  Dashboard/h3_Categories")): Object: 'Object Repository/Page_KiboPush  Dashboard/h3_Categories' is clicked on

2019-04-21 03:10:17 - [MESSAGE][PASSED] - Object: 'Object Repository/Page_KiboPush  Dashboard/h3_Categories' is clicked on

2019-04-21 03:10:17 - [MESSAGE][PASSED] - Call Test Case 'Test Cases/Template testcases/TC0913' successfully

2019-04-21 03:10:17 - [TEST_STEP][PASSED] - driver = getWebDriver(): null

2019-04-21 03:10:17 - [TEST_STEP][PASSED] - list = driver.findElements(By.xpath("//*[@id="m-datatable--27866229129"]/tbody/tr")): null

2019-04-21 03:10:17 - [TEST_STEP][PASSED] - println(list.size()): null

2019-04-21 03:10:17 - [TEST_STEP][PASSED] - verifyGreaterThanOrEqual(list.size(), 5): Actual number '22' is greater than or equal to expected number '5'

2019-04-21 03:10:17 - [MESSAGE][PASSED] - Actual number '22' is greater than or equal to expected number '5']]></system-out>
         <system-err><![CDATA[]]></system-err>
      </testcase>
      <testcase name="Test Cases/Template testcases/TC0915" classname="Test Cases/Template testcases/TC0915" status="FAILED">
         <failure type="FAILED" message="Test Cases/Template testcases/TC0915 FAILED.
Reason:
com.kms.katalon.core.exception.StepFailedException: Unable to click on object 'Object Repository/Page_KiboPush  Dashboard/div_Category added successfull'
	at com.kms.katalon.core.webui.keyword.internal.WebUIKeywordMain.stepFailed(WebUIKeywordMain.groovy:64)
	at com.kms.katalon.core.webui.keyword.internal.WebUIKeywordMain.runKeyword(WebUIKeywordMain.groovy:26)
	at com.kms.katalon.core.webui.keyword.builtin.ClickKeyword.click(ClickKeyword.groovy:86)
	at com.kms.katalon.core.webui.keyword.builtin.ClickKeyword.execute(ClickKeyword.groovy:67)
	at com.kms.katalon.core.keyword.internal.KeywordExecutor.executeKeywordForPlatform(KeywordExecutor.groovy:56)
	at com.kms.katalon.core.webui.keyword.WebUiBuiltInKeywords.click(WebUiBuiltInKeywords.groovy:616)
	at com.kms.katalon.core.webui.keyword.WebUiBuiltInKeywords$click$2.call(Unknown Source)
	at TC0915.run(TC0915:30)
	at com.kms.katalon.core.main.ScriptEngine.run(ScriptEngine.java:194)
	at com.kms.katalon.core.main.ScriptEngine.runScriptAsRawText(ScriptEngine.java:119)
	at com.kms.katalon.core.main.TestCaseExecutor.runScript(TestCaseExecutor.java:336)
	at com.kms.katalon.core.main.TestCaseExecutor.doExecute(TestCaseExecutor.java:327)
	at com.kms.katalon.core.main.TestCaseExecutor.processExecutionPhase(TestCaseExecutor.java:306)
	at com.kms.katalon.core.main.TestCaseExecutor.accessMainPhase(TestCaseExecutor.java:298)
	at com.kms.katalon.core.main.TestCaseExecutor.execute(TestCaseExecutor.java:232)
	at com.kms.katalon.core.main.TestSuiteExecutor.accessTestCaseMainPhase(TestSuiteExecutor.java:129)
	at com.kms.katalon.core.main.TestSuiteExecutor.accessTestSuiteMainPhase(TestSuiteExecutor.java:112)
	at com.kms.katalon.core.main.TestSuiteExecutor.execute(TestSuiteExecutor.java:81)
	at com.kms.katalon.core.main.TestCaseMain.startTestSuite(TestCaseMain.java:157)
	at com.kms.katalon.core.main.TestCaseMain$startTestSuite$0.call(Unknown Source)
	at TempTestSuite1555795243480.run(TempTestSuite1555795243480.groovy:35)
Caused by: com.kms.katalon.core.webui.exception.WebElementNotFoundException: Web element with id: 'Object Repository/Page_KiboPush  Dashboard/div_Category added successfull' located by 'By.xpath: //div[(text() = 'Category added successfully' or . = 'Category added successfully')]' not found
	at com.kms.katalon.core.webui.common.WebUiCommonHelper.findWebElement(WebUiCommonHelper.java:1097)
	at com.kms.katalon.core.webui.keyword.internal.WebUIAbstractKeyword.findWebElement(WebUIAbstractKeyword.groovy:27)
	at com.kms.katalon.core.webui.keyword.internal.WebUIAbstractKeyword.findWebElement(WebUIAbstractKeyword.groovy:26)
	at com.kms.katalon.core.webui.keyword.builtin.ClickKeyword$_click_closure1.doCall(ClickKeyword.groovy:77)
	at com.kms.katalon.core.webui.keyword.builtin.ClickKeyword$_click_closure1.call(ClickKeyword.groovy)
	at com.kms.katalon.core.webui.keyword.internal.WebUIKeywordMain.runKeyword(WebUIKeywordMain.groovy:20)
	at com.kms.katalon.core.webui.keyword.builtin.ClickKeyword.click(ClickKeyword.groovy:86)
	at com.kms.katalon.core.webui.keyword.builtin.ClickKeyword.execute(ClickKeyword.groovy:67)
	at com.kms.katalon.core.keyword.internal.KeywordExecutor.executeKeywordForPlatform(KeywordExecutor.groovy:56)
	at com.kms.katalon.core.webui.keyword.WebUiBuiltInKeywords.click(WebUiBuiltInKeywords.groovy:616)
	at com.kms.katalon.core.webui.keyword.WebUiBuiltInKeywords$click$2.call(Unknown Source)
	at Script1537199582108.run(Script1537199582108.groovy:30)
	... 13 more
"/>
         <system-out><![CDATA[2019-04-21 03:10:17 - [TEST_CASE][FAILED] - Test Cases/Template testcases/TC0915: Test Cases/Template testcases/TC0915 FAILED.
Reason:
com.kms.katalon.core.exception.StepFailedException: Unable to click on object 'Object Repository/Page_KiboPush  Dashboard/div_Category added successfull'
	at com.kms.katalon.core.webui.keyword.internal.WebUIKeywordMain.stepFailed(WebUIKeywordMain.groovy:64)
	at com.kms.katalon.core.webui.keyword.internal.WebUIKeywordMain.runKeyword(WebUIKeywordMain.groovy:26)
	at com.kms.katalon.core.webui.keyword.builtin.ClickKeyword.click(ClickKeyword.groovy:86)
	at com.kms.katalon.core.webui.keyword.builtin.ClickKeyword.execute(ClickKeyword.groovy:67)
	at com.kms.katalon.core.keyword.internal.KeywordExecutor.executeKeywordForPlatform(KeywordExecutor.groovy:56)
	at com.kms.katalon.core.webui.keyword.WebUiBuiltInKeywords.click(WebUiBuiltInKeywords.groovy:616)
	at com.kms.katalon.core.webui.keyword.WebUiBuiltInKeywords$click$2.call(Unknown Source)
	at TC0915.run(TC0915:30)
	at com.kms.katalon.core.main.ScriptEngine.run(ScriptEngine.java:194)
	at com.kms.katalon.core.main.ScriptEngine.runScriptAsRawText(ScriptEngine.java:119)
	at com.kms.katalon.core.main.TestCaseExecutor.runScript(TestCaseExecutor.java:336)
	at com.kms.katalon.core.main.TestCaseExecutor.doExecute(TestCaseExecutor.java:327)
	at com.kms.katalon.core.main.TestCaseExecutor.processExecutionPhase(TestCaseExecutor.java:306)
	at com.kms.katalon.core.main.TestCaseExecutor.accessMainPhase(TestCaseExecutor.java:298)
	at com.kms.katalon.core.main.TestCaseExecutor.execute(TestCaseExecutor.java:232)
	at com.kms.katalon.core.main.TestSuiteExecutor.accessTestCaseMainPhase(TestSuiteExecutor.java:129)
	at com.kms.katalon.core.main.TestSuiteExecutor.accessTestSuiteMainPhase(TestSuiteExecutor.java:112)
	at com.kms.katalon.core.main.TestSuiteExecutor.execute(TestSuiteExecutor.java:81)
	at com.kms.katalon.core.main.TestCaseMain.startTestSuite(TestCaseMain.java:157)
	at com.kms.katalon.core.main.TestCaseMain$startTestSuite$0.call(Unknown Source)
	at TempTestSuite1555795243480.run(TempTestSuite1555795243480.groovy:35)
Caused by: com.kms.katalon.core.webui.exception.WebElementNotFoundException: Web element with id: 'Object Repository/Page_KiboPush  Dashboard/div_Category added successfull' located by 'By.xpath: //div[(text() = 'Category added successfully' or . = 'Category added successfully')]' not found
	at com.kms.katalon.core.webui.common.WebUiCommonHelper.findWebElement(WebUiCommonHelper.java:1097)
	at com.kms.katalon.core.webui.keyword.internal.WebUIAbstractKeyword.findWebElement(WebUIAbstractKeyword.groovy:27)
	at com.kms.katalon.core.webui.keyword.internal.WebUIAbstractKeyword.findWebElement(WebUIAbstractKeyword.groovy:26)
	at com.kms.katalon.core.webui.keyword.builtin.ClickKeyword$_click_closure1.doCall(ClickKeyword.groovy:77)
	at com.kms.katalon.core.webui.keyword.builtin.ClickKeyword$_click_closure1.call(ClickKeyword.groovy)
	at com.kms.katalon.core.webui.keyword.internal.WebUIKeywordMain.runKeyword(WebUIKeywordMain.groovy:20)
	at com.kms.katalon.core.webui.keyword.builtin.ClickKeyword.click(ClickKeyword.groovy:86)
	at com.kms.katalon.core.webui.keyword.builtin.ClickKeyword.execute(ClickKeyword.groovy:67)
	at com.kms.katalon.core.keyword.internal.KeywordExecutor.executeKeywordForPlatform(KeywordExecutor.groovy:56)
	at com.kms.katalon.core.webui.keyword.WebUiBuiltInKeywords.click(WebUiBuiltInKeywords.groovy:616)
	at com.kms.katalon.core.webui.keyword.WebUiBuiltInKeywords$click$2.call(Unknown Source)
	at Script1537199582108.run(Script1537199582108.groovy:30)
	... 13 more


2019-04-21 03:10:17 - [TEST_STEP][PASSED] - callTestCase(findTestCase("Template testcases/TC0913"), [:], STOP_ON_FAILURE): Call Test Case 'Test Cases/Template testcases/TC0913' successfully

2019-04-21 03:10:18 - [TEST_CASE][PASSED] - Test Cases/Template testcases/TC0913: Test Cases/Template testcases/TC0913

2019-04-21 03:10:18 - [TEST_STEP][PASSED] - callTestCase(findTestCase("s-sidebar_navigation/individualAccount/Template"), [:], STOP_ON_FAILURE): Call Test Case 'Test Cases/s-sidebar_navigation/individualAccount/Template' successfully

2019-04-21 03:10:18 - [TEST_CASE][PASSED] - Test Cases/s-sidebar_navigation/individualAccount/Template: Test Cases/s-sidebar_navigation/individualAccount/Template

2019-04-21 03:10:18 - [TEST_STEP][PASSED] - click(findTestObject("Page_KiboPush  Dashboard/span_Broadcasts")): Object: 'Object Repository/Page_KiboPush  Dashboard/span_Broadcasts' is clicked on

2019-04-21 03:10:18 - [MESSAGE][PASSED] - Object: 'Object Repository/Page_KiboPush  Dashboard/span_Broadcasts' is clicked on

2019-04-21 03:10:18 - [TEST_STEP][PASSED] - delay(1): Delayed 1 second(s)

2019-04-21 03:10:19 - [MESSAGE][PASSED] - Delayed 1 second(s)

2019-04-21 03:10:19 - [TEST_STEP][PASSED] - click(findTestObject("Page_KiboPush  Dashboard/span_Templates")): Object: 'Object Repository/Page_KiboPush  Dashboard/span_Templates' is clicked on

2019-04-21 03:10:19 - [MESSAGE][PASSED] - Object: 'Object Repository/Page_KiboPush  Dashboard/span_Templates' is clicked on

2019-04-21 03:10:19 - [TEST_STEP][PASSED] - delay(3): Delayed 3 second(s)

2019-04-21 03:10:22 - [MESSAGE][PASSED] - Delayed 3 second(s)

2019-04-21 03:10:22 - [TEST_STEP][PASSED] - scrollToPosition(0, 0): Browser is scrolled to position x = 0, y = 0

2019-04-21 03:10:22 - [MESSAGE][PASSED] - Browser is scrolled to position x = 0, y = 0

2019-04-21 03:10:22 - [TEST_STEP][PASSED] - click(findTestObject("Object Repository/Page_KiboEngage  Templates/h3_Templates")): Object: 'Object Repository/Page_KiboEngage  Templates/h3_Templates' is clicked on

2019-04-21 03:10:22 - [MESSAGE][PASSED] - Object: 'Object Repository/Page_KiboEngage  Templates/h3_Templates' is clicked on

2019-04-21 03:10:22 - [TEST_STEP][PASSED] - delay(3): Delayed 3 second(s)

2019-04-21 03:10:25 - [MESSAGE][PASSED] - Delayed 3 second(s)

2019-04-21 03:10:25 - [MESSAGE][PASSED] - Call Test Case 'Test Cases/s-sidebar_navigation/individualAccount/Template' successfully

2019-04-21 03:10:25 - [TEST_STEP][PASSED] - click(findTestObject("Object Repository/Page_KiboPush  Dashboard/a_Category")): Object: 'Object Repository/Page_KiboPush  Dashboard/a_Category' is clicked on

2019-04-21 03:10:25 - [MESSAGE][PASSED] - Object: 'Object Repository/Page_KiboPush  Dashboard/a_Category' is clicked on

2019-04-21 03:10:25 - [TEST_STEP][PASSED] - click(findTestObject("Object Repository/Page_KiboPush  Dashboard/h3_Categories")): Object: 'Object Repository/Page_KiboPush  Dashboard/h3_Categories' is clicked on

2019-04-21 03:10:26 - [MESSAGE][PASSED] - Object: 'Object Repository/Page_KiboPush  Dashboard/h3_Categories' is clicked on

2019-04-21 03:10:26 - [MESSAGE][PASSED] - Call Test Case 'Test Cases/Template testcases/TC0913' successfully

2019-04-21 03:10:26 - [TEST_STEP][PASSED] - click(findTestObject("Object Repository/Page_KiboPush  Dashboard/button_Add New")): Object: 'Object Repository/Page_KiboPush  Dashboard/button_Add New' is clicked on

2019-04-21 03:10:26 - [MESSAGE][PASSED] - Object: 'Object Repository/Page_KiboPush  Dashboard/button_Add New' is clicked on

2019-04-21 03:10:26 - [TEST_STEP][PASSED] - setText(findTestObject("Page_KiboPush  Dashboard/input_form-control"), "helwq"): Text 'helwq' is set on object 'Object Repository/Page_KiboPush  Dashboard/input_form-control'

2019-04-21 03:10:27 - [MESSAGE][PASSED] - Text 'helwq' is set on object 'Object Repository/Page_KiboPush  Dashboard/input_form-control'

2019-04-21 03:10:27 - [TEST_STEP][PASSED] - click(findTestObject("Object Repository/Page_KiboPush  Dashboard/button_Save (5)")): Object: 'Object Repository/Page_KiboPush  Dashboard/button_Save (5)' is clicked on

2019-04-21 03:10:27 - [MESSAGE][PASSED] - Object: 'Object Repository/Page_KiboPush  Dashboard/button_Save (5)' is clicked on

2019-04-21 03:10:27 - [TEST_STEP][FAILED] - click(findTestObject("Object Repository/Page_KiboPush  Dashboard/div_Category added successfull")): Unable to click on object 'Object Repository/Page_KiboPush  Dashboard/div_Category added successfull' (Root cause: com.kms.katalon.core.exception.StepFailedException: Unable to click on object 'Object Repository/Page_KiboPush  Dashboard/div_Category added successfull'
	at com.kms.katalon.core.webui.keyword.internal.WebUIKeywordMain.stepFailed(WebUIKeywordMain.groovy:64)
	at com.kms.katalon.core.webui.keyword.internal.WebUIKeywordMain.runKeyword(WebUIKeywordMain.groovy:26)
	at com.kms.katalon.core.webui.keyword.builtin.ClickKeyword.click(ClickKeyword.groovy:86)
	at com.kms.katalon.core.webui.keyword.builtin.ClickKeyword.execute(ClickKeyword.groovy:67)
	at com.kms.katalon.core.keyword.internal.KeywordExecutor.executeKeywordForPlatform(KeywordExecutor.groovy:56)
	at com.kms.katalon.core.webui.keyword.WebUiBuiltInKeywords.click(WebUiBuiltInKeywords.groovy:616)
	at com.kms.katalon.core.webui.keyword.WebUiBuiltInKeywords$click$2.call(Unknown Source)
	at TC0915.run(TC0915:30)
	at com.kms.katalon.core.main.ScriptEngine.run(ScriptEngine.java:194)
	at com.kms.katalon.core.main.ScriptEngine.runScriptAsRawText(ScriptEngine.java:119)
	at com.kms.katalon.core.main.TestCaseExecutor.runScript(TestCaseExecutor.java:336)
	at com.kms.katalon.core.main.TestCaseExecutor.doExecute(TestCaseExecutor.java:327)
	at com.kms.katalon.core.main.TestCaseExecutor.processExecutionPhase(TestCaseExecutor.java:306)
	at com.kms.katalon.core.main.TestCaseExecutor.accessMainPhase(TestCaseExecutor.java:298)
	at com.kms.katalon.core.main.TestCaseExecutor.execute(TestCaseExecutor.java:232)
	at com.kms.katalon.core.main.TestSuiteExecutor.accessTestCaseMainPhase(TestSuiteExecutor.java:129)
	at com.kms.katalon.core.main.TestSuiteExecutor.accessTestSuiteMainPhase(TestSuiteExecutor.java:112)
	at com.kms.katalon.core.main.TestSuiteExecutor.execute(TestSuiteExecutor.java:81)
	at com.kms.katalon.core.main.TestCaseMain.startTestSuite(TestCaseMain.java:157)
	at com.kms.katalon.core.main.TestCaseMain$startTestSuite$0.call(Unknown Source)
	at TempTestSuite1555795243480.run(TempTestSuite1555795243480.groovy:35)
Caused by: com.kms.katalon.core.webui.exception.WebElementNotFoundException: Web element with id: 'Object Repository/Page_KiboPush  Dashboard/div_Category added successfull' located by 'By.xpath: //div[(text() = 'Category added successfully' or . = 'Category added successfully')]' not found
	at com.kms.katalon.core.webui.common.WebUiCommonHelper.findWebElement(WebUiCommonHelper.java:1097)
	at com.kms.katalon.core.webui.keyword.internal.WebUIAbstractKeyword.findWebElement(WebUIAbstractKeyword.groovy:27)
	at com.kms.katalon.core.webui.keyword.internal.WebUIAbstractKeyword.findWebElement(WebUIAbstractKeyword.groovy:26)
	at com.kms.katalon.core.webui.keyword.builtin.ClickKeyword$_click_closure1.doCall(ClickKeyword.groovy:77)
	at com.kms.katalon.core.webui.keyword.builtin.ClickKeyword$_click_closure1.call(ClickKeyword.groovy)
	at com.kms.katalon.core.webui.keyword.internal.WebUIKeywordMain.runKeyword(WebUIKeywordMain.groovy:20)
	at com.kms.katalon.core.webui.keyword.builtin.ClickKeyword.click(ClickKeyword.groovy:86)
	at com.kms.katalon.core.webui.keyword.builtin.ClickKeyword.execute(ClickKeyword.groovy:67)
	at com.kms.katalon.core.keyword.internal.KeywordExecutor.executeKeywordForPlatform(KeywordExecutor.groovy:56)
	at com.kms.katalon.core.webui.keyword.WebUiBuiltInKeywords.click(WebUiBuiltInKeywords.groovy:616)
	at com.kms.katalon.core.webui.keyword.WebUiBuiltInKeywords$click$2.call(Unknown Source)
	at Script1537199582108.run(Script1537199582108.groovy:30)
	... 13 more
)

2019-04-21 03:10:58 - [MESSAGE][INFO] - Unable to find the element located by 'By.xpath: //div[(text() = 'Category added successfully' or . = 'Category added successfully')]'. Please recheck the objects properties to make sure the desired element is located. 

2019-04-21 03:11:01 - [MESSAGE][FAILED] - Unable to click on object 'Object Repository/Page_KiboPush  Dashboard/div_Category added successfull' (Root cause: com.kms.katalon.core.exception.StepFailedException: Unable to click on object 'Object Repository/Page_KiboPush  Dashboard/div_Category added successfull'
	at com.kms.katalon.core.webui.keyword.internal.WebUIKeywordMain.stepFailed(WebUIKeywordMain.groovy:64)
	at com.kms.katalon.core.webui.keyword.internal.WebUIKeywordMain.runKeyword(WebUIKeywordMain.groovy:26)
	at com.kms.katalon.core.webui.keyword.builtin.ClickKeyword.click(ClickKeyword.groovy:86)
	at com.kms.katalon.core.webui.keyword.builtin.ClickKeyword.execute(ClickKeyword.groovy:67)
	at com.kms.katalon.core.keyword.internal.KeywordExecutor.executeKeywordForPlatform(KeywordExecutor.groovy:56)
	at com.kms.katalon.core.webui.keyword.WebUiBuiltInKeywords.click(WebUiBuiltInKeywords.groovy:616)
	at com.kms.katalon.core.webui.keyword.WebUiBuiltInKeywords$click$2.call(Unknown Source)
	at TC0915.run(TC0915:30)
	at com.kms.katalon.core.main.ScriptEngine.run(ScriptEngine.java:194)
	at com.kms.katalon.core.main.ScriptEngine.runScriptAsRawText(ScriptEngine.java:119)
	at com.kms.katalon.core.main.TestCaseExecutor.runScript(TestCaseExecutor.java:336)
	at com.kms.katalon.core.main.TestCaseExecutor.doExecute(TestCaseExecutor.java:327)
	at com.kms.katalon.core.main.TestCaseExecutor.processExecutionPhase(TestCaseExecutor.java:306)
	at com.kms.katalon.core.main.TestCaseExecutor.accessMainPhase(TestCaseExecutor.java:298)
	at com.kms.katalon.core.main.TestCaseExecutor.execute(TestCaseExecutor.java:232)
	at com.kms.katalon.core.main.TestSuiteExecutor.accessTestCaseMainPhase(TestSuiteExecutor.java:129)
	at com.kms.katalon.core.main.TestSuiteExecutor.accessTestSuiteMainPhase(TestSuiteExecutor.java:112)
	at com.kms.katalon.core.main.TestSuiteExecutor.execute(TestSuiteExecutor.java:81)
	at com.kms.katalon.core.main.TestCaseMain.startTestSuite(TestCaseMain.java:157)
	at com.kms.katalon.core.main.TestCaseMain$startTestSuite$0.call(Unknown Source)
	at TempTestSuite1555795243480.run(TempTestSuite1555795243480.groovy:35)
Caused by: com.kms.katalon.core.webui.exception.WebElementNotFoundException: Web element with id: 'Object Repository/Page_KiboPush  Dashboard/div_Category added successfull' located by 'By.xpath: //div[(text() = 'Category added successfully' or . = 'Category added successfully')]' not found
	at com.kms.katalon.core.webui.common.WebUiCommonHelper.findWebElement(WebUiCommonHelper.java:1097)
	at com.kms.katalon.core.webui.keyword.internal.WebUIAbstractKeyword.findWebElement(WebUIAbstractKeyword.groovy:27)
	at com.kms.katalon.core.webui.keyword.internal.WebUIAbstractKeyword.findWebElement(WebUIAbstractKeyword.groovy:26)
	at com.kms.katalon.core.webui.keyword.builtin.ClickKeyword$_click_closure1.doCall(ClickKeyword.groovy:77)
	at com.kms.katalon.core.webui.keyword.builtin.ClickKeyword$_click_closure1.call(ClickKeyword.groovy)
	at com.kms.katalon.core.webui.keyword.internal.WebUIKeywordMain.runKeyword(WebUIKeywordMain.groovy:20)
	at com.kms.katalon.core.webui.keyword.builtin.ClickKeyword.click(ClickKeyword.groovy:86)
	at com.kms.katalon.core.webui.keyword.builtin.ClickKeyword.execute(ClickKeyword.groovy:67)
	at com.kms.katalon.core.keyword.internal.KeywordExecutor.executeKeywordForPlatform(KeywordExecutor.groovy:56)
	at com.kms.katalon.core.webui.keyword.WebUiBuiltInKeywords.click(WebUiBuiltInKeywords.groovy:616)
	at com.kms.katalon.core.webui.keyword.WebUiBuiltInKeywords$click$2.call(Unknown Source)
	at Script1537199582108.run(Script1537199582108.groovy:30)
	... 13 more
)
[[ATTACHMENT|/home/faizan/Drive/KiboPush_Automated_Testing/KiboPush Katalon/Reports/Faizan Suits/Template/20190421_022043/1555798258873.png]]]]></system-out>
         <system-err><![CDATA[2019-04-21 03:10:17 - [TEST_CASE][FAILED] - Test Cases/Template testcases/TC0915: Test Cases/Template testcases/TC0915 FAILED.
Reason:
com.kms.katalon.core.exception.StepFailedException: Unable to click on object 'Object Repository/Page_KiboPush  Dashboard/div_Category added successfull'
	at com.kms.katalon.core.webui.keyword.internal.WebUIKeywordMain.stepFailed(WebUIKeywordMain.groovy:64)
	at com.kms.katalon.core.webui.keyword.internal.WebUIKeywordMain.runKeyword(WebUIKeywordMain.groovy:26)
	at com.kms.katalon.core.webui.keyword.builtin.ClickKeyword.click(ClickKeyword.groovy:86)
	at com.kms.katalon.core.webui.keyword.builtin.ClickKeyword.execute(ClickKeyword.groovy:67)
	at com.kms.katalon.core.keyword.internal.KeywordExecutor.executeKeywordForPlatform(KeywordExecutor.groovy:56)
	at com.kms.katalon.core.webui.keyword.WebUiBuiltInKeywords.click(WebUiBuiltInKeywords.groovy:616)
	at com.kms.katalon.core.webui.keyword.WebUiBuiltInKeywords$click$2.call(Unknown Source)
	at TC0915.run(TC0915:30)
	at com.kms.katalon.core.main.ScriptEngine.run(ScriptEngine.java:194)
	at com.kms.katalon.core.main.ScriptEngine.runScriptAsRawText(ScriptEngine.java:119)
	at com.kms.katalon.core.main.TestCaseExecutor.runScript(TestCaseExecutor.java:336)
	at com.kms.katalon.core.main.TestCaseExecutor.doExecute(TestCaseExecutor.java:327)
	at com.kms.katalon.core.main.TestCaseExecutor.processExecutionPhase(TestCaseExecutor.java:306)
	at com.kms.katalon.core.main.TestCaseExecutor.accessMainPhase(TestCaseExecutor.java:298)
	at com.kms.katalon.core.main.TestCaseExecutor.execute(TestCaseExecutor.java:232)
	at com.kms.katalon.core.main.TestSuiteExecutor.accessTestCaseMainPhase(TestSuiteExecutor.java:129)
	at com.kms.katalon.core.main.TestSuiteExecutor.accessTestSuiteMainPhase(TestSuiteExecutor.java:112)
	at com.kms.katalon.core.main.TestSuiteExecutor.execute(TestSuiteExecutor.java:81)
	at com.kms.katalon.core.main.TestCaseMain.startTestSuite(TestCaseMain.java:157)
	at com.kms.katalon.core.main.TestCaseMain$startTestSuite$0.call(Unknown Source)
	at TempTestSuite1555795243480.run(TempTestSuite1555795243480.groovy:35)
Caused by: com.kms.katalon.core.webui.exception.WebElementNotFoundException: Web element with id: 'Object Repository/Page_KiboPush  Dashboard/div_Category added successfull' located by 'By.xpath: //div[(text() = 'Category added successfully' or . = 'Category added successfully')]' not found
	at com.kms.katalon.core.webui.common.WebUiCommonHelper.findWebElement(WebUiCommonHelper.java:1097)
	at com.kms.katalon.core.webui.keyword.internal.WebUIAbstractKeyword.findWebElement(WebUIAbstractKeyword.groovy:27)
	at com.kms.katalon.core.webui.keyword.internal.WebUIAbstractKeyword.findWebElement(WebUIAbstractKeyword.groovy:26)
	at com.kms.katalon.core.webui.keyword.builtin.ClickKeyword$_click_closure1.doCall(ClickKeyword.groovy:77)
	at com.kms.katalon.core.webui.keyword.builtin.ClickKeyword$_click_closure1.call(ClickKeyword.groovy)
	at com.kms.katalon.core.webui.keyword.internal.WebUIKeywordMain.runKeyword(WebUIKeywordMain.groovy:20)
	at com.kms.katalon.core.webui.keyword.builtin.ClickKeyword.click(ClickKeyword.groovy:86)
	at com.kms.katalon.core.webui.keyword.builtin.ClickKeyword.execute(ClickKeyword.groovy:67)
	at com.kms.katalon.core.keyword.internal.KeywordExecutor.executeKeywordForPlatform(KeywordExecutor.groovy:56)
	at com.kms.katalon.core.webui.keyword.WebUiBuiltInKeywords.click(WebUiBuiltInKeywords.groovy:616)
	at com.kms.katalon.core.webui.keyword.WebUiBuiltInKeywords$click$2.call(Unknown Source)
	at Script1537199582108.run(Script1537199582108.groovy:30)
	... 13 more]]></system-err>
      </testcase>
      <testcase name="Test Cases/Template testcases/TC0916" classname="Test Cases/Template testcases/TC0916" status="PASSED">
         <system-out><![CDATA[2019-04-21 03:11:01 - [TEST_CASE][PASSED] - Test Cases/Template testcases/TC0916: Test Cases/Template testcases/TC0916

2019-04-21 03:11:02 - [TEST_STEP][PASSED] - callTestCase(findTestCase("Template testcases/TC0913"), [:], STOP_ON_FAILURE): Call Test Case 'Test Cases/Template testcases/TC0913' successfully

2019-04-21 03:11:02 - [TEST_CASE][PASSED] - Test Cases/Template testcases/TC0913: Test Cases/Template testcases/TC0913

2019-04-21 03:11:02 - [TEST_STEP][PASSED] - callTestCase(findTestCase("s-sidebar_navigation/individualAccount/Template"), [:], STOP_ON_FAILURE): Call Test Case 'Test Cases/s-sidebar_navigation/individualAccount/Template' successfully

2019-04-21 03:11:02 - [TEST_CASE][PASSED] - Test Cases/s-sidebar_navigation/individualAccount/Template: Test Cases/s-sidebar_navigation/individualAccount/Template

2019-04-21 03:11:02 - [TEST_STEP][PASSED] - click(findTestObject("Page_KiboPush  Dashboard/span_Broadcasts")): Object: 'Object Repository/Page_KiboPush  Dashboard/span_Broadcasts' is clicked on

2019-04-21 03:11:02 - [MESSAGE][PASSED] - Object: 'Object Repository/Page_KiboPush  Dashboard/span_Broadcasts' is clicked on

2019-04-21 03:11:02 - [TEST_STEP][PASSED] - delay(1): Delayed 1 second(s)

2019-04-21 03:11:03 - [MESSAGE][PASSED] - Delayed 1 second(s)

2019-04-21 03:11:03 - [TEST_STEP][PASSED] - click(findTestObject("Page_KiboPush  Dashboard/span_Templates")): Object: 'Object Repository/Page_KiboPush  Dashboard/span_Templates' is clicked on

2019-04-21 03:11:03 - [MESSAGE][PASSED] - Object: 'Object Repository/Page_KiboPush  Dashboard/span_Templates' is clicked on

2019-04-21 03:11:03 - [TEST_STEP][PASSED] - delay(3): Delayed 3 second(s)

2019-04-21 03:11:06 - [MESSAGE][PASSED] - Delayed 3 second(s)

2019-04-21 03:11:06 - [TEST_STEP][PASSED] - scrollToPosition(0, 0): Browser is scrolled to position x = 0, y = 0

2019-04-21 03:11:06 - [MESSAGE][PASSED] - Browser is scrolled to position x = 0, y = 0

2019-04-21 03:11:06 - [TEST_STEP][PASSED] - click(findTestObject("Object Repository/Page_KiboEngage  Templates/h3_Templates")): Object: 'Object Repository/Page_KiboEngage  Templates/h3_Templates' is clicked on

2019-04-21 03:11:06 - [MESSAGE][PASSED] - Object: 'Object Repository/Page_KiboEngage  Templates/h3_Templates' is clicked on

2019-04-21 03:11:06 - [TEST_STEP][PASSED] - delay(3): Delayed 3 second(s)

2019-04-21 03:11:09 - [MESSAGE][PASSED] - Delayed 3 second(s)

2019-04-21 03:11:09 - [MESSAGE][PASSED] - Call Test Case 'Test Cases/s-sidebar_navigation/individualAccount/Template' successfully

2019-04-21 03:11:09 - [TEST_STEP][PASSED] - click(findTestObject("Object Repository/Page_KiboPush  Dashboard/a_Category")): Object: 'Object Repository/Page_KiboPush  Dashboard/a_Category' is clicked on

2019-04-21 03:11:10 - [MESSAGE][PASSED] - Object: 'Object Repository/Page_KiboPush  Dashboard/a_Category' is clicked on

2019-04-21 03:11:10 - [TEST_STEP][PASSED] - click(findTestObject("Object Repository/Page_KiboPush  Dashboard/h3_Categories")): Object: 'Object Repository/Page_KiboPush  Dashboard/h3_Categories' is clicked on

2019-04-21 03:11:10 - [MESSAGE][PASSED] - Object: 'Object Repository/Page_KiboPush  Dashboard/h3_Categories' is clicked on

2019-04-21 03:11:10 - [MESSAGE][PASSED] - Call Test Case 'Test Cases/Template testcases/TC0913' successfully

2019-04-21 03:11:10 - [TEST_STEP][PASSED] - click(findTestObject("Page_KiboPush  Dashboard/h3_Categories (1) (1)")): Object: 'Object Repository/Page_KiboPush  Dashboard/h3_Categories (1) (1)' is clicked on

2019-04-21 03:11:10 - [MESSAGE][PASSED] - Object: 'Object Repository/Page_KiboPush  Dashboard/h3_Categories (1) (1)' is clicked on

2019-04-21 03:11:10 - [TEST_STEP][PASSED] - click(findTestObject("Page_KiboPush  Dashboard/button_Edit (1)")): Object: 'Object Repository/Page_KiboPush  Dashboard/button_Edit (1)' is clicked on

2019-04-21 03:11:10 - [MESSAGE][PASSED] - Object: 'Object Repository/Page_KiboPush  Dashboard/button_Edit (1)' is clicked on

2019-04-21 03:11:10 - [TEST_STEP][PASSED] - setText(findTestObject("Object Repository/Page_KiboEngage  Categories/input_form"), "Research-1"): Text 'Research-1' is set on object 'Object Repository/Page_KiboEngage  Categories/input_form'

2019-04-21 03:11:11 - [MESSAGE][PASSED] - Text 'Research-1' is set on object 'Object Repository/Page_KiboEngage  Categories/input_form'

2019-04-21 03:11:11 - [TEST_STEP][PASSED] - click(findTestObject("Object Repository/Page_KiboEngage  Categories/button_Save")): Object: 'Object Repository/Page_KiboEngage  Categories/button_Save' is clicked on

2019-04-21 03:11:11 - [MESSAGE][PASSED] - Object: 'Object Repository/Page_KiboEngage  Categories/button_Save' is clicked on]]></system-out>
         <system-err><![CDATA[]]></system-err>
      </testcase>
      <testcase name="Test Cases/Template testcases/TC0917" classname="Test Cases/Template testcases/TC0917" status="PASSED">
         <system-out><![CDATA[2019-04-21 03:11:11 - [TEST_CASE][PASSED] - Test Cases/Template testcases/TC0917: Test Cases/Template testcases/TC0917

2019-04-21 03:11:12 - [TEST_STEP][PASSED] - callTestCase(findTestCase("Template testcases/TC0913"), [:], STOP_ON_FAILURE): Call Test Case 'Test Cases/Template testcases/TC0913' successfully

2019-04-21 03:11:12 - [TEST_CASE][PASSED] - Test Cases/Template testcases/TC0913: Test Cases/Template testcases/TC0913

2019-04-21 03:11:12 - [TEST_STEP][PASSED] - callTestCase(findTestCase("s-sidebar_navigation/individualAccount/Template"), [:], STOP_ON_FAILURE): Call Test Case 'Test Cases/s-sidebar_navigation/individualAccount/Template' successfully

2019-04-21 03:11:12 - [TEST_CASE][PASSED] - Test Cases/s-sidebar_navigation/individualAccount/Template: Test Cases/s-sidebar_navigation/individualAccount/Template

2019-04-21 03:11:12 - [TEST_STEP][PASSED] - click(findTestObject("Page_KiboPush  Dashboard/span_Broadcasts")): Object: 'Object Repository/Page_KiboPush  Dashboard/span_Broadcasts' is clicked on

2019-04-21 03:11:12 - [MESSAGE][PASSED] - Object: 'Object Repository/Page_KiboPush  Dashboard/span_Broadcasts' is clicked on

2019-04-21 03:11:12 - [TEST_STEP][PASSED] - delay(1): Delayed 1 second(s)

2019-04-21 03:11:13 - [MESSAGE][PASSED] - Delayed 1 second(s)

2019-04-21 03:11:13 - [TEST_STEP][PASSED] - click(findTestObject("Page_KiboPush  Dashboard/span_Templates")): Object: 'Object Repository/Page_KiboPush  Dashboard/span_Templates' is clicked on

2019-04-21 03:11:13 - [MESSAGE][PASSED] - Object: 'Object Repository/Page_KiboPush  Dashboard/span_Templates' is clicked on

2019-04-21 03:11:13 - [TEST_STEP][PASSED] - delay(3): Delayed 3 second(s)

2019-04-21 03:11:16 - [MESSAGE][PASSED] - Delayed 3 second(s)

2019-04-21 03:11:16 - [TEST_STEP][PASSED] - scrollToPosition(0, 0): Browser is scrolled to position x = 0, y = 0

2019-04-21 03:11:16 - [MESSAGE][PASSED] - Browser is scrolled to position x = 0, y = 0

2019-04-21 03:11:16 - [TEST_STEP][PASSED] - click(findTestObject("Object Repository/Page_KiboEngage  Templates/h3_Templates")): Object: 'Object Repository/Page_KiboEngage  Templates/h3_Templates' is clicked on

2019-04-21 03:11:16 - [MESSAGE][PASSED] - Object: 'Object Repository/Page_KiboEngage  Templates/h3_Templates' is clicked on

2019-04-21 03:11:16 - [TEST_STEP][PASSED] - delay(3): Delayed 3 second(s)

2019-04-21 03:11:19 - [MESSAGE][PASSED] - Delayed 3 second(s)

2019-04-21 03:11:19 - [MESSAGE][PASSED] - Call Test Case 'Test Cases/s-sidebar_navigation/individualAccount/Template' successfully

2019-04-21 03:11:19 - [TEST_STEP][PASSED] - click(findTestObject("Object Repository/Page_KiboPush  Dashboard/a_Category")): Object: 'Object Repository/Page_KiboPush  Dashboard/a_Category' is clicked on

2019-04-21 03:11:20 - [MESSAGE][PASSED] - Object: 'Object Repository/Page_KiboPush  Dashboard/a_Category' is clicked on

2019-04-21 03:11:20 - [TEST_STEP][PASSED] - click(findTestObject("Object Repository/Page_KiboPush  Dashboard/h3_Categories")): Object: 'Object Repository/Page_KiboPush  Dashboard/h3_Categories' is clicked on

2019-04-21 03:11:20 - [MESSAGE][PASSED] - Object: 'Object Repository/Page_KiboPush  Dashboard/h3_Categories' is clicked on

2019-04-21 03:11:20 - [MESSAGE][PASSED] - Call Test Case 'Test Cases/Template testcases/TC0913' successfully

2019-04-21 03:11:20 - [TEST_STEP][PASSED] - click(findTestObject("Object Repository/Page_KiboPush  Dashboard/button_Delete (5)")): Object: 'Object Repository/Page_KiboPush  Dashboard/button_Delete (5)' is clicked on

2019-04-21 03:11:20 - [MESSAGE][PASSED] - Object: 'Object Repository/Page_KiboPush  Dashboard/button_Delete (5)' is clicked on

2019-04-21 03:11:20 - [TEST_STEP][PASSED] - driver = getWebDriver(): null

2019-04-21 03:11:20 - [TEST_STEP][PASSED] - button = driver.findElement(By.xpath("/html/body/div[5]/div/div[2]/div/button")): null

2019-04-21 03:11:20 - [TEST_STEP][PASSED] - button.click(): null

2019-04-21 03:11:20 - [TEST_STEP][PASSED] - click(findTestObject("Object Repository/Page_KiboPush  Dashboard/div_Category deleted successfu")): Object: 'Object Repository/Page_KiboPush  Dashboard/div_Category deleted successfu' is clicked on

2019-04-21 03:11:21 - [MESSAGE][PASSED] - Object: 'Object Repository/Page_KiboPush  Dashboard/div_Category deleted successfu' is clicked on]]></system-out>
         <system-err><![CDATA[]]></system-err>
      </testcase>
      <testcase name="Test Cases/Template testcases/TC0918" classname="Test Cases/Template testcases/TC0918" status="PASSED">
         <system-out><![CDATA[2019-04-21 03:11:21 - [TEST_CASE][PASSED] - Test Cases/Template testcases/TC0918: Test Cases/Template testcases/TC0918

2019-04-21 03:11:22 - [TEST_STEP][PASSED] - callTestCase(findTestCase("Template testcases/TC0913"), [:], STOP_ON_FAILURE): Call Test Case 'Test Cases/Template testcases/TC0913' successfully

2019-04-21 03:11:22 - [TEST_CASE][PASSED] - Test Cases/Template testcases/TC0913: Test Cases/Template testcases/TC0913

2019-04-21 03:11:22 - [TEST_STEP][PASSED] - callTestCase(findTestCase("s-sidebar_navigation/individualAccount/Template"), [:], STOP_ON_FAILURE): Call Test Case 'Test Cases/s-sidebar_navigation/individualAccount/Template' successfully

2019-04-21 03:11:22 - [TEST_CASE][PASSED] - Test Cases/s-sidebar_navigation/individualAccount/Template: Test Cases/s-sidebar_navigation/individualAccount/Template

2019-04-21 03:11:22 - [TEST_STEP][PASSED] - click(findTestObject("Page_KiboPush  Dashboard/span_Broadcasts")): Object: 'Object Repository/Page_KiboPush  Dashboard/span_Broadcasts' is clicked on

2019-04-21 03:11:22 - [MESSAGE][PASSED] - Object: 'Object Repository/Page_KiboPush  Dashboard/span_Broadcasts' is clicked on

2019-04-21 03:11:22 - [TEST_STEP][PASSED] - delay(1): Delayed 1 second(s)

2019-04-21 03:11:23 - [MESSAGE][PASSED] - Delayed 1 second(s)

2019-04-21 03:11:23 - [TEST_STEP][PASSED] - click(findTestObject("Page_KiboPush  Dashboard/span_Templates")): Object: 'Object Repository/Page_KiboPush  Dashboard/span_Templates' is clicked on

2019-04-21 03:11:23 - [MESSAGE][PASSED] - Object: 'Object Repository/Page_KiboPush  Dashboard/span_Templates' is clicked on

2019-04-21 03:11:23 - [TEST_STEP][PASSED] - delay(3): Delayed 3 second(s)

2019-04-21 03:11:26 - [MESSAGE][PASSED] - Delayed 3 second(s)

2019-04-21 03:11:26 - [TEST_STEP][PASSED] - scrollToPosition(0, 0): Browser is scrolled to position x = 0, y = 0

2019-04-21 03:11:26 - [MESSAGE][PASSED] - Browser is scrolled to position x = 0, y = 0

2019-04-21 03:11:26 - [TEST_STEP][PASSED] - click(findTestObject("Object Repository/Page_KiboEngage  Templates/h3_Templates")): Object: 'Object Repository/Page_KiboEngage  Templates/h3_Templates' is clicked on

2019-04-21 03:11:27 - [MESSAGE][PASSED] - Object: 'Object Repository/Page_KiboEngage  Templates/h3_Templates' is clicked on

2019-04-21 03:11:27 - [TEST_STEP][PASSED] - delay(3): Delayed 3 second(s)

2019-04-21 03:11:30 - [MESSAGE][PASSED] - Delayed 3 second(s)

2019-04-21 03:11:30 - [MESSAGE][PASSED] - Call Test Case 'Test Cases/s-sidebar_navigation/individualAccount/Template' successfully

2019-04-21 03:11:30 - [TEST_STEP][PASSED] - click(findTestObject("Object Repository/Page_KiboPush  Dashboard/a_Category")): Object: 'Object Repository/Page_KiboPush  Dashboard/a_Category' is clicked on

2019-04-21 03:11:31 - [MESSAGE][PASSED] - Object: 'Object Repository/Page_KiboPush  Dashboard/a_Category' is clicked on

2019-04-21 03:11:31 - [TEST_STEP][PASSED] - click(findTestObject("Object Repository/Page_KiboPush  Dashboard/h3_Categories")): Object: 'Object Repository/Page_KiboPush  Dashboard/h3_Categories' is clicked on

2019-04-21 03:11:31 - [MESSAGE][PASSED] - Object: 'Object Repository/Page_KiboPush  Dashboard/h3_Categories' is clicked on

2019-04-21 03:11:31 - [MESSAGE][PASSED] - Call Test Case 'Test Cases/Template testcases/TC0913' successfully

2019-04-21 03:11:31 - [TEST_STEP][PASSED] - click(findTestObject("Page_KiboPush  Dashboard/a_Back (2)")): Object: 'Object Repository/Page_KiboPush  Dashboard/a_Back (2)' is clicked on

2019-04-21 03:11:56 - [MESSAGE][PASSED] - Object: 'Object Repository/Page_KiboPush  Dashboard/a_Back (2)' is clicked on

2019-04-21 03:11:56 - [TEST_STEP][PASSED] - scrollToPosition(0, 0): Browser is scrolled to position x = 0, y = 0

2019-04-21 03:11:58 - [MESSAGE][PASSED] - Browser is scrolled to position x = 0, y = 0

2019-04-21 03:11:58 - [TEST_STEP][PASSED] - click(findTestObject("Page_KiboPush  Dashboard/h3_Templates (3)")): Object: 'Object Repository/Page_KiboPush  Dashboard/h3_Templates (3)' is clicked on

2019-04-21 03:12:02 - [MESSAGE][PASSED] - Object: 'Object Repository/Page_KiboPush  Dashboard/h3_Templates (3)' is clicked on]]></system-out>
         <system-err><![CDATA[]]></system-err>
      </testcase>
      <system-out><![CDATA[2019-04-21 02:20:47 - [TEST_SUITE][FAILED] - Template: Test Cases/Template testcases/TC0764 FAILED.
Reason:
com.kms.katalon.core.exception.StepFailedException: Unable to select option by value 'Research' of object 'Object Repository/Page_KiboEngage  Templates/select_filter_template_broadcast_templates'  using regular expression
	at com.kms.katalon.core.webui.keyword.internal.WebUIKeywordMain.stepFailed(WebUIKeywordMain.groovy:64)
	at com.kms.katalon.core.webui.keyword.internal.WebUIKeywordMain.runKeyword(WebUIKeywordMain.groovy:26)
	at com.kms.katalon.core.webui.keyword.builtin.SelectOptionByValueKeyword.selectOptionByValue(SelectOptionByValueKeyword.groovy:99)
	at com.kms.katalon.core.webui.keyword.builtin.SelectOptionByValueKeyword.execute(SelectOptionByValueKeyword.groovy:71)
	at com.kms.katalon.core.keyword.internal.KeywordExecutor.executeKeywordForPlatform(KeywordExecutor.groovy:56)
	at com.kms.katalon.core.webui.keyword.WebUiBuiltInKeywords.selectOptionByValue(WebUiBuiltInKeywords.groovy:1138)
	at com.kms.katalon.core.webui.keyword.WebUiBuiltInKeywords$selectOptionByValue$6.call(Unknown Source)
	at TC0764.run(TC0764:32)
	at com.kms.katalon.core.main.ScriptEngine.run(ScriptEngine.java:194)
	at com.kms.katalon.core.main.ScriptEngine.runScriptAsRawText(ScriptEngine.java:119)
	at com.kms.katalon.core.main.TestCaseExecutor.runScript(TestCaseExecutor.java:336)
	at com.kms.katalon.core.main.TestCaseExecutor.doExecute(TestCaseExecutor.java:327)
	at com.kms.katalon.core.main.TestCaseExecutor.processExecutionPhase(TestCaseExecutor.java:306)
	at com.kms.katalon.core.main.TestCaseExecutor.accessMainPhase(TestCaseExecutor.java:298)
	at com.kms.katalon.core.main.TestCaseExecutor.execute(TestCaseExecutor.java:232)
	at com.kms.katalon.core.main.TestSuiteExecutor.accessTestCaseMainPhase(TestSuiteExecutor.java:129)
	at com.kms.katalon.core.main.TestSuiteExecutor.accessTestSuiteMainPhase(TestSuiteExecutor.java:112)
	at com.kms.katalon.core.main.TestSuiteExecutor.execute(TestSuiteExecutor.java:81)
	at com.kms.katalon.core.main.TestCaseMain.startTestSuite(TestCaseMain.java:157)
	at com.kms.katalon.core.main.TestCaseMain$startTestSuite$0.call(Unknown Source)
	at TempTestSuite1555795243480.run(TempTestSuite1555795243480.groovy:35)
Caused by: com.kms.katalon.core.webui.exception.WebElementNotFoundException: Web element with id: 'Object Repository/Page_KiboEngage  Templates/select_filter_template_broadcast_templates' located by 'By.xpath: //select[@id = 'm_form_status' and (text() = 'Filter by Category...AllFeedbackEntertain and EngagePromotion UpdatesPlan EventsCustomer SatisfactionGreetingsSocial MessagePromotionsInformationFollow UpWelcomeGeneralreseachhellhelwqfacebookHoliday GreetingstestingReaserchResearch' or . = 'Filter by Category...AllFeedbackEntertain and EngagePromotion UpdatesPlan EventsCustomer SatisfactionGreetingsSocial MessagePromotionsInformationFollow UpWelcomeGeneralreseachhellhelwqfacebookHoliday GreetingstestingReaserchResearch')]' not found
	at com.kms.katalon.core.webui.common.WebUiCommonHelper.findWebElement(WebUiCommonHelper.java:1097)
	at com.kms.katalon.core.webui.keyword.internal.WebUIAbstractKeyword.findWebElement(WebUIAbstractKeyword.groovy:27)
	at com.kms.katalon.core.webui.keyword.internal.WebUIAbstractKeyword.findWebElement(WebUIAbstractKeyword.groovy:26)
	at com.kms.katalon.core.webui.keyword.builtin.SelectOptionByValueKeyword$_selectOptionByValue_closure1.doCall(SelectOptionByValueKeyword.groovy:86)
	at com.kms.katalon.core.webui.keyword.builtin.SelectOptionByValueKeyword$_selectOptionByValue_closure1.call(SelectOptionByValueKeyword.groovy)
	at com.kms.katalon.core.webui.keyword.internal.WebUIKeywordMain.runKeyword(WebUIKeywordMain.groovy:20)
	at com.kms.katalon.core.webui.keyword.builtin.SelectOptionByValueKeyword.selectOptionByValue(SelectOptionByValueKeyword.groovy:99)
	at com.kms.katalon.core.webui.keyword.builtin.SelectOptionByValueKeyword.execute(SelectOptionByValueKeyword.groovy:71)
	at com.kms.katalon.core.keyword.internal.KeywordExecutor.executeKeywordForPlatform(KeywordExecutor.groovy:56)
	at com.kms.katalon.core.webui.keyword.WebUiBuiltInKeywords.selectOptionByValue(WebUiBuiltInKeywords.groovy:1138)
	at com.kms.katalon.core.webui.keyword.WebUiBuiltInKeywords$selectOptionByValue$6.call(Unknown Source)
	at Script1536971519918.run(Script1536971519918.groovy:32)
	... 13 more]]></system-out>
      <system-err><![CDATA[2019-04-21 02:20:47 - [TEST_SUITE][FAILED] - Template: Test Cases/Template testcases/TC0764 FAILED.
Reason:
com.kms.katalon.core.exception.StepFailedException: Unable to select option by value 'Research' of object 'Object Repository/Page_KiboEngage  Templates/select_filter_template_broadcast_templates'  using regular expression
	at com.kms.katalon.core.webui.keyword.internal.WebUIKeywordMain.stepFailed(WebUIKeywordMain.groovy:64)
	at com.kms.katalon.core.webui.keyword.internal.WebUIKeywordMain.runKeyword(WebUIKeywordMain.groovy:26)
	at com.kms.katalon.core.webui.keyword.builtin.SelectOptionByValueKeyword.selectOptionByValue(SelectOptionByValueKeyword.groovy:99)
	at com.kms.katalon.core.webui.keyword.builtin.SelectOptionByValueKeyword.execute(SelectOptionByValueKeyword.groovy:71)
	at com.kms.katalon.core.keyword.internal.KeywordExecutor.executeKeywordForPlatform(KeywordExecutor.groovy:56)
	at com.kms.katalon.core.webui.keyword.WebUiBuiltInKeywords.selectOptionByValue(WebUiBuiltInKeywords.groovy:1138)
	at com.kms.katalon.core.webui.keyword.WebUiBuiltInKeywords$selectOptionByValue$6.call(Unknown Source)
	at TC0764.run(TC0764:32)
	at com.kms.katalon.core.main.ScriptEngine.run(ScriptEngine.java:194)
	at com.kms.katalon.core.main.ScriptEngine.runScriptAsRawText(ScriptEngine.java:119)
	at com.kms.katalon.core.main.TestCaseExecutor.runScript(TestCaseExecutor.java:336)
	at com.kms.katalon.core.main.TestCaseExecutor.doExecute(TestCaseExecutor.java:327)
	at com.kms.katalon.core.main.TestCaseExecutor.processExecutionPhase(TestCaseExecutor.java:306)
	at com.kms.katalon.core.main.TestCaseExecutor.accessMainPhase(TestCaseExecutor.java:298)
	at com.kms.katalon.core.main.TestCaseExecutor.execute(TestCaseExecutor.java:232)
	at com.kms.katalon.core.main.TestSuiteExecutor.accessTestCaseMainPhase(TestSuiteExecutor.java:129)
	at com.kms.katalon.core.main.TestSuiteExecutor.accessTestSuiteMainPhase(TestSuiteExecutor.java:112)
	at com.kms.katalon.core.main.TestSuiteExecutor.execute(TestSuiteExecutor.java:81)
	at com.kms.katalon.core.main.TestCaseMain.startTestSuite(TestCaseMain.java:157)
	at com.kms.katalon.core.main.TestCaseMain$startTestSuite$0.call(Unknown Source)
	at TempTestSuite1555795243480.run(TempTestSuite1555795243480.groovy:35)
Caused by: com.kms.katalon.core.webui.exception.WebElementNotFoundException: Web element with id: 'Object Repository/Page_KiboEngage  Templates/select_filter_template_broadcast_templates' located by 'By.xpath: //select[@id = 'm_form_status' and (text() = 'Filter by Category...AllFeedbackEntertain and EngagePromotion UpdatesPlan EventsCustomer SatisfactionGreetingsSocial MessagePromotionsInformationFollow UpWelcomeGeneralreseachhellhelwqfacebookHoliday GreetingstestingReaserchResearch' or . = 'Filter by Category...AllFeedbackEntertain and EngagePromotion UpdatesPlan EventsCustomer SatisfactionGreetingsSocial MessagePromotionsInformationFollow UpWelcomeGeneralreseachhellhelwqfacebookHoliday GreetingstestingReaserchResearch')]' not found
	at com.kms.katalon.core.webui.common.WebUiCommonHelper.findWebElement(WebUiCommonHelper.java:1097)
	at com.kms.katalon.core.webui.keyword.internal.WebUIAbstractKeyword.findWebElement(WebUIAbstractKeyword.groovy:27)
	at com.kms.katalon.core.webui.keyword.internal.WebUIAbstractKeyword.findWebElement(WebUIAbstractKeyword.groovy:26)
	at com.kms.katalon.core.webui.keyword.builtin.SelectOptionByValueKeyword$_selectOptionByValue_closure1.doCall(SelectOptionByValueKeyword.groovy:86)
	at com.kms.katalon.core.webui.keyword.builtin.SelectOptionByValueKeyword$_selectOptionByValue_closure1.call(SelectOptionByValueKeyword.groovy)
	at com.kms.katalon.core.webui.keyword.internal.WebUIKeywordMain.runKeyword(WebUIKeywordMain.groovy:20)
	at com.kms.katalon.core.webui.keyword.builtin.SelectOptionByValueKeyword.selectOptionByValue(SelectOptionByValueKeyword.groovy:99)
	at com.kms.katalon.core.webui.keyword.builtin.SelectOptionByValueKeyword.execute(SelectOptionByValueKeyword.groovy:71)
	at com.kms.katalon.core.keyword.internal.KeywordExecutor.executeKeywordForPlatform(KeywordExecutor.groovy:56)
	at com.kms.katalon.core.webui.keyword.WebUiBuiltInKeywords.selectOptionByValue(WebUiBuiltInKeywords.groovy:1138)
	at com.kms.katalon.core.webui.keyword.WebUiBuiltInKeywords$selectOptionByValue$6.call(Unknown Source)
	at Script1536971519918.run(Script1536971519918.groovy:32)
	... 13 more]]></system-err>
   </testsuite>
</testsuites>
