<?xml version="1.0" encoding="UTF-8"?>
<testsuites name="SMS Kiboengage" time="235" tests="38" failures="0" errors="1">
   <testsuite name="SMS Kiboengage" tests="38" failures="0" errors="1" time="235" timestamp="2019-04-22 15:30:03" hostname="cloudkibo-faizan - cloudkibo-faizan" id="Test Suites/Faizan Suits/SMS Kiboengage">
      <properties>
         <property name="deviceName" value=""/>
         <property name="devicePlatform" value=""/>
         <property name="logFolder" value="/home/cloudkibo-faizan/Desktop/KiboPush_Automated_Testing/KiboPush Katalon/Reports/Faizan Suits/SMS Kiboengage/20190422_151843"/>
         <property name="logFiles" value="/home/cloudkibo-faizan/Desktop/KiboPush_Automated_Testing/KiboPush Katalon/Reports/Faizan Suits/SMS Kiboengage/20190422_151843/execution0.log"/>
         <property name="attachments" value=""/>
         <property name="hostName" value="cloudkibo-faizan - cloudkibo-faizan"/>
         <property name="os" value="Linux 64bit"/>
         <property name="katalonVersion" value="6.0.6.4"/>
         <property name="browser" value="Chrome 73.0.3683.75"/>
         <property name="hostAddress" value="127.0.1.1"/>
         <property name="sessionId" value="82609ceb366cfc5d34e3b9e56e553246"/>
         <property name="seleniumVersion" value="3.7.1"/>
         <property name="proxyInformation" value="ProxyInformation{proxyOption=NO_PROXY, proxyServerType=HTTP, password=, proxyServerAddress=, proxyServerPort=0}"/>
         <property name="platform" value="Linux"/>
      </properties>
      <testcase name="Test Cases/s-sidebar_navigation/individualAccount/Faizan_production_login_kiboengage" classname="Test Cases/s-sidebar_navigation/individualAccount/Faizan_production_login_kiboengage" status="PASSED">
         <system-out><![CDATA[2019-04-22 15:30:03 - [TEST_CASE][PASSED] - Test Cases/s-sidebar_navigation/individualAccount/Faizan_production_login_kiboengage: Test Cases/s-sidebar_navigation/individualAccount/Faizan_production_login_kiboengage

2019-04-22 15:30:03 - [TEST_STEP][PASSED] - openBrowser(""): Browser is opened with url: ''

2019-04-22 15:30:04 - [MESSAGE][INFO] - Starting 'Chrome' driver

2019-04-22 15:30:04 - [MESSAGE][INFO] - User set preference: ['args', '[--no-sandbox]']

2019-04-22 15:30:04 - [MESSAGE][INFO] - Action delay is set to 0 seconds

2019-04-22 15:30:05 - [MESSAGE][PASSED] - Browser is opened with url: ''

2019-04-22 15:30:05 - [TEST_STEP][PASSED] - maximizeWindow(): Current window maximized

2019-04-22 15:30:05 - [MESSAGE][PASSED] - Current window maximized

2019-04-22 15:30:05 - [TEST_STEP][PASSED] - navigateToUrl("https://kiboengage.cloudkibo.com/"): Navigate to 'https://kiboengage.cloudkibo.com/' successfully

2019-04-22 15:30:17 - [MESSAGE][PASSED] - Navigate to 'https://kiboengage.cloudkibo.com/' successfully

2019-04-22 15:30:17 - [TEST_STEP][PASSED] - navigateToUrl("https://accounts.cloudkibo.com/?continue=https://kiboengage.cloudkibo.com"): Navigate to 'https://accounts.cloudkibo.com/?continue=https://kiboengage.cloudkibo.com' successfully

2019-04-22 15:30:17 - [MESSAGE][PASSED] - Navigate to 'https://accounts.cloudkibo.com/?continue=https://kiboengage.cloudkibo.com' successfully

2019-04-22 15:30:17 - [TEST_STEP][PASSED] - click(findTestObject("Page_CloudKibo/a_Login (2) (1) (1)")): Object: 'Object Repository/Page_CloudKibo/a_Login (2) (1) (1)' is clicked on

2019-04-22 15:30:18 - [MESSAGE][PASSED] - Object: 'Object Repository/Page_CloudKibo/a_Login (2) (1) (1)' is clicked on

2019-04-22 15:30:18 - [TEST_STEP][PASSED] - setText(findTestObject("Page_KiboPush/input_email (10) (1) (1)"), "faizan@cloudkibo.com"): Text 'faizan@cloudkibo.com' is set on object 'Object Repository/Page_KiboPush/input_email (10) (1) (1)'

2019-04-22 15:30:18 - [MESSAGE][PASSED] - Text 'faizan@cloudkibo.com' is set on object 'Object Repository/Page_KiboPush/input_email (10) (1) (1)'

2019-04-22 15:30:18 - [TEST_STEP][PASSED] - setEncryptedText(findTestObject("Page_CloudKibo/input_Sign In_password (7)"), "qeJ0sjJnwEs="): Text ****** has been set on object 'Object Repository/Page_CloudKibo/input_Sign In_password (7)'

2019-04-22 15:30:18 - [MESSAGE][PASSED] - Text ****** has been set on object 'Object Repository/Page_CloudKibo/input_Sign In_password (7)'

2019-04-22 15:30:18 - [TEST_STEP][PASSED] - click(findTestObject("Page_KiboPush/button_Sign In (10) (1) (2)")): Object: 'Object Repository/Page_KiboPush/button_Sign In (10) (1) (2)' is clicked on

2019-04-22 15:30:18 - [MESSAGE][PASSED] - Object: 'Object Repository/Page_KiboPush/button_Sign In (10) (1) (2)' is clicked on

2019-04-22 15:30:18 - [TEST_STEP][PASSED] - navigateToUrl("https://kiboengage.cloudkibo.com/dashboard"): Navigate to 'https://kiboengage.cloudkibo.com/dashboard' successfully

2019-04-22 15:30:33 - [MESSAGE][PASSED] - Navigate to 'https://kiboengage.cloudkibo.com/dashboard' successfully

2019-04-22 15:30:33 - [TEST_STEP][PASSED] - click(findTestObject("Page_KiboPush  Dashboard/h3_Dashboard (57)")): Object: 'Object Repository/Page_KiboPush  Dashboard/h3_Dashboard (57)' is clicked on

2019-04-22 15:30:33 - [MESSAGE][PASSED] - Object: 'Object Repository/Page_KiboPush  Dashboard/h3_Dashboard (57)' is clicked on

2019-04-22 15:30:33 - [TEST_STEP][PASSED] - delay(3): Delayed 3 second(s)

2019-04-22 15:30:36 - [MESSAGE][PASSED] - Delayed 3 second(s)

2019-04-22 15:30:36 - [TEST_STEP][PASSED] - click(findTestObject("Page_KiboEngage  Dashboard/a_SMS (2) (1) (1) (1) (3)")): Object: 'Object Repository/Page_KiboEngage  Dashboard/a_SMS (2) (1) (1) (1) (3)' is clicked on

2019-04-22 15:30:36 - [MESSAGE][PASSED] - Object: 'Object Repository/Page_KiboEngage  Dashboard/a_SMS (2) (1) (1) (1) (3)' is clicked on

2019-04-22 15:30:36 - [TEST_STEP][PASSED] - click(findTestObject("Page_KiboEngage  Dashboard/span_Messenger (1) (1) (1) (3)")): Object: 'Object Repository/Page_KiboEngage  Dashboard/span_Messenger (1) (1) (1) (3)' is clicked on

2019-04-22 15:30:36 - [MESSAGE][PASSED] - Object: 'Object Repository/Page_KiboEngage  Dashboard/span_Messenger (1) (1) (1) (3)' is clicked on]]></system-out>
         <system-err><![CDATA[]]></system-err>
      </testcase>
      <testcase name="Test Cases/SMS/SMSPlatform" classname="Test Cases/SMS/SMSPlatform" status="PASSED">
         <system-out><![CDATA[2019-04-22 15:30:36 - [TEST_CASE][PASSED] - Test Cases/SMS/SMSPlatform: Test Cases/SMS/SMSPlatform

2019-04-22 15:30:36 - [TEST_STEP][PASSED] - click(findTestObject("Page_KiboEngage  Dashboard/a_SMS (1)")): Object: 'Object Repository/Page_KiboEngage  Dashboard/a_SMS (1)' is clicked on

2019-04-22 15:30:36 - [MESSAGE][PASSED] - Object: 'Object Repository/Page_KiboEngage  Dashboard/a_SMS (1)' is clicked on

2019-04-22 15:30:36 - [TEST_STEP][PASSED] - click(findTestObject("Page_KiboEngage  Dashboard/span_SMS (1)")): Object: 'Object Repository/Page_KiboEngage  Dashboard/span_SMS (1)' is clicked on

2019-04-22 15:30:36 - [MESSAGE][PASSED] - Object: 'Object Repository/Page_KiboEngage  Dashboard/span_SMS (1)' is clicked on

2019-04-22 15:30:36 - [TEST_STEP][PASSED] - delay(1): Delayed 1 second(s)

2019-04-22 15:30:37 - [MESSAGE][PASSED] - Delayed 1 second(s)]]></system-out>
         <system-err><![CDATA[]]></system-err>
      </testcase>
      <testcase name="Test Cases/SMS/contacts/TC11149" classname="Test Cases/SMS/contacts/TC11149" status="PASSED">
         <system-out><![CDATA[2019-04-22 15:30:37 - [TEST_CASE][PASSED] - Test Cases/SMS/contacts/TC11149: Test Cases/SMS/contacts/TC11149

2019-04-22 15:30:38 - [TEST_STEP][PASSED] - click(findTestObject("Page_KiboPush  Dashboard/span_Dashboard")): Object: 'Object Repository/Page_KiboPush  Dashboard/span_Dashboard' is clicked on

2019-04-22 15:30:38 - [MESSAGE][PASSED] - Object: 'Object Repository/Page_KiboPush  Dashboard/span_Dashboard' is clicked on

2019-04-22 15:30:38 - [TEST_STEP][PASSED] - delay(1): Delayed 1 second(s)

2019-04-22 15:30:39 - [MESSAGE][PASSED] - Delayed 1 second(s)

2019-04-22 15:30:39 - [TEST_STEP][PASSED] - click(findTestObject("Page_KiboEngage  Dashboard/span_Subscribers (1)")): Object: 'Object Repository/Page_KiboEngage  Dashboard/span_Subscribers (1)' is clicked on

2019-04-22 15:30:39 - [MESSAGE][PASSED] - Object: 'Object Repository/Page_KiboEngage  Dashboard/span_Subscribers (1)' is clicked on

2019-04-22 15:30:39 - [TEST_STEP][PASSED] - delay(1): Delayed 1 second(s)

2019-04-22 15:30:40 - [MESSAGE][PASSED] - Delayed 1 second(s)]]></system-out>
         <system-err><![CDATA[]]></system-err>
      </testcase>
      <testcase name="Test Cases/SMS/contacts/TC11150" classname="Test Cases/SMS/contacts/TC11150" status="PASSED">
         <system-out><![CDATA[2019-04-22 15:30:40 - [TEST_CASE][PASSED] - Test Cases/SMS/contacts/TC11150: Test Cases/SMS/contacts/TC11150

2019-04-22 15:30:40 - [TEST_STEP][PASSED] - click(findTestObject("Page_KiboPush  Dashboard/span_Dashboard")): Object: 'Object Repository/Page_KiboPush  Dashboard/span_Dashboard' is clicked on

2019-04-22 15:30:40 - [MESSAGE][PASSED] - Object: 'Object Repository/Page_KiboPush  Dashboard/span_Dashboard' is clicked on

2019-04-22 15:30:40 - [TEST_STEP][PASSED] - delay(1): Delayed 1 second(s)

2019-04-22 15:30:41 - [MESSAGE][PASSED] - Delayed 1 second(s)

2019-04-22 15:30:41 - [TEST_STEP][PASSED] - click(findTestObject("Page_KiboEngage  Dashboard/span_Subscribers (1)")): Object: 'Object Repository/Page_KiboEngage  Dashboard/span_Subscribers (1)' is clicked on

2019-04-22 15:30:41 - [MESSAGE][PASSED] - Object: 'Object Repository/Page_KiboEngage  Dashboard/span_Subscribers (1)' is clicked on

2019-04-22 15:30:41 - [TEST_STEP][PASSED] - delay(1): Delayed 1 second(s)

2019-04-22 15:30:42 - [MESSAGE][PASSED] - Delayed 1 second(s)

2019-04-22 15:30:42 - [TEST_STEP][PASSED] - click(findTestObject("Object Repository/Page_KiboEngage  Subscribers/h3_Subscribers")): Object: 'Object Repository/Page_KiboEngage  Subscribers/h3_Subscribers' is clicked on

2019-04-22 15:30:42 - [MESSAGE][PASSED] - Object: 'Object Repository/Page_KiboEngage  Subscribers/h3_Subscribers' is clicked on

2019-04-22 15:30:42 - [TEST_STEP][PASSED] - delay(1): Delayed 1 second(s)

2019-04-22 15:30:43 - [MESSAGE][PASSED] - Delayed 1 second(s)

2019-04-22 15:30:43 - [TEST_STEP][PASSED] - driver = getWebDriver(): null

2019-04-22 15:30:43 - [TEST_STEP][PASSED] - Table = driver.findElement(By.xpath("//*[@id="ajax_data"]/table/tbody")): null

2019-04-22 15:30:43 - [TEST_STEP][PASSED] - rows_table = Table.findElements(By.tagName("tr")): null

2019-04-22 15:30:43 - [TEST_STEP][PASSED] - verifyGreaterThanOrEqual(rows_table.size(), 1): Actual number '5' is greater than or equal to expected number '1'

2019-04-22 15:30:43 - [MESSAGE][PASSED] - Actual number '5' is greater than or equal to expected number '1']]></system-out>
         <system-err><![CDATA[]]></system-err>
      </testcase>
      <testcase name="Test Cases/SMS/contacts/TC11151" classname="Test Cases/SMS/contacts/TC11151" status="PASSED">
         <system-out><![CDATA[2019-04-22 15:30:43 - [TEST_CASE][PASSED] - Test Cases/SMS/contacts/TC11151: Test Cases/SMS/contacts/TC11151

2019-04-22 15:30:43 - [TEST_STEP][PASSED] - click(findTestObject("Page_KiboPush  Dashboard/span_Dashboard")): Object: 'Object Repository/Page_KiboPush  Dashboard/span_Dashboard' is clicked on

2019-04-22 15:30:43 - [MESSAGE][PASSED] - Object: 'Object Repository/Page_KiboPush  Dashboard/span_Dashboard' is clicked on

2019-04-22 15:30:43 - [TEST_STEP][PASSED] - delay(1): Delayed 1 second(s)

2019-04-22 15:30:44 - [MESSAGE][PASSED] - Delayed 1 second(s)

2019-04-22 15:30:44 - [TEST_STEP][PASSED] - click(findTestObject("Page_KiboEngage  Dashboard/span_Subscribers (1)")): Object: 'Object Repository/Page_KiboEngage  Dashboard/span_Subscribers (1)' is clicked on

2019-04-22 15:30:45 - [MESSAGE][PASSED] - Object: 'Object Repository/Page_KiboEngage  Dashboard/span_Subscribers (1)' is clicked on

2019-04-22 15:30:45 - [TEST_STEP][PASSED] - delay(1): Delayed 1 second(s)

2019-04-22 15:30:46 - [MESSAGE][PASSED] - Delayed 1 second(s)

2019-04-22 15:30:46 - [TEST_STEP][PASSED] - click(findTestObject("Object Repository/Page_KiboEngage  Subscribers/a_next")): Object: 'Object Repository/Page_KiboEngage  Subscribers/a_next' is clicked on

2019-04-22 15:30:46 - [MESSAGE][PASSED] - Object: 'Object Repository/Page_KiboEngage  Subscribers/a_next' is clicked on]]></system-out>
         <system-err><![CDATA[]]></system-err>
      </testcase>
      <testcase name="Test Cases/SMS/contacts/TC11152" classname="Test Cases/SMS/contacts/TC11152" status="PASSED">
         <system-out><![CDATA[2019-04-22 15:30:46 - [TEST_CASE][PASSED] - Test Cases/SMS/contacts/TC11152: Test Cases/SMS/contacts/TC11152

2019-04-22 15:30:46 - [TEST_STEP][PASSED] - click(findTestObject("Page_KiboPush  Dashboard/span_Dashboard")): Object: 'Object Repository/Page_KiboPush  Dashboard/span_Dashboard' is clicked on

2019-04-22 15:30:46 - [MESSAGE][PASSED] - Object: 'Object Repository/Page_KiboPush  Dashboard/span_Dashboard' is clicked on

2019-04-22 15:30:46 - [TEST_STEP][PASSED] - delay(1): Delayed 1 second(s)

2019-04-22 15:30:47 - [MESSAGE][PASSED] - Delayed 1 second(s)

2019-04-22 15:30:47 - [TEST_STEP][PASSED] - click(findTestObject("Page_KiboEngage  Dashboard/span_Subscribers (1)")): Object: 'Object Repository/Page_KiboEngage  Dashboard/span_Subscribers (1)' is clicked on

2019-04-22 15:30:47 - [MESSAGE][PASSED] - Object: 'Object Repository/Page_KiboEngage  Dashboard/span_Subscribers (1)' is clicked on

2019-04-22 15:30:47 - [TEST_STEP][PASSED] - delay(1): Delayed 1 second(s)

2019-04-22 15:30:48 - [MESSAGE][PASSED] - Delayed 1 second(s)

2019-04-22 15:30:48 - [TEST_STEP][PASSED] - click(findTestObject("Object Repository/Page_KiboEngage  Subscribers/a_previous")): Object: 'Object Repository/Page_KiboEngage  Subscribers/a_previous' is clicked on

2019-04-22 15:30:48 - [MESSAGE][PASSED] - Object: 'Object Repository/Page_KiboEngage  Subscribers/a_previous' is clicked on]]></system-out>
         <system-err><![CDATA[]]></system-err>
      </testcase>
      <testcase name="Test Cases/SMS/contacts/TC11153" classname="Test Cases/SMS/contacts/TC11153" status="PASSED">
         <system-out><![CDATA[2019-04-22 15:30:48 - [TEST_CASE][PASSED] - Test Cases/SMS/contacts/TC11153: Test Cases/SMS/contacts/TC11153

2019-04-22 15:30:48 - [TEST_STEP][PASSED] - click(findTestObject("Page_KiboPush  Dashboard/span_Dashboard")): Object: 'Object Repository/Page_KiboPush  Dashboard/span_Dashboard' is clicked on

2019-04-22 15:30:48 - [MESSAGE][PASSED] - Object: 'Object Repository/Page_KiboPush  Dashboard/span_Dashboard' is clicked on

2019-04-22 15:30:48 - [TEST_STEP][PASSED] - delay(1): Delayed 1 second(s)

2019-04-22 15:30:49 - [MESSAGE][PASSED] - Delayed 1 second(s)

2019-04-22 15:30:49 - [TEST_STEP][PASSED] - click(findTestObject("Page_KiboEngage  Dashboard/span_Subscribers (1)")): Object: 'Object Repository/Page_KiboEngage  Dashboard/span_Subscribers (1)' is clicked on

2019-04-22 15:30:49 - [MESSAGE][PASSED] - Object: 'Object Repository/Page_KiboEngage  Dashboard/span_Subscribers (1)' is clicked on

2019-04-22 15:30:49 - [TEST_STEP][PASSED] - delay(1): Delayed 1 second(s)

2019-04-22 15:30:50 - [MESSAGE][PASSED] - Delayed 1 second(s)

2019-04-22 15:30:50 - [TEST_STEP][PASSED] - click(findTestObject("Object Repository/Page_KiboEngage  Subscribers/a_previous")): Object: 'Object Repository/Page_KiboEngage  Subscribers/a_previous' is clicked on

2019-04-22 15:30:50 - [MESSAGE][PASSED] - Object: 'Object Repository/Page_KiboEngage  Subscribers/a_previous' is clicked on]]></system-out>
         <system-err><![CDATA[]]></system-err>
      </testcase>
      <testcase name="Test Cases/SMS/upload contacts/TC11154" classname="Test Cases/SMS/upload contacts/TC11154" status="PASSED">
         <system-out><![CDATA[2019-04-22 15:30:50 - [TEST_CASE][PASSED] - Test Cases/SMS/upload contacts/TC11154: Test Cases/SMS/upload contacts/TC11154

2019-04-22 15:30:50 - [TEST_STEP][PASSED] - click(findTestObject("Page_KiboPush  Dashboard/span_Dashboard")): Object: 'Object Repository/Page_KiboPush  Dashboard/span_Dashboard' is clicked on

2019-04-22 15:30:51 - [MESSAGE][PASSED] - Object: 'Object Repository/Page_KiboPush  Dashboard/span_Dashboard' is clicked on

2019-04-22 15:30:51 - [TEST_STEP][PASSED] - delay(1): Delayed 1 second(s)

2019-04-22 15:30:52 - [MESSAGE][PASSED] - Delayed 1 second(s)

2019-04-22 15:30:52 - [TEST_STEP][PASSED] - click(findTestObject("Object Repository/Page_KiboEngage  Dashboard/span_Upload Contacts")): Object: 'Object Repository/Page_KiboEngage  Dashboard/span_Upload Contacts' is clicked on

2019-04-22 15:30:52 - [MESSAGE][PASSED] - Object: 'Object Repository/Page_KiboEngage  Dashboard/span_Upload Contacts' is clicked on

2019-04-22 15:30:52 - [TEST_STEP][PASSED] - delay(1): Delayed 1 second(s)

2019-04-22 15:30:53 - [MESSAGE][PASSED] - Delayed 1 second(s)

2019-04-22 15:30:53 - [TEST_STEP][PASSED] - click(findTestObject("Object Repository/Page_KiboEngage  Upload Contacts/h3_Upload Contacts")): Object: 'Object Repository/Page_KiboEngage  Upload Contacts/h3_Upload Contacts' is clicked on

2019-04-22 15:30:53 - [MESSAGE][PASSED] - Object: 'Object Repository/Page_KiboEngage  Upload Contacts/h3_Upload Contacts' is clicked on]]></system-out>
         <system-err><![CDATA[]]></system-err>
      </testcase>
      <testcase name="Test Cases/SMS/upload contacts/TC11155" classname="Test Cases/SMS/upload contacts/TC11155" status="PASSED">
         <system-out><![CDATA[2019-04-22 15:30:53 - [TEST_CASE][PASSED] - Test Cases/SMS/upload contacts/TC11155: Test Cases/SMS/upload contacts/TC11155

2019-04-22 15:30:53 - [TEST_STEP][PASSED] - click(findTestObject("Page_KiboPush  Dashboard/span_Dashboard")): Object: 'Object Repository/Page_KiboPush  Dashboard/span_Dashboard' is clicked on

2019-04-22 15:30:53 - [MESSAGE][PASSED] - Object: 'Object Repository/Page_KiboPush  Dashboard/span_Dashboard' is clicked on

2019-04-22 15:30:53 - [TEST_STEP][PASSED] - delay(1): Delayed 1 second(s)

2019-04-22 15:30:54 - [MESSAGE][PASSED] - Delayed 1 second(s)

2019-04-22 15:30:54 - [TEST_STEP][PASSED] - click(findTestObject("Object Repository/Page_KiboEngage  Dashboard/span_Upload Contacts")): Object: 'Object Repository/Page_KiboEngage  Dashboard/span_Upload Contacts' is clicked on

2019-04-22 15:30:54 - [MESSAGE][PASSED] - Object: 'Object Repository/Page_KiboEngage  Dashboard/span_Upload Contacts' is clicked on

2019-04-22 15:30:54 - [TEST_STEP][PASSED] - delay(1): Delayed 1 second(s)

2019-04-22 15:30:55 - [MESSAGE][PASSED] - Delayed 1 second(s)

2019-04-22 15:30:55 - [TEST_STEP][PASSED] - click(findTestObject("Object Repository/Page_KiboEngage  Upload Contacts/h3_Upload Contacts (1)")): Object: 'Object Repository/Page_KiboEngage  Upload Contacts/h3_Upload Contacts (1)' is clicked on

2019-04-22 15:30:55 - [MESSAGE][PASSED] - Object: 'Object Repository/Page_KiboEngage  Upload Contacts/h3_Upload Contacts (1)' is clicked on

2019-04-22 15:30:55 - [TEST_STEP][PASSED] - click(findTestObject("Object Repository/Page_KiboEngage  Upload Contacts/button_Submit")): Object: 'Object Repository/Page_KiboEngage  Upload Contacts/button_Submit' is clicked on

2019-04-22 15:30:55 - [MESSAGE][PASSED] - Object: 'Object Repository/Page_KiboEngage  Upload Contacts/button_Submit' is clicked on

2019-04-22 15:30:55 - [TEST_STEP][PASSED] - click(findTestObject("Object Repository/Page_KiboEngage  Upload Contacts/div_Please upload a file or enter numbers manually")): Object: 'Object Repository/Page_KiboEngage  Upload Contacts/div_Please upload a file or enter numbers manually' is clicked on

2019-04-22 15:30:55 - [MESSAGE][PASSED] - Object: 'Object Repository/Page_KiboEngage  Upload Contacts/div_Please upload a file or enter numbers manually' is clicked on]]></system-out>
         <system-err><![CDATA[]]></system-err>
      </testcase>
      <testcase name="Test Cases/SMS/upload contacts/TC11156" classname="Test Cases/SMS/upload contacts/TC11156" status="PASSED">
         <system-out><![CDATA[2019-04-22 15:30:55 - [TEST_CASE][PASSED] - Test Cases/SMS/upload contacts/TC11156: Test Cases/SMS/upload contacts/TC11156

2019-04-22 15:30:56 - [TEST_STEP][PASSED] - click(findTestObject("Page_KiboPush  Dashboard/span_Dashboard")): Object: 'Object Repository/Page_KiboPush  Dashboard/span_Dashboard' is clicked on

2019-04-22 15:30:56 - [MESSAGE][PASSED] - Object: 'Object Repository/Page_KiboPush  Dashboard/span_Dashboard' is clicked on

2019-04-22 15:30:56 - [TEST_STEP][PASSED] - delay(1): Delayed 1 second(s)

2019-04-22 15:30:57 - [MESSAGE][PASSED] - Delayed 1 second(s)

2019-04-22 15:30:57 - [TEST_STEP][PASSED] - click(findTestObject("Object Repository/Page_KiboEngage  Dashboard/span_Upload Contacts")): Object: 'Object Repository/Page_KiboEngage  Dashboard/span_Upload Contacts' is clicked on

2019-04-22 15:30:57 - [MESSAGE][PASSED] - Object: 'Object Repository/Page_KiboEngage  Dashboard/span_Upload Contacts' is clicked on

2019-04-22 15:30:57 - [TEST_STEP][PASSED] - delay(1): Delayed 1 second(s)

2019-04-22 15:30:58 - [MESSAGE][PASSED] - Delayed 1 second(s)

2019-04-22 15:30:58 - [TEST_STEP][PASSED] - click(findTestObject("Object Repository/Page_KiboEngage  Upload Contacts/h3_Upload Contacts (1) (1)")): Object: 'Object Repository/Page_KiboEngage  Upload Contacts/h3_Upload Contacts (1) (1)' is clicked on

2019-04-22 15:30:58 - [MESSAGE][PASSED] - Object: 'Object Repository/Page_KiboEngage  Upload Contacts/h3_Upload Contacts (1) (1)' is clicked on

2019-04-22 15:30:58 - [TEST_STEP][PASSED] - click(findTestObject("Object Repository/Page_KiboEngage  Upload Contacts/button_Enter phone numbers manually")): Object: 'Object Repository/Page_KiboEngage  Upload Contacts/button_Enter phone numbers manually' is clicked on

2019-04-22 15:30:58 - [MESSAGE][PASSED] - Object: 'Object Repository/Page_KiboEngage  Upload Contacts/button_Enter phone numbers manually' is clicked on

2019-04-22 15:30:58 - [TEST_STEP][PASSED] - click(findTestObject("Object Repository/Page_KiboEngage  Upload Contacts/button_Add")): Object: 'Object Repository/Page_KiboEngage  Upload Contacts/button_Add' is clicked on

2019-04-22 15:30:58 - [MESSAGE][PASSED] - Object: 'Object Repository/Page_KiboEngage  Upload Contacts/button_Add' is clicked on

2019-04-22 15:30:58 - [TEST_STEP][PASSED] - click(findTestObject("Object Repository/Page_KiboEngage  Upload Contacts/span_Please fill all the fields")): Object: 'Object Repository/Page_KiboEngage  Upload Contacts/span_Please fill all the fields' is clicked on

2019-04-22 15:30:58 - [MESSAGE][PASSED] - Object: 'Object Repository/Page_KiboEngage  Upload Contacts/span_Please fill all the fields' is clicked on]]></system-out>
         <system-err><![CDATA[]]></system-err>
      </testcase>
      <testcase name="Test Cases/SMS/upload contacts/TC11157" classname="Test Cases/SMS/upload contacts/TC11157" status="PASSED">
         <system-out><![CDATA[2019-04-22 15:30:58 - [TEST_CASE][PASSED] - Test Cases/SMS/upload contacts/TC11157: Test Cases/SMS/upload contacts/TC11157

2019-04-22 15:30:58 - [TEST_STEP][PASSED] - click(findTestObject("Page_KiboPush  Dashboard/span_Dashboard")): Object: 'Object Repository/Page_KiboPush  Dashboard/span_Dashboard' is clicked on

2019-04-22 15:30:59 - [MESSAGE][PASSED] - Object: 'Object Repository/Page_KiboPush  Dashboard/span_Dashboard' is clicked on

2019-04-22 15:30:59 - [TEST_STEP][PASSED] - delay(1): Delayed 1 second(s)

2019-04-22 15:31:00 - [MESSAGE][PASSED] - Delayed 1 second(s)

2019-04-22 15:31:00 - [TEST_STEP][PASSED] - click(findTestObject("Object Repository/Page_KiboEngage  Dashboard/span_Upload Contacts")): Object: 'Object Repository/Page_KiboEngage  Dashboard/span_Upload Contacts' is clicked on

2019-04-22 15:31:00 - [MESSAGE][PASSED] - Object: 'Object Repository/Page_KiboEngage  Dashboard/span_Upload Contacts' is clicked on

2019-04-22 15:31:00 - [TEST_STEP][PASSED] - delay(1): Delayed 1 second(s)

2019-04-22 15:31:01 - [MESSAGE][PASSED] - Delayed 1 second(s)

2019-04-22 15:31:01 - [TEST_STEP][PASSED] - click(findTestObject("Object Repository/Page_KiboEngage  Upload Contacts/h3_Upload Contacts (1) (1) (1)")): Object: 'Object Repository/Page_KiboEngage  Upload Contacts/h3_Upload Contacts (1) (1) (1)' is clicked on

2019-04-22 15:31:01 - [MESSAGE][PASSED] - Object: 'Object Repository/Page_KiboEngage  Upload Contacts/h3_Upload Contacts (1) (1) (1)' is clicked on

2019-04-22 15:31:01 - [TEST_STEP][PASSED] - click(findTestObject("Object Repository/Page_KiboEngage  Upload Contacts/button_Enter phone numbers manually (1)")): Object: 'Object Repository/Page_KiboEngage  Upload Contacts/button_Enter phone numbers manually (1)' is clicked on

2019-04-22 15:31:01 - [MESSAGE][PASSED] - Object: 'Object Repository/Page_KiboEngage  Upload Contacts/button_Enter phone numbers manually (1)' is clicked on

2019-04-22 15:31:01 - [TEST_STEP][PASSED] - setText(findTestObject("Page_KiboEngage  Upload Contacts/input_Upload Contacts_form-control m-input"), "+923333739566"): Text '+923333739566' is set on object 'Object Repository/Page_KiboEngage  Upload Contacts/input_Upload Contacts_form-control m-input'

2019-04-22 15:31:01 - [MESSAGE][PASSED] - Text '+923333739566' is set on object 'Object Repository/Page_KiboEngage  Upload Contacts/input_Upload Contacts_form-control m-input'

2019-04-22 15:31:01 - [TEST_STEP][PASSED] - click(findTestObject("Object Repository/Page_KiboEngage  Upload Contacts/button_Add (1)")): Object: 'Object Repository/Page_KiboEngage  Upload Contacts/button_Add (1)' is clicked on

2019-04-22 15:31:01 - [MESSAGE][PASSED] - Object: 'Object Repository/Page_KiboEngage  Upload Contacts/button_Add (1)' is clicked on

2019-04-22 15:31:01 - [TEST_STEP][PASSED] - click(findTestObject("Object Repository/Page_KiboEngage  Upload Contacts/span_Please fill all the fields (1)")): Object: 'Object Repository/Page_KiboEngage  Upload Contacts/span_Please fill all the fields (1)' is clicked on

2019-04-22 15:31:01 - [MESSAGE][PASSED] - Object: 'Object Repository/Page_KiboEngage  Upload Contacts/span_Please fill all the fields (1)' is clicked on]]></system-out>
         <system-err><![CDATA[]]></system-err>
      </testcase>
      <testcase name="Test Cases/SMS/upload contacts/TC11158" classname="Test Cases/SMS/upload contacts/TC11158" status="PASSED">
         <system-out><![CDATA[2019-04-22 15:31:01 - [TEST_CASE][PASSED] - Test Cases/SMS/upload contacts/TC11158: Test Cases/SMS/upload contacts/TC11158

2019-04-22 15:31:01 - [TEST_STEP][PASSED] - click(findTestObject("Page_KiboPush  Dashboard/span_Dashboard")): Object: 'Object Repository/Page_KiboPush  Dashboard/span_Dashboard' is clicked on

2019-04-22 15:31:02 - [MESSAGE][PASSED] - Object: 'Object Repository/Page_KiboPush  Dashboard/span_Dashboard' is clicked on

2019-04-22 15:31:02 - [TEST_STEP][PASSED] - delay(1): Delayed 1 second(s)

2019-04-22 15:31:03 - [MESSAGE][PASSED] - Delayed 1 second(s)

2019-04-22 15:31:03 - [TEST_STEP][PASSED] - click(findTestObject("Object Repository/Page_KiboEngage  Dashboard/span_Upload Contacts")): Object: 'Object Repository/Page_KiboEngage  Dashboard/span_Upload Contacts' is clicked on

2019-04-22 15:31:03 - [MESSAGE][PASSED] - Object: 'Object Repository/Page_KiboEngage  Dashboard/span_Upload Contacts' is clicked on

2019-04-22 15:31:03 - [TEST_STEP][PASSED] - delay(1): Delayed 1 second(s)

2019-04-22 15:31:04 - [MESSAGE][PASSED] - Delayed 1 second(s)

2019-04-22 15:31:04 - [TEST_STEP][PASSED] - click(findTestObject("Page_KiboEngage  Upload Contacts/h3_Upload Contacts (1) (1) (1) (1)")): Object: 'Object Repository/Page_KiboEngage  Upload Contacts/h3_Upload Contacts (1) (1) (1) (1)' is clicked on

2019-04-22 15:31:04 - [MESSAGE][PASSED] - Object: 'Object Repository/Page_KiboEngage  Upload Contacts/h3_Upload Contacts (1) (1) (1) (1)' is clicked on

2019-04-22 15:31:04 - [TEST_STEP][PASSED] - click(findTestObject("Page_KiboEngage  Upload Contacts/button_Enter phone numbers manually (1) (1)")): Object: 'Object Repository/Page_KiboEngage  Upload Contacts/button_Enter phone numbers manually (1) (1)' is clicked on

2019-04-22 15:31:04 - [MESSAGE][PASSED] - Object: 'Object Repository/Page_KiboEngage  Upload Contacts/button_Enter phone numbers manually (1) (1)' is clicked on

2019-04-22 15:31:04 - [TEST_STEP][PASSED] - click(findTestObject("Page_KiboEngage  Upload Contacts/button_Add (1) (1)")): Object: 'Object Repository/Page_KiboEngage  Upload Contacts/button_Add (1) (1)' is clicked on

2019-04-22 15:31:04 - [MESSAGE][PASSED] - Object: 'Object Repository/Page_KiboEngage  Upload Contacts/button_Add (1) (1)' is clicked on

2019-04-22 15:31:04 - [TEST_STEP][PASSED] - click(findTestObject("Page_KiboEngage  Upload Contacts/span_Please fill all the fields (1) (1)")): Object: 'Object Repository/Page_KiboEngage  Upload Contacts/span_Please fill all the fields (1) (1)' is clicked on

2019-04-22 15:31:04 - [MESSAGE][PASSED] - Object: 'Object Repository/Page_KiboEngage  Upload Contacts/span_Please fill all the fields (1) (1)' is clicked on

2019-04-22 15:31:04 - [TEST_STEP][PASSED] - setText(findTestObject("Page_KiboEngage  Upload Contacts/input_Upload Contacts_form-control m-input (1)"), "Faizan"): Text 'Faizan' is set on object 'Object Repository/Page_KiboEngage  Upload Contacts/input_Upload Contacts_form-control m-input (1)'

2019-04-22 15:31:04 - [MESSAGE][PASSED] - Text 'Faizan' is set on object 'Object Repository/Page_KiboEngage  Upload Contacts/input_Upload Contacts_form-control m-input (1)'

2019-04-22 15:31:04 - [TEST_STEP][PASSED] - click(findTestObject("Page_KiboEngage  Upload Contacts/button_Add (2)")): Object: 'Object Repository/Page_KiboEngage  Upload Contacts/button_Add (2)' is clicked on

2019-04-22 15:31:04 - [MESSAGE][PASSED] - Object: 'Object Repository/Page_KiboEngage  Upload Contacts/button_Add (2)' is clicked on

2019-04-22 15:31:04 - [TEST_STEP][PASSED] - click(findTestObject("Page_KiboEngage  Upload Contacts/span_Please fill all the fields (2)")): Object: 'Object Repository/Page_KiboEngage  Upload Contacts/span_Please fill all the fields (2)' is clicked on

2019-04-22 15:31:04 - [MESSAGE][PASSED] - Object: 'Object Repository/Page_KiboEngage  Upload Contacts/span_Please fill all the fields (2)' is clicked on]]></system-out>
         <system-err><![CDATA[]]></system-err>
      </testcase>
      <testcase name="Test Cases/SMS/upload contacts/TC11159" classname="Test Cases/SMS/upload contacts/TC11159" status="PASSED">
         <system-out><![CDATA[2019-04-22 15:31:04 - [TEST_CASE][PASSED] - Test Cases/SMS/upload contacts/TC11159: Test Cases/SMS/upload contacts/TC11159

2019-04-22 15:31:04 - [TEST_STEP][PASSED] - click(findTestObject("Page_KiboPush  Dashboard/span_Dashboard")): Object: 'Object Repository/Page_KiboPush  Dashboard/span_Dashboard' is clicked on

2019-04-22 15:31:05 - [MESSAGE][PASSED] - Object: 'Object Repository/Page_KiboPush  Dashboard/span_Dashboard' is clicked on

2019-04-22 15:31:05 - [TEST_STEP][PASSED] - delay(1): Delayed 1 second(s)

2019-04-22 15:31:06 - [MESSAGE][PASSED] - Delayed 1 second(s)

2019-04-22 15:31:06 - [TEST_STEP][PASSED] - click(findTestObject("Object Repository/Page_KiboEngage  Dashboard/span_Upload Contacts")): Object: 'Object Repository/Page_KiboEngage  Dashboard/span_Upload Contacts' is clicked on

2019-04-22 15:31:06 - [MESSAGE][PASSED] - Object: 'Object Repository/Page_KiboEngage  Dashboard/span_Upload Contacts' is clicked on

2019-04-22 15:31:06 - [TEST_STEP][PASSED] - delay(1): Delayed 1 second(s)

2019-04-22 15:31:07 - [MESSAGE][PASSED] - Delayed 1 second(s)

2019-04-22 15:31:07 - [TEST_STEP][PASSED] - click(findTestObject("Object Repository/Page_KiboEngage  Upload Contacts/h3_Upload Contacts (1) (1) (1) (1) (1)")): Object: 'Object Repository/Page_KiboEngage  Upload Contacts/h3_Upload Contacts (1) (1) (1) (1) (1)' is clicked on

2019-04-22 15:31:07 - [MESSAGE][PASSED] - Object: 'Object Repository/Page_KiboEngage  Upload Contacts/h3_Upload Contacts (1) (1) (1) (1) (1)' is clicked on

2019-04-22 15:31:07 - [TEST_STEP][PASSED] - click(findTestObject("Object Repository/Page_KiboEngage  Upload Contacts/button_Enter phone numbers manually (1) (1) (1)")): Object: 'Object Repository/Page_KiboEngage  Upload Contacts/button_Enter phone numbers manually (1) (1) (1)' is clicked on

2019-04-22 15:31:07 - [MESSAGE][PASSED] - Object: 'Object Repository/Page_KiboEngage  Upload Contacts/button_Enter phone numbers manually (1) (1) (1)' is clicked on

2019-04-22 15:31:07 - [TEST_STEP][PASSED] - click(findTestObject("Object Repository/Page_KiboEngage  Upload Contacts/button_Add (1) (1) (1)")): Object: 'Object Repository/Page_KiboEngage  Upload Contacts/button_Add (1) (1) (1)' is clicked on

2019-04-22 15:31:07 - [MESSAGE][PASSED] - Object: 'Object Repository/Page_KiboEngage  Upload Contacts/button_Add (1) (1) (1)' is clicked on

2019-04-22 15:31:07 - [TEST_STEP][PASSED] - click(findTestObject("Object Repository/Page_KiboEngage  Upload Contacts/span_Please fill all the fields (1) (1) (1)")): Object: 'Object Repository/Page_KiboEngage  Upload Contacts/span_Please fill all the fields (1) (1) (1)' is clicked on

2019-04-22 15:31:07 - [MESSAGE][PASSED] - Object: 'Object Repository/Page_KiboEngage  Upload Contacts/span_Please fill all the fields (1) (1) (1)' is clicked on

2019-04-22 15:31:07 - [TEST_STEP][PASSED] - setText(findTestObject("Object Repository/Page_KiboEngage  Upload Contacts/input_Upload Contacts_form-control m-input (1) (1)"), "Faizan"): Text 'Faizan' is set on object 'Object Repository/Page_KiboEngage  Upload Contacts/input_Upload Contacts_form-control m-input (1) (1)'

2019-04-22 15:31:07 - [MESSAGE][PASSED] - Text 'Faizan' is set on object 'Object Repository/Page_KiboEngage  Upload Contacts/input_Upload Contacts_form-control m-input (1) (1)'

2019-04-22 15:31:07 - [TEST_STEP][PASSED] - setText(findTestObject("Object Repository/Page_KiboEngage  Upload Contacts/input_Upload Contacts_form-control m-input (2)"), "923333739566"): Text '923333739566' is set on object 'Object Repository/Page_KiboEngage  Upload Contacts/input_Upload Contacts_form-control m-input (2)'

2019-04-22 15:31:07 - [MESSAGE][PASSED] - Text '923333739566' is set on object 'Object Repository/Page_KiboEngage  Upload Contacts/input_Upload Contacts_form-control m-input (2)'

2019-04-22 15:31:07 - [TEST_STEP][PASSED] - click(findTestObject("Object Repository/Page_KiboEngage  Upload Contacts/button_Add (2) (1)")): Object: 'Object Repository/Page_KiboEngage  Upload Contacts/button_Add (2) (1)' is clicked on

2019-04-22 15:31:07 - [MESSAGE][PASSED] - Object: 'Object Repository/Page_KiboEngage  Upload Contacts/button_Add (2) (1)' is clicked on

2019-04-22 15:31:07 - [TEST_STEP][PASSED] - click(findTestObject("Object Repository/Page_KiboEngage  Upload Contacts/span_This number is invalid Please enter a valid number")): Object: 'Object Repository/Page_KiboEngage  Upload Contacts/span_This number is invalid Please enter a valid number' is clicked on

2019-04-22 15:31:07 - [MESSAGE][PASSED] - Object: 'Object Repository/Page_KiboEngage  Upload Contacts/span_This number is invalid Please enter a valid number' is clicked on]]></system-out>
         <system-err><![CDATA[]]></system-err>
      </testcase>
      <testcase name="Test Cases/SMS/upload contacts/TC11160" classname="Test Cases/SMS/upload contacts/TC11160" status="PASSED">
         <system-out><![CDATA[2019-04-22 15:31:07 - [TEST_CASE][PASSED] - Test Cases/SMS/upload contacts/TC11160: Test Cases/SMS/upload contacts/TC11160

2019-04-22 15:31:08 - [TEST_STEP][PASSED] - click(findTestObject("Page_KiboPush  Dashboard/span_Dashboard")): Object: 'Object Repository/Page_KiboPush  Dashboard/span_Dashboard' is clicked on

2019-04-22 15:31:08 - [MESSAGE][PASSED] - Object: 'Object Repository/Page_KiboPush  Dashboard/span_Dashboard' is clicked on

2019-04-22 15:31:08 - [TEST_STEP][PASSED] - delay(1): Delayed 1 second(s)

2019-04-22 15:31:09 - [MESSAGE][PASSED] - Delayed 1 second(s)

2019-04-22 15:31:09 - [TEST_STEP][PASSED] - click(findTestObject("Object Repository/Page_KiboEngage  Dashboard/span_Upload Contacts")): Object: 'Object Repository/Page_KiboEngage  Dashboard/span_Upload Contacts' is clicked on

2019-04-22 15:31:09 - [MESSAGE][PASSED] - Object: 'Object Repository/Page_KiboEngage  Dashboard/span_Upload Contacts' is clicked on

2019-04-22 15:31:09 - [TEST_STEP][PASSED] - delay(1): Delayed 1 second(s)

2019-04-22 15:31:10 - [MESSAGE][PASSED] - Delayed 1 second(s)

2019-04-22 15:31:10 - [TEST_STEP][PASSED] - click(findTestObject("Object Repository/Page_KiboEngage  Upload Contacts/h3_Upload Contacts (1) (1) (1) (1) (1) (1)")): Object: 'Object Repository/Page_KiboEngage  Upload Contacts/h3_Upload Contacts (1) (1) (1) (1) (1) (1)' is clicked on

2019-04-22 15:31:10 - [MESSAGE][PASSED] - Object: 'Object Repository/Page_KiboEngage  Upload Contacts/h3_Upload Contacts (1) (1) (1) (1) (1) (1)' is clicked on

2019-04-22 15:31:10 - [TEST_STEP][PASSED] - click(findTestObject("Object Repository/Page_KiboEngage  Upload Contacts/button_Enter phone numbers manually (1) (1) (1) (1)")): Object: 'Object Repository/Page_KiboEngage  Upload Contacts/button_Enter phone numbers manually (1) (1) (1) (1)' is clicked on

2019-04-22 15:31:10 - [MESSAGE][PASSED] - Object: 'Object Repository/Page_KiboEngage  Upload Contacts/button_Enter phone numbers manually (1) (1) (1) (1)' is clicked on

2019-04-22 15:31:10 - [TEST_STEP][PASSED] - click(findTestObject("Object Repository/Page_KiboEngage  Upload Contacts/button_Add (1) (1) (1) (1)")): Object: 'Object Repository/Page_KiboEngage  Upload Contacts/button_Add (1) (1) (1) (1)' is clicked on

2019-04-22 15:31:10 - [MESSAGE][PASSED] - Object: 'Object Repository/Page_KiboEngage  Upload Contacts/button_Add (1) (1) (1) (1)' is clicked on

2019-04-22 15:31:10 - [TEST_STEP][PASSED] - click(findTestObject("Object Repository/Page_KiboEngage  Upload Contacts/span_Please fill all the fields (1) (1) (1) (1)")): Object: 'Object Repository/Page_KiboEngage  Upload Contacts/span_Please fill all the fields (1) (1) (1) (1)' is clicked on

2019-04-22 15:31:10 - [MESSAGE][PASSED] - Object: 'Object Repository/Page_KiboEngage  Upload Contacts/span_Please fill all the fields (1) (1) (1) (1)' is clicked on

2019-04-22 15:31:10 - [TEST_STEP][PASSED] - setText(findTestObject("Object Repository/Page_KiboEngage  Upload Contacts/input_Upload Contacts_form-control m-input (1) (1) (1)"), "Faizan"): Text 'Faizan' is set on object 'Object Repository/Page_KiboEngage  Upload Contacts/input_Upload Contacts_form-control m-input (1) (1) (1)'

2019-04-22 15:31:10 - [MESSAGE][PASSED] - Text 'Faizan' is set on object 'Object Repository/Page_KiboEngage  Upload Contacts/input_Upload Contacts_form-control m-input (1) (1) (1)'

2019-04-22 15:31:10 - [TEST_STEP][PASSED] - setText(findTestObject("Object Repository/Page_KiboEngage  Upload Contacts/input_Upload Contacts_form-control m-input (2) (1)"), "+923333739566"): Text '+923333739566' is set on object 'Object Repository/Page_KiboEngage  Upload Contacts/input_Upload Contacts_form-control m-input (2) (1)'

2019-04-22 15:31:10 - [MESSAGE][PASSED] - Text '+923333739566' is set on object 'Object Repository/Page_KiboEngage  Upload Contacts/input_Upload Contacts_form-control m-input (2) (1)'

2019-04-22 15:31:10 - [TEST_STEP][PASSED] - click(findTestObject("Object Repository/Page_KiboEngage  Upload Contacts/button_Add (2) (1) (1)")): Object: 'Object Repository/Page_KiboEngage  Upload Contacts/button_Add (2) (1) (1)' is clicked on

2019-04-22 15:31:11 - [MESSAGE][PASSED] - Object: 'Object Repository/Page_KiboEngage  Upload Contacts/button_Add (2) (1) (1)' is clicked on

2019-04-22 15:31:11 - [TEST_STEP][PASSED] - click(findTestObject("Object Repository/Page_KiboEngage  Upload Contacts/button_Submit (1)")): Object: 'Object Repository/Page_KiboEngage  Upload Contacts/button_Submit (1)' is clicked on

2019-04-22 15:31:11 - [MESSAGE][PASSED] - Object: 'Object Repository/Page_KiboEngage  Upload Contacts/button_Submit (1)' is clicked on

2019-04-22 15:31:11 - [TEST_STEP][PASSED] - click(findTestObject("Object Repository/Page_KiboEngage  Upload Contacts/div_Contacts saved successfully")): Object: 'Object Repository/Page_KiboEngage  Upload Contacts/div_Contacts saved successfully' is clicked on

2019-04-22 15:31:11 - [MESSAGE][PASSED] - Object: 'Object Repository/Page_KiboEngage  Upload Contacts/div_Contacts saved successfully' is clicked on]]></system-out>
         <system-err><![CDATA[]]></system-err>
      </testcase>
      <testcase name="Test Cases/SMS/upload contacts/TC11161" classname="Test Cases/SMS/upload contacts/TC11161" status="PASSED">
         <system-out><![CDATA[2019-04-22 15:31:11 - [TEST_CASE][PASSED] - Test Cases/SMS/upload contacts/TC11161: Test Cases/SMS/upload contacts/TC11161

2019-04-22 15:31:11 - [TEST_STEP][PASSED] - click(findTestObject("Page_KiboPush  Dashboard/span_Dashboard")): Object: 'Object Repository/Page_KiboPush  Dashboard/span_Dashboard' is clicked on

2019-04-22 15:31:11 - [MESSAGE][PASSED] - Object: 'Object Repository/Page_KiboPush  Dashboard/span_Dashboard' is clicked on

2019-04-22 15:31:11 - [TEST_STEP][PASSED] - delay(1): Delayed 1 second(s)

2019-04-22 15:31:12 - [MESSAGE][PASSED] - Delayed 1 second(s)

2019-04-22 15:31:12 - [TEST_STEP][PASSED] - click(findTestObject("Object Repository/Page_KiboEngage  Dashboard/span_Upload Contacts")): Object: 'Object Repository/Page_KiboEngage  Dashboard/span_Upload Contacts' is clicked on

2019-04-22 15:31:13 - [MESSAGE][PASSED] - Object: 'Object Repository/Page_KiboEngage  Dashboard/span_Upload Contacts' is clicked on

2019-04-22 15:31:13 - [TEST_STEP][PASSED] - delay(1): Delayed 1 second(s)

2019-04-22 15:31:14 - [MESSAGE][PASSED] - Delayed 1 second(s)

2019-04-22 15:31:14 - [TEST_STEP][PASSED] - click(findTestObject("Object Repository/Page_KiboEngage  Upload Contacts/h3_Upload Contacts (1) (1) (1) (1) (1) (1) (1)")): Object: 'Object Repository/Page_KiboEngage  Upload Contacts/h3_Upload Contacts (1) (1) (1) (1) (1) (1) (1)' is clicked on

2019-04-22 15:31:14 - [MESSAGE][PASSED] - Object: 'Object Repository/Page_KiboEngage  Upload Contacts/h3_Upload Contacts (1) (1) (1) (1) (1) (1) (1)' is clicked on

2019-04-22 15:31:14 - [TEST_STEP][PASSED] - click(findTestObject("Object Repository/Page_KiboEngage  Upload Contacts/button_Enter phone numbers manually (1) (1) (1) (1) (1)")): Object: 'Object Repository/Page_KiboEngage  Upload Contacts/button_Enter phone numbers manually (1) (1) (1) (1) (1)' is clicked on

2019-04-22 15:31:14 - [MESSAGE][PASSED] - Object: 'Object Repository/Page_KiboEngage  Upload Contacts/button_Enter phone numbers manually (1) (1) (1) (1) (1)' is clicked on

2019-04-22 15:31:14 - [TEST_STEP][PASSED] - click(findTestObject("Object Repository/Page_KiboEngage  Upload Contacts/button_Add (1) (1) (1) (1) (1)")): Object: 'Object Repository/Page_KiboEngage  Upload Contacts/button_Add (1) (1) (1) (1) (1)' is clicked on

2019-04-22 15:31:14 - [MESSAGE][PASSED] - Object: 'Object Repository/Page_KiboEngage  Upload Contacts/button_Add (1) (1) (1) (1) (1)' is clicked on

2019-04-22 15:31:14 - [TEST_STEP][PASSED] - click(findTestObject("Object Repository/Page_KiboEngage  Upload Contacts/span_Please fill all the fields (1) (1) (1) (1) (1)")): Object: 'Object Repository/Page_KiboEngage  Upload Contacts/span_Please fill all the fields (1) (1) (1) (1) (1)' is clicked on

2019-04-22 15:31:14 - [MESSAGE][PASSED] - Object: 'Object Repository/Page_KiboEngage  Upload Contacts/span_Please fill all the fields (1) (1) (1) (1) (1)' is clicked on

2019-04-22 15:31:14 - [TEST_STEP][PASSED] - setText(findTestObject("Object Repository/Page_KiboEngage  Upload Contacts/input_Upload Contacts_form-control m-input (1) (1) (1) (1)"), "Faizan"): Text 'Faizan' is set on object 'Object Repository/Page_KiboEngage  Upload Contacts/input_Upload Contacts_form-control m-input (1) (1) (1) (1)'

2019-04-22 15:31:14 - [MESSAGE][PASSED] - Text 'Faizan' is set on object 'Object Repository/Page_KiboEngage  Upload Contacts/input_Upload Contacts_form-control m-input (1) (1) (1) (1)'

2019-04-22 15:31:14 - [TEST_STEP][PASSED] - setText(findTestObject("Object Repository/Page_KiboEngage  Upload Contacts/input_Upload Contacts_form-control m-input (2) (1) (1)"), "+923333739566"): Text '+923333739566' is set on object 'Object Repository/Page_KiboEngage  Upload Contacts/input_Upload Contacts_form-control m-input (2) (1) (1)'

2019-04-22 15:31:14 - [MESSAGE][PASSED] - Text '+923333739566' is set on object 'Object Repository/Page_KiboEngage  Upload Contacts/input_Upload Contacts_form-control m-input (2) (1) (1)'

2019-04-22 15:31:14 - [TEST_STEP][PASSED] - click(findTestObject("Object Repository/Page_KiboEngage  Upload Contacts/button_Add (2) (1) (1) (1)")): Object: 'Object Repository/Page_KiboEngage  Upload Contacts/button_Add (2) (1) (1) (1)' is clicked on

2019-04-22 15:31:14 - [MESSAGE][PASSED] - Object: 'Object Repository/Page_KiboEngage  Upload Contacts/button_Add (2) (1) (1) (1)' is clicked on

2019-04-22 15:31:14 - [TEST_STEP][PASSED] - setText(findTestObject("Object Repository/Page_KiboEngage  Upload Contacts/input_Upload Contacts_form-control m-input (1) (1) (1) (1)"), "Faizan"): Text 'Faizan' is set on object 'Object Repository/Page_KiboEngage  Upload Contacts/input_Upload Contacts_form-control m-input (1) (1) (1) (1)'

2019-04-22 15:31:14 - [MESSAGE][PASSED] - Text 'Faizan' is set on object 'Object Repository/Page_KiboEngage  Upload Contacts/input_Upload Contacts_form-control m-input (1) (1) (1) (1)'

2019-04-22 15:31:14 - [TEST_STEP][PASSED] - setText(findTestObject("Object Repository/Page_KiboEngage  Upload Contacts/input_Upload Contacts_form-control m-input (2) (1) (1)"), "+923333739566"): Text '+923333739566' is set on object 'Object Repository/Page_KiboEngage  Upload Contacts/input_Upload Contacts_form-control m-input (2) (1) (1)'

2019-04-22 15:31:15 - [MESSAGE][PASSED] - Text '+923333739566' is set on object 'Object Repository/Page_KiboEngage  Upload Contacts/input_Upload Contacts_form-control m-input (2) (1) (1)'

2019-04-22 15:31:15 - [TEST_STEP][PASSED] - click(findTestObject("Object Repository/Page_KiboEngage  Upload Contacts/button_Add (2) (1) (1) (1)")): Object: 'Object Repository/Page_KiboEngage  Upload Contacts/button_Add (2) (1) (1) (1)' is clicked on

2019-04-22 15:31:15 - [MESSAGE][PASSED] - Object: 'Object Repository/Page_KiboEngage  Upload Contacts/button_Add (2) (1) (1) (1)' is clicked on

2019-04-22 15:31:15 - [TEST_STEP][PASSED] - click(findTestObject("Object Repository/Page_KiboEngage  Upload Contacts/span_This number is already added")): Object: 'Object Repository/Page_KiboEngage  Upload Contacts/span_This number is already added' is clicked on

2019-04-22 15:31:15 - [MESSAGE][PASSED] - Object: 'Object Repository/Page_KiboEngage  Upload Contacts/span_This number is already added' is clicked on]]></system-out>
         <system-err><![CDATA[]]></system-err>
      </testcase>
      <testcase name="Test Cases/SMS/upload contacts/TC11162" classname="Test Cases/SMS/upload contacts/TC11162" status="PASSED">
         <system-out><![CDATA[2019-04-22 15:31:15 - [TEST_CASE][PASSED] - Test Cases/SMS/upload contacts/TC11162: Test Cases/SMS/upload contacts/TC11162

2019-04-22 15:31:15 - [TEST_STEP][PASSED] - click(findTestObject("Page_KiboPush  Dashboard/span_Dashboard")): Object: 'Object Repository/Page_KiboPush  Dashboard/span_Dashboard' is clicked on

2019-04-22 15:31:15 - [MESSAGE][PASSED] - Object: 'Object Repository/Page_KiboPush  Dashboard/span_Dashboard' is clicked on

2019-04-22 15:31:15 - [TEST_STEP][PASSED] - delay(1): Delayed 1 second(s)

2019-04-22 15:31:16 - [MESSAGE][PASSED] - Delayed 1 second(s)

2019-04-22 15:31:16 - [TEST_STEP][PASSED] - click(findTestObject("Object Repository/Page_KiboEngage  Dashboard/span_Upload Contacts")): Object: 'Object Repository/Page_KiboEngage  Dashboard/span_Upload Contacts' is clicked on

2019-04-22 15:31:16 - [MESSAGE][PASSED] - Object: 'Object Repository/Page_KiboEngage  Dashboard/span_Upload Contacts' is clicked on

2019-04-22 15:31:16 - [TEST_STEP][PASSED] - delay(1): Delayed 1 second(s)

2019-04-22 15:31:17 - [MESSAGE][PASSED] - Delayed 1 second(s)

2019-04-22 15:31:17 - [TEST_STEP][PASSED] - click(findTestObject("Object Repository/Page_KiboEngage  Upload Contacts/h3_Upload Contacts (1) (1) (1) (1) (1) (1) (1) (1)")): Object: 'Object Repository/Page_KiboEngage  Upload Contacts/h3_Upload Contacts (1) (1) (1) (1) (1) (1) (1) (1)' is clicked on

2019-04-22 15:31:17 - [MESSAGE][PASSED] - Object: 'Object Repository/Page_KiboEngage  Upload Contacts/h3_Upload Contacts (1) (1) (1) (1) (1) (1) (1) (1)' is clicked on

2019-04-22 15:31:17 - [TEST_STEP][PASSED] - click(findTestObject("Object Repository/Page_KiboEngage  Upload Contacts/button_Enter phone numbers manually (1) (1) (1) (1) (1) (1)")): Object: 'Object Repository/Page_KiboEngage  Upload Contacts/button_Enter phone numbers manually (1) (1) (1) (1) (1) (1)' is clicked on

2019-04-22 15:31:17 - [MESSAGE][PASSED] - Object: 'Object Repository/Page_KiboEngage  Upload Contacts/button_Enter phone numbers manually (1) (1) (1) (1) (1) (1)' is clicked on

2019-04-22 15:31:17 - [TEST_STEP][PASSED] - click(findTestObject("Object Repository/Page_KiboEngage  Upload Contacts/button_Back")): Object: 'Object Repository/Page_KiboEngage  Upload Contacts/button_Back' is clicked on

2019-04-22 15:31:17 - [MESSAGE][PASSED] - Object: 'Object Repository/Page_KiboEngage  Upload Contacts/button_Back' is clicked on]]></system-out>
         <system-err><![CDATA[]]></system-err>
      </testcase>
      <testcase name="Test Cases/SMS/upload contacts/TC11163" classname="Test Cases/SMS/upload contacts/TC11163" status="PASSED">
         <system-out><![CDATA[2019-04-22 15:31:17 - [TEST_CASE][PASSED] - Test Cases/SMS/upload contacts/TC11163: Test Cases/SMS/upload contacts/TC11163

2019-04-22 15:31:17 - [TEST_STEP][PASSED] - click(findTestObject("Page_KiboPush  Dashboard/span_Dashboard")): Object: 'Object Repository/Page_KiboPush  Dashboard/span_Dashboard' is clicked on

2019-04-22 15:31:17 - [MESSAGE][PASSED] - Object: 'Object Repository/Page_KiboPush  Dashboard/span_Dashboard' is clicked on

2019-04-22 15:31:17 - [TEST_STEP][PASSED] - delay(1): Delayed 1 second(s)

2019-04-22 15:31:18 - [MESSAGE][PASSED] - Delayed 1 second(s)

2019-04-22 15:31:18 - [TEST_STEP][PASSED] - click(findTestObject("Object Repository/Page_KiboEngage  Dashboard/span_Upload Contacts")): Object: 'Object Repository/Page_KiboEngage  Dashboard/span_Upload Contacts' is clicked on

2019-04-22 15:31:19 - [MESSAGE][PASSED] - Object: 'Object Repository/Page_KiboEngage  Dashboard/span_Upload Contacts' is clicked on

2019-04-22 15:31:19 - [TEST_STEP][PASSED] - delay(1): Delayed 1 second(s)

2019-04-22 15:31:20 - [MESSAGE][PASSED] - Delayed 1 second(s)

2019-04-22 15:31:20 - [TEST_STEP][PASSED] - click(findTestObject("Object Repository/Page_KiboEngage  Upload Contacts/h3_Upload Contacts (1) (1) (1) (1) (1) (1) (1) (2)")): Object: 'Object Repository/Page_KiboEngage  Upload Contacts/h3_Upload Contacts (1) (1) (1) (1) (1) (1) (1) (2)' is clicked on

2019-04-22 15:31:20 - [MESSAGE][PASSED] - Object: 'Object Repository/Page_KiboEngage  Upload Contacts/h3_Upload Contacts (1) (1) (1) (1) (1) (1) (1) (2)' is clicked on

2019-04-22 15:31:20 - [TEST_STEP][PASSED] - click(findTestObject("Object Repository/Page_KiboEngage  Upload Contacts/button_Enter phone numbers manually (1) (1) (1) (1) (1) (2)")): Object: 'Object Repository/Page_KiboEngage  Upload Contacts/button_Enter phone numbers manually (1) (1) (1) (1) (1) (2)' is clicked on

2019-04-22 15:31:20 - [MESSAGE][PASSED] - Object: 'Object Repository/Page_KiboEngage  Upload Contacts/button_Enter phone numbers manually (1) (1) (1) (1) (1) (2)' is clicked on

2019-04-22 15:31:20 - [TEST_STEP][PASSED] - click(findTestObject("Object Repository/Page_KiboEngage  Upload Contacts/button_Add (1) (1) (1) (1) (1) (1)")): Object: 'Object Repository/Page_KiboEngage  Upload Contacts/button_Add (1) (1) (1) (1) (1) (1)' is clicked on

2019-04-22 15:31:20 - [MESSAGE][PASSED] - Object: 'Object Repository/Page_KiboEngage  Upload Contacts/button_Add (1) (1) (1) (1) (1) (1)' is clicked on

2019-04-22 15:31:20 - [TEST_STEP][PASSED] - click(findTestObject("Object Repository/Page_KiboEngage  Upload Contacts/span_Please fill all the fields (1) (1) (1) (1) (1) (1)")): Object: 'Object Repository/Page_KiboEngage  Upload Contacts/span_Please fill all the fields (1) (1) (1) (1) (1) (1)' is clicked on

2019-04-22 15:31:20 - [MESSAGE][PASSED] - Object: 'Object Repository/Page_KiboEngage  Upload Contacts/span_Please fill all the fields (1) (1) (1) (1) (1) (1)' is clicked on

2019-04-22 15:31:20 - [TEST_STEP][PASSED] - setText(findTestObject("Object Repository/Page_KiboEngage  Upload Contacts/input_Upload Contacts_form-control m-input (1) (1) (1) (1) (1)"), "Faizan"): Text 'Faizan' is set on object 'Object Repository/Page_KiboEngage  Upload Contacts/input_Upload Contacts_form-control m-input (1) (1) (1) (1) (1)'

2019-04-22 15:31:20 - [MESSAGE][PASSED] - Text 'Faizan' is set on object 'Object Repository/Page_KiboEngage  Upload Contacts/input_Upload Contacts_form-control m-input (1) (1) (1) (1) (1)'

2019-04-22 15:31:20 - [TEST_STEP][PASSED] - setText(findTestObject("Object Repository/Page_KiboEngage  Upload Contacts/input_Upload Contacts_form-control m-input (2) (1) (1) (1)"), "+923333739566"): Text '+923333739566' is set on object 'Object Repository/Page_KiboEngage  Upload Contacts/input_Upload Contacts_form-control m-input (2) (1) (1) (1)'

2019-04-22 15:31:20 - [MESSAGE][PASSED] - Text '+923333739566' is set on object 'Object Repository/Page_KiboEngage  Upload Contacts/input_Upload Contacts_form-control m-input (2) (1) (1) (1)'

2019-04-22 15:31:20 - [TEST_STEP][PASSED] - click(findTestObject("Object Repository/Page_KiboEngage  Upload Contacts/button_Add (2) (1) (1) (1) (1)")): Object: 'Object Repository/Page_KiboEngage  Upload Contacts/button_Add (2) (1) (1) (1) (1)' is clicked on

2019-04-22 15:31:20 - [MESSAGE][PASSED] - Object: 'Object Repository/Page_KiboEngage  Upload Contacts/button_Add (2) (1) (1) (1) (1)' is clicked on

2019-04-22 15:31:20 - [TEST_STEP][PASSED] - click(findTestObject("Object Repository/Page_KiboEngage  Upload Contacts/i_Faizan_fa fa-times-circle")): Object: 'Object Repository/Page_KiboEngage  Upload Contacts/i_Faizan_fa fa-times-circle' is clicked on

2019-04-22 15:31:21 - [MESSAGE][PASSED] - Object: 'Object Repository/Page_KiboEngage  Upload Contacts/i_Faizan_fa fa-times-circle' is clicked on]]></system-out>
         <system-err><![CDATA[]]></system-err>
      </testcase>
      <testcase name="Test Cases/SMS/sms broadcast/TC11171" classname="Test Cases/SMS/sms broadcast/TC11171" status="PASSED">
         <system-out><![CDATA[2019-04-22 15:31:21 - [TEST_CASE][PASSED] - Test Cases/SMS/sms broadcast/TC11171: Test Cases/SMS/sms broadcast/TC11171

2019-04-22 15:31:21 - [TEST_STEP][PASSED] - click(findTestObject("Page_KiboPush  Dashboard/span_Dashboard")): Object: 'Object Repository/Page_KiboPush  Dashboard/span_Dashboard' is clicked on

2019-04-22 15:31:21 - [MESSAGE][PASSED] - Object: 'Object Repository/Page_KiboPush  Dashboard/span_Dashboard' is clicked on

2019-04-22 15:31:21 - [TEST_STEP][PASSED] - delay(1): Delayed 1 second(s)

2019-04-22 15:31:22 - [MESSAGE][PASSED] - Delayed 1 second(s)

2019-04-22 15:31:22 - [TEST_STEP][PASSED] - click(findTestObject("Page_KiboEngage  Dashboard/span_Broadcasting (1)")): Object: 'Object Repository/Page_KiboEngage  Dashboard/span_Broadcasting (1)' is clicked on

2019-04-22 15:31:22 - [MESSAGE][PASSED] - Object: 'Object Repository/Page_KiboEngage  Dashboard/span_Broadcasting (1)' is clicked on

2019-04-22 15:31:22 - [TEST_STEP][PASSED] - delay(1): Delayed 1 second(s)

2019-04-22 15:31:23 - [MESSAGE][PASSED] - Delayed 1 second(s)

2019-04-22 15:31:23 - [TEST_STEP][PASSED] - click(findTestObject("Object Repository/Page_KiboEngage  Dashboard/span_Broadcasts")): Object: 'Object Repository/Page_KiboEngage  Dashboard/span_Broadcasts' is clicked on

2019-04-22 15:31:23 - [MESSAGE][PASSED] - Object: 'Object Repository/Page_KiboEngage  Dashboard/span_Broadcasts' is clicked on

2019-04-22 15:31:23 - [TEST_STEP][PASSED] - delay(1): Delayed 1 second(s)

2019-04-22 15:31:24 - [MESSAGE][PASSED] - Delayed 1 second(s)

2019-04-22 15:31:24 - [TEST_STEP][PASSED] - click(findTestObject("Object Repository/Page_KiboEngage  Broadcasts/h3_Broadcasts")): Object: 'Object Repository/Page_KiboEngage  Broadcasts/h3_Broadcasts' is clicked on

2019-04-22 15:31:24 - [MESSAGE][PASSED] - Object: 'Object Repository/Page_KiboEngage  Broadcasts/h3_Broadcasts' is clicked on]]></system-out>
         <system-err><![CDATA[]]></system-err>
      </testcase>
      <testcase name="Test Cases/SMS/sms broadcast/TC11172" classname="Test Cases/SMS/sms broadcast/TC11172" status="PASSED">
         <system-out><![CDATA[2019-04-22 15:31:24 - [TEST_CASE][PASSED] - Test Cases/SMS/sms broadcast/TC11172: Test Cases/SMS/sms broadcast/TC11172

2019-04-22 15:31:24 - [TEST_STEP][PASSED] - click(findTestObject("Page_KiboPush  Dashboard/span_Dashboard")): Object: 'Object Repository/Page_KiboPush  Dashboard/span_Dashboard' is clicked on

2019-04-22 15:31:24 - [MESSAGE][PASSED] - Object: 'Object Repository/Page_KiboPush  Dashboard/span_Dashboard' is clicked on

2019-04-22 15:31:24 - [TEST_STEP][PASSED] - delay(1): Delayed 1 second(s)

2019-04-22 15:31:25 - [MESSAGE][PASSED] - Delayed 1 second(s)

2019-04-22 15:31:25 - [TEST_STEP][PASSED] - click(findTestObject("Object Repository/Page_KiboEngage  Dashboard/span_Broadcasts")): Object: 'Object Repository/Page_KiboEngage  Dashboard/span_Broadcasts' is clicked on

2019-04-22 15:31:25 - [MESSAGE][PASSED] - Object: 'Object Repository/Page_KiboEngage  Dashboard/span_Broadcasts' is clicked on

2019-04-22 15:31:25 - [TEST_STEP][PASSED] - delay(1): Delayed 1 second(s)

2019-04-22 15:31:26 - [MESSAGE][PASSED] - Delayed 1 second(s)

2019-04-22 15:31:26 - [TEST_STEP][PASSED] - click(findTestObject("Object Repository/Page_KiboEngage  Broadcasts/h3_Broadcasts")): Object: 'Object Repository/Page_KiboEngage  Broadcasts/h3_Broadcasts' is clicked on

2019-04-22 15:31:26 - [MESSAGE][PASSED] - Object: 'Object Repository/Page_KiboEngage  Broadcasts/h3_Broadcasts' is clicked on

2019-04-22 15:31:26 - [TEST_STEP][PASSED] - delay(1): Delayed 1 second(s)

2019-04-22 15:31:27 - [MESSAGE][PASSED] - Delayed 1 second(s)

2019-04-22 15:31:27 - [TEST_STEP][PASSED] - driver = getWebDriver(): null

2019-04-22 15:31:27 - [TEST_STEP][PASSED] - Table = driver.findElement(By.xpath("//*[@id="ajax_data"]/table/tbody")): null

2019-04-22 15:31:27 - [TEST_STEP][PASSED] - rows_table = Table.findElements(By.tagName("tr")): null

2019-04-22 15:31:27 - [TEST_STEP][PASSED] - verifyGreaterThanOrEqual(rows_table.size(), 1): Actual number '10' is greater than or equal to expected number '1'

2019-04-22 15:31:27 - [MESSAGE][PASSED] - Actual number '10' is greater than or equal to expected number '1']]></system-out>
         <system-err><![CDATA[]]></system-err>
      </testcase>
      <testcase name="Test Cases/SMS/sms broadcast/TC11173" classname="Test Cases/SMS/sms broadcast/TC11173" status="PASSED">
         <system-out><![CDATA[2019-04-22 15:31:27 - [TEST_CASE][PASSED] - Test Cases/SMS/sms broadcast/TC11173: Test Cases/SMS/sms broadcast/TC11173

2019-04-22 15:31:28 - [TEST_STEP][PASSED] - click(findTestObject("Page_KiboPush  Dashboard/span_Dashboard")): Object: 'Object Repository/Page_KiboPush  Dashboard/span_Dashboard' is clicked on

2019-04-22 15:31:28 - [MESSAGE][PASSED] - Object: 'Object Repository/Page_KiboPush  Dashboard/span_Dashboard' is clicked on

2019-04-22 15:31:28 - [TEST_STEP][PASSED] - delay(1): Delayed 1 second(s)

2019-04-22 15:31:29 - [MESSAGE][PASSED] - Delayed 1 second(s)

2019-04-22 15:31:29 - [TEST_STEP][PASSED] - click(findTestObject("Object Repository/Page_KiboEngage  Dashboard/span_Broadcasts")): Object: 'Object Repository/Page_KiboEngage  Dashboard/span_Broadcasts' is clicked on

2019-04-22 15:31:29 - [MESSAGE][PASSED] - Object: 'Object Repository/Page_KiboEngage  Dashboard/span_Broadcasts' is clicked on

2019-04-22 15:31:29 - [TEST_STEP][PASSED] - delay(1): Delayed 1 second(s)

2019-04-22 15:31:30 - [MESSAGE][PASSED] - Delayed 1 second(s)

2019-04-22 15:31:30 - [TEST_STEP][PASSED] - click(findTestObject("Object Repository/Page_KiboEngage  Broadcasts/h3_Broadcasts")): Object: 'Object Repository/Page_KiboEngage  Broadcasts/h3_Broadcasts' is clicked on

2019-04-22 15:31:30 - [MESSAGE][PASSED] - Object: 'Object Repository/Page_KiboEngage  Broadcasts/h3_Broadcasts' is clicked on

2019-04-22 15:31:30 - [TEST_STEP][PASSED] - delay(1): Delayed 1 second(s)

2019-04-22 15:31:31 - [MESSAGE][PASSED] - Delayed 1 second(s)]]></system-out>
         <system-err><![CDATA[]]></system-err>
      </testcase>
      <testcase name="Test Cases/SMS/sms broadcast/TC11174" classname="Test Cases/SMS/sms broadcast/TC11174" status="PASSED">
         <system-out><![CDATA[2019-04-22 15:31:31 - [TEST_CASE][PASSED] - Test Cases/SMS/sms broadcast/TC11174: Test Cases/SMS/sms broadcast/TC11174

2019-04-22 15:31:31 - [TEST_STEP][PASSED] - click(findTestObject("Page_KiboPush  Dashboard/span_Dashboard")): Object: 'Object Repository/Page_KiboPush  Dashboard/span_Dashboard' is clicked on

2019-04-22 15:31:31 - [MESSAGE][PASSED] - Object: 'Object Repository/Page_KiboPush  Dashboard/span_Dashboard' is clicked on

2019-04-22 15:31:31 - [TEST_STEP][PASSED] - delay(1): Delayed 1 second(s)

2019-04-22 15:31:32 - [MESSAGE][PASSED] - Delayed 1 second(s)

2019-04-22 15:31:32 - [TEST_STEP][PASSED] - click(findTestObject("Object Repository/Page_KiboEngage  Dashboard/span_Broadcasts")): Object: 'Object Repository/Page_KiboEngage  Dashboard/span_Broadcasts' is clicked on

2019-04-22 15:31:32 - [MESSAGE][PASSED] - Object: 'Object Repository/Page_KiboEngage  Dashboard/span_Broadcasts' is clicked on

2019-04-22 15:31:32 - [TEST_STEP][PASSED] - delay(1): Delayed 1 second(s)

2019-04-22 15:31:33 - [MESSAGE][PASSED] - Delayed 1 second(s)

2019-04-22 15:31:33 - [TEST_STEP][PASSED] - click(findTestObject("Object Repository/Page_KiboEngage  Broadcasts/h3_Broadcasts")): Object: 'Object Repository/Page_KiboEngage  Broadcasts/h3_Broadcasts' is clicked on

2019-04-22 15:31:33 - [MESSAGE][PASSED] - Object: 'Object Repository/Page_KiboEngage  Broadcasts/h3_Broadcasts' is clicked on

2019-04-22 15:31:33 - [TEST_STEP][PASSED] - delay(1): Delayed 1 second(s)

2019-04-22 15:31:34 - [MESSAGE][PASSED] - Delayed 1 second(s)]]></system-out>
         <system-err><![CDATA[]]></system-err>
      </testcase>
      <testcase name="Test Cases/SMS/sms broadcast/TC11175" classname="Test Cases/SMS/sms broadcast/TC11175" status="PASSED">
         <system-out><![CDATA[2019-04-22 15:31:34 - [TEST_CASE][PASSED] - Test Cases/SMS/sms broadcast/TC11175: Test Cases/SMS/sms broadcast/TC11175

2019-04-22 15:31:34 - [TEST_STEP][PASSED] - click(findTestObject("Page_KiboPush  Dashboard/span_Dashboard")): Object: 'Object Repository/Page_KiboPush  Dashboard/span_Dashboard' is clicked on

2019-04-22 15:31:34 - [MESSAGE][PASSED] - Object: 'Object Repository/Page_KiboPush  Dashboard/span_Dashboard' is clicked on

2019-04-22 15:31:34 - [TEST_STEP][PASSED] - delay(1): Delayed 1 second(s)

2019-04-22 15:31:35 - [MESSAGE][PASSED] - Delayed 1 second(s)

2019-04-22 15:31:35 - [TEST_STEP][PASSED] - click(findTestObject("Object Repository/Page_KiboEngage  Dashboard/span_Broadcasts")): Object: 'Object Repository/Page_KiboEngage  Dashboard/span_Broadcasts' is clicked on

2019-04-22 15:31:35 - [MESSAGE][PASSED] - Object: 'Object Repository/Page_KiboEngage  Dashboard/span_Broadcasts' is clicked on

2019-04-22 15:31:35 - [TEST_STEP][PASSED] - delay(1): Delayed 1 second(s)

2019-04-22 15:31:36 - [MESSAGE][PASSED] - Delayed 1 second(s)

2019-04-22 15:31:36 - [TEST_STEP][PASSED] - click(findTestObject("Object Repository/Page_KiboEngage  Broadcasts/h3_Broadcasts")): Object: 'Object Repository/Page_KiboEngage  Broadcasts/h3_Broadcasts' is clicked on

2019-04-22 15:31:36 - [MESSAGE][PASSED] - Object: 'Object Repository/Page_KiboEngage  Broadcasts/h3_Broadcasts' is clicked on

2019-04-22 15:31:36 - [TEST_STEP][PASSED] - delay(1): Delayed 1 second(s)

2019-04-22 15:31:37 - [MESSAGE][PASSED] - Delayed 1 second(s)]]></system-out>
         <system-err><![CDATA[]]></system-err>
      </testcase>
      <testcase name="Test Cases/SMS/sms broadcast/TC11176" classname="Test Cases/SMS/sms broadcast/TC11176" status="PASSED">
         <system-out><![CDATA[2019-04-22 15:31:37 - [TEST_CASE][PASSED] - Test Cases/SMS/sms broadcast/TC11176: Test Cases/SMS/sms broadcast/TC11176

2019-04-22 15:31:38 - [TEST_STEP][PASSED] - click(findTestObject("Page_KiboPush  Dashboard/span_Dashboard")): Object: 'Object Repository/Page_KiboPush  Dashboard/span_Dashboard' is clicked on

2019-04-22 15:31:38 - [MESSAGE][PASSED] - Object: 'Object Repository/Page_KiboPush  Dashboard/span_Dashboard' is clicked on

2019-04-22 15:31:38 - [TEST_STEP][PASSED] - delay(1): Delayed 1 second(s)

2019-04-22 15:31:39 - [MESSAGE][PASSED] - Delayed 1 second(s)

2019-04-22 15:31:39 - [TEST_STEP][PASSED] - click(findTestObject("Object Repository/Page_KiboEngage  Dashboard/span_Broadcasts")): Object: 'Object Repository/Page_KiboEngage  Dashboard/span_Broadcasts' is clicked on

2019-04-22 15:31:39 - [MESSAGE][PASSED] - Object: 'Object Repository/Page_KiboEngage  Dashboard/span_Broadcasts' is clicked on

2019-04-22 15:31:39 - [TEST_STEP][PASSED] - delay(1): Delayed 1 second(s)

2019-04-22 15:31:40 - [MESSAGE][PASSED] - Delayed 1 second(s)

2019-04-22 15:31:40 - [TEST_STEP][PASSED] - click(findTestObject("Object Repository/Page_KiboEngage  Broadcasts/h3_Broadcasts (1) (1) (1)")): Object: 'Object Repository/Page_KiboEngage  Broadcasts/h3_Broadcasts (1) (1) (1)' is clicked on

2019-04-22 15:31:40 - [MESSAGE][PASSED] - Object: 'Object Repository/Page_KiboEngage  Broadcasts/h3_Broadcasts (1) (1) (1)' is clicked on

2019-04-22 15:31:40 - [TEST_STEP][PASSED] - delay(1): Delayed 1 second(s)

2019-04-22 15:31:41 - [MESSAGE][PASSED] - Delayed 1 second(s)

2019-04-22 15:31:41 - [TEST_STEP][PASSED] - click(findTestObject("Object Repository/Page_KiboEngage  Broadcasts/span_Create New (1) (1)")): Object: 'Object Repository/Page_KiboEngage  Broadcasts/span_Create New (1) (1)' is clicked on

2019-04-22 15:31:41 - [MESSAGE][PASSED] - Object: 'Object Repository/Page_KiboEngage  Broadcasts/span_Create New (1) (1)' is clicked on

2019-04-22 15:31:41 - [TEST_STEP][PASSED] - click(findTestObject("Object Repository/Page_KiboEngage  Broadcasts/button_Create New Broadcast (1) (1)")): Object: 'Object Repository/Page_KiboEngage  Broadcasts/button_Create New Broadcast (1) (1)' is clicked on

2019-04-22 15:31:41 - [MESSAGE][PASSED] - Object: 'Object Repository/Page_KiboEngage  Broadcasts/button_Create New Broadcast (1) (1)' is clicked on]]></system-out>
         <system-err><![CDATA[]]></system-err>
      </testcase>
      <testcase name="Test Cases/SMS/sms broadcast/TC11177" classname="Test Cases/SMS/sms broadcast/TC11177" status="PASSED">
         <system-out><![CDATA[2019-04-22 15:31:41 - [TEST_CASE][PASSED] - Test Cases/SMS/sms broadcast/TC11177: Test Cases/SMS/sms broadcast/TC11177

2019-04-22 15:31:41 - [TEST_STEP][PASSED] - click(findTestObject("Page_KiboPush  Dashboard/span_Dashboard")): Object: 'Object Repository/Page_KiboPush  Dashboard/span_Dashboard' is clicked on

2019-04-22 15:31:41 - [MESSAGE][PASSED] - Object: 'Object Repository/Page_KiboPush  Dashboard/span_Dashboard' is clicked on

2019-04-22 15:31:41 - [TEST_STEP][PASSED] - delay(1): Delayed 1 second(s)

2019-04-22 15:31:42 - [MESSAGE][PASSED] - Delayed 1 second(s)

2019-04-22 15:31:42 - [TEST_STEP][PASSED] - click(findTestObject("Object Repository/Page_KiboEngage  Dashboard/span_Broadcasts")): Object: 'Object Repository/Page_KiboEngage  Dashboard/span_Broadcasts' is clicked on

2019-04-22 15:31:42 - [MESSAGE][PASSED] - Object: 'Object Repository/Page_KiboEngage  Dashboard/span_Broadcasts' is clicked on

2019-04-22 15:31:42 - [TEST_STEP][PASSED] - delay(1): Delayed 1 second(s)

2019-04-22 15:31:43 - [MESSAGE][PASSED] - Delayed 1 second(s)

2019-04-22 15:31:43 - [TEST_STEP][PASSED] - click(findTestObject("Object Repository/Page_KiboEngage  Broadcasts/h3_Broadcasts (1)")): Object: 'Object Repository/Page_KiboEngage  Broadcasts/h3_Broadcasts (1)' is clicked on

2019-04-22 15:31:43 - [MESSAGE][PASSED] - Object: 'Object Repository/Page_KiboEngage  Broadcasts/h3_Broadcasts (1)' is clicked on

2019-04-22 15:31:43 - [TEST_STEP][PASSED] - delay(1): Delayed 1 second(s)

2019-04-22 15:31:44 - [MESSAGE][PASSED] - Delayed 1 second(s)

2019-04-22 15:31:44 - [TEST_STEP][PASSED] - click(findTestObject("Object Repository/Page_KiboEngage  Broadcasts/span_Create New")): Object: 'Object Repository/Page_KiboEngage  Broadcasts/span_Create New' is clicked on

2019-04-22 15:31:45 - [MESSAGE][PASSED] - Object: 'Object Repository/Page_KiboEngage  Broadcasts/span_Create New' is clicked on

2019-04-22 15:31:45 - [TEST_STEP][PASSED] - click(findTestObject("Object Repository/Page_KiboEngage  Broadcasts/button_Create New Broadcast")): Object: 'Object Repository/Page_KiboEngage  Broadcasts/button_Create New Broadcast' is clicked on

2019-04-22 15:31:45 - [MESSAGE][PASSED] - Object: 'Object Repository/Page_KiboEngage  Broadcasts/button_Create New Broadcast' is clicked on

2019-04-22 15:31:45 - [TEST_STEP][PASSED] - delay(1): Delayed 1 second(s)

2019-04-22 15:31:46 - [MESSAGE][PASSED] - Delayed 1 second(s)

2019-04-22 15:31:46 - [TEST_STEP][PASSED] - click(findTestObject("Object Repository/Page_KiboEngage  Broadcasts/span_Send")): Object: 'Object Repository/Page_KiboEngage  Broadcasts/span_Send' is clicked on

2019-04-22 15:31:46 - [MESSAGE][PASSED] - Object: 'Object Repository/Page_KiboEngage  Broadcasts/span_Send' is clicked on

2019-04-22 15:31:46 - [TEST_STEP][PASSED] - click(findTestObject("Object Repository/Page_KiboEngage  Broadcasts/div_Please enter the title of the broadcast")): Object: 'Object Repository/Page_KiboEngage  Broadcasts/div_Please enter the title of the broadcast' is clicked on

2019-04-22 15:31:46 - [MESSAGE][PASSED] - Object: 'Object Repository/Page_KiboEngage  Broadcasts/div_Please enter the title of the broadcast' is clicked on]]></system-out>
         <system-err><![CDATA[]]></system-err>
      </testcase>
      <testcase name="Test Cases/SMS/sms broadcast/TC11178" classname="Test Cases/SMS/sms broadcast/TC11178" status="PASSED">
         <system-out><![CDATA[2019-04-22 15:31:46 - [TEST_CASE][PASSED] - Test Cases/SMS/sms broadcast/TC11178: Test Cases/SMS/sms broadcast/TC11178

2019-04-22 15:31:46 - [TEST_STEP][PASSED] - click(findTestObject("Page_KiboPush  Dashboard/span_Dashboard")): Object: 'Object Repository/Page_KiboPush  Dashboard/span_Dashboard' is clicked on

2019-04-22 15:31:46 - [MESSAGE][PASSED] - Object: 'Object Repository/Page_KiboPush  Dashboard/span_Dashboard' is clicked on

2019-04-22 15:31:46 - [TEST_STEP][PASSED] - delay(1): Delayed 1 second(s)

2019-04-22 15:31:47 - [MESSAGE][PASSED] - Delayed 1 second(s)

2019-04-22 15:31:47 - [TEST_STEP][PASSED] - click(findTestObject("Object Repository/Page_KiboEngage  Dashboard/span_Broadcasts")): Object: 'Object Repository/Page_KiboEngage  Dashboard/span_Broadcasts' is clicked on

2019-04-22 15:31:47 - [MESSAGE][PASSED] - Object: 'Object Repository/Page_KiboEngage  Dashboard/span_Broadcasts' is clicked on

2019-04-22 15:31:47 - [TEST_STEP][PASSED] - delay(1): Delayed 1 second(s)

2019-04-22 15:31:48 - [MESSAGE][PASSED] - Delayed 1 second(s)

2019-04-22 15:31:48 - [TEST_STEP][PASSED] - click(findTestObject("Page_KiboEngage  Broadcasts/h3_Broadcasts (1) (1)")): Object: 'Object Repository/Page_KiboEngage  Broadcasts/h3_Broadcasts (1) (1)' is clicked on

2019-04-22 15:31:48 - [MESSAGE][PASSED] - Object: 'Object Repository/Page_KiboEngage  Broadcasts/h3_Broadcasts (1) (1)' is clicked on

2019-04-22 15:31:48 - [TEST_STEP][PASSED] - delay(1): Delayed 1 second(s)

2019-04-22 15:31:49 - [MESSAGE][PASSED] - Delayed 1 second(s)

2019-04-22 15:31:49 - [TEST_STEP][PASSED] - click(findTestObject("Page_KiboEngage  Broadcasts/span_Create New (1)")): Object: 'Object Repository/Page_KiboEngage  Broadcasts/span_Create New (1)' is clicked on

2019-04-22 15:31:49 - [MESSAGE][PASSED] - Object: 'Object Repository/Page_KiboEngage  Broadcasts/span_Create New (1)' is clicked on

2019-04-22 15:31:49 - [TEST_STEP][PASSED] - click(findTestObject("Page_KiboEngage  Broadcasts/button_Create New Broadcast (1)")): Object: 'Object Repository/Page_KiboEngage  Broadcasts/button_Create New Broadcast (1)' is clicked on

2019-04-22 15:31:49 - [MESSAGE][PASSED] - Object: 'Object Repository/Page_KiboEngage  Broadcasts/button_Create New Broadcast (1)' is clicked on

2019-04-22 15:31:49 - [TEST_STEP][PASSED] - delay(1): Delayed 1 second(s)

2019-04-22 15:31:50 - [MESSAGE][PASSED] - Delayed 1 second(s)

2019-04-22 15:31:50 - [TEST_STEP][PASSED] - setText(findTestObject("Page_KiboEngage  Broadcasts/textarea_HELLO"), "HELLO"): Text 'HELLO' is set on object 'Object Repository/Page_KiboEngage  Broadcasts/textarea_HELLO'

2019-04-22 15:31:51 - [MESSAGE][PASSED] - Text 'HELLO' is set on object 'Object Repository/Page_KiboEngage  Broadcasts/textarea_HELLO'

2019-04-22 15:31:51 - [TEST_STEP][PASSED] - click(findTestObject("Page_KiboEngage  Broadcasts/span_Send (1)")): Object: 'Object Repository/Page_KiboEngage  Broadcasts/span_Send (1)' is clicked on

2019-04-22 15:31:51 - [MESSAGE][PASSED] - Object: 'Object Repository/Page_KiboEngage  Broadcasts/span_Send (1)' is clicked on

2019-04-22 15:31:51 - [TEST_STEP][PASSED] - click(findTestObject("Page_KiboEngage  Broadcasts/div_Please enter the title of the broadcast (1)")): Object: 'Object Repository/Page_KiboEngage  Broadcasts/div_Please enter the title of the broadcast (1)' is clicked on

2019-04-22 15:31:51 - [MESSAGE][PASSED] - Object: 'Object Repository/Page_KiboEngage  Broadcasts/div_Please enter the title of the broadcast (1)' is clicked on]]></system-out>
         <system-err><![CDATA[]]></system-err>
      </testcase>
      <testcase name="Test Cases/SMS/sms broadcast/TC11179" classname="Test Cases/SMS/sms broadcast/TC11179" status="PASSED">
         <system-out><![CDATA[2019-04-22 15:31:51 - [TEST_CASE][PASSED] - Test Cases/SMS/sms broadcast/TC11179: Test Cases/SMS/sms broadcast/TC11179

2019-04-22 15:31:51 - [TEST_STEP][PASSED] - click(findTestObject("Page_KiboPush  Dashboard/span_Dashboard")): Object: 'Object Repository/Page_KiboPush  Dashboard/span_Dashboard' is clicked on

2019-04-22 15:31:51 - [MESSAGE][PASSED] - Object: 'Object Repository/Page_KiboPush  Dashboard/span_Dashboard' is clicked on

2019-04-22 15:31:51 - [TEST_STEP][PASSED] - delay(1): Delayed 1 second(s)

2019-04-22 15:31:52 - [MESSAGE][PASSED] - Delayed 1 second(s)

2019-04-22 15:31:52 - [TEST_STEP][PASSED] - click(findTestObject("Object Repository/Page_KiboEngage  Dashboard/span_Broadcasts")): Object: 'Object Repository/Page_KiboEngage  Dashboard/span_Broadcasts' is clicked on

2019-04-22 15:31:52 - [MESSAGE][PASSED] - Object: 'Object Repository/Page_KiboEngage  Dashboard/span_Broadcasts' is clicked on

2019-04-22 15:31:52 - [TEST_STEP][PASSED] - delay(1): Delayed 1 second(s)

2019-04-22 15:31:53 - [MESSAGE][PASSED] - Delayed 1 second(s)

2019-04-22 15:31:53 - [TEST_STEP][PASSED] - click(findTestObject("Object Repository/Page_KiboEngage  Broadcasts/h3_Broadcasts (1) (1) (1)")): Object: 'Object Repository/Page_KiboEngage  Broadcasts/h3_Broadcasts (1) (1) (1)' is clicked on

2019-04-22 15:31:53 - [MESSAGE][PASSED] - Object: 'Object Repository/Page_KiboEngage  Broadcasts/h3_Broadcasts (1) (1) (1)' is clicked on

2019-04-22 15:31:53 - [TEST_STEP][PASSED] - delay(1): Delayed 1 second(s)

2019-04-22 15:31:54 - [MESSAGE][PASSED] - Delayed 1 second(s)

2019-04-22 15:31:54 - [TEST_STEP][PASSED] - click(findTestObject("Object Repository/Page_KiboEngage  Broadcasts/span_Create New (1) (1)")): Object: 'Object Repository/Page_KiboEngage  Broadcasts/span_Create New (1) (1)' is clicked on

2019-04-22 15:31:54 - [MESSAGE][PASSED] - Object: 'Object Repository/Page_KiboEngage  Broadcasts/span_Create New (1) (1)' is clicked on

2019-04-22 15:31:54 - [TEST_STEP][PASSED] - click(findTestObject("Object Repository/Page_KiboEngage  Broadcasts/button_Create New Broadcast (1) (1)")): Object: 'Object Repository/Page_KiboEngage  Broadcasts/button_Create New Broadcast (1) (1)' is clicked on

2019-04-22 15:31:54 - [MESSAGE][PASSED] - Object: 'Object Repository/Page_KiboEngage  Broadcasts/button_Create New Broadcast (1) (1)' is clicked on

2019-04-22 15:31:54 - [TEST_STEP][PASSED] - delay(1): Delayed 1 second(s)

2019-04-22 15:31:55 - [MESSAGE][PASSED] - Delayed 1 second(s)

2019-04-22 15:31:55 - [TEST_STEP][PASSED] - setText(findTestObject("Object Repository/Page_KiboEngage  Broadcasts/input_Push Message_form-control m-input"), "faizan"): Text 'faizan' is set on object 'Object Repository/Page_KiboEngage  Broadcasts/input_Push Message_form-control m-input'

2019-04-22 15:31:56 - [MESSAGE][PASSED] - Text 'faizan' is set on object 'Object Repository/Page_KiboEngage  Broadcasts/input_Push Message_form-control m-input'

2019-04-22 15:31:56 - [TEST_STEP][PASSED] - click(findTestObject("Object Repository/Page_KiboEngage  Broadcasts/span_Send (2)")): Object: 'Object Repository/Page_KiboEngage  Broadcasts/span_Send (2)' is clicked on

2019-04-22 15:31:56 - [MESSAGE][PASSED] - Object: 'Object Repository/Page_KiboEngage  Broadcasts/span_Send (2)' is clicked on

2019-04-22 15:31:56 - [TEST_STEP][PASSED] - click(findTestObject("Object Repository/Page_KiboEngage  Broadcasts/div_Please enter the message to send")): Object: 'Object Repository/Page_KiboEngage  Broadcasts/div_Please enter the message to send' is clicked on

2019-04-22 15:31:56 - [MESSAGE][PASSED] - Object: 'Object Repository/Page_KiboEngage  Broadcasts/div_Please enter the message to send' is clicked on]]></system-out>
         <system-err><![CDATA[]]></system-err>
      </testcase>
      <testcase name="Test Cases/SMS/sms broadcast/TC11181" classname="Test Cases/SMS/sms broadcast/TC11181" status="PASSED">
         <system-out><![CDATA[2019-04-22 15:31:56 - [TEST_CASE][PASSED] - Test Cases/SMS/sms broadcast/TC11181: Test Cases/SMS/sms broadcast/TC11181

2019-04-22 15:31:56 - [TEST_STEP][PASSED] - click(findTestObject("Page_KiboPush  Dashboard/span_Dashboard")): Object: 'Object Repository/Page_KiboPush  Dashboard/span_Dashboard' is clicked on

2019-04-22 15:31:56 - [MESSAGE][PASSED] - Object: 'Object Repository/Page_KiboPush  Dashboard/span_Dashboard' is clicked on

2019-04-22 15:31:56 - [TEST_STEP][PASSED] - delay(1): Delayed 1 second(s)

2019-04-22 15:31:57 - [MESSAGE][PASSED] - Delayed 1 second(s)

2019-04-22 15:31:57 - [TEST_STEP][PASSED] - click(findTestObject("Object Repository/Page_KiboEngage  Dashboard/span_Broadcasts")): Object: 'Object Repository/Page_KiboEngage  Dashboard/span_Broadcasts' is clicked on

2019-04-22 15:31:57 - [MESSAGE][PASSED] - Object: 'Object Repository/Page_KiboEngage  Dashboard/span_Broadcasts' is clicked on

2019-04-22 15:31:57 - [TEST_STEP][PASSED] - delay(1): Delayed 1 second(s)

2019-04-22 15:31:58 - [MESSAGE][PASSED] - Delayed 1 second(s)

2019-04-22 15:31:58 - [TEST_STEP][PASSED] - click(findTestObject("Object Repository/Page_KiboEngage  Broadcasts/h3_Broadcasts (1) (1) (1) (1)")): Object: 'Object Repository/Page_KiboEngage  Broadcasts/h3_Broadcasts (1) (1) (1) (1)' is clicked on

2019-04-22 15:31:58 - [MESSAGE][PASSED] - Object: 'Object Repository/Page_KiboEngage  Broadcasts/h3_Broadcasts (1) (1) (1) (1)' is clicked on

2019-04-22 15:31:58 - [TEST_STEP][PASSED] - delay(1): Delayed 1 second(s)

2019-04-22 15:31:59 - [MESSAGE][PASSED] - Delayed 1 second(s)

2019-04-22 15:31:59 - [TEST_STEP][PASSED] - click(findTestObject("Object Repository/Page_KiboEngage  Broadcasts/span_Create New (1) (1) (1)")): Object: 'Object Repository/Page_KiboEngage  Broadcasts/span_Create New (1) (1) (1)' is clicked on

2019-04-22 15:31:59 - [MESSAGE][PASSED] - Object: 'Object Repository/Page_KiboEngage  Broadcasts/span_Create New (1) (1) (1)' is clicked on

2019-04-22 15:31:59 - [TEST_STEP][PASSED] - click(findTestObject("Object Repository/Page_KiboEngage  Broadcasts/button_Create New Broadcast (1) (1) (1)")): Object: 'Object Repository/Page_KiboEngage  Broadcasts/button_Create New Broadcast (1) (1) (1)' is clicked on

2019-04-22 15:31:59 - [MESSAGE][PASSED] - Object: 'Object Repository/Page_KiboEngage  Broadcasts/button_Create New Broadcast (1) (1) (1)' is clicked on

2019-04-22 15:31:59 - [TEST_STEP][PASSED] - delay(1): Delayed 1 second(s)

2019-04-22 15:32:00 - [MESSAGE][PASSED] - Delayed 1 second(s)

2019-04-22 15:32:00 - [TEST_STEP][PASSED] - setText(findTestObject("Object Repository/Page_KiboEngage  Broadcasts/input_Push Message_form-control m-input (1)"), "faizan"): Text 'faizan' is set on object 'Object Repository/Page_KiboEngage  Broadcasts/input_Push Message_form-control m-input (1)'

2019-04-22 15:32:00 - [MESSAGE][PASSED] - Text 'faizan' is set on object 'Object Repository/Page_KiboEngage  Broadcasts/input_Push Message_form-control m-input (1)'

2019-04-22 15:32:00 - [TEST_STEP][PASSED] - setText(findTestObject("Object Repository/Page_KiboEngage  Broadcasts/textarea_HELLO (1)"), "HELLO"): Text 'HELLO' is set on object 'Object Repository/Page_KiboEngage  Broadcasts/textarea_HELLO (1)'

2019-04-22 15:32:01 - [MESSAGE][PASSED] - Text 'HELLO' is set on object 'Object Repository/Page_KiboEngage  Broadcasts/textarea_HELLO (1)'

2019-04-22 15:32:01 - [TEST_STEP][PASSED] - selectOptionByValue(findTestObject("Object Repository/Page_KiboEngage  Broadcasts/select_Select Criteriaiscontainsbegins with"), "is", true): All options with value 'is' are selected in object 'Object Repository/Page_KiboEngage  Broadcasts/select_Select Criteriaiscontainsbegins with'  using regular expression

2019-04-22 15:32:01 - [MESSAGE][PASSED] - All options with value 'is' are selected in object 'Object Repository/Page_KiboEngage  Broadcasts/select_Select Criteriaiscontainsbegins with'  using regular expression

2019-04-22 15:32:01 - [TEST_STEP][PASSED] - setText(findTestObject("Object Repository/Page_KiboEngage  Broadcasts/input_Value_text"), "ok"): Text 'ok' is set on object 'Object Repository/Page_KiboEngage  Broadcasts/input_Value_text'

2019-04-22 15:32:01 - [MESSAGE][PASSED] - Text 'ok' is set on object 'Object Repository/Page_KiboEngage  Broadcasts/input_Value_text'

2019-04-22 15:32:01 - [TEST_STEP][PASSED] - click(findTestObject("Object Repository/Page_KiboEngage  Broadcasts/span_Send (3)")): Object: 'Object Repository/Page_KiboEngage  Broadcasts/span_Send (3)' is clicked on

2019-04-22 15:32:01 - [MESSAGE][PASSED] - Object: 'Object Repository/Page_KiboEngage  Broadcasts/span_Send (3)' is clicked on

2019-04-22 15:32:01 - [TEST_STEP][PASSED] - click(findTestObject("Object Repository/Page_KiboEngage  Broadcasts/span_Please choose a valid condition")): Object: 'Object Repository/Page_KiboEngage  Broadcasts/span_Please choose a valid condition' is clicked on

2019-04-22 15:32:01 - [MESSAGE][PASSED] - Object: 'Object Repository/Page_KiboEngage  Broadcasts/span_Please choose a valid condition' is clicked on]]></system-out>
         <system-err><![CDATA[]]></system-err>
      </testcase>
      <testcase name="Test Cases/SMS/sms broadcast/TC11182" classname="Test Cases/SMS/sms broadcast/TC11182" status="PASSED">
         <system-out><![CDATA[2019-04-22 15:32:01 - [TEST_CASE][PASSED] - Test Cases/SMS/sms broadcast/TC11182: Test Cases/SMS/sms broadcast/TC11182

2019-04-22 15:32:01 - [TEST_STEP][PASSED] - click(findTestObject("Page_KiboPush  Dashboard/span_Dashboard")): Object: 'Object Repository/Page_KiboPush  Dashboard/span_Dashboard' is clicked on

2019-04-22 15:32:01 - [MESSAGE][PASSED] - Object: 'Object Repository/Page_KiboPush  Dashboard/span_Dashboard' is clicked on

2019-04-22 15:32:01 - [TEST_STEP][PASSED] - delay(1): Delayed 1 second(s)

2019-04-22 15:32:02 - [MESSAGE][PASSED] - Delayed 1 second(s)

2019-04-22 15:32:02 - [TEST_STEP][PASSED] - click(findTestObject("Object Repository/Page_KiboEngage  Dashboard/span_Broadcasts")): Object: 'Object Repository/Page_KiboEngage  Dashboard/span_Broadcasts' is clicked on

2019-04-22 15:32:02 - [MESSAGE][PASSED] - Object: 'Object Repository/Page_KiboEngage  Dashboard/span_Broadcasts' is clicked on

2019-04-22 15:32:02 - [TEST_STEP][PASSED] - delay(1): Delayed 1 second(s)

2019-04-22 15:32:03 - [MESSAGE][PASSED] - Delayed 1 second(s)

2019-04-22 15:32:03 - [TEST_STEP][PASSED] - click(findTestObject("Object Repository/Page_KiboEngage  Broadcasts/h3_Broadcasts (1) (1) (1) (1) (1)")): Object: 'Object Repository/Page_KiboEngage  Broadcasts/h3_Broadcasts (1) (1) (1) (1) (1)' is clicked on

2019-04-22 15:32:03 - [MESSAGE][PASSED] - Object: 'Object Repository/Page_KiboEngage  Broadcasts/h3_Broadcasts (1) (1) (1) (1) (1)' is clicked on

2019-04-22 15:32:03 - [TEST_STEP][PASSED] - delay(1): Delayed 1 second(s)

2019-04-22 15:32:04 - [MESSAGE][PASSED] - Delayed 1 second(s)

2019-04-22 15:32:04 - [TEST_STEP][PASSED] - click(findTestObject("Object Repository/Page_KiboEngage  Broadcasts/span_Create New (1) (1) (1) (1)")): Object: 'Object Repository/Page_KiboEngage  Broadcasts/span_Create New (1) (1) (1) (1)' is clicked on

2019-04-22 15:32:05 - [MESSAGE][PASSED] - Object: 'Object Repository/Page_KiboEngage  Broadcasts/span_Create New (1) (1) (1) (1)' is clicked on

2019-04-22 15:32:05 - [TEST_STEP][PASSED] - click(findTestObject("Object Repository/Page_KiboEngage  Broadcasts/button_Create New Broadcast (1) (1) (1) (1)")): Object: 'Object Repository/Page_KiboEngage  Broadcasts/button_Create New Broadcast (1) (1) (1) (1)' is clicked on

2019-04-22 15:32:05 - [MESSAGE][PASSED] - Object: 'Object Repository/Page_KiboEngage  Broadcasts/button_Create New Broadcast (1) (1) (1) (1)' is clicked on

2019-04-22 15:32:05 - [TEST_STEP][PASSED] - delay(1): Delayed 1 second(s)

2019-04-22 15:32:06 - [MESSAGE][PASSED] - Delayed 1 second(s)

2019-04-22 15:32:06 - [TEST_STEP][PASSED] - setText(findTestObject("Object Repository/Page_KiboEngage  Broadcasts/input_Push Message_form-control m-input (1) (1)"), "faizan"): Text 'faizan' is set on object 'Object Repository/Page_KiboEngage  Broadcasts/input_Push Message_form-control m-input (1) (1)'

2019-04-22 15:32:06 - [MESSAGE][PASSED] - Text 'faizan' is set on object 'Object Repository/Page_KiboEngage  Broadcasts/input_Push Message_form-control m-input (1) (1)'

2019-04-22 15:32:06 - [TEST_STEP][PASSED] - setText(findTestObject("Object Repository/Page_KiboEngage  Broadcasts/textarea_HELLO (1) (1)"), "HELLO"): Text 'HELLO' is set on object 'Object Repository/Page_KiboEngage  Broadcasts/textarea_HELLO (1) (1)'

2019-04-22 15:32:06 - [MESSAGE][PASSED] - Text 'HELLO' is set on object 'Object Repository/Page_KiboEngage  Broadcasts/textarea_HELLO (1) (1)'

2019-04-22 15:32:06 - [TEST_STEP][PASSED] - setText(findTestObject("Object Repository/Page_KiboEngage  Broadcasts/textarea_HELLO (2)"), "HELLO"): Text 'HELLO' is set on object 'Object Repository/Page_KiboEngage  Broadcasts/textarea_HELLO (2)'

2019-04-22 15:32:06 - [MESSAGE][PASSED] - Text 'HELLO' is set on object 'Object Repository/Page_KiboEngage  Broadcasts/textarea_HELLO (2)'

2019-04-22 15:32:06 - [TEST_STEP][PASSED] - selectOptionByValue(findTestObject("Object Repository/Page_KiboEngage  Broadcasts/select_Select Conditionnamenumber"), "name", true): All options with value 'name' are selected in object 'Object Repository/Page_KiboEngage  Broadcasts/select_Select Conditionnamenumber'  using regular expression

2019-04-22 15:32:06 - [MESSAGE][PASSED] - All options with value 'name' are selected in object 'Object Repository/Page_KiboEngage  Broadcasts/select_Select Conditionnamenumber'  using regular expression

2019-04-22 15:32:06 - [TEST_STEP][PASSED] - setText(findTestObject("Object Repository/Page_KiboEngage  Broadcasts/input_Value_text (1)"), "aaa"): Text 'aaa' is set on object 'Object Repository/Page_KiboEngage  Broadcasts/input_Value_text (1)'

2019-04-22 15:32:07 - [MESSAGE][PASSED] - Text 'aaa' is set on object 'Object Repository/Page_KiboEngage  Broadcasts/input_Value_text (1)'

2019-04-22 15:32:07 - [TEST_STEP][PASSED] - click(findTestObject("Object Repository/Page_KiboEngage  Broadcasts/span_Send (4)")): Object: 'Object Repository/Page_KiboEngage  Broadcasts/span_Send (4)' is clicked on

2019-04-22 15:32:07 - [MESSAGE][PASSED] - Object: 'Object Repository/Page_KiboEngage  Broadcasts/span_Send (4)' is clicked on

2019-04-22 15:32:07 - [TEST_STEP][PASSED] - click(findTestObject("Object Repository/Page_KiboEngage  Broadcasts/span_Please choose a valid criteria")): Object: 'Object Repository/Page_KiboEngage  Broadcasts/span_Please choose a valid criteria' is clicked on

2019-04-22 15:32:07 - [MESSAGE][PASSED] - Object: 'Object Repository/Page_KiboEngage  Broadcasts/span_Please choose a valid criteria' is clicked on]]></system-out>
         <system-err><![CDATA[]]></system-err>
      </testcase>
      <testcase name="Test Cases/SMS/sms broadcast/TC11183" classname="Test Cases/SMS/sms broadcast/TC11183" status="PASSED">
         <system-out><![CDATA[2019-04-22 15:32:07 - [TEST_CASE][PASSED] - Test Cases/SMS/sms broadcast/TC11183: Test Cases/SMS/sms broadcast/TC11183

2019-04-22 15:32:07 - [TEST_STEP][PASSED] - click(findTestObject("Page_KiboPush  Dashboard/span_Dashboard")): Object: 'Object Repository/Page_KiboPush  Dashboard/span_Dashboard' is clicked on

2019-04-22 15:32:07 - [MESSAGE][PASSED] - Object: 'Object Repository/Page_KiboPush  Dashboard/span_Dashboard' is clicked on

2019-04-22 15:32:07 - [TEST_STEP][PASSED] - delay(1): Delayed 1 second(s)

2019-04-22 15:32:08 - [MESSAGE][PASSED] - Delayed 1 second(s)

2019-04-22 15:32:08 - [TEST_STEP][PASSED] - click(findTestObject("Object Repository/Page_KiboEngage  Dashboard/span_Broadcasts")): Object: 'Object Repository/Page_KiboEngage  Dashboard/span_Broadcasts' is clicked on

2019-04-22 15:32:08 - [MESSAGE][PASSED] - Object: 'Object Repository/Page_KiboEngage  Dashboard/span_Broadcasts' is clicked on

2019-04-22 15:32:08 - [TEST_STEP][PASSED] - delay(1): Delayed 1 second(s)

2019-04-22 15:32:09 - [MESSAGE][PASSED] - Delayed 1 second(s)

2019-04-22 15:32:09 - [TEST_STEP][PASSED] - click(findTestObject("Object Repository/Page_KiboEngage  Broadcasts/h3_Broadcasts (1) (1) (1) (1) (1) (1)")): Object: 'Object Repository/Page_KiboEngage  Broadcasts/h3_Broadcasts (1) (1) (1) (1) (1) (1)' is clicked on

2019-04-22 15:32:09 - [MESSAGE][PASSED] - Object: 'Object Repository/Page_KiboEngage  Broadcasts/h3_Broadcasts (1) (1) (1) (1) (1) (1)' is clicked on

2019-04-22 15:32:09 - [TEST_STEP][PASSED] - delay(1): Delayed 1 second(s)

2019-04-22 15:32:10 - [MESSAGE][PASSED] - Delayed 1 second(s)

2019-04-22 15:32:10 - [TEST_STEP][PASSED] - click(findTestObject("Object Repository/Page_KiboEngage  Broadcasts/span_Create New (1) (1) (1) (1) (1)")): Object: 'Object Repository/Page_KiboEngage  Broadcasts/span_Create New (1) (1) (1) (1) (1)' is clicked on

2019-04-22 15:32:10 - [MESSAGE][PASSED] - Object: 'Object Repository/Page_KiboEngage  Broadcasts/span_Create New (1) (1) (1) (1) (1)' is clicked on

2019-04-22 15:32:10 - [TEST_STEP][PASSED] - click(findTestObject("Object Repository/Page_KiboEngage  Broadcasts/button_Create New Broadcast (1) (1) (1) (1) (1)")): Object: 'Object Repository/Page_KiboEngage  Broadcasts/button_Create New Broadcast (1) (1) (1) (1) (1)' is clicked on

2019-04-22 15:32:10 - [MESSAGE][PASSED] - Object: 'Object Repository/Page_KiboEngage  Broadcasts/button_Create New Broadcast (1) (1) (1) (1) (1)' is clicked on

2019-04-22 15:32:10 - [TEST_STEP][PASSED] - delay(1): Delayed 1 second(s)

2019-04-22 15:32:11 - [MESSAGE][PASSED] - Delayed 1 second(s)

2019-04-22 15:32:11 - [TEST_STEP][PASSED] - setText(findTestObject("Object Repository/Page_KiboEngage  Broadcasts/input_Push Message_form-control m-input (1) (1) (1)"), "faizan"): Text 'faizan' is set on object 'Object Repository/Page_KiboEngage  Broadcasts/input_Push Message_form-control m-input (1) (1) (1)'

2019-04-22 15:32:11 - [MESSAGE][PASSED] - Text 'faizan' is set on object 'Object Repository/Page_KiboEngage  Broadcasts/input_Push Message_form-control m-input (1) (1) (1)'

2019-04-22 15:32:11 - [TEST_STEP][PASSED] - setText(findTestObject("Object Repository/Page_KiboEngage  Broadcasts/textarea_HELLO (1) (1) (1)"), "HELLO"): Text 'HELLO' is set on object 'Object Repository/Page_KiboEngage  Broadcasts/textarea_HELLO (1) (1) (1)'

2019-04-22 15:32:12 - [MESSAGE][PASSED] - Text 'HELLO' is set on object 'Object Repository/Page_KiboEngage  Broadcasts/textarea_HELLO (1) (1) (1)'

2019-04-22 15:32:12 - [TEST_STEP][PASSED] - selectOptionByValue(findTestObject("Object Repository/Page_KiboEngage  Broadcasts/select_Select Conditionnamenumber (1)"), "name", true): All options with value 'name' are selected in object 'Object Repository/Page_KiboEngage  Broadcasts/select_Select Conditionnamenumber (1)'  using regular expression

2019-04-22 15:32:12 - [MESSAGE][PASSED] - All options with value 'name' are selected in object 'Object Repository/Page_KiboEngage  Broadcasts/select_Select Conditionnamenumber (1)'  using regular expression

2019-04-22 15:32:12 - [TEST_STEP][PASSED] - selectOptionByValue(findTestObject("Object Repository/Page_KiboEngage  Broadcasts/select_Select Criteriaiscontainsbegins with (1)"), "is", true): All options with value 'is' are selected in object 'Object Repository/Page_KiboEngage  Broadcasts/select_Select Criteriaiscontainsbegins with (1)'  using regular expression

2019-04-22 15:32:12 - [MESSAGE][PASSED] - All options with value 'is' are selected in object 'Object Repository/Page_KiboEngage  Broadcasts/select_Select Criteriaiscontainsbegins with (1)'  using regular expression

2019-04-22 15:32:12 - [TEST_STEP][PASSED] - click(findTestObject("Object Repository/Page_KiboEngage  Broadcasts/span_Send (4) (1)")): Object: 'Object Repository/Page_KiboEngage  Broadcasts/span_Send (4) (1)' is clicked on

2019-04-22 15:32:12 - [MESSAGE][PASSED] - Object: 'Object Repository/Page_KiboEngage  Broadcasts/span_Send (4) (1)' is clicked on

2019-04-22 15:32:12 - [TEST_STEP][PASSED] - click(findTestObject("Object Repository/Page_KiboEngage  Broadcasts/span_Please choose a valid value")): Object: 'Object Repository/Page_KiboEngage  Broadcasts/span_Please choose a valid value' is clicked on

2019-04-22 15:32:12 - [MESSAGE][PASSED] - Object: 'Object Repository/Page_KiboEngage  Broadcasts/span_Please choose a valid value' is clicked on]]></system-out>
         <system-err><![CDATA[]]></system-err>
      </testcase>
      <testcase name="Test Cases/SMS/sms broadcast/TC11184" classname="Test Cases/SMS/sms broadcast/TC11184" status="PASSED">
         <system-out><![CDATA[2019-04-22 15:32:12 - [TEST_CASE][PASSED] - Test Cases/SMS/sms broadcast/TC11184: Test Cases/SMS/sms broadcast/TC11184

2019-04-22 15:32:12 - [TEST_STEP][PASSED] - click(findTestObject("Page_KiboPush  Dashboard/span_Dashboard")): Object: 'Object Repository/Page_KiboPush  Dashboard/span_Dashboard' is clicked on

2019-04-22 15:32:12 - [MESSAGE][PASSED] - Object: 'Object Repository/Page_KiboPush  Dashboard/span_Dashboard' is clicked on

2019-04-22 15:32:12 - [TEST_STEP][PASSED] - delay(1): Delayed 1 second(s)

2019-04-22 15:32:13 - [MESSAGE][PASSED] - Delayed 1 second(s)

2019-04-22 15:32:13 - [TEST_STEP][PASSED] - click(findTestObject("Object Repository/Page_KiboEngage  Dashboard/span_Broadcasts")): Object: 'Object Repository/Page_KiboEngage  Dashboard/span_Broadcasts' is clicked on

2019-04-22 15:32:13 - [MESSAGE][PASSED] - Object: 'Object Repository/Page_KiboEngage  Dashboard/span_Broadcasts' is clicked on

2019-04-22 15:32:13 - [TEST_STEP][PASSED] - delay(1): Delayed 1 second(s)

2019-04-22 15:32:14 - [MESSAGE][PASSED] - Delayed 1 second(s)

2019-04-22 15:32:14 - [TEST_STEP][PASSED] - click(findTestObject("Object Repository/Page_KiboEngage  Broadcasts/h3_Broadcasts (1) (1) (1) (1) (1) (1) (1)")): Object: 'Object Repository/Page_KiboEngage  Broadcasts/h3_Broadcasts (1) (1) (1) (1) (1) (1) (1)' is clicked on

2019-04-22 15:32:15 - [MESSAGE][PASSED] - Object: 'Object Repository/Page_KiboEngage  Broadcasts/h3_Broadcasts (1) (1) (1) (1) (1) (1) (1)' is clicked on

2019-04-22 15:32:15 - [TEST_STEP][PASSED] - delay(1): Delayed 1 second(s)

2019-04-22 15:32:16 - [MESSAGE][PASSED] - Delayed 1 second(s)

2019-04-22 15:32:16 - [TEST_STEP][PASSED] - click(findTestObject("Object Repository/Page_KiboEngage  Broadcasts/span_Create New (1) (1) (1) (1) (1) (1)")): Object: 'Object Repository/Page_KiboEngage  Broadcasts/span_Create New (1) (1) (1) (1) (1) (1)' is clicked on

2019-04-22 15:32:16 - [MESSAGE][PASSED] - Object: 'Object Repository/Page_KiboEngage  Broadcasts/span_Create New (1) (1) (1) (1) (1) (1)' is clicked on

2019-04-22 15:32:16 - [TEST_STEP][PASSED] - click(findTestObject("Object Repository/Page_KiboEngage  Broadcasts/button_Create New Broadcast (1) (1) (1) (1) (1) (1)")): Object: 'Object Repository/Page_KiboEngage  Broadcasts/button_Create New Broadcast (1) (1) (1) (1) (1) (1)' is clicked on

2019-04-22 15:32:16 - [MESSAGE][PASSED] - Object: 'Object Repository/Page_KiboEngage  Broadcasts/button_Create New Broadcast (1) (1) (1) (1) (1) (1)' is clicked on

2019-04-22 15:32:16 - [TEST_STEP][PASSED] - delay(1): Delayed 1 second(s)

2019-04-22 15:32:17 - [MESSAGE][PASSED] - Delayed 1 second(s)

2019-04-22 15:32:17 - [TEST_STEP][PASSED] - setText(findTestObject("Object Repository/Page_KiboEngage  Broadcasts/input_Push Message_form-control m-input (1) (1) (1) (1)"), "faizan"): Text 'faizan' is set on object 'Object Repository/Page_KiboEngage  Broadcasts/input_Push Message_form-control m-input (1) (1) (1) (1)'

2019-04-22 15:32:17 - [MESSAGE][PASSED] - Text 'faizan' is set on object 'Object Repository/Page_KiboEngage  Broadcasts/input_Push Message_form-control m-input (1) (1) (1) (1)'

2019-04-22 15:32:17 - [TEST_STEP][PASSED] - setText(findTestObject("Object Repository/Page_KiboEngage  Broadcasts/textarea_Automated testing"), "Automated testing"): Text 'Automated testing' is set on object 'Object Repository/Page_KiboEngage  Broadcasts/textarea_Automated testing'

2019-04-22 15:32:17 - [MESSAGE][PASSED] - Text 'Automated testing' is set on object 'Object Repository/Page_KiboEngage  Broadcasts/textarea_Automated testing'

2019-04-22 15:32:17 - [TEST_STEP][PASSED] - selectOptionByValue(findTestObject("Object Repository/Page_KiboEngage  Broadcasts/select_Select Conditionnamenumber (2)"), "number", true): All options with value 'number' are selected in object 'Object Repository/Page_KiboEngage  Broadcasts/select_Select Conditionnamenumber (2)'  using regular expression

2019-04-22 15:32:17 - [MESSAGE][PASSED] - All options with value 'number' are selected in object 'Object Repository/Page_KiboEngage  Broadcasts/select_Select Conditionnamenumber (2)'  using regular expression

2019-04-22 15:32:17 - [TEST_STEP][PASSED] - selectOptionByValue(findTestObject("Object Repository/Page_KiboEngage  Broadcasts/select_Select Criteriaiscontainsbegins with (2)"), "is", true): All options with value 'is' are selected in object 'Object Repository/Page_KiboEngage  Broadcasts/select_Select Criteriaiscontainsbegins with (2)'  using regular expression

2019-04-22 15:32:17 - [MESSAGE][PASSED] - All options with value 'is' are selected in object 'Object Repository/Page_KiboEngage  Broadcasts/select_Select Criteriaiscontainsbegins with (2)'  using regular expression

2019-04-22 15:32:18 - [TEST_STEP][PASSED] - setText(findTestObject("Object Repository/Page_KiboEngage  Broadcasts/input_Value_text (2)"), "+923333739566"): Text '+923333739566' is set on object 'Object Repository/Page_KiboEngage  Broadcasts/input_Value_text (2)'

2019-04-22 15:32:18 - [MESSAGE][PASSED] - Text '+923333739566' is set on object 'Object Repository/Page_KiboEngage  Broadcasts/input_Value_text (2)'

2019-04-22 15:32:18 - [TEST_STEP][PASSED] - click(findTestObject("Object Repository/Page_KiboEngage  Broadcasts/span_Send (5)")): Object: 'Object Repository/Page_KiboEngage  Broadcasts/span_Send (5)' is clicked on

2019-04-22 15:32:18 - [MESSAGE][PASSED] - Object: 'Object Repository/Page_KiboEngage  Broadcasts/span_Send (5)' is clicked on

2019-04-22 15:32:18 - [TEST_STEP][PASSED] - click(findTestObject("Object Repository/Page_KiboEngage  Broadcasts/div_Broadcast sent successfully")): Object: 'Object Repository/Page_KiboEngage  Broadcasts/div_Broadcast sent successfully' is clicked on

2019-04-22 15:32:18 - [MESSAGE][PASSED] - Object: 'Object Repository/Page_KiboEngage  Broadcasts/div_Broadcast sent successfully' is clicked on]]></system-out>
         <system-err><![CDATA[]]></system-err>
      </testcase>
      <testcase name="Test Cases/SMS/sms broadcast/TC11185" classname="Test Cases/SMS/sms broadcast/TC11185" status="PASSED">
         <system-out><![CDATA[2019-04-22 15:32:18 - [TEST_CASE][PASSED] - Test Cases/SMS/sms broadcast/TC11185: Test Cases/SMS/sms broadcast/TC11185

2019-04-22 15:32:18 - [TEST_STEP][PASSED] - click(findTestObject("Page_KiboPush  Dashboard/span_Dashboard")): Object: 'Object Repository/Page_KiboPush  Dashboard/span_Dashboard' is clicked on

2019-04-22 15:32:19 - [MESSAGE][PASSED] - Object: 'Object Repository/Page_KiboPush  Dashboard/span_Dashboard' is clicked on

2019-04-22 15:32:19 - [TEST_STEP][PASSED] - delay(1): Delayed 1 second(s)

2019-04-22 15:32:20 - [MESSAGE][PASSED] - Delayed 1 second(s)

2019-04-22 15:32:20 - [TEST_STEP][PASSED] - click(findTestObject("Object Repository/Page_KiboEngage  Dashboard/span_Broadcasts")): Object: 'Object Repository/Page_KiboEngage  Dashboard/span_Broadcasts' is clicked on

2019-04-22 15:32:20 - [MESSAGE][PASSED] - Object: 'Object Repository/Page_KiboEngage  Dashboard/span_Broadcasts' is clicked on

2019-04-22 15:32:20 - [TEST_STEP][PASSED] - delay(1): Delayed 1 second(s)

2019-04-22 15:32:21 - [MESSAGE][PASSED] - Delayed 1 second(s)

2019-04-22 15:32:21 - [TEST_STEP][PASSED] - click(findTestObject("Page_KiboEngage  Broadcasts/h3_Broadcasts (1) (1) (1) (1) (1) (1) (1) (1) (1)")): Object: 'Object Repository/Page_KiboEngage  Broadcasts/h3_Broadcasts (1) (1) (1) (1) (1) (1) (1) (1) (1)' is clicked on

2019-04-22 15:32:21 - [MESSAGE][PASSED] - Object: 'Object Repository/Page_KiboEngage  Broadcasts/h3_Broadcasts (1) (1) (1) (1) (1) (1) (1) (1) (1)' is clicked on

2019-04-22 15:32:21 - [TEST_STEP][PASSED] - delay(1): Delayed 1 second(s)

2019-04-22 15:32:22 - [MESSAGE][PASSED] - Delayed 1 second(s)

2019-04-22 15:32:22 - [TEST_STEP][PASSED] - click(findTestObject("Page_KiboEngage  Broadcasts/span_Create New (1) (1) (1) (1) (1) (1) (1) (1)")): Object: 'Object Repository/Page_KiboEngage  Broadcasts/span_Create New (1) (1) (1) (1) (1) (1) (1) (1)' is clicked on

2019-04-22 15:32:22 - [MESSAGE][PASSED] - Object: 'Object Repository/Page_KiboEngage  Broadcasts/span_Create New (1) (1) (1) (1) (1) (1) (1) (1)' is clicked on

2019-04-22 15:32:22 - [TEST_STEP][PASSED] - click(findTestObject("Page_KiboEngage  Broadcasts/button_Create New Broadcast (1) (1) (1) (1) (1) (1) (1) (1)")): Object: 'Object Repository/Page_KiboEngage  Broadcasts/button_Create New Broadcast (1) (1) (1) (1) (1) (1) (1) (1)' is clicked on

2019-04-22 15:32:22 - [MESSAGE][PASSED] - Object: 'Object Repository/Page_KiboEngage  Broadcasts/button_Create New Broadcast (1) (1) (1) (1) (1) (1) (1) (1)' is clicked on

2019-04-22 15:32:22 - [TEST_STEP][PASSED] - delay(1): Delayed 1 second(s)

2019-04-22 15:32:23 - [MESSAGE][PASSED] - Delayed 1 second(s)

2019-04-22 15:32:23 - [TEST_STEP][PASSED] - setText(findTestObject("Page_KiboEngage  Broadcasts/input_Push Message_form-control m-input (1) (1) (1) (1) (1) (1)"), "faizan"): Text 'faizan' is set on object 'Object Repository/Page_KiboEngage  Broadcasts/input_Push Message_form-control m-input (1) (1) (1) (1) (1) (1)'

2019-04-22 15:32:23 - [MESSAGE][PASSED] - Text 'faizan' is set on object 'Object Repository/Page_KiboEngage  Broadcasts/input_Push Message_form-control m-input (1) (1) (1) (1) (1) (1)'

2019-04-22 15:32:23 - [TEST_STEP][PASSED] - setText(findTestObject("Page_KiboEngage  Broadcasts/textarea_Automated testing (1) (1)"), "Automated testing"): Text 'Automated testing' is set on object 'Object Repository/Page_KiboEngage  Broadcasts/textarea_Automated testing (1) (1)'

2019-04-22 15:32:23 - [MESSAGE][PASSED] - Text 'Automated testing' is set on object 'Object Repository/Page_KiboEngage  Broadcasts/textarea_Automated testing (1) (1)'

2019-04-22 15:32:23 - [TEST_STEP][PASSED] - selectOptionByValue(findTestObject("Page_KiboEngage  Broadcasts/select_Select Conditionnamenumber (2) (1) (1)"), "number", true): All options with value 'number' are selected in object 'Object Repository/Page_KiboEngage  Broadcasts/select_Select Conditionnamenumber (2) (1) (1)'  using regular expression

2019-04-22 15:32:23 - [MESSAGE][PASSED] - All options with value 'number' are selected in object 'Object Repository/Page_KiboEngage  Broadcasts/select_Select Conditionnamenumber (2) (1) (1)'  using regular expression

2019-04-22 15:32:23 - [TEST_STEP][PASSED] - selectOptionByValue(findTestObject("Page_KiboEngage  Broadcasts/select_Select Criteriaiscontainsbegins with (2) (1) (1)"), "is", true): All options with value 'is' are selected in object 'Object Repository/Page_KiboEngage  Broadcasts/select_Select Criteriaiscontainsbegins with (2) (1) (1)'  using regular expression

2019-04-22 15:32:24 - [MESSAGE][PASSED] - All options with value 'is' are selected in object 'Object Repository/Page_KiboEngage  Broadcasts/select_Select Criteriaiscontainsbegins with (2) (1) (1)'  using regular expression

2019-04-22 15:32:24 - [TEST_STEP][PASSED] - setText(findTestObject("Page_KiboEngage  Broadcasts/input_Value_text (2) (1) (1)"), "+923333739566"): Text '+923333739566' is set on object 'Object Repository/Page_KiboEngage  Broadcasts/input_Value_text (2) (1) (1)'

2019-04-22 15:32:24 - [MESSAGE][PASSED] - Text '+923333739566' is set on object 'Object Repository/Page_KiboEngage  Broadcasts/input_Value_text (2) (1) (1)'

2019-04-22 15:32:24 - [TEST_STEP][PASSED] - click(findTestObject("Page_KiboEngage  Broadcasts/button_ Add Condition")): Object: 'Object Repository/Page_KiboEngage  Broadcasts/button_ Add Condition' is clicked on

2019-04-22 15:32:24 - [MESSAGE][PASSED] - Object: 'Object Repository/Page_KiboEngage  Broadcasts/button_ Add Condition' is clicked on

2019-04-22 15:32:24 - [TEST_STEP][PASSED] - selectOptionByValue(findTestObject("Page_KiboEngage  Broadcasts/select_Select Conditionnamenumber (3)"), "name", true): All options with value 'name' are selected in object 'Object Repository/Page_KiboEngage  Broadcasts/select_Select Conditionnamenumber (3)'  using regular expression

2019-04-22 15:32:24 - [MESSAGE][PASSED] - All options with value 'name' are selected in object 'Object Repository/Page_KiboEngage  Broadcasts/select_Select Conditionnamenumber (3)'  using regular expression

2019-04-22 15:32:24 - [TEST_STEP][PASSED] - selectOptionByValue(findTestObject("Page_KiboEngage  Broadcasts/select_Select Criteriaiscontainsbegins with (3)"), "contains", true): All options with value 'contains' are selected in object 'Object Repository/Page_KiboEngage  Broadcasts/select_Select Criteriaiscontainsbegins with (3)'  using regular expression

2019-04-22 15:32:24 - [MESSAGE][PASSED] - All options with value 'contains' are selected in object 'Object Repository/Page_KiboEngage  Broadcasts/select_Select Criteriaiscontainsbegins with (3)'  using regular expression

2019-04-22 15:32:24 - [TEST_STEP][PASSED] - setText(findTestObject("Page_KiboEngage  Broadcasts/input_Remove_text"), "Fa"): Text 'Fa' is set on object 'Object Repository/Page_KiboEngage  Broadcasts/input_Remove_text'

2019-04-22 15:32:24 - [MESSAGE][PASSED] - Text 'Fa' is set on object 'Object Repository/Page_KiboEngage  Broadcasts/input_Remove_text'

2019-04-22 15:32:24 - [TEST_STEP][PASSED] - click(findTestObject("Page_KiboEngage  Broadcasts/span_Send (6)")): Object: 'Object Repository/Page_KiboEngage  Broadcasts/span_Send (6)' is clicked on

2019-04-22 15:32:25 - [MESSAGE][PASSED] - Object: 'Object Repository/Page_KiboEngage  Broadcasts/span_Send (6)' is clicked on

2019-04-22 15:32:25 - [TEST_STEP][PASSED] - click(findTestObject("Page_KiboEngage  Broadcasts/div_Broadcast sent successfully (1)")): Object: 'Object Repository/Page_KiboEngage  Broadcasts/div_Broadcast sent successfully (1)' is clicked on

2019-04-22 15:32:25 - [MESSAGE][PASSED] - Object: 'Object Repository/Page_KiboEngage  Broadcasts/div_Broadcast sent successfully (1)' is clicked on]]></system-out>
         <system-err><![CDATA[]]></system-err>
      </testcase>
      <testcase name="Test Cases/SMS/sms broadcast/TC11186" classname="Test Cases/SMS/sms broadcast/TC11186" status="PASSED">
         <system-out><![CDATA[2019-04-22 15:32:25 - [TEST_CASE][PASSED] - Test Cases/SMS/sms broadcast/TC11186: Test Cases/SMS/sms broadcast/TC11186

2019-04-22 15:32:25 - [TEST_STEP][PASSED] - click(findTestObject("Page_KiboPush  Dashboard/span_Dashboard")): Object: 'Object Repository/Page_KiboPush  Dashboard/span_Dashboard' is clicked on

2019-04-22 15:32:25 - [MESSAGE][PASSED] - Object: 'Object Repository/Page_KiboPush  Dashboard/span_Dashboard' is clicked on

2019-04-22 15:32:25 - [TEST_STEP][PASSED] - delay(1): Delayed 1 second(s)

2019-04-22 15:32:26 - [MESSAGE][PASSED] - Delayed 1 second(s)

2019-04-22 15:32:26 - [TEST_STEP][PASSED] - click(findTestObject("Object Repository/Page_KiboEngage  Dashboard/span_Broadcasts")): Object: 'Object Repository/Page_KiboEngage  Dashboard/span_Broadcasts' is clicked on

2019-04-22 15:32:26 - [MESSAGE][PASSED] - Object: 'Object Repository/Page_KiboEngage  Dashboard/span_Broadcasts' is clicked on

2019-04-22 15:32:26 - [TEST_STEP][PASSED] - delay(1): Delayed 1 second(s)

2019-04-22 15:32:27 - [MESSAGE][PASSED] - Delayed 1 second(s)

2019-04-22 15:32:27 - [TEST_STEP][PASSED] - click(findTestObject("Object Repository/Page_KiboEngage  Broadcasts/h3_Broadcasts (1) (1) (1) (1) (1) (1) (1) (1) (1) (1)")): Object: 'Object Repository/Page_KiboEngage  Broadcasts/h3_Broadcasts (1) (1) (1) (1) (1) (1) (1) (1) (1) (1)' is clicked on

2019-04-22 15:32:28 - [MESSAGE][PASSED] - Object: 'Object Repository/Page_KiboEngage  Broadcasts/h3_Broadcasts (1) (1) (1) (1) (1) (1) (1) (1) (1) (1)' is clicked on

2019-04-22 15:32:28 - [TEST_STEP][PASSED] - delay(1): Delayed 1 second(s)

2019-04-22 15:32:29 - [MESSAGE][PASSED] - Delayed 1 second(s)

2019-04-22 15:32:29 - [TEST_STEP][PASSED] - click(findTestObject("Object Repository/Page_KiboEngage  Broadcasts/span_Create New (1) (1) (1) (1) (1) (1) (1) (1) (1)")): Object: 'Object Repository/Page_KiboEngage  Broadcasts/span_Create New (1) (1) (1) (1) (1) (1) (1) (1) (1)' is clicked on

2019-04-22 15:32:29 - [MESSAGE][PASSED] - Object: 'Object Repository/Page_KiboEngage  Broadcasts/span_Create New (1) (1) (1) (1) (1) (1) (1) (1) (1)' is clicked on

2019-04-22 15:32:29 - [TEST_STEP][PASSED] - click(findTestObject("Object Repository/Page_KiboEngage  Broadcasts/button_Create New Broadcast (1) (1) (1) (1) (1) (1) (1) (1) (1)")): Object: 'Object Repository/Page_KiboEngage  Broadcasts/button_Create New Broadcast (1) (1) (1) (1) (1) (1) (1) (1) (1)' is clicked on

2019-04-22 15:32:29 - [MESSAGE][PASSED] - Object: 'Object Repository/Page_KiboEngage  Broadcasts/button_Create New Broadcast (1) (1) (1) (1) (1) (1) (1) (1) (1)' is clicked on

2019-04-22 15:32:29 - [TEST_STEP][PASSED] - delay(1): Delayed 1 second(s)

2019-04-22 15:32:30 - [MESSAGE][PASSED] - Delayed 1 second(s)

2019-04-22 15:32:30 - [TEST_STEP][PASSED] - setText(findTestObject("Object Repository/Page_KiboEngage  Broadcasts/input_Push Message_form-control m-input (1) (1) (1) (1) (1) (1) (1)"), "faizan"): Text 'faizan' is set on object 'Object Repository/Page_KiboEngage  Broadcasts/input_Push Message_form-control m-input (1) (1) (1) (1) (1) (1) (1)'

2019-04-22 15:32:30 - [MESSAGE][PASSED] - Text 'faizan' is set on object 'Object Repository/Page_KiboEngage  Broadcasts/input_Push Message_form-control m-input (1) (1) (1) (1) (1) (1) (1)'

2019-04-22 15:32:30 - [TEST_STEP][PASSED] - setText(findTestObject("Object Repository/Page_KiboEngage  Broadcasts/textarea_Automated testing (1) (1) (1)"), "Automated testing"): Text 'Automated testing' is set on object 'Object Repository/Page_KiboEngage  Broadcasts/textarea_Automated testing (1) (1) (1)'

2019-04-22 15:32:30 - [MESSAGE][PASSED] - Text 'Automated testing' is set on object 'Object Repository/Page_KiboEngage  Broadcasts/textarea_Automated testing (1) (1) (1)'

2019-04-22 15:32:30 - [TEST_STEP][PASSED] - selectOptionByValue(findTestObject("Object Repository/Page_KiboEngage  Broadcasts/select_Select Conditionnamenumber (2) (1) (1) (1)"), "number", true): All options with value 'number' are selected in object 'Object Repository/Page_KiboEngage  Broadcasts/select_Select Conditionnamenumber (2) (1) (1) (1)'  using regular expression

2019-04-22 15:32:30 - [MESSAGE][PASSED] - All options with value 'number' are selected in object 'Object Repository/Page_KiboEngage  Broadcasts/select_Select Conditionnamenumber (2) (1) (1) (1)'  using regular expression

2019-04-22 15:32:30 - [TEST_STEP][PASSED] - selectOptionByValue(findTestObject("Object Repository/Page_KiboEngage  Broadcasts/select_Select Criteriaiscontainsbegins with (2) (1) (1) (1)"), "is", true): All options with value 'is' are selected in object 'Object Repository/Page_KiboEngage  Broadcasts/select_Select Criteriaiscontainsbegins with (2) (1) (1) (1)'  using regular expression

2019-04-22 15:32:30 - [MESSAGE][PASSED] - All options with value 'is' are selected in object 'Object Repository/Page_KiboEngage  Broadcasts/select_Select Criteriaiscontainsbegins with (2) (1) (1) (1)'  using regular expression

2019-04-22 15:32:30 - [TEST_STEP][PASSED] - setText(findTestObject("Object Repository/Page_KiboEngage  Broadcasts/input_Value_text (2) (1) (1) (1)"), "+923333739566"): Text '+923333739566' is set on object 'Object Repository/Page_KiboEngage  Broadcasts/input_Value_text (2) (1) (1) (1)'

2019-04-22 15:32:31 - [MESSAGE][PASSED] - Text '+923333739566' is set on object 'Object Repository/Page_KiboEngage  Broadcasts/input_Value_text (2) (1) (1) (1)'

2019-04-22 15:32:31 - [TEST_STEP][PASSED] - click(findTestObject("Object Repository/Page_KiboEngage  Broadcasts/button_ Add Condition (1)")): Object: 'Object Repository/Page_KiboEngage  Broadcasts/button_ Add Condition (1)' is clicked on

2019-04-22 15:32:31 - [MESSAGE][PASSED] - Object: 'Object Repository/Page_KiboEngage  Broadcasts/button_ Add Condition (1)' is clicked on

2019-04-22 15:32:31 - [TEST_STEP][PASSED] - selectOptionByValue(findTestObject("Object Repository/Page_KiboEngage  Broadcasts/select_Select Conditionnamenumber (3) (1)"), "name", true): All options with value 'name' are selected in object 'Object Repository/Page_KiboEngage  Broadcasts/select_Select Conditionnamenumber (3) (1)'  using regular expression

2019-04-22 15:32:31 - [MESSAGE][PASSED] - All options with value 'name' are selected in object 'Object Repository/Page_KiboEngage  Broadcasts/select_Select Conditionnamenumber (3) (1)'  using regular expression

2019-04-22 15:32:31 - [TEST_STEP][PASSED] - selectOptionByValue(findTestObject("Object Repository/Page_KiboEngage  Broadcasts/select_Select Criteriaiscontainsbegins with (3) (1)"), "contains", true): All options with value 'contains' are selected in object 'Object Repository/Page_KiboEngage  Broadcasts/select_Select Criteriaiscontainsbegins with (3) (1)'  using regular expression

2019-04-22 15:32:31 - [MESSAGE][PASSED] - All options with value 'contains' are selected in object 'Object Repository/Page_KiboEngage  Broadcasts/select_Select Criteriaiscontainsbegins with (3) (1)'  using regular expression

2019-04-22 15:32:31 - [TEST_STEP][PASSED] - setText(findTestObject("Object Repository/Page_KiboEngage  Broadcasts/input_Remove_text (1)"), "Fa"): Text 'Fa' is set on object 'Object Repository/Page_KiboEngage  Broadcasts/input_Remove_text (1)'

2019-04-22 15:32:31 - [MESSAGE][PASSED] - Text 'Fa' is set on object 'Object Repository/Page_KiboEngage  Broadcasts/input_Remove_text (1)'

2019-04-22 15:32:31 - [TEST_STEP][PASSED] - click(findTestObject("Object Repository/Page_KiboEngage  Broadcasts/button_Remove")): Object: 'Object Repository/Page_KiboEngage  Broadcasts/button_Remove' is clicked on

2019-04-22 15:32:31 - [MESSAGE][PASSED] - Object: 'Object Repository/Page_KiboEngage  Broadcasts/button_Remove' is clicked on

2019-04-22 15:32:31 - [TEST_STEP][PASSED] - driver = getWebDriver(): null

2019-04-22 15:32:31 - [TEST_STEP][PASSED] - Table = driver.findElement(By.xpath("//*[@id="m-datatable--27866229129"]/tbody")): null

2019-04-22 15:32:31 - [TEST_STEP][PASSED] - rows_table = Table.findElements(By.tagName("tr")): null

2019-04-22 15:32:31 - [TEST_STEP][PASSED] - verifyEqual(rows_table.size(), 1): Actual object '1' and expected object '1' are equal

2019-04-22 15:32:31 - [MESSAGE][PASSED] - Actual object '1' and expected object '1' are equal]]></system-out>
         <system-err><![CDATA[]]></system-err>
      </testcase>
      <testcase name="Test Cases/SMS/sms broadcast/TC11187" classname="Test Cases/SMS/sms broadcast/TC11187" status="PASSED">
         <system-out><![CDATA[2019-04-22 15:32:31 - [TEST_CASE][PASSED] - Test Cases/SMS/sms broadcast/TC11187: Test Cases/SMS/sms broadcast/TC11187

2019-04-22 15:32:32 - [TEST_STEP][PASSED] - click(findTestObject("Page_KiboPush  Dashboard/span_Dashboard")): Object: 'Object Repository/Page_KiboPush  Dashboard/span_Dashboard' is clicked on

2019-04-22 15:32:32 - [MESSAGE][PASSED] - Object: 'Object Repository/Page_KiboPush  Dashboard/span_Dashboard' is clicked on

2019-04-22 15:32:32 - [TEST_STEP][PASSED] - delay(1): Delayed 1 second(s)

2019-04-22 15:32:33 - [MESSAGE][PASSED] - Delayed 1 second(s)

2019-04-22 15:32:33 - [TEST_STEP][PASSED] - click(findTestObject("Object Repository/Page_KiboEngage  Dashboard/span_Broadcasts")): Object: 'Object Repository/Page_KiboEngage  Dashboard/span_Broadcasts' is clicked on

2019-04-22 15:32:33 - [MESSAGE][PASSED] - Object: 'Object Repository/Page_KiboEngage  Dashboard/span_Broadcasts' is clicked on

2019-04-22 15:32:33 - [TEST_STEP][PASSED] - delay(1): Delayed 1 second(s)

2019-04-22 15:32:34 - [MESSAGE][PASSED] - Delayed 1 second(s)

2019-04-22 15:32:34 - [TEST_STEP][PASSED] - click(findTestObject("Object Repository/Page_KiboEngage  Broadcasts/h3_Broadcasts (1) (1) (1) (1) (1) (1) (1) (1) (1) (2)")): Object: 'Object Repository/Page_KiboEngage  Broadcasts/h3_Broadcasts (1) (1) (1) (1) (1) (1) (1) (1) (1) (2)' is clicked on

2019-04-22 15:32:34 - [MESSAGE][PASSED] - Object: 'Object Repository/Page_KiboEngage  Broadcasts/h3_Broadcasts (1) (1) (1) (1) (1) (1) (1) (1) (1) (2)' is clicked on

2019-04-22 15:32:34 - [TEST_STEP][PASSED] - delay(1): Delayed 1 second(s)

2019-04-22 15:32:35 - [MESSAGE][PASSED] - Delayed 1 second(s)

2019-04-22 15:32:35 - [TEST_STEP][PASSED] - click(findTestObject("Object Repository/Page_KiboEngage  Broadcasts/span_Create New (1) (1) (1) (1) (1) (1) (1) (1) (2)")): Object: 'Object Repository/Page_KiboEngage  Broadcasts/span_Create New (1) (1) (1) (1) (1) (1) (1) (1) (2)' is clicked on

2019-04-22 15:32:35 - [MESSAGE][PASSED] - Object: 'Object Repository/Page_KiboEngage  Broadcasts/span_Create New (1) (1) (1) (1) (1) (1) (1) (1) (2)' is clicked on

2019-04-22 15:32:35 - [TEST_STEP][PASSED] - click(findTestObject("Object Repository/Page_KiboEngage  Broadcasts/button_Create New Broadcast (1) (1) (1) (1) (1) (1) (1) (1) (2)")): Object: 'Object Repository/Page_KiboEngage  Broadcasts/button_Create New Broadcast (1) (1) (1) (1) (1) (1) (1) (1) (2)' is clicked on

2019-04-22 15:32:35 - [MESSAGE][PASSED] - Object: 'Object Repository/Page_KiboEngage  Broadcasts/button_Create New Broadcast (1) (1) (1) (1) (1) (1) (1) (1) (2)' is clicked on

2019-04-22 15:32:35 - [TEST_STEP][PASSED] - delay(1): Delayed 1 second(s)

2019-04-22 15:32:36 - [MESSAGE][PASSED] - Delayed 1 second(s)

2019-04-22 15:32:36 - [TEST_STEP][PASSED] - setText(findTestObject("Object Repository/Page_KiboEngage  Broadcasts/input_Push Message_form-control m-input (1) (1) (1) (1) (1) (1) (2)"), "faizan"): Text 'faizan' is set on object 'Object Repository/Page_KiboEngage  Broadcasts/input_Push Message_form-control m-input (1) (1) (1) (1) (1) (1) (2)'

2019-04-22 15:32:36 - [MESSAGE][PASSED] - Text 'faizan' is set on object 'Object Repository/Page_KiboEngage  Broadcasts/input_Push Message_form-control m-input (1) (1) (1) (1) (1) (1) (2)'

2019-04-22 15:32:36 - [TEST_STEP][PASSED] - setText(findTestObject("Object Repository/Page_KiboEngage  Broadcasts/textarea_Automated testing (1) (1) (2)"), "Automated testing"): Text 'Automated testing' is set on object 'Object Repository/Page_KiboEngage  Broadcasts/textarea_Automated testing (1) (1) (2)'

2019-04-22 15:32:36 - [MESSAGE][PASSED] - Text 'Automated testing' is set on object 'Object Repository/Page_KiboEngage  Broadcasts/textarea_Automated testing (1) (1) (2)'

2019-04-22 15:32:36 - [TEST_STEP][PASSED] - selectOptionByValue(findTestObject("Object Repository/Page_KiboEngage  Broadcasts/select_Select Conditionnamenumber (2) (1) (1) (2)"), "number", true): All options with value 'number' are selected in object 'Object Repository/Page_KiboEngage  Broadcasts/select_Select Conditionnamenumber (2) (1) (1) (2)'  using regular expression

2019-04-22 15:32:37 - [MESSAGE][PASSED] - All options with value 'number' are selected in object 'Object Repository/Page_KiboEngage  Broadcasts/select_Select Conditionnamenumber (2) (1) (1) (2)'  using regular expression

2019-04-22 15:32:37 - [TEST_STEP][PASSED] - selectOptionByValue(findTestObject("Object Repository/Page_KiboEngage  Broadcasts/select_Select Criteriaiscontainsbegins with (2) (1) (1) (2)"), "is", true): All options with value 'is' are selected in object 'Object Repository/Page_KiboEngage  Broadcasts/select_Select Criteriaiscontainsbegins with (2) (1) (1) (2)'  using regular expression

2019-04-22 15:32:37 - [MESSAGE][PASSED] - All options with value 'is' are selected in object 'Object Repository/Page_KiboEngage  Broadcasts/select_Select Criteriaiscontainsbegins with (2) (1) (1) (2)'  using regular expression

2019-04-22 15:32:37 - [TEST_STEP][PASSED] - setText(findTestObject("Object Repository/Page_KiboEngage  Broadcasts/input_Value_text (2) (1) (1) (2)"), "+923333739566"): Text '+923333739566' is set on object 'Object Repository/Page_KiboEngage  Broadcasts/input_Value_text (2) (1) (1) (2)'

2019-04-22 15:32:37 - [MESSAGE][PASSED] - Text '+923333739566' is set on object 'Object Repository/Page_KiboEngage  Broadcasts/input_Value_text (2) (1) (1) (2)'

2019-04-22 15:32:37 - [TEST_STEP][PASSED] - click(findTestObject("Object Repository/Page_KiboEngage  Broadcasts/button_ Add Condition (2)")): Object: 'Object Repository/Page_KiboEngage  Broadcasts/button_ Add Condition (2)' is clicked on

2019-04-22 15:32:37 - [MESSAGE][PASSED] - Object: 'Object Repository/Page_KiboEngage  Broadcasts/button_ Add Condition (2)' is clicked on

2019-04-22 15:32:37 - [TEST_STEP][PASSED] - selectOptionByValue(findTestObject("Object Repository/Page_KiboEngage  Broadcasts/select_Select Conditionnamenumber (3) (2)"), "name", true): All options with value 'name' are selected in object 'Object Repository/Page_KiboEngage  Broadcasts/select_Select Conditionnamenumber (3) (2)'  using regular expression

2019-04-22 15:32:37 - [MESSAGE][PASSED] - All options with value 'name' are selected in object 'Object Repository/Page_KiboEngage  Broadcasts/select_Select Conditionnamenumber (3) (2)'  using regular expression

2019-04-22 15:32:37 - [TEST_STEP][PASSED] - selectOptionByValue(findTestObject("Object Repository/Page_KiboEngage  Broadcasts/select_Select Criteriaiscontainsbegins with (3) (2)"), "contains", true): All options with value 'contains' are selected in object 'Object Repository/Page_KiboEngage  Broadcasts/select_Select Criteriaiscontainsbegins with (3) (2)'  using regular expression

2019-04-22 15:32:37 - [MESSAGE][PASSED] - All options with value 'contains' are selected in object 'Object Repository/Page_KiboEngage  Broadcasts/select_Select Criteriaiscontainsbegins with (3) (2)'  using regular expression

2019-04-22 15:32:37 - [TEST_STEP][PASSED] - setText(findTestObject("Object Repository/Page_KiboEngage  Broadcasts/input_Remove_text (2)"), "Fa"): Text 'Fa' is set on object 'Object Repository/Page_KiboEngage  Broadcasts/input_Remove_text (2)'

2019-04-22 15:32:38 - [MESSAGE][PASSED] - Text 'Fa' is set on object 'Object Repository/Page_KiboEngage  Broadcasts/input_Remove_text (2)'

2019-04-22 15:32:38 - [TEST_STEP][PASSED] - setText(findTestObject("Object Repository/Page_KiboEngage  Broadcasts/input_Remove_text_1 (1)"), "Fa"): Text 'Fa' is set on object 'Object Repository/Page_KiboEngage  Broadcasts/input_Remove_text_1 (1)'

2019-04-22 15:32:38 - [MESSAGE][PASSED] - Text 'Fa' is set on object 'Object Repository/Page_KiboEngage  Broadcasts/input_Remove_text_1 (1)'

2019-04-22 15:32:38 - [TEST_STEP][PASSED] - setText(findTestObject("Object Repository/Page_KiboEngage  Broadcasts/input_Remove_text_2"), "Fa"): Text 'Fa' is set on object 'Object Repository/Page_KiboEngage  Broadcasts/input_Remove_text_2'

2019-04-22 15:32:38 - [MESSAGE][PASSED] - Text 'Fa' is set on object 'Object Repository/Page_KiboEngage  Broadcasts/input_Remove_text_2'

2019-04-22 15:32:38 - [TEST_STEP][PASSED] - click(findTestObject("Object Repository/Page_KiboEngage  Broadcasts/button_Reset")): Object: 'Object Repository/Page_KiboEngage  Broadcasts/button_Reset' is clicked on

2019-04-22 15:32:38 - [MESSAGE][PASSED] - Object: 'Object Repository/Page_KiboEngage  Broadcasts/button_Reset' is clicked on

2019-04-22 15:32:38 - [TEST_STEP][PASSED] - driver = getWebDriver(): null

2019-04-22 15:32:38 - [TEST_STEP][PASSED] - Table = driver.findElement(By.xpath("//*[@id="m-datatable--27866229129"]/tbody")): null

2019-04-22 15:32:38 - [TEST_STEP][PASSED] - rows_table = Table.findElements(By.tagName("tr")): null

2019-04-22 15:32:38 - [TEST_STEP][PASSED] - verifyEqual(rows_table.size(), 1): Actual object '1' and expected object '1' are equal

2019-04-22 15:32:38 - [MESSAGE][PASSED] - Actual object '1' and expected object '1' are equal]]></system-out>
         <system-err><![CDATA[]]></system-err>
      </testcase>
      <testcase name="Test Cases/SMS/Configuration in Settings/TC11210" classname="Test Cases/SMS/Configuration in Settings/TC11210" status="PASSED">
         <system-out><![CDATA[2019-04-22 15:32:38 - [TEST_CASE][PASSED] - Test Cases/SMS/Configuration in Settings/TC11210: Test Cases/SMS/Configuration in Settings/TC11210

2019-04-22 15:32:38 - [TEST_STEP][PASSED] - click(findTestObject("Page_KiboPush  Dashboard/span_Dashboard")): Object: 'Object Repository/Page_KiboPush  Dashboard/span_Dashboard' is clicked on

2019-04-22 15:32:38 - [MESSAGE][PASSED] - Object: 'Object Repository/Page_KiboPush  Dashboard/span_Dashboard' is clicked on

2019-04-22 15:32:38 - [TEST_STEP][PASSED] - delay(1): Delayed 1 second(s)

2019-04-22 15:32:39 - [MESSAGE][PASSED] - Delayed 1 second(s)

2019-04-22 15:32:39 - [TEST_STEP][PASSED] - click(findTestObject("Object Repository/Page_KiboEngage  Dashboard/span_Settings")): Object: 'Object Repository/Page_KiboEngage  Dashboard/span_Settings' is clicked on

2019-04-22 15:32:39 - [MESSAGE][PASSED] - Object: 'Object Repository/Page_KiboEngage  Dashboard/span_Settings' is clicked on

2019-04-22 15:32:39 - [TEST_STEP][PASSED] - delay(1): Delayed 1 second(s)

2019-04-22 15:32:40 - [MESSAGE][PASSED] - Delayed 1 second(s)

2019-04-22 15:32:40 - [TEST_STEP][PASSED] - click(findTestObject("Object Repository/Page_KiboEngage  Api Settings/a_Configuration")): Object: 'Object Repository/Page_KiboEngage  Api Settings/a_Configuration' is clicked on

2019-04-22 15:32:40 - [MESSAGE][PASSED] - Object: 'Object Repository/Page_KiboEngage  Api Settings/a_Configuration' is clicked on

2019-04-22 15:32:40 - [TEST_STEP][PASSED] - click(findTestObject("Object Repository/Page_KiboEngage  Api Settings/span_Configuration")): Object: 'Object Repository/Page_KiboEngage  Api Settings/span_Configuration' is clicked on

2019-04-22 15:32:40 - [MESSAGE][PASSED] - Object: 'Object Repository/Page_KiboEngage  Api Settings/span_Configuration' is clicked on]]></system-out>
         <system-err><![CDATA[]]></system-err>
      </testcase>
      <testcase name="Test Cases/SMS/Configuration in Settings/TC11211" classname="Test Cases/SMS/Configuration in Settings/TC11211" status="PASSED">
         <system-out><![CDATA[2019-04-22 15:32:40 - [TEST_CASE][PASSED] - Test Cases/SMS/Configuration in Settings/TC11211: Test Cases/SMS/Configuration in Settings/TC11211

2019-04-22 15:32:41 - [TEST_STEP][PASSED] - click(findTestObject("Page_KiboPush  Dashboard/span_Dashboard")): Object: 'Object Repository/Page_KiboPush  Dashboard/span_Dashboard' is clicked on

2019-04-22 15:32:41 - [MESSAGE][PASSED] - Object: 'Object Repository/Page_KiboPush  Dashboard/span_Dashboard' is clicked on

2019-04-22 15:32:41 - [TEST_STEP][PASSED] - delay(1): Delayed 1 second(s)

2019-04-22 15:32:42 - [MESSAGE][PASSED] - Delayed 1 second(s)

2019-04-22 15:32:42 - [TEST_STEP][PASSED] - click(findTestObject("Object Repository/Page_KiboEngage  Dashboard/span_Settings")): Object: 'Object Repository/Page_KiboEngage  Dashboard/span_Settings' is clicked on

2019-04-22 15:32:42 - [MESSAGE][PASSED] - Object: 'Object Repository/Page_KiboEngage  Dashboard/span_Settings' is clicked on

2019-04-22 15:32:42 - [TEST_STEP][PASSED] - delay(1): Delayed 1 second(s)

2019-04-22 15:32:43 - [MESSAGE][PASSED] - Delayed 1 second(s)

2019-04-22 15:32:43 - [TEST_STEP][PASSED] - click(findTestObject("Object Repository/Page_KiboEngage  Api Settings/a_Configuration (1)")): Object: 'Object Repository/Page_KiboEngage  Api Settings/a_Configuration (1)' is clicked on

2019-04-22 15:32:43 - [MESSAGE][PASSED] - Object: 'Object Repository/Page_KiboEngage  Api Settings/a_Configuration (1)' is clicked on

2019-04-22 15:32:43 - [TEST_STEP][PASSED] - click(findTestObject("Object Repository/Page_KiboEngage  Api Settings/span_Configuration (1)")): Object: 'Object Repository/Page_KiboEngage  Api Settings/span_Configuration (1)' is clicked on

2019-04-22 15:32:43 - [MESSAGE][PASSED] - Object: 'Object Repository/Page_KiboEngage  Api Settings/span_Configuration (1)' is clicked on

2019-04-22 15:32:43 - [TEST_STEP][PASSED] - click(findTestObject("Object Repository/Page_KiboEngage  Api Settings/button_Edit")): Object: 'Object Repository/Page_KiboEngage  Api Settings/button_Edit' is clicked on

2019-04-22 15:32:43 - [MESSAGE][PASSED] - Object: 'Object Repository/Page_KiboEngage  Api Settings/button_Edit' is clicked on

2019-04-22 15:32:43 - [TEST_STEP][PASSED] - click(findTestObject("Object Repository/Page_KiboEngage  Api Settings/h3_Connect with Twilio")): Object: 'Object Repository/Page_KiboEngage  Api Settings/h3_Connect with Twilio' is clicked on

2019-04-22 15:32:43 - [MESSAGE][PASSED] - Object: 'Object Repository/Page_KiboEngage  Api Settings/h3_Connect with Twilio' is clicked on]]></system-out>
         <system-err><![CDATA[]]></system-err>
      </testcase>
      <testcase name="Test Cases/SMS/Configuration in Settings/TC11212" classname="Test Cases/SMS/Configuration in Settings/TC11212" status="PASSED">
         <system-out><![CDATA[2019-04-22 15:32:43 - [TEST_CASE][PASSED] - Test Cases/SMS/Configuration in Settings/TC11212: Test Cases/SMS/Configuration in Settings/TC11212

2019-04-22 15:32:43 - [TEST_STEP][PASSED] - click(findTestObject("Page_KiboPush  Dashboard/span_Dashboard")): Object: 'Object Repository/Page_KiboPush  Dashboard/span_Dashboard' is clicked on

2019-04-22 15:32:43 - [MESSAGE][PASSED] - Object: 'Object Repository/Page_KiboPush  Dashboard/span_Dashboard' is clicked on

2019-04-22 15:32:43 - [TEST_STEP][PASSED] - delay(1): Delayed 1 second(s)

2019-04-22 15:32:44 - [MESSAGE][PASSED] - Delayed 1 second(s)

2019-04-22 15:32:44 - [TEST_STEP][PASSED] - click(findTestObject("Object Repository/Page_KiboEngage  Dashboard/span_Settings")): Object: 'Object Repository/Page_KiboEngage  Dashboard/span_Settings' is clicked on

2019-04-22 15:32:45 - [MESSAGE][PASSED] - Object: 'Object Repository/Page_KiboEngage  Dashboard/span_Settings' is clicked on

2019-04-22 15:32:45 - [TEST_STEP][PASSED] - delay(1): Delayed 1 second(s)

2019-04-22 15:32:46 - [MESSAGE][PASSED] - Delayed 1 second(s)

2019-04-22 15:32:46 - [TEST_STEP][PASSED] - click(findTestObject("Page_KiboEngage  Api Settings/a_Configuration (1) (1) (2)")): Object: 'Object Repository/Page_KiboEngage  Api Settings/a_Configuration (1) (1) (2)' is clicked on

2019-04-22 15:32:46 - [MESSAGE][PASSED] - Object: 'Object Repository/Page_KiboEngage  Api Settings/a_Configuration (1) (1) (2)' is clicked on

2019-04-22 15:32:46 - [TEST_STEP][PASSED] - click(findTestObject("Page_KiboEngage  Api Settings/span_Configuration (1) (1) (2)")): Object: 'Object Repository/Page_KiboEngage  Api Settings/span_Configuration (1) (1) (2)' is clicked on

2019-04-22 15:32:46 - [MESSAGE][PASSED] - Object: 'Object Repository/Page_KiboEngage  Api Settings/span_Configuration (1) (1) (2)' is clicked on

2019-04-22 15:32:46 - [TEST_STEP][PASSED] - click(findTestObject("Page_KiboEngage  Api Settings/button_Edit (1) (2)")): Object: 'Object Repository/Page_KiboEngage  Api Settings/button_Edit (1) (2)' is clicked on

2019-04-22 15:32:46 - [MESSAGE][PASSED] - Object: 'Object Repository/Page_KiboEngage  Api Settings/button_Edit (1) (2)' is clicked on

2019-04-22 15:32:46 - [TEST_STEP][PASSED] - click(findTestObject("Page_KiboEngage  Api Settings/h3_Connect with Twilio (1) (2)")): Object: 'Object Repository/Page_KiboEngage  Api Settings/h3_Connect with Twilio (1) (2)' is clicked on

2019-04-22 15:32:46 - [MESSAGE][PASSED] - Object: 'Object Repository/Page_KiboEngage  Api Settings/h3_Connect with Twilio (1) (2)' is clicked on

2019-04-22 15:32:46 - [TEST_STEP][PASSED] - delay(10): Delayed 10 second(s)

2019-04-22 15:32:56 - [MESSAGE][PASSED] - Delayed 10 second(s)

2019-04-22 15:32:56 - [TEST_STEP][PASSED] - driver = getWebDriver(): null

2019-04-22 15:32:56 - [TEST_STEP][PASSED] - sid = driver.findElement(By.xpath("/html/body/div[5]/div/div[2]/div/div/div[1]/div[1]/input")): null

2019-04-22 15:32:56 - [TEST_STEP][PASSED] - sid.clear(): null

2019-04-22 15:32:56 - [TEST_STEP][PASSED] - sid.sendKeys("a"): null

2019-04-22 15:32:56 - [TEST_STEP][PASSED] - token = driver.findElement(By.xpath("/html/body/div[5]/div/div[2]/div/div/div[1]/div[2]/input")): null

2019-04-22 15:32:56 - [TEST_STEP][PASSED] - token.clear(): null

2019-04-22 15:32:56 - [TEST_STEP][PASSED] - token.sendKeys("a"): null

2019-04-22 15:32:56 - [TEST_STEP][PASSED] - delay(10): Delayed 10 second(s)

2019-04-22 15:33:06 - [MESSAGE][PASSED] - Delayed 10 second(s)

2019-04-22 15:33:06 - [TEST_STEP][PASSED] - click(findTestObject("Page_KiboEngage  Api Settings/button_Submit (2)")): Object: 'Object Repository/Page_KiboEngage  Api Settings/button_Submit (2)' is clicked on

2019-04-22 15:33:06 - [MESSAGE][PASSED] - Object: 'Object Repository/Page_KiboEngage  Api Settings/button_Submit (2)' is clicked on

2019-04-22 15:33:06 - [TEST_STEP][PASSED] - click(findTestObject("Page_KiboEngage  Api Settings/div_Twilio account not found Please enter correct details (2)")): Object: 'Object Repository/Page_KiboEngage  Api Settings/div_Twilio account not found Please enter correct details (2)' is clicked on

2019-04-22 15:33:07 - [MESSAGE][PASSED] - Object: 'Object Repository/Page_KiboEngage  Api Settings/div_Twilio account not found Please enter correct details (2)' is clicked on]]></system-out>
         <system-err><![CDATA[]]></system-err>
      </testcase>
      <testcase name="Test Cases/SMS/Configuration in Settings/TC11213" classname="Test Cases/SMS/Configuration in Settings/TC11213" status="PASSED">
         <system-out><![CDATA[2019-04-22 15:33:07 - [TEST_CASE][PASSED] - Test Cases/SMS/Configuration in Settings/TC11213: Test Cases/SMS/Configuration in Settings/TC11213

2019-04-22 15:33:07 - [TEST_STEP][PASSED] - click(findTestObject("Page_KiboPush  Dashboard/span_Dashboard")): Object: 'Object Repository/Page_KiboPush  Dashboard/span_Dashboard' is clicked on

2019-04-22 15:33:08 - [MESSAGE][PASSED] - Object: 'Object Repository/Page_KiboPush  Dashboard/span_Dashboard' is clicked on

2019-04-22 15:33:08 - [TEST_STEP][PASSED] - delay(1): Delayed 1 second(s)

2019-04-22 15:33:09 - [MESSAGE][PASSED] - Delayed 1 second(s)

2019-04-22 15:33:09 - [TEST_STEP][PASSED] - click(findTestObject("Object Repository/Page_KiboEngage  Dashboard/span_Settings")): Object: 'Object Repository/Page_KiboEngage  Dashboard/span_Settings' is clicked on

2019-04-22 15:33:09 - [MESSAGE][PASSED] - Object: 'Object Repository/Page_KiboEngage  Dashboard/span_Settings' is clicked on

2019-04-22 15:33:09 - [TEST_STEP][PASSED] - delay(1): Delayed 1 second(s)

2019-04-22 15:33:10 - [MESSAGE][PASSED] - Delayed 1 second(s)

2019-04-22 15:33:10 - [TEST_STEP][PASSED] - click(findTestObject("Page_KiboEngage  Api Settings/a_Configuration (1) (1) (1)")): Object: 'Object Repository/Page_KiboEngage  Api Settings/a_Configuration (1) (1) (1)' is clicked on

2019-04-22 15:33:10 - [MESSAGE][PASSED] - Object: 'Object Repository/Page_KiboEngage  Api Settings/a_Configuration (1) (1) (1)' is clicked on

2019-04-22 15:33:10 - [TEST_STEP][PASSED] - click(findTestObject("Page_KiboEngage  Api Settings/span_Configuration (1) (1) (1)")): Object: 'Object Repository/Page_KiboEngage  Api Settings/span_Configuration (1) (1) (1)' is clicked on

2019-04-22 15:33:10 - [MESSAGE][PASSED] - Object: 'Object Repository/Page_KiboEngage  Api Settings/span_Configuration (1) (1) (1)' is clicked on

2019-04-22 15:33:10 - [TEST_STEP][PASSED] - click(findTestObject("Page_KiboEngage  Api Settings/button_Edit (1) (1)")): Object: 'Object Repository/Page_KiboEngage  Api Settings/button_Edit (1) (1)' is clicked on

2019-04-22 15:33:10 - [MESSAGE][PASSED] - Object: 'Object Repository/Page_KiboEngage  Api Settings/button_Edit (1) (1)' is clicked on

2019-04-22 15:33:10 - [TEST_STEP][PASSED] - click(findTestObject("Page_KiboEngage  Api Settings/h3_Connect with Twilio (1) (1)")): Object: 'Object Repository/Page_KiboEngage  Api Settings/h3_Connect with Twilio (1) (1)' is clicked on

2019-04-22 15:33:10 - [MESSAGE][PASSED] - Object: 'Object Repository/Page_KiboEngage  Api Settings/h3_Connect with Twilio (1) (1)' is clicked on

2019-04-22 15:33:10 - [TEST_STEP][PASSED] - delay(10): Delayed 10 second(s)

2019-04-22 15:33:20 - [MESSAGE][PASSED] - Delayed 10 second(s)

2019-04-22 15:33:20 - [TEST_STEP][PASSED] - driver = getWebDriver(): null

2019-04-22 15:33:20 - [TEST_STEP][PASSED] - token = driver.findElement(By.xpath("/html/body/div[5]/div/div[2]/div/div/div[1]/div[2]/input")): null

2019-04-22 15:33:20 - [TEST_STEP][PASSED] - token.clear(): null

2019-04-22 15:33:20 - [TEST_STEP][PASSED] - token.sendKeys("a"): null

2019-04-22 15:33:20 - [TEST_STEP][PASSED] - click(findTestObject("Page_KiboEngage  Api Settings/button_Submit (1)")): Object: 'Object Repository/Page_KiboEngage  Api Settings/button_Submit (1)' is clicked on

2019-04-22 15:33:20 - [MESSAGE][PASSED] - Object: 'Object Repository/Page_KiboEngage  Api Settings/button_Submit (1)' is clicked on

2019-04-22 15:33:20 - [TEST_STEP][PASSED] - click(findTestObject("Page_KiboEngage  Api Settings/div_Twilio account not found Please enter correct details (1)")): Object: 'Object Repository/Page_KiboEngage  Api Settings/div_Twilio account not found Please enter correct details (1)' is clicked on

2019-04-22 15:33:21 - [MESSAGE][PASSED] - Object: 'Object Repository/Page_KiboEngage  Api Settings/div_Twilio account not found Please enter correct details (1)' is clicked on]]></system-out>
         <system-err><![CDATA[]]></system-err>
      </testcase>
      <testcase name="Test Cases/SMS/Configuration in Settings/TC11214" classname="Test Cases/SMS/Configuration in Settings/TC11214" status="ERROR">
         <error type="ERROR" message="Test Cases/SMS/Configuration in Settings/TC11214 FAILED.
Reason:
org.openqa.selenium.NoSuchElementException: no such element: Unable to locate element: {&quot;method&quot;:&quot;xpath&quot;,&quot;selector&quot;:&quot;/html/body/div[5]/div/div[2]/div/div/div[1]/div[1]/input&quot;}
  (Session info: chrome=73.0.3683.75)
  (Driver info: chromedriver=2.43.600233 (523efee95e3d68b8719b3a1c83051aa63aa6b10d),platform=Linux 4.18.0-17-generic x86_64) (WARNING: The server did not provide any stacktrace information)
Command duration or timeout: 0 milliseconds
For documentation on this error, please visit: http://seleniumhq.org/exceptions/no_such_element.html
Build info: version: '3.7.1', revision: '8a0099a', time: '2017-11-06T21:07:36.161Z'
System info: host: 'cloudkibo-faizan', ip: '127.0.1.1', os.name: 'Linux', os.arch: 'amd64', os.version: '4.18.0-17-generic', java.version: '1.8.0_191'
Driver info: com.kms.katalon.selenium.driver.CChromeDriver
Capabilities {acceptInsecureCerts: false, acceptSslCerts: false, applicationCacheEnabled: false, browserConnectionEnabled: false, browserName: chrome, chrome: {chromedriverVersion: 2.43.600233 (523efee95e3d68..., userDataDir: /tmp/.org.chromium.Chromium...}, cssSelectorsEnabled: true, databaseEnabled: false, goog:chromeOptions: {debuggerAddress: localhost:43909}, handlesAlerts: true, hasTouchScreen: false, javascriptEnabled: true, locationContextEnabled: true, mobileEmulationEnabled: false, nativeEvents: true, networkConnectionEnabled: false, pageLoadStrategy: normal, platform: LINUX, platformName: LINUX, rotatable: false, setWindowRect: true, takesHeapSnapshot: true, takesScreenshot: true, unexpectedAlertBehaviour: , unhandledPromptBehavior: , version: 73.0.3683.75, webStorageEnabled: true}
Session ID: 82609ceb366cfc5d34e3b9e56e553246
*** Element info: {Using=xpath, value=/html/body/div[5]/div/div[2]/div/div/div[1]/div[1]/input}
	at org.openqa.selenium.remote.ErrorHandler.createThrowable(ErrorHandler.java:214)
	at org.openqa.selenium.remote.ErrorHandler.throwIfResponseFailed(ErrorHandler.java:166)
	at org.openqa.selenium.remote.http.JsonHttpResponseCodec.reconstructValue(JsonHttpResponseCodec.java:40)
	at org.openqa.selenium.remote.http.AbstractHttpResponseCodec.decode(AbstractHttpResponseCodec.java:80)
	at org.openqa.selenium.remote.http.AbstractHttpResponseCodec.decode(AbstractHttpResponseCodec.java:44)
	at org.openqa.selenium.remote.HttpCommandExecutor.execute(HttpCommandExecutor.java:164)
	at org.openqa.selenium.remote.service.DriverCommandExecutor.execute(DriverCommandExecutor.java:83)
	at org.openqa.selenium.remote.RemoteWebDriver.execute(RemoteWebDriver.java:600)
	at com.kms.katalon.selenium.driver.CChromeDriver.execute(CChromeDriver.java:20)
	at org.openqa.selenium.remote.RemoteWebDriver.findElement(RemoteWebDriver.java:370)
	at org.openqa.selenium.remote.RemoteWebDriver.findElementByXPath(RemoteWebDriver.java:472)
	at org.openqa.selenium.By$ByXPath.findElement(By.java:361)
	at org.openqa.selenium.remote.RemoteWebDriver.findElement(RemoteWebDriver.java:362)
	at org.openqa.selenium.WebDriver$findElement.call(Unknown Source)
	at TC11214.run(TC11214:40)
	at com.kms.katalon.core.main.ScriptEngine.run(ScriptEngine.java:194)
	at com.kms.katalon.core.main.ScriptEngine.runScriptAsRawText(ScriptEngine.java:119)
	at com.kms.katalon.core.main.TestCaseExecutor.runScript(TestCaseExecutor.java:331)
	at com.kms.katalon.core.main.TestCaseExecutor.doExecute(TestCaseExecutor.java:322)
	at com.kms.katalon.core.main.TestCaseExecutor.processExecutionPhase(TestCaseExecutor.java:301)
	at com.kms.katalon.core.main.TestCaseExecutor.accessMainPhase(TestCaseExecutor.java:293)
	at com.kms.katalon.core.main.TestCaseExecutor.execute(TestCaseExecutor.java:227)
	at com.kms.katalon.core.main.TestSuiteExecutor.accessTestCaseMainPhase(TestSuiteExecutor.java:129)
	at com.kms.katalon.core.main.TestSuiteExecutor.accessTestSuiteMainPhase(TestSuiteExecutor.java:112)
	at com.kms.katalon.core.main.TestSuiteExecutor.execute(TestSuiteExecutor.java:81)
	at com.kms.katalon.core.main.TestCaseMain.startTestSuite(TestCaseMain.java:157)
	at com.kms.katalon.core.main.TestCaseMain$startTestSuite$0.call(Unknown Source)
	at TempTestSuite1555928323663.run(TempTestSuite1555928323663.groovy:35)
"/>
         <system-out><![CDATA[2019-04-22 15:33:21 - [TEST_CASE][ERROR] - Test Cases/SMS/Configuration in Settings/TC11214: Test Cases/SMS/Configuration in Settings/TC11214 FAILED.
Reason:
org.openqa.selenium.NoSuchElementException: no such element: Unable to locate element: {"method":"xpath","selector":"/html/body/div[5]/div/div[2]/div/div/div[1]/div[1]/input"}
  (Session info: chrome=73.0.3683.75)
  (Driver info: chromedriver=2.43.600233 (523efee95e3d68b8719b3a1c83051aa63aa6b10d),platform=Linux 4.18.0-17-generic x86_64) (WARNING: The server did not provide any stacktrace information)
Command duration or timeout: 0 milliseconds
For documentation on this error, please visit: http://seleniumhq.org/exceptions/no_such_element.html
Build info: version: '3.7.1', revision: '8a0099a', time: '2017-11-06T21:07:36.161Z'
System info: host: 'cloudkibo-faizan', ip: '127.0.1.1', os.name: 'Linux', os.arch: 'amd64', os.version: '4.18.0-17-generic', java.version: '1.8.0_191'
Driver info: com.kms.katalon.selenium.driver.CChromeDriver
Capabilities {acceptInsecureCerts: false, acceptSslCerts: false, applicationCacheEnabled: false, browserConnectionEnabled: false, browserName: chrome, chrome: {chromedriverVersion: 2.43.600233 (523efee95e3d68..., userDataDir: /tmp/.org.chromium.Chromium...}, cssSelectorsEnabled: true, databaseEnabled: false, goog:chromeOptions: {debuggerAddress: localhost:43909}, handlesAlerts: true, hasTouchScreen: false, javascriptEnabled: true, locationContextEnabled: true, mobileEmulationEnabled: false, nativeEvents: true, networkConnectionEnabled: false, pageLoadStrategy: normal, platform: LINUX, platformName: LINUX, rotatable: false, setWindowRect: true, takesHeapSnapshot: true, takesScreenshot: true, unexpectedAlertBehaviour: , unhandledPromptBehavior: , version: 73.0.3683.75, webStorageEnabled: true}
Session ID: 82609ceb366cfc5d34e3b9e56e553246
*** Element info: {Using=xpath, value=/html/body/div[5]/div/div[2]/div/div/div[1]/div[1]/input}
	at org.openqa.selenium.remote.ErrorHandler.createThrowable(ErrorHandler.java:214)
	at org.openqa.selenium.remote.ErrorHandler.throwIfResponseFailed(ErrorHandler.java:166)
	at org.openqa.selenium.remote.http.JsonHttpResponseCodec.reconstructValue(JsonHttpResponseCodec.java:40)
	at org.openqa.selenium.remote.http.AbstractHttpResponseCodec.decode(AbstractHttpResponseCodec.java:80)
	at org.openqa.selenium.remote.http.AbstractHttpResponseCodec.decode(AbstractHttpResponseCodec.java:44)
	at org.openqa.selenium.remote.HttpCommandExecutor.execute(HttpCommandExecutor.java:164)
	at org.openqa.selenium.remote.service.DriverCommandExecutor.execute(DriverCommandExecutor.java:83)
	at org.openqa.selenium.remote.RemoteWebDriver.execute(RemoteWebDriver.java:600)
	at com.kms.katalon.selenium.driver.CChromeDriver.execute(CChromeDriver.java:20)
	at org.openqa.selenium.remote.RemoteWebDriver.findElement(RemoteWebDriver.java:370)
	at org.openqa.selenium.remote.RemoteWebDriver.findElementByXPath(RemoteWebDriver.java:472)
	at org.openqa.selenium.By$ByXPath.findElement(By.java:361)
	at org.openqa.selenium.remote.RemoteWebDriver.findElement(RemoteWebDriver.java:362)
	at org.openqa.selenium.WebDriver$findElement.call(Unknown Source)
	at TC11214.run(TC11214:40)
	at com.kms.katalon.core.main.ScriptEngine.run(ScriptEngine.java:194)
	at com.kms.katalon.core.main.ScriptEngine.runScriptAsRawText(ScriptEngine.java:119)
	at com.kms.katalon.core.main.TestCaseExecutor.runScript(TestCaseExecutor.java:331)
	at com.kms.katalon.core.main.TestCaseExecutor.doExecute(TestCaseExecutor.java:322)
	at com.kms.katalon.core.main.TestCaseExecutor.processExecutionPhase(TestCaseExecutor.java:301)
	at com.kms.katalon.core.main.TestCaseExecutor.accessMainPhase(TestCaseExecutor.java:293)
	at com.kms.katalon.core.main.TestCaseExecutor.execute(TestCaseExecutor.java:227)
	at com.kms.katalon.core.main.TestSuiteExecutor.accessTestCaseMainPhase(TestSuiteExecutor.java:129)
	at com.kms.katalon.core.main.TestSuiteExecutor.accessTestSuiteMainPhase(TestSuiteExecutor.java:112)
	at com.kms.katalon.core.main.TestSuiteExecutor.execute(TestSuiteExecutor.java:81)
	at com.kms.katalon.core.main.TestCaseMain.startTestSuite(TestCaseMain.java:157)
	at com.kms.katalon.core.main.TestCaseMain$startTestSuite$0.call(Unknown Source)
	at TempTestSuite1555928323663.run(TempTestSuite1555928323663.groovy:35)


2019-04-22 15:33:22 - [TEST_STEP][PASSED] - click(findTestObject("Page_KiboPush  Dashboard/span_Dashboard")): Object: 'Object Repository/Page_KiboPush  Dashboard/span_Dashboard' is clicked on

2019-04-22 15:33:22 - [MESSAGE][PASSED] - Object: 'Object Repository/Page_KiboPush  Dashboard/span_Dashboard' is clicked on

2019-04-22 15:33:22 - [TEST_STEP][PASSED] - delay(1): Delayed 1 second(s)

2019-04-22 15:33:23 - [MESSAGE][PASSED] - Delayed 1 second(s)

2019-04-22 15:33:23 - [TEST_STEP][PASSED] - click(findTestObject("Object Repository/Page_KiboEngage  Dashboard/span_Settings")): Object: 'Object Repository/Page_KiboEngage  Dashboard/span_Settings' is clicked on

2019-04-22 15:33:23 - [MESSAGE][PASSED] - Object: 'Object Repository/Page_KiboEngage  Dashboard/span_Settings' is clicked on

2019-04-22 15:33:23 - [TEST_STEP][PASSED] - delay(1): Delayed 1 second(s)

2019-04-22 15:33:24 - [MESSAGE][PASSED] - Delayed 1 second(s)

2019-04-22 15:33:24 - [TEST_STEP][PASSED] - click(findTestObject("Page_KiboEngage  Api Settings/a_Configuration (1) (1) (1)")): Object: 'Object Repository/Page_KiboEngage  Api Settings/a_Configuration (1) (1) (1)' is clicked on

2019-04-22 15:33:24 - [MESSAGE][PASSED] - Object: 'Object Repository/Page_KiboEngage  Api Settings/a_Configuration (1) (1) (1)' is clicked on

2019-04-22 15:33:24 - [TEST_STEP][PASSED] - click(findTestObject("Page_KiboEngage  Api Settings/span_Configuration (1) (1) (1)")): Object: 'Object Repository/Page_KiboEngage  Api Settings/span_Configuration (1) (1) (1)' is clicked on

2019-04-22 15:33:24 - [MESSAGE][PASSED] - Object: 'Object Repository/Page_KiboEngage  Api Settings/span_Configuration (1) (1) (1)' is clicked on

2019-04-22 15:33:24 - [TEST_STEP][PASSED] - click(findTestObject("Page_KiboEngage  Api Settings/button_Edit (1) (1)")): Object: 'Object Repository/Page_KiboEngage  Api Settings/button_Edit (1) (1)' is clicked on

2019-04-22 15:33:24 - [MESSAGE][PASSED] - Object: 'Object Repository/Page_KiboEngage  Api Settings/button_Edit (1) (1)' is clicked on

2019-04-22 15:33:24 - [TEST_STEP][PASSED] - click(findTestObject("Page_KiboEngage  Api Settings/h3_Connect with Twilio (1) (1)")): Object: 'Object Repository/Page_KiboEngage  Api Settings/h3_Connect with Twilio (1) (1)' is clicked on

2019-04-22 15:33:24 - [MESSAGE][PASSED] - Object: 'Object Repository/Page_KiboEngage  Api Settings/h3_Connect with Twilio (1) (1)' is clicked on

2019-04-22 15:33:24 - [TEST_STEP][PASSED] - delay(10): Delayed 10 second(s)

2019-04-22 15:33:34 - [MESSAGE][PASSED] - Delayed 10 second(s)

2019-04-22 15:33:34 - [TEST_STEP][PASSED] - driver = getWebDriver(): null

2019-04-22 15:33:34 - [TEST_STEP][ERROR] - sid = driver.findElement(By.xpath("/html/body/div[5]/div/div[2]/div/div/div[1]/div[1]/input")): sid = driver.findElement(By.xpath("/html/body/div[5]/div/div[2]/div/div/div[1]/div[1]/input")) FAILED.
Reason:
org.openqa.selenium.NoSuchElementException: no such element: Unable to locate element: {"method":"xpath","selector":"/html/body/div[5]/div/div[2]/div/div/div[1]/div[1]/input"}
  (Session info: chrome=73.0.3683.75)
  (Driver info: chromedriver=2.43.600233 (523efee95e3d68b8719b3a1c83051aa63aa6b10d),platform=Linux 4.18.0-17-generic x86_64) (WARNING: The server did not provide any stacktrace information)
Command duration or timeout: 0 milliseconds
For documentation on this error, please visit: http://seleniumhq.org/exceptions/no_such_element.html
Build info: version: '3.7.1', revision: '8a0099a', time: '2017-11-06T21:07:36.161Z'
System info: host: 'cloudkibo-faizan', ip: '127.0.1.1', os.name: 'Linux', os.arch: 'amd64', os.version: '4.18.0-17-generic', java.version: '1.8.0_191'
Driver info: com.kms.katalon.selenium.driver.CChromeDriver
Capabilities {acceptInsecureCerts: false, acceptSslCerts: false, applicationCacheEnabled: false, browserConnectionEnabled: false, browserName: chrome, chrome: {chromedriverVersion: 2.43.600233 (523efee95e3d68..., userDataDir: /tmp/.org.chromium.Chromium...}, cssSelectorsEnabled: true, databaseEnabled: false, goog:chromeOptions: {debuggerAddress: localhost:43909}, handlesAlerts: true, hasTouchScreen: false, javascriptEnabled: true, locationContextEnabled: true, mobileEmulationEnabled: false, nativeEvents: true, networkConnectionEnabled: false, pageLoadStrategy: normal, platform: LINUX, platformName: LINUX, rotatable: false, setWindowRect: true, takesHeapSnapshot: true, takesScreenshot: true, unexpectedAlertBehaviour: , unhandledPromptBehavior: , version: 73.0.3683.75, webStorageEnabled: true}
Session ID: 82609ceb366cfc5d34e3b9e56e553246
*** Element info: {Using=xpath, value=/html/body/div[5]/div/div[2]/div/div/div[1]/div[1]/input}
	at org.openqa.selenium.remote.ErrorHandler.createThrowable(ErrorHandler.java:214)
	at org.openqa.selenium.remote.ErrorHandler.throwIfResponseFailed(ErrorHandler.java:166)
	at org.openqa.selenium.remote.http.JsonHttpResponseCodec.reconstructValue(JsonHttpResponseCodec.java:40)
	at org.openqa.selenium.remote.http.AbstractHttpResponseCodec.decode(AbstractHttpResponseCodec.java:80)
	at org.openqa.selenium.remote.http.AbstractHttpResponseCodec.decode(AbstractHttpResponseCodec.java:44)
	at org.openqa.selenium.remote.HttpCommandExecutor.execute(HttpCommandExecutor.java:164)
	at org.openqa.selenium.remote.service.DriverCommandExecutor.execute(DriverCommandExecutor.java:83)
	at org.openqa.selenium.remote.RemoteWebDriver.execute(RemoteWebDriver.java:600)
	at com.kms.katalon.selenium.driver.CChromeDriver.execute(CChromeDriver.java:20)
	at org.openqa.selenium.remote.RemoteWebDriver.findElement(RemoteWebDriver.java:370)
	at org.openqa.selenium.remote.RemoteWebDriver.findElementByXPath(RemoteWebDriver.java:472)
	at org.openqa.selenium.By$ByXPath.findElement(By.java:361)
	at org.openqa.selenium.remote.RemoteWebDriver.findElement(RemoteWebDriver.java:362)
	at org.openqa.selenium.WebDriver$findElement.call(Unknown Source)
	at TC11214.run(TC11214:40)
	at com.kms.katalon.core.main.ScriptEngine.run(ScriptEngine.java:194)
	at com.kms.katalon.core.main.ScriptEngine.runScriptAsRawText(ScriptEngine.java:119)
	at com.kms.katalon.core.main.TestCaseExecutor.runScript(TestCaseExecutor.java:331)
	at com.kms.katalon.core.main.TestCaseExecutor.doExecute(TestCaseExecutor.java:322)
	at com.kms.katalon.core.main.TestCaseExecutor.processExecutionPhase(TestCaseExecutor.java:301)
	at com.kms.katalon.core.main.TestCaseExecutor.accessMainPhase(TestCaseExecutor.java:293)
	at com.kms.katalon.core.main.TestCaseExecutor.execute(TestCaseExecutor.java:227)
	at com.kms.katalon.core.main.TestSuiteExecutor.accessTestCaseMainPhase(TestSuiteExecutor.java:129)
	at com.kms.katalon.core.main.TestSuiteExecutor.accessTestSuiteMainPhase(TestSuiteExecutor.java:112)
	at com.kms.katalon.core.main.TestSuiteExecutor.execute(TestSuiteExecutor.java:81)
	at com.kms.katalon.core.main.TestCaseMain.startTestSuite(TestCaseMain.java:157)
	at com.kms.katalon.core.main.TestCaseMain$startTestSuite$0.call(Unknown Source)
	at TempTestSuite1555928323663.run(TempTestSuite1555928323663.groovy:35)


2019-04-22 15:33:34 - [MESSAGE][ERROR] - sid = driver.findElement(By.xpath("/html/body/div[5]/div/div[2]/div/div/div[1]/div[1]/input")) FAILED.
Reason:
org.openqa.selenium.NoSuchElementException: no such element: Unable to locate element: {"method":"xpath","selector":"/html/body/div[5]/div/div[2]/div/div/div[1]/div[1]/input"}
  (Session info: chrome=73.0.3683.75)
  (Driver info: chromedriver=2.43.600233 (523efee95e3d68b8719b3a1c83051aa63aa6b10d),platform=Linux 4.18.0-17-generic x86_64) (WARNING: The server did not provide any stacktrace information)
Command duration or timeout: 0 milliseconds
For documentation on this error, please visit: http://seleniumhq.org/exceptions/no_such_element.html
Build info: version: '3.7.1', revision: '8a0099a', time: '2017-11-06T21:07:36.161Z'
System info: host: 'cloudkibo-faizan', ip: '127.0.1.1', os.name: 'Linux', os.arch: 'amd64', os.version: '4.18.0-17-generic', java.version: '1.8.0_191'
Driver info: com.kms.katalon.selenium.driver.CChromeDriver
Capabilities {acceptInsecureCerts: false, acceptSslCerts: false, applicationCacheEnabled: false, browserConnectionEnabled: false, browserName: chrome, chrome: {chromedriverVersion: 2.43.600233 (523efee95e3d68..., userDataDir: /tmp/.org.chromium.Chromium...}, cssSelectorsEnabled: true, databaseEnabled: false, goog:chromeOptions: {debuggerAddress: localhost:43909}, handlesAlerts: true, hasTouchScreen: false, javascriptEnabled: true, locationContextEnabled: true, mobileEmulationEnabled: false, nativeEvents: true, networkConnectionEnabled: false, pageLoadStrategy: normal, platform: LINUX, platformName: LINUX, rotatable: false, setWindowRect: true, takesHeapSnapshot: true, takesScreenshot: true, unexpectedAlertBehaviour: , unhandledPromptBehavior: , version: 73.0.3683.75, webStorageEnabled: true}
Session ID: 82609ceb366cfc5d34e3b9e56e553246
*** Element info: {Using=xpath, value=/html/body/div[5]/div/div[2]/div/div/div[1]/div[1]/input}
	at org.openqa.selenium.remote.ErrorHandler.createThrowable(ErrorHandler.java:214)
	at org.openqa.selenium.remote.ErrorHandler.throwIfResponseFailed(ErrorHandler.java:166)
	at org.openqa.selenium.remote.http.JsonHttpResponseCodec.reconstructValue(JsonHttpResponseCodec.java:40)
	at org.openqa.selenium.remote.http.AbstractHttpResponseCodec.decode(AbstractHttpResponseCodec.java:80)
	at org.openqa.selenium.remote.http.AbstractHttpResponseCodec.decode(AbstractHttpResponseCodec.java:44)
	at org.openqa.selenium.remote.HttpCommandExecutor.execute(HttpCommandExecutor.java:164)
	at org.openqa.selenium.remote.service.DriverCommandExecutor.execute(DriverCommandExecutor.java:83)
	at org.openqa.selenium.remote.RemoteWebDriver.execute(RemoteWebDriver.java:600)
	at com.kms.katalon.selenium.driver.CChromeDriver.execute(CChromeDriver.java:20)
	at org.openqa.selenium.remote.RemoteWebDriver.findElement(RemoteWebDriver.java:370)
	at org.openqa.selenium.remote.RemoteWebDriver.findElementByXPath(RemoteWebDriver.java:472)
	at org.openqa.selenium.By$ByXPath.findElement(By.java:361)
	at org.openqa.selenium.remote.RemoteWebDriver.findElement(RemoteWebDriver.java:362)
	at org.openqa.selenium.WebDriver$findElement.call(Unknown Source)
	at TC11214.run(TC11214:40)
	at com.kms.katalon.core.main.ScriptEngine.run(ScriptEngine.java:194)
	at com.kms.katalon.core.main.ScriptEngine.runScriptAsRawText(ScriptEngine.java:119)
	at com.kms.katalon.core.main.TestCaseExecutor.runScript(TestCaseExecutor.java:331)
	at com.kms.katalon.core.main.TestCaseExecutor.doExecute(TestCaseExecutor.java:322)
	at com.kms.katalon.core.main.TestCaseExecutor.processExecutionPhase(TestCaseExecutor.java:301)
	at com.kms.katalon.core.main.TestCaseExecutor.accessMainPhase(TestCaseExecutor.java:293)
	at com.kms.katalon.core.main.TestCaseExecutor.execute(TestCaseExecutor.java:227)
	at com.kms.katalon.core.main.TestSuiteExecutor.accessTestCaseMainPhase(TestSuiteExecutor.java:129)
	at com.kms.katalon.core.main.TestSuiteExecutor.accessTestSuiteMainPhase(TestSuiteExecutor.java:112)
	at com.kms.katalon.core.main.TestSuiteExecutor.execute(TestSuiteExecutor.java:81)
	at com.kms.katalon.core.main.TestCaseMain.startTestSuite(TestCaseMain.java:157)
	at com.kms.katalon.core.main.TestCaseMain$startTestSuite$0.call(Unknown Source)
	at TempTestSuite1555928323663.run(TempTestSuite1555928323663.groovy:35)]]></system-out>
         <system-err><![CDATA[2019-04-22 15:33:21 - [TEST_CASE][ERROR] - Test Cases/SMS/Configuration in Settings/TC11214: Test Cases/SMS/Configuration in Settings/TC11214 FAILED.
Reason:
org.openqa.selenium.NoSuchElementException: no such element: Unable to locate element: {"method":"xpath","selector":"/html/body/div[5]/div/div[2]/div/div/div[1]/div[1]/input"}
  (Session info: chrome=73.0.3683.75)
  (Driver info: chromedriver=2.43.600233 (523efee95e3d68b8719b3a1c83051aa63aa6b10d),platform=Linux 4.18.0-17-generic x86_64) (WARNING: The server did not provide any stacktrace information)
Command duration or timeout: 0 milliseconds
For documentation on this error, please visit: http://seleniumhq.org/exceptions/no_such_element.html
Build info: version: '3.7.1', revision: '8a0099a', time: '2017-11-06T21:07:36.161Z'
System info: host: 'cloudkibo-faizan', ip: '127.0.1.1', os.name: 'Linux', os.arch: 'amd64', os.version: '4.18.0-17-generic', java.version: '1.8.0_191'
Driver info: com.kms.katalon.selenium.driver.CChromeDriver
Capabilities {acceptInsecureCerts: false, acceptSslCerts: false, applicationCacheEnabled: false, browserConnectionEnabled: false, browserName: chrome, chrome: {chromedriverVersion: 2.43.600233 (523efee95e3d68..., userDataDir: /tmp/.org.chromium.Chromium...}, cssSelectorsEnabled: true, databaseEnabled: false, goog:chromeOptions: {debuggerAddress: localhost:43909}, handlesAlerts: true, hasTouchScreen: false, javascriptEnabled: true, locationContextEnabled: true, mobileEmulationEnabled: false, nativeEvents: true, networkConnectionEnabled: false, pageLoadStrategy: normal, platform: LINUX, platformName: LINUX, rotatable: false, setWindowRect: true, takesHeapSnapshot: true, takesScreenshot: true, unexpectedAlertBehaviour: , unhandledPromptBehavior: , version: 73.0.3683.75, webStorageEnabled: true}
Session ID: 82609ceb366cfc5d34e3b9e56e553246
*** Element info: {Using=xpath, value=/html/body/div[5]/div/div[2]/div/div/div[1]/div[1]/input}
	at org.openqa.selenium.remote.ErrorHandler.createThrowable(ErrorHandler.java:214)
	at org.openqa.selenium.remote.ErrorHandler.throwIfResponseFailed(ErrorHandler.java:166)
	at org.openqa.selenium.remote.http.JsonHttpResponseCodec.reconstructValue(JsonHttpResponseCodec.java:40)
	at org.openqa.selenium.remote.http.AbstractHttpResponseCodec.decode(AbstractHttpResponseCodec.java:80)
	at org.openqa.selenium.remote.http.AbstractHttpResponseCodec.decode(AbstractHttpResponseCodec.java:44)
	at org.openqa.selenium.remote.HttpCommandExecutor.execute(HttpCommandExecutor.java:164)
	at org.openqa.selenium.remote.service.DriverCommandExecutor.execute(DriverCommandExecutor.java:83)
	at org.openqa.selenium.remote.RemoteWebDriver.execute(RemoteWebDriver.java:600)
	at com.kms.katalon.selenium.driver.CChromeDriver.execute(CChromeDriver.java:20)
	at org.openqa.selenium.remote.RemoteWebDriver.findElement(RemoteWebDriver.java:370)
	at org.openqa.selenium.remote.RemoteWebDriver.findElementByXPath(RemoteWebDriver.java:472)
	at org.openqa.selenium.By$ByXPath.findElement(By.java:361)
	at org.openqa.selenium.remote.RemoteWebDriver.findElement(RemoteWebDriver.java:362)
	at org.openqa.selenium.WebDriver$findElement.call(Unknown Source)
	at TC11214.run(TC11214:40)
	at com.kms.katalon.core.main.ScriptEngine.run(ScriptEngine.java:194)
	at com.kms.katalon.core.main.ScriptEngine.runScriptAsRawText(ScriptEngine.java:119)
	at com.kms.katalon.core.main.TestCaseExecutor.runScript(TestCaseExecutor.java:331)
	at com.kms.katalon.core.main.TestCaseExecutor.doExecute(TestCaseExecutor.java:322)
	at com.kms.katalon.core.main.TestCaseExecutor.processExecutionPhase(TestCaseExecutor.java:301)
	at com.kms.katalon.core.main.TestCaseExecutor.accessMainPhase(TestCaseExecutor.java:293)
	at com.kms.katalon.core.main.TestCaseExecutor.execute(TestCaseExecutor.java:227)
	at com.kms.katalon.core.main.TestSuiteExecutor.accessTestCaseMainPhase(TestSuiteExecutor.java:129)
	at com.kms.katalon.core.main.TestSuiteExecutor.accessTestSuiteMainPhase(TestSuiteExecutor.java:112)
	at com.kms.katalon.core.main.TestSuiteExecutor.execute(TestSuiteExecutor.java:81)
	at com.kms.katalon.core.main.TestCaseMain.startTestSuite(TestCaseMain.java:157)
	at com.kms.katalon.core.main.TestCaseMain$startTestSuite$0.call(Unknown Source)
	at TempTestSuite1555928323663.run(TempTestSuite1555928323663.groovy:35)]]></system-err>
      </testcase>
      <testcase name="Test Cases/SMS/Configuration in Settings/TC11215" classname="Test Cases/SMS/Configuration in Settings/TC11215" status="PASSED">
         <system-out><![CDATA[2019-04-22 15:33:34 - [TEST_CASE][PASSED] - Test Cases/SMS/Configuration in Settings/TC11215: Test Cases/SMS/Configuration in Settings/TC11215

2019-04-22 15:33:34 - [TEST_STEP][PASSED] - click(findTestObject("Page_KiboPush  Dashboard/span_Dashboard")): Object: 'Object Repository/Page_KiboPush  Dashboard/span_Dashboard' is clicked on

2019-04-22 15:33:34 - [MESSAGE][PASSED] - Object: 'Object Repository/Page_KiboPush  Dashboard/span_Dashboard' is clicked on

2019-04-22 15:33:34 - [TEST_STEP][PASSED] - delay(1): Delayed 1 second(s)

2019-04-22 15:33:35 - [MESSAGE][PASSED] - Delayed 1 second(s)

2019-04-22 15:33:35 - [TEST_STEP][PASSED] - click(findTestObject("Object Repository/Page_KiboEngage  Dashboard/span_Settings")): Object: 'Object Repository/Page_KiboEngage  Dashboard/span_Settings' is clicked on

2019-04-22 15:33:36 - [MESSAGE][PASSED] - Object: 'Object Repository/Page_KiboEngage  Dashboard/span_Settings' is clicked on

2019-04-22 15:33:36 - [TEST_STEP][PASSED] - delay(1): Delayed 1 second(s)

2019-04-22 15:33:37 - [MESSAGE][PASSED] - Delayed 1 second(s)

2019-04-22 15:33:37 - [TEST_STEP][PASSED] - click(findTestObject("Page_KiboEngage  Api Settings/a_Configuration (1) (1) (2)")): Object: 'Object Repository/Page_KiboEngage  Api Settings/a_Configuration (1) (1) (2)' is clicked on

2019-04-22 15:33:37 - [MESSAGE][PASSED] - Object: 'Object Repository/Page_KiboEngage  Api Settings/a_Configuration (1) (1) (2)' is clicked on

2019-04-22 15:33:37 - [TEST_STEP][PASSED] - click(findTestObject("Page_KiboEngage  Api Settings/span_Configuration (1) (1) (2)")): Object: 'Object Repository/Page_KiboEngage  Api Settings/span_Configuration (1) (1) (2)' is clicked on

2019-04-22 15:33:37 - [MESSAGE][PASSED] - Object: 'Object Repository/Page_KiboEngage  Api Settings/span_Configuration (1) (1) (2)' is clicked on

2019-04-22 15:33:37 - [TEST_STEP][PASSED] - click(findTestObject("Page_KiboEngage  Api Settings/button_Edit (1) (2)")): Object: 'Object Repository/Page_KiboEngage  Api Settings/button_Edit (1) (2)' is clicked on

2019-04-22 15:33:37 - [MESSAGE][PASSED] - Object: 'Object Repository/Page_KiboEngage  Api Settings/button_Edit (1) (2)' is clicked on

2019-04-22 15:33:37 - [TEST_STEP][PASSED] - click(findTestObject("Page_KiboEngage  Api Settings/h3_Connect with Twilio (1) (2)")): Object: 'Object Repository/Page_KiboEngage  Api Settings/h3_Connect with Twilio (1) (2)' is clicked on

2019-04-22 15:33:37 - [MESSAGE][PASSED] - Object: 'Object Repository/Page_KiboEngage  Api Settings/h3_Connect with Twilio (1) (2)' is clicked on

2019-04-22 15:33:37 - [TEST_STEP][PASSED] - delay(10): Delayed 10 second(s)

2019-04-22 15:33:47 - [MESSAGE][PASSED] - Delayed 10 second(s)

2019-04-22 15:33:47 - [TEST_STEP][PASSED] - driver = getWebDriver(): null

2019-04-22 15:33:47 - [TEST_STEP][PASSED] - sid = driver.findElement(By.xpath("/html/body/div[5]/div/div[2]/div/div/div[1]/div[1]/input")): null

2019-04-22 15:33:47 - [TEST_STEP][PASSED] - sid.clear(): null

2019-04-22 15:33:47 - [TEST_STEP][PASSED] - sid.sendKeys("a"): null

2019-04-22 15:33:47 - [TEST_STEP][PASSED] - token = driver.findElement(By.xpath("/html/body/div[5]/div/div[2]/div/div/div[1]/div[2]/input")): null

2019-04-22 15:33:47 - [TEST_STEP][PASSED] - token.clear(): null

2019-04-22 15:33:47 - [TEST_STEP][PASSED] - token.sendKeys("a"): null

2019-04-22 15:33:47 - [TEST_STEP][PASSED] - delay(10): Delayed 10 second(s)

2019-04-22 15:33:57 - [MESSAGE][PASSED] - Delayed 10 second(s)

2019-04-22 15:33:57 - [TEST_STEP][PASSED] - click(findTestObject("Page_KiboEngage  Api Settings/button_Submit (2)")): Object: 'Object Repository/Page_KiboEngage  Api Settings/button_Submit (2)' is clicked on

2019-04-22 15:33:57 - [MESSAGE][PASSED] - Object: 'Object Repository/Page_KiboEngage  Api Settings/button_Submit (2)' is clicked on

2019-04-22 15:33:57 - [TEST_STEP][PASSED] - click(findTestObject("Page_KiboEngage  Api Settings/div_Twilio account not found Please enter correct details (2)")): Object: 'Object Repository/Page_KiboEngage  Api Settings/div_Twilio account not found Please enter correct details (2)' is clicked on

2019-04-22 15:33:58 - [MESSAGE][PASSED] - Object: 'Object Repository/Page_KiboEngage  Api Settings/div_Twilio account not found Please enter correct details (2)' is clicked on]]></system-out>
         <system-err><![CDATA[]]></system-err>
      </testcase>
      <system-out><![CDATA[2019-04-22 15:30:03 - [TEST_SUITE][ERROR] - SMS Kiboengage: Test Cases/SMS/Configuration in Settings/TC11214 FAILED.
Reason:
org.openqa.selenium.NoSuchElementException: no such element: Unable to locate element: {"method":"xpath","selector":"/html/body/div[5]/div/div[2]/div/div/div[1]/div[1]/input"}
  (Session info: chrome=73.0.3683.75)
  (Driver info: chromedriver=2.43.600233 (523efee95e3d68b8719b3a1c83051aa63aa6b10d),platform=Linux 4.18.0-17-generic x86_64) (WARNING: The server did not provide any stacktrace information)
Command duration or timeout: 0 milliseconds
For documentation on this error, please visit: http://seleniumhq.org/exceptions/no_such_element.html
Build info: version: '3.7.1', revision: '8a0099a', time: '2017-11-06T21:07:36.161Z'
System info: host: 'cloudkibo-faizan', ip: '127.0.1.1', os.name: 'Linux', os.arch: 'amd64', os.version: '4.18.0-17-generic', java.version: '1.8.0_191'
Driver info: com.kms.katalon.selenium.driver.CChromeDriver
Capabilities {acceptInsecureCerts: false, acceptSslCerts: false, applicationCacheEnabled: false, browserConnectionEnabled: false, browserName: chrome, chrome: {chromedriverVersion: 2.43.600233 (523efee95e3d68..., userDataDir: /tmp/.org.chromium.Chromium...}, cssSelectorsEnabled: true, databaseEnabled: false, goog:chromeOptions: {debuggerAddress: localhost:43909}, handlesAlerts: true, hasTouchScreen: false, javascriptEnabled: true, locationContextEnabled: true, mobileEmulationEnabled: false, nativeEvents: true, networkConnectionEnabled: false, pageLoadStrategy: normal, platform: LINUX, platformName: LINUX, rotatable: false, setWindowRect: true, takesHeapSnapshot: true, takesScreenshot: true, unexpectedAlertBehaviour: , unhandledPromptBehavior: , version: 73.0.3683.75, webStorageEnabled: true}
Session ID: 82609ceb366cfc5d34e3b9e56e553246
*** Element info: {Using=xpath, value=/html/body/div[5]/div/div[2]/div/div/div[1]/div[1]/input}
	at org.openqa.selenium.remote.ErrorHandler.createThrowable(ErrorHandler.java:214)
	at org.openqa.selenium.remote.ErrorHandler.throwIfResponseFailed(ErrorHandler.java:166)
	at org.openqa.selenium.remote.http.JsonHttpResponseCodec.reconstructValue(JsonHttpResponseCodec.java:40)
	at org.openqa.selenium.remote.http.AbstractHttpResponseCodec.decode(AbstractHttpResponseCodec.java:80)
	at org.openqa.selenium.remote.http.AbstractHttpResponseCodec.decode(AbstractHttpResponseCodec.java:44)
	at org.openqa.selenium.remote.HttpCommandExecutor.execute(HttpCommandExecutor.java:164)
	at org.openqa.selenium.remote.service.DriverCommandExecutor.execute(DriverCommandExecutor.java:83)
	at org.openqa.selenium.remote.RemoteWebDriver.execute(RemoteWebDriver.java:600)
	at com.kms.katalon.selenium.driver.CChromeDriver.execute(CChromeDriver.java:20)
	at org.openqa.selenium.remote.RemoteWebDriver.findElement(RemoteWebDriver.java:370)
	at org.openqa.selenium.remote.RemoteWebDriver.findElementByXPath(RemoteWebDriver.java:472)
	at org.openqa.selenium.By$ByXPath.findElement(By.java:361)
	at org.openqa.selenium.remote.RemoteWebDriver.findElement(RemoteWebDriver.java:362)
	at org.openqa.selenium.WebDriver$findElement.call(Unknown Source)
	at TC11214.run(TC11214:40)
	at com.kms.katalon.core.main.ScriptEngine.run(ScriptEngine.java:194)
	at com.kms.katalon.core.main.ScriptEngine.runScriptAsRawText(ScriptEngine.java:119)
	at com.kms.katalon.core.main.TestCaseExecutor.runScript(TestCaseExecutor.java:331)
	at com.kms.katalon.core.main.TestCaseExecutor.doExecute(TestCaseExecutor.java:322)
	at com.kms.katalon.core.main.TestCaseExecutor.processExecutionPhase(TestCaseExecutor.java:301)
	at com.kms.katalon.core.main.TestCaseExecutor.accessMainPhase(TestCaseExecutor.java:293)
	at com.kms.katalon.core.main.TestCaseExecutor.execute(TestCaseExecutor.java:227)
	at com.kms.katalon.core.main.TestSuiteExecutor.accessTestCaseMainPhase(TestSuiteExecutor.java:129)
	at com.kms.katalon.core.main.TestSuiteExecutor.accessTestSuiteMainPhase(TestSuiteExecutor.java:112)
	at com.kms.katalon.core.main.TestSuiteExecutor.execute(TestSuiteExecutor.java:81)
	at com.kms.katalon.core.main.TestCaseMain.startTestSuite(TestCaseMain.java:157)
	at com.kms.katalon.core.main.TestCaseMain$startTestSuite$0.call(Unknown Source)
	at TempTestSuite1555928323663.run(TempTestSuite1555928323663.groovy:35)]]></system-out>
      <system-err><![CDATA[2019-04-22 15:30:03 - [TEST_SUITE][ERROR] - SMS Kiboengage: Test Cases/SMS/Configuration in Settings/TC11214 FAILED.
Reason:
org.openqa.selenium.NoSuchElementException: no such element: Unable to locate element: {"method":"xpath","selector":"/html/body/div[5]/div/div[2]/div/div/div[1]/div[1]/input"}
  (Session info: chrome=73.0.3683.75)
  (Driver info: chromedriver=2.43.600233 (523efee95e3d68b8719b3a1c83051aa63aa6b10d),platform=Linux 4.18.0-17-generic x86_64) (WARNING: The server did not provide any stacktrace information)
Command duration or timeout: 0 milliseconds
For documentation on this error, please visit: http://seleniumhq.org/exceptions/no_such_element.html
Build info: version: '3.7.1', revision: '8a0099a', time: '2017-11-06T21:07:36.161Z'
System info: host: 'cloudkibo-faizan', ip: '127.0.1.1', os.name: 'Linux', os.arch: 'amd64', os.version: '4.18.0-17-generic', java.version: '1.8.0_191'
Driver info: com.kms.katalon.selenium.driver.CChromeDriver
Capabilities {acceptInsecureCerts: false, acceptSslCerts: false, applicationCacheEnabled: false, browserConnectionEnabled: false, browserName: chrome, chrome: {chromedriverVersion: 2.43.600233 (523efee95e3d68..., userDataDir: /tmp/.org.chromium.Chromium...}, cssSelectorsEnabled: true, databaseEnabled: false, goog:chromeOptions: {debuggerAddress: localhost:43909}, handlesAlerts: true, hasTouchScreen: false, javascriptEnabled: true, locationContextEnabled: true, mobileEmulationEnabled: false, nativeEvents: true, networkConnectionEnabled: false, pageLoadStrategy: normal, platform: LINUX, platformName: LINUX, rotatable: false, setWindowRect: true, takesHeapSnapshot: true, takesScreenshot: true, unexpectedAlertBehaviour: , unhandledPromptBehavior: , version: 73.0.3683.75, webStorageEnabled: true}
Session ID: 82609ceb366cfc5d34e3b9e56e553246
*** Element info: {Using=xpath, value=/html/body/div[5]/div/div[2]/div/div/div[1]/div[1]/input}
	at org.openqa.selenium.remote.ErrorHandler.createThrowable(ErrorHandler.java:214)
	at org.openqa.selenium.remote.ErrorHandler.throwIfResponseFailed(ErrorHandler.java:166)
	at org.openqa.selenium.remote.http.JsonHttpResponseCodec.reconstructValue(JsonHttpResponseCodec.java:40)
	at org.openqa.selenium.remote.http.AbstractHttpResponseCodec.decode(AbstractHttpResponseCodec.java:80)
	at org.openqa.selenium.remote.http.AbstractHttpResponseCodec.decode(AbstractHttpResponseCodec.java:44)
	at org.openqa.selenium.remote.HttpCommandExecutor.execute(HttpCommandExecutor.java:164)
	at org.openqa.selenium.remote.service.DriverCommandExecutor.execute(DriverCommandExecutor.java:83)
	at org.openqa.selenium.remote.RemoteWebDriver.execute(RemoteWebDriver.java:600)
	at com.kms.katalon.selenium.driver.CChromeDriver.execute(CChromeDriver.java:20)
	at org.openqa.selenium.remote.RemoteWebDriver.findElement(RemoteWebDriver.java:370)
	at org.openqa.selenium.remote.RemoteWebDriver.findElementByXPath(RemoteWebDriver.java:472)
	at org.openqa.selenium.By$ByXPath.findElement(By.java:361)
	at org.openqa.selenium.remote.RemoteWebDriver.findElement(RemoteWebDriver.java:362)
	at org.openqa.selenium.WebDriver$findElement.call(Unknown Source)
	at TC11214.run(TC11214:40)
	at com.kms.katalon.core.main.ScriptEngine.run(ScriptEngine.java:194)
	at com.kms.katalon.core.main.ScriptEngine.runScriptAsRawText(ScriptEngine.java:119)
	at com.kms.katalon.core.main.TestCaseExecutor.runScript(TestCaseExecutor.java:331)
	at com.kms.katalon.core.main.TestCaseExecutor.doExecute(TestCaseExecutor.java:322)
	at com.kms.katalon.core.main.TestCaseExecutor.processExecutionPhase(TestCaseExecutor.java:301)
	at com.kms.katalon.core.main.TestCaseExecutor.accessMainPhase(TestCaseExecutor.java:293)
	at com.kms.katalon.core.main.TestCaseExecutor.execute(TestCaseExecutor.java:227)
	at com.kms.katalon.core.main.TestSuiteExecutor.accessTestCaseMainPhase(TestSuiteExecutor.java:129)
	at com.kms.katalon.core.main.TestSuiteExecutor.accessTestSuiteMainPhase(TestSuiteExecutor.java:112)
	at com.kms.katalon.core.main.TestSuiteExecutor.execute(TestSuiteExecutor.java:81)
	at com.kms.katalon.core.main.TestCaseMain.startTestSuite(TestCaseMain.java:157)
	at com.kms.katalon.core.main.TestCaseMain$startTestSuite$0.call(Unknown Source)
	at TempTestSuite1555928323663.run(TempTestSuite1555928323663.groovy:35)]]></system-err>
   </testsuite>
</testsuites>
