<?xml version="1.0" encoding="UTF-8"?>
<testsuites name="KiboLite" time="181" tests="19" failures="0" errors="0">
   <testsuite name="KiboLite" tests="19" failures="0" errors="0" time="181" timestamp="2019-04-22 15:40:00" hostname="cloudkibo-faizan - cloudkibo-faizan" id="Test Suites/Faizan Suits/KiboLite">
      <properties>
         <property name="deviceName" value=""/>
         <property name="devicePlatform" value=""/>
         <property name="logFolder" value="/home/cloudkibo-faizan/Desktop/KiboPush_Automated_Testing/KiboPush Katalon/Reports/Faizan Suits/KiboLite/20190422_151843"/>
         <property name="logFiles" value="/home/cloudkibo-faizan/Desktop/KiboPush_Automated_Testing/KiboPush Katalon/Reports/Faizan Suits/KiboLite/20190422_151843/execution0.log"/>
         <property name="attachments" value=""/>
         <property name="hostName" value="cloudkibo-faizan - cloudkibo-faizan"/>
         <property name="os" value="Linux 64bit"/>
         <property name="katalonVersion" value="6.0.6.4"/>
         <property name="browser" value="Chrome 73.0.3683.75"/>
         <property name="hostAddress" value="127.0.1.1"/>
         <property name="sessionId" value="f0e22dcf01cb7db12bcf7acea4fdd47f"/>
         <property name="seleniumVersion" value="3.7.1"/>
         <property name="proxyInformation" value="ProxyInformation{proxyOption=NO_PROXY, proxyServerType=HTTP, password=, proxyServerAddress=, proxyServerPort=0}"/>
         <property name="platform" value="Linux"/>
      </properties>
      <testcase name="Test Cases/KiboLite/login" classname="Test Cases/KiboLite/login" status="PASSED">
         <system-out><![CDATA[2019-04-22 15:40:01 - [TEST_CASE][PASSED] - Test Cases/KiboLite/login: Test Cases/KiboLite/login

2019-04-22 15:40:01 - [TEST_STEP][PASSED] - openBrowser(""): Browser is opened with url: ''

2019-04-22 15:40:01 - [MESSAGE][INFO] - Starting 'Chrome' driver

2019-04-22 15:40:01 - [MESSAGE][INFO] - User set preference: ['args', '[--no-sandbox]']

2019-04-22 15:40:01 - [MESSAGE][INFO] - Action delay is set to 0 seconds

2019-04-22 15:40:02 - [MESSAGE][PASSED] - Browser is opened with url: ''

2019-04-22 15:40:02 - [TEST_STEP][PASSED] - maximizeWindow(): Current window maximized

2019-04-22 15:40:02 - [MESSAGE][PASSED] - Current window maximized

2019-04-22 15:40:02 - [TEST_STEP][PASSED] - navigateToUrl("https://kibolite.cloudkibo.com/"): Navigate to 'https://kibolite.cloudkibo.com/' successfully

2019-04-22 15:40:15 - [MESSAGE][PASSED] - Navigate to 'https://kibolite.cloudkibo.com/' successfully

2019-04-22 15:40:15 - [TEST_STEP][PASSED] - navigateToUrl("https://accounts.cloudkibo.com/?continue=http://kibolite.cloudkibo.com"): Navigate to 'https://accounts.cloudkibo.com/?continue=http://kibolite.cloudkibo.com' successfully

2019-04-22 15:40:16 - [MESSAGE][PASSED] - Navigate to 'https://accounts.cloudkibo.com/?continue=http://kibolite.cloudkibo.com' successfully

2019-04-22 15:40:16 - [TEST_STEP][PASSED] - click(findTestObject("Page_CloudKibo/a_Login (2) (1) (1)")): Object: 'Object Repository/Page_CloudKibo/a_Login (2) (1) (1)' is clicked on

2019-04-22 15:40:16 - [MESSAGE][PASSED] - Object: 'Object Repository/Page_CloudKibo/a_Login (2) (1) (1)' is clicked on

2019-04-22 15:40:16 - [TEST_STEP][PASSED] - setText(findTestObject("Page_KiboPush/input_email (10) (1) (1)"), "faizan@cloudkibo.com"): Text 'faizan@cloudkibo.com' is set on object 'Object Repository/Page_KiboPush/input_email (10) (1) (1)'

2019-04-22 15:40:17 - [MESSAGE][PASSED] - Text 'faizan@cloudkibo.com' is set on object 'Object Repository/Page_KiboPush/input_email (10) (1) (1)'

2019-04-22 15:40:17 - [TEST_STEP][PASSED] - setEncryptedText(findTestObject("Page_CloudKibo/input_Sign In_password (7)"), "qeJ0sjJnwEs="): Text ****** has been set on object 'Object Repository/Page_CloudKibo/input_Sign In_password (7)'

2019-04-22 15:40:17 - [MESSAGE][PASSED] - Text ****** has been set on object 'Object Repository/Page_CloudKibo/input_Sign In_password (7)'

2019-04-22 15:40:17 - [TEST_STEP][PASSED] - click(findTestObject("Page_CloudKibo/button_Sign In (4) (1)")): Object: 'Object Repository/Page_CloudKibo/button_Sign In (4) (1)' is clicked on

2019-04-22 15:40:17 - [MESSAGE][PASSED] - Object: 'Object Repository/Page_CloudKibo/button_Sign In (4) (1)' is clicked on

2019-04-22 15:40:17 - [TEST_STEP][PASSED] - click(findTestObject("Page_ Dashboard/h3_Dashboard (1)")): Object: 'Object Repository/Page_ Dashboard/h3_Dashboard (1)' is clicked on

2019-04-22 15:40:55 - [MESSAGE][PASSED] - Object: 'Object Repository/Page_ Dashboard/h3_Dashboard (1)' is clicked on

2019-04-22 15:40:55 - [TEST_STEP][PASSED] - delay(3): Delayed 3 second(s)

2019-04-22 15:40:58 - [MESSAGE][PASSED] - Delayed 3 second(s)

2019-04-22 15:40:58 - [TEST_STEP][PASSED] - click(findTestObject("Page_KiboEngage  Dashboard/a_SMS (2) (1) (1) (1) (1)")): Object: 'Object Repository/Page_KiboEngage  Dashboard/a_SMS (2) (1) (1) (1) (1)' is clicked on

2019-04-22 15:40:58 - [MESSAGE][PASSED] - Object: 'Object Repository/Page_KiboEngage  Dashboard/a_SMS (2) (1) (1) (1) (1)' is clicked on

2019-04-22 15:40:58 - [TEST_STEP][PASSED] - click(findTestObject("Page_KiboEngage  Dashboard/span_Messenger (1) (1) (1) (1)")): Object: 'Object Repository/Page_KiboEngage  Dashboard/span_Messenger (1) (1) (1) (1)' is clicked on

2019-04-22 15:40:58 - [MESSAGE][PASSED] - Object: 'Object Repository/Page_KiboEngage  Dashboard/span_Messenger (1) (1) (1) (1)' is clicked on]]></system-out>
         <system-err><![CDATA[]]></system-err>
      </testcase>
      <testcase name="Test Cases/KiboLite/TC11077" classname="Test Cases/KiboLite/TC11077" status="PASSED">
         <system-out><![CDATA[2019-04-22 15:40:58 - [TEST_CASE][PASSED] - Test Cases/KiboLite/TC11077: Test Cases/KiboLite/TC11077

2019-04-22 15:40:58 - [TEST_STEP][PASSED] - click(findTestObject("Page_KiboPush  Subscribers/span_Subscribers (5)")): Object: 'Object Repository/Page_KiboPush  Subscribers/span_Subscribers (5)' is clicked on

2019-04-22 15:40:58 - [MESSAGE][PASSED] - Object: 'Object Repository/Page_KiboPush  Subscribers/span_Subscribers (5)' is clicked on

2019-04-22 15:40:58 - [TEST_STEP][PASSED] - delay(1): Delayed 1 second(s)

2019-04-22 15:40:59 - [MESSAGE][PASSED] - Delayed 1 second(s)

2019-04-22 15:40:59 - [TEST_STEP][PASSED] - click(findTestObject("Page_ Dashboard/span_Broadcast")): Object: 'Object Repository/Page_ Dashboard/span_Broadcast' is clicked on

2019-04-22 15:40:59 - [MESSAGE][PASSED] - Object: 'Object Repository/Page_ Dashboard/span_Broadcast' is clicked on

2019-04-22 15:40:59 - [TEST_STEP][PASSED] - delay(1): Delayed 1 second(s)

2019-04-22 15:41:00 - [MESSAGE][PASSED] - Delayed 1 second(s)]]></system-out>
         <system-err><![CDATA[]]></system-err>
      </testcase>
      <testcase name="Test Cases/KiboLite/TC11078" classname="Test Cases/KiboLite/TC11078" status="PASSED">
         <system-out><![CDATA[2019-04-22 15:41:00 - [TEST_CASE][PASSED] - Test Cases/KiboLite/TC11078: Test Cases/KiboLite/TC11078

2019-04-22 15:41:00 - [TEST_STEP][PASSED] - delay(2): Delayed 2 second(s)

2019-04-22 15:41:02 - [MESSAGE][PASSED] - Delayed 2 second(s)

2019-04-22 15:41:02 - [TEST_STEP][PASSED] - click(findTestObject("Page_KiboPush  Subscribers/span_Subscribers (5)")): Object: 'Object Repository/Page_KiboPush  Subscribers/span_Subscribers (5)' is clicked on

2019-04-22 15:41:03 - [MESSAGE][PASSED] - Object: 'Object Repository/Page_KiboPush  Subscribers/span_Subscribers (5)' is clicked on

2019-04-22 15:41:03 - [TEST_STEP][PASSED] - delay(1): Delayed 1 second(s)

2019-04-22 15:41:04 - [MESSAGE][PASSED] - Delayed 1 second(s)

2019-04-22 15:41:04 - [TEST_STEP][PASSED] - click(findTestObject("Page_ Dashboard/span_Broadcast")): Object: 'Object Repository/Page_ Dashboard/span_Broadcast' is clicked on

2019-04-22 15:41:04 - [MESSAGE][PASSED] - Object: 'Object Repository/Page_ Dashboard/span_Broadcast' is clicked on

2019-04-22 15:41:04 - [TEST_STEP][PASSED] - delay(1): Delayed 1 second(s)

2019-04-22 15:41:05 - [MESSAGE][PASSED] - Delayed 1 second(s)

2019-04-22 15:41:05 - [TEST_STEP][PASSED] - driver = getWebDriver(): null

2019-04-22 15:41:05 - [TEST_STEP][PASSED] - Select = driver.findElements(By.xpath("//*[@id="tab_1"]/div/div[2]/div/select/option")): null

2019-04-22 15:41:05 - [TEST_STEP][PASSED] - println(Select.size()): null

2019-04-22 15:41:05 - [TEST_STEP][PASSED] - verifyGreaterThanOrEqual(Select.size(), 1): Actual number '3' is greater than or equal to expected number '1'

2019-04-22 15:41:05 - [MESSAGE][PASSED] - Actual number '3' is greater than or equal to expected number '1']]></system-out>
         <system-err><![CDATA[]]></system-err>
      </testcase>
      <testcase name="Test Cases/KiboLite/TC11079" classname="Test Cases/KiboLite/TC11079" status="PASSED">
         <system-out><![CDATA[2019-04-22 15:41:05 - [TEST_CASE][PASSED] - Test Cases/KiboLite/TC11079: Test Cases/KiboLite/TC11079

2019-04-22 15:41:05 - [TEST_STEP][PASSED] - delay(2): Delayed 2 second(s)

2019-04-22 15:41:07 - [MESSAGE][PASSED] - Delayed 2 second(s)

2019-04-22 15:41:07 - [TEST_STEP][PASSED] - click(findTestObject("Page_KiboPush  Subscribers/span_Subscribers (5)")): Object: 'Object Repository/Page_KiboPush  Subscribers/span_Subscribers (5)' is clicked on

2019-04-22 15:41:07 - [MESSAGE][PASSED] - Object: 'Object Repository/Page_KiboPush  Subscribers/span_Subscribers (5)' is clicked on

2019-04-22 15:41:07 - [TEST_STEP][PASSED] - delay(1): Delayed 1 second(s)

2019-04-22 15:41:08 - [MESSAGE][PASSED] - Delayed 1 second(s)

2019-04-22 15:41:08 - [TEST_STEP][PASSED] - click(findTestObject("Page_ Dashboard/span_Broadcast")): Object: 'Object Repository/Page_ Dashboard/span_Broadcast' is clicked on

2019-04-22 15:41:08 - [MESSAGE][PASSED] - Object: 'Object Repository/Page_ Dashboard/span_Broadcast' is clicked on

2019-04-22 15:41:08 - [TEST_STEP][PASSED] - delay(1): Delayed 1 second(s)

2019-04-22 15:41:09 - [MESSAGE][PASSED] - Delayed 1 second(s)

2019-04-22 15:41:09 - [TEST_STEP][PASSED] - csv = getProjectDir() + "/sampleFile.csv": null

2019-04-22 15:41:09 - [TEST_STEP][PASSED] - uploadFile(findTestObject("Object Repository/Page_ Business Gateway/h4_sampleFilecsv"), csv): File '/home/cloudkibo-faizan/Desktop/KiboPush_Automated_Testing/KiboPush Katalon/sampleFile.csv' sent to object: 'Object Repository/Page_ Business Gateway/h4_sampleFilecsv'

2019-04-22 15:41:09 - [MESSAGE][PASSED] - File '/home/cloudkibo-faizan/Desktop/KiboPush_Automated_Testing/KiboPush Katalon/sampleFile.csv' sent to object: 'Object Repository/Page_ Business Gateway/h4_sampleFilecsv'

2019-04-22 15:41:09 - [TEST_STEP][PASSED] - delay(10): Delayed 10 second(s)

2019-04-22 15:41:19 - [MESSAGE][PASSED] - Delayed 10 second(s)]]></system-out>
         <system-err><![CDATA[]]></system-err>
      </testcase>
      <testcase name="Test Cases/KiboLite/TC11081" classname="Test Cases/KiboLite/TC11081" status="PASSED">
         <system-out><![CDATA[2019-04-22 15:41:19 - [TEST_CASE][PASSED] - Test Cases/KiboLite/TC11081: Test Cases/KiboLite/TC11081

2019-04-22 15:41:19 - [TEST_STEP][PASSED] - callTestCase(findTestCase("KiboLite/TC11079"), [:], STOP_ON_FAILURE): Call Test Case 'Test Cases/KiboLite/TC11079' successfully

2019-04-22 15:41:19 - [TEST_CASE][PASSED] - Test Cases/KiboLite/TC11079: Test Cases/KiboLite/TC11079

2019-04-22 15:41:19 - [TEST_STEP][PASSED] - delay(2): Delayed 2 second(s)

2019-04-22 15:41:21 - [MESSAGE][PASSED] - Delayed 2 second(s)

2019-04-22 15:41:21 - [TEST_STEP][PASSED] - click(findTestObject("Page_KiboPush  Subscribers/span_Subscribers (5)")): Object: 'Object Repository/Page_KiboPush  Subscribers/span_Subscribers (5)' is clicked on

2019-04-22 15:41:22 - [MESSAGE][PASSED] - Object: 'Object Repository/Page_KiboPush  Subscribers/span_Subscribers (5)' is clicked on

2019-04-22 15:41:22 - [TEST_STEP][PASSED] - delay(1): Delayed 1 second(s)

2019-04-22 15:41:23 - [MESSAGE][PASSED] - Delayed 1 second(s)

2019-04-22 15:41:23 - [TEST_STEP][PASSED] - click(findTestObject("Page_ Dashboard/span_Broadcast")): Object: 'Object Repository/Page_ Dashboard/span_Broadcast' is clicked on

2019-04-22 15:41:23 - [MESSAGE][PASSED] - Object: 'Object Repository/Page_ Dashboard/span_Broadcast' is clicked on

2019-04-22 15:41:23 - [TEST_STEP][PASSED] - delay(1): Delayed 1 second(s)

2019-04-22 15:41:24 - [MESSAGE][PASSED] - Delayed 1 second(s)

2019-04-22 15:41:24 - [TEST_STEP][PASSED] - csv = getProjectDir() + "/sampleFile.csv": null

2019-04-22 15:41:24 - [TEST_STEP][PASSED] - uploadFile(findTestObject("Object Repository/Page_ Business Gateway/h4_sampleFilecsv"), csv): File '/home/cloudkibo-faizan/Desktop/KiboPush_Automated_Testing/KiboPush Katalon/sampleFile.csv' sent to object: 'Object Repository/Page_ Business Gateway/h4_sampleFilecsv'

2019-04-22 15:41:24 - [MESSAGE][PASSED] - File '/home/cloudkibo-faizan/Desktop/KiboPush_Automated_Testing/KiboPush Katalon/sampleFile.csv' sent to object: 'Object Repository/Page_ Business Gateway/h4_sampleFilecsv'

2019-04-22 15:41:24 - [TEST_STEP][PASSED] - delay(10): Delayed 10 second(s)

2019-04-22 15:41:34 - [MESSAGE][PASSED] - Delayed 10 second(s)

2019-04-22 15:41:34 - [MESSAGE][PASSED] - Call Test Case 'Test Cases/KiboLite/TC11079' successfully

2019-04-22 15:41:34 - [TEST_STEP][PASSED] - click(findTestObject("Object Repository/Page_ Business Gateway/input_names_names")): Object: 'Object Repository/Page_ Business Gateway/input_names_names' is clicked on

2019-04-22 15:41:34 - [MESSAGE][PASSED] - Object: 'Object Repository/Page_ Business Gateway/input_names_names' is clicked on

2019-04-22 15:41:34 - [TEST_STEP][PASSED] - click(findTestObject("Object Repository/Page_ Business Gateway/input_phone_numbers_phone_numbers")): Object: 'Object Repository/Page_ Business Gateway/input_phone_numbers_phone_numbers' is clicked on

2019-04-22 15:41:34 - [MESSAGE][PASSED] - Object: 'Object Repository/Page_ Business Gateway/input_phone_numbers_phone_numbers' is clicked on]]></system-out>
         <system-err><![CDATA[]]></system-err>
      </testcase>
      <testcase name="Test Cases/KiboLite/TC11085" classname="Test Cases/KiboLite/TC11085" status="PASSED">
         <system-out><![CDATA[2019-04-22 15:41:34 - [TEST_CASE][PASSED] - Test Cases/KiboLite/TC11085: Test Cases/KiboLite/TC11085

2019-04-22 15:41:34 - [TEST_STEP][PASSED] - delay(2): Delayed 2 second(s)

2019-04-22 15:41:36 - [MESSAGE][PASSED] - Delayed 2 second(s)

2019-04-22 15:41:36 - [TEST_STEP][PASSED] - click(findTestObject("Page_KiboPush  Subscribers/span_Subscribers (5)")): Object: 'Object Repository/Page_KiboPush  Subscribers/span_Subscribers (5)' is clicked on

2019-04-22 15:41:36 - [MESSAGE][PASSED] - Object: 'Object Repository/Page_KiboPush  Subscribers/span_Subscribers (5)' is clicked on

2019-04-22 15:41:36 - [TEST_STEP][PASSED] - delay(1): Delayed 1 second(s)

2019-04-22 15:41:37 - [MESSAGE][PASSED] - Delayed 1 second(s)

2019-04-22 15:41:37 - [TEST_STEP][PASSED] - click(findTestObject("Page_ Dashboard/span_Broadcast")): Object: 'Object Repository/Page_ Dashboard/span_Broadcast' is clicked on

2019-04-22 15:41:38 - [MESSAGE][PASSED] - Object: 'Object Repository/Page_ Dashboard/span_Broadcast' is clicked on

2019-04-22 15:41:38 - [TEST_STEP][PASSED] - delay(1): Delayed 1 second(s)

2019-04-22 15:41:39 - [MESSAGE][PASSED] - Delayed 1 second(s)

2019-04-22 15:41:39 - [TEST_STEP][PASSED] - click(findTestObject("Object Repository/Page_ Business Gateway/a_Create Push Message")): Object: 'Object Repository/Page_ Business Gateway/a_Create Push Message' is clicked on

2019-04-22 15:41:39 - [MESSAGE][PASSED] - Object: 'Object Repository/Page_ Business Gateway/a_Create Push Message' is clicked on

2019-04-22 15:41:39 - [TEST_STEP][PASSED] - click(findTestObject("Object Repository/Page_ Business Gateway/h3_Push Message")): Object: 'Object Repository/Page_ Business Gateway/h3_Push Message' is clicked on

2019-04-22 15:41:39 - [MESSAGE][PASSED] - Object: 'Object Repository/Page_ Business Gateway/h3_Push Message' is clicked on

2019-04-22 15:41:39 - [TEST_STEP][PASSED] - click(findTestObject("Object Repository/Page_ Business Gateway/span_Back")): Object: 'Object Repository/Page_ Business Gateway/span_Back' is clicked on

2019-04-22 15:41:39 - [MESSAGE][PASSED] - Object: 'Object Repository/Page_ Business Gateway/span_Back' is clicked on

2019-04-22 15:41:39 - [TEST_STEP][PASSED] - click(findTestObject("Object Repository/Page_ Business Gateway/label_Change Page")): Object: 'Object Repository/Page_ Business Gateway/label_Change Page' is clicked on

2019-04-22 15:41:39 - [MESSAGE][PASSED] - Object: 'Object Repository/Page_ Business Gateway/label_Change Page' is clicked on]]></system-out>
         <system-err><![CDATA[]]></system-err>
      </testcase>
      <testcase name="Test Cases/KiboLite/TC11086" classname="Test Cases/KiboLite/TC11086" status="PASSED">
         <system-out><![CDATA[2019-04-22 15:41:39 - [TEST_CASE][PASSED] - Test Cases/KiboLite/TC11086: Test Cases/KiboLite/TC11086

2019-04-22 15:41:39 - [TEST_STEP][PASSED] - delay(2): Delayed 2 second(s)

2019-04-22 15:41:41 - [MESSAGE][PASSED] - Delayed 2 second(s)

2019-04-22 15:41:41 - [TEST_STEP][PASSED] - click(findTestObject("Page_KiboPush  Subscribers/span_Subscribers (5)")): Object: 'Object Repository/Page_KiboPush  Subscribers/span_Subscribers (5)' is clicked on

2019-04-22 15:41:41 - [MESSAGE][PASSED] - Object: 'Object Repository/Page_KiboPush  Subscribers/span_Subscribers (5)' is clicked on

2019-04-22 15:41:41 - [TEST_STEP][PASSED] - delay(1): Delayed 1 second(s)

2019-04-22 15:41:42 - [MESSAGE][PASSED] - Delayed 1 second(s)

2019-04-22 15:41:42 - [TEST_STEP][PASSED] - click(findTestObject("Page_ Dashboard/span_Broadcast")): Object: 'Object Repository/Page_ Dashboard/span_Broadcast' is clicked on

2019-04-22 15:41:42 - [MESSAGE][PASSED] - Object: 'Object Repository/Page_ Dashboard/span_Broadcast' is clicked on

2019-04-22 15:41:42 - [TEST_STEP][PASSED] - delay(1): Delayed 1 second(s)

2019-04-22 15:41:43 - [MESSAGE][PASSED] - Delayed 1 second(s)

2019-04-22 15:41:43 - [TEST_STEP][PASSED] - click(findTestObject("Page_ Business Gateway/a_Target Customers (1) (1)")): Object: 'Object Repository/Page_ Business Gateway/a_Target Customers (1) (1)' is clicked on

2019-04-22 15:41:43 - [MESSAGE][PASSED] - Object: 'Object Repository/Page_ Business Gateway/a_Target Customers (1) (1)' is clicked on

2019-04-22 15:41:43 - [TEST_STEP][PASSED] - click(findTestObject("Page_ Business Gateway/span_Condition (1)")): Object: 'Object Repository/Page_ Business Gateway/span_Condition (1)' is clicked on

2019-04-22 15:41:43 - [MESSAGE][PASSED] - Object: 'Object Repository/Page_ Business Gateway/span_Condition (1)' is clicked on

2019-04-22 15:41:43 - [TEST_STEP][PASSED] - delay(2): Delayed 2 second(s)

2019-04-22 15:41:45 - [MESSAGE][PASSED] - Delayed 2 second(s)

2019-04-22 15:41:45 - [TEST_STEP][PASSED] - click(findTestObject("Page_ Business Gateway/button_Back")): Object: 'Object Repository/Page_ Business Gateway/button_Back' is clicked on

2019-04-22 15:41:45 - [MESSAGE][PASSED] - Object: 'Object Repository/Page_ Business Gateway/button_Back' is clicked on]]></system-out>
         <system-err><![CDATA[]]></system-err>
      </testcase>
      <testcase name="Test Cases/KiboLite/TC11087" classname="Test Cases/KiboLite/TC11087" status="PASSED">
         <system-out><![CDATA[2019-04-22 15:41:45 - [TEST_CASE][PASSED] - Test Cases/KiboLite/TC11087: Test Cases/KiboLite/TC11087

2019-04-22 15:41:46 - [TEST_STEP][PASSED] - delay(2): Delayed 2 second(s)

2019-04-22 15:41:48 - [MESSAGE][PASSED] - Delayed 2 second(s)

2019-04-22 15:41:48 - [TEST_STEP][PASSED] - click(findTestObject("Page_KiboPush  Subscribers/span_Subscribers (5)")): Object: 'Object Repository/Page_KiboPush  Subscribers/span_Subscribers (5)' is clicked on

2019-04-22 15:41:48 - [MESSAGE][PASSED] - Object: 'Object Repository/Page_KiboPush  Subscribers/span_Subscribers (5)' is clicked on

2019-04-22 15:41:48 - [TEST_STEP][PASSED] - delay(1): Delayed 1 second(s)

2019-04-22 15:41:49 - [MESSAGE][PASSED] - Delayed 1 second(s)

2019-04-22 15:41:49 - [TEST_STEP][PASSED] - click(findTestObject("Page_ Dashboard/span_Broadcast")): Object: 'Object Repository/Page_ Dashboard/span_Broadcast' is clicked on

2019-04-22 15:41:49 - [MESSAGE][PASSED] - Object: 'Object Repository/Page_ Dashboard/span_Broadcast' is clicked on

2019-04-22 15:41:49 - [TEST_STEP][PASSED] - delay(1): Delayed 1 second(s)

2019-04-22 15:41:50 - [MESSAGE][PASSED] - Delayed 1 second(s)

2019-04-22 15:41:50 - [TEST_STEP][PASSED] - click(findTestObject("Object Repository/Page_ Business Gateway/a_Create Push Message (1)")): Object: 'Object Repository/Page_ Business Gateway/a_Create Push Message (1)' is clicked on

2019-04-22 15:41:50 - [MESSAGE][PASSED] - Object: 'Object Repository/Page_ Business Gateway/a_Create Push Message (1)' is clicked on

2019-04-22 15:41:50 - [TEST_STEP][PASSED] - click(findTestObject("Object Repository/Page_ Business Gateway/h6_Image")): Object: 'Object Repository/Page_ Business Gateway/h6_Image' is clicked on

2019-04-22 15:41:50 - [MESSAGE][PASSED] - Object: 'Object Repository/Page_ Business Gateway/h6_Image' is clicked on

2019-04-22 15:41:50 - [TEST_STEP][PASSED] - click(findTestObject("Object Repository/Page_ Business Gateway/div_New image component added")): Object: 'Object Repository/Page_ Business Gateway/div_New image component added' is clicked on

2019-04-22 15:41:50 - [MESSAGE][PASSED] - Object: 'Object Repository/Page_ Business Gateway/div_New image component added' is clicked on

2019-04-22 15:41:50 - [TEST_STEP][PASSED] - click(findTestObject("Object Repository/Page_ Business Gateway/h6_Card")): Object: 'Object Repository/Page_ Business Gateway/h6_Card' is clicked on

2019-04-22 15:41:50 - [MESSAGE][PASSED] - Object: 'Object Repository/Page_ Business Gateway/h6_Card' is clicked on

2019-04-22 15:41:50 - [TEST_STEP][PASSED] - click(findTestObject("Object Repository/Page_ Business Gateway/div_New card component added")): Object: 'Object Repository/Page_ Business Gateway/div_New card component added' is clicked on

2019-04-22 15:41:50 - [MESSAGE][PASSED] - Object: 'Object Repository/Page_ Business Gateway/div_New card component added' is clicked on

2019-04-22 15:41:50 - [TEST_STEP][PASSED] - click(findTestObject("Object Repository/Page_ Business Gateway/h6_Gallery")): Object: 'Object Repository/Page_ Business Gateway/h6_Gallery' is clicked on

2019-04-22 15:41:50 - [MESSAGE][PASSED] - Object: 'Object Repository/Page_ Business Gateway/h6_Gallery' is clicked on

2019-04-22 15:41:50 - [TEST_STEP][PASSED] - click(findTestObject("Object Repository/Page_ Business Gateway/div_New gallery component added")): Object: 'Object Repository/Page_ Business Gateway/div_New gallery component added' is clicked on

2019-04-22 15:41:50 - [MESSAGE][PASSED] - Object: 'Object Repository/Page_ Business Gateway/div_New gallery component added' is clicked on

2019-04-22 15:41:50 - [TEST_STEP][PASSED] - click(findTestObject("Object Repository/Page_ Business Gateway/h6_Audio")): Object: 'Object Repository/Page_ Business Gateway/h6_Audio' is clicked on

2019-04-22 15:41:51 - [MESSAGE][PASSED] - Object: 'Object Repository/Page_ Business Gateway/h6_Audio' is clicked on

2019-04-22 15:41:51 - [TEST_STEP][PASSED] - click(findTestObject("Object Repository/Page_ Business Gateway/div_New audio component added")): Object: 'Object Repository/Page_ Business Gateway/div_New audio component added' is clicked on

2019-04-22 15:41:51 - [MESSAGE][PASSED] - Object: 'Object Repository/Page_ Business Gateway/div_New audio component added' is clicked on

2019-04-22 15:41:51 - [TEST_STEP][PASSED] - click(findTestObject("Object Repository/Page_ Business Gateway/h6_Video")): Object: 'Object Repository/Page_ Business Gateway/h6_Video' is clicked on

2019-04-22 15:41:51 - [MESSAGE][PASSED] - Object: 'Object Repository/Page_ Business Gateway/h6_Video' is clicked on

2019-04-22 15:41:51 - [TEST_STEP][PASSED] - click(findTestObject("Object Repository/Page_ Business Gateway/div_New video component added")): Object: 'Object Repository/Page_ Business Gateway/div_New video component added' is clicked on

2019-04-22 15:41:51 - [MESSAGE][PASSED] - Object: 'Object Repository/Page_ Business Gateway/div_New video component added' is clicked on

2019-04-22 15:41:51 - [TEST_STEP][PASSED] - click(findTestObject("Object Repository/Page_ Business Gateway/h6_File")): Object: 'Object Repository/Page_ Business Gateway/h6_File' is clicked on

2019-04-22 15:41:51 - [MESSAGE][PASSED] - Object: 'Object Repository/Page_ Business Gateway/h6_File' is clicked on

2019-04-22 15:41:51 - [TEST_STEP][PASSED] - click(findTestObject("Object Repository/Page_ Business Gateway/div_New file component added")): Object: 'Object Repository/Page_ Business Gateway/div_New file component added' is clicked on

2019-04-22 15:41:51 - [MESSAGE][PASSED] - Object: 'Object Repository/Page_ Business Gateway/div_New file component added' is clicked on

2019-04-22 15:41:51 - [TEST_STEP][PASSED] - click(findTestObject("Object Repository/Page_ Business Gateway/h6_List")): Object: 'Object Repository/Page_ Business Gateway/h6_List' is clicked on

2019-04-22 15:41:51 - [MESSAGE][PASSED] - Object: 'Object Repository/Page_ Business Gateway/h6_List' is clicked on

2019-04-22 15:41:51 - [TEST_STEP][PASSED] - click(findTestObject("Object Repository/Page_ Business Gateway/div_New list component added")): Object: 'Object Repository/Page_ Business Gateway/div_New list component added' is clicked on

2019-04-22 15:41:51 - [MESSAGE][PASSED] - Object: 'Object Repository/Page_ Business Gateway/div_New list component added' is clicked on

2019-04-22 15:41:51 - [TEST_STEP][PASSED] - click(findTestObject("Object Repository/Page_ Business Gateway/h6_Media")): Object: 'Object Repository/Page_ Business Gateway/h6_Media' is clicked on

2019-04-22 15:41:51 - [MESSAGE][PASSED] - Object: 'Object Repository/Page_ Business Gateway/h6_Media' is clicked on

2019-04-22 15:41:51 - [TEST_STEP][PASSED] - click(findTestObject("Object Repository/Page_ Business Gateway/div_New media component added")): Object: 'Object Repository/Page_ Business Gateway/div_New media component added' is clicked on

2019-04-22 15:41:51 - [MESSAGE][PASSED] - Object: 'Object Repository/Page_ Business Gateway/div_New media component added' is clicked on]]></system-out>
         <system-err><![CDATA[]]></system-err>
      </testcase>
      <testcase name="Test Cases/KiboLite/TC11090" classname="Test Cases/KiboLite/TC11090" status="PASSED">
         <system-out><![CDATA[2019-04-22 15:41:51 - [TEST_CASE][PASSED] - Test Cases/KiboLite/TC11090: Test Cases/KiboLite/TC11090

2019-04-22 15:41:52 - [TEST_STEP][PASSED] - delay(2): Delayed 2 second(s)

2019-04-22 15:41:54 - [MESSAGE][PASSED] - Delayed 2 second(s)

2019-04-22 15:41:54 - [TEST_STEP][PASSED] - click(findTestObject("Page_KiboPush  Subscribers/span_Subscribers (5)")): Object: 'Object Repository/Page_KiboPush  Subscribers/span_Subscribers (5)' is clicked on

2019-04-22 15:41:54 - [MESSAGE][PASSED] - Object: 'Object Repository/Page_KiboPush  Subscribers/span_Subscribers (5)' is clicked on

2019-04-22 15:41:54 - [TEST_STEP][PASSED] - delay(1): Delayed 1 second(s)

2019-04-22 15:41:55 - [MESSAGE][PASSED] - Delayed 1 second(s)

2019-04-22 15:41:55 - [TEST_STEP][PASSED] - click(findTestObject("Page_ Dashboard/span_Broadcast")): Object: 'Object Repository/Page_ Dashboard/span_Broadcast' is clicked on

2019-04-22 15:41:55 - [MESSAGE][PASSED] - Object: 'Object Repository/Page_ Dashboard/span_Broadcast' is clicked on

2019-04-22 15:41:55 - [TEST_STEP][PASSED] - delay(1): Delayed 1 second(s)

2019-04-22 15:41:56 - [MESSAGE][PASSED] - Delayed 1 second(s)

2019-04-22 15:41:56 - [TEST_STEP][PASSED] - click(findTestObject("Page_ Business Gateway/a_Target Customers (2)")): Object: 'Object Repository/Page_ Business Gateway/a_Target Customers (2)' is clicked on

2019-04-22 15:41:56 - [MESSAGE][PASSED] - Object: 'Object Repository/Page_ Business Gateway/a_Target Customers (2)' is clicked on

2019-04-22 15:41:56 - [TEST_STEP][PASSED] - driver = getWebDriver(): null

2019-04-22 15:41:56 - [TEST_STEP][PASSED] - Select = driver.findElements(By.xpath("//*[@id="m-datatable--27866229129"]/tbody/tr/td[2]/select/option")): null

2019-04-22 15:41:56 - [TEST_STEP][PASSED] - println(Select.size()): null

2019-04-22 15:41:56 - [TEST_STEP][PASSED] - verifyGreaterThanOrEqual(Select.size(), 3): Actual number '4' is greater than or equal to expected number '3'

2019-04-22 15:41:56 - [MESSAGE][PASSED] - Actual number '4' is greater than or equal to expected number '3']]></system-out>
         <system-err><![CDATA[]]></system-err>
      </testcase>
      <testcase name="Test Cases/KiboLite/TC11091" classname="Test Cases/KiboLite/TC11091" status="PASSED">
         <system-out><![CDATA[2019-04-22 15:41:56 - [TEST_CASE][PASSED] - Test Cases/KiboLite/TC11091: Test Cases/KiboLite/TC11091

2019-04-22 15:41:56 - [TEST_STEP][PASSED] - delay(2): Delayed 2 second(s)

2019-04-22 15:41:58 - [MESSAGE][PASSED] - Delayed 2 second(s)

2019-04-22 15:41:58 - [TEST_STEP][PASSED] - click(findTestObject("Page_KiboPush  Subscribers/span_Subscribers (5)")): Object: 'Object Repository/Page_KiboPush  Subscribers/span_Subscribers (5)' is clicked on

2019-04-22 15:41:58 - [MESSAGE][PASSED] - Object: 'Object Repository/Page_KiboPush  Subscribers/span_Subscribers (5)' is clicked on

2019-04-22 15:41:58 - [TEST_STEP][PASSED] - delay(1): Delayed 1 second(s)

2019-04-22 15:41:59 - [MESSAGE][PASSED] - Delayed 1 second(s)

2019-04-22 15:41:59 - [TEST_STEP][PASSED] - click(findTestObject("Page_ Dashboard/span_Broadcast")): Object: 'Object Repository/Page_ Dashboard/span_Broadcast' is clicked on

2019-04-22 15:41:59 - [MESSAGE][PASSED] - Object: 'Object Repository/Page_ Dashboard/span_Broadcast' is clicked on

2019-04-22 15:41:59 - [TEST_STEP][PASSED] - delay(1): Delayed 1 second(s)

2019-04-22 15:42:00 - [MESSAGE][PASSED] - Delayed 1 second(s)

2019-04-22 15:42:00 - [TEST_STEP][PASSED] - click(findTestObject("Object Repository/Page_ Business Gateway/a_Target Customers (2) (1)")): Object: 'Object Repository/Page_ Business Gateway/a_Target Customers (2) (1)' is clicked on

2019-04-22 15:42:00 - [MESSAGE][PASSED] - Object: 'Object Repository/Page_ Business Gateway/a_Target Customers (2) (1)' is clicked on

2019-04-22 15:42:00 - [TEST_STEP][PASSED] - setText(findTestObject("Object Repository/Page_ Business Gateway/input_Value_text"), "1212"): Text '1212' is set on object 'Object Repository/Page_ Business Gateway/input_Value_text'

2019-04-22 15:42:01 - [MESSAGE][PASSED] - Text '1212' is set on object 'Object Repository/Page_ Business Gateway/input_Value_text']]></system-out>
         <system-err><![CDATA[]]></system-err>
      </testcase>
      <testcase name="Test Cases/KiboLite/TC11077" classname="Test Cases/KiboLite/TC11077" status="PASSED">
         <system-out><![CDATA[2019-04-22 15:42:01 - [TEST_CASE][PASSED] - Test Cases/KiboLite/TC11077: Test Cases/KiboLite/TC11077

2019-04-22 15:42:01 - [TEST_STEP][PASSED] - click(findTestObject("Page_KiboPush  Subscribers/span_Subscribers (5)")): Object: 'Object Repository/Page_KiboPush  Subscribers/span_Subscribers (5)' is clicked on

2019-04-22 15:42:01 - [MESSAGE][PASSED] - Object: 'Object Repository/Page_KiboPush  Subscribers/span_Subscribers (5)' is clicked on

2019-04-22 15:42:01 - [TEST_STEP][PASSED] - delay(1): Delayed 1 second(s)

2019-04-22 15:42:02 - [MESSAGE][PASSED] - Delayed 1 second(s)

2019-04-22 15:42:02 - [TEST_STEP][PASSED] - click(findTestObject("Page_ Dashboard/span_Broadcast")): Object: 'Object Repository/Page_ Dashboard/span_Broadcast' is clicked on

2019-04-22 15:42:02 - [MESSAGE][PASSED] - Object: 'Object Repository/Page_ Dashboard/span_Broadcast' is clicked on

2019-04-22 15:42:02 - [TEST_STEP][PASSED] - delay(1): Delayed 1 second(s)

2019-04-22 15:42:03 - [MESSAGE][PASSED] - Delayed 1 second(s)]]></system-out>
         <system-err><![CDATA[]]></system-err>
      </testcase>
      <testcase name="Test Cases/KiboLite/TC11079" classname="Test Cases/KiboLite/TC11079" status="PASSED">
         <system-out><![CDATA[2019-04-22 15:42:03 - [TEST_CASE][PASSED] - Test Cases/KiboLite/TC11079: Test Cases/KiboLite/TC11079

2019-04-22 15:42:03 - [TEST_STEP][PASSED] - delay(2): Delayed 2 second(s)

2019-04-22 15:42:05 - [MESSAGE][PASSED] - Delayed 2 second(s)

2019-04-22 15:42:05 - [TEST_STEP][PASSED] - click(findTestObject("Page_KiboPush  Subscribers/span_Subscribers (5)")): Object: 'Object Repository/Page_KiboPush  Subscribers/span_Subscribers (5)' is clicked on

2019-04-22 15:42:05 - [MESSAGE][PASSED] - Object: 'Object Repository/Page_KiboPush  Subscribers/span_Subscribers (5)' is clicked on

2019-04-22 15:42:05 - [TEST_STEP][PASSED] - delay(1): Delayed 1 second(s)

2019-04-22 15:42:06 - [MESSAGE][PASSED] - Delayed 1 second(s)

2019-04-22 15:42:06 - [TEST_STEP][PASSED] - click(findTestObject("Page_ Dashboard/span_Broadcast")): Object: 'Object Repository/Page_ Dashboard/span_Broadcast' is clicked on

2019-04-22 15:42:06 - [MESSAGE][PASSED] - Object: 'Object Repository/Page_ Dashboard/span_Broadcast' is clicked on

2019-04-22 15:42:06 - [TEST_STEP][PASSED] - delay(1): Delayed 1 second(s)

2019-04-22 15:42:07 - [MESSAGE][PASSED] - Delayed 1 second(s)

2019-04-22 15:42:07 - [TEST_STEP][PASSED] - csv = getProjectDir() + "/sampleFile.csv": null

2019-04-22 15:42:07 - [TEST_STEP][PASSED] - uploadFile(findTestObject("Object Repository/Page_ Business Gateway/h4_sampleFilecsv"), csv): File '/home/cloudkibo-faizan/Desktop/KiboPush_Automated_Testing/KiboPush Katalon/sampleFile.csv' sent to object: 'Object Repository/Page_ Business Gateway/h4_sampleFilecsv'

2019-04-22 15:42:07 - [MESSAGE][PASSED] - File '/home/cloudkibo-faizan/Desktop/KiboPush_Automated_Testing/KiboPush Katalon/sampleFile.csv' sent to object: 'Object Repository/Page_ Business Gateway/h4_sampleFilecsv'

2019-04-22 15:42:07 - [TEST_STEP][PASSED] - delay(10): Delayed 10 second(s)

2019-04-22 15:42:17 - [MESSAGE][PASSED] - Delayed 10 second(s)]]></system-out>
         <system-err><![CDATA[]]></system-err>
      </testcase>
      <testcase name="Test Cases/KiboLite/TC11086" classname="Test Cases/KiboLite/TC11086" status="PASSED">
         <system-out><![CDATA[2019-04-22 15:42:17 - [TEST_CASE][PASSED] - Test Cases/KiboLite/TC11086: Test Cases/KiboLite/TC11086

2019-04-22 15:42:17 - [TEST_STEP][PASSED] - delay(2): Delayed 2 second(s)

2019-04-22 15:42:19 - [MESSAGE][PASSED] - Delayed 2 second(s)

2019-04-22 15:42:19 - [TEST_STEP][PASSED] - click(findTestObject("Page_KiboPush  Subscribers/span_Subscribers (5)")): Object: 'Object Repository/Page_KiboPush  Subscribers/span_Subscribers (5)' is clicked on

2019-04-22 15:42:19 - [MESSAGE][PASSED] - Object: 'Object Repository/Page_KiboPush  Subscribers/span_Subscribers (5)' is clicked on

2019-04-22 15:42:19 - [TEST_STEP][PASSED] - delay(1): Delayed 1 second(s)

2019-04-22 15:42:20 - [MESSAGE][PASSED] - Delayed 1 second(s)

2019-04-22 15:42:20 - [TEST_STEP][PASSED] - click(findTestObject("Page_ Dashboard/span_Broadcast")): Object: 'Object Repository/Page_ Dashboard/span_Broadcast' is clicked on

2019-04-22 15:42:20 - [MESSAGE][PASSED] - Object: 'Object Repository/Page_ Dashboard/span_Broadcast' is clicked on

2019-04-22 15:42:20 - [TEST_STEP][PASSED] - delay(1): Delayed 1 second(s)

2019-04-22 15:42:21 - [MESSAGE][PASSED] - Delayed 1 second(s)

2019-04-22 15:42:21 - [TEST_STEP][PASSED] - click(findTestObject("Page_ Business Gateway/a_Target Customers (1) (1)")): Object: 'Object Repository/Page_ Business Gateway/a_Target Customers (1) (1)' is clicked on

2019-04-22 15:42:22 - [MESSAGE][PASSED] - Object: 'Object Repository/Page_ Business Gateway/a_Target Customers (1) (1)' is clicked on

2019-04-22 15:42:22 - [TEST_STEP][PASSED] - click(findTestObject("Page_ Business Gateway/span_Condition (1)")): Object: 'Object Repository/Page_ Business Gateway/span_Condition (1)' is clicked on

2019-04-22 15:42:22 - [MESSAGE][PASSED] - Object: 'Object Repository/Page_ Business Gateway/span_Condition (1)' is clicked on

2019-04-22 15:42:22 - [TEST_STEP][PASSED] - delay(2): Delayed 2 second(s)

2019-04-22 15:42:24 - [MESSAGE][PASSED] - Delayed 2 second(s)

2019-04-22 15:42:24 - [TEST_STEP][PASSED] - click(findTestObject("Page_ Business Gateway/button_Back")): Object: 'Object Repository/Page_ Business Gateway/button_Back' is clicked on

2019-04-22 15:42:24 - [MESSAGE][PASSED] - Object: 'Object Repository/Page_ Business Gateway/button_Back' is clicked on]]></system-out>
         <system-err><![CDATA[]]></system-err>
      </testcase>
      <testcase name="Test Cases/KiboLite/TC11078" classname="Test Cases/KiboLite/TC11078" status="PASSED">
         <system-out><![CDATA[2019-04-22 15:42:24 - [TEST_CASE][PASSED] - Test Cases/KiboLite/TC11078: Test Cases/KiboLite/TC11078

2019-04-22 15:42:24 - [TEST_STEP][PASSED] - delay(2): Delayed 2 second(s)

2019-04-22 15:42:26 - [MESSAGE][PASSED] - Delayed 2 second(s)

2019-04-22 15:42:26 - [TEST_STEP][PASSED] - click(findTestObject("Page_KiboPush  Subscribers/span_Subscribers (5)")): Object: 'Object Repository/Page_KiboPush  Subscribers/span_Subscribers (5)' is clicked on

2019-04-22 15:42:26 - [MESSAGE][PASSED] - Object: 'Object Repository/Page_KiboPush  Subscribers/span_Subscribers (5)' is clicked on

2019-04-22 15:42:26 - [TEST_STEP][PASSED] - delay(1): Delayed 1 second(s)

2019-04-22 15:42:27 - [MESSAGE][PASSED] - Delayed 1 second(s)

2019-04-22 15:42:27 - [TEST_STEP][PASSED] - click(findTestObject("Page_ Dashboard/span_Broadcast")): Object: 'Object Repository/Page_ Dashboard/span_Broadcast' is clicked on

2019-04-22 15:42:27 - [MESSAGE][PASSED] - Object: 'Object Repository/Page_ Dashboard/span_Broadcast' is clicked on

2019-04-22 15:42:27 - [TEST_STEP][PASSED] - delay(1): Delayed 1 second(s)

2019-04-22 15:42:28 - [MESSAGE][PASSED] - Delayed 1 second(s)

2019-04-22 15:42:28 - [TEST_STEP][PASSED] - driver = getWebDriver(): null

2019-04-22 15:42:28 - [TEST_STEP][PASSED] - Select = driver.findElements(By.xpath("//*[@id="tab_1"]/div/div[2]/div/select/option")): null

2019-04-22 15:42:28 - [TEST_STEP][PASSED] - println(Select.size()): null

2019-04-22 15:42:28 - [TEST_STEP][PASSED] - verifyGreaterThanOrEqual(Select.size(), 1): Actual number '3' is greater than or equal to expected number '1'

2019-04-22 15:42:28 - [MESSAGE][PASSED] - Actual number '3' is greater than or equal to expected number '1']]></system-out>
         <system-err><![CDATA[]]></system-err>
      </testcase>
      <testcase name="Test Cases/KiboLite/TC11090" classname="Test Cases/KiboLite/TC11090" status="PASSED">
         <system-out><![CDATA[2019-04-22 15:42:28 - [TEST_CASE][PASSED] - Test Cases/KiboLite/TC11090: Test Cases/KiboLite/TC11090

2019-04-22 15:42:28 - [TEST_STEP][PASSED] - delay(2): Delayed 2 second(s)

2019-04-22 15:42:30 - [MESSAGE][PASSED] - Delayed 2 second(s)

2019-04-22 15:42:30 - [TEST_STEP][PASSED] - click(findTestObject("Page_KiboPush  Subscribers/span_Subscribers (5)")): Object: 'Object Repository/Page_KiboPush  Subscribers/span_Subscribers (5)' is clicked on

2019-04-22 15:42:30 - [MESSAGE][PASSED] - Object: 'Object Repository/Page_KiboPush  Subscribers/span_Subscribers (5)' is clicked on

2019-04-22 15:42:30 - [TEST_STEP][PASSED] - delay(1): Delayed 1 second(s)

2019-04-22 15:42:31 - [MESSAGE][PASSED] - Delayed 1 second(s)

2019-04-22 15:42:31 - [TEST_STEP][PASSED] - click(findTestObject("Page_ Dashboard/span_Broadcast")): Object: 'Object Repository/Page_ Dashboard/span_Broadcast' is clicked on

2019-04-22 15:42:31 - [MESSAGE][PASSED] - Object: 'Object Repository/Page_ Dashboard/span_Broadcast' is clicked on

2019-04-22 15:42:31 - [TEST_STEP][PASSED] - delay(1): Delayed 1 second(s)

2019-04-22 15:42:32 - [MESSAGE][PASSED] - Delayed 1 second(s)

2019-04-22 15:42:32 - [TEST_STEP][PASSED] - click(findTestObject("Page_ Business Gateway/a_Target Customers (2)")): Object: 'Object Repository/Page_ Business Gateway/a_Target Customers (2)' is clicked on

2019-04-22 15:42:32 - [MESSAGE][PASSED] - Object: 'Object Repository/Page_ Business Gateway/a_Target Customers (2)' is clicked on

2019-04-22 15:42:32 - [TEST_STEP][PASSED] - driver = getWebDriver(): null

2019-04-22 15:42:32 - [TEST_STEP][PASSED] - Select = driver.findElements(By.xpath("//*[@id="m-datatable--27866229129"]/tbody/tr/td[2]/select/option")): null

2019-04-22 15:42:32 - [TEST_STEP][PASSED] - println(Select.size()): null

2019-04-22 15:42:32 - [TEST_STEP][PASSED] - verifyGreaterThanOrEqual(Select.size(), 3): Actual number '4' is greater than or equal to expected number '3'

2019-04-22 15:42:32 - [MESSAGE][PASSED] - Actual number '4' is greater than or equal to expected number '3']]></system-out>
         <system-err><![CDATA[]]></system-err>
      </testcase>
      <testcase name="Test Cases/KiboLite/TC11091" classname="Test Cases/KiboLite/TC11091" status="PASSED">
         <system-out><![CDATA[2019-04-22 15:42:32 - [TEST_CASE][PASSED] - Test Cases/KiboLite/TC11091: Test Cases/KiboLite/TC11091

2019-04-22 15:42:32 - [TEST_STEP][PASSED] - delay(2): Delayed 2 second(s)

2019-04-22 15:42:34 - [MESSAGE][PASSED] - Delayed 2 second(s)

2019-04-22 15:42:34 - [TEST_STEP][PASSED] - click(findTestObject("Page_KiboPush  Subscribers/span_Subscribers (5)")): Object: 'Object Repository/Page_KiboPush  Subscribers/span_Subscribers (5)' is clicked on

2019-04-22 15:42:35 - [MESSAGE][PASSED] - Object: 'Object Repository/Page_KiboPush  Subscribers/span_Subscribers (5)' is clicked on

2019-04-22 15:42:35 - [TEST_STEP][PASSED] - delay(1): Delayed 1 second(s)

2019-04-22 15:42:36 - [MESSAGE][PASSED] - Delayed 1 second(s)

2019-04-22 15:42:36 - [TEST_STEP][PASSED] - click(findTestObject("Page_ Dashboard/span_Broadcast")): Object: 'Object Repository/Page_ Dashboard/span_Broadcast' is clicked on

2019-04-22 15:42:36 - [MESSAGE][PASSED] - Object: 'Object Repository/Page_ Dashboard/span_Broadcast' is clicked on

2019-04-22 15:42:36 - [TEST_STEP][PASSED] - delay(1): Delayed 1 second(s)

2019-04-22 15:42:37 - [MESSAGE][PASSED] - Delayed 1 second(s)

2019-04-22 15:42:37 - [TEST_STEP][PASSED] - click(findTestObject("Object Repository/Page_ Business Gateway/a_Target Customers (2) (1)")): Object: 'Object Repository/Page_ Business Gateway/a_Target Customers (2) (1)' is clicked on

2019-04-22 15:42:37 - [MESSAGE][PASSED] - Object: 'Object Repository/Page_ Business Gateway/a_Target Customers (2) (1)' is clicked on

2019-04-22 15:42:37 - [TEST_STEP][PASSED] - setText(findTestObject("Object Repository/Page_ Business Gateway/input_Value_text"), "1212"): Text '1212' is set on object 'Object Repository/Page_ Business Gateway/input_Value_text'

2019-04-22 15:42:37 - [MESSAGE][PASSED] - Text '1212' is set on object 'Object Repository/Page_ Business Gateway/input_Value_text']]></system-out>
         <system-err><![CDATA[]]></system-err>
      </testcase>
      <testcase name="Test Cases/KiboLite/TC11081" classname="Test Cases/KiboLite/TC11081" status="PASSED">
         <system-out><![CDATA[2019-04-22 15:42:37 - [TEST_CASE][PASSED] - Test Cases/KiboLite/TC11081: Test Cases/KiboLite/TC11081

2019-04-22 15:42:37 - [TEST_STEP][PASSED] - callTestCase(findTestCase("KiboLite/TC11079"), [:], STOP_ON_FAILURE): Call Test Case 'Test Cases/KiboLite/TC11079' successfully

2019-04-22 15:42:37 - [TEST_CASE][PASSED] - Test Cases/KiboLite/TC11079: Test Cases/KiboLite/TC11079

2019-04-22 15:42:37 - [TEST_STEP][PASSED] - delay(2): Delayed 2 second(s)

2019-04-22 15:42:39 - [MESSAGE][PASSED] - Delayed 2 second(s)

2019-04-22 15:42:39 - [TEST_STEP][PASSED] - click(findTestObject("Page_KiboPush  Subscribers/span_Subscribers (5)")): Object: 'Object Repository/Page_KiboPush  Subscribers/span_Subscribers (5)' is clicked on

2019-04-22 15:42:39 - [MESSAGE][PASSED] - Object: 'Object Repository/Page_KiboPush  Subscribers/span_Subscribers (5)' is clicked on

2019-04-22 15:42:39 - [TEST_STEP][PASSED] - delay(1): Delayed 1 second(s)

2019-04-22 15:42:40 - [MESSAGE][PASSED] - Delayed 1 second(s)

2019-04-22 15:42:40 - [TEST_STEP][PASSED] - click(findTestObject("Page_ Dashboard/span_Broadcast")): Object: 'Object Repository/Page_ Dashboard/span_Broadcast' is clicked on

2019-04-22 15:42:40 - [MESSAGE][PASSED] - Object: 'Object Repository/Page_ Dashboard/span_Broadcast' is clicked on

2019-04-22 15:42:40 - [TEST_STEP][PASSED] - delay(1): Delayed 1 second(s)

2019-04-22 15:42:41 - [MESSAGE][PASSED] - Delayed 1 second(s)

2019-04-22 15:42:41 - [TEST_STEP][PASSED] - csv = getProjectDir() + "/sampleFile.csv": null

2019-04-22 15:42:41 - [TEST_STEP][PASSED] - uploadFile(findTestObject("Object Repository/Page_ Business Gateway/h4_sampleFilecsv"), csv): File '/home/cloudkibo-faizan/Desktop/KiboPush_Automated_Testing/KiboPush Katalon/sampleFile.csv' sent to object: 'Object Repository/Page_ Business Gateway/h4_sampleFilecsv'

2019-04-22 15:42:41 - [MESSAGE][PASSED] - File '/home/cloudkibo-faizan/Desktop/KiboPush_Automated_Testing/KiboPush Katalon/sampleFile.csv' sent to object: 'Object Repository/Page_ Business Gateway/h4_sampleFilecsv'

2019-04-22 15:42:41 - [TEST_STEP][PASSED] - delay(10): Delayed 10 second(s)

2019-04-22 15:42:51 - [MESSAGE][PASSED] - Delayed 10 second(s)

2019-04-22 15:42:51 - [MESSAGE][PASSED] - Call Test Case 'Test Cases/KiboLite/TC11079' successfully

2019-04-22 15:42:51 - [TEST_STEP][PASSED] - click(findTestObject("Object Repository/Page_ Business Gateway/input_names_names")): Object: 'Object Repository/Page_ Business Gateway/input_names_names' is clicked on

2019-04-22 15:42:51 - [MESSAGE][PASSED] - Object: 'Object Repository/Page_ Business Gateway/input_names_names' is clicked on

2019-04-22 15:42:51 - [TEST_STEP][PASSED] - click(findTestObject("Object Repository/Page_ Business Gateway/input_phone_numbers_phone_numbers")): Object: 'Object Repository/Page_ Business Gateway/input_phone_numbers_phone_numbers' is clicked on

2019-04-22 15:42:51 - [MESSAGE][PASSED] - Object: 'Object Repository/Page_ Business Gateway/input_phone_numbers_phone_numbers' is clicked on]]></system-out>
         <system-err><![CDATA[]]></system-err>
      </testcase>
      <testcase name="Test Cases/KiboLite/TC11087" classname="Test Cases/KiboLite/TC11087" status="PASSED">
         <system-out><![CDATA[2019-04-22 15:42:51 - [TEST_CASE][PASSED] - Test Cases/KiboLite/TC11087: Test Cases/KiboLite/TC11087

2019-04-22 15:42:51 - [TEST_STEP][PASSED] - delay(2): Delayed 2 second(s)

2019-04-22 15:42:53 - [MESSAGE][PASSED] - Delayed 2 second(s)

2019-04-22 15:42:53 - [TEST_STEP][PASSED] - click(findTestObject("Page_KiboPush  Subscribers/span_Subscribers (5)")): Object: 'Object Repository/Page_KiboPush  Subscribers/span_Subscribers (5)' is clicked on

2019-04-22 15:42:54 - [MESSAGE][PASSED] - Object: 'Object Repository/Page_KiboPush  Subscribers/span_Subscribers (5)' is clicked on

2019-04-22 15:42:54 - [TEST_STEP][PASSED] - delay(1): Delayed 1 second(s)

2019-04-22 15:42:55 - [MESSAGE][PASSED] - Delayed 1 second(s)

2019-04-22 15:42:55 - [TEST_STEP][PASSED] - click(findTestObject("Page_ Dashboard/span_Broadcast")): Object: 'Object Repository/Page_ Dashboard/span_Broadcast' is clicked on

2019-04-22 15:42:55 - [MESSAGE][PASSED] - Object: 'Object Repository/Page_ Dashboard/span_Broadcast' is clicked on

2019-04-22 15:42:55 - [TEST_STEP][PASSED] - delay(1): Delayed 1 second(s)

2019-04-22 15:42:56 - [MESSAGE][PASSED] - Delayed 1 second(s)

2019-04-22 15:42:56 - [TEST_STEP][PASSED] - click(findTestObject("Object Repository/Page_ Business Gateway/a_Create Push Message (1)")): Object: 'Object Repository/Page_ Business Gateway/a_Create Push Message (1)' is clicked on

2019-04-22 15:42:56 - [MESSAGE][PASSED] - Object: 'Object Repository/Page_ Business Gateway/a_Create Push Message (1)' is clicked on

2019-04-22 15:42:56 - [TEST_STEP][PASSED] - click(findTestObject("Object Repository/Page_ Business Gateway/h6_Image")): Object: 'Object Repository/Page_ Business Gateway/h6_Image' is clicked on

2019-04-22 15:42:56 - [MESSAGE][PASSED] - Object: 'Object Repository/Page_ Business Gateway/h6_Image' is clicked on

2019-04-22 15:42:56 - [TEST_STEP][PASSED] - click(findTestObject("Object Repository/Page_ Business Gateway/div_New image component added")): Object: 'Object Repository/Page_ Business Gateway/div_New image component added' is clicked on

2019-04-22 15:42:56 - [MESSAGE][PASSED] - Object: 'Object Repository/Page_ Business Gateway/div_New image component added' is clicked on

2019-04-22 15:42:56 - [TEST_STEP][PASSED] - click(findTestObject("Object Repository/Page_ Business Gateway/h6_Card")): Object: 'Object Repository/Page_ Business Gateway/h6_Card' is clicked on

2019-04-22 15:42:56 - [MESSAGE][PASSED] - Object: 'Object Repository/Page_ Business Gateway/h6_Card' is clicked on

2019-04-22 15:42:56 - [TEST_STEP][PASSED] - click(findTestObject("Object Repository/Page_ Business Gateway/div_New card component added")): Object: 'Object Repository/Page_ Business Gateway/div_New card component added' is clicked on

2019-04-22 15:42:56 - [MESSAGE][PASSED] - Object: 'Object Repository/Page_ Business Gateway/div_New card component added' is clicked on

2019-04-22 15:42:56 - [TEST_STEP][PASSED] - click(findTestObject("Object Repository/Page_ Business Gateway/h6_Gallery")): Object: 'Object Repository/Page_ Business Gateway/h6_Gallery' is clicked on

2019-04-22 15:42:56 - [MESSAGE][PASSED] - Object: 'Object Repository/Page_ Business Gateway/h6_Gallery' is clicked on

2019-04-22 15:42:56 - [TEST_STEP][PASSED] - click(findTestObject("Object Repository/Page_ Business Gateway/div_New gallery component added")): Object: 'Object Repository/Page_ Business Gateway/div_New gallery component added' is clicked on

2019-04-22 15:42:56 - [MESSAGE][PASSED] - Object: 'Object Repository/Page_ Business Gateway/div_New gallery component added' is clicked on

2019-04-22 15:42:56 - [TEST_STEP][PASSED] - click(findTestObject("Object Repository/Page_ Business Gateway/h6_Audio")): Object: 'Object Repository/Page_ Business Gateway/h6_Audio' is clicked on

2019-04-22 15:42:56 - [MESSAGE][PASSED] - Object: 'Object Repository/Page_ Business Gateway/h6_Audio' is clicked on

2019-04-22 15:42:56 - [TEST_STEP][PASSED] - click(findTestObject("Object Repository/Page_ Business Gateway/div_New audio component added")): Object: 'Object Repository/Page_ Business Gateway/div_New audio component added' is clicked on

2019-04-22 15:42:57 - [MESSAGE][PASSED] - Object: 'Object Repository/Page_ Business Gateway/div_New audio component added' is clicked on

2019-04-22 15:42:57 - [TEST_STEP][PASSED] - click(findTestObject("Object Repository/Page_ Business Gateway/h6_Video")): Object: 'Object Repository/Page_ Business Gateway/h6_Video' is clicked on

2019-04-22 15:42:57 - [MESSAGE][PASSED] - Object: 'Object Repository/Page_ Business Gateway/h6_Video' is clicked on

2019-04-22 15:42:57 - [TEST_STEP][PASSED] - click(findTestObject("Object Repository/Page_ Business Gateway/div_New video component added")): Object: 'Object Repository/Page_ Business Gateway/div_New video component added' is clicked on

2019-04-22 15:42:57 - [MESSAGE][PASSED] - Object: 'Object Repository/Page_ Business Gateway/div_New video component added' is clicked on

2019-04-22 15:42:57 - [TEST_STEP][PASSED] - click(findTestObject("Object Repository/Page_ Business Gateway/h6_File")): Object: 'Object Repository/Page_ Business Gateway/h6_File' is clicked on

2019-04-22 15:42:57 - [MESSAGE][PASSED] - Object: 'Object Repository/Page_ Business Gateway/h6_File' is clicked on

2019-04-22 15:42:57 - [TEST_STEP][PASSED] - click(findTestObject("Object Repository/Page_ Business Gateway/div_New file component added")): Object: 'Object Repository/Page_ Business Gateway/div_New file component added' is clicked on

2019-04-22 15:42:57 - [MESSAGE][PASSED] - Object: 'Object Repository/Page_ Business Gateway/div_New file component added' is clicked on

2019-04-22 15:42:57 - [TEST_STEP][PASSED] - click(findTestObject("Object Repository/Page_ Business Gateway/h6_List")): Object: 'Object Repository/Page_ Business Gateway/h6_List' is clicked on

2019-04-22 15:42:57 - [MESSAGE][PASSED] - Object: 'Object Repository/Page_ Business Gateway/h6_List' is clicked on

2019-04-22 15:42:57 - [TEST_STEP][PASSED] - click(findTestObject("Object Repository/Page_ Business Gateway/div_New list component added")): Object: 'Object Repository/Page_ Business Gateway/div_New list component added' is clicked on

2019-04-22 15:42:57 - [MESSAGE][PASSED] - Object: 'Object Repository/Page_ Business Gateway/div_New list component added' is clicked on

2019-04-22 15:42:57 - [TEST_STEP][PASSED] - click(findTestObject("Object Repository/Page_ Business Gateway/h6_Media")): Object: 'Object Repository/Page_ Business Gateway/h6_Media' is clicked on

2019-04-22 15:42:57 - [MESSAGE][PASSED] - Object: 'Object Repository/Page_ Business Gateway/h6_Media' is clicked on

2019-04-22 15:42:57 - [TEST_STEP][PASSED] - click(findTestObject("Object Repository/Page_ Business Gateway/div_New media component added")): Object: 'Object Repository/Page_ Business Gateway/div_New media component added' is clicked on

2019-04-22 15:42:57 - [MESSAGE][PASSED] - Object: 'Object Repository/Page_ Business Gateway/div_New media component added' is clicked on]]></system-out>
         <system-err><![CDATA[]]></system-err>
      </testcase>
      <testcase name="Test Cases/KiboLite/TC11085" classname="Test Cases/KiboLite/TC11085" status="PASSED">
         <system-out><![CDATA[2019-04-22 15:42:57 - [TEST_CASE][PASSED] - Test Cases/KiboLite/TC11085: Test Cases/KiboLite/TC11085

2019-04-22 15:42:57 - [TEST_STEP][PASSED] - delay(2): Delayed 2 second(s)

2019-04-22 15:42:59 - [MESSAGE][PASSED] - Delayed 2 second(s)

2019-04-22 15:42:59 - [TEST_STEP][PASSED] - click(findTestObject("Page_KiboPush  Subscribers/span_Subscribers (5)")): Object: 'Object Repository/Page_KiboPush  Subscribers/span_Subscribers (5)' is clicked on

2019-04-22 15:42:59 - [MESSAGE][PASSED] - Object: 'Object Repository/Page_KiboPush  Subscribers/span_Subscribers (5)' is clicked on

2019-04-22 15:42:59 - [TEST_STEP][PASSED] - delay(1): Delayed 1 second(s)

2019-04-22 15:43:00 - [MESSAGE][PASSED] - Delayed 1 second(s)

2019-04-22 15:43:00 - [TEST_STEP][PASSED] - click(findTestObject("Page_ Dashboard/span_Broadcast")): Object: 'Object Repository/Page_ Dashboard/span_Broadcast' is clicked on

2019-04-22 15:43:01 - [MESSAGE][PASSED] - Object: 'Object Repository/Page_ Dashboard/span_Broadcast' is clicked on

2019-04-22 15:43:01 - [TEST_STEP][PASSED] - delay(1): Delayed 1 second(s)

2019-04-22 15:43:02 - [MESSAGE][PASSED] - Delayed 1 second(s)

2019-04-22 15:43:02 - [TEST_STEP][PASSED] - click(findTestObject("Object Repository/Page_ Business Gateway/a_Create Push Message")): Object: 'Object Repository/Page_ Business Gateway/a_Create Push Message' is clicked on

2019-04-22 15:43:02 - [MESSAGE][PASSED] - Object: 'Object Repository/Page_ Business Gateway/a_Create Push Message' is clicked on

2019-04-22 15:43:02 - [TEST_STEP][PASSED] - click(findTestObject("Object Repository/Page_ Business Gateway/h3_Push Message")): Object: 'Object Repository/Page_ Business Gateway/h3_Push Message' is clicked on

2019-04-22 15:43:02 - [MESSAGE][PASSED] - Object: 'Object Repository/Page_ Business Gateway/h3_Push Message' is clicked on

2019-04-22 15:43:02 - [TEST_STEP][PASSED] - click(findTestObject("Object Repository/Page_ Business Gateway/span_Back")): Object: 'Object Repository/Page_ Business Gateway/span_Back' is clicked on

2019-04-22 15:43:02 - [MESSAGE][PASSED] - Object: 'Object Repository/Page_ Business Gateway/span_Back' is clicked on

2019-04-22 15:43:02 - [TEST_STEP][PASSED] - click(findTestObject("Object Repository/Page_ Business Gateway/label_Change Page")): Object: 'Object Repository/Page_ Business Gateway/label_Change Page' is clicked on

2019-04-22 15:43:02 - [MESSAGE][PASSED] - Object: 'Object Repository/Page_ Business Gateway/label_Change Page' is clicked on]]></system-out>
         <system-err><![CDATA[]]></system-err>
      </testcase>
      <system-out><![CDATA[2019-04-22 15:40:00 - [TEST_SUITE][PASSED] - KiboLite: Test Cases/KiboLite/TC11085]]></system-out>
      <system-err><![CDATA[]]></system-err>
   </testsuite>
</testsuites>
