<?xml version="1.0" encoding="UTF-8"?>
<testsuites name="seq_message" time="91" tests="3" failures="0" errors="0">
   <testsuite name="seq_message" tests="3" failures="0" errors="0" time="91" timestamp="2019-04-24 15:45:54" hostname="cloudkibo - 10.0.2.15" id="Test Suites/seq_message">
      <properties>
         <property name="deviceName" value=""/>
         <property name="devicePlatform" value=""/>
         <property name="logFolder" value="C:\\Users\\cloudkibo\\Desktop\\KiboPush_Automated_Testing\\KiboPush Katalon\\Reports\\seq_message\\20190424_154549"/>
         <property name="logFiles" value="C:\\Users\\cloudkibo\\Desktop\\KiboPush_Automated_Testing\\KiboPush Katalon\\Reports\\seq_message\\20190424_154549\\execution0.log"/>
         <property name="attachments" value=""/>
         <property name="hostName" value="cloudkibo - 10.0.2.15"/>
         <property name="os" value="Windows 10 64bit"/>
         <property name="katalonVersion" value="5.6.0.1"/>
         <property name="browser" value="Chrome 73.0.3683.103"/>
         <property name="hostAddress" value="10.0.2.15"/>
         <property name="sessionId" value="cbd8ed83110fd745b0f228a3d866f7a0"/>
         <property name="seleniumVersion" value="3.7.1"/>
         <property name="proxyInformation" value="ProxyInformation{proxyOption=NO_PROXY, proxyServerType=HTTP, password=, proxyServerAddress=, proxyServerPort=0}"/>
         <property name="platform" value="Windows 10"/>
      </properties>
      <testcase name="Test Cases/s-sidebar_navigation/individualAccount/arveen_production_login_kiboengage" classname="Test Cases/s-sidebar_navigation/individualAccount/arveen_production_login_kiboengage" status="PASSED">
         <system-out><![CDATA[2019-04-24 15:45:56 - [TEST_CASE][PASSED] - Test Cases/s-sidebar_navigation/individualAccount/arveen_production_login_kiboengage: Test Cases/s-sidebar_navigation/individualAccount/arveen_production_login_kiboengage

2019-04-24 15:45:58 - [TEST_STEP][PASSED] - openBrowser: Browser is opened with url: ''

2019-04-24 15:46:04 - [MESSAGE][PASSED] - Browser is opened with url: ''

2019-04-24 15:46:04 - [TEST_STEP][PASSED] - maximizeWindow: Current window maximized

2019-04-24 15:46:06 - [MESSAGE][PASSED] - Current window maximized

2019-04-24 15:46:06 - [TEST_STEP][PASSED] - navigateToUrl: Navigate to 'https://kiboengage.cloudkibo.com/' successfully

2019-04-24 15:46:22 - [MESSAGE][PASSED] - Navigate to 'https://kiboengage.cloudkibo.com/' successfully

2019-04-24 15:46:22 - [TEST_STEP][PASSED] - navigateToUrl: Navigate to 'https://accounts.cloudkibo.com/?continue=https://kiboengage.cloudkibo.com' successfully

2019-04-24 15:46:24 - [MESSAGE][PASSED] - Navigate to 'https://accounts.cloudkibo.com/?continue=https://kiboengage.cloudkibo.com' successfully

2019-04-24 15:46:24 - [TEST_STEP][PASSED] - click: Object: 'Object Repository/Page_CloudKibo/a_Login (2) (1) (1)' is clicked on

2019-04-24 15:46:26 - [MESSAGE][PASSED] - Object: 'Object Repository/Page_CloudKibo/a_Login (2) (1) (1)' is clicked on

2019-04-24 15:46:26 - [TEST_STEP][PASSED] - setText: Text 'individual@cloudkibo.com' is set on object 'Object Repository/Page_KiboPush/input_email (10) (1) (1)'

2019-04-24 15:46:26 - [MESSAGE][PASSED] - Text 'individual@cloudkibo.com' is set on object 'Object Repository/Page_KiboPush/input_email (10) (1) (1)'

2019-04-24 15:46:26 - [TEST_STEP][PASSED] - setEncryptedText: Text ****** has been set on object 'Object Repository/Page_CloudKibo/input_Sign In_password (7)'

2019-04-24 15:46:27 - [MESSAGE][PASSED] - Text ****** has been set on object 'Object Repository/Page_CloudKibo/input_Sign In_password (7)'

2019-04-24 15:46:27 - [TEST_STEP][PASSED] - click: Object: 'Object Repository/Page_KiboPush/button_Sign In (10) (1) (2)' is clicked on

2019-04-24 15:46:27 - [MESSAGE][PASSED] - Object: 'Object Repository/Page_KiboPush/button_Sign In (10) (1) (2)' is clicked on

2019-04-24 15:46:27 - [TEST_STEP][PASSED] - click: Object: 'Object Repository/Page_KiboPush  Dashboard/h3_Dashboard (57)' is clicked on

2019-04-24 15:46:46 - [MESSAGE][PASSED] - Object: 'Object Repository/Page_KiboPush  Dashboard/h3_Dashboard (57)' is clicked on

2019-04-24 15:46:46 - [TEST_STEP][PASSED] - delay: Delayed 3 second(s)

2019-04-24 15:46:49 - [MESSAGE][PASSED] - Delayed 3 second(s)

2019-04-24 15:46:49 - [TEST_STEP][PASSED] - click: Object: 'Object Repository/Page_KiboEngage  Dashboard/a_SMS (2) (1) (1) (1) (3)' is clicked on

2019-04-24 15:46:49 - [MESSAGE][PASSED] - Object: 'Object Repository/Page_KiboEngage  Dashboard/a_SMS (2) (1) (1) (1) (3)' is clicked on

2019-04-24 15:46:49 - [TEST_STEP][PASSED] - delay: Delayed 2 second(s)

2019-04-24 15:46:51 - [MESSAGE][PASSED] - Delayed 2 second(s)

2019-04-24 15:46:51 - [TEST_STEP][PASSED] - click: Object: 'Object Repository/Page_KiboEngage  Dashboard/span_Messenger (1) (1) (1) (3)' is clicked on

2019-04-24 15:46:51 - [MESSAGE][PASSED] - Object: 'Object Repository/Page_KiboEngage  Dashboard/span_Messenger (1) (1) (1) (3)' is clicked on

2019-04-24 15:46:51 - [TEST_STEP][PASSED] - delay: Delayed 2 second(s)

2019-04-24 15:46:53 - [MESSAGE][PASSED] - Delayed 2 second(s)]]></system-out>
         <system-err><![CDATA[]]></system-err>
      </testcase>
      <testcase name="Test Cases/Sequence Messaging/open_automation" classname="Test Cases/Sequence Messaging/open_automation" status="PASSED">
         <system-out><![CDATA[2019-04-24 15:46:53 - [TEST_CASE][PASSED] - Test Cases/Sequence Messaging/open_automation: Test Cases/Sequence Messaging/open_automation

2019-04-24 15:46:54 - [TEST_STEP][PASSED] - click: Object: 'Object Repository/Page_KiboPush  Dashboard/span_Automation (1) (1)' is clicked on

2019-04-24 15:46:54 - [MESSAGE][PASSED] - Object: 'Object Repository/Page_KiboPush  Dashboard/span_Automation (1) (1)' is clicked on

2019-04-24 15:46:54 - [TEST_STEP][PASSED] - delay: Delayed 1 second(s)

2019-04-24 15:46:55 - [MESSAGE][PASSED] - Delayed 1 second(s)]]></system-out>
         <system-err><![CDATA[]]></system-err>
      </testcase>
      <testcase name="Test Cases/Sequence Messaging/TC0986" classname="Test Cases/Sequence Messaging/TC0986" status="PASSED">
         <system-out><![CDATA[2019-04-24 15:46:55 - [TEST_CASE][PASSED] - Test Cases/Sequence Messaging/TC0986: Test Cases/Sequence Messaging/TC0986

2019-04-24 15:46:56 - [TEST_STEP][PASSED] - callTestCase: Call Test Case 'Test Cases/Sequence Messaging/TC0980' successfully

2019-04-24 15:46:56 - [TEST_CASE][PASSED] - Test Cases/Sequence Messaging/TC0980: Test Cases/Sequence Messaging/TC0980

2019-04-24 15:46:56 - [TEST_STEP][PASSED] - callTestCase: Call Test Case 'Test Cases/Sequence Messaging/Go_to_Seq_Messaging' successfully

2019-04-24 15:46:56 - [TEST_CASE][PASSED] - Test Cases/Sequence Messaging/Go_to_Seq_Messaging: Test Cases/Sequence Messaging/Go_to_Seq_Messaging

2019-04-24 15:46:56 - [TEST_STEP][PASSED] - callTestCase: Call Test Case 'Test Cases/Sequence Messaging/Login' successfully

2019-04-24 15:46:56 - [TEST_CASE][PASSED] - Test Cases/Sequence Messaging/Login: Test Cases/Sequence Messaging/Login

2019-04-24 15:46:57 - [TEST_STEP][PASSED] - callTestCase: Call Test Case 'Test Cases/s-sidebar_navigation/individualAccount/sequenceMessaging' successfully

2019-04-24 15:46:57 - [TEST_CASE][PASSED] - Test Cases/s-sidebar_navigation/individualAccount/sequenceMessaging: Test Cases/s-sidebar_navigation/individualAccount/sequenceMessaging

2019-04-24 15:46:57 - [TEST_STEP][PASSED] - click: Object: 'Object Repository/Page_KiboPush  Dashboard/span_Autoposting' is clicked on

2019-04-24 15:46:57 - [MESSAGE][PASSED] - Object: 'Object Repository/Page_KiboPush  Dashboard/span_Autoposting' is clicked on

2019-04-24 15:46:57 - [TEST_STEP][PASSED] - delay: Delayed 1 second(s)

2019-04-24 15:46:58 - [MESSAGE][PASSED] - Delayed 1 second(s)

2019-04-24 15:46:58 - [TEST_STEP][PASSED] - click: Object: 'Object Repository/Page_KiboPush  Dashboard/span_Sequence Messaging' is clicked on

2019-04-24 15:46:59 - [MESSAGE][PASSED] - Object: 'Object Repository/Page_KiboPush  Dashboard/span_Sequence Messaging' is clicked on

2019-04-24 15:46:59 - [TEST_STEP][PASSED] - scrollToPosition: Browser is scrolled to position x = 0, y = 0

2019-04-24 15:46:59 - [MESSAGE][PASSED] - Browser is scrolled to position x = 0, y = 0

2019-04-24 15:46:59 - [TEST_STEP][PASSED] - click: Object: 'Object Repository/Page_KiboPush  Sequence Messaging/h3_Sequence Messaging' is clicked on

2019-04-24 15:46:59 - [MESSAGE][PASSED] - Object: 'Object Repository/Page_KiboPush  Sequence Messaging/h3_Sequence Messaging' is clicked on

2019-04-24 15:46:59 - [TEST_STEP][PASSED] - delay: Delayed 1 second(s)

2019-04-24 15:47:00 - [MESSAGE][PASSED] - Delayed 1 second(s)

2019-04-24 15:47:00 - [MESSAGE][PASSED] - Call Test Case 'Test Cases/s-sidebar_navigation/individualAccount/sequenceMessaging' successfully

2019-04-24 15:47:00 - [MESSAGE][PASSED] - Call Test Case 'Test Cases/Sequence Messaging/Login' successfully

2019-04-24 15:47:00 - [MESSAGE][PASSED] - Call Test Case 'Test Cases/Sequence Messaging/Go_to_Seq_Messaging' successfully

2019-04-24 15:47:00 - [TEST_STEP][PASSED] - delay: Delayed 4 second(s)

2019-04-24 15:47:04 - [MESSAGE][PASSED] - Delayed 4 second(s)

2019-04-24 15:47:04 - [MESSAGE][PASSED] - Call Test Case 'Test Cases/Sequence Messaging/TC0980' successfully

2019-04-24 15:47:04 - [TEST_STEP][PASSED] - click: Object: 'Object Repository/Page_KiboPush  Sequence Messaging/span_Edit (1)' is clicked on

2019-04-24 15:47:04 - [MESSAGE][PASSED] - Object: 'Object Repository/Page_KiboPush  Sequence Messaging/span_Edit (1)' is clicked on

2019-04-24 15:47:04 - [TEST_STEP][PASSED] - delay: Delayed 2 second(s)

2019-04-24 15:47:06 - [MESSAGE][PASSED] - Delayed 2 second(s)

2019-04-24 15:47:06 - [TEST_STEP][PASSED] - click: Object: 'Object Repository/Page_KiboPush  Sequence Messaging/Delete Message Icon' is clicked on

2019-04-24 15:47:07 - [MESSAGE][PASSED] - Object: 'Object Repository/Page_KiboPush  Sequence Messaging/Delete Message Icon' is clicked on

2019-04-24 15:47:07 - [TEST_STEP][PASSED] - click: Object: 'Object Repository/Page_KiboPush  Sequence Messaging/button_Delete (3)' is clicked on

2019-04-24 15:47:07 - [MESSAGE][PASSED] - Object: 'Object Repository/Page_KiboPush  Sequence Messaging/button_Delete (3)' is clicked on

2019-04-24 15:47:07 - [TEST_STEP][PASSED] - delay: Delayed 4 second(s)

2019-04-24 15:47:11 - [MESSAGE][PASSED] - Delayed 4 second(s)

2019-04-24 15:47:11 - [TEST_STEP][PASSED] - click: Object: 'Object Repository/Page_KiboPush  Sequence Messaging/button_Add Message (1)' is clicked on

2019-04-24 15:47:11 - [MESSAGE][PASSED] - Object: 'Object Repository/Page_KiboPush  Sequence Messaging/button_Add Message (1)' is clicked on

2019-04-24 15:47:11 - [TEST_STEP][PASSED] - delay: Delayed 2 second(s)

2019-04-24 15:47:13 - [MESSAGE][PASSED] - Delayed 2 second(s)

2019-04-24 15:47:13 - [TEST_STEP][PASSED] - click: Object: 'Object Repository/Page_KiboPush  Sequence Messaging/span_New Message (4)' is clicked on

2019-04-24 15:47:13 - [MESSAGE][PASSED] - Object: 'Object Repository/Page_KiboPush  Sequence Messaging/span_New Message (4)' is clicked on

2019-04-24 15:47:13 - [TEST_STEP][PASSED] - delay: Delayed 3 second(s)

2019-04-24 15:47:16 - [MESSAGE][PASSED] - Delayed 3 second(s)

2019-04-24 15:47:16 - [TEST_STEP][PASSED] - click: Object: 'Object Repository/Page_KiboPush  Edit Message/i_New Message_convoTitle' is clicked on

2019-04-24 15:47:17 - [MESSAGE][PASSED] - Object: 'Object Repository/Page_KiboPush  Edit Message/i_New Message_convoTitle' is clicked on

2019-04-24 15:47:17 - [TEST_STEP][PASSED] - delay: Delayed 2 second(s)

2019-04-24 15:47:19 - [MESSAGE][PASSED] - Delayed 2 second(s)

2019-04-24 15:47:19 - [TEST_STEP][PASSED] - setText: Text 'Message1' is set on object 'Object Repository/Page_KiboPush  Edit Message/input_Rename_form-control'

2019-04-24 15:47:19 - [MESSAGE][PASSED] - Text 'Message1' is set on object 'Object Repository/Page_KiboPush  Edit Message/input_Rename_form-control'

2019-04-24 15:47:19 - [TEST_STEP][PASSED] - scrollToElement: Scroll to object 'Object Repository/Page_KiboPush  Edit Message/div_View Facebook guidelines r' successfully

2019-04-24 15:47:19 - [MESSAGE][PASSED] - Scroll to object 'Object Repository/Page_KiboPush  Edit Message/div_View Facebook guidelines r' successfully

2019-04-24 15:47:19 - [TEST_STEP][PASSED] - click: Object: 'Object Repository/Page_KiboPush  Edit Message/button_Save' is clicked on

2019-04-24 15:47:19 - [MESSAGE][PASSED] - Object: 'Object Repository/Page_KiboPush  Edit Message/button_Save' is clicked on

2019-04-24 15:47:19 - [TEST_STEP][PASSED] - delay: Delayed 3 second(s)

2019-04-24 15:47:22 - [MESSAGE][PASSED] - Delayed 3 second(s)

2019-04-24 15:47:22 - [TEST_STEP][PASSED] - click: Object: 'Object Repository/Page_KiboPush  Edit Message/div_Text' is clicked on

2019-04-24 15:47:22 - [MESSAGE][PASSED] - Object: 'Object Repository/Page_KiboPush  Edit Message/div_Text' is clicked on

2019-04-24 15:47:22 - [TEST_STEP][PASSED] - setText: Text 'Text1' is set on object 'Object Repository/Page_KiboPush  Edit Message/Set Text Component'

2019-04-24 15:47:23 - [MESSAGE][PASSED] - Text 'Text1' is set on object 'Object Repository/Page_KiboPush  Edit Message/Set Text Component'

2019-04-24 15:47:23 - [TEST_STEP][PASSED] - click: Object: 'Object Repository/Page_KiboPush  Edit Message/button_Save_1' is clicked on

2019-04-24 15:47:23 - [MESSAGE][PASSED] - Object: 'Object Repository/Page_KiboPush  Edit Message/button_Save_1' is clicked on

2019-04-24 15:47:23 - [TEST_STEP][PASSED] - scrollToPosition: Browser is scrolled to position x = 0, y = 0

2019-04-24 15:47:23 - [MESSAGE][PASSED] - Browser is scrolled to position x = 0, y = 0

2019-04-24 15:47:23 - [TEST_STEP][PASSED] - click: Object: 'Object Repository/Page_KiboPush  Edit Message/a_Back' is clicked on

2019-04-24 15:47:24 - [MESSAGE][PASSED] - Object: 'Object Repository/Page_KiboPush  Edit Message/a_Back' is clicked on]]></system-out>
         <system-err><![CDATA[]]></system-err>
      </testcase>
      <system-out><![CDATA[2019-04-24 15:45:54 - [TEST_SUITE][PASSED] - seq_message: Test Cases/Sequence Messaging/TC0986]]></system-out>
      <system-err><![CDATA[]]></system-err>
   </testsuite>
</testsuites>
