<?xml version="1.0" encoding="UTF-8"?>
<testsuites name="SMS Livechat" time="68" tests="7" failures="0" errors="0">
   <testsuite name="SMS Livechat" tests="7" failures="0" errors="0" time="68" timestamp="2019-04-22 15:23:20" hostname="cloudkibo-faizan - cloudkibo-faizan" id="Test Suites/Faizan Suits/SMS Livechat">
      <properties>
         <property name="deviceName" value=""/>
         <property name="devicePlatform" value=""/>
         <property name="logFolder" value="/home/cloudkibo-faizan/Desktop/KiboPush_Automated_Testing/KiboPush Katalon/Reports/Faizan Suits/SMS Livechat/20190422_151843"/>
         <property name="logFiles" value="/home/cloudkibo-faizan/Desktop/KiboPush_Automated_Testing/KiboPush Katalon/Reports/Faizan Suits/SMS Livechat/20190422_151843/execution0.log"/>
         <property name="attachments" value=""/>
         <property name="hostName" value="cloudkibo-faizan - cloudkibo-faizan"/>
         <property name="os" value="Linux 64bit"/>
         <property name="katalonVersion" value="6.0.6.4"/>
         <property name="browser" value="Chrome 73.0.3683.75"/>
         <property name="hostAddress" value="127.0.1.1"/>
         <property name="sessionId" value="b99c057c9a02500c90de6d74994614b8"/>
         <property name="seleniumVersion" value="3.7.1"/>
         <property name="proxyInformation" value="ProxyInformation{proxyOption=NO_PROXY, proxyServerType=HTTP, password=, proxyServerAddress=, proxyServerPort=0}"/>
         <property name="platform" value="Linux"/>
      </properties>
      <testcase name="Test Cases/s-sidebar_navigation/individualAccount/Faizan_production_login_kibochat" classname="Test Cases/s-sidebar_navigation/individualAccount/Faizan_production_login_kibochat" status="PASSED">
         <system-out><![CDATA[2019-04-22 15:23:20 - [TEST_CASE][PASSED] - Test Cases/s-sidebar_navigation/individualAccount/Faizan_production_login_kibochat: Test Cases/s-sidebar_navigation/individualAccount/Faizan_production_login_kibochat

2019-04-22 15:23:20 - [TEST_STEP][PASSED] - openBrowser(""): Browser is opened with url: ''

2019-04-22 15:23:20 - [MESSAGE][INFO] - Starting 'Chrome' driver

2019-04-22 15:23:20 - [MESSAGE][INFO] - User set preference: ['args', '[--no-sandbox]']

2019-04-22 15:23:20 - [MESSAGE][INFO] - Action delay is set to 0 seconds

2019-04-22 15:23:21 - [MESSAGE][PASSED] - Browser is opened with url: ''

2019-04-22 15:23:21 - [TEST_STEP][PASSED] - maximizeWindow(): Current window maximized

2019-04-22 15:23:21 - [MESSAGE][PASSED] - Current window maximized

2019-04-22 15:23:21 - [TEST_STEP][PASSED] - navigateToUrl("https://kibochat.cloudkibo.com/"): Navigate to 'https://kibochat.cloudkibo.com/' successfully

2019-04-22 15:23:33 - [MESSAGE][PASSED] - Navigate to 'https://kibochat.cloudkibo.com/' successfully

2019-04-22 15:23:33 - [TEST_STEP][PASSED] - navigateToUrl("https://accounts.cloudkibo.com/?continue=https://kibochat.cloudkibo.com"): Navigate to 'https://accounts.cloudkibo.com/?continue=https://kibochat.cloudkibo.com' successfully

2019-04-22 15:23:33 - [MESSAGE][PASSED] - Navigate to 'https://accounts.cloudkibo.com/?continue=https://kibochat.cloudkibo.com' successfully

2019-04-22 15:23:33 - [TEST_STEP][PASSED] - click(findTestObject("Page_KiboPush/a_Login (10)")): Object: 'Object Repository/Page_KiboPush/a_Login (10)' is clicked on

2019-04-22 15:23:34 - [MESSAGE][PASSED] - Object: 'Object Repository/Page_KiboPush/a_Login (10)' is clicked on

2019-04-22 15:23:34 - [TEST_STEP][PASSED] - setText(findTestObject("Page_KiboPush/input_email (10) (1) (1)"), "faizan@cloudkibo.com"): Text 'faizan@cloudkibo.com' is set on object 'Object Repository/Page_KiboPush/input_email (10) (1) (1)'

2019-04-22 15:23:34 - [MESSAGE][PASSED] - Text 'faizan@cloudkibo.com' is set on object 'Object Repository/Page_KiboPush/input_email (10) (1) (1)'

2019-04-22 15:23:34 - [TEST_STEP][PASSED] - setEncryptedText(findTestObject("Page_CloudKibo/input_Sign In_password (7)"), "qeJ0sjJnwEs="): Text ****** has been set on object 'Object Repository/Page_CloudKibo/input_Sign In_password (7)'

2019-04-22 15:23:34 - [MESSAGE][PASSED] - Text ****** has been set on object 'Object Repository/Page_CloudKibo/input_Sign In_password (7)'

2019-04-22 15:23:34 - [TEST_STEP][PASSED] - click(findTestObject("Page_KiboPush/button_Sign In (11)")): Object: 'Object Repository/Page_KiboPush/button_Sign In (11)' is clicked on

2019-04-22 15:23:34 - [MESSAGE][PASSED] - Object: 'Object Repository/Page_KiboPush/button_Sign In (11)' is clicked on

2019-04-22 15:23:34 - [TEST_STEP][PASSED] - click(findTestObject("Page_KiboPush  Dashboard/h3_Dashboard (58)")): Object: 'Object Repository/Page_KiboPush  Dashboard/h3_Dashboard (58)' is clicked on

2019-04-22 15:24:08 - [MESSAGE][PASSED] - Object: 'Object Repository/Page_KiboPush  Dashboard/h3_Dashboard (58)' is clicked on

2019-04-22 15:24:08 - [TEST_STEP][PASSED] - delay(3): Delayed 3 second(s)

2019-04-22 15:24:11 - [MESSAGE][PASSED] - Delayed 3 second(s)

2019-04-22 15:24:11 - [TEST_STEP][PASSED] - click(findTestObject("Object Repository/Page_KiboEngage  Dashboard/a_SMS (2)")): Object: 'Object Repository/Page_KiboEngage  Dashboard/a_SMS (2)' is clicked on

2019-04-22 15:24:11 - [MESSAGE][PASSED] - Object: 'Object Repository/Page_KiboEngage  Dashboard/a_SMS (2)' is clicked on

2019-04-22 15:24:11 - [TEST_STEP][PASSED] - click(findTestObject("Object Repository/Page_KiboEngage  Dashboard/span_Messenger")): Object: 'Object Repository/Page_KiboEngage  Dashboard/span_Messenger' is clicked on

2019-04-22 15:24:11 - [MESSAGE][PASSED] - Object: 'Object Repository/Page_KiboEngage  Dashboard/span_Messenger' is clicked on]]></system-out>
         <system-err><![CDATA[]]></system-err>
      </testcase>
      <testcase name="Test Cases/SMS/SMSPlatform" classname="Test Cases/SMS/SMSPlatform" status="PASSED">
         <system-out><![CDATA[2019-04-22 15:24:11 - [TEST_CASE][PASSED] - Test Cases/SMS/SMSPlatform: Test Cases/SMS/SMSPlatform

2019-04-22 15:24:11 - [TEST_STEP][PASSED] - click(findTestObject("Page_KiboEngage  Dashboard/a_SMS (1)")): Object: 'Object Repository/Page_KiboEngage  Dashboard/a_SMS (1)' is clicked on

2019-04-22 15:24:11 - [MESSAGE][PASSED] - Object: 'Object Repository/Page_KiboEngage  Dashboard/a_SMS (1)' is clicked on

2019-04-22 15:24:12 - [TEST_STEP][PASSED] - click(findTestObject("Page_KiboEngage  Dashboard/span_SMS (1)")): Object: 'Object Repository/Page_KiboEngage  Dashboard/span_SMS (1)' is clicked on

2019-04-22 15:24:12 - [MESSAGE][PASSED] - Object: 'Object Repository/Page_KiboEngage  Dashboard/span_SMS (1)' is clicked on

2019-04-22 15:24:12 - [TEST_STEP][PASSED] - delay(1): Delayed 1 second(s)

2019-04-22 15:24:13 - [MESSAGE][PASSED] - Delayed 1 second(s)]]></system-out>
         <system-err><![CDATA[]]></system-err>
      </testcase>
      <testcase name="Test Cases/SMS/Sms Livechat/TC11188" classname="Test Cases/SMS/Sms Livechat/TC11188" status="PASSED">
         <system-out><![CDATA[2019-04-22 15:24:13 - [TEST_CASE][PASSED] - Test Cases/SMS/Sms Livechat/TC11188: Test Cases/SMS/Sms Livechat/TC11188

2019-04-22 15:24:13 - [TEST_STEP][PASSED] - click(findTestObject("Page_KiboPush  Dashboard/span_Dashboard")): Object: 'Object Repository/Page_KiboPush  Dashboard/span_Dashboard' is clicked on

2019-04-22 15:24:13 - [MESSAGE][PASSED] - Object: 'Object Repository/Page_KiboPush  Dashboard/span_Dashboard' is clicked on

2019-04-22 15:24:13 - [TEST_STEP][PASSED] - delay(1): Delayed 1 second(s)

2019-04-22 15:24:14 - [MESSAGE][PASSED] - Delayed 1 second(s)

2019-04-22 15:24:14 - [TEST_STEP][PASSED] - click(findTestObject("Object Repository/Page_KiboChat  Dashboard/span_Live Chat (Beta)")): Object: 'Object Repository/Page_KiboChat  Dashboard/span_Live Chat (Beta)' is clicked on

2019-04-22 15:24:14 - [MESSAGE][PASSED] - Object: 'Object Repository/Page_KiboChat  Dashboard/span_Live Chat (Beta)' is clicked on

2019-04-22 15:24:14 - [TEST_STEP][PASSED] - delay(1): Delayed 1 second(s)

2019-04-22 15:24:15 - [MESSAGE][PASSED] - Delayed 1 second(s)]]></system-out>
         <system-err><![CDATA[]]></system-err>
      </testcase>
      <testcase name="Test Cases/SMS/Sms Livechat/TC11189" classname="Test Cases/SMS/Sms Livechat/TC11189" status="PASSED">
         <system-out><![CDATA[2019-04-22 15:24:15 - [TEST_CASE][PASSED] - Test Cases/SMS/Sms Livechat/TC11189: Test Cases/SMS/Sms Livechat/TC11189

2019-04-22 15:24:15 - [TEST_STEP][PASSED] - click(findTestObject("Page_KiboPush  Dashboard/span_Dashboard")): Object: 'Object Repository/Page_KiboPush  Dashboard/span_Dashboard' is clicked on

2019-04-22 15:24:15 - [MESSAGE][PASSED] - Object: 'Object Repository/Page_KiboPush  Dashboard/span_Dashboard' is clicked on

2019-04-22 15:24:15 - [TEST_STEP][PASSED] - delay(1): Delayed 1 second(s)

2019-04-22 15:24:16 - [MESSAGE][PASSED] - Delayed 1 second(s)

2019-04-22 15:24:16 - [TEST_STEP][PASSED] - click(findTestObject("Object Repository/Page_KiboChat  Dashboard/span_Live Chat (Beta)")): Object: 'Object Repository/Page_KiboChat  Dashboard/span_Live Chat (Beta)' is clicked on

2019-04-22 15:24:16 - [MESSAGE][PASSED] - Object: 'Object Repository/Page_KiboChat  Dashboard/span_Live Chat (Beta)' is clicked on

2019-04-22 15:24:16 - [TEST_STEP][PASSED] - delay(1): Delayed 1 second(s)

2019-04-22 15:24:17 - [MESSAGE][PASSED] - Delayed 1 second(s)]]></system-out>
         <system-err><![CDATA[]]></system-err>
      </testcase>
      <testcase name="Test Cases/SMS/Sms Livechat/TC11190" classname="Test Cases/SMS/Sms Livechat/TC11190" status="PASSED">
         <system-out><![CDATA[2019-04-22 15:24:17 - [TEST_CASE][PASSED] - Test Cases/SMS/Sms Livechat/TC11190: Test Cases/SMS/Sms Livechat/TC11190

2019-04-22 15:24:17 - [TEST_STEP][PASSED] - click(findTestObject("Page_KiboPush  Dashboard/span_Dashboard")): Object: 'Object Repository/Page_KiboPush  Dashboard/span_Dashboard' is clicked on

2019-04-22 15:24:18 - [MESSAGE][PASSED] - Object: 'Object Repository/Page_KiboPush  Dashboard/span_Dashboard' is clicked on

2019-04-22 15:24:18 - [TEST_STEP][PASSED] - delay(1): Delayed 1 second(s)

2019-04-22 15:24:19 - [MESSAGE][PASSED] - Delayed 1 second(s)

2019-04-22 15:24:19 - [TEST_STEP][PASSED] - click(findTestObject("Object Repository/Page_KiboChat  Dashboard/span_Live Chat (Beta)")): Object: 'Object Repository/Page_KiboChat  Dashboard/span_Live Chat (Beta)' is clicked on

2019-04-22 15:24:19 - [MESSAGE][PASSED] - Object: 'Object Repository/Page_KiboChat  Dashboard/span_Live Chat (Beta)' is clicked on

2019-04-22 15:24:19 - [TEST_STEP][PASSED] - delay(1): Delayed 1 second(s)

2019-04-22 15:24:20 - [MESSAGE][PASSED] - Delayed 1 second(s)

2019-04-22 15:24:20 - [TEST_STEP][PASSED] - click(findTestObject("Object Repository/Page_KiboChat  Live Chat/span_Faizan")): Object: 'Object Repository/Page_KiboChat  Live Chat/span_Faizan' is clicked on

2019-04-22 15:24:20 - [MESSAGE][PASSED] - Object: 'Object Repository/Page_KiboChat  Live Chat/span_Faizan' is clicked on

2019-04-22 15:24:20 - [TEST_STEP][PASSED] - click(findTestObject("Object Repository/Page_KiboChat  Live Chat/div_Faizan wrote")): Object: 'Object Repository/Page_KiboChat  Live Chat/div_Faizan wrote' is clicked on

2019-04-22 15:24:20 - [MESSAGE][PASSED] - Object: 'Object Repository/Page_KiboChat  Live Chat/div_Faizan wrote' is clicked on]]></system-out>
         <system-err><![CDATA[]]></system-err>
      </testcase>
      <testcase name="Test Cases/SMS/Sms Livechat/TC11191" classname="Test Cases/SMS/Sms Livechat/TC11191" status="PASSED">
         <system-out><![CDATA[2019-04-22 15:24:20 - [TEST_CASE][PASSED] - Test Cases/SMS/Sms Livechat/TC11191: Test Cases/SMS/Sms Livechat/TC11191

2019-04-22 15:24:20 - [TEST_STEP][PASSED] - click(findTestObject("Page_KiboPush  Dashboard/span_Dashboard")): Object: 'Object Repository/Page_KiboPush  Dashboard/span_Dashboard' is clicked on

2019-04-22 15:24:20 - [MESSAGE][PASSED] - Object: 'Object Repository/Page_KiboPush  Dashboard/span_Dashboard' is clicked on

2019-04-22 15:24:20 - [TEST_STEP][PASSED] - delay(1): Delayed 1 second(s)

2019-04-22 15:24:21 - [MESSAGE][PASSED] - Delayed 1 second(s)

2019-04-22 15:24:21 - [TEST_STEP][PASSED] - click(findTestObject("Object Repository/Page_KiboChat  Dashboard/span_Live Chat (Beta)")): Object: 'Object Repository/Page_KiboChat  Dashboard/span_Live Chat (Beta)' is clicked on

2019-04-22 15:24:21 - [MESSAGE][PASSED] - Object: 'Object Repository/Page_KiboChat  Dashboard/span_Live Chat (Beta)' is clicked on

2019-04-22 15:24:21 - [TEST_STEP][PASSED] - delay(1): Delayed 1 second(s)

2019-04-22 15:24:22 - [MESSAGE][PASSED] - Delayed 1 second(s)

2019-04-22 15:24:22 - [TEST_STEP][PASSED] - click(findTestObject("Object Repository/Page_KiboChat  Live Chat/div_Faizan wrote")): Object: 'Object Repository/Page_KiboChat  Live Chat/div_Faizan wrote' is clicked on

2019-04-22 15:24:22 - [MESSAGE][PASSED] - Object: 'Object Repository/Page_KiboChat  Live Chat/div_Faizan wrote' is clicked on]]></system-out>
         <system-err><![CDATA[]]></system-err>
      </testcase>
      <testcase name="Test Cases/SMS/Sms Livechat/TC11193" classname="Test Cases/SMS/Sms Livechat/TC11193" status="PASSED">
         <system-out><![CDATA[2019-04-22 15:24:22 - [TEST_CASE][PASSED] - Test Cases/SMS/Sms Livechat/TC11193: Test Cases/SMS/Sms Livechat/TC11193

2019-04-22 15:24:22 - [TEST_STEP][PASSED] - click(findTestObject("Page_KiboPush  Dashboard/span_Dashboard")): Object: 'Object Repository/Page_KiboPush  Dashboard/span_Dashboard' is clicked on

2019-04-22 15:24:23 - [MESSAGE][PASSED] - Object: 'Object Repository/Page_KiboPush  Dashboard/span_Dashboard' is clicked on

2019-04-22 15:24:23 - [TEST_STEP][PASSED] - delay(1): Delayed 1 second(s)

2019-04-22 15:24:24 - [MESSAGE][PASSED] - Delayed 1 second(s)

2019-04-22 15:24:24 - [TEST_STEP][PASSED] - click(findTestObject("Object Repository/Page_KiboChat  Dashboard/span_Live Chat (Beta)")): Object: 'Object Repository/Page_KiboChat  Dashboard/span_Live Chat (Beta)' is clicked on

2019-04-22 15:24:24 - [MESSAGE][PASSED] - Object: 'Object Repository/Page_KiboChat  Dashboard/span_Live Chat (Beta)' is clicked on

2019-04-22 15:24:24 - [TEST_STEP][PASSED] - delay(1): Delayed 1 second(s)

2019-04-22 15:24:25 - [MESSAGE][PASSED] - Delayed 1 second(s)

2019-04-22 15:24:25 - [TEST_STEP][PASSED] - setText(findTestObject("Page_KiboChat  Live Chat/input_User Guide_generalSearch"), "imran"): Text 'imran' is set on object 'Object Repository/Page_KiboChat  Live Chat/input_User Guide_generalSearch'

2019-04-22 15:24:25 - [MESSAGE][PASSED] - Text 'imran' is set on object 'Object Repository/Page_KiboChat  Live Chat/input_User Guide_generalSearch'

2019-04-22 15:24:25 - [TEST_STEP][PASSED] - delay(3): Delayed 3 second(s)

2019-04-22 15:24:28 - [MESSAGE][PASSED] - Delayed 3 second(s)

2019-04-22 15:24:28 - [TEST_STEP][PASSED] - click(findTestObject("Page_KiboChat  Live Chat/span_Anisha (1)")): Object: 'Object Repository/Page_KiboChat  Live Chat/span_Anisha (1)' is clicked on

2019-04-22 15:24:28 - [MESSAGE][PASSED] - Object: 'Object Repository/Page_KiboChat  Live Chat/span_Anisha (1)' is clicked on]]></system-out>
         <system-err><![CDATA[]]></system-err>
      </testcase>
      <system-out><![CDATA[2019-04-22 15:23:20 - [TEST_SUITE][PASSED] - SMS Livechat: Test Cases/SMS/Sms Livechat/TC11193]]></system-out>
      <system-err><![CDATA[]]></system-err>
   </testsuite>
</testsuites>
