<?xml version="1.0" encoding="UTF-8"?>
<testsuites name="Message Us" time="64" tests="8" failures="0" errors="0">
   <testsuite name="Message Us" tests="8" failures="0" errors="0" time="64" timestamp="2019-04-30 10:20:25" hostname="cloudkibo-faizan - cloudkibo-faizan" id="Test Suites/Faizan Suits/Message Us">
      <properties>
         <property name="deviceName" value=""/>
         <property name="devicePlatform" value=""/>
         <property name="logFolder" value="/home/cloudkibo-faizan/Drive/KiboPush_Automated_Testing/Reports/Faizan Suits/Message Us/20190430_102017"/>
         <property name="logFiles" value="/home/cloudkibo-faizan/Drive/KiboPush_Automated_Testing/Reports/Faizan Suits/Message Us/20190430_102017/execution0.log"/>
         <property name="attachments" value=""/>
         <property name="hostName" value="cloudkibo-faizan - cloudkibo-faizan"/>
         <property name="os" value="Linux 64bit"/>
         <property name="katalonVersion" value="6.0.6.4"/>
         <property name="browser" value="Chrome 73.0.3683.75"/>
         <property name="hostAddress" value="127.0.1.1"/>
         <property name="sessionId" value="e68d3ec009250c49d587274d96fb420d"/>
         <property name="seleniumVersion" value="3.7.1"/>
         <property name="proxyInformation" value="ProxyInformation{proxyOption=NO_PROXY, proxyServerType=HTTP, password=, proxyServerAddress=, proxyServerPort=0}"/>
         <property name="platform" value="Linux"/>
      </properties>
      <testcase name="Test Cases/s-sidebar_navigation/individualAccount/Faizan_production_login_kiboengage" classname="Test Cases/s-sidebar_navigation/individualAccount/Faizan_production_login_kiboengage" status="PASSED">
         <system-out><![CDATA[2019-04-30 10:20:25 - [TEST_CASE][PASSED] - Test Cases/s-sidebar_navigation/individualAccount/Faizan_production_login_kiboengage: Test Cases/s-sidebar_navigation/individualAccount/Faizan_production_login_kiboengage

2019-04-30 10:20:26 - [TEST_STEP][PASSED] - openBrowser(""): Browser is opened with url: ''

2019-04-30 10:20:26 - [MESSAGE][INFO] - Starting 'Chrome' driver

2019-04-30 10:20:26 - [MESSAGE][INFO] - User set preference: ['args', '[--no-sandbox]']

2019-04-30 10:20:26 - [MESSAGE][INFO] - Action delay is set to 0 seconds

2019-04-30 10:20:28 - [MESSAGE][PASSED] - Browser is opened with url: ''

2019-04-30 10:20:28 - [TEST_STEP][PASSED] - maximizeWindow(): Current window maximized

2019-04-30 10:20:28 - [MESSAGE][PASSED] - Current window maximized

2019-04-30 10:20:28 - [TEST_STEP][PASSED] - navigateToUrl("https://kiboengage.cloudkibo.com/"): Navigate to 'https://kiboengage.cloudkibo.com/' successfully

2019-04-30 10:20:44 - [MESSAGE][PASSED] - Navigate to 'https://kiboengage.cloudkibo.com/' successfully

2019-04-30 10:20:44 - [TEST_STEP][PASSED] - navigateToUrl("https://accounts.cloudkibo.com/?continue=https://kiboengage.cloudkibo.com"): Navigate to 'https://accounts.cloudkibo.com/?continue=https://kiboengage.cloudkibo.com' successfully

2019-04-30 10:20:45 - [MESSAGE][PASSED] - Navigate to 'https://accounts.cloudkibo.com/?continue=https://kiboengage.cloudkibo.com' successfully

2019-04-30 10:20:45 - [TEST_STEP][PASSED] - click(findTestObject("Page_CloudKibo/a_Login (2) (1) (1)")): Object: 'Object Repository/Page_CloudKibo/a_Login (2) (1) (1)' is clicked on

2019-04-30 10:20:46 - [MESSAGE][PASSED] - Object: 'Object Repository/Page_CloudKibo/a_Login (2) (1) (1)' is clicked on

2019-04-30 10:20:46 - [TEST_STEP][PASSED] - setText(findTestObject("Page_KiboPush/input_email (10) (1) (1)"), "faizan@cloudkibo.com"): Text 'faizan@cloudkibo.com' is set on object 'Object Repository/Page_KiboPush/input_email (10) (1) (1)'

2019-04-30 10:20:46 - [MESSAGE][PASSED] - Text 'faizan@cloudkibo.com' is set on object 'Object Repository/Page_KiboPush/input_email (10) (1) (1)'

2019-04-30 10:20:46 - [TEST_STEP][PASSED] - setEncryptedText(findTestObject("Page_CloudKibo/input_Sign In_password (7)"), "qeJ0sjJnwEs="): Text ****** has been set on object 'Object Repository/Page_CloudKibo/input_Sign In_password (7)'

2019-04-30 10:20:46 - [MESSAGE][PASSED] - Text ****** has been set on object 'Object Repository/Page_CloudKibo/input_Sign In_password (7)'

2019-04-30 10:20:46 - [TEST_STEP][PASSED] - click(findTestObject("Page_KiboPush/button_Sign In (10) (1) (2)")): Object: 'Object Repository/Page_KiboPush/button_Sign In (10) (1) (2)' is clicked on

2019-04-30 10:20:46 - [MESSAGE][PASSED] - Object: 'Object Repository/Page_KiboPush/button_Sign In (10) (1) (2)' is clicked on

2019-04-30 10:20:46 - [TEST_STEP][PASSED] - navigateToUrl("https://kiboengage.cloudkibo.com/dashboard"): Navigate to 'https://kiboengage.cloudkibo.com/dashboard' successfully

2019-04-30 10:21:17 - [MESSAGE][PASSED] - Navigate to 'https://kiboengage.cloudkibo.com/dashboard' successfully

2019-04-30 10:21:17 - [TEST_STEP][PASSED] - click(findTestObject("Page_KiboPush  Dashboard/h3_Dashboard (57)")): Object: 'Object Repository/Page_KiboPush  Dashboard/h3_Dashboard (57)' is clicked on

2019-04-30 10:21:17 - [MESSAGE][PASSED] - Object: 'Object Repository/Page_KiboPush  Dashboard/h3_Dashboard (57)' is clicked on

2019-04-30 10:21:17 - [TEST_STEP][PASSED] - delay(3): Delayed 3 second(s)

2019-04-30 10:21:20 - [MESSAGE][PASSED] - Delayed 3 second(s)

2019-04-30 10:21:20 - [TEST_STEP][PASSED] - click(findTestObject("Page_KiboEngage  Dashboard/a_SMS (2) (1) (1) (1) (3)")): Object: 'Object Repository/Page_KiboEngage  Dashboard/a_SMS (2) (1) (1) (1) (3)' is clicked on

2019-04-30 10:21:20 - [MESSAGE][PASSED] - Object: 'Object Repository/Page_KiboEngage  Dashboard/a_SMS (2) (1) (1) (1) (3)' is clicked on

2019-04-30 10:21:20 - [TEST_STEP][PASSED] - click(findTestObject("Page_KiboEngage  Dashboard/span_Messenger (1) (1) (1) (3)")): Object: 'Object Repository/Page_KiboEngage  Dashboard/span_Messenger (1) (1) (1) (3)' is clicked on

2019-04-30 10:21:20 - [MESSAGE][PASSED] - Object: 'Object Repository/Page_KiboEngage  Dashboard/span_Messenger (1) (1) (1) (3)' is clicked on]]></system-out>
         <system-err><![CDATA[]]></system-err>
      </testcase>
      <testcase name="Test Cases/Invite subscribers/open growth tools" classname="Test Cases/Invite subscribers/open growth tools" status="PASSED">
         <system-out><![CDATA[2019-04-30 10:21:20 - [TEST_CASE][PASSED] - Test Cases/Invite subscribers/open growth tools: Test Cases/Invite subscribers/open growth tools

2019-04-30 10:21:20 - [TEST_STEP][PASSED] - click(findTestObject("Object Repository/Page_KiboPush  Dashboard/span_Growth Tools (3)")): Object: 'Object Repository/Page_KiboPush  Dashboard/span_Growth Tools (3)' is clicked on

2019-04-30 10:21:21 - [MESSAGE][PASSED] - Object: 'Object Repository/Page_KiboPush  Dashboard/span_Growth Tools (3)' is clicked on

2019-04-30 10:21:21 - [TEST_STEP][PASSED] - delay(1): Delayed 1 second(s)

2019-04-30 10:21:22 - [MESSAGE][PASSED] - Delayed 1 second(s)]]></system-out>
         <system-err><![CDATA[]]></system-err>
      </testcase>
      <testcase name="Test Cases/Message Us/TC11016" classname="Test Cases/Message Us/TC11016" status="PASSED">
         <system-out><![CDATA[2019-04-30 10:21:22 - [TEST_CASE][PASSED] - Test Cases/Message Us/TC11016: Test Cases/Message Us/TC11016

2019-04-30 10:21:22 - [TEST_STEP][PASSED] - callTestCase(findTestCase("s-sidebar_navigation/individualAccount/Message Us"), [:], STOP_ON_FAILURE): Call Test Case 'Test Cases/s-sidebar_navigation/individualAccount/Message Us' successfully

2019-04-30 10:21:22 - [TEST_CASE][PASSED] - Test Cases/s-sidebar_navigation/individualAccount/Message Us: Test Cases/s-sidebar_navigation/individualAccount/Message Us

2019-04-30 10:21:22 - [TEST_STEP][PASSED] - click(findTestObject("Page_KiboEngage  Dashboard/span_Invite Subscribers (1)")): Object: 'Object Repository/Page_KiboEngage  Dashboard/span_Invite Subscribers (1)' is clicked on

2019-04-30 10:21:22 - [MESSAGE][PASSED] - Object: 'Object Repository/Page_KiboEngage  Dashboard/span_Invite Subscribers (1)' is clicked on

2019-04-30 10:21:22 - [TEST_STEP][PASSED] - delay(1): Delayed 1 second(s)

2019-04-30 10:21:23 - [MESSAGE][PASSED] - Delayed 1 second(s)

2019-04-30 10:21:23 - [MESSAGE][PASSED] - Call Test Case 'Test Cases/s-sidebar_navigation/individualAccount/Message Us' successfully]]></system-out>
         <system-err><![CDATA[]]></system-err>
      </testcase>
      <testcase name="Test Cases/Message Us/TC11021" classname="Test Cases/Message Us/TC11021" status="PASSED">
         <system-out><![CDATA[2019-04-30 10:21:23 - [TEST_CASE][PASSED] - Test Cases/Message Us/TC11021: Test Cases/Message Us/TC11021

2019-04-30 10:21:23 - [TEST_STEP][PASSED] - callTestCase(findTestCase("s-sidebar_navigation/individualAccount/Message Us"), [:], STOP_ON_FAILURE): Call Test Case 'Test Cases/s-sidebar_navigation/individualAccount/Message Us' successfully

2019-04-30 10:21:23 - [TEST_CASE][PASSED] - Test Cases/s-sidebar_navigation/individualAccount/Message Us: Test Cases/s-sidebar_navigation/individualAccount/Message Us

2019-04-30 10:21:23 - [TEST_STEP][PASSED] - click(findTestObject("Page_KiboEngage  Dashboard/span_Invite Subscribers (1)")): Object: 'Object Repository/Page_KiboEngage  Dashboard/span_Invite Subscribers (1)' is clicked on

2019-04-30 10:21:23 - [MESSAGE][PASSED] - Object: 'Object Repository/Page_KiboEngage  Dashboard/span_Invite Subscribers (1)' is clicked on

2019-04-30 10:21:23 - [TEST_STEP][PASSED] - delay(1): Delayed 1 second(s)

2019-04-30 10:21:24 - [MESSAGE][PASSED] - Delayed 1 second(s)

2019-04-30 10:21:24 - [MESSAGE][PASSED] - Call Test Case 'Test Cases/s-sidebar_navigation/individualAccount/Message Us' successfully]]></system-out>
         <system-err><![CDATA[]]></system-err>
      </testcase>
      <testcase name="Test Cases/Message Us/TC11017" classname="Test Cases/Message Us/TC11017" status="PASSED">
         <system-out><![CDATA[2019-04-30 10:21:24 - [TEST_CASE][PASSED] - Test Cases/Message Us/TC11017: Test Cases/Message Us/TC11017

2019-04-30 10:21:24 - [TEST_STEP][PASSED] - callTestCase(findTestCase("s-sidebar_navigation/individualAccount/Message Us"), [:], STOP_ON_FAILURE): Call Test Case 'Test Cases/s-sidebar_navigation/individualAccount/Message Us' successfully

2019-04-30 10:21:24 - [TEST_CASE][PASSED] - Test Cases/s-sidebar_navigation/individualAccount/Message Us: Test Cases/s-sidebar_navigation/individualAccount/Message Us

2019-04-30 10:21:24 - [TEST_STEP][PASSED] - click(findTestObject("Page_KiboEngage  Dashboard/span_Invite Subscribers (1)")): Object: 'Object Repository/Page_KiboEngage  Dashboard/span_Invite Subscribers (1)' is clicked on

2019-04-30 10:21:24 - [MESSAGE][PASSED] - Object: 'Object Repository/Page_KiboEngage  Dashboard/span_Invite Subscribers (1)' is clicked on

2019-04-30 10:21:24 - [TEST_STEP][PASSED] - delay(1): Delayed 1 second(s)

2019-04-30 10:21:25 - [MESSAGE][PASSED] - Delayed 1 second(s)

2019-04-30 10:21:25 - [MESSAGE][PASSED] - Call Test Case 'Test Cases/s-sidebar_navigation/individualAccount/Message Us' successfully]]></system-out>
         <system-err><![CDATA[]]></system-err>
      </testcase>
      <testcase name="Test Cases/Message Us/TC11018" classname="Test Cases/Message Us/TC11018" status="PASSED">
         <system-out><![CDATA[2019-04-30 10:21:25 - [TEST_CASE][PASSED] - Test Cases/Message Us/TC11018: Test Cases/Message Us/TC11018

2019-04-30 10:21:25 - [TEST_STEP][PASSED] - callTestCase(findTestCase("s-sidebar_navigation/individualAccount/Message Us"), [:], STOP_ON_FAILURE): Call Test Case 'Test Cases/s-sidebar_navigation/individualAccount/Message Us' successfully

2019-04-30 10:21:25 - [TEST_CASE][PASSED] - Test Cases/s-sidebar_navigation/individualAccount/Message Us: Test Cases/s-sidebar_navigation/individualAccount/Message Us

2019-04-30 10:21:25 - [TEST_STEP][PASSED] - click(findTestObject("Page_KiboEngage  Dashboard/span_Invite Subscribers (1)")): Object: 'Object Repository/Page_KiboEngage  Dashboard/span_Invite Subscribers (1)' is clicked on

2019-04-30 10:21:26 - [MESSAGE][PASSED] - Object: 'Object Repository/Page_KiboEngage  Dashboard/span_Invite Subscribers (1)' is clicked on

2019-04-30 10:21:26 - [TEST_STEP][PASSED] - delay(1): Delayed 1 second(s)

2019-04-30 10:21:27 - [MESSAGE][PASSED] - Delayed 1 second(s)

2019-04-30 10:21:27 - [MESSAGE][PASSED] - Call Test Case 'Test Cases/s-sidebar_navigation/individualAccount/Message Us' successfully]]></system-out>
         <system-err><![CDATA[]]></system-err>
      </testcase>
      <testcase name="Test Cases/Message Us/TC11019" classname="Test Cases/Message Us/TC11019" status="PASSED">
         <system-out><![CDATA[2019-04-30 10:21:27 - [TEST_CASE][PASSED] - Test Cases/Message Us/TC11019: Test Cases/Message Us/TC11019

2019-04-30 10:21:27 - [TEST_STEP][PASSED] - callTestCase(findTestCase("s-sidebar_navigation/individualAccount/Message Us"), [:], STOP_ON_FAILURE): Call Test Case 'Test Cases/s-sidebar_navigation/individualAccount/Message Us' successfully

2019-04-30 10:21:27 - [TEST_CASE][PASSED] - Test Cases/s-sidebar_navigation/individualAccount/Message Us: Test Cases/s-sidebar_navigation/individualAccount/Message Us

2019-04-30 10:21:27 - [TEST_STEP][PASSED] - click(findTestObject("Page_KiboEngage  Dashboard/span_Invite Subscribers (1)")): Object: 'Object Repository/Page_KiboEngage  Dashboard/span_Invite Subscribers (1)' is clicked on

2019-04-30 10:21:27 - [MESSAGE][PASSED] - Object: 'Object Repository/Page_KiboEngage  Dashboard/span_Invite Subscribers (1)' is clicked on

2019-04-30 10:21:27 - [TEST_STEP][PASSED] - delay(1): Delayed 1 second(s)

2019-04-30 10:21:28 - [MESSAGE][PASSED] - Delayed 1 second(s)

2019-04-30 10:21:28 - [MESSAGE][PASSED] - Call Test Case 'Test Cases/s-sidebar_navigation/individualAccount/Message Us' successfully]]></system-out>
         <system-err><![CDATA[]]></system-err>
      </testcase>
      <testcase name="Test Cases/Message Us/TC11020" classname="Test Cases/Message Us/TC11020" status="PASSED">
         <system-out><![CDATA[2019-04-30 10:21:28 - [TEST_CASE][PASSED] - Test Cases/Message Us/TC11020: Test Cases/Message Us/TC11020

2019-04-30 10:21:28 - [TEST_STEP][PASSED] - callTestCase(findTestCase("s-sidebar_navigation/individualAccount/Message Us"), [:], STOP_ON_FAILURE): Call Test Case 'Test Cases/s-sidebar_navigation/individualAccount/Message Us' successfully

2019-04-30 10:21:28 - [TEST_CASE][PASSED] - Test Cases/s-sidebar_navigation/individualAccount/Message Us: Test Cases/s-sidebar_navigation/individualAccount/Message Us

2019-04-30 10:21:28 - [TEST_STEP][PASSED] - click(findTestObject("Page_KiboEngage  Dashboard/span_Invite Subscribers (1)")): Object: 'Object Repository/Page_KiboEngage  Dashboard/span_Invite Subscribers (1)' is clicked on

2019-04-30 10:21:28 - [MESSAGE][PASSED] - Object: 'Object Repository/Page_KiboEngage  Dashboard/span_Invite Subscribers (1)' is clicked on

2019-04-30 10:21:28 - [TEST_STEP][PASSED] - delay(1): Delayed 1 second(s)

2019-04-30 10:21:29 - [MESSAGE][PASSED] - Delayed 1 second(s)

2019-04-30 10:21:29 - [MESSAGE][PASSED] - Call Test Case 'Test Cases/s-sidebar_navigation/individualAccount/Message Us' successfully]]></system-out>
         <system-err><![CDATA[]]></system-err>
      </testcase>
      <system-out><![CDATA[2019-04-30 10:20:25 - [TEST_SUITE][PASSED] - Message Us: Test Cases/Message Us/TC11020]]></system-out>
      <system-err><![CDATA[]]></system-err>
   </testsuite>
</testsuites>
