<?xml version="1.0" encoding="UTF-8"?>
<testsuites name="greetingText" time="60" tests="8" failures="0" errors="0">
   <testsuite name="greetingText" tests="8" failures="0" errors="0" time="60" timestamp="2019-04-21 07:26:01" hostname="faizan - faizan-HP-EliteBook-850-G2" id="Test Suites/Faizan Suits/greetingText">
      <properties>
         <property name="deviceName" value=""/>
         <property name="devicePlatform" value=""/>
         <property name="logFolder" value="/home/faizan/Drive/KiboPush_Automated_Testing/KiboPush Katalon/Reports/Faizan Suits/greetingText/20190421_065853"/>
         <property name="logFiles" value="/home/faizan/Drive/KiboPush_Automated_Testing/KiboPush Katalon/Reports/Faizan Suits/greetingText/20190421_065853/execution0.log"/>
         <property name="attachments" value=""/>
         <property name="hostName" value="faizan - faizan-HP-EliteBook-850-G2"/>
         <property name="os" value="Linux 64bit"/>
         <property name="katalonVersion" value="6.1.2.2"/>
         <property name="browser" value="Chrome 73.0.3683.103"/>
         <property name="hostAddress" value="127.0.1.1"/>
         <property name="sessionId" value="0ff3779c6d77078dfb326a068f8fb6e8"/>
         <property name="seleniumVersion" value="3.7.1"/>
         <property name="proxyInformation" value="ProxyInformation{proxyOption=NO_PROXY, proxyServerType=HTTP, password=, proxyServerAddress=, proxyServerPort=0}"/>
         <property name="platform" value="Linux"/>
      </properties>
      <testcase name="Test Cases/s-sidebar_navigation/individualAccount/Faizan_production_login_kiboengage" classname="Test Cases/s-sidebar_navigation/individualAccount/Faizan_production_login_kiboengage" status="PASSED">
         <system-out><![CDATA[2019-04-21 07:26:01 - [TEST_CASE][PASSED] - Test Cases/s-sidebar_navigation/individualAccount/Faizan_production_login_kiboengage: Test Cases/s-sidebar_navigation/individualAccount/Faizan_production_login_kiboengage

2019-04-21 07:26:01 - [TEST_STEP][PASSED] - openBrowser(""): Browser is opened with url: ''

2019-04-21 07:26:02 - [MESSAGE][INFO] - Starting 'Chrome' driver

2019-04-21 07:26:02 - [MESSAGE][INFO] - User set preference: ['args', '[--no-sandbox]']

2019-04-21 07:26:02 - [MESSAGE][INFO] - Action delay is set to 0 seconds

2019-04-21 07:26:04 - [MESSAGE][PASSED] - Browser is opened with url: ''

2019-04-21 07:26:04 - [TEST_STEP][PASSED] - maximizeWindow(): Current window maximized

2019-04-21 07:26:04 - [MESSAGE][PASSED] - Current window maximized

2019-04-21 07:26:04 - [TEST_STEP][PASSED] - navigateToUrl("https://kiboengage.cloudkibo.com/"): Navigate to 'https://kiboengage.cloudkibo.com/' successfully

2019-04-21 07:26:11 - [MESSAGE][PASSED] - Navigate to 'https://kiboengage.cloudkibo.com/' successfully

2019-04-21 07:26:11 - [TEST_STEP][PASSED] - navigateToUrl("https://accounts.cloudkibo.com/?continue=https://kiboengage.cloudkibo.com"): Navigate to 'https://accounts.cloudkibo.com/?continue=https://kiboengage.cloudkibo.com' successfully

2019-04-21 07:26:12 - [MESSAGE][PASSED] - Navigate to 'https://accounts.cloudkibo.com/?continue=https://kiboengage.cloudkibo.com' successfully

2019-04-21 07:26:12 - [TEST_STEP][PASSED] - click(findTestObject("Page_CloudKibo/a_Login (2) (1) (1)")): Object: 'Object Repository/Page_CloudKibo/a_Login (2) (1) (1)' is clicked on

2019-04-21 07:26:13 - [MESSAGE][PASSED] - Object: 'Object Repository/Page_CloudKibo/a_Login (2) (1) (1)' is clicked on

2019-04-21 07:26:13 - [TEST_STEP][PASSED] - setText(findTestObject("Page_KiboPush/input_email (10) (1) (1)"), "faizan@cloudkibo.com"): Text 'faizan@cloudkibo.com' is set on object 'Object Repository/Page_KiboPush/input_email (10) (1) (1)'

2019-04-21 07:26:13 - [MESSAGE][PASSED] - Text 'faizan@cloudkibo.com' is set on object 'Object Repository/Page_KiboPush/input_email (10) (1) (1)'

2019-04-21 07:26:13 - [TEST_STEP][PASSED] - setEncryptedText(findTestObject("Page_CloudKibo/input_Sign In_password (7)"), "qeJ0sjJnwEs="): Text ****** has been set on object 'Object Repository/Page_CloudKibo/input_Sign In_password (7)'

2019-04-21 07:26:13 - [MESSAGE][PASSED] - Text ****** has been set on object 'Object Repository/Page_CloudKibo/input_Sign In_password (7)'

2019-04-21 07:26:13 - [TEST_STEP][PASSED] - click(findTestObject("Page_KiboPush/button_Sign In (10) (1) (2)")): Object: 'Object Repository/Page_KiboPush/button_Sign In (10) (1) (2)' is clicked on

2019-04-21 07:26:13 - [MESSAGE][PASSED] - Object: 'Object Repository/Page_KiboPush/button_Sign In (10) (1) (2)' is clicked on

2019-04-21 07:26:13 - [TEST_STEP][PASSED] - navigateToUrl("https://kiboengage.cloudkibo.com/dashboard"): Navigate to 'https://kiboengage.cloudkibo.com/dashboard' successfully

2019-04-21 07:26:24 - [MESSAGE][PASSED] - Navigate to 'https://kiboengage.cloudkibo.com/dashboard' successfully

2019-04-21 07:26:24 - [TEST_STEP][PASSED] - click(findTestObject("Page_KiboPush  Dashboard/h3_Dashboard (57)")): Object: 'Object Repository/Page_KiboPush  Dashboard/h3_Dashboard (57)' is clicked on

2019-04-21 07:26:25 - [MESSAGE][PASSED] - Object: 'Object Repository/Page_KiboPush  Dashboard/h3_Dashboard (57)' is clicked on

2019-04-21 07:26:25 - [TEST_STEP][PASSED] - delay(3): Delayed 3 second(s)

2019-04-21 07:26:28 - [MESSAGE][PASSED] - Delayed 3 second(s)

2019-04-21 07:26:28 - [TEST_STEP][PASSED] - click(findTestObject("Page_KiboEngage  Dashboard/a_SMS (2) (1) (1) (1) (3)")): Object: 'Object Repository/Page_KiboEngage  Dashboard/a_SMS (2) (1) (1) (1) (3)' is clicked on

2019-04-21 07:26:28 - [MESSAGE][PASSED] - Object: 'Object Repository/Page_KiboEngage  Dashboard/a_SMS (2) (1) (1) (1) (3)' is clicked on

2019-04-21 07:26:28 - [TEST_STEP][PASSED] - click(findTestObject("Page_KiboEngage  Dashboard/span_Messenger (1) (1) (1) (3)")): Object: 'Object Repository/Page_KiboEngage  Dashboard/span_Messenger (1) (1) (1) (3)' is clicked on

2019-04-21 07:26:28 - [MESSAGE][PASSED] - Object: 'Object Repository/Page_KiboEngage  Dashboard/span_Messenger (1) (1) (1) (3)' is clicked on]]></system-out>
         <system-err><![CDATA[]]></system-err>
      </testcase>
      <testcase name="Test Cases/Welcome messages/open Manage Pages" classname="Test Cases/Welcome messages/open Manage Pages" status="PASSED">
         <system-out><![CDATA[2019-04-21 07:26:28 - [TEST_CASE][PASSED] - Test Cases/Welcome messages/open Manage Pages: Test Cases/Welcome messages/open Manage Pages

2019-04-21 07:26:28 - [TEST_STEP][PASSED] - click(findTestObject("Page_KiboPush  Dashboard/span_Manage Pages")): Object: 'Object Repository/Page_KiboPush  Dashboard/span_Manage Pages' is clicked on

2019-04-21 07:26:29 - [MESSAGE][PASSED] - Object: 'Object Repository/Page_KiboPush  Dashboard/span_Manage Pages' is clicked on

2019-04-21 07:26:29 - [TEST_STEP][PASSED] - delay(1): Delayed 1 second(s)

2019-04-21 07:26:30 - [MESSAGE][PASSED] - Delayed 1 second(s)]]></system-out>
         <system-err><![CDATA[]]></system-err>
      </testcase>
      <testcase name="Test Cases/Greeting text/TC1027" classname="Test Cases/Greeting text/TC1027" status="PASSED">
         <system-out><![CDATA[2019-04-21 07:26:30 - [TEST_CASE][PASSED] - Test Cases/Greeting text/TC1027: Test Cases/Greeting text/TC1027

2019-04-21 07:26:30 - [TEST_STEP][PASSED] - callTestCase(findTestCase("s-sidebar_navigation/individualAccount/Greeting Text"), [:], STOP_ON_FAILURE): Call Test Case 'Test Cases/s-sidebar_navigation/individualAccount/Greeting Text' successfully

2019-04-21 07:26:30 - [TEST_CASE][PASSED] - Test Cases/s-sidebar_navigation/individualAccount/Greeting Text: Test Cases/s-sidebar_navigation/individualAccount/Greeting Text

2019-04-21 07:26:30 - [TEST_STEP][PASSED] - click(findTestObject("Object Repository/Page_KiboEngage  Welcome Message/span_Persistent Menu")): Object: 'Object Repository/Page_KiboEngage  Welcome Message/span_Persistent Menu' is clicked on

2019-04-21 07:26:30 - [MESSAGE][PASSED] - Object: 'Object Repository/Page_KiboEngage  Welcome Message/span_Persistent Menu' is clicked on

2019-04-21 07:26:30 - [TEST_STEP][PASSED] - delay(1): Delayed 1 second(s)

2019-04-21 07:26:31 - [MESSAGE][PASSED] - Delayed 1 second(s)

2019-04-21 07:26:31 - [TEST_STEP][PASSED] - click(findTestObject("Object Repository/Page_KiboEngage  Dashboard/span_Greeting Text")): Object: 'Object Repository/Page_KiboEngage  Dashboard/span_Greeting Text' is clicked on

2019-04-21 07:26:31 - [MESSAGE][PASSED] - Object: 'Object Repository/Page_KiboEngage  Dashboard/span_Greeting Text' is clicked on

2019-04-21 07:26:31 - [TEST_STEP][PASSED] - delay(1): Delayed 1 second(s)

2019-04-21 07:26:32 - [MESSAGE][PASSED] - Delayed 1 second(s)

2019-04-21 07:26:32 - [MESSAGE][PASSED] - Call Test Case 'Test Cases/s-sidebar_navigation/individualAccount/Greeting Text' successfully

2019-04-21 07:26:32 - [TEST_STEP][PASSED] - click(findTestObject("Object Repository/Page_KiboEngage  Greeting Message/a_video tutorial")): Object: 'Object Repository/Page_KiboEngage  Greeting Message/a_video tutorial' is clicked on

2019-04-21 07:26:32 - [MESSAGE][PASSED] - Object: 'Object Repository/Page_KiboEngage  Greeting Message/a_video tutorial' is clicked on

2019-04-21 07:26:32 - [TEST_STEP][PASSED] - delay(3): Delayed 3 second(s)

2019-04-21 07:26:36 - [MESSAGE][PASSED] - Delayed 3 second(s)]]></system-out>
         <system-err><![CDATA[]]></system-err>
      </testcase>
      <testcase name="Test Cases/Greeting text/TC1028" classname="Test Cases/Greeting text/TC1028" status="PASSED">
         <system-out><![CDATA[2019-04-21 07:26:36 - [TEST_CASE][PASSED] - Test Cases/Greeting text/TC1028: Test Cases/Greeting text/TC1028

2019-04-21 07:26:36 - [TEST_STEP][PASSED] - callTestCase(findTestCase("s-sidebar_navigation/individualAccount/Greeting Text"), [:], STOP_ON_FAILURE): Call Test Case 'Test Cases/s-sidebar_navigation/individualAccount/Greeting Text' successfully

2019-04-21 07:26:36 - [TEST_CASE][PASSED] - Test Cases/s-sidebar_navigation/individualAccount/Greeting Text: Test Cases/s-sidebar_navigation/individualAccount/Greeting Text

2019-04-21 07:26:36 - [TEST_STEP][PASSED] - click(findTestObject("Object Repository/Page_KiboEngage  Welcome Message/span_Persistent Menu")): Object: 'Object Repository/Page_KiboEngage  Welcome Message/span_Persistent Menu' is clicked on

2019-04-21 07:26:36 - [MESSAGE][PASSED] - Object: 'Object Repository/Page_KiboEngage  Welcome Message/span_Persistent Menu' is clicked on

2019-04-21 07:26:36 - [TEST_STEP][PASSED] - delay(1): Delayed 1 second(s)

2019-04-21 07:26:37 - [MESSAGE][PASSED] - Delayed 1 second(s)

2019-04-21 07:26:37 - [TEST_STEP][PASSED] - click(findTestObject("Object Repository/Page_KiboEngage  Dashboard/span_Greeting Text")): Object: 'Object Repository/Page_KiboEngage  Dashboard/span_Greeting Text' is clicked on

2019-04-21 07:26:37 - [MESSAGE][PASSED] - Object: 'Object Repository/Page_KiboEngage  Dashboard/span_Greeting Text' is clicked on

2019-04-21 07:26:37 - [TEST_STEP][PASSED] - delay(1): Delayed 1 second(s)

2019-04-21 07:26:38 - [MESSAGE][PASSED] - Delayed 1 second(s)

2019-04-21 07:26:38 - [MESSAGE][PASSED] - Call Test Case 'Test Cases/s-sidebar_navigation/individualAccount/Greeting Text' successfully

2019-04-21 07:26:38 - [TEST_STEP][PASSED] - delay(2): Delayed 2 second(s)

2019-04-21 07:26:40 - [MESSAGE][PASSED] - Delayed 2 second(s)

2019-04-21 07:26:40 - [TEST_STEP][PASSED] - driver = getWebDriver(): null

2019-04-21 07:26:40 - [TEST_STEP][PASSED] - textArea = driver.findElement(By.xpath("//*[@id="exampleTextarea"]")): null

2019-04-21 07:26:41 - [TEST_STEP][PASSED] - verifyNotEqual(textArea.getText(), ""): Actual object 'Hi {{user_full_name}}! Please tap on getting started to start the conversation.' and expected object '' are not equal

2019-04-21 07:26:41 - [MESSAGE][PASSED] - Actual object 'Hi {{user_full_name}}! Please tap on getting started to start the conversation.' and expected object '' are not equal]]></system-out>
         <system-err><![CDATA[]]></system-err>
      </testcase>
      <testcase name="Test Cases/Greeting text/TC1029" classname="Test Cases/Greeting text/TC1029" status="PASSED">
         <system-out><![CDATA[2019-04-21 07:26:41 - [TEST_CASE][PASSED] - Test Cases/Greeting text/TC1029: Test Cases/Greeting text/TC1029

2019-04-21 07:26:41 - [TEST_STEP][PASSED] - callTestCase(findTestCase("s-sidebar_navigation/individualAccount/Greeting Text"), [:], STOP_ON_FAILURE): Call Test Case 'Test Cases/s-sidebar_navigation/individualAccount/Greeting Text' successfully

2019-04-21 07:26:41 - [TEST_CASE][PASSED] - Test Cases/s-sidebar_navigation/individualAccount/Greeting Text: Test Cases/s-sidebar_navigation/individualAccount/Greeting Text

2019-04-21 07:26:41 - [TEST_STEP][PASSED] - click(findTestObject("Object Repository/Page_KiboEngage  Welcome Message/span_Persistent Menu")): Object: 'Object Repository/Page_KiboEngage  Welcome Message/span_Persistent Menu' is clicked on

2019-04-21 07:26:41 - [MESSAGE][PASSED] - Object: 'Object Repository/Page_KiboEngage  Welcome Message/span_Persistent Menu' is clicked on

2019-04-21 07:26:41 - [TEST_STEP][PASSED] - delay(1): Delayed 1 second(s)

2019-04-21 07:26:42 - [MESSAGE][PASSED] - Delayed 1 second(s)

2019-04-21 07:26:42 - [TEST_STEP][PASSED] - click(findTestObject("Object Repository/Page_KiboEngage  Dashboard/span_Greeting Text")): Object: 'Object Repository/Page_KiboEngage  Dashboard/span_Greeting Text' is clicked on

2019-04-21 07:26:42 - [MESSAGE][PASSED] - Object: 'Object Repository/Page_KiboEngage  Dashboard/span_Greeting Text' is clicked on

2019-04-21 07:26:42 - [TEST_STEP][PASSED] - delay(1): Delayed 1 second(s)

2019-04-21 07:26:43 - [MESSAGE][PASSED] - Delayed 1 second(s)

2019-04-21 07:26:43 - [MESSAGE][PASSED] - Call Test Case 'Test Cases/s-sidebar_navigation/individualAccount/Greeting Text' successfully

2019-04-21 07:26:43 - [TEST_STEP][PASSED] - delay(2): Delayed 2 second(s)

2019-04-21 07:26:45 - [MESSAGE][PASSED] - Delayed 2 second(s)

2019-04-21 07:26:45 - [TEST_STEP][PASSED] - driver = getWebDriver(): null

2019-04-21 07:26:45 - [TEST_STEP][PASSED] - textArea = driver.findElement(By.xpath("//*[@id="exampleTextarea"]")): null

2019-04-21 07:26:45 - [TEST_STEP][PASSED] - textArea.sendKeys("Hello"): null

2019-04-21 07:26:45 - [TEST_STEP][PASSED] - click(findTestObject("Object Repository/Page_KiboPush  api_settings/button_Save (3)")): Object: 'Object Repository/Page_KiboPush  api_settings/button_Save (3)' is clicked on

2019-04-21 07:26:46 - [MESSAGE][PASSED] - Object: 'Object Repository/Page_KiboPush  api_settings/button_Save (3)' is clicked on

2019-04-21 07:26:46 - [TEST_STEP][PASSED] - click(findTestObject("Object Repository/Page_KiboPush  api_settings/div_Greeting message saved suc")): Object: 'Object Repository/Page_KiboPush  api_settings/div_Greeting message saved suc' is clicked on

2019-04-21 07:26:47 - [MESSAGE][PASSED] - Object: 'Object Repository/Page_KiboPush  api_settings/div_Greeting message saved suc' is clicked on]]></system-out>
         <system-err><![CDATA[]]></system-err>
      </testcase>
      <testcase name="Test Cases/Greeting text/TC1030" classname="Test Cases/Greeting text/TC1030" status="PASSED">
         <system-out><![CDATA[2019-04-21 07:26:47 - [TEST_CASE][PASSED] - Test Cases/Greeting text/TC1030: Test Cases/Greeting text/TC1030

2019-04-21 07:26:47 - [TEST_STEP][PASSED] - callTestCase(findTestCase("s-sidebar_navigation/individualAccount/Greeting Text"), [:], STOP_ON_FAILURE): Call Test Case 'Test Cases/s-sidebar_navigation/individualAccount/Greeting Text' successfully

2019-04-21 07:26:47 - [TEST_CASE][PASSED] - Test Cases/s-sidebar_navigation/individualAccount/Greeting Text: Test Cases/s-sidebar_navigation/individualAccount/Greeting Text

2019-04-21 07:26:47 - [TEST_STEP][PASSED] - click(findTestObject("Object Repository/Page_KiboEngage  Welcome Message/span_Persistent Menu")): Object: 'Object Repository/Page_KiboEngage  Welcome Message/span_Persistent Menu' is clicked on

2019-04-21 07:26:47 - [MESSAGE][PASSED] - Object: 'Object Repository/Page_KiboEngage  Welcome Message/span_Persistent Menu' is clicked on

2019-04-21 07:26:47 - [TEST_STEP][PASSED] - delay(1): Delayed 1 second(s)

2019-04-21 07:26:48 - [MESSAGE][PASSED] - Delayed 1 second(s)

2019-04-21 07:26:48 - [TEST_STEP][PASSED] - click(findTestObject("Object Repository/Page_KiboEngage  Dashboard/span_Greeting Text")): Object: 'Object Repository/Page_KiboEngage  Dashboard/span_Greeting Text' is clicked on

2019-04-21 07:26:48 - [MESSAGE][PASSED] - Object: 'Object Repository/Page_KiboEngage  Dashboard/span_Greeting Text' is clicked on

2019-04-21 07:26:48 - [TEST_STEP][PASSED] - delay(1): Delayed 1 second(s)

2019-04-21 07:26:49 - [MESSAGE][PASSED] - Delayed 1 second(s)

2019-04-21 07:26:49 - [MESSAGE][PASSED] - Call Test Case 'Test Cases/s-sidebar_navigation/individualAccount/Greeting Text' successfully

2019-04-21 07:26:49 - [TEST_STEP][PASSED] - delay(2): Delayed 2 second(s)

2019-04-21 07:26:51 - [MESSAGE][PASSED] - Delayed 2 second(s)

2019-04-21 07:26:51 - [TEST_STEP][PASSED] - driver = getWebDriver(): null

2019-04-21 07:26:51 - [TEST_STEP][PASSED] - textArea = driver.findElement(By.xpath("//*[@id="exampleTextarea"]")): null

2019-04-21 07:26:51 - [TEST_STEP][PASSED] - textArea.clear(): null]]></system-out>
         <system-err><![CDATA[]]></system-err>
      </testcase>
      <testcase name="Test Cases/Greeting text/TC1032" classname="Test Cases/Greeting text/TC1032" status="PASSED">
         <system-out><![CDATA[2019-04-21 07:26:51 - [TEST_CASE][PASSED] - Test Cases/Greeting text/TC1032: Test Cases/Greeting text/TC1032

2019-04-21 07:26:52 - [TEST_STEP][PASSED] - callTestCase(findTestCase("s-sidebar_navigation/individualAccount/Greeting Text"), [:], STOP_ON_FAILURE): Call Test Case 'Test Cases/s-sidebar_navigation/individualAccount/Greeting Text' successfully

2019-04-21 07:26:52 - [TEST_CASE][PASSED] - Test Cases/s-sidebar_navigation/individualAccount/Greeting Text: Test Cases/s-sidebar_navigation/individualAccount/Greeting Text

2019-04-21 07:26:52 - [TEST_STEP][PASSED] - click(findTestObject("Object Repository/Page_KiboEngage  Welcome Message/span_Persistent Menu")): Object: 'Object Repository/Page_KiboEngage  Welcome Message/span_Persistent Menu' is clicked on

2019-04-21 07:26:52 - [MESSAGE][PASSED] - Object: 'Object Repository/Page_KiboEngage  Welcome Message/span_Persistent Menu' is clicked on

2019-04-21 07:26:52 - [TEST_STEP][PASSED] - delay(1): Delayed 1 second(s)

2019-04-21 07:26:53 - [MESSAGE][PASSED] - Delayed 1 second(s)

2019-04-21 07:26:53 - [TEST_STEP][PASSED] - click(findTestObject("Object Repository/Page_KiboEngage  Dashboard/span_Greeting Text")): Object: 'Object Repository/Page_KiboEngage  Dashboard/span_Greeting Text' is clicked on

2019-04-21 07:26:53 - [MESSAGE][PASSED] - Object: 'Object Repository/Page_KiboEngage  Dashboard/span_Greeting Text' is clicked on

2019-04-21 07:26:53 - [TEST_STEP][PASSED] - delay(1): Delayed 1 second(s)

2019-04-21 07:26:54 - [MESSAGE][PASSED] - Delayed 1 second(s)

2019-04-21 07:26:54 - [MESSAGE][PASSED] - Call Test Case 'Test Cases/s-sidebar_navigation/individualAccount/Greeting Text' successfully

2019-04-21 07:26:54 - [TEST_STEP][PASSED] - delay(2): Delayed 2 second(s)

2019-04-21 07:26:56 - [MESSAGE][PASSED] - Delayed 2 second(s)

2019-04-21 07:26:56 - [TEST_STEP][PASSED] - driver = getWebDriver(): null

2019-04-21 07:26:56 - [TEST_STEP][PASSED] - textArea = driver.findElement(By.xpath("//*[@id="exampleTextarea"]")): null

2019-04-21 07:26:56 - [TEST_STEP][PASSED] - textArea.sendKeys("arveen"): null

2019-04-21 07:26:56 - [TEST_STEP][PASSED] - click(findTestObject("Object Repository/Page_KiboPush  api_settings/button_Save (3)")): Object: 'Object Repository/Page_KiboPush  api_settings/button_Save (3)' is clicked on

2019-04-21 07:26:56 - [MESSAGE][PASSED] - Object: 'Object Repository/Page_KiboPush  api_settings/button_Save (3)' is clicked on

2019-04-21 07:26:56 - [TEST_STEP][PASSED] - click(findTestObject("Object Repository/Page_KiboPush  api_settings/div_Greeting message saved suc")): Object: 'Object Repository/Page_KiboPush  api_settings/div_Greeting message saved suc' is clicked on

2019-04-21 07:26:58 - [MESSAGE][PASSED] - Object: 'Object Repository/Page_KiboPush  api_settings/div_Greeting message saved suc' is clicked on]]></system-out>
         <system-err><![CDATA[]]></system-err>
      </testcase>
      <testcase name="Test Cases/Greeting text/TC1033" classname="Test Cases/Greeting text/TC1033" status="PASSED">
         <system-out><![CDATA[2019-04-21 07:26:58 - [TEST_CASE][PASSED] - Test Cases/Greeting text/TC1033: Test Cases/Greeting text/TC1033

2019-04-21 07:26:58 - [TEST_STEP][PASSED] - callTestCase(findTestCase("s-sidebar_navigation/individualAccount/Greeting Text"), [:], STOP_ON_FAILURE): Call Test Case 'Test Cases/s-sidebar_navigation/individualAccount/Greeting Text' successfully

2019-04-21 07:26:58 - [TEST_CASE][PASSED] - Test Cases/s-sidebar_navigation/individualAccount/Greeting Text: Test Cases/s-sidebar_navigation/individualAccount/Greeting Text

2019-04-21 07:26:58 - [TEST_STEP][PASSED] - click(findTestObject("Object Repository/Page_KiboEngage  Welcome Message/span_Persistent Menu")): Object: 'Object Repository/Page_KiboEngage  Welcome Message/span_Persistent Menu' is clicked on

2019-04-21 07:26:58 - [MESSAGE][PASSED] - Object: 'Object Repository/Page_KiboEngage  Welcome Message/span_Persistent Menu' is clicked on

2019-04-21 07:26:58 - [TEST_STEP][PASSED] - delay(1): Delayed 1 second(s)

2019-04-21 07:26:59 - [MESSAGE][PASSED] - Delayed 1 second(s)

2019-04-21 07:26:59 - [TEST_STEP][PASSED] - click(findTestObject("Object Repository/Page_KiboEngage  Dashboard/span_Greeting Text")): Object: 'Object Repository/Page_KiboEngage  Dashboard/span_Greeting Text' is clicked on

2019-04-21 07:26:59 - [MESSAGE][PASSED] - Object: 'Object Repository/Page_KiboEngage  Dashboard/span_Greeting Text' is clicked on

2019-04-21 07:26:59 - [TEST_STEP][PASSED] - delay(1): Delayed 1 second(s)

2019-04-21 07:27:00 - [MESSAGE][PASSED] - Delayed 1 second(s)

2019-04-21 07:27:00 - [MESSAGE][PASSED] - Call Test Case 'Test Cases/s-sidebar_navigation/individualAccount/Greeting Text' successfully

2019-04-21 07:27:00 - [TEST_STEP][PASSED] - click(findTestObject("Object Repository/Page_KiboEngage  Greeting Message/a_See how it looks")): Object: 'Object Repository/Page_KiboEngage  Greeting Message/a_See how it looks' is clicked on

2019-04-21 07:27:00 - [MESSAGE][PASSED] - Object: 'Object Repository/Page_KiboEngage  Greeting Message/a_See how it looks' is clicked on

2019-04-21 07:27:00 - [TEST_STEP][PASSED] - click(findTestObject("Object Repository/Page_KiboEngage  Greeting Message/h3_Greeting Message Preview")): Object: 'Object Repository/Page_KiboEngage  Greeting Message/h3_Greeting Message Preview' is clicked on

2019-04-21 07:27:01 - [MESSAGE][PASSED] - Object: 'Object Repository/Page_KiboEngage  Greeting Message/h3_Greeting Message Preview' is clicked on]]></system-out>
         <system-err><![CDATA[]]></system-err>
      </testcase>
      <system-out><![CDATA[2019-04-21 07:26:01 - [TEST_SUITE][PASSED] - greetingText: Test Cases/Greeting text/TC1033]]></system-out>
      <system-err><![CDATA[]]></system-err>
   </testsuite>
</testsuites>
