<?xml version="1.0" encoding="UTF-8"?>
<testsuites name="operationalDashboard" time="1131" tests="60" failures="7" errors="0">
   <testsuite name="operationalDashboard" tests="60" failures="7" errors="0" time="1131" timestamp="2019-04-26 16:26:32" hostname="cloudkibo - 10.0.2.15" id="Test Suites/operationalDashboard">
      <properties>
         <property name="deviceName" value=""/>
         <property name="devicePlatform" value=""/>
         <property name="logFolder" value="C:\\Users\\cloudkibo\\Desktop\\KiboPush_Automated_Testing\\KiboPush Katalon\\Reports\\operationalDashboard\\20190426_154219"/>
         <property name="logFiles" value="C:\\Users\\cloudkibo\\Desktop\\KiboPush_Automated_Testing\\KiboPush Katalon\\Reports\\operationalDashboard\\20190426_154219\\execution0.log"/>
         <property name="attachments" value=""/>
         <property name="hostName" value="cloudkibo - 10.0.2.15"/>
         <property name="os" value="Windows 10 64bit"/>
         <property name="katalonVersion" value="5.6.0.1"/>
         <property name="browser" value="Chrome 73.0.3683.103"/>
         <property name="hostAddress" value="10.0.2.15"/>
         <property name="sessionId" value="9d0602dd2921e9fdda978dfcb2de1d94"/>
         <property name="seleniumVersion" value="3.7.1"/>
         <property name="proxyInformation" value="ProxyInformation{proxyOption=NO_PROXY, proxyServerType=HTTP, password=, proxyServerAddress=, proxyServerPort=0}"/>
         <property name="platform" value="Windows 10"/>
      </properties>
      <testcase name="Test Cases/s-sidebar_navigation/individualAccount/arveen_production_login_kiboengage" classname="Test Cases/s-sidebar_navigation/individualAccount/arveen_production_login_kiboengage" status="PASSED">
         <system-out><![CDATA[2019-04-26 16:26:34 - [TEST_CASE][PASSED] - Test Cases/s-sidebar_navigation/individualAccount/arveen_production_login_kiboengage: Test Cases/s-sidebar_navigation/individualAccount/arveen_production_login_kiboengage

2019-04-26 16:26:35 - [TEST_STEP][PASSED] - openBrowser: Browser is opened with url: ''

2019-04-26 16:26:41 - [MESSAGE][PASSED] - Browser is opened with url: ''

2019-04-26 16:26:41 - [TEST_STEP][PASSED] - maximizeWindow: Current window maximized

2019-04-26 16:26:43 - [MESSAGE][PASSED] - Current window maximized

2019-04-26 16:26:43 - [TEST_STEP][PASSED] - navigateToUrl: Navigate to 'https://kiboengage.cloudkibo.com/' successfully

2019-04-26 16:26:57 - [MESSAGE][PASSED] - Navigate to 'https://kiboengage.cloudkibo.com/' successfully

2019-04-26 16:26:57 - [TEST_STEP][PASSED] - navigateToUrl: Navigate to 'https://accounts.cloudkibo.com/?continue=https://kiboengage.cloudkibo.com' successfully

2019-04-26 16:26:58 - [MESSAGE][PASSED] - Navigate to 'https://accounts.cloudkibo.com/?continue=https://kiboengage.cloudkibo.com' successfully

2019-04-26 16:26:58 - [TEST_STEP][PASSED] - click: Object: 'Object Repository/Page_CloudKibo/a_Login (2) (1) (1)' is clicked on

2019-04-26 16:27:00 - [MESSAGE][PASSED] - Object: 'Object Repository/Page_CloudKibo/a_Login (2) (1) (1)' is clicked on

2019-04-26 16:27:00 - [TEST_STEP][PASSED] - setText: Text 'individual@cloudkibo.com' is set on object 'Object Repository/Page_KiboPush/input_email (10) (1) (1)'

2019-04-26 16:27:00 - [MESSAGE][PASSED] - Text 'individual@cloudkibo.com' is set on object 'Object Repository/Page_KiboPush/input_email (10) (1) (1)'

2019-04-26 16:27:00 - [TEST_STEP][PASSED] - setEncryptedText: Text ****** has been set on object 'Object Repository/Page_CloudKibo/input_Sign In_password (7)'

2019-04-26 16:27:00 - [MESSAGE][PASSED] - Text ****** has been set on object 'Object Repository/Page_CloudKibo/input_Sign In_password (7)'

2019-04-26 16:27:00 - [TEST_STEP][PASSED] - click: Object: 'Object Repository/Page_KiboPush/button_Sign In (10) (1) (2)' is clicked on

2019-04-26 16:27:00 - [MESSAGE][PASSED] - Object: 'Object Repository/Page_KiboPush/button_Sign In (10) (1) (2)' is clicked on

2019-04-26 16:27:00 - [TEST_STEP][PASSED] - click: Object: 'Object Repository/Page_KiboPush  Dashboard/h3_Dashboard (57)' is clicked on

2019-04-26 16:27:30 - [MESSAGE][PASSED] - Object: 'Object Repository/Page_KiboPush  Dashboard/h3_Dashboard (57)' is clicked on

2019-04-26 16:27:30 - [TEST_STEP][PASSED] - delay: Delayed 3 second(s)

2019-04-26 16:27:34 - [MESSAGE][PASSED] - Delayed 3 second(s)

2019-04-26 16:27:34 - [TEST_STEP][PASSED] - click: Object: 'Object Repository/Page_KiboEngage  Dashboard/a_SMS (2) (1) (1) (1) (3)' is clicked on

2019-04-26 16:27:34 - [MESSAGE][PASSED] - Object: 'Object Repository/Page_KiboEngage  Dashboard/a_SMS (2) (1) (1) (1) (3)' is clicked on

2019-04-26 16:27:34 - [TEST_STEP][PASSED] - delay: Delayed 2 second(s)

2019-04-26 16:27:36 - [MESSAGE][PASSED] - Delayed 2 second(s)

2019-04-26 16:27:36 - [TEST_STEP][PASSED] - click: Object: 'Object Repository/Page_KiboEngage  Dashboard/span_Messenger (1) (1) (1) (3)' is clicked on

2019-04-26 16:27:36 - [MESSAGE][PASSED] - Object: 'Object Repository/Page_KiboEngage  Dashboard/span_Messenger (1) (1) (1) (3)' is clicked on

2019-04-26 16:27:36 - [TEST_STEP][PASSED] - delay: Delayed 2 second(s)

2019-04-26 16:27:38 - [MESSAGE][PASSED] - Delayed 2 second(s)]]></system-out>
         <system-err><![CDATA[]]></system-err>
      </testcase>
      <testcase name="Test Cases/Operational_Dashboard/115" classname="Test Cases/Operational_Dashboard/115" status="PASSED">
         <system-out><![CDATA[2019-04-26 16:27:38 - [TEST_CASE][PASSED] - Test Cases/Operational_Dashboard/115: Test Cases/Operational_Dashboard/115

2019-04-26 16:27:39 - [TEST_STEP][PASSED] - callTestCase: Call Test Case 'Test Cases/Operational_Dashboard/Login' successfully

2019-04-26 16:27:39 - [TEST_CASE][PASSED] - Test Cases/Operational_Dashboard/Login: Test Cases/Operational_Dashboard/Login

2019-04-26 16:27:39 - [TEST_STEP][PASSED] - callTestCase: Call Test Case 'Test Cases/s-sidebar_navigation/individualAccount/operationalDashboard' successfully

2019-04-26 16:27:39 - [TEST_CASE][PASSED] - Test Cases/s-sidebar_navigation/individualAccount/operationalDashboard: Test Cases/s-sidebar_navigation/individualAccount/operationalDashboard

2019-04-26 16:27:39 - [TEST_STEP][PASSED] - click: Object: 'Object Repository/Page_KiboEngage  Subscribers/span_Subscribers' is clicked on

2019-04-26 16:27:40 - [MESSAGE][PASSED] - Object: 'Object Repository/Page_KiboEngage  Subscribers/span_Subscribers' is clicked on

2019-04-26 16:27:40 - [TEST_STEP][PASSED] - click: Object: 'Object Repository/Page_KiboEngage  Subscribers/span_Operational Dashboard (1)' is clicked on

2019-04-26 16:27:40 - [MESSAGE][PASSED] - Object: 'Object Repository/Page_KiboEngage  Subscribers/span_Operational Dashboard (1)' is clicked on

2019-04-26 16:27:40 - [TEST_STEP][PASSED] - scrollToPosition: Browser is scrolled to position x = 0, y = 0

2019-04-26 16:27:40 - [MESSAGE][PASSED] - Browser is scrolled to position x = 0, y = 0

2019-04-26 16:27:40 - [TEST_STEP][PASSED] - delay: Delayed 2 second(s)

2019-04-26 16:27:42 - [MESSAGE][PASSED] - Delayed 2 second(s)

2019-04-26 16:27:42 - [TEST_STEP][PASSED] - click: Object: 'Object Repository/Page_KiboEngage  Operational Dashbo/h3_Pages Info (7)' is clicked on

2019-04-26 16:27:43 - [MESSAGE][PASSED] - Object: 'Object Repository/Page_KiboEngage  Operational Dashbo/h3_Pages Info (7)' is clicked on

2019-04-26 16:27:43 - [MESSAGE][PASSED] - Call Test Case 'Test Cases/s-sidebar_navigation/individualAccount/operationalDashboard' successfully

2019-04-26 16:27:43 - [MESSAGE][PASSED] - Call Test Case 'Test Cases/Operational_Dashboard/Login' successfully

2019-04-26 16:27:43 - [TEST_STEP][PASSED] - selectOptionByValue: All options with value '30' are selected in object 'Object Repository/Page_KiboEngage  Operational Dashbo/select_Filter by lastAll10 day'  using regular expression

2019-04-26 16:27:43 - [MESSAGE][PASSED] - All options with value '30' are selected in object 'Object Repository/Page_KiboEngage  Operational Dashbo/select_Filter by lastAll10 day'  using regular expression

2019-04-26 16:27:43 - [TEST_STEP][PASSED] - delay: Delayed 2 second(s)

2019-04-26 16:27:45 - [MESSAGE][PASSED] - Delayed 2 second(s)

2019-04-26 16:27:45 - [TEST_STEP][PASSED] - Statement - driver = com.kms.katalon.core.webui.driver.DriverFactory.getWebDriver(): null

2019-04-26 16:27:45 - [TEST_STEP][PASSED] - Statement - broadcast = driver.findElement(org.openqa.selenium.By.xpath("//*[@id="content"]/div/div/div/div[2]/div[3]/div[1]/div[2]/div[2]/div/div[2]/div[1]/div/div/div")): null

2019-04-26 16:27:45 - [TEST_STEP][PASSED] - Statement - broadcast_data_1 = java.lang.Integer.parseInt(text.split("
")[0].toString()): null

2019-04-26 16:27:45 - [TEST_STEP][PASSED] - Statement - println(broadcast_data_1): null

2019-04-26 16:27:45 - [TEST_STEP][PASSED] - Statement - poll = driver.findElement(org.openqa.selenium.By.xpath("//*[@id="content"]/div/div/div/div[2]/div[3]/div[1]/div[2]/div[2]/div/div[1]/div[3]/div/div/div")): null

2019-04-26 16:27:45 - [TEST_STEP][PASSED] - Statement - poll_data_1 = java.lang.Integer.parseInt(text.split("
")[0].toString()): null

2019-04-26 16:27:45 - [TEST_STEP][PASSED] - Statement - println(poll_data_1): null

2019-04-26 16:27:45 - [TEST_STEP][PASSED] - Statement - survey = driver.findElement(org.openqa.selenium.By.xpath("//*[@id="content"]/div/div/div/div[2]/div[3]/div[1]/div[2]/div[2]/div/div[2]/div[3]/div/div/div")): null

2019-04-26 16:27:46 - [TEST_STEP][PASSED] - Statement - survey_data_1 = java.lang.Integer.parseInt(text.split("
")[0].toString()): null

2019-04-26 16:27:46 - [TEST_STEP][PASSED] - Statement - println(survey_data_1): null

2019-04-26 16:27:46 - [TEST_STEP][PASSED] - selectOptionByValue: All options with value '10' are selected in object 'Object Repository/Page_KiboEngage  Operational Dashbo/select_Filter by lastAll10 day'  using regular expression

2019-04-26 16:27:46 - [MESSAGE][PASSED] - All options with value '10' are selected in object 'Object Repository/Page_KiboEngage  Operational Dashbo/select_Filter by lastAll10 day'  using regular expression

2019-04-26 16:27:46 - [TEST_STEP][PASSED] - delay: Delayed 3 second(s)

2019-04-26 16:27:49 - [MESSAGE][PASSED] - Delayed 3 second(s)

2019-04-26 16:27:49 - [TEST_STEP][PASSED] - Statement - broadcast = driver.findElement(org.openqa.selenium.By.xpath("//*[@id="content"]/div/div/div/div[2]/div[3]/div[1]/div[2]/div[2]/div/div[2]/div[1]/div/div/div")): null

2019-04-26 16:27:49 - [TEST_STEP][PASSED] - Statement - broadcast_data_2 = java.lang.Integer.parseInt(text.split("
")[0].toString()): null

2019-04-26 16:27:49 - [TEST_STEP][PASSED] - Statement - println(broadcast_data_2): null

2019-04-26 16:27:49 - [TEST_STEP][PASSED] - Statement - poll = driver.findElement(org.openqa.selenium.By.xpath("//*[@id="content"]/div/div/div/div[2]/div[3]/div[1]/div[2]/div[2]/div/div[1]/div[3]/div/div/div")): null

2019-04-26 16:27:49 - [TEST_STEP][PASSED] - Statement - poll_data_2 = java.lang.Integer.parseInt(text.split("
")[0].toString()): null

2019-04-26 16:27:49 - [TEST_STEP][PASSED] - Statement - println(poll_data_2): null

2019-04-26 16:27:49 - [TEST_STEP][PASSED] - Statement - survey = driver.findElement(org.openqa.selenium.By.xpath("//*[@id="content"]/div/div/div/div[2]/div[3]/div[1]/div[2]/div[2]/div/div[2]/div[3]/div/div/div")): null

2019-04-26 16:27:49 - [TEST_STEP][PASSED] - Statement - survey_data_2 = java.lang.Integer.parseInt(text.split("
")[0].toString()): null

2019-04-26 16:27:49 - [TEST_STEP][PASSED] - Statement - println(survey_data_2): null

2019-04-26 16:27:49 - [TEST_STEP][PASSED] - Statement - If (broadcast_data_1 > broadcast_data_2 && poll_data_1 > poll_data_2 && survey_data_1 > survey_data_2): Actual object '1' and expected object '1' are equal

2019-04-26 16:27:49 - [TEST_STEP][PASSED] - verifyEqual: Actual object '1' and expected object '1' are equal

2019-04-26 16:27:49 - [MESSAGE][PASSED] - Actual object '1' and expected object '1' are equal]]></system-out>
         <system-err><![CDATA[]]></system-err>
      </testcase>
      <testcase name="Test Cases/Operational_Dashboard/116" classname="Test Cases/Operational_Dashboard/116" status="PASSED">
         <system-out><![CDATA[2019-04-26 16:27:49 - [TEST_CASE][PASSED] - Test Cases/Operational_Dashboard/116: Test Cases/Operational_Dashboard/116

2019-04-26 16:27:50 - [TEST_STEP][PASSED] - callTestCase: Call Test Case 'Test Cases/Operational_Dashboard/Login' successfully

2019-04-26 16:27:50 - [TEST_CASE][PASSED] - Test Cases/Operational_Dashboard/Login: Test Cases/Operational_Dashboard/Login

2019-04-26 16:27:50 - [TEST_STEP][PASSED] - callTestCase: Call Test Case 'Test Cases/s-sidebar_navigation/individualAccount/operationalDashboard' successfully

2019-04-26 16:27:50 - [TEST_CASE][PASSED] - Test Cases/s-sidebar_navigation/individualAccount/operationalDashboard: Test Cases/s-sidebar_navigation/individualAccount/operationalDashboard

2019-04-26 16:27:50 - [TEST_STEP][PASSED] - click: Object: 'Object Repository/Page_KiboEngage  Subscribers/span_Subscribers' is clicked on

2019-04-26 16:27:51 - [MESSAGE][PASSED] - Object: 'Object Repository/Page_KiboEngage  Subscribers/span_Subscribers' is clicked on

2019-04-26 16:27:51 - [TEST_STEP][PASSED] - click: Object: 'Object Repository/Page_KiboEngage  Subscribers/span_Operational Dashboard (1)' is clicked on

2019-04-26 16:27:51 - [MESSAGE][PASSED] - Object: 'Object Repository/Page_KiboEngage  Subscribers/span_Operational Dashboard (1)' is clicked on

2019-04-26 16:27:51 - [TEST_STEP][PASSED] - scrollToPosition: Browser is scrolled to position x = 0, y = 0

2019-04-26 16:27:51 - [MESSAGE][PASSED] - Browser is scrolled to position x = 0, y = 0

2019-04-26 16:27:51 - [TEST_STEP][PASSED] - delay: Delayed 2 second(s)

2019-04-26 16:27:53 - [MESSAGE][PASSED] - Delayed 2 second(s)

2019-04-26 16:27:53 - [TEST_STEP][PASSED] - click: Object: 'Object Repository/Page_KiboEngage  Operational Dashbo/h3_Pages Info (7)' is clicked on

2019-04-26 16:27:53 - [MESSAGE][PASSED] - Object: 'Object Repository/Page_KiboEngage  Operational Dashbo/h3_Pages Info (7)' is clicked on

2019-04-26 16:27:53 - [MESSAGE][PASSED] - Call Test Case 'Test Cases/s-sidebar_navigation/individualAccount/operationalDashboard' successfully

2019-04-26 16:27:53 - [MESSAGE][PASSED] - Call Test Case 'Test Cases/Operational_Dashboard/Login' successfully

2019-04-26 16:27:53 - [TEST_STEP][PASSED] - Statement - driver = com.kms.katalon.core.webui.driver.DriverFactory.getWebDriver(): null

2019-04-26 16:27:53 - [TEST_STEP][PASSED] - Statement - subscriber1 = driver.findElement(org.openqa.selenium.By.xpath("//*[@id="m_widget5_tab1_content"]/div/div[1]/div[1]/div/div[3]/span[1]")): null

2019-04-26 16:27:53 - [TEST_STEP][PASSED] - Statement - subscriber2 = driver.findElement(org.openqa.selenium.By.xpath("//*[@id="m_widget5_tab1_content"]/div/div[1]/div[2]/div/div[3]/span[1]")): null

2019-04-26 16:27:54 - [TEST_STEP][PASSED] - Statement - subscriber3 = driver.findElement(org.openqa.selenium.By.xpath("//*[@id="m_widget5_tab1_content"]/div/div[2]/div[1]/div/div[3]/span[1]")): null

2019-04-26 16:27:54 - [TEST_STEP][PASSED] - Statement - subscriber4 = driver.findElement(org.openqa.selenium.By.xpath("//*[@id="m_widget5_tab1_content"]/div/div[2]/div[2]/div/div[3]/span[1]")): null

2019-04-26 16:27:54 - [TEST_STEP][PASSED] - Statement - subscriber5 = driver.findElement(org.openqa.selenium.By.xpath("//*[@id="m_widget5_tab1_content"]/div/div[3]/div[1]/div/div[3]/span[1]")): null

2019-04-26 16:27:54 - [TEST_STEP][PASSED] - Statement - subscriber6 = driver.findElement(org.openqa.selenium.By.xpath("//*[@id="m_widget5_tab1_content"]/div/div[3]/div[2]/div/div[3]/span[1]")): null

2019-04-26 16:27:54 - [TEST_STEP][PASSED] - Statement - subscriber7 = driver.findElement(org.openqa.selenium.By.xpath("//*[@id="m_widget5_tab1_content"]/div/div[4]/div[1]/div/div[3]/span[1]")): null

2019-04-26 16:27:54 - [TEST_STEP][PASSED] - Statement - subscriber8 = driver.findElement(org.openqa.selenium.By.xpath("//*[@id="m_widget5_tab1_content"]/div/div[4]/div[2]/div/div[3]/span[1]")): null

2019-04-26 16:27:54 - [TEST_STEP][PASSED] - Statement - subscriber9 = driver.findElement(org.openqa.selenium.By.xpath("//*[@id="m_widget5_tab1_content"]/div/div[5]/div[1]/div/div[3]/span[1]")): null

2019-04-26 16:27:54 - [TEST_STEP][PASSED] - Statement - subscriber10 = driver.findElement(org.openqa.selenium.By.xpath("//*[@id="m_widget5_tab1_content"]/div/div[5]/div[2]/div/div[3]/span[1]")): null

2019-04-26 16:27:54 - [TEST_STEP][PASSED] - Statement - subscriber_count_1 = java.lang.Integer.parseInt(text): null

2019-04-26 16:27:54 - [TEST_STEP][PASSED] - Statement - subscriber_count_2 = java.lang.Integer.parseInt(text): null

2019-04-26 16:27:54 - [TEST_STEP][PASSED] - Statement - subscriber_count_3 = java.lang.Integer.parseInt(text): null

2019-04-26 16:27:54 - [TEST_STEP][PASSED] - Statement - subscriber_count_4 = java.lang.Integer.parseInt(text): null

2019-04-26 16:27:54 - [TEST_STEP][PASSED] - Statement - subscriber_count_5 = java.lang.Integer.parseInt(text): null

2019-04-26 16:27:54 - [TEST_STEP][PASSED] - Statement - subscriber_count_6 = java.lang.Integer.parseInt(text): null

2019-04-26 16:27:54 - [TEST_STEP][PASSED] - Statement - subscriber_count_7 = java.lang.Integer.parseInt(text): null

2019-04-26 16:27:54 - [TEST_STEP][PASSED] - Statement - subscriber_count_8 = java.lang.Integer.parseInt(text): null

2019-04-26 16:27:54 - [TEST_STEP][PASSED] - Statement - subscriber_count_9 = java.lang.Integer.parseInt(text): null

2019-04-26 16:27:54 - [TEST_STEP][PASSED] - Statement - subscriber_count_10 = java.lang.Integer.parseInt(text): null

2019-04-26 16:27:54 - [TEST_STEP][PASSED] - Statement - If (subscriber_count_1 > subscriber_count_2 && subscriber_count_2 > subscriber_count_3 && subscriber_count_3 > subscriber_count_4 && subscriber_count_4 > subscriber_count_5 && subscriber_count_5 > subscriber_count_6 && subscriber_count_6 > subscriber_count_7 && subscriber_count_7 > subscriber_count_8 && subscriber_count_8 > subscriber_count_9 && subscriber_count_9 > subscriber_count_10): Actual object '1' and expected object '1' are equal

2019-04-26 16:27:54 - [TEST_STEP][PASSED] - verifyEqual: Actual object '1' and expected object '1' are equal

2019-04-26 16:27:54 - [MESSAGE][PASSED] - Actual object '1' and expected object '1' are equal]]></system-out>
         <system-err><![CDATA[]]></system-err>
      </testcase>
      <testcase name="Test Cases/Operational_Dashboard/117" classname="Test Cases/Operational_Dashboard/117" status="PASSED">
         <system-out><![CDATA[2019-04-26 16:27:54 - [TEST_CASE][PASSED] - Test Cases/Operational_Dashboard/117: Test Cases/Operational_Dashboard/117

2019-04-26 16:27:55 - [TEST_STEP][PASSED] - callTestCase: Call Test Case 'Test Cases/Operational_Dashboard/Login' successfully

2019-04-26 16:27:55 - [TEST_CASE][PASSED] - Test Cases/Operational_Dashboard/Login: Test Cases/Operational_Dashboard/Login

2019-04-26 16:27:55 - [TEST_STEP][PASSED] - callTestCase: Call Test Case 'Test Cases/s-sidebar_navigation/individualAccount/operationalDashboard' successfully

2019-04-26 16:27:55 - [TEST_CASE][PASSED] - Test Cases/s-sidebar_navigation/individualAccount/operationalDashboard: Test Cases/s-sidebar_navigation/individualAccount/operationalDashboard

2019-04-26 16:27:55 - [TEST_STEP][PASSED] - click: Object: 'Object Repository/Page_KiboEngage  Subscribers/span_Subscribers' is clicked on

2019-04-26 16:27:55 - [MESSAGE][PASSED] - Object: 'Object Repository/Page_KiboEngage  Subscribers/span_Subscribers' is clicked on

2019-04-26 16:27:55 - [TEST_STEP][PASSED] - click: Object: 'Object Repository/Page_KiboEngage  Subscribers/span_Operational Dashboard (1)' is clicked on

2019-04-26 16:27:56 - [MESSAGE][PASSED] - Object: 'Object Repository/Page_KiboEngage  Subscribers/span_Operational Dashboard (1)' is clicked on

2019-04-26 16:27:56 - [TEST_STEP][PASSED] - scrollToPosition: Browser is scrolled to position x = 0, y = 0

2019-04-26 16:27:56 - [MESSAGE][PASSED] - Browser is scrolled to position x = 0, y = 0

2019-04-26 16:27:56 - [TEST_STEP][PASSED] - delay: Delayed 2 second(s)

2019-04-26 16:27:58 - [MESSAGE][PASSED] - Delayed 2 second(s)

2019-04-26 16:27:58 - [TEST_STEP][PASSED] - click: Object: 'Object Repository/Page_KiboEngage  Operational Dashbo/h3_Pages Info (7)' is clicked on

2019-04-26 16:27:58 - [MESSAGE][PASSED] - Object: 'Object Repository/Page_KiboEngage  Operational Dashbo/h3_Pages Info (7)' is clicked on

2019-04-26 16:27:58 - [MESSAGE][PASSED] - Call Test Case 'Test Cases/s-sidebar_navigation/individualAccount/operationalDashboard' successfully

2019-04-26 16:27:58 - [MESSAGE][PASSED] - Call Test Case 'Test Cases/Operational_Dashboard/Login' successfully

2019-04-26 16:27:58 - [TEST_STEP][PASSED] - Statement - driver = com.kms.katalon.core.webui.driver.DriverFactory.getWebDriver(): null

2019-04-26 16:27:58 - [TEST_STEP][PASSED] - Statement - subscriber = driver.findElement(org.openqa.selenium.By.xpath("//*[@id="m_widget5_tab1_content"]/div/div[1]/div[1]/div/div[4]/span/a")): null

2019-04-26 16:27:58 - [TEST_STEP][PASSED] - Statement - subscriber.click(): null

2019-04-26 16:27:58 - [TEST_STEP][PASSED] - scrollToPosition: Browser is scrolled to position x = 0, y = 0

2019-04-26 16:27:58 - [MESSAGE][PASSED] - Browser is scrolled to position x = 0, y = 0

2019-04-26 16:27:58 - [TEST_STEP][PASSED] - click: Object: 'Object Repository/Page_KiboEngage  Page Subscribers/h3_Subscribers' is clicked on

2019-04-26 16:27:58 - [MESSAGE][PASSED] - Object: 'Object Repository/Page_KiboEngage  Page Subscribers/h3_Subscribers' is clicked on

2019-04-26 16:27:58 - [TEST_STEP][PASSED] - delay: Delayed 5 second(s)

2019-04-26 16:28:03 - [MESSAGE][PASSED] - Delayed 5 second(s)

2019-04-26 16:28:03 - [TEST_STEP][PASSED] - Statement - Table = driver.findElement(org.openqa.selenium.By.xpath("//table/tbody")): null

2019-04-26 16:28:04 - [TEST_STEP][PASSED] - Statement - rows_table = Table.findElements(org.openqa.selenium.By.tagName("tr")): null

2019-04-26 16:28:04 - [TEST_STEP][PASSED] - Statement - rows_count = rows_table.size(): null

2019-04-26 16:28:04 - [TEST_STEP][PASSED] - verifyEqual: Actual object '10' and expected object '10' are equal

2019-04-26 16:28:04 - [MESSAGE][PASSED] - Actual object '10' and expected object '10' are equal]]></system-out>
         <system-err><![CDATA[]]></system-err>
      </testcase>
      <testcase name="Test Cases/Operational_Dashboard/118" classname="Test Cases/Operational_Dashboard/118" status="PASSED">
         <system-out><![CDATA[2019-04-26 16:28:04 - [TEST_CASE][PASSED] - Test Cases/Operational_Dashboard/118: Test Cases/Operational_Dashboard/118

2019-04-26 16:28:04 - [TEST_STEP][PASSED] - callTestCase: Call Test Case 'Test Cases/Operational_Dashboard/117' successfully

2019-04-26 16:28:04 - [TEST_CASE][PASSED] - Test Cases/Operational_Dashboard/117: Test Cases/Operational_Dashboard/117

2019-04-26 16:28:04 - [TEST_STEP][PASSED] - callTestCase: Call Test Case 'Test Cases/Operational_Dashboard/Login' successfully

2019-04-26 16:28:04 - [TEST_CASE][PASSED] - Test Cases/Operational_Dashboard/Login: Test Cases/Operational_Dashboard/Login

2019-04-26 16:28:04 - [TEST_STEP][PASSED] - callTestCase: Call Test Case 'Test Cases/s-sidebar_navigation/individualAccount/operationalDashboard' successfully

2019-04-26 16:28:04 - [TEST_CASE][PASSED] - Test Cases/s-sidebar_navigation/individualAccount/operationalDashboard: Test Cases/s-sidebar_navigation/individualAccount/operationalDashboard

2019-04-26 16:28:04 - [TEST_STEP][PASSED] - click: Object: 'Object Repository/Page_KiboEngage  Subscribers/span_Subscribers' is clicked on

2019-04-26 16:28:04 - [MESSAGE][PASSED] - Object: 'Object Repository/Page_KiboEngage  Subscribers/span_Subscribers' is clicked on

2019-04-26 16:28:04 - [TEST_STEP][PASSED] - click: Object: 'Object Repository/Page_KiboEngage  Subscribers/span_Operational Dashboard (1)' is clicked on

2019-04-26 16:28:05 - [MESSAGE][PASSED] - Object: 'Object Repository/Page_KiboEngage  Subscribers/span_Operational Dashboard (1)' is clicked on

2019-04-26 16:28:05 - [TEST_STEP][PASSED] - scrollToPosition: Browser is scrolled to position x = 0, y = 0

2019-04-26 16:28:05 - [MESSAGE][PASSED] - Browser is scrolled to position x = 0, y = 0

2019-04-26 16:28:05 - [TEST_STEP][PASSED] - delay: Delayed 2 second(s)

2019-04-26 16:28:07 - [MESSAGE][PASSED] - Delayed 2 second(s)

2019-04-26 16:28:07 - [TEST_STEP][PASSED] - click: Object: 'Object Repository/Page_KiboEngage  Operational Dashbo/h3_Pages Info (7)' is clicked on

2019-04-26 16:28:07 - [MESSAGE][PASSED] - Object: 'Object Repository/Page_KiboEngage  Operational Dashbo/h3_Pages Info (7)' is clicked on

2019-04-26 16:28:07 - [MESSAGE][PASSED] - Call Test Case 'Test Cases/s-sidebar_navigation/individualAccount/operationalDashboard' successfully

2019-04-26 16:28:07 - [MESSAGE][PASSED] - Call Test Case 'Test Cases/Operational_Dashboard/Login' successfully

2019-04-26 16:28:07 - [TEST_STEP][PASSED] - Statement - driver = com.kms.katalon.core.webui.driver.DriverFactory.getWebDriver(): null

2019-04-26 16:28:07 - [TEST_STEP][PASSED] - Statement - subscriber = driver.findElement(org.openqa.selenium.By.xpath("//*[@id="m_widget5_tab1_content"]/div/div[1]/div[1]/div/div[4]/span/a")): null

2019-04-26 16:28:07 - [TEST_STEP][PASSED] - Statement - subscriber.click(): null

2019-04-26 16:28:07 - [TEST_STEP][PASSED] - scrollToPosition: Browser is scrolled to position x = 0, y = 0

2019-04-26 16:28:07 - [MESSAGE][PASSED] - Browser is scrolled to position x = 0, y = 0

2019-04-26 16:28:07 - [TEST_STEP][PASSED] - click: Object: 'Object Repository/Page_KiboEngage  Page Subscribers/h3_Subscribers' is clicked on

2019-04-26 16:28:07 - [MESSAGE][PASSED] - Object: 'Object Repository/Page_KiboEngage  Page Subscribers/h3_Subscribers' is clicked on

2019-04-26 16:28:07 - [TEST_STEP][PASSED] - delay: Delayed 5 second(s)

2019-04-26 16:28:12 - [MESSAGE][PASSED] - Delayed 5 second(s)

2019-04-26 16:28:12 - [TEST_STEP][PASSED] - Statement - Table = driver.findElement(org.openqa.selenium.By.xpath("//table/tbody")): null

2019-04-26 16:28:12 - [TEST_STEP][PASSED] - Statement - rows_table = Table.findElements(org.openqa.selenium.By.tagName("tr")): null

2019-04-26 16:28:13 - [TEST_STEP][PASSED] - Statement - rows_count = rows_table.size(): null

2019-04-26 16:28:13 - [TEST_STEP][PASSED] - verifyEqual: Actual object '10' and expected object '10' are equal

2019-04-26 16:28:13 - [MESSAGE][PASSED] - Actual object '10' and expected object '10' are equal

2019-04-26 16:28:13 - [MESSAGE][PASSED] - Call Test Case 'Test Cases/Operational_Dashboard/117' successfully

2019-04-26 16:28:13 - [TEST_STEP][PASSED] - setText: Text 'Zain Majid' is set on object 'Object Repository/Page_KiboEngage  Page Subscribers/input_form-control m-input m-i'

2019-04-26 16:28:13 - [MESSAGE][PASSED] - Text 'Zain Majid' is set on object 'Object Repository/Page_KiboEngage  Page Subscribers/input_form-control m-input m-i'

2019-04-26 16:28:13 - [TEST_STEP][PASSED] - Statement - driver = com.kms.katalon.core.webui.driver.DriverFactory.getWebDriver(): null

2019-04-26 16:28:13 - [TEST_STEP][PASSED] - delay: Delayed 5 second(s)

2019-04-26 16:28:18 - [MESSAGE][PASSED] - Delayed 5 second(s)

2019-04-26 16:28:18 - [TEST_STEP][PASSED] - Statement - Table = driver.findElement(org.openqa.selenium.By.xpath("//table/tbody")): null

2019-04-26 16:28:18 - [TEST_STEP][PASSED] - Statement - rows_table = Table.findElements(org.openqa.selenium.By.tagName("tr")): null

2019-04-26 16:28:18 - [TEST_STEP][PASSED] - Statement - rows_count = rows_table.size(): null

2019-04-26 16:28:18 - [TEST_STEP][PASSED] - verifyEqual: Actual object '1' and expected object '1' are equal

2019-04-26 16:28:18 - [MESSAGE][PASSED] - Actual object '1' and expected object '1' are equal]]></system-out>
         <system-err><![CDATA[]]></system-err>
      </testcase>
      <testcase name="Test Cases/Operational_Dashboard/122" classname="Test Cases/Operational_Dashboard/122" status="PASSED">
         <system-out><![CDATA[2019-04-26 16:28:18 - [TEST_CASE][PASSED] - Test Cases/Operational_Dashboard/122: Test Cases/Operational_Dashboard/122

2019-04-26 16:28:18 - [TEST_STEP][PASSED] - callTestCase: Call Test Case 'Test Cases/Operational_Dashboard/117' successfully

2019-04-26 16:28:18 - [TEST_CASE][PASSED] - Test Cases/Operational_Dashboard/117: Test Cases/Operational_Dashboard/117

2019-04-26 16:28:18 - [TEST_STEP][PASSED] - callTestCase: Call Test Case 'Test Cases/Operational_Dashboard/Login' successfully

2019-04-26 16:28:18 - [TEST_CASE][PASSED] - Test Cases/Operational_Dashboard/Login: Test Cases/Operational_Dashboard/Login

2019-04-26 16:28:18 - [TEST_STEP][PASSED] - callTestCase: Call Test Case 'Test Cases/s-sidebar_navigation/individualAccount/operationalDashboard' successfully

2019-04-26 16:28:18 - [TEST_CASE][PASSED] - Test Cases/s-sidebar_navigation/individualAccount/operationalDashboard: Test Cases/s-sidebar_navigation/individualAccount/operationalDashboard

2019-04-26 16:28:19 - [TEST_STEP][PASSED] - click: Object: 'Object Repository/Page_KiboEngage  Subscribers/span_Subscribers' is clicked on

2019-04-26 16:28:19 - [MESSAGE][PASSED] - Object: 'Object Repository/Page_KiboEngage  Subscribers/span_Subscribers' is clicked on

2019-04-26 16:28:19 - [TEST_STEP][PASSED] - click: Object: 'Object Repository/Page_KiboEngage  Subscribers/span_Operational Dashboard (1)' is clicked on

2019-04-26 16:28:19 - [MESSAGE][PASSED] - Object: 'Object Repository/Page_KiboEngage  Subscribers/span_Operational Dashboard (1)' is clicked on

2019-04-26 16:28:19 - [TEST_STEP][PASSED] - scrollToPosition: Browser is scrolled to position x = 0, y = 0

2019-04-26 16:28:19 - [MESSAGE][PASSED] - Browser is scrolled to position x = 0, y = 0

2019-04-26 16:28:19 - [TEST_STEP][PASSED] - delay: Delayed 2 second(s)

2019-04-26 16:28:21 - [MESSAGE][PASSED] - Delayed 2 second(s)

2019-04-26 16:28:21 - [TEST_STEP][PASSED] - click: Object: 'Object Repository/Page_KiboEngage  Operational Dashbo/h3_Pages Info (7)' is clicked on

2019-04-26 16:28:21 - [MESSAGE][PASSED] - Object: 'Object Repository/Page_KiboEngage  Operational Dashbo/h3_Pages Info (7)' is clicked on

2019-04-26 16:28:21 - [MESSAGE][PASSED] - Call Test Case 'Test Cases/s-sidebar_navigation/individualAccount/operationalDashboard' successfully

2019-04-26 16:28:21 - [MESSAGE][PASSED] - Call Test Case 'Test Cases/Operational_Dashboard/Login' successfully

2019-04-26 16:28:21 - [TEST_STEP][PASSED] - Statement - driver = com.kms.katalon.core.webui.driver.DriverFactory.getWebDriver(): null

2019-04-26 16:28:21 - [TEST_STEP][PASSED] - Statement - subscriber = driver.findElement(org.openqa.selenium.By.xpath("//*[@id="m_widget5_tab1_content"]/div/div[1]/div[1]/div/div[4]/span/a")): null

2019-04-26 16:28:22 - [TEST_STEP][PASSED] - Statement - subscriber.click(): null

2019-04-26 16:28:22 - [TEST_STEP][PASSED] - scrollToPosition: Browser is scrolled to position x = 0, y = 0

2019-04-26 16:28:22 - [MESSAGE][PASSED] - Browser is scrolled to position x = 0, y = 0

2019-04-26 16:28:22 - [TEST_STEP][PASSED] - click: Object: 'Object Repository/Page_KiboEngage  Page Subscribers/h3_Subscribers' is clicked on

2019-04-26 16:28:22 - [MESSAGE][PASSED] - Object: 'Object Repository/Page_KiboEngage  Page Subscribers/h3_Subscribers' is clicked on

2019-04-26 16:28:22 - [TEST_STEP][PASSED] - delay: Delayed 5 second(s)

2019-04-26 16:28:27 - [MESSAGE][PASSED] - Delayed 5 second(s)

2019-04-26 16:28:27 - [TEST_STEP][PASSED] - Statement - Table = driver.findElement(org.openqa.selenium.By.xpath("//table/tbody")): null

2019-04-26 16:28:27 - [TEST_STEP][PASSED] - Statement - rows_table = Table.findElements(org.openqa.selenium.By.tagName("tr")): null

2019-04-26 16:28:27 - [TEST_STEP][PASSED] - Statement - rows_count = rows_table.size(): null

2019-04-26 16:28:27 - [TEST_STEP][PASSED] - verifyEqual: Actual object '10' and expected object '10' are equal

2019-04-26 16:28:27 - [MESSAGE][PASSED] - Actual object '10' and expected object '10' are equal

2019-04-26 16:28:27 - [MESSAGE][PASSED] - Call Test Case 'Test Cases/Operational_Dashboard/117' successfully

2019-04-26 16:28:27 - [TEST_STEP][PASSED] - click: Object: 'Object Repository/Page_KiboEngage  Page Subscribers/button_Back' is clicked on

2019-04-26 16:28:28 - [MESSAGE][PASSED] - Object: 'Object Repository/Page_KiboEngage  Page Subscribers/button_Back' is clicked on

2019-04-26 16:28:28 - [TEST_STEP][PASSED] - scrollToPosition: Browser is scrolled to position x = 0, y = 0

2019-04-26 16:28:28 - [MESSAGE][PASSED] - Browser is scrolled to position x = 0, y = 0

2019-04-26 16:28:28 - [TEST_STEP][PASSED] - click: Object: 'Object Repository/Page_KiboEngage  Operational Dashbo/h3_Pages Info (1)' is clicked on

2019-04-26 16:28:28 - [MESSAGE][PASSED] - Object: 'Object Repository/Page_KiboEngage  Operational Dashbo/h3_Pages Info (1)' is clicked on]]></system-out>
         <system-err><![CDATA[]]></system-err>
      </testcase>
      <testcase name="Test Cases/Operational_Dashboard/123" classname="Test Cases/Operational_Dashboard/123" status="PASSED">
         <system-out><![CDATA[2019-04-26 16:28:28 - [TEST_CASE][PASSED] - Test Cases/Operational_Dashboard/123: Test Cases/Operational_Dashboard/123

2019-04-26 16:28:28 - [TEST_STEP][PASSED] - callTestCase: Call Test Case 'Test Cases/Operational_Dashboard/117' successfully

2019-04-26 16:28:28 - [TEST_CASE][PASSED] - Test Cases/Operational_Dashboard/117: Test Cases/Operational_Dashboard/117

2019-04-26 16:28:28 - [TEST_STEP][PASSED] - callTestCase: Call Test Case 'Test Cases/Operational_Dashboard/Login' successfully

2019-04-26 16:28:28 - [TEST_CASE][PASSED] - Test Cases/Operational_Dashboard/Login: Test Cases/Operational_Dashboard/Login

2019-04-26 16:28:28 - [TEST_STEP][PASSED] - callTestCase: Call Test Case 'Test Cases/s-sidebar_navigation/individualAccount/operationalDashboard' successfully

2019-04-26 16:28:29 - [TEST_CASE][PASSED] - Test Cases/s-sidebar_navigation/individualAccount/operationalDashboard: Test Cases/s-sidebar_navigation/individualAccount/operationalDashboard

2019-04-26 16:28:29 - [TEST_STEP][PASSED] - click: Object: 'Object Repository/Page_KiboEngage  Subscribers/span_Subscribers' is clicked on

2019-04-26 16:28:29 - [MESSAGE][PASSED] - Object: 'Object Repository/Page_KiboEngage  Subscribers/span_Subscribers' is clicked on

2019-04-26 16:28:29 - [TEST_STEP][PASSED] - click: Object: 'Object Repository/Page_KiboEngage  Subscribers/span_Operational Dashboard (1)' is clicked on

2019-04-26 16:28:30 - [MESSAGE][PASSED] - Object: 'Object Repository/Page_KiboEngage  Subscribers/span_Operational Dashboard (1)' is clicked on

2019-04-26 16:28:30 - [TEST_STEP][PASSED] - scrollToPosition: Browser is scrolled to position x = 0, y = 0

2019-04-26 16:28:30 - [MESSAGE][PASSED] - Browser is scrolled to position x = 0, y = 0

2019-04-26 16:28:30 - [TEST_STEP][PASSED] - delay: Delayed 2 second(s)

2019-04-26 16:28:32 - [MESSAGE][PASSED] - Delayed 2 second(s)

2019-04-26 16:28:32 - [TEST_STEP][PASSED] - click: Object: 'Object Repository/Page_KiboEngage  Operational Dashbo/h3_Pages Info (7)' is clicked on

2019-04-26 16:28:32 - [MESSAGE][PASSED] - Object: 'Object Repository/Page_KiboEngage  Operational Dashbo/h3_Pages Info (7)' is clicked on

2019-04-26 16:28:32 - [MESSAGE][PASSED] - Call Test Case 'Test Cases/s-sidebar_navigation/individualAccount/operationalDashboard' successfully

2019-04-26 16:28:32 - [MESSAGE][PASSED] - Call Test Case 'Test Cases/Operational_Dashboard/Login' successfully

2019-04-26 16:28:32 - [TEST_STEP][PASSED] - Statement - driver = com.kms.katalon.core.webui.driver.DriverFactory.getWebDriver(): null

2019-04-26 16:28:32 - [TEST_STEP][PASSED] - Statement - subscriber = driver.findElement(org.openqa.selenium.By.xpath("//*[@id="m_widget5_tab1_content"]/div/div[1]/div[1]/div/div[4]/span/a")): null

2019-04-26 16:28:32 - [TEST_STEP][PASSED] - Statement - subscriber.click(): null

2019-04-26 16:28:32 - [TEST_STEP][PASSED] - scrollToPosition: Browser is scrolled to position x = 0, y = 0

2019-04-26 16:28:32 - [MESSAGE][PASSED] - Browser is scrolled to position x = 0, y = 0

2019-04-26 16:28:32 - [TEST_STEP][PASSED] - click: Object: 'Object Repository/Page_KiboEngage  Page Subscribers/h3_Subscribers' is clicked on

2019-04-26 16:28:33 - [MESSAGE][PASSED] - Object: 'Object Repository/Page_KiboEngage  Page Subscribers/h3_Subscribers' is clicked on

2019-04-26 16:28:33 - [TEST_STEP][PASSED] - delay: Delayed 5 second(s)

2019-04-26 16:28:38 - [MESSAGE][PASSED] - Delayed 5 second(s)

2019-04-26 16:28:38 - [TEST_STEP][PASSED] - Statement - Table = driver.findElement(org.openqa.selenium.By.xpath("//table/tbody")): null

2019-04-26 16:28:38 - [TEST_STEP][PASSED] - Statement - rows_table = Table.findElements(org.openqa.selenium.By.tagName("tr")): null

2019-04-26 16:28:38 - [TEST_STEP][PASSED] - Statement - rows_count = rows_table.size(): null

2019-04-26 16:28:38 - [TEST_STEP][PASSED] - verifyEqual: Actual object '10' and expected object '10' are equal

2019-04-26 16:28:38 - [MESSAGE][PASSED] - Actual object '10' and expected object '10' are equal

2019-04-26 16:28:38 - [MESSAGE][PASSED] - Call Test Case 'Test Cases/Operational_Dashboard/117' successfully

2019-04-26 16:28:38 - [TEST_STEP][PASSED] - verifyTextPresent: Text 'Zain Majid' is present on page 

2019-04-26 16:28:38 - [MESSAGE][PASSED] - Text 'Zain Majid' is present on page 

2019-04-26 16:28:38 - [TEST_STEP][PASSED] - Statement - driver = com.kms.katalon.core.webui.driver.DriverFactory.getWebDriver(): null

2019-04-26 16:28:38 - [TEST_STEP][PASSED] - Statement - Next = driver.findElement(org.openqa.selenium.By.xpath("//*[@id="ajax_data"]/ul/li[9]/a")): null

2019-04-26 16:28:38 - [TEST_STEP][PASSED] - Statement - Next.click(): null

2019-04-26 16:28:38 - [TEST_STEP][PASSED] - scrollToPosition: Browser is scrolled to position x = 0, y = 0

2019-04-26 16:28:38 - [MESSAGE][PASSED] - Browser is scrolled to position x = 0, y = 0

2019-04-26 16:28:38 - [TEST_STEP][PASSED] - delay: Delayed 5 second(s)

2019-04-26 16:28:43 - [MESSAGE][PASSED] - Delayed 5 second(s)

2019-04-26 16:28:43 - [TEST_STEP][PASSED] - verifyTextPresent: Text 'Imran Bhatti' is present on page 

2019-04-26 16:28:43 - [MESSAGE][PASSED] - Text 'Imran Bhatti' is present on page 

2019-04-26 16:28:43 - [TEST_STEP][PASSED] - verifyTextNotPresent: Text 'Zain Majid' is not present on page

2019-04-26 16:28:44 - [MESSAGE][PASSED] - Text 'Zain Majid' is not present on page]]></system-out>
         <system-err><![CDATA[]]></system-err>
      </testcase>
      <testcase name="Test Cases/Operational_Dashboard/124" classname="Test Cases/Operational_Dashboard/124" status="PASSED">
         <system-out><![CDATA[2019-04-26 16:28:44 - [TEST_CASE][PASSED] - Test Cases/Operational_Dashboard/124: Test Cases/Operational_Dashboard/124

2019-04-26 16:28:44 - [TEST_STEP][PASSED] - callTestCase: Call Test Case 'Test Cases/Operational_Dashboard/123' successfully

2019-04-26 16:28:44 - [TEST_CASE][PASSED] - Test Cases/Operational_Dashboard/123: Test Cases/Operational_Dashboard/123

2019-04-26 16:28:44 - [TEST_STEP][PASSED] - callTestCase: Call Test Case 'Test Cases/Operational_Dashboard/117' successfully

2019-04-26 16:28:44 - [TEST_CASE][PASSED] - Test Cases/Operational_Dashboard/117: Test Cases/Operational_Dashboard/117

2019-04-26 16:28:44 - [TEST_STEP][PASSED] - callTestCase: Call Test Case 'Test Cases/Operational_Dashboard/Login' successfully

2019-04-26 16:28:44 - [TEST_CASE][PASSED] - Test Cases/Operational_Dashboard/Login: Test Cases/Operational_Dashboard/Login

2019-04-26 16:28:44 - [TEST_STEP][PASSED] - callTestCase: Call Test Case 'Test Cases/s-sidebar_navigation/individualAccount/operationalDashboard' successfully

2019-04-26 16:28:44 - [TEST_CASE][PASSED] - Test Cases/s-sidebar_navigation/individualAccount/operationalDashboard: Test Cases/s-sidebar_navigation/individualAccount/operationalDashboard

2019-04-26 16:28:44 - [TEST_STEP][PASSED] - click: Object: 'Object Repository/Page_KiboEngage  Subscribers/span_Subscribers' is clicked on

2019-04-26 16:28:44 - [MESSAGE][PASSED] - Object: 'Object Repository/Page_KiboEngage  Subscribers/span_Subscribers' is clicked on

2019-04-26 16:28:44 - [TEST_STEP][PASSED] - click: Object: 'Object Repository/Page_KiboEngage  Subscribers/span_Operational Dashboard (1)' is clicked on

2019-04-26 16:28:45 - [MESSAGE][PASSED] - Object: 'Object Repository/Page_KiboEngage  Subscribers/span_Operational Dashboard (1)' is clicked on

2019-04-26 16:28:45 - [TEST_STEP][PASSED] - scrollToPosition: Browser is scrolled to position x = 0, y = 0

2019-04-26 16:28:45 - [MESSAGE][PASSED] - Browser is scrolled to position x = 0, y = 0

2019-04-26 16:28:45 - [TEST_STEP][PASSED] - delay: Delayed 2 second(s)

2019-04-26 16:28:47 - [MESSAGE][PASSED] - Delayed 2 second(s)

2019-04-26 16:28:47 - [TEST_STEP][PASSED] - click: Object: 'Object Repository/Page_KiboEngage  Operational Dashbo/h3_Pages Info (7)' is clicked on

2019-04-26 16:28:47 - [MESSAGE][PASSED] - Object: 'Object Repository/Page_KiboEngage  Operational Dashbo/h3_Pages Info (7)' is clicked on

2019-04-26 16:28:47 - [MESSAGE][PASSED] - Call Test Case 'Test Cases/s-sidebar_navigation/individualAccount/operationalDashboard' successfully

2019-04-26 16:28:47 - [MESSAGE][PASSED] - Call Test Case 'Test Cases/Operational_Dashboard/Login' successfully

2019-04-26 16:28:47 - [TEST_STEP][PASSED] - Statement - driver = com.kms.katalon.core.webui.driver.DriverFactory.getWebDriver(): null

2019-04-26 16:28:47 - [TEST_STEP][PASSED] - Statement - subscriber = driver.findElement(org.openqa.selenium.By.xpath("//*[@id="m_widget5_tab1_content"]/div/div[1]/div[1]/div/div[4]/span/a")): null

2019-04-26 16:28:47 - [TEST_STEP][PASSED] - Statement - subscriber.click(): null

2019-04-26 16:28:47 - [TEST_STEP][PASSED] - scrollToPosition: Browser is scrolled to position x = 0, y = 0

2019-04-26 16:28:47 - [MESSAGE][PASSED] - Browser is scrolled to position x = 0, y = 0

2019-04-26 16:28:47 - [TEST_STEP][PASSED] - click: Object: 'Object Repository/Page_KiboEngage  Page Subscribers/h3_Subscribers' is clicked on

2019-04-26 16:28:47 - [MESSAGE][PASSED] - Object: 'Object Repository/Page_KiboEngage  Page Subscribers/h3_Subscribers' is clicked on

2019-04-26 16:28:47 - [TEST_STEP][PASSED] - delay: Delayed 5 second(s)

2019-04-26 16:28:52 - [MESSAGE][PASSED] - Delayed 5 second(s)

2019-04-26 16:28:52 - [TEST_STEP][PASSED] - Statement - Table = driver.findElement(org.openqa.selenium.By.xpath("//table/tbody")): null

2019-04-26 16:28:53 - [TEST_STEP][PASSED] - Statement - rows_table = Table.findElements(org.openqa.selenium.By.tagName("tr")): null

2019-04-26 16:28:53 - [TEST_STEP][PASSED] - Statement - rows_count = rows_table.size(): null

2019-04-26 16:28:53 - [TEST_STEP][PASSED] - verifyEqual: Actual object '10' and expected object '10' are equal

2019-04-26 16:28:53 - [MESSAGE][PASSED] - Actual object '10' and expected object '10' are equal

2019-04-26 16:28:53 - [MESSAGE][PASSED] - Call Test Case 'Test Cases/Operational_Dashboard/117' successfully

2019-04-26 16:28:53 - [TEST_STEP][PASSED] - verifyTextPresent: Text 'Zain Majid' is present on page 

2019-04-26 16:28:53 - [MESSAGE][PASSED] - Text 'Zain Majid' is present on page 

2019-04-26 16:28:53 - [TEST_STEP][PASSED] - Statement - driver = com.kms.katalon.core.webui.driver.DriverFactory.getWebDriver(): null

2019-04-26 16:28:53 - [TEST_STEP][PASSED] - Statement - Next = driver.findElement(org.openqa.selenium.By.xpath("//*[@id="ajax_data"]/ul/li[9]/a")): null

2019-04-26 16:28:53 - [TEST_STEP][PASSED] - Statement - Next.click(): null

2019-04-26 16:28:53 - [TEST_STEP][PASSED] - scrollToPosition: Browser is scrolled to position x = 0, y = 0

2019-04-26 16:28:53 - [MESSAGE][PASSED] - Browser is scrolled to position x = 0, y = 0

2019-04-26 16:28:53 - [TEST_STEP][PASSED] - delay: Delayed 5 second(s)

2019-04-26 16:28:58 - [MESSAGE][PASSED] - Delayed 5 second(s)

2019-04-26 16:28:58 - [TEST_STEP][PASSED] - verifyTextPresent: Text 'Imran Bhatti' is present on page 

2019-04-26 16:28:58 - [MESSAGE][PASSED] - Text 'Imran Bhatti' is present on page 

2019-04-26 16:28:58 - [TEST_STEP][PASSED] - verifyTextNotPresent: Text 'Zain Majid' is not present on page

2019-04-26 16:28:58 - [MESSAGE][PASSED] - Text 'Zain Majid' is not present on page

2019-04-26 16:28:58 - [MESSAGE][PASSED] - Call Test Case 'Test Cases/Operational_Dashboard/123' successfully

2019-04-26 16:28:58 - [TEST_STEP][PASSED] - Statement - driver = com.kms.katalon.core.webui.driver.DriverFactory.getWebDriver(): null

2019-04-26 16:28:58 - [TEST_STEP][PASSED] - Statement - previous = driver.findElement(org.openqa.selenium.By.xpath("//*[@id="ajax_data"]/ul/li[1]/a")): null

2019-04-26 16:28:59 - [TEST_STEP][PASSED] - Statement - previous.click(): null

2019-04-26 16:28:59 - [TEST_STEP][PASSED] - delay: Delayed 5 second(s)

2019-04-26 16:29:04 - [MESSAGE][PASSED] - Delayed 5 second(s)

2019-04-26 16:29:04 - [TEST_STEP][PASSED] - verifyTextPresent: Text 'Zain Majid' is present on page 

2019-04-26 16:29:04 - [MESSAGE][PASSED] - Text 'Zain Majid' is present on page 

2019-04-26 16:29:04 - [TEST_STEP][PASSED] - verifyTextNotPresent: Text 'Imran Bhatti' is not present on page

2019-04-26 16:29:04 - [MESSAGE][PASSED] - Text 'Imran Bhatti' is not present on page]]></system-out>
         <system-err><![CDATA[]]></system-err>
      </testcase>
      <testcase name="Test Cases/Operational_Dashboard/125" classname="Test Cases/Operational_Dashboard/125" status="PASSED">
         <system-out><![CDATA[2019-04-26 16:29:04 - [TEST_CASE][PASSED] - Test Cases/Operational_Dashboard/125: Test Cases/Operational_Dashboard/125

2019-04-26 16:29:04 - [TEST_STEP][PASSED] - callTestCase: Call Test Case 'Test Cases/Operational_Dashboard/117' successfully

2019-04-26 16:29:04 - [TEST_CASE][PASSED] - Test Cases/Operational_Dashboard/117: Test Cases/Operational_Dashboard/117

2019-04-26 16:29:04 - [TEST_STEP][PASSED] - callTestCase: Call Test Case 'Test Cases/Operational_Dashboard/Login' successfully

2019-04-26 16:29:04 - [TEST_CASE][PASSED] - Test Cases/Operational_Dashboard/Login: Test Cases/Operational_Dashboard/Login

2019-04-26 16:29:04 - [TEST_STEP][PASSED] - callTestCase: Call Test Case 'Test Cases/s-sidebar_navigation/individualAccount/operationalDashboard' successfully

2019-04-26 16:29:04 - [TEST_CASE][PASSED] - Test Cases/s-sidebar_navigation/individualAccount/operationalDashboard: Test Cases/s-sidebar_navigation/individualAccount/operationalDashboard

2019-04-26 16:29:04 - [TEST_STEP][PASSED] - click: Object: 'Object Repository/Page_KiboEngage  Subscribers/span_Subscribers' is clicked on

2019-04-26 16:29:05 - [MESSAGE][PASSED] - Object: 'Object Repository/Page_KiboEngage  Subscribers/span_Subscribers' is clicked on

2019-04-26 16:29:05 - [TEST_STEP][PASSED] - click: Object: 'Object Repository/Page_KiboEngage  Subscribers/span_Operational Dashboard (1)' is clicked on

2019-04-26 16:29:05 - [MESSAGE][PASSED] - Object: 'Object Repository/Page_KiboEngage  Subscribers/span_Operational Dashboard (1)' is clicked on

2019-04-26 16:29:05 - [TEST_STEP][PASSED] - scrollToPosition: Browser is scrolled to position x = 0, y = 0

2019-04-26 16:29:05 - [MESSAGE][PASSED] - Browser is scrolled to position x = 0, y = 0

2019-04-26 16:29:05 - [TEST_STEP][PASSED] - delay: Delayed 2 second(s)

2019-04-26 16:29:07 - [MESSAGE][PASSED] - Delayed 2 second(s)

2019-04-26 16:29:07 - [TEST_STEP][PASSED] - click: Object: 'Object Repository/Page_KiboEngage  Operational Dashbo/h3_Pages Info (7)' is clicked on

2019-04-26 16:29:08 - [MESSAGE][PASSED] - Object: 'Object Repository/Page_KiboEngage  Operational Dashbo/h3_Pages Info (7)' is clicked on

2019-04-26 16:29:08 - [MESSAGE][PASSED] - Call Test Case 'Test Cases/s-sidebar_navigation/individualAccount/operationalDashboard' successfully

2019-04-26 16:29:08 - [MESSAGE][PASSED] - Call Test Case 'Test Cases/Operational_Dashboard/Login' successfully

2019-04-26 16:29:08 - [TEST_STEP][PASSED] - Statement - driver = com.kms.katalon.core.webui.driver.DriverFactory.getWebDriver(): null

2019-04-26 16:29:08 - [TEST_STEP][PASSED] - Statement - subscriber = driver.findElement(org.openqa.selenium.By.xpath("//*[@id="m_widget5_tab1_content"]/div/div[1]/div[1]/div/div[4]/span/a")): null

2019-04-26 16:29:08 - [TEST_STEP][PASSED] - Statement - subscriber.click(): null

2019-04-26 16:29:08 - [TEST_STEP][PASSED] - scrollToPosition: Browser is scrolled to position x = 0, y = 0

2019-04-26 16:29:08 - [MESSAGE][PASSED] - Browser is scrolled to position x = 0, y = 0

2019-04-26 16:29:08 - [TEST_STEP][PASSED] - click: Object: 'Object Repository/Page_KiboEngage  Page Subscribers/h3_Subscribers' is clicked on

2019-04-26 16:29:08 - [MESSAGE][PASSED] - Object: 'Object Repository/Page_KiboEngage  Page Subscribers/h3_Subscribers' is clicked on

2019-04-26 16:29:08 - [TEST_STEP][PASSED] - delay: Delayed 5 second(s)

2019-04-26 16:29:13 - [MESSAGE][PASSED] - Delayed 5 second(s)

2019-04-26 16:29:13 - [TEST_STEP][PASSED] - Statement - Table = driver.findElement(org.openqa.selenium.By.xpath("//table/tbody")): null

2019-04-26 16:29:13 - [TEST_STEP][PASSED] - Statement - rows_table = Table.findElements(org.openqa.selenium.By.tagName("tr")): null

2019-04-26 16:29:13 - [TEST_STEP][PASSED] - Statement - rows_count = rows_table.size(): null

2019-04-26 16:29:13 - [TEST_STEP][PASSED] - verifyEqual: Actual object '10' and expected object '10' are equal

2019-04-26 16:29:13 - [MESSAGE][PASSED] - Actual object '10' and expected object '10' are equal

2019-04-26 16:29:13 - [MESSAGE][PASSED] - Call Test Case 'Test Cases/Operational_Dashboard/117' successfully

2019-04-26 16:29:13 - [TEST_STEP][PASSED] - verifyTextPresent: Text 'Zain Majid' is present on page 

2019-04-26 16:29:13 - [MESSAGE][PASSED] - Text 'Zain Majid' is present on page 

2019-04-26 16:29:13 - [TEST_STEP][PASSED] - Statement - driver = com.kms.katalon.core.webui.driver.DriverFactory.getWebDriver(): null

2019-04-26 16:29:13 - [TEST_STEP][PASSED] - Statement - Next = driver.findElement(org.openqa.selenium.By.xpath("//*[@id="ajax_data"]/ul/li[3]/a")): null

2019-04-26 16:29:13 - [TEST_STEP][PASSED] - Statement - Next.click(): null

2019-04-26 16:29:14 - [TEST_STEP][PASSED] - scrollToPosition: Browser is scrolled to position x = 0, y = 0

2019-04-26 16:29:14 - [MESSAGE][PASSED] - Browser is scrolled to position x = 0, y = 0

2019-04-26 16:29:14 - [TEST_STEP][PASSED] - delay: Delayed 5 second(s)

2019-04-26 16:29:19 - [MESSAGE][PASSED] - Delayed 5 second(s)

2019-04-26 16:29:19 - [TEST_STEP][PASSED] - verifyTextPresent: Text 'Imran Bhatti' is present on page 

2019-04-26 16:29:19 - [MESSAGE][PASSED] - Text 'Imran Bhatti' is present on page 

2019-04-26 16:29:19 - [TEST_STEP][PASSED] - verifyTextNotPresent: Text 'Zain Majid' is not present on page

2019-04-26 16:29:19 - [MESSAGE][PASSED] - Text 'Zain Majid' is not present on page]]></system-out>
         <system-err><![CDATA[]]></system-err>
      </testcase>
      <testcase name="Test Cases/Operational_Dashboard/126" classname="Test Cases/Operational_Dashboard/126" status="PASSED">
         <system-out><![CDATA[2019-04-26 16:29:19 - [TEST_CASE][PASSED] - Test Cases/Operational_Dashboard/126: Test Cases/Operational_Dashboard/126

2019-04-26 16:29:19 - [TEST_STEP][PASSED] - callTestCase: Call Test Case 'Test Cases/Operational_Dashboard/Login' successfully

2019-04-26 16:29:19 - [TEST_CASE][PASSED] - Test Cases/Operational_Dashboard/Login: Test Cases/Operational_Dashboard/Login

2019-04-26 16:29:19 - [TEST_STEP][PASSED] - callTestCase: Call Test Case 'Test Cases/s-sidebar_navigation/individualAccount/operationalDashboard' successfully

2019-04-26 16:29:19 - [TEST_CASE][PASSED] - Test Cases/s-sidebar_navigation/individualAccount/operationalDashboard: Test Cases/s-sidebar_navigation/individualAccount/operationalDashboard

2019-04-26 16:29:19 - [TEST_STEP][PASSED] - click: Object: 'Object Repository/Page_KiboEngage  Subscribers/span_Subscribers' is clicked on

2019-04-26 16:29:20 - [MESSAGE][PASSED] - Object: 'Object Repository/Page_KiboEngage  Subscribers/span_Subscribers' is clicked on

2019-04-26 16:29:20 - [TEST_STEP][PASSED] - click: Object: 'Object Repository/Page_KiboEngage  Subscribers/span_Operational Dashboard (1)' is clicked on

2019-04-26 16:29:20 - [MESSAGE][PASSED] - Object: 'Object Repository/Page_KiboEngage  Subscribers/span_Operational Dashboard (1)' is clicked on

2019-04-26 16:29:20 - [TEST_STEP][PASSED] - scrollToPosition: Browser is scrolled to position x = 0, y = 0

2019-04-26 16:29:20 - [MESSAGE][PASSED] - Browser is scrolled to position x = 0, y = 0

2019-04-26 16:29:20 - [TEST_STEP][PASSED] - delay: Delayed 2 second(s)

2019-04-26 16:29:22 - [MESSAGE][PASSED] - Delayed 2 second(s)

2019-04-26 16:29:22 - [TEST_STEP][PASSED] - click: Object: 'Object Repository/Page_KiboEngage  Operational Dashbo/h3_Pages Info (7)' is clicked on

2019-04-26 16:29:22 - [MESSAGE][PASSED] - Object: 'Object Repository/Page_KiboEngage  Operational Dashbo/h3_Pages Info (7)' is clicked on

2019-04-26 16:29:22 - [MESSAGE][PASSED] - Call Test Case 'Test Cases/s-sidebar_navigation/individualAccount/operationalDashboard' successfully

2019-04-26 16:29:22 - [MESSAGE][PASSED] - Call Test Case 'Test Cases/Operational_Dashboard/Login' successfully

2019-04-26 16:29:22 - [TEST_STEP][PASSED] - delay: Delayed 5 second(s)

2019-04-26 16:29:27 - [MESSAGE][PASSED] - Delayed 5 second(s)

2019-04-26 16:29:27 - [TEST_STEP][PASSED] - Statement - driver = com.kms.katalon.core.webui.driver.DriverFactory.getWebDriver(): null

2019-04-26 16:29:27 - [TEST_STEP][PASSED] - Statement - users = driver.findElements(org.openqa.selenium.By.xpath("//*[@id="content"]/div/div/div/div[2]/div[3]/div[4]/div[2]/div/div[2]/div/div/div/div/div/div/div/div/div")): null

2019-04-26 16:29:28 - [TEST_STEP][PASSED] - Statement - println(users.size()): null

2019-04-26 16:29:28 - [TEST_STEP][PASSED] - verifyEqual: Actual object '10' and expected object '10' are equal

2019-04-26 16:29:28 - [MESSAGE][PASSED] - Actual object '10' and expected object '10' are equal]]></system-out>
         <system-err><![CDATA[]]></system-err>
      </testcase>
      <testcase name="Test Cases/Operational_Dashboard/127" classname="Test Cases/Operational_Dashboard/127" status="FAILED">
         <failure type="FAILED" message="Unable to verify equal between actual object '1' and expected object '3' (Root cause: Actual object '1' and expected object '3' are not equal)"/>
         <system-out><![CDATA[2019-04-26 16:29:28 - [TEST_CASE][FAILED] - Test Cases/Operational_Dashboard/127: Test Cases/Operational_Dashboard/127 FAILED because (of) Unable to verify equal between actual object '1' and expected object '3' (Root cause: Actual object '1' and expected object '3' are not equal)

2019-04-26 16:29:28 - [TEST_STEP][PASSED] - callTestCase: Call Test Case 'Test Cases/Operational_Dashboard/Login' successfully

2019-04-26 16:29:28 - [TEST_CASE][PASSED] - Test Cases/Operational_Dashboard/Login: Test Cases/Operational_Dashboard/Login

2019-04-26 16:29:28 - [TEST_STEP][PASSED] - callTestCase: Call Test Case 'Test Cases/s-sidebar_navigation/individualAccount/operationalDashboard' successfully

2019-04-26 16:29:28 - [TEST_CASE][PASSED] - Test Cases/s-sidebar_navigation/individualAccount/operationalDashboard: Test Cases/s-sidebar_navigation/individualAccount/operationalDashboard

2019-04-26 16:29:28 - [TEST_STEP][PASSED] - click: Object: 'Object Repository/Page_KiboEngage  Subscribers/span_Subscribers' is clicked on

2019-04-26 16:29:28 - [MESSAGE][PASSED] - Object: 'Object Repository/Page_KiboEngage  Subscribers/span_Subscribers' is clicked on

2019-04-26 16:29:28 - [TEST_STEP][PASSED] - click: Object: 'Object Repository/Page_KiboEngage  Subscribers/span_Operational Dashboard (1)' is clicked on

2019-04-26 16:29:29 - [MESSAGE][PASSED] - Object: 'Object Repository/Page_KiboEngage  Subscribers/span_Operational Dashboard (1)' is clicked on

2019-04-26 16:29:29 - [TEST_STEP][PASSED] - scrollToPosition: Browser is scrolled to position x = 0, y = 0

2019-04-26 16:29:29 - [MESSAGE][PASSED] - Browser is scrolled to position x = 0, y = 0

2019-04-26 16:29:29 - [TEST_STEP][PASSED] - delay: Delayed 2 second(s)

2019-04-26 16:29:31 - [MESSAGE][PASSED] - Delayed 2 second(s)

2019-04-26 16:29:31 - [TEST_STEP][PASSED] - click: Object: 'Object Repository/Page_KiboEngage  Operational Dashbo/h3_Pages Info (7)' is clicked on

2019-04-26 16:29:31 - [MESSAGE][PASSED] - Object: 'Object Repository/Page_KiboEngage  Operational Dashbo/h3_Pages Info (7)' is clicked on

2019-04-26 16:29:31 - [MESSAGE][PASSED] - Call Test Case 'Test Cases/s-sidebar_navigation/individualAccount/operationalDashboard' successfully

2019-04-26 16:29:31 - [MESSAGE][PASSED] - Call Test Case 'Test Cases/Operational_Dashboard/Login' successfully

2019-04-26 16:29:31 - [TEST_STEP][PASSED] - delay: Delayed 5 second(s)

2019-04-26 16:29:36 - [MESSAGE][PASSED] - Delayed 5 second(s)

2019-04-26 16:29:36 - [TEST_STEP][PASSED] - setText: Text 'cloudkibo' is set on object 'Object Repository/Page_KiboEngage  Operational Dashbo/input_form-control m-input m-i'

2019-04-26 16:29:37 - [MESSAGE][PASSED] - Text 'cloudkibo' is set on object 'Object Repository/Page_KiboEngage  Operational Dashbo/input_form-control m-input m-i'

2019-04-26 16:29:37 - [TEST_STEP][PASSED] - delay: Delayed 5 second(s)

2019-04-26 16:29:42 - [MESSAGE][PASSED] - Delayed 5 second(s)

2019-04-26 16:29:42 - [TEST_STEP][PASSED] - Statement - driver = com.kms.katalon.core.webui.driver.DriverFactory.getWebDriver(): null

2019-04-26 16:29:42 - [TEST_STEP][PASSED] - Statement - users = driver.findElements(org.openqa.selenium.By.xpath("//*[@id="content"]/div/div/div/div[2]/div[3]/div[4]/div[2]/div/div[2]/div/div/div/div/div/div/div/div/div")): null

2019-04-26 16:29:42 - [TEST_STEP][PASSED] - Statement - println(users.size()): null

2019-04-26 16:29:42 - [TEST_STEP][FAILED] - verifyEqual: Unable to verify equal between actual object '1' and expected object '3' (Root cause: Actual object '1' and expected object '3' are not equal)

2019-04-26 16:29:42 - [MESSAGE][FAILED] - Unable to verify equal between actual object '1' and expected object '3' (Root cause: Actual object '1' and expected object '3' are not equal)]]></system-out>
         <system-err><![CDATA[2019-04-26 16:29:28 - [TEST_CASE][FAILED] - Test Cases/Operational_Dashboard/127: Test Cases/Operational_Dashboard/127 FAILED because (of) Unable to verify equal between actual object '1' and expected object '3' (Root cause: Actual object '1' and expected object '3' are not equal)]]></system-err>
      </testcase>
      <testcase name="Test Cases/Operational_Dashboard/128" classname="Test Cases/Operational_Dashboard/128" status="PASSED">
         <system-out><![CDATA[2019-04-26 16:29:42 - [TEST_CASE][PASSED] - Test Cases/Operational_Dashboard/128: Test Cases/Operational_Dashboard/128

2019-04-26 16:29:42 - [TEST_STEP][PASSED] - callTestCase: Call Test Case 'Test Cases/Operational_Dashboard/Login' successfully

2019-04-26 16:29:42 - [TEST_CASE][PASSED] - Test Cases/Operational_Dashboard/Login: Test Cases/Operational_Dashboard/Login

2019-04-26 16:29:42 - [TEST_STEP][PASSED] - callTestCase: Call Test Case 'Test Cases/s-sidebar_navigation/individualAccount/operationalDashboard' successfully

2019-04-26 16:29:42 - [TEST_CASE][PASSED] - Test Cases/s-sidebar_navigation/individualAccount/operationalDashboard: Test Cases/s-sidebar_navigation/individualAccount/operationalDashboard

2019-04-26 16:29:42 - [TEST_STEP][PASSED] - click: Object: 'Object Repository/Page_KiboEngage  Subscribers/span_Subscribers' is clicked on

2019-04-26 16:29:42 - [MESSAGE][PASSED] - Object: 'Object Repository/Page_KiboEngage  Subscribers/span_Subscribers' is clicked on

2019-04-26 16:29:42 - [TEST_STEP][PASSED] - click: Object: 'Object Repository/Page_KiboEngage  Subscribers/span_Operational Dashboard (1)' is clicked on

2019-04-26 16:29:43 - [MESSAGE][PASSED] - Object: 'Object Repository/Page_KiboEngage  Subscribers/span_Operational Dashboard (1)' is clicked on

2019-04-26 16:29:43 - [TEST_STEP][PASSED] - scrollToPosition: Browser is scrolled to position x = 0, y = 0

2019-04-26 16:29:43 - [MESSAGE][PASSED] - Browser is scrolled to position x = 0, y = 0

2019-04-26 16:29:43 - [TEST_STEP][PASSED] - delay: Delayed 2 second(s)

2019-04-26 16:29:45 - [MESSAGE][PASSED] - Delayed 2 second(s)

2019-04-26 16:29:45 - [TEST_STEP][PASSED] - click: Object: 'Object Repository/Page_KiboEngage  Operational Dashbo/h3_Pages Info (7)' is clicked on

2019-04-26 16:29:45 - [MESSAGE][PASSED] - Object: 'Object Repository/Page_KiboEngage  Operational Dashbo/h3_Pages Info (7)' is clicked on

2019-04-26 16:29:45 - [MESSAGE][PASSED] - Call Test Case 'Test Cases/s-sidebar_navigation/individualAccount/operationalDashboard' successfully

2019-04-26 16:29:45 - [MESSAGE][PASSED] - Call Test Case 'Test Cases/Operational_Dashboard/Login' successfully

2019-04-26 16:29:45 - [TEST_STEP][PASSED] - delay: Delayed 5 second(s)

2019-04-26 16:29:50 - [MESSAGE][PASSED] - Delayed 5 second(s)

2019-04-26 16:29:50 - [TEST_STEP][PASSED] - click: Object: 'Object Repository/Page_KiboEngage  Operational Dashbo/i_flaticon flaticon-more' is clicked on

2019-04-26 16:29:50 - [MESSAGE][PASSED] - Object: 'Object Repository/Page_KiboEngage  Operational Dashbo/i_flaticon flaticon-more' is clicked on

2019-04-26 16:29:50 - [TEST_STEP][PASSED] - selectOptionByValue: All options with value 'male' are selected in object 'Object Repository/Page_KiboEngage  Operational Dashbo/select_Filter by gender...AllM'  using regular expression

2019-04-26 16:29:51 - [MESSAGE][PASSED] - All options with value 'male' are selected in object 'Object Repository/Page_KiboEngage  Operational Dashbo/select_Filter by gender...AllM'  using regular expression

2019-04-26 16:29:51 - [TEST_STEP][PASSED] - delay: Delayed 5 second(s)

2019-04-26 16:29:56 - [MESSAGE][PASSED] - Delayed 5 second(s)

2019-04-26 16:29:56 - [TEST_STEP][PASSED] - verifyTextPresent: Text 'male' is present on page 

2019-04-26 16:29:56 - [MESSAGE][PASSED] - Text 'male' is present on page 

2019-04-26 16:29:56 - [TEST_STEP][PASSED] - verifyTextNotPresent: Text 'female' is not present on page

2019-04-26 16:29:57 - [MESSAGE][PASSED] - Text 'female' is not present on page]]></system-out>
         <system-err><![CDATA[]]></system-err>
      </testcase>
      <testcase name="Test Cases/Operational_Dashboard/129" classname="Test Cases/Operational_Dashboard/129" status="PASSED">
         <system-out><![CDATA[2019-04-26 16:29:57 - [TEST_CASE][PASSED] - Test Cases/Operational_Dashboard/129: Test Cases/Operational_Dashboard/129

2019-04-26 16:29:57 - [TEST_STEP][PASSED] - callTestCase: Call Test Case 'Test Cases/Operational_Dashboard/Login' successfully

2019-04-26 16:29:57 - [TEST_CASE][PASSED] - Test Cases/Operational_Dashboard/Login: Test Cases/Operational_Dashboard/Login

2019-04-26 16:29:57 - [TEST_STEP][PASSED] - callTestCase: Call Test Case 'Test Cases/s-sidebar_navigation/individualAccount/operationalDashboard' successfully

2019-04-26 16:29:57 - [TEST_CASE][PASSED] - Test Cases/s-sidebar_navigation/individualAccount/operationalDashboard: Test Cases/s-sidebar_navigation/individualAccount/operationalDashboard

2019-04-26 16:29:57 - [TEST_STEP][PASSED] - click: Object: 'Object Repository/Page_KiboEngage  Subscribers/span_Subscribers' is clicked on

2019-04-26 16:29:57 - [MESSAGE][PASSED] - Object: 'Object Repository/Page_KiboEngage  Subscribers/span_Subscribers' is clicked on

2019-04-26 16:29:57 - [TEST_STEP][PASSED] - click: Object: 'Object Repository/Page_KiboEngage  Subscribers/span_Operational Dashboard (1)' is clicked on

2019-04-26 16:29:58 - [MESSAGE][PASSED] - Object: 'Object Repository/Page_KiboEngage  Subscribers/span_Operational Dashboard (1)' is clicked on

2019-04-26 16:29:58 - [TEST_STEP][PASSED] - scrollToPosition: Browser is scrolled to position x = 0, y = 0

2019-04-26 16:29:58 - [MESSAGE][PASSED] - Browser is scrolled to position x = 0, y = 0

2019-04-26 16:29:58 - [TEST_STEP][PASSED] - delay: Delayed 2 second(s)

2019-04-26 16:30:00 - [MESSAGE][PASSED] - Delayed 2 second(s)

2019-04-26 16:30:00 - [TEST_STEP][PASSED] - click: Object: 'Object Repository/Page_KiboEngage  Operational Dashbo/h3_Pages Info (7)' is clicked on

2019-04-26 16:30:00 - [MESSAGE][PASSED] - Object: 'Object Repository/Page_KiboEngage  Operational Dashbo/h3_Pages Info (7)' is clicked on

2019-04-26 16:30:00 - [MESSAGE][PASSED] - Call Test Case 'Test Cases/s-sidebar_navigation/individualAccount/operationalDashboard' successfully

2019-04-26 16:30:00 - [MESSAGE][PASSED] - Call Test Case 'Test Cases/Operational_Dashboard/Login' successfully

2019-04-26 16:30:00 - [TEST_STEP][PASSED] - delay: Delayed 5 second(s)

2019-04-26 16:30:05 - [MESSAGE][PASSED] - Delayed 5 second(s)

2019-04-26 16:30:05 - [TEST_STEP][PASSED] - click: Object: 'Object Repository/Page_KiboEngage  Operational Dashbo/i_flaticon flaticon-more (1)' is clicked on

2019-04-26 16:30:05 - [MESSAGE][PASSED] - Object: 'Object Repository/Page_KiboEngage  Operational Dashbo/i_flaticon flaticon-more (1)' is clicked on

2019-04-26 16:30:05 - [TEST_STEP][PASSED] - selectOptionByValue: All options with value 'en_US' are selected in object 'Object Repository/Page_KiboEngage  Operational Dashbo/select_Filter by Locale...ALLe'  using regular expression

2019-04-26 16:30:06 - [MESSAGE][PASSED] - All options with value 'en_US' are selected in object 'Object Repository/Page_KiboEngage  Operational Dashbo/select_Filter by Locale...ALLe'  using regular expression

2019-04-26 16:30:06 - [TEST_STEP][PASSED] - delay: Delayed 5 second(s)

2019-04-26 16:30:11 - [MESSAGE][PASSED] - Delayed 5 second(s)

2019-04-26 16:30:11 - [TEST_STEP][PASSED] - verifyTextPresent: Text 'en_US' is present on page 

2019-04-26 16:30:11 - [MESSAGE][PASSED] - Text 'en_US' is present on page]]></system-out>
         <system-err><![CDATA[]]></system-err>
      </testcase>
      <testcase name="Test Cases/Operational_Dashboard/130" classname="Test Cases/Operational_Dashboard/130" status="FAILED">
         <failure type="FAILED" message="Unable to verify equal between actual object '1' and expected object '3' (Root cause: Actual object '1' and expected object '3' are not equal)"/>
         <system-out><![CDATA[2019-04-26 16:30:11 - [TEST_CASE][FAILED] - Test Cases/Operational_Dashboard/130: Test Cases/Operational_Dashboard/130 FAILED because (of) Unable to verify equal between actual object '1' and expected object '3' (Root cause: Actual object '1' and expected object '3' are not equal)

2019-04-26 16:30:11 - [TEST_STEP][FAILED] - callTestCase: Unable to call Test Case with id 'Test Cases/Operational_Dashboard/127' (Root cause: Call Test Case 'Test Cases/Operational_Dashboard/127' failed)

2019-04-26 16:30:11 - [TEST_CASE][FAILED] - Test Cases/Operational_Dashboard/127: Test Cases/Operational_Dashboard/127 FAILED because (of) Unable to verify equal between actual object '1' and expected object '3' (Root cause: Actual object '1' and expected object '3' are not equal)

2019-04-26 16:30:11 - [TEST_STEP][PASSED] - callTestCase: Call Test Case 'Test Cases/Operational_Dashboard/Login' successfully

2019-04-26 16:30:12 - [TEST_CASE][PASSED] - Test Cases/Operational_Dashboard/Login: Test Cases/Operational_Dashboard/Login

2019-04-26 16:30:12 - [TEST_STEP][PASSED] - callTestCase: Call Test Case 'Test Cases/s-sidebar_navigation/individualAccount/operationalDashboard' successfully

2019-04-26 16:30:12 - [TEST_CASE][PASSED] - Test Cases/s-sidebar_navigation/individualAccount/operationalDashboard: Test Cases/s-sidebar_navigation/individualAccount/operationalDashboard

2019-04-26 16:30:12 - [TEST_STEP][PASSED] - click: Object: 'Object Repository/Page_KiboEngage  Subscribers/span_Subscribers' is clicked on

2019-04-26 16:30:12 - [MESSAGE][PASSED] - Object: 'Object Repository/Page_KiboEngage  Subscribers/span_Subscribers' is clicked on

2019-04-26 16:30:12 - [TEST_STEP][PASSED] - click: Object: 'Object Repository/Page_KiboEngage  Subscribers/span_Operational Dashboard (1)' is clicked on

2019-04-26 16:30:12 - [MESSAGE][PASSED] - Object: 'Object Repository/Page_KiboEngage  Subscribers/span_Operational Dashboard (1)' is clicked on

2019-04-26 16:30:12 - [TEST_STEP][PASSED] - scrollToPosition: Browser is scrolled to position x = 0, y = 0

2019-04-26 16:30:12 - [MESSAGE][PASSED] - Browser is scrolled to position x = 0, y = 0

2019-04-26 16:30:12 - [TEST_STEP][PASSED] - delay: Delayed 2 second(s)

2019-04-26 16:30:14 - [MESSAGE][PASSED] - Delayed 2 second(s)

2019-04-26 16:30:14 - [TEST_STEP][PASSED] - click: Object: 'Object Repository/Page_KiboEngage  Operational Dashbo/h3_Pages Info (7)' is clicked on

2019-04-26 16:30:15 - [MESSAGE][PASSED] - Object: 'Object Repository/Page_KiboEngage  Operational Dashbo/h3_Pages Info (7)' is clicked on

2019-04-26 16:30:15 - [MESSAGE][PASSED] - Call Test Case 'Test Cases/s-sidebar_navigation/individualAccount/operationalDashboard' successfully

2019-04-26 16:30:15 - [MESSAGE][PASSED] - Call Test Case 'Test Cases/Operational_Dashboard/Login' successfully

2019-04-26 16:30:15 - [TEST_STEP][PASSED] - delay: Delayed 5 second(s)

2019-04-26 16:30:20 - [MESSAGE][PASSED] - Delayed 5 second(s)

2019-04-26 16:30:20 - [TEST_STEP][PASSED] - setText: Text 'cloudkibo' is set on object 'Object Repository/Page_KiboEngage  Operational Dashbo/input_form-control m-input m-i'

2019-04-26 16:30:20 - [MESSAGE][PASSED] - Text 'cloudkibo' is set on object 'Object Repository/Page_KiboEngage  Operational Dashbo/input_form-control m-input m-i'

2019-04-26 16:30:20 - [TEST_STEP][PASSED] - delay: Delayed 5 second(s)

2019-04-26 16:30:25 - [MESSAGE][PASSED] - Delayed 5 second(s)

2019-04-26 16:30:25 - [TEST_STEP][PASSED] - Statement - driver = com.kms.katalon.core.webui.driver.DriverFactory.getWebDriver(): null

2019-04-26 16:30:25 - [TEST_STEP][PASSED] - Statement - users = driver.findElements(org.openqa.selenium.By.xpath("//*[@id="content"]/div/div/div/div[2]/div[3]/div[4]/div[2]/div/div[2]/div/div/div/div/div/div/div/div/div")): null

2019-04-26 16:30:26 - [TEST_STEP][PASSED] - Statement - println(users.size()): null

2019-04-26 16:30:26 - [TEST_STEP][FAILED] - verifyEqual: Unable to verify equal between actual object '1' and expected object '3' (Root cause: Actual object '1' and expected object '3' are not equal)

2019-04-26 16:30:26 - [MESSAGE][FAILED] - Unable to verify equal between actual object '1' and expected object '3' (Root cause: Actual object '1' and expected object '3' are not equal)

2019-04-26 16:30:26 - [MESSAGE][FAILED] - Unable to call Test Case with id 'Test Cases/Operational_Dashboard/127' (Root cause: Call Test Case 'Test Cases/Operational_Dashboard/127' failed)]]></system-out>
         <system-err><![CDATA[2019-04-26 16:30:11 - [TEST_CASE][FAILED] - Test Cases/Operational_Dashboard/130: Test Cases/Operational_Dashboard/130 FAILED because (of) Unable to verify equal between actual object '1' and expected object '3' (Root cause: Actual object '1' and expected object '3' are not equal)]]></system-err>
      </testcase>
      <testcase name="Test Cases/Operational_Dashboard/133" classname="Test Cases/Operational_Dashboard/133" status="PASSED">
         <system-out><![CDATA[2019-04-26 16:30:26 - [TEST_CASE][PASSED] - Test Cases/Operational_Dashboard/133: Test Cases/Operational_Dashboard/133

2019-04-26 16:30:26 - [TEST_STEP][PASSED] - callTestCase: Call Test Case 'Test Cases/Operational_Dashboard/Login' successfully

2019-04-26 16:30:26 - [TEST_CASE][PASSED] - Test Cases/Operational_Dashboard/Login: Test Cases/Operational_Dashboard/Login

2019-04-26 16:30:26 - [TEST_STEP][PASSED] - callTestCase: Call Test Case 'Test Cases/s-sidebar_navigation/individualAccount/operationalDashboard' successfully

2019-04-26 16:30:26 - [TEST_CASE][PASSED] - Test Cases/s-sidebar_navigation/individualAccount/operationalDashboard: Test Cases/s-sidebar_navigation/individualAccount/operationalDashboard

2019-04-26 16:30:26 - [TEST_STEP][PASSED] - click: Object: 'Object Repository/Page_KiboEngage  Subscribers/span_Subscribers' is clicked on

2019-04-26 16:30:26 - [MESSAGE][PASSED] - Object: 'Object Repository/Page_KiboEngage  Subscribers/span_Subscribers' is clicked on

2019-04-26 16:30:26 - [TEST_STEP][PASSED] - click: Object: 'Object Repository/Page_KiboEngage  Subscribers/span_Operational Dashboard (1)' is clicked on

2019-04-26 16:30:27 - [MESSAGE][PASSED] - Object: 'Object Repository/Page_KiboEngage  Subscribers/span_Operational Dashboard (1)' is clicked on

2019-04-26 16:30:27 - [TEST_STEP][PASSED] - scrollToPosition: Browser is scrolled to position x = 0, y = 0

2019-04-26 16:30:27 - [MESSAGE][PASSED] - Browser is scrolled to position x = 0, y = 0

2019-04-26 16:30:27 - [TEST_STEP][PASSED] - delay: Delayed 2 second(s)

2019-04-26 16:30:29 - [MESSAGE][PASSED] - Delayed 2 second(s)

2019-04-26 16:30:29 - [TEST_STEP][PASSED] - click: Object: 'Object Repository/Page_KiboEngage  Operational Dashbo/h3_Pages Info (7)' is clicked on

2019-04-26 16:30:29 - [MESSAGE][PASSED] - Object: 'Object Repository/Page_KiboEngage  Operational Dashbo/h3_Pages Info (7)' is clicked on

2019-04-26 16:30:29 - [MESSAGE][PASSED] - Call Test Case 'Test Cases/s-sidebar_navigation/individualAccount/operationalDashboard' successfully

2019-04-26 16:30:29 - [MESSAGE][PASSED] - Call Test Case 'Test Cases/Operational_Dashboard/Login' successfully

2019-04-26 16:30:29 - [TEST_STEP][PASSED] - delay: Delayed 5 second(s)

2019-04-26 16:30:34 - [MESSAGE][PASSED] - Delayed 5 second(s)

2019-04-26 16:30:34 - [TEST_STEP][PASSED] - Statement - driver = com.kms.katalon.core.webui.driver.DriverFactory.getWebDriver(): null

2019-04-26 16:30:34 - [TEST_STEP][PASSED] - Statement - load_users = driver.findElement(org.openqa.selenium.By.xpath("//*[@id="assignTag"]")): null

2019-04-26 16:30:34 - [TEST_STEP][PASSED] - Statement - load_users.click(): null

2019-04-26 16:30:34 - [TEST_STEP][PASSED] - delay: Delayed 5 second(s)

2019-04-26 16:30:39 - [MESSAGE][PASSED] - Delayed 5 second(s)

2019-04-26 16:30:39 - [TEST_STEP][PASSED] - Statement - users = driver.findElements(org.openqa.selenium.By.xpath("//*[@id="content"]/div/div/div/div[2]/div[3]/div[4]/div[2]/div/div[2]/div/div/div/div/div/div/div/div/div")): null

2019-04-26 16:30:39 - [TEST_STEP][PASSED] - verifyGreaterThan: Actual number '20' is greater than expected number '10'

2019-04-26 16:30:39 - [MESSAGE][PASSED] - Actual number '20' is greater than expected number '10']]></system-out>
         <system-err><![CDATA[]]></system-err>
      </testcase>
      <testcase name="Test Cases/Operational_Dashboard/134" classname="Test Cases/Operational_Dashboard/134" status="PASSED">
         <system-out><![CDATA[2019-04-26 16:30:39 - [TEST_CASE][PASSED] - Test Cases/Operational_Dashboard/134: Test Cases/Operational_Dashboard/134

2019-04-26 16:30:40 - [TEST_STEP][PASSED] - callTestCase: Call Test Case 'Test Cases/Operational_Dashboard/Login' successfully

2019-04-26 16:30:40 - [TEST_CASE][PASSED] - Test Cases/Operational_Dashboard/Login: Test Cases/Operational_Dashboard/Login

2019-04-26 16:30:40 - [TEST_STEP][PASSED] - callTestCase: Call Test Case 'Test Cases/s-sidebar_navigation/individualAccount/operationalDashboard' successfully

2019-04-26 16:30:40 - [TEST_CASE][PASSED] - Test Cases/s-sidebar_navigation/individualAccount/operationalDashboard: Test Cases/s-sidebar_navigation/individualAccount/operationalDashboard

2019-04-26 16:30:40 - [TEST_STEP][PASSED] - click: Object: 'Object Repository/Page_KiboEngage  Subscribers/span_Subscribers' is clicked on

2019-04-26 16:30:40 - [MESSAGE][PASSED] - Object: 'Object Repository/Page_KiboEngage  Subscribers/span_Subscribers' is clicked on

2019-04-26 16:30:40 - [TEST_STEP][PASSED] - click: Object: 'Object Repository/Page_KiboEngage  Subscribers/span_Operational Dashboard (1)' is clicked on

2019-04-26 16:30:41 - [MESSAGE][PASSED] - Object: 'Object Repository/Page_KiboEngage  Subscribers/span_Operational Dashboard (1)' is clicked on

2019-04-26 16:30:41 - [TEST_STEP][PASSED] - scrollToPosition: Browser is scrolled to position x = 0, y = 0

2019-04-26 16:30:41 - [MESSAGE][PASSED] - Browser is scrolled to position x = 0, y = 0

2019-04-26 16:30:41 - [TEST_STEP][PASSED] - delay: Delayed 2 second(s)

2019-04-26 16:30:43 - [MESSAGE][PASSED] - Delayed 2 second(s)

2019-04-26 16:30:43 - [TEST_STEP][PASSED] - click: Object: 'Object Repository/Page_KiboEngage  Operational Dashbo/h3_Pages Info (7)' is clicked on

2019-04-26 16:30:43 - [MESSAGE][PASSED] - Object: 'Object Repository/Page_KiboEngage  Operational Dashbo/h3_Pages Info (7)' is clicked on

2019-04-26 16:30:43 - [MESSAGE][PASSED] - Call Test Case 'Test Cases/s-sidebar_navigation/individualAccount/operationalDashboard' successfully

2019-04-26 16:30:43 - [MESSAGE][PASSED] - Call Test Case 'Test Cases/Operational_Dashboard/Login' successfully

2019-04-26 16:30:43 - [TEST_STEP][PASSED] - delay: Delayed 5 second(s)

2019-04-26 16:30:48 - [MESSAGE][PASSED] - Delayed 5 second(s)

2019-04-26 16:30:48 - [TEST_STEP][PASSED] - click: Object: 'Object Repository/Page_KiboEngage  Operational Dashbo/button_See more' is clicked on

2019-04-26 16:30:48 - [MESSAGE][PASSED] - Object: 'Object Repository/Page_KiboEngage  Operational Dashbo/button_See more' is clicked on

2019-04-26 16:30:48 - [TEST_STEP][PASSED] - delay: Delayed 1 second(s)

2019-04-26 16:30:49 - [MESSAGE][PASSED] - Delayed 1 second(s)

2019-04-26 16:30:49 - [TEST_STEP][PASSED] - scrollToPosition: Browser is scrolled to position x = 0, y = 0

2019-04-26 16:30:49 - [MESSAGE][PASSED] - Browser is scrolled to position x = 0, y = 0

2019-04-26 16:30:49 - [TEST_STEP][PASSED] - verifyTextPresent: Text 'Pages' is present on page 

2019-04-26 16:30:50 - [MESSAGE][PASSED] - Text 'Pages' is present on page 

2019-04-26 16:30:50 - [TEST_STEP][PASSED] - verifyTextPresent: Text 'Broadcasts' is present on page 

2019-04-26 16:30:50 - [MESSAGE][PASSED] - Text 'Broadcasts' is present on page 

2019-04-26 16:30:50 - [TEST_STEP][PASSED] - verifyTextPresent: Text 'Surveys' is present on page 

2019-04-26 16:30:50 - [MESSAGE][PASSED] - Text 'Surveys' is present on page 

2019-04-26 16:30:50 - [TEST_STEP][PASSED] - verifyTextPresent: Text 'Polls' is present on page 

2019-04-26 16:30:50 - [MESSAGE][PASSED] - Text 'Polls' is present on page]]></system-out>
         <system-err><![CDATA[]]></system-err>
      </testcase>
      <testcase name="Test Cases/Operational_Dashboard/135" classname="Test Cases/Operational_Dashboard/135" status="PASSED">
         <system-out><![CDATA[2019-04-26 16:30:50 - [TEST_CASE][PASSED] - Test Cases/Operational_Dashboard/135: Test Cases/Operational_Dashboard/135

2019-04-26 16:30:50 - [TEST_STEP][PASSED] - callTestCase: Call Test Case 'Test Cases/Operational_Dashboard/Login' successfully

2019-04-26 16:30:50 - [TEST_CASE][PASSED] - Test Cases/Operational_Dashboard/Login: Test Cases/Operational_Dashboard/Login

2019-04-26 16:30:50 - [TEST_STEP][PASSED] - callTestCase: Call Test Case 'Test Cases/s-sidebar_navigation/individualAccount/operationalDashboard' successfully

2019-04-26 16:30:50 - [TEST_CASE][PASSED] - Test Cases/s-sidebar_navigation/individualAccount/operationalDashboard: Test Cases/s-sidebar_navigation/individualAccount/operationalDashboard

2019-04-26 16:30:50 - [TEST_STEP][PASSED] - click: Object: 'Object Repository/Page_KiboEngage  Subscribers/span_Subscribers' is clicked on

2019-04-26 16:30:51 - [MESSAGE][PASSED] - Object: 'Object Repository/Page_KiboEngage  Subscribers/span_Subscribers' is clicked on

2019-04-26 16:30:51 - [TEST_STEP][PASSED] - click: Object: 'Object Repository/Page_KiboEngage  Subscribers/span_Operational Dashboard (1)' is clicked on

2019-04-26 16:30:51 - [MESSAGE][PASSED] - Object: 'Object Repository/Page_KiboEngage  Subscribers/span_Operational Dashboard (1)' is clicked on

2019-04-26 16:30:51 - [TEST_STEP][PASSED] - scrollToPosition: Browser is scrolled to position x = 0, y = 0

2019-04-26 16:30:51 - [MESSAGE][PASSED] - Browser is scrolled to position x = 0, y = 0

2019-04-26 16:30:51 - [TEST_STEP][PASSED] - delay: Delayed 2 second(s)

2019-04-26 16:30:53 - [MESSAGE][PASSED] - Delayed 2 second(s)

2019-04-26 16:30:53 - [TEST_STEP][PASSED] - click: Object: 'Object Repository/Page_KiboEngage  Operational Dashbo/h3_Pages Info (7)' is clicked on

2019-04-26 16:30:54 - [MESSAGE][PASSED] - Object: 'Object Repository/Page_KiboEngage  Operational Dashbo/h3_Pages Info (7)' is clicked on

2019-04-26 16:30:54 - [MESSAGE][PASSED] - Call Test Case 'Test Cases/s-sidebar_navigation/individualAccount/operationalDashboard' successfully

2019-04-26 16:30:54 - [MESSAGE][PASSED] - Call Test Case 'Test Cases/Operational_Dashboard/Login' successfully

2019-04-26 16:30:54 - [TEST_STEP][PASSED] - delay: Delayed 2 second(s)

2019-04-26 16:30:56 - [MESSAGE][PASSED] - Delayed 2 second(s)

2019-04-26 16:30:56 - [TEST_STEP][PASSED] - setText: Text 'cloudkibo1' is set on object 'Object Repository/Page_KiboEngage  Operational Dashbo/input_form-control m-input m-i'

2019-04-26 16:30:56 - [MESSAGE][PASSED] - Text 'cloudkibo1' is set on object 'Object Repository/Page_KiboEngage  Operational Dashbo/input_form-control m-input m-i'

2019-04-26 16:30:56 - [TEST_STEP][PASSED] - delay: Delayed 5 second(s)

2019-04-26 16:31:01 - [MESSAGE][PASSED] - Delayed 5 second(s)

2019-04-26 16:31:01 - [TEST_STEP][PASSED] - click: Object: 'Object Repository/Page_KiboEngage  Operational Dashbo/button_See more' is clicked on

2019-04-26 16:31:02 - [MESSAGE][PASSED] - Object: 'Object Repository/Page_KiboEngage  Operational Dashbo/button_See more' is clicked on

2019-04-26 16:31:02 - [TEST_STEP][PASSED] - delay: Delayed 1 second(s)

2019-04-26 16:31:03 - [MESSAGE][PASSED] - Delayed 1 second(s)

2019-04-26 16:31:03 - [TEST_STEP][PASSED] - scrollToPosition: Browser is scrolled to position x = 0, y = 0

2019-04-26 16:31:03 - [MESSAGE][PASSED] - Browser is scrolled to position x = 0, y = 0

2019-04-26 16:31:03 - [TEST_STEP][PASSED] - delay: Delayed 5 second(s)

2019-04-26 16:31:08 - [MESSAGE][PASSED] - Delayed 5 second(s)

2019-04-26 16:31:08 - [TEST_STEP][PASSED] - Statement - driver = com.kms.katalon.core.webui.driver.DriverFactory.getWebDriver(): null

2019-04-26 16:31:08 - [TEST_STEP][PASSED] - Statement - Table = driver.findElement(org.openqa.selenium.By.xpath("//table/tbody")): null

2019-04-26 16:31:08 - [TEST_STEP][PASSED] - Statement - rows_table = Table.findElements(org.openqa.selenium.By.tagName("tr")): null

2019-04-26 16:31:08 - [TEST_STEP][PASSED] - Statement - rows_count = rows_table.size(): null

2019-04-26 16:31:08 - [TEST_STEP][PASSED] - verifyGreaterThanOrEqual: Actual number '10' is greater than or equal to expected number '1'

2019-04-26 16:31:08 - [MESSAGE][PASSED] - Actual number '10' is greater than or equal to expected number '1']]></system-out>
         <system-err><![CDATA[]]></system-err>
      </testcase>
      <testcase name="Test Cases/Operational_Dashboard/136" classname="Test Cases/Operational_Dashboard/136" status="PASSED">
         <system-out><![CDATA[2019-04-26 16:31:08 - [TEST_CASE][PASSED] - Test Cases/Operational_Dashboard/136: Test Cases/Operational_Dashboard/136

2019-04-26 16:31:08 - [TEST_STEP][PASSED] - callTestCase: Call Test Case 'Test Cases/Operational_Dashboard/135' successfully

2019-04-26 16:31:08 - [TEST_CASE][PASSED] - Test Cases/Operational_Dashboard/135: Test Cases/Operational_Dashboard/135

2019-04-26 16:31:08 - [TEST_STEP][PASSED] - callTestCase: Call Test Case 'Test Cases/Operational_Dashboard/Login' successfully

2019-04-26 16:31:08 - [TEST_CASE][PASSED] - Test Cases/Operational_Dashboard/Login: Test Cases/Operational_Dashboard/Login

2019-04-26 16:31:08 - [TEST_STEP][PASSED] - callTestCase: Call Test Case 'Test Cases/s-sidebar_navigation/individualAccount/operationalDashboard' successfully

2019-04-26 16:31:08 - [TEST_CASE][PASSED] - Test Cases/s-sidebar_navigation/individualAccount/operationalDashboard: Test Cases/s-sidebar_navigation/individualAccount/operationalDashboard

2019-04-26 16:31:08 - [TEST_STEP][PASSED] - click: Object: 'Object Repository/Page_KiboEngage  Subscribers/span_Subscribers' is clicked on

2019-04-26 16:31:08 - [MESSAGE][PASSED] - Object: 'Object Repository/Page_KiboEngage  Subscribers/span_Subscribers' is clicked on

2019-04-26 16:31:08 - [TEST_STEP][PASSED] - click: Object: 'Object Repository/Page_KiboEngage  Subscribers/span_Operational Dashboard (1)' is clicked on

2019-04-26 16:31:09 - [MESSAGE][PASSED] - Object: 'Object Repository/Page_KiboEngage  Subscribers/span_Operational Dashboard (1)' is clicked on

2019-04-26 16:31:09 - [TEST_STEP][PASSED] - scrollToPosition: Browser is scrolled to position x = 0, y = 0

2019-04-26 16:31:09 - [MESSAGE][PASSED] - Browser is scrolled to position x = 0, y = 0

2019-04-26 16:31:09 - [TEST_STEP][PASSED] - delay: Delayed 2 second(s)

2019-04-26 16:31:11 - [MESSAGE][PASSED] - Delayed 2 second(s)

2019-04-26 16:31:11 - [TEST_STEP][PASSED] - click: Object: 'Object Repository/Page_KiboEngage  Operational Dashbo/h3_Pages Info (7)' is clicked on

2019-04-26 16:31:11 - [MESSAGE][PASSED] - Object: 'Object Repository/Page_KiboEngage  Operational Dashbo/h3_Pages Info (7)' is clicked on

2019-04-26 16:31:11 - [MESSAGE][PASSED] - Call Test Case 'Test Cases/s-sidebar_navigation/individualAccount/operationalDashboard' successfully

2019-04-26 16:31:11 - [MESSAGE][PASSED] - Call Test Case 'Test Cases/Operational_Dashboard/Login' successfully

2019-04-26 16:31:11 - [TEST_STEP][PASSED] - delay: Delayed 2 second(s)

2019-04-26 16:31:13 - [MESSAGE][PASSED] - Delayed 2 second(s)

2019-04-26 16:31:13 - [TEST_STEP][PASSED] - setText: Text 'cloudkibo1' is set on object 'Object Repository/Page_KiboEngage  Operational Dashbo/input_form-control m-input m-i'

2019-04-26 16:31:14 - [MESSAGE][PASSED] - Text 'cloudkibo1' is set on object 'Object Repository/Page_KiboEngage  Operational Dashbo/input_form-control m-input m-i'

2019-04-26 16:31:14 - [TEST_STEP][PASSED] - delay: Delayed 5 second(s)

2019-04-26 16:31:19 - [MESSAGE][PASSED] - Delayed 5 second(s)

2019-04-26 16:31:19 - [TEST_STEP][PASSED] - click: Object: 'Object Repository/Page_KiboEngage  Operational Dashbo/button_See more' is clicked on

2019-04-26 16:31:19 - [MESSAGE][PASSED] - Object: 'Object Repository/Page_KiboEngage  Operational Dashbo/button_See more' is clicked on

2019-04-26 16:31:19 - [TEST_STEP][PASSED] - delay: Delayed 1 second(s)

2019-04-26 16:31:20 - [MESSAGE][PASSED] - Delayed 1 second(s)

2019-04-26 16:31:20 - [TEST_STEP][PASSED] - scrollToPosition: Browser is scrolled to position x = 0, y = 0

2019-04-26 16:31:20 - [MESSAGE][PASSED] - Browser is scrolled to position x = 0, y = 0

2019-04-26 16:31:20 - [TEST_STEP][PASSED] - delay: Delayed 5 second(s)

2019-04-26 16:31:25 - [MESSAGE][PASSED] - Delayed 5 second(s)

2019-04-26 16:31:25 - [TEST_STEP][PASSED] - Statement - driver = com.kms.katalon.core.webui.driver.DriverFactory.getWebDriver(): null

2019-04-26 16:31:25 - [TEST_STEP][PASSED] - Statement - Table = driver.findElement(org.openqa.selenium.By.xpath("//table/tbody")): null

2019-04-26 16:31:25 - [TEST_STEP][PASSED] - Statement - rows_table = Table.findElements(org.openqa.selenium.By.tagName("tr")): null

2019-04-26 16:31:25 - [TEST_STEP][PASSED] - Statement - rows_count = rows_table.size(): null

2019-04-26 16:31:25 - [TEST_STEP][PASSED] - verifyGreaterThanOrEqual: Actual number '10' is greater than or equal to expected number '1'

2019-04-26 16:31:25 - [MESSAGE][PASSED] - Actual number '10' is greater than or equal to expected number '1'

2019-04-26 16:31:25 - [MESSAGE][PASSED] - Call Test Case 'Test Cases/Operational_Dashboard/135' successfully

2019-04-26 16:31:25 - [TEST_STEP][PASSED] - Statement - driver = com.kms.katalon.core.webui.driver.DriverFactory.getWebDriver(): null

2019-04-26 16:31:25 - [TEST_STEP][PASSED] - Statement - next = driver.findElement(org.openqa.selenium.By.xpath("//*[@id="ajax_data"]/ul/li[3]/a")): null

2019-04-26 16:31:25 - [TEST_STEP][PASSED] - Statement - next.click(): null

2019-04-26 16:31:25 - [TEST_STEP][PASSED] - delay: Delayed 5 second(s)

2019-04-26 16:31:30 - [MESSAGE][PASSED] - Delayed 5 second(s)

2019-04-26 16:31:30 - [TEST_STEP][PASSED] - scrollToPosition: Browser is scrolled to position x = 0, y = 0

2019-04-26 16:31:30 - [MESSAGE][PASSED] - Browser is scrolled to position x = 0, y = 0

2019-04-26 16:31:30 - [TEST_STEP][PASSED] - Statement - Table = driver.findElement(org.openqa.selenium.By.xpath("//table/tbody")): null

2019-04-26 16:31:30 - [TEST_STEP][PASSED] - Statement - rows_table = Table.findElements(org.openqa.selenium.By.tagName("tr")): null

2019-04-26 16:31:30 - [TEST_STEP][PASSED] - Statement - rows_count = rows_table.size(): null

2019-04-26 16:31:30 - [TEST_STEP][PASSED] - verifyGreaterThanOrEqual: Actual number '10' is greater than or equal to expected number '1'

2019-04-26 16:31:30 - [MESSAGE][PASSED] - Actual number '10' is greater than or equal to expected number '1']]></system-out>
         <system-err><![CDATA[]]></system-err>
      </testcase>
      <testcase name="Test Cases/Operational_Dashboard/137" classname="Test Cases/Operational_Dashboard/137" status="PASSED">
         <system-out><![CDATA[2019-04-26 16:31:30 - [TEST_CASE][PASSED] - Test Cases/Operational_Dashboard/137: Test Cases/Operational_Dashboard/137

2019-04-26 16:31:30 - [TEST_STEP][PASSED] - callTestCase: Call Test Case 'Test Cases/Operational_Dashboard/136' successfully

2019-04-26 16:31:31 - [TEST_CASE][PASSED] - Test Cases/Operational_Dashboard/136: Test Cases/Operational_Dashboard/136

2019-04-26 16:31:31 - [TEST_STEP][PASSED] - callTestCase: Call Test Case 'Test Cases/Operational_Dashboard/135' successfully

2019-04-26 16:31:31 - [TEST_CASE][PASSED] - Test Cases/Operational_Dashboard/135: Test Cases/Operational_Dashboard/135

2019-04-26 16:31:31 - [TEST_STEP][PASSED] - callTestCase: Call Test Case 'Test Cases/Operational_Dashboard/Login' successfully

2019-04-26 16:31:31 - [TEST_CASE][PASSED] - Test Cases/Operational_Dashboard/Login: Test Cases/Operational_Dashboard/Login

2019-04-26 16:31:31 - [TEST_STEP][PASSED] - callTestCase: Call Test Case 'Test Cases/s-sidebar_navigation/individualAccount/operationalDashboard' successfully

2019-04-26 16:31:31 - [TEST_CASE][PASSED] - Test Cases/s-sidebar_navigation/individualAccount/operationalDashboard: Test Cases/s-sidebar_navigation/individualAccount/operationalDashboard

2019-04-26 16:31:31 - [TEST_STEP][PASSED] - click: Object: 'Object Repository/Page_KiboEngage  Subscribers/span_Subscribers' is clicked on

2019-04-26 16:31:31 - [MESSAGE][PASSED] - Object: 'Object Repository/Page_KiboEngage  Subscribers/span_Subscribers' is clicked on

2019-04-26 16:31:31 - [TEST_STEP][PASSED] - click: Object: 'Object Repository/Page_KiboEngage  Subscribers/span_Operational Dashboard (1)' is clicked on

2019-04-26 16:31:32 - [MESSAGE][PASSED] - Object: 'Object Repository/Page_KiboEngage  Subscribers/span_Operational Dashboard (1)' is clicked on

2019-04-26 16:31:32 - [TEST_STEP][PASSED] - scrollToPosition: Browser is scrolled to position x = 0, y = 0

2019-04-26 16:31:32 - [MESSAGE][PASSED] - Browser is scrolled to position x = 0, y = 0

2019-04-26 16:31:32 - [TEST_STEP][PASSED] - delay: Delayed 2 second(s)

2019-04-26 16:31:34 - [MESSAGE][PASSED] - Delayed 2 second(s)

2019-04-26 16:31:34 - [TEST_STEP][PASSED] - click: Object: 'Object Repository/Page_KiboEngage  Operational Dashbo/h3_Pages Info (7)' is clicked on

2019-04-26 16:31:34 - [MESSAGE][PASSED] - Object: 'Object Repository/Page_KiboEngage  Operational Dashbo/h3_Pages Info (7)' is clicked on

2019-04-26 16:31:34 - [MESSAGE][PASSED] - Call Test Case 'Test Cases/s-sidebar_navigation/individualAccount/operationalDashboard' successfully

2019-04-26 16:31:34 - [MESSAGE][PASSED] - Call Test Case 'Test Cases/Operational_Dashboard/Login' successfully

2019-04-26 16:31:34 - [TEST_STEP][PASSED] - delay: Delayed 2 second(s)

2019-04-26 16:31:36 - [MESSAGE][PASSED] - Delayed 2 second(s)

2019-04-26 16:31:36 - [TEST_STEP][PASSED] - setText: Text 'cloudkibo1' is set on object 'Object Repository/Page_KiboEngage  Operational Dashbo/input_form-control m-input m-i'

2019-04-26 16:31:37 - [MESSAGE][PASSED] - Text 'cloudkibo1' is set on object 'Object Repository/Page_KiboEngage  Operational Dashbo/input_form-control m-input m-i'

2019-04-26 16:31:37 - [TEST_STEP][PASSED] - delay: Delayed 5 second(s)

2019-04-26 16:31:42 - [MESSAGE][PASSED] - Delayed 5 second(s)

2019-04-26 16:31:42 - [TEST_STEP][PASSED] - click: Object: 'Object Repository/Page_KiboEngage  Operational Dashbo/button_See more' is clicked on

2019-04-26 16:31:42 - [MESSAGE][PASSED] - Object: 'Object Repository/Page_KiboEngage  Operational Dashbo/button_See more' is clicked on

2019-04-26 16:31:42 - [TEST_STEP][PASSED] - delay: Delayed 1 second(s)

2019-04-26 16:31:43 - [MESSAGE][PASSED] - Delayed 1 second(s)

2019-04-26 16:31:43 - [TEST_STEP][PASSED] - scrollToPosition: Browser is scrolled to position x = 0, y = 0

2019-04-26 16:31:43 - [MESSAGE][PASSED] - Browser is scrolled to position x = 0, y = 0

2019-04-26 16:31:43 - [TEST_STEP][PASSED] - delay: Delayed 5 second(s)

2019-04-26 16:31:48 - [MESSAGE][PASSED] - Delayed 5 second(s)

2019-04-26 16:31:48 - [TEST_STEP][PASSED] - Statement - driver = com.kms.katalon.core.webui.driver.DriverFactory.getWebDriver(): null

2019-04-26 16:31:48 - [TEST_STEP][PASSED] - Statement - Table = driver.findElement(org.openqa.selenium.By.xpath("//table/tbody")): null

2019-04-26 16:31:48 - [TEST_STEP][PASSED] - Statement - rows_table = Table.findElements(org.openqa.selenium.By.tagName("tr")): null

2019-04-26 16:31:48 - [TEST_STEP][PASSED] - Statement - rows_count = rows_table.size(): null

2019-04-26 16:31:48 - [TEST_STEP][PASSED] - verifyGreaterThanOrEqual: Actual number '10' is greater than or equal to expected number '1'

2019-04-26 16:31:48 - [MESSAGE][PASSED] - Actual number '10' is greater than or equal to expected number '1'

2019-04-26 16:31:48 - [MESSAGE][PASSED] - Call Test Case 'Test Cases/Operational_Dashboard/135' successfully

2019-04-26 16:31:48 - [TEST_STEP][PASSED] - Statement - driver = com.kms.katalon.core.webui.driver.DriverFactory.getWebDriver(): null

2019-04-26 16:31:48 - [TEST_STEP][PASSED] - Statement - next = driver.findElement(org.openqa.selenium.By.xpath("//*[@id="ajax_data"]/ul/li[3]/a")): null

2019-04-26 16:31:48 - [TEST_STEP][PASSED] - Statement - next.click(): null

2019-04-26 16:31:48 - [TEST_STEP][PASSED] - delay: Delayed 5 second(s)

2019-04-26 16:31:53 - [MESSAGE][PASSED] - Delayed 5 second(s)

2019-04-26 16:31:54 - [TEST_STEP][PASSED] - scrollToPosition: Browser is scrolled to position x = 0, y = 0

2019-04-26 16:31:54 - [MESSAGE][PASSED] - Browser is scrolled to position x = 0, y = 0

2019-04-26 16:31:54 - [TEST_STEP][PASSED] - Statement - Table = driver.findElement(org.openqa.selenium.By.xpath("//table/tbody")): null

2019-04-26 16:31:54 - [TEST_STEP][PASSED] - Statement - rows_table = Table.findElements(org.openqa.selenium.By.tagName("tr")): null

2019-04-26 16:31:54 - [TEST_STEP][PASSED] - Statement - rows_count = rows_table.size(): null

2019-04-26 16:31:54 - [TEST_STEP][PASSED] - verifyGreaterThanOrEqual: Actual number '10' is greater than or equal to expected number '1'

2019-04-26 16:31:54 - [MESSAGE][PASSED] - Actual number '10' is greater than or equal to expected number '1'

2019-04-26 16:31:54 - [MESSAGE][PASSED] - Call Test Case 'Test Cases/Operational_Dashboard/136' successfully

2019-04-26 16:31:54 - [TEST_STEP][PASSED] - Statement - driver = com.kms.katalon.core.webui.driver.DriverFactory.getWebDriver(): null

2019-04-26 16:31:54 - [TEST_STEP][PASSED] - Statement - previous = driver.findElement(org.openqa.selenium.By.xpath("//*[@id="ajax_data"]/ul/li[1]/a")): null

2019-04-26 16:31:54 - [TEST_STEP][PASSED] - Statement - previous.click(): null

2019-04-26 16:31:54 - [TEST_STEP][PASSED] - delay: Delayed 5 second(s)

2019-04-26 16:31:59 - [MESSAGE][PASSED] - Delayed 5 second(s)

2019-04-26 16:31:59 - [TEST_STEP][PASSED] - Statement - Table = driver.findElement(org.openqa.selenium.By.xpath("//table/tbody")): null

2019-04-26 16:31:59 - [TEST_STEP][PASSED] - Statement - rows_table = Table.findElements(org.openqa.selenium.By.tagName("tr")): null

2019-04-26 16:31:59 - [TEST_STEP][PASSED] - Statement - rows_count = rows_table.size(): null

2019-04-26 16:31:59 - [TEST_STEP][PASSED] - verifyEqual: Actual object '10' and expected object '10' are equal

2019-04-26 16:31:59 - [MESSAGE][PASSED] - Actual object '10' and expected object '10' are equal]]></system-out>
         <system-err><![CDATA[]]></system-err>
      </testcase>
      <testcase name="Test Cases/Operational_Dashboard/138" classname="Test Cases/Operational_Dashboard/138" status="PASSED">
         <system-out><![CDATA[2019-04-26 16:31:59 - [TEST_CASE][PASSED] - Test Cases/Operational_Dashboard/138: Test Cases/Operational_Dashboard/138

2019-04-26 16:31:59 - [TEST_STEP][PASSED] - callTestCase: Call Test Case 'Test Cases/Operational_Dashboard/135' successfully

2019-04-26 16:31:59 - [TEST_CASE][PASSED] - Test Cases/Operational_Dashboard/135: Test Cases/Operational_Dashboard/135

2019-04-26 16:31:59 - [TEST_STEP][PASSED] - callTestCase: Call Test Case 'Test Cases/Operational_Dashboard/Login' successfully

2019-04-26 16:31:59 - [TEST_CASE][PASSED] - Test Cases/Operational_Dashboard/Login: Test Cases/Operational_Dashboard/Login

2019-04-26 16:31:59 - [TEST_STEP][PASSED] - callTestCase: Call Test Case 'Test Cases/s-sidebar_navigation/individualAccount/operationalDashboard' successfully

2019-04-26 16:32:00 - [TEST_CASE][PASSED] - Test Cases/s-sidebar_navigation/individualAccount/operationalDashboard: Test Cases/s-sidebar_navigation/individualAccount/operationalDashboard

2019-04-26 16:32:00 - [TEST_STEP][PASSED] - click: Object: 'Object Repository/Page_KiboEngage  Subscribers/span_Subscribers' is clicked on

2019-04-26 16:32:00 - [MESSAGE][PASSED] - Object: 'Object Repository/Page_KiboEngage  Subscribers/span_Subscribers' is clicked on

2019-04-26 16:32:00 - [TEST_STEP][PASSED] - click: Object: 'Object Repository/Page_KiboEngage  Subscribers/span_Operational Dashboard (1)' is clicked on

2019-04-26 16:32:00 - [MESSAGE][PASSED] - Object: 'Object Repository/Page_KiboEngage  Subscribers/span_Operational Dashboard (1)' is clicked on

2019-04-26 16:32:00 - [TEST_STEP][PASSED] - scrollToPosition: Browser is scrolled to position x = 0, y = 0

2019-04-26 16:32:00 - [MESSAGE][PASSED] - Browser is scrolled to position x = 0, y = 0

2019-04-26 16:32:00 - [TEST_STEP][PASSED] - delay: Delayed 2 second(s)

2019-04-26 16:32:02 - [MESSAGE][PASSED] - Delayed 2 second(s)

2019-04-26 16:32:02 - [TEST_STEP][PASSED] - click: Object: 'Object Repository/Page_KiboEngage  Operational Dashbo/h3_Pages Info (7)' is clicked on

2019-04-26 16:32:02 - [MESSAGE][PASSED] - Object: 'Object Repository/Page_KiboEngage  Operational Dashbo/h3_Pages Info (7)' is clicked on

2019-04-26 16:32:02 - [MESSAGE][PASSED] - Call Test Case 'Test Cases/s-sidebar_navigation/individualAccount/operationalDashboard' successfully

2019-04-26 16:32:02 - [MESSAGE][PASSED] - Call Test Case 'Test Cases/Operational_Dashboard/Login' successfully

2019-04-26 16:32:02 - [TEST_STEP][PASSED] - delay: Delayed 2 second(s)

2019-04-26 16:32:04 - [MESSAGE][PASSED] - Delayed 2 second(s)

2019-04-26 16:32:04 - [TEST_STEP][PASSED] - setText: Text 'cloudkibo1' is set on object 'Object Repository/Page_KiboEngage  Operational Dashbo/input_form-control m-input m-i'

2019-04-26 16:32:05 - [MESSAGE][PASSED] - Text 'cloudkibo1' is set on object 'Object Repository/Page_KiboEngage  Operational Dashbo/input_form-control m-input m-i'

2019-04-26 16:32:05 - [TEST_STEP][PASSED] - delay: Delayed 5 second(s)

2019-04-26 16:32:10 - [MESSAGE][PASSED] - Delayed 5 second(s)

2019-04-26 16:32:10 - [TEST_STEP][PASSED] - click: Object: 'Object Repository/Page_KiboEngage  Operational Dashbo/button_See more' is clicked on

2019-04-26 16:32:11 - [MESSAGE][PASSED] - Object: 'Object Repository/Page_KiboEngage  Operational Dashbo/button_See more' is clicked on

2019-04-26 16:32:11 - [TEST_STEP][PASSED] - delay: Delayed 1 second(s)

2019-04-26 16:32:12 - [MESSAGE][PASSED] - Delayed 1 second(s)

2019-04-26 16:32:12 - [TEST_STEP][PASSED] - scrollToPosition: Browser is scrolled to position x = 0, y = 0

2019-04-26 16:32:12 - [MESSAGE][PASSED] - Browser is scrolled to position x = 0, y = 0

2019-04-26 16:32:12 - [TEST_STEP][PASSED] - delay: Delayed 5 second(s)

2019-04-26 16:32:17 - [MESSAGE][PASSED] - Delayed 5 second(s)

2019-04-26 16:32:17 - [TEST_STEP][PASSED] - Statement - driver = com.kms.katalon.core.webui.driver.DriverFactory.getWebDriver(): null

2019-04-26 16:32:17 - [TEST_STEP][PASSED] - Statement - Table = driver.findElement(org.openqa.selenium.By.xpath("//table/tbody")): null

2019-04-26 16:32:17 - [TEST_STEP][PASSED] - Statement - rows_table = Table.findElements(org.openqa.selenium.By.tagName("tr")): null

2019-04-26 16:32:17 - [TEST_STEP][PASSED] - Statement - rows_count = rows_table.size(): null

2019-04-26 16:32:17 - [TEST_STEP][PASSED] - verifyGreaterThanOrEqual: Actual number '10' is greater than or equal to expected number '1'

2019-04-26 16:32:17 - [MESSAGE][PASSED] - Actual number '10' is greater than or equal to expected number '1'

2019-04-26 16:32:17 - [MESSAGE][PASSED] - Call Test Case 'Test Cases/Operational_Dashboard/135' successfully

2019-04-26 16:32:17 - [TEST_STEP][PASSED] - Statement - driver = com.kms.katalon.core.webui.driver.DriverFactory.getWebDriver(): null

2019-04-26 16:32:17 - [TEST_STEP][PASSED] - Statement - next = driver.findElement(org.openqa.selenium.By.xpath("//*[@id="ajax_data"]/ul/li[3]/a")): null

2019-04-26 16:32:17 - [TEST_STEP][PASSED] - Statement - next.click(): null

2019-04-26 16:32:17 - [TEST_STEP][PASSED] - delay: Delayed 5 second(s)

2019-04-26 16:32:22 - [MESSAGE][PASSED] - Delayed 5 second(s)

2019-04-26 16:32:22 - [TEST_STEP][PASSED] - Statement - Table = driver.findElement(org.openqa.selenium.By.xpath("//table/tbody")): null

2019-04-26 16:32:22 - [TEST_STEP][PASSED] - Statement - rows_table = Table.findElements(org.openqa.selenium.By.tagName("tr")): null

2019-04-26 16:32:22 - [TEST_STEP][PASSED] - Statement - rows_count = rows_table.size(): null

2019-04-26 16:32:22 - [TEST_STEP][PASSED] - verifyGreaterThanOrEqual: Actual number '10' is greater than or equal to expected number '1'

2019-04-26 16:32:22 - [MESSAGE][PASSED] - Actual number '10' is greater than or equal to expected number '1']]></system-out>
         <system-err><![CDATA[]]></system-err>
      </testcase>
      <testcase name="Test Cases/Operational_Dashboard/139" classname="Test Cases/Operational_Dashboard/139" status="FAILED">
         <failure type="FAILED" message="Unable to verify equal between actual object '10' and expected object '1' (Root cause: Actual object '10' and expected object '1' are not equal)"/>
         <system-out><![CDATA[2019-04-26 16:32:22 - [TEST_CASE][FAILED] - Test Cases/Operational_Dashboard/139: Test Cases/Operational_Dashboard/139 FAILED because (of) Unable to verify equal between actual object '10' and expected object '1' (Root cause: Actual object '10' and expected object '1' are not equal)

2019-04-26 16:32:22 - [TEST_STEP][PASSED] - callTestCase: Call Test Case 'Test Cases/Operational_Dashboard/Login' successfully

2019-04-26 16:32:22 - [TEST_CASE][PASSED] - Test Cases/Operational_Dashboard/Login: Test Cases/Operational_Dashboard/Login

2019-04-26 16:32:22 - [TEST_STEP][PASSED] - callTestCase: Call Test Case 'Test Cases/s-sidebar_navigation/individualAccount/operationalDashboard' successfully

2019-04-26 16:32:22 - [TEST_CASE][PASSED] - Test Cases/s-sidebar_navigation/individualAccount/operationalDashboard: Test Cases/s-sidebar_navigation/individualAccount/operationalDashboard

2019-04-26 16:32:22 - [TEST_STEP][PASSED] - click: Object: 'Object Repository/Page_KiboEngage  Subscribers/span_Subscribers' is clicked on

2019-04-26 16:32:23 - [MESSAGE][PASSED] - Object: 'Object Repository/Page_KiboEngage  Subscribers/span_Subscribers' is clicked on

2019-04-26 16:32:23 - [TEST_STEP][PASSED] - click: Object: 'Object Repository/Page_KiboEngage  Subscribers/span_Operational Dashboard (1)' is clicked on

2019-04-26 16:32:23 - [MESSAGE][PASSED] - Object: 'Object Repository/Page_KiboEngage  Subscribers/span_Operational Dashboard (1)' is clicked on

2019-04-26 16:32:23 - [TEST_STEP][PASSED] - scrollToPosition: Browser is scrolled to position x = 0, y = 0

2019-04-26 16:32:23 - [MESSAGE][PASSED] - Browser is scrolled to position x = 0, y = 0

2019-04-26 16:32:23 - [TEST_STEP][PASSED] - delay: Delayed 2 second(s)

2019-04-26 16:32:25 - [MESSAGE][PASSED] - Delayed 2 second(s)

2019-04-26 16:32:25 - [TEST_STEP][PASSED] - click: Object: 'Object Repository/Page_KiboEngage  Operational Dashbo/h3_Pages Info (7)' is clicked on

2019-04-26 16:32:25 - [MESSAGE][PASSED] - Object: 'Object Repository/Page_KiboEngage  Operational Dashbo/h3_Pages Info (7)' is clicked on

2019-04-26 16:32:25 - [MESSAGE][PASSED] - Call Test Case 'Test Cases/s-sidebar_navigation/individualAccount/operationalDashboard' successfully

2019-04-26 16:32:25 - [MESSAGE][PASSED] - Call Test Case 'Test Cases/Operational_Dashboard/Login' successfully

2019-04-26 16:32:25 - [TEST_STEP][PASSED] - delay: Delayed 5 second(s)

2019-04-26 16:32:30 - [MESSAGE][PASSED] - Delayed 5 second(s)

2019-04-26 16:32:30 - [TEST_STEP][PASSED] - setText: Text 'cloudkibo1' is set on object 'Object Repository/Page_KiboEngage  Operational Dashbo/input_form-control m-input m-i'

2019-04-26 16:32:31 - [MESSAGE][PASSED] - Text 'cloudkibo1' is set on object 'Object Repository/Page_KiboEngage  Operational Dashbo/input_form-control m-input m-i'

2019-04-26 16:32:31 - [TEST_STEP][PASSED] - delay: Delayed 5 second(s)

2019-04-26 16:32:36 - [MESSAGE][PASSED] - Delayed 5 second(s)

2019-04-26 16:32:36 - [TEST_STEP][PASSED] - click: Object: 'Object Repository/Page_KiboEngage  Operational Dashbo/button_See more' is clicked on

2019-04-26 16:32:36 - [MESSAGE][PASSED] - Object: 'Object Repository/Page_KiboEngage  Operational Dashbo/button_See more' is clicked on

2019-04-26 16:32:36 - [TEST_STEP][PASSED] - delay: Delayed 1 second(s)

2019-04-26 16:32:37 - [MESSAGE][PASSED] - Delayed 1 second(s)

2019-04-26 16:32:37 - [TEST_STEP][PASSED] - scrollToPosition: Browser is scrolled to position x = 0, y = 0

2019-04-26 16:32:37 - [MESSAGE][PASSED] - Browser is scrolled to position x = 0, y = 0

2019-04-26 16:32:37 - [TEST_STEP][PASSED] - Statement - driver = com.kms.katalon.core.webui.driver.DriverFactory.getWebDriver(): null

2019-04-26 16:32:37 - [TEST_STEP][PASSED] - Statement - input_search_page = driver.findElement(org.openqa.selenium.By.xpath("//*[@id="content"]/div/div/div/div[2]/div[3]/div[1]/div/div/div[2]/div/div/div[1]/input")): null

2019-04-26 16:32:37 - [TEST_STEP][PASSED] - Statement - input_search_page.sendKeys("test2"): null

2019-04-26 16:32:38 - [TEST_STEP][PASSED] - delay: Delayed 5 second(s)

2019-04-26 16:32:43 - [MESSAGE][PASSED] - Delayed 5 second(s)

2019-04-26 16:32:43 - [TEST_STEP][PASSED] - Statement - Table = driver.findElement(org.openqa.selenium.By.xpath("//table/tbody")): null

2019-04-26 16:32:43 - [TEST_STEP][PASSED] - Statement - rows_table = Table.findElements(org.openqa.selenium.By.tagName("tr")): null

2019-04-26 16:32:43 - [TEST_STEP][PASSED] - Statement - rows_count = rows_table.size(): null

2019-04-26 16:32:43 - [TEST_STEP][FAILED] - verifyEqual: Unable to verify equal between actual object '10' and expected object '1' (Root cause: Actual object '10' and expected object '1' are not equal)

2019-04-26 16:32:43 - [MESSAGE][FAILED] - Unable to verify equal between actual object '10' and expected object '1' (Root cause: Actual object '10' and expected object '1' are not equal)]]></system-out>
         <system-err><![CDATA[2019-04-26 16:32:22 - [TEST_CASE][FAILED] - Test Cases/Operational_Dashboard/139: Test Cases/Operational_Dashboard/139 FAILED because (of) Unable to verify equal between actual object '10' and expected object '1' (Root cause: Actual object '10' and expected object '1' are not equal)]]></system-err>
      </testcase>
      <testcase name="Test Cases/Operational_Dashboard/141" classname="Test Cases/Operational_Dashboard/141" status="PASSED">
         <system-out><![CDATA[2019-04-26 16:32:43 - [TEST_CASE][PASSED] - Test Cases/Operational_Dashboard/141: Test Cases/Operational_Dashboard/141

2019-04-26 16:32:43 - [TEST_STEP][PASSED] - callTestCase: Call Test Case 'Test Cases/Operational_Dashboard/Login' successfully

2019-04-26 16:32:43 - [TEST_CASE][PASSED] - Test Cases/Operational_Dashboard/Login: Test Cases/Operational_Dashboard/Login

2019-04-26 16:32:43 - [TEST_STEP][PASSED] - callTestCase: Call Test Case 'Test Cases/s-sidebar_navigation/individualAccount/operationalDashboard' successfully

2019-04-26 16:32:43 - [TEST_CASE][PASSED] - Test Cases/s-sidebar_navigation/individualAccount/operationalDashboard: Test Cases/s-sidebar_navigation/individualAccount/operationalDashboard

2019-04-26 16:32:43 - [TEST_STEP][PASSED] - click: Object: 'Object Repository/Page_KiboEngage  Subscribers/span_Subscribers' is clicked on

2019-04-26 16:32:43 - [MESSAGE][PASSED] - Object: 'Object Repository/Page_KiboEngage  Subscribers/span_Subscribers' is clicked on

2019-04-26 16:32:43 - [TEST_STEP][PASSED] - click: Object: 'Object Repository/Page_KiboEngage  Subscribers/span_Operational Dashboard (1)' is clicked on

2019-04-26 16:32:44 - [MESSAGE][PASSED] - Object: 'Object Repository/Page_KiboEngage  Subscribers/span_Operational Dashboard (1)' is clicked on

2019-04-26 16:32:44 - [TEST_STEP][PASSED] - scrollToPosition: Browser is scrolled to position x = 0, y = 0

2019-04-26 16:32:44 - [MESSAGE][PASSED] - Browser is scrolled to position x = 0, y = 0

2019-04-26 16:32:44 - [TEST_STEP][PASSED] - delay: Delayed 2 second(s)

2019-04-26 16:32:46 - [MESSAGE][PASSED] - Delayed 2 second(s)

2019-04-26 16:32:46 - [TEST_STEP][PASSED] - click: Object: 'Object Repository/Page_KiboEngage  Operational Dashbo/h3_Pages Info (7)' is clicked on

2019-04-26 16:32:46 - [MESSAGE][PASSED] - Object: 'Object Repository/Page_KiboEngage  Operational Dashbo/h3_Pages Info (7)' is clicked on

2019-04-26 16:32:46 - [MESSAGE][PASSED] - Call Test Case 'Test Cases/s-sidebar_navigation/individualAccount/operationalDashboard' successfully

2019-04-26 16:32:46 - [MESSAGE][PASSED] - Call Test Case 'Test Cases/Operational_Dashboard/Login' successfully

2019-04-26 16:32:46 - [TEST_STEP][PASSED] - delay: Delayed 2 second(s)

2019-04-26 16:32:48 - [MESSAGE][PASSED] - Delayed 2 second(s)

2019-04-26 16:32:48 - [TEST_STEP][PASSED] - setText: Text 'cloudkibo1' is set on object 'Object Repository/Page_KiboEngage  Operational Dashbo/input_form-control m-input m-i'

2019-04-26 16:32:49 - [MESSAGE][PASSED] - Text 'cloudkibo1' is set on object 'Object Repository/Page_KiboEngage  Operational Dashbo/input_form-control m-input m-i'

2019-04-26 16:32:49 - [TEST_STEP][PASSED] - delay: Delayed 5 second(s)

2019-04-26 16:32:54 - [MESSAGE][PASSED] - Delayed 5 second(s)

2019-04-26 16:32:54 - [TEST_STEP][PASSED] - click: Object: 'Object Repository/Page_KiboEngage  Operational Dashbo/button_See more' is clicked on

2019-04-26 16:32:54 - [MESSAGE][PASSED] - Object: 'Object Repository/Page_KiboEngage  Operational Dashbo/button_See more' is clicked on

2019-04-26 16:32:54 - [TEST_STEP][PASSED] - delay: Delayed 1 second(s)

2019-04-26 16:32:55 - [MESSAGE][PASSED] - Delayed 1 second(s)

2019-04-26 16:32:55 - [TEST_STEP][PASSED] - scrollToPosition: Browser is scrolled to position x = 0, y = 0

2019-04-26 16:32:55 - [MESSAGE][PASSED] - Browser is scrolled to position x = 0, y = 0

2019-04-26 16:32:55 - [TEST_STEP][PASSED] - delay: Delayed 5 second(s)

2019-04-26 16:33:00 - [MESSAGE][PASSED] - Delayed 5 second(s)

2019-04-26 16:33:00 - [TEST_STEP][PASSED] - Statement - driver = com.kms.katalon.core.webui.driver.DriverFactory.getWebDriver(): null

2019-04-26 16:33:00 - [TEST_STEP][PASSED] - Statement - rows_table = driver.findElements(org.openqa.selenium.By.xpath("//*[@id="content"]/div/div/div/div[2]/div[3]/div[2]/div/div/div[2]/div/div/div[2]/table/tbody/tr")): null

2019-04-26 16:33:00 - [TEST_STEP][PASSED] - Statement - rows_count = rows_table.size(): null

2019-04-26 16:33:00 - [TEST_STEP][PASSED] - verifyGreaterThanOrEqual: Actual number '10' is greater than or equal to expected number '1'

2019-04-26 16:33:00 - [MESSAGE][PASSED] - Actual number '10' is greater than or equal to expected number '1']]></system-out>
         <system-err><![CDATA[]]></system-err>
      </testcase>
      <testcase name="Test Cases/Operational_Dashboard/142" classname="Test Cases/Operational_Dashboard/142" status="PASSED">
         <system-out><![CDATA[2019-04-26 16:33:00 - [TEST_CASE][PASSED] - Test Cases/Operational_Dashboard/142: Test Cases/Operational_Dashboard/142

2019-04-26 16:33:00 - [TEST_STEP][PASSED] - callTestCase: Call Test Case 'Test Cases/Operational_Dashboard/141' successfully

2019-04-26 16:33:00 - [TEST_CASE][PASSED] - Test Cases/Operational_Dashboard/141: Test Cases/Operational_Dashboard/141

2019-04-26 16:33:00 - [TEST_STEP][PASSED] - callTestCase: Call Test Case 'Test Cases/Operational_Dashboard/Login' successfully

2019-04-26 16:33:00 - [TEST_CASE][PASSED] - Test Cases/Operational_Dashboard/Login: Test Cases/Operational_Dashboard/Login

2019-04-26 16:33:00 - [TEST_STEP][PASSED] - callTestCase: Call Test Case 'Test Cases/s-sidebar_navigation/individualAccount/operationalDashboard' successfully

2019-04-26 16:33:00 - [TEST_CASE][PASSED] - Test Cases/s-sidebar_navigation/individualAccount/operationalDashboard: Test Cases/s-sidebar_navigation/individualAccount/operationalDashboard

2019-04-26 16:33:00 - [TEST_STEP][PASSED] - click: Object: 'Object Repository/Page_KiboEngage  Subscribers/span_Subscribers' is clicked on

2019-04-26 16:33:01 - [MESSAGE][PASSED] - Object: 'Object Repository/Page_KiboEngage  Subscribers/span_Subscribers' is clicked on

2019-04-26 16:33:01 - [TEST_STEP][PASSED] - click: Object: 'Object Repository/Page_KiboEngage  Subscribers/span_Operational Dashboard (1)' is clicked on

2019-04-26 16:33:01 - [MESSAGE][PASSED] - Object: 'Object Repository/Page_KiboEngage  Subscribers/span_Operational Dashboard (1)' is clicked on

2019-04-26 16:33:01 - [TEST_STEP][PASSED] - scrollToPosition: Browser is scrolled to position x = 0, y = 0

2019-04-26 16:33:01 - [MESSAGE][PASSED] - Browser is scrolled to position x = 0, y = 0

2019-04-26 16:33:01 - [TEST_STEP][PASSED] - delay: Delayed 2 second(s)

2019-04-26 16:33:03 - [MESSAGE][PASSED] - Delayed 2 second(s)

2019-04-26 16:33:03 - [TEST_STEP][PASSED] - click: Object: 'Object Repository/Page_KiboEngage  Operational Dashbo/h3_Pages Info (7)' is clicked on

2019-04-26 16:33:04 - [MESSAGE][PASSED] - Object: 'Object Repository/Page_KiboEngage  Operational Dashbo/h3_Pages Info (7)' is clicked on

2019-04-26 16:33:04 - [MESSAGE][PASSED] - Call Test Case 'Test Cases/s-sidebar_navigation/individualAccount/operationalDashboard' successfully

2019-04-26 16:33:04 - [MESSAGE][PASSED] - Call Test Case 'Test Cases/Operational_Dashboard/Login' successfully

2019-04-26 16:33:04 - [TEST_STEP][PASSED] - delay: Delayed 2 second(s)

2019-04-26 16:33:06 - [MESSAGE][PASSED] - Delayed 2 second(s)

2019-04-26 16:33:06 - [TEST_STEP][PASSED] - setText: Text 'cloudkibo1' is set on object 'Object Repository/Page_KiboEngage  Operational Dashbo/input_form-control m-input m-i'

2019-04-26 16:33:07 - [MESSAGE][PASSED] - Text 'cloudkibo1' is set on object 'Object Repository/Page_KiboEngage  Operational Dashbo/input_form-control m-input m-i'

2019-04-26 16:33:07 - [TEST_STEP][PASSED] - delay: Delayed 5 second(s)

2019-04-26 16:33:12 - [MESSAGE][PASSED] - Delayed 5 second(s)

2019-04-26 16:33:12 - [TEST_STEP][PASSED] - click: Object: 'Object Repository/Page_KiboEngage  Operational Dashbo/button_See more' is clicked on

2019-04-26 16:33:12 - [MESSAGE][PASSED] - Object: 'Object Repository/Page_KiboEngage  Operational Dashbo/button_See more' is clicked on

2019-04-26 16:33:12 - [TEST_STEP][PASSED] - delay: Delayed 1 second(s)

2019-04-26 16:33:13 - [MESSAGE][PASSED] - Delayed 1 second(s)

2019-04-26 16:33:13 - [TEST_STEP][PASSED] - scrollToPosition: Browser is scrolled to position x = 0, y = 0

2019-04-26 16:33:13 - [MESSAGE][PASSED] - Browser is scrolled to position x = 0, y = 0

2019-04-26 16:33:13 - [TEST_STEP][PASSED] - delay: Delayed 5 second(s)

2019-04-26 16:33:18 - [MESSAGE][PASSED] - Delayed 5 second(s)

2019-04-26 16:33:18 - [TEST_STEP][PASSED] - Statement - driver = com.kms.katalon.core.webui.driver.DriverFactory.getWebDriver(): null

2019-04-26 16:33:18 - [TEST_STEP][PASSED] - Statement - rows_table = driver.findElements(org.openqa.selenium.By.xpath("//*[@id="content"]/div/div/div/div[2]/div[3]/div[2]/div/div/div[2]/div/div/div[2]/table/tbody/tr")): null

2019-04-26 16:33:18 - [TEST_STEP][PASSED] - Statement - rows_count = rows_table.size(): null

2019-04-26 16:33:18 - [TEST_STEP][PASSED] - verifyGreaterThanOrEqual: Actual number '10' is greater than or equal to expected number '1'

2019-04-26 16:33:18 - [MESSAGE][PASSED] - Actual number '10' is greater than or equal to expected number '1'

2019-04-26 16:33:18 - [MESSAGE][PASSED] - Call Test Case 'Test Cases/Operational_Dashboard/141' successfully

2019-04-26 16:33:18 - [TEST_STEP][PASSED] - Statement - driver = com.kms.katalon.core.webui.driver.DriverFactory.getWebDriver(): null

2019-04-26 16:33:18 - [TEST_STEP][PASSED] - Statement - next = driver.findElement(org.openqa.selenium.By.xpath("//*[@id="content"]/div/div/div/div[2]/div[3]/div[2]/div/div/div[2]/div/div/div[2]/ul/li[3]/a")): null

2019-04-26 16:33:18 - [TEST_STEP][PASSED] - Statement - next.click(): null

2019-04-26 16:33:18 - [TEST_STEP][PASSED] - delay: Delayed 5 second(s)

2019-04-26 16:33:23 - [MESSAGE][PASSED] - Delayed 5 second(s)

2019-04-26 16:33:23 - [TEST_STEP][PASSED] - Statement - rows_table = driver.findElements(org.openqa.selenium.By.xpath("//*[@id="content"]/div/div/div/div[2]/div[3]/div[2]/div/div/div[2]/div/div/div[2]/table/tbody/tr")): null

2019-04-26 16:33:23 - [TEST_STEP][PASSED] - Statement - rows_count = rows_table.size(): null

2019-04-26 16:33:23 - [TEST_STEP][PASSED] - verifyGreaterThanOrEqual: Actual number '10' is greater than or equal to expected number '1'

2019-04-26 16:33:23 - [MESSAGE][PASSED] - Actual number '10' is greater than or equal to expected number '1']]></system-out>
         <system-err><![CDATA[]]></system-err>
      </testcase>
      <testcase name="Test Cases/Operational_Dashboard/143" classname="Test Cases/Operational_Dashboard/143" status="PASSED">
         <system-out><![CDATA[2019-04-26 16:33:23 - [TEST_CASE][PASSED] - Test Cases/Operational_Dashboard/143: Test Cases/Operational_Dashboard/143

2019-04-26 16:33:23 - [TEST_STEP][PASSED] - callTestCase: Call Test Case 'Test Cases/Operational_Dashboard/142' successfully

2019-04-26 16:33:23 - [TEST_CASE][PASSED] - Test Cases/Operational_Dashboard/142: Test Cases/Operational_Dashboard/142

2019-04-26 16:33:23 - [TEST_STEP][PASSED] - callTestCase: Call Test Case 'Test Cases/Operational_Dashboard/141' successfully

2019-04-26 16:33:23 - [TEST_CASE][PASSED] - Test Cases/Operational_Dashboard/141: Test Cases/Operational_Dashboard/141

2019-04-26 16:33:23 - [TEST_STEP][PASSED] - callTestCase: Call Test Case 'Test Cases/Operational_Dashboard/Login' successfully

2019-04-26 16:33:24 - [TEST_CASE][PASSED] - Test Cases/Operational_Dashboard/Login: Test Cases/Operational_Dashboard/Login

2019-04-26 16:33:24 - [TEST_STEP][PASSED] - callTestCase: Call Test Case 'Test Cases/s-sidebar_navigation/individualAccount/operationalDashboard' successfully

2019-04-26 16:33:24 - [TEST_CASE][PASSED] - Test Cases/s-sidebar_navigation/individualAccount/operationalDashboard: Test Cases/s-sidebar_navigation/individualAccount/operationalDashboard

2019-04-26 16:33:24 - [TEST_STEP][PASSED] - click: Object: 'Object Repository/Page_KiboEngage  Subscribers/span_Subscribers' is clicked on

2019-04-26 16:33:24 - [MESSAGE][PASSED] - Object: 'Object Repository/Page_KiboEngage  Subscribers/span_Subscribers' is clicked on

2019-04-26 16:33:24 - [TEST_STEP][PASSED] - click: Object: 'Object Repository/Page_KiboEngage  Subscribers/span_Operational Dashboard (1)' is clicked on

2019-04-26 16:33:24 - [MESSAGE][PASSED] - Object: 'Object Repository/Page_KiboEngage  Subscribers/span_Operational Dashboard (1)' is clicked on

2019-04-26 16:33:24 - [TEST_STEP][PASSED] - scrollToPosition: Browser is scrolled to position x = 0, y = 0

2019-04-26 16:33:24 - [MESSAGE][PASSED] - Browser is scrolled to position x = 0, y = 0

2019-04-26 16:33:24 - [TEST_STEP][PASSED] - delay: Delayed 2 second(s)

2019-04-26 16:33:26 - [MESSAGE][PASSED] - Delayed 2 second(s)

2019-04-26 16:33:26 - [TEST_STEP][PASSED] - click: Object: 'Object Repository/Page_KiboEngage  Operational Dashbo/h3_Pages Info (7)' is clicked on

2019-04-26 16:33:27 - [MESSAGE][PASSED] - Object: 'Object Repository/Page_KiboEngage  Operational Dashbo/h3_Pages Info (7)' is clicked on

2019-04-26 16:33:27 - [MESSAGE][PASSED] - Call Test Case 'Test Cases/s-sidebar_navigation/individualAccount/operationalDashboard' successfully

2019-04-26 16:33:27 - [MESSAGE][PASSED] - Call Test Case 'Test Cases/Operational_Dashboard/Login' successfully

2019-04-26 16:33:27 - [TEST_STEP][PASSED] - delay: Delayed 2 second(s)

2019-04-26 16:33:29 - [MESSAGE][PASSED] - Delayed 2 second(s)

2019-04-26 16:33:29 - [TEST_STEP][PASSED] - setText: Text 'cloudkibo1' is set on object 'Object Repository/Page_KiboEngage  Operational Dashbo/input_form-control m-input m-i'

2019-04-26 16:33:29 - [MESSAGE][PASSED] - Text 'cloudkibo1' is set on object 'Object Repository/Page_KiboEngage  Operational Dashbo/input_form-control m-input m-i'

2019-04-26 16:33:29 - [TEST_STEP][PASSED] - delay: Delayed 5 second(s)

2019-04-26 16:33:34 - [MESSAGE][PASSED] - Delayed 5 second(s)

2019-04-26 16:33:34 - [TEST_STEP][PASSED] - click: Object: 'Object Repository/Page_KiboEngage  Operational Dashbo/button_See more' is clicked on

2019-04-26 16:33:35 - [MESSAGE][PASSED] - Object: 'Object Repository/Page_KiboEngage  Operational Dashbo/button_See more' is clicked on

2019-04-26 16:33:35 - [TEST_STEP][PASSED] - delay: Delayed 1 second(s)

2019-04-26 16:33:36 - [MESSAGE][PASSED] - Delayed 1 second(s)

2019-04-26 16:33:36 - [TEST_STEP][PASSED] - scrollToPosition: Browser is scrolled to position x = 0, y = 0

2019-04-26 16:33:36 - [MESSAGE][PASSED] - Browser is scrolled to position x = 0, y = 0

2019-04-26 16:33:36 - [TEST_STEP][PASSED] - delay: Delayed 5 second(s)

2019-04-26 16:33:41 - [MESSAGE][PASSED] - Delayed 5 second(s)

2019-04-26 16:33:41 - [TEST_STEP][PASSED] - Statement - driver = com.kms.katalon.core.webui.driver.DriverFactory.getWebDriver(): null

2019-04-26 16:33:41 - [TEST_STEP][PASSED] - Statement - rows_table = driver.findElements(org.openqa.selenium.By.xpath("//*[@id="content"]/div/div/div/div[2]/div[3]/div[2]/div/div/div[2]/div/div/div[2]/table/tbody/tr")): null

2019-04-26 16:33:41 - [TEST_STEP][PASSED] - Statement - rows_count = rows_table.size(): null

2019-04-26 16:33:41 - [TEST_STEP][PASSED] - verifyGreaterThanOrEqual: Actual number '10' is greater than or equal to expected number '1'

2019-04-26 16:33:41 - [MESSAGE][PASSED] - Actual number '10' is greater than or equal to expected number '1'

2019-04-26 16:33:41 - [MESSAGE][PASSED] - Call Test Case 'Test Cases/Operational_Dashboard/141' successfully

2019-04-26 16:33:41 - [TEST_STEP][PASSED] - Statement - driver = com.kms.katalon.core.webui.driver.DriverFactory.getWebDriver(): null

2019-04-26 16:33:41 - [TEST_STEP][PASSED] - Statement - next = driver.findElement(org.openqa.selenium.By.xpath("//*[@id="content"]/div/div/div/div[2]/div[3]/div[2]/div/div/div[2]/div/div/div[2]/ul/li[3]/a")): null

2019-04-26 16:33:41 - [TEST_STEP][PASSED] - Statement - next.click(): null

2019-04-26 16:33:41 - [TEST_STEP][PASSED] - delay: Delayed 5 second(s)

2019-04-26 16:33:46 - [MESSAGE][PASSED] - Delayed 5 second(s)

2019-04-26 16:33:46 - [TEST_STEP][PASSED] - Statement - rows_table = driver.findElements(org.openqa.selenium.By.xpath("//*[@id="content"]/div/div/div/div[2]/div[3]/div[2]/div/div/div[2]/div/div/div[2]/table/tbody/tr")): null

2019-04-26 16:33:46 - [TEST_STEP][PASSED] - Statement - rows_count = rows_table.size(): null

2019-04-26 16:33:46 - [TEST_STEP][PASSED] - verifyGreaterThanOrEqual: Actual number '10' is greater than or equal to expected number '1'

2019-04-26 16:33:46 - [MESSAGE][PASSED] - Actual number '10' is greater than or equal to expected number '1'

2019-04-26 16:33:46 - [MESSAGE][PASSED] - Call Test Case 'Test Cases/Operational_Dashboard/142' successfully

2019-04-26 16:33:46 - [TEST_STEP][PASSED] - Statement - driver = com.kms.katalon.core.webui.driver.DriverFactory.getWebDriver(): null

2019-04-26 16:33:46 - [TEST_STEP][PASSED] - Statement - previous = driver.findElement(org.openqa.selenium.By.xpath("//*[@id="content"]/div/div/div/div[2]/div[3]/div[2]/div/div/div[2]/div/div/div[2]/ul/li[1]/a")): null

2019-04-26 16:33:46 - [TEST_STEP][PASSED] - Statement - previous.click(): null

2019-04-26 16:33:46 - [TEST_STEP][PASSED] - delay: Delayed 5 second(s)

2019-04-26 16:33:51 - [MESSAGE][PASSED] - Delayed 5 second(s)

2019-04-26 16:33:51 - [TEST_STEP][PASSED] - Statement - rows_table = driver.findElements(org.openqa.selenium.By.xpath("//*[@id="content"]/div/div/div/div[2]/div[3]/div[2]/div/div/div[2]/div/div/div[2]/table/tbody/tr")): null

2019-04-26 16:33:51 - [TEST_STEP][PASSED] - Statement - rows_count = rows_table.size(): null

2019-04-26 16:33:51 - [TEST_STEP][PASSED] - verifyEqual: Actual object '10' and expected object '10' are equal

2019-04-26 16:33:51 - [MESSAGE][PASSED] - Actual object '10' and expected object '10' are equal]]></system-out>
         <system-err><![CDATA[]]></system-err>
      </testcase>
      <testcase name="Test Cases/Operational_Dashboard/144" classname="Test Cases/Operational_Dashboard/144" status="PASSED">
         <system-out><![CDATA[2019-04-26 16:33:51 - [TEST_CASE][PASSED] - Test Cases/Operational_Dashboard/144: Test Cases/Operational_Dashboard/144

2019-04-26 16:33:52 - [TEST_STEP][PASSED] - callTestCase: Call Test Case 'Test Cases/Operational_Dashboard/141' successfully

2019-04-26 16:33:52 - [TEST_CASE][PASSED] - Test Cases/Operational_Dashboard/141: Test Cases/Operational_Dashboard/141

2019-04-26 16:33:52 - [TEST_STEP][PASSED] - callTestCase: Call Test Case 'Test Cases/Operational_Dashboard/Login' successfully

2019-04-26 16:33:52 - [TEST_CASE][PASSED] - Test Cases/Operational_Dashboard/Login: Test Cases/Operational_Dashboard/Login

2019-04-26 16:33:52 - [TEST_STEP][PASSED] - callTestCase: Call Test Case 'Test Cases/s-sidebar_navigation/individualAccount/operationalDashboard' successfully

2019-04-26 16:33:52 - [TEST_CASE][PASSED] - Test Cases/s-sidebar_navigation/individualAccount/operationalDashboard: Test Cases/s-sidebar_navigation/individualAccount/operationalDashboard

2019-04-26 16:33:52 - [TEST_STEP][PASSED] - click: Object: 'Object Repository/Page_KiboEngage  Subscribers/span_Subscribers' is clicked on

2019-04-26 16:33:52 - [MESSAGE][PASSED] - Object: 'Object Repository/Page_KiboEngage  Subscribers/span_Subscribers' is clicked on

2019-04-26 16:33:52 - [TEST_STEP][PASSED] - click: Object: 'Object Repository/Page_KiboEngage  Subscribers/span_Operational Dashboard (1)' is clicked on

2019-04-26 16:33:53 - [MESSAGE][PASSED] - Object: 'Object Repository/Page_KiboEngage  Subscribers/span_Operational Dashboard (1)' is clicked on

2019-04-26 16:33:53 - [TEST_STEP][PASSED] - scrollToPosition: Browser is scrolled to position x = 0, y = 0

2019-04-26 16:33:53 - [MESSAGE][PASSED] - Browser is scrolled to position x = 0, y = 0

2019-04-26 16:33:53 - [TEST_STEP][PASSED] - delay: Delayed 2 second(s)

2019-04-26 16:33:55 - [MESSAGE][PASSED] - Delayed 2 second(s)

2019-04-26 16:33:55 - [TEST_STEP][PASSED] - click: Object: 'Object Repository/Page_KiboEngage  Operational Dashbo/h3_Pages Info (7)' is clicked on

2019-04-26 16:33:55 - [MESSAGE][PASSED] - Object: 'Object Repository/Page_KiboEngage  Operational Dashbo/h3_Pages Info (7)' is clicked on

2019-04-26 16:33:55 - [MESSAGE][PASSED] - Call Test Case 'Test Cases/s-sidebar_navigation/individualAccount/operationalDashboard' successfully

2019-04-26 16:33:55 - [MESSAGE][PASSED] - Call Test Case 'Test Cases/Operational_Dashboard/Login' successfully

2019-04-26 16:33:55 - [TEST_STEP][PASSED] - delay: Delayed 2 second(s)

2019-04-26 16:33:57 - [MESSAGE][PASSED] - Delayed 2 second(s)

2019-04-26 16:33:57 - [TEST_STEP][PASSED] - setText: Text 'cloudkibo1' is set on object 'Object Repository/Page_KiboEngage  Operational Dashbo/input_form-control m-input m-i'

2019-04-26 16:33:58 - [MESSAGE][PASSED] - Text 'cloudkibo1' is set on object 'Object Repository/Page_KiboEngage  Operational Dashbo/input_form-control m-input m-i'

2019-04-26 16:33:58 - [TEST_STEP][PASSED] - delay: Delayed 5 second(s)

2019-04-26 16:34:03 - [MESSAGE][PASSED] - Delayed 5 second(s)

2019-04-26 16:34:03 - [TEST_STEP][PASSED] - click: Object: 'Object Repository/Page_KiboEngage  Operational Dashbo/button_See more' is clicked on

2019-04-26 16:34:03 - [MESSAGE][PASSED] - Object: 'Object Repository/Page_KiboEngage  Operational Dashbo/button_See more' is clicked on

2019-04-26 16:34:03 - [TEST_STEP][PASSED] - delay: Delayed 1 second(s)

2019-04-26 16:34:04 - [MESSAGE][PASSED] - Delayed 1 second(s)

2019-04-26 16:34:04 - [TEST_STEP][PASSED] - scrollToPosition: Browser is scrolled to position x = 0, y = 0

2019-04-26 16:34:04 - [MESSAGE][PASSED] - Browser is scrolled to position x = 0, y = 0

2019-04-26 16:34:04 - [TEST_STEP][PASSED] - delay: Delayed 5 second(s)

2019-04-26 16:34:09 - [MESSAGE][PASSED] - Delayed 5 second(s)

2019-04-26 16:34:09 - [TEST_STEP][PASSED] - Statement - driver = com.kms.katalon.core.webui.driver.DriverFactory.getWebDriver(): null

2019-04-26 16:34:09 - [TEST_STEP][PASSED] - Statement - rows_table = driver.findElements(org.openqa.selenium.By.xpath("//*[@id="content"]/div/div/div/div[2]/div[3]/div[2]/div/div/div[2]/div/div/div[2]/table/tbody/tr")): null

2019-04-26 16:34:09 - [TEST_STEP][PASSED] - Statement - rows_count = rows_table.size(): null

2019-04-26 16:34:09 - [TEST_STEP][PASSED] - verifyGreaterThanOrEqual: Actual number '10' is greater than or equal to expected number '1'

2019-04-26 16:34:09 - [MESSAGE][PASSED] - Actual number '10' is greater than or equal to expected number '1'

2019-04-26 16:34:09 - [MESSAGE][PASSED] - Call Test Case 'Test Cases/Operational_Dashboard/141' successfully

2019-04-26 16:34:09 - [TEST_STEP][PASSED] - Statement - driver = com.kms.katalon.core.webui.driver.DriverFactory.getWebDriver(): null

2019-04-26 16:34:09 - [TEST_STEP][PASSED] - Statement - next = driver.findElement(org.openqa.selenium.By.xpath("//*[@id="content"]/div/div/div/div[2]/div[3]/div[2]/div/div/div[2]/div/div/div[2]/ul/li[3]/a")): null

2019-04-26 16:34:10 - [TEST_STEP][PASSED] - Statement - next.click(): null

2019-04-26 16:34:10 - [TEST_STEP][PASSED] - delay: Delayed 5 second(s)

2019-04-26 16:34:15 - [MESSAGE][PASSED] - Delayed 5 second(s)

2019-04-26 16:34:15 - [TEST_STEP][PASSED] - Statement - rows_table = driver.findElements(org.openqa.selenium.By.xpath("//*[@id="content"]/div/div/div/div[2]/div[3]/div[2]/div/div/div[2]/div/div/div[2]/table/tbody/tr")): null

2019-04-26 16:34:15 - [TEST_STEP][PASSED] - Statement - rows_count = rows_table.size(): null

2019-04-26 16:34:15 - [TEST_STEP][PASSED] - verifyGreaterThanOrEqual: Actual number '10' is greater than or equal to expected number '1'

2019-04-26 16:34:15 - [MESSAGE][PASSED] - Actual number '10' is greater than or equal to expected number '1']]></system-out>
         <system-err><![CDATA[]]></system-err>
      </testcase>
      <testcase name="Test Cases/Operational_Dashboard/145" classname="Test Cases/Operational_Dashboard/145" status="PASSED">
         <system-out><![CDATA[2019-04-26 16:34:15 - [TEST_CASE][PASSED] - Test Cases/Operational_Dashboard/145: Test Cases/Operational_Dashboard/145

2019-04-26 16:34:15 - [TEST_STEP][PASSED] - callTestCase: Call Test Case 'Test Cases/Operational_Dashboard/141' successfully

2019-04-26 16:34:15 - [TEST_CASE][PASSED] - Test Cases/Operational_Dashboard/141: Test Cases/Operational_Dashboard/141

2019-04-26 16:34:15 - [TEST_STEP][PASSED] - callTestCase: Call Test Case 'Test Cases/Operational_Dashboard/Login' successfully

2019-04-26 16:34:15 - [TEST_CASE][PASSED] - Test Cases/Operational_Dashboard/Login: Test Cases/Operational_Dashboard/Login

2019-04-26 16:34:15 - [TEST_STEP][PASSED] - callTestCase: Call Test Case 'Test Cases/s-sidebar_navigation/individualAccount/operationalDashboard' successfully

2019-04-26 16:34:15 - [TEST_CASE][PASSED] - Test Cases/s-sidebar_navigation/individualAccount/operationalDashboard: Test Cases/s-sidebar_navigation/individualAccount/operationalDashboard

2019-04-26 16:34:15 - [TEST_STEP][PASSED] - click: Object: 'Object Repository/Page_KiboEngage  Subscribers/span_Subscribers' is clicked on

2019-04-26 16:34:16 - [MESSAGE][PASSED] - Object: 'Object Repository/Page_KiboEngage  Subscribers/span_Subscribers' is clicked on

2019-04-26 16:34:16 - [TEST_STEP][PASSED] - click: Object: 'Object Repository/Page_KiboEngage  Subscribers/span_Operational Dashboard (1)' is clicked on

2019-04-26 16:34:16 - [MESSAGE][PASSED] - Object: 'Object Repository/Page_KiboEngage  Subscribers/span_Operational Dashboard (1)' is clicked on

2019-04-26 16:34:16 - [TEST_STEP][PASSED] - scrollToPosition: Browser is scrolled to position x = 0, y = 0

2019-04-26 16:34:16 - [MESSAGE][PASSED] - Browser is scrolled to position x = 0, y = 0

2019-04-26 16:34:16 - [TEST_STEP][PASSED] - delay: Delayed 2 second(s)

2019-04-26 16:34:18 - [MESSAGE][PASSED] - Delayed 2 second(s)

2019-04-26 16:34:18 - [TEST_STEP][PASSED] - click: Object: 'Object Repository/Page_KiboEngage  Operational Dashbo/h3_Pages Info (7)' is clicked on

2019-04-26 16:34:19 - [MESSAGE][PASSED] - Object: 'Object Repository/Page_KiboEngage  Operational Dashbo/h3_Pages Info (7)' is clicked on

2019-04-26 16:34:19 - [MESSAGE][PASSED] - Call Test Case 'Test Cases/s-sidebar_navigation/individualAccount/operationalDashboard' successfully

2019-04-26 16:34:19 - [MESSAGE][PASSED] - Call Test Case 'Test Cases/Operational_Dashboard/Login' successfully

2019-04-26 16:34:19 - [TEST_STEP][PASSED] - delay: Delayed 2 second(s)

2019-04-26 16:34:21 - [MESSAGE][PASSED] - Delayed 2 second(s)

2019-04-26 16:34:21 - [TEST_STEP][PASSED] - setText: Text 'cloudkibo1' is set on object 'Object Repository/Page_KiboEngage  Operational Dashbo/input_form-control m-input m-i'

2019-04-26 16:34:21 - [MESSAGE][PASSED] - Text 'cloudkibo1' is set on object 'Object Repository/Page_KiboEngage  Operational Dashbo/input_form-control m-input m-i'

2019-04-26 16:34:21 - [TEST_STEP][PASSED] - delay: Delayed 5 second(s)

2019-04-26 16:34:26 - [MESSAGE][PASSED] - Delayed 5 second(s)

2019-04-26 16:34:26 - [TEST_STEP][PASSED] - click: Object: 'Object Repository/Page_KiboEngage  Operational Dashbo/button_See more' is clicked on

2019-04-26 16:34:27 - [MESSAGE][PASSED] - Object: 'Object Repository/Page_KiboEngage  Operational Dashbo/button_See more' is clicked on

2019-04-26 16:34:27 - [TEST_STEP][PASSED] - delay: Delayed 1 second(s)

2019-04-26 16:34:28 - [MESSAGE][PASSED] - Delayed 1 second(s)

2019-04-26 16:34:28 - [TEST_STEP][PASSED] - scrollToPosition: Browser is scrolled to position x = 0, y = 0

2019-04-26 16:34:28 - [MESSAGE][PASSED] - Browser is scrolled to position x = 0, y = 0

2019-04-26 16:34:28 - [TEST_STEP][PASSED] - delay: Delayed 5 second(s)

2019-04-26 16:34:33 - [MESSAGE][PASSED] - Delayed 5 second(s)

2019-04-26 16:34:33 - [TEST_STEP][PASSED] - Statement - driver = com.kms.katalon.core.webui.driver.DriverFactory.getWebDriver(): null

2019-04-26 16:34:33 - [TEST_STEP][PASSED] - Statement - rows_table = driver.findElements(org.openqa.selenium.By.xpath("//*[@id="content"]/div/div/div/div[2]/div[3]/div[2]/div/div/div[2]/div/div/div[2]/table/tbody/tr")): null

2019-04-26 16:34:33 - [TEST_STEP][PASSED] - Statement - rows_count = rows_table.size(): null

2019-04-26 16:34:33 - [TEST_STEP][PASSED] - verifyGreaterThanOrEqual: Actual number '10' is greater than or equal to expected number '1'

2019-04-26 16:34:33 - [MESSAGE][PASSED] - Actual number '10' is greater than or equal to expected number '1'

2019-04-26 16:34:33 - [MESSAGE][PASSED] - Call Test Case 'Test Cases/Operational_Dashboard/141' successfully

2019-04-26 16:34:33 - [TEST_STEP][PASSED] - Statement - driver = com.kms.katalon.core.webui.driver.DriverFactory.getWebDriver(): null

2019-04-26 16:34:33 - [TEST_STEP][PASSED] - Statement - input_search_page = driver.findElement(org.openqa.selenium.By.xpath("//*[@id="content"]/div/div/div/div[2]/div[3]/div[2]/div/div/div[2]/div/div/div[1]/div[1]/input")): null

2019-04-26 16:34:33 - [TEST_STEP][PASSED] - Statement - input_search_page.sendKeys("Broadcast Title"): null

2019-04-26 16:34:33 - [TEST_STEP][PASSED] - delay: Delayed 5 second(s)

2019-04-26 16:34:38 - [MESSAGE][PASSED] - Delayed 5 second(s)

2019-04-26 16:34:38 - [TEST_STEP][PASSED] - Statement - rows_table = driver.findElements(org.openqa.selenium.By.xpath("//*[@id="content"]/div/div/div/div[2]/div[3]/div[2]/div/div/div[2]/div/div/div[2]/table/tbody/tr")): null

2019-04-26 16:34:38 - [TEST_STEP][PASSED] - Statement - rows_count = rows_table.size(): null

2019-04-26 16:34:38 - [TEST_STEP][PASSED] - verifyGreaterThanOrEqual: Actual number '10' is greater than or equal to expected number '1'

2019-04-26 16:34:38 - [MESSAGE][PASSED] - Actual number '10' is greater than or equal to expected number '1']]></system-out>
         <system-err><![CDATA[]]></system-err>
      </testcase>
      <testcase name="Test Cases/Operational_Dashboard/148" classname="Test Cases/Operational_Dashboard/148" status="PASSED">
         <system-out><![CDATA[2019-04-26 16:34:38 - [TEST_CASE][PASSED] - Test Cases/Operational_Dashboard/148: Test Cases/Operational_Dashboard/148

2019-04-26 16:34:38 - [TEST_STEP][PASSED] - callTestCase: Call Test Case 'Test Cases/Operational_Dashboard/Login' successfully

2019-04-26 16:34:39 - [TEST_CASE][PASSED] - Test Cases/Operational_Dashboard/Login: Test Cases/Operational_Dashboard/Login

2019-04-26 16:34:39 - [TEST_STEP][PASSED] - callTestCase: Call Test Case 'Test Cases/s-sidebar_navigation/individualAccount/operationalDashboard' successfully

2019-04-26 16:34:39 - [TEST_CASE][PASSED] - Test Cases/s-sidebar_navigation/individualAccount/operationalDashboard: Test Cases/s-sidebar_navigation/individualAccount/operationalDashboard

2019-04-26 16:34:39 - [TEST_STEP][PASSED] - click: Object: 'Object Repository/Page_KiboEngage  Subscribers/span_Subscribers' is clicked on

2019-04-26 16:34:39 - [MESSAGE][PASSED] - Object: 'Object Repository/Page_KiboEngage  Subscribers/span_Subscribers' is clicked on

2019-04-26 16:34:39 - [TEST_STEP][PASSED] - click: Object: 'Object Repository/Page_KiboEngage  Subscribers/span_Operational Dashboard (1)' is clicked on

2019-04-26 16:34:39 - [MESSAGE][PASSED] - Object: 'Object Repository/Page_KiboEngage  Subscribers/span_Operational Dashboard (1)' is clicked on

2019-04-26 16:34:39 - [TEST_STEP][PASSED] - scrollToPosition: Browser is scrolled to position x = 0, y = 0

2019-04-26 16:34:39 - [MESSAGE][PASSED] - Browser is scrolled to position x = 0, y = 0

2019-04-26 16:34:39 - [TEST_STEP][PASSED] - delay: Delayed 2 second(s)

2019-04-26 16:34:41 - [MESSAGE][PASSED] - Delayed 2 second(s)

2019-04-26 16:34:41 - [TEST_STEP][PASSED] - click: Object: 'Object Repository/Page_KiboEngage  Operational Dashbo/h3_Pages Info (7)' is clicked on

2019-04-26 16:34:42 - [MESSAGE][PASSED] - Object: 'Object Repository/Page_KiboEngage  Operational Dashbo/h3_Pages Info (7)' is clicked on

2019-04-26 16:34:42 - [MESSAGE][PASSED] - Call Test Case 'Test Cases/s-sidebar_navigation/individualAccount/operationalDashboard' successfully

2019-04-26 16:34:42 - [MESSAGE][PASSED] - Call Test Case 'Test Cases/Operational_Dashboard/Login' successfully

2019-04-26 16:34:42 - [TEST_STEP][PASSED] - delay: Delayed 2 second(s)

2019-04-26 16:34:44 - [MESSAGE][PASSED] - Delayed 2 second(s)

2019-04-26 16:34:44 - [TEST_STEP][PASSED] - setText: Text 'cloudkibo1' is set on object 'Object Repository/Page_KiboEngage  Operational Dashbo/input_form-control m-input m-i'

2019-04-26 16:34:44 - [MESSAGE][PASSED] - Text 'cloudkibo1' is set on object 'Object Repository/Page_KiboEngage  Operational Dashbo/input_form-control m-input m-i'

2019-04-26 16:34:44 - [TEST_STEP][PASSED] - delay: Delayed 5 second(s)

2019-04-26 16:34:49 - [MESSAGE][PASSED] - Delayed 5 second(s)

2019-04-26 16:34:49 - [TEST_STEP][PASSED] - click: Object: 'Object Repository/Page_KiboEngage  Operational Dashbo/button_See more' is clicked on

2019-04-26 16:34:50 - [MESSAGE][PASSED] - Object: 'Object Repository/Page_KiboEngage  Operational Dashbo/button_See more' is clicked on

2019-04-26 16:34:50 - [TEST_STEP][PASSED] - delay: Delayed 1 second(s)

2019-04-26 16:34:51 - [MESSAGE][PASSED] - Delayed 1 second(s)

2019-04-26 16:34:51 - [TEST_STEP][PASSED] - scrollToPosition: Browser is scrolled to position x = 0, y = 0

2019-04-26 16:34:51 - [MESSAGE][PASSED] - Browser is scrolled to position x = 0, y = 0

2019-04-26 16:34:51 - [TEST_STEP][PASSED] - delay: Delayed 5 second(s)

2019-04-26 16:34:56 - [MESSAGE][PASSED] - Delayed 5 second(s)

2019-04-26 16:34:56 - [TEST_STEP][PASSED] - Statement - driver = com.kms.katalon.core.webui.driver.DriverFactory.getWebDriver(): null

2019-04-26 16:34:56 - [TEST_STEP][PASSED] - Statement - rows_table = driver.findElements(org.openqa.selenium.By.xpath("//*[@id="content"]/div/div/div/div[2]/div[3]/div[3]/div/div/div[2]/div/div/div[2]/table/tbody/tr")): null

2019-04-26 16:34:56 - [TEST_STEP][PASSED] - Statement - rows_count = rows_table.size(): null

2019-04-26 16:34:56 - [TEST_STEP][PASSED] - verifyGreaterThanOrEqual: Actual number '10' is greater than or equal to expected number '1'

2019-04-26 16:34:56 - [MESSAGE][PASSED] - Actual number '10' is greater than or equal to expected number '1']]></system-out>
         <system-err><![CDATA[]]></system-err>
      </testcase>
      <testcase name="Test Cases/Operational_Dashboard/149" classname="Test Cases/Operational_Dashboard/149" status="PASSED">
         <system-out><![CDATA[2019-04-26 16:34:56 - [TEST_CASE][PASSED] - Test Cases/Operational_Dashboard/149: Test Cases/Operational_Dashboard/149

2019-04-26 16:34:56 - [TEST_STEP][PASSED] - callTestCase: Call Test Case 'Test Cases/Operational_Dashboard/148' successfully

2019-04-26 16:34:56 - [TEST_CASE][PASSED] - Test Cases/Operational_Dashboard/148: Test Cases/Operational_Dashboard/148

2019-04-26 16:34:56 - [TEST_STEP][PASSED] - callTestCase: Call Test Case 'Test Cases/Operational_Dashboard/Login' successfully

2019-04-26 16:34:56 - [TEST_CASE][PASSED] - Test Cases/Operational_Dashboard/Login: Test Cases/Operational_Dashboard/Login

2019-04-26 16:34:56 - [TEST_STEP][PASSED] - callTestCase: Call Test Case 'Test Cases/s-sidebar_navigation/individualAccount/operationalDashboard' successfully

2019-04-26 16:34:56 - [TEST_CASE][PASSED] - Test Cases/s-sidebar_navigation/individualAccount/operationalDashboard: Test Cases/s-sidebar_navigation/individualAccount/operationalDashboard

2019-04-26 16:34:56 - [TEST_STEP][PASSED] - click: Object: 'Object Repository/Page_KiboEngage  Subscribers/span_Subscribers' is clicked on

2019-04-26 16:34:56 - [MESSAGE][PASSED] - Object: 'Object Repository/Page_KiboEngage  Subscribers/span_Subscribers' is clicked on

2019-04-26 16:34:56 - [TEST_STEP][PASSED] - click: Object: 'Object Repository/Page_KiboEngage  Subscribers/span_Operational Dashboard (1)' is clicked on

2019-04-26 16:34:57 - [MESSAGE][PASSED] - Object: 'Object Repository/Page_KiboEngage  Subscribers/span_Operational Dashboard (1)' is clicked on

2019-04-26 16:34:57 - [TEST_STEP][PASSED] - scrollToPosition: Browser is scrolled to position x = 0, y = 0

2019-04-26 16:34:57 - [MESSAGE][PASSED] - Browser is scrolled to position x = 0, y = 0

2019-04-26 16:34:57 - [TEST_STEP][PASSED] - delay: Delayed 2 second(s)

2019-04-26 16:34:59 - [MESSAGE][PASSED] - Delayed 2 second(s)

2019-04-26 16:34:59 - [TEST_STEP][PASSED] - click: Object: 'Object Repository/Page_KiboEngage  Operational Dashbo/h3_Pages Info (7)' is clicked on

2019-04-26 16:34:59 - [MESSAGE][PASSED] - Object: 'Object Repository/Page_KiboEngage  Operational Dashbo/h3_Pages Info (7)' is clicked on

2019-04-26 16:34:59 - [MESSAGE][PASSED] - Call Test Case 'Test Cases/s-sidebar_navigation/individualAccount/operationalDashboard' successfully

2019-04-26 16:34:59 - [MESSAGE][PASSED] - Call Test Case 'Test Cases/Operational_Dashboard/Login' successfully

2019-04-26 16:34:59 - [TEST_STEP][PASSED] - delay: Delayed 2 second(s)

2019-04-26 16:35:01 - [MESSAGE][PASSED] - Delayed 2 second(s)

2019-04-26 16:35:01 - [TEST_STEP][PASSED] - setText: Text 'cloudkibo1' is set on object 'Object Repository/Page_KiboEngage  Operational Dashbo/input_form-control m-input m-i'

2019-04-26 16:35:01 - [MESSAGE][PASSED] - Text 'cloudkibo1' is set on object 'Object Repository/Page_KiboEngage  Operational Dashbo/input_form-control m-input m-i'

2019-04-26 16:35:01 - [TEST_STEP][PASSED] - delay: Delayed 5 second(s)

2019-04-26 16:35:06 - [MESSAGE][PASSED] - Delayed 5 second(s)

2019-04-26 16:35:06 - [TEST_STEP][PASSED] - click: Object: 'Object Repository/Page_KiboEngage  Operational Dashbo/button_See more' is clicked on

2019-04-26 16:35:07 - [MESSAGE][PASSED] - Object: 'Object Repository/Page_KiboEngage  Operational Dashbo/button_See more' is clicked on

2019-04-26 16:35:07 - [TEST_STEP][PASSED] - delay: Delayed 1 second(s)

2019-04-26 16:35:08 - [MESSAGE][PASSED] - Delayed 1 second(s)

2019-04-26 16:35:08 - [TEST_STEP][PASSED] - scrollToPosition: Browser is scrolled to position x = 0, y = 0

2019-04-26 16:35:08 - [MESSAGE][PASSED] - Browser is scrolled to position x = 0, y = 0

2019-04-26 16:35:08 - [TEST_STEP][PASSED] - delay: Delayed 5 second(s)

2019-04-26 16:35:13 - [MESSAGE][PASSED] - Delayed 5 second(s)

2019-04-26 16:35:13 - [TEST_STEP][PASSED] - Statement - driver = com.kms.katalon.core.webui.driver.DriverFactory.getWebDriver(): null

2019-04-26 16:35:13 - [TEST_STEP][PASSED] - Statement - rows_table = driver.findElements(org.openqa.selenium.By.xpath("//*[@id="content"]/div/div/div/div[2]/div[3]/div[3]/div/div/div[2]/div/div/div[2]/table/tbody/tr")): null

2019-04-26 16:35:13 - [TEST_STEP][PASSED] - Statement - rows_count = rows_table.size(): null

2019-04-26 16:35:13 - [TEST_STEP][PASSED] - verifyGreaterThanOrEqual: Actual number '10' is greater than or equal to expected number '1'

2019-04-26 16:35:13 - [MESSAGE][PASSED] - Actual number '10' is greater than or equal to expected number '1'

2019-04-26 16:35:13 - [MESSAGE][PASSED] - Call Test Case 'Test Cases/Operational_Dashboard/148' successfully

2019-04-26 16:35:13 - [TEST_STEP][PASSED] - Statement - driver = com.kms.katalon.core.webui.driver.DriverFactory.getWebDriver(): null

2019-04-26 16:35:13 - [TEST_STEP][PASSED] - Statement - next = driver.findElement(org.openqa.selenium.By.xpath("//*[@id="content"]/div/div/div/div[2]/div[3]/div[3]/div/div/div[2]/div/div/div[2]/ul/li[4]/a")): null

2019-04-26 16:35:13 - [TEST_STEP][PASSED] - Statement - next.click(): null

2019-04-26 16:35:13 - [TEST_STEP][PASSED] - delay: Delayed 5 second(s)

2019-04-26 16:35:18 - [MESSAGE][PASSED] - Delayed 5 second(s)

2019-04-26 16:35:18 - [TEST_STEP][PASSED] - Statement - rows_table = driver.findElements(org.openqa.selenium.By.xpath("//*[@id="content"]/div/div/div/div[2]/div[3]/div[3]/div/div/div[2]/div/div/div[2]/table/tbody/tr")): null

2019-04-26 16:35:18 - [TEST_STEP][PASSED] - Statement - rows_count = rows_table.size(): null

2019-04-26 16:35:18 - [TEST_STEP][PASSED] - verifyGreaterThanOrEqual: Actual number '2' is greater than or equal to expected number '1'

2019-04-26 16:35:18 - [MESSAGE][PASSED] - Actual number '2' is greater than or equal to expected number '1']]></system-out>
         <system-err><![CDATA[]]></system-err>
      </testcase>
      <testcase name="Test Cases/Operational_Dashboard/150" classname="Test Cases/Operational_Dashboard/150" status="PASSED">
         <system-out><![CDATA[2019-04-26 16:35:18 - [TEST_CASE][PASSED] - Test Cases/Operational_Dashboard/150: Test Cases/Operational_Dashboard/150

2019-04-26 16:35:18 - [TEST_STEP][PASSED] - callTestCase: Call Test Case 'Test Cases/Operational_Dashboard/149' successfully

2019-04-26 16:35:18 - [TEST_CASE][PASSED] - Test Cases/Operational_Dashboard/149: Test Cases/Operational_Dashboard/149

2019-04-26 16:35:18 - [TEST_STEP][PASSED] - callTestCase: Call Test Case 'Test Cases/Operational_Dashboard/148' successfully

2019-04-26 16:35:18 - [TEST_CASE][PASSED] - Test Cases/Operational_Dashboard/148: Test Cases/Operational_Dashboard/148

2019-04-26 16:35:18 - [TEST_STEP][PASSED] - callTestCase: Call Test Case 'Test Cases/Operational_Dashboard/Login' successfully

2019-04-26 16:35:19 - [TEST_CASE][PASSED] - Test Cases/Operational_Dashboard/Login: Test Cases/Operational_Dashboard/Login

2019-04-26 16:35:19 - [TEST_STEP][PASSED] - callTestCase: Call Test Case 'Test Cases/s-sidebar_navigation/individualAccount/operationalDashboard' successfully

2019-04-26 16:35:19 - [TEST_CASE][PASSED] - Test Cases/s-sidebar_navigation/individualAccount/operationalDashboard: Test Cases/s-sidebar_navigation/individualAccount/operationalDashboard

2019-04-26 16:35:19 - [TEST_STEP][PASSED] - click: Object: 'Object Repository/Page_KiboEngage  Subscribers/span_Subscribers' is clicked on

2019-04-26 16:35:19 - [MESSAGE][PASSED] - Object: 'Object Repository/Page_KiboEngage  Subscribers/span_Subscribers' is clicked on

2019-04-26 16:35:19 - [TEST_STEP][PASSED] - click: Object: 'Object Repository/Page_KiboEngage  Subscribers/span_Operational Dashboard (1)' is clicked on

2019-04-26 16:35:19 - [MESSAGE][PASSED] - Object: 'Object Repository/Page_KiboEngage  Subscribers/span_Operational Dashboard (1)' is clicked on

2019-04-26 16:35:19 - [TEST_STEP][PASSED] - scrollToPosition: Browser is scrolled to position x = 0, y = 0

2019-04-26 16:35:19 - [MESSAGE][PASSED] - Browser is scrolled to position x = 0, y = 0

2019-04-26 16:35:19 - [TEST_STEP][PASSED] - delay: Delayed 2 second(s)

2019-04-26 16:35:21 - [MESSAGE][PASSED] - Delayed 2 second(s)

2019-04-26 16:35:21 - [TEST_STEP][PASSED] - click: Object: 'Object Repository/Page_KiboEngage  Operational Dashbo/h3_Pages Info (7)' is clicked on

2019-04-26 16:35:22 - [MESSAGE][PASSED] - Object: 'Object Repository/Page_KiboEngage  Operational Dashbo/h3_Pages Info (7)' is clicked on

2019-04-26 16:35:22 - [MESSAGE][PASSED] - Call Test Case 'Test Cases/s-sidebar_navigation/individualAccount/operationalDashboard' successfully

2019-04-26 16:35:22 - [MESSAGE][PASSED] - Call Test Case 'Test Cases/Operational_Dashboard/Login' successfully

2019-04-26 16:35:22 - [TEST_STEP][PASSED] - delay: Delayed 2 second(s)

2019-04-26 16:35:24 - [MESSAGE][PASSED] - Delayed 2 second(s)

2019-04-26 16:35:24 - [TEST_STEP][PASSED] - setText: Text 'cloudkibo1' is set on object 'Object Repository/Page_KiboEngage  Operational Dashbo/input_form-control m-input m-i'

2019-04-26 16:35:24 - [MESSAGE][PASSED] - Text 'cloudkibo1' is set on object 'Object Repository/Page_KiboEngage  Operational Dashbo/input_form-control m-input m-i'

2019-04-26 16:35:24 - [TEST_STEP][PASSED] - delay: Delayed 5 second(s)

2019-04-26 16:35:29 - [MESSAGE][PASSED] - Delayed 5 second(s)

2019-04-26 16:35:29 - [TEST_STEP][PASSED] - click: Object: 'Object Repository/Page_KiboEngage  Operational Dashbo/button_See more' is clicked on

2019-04-26 16:35:30 - [MESSAGE][PASSED] - Object: 'Object Repository/Page_KiboEngage  Operational Dashbo/button_See more' is clicked on

2019-04-26 16:35:30 - [TEST_STEP][PASSED] - delay: Delayed 1 second(s)

2019-04-26 16:35:31 - [MESSAGE][PASSED] - Delayed 1 second(s)

2019-04-26 16:35:31 - [TEST_STEP][PASSED] - scrollToPosition: Browser is scrolled to position x = 0, y = 0

2019-04-26 16:35:31 - [MESSAGE][PASSED] - Browser is scrolled to position x = 0, y = 0

2019-04-26 16:35:31 - [TEST_STEP][PASSED] - delay: Delayed 5 second(s)

2019-04-26 16:35:36 - [MESSAGE][PASSED] - Delayed 5 second(s)

2019-04-26 16:35:36 - [TEST_STEP][PASSED] - Statement - driver = com.kms.katalon.core.webui.driver.DriverFactory.getWebDriver(): null

2019-04-26 16:35:36 - [TEST_STEP][PASSED] - Statement - rows_table = driver.findElements(org.openqa.selenium.By.xpath("//*[@id="content"]/div/div/div/div[2]/div[3]/div[3]/div/div/div[2]/div/div/div[2]/table/tbody/tr")): null

2019-04-26 16:35:36 - [TEST_STEP][PASSED] - Statement - rows_count = rows_table.size(): null

2019-04-26 16:35:36 - [TEST_STEP][PASSED] - verifyGreaterThanOrEqual: Actual number '10' is greater than or equal to expected number '1'

2019-04-26 16:35:36 - [MESSAGE][PASSED] - Actual number '10' is greater than or equal to expected number '1'

2019-04-26 16:35:36 - [MESSAGE][PASSED] - Call Test Case 'Test Cases/Operational_Dashboard/148' successfully

2019-04-26 16:35:36 - [TEST_STEP][PASSED] - Statement - driver = com.kms.katalon.core.webui.driver.DriverFactory.getWebDriver(): null

2019-04-26 16:35:36 - [TEST_STEP][PASSED] - Statement - next = driver.findElement(org.openqa.selenium.By.xpath("//*[@id="content"]/div/div/div/div[2]/div[3]/div[3]/div/div/div[2]/div/div/div[2]/ul/li[4]/a")): null

2019-04-26 16:35:36 - [TEST_STEP][PASSED] - Statement - next.click(): null

2019-04-26 16:35:36 - [TEST_STEP][PASSED] - delay: Delayed 5 second(s)

2019-04-26 16:35:41 - [MESSAGE][PASSED] - Delayed 5 second(s)

2019-04-26 16:35:41 - [TEST_STEP][PASSED] - Statement - rows_table = driver.findElements(org.openqa.selenium.By.xpath("//*[@id="content"]/div/div/div/div[2]/div[3]/div[3]/div/div/div[2]/div/div/div[2]/table/tbody/tr")): null

2019-04-26 16:35:41 - [TEST_STEP][PASSED] - Statement - rows_count = rows_table.size(): null

2019-04-26 16:35:41 - [TEST_STEP][PASSED] - verifyGreaterThanOrEqual: Actual number '2' is greater than or equal to expected number '1'

2019-04-26 16:35:41 - [MESSAGE][PASSED] - Actual number '2' is greater than or equal to expected number '1'

2019-04-26 16:35:41 - [MESSAGE][PASSED] - Call Test Case 'Test Cases/Operational_Dashboard/149' successfully

2019-04-26 16:35:41 - [TEST_STEP][PASSED] - scrollToPosition: Browser is scrolled to position x = 0, y = 0

2019-04-26 16:35:41 - [MESSAGE][PASSED] - Browser is scrolled to position x = 0, y = 0

2019-04-26 16:35:41 - [TEST_STEP][PASSED] - Statement - driver = com.kms.katalon.core.webui.driver.DriverFactory.getWebDriver(): null

2019-04-26 16:35:41 - [TEST_STEP][PASSED] - Statement - previous = driver.findElement(org.openqa.selenium.By.xpath("//*[@id="content"]/div/div/div/div[2]/div[3]/div[3]/div/div/div[2]/div/div/div[2]/ul/li[1]/a")): null

2019-04-26 16:35:41 - [TEST_STEP][PASSED] - Statement - previous.click(): null

2019-04-26 16:35:41 - [TEST_STEP][PASSED] - delay: Delayed 5 second(s)

2019-04-26 16:35:46 - [MESSAGE][PASSED] - Delayed 5 second(s)

2019-04-26 16:35:46 - [TEST_STEP][PASSED] - Statement - rows_table = driver.findElements(org.openqa.selenium.By.xpath("//*[@id="content"]/div/div/div/div[2]/div[3]/div[3]/div/div/div[2]/div/div/div[2]/table/tbody/tr")): null

2019-04-26 16:35:46 - [TEST_STEP][PASSED] - Statement - rows_count = rows_table.size(): null

2019-04-26 16:35:46 - [TEST_STEP][PASSED] - verifyEqual: Actual object '10' and expected object '10' are equal

2019-04-26 16:35:46 - [MESSAGE][PASSED] - Actual object '10' and expected object '10' are equal]]></system-out>
         <system-err><![CDATA[]]></system-err>
      </testcase>
      <testcase name="Test Cases/Operational_Dashboard/151" classname="Test Cases/Operational_Dashboard/151" status="PASSED">
         <system-out><![CDATA[2019-04-26 16:35:46 - [TEST_CASE][PASSED] - Test Cases/Operational_Dashboard/151: Test Cases/Operational_Dashboard/151

2019-04-26 16:35:47 - [TEST_STEP][PASSED] - callTestCase: Call Test Case 'Test Cases/Operational_Dashboard/148' successfully

2019-04-26 16:35:47 - [TEST_CASE][PASSED] - Test Cases/Operational_Dashboard/148: Test Cases/Operational_Dashboard/148

2019-04-26 16:35:47 - [TEST_STEP][PASSED] - callTestCase: Call Test Case 'Test Cases/Operational_Dashboard/Login' successfully

2019-04-26 16:35:47 - [TEST_CASE][PASSED] - Test Cases/Operational_Dashboard/Login: Test Cases/Operational_Dashboard/Login

2019-04-26 16:35:47 - [TEST_STEP][PASSED] - callTestCase: Call Test Case 'Test Cases/s-sidebar_navigation/individualAccount/operationalDashboard' successfully

2019-04-26 16:35:47 - [TEST_CASE][PASSED] - Test Cases/s-sidebar_navigation/individualAccount/operationalDashboard: Test Cases/s-sidebar_navigation/individualAccount/operationalDashboard

2019-04-26 16:35:47 - [TEST_STEP][PASSED] - click: Object: 'Object Repository/Page_KiboEngage  Subscribers/span_Subscribers' is clicked on

2019-04-26 16:35:47 - [MESSAGE][PASSED] - Object: 'Object Repository/Page_KiboEngage  Subscribers/span_Subscribers' is clicked on

2019-04-26 16:35:47 - [TEST_STEP][PASSED] - click: Object: 'Object Repository/Page_KiboEngage  Subscribers/span_Operational Dashboard (1)' is clicked on

2019-04-26 16:35:48 - [MESSAGE][PASSED] - Object: 'Object Repository/Page_KiboEngage  Subscribers/span_Operational Dashboard (1)' is clicked on

2019-04-26 16:35:48 - [TEST_STEP][PASSED] - scrollToPosition: Browser is scrolled to position x = 0, y = 0

2019-04-26 16:35:48 - [MESSAGE][PASSED] - Browser is scrolled to position x = 0, y = 0

2019-04-26 16:35:48 - [TEST_STEP][PASSED] - delay: Delayed 2 second(s)

2019-04-26 16:35:50 - [MESSAGE][PASSED] - Delayed 2 second(s)

2019-04-26 16:35:50 - [TEST_STEP][PASSED] - click: Object: 'Object Repository/Page_KiboEngage  Operational Dashbo/h3_Pages Info (7)' is clicked on

2019-04-26 16:35:50 - [MESSAGE][PASSED] - Object: 'Object Repository/Page_KiboEngage  Operational Dashbo/h3_Pages Info (7)' is clicked on

2019-04-26 16:35:50 - [MESSAGE][PASSED] - Call Test Case 'Test Cases/s-sidebar_navigation/individualAccount/operationalDashboard' successfully

2019-04-26 16:35:50 - [MESSAGE][PASSED] - Call Test Case 'Test Cases/Operational_Dashboard/Login' successfully

2019-04-26 16:35:50 - [TEST_STEP][PASSED] - delay: Delayed 2 second(s)

2019-04-26 16:35:52 - [MESSAGE][PASSED] - Delayed 2 second(s)

2019-04-26 16:35:52 - [TEST_STEP][PASSED] - setText: Text 'cloudkibo1' is set on object 'Object Repository/Page_KiboEngage  Operational Dashbo/input_form-control m-input m-i'

2019-04-26 16:35:53 - [MESSAGE][PASSED] - Text 'cloudkibo1' is set on object 'Object Repository/Page_KiboEngage  Operational Dashbo/input_form-control m-input m-i'

2019-04-26 16:35:53 - [TEST_STEP][PASSED] - delay: Delayed 5 second(s)

2019-04-26 16:35:58 - [MESSAGE][PASSED] - Delayed 5 second(s)

2019-04-26 16:35:58 - [TEST_STEP][PASSED] - click: Object: 'Object Repository/Page_KiboEngage  Operational Dashbo/button_See more' is clicked on

2019-04-26 16:35:58 - [MESSAGE][PASSED] - Object: 'Object Repository/Page_KiboEngage  Operational Dashbo/button_See more' is clicked on

2019-04-26 16:35:58 - [TEST_STEP][PASSED] - delay: Delayed 1 second(s)

2019-04-26 16:35:59 - [MESSAGE][PASSED] - Delayed 1 second(s)

2019-04-26 16:35:59 - [TEST_STEP][PASSED] - scrollToPosition: Browser is scrolled to position x = 0, y = 0

2019-04-26 16:35:59 - [MESSAGE][PASSED] - Browser is scrolled to position x = 0, y = 0

2019-04-26 16:35:59 - [TEST_STEP][PASSED] - delay: Delayed 5 second(s)

2019-04-26 16:36:04 - [MESSAGE][PASSED] - Delayed 5 second(s)

2019-04-26 16:36:04 - [TEST_STEP][PASSED] - Statement - driver = com.kms.katalon.core.webui.driver.DriverFactory.getWebDriver(): null

2019-04-26 16:36:04 - [TEST_STEP][PASSED] - Statement - rows_table = driver.findElements(org.openqa.selenium.By.xpath("//*[@id="content"]/div/div/div/div[2]/div[3]/div[3]/div/div/div[2]/div/div/div[2]/table/tbody/tr")): null

2019-04-26 16:36:04 - [TEST_STEP][PASSED] - Statement - rows_count = rows_table.size(): null

2019-04-26 16:36:04 - [TEST_STEP][PASSED] - verifyGreaterThanOrEqual: Actual number '10' is greater than or equal to expected number '1'

2019-04-26 16:36:04 - [MESSAGE][PASSED] - Actual number '10' is greater than or equal to expected number '1'

2019-04-26 16:36:04 - [MESSAGE][PASSED] - Call Test Case 'Test Cases/Operational_Dashboard/148' successfully

2019-04-26 16:36:04 - [TEST_STEP][PASSED] - Statement - driver = com.kms.katalon.core.webui.driver.DriverFactory.getWebDriver(): null

2019-04-26 16:36:04 - [TEST_STEP][PASSED] - Statement - next = driver.findElement(org.openqa.selenium.By.xpath("//*[@id="content"]/div/div/div/div[2]/div[3]/div[3]/div/div/div[2]/div/div/div[2]/ul/li[3]/a")): null

2019-04-26 16:36:04 - [TEST_STEP][PASSED] - Statement - next.click(): null

2019-04-26 16:36:04 - [TEST_STEP][PASSED] - delay: Delayed 5 second(s)

2019-04-26 16:36:09 - [MESSAGE][PASSED] - Delayed 5 second(s)

2019-04-26 16:36:09 - [TEST_STEP][PASSED] - Statement - rows_table = driver.findElements(org.openqa.selenium.By.xpath("//*[@id="content"]/div/div/div/div[2]/div[3]/div[3]/div/div/div[2]/div/div/div[2]/table/tbody/tr")): null

2019-04-26 16:36:09 - [TEST_STEP][PASSED] - Statement - rows_count = rows_table.size(): null

2019-04-26 16:36:09 - [TEST_STEP][PASSED] - verifyGreaterThanOrEqual: Actual number '2' is greater than or equal to expected number '1'

2019-04-26 16:36:09 - [MESSAGE][PASSED] - Actual number '2' is greater than or equal to expected number '1']]></system-out>
         <system-err><![CDATA[]]></system-err>
      </testcase>
      <testcase name="Test Cases/Operational_Dashboard/152" classname="Test Cases/Operational_Dashboard/152" status="PASSED">
         <system-out><![CDATA[2019-04-26 16:36:09 - [TEST_CASE][PASSED] - Test Cases/Operational_Dashboard/152: Test Cases/Operational_Dashboard/152

2019-04-26 16:36:10 - [TEST_STEP][PASSED] - callTestCase: Call Test Case 'Test Cases/Operational_Dashboard/148' successfully

2019-04-26 16:36:10 - [TEST_CASE][PASSED] - Test Cases/Operational_Dashboard/148: Test Cases/Operational_Dashboard/148

2019-04-26 16:36:10 - [TEST_STEP][PASSED] - callTestCase: Call Test Case 'Test Cases/Operational_Dashboard/Login' successfully

2019-04-26 16:36:10 - [TEST_CASE][PASSED] - Test Cases/Operational_Dashboard/Login: Test Cases/Operational_Dashboard/Login

2019-04-26 16:36:10 - [TEST_STEP][PASSED] - callTestCase: Call Test Case 'Test Cases/s-sidebar_navigation/individualAccount/operationalDashboard' successfully

2019-04-26 16:36:10 - [TEST_CASE][PASSED] - Test Cases/s-sidebar_navigation/individualAccount/operationalDashboard: Test Cases/s-sidebar_navigation/individualAccount/operationalDashboard

2019-04-26 16:36:10 - [TEST_STEP][PASSED] - click: Object: 'Object Repository/Page_KiboEngage  Subscribers/span_Subscribers' is clicked on

2019-04-26 16:36:10 - [MESSAGE][PASSED] - Object: 'Object Repository/Page_KiboEngage  Subscribers/span_Subscribers' is clicked on

2019-04-26 16:36:10 - [TEST_STEP][PASSED] - click: Object: 'Object Repository/Page_KiboEngage  Subscribers/span_Operational Dashboard (1)' is clicked on

2019-04-26 16:36:10 - [MESSAGE][PASSED] - Object: 'Object Repository/Page_KiboEngage  Subscribers/span_Operational Dashboard (1)' is clicked on

2019-04-26 16:36:10 - [TEST_STEP][PASSED] - scrollToPosition: Browser is scrolled to position x = 0, y = 0

2019-04-26 16:36:11 - [MESSAGE][PASSED] - Browser is scrolled to position x = 0, y = 0

2019-04-26 16:36:11 - [TEST_STEP][PASSED] - delay: Delayed 2 second(s)

2019-04-26 16:36:13 - [MESSAGE][PASSED] - Delayed 2 second(s)

2019-04-26 16:36:13 - [TEST_STEP][PASSED] - click: Object: 'Object Repository/Page_KiboEngage  Operational Dashbo/h3_Pages Info (7)' is clicked on

2019-04-26 16:36:13 - [MESSAGE][PASSED] - Object: 'Object Repository/Page_KiboEngage  Operational Dashbo/h3_Pages Info (7)' is clicked on

2019-04-26 16:36:13 - [MESSAGE][PASSED] - Call Test Case 'Test Cases/s-sidebar_navigation/individualAccount/operationalDashboard' successfully

2019-04-26 16:36:13 - [MESSAGE][PASSED] - Call Test Case 'Test Cases/Operational_Dashboard/Login' successfully

2019-04-26 16:36:13 - [TEST_STEP][PASSED] - delay: Delayed 2 second(s)

2019-04-26 16:36:15 - [MESSAGE][PASSED] - Delayed 2 second(s)

2019-04-26 16:36:15 - [TEST_STEP][PASSED] - setText: Text 'cloudkibo1' is set on object 'Object Repository/Page_KiboEngage  Operational Dashbo/input_form-control m-input m-i'

2019-04-26 16:36:15 - [MESSAGE][PASSED] - Text 'cloudkibo1' is set on object 'Object Repository/Page_KiboEngage  Operational Dashbo/input_form-control m-input m-i'

2019-04-26 16:36:15 - [TEST_STEP][PASSED] - delay: Delayed 5 second(s)

2019-04-26 16:36:20 - [MESSAGE][PASSED] - Delayed 5 second(s)

2019-04-26 16:36:20 - [TEST_STEP][PASSED] - click: Object: 'Object Repository/Page_KiboEngage  Operational Dashbo/button_See more' is clicked on

2019-04-26 16:36:21 - [MESSAGE][PASSED] - Object: 'Object Repository/Page_KiboEngage  Operational Dashbo/button_See more' is clicked on

2019-04-26 16:36:21 - [TEST_STEP][PASSED] - delay: Delayed 1 second(s)

2019-04-26 16:36:22 - [MESSAGE][PASSED] - Delayed 1 second(s)

2019-04-26 16:36:22 - [TEST_STEP][PASSED] - scrollToPosition: Browser is scrolled to position x = 0, y = 0

2019-04-26 16:36:22 - [MESSAGE][PASSED] - Browser is scrolled to position x = 0, y = 0

2019-04-26 16:36:22 - [TEST_STEP][PASSED] - delay: Delayed 5 second(s)

2019-04-26 16:36:27 - [MESSAGE][PASSED] - Delayed 5 second(s)

2019-04-26 16:36:27 - [TEST_STEP][PASSED] - Statement - driver = com.kms.katalon.core.webui.driver.DriverFactory.getWebDriver(): null

2019-04-26 16:36:27 - [TEST_STEP][PASSED] - Statement - rows_table = driver.findElements(org.openqa.selenium.By.xpath("//*[@id="content"]/div/div/div/div[2]/div[3]/div[3]/div/div/div[2]/div/div/div[2]/table/tbody/tr")): null

2019-04-26 16:36:27 - [TEST_STEP][PASSED] - Statement - rows_count = rows_table.size(): null

2019-04-26 16:36:27 - [TEST_STEP][PASSED] - verifyGreaterThanOrEqual: Actual number '10' is greater than or equal to expected number '1'

2019-04-26 16:36:27 - [MESSAGE][PASSED] - Actual number '10' is greater than or equal to expected number '1'

2019-04-26 16:36:27 - [MESSAGE][PASSED] - Call Test Case 'Test Cases/Operational_Dashboard/148' successfully

2019-04-26 16:36:27 - [TEST_STEP][PASSED] - Statement - driver = com.kms.katalon.core.webui.driver.DriverFactory.getWebDriver(): null

2019-04-26 16:36:27 - [TEST_STEP][PASSED] - Statement - input_search_page = driver.findElement(org.openqa.selenium.By.xpath("//*[@id="content"]/div/div/div/div[2]/div[3]/div[3]/div/div/div[2]/div/div/div[1]/div[1]/input")): null

2019-04-26 16:36:27 - [TEST_STEP][PASSED] - Statement - input_search_page.sendKeys("2"): null

2019-04-26 16:36:27 - [TEST_STEP][PASSED] - delay: Delayed 5 second(s)

2019-04-26 16:36:32 - [MESSAGE][PASSED] - Delayed 5 second(s)

2019-04-26 16:36:32 - [TEST_STEP][PASSED] - Statement - rows_table = driver.findElements(org.openqa.selenium.By.xpath("//*[@id="content"]/div/div/div/div[2]/div[3]/div[3]/div/div/div[2]/div/div/div[2]/table/tbody/tr")): null

2019-04-26 16:36:32 - [TEST_STEP][PASSED] - Statement - rows_count = rows_table.size(): null

2019-04-26 16:36:32 - [TEST_STEP][PASSED] - verifyGreaterThanOrEqual: Actual number '4' is greater than or equal to expected number '1'

2019-04-26 16:36:32 - [MESSAGE][PASSED] - Actual number '4' is greater than or equal to expected number '1']]></system-out>
         <system-err><![CDATA[]]></system-err>
      </testcase>
      <testcase name="Test Cases/Operational_Dashboard/157" classname="Test Cases/Operational_Dashboard/157" status="PASSED">
         <system-out><![CDATA[2019-04-26 16:36:32 - [TEST_CASE][PASSED] - Test Cases/Operational_Dashboard/157: Test Cases/Operational_Dashboard/157

2019-04-26 16:36:32 - [TEST_STEP][PASSED] - callTestCase: Call Test Case 'Test Cases/Operational_Dashboard/Login' successfully

2019-04-26 16:36:32 - [TEST_CASE][PASSED] - Test Cases/Operational_Dashboard/Login: Test Cases/Operational_Dashboard/Login

2019-04-26 16:36:32 - [TEST_STEP][PASSED] - callTestCase: Call Test Case 'Test Cases/s-sidebar_navigation/individualAccount/operationalDashboard' successfully

2019-04-26 16:36:32 - [TEST_CASE][PASSED] - Test Cases/s-sidebar_navigation/individualAccount/operationalDashboard: Test Cases/s-sidebar_navigation/individualAccount/operationalDashboard

2019-04-26 16:36:32 - [TEST_STEP][PASSED] - click: Object: 'Object Repository/Page_KiboEngage  Subscribers/span_Subscribers' is clicked on

2019-04-26 16:36:33 - [MESSAGE][PASSED] - Object: 'Object Repository/Page_KiboEngage  Subscribers/span_Subscribers' is clicked on

2019-04-26 16:36:33 - [TEST_STEP][PASSED] - click: Object: 'Object Repository/Page_KiboEngage  Subscribers/span_Operational Dashboard (1)' is clicked on

2019-04-26 16:36:33 - [MESSAGE][PASSED] - Object: 'Object Repository/Page_KiboEngage  Subscribers/span_Operational Dashboard (1)' is clicked on

2019-04-26 16:36:33 - [TEST_STEP][PASSED] - scrollToPosition: Browser is scrolled to position x = 0, y = 0

2019-04-26 16:36:33 - [MESSAGE][PASSED] - Browser is scrolled to position x = 0, y = 0

2019-04-26 16:36:33 - [TEST_STEP][PASSED] - delay: Delayed 2 second(s)

2019-04-26 16:36:35 - [MESSAGE][PASSED] - Delayed 2 second(s)

2019-04-26 16:36:35 - [TEST_STEP][PASSED] - click: Object: 'Object Repository/Page_KiboEngage  Operational Dashbo/h3_Pages Info (7)' is clicked on

2019-04-26 16:36:35 - [MESSAGE][PASSED] - Object: 'Object Repository/Page_KiboEngage  Operational Dashbo/h3_Pages Info (7)' is clicked on

2019-04-26 16:36:35 - [MESSAGE][PASSED] - Call Test Case 'Test Cases/s-sidebar_navigation/individualAccount/operationalDashboard' successfully

2019-04-26 16:36:35 - [MESSAGE][PASSED] - Call Test Case 'Test Cases/Operational_Dashboard/Login' successfully

2019-04-26 16:36:35 - [TEST_STEP][PASSED] - delay: Delayed 2 second(s)

2019-04-26 16:36:37 - [MESSAGE][PASSED] - Delayed 2 second(s)

2019-04-26 16:36:37 - [TEST_STEP][PASSED] - setText: Text 'cloudkibo1' is set on object 'Object Repository/Page_KiboEngage  Operational Dashbo/input_form-control m-input m-i'

2019-04-26 16:36:38 - [MESSAGE][PASSED] - Text 'cloudkibo1' is set on object 'Object Repository/Page_KiboEngage  Operational Dashbo/input_form-control m-input m-i'

2019-04-26 16:36:38 - [TEST_STEP][PASSED] - delay: Delayed 5 second(s)

2019-04-26 16:36:43 - [MESSAGE][PASSED] - Delayed 5 second(s)

2019-04-26 16:36:43 - [TEST_STEP][PASSED] - click: Object: 'Object Repository/Page_KiboEngage  Operational Dashbo/button_See more' is clicked on

2019-04-26 16:36:43 - [MESSAGE][PASSED] - Object: 'Object Repository/Page_KiboEngage  Operational Dashbo/button_See more' is clicked on

2019-04-26 16:36:43 - [TEST_STEP][PASSED] - delay: Delayed 1 second(s)

2019-04-26 16:36:44 - [MESSAGE][PASSED] - Delayed 1 second(s)

2019-04-26 16:36:44 - [TEST_STEP][PASSED] - scrollToPosition: Browser is scrolled to position x = 0, y = 0

2019-04-26 16:36:44 - [MESSAGE][PASSED] - Browser is scrolled to position x = 0, y = 0

2019-04-26 16:36:44 - [TEST_STEP][PASSED] - delay: Delayed 5 second(s)

2019-04-26 16:36:49 - [MESSAGE][PASSED] - Delayed 5 second(s)

2019-04-26 16:36:49 - [TEST_STEP][PASSED] - Statement - driver = com.kms.katalon.core.webui.driver.DriverFactory.getWebDriver(): null

2019-04-26 16:36:49 - [TEST_STEP][PASSED] - Statement - rows_table = driver.findElements(org.openqa.selenium.By.xpath("//*[@id="content"]/div/div/div/div[2]/div[3]/div[4]/div/div/div[2]/div/div/div[2]/table/tbody/tr")): null

2019-04-26 16:36:49 - [TEST_STEP][PASSED] - Statement - rows_count = rows_table.size(): null

2019-04-26 16:36:49 - [TEST_STEP][PASSED] - verifyGreaterThanOrEqual: Actual number '10' is greater than or equal to expected number '1'

2019-04-26 16:36:49 - [MESSAGE][PASSED] - Actual number '10' is greater than or equal to expected number '1']]></system-out>
         <system-err><![CDATA[]]></system-err>
      </testcase>
      <testcase name="Test Cases/Operational_Dashboard/158" classname="Test Cases/Operational_Dashboard/158" status="PASSED">
         <system-out><![CDATA[2019-04-26 16:36:49 - [TEST_CASE][PASSED] - Test Cases/Operational_Dashboard/158: Test Cases/Operational_Dashboard/158

2019-04-26 16:36:50 - [TEST_STEP][PASSED] - callTestCase: Call Test Case 'Test Cases/Operational_Dashboard/157' successfully

2019-04-26 16:36:50 - [TEST_CASE][PASSED] - Test Cases/Operational_Dashboard/157: Test Cases/Operational_Dashboard/157

2019-04-26 16:36:50 - [TEST_STEP][PASSED] - callTestCase: Call Test Case 'Test Cases/Operational_Dashboard/Login' successfully

2019-04-26 16:36:50 - [TEST_CASE][PASSED] - Test Cases/Operational_Dashboard/Login: Test Cases/Operational_Dashboard/Login

2019-04-26 16:36:50 - [TEST_STEP][PASSED] - callTestCase: Call Test Case 'Test Cases/s-sidebar_navigation/individualAccount/operationalDashboard' successfully

2019-04-26 16:36:50 - [TEST_CASE][PASSED] - Test Cases/s-sidebar_navigation/individualAccount/operationalDashboard: Test Cases/s-sidebar_navigation/individualAccount/operationalDashboard

2019-04-26 16:36:50 - [TEST_STEP][PASSED] - click: Object: 'Object Repository/Page_KiboEngage  Subscribers/span_Subscribers' is clicked on

2019-04-26 16:36:50 - [MESSAGE][PASSED] - Object: 'Object Repository/Page_KiboEngage  Subscribers/span_Subscribers' is clicked on

2019-04-26 16:36:50 - [TEST_STEP][PASSED] - click: Object: 'Object Repository/Page_KiboEngage  Subscribers/span_Operational Dashboard (1)' is clicked on

2019-04-26 16:36:51 - [MESSAGE][PASSED] - Object: 'Object Repository/Page_KiboEngage  Subscribers/span_Operational Dashboard (1)' is clicked on

2019-04-26 16:36:51 - [TEST_STEP][PASSED] - scrollToPosition: Browser is scrolled to position x = 0, y = 0

2019-04-26 16:36:51 - [MESSAGE][PASSED] - Browser is scrolled to position x = 0, y = 0

2019-04-26 16:36:51 - [TEST_STEP][PASSED] - delay: Delayed 2 second(s)

2019-04-26 16:36:53 - [MESSAGE][PASSED] - Delayed 2 second(s)

2019-04-26 16:36:53 - [TEST_STEP][PASSED] - click: Object: 'Object Repository/Page_KiboEngage  Operational Dashbo/h3_Pages Info (7)' is clicked on

2019-04-26 16:36:53 - [MESSAGE][PASSED] - Object: 'Object Repository/Page_KiboEngage  Operational Dashbo/h3_Pages Info (7)' is clicked on

2019-04-26 16:36:53 - [MESSAGE][PASSED] - Call Test Case 'Test Cases/s-sidebar_navigation/individualAccount/operationalDashboard' successfully

2019-04-26 16:36:53 - [MESSAGE][PASSED] - Call Test Case 'Test Cases/Operational_Dashboard/Login' successfully

2019-04-26 16:36:53 - [TEST_STEP][PASSED] - delay: Delayed 2 second(s)

2019-04-26 16:36:55 - [MESSAGE][PASSED] - Delayed 2 second(s)

2019-04-26 16:36:55 - [TEST_STEP][PASSED] - setText: Text 'cloudkibo1' is set on object 'Object Repository/Page_KiboEngage  Operational Dashbo/input_form-control m-input m-i'

2019-04-26 16:36:55 - [MESSAGE][PASSED] - Text 'cloudkibo1' is set on object 'Object Repository/Page_KiboEngage  Operational Dashbo/input_form-control m-input m-i'

2019-04-26 16:36:55 - [TEST_STEP][PASSED] - delay: Delayed 5 second(s)

2019-04-26 16:37:00 - [MESSAGE][PASSED] - Delayed 5 second(s)

2019-04-26 16:37:00 - [TEST_STEP][PASSED] - click: Object: 'Object Repository/Page_KiboEngage  Operational Dashbo/button_See more' is clicked on

2019-04-26 16:37:01 - [MESSAGE][PASSED] - Object: 'Object Repository/Page_KiboEngage  Operational Dashbo/button_See more' is clicked on

2019-04-26 16:37:01 - [TEST_STEP][PASSED] - delay: Delayed 1 second(s)

2019-04-26 16:37:02 - [MESSAGE][PASSED] - Delayed 1 second(s)

2019-04-26 16:37:02 - [TEST_STEP][PASSED] - scrollToPosition: Browser is scrolled to position x = 0, y = 0

2019-04-26 16:37:02 - [MESSAGE][PASSED] - Browser is scrolled to position x = 0, y = 0

2019-04-26 16:37:02 - [TEST_STEP][PASSED] - delay: Delayed 5 second(s)

2019-04-26 16:37:07 - [MESSAGE][PASSED] - Delayed 5 second(s)

2019-04-26 16:37:07 - [TEST_STEP][PASSED] - Statement - driver = com.kms.katalon.core.webui.driver.DriverFactory.getWebDriver(): null

2019-04-26 16:37:07 - [TEST_STEP][PASSED] - Statement - rows_table = driver.findElements(org.openqa.selenium.By.xpath("//*[@id="content"]/div/div/div/div[2]/div[3]/div[4]/div/div/div[2]/div/div/div[2]/table/tbody/tr")): null

2019-04-26 16:37:07 - [TEST_STEP][PASSED] - Statement - rows_count = rows_table.size(): null

2019-04-26 16:37:07 - [TEST_STEP][PASSED] - verifyGreaterThanOrEqual: Actual number '10' is greater than or equal to expected number '1'

2019-04-26 16:37:07 - [MESSAGE][PASSED] - Actual number '10' is greater than or equal to expected number '1'

2019-04-26 16:37:07 - [MESSAGE][PASSED] - Call Test Case 'Test Cases/Operational_Dashboard/157' successfully

2019-04-26 16:37:07 - [TEST_STEP][PASSED] - Statement - driver = com.kms.katalon.core.webui.driver.DriverFactory.getWebDriver(): null

2019-04-26 16:37:07 - [TEST_STEP][PASSED] - Statement - next = driver.findElement(org.openqa.selenium.By.xpath("//*[@id="content"]/div/div/div/div[2]/div[3]/div[4]/div/div/div[2]/div/div/div[2]/ul/li[4]/a")): null

2019-04-26 16:37:07 - [TEST_STEP][PASSED] - Statement - next.click(): null

2019-04-26 16:37:07 - [TEST_STEP][PASSED] - delay: Delayed 5 second(s)

2019-04-26 16:37:12 - [MESSAGE][PASSED] - Delayed 5 second(s)

2019-04-26 16:37:12 - [TEST_STEP][PASSED] - Statement - rows_table = driver.findElements(org.openqa.selenium.By.xpath("//*[@id="content"]/div/div/div/div[2]/div[3]/div[4]/div/div/div[2]/div/div/div[2]/table/tbody/tr")): null

2019-04-26 16:37:12 - [TEST_STEP][PASSED] - Statement - rows_count = rows_table.size(): null

2019-04-26 16:37:12 - [TEST_STEP][PASSED] - verifyGreaterThanOrEqual: Actual number '1' is greater than or equal to expected number '1'

2019-04-26 16:37:12 - [MESSAGE][PASSED] - Actual number '1' is greater than or equal to expected number '1']]></system-out>
         <system-err><![CDATA[]]></system-err>
      </testcase>
      <testcase name="Test Cases/Operational_Dashboard/159" classname="Test Cases/Operational_Dashboard/159" status="PASSED">
         <system-out><![CDATA[2019-04-26 16:37:12 - [TEST_CASE][PASSED] - Test Cases/Operational_Dashboard/159: Test Cases/Operational_Dashboard/159

2019-04-26 16:37:12 - [TEST_STEP][PASSED] - callTestCase: Call Test Case 'Test Cases/Operational_Dashboard/158' successfully

2019-04-26 16:37:12 - [TEST_CASE][PASSED] - Test Cases/Operational_Dashboard/158: Test Cases/Operational_Dashboard/158

2019-04-26 16:37:12 - [TEST_STEP][PASSED] - callTestCase: Call Test Case 'Test Cases/Operational_Dashboard/157' successfully

2019-04-26 16:37:12 - [TEST_CASE][PASSED] - Test Cases/Operational_Dashboard/157: Test Cases/Operational_Dashboard/157

2019-04-26 16:37:12 - [TEST_STEP][PASSED] - callTestCase: Call Test Case 'Test Cases/Operational_Dashboard/Login' successfully

2019-04-26 16:37:12 - [TEST_CASE][PASSED] - Test Cases/Operational_Dashboard/Login: Test Cases/Operational_Dashboard/Login

2019-04-26 16:37:12 - [TEST_STEP][PASSED] - callTestCase: Call Test Case 'Test Cases/s-sidebar_navigation/individualAccount/operationalDashboard' successfully

2019-04-26 16:37:12 - [TEST_CASE][PASSED] - Test Cases/s-sidebar_navigation/individualAccount/operationalDashboard: Test Cases/s-sidebar_navigation/individualAccount/operationalDashboard

2019-04-26 16:37:12 - [TEST_STEP][PASSED] - click: Object: 'Object Repository/Page_KiboEngage  Subscribers/span_Subscribers' is clicked on

2019-04-26 16:37:13 - [MESSAGE][PASSED] - Object: 'Object Repository/Page_KiboEngage  Subscribers/span_Subscribers' is clicked on

2019-04-26 16:37:13 - [TEST_STEP][PASSED] - click: Object: 'Object Repository/Page_KiboEngage  Subscribers/span_Operational Dashboard (1)' is clicked on

2019-04-26 16:37:13 - [MESSAGE][PASSED] - Object: 'Object Repository/Page_KiboEngage  Subscribers/span_Operational Dashboard (1)' is clicked on

2019-04-26 16:37:13 - [TEST_STEP][PASSED] - scrollToPosition: Browser is scrolled to position x = 0, y = 0

2019-04-26 16:37:13 - [MESSAGE][PASSED] - Browser is scrolled to position x = 0, y = 0

2019-04-26 16:37:13 - [TEST_STEP][PASSED] - delay: Delayed 2 second(s)

2019-04-26 16:37:15 - [MESSAGE][PASSED] - Delayed 2 second(s)

2019-04-26 16:37:15 - [TEST_STEP][PASSED] - click: Object: 'Object Repository/Page_KiboEngage  Operational Dashbo/h3_Pages Info (7)' is clicked on

2019-04-26 16:37:15 - [MESSAGE][PASSED] - Object: 'Object Repository/Page_KiboEngage  Operational Dashbo/h3_Pages Info (7)' is clicked on

2019-04-26 16:37:15 - [MESSAGE][PASSED] - Call Test Case 'Test Cases/s-sidebar_navigation/individualAccount/operationalDashboard' successfully

2019-04-26 16:37:15 - [MESSAGE][PASSED] - Call Test Case 'Test Cases/Operational_Dashboard/Login' successfully

2019-04-26 16:37:15 - [TEST_STEP][PASSED] - delay: Delayed 2 second(s)

2019-04-26 16:37:17 - [MESSAGE][PASSED] - Delayed 2 second(s)

2019-04-26 16:37:17 - [TEST_STEP][PASSED] - setText: Text 'cloudkibo1' is set on object 'Object Repository/Page_KiboEngage  Operational Dashbo/input_form-control m-input m-i'

2019-04-26 16:37:18 - [MESSAGE][PASSED] - Text 'cloudkibo1' is set on object 'Object Repository/Page_KiboEngage  Operational Dashbo/input_form-control m-input m-i'

2019-04-26 16:37:18 - [TEST_STEP][PASSED] - delay: Delayed 5 second(s)

2019-04-26 16:37:23 - [MESSAGE][PASSED] - Delayed 5 second(s)

2019-04-26 16:37:23 - [TEST_STEP][PASSED] - click: Object: 'Object Repository/Page_KiboEngage  Operational Dashbo/button_See more' is clicked on

2019-04-26 16:37:23 - [MESSAGE][PASSED] - Object: 'Object Repository/Page_KiboEngage  Operational Dashbo/button_See more' is clicked on

2019-04-26 16:37:23 - [TEST_STEP][PASSED] - delay: Delayed 1 second(s)

2019-04-26 16:37:24 - [MESSAGE][PASSED] - Delayed 1 second(s)

2019-04-26 16:37:24 - [TEST_STEP][PASSED] - scrollToPosition: Browser is scrolled to position x = 0, y = 0

2019-04-26 16:37:24 - [MESSAGE][PASSED] - Browser is scrolled to position x = 0, y = 0

2019-04-26 16:37:24 - [TEST_STEP][PASSED] - delay: Delayed 5 second(s)

2019-04-26 16:37:29 - [MESSAGE][PASSED] - Delayed 5 second(s)

2019-04-26 16:37:29 - [TEST_STEP][PASSED] - Statement - driver = com.kms.katalon.core.webui.driver.DriverFactory.getWebDriver(): null

2019-04-26 16:37:29 - [TEST_STEP][PASSED] - Statement - rows_table = driver.findElements(org.openqa.selenium.By.xpath("//*[@id="content"]/div/div/div/div[2]/div[3]/div[4]/div/div/div[2]/div/div/div[2]/table/tbody/tr")): null

2019-04-26 16:37:29 - [TEST_STEP][PASSED] - Statement - rows_count = rows_table.size(): null

2019-04-26 16:37:29 - [TEST_STEP][PASSED] - verifyGreaterThanOrEqual: Actual number '10' is greater than or equal to expected number '1'

2019-04-26 16:37:29 - [MESSAGE][PASSED] - Actual number '10' is greater than or equal to expected number '1'

2019-04-26 16:37:29 - [MESSAGE][PASSED] - Call Test Case 'Test Cases/Operational_Dashboard/157' successfully

2019-04-26 16:37:29 - [TEST_STEP][PASSED] - Statement - driver = com.kms.katalon.core.webui.driver.DriverFactory.getWebDriver(): null

2019-04-26 16:37:29 - [TEST_STEP][PASSED] - Statement - next = driver.findElement(org.openqa.selenium.By.xpath("//*[@id="content"]/div/div/div/div[2]/div[3]/div[4]/div/div/div[2]/div/div/div[2]/ul/li[4]/a")): null

2019-04-26 16:37:29 - [TEST_STEP][PASSED] - Statement - next.click(): null

2019-04-26 16:37:29 - [TEST_STEP][PASSED] - delay: Delayed 5 second(s)

2019-04-26 16:37:34 - [MESSAGE][PASSED] - Delayed 5 second(s)

2019-04-26 16:37:34 - [TEST_STEP][PASSED] - Statement - rows_table = driver.findElements(org.openqa.selenium.By.xpath("//*[@id="content"]/div/div/div/div[2]/div[3]/div[4]/div/div/div[2]/div/div/div[2]/table/tbody/tr")): null

2019-04-26 16:37:34 - [TEST_STEP][PASSED] - Statement - rows_count = rows_table.size(): null

2019-04-26 16:37:34 - [TEST_STEP][PASSED] - verifyGreaterThanOrEqual: Actual number '1' is greater than or equal to expected number '1'

2019-04-26 16:37:34 - [MESSAGE][PASSED] - Actual number '1' is greater than or equal to expected number '1'

2019-04-26 16:37:34 - [MESSAGE][PASSED] - Call Test Case 'Test Cases/Operational_Dashboard/158' successfully

2019-04-26 16:37:34 - [TEST_STEP][PASSED] - Statement - driver = com.kms.katalon.core.webui.driver.DriverFactory.getWebDriver(): null

2019-04-26 16:37:34 - [TEST_STEP][PASSED] - Statement - previous = driver.findElement(org.openqa.selenium.By.xpath("//*[@id="content"]/div/div/div/div[2]/div[3]/div[4]/div/div/div[2]/div/div/div[2]/ul/li[1]/a")): null

2019-04-26 16:37:34 - [TEST_STEP][PASSED] - Statement - previous.click(): null

2019-04-26 16:37:35 - [TEST_STEP][PASSED] - delay: Delayed 5 second(s)

2019-04-26 16:37:40 - [MESSAGE][PASSED] - Delayed 5 second(s)

2019-04-26 16:37:40 - [TEST_STEP][PASSED] - Statement - rows_table = driver.findElements(org.openqa.selenium.By.xpath("//*[@id="content"]/div/div/div/div[2]/div[3]/div[4]/div/div/div[2]/div/div/div[2]/table/tbody/tr")): null

2019-04-26 16:37:40 - [TEST_STEP][PASSED] - Statement - rows_count = rows_table.size(): null

2019-04-26 16:37:40 - [TEST_STEP][PASSED] - verifyEqual: Actual object '10' and expected object '10' are equal

2019-04-26 16:37:40 - [MESSAGE][PASSED] - Actual object '10' and expected object '10' are equal]]></system-out>
         <system-err><![CDATA[]]></system-err>
      </testcase>
      <testcase name="Test Cases/Operational_Dashboard/160" classname="Test Cases/Operational_Dashboard/160" status="PASSED">
         <system-out><![CDATA[2019-04-26 16:37:40 - [TEST_CASE][PASSED] - Test Cases/Operational_Dashboard/160: Test Cases/Operational_Dashboard/160

2019-04-26 16:37:40 - [TEST_STEP][PASSED] - callTestCase: Call Test Case 'Test Cases/Operational_Dashboard/157' successfully

2019-04-26 16:37:40 - [TEST_CASE][PASSED] - Test Cases/Operational_Dashboard/157: Test Cases/Operational_Dashboard/157

2019-04-26 16:37:40 - [TEST_STEP][PASSED] - callTestCase: Call Test Case 'Test Cases/Operational_Dashboard/Login' successfully

2019-04-26 16:37:40 - [TEST_CASE][PASSED] - Test Cases/Operational_Dashboard/Login: Test Cases/Operational_Dashboard/Login

2019-04-26 16:37:40 - [TEST_STEP][PASSED] - callTestCase: Call Test Case 'Test Cases/s-sidebar_navigation/individualAccount/operationalDashboard' successfully

2019-04-26 16:37:40 - [TEST_CASE][PASSED] - Test Cases/s-sidebar_navigation/individualAccount/operationalDashboard: Test Cases/s-sidebar_navigation/individualAccount/operationalDashboard

2019-04-26 16:37:40 - [TEST_STEP][PASSED] - click: Object: 'Object Repository/Page_KiboEngage  Subscribers/span_Subscribers' is clicked on

2019-04-26 16:37:41 - [MESSAGE][PASSED] - Object: 'Object Repository/Page_KiboEngage  Subscribers/span_Subscribers' is clicked on

2019-04-26 16:37:41 - [TEST_STEP][PASSED] - click: Object: 'Object Repository/Page_KiboEngage  Subscribers/span_Operational Dashboard (1)' is clicked on

2019-04-26 16:37:41 - [MESSAGE][PASSED] - Object: 'Object Repository/Page_KiboEngage  Subscribers/span_Operational Dashboard (1)' is clicked on

2019-04-26 16:37:41 - [TEST_STEP][PASSED] - scrollToPosition: Browser is scrolled to position x = 0, y = 0

2019-04-26 16:37:41 - [MESSAGE][PASSED] - Browser is scrolled to position x = 0, y = 0

2019-04-26 16:37:41 - [TEST_STEP][PASSED] - delay: Delayed 2 second(s)

2019-04-26 16:37:43 - [MESSAGE][PASSED] - Delayed 2 second(s)

2019-04-26 16:37:43 - [TEST_STEP][PASSED] - click: Object: 'Object Repository/Page_KiboEngage  Operational Dashbo/h3_Pages Info (7)' is clicked on

2019-04-26 16:37:43 - [MESSAGE][PASSED] - Object: 'Object Repository/Page_KiboEngage  Operational Dashbo/h3_Pages Info (7)' is clicked on

2019-04-26 16:37:44 - [MESSAGE][PASSED] - Call Test Case 'Test Cases/s-sidebar_navigation/individualAccount/operationalDashboard' successfully

2019-04-26 16:37:44 - [MESSAGE][PASSED] - Call Test Case 'Test Cases/Operational_Dashboard/Login' successfully

2019-04-26 16:37:44 - [TEST_STEP][PASSED] - delay: Delayed 2 second(s)

2019-04-26 16:37:46 - [MESSAGE][PASSED] - Delayed 2 second(s)

2019-04-26 16:37:46 - [TEST_STEP][PASSED] - setText: Text 'cloudkibo1' is set on object 'Object Repository/Page_KiboEngage  Operational Dashbo/input_form-control m-input m-i'

2019-04-26 16:37:46 - [MESSAGE][PASSED] - Text 'cloudkibo1' is set on object 'Object Repository/Page_KiboEngage  Operational Dashbo/input_form-control m-input m-i'

2019-04-26 16:37:46 - [TEST_STEP][PASSED] - delay: Delayed 5 second(s)

2019-04-26 16:37:51 - [MESSAGE][PASSED] - Delayed 5 second(s)

2019-04-26 16:37:51 - [TEST_STEP][PASSED] - click: Object: 'Object Repository/Page_KiboEngage  Operational Dashbo/button_See more' is clicked on

2019-04-26 16:37:51 - [MESSAGE][PASSED] - Object: 'Object Repository/Page_KiboEngage  Operational Dashbo/button_See more' is clicked on

2019-04-26 16:37:51 - [TEST_STEP][PASSED] - delay: Delayed 1 second(s)

2019-04-26 16:37:52 - [MESSAGE][PASSED] - Delayed 1 second(s)

2019-04-26 16:37:52 - [TEST_STEP][PASSED] - scrollToPosition: Browser is scrolled to position x = 0, y = 0

2019-04-26 16:37:53 - [MESSAGE][PASSED] - Browser is scrolled to position x = 0, y = 0

2019-04-26 16:37:53 - [TEST_STEP][PASSED] - delay: Delayed 5 second(s)

2019-04-26 16:37:58 - [MESSAGE][PASSED] - Delayed 5 second(s)

2019-04-26 16:37:58 - [TEST_STEP][PASSED] - Statement - driver = com.kms.katalon.core.webui.driver.DriverFactory.getWebDriver(): null

2019-04-26 16:37:58 - [TEST_STEP][PASSED] - Statement - rows_table = driver.findElements(org.openqa.selenium.By.xpath("//*[@id="content"]/div/div/div/div[2]/div[3]/div[4]/div/div/div[2]/div/div/div[2]/table/tbody/tr")): null

2019-04-26 16:37:58 - [TEST_STEP][PASSED] - Statement - rows_count = rows_table.size(): null

2019-04-26 16:37:58 - [TEST_STEP][PASSED] - verifyGreaterThanOrEqual: Actual number '10' is greater than or equal to expected number '1'

2019-04-26 16:37:58 - [MESSAGE][PASSED] - Actual number '10' is greater than or equal to expected number '1'

2019-04-26 16:37:58 - [MESSAGE][PASSED] - Call Test Case 'Test Cases/Operational_Dashboard/157' successfully

2019-04-26 16:37:58 - [TEST_STEP][PASSED] - Statement - driver = com.kms.katalon.core.webui.driver.DriverFactory.getWebDriver(): null

2019-04-26 16:37:58 - [TEST_STEP][PASSED] - Statement - next = driver.findElement(org.openqa.selenium.By.xpath("//*[@id="content"]/div/div/div/div[2]/div[3]/div[4]/div/div/div[2]/div/div/div[2]/ul/li[3]/a")): null

2019-04-26 16:37:58 - [TEST_STEP][PASSED] - Statement - next.click(): null

2019-04-26 16:37:58 - [TEST_STEP][PASSED] - delay: Delayed 5 second(s)

2019-04-26 16:38:03 - [MESSAGE][PASSED] - Delayed 5 second(s)

2019-04-26 16:38:03 - [TEST_STEP][PASSED] - Statement - rows_table = driver.findElements(org.openqa.selenium.By.xpath("//*[@id="content"]/div/div/div/div[2]/div[3]/div[4]/div/div/div[2]/div/div/div[2]/table/tbody/tr")): null

2019-04-26 16:38:03 - [TEST_STEP][PASSED] - Statement - rows_count = rows_table.size(): null

2019-04-26 16:38:03 - [TEST_STEP][PASSED] - verifyGreaterThanOrEqual: Actual number '1' is greater than or equal to expected number '1'

2019-04-26 16:38:03 - [MESSAGE][PASSED] - Actual number '1' is greater than or equal to expected number '1']]></system-out>
         <system-err><![CDATA[]]></system-err>
      </testcase>
      <testcase name="Test Cases/Operational_Dashboard/161" classname="Test Cases/Operational_Dashboard/161" status="PASSED">
         <system-out><![CDATA[2019-04-26 16:38:03 - [TEST_CASE][PASSED] - Test Cases/Operational_Dashboard/161: Test Cases/Operational_Dashboard/161

2019-04-26 16:38:03 - [TEST_STEP][PASSED] - callTestCase: Call Test Case 'Test Cases/Operational_Dashboard/157' successfully

2019-04-26 16:38:03 - [TEST_CASE][PASSED] - Test Cases/Operational_Dashboard/157: Test Cases/Operational_Dashboard/157

2019-04-26 16:38:03 - [TEST_STEP][PASSED] - callTestCase: Call Test Case 'Test Cases/Operational_Dashboard/Login' successfully

2019-04-26 16:38:03 - [TEST_CASE][PASSED] - Test Cases/Operational_Dashboard/Login: Test Cases/Operational_Dashboard/Login

2019-04-26 16:38:03 - [TEST_STEP][PASSED] - callTestCase: Call Test Case 'Test Cases/s-sidebar_navigation/individualAccount/operationalDashboard' successfully

2019-04-26 16:38:03 - [TEST_CASE][PASSED] - Test Cases/s-sidebar_navigation/individualAccount/operationalDashboard: Test Cases/s-sidebar_navigation/individualAccount/operationalDashboard

2019-04-26 16:38:03 - [TEST_STEP][PASSED] - click: Object: 'Object Repository/Page_KiboEngage  Subscribers/span_Subscribers' is clicked on

2019-04-26 16:38:03 - [MESSAGE][PASSED] - Object: 'Object Repository/Page_KiboEngage  Subscribers/span_Subscribers' is clicked on

2019-04-26 16:38:03 - [TEST_STEP][PASSED] - click: Object: 'Object Repository/Page_KiboEngage  Subscribers/span_Operational Dashboard (1)' is clicked on

2019-04-26 16:38:04 - [MESSAGE][PASSED] - Object: 'Object Repository/Page_KiboEngage  Subscribers/span_Operational Dashboard (1)' is clicked on

2019-04-26 16:38:04 - [TEST_STEP][PASSED] - scrollToPosition: Browser is scrolled to position x = 0, y = 0

2019-04-26 16:38:04 - [MESSAGE][PASSED] - Browser is scrolled to position x = 0, y = 0

2019-04-26 16:38:04 - [TEST_STEP][PASSED] - delay: Delayed 2 second(s)

2019-04-26 16:38:06 - [MESSAGE][PASSED] - Delayed 2 second(s)

2019-04-26 16:38:06 - [TEST_STEP][PASSED] - click: Object: 'Object Repository/Page_KiboEngage  Operational Dashbo/h3_Pages Info (7)' is clicked on

2019-04-26 16:38:06 - [MESSAGE][PASSED] - Object: 'Object Repository/Page_KiboEngage  Operational Dashbo/h3_Pages Info (7)' is clicked on

2019-04-26 16:38:06 - [MESSAGE][PASSED] - Call Test Case 'Test Cases/s-sidebar_navigation/individualAccount/operationalDashboard' successfully

2019-04-26 16:38:06 - [MESSAGE][PASSED] - Call Test Case 'Test Cases/Operational_Dashboard/Login' successfully

2019-04-26 16:38:06 - [TEST_STEP][PASSED] - delay: Delayed 2 second(s)

2019-04-26 16:38:08 - [MESSAGE][PASSED] - Delayed 2 second(s)

2019-04-26 16:38:08 - [TEST_STEP][PASSED] - setText: Text 'cloudkibo1' is set on object 'Object Repository/Page_KiboEngage  Operational Dashbo/input_form-control m-input m-i'

2019-04-26 16:38:09 - [MESSAGE][PASSED] - Text 'cloudkibo1' is set on object 'Object Repository/Page_KiboEngage  Operational Dashbo/input_form-control m-input m-i'

2019-04-26 16:38:09 - [TEST_STEP][PASSED] - delay: Delayed 5 second(s)

2019-04-26 16:38:14 - [MESSAGE][PASSED] - Delayed 5 second(s)

2019-04-26 16:38:14 - [TEST_STEP][PASSED] - click: Object: 'Object Repository/Page_KiboEngage  Operational Dashbo/button_See more' is clicked on

2019-04-26 16:38:14 - [MESSAGE][PASSED] - Object: 'Object Repository/Page_KiboEngage  Operational Dashbo/button_See more' is clicked on

2019-04-26 16:38:14 - [TEST_STEP][PASSED] - delay: Delayed 1 second(s)

2019-04-26 16:38:15 - [MESSAGE][PASSED] - Delayed 1 second(s)

2019-04-26 16:38:15 - [TEST_STEP][PASSED] - scrollToPosition: Browser is scrolled to position x = 0, y = 0

2019-04-26 16:38:15 - [MESSAGE][PASSED] - Browser is scrolled to position x = 0, y = 0

2019-04-26 16:38:15 - [TEST_STEP][PASSED] - delay: Delayed 5 second(s)

2019-04-26 16:38:20 - [MESSAGE][PASSED] - Delayed 5 second(s)

2019-04-26 16:38:20 - [TEST_STEP][PASSED] - Statement - driver = com.kms.katalon.core.webui.driver.DriverFactory.getWebDriver(): null

2019-04-26 16:38:20 - [TEST_STEP][PASSED] - Statement - rows_table = driver.findElements(org.openqa.selenium.By.xpath("//*[@id="content"]/div/div/div/div[2]/div[3]/div[4]/div/div/div[2]/div/div/div[2]/table/tbody/tr")): null

2019-04-26 16:38:20 - [TEST_STEP][PASSED] - Statement - rows_count = rows_table.size(): null

2019-04-26 16:38:20 - [TEST_STEP][PASSED] - verifyGreaterThanOrEqual: Actual number '10' is greater than or equal to expected number '1'

2019-04-26 16:38:20 - [MESSAGE][PASSED] - Actual number '10' is greater than or equal to expected number '1'

2019-04-26 16:38:20 - [MESSAGE][PASSED] - Call Test Case 'Test Cases/Operational_Dashboard/157' successfully

2019-04-26 16:38:20 - [TEST_STEP][PASSED] - Statement - driver = com.kms.katalon.core.webui.driver.DriverFactory.getWebDriver(): null

2019-04-26 16:38:20 - [TEST_STEP][PASSED] - Statement - input_search_page = driver.findElement(org.openqa.selenium.By.xpath("//*[@id="content"]/div/div/div/div[2]/div[3]/div[4]/div/div/div[2]/div/div/div[1]/div[1]/input")): null

2019-04-26 16:38:20 - [TEST_STEP][PASSED] - Statement - input_search_page.sendKeys("2"): null

2019-04-26 16:38:20 - [TEST_STEP][PASSED] - delay: Delayed 5 second(s)

2019-04-26 16:38:25 - [MESSAGE][PASSED] - Delayed 5 second(s)

2019-04-26 16:38:25 - [TEST_STEP][PASSED] - Statement - rows_table = driver.findElements(org.openqa.selenium.By.xpath("//*[@id="content"]/div/div/div/div[2]/div[3]/div[4]/div/div/div[2]/div/div/div[2]/table/tbody/tr")): null

2019-04-26 16:38:25 - [TEST_STEP][PASSED] - Statement - rows_count = rows_table.size(): null

2019-04-26 16:38:25 - [TEST_STEP][PASSED] - verifyGreaterThanOrEqual: Actual number '10' is greater than or equal to expected number '1'

2019-04-26 16:38:25 - [MESSAGE][PASSED] - Actual number '10' is greater than or equal to expected number '1']]></system-out>
         <system-err><![CDATA[]]></system-err>
      </testcase>
      <testcase name="Test Cases/Operational_Dashboard/166" classname="Test Cases/Operational_Dashboard/166" status="PASSED">
         <system-out><![CDATA[2019-04-26 16:38:25 - [TEST_CASE][PASSED] - Test Cases/Operational_Dashboard/166: Test Cases/Operational_Dashboard/166

2019-04-26 16:38:25 - [TEST_STEP][PASSED] - callTestCase: Call Test Case 'Test Cases/Operational_Dashboard/134' successfully

2019-04-26 16:38:25 - [TEST_CASE][PASSED] - Test Cases/Operational_Dashboard/134: Test Cases/Operational_Dashboard/134

2019-04-26 16:38:25 - [TEST_STEP][PASSED] - callTestCase: Call Test Case 'Test Cases/Operational_Dashboard/Login' successfully

2019-04-26 16:38:25 - [TEST_CASE][PASSED] - Test Cases/Operational_Dashboard/Login: Test Cases/Operational_Dashboard/Login

2019-04-26 16:38:25 - [TEST_STEP][PASSED] - callTestCase: Call Test Case 'Test Cases/s-sidebar_navigation/individualAccount/operationalDashboard' successfully

2019-04-26 16:38:25 - [TEST_CASE][PASSED] - Test Cases/s-sidebar_navigation/individualAccount/operationalDashboard: Test Cases/s-sidebar_navigation/individualAccount/operationalDashboard

2019-04-26 16:38:25 - [TEST_STEP][PASSED] - click: Object: 'Object Repository/Page_KiboEngage  Subscribers/span_Subscribers' is clicked on

2019-04-26 16:38:25 - [MESSAGE][PASSED] - Object: 'Object Repository/Page_KiboEngage  Subscribers/span_Subscribers' is clicked on

2019-04-26 16:38:25 - [TEST_STEP][PASSED] - click: Object: 'Object Repository/Page_KiboEngage  Subscribers/span_Operational Dashboard (1)' is clicked on

2019-04-26 16:38:26 - [MESSAGE][PASSED] - Object: 'Object Repository/Page_KiboEngage  Subscribers/span_Operational Dashboard (1)' is clicked on

2019-04-26 16:38:26 - [TEST_STEP][PASSED] - scrollToPosition: Browser is scrolled to position x = 0, y = 0

2019-04-26 16:38:26 - [MESSAGE][PASSED] - Browser is scrolled to position x = 0, y = 0

2019-04-26 16:38:26 - [TEST_STEP][PASSED] - delay: Delayed 2 second(s)

2019-04-26 16:38:28 - [MESSAGE][PASSED] - Delayed 2 second(s)

2019-04-26 16:38:28 - [TEST_STEP][PASSED] - click: Object: 'Object Repository/Page_KiboEngage  Operational Dashbo/h3_Pages Info (7)' is clicked on

2019-04-26 16:38:28 - [MESSAGE][PASSED] - Object: 'Object Repository/Page_KiboEngage  Operational Dashbo/h3_Pages Info (7)' is clicked on

2019-04-26 16:38:28 - [MESSAGE][PASSED] - Call Test Case 'Test Cases/s-sidebar_navigation/individualAccount/operationalDashboard' successfully

2019-04-26 16:38:28 - [MESSAGE][PASSED] - Call Test Case 'Test Cases/Operational_Dashboard/Login' successfully

2019-04-26 16:38:28 - [TEST_STEP][PASSED] - delay: Delayed 5 second(s)

2019-04-26 16:38:33 - [MESSAGE][PASSED] - Delayed 5 second(s)

2019-04-26 16:38:33 - [TEST_STEP][PASSED] - click: Object: 'Object Repository/Page_KiboEngage  Operational Dashbo/button_See more' is clicked on

2019-04-26 16:38:33 - [MESSAGE][PASSED] - Object: 'Object Repository/Page_KiboEngage  Operational Dashbo/button_See more' is clicked on

2019-04-26 16:38:33 - [TEST_STEP][PASSED] - delay: Delayed 1 second(s)

2019-04-26 16:38:34 - [MESSAGE][PASSED] - Delayed 1 second(s)

2019-04-26 16:38:34 - [TEST_STEP][PASSED] - scrollToPosition: Browser is scrolled to position x = 0, y = 0

2019-04-26 16:38:34 - [MESSAGE][PASSED] - Browser is scrolled to position x = 0, y = 0

2019-04-26 16:38:34 - [TEST_STEP][PASSED] - verifyTextPresent: Text 'Pages' is present on page 

2019-04-26 16:38:35 - [MESSAGE][PASSED] - Text 'Pages' is present on page 

2019-04-26 16:38:35 - [TEST_STEP][PASSED] - verifyTextPresent: Text 'Broadcasts' is present on page 

2019-04-26 16:38:35 - [MESSAGE][PASSED] - Text 'Broadcasts' is present on page 

2019-04-26 16:38:35 - [TEST_STEP][PASSED] - verifyTextPresent: Text 'Surveys' is present on page 

2019-04-26 16:38:35 - [MESSAGE][PASSED] - Text 'Surveys' is present on page 

2019-04-26 16:38:35 - [TEST_STEP][PASSED] - verifyTextPresent: Text 'Polls' is present on page 

2019-04-26 16:38:35 - [MESSAGE][PASSED] - Text 'Polls' is present on page 

2019-04-26 16:38:35 - [MESSAGE][PASSED] - Call Test Case 'Test Cases/Operational_Dashboard/134' successfully

2019-04-26 16:38:35 - [TEST_STEP][PASSED] - click: Object: 'Object Repository/Page_KiboEngage  User Details/a_Back' is clicked on

2019-04-26 16:38:36 - [MESSAGE][PASSED] - Object: 'Object Repository/Page_KiboEngage  User Details/a_Back' is clicked on

2019-04-26 16:38:36 - [TEST_STEP][PASSED] - scrollToPosition: Browser is scrolled to position x = 0, y = 0

2019-04-26 16:38:36 - [MESSAGE][PASSED] - Browser is scrolled to position x = 0, y = 0

2019-04-26 16:38:36 - [TEST_STEP][PASSED] - click: Object: 'Object Repository/Page_KiboEngage  Operational Dashbo/h3_Pages Info (5)' is clicked on

2019-04-26 16:38:36 - [MESSAGE][PASSED] - Object: 'Object Repository/Page_KiboEngage  Operational Dashbo/h3_Pages Info (5)' is clicked on]]></system-out>
         <system-err><![CDATA[]]></system-err>
      </testcase>
      <testcase name="Test Cases/Operational_Dashboard/167" classname="Test Cases/Operational_Dashboard/167" status="PASSED">
         <system-out><![CDATA[2019-04-26 16:38:36 - [TEST_CASE][PASSED] - Test Cases/Operational_Dashboard/167: Test Cases/Operational_Dashboard/167

2019-04-26 16:38:36 - [TEST_STEP][PASSED] - callTestCase: Call Test Case 'Test Cases/Operational_Dashboard/Login' successfully

2019-04-26 16:38:36 - [TEST_CASE][PASSED] - Test Cases/Operational_Dashboard/Login: Test Cases/Operational_Dashboard/Login

2019-04-26 16:38:36 - [TEST_STEP][PASSED] - callTestCase: Call Test Case 'Test Cases/s-sidebar_navigation/individualAccount/operationalDashboard' successfully

2019-04-26 16:38:36 - [TEST_CASE][PASSED] - Test Cases/s-sidebar_navigation/individualAccount/operationalDashboard: Test Cases/s-sidebar_navigation/individualAccount/operationalDashboard

2019-04-26 16:38:36 - [TEST_STEP][PASSED] - click: Object: 'Object Repository/Page_KiboEngage  Subscribers/span_Subscribers' is clicked on

2019-04-26 16:38:37 - [MESSAGE][PASSED] - Object: 'Object Repository/Page_KiboEngage  Subscribers/span_Subscribers' is clicked on

2019-04-26 16:38:37 - [TEST_STEP][PASSED] - click: Object: 'Object Repository/Page_KiboEngage  Subscribers/span_Operational Dashboard (1)' is clicked on

2019-04-26 16:38:37 - [MESSAGE][PASSED] - Object: 'Object Repository/Page_KiboEngage  Subscribers/span_Operational Dashboard (1)' is clicked on

2019-04-26 16:38:37 - [TEST_STEP][PASSED] - scrollToPosition: Browser is scrolled to position x = 0, y = 0

2019-04-26 16:38:37 - [MESSAGE][PASSED] - Browser is scrolled to position x = 0, y = 0

2019-04-26 16:38:37 - [TEST_STEP][PASSED] - delay: Delayed 2 second(s)

2019-04-26 16:38:39 - [MESSAGE][PASSED] - Delayed 2 second(s)

2019-04-26 16:38:39 - [TEST_STEP][PASSED] - click: Object: 'Object Repository/Page_KiboEngage  Operational Dashbo/h3_Pages Info (7)' is clicked on

2019-04-26 16:38:39 - [MESSAGE][PASSED] - Object: 'Object Repository/Page_KiboEngage  Operational Dashbo/h3_Pages Info (7)' is clicked on

2019-04-26 16:38:39 - [MESSAGE][PASSED] - Call Test Case 'Test Cases/s-sidebar_navigation/individualAccount/operationalDashboard' successfully

2019-04-26 16:38:39 - [MESSAGE][PASSED] - Call Test Case 'Test Cases/Operational_Dashboard/Login' successfully

2019-04-26 16:38:39 - [TEST_STEP][PASSED] - click: Object: 'Object Repository/Page_KiboEngage  Operational Dashbo/i_la la-angle-down' is clicked on

2019-04-26 16:38:39 - [MESSAGE][PASSED] - Object: 'Object Repository/Page_KiboEngage  Operational Dashbo/i_la la-angle-down' is clicked on

2019-04-26 16:38:39 - [TEST_STEP][PASSED] - delay: Delayed 5 second(s)

2019-04-26 16:38:44 - [MESSAGE][PASSED] - Delayed 5 second(s)

2019-04-26 16:38:44 - [TEST_STEP][PASSED] - Statement - driver = com.kms.katalon.core.webui.driver.DriverFactory.getWebDriver(): null

2019-04-26 16:38:44 - [TEST_STEP][PASSED] - Statement - rows_table = driver.findElements(org.openqa.selenium.By.xpath("//*[@id="content"]/div/div/div/div[2]/div[3]/div[5]/div/div/div[2]/div/div/div[2]/table/tbody/tr")): null

2019-04-26 16:38:44 - [TEST_STEP][PASSED] - Statement - rows_count = rows_table.size(): null

2019-04-26 16:38:44 - [TEST_STEP][PASSED] - verifyGreaterThanOrEqual: Actual number '10' is greater than or equal to expected number '1'

2019-04-26 16:38:44 - [MESSAGE][PASSED] - Actual number '10' is greater than or equal to expected number '1']]></system-out>
         <system-err><![CDATA[]]></system-err>
      </testcase>
      <testcase name="Test Cases/Operational_Dashboard/168" classname="Test Cases/Operational_Dashboard/168" status="PASSED">
         <system-out><![CDATA[2019-04-26 16:38:44 - [TEST_CASE][PASSED] - Test Cases/Operational_Dashboard/168: Test Cases/Operational_Dashboard/168

2019-04-26 16:38:44 - [TEST_STEP][PASSED] - callTestCase: Call Test Case 'Test Cases/Operational_Dashboard/167' successfully

2019-04-26 16:38:45 - [TEST_CASE][PASSED] - Test Cases/Operational_Dashboard/167: Test Cases/Operational_Dashboard/167

2019-04-26 16:38:45 - [TEST_STEP][PASSED] - callTestCase: Call Test Case 'Test Cases/Operational_Dashboard/Login' successfully

2019-04-26 16:38:45 - [TEST_CASE][PASSED] - Test Cases/Operational_Dashboard/Login: Test Cases/Operational_Dashboard/Login

2019-04-26 16:38:45 - [TEST_STEP][PASSED] - callTestCase: Call Test Case 'Test Cases/s-sidebar_navigation/individualAccount/operationalDashboard' successfully

2019-04-26 16:38:45 - [TEST_CASE][PASSED] - Test Cases/s-sidebar_navigation/individualAccount/operationalDashboard: Test Cases/s-sidebar_navigation/individualAccount/operationalDashboard

2019-04-26 16:38:45 - [TEST_STEP][PASSED] - click: Object: 'Object Repository/Page_KiboEngage  Subscribers/span_Subscribers' is clicked on

2019-04-26 16:38:45 - [MESSAGE][PASSED] - Object: 'Object Repository/Page_KiboEngage  Subscribers/span_Subscribers' is clicked on

2019-04-26 16:38:45 - [TEST_STEP][PASSED] - click: Object: 'Object Repository/Page_KiboEngage  Subscribers/span_Operational Dashboard (1)' is clicked on

2019-04-26 16:38:45 - [MESSAGE][PASSED] - Object: 'Object Repository/Page_KiboEngage  Subscribers/span_Operational Dashboard (1)' is clicked on

2019-04-26 16:38:45 - [TEST_STEP][PASSED] - scrollToPosition: Browser is scrolled to position x = 0, y = 0

2019-04-26 16:38:45 - [MESSAGE][PASSED] - Browser is scrolled to position x = 0, y = 0

2019-04-26 16:38:45 - [TEST_STEP][PASSED] - delay: Delayed 2 second(s)

2019-04-26 16:38:47 - [MESSAGE][PASSED] - Delayed 2 second(s)

2019-04-26 16:38:47 - [TEST_STEP][PASSED] - click: Object: 'Object Repository/Page_KiboEngage  Operational Dashbo/h3_Pages Info (7)' is clicked on

2019-04-26 16:38:48 - [MESSAGE][PASSED] - Object: 'Object Repository/Page_KiboEngage  Operational Dashbo/h3_Pages Info (7)' is clicked on

2019-04-26 16:38:48 - [MESSAGE][PASSED] - Call Test Case 'Test Cases/s-sidebar_navigation/individualAccount/operationalDashboard' successfully

2019-04-26 16:38:48 - [MESSAGE][PASSED] - Call Test Case 'Test Cases/Operational_Dashboard/Login' successfully

2019-04-26 16:38:48 - [TEST_STEP][PASSED] - click: Object: 'Object Repository/Page_KiboEngage  Operational Dashbo/i_la la-angle-down' is clicked on

2019-04-26 16:38:48 - [MESSAGE][PASSED] - Object: 'Object Repository/Page_KiboEngage  Operational Dashbo/i_la la-angle-down' is clicked on

2019-04-26 16:38:48 - [TEST_STEP][PASSED] - delay: Delayed 5 second(s)

2019-04-26 16:38:53 - [MESSAGE][PASSED] - Delayed 5 second(s)

2019-04-26 16:38:53 - [TEST_STEP][PASSED] - Statement - driver = com.kms.katalon.core.webui.driver.DriverFactory.getWebDriver(): null

2019-04-26 16:38:53 - [TEST_STEP][PASSED] - Statement - rows_table = driver.findElements(org.openqa.selenium.By.xpath("//*[@id="content"]/div/div/div/div[2]/div[3]/div[5]/div/div/div[2]/div/div/div[2]/table/tbody/tr")): null

2019-04-26 16:38:53 - [TEST_STEP][PASSED] - Statement - rows_count = rows_table.size(): null

2019-04-26 16:38:53 - [TEST_STEP][PASSED] - verifyGreaterThanOrEqual: Actual number '10' is greater than or equal to expected number '1'

2019-04-26 16:38:53 - [MESSAGE][PASSED] - Actual number '10' is greater than or equal to expected number '1'

2019-04-26 16:38:53 - [MESSAGE][PASSED] - Call Test Case 'Test Cases/Operational_Dashboard/167' successfully

2019-04-26 16:38:53 - [TEST_STEP][PASSED] - Statement - driver = com.kms.katalon.core.webui.driver.DriverFactory.getWebDriver(): null

2019-04-26 16:38:53 - [TEST_STEP][PASSED] - Statement - next = driver.findElement(org.openqa.selenium.By.xpath("//*[@id="content"]/div/div/div/div[2]/div[3]/div[5]/div/div/div[2]/div/div/div[2]/ul/li[8]/a")): null

2019-04-26 16:38:53 - [TEST_STEP][PASSED] - Statement - next.click(): null

2019-04-26 16:38:53 - [TEST_STEP][PASSED] - delay: Delayed 5 second(s)

2019-04-26 16:38:58 - [MESSAGE][PASSED] - Delayed 5 second(s)

2019-04-26 16:38:58 - [TEST_STEP][PASSED] - Statement - rows_table = driver.findElements(org.openqa.selenium.By.xpath("//*[@id="content"]/div/div/div/div[2]/div[3]/div[5]/div/div/div[2]/div/div/div[2]/table/tbody/tr")): null

2019-04-26 16:38:58 - [TEST_STEP][PASSED] - Statement - rows_count = rows_table.size(): null

2019-04-26 16:38:58 - [TEST_STEP][PASSED] - verifyGreaterThanOrEqual: Actual number '10' is greater than or equal to expected number '1'

2019-04-26 16:38:58 - [MESSAGE][PASSED] - Actual number '10' is greater than or equal to expected number '1']]></system-out>
         <system-err><![CDATA[]]></system-err>
      </testcase>
      <testcase name="Test Cases/Operational_Dashboard/169" classname="Test Cases/Operational_Dashboard/169" status="PASSED">
         <system-out><![CDATA[2019-04-26 16:38:58 - [TEST_CASE][PASSED] - Test Cases/Operational_Dashboard/169: Test Cases/Operational_Dashboard/169

2019-04-26 16:38:58 - [TEST_STEP][PASSED] - callTestCase: Call Test Case 'Test Cases/Operational_Dashboard/168' successfully

2019-04-26 16:38:58 - [TEST_CASE][PASSED] - Test Cases/Operational_Dashboard/168: Test Cases/Operational_Dashboard/168

2019-04-26 16:38:58 - [TEST_STEP][PASSED] - callTestCase: Call Test Case 'Test Cases/Operational_Dashboard/167' successfully

2019-04-26 16:38:58 - [TEST_CASE][PASSED] - Test Cases/Operational_Dashboard/167: Test Cases/Operational_Dashboard/167

2019-04-26 16:38:58 - [TEST_STEP][PASSED] - callTestCase: Call Test Case 'Test Cases/Operational_Dashboard/Login' successfully

2019-04-26 16:38:59 - [TEST_CASE][PASSED] - Test Cases/Operational_Dashboard/Login: Test Cases/Operational_Dashboard/Login

2019-04-26 16:38:59 - [TEST_STEP][PASSED] - callTestCase: Call Test Case 'Test Cases/s-sidebar_navigation/individualAccount/operationalDashboard' successfully

2019-04-26 16:38:59 - [TEST_CASE][PASSED] - Test Cases/s-sidebar_navigation/individualAccount/operationalDashboard: Test Cases/s-sidebar_navigation/individualAccount/operationalDashboard

2019-04-26 16:38:59 - [TEST_STEP][PASSED] - click: Object: 'Object Repository/Page_KiboEngage  Subscribers/span_Subscribers' is clicked on

2019-04-26 16:38:59 - [MESSAGE][PASSED] - Object: 'Object Repository/Page_KiboEngage  Subscribers/span_Subscribers' is clicked on

2019-04-26 16:38:59 - [TEST_STEP][PASSED] - click: Object: 'Object Repository/Page_KiboEngage  Subscribers/span_Operational Dashboard (1)' is clicked on

2019-04-26 16:38:59 - [MESSAGE][PASSED] - Object: 'Object Repository/Page_KiboEngage  Subscribers/span_Operational Dashboard (1)' is clicked on

2019-04-26 16:38:59 - [TEST_STEP][PASSED] - scrollToPosition: Browser is scrolled to position x = 0, y = 0

2019-04-26 16:38:59 - [MESSAGE][PASSED] - Browser is scrolled to position x = 0, y = 0

2019-04-26 16:38:59 - [TEST_STEP][PASSED] - delay: Delayed 2 second(s)

2019-04-26 16:39:01 - [MESSAGE][PASSED] - Delayed 2 second(s)

2019-04-26 16:39:01 - [TEST_STEP][PASSED] - click: Object: 'Object Repository/Page_KiboEngage  Operational Dashbo/h3_Pages Info (7)' is clicked on

2019-04-26 16:39:01 - [MESSAGE][PASSED] - Object: 'Object Repository/Page_KiboEngage  Operational Dashbo/h3_Pages Info (7)' is clicked on

2019-04-26 16:39:01 - [MESSAGE][PASSED] - Call Test Case 'Test Cases/s-sidebar_navigation/individualAccount/operationalDashboard' successfully

2019-04-26 16:39:01 - [MESSAGE][PASSED] - Call Test Case 'Test Cases/Operational_Dashboard/Login' successfully

2019-04-26 16:39:01 - [TEST_STEP][PASSED] - click: Object: 'Object Repository/Page_KiboEngage  Operational Dashbo/i_la la-angle-down' is clicked on

2019-04-26 16:39:02 - [MESSAGE][PASSED] - Object: 'Object Repository/Page_KiboEngage  Operational Dashbo/i_la la-angle-down' is clicked on

2019-04-26 16:39:02 - [TEST_STEP][PASSED] - delay: Delayed 5 second(s)

2019-04-26 16:39:07 - [MESSAGE][PASSED] - Delayed 5 second(s)

2019-04-26 16:39:07 - [TEST_STEP][PASSED] - Statement - driver = com.kms.katalon.core.webui.driver.DriverFactory.getWebDriver(): null

2019-04-26 16:39:07 - [TEST_STEP][PASSED] - Statement - rows_table = driver.findElements(org.openqa.selenium.By.xpath("//*[@id="content"]/div/div/div/div[2]/div[3]/div[5]/div/div/div[2]/div/div/div[2]/table/tbody/tr")): null

2019-04-26 16:39:07 - [TEST_STEP][PASSED] - Statement - rows_count = rows_table.size(): null

2019-04-26 16:39:07 - [TEST_STEP][PASSED] - verifyGreaterThanOrEqual: Actual number '10' is greater than or equal to expected number '1'

2019-04-26 16:39:07 - [MESSAGE][PASSED] - Actual number '10' is greater than or equal to expected number '1'

2019-04-26 16:39:07 - [MESSAGE][PASSED] - Call Test Case 'Test Cases/Operational_Dashboard/167' successfully

2019-04-26 16:39:07 - [TEST_STEP][PASSED] - Statement - driver = com.kms.katalon.core.webui.driver.DriverFactory.getWebDriver(): null

2019-04-26 16:39:07 - [TEST_STEP][PASSED] - Statement - next = driver.findElement(org.openqa.selenium.By.xpath("//*[@id="content"]/div/div/div/div[2]/div[3]/div[5]/div/div/div[2]/div/div/div[2]/ul/li[8]/a")): null

2019-04-26 16:39:07 - [TEST_STEP][PASSED] - Statement - next.click(): null

2019-04-26 16:39:07 - [TEST_STEP][PASSED] - delay: Delayed 5 second(s)

2019-04-26 16:39:12 - [MESSAGE][PASSED] - Delayed 5 second(s)

2019-04-26 16:39:12 - [TEST_STEP][PASSED] - Statement - rows_table = driver.findElements(org.openqa.selenium.By.xpath("//*[@id="content"]/div/div/div/div[2]/div[3]/div[5]/div/div/div[2]/div/div/div[2]/table/tbody/tr")): null

2019-04-26 16:39:12 - [TEST_STEP][PASSED] - Statement - rows_count = rows_table.size(): null

2019-04-26 16:39:12 - [TEST_STEP][PASSED] - verifyGreaterThanOrEqual: Actual number '10' is greater than or equal to expected number '1'

2019-04-26 16:39:12 - [MESSAGE][PASSED] - Actual number '10' is greater than or equal to expected number '1'

2019-04-26 16:39:12 - [MESSAGE][PASSED] - Call Test Case 'Test Cases/Operational_Dashboard/168' successfully

2019-04-26 16:39:12 - [TEST_STEP][PASSED] - Statement - driver = com.kms.katalon.core.webui.driver.DriverFactory.getWebDriver(): null

2019-04-26 16:39:12 - [TEST_STEP][PASSED] - Statement - PREVIOUS = driver.findElement(org.openqa.selenium.By.xpath("//*[@id="content"]/div/div/div/div[2]/div[3]/div[5]/div/div/div[2]/div/div/div[2]/ul/li[1]/a")): null

2019-04-26 16:39:12 - [TEST_STEP][PASSED] - Statement - PREVIOUS.click(): null

2019-04-26 16:39:12 - [TEST_STEP][PASSED] - delay: Delayed 5 second(s)

2019-04-26 16:39:17 - [MESSAGE][PASSED] - Delayed 5 second(s)

2019-04-26 16:39:17 - [TEST_STEP][PASSED] - Statement - rows_table = driver.findElements(org.openqa.selenium.By.xpath("//*[@id="content"]/div/div/div/div[2]/div[3]/div[5]/div/div/div[2]/div/div/div[2]/table/tbody/tr")): null

2019-04-26 16:39:17 - [TEST_STEP][PASSED] - Statement - rows_count = rows_table.size(): null

2019-04-26 16:39:17 - [TEST_STEP][PASSED] - verifyGreaterThanOrEqual: Actual number '10' is greater than or equal to expected number '1'

2019-04-26 16:39:17 - [MESSAGE][PASSED] - Actual number '10' is greater than or equal to expected number '1']]></system-out>
         <system-err><![CDATA[]]></system-err>
      </testcase>
      <testcase name="Test Cases/Operational_Dashboard/170" classname="Test Cases/Operational_Dashboard/170" status="PASSED">
         <system-out><![CDATA[2019-04-26 16:39:17 - [TEST_CASE][PASSED] - Test Cases/Operational_Dashboard/170: Test Cases/Operational_Dashboard/170

2019-04-26 16:39:17 - [TEST_STEP][PASSED] - callTestCase: Call Test Case 'Test Cases/Operational_Dashboard/167' successfully

2019-04-26 16:39:17 - [TEST_CASE][PASSED] - Test Cases/Operational_Dashboard/167: Test Cases/Operational_Dashboard/167

2019-04-26 16:39:17 - [TEST_STEP][PASSED] - callTestCase: Call Test Case 'Test Cases/Operational_Dashboard/Login' successfully

2019-04-26 16:39:17 - [TEST_CASE][PASSED] - Test Cases/Operational_Dashboard/Login: Test Cases/Operational_Dashboard/Login

2019-04-26 16:39:17 - [TEST_STEP][PASSED] - callTestCase: Call Test Case 'Test Cases/s-sidebar_navigation/individualAccount/operationalDashboard' successfully

2019-04-26 16:39:17 - [TEST_CASE][PASSED] - Test Cases/s-sidebar_navigation/individualAccount/operationalDashboard: Test Cases/s-sidebar_navigation/individualAccount/operationalDashboard

2019-04-26 16:39:17 - [TEST_STEP][PASSED] - click: Object: 'Object Repository/Page_KiboEngage  Subscribers/span_Subscribers' is clicked on

2019-04-26 16:39:18 - [MESSAGE][PASSED] - Object: 'Object Repository/Page_KiboEngage  Subscribers/span_Subscribers' is clicked on

2019-04-26 16:39:18 - [TEST_STEP][PASSED] - click: Object: 'Object Repository/Page_KiboEngage  Subscribers/span_Operational Dashboard (1)' is clicked on

2019-04-26 16:39:18 - [MESSAGE][PASSED] - Object: 'Object Repository/Page_KiboEngage  Subscribers/span_Operational Dashboard (1)' is clicked on

2019-04-26 16:39:18 - [TEST_STEP][PASSED] - scrollToPosition: Browser is scrolled to position x = 0, y = 0

2019-04-26 16:39:18 - [MESSAGE][PASSED] - Browser is scrolled to position x = 0, y = 0

2019-04-26 16:39:18 - [TEST_STEP][PASSED] - delay: Delayed 2 second(s)

2019-04-26 16:39:20 - [MESSAGE][PASSED] - Delayed 2 second(s)

2019-04-26 16:39:20 - [TEST_STEP][PASSED] - click: Object: 'Object Repository/Page_KiboEngage  Operational Dashbo/h3_Pages Info (7)' is clicked on

2019-04-26 16:39:20 - [MESSAGE][PASSED] - Object: 'Object Repository/Page_KiboEngage  Operational Dashbo/h3_Pages Info (7)' is clicked on

2019-04-26 16:39:20 - [MESSAGE][PASSED] - Call Test Case 'Test Cases/s-sidebar_navigation/individualAccount/operationalDashboard' successfully

2019-04-26 16:39:20 - [MESSAGE][PASSED] - Call Test Case 'Test Cases/Operational_Dashboard/Login' successfully

2019-04-26 16:39:20 - [TEST_STEP][PASSED] - click: Object: 'Object Repository/Page_KiboEngage  Operational Dashbo/i_la la-angle-down' is clicked on

2019-04-26 16:39:20 - [MESSAGE][PASSED] - Object: 'Object Repository/Page_KiboEngage  Operational Dashbo/i_la la-angle-down' is clicked on

2019-04-26 16:39:20 - [TEST_STEP][PASSED] - delay: Delayed 5 second(s)

2019-04-26 16:39:25 - [MESSAGE][PASSED] - Delayed 5 second(s)

2019-04-26 16:39:25 - [TEST_STEP][PASSED] - Statement - driver = com.kms.katalon.core.webui.driver.DriverFactory.getWebDriver(): null

2019-04-26 16:39:25 - [TEST_STEP][PASSED] - Statement - rows_table = driver.findElements(org.openqa.selenium.By.xpath("//*[@id="content"]/div/div/div/div[2]/div[3]/div[5]/div/div/div[2]/div/div/div[2]/table/tbody/tr")): null

2019-04-26 16:39:25 - [TEST_STEP][PASSED] - Statement - rows_count = rows_table.size(): null

2019-04-26 16:39:25 - [TEST_STEP][PASSED] - verifyGreaterThanOrEqual: Actual number '10' is greater than or equal to expected number '1'

2019-04-26 16:39:25 - [MESSAGE][PASSED] - Actual number '10' is greater than or equal to expected number '1'

2019-04-26 16:39:25 - [MESSAGE][PASSED] - Call Test Case 'Test Cases/Operational_Dashboard/167' successfully

2019-04-26 16:39:25 - [TEST_STEP][PASSED] - Statement - driver = com.kms.katalon.core.webui.driver.DriverFactory.getWebDriver(): null

2019-04-26 16:39:25 - [TEST_STEP][PASSED] - Statement - next = driver.findElement(org.openqa.selenium.By.xpath("//*[@id="content"]/div/div/div/div[2]/div[3]/div[5]/div/div/div[2]/div/div/div[2]/ul/li[3]/a")): null

2019-04-26 16:39:25 - [TEST_STEP][PASSED] - Statement - next.click(): null

2019-04-26 16:39:25 - [TEST_STEP][PASSED] - delay: Delayed 5 second(s)

2019-04-26 16:39:30 - [MESSAGE][PASSED] - Delayed 5 second(s)

2019-04-26 16:39:30 - [TEST_STEP][PASSED] - Statement - rows_table = driver.findElements(org.openqa.selenium.By.xpath("//*[@id="content"]/div/div/div/div[2]/div[3]/div[5]/div/div/div[2]/div/div/div[2]/table/tbody/tr")): null

2019-04-26 16:39:30 - [TEST_STEP][PASSED] - Statement - rows_count = rows_table.size(): null

2019-04-26 16:39:30 - [TEST_STEP][PASSED] - verifyGreaterThanOrEqual: Actual number '10' is greater than or equal to expected number '1'

2019-04-26 16:39:30 - [MESSAGE][PASSED] - Actual number '10' is greater than or equal to expected number '1']]></system-out>
         <system-err><![CDATA[]]></system-err>
      </testcase>
      <testcase name="Test Cases/Operational_Dashboard/171" classname="Test Cases/Operational_Dashboard/171" status="PASSED">
         <system-out><![CDATA[2019-04-26 16:39:30 - [TEST_CASE][PASSED] - Test Cases/Operational_Dashboard/171: Test Cases/Operational_Dashboard/171

2019-04-26 16:39:31 - [TEST_STEP][PASSED] - callTestCase: Call Test Case 'Test Cases/Operational_Dashboard/167' successfully

2019-04-26 16:39:31 - [TEST_CASE][PASSED] - Test Cases/Operational_Dashboard/167: Test Cases/Operational_Dashboard/167

2019-04-26 16:39:31 - [TEST_STEP][PASSED] - callTestCase: Call Test Case 'Test Cases/Operational_Dashboard/Login' successfully

2019-04-26 16:39:31 - [TEST_CASE][PASSED] - Test Cases/Operational_Dashboard/Login: Test Cases/Operational_Dashboard/Login

2019-04-26 16:39:31 - [TEST_STEP][PASSED] - callTestCase: Call Test Case 'Test Cases/s-sidebar_navigation/individualAccount/operationalDashboard' successfully

2019-04-26 16:39:31 - [TEST_CASE][PASSED] - Test Cases/s-sidebar_navigation/individualAccount/operationalDashboard: Test Cases/s-sidebar_navigation/individualAccount/operationalDashboard

2019-04-26 16:39:31 - [TEST_STEP][PASSED] - click: Object: 'Object Repository/Page_KiboEngage  Subscribers/span_Subscribers' is clicked on

2019-04-26 16:39:31 - [MESSAGE][PASSED] - Object: 'Object Repository/Page_KiboEngage  Subscribers/span_Subscribers' is clicked on

2019-04-26 16:39:31 - [TEST_STEP][PASSED] - click: Object: 'Object Repository/Page_KiboEngage  Subscribers/span_Operational Dashboard (1)' is clicked on

2019-04-26 16:39:32 - [MESSAGE][PASSED] - Object: 'Object Repository/Page_KiboEngage  Subscribers/span_Operational Dashboard (1)' is clicked on

2019-04-26 16:39:32 - [TEST_STEP][PASSED] - scrollToPosition: Browser is scrolled to position x = 0, y = 0

2019-04-26 16:39:32 - [MESSAGE][PASSED] - Browser is scrolled to position x = 0, y = 0

2019-04-26 16:39:32 - [TEST_STEP][PASSED] - delay: Delayed 2 second(s)

2019-04-26 16:39:34 - [MESSAGE][PASSED] - Delayed 2 second(s)

2019-04-26 16:39:34 - [TEST_STEP][PASSED] - click: Object: 'Object Repository/Page_KiboEngage  Operational Dashbo/h3_Pages Info (7)' is clicked on

2019-04-26 16:39:34 - [MESSAGE][PASSED] - Object: 'Object Repository/Page_KiboEngage  Operational Dashbo/h3_Pages Info (7)' is clicked on

2019-04-26 16:39:34 - [MESSAGE][PASSED] - Call Test Case 'Test Cases/s-sidebar_navigation/individualAccount/operationalDashboard' successfully

2019-04-26 16:39:34 - [MESSAGE][PASSED] - Call Test Case 'Test Cases/Operational_Dashboard/Login' successfully

2019-04-26 16:39:34 - [TEST_STEP][PASSED] - click: Object: 'Object Repository/Page_KiboEngage  Operational Dashbo/i_la la-angle-down' is clicked on

2019-04-26 16:39:34 - [MESSAGE][PASSED] - Object: 'Object Repository/Page_KiboEngage  Operational Dashbo/i_la la-angle-down' is clicked on

2019-04-26 16:39:34 - [TEST_STEP][PASSED] - delay: Delayed 5 second(s)

2019-04-26 16:39:39 - [MESSAGE][PASSED] - Delayed 5 second(s)

2019-04-26 16:39:39 - [TEST_STEP][PASSED] - Statement - driver = com.kms.katalon.core.webui.driver.DriverFactory.getWebDriver(): null

2019-04-26 16:39:39 - [TEST_STEP][PASSED] - Statement - rows_table = driver.findElements(org.openqa.selenium.By.xpath("//*[@id="content"]/div/div/div/div[2]/div[3]/div[5]/div/div/div[2]/div/div/div[2]/table/tbody/tr")): null

2019-04-26 16:39:39 - [TEST_STEP][PASSED] - Statement - rows_count = rows_table.size(): null

2019-04-26 16:39:39 - [TEST_STEP][PASSED] - verifyGreaterThanOrEqual: Actual number '10' is greater than or equal to expected number '1'

2019-04-26 16:39:39 - [MESSAGE][PASSED] - Actual number '10' is greater than or equal to expected number '1'

2019-04-26 16:39:39 - [MESSAGE][PASSED] - Call Test Case 'Test Cases/Operational_Dashboard/167' successfully

2019-04-26 16:39:39 - [TEST_STEP][PASSED] - Statement - driver = com.kms.katalon.core.webui.driver.DriverFactory.getWebDriver(): null

2019-04-26 16:39:39 - [TEST_STEP][PASSED] - Statement - search_text = driver.findElement(org.openqa.selenium.By.xpath("//*[@id="content"]/div/div/div/div[2]/div[3]/div[5]/div/div/div[2]/div/div/div[1]/div[1]/input")): null

2019-04-26 16:39:39 - [TEST_STEP][PASSED] - Statement - search_text.sendKeys("test"): null

2019-04-26 16:39:39 - [TEST_STEP][PASSED] - delay: Delayed 5 second(s)

2019-04-26 16:39:44 - [MESSAGE][PASSED] - Delayed 5 second(s)

2019-04-26 16:39:44 - [TEST_STEP][PASSED] - Statement - rows_table = driver.findElements(org.openqa.selenium.By.xpath("//*[@id="content"]/div/div/div/div[2]/div[3]/div[5]/div/div/div[2]/div/div/div[2]/table/tbody/tr")): null

2019-04-26 16:39:44 - [TEST_STEP][PASSED] - Statement - rows_count = rows_table.size(): null

2019-04-26 16:39:44 - [TEST_STEP][PASSED] - verifyGreaterThanOrEqual: Actual number '10' is greater than or equal to expected number '1'

2019-04-26 16:39:44 - [MESSAGE][PASSED] - Actual number '10' is greater than or equal to expected number '1']]></system-out>
         <system-err><![CDATA[]]></system-err>
      </testcase>
      <testcase name="Test Cases/Operational_Dashboard/172" classname="Test Cases/Operational_Dashboard/172" status="PASSED">
         <system-out><![CDATA[2019-04-26 16:39:44 - [TEST_CASE][PASSED] - Test Cases/Operational_Dashboard/172: Test Cases/Operational_Dashboard/172

2019-04-26 16:39:45 - [TEST_STEP][PASSED] - callTestCase: Call Test Case 'Test Cases/Operational_Dashboard/167' successfully

2019-04-26 16:39:45 - [TEST_CASE][PASSED] - Test Cases/Operational_Dashboard/167: Test Cases/Operational_Dashboard/167

2019-04-26 16:39:45 - [TEST_STEP][PASSED] - callTestCase: Call Test Case 'Test Cases/Operational_Dashboard/Login' successfully

2019-04-26 16:39:45 - [TEST_CASE][PASSED] - Test Cases/Operational_Dashboard/Login: Test Cases/Operational_Dashboard/Login

2019-04-26 16:39:45 - [TEST_STEP][PASSED] - callTestCase: Call Test Case 'Test Cases/s-sidebar_navigation/individualAccount/operationalDashboard' successfully

2019-04-26 16:39:45 - [TEST_CASE][PASSED] - Test Cases/s-sidebar_navigation/individualAccount/operationalDashboard: Test Cases/s-sidebar_navigation/individualAccount/operationalDashboard

2019-04-26 16:39:45 - [TEST_STEP][PASSED] - click: Object: 'Object Repository/Page_KiboEngage  Subscribers/span_Subscribers' is clicked on

2019-04-26 16:39:45 - [MESSAGE][PASSED] - Object: 'Object Repository/Page_KiboEngage  Subscribers/span_Subscribers' is clicked on

2019-04-26 16:39:45 - [TEST_STEP][PASSED] - click: Object: 'Object Repository/Page_KiboEngage  Subscribers/span_Operational Dashboard (1)' is clicked on

2019-04-26 16:39:45 - [MESSAGE][PASSED] - Object: 'Object Repository/Page_KiboEngage  Subscribers/span_Operational Dashboard (1)' is clicked on

2019-04-26 16:39:45 - [TEST_STEP][PASSED] - scrollToPosition: Browser is scrolled to position x = 0, y = 0

2019-04-26 16:39:45 - [MESSAGE][PASSED] - Browser is scrolled to position x = 0, y = 0

2019-04-26 16:39:45 - [TEST_STEP][PASSED] - delay: Delayed 2 second(s)

2019-04-26 16:39:47 - [MESSAGE][PASSED] - Delayed 2 second(s)

2019-04-26 16:39:47 - [TEST_STEP][PASSED] - click: Object: 'Object Repository/Page_KiboEngage  Operational Dashbo/h3_Pages Info (7)' is clicked on

2019-04-26 16:39:47 - [MESSAGE][PASSED] - Object: 'Object Repository/Page_KiboEngage  Operational Dashbo/h3_Pages Info (7)' is clicked on

2019-04-26 16:39:47 - [MESSAGE][PASSED] - Call Test Case 'Test Cases/s-sidebar_navigation/individualAccount/operationalDashboard' successfully

2019-04-26 16:39:47 - [MESSAGE][PASSED] - Call Test Case 'Test Cases/Operational_Dashboard/Login' successfully

2019-04-26 16:39:47 - [TEST_STEP][PASSED] - click: Object: 'Object Repository/Page_KiboEngage  Operational Dashbo/i_la la-angle-down' is clicked on

2019-04-26 16:39:48 - [MESSAGE][PASSED] - Object: 'Object Repository/Page_KiboEngage  Operational Dashbo/i_la la-angle-down' is clicked on

2019-04-26 16:39:48 - [TEST_STEP][PASSED] - delay: Delayed 5 second(s)

2019-04-26 16:39:53 - [MESSAGE][PASSED] - Delayed 5 second(s)

2019-04-26 16:39:53 - [TEST_STEP][PASSED] - Statement - driver = com.kms.katalon.core.webui.driver.DriverFactory.getWebDriver(): null

2019-04-26 16:39:53 - [TEST_STEP][PASSED] - Statement - rows_table = driver.findElements(org.openqa.selenium.By.xpath("//*[@id="content"]/div/div/div/div[2]/div[3]/div[5]/div/div/div[2]/div/div/div[2]/table/tbody/tr")): null

2019-04-26 16:39:53 - [TEST_STEP][PASSED] - Statement - rows_count = rows_table.size(): null

2019-04-26 16:39:53 - [TEST_STEP][PASSED] - verifyGreaterThanOrEqual: Actual number '10' is greater than or equal to expected number '1'

2019-04-26 16:39:53 - [MESSAGE][PASSED] - Actual number '10' is greater than or equal to expected number '1'

2019-04-26 16:39:53 - [MESSAGE][PASSED] - Call Test Case 'Test Cases/Operational_Dashboard/167' successfully

2019-04-26 16:39:53 - [TEST_STEP][PASSED] - Statement - driver = com.kms.katalon.core.webui.driver.DriverFactory.getWebDriver(): null

2019-04-26 16:39:53 - [TEST_STEP][PASSED] - Statement - search_text = driver.findElement(org.openqa.selenium.By.xpath("//*[@id="example-text-input"]")): null

2019-04-26 16:39:53 - [TEST_STEP][PASSED] - Statement - search_text.clear(): null

2019-04-26 16:39:53 - [TEST_STEP][PASSED] - Statement - search_text.sendKeys("3"): null

2019-04-26 16:39:53 - [TEST_STEP][PASSED] - delay: Delayed 5 second(s)

2019-04-26 16:39:58 - [MESSAGE][PASSED] - Delayed 5 second(s)

2019-04-26 16:39:58 - [TEST_STEP][PASSED] - Statement - rows_table = driver.findElements(org.openqa.selenium.By.xpath("//*[@id="content"]/div/div/div/div[2]/div[3]/div[5]/div/div/div[2]/div/div/div[2]/table/tbody/tr")): null

2019-04-26 16:39:58 - [TEST_STEP][PASSED] - Statement - rows_count = rows_table.size(): null

2019-04-26 16:39:58 - [TEST_STEP][PASSED] - verifyGreaterThanOrEqual: Actual number '10' is greater than or equal to expected number '1'

2019-04-26 16:39:58 - [MESSAGE][PASSED] - Actual number '10' is greater than or equal to expected number '1']]></system-out>
         <system-err><![CDATA[]]></system-err>
      </testcase>
      <testcase name="Test Cases/Operational_Dashboard/173" classname="Test Cases/Operational_Dashboard/173" status="PASSED">
         <system-out><![CDATA[2019-04-26 16:39:58 - [TEST_CASE][PASSED] - Test Cases/Operational_Dashboard/173: Test Cases/Operational_Dashboard/173

2019-04-26 16:39:58 - [TEST_STEP][PASSED] - callTestCase: Call Test Case 'Test Cases/Operational_Dashboard/167' successfully

2019-04-26 16:39:58 - [TEST_CASE][PASSED] - Test Cases/Operational_Dashboard/167: Test Cases/Operational_Dashboard/167

2019-04-26 16:39:58 - [TEST_STEP][PASSED] - callTestCase: Call Test Case 'Test Cases/Operational_Dashboard/Login' successfully

2019-04-26 16:39:58 - [TEST_CASE][PASSED] - Test Cases/Operational_Dashboard/Login: Test Cases/Operational_Dashboard/Login

2019-04-26 16:39:58 - [TEST_STEP][PASSED] - callTestCase: Call Test Case 'Test Cases/s-sidebar_navigation/individualAccount/operationalDashboard' successfully

2019-04-26 16:39:58 - [TEST_CASE][PASSED] - Test Cases/s-sidebar_navigation/individualAccount/operationalDashboard: Test Cases/s-sidebar_navigation/individualAccount/operationalDashboard

2019-04-26 16:39:58 - [TEST_STEP][PASSED] - click: Object: 'Object Repository/Page_KiboEngage  Subscribers/span_Subscribers' is clicked on

2019-04-26 16:39:59 - [MESSAGE][PASSED] - Object: 'Object Repository/Page_KiboEngage  Subscribers/span_Subscribers' is clicked on

2019-04-26 16:39:59 - [TEST_STEP][PASSED] - click: Object: 'Object Repository/Page_KiboEngage  Subscribers/span_Operational Dashboard (1)' is clicked on

2019-04-26 16:39:59 - [MESSAGE][PASSED] - Object: 'Object Repository/Page_KiboEngage  Subscribers/span_Operational Dashboard (1)' is clicked on

2019-04-26 16:39:59 - [TEST_STEP][PASSED] - scrollToPosition: Browser is scrolled to position x = 0, y = 0

2019-04-26 16:39:59 - [MESSAGE][PASSED] - Browser is scrolled to position x = 0, y = 0

2019-04-26 16:39:59 - [TEST_STEP][PASSED] - delay: Delayed 2 second(s)

2019-04-26 16:40:01 - [MESSAGE][PASSED] - Delayed 2 second(s)

2019-04-26 16:40:01 - [TEST_STEP][PASSED] - click: Object: 'Object Repository/Page_KiboEngage  Operational Dashbo/h3_Pages Info (7)' is clicked on

2019-04-26 16:40:01 - [MESSAGE][PASSED] - Object: 'Object Repository/Page_KiboEngage  Operational Dashbo/h3_Pages Info (7)' is clicked on

2019-04-26 16:40:01 - [MESSAGE][PASSED] - Call Test Case 'Test Cases/s-sidebar_navigation/individualAccount/operationalDashboard' successfully

2019-04-26 16:40:01 - [MESSAGE][PASSED] - Call Test Case 'Test Cases/Operational_Dashboard/Login' successfully

2019-04-26 16:40:01 - [TEST_STEP][PASSED] - click: Object: 'Object Repository/Page_KiboEngage  Operational Dashbo/i_la la-angle-down' is clicked on

2019-04-26 16:40:02 - [MESSAGE][PASSED] - Object: 'Object Repository/Page_KiboEngage  Operational Dashbo/i_la la-angle-down' is clicked on

2019-04-26 16:40:02 - [TEST_STEP][PASSED] - delay: Delayed 5 second(s)

2019-04-26 16:40:07 - [MESSAGE][PASSED] - Delayed 5 second(s)

2019-04-26 16:40:07 - [TEST_STEP][PASSED] - Statement - driver = com.kms.katalon.core.webui.driver.DriverFactory.getWebDriver(): null

2019-04-26 16:40:07 - [TEST_STEP][PASSED] - Statement - rows_table = driver.findElements(org.openqa.selenium.By.xpath("//*[@id="content"]/div/div/div/div[2]/div[3]/div[5]/div/div/div[2]/div/div/div[2]/table/tbody/tr")): null

2019-04-26 16:40:07 - [TEST_STEP][PASSED] - Statement - rows_count = rows_table.size(): null

2019-04-26 16:40:07 - [TEST_STEP][PASSED] - verifyGreaterThanOrEqual: Actual number '10' is greater than or equal to expected number '1'

2019-04-26 16:40:07 - [MESSAGE][PASSED] - Actual number '10' is greater than or equal to expected number '1'

2019-04-26 16:40:07 - [MESSAGE][PASSED] - Call Test Case 'Test Cases/Operational_Dashboard/167' successfully

2019-04-26 16:40:07 - [TEST_STEP][PASSED] - Statement - driver = com.kms.katalon.core.webui.driver.DriverFactory.getWebDriver(): null

2019-04-26 16:40:07 - [TEST_STEP][PASSED] - Statement - search_text = driver.findElement(org.openqa.selenium.By.xpath("//*[@id="content"]/div/div/div/div[2]/div[3]/div[5]/div/div/div[2]/div/div/div[1]/div[1]/input")): null

2019-04-26 16:40:07 - [TEST_STEP][PASSED] - Statement - search_text.sendKeys("titlex"): null

2019-04-26 16:40:07 - [TEST_STEP][PASSED] - delay: Delayed 5 second(s)

2019-04-26 16:40:12 - [MESSAGE][PASSED] - Delayed 5 second(s)

2019-04-26 16:40:12 - [TEST_STEP][PASSED] - Statement - search = driver.findElement(org.openqa.selenium.By.xpath("//*[@id="example-text-input"]")): null

2019-04-26 16:40:12 - [TEST_STEP][PASSED] - Statement - search.clear(): null

2019-04-26 16:40:12 - [TEST_STEP][PASSED] - Statement - search.sendKeys("10"): null

2019-04-26 16:40:12 - [TEST_STEP][PASSED] - delay: Delayed 5 second(s)

2019-04-26 16:40:17 - [MESSAGE][PASSED] - Delayed 5 second(s)

2019-04-26 16:40:17 - [TEST_STEP][PASSED] - Statement - rows_table = driver.findElements(org.openqa.selenium.By.xpath("//*[@id="content"]/div/div/div/div[2]/div[3]/div[5]/div/div/div[2]/div/div/div[2]/table/tbody/tr")): null

2019-04-26 16:40:17 - [TEST_STEP][PASSED] - Statement - rows_count = rows_table.size(): null

2019-04-26 16:40:17 - [TEST_STEP][PASSED] - verifyGreaterThanOrEqual: Actual number '2' is greater than or equal to expected number '1'

2019-04-26 16:40:17 - [MESSAGE][PASSED] - Actual number '2' is greater than or equal to expected number '1']]></system-out>
         <system-err><![CDATA[]]></system-err>
      </testcase>
      <testcase name="Test Cases/Operational_Dashboard/174" classname="Test Cases/Operational_Dashboard/174" status="PASSED">
         <system-out><![CDATA[2019-04-26 16:40:17 - [TEST_CASE][PASSED] - Test Cases/Operational_Dashboard/174: Test Cases/Operational_Dashboard/174

2019-04-26 16:40:17 - [TEST_STEP][PASSED] - callTestCase: Call Test Case 'Test Cases/Operational_Dashboard/167' successfully

2019-04-26 16:40:17 - [TEST_CASE][PASSED] - Test Cases/Operational_Dashboard/167: Test Cases/Operational_Dashboard/167

2019-04-26 16:40:17 - [TEST_STEP][PASSED] - callTestCase: Call Test Case 'Test Cases/Operational_Dashboard/Login' successfully

2019-04-26 16:40:17 - [TEST_CASE][PASSED] - Test Cases/Operational_Dashboard/Login: Test Cases/Operational_Dashboard/Login

2019-04-26 16:40:17 - [TEST_STEP][PASSED] - callTestCase: Call Test Case 'Test Cases/s-sidebar_navigation/individualAccount/operationalDashboard' successfully

2019-04-26 16:40:17 - [TEST_CASE][PASSED] - Test Cases/s-sidebar_navigation/individualAccount/operationalDashboard: Test Cases/s-sidebar_navigation/individualAccount/operationalDashboard

2019-04-26 16:40:17 - [TEST_STEP][PASSED] - click: Object: 'Object Repository/Page_KiboEngage  Subscribers/span_Subscribers' is clicked on

2019-04-26 16:40:18 - [MESSAGE][PASSED] - Object: 'Object Repository/Page_KiboEngage  Subscribers/span_Subscribers' is clicked on

2019-04-26 16:40:18 - [TEST_STEP][PASSED] - click: Object: 'Object Repository/Page_KiboEngage  Subscribers/span_Operational Dashboard (1)' is clicked on

2019-04-26 16:40:18 - [MESSAGE][PASSED] - Object: 'Object Repository/Page_KiboEngage  Subscribers/span_Operational Dashboard (1)' is clicked on

2019-04-26 16:40:18 - [TEST_STEP][PASSED] - scrollToPosition: Browser is scrolled to position x = 0, y = 0

2019-04-26 16:40:18 - [MESSAGE][PASSED] - Browser is scrolled to position x = 0, y = 0

2019-04-26 16:40:18 - [TEST_STEP][PASSED] - delay: Delayed 2 second(s)

2019-04-26 16:40:20 - [MESSAGE][PASSED] - Delayed 2 second(s)

2019-04-26 16:40:20 - [TEST_STEP][PASSED] - click: Object: 'Object Repository/Page_KiboEngage  Operational Dashbo/h3_Pages Info (7)' is clicked on

2019-04-26 16:40:20 - [MESSAGE][PASSED] - Object: 'Object Repository/Page_KiboEngage  Operational Dashbo/h3_Pages Info (7)' is clicked on

2019-04-26 16:40:20 - [MESSAGE][PASSED] - Call Test Case 'Test Cases/s-sidebar_navigation/individualAccount/operationalDashboard' successfully

2019-04-26 16:40:20 - [MESSAGE][PASSED] - Call Test Case 'Test Cases/Operational_Dashboard/Login' successfully

2019-04-26 16:40:20 - [TEST_STEP][PASSED] - click: Object: 'Object Repository/Page_KiboEngage  Operational Dashbo/i_la la-angle-down' is clicked on

2019-04-26 16:40:20 - [MESSAGE][PASSED] - Object: 'Object Repository/Page_KiboEngage  Operational Dashbo/i_la la-angle-down' is clicked on

2019-04-26 16:40:20 - [TEST_STEP][PASSED] - delay: Delayed 5 second(s)

2019-04-26 16:40:25 - [MESSAGE][PASSED] - Delayed 5 second(s)

2019-04-26 16:40:25 - [TEST_STEP][PASSED] - Statement - driver = com.kms.katalon.core.webui.driver.DriverFactory.getWebDriver(): null

2019-04-26 16:40:25 - [TEST_STEP][PASSED] - Statement - rows_table = driver.findElements(org.openqa.selenium.By.xpath("//*[@id="content"]/div/div/div/div[2]/div[3]/div[5]/div/div/div[2]/div/div/div[2]/table/tbody/tr")): null

2019-04-26 16:40:25 - [TEST_STEP][PASSED] - Statement - rows_count = rows_table.size(): null

2019-04-26 16:40:25 - [TEST_STEP][PASSED] - verifyGreaterThanOrEqual: Actual number '10' is greater than or equal to expected number '1'

2019-04-26 16:40:25 - [MESSAGE][PASSED] - Actual number '10' is greater than or equal to expected number '1'

2019-04-26 16:40:25 - [MESSAGE][PASSED] - Call Test Case 'Test Cases/Operational_Dashboard/167' successfully

2019-04-26 16:40:25 - [TEST_STEP][PASSED] - click: Object: 'Object Repository/Page_KiboEngage  Operational Dashbo/button_View' is clicked on

2019-04-26 16:40:26 - [MESSAGE][PASSED] - Object: 'Object Repository/Page_KiboEngage  Operational Dashbo/button_View' is clicked on

2019-04-26 16:40:26 - [TEST_STEP][PASSED] - delay: Delayed 5 second(s)

2019-04-26 16:40:31 - [MESSAGE][PASSED] - Delayed 5 second(s)

2019-04-26 16:40:31 - [TEST_STEP][PASSED] - verifyTextPresent: Text 'Typically replies instantly' is present on page 

2019-04-26 16:40:31 - [MESSAGE][PASSED] - Text 'Typically replies instantly' is present on page]]></system-out>
         <system-err><![CDATA[]]></system-err>
      </testcase>
      <testcase name="Test Cases/Operational_Dashboard/175" classname="Test Cases/Operational_Dashboard/175" status="PASSED">
         <system-out><![CDATA[2019-04-26 16:40:31 - [TEST_CASE][PASSED] - Test Cases/Operational_Dashboard/175: Test Cases/Operational_Dashboard/175

2019-04-26 16:40:31 - [TEST_STEP][PASSED] - callTestCase: Call Test Case 'Test Cases/Operational_Dashboard/167' successfully

2019-04-26 16:40:31 - [TEST_CASE][PASSED] - Test Cases/Operational_Dashboard/167: Test Cases/Operational_Dashboard/167

2019-04-26 16:40:31 - [TEST_STEP][PASSED] - callTestCase: Call Test Case 'Test Cases/Operational_Dashboard/Login' successfully

2019-04-26 16:40:31 - [TEST_CASE][PASSED] - Test Cases/Operational_Dashboard/Login: Test Cases/Operational_Dashboard/Login

2019-04-26 16:40:31 - [TEST_STEP][PASSED] - callTestCase: Call Test Case 'Test Cases/s-sidebar_navigation/individualAccount/operationalDashboard' successfully

2019-04-26 16:40:31 - [TEST_CASE][PASSED] - Test Cases/s-sidebar_navigation/individualAccount/operationalDashboard: Test Cases/s-sidebar_navigation/individualAccount/operationalDashboard

2019-04-26 16:40:31 - [TEST_STEP][PASSED] - click: Object: 'Object Repository/Page_KiboEngage  Subscribers/span_Subscribers' is clicked on

2019-04-26 16:40:31 - [MESSAGE][PASSED] - Object: 'Object Repository/Page_KiboEngage  Subscribers/span_Subscribers' is clicked on

2019-04-26 16:40:31 - [TEST_STEP][PASSED] - click: Object: 'Object Repository/Page_KiboEngage  Subscribers/span_Operational Dashboard (1)' is clicked on

2019-04-26 16:40:32 - [MESSAGE][PASSED] - Object: 'Object Repository/Page_KiboEngage  Subscribers/span_Operational Dashboard (1)' is clicked on

2019-04-26 16:40:32 - [TEST_STEP][PASSED] - scrollToPosition: Browser is scrolled to position x = 0, y = 0

2019-04-26 16:40:32 - [MESSAGE][PASSED] - Browser is scrolled to position x = 0, y = 0

2019-04-26 16:40:32 - [TEST_STEP][PASSED] - delay: Delayed 2 second(s)

2019-04-26 16:40:34 - [MESSAGE][PASSED] - Delayed 2 second(s)

2019-04-26 16:40:34 - [TEST_STEP][PASSED] - click: Object: 'Object Repository/Page_KiboEngage  Operational Dashbo/h3_Pages Info (7)' is clicked on

2019-04-26 16:40:34 - [MESSAGE][PASSED] - Object: 'Object Repository/Page_KiboEngage  Operational Dashbo/h3_Pages Info (7)' is clicked on

2019-04-26 16:40:34 - [MESSAGE][PASSED] - Call Test Case 'Test Cases/s-sidebar_navigation/individualAccount/operationalDashboard' successfully

2019-04-26 16:40:34 - [MESSAGE][PASSED] - Call Test Case 'Test Cases/Operational_Dashboard/Login' successfully

2019-04-26 16:40:34 - [TEST_STEP][PASSED] - click: Object: 'Object Repository/Page_KiboEngage  Operational Dashbo/i_la la-angle-down' is clicked on

2019-04-26 16:40:34 - [MESSAGE][PASSED] - Object: 'Object Repository/Page_KiboEngage  Operational Dashbo/i_la la-angle-down' is clicked on

2019-04-26 16:40:34 - [TEST_STEP][PASSED] - delay: Delayed 5 second(s)

2019-04-26 16:40:39 - [MESSAGE][PASSED] - Delayed 5 second(s)

2019-04-26 16:40:39 - [TEST_STEP][PASSED] - Statement - driver = com.kms.katalon.core.webui.driver.DriverFactory.getWebDriver(): null

2019-04-26 16:40:39 - [TEST_STEP][PASSED] - Statement - rows_table = driver.findElements(org.openqa.selenium.By.xpath("//*[@id="content"]/div/div/div/div[2]/div[3]/div[5]/div/div/div[2]/div/div/div[2]/table/tbody/tr")): null

2019-04-26 16:40:40 - [TEST_STEP][PASSED] - Statement - rows_count = rows_table.size(): null

2019-04-26 16:40:40 - [TEST_STEP][PASSED] - verifyGreaterThanOrEqual: Actual number '10' is greater than or equal to expected number '1'

2019-04-26 16:40:40 - [MESSAGE][PASSED] - Actual number '10' is greater than or equal to expected number '1'

2019-04-26 16:40:40 - [MESSAGE][PASSED] - Call Test Case 'Test Cases/Operational_Dashboard/167' successfully

2019-04-26 16:40:40 - [TEST_STEP][PASSED] - click: Object: 'Object Repository/Page_KiboEngage  Operational Dashbo/button_View (1)' is clicked on

2019-04-26 16:40:40 - [MESSAGE][PASSED] - Object: 'Object Repository/Page_KiboEngage  Operational Dashbo/button_View (1)' is clicked on

2019-04-26 16:40:40 - [TEST_STEP][PASSED] - delay: Delayed 2 second(s)

2019-04-26 16:40:42 - [MESSAGE][PASSED] - Delayed 2 second(s)

2019-04-26 16:40:42 - [TEST_STEP][PASSED] - scrollToPosition: Browser is scrolled to position x = 0, y = 0

2019-04-26 16:40:42 - [MESSAGE][PASSED] - Browser is scrolled to position x = 0, y = 0

2019-04-26 16:40:42 - [TEST_STEP][PASSED] - click: Object: 'Object Repository/Page_KiboEngage  Operational Dashbo/a_Back' is clicked on

2019-04-26 16:40:42 - [MESSAGE][PASSED] - Object: 'Object Repository/Page_KiboEngage  Operational Dashbo/a_Back' is clicked on

2019-04-26 16:40:42 - [TEST_STEP][PASSED] - scrollToPosition: Browser is scrolled to position x = 0, y = 0

2019-04-26 16:40:42 - [MESSAGE][PASSED] - Browser is scrolled to position x = 0, y = 0

2019-04-26 16:40:42 - [TEST_STEP][PASSED] - click: Object: 'Object Repository/Page_KiboEngage  Operational Dashbo/h3_Pages Info (3)' is clicked on

2019-04-26 16:40:42 - [MESSAGE][PASSED] - Object: 'Object Repository/Page_KiboEngage  Operational Dashbo/h3_Pages Info (3)' is clicked on]]></system-out>
         <system-err><![CDATA[]]></system-err>
      </testcase>
      <testcase name="Test Cases/Operational_Dashboard/176" classname="Test Cases/Operational_Dashboard/176" status="PASSED">
         <system-out><![CDATA[2019-04-26 16:40:42 - [TEST_CASE][PASSED] - Test Cases/Operational_Dashboard/176: Test Cases/Operational_Dashboard/176

2019-04-26 16:40:42 - [TEST_STEP][PASSED] - callTestCase: Call Test Case 'Test Cases/Operational_Dashboard/167' successfully

2019-04-26 16:40:42 - [TEST_CASE][PASSED] - Test Cases/Operational_Dashboard/167: Test Cases/Operational_Dashboard/167

2019-04-26 16:40:42 - [TEST_STEP][PASSED] - callTestCase: Call Test Case 'Test Cases/Operational_Dashboard/Login' successfully

2019-04-26 16:40:42 - [TEST_CASE][PASSED] - Test Cases/Operational_Dashboard/Login: Test Cases/Operational_Dashboard/Login

2019-04-26 16:40:42 - [TEST_STEP][PASSED] - callTestCase: Call Test Case 'Test Cases/s-sidebar_navigation/individualAccount/operationalDashboard' successfully

2019-04-26 16:40:42 - [TEST_CASE][PASSED] - Test Cases/s-sidebar_navigation/individualAccount/operationalDashboard: Test Cases/s-sidebar_navigation/individualAccount/operationalDashboard

2019-04-26 16:40:42 - [TEST_STEP][PASSED] - click: Object: 'Object Repository/Page_KiboEngage  Subscribers/span_Subscribers' is clicked on

2019-04-26 16:40:43 - [MESSAGE][PASSED] - Object: 'Object Repository/Page_KiboEngage  Subscribers/span_Subscribers' is clicked on

2019-04-26 16:40:43 - [TEST_STEP][PASSED] - click: Object: 'Object Repository/Page_KiboEngage  Subscribers/span_Operational Dashboard (1)' is clicked on

2019-04-26 16:40:43 - [MESSAGE][PASSED] - Object: 'Object Repository/Page_KiboEngage  Subscribers/span_Operational Dashboard (1)' is clicked on

2019-04-26 16:40:43 - [TEST_STEP][PASSED] - scrollToPosition: Browser is scrolled to position x = 0, y = 0

2019-04-26 16:40:43 - [MESSAGE][PASSED] - Browser is scrolled to position x = 0, y = 0

2019-04-26 16:40:43 - [TEST_STEP][PASSED] - delay: Delayed 2 second(s)

2019-04-26 16:40:45 - [MESSAGE][PASSED] - Delayed 2 second(s)

2019-04-26 16:40:45 - [TEST_STEP][PASSED] - click: Object: 'Object Repository/Page_KiboEngage  Operational Dashbo/h3_Pages Info (7)' is clicked on

2019-04-26 16:40:45 - [MESSAGE][PASSED] - Object: 'Object Repository/Page_KiboEngage  Operational Dashbo/h3_Pages Info (7)' is clicked on

2019-04-26 16:40:45 - [MESSAGE][PASSED] - Call Test Case 'Test Cases/s-sidebar_navigation/individualAccount/operationalDashboard' successfully

2019-04-26 16:40:45 - [MESSAGE][PASSED] - Call Test Case 'Test Cases/Operational_Dashboard/Login' successfully

2019-04-26 16:40:45 - [TEST_STEP][PASSED] - click: Object: 'Object Repository/Page_KiboEngage  Operational Dashbo/i_la la-angle-down' is clicked on

2019-04-26 16:40:45 - [MESSAGE][PASSED] - Object: 'Object Repository/Page_KiboEngage  Operational Dashbo/i_la la-angle-down' is clicked on

2019-04-26 16:40:45 - [TEST_STEP][PASSED] - delay: Delayed 5 second(s)

2019-04-26 16:40:50 - [MESSAGE][PASSED] - Delayed 5 second(s)

2019-04-26 16:40:50 - [TEST_STEP][PASSED] - Statement - driver = com.kms.katalon.core.webui.driver.DriverFactory.getWebDriver(): null

2019-04-26 16:40:50 - [TEST_STEP][PASSED] - Statement - rows_table = driver.findElements(org.openqa.selenium.By.xpath("//*[@id="content"]/div/div/div/div[2]/div[3]/div[5]/div/div/div[2]/div/div/div[2]/table/tbody/tr")): null

2019-04-26 16:40:50 - [TEST_STEP][PASSED] - Statement - rows_count = rows_table.size(): null

2019-04-26 16:40:50 - [TEST_STEP][PASSED] - verifyGreaterThanOrEqual: Actual number '10' is greater than or equal to expected number '1'

2019-04-26 16:40:50 - [MESSAGE][PASSED] - Actual number '10' is greater than or equal to expected number '1'

2019-04-26 16:40:50 - [MESSAGE][PASSED] - Call Test Case 'Test Cases/Operational_Dashboard/167' successfully

2019-04-26 16:40:50 - [TEST_STEP][PASSED] - click: Object: 'Object Repository/Page_KiboEngage  Operational Dashbo/i_la la-angle-up' is clicked on

2019-04-26 16:40:50 - [MESSAGE][PASSED] - Object: 'Object Repository/Page_KiboEngage  Operational Dashbo/i_la la-angle-up' is clicked on

2019-04-26 16:40:50 - [TEST_STEP][PASSED] - delay: Delayed 5 second(s)

2019-04-26 16:40:55 - [MESSAGE][PASSED] - Delayed 5 second(s)

2019-04-26 16:40:55 - [TEST_STEP][PASSED] - verifyTextNotPresent: Text 'Broadcast Title' is not present on page

2019-04-26 16:40:56 - [MESSAGE][PASSED] - Text 'Broadcast Title' is not present on page]]></system-out>
         <system-err><![CDATA[]]></system-err>
      </testcase>
      <testcase name="Test Cases/Operational_Dashboard/177" classname="Test Cases/Operational_Dashboard/177" status="PASSED">
         <system-out><![CDATA[2019-04-26 16:40:56 - [TEST_CASE][PASSED] - Test Cases/Operational_Dashboard/177: Test Cases/Operational_Dashboard/177

2019-04-26 16:40:56 - [TEST_STEP][PASSED] - callTestCase: Call Test Case 'Test Cases/Operational_Dashboard/Login' successfully

2019-04-26 16:40:56 - [TEST_CASE][PASSED] - Test Cases/Operational_Dashboard/Login: Test Cases/Operational_Dashboard/Login

2019-04-26 16:40:56 - [TEST_STEP][PASSED] - callTestCase: Call Test Case 'Test Cases/s-sidebar_navigation/individualAccount/operationalDashboard' successfully

2019-04-26 16:40:56 - [TEST_CASE][PASSED] - Test Cases/s-sidebar_navigation/individualAccount/operationalDashboard: Test Cases/s-sidebar_navigation/individualAccount/operationalDashboard

2019-04-26 16:40:56 - [TEST_STEP][PASSED] - click: Object: 'Object Repository/Page_KiboEngage  Subscribers/span_Subscribers' is clicked on

2019-04-26 16:40:56 - [MESSAGE][PASSED] - Object: 'Object Repository/Page_KiboEngage  Subscribers/span_Subscribers' is clicked on

2019-04-26 16:40:56 - [TEST_STEP][PASSED] - click: Object: 'Object Repository/Page_KiboEngage  Subscribers/span_Operational Dashboard (1)' is clicked on

2019-04-26 16:40:57 - [MESSAGE][PASSED] - Object: 'Object Repository/Page_KiboEngage  Subscribers/span_Operational Dashboard (1)' is clicked on

2019-04-26 16:40:57 - [TEST_STEP][PASSED] - scrollToPosition: Browser is scrolled to position x = 0, y = 0

2019-04-26 16:40:57 - [MESSAGE][PASSED] - Browser is scrolled to position x = 0, y = 0

2019-04-26 16:40:57 - [TEST_STEP][PASSED] - delay: Delayed 2 second(s)

2019-04-26 16:40:59 - [MESSAGE][PASSED] - Delayed 2 second(s)

2019-04-26 16:40:59 - [TEST_STEP][PASSED] - click: Object: 'Object Repository/Page_KiboEngage  Operational Dashbo/h3_Pages Info (7)' is clicked on

2019-04-26 16:40:59 - [MESSAGE][PASSED] - Object: 'Object Repository/Page_KiboEngage  Operational Dashbo/h3_Pages Info (7)' is clicked on

2019-04-26 16:40:59 - [MESSAGE][PASSED] - Call Test Case 'Test Cases/s-sidebar_navigation/individualAccount/operationalDashboard' successfully

2019-04-26 16:40:59 - [MESSAGE][PASSED] - Call Test Case 'Test Cases/Operational_Dashboard/Login' successfully

2019-04-26 16:40:59 - [TEST_STEP][PASSED] - Statement - driver = com.kms.katalon.core.webui.driver.DriverFactory.getWebDriver(): null

2019-04-26 16:40:59 - [TEST_STEP][PASSED] - Statement - popup_survey = driver.findElement(org.openqa.selenium.By.xpath("//*[@id="content"]/div/div/div/div[2]/div[3]/div[6]/div/div/div/div[2]/ul/li[3]")): null

2019-04-26 16:40:59 - [TEST_STEP][PASSED] - Statement - popup_survey.click(): null

2019-04-26 16:40:59 - [TEST_STEP][PASSED] - delay: Delayed 5 second(s)

2019-04-26 16:41:04 - [MESSAGE][PASSED] - Delayed 5 second(s)

2019-04-26 16:41:04 - [TEST_STEP][PASSED] - Statement - rows_table = driver.findElements(org.openqa.selenium.By.xpath("//*[@id="content"]/div/div/div/div[2]/div[3]/div[6]/div/div/div[2]/div/div/div[2]/table/tbody/tr")): null

2019-04-26 16:41:04 - [TEST_STEP][PASSED] - Statement - rows_count = rows_table.size(): null

2019-04-26 16:41:04 - [TEST_STEP][PASSED] - verifyGreaterThanOrEqual: Actual number '10' is greater than or equal to expected number '1'

2019-04-26 16:41:04 - [MESSAGE][PASSED] - Actual number '10' is greater than or equal to expected number '1']]></system-out>
         <system-err><![CDATA[]]></system-err>
      </testcase>
      <testcase name="Test Cases/Operational_Dashboard/178" classname="Test Cases/Operational_Dashboard/178" status="PASSED">
         <system-out><![CDATA[2019-04-26 16:41:04 - [TEST_CASE][PASSED] - Test Cases/Operational_Dashboard/178: Test Cases/Operational_Dashboard/178

2019-04-26 16:41:04 - [TEST_STEP][PASSED] - callTestCase: Call Test Case 'Test Cases/Operational_Dashboard/177' successfully

2019-04-26 16:41:04 - [TEST_CASE][PASSED] - Test Cases/Operational_Dashboard/177: Test Cases/Operational_Dashboard/177

2019-04-26 16:41:04 - [TEST_STEP][PASSED] - callTestCase: Call Test Case 'Test Cases/Operational_Dashboard/Login' successfully

2019-04-26 16:41:04 - [TEST_CASE][PASSED] - Test Cases/Operational_Dashboard/Login: Test Cases/Operational_Dashboard/Login

2019-04-26 16:41:04 - [TEST_STEP][PASSED] - callTestCase: Call Test Case 'Test Cases/s-sidebar_navigation/individualAccount/operationalDashboard' successfully

2019-04-26 16:41:05 - [TEST_CASE][PASSED] - Test Cases/s-sidebar_navigation/individualAccount/operationalDashboard: Test Cases/s-sidebar_navigation/individualAccount/operationalDashboard

2019-04-26 16:41:05 - [TEST_STEP][PASSED] - click: Object: 'Object Repository/Page_KiboEngage  Subscribers/span_Subscribers' is clicked on

2019-04-26 16:41:05 - [MESSAGE][PASSED] - Object: 'Object Repository/Page_KiboEngage  Subscribers/span_Subscribers' is clicked on

2019-04-26 16:41:05 - [TEST_STEP][PASSED] - click: Object: 'Object Repository/Page_KiboEngage  Subscribers/span_Operational Dashboard (1)' is clicked on

2019-04-26 16:41:05 - [MESSAGE][PASSED] - Object: 'Object Repository/Page_KiboEngage  Subscribers/span_Operational Dashboard (1)' is clicked on

2019-04-26 16:41:05 - [TEST_STEP][PASSED] - scrollToPosition: Browser is scrolled to position x = 0, y = 0

2019-04-26 16:41:05 - [MESSAGE][PASSED] - Browser is scrolled to position x = 0, y = 0

2019-04-26 16:41:05 - [TEST_STEP][PASSED] - delay: Delayed 2 second(s)

2019-04-26 16:41:07 - [MESSAGE][PASSED] - Delayed 2 second(s)

2019-04-26 16:41:07 - [TEST_STEP][PASSED] - click: Object: 'Object Repository/Page_KiboEngage  Operational Dashbo/h3_Pages Info (7)' is clicked on

2019-04-26 16:41:07 - [MESSAGE][PASSED] - Object: 'Object Repository/Page_KiboEngage  Operational Dashbo/h3_Pages Info (7)' is clicked on

2019-04-26 16:41:07 - [MESSAGE][PASSED] - Call Test Case 'Test Cases/s-sidebar_navigation/individualAccount/operationalDashboard' successfully

2019-04-26 16:41:07 - [MESSAGE][PASSED] - Call Test Case 'Test Cases/Operational_Dashboard/Login' successfully

2019-04-26 16:41:07 - [TEST_STEP][PASSED] - Statement - driver = com.kms.katalon.core.webui.driver.DriverFactory.getWebDriver(): null

2019-04-26 16:41:07 - [TEST_STEP][PASSED] - Statement - popup_survey = driver.findElement(org.openqa.selenium.By.xpath("//*[@id="content"]/div/div/div/div[2]/div[3]/div[6]/div/div/div/div[2]/ul/li[3]")): null

2019-04-26 16:41:07 - [TEST_STEP][PASSED] - Statement - popup_survey.click(): null

2019-04-26 16:41:08 - [TEST_STEP][PASSED] - delay: Delayed 5 second(s)

2019-04-26 16:41:13 - [MESSAGE][PASSED] - Delayed 5 second(s)

2019-04-26 16:41:13 - [TEST_STEP][PASSED] - Statement - rows_table = driver.findElements(org.openqa.selenium.By.xpath("//*[@id="content"]/div/div/div/div[2]/div[3]/div[6]/div/div/div[2]/div/div/div[2]/table/tbody/tr")): null

2019-04-26 16:41:13 - [TEST_STEP][PASSED] - Statement - rows_count = rows_table.size(): null

2019-04-26 16:41:13 - [TEST_STEP][PASSED] - verifyGreaterThanOrEqual: Actual number '10' is greater than or equal to expected number '1'

2019-04-26 16:41:13 - [MESSAGE][PASSED] - Actual number '10' is greater than or equal to expected number '1'

2019-04-26 16:41:13 - [MESSAGE][PASSED] - Call Test Case 'Test Cases/Operational_Dashboard/177' successfully

2019-04-26 16:41:13 - [TEST_STEP][PASSED] - Statement - driver = com.kms.katalon.core.webui.driver.DriverFactory.getWebDriver(): null

2019-04-26 16:41:13 - [TEST_STEP][PASSED] - Statement - next = driver.findElement(org.openqa.selenium.By.xpath("//*[@id="content"]/div/div/div/div[2]/div[3]/div[6]/div/div/div[2]/div/div/div[2]/ul/li[4]/a")): null

2019-04-26 16:41:13 - [TEST_STEP][PASSED] - Statement - next.click(): null

2019-04-26 16:41:13 - [TEST_STEP][PASSED] - delay: Delayed 5 second(s)

2019-04-26 16:41:18 - [MESSAGE][PASSED] - Delayed 5 second(s)

2019-04-26 16:41:18 - [TEST_STEP][PASSED] - Statement - rows_table = driver.findElements(org.openqa.selenium.By.xpath("//*[@id="content"]/div/div/div/div[2]/div[3]/div[6]/div/div/div[2]/div/div/div[2]/table/tbody/tr")): null

2019-04-26 16:41:18 - [TEST_STEP][PASSED] - Statement - rows_count = rows_table.size(): null

2019-04-26 16:41:18 - [TEST_STEP][PASSED] - verifyGreaterThanOrEqual: Actual number '2' is greater than or equal to expected number '1'

2019-04-26 16:41:18 - [MESSAGE][PASSED] - Actual number '2' is greater than or equal to expected number '1']]></system-out>
         <system-err><![CDATA[]]></system-err>
      </testcase>
      <testcase name="Test Cases/Operational_Dashboard/179" classname="Test Cases/Operational_Dashboard/179" status="PASSED">
         <system-out><![CDATA[2019-04-26 16:41:18 - [TEST_CASE][PASSED] - Test Cases/Operational_Dashboard/179: Test Cases/Operational_Dashboard/179

2019-04-26 16:41:18 - [TEST_STEP][PASSED] - callTestCase: Call Test Case 'Test Cases/Operational_Dashboard/178' successfully

2019-04-26 16:41:18 - [TEST_CASE][PASSED] - Test Cases/Operational_Dashboard/178: Test Cases/Operational_Dashboard/178

2019-04-26 16:41:18 - [TEST_STEP][PASSED] - callTestCase: Call Test Case 'Test Cases/Operational_Dashboard/177' successfully

2019-04-26 16:41:18 - [TEST_CASE][PASSED] - Test Cases/Operational_Dashboard/177: Test Cases/Operational_Dashboard/177

2019-04-26 16:41:18 - [TEST_STEP][PASSED] - callTestCase: Call Test Case 'Test Cases/Operational_Dashboard/Login' successfully

2019-04-26 16:41:18 - [TEST_CASE][PASSED] - Test Cases/Operational_Dashboard/Login: Test Cases/Operational_Dashboard/Login

2019-04-26 16:41:18 - [TEST_STEP][PASSED] - callTestCase: Call Test Case 'Test Cases/s-sidebar_navigation/individualAccount/operationalDashboard' successfully

2019-04-26 16:41:18 - [TEST_CASE][PASSED] - Test Cases/s-sidebar_navigation/individualAccount/operationalDashboard: Test Cases/s-sidebar_navigation/individualAccount/operationalDashboard

2019-04-26 16:41:18 - [TEST_STEP][PASSED] - click: Object: 'Object Repository/Page_KiboEngage  Subscribers/span_Subscribers' is clicked on

2019-04-26 16:41:18 - [MESSAGE][PASSED] - Object: 'Object Repository/Page_KiboEngage  Subscribers/span_Subscribers' is clicked on

2019-04-26 16:41:18 - [TEST_STEP][PASSED] - click: Object: 'Object Repository/Page_KiboEngage  Subscribers/span_Operational Dashboard (1)' is clicked on

2019-04-26 16:41:19 - [MESSAGE][PASSED] - Object: 'Object Repository/Page_KiboEngage  Subscribers/span_Operational Dashboard (1)' is clicked on

2019-04-26 16:41:19 - [TEST_STEP][PASSED] - scrollToPosition: Browser is scrolled to position x = 0, y = 0

2019-04-26 16:41:19 - [MESSAGE][PASSED] - Browser is scrolled to position x = 0, y = 0

2019-04-26 16:41:19 - [TEST_STEP][PASSED] - delay: Delayed 2 second(s)

2019-04-26 16:41:21 - [MESSAGE][PASSED] - Delayed 2 second(s)

2019-04-26 16:41:21 - [TEST_STEP][PASSED] - click: Object: 'Object Repository/Page_KiboEngage  Operational Dashbo/h3_Pages Info (7)' is clicked on

2019-04-26 16:41:21 - [MESSAGE][PASSED] - Object: 'Object Repository/Page_KiboEngage  Operational Dashbo/h3_Pages Info (7)' is clicked on

2019-04-26 16:41:21 - [MESSAGE][PASSED] - Call Test Case 'Test Cases/s-sidebar_navigation/individualAccount/operationalDashboard' successfully

2019-04-26 16:41:21 - [MESSAGE][PASSED] - Call Test Case 'Test Cases/Operational_Dashboard/Login' successfully

2019-04-26 16:41:21 - [TEST_STEP][PASSED] - Statement - driver = com.kms.katalon.core.webui.driver.DriverFactory.getWebDriver(): null

2019-04-26 16:41:21 - [TEST_STEP][PASSED] - Statement - popup_survey = driver.findElement(org.openqa.selenium.By.xpath("//*[@id="content"]/div/div/div/div[2]/div[3]/div[6]/div/div/div/div[2]/ul/li[3]")): null

2019-04-26 16:41:21 - [TEST_STEP][PASSED] - Statement - popup_survey.click(): null

2019-04-26 16:41:21 - [TEST_STEP][PASSED] - delay: Delayed 5 second(s)

2019-04-26 16:41:26 - [MESSAGE][PASSED] - Delayed 5 second(s)

2019-04-26 16:41:26 - [TEST_STEP][PASSED] - Statement - rows_table = driver.findElements(org.openqa.selenium.By.xpath("//*[@id="content"]/div/div/div/div[2]/div[3]/div[6]/div/div/div[2]/div/div/div[2]/table/tbody/tr")): null

2019-04-26 16:41:26 - [TEST_STEP][PASSED] - Statement - rows_count = rows_table.size(): null

2019-04-26 16:41:26 - [TEST_STEP][PASSED] - verifyGreaterThanOrEqual: Actual number '10' is greater than or equal to expected number '1'

2019-04-26 16:41:26 - [MESSAGE][PASSED] - Actual number '10' is greater than or equal to expected number '1'

2019-04-26 16:41:26 - [MESSAGE][PASSED] - Call Test Case 'Test Cases/Operational_Dashboard/177' successfully

2019-04-26 16:41:26 - [TEST_STEP][PASSED] - Statement - driver = com.kms.katalon.core.webui.driver.DriverFactory.getWebDriver(): null

2019-04-26 16:41:26 - [TEST_STEP][PASSED] - Statement - next = driver.findElement(org.openqa.selenium.By.xpath("//*[@id="content"]/div/div/div/div[2]/div[3]/div[6]/div/div/div[2]/div/div/div[2]/ul/li[4]/a")): null

2019-04-26 16:41:26 - [TEST_STEP][PASSED] - Statement - next.click(): null

2019-04-26 16:41:26 - [TEST_STEP][PASSED] - delay: Delayed 5 second(s)

2019-04-26 16:41:31 - [MESSAGE][PASSED] - Delayed 5 second(s)

2019-04-26 16:41:31 - [TEST_STEP][PASSED] - Statement - rows_table = driver.findElements(org.openqa.selenium.By.xpath("//*[@id="content"]/div/div/div/div[2]/div[3]/div[6]/div/div/div[2]/div/div/div[2]/table/tbody/tr")): null

2019-04-26 16:41:32 - [TEST_STEP][PASSED] - Statement - rows_count = rows_table.size(): null

2019-04-26 16:41:32 - [TEST_STEP][PASSED] - verifyGreaterThanOrEqual: Actual number '2' is greater than or equal to expected number '1'

2019-04-26 16:41:32 - [MESSAGE][PASSED] - Actual number '2' is greater than or equal to expected number '1'

2019-04-26 16:41:32 - [MESSAGE][PASSED] - Call Test Case 'Test Cases/Operational_Dashboard/178' successfully

2019-04-26 16:41:32 - [TEST_STEP][PASSED] - Statement - driver = com.kms.katalon.core.webui.driver.DriverFactory.getWebDriver(): null

2019-04-26 16:41:32 - [TEST_STEP][PASSED] - Statement - PREVIOUS = driver.findElement(org.openqa.selenium.By.xpath("//*[@id="content"]/div/div/div/div[2]/div[3]/div[6]/div/div/div[2]/div/div/div[2]/ul/li[1]/a")): null

2019-04-26 16:41:32 - [TEST_STEP][PASSED] - Statement - PREVIOUS.click(): null

2019-04-26 16:41:32 - [TEST_STEP][PASSED] - delay: Delayed 5 second(s)

2019-04-26 16:41:37 - [MESSAGE][PASSED] - Delayed 5 second(s)

2019-04-26 16:41:37 - [TEST_STEP][PASSED] - Statement - rows_table = driver.findElements(org.openqa.selenium.By.xpath("//*[@id="content"]/div/div/div/div[2]/div[3]/div[6]/div/div/div[2]/div/div/div[2]/table/tbody/tr")): null

2019-04-26 16:41:37 - [TEST_STEP][PASSED] - Statement - rows_count = rows_table.size(): null

2019-04-26 16:41:37 - [TEST_STEP][PASSED] - verifyEqual: Actual object '10' and expected object '10' are equal

2019-04-26 16:41:37 - [MESSAGE][PASSED] - Actual object '10' and expected object '10' are equal]]></system-out>
         <system-err><![CDATA[]]></system-err>
      </testcase>
      <testcase name="Test Cases/Operational_Dashboard/180" classname="Test Cases/Operational_Dashboard/180" status="PASSED">
         <system-out><![CDATA[2019-04-26 16:41:37 - [TEST_CASE][PASSED] - Test Cases/Operational_Dashboard/180: Test Cases/Operational_Dashboard/180

2019-04-26 16:41:37 - [TEST_STEP][PASSED] - callTestCase: Call Test Case 'Test Cases/Operational_Dashboard/177' successfully

2019-04-26 16:41:37 - [TEST_CASE][PASSED] - Test Cases/Operational_Dashboard/177: Test Cases/Operational_Dashboard/177

2019-04-26 16:41:37 - [TEST_STEP][PASSED] - callTestCase: Call Test Case 'Test Cases/Operational_Dashboard/Login' successfully

2019-04-26 16:41:37 - [TEST_CASE][PASSED] - Test Cases/Operational_Dashboard/Login: Test Cases/Operational_Dashboard/Login

2019-04-26 16:41:37 - [TEST_STEP][PASSED] - callTestCase: Call Test Case 'Test Cases/s-sidebar_navigation/individualAccount/operationalDashboard' successfully

2019-04-26 16:41:37 - [TEST_CASE][PASSED] - Test Cases/s-sidebar_navigation/individualAccount/operationalDashboard: Test Cases/s-sidebar_navigation/individualAccount/operationalDashboard

2019-04-26 16:41:37 - [TEST_STEP][PASSED] - click: Object: 'Object Repository/Page_KiboEngage  Subscribers/span_Subscribers' is clicked on

2019-04-26 16:41:38 - [MESSAGE][PASSED] - Object: 'Object Repository/Page_KiboEngage  Subscribers/span_Subscribers' is clicked on

2019-04-26 16:41:38 - [TEST_STEP][PASSED] - click: Object: 'Object Repository/Page_KiboEngage  Subscribers/span_Operational Dashboard (1)' is clicked on

2019-04-26 16:41:38 - [MESSAGE][PASSED] - Object: 'Object Repository/Page_KiboEngage  Subscribers/span_Operational Dashboard (1)' is clicked on

2019-04-26 16:41:38 - [TEST_STEP][PASSED] - scrollToPosition: Browser is scrolled to position x = 0, y = 0

2019-04-26 16:41:38 - [MESSAGE][PASSED] - Browser is scrolled to position x = 0, y = 0

2019-04-26 16:41:38 - [TEST_STEP][PASSED] - delay: Delayed 2 second(s)

2019-04-26 16:41:40 - [MESSAGE][PASSED] - Delayed 2 second(s)

2019-04-26 16:41:40 - [TEST_STEP][PASSED] - click: Object: 'Object Repository/Page_KiboEngage  Operational Dashbo/h3_Pages Info (7)' is clicked on

2019-04-26 16:41:41 - [MESSAGE][PASSED] - Object: 'Object Repository/Page_KiboEngage  Operational Dashbo/h3_Pages Info (7)' is clicked on

2019-04-26 16:41:41 - [MESSAGE][PASSED] - Call Test Case 'Test Cases/s-sidebar_navigation/individualAccount/operationalDashboard' successfully

2019-04-26 16:41:41 - [MESSAGE][PASSED] - Call Test Case 'Test Cases/Operational_Dashboard/Login' successfully

2019-04-26 16:41:41 - [TEST_STEP][PASSED] - Statement - driver = com.kms.katalon.core.webui.driver.DriverFactory.getWebDriver(): null

2019-04-26 16:41:41 - [TEST_STEP][PASSED] - Statement - popup_survey = driver.findElement(org.openqa.selenium.By.xpath("//*[@id="content"]/div/div/div/div[2]/div[3]/div[6]/div/div/div/div[2]/ul/li[3]")): null

2019-04-26 16:41:41 - [TEST_STEP][PASSED] - Statement - popup_survey.click(): null

2019-04-26 16:41:41 - [TEST_STEP][PASSED] - delay: Delayed 5 second(s)

2019-04-26 16:41:46 - [MESSAGE][PASSED] - Delayed 5 second(s)

2019-04-26 16:41:46 - [TEST_STEP][PASSED] - Statement - rows_table = driver.findElements(org.openqa.selenium.By.xpath("//*[@id="content"]/div/div/div/div[2]/div[3]/div[6]/div/div/div[2]/div/div/div[2]/table/tbody/tr")): null

2019-04-26 16:41:46 - [TEST_STEP][PASSED] - Statement - rows_count = rows_table.size(): null

2019-04-26 16:41:46 - [TEST_STEP][PASSED] - verifyGreaterThanOrEqual: Actual number '10' is greater than or equal to expected number '1'

2019-04-26 16:41:46 - [MESSAGE][PASSED] - Actual number '10' is greater than or equal to expected number '1'

2019-04-26 16:41:46 - [MESSAGE][PASSED] - Call Test Case 'Test Cases/Operational_Dashboard/177' successfully

2019-04-26 16:41:46 - [TEST_STEP][PASSED] - Statement - driver = com.kms.katalon.core.webui.driver.DriverFactory.getWebDriver(): null

2019-04-26 16:41:46 - [TEST_STEP][PASSED] - Statement - next = driver.findElement(org.openqa.selenium.By.xpath("//*[@id="content"]/div/div/div/div[2]/div[3]/div[6]/div/div/div[2]/div/div/div[2]/ul/li[3]/a")): null

2019-04-26 16:41:46 - [TEST_STEP][PASSED] - Statement - next.click(): null

2019-04-26 16:41:46 - [TEST_STEP][PASSED] - delay: Delayed 5 second(s)

2019-04-26 16:41:51 - [MESSAGE][PASSED] - Delayed 5 second(s)

2019-04-26 16:41:51 - [TEST_STEP][PASSED] - Statement - rows_table = driver.findElements(org.openqa.selenium.By.xpath("//*[@id="content"]/div/div/div/div[2]/div[3]/div[6]/div/div/div[2]/div/div/div[2]/table/tbody/tr")): null

2019-04-26 16:41:51 - [TEST_STEP][PASSED] - Statement - rows_count = rows_table.size(): null

2019-04-26 16:41:51 - [TEST_STEP][PASSED] - verifyGreaterThanOrEqual: Actual number '10' is greater than or equal to expected number '1'

2019-04-26 16:41:51 - [MESSAGE][PASSED] - Actual number '10' is greater than or equal to expected number '1']]></system-out>
         <system-err><![CDATA[]]></system-err>
      </testcase>
      <testcase name="Test Cases/Operational_Dashboard/181" classname="Test Cases/Operational_Dashboard/181" status="PASSED">
         <system-out><![CDATA[2019-04-26 16:41:51 - [TEST_CASE][PASSED] - Test Cases/Operational_Dashboard/181: Test Cases/Operational_Dashboard/181

2019-04-26 16:41:51 - [TEST_STEP][PASSED] - callTestCase: Call Test Case 'Test Cases/Operational_Dashboard/177' successfully

2019-04-26 16:41:51 - [TEST_CASE][PASSED] - Test Cases/Operational_Dashboard/177: Test Cases/Operational_Dashboard/177

2019-04-26 16:41:51 - [TEST_STEP][PASSED] - callTestCase: Call Test Case 'Test Cases/Operational_Dashboard/Login' successfully

2019-04-26 16:41:51 - [TEST_CASE][PASSED] - Test Cases/Operational_Dashboard/Login: Test Cases/Operational_Dashboard/Login

2019-04-26 16:41:51 - [TEST_STEP][PASSED] - callTestCase: Call Test Case 'Test Cases/s-sidebar_navigation/individualAccount/operationalDashboard' successfully

2019-04-26 16:41:51 - [TEST_CASE][PASSED] - Test Cases/s-sidebar_navigation/individualAccount/operationalDashboard: Test Cases/s-sidebar_navigation/individualAccount/operationalDashboard

2019-04-26 16:41:51 - [TEST_STEP][PASSED] - click: Object: 'Object Repository/Page_KiboEngage  Subscribers/span_Subscribers' is clicked on

2019-04-26 16:41:52 - [MESSAGE][PASSED] - Object: 'Object Repository/Page_KiboEngage  Subscribers/span_Subscribers' is clicked on

2019-04-26 16:41:52 - [TEST_STEP][PASSED] - click: Object: 'Object Repository/Page_KiboEngage  Subscribers/span_Operational Dashboard (1)' is clicked on

2019-04-26 16:41:52 - [MESSAGE][PASSED] - Object: 'Object Repository/Page_KiboEngage  Subscribers/span_Operational Dashboard (1)' is clicked on

2019-04-26 16:41:52 - [TEST_STEP][PASSED] - scrollToPosition: Browser is scrolled to position x = 0, y = 0

2019-04-26 16:41:52 - [MESSAGE][PASSED] - Browser is scrolled to position x = 0, y = 0

2019-04-26 16:41:52 - [TEST_STEP][PASSED] - delay: Delayed 2 second(s)

2019-04-26 16:41:54 - [MESSAGE][PASSED] - Delayed 2 second(s)

2019-04-26 16:41:54 - [TEST_STEP][PASSED] - click: Object: 'Object Repository/Page_KiboEngage  Operational Dashbo/h3_Pages Info (7)' is clicked on

2019-04-26 16:41:54 - [MESSAGE][PASSED] - Object: 'Object Repository/Page_KiboEngage  Operational Dashbo/h3_Pages Info (7)' is clicked on

2019-04-26 16:41:54 - [MESSAGE][PASSED] - Call Test Case 'Test Cases/s-sidebar_navigation/individualAccount/operationalDashboard' successfully

2019-04-26 16:41:54 - [MESSAGE][PASSED] - Call Test Case 'Test Cases/Operational_Dashboard/Login' successfully

2019-04-26 16:41:54 - [TEST_STEP][PASSED] - Statement - driver = com.kms.katalon.core.webui.driver.DriverFactory.getWebDriver(): null

2019-04-26 16:41:54 - [TEST_STEP][PASSED] - Statement - popup_survey = driver.findElement(org.openqa.selenium.By.xpath("//*[@id="content"]/div/div/div/div[2]/div[3]/div[6]/div/div/div/div[2]/ul/li[3]")): null

2019-04-26 16:41:54 - [TEST_STEP][PASSED] - Statement - popup_survey.click(): null

2019-04-26 16:41:54 - [TEST_STEP][PASSED] - delay: Delayed 5 second(s)

2019-04-26 16:41:59 - [MESSAGE][PASSED] - Delayed 5 second(s)

2019-04-26 16:41:59 - [TEST_STEP][PASSED] - Statement - rows_table = driver.findElements(org.openqa.selenium.By.xpath("//*[@id="content"]/div/div/div/div[2]/div[3]/div[6]/div/div/div[2]/div/div/div[2]/table/tbody/tr")): null

2019-04-26 16:41:59 - [TEST_STEP][PASSED] - Statement - rows_count = rows_table.size(): null

2019-04-26 16:41:59 - [TEST_STEP][PASSED] - verifyGreaterThanOrEqual: Actual number '10' is greater than or equal to expected number '1'

2019-04-26 16:41:59 - [MESSAGE][PASSED] - Actual number '10' is greater than or equal to expected number '1'

2019-04-26 16:41:59 - [MESSAGE][PASSED] - Call Test Case 'Test Cases/Operational_Dashboard/177' successfully

2019-04-26 16:41:59 - [TEST_STEP][PASSED] - Statement - driver = com.kms.katalon.core.webui.driver.DriverFactory.getWebDriver(): null

2019-04-26 16:41:59 - [TEST_STEP][PASSED] - Statement - search_text = driver.findElement(org.openqa.selenium.By.xpath("//*[@id="content"]/div/div/div/div[2]/div[3]/div[6]/div/div/div[2]/div/div/div[1]/div[1]/input")): null

2019-04-26 16:41:59 - [TEST_STEP][PASSED] - Statement - search_text.clear(): null

2019-04-26 16:41:59 - [TEST_STEP][PASSED] - Statement - search_text.sendKeys("testing"): null

2019-04-26 16:42:00 - [TEST_STEP][PASSED] - delay: Delayed 5 second(s)

2019-04-26 16:42:05 - [MESSAGE][PASSED] - Delayed 5 second(s)

2019-04-26 16:42:05 - [TEST_STEP][PASSED] - Statement - rows_table = driver.findElements(org.openqa.selenium.By.xpath("//*[@id="content"]/div/div/div/div[2]/div[3]/div[6]/div/div/div[2]/div/div/div[2]/table/tbody/tr")): null

2019-04-26 16:42:05 - [TEST_STEP][PASSED] - Statement - rows_count = rows_table.size(): null

2019-04-26 16:42:05 - [TEST_STEP][PASSED] - verifyGreaterThanOrEqual: Actual number '1' is greater than or equal to expected number '1'

2019-04-26 16:42:05 - [MESSAGE][PASSED] - Actual number '1' is greater than or equal to expected number '1']]></system-out>
         <system-err><![CDATA[]]></system-err>
      </testcase>
      <testcase name="Test Cases/Operational_Dashboard/182" classname="Test Cases/Operational_Dashboard/182" status="PASSED">
         <system-out><![CDATA[2019-04-26 16:42:05 - [TEST_CASE][PASSED] - Test Cases/Operational_Dashboard/182: Test Cases/Operational_Dashboard/182

2019-04-26 16:42:05 - [TEST_STEP][PASSED] - callTestCase: Call Test Case 'Test Cases/Operational_Dashboard/177' successfully

2019-04-26 16:42:05 - [TEST_CASE][PASSED] - Test Cases/Operational_Dashboard/177: Test Cases/Operational_Dashboard/177

2019-04-26 16:42:05 - [TEST_STEP][PASSED] - callTestCase: Call Test Case 'Test Cases/Operational_Dashboard/Login' successfully

2019-04-26 16:42:05 - [TEST_CASE][PASSED] - Test Cases/Operational_Dashboard/Login: Test Cases/Operational_Dashboard/Login

2019-04-26 16:42:05 - [TEST_STEP][PASSED] - callTestCase: Call Test Case 'Test Cases/s-sidebar_navigation/individualAccount/operationalDashboard' successfully

2019-04-26 16:42:05 - [TEST_CASE][PASSED] - Test Cases/s-sidebar_navigation/individualAccount/operationalDashboard: Test Cases/s-sidebar_navigation/individualAccount/operationalDashboard

2019-04-26 16:42:05 - [TEST_STEP][PASSED] - click: Object: 'Object Repository/Page_KiboEngage  Subscribers/span_Subscribers' is clicked on

2019-04-26 16:42:05 - [MESSAGE][PASSED] - Object: 'Object Repository/Page_KiboEngage  Subscribers/span_Subscribers' is clicked on

2019-04-26 16:42:05 - [TEST_STEP][PASSED] - click: Object: 'Object Repository/Page_KiboEngage  Subscribers/span_Operational Dashboard (1)' is clicked on

2019-04-26 16:42:06 - [MESSAGE][PASSED] - Object: 'Object Repository/Page_KiboEngage  Subscribers/span_Operational Dashboard (1)' is clicked on

2019-04-26 16:42:06 - [TEST_STEP][PASSED] - scrollToPosition: Browser is scrolled to position x = 0, y = 0

2019-04-26 16:42:06 - [MESSAGE][PASSED] - Browser is scrolled to position x = 0, y = 0

2019-04-26 16:42:06 - [TEST_STEP][PASSED] - delay: Delayed 2 second(s)

2019-04-26 16:42:08 - [MESSAGE][PASSED] - Delayed 2 second(s)

2019-04-26 16:42:08 - [TEST_STEP][PASSED] - click: Object: 'Object Repository/Page_KiboEngage  Operational Dashbo/h3_Pages Info (7)' is clicked on

2019-04-26 16:42:08 - [MESSAGE][PASSED] - Object: 'Object Repository/Page_KiboEngage  Operational Dashbo/h3_Pages Info (7)' is clicked on

2019-04-26 16:42:08 - [MESSAGE][PASSED] - Call Test Case 'Test Cases/s-sidebar_navigation/individualAccount/operationalDashboard' successfully

2019-04-26 16:42:08 - [MESSAGE][PASSED] - Call Test Case 'Test Cases/Operational_Dashboard/Login' successfully

2019-04-26 16:42:08 - [TEST_STEP][PASSED] - Statement - driver = com.kms.katalon.core.webui.driver.DriverFactory.getWebDriver(): null

2019-04-26 16:42:08 - [TEST_STEP][PASSED] - Statement - popup_survey = driver.findElement(org.openqa.selenium.By.xpath("//*[@id="content"]/div/div/div/div[2]/div[3]/div[6]/div/div/div/div[2]/ul/li[3]")): null

2019-04-26 16:42:08 - [TEST_STEP][PASSED] - Statement - popup_survey.click(): null

2019-04-26 16:42:08 - [TEST_STEP][PASSED] - delay: Delayed 5 second(s)

2019-04-26 16:42:13 - [MESSAGE][PASSED] - Delayed 5 second(s)

2019-04-26 16:42:13 - [TEST_STEP][PASSED] - Statement - rows_table = driver.findElements(org.openqa.selenium.By.xpath("//*[@id="content"]/div/div/div/div[2]/div[3]/div[6]/div/div/div[2]/div/div/div[2]/table/tbody/tr")): null

2019-04-26 16:42:13 - [TEST_STEP][PASSED] - Statement - rows_count = rows_table.size(): null

2019-04-26 16:42:13 - [TEST_STEP][PASSED] - verifyGreaterThanOrEqual: Actual number '10' is greater than or equal to expected number '1'

2019-04-26 16:42:13 - [MESSAGE][PASSED] - Actual number '10' is greater than or equal to expected number '1'

2019-04-26 16:42:13 - [MESSAGE][PASSED] - Call Test Case 'Test Cases/Operational_Dashboard/177' successfully

2019-04-26 16:42:13 - [TEST_STEP][PASSED] - Statement - driver = com.kms.katalon.core.webui.driver.DriverFactory.getWebDriver(): null

2019-04-26 16:42:13 - [TEST_STEP][PASSED] - Statement - search_text = driver.findElement(org.openqa.selenium.By.xpath("//*[@id="content"]/div/div/div/div[2]/div[3]/div[6]/div/div/div[2]/div/div/div[1]/div[2]/div/input")): null

2019-04-26 16:42:13 - [TEST_STEP][PASSED] - Statement - search_text.clear(): null

2019-04-26 16:42:13 - [TEST_STEP][PASSED] - Statement - search_text.sendKeys("3"): null

2019-04-26 16:42:13 - [TEST_STEP][PASSED] - delay: Delayed 5 second(s)

2019-04-26 16:42:18 - [MESSAGE][PASSED] - Delayed 5 second(s)

2019-04-26 16:42:18 - [TEST_STEP][PASSED] - Statement - rows_table = driver.findElements(org.openqa.selenium.By.xpath("//*[@id="content"]/div/div/div/div[2]/div[3]/div[6]/div/div/div[2]/div/div/div[2]/table/tbody/tr")): null

2019-04-26 16:42:18 - [TEST_STEP][PASSED] - Statement - rows_count = rows_table.size(): null

2019-04-26 16:42:18 - [TEST_STEP][PASSED] - verifyGreaterThanOrEqual: Actual number '10' is greater than or equal to expected number '1'

2019-04-26 16:42:18 - [MESSAGE][PASSED] - Actual number '10' is greater than or equal to expected number '1']]></system-out>
         <system-err><![CDATA[]]></system-err>
      </testcase>
      <testcase name="Test Cases/Operational_Dashboard/183" classname="Test Cases/Operational_Dashboard/183" status="PASSED">
         <system-out><![CDATA[2019-04-26 16:42:18 - [TEST_CASE][PASSED] - Test Cases/Operational_Dashboard/183: Test Cases/Operational_Dashboard/183

2019-04-26 16:42:18 - [TEST_STEP][PASSED] - callTestCase: Call Test Case 'Test Cases/Operational_Dashboard/177' successfully

2019-04-26 16:42:18 - [TEST_CASE][PASSED] - Test Cases/Operational_Dashboard/177: Test Cases/Operational_Dashboard/177

2019-04-26 16:42:18 - [TEST_STEP][PASSED] - callTestCase: Call Test Case 'Test Cases/Operational_Dashboard/Login' successfully

2019-04-26 16:42:18 - [TEST_CASE][PASSED] - Test Cases/Operational_Dashboard/Login: Test Cases/Operational_Dashboard/Login

2019-04-26 16:42:18 - [TEST_STEP][PASSED] - callTestCase: Call Test Case 'Test Cases/s-sidebar_navigation/individualAccount/operationalDashboard' successfully

2019-04-26 16:42:18 - [TEST_CASE][PASSED] - Test Cases/s-sidebar_navigation/individualAccount/operationalDashboard: Test Cases/s-sidebar_navigation/individualAccount/operationalDashboard

2019-04-26 16:42:18 - [TEST_STEP][PASSED] - click: Object: 'Object Repository/Page_KiboEngage  Subscribers/span_Subscribers' is clicked on

2019-04-26 16:42:19 - [MESSAGE][PASSED] - Object: 'Object Repository/Page_KiboEngage  Subscribers/span_Subscribers' is clicked on

2019-04-26 16:42:19 - [TEST_STEP][PASSED] - click: Object: 'Object Repository/Page_KiboEngage  Subscribers/span_Operational Dashboard (1)' is clicked on

2019-04-26 16:42:19 - [MESSAGE][PASSED] - Object: 'Object Repository/Page_KiboEngage  Subscribers/span_Operational Dashboard (1)' is clicked on

2019-04-26 16:42:19 - [TEST_STEP][PASSED] - scrollToPosition: Browser is scrolled to position x = 0, y = 0

2019-04-26 16:42:19 - [MESSAGE][PASSED] - Browser is scrolled to position x = 0, y = 0

2019-04-26 16:42:19 - [TEST_STEP][PASSED] - delay: Delayed 2 second(s)

2019-04-26 16:42:21 - [MESSAGE][PASSED] - Delayed 2 second(s)

2019-04-26 16:42:21 - [TEST_STEP][PASSED] - click: Object: 'Object Repository/Page_KiboEngage  Operational Dashbo/h3_Pages Info (7)' is clicked on

2019-04-26 16:42:21 - [MESSAGE][PASSED] - Object: 'Object Repository/Page_KiboEngage  Operational Dashbo/h3_Pages Info (7)' is clicked on

2019-04-26 16:42:21 - [MESSAGE][PASSED] - Call Test Case 'Test Cases/s-sidebar_navigation/individualAccount/operationalDashboard' successfully

2019-04-26 16:42:21 - [MESSAGE][PASSED] - Call Test Case 'Test Cases/Operational_Dashboard/Login' successfully

2019-04-26 16:42:21 - [TEST_STEP][PASSED] - Statement - driver = com.kms.katalon.core.webui.driver.DriverFactory.getWebDriver(): null

2019-04-26 16:42:21 - [TEST_STEP][PASSED] - Statement - popup_survey = driver.findElement(org.openqa.selenium.By.xpath("//*[@id="content"]/div/div/div/div[2]/div[3]/div[6]/div/div/div/div[2]/ul/li[3]")): null

2019-04-26 16:42:21 - [TEST_STEP][PASSED] - Statement - popup_survey.click(): null

2019-04-26 16:42:21 - [TEST_STEP][PASSED] - delay: Delayed 5 second(s)

2019-04-26 16:42:26 - [MESSAGE][PASSED] - Delayed 5 second(s)

2019-04-26 16:42:26 - [TEST_STEP][PASSED] - Statement - rows_table = driver.findElements(org.openqa.selenium.By.xpath("//*[@id="content"]/div/div/div/div[2]/div[3]/div[6]/div/div/div[2]/div/div/div[2]/table/tbody/tr")): null

2019-04-26 16:42:26 - [TEST_STEP][PASSED] - Statement - rows_count = rows_table.size(): null

2019-04-26 16:42:26 - [TEST_STEP][PASSED] - verifyGreaterThanOrEqual: Actual number '10' is greater than or equal to expected number '1'

2019-04-26 16:42:26 - [MESSAGE][PASSED] - Actual number '10' is greater than or equal to expected number '1'

2019-04-26 16:42:26 - [MESSAGE][PASSED] - Call Test Case 'Test Cases/Operational_Dashboard/177' successfully

2019-04-26 16:42:26 - [TEST_STEP][PASSED] - Statement - driver = com.kms.katalon.core.webui.driver.DriverFactory.getWebDriver(): null

2019-04-26 16:42:26 - [TEST_STEP][PASSED] - Statement - search_text = driver.findElement(org.openqa.selenium.By.xpath("//*[@id="content"]/div/div/div/div[2]/div[3]/div[6]/div/div/div[2]/div/div/div[1]/div[1]/input")): null

2019-04-26 16:42:26 - [TEST_STEP][PASSED] - Statement - search_text.clear(): null

2019-04-26 16:42:26 - [TEST_STEP][PASSED] - Statement - search_text.sendKeys("testing"): null

2019-04-26 16:42:27 - [TEST_STEP][PASSED] - delay: Delayed 5 second(s)

2019-04-26 16:42:32 - [MESSAGE][PASSED] - Delayed 5 second(s)

2019-04-26 16:42:32 - [TEST_STEP][PASSED] - Statement - search = driver.findElement(org.openqa.selenium.By.xpath("//*[@id="content"]/div/div/div/div[2]/div[3]/div[6]/div/div/div[2]/div/div/div[1]/div[2]/div/input")): null

2019-04-26 16:42:32 - [TEST_STEP][PASSED] - Statement - search.clear(): null

2019-04-26 16:42:32 - [TEST_STEP][PASSED] - Statement - search.sendKeys("10"): null

2019-04-26 16:42:32 - [TEST_STEP][PASSED] - delay: Delayed 5 second(s)

2019-04-26 16:42:37 - [MESSAGE][PASSED] - Delayed 5 second(s)

2019-04-26 16:42:37 - [TEST_STEP][PASSED] - Statement - rows_table = driver.findElements(org.openqa.selenium.By.xpath("//*[@id="content"]/div/div/div/div[2]/div[3]/div[6]/div/div/div[2]/div/div/div[2]/table/tbody/tr")): null

2019-04-26 16:42:37 - [TEST_STEP][PASSED] - Statement - rows_count = rows_table.size(): null

2019-04-26 16:42:37 - [TEST_STEP][PASSED] - verifyGreaterThanOrEqual: Actual number '1' is greater than or equal to expected number '1'

2019-04-26 16:42:37 - [MESSAGE][PASSED] - Actual number '1' is greater than or equal to expected number '1']]></system-out>
         <system-err><![CDATA[]]></system-err>
      </testcase>
      <testcase name="Test Cases/Operational_Dashboard/184" classname="Test Cases/Operational_Dashboard/184" status="PASSED">
         <system-out><![CDATA[2019-04-26 16:42:37 - [TEST_CASE][PASSED] - Test Cases/Operational_Dashboard/184: Test Cases/Operational_Dashboard/184

2019-04-26 16:42:37 - [TEST_STEP][PASSED] - callTestCase: Call Test Case 'Test Cases/Operational_Dashboard/177' successfully

2019-04-26 16:42:37 - [TEST_CASE][PASSED] - Test Cases/Operational_Dashboard/177: Test Cases/Operational_Dashboard/177

2019-04-26 16:42:37 - [TEST_STEP][PASSED] - callTestCase: Call Test Case 'Test Cases/Operational_Dashboard/Login' successfully

2019-04-26 16:42:37 - [TEST_CASE][PASSED] - Test Cases/Operational_Dashboard/Login: Test Cases/Operational_Dashboard/Login

2019-04-26 16:42:37 - [TEST_STEP][PASSED] - callTestCase: Call Test Case 'Test Cases/s-sidebar_navigation/individualAccount/operationalDashboard' successfully

2019-04-26 16:42:37 - [TEST_CASE][PASSED] - Test Cases/s-sidebar_navigation/individualAccount/operationalDashboard: Test Cases/s-sidebar_navigation/individualAccount/operationalDashboard

2019-04-26 16:42:37 - [TEST_STEP][PASSED] - click: Object: 'Object Repository/Page_KiboEngage  Subscribers/span_Subscribers' is clicked on

2019-04-26 16:42:37 - [MESSAGE][PASSED] - Object: 'Object Repository/Page_KiboEngage  Subscribers/span_Subscribers' is clicked on

2019-04-26 16:42:37 - [TEST_STEP][PASSED] - click: Object: 'Object Repository/Page_KiboEngage  Subscribers/span_Operational Dashboard (1)' is clicked on

2019-04-26 16:42:38 - [MESSAGE][PASSED] - Object: 'Object Repository/Page_KiboEngage  Subscribers/span_Operational Dashboard (1)' is clicked on

2019-04-26 16:42:38 - [TEST_STEP][PASSED] - scrollToPosition: Browser is scrolled to position x = 0, y = 0

2019-04-26 16:42:38 - [MESSAGE][PASSED] - Browser is scrolled to position x = 0, y = 0

2019-04-26 16:42:38 - [TEST_STEP][PASSED] - delay: Delayed 2 second(s)

2019-04-26 16:42:40 - [MESSAGE][PASSED] - Delayed 2 second(s)

2019-04-26 16:42:40 - [TEST_STEP][PASSED] - click: Object: 'Object Repository/Page_KiboEngage  Operational Dashbo/h3_Pages Info (7)' is clicked on

2019-04-26 16:42:40 - [MESSAGE][PASSED] - Object: 'Object Repository/Page_KiboEngage  Operational Dashbo/h3_Pages Info (7)' is clicked on

2019-04-26 16:42:40 - [MESSAGE][PASSED] - Call Test Case 'Test Cases/s-sidebar_navigation/individualAccount/operationalDashboard' successfully

2019-04-26 16:42:40 - [MESSAGE][PASSED] - Call Test Case 'Test Cases/Operational_Dashboard/Login' successfully

2019-04-26 16:42:40 - [TEST_STEP][PASSED] - Statement - driver = com.kms.katalon.core.webui.driver.DriverFactory.getWebDriver(): null

2019-04-26 16:42:40 - [TEST_STEP][PASSED] - Statement - popup_survey = driver.findElement(org.openqa.selenium.By.xpath("//*[@id="content"]/div/div/div/div[2]/div[3]/div[6]/div/div/div/div[2]/ul/li[3]")): null

2019-04-26 16:42:40 - [TEST_STEP][PASSED] - Statement - popup_survey.click(): null

2019-04-26 16:42:40 - [TEST_STEP][PASSED] - delay: Delayed 5 second(s)

2019-04-26 16:42:45 - [MESSAGE][PASSED] - Delayed 5 second(s)

2019-04-26 16:42:45 - [TEST_STEP][PASSED] - Statement - rows_table = driver.findElements(org.openqa.selenium.By.xpath("//*[@id="content"]/div/div/div/div[2]/div[3]/div[6]/div/div/div[2]/div/div/div[2]/table/tbody/tr")): null

2019-04-26 16:42:45 - [TEST_STEP][PASSED] - Statement - rows_count = rows_table.size(): null

2019-04-26 16:42:45 - [TEST_STEP][PASSED] - verifyGreaterThanOrEqual: Actual number '10' is greater than or equal to expected number '1'

2019-04-26 16:42:45 - [MESSAGE][PASSED] - Actual number '10' is greater than or equal to expected number '1'

2019-04-26 16:42:45 - [MESSAGE][PASSED] - Call Test Case 'Test Cases/Operational_Dashboard/177' successfully

2019-04-26 16:42:45 - [TEST_STEP][PASSED] - click: Object: 'Object Repository/Page_KiboEngage  Operational Dashbo/button_View (4)' is clicked on

2019-04-26 16:42:46 - [MESSAGE][PASSED] - Object: 'Object Repository/Page_KiboEngage  Operational Dashbo/button_View (4)' is clicked on

2019-04-26 16:42:46 - [TEST_STEP][PASSED] - scrollToPosition: Browser is scrolled to position x = 0, y = 0

2019-04-26 16:42:46 - [MESSAGE][PASSED] - Browser is scrolled to position x = 0, y = 0

2019-04-26 16:42:46 - [TEST_STEP][PASSED] - click: Object: 'Object Repository/Page_KiboEngage  Survey Detail/h4_Survey Questions' is clicked on

2019-04-26 16:42:46 - [MESSAGE][PASSED] - Object: 'Object Repository/Page_KiboEngage  Survey Detail/h4_Survey Questions' is clicked on]]></system-out>
         <system-err><![CDATA[]]></system-err>
      </testcase>
      <testcase name="Test Cases/Operational_Dashboard/185" classname="Test Cases/Operational_Dashboard/185" status="PASSED">
         <system-out><![CDATA[2019-04-26 16:42:46 - [TEST_CASE][PASSED] - Test Cases/Operational_Dashboard/185: Test Cases/Operational_Dashboard/185

2019-04-26 16:42:46 - [TEST_STEP][PASSED] - callTestCase: Call Test Case 'Test Cases/Operational_Dashboard/184' successfully

2019-04-26 16:42:46 - [TEST_CASE][PASSED] - Test Cases/Operational_Dashboard/184: Test Cases/Operational_Dashboard/184

2019-04-26 16:42:46 - [TEST_STEP][PASSED] - callTestCase: Call Test Case 'Test Cases/Operational_Dashboard/177' successfully

2019-04-26 16:42:46 - [TEST_CASE][PASSED] - Test Cases/Operational_Dashboard/177: Test Cases/Operational_Dashboard/177

2019-04-26 16:42:46 - [TEST_STEP][PASSED] - callTestCase: Call Test Case 'Test Cases/Operational_Dashboard/Login' successfully

2019-04-26 16:42:46 - [TEST_CASE][PASSED] - Test Cases/Operational_Dashboard/Login: Test Cases/Operational_Dashboard/Login

2019-04-26 16:42:46 - [TEST_STEP][PASSED] - callTestCase: Call Test Case 'Test Cases/s-sidebar_navigation/individualAccount/operationalDashboard' successfully

2019-04-26 16:42:46 - [TEST_CASE][PASSED] - Test Cases/s-sidebar_navigation/individualAccount/operationalDashboard: Test Cases/s-sidebar_navigation/individualAccount/operationalDashboard

2019-04-26 16:42:46 - [TEST_STEP][PASSED] - click: Object: 'Object Repository/Page_KiboEngage  Subscribers/span_Subscribers' is clicked on

2019-04-26 16:42:46 - [MESSAGE][PASSED] - Object: 'Object Repository/Page_KiboEngage  Subscribers/span_Subscribers' is clicked on

2019-04-26 16:42:46 - [TEST_STEP][PASSED] - click: Object: 'Object Repository/Page_KiboEngage  Subscribers/span_Operational Dashboard (1)' is clicked on

2019-04-26 16:42:47 - [MESSAGE][PASSED] - Object: 'Object Repository/Page_KiboEngage  Subscribers/span_Operational Dashboard (1)' is clicked on

2019-04-26 16:42:47 - [TEST_STEP][PASSED] - scrollToPosition: Browser is scrolled to position x = 0, y = 0

2019-04-26 16:42:47 - [MESSAGE][PASSED] - Browser is scrolled to position x = 0, y = 0

2019-04-26 16:42:47 - [TEST_STEP][PASSED] - delay: Delayed 2 second(s)

2019-04-26 16:42:49 - [MESSAGE][PASSED] - Delayed 2 second(s)

2019-04-26 16:42:49 - [TEST_STEP][PASSED] - click: Object: 'Object Repository/Page_KiboEngage  Operational Dashbo/h3_Pages Info (7)' is clicked on

2019-04-26 16:42:49 - [MESSAGE][PASSED] - Object: 'Object Repository/Page_KiboEngage  Operational Dashbo/h3_Pages Info (7)' is clicked on

2019-04-26 16:42:49 - [MESSAGE][PASSED] - Call Test Case 'Test Cases/s-sidebar_navigation/individualAccount/operationalDashboard' successfully

2019-04-26 16:42:49 - [MESSAGE][PASSED] - Call Test Case 'Test Cases/Operational_Dashboard/Login' successfully

2019-04-26 16:42:49 - [TEST_STEP][PASSED] - Statement - driver = com.kms.katalon.core.webui.driver.DriverFactory.getWebDriver(): null

2019-04-26 16:42:49 - [TEST_STEP][PASSED] - Statement - popup_survey = driver.findElement(org.openqa.selenium.By.xpath("//*[@id="content"]/div/div/div/div[2]/div[3]/div[6]/div/div/div/div[2]/ul/li[3]")): null

2019-04-26 16:42:49 - [TEST_STEP][PASSED] - Statement - popup_survey.click(): null

2019-04-26 16:42:49 - [TEST_STEP][PASSED] - delay: Delayed 5 second(s)

2019-04-26 16:42:54 - [MESSAGE][PASSED] - Delayed 5 second(s)

2019-04-26 16:42:54 - [TEST_STEP][PASSED] - Statement - rows_table = driver.findElements(org.openqa.selenium.By.xpath("//*[@id="content"]/div/div/div/div[2]/div[3]/div[6]/div/div/div[2]/div/div/div[2]/table/tbody/tr")): null

2019-04-26 16:42:54 - [TEST_STEP][PASSED] - Statement - rows_count = rows_table.size(): null

2019-04-26 16:42:54 - [TEST_STEP][PASSED] - verifyGreaterThanOrEqual: Actual number '10' is greater than or equal to expected number '1'

2019-04-26 16:42:54 - [MESSAGE][PASSED] - Actual number '10' is greater than or equal to expected number '1'

2019-04-26 16:42:54 - [MESSAGE][PASSED] - Call Test Case 'Test Cases/Operational_Dashboard/177' successfully

2019-04-26 16:42:54 - [TEST_STEP][PASSED] - click: Object: 'Object Repository/Page_KiboEngage  Operational Dashbo/button_View (4)' is clicked on

2019-04-26 16:42:54 - [MESSAGE][PASSED] - Object: 'Object Repository/Page_KiboEngage  Operational Dashbo/button_View (4)' is clicked on

2019-04-26 16:42:54 - [TEST_STEP][PASSED] - scrollToPosition: Browser is scrolled to position x = 0, y = 0

2019-04-26 16:42:54 - [MESSAGE][PASSED] - Browser is scrolled to position x = 0, y = 0

2019-04-26 16:42:54 - [TEST_STEP][PASSED] - click: Object: 'Object Repository/Page_KiboEngage  Survey Detail/h4_Survey Questions' is clicked on

2019-04-26 16:42:54 - [MESSAGE][PASSED] - Object: 'Object Repository/Page_KiboEngage  Survey Detail/h4_Survey Questions' is clicked on

2019-04-26 16:42:54 - [MESSAGE][PASSED] - Call Test Case 'Test Cases/Operational_Dashboard/184' successfully

2019-04-26 16:42:54 - [TEST_STEP][PASSED] - click: Object: 'Object Repository/Page_KiboEngage  Survey Detail/button_Back' is clicked on

2019-04-26 16:42:54 - [MESSAGE][PASSED] - Object: 'Object Repository/Page_KiboEngage  Survey Detail/button_Back' is clicked on

2019-04-26 16:42:54 - [TEST_STEP][PASSED] - scrollToPosition: Browser is scrolled to position x = 0, y = 0

2019-04-26 16:42:54 - [MESSAGE][PASSED] - Browser is scrolled to position x = 0, y = 0

2019-04-26 16:42:54 - [TEST_STEP][PASSED] - click: Object: 'Object Repository/Page_KiboEngage  Operational Dashbo/h3_Pages Info (6)' is clicked on

2019-04-26 16:42:55 - [MESSAGE][PASSED] - Object: 'Object Repository/Page_KiboEngage  Operational Dashbo/h3_Pages Info (6)' is clicked on]]></system-out>
         <system-err><![CDATA[]]></system-err>
      </testcase>
      <testcase name="Test Cases/Operational_Dashboard/186" classname="Test Cases/Operational_Dashboard/186" status="PASSED">
         <system-out><![CDATA[2019-04-26 16:42:55 - [TEST_CASE][PASSED] - Test Cases/Operational_Dashboard/186: Test Cases/Operational_Dashboard/186

2019-04-26 16:42:55 - [TEST_STEP][PASSED] - callTestCase: Call Test Case 'Test Cases/Operational_Dashboard/177' successfully

2019-04-26 16:42:55 - [TEST_CASE][PASSED] - Test Cases/Operational_Dashboard/177: Test Cases/Operational_Dashboard/177

2019-04-26 16:42:55 - [TEST_STEP][PASSED] - callTestCase: Call Test Case 'Test Cases/Operational_Dashboard/Login' successfully

2019-04-26 16:42:55 - [TEST_CASE][PASSED] - Test Cases/Operational_Dashboard/Login: Test Cases/Operational_Dashboard/Login

2019-04-26 16:42:55 - [TEST_STEP][PASSED] - callTestCase: Call Test Case 'Test Cases/s-sidebar_navigation/individualAccount/operationalDashboard' successfully

2019-04-26 16:42:55 - [TEST_CASE][PASSED] - Test Cases/s-sidebar_navigation/individualAccount/operationalDashboard: Test Cases/s-sidebar_navigation/individualAccount/operationalDashboard

2019-04-26 16:42:55 - [TEST_STEP][PASSED] - click: Object: 'Object Repository/Page_KiboEngage  Subscribers/span_Subscribers' is clicked on

2019-04-26 16:42:55 - [MESSAGE][PASSED] - Object: 'Object Repository/Page_KiboEngage  Subscribers/span_Subscribers' is clicked on

2019-04-26 16:42:55 - [TEST_STEP][PASSED] - click: Object: 'Object Repository/Page_KiboEngage  Subscribers/span_Operational Dashboard (1)' is clicked on

2019-04-26 16:42:56 - [MESSAGE][PASSED] - Object: 'Object Repository/Page_KiboEngage  Subscribers/span_Operational Dashboard (1)' is clicked on

2019-04-26 16:42:56 - [TEST_STEP][PASSED] - scrollToPosition: Browser is scrolled to position x = 0, y = 0

2019-04-26 16:42:56 - [MESSAGE][PASSED] - Browser is scrolled to position x = 0, y = 0

2019-04-26 16:42:56 - [TEST_STEP][PASSED] - delay: Delayed 2 second(s)

2019-04-26 16:42:58 - [MESSAGE][PASSED] - Delayed 2 second(s)

2019-04-26 16:42:58 - [TEST_STEP][PASSED] - click: Object: 'Object Repository/Page_KiboEngage  Operational Dashbo/h3_Pages Info (7)' is clicked on

2019-04-26 16:42:58 - [MESSAGE][PASSED] - Object: 'Object Repository/Page_KiboEngage  Operational Dashbo/h3_Pages Info (7)' is clicked on

2019-04-26 16:42:58 - [MESSAGE][PASSED] - Call Test Case 'Test Cases/s-sidebar_navigation/individualAccount/operationalDashboard' successfully

2019-04-26 16:42:58 - [MESSAGE][PASSED] - Call Test Case 'Test Cases/Operational_Dashboard/Login' successfully

2019-04-26 16:42:58 - [TEST_STEP][PASSED] - Statement - driver = com.kms.katalon.core.webui.driver.DriverFactory.getWebDriver(): null

2019-04-26 16:42:58 - [TEST_STEP][PASSED] - Statement - popup_survey = driver.findElement(org.openqa.selenium.By.xpath("//*[@id="content"]/div/div/div/div[2]/div[3]/div[6]/div/div/div/div[2]/ul/li[3]")): null

2019-04-26 16:42:58 - [TEST_STEP][PASSED] - Statement - popup_survey.click(): null

2019-04-26 16:42:58 - [TEST_STEP][PASSED] - delay: Delayed 5 second(s)

2019-04-26 16:43:03 - [MESSAGE][PASSED] - Delayed 5 second(s)

2019-04-26 16:43:03 - [TEST_STEP][PASSED] - Statement - rows_table = driver.findElements(org.openqa.selenium.By.xpath("//*[@id="content"]/div/div/div/div[2]/div[3]/div[6]/div/div/div[2]/div/div/div[2]/table/tbody/tr")): null

2019-04-26 16:43:03 - [TEST_STEP][PASSED] - Statement - rows_count = rows_table.size(): null

2019-04-26 16:43:03 - [TEST_STEP][PASSED] - verifyGreaterThanOrEqual: Actual number '10' is greater than or equal to expected number '1'

2019-04-26 16:43:03 - [MESSAGE][PASSED] - Actual number '10' is greater than or equal to expected number '1'

2019-04-26 16:43:03 - [MESSAGE][PASSED] - Call Test Case 'Test Cases/Operational_Dashboard/177' successfully

2019-04-26 16:43:03 - [TEST_STEP][PASSED] - Statement - driver = com.kms.katalon.core.webui.driver.DriverFactory.getWebDriver(): null

2019-04-26 16:43:03 - [TEST_STEP][PASSED] - Statement - popDown_survey = driver.findElement(org.openqa.selenium.By.xpath("//*[@id="content"]/div/div/div/div[2]/div[3]/div[6]/div/div/div[1]/div[2]/ul/li[3]")): null

2019-04-26 16:43:03 - [TEST_STEP][PASSED] - Statement - popDown_survey.click(): null

2019-04-26 16:43:03 - [TEST_STEP][PASSED] - delay: Delayed 5 second(s)

2019-04-26 16:43:08 - [MESSAGE][PASSED] - Delayed 5 second(s)

2019-04-26 16:43:08 - [TEST_STEP][PASSED] - verifyTextNotPresent: Text 'Responded' is not present on page

2019-04-26 16:43:09 - [MESSAGE][PASSED] - Text 'Responded' is not present on page]]></system-out>
         <system-err><![CDATA[]]></system-err>
      </testcase>
      <testcase name="Test Cases/Operational_Dashboard/187" classname="Test Cases/Operational_Dashboard/187" status="PASSED">
         <system-out><![CDATA[2019-04-26 16:43:09 - [TEST_CASE][PASSED] - Test Cases/Operational_Dashboard/187: Test Cases/Operational_Dashboard/187

2019-04-26 16:43:09 - [TEST_STEP][PASSED] - callTestCase: Call Test Case 'Test Cases/Operational_Dashboard/Login' successfully

2019-04-26 16:43:09 - [TEST_CASE][PASSED] - Test Cases/Operational_Dashboard/Login: Test Cases/Operational_Dashboard/Login

2019-04-26 16:43:09 - [TEST_STEP][PASSED] - callTestCase: Call Test Case 'Test Cases/s-sidebar_navigation/individualAccount/operationalDashboard' successfully

2019-04-26 16:43:09 - [TEST_CASE][PASSED] - Test Cases/s-sidebar_navigation/individualAccount/operationalDashboard: Test Cases/s-sidebar_navigation/individualAccount/operationalDashboard

2019-04-26 16:43:09 - [TEST_STEP][PASSED] - click: Object: 'Object Repository/Page_KiboEngage  Subscribers/span_Subscribers' is clicked on

2019-04-26 16:43:09 - [MESSAGE][PASSED] - Object: 'Object Repository/Page_KiboEngage  Subscribers/span_Subscribers' is clicked on

2019-04-26 16:43:09 - [TEST_STEP][PASSED] - click: Object: 'Object Repository/Page_KiboEngage  Subscribers/span_Operational Dashboard (1)' is clicked on

2019-04-26 16:43:10 - [MESSAGE][PASSED] - Object: 'Object Repository/Page_KiboEngage  Subscribers/span_Operational Dashboard (1)' is clicked on

2019-04-26 16:43:10 - [TEST_STEP][PASSED] - scrollToPosition: Browser is scrolled to position x = 0, y = 0

2019-04-26 16:43:10 - [MESSAGE][PASSED] - Browser is scrolled to position x = 0, y = 0

2019-04-26 16:43:10 - [TEST_STEP][PASSED] - delay: Delayed 2 second(s)

2019-04-26 16:43:12 - [MESSAGE][PASSED] - Delayed 2 second(s)

2019-04-26 16:43:12 - [TEST_STEP][PASSED] - click: Object: 'Object Repository/Page_KiboEngage  Operational Dashbo/h3_Pages Info (7)' is clicked on

2019-04-26 16:43:12 - [MESSAGE][PASSED] - Object: 'Object Repository/Page_KiboEngage  Operational Dashbo/h3_Pages Info (7)' is clicked on

2019-04-26 16:43:12 - [MESSAGE][PASSED] - Call Test Case 'Test Cases/s-sidebar_navigation/individualAccount/operationalDashboard' successfully

2019-04-26 16:43:12 - [MESSAGE][PASSED] - Call Test Case 'Test Cases/Operational_Dashboard/Login' successfully

2019-04-26 16:43:12 - [TEST_STEP][PASSED] - Statement - driver = com.kms.katalon.core.webui.driver.DriverFactory.getWebDriver(): null

2019-04-26 16:43:12 - [TEST_STEP][PASSED] - Statement - popup_poll = driver.findElement(org.openqa.selenium.By.xpath("//*[@id="content"]/div/div/div/div[2]/div[3]/div[7]/div/div/div/div[2]/ul/li[3]")): null

2019-04-26 16:43:12 - [TEST_STEP][PASSED] - Statement - popup_poll.click(): null

2019-04-26 16:43:12 - [TEST_STEP][PASSED] - delay: Delayed 5 second(s)

2019-04-26 16:43:17 - [MESSAGE][PASSED] - Delayed 5 second(s)

2019-04-26 16:43:17 - [TEST_STEP][PASSED] - Statement - rows_table = driver.findElements(org.openqa.selenium.By.xpath("//*[@id="content"]/div/div/div/div[2]/div[3]/div[7]/div/div/div[2]/div/div/div[2]/table/tbody/tr")): null

2019-04-26 16:43:17 - [TEST_STEP][PASSED] - Statement - rows_count = rows_table.size(): null

2019-04-26 16:43:17 - [TEST_STEP][PASSED] - verifyGreaterThanOrEqual: Actual number '10' is greater than or equal to expected number '1'

2019-04-26 16:43:17 - [MESSAGE][PASSED] - Actual number '10' is greater than or equal to expected number '1']]></system-out>
         <system-err><![CDATA[]]></system-err>
      </testcase>
      <testcase name="Test Cases/Operational_Dashboard/188" classname="Test Cases/Operational_Dashboard/188" status="FAILED">
         <failure type="FAILED" message="Unable to verify actual number '0' greater than or equal with expected number '1' (Root cause: Actual number '0' is NOT greater than or equal to expected number '1')"/>
         <system-out><![CDATA[2019-04-26 16:43:17 - [TEST_CASE][FAILED] - Test Cases/Operational_Dashboard/188: Test Cases/Operational_Dashboard/188 FAILED because (of) Unable to verify actual number '0' greater than or equal with expected number '1' (Root cause: Actual number '0' is NOT greater than or equal to expected number '1')

2019-04-26 16:43:17 - [TEST_STEP][PASSED] - callTestCase: Call Test Case 'Test Cases/Operational_Dashboard/187' successfully

2019-04-26 16:43:17 - [TEST_CASE][PASSED] - Test Cases/Operational_Dashboard/187: Test Cases/Operational_Dashboard/187

2019-04-26 16:43:18 - [TEST_STEP][PASSED] - callTestCase: Call Test Case 'Test Cases/Operational_Dashboard/Login' successfully

2019-04-26 16:43:18 - [TEST_CASE][PASSED] - Test Cases/Operational_Dashboard/Login: Test Cases/Operational_Dashboard/Login

2019-04-26 16:43:18 - [TEST_STEP][PASSED] - callTestCase: Call Test Case 'Test Cases/s-sidebar_navigation/individualAccount/operationalDashboard' successfully

2019-04-26 16:43:18 - [TEST_CASE][PASSED] - Test Cases/s-sidebar_navigation/individualAccount/operationalDashboard: Test Cases/s-sidebar_navigation/individualAccount/operationalDashboard

2019-04-26 16:43:18 - [TEST_STEP][PASSED] - click: Object: 'Object Repository/Page_KiboEngage  Subscribers/span_Subscribers' is clicked on

2019-04-26 16:43:18 - [MESSAGE][PASSED] - Object: 'Object Repository/Page_KiboEngage  Subscribers/span_Subscribers' is clicked on

2019-04-26 16:43:18 - [TEST_STEP][PASSED] - click: Object: 'Object Repository/Page_KiboEngage  Subscribers/span_Operational Dashboard (1)' is clicked on

2019-04-26 16:43:18 - [MESSAGE][PASSED] - Object: 'Object Repository/Page_KiboEngage  Subscribers/span_Operational Dashboard (1)' is clicked on

2019-04-26 16:43:18 - [TEST_STEP][PASSED] - scrollToPosition: Browser is scrolled to position x = 0, y = 0

2019-04-26 16:43:18 - [MESSAGE][PASSED] - Browser is scrolled to position x = 0, y = 0

2019-04-26 16:43:18 - [TEST_STEP][PASSED] - delay: Delayed 2 second(s)

2019-04-26 16:43:20 - [MESSAGE][PASSED] - Delayed 2 second(s)

2019-04-26 16:43:20 - [TEST_STEP][PASSED] - click: Object: 'Object Repository/Page_KiboEngage  Operational Dashbo/h3_Pages Info (7)' is clicked on

2019-04-26 16:43:21 - [MESSAGE][PASSED] - Object: 'Object Repository/Page_KiboEngage  Operational Dashbo/h3_Pages Info (7)' is clicked on

2019-04-26 16:43:21 - [MESSAGE][PASSED] - Call Test Case 'Test Cases/s-sidebar_navigation/individualAccount/operationalDashboard' successfully

2019-04-26 16:43:21 - [MESSAGE][PASSED] - Call Test Case 'Test Cases/Operational_Dashboard/Login' successfully

2019-04-26 16:43:21 - [TEST_STEP][PASSED] - Statement - driver = com.kms.katalon.core.webui.driver.DriverFactory.getWebDriver(): null

2019-04-26 16:43:21 - [TEST_STEP][PASSED] - Statement - popup_poll = driver.findElement(org.openqa.selenium.By.xpath("//*[@id="content"]/div/div/div/div[2]/div[3]/div[7]/div/div/div/div[2]/ul/li[3]")): null

2019-04-26 16:43:21 - [TEST_STEP][PASSED] - Statement - popup_poll.click(): null

2019-04-26 16:43:21 - [TEST_STEP][PASSED] - delay: Delayed 5 second(s)

2019-04-26 16:43:26 - [MESSAGE][PASSED] - Delayed 5 second(s)

2019-04-26 16:43:26 - [TEST_STEP][PASSED] - Statement - rows_table = driver.findElements(org.openqa.selenium.By.xpath("//*[@id="content"]/div/div/div/div[2]/div[3]/div[7]/div/div/div[2]/div/div/div[2]/table/tbody/tr")): null

2019-04-26 16:43:26 - [TEST_STEP][PASSED] - Statement - rows_count = rows_table.size(): null

2019-04-26 16:43:26 - [TEST_STEP][PASSED] - verifyGreaterThanOrEqual: Actual number '10' is greater than or equal to expected number '1'

2019-04-26 16:43:26 - [MESSAGE][PASSED] - Actual number '10' is greater than or equal to expected number '1'

2019-04-26 16:43:26 - [MESSAGE][PASSED] - Call Test Case 'Test Cases/Operational_Dashboard/187' successfully

2019-04-26 16:43:26 - [TEST_STEP][PASSED] - Statement - driver = com.kms.katalon.core.webui.driver.DriverFactory.getWebDriver(): null

2019-04-26 16:43:26 - [TEST_STEP][PASSED] - Statement - next = driver.findElement(org.openqa.selenium.By.xpath("//*[@id="content"]/div/div/div/div[2]/div[3]/div[7]/div/div/div[2]/div/div/div[2]/ul/li[5]/a")): null

2019-04-26 16:43:26 - [TEST_STEP][PASSED] - Statement - next.click(): null

2019-04-26 16:43:26 - [TEST_STEP][PASSED] - delay: Delayed 5 second(s)

2019-04-26 16:43:31 - [MESSAGE][PASSED] - Delayed 5 second(s)

2019-04-26 16:43:31 - [TEST_STEP][PASSED] - Statement - rows_table = driver.findElements(org.openqa.selenium.By.xpath("//*[@id="content"]/div/div/div/div[2]/div[3]/div[7]/div/div/div[2]/div/div/div[2]/table/tbody/tr")): null

2019-04-26 16:43:31 - [TEST_STEP][PASSED] - Statement - rows_count = rows_table.size(): null

2019-04-26 16:43:31 - [TEST_STEP][FAILED] - verifyGreaterThanOrEqual: Unable to verify actual number '0' greater than or equal with expected number '1' (Root cause: Actual number '0' is NOT greater than or equal to expected number '1')

2019-04-26 16:43:31 - [MESSAGE][FAILED] - Unable to verify actual number '0' greater than or equal with expected number '1' (Root cause: Actual number '0' is NOT greater than or equal to expected number '1')]]></system-out>
         <system-err><![CDATA[2019-04-26 16:43:17 - [TEST_CASE][FAILED] - Test Cases/Operational_Dashboard/188: Test Cases/Operational_Dashboard/188 FAILED because (of) Unable to verify actual number '0' greater than or equal with expected number '1' (Root cause: Actual number '0' is NOT greater than or equal to expected number '1')]]></system-err>
      </testcase>
      <testcase name="Test Cases/Operational_Dashboard/189" classname="Test Cases/Operational_Dashboard/189" status="FAILED">
         <failure type="FAILED" message="Unable to verify actual number '0' greater than or equal with expected number '1' (Root cause: Actual number '0' is NOT greater than or equal to expected number '1')"/>
         <system-out><![CDATA[2019-04-26 16:43:31 - [TEST_CASE][FAILED] - Test Cases/Operational_Dashboard/189: Test Cases/Operational_Dashboard/189 FAILED because (of) Unable to verify actual number '0' greater than or equal with expected number '1' (Root cause: Actual number '0' is NOT greater than or equal to expected number '1')

2019-04-26 16:43:31 - [TEST_STEP][FAILED] - callTestCase: Unable to call Test Case with id 'Test Cases/Operational_Dashboard/188' (Root cause: Call Test Case 'Test Cases/Operational_Dashboard/188' failed)

2019-04-26 16:43:31 - [TEST_CASE][FAILED] - Test Cases/Operational_Dashboard/188: Test Cases/Operational_Dashboard/188 FAILED because (of) Unable to verify actual number '0' greater than or equal with expected number '1' (Root cause: Actual number '0' is NOT greater than or equal to expected number '1')

2019-04-26 16:43:31 - [TEST_STEP][PASSED] - callTestCase: Call Test Case 'Test Cases/Operational_Dashboard/187' successfully

2019-04-26 16:43:31 - [TEST_CASE][PASSED] - Test Cases/Operational_Dashboard/187: Test Cases/Operational_Dashboard/187

2019-04-26 16:43:31 - [TEST_STEP][PASSED] - callTestCase: Call Test Case 'Test Cases/Operational_Dashboard/Login' successfully

2019-04-26 16:43:31 - [TEST_CASE][PASSED] - Test Cases/Operational_Dashboard/Login: Test Cases/Operational_Dashboard/Login

2019-04-26 16:43:31 - [TEST_STEP][PASSED] - callTestCase: Call Test Case 'Test Cases/s-sidebar_navigation/individualAccount/operationalDashboard' successfully

2019-04-26 16:43:31 - [TEST_CASE][PASSED] - Test Cases/s-sidebar_navigation/individualAccount/operationalDashboard: Test Cases/s-sidebar_navigation/individualAccount/operationalDashboard

2019-04-26 16:43:31 - [TEST_STEP][PASSED] - click: Object: 'Object Repository/Page_KiboEngage  Subscribers/span_Subscribers' is clicked on

2019-04-26 16:43:32 - [MESSAGE][PASSED] - Object: 'Object Repository/Page_KiboEngage  Subscribers/span_Subscribers' is clicked on

2019-04-26 16:43:32 - [TEST_STEP][PASSED] - click: Object: 'Object Repository/Page_KiboEngage  Subscribers/span_Operational Dashboard (1)' is clicked on

2019-04-26 16:43:32 - [MESSAGE][PASSED] - Object: 'Object Repository/Page_KiboEngage  Subscribers/span_Operational Dashboard (1)' is clicked on

2019-04-26 16:43:32 - [TEST_STEP][PASSED] - scrollToPosition: Browser is scrolled to position x = 0, y = 0

2019-04-26 16:43:32 - [MESSAGE][PASSED] - Browser is scrolled to position x = 0, y = 0

2019-04-26 16:43:32 - [TEST_STEP][PASSED] - delay: Delayed 2 second(s)

2019-04-26 16:43:34 - [MESSAGE][PASSED] - Delayed 2 second(s)

2019-04-26 16:43:34 - [TEST_STEP][PASSED] - click: Object: 'Object Repository/Page_KiboEngage  Operational Dashbo/h3_Pages Info (7)' is clicked on

2019-04-26 16:43:34 - [MESSAGE][PASSED] - Object: 'Object Repository/Page_KiboEngage  Operational Dashbo/h3_Pages Info (7)' is clicked on

2019-04-26 16:43:34 - [MESSAGE][PASSED] - Call Test Case 'Test Cases/s-sidebar_navigation/individualAccount/operationalDashboard' successfully

2019-04-26 16:43:34 - [MESSAGE][PASSED] - Call Test Case 'Test Cases/Operational_Dashboard/Login' successfully

2019-04-26 16:43:34 - [TEST_STEP][PASSED] - Statement - driver = com.kms.katalon.core.webui.driver.DriverFactory.getWebDriver(): null

2019-04-26 16:43:34 - [TEST_STEP][PASSED] - Statement - popup_poll = driver.findElement(org.openqa.selenium.By.xpath("//*[@id="content"]/div/div/div/div[2]/div[3]/div[7]/div/div/div/div[2]/ul/li[3]")): null

2019-04-26 16:43:34 - [TEST_STEP][PASSED] - Statement - popup_poll.click(): null

2019-04-26 16:43:34 - [TEST_STEP][PASSED] - delay: Delayed 5 second(s)

2019-04-26 16:43:39 - [MESSAGE][PASSED] - Delayed 5 second(s)

2019-04-26 16:43:39 - [TEST_STEP][PASSED] - Statement - rows_table = driver.findElements(org.openqa.selenium.By.xpath("//*[@id="content"]/div/div/div/div[2]/div[3]/div[7]/div/div/div[2]/div/div/div[2]/table/tbody/tr")): null

2019-04-26 16:43:39 - [TEST_STEP][PASSED] - Statement - rows_count = rows_table.size(): null

2019-04-26 16:43:39 - [TEST_STEP][PASSED] - verifyGreaterThanOrEqual: Actual number '10' is greater than or equal to expected number '1'

2019-04-26 16:43:39 - [MESSAGE][PASSED] - Actual number '10' is greater than or equal to expected number '1'

2019-04-26 16:43:39 - [MESSAGE][PASSED] - Call Test Case 'Test Cases/Operational_Dashboard/187' successfully

2019-04-26 16:43:39 - [TEST_STEP][PASSED] - Statement - driver = com.kms.katalon.core.webui.driver.DriverFactory.getWebDriver(): null

2019-04-26 16:43:39 - [TEST_STEP][PASSED] - Statement - next = driver.findElement(org.openqa.selenium.By.xpath("//*[@id="content"]/div/div/div/div[2]/div[3]/div[7]/div/div/div[2]/div/div/div[2]/ul/li[5]/a")): null

2019-04-26 16:43:39 - [TEST_STEP][PASSED] - Statement - next.click(): null

2019-04-26 16:43:39 - [TEST_STEP][PASSED] - delay: Delayed 5 second(s)

2019-04-26 16:43:44 - [MESSAGE][PASSED] - Delayed 5 second(s)

2019-04-26 16:43:44 - [TEST_STEP][PASSED] - Statement - rows_table = driver.findElements(org.openqa.selenium.By.xpath("//*[@id="content"]/div/div/div/div[2]/div[3]/div[7]/div/div/div[2]/div/div/div[2]/table/tbody/tr")): null

2019-04-26 16:43:45 - [TEST_STEP][PASSED] - Statement - rows_count = rows_table.size(): null

2019-04-26 16:43:45 - [TEST_STEP][FAILED] - verifyGreaterThanOrEqual: Unable to verify actual number '0' greater than or equal with expected number '1' (Root cause: Actual number '0' is NOT greater than or equal to expected number '1')

2019-04-26 16:43:45 - [MESSAGE][FAILED] - Unable to verify actual number '0' greater than or equal with expected number '1' (Root cause: Actual number '0' is NOT greater than or equal to expected number '1')

2019-04-26 16:43:45 - [MESSAGE][FAILED] - Unable to call Test Case with id 'Test Cases/Operational_Dashboard/188' (Root cause: Call Test Case 'Test Cases/Operational_Dashboard/188' failed)]]></system-out>
         <system-err><![CDATA[2019-04-26 16:43:31 - [TEST_CASE][FAILED] - Test Cases/Operational_Dashboard/189: Test Cases/Operational_Dashboard/189 FAILED because (of) Unable to verify actual number '0' greater than or equal with expected number '1' (Root cause: Actual number '0' is NOT greater than or equal to expected number '1')]]></system-err>
      </testcase>
      <testcase name="Test Cases/Operational_Dashboard/190" classname="Test Cases/Operational_Dashboard/190" status="FAILED">
         <failure type="FAILED" message="Unable to verify actual number '0' greater than or equal with expected number '1' (Root cause: Actual number '0' is NOT greater than or equal to expected number '1')"/>
         <system-out><![CDATA[2019-04-26 16:43:45 - [TEST_CASE][FAILED] - Test Cases/Operational_Dashboard/190: Test Cases/Operational_Dashboard/190 FAILED because (of) Unable to verify actual number '0' greater than or equal with expected number '1' (Root cause: Actual number '0' is NOT greater than or equal to expected number '1')

2019-04-26 16:43:45 - [TEST_STEP][PASSED] - callTestCase: Call Test Case 'Test Cases/Operational_Dashboard/187' successfully

2019-04-26 16:43:45 - [TEST_CASE][PASSED] - Test Cases/Operational_Dashboard/187: Test Cases/Operational_Dashboard/187

2019-04-26 16:43:45 - [TEST_STEP][PASSED] - callTestCase: Call Test Case 'Test Cases/Operational_Dashboard/Login' successfully

2019-04-26 16:43:45 - [TEST_CASE][PASSED] - Test Cases/Operational_Dashboard/Login: Test Cases/Operational_Dashboard/Login

2019-04-26 16:43:45 - [TEST_STEP][PASSED] - callTestCase: Call Test Case 'Test Cases/s-sidebar_navigation/individualAccount/operationalDashboard' successfully

2019-04-26 16:43:45 - [TEST_CASE][PASSED] - Test Cases/s-sidebar_navigation/individualAccount/operationalDashboard: Test Cases/s-sidebar_navigation/individualAccount/operationalDashboard

2019-04-26 16:43:45 - [TEST_STEP][PASSED] - click: Object: 'Object Repository/Page_KiboEngage  Subscribers/span_Subscribers' is clicked on

2019-04-26 16:43:45 - [MESSAGE][PASSED] - Object: 'Object Repository/Page_KiboEngage  Subscribers/span_Subscribers' is clicked on

2019-04-26 16:43:45 - [TEST_STEP][PASSED] - click: Object: 'Object Repository/Page_KiboEngage  Subscribers/span_Operational Dashboard (1)' is clicked on

2019-04-26 16:43:46 - [MESSAGE][PASSED] - Object: 'Object Repository/Page_KiboEngage  Subscribers/span_Operational Dashboard (1)' is clicked on

2019-04-26 16:43:46 - [TEST_STEP][PASSED] - scrollToPosition: Browser is scrolled to position x = 0, y = 0

2019-04-26 16:43:46 - [MESSAGE][PASSED] - Browser is scrolled to position x = 0, y = 0

2019-04-26 16:43:46 - [TEST_STEP][PASSED] - delay: Delayed 2 second(s)

2019-04-26 16:43:48 - [MESSAGE][PASSED] - Delayed 2 second(s)

2019-04-26 16:43:48 - [TEST_STEP][PASSED] - click: Object: 'Object Repository/Page_KiboEngage  Operational Dashbo/h3_Pages Info (7)' is clicked on

2019-04-26 16:43:48 - [MESSAGE][PASSED] - Object: 'Object Repository/Page_KiboEngage  Operational Dashbo/h3_Pages Info (7)' is clicked on

2019-04-26 16:43:48 - [MESSAGE][PASSED] - Call Test Case 'Test Cases/s-sidebar_navigation/individualAccount/operationalDashboard' successfully

2019-04-26 16:43:48 - [MESSAGE][PASSED] - Call Test Case 'Test Cases/Operational_Dashboard/Login' successfully

2019-04-26 16:43:48 - [TEST_STEP][PASSED] - Statement - driver = com.kms.katalon.core.webui.driver.DriverFactory.getWebDriver(): null

2019-04-26 16:43:48 - [TEST_STEP][PASSED] - Statement - popup_poll = driver.findElement(org.openqa.selenium.By.xpath("//*[@id="content"]/div/div/div/div[2]/div[3]/div[7]/div/div/div/div[2]/ul/li[3]")): null

2019-04-26 16:43:48 - [TEST_STEP][PASSED] - Statement - popup_poll.click(): null

2019-04-26 16:43:48 - [TEST_STEP][PASSED] - delay: Delayed 5 second(s)

2019-04-26 16:43:53 - [MESSAGE][PASSED] - Delayed 5 second(s)

2019-04-26 16:43:53 - [TEST_STEP][PASSED] - Statement - rows_table = driver.findElements(org.openqa.selenium.By.xpath("//*[@id="content"]/div/div/div/div[2]/div[3]/div[7]/div/div/div[2]/div/div/div[2]/table/tbody/tr")): null

2019-04-26 16:43:53 - [TEST_STEP][PASSED] - Statement - rows_count = rows_table.size(): null

2019-04-26 16:43:53 - [TEST_STEP][PASSED] - verifyGreaterThanOrEqual: Actual number '10' is greater than or equal to expected number '1'

2019-04-26 16:43:53 - [MESSAGE][PASSED] - Actual number '10' is greater than or equal to expected number '1'

2019-04-26 16:43:53 - [MESSAGE][PASSED] - Call Test Case 'Test Cases/Operational_Dashboard/187' successfully

2019-04-26 16:43:53 - [TEST_STEP][PASSED] - Statement - driver = com.kms.katalon.core.webui.driver.DriverFactory.getWebDriver(): null

2019-04-26 16:43:53 - [TEST_STEP][PASSED] - Statement - next = driver.findElement(org.openqa.selenium.By.xpath("//*[@id="content"]/div/div/div/div[2]/div[3]/div[7]/div/div/div[2]/div/div/div[2]/ul/li[3]/a")): null

2019-04-26 16:43:53 - [TEST_STEP][PASSED] - Statement - next.click(): null

2019-04-26 16:43:54 - [TEST_STEP][PASSED] - delay: Delayed 5 second(s)

2019-04-26 16:43:59 - [MESSAGE][PASSED] - Delayed 5 second(s)

2019-04-26 16:43:59 - [TEST_STEP][PASSED] - Statement - rows_table = driver.findElements(org.openqa.selenium.By.xpath("//*[@id="content"]/div/div/div/div[2]/div[3]/div[7]/div/div/div[2]/div/div/div[2]/table/tbody/tr")): null

2019-04-26 16:43:59 - [TEST_STEP][PASSED] - Statement - rows_count = rows_table.size(): null

2019-04-26 16:43:59 - [TEST_STEP][FAILED] - verifyGreaterThanOrEqual: Unable to verify actual number '0' greater than or equal with expected number '1' (Root cause: Actual number '0' is NOT greater than or equal to expected number '1')

2019-04-26 16:43:59 - [MESSAGE][FAILED] - Unable to verify actual number '0' greater than or equal with expected number '1' (Root cause: Actual number '0' is NOT greater than or equal to expected number '1')]]></system-out>
         <system-err><![CDATA[2019-04-26 16:43:45 - [TEST_CASE][FAILED] - Test Cases/Operational_Dashboard/190: Test Cases/Operational_Dashboard/190 FAILED because (of) Unable to verify actual number '0' greater than or equal with expected number '1' (Root cause: Actual number '0' is NOT greater than or equal to expected number '1')]]></system-err>
      </testcase>
      <testcase name="Test Cases/Operational_Dashboard/191" classname="Test Cases/Operational_Dashboard/191" status="PASSED">
         <system-out><![CDATA[2019-04-26 16:43:59 - [TEST_CASE][PASSED] - Test Cases/Operational_Dashboard/191: Test Cases/Operational_Dashboard/191

2019-04-26 16:43:59 - [TEST_STEP][PASSED] - callTestCase: Call Test Case 'Test Cases/Operational_Dashboard/187' successfully

2019-04-26 16:43:59 - [TEST_CASE][PASSED] - Test Cases/Operational_Dashboard/187: Test Cases/Operational_Dashboard/187

2019-04-26 16:43:59 - [TEST_STEP][PASSED] - callTestCase: Call Test Case 'Test Cases/Operational_Dashboard/Login' successfully

2019-04-26 16:43:59 - [TEST_CASE][PASSED] - Test Cases/Operational_Dashboard/Login: Test Cases/Operational_Dashboard/Login

2019-04-26 16:43:59 - [TEST_STEP][PASSED] - callTestCase: Call Test Case 'Test Cases/s-sidebar_navigation/individualAccount/operationalDashboard' successfully

2019-04-26 16:43:59 - [TEST_CASE][PASSED] - Test Cases/s-sidebar_navigation/individualAccount/operationalDashboard: Test Cases/s-sidebar_navigation/individualAccount/operationalDashboard

2019-04-26 16:43:59 - [TEST_STEP][PASSED] - click: Object: 'Object Repository/Page_KiboEngage  Subscribers/span_Subscribers' is clicked on

2019-04-26 16:43:59 - [MESSAGE][PASSED] - Object: 'Object Repository/Page_KiboEngage  Subscribers/span_Subscribers' is clicked on

2019-04-26 16:43:59 - [TEST_STEP][PASSED] - click: Object: 'Object Repository/Page_KiboEngage  Subscribers/span_Operational Dashboard (1)' is clicked on

2019-04-26 16:44:00 - [MESSAGE][PASSED] - Object: 'Object Repository/Page_KiboEngage  Subscribers/span_Operational Dashboard (1)' is clicked on

2019-04-26 16:44:00 - [TEST_STEP][PASSED] - scrollToPosition: Browser is scrolled to position x = 0, y = 0

2019-04-26 16:44:00 - [MESSAGE][PASSED] - Browser is scrolled to position x = 0, y = 0

2019-04-26 16:44:00 - [TEST_STEP][PASSED] - delay: Delayed 2 second(s)

2019-04-26 16:44:02 - [MESSAGE][PASSED] - Delayed 2 second(s)

2019-04-26 16:44:02 - [TEST_STEP][PASSED] - click: Object: 'Object Repository/Page_KiboEngage  Operational Dashbo/h3_Pages Info (7)' is clicked on

2019-04-26 16:44:02 - [MESSAGE][PASSED] - Object: 'Object Repository/Page_KiboEngage  Operational Dashbo/h3_Pages Info (7)' is clicked on

2019-04-26 16:44:02 - [MESSAGE][PASSED] - Call Test Case 'Test Cases/s-sidebar_navigation/individualAccount/operationalDashboard' successfully

2019-04-26 16:44:02 - [MESSAGE][PASSED] - Call Test Case 'Test Cases/Operational_Dashboard/Login' successfully

2019-04-26 16:44:02 - [TEST_STEP][PASSED] - Statement - driver = com.kms.katalon.core.webui.driver.DriverFactory.getWebDriver(): null

2019-04-26 16:44:02 - [TEST_STEP][PASSED] - Statement - popup_poll = driver.findElement(org.openqa.selenium.By.xpath("//*[@id="content"]/div/div/div/div[2]/div[3]/div[7]/div/div/div/div[2]/ul/li[3]")): null

2019-04-26 16:44:02 - [TEST_STEP][PASSED] - Statement - popup_poll.click(): null

2019-04-26 16:44:02 - [TEST_STEP][PASSED] - delay: Delayed 5 second(s)

2019-04-26 16:44:07 - [MESSAGE][PASSED] - Delayed 5 second(s)

2019-04-26 16:44:07 - [TEST_STEP][PASSED] - Statement - rows_table = driver.findElements(org.openqa.selenium.By.xpath("//*[@id="content"]/div/div/div/div[2]/div[3]/div[7]/div/div/div[2]/div/div/div[2]/table/tbody/tr")): null

2019-04-26 16:44:07 - [TEST_STEP][PASSED] - Statement - rows_count = rows_table.size(): null

2019-04-26 16:44:07 - [TEST_STEP][PASSED] - verifyGreaterThanOrEqual: Actual number '10' is greater than or equal to expected number '1'

2019-04-26 16:44:07 - [MESSAGE][PASSED] - Actual number '10' is greater than or equal to expected number '1'

2019-04-26 16:44:07 - [MESSAGE][PASSED] - Call Test Case 'Test Cases/Operational_Dashboard/187' successfully

2019-04-26 16:44:07 - [TEST_STEP][PASSED] - Statement - driver = com.kms.katalon.core.webui.driver.DriverFactory.getWebDriver(): null

2019-04-26 16:44:07 - [TEST_STEP][PASSED] - Statement - search_text = driver.findElement(org.openqa.selenium.By.xpath("//*[@id="content"]/div/div/div/div[2]/div[3]/div[7]/div/div/div[2]/div/div/div[1]/div[1]/input")): null

2019-04-26 16:44:07 - [TEST_STEP][PASSED] - Statement - search_text.clear(): null

2019-04-26 16:44:07 - [TEST_STEP][PASSED] - Statement - search_text.sendKeys("1"): null

2019-04-26 16:44:07 - [TEST_STEP][PASSED] - delay: Delayed 5 second(s)

2019-04-26 16:44:12 - [MESSAGE][PASSED] - Delayed 5 second(s)

2019-04-26 16:44:12 - [TEST_STEP][PASSED] - Statement - rows_table = driver.findElements(org.openqa.selenium.By.xpath("//*[@id="content"]/div/div/div/div[2]/div[3]/div[7]/div/div/div[2]/div/div/div[2]/table/tbody/tr")): null

2019-04-26 16:44:12 - [TEST_STEP][PASSED] - Statement - rows_count = rows_table.size(): null

2019-04-26 16:44:12 - [TEST_STEP][PASSED] - verifyGreaterThanOrEqual: Actual number '10' is greater than or equal to expected number '1'

2019-04-26 16:44:12 - [MESSAGE][PASSED] - Actual number '10' is greater than or equal to expected number '1']]></system-out>
         <system-err><![CDATA[]]></system-err>
      </testcase>
      <testcase name="Test Cases/Operational_Dashboard/192" classname="Test Cases/Operational_Dashboard/192" status="FAILED">
         <failure type="FAILED" message="Unable to verify actual number '0' greater than or equal with expected number '1' (Root cause: Actual number '0' is NOT greater than or equal to expected number '1')"/>
         <system-out><![CDATA[2019-04-26 16:44:12 - [TEST_CASE][FAILED] - Test Cases/Operational_Dashboard/192: Test Cases/Operational_Dashboard/192 FAILED because (of) Unable to verify actual number '0' greater than or equal with expected number '1' (Root cause: Actual number '0' is NOT greater than or equal to expected number '1')

2019-04-26 16:44:12 - [TEST_STEP][PASSED] - callTestCase: Call Test Case 'Test Cases/Operational_Dashboard/187' successfully

2019-04-26 16:44:12 - [TEST_CASE][PASSED] - Test Cases/Operational_Dashboard/187: Test Cases/Operational_Dashboard/187

2019-04-26 16:44:12 - [TEST_STEP][PASSED] - callTestCase: Call Test Case 'Test Cases/Operational_Dashboard/Login' successfully

2019-04-26 16:44:12 - [TEST_CASE][PASSED] - Test Cases/Operational_Dashboard/Login: Test Cases/Operational_Dashboard/Login

2019-04-26 16:44:12 - [TEST_STEP][PASSED] - callTestCase: Call Test Case 'Test Cases/s-sidebar_navigation/individualAccount/operationalDashboard' successfully

2019-04-26 16:44:13 - [TEST_CASE][PASSED] - Test Cases/s-sidebar_navigation/individualAccount/operationalDashboard: Test Cases/s-sidebar_navigation/individualAccount/operationalDashboard

2019-04-26 16:44:13 - [TEST_STEP][PASSED] - click: Object: 'Object Repository/Page_KiboEngage  Subscribers/span_Subscribers' is clicked on

2019-04-26 16:44:13 - [MESSAGE][PASSED] - Object: 'Object Repository/Page_KiboEngage  Subscribers/span_Subscribers' is clicked on

2019-04-26 16:44:13 - [TEST_STEP][PASSED] - click: Object: 'Object Repository/Page_KiboEngage  Subscribers/span_Operational Dashboard (1)' is clicked on

2019-04-26 16:44:13 - [MESSAGE][PASSED] - Object: 'Object Repository/Page_KiboEngage  Subscribers/span_Operational Dashboard (1)' is clicked on

2019-04-26 16:44:13 - [TEST_STEP][PASSED] - scrollToPosition: Browser is scrolled to position x = 0, y = 0

2019-04-26 16:44:13 - [MESSAGE][PASSED] - Browser is scrolled to position x = 0, y = 0

2019-04-26 16:44:13 - [TEST_STEP][PASSED] - delay: Delayed 2 second(s)

2019-04-26 16:44:15 - [MESSAGE][PASSED] - Delayed 2 second(s)

2019-04-26 16:44:15 - [TEST_STEP][PASSED] - click: Object: 'Object Repository/Page_KiboEngage  Operational Dashbo/h3_Pages Info (7)' is clicked on

2019-04-26 16:44:16 - [MESSAGE][PASSED] - Object: 'Object Repository/Page_KiboEngage  Operational Dashbo/h3_Pages Info (7)' is clicked on

2019-04-26 16:44:16 - [MESSAGE][PASSED] - Call Test Case 'Test Cases/s-sidebar_navigation/individualAccount/operationalDashboard' successfully

2019-04-26 16:44:16 - [MESSAGE][PASSED] - Call Test Case 'Test Cases/Operational_Dashboard/Login' successfully

2019-04-26 16:44:16 - [TEST_STEP][PASSED] - Statement - driver = com.kms.katalon.core.webui.driver.DriverFactory.getWebDriver(): null

2019-04-26 16:44:16 - [TEST_STEP][PASSED] - Statement - popup_poll = driver.findElement(org.openqa.selenium.By.xpath("//*[@id="content"]/div/div/div/div[2]/div[3]/div[7]/div/div/div/div[2]/ul/li[3]")): null

2019-04-26 16:44:16 - [TEST_STEP][PASSED] - Statement - popup_poll.click(): null

2019-04-26 16:44:16 - [TEST_STEP][PASSED] - delay: Delayed 5 second(s)

2019-04-26 16:44:21 - [MESSAGE][PASSED] - Delayed 5 second(s)

2019-04-26 16:44:21 - [TEST_STEP][PASSED] - Statement - rows_table = driver.findElements(org.openqa.selenium.By.xpath("//*[@id="content"]/div/div/div/div[2]/div[3]/div[7]/div/div/div[2]/div/div/div[2]/table/tbody/tr")): null

2019-04-26 16:44:21 - [TEST_STEP][PASSED] - Statement - rows_count = rows_table.size(): null

2019-04-26 16:44:21 - [TEST_STEP][PASSED] - verifyGreaterThanOrEqual: Actual number '10' is greater than or equal to expected number '1'

2019-04-26 16:44:21 - [MESSAGE][PASSED] - Actual number '10' is greater than or equal to expected number '1'

2019-04-26 16:44:21 - [MESSAGE][PASSED] - Call Test Case 'Test Cases/Operational_Dashboard/187' successfully

2019-04-26 16:44:21 - [TEST_STEP][PASSED] - Statement - driver = com.kms.katalon.core.webui.driver.DriverFactory.getWebDriver(): null

2019-04-26 16:44:21 - [TEST_STEP][PASSED] - Statement - search_text = driver.findElement(org.openqa.selenium.By.xpath("//*[@id="content"]/div/div/div/div[2]/div[3]/div[7]/div/div/div[2]/div/div/div[1]/div[2]/div/input")): null

2019-04-26 16:44:21 - [TEST_STEP][PASSED] - Statement - search_text.clear(): null

2019-04-26 16:44:21 - [TEST_STEP][PASSED] - Statement - search_text.sendKeys("1"): null

2019-04-26 16:44:21 - [TEST_STEP][PASSED] - delay: Delayed 5 second(s)

2019-04-26 16:44:26 - [MESSAGE][PASSED] - Delayed 5 second(s)

2019-04-26 16:44:26 - [TEST_STEP][PASSED] - Statement - rows_table = driver.findElements(org.openqa.selenium.By.xpath("//*[@id="content"]/div/div/div/div[2]/div[3]/div[7]/div/div/div[2]/div/div/div[2]/table/tbody/tr")): null

2019-04-26 16:44:26 - [TEST_STEP][PASSED] - Statement - rows_count = rows_table.size(): null

2019-04-26 16:44:26 - [TEST_STEP][FAILED] - verifyGreaterThanOrEqual: Unable to verify actual number '0' greater than or equal with expected number '1' (Root cause: Actual number '0' is NOT greater than or equal to expected number '1')

2019-04-26 16:44:26 - [MESSAGE][FAILED] - Unable to verify actual number '0' greater than or equal with expected number '1' (Root cause: Actual number '0' is NOT greater than or equal to expected number '1')]]></system-out>
         <system-err><![CDATA[2019-04-26 16:44:12 - [TEST_CASE][FAILED] - Test Cases/Operational_Dashboard/192: Test Cases/Operational_Dashboard/192 FAILED because (of) Unable to verify actual number '0' greater than or equal with expected number '1' (Root cause: Actual number '0' is NOT greater than or equal to expected number '1')]]></system-err>
      </testcase>
      <testcase name="Test Cases/Operational_Dashboard/193" classname="Test Cases/Operational_Dashboard/193" status="PASSED">
         <system-out><![CDATA[2019-04-26 16:44:26 - [TEST_CASE][PASSED] - Test Cases/Operational_Dashboard/193: Test Cases/Operational_Dashboard/193

2019-04-26 16:44:26 - [TEST_STEP][PASSED] - callTestCase: Call Test Case 'Test Cases/Operational_Dashboard/187' successfully

2019-04-26 16:44:26 - [TEST_CASE][PASSED] - Test Cases/Operational_Dashboard/187: Test Cases/Operational_Dashboard/187

2019-04-26 16:44:26 - [TEST_STEP][PASSED] - callTestCase: Call Test Case 'Test Cases/Operational_Dashboard/Login' successfully

2019-04-26 16:44:26 - [TEST_CASE][PASSED] - Test Cases/Operational_Dashboard/Login: Test Cases/Operational_Dashboard/Login

2019-04-26 16:44:26 - [TEST_STEP][PASSED] - callTestCase: Call Test Case 'Test Cases/s-sidebar_navigation/individualAccount/operationalDashboard' successfully

2019-04-26 16:44:26 - [TEST_CASE][PASSED] - Test Cases/s-sidebar_navigation/individualAccount/operationalDashboard: Test Cases/s-sidebar_navigation/individualAccount/operationalDashboard

2019-04-26 16:44:26 - [TEST_STEP][PASSED] - click: Object: 'Object Repository/Page_KiboEngage  Subscribers/span_Subscribers' is clicked on

2019-04-26 16:44:27 - [MESSAGE][PASSED] - Object: 'Object Repository/Page_KiboEngage  Subscribers/span_Subscribers' is clicked on

2019-04-26 16:44:27 - [TEST_STEP][PASSED] - click: Object: 'Object Repository/Page_KiboEngage  Subscribers/span_Operational Dashboard (1)' is clicked on

2019-04-26 16:44:27 - [MESSAGE][PASSED] - Object: 'Object Repository/Page_KiboEngage  Subscribers/span_Operational Dashboard (1)' is clicked on

2019-04-26 16:44:27 - [TEST_STEP][PASSED] - scrollToPosition: Browser is scrolled to position x = 0, y = 0

2019-04-26 16:44:27 - [MESSAGE][PASSED] - Browser is scrolled to position x = 0, y = 0

2019-04-26 16:44:27 - [TEST_STEP][PASSED] - delay: Delayed 2 second(s)

2019-04-26 16:44:29 - [MESSAGE][PASSED] - Delayed 2 second(s)

2019-04-26 16:44:29 - [TEST_STEP][PASSED] - click: Object: 'Object Repository/Page_KiboEngage  Operational Dashbo/h3_Pages Info (7)' is clicked on

2019-04-26 16:44:29 - [MESSAGE][PASSED] - Object: 'Object Repository/Page_KiboEngage  Operational Dashbo/h3_Pages Info (7)' is clicked on

2019-04-26 16:44:29 - [MESSAGE][PASSED] - Call Test Case 'Test Cases/s-sidebar_navigation/individualAccount/operationalDashboard' successfully

2019-04-26 16:44:29 - [MESSAGE][PASSED] - Call Test Case 'Test Cases/Operational_Dashboard/Login' successfully

2019-04-26 16:44:29 - [TEST_STEP][PASSED] - Statement - driver = com.kms.katalon.core.webui.driver.DriverFactory.getWebDriver(): null

2019-04-26 16:44:29 - [TEST_STEP][PASSED] - Statement - popup_poll = driver.findElement(org.openqa.selenium.By.xpath("//*[@id="content"]/div/div/div/div[2]/div[3]/div[7]/div/div/div/div[2]/ul/li[3]")): null

2019-04-26 16:44:29 - [TEST_STEP][PASSED] - Statement - popup_poll.click(): null

2019-04-26 16:44:29 - [TEST_STEP][PASSED] - delay: Delayed 5 second(s)

2019-04-26 16:44:34 - [MESSAGE][PASSED] - Delayed 5 second(s)

2019-04-26 16:44:34 - [TEST_STEP][PASSED] - Statement - rows_table = driver.findElements(org.openqa.selenium.By.xpath("//*[@id="content"]/div/div/div/div[2]/div[3]/div[7]/div/div/div[2]/div/div/div[2]/table/tbody/tr")): null

2019-04-26 16:44:34 - [TEST_STEP][PASSED] - Statement - rows_count = rows_table.size(): null

2019-04-26 16:44:34 - [TEST_STEP][PASSED] - verifyGreaterThanOrEqual: Actual number '10' is greater than or equal to expected number '1'

2019-04-26 16:44:34 - [MESSAGE][PASSED] - Actual number '10' is greater than or equal to expected number '1'

2019-04-26 16:44:34 - [MESSAGE][PASSED] - Call Test Case 'Test Cases/Operational_Dashboard/187' successfully

2019-04-26 16:44:34 - [TEST_STEP][PASSED] - Statement - driver = com.kms.katalon.core.webui.driver.DriverFactory.getWebDriver(): null

2019-04-26 16:44:34 - [TEST_STEP][PASSED] - Statement - search_text = driver.findElement(org.openqa.selenium.By.xpath("//*[@id="content"]/div/div/div/div[2]/div[3]/div[7]/div/div/div[2]/div/div/div[1]/div[1]/input")): null

2019-04-26 16:44:34 - [TEST_STEP][PASSED] - Statement - search_text.clear(): null

2019-04-26 16:44:34 - [TEST_STEP][PASSED] - Statement - search_text.sendKeys("1"): null

2019-04-26 16:44:34 - [TEST_STEP][PASSED] - delay: Delayed 5 second(s)

2019-04-26 16:44:39 - [MESSAGE][PASSED] - Delayed 5 second(s)

2019-04-26 16:44:39 - [TEST_STEP][PASSED] - Statement - search = driver.findElement(org.openqa.selenium.By.xpath("//*[@id="content"]/div/div/div/div[2]/div[3]/div[7]/div/div/div[2]/div/div/div[1]/div[2]/div/input")): null

2019-04-26 16:44:39 - [TEST_STEP][PASSED] - Statement - search.clear(): null

2019-04-26 16:44:39 - [TEST_STEP][PASSED] - Statement - search.sendKeys("10"): null

2019-04-26 16:44:39 - [TEST_STEP][PASSED] - delay: Delayed 5 second(s)

2019-04-26 16:44:44 - [MESSAGE][PASSED] - Delayed 5 second(s)

2019-04-26 16:44:44 - [TEST_STEP][PASSED] - Statement - rows_table = driver.findElements(org.openqa.selenium.By.xpath("//*[@id="content"]/div/div/div/div[2]/div[3]/div[7]/div/div/div[2]/div/div/div[2]/table/tbody/tr")): null

2019-04-26 16:44:45 - [TEST_STEP][PASSED] - Statement - rows_count = rows_table.size(): null

2019-04-26 16:44:45 - [TEST_STEP][PASSED] - verifyGreaterThanOrEqual: Actual number '10' is greater than or equal to expected number '1'

2019-04-26 16:44:45 - [MESSAGE][PASSED] - Actual number '10' is greater than or equal to expected number '1']]></system-out>
         <system-err><![CDATA[]]></system-err>
      </testcase>
      <testcase name="Test Cases/Operational_Dashboard/194" classname="Test Cases/Operational_Dashboard/194" status="PASSED">
         <system-out><![CDATA[2019-04-26 16:44:45 - [TEST_CASE][PASSED] - Test Cases/Operational_Dashboard/194: Test Cases/Operational_Dashboard/194

2019-04-26 16:44:45 - [TEST_STEP][PASSED] - callTestCase: Call Test Case 'Test Cases/Operational_Dashboard/187' successfully

2019-04-26 16:44:45 - [TEST_CASE][PASSED] - Test Cases/Operational_Dashboard/187: Test Cases/Operational_Dashboard/187

2019-04-26 16:44:45 - [TEST_STEP][PASSED] - callTestCase: Call Test Case 'Test Cases/Operational_Dashboard/Login' successfully

2019-04-26 16:44:45 - [TEST_CASE][PASSED] - Test Cases/Operational_Dashboard/Login: Test Cases/Operational_Dashboard/Login

2019-04-26 16:44:45 - [TEST_STEP][PASSED] - callTestCase: Call Test Case 'Test Cases/s-sidebar_navigation/individualAccount/operationalDashboard' successfully

2019-04-26 16:44:45 - [TEST_CASE][PASSED] - Test Cases/s-sidebar_navigation/individualAccount/operationalDashboard: Test Cases/s-sidebar_navigation/individualAccount/operationalDashboard

2019-04-26 16:44:45 - [TEST_STEP][PASSED] - click: Object: 'Object Repository/Page_KiboEngage  Subscribers/span_Subscribers' is clicked on

2019-04-26 16:44:46 - [MESSAGE][PASSED] - Object: 'Object Repository/Page_KiboEngage  Subscribers/span_Subscribers' is clicked on

2019-04-26 16:44:46 - [TEST_STEP][PASSED] - click: Object: 'Object Repository/Page_KiboEngage  Subscribers/span_Operational Dashboard (1)' is clicked on

2019-04-26 16:44:46 - [MESSAGE][PASSED] - Object: 'Object Repository/Page_KiboEngage  Subscribers/span_Operational Dashboard (1)' is clicked on

2019-04-26 16:44:46 - [TEST_STEP][PASSED] - scrollToPosition: Browser is scrolled to position x = 0, y = 0

2019-04-26 16:44:46 - [MESSAGE][PASSED] - Browser is scrolled to position x = 0, y = 0

2019-04-26 16:44:46 - [TEST_STEP][PASSED] - delay: Delayed 2 second(s)

2019-04-26 16:44:48 - [MESSAGE][PASSED] - Delayed 2 second(s)

2019-04-26 16:44:48 - [TEST_STEP][PASSED] - click: Object: 'Object Repository/Page_KiboEngage  Operational Dashbo/h3_Pages Info (7)' is clicked on

2019-04-26 16:44:48 - [MESSAGE][PASSED] - Object: 'Object Repository/Page_KiboEngage  Operational Dashbo/h3_Pages Info (7)' is clicked on

2019-04-26 16:44:48 - [MESSAGE][PASSED] - Call Test Case 'Test Cases/s-sidebar_navigation/individualAccount/operationalDashboard' successfully

2019-04-26 16:44:48 - [MESSAGE][PASSED] - Call Test Case 'Test Cases/Operational_Dashboard/Login' successfully

2019-04-26 16:44:48 - [TEST_STEP][PASSED] - Statement - driver = com.kms.katalon.core.webui.driver.DriverFactory.getWebDriver(): null

2019-04-26 16:44:48 - [TEST_STEP][PASSED] - Statement - popup_poll = driver.findElement(org.openqa.selenium.By.xpath("//*[@id="content"]/div/div/div/div[2]/div[3]/div[7]/div/div/div/div[2]/ul/li[3]")): null

2019-04-26 16:44:48 - [TEST_STEP][PASSED] - Statement - popup_poll.click(): null

2019-04-26 16:44:48 - [TEST_STEP][PASSED] - delay: Delayed 5 second(s)

2019-04-26 16:44:53 - [MESSAGE][PASSED] - Delayed 5 second(s)

2019-04-26 16:44:53 - [TEST_STEP][PASSED] - Statement - rows_table = driver.findElements(org.openqa.selenium.By.xpath("//*[@id="content"]/div/div/div/div[2]/div[3]/div[7]/div/div/div[2]/div/div/div[2]/table/tbody/tr")): null

2019-04-26 16:44:54 - [TEST_STEP][PASSED] - Statement - rows_count = rows_table.size(): null

2019-04-26 16:44:54 - [TEST_STEP][PASSED] - verifyGreaterThanOrEqual: Actual number '10' is greater than or equal to expected number '1'

2019-04-26 16:44:54 - [MESSAGE][PASSED] - Actual number '10' is greater than or equal to expected number '1'

2019-04-26 16:44:54 - [MESSAGE][PASSED] - Call Test Case 'Test Cases/Operational_Dashboard/187' successfully

2019-04-26 16:44:54 - [TEST_STEP][PASSED] - click: Object: 'Object Repository/Page_KiboEngage  Operational Dashbo/button_View (3)' is clicked on

2019-04-26 16:44:54 - [MESSAGE][PASSED] - Object: 'Object Repository/Page_KiboEngage  Operational Dashbo/button_View (3)' is clicked on

2019-04-26 16:44:54 - [TEST_STEP][PASSED] - delay: Delayed 2 second(s)

2019-04-26 16:44:56 - [MESSAGE][PASSED] - Delayed 2 second(s)

2019-04-26 16:44:56 - [TEST_STEP][PASSED] - scrollToPosition: Browser is scrolled to position x = 0, y = 0

2019-04-26 16:44:56 - [MESSAGE][PASSED] - Browser is scrolled to position x = 0, y = 0

2019-04-26 16:44:56 - [TEST_STEP][PASSED] - verifyTextPresent: Text 'Polls Sent So Far' is present on page 

2019-04-26 16:44:56 - [MESSAGE][PASSED] - Text 'Polls Sent So Far' is present on page 

2019-04-26 16:44:56 - [TEST_STEP][PASSED] - verifyTextPresent: Text 'Polls Respones' is present on page 

2019-04-26 16:44:56 - [MESSAGE][PASSED] - Text 'Polls Respones' is present on page 

2019-04-26 16:44:56 - [TEST_STEP][PASSED] - verifyTextPresent: Text 'Poll Response Chart' is present on page 

2019-04-26 16:44:56 - [MESSAGE][PASSED] - Text 'Poll Response Chart' is present on page]]></system-out>
         <system-err><![CDATA[]]></system-err>
      </testcase>
      <testcase name="Test Cases/Operational_Dashboard/195" classname="Test Cases/Operational_Dashboard/195" status="PASSED">
         <system-out><![CDATA[2019-04-26 16:44:56 - [TEST_CASE][PASSED] - Test Cases/Operational_Dashboard/195: Test Cases/Operational_Dashboard/195

2019-04-26 16:44:56 - [TEST_STEP][PASSED] - callTestCase: Call Test Case 'Test Cases/Operational_Dashboard/194' successfully

2019-04-26 16:44:56 - [TEST_CASE][PASSED] - Test Cases/Operational_Dashboard/194: Test Cases/Operational_Dashboard/194

2019-04-26 16:44:56 - [TEST_STEP][PASSED] - callTestCase: Call Test Case 'Test Cases/Operational_Dashboard/187' successfully

2019-04-26 16:44:56 - [TEST_CASE][PASSED] - Test Cases/Operational_Dashboard/187: Test Cases/Operational_Dashboard/187

2019-04-26 16:44:56 - [TEST_STEP][PASSED] - callTestCase: Call Test Case 'Test Cases/Operational_Dashboard/Login' successfully

2019-04-26 16:44:56 - [TEST_CASE][PASSED] - Test Cases/Operational_Dashboard/Login: Test Cases/Operational_Dashboard/Login

2019-04-26 16:44:56 - [TEST_STEP][PASSED] - callTestCase: Call Test Case 'Test Cases/s-sidebar_navigation/individualAccount/operationalDashboard' successfully

2019-04-26 16:44:56 - [TEST_CASE][PASSED] - Test Cases/s-sidebar_navigation/individualAccount/operationalDashboard: Test Cases/s-sidebar_navigation/individualAccount/operationalDashboard

2019-04-26 16:44:56 - [TEST_STEP][PASSED] - click: Object: 'Object Repository/Page_KiboEngage  Subscribers/span_Subscribers' is clicked on

2019-04-26 16:44:57 - [MESSAGE][PASSED] - Object: 'Object Repository/Page_KiboEngage  Subscribers/span_Subscribers' is clicked on

2019-04-26 16:44:57 - [TEST_STEP][PASSED] - click: Object: 'Object Repository/Page_KiboEngage  Subscribers/span_Operational Dashboard (1)' is clicked on

2019-04-26 16:44:57 - [MESSAGE][PASSED] - Object: 'Object Repository/Page_KiboEngage  Subscribers/span_Operational Dashboard (1)' is clicked on

2019-04-26 16:44:57 - [TEST_STEP][PASSED] - scrollToPosition: Browser is scrolled to position x = 0, y = 0

2019-04-26 16:44:57 - [MESSAGE][PASSED] - Browser is scrolled to position x = 0, y = 0

2019-04-26 16:44:57 - [TEST_STEP][PASSED] - delay: Delayed 2 second(s)

2019-04-26 16:44:59 - [MESSAGE][PASSED] - Delayed 2 second(s)

2019-04-26 16:44:59 - [TEST_STEP][PASSED] - click: Object: 'Object Repository/Page_KiboEngage  Operational Dashbo/h3_Pages Info (7)' is clicked on

2019-04-26 16:44:59 - [MESSAGE][PASSED] - Object: 'Object Repository/Page_KiboEngage  Operational Dashbo/h3_Pages Info (7)' is clicked on

2019-04-26 16:44:59 - [MESSAGE][PASSED] - Call Test Case 'Test Cases/s-sidebar_navigation/individualAccount/operationalDashboard' successfully

2019-04-26 16:44:59 - [MESSAGE][PASSED] - Call Test Case 'Test Cases/Operational_Dashboard/Login' successfully

2019-04-26 16:44:59 - [TEST_STEP][PASSED] - Statement - driver = com.kms.katalon.core.webui.driver.DriverFactory.getWebDriver(): null

2019-04-26 16:44:59 - [TEST_STEP][PASSED] - Statement - popup_poll = driver.findElement(org.openqa.selenium.By.xpath("//*[@id="content"]/div/div/div/div[2]/div[3]/div[7]/div/div/div/div[2]/ul/li[3]")): null

2019-04-26 16:45:00 - [TEST_STEP][PASSED] - Statement - popup_poll.click(): null

2019-04-26 16:45:00 - [TEST_STEP][PASSED] - delay: Delayed 5 second(s)

2019-04-26 16:45:05 - [MESSAGE][PASSED] - Delayed 5 second(s)

2019-04-26 16:45:05 - [TEST_STEP][PASSED] - Statement - rows_table = driver.findElements(org.openqa.selenium.By.xpath("//*[@id="content"]/div/div/div/div[2]/div[3]/div[7]/div/div/div[2]/div/div/div[2]/table/tbody/tr")): null

2019-04-26 16:45:05 - [TEST_STEP][PASSED] - Statement - rows_count = rows_table.size(): null

2019-04-26 16:45:05 - [TEST_STEP][PASSED] - verifyGreaterThanOrEqual: Actual number '10' is greater than or equal to expected number '1'

2019-04-26 16:45:05 - [MESSAGE][PASSED] - Actual number '10' is greater than or equal to expected number '1'

2019-04-26 16:45:05 - [MESSAGE][PASSED] - Call Test Case 'Test Cases/Operational_Dashboard/187' successfully

2019-04-26 16:45:05 - [TEST_STEP][PASSED] - click: Object: 'Object Repository/Page_KiboEngage  Operational Dashbo/button_View (3)' is clicked on

2019-04-26 16:45:05 - [MESSAGE][PASSED] - Object: 'Object Repository/Page_KiboEngage  Operational Dashbo/button_View (3)' is clicked on

2019-04-26 16:45:05 - [TEST_STEP][PASSED] - delay: Delayed 2 second(s)

2019-04-26 16:45:07 - [MESSAGE][PASSED] - Delayed 2 second(s)

2019-04-26 16:45:07 - [TEST_STEP][PASSED] - scrollToPosition: Browser is scrolled to position x = 0, y = 0

2019-04-26 16:45:07 - [MESSAGE][PASSED] - Browser is scrolled to position x = 0, y = 0

2019-04-26 16:45:07 - [TEST_STEP][PASSED] - verifyTextPresent: Text 'Polls Sent So Far' is present on page 

2019-04-26 16:45:07 - [MESSAGE][PASSED] - Text 'Polls Sent So Far' is present on page 

2019-04-26 16:45:07 - [TEST_STEP][PASSED] - verifyTextPresent: Text 'Polls Respones' is present on page 

2019-04-26 16:45:07 - [MESSAGE][PASSED] - Text 'Polls Respones' is present on page 

2019-04-26 16:45:07 - [TEST_STEP][PASSED] - verifyTextPresent: Text 'Poll Response Chart' is present on page 

2019-04-26 16:45:07 - [MESSAGE][PASSED] - Text 'Poll Response Chart' is present on page 

2019-04-26 16:45:07 - [MESSAGE][PASSED] - Call Test Case 'Test Cases/Operational_Dashboard/194' successfully

2019-04-26 16:45:07 - [TEST_STEP][PASSED] - click: Object: 'Object Repository/Page_KiboEngage  Poll Details/button_Back' is clicked on

2019-04-26 16:45:08 - [MESSAGE][PASSED] - Object: 'Object Repository/Page_KiboEngage  Poll Details/button_Back' is clicked on

2019-04-26 16:45:08 - [TEST_STEP][PASSED] - scrollToPosition: Browser is scrolled to position x = 0, y = 0

2019-04-26 16:45:08 - [MESSAGE][PASSED] - Browser is scrolled to position x = 0, y = 0

2019-04-26 16:45:08 - [TEST_STEP][PASSED] - click: Object: 'Object Repository/Page_KiboEngage  Operational Dashbo/h3_Pages Info (7)' is clicked on

2019-04-26 16:45:08 - [MESSAGE][PASSED] - Object: 'Object Repository/Page_KiboEngage  Operational Dashbo/h3_Pages Info (7)' is clicked on]]></system-out>
         <system-err><![CDATA[]]></system-err>
      </testcase>
      <testcase name="Test Cases/Operational_Dashboard/196" classname="Test Cases/Operational_Dashboard/196" status="PASSED">
         <system-out><![CDATA[2019-04-26 16:45:08 - [TEST_CASE][PASSED] - Test Cases/Operational_Dashboard/196: Test Cases/Operational_Dashboard/196

2019-04-26 16:45:08 - [TEST_STEP][PASSED] - callTestCase: Call Test Case 'Test Cases/Operational_Dashboard/187' successfully

2019-04-26 16:45:08 - [TEST_CASE][PASSED] - Test Cases/Operational_Dashboard/187: Test Cases/Operational_Dashboard/187

2019-04-26 16:45:08 - [TEST_STEP][PASSED] - callTestCase: Call Test Case 'Test Cases/Operational_Dashboard/Login' successfully

2019-04-26 16:45:08 - [TEST_CASE][PASSED] - Test Cases/Operational_Dashboard/Login: Test Cases/Operational_Dashboard/Login

2019-04-26 16:45:08 - [TEST_STEP][PASSED] - callTestCase: Call Test Case 'Test Cases/s-sidebar_navigation/individualAccount/operationalDashboard' successfully

2019-04-26 16:45:08 - [TEST_CASE][PASSED] - Test Cases/s-sidebar_navigation/individualAccount/operationalDashboard: Test Cases/s-sidebar_navigation/individualAccount/operationalDashboard

2019-04-26 16:45:08 - [TEST_STEP][PASSED] - click: Object: 'Object Repository/Page_KiboEngage  Subscribers/span_Subscribers' is clicked on

2019-04-26 16:45:09 - [MESSAGE][PASSED] - Object: 'Object Repository/Page_KiboEngage  Subscribers/span_Subscribers' is clicked on

2019-04-26 16:45:09 - [TEST_STEP][PASSED] - click: Object: 'Object Repository/Page_KiboEngage  Subscribers/span_Operational Dashboard (1)' is clicked on

2019-04-26 16:45:09 - [MESSAGE][PASSED] - Object: 'Object Repository/Page_KiboEngage  Subscribers/span_Operational Dashboard (1)' is clicked on

2019-04-26 16:45:09 - [TEST_STEP][PASSED] - scrollToPosition: Browser is scrolled to position x = 0, y = 0

2019-04-26 16:45:09 - [MESSAGE][PASSED] - Browser is scrolled to position x = 0, y = 0

2019-04-26 16:45:09 - [TEST_STEP][PASSED] - delay: Delayed 2 second(s)

2019-04-26 16:45:11 - [MESSAGE][PASSED] - Delayed 2 second(s)

2019-04-26 16:45:11 - [TEST_STEP][PASSED] - click: Object: 'Object Repository/Page_KiboEngage  Operational Dashbo/h3_Pages Info (7)' is clicked on

2019-04-26 16:45:11 - [MESSAGE][PASSED] - Object: 'Object Repository/Page_KiboEngage  Operational Dashbo/h3_Pages Info (7)' is clicked on

2019-04-26 16:45:11 - [MESSAGE][PASSED] - Call Test Case 'Test Cases/s-sidebar_navigation/individualAccount/operationalDashboard' successfully

2019-04-26 16:45:11 - [MESSAGE][PASSED] - Call Test Case 'Test Cases/Operational_Dashboard/Login' successfully

2019-04-26 16:45:11 - [TEST_STEP][PASSED] - Statement - driver = com.kms.katalon.core.webui.driver.DriverFactory.getWebDriver(): null

2019-04-26 16:45:11 - [TEST_STEP][PASSED] - Statement - popup_poll = driver.findElement(org.openqa.selenium.By.xpath("//*[@id="content"]/div/div/div/div[2]/div[3]/div[7]/div/div/div/div[2]/ul/li[3]")): null

2019-04-26 16:45:11 - [TEST_STEP][PASSED] - Statement - popup_poll.click(): null

2019-04-26 16:45:12 - [TEST_STEP][PASSED] - delay: Delayed 5 second(s)

2019-04-26 16:45:17 - [MESSAGE][PASSED] - Delayed 5 second(s)

2019-04-26 16:45:17 - [TEST_STEP][PASSED] - Statement - rows_table = driver.findElements(org.openqa.selenium.By.xpath("//*[@id="content"]/div/div/div/div[2]/div[3]/div[7]/div/div/div[2]/div/div/div[2]/table/tbody/tr")): null

2019-04-26 16:45:17 - [TEST_STEP][PASSED] - Statement - rows_count = rows_table.size(): null

2019-04-26 16:45:17 - [TEST_STEP][PASSED] - verifyGreaterThanOrEqual: Actual number '10' is greater than or equal to expected number '1'

2019-04-26 16:45:17 - [MESSAGE][PASSED] - Actual number '10' is greater than or equal to expected number '1'

2019-04-26 16:45:17 - [MESSAGE][PASSED] - Call Test Case 'Test Cases/Operational_Dashboard/187' successfully

2019-04-26 16:45:17 - [TEST_STEP][PASSED] - Statement - driver = com.kms.katalon.core.webui.driver.DriverFactory.getWebDriver(): null

2019-04-26 16:45:17 - [TEST_STEP][PASSED] - Statement - popDown_survey = driver.findElement(org.openqa.selenium.By.xpath("//*[@id="content"]/div/div/div/div[2]/div[3]/div[7]/div/div/div[1]/div[2]/ul/li[3]")): null

2019-04-26 16:45:17 - [TEST_STEP][PASSED] - Statement - popDown_survey.click(): null

2019-04-26 16:45:17 - [TEST_STEP][PASSED] - delay: Delayed 5 second(s)

2019-04-26 16:45:22 - [MESSAGE][PASSED] - Delayed 5 second(s)

2019-04-26 16:45:22 - [TEST_STEP][PASSED] - verifyTextNotPresent: Text 'Responded' is not present on page

2019-04-26 16:45:22 - [MESSAGE][PASSED] - Text 'Responded' is not present on page]]></system-out>
         <system-err><![CDATA[]]></system-err>
      </testcase>
      <system-out><![CDATA[2019-04-26 16:26:32 - [TEST_SUITE][FAILED] - operationalDashboard: Test Cases/Operational_Dashboard/127 FAILED because (of) Unable to verify equal between actual object '1' and expected object '3' (Root cause: Actual object '1' and expected object '3' are not equal)]]></system-out>
      <system-err><![CDATA[2019-04-26 16:26:32 - [TEST_SUITE][FAILED] - operationalDashboard: Test Cases/Operational_Dashboard/127 FAILED because (of) Unable to verify equal between actual object '1' and expected object '3' (Root cause: Actual object '1' and expected object '3' are not equal)]]></system-err>
   </testsuite>
</testsuites>
