<?xml version="1.0" encoding="UTF-8"?>
<testsuites name="Autoposting" time="272" tests="24" failures="3" errors="0">
   <testsuite name="Autoposting" tests="24" failures="3" errors="0" time="272" timestamp="2019-04-24 12:42:04" hostname="cloudkibo - 10.0.2.15" id="Test Suites/Autoposting">
      <properties>
         <property name="deviceName" value=""/>
         <property name="devicePlatform" value=""/>
         <property name="logFolder" value="C:\\Users\\cloudkibo\\Desktop\\KiboPush_Automated_Testing\\KiboPush Katalon\\Reports\\Autoposting\\20190424_124142"/>
         <property name="logFiles" value="C:\\Users\\cloudkibo\\Desktop\\KiboPush_Automated_Testing\\KiboPush Katalon\\Reports\\Autoposting\\20190424_124142\\execution0.log"/>
         <property name="attachments" value="C:\\Users\\cloudkibo\\Desktop\\KiboPush_Automated_Testing\\KiboPush Katalon\\Reports\\Autoposting\\20190424_124142\\1556091946701.png, C:\\Users\\cloudkibo\\Desktop\\KiboPush_Automated_Testing\\KiboPush Katalon\\Reports\\Autoposting\\20190424_124142\\1556091960406.png, C:\\Users\\cloudkibo\\Desktop\\KiboPush_Automated_Testing\\KiboPush Katalon\\Reports\\Autoposting\\20190424_124142\\1556091971797.png"/>
         <property name="hostName" value="cloudkibo - 10.0.2.15"/>
         <property name="os" value="Windows 10 64bit"/>
         <property name="katalonVersion" value="5.6.0.1"/>
         <property name="browser" value="Chrome 73.0.3683.103"/>
         <property name="hostAddress" value="10.0.2.15"/>
         <property name="sessionId" value="09a040d6bfc320cc69376b66f7b75bdf"/>
         <property name="seleniumVersion" value="3.7.1"/>
         <property name="proxyInformation" value="ProxyInformation{proxyOption=NO_PROXY, proxyServerType=HTTP, password=, proxyServerAddress=, proxyServerPort=0}"/>
         <property name="platform" value="Windows 10"/>
      </properties>
      <testcase name="Test Cases/s-sidebar_navigation/individualAccount/arveen_production_login_kiboengage" classname="Test Cases/s-sidebar_navigation/individualAccount/arveen_production_login_kiboengage" status="PASSED">
         <system-out><![CDATA[2019-04-24 12:42:06 - [TEST_CASE][PASSED] - Test Cases/s-sidebar_navigation/individualAccount/arveen_production_login_kiboengage: Test Cases/s-sidebar_navigation/individualAccount/arveen_production_login_kiboengage

2019-04-24 12:42:07 - [TEST_STEP][PASSED] - openBrowser: Browser is opened with url: ''

2019-04-24 12:42:16 - [MESSAGE][PASSED] - Browser is opened with url: ''

2019-04-24 12:42:16 - [TEST_STEP][PASSED] - maximizeWindow: Current window maximized

2019-04-24 12:42:18 - [MESSAGE][PASSED] - Current window maximized

2019-04-24 12:42:18 - [TEST_STEP][PASSED] - navigateToUrl: Navigate to 'https://kiboengage.cloudkibo.com/' successfully

2019-04-24 12:42:33 - [MESSAGE][PASSED] - Navigate to 'https://kiboengage.cloudkibo.com/' successfully

2019-04-24 12:42:33 - [TEST_STEP][PASSED] - navigateToUrl: Navigate to 'https://accounts.cloudkibo.com/?continue=https://kiboengage.cloudkibo.com' successfully

2019-04-24 12:42:34 - [MESSAGE][PASSED] - Navigate to 'https://accounts.cloudkibo.com/?continue=https://kiboengage.cloudkibo.com' successfully

2019-04-24 12:42:34 - [TEST_STEP][PASSED] - click: Object: 'Object Repository/Page_CloudKibo/a_Login (2) (1) (1)' is clicked on

2019-04-24 12:42:36 - [MESSAGE][PASSED] - Object: 'Object Repository/Page_CloudKibo/a_Login (2) (1) (1)' is clicked on

2019-04-24 12:42:36 - [TEST_STEP][PASSED] - setText: Text 'individual@cloudkibo.com' is set on object 'Object Repository/Page_KiboPush/input_email (10) (1) (1)'

2019-04-24 12:42:36 - [MESSAGE][PASSED] - Text 'individual@cloudkibo.com' is set on object 'Object Repository/Page_KiboPush/input_email (10) (1) (1)'

2019-04-24 12:42:36 - [TEST_STEP][PASSED] - setEncryptedText: Text ****** has been set on object 'Object Repository/Page_CloudKibo/input_Sign In_password (7)'

2019-04-24 12:42:37 - [MESSAGE][PASSED] - Text ****** has been set on object 'Object Repository/Page_CloudKibo/input_Sign In_password (7)'

2019-04-24 12:42:37 - [TEST_STEP][PASSED] - click: Object: 'Object Repository/Page_KiboPush/button_Sign In (10) (1) (2)' is clicked on

2019-04-24 12:42:38 - [MESSAGE][PASSED] - Object: 'Object Repository/Page_KiboPush/button_Sign In (10) (1) (2)' is clicked on

2019-04-24 12:42:38 - [TEST_STEP][PASSED] - click: Object: 'Object Repository/Page_KiboPush  Dashboard/h3_Dashboard (57)' is clicked on

2019-04-24 12:43:04 - [MESSAGE][PASSED] - Object: 'Object Repository/Page_KiboPush  Dashboard/h3_Dashboard (57)' is clicked on

2019-04-24 12:43:04 - [TEST_STEP][PASSED] - delay: Delayed 3 second(s)

2019-04-24 12:43:06 - [MESSAGE][PASSED] - Delayed 3 second(s)

2019-04-24 12:43:06 - [TEST_STEP][PASSED] - click: Object: 'Object Repository/Page_KiboEngage  Dashboard/a_SMS (2) (1) (1) (1) (3)' is clicked on

2019-04-24 12:43:06 - [MESSAGE][PASSED] - Object: 'Object Repository/Page_KiboEngage  Dashboard/a_SMS (2) (1) (1) (1) (3)' is clicked on

2019-04-24 12:43:06 - [TEST_STEP][PASSED] - delay: Delayed 2 second(s)

2019-04-24 12:43:08 - [MESSAGE][PASSED] - Delayed 2 second(s)

2019-04-24 12:43:08 - [TEST_STEP][PASSED] - click: Object: 'Object Repository/Page_KiboEngage  Dashboard/span_Messenger (1) (1) (1) (3)' is clicked on

2019-04-24 12:43:08 - [MESSAGE][PASSED] - Object: 'Object Repository/Page_KiboEngage  Dashboard/span_Messenger (1) (1) (1) (3)' is clicked on

2019-04-24 12:43:08 - [TEST_STEP][PASSED] - delay: Delayed 2 second(s)

2019-04-24 12:43:09 - [MESSAGE][PASSED] - Delayed 2 second(s)]]></system-out>
         <system-err><![CDATA[]]></system-err>
      </testcase>
      <testcase name="Test Cases/Autoposting TestCases/open automation" classname="Test Cases/Autoposting TestCases/open automation" status="PASSED">
         <system-out><![CDATA[2019-04-24 12:43:09 - [TEST_CASE][PASSED] - Test Cases/Autoposting TestCases/open automation: Test Cases/Autoposting TestCases/open automation

2019-04-24 12:43:10 - [TEST_STEP][PASSED] - click: Object: 'Object Repository/Page_KiboPush  Dashboard/span_Automation (1) (1)' is clicked on

2019-04-24 12:43:10 - [MESSAGE][PASSED] - Object: 'Object Repository/Page_KiboPush  Dashboard/span_Automation (1) (1)' is clicked on

2019-04-24 12:43:10 - [TEST_STEP][PASSED] - delay: Delayed 1 second(s)

2019-04-24 12:43:11 - [MESSAGE][PASSED] - Delayed 1 second(s)]]></system-out>
         <system-err><![CDATA[]]></system-err>
      </testcase>
      <testcase name="Test Cases/Autoposting TestCases/TC0369" classname="Test Cases/Autoposting TestCases/TC0369" status="PASSED">
         <system-out><![CDATA[2019-04-24 12:43:11 - [TEST_CASE][PASSED] - Test Cases/Autoposting TestCases/TC0369: Test Cases/Autoposting TestCases/TC0369

2019-04-24 12:43:11 - [TEST_STEP][PASSED] - callTestCase: Call Test Case 'Test Cases/s-sidebar_navigation/individualAccount/Autoposting' successfully

2019-04-24 12:43:11 - [TEST_CASE][PASSED] - Test Cases/s-sidebar_navigation/individualAccount/Autoposting: Test Cases/s-sidebar_navigation/individualAccount/Autoposting

2019-04-24 12:43:11 - [TEST_STEP][PASSED] - click: Object: 'Object Repository/Page_KiboPush  Dashboard/span_Sequence Messaging' is clicked on

2019-04-24 12:43:11 - [MESSAGE][PASSED] - Object: 'Object Repository/Page_KiboPush  Dashboard/span_Sequence Messaging' is clicked on

2019-04-24 12:43:11 - [TEST_STEP][PASSED] - delay: Delayed 1 second(s)

2019-04-24 12:43:12 - [MESSAGE][PASSED] - Delayed 1 second(s)

2019-04-24 12:43:12 - [TEST_STEP][PASSED] - click: Object: 'Object Repository/Page_KiboPush  Dashboard/span_Autoposting' is clicked on

2019-04-24 12:43:12 - [MESSAGE][PASSED] - Object: 'Object Repository/Page_KiboPush  Dashboard/span_Autoposting' is clicked on

2019-04-24 12:43:12 - [TEST_STEP][PASSED] - scrollToPosition: Browser is scrolled to position x = 0, y = 0

2019-04-24 12:43:12 - [MESSAGE][PASSED] - Browser is scrolled to position x = 0, y = 0

2019-04-24 12:43:12 - [TEST_STEP][PASSED] - click: Object: 'Object Repository/Page_KiboPush  Autoposting/h3_Auto Posting' is clicked on

2019-04-24 12:43:13 - [MESSAGE][PASSED] - Object: 'Object Repository/Page_KiboPush  Autoposting/h3_Auto Posting' is clicked on

2019-04-24 12:43:13 - [TEST_STEP][PASSED] - delay: Delayed 2 second(s)

2019-04-24 12:43:14 - [MESSAGE][PASSED] - Delayed 2 second(s)

2019-04-24 12:43:14 - [MESSAGE][PASSED] - Call Test Case 'Test Cases/s-sidebar_navigation/individualAccount/Autoposting' successfully

2019-04-24 12:43:14 - [TEST_STEP][PASSED] - click: Object: 'Object Repository/Page_KiboPush  Autoposting/a_documentation' is clicked on

2019-04-24 12:43:14 - [MESSAGE][PASSED] - Object: 'Object Repository/Page_KiboPush  Autoposting/a_documentation' is clicked on]]></system-out>
         <system-err><![CDATA[]]></system-err>
      </testcase>
      <testcase name="Test Cases/Autoposting TestCases/TC0370" classname="Test Cases/Autoposting TestCases/TC0370" status="PASSED">
         <system-out><![CDATA[2019-04-24 12:43:14 - [TEST_CASE][PASSED] - Test Cases/Autoposting TestCases/TC0370: Test Cases/Autoposting TestCases/TC0370

2019-04-24 12:43:14 - [TEST_STEP][PASSED] - callTestCase: Call Test Case 'Test Cases/s-sidebar_navigation/individualAccount/Autoposting' successfully

2019-04-24 12:43:14 - [TEST_CASE][PASSED] - Test Cases/s-sidebar_navigation/individualAccount/Autoposting: Test Cases/s-sidebar_navigation/individualAccount/Autoposting

2019-04-24 12:43:14 - [TEST_STEP][PASSED] - click: Object: 'Object Repository/Page_KiboPush  Dashboard/span_Sequence Messaging' is clicked on

2019-04-24 12:43:15 - [MESSAGE][PASSED] - Object: 'Object Repository/Page_KiboPush  Dashboard/span_Sequence Messaging' is clicked on

2019-04-24 12:43:15 - [TEST_STEP][PASSED] - delay: Delayed 1 second(s)

2019-04-24 12:43:15 - [MESSAGE][PASSED] - Delayed 1 second(s)

2019-04-24 12:43:15 - [TEST_STEP][PASSED] - click: Object: 'Object Repository/Page_KiboPush  Dashboard/span_Autoposting' is clicked on

2019-04-24 12:43:16 - [MESSAGE][PASSED] - Object: 'Object Repository/Page_KiboPush  Dashboard/span_Autoposting' is clicked on

2019-04-24 12:43:16 - [TEST_STEP][PASSED] - scrollToPosition: Browser is scrolled to position x = 0, y = 0

2019-04-24 12:43:19 - [MESSAGE][PASSED] - Browser is scrolled to position x = 0, y = 0

2019-04-24 12:43:19 - [TEST_STEP][PASSED] - click: Object: 'Object Repository/Page_KiboPush  Autoposting/h3_Auto Posting' is clicked on

2019-04-24 12:43:20 - [MESSAGE][PASSED] - Object: 'Object Repository/Page_KiboPush  Autoposting/h3_Auto Posting' is clicked on

2019-04-24 12:43:20 - [TEST_STEP][PASSED] - delay: Delayed 2 second(s)

2019-04-24 12:43:21 - [MESSAGE][PASSED] - Delayed 2 second(s)

2019-04-24 12:43:21 - [MESSAGE][PASSED] - Call Test Case 'Test Cases/s-sidebar_navigation/individualAccount/Autoposting' successfully

2019-04-24 12:43:21 - [TEST_STEP][PASSED] - click: Object: 'Object Repository/Page_KiboPush  Autoposting/a_video tutorial' is clicked on

2019-04-24 12:43:21 - [MESSAGE][PASSED] - Object: 'Object Repository/Page_KiboPush  Autoposting/a_video tutorial' is clicked on]]></system-out>
         <system-err><![CDATA[]]></system-err>
      </testcase>
      <testcase name="Test Cases/Autoposting TestCases/TC0371" classname="Test Cases/Autoposting TestCases/TC0371" status="PASSED">
         <system-out><![CDATA[2019-04-24 12:43:21 - [TEST_CASE][PASSED] - Test Cases/Autoposting TestCases/TC0371: Test Cases/Autoposting TestCases/TC0371

2019-04-24 12:43:21 - [TEST_STEP][PASSED] - callTestCase: Call Test Case 'Test Cases/s-sidebar_navigation/individualAccount/Autoposting' successfully

2019-04-24 12:43:22 - [TEST_CASE][PASSED] - Test Cases/s-sidebar_navigation/individualAccount/Autoposting: Test Cases/s-sidebar_navigation/individualAccount/Autoposting

2019-04-24 12:43:22 - [TEST_STEP][PASSED] - click: Object: 'Object Repository/Page_KiboPush  Dashboard/span_Sequence Messaging' is clicked on

2019-04-24 12:43:22 - [MESSAGE][PASSED] - Object: 'Object Repository/Page_KiboPush  Dashboard/span_Sequence Messaging' is clicked on

2019-04-24 12:43:22 - [TEST_STEP][PASSED] - delay: Delayed 1 second(s)

2019-04-24 12:43:23 - [MESSAGE][PASSED] - Delayed 1 second(s)

2019-04-24 12:43:23 - [TEST_STEP][PASSED] - click: Object: 'Object Repository/Page_KiboPush  Dashboard/span_Autoposting' is clicked on

2019-04-24 12:43:23 - [MESSAGE][PASSED] - Object: 'Object Repository/Page_KiboPush  Dashboard/span_Autoposting' is clicked on

2019-04-24 12:43:23 - [TEST_STEP][PASSED] - scrollToPosition: Browser is scrolled to position x = 0, y = 0

2019-04-24 12:43:23 - [MESSAGE][PASSED] - Browser is scrolled to position x = 0, y = 0

2019-04-24 12:43:23 - [TEST_STEP][PASSED] - click: Object: 'Object Repository/Page_KiboPush  Autoposting/h3_Auto Posting' is clicked on

2019-04-24 12:43:23 - [MESSAGE][PASSED] - Object: 'Object Repository/Page_KiboPush  Autoposting/h3_Auto Posting' is clicked on

2019-04-24 12:43:23 - [TEST_STEP][PASSED] - delay: Delayed 2 second(s)

2019-04-24 12:43:25 - [MESSAGE][PASSED] - Delayed 2 second(s)

2019-04-24 12:43:25 - [MESSAGE][PASSED] - Call Test Case 'Test Cases/s-sidebar_navigation/individualAccount/Autoposting' successfully

2019-04-24 12:43:25 - [TEST_STEP][PASSED] - click: Object: 'Object Repository/Page_KiboPush  Autoposting/p_Currently you do not have an' is clicked on

2019-04-24 12:43:25 - [MESSAGE][PASSED] - Object: 'Object Repository/Page_KiboPush  Autoposting/p_Currently you do not have an' is clicked on]]></system-out>
         <system-err><![CDATA[]]></system-err>
      </testcase>
      <testcase name="Test Cases/Autoposting TestCases/TC0372" classname="Test Cases/Autoposting TestCases/TC0372" status="PASSED">
         <system-out><![CDATA[2019-04-24 12:43:25 - [TEST_CASE][PASSED] - Test Cases/Autoposting TestCases/TC0372: Test Cases/Autoposting TestCases/TC0372

2019-04-24 12:43:25 - [TEST_STEP][PASSED] - callTestCase: Call Test Case 'Test Cases/s-sidebar_navigation/individualAccount/Autoposting' successfully

2019-04-24 12:43:25 - [TEST_CASE][PASSED] - Test Cases/s-sidebar_navigation/individualAccount/Autoposting: Test Cases/s-sidebar_navigation/individualAccount/Autoposting

2019-04-24 12:43:25 - [TEST_STEP][PASSED] - click: Object: 'Object Repository/Page_KiboPush  Dashboard/span_Sequence Messaging' is clicked on

2019-04-24 12:43:25 - [MESSAGE][PASSED] - Object: 'Object Repository/Page_KiboPush  Dashboard/span_Sequence Messaging' is clicked on

2019-04-24 12:43:25 - [TEST_STEP][PASSED] - delay: Delayed 1 second(s)

2019-04-24 12:43:26 - [MESSAGE][PASSED] - Delayed 1 second(s)

2019-04-24 12:43:26 - [TEST_STEP][PASSED] - click: Object: 'Object Repository/Page_KiboPush  Dashboard/span_Autoposting' is clicked on

2019-04-24 12:43:26 - [MESSAGE][PASSED] - Object: 'Object Repository/Page_KiboPush  Dashboard/span_Autoposting' is clicked on

2019-04-24 12:43:26 - [TEST_STEP][PASSED] - scrollToPosition: Browser is scrolled to position x = 0, y = 0

2019-04-24 12:43:26 - [MESSAGE][PASSED] - Browser is scrolled to position x = 0, y = 0

2019-04-24 12:43:26 - [TEST_STEP][PASSED] - click: Object: 'Object Repository/Page_KiboPush  Autoposting/h3_Auto Posting' is clicked on

2019-04-24 12:43:26 - [MESSAGE][PASSED] - Object: 'Object Repository/Page_KiboPush  Autoposting/h3_Auto Posting' is clicked on

2019-04-24 12:43:26 - [TEST_STEP][PASSED] - delay: Delayed 2 second(s)

2019-04-24 12:43:28 - [MESSAGE][PASSED] - Delayed 2 second(s)

2019-04-24 12:43:28 - [MESSAGE][PASSED] - Call Test Case 'Test Cases/s-sidebar_navigation/individualAccount/Autoposting' successfully

2019-04-24 12:43:28 - [TEST_STEP][PASSED] - click: Object: 'Object Repository/Page_KiboPush  Autoposting/span_Add Feed (1)' is clicked on

2019-04-24 12:43:28 - [MESSAGE][PASSED] - Object: 'Object Repository/Page_KiboPush  Autoposting/span_Add Feed (1)' is clicked on

2019-04-24 12:43:28 - [TEST_STEP][PASSED] - click: Object: 'Object Repository/Page_KiboPush  Autoposting/button_Facebook' is clicked on

2019-04-24 12:43:28 - [MESSAGE][PASSED] - Object: 'Object Repository/Page_KiboPush  Autoposting/button_Facebook' is clicked on

2019-04-24 12:43:28 - [TEST_STEP][PASSED] - click: Object: 'Object Repository/Page_KiboPush  Autoposting/button_Twitter' is clicked on

2019-04-24 12:43:28 - [MESSAGE][PASSED] - Object: 'Object Repository/Page_KiboPush  Autoposting/button_Twitter' is clicked on

2019-04-24 12:43:28 - [TEST_STEP][PASSED] - click: Object: 'Object Repository/Page_KiboPush  Autoposting/button_WordPress' is clicked on

2019-04-24 12:43:29 - [MESSAGE][PASSED] - Object: 'Object Repository/Page_KiboPush  Autoposting/button_WordPress' is clicked on]]></system-out>
         <system-err><![CDATA[]]></system-err>
      </testcase>
      <testcase name="Test Cases/Autoposting TestCases/TC0373" classname="Test Cases/Autoposting TestCases/TC0373" status="PASSED">
         <system-out><![CDATA[2019-04-24 12:43:29 - [TEST_CASE][PASSED] - Test Cases/Autoposting TestCases/TC0373: Test Cases/Autoposting TestCases/TC0373

2019-04-24 12:43:29 - [TEST_STEP][PASSED] - callTestCase: Call Test Case 'Test Cases/s-sidebar_navigation/individualAccount/Autoposting' successfully

2019-04-24 12:43:29 - [TEST_CASE][PASSED] - Test Cases/s-sidebar_navigation/individualAccount/Autoposting: Test Cases/s-sidebar_navigation/individualAccount/Autoposting

2019-04-24 12:43:29 - [TEST_STEP][PASSED] - click: Object: 'Object Repository/Page_KiboPush  Dashboard/span_Sequence Messaging' is clicked on

2019-04-24 12:43:29 - [MESSAGE][PASSED] - Object: 'Object Repository/Page_KiboPush  Dashboard/span_Sequence Messaging' is clicked on

2019-04-24 12:43:29 - [TEST_STEP][PASSED] - delay: Delayed 1 second(s)

2019-04-24 12:43:30 - [MESSAGE][PASSED] - Delayed 1 second(s)

2019-04-24 12:43:30 - [TEST_STEP][PASSED] - click: Object: 'Object Repository/Page_KiboPush  Dashboard/span_Autoposting' is clicked on

2019-04-24 12:43:30 - [MESSAGE][PASSED] - Object: 'Object Repository/Page_KiboPush  Dashboard/span_Autoposting' is clicked on

2019-04-24 12:43:30 - [TEST_STEP][PASSED] - scrollToPosition: Browser is scrolled to position x = 0, y = 0

2019-04-24 12:43:30 - [MESSAGE][PASSED] - Browser is scrolled to position x = 0, y = 0

2019-04-24 12:43:30 - [TEST_STEP][PASSED] - click: Object: 'Object Repository/Page_KiboPush  Autoposting/h3_Auto Posting' is clicked on

2019-04-24 12:43:30 - [MESSAGE][PASSED] - Object: 'Object Repository/Page_KiboPush  Autoposting/h3_Auto Posting' is clicked on

2019-04-24 12:43:30 - [TEST_STEP][PASSED] - delay: Delayed 2 second(s)

2019-04-24 12:43:32 - [MESSAGE][PASSED] - Delayed 2 second(s)

2019-04-24 12:43:32 - [MESSAGE][PASSED] - Call Test Case 'Test Cases/s-sidebar_navigation/individualAccount/Autoposting' successfully

2019-04-24 12:43:32 - [TEST_STEP][PASSED] - click: Object: 'Object Repository/Page_KiboPush  Autoposting/span_Add Feed (2)' is clicked on

2019-04-24 12:43:32 - [MESSAGE][PASSED] - Object: 'Object Repository/Page_KiboPush  Autoposting/span_Add Feed (2)' is clicked on

2019-04-24 12:43:32 - [TEST_STEP][PASSED] - click: Object: 'Object Repository/Page_Auto Posting - KiboPush/circle_cross' is clicked on

2019-04-24 12:43:32 - [MESSAGE][PASSED] - Object: 'Object Repository/Page_Auto Posting - KiboPush/circle_cross' is clicked on

2019-04-24 12:43:32 - [TEST_STEP][PASSED] - scrollToPosition: Browser is scrolled to position x = 0, y = 0

2019-04-24 12:43:33 - [MESSAGE][PASSED] - Browser is scrolled to position x = 0, y = 0

2019-04-24 12:43:33 - [TEST_STEP][PASSED] - delay: Delayed 2 second(s)

2019-04-24 12:43:34 - [MESSAGE][PASSED] - Delayed 2 second(s)

2019-04-24 12:43:34 - [TEST_STEP][PASSED] - click: Object: 'Object Repository/Page_KiboPush  Autoposting/h3_Auto Posting' is clicked on

2019-04-24 12:43:34 - [MESSAGE][PASSED] - Object: 'Object Repository/Page_KiboPush  Autoposting/h3_Auto Posting' is clicked on]]></system-out>
         <system-err><![CDATA[]]></system-err>
      </testcase>
      <testcase name="Test Cases/Autoposting TestCases/TC0375" classname="Test Cases/Autoposting TestCases/TC0375" status="PASSED">
         <system-out><![CDATA[2019-04-24 12:43:34 - [TEST_CASE][PASSED] - Test Cases/Autoposting TestCases/TC0375: Test Cases/Autoposting TestCases/TC0375

2019-04-24 12:43:35 - [TEST_STEP][PASSED] - callTestCase: Call Test Case 'Test Cases/s-sidebar_navigation/individualAccount/Autoposting' successfully

2019-04-24 12:43:35 - [TEST_CASE][PASSED] - Test Cases/s-sidebar_navigation/individualAccount/Autoposting: Test Cases/s-sidebar_navigation/individualAccount/Autoposting

2019-04-24 12:43:35 - [TEST_STEP][PASSED] - click: Object: 'Object Repository/Page_KiboPush  Dashboard/span_Sequence Messaging' is clicked on

2019-04-24 12:43:35 - [MESSAGE][PASSED] - Object: 'Object Repository/Page_KiboPush  Dashboard/span_Sequence Messaging' is clicked on

2019-04-24 12:43:35 - [TEST_STEP][PASSED] - delay: Delayed 1 second(s)

2019-04-24 12:43:36 - [MESSAGE][PASSED] - Delayed 1 second(s)

2019-04-24 12:43:36 - [TEST_STEP][PASSED] - click: Object: 'Object Repository/Page_KiboPush  Dashboard/span_Autoposting' is clicked on

2019-04-24 12:43:36 - [MESSAGE][PASSED] - Object: 'Object Repository/Page_KiboPush  Dashboard/span_Autoposting' is clicked on

2019-04-24 12:43:36 - [TEST_STEP][PASSED] - scrollToPosition: Browser is scrolled to position x = 0, y = 0

2019-04-24 12:43:36 - [MESSAGE][PASSED] - Browser is scrolled to position x = 0, y = 0

2019-04-24 12:43:36 - [TEST_STEP][PASSED] - click: Object: 'Object Repository/Page_KiboPush  Autoposting/h3_Auto Posting' is clicked on

2019-04-24 12:43:37 - [MESSAGE][PASSED] - Object: 'Object Repository/Page_KiboPush  Autoposting/h3_Auto Posting' is clicked on

2019-04-24 12:43:37 - [TEST_STEP][PASSED] - delay: Delayed 2 second(s)

2019-04-24 12:43:38 - [MESSAGE][PASSED] - Delayed 2 second(s)

2019-04-24 12:43:38 - [MESSAGE][PASSED] - Call Test Case 'Test Cases/s-sidebar_navigation/individualAccount/Autoposting' successfully

2019-04-24 12:43:38 - [TEST_STEP][PASSED] - click: Object: 'Object Repository/Page_KiboPush  Autoposting/span_Add Feed' is clicked on

2019-04-24 12:43:39 - [MESSAGE][PASSED] - Object: 'Object Repository/Page_KiboPush  Autoposting/span_Add Feed' is clicked on

2019-04-24 12:43:39 - [TEST_STEP][PASSED] - setText: Text 'https://www.facebook.com/Test5-2090553931018635' is set on object 'Object Repository/Page_KiboPush  Autoposting/input_form-control'

2019-04-24 12:43:39 - [MESSAGE][PASSED] - Text 'https://www.facebook.com/Test5-2090553931018635' is set on object 'Object Repository/Page_KiboPush  Autoposting/input_form-control'

2019-04-24 12:43:39 - [TEST_STEP][PASSED] - click: Object: 'Object Repository/Page_KiboPush  Autoposting/button_Add Facebook Account' is clicked on

2019-04-24 12:43:39 - [MESSAGE][PASSED] - Object: 'Object Repository/Page_KiboPush  Autoposting/button_Add Facebook Account' is clicked on

2019-04-24 12:43:39 - [TEST_STEP][PASSED] - delay: Delayed 3 second(s)

2019-04-24 12:43:42 - [MESSAGE][PASSED] - Delayed 3 second(s)]]></system-out>
         <system-err><![CDATA[]]></system-err>
      </testcase>
      <testcase name="Test Cases/Autoposting TestCases/TC0378" classname="Test Cases/Autoposting TestCases/TC0378" status="PASSED">
         <system-out><![CDATA[2019-04-24 12:43:42 - [TEST_CASE][PASSED] - Test Cases/Autoposting TestCases/TC0378: Test Cases/Autoposting TestCases/TC0378

2019-04-24 12:43:42 - [TEST_STEP][PASSED] - callTestCase: Call Test Case 'Test Cases/s-sidebar_navigation/individualAccount/Autoposting' successfully

2019-04-24 12:43:42 - [TEST_CASE][PASSED] - Test Cases/s-sidebar_navigation/individualAccount/Autoposting: Test Cases/s-sidebar_navigation/individualAccount/Autoposting

2019-04-24 12:43:42 - [TEST_STEP][PASSED] - click: Object: 'Object Repository/Page_KiboPush  Dashboard/span_Sequence Messaging' is clicked on

2019-04-24 12:43:43 - [MESSAGE][PASSED] - Object: 'Object Repository/Page_KiboPush  Dashboard/span_Sequence Messaging' is clicked on

2019-04-24 12:43:43 - [TEST_STEP][PASSED] - delay: Delayed 1 second(s)

2019-04-24 12:43:43 - [MESSAGE][PASSED] - Delayed 1 second(s)

2019-04-24 12:43:43 - [TEST_STEP][PASSED] - click: Object: 'Object Repository/Page_KiboPush  Dashboard/span_Autoposting' is clicked on

2019-04-24 12:43:44 - [MESSAGE][PASSED] - Object: 'Object Repository/Page_KiboPush  Dashboard/span_Autoposting' is clicked on

2019-04-24 12:43:44 - [TEST_STEP][PASSED] - scrollToPosition: Browser is scrolled to position x = 0, y = 0

2019-04-24 12:43:44 - [MESSAGE][PASSED] - Browser is scrolled to position x = 0, y = 0

2019-04-24 12:43:44 - [TEST_STEP][PASSED] - click: Object: 'Object Repository/Page_KiboPush  Autoposting/h3_Auto Posting' is clicked on

2019-04-24 12:43:44 - [MESSAGE][PASSED] - Object: 'Object Repository/Page_KiboPush  Autoposting/h3_Auto Posting' is clicked on

2019-04-24 12:43:44 - [TEST_STEP][PASSED] - delay: Delayed 2 second(s)

2019-04-24 12:43:46 - [MESSAGE][PASSED] - Delayed 2 second(s)

2019-04-24 12:43:46 - [MESSAGE][PASSED] - Call Test Case 'Test Cases/s-sidebar_navigation/individualAccount/Autoposting' successfully

2019-04-24 12:43:46 - [TEST_STEP][PASSED] - click: Object: 'Object Repository/Page_KiboPush  Autoposting/span_Add Feed (3) (1)' is clicked on

2019-04-24 12:43:46 - [MESSAGE][PASSED] - Object: 'Object Repository/Page_KiboPush  Autoposting/span_Add Feed (3) (1)' is clicked on

2019-04-24 12:43:46 - [TEST_STEP][PASSED] - click: Object: 'Object Repository/Page_KiboPush  Autoposting/button_WordPress (1) (1)' is clicked on

2019-04-24 12:43:46 - [MESSAGE][PASSED] - Object: 'Object Repository/Page_KiboPush  Autoposting/button_WordPress (1) (1)' is clicked on

2019-04-24 12:43:46 - [TEST_STEP][PASSED] - click: Object: 'Object Repository/Page_KiboPush  Autoposting/button_View Integration Guidel (1) (1)' is clicked on

2019-04-24 12:43:47 - [MESSAGE][PASSED] - Object: 'Object Repository/Page_KiboPush  Autoposting/button_View Integration Guidel (1) (1)' is clicked on

2019-04-24 12:43:47 - [TEST_STEP][PASSED] - click: Object: 'Object Repository/Page_KiboPush  Autoposting/a_WordPress.com (1) (1)' is clicked on

2019-04-24 12:43:47 - [MESSAGE][PASSED] - Object: 'Object Repository/Page_KiboPush  Autoposting/a_WordPress.com (1) (1)' is clicked on

2019-04-24 12:43:47 - [TEST_STEP][PASSED] - scrollToPosition: Browser is scrolled to position x = 0, y = 0

2019-04-24 12:43:47 - [MESSAGE][PASSED] - Browser is scrolled to position x = 0, y = 0

2019-04-24 12:43:47 - [TEST_STEP][PASSED] - click: Object: 'Object Repository/Page_KiboPush  Autoposting/h4_Guidelines for integrating' is clicked on

2019-04-24 12:43:47 - [MESSAGE][PASSED] - Object: 'Object Repository/Page_KiboPush  Autoposting/h4_Guidelines for integrating' is clicked on]]></system-out>
         <system-err><![CDATA[]]></system-err>
      </testcase>
      <testcase name="Test Cases/Autoposting TestCases/TC0379" classname="Test Cases/Autoposting TestCases/TC0379" status="PASSED">
         <system-out><![CDATA[2019-04-24 12:43:47 - [TEST_CASE][PASSED] - Test Cases/Autoposting TestCases/TC0379: Test Cases/Autoposting TestCases/TC0379

2019-04-24 12:43:48 - [TEST_STEP][PASSED] - callTestCase: Call Test Case 'Test Cases/s-sidebar_navigation/individualAccount/Autoposting' successfully

2019-04-24 12:43:48 - [TEST_CASE][PASSED] - Test Cases/s-sidebar_navigation/individualAccount/Autoposting: Test Cases/s-sidebar_navigation/individualAccount/Autoposting

2019-04-24 12:43:48 - [TEST_STEP][PASSED] - click: Object: 'Object Repository/Page_KiboPush  Dashboard/span_Sequence Messaging' is clicked on

2019-04-24 12:43:48 - [MESSAGE][PASSED] - Object: 'Object Repository/Page_KiboPush  Dashboard/span_Sequence Messaging' is clicked on

2019-04-24 12:43:48 - [TEST_STEP][PASSED] - delay: Delayed 1 second(s)

2019-04-24 12:43:49 - [MESSAGE][PASSED] - Delayed 1 second(s)

2019-04-24 12:43:49 - [TEST_STEP][PASSED] - click: Object: 'Object Repository/Page_KiboPush  Dashboard/span_Autoposting' is clicked on

2019-04-24 12:43:49 - [MESSAGE][PASSED] - Object: 'Object Repository/Page_KiboPush  Dashboard/span_Autoposting' is clicked on

2019-04-24 12:43:49 - [TEST_STEP][PASSED] - scrollToPosition: Browser is scrolled to position x = 0, y = 0

2019-04-24 12:43:50 - [MESSAGE][PASSED] - Browser is scrolled to position x = 0, y = 0

2019-04-24 12:43:50 - [TEST_STEP][PASSED] - click: Object: 'Object Repository/Page_KiboPush  Autoposting/h3_Auto Posting' is clicked on

2019-04-24 12:43:56 - [MESSAGE][PASSED] - Object: 'Object Repository/Page_KiboPush  Autoposting/h3_Auto Posting' is clicked on

2019-04-24 12:43:56 - [TEST_STEP][PASSED] - delay: Delayed 2 second(s)

2019-04-24 12:43:58 - [MESSAGE][PASSED] - Delayed 2 second(s)

2019-04-24 12:43:58 - [MESSAGE][PASSED] - Call Test Case 'Test Cases/s-sidebar_navigation/individualAccount/Autoposting' successfully

2019-04-24 12:43:58 - [TEST_STEP][PASSED] - click: Object: 'Object Repository/Page_KiboPush  Autoposting/span_Add Feed' is clicked on

2019-04-24 12:43:58 - [MESSAGE][PASSED] - Object: 'Object Repository/Page_KiboPush  Autoposting/span_Add Feed' is clicked on

2019-04-24 12:43:58 - [TEST_STEP][PASSED] - click: Object: 'Object Repository/Page_KiboPush  Autoposting/button_Add Facebook Account' is clicked on

2019-04-24 12:43:59 - [MESSAGE][PASSED] - Object: 'Object Repository/Page_KiboPush  Autoposting/button_Add Facebook Account' is clicked on

2019-04-24 12:43:59 - [TEST_STEP][PASSED] - delay: Delayed 2 second(s)

2019-04-24 12:44:01 - [MESSAGE][PASSED] - Delayed 2 second(s)

2019-04-24 12:44:01 - [TEST_STEP][PASSED] - click: Object: 'Object Repository/Page_KiboPush  Autoposting/span_Incorrect Url' is clicked on

2019-04-24 12:44:01 - [MESSAGE][PASSED] - Object: 'Object Repository/Page_KiboPush  Autoposting/span_Incorrect Url' is clicked on]]></system-out>
         <system-err><![CDATA[]]></system-err>
      </testcase>
      <testcase name="Test Cases/Autoposting TestCases/TC0380" classname="Test Cases/Autoposting TestCases/TC0380" status="PASSED">
         <system-out><![CDATA[2019-04-24 12:44:01 - [TEST_CASE][PASSED] - Test Cases/Autoposting TestCases/TC0380: Test Cases/Autoposting TestCases/TC0380

2019-04-24 12:44:01 - [TEST_STEP][PASSED] - callTestCase: Call Test Case 'Test Cases/s-sidebar_navigation/individualAccount/Autoposting' successfully

2019-04-24 12:44:01 - [TEST_CASE][PASSED] - Test Cases/s-sidebar_navigation/individualAccount/Autoposting: Test Cases/s-sidebar_navigation/individualAccount/Autoposting

2019-04-24 12:44:01 - [TEST_STEP][PASSED] - click: Object: 'Object Repository/Page_KiboPush  Dashboard/span_Sequence Messaging' is clicked on

2019-04-24 12:44:02 - [MESSAGE][PASSED] - Object: 'Object Repository/Page_KiboPush  Dashboard/span_Sequence Messaging' is clicked on

2019-04-24 12:44:02 - [TEST_STEP][PASSED] - delay: Delayed 1 second(s)

2019-04-24 12:44:03 - [MESSAGE][PASSED] - Delayed 1 second(s)

2019-04-24 12:44:03 - [TEST_STEP][PASSED] - click: Object: 'Object Repository/Page_KiboPush  Dashboard/span_Autoposting' is clicked on

2019-04-24 12:44:03 - [MESSAGE][PASSED] - Object: 'Object Repository/Page_KiboPush  Dashboard/span_Autoposting' is clicked on

2019-04-24 12:44:03 - [TEST_STEP][PASSED] - scrollToPosition: Browser is scrolled to position x = 0, y = 0

2019-04-24 12:44:03 - [MESSAGE][PASSED] - Browser is scrolled to position x = 0, y = 0

2019-04-24 12:44:03 - [TEST_STEP][PASSED] - click: Object: 'Object Repository/Page_KiboPush  Autoposting/h3_Auto Posting' is clicked on

2019-04-24 12:44:03 - [MESSAGE][PASSED] - Object: 'Object Repository/Page_KiboPush  Autoposting/h3_Auto Posting' is clicked on

2019-04-24 12:44:03 - [TEST_STEP][PASSED] - delay: Delayed 2 second(s)

2019-04-24 12:44:05 - [MESSAGE][PASSED] - Delayed 2 second(s)

2019-04-24 12:44:05 - [MESSAGE][PASSED] - Call Test Case 'Test Cases/s-sidebar_navigation/individualAccount/Autoposting' successfully

2019-04-24 12:44:06 - [TEST_STEP][PASSED] - click: Object: 'Object Repository/Page_KiboPush  Autoposting/a_' is clicked on

2019-04-24 12:44:06 - [MESSAGE][PASSED] - Object: 'Object Repository/Page_KiboPush  Autoposting/a_' is clicked on

2019-04-24 12:44:06 - [TEST_STEP][PASSED] - click: Object: 'Object Repository/Page_KiboPush  Autoposting/button_Delete' is clicked on

2019-04-24 12:44:06 - [MESSAGE][PASSED] - Object: 'Object Repository/Page_KiboPush  Autoposting/button_Delete' is clicked on

2019-04-24 12:44:06 - [TEST_STEP][PASSED] - delay: Delayed 2 second(s)

2019-04-24 12:44:08 - [MESSAGE][PASSED] - Delayed 2 second(s)

2019-04-24 12:44:08 - [TEST_STEP][PASSED] - click: Object: 'Object Repository/Page_KiboPush  Autoposting/span_Add Feed' is clicked on

2019-04-24 12:44:09 - [MESSAGE][PASSED] - Object: 'Object Repository/Page_KiboPush  Autoposting/span_Add Feed' is clicked on

2019-04-24 12:44:09 - [TEST_STEP][PASSED] - setText: Text 'https://www.facebook.com/Test5-2090553931018635' is set on object 'Object Repository/Page_KiboPush  Autoposting/input_form-control'

2019-04-24 12:44:10 - [MESSAGE][PASSED] - Text 'https://www.facebook.com/Test5-2090553931018635' is set on object 'Object Repository/Page_KiboPush  Autoposting/input_form-control'

2019-04-24 12:44:10 - [TEST_STEP][PASSED] - click: Object: 'Object Repository/Page_KiboPush  Autoposting/button_Add Facebook Account' is clicked on

2019-04-24 12:44:10 - [MESSAGE][PASSED] - Object: 'Object Repository/Page_KiboPush  Autoposting/button_Add Facebook Account' is clicked on

2019-04-24 12:44:10 - [TEST_STEP][PASSED] - delay: Delayed 2 second(s)

2019-04-24 12:44:12 - [MESSAGE][PASSED] - Delayed 2 second(s)]]></system-out>
         <system-err><![CDATA[]]></system-err>
      </testcase>
      <testcase name="Test Cases/Autoposting TestCases/TC0381" classname="Test Cases/Autoposting TestCases/TC0381" status="PASSED">
         <system-out><![CDATA[2019-04-24 12:44:12 - [TEST_CASE][PASSED] - Test Cases/Autoposting TestCases/TC0381: Test Cases/Autoposting TestCases/TC0381

2019-04-24 12:44:12 - [TEST_STEP][PASSED] - callTestCase: Call Test Case 'Test Cases/s-sidebar_navigation/individualAccount/Autoposting' successfully

2019-04-24 12:44:13 - [TEST_CASE][PASSED] - Test Cases/s-sidebar_navigation/individualAccount/Autoposting: Test Cases/s-sidebar_navigation/individualAccount/Autoposting

2019-04-24 12:44:13 - [TEST_STEP][PASSED] - click: Object: 'Object Repository/Page_KiboPush  Dashboard/span_Sequence Messaging' is clicked on

2019-04-24 12:44:13 - [MESSAGE][PASSED] - Object: 'Object Repository/Page_KiboPush  Dashboard/span_Sequence Messaging' is clicked on

2019-04-24 12:44:13 - [TEST_STEP][PASSED] - delay: Delayed 1 second(s)

2019-04-24 12:44:14 - [MESSAGE][PASSED] - Delayed 1 second(s)

2019-04-24 12:44:14 - [TEST_STEP][PASSED] - click: Object: 'Object Repository/Page_KiboPush  Dashboard/span_Autoposting' is clicked on

2019-04-24 12:44:14 - [MESSAGE][PASSED] - Object: 'Object Repository/Page_KiboPush  Dashboard/span_Autoposting' is clicked on

2019-04-24 12:44:14 - [TEST_STEP][PASSED] - scrollToPosition: Browser is scrolled to position x = 0, y = 0

2019-04-24 12:44:15 - [MESSAGE][PASSED] - Browser is scrolled to position x = 0, y = 0

2019-04-24 12:44:15 - [TEST_STEP][PASSED] - click: Object: 'Object Repository/Page_KiboPush  Autoposting/h3_Auto Posting' is clicked on

2019-04-24 12:44:15 - [MESSAGE][PASSED] - Object: 'Object Repository/Page_KiboPush  Autoposting/h3_Auto Posting' is clicked on

2019-04-24 12:44:15 - [TEST_STEP][PASSED] - delay: Delayed 2 second(s)

2019-04-24 12:44:17 - [MESSAGE][PASSED] - Delayed 2 second(s)

2019-04-24 12:44:17 - [MESSAGE][PASSED] - Call Test Case 'Test Cases/s-sidebar_navigation/individualAccount/Autoposting' successfully

2019-04-24 12:44:17 - [TEST_STEP][PASSED] - click: Object: 'Object Repository/Page_KiboPush  Autoposting/span_Subscription URL' is clicked on

2019-04-24 12:44:18 - [MESSAGE][PASSED] - Object: 'Object Repository/Page_KiboPush  Autoposting/span_Subscription URL' is clicked on]]></system-out>
         <system-err><![CDATA[]]></system-err>
      </testcase>
      <testcase name="Test Cases/Autoposting TestCases/TC0382" classname="Test Cases/Autoposting TestCases/TC0382" status="PASSED">
         <system-out><![CDATA[2019-04-24 12:44:18 - [TEST_CASE][PASSED] - Test Cases/Autoposting TestCases/TC0382: Test Cases/Autoposting TestCases/TC0382

2019-04-24 12:44:18 - [TEST_STEP][PASSED] - callTestCase: Call Test Case 'Test Cases/s-sidebar_navigation/individualAccount/Autoposting' successfully

2019-04-24 12:44:18 - [TEST_CASE][PASSED] - Test Cases/s-sidebar_navigation/individualAccount/Autoposting: Test Cases/s-sidebar_navigation/individualAccount/Autoposting

2019-04-24 12:44:18 - [TEST_STEP][PASSED] - click: Object: 'Object Repository/Page_KiboPush  Dashboard/span_Sequence Messaging' is clicked on

2019-04-24 12:44:19 - [MESSAGE][PASSED] - Object: 'Object Repository/Page_KiboPush  Dashboard/span_Sequence Messaging' is clicked on

2019-04-24 12:44:19 - [TEST_STEP][PASSED] - delay: Delayed 1 second(s)

2019-04-24 12:44:20 - [MESSAGE][PASSED] - Delayed 1 second(s)

2019-04-24 12:44:20 - [TEST_STEP][PASSED] - click: Object: 'Object Repository/Page_KiboPush  Dashboard/span_Autoposting' is clicked on

2019-04-24 12:44:20 - [MESSAGE][PASSED] - Object: 'Object Repository/Page_KiboPush  Dashboard/span_Autoposting' is clicked on

2019-04-24 12:44:20 - [TEST_STEP][PASSED] - scrollToPosition: Browser is scrolled to position x = 0, y = 0

2019-04-24 12:44:21 - [MESSAGE][PASSED] - Browser is scrolled to position x = 0, y = 0

2019-04-24 12:44:21 - [TEST_STEP][PASSED] - click: Object: 'Object Repository/Page_KiboPush  Autoposting/h3_Auto Posting' is clicked on

2019-04-24 12:44:21 - [MESSAGE][PASSED] - Object: 'Object Repository/Page_KiboPush  Autoposting/h3_Auto Posting' is clicked on

2019-04-24 12:44:21 - [TEST_STEP][PASSED] - delay: Delayed 2 second(s)

2019-04-24 12:44:23 - [MESSAGE][PASSED] - Delayed 2 second(s)

2019-04-24 12:44:23 - [MESSAGE][PASSED] - Call Test Case 'Test Cases/s-sidebar_navigation/individualAccount/Autoposting' successfully

2019-04-24 12:44:23 - [TEST_STEP][PASSED] - click: Object: 'Object Repository/Page_KiboPush  Autoposting/i_la la-gear (3)' is clicked on

2019-04-24 12:44:24 - [MESSAGE][PASSED] - Object: 'Object Repository/Page_KiboPush  Autoposting/i_la la-gear (3)' is clicked on

2019-04-24 12:44:24 - [TEST_STEP][PASSED] - scrollToPosition: Browser is scrolled to position x = 0, y = 0

2019-04-24 12:44:24 - [MESSAGE][PASSED] - Browser is scrolled to position x = 0, y = 0

2019-04-24 12:44:24 - [TEST_STEP][PASSED] - click: Object: 'Object Repository/Page_KiboPush  Autoposting/h3_Feed Settings' is clicked on

2019-04-24 12:44:25 - [MESSAGE][PASSED] - Object: 'Object Repository/Page_KiboPush  Autoposting/h3_Feed Settings' is clicked on]]></system-out>
         <system-err><![CDATA[]]></system-err>
      </testcase>
      <testcase name="Test Cases/Autoposting TestCases/TC0383" classname="Test Cases/Autoposting TestCases/TC0383" status="PASSED">
         <system-out><![CDATA[2019-04-24 12:44:25 - [TEST_CASE][PASSED] - Test Cases/Autoposting TestCases/TC0383: Test Cases/Autoposting TestCases/TC0383

2019-04-24 12:44:25 - [TEST_STEP][PASSED] - callTestCase: Call Test Case 'Test Cases/Autoposting TestCases/TC0382' successfully

2019-04-24 12:44:25 - [TEST_CASE][PASSED] - Test Cases/Autoposting TestCases/TC0382: Test Cases/Autoposting TestCases/TC0382

2019-04-24 12:44:25 - [TEST_STEP][PASSED] - callTestCase: Call Test Case 'Test Cases/s-sidebar_navigation/individualAccount/Autoposting' successfully

2019-04-24 12:44:25 - [TEST_CASE][PASSED] - Test Cases/s-sidebar_navigation/individualAccount/Autoposting: Test Cases/s-sidebar_navigation/individualAccount/Autoposting

2019-04-24 12:44:25 - [TEST_STEP][PASSED] - click: Object: 'Object Repository/Page_KiboPush  Dashboard/span_Sequence Messaging' is clicked on

2019-04-24 12:44:26 - [MESSAGE][PASSED] - Object: 'Object Repository/Page_KiboPush  Dashboard/span_Sequence Messaging' is clicked on

2019-04-24 12:44:26 - [TEST_STEP][PASSED] - delay: Delayed 1 second(s)

2019-04-24 12:44:27 - [MESSAGE][PASSED] - Delayed 1 second(s)

2019-04-24 12:44:27 - [TEST_STEP][PASSED] - click: Object: 'Object Repository/Page_KiboPush  Dashboard/span_Autoposting' is clicked on

2019-04-24 12:44:28 - [MESSAGE][PASSED] - Object: 'Object Repository/Page_KiboPush  Dashboard/span_Autoposting' is clicked on

2019-04-24 12:44:28 - [TEST_STEP][PASSED] - scrollToPosition: Browser is scrolled to position x = 0, y = 0

2019-04-24 12:44:28 - [MESSAGE][PASSED] - Browser is scrolled to position x = 0, y = 0

2019-04-24 12:44:28 - [TEST_STEP][PASSED] - click: Object: 'Object Repository/Page_KiboPush  Autoposting/h3_Auto Posting' is clicked on

2019-04-24 12:44:28 - [MESSAGE][PASSED] - Object: 'Object Repository/Page_KiboPush  Autoposting/h3_Auto Posting' is clicked on

2019-04-24 12:44:28 - [TEST_STEP][PASSED] - delay: Delayed 2 second(s)

2019-04-24 12:44:31 - [MESSAGE][PASSED] - Delayed 2 second(s)

2019-04-24 12:44:31 - [MESSAGE][PASSED] - Call Test Case 'Test Cases/s-sidebar_navigation/individualAccount/Autoposting' successfully

2019-04-24 12:44:31 - [TEST_STEP][PASSED] - click: Object: 'Object Repository/Page_KiboPush  Autoposting/i_la la-gear (3)' is clicked on

2019-04-24 12:44:31 - [MESSAGE][PASSED] - Object: 'Object Repository/Page_KiboPush  Autoposting/i_la la-gear (3)' is clicked on

2019-04-24 12:44:31 - [TEST_STEP][PASSED] - scrollToPosition: Browser is scrolled to position x = 0, y = 0

2019-04-24 12:44:32 - [MESSAGE][PASSED] - Browser is scrolled to position x = 0, y = 0

2019-04-24 12:44:32 - [TEST_STEP][PASSED] - click: Object: 'Object Repository/Page_KiboPush  Autoposting/h3_Feed Settings' is clicked on

2019-04-24 12:44:32 - [MESSAGE][PASSED] - Object: 'Object Repository/Page_KiboPush  Autoposting/h3_Feed Settings' is clicked on

2019-04-24 12:44:32 - [MESSAGE][PASSED] - Call Test Case 'Test Cases/Autoposting TestCases/TC0382' successfully

2019-04-24 12:44:32 - [TEST_STEP][PASSED] - click: Object: 'Object Repository/Page_KiboPush  Autoposting/h3_Feed Settings (4)' is clicked on

2019-04-24 12:44:32 - [MESSAGE][PASSED] - Object: 'Object Repository/Page_KiboPush  Autoposting/h3_Feed Settings (4)' is clicked on

2019-04-24 12:44:32 - [TEST_STEP][PASSED] - setText: Text 'Facebook' is set on object 'Object Repository/Page_KiboPush  Autoposting/input_form-control m-input (3)'

2019-04-24 12:44:33 - [MESSAGE][PASSED] - Text 'Facebook' is set on object 'Object Repository/Page_KiboPush  Autoposting/input_form-control m-input (3)'

2019-04-24 12:44:33 - [TEST_STEP][PASSED] - click: Object: 'Object Repository/Page_KiboPush  Autoposting/button_Save Changes (2)' is clicked on

2019-04-24 12:44:33 - [MESSAGE][PASSED] - Object: 'Object Repository/Page_KiboPush  Autoposting/button_Save Changes (2)' is clicked on

2019-04-24 12:44:33 - [TEST_STEP][PASSED] - click: Object: 'Object Repository/Page_KiboPush  Autoposting/div_Changes saved successfully (1)' is clicked on

2019-04-24 12:44:34 - [MESSAGE][PASSED] - Object: 'Object Repository/Page_KiboPush  Autoposting/div_Changes saved successfully (1)' is clicked on

2019-04-24 12:44:34 - [TEST_STEP][PASSED] - setText: Text 'Facebook Page' is set on object 'Object Repository/Page_KiboPush  Autoposting/input_form-control m-input (3)'

2019-04-24 12:44:35 - [MESSAGE][PASSED] - Text 'Facebook Page' is set on object 'Object Repository/Page_KiboPush  Autoposting/input_form-control m-input (3)'

2019-04-24 12:44:35 - [TEST_STEP][PASSED] - click: Object: 'Object Repository/Page_KiboPush  Autoposting/button_Save Changes (2)' is clicked on

2019-04-24 12:44:35 - [MESSAGE][PASSED] - Object: 'Object Repository/Page_KiboPush  Autoposting/button_Save Changes (2)' is clicked on

2019-04-24 12:44:35 - [TEST_STEP][PASSED] - click: Object: 'Object Repository/Page_KiboPush  Autoposting/div_Changes saved successfully (1)' is clicked on

2019-04-24 12:44:36 - [MESSAGE][PASSED] - Object: 'Object Repository/Page_KiboPush  Autoposting/div_Changes saved successfully (1)' is clicked on]]></system-out>
         <system-err><![CDATA[]]></system-err>
      </testcase>
      <testcase name="Test Cases/Autoposting TestCases/TC0384" classname="Test Cases/Autoposting TestCases/TC0384" status="PASSED">
         <system-out><![CDATA[2019-04-24 12:44:36 - [TEST_CASE][PASSED] - Test Cases/Autoposting TestCases/TC0384: Test Cases/Autoposting TestCases/TC0384

2019-04-24 12:44:36 - [TEST_STEP][PASSED] - callTestCase: Call Test Case 'Test Cases/Autoposting TestCases/TC0382' successfully

2019-04-24 12:44:36 - [TEST_CASE][PASSED] - Test Cases/Autoposting TestCases/TC0382: Test Cases/Autoposting TestCases/TC0382

2019-04-24 12:44:37 - [TEST_STEP][PASSED] - callTestCase: Call Test Case 'Test Cases/s-sidebar_navigation/individualAccount/Autoposting' successfully

2019-04-24 12:44:37 - [TEST_CASE][PASSED] - Test Cases/s-sidebar_navigation/individualAccount/Autoposting: Test Cases/s-sidebar_navigation/individualAccount/Autoposting

2019-04-24 12:44:37 - [TEST_STEP][PASSED] - click: Object: 'Object Repository/Page_KiboPush  Dashboard/span_Sequence Messaging' is clicked on

2019-04-24 12:44:37 - [MESSAGE][PASSED] - Object: 'Object Repository/Page_KiboPush  Dashboard/span_Sequence Messaging' is clicked on

2019-04-24 12:44:37 - [TEST_STEP][PASSED] - delay: Delayed 1 second(s)

2019-04-24 12:44:39 - [MESSAGE][PASSED] - Delayed 1 second(s)

2019-04-24 12:44:39 - [TEST_STEP][PASSED] - click: Object: 'Object Repository/Page_KiboPush  Dashboard/span_Autoposting' is clicked on

2019-04-24 12:44:39 - [MESSAGE][PASSED] - Object: 'Object Repository/Page_KiboPush  Dashboard/span_Autoposting' is clicked on

2019-04-24 12:44:39 - [TEST_STEP][PASSED] - scrollToPosition: Browser is scrolled to position x = 0, y = 0

2019-04-24 12:44:39 - [MESSAGE][PASSED] - Browser is scrolled to position x = 0, y = 0

2019-04-24 12:44:39 - [TEST_STEP][PASSED] - click: Object: 'Object Repository/Page_KiboPush  Autoposting/h3_Auto Posting' is clicked on

2019-04-24 12:44:40 - [MESSAGE][PASSED] - Object: 'Object Repository/Page_KiboPush  Autoposting/h3_Auto Posting' is clicked on

2019-04-24 12:44:40 - [TEST_STEP][PASSED] - delay: Delayed 2 second(s)

2019-04-24 12:44:42 - [MESSAGE][PASSED] - Delayed 2 second(s)

2019-04-24 12:44:42 - [MESSAGE][PASSED] - Call Test Case 'Test Cases/s-sidebar_navigation/individualAccount/Autoposting' successfully

2019-04-24 12:44:42 - [TEST_STEP][PASSED] - click: Object: 'Object Repository/Page_KiboPush  Autoposting/i_la la-gear (3)' is clicked on

2019-04-24 12:44:43 - [MESSAGE][PASSED] - Object: 'Object Repository/Page_KiboPush  Autoposting/i_la la-gear (3)' is clicked on

2019-04-24 12:44:43 - [TEST_STEP][PASSED] - scrollToPosition: Browser is scrolled to position x = 0, y = 0

2019-04-24 12:44:43 - [MESSAGE][PASSED] - Browser is scrolled to position x = 0, y = 0

2019-04-24 12:44:43 - [TEST_STEP][PASSED] - click: Object: 'Object Repository/Page_KiboPush  Autoposting/h3_Feed Settings' is clicked on

2019-04-24 12:44:44 - [MESSAGE][PASSED] - Object: 'Object Repository/Page_KiboPush  Autoposting/h3_Feed Settings' is clicked on

2019-04-24 12:44:44 - [MESSAGE][PASSED] - Call Test Case 'Test Cases/Autoposting TestCases/TC0382' successfully

2019-04-24 12:44:44 - [TEST_STEP][PASSED] - setText: Text '' is set on object 'Object Repository/Page_KiboPush  Autoposting/input_form-control m-input (3)'

2019-04-24 12:44:44 - [MESSAGE][PASSED] - Text '' is set on object 'Object Repository/Page_KiboPush  Autoposting/input_form-control m-input (3)'

2019-04-24 12:44:44 - [TEST_STEP][PASSED] - click: Object: 'Object Repository/Page_KiboPush  Autoposting/button_Save Changes (1)' is clicked on

2019-04-24 12:44:45 - [MESSAGE][PASSED] - Object: 'Object Repository/Page_KiboPush  Autoposting/button_Save Changes (1)' is clicked on

2019-04-24 12:44:45 - [TEST_STEP][PASSED] - click: Object: 'Object Repository/Page_KiboPush  Autoposting/div_Please add Account Title' is clicked on

2019-04-24 12:44:45 - [MESSAGE][PASSED] - Object: 'Object Repository/Page_KiboPush  Autoposting/div_Please add Account Title' is clicked on]]></system-out>
         <system-err><![CDATA[]]></system-err>
      </testcase>
      <testcase name="Test Cases/Autoposting TestCases/TC0385" classname="Test Cases/Autoposting TestCases/TC0385" status="PASSED">
         <system-out><![CDATA[2019-04-24 12:44:45 - [TEST_CASE][PASSED] - Test Cases/Autoposting TestCases/TC0385: Test Cases/Autoposting TestCases/TC0385

2019-04-24 12:44:46 - [TEST_STEP][PASSED] - callTestCase: Call Test Case 'Test Cases/Autoposting TestCases/TC0382' successfully

2019-04-24 12:44:46 - [TEST_CASE][PASSED] - Test Cases/Autoposting TestCases/TC0382: Test Cases/Autoposting TestCases/TC0382

2019-04-24 12:44:46 - [TEST_STEP][PASSED] - callTestCase: Call Test Case 'Test Cases/s-sidebar_navigation/individualAccount/Autoposting' successfully

2019-04-24 12:44:46 - [TEST_CASE][PASSED] - Test Cases/s-sidebar_navigation/individualAccount/Autoposting: Test Cases/s-sidebar_navigation/individualAccount/Autoposting

2019-04-24 12:44:46 - [TEST_STEP][PASSED] - click: Object: 'Object Repository/Page_KiboPush  Dashboard/span_Sequence Messaging' is clicked on

2019-04-24 12:44:46 - [MESSAGE][PASSED] - Object: 'Object Repository/Page_KiboPush  Dashboard/span_Sequence Messaging' is clicked on

2019-04-24 12:44:46 - [TEST_STEP][PASSED] - delay: Delayed 1 second(s)

2019-04-24 12:44:48 - [MESSAGE][PASSED] - Delayed 1 second(s)

2019-04-24 12:44:48 - [TEST_STEP][PASSED] - click: Object: 'Object Repository/Page_KiboPush  Dashboard/span_Autoposting' is clicked on

2019-04-24 12:44:48 - [MESSAGE][PASSED] - Object: 'Object Repository/Page_KiboPush  Dashboard/span_Autoposting' is clicked on

2019-04-24 12:44:48 - [TEST_STEP][PASSED] - scrollToPosition: Browser is scrolled to position x = 0, y = 0

2019-04-24 12:44:48 - [MESSAGE][PASSED] - Browser is scrolled to position x = 0, y = 0

2019-04-24 12:44:48 - [TEST_STEP][PASSED] - click: Object: 'Object Repository/Page_KiboPush  Autoposting/h3_Auto Posting' is clicked on

2019-04-24 12:44:49 - [MESSAGE][PASSED] - Object: 'Object Repository/Page_KiboPush  Autoposting/h3_Auto Posting' is clicked on

2019-04-24 12:44:49 - [TEST_STEP][PASSED] - delay: Delayed 2 second(s)

2019-04-24 12:44:52 - [MESSAGE][PASSED] - Delayed 2 second(s)

2019-04-24 12:44:52 - [MESSAGE][PASSED] - Call Test Case 'Test Cases/s-sidebar_navigation/individualAccount/Autoposting' successfully

2019-04-24 12:44:52 - [TEST_STEP][PASSED] - click: Object: 'Object Repository/Page_KiboPush  Autoposting/i_la la-gear (3)' is clicked on

2019-04-24 12:44:52 - [MESSAGE][PASSED] - Object: 'Object Repository/Page_KiboPush  Autoposting/i_la la-gear (3)' is clicked on

2019-04-24 12:44:52 - [TEST_STEP][PASSED] - scrollToPosition: Browser is scrolled to position x = 0, y = 0

2019-04-24 12:44:53 - [MESSAGE][PASSED] - Browser is scrolled to position x = 0, y = 0

2019-04-24 12:44:53 - [TEST_STEP][PASSED] - click: Object: 'Object Repository/Page_KiboPush  Autoposting/h3_Feed Settings' is clicked on

2019-04-24 12:44:53 - [MESSAGE][PASSED] - Object: 'Object Repository/Page_KiboPush  Autoposting/h3_Feed Settings' is clicked on

2019-04-24 12:44:53 - [MESSAGE][PASSED] - Call Test Case 'Test Cases/Autoposting TestCases/TC0382' successfully

2019-04-24 12:44:53 - [TEST_STEP][PASSED] - selectOptionByValue: All options with value 'Disabled' are selected in object 'Object Repository/Page_KiboPush  Autoposting/select_ActiveDisabled (1)'  using regular expression

2019-04-24 12:44:54 - [MESSAGE][PASSED] - All options with value 'Disabled' are selected in object 'Object Repository/Page_KiboPush  Autoposting/select_ActiveDisabled (1)'  using regular expression

2019-04-24 12:44:54 - [TEST_STEP][PASSED] - click: Object: 'Object Repository/Page_KiboPush  Autoposting/button_Save Changes (3)' is clicked on

2019-04-24 12:44:54 - [MESSAGE][PASSED] - Object: 'Object Repository/Page_KiboPush  Autoposting/button_Save Changes (3)' is clicked on

2019-04-24 12:44:54 - [TEST_STEP][PASSED] - click: Object: 'Object Repository/Page_KiboPush  Autoposting/div_Changes saved successfully (2)' is clicked on

2019-04-24 12:44:55 - [MESSAGE][PASSED] - Object: 'Object Repository/Page_KiboPush  Autoposting/div_Changes saved successfully (2)' is clicked on

2019-04-24 12:44:55 - [TEST_STEP][PASSED] - selectOptionByValue: All options with value 'Active' are selected in object 'Object Repository/Page_KiboPush  Autoposting/select_ActiveDisabled (1)'  using regular expression

2019-04-24 12:44:56 - [MESSAGE][PASSED] - All options with value 'Active' are selected in object 'Object Repository/Page_KiboPush  Autoposting/select_ActiveDisabled (1)'  using regular expression

2019-04-24 12:44:56 - [TEST_STEP][PASSED] - click: Object: 'Object Repository/Page_KiboPush  Autoposting/button_Save Changes (3)' is clicked on

2019-04-24 12:44:56 - [MESSAGE][PASSED] - Object: 'Object Repository/Page_KiboPush  Autoposting/button_Save Changes (3)' is clicked on

2019-04-24 12:44:56 - [TEST_STEP][PASSED] - click: Object: 'Object Repository/Page_KiboPush  Autoposting/div_Changes saved successfully (2)' is clicked on

2019-04-24 12:44:57 - [MESSAGE][PASSED] - Object: 'Object Repository/Page_KiboPush  Autoposting/div_Changes saved successfully (2)' is clicked on]]></system-out>
         <system-err><![CDATA[]]></system-err>
      </testcase>
      <testcase name="Test Cases/Autoposting TestCases/TC0390-BackButton" classname="Test Cases/Autoposting TestCases/TC0390-BackButton" status="PASSED">
         <system-out><![CDATA[2019-04-24 12:44:57 - [TEST_CASE][PASSED] - Test Cases/Autoposting TestCases/TC0390-BackButton: Test Cases/Autoposting TestCases/TC0390-BackButton

2019-04-24 12:44:57 - [TEST_STEP][PASSED] - callTestCase: Call Test Case 'Test Cases/Autoposting TestCases/TC0382' successfully

2019-04-24 12:44:57 - [TEST_CASE][PASSED] - Test Cases/Autoposting TestCases/TC0382: Test Cases/Autoposting TestCases/TC0382

2019-04-24 12:44:57 - [TEST_STEP][PASSED] - callTestCase: Call Test Case 'Test Cases/s-sidebar_navigation/individualAccount/Autoposting' successfully

2019-04-24 12:44:57 - [TEST_CASE][PASSED] - Test Cases/s-sidebar_navigation/individualAccount/Autoposting: Test Cases/s-sidebar_navigation/individualAccount/Autoposting

2019-04-24 12:44:57 - [TEST_STEP][PASSED] - click: Object: 'Object Repository/Page_KiboPush  Dashboard/span_Sequence Messaging' is clicked on

2019-04-24 12:44:58 - [MESSAGE][PASSED] - Object: 'Object Repository/Page_KiboPush  Dashboard/span_Sequence Messaging' is clicked on

2019-04-24 12:44:58 - [TEST_STEP][PASSED] - delay: Delayed 1 second(s)

2019-04-24 12:44:59 - [MESSAGE][PASSED] - Delayed 1 second(s)

2019-04-24 12:44:59 - [TEST_STEP][PASSED] - click: Object: 'Object Repository/Page_KiboPush  Dashboard/span_Autoposting' is clicked on

2019-04-24 12:45:00 - [MESSAGE][PASSED] - Object: 'Object Repository/Page_KiboPush  Dashboard/span_Autoposting' is clicked on

2019-04-24 12:45:00 - [TEST_STEP][PASSED] - scrollToPosition: Browser is scrolled to position x = 0, y = 0

2019-04-24 12:45:00 - [MESSAGE][PASSED] - Browser is scrolled to position x = 0, y = 0

2019-04-24 12:45:00 - [TEST_STEP][PASSED] - click: Object: 'Object Repository/Page_KiboPush  Autoposting/h3_Auto Posting' is clicked on

2019-04-24 12:45:00 - [MESSAGE][PASSED] - Object: 'Object Repository/Page_KiboPush  Autoposting/h3_Auto Posting' is clicked on

2019-04-24 12:45:00 - [TEST_STEP][PASSED] - delay: Delayed 2 second(s)

2019-04-24 12:45:03 - [MESSAGE][PASSED] - Delayed 2 second(s)

2019-04-24 12:45:03 - [MESSAGE][PASSED] - Call Test Case 'Test Cases/s-sidebar_navigation/individualAccount/Autoposting' successfully

2019-04-24 12:45:03 - [TEST_STEP][PASSED] - click: Object: 'Object Repository/Page_KiboPush  Autoposting/i_la la-gear (3)' is clicked on

2019-04-24 12:45:04 - [MESSAGE][PASSED] - Object: 'Object Repository/Page_KiboPush  Autoposting/i_la la-gear (3)' is clicked on

2019-04-24 12:45:04 - [TEST_STEP][PASSED] - scrollToPosition: Browser is scrolled to position x = 0, y = 0

2019-04-24 12:45:04 - [MESSAGE][PASSED] - Browser is scrolled to position x = 0, y = 0

2019-04-24 12:45:04 - [TEST_STEP][PASSED] - click: Object: 'Object Repository/Page_KiboPush  Autoposting/h3_Feed Settings' is clicked on

2019-04-24 12:45:04 - [MESSAGE][PASSED] - Object: 'Object Repository/Page_KiboPush  Autoposting/h3_Feed Settings' is clicked on

2019-04-24 12:45:04 - [MESSAGE][PASSED] - Call Test Case 'Test Cases/Autoposting TestCases/TC0382' successfully

2019-04-24 12:45:04 - [TEST_STEP][PASSED] - setText: Text '' is set on object 'Object Repository/Page_KiboPush  Autoposting/input_form-control m-input (3)'

2019-04-24 12:45:05 - [MESSAGE][PASSED] - Text '' is set on object 'Object Repository/Page_KiboPush  Autoposting/input_form-control m-input (3)'

2019-04-24 12:45:05 - [TEST_STEP][PASSED] - click: Object: 'Object Repository/Page_KiboPush  Autoposting/button_Back (1) (1)' is clicked on

2019-04-24 12:45:05 - [MESSAGE][PASSED] - Object: 'Object Repository/Page_KiboPush  Autoposting/button_Back (1) (1)' is clicked on

2019-04-24 12:45:05 - [TEST_STEP][PASSED] - scrollToPosition: Browser is scrolled to position x = 0, y = 0

2019-04-24 12:45:05 - [MESSAGE][PASSED] - Browser is scrolled to position x = 0, y = 0

2019-04-24 12:45:05 - [TEST_STEP][PASSED] - click: Object: 'Object Repository/Page_KiboPush  Autoposting/h3_Auto Posting (1)' is clicked on

2019-04-24 12:45:06 - [MESSAGE][PASSED] - Object: 'Object Repository/Page_KiboPush  Autoposting/h3_Auto Posting (1)' is clicked on]]></system-out>
         <system-err><![CDATA[]]></system-err>
      </testcase>
      <testcase name="Test Cases/Autoposting TestCases/TC0390" classname="Test Cases/Autoposting TestCases/TC0390" status="PASSED">
         <system-out><![CDATA[2019-04-24 12:45:06 - [TEST_CASE][PASSED] - Test Cases/Autoposting TestCases/TC0390: Test Cases/Autoposting TestCases/TC0390

2019-04-24 12:45:06 - [TEST_STEP][PASSED] - callTestCase: Call Test Case 'Test Cases/Autoposting TestCases/TC0383' successfully

2019-04-24 12:45:06 - [TEST_CASE][PASSED] - Test Cases/Autoposting TestCases/TC0383: Test Cases/Autoposting TestCases/TC0383

2019-04-24 12:45:06 - [TEST_STEP][PASSED] - callTestCase: Call Test Case 'Test Cases/Autoposting TestCases/TC0382' successfully

2019-04-24 12:45:06 - [TEST_CASE][PASSED] - Test Cases/Autoposting TestCases/TC0382: Test Cases/Autoposting TestCases/TC0382

2019-04-24 12:45:06 - [TEST_STEP][PASSED] - callTestCase: Call Test Case 'Test Cases/s-sidebar_navigation/individualAccount/Autoposting' successfully

2019-04-24 12:45:06 - [TEST_CASE][PASSED] - Test Cases/s-sidebar_navigation/individualAccount/Autoposting: Test Cases/s-sidebar_navigation/individualAccount/Autoposting

2019-04-24 12:45:06 - [TEST_STEP][PASSED] - click: Object: 'Object Repository/Page_KiboPush  Dashboard/span_Sequence Messaging' is clicked on

2019-04-24 12:45:07 - [MESSAGE][PASSED] - Object: 'Object Repository/Page_KiboPush  Dashboard/span_Sequence Messaging' is clicked on

2019-04-24 12:45:07 - [TEST_STEP][PASSED] - delay: Delayed 1 second(s)

2019-04-24 12:45:08 - [MESSAGE][PASSED] - Delayed 1 second(s)

2019-04-24 12:45:08 - [TEST_STEP][PASSED] - click: Object: 'Object Repository/Page_KiboPush  Dashboard/span_Autoposting' is clicked on

2019-04-24 12:45:09 - [MESSAGE][PASSED] - Object: 'Object Repository/Page_KiboPush  Dashboard/span_Autoposting' is clicked on

2019-04-24 12:45:09 - [TEST_STEP][PASSED] - scrollToPosition: Browser is scrolled to position x = 0, y = 0

2019-04-24 12:45:09 - [MESSAGE][PASSED] - Browser is scrolled to position x = 0, y = 0

2019-04-24 12:45:09 - [TEST_STEP][PASSED] - click: Object: 'Object Repository/Page_KiboPush  Autoposting/h3_Auto Posting' is clicked on

2019-04-24 12:45:09 - [MESSAGE][PASSED] - Object: 'Object Repository/Page_KiboPush  Autoposting/h3_Auto Posting' is clicked on

2019-04-24 12:45:09 - [TEST_STEP][PASSED] - delay: Delayed 2 second(s)

2019-04-24 12:45:12 - [MESSAGE][PASSED] - Delayed 2 second(s)

2019-04-24 12:45:12 - [MESSAGE][PASSED] - Call Test Case 'Test Cases/s-sidebar_navigation/individualAccount/Autoposting' successfully

2019-04-24 12:45:12 - [TEST_STEP][PASSED] - click: Object: 'Object Repository/Page_KiboPush  Autoposting/i_la la-gear (3)' is clicked on

2019-04-24 12:45:13 - [MESSAGE][PASSED] - Object: 'Object Repository/Page_KiboPush  Autoposting/i_la la-gear (3)' is clicked on

2019-04-24 12:45:13 - [TEST_STEP][PASSED] - scrollToPosition: Browser is scrolled to position x = 0, y = 0

2019-04-24 12:45:13 - [MESSAGE][PASSED] - Browser is scrolled to position x = 0, y = 0

2019-04-24 12:45:13 - [TEST_STEP][PASSED] - click: Object: 'Object Repository/Page_KiboPush  Autoposting/h3_Feed Settings' is clicked on

2019-04-24 12:45:13 - [MESSAGE][PASSED] - Object: 'Object Repository/Page_KiboPush  Autoposting/h3_Feed Settings' is clicked on

2019-04-24 12:45:13 - [MESSAGE][PASSED] - Call Test Case 'Test Cases/Autoposting TestCases/TC0382' successfully

2019-04-24 12:45:13 - [TEST_STEP][PASSED] - click: Object: 'Object Repository/Page_KiboPush  Autoposting/h3_Feed Settings (4)' is clicked on

2019-04-24 12:45:14 - [MESSAGE][PASSED] - Object: 'Object Repository/Page_KiboPush  Autoposting/h3_Feed Settings (4)' is clicked on

2019-04-24 12:45:14 - [TEST_STEP][PASSED] - setText: Text 'Facebook' is set on object 'Object Repository/Page_KiboPush  Autoposting/input_form-control m-input (3)'

2019-04-24 12:45:14 - [MESSAGE][PASSED] - Text 'Facebook' is set on object 'Object Repository/Page_KiboPush  Autoposting/input_form-control m-input (3)'

2019-04-24 12:45:14 - [TEST_STEP][PASSED] - click: Object: 'Object Repository/Page_KiboPush  Autoposting/button_Save Changes (2)' is clicked on

2019-04-24 12:45:14 - [MESSAGE][PASSED] - Object: 'Object Repository/Page_KiboPush  Autoposting/button_Save Changes (2)' is clicked on

2019-04-24 12:45:14 - [TEST_STEP][PASSED] - click: Object: 'Object Repository/Page_KiboPush  Autoposting/div_Changes saved successfully (1)' is clicked on

2019-04-24 12:45:15 - [MESSAGE][PASSED] - Object: 'Object Repository/Page_KiboPush  Autoposting/div_Changes saved successfully (1)' is clicked on

2019-04-24 12:45:15 - [TEST_STEP][PASSED] - setText: Text 'Facebook Page' is set on object 'Object Repository/Page_KiboPush  Autoposting/input_form-control m-input (3)'

2019-04-24 12:45:17 - [MESSAGE][PASSED] - Text 'Facebook Page' is set on object 'Object Repository/Page_KiboPush  Autoposting/input_form-control m-input (3)'

2019-04-24 12:45:17 - [TEST_STEP][PASSED] - click: Object: 'Object Repository/Page_KiboPush  Autoposting/button_Save Changes (2)' is clicked on

2019-04-24 12:45:17 - [MESSAGE][PASSED] - Object: 'Object Repository/Page_KiboPush  Autoposting/button_Save Changes (2)' is clicked on

2019-04-24 12:45:17 - [TEST_STEP][PASSED] - click: Object: 'Object Repository/Page_KiboPush  Autoposting/div_Changes saved successfully (1)' is clicked on

2019-04-24 12:45:18 - [MESSAGE][PASSED] - Object: 'Object Repository/Page_KiboPush  Autoposting/div_Changes saved successfully (1)' is clicked on

2019-04-24 12:45:18 - [MESSAGE][PASSED] - Call Test Case 'Test Cases/Autoposting TestCases/TC0383' successfully]]></system-out>
         <system-err><![CDATA[]]></system-err>
      </testcase>
      <testcase name="Test Cases/Autoposting TestCases/TC0391" classname="Test Cases/Autoposting TestCases/TC0391" status="PASSED">
         <system-out><![CDATA[2019-04-24 12:45:18 - [TEST_CASE][PASSED] - Test Cases/Autoposting TestCases/TC0391: Test Cases/Autoposting TestCases/TC0391

2019-04-24 12:45:18 - [TEST_STEP][PASSED] - callTestCase: Call Test Case 'Test Cases/s-sidebar_navigation/individualAccount/Autoposting' successfully

2019-04-24 12:45:19 - [TEST_CASE][PASSED] - Test Cases/s-sidebar_navigation/individualAccount/Autoposting: Test Cases/s-sidebar_navigation/individualAccount/Autoposting

2019-04-24 12:45:19 - [TEST_STEP][PASSED] - click: Object: 'Object Repository/Page_KiboPush  Dashboard/span_Sequence Messaging' is clicked on

2019-04-24 12:45:19 - [MESSAGE][PASSED] - Object: 'Object Repository/Page_KiboPush  Dashboard/span_Sequence Messaging' is clicked on

2019-04-24 12:45:19 - [TEST_STEP][PASSED] - delay: Delayed 1 second(s)

2019-04-24 12:45:20 - [MESSAGE][PASSED] - Delayed 1 second(s)

2019-04-24 12:45:20 - [TEST_STEP][PASSED] - click: Object: 'Object Repository/Page_KiboPush  Dashboard/span_Autoposting' is clicked on

2019-04-24 12:45:21 - [MESSAGE][PASSED] - Object: 'Object Repository/Page_KiboPush  Dashboard/span_Autoposting' is clicked on

2019-04-24 12:45:21 - [TEST_STEP][PASSED] - scrollToPosition: Browser is scrolled to position x = 0, y = 0

2019-04-24 12:45:21 - [MESSAGE][PASSED] - Browser is scrolled to position x = 0, y = 0

2019-04-24 12:45:21 - [TEST_STEP][PASSED] - click: Object: 'Object Repository/Page_KiboPush  Autoposting/h3_Auto Posting' is clicked on

2019-04-24 12:45:22 - [MESSAGE][PASSED] - Object: 'Object Repository/Page_KiboPush  Autoposting/h3_Auto Posting' is clicked on

2019-04-24 12:45:22 - [TEST_STEP][PASSED] - delay: Delayed 2 second(s)

2019-04-24 12:45:24 - [MESSAGE][PASSED] - Delayed 2 second(s)

2019-04-24 12:45:24 - [MESSAGE][PASSED] - Call Test Case 'Test Cases/s-sidebar_navigation/individualAccount/Autoposting' successfully

2019-04-24 12:45:24 - [TEST_STEP][PASSED] - click: Object: 'Object Repository/Page_KiboPush  Autoposting/i_la la-envelope (1)' is clicked on

2019-04-24 12:45:25 - [MESSAGE][PASSED] - Object: 'Object Repository/Page_KiboPush  Autoposting/i_la la-envelope (1)' is clicked on

2019-04-24 12:45:25 - [TEST_STEP][PASSED] - scrollToPosition: Browser is scrolled to position x = 0, y = 0

2019-04-24 12:45:25 - [MESSAGE][PASSED] - Browser is scrolled to position x = 0, y = 0

2019-04-24 12:45:25 - [TEST_STEP][PASSED] - click: Object: 'Object Repository/Page_KiboPush  Autoposting Messages/h3_Autoposting Messages (2)' is clicked on

2019-04-24 12:45:26 - [MESSAGE][PASSED] - Object: 'Object Repository/Page_KiboPush  Autoposting Messages/h3_Autoposting Messages (2)' is clicked on

2019-04-24 12:45:26 - [TEST_STEP][PASSED] - click: Object: 'Object Repository/Page_KiboPush  Autoposting Messages/h3_History' is clicked on

2019-04-24 12:45:26 - [MESSAGE][PASSED] - Object: 'Object Repository/Page_KiboPush  Autoposting Messages/h3_History' is clicked on]]></system-out>
         <system-err><![CDATA[]]></system-err>
      </testcase>
      <testcase name="Test Cases/Autoposting TestCases/TC0394" classname="Test Cases/Autoposting TestCases/TC0394" status="PASSED">
         <system-out><![CDATA[2019-04-24 12:45:26 - [TEST_CASE][PASSED] - Test Cases/Autoposting TestCases/TC0394: Test Cases/Autoposting TestCases/TC0394

2019-04-24 12:45:26 - [TEST_STEP][PASSED] - callTestCase: Call Test Case 'Test Cases/Autoposting TestCases/TC0391' successfully

2019-04-24 12:45:26 - [TEST_CASE][PASSED] - Test Cases/Autoposting TestCases/TC0391: Test Cases/Autoposting TestCases/TC0391

2019-04-24 12:45:27 - [TEST_STEP][PASSED] - callTestCase: Call Test Case 'Test Cases/s-sidebar_navigation/individualAccount/Autoposting' successfully

2019-04-24 12:45:27 - [TEST_CASE][PASSED] - Test Cases/s-sidebar_navigation/individualAccount/Autoposting: Test Cases/s-sidebar_navigation/individualAccount/Autoposting

2019-04-24 12:45:27 - [TEST_STEP][PASSED] - click: Object: 'Object Repository/Page_KiboPush  Dashboard/span_Sequence Messaging' is clicked on

2019-04-24 12:45:27 - [MESSAGE][PASSED] - Object: 'Object Repository/Page_KiboPush  Dashboard/span_Sequence Messaging' is clicked on

2019-04-24 12:45:27 - [TEST_STEP][PASSED] - delay: Delayed 1 second(s)

2019-04-24 12:45:28 - [MESSAGE][PASSED] - Delayed 1 second(s)

2019-04-24 12:45:28 - [TEST_STEP][PASSED] - click: Object: 'Object Repository/Page_KiboPush  Dashboard/span_Autoposting' is clicked on

2019-04-24 12:45:29 - [MESSAGE][PASSED] - Object: 'Object Repository/Page_KiboPush  Dashboard/span_Autoposting' is clicked on

2019-04-24 12:45:29 - [TEST_STEP][PASSED] - scrollToPosition: Browser is scrolled to position x = 0, y = 0

2019-04-24 12:45:29 - [MESSAGE][PASSED] - Browser is scrolled to position x = 0, y = 0

2019-04-24 12:45:29 - [TEST_STEP][PASSED] - click: Object: 'Object Repository/Page_KiboPush  Autoposting/h3_Auto Posting' is clicked on

2019-04-24 12:45:29 - [MESSAGE][PASSED] - Object: 'Object Repository/Page_KiboPush  Autoposting/h3_Auto Posting' is clicked on

2019-04-24 12:45:29 - [TEST_STEP][PASSED] - delay: Delayed 2 second(s)

2019-04-24 12:45:32 - [MESSAGE][PASSED] - Delayed 2 second(s)

2019-04-24 12:45:32 - [MESSAGE][PASSED] - Call Test Case 'Test Cases/s-sidebar_navigation/individualAccount/Autoposting' successfully

2019-04-24 12:45:32 - [TEST_STEP][PASSED] - click: Object: 'Object Repository/Page_KiboPush  Autoposting/i_la la-envelope (1)' is clicked on

2019-04-24 12:45:32 - [MESSAGE][PASSED] - Object: 'Object Repository/Page_KiboPush  Autoposting/i_la la-envelope (1)' is clicked on

2019-04-24 12:45:32 - [TEST_STEP][PASSED] - scrollToPosition: Browser is scrolled to position x = 0, y = 0

2019-04-24 12:45:32 - [MESSAGE][PASSED] - Browser is scrolled to position x = 0, y = 0

2019-04-24 12:45:32 - [TEST_STEP][PASSED] - click: Object: 'Object Repository/Page_KiboPush  Autoposting Messages/h3_Autoposting Messages (2)' is clicked on

2019-04-24 12:45:32 - [MESSAGE][PASSED] - Object: 'Object Repository/Page_KiboPush  Autoposting Messages/h3_Autoposting Messages (2)' is clicked on

2019-04-24 12:45:32 - [TEST_STEP][PASSED] - click: Object: 'Object Repository/Page_KiboPush  Autoposting Messages/h3_History' is clicked on

2019-04-24 12:45:33 - [MESSAGE][PASSED] - Object: 'Object Repository/Page_KiboPush  Autoposting Messages/h3_History' is clicked on

2019-04-24 12:45:33 - [MESSAGE][PASSED] - Call Test Case 'Test Cases/Autoposting TestCases/TC0391' successfully

2019-04-24 12:45:33 - [TEST_STEP][PASSED] - click: Object: 'Object Repository/Page_KiboPush  Autoposting Messages/a_Back' is clicked on

2019-04-24 12:45:33 - [MESSAGE][PASSED] - Object: 'Object Repository/Page_KiboPush  Autoposting Messages/a_Back' is clicked on

2019-04-24 12:45:33 - [TEST_STEP][PASSED] - scrollToPosition: Browser is scrolled to position x = 0, y = 0

2019-04-24 12:45:33 - [MESSAGE][PASSED] - Browser is scrolled to position x = 0, y = 0

2019-04-24 12:45:33 - [TEST_STEP][PASSED] - click: Object: 'Object Repository/Page_KiboPush  Autoposting/h3_Auto Posting' is clicked on

2019-04-24 12:45:34 - [MESSAGE][PASSED] - Object: 'Object Repository/Page_KiboPush  Autoposting/h3_Auto Posting' is clicked on]]></system-out>
         <system-err><![CDATA[]]></system-err>
      </testcase>
      <testcase name="Test Cases/Autoposting TestCases/TC0395" classname="Test Cases/Autoposting TestCases/TC0395" status="FAILED">
         <failure type="FAILED" message="ERROR: No Table Present"/>
         <system-out><![CDATA[2019-04-24 12:45:34 - [TEST_CASE][FAILED] - Test Cases/Autoposting TestCases/TC0395: Test Cases/Autoposting TestCases/TC0395 FAILED because (of) ERROR: No Table Present

2019-04-24 12:45:34 - [TEST_STEP][PASSED] - callTestCase: Call Test Case 'Test Cases/s-sidebar_navigation/individualAccount/Autoposting' successfully

2019-04-24 12:45:34 - [TEST_CASE][PASSED] - Test Cases/s-sidebar_navigation/individualAccount/Autoposting: Test Cases/s-sidebar_navigation/individualAccount/Autoposting

2019-04-24 12:45:34 - [TEST_STEP][PASSED] - click: Object: 'Object Repository/Page_KiboPush  Dashboard/span_Sequence Messaging' is clicked on

2019-04-24 12:45:35 - [MESSAGE][PASSED] - Object: 'Object Repository/Page_KiboPush  Dashboard/span_Sequence Messaging' is clicked on

2019-04-24 12:45:35 - [TEST_STEP][PASSED] - delay: Delayed 1 second(s)

2019-04-24 12:45:36 - [MESSAGE][PASSED] - Delayed 1 second(s)

2019-04-24 12:45:36 - [TEST_STEP][PASSED] - click: Object: 'Object Repository/Page_KiboPush  Dashboard/span_Autoposting' is clicked on

2019-04-24 12:45:37 - [MESSAGE][PASSED] - Object: 'Object Repository/Page_KiboPush  Dashboard/span_Autoposting' is clicked on

2019-04-24 12:45:37 - [TEST_STEP][PASSED] - scrollToPosition: Browser is scrolled to position x = 0, y = 0

2019-04-24 12:45:37 - [MESSAGE][PASSED] - Browser is scrolled to position x = 0, y = 0

2019-04-24 12:45:37 - [TEST_STEP][PASSED] - click: Object: 'Object Repository/Page_KiboPush  Autoposting/h3_Auto Posting' is clicked on

2019-04-24 12:45:37 - [MESSAGE][PASSED] - Object: 'Object Repository/Page_KiboPush  Autoposting/h3_Auto Posting' is clicked on

2019-04-24 12:45:37 - [TEST_STEP][PASSED] - delay: Delayed 2 second(s)

2019-04-24 12:45:39 - [MESSAGE][PASSED] - Delayed 2 second(s)

2019-04-24 12:45:39 - [MESSAGE][PASSED] - Call Test Case 'Test Cases/s-sidebar_navigation/individualAccount/Autoposting' successfully

2019-04-24 12:45:39 - [TEST_STEP][PASSED] - click: Object: 'Object Repository/Page_KiboPush  Autoposting/i_la la-envelope (1)' is clicked on

2019-04-24 12:45:40 - [MESSAGE][PASSED] - Object: 'Object Repository/Page_KiboPush  Autoposting/i_la la-envelope (1)' is clicked on

2019-04-24 12:45:40 - [TEST_STEP][PASSED] - scrollToPosition: Browser is scrolled to position x = 0, y = 0

2019-04-24 12:45:40 - [MESSAGE][PASSED] - Browser is scrolled to position x = 0, y = 0

2019-04-24 12:45:40 - [TEST_STEP][PASSED] - click: Object: 'Object Repository/Page_KiboPush  Autoposting Messages/h3_Autoposting Messages (2)' is clicked on

2019-04-24 12:45:40 - [MESSAGE][PASSED] - Object: 'Object Repository/Page_KiboPush  Autoposting Messages/h3_Autoposting Messages (2)' is clicked on

2019-04-24 12:45:40 - [TEST_STEP][PASSED] - delay: Delayed 5 second(s)

2019-04-24 12:45:46 - [MESSAGE][PASSED] - Delayed 5 second(s)

2019-04-24 12:45:46 - [TEST_STEP][PASSED] - Statement - date_page1 = getFirstRowDate(): null

2019-04-24 12:45:46 - [TEST_STEP][PASSED] - Statement - driver = com.kms.katalon.core.webui.driver.DriverFactory.getWebDriver(): null

2019-04-24 12:45:46 - [TEST_STEP][PASSED] - Statement - Try: null

2019-04-24 12:45:46 - [TEST_STEP][PASSED] - Statement - Table = driver.findElement(org.openqa.selenium.By.xpath("//table/tbody")): null

2019-04-24 12:45:46 - [TEST_STEP][PASSED] - Statement - Catch (Exception e): null

2019-04-24 12:45:46 - [TEST_STEP][PASSED] - Statement - com.kms.katalon.core.util.KeywordUtil.markFailed("ERROR: No Table Present"): null

2019-04-24 12:45:46 - [TEST_STEP][FAILED] - click: Unable to click on object (Root cause: java.lang.IllegalArgumentException: Object is null)

2019-04-24 12:45:46 - [MESSAGE][WARNING] - Test object with id 'Object Repository/Page_KiboPush  Autoposting Messages/a_next' does not exist

2019-04-24 12:45:46 - [MESSAGE][WARNING] - Test object with id 'Object Repository/' does not exist

2019-04-24 12:45:47 - [MESSAGE][FAILED] - Unable to click on object (Root cause: java.lang.IllegalArgumentException: Object is null)
[[ATTACHMENT|C:\\Users\\cloudkibo\\Desktop\\KiboPush_Automated_Testing\\KiboPush Katalon\\Reports\\Autoposting\\20190424_124142\\1556091946701.png]]]]></system-out>
         <system-err><![CDATA[2019-04-24 12:45:34 - [TEST_CASE][FAILED] - Test Cases/Autoposting TestCases/TC0395: Test Cases/Autoposting TestCases/TC0395 FAILED because (of) ERROR: No Table Present]]></system-err>
      </testcase>
      <testcase name="Test Cases/Autoposting TestCases/TC0396" classname="Test Cases/Autoposting TestCases/TC0396" status="FAILED">
         <failure type="FAILED" message="Unable to click on object (Root cause: java.lang.IllegalArgumentException: Object is null)"/>
         <system-out><![CDATA[2019-04-24 12:45:47 - [TEST_CASE][FAILED] - Test Cases/Autoposting TestCases/TC0396: Test Cases/Autoposting TestCases/TC0396 FAILED because (of) Unable to click on object (Root cause: java.lang.IllegalArgumentException: Object is null)

2019-04-24 12:45:47 - [TEST_STEP][PASSED] - callTestCase: Call Test Case 'Test Cases/s-sidebar_navigation/individualAccount/Autoposting' successfully

2019-04-24 12:45:48 - [TEST_CASE][PASSED] - Test Cases/s-sidebar_navigation/individualAccount/Autoposting: Test Cases/s-sidebar_navigation/individualAccount/Autoposting

2019-04-24 12:45:48 - [TEST_STEP][PASSED] - click: Object: 'Object Repository/Page_KiboPush  Dashboard/span_Sequence Messaging' is clicked on

2019-04-24 12:45:50 - [MESSAGE][PASSED] - Object: 'Object Repository/Page_KiboPush  Dashboard/span_Sequence Messaging' is clicked on

2019-04-24 12:45:50 - [TEST_STEP][PASSED] - delay: Delayed 1 second(s)

2019-04-24 12:45:51 - [MESSAGE][PASSED] - Delayed 1 second(s)

2019-04-24 12:45:51 - [TEST_STEP][PASSED] - click: Object: 'Object Repository/Page_KiboPush  Dashboard/span_Autoposting' is clicked on

2019-04-24 12:45:53 - [MESSAGE][PASSED] - Object: 'Object Repository/Page_KiboPush  Dashboard/span_Autoposting' is clicked on

2019-04-24 12:45:53 - [TEST_STEP][PASSED] - scrollToPosition: Browser is scrolled to position x = 0, y = 0

2019-04-24 12:45:54 - [MESSAGE][PASSED] - Browser is scrolled to position x = 0, y = 0

2019-04-24 12:45:54 - [TEST_STEP][PASSED] - click: Object: 'Object Repository/Page_KiboPush  Autoposting/h3_Auto Posting' is clicked on

2019-04-24 12:45:54 - [MESSAGE][PASSED] - Object: 'Object Repository/Page_KiboPush  Autoposting/h3_Auto Posting' is clicked on

2019-04-24 12:45:54 - [TEST_STEP][PASSED] - delay: Delayed 2 second(s)

2019-04-24 12:45:56 - [MESSAGE][PASSED] - Delayed 2 second(s)

2019-04-24 12:45:56 - [MESSAGE][PASSED] - Call Test Case 'Test Cases/s-sidebar_navigation/individualAccount/Autoposting' successfully

2019-04-24 12:45:56 - [TEST_STEP][PASSED] - click: Object: 'Object Repository/Page_KiboPush  Autoposting/i_la la-envelope (1)' is clicked on

2019-04-24 12:45:57 - [MESSAGE][PASSED] - Object: 'Object Repository/Page_KiboPush  Autoposting/i_la la-envelope (1)' is clicked on

2019-04-24 12:45:57 - [TEST_STEP][PASSED] - scrollToPosition: Browser is scrolled to position x = 0, y = 0

2019-04-24 12:45:57 - [MESSAGE][PASSED] - Browser is scrolled to position x = 0, y = 0

2019-04-24 12:45:57 - [TEST_STEP][PASSED] - click: Object: 'Object Repository/Page_KiboPush  Autoposting Messages/h3_Autoposting Messages (2)' is clicked on

2019-04-24 12:45:57 - [MESSAGE][PASSED] - Object: 'Object Repository/Page_KiboPush  Autoposting Messages/h3_Autoposting Messages (2)' is clicked on

2019-04-24 12:45:57 - [TEST_STEP][PASSED] - delay: Delayed 3 second(s)

2019-04-24 12:46:00 - [MESSAGE][PASSED] - Delayed 3 second(s)

2019-04-24 12:46:00 - [TEST_STEP][FAILED] - click: Unable to click on object (Root cause: java.lang.IllegalArgumentException: Object is null)

2019-04-24 12:46:00 - [MESSAGE][WARNING] - Test object with id 'Object Repository/Page_KiboPush  Autoposting Messages/a_next' does not exist

2019-04-24 12:46:00 - [MESSAGE][WARNING] - Test object with id 'Object Repository/' does not exist

2019-04-24 12:46:00 - [MESSAGE][FAILED] - Unable to click on object (Root cause: java.lang.IllegalArgumentException: Object is null)
[[ATTACHMENT|C:\\Users\\cloudkibo\\Desktop\\KiboPush_Automated_Testing\\KiboPush Katalon\\Reports\\Autoposting\\20190424_124142\\1556091960406.png]]]]></system-out>
         <system-err><![CDATA[2019-04-24 12:45:47 - [TEST_CASE][FAILED] - Test Cases/Autoposting TestCases/TC0396: Test Cases/Autoposting TestCases/TC0396 FAILED because (of) Unable to click on object (Root cause: java.lang.IllegalArgumentException: Object is null)]]></system-err>
      </testcase>
      <testcase name="Test Cases/Autoposting TestCases/TC0397" classname="Test Cases/Autoposting TestCases/TC0397" status="FAILED">
         <failure type="FAILED" message="ERROR: No Table Present"/>
         <system-out><![CDATA[2019-04-24 12:46:00 - [TEST_CASE][FAILED] - Test Cases/Autoposting TestCases/TC0397: Test Cases/Autoposting TestCases/TC0397 FAILED because (of) ERROR: No Table Present

2019-04-24 12:46:01 - [TEST_STEP][PASSED] - callTestCase: Call Test Case 'Test Cases/s-sidebar_navigation/individualAccount/Autoposting' successfully

2019-04-24 12:46:01 - [TEST_CASE][PASSED] - Test Cases/s-sidebar_navigation/individualAccount/Autoposting: Test Cases/s-sidebar_navigation/individualAccount/Autoposting

2019-04-24 12:46:01 - [TEST_STEP][PASSED] - click: Object: 'Object Repository/Page_KiboPush  Dashboard/span_Sequence Messaging' is clicked on

2019-04-24 12:46:01 - [MESSAGE][PASSED] - Object: 'Object Repository/Page_KiboPush  Dashboard/span_Sequence Messaging' is clicked on

2019-04-24 12:46:01 - [TEST_STEP][PASSED] - delay: Delayed 1 second(s)

2019-04-24 12:46:02 - [MESSAGE][PASSED] - Delayed 1 second(s)

2019-04-24 12:46:02 - [TEST_STEP][PASSED] - click: Object: 'Object Repository/Page_KiboPush  Dashboard/span_Autoposting' is clicked on

2019-04-24 12:46:04 - [MESSAGE][PASSED] - Object: 'Object Repository/Page_KiboPush  Dashboard/span_Autoposting' is clicked on

2019-04-24 12:46:04 - [TEST_STEP][PASSED] - scrollToPosition: Browser is scrolled to position x = 0, y = 0

2019-04-24 12:46:04 - [MESSAGE][PASSED] - Browser is scrolled to position x = 0, y = 0

2019-04-24 12:46:04 - [TEST_STEP][PASSED] - click: Object: 'Object Repository/Page_KiboPush  Autoposting/h3_Auto Posting' is clicked on

2019-04-24 12:46:05 - [MESSAGE][PASSED] - Object: 'Object Repository/Page_KiboPush  Autoposting/h3_Auto Posting' is clicked on

2019-04-24 12:46:05 - [TEST_STEP][PASSED] - delay: Delayed 2 second(s)

2019-04-24 12:46:06 - [MESSAGE][PASSED] - Delayed 2 second(s)

2019-04-24 12:46:06 - [MESSAGE][PASSED] - Call Test Case 'Test Cases/s-sidebar_navigation/individualAccount/Autoposting' successfully

2019-04-24 12:46:06 - [TEST_STEP][PASSED] - click: Object: 'Object Repository/Page_KiboPush  Autoposting/i_la la-envelope (1)' is clicked on

2019-04-24 12:46:07 - [MESSAGE][PASSED] - Object: 'Object Repository/Page_KiboPush  Autoposting/i_la la-envelope (1)' is clicked on

2019-04-24 12:46:07 - [TEST_STEP][PASSED] - scrollToPosition: Browser is scrolled to position x = 0, y = 0

2019-04-24 12:46:07 - [MESSAGE][PASSED] - Browser is scrolled to position x = 0, y = 0

2019-04-24 12:46:07 - [TEST_STEP][PASSED] - click: Object: 'Object Repository/Page_KiboPush  Autoposting Messages/h3_Autoposting Messages (2)' is clicked on

2019-04-24 12:46:07 - [MESSAGE][PASSED] - Object: 'Object Repository/Page_KiboPush  Autoposting Messages/h3_Autoposting Messages (2)' is clicked on

2019-04-24 12:46:07 - [TEST_STEP][PASSED] - delay: Delayed 5 second(s)

2019-04-24 12:46:11 - [MESSAGE][PASSED] - Delayed 5 second(s)

2019-04-24 12:46:11 - [TEST_STEP][PASSED] - Statement - date_page1 = getFirstRowDate(): null

2019-04-24 12:46:11 - [TEST_STEP][PASSED] - Statement - driver = com.kms.katalon.core.webui.driver.DriverFactory.getWebDriver(): null

2019-04-24 12:46:11 - [TEST_STEP][PASSED] - Statement - Try: null

2019-04-24 12:46:11 - [TEST_STEP][PASSED] - Statement - Table = driver.findElement(org.openqa.selenium.By.xpath("//table/tbody")): null

2019-04-24 12:46:11 - [TEST_STEP][PASSED] - Statement - Catch (Exception e): null

2019-04-24 12:46:11 - [TEST_STEP][PASSED] - Statement - com.kms.katalon.core.util.KeywordUtil.markFailed("ERROR: No Table Present"): null

2019-04-24 12:46:11 - [TEST_STEP][FAILED] - click: Unable to click on object (Root cause: java.lang.IllegalArgumentException: Object is null)

2019-04-24 12:46:11 - [MESSAGE][WARNING] - Test object with id 'Object Repository/Page_KiboPush  Autoposting Messages/a_3' does not exist

2019-04-24 12:46:11 - [MESSAGE][WARNING] - Test object with id 'Object Repository/' does not exist

2019-04-24 12:46:12 - [MESSAGE][FAILED] - Unable to click on object (Root cause: java.lang.IllegalArgumentException: Object is null)
[[ATTACHMENT|C:\\Users\\cloudkibo\\Desktop\\KiboPush_Automated_Testing\\KiboPush Katalon\\Reports\\Autoposting\\20190424_124142\\1556091971797.png]]]]></system-out>
         <system-err><![CDATA[2019-04-24 12:46:00 - [TEST_CASE][FAILED] - Test Cases/Autoposting TestCases/TC0397: Test Cases/Autoposting TestCases/TC0397 FAILED because (of) ERROR: No Table Present]]></system-err>
      </testcase>
      <testcase name="Test Cases/Autoposting TestCases/TC0398" classname="Test Cases/Autoposting TestCases/TC0398" status="PASSED">
         <system-out><![CDATA[2019-04-24 12:46:12 - [TEST_CASE][PASSED] - Test Cases/Autoposting TestCases/TC0398: Test Cases/Autoposting TestCases/TC0398

2019-04-24 12:46:12 - [TEST_STEP][PASSED] - callTestCase: Call Test Case 'Test Cases/s-sidebar_navigation/individualAccount/Autoposting' successfully

2019-04-24 12:46:12 - [TEST_CASE][PASSED] - Test Cases/s-sidebar_navigation/individualAccount/Autoposting: Test Cases/s-sidebar_navigation/individualAccount/Autoposting

2019-04-24 12:46:12 - [TEST_STEP][PASSED] - click: Object: 'Object Repository/Page_KiboPush  Dashboard/span_Sequence Messaging' is clicked on

2019-04-24 12:46:13 - [MESSAGE][PASSED] - Object: 'Object Repository/Page_KiboPush  Dashboard/span_Sequence Messaging' is clicked on

2019-04-24 12:46:13 - [TEST_STEP][PASSED] - delay: Delayed 1 second(s)

2019-04-24 12:46:13 - [MESSAGE][PASSED] - Delayed 1 second(s)

2019-04-24 12:46:13 - [TEST_STEP][PASSED] - click: Object: 'Object Repository/Page_KiboPush  Dashboard/span_Autoposting' is clicked on

2019-04-24 12:46:14 - [MESSAGE][PASSED] - Object: 'Object Repository/Page_KiboPush  Dashboard/span_Autoposting' is clicked on

2019-04-24 12:46:14 - [TEST_STEP][PASSED] - scrollToPosition: Browser is scrolled to position x = 0, y = 0

2019-04-24 12:46:14 - [MESSAGE][PASSED] - Browser is scrolled to position x = 0, y = 0

2019-04-24 12:46:14 - [TEST_STEP][PASSED] - click: Object: 'Object Repository/Page_KiboPush  Autoposting/h3_Auto Posting' is clicked on

2019-04-24 12:46:15 - [MESSAGE][PASSED] - Object: 'Object Repository/Page_KiboPush  Autoposting/h3_Auto Posting' is clicked on

2019-04-24 12:46:15 - [TEST_STEP][PASSED] - delay: Delayed 2 second(s)

2019-04-24 12:46:16 - [MESSAGE][PASSED] - Delayed 2 second(s)

2019-04-24 12:46:16 - [MESSAGE][PASSED] - Call Test Case 'Test Cases/s-sidebar_navigation/individualAccount/Autoposting' successfully

2019-04-24 12:46:16 - [TEST_STEP][PASSED] - verifyTextPresent: Text 'https://www.facebook.com/Test5-2090553931018635' is present on page 

2019-04-24 12:46:16 - [MESSAGE][PASSED] - Text 'https://www.facebook.com/Test5-2090553931018635' is present on page]]></system-out>
         <system-err><![CDATA[]]></system-err>
      </testcase>
      <testcase name="Test Cases/Autoposting TestCases/TC0399" classname="Test Cases/Autoposting TestCases/TC0399" status="PASSED">
         <system-out><![CDATA[2019-04-24 12:46:17 - [TEST_CASE][PASSED] - Test Cases/Autoposting TestCases/TC0399: Test Cases/Autoposting TestCases/TC0399

2019-04-24 12:46:17 - [TEST_STEP][PASSED] - callTestCase: Call Test Case 'Test Cases/s-sidebar_navigation/individualAccount/Autoposting' successfully

2019-04-24 12:46:17 - [TEST_CASE][PASSED] - Test Cases/s-sidebar_navigation/individualAccount/Autoposting: Test Cases/s-sidebar_navigation/individualAccount/Autoposting

2019-04-24 12:46:17 - [TEST_STEP][PASSED] - click: Object: 'Object Repository/Page_KiboPush  Dashboard/span_Sequence Messaging' is clicked on

2019-04-24 12:46:17 - [MESSAGE][PASSED] - Object: 'Object Repository/Page_KiboPush  Dashboard/span_Sequence Messaging' is clicked on

2019-04-24 12:46:17 - [TEST_STEP][PASSED] - delay: Delayed 1 second(s)

2019-04-24 12:46:18 - [MESSAGE][PASSED] - Delayed 1 second(s)

2019-04-24 12:46:18 - [TEST_STEP][PASSED] - click: Object: 'Object Repository/Page_KiboPush  Dashboard/span_Autoposting' is clicked on

2019-04-24 12:46:18 - [MESSAGE][PASSED] - Object: 'Object Repository/Page_KiboPush  Dashboard/span_Autoposting' is clicked on

2019-04-24 12:46:18 - [TEST_STEP][PASSED] - scrollToPosition: Browser is scrolled to position x = 0, y = 0

2019-04-24 12:46:18 - [MESSAGE][PASSED] - Browser is scrolled to position x = 0, y = 0

2019-04-24 12:46:18 - [TEST_STEP][PASSED] - click: Object: 'Object Repository/Page_KiboPush  Autoposting/h3_Auto Posting' is clicked on

2019-04-24 12:46:18 - [MESSAGE][PASSED] - Object: 'Object Repository/Page_KiboPush  Autoposting/h3_Auto Posting' is clicked on

2019-04-24 12:46:18 - [TEST_STEP][PASSED] - delay: Delayed 2 second(s)

2019-04-24 12:46:20 - [MESSAGE][PASSED] - Delayed 2 second(s)

2019-04-24 12:46:20 - [MESSAGE][PASSED] - Call Test Case 'Test Cases/s-sidebar_navigation/individualAccount/Autoposting' successfully

2019-04-24 12:46:20 - [TEST_STEP][PASSED] - click: Object: 'Object Repository/Page_KiboPush  Autoposting/a_' is clicked on

2019-04-24 12:46:20 - [MESSAGE][PASSED] - Object: 'Object Repository/Page_KiboPush  Autoposting/a_' is clicked on

2019-04-24 12:46:20 - [TEST_STEP][PASSED] - click: Object: 'Object Repository/Page_KiboPush  Autoposting/button_Delete' is clicked on

2019-04-24 12:46:20 - [MESSAGE][PASSED] - Object: 'Object Repository/Page_KiboPush  Autoposting/button_Delete' is clicked on

2019-04-24 12:46:20 - [TEST_STEP][PASSED] - delay: Delayed 2 second(s)

2019-04-24 12:46:22 - [MESSAGE][PASSED] - Delayed 2 second(s)]]></system-out>
         <system-err><![CDATA[]]></system-err>
      </testcase>
      <testcase name="Test Cases/Autoposting TestCases/TC0400" classname="Test Cases/Autoposting TestCases/TC0400" status="PASSED">
         <system-out><![CDATA[2019-04-24 12:46:22 - [TEST_CASE][PASSED] - Test Cases/Autoposting TestCases/TC0400: Test Cases/Autoposting TestCases/TC0400

2019-04-24 12:46:22 - [TEST_STEP][PASSED] - callTestCase: Call Test Case 'Test Cases/s-sidebar_navigation/individualAccount/Autoposting' successfully

2019-04-24 12:46:22 - [TEST_CASE][PASSED] - Test Cases/s-sidebar_navigation/individualAccount/Autoposting: Test Cases/s-sidebar_navigation/individualAccount/Autoposting

2019-04-24 12:46:22 - [TEST_STEP][PASSED] - click: Object: 'Object Repository/Page_KiboPush  Dashboard/span_Sequence Messaging' is clicked on

2019-04-24 12:46:22 - [MESSAGE][PASSED] - Object: 'Object Repository/Page_KiboPush  Dashboard/span_Sequence Messaging' is clicked on

2019-04-24 12:46:22 - [TEST_STEP][PASSED] - delay: Delayed 1 second(s)

2019-04-24 12:46:23 - [MESSAGE][PASSED] - Delayed 1 second(s)

2019-04-24 12:46:23 - [TEST_STEP][PASSED] - click: Object: 'Object Repository/Page_KiboPush  Dashboard/span_Autoposting' is clicked on

2019-04-24 12:46:23 - [MESSAGE][PASSED] - Object: 'Object Repository/Page_KiboPush  Dashboard/span_Autoposting' is clicked on

2019-04-24 12:46:23 - [TEST_STEP][PASSED] - scrollToPosition: Browser is scrolled to position x = 0, y = 0

2019-04-24 12:46:23 - [MESSAGE][PASSED] - Browser is scrolled to position x = 0, y = 0

2019-04-24 12:46:23 - [TEST_STEP][PASSED] - click: Object: 'Object Repository/Page_KiboPush  Autoposting/h3_Auto Posting' is clicked on

2019-04-24 12:46:23 - [MESSAGE][PASSED] - Object: 'Object Repository/Page_KiboPush  Autoposting/h3_Auto Posting' is clicked on

2019-04-24 12:46:23 - [TEST_STEP][PASSED] - delay: Delayed 2 second(s)

2019-04-24 12:46:25 - [MESSAGE][PASSED] - Delayed 2 second(s)

2019-04-24 12:46:25 - [MESSAGE][PASSED] - Call Test Case 'Test Cases/s-sidebar_navigation/individualAccount/Autoposting' successfully

2019-04-24 12:46:25 - [TEST_STEP][PASSED] - click: Object: 'Object Repository/Page_KiboPush  Autoposting/span_Add Feed (4) (1)' is clicked on

2019-04-24 12:46:25 - [MESSAGE][PASSED] - Object: 'Object Repository/Page_KiboPush  Autoposting/span_Add Feed (4) (1)' is clicked on

2019-04-24 12:46:25 - [TEST_STEP][PASSED] - click: Object: 'Object Repository/Page_KiboPush  Autoposting/button_Twitter (1) (1)' is clicked on

2019-04-24 12:46:25 - [MESSAGE][PASSED] - Object: 'Object Repository/Page_KiboPush  Autoposting/button_Twitter (1) (1)' is clicked on

2019-04-24 12:46:25 - [TEST_STEP][PASSED] - setText: Text 'https://twitter.com/arveenkumar55' is set on object 'Object Repository/Page_KiboPush  Autoposting/input_form-control (4)'

2019-04-24 12:46:26 - [MESSAGE][PASSED] - Text 'https://twitter.com/arveenkumar55' is set on object 'Object Repository/Page_KiboPush  Autoposting/input_form-control (4)'

2019-04-24 12:46:26 - [TEST_STEP][PASSED] - click: Object: 'Object Repository/Page_KiboPush  Autoposting/button_Add Twitter Account (1)' is clicked on

2019-04-24 12:46:26 - [MESSAGE][PASSED] - Object: 'Object Repository/Page_KiboPush  Autoposting/button_Add Twitter Account (1)' is clicked on

2019-04-24 12:46:26 - [TEST_STEP][PASSED] - delay: Delayed 2 second(s)

2019-04-24 12:46:27 - [MESSAGE][PASSED] - Delayed 2 second(s)

2019-04-24 12:46:27 - [TEST_STEP][PASSED] - click: Object: 'Object Repository/Page_KiboPush  Autoposting/a_' is clicked on

2019-04-24 12:46:27 - [MESSAGE][PASSED] - Object: 'Object Repository/Page_KiboPush  Autoposting/a_' is clicked on

2019-04-24 12:46:27 - [TEST_STEP][PASSED] - click: Object: 'Object Repository/Page_KiboPush  Autoposting/button_Delete' is clicked on

2019-04-24 12:46:28 - [MESSAGE][PASSED] - Object: 'Object Repository/Page_KiboPush  Autoposting/button_Delete' is clicked on]]></system-out>
         <system-err><![CDATA[]]></system-err>
      </testcase>
      <testcase name="Test Cases/Autoposting TestCases/TC0401" classname="Test Cases/Autoposting TestCases/TC0401" status="PASSED">
         <system-out><![CDATA[2019-04-24 12:46:28 - [TEST_CASE][PASSED] - Test Cases/Autoposting TestCases/TC0401: Test Cases/Autoposting TestCases/TC0401

2019-04-24 12:46:28 - [TEST_STEP][PASSED] - callTestCase: Call Test Case 'Test Cases/s-sidebar_navigation/individualAccount/Autoposting' successfully

2019-04-24 12:46:28 - [TEST_CASE][PASSED] - Test Cases/s-sidebar_navigation/individualAccount/Autoposting: Test Cases/s-sidebar_navigation/individualAccount/Autoposting

2019-04-24 12:46:28 - [TEST_STEP][PASSED] - click: Object: 'Object Repository/Page_KiboPush  Dashboard/span_Sequence Messaging' is clicked on

2019-04-24 12:46:28 - [MESSAGE][PASSED] - Object: 'Object Repository/Page_KiboPush  Dashboard/span_Sequence Messaging' is clicked on

2019-04-24 12:46:28 - [TEST_STEP][PASSED] - delay: Delayed 1 second(s)

2019-04-24 12:46:29 - [MESSAGE][PASSED] - Delayed 1 second(s)

2019-04-24 12:46:29 - [TEST_STEP][PASSED] - click: Object: 'Object Repository/Page_KiboPush  Dashboard/span_Autoposting' is clicked on

2019-04-24 12:46:29 - [MESSAGE][PASSED] - Object: 'Object Repository/Page_KiboPush  Dashboard/span_Autoposting' is clicked on

2019-04-24 12:46:29 - [TEST_STEP][PASSED] - scrollToPosition: Browser is scrolled to position x = 0, y = 0

2019-04-24 12:46:29 - [MESSAGE][PASSED] - Browser is scrolled to position x = 0, y = 0

2019-04-24 12:46:29 - [TEST_STEP][PASSED] - click: Object: 'Object Repository/Page_KiboPush  Autoposting/h3_Auto Posting' is clicked on

2019-04-24 12:46:29 - [MESSAGE][PASSED] - Object: 'Object Repository/Page_KiboPush  Autoposting/h3_Auto Posting' is clicked on

2019-04-24 12:46:29 - [TEST_STEP][PASSED] - delay: Delayed 2 second(s)

2019-04-24 12:46:31 - [MESSAGE][PASSED] - Delayed 2 second(s)

2019-04-24 12:46:31 - [MESSAGE][PASSED] - Call Test Case 'Test Cases/s-sidebar_navigation/individualAccount/Autoposting' successfully

2019-04-24 12:46:31 - [TEST_STEP][PASSED] - click: Object: 'Object Repository/Page_KiboPush  Autoposting/button_Add Feed (1)' is clicked on

2019-04-24 12:46:31 - [MESSAGE][PASSED] - Object: 'Object Repository/Page_KiboPush  Autoposting/button_Add Feed (1)' is clicked on

2019-04-24 12:46:31 - [TEST_STEP][PASSED] - click: Object: 'Object Repository/Page_KiboPush  Autoposting/button_WordPress (2)' is clicked on

2019-04-24 12:46:32 - [MESSAGE][PASSED] - Object: 'Object Repository/Page_KiboPush  Autoposting/button_WordPress (2)' is clicked on

2019-04-24 12:46:32 - [TEST_STEP][PASSED] - setText: Text 'http://kibopush.com/wp-admin/' is set on object 'Object Repository/Page_KiboPush  Autoposting/input_form-control (5)'

2019-04-24 12:46:33 - [MESSAGE][PASSED] - Text 'http://kibopush.com/wp-admin/' is set on object 'Object Repository/Page_KiboPush  Autoposting/input_form-control (5)'

2019-04-24 12:46:33 - [TEST_STEP][PASSED] - click: Object: 'Object Repository/Page_KiboPush  Autoposting/button_Add WordPress Channel (1)' is clicked on

2019-04-24 12:46:33 - [MESSAGE][PASSED] - Object: 'Object Repository/Page_KiboPush  Autoposting/button_Add WordPress Channel (1)' is clicked on

2019-04-24 12:46:33 - [TEST_STEP][PASSED] - click: Object: 'Object Repository/Page_KiboPush  Autoposting/h4_WordPress Channel' is clicked on

2019-04-24 12:46:34 - [MESSAGE][PASSED] - Object: 'Object Repository/Page_KiboPush  Autoposting/h4_WordPress Channel' is clicked on

2019-04-24 12:46:34 - [TEST_STEP][PASSED] - click: Object: 'Object Repository/Page_KiboPush  Autoposting/a_' is clicked on

2019-04-24 12:46:35 - [MESSAGE][PASSED] - Object: 'Object Repository/Page_KiboPush  Autoposting/a_' is clicked on

2019-04-24 12:46:35 - [TEST_STEP][PASSED] - click: Object: 'Object Repository/Page_KiboPush  Autoposting/button_Delete' is clicked on

2019-04-24 12:46:35 - [MESSAGE][PASSED] - Object: 'Object Repository/Page_KiboPush  Autoposting/button_Delete' is clicked on]]></system-out>
         <system-err><![CDATA[]]></system-err>
      </testcase>
      <system-out><![CDATA[2019-04-24 12:42:04 - [TEST_SUITE][FAILED] - Autoposting: Test Cases/Autoposting TestCases/TC0395 FAILED because (of) ERROR: No Table Present]]></system-out>
      <system-err><![CDATA[2019-04-24 12:42:04 - [TEST_SUITE][FAILED] - Autoposting: Test Cases/Autoposting TestCases/TC0395 FAILED because (of) ERROR: No Table Present]]></system-err>
   </testsuite>
</testsuites>
