<?xml version="1.0" encoding="UTF-8"?>
<testsuites name="smart replies" time="401" tests="19" failures="1" errors="0">
   <testsuite name="smart replies" tests="19" failures="1" errors="0" time="401" timestamp="2019-04-23 12:33:02" hostname="cloudkibo - 10.0.2.15" id="Test Suites/smart replies">
      <properties>
         <property name="deviceName" value=""/>
         <property name="devicePlatform" value=""/>
         <property name="logFolder" value="C:\\Users\\cloudkibo\\Desktop\\KiboPush_Automated_Testing\\KiboPush Katalon\\Reports\\smart replies\\20190423_123258"/>
         <property name="logFiles" value="C:\\Users\\cloudkibo\\Desktop\\KiboPush_Automated_Testing\\KiboPush Katalon\\Reports\\smart replies\\20190423_123258\\execution0.log"/>
         <property name="attachments" value="C:\\Users\\cloudkibo\\Desktop\\KiboPush_Automated_Testing\\KiboPush Katalon\\Reports\\smart replies\\20190423_123258\\1556005146570.png"/>
         <property name="hostName" value="cloudkibo - 10.0.2.15"/>
         <property name="os" value="Windows 10 64bit"/>
         <property name="katalonVersion" value="5.6.0.1"/>
         <property name="browser" value="Chrome 73.0.3683.103"/>
         <property name="hostAddress" value="10.0.2.15"/>
         <property name="sessionId" value="5100d5738e6ffa5ce3f5e25fe980c5ff"/>
         <property name="seleniumVersion" value="3.7.1"/>
         <property name="proxyInformation" value="ProxyInformation{proxyOption=NO_PROXY, proxyServerType=HTTP, password=, proxyServerAddress=, proxyServerPort=0}"/>
         <property name="platform" value="Windows 10"/>
      </properties>
      <testcase name="Test Cases/s-sidebar_navigation/individualAccount/arveen_production_login_kibochat" classname="Test Cases/s-sidebar_navigation/individualAccount/arveen_production_login_kibochat" status="PASSED">
         <system-out><![CDATA[2019-04-23 12:33:03 - [TEST_CASE][PASSED] - Test Cases/s-sidebar_navigation/individualAccount/arveen_production_login_kibochat: Test Cases/s-sidebar_navigation/individualAccount/arveen_production_login_kibochat

2019-04-23 12:33:05 - [TEST_STEP][PASSED] - openBrowser: Browser is opened with url: ''

2019-04-23 12:33:12 - [MESSAGE][PASSED] - Browser is opened with url: ''

2019-04-23 12:33:12 - [TEST_STEP][PASSED] - maximizeWindow: Current window maximized

2019-04-23 12:33:13 - [MESSAGE][PASSED] - Current window maximized

2019-04-23 12:33:13 - [TEST_STEP][PASSED] - navigateToUrl: Navigate to 'https://kibochat.cloudkibo.com/' successfully

2019-04-23 12:33:27 - [MESSAGE][PASSED] - Navigate to 'https://kibochat.cloudkibo.com/' successfully

2019-04-23 12:33:27 - [TEST_STEP][PASSED] - navigateToUrl: Navigate to 'https://accounts.cloudkibo.com/?continue=https://kibochat.cloudkibo.com' successfully

2019-04-23 12:33:28 - [MESSAGE][PASSED] - Navigate to 'https://accounts.cloudkibo.com/?continue=https://kibochat.cloudkibo.com' successfully

2019-04-23 12:33:28 - [TEST_STEP][PASSED] - click: Object: 'Object Repository/Page_KiboPush/a_Login (10)' is clicked on

2019-04-23 12:33:30 - [MESSAGE][PASSED] - Object: 'Object Repository/Page_KiboPush/a_Login (10)' is clicked on

2019-04-23 12:33:30 - [TEST_STEP][PASSED] - setText: Text 'individual@cloudkibo.com' is set on object 'Object Repository/Page_KiboPush/input_email (10) (1) (1)'

2019-04-23 12:33:30 - [MESSAGE][PASSED] - Text 'individual@cloudkibo.com' is set on object 'Object Repository/Page_KiboPush/input_email (10) (1) (1)'

2019-04-23 12:33:30 - [TEST_STEP][PASSED] - setEncryptedText: Text ****** has been set on object 'Object Repository/Page_CloudKibo/input_Sign In_password (7)'

2019-04-23 12:33:31 - [MESSAGE][PASSED] - Text ****** has been set on object 'Object Repository/Page_CloudKibo/input_Sign In_password (7)'

2019-04-23 12:33:31 - [TEST_STEP][PASSED] - click: Object: 'Object Repository/Page_KiboPush/button_Sign In (11)' is clicked on

2019-04-23 12:33:31 - [MESSAGE][PASSED] - Object: 'Object Repository/Page_KiboPush/button_Sign In (11)' is clicked on

2019-04-23 12:33:31 - [TEST_STEP][PASSED] - click: Object: 'Object Repository/Page_KiboPush  Dashboard/h3_Dashboard (58)' is clicked on

2019-04-23 12:33:49 - [MESSAGE][PASSED] - Object: 'Object Repository/Page_KiboPush  Dashboard/h3_Dashboard (58)' is clicked on

2019-04-23 12:33:49 - [TEST_STEP][PASSED] - delay: Delayed 3 second(s)

2019-04-23 12:33:52 - [MESSAGE][PASSED] - Delayed 3 second(s)

2019-04-23 12:33:52 - [TEST_STEP][PASSED] - click: Object: 'Object Repository/Page_KiboEngage  Dashboard/a_SMS (2)' is clicked on

2019-04-23 12:33:52 - [MESSAGE][PASSED] - Object: 'Object Repository/Page_KiboEngage  Dashboard/a_SMS (2)' is clicked on

2019-04-23 12:33:52 - [TEST_STEP][PASSED] - delay: Delayed 2 second(s)

2019-04-23 12:33:54 - [MESSAGE][PASSED] - Delayed 2 second(s)

2019-04-23 12:33:54 - [TEST_STEP][PASSED] - click: Object: 'Object Repository/Page_KiboEngage  Dashboard/span_Messenger' is clicked on

2019-04-23 12:33:54 - [MESSAGE][PASSED] - Object: 'Object Repository/Page_KiboEngage  Dashboard/span_Messenger' is clicked on

2019-04-23 12:33:54 - [TEST_STEP][PASSED] - delay: Delayed 2 second(s)

2019-04-23 12:33:56 - [MESSAGE][PASSED] - Delayed 2 second(s)]]></system-out>
         <system-err><![CDATA[]]></system-err>
      </testcase>
      <testcase name="Test Cases/Smart Replies/open_automation" classname="Test Cases/Smart Replies/open_automation" status="PASSED">
         <system-out><![CDATA[2019-04-23 12:33:56 - [TEST_CASE][PASSED] - Test Cases/Smart Replies/open_automation: Test Cases/Smart Replies/open_automation

2019-04-23 12:33:57 - [TEST_STEP][PASSED] - click: Object: 'Object Repository/Page_KiboPush  Dashboard/span_Automation (1) (1)' is clicked on

2019-04-23 12:33:57 - [MESSAGE][PASSED] - Object: 'Object Repository/Page_KiboPush  Dashboard/span_Automation (1) (1)' is clicked on

2019-04-23 12:33:57 - [TEST_STEP][PASSED] - delay: Delayed 1 second(s)

2019-04-23 12:33:58 - [MESSAGE][PASSED] - Delayed 1 second(s)]]></system-out>
         <system-err><![CDATA[]]></system-err>
      </testcase>
      <testcase name="Test Cases/Smart Replies/TC0618" classname="Test Cases/Smart Replies/TC0618" status="PASSED">
         <system-out><![CDATA[2019-04-23 12:33:58 - [TEST_CASE][PASSED] - Test Cases/Smart Replies/TC0618: Test Cases/Smart Replies/TC0618

2019-04-23 12:33:58 - [TEST_STEP][PASSED] - callTestCase: Call Test Case 'Test Cases/s-sidebar_navigation/individualAccount/Smart Replies' successfully

2019-04-23 12:33:59 - [TEST_CASE][PASSED] - Test Cases/s-sidebar_navigation/individualAccount/Smart Replies: Test Cases/s-sidebar_navigation/individualAccount/Smart Replies

2019-04-23 12:33:59 - [TEST_STEP][PASSED] - click: Object: 'Object Repository/Page_KiboPush  Dashboard/span_Dashboard' is clicked on

2019-04-23 12:33:59 - [MESSAGE][PASSED] - Object: 'Object Repository/Page_KiboPush  Dashboard/span_Dashboard' is clicked on

2019-04-23 12:33:59 - [TEST_STEP][PASSED] - delay: Delayed 2 second(s)

2019-04-23 12:34:01 - [MESSAGE][PASSED] - Delayed 2 second(s)

2019-04-23 12:34:01 - [TEST_STEP][PASSED] - click: Object: 'Object Repository/Page_KiboPush  Dashboard/span_Smart Replies' is clicked on

2019-04-23 12:34:02 - [MESSAGE][PASSED] - Object: 'Object Repository/Page_KiboPush  Dashboard/span_Smart Replies' is clicked on

2019-04-23 12:34:02 - [TEST_STEP][PASSED] - scrollToPosition: Browser is scrolled to position x = 0, y = 0

2019-04-23 12:34:02 - [MESSAGE][PASSED] - Browser is scrolled to position x = 0, y = 0

2019-04-23 12:34:02 - [TEST_STEP][PASSED] - delay: Delayed 2 second(s)

2019-04-23 12:34:04 - [MESSAGE][PASSED] - Delayed 2 second(s)

2019-04-23 12:34:04 - [TEST_STEP][PASSED] - click: Object: 'Object Repository/Page_KiboPush  Dashboard/h3_Manage Bots' is clicked on

2019-04-23 12:34:04 - [MESSAGE][PASSED] - Object: 'Object Repository/Page_KiboPush  Dashboard/h3_Manage Bots' is clicked on

2019-04-23 12:34:04 - [MESSAGE][PASSED] - Call Test Case 'Test Cases/s-sidebar_navigation/individualAccount/Smart Replies' successfully

2019-04-23 12:34:04 - [TEST_STEP][PASSED] - delay: Delayed 3 second(s)

2019-04-23 12:34:07 - [MESSAGE][PASSED] - Delayed 3 second(s)

2019-04-23 12:34:07 - [TEST_STEP][PASSED] - click: Object: 'Object Repository/Page_KiboChat  Bots/button_Create New' is clicked on

2019-04-23 12:34:08 - [MESSAGE][PASSED] - Object: 'Object Repository/Page_KiboChat  Bots/button_Create New' is clicked on

2019-04-23 12:34:08 - [TEST_STEP][PASSED] - delay: Delayed 1 second(s)

2019-04-23 12:34:09 - [MESSAGE][PASSED] - Delayed 1 second(s)]]></system-out>
         <system-err><![CDATA[]]></system-err>
      </testcase>
      <testcase name="Test Cases/Smart Replies/TC0619" classname="Test Cases/Smart Replies/TC0619" status="PASSED">
         <system-out><![CDATA[2019-04-23 12:34:09 - [TEST_CASE][PASSED] - Test Cases/Smart Replies/TC0619: Test Cases/Smart Replies/TC0619

2019-04-23 12:34:09 - [TEST_STEP][PASSED] - callTestCase: Call Test Case 'Test Cases/Smart Replies/TC0618' successfully

2019-04-23 12:34:09 - [TEST_CASE][PASSED] - Test Cases/Smart Replies/TC0618: Test Cases/Smart Replies/TC0618

2019-04-23 12:34:09 - [TEST_STEP][PASSED] - callTestCase: Call Test Case 'Test Cases/s-sidebar_navigation/individualAccount/Smart Replies' successfully

2019-04-23 12:34:09 - [TEST_CASE][PASSED] - Test Cases/s-sidebar_navigation/individualAccount/Smart Replies: Test Cases/s-sidebar_navigation/individualAccount/Smart Replies

2019-04-23 12:34:09 - [TEST_STEP][PASSED] - click: Object: 'Object Repository/Page_KiboPush  Dashboard/span_Dashboard' is clicked on

2019-04-23 12:34:10 - [MESSAGE][PASSED] - Object: 'Object Repository/Page_KiboPush  Dashboard/span_Dashboard' is clicked on

2019-04-23 12:34:10 - [TEST_STEP][PASSED] - delay: Delayed 2 second(s)

2019-04-23 12:34:12 - [MESSAGE][PASSED] - Delayed 2 second(s)

2019-04-23 12:34:12 - [TEST_STEP][PASSED] - click: Object: 'Object Repository/Page_KiboPush  Dashboard/span_Smart Replies' is clicked on

2019-04-23 12:34:13 - [MESSAGE][PASSED] - Object: 'Object Repository/Page_KiboPush  Dashboard/span_Smart Replies' is clicked on

2019-04-23 12:34:13 - [TEST_STEP][PASSED] - scrollToPosition: Browser is scrolled to position x = 0, y = 0

2019-04-23 12:34:13 - [MESSAGE][PASSED] - Browser is scrolled to position x = 0, y = 0

2019-04-23 12:34:13 - [TEST_STEP][PASSED] - delay: Delayed 2 second(s)

2019-04-23 12:34:15 - [MESSAGE][PASSED] - Delayed 2 second(s)

2019-04-23 12:34:15 - [TEST_STEP][PASSED] - click: Object: 'Object Repository/Page_KiboPush  Dashboard/h3_Manage Bots' is clicked on

2019-04-23 12:34:15 - [MESSAGE][PASSED] - Object: 'Object Repository/Page_KiboPush  Dashboard/h3_Manage Bots' is clicked on

2019-04-23 12:34:15 - [MESSAGE][PASSED] - Call Test Case 'Test Cases/s-sidebar_navigation/individualAccount/Smart Replies' successfully

2019-04-23 12:34:15 - [TEST_STEP][PASSED] - delay: Delayed 3 second(s)

2019-04-23 12:34:18 - [MESSAGE][PASSED] - Delayed 3 second(s)

2019-04-23 12:34:18 - [TEST_STEP][PASSED] - click: Object: 'Object Repository/Page_KiboChat  Bots/button_Create New' is clicked on

2019-04-23 12:34:18 - [MESSAGE][PASSED] - Object: 'Object Repository/Page_KiboChat  Bots/button_Create New' is clicked on

2019-04-23 12:34:18 - [TEST_STEP][PASSED] - delay: Delayed 1 second(s)

2019-04-23 12:34:19 - [MESSAGE][PASSED] - Delayed 1 second(s)

2019-04-23 12:34:19 - [MESSAGE][PASSED] - Call Test Case 'Test Cases/Smart Replies/TC0618' successfully

2019-04-23 12:34:19 - [TEST_STEP][PASSED] - setText: Text 'Test' is set on object 'Object Repository/Page_KiboPush  Dashboard/input_form-control (2)'

2019-04-23 12:34:20 - [MESSAGE][PASSED] - Text 'Test' is set on object 'Object Repository/Page_KiboPush  Dashboard/input_form-control (2)'

2019-04-23 12:34:20 - [TEST_STEP][PASSED] - click: Object: 'Object Repository/Page_KiboPush  Dashboard/button_Create' is clicked on

2019-04-23 12:34:20 - [MESSAGE][PASSED] - Object: 'Object Repository/Page_KiboPush  Dashboard/button_Create' is clicked on

2019-04-23 12:34:20 - [TEST_STEP][PASSED] - scrollToPosition: Browser is scrolled to position x = 0, y = 0

2019-04-23 12:34:21 - [MESSAGE][PASSED] - Browser is scrolled to position x = 0, y = 0

2019-04-23 12:34:21 - [TEST_STEP][PASSED] - click: Object: 'Object Repository/Page_KiboPush  Create Bot/h3_Create Bot' is clicked on

2019-04-23 12:34:21 - [MESSAGE][PASSED] - Object: 'Object Repository/Page_KiboPush  Create Bot/h3_Create Bot' is clicked on]]></system-out>
         <system-err><![CDATA[]]></system-err>
      </testcase>
      <testcase name="Test Cases/Smart Replies/TC0621" classname="Test Cases/Smart Replies/TC0621" status="PASSED">
         <system-out><![CDATA[2019-04-23 12:34:21 - [TEST_CASE][PASSED] - Test Cases/Smart Replies/TC0621: Test Cases/Smart Replies/TC0621

2019-04-23 12:34:21 - [TEST_STEP][PASSED] - callTestCase: Call Test Case 'Test Cases/Smart Replies/TC0619' successfully

2019-04-23 12:34:21 - [TEST_CASE][PASSED] - Test Cases/Smart Replies/TC0619: Test Cases/Smart Replies/TC0619

2019-04-23 12:34:22 - [TEST_STEP][PASSED] - callTestCase: Call Test Case 'Test Cases/Smart Replies/TC0618' successfully

2019-04-23 12:34:22 - [TEST_CASE][PASSED] - Test Cases/Smart Replies/TC0618: Test Cases/Smart Replies/TC0618

2019-04-23 12:34:22 - [TEST_STEP][PASSED] - callTestCase: Call Test Case 'Test Cases/s-sidebar_navigation/individualAccount/Smart Replies' successfully

2019-04-23 12:34:22 - [TEST_CASE][PASSED] - Test Cases/s-sidebar_navigation/individualAccount/Smart Replies: Test Cases/s-sidebar_navigation/individualAccount/Smart Replies

2019-04-23 12:34:22 - [TEST_STEP][PASSED] - click: Object: 'Object Repository/Page_KiboPush  Dashboard/span_Dashboard' is clicked on

2019-04-23 12:34:23 - [MESSAGE][PASSED] - Object: 'Object Repository/Page_KiboPush  Dashboard/span_Dashboard' is clicked on

2019-04-23 12:34:23 - [TEST_STEP][PASSED] - delay: Delayed 2 second(s)

2019-04-23 12:34:25 - [MESSAGE][PASSED] - Delayed 2 second(s)

2019-04-23 12:34:25 - [TEST_STEP][PASSED] - click: Object: 'Object Repository/Page_KiboPush  Dashboard/span_Smart Replies' is clicked on

2019-04-23 12:34:26 - [MESSAGE][PASSED] - Object: 'Object Repository/Page_KiboPush  Dashboard/span_Smart Replies' is clicked on

2019-04-23 12:34:26 - [TEST_STEP][PASSED] - scrollToPosition: Browser is scrolled to position x = 0, y = 0

2019-04-23 12:34:26 - [MESSAGE][PASSED] - Browser is scrolled to position x = 0, y = 0

2019-04-23 12:34:26 - [TEST_STEP][PASSED] - delay: Delayed 2 second(s)

2019-04-23 12:34:28 - [MESSAGE][PASSED] - Delayed 2 second(s)

2019-04-23 12:34:28 - [TEST_STEP][PASSED] - click: Object: 'Object Repository/Page_KiboPush  Dashboard/h3_Manage Bots' is clicked on

2019-04-23 12:34:28 - [MESSAGE][PASSED] - Object: 'Object Repository/Page_KiboPush  Dashboard/h3_Manage Bots' is clicked on

2019-04-23 12:34:28 - [MESSAGE][PASSED] - Call Test Case 'Test Cases/s-sidebar_navigation/individualAccount/Smart Replies' successfully

2019-04-23 12:34:28 - [TEST_STEP][PASSED] - delay: Delayed 3 second(s)

2019-04-23 12:34:31 - [MESSAGE][PASSED] - Delayed 3 second(s)

2019-04-23 12:34:31 - [TEST_STEP][PASSED] - click: Object: 'Object Repository/Page_KiboChat  Bots/button_Create New' is clicked on

2019-04-23 12:34:31 - [MESSAGE][PASSED] - Object: 'Object Repository/Page_KiboChat  Bots/button_Create New' is clicked on

2019-04-23 12:34:31 - [TEST_STEP][PASSED] - delay: Delayed 1 second(s)

2019-04-23 12:34:32 - [MESSAGE][PASSED] - Delayed 1 second(s)

2019-04-23 12:34:32 - [MESSAGE][PASSED] - Call Test Case 'Test Cases/Smart Replies/TC0618' successfully

2019-04-23 12:34:32 - [TEST_STEP][PASSED] - setText: Text 'Test' is set on object 'Object Repository/Page_KiboPush  Dashboard/input_form-control (2)'

2019-04-23 12:34:33 - [MESSAGE][PASSED] - Text 'Test' is set on object 'Object Repository/Page_KiboPush  Dashboard/input_form-control (2)'

2019-04-23 12:34:33 - [TEST_STEP][PASSED] - click: Object: 'Object Repository/Page_KiboPush  Dashboard/button_Create' is clicked on

2019-04-23 12:34:33 - [MESSAGE][PASSED] - Object: 'Object Repository/Page_KiboPush  Dashboard/button_Create' is clicked on

2019-04-23 12:34:33 - [TEST_STEP][PASSED] - scrollToPosition: Browser is scrolled to position x = 0, y = 0

2019-04-23 12:34:33 - [MESSAGE][PASSED] - Browser is scrolled to position x = 0, y = 0

2019-04-23 12:34:33 - [TEST_STEP][PASSED] - click: Object: 'Object Repository/Page_KiboPush  Create Bot/h3_Create Bot' is clicked on

2019-04-23 12:34:34 - [MESSAGE][PASSED] - Object: 'Object Repository/Page_KiboPush  Create Bot/h3_Create Bot' is clicked on

2019-04-23 12:34:34 - [MESSAGE][PASSED] - Call Test Case 'Test Cases/Smart Replies/TC0619' successfully

2019-04-23 12:34:34 - [TEST_STEP][PASSED] - click: Object: 'Object Repository/Page_KiboPush  Create Bot/button_Add Questions' is clicked on

2019-04-23 12:34:34 - [MESSAGE][PASSED] - Object: 'Object Repository/Page_KiboPush  Create Bot/button_Add Questions' is clicked on]]></system-out>
         <system-err><![CDATA[]]></system-err>
      </testcase>
      <testcase name="Test Cases/Smart Replies/TC0622" classname="Test Cases/Smart Replies/TC0622" status="PASSED">
         <system-out><![CDATA[2019-04-23 12:34:34 - [TEST_CASE][PASSED] - Test Cases/Smart Replies/TC0622: Test Cases/Smart Replies/TC0622

2019-04-23 12:34:34 - [TEST_STEP][PASSED] - callTestCase: Call Test Case 'Test Cases/Smart Replies/TC0622_n' successfully

2019-04-23 12:34:34 - [TEST_CASE][PASSED] - Test Cases/Smart Replies/TC0622_n: Test Cases/Smart Replies/TC0622_n

2019-04-23 12:34:35 - [TEST_STEP][PASSED] - callTestCase: Call Test Case 'Test Cases/Smart Replies/TC0619' successfully

2019-04-23 12:34:35 - [TEST_CASE][PASSED] - Test Cases/Smart Replies/TC0619: Test Cases/Smart Replies/TC0619

2019-04-23 12:34:35 - [TEST_STEP][PASSED] - callTestCase: Call Test Case 'Test Cases/Smart Replies/TC0618' successfully

2019-04-23 12:34:35 - [TEST_CASE][PASSED] - Test Cases/Smart Replies/TC0618: Test Cases/Smart Replies/TC0618

2019-04-23 12:34:35 - [TEST_STEP][PASSED] - callTestCase: Call Test Case 'Test Cases/s-sidebar_navigation/individualAccount/Smart Replies' successfully

2019-04-23 12:34:35 - [TEST_CASE][PASSED] - Test Cases/s-sidebar_navigation/individualAccount/Smart Replies: Test Cases/s-sidebar_navigation/individualAccount/Smart Replies

2019-04-23 12:34:35 - [TEST_STEP][PASSED] - click: Object: 'Object Repository/Page_KiboPush  Dashboard/span_Dashboard' is clicked on

2019-04-23 12:34:36 - [MESSAGE][PASSED] - Object: 'Object Repository/Page_KiboPush  Dashboard/span_Dashboard' is clicked on

2019-04-23 12:34:36 - [TEST_STEP][PASSED] - delay: Delayed 2 second(s)

2019-04-23 12:34:38 - [MESSAGE][PASSED] - Delayed 2 second(s)

2019-04-23 12:34:38 - [TEST_STEP][PASSED] - click: Object: 'Object Repository/Page_KiboPush  Dashboard/span_Smart Replies' is clicked on

2019-04-23 12:34:39 - [MESSAGE][PASSED] - Object: 'Object Repository/Page_KiboPush  Dashboard/span_Smart Replies' is clicked on

2019-04-23 12:34:39 - [TEST_STEP][PASSED] - scrollToPosition: Browser is scrolled to position x = 0, y = 0

2019-04-23 12:34:39 - [MESSAGE][PASSED] - Browser is scrolled to position x = 0, y = 0

2019-04-23 12:34:39 - [TEST_STEP][PASSED] - delay: Delayed 2 second(s)

2019-04-23 12:34:41 - [MESSAGE][PASSED] - Delayed 2 second(s)

2019-04-23 12:34:41 - [TEST_STEP][PASSED] - click: Object: 'Object Repository/Page_KiboPush  Dashboard/h3_Manage Bots' is clicked on

2019-04-23 12:34:41 - [MESSAGE][PASSED] - Object: 'Object Repository/Page_KiboPush  Dashboard/h3_Manage Bots' is clicked on

2019-04-23 12:34:41 - [MESSAGE][PASSED] - Call Test Case 'Test Cases/s-sidebar_navigation/individualAccount/Smart Replies' successfully

2019-04-23 12:34:41 - [TEST_STEP][PASSED] - delay: Delayed 3 second(s)

2019-04-23 12:34:44 - [MESSAGE][PASSED] - Delayed 3 second(s)

2019-04-23 12:34:44 - [TEST_STEP][PASSED] - click: Object: 'Object Repository/Page_KiboChat  Bots/button_Create New' is clicked on

2019-04-23 12:34:44 - [MESSAGE][PASSED] - Object: 'Object Repository/Page_KiboChat  Bots/button_Create New' is clicked on

2019-04-23 12:34:44 - [TEST_STEP][PASSED] - delay: Delayed 1 second(s)

2019-04-23 12:34:45 - [MESSAGE][PASSED] - Delayed 1 second(s)

2019-04-23 12:34:45 - [MESSAGE][PASSED] - Call Test Case 'Test Cases/Smart Replies/TC0618' successfully

2019-04-23 12:34:45 - [TEST_STEP][PASSED] - setText: Text 'Test' is set on object 'Object Repository/Page_KiboPush  Dashboard/input_form-control (2)'

2019-04-23 12:34:46 - [MESSAGE][PASSED] - Text 'Test' is set on object 'Object Repository/Page_KiboPush  Dashboard/input_form-control (2)'

2019-04-23 12:34:46 - [TEST_STEP][PASSED] - click: Object: 'Object Repository/Page_KiboPush  Dashboard/button_Create' is clicked on

2019-04-23 12:34:46 - [MESSAGE][PASSED] - Object: 'Object Repository/Page_KiboPush  Dashboard/button_Create' is clicked on

2019-04-23 12:34:46 - [TEST_STEP][PASSED] - scrollToPosition: Browser is scrolled to position x = 0, y = 0

2019-04-23 12:34:46 - [MESSAGE][PASSED] - Browser is scrolled to position x = 0, y = 0

2019-04-23 12:34:46 - [TEST_STEP][PASSED] - click: Object: 'Object Repository/Page_KiboPush  Create Bot/h3_Create Bot' is clicked on

2019-04-23 12:34:47 - [MESSAGE][PASSED] - Object: 'Object Repository/Page_KiboPush  Create Bot/h3_Create Bot' is clicked on

2019-04-23 12:34:47 - [MESSAGE][PASSED] - Call Test Case 'Test Cases/Smart Replies/TC0619' successfully

2019-04-23 12:34:47 - [TEST_STEP][PASSED] - click: Object: 'Object Repository/Page_KiboPush  Create Bot/button_Add Questions' is clicked on

2019-04-23 12:34:47 - [MESSAGE][PASSED] - Object: 'Object Repository/Page_KiboPush  Create Bot/button_Add Questions' is clicked on

2019-04-23 12:34:47 - [TEST_STEP][PASSED] - delay: Delayed 2 second(s)

2019-04-23 12:34:49 - [MESSAGE][PASSED] - Delayed 2 second(s)

2019-04-23 12:34:49 - [TEST_STEP][PASSED] - setText: Text 'How are you?' is set on object 'Object Repository/Page_KiboPush  Create Bot/Bot Question1'

2019-04-23 12:34:50 - [MESSAGE][PASSED] - Text 'How are you?' is set on object 'Object Repository/Page_KiboPush  Create Bot/Bot Question1'

2019-04-23 12:34:50 - [TEST_STEP][PASSED] - delay: Delayed 2 second(s)

2019-04-23 12:34:52 - [MESSAGE][PASSED] - Delayed 2 second(s)

2019-04-23 12:34:52 - [TEST_STEP][PASSED] - setText: Text 'How are you doing?' is set on object 'Object Repository/Page_KiboPush  Create Bot/Bot Question2'

2019-04-23 12:34:53 - [MESSAGE][PASSED] - Text 'How are you doing?' is set on object 'Object Repository/Page_KiboPush  Create Bot/Bot Question2'

2019-04-23 12:34:53 - [TEST_STEP][PASSED] - delay: Delayed 2 second(s)

2019-04-23 12:34:55 - [MESSAGE][PASSED] - Delayed 2 second(s)

2019-04-23 12:34:55 - [TEST_STEP][PASSED] - setText: Text 'How are you feeling?' is set on object 'Object Repository/Page_KiboPush  Create Bot/Bot Question3'

2019-04-23 12:34:56 - [MESSAGE][PASSED] - Text 'How are you feeling?' is set on object 'Object Repository/Page_KiboPush  Create Bot/Bot Question3'

2019-04-23 12:34:56 - [TEST_STEP][PASSED] - delay: Delayed 2 second(s)

2019-04-23 12:34:58 - [MESSAGE][PASSED] - Delayed 2 second(s)

2019-04-23 12:34:58 - [TEST_STEP][PASSED] - setText: Text 'I am doing good.' is set on object 'Object Repository/Page_KiboPush  Create Bot/Bot Answer Questions'

2019-04-23 12:34:59 - [MESSAGE][PASSED] - Text 'I am doing good.' is set on object 'Object Repository/Page_KiboPush  Create Bot/Bot Answer Questions'

2019-04-23 12:34:59 - [TEST_STEP][PASSED] - delay: Delayed 2 second(s)

2019-04-23 12:35:01 - [MESSAGE][PASSED] - Delayed 2 second(s)

2019-04-23 12:35:01 - [MESSAGE][PASSED] - Call Test Case 'Test Cases/Smart Replies/TC0622_n' successfully

2019-04-23 12:35:01 - [TEST_STEP][PASSED] - click: Object: 'Object Repository/Page_KiboPush  Create Bot/button_Add More' is clicked on

2019-04-23 12:35:01 - [MESSAGE][PASSED] - Object: 'Object Repository/Page_KiboPush  Create Bot/button_Add More' is clicked on

2019-04-23 12:35:01 - [TEST_STEP][PASSED] - delay: Delayed 2 second(s)

2019-04-23 12:35:03 - [MESSAGE][PASSED] - Delayed 2 second(s)]]></system-out>
         <system-err><![CDATA[]]></system-err>
      </testcase>
      <testcase name="Test Cases/Smart Replies/TC0622_n" classname="Test Cases/Smart Replies/TC0622_n" status="PASSED">
         <system-out><![CDATA[2019-04-23 12:35:03 - [TEST_CASE][PASSED] - Test Cases/Smart Replies/TC0622_n: Test Cases/Smart Replies/TC0622_n

2019-04-23 12:35:03 - [TEST_STEP][PASSED] - callTestCase: Call Test Case 'Test Cases/Smart Replies/TC0619' successfully

2019-04-23 12:35:03 - [TEST_CASE][PASSED] - Test Cases/Smart Replies/TC0619: Test Cases/Smart Replies/TC0619

2019-04-23 12:35:03 - [TEST_STEP][PASSED] - callTestCase: Call Test Case 'Test Cases/Smart Replies/TC0618' successfully

2019-04-23 12:35:04 - [TEST_CASE][PASSED] - Test Cases/Smart Replies/TC0618: Test Cases/Smart Replies/TC0618

2019-04-23 12:35:04 - [TEST_STEP][PASSED] - callTestCase: Call Test Case 'Test Cases/s-sidebar_navigation/individualAccount/Smart Replies' successfully

2019-04-23 12:35:04 - [TEST_CASE][PASSED] - Test Cases/s-sidebar_navigation/individualAccount/Smart Replies: Test Cases/s-sidebar_navigation/individualAccount/Smart Replies

2019-04-23 12:35:04 - [TEST_STEP][PASSED] - click: Object: 'Object Repository/Page_KiboPush  Dashboard/span_Dashboard' is clicked on

2019-04-23 12:35:04 - [MESSAGE][PASSED] - Object: 'Object Repository/Page_KiboPush  Dashboard/span_Dashboard' is clicked on

2019-04-23 12:35:04 - [TEST_STEP][PASSED] - delay: Delayed 2 second(s)

2019-04-23 12:35:06 - [MESSAGE][PASSED] - Delayed 2 second(s)

2019-04-23 12:35:06 - [TEST_STEP][PASSED] - click: Object: 'Object Repository/Page_KiboPush  Dashboard/span_Smart Replies' is clicked on

2019-04-23 12:35:07 - [MESSAGE][PASSED] - Object: 'Object Repository/Page_KiboPush  Dashboard/span_Smart Replies' is clicked on

2019-04-23 12:35:07 - [TEST_STEP][PASSED] - scrollToPosition: Browser is scrolled to position x = 0, y = 0

2019-04-23 12:35:07 - [MESSAGE][PASSED] - Browser is scrolled to position x = 0, y = 0

2019-04-23 12:35:07 - [TEST_STEP][PASSED] - delay: Delayed 2 second(s)

2019-04-23 12:35:09 - [MESSAGE][PASSED] - Delayed 2 second(s)

2019-04-23 12:35:09 - [TEST_STEP][PASSED] - click: Object: 'Object Repository/Page_KiboPush  Dashboard/h3_Manage Bots' is clicked on

2019-04-23 12:35:09 - [MESSAGE][PASSED] - Object: 'Object Repository/Page_KiboPush  Dashboard/h3_Manage Bots' is clicked on

2019-04-23 12:35:09 - [MESSAGE][PASSED] - Call Test Case 'Test Cases/s-sidebar_navigation/individualAccount/Smart Replies' successfully

2019-04-23 12:35:09 - [TEST_STEP][PASSED] - delay: Delayed 3 second(s)

2019-04-23 12:35:12 - [MESSAGE][PASSED] - Delayed 3 second(s)

2019-04-23 12:35:12 - [TEST_STEP][PASSED] - click: Object: 'Object Repository/Page_KiboChat  Bots/button_Create New' is clicked on

2019-04-23 12:35:12 - [MESSAGE][PASSED] - Object: 'Object Repository/Page_KiboChat  Bots/button_Create New' is clicked on

2019-04-23 12:35:12 - [TEST_STEP][PASSED] - delay: Delayed 1 second(s)

2019-04-23 12:35:13 - [MESSAGE][PASSED] - Delayed 1 second(s)

2019-04-23 12:35:13 - [MESSAGE][PASSED] - Call Test Case 'Test Cases/Smart Replies/TC0618' successfully

2019-04-23 12:35:13 - [TEST_STEP][PASSED] - setText: Text 'Test' is set on object 'Object Repository/Page_KiboPush  Dashboard/input_form-control (2)'

2019-04-23 12:35:14 - [MESSAGE][PASSED] - Text 'Test' is set on object 'Object Repository/Page_KiboPush  Dashboard/input_form-control (2)'

2019-04-23 12:35:14 - [TEST_STEP][PASSED] - click: Object: 'Object Repository/Page_KiboPush  Dashboard/button_Create' is clicked on

2019-04-23 12:35:15 - [MESSAGE][PASSED] - Object: 'Object Repository/Page_KiboPush  Dashboard/button_Create' is clicked on

2019-04-23 12:35:15 - [TEST_STEP][PASSED] - scrollToPosition: Browser is scrolled to position x = 0, y = 0

2019-04-23 12:35:15 - [MESSAGE][PASSED] - Browser is scrolled to position x = 0, y = 0

2019-04-23 12:35:15 - [TEST_STEP][PASSED] - click: Object: 'Object Repository/Page_KiboPush  Create Bot/h3_Create Bot' is clicked on

2019-04-23 12:35:15 - [MESSAGE][PASSED] - Object: 'Object Repository/Page_KiboPush  Create Bot/h3_Create Bot' is clicked on

2019-04-23 12:35:15 - [MESSAGE][PASSED] - Call Test Case 'Test Cases/Smart Replies/TC0619' successfully

2019-04-23 12:35:15 - [TEST_STEP][PASSED] - click: Object: 'Object Repository/Page_KiboPush  Create Bot/button_Add Questions' is clicked on

2019-04-23 12:35:16 - [MESSAGE][PASSED] - Object: 'Object Repository/Page_KiboPush  Create Bot/button_Add Questions' is clicked on

2019-04-23 12:35:16 - [TEST_STEP][PASSED] - delay: Delayed 2 second(s)

2019-04-23 12:35:18 - [MESSAGE][PASSED] - Delayed 2 second(s)

2019-04-23 12:35:18 - [TEST_STEP][PASSED] - setText: Text 'How are you?' is set on object 'Object Repository/Page_KiboPush  Create Bot/Bot Question1'

2019-04-23 12:35:19 - [MESSAGE][PASSED] - Text 'How are you?' is set on object 'Object Repository/Page_KiboPush  Create Bot/Bot Question1'

2019-04-23 12:35:19 - [TEST_STEP][PASSED] - delay: Delayed 2 second(s)

2019-04-23 12:35:21 - [MESSAGE][PASSED] - Delayed 2 second(s)

2019-04-23 12:35:21 - [TEST_STEP][PASSED] - setText: Text 'How are you doing?' is set on object 'Object Repository/Page_KiboPush  Create Bot/Bot Question2'

2019-04-23 12:35:21 - [MESSAGE][PASSED] - Text 'How are you doing?' is set on object 'Object Repository/Page_KiboPush  Create Bot/Bot Question2'

2019-04-23 12:35:21 - [TEST_STEP][PASSED] - delay: Delayed 2 second(s)

2019-04-23 12:35:23 - [MESSAGE][PASSED] - Delayed 2 second(s)

2019-04-23 12:35:23 - [TEST_STEP][PASSED] - setText: Text 'How are you feeling?' is set on object 'Object Repository/Page_KiboPush  Create Bot/Bot Question3'

2019-04-23 12:35:25 - [MESSAGE][PASSED] - Text 'How are you feeling?' is set on object 'Object Repository/Page_KiboPush  Create Bot/Bot Question3'

2019-04-23 12:35:25 - [TEST_STEP][PASSED] - delay: Delayed 2 second(s)

2019-04-23 12:35:27 - [MESSAGE][PASSED] - Delayed 2 second(s)

2019-04-23 12:35:27 - [TEST_STEP][PASSED] - setText: Text 'I am doing good.' is set on object 'Object Repository/Page_KiboPush  Create Bot/Bot Answer Questions'

2019-04-23 12:35:28 - [MESSAGE][PASSED] - Text 'I am doing good.' is set on object 'Object Repository/Page_KiboPush  Create Bot/Bot Answer Questions'

2019-04-23 12:35:28 - [TEST_STEP][PASSED] - delay: Delayed 2 second(s)

2019-04-23 12:35:30 - [MESSAGE][PASSED] - Delayed 2 second(s)]]></system-out>
         <system-err><![CDATA[]]></system-err>
      </testcase>
      <testcase name="Test Cases/Smart Replies/TC0623" classname="Test Cases/Smart Replies/TC0623" status="PASSED">
         <system-out><![CDATA[2019-04-23 12:35:30 - [TEST_CASE][PASSED] - Test Cases/Smart Replies/TC0623: Test Cases/Smart Replies/TC0623

2019-04-23 12:35:31 - [TEST_STEP][PASSED] - callTestCase: Call Test Case 'Test Cases/Smart Replies/TC0622' successfully

2019-04-23 12:35:31 - [TEST_CASE][PASSED] - Test Cases/Smart Replies/TC0622: Test Cases/Smart Replies/TC0622

2019-04-23 12:35:31 - [TEST_STEP][PASSED] - callTestCase: Call Test Case 'Test Cases/Smart Replies/TC0622_n' successfully

2019-04-23 12:35:31 - [TEST_CASE][PASSED] - Test Cases/Smart Replies/TC0622_n: Test Cases/Smart Replies/TC0622_n

2019-04-23 12:35:31 - [TEST_STEP][PASSED] - callTestCase: Call Test Case 'Test Cases/Smart Replies/TC0619' successfully

2019-04-23 12:35:31 - [TEST_CASE][PASSED] - Test Cases/Smart Replies/TC0619: Test Cases/Smart Replies/TC0619

2019-04-23 12:35:31 - [TEST_STEP][PASSED] - callTestCase: Call Test Case 'Test Cases/Smart Replies/TC0618' successfully

2019-04-23 12:35:31 - [TEST_CASE][PASSED] - Test Cases/Smart Replies/TC0618: Test Cases/Smart Replies/TC0618

2019-04-23 12:35:31 - [TEST_STEP][PASSED] - callTestCase: Call Test Case 'Test Cases/s-sidebar_navigation/individualAccount/Smart Replies' successfully

2019-04-23 12:35:31 - [TEST_CASE][PASSED] - Test Cases/s-sidebar_navigation/individualAccount/Smart Replies: Test Cases/s-sidebar_navigation/individualAccount/Smart Replies

2019-04-23 12:35:32 - [TEST_STEP][PASSED] - click: Object: 'Object Repository/Page_KiboPush  Dashboard/span_Dashboard' is clicked on

2019-04-23 12:35:32 - [MESSAGE][PASSED] - Object: 'Object Repository/Page_KiboPush  Dashboard/span_Dashboard' is clicked on

2019-04-23 12:35:32 - [TEST_STEP][PASSED] - delay: Delayed 2 second(s)

2019-04-23 12:35:34 - [MESSAGE][PASSED] - Delayed 2 second(s)

2019-04-23 12:35:34 - [TEST_STEP][PASSED] - click: Object: 'Object Repository/Page_KiboPush  Dashboard/span_Smart Replies' is clicked on

2019-04-23 12:35:35 - [MESSAGE][PASSED] - Object: 'Object Repository/Page_KiboPush  Dashboard/span_Smart Replies' is clicked on

2019-04-23 12:35:35 - [TEST_STEP][PASSED] - scrollToPosition: Browser is scrolled to position x = 0, y = 0

2019-04-23 12:35:35 - [MESSAGE][PASSED] - Browser is scrolled to position x = 0, y = 0

2019-04-23 12:35:35 - [TEST_STEP][PASSED] - delay: Delayed 2 second(s)

2019-04-23 12:35:37 - [MESSAGE][PASSED] - Delayed 2 second(s)

2019-04-23 12:35:37 - [TEST_STEP][PASSED] - click: Object: 'Object Repository/Page_KiboPush  Dashboard/h3_Manage Bots' is clicked on

2019-04-23 12:35:38 - [MESSAGE][PASSED] - Object: 'Object Repository/Page_KiboPush  Dashboard/h3_Manage Bots' is clicked on

2019-04-23 12:35:38 - [MESSAGE][PASSED] - Call Test Case 'Test Cases/s-sidebar_navigation/individualAccount/Smart Replies' successfully

2019-04-23 12:35:38 - [TEST_STEP][PASSED] - delay: Delayed 3 second(s)

2019-04-23 12:35:41 - [MESSAGE][PASSED] - Delayed 3 second(s)

2019-04-23 12:35:41 - [TEST_STEP][PASSED] - click: Object: 'Object Repository/Page_KiboChat  Bots/button_Create New' is clicked on

2019-04-23 12:35:41 - [MESSAGE][PASSED] - Object: 'Object Repository/Page_KiboChat  Bots/button_Create New' is clicked on

2019-04-23 12:35:41 - [TEST_STEP][PASSED] - delay: Delayed 1 second(s)

2019-04-23 12:35:42 - [MESSAGE][PASSED] - Delayed 1 second(s)

2019-04-23 12:35:42 - [MESSAGE][PASSED] - Call Test Case 'Test Cases/Smart Replies/TC0618' successfully

2019-04-23 12:35:42 - [TEST_STEP][PASSED] - setText: Text 'Test' is set on object 'Object Repository/Page_KiboPush  Dashboard/input_form-control (2)'

2019-04-23 12:35:43 - [MESSAGE][PASSED] - Text 'Test' is set on object 'Object Repository/Page_KiboPush  Dashboard/input_form-control (2)'

2019-04-23 12:35:43 - [TEST_STEP][PASSED] - click: Object: 'Object Repository/Page_KiboPush  Dashboard/button_Create' is clicked on

2019-04-23 12:35:44 - [MESSAGE][PASSED] - Object: 'Object Repository/Page_KiboPush  Dashboard/button_Create' is clicked on

2019-04-23 12:35:44 - [TEST_STEP][PASSED] - scrollToPosition: Browser is scrolled to position x = 0, y = 0

2019-04-23 12:35:44 - [MESSAGE][PASSED] - Browser is scrolled to position x = 0, y = 0

2019-04-23 12:35:44 - [TEST_STEP][PASSED] - click: Object: 'Object Repository/Page_KiboPush  Create Bot/h3_Create Bot' is clicked on

2019-04-23 12:35:44 - [MESSAGE][PASSED] - Object: 'Object Repository/Page_KiboPush  Create Bot/h3_Create Bot' is clicked on

2019-04-23 12:35:44 - [MESSAGE][PASSED] - Call Test Case 'Test Cases/Smart Replies/TC0619' successfully

2019-04-23 12:35:44 - [TEST_STEP][PASSED] - click: Object: 'Object Repository/Page_KiboPush  Create Bot/button_Add Questions' is clicked on

2019-04-23 12:35:45 - [MESSAGE][PASSED] - Object: 'Object Repository/Page_KiboPush  Create Bot/button_Add Questions' is clicked on

2019-04-23 12:35:45 - [TEST_STEP][PASSED] - delay: Delayed 2 second(s)

2019-04-23 12:35:47 - [MESSAGE][PASSED] - Delayed 2 second(s)

2019-04-23 12:35:47 - [TEST_STEP][PASSED] - setText: Text 'How are you?' is set on object 'Object Repository/Page_KiboPush  Create Bot/Bot Question1'

2019-04-23 12:35:48 - [MESSAGE][PASSED] - Text 'How are you?' is set on object 'Object Repository/Page_KiboPush  Create Bot/Bot Question1'

2019-04-23 12:35:48 - [TEST_STEP][PASSED] - delay: Delayed 2 second(s)

2019-04-23 12:35:50 - [MESSAGE][PASSED] - Delayed 2 second(s)

2019-04-23 12:35:50 - [TEST_STEP][PASSED] - setText: Text 'How are you doing?' is set on object 'Object Repository/Page_KiboPush  Create Bot/Bot Question2'

2019-04-23 12:35:51 - [MESSAGE][PASSED] - Text 'How are you doing?' is set on object 'Object Repository/Page_KiboPush  Create Bot/Bot Question2'

2019-04-23 12:35:51 - [TEST_STEP][PASSED] - delay: Delayed 2 second(s)

2019-04-23 12:35:53 - [MESSAGE][PASSED] - Delayed 2 second(s)

2019-04-23 12:35:53 - [TEST_STEP][PASSED] - setText: Text 'How are you feeling?' is set on object 'Object Repository/Page_KiboPush  Create Bot/Bot Question3'

2019-04-23 12:35:54 - [MESSAGE][PASSED] - Text 'How are you feeling?' is set on object 'Object Repository/Page_KiboPush  Create Bot/Bot Question3'

2019-04-23 12:35:54 - [TEST_STEP][PASSED] - delay: Delayed 2 second(s)

2019-04-23 12:35:56 - [MESSAGE][PASSED] - Delayed 2 second(s)

2019-04-23 12:35:56 - [TEST_STEP][PASSED] - setText: Text 'I am doing good.' is set on object 'Object Repository/Page_KiboPush  Create Bot/Bot Answer Questions'

2019-04-23 12:35:57 - [MESSAGE][PASSED] - Text 'I am doing good.' is set on object 'Object Repository/Page_KiboPush  Create Bot/Bot Answer Questions'

2019-04-23 12:35:57 - [TEST_STEP][PASSED] - delay: Delayed 2 second(s)

2019-04-23 12:35:59 - [MESSAGE][PASSED] - Delayed 2 second(s)

2019-04-23 12:35:59 - [MESSAGE][PASSED] - Call Test Case 'Test Cases/Smart Replies/TC0622_n' successfully

2019-04-23 12:35:59 - [TEST_STEP][PASSED] - click: Object: 'Object Repository/Page_KiboPush  Create Bot/button_Add More' is clicked on

2019-04-23 12:36:00 - [MESSAGE][PASSED] - Object: 'Object Repository/Page_KiboPush  Create Bot/button_Add More' is clicked on

2019-04-23 12:36:00 - [TEST_STEP][PASSED] - delay: Delayed 2 second(s)

2019-04-23 12:36:02 - [MESSAGE][PASSED] - Delayed 2 second(s)

2019-04-23 12:36:02 - [MESSAGE][PASSED] - Call Test Case 'Test Cases/Smart Replies/TC0622' successfully

2019-04-23 12:36:02 - [TEST_STEP][PASSED] - click: Object: 'Object Repository/Page_KiboPush  Create Bot/i_Enter several variations of' is clicked on

2019-04-23 12:36:02 - [MESSAGE][PASSED] - Object: 'Object Repository/Page_KiboPush  Create Bot/i_Enter several variations of' is clicked on]]></system-out>
         <system-err><![CDATA[]]></system-err>
      </testcase>
      <testcase name="Test Cases/Smart Replies/TC0624" classname="Test Cases/Smart Replies/TC0624" status="PASSED">
         <system-out><![CDATA[2019-04-23 12:36:02 - [TEST_CASE][PASSED] - Test Cases/Smart Replies/TC0624: Test Cases/Smart Replies/TC0624

2019-04-23 12:36:03 - [TEST_STEP][PASSED] - callTestCase: Call Test Case 'Test Cases/Smart Replies/TC0621' successfully

2019-04-23 12:36:03 - [TEST_CASE][PASSED] - Test Cases/Smart Replies/TC0621: Test Cases/Smart Replies/TC0621

2019-04-23 12:36:03 - [TEST_STEP][PASSED] - callTestCase: Call Test Case 'Test Cases/Smart Replies/TC0619' successfully

2019-04-23 12:36:03 - [TEST_CASE][PASSED] - Test Cases/Smart Replies/TC0619: Test Cases/Smart Replies/TC0619

2019-04-23 12:36:03 - [TEST_STEP][PASSED] - callTestCase: Call Test Case 'Test Cases/Smart Replies/TC0618' successfully

2019-04-23 12:36:03 - [TEST_CASE][PASSED] - Test Cases/Smart Replies/TC0618: Test Cases/Smart Replies/TC0618

2019-04-23 12:36:03 - [TEST_STEP][PASSED] - callTestCase: Call Test Case 'Test Cases/s-sidebar_navigation/individualAccount/Smart Replies' successfully

2019-04-23 12:36:03 - [TEST_CASE][PASSED] - Test Cases/s-sidebar_navigation/individualAccount/Smart Replies: Test Cases/s-sidebar_navigation/individualAccount/Smart Replies

2019-04-23 12:36:03 - [TEST_STEP][PASSED] - click: Object: 'Object Repository/Page_KiboPush  Dashboard/span_Dashboard' is clicked on

2019-04-23 12:36:04 - [MESSAGE][PASSED] - Object: 'Object Repository/Page_KiboPush  Dashboard/span_Dashboard' is clicked on

2019-04-23 12:36:04 - [TEST_STEP][PASSED] - delay: Delayed 2 second(s)

2019-04-23 12:36:06 - [MESSAGE][PASSED] - Delayed 2 second(s)

2019-04-23 12:36:06 - [TEST_STEP][PASSED] - click: Object: 'Object Repository/Page_KiboPush  Dashboard/span_Smart Replies' is clicked on

2019-04-23 12:36:07 - [MESSAGE][PASSED] - Object: 'Object Repository/Page_KiboPush  Dashboard/span_Smart Replies' is clicked on

2019-04-23 12:36:07 - [TEST_STEP][PASSED] - scrollToPosition: Browser is scrolled to position x = 0, y = 0

2019-04-23 12:36:07 - [MESSAGE][PASSED] - Browser is scrolled to position x = 0, y = 0

2019-04-23 12:36:07 - [TEST_STEP][PASSED] - delay: Delayed 2 second(s)

2019-04-23 12:36:09 - [MESSAGE][PASSED] - Delayed 2 second(s)

2019-04-23 12:36:09 - [TEST_STEP][PASSED] - click: Object: 'Object Repository/Page_KiboPush  Dashboard/h3_Manage Bots' is clicked on

2019-04-23 12:36:09 - [MESSAGE][PASSED] - Object: 'Object Repository/Page_KiboPush  Dashboard/h3_Manage Bots' is clicked on

2019-04-23 12:36:09 - [MESSAGE][PASSED] - Call Test Case 'Test Cases/s-sidebar_navigation/individualAccount/Smart Replies' successfully

2019-04-23 12:36:09 - [TEST_STEP][PASSED] - delay: Delayed 3 second(s)

2019-04-23 12:36:12 - [MESSAGE][PASSED] - Delayed 3 second(s)

2019-04-23 12:36:12 - [TEST_STEP][PASSED] - click: Object: 'Object Repository/Page_KiboChat  Bots/button_Create New' is clicked on

2019-04-23 12:36:13 - [MESSAGE][PASSED] - Object: 'Object Repository/Page_KiboChat  Bots/button_Create New' is clicked on

2019-04-23 12:36:13 - [TEST_STEP][PASSED] - delay: Delayed 1 second(s)

2019-04-23 12:36:14 - [MESSAGE][PASSED] - Delayed 1 second(s)

2019-04-23 12:36:14 - [MESSAGE][PASSED] - Call Test Case 'Test Cases/Smart Replies/TC0618' successfully

2019-04-23 12:36:14 - [TEST_STEP][PASSED] - setText: Text 'Test' is set on object 'Object Repository/Page_KiboPush  Dashboard/input_form-control (2)'

2019-04-23 12:36:15 - [MESSAGE][PASSED] - Text 'Test' is set on object 'Object Repository/Page_KiboPush  Dashboard/input_form-control (2)'

2019-04-23 12:36:15 - [TEST_STEP][PASSED] - click: Object: 'Object Repository/Page_KiboPush  Dashboard/button_Create' is clicked on

2019-04-23 12:36:15 - [MESSAGE][PASSED] - Object: 'Object Repository/Page_KiboPush  Dashboard/button_Create' is clicked on

2019-04-23 12:36:15 - [TEST_STEP][PASSED] - scrollToPosition: Browser is scrolled to position x = 0, y = 0

2019-04-23 12:36:15 - [MESSAGE][PASSED] - Browser is scrolled to position x = 0, y = 0

2019-04-23 12:36:15 - [TEST_STEP][PASSED] - click: Object: 'Object Repository/Page_KiboPush  Create Bot/h3_Create Bot' is clicked on

2019-04-23 12:36:16 - [MESSAGE][PASSED] - Object: 'Object Repository/Page_KiboPush  Create Bot/h3_Create Bot' is clicked on

2019-04-23 12:36:16 - [MESSAGE][PASSED] - Call Test Case 'Test Cases/Smart Replies/TC0619' successfully

2019-04-23 12:36:16 - [TEST_STEP][PASSED] - click: Object: 'Object Repository/Page_KiboPush  Create Bot/button_Add Questions' is clicked on

2019-04-23 12:36:16 - [MESSAGE][PASSED] - Object: 'Object Repository/Page_KiboPush  Create Bot/button_Add Questions' is clicked on

2019-04-23 12:36:16 - [MESSAGE][PASSED] - Call Test Case 'Test Cases/Smart Replies/TC0621' successfully

2019-04-23 12:36:16 - [TEST_STEP][PASSED] - click: Object: 'Object Repository/Page_KiboPush  Create Bot/span_Question1_fa fa-times' is clicked on

2019-04-23 12:36:17 - [MESSAGE][PASSED] - Object: 'Object Repository/Page_KiboPush  Create Bot/span_Question1_fa fa-times' is clicked on]]></system-out>
         <system-err><![CDATA[]]></system-err>
      </testcase>
      <testcase name="Test Cases/Smart Replies/Test-Actions-Button" classname="Test Cases/Smart Replies/Test-Actions-Button" status="PASSED">
         <system-out><![CDATA[2019-04-23 12:36:17 - [TEST_CASE][PASSED] - Test Cases/Smart Replies/Test-Actions-Button: Test Cases/Smart Replies/Test-Actions-Button

2019-04-23 12:36:18 - [TEST_STEP][PASSED] - callTestCase: Call Test Case 'Test Cases/s-sidebar_navigation/individualAccount/Smart Replies' successfully

2019-04-23 12:36:18 - [TEST_CASE][PASSED] - Test Cases/s-sidebar_navigation/individualAccount/Smart Replies: Test Cases/s-sidebar_navigation/individualAccount/Smart Replies

2019-04-23 12:36:18 - [TEST_STEP][PASSED] - click: Object: 'Object Repository/Page_KiboPush  Dashboard/span_Dashboard' is clicked on

2019-04-23 12:36:19 - [MESSAGE][PASSED] - Object: 'Object Repository/Page_KiboPush  Dashboard/span_Dashboard' is clicked on

2019-04-23 12:36:19 - [TEST_STEP][PASSED] - delay: Delayed 2 second(s)

2019-04-23 12:36:21 - [MESSAGE][PASSED] - Delayed 2 second(s)

2019-04-23 12:36:21 - [TEST_STEP][PASSED] - click: Object: 'Object Repository/Page_KiboPush  Dashboard/span_Smart Replies' is clicked on

2019-04-23 12:36:21 - [MESSAGE][PASSED] - Object: 'Object Repository/Page_KiboPush  Dashboard/span_Smart Replies' is clicked on

2019-04-23 12:36:21 - [TEST_STEP][PASSED] - scrollToPosition: Browser is scrolled to position x = 0, y = 0

2019-04-23 12:36:21 - [MESSAGE][PASSED] - Browser is scrolled to position x = 0, y = 0

2019-04-23 12:36:21 - [TEST_STEP][PASSED] - delay: Delayed 2 second(s)

2019-04-23 12:36:23 - [MESSAGE][PASSED] - Delayed 2 second(s)

2019-04-23 12:36:23 - [TEST_STEP][PASSED] - click: Object: 'Object Repository/Page_KiboPush  Dashboard/h3_Manage Bots' is clicked on

2019-04-23 12:36:24 - [MESSAGE][PASSED] - Object: 'Object Repository/Page_KiboPush  Dashboard/h3_Manage Bots' is clicked on

2019-04-23 12:36:24 - [MESSAGE][PASSED] - Call Test Case 'Test Cases/s-sidebar_navigation/individualAccount/Smart Replies' successfully

2019-04-23 12:36:24 - [TEST_STEP][PASSED] - delay: Delayed 3 second(s)

2019-04-23 12:36:27 - [MESSAGE][PASSED] - Delayed 3 second(s)

2019-04-23 12:36:27 - [TEST_STEP][PASSED] - click: Object: 'Object Repository/Page_KiboPush  Dashboard/i_la la-ellipsis-h (1)' is clicked on

2019-04-23 12:36:27 - [MESSAGE][PASSED] - Object: 'Object Repository/Page_KiboPush  Dashboard/i_la la-ellipsis-h (1)' is clicked on]]></system-out>
         <system-err><![CDATA[]]></system-err>
      </testcase>
      <testcase name="Test Cases/Smart Replies/TC0624 - delete" classname="Test Cases/Smart Replies/TC0624 - delete" status="PASSED">
         <system-out><![CDATA[2019-04-23 12:36:28 - [TEST_CASE][PASSED] - Test Cases/Smart Replies/TC0624 - delete: Test Cases/Smart Replies/TC0624 - delete

2019-04-23 12:36:28 - [TEST_STEP][PASSED] - callTestCase: Call Test Case 'Test Cases/Smart Replies/Test-Actions-Button' successfully

2019-04-23 12:36:28 - [TEST_CASE][PASSED] - Test Cases/Smart Replies/Test-Actions-Button: Test Cases/Smart Replies/Test-Actions-Button

2019-04-23 12:36:28 - [TEST_STEP][PASSED] - callTestCase: Call Test Case 'Test Cases/s-sidebar_navigation/individualAccount/Smart Replies' successfully

2019-04-23 12:36:28 - [TEST_CASE][PASSED] - Test Cases/s-sidebar_navigation/individualAccount/Smart Replies: Test Cases/s-sidebar_navigation/individualAccount/Smart Replies

2019-04-23 12:36:28 - [TEST_STEP][PASSED] - click: Object: 'Object Repository/Page_KiboPush  Dashboard/span_Dashboard' is clicked on

2019-04-23 12:36:29 - [MESSAGE][PASSED] - Object: 'Object Repository/Page_KiboPush  Dashboard/span_Dashboard' is clicked on

2019-04-23 12:36:29 - [TEST_STEP][PASSED] - delay: Delayed 2 second(s)

2019-04-23 12:36:31 - [MESSAGE][PASSED] - Delayed 2 second(s)

2019-04-23 12:36:31 - [TEST_STEP][PASSED] - click: Object: 'Object Repository/Page_KiboPush  Dashboard/span_Smart Replies' is clicked on

2019-04-23 12:36:31 - [MESSAGE][PASSED] - Object: 'Object Repository/Page_KiboPush  Dashboard/span_Smart Replies' is clicked on

2019-04-23 12:36:31 - [TEST_STEP][PASSED] - scrollToPosition: Browser is scrolled to position x = 0, y = 0

2019-04-23 12:36:31 - [MESSAGE][PASSED] - Browser is scrolled to position x = 0, y = 0

2019-04-23 12:36:31 - [TEST_STEP][PASSED] - delay: Delayed 2 second(s)

2019-04-23 12:36:33 - [MESSAGE][PASSED] - Delayed 2 second(s)

2019-04-23 12:36:33 - [TEST_STEP][PASSED] - click: Object: 'Object Repository/Page_KiboPush  Dashboard/h3_Manage Bots' is clicked on

2019-04-23 12:36:33 - [MESSAGE][PASSED] - Object: 'Object Repository/Page_KiboPush  Dashboard/h3_Manage Bots' is clicked on

2019-04-23 12:36:33 - [MESSAGE][PASSED] - Call Test Case 'Test Cases/s-sidebar_navigation/individualAccount/Smart Replies' successfully

2019-04-23 12:36:33 - [TEST_STEP][PASSED] - delay: Delayed 3 second(s)

2019-04-23 12:36:36 - [MESSAGE][PASSED] - Delayed 3 second(s)

2019-04-23 12:36:36 - [TEST_STEP][PASSED] - click: Object: 'Object Repository/Page_KiboPush  Dashboard/i_la la-ellipsis-h (1)' is clicked on

2019-04-23 12:36:37 - [MESSAGE][PASSED] - Object: 'Object Repository/Page_KiboPush  Dashboard/i_la la-ellipsis-h (1)' is clicked on

2019-04-23 12:36:37 - [MESSAGE][PASSED] - Call Test Case 'Test Cases/Smart Replies/Test-Actions-Button' successfully

2019-04-23 12:36:37 - [TEST_STEP][PASSED] - delay: Delayed 5 second(s)

2019-04-23 12:36:42 - [MESSAGE][PASSED] - Delayed 5 second(s)

2019-04-23 12:36:42 - [TEST_STEP][PASSED] - click: Object: 'Object Repository/Page_KiboPush  Dashboard/span_Delete' is clicked on

2019-04-23 12:36:43 - [MESSAGE][PASSED] - Object: 'Object Repository/Page_KiboPush  Dashboard/span_Delete' is clicked on

2019-04-23 12:36:43 - [TEST_STEP][PASSED] - click: Object: 'Object Repository/Page_KiboPush  Dashboard/button_Delete (6)' is clicked on

2019-04-23 12:36:44 - [MESSAGE][PASSED] - Object: 'Object Repository/Page_KiboPush  Dashboard/button_Delete (6)' is clicked on

2019-04-23 12:36:44 - [TEST_STEP][PASSED] - delay: Delayed 2 second(s)

2019-04-23 12:36:46 - [MESSAGE][PASSED] - Delayed 2 second(s)

2019-04-23 12:36:46 - [TEST_STEP][PASSED] - click: Object: 'Object Repository/Page_KiboPush  Dashboard/div_Bot deleted successfully' is clicked on

2019-04-23 12:36:47 - [MESSAGE][PASSED] - Object: 'Object Repository/Page_KiboPush  Dashboard/div_Bot deleted successfully' is clicked on

2019-04-23 12:36:47 - [TEST_STEP][PASSED] - delay: Delayed 5 second(s)

2019-04-23 12:36:52 - [MESSAGE][PASSED] - Delayed 5 second(s)

2019-04-23 12:36:52 - [TEST_STEP][PASSED] - click: Object: 'Object Repository/Page_KiboPush  Dashboard/i_la la-ellipsis-h (1)' is clicked on

2019-04-23 12:36:52 - [MESSAGE][PASSED] - Object: 'Object Repository/Page_KiboPush  Dashboard/i_la la-ellipsis-h (1)' is clicked on

2019-04-23 12:36:52 - [TEST_STEP][PASSED] - delay: Delayed 1 second(s)

2019-04-23 12:36:53 - [MESSAGE][PASSED] - Delayed 1 second(s)

2019-04-23 12:36:53 - [TEST_STEP][PASSED] - click: Object: 'Object Repository/Page_KiboPush  Dashboard/span_Delete' is clicked on

2019-04-23 12:36:54 - [MESSAGE][PASSED] - Object: 'Object Repository/Page_KiboPush  Dashboard/span_Delete' is clicked on

2019-04-23 12:36:54 - [TEST_STEP][PASSED] - click: Object: 'Object Repository/Page_KiboPush  Dashboard/button_Delete (6)' is clicked on

2019-04-23 12:36:55 - [MESSAGE][PASSED] - Object: 'Object Repository/Page_KiboPush  Dashboard/button_Delete (6)' is clicked on

2019-04-23 12:36:55 - [TEST_STEP][PASSED] - delay: Delayed 2 second(s)

2019-04-23 12:36:57 - [MESSAGE][PASSED] - Delayed 2 second(s)

2019-04-23 12:36:57 - [TEST_STEP][PASSED] - click: Object: 'Object Repository/Page_KiboPush  Dashboard/div_Bot deleted successfully' is clicked on

2019-04-23 12:36:58 - [MESSAGE][PASSED] - Object: 'Object Repository/Page_KiboPush  Dashboard/div_Bot deleted successfully' is clicked on

2019-04-23 12:36:58 - [TEST_STEP][PASSED] - delay: Delayed 5 second(s)

2019-04-23 12:37:03 - [MESSAGE][PASSED] - Delayed 5 second(s)]]></system-out>
         <system-err><![CDATA[]]></system-err>
      </testcase>
      <testcase name="Test Cases/Smart Replies/TC0625" classname="Test Cases/Smart Replies/TC0625" status="PASSED">
         <system-out><![CDATA[2019-04-23 12:37:03 - [TEST_CASE][PASSED] - Test Cases/Smart Replies/TC0625: Test Cases/Smart Replies/TC0625

2019-04-23 12:37:03 - [TEST_STEP][PASSED] - callTestCase: Call Test Case 'Test Cases/Smart Replies/TC0618' successfully

2019-04-23 12:37:03 - [TEST_CASE][PASSED] - Test Cases/Smart Replies/TC0618: Test Cases/Smart Replies/TC0618

2019-04-23 12:37:03 - [TEST_STEP][PASSED] - callTestCase: Call Test Case 'Test Cases/s-sidebar_navigation/individualAccount/Smart Replies' successfully

2019-04-23 12:37:03 - [TEST_CASE][PASSED] - Test Cases/s-sidebar_navigation/individualAccount/Smart Replies: Test Cases/s-sidebar_navigation/individualAccount/Smart Replies

2019-04-23 12:37:03 - [TEST_STEP][PASSED] - click: Object: 'Object Repository/Page_KiboPush  Dashboard/span_Dashboard' is clicked on

2019-04-23 12:37:04 - [MESSAGE][PASSED] - Object: 'Object Repository/Page_KiboPush  Dashboard/span_Dashboard' is clicked on

2019-04-23 12:37:04 - [TEST_STEP][PASSED] - delay: Delayed 2 second(s)

2019-04-23 12:37:06 - [MESSAGE][PASSED] - Delayed 2 second(s)

2019-04-23 12:37:06 - [TEST_STEP][PASSED] - click: Object: 'Object Repository/Page_KiboPush  Dashboard/span_Smart Replies' is clicked on

2019-04-23 12:37:07 - [MESSAGE][PASSED] - Object: 'Object Repository/Page_KiboPush  Dashboard/span_Smart Replies' is clicked on

2019-04-23 12:37:07 - [TEST_STEP][PASSED] - scrollToPosition: Browser is scrolled to position x = 0, y = 0

2019-04-23 12:37:07 - [MESSAGE][PASSED] - Browser is scrolled to position x = 0, y = 0

2019-04-23 12:37:07 - [TEST_STEP][PASSED] - delay: Delayed 2 second(s)

2019-04-23 12:37:09 - [MESSAGE][PASSED] - Delayed 2 second(s)

2019-04-23 12:37:09 - [TEST_STEP][PASSED] - click: Object: 'Object Repository/Page_KiboPush  Dashboard/h3_Manage Bots' is clicked on

2019-04-23 12:37:10 - [MESSAGE][PASSED] - Object: 'Object Repository/Page_KiboPush  Dashboard/h3_Manage Bots' is clicked on

2019-04-23 12:37:10 - [MESSAGE][PASSED] - Call Test Case 'Test Cases/s-sidebar_navigation/individualAccount/Smart Replies' successfully

2019-04-23 12:37:10 - [TEST_STEP][PASSED] - delay: Delayed 3 second(s)

2019-04-23 12:37:13 - [MESSAGE][PASSED] - Delayed 3 second(s)

2019-04-23 12:37:13 - [TEST_STEP][PASSED] - click: Object: 'Object Repository/Page_KiboChat  Bots/button_Create New' is clicked on

2019-04-23 12:37:13 - [MESSAGE][PASSED] - Object: 'Object Repository/Page_KiboChat  Bots/button_Create New' is clicked on

2019-04-23 12:37:13 - [TEST_STEP][PASSED] - delay: Delayed 1 second(s)

2019-04-23 12:37:14 - [MESSAGE][PASSED] - Delayed 1 second(s)

2019-04-23 12:37:14 - [MESSAGE][PASSED] - Call Test Case 'Test Cases/Smart Replies/TC0618' successfully

2019-04-23 12:37:14 - [TEST_STEP][PASSED] - setText: Text 'Test' is set on object 'Object Repository/Page_KiboPush  Dashboard/input_form-control (2) (1)'

2019-04-23 12:37:15 - [MESSAGE][PASSED] - Text 'Test' is set on object 'Object Repository/Page_KiboPush  Dashboard/input_form-control (2) (1)'

2019-04-23 12:37:15 - [TEST_STEP][PASSED] - delay: Delayed 2 second(s)

2019-04-23 12:37:17 - [MESSAGE][PASSED] - Delayed 2 second(s)

2019-04-23 12:37:17 - [TEST_STEP][PASSED] - selectOptionByValue: All options with value 'false' are selected in object 'Object Repository/Page_KiboPush  Dashboard/select_ActiveDisabled'  using regular expression

2019-04-23 12:37:18 - [MESSAGE][PASSED] - All options with value 'false' are selected in object 'Object Repository/Page_KiboPush  Dashboard/select_ActiveDisabled'  using regular expression

2019-04-23 12:37:18 - [TEST_STEP][PASSED] - delay: Delayed 2 second(s)

2019-04-23 12:37:20 - [MESSAGE][PASSED] - Delayed 2 second(s)]]></system-out>
         <system-err><![CDATA[]]></system-err>
      </testcase>
      <testcase name="Test Cases/Smart Replies/TC0626" classname="Test Cases/Smart Replies/TC0626" status="PASSED">
         <system-out><![CDATA[2019-04-23 12:37:20 - [TEST_CASE][PASSED] - Test Cases/Smart Replies/TC0626: Test Cases/Smart Replies/TC0626

2019-04-23 12:37:20 - [TEST_STEP][PASSED] - callTestCase: Call Test Case 'Test Cases/Smart Replies/TC0619' successfully

2019-04-23 12:37:20 - [TEST_CASE][PASSED] - Test Cases/Smart Replies/TC0619: Test Cases/Smart Replies/TC0619

2019-04-23 12:37:20 - [TEST_STEP][PASSED] - callTestCase: Call Test Case 'Test Cases/Smart Replies/TC0618' successfully

2019-04-23 12:37:21 - [TEST_CASE][PASSED] - Test Cases/Smart Replies/TC0618: Test Cases/Smart Replies/TC0618

2019-04-23 12:37:21 - [TEST_STEP][PASSED] - callTestCase: Call Test Case 'Test Cases/s-sidebar_navigation/individualAccount/Smart Replies' successfully

2019-04-23 12:37:21 - [TEST_CASE][PASSED] - Test Cases/s-sidebar_navigation/individualAccount/Smart Replies: Test Cases/s-sidebar_navigation/individualAccount/Smart Replies

2019-04-23 12:37:21 - [TEST_STEP][PASSED] - click: Object: 'Object Repository/Page_KiboPush  Dashboard/span_Dashboard' is clicked on

2019-04-23 12:37:22 - [MESSAGE][PASSED] - Object: 'Object Repository/Page_KiboPush  Dashboard/span_Dashboard' is clicked on

2019-04-23 12:37:22 - [TEST_STEP][PASSED] - delay: Delayed 2 second(s)

2019-04-23 12:37:24 - [MESSAGE][PASSED] - Delayed 2 second(s)

2019-04-23 12:37:24 - [TEST_STEP][PASSED] - click: Object: 'Object Repository/Page_KiboPush  Dashboard/span_Smart Replies' is clicked on

2019-04-23 12:37:25 - [MESSAGE][PASSED] - Object: 'Object Repository/Page_KiboPush  Dashboard/span_Smart Replies' is clicked on

2019-04-23 12:37:25 - [TEST_STEP][PASSED] - scrollToPosition: Browser is scrolled to position x = 0, y = 0

2019-04-23 12:37:25 - [MESSAGE][PASSED] - Browser is scrolled to position x = 0, y = 0

2019-04-23 12:37:25 - [TEST_STEP][PASSED] - delay: Delayed 2 second(s)

2019-04-23 12:37:27 - [MESSAGE][PASSED] - Delayed 2 second(s)

2019-04-23 12:37:27 - [TEST_STEP][PASSED] - click: Object: 'Object Repository/Page_KiboPush  Dashboard/h3_Manage Bots' is clicked on

2019-04-23 12:37:27 - [MESSAGE][PASSED] - Object: 'Object Repository/Page_KiboPush  Dashboard/h3_Manage Bots' is clicked on

2019-04-23 12:37:27 - [MESSAGE][PASSED] - Call Test Case 'Test Cases/s-sidebar_navigation/individualAccount/Smart Replies' successfully

2019-04-23 12:37:27 - [TEST_STEP][PASSED] - delay: Delayed 3 second(s)

2019-04-23 12:37:30 - [MESSAGE][PASSED] - Delayed 3 second(s)

2019-04-23 12:37:30 - [TEST_STEP][PASSED] - click: Object: 'Object Repository/Page_KiboChat  Bots/button_Create New' is clicked on

2019-04-23 12:37:31 - [MESSAGE][PASSED] - Object: 'Object Repository/Page_KiboChat  Bots/button_Create New' is clicked on

2019-04-23 12:37:31 - [TEST_STEP][PASSED] - delay: Delayed 1 second(s)

2019-04-23 12:37:32 - [MESSAGE][PASSED] - Delayed 1 second(s)

2019-04-23 12:37:32 - [MESSAGE][PASSED] - Call Test Case 'Test Cases/Smart Replies/TC0618' successfully

2019-04-23 12:37:32 - [TEST_STEP][PASSED] - setText: Text 'Test' is set on object 'Object Repository/Page_KiboPush  Dashboard/input_form-control (2)'

2019-04-23 12:37:32 - [MESSAGE][PASSED] - Text 'Test' is set on object 'Object Repository/Page_KiboPush  Dashboard/input_form-control (2)'

2019-04-23 12:37:32 - [TEST_STEP][PASSED] - click: Object: 'Object Repository/Page_KiboPush  Dashboard/button_Create' is clicked on

2019-04-23 12:37:33 - [MESSAGE][PASSED] - Object: 'Object Repository/Page_KiboPush  Dashboard/button_Create' is clicked on

2019-04-23 12:37:33 - [TEST_STEP][PASSED] - scrollToPosition: Browser is scrolled to position x = 0, y = 0

2019-04-23 12:37:33 - [MESSAGE][PASSED] - Browser is scrolled to position x = 0, y = 0

2019-04-23 12:37:33 - [TEST_STEP][PASSED] - click: Object: 'Object Repository/Page_KiboPush  Create Bot/h3_Create Bot' is clicked on

2019-04-23 12:37:34 - [MESSAGE][PASSED] - Object: 'Object Repository/Page_KiboPush  Create Bot/h3_Create Bot' is clicked on

2019-04-23 12:37:34 - [MESSAGE][PASSED] - Call Test Case 'Test Cases/Smart Replies/TC0619' successfully

2019-04-23 12:37:34 - [TEST_STEP][PASSED] - click: Object: 'Object Repository/Page_KiboPush  Create Bot/button_Apply Politics Chat Bot' is clicked on

2019-04-23 12:37:34 - [MESSAGE][PASSED] - Object: 'Object Repository/Page_KiboPush  Create Bot/button_Apply Politics Chat Bot' is clicked on]]></system-out>
         <system-err><![CDATA[]]></system-err>
      </testcase>
      <testcase name="Test Cases/Smart Replies/TC0627" classname="Test Cases/Smart Replies/TC0627" status="PASSED">
         <system-out><![CDATA[2019-04-23 12:37:34 - [TEST_CASE][PASSED] - Test Cases/Smart Replies/TC0627: Test Cases/Smart Replies/TC0627

2019-04-23 12:37:35 - [TEST_STEP][PASSED] - callTestCase: Call Test Case 'Test Cases/Smart Replies/TC0626' successfully

2019-04-23 12:37:35 - [TEST_CASE][PASSED] - Test Cases/Smart Replies/TC0626: Test Cases/Smart Replies/TC0626

2019-04-23 12:37:35 - [TEST_STEP][PASSED] - callTestCase: Call Test Case 'Test Cases/Smart Replies/TC0619' successfully

2019-04-23 12:37:35 - [TEST_CASE][PASSED] - Test Cases/Smart Replies/TC0619: Test Cases/Smart Replies/TC0619

2019-04-23 12:37:35 - [TEST_STEP][PASSED] - callTestCase: Call Test Case 'Test Cases/Smart Replies/TC0618' successfully

2019-04-23 12:37:35 - [TEST_CASE][PASSED] - Test Cases/Smart Replies/TC0618: Test Cases/Smart Replies/TC0618

2019-04-23 12:37:35 - [TEST_STEP][PASSED] - callTestCase: Call Test Case 'Test Cases/s-sidebar_navigation/individualAccount/Smart Replies' successfully

2019-04-23 12:37:35 - [TEST_CASE][PASSED] - Test Cases/s-sidebar_navigation/individualAccount/Smart Replies: Test Cases/s-sidebar_navigation/individualAccount/Smart Replies

2019-04-23 12:37:35 - [TEST_STEP][PASSED] - click: Object: 'Object Repository/Page_KiboPush  Dashboard/span_Dashboard' is clicked on

2019-04-23 12:37:36 - [MESSAGE][PASSED] - Object: 'Object Repository/Page_KiboPush  Dashboard/span_Dashboard' is clicked on

2019-04-23 12:37:36 - [TEST_STEP][PASSED] - delay: Delayed 2 second(s)

2019-04-23 12:37:38 - [MESSAGE][PASSED] - Delayed 2 second(s)

2019-04-23 12:37:38 - [TEST_STEP][PASSED] - click: Object: 'Object Repository/Page_KiboPush  Dashboard/span_Smart Replies' is clicked on

2019-04-23 12:37:39 - [MESSAGE][PASSED] - Object: 'Object Repository/Page_KiboPush  Dashboard/span_Smart Replies' is clicked on

2019-04-23 12:37:39 - [TEST_STEP][PASSED] - scrollToPosition: Browser is scrolled to position x = 0, y = 0

2019-04-23 12:37:39 - [MESSAGE][PASSED] - Browser is scrolled to position x = 0, y = 0

2019-04-23 12:37:39 - [TEST_STEP][PASSED] - delay: Delayed 2 second(s)

2019-04-23 12:37:41 - [MESSAGE][PASSED] - Delayed 2 second(s)

2019-04-23 12:37:41 - [TEST_STEP][PASSED] - click: Object: 'Object Repository/Page_KiboPush  Dashboard/h3_Manage Bots' is clicked on

2019-04-23 12:37:41 - [MESSAGE][PASSED] - Object: 'Object Repository/Page_KiboPush  Dashboard/h3_Manage Bots' is clicked on

2019-04-23 12:37:41 - [MESSAGE][PASSED] - Call Test Case 'Test Cases/s-sidebar_navigation/individualAccount/Smart Replies' successfully

2019-04-23 12:37:41 - [TEST_STEP][PASSED] - delay: Delayed 3 second(s)

2019-04-23 12:37:44 - [MESSAGE][PASSED] - Delayed 3 second(s)

2019-04-23 12:37:44 - [TEST_STEP][PASSED] - click: Object: 'Object Repository/Page_KiboChat  Bots/button_Create New' is clicked on

2019-04-23 12:37:45 - [MESSAGE][PASSED] - Object: 'Object Repository/Page_KiboChat  Bots/button_Create New' is clicked on

2019-04-23 12:37:45 - [TEST_STEP][PASSED] - delay: Delayed 1 second(s)

2019-04-23 12:37:46 - [MESSAGE][PASSED] - Delayed 1 second(s)

2019-04-23 12:37:46 - [MESSAGE][PASSED] - Call Test Case 'Test Cases/Smart Replies/TC0618' successfully

2019-04-23 12:37:46 - [TEST_STEP][PASSED] - setText: Text 'Test' is set on object 'Object Repository/Page_KiboPush  Dashboard/input_form-control (2)'

2019-04-23 12:37:46 - [MESSAGE][PASSED] - Text 'Test' is set on object 'Object Repository/Page_KiboPush  Dashboard/input_form-control (2)'

2019-04-23 12:37:46 - [TEST_STEP][PASSED] - click: Object: 'Object Repository/Page_KiboPush  Dashboard/button_Create' is clicked on

2019-04-23 12:37:47 - [MESSAGE][PASSED] - Object: 'Object Repository/Page_KiboPush  Dashboard/button_Create' is clicked on

2019-04-23 12:37:47 - [TEST_STEP][PASSED] - scrollToPosition: Browser is scrolled to position x = 0, y = 0

2019-04-23 12:37:47 - [MESSAGE][PASSED] - Browser is scrolled to position x = 0, y = 0

2019-04-23 12:37:47 - [TEST_STEP][PASSED] - click: Object: 'Object Repository/Page_KiboPush  Create Bot/h3_Create Bot' is clicked on

2019-04-23 12:37:47 - [MESSAGE][PASSED] - Object: 'Object Repository/Page_KiboPush  Create Bot/h3_Create Bot' is clicked on

2019-04-23 12:37:47 - [MESSAGE][PASSED] - Call Test Case 'Test Cases/Smart Replies/TC0619' successfully

2019-04-23 12:37:47 - [TEST_STEP][PASSED] - click: Object: 'Object Repository/Page_KiboPush  Create Bot/button_Apply Politics Chat Bot' is clicked on

2019-04-23 12:37:48 - [MESSAGE][PASSED] - Object: 'Object Repository/Page_KiboPush  Create Bot/button_Apply Politics Chat Bot' is clicked on

2019-04-23 12:37:48 - [MESSAGE][PASSED] - Call Test Case 'Test Cases/Smart Replies/TC0626' successfully

2019-04-23 12:37:48 - [TEST_STEP][PASSED] - click: Object: 'Object Repository/Page_KiboPush  Create Bot/button_Create' is clicked on

2019-04-23 12:37:49 - [MESSAGE][PASSED] - Object: 'Object Repository/Page_KiboPush  Create Bot/button_Create' is clicked on]]></system-out>
         <system-err><![CDATA[]]></system-err>
      </testcase>
      <testcase name="Test Cases/Smart Replies/TC0629" classname="Test Cases/Smart Replies/TC0629" status="PASSED">
         <system-out><![CDATA[2019-04-23 12:37:49 - [TEST_CASE][PASSED] - Test Cases/Smart Replies/TC0629: Test Cases/Smart Replies/TC0629

2019-04-23 12:37:50 - [TEST_STEP][PASSED] - callTestCase: Call Test Case 'Test Cases/s-sidebar_navigation/individualAccount/Smart Replies' successfully

2019-04-23 12:37:50 - [TEST_CASE][PASSED] - Test Cases/s-sidebar_navigation/individualAccount/Smart Replies: Test Cases/s-sidebar_navigation/individualAccount/Smart Replies

2019-04-23 12:37:50 - [TEST_STEP][PASSED] - click: Object: 'Object Repository/Page_KiboPush  Dashboard/span_Dashboard' is clicked on

2019-04-23 12:37:51 - [MESSAGE][PASSED] - Object: 'Object Repository/Page_KiboPush  Dashboard/span_Dashboard' is clicked on

2019-04-23 12:37:51 - [TEST_STEP][PASSED] - delay: Delayed 2 second(s)

2019-04-23 12:37:53 - [MESSAGE][PASSED] - Delayed 2 second(s)

2019-04-23 12:37:53 - [TEST_STEP][PASSED] - click: Object: 'Object Repository/Page_KiboPush  Dashboard/span_Smart Replies' is clicked on

2019-04-23 12:37:53 - [MESSAGE][PASSED] - Object: 'Object Repository/Page_KiboPush  Dashboard/span_Smart Replies' is clicked on

2019-04-23 12:37:53 - [TEST_STEP][PASSED] - scrollToPosition: Browser is scrolled to position x = 0, y = 0

2019-04-23 12:37:53 - [MESSAGE][PASSED] - Browser is scrolled to position x = 0, y = 0

2019-04-23 12:37:53 - [TEST_STEP][PASSED] - delay: Delayed 2 second(s)

2019-04-23 12:37:55 - [MESSAGE][PASSED] - Delayed 2 second(s)

2019-04-23 12:37:55 - [TEST_STEP][PASSED] - click: Object: 'Object Repository/Page_KiboPush  Dashboard/h3_Manage Bots' is clicked on

2019-04-23 12:37:56 - [MESSAGE][PASSED] - Object: 'Object Repository/Page_KiboPush  Dashboard/h3_Manage Bots' is clicked on

2019-04-23 12:37:56 - [MESSAGE][PASSED] - Call Test Case 'Test Cases/s-sidebar_navigation/individualAccount/Smart Replies' successfully

2019-04-23 12:37:56 - [TEST_STEP][PASSED] - delay: Delayed 3 second(s)

2019-04-23 12:37:59 - [MESSAGE][PASSED] - Delayed 3 second(s)

2019-04-23 12:37:59 - [TEST_STEP][PASSED] - Statement - driver = com.kms.katalon.core.webui.driver.DriverFactory.getWebDriver(): null

2019-04-23 12:37:59 - [TEST_STEP][PASSED] - Statement - rows_table1 = driver.findElements(org.openqa.selenium.By.xpath("//*[@id="m_form_status"]/option")): null

2019-04-23 12:37:59 - [TEST_STEP][PASSED] - Statement - println(rows_table1.size()): null

2019-04-23 12:37:59 - [TEST_STEP][PASSED] - Statement - rows_table1[2].click(): null

2019-04-23 12:37:59 - [TEST_STEP][PASSED] - delay: Delayed 3 second(s)

2019-04-23 12:38:02 - [MESSAGE][PASSED] - Delayed 3 second(s)

2019-04-23 12:38:02 - [TEST_STEP][PASSED] - Statement - Table = driver.findElement(org.openqa.selenium.By.xpath("//table/tbody")): null

2019-04-23 12:38:02 - [TEST_STEP][PASSED] - Statement - rows_table = Table.findElements(org.openqa.selenium.By.tagName("tr")): null

2019-04-23 12:38:02 - [TEST_STEP][PASSED] - Statement - rows_count = rows_table.size(): null

2019-04-23 12:38:02 - [TEST_STEP][PASSED] - verifyEqual: Actual object '1' and expected object '1' are equal

2019-04-23 12:38:02 - [MESSAGE][PASSED] - Actual object '1' and expected object '1' are equal]]></system-out>
         <system-err><![CDATA[]]></system-err>
      </testcase>
      <testcase name="Test Cases/Smart Replies/TC0632" classname="Test Cases/Smart Replies/TC0632" status="PASSED">
         <system-out><![CDATA[2019-04-23 12:38:02 - [TEST_CASE][PASSED] - Test Cases/Smart Replies/TC0632: Test Cases/Smart Replies/TC0632

2019-04-23 12:38:03 - [TEST_STEP][PASSED] - callTestCase: Call Test Case 'Test Cases/Smart Replies/Test-Actions-Button' successfully

2019-04-23 12:38:03 - [TEST_CASE][PASSED] - Test Cases/Smart Replies/Test-Actions-Button: Test Cases/Smart Replies/Test-Actions-Button

2019-04-23 12:38:03 - [TEST_STEP][PASSED] - callTestCase: Call Test Case 'Test Cases/s-sidebar_navigation/individualAccount/Smart Replies' successfully

2019-04-23 12:38:03 - [TEST_CASE][PASSED] - Test Cases/s-sidebar_navigation/individualAccount/Smart Replies: Test Cases/s-sidebar_navigation/individualAccount/Smart Replies

2019-04-23 12:38:03 - [TEST_STEP][PASSED] - click: Object: 'Object Repository/Page_KiboPush  Dashboard/span_Dashboard' is clicked on

2019-04-23 12:38:03 - [MESSAGE][PASSED] - Object: 'Object Repository/Page_KiboPush  Dashboard/span_Dashboard' is clicked on

2019-04-23 12:38:03 - [TEST_STEP][PASSED] - delay: Delayed 2 second(s)

2019-04-23 12:38:05 - [MESSAGE][PASSED] - Delayed 2 second(s)

2019-04-23 12:38:05 - [TEST_STEP][PASSED] - click: Object: 'Object Repository/Page_KiboPush  Dashboard/span_Smart Replies' is clicked on

2019-04-23 12:38:06 - [MESSAGE][PASSED] - Object: 'Object Repository/Page_KiboPush  Dashboard/span_Smart Replies' is clicked on

2019-04-23 12:38:06 - [TEST_STEP][PASSED] - scrollToPosition: Browser is scrolled to position x = 0, y = 0

2019-04-23 12:38:06 - [MESSAGE][PASSED] - Browser is scrolled to position x = 0, y = 0

2019-04-23 12:38:06 - [TEST_STEP][PASSED] - delay: Delayed 2 second(s)

2019-04-23 12:38:08 - [MESSAGE][PASSED] - Delayed 2 second(s)

2019-04-23 12:38:08 - [TEST_STEP][PASSED] - click: Object: 'Object Repository/Page_KiboPush  Dashboard/h3_Manage Bots' is clicked on

2019-04-23 12:38:08 - [MESSAGE][PASSED] - Object: 'Object Repository/Page_KiboPush  Dashboard/h3_Manage Bots' is clicked on

2019-04-23 12:38:08 - [MESSAGE][PASSED] - Call Test Case 'Test Cases/s-sidebar_navigation/individualAccount/Smart Replies' successfully

2019-04-23 12:38:08 - [TEST_STEP][PASSED] - delay: Delayed 3 second(s)

2019-04-23 12:38:11 - [MESSAGE][PASSED] - Delayed 3 second(s)

2019-04-23 12:38:11 - [TEST_STEP][PASSED] - click: Object: 'Object Repository/Page_KiboPush  Dashboard/i_la la-ellipsis-h (1)' is clicked on

2019-04-23 12:38:12 - [MESSAGE][PASSED] - Object: 'Object Repository/Page_KiboPush  Dashboard/i_la la-ellipsis-h (1)' is clicked on

2019-04-23 12:38:12 - [MESSAGE][PASSED] - Call Test Case 'Test Cases/Smart Replies/Test-Actions-Button' successfully

2019-04-23 12:38:12 - [TEST_STEP][PASSED] - delay: Delayed 2 second(s)

2019-04-23 12:38:14 - [MESSAGE][PASSED] - Delayed 2 second(s)]]></system-out>
         <system-err><![CDATA[]]></system-err>
      </testcase>
      <testcase name="Test Cases/Smart Replies/TC0633" classname="Test Cases/Smart Replies/TC0633" status="PASSED">
         <system-out><![CDATA[2019-04-23 12:38:14 - [TEST_CASE][PASSED] - Test Cases/Smart Replies/TC0633: Test Cases/Smart Replies/TC0633

2019-04-23 12:38:14 - [TEST_STEP][PASSED] - callTestCase: Call Test Case 'Test Cases/Smart Replies/Test-Actions-Button' successfully

2019-04-23 12:38:14 - [TEST_CASE][PASSED] - Test Cases/Smart Replies/Test-Actions-Button: Test Cases/Smart Replies/Test-Actions-Button

2019-04-23 12:38:14 - [TEST_STEP][PASSED] - callTestCase: Call Test Case 'Test Cases/s-sidebar_navigation/individualAccount/Smart Replies' successfully

2019-04-23 12:38:15 - [TEST_CASE][PASSED] - Test Cases/s-sidebar_navigation/individualAccount/Smart Replies: Test Cases/s-sidebar_navigation/individualAccount/Smart Replies

2019-04-23 12:38:15 - [TEST_STEP][PASSED] - click: Object: 'Object Repository/Page_KiboPush  Dashboard/span_Dashboard' is clicked on

2019-04-23 12:38:15 - [MESSAGE][PASSED] - Object: 'Object Repository/Page_KiboPush  Dashboard/span_Dashboard' is clicked on

2019-04-23 12:38:15 - [TEST_STEP][PASSED] - delay: Delayed 2 second(s)

2019-04-23 12:38:17 - [MESSAGE][PASSED] - Delayed 2 second(s)

2019-04-23 12:38:17 - [TEST_STEP][PASSED] - click: Object: 'Object Repository/Page_KiboPush  Dashboard/span_Smart Replies' is clicked on

2019-04-23 12:38:18 - [MESSAGE][PASSED] - Object: 'Object Repository/Page_KiboPush  Dashboard/span_Smart Replies' is clicked on

2019-04-23 12:38:18 - [TEST_STEP][PASSED] - scrollToPosition: Browser is scrolled to position x = 0, y = 0

2019-04-23 12:38:18 - [MESSAGE][PASSED] - Browser is scrolled to position x = 0, y = 0

2019-04-23 12:38:18 - [TEST_STEP][PASSED] - delay: Delayed 2 second(s)

2019-04-23 12:38:20 - [MESSAGE][PASSED] - Delayed 2 second(s)

2019-04-23 12:38:20 - [TEST_STEP][PASSED] - click: Object: 'Object Repository/Page_KiboPush  Dashboard/h3_Manage Bots' is clicked on

2019-04-23 12:38:20 - [MESSAGE][PASSED] - Object: 'Object Repository/Page_KiboPush  Dashboard/h3_Manage Bots' is clicked on

2019-04-23 12:38:20 - [MESSAGE][PASSED] - Call Test Case 'Test Cases/s-sidebar_navigation/individualAccount/Smart Replies' successfully

2019-04-23 12:38:20 - [TEST_STEP][PASSED] - delay: Delayed 3 second(s)

2019-04-23 12:38:23 - [MESSAGE][PASSED] - Delayed 3 second(s)

2019-04-23 12:38:23 - [TEST_STEP][PASSED] - click: Object: 'Object Repository/Page_KiboPush  Dashboard/i_la la-ellipsis-h (1)' is clicked on

2019-04-23 12:38:24 - [MESSAGE][PASSED] - Object: 'Object Repository/Page_KiboPush  Dashboard/i_la la-ellipsis-h (1)' is clicked on

2019-04-23 12:38:24 - [MESSAGE][PASSED] - Call Test Case 'Test Cases/Smart Replies/Test-Actions-Button' successfully

2019-04-23 12:38:24 - [TEST_STEP][PASSED] - delay: Delayed 2 second(s)

2019-04-23 12:38:26 - [MESSAGE][PASSED] - Delayed 2 second(s)

2019-04-23 12:38:26 - [TEST_STEP][PASSED] - click: Object: 'Object Repository/Page_KiboPush  Dashboard/span_Edit' is clicked on

2019-04-23 12:38:27 - [MESSAGE][PASSED] - Object: 'Object Repository/Page_KiboPush  Dashboard/span_Edit' is clicked on]]></system-out>
         <system-err><![CDATA[]]></system-err>
      </testcase>
      <testcase name="Test Cases/Smart Replies/TC0634" classname="Test Cases/Smart Replies/TC0634" status="FAILED">
         <failure type="FAILED" message="Unable to click on object 'Object Repository/Page_KiboPush  Dashboard/button_Delete (6)' (Root cause: org.openqa.selenium.WebDriverException: unknown error: Element &lt;button class=&quot;btn btn-primary btn-sm&quot; style=&quot;float: right;&quot;>...&lt;/button> is not clickable at point (820, 282). Other element would receive the click: &lt;div class=&quot;narcissus_17w311v&quot; style=&quot;position: absolute; margin-bottom: 20px; width: 500px; top: 188px; transform: matrix3d(1.0626, 0, 0, 0, 0, 1.0626, 0, 0, 0, 0, 1, 0, 0, 0, 0, 1); left: 391px;&quot;>...&lt;/div>
  (Session info: chrome=73.0.3683.103)
  (Driver info: chromedriver=2.35.528161 (5b82f2d2aae0ca24b877009200ced9065a772e73),platform=Windows NT 10.0.17134 x86_64) (WARNING: The server did not provide any stacktrace information)
Command duration or timeout: 0 milliseconds
Build info: version: '3.7.1', revision: '8a0099a', time: '2017-11-06T21:07:36.161Z'
System info: host: 'DESKTOP-4M6R1V0', ip: '10.0.2.15', os.name: 'Windows 10', os.arch: 'amd64', os.version: '10.0', java.version: '1.8.0_181'
Driver info: com.kms.katalon.selenium.driver.CChromeDriver
Capabilities {acceptInsecureCerts: false, acceptSslCerts: false, applicationCacheEnabled: false, browserConnectionEnabled: false, browserName: chrome, chrome: {chromedriverVersion: 2.35.528161 (5b82f2d2aae0ca..., userDataDir: C:\Users\CLOUDK~1\AppData\L...}, cssSelectorsEnabled: true, databaseEnabled: false, handlesAlerts: true, hasTouchScreen: false, javascriptEnabled: true, locationContextEnabled: true, mobileEmulationEnabled: false, nativeEvents: true, networkConnectionEnabled: false, pageLoadStrategy: normal, platform: XP, platformName: XP, rotatable: false, setWindowRect: true, takesHeapSnapshot: true, takesScreenshot: true, unexpectedAlertBehaviour: , unhandledPromptBehavior: , version: 73.0.3683.103, webStorageEnabled: true}
Session ID: 5100d5738e6ffa5ce3f5e25fe980c5ff)"/>
         <system-out><![CDATA[2019-04-23 12:38:27 - [TEST_CASE][FAILED] - Test Cases/Smart Replies/TC0634: Test Cases/Smart Replies/TC0634 FAILED because (of) Unable to click on object 'Object Repository/Page_KiboPush  Dashboard/button_Delete (6)' (Root cause: org.openqa.selenium.WebDriverException: unknown error: Element <button class="btn btn-primary btn-sm" style="float: right;">...</button> is not clickable at point (820, 282). Other element would receive the click: <div class="narcissus_17w311v" style="position: absolute; margin-bottom: 20px; width: 500px; top: 188px; transform: matrix3d(1.0626, 0, 0, 0, 0, 1.0626, 0, 0, 0, 0, 1, 0, 0, 0, 0, 1); left: 391px;">...</div>
  (Session info: chrome=73.0.3683.103)
  (Driver info: chromedriver=2.35.528161 (5b82f2d2aae0ca24b877009200ced9065a772e73),platform=Windows NT 10.0.17134 x86_64) (WARNING: The server did not provide any stacktrace information)
Command duration or timeout: 0 milliseconds
Build info: version: '3.7.1', revision: '8a0099a', time: '2017-11-06T21:07:36.161Z'
System info: host: 'DESKTOP-4M6R1V0', ip: '10.0.2.15', os.name: 'Windows 10', os.arch: 'amd64', os.version: '10.0', java.version: '1.8.0_181'
Driver info: com.kms.katalon.selenium.driver.CChromeDriver
Capabilities {acceptInsecureCerts: false, acceptSslCerts: false, applicationCacheEnabled: false, browserConnectionEnabled: false, browserName: chrome, chrome: {chromedriverVersion: 2.35.528161 (5b82f2d2aae0ca..., userDataDir: C:\Users\CLOUDK~1\AppData\L...}, cssSelectorsEnabled: true, databaseEnabled: false, handlesAlerts: true, hasTouchScreen: false, javascriptEnabled: true, locationContextEnabled: true, mobileEmulationEnabled: false, nativeEvents: true, networkConnectionEnabled: false, pageLoadStrategy: normal, platform: XP, platformName: XP, rotatable: false, setWindowRect: true, takesHeapSnapshot: true, takesScreenshot: true, unexpectedAlertBehaviour: , unhandledPromptBehavior: , version: 73.0.3683.103, webStorageEnabled: true}
Session ID: 5100d5738e6ffa5ce3f5e25fe980c5ff)

2019-04-23 12:38:28 - [TEST_STEP][PASSED] - callTestCase: Call Test Case 'Test Cases/Smart Replies/Test-Actions-Button' successfully

2019-04-23 12:38:28 - [TEST_CASE][PASSED] - Test Cases/Smart Replies/Test-Actions-Button: Test Cases/Smart Replies/Test-Actions-Button

2019-04-23 12:38:28 - [TEST_STEP][PASSED] - callTestCase: Call Test Case 'Test Cases/s-sidebar_navigation/individualAccount/Smart Replies' successfully

2019-04-23 12:38:28 - [TEST_CASE][PASSED] - Test Cases/s-sidebar_navigation/individualAccount/Smart Replies: Test Cases/s-sidebar_navigation/individualAccount/Smart Replies

2019-04-23 12:38:28 - [TEST_STEP][PASSED] - click: Object: 'Object Repository/Page_KiboPush  Dashboard/span_Dashboard' is clicked on

2019-04-23 12:38:29 - [MESSAGE][PASSED] - Object: 'Object Repository/Page_KiboPush  Dashboard/span_Dashboard' is clicked on

2019-04-23 12:38:29 - [TEST_STEP][PASSED] - delay: Delayed 2 second(s)

2019-04-23 12:38:31 - [MESSAGE][PASSED] - Delayed 2 second(s)

2019-04-23 12:38:31 - [TEST_STEP][PASSED] - click: Object: 'Object Repository/Page_KiboPush  Dashboard/span_Smart Replies' is clicked on

2019-04-23 12:38:31 - [MESSAGE][PASSED] - Object: 'Object Repository/Page_KiboPush  Dashboard/span_Smart Replies' is clicked on

2019-04-23 12:38:31 - [TEST_STEP][PASSED] - scrollToPosition: Browser is scrolled to position x = 0, y = 0

2019-04-23 12:38:31 - [MESSAGE][PASSED] - Browser is scrolled to position x = 0, y = 0

2019-04-23 12:38:31 - [TEST_STEP][PASSED] - delay: Delayed 2 second(s)

2019-04-23 12:38:33 - [MESSAGE][PASSED] - Delayed 2 second(s)

2019-04-23 12:38:33 - [TEST_STEP][PASSED] - click: Object: 'Object Repository/Page_KiboPush  Dashboard/h3_Manage Bots' is clicked on

2019-04-23 12:38:34 - [MESSAGE][PASSED] - Object: 'Object Repository/Page_KiboPush  Dashboard/h3_Manage Bots' is clicked on

2019-04-23 12:38:34 - [MESSAGE][PASSED] - Call Test Case 'Test Cases/s-sidebar_navigation/individualAccount/Smart Replies' successfully

2019-04-23 12:38:34 - [TEST_STEP][PASSED] - delay: Delayed 3 second(s)

2019-04-23 12:38:37 - [MESSAGE][PASSED] - Delayed 3 second(s)

2019-04-23 12:38:37 - [TEST_STEP][PASSED] - click: Object: 'Object Repository/Page_KiboPush  Dashboard/i_la la-ellipsis-h (1)' is clicked on

2019-04-23 12:38:37 - [MESSAGE][PASSED] - Object: 'Object Repository/Page_KiboPush  Dashboard/i_la la-ellipsis-h (1)' is clicked on

2019-04-23 12:38:37 - [MESSAGE][PASSED] - Call Test Case 'Test Cases/Smart Replies/Test-Actions-Button' successfully

2019-04-23 12:38:37 - [TEST_STEP][PASSED] - delay: Delayed 5 second(s)

2019-04-23 12:38:42 - [MESSAGE][PASSED] - Delayed 5 second(s)

2019-04-23 12:38:42 - [TEST_STEP][PASSED] - click: Object: 'Object Repository/Page_KiboPush  Dashboard/span_Delete' is clicked on

2019-04-23 12:38:43 - [MESSAGE][PASSED] - Object: 'Object Repository/Page_KiboPush  Dashboard/span_Delete' is clicked on

2019-04-23 12:38:43 - [TEST_STEP][PASSED] - click: Object: 'Object Repository/Page_KiboPush  Dashboard/button_Delete (6)' is clicked on

2019-04-23 12:38:43 - [MESSAGE][PASSED] - Object: 'Object Repository/Page_KiboPush  Dashboard/button_Delete (6)' is clicked on

2019-04-23 12:38:43 - [TEST_STEP][PASSED] - delay: Delayed 2 second(s)

2019-04-23 12:38:45 - [MESSAGE][PASSED] - Delayed 2 second(s)

2019-04-23 12:38:45 - [TEST_STEP][PASSED] - click: Object: 'Object Repository/Page_KiboPush  Dashboard/div_Bot deleted successfully' is clicked on

2019-04-23 12:38:47 - [MESSAGE][PASSED] - Object: 'Object Repository/Page_KiboPush  Dashboard/div_Bot deleted successfully' is clicked on

2019-04-23 12:38:47 - [TEST_STEP][PASSED] - delay: Delayed 5 second(s)

2019-04-23 12:38:52 - [MESSAGE][PASSED] - Delayed 5 second(s)

2019-04-23 12:38:52 - [TEST_STEP][PASSED] - click: Object: 'Object Repository/Page_KiboPush  Dashboard/i_la la-ellipsis-h (1)' is clicked on

2019-04-23 12:38:53 - [MESSAGE][PASSED] - Object: 'Object Repository/Page_KiboPush  Dashboard/i_la la-ellipsis-h (1)' is clicked on

2019-04-23 12:38:53 - [TEST_STEP][PASSED] - delay: Delayed 1 second(s)

2019-04-23 12:38:54 - [MESSAGE][PASSED] - Delayed 1 second(s)

2019-04-23 12:38:54 - [TEST_STEP][PASSED] - click: Object: 'Object Repository/Page_KiboPush  Dashboard/span_Delete' is clicked on

2019-04-23 12:38:54 - [MESSAGE][PASSED] - Object: 'Object Repository/Page_KiboPush  Dashboard/span_Delete' is clicked on

2019-04-23 12:38:54 - [TEST_STEP][PASSED] - click: Object: 'Object Repository/Page_KiboPush  Dashboard/button_Delete (6)' is clicked on

2019-04-23 12:38:55 - [MESSAGE][PASSED] - Object: 'Object Repository/Page_KiboPush  Dashboard/button_Delete (6)' is clicked on

2019-04-23 12:38:55 - [TEST_STEP][PASSED] - delay: Delayed 2 second(s)

2019-04-23 12:38:57 - [MESSAGE][PASSED] - Delayed 2 second(s)

2019-04-23 12:38:57 - [TEST_STEP][PASSED] - click: Object: 'Object Repository/Page_KiboPush  Dashboard/div_Bot deleted successfully' is clicked on

2019-04-23 12:38:59 - [MESSAGE][PASSED] - Object: 'Object Repository/Page_KiboPush  Dashboard/div_Bot deleted successfully' is clicked on

2019-04-23 12:38:59 - [TEST_STEP][PASSED] - delay: Delayed 5 second(s)

2019-04-23 12:39:04 - [MESSAGE][PASSED] - Delayed 5 second(s)

2019-04-23 12:39:04 - [TEST_STEP][PASSED] - click: Object: 'Object Repository/Page_KiboPush  Dashboard/i_la la-ellipsis-h (1)' is clicked on

2019-04-23 12:39:04 - [MESSAGE][PASSED] - Object: 'Object Repository/Page_KiboPush  Dashboard/i_la la-ellipsis-h (1)' is clicked on

2019-04-23 12:39:04 - [TEST_STEP][PASSED] - delay: Delayed 1 second(s)

2019-04-23 12:39:05 - [MESSAGE][PASSED] - Delayed 1 second(s)

2019-04-23 12:39:05 - [TEST_STEP][PASSED] - click: Object: 'Object Repository/Page_KiboPush  Dashboard/span_Delete' is clicked on

2019-04-23 12:39:06 - [MESSAGE][PASSED] - Object: 'Object Repository/Page_KiboPush  Dashboard/span_Delete' is clicked on

2019-04-23 12:39:06 - [TEST_STEP][FAILED] - click: Unable to click on object 'Object Repository/Page_KiboPush  Dashboard/button_Delete (6)' (Root cause: org.openqa.selenium.WebDriverException: unknown error: Element <button class="btn btn-primary btn-sm" style="float: right;">...</button> is not clickable at point (820, 282). Other element would receive the click: <div class="narcissus_17w311v" style="position: absolute; margin-bottom: 20px; width: 500px; top: 188px; transform: matrix3d(1.0626, 0, 0, 0, 0, 1.0626, 0, 0, 0, 0, 1, 0, 0, 0, 0, 1); left: 391px;">...</div>
  (Session info: chrome=73.0.3683.103)
  (Driver info: chromedriver=2.35.528161 (5b82f2d2aae0ca24b877009200ced9065a772e73),platform=Windows NT 10.0.17134 x86_64) (WARNING: The server did not provide any stacktrace information)
Command duration or timeout: 0 milliseconds
Build info: version: '3.7.1', revision: '8a0099a', time: '2017-11-06T21:07:36.161Z'
System info: host: 'DESKTOP-4M6R1V0', ip: '10.0.2.15', os.name: 'Windows 10', os.arch: 'amd64', os.version: '10.0', java.version: '1.8.0_181'
Driver info: com.kms.katalon.selenium.driver.CChromeDriver
Capabilities {acceptInsecureCerts: false, acceptSslCerts: false, applicationCacheEnabled: false, browserConnectionEnabled: false, browserName: chrome, chrome: {chromedriverVersion: 2.35.528161 (5b82f2d2aae0ca..., userDataDir: C:\Users\CLOUDK~1\AppData\L...}, cssSelectorsEnabled: true, databaseEnabled: false, handlesAlerts: true, hasTouchScreen: false, javascriptEnabled: true, locationContextEnabled: true, mobileEmulationEnabled: false, nativeEvents: true, networkConnectionEnabled: false, pageLoadStrategy: normal, platform: XP, platformName: XP, rotatable: false, setWindowRect: true, takesHeapSnapshot: true, takesScreenshot: true, unexpectedAlertBehaviour: , unhandledPromptBehavior: , version: 73.0.3683.103, webStorageEnabled: true}
Session ID: 5100d5738e6ffa5ce3f5e25fe980c5ff)

2019-04-23 12:39:07 - [MESSAGE][FAILED] - Unable to click on object 'Object Repository/Page_KiboPush  Dashboard/button_Delete (6)' (Root cause: org.openqa.selenium.WebDriverException: unknown error: Element <button class="btn btn-primary btn-sm" style="float: right;">...</button> is not clickable at point (820, 282). Other element would receive the click: <div class="narcissus_17w311v" style="position: absolute; margin-bottom: 20px; width: 500px; top: 188px; transform: matrix3d(1.0626, 0, 0, 0, 0, 1.0626, 0, 0, 0, 0, 1, 0, 0, 0, 0, 1); left: 391px;">...</div>
  (Session info: chrome=73.0.3683.103)
  (Driver info: chromedriver=2.35.528161 (5b82f2d2aae0ca24b877009200ced9065a772e73),platform=Windows NT 10.0.17134 x86_64) (WARNING: The server did not provide any stacktrace information)
Command duration or timeout: 0 milliseconds
Build info: version: '3.7.1', revision: '8a0099a', time: '2017-11-06T21:07:36.161Z'
System info: host: 'DESKTOP-4M6R1V0', ip: '10.0.2.15', os.name: 'Windows 10', os.arch: 'amd64', os.version: '10.0', java.version: '1.8.0_181'
Driver info: com.kms.katalon.selenium.driver.CChromeDriver
Capabilities {acceptInsecureCerts: false, acceptSslCerts: false, applicationCacheEnabled: false, browserConnectionEnabled: false, browserName: chrome, chrome: {chromedriverVersion: 2.35.528161 (5b82f2d2aae0ca..., userDataDir: C:\Users\CLOUDK~1\AppData\L...}, cssSelectorsEnabled: true, databaseEnabled: false, handlesAlerts: true, hasTouchScreen: false, javascriptEnabled: true, locationContextEnabled: true, mobileEmulationEnabled: false, nativeEvents: true, networkConnectionEnabled: false, pageLoadStrategy: normal, platform: XP, platformName: XP, rotatable: false, setWindowRect: true, takesHeapSnapshot: true, takesScreenshot: true, unexpectedAlertBehaviour: , unhandledPromptBehavior: , version: 73.0.3683.103, webStorageEnabled: true}
Session ID: 5100d5738e6ffa5ce3f5e25fe980c5ff)
[[ATTACHMENT|C:\\Users\\cloudkibo\\Desktop\\KiboPush_Automated_Testing\\KiboPush Katalon\\Reports\\smart replies\\20190423_123258\\1556005146570.png]]]]></system-out>
         <system-err><![CDATA[2019-04-23 12:38:27 - [TEST_CASE][FAILED] - Test Cases/Smart Replies/TC0634: Test Cases/Smart Replies/TC0634 FAILED because (of) Unable to click on object 'Object Repository/Page_KiboPush  Dashboard/button_Delete (6)' (Root cause: org.openqa.selenium.WebDriverException: unknown error: Element <button class="btn btn-primary btn-sm" style="float: right;">...</button> is not clickable at point (820, 282). Other element would receive the click: <div class="narcissus_17w311v" style="position: absolute; margin-bottom: 20px; width: 500px; top: 188px; transform: matrix3d(1.0626, 0, 0, 0, 0, 1.0626, 0, 0, 0, 0, 1, 0, 0, 0, 0, 1); left: 391px;">...</div>
  (Session info: chrome=73.0.3683.103)
  (Driver info: chromedriver=2.35.528161 (5b82f2d2aae0ca24b877009200ced9065a772e73),platform=Windows NT 10.0.17134 x86_64) (WARNING: The server did not provide any stacktrace information)
Command duration or timeout: 0 milliseconds
Build info: version: '3.7.1', revision: '8a0099a', time: '2017-11-06T21:07:36.161Z'
System info: host: 'DESKTOP-4M6R1V0', ip: '10.0.2.15', os.name: 'Windows 10', os.arch: 'amd64', os.version: '10.0', java.version: '1.8.0_181'
Driver info: com.kms.katalon.selenium.driver.CChromeDriver
Capabilities {acceptInsecureCerts: false, acceptSslCerts: false, applicationCacheEnabled: false, browserConnectionEnabled: false, browserName: chrome, chrome: {chromedriverVersion: 2.35.528161 (5b82f2d2aae0ca..., userDataDir: C:\Users\CLOUDK~1\AppData\L...}, cssSelectorsEnabled: true, databaseEnabled: false, handlesAlerts: true, hasTouchScreen: false, javascriptEnabled: true, locationContextEnabled: true, mobileEmulationEnabled: false, nativeEvents: true, networkConnectionEnabled: false, pageLoadStrategy: normal, platform: XP, platformName: XP, rotatable: false, setWindowRect: true, takesHeapSnapshot: true, takesScreenshot: true, unexpectedAlertBehaviour: , unhandledPromptBehavior: , version: 73.0.3683.103, webStorageEnabled: true}
Session ID: 5100d5738e6ffa5ce3f5e25fe980c5ff)]]></system-err>
      </testcase>
      <testcase name="Test Cases/Smart Replies/TC0635" classname="Test Cases/Smart Replies/TC0635" status="PASSED">
         <system-out><![CDATA[2019-04-23 12:39:07 - [TEST_CASE][PASSED] - Test Cases/Smart Replies/TC0635: Test Cases/Smart Replies/TC0635

2019-04-23 12:39:08 - [TEST_STEP][PASSED] - callTestCase: Call Test Case 'Test Cases/Smart Replies/Test-Actions-Button' successfully

2019-04-23 12:39:08 - [TEST_CASE][PASSED] - Test Cases/Smart Replies/Test-Actions-Button: Test Cases/Smart Replies/Test-Actions-Button

2019-04-23 12:39:08 - [TEST_STEP][PASSED] - callTestCase: Call Test Case 'Test Cases/s-sidebar_navigation/individualAccount/Smart Replies' successfully

2019-04-23 12:39:09 - [TEST_CASE][PASSED] - Test Cases/s-sidebar_navigation/individualAccount/Smart Replies: Test Cases/s-sidebar_navigation/individualAccount/Smart Replies

2019-04-23 12:39:09 - [TEST_STEP][PASSED] - click: Object: 'Object Repository/Page_KiboPush  Dashboard/span_Dashboard' is clicked on

2019-04-23 12:39:09 - [MESSAGE][PASSED] - Object: 'Object Repository/Page_KiboPush  Dashboard/span_Dashboard' is clicked on

2019-04-23 12:39:09 - [TEST_STEP][PASSED] - delay: Delayed 2 second(s)

2019-04-23 12:39:11 - [MESSAGE][PASSED] - Delayed 2 second(s)

2019-04-23 12:39:11 - [TEST_STEP][PASSED] - click: Object: 'Object Repository/Page_KiboPush  Dashboard/span_Smart Replies' is clicked on

2019-04-23 12:39:13 - [MESSAGE][PASSED] - Object: 'Object Repository/Page_KiboPush  Dashboard/span_Smart Replies' is clicked on

2019-04-23 12:39:13 - [TEST_STEP][PASSED] - scrollToPosition: Browser is scrolled to position x = 0, y = 0

2019-04-23 12:39:13 - [MESSAGE][PASSED] - Browser is scrolled to position x = 0, y = 0

2019-04-23 12:39:13 - [TEST_STEP][PASSED] - delay: Delayed 2 second(s)

2019-04-23 12:39:15 - [MESSAGE][PASSED] - Delayed 2 second(s)

2019-04-23 12:39:15 - [TEST_STEP][PASSED] - click: Object: 'Object Repository/Page_KiboPush  Dashboard/h3_Manage Bots' is clicked on

2019-04-23 12:39:15 - [MESSAGE][PASSED] - Object: 'Object Repository/Page_KiboPush  Dashboard/h3_Manage Bots' is clicked on

2019-04-23 12:39:15 - [MESSAGE][PASSED] - Call Test Case 'Test Cases/s-sidebar_navigation/individualAccount/Smart Replies' successfully

2019-04-23 12:39:15 - [TEST_STEP][PASSED] - delay: Delayed 3 second(s)

2019-04-23 12:39:19 - [MESSAGE][PASSED] - Delayed 3 second(s)

2019-04-23 12:39:19 - [TEST_STEP][PASSED] - click: Object: 'Object Repository/Page_KiboPush  Dashboard/i_la la-ellipsis-h (1)' is clicked on

2019-04-23 12:39:19 - [MESSAGE][PASSED] - Object: 'Object Repository/Page_KiboPush  Dashboard/i_la la-ellipsis-h (1)' is clicked on

2019-04-23 12:39:19 - [MESSAGE][PASSED] - Call Test Case 'Test Cases/Smart Replies/Test-Actions-Button' successfully

2019-04-23 12:39:19 - [TEST_STEP][PASSED] - delay: Delayed 1 second(s)

2019-04-23 12:39:20 - [MESSAGE][PASSED] - Delayed 1 second(s)

2019-04-23 12:39:20 - [TEST_STEP][PASSED] - click: Object: 'Object Repository/Page_KiboPush  Dashboard/span_Unanswered Queries (1) (1) (1)' is clicked on

2019-04-23 12:39:21 - [MESSAGE][PASSED] - Object: 'Object Repository/Page_KiboPush  Dashboard/span_Unanswered Queries (1) (1) (1)' is clicked on]]></system-out>
         <system-err><![CDATA[]]></system-err>
      </testcase>
      <testcase name="Test Cases/Smart Replies/TC0636" classname="Test Cases/Smart Replies/TC0636" status="PASSED">
         <system-out><![CDATA[2019-04-23 12:39:21 - [TEST_CASE][PASSED] - Test Cases/Smart Replies/TC0636: Test Cases/Smart Replies/TC0636

2019-04-23 12:39:21 - [TEST_STEP][PASSED] - callTestCase: Call Test Case 'Test Cases/Smart Replies/Test-Actions-Button' successfully

2019-04-23 12:39:21 - [TEST_CASE][PASSED] - Test Cases/Smart Replies/Test-Actions-Button: Test Cases/Smart Replies/Test-Actions-Button

2019-04-23 12:39:21 - [TEST_STEP][PASSED] - callTestCase: Call Test Case 'Test Cases/s-sidebar_navigation/individualAccount/Smart Replies' successfully

2019-04-23 12:39:21 - [TEST_CASE][PASSED] - Test Cases/s-sidebar_navigation/individualAccount/Smart Replies: Test Cases/s-sidebar_navigation/individualAccount/Smart Replies

2019-04-23 12:39:21 - [TEST_STEP][PASSED] - click: Object: 'Object Repository/Page_KiboPush  Dashboard/span_Dashboard' is clicked on

2019-04-23 12:39:22 - [MESSAGE][PASSED] - Object: 'Object Repository/Page_KiboPush  Dashboard/span_Dashboard' is clicked on

2019-04-23 12:39:22 - [TEST_STEP][PASSED] - delay: Delayed 2 second(s)

2019-04-23 12:39:24 - [MESSAGE][PASSED] - Delayed 2 second(s)

2019-04-23 12:39:24 - [TEST_STEP][PASSED] - click: Object: 'Object Repository/Page_KiboPush  Dashboard/span_Smart Replies' is clicked on

2019-04-23 12:39:25 - [MESSAGE][PASSED] - Object: 'Object Repository/Page_KiboPush  Dashboard/span_Smart Replies' is clicked on

2019-04-23 12:39:25 - [TEST_STEP][PASSED] - scrollToPosition: Browser is scrolled to position x = 0, y = 0

2019-04-23 12:39:25 - [MESSAGE][PASSED] - Browser is scrolled to position x = 0, y = 0

2019-04-23 12:39:25 - [TEST_STEP][PASSED] - delay: Delayed 2 second(s)

2019-04-23 12:39:27 - [MESSAGE][PASSED] - Delayed 2 second(s)

2019-04-23 12:39:27 - [TEST_STEP][PASSED] - click: Object: 'Object Repository/Page_KiboPush  Dashboard/h3_Manage Bots' is clicked on

2019-04-23 12:39:27 - [MESSAGE][PASSED] - Object: 'Object Repository/Page_KiboPush  Dashboard/h3_Manage Bots' is clicked on

2019-04-23 12:39:27 - [MESSAGE][PASSED] - Call Test Case 'Test Cases/s-sidebar_navigation/individualAccount/Smart Replies' successfully

2019-04-23 12:39:27 - [TEST_STEP][PASSED] - delay: Delayed 3 second(s)

2019-04-23 12:39:30 - [MESSAGE][PASSED] - Delayed 3 second(s)

2019-04-23 12:39:30 - [TEST_STEP][PASSED] - click: Object: 'Object Repository/Page_KiboPush  Dashboard/i_la la-ellipsis-h (1)' is clicked on

2019-04-23 12:39:31 - [MESSAGE][PASSED] - Object: 'Object Repository/Page_KiboPush  Dashboard/i_la la-ellipsis-h (1)' is clicked on

2019-04-23 12:39:31 - [MESSAGE][PASSED] - Call Test Case 'Test Cases/Smart Replies/Test-Actions-Button' successfully

2019-04-23 12:39:31 - [TEST_STEP][PASSED] - delay: Delayed 2 second(s)

2019-04-23 12:39:33 - [MESSAGE][PASSED] - Delayed 2 second(s)

2019-04-23 12:39:33 - [TEST_STEP][PASSED] - click: Object: 'Object Repository/Page_KiboPush  Dashboard/span_Waiting Subscribers (1)' is clicked on

2019-04-23 12:39:33 - [MESSAGE][PASSED] - Object: 'Object Repository/Page_KiboPush  Dashboard/span_Waiting Subscribers (1)' is clicked on

2019-04-23 12:39:33 - [TEST_STEP][PASSED] - scrollToPosition: Browser is scrolled to position x = 0, y = 0

2019-04-23 12:39:34 - [MESSAGE][PASSED] - Browser is scrolled to position x = 0, y = 0

2019-04-23 12:39:34 - [TEST_STEP][PASSED] - click: Object: 'Object Repository/Page_KiboPush  Dashboard/h3_Subscribers waiting for res (1)' is clicked on

2019-04-23 12:39:34 - [MESSAGE][PASSED] - Object: 'Object Repository/Page_KiboPush  Dashboard/h3_Subscribers waiting for res (1)' is clicked on

2019-04-23 12:39:34 - [TEST_STEP][PASSED] - click: Object: 'Object Repository/Page_KiboPush  Dashboard/a_Back (6)' is clicked on

2019-04-23 12:39:34 - [MESSAGE][PASSED] - Object: 'Object Repository/Page_KiboPush  Dashboard/a_Back (6)' is clicked on

2019-04-23 12:39:34 - [TEST_STEP][PASSED] - delay: Delayed 3 second(s)

2019-04-23 12:39:37 - [MESSAGE][PASSED] - Delayed 3 second(s)

2019-04-23 12:39:37 - [TEST_STEP][PASSED] - click: Object: 'Object Repository/Page_KiboPush  Dashboard/i_la la-ellipsis-h (1)' is clicked on

2019-04-23 12:39:38 - [MESSAGE][PASSED] - Object: 'Object Repository/Page_KiboPush  Dashboard/i_la la-ellipsis-h (1)' is clicked on

2019-04-23 12:39:38 - [TEST_STEP][PASSED] - delay: Delayed 1 second(s)

2019-04-23 12:39:39 - [MESSAGE][PASSED] - Delayed 1 second(s)

2019-04-23 12:39:39 - [TEST_STEP][PASSED] - click: Object: 'Object Repository/Page_KiboPush  Dashboard/span_Delete' is clicked on

2019-04-23 12:39:39 - [MESSAGE][PASSED] - Object: 'Object Repository/Page_KiboPush  Dashboard/span_Delete' is clicked on

2019-04-23 12:39:39 - [TEST_STEP][PASSED] - click: Object: 'Object Repository/Page_KiboPush  Dashboard/button_Delete (6)' is clicked on

2019-04-23 12:39:40 - [MESSAGE][PASSED] - Object: 'Object Repository/Page_KiboPush  Dashboard/button_Delete (6)' is clicked on

2019-04-23 12:39:40 - [TEST_STEP][PASSED] - delay: Delayed 2 second(s)

2019-04-23 12:39:42 - [MESSAGE][PASSED] - Delayed 2 second(s)

2019-04-23 12:39:42 - [TEST_STEP][PASSED] - click: Object: 'Object Repository/Page_KiboPush  Dashboard/div_Bot deleted successfully' is clicked on

2019-04-23 12:39:43 - [MESSAGE][PASSED] - Object: 'Object Repository/Page_KiboPush  Dashboard/div_Bot deleted successfully' is clicked on]]></system-out>
         <system-err><![CDATA[]]></system-err>
      </testcase>
      <system-out><![CDATA[2019-04-23 12:33:02 - [TEST_SUITE][FAILED] - smart replies: Test Cases/Smart Replies/TC0634 FAILED because (of) Unable to click on object 'Object Repository/Page_KiboPush  Dashboard/button_Delete (6)' (Root cause: org.openqa.selenium.WebDriverException: unknown error: Element <button class="btn btn-primary btn-sm" style="float: right;">...</button> is not clickable at point (820, 282). Other element would receive the click: <div class="narcissus_17w311v" style="position: absolute; margin-bottom: 20px; width: 500px; top: 188px; transform: matrix3d(1.0626, 0, 0, 0, 0, 1.0626, 0, 0, 0, 0, 1, 0, 0, 0, 0, 1); left: 391px;">...</div>
  (Session info: chrome=73.0.3683.103)
  (Driver info: chromedriver=2.35.528161 (5b82f2d2aae0ca24b877009200ced9065a772e73),platform=Windows NT 10.0.17134 x86_64) (WARNING: The server did not provide any stacktrace information)
Command duration or timeout: 0 milliseconds
Build info: version: '3.7.1', revision: '8a0099a', time: '2017-11-06T21:07:36.161Z'
System info: host: 'DESKTOP-4M6R1V0', ip: '10.0.2.15', os.name: 'Windows 10', os.arch: 'amd64', os.version: '10.0', java.version: '1.8.0_181'
Driver info: com.kms.katalon.selenium.driver.CChromeDriver
Capabilities {acceptInsecureCerts: false, acceptSslCerts: false, applicationCacheEnabled: false, browserConnectionEnabled: false, browserName: chrome, chrome: {chromedriverVersion: 2.35.528161 (5b82f2d2aae0ca..., userDataDir: C:\Users\CLOUDK~1\AppData\L...}, cssSelectorsEnabled: true, databaseEnabled: false, handlesAlerts: true, hasTouchScreen: false, javascriptEnabled: true, locationContextEnabled: true, mobileEmulationEnabled: false, nativeEvents: true, networkConnectionEnabled: false, pageLoadStrategy: normal, platform: XP, platformName: XP, rotatable: false, setWindowRect: true, takesHeapSnapshot: true, takesScreenshot: true, unexpectedAlertBehaviour: , unhandledPromptBehavior: , version: 73.0.3683.103, webStorageEnabled: true}
Session ID: 5100d5738e6ffa5ce3f5e25fe980c5ff)]]></system-out>
      <system-err><![CDATA[2019-04-23 12:33:02 - [TEST_SUITE][FAILED] - smart replies: Test Cases/Smart Replies/TC0634 FAILED because (of) Unable to click on object 'Object Repository/Page_KiboPush  Dashboard/button_Delete (6)' (Root cause: org.openqa.selenium.WebDriverException: unknown error: Element <button class="btn btn-primary btn-sm" style="float: right;">...</button> is not clickable at point (820, 282). Other element would receive the click: <div class="narcissus_17w311v" style="position: absolute; margin-bottom: 20px; width: 500px; top: 188px; transform: matrix3d(1.0626, 0, 0, 0, 0, 1.0626, 0, 0, 0, 0, 1, 0, 0, 0, 0, 1); left: 391px;">...</div>
  (Session info: chrome=73.0.3683.103)
  (Driver info: chromedriver=2.35.528161 (5b82f2d2aae0ca24b877009200ced9065a772e73),platform=Windows NT 10.0.17134 x86_64) (WARNING: The server did not provide any stacktrace information)
Command duration or timeout: 0 milliseconds
Build info: version: '3.7.1', revision: '8a0099a', time: '2017-11-06T21:07:36.161Z'
System info: host: 'DESKTOP-4M6R1V0', ip: '10.0.2.15', os.name: 'Windows 10', os.arch: 'amd64', os.version: '10.0', java.version: '1.8.0_181'
Driver info: com.kms.katalon.selenium.driver.CChromeDriver
Capabilities {acceptInsecureCerts: false, acceptSslCerts: false, applicationCacheEnabled: false, browserConnectionEnabled: false, browserName: chrome, chrome: {chromedriverVersion: 2.35.528161 (5b82f2d2aae0ca..., userDataDir: C:\Users\CLOUDK~1\AppData\L...}, cssSelectorsEnabled: true, databaseEnabled: false, handlesAlerts: true, hasTouchScreen: false, javascriptEnabled: true, locationContextEnabled: true, mobileEmulationEnabled: false, nativeEvents: true, networkConnectionEnabled: false, pageLoadStrategy: normal, platform: XP, platformName: XP, rotatable: false, setWindowRect: true, takesHeapSnapshot: true, takesScreenshot: true, unexpectedAlertBehaviour: , unhandledPromptBehavior: , version: 73.0.3683.103, webStorageEnabled: true}
Session ID: 5100d5738e6ffa5ce3f5e25fe980c5ff)]]></system-err>
   </testsuite>
</testsuites>
