<?xml version="1.0" encoding="UTF-8"?>
<testsuites name="KiboPush Broadcasts" time="489" tests="15" failures="6" errors="0">
   <testsuite name="KiboPush Broadcasts" tests="15" failures="6" errors="0" time="489" timestamp="2018-08-06 16:39:16" hostname="baqarjafri - 192.168.8.103" id="Test Suites/KiboPush Broadcasts">
      <properties>
         <property name="deviceName" value=""/>
         <property name="devicePlatform" value=""/>
         <property name="logFolder" value="/Users/baqarjafri/Katalon Studio/KiboPush/Reports/KiboPush Broadcasts/20180806_163904"/>
         <property name="logFiles" value="/Users/baqarjafri/Katalon Studio/KiboPush/Reports/KiboPush Broadcasts/20180806_163904/execution0.log"/>
         <property name="attachments" value="/Users/baqarjafri/Katalon Studio/KiboPush/Reports/KiboPush Broadcasts/20180806_163904/1533555743587.png, /Users/baqarjafri/Katalon Studio/KiboPush/Reports/KiboPush Broadcasts/20180806_163904/1533555797399.png, /Users/baqarjafri/Katalon Studio/KiboPush/Reports/KiboPush Broadcasts/20180806_163904/1533555815630.png, /Users/baqarjafri/Katalon Studio/KiboPush/Reports/KiboPush Broadcasts/20180806_163904/1533555865723.png, /Users/baqarjafri/Katalon Studio/KiboPush/Reports/KiboPush Broadcasts/20180806_163904/1533555916694.png, /Users/baqarjafri/Katalon Studio/KiboPush/Reports/KiboPush Broadcasts/20180806_163904/1533556024084.png"/>
         <property name="hostName" value="baqarjafri - 192.168.8.103"/>
         <property name="os" value="Mac OS X 64bit"/>
         <property name="katalonVersion" value="5.6.0.1"/>
         <property name="browser" value="Chrome 67.0.3396.99"/>
         <property name="hostAddress" value="192.168.8.103"/>
         <property name="sessionId" value="d0252198727e897e994c37902565a92e"/>
         <property name="seleniumVersion" value="3.7.1"/>
         <property name="proxyInformation" value="ProxyInformation{proxyOption=NO_PROXY, proxyServerType=HTTP, password=, proxyServerAddress=, proxyServerPort=0}"/>
         <property name="platform" value="Mac OS X"/>
      </properties>
      <testcase name="Test Cases/TC0106" classname="Test Cases/TC0106" status="PASSED">
         <system-out><![CDATA[2018-08-06 16:39:16 - [TEST_CASE][PASSED] - Test Cases/TC0106: Test Cases/TC0106

2018-08-06 16:39:17 - [TEST_STEP][PASSED] - openBrowser: Browser is opened with url: ''

2018-08-06 16:39:19 - [MESSAGE][PASSED] - Browser is opened with url: ''

2018-08-06 16:39:19 - [TEST_STEP][PASSED] - navigateToUrl: Navigate to 'https://staging.kibopush.com/' successfully

2018-08-06 16:39:30 - [MESSAGE][PASSED] - Navigate to 'https://staging.kibopush.com/' successfully

2018-08-06 16:39:30 - [TEST_STEP][PASSED] - click: Object: 'Object Repository/Page_KiboPush  Sign In/a_Login' is clicked on

2018-08-06 16:39:30 - [MESSAGE][PASSED] - Object: 'Object Repository/Page_KiboPush  Sign In/a_Login' is clicked on

2018-08-06 16:39:30 - [TEST_STEP][PASSED] - click: Object: 'Object Repository/Page_KiboPush  Sign In/button_Team Account' is clicked on

2018-08-06 16:39:30 - [MESSAGE][PASSED] - Object: 'Object Repository/Page_KiboPush  Sign In/button_Team Account' is clicked on

2018-08-06 16:39:30 - [TEST_STEP][PASSED] - setText: Text 'kibopush.com' is set on object 'Object Repository/Page_KiboPush  Sign In/input_form-control m-input'

2018-08-06 16:39:31 - [MESSAGE][PASSED] - Text 'kibopush.com' is set on object 'Object Repository/Page_KiboPush  Sign In/input_form-control m-input'

2018-08-06 16:39:31 - [TEST_STEP][PASSED] - setText: Text 'bjafri5@gmail.com' is set on object 'Object Repository/Page_KiboPush  Sign In/input_form-control m-input_1'

2018-08-06 16:39:31 - [MESSAGE][PASSED] - Text 'bjafri5@gmail.com' is set on object 'Object Repository/Page_KiboPush  Sign In/input_form-control m-input_1'

2018-08-06 16:39:31 - [TEST_STEP][PASSED] - setEncryptedText: Text ****** has been set on object 'Object Repository/Page_KiboPush  Sign In/input_form-control m-input_2'

2018-08-06 16:39:31 - [MESSAGE][PASSED] - Text ****** has been set on object 'Object Repository/Page_KiboPush  Sign In/input_form-control m-input_2'

2018-08-06 16:39:31 - [TEST_STEP][PASSED] - click: Object: 'Object Repository/Page_KiboPush  Sign In/button_Sign In' is clicked on

2018-08-06 16:39:31 - [MESSAGE][PASSED] - Object: 'Object Repository/Page_KiboPush  Sign In/button_Sign In' is clicked on

2018-08-06 16:39:31 - [TEST_STEP][PASSED] - click: Object: 'Object Repository/Page_KiboPush  Dashboard/span_Broadcasts' is clicked on

2018-08-06 16:39:34 - [MESSAGE][PASSED] - Object: 'Object Repository/Page_KiboPush  Dashboard/span_Broadcasts' is clicked on

2018-08-06 16:39:34 - [TEST_STEP][PASSED] - click: Object: 'Object Repository/Page_KiboPush  Broadcast/a_documentation' is clicked on

2018-08-06 16:39:34 - [MESSAGE][PASSED] - Object: 'Object Repository/Page_KiboPush  Broadcast/a_documentation' is clicked on

2018-08-06 16:39:34 - [TEST_STEP][PASSED] - switchToWindowTitle: Switched to window with title: 'Broadcasts - KiboPush'

2018-08-06 16:39:40 - [MESSAGE][PASSED] - Switched to window with title: 'Broadcasts - KiboPush'

2018-08-06 16:39:40 - [TEST_STEP][PASSED] - switchToWindowTitle: Switched to window with title: 'KiboPush | Broadcast'

2018-08-06 16:39:40 - [MESSAGE][PASSED] - Switched to window with title: 'KiboPush | Broadcast'

2018-08-06 16:39:40 - [TEST_STEP][PASSED] - click: Object: 'Object Repository/Page_KiboPush  Broadcast/i_fa fa-chevron-down' is clicked on

2018-08-06 16:39:40 - [MESSAGE][PASSED] - Object: 'Object Repository/Page_KiboPush  Broadcast/i_fa fa-chevron-down' is clicked on

2018-08-06 16:39:40 - [TEST_STEP][PASSED] - click: Object: 'Object Repository/Page_KiboPush  Broadcast/a_Logout' is clicked on

2018-08-06 16:39:42 - [MESSAGE][PASSED] - Object: 'Object Repository/Page_KiboPush  Broadcast/a_Logout' is clicked on

2018-08-06 16:39:42 - [TEST_STEP][PASSED] - closeBrowser: Browser is closed

2018-08-06 16:39:42 - [MESSAGE][PASSED] - Browser is closed]]></system-out>
         <system-err><![CDATA[]]></system-err>
      </testcase>
      <testcase name="Test Cases/TC0109" classname="Test Cases/TC0109" status="PASSED">
         <system-out><![CDATA[2018-08-06 16:39:42 - [TEST_CASE][PASSED] - Test Cases/TC0109: Test Cases/TC0109

2018-08-06 16:39:42 - [TEST_STEP][PASSED] - openBrowser: Browser is opened with url: ''

2018-08-06 16:39:43 - [MESSAGE][PASSED] - Browser is opened with url: ''

2018-08-06 16:39:43 - [TEST_STEP][PASSED] - navigateToUrl: Navigate to 'https://staging.kibopush.com/' successfully

2018-08-06 16:39:52 - [MESSAGE][PASSED] - Navigate to 'https://staging.kibopush.com/' successfully

2018-08-06 16:39:52 - [TEST_STEP][PASSED] - click: Object: 'Object Repository/Page_KiboPush  Sign In/a_Login' is clicked on

2018-08-06 16:39:52 - [MESSAGE][PASSED] - Object: 'Object Repository/Page_KiboPush  Sign In/a_Login' is clicked on

2018-08-06 16:39:52 - [TEST_STEP][PASSED] - click: Object: 'Object Repository/Page_KiboPush  Sign In/button_Team Account' is clicked on

2018-08-06 16:39:52 - [MESSAGE][PASSED] - Object: 'Object Repository/Page_KiboPush  Sign In/button_Team Account' is clicked on

2018-08-06 16:39:52 - [TEST_STEP][PASSED] - setText: Text 'kibopush.com' is set on object 'Object Repository/Page_KiboPush  Sign In/input_form-control m-input'

2018-08-06 16:39:53 - [MESSAGE][PASSED] - Text 'kibopush.com' is set on object 'Object Repository/Page_KiboPush  Sign In/input_form-control m-input'

2018-08-06 16:39:53 - [TEST_STEP][PASSED] - setText: Text 'bjafri5@gmail.com' is set on object 'Object Repository/Page_KiboPush  Sign In/input_form-control m-input_1'

2018-08-06 16:39:53 - [MESSAGE][PASSED] - Text 'bjafri5@gmail.com' is set on object 'Object Repository/Page_KiboPush  Sign In/input_form-control m-input_1'

2018-08-06 16:39:53 - [TEST_STEP][PASSED] - setEncryptedText: Text ****** has been set on object 'Object Repository/Page_KiboPush  Sign In/input_form-control m-input_2'

2018-08-06 16:39:53 - [MESSAGE][PASSED] - Text ****** has been set on object 'Object Repository/Page_KiboPush  Sign In/input_form-control m-input_2'

2018-08-06 16:39:53 - [TEST_STEP][PASSED] - click: Object: 'Object Repository/Page_KiboPush  Sign In/button_Sign In' is clicked on

2018-08-06 16:39:53 - [MESSAGE][PASSED] - Object: 'Object Repository/Page_KiboPush  Sign In/button_Sign In' is clicked on

2018-08-06 16:39:53 - [TEST_STEP][PASSED] - click: Object: 'Object Repository/Page_KiboPush  Dashboard/span_Broadcasts' is clicked on

2018-08-06 16:39:56 - [MESSAGE][PASSED] - Object: 'Object Repository/Page_KiboPush  Dashboard/span_Broadcasts' is clicked on

2018-08-06 16:39:56 - [TEST_STEP][PASSED] - setText: Text 'TitleX' is set on object 'Object Repository/Page_KiboPush  Broadcast/input_form-control'

2018-08-06 16:39:56 - [MESSAGE][PASSED] - Text 'TitleX' is set on object 'Object Repository/Page_KiboPush  Broadcast/input_form-control'

2018-08-06 16:39:56 - [TEST_STEP][PASSED] - click: Object: 'Object Repository/Page_KiboPush  Broadcast/span_TitleX' is clicked on

2018-08-06 16:39:57 - [MESSAGE][PASSED] - Object: 'Object Repository/Page_KiboPush  Broadcast/span_TitleX' is clicked on

2018-08-06 16:39:57 - [TEST_STEP][PASSED] - click: Object: 'Object Repository/Page_KiboPush  Broadcast/i_fa fa-chevron-down' is clicked on

2018-08-06 16:39:57 - [MESSAGE][PASSED] - Object: 'Object Repository/Page_KiboPush  Broadcast/i_fa fa-chevron-down' is clicked on

2018-08-06 16:39:57 - [TEST_STEP][PASSED] - click: Object: 'Object Repository/Page_KiboPush  Broadcast/a_Logout' is clicked on

2018-08-06 16:39:59 - [MESSAGE][PASSED] - Object: 'Object Repository/Page_KiboPush  Broadcast/a_Logout' is clicked on]]></system-out>
         <system-err><![CDATA[]]></system-err>
      </testcase>
      <testcase name="Test Cases/TC0112" classname="Test Cases/TC0112" status="PASSED">
         <system-out><![CDATA[2018-08-06 16:39:59 - [TEST_CASE][PASSED] - Test Cases/TC0112: Test Cases/TC0112

2018-08-06 16:39:59 - [TEST_STEP][PASSED] - openBrowser: Browser is opened with url: ''

2018-08-06 16:39:59 - [MESSAGE][WARNING] - A browser is already opened. Closing browser and opening a new one

2018-08-06 16:40:00 - [MESSAGE][PASSED] - Browser is opened with url: ''

2018-08-06 16:40:00 - [TEST_STEP][PASSED] - navigateToUrl: Navigate to 'https://staging.kibopush.com/' successfully

2018-08-06 16:40:10 - [MESSAGE][PASSED] - Navigate to 'https://staging.kibopush.com/' successfully

2018-08-06 16:40:10 - [TEST_STEP][PASSED] - click: Object: 'Object Repository/Page_KiboPush  Sign In/a_Login' is clicked on

2018-08-06 16:40:10 - [MESSAGE][PASSED] - Object: 'Object Repository/Page_KiboPush  Sign In/a_Login' is clicked on

2018-08-06 16:40:10 - [TEST_STEP][PASSED] - click: Object: 'Object Repository/Page_KiboPush  Sign In/button_Team Account' is clicked on

2018-08-06 16:40:10 - [MESSAGE][PASSED] - Object: 'Object Repository/Page_KiboPush  Sign In/button_Team Account' is clicked on

2018-08-06 16:40:10 - [TEST_STEP][PASSED] - setText: Text 'kibopush.com' is set on object 'Object Repository/Page_KiboPush  Sign In/input_form-control m-input'

2018-08-06 16:40:10 - [MESSAGE][PASSED] - Text 'kibopush.com' is set on object 'Object Repository/Page_KiboPush  Sign In/input_form-control m-input'

2018-08-06 16:40:10 - [TEST_STEP][PASSED] - setText: Text 'bjafri5@gmail.com' is set on object 'Object Repository/Page_KiboPush  Sign In/input_form-control m-input_1'

2018-08-06 16:40:11 - [MESSAGE][PASSED] - Text 'bjafri5@gmail.com' is set on object 'Object Repository/Page_KiboPush  Sign In/input_form-control m-input_1'

2018-08-06 16:40:11 - [TEST_STEP][PASSED] - setEncryptedText: Text ****** has been set on object 'Object Repository/Page_KiboPush  Sign In/input_form-control m-input_2'

2018-08-06 16:40:11 - [MESSAGE][PASSED] - Text ****** has been set on object 'Object Repository/Page_KiboPush  Sign In/input_form-control m-input_2'

2018-08-06 16:40:11 - [TEST_STEP][PASSED] - click: Object: 'Object Repository/Page_KiboPush  Sign In/button_Sign In' is clicked on

2018-08-06 16:40:11 - [MESSAGE][PASSED] - Object: 'Object Repository/Page_KiboPush  Sign In/button_Sign In' is clicked on

2018-08-06 16:40:11 - [TEST_STEP][PASSED] - click: Object: 'Object Repository/Page_KiboPush  Dashboard/span_Broadcasts' is clicked on

2018-08-06 16:40:14 - [MESSAGE][PASSED] - Object: 'Object Repository/Page_KiboPush  Dashboard/span_Broadcasts' is clicked on

2018-08-06 16:40:14 - [TEST_STEP][PASSED] - selectOptionByValue: All options with value 'card' are selected in object 'Object Repository/Page_KiboPush  Broadcast/select_Filter by type...textim'  using regular expression

2018-08-06 16:40:14 - [MESSAGE][PASSED] - All options with value 'card' are selected in object 'Object Repository/Page_KiboPush  Broadcast/select_Filter by type...textim'  using regular expression

2018-08-06 16:40:14 - [TEST_STEP][PASSED] - click: Object: 'Object Repository/Page_KiboPush  Broadcast/span_card' is clicked on

2018-08-06 16:40:15 - [MESSAGE][PASSED] - Object: 'Object Repository/Page_KiboPush  Broadcast/span_card' is clicked on

2018-08-06 16:40:15 - [TEST_STEP][PASSED] - click: Object: 'Object Repository/Page_KiboPush  Broadcast/i_fa fa-chevron-down' is clicked on

2018-08-06 16:40:15 - [MESSAGE][PASSED] - Object: 'Object Repository/Page_KiboPush  Broadcast/i_fa fa-chevron-down' is clicked on

2018-08-06 16:40:15 - [TEST_STEP][PASSED] - click: Object: 'Object Repository/Page_KiboPush  Broadcast/a_Logout' is clicked on

2018-08-06 16:40:16 - [MESSAGE][PASSED] - Object: 'Object Repository/Page_KiboPush  Broadcast/a_Logout' is clicked on]]></system-out>
         <system-err><![CDATA[]]></system-err>
      </testcase>
      <testcase name="Test Cases/TC0110" classname="Test Cases/TC0110" status="PASSED">
         <system-out><![CDATA[2018-08-06 16:40:16 - [TEST_CASE][PASSED] - Test Cases/TC0110: Test Cases/TC0110

2018-08-06 16:40:16 - [TEST_STEP][PASSED] - openBrowser: Browser is opened with url: ''

2018-08-06 16:40:16 - [MESSAGE][WARNING] - A browser is already opened. Closing browser and opening a new one

2018-08-06 16:40:17 - [MESSAGE][PASSED] - Browser is opened with url: ''

2018-08-06 16:40:17 - [TEST_STEP][PASSED] - navigateToUrl: Navigate to 'https://staging.kibopush.com/' successfully

2018-08-06 16:40:29 - [MESSAGE][PASSED] - Navigate to 'https://staging.kibopush.com/' successfully

2018-08-06 16:40:29 - [TEST_STEP][PASSED] - click: Object: 'Object Repository/Page_KiboPush  Sign In/a_Login' is clicked on

2018-08-06 16:40:29 - [MESSAGE][PASSED] - Object: 'Object Repository/Page_KiboPush  Sign In/a_Login' is clicked on

2018-08-06 16:40:29 - [TEST_STEP][PASSED] - click: Object: 'Object Repository/Page_KiboPush  Sign In/button_Team Account' is clicked on

2018-08-06 16:40:29 - [MESSAGE][PASSED] - Object: 'Object Repository/Page_KiboPush  Sign In/button_Team Account' is clicked on

2018-08-06 16:40:29 - [TEST_STEP][PASSED] - setText: Text 'kibopush.com' is set on object 'Object Repository/Page_KiboPush  Sign In/input_form-control m-input'

2018-08-06 16:40:29 - [MESSAGE][PASSED] - Text 'kibopush.com' is set on object 'Object Repository/Page_KiboPush  Sign In/input_form-control m-input'

2018-08-06 16:40:29 - [TEST_STEP][PASSED] - setText: Text 'bjafri5@gmail.com' is set on object 'Object Repository/Page_KiboPush  Sign In/input_form-control m-input_1'

2018-08-06 16:40:30 - [MESSAGE][PASSED] - Text 'bjafri5@gmail.com' is set on object 'Object Repository/Page_KiboPush  Sign In/input_form-control m-input_1'

2018-08-06 16:40:30 - [TEST_STEP][PASSED] - setEncryptedText: Text ****** has been set on object 'Object Repository/Page_KiboPush  Sign In/input_form-control m-input_2'

2018-08-06 16:40:30 - [MESSAGE][PASSED] - Text ****** has been set on object 'Object Repository/Page_KiboPush  Sign In/input_form-control m-input_2'

2018-08-06 16:40:30 - [TEST_STEP][PASSED] - click: Object: 'Object Repository/Page_KiboPush  Sign In/button_Sign In' is clicked on

2018-08-06 16:40:30 - [MESSAGE][PASSED] - Object: 'Object Repository/Page_KiboPush  Sign In/button_Sign In' is clicked on

2018-08-06 16:40:30 - [TEST_STEP][PASSED] - click: Object: 'Object Repository/Page_KiboPush  Dashboard/span_Broadcasts' is clicked on

2018-08-06 16:40:33 - [MESSAGE][PASSED] - Object: 'Object Repository/Page_KiboPush  Dashboard/span_Broadcasts' is clicked on

2018-08-06 16:40:33 - [TEST_STEP][PASSED] - selectOptionByValue: All options with value 'image' are selected in object 'Object Repository/Page_KiboPush  Broadcast/select_Filter by type...textim'  using regular expression

2018-08-06 16:40:33 - [MESSAGE][PASSED] - All options with value 'image' are selected in object 'Object Repository/Page_KiboPush  Broadcast/select_Filter by type...textim'  using regular expression

2018-08-06 16:40:33 - [TEST_STEP][PASSED] - click: Object: 'Object Repository/Page_KiboPush  Broadcast/span_image' is clicked on

2018-08-06 16:40:34 - [MESSAGE][PASSED] - Object: 'Object Repository/Page_KiboPush  Broadcast/span_image' is clicked on

2018-08-06 16:40:34 - [TEST_STEP][PASSED] - click: Object: 'Object Repository/Page_KiboPush  Broadcast/i_fa fa-chevron-down' is clicked on

2018-08-06 16:40:34 - [MESSAGE][PASSED] - Object: 'Object Repository/Page_KiboPush  Broadcast/i_fa fa-chevron-down' is clicked on

2018-08-06 16:40:34 - [TEST_STEP][PASSED] - click: Object: 'Object Repository/Page_KiboPush  Broadcast/a_Logout' is clicked on

2018-08-06 16:40:35 - [MESSAGE][PASSED] - Object: 'Object Repository/Page_KiboPush  Broadcast/a_Logout' is clicked on]]></system-out>
         <system-err><![CDATA[]]></system-err>
      </testcase>
      <testcase name="Test Cases/TC0114" classname="Test Cases/TC0114" status="PASSED">
         <system-out><![CDATA[2018-08-06 16:40:35 - [TEST_CASE][PASSED] - Test Cases/TC0114: Test Cases/TC0114

2018-08-06 16:40:35 - [TEST_STEP][PASSED] - callTestCase: Call Test Case 'Test Cases/Login' successfully

2018-08-06 16:40:35 - [TEST_CASE][PASSED] - Test Cases/Login: Test Cases/Login

2018-08-06 16:40:36 - [TEST_STEP][PASSED] - openBrowser: Browser is opened with url: ''

2018-08-06 16:40:36 - [MESSAGE][WARNING] - A browser is already opened. Closing browser and opening a new one

2018-08-06 16:40:37 - [MESSAGE][PASSED] - Browser is opened with url: ''

2018-08-06 16:40:37 - [TEST_STEP][PASSED] - navigateToUrl: Navigate to 'https://staging.kibopush.com/' successfully

2018-08-06 16:40:49 - [MESSAGE][PASSED] - Navigate to 'https://staging.kibopush.com/' successfully

2018-08-06 16:40:49 - [TEST_STEP][PASSED] - click: Object: 'Object Repository/Page_KiboPush  Sign In/a_Login' is clicked on

2018-08-06 16:40:49 - [MESSAGE][PASSED] - Object: 'Object Repository/Page_KiboPush  Sign In/a_Login' is clicked on

2018-08-06 16:40:49 - [TEST_STEP][PASSED] - click: Object: 'Object Repository/Page_KiboPush  Sign In/button_Team Account' is clicked on

2018-08-06 16:40:49 - [MESSAGE][PASSED] - Object: 'Object Repository/Page_KiboPush  Sign In/button_Team Account' is clicked on

2018-08-06 16:40:49 - [TEST_STEP][PASSED] - setText: Text 'kibopush.com' is set on object 'Object Repository/Page_KiboPush  Sign In/input_form-control m-input'

2018-08-06 16:40:49 - [MESSAGE][PASSED] - Text 'kibopush.com' is set on object 'Object Repository/Page_KiboPush  Sign In/input_form-control m-input'

2018-08-06 16:40:49 - [TEST_STEP][PASSED] - setText: Text 'bjafri5@gmail.com' is set on object 'Object Repository/Page_KiboPush  Sign In/input_form-control m-input_1'

2018-08-06 16:40:49 - [MESSAGE][PASSED] - Text 'bjafri5@gmail.com' is set on object 'Object Repository/Page_KiboPush  Sign In/input_form-control m-input_1'

2018-08-06 16:40:49 - [TEST_STEP][PASSED] - setEncryptedText: Text ****** has been set on object 'Object Repository/Page_KiboPush  Sign In/input_form-control m-input_2'

2018-08-06 16:40:50 - [MESSAGE][PASSED] - Text ****** has been set on object 'Object Repository/Page_KiboPush  Sign In/input_form-control m-input_2'

2018-08-06 16:40:50 - [TEST_STEP][PASSED] - click: Object: 'Object Repository/Page_KiboPush  Sign In/button_Sign In' is clicked on

2018-08-06 16:40:50 - [MESSAGE][PASSED] - Object: 'Object Repository/Page_KiboPush  Sign In/button_Sign In' is clicked on

2018-08-06 16:40:50 - [MESSAGE][PASSED] - Call Test Case 'Test Cases/Login' successfully

2018-08-06 16:40:50 - [TEST_STEP][PASSED] - click: Object: 'Object Repository/Page_KiboPush  Dashboard/span_Broadcasts' is clicked on

2018-08-06 16:40:53 - [MESSAGE][PASSED] - Object: 'Object Repository/Page_KiboPush  Dashboard/span_Broadcasts' is clicked on

2018-08-06 16:40:53 - [TEST_STEP][PASSED] - selectOptionByValue: All options with value 'audio' are selected in object 'Object Repository/Page_KiboPush  Broadcast/select_Filter by type...textim'  using regular expression

2018-08-06 16:40:53 - [MESSAGE][PASSED] - All options with value 'audio' are selected in object 'Object Repository/Page_KiboPush  Broadcast/select_Filter by type...textim'  using regular expression

2018-08-06 16:40:53 - [TEST_STEP][PASSED] - click: Object: 'Object Repository/Page_KiboPush  Broadcast/span_audio' is clicked on

2018-08-06 16:40:54 - [MESSAGE][PASSED] - Object: 'Object Repository/Page_KiboPush  Broadcast/span_audio' is clicked on

2018-08-06 16:40:54 - [TEST_STEP][PASSED] - callTestCase: Call Test Case 'Test Cases/Logout' successfully

2018-08-06 16:40:54 - [TEST_CASE][PASSED] - Test Cases/Logout: Test Cases/Logout

2018-08-06 16:40:54 - [TEST_STEP][PASSED] - click: Object: 'Object Repository/Page_KiboPush  Broadcast/i_fa fa-chevron-down' is clicked on

2018-08-06 16:40:54 - [MESSAGE][PASSED] - Object: 'Object Repository/Page_KiboPush  Broadcast/i_fa fa-chevron-down' is clicked on

2018-08-06 16:40:54 - [TEST_STEP][PASSED] - click: Object: 'Object Repository/Page_KiboPush  Broadcast/a_Logout' is clicked on

2018-08-06 16:40:55 - [MESSAGE][PASSED] - Object: 'Object Repository/Page_KiboPush  Broadcast/a_Logout' is clicked on

2018-08-06 16:40:55 - [MESSAGE][PASSED] - Call Test Case 'Test Cases/Logout' successfully]]></system-out>
         <system-err><![CDATA[]]></system-err>
      </testcase>
      <testcase name="Test Cases/TC0115" classname="Test Cases/TC0115" status="PASSED">
         <system-out><![CDATA[2018-08-06 16:40:56 - [TEST_CASE][PASSED] - Test Cases/TC0115: Test Cases/TC0115

2018-08-06 16:40:56 - [TEST_STEP][PASSED] - callTestCase: Call Test Case 'Test Cases/Login' successfully

2018-08-06 16:40:56 - [TEST_CASE][PASSED] - Test Cases/Login: Test Cases/Login

2018-08-06 16:40:56 - [TEST_STEP][PASSED] - openBrowser: Browser is opened with url: ''

2018-08-06 16:40:56 - [MESSAGE][WARNING] - A browser is already opened. Closing browser and opening a new one

2018-08-06 16:40:57 - [MESSAGE][PASSED] - Browser is opened with url: ''

2018-08-06 16:40:57 - [TEST_STEP][PASSED] - navigateToUrl: Navigate to 'https://staging.kibopush.com/' successfully

2018-08-06 16:41:09 - [MESSAGE][PASSED] - Navigate to 'https://staging.kibopush.com/' successfully

2018-08-06 16:41:09 - [TEST_STEP][PASSED] - click: Object: 'Object Repository/Page_KiboPush  Sign In/a_Login' is clicked on

2018-08-06 16:41:09 - [MESSAGE][PASSED] - Object: 'Object Repository/Page_KiboPush  Sign In/a_Login' is clicked on

2018-08-06 16:41:09 - [TEST_STEP][PASSED] - click: Object: 'Object Repository/Page_KiboPush  Sign In/button_Team Account' is clicked on

2018-08-06 16:41:09 - [MESSAGE][PASSED] - Object: 'Object Repository/Page_KiboPush  Sign In/button_Team Account' is clicked on

2018-08-06 16:41:09 - [TEST_STEP][PASSED] - setText: Text 'kibopush.com' is set on object 'Object Repository/Page_KiboPush  Sign In/input_form-control m-input'

2018-08-06 16:41:10 - [MESSAGE][PASSED] - Text 'kibopush.com' is set on object 'Object Repository/Page_KiboPush  Sign In/input_form-control m-input'

2018-08-06 16:41:10 - [TEST_STEP][PASSED] - setText: Text 'bjafri5@gmail.com' is set on object 'Object Repository/Page_KiboPush  Sign In/input_form-control m-input_1'

2018-08-06 16:41:10 - [MESSAGE][PASSED] - Text 'bjafri5@gmail.com' is set on object 'Object Repository/Page_KiboPush  Sign In/input_form-control m-input_1'

2018-08-06 16:41:10 - [TEST_STEP][PASSED] - setEncryptedText: Text ****** has been set on object 'Object Repository/Page_KiboPush  Sign In/input_form-control m-input_2'

2018-08-06 16:41:10 - [MESSAGE][PASSED] - Text ****** has been set on object 'Object Repository/Page_KiboPush  Sign In/input_form-control m-input_2'

2018-08-06 16:41:10 - [TEST_STEP][PASSED] - click: Object: 'Object Repository/Page_KiboPush  Sign In/button_Sign In' is clicked on

2018-08-06 16:41:10 - [MESSAGE][PASSED] - Object: 'Object Repository/Page_KiboPush  Sign In/button_Sign In' is clicked on

2018-08-06 16:41:10 - [MESSAGE][PASSED] - Call Test Case 'Test Cases/Login' successfully

2018-08-06 16:41:10 - [TEST_STEP][PASSED] - click: Object: 'Object Repository/Page_KiboPush  Dashboard/span_Broadcasts' is clicked on

2018-08-06 16:41:13 - [MESSAGE][PASSED] - Object: 'Object Repository/Page_KiboPush  Dashboard/span_Broadcasts' is clicked on

2018-08-06 16:41:13 - [TEST_STEP][PASSED] - selectOptionByValue: All options with value 'video' are selected in object 'Object Repository/Page_KiboPush  Broadcast/select_Filter by type...textim (1)'  using regular expression

2018-08-06 16:41:13 - [MESSAGE][PASSED] - All options with value 'video' are selected in object 'Object Repository/Page_KiboPush  Broadcast/select_Filter by type...textim (1)'  using regular expression

2018-08-06 16:41:13 - [TEST_STEP][PASSED] - click: Object: 'Object Repository/Page_KiboPush  Broadcast/span_video' is clicked on

2018-08-06 16:41:14 - [MESSAGE][PASSED] - Object: 'Object Repository/Page_KiboPush  Broadcast/span_video' is clicked on

2018-08-06 16:41:14 - [TEST_STEP][PASSED] - callTestCase: Call Test Case 'Test Cases/Logout' successfully

2018-08-06 16:41:14 - [TEST_CASE][PASSED] - Test Cases/Logout: Test Cases/Logout

2018-08-06 16:41:14 - [TEST_STEP][PASSED] - click: Object: 'Object Repository/Page_KiboPush  Broadcast/i_fa fa-chevron-down' is clicked on

2018-08-06 16:41:14 - [MESSAGE][PASSED] - Object: 'Object Repository/Page_KiboPush  Broadcast/i_fa fa-chevron-down' is clicked on

2018-08-06 16:41:14 - [TEST_STEP][PASSED] - click: Object: 'Object Repository/Page_KiboPush  Broadcast/a_Logout' is clicked on

2018-08-06 16:41:15 - [MESSAGE][PASSED] - Object: 'Object Repository/Page_KiboPush  Broadcast/a_Logout' is clicked on

2018-08-06 16:41:15 - [MESSAGE][PASSED] - Call Test Case 'Test Cases/Logout' successfully]]></system-out>
         <system-err><![CDATA[]]></system-err>
      </testcase>
      <testcase name="Test Cases/TC0111" classname="Test Cases/TC0111" status="PASSED">
         <system-out><![CDATA[2018-08-06 16:41:15 - [TEST_CASE][PASSED] - Test Cases/TC0111: Test Cases/TC0111

2018-08-06 16:41:16 - [TEST_STEP][PASSED] - openBrowser: Browser is opened with url: ''

2018-08-06 16:41:16 - [MESSAGE][WARNING] - A browser is already opened. Closing browser and opening a new one

2018-08-06 16:41:17 - [MESSAGE][PASSED] - Browser is opened with url: ''

2018-08-06 16:41:17 - [TEST_STEP][PASSED] - navigateToUrl: Navigate to 'https://staging.kibopush.com/' successfully

2018-08-06 16:41:28 - [MESSAGE][PASSED] - Navigate to 'https://staging.kibopush.com/' successfully

2018-08-06 16:41:28 - [TEST_STEP][PASSED] - click: Object: 'Object Repository/Page_KiboPush  Sign In/a_Login' is clicked on

2018-08-06 16:41:28 - [MESSAGE][PASSED] - Object: 'Object Repository/Page_KiboPush  Sign In/a_Login' is clicked on

2018-08-06 16:41:28 - [TEST_STEP][PASSED] - click: Object: 'Object Repository/Page_KiboPush  Sign In/button_Team Account' is clicked on

2018-08-06 16:41:28 - [MESSAGE][PASSED] - Object: 'Object Repository/Page_KiboPush  Sign In/button_Team Account' is clicked on

2018-08-06 16:41:28 - [TEST_STEP][PASSED] - setText: Text 'kibopush.com' is set on object 'Object Repository/Page_KiboPush  Sign In/input_form-control m-input'

2018-08-06 16:41:28 - [MESSAGE][PASSED] - Text 'kibopush.com' is set on object 'Object Repository/Page_KiboPush  Sign In/input_form-control m-input'

2018-08-06 16:41:28 - [TEST_STEP][PASSED] - setText: Text 'bjafri5@gmail.com' is set on object 'Object Repository/Page_KiboPush  Sign In/input_form-control m-input_1'

2018-08-06 16:41:29 - [MESSAGE][PASSED] - Text 'bjafri5@gmail.com' is set on object 'Object Repository/Page_KiboPush  Sign In/input_form-control m-input_1'

2018-08-06 16:41:29 - [TEST_STEP][PASSED] - setEncryptedText: Text ****** has been set on object 'Object Repository/Page_KiboPush  Sign In/input_form-control m-input_2'

2018-08-06 16:41:29 - [MESSAGE][PASSED] - Text ****** has been set on object 'Object Repository/Page_KiboPush  Sign In/input_form-control m-input_2'

2018-08-06 16:41:29 - [TEST_STEP][PASSED] - click: Object: 'Object Repository/Page_KiboPush  Sign In/button_Sign In' is clicked on

2018-08-06 16:41:29 - [MESSAGE][PASSED] - Object: 'Object Repository/Page_KiboPush  Sign In/button_Sign In' is clicked on

2018-08-06 16:41:29 - [TEST_STEP][PASSED] - click: Object: 'Object Repository/Page_KiboPush  Dashboard/span_Broadcasts' is clicked on

2018-08-06 16:41:32 - [MESSAGE][PASSED] - Object: 'Object Repository/Page_KiboPush  Dashboard/span_Broadcasts' is clicked on

2018-08-06 16:41:32 - [TEST_STEP][PASSED] - selectOptionByValue: All options with value 'text' are selected in object 'Object Repository/Page_KiboPush  Broadcast/select_Filter by type...textim'  using regular expression

2018-08-06 16:41:32 - [MESSAGE][PASSED] - All options with value 'text' are selected in object 'Object Repository/Page_KiboPush  Broadcast/select_Filter by type...textim'  using regular expression

2018-08-06 16:41:32 - [TEST_STEP][PASSED] - click: Object: 'Object Repository/Page_KiboPush  Broadcast/span_text' is clicked on

2018-08-06 16:41:33 - [MESSAGE][PASSED] - Object: 'Object Repository/Page_KiboPush  Broadcast/span_text' is clicked on

2018-08-06 16:41:33 - [TEST_STEP][PASSED] - click: Object: 'Object Repository/Page_KiboPush  Broadcast/span_Baqar' is clicked on

2018-08-06 16:41:33 - [MESSAGE][PASSED] - Object: 'Object Repository/Page_KiboPush  Broadcast/span_Baqar' is clicked on

2018-08-06 16:41:33 - [TEST_STEP][PASSED] - click: Object: 'Object Repository/Page_KiboPush  Broadcast/a_Logout' is clicked on

2018-08-06 16:41:34 - [MESSAGE][PASSED] - Object: 'Object Repository/Page_KiboPush  Broadcast/a_Logout' is clicked on]]></system-out>
         <system-err><![CDATA[]]></system-err>
      </testcase>
      <testcase name="Test Cases/TC0125" classname="Test Cases/TC0125" status="FAILED">
         <failure type="FAILED" message="Unable to click on object 'Object Repository/Page_KiboPush  Broadcast/div_Filter by type...textimage (2)' (Root cause: com.kms.katalon.core.webui.exception.WebElementNotFoundException: Web element with id: 'Object Repository/Page_KiboPush  Broadcast/div_Filter by type...textimage (2)' located by 'By.xpath: //div[(text() = 'Filter by type...textimagecardgalleryaudiovideofilelistmediamiscellaneousallShow records for last:    daysTitleTypeCreated AtSentSeenClicksSampleVideovideoMon Aug 06 2018 9:45 AM100Broadcast TitlegalleryFri Aug 03 2018 8:06 AM110TitleYtextThu Aug 02 2018 1:12 PM110TitleXtextThu Aug 02 2018 9:42 AM110Broadcast TitletextWed Aug 01 2018 10:59 AM110Broadcast TitletextWed Aug 01 2018 10:59 AM110Broadcast TitletextWed Aug 01 2018 10:58 AM110Broadcast TitlemediaMon Jul 30 2018 2:07 PM110Broadcast TitlecardThu Jul 19 2018 8:25 AM110Broadcast TitlecardThu Jul 19 2018 8:21 AM110previous1234next' or . = 'Filter by type...textimagecardgalleryaudiovideofilelistmediamiscellaneousallShow records for last:    daysTitleTypeCreated AtSentSeenClicksSampleVideovideoMon Aug 06 2018 9:45 AM100Broadcast TitlegalleryFri Aug 03 2018 8:06 AM110TitleYtextThu Aug 02 2018 1:12 PM110TitleXtextThu Aug 02 2018 9:42 AM110Broadcast TitletextWed Aug 01 2018 10:59 AM110Broadcast TitletextWed Aug 01 2018 10:59 AM110Broadcast TitletextWed Aug 01 2018 10:58 AM110Broadcast TitlemediaMon Jul 30 2018 2:07 PM110Broadcast TitlecardThu Jul 19 2018 8:25 AM110Broadcast TitlecardThu Jul 19 2018 8:21 AM110previous1234next')]' not found)"/>
         <system-out><![CDATA[2018-08-06 16:41:34 - [TEST_CASE][FAILED] - Test Cases/TC0125: Test Cases/TC0125 FAILED because (of) Unable to click on object 'Object Repository/Page_KiboPush  Broadcast/div_Filter by type...textimage (2)' (Root cause: com.kms.katalon.core.webui.exception.WebElementNotFoundException: Web element with id: 'Object Repository/Page_KiboPush  Broadcast/div_Filter by type...textimage (2)' located by 'By.xpath: //div[(text() = 'Filter by type...textimagecardgalleryaudiovideofilelistmediamiscellaneousallShow records for last:    daysTitleTypeCreated AtSentSeenClicksSampleVideovideoMon Aug 06 2018 9:45 AM100Broadcast TitlegalleryFri Aug 03 2018 8:06 AM110TitleYtextThu Aug 02 2018 1:12 PM110TitleXtextThu Aug 02 2018 9:42 AM110Broadcast TitletextWed Aug 01 2018 10:59 AM110Broadcast TitletextWed Aug 01 2018 10:59 AM110Broadcast TitletextWed Aug 01 2018 10:58 AM110Broadcast TitlemediaMon Jul 30 2018 2:07 PM110Broadcast TitlecardThu Jul 19 2018 8:25 AM110Broadcast TitlecardThu Jul 19 2018 8:21 AM110previous1234next' or . = 'Filter by type...textimagecardgalleryaudiovideofilelistmediamiscellaneousallShow records for last:    daysTitleTypeCreated AtSentSeenClicksSampleVideovideoMon Aug 06 2018 9:45 AM100Broadcast TitlegalleryFri Aug 03 2018 8:06 AM110TitleYtextThu Aug 02 2018 1:12 PM110TitleXtextThu Aug 02 2018 9:42 AM110Broadcast TitletextWed Aug 01 2018 10:59 AM110Broadcast TitletextWed Aug 01 2018 10:59 AM110Broadcast TitletextWed Aug 01 2018 10:58 AM110Broadcast TitlemediaMon Jul 30 2018 2:07 PM110Broadcast TitlecardThu Jul 19 2018 8:25 AM110Broadcast TitlecardThu Jul 19 2018 8:21 AM110previous1234next')]' not found)

2018-08-06 16:41:35 - [TEST_STEP][PASSED] - openBrowser: Browser is opened with url: ''

2018-08-06 16:41:35 - [MESSAGE][WARNING] - A browser is already opened. Closing browser and opening a new one

2018-08-06 16:41:36 - [MESSAGE][PASSED] - Browser is opened with url: ''

2018-08-06 16:41:36 - [TEST_STEP][PASSED] - navigateToUrl: Navigate to 'https://staging.kibopush.com/' successfully

2018-08-06 16:41:47 - [MESSAGE][PASSED] - Navigate to 'https://staging.kibopush.com/' successfully

2018-08-06 16:41:47 - [TEST_STEP][PASSED] - click: Object: 'Object Repository/Page_KiboPush  Sign In/a_Login' is clicked on

2018-08-06 16:41:47 - [MESSAGE][PASSED] - Object: 'Object Repository/Page_KiboPush  Sign In/a_Login' is clicked on

2018-08-06 16:41:47 - [TEST_STEP][PASSED] - click: Object: 'Object Repository/Page_KiboPush  Sign In/button_Team Account' is clicked on

2018-08-06 16:41:47 - [MESSAGE][PASSED] - Object: 'Object Repository/Page_KiboPush  Sign In/button_Team Account' is clicked on

2018-08-06 16:41:47 - [TEST_STEP][PASSED] - setText: Text 'kibopush.com' is set on object 'Object Repository/Page_KiboPush  Sign In/input_form-control m-input'

2018-08-06 16:41:48 - [MESSAGE][PASSED] - Text 'kibopush.com' is set on object 'Object Repository/Page_KiboPush  Sign In/input_form-control m-input'

2018-08-06 16:41:48 - [TEST_STEP][PASSED] - setText: Text 'bjafri5@gmail.com' is set on object 'Object Repository/Page_KiboPush  Sign In/input_form-control m-input_1'

2018-08-06 16:41:48 - [MESSAGE][PASSED] - Text 'bjafri5@gmail.com' is set on object 'Object Repository/Page_KiboPush  Sign In/input_form-control m-input_1'

2018-08-06 16:41:48 - [TEST_STEP][PASSED] - setEncryptedText: Text ****** has been set on object 'Object Repository/Page_KiboPush  Sign In/input_form-control m-input_2'

2018-08-06 16:41:48 - [MESSAGE][PASSED] - Text ****** has been set on object 'Object Repository/Page_KiboPush  Sign In/input_form-control m-input_2'

2018-08-06 16:41:48 - [TEST_STEP][PASSED] - click: Object: 'Object Repository/Page_KiboPush  Sign In/button_Sign In' is clicked on

2018-08-06 16:41:48 - [MESSAGE][PASSED] - Object: 'Object Repository/Page_KiboPush  Sign In/button_Sign In' is clicked on

2018-08-06 16:41:48 - [TEST_STEP][PASSED] - click: Object: 'Object Repository/Page_KiboPush  Dashboard/span_Broadcasts' is clicked on

2018-08-06 16:41:51 - [MESSAGE][PASSED] - Object: 'Object Repository/Page_KiboPush  Dashboard/span_Broadcasts' is clicked on

2018-08-06 16:41:51 - [TEST_STEP][FAILED] - click: Unable to click on object 'Object Repository/Page_KiboPush  Broadcast/div_Filter by type...textimage (2)' (Root cause: com.kms.katalon.core.webui.exception.WebElementNotFoundException: Web element with id: 'Object Repository/Page_KiboPush  Broadcast/div_Filter by type...textimage (2)' located by 'By.xpath: //div[(text() = 'Filter by type...textimagecardgalleryaudiovideofilelistmediamiscellaneousallShow records for last:    daysTitleTypeCreated AtSentSeenClicksSampleVideovideoMon Aug 06 2018 9:45 AM100Broadcast TitlegalleryFri Aug 03 2018 8:06 AM110TitleYtextThu Aug 02 2018 1:12 PM110TitleXtextThu Aug 02 2018 9:42 AM110Broadcast TitletextWed Aug 01 2018 10:59 AM110Broadcast TitletextWed Aug 01 2018 10:59 AM110Broadcast TitletextWed Aug 01 2018 10:58 AM110Broadcast TitlemediaMon Jul 30 2018 2:07 PM110Broadcast TitlecardThu Jul 19 2018 8:25 AM110Broadcast TitlecardThu Jul 19 2018 8:21 AM110previous1234next' or . = 'Filter by type...textimagecardgalleryaudiovideofilelistmediamiscellaneousallShow records for last:    daysTitleTypeCreated AtSentSeenClicksSampleVideovideoMon Aug 06 2018 9:45 AM100Broadcast TitlegalleryFri Aug 03 2018 8:06 AM110TitleYtextThu Aug 02 2018 1:12 PM110TitleXtextThu Aug 02 2018 9:42 AM110Broadcast TitletextWed Aug 01 2018 10:59 AM110Broadcast TitletextWed Aug 01 2018 10:59 AM110Broadcast TitletextWed Aug 01 2018 10:58 AM110Broadcast TitlemediaMon Jul 30 2018 2:07 PM110Broadcast TitlecardThu Jul 19 2018 8:25 AM110Broadcast TitlecardThu Jul 19 2018 8:21 AM110previous1234next')]' not found)

2018-08-06 16:42:24 - [MESSAGE][FAILED] - Unable to click on object 'Object Repository/Page_KiboPush  Broadcast/div_Filter by type...textimage (2)' (Root cause: com.kms.katalon.core.webui.exception.WebElementNotFoundException: Web element with id: 'Object Repository/Page_KiboPush  Broadcast/div_Filter by type...textimage (2)' located by 'By.xpath: //div[(text() = 'Filter by type...textimagecardgalleryaudiovideofilelistmediamiscellaneousallShow records for last:    daysTitleTypeCreated AtSentSeenClicksSampleVideovideoMon Aug 06 2018 9:45 AM100Broadcast TitlegalleryFri Aug 03 2018 8:06 AM110TitleYtextThu Aug 02 2018 1:12 PM110TitleXtextThu Aug 02 2018 9:42 AM110Broadcast TitletextWed Aug 01 2018 10:59 AM110Broadcast TitletextWed Aug 01 2018 10:59 AM110Broadcast TitletextWed Aug 01 2018 10:58 AM110Broadcast TitlemediaMon Jul 30 2018 2:07 PM110Broadcast TitlecardThu Jul 19 2018 8:25 AM110Broadcast TitlecardThu Jul 19 2018 8:21 AM110previous1234next' or . = 'Filter by type...textimagecardgalleryaudiovideofilelistmediamiscellaneousallShow records for last:    daysTitleTypeCreated AtSentSeenClicksSampleVideovideoMon Aug 06 2018 9:45 AM100Broadcast TitlegalleryFri Aug 03 2018 8:06 AM110TitleYtextThu Aug 02 2018 1:12 PM110TitleXtextThu Aug 02 2018 9:42 AM110Broadcast TitletextWed Aug 01 2018 10:59 AM110Broadcast TitletextWed Aug 01 2018 10:59 AM110Broadcast TitletextWed Aug 01 2018 10:58 AM110Broadcast TitlemediaMon Jul 30 2018 2:07 PM110Broadcast TitlecardThu Jul 19 2018 8:25 AM110Broadcast TitlecardThu Jul 19 2018 8:21 AM110previous1234next')]' not found)
[[ATTACHMENT|/Users/baqarjafri/Katalon Studio/KiboPush/Reports/KiboPush Broadcasts/20180806_163904/1533555743587.png]]]]></system-out>
         <system-err><![CDATA[2018-08-06 16:41:34 - [TEST_CASE][FAILED] - Test Cases/TC0125: Test Cases/TC0125 FAILED because (of) Unable to click on object 'Object Repository/Page_KiboPush  Broadcast/div_Filter by type...textimage (2)' (Root cause: com.kms.katalon.core.webui.exception.WebElementNotFoundException: Web element with id: 'Object Repository/Page_KiboPush  Broadcast/div_Filter by type...textimage (2)' located by 'By.xpath: //div[(text() = 'Filter by type...textimagecardgalleryaudiovideofilelistmediamiscellaneousallShow records for last:    daysTitleTypeCreated AtSentSeenClicksSampleVideovideoMon Aug 06 2018 9:45 AM100Broadcast TitlegalleryFri Aug 03 2018 8:06 AM110TitleYtextThu Aug 02 2018 1:12 PM110TitleXtextThu Aug 02 2018 9:42 AM110Broadcast TitletextWed Aug 01 2018 10:59 AM110Broadcast TitletextWed Aug 01 2018 10:59 AM110Broadcast TitletextWed Aug 01 2018 10:58 AM110Broadcast TitlemediaMon Jul 30 2018 2:07 PM110Broadcast TitlecardThu Jul 19 2018 8:25 AM110Broadcast TitlecardThu Jul 19 2018 8:21 AM110previous1234next' or . = 'Filter by type...textimagecardgalleryaudiovideofilelistmediamiscellaneousallShow records for last:    daysTitleTypeCreated AtSentSeenClicksSampleVideovideoMon Aug 06 2018 9:45 AM100Broadcast TitlegalleryFri Aug 03 2018 8:06 AM110TitleYtextThu Aug 02 2018 1:12 PM110TitleXtextThu Aug 02 2018 9:42 AM110Broadcast TitletextWed Aug 01 2018 10:59 AM110Broadcast TitletextWed Aug 01 2018 10:59 AM110Broadcast TitletextWed Aug 01 2018 10:58 AM110Broadcast TitlemediaMon Jul 30 2018 2:07 PM110Broadcast TitlecardThu Jul 19 2018 8:25 AM110Broadcast TitlecardThu Jul 19 2018 8:21 AM110previous1234next')]' not found)]]></system-err>
      </testcase>
      <testcase name="Test Cases/TC0131" classname="Test Cases/TC0131" status="PASSED">
         <system-out><![CDATA[2018-08-06 16:42:24 - [TEST_CASE][PASSED] - Test Cases/TC0131: Test Cases/TC0131

2018-08-06 16:42:24 - [TEST_STEP][PASSED] - openBrowser: Browser is opened with url: ''

2018-08-06 16:42:24 - [MESSAGE][WARNING] - A browser is already opened. Closing browser and opening a new one

2018-08-06 16:42:26 - [MESSAGE][PASSED] - Browser is opened with url: ''

2018-08-06 16:42:26 - [TEST_STEP][PASSED] - navigateToUrl: Navigate to 'https://staging.kibopush.com/' successfully

2018-08-06 16:42:35 - [MESSAGE][PASSED] - Navigate to 'https://staging.kibopush.com/' successfully

2018-08-06 16:42:35 - [TEST_STEP][PASSED] - click: Object: 'Object Repository/Page_KiboPush  Sign In/a_Login' is clicked on

2018-08-06 16:42:35 - [MESSAGE][PASSED] - Object: 'Object Repository/Page_KiboPush  Sign In/a_Login' is clicked on

2018-08-06 16:42:35 - [TEST_STEP][PASSED] - click: Object: 'Object Repository/Page_KiboPush  Sign In/button_Team Account' is clicked on

2018-08-06 16:42:35 - [MESSAGE][PASSED] - Object: 'Object Repository/Page_KiboPush  Sign In/button_Team Account' is clicked on

2018-08-06 16:42:35 - [TEST_STEP][PASSED] - setText: Text 'kibopush.com' is set on object 'Object Repository/Page_KiboPush  Sign In/input_form-control m-input'

2018-08-06 16:42:36 - [MESSAGE][PASSED] - Text 'kibopush.com' is set on object 'Object Repository/Page_KiboPush  Sign In/input_form-control m-input'

2018-08-06 16:42:36 - [TEST_STEP][PASSED] - setText: Text 'bjafri5@gmail.com' is set on object 'Object Repository/Page_KiboPush  Sign In/input_form-control m-input_1'

2018-08-06 16:42:36 - [MESSAGE][PASSED] - Text 'bjafri5@gmail.com' is set on object 'Object Repository/Page_KiboPush  Sign In/input_form-control m-input_1'

2018-08-06 16:42:36 - [TEST_STEP][PASSED] - setEncryptedText: Text ****** has been set on object 'Object Repository/Page_KiboPush  Sign In/input_form-control m-input_2'

2018-08-06 16:42:36 - [MESSAGE][PASSED] - Text ****** has been set on object 'Object Repository/Page_KiboPush  Sign In/input_form-control m-input_2'

2018-08-06 16:42:36 - [TEST_STEP][PASSED] - click: Object: 'Object Repository/Page_KiboPush  Sign In/button_Sign In' is clicked on

2018-08-06 16:42:36 - [MESSAGE][PASSED] - Object: 'Object Repository/Page_KiboPush  Sign In/button_Sign In' is clicked on

2018-08-06 16:42:36 - [TEST_STEP][PASSED] - click: Object: 'Object Repository/Page_KiboPush  Dashboard/span_Broadcasts' is clicked on

2018-08-06 16:42:39 - [MESSAGE][PASSED] - Object: 'Object Repository/Page_KiboPush  Dashboard/span_Broadcasts' is clicked on

2018-08-06 16:42:39 - [TEST_STEP][PASSED] - click: Object: 'Object Repository/Page_KiboPush  Broadcast/span_Create New Broadcast' is clicked on

2018-08-06 16:42:39 - [MESSAGE][PASSED] - Object: 'Object Repository/Page_KiboPush  Broadcast/span_Create New Broadcast' is clicked on

2018-08-06 16:42:39 - [TEST_STEP][PASSED] - click: Object: 'Object Repository/Page_KiboPush  Broadcast/a_Create New Broadcast' is clicked on

2018-08-06 16:42:40 - [MESSAGE][PASSED] - Object: 'Object Repository/Page_KiboPush  Broadcast/a_Create New Broadcast' is clicked on

2018-08-06 16:42:40 - [TEST_STEP][PASSED] - custom.newKeyword.clickUsingJS: custom.newKeyword.clickUsingJS is PASSED

2018-08-06 16:42:40 - [MESSAGE][PASSED] - custom.newKeyword.clickUsingJS is PASSED

2018-08-06 16:42:40 - [TEST_STEP][PASSED] - setText: Text 'T' is set on object 'Object Repository/Page_KiboPush  Create Broadcast/textarea_hoverbordersolid form'

2018-08-06 16:42:40 - [MESSAGE][PASSED] - Text 'T' is set on object 'Object Repository/Page_KiboPush  Create Broadcast/textarea_hoverbordersolid form'

2018-08-06 16:42:40 - [TEST_STEP][PASSED] - setText: Text 'Te' is set on object 'Object Repository/Page_KiboPush  Create Broadcast/textarea_T'

2018-08-06 16:42:40 - [MESSAGE][PASSED] - Text 'Te' is set on object 'Object Repository/Page_KiboPush  Create Broadcast/textarea_T'

2018-08-06 16:42:40 - [TEST_STEP][PASSED] - setText: Text 'Tex' is set on object 'Object Repository/Page_KiboPush  Create Broadcast/textarea_Te'

2018-08-06 16:42:41 - [MESSAGE][PASSED] - Text 'Tex' is set on object 'Object Repository/Page_KiboPush  Create Broadcast/textarea_Te'

2018-08-06 16:42:41 - [TEST_STEP][PASSED] - setText: Text 'Text' is set on object 'Object Repository/Page_KiboPush  Create Broadcast/textarea_Tex'

2018-08-06 16:42:41 - [MESSAGE][PASSED] - Text 'Text' is set on object 'Object Repository/Page_KiboPush  Create Broadcast/textarea_Tex'

2018-08-06 16:42:41 - [TEST_STEP][PASSED] - closeBrowser: Browser is closed

2018-08-06 16:42:41 - [MESSAGE][PASSED] - Browser is closed]]></system-out>
         <system-err><![CDATA[]]></system-err>
      </testcase>
      <testcase name="Test Cases/TC0121" classname="Test Cases/TC0121" status="PASSED">
         <system-out><![CDATA[2018-08-06 16:42:41 - [TEST_CASE][PASSED] - Test Cases/TC0121: Test Cases/TC0121

2018-08-06 16:42:41 - [TEST_STEP][PASSED] - openBrowser: Browser is opened with url: ''

2018-08-06 16:42:42 - [MESSAGE][PASSED] - Browser is opened with url: ''

2018-08-06 16:42:42 - [TEST_STEP][PASSED] - navigateToUrl: Navigate to 'https://staging.kibopush.com/' successfully

2018-08-06 16:42:55 - [MESSAGE][PASSED] - Navigate to 'https://staging.kibopush.com/' successfully

2018-08-06 16:42:55 - [TEST_STEP][PASSED] - click: Object: 'Object Repository/Page_KiboPush  Sign In/a_Login' is clicked on

2018-08-06 16:42:55 - [MESSAGE][PASSED] - Object: 'Object Repository/Page_KiboPush  Sign In/a_Login' is clicked on

2018-08-06 16:42:55 - [TEST_STEP][PASSED] - click: Object: 'Object Repository/Page_KiboPush  Sign In/button_Team Account' is clicked on

2018-08-06 16:42:55 - [MESSAGE][PASSED] - Object: 'Object Repository/Page_KiboPush  Sign In/button_Team Account' is clicked on

2018-08-06 16:42:55 - [TEST_STEP][PASSED] - setText: Text 'kibopush.com' is set on object 'Object Repository/Page_KiboPush  Sign In/input_form-control m-input'

2018-08-06 16:42:55 - [MESSAGE][PASSED] - Text 'kibopush.com' is set on object 'Object Repository/Page_KiboPush  Sign In/input_form-control m-input'

2018-08-06 16:42:55 - [TEST_STEP][PASSED] - setText: Text 'bjafri5@gmail.com' is set on object 'Object Repository/Page_KiboPush  Sign In/input_form-control m-input_1'

2018-08-06 16:42:55 - [MESSAGE][PASSED] - Text 'bjafri5@gmail.com' is set on object 'Object Repository/Page_KiboPush  Sign In/input_form-control m-input_1'

2018-08-06 16:42:55 - [TEST_STEP][PASSED] - setEncryptedText: Text ****** has been set on object 'Object Repository/Page_KiboPush  Sign In/input_form-control m-input_2'

2018-08-06 16:42:56 - [MESSAGE][PASSED] - Text ****** has been set on object 'Object Repository/Page_KiboPush  Sign In/input_form-control m-input_2'

2018-08-06 16:42:56 - [TEST_STEP][PASSED] - click: Object: 'Object Repository/Page_KiboPush  Sign In/button_Sign In' is clicked on

2018-08-06 16:42:56 - [MESSAGE][PASSED] - Object: 'Object Repository/Page_KiboPush  Sign In/button_Sign In' is clicked on

2018-08-06 16:42:56 - [TEST_STEP][PASSED] - click: Object: 'Object Repository/Page_KiboPush  Dashboard/span_Broadcasts' is clicked on

2018-08-06 16:42:59 - [MESSAGE][PASSED] - Object: 'Object Repository/Page_KiboPush  Dashboard/span_Broadcasts' is clicked on

2018-08-06 16:42:59 - [TEST_STEP][PASSED] - selectOptionByValue: All options with value 'video' are selected in object 'Object Repository/Page_KiboPush  Broadcast/select_Filter by type...textim (3)'  using regular expression

2018-08-06 16:42:59 - [MESSAGE][PASSED] - All options with value 'video' are selected in object 'Object Repository/Page_KiboPush  Broadcast/select_Filter by type...textim (3)'  using regular expression

2018-08-06 16:42:59 - [TEST_STEP][PASSED] - click: Object: 'Object Repository/Page_KiboPush  Broadcast/span_video (1)' is clicked on

2018-08-06 16:43:00 - [MESSAGE][PASSED] - Object: 'Object Repository/Page_KiboPush  Broadcast/span_video (1)' is clicked on

2018-08-06 16:43:00 - [TEST_STEP][PASSED] - setText: Text 'SampleVideo' is set on object 'Object Repository/Page_KiboPush  Broadcast/input_form-control (1)'

2018-08-06 16:43:00 - [MESSAGE][PASSED] - Text 'SampleVideo' is set on object 'Object Repository/Page_KiboPush  Broadcast/input_form-control (1)'

2018-08-06 16:43:00 - [TEST_STEP][PASSED] - click: Object: 'Object Repository/Page_KiboPush  Broadcast/span_SampleVideo' is clicked on

2018-08-06 16:43:00 - [MESSAGE][PASSED] - Object: 'Object Repository/Page_KiboPush  Broadcast/span_SampleVideo' is clicked on

2018-08-06 16:43:00 - [TEST_STEP][PASSED] - closeBrowser: Browser is closed

2018-08-06 16:43:00 - [MESSAGE][PASSED] - Browser is closed]]></system-out>
         <system-err><![CDATA[]]></system-err>
      </testcase>
      <testcase name="Test Cases/TC0130" classname="Test Cases/TC0130" status="FAILED">
         <failure type="FAILED" message="Unable to click on object 'Object Repository/Page_KiboPush  Create Broadcast/img' (Root cause: org.openqa.selenium.ElementNotVisibleException: element not visible
  (Session info: chrome=67.0.3396.99)
  (Driver info: chromedriver=2.35.528157 (4429ca2590d6988c0745c24c8858745aaaec01ef),platform=Mac OS X 10.13.1 x86_64) (WARNING: The server did not provide any stacktrace information)
Command duration or timeout: 0 milliseconds
Build info: version: '3.7.1', revision: '8a0099a', time: '2017-11-06T21:07:36.161Z'
System info: host: 'Baqars-MacBook-Pro.local', ip: 'fe80:0:0:0:86b:36f2:e832:f5d1%en0', os.name: 'Mac OS X', os.arch: 'x86_64', os.version: '10.13.1', java.version: '1.8.0_102'
Driver info: com.kms.katalon.selenium.driver.CChromeDriver
Capabilities {acceptInsecureCerts: false, acceptSslCerts: false, applicationCacheEnabled: false, browserConnectionEnabled: false, browserName: chrome, chrome: {chromedriverVersion: 2.35.528157 (4429ca2590d698..., userDataDir: /var/folders/d9/974yd97x407...}, cssSelectorsEnabled: true, databaseEnabled: false, handlesAlerts: true, hasTouchScreen: false, javascriptEnabled: true, locationContextEnabled: true, mobileEmulationEnabled: false, nativeEvents: true, networkConnectionEnabled: false, pageLoadStrategy: normal, platform: MAC, platformName: MAC, rotatable: false, setWindowRect: true, takesHeapSnapshot: true, takesScreenshot: true, unexpectedAlertBehaviour: , unhandledPromptBehavior: , version: 67.0.3396.99, webStorageEnabled: true}
Session ID: 29e572d79d7594671fa956359f9e19eb)"/>
         <system-out><![CDATA[2018-08-06 16:43:00 - [TEST_CASE][FAILED] - Test Cases/TC0130: Test Cases/TC0130 FAILED because (of) Unable to click on object 'Object Repository/Page_KiboPush  Create Broadcast/img' (Root cause: org.openqa.selenium.ElementNotVisibleException: element not visible
  (Session info: chrome=67.0.3396.99)
  (Driver info: chromedriver=2.35.528157 (4429ca2590d6988c0745c24c8858745aaaec01ef),platform=Mac OS X 10.13.1 x86_64) (WARNING: The server did not provide any stacktrace information)
Command duration or timeout: 0 milliseconds
Build info: version: '3.7.1', revision: '8a0099a', time: '2017-11-06T21:07:36.161Z'
System info: host: 'Baqars-MacBook-Pro.local', ip: 'fe80:0:0:0:86b:36f2:e832:f5d1%en0', os.name: 'Mac OS X', os.arch: 'x86_64', os.version: '10.13.1', java.version: '1.8.0_102'
Driver info: com.kms.katalon.selenium.driver.CChromeDriver
Capabilities {acceptInsecureCerts: false, acceptSslCerts: false, applicationCacheEnabled: false, browserConnectionEnabled: false, browserName: chrome, chrome: {chromedriverVersion: 2.35.528157 (4429ca2590d698..., userDataDir: /var/folders/d9/974yd97x407...}, cssSelectorsEnabled: true, databaseEnabled: false, handlesAlerts: true, hasTouchScreen: false, javascriptEnabled: true, locationContextEnabled: true, mobileEmulationEnabled: false, nativeEvents: true, networkConnectionEnabled: false, pageLoadStrategy: normal, platform: MAC, platformName: MAC, rotatable: false, setWindowRect: true, takesHeapSnapshot: true, takesScreenshot: true, unexpectedAlertBehaviour: , unhandledPromptBehavior: , version: 67.0.3396.99, webStorageEnabled: true}
Session ID: 29e572d79d7594671fa956359f9e19eb)

2018-08-06 16:43:00 - [TEST_STEP][PASSED] - openBrowser: Browser is opened with url: ''

2018-08-06 16:43:01 - [MESSAGE][PASSED] - Browser is opened with url: ''

2018-08-06 16:43:01 - [TEST_STEP][PASSED] - navigateToUrl: Navigate to 'https://staging.kibopush.com/' successfully

2018-08-06 16:43:12 - [MESSAGE][PASSED] - Navigate to 'https://staging.kibopush.com/' successfully

2018-08-06 16:43:12 - [TEST_STEP][PASSED] - click: Object: 'Object Repository/Page_KiboPush  Sign In/a_Login' is clicked on

2018-08-06 16:43:12 - [MESSAGE][PASSED] - Object: 'Object Repository/Page_KiboPush  Sign In/a_Login' is clicked on

2018-08-06 16:43:12 - [TEST_STEP][PASSED] - click: Object: 'Object Repository/Page_KiboPush  Sign In/button_Team Account' is clicked on

2018-08-06 16:43:12 - [MESSAGE][PASSED] - Object: 'Object Repository/Page_KiboPush  Sign In/button_Team Account' is clicked on

2018-08-06 16:43:12 - [TEST_STEP][PASSED] - setText: Text 'kibopush.com' is set on object 'Object Repository/Page_KiboPush  Sign In/input_form-control m-input'

2018-08-06 16:43:12 - [MESSAGE][PASSED] - Text 'kibopush.com' is set on object 'Object Repository/Page_KiboPush  Sign In/input_form-control m-input'

2018-08-06 16:43:12 - [TEST_STEP][PASSED] - setText: Text 'bjafri5@gmail.com' is set on object 'Object Repository/Page_KiboPush  Sign In/input_form-control m-input_1'

2018-08-06 16:43:12 - [MESSAGE][PASSED] - Text 'bjafri5@gmail.com' is set on object 'Object Repository/Page_KiboPush  Sign In/input_form-control m-input_1'

2018-08-06 16:43:12 - [TEST_STEP][PASSED] - setEncryptedText: Text ****** has been set on object 'Object Repository/Page_KiboPush  Sign In/input_form-control m-input_2'

2018-08-06 16:43:13 - [MESSAGE][PASSED] - Text ****** has been set on object 'Object Repository/Page_KiboPush  Sign In/input_form-control m-input_2'

2018-08-06 16:43:13 - [TEST_STEP][PASSED] - click: Object: 'Object Repository/Page_KiboPush  Sign In/button_Sign In' is clicked on

2018-08-06 16:43:13 - [MESSAGE][PASSED] - Object: 'Object Repository/Page_KiboPush  Sign In/button_Sign In' is clicked on

2018-08-06 16:43:13 - [TEST_STEP][PASSED] - click: Object: 'Object Repository/Page_KiboPush  Dashboard/span_Broadcasts' is clicked on

2018-08-06 16:43:16 - [MESSAGE][PASSED] - Object: 'Object Repository/Page_KiboPush  Dashboard/span_Broadcasts' is clicked on

2018-08-06 16:43:16 - [TEST_STEP][PASSED] - click: Object: 'Object Repository/Page_KiboPush  Broadcast/button_Create New Broadcast (1)' is clicked on

2018-08-06 16:43:16 - [MESSAGE][PASSED] - Object: 'Object Repository/Page_KiboPush  Broadcast/button_Create New Broadcast (1)' is clicked on

2018-08-06 16:43:16 - [TEST_STEP][PASSED] - click: Object: 'Object Repository/Page_KiboPush  Broadcast/a_Use Template (2)' is clicked on

2018-08-06 16:43:16 - [MESSAGE][PASSED] - Object: 'Object Repository/Page_KiboPush  Broadcast/a_Use Template (2)' is clicked on

2018-08-06 16:43:16 - [TEST_STEP][PASSED] - click: Object: 'Object Repository/Page_KiboPush  Broadcast/a_Edit Template' is clicked on

2018-08-06 16:43:17 - [MESSAGE][PASSED] - Object: 'Object Repository/Page_KiboPush  Broadcast/a_Edit Template' is clicked on

2018-08-06 16:43:17 - [TEST_STEP][FAILED] - click: Unable to click on object 'Object Repository/Page_KiboPush  Create Broadcast/img' (Root cause: org.openqa.selenium.ElementNotVisibleException: element not visible
  (Session info: chrome=67.0.3396.99)
  (Driver info: chromedriver=2.35.528157 (4429ca2590d6988c0745c24c8858745aaaec01ef),platform=Mac OS X 10.13.1 x86_64) (WARNING: The server did not provide any stacktrace information)
Command duration or timeout: 0 milliseconds
Build info: version: '3.7.1', revision: '8a0099a', time: '2017-11-06T21:07:36.161Z'
System info: host: 'Baqars-MacBook-Pro.local', ip: 'fe80:0:0:0:86b:36f2:e832:f5d1%en0', os.name: 'Mac OS X', os.arch: 'x86_64', os.version: '10.13.1', java.version: '1.8.0_102'
Driver info: com.kms.katalon.selenium.driver.CChromeDriver
Capabilities {acceptInsecureCerts: false, acceptSslCerts: false, applicationCacheEnabled: false, browserConnectionEnabled: false, browserName: chrome, chrome: {chromedriverVersion: 2.35.528157 (4429ca2590d698..., userDataDir: /var/folders/d9/974yd97x407...}, cssSelectorsEnabled: true, databaseEnabled: false, handlesAlerts: true, hasTouchScreen: false, javascriptEnabled: true, locationContextEnabled: true, mobileEmulationEnabled: false, nativeEvents: true, networkConnectionEnabled: false, pageLoadStrategy: normal, platform: MAC, platformName: MAC, rotatable: false, setWindowRect: true, takesHeapSnapshot: true, takesScreenshot: true, unexpectedAlertBehaviour: , unhandledPromptBehavior: , version: 67.0.3396.99, webStorageEnabled: true}
Session ID: 29e572d79d7594671fa956359f9e19eb)

2018-08-06 16:43:18 - [MESSAGE][FAILED] - Unable to click on object 'Object Repository/Page_KiboPush  Create Broadcast/img' (Root cause: org.openqa.selenium.ElementNotVisibleException: element not visible
  (Session info: chrome=67.0.3396.99)
  (Driver info: chromedriver=2.35.528157 (4429ca2590d6988c0745c24c8858745aaaec01ef),platform=Mac OS X 10.13.1 x86_64) (WARNING: The server did not provide any stacktrace information)
Command duration or timeout: 0 milliseconds
Build info: version: '3.7.1', revision: '8a0099a', time: '2017-11-06T21:07:36.161Z'
System info: host: 'Baqars-MacBook-Pro.local', ip: 'fe80:0:0:0:86b:36f2:e832:f5d1%en0', os.name: 'Mac OS X', os.arch: 'x86_64', os.version: '10.13.1', java.version: '1.8.0_102'
Driver info: com.kms.katalon.selenium.driver.CChromeDriver
Capabilities {acceptInsecureCerts: false, acceptSslCerts: false, applicationCacheEnabled: false, browserConnectionEnabled: false, browserName: chrome, chrome: {chromedriverVersion: 2.35.528157 (4429ca2590d698..., userDataDir: /var/folders/d9/974yd97x407...}, cssSelectorsEnabled: true, databaseEnabled: false, handlesAlerts: true, hasTouchScreen: false, javascriptEnabled: true, locationContextEnabled: true, mobileEmulationEnabled: false, nativeEvents: true, networkConnectionEnabled: false, pageLoadStrategy: normal, platform: MAC, platformName: MAC, rotatable: false, setWindowRect: true, takesHeapSnapshot: true, takesScreenshot: true, unexpectedAlertBehaviour: , unhandledPromptBehavior: , version: 67.0.3396.99, webStorageEnabled: true}
Session ID: 29e572d79d7594671fa956359f9e19eb)
[[ATTACHMENT|/Users/baqarjafri/Katalon Studio/KiboPush/Reports/KiboPush Broadcasts/20180806_163904/1533555797399.png]]]]></system-out>
         <system-err><![CDATA[2018-08-06 16:43:00 - [TEST_CASE][FAILED] - Test Cases/TC0130: Test Cases/TC0130 FAILED because (of) Unable to click on object 'Object Repository/Page_KiboPush  Create Broadcast/img' (Root cause: org.openqa.selenium.ElementNotVisibleException: element not visible
  (Session info: chrome=67.0.3396.99)
  (Driver info: chromedriver=2.35.528157 (4429ca2590d6988c0745c24c8858745aaaec01ef),platform=Mac OS X 10.13.1 x86_64) (WARNING: The server did not provide any stacktrace information)
Command duration or timeout: 0 milliseconds
Build info: version: '3.7.1', revision: '8a0099a', time: '2017-11-06T21:07:36.161Z'
System info: host: 'Baqars-MacBook-Pro.local', ip: 'fe80:0:0:0:86b:36f2:e832:f5d1%en0', os.name: 'Mac OS X', os.arch: 'x86_64', os.version: '10.13.1', java.version: '1.8.0_102'
Driver info: com.kms.katalon.selenium.driver.CChromeDriver
Capabilities {acceptInsecureCerts: false, acceptSslCerts: false, applicationCacheEnabled: false, browserConnectionEnabled: false, browserName: chrome, chrome: {chromedriverVersion: 2.35.528157 (4429ca2590d698..., userDataDir: /var/folders/d9/974yd97x407...}, cssSelectorsEnabled: true, databaseEnabled: false, handlesAlerts: true, hasTouchScreen: false, javascriptEnabled: true, locationContextEnabled: true, mobileEmulationEnabled: false, nativeEvents: true, networkConnectionEnabled: false, pageLoadStrategy: normal, platform: MAC, platformName: MAC, rotatable: false, setWindowRect: true, takesHeapSnapshot: true, takesScreenshot: true, unexpectedAlertBehaviour: , unhandledPromptBehavior: , version: 67.0.3396.99, webStorageEnabled: true}
Session ID: 29e572d79d7594671fa956359f9e19eb)]]></system-err>
      </testcase>
      <testcase name="Test Cases/TC0120" classname="Test Cases/TC0120" status="FAILED">
         <failure type="FAILED" message="Unable to select option by value 'all' of object 'Object Repository/Page_KiboPush  Broadcast/select_Filter by type...textim'  using regular expression (Root cause: No option matched.)"/>
         <system-out><![CDATA[2018-08-06 16:43:18 - [TEST_CASE][FAILED] - Test Cases/TC0120: Test Cases/TC0120 FAILED because (of) Unable to select option by value 'all' of object 'Object Repository/Page_KiboPush  Broadcast/select_Filter by type...textim'  using regular expression (Root cause: No option matched.)

2018-08-06 16:43:18 - [TEST_STEP][PASSED] - openBrowser: Browser is opened with url: ''

2018-08-06 16:43:18 - [MESSAGE][WARNING] - A browser is already opened. Closing browser and opening a new one

2018-08-06 16:43:19 - [MESSAGE][PASSED] - Browser is opened with url: ''

2018-08-06 16:43:19 - [TEST_STEP][PASSED] - navigateToUrl: Navigate to 'https://staging.kibopush.com/' successfully

2018-08-06 16:43:31 - [MESSAGE][PASSED] - Navigate to 'https://staging.kibopush.com/' successfully

2018-08-06 16:43:31 - [TEST_STEP][PASSED] - click: Object: 'Object Repository/Page_KiboPush  Sign In/a_Login' is clicked on

2018-08-06 16:43:31 - [MESSAGE][PASSED] - Object: 'Object Repository/Page_KiboPush  Sign In/a_Login' is clicked on

2018-08-06 16:43:31 - [TEST_STEP][PASSED] - click: Object: 'Object Repository/Page_KiboPush  Sign In/button_Team Account' is clicked on

2018-08-06 16:43:31 - [MESSAGE][PASSED] - Object: 'Object Repository/Page_KiboPush  Sign In/button_Team Account' is clicked on

2018-08-06 16:43:31 - [TEST_STEP][PASSED] - setText: Text 'kibopush.com' is set on object 'Object Repository/Page_KiboPush  Sign In/input_form-control m-input'

2018-08-06 16:43:32 - [MESSAGE][PASSED] - Text 'kibopush.com' is set on object 'Object Repository/Page_KiboPush  Sign In/input_form-control m-input'

2018-08-06 16:43:32 - [TEST_STEP][PASSED] - setText: Text 'bjafri5@gmail.com' is set on object 'Object Repository/Page_KiboPush  Sign In/input_form-control m-input_1'

2018-08-06 16:43:32 - [MESSAGE][PASSED] - Text 'bjafri5@gmail.com' is set on object 'Object Repository/Page_KiboPush  Sign In/input_form-control m-input_1'

2018-08-06 16:43:32 - [TEST_STEP][PASSED] - setEncryptedText: Text ****** has been set on object 'Object Repository/Page_KiboPush  Sign In/input_form-control m-input_2'

2018-08-06 16:43:32 - [MESSAGE][PASSED] - Text ****** has been set on object 'Object Repository/Page_KiboPush  Sign In/input_form-control m-input_2'

2018-08-06 16:43:32 - [TEST_STEP][PASSED] - click: Object: 'Object Repository/Page_KiboPush  Sign In/button_Sign In' is clicked on

2018-08-06 16:43:32 - [MESSAGE][PASSED] - Object: 'Object Repository/Page_KiboPush  Sign In/button_Sign In' is clicked on

2018-08-06 16:43:32 - [TEST_STEP][PASSED] - click: Object: 'Object Repository/Page_KiboPush  Dashboard/span_Broadcasts' is clicked on

2018-08-06 16:43:35 - [MESSAGE][PASSED] - Object: 'Object Repository/Page_KiboPush  Dashboard/span_Broadcasts' is clicked on

2018-08-06 16:43:35 - [TEST_STEP][FAILED] - selectOptionByValue: Unable to select option by value 'all' of object 'Object Repository/Page_KiboPush  Broadcast/select_Filter by type...textim'  using regular expression (Root cause: No option matched.)

2018-08-06 16:43:35 - [MESSAGE][FAILED] - No option matched.

2018-08-06 16:43:36 - [MESSAGE][FAILED] - Unable to select option by value 'all' of object 'Object Repository/Page_KiboPush  Broadcast/select_Filter by type...textim'  using regular expression (Root cause: No option matched.)
[[ATTACHMENT|/Users/baqarjafri/Katalon Studio/KiboPush/Reports/KiboPush Broadcasts/20180806_163904/1533555815630.png]]]]></system-out>
         <system-err><![CDATA[2018-08-06 16:43:18 - [TEST_CASE][FAILED] - Test Cases/TC0120: Test Cases/TC0120 FAILED because (of) Unable to select option by value 'all' of object 'Object Repository/Page_KiboPush  Broadcast/select_Filter by type...textim'  using regular expression (Root cause: No option matched.)]]></system-err>
      </testcase>
      <testcase name="Test Cases/TC0124" classname="Test Cases/TC0124" status="FAILED">
         <failure type="FAILED" message="Unable to click on object 'Object Repository/Page_KiboPush  Broadcast/div_Filter by type...textimage_1' (Root cause: com.kms.katalon.core.webui.exception.WebElementNotFoundException: Web element with id: 'Object Repository/Page_KiboPush  Broadcast/div_Filter by type...textimage_1' located by 'By.xpath: //div[(text() = 'Filter by type...textimagecardgalleryaudiovideofilelistmediamiscellaneousallShow records for last:    daysTitleTypeCreated AtSentSeenClicksSampleVideovideoMon Aug 06 2018 9:45 AM110previous1next' or . = 'Filter by type...textimagecardgalleryaudiovideofilelistmediamiscellaneousallShow records for last:    daysTitleTypeCreated AtSentSeenClicksSampleVideovideoMon Aug 06 2018 9:45 AM110previous1next')]' not found)"/>
         <system-out><![CDATA[2018-08-06 16:43:36 - [TEST_CASE][FAILED] - Test Cases/TC0124: Test Cases/TC0124 FAILED because (of) Unable to click on object 'Object Repository/Page_KiboPush  Broadcast/div_Filter by type...textimage_1' (Root cause: com.kms.katalon.core.webui.exception.WebElementNotFoundException: Web element with id: 'Object Repository/Page_KiboPush  Broadcast/div_Filter by type...textimage_1' located by 'By.xpath: //div[(text() = 'Filter by type...textimagecardgalleryaudiovideofilelistmediamiscellaneousallShow records for last:    daysTitleTypeCreated AtSentSeenClicksSampleVideovideoMon Aug 06 2018 9:45 AM110previous1next' or . = 'Filter by type...textimagecardgalleryaudiovideofilelistmediamiscellaneousallShow records for last:    daysTitleTypeCreated AtSentSeenClicksSampleVideovideoMon Aug 06 2018 9:45 AM110previous1next')]' not found)

2018-08-06 16:43:36 - [TEST_STEP][PASSED] - openBrowser: Browser is opened with url: ''

2018-08-06 16:43:36 - [MESSAGE][WARNING] - A browser is already opened. Closing browser and opening a new one

2018-08-06 16:43:37 - [MESSAGE][PASSED] - Browser is opened with url: ''

2018-08-06 16:43:37 - [TEST_STEP][PASSED] - navigateToUrl: Navigate to 'https://staging.kibopush.com/' successfully

2018-08-06 16:43:48 - [MESSAGE][PASSED] - Navigate to 'https://staging.kibopush.com/' successfully

2018-08-06 16:43:48 - [TEST_STEP][PASSED] - click: Object: 'Object Repository/Page_KiboPush  Sign In/a_Login' is clicked on

2018-08-06 16:43:49 - [MESSAGE][PASSED] - Object: 'Object Repository/Page_KiboPush  Sign In/a_Login' is clicked on

2018-08-06 16:43:49 - [TEST_STEP][PASSED] - click: Object: 'Object Repository/Page_KiboPush  Sign In/button_Team Account' is clicked on

2018-08-06 16:43:49 - [MESSAGE][PASSED] - Object: 'Object Repository/Page_KiboPush  Sign In/button_Team Account' is clicked on

2018-08-06 16:43:49 - [TEST_STEP][PASSED] - setText: Text 'kibopush.com' is set on object 'Object Repository/Page_KiboPush  Sign In/input_form-control m-input'

2018-08-06 16:43:49 - [MESSAGE][PASSED] - Text 'kibopush.com' is set on object 'Object Repository/Page_KiboPush  Sign In/input_form-control m-input'

2018-08-06 16:43:49 - [TEST_STEP][PASSED] - setText: Text 'bjafri5@gmail.com' is set on object 'Object Repository/Page_KiboPush  Sign In/input_form-control m-input_1'

2018-08-06 16:43:49 - [MESSAGE][PASSED] - Text 'bjafri5@gmail.com' is set on object 'Object Repository/Page_KiboPush  Sign In/input_form-control m-input_1'

2018-08-06 16:43:49 - [TEST_STEP][PASSED] - setEncryptedText: Text ****** has been set on object 'Object Repository/Page_KiboPush  Sign In/input_form-control m-input_2'

2018-08-06 16:43:49 - [MESSAGE][PASSED] - Text ****** has been set on object 'Object Repository/Page_KiboPush  Sign In/input_form-control m-input_2'

2018-08-06 16:43:49 - [TEST_STEP][PASSED] - click: Object: 'Object Repository/Page_KiboPush  Sign In/button_Sign In' is clicked on

2018-08-06 16:43:49 - [MESSAGE][PASSED] - Object: 'Object Repository/Page_KiboPush  Sign In/button_Sign In' is clicked on

2018-08-06 16:43:49 - [TEST_STEP][PASSED] - click: Object: 'Object Repository/Page_KiboPush  Dashboard/span_Broadcasts' is clicked on

2018-08-06 16:43:52 - [MESSAGE][PASSED] - Object: 'Object Repository/Page_KiboPush  Dashboard/span_Broadcasts' is clicked on

2018-08-06 16:43:52 - [TEST_STEP][PASSED] - click: Object: 'Object Repository/Page_KiboPush  Broadcast/div_Filter by type...textimage' is clicked on

2018-08-06 16:43:53 - [MESSAGE][PASSED] - Object: 'Object Repository/Page_KiboPush  Broadcast/div_Filter by type...textimage' is clicked on

2018-08-06 16:43:53 - [TEST_STEP][PASSED] - click: Object: 'Object Repository/Page_KiboPush  Broadcast/a_4' is clicked on

2018-08-06 16:43:53 - [MESSAGE][PASSED] - Object: 'Object Repository/Page_KiboPush  Broadcast/a_4' is clicked on

2018-08-06 16:43:53 - [TEST_STEP][FAILED] - click: Unable to click on object 'Object Repository/Page_KiboPush  Broadcast/div_Filter by type...textimage_1' (Root cause: com.kms.katalon.core.webui.exception.WebElementNotFoundException: Web element with id: 'Object Repository/Page_KiboPush  Broadcast/div_Filter by type...textimage_1' located by 'By.xpath: //div[(text() = 'Filter by type...textimagecardgalleryaudiovideofilelistmediamiscellaneousallShow records for last:    daysTitleTypeCreated AtSentSeenClicksSampleVideovideoMon Aug 06 2018 9:45 AM110previous1next' or . = 'Filter by type...textimagecardgalleryaudiovideofilelistmediamiscellaneousallShow records for last:    daysTitleTypeCreated AtSentSeenClicksSampleVideovideoMon Aug 06 2018 9:45 AM110previous1next')]' not found)

2018-08-06 16:44:26 - [MESSAGE][FAILED] - Unable to click on object 'Object Repository/Page_KiboPush  Broadcast/div_Filter by type...textimage_1' (Root cause: com.kms.katalon.core.webui.exception.WebElementNotFoundException: Web element with id: 'Object Repository/Page_KiboPush  Broadcast/div_Filter by type...textimage_1' located by 'By.xpath: //div[(text() = 'Filter by type...textimagecardgalleryaudiovideofilelistmediamiscellaneousallShow records for last:    daysTitleTypeCreated AtSentSeenClicksSampleVideovideoMon Aug 06 2018 9:45 AM110previous1next' or . = 'Filter by type...textimagecardgalleryaudiovideofilelistmediamiscellaneousallShow records for last:    daysTitleTypeCreated AtSentSeenClicksSampleVideovideoMon Aug 06 2018 9:45 AM110previous1next')]' not found)
[[ATTACHMENT|/Users/baqarjafri/Katalon Studio/KiboPush/Reports/KiboPush Broadcasts/20180806_163904/1533555865723.png]]]]></system-out>
         <system-err><![CDATA[2018-08-06 16:43:36 - [TEST_CASE][FAILED] - Test Cases/TC0124: Test Cases/TC0124 FAILED because (of) Unable to click on object 'Object Repository/Page_KiboPush  Broadcast/div_Filter by type...textimage_1' (Root cause: com.kms.katalon.core.webui.exception.WebElementNotFoundException: Web element with id: 'Object Repository/Page_KiboPush  Broadcast/div_Filter by type...textimage_1' located by 'By.xpath: //div[(text() = 'Filter by type...textimagecardgalleryaudiovideofilelistmediamiscellaneousallShow records for last:    daysTitleTypeCreated AtSentSeenClicksSampleVideovideoMon Aug 06 2018 9:45 AM110previous1next' or . = 'Filter by type...textimagecardgalleryaudiovideofilelistmediamiscellaneousallShow records for last:    daysTitleTypeCreated AtSentSeenClicksSampleVideovideoMon Aug 06 2018 9:45 AM110previous1next')]' not found)]]></system-err>
      </testcase>
      <testcase name="Test Cases/TC0133" classname="Test Cases/TC0133" status="FAILED">
         <failure type="FAILED" message="Unable to set text 'KiboPush' of object 'Object Repository/Page_KiboPush  Create Broadcast/input_form-control' (Root cause: com.kms.katalon.core.webui.exception.WebElementNotFoundException: Web element with id: 'Object Repository/Page_KiboPush  Create Broadcast/input_form-control' located by 'By.xpath: //input[@type = 'text' and @placeholder = 'Enter button title']' not found)"/>
         <system-out><![CDATA[2018-08-06 16:44:26 - [TEST_CASE][FAILED] - Test Cases/TC0133: Test Cases/TC0133 FAILED because (of) Unable to set text 'KiboPush' of object 'Object Repository/Page_KiboPush  Create Broadcast/input_form-control' (Root cause: com.kms.katalon.core.webui.exception.WebElementNotFoundException: Web element with id: 'Object Repository/Page_KiboPush  Create Broadcast/input_form-control' located by 'By.xpath: //input[@type = 'text' and @placeholder = 'Enter button title']' not found)

2018-08-06 16:44:26 - [TEST_STEP][PASSED] - openBrowser: Browser is opened with url: ''

2018-08-06 16:44:26 - [MESSAGE][WARNING] - A browser is already opened. Closing browser and opening a new one

2018-08-06 16:44:28 - [MESSAGE][PASSED] - Browser is opened with url: ''

2018-08-06 16:44:28 - [TEST_STEP][PASSED] - navigateToUrl: Navigate to 'https://staging.kibopush.com/' successfully

2018-08-06 16:44:40 - [MESSAGE][PASSED] - Navigate to 'https://staging.kibopush.com/' successfully

2018-08-06 16:44:40 - [TEST_STEP][PASSED] - click: Object: 'Object Repository/Page_KiboPush  Sign In/a_Login' is clicked on

2018-08-06 16:44:40 - [MESSAGE][PASSED] - Object: 'Object Repository/Page_KiboPush  Sign In/a_Login' is clicked on

2018-08-06 16:44:40 - [TEST_STEP][PASSED] - click: Object: 'Object Repository/Page_KiboPush  Sign In/button_Team Account' is clicked on

2018-08-06 16:44:40 - [MESSAGE][PASSED] - Object: 'Object Repository/Page_KiboPush  Sign In/button_Team Account' is clicked on

2018-08-06 16:44:40 - [TEST_STEP][PASSED] - setText: Text 'kibopush.com' is set on object 'Object Repository/Page_KiboPush  Sign In/input_form-control m-input'

2018-08-06 16:44:41 - [MESSAGE][PASSED] - Text 'kibopush.com' is set on object 'Object Repository/Page_KiboPush  Sign In/input_form-control m-input'

2018-08-06 16:44:41 - [TEST_STEP][PASSED] - setText: Text 'bjafri5@gmail.com' is set on object 'Object Repository/Page_KiboPush  Sign In/input_form-control m-input_1'

2018-08-06 16:44:41 - [MESSAGE][PASSED] - Text 'bjafri5@gmail.com' is set on object 'Object Repository/Page_KiboPush  Sign In/input_form-control m-input_1'

2018-08-06 16:44:41 - [TEST_STEP][PASSED] - setEncryptedText: Text ****** has been set on object 'Object Repository/Page_KiboPush  Sign In/input_form-control m-input_2'

2018-08-06 16:44:41 - [MESSAGE][PASSED] - Text ****** has been set on object 'Object Repository/Page_KiboPush  Sign In/input_form-control m-input_2'

2018-08-06 16:44:41 - [TEST_STEP][PASSED] - click: Object: 'Object Repository/Page_KiboPush  Sign In/button_Sign In' is clicked on

2018-08-06 16:44:41 - [MESSAGE][PASSED] - Object: 'Object Repository/Page_KiboPush  Sign In/button_Sign In' is clicked on

2018-08-06 16:44:41 - [TEST_STEP][PASSED] - click: Object: 'Object Repository/Page_KiboPush  Dashboard/span_Broadcasts' is clicked on

2018-08-06 16:44:44 - [MESSAGE][PASSED] - Object: 'Object Repository/Page_KiboPush  Dashboard/span_Broadcasts' is clicked on

2018-08-06 16:44:44 - [TEST_STEP][PASSED] - click: Object: 'Object Repository/Page_KiboPush  Broadcast/span_Create New Broadcast' is clicked on

2018-08-06 16:44:44 - [MESSAGE][PASSED] - Object: 'Object Repository/Page_KiboPush  Broadcast/span_Create New Broadcast' is clicked on

2018-08-06 16:44:44 - [TEST_STEP][PASSED] - click: Object: 'Object Repository/Page_KiboPush  Broadcast/a_Create New Broadcast' is clicked on

2018-08-06 16:44:44 - [MESSAGE][PASSED] - Object: 'Object Repository/Page_KiboPush  Broadcast/a_Create New Broadcast' is clicked on

2018-08-06 16:44:44 - [TEST_STEP][PASSED] - custom.newKeyword.clickUsingJS: custom.newKeyword.clickUsingJS is PASSED

2018-08-06 16:44:45 - [MESSAGE][PASSED] - custom.newKeyword.clickUsingJS is PASSED

2018-08-06 16:44:45 - [TEST_STEP][PASSED] - click: Object: 'Object Repository/Page_KiboPush  Create Broadcast/div_ Add Button' is clicked on

2018-08-06 16:44:45 - [MESSAGE][PASSED] - Object: 'Object Repository/Page_KiboPush  Create Broadcast/div_ Add Button' is clicked on

2018-08-06 16:44:45 - [TEST_STEP][FAILED] - setText: Unable to set text 'KiboPush' of object 'Object Repository/Page_KiboPush  Create Broadcast/input_form-control' (Root cause: com.kms.katalon.core.webui.exception.WebElementNotFoundException: Web element with id: 'Object Repository/Page_KiboPush  Create Broadcast/input_form-control' located by 'By.xpath: //input[@type = 'text' and @placeholder = 'Enter button title']' not found)

2018-08-06 16:45:17 - [MESSAGE][FAILED] - Unable to set text 'KiboPush' of object 'Object Repository/Page_KiboPush  Create Broadcast/input_form-control' (Root cause: com.kms.katalon.core.webui.exception.WebElementNotFoundException: Web element with id: 'Object Repository/Page_KiboPush  Create Broadcast/input_form-control' located by 'By.xpath: //input[@type = 'text' and @placeholder = 'Enter button title']' not found)
[[ATTACHMENT|/Users/baqarjafri/Katalon Studio/KiboPush/Reports/KiboPush Broadcasts/20180806_163904/1533555916694.png]]]]></system-out>
         <system-err><![CDATA[2018-08-06 16:44:26 - [TEST_CASE][FAILED] - Test Cases/TC0133: Test Cases/TC0133 FAILED because (of) Unable to set text 'KiboPush' of object 'Object Repository/Page_KiboPush  Create Broadcast/input_form-control' (Root cause: com.kms.katalon.core.webui.exception.WebElementNotFoundException: Web element with id: 'Object Repository/Page_KiboPush  Create Broadcast/input_form-control' located by 'By.xpath: //input[@type = 'text' and @placeholder = 'Enter button title']' not found)]]></system-err>
      </testcase>
      <testcase name="Test Cases/TC0123" classname="Test Cases/TC0123" status="PASSED">
         <system-out><![CDATA[2018-08-06 16:45:17 - [TEST_CASE][PASSED] - Test Cases/TC0123: Test Cases/TC0123

2018-08-06 16:45:17 - [TEST_STEP][PASSED] - openBrowser: Browser is opened with url: ''

2018-08-06 16:45:17 - [MESSAGE][WARNING] - A browser is already opened. Closing browser and opening a new one

2018-08-06 16:45:19 - [MESSAGE][PASSED] - Browser is opened with url: ''

2018-08-06 16:45:19 - [TEST_STEP][PASSED] - navigateToUrl: Navigate to 'https://staging.kibopush.com/' successfully

2018-08-06 16:45:28 - [MESSAGE][PASSED] - Navigate to 'https://staging.kibopush.com/' successfully

2018-08-06 16:45:28 - [TEST_STEP][PASSED] - click: Object: 'Object Repository/Page_KiboPush  Sign In/a_Login' is clicked on

2018-08-06 16:45:28 - [MESSAGE][PASSED] - Object: 'Object Repository/Page_KiboPush  Sign In/a_Login' is clicked on

2018-08-06 16:45:28 - [TEST_STEP][PASSED] - click: Object: 'Object Repository/Page_KiboPush  Sign In/button_Team Account' is clicked on

2018-08-06 16:45:28 - [MESSAGE][PASSED] - Object: 'Object Repository/Page_KiboPush  Sign In/button_Team Account' is clicked on

2018-08-06 16:45:28 - [TEST_STEP][PASSED] - setText: Text 'kibopush.com' is set on object 'Object Repository/Page_KiboPush  Sign In/input_form-control m-input'

2018-08-06 16:45:29 - [MESSAGE][PASSED] - Text 'kibopush.com' is set on object 'Object Repository/Page_KiboPush  Sign In/input_form-control m-input'

2018-08-06 16:45:29 - [TEST_STEP][PASSED] - setText: Text 'bjafri5@gmail.com' is set on object 'Object Repository/Page_KiboPush  Sign In/input_form-control m-input_1'

2018-08-06 16:45:29 - [MESSAGE][PASSED] - Text 'bjafri5@gmail.com' is set on object 'Object Repository/Page_KiboPush  Sign In/input_form-control m-input_1'

2018-08-06 16:45:29 - [TEST_STEP][PASSED] - setEncryptedText: Text ****** has been set on object 'Object Repository/Page_KiboPush  Sign In/input_form-control m-input_2'

2018-08-06 16:45:29 - [MESSAGE][PASSED] - Text ****** has been set on object 'Object Repository/Page_KiboPush  Sign In/input_form-control m-input_2'

2018-08-06 16:45:29 - [TEST_STEP][PASSED] - click: Object: 'Object Repository/Page_KiboPush  Sign In/button_Sign In' is clicked on

2018-08-06 16:45:29 - [MESSAGE][PASSED] - Object: 'Object Repository/Page_KiboPush  Sign In/button_Sign In' is clicked on

2018-08-06 16:45:29 - [TEST_STEP][PASSED] - click: Object: 'Object Repository/Page_KiboPush  Dashboard/span_Broadcasts' is clicked on

2018-08-06 16:45:32 - [MESSAGE][PASSED] - Object: 'Object Repository/Page_KiboPush  Dashboard/span_Broadcasts' is clicked on

2018-08-06 16:45:32 - [TEST_STEP][PASSED] - click: Object: 'Object Repository/Page_KiboPush  Broadcast/div_Filter by type...textimage (3)' is clicked on

2018-08-06 16:45:33 - [MESSAGE][PASSED] - Object: 'Object Repository/Page_KiboPush  Broadcast/div_Filter by type...textimage (3)' is clicked on

2018-08-06 16:45:33 - [TEST_STEP][PASSED] - Statement - date_page1 = getFirstRowDate(): null

2018-08-06 16:45:33 - [TEST_STEP][PASSED] - Statement - driver = com.kms.katalon.core.webui.driver.DriverFactory.getWebDriver(): null

2018-08-06 16:45:33 - [TEST_STEP][PASSED] - Statement - Try: null

2018-08-06 16:45:33 - [TEST_STEP][PASSED] - Statement - Table = driver.findElement(org.openqa.selenium.By.xpath("//table/tbody")): null

2018-08-06 16:45:33 - [TEST_STEP][PASSED] - Statement - rows_table = Table.findElements(org.openqa.selenium.By.tagName("tr")): null

2018-08-06 16:45:33 - [TEST_STEP][PASSED] - Statement - dates = new java.util.ArrayList(): null

2018-08-06 16:45:33 - [TEST_STEP][PASSED] - Statement - date = rows_table.get(0).findElement(org.openqa.selenium.By.xpath(".//td[@data-field="datetime"]")).getText(): null

2018-08-06 16:45:33 - [TEST_STEP][PASSED] - Statement - return date: null

2018-08-06 16:45:33 - [TEST_STEP][PASSED] - click: Object: 'Object Repository/Page_KiboPush  Broadcast/a_next (1)' is clicked on

2018-08-06 16:45:33 - [MESSAGE][PASSED] - Object: 'Object Repository/Page_KiboPush  Broadcast/a_next (1)' is clicked on

2018-08-06 16:45:33 - [TEST_STEP][PASSED] - click: Object: 'Object Repository/Page_KiboPush  Broadcast/div_Filter by type...textimage_3' is clicked on

2018-08-06 16:45:33 - [MESSAGE][PASSED] - Object: 'Object Repository/Page_KiboPush  Broadcast/div_Filter by type...textimage_3' is clicked on

2018-08-06 16:45:33 - [TEST_STEP][PASSED] - Statement - date_page2 = getFirstRowDate(): null

2018-08-06 16:45:33 - [TEST_STEP][PASSED] - Statement - driver = com.kms.katalon.core.webui.driver.DriverFactory.getWebDriver(): null

2018-08-06 16:45:33 - [TEST_STEP][PASSED] - Statement - Try: null

2018-08-06 16:45:33 - [TEST_STEP][PASSED] - Statement - Table = driver.findElement(org.openqa.selenium.By.xpath("//table/tbody")): null

2018-08-06 16:45:33 - [TEST_STEP][PASSED] - Statement - rows_table = Table.findElements(org.openqa.selenium.By.tagName("tr")): null

2018-08-06 16:45:33 - [TEST_STEP][PASSED] - Statement - dates = new java.util.ArrayList(): null

2018-08-06 16:45:33 - [TEST_STEP][PASSED] - Statement - date = rows_table.get(0).findElement(org.openqa.selenium.By.xpath(".//td[@data-field="datetime"]")).getText(): null

2018-08-06 16:45:33 - [TEST_STEP][PASSED] - Statement - return date: null

2018-08-06 16:45:33 - [TEST_STEP][PASSED] - click: Object: 'Object Repository/Page_KiboPush  Broadcast/a_next (1)' is clicked on

2018-08-06 16:45:34 - [MESSAGE][PASSED] - Object: 'Object Repository/Page_KiboPush  Broadcast/a_next (1)' is clicked on

2018-08-06 16:45:34 - [TEST_STEP][PASSED] - click: Object: 'Object Repository/Page_KiboPush  Broadcast/div_Filter by type...textimage_4' is clicked on

2018-08-06 16:45:35 - [MESSAGE][PASSED] - Object: 'Object Repository/Page_KiboPush  Broadcast/div_Filter by type...textimage_4' is clicked on

2018-08-06 16:45:35 - [TEST_STEP][PASSED] - Statement - date_page3 = getFirstRowDate(): null

2018-08-06 16:45:35 - [TEST_STEP][PASSED] - Statement - driver = com.kms.katalon.core.webui.driver.DriverFactory.getWebDriver(): null

2018-08-06 16:45:35 - [TEST_STEP][PASSED] - Statement - Try: null

2018-08-06 16:45:35 - [TEST_STEP][PASSED] - Statement - Table = driver.findElement(org.openqa.selenium.By.xpath("//table/tbody")): null

2018-08-06 16:45:35 - [TEST_STEP][PASSED] - Statement - rows_table = Table.findElements(org.openqa.selenium.By.tagName("tr")): null

2018-08-06 16:45:35 - [TEST_STEP][PASSED] - Statement - dates = new java.util.ArrayList(): null

2018-08-06 16:45:35 - [TEST_STEP][PASSED] - Statement - date = rows_table.get(0).findElement(org.openqa.selenium.By.xpath(".//td[@data-field="datetime"]")).getText(): null

2018-08-06 16:45:35 - [TEST_STEP][PASSED] - Statement - return date: null

2018-08-06 16:45:35 - [TEST_STEP][PASSED] - verifyNotMatch: Actual text 'Mon Aug 06 2018 9:45 AM' and expected text 'Thu Jul 19 2018 8:11 AM' are not matched 

2018-08-06 16:45:35 - [MESSAGE][PASSED] - Actual text 'Mon Aug 06 2018 9:45 AM' and expected text 'Thu Jul 19 2018 8:11 AM' are not matched 

2018-08-06 16:45:35 - [TEST_STEP][PASSED] - verifyNotMatch: Actual text 'Mon Aug 06 2018 9:45 AM' and expected text 'Fri Jun 29 2018 6:50 AM' are not matched 

2018-08-06 16:45:35 - [MESSAGE][PASSED] - Actual text 'Mon Aug 06 2018 9:45 AM' and expected text 'Fri Jun 29 2018 6:50 AM' are not matched 

2018-08-06 16:45:35 - [TEST_STEP][PASSED] - verifyNotMatch: Actual text 'Thu Jul 19 2018 8:11 AM' and expected text 'Fri Jun 29 2018 6:50 AM' are not matched 

2018-08-06 16:45:35 - [MESSAGE][PASSED] - Actual text 'Thu Jul 19 2018 8:11 AM' and expected text 'Fri Jun 29 2018 6:50 AM' are not matched 

2018-08-06 16:45:35 - [TEST_STEP][PASSED] - closeBrowser: Browser is closed

2018-08-06 16:45:35 - [MESSAGE][PASSED] - Browser is closed]]></system-out>
         <system-err><![CDATA[]]></system-err>
      </testcase>
      <testcase name="Test Cases/TC0126" classname="Test Cases/TC0126" status="PASSED">
         <system-out><![CDATA[2018-08-06 16:45:35 - [TEST_CASE][PASSED] - Test Cases/TC0126: Test Cases/TC0126

2018-08-06 16:45:35 - [TEST_STEP][PASSED] - openBrowser: Browser is opened with url: ''

2018-08-06 16:45:36 - [MESSAGE][PASSED] - Browser is opened with url: ''

2018-08-06 16:45:36 - [TEST_STEP][PASSED] - navigateToUrl: Navigate to 'https://staging.kibopush.com/' successfully

2018-08-06 16:45:47 - [MESSAGE][PASSED] - Navigate to 'https://staging.kibopush.com/' successfully

2018-08-06 16:45:47 - [TEST_STEP][PASSED] - click: Object: 'Object Repository/Page_KiboPush  Sign In/a_Login' is clicked on

2018-08-06 16:45:47 - [MESSAGE][PASSED] - Object: 'Object Repository/Page_KiboPush  Sign In/a_Login' is clicked on

2018-08-06 16:45:47 - [TEST_STEP][PASSED] - click: Object: 'Object Repository/Page_KiboPush  Sign In/button_Team Account' is clicked on

2018-08-06 16:45:47 - [MESSAGE][PASSED] - Object: 'Object Repository/Page_KiboPush  Sign In/button_Team Account' is clicked on

2018-08-06 16:45:47 - [TEST_STEP][PASSED] - setText: Text 'kibopush.com' is set on object 'Object Repository/Page_KiboPush  Sign In/input_form-control m-input'

2018-08-06 16:45:47 - [MESSAGE][PASSED] - Text 'kibopush.com' is set on object 'Object Repository/Page_KiboPush  Sign In/input_form-control m-input'

2018-08-06 16:45:47 - [TEST_STEP][PASSED] - setText: Text 'bjafri5@gmail.com' is set on object 'Object Repository/Page_KiboPush  Sign In/input_form-control m-input_1'

2018-08-06 16:45:48 - [MESSAGE][PASSED] - Text 'bjafri5@gmail.com' is set on object 'Object Repository/Page_KiboPush  Sign In/input_form-control m-input_1'

2018-08-06 16:45:48 - [TEST_STEP][PASSED] - setEncryptedText: Text ****** has been set on object 'Object Repository/Page_KiboPush  Sign In/input_form-control m-input_2'

2018-08-06 16:45:48 - [MESSAGE][PASSED] - Text ****** has been set on object 'Object Repository/Page_KiboPush  Sign In/input_form-control m-input_2'

2018-08-06 16:45:48 - [TEST_STEP][PASSED] - click: Object: 'Object Repository/Page_KiboPush  Sign In/button_Sign In' is clicked on

2018-08-06 16:45:48 - [MESSAGE][PASSED] - Object: 'Object Repository/Page_KiboPush  Sign In/button_Sign In' is clicked on

2018-08-06 16:45:48 - [TEST_STEP][PASSED] - click: Object: 'Object Repository/Page_KiboPush  Dashboard/span_Broadcasts' is clicked on

2018-08-06 16:45:51 - [MESSAGE][PASSED] - Object: 'Object Repository/Page_KiboPush  Dashboard/span_Broadcasts' is clicked on

2018-08-06 16:45:51 - [TEST_STEP][PASSED] - click: Object: 'Object Repository/Page_KiboPush  Broadcast/span_Create New Broadcast' is clicked on

2018-08-06 16:45:51 - [MESSAGE][PASSED] - Object: 'Object Repository/Page_KiboPush  Broadcast/span_Create New Broadcast' is clicked on

2018-08-06 16:45:51 - [TEST_STEP][PASSED] - click: Object: 'Object Repository/Page_KiboPush  Broadcast/h3_Create Broadcast' is clicked on

2018-08-06 16:45:51 - [MESSAGE][PASSED] - Object: 'Object Repository/Page_KiboPush  Broadcast/h3_Create Broadcast' is clicked on

2018-08-06 16:45:51 - [TEST_STEP][PASSED] - click: Object: 'Object Repository/Page_KiboPush  Broadcast/p_To create a new broadcast fr' is clicked on

2018-08-06 16:45:51 - [MESSAGE][PASSED] - Object: 'Object Repository/Page_KiboPush  Broadcast/p_To create a new broadcast fr' is clicked on

2018-08-06 16:45:51 - [TEST_STEP][PASSED] - click: Object: 'Object Repository/Page_KiboPush  Broadcast/a_Create New Broadcast' is clicked on

2018-08-06 16:45:52 - [MESSAGE][PASSED] - Object: 'Object Repository/Page_KiboPush  Broadcast/a_Create New Broadcast' is clicked on

2018-08-06 16:45:52 - [TEST_STEP][PASSED] - click: Object: 'Object Repository/Page_KiboPush  Create Broadcast/div_Broadcast TargetingTextIma' is clicked on

2018-08-06 16:45:52 - [MESSAGE][PASSED] - Object: 'Object Repository/Page_KiboPush  Create Broadcast/div_Broadcast TargetingTextIma' is clicked on

2018-08-06 16:45:52 - [TEST_STEP][PASSED] - closeBrowser: Browser is closed

2018-08-06 16:45:53 - [MESSAGE][PASSED] - Browser is closed]]></system-out>
         <system-err><![CDATA[]]></system-err>
      </testcase>
      <testcase name="Test Cases/TC0127" classname="Test Cases/TC0127" status="PASSED">
         <system-out><![CDATA[2018-08-06 16:45:53 - [TEST_CASE][PASSED] - Test Cases/TC0127: Test Cases/TC0127

2018-08-06 16:45:53 - [TEST_STEP][PASSED] - openBrowser: Browser is opened with url: ''

2018-08-06 16:45:53 - [MESSAGE][PASSED] - Browser is opened with url: ''

2018-08-06 16:45:53 - [TEST_STEP][PASSED] - navigateToUrl: Navigate to 'https://staging.kibopush.com/' successfully

2018-08-06 16:46:06 - [MESSAGE][PASSED] - Navigate to 'https://staging.kibopush.com/' successfully

2018-08-06 16:46:06 - [TEST_STEP][PASSED] - click: Object: 'Object Repository/Page_KiboPush  Sign In/a_Login' is clicked on

2018-08-06 16:46:06 - [MESSAGE][PASSED] - Object: 'Object Repository/Page_KiboPush  Sign In/a_Login' is clicked on

2018-08-06 16:46:06 - [TEST_STEP][PASSED] - click: Object: 'Object Repository/Page_KiboPush  Sign In/button_Team Account' is clicked on

2018-08-06 16:46:07 - [MESSAGE][PASSED] - Object: 'Object Repository/Page_KiboPush  Sign In/button_Team Account' is clicked on

2018-08-06 16:46:07 - [TEST_STEP][PASSED] - setText: Text 'kibopush.com' is set on object 'Object Repository/Page_KiboPush  Sign In/input_form-control m-input'

2018-08-06 16:46:07 - [MESSAGE][PASSED] - Text 'kibopush.com' is set on object 'Object Repository/Page_KiboPush  Sign In/input_form-control m-input'

2018-08-06 16:46:07 - [TEST_STEP][PASSED] - setText: Text 'bjafri5@gmail.com' is set on object 'Object Repository/Page_KiboPush  Sign In/input_form-control m-input_1'

2018-08-06 16:46:07 - [MESSAGE][PASSED] - Text 'bjafri5@gmail.com' is set on object 'Object Repository/Page_KiboPush  Sign In/input_form-control m-input_1'

2018-08-06 16:46:07 - [TEST_STEP][PASSED] - setEncryptedText: Text ****** has been set on object 'Object Repository/Page_KiboPush  Sign In/input_form-control m-input_2'

2018-08-06 16:46:07 - [MESSAGE][PASSED] - Text ****** has been set on object 'Object Repository/Page_KiboPush  Sign In/input_form-control m-input_2'

2018-08-06 16:46:07 - [TEST_STEP][PASSED] - click: Object: 'Object Repository/Page_KiboPush  Sign In/button_Sign In' is clicked on

2018-08-06 16:46:07 - [MESSAGE][PASSED] - Object: 'Object Repository/Page_KiboPush  Sign In/button_Sign In' is clicked on

2018-08-06 16:46:07 - [TEST_STEP][PASSED] - click: Object: 'Object Repository/Page_KiboPush  Dashboard/span_Broadcasts' is clicked on

2018-08-06 16:46:10 - [MESSAGE][PASSED] - Object: 'Object Repository/Page_KiboPush  Dashboard/span_Broadcasts' is clicked on

2018-08-06 16:46:10 - [TEST_STEP][PASSED] - click: Object: 'Object Repository/Page_KiboPush  Broadcast/button_Create New Broadcast' is clicked on

2018-08-06 16:46:10 - [MESSAGE][PASSED] - Object: 'Object Repository/Page_KiboPush  Broadcast/button_Create New Broadcast' is clicked on

2018-08-06 16:46:10 - [TEST_STEP][PASSED] - click: Object: 'Object Repository/Page_KiboPush  Broadcast/a_Use Template' is clicked on

2018-08-06 16:46:11 - [MESSAGE][PASSED] - Object: 'Object Repository/Page_KiboPush  Broadcast/a_Use Template' is clicked on

2018-08-06 16:46:11 - [TEST_STEP][PASSED] - custom.newKeyword.clickUsingJS: custom.newKeyword.clickUsingJS is PASSED

2018-08-06 16:46:11 - [MESSAGE][PASSED] - custom.newKeyword.clickUsingJS is PASSED

2018-08-06 16:46:11 - [TEST_STEP][PASSED] - click: Object: 'Object Repository/Page_KiboPush  Create Broadcast/div_Broadcast TargetingTextIma' is clicked on

2018-08-06 16:46:12 - [MESSAGE][PASSED] - Object: 'Object Repository/Page_KiboPush  Create Broadcast/div_Broadcast TargetingTextIma' is clicked on

2018-08-06 16:46:12 - [TEST_STEP][PASSED] - closeBrowser: Browser is closed

2018-08-06 16:46:12 - [MESSAGE][PASSED] - Browser is closed]]></system-out>
         <system-err><![CDATA[]]></system-err>
      </testcase>
      <testcase name="Test Cases/TC0132" classname="Test Cases/TC0132" status="PASSED">
         <system-out><![CDATA[2018-08-06 16:46:12 - [TEST_CASE][PASSED] - Test Cases/TC0132: Test Cases/TC0132

2018-08-06 16:46:12 - [TEST_STEP][PASSED] - openBrowser: Browser is opened with url: ''

2018-08-06 16:46:13 - [MESSAGE][PASSED] - Browser is opened with url: ''

2018-08-06 16:46:13 - [TEST_STEP][PASSED] - navigateToUrl: Navigate to 'https://staging.kibopush.com/' successfully

2018-08-06 16:46:25 - [MESSAGE][PASSED] - Navigate to 'https://staging.kibopush.com/' successfully

2018-08-06 16:46:25 - [TEST_STEP][PASSED] - click: Object: 'Object Repository/Page_KiboPush  Sign In/a_Login' is clicked on

2018-08-06 16:46:25 - [MESSAGE][PASSED] - Object: 'Object Repository/Page_KiboPush  Sign In/a_Login' is clicked on

2018-08-06 16:46:25 - [TEST_STEP][PASSED] - click: Object: 'Object Repository/Page_KiboPush  Sign In/button_Team Account' is clicked on

2018-08-06 16:46:25 - [MESSAGE][PASSED] - Object: 'Object Repository/Page_KiboPush  Sign In/button_Team Account' is clicked on

2018-08-06 16:46:25 - [TEST_STEP][PASSED] - setText: Text 'kibopush.com' is set on object 'Object Repository/Page_KiboPush  Sign In/input_form-control m-input'

2018-08-06 16:46:25 - [MESSAGE][PASSED] - Text 'kibopush.com' is set on object 'Object Repository/Page_KiboPush  Sign In/input_form-control m-input'

2018-08-06 16:46:25 - [TEST_STEP][PASSED] - setText: Text 'bjafri5@gmail.com' is set on object 'Object Repository/Page_KiboPush  Sign In/input_form-control m-input_1'

2018-08-06 16:46:26 - [MESSAGE][PASSED] - Text 'bjafri5@gmail.com' is set on object 'Object Repository/Page_KiboPush  Sign In/input_form-control m-input_1'

2018-08-06 16:46:26 - [TEST_STEP][PASSED] - setEncryptedText: Text ****** has been set on object 'Object Repository/Page_KiboPush  Sign In/input_form-control m-input_2'

2018-08-06 16:46:26 - [MESSAGE][PASSED] - Text ****** has been set on object 'Object Repository/Page_KiboPush  Sign In/input_form-control m-input_2'

2018-08-06 16:46:26 - [TEST_STEP][PASSED] - click: Object: 'Object Repository/Page_KiboPush  Sign In/button_Sign In' is clicked on

2018-08-06 16:46:26 - [MESSAGE][PASSED] - Object: 'Object Repository/Page_KiboPush  Sign In/button_Sign In' is clicked on

2018-08-06 16:46:26 - [TEST_STEP][PASSED] - click: Object: 'Object Repository/Page_KiboPush  Dashboard/span_Broadcasts' is clicked on

2018-08-06 16:46:29 - [MESSAGE][PASSED] - Object: 'Object Repository/Page_KiboPush  Dashboard/span_Broadcasts' is clicked on

2018-08-06 16:46:29 - [TEST_STEP][PASSED] - click: Object: 'Object Repository/Page_KiboPush  Broadcast/span_Create New Broadcast' is clicked on

2018-08-06 16:46:29 - [MESSAGE][PASSED] - Object: 'Object Repository/Page_KiboPush  Broadcast/span_Create New Broadcast' is clicked on

2018-08-06 16:46:29 - [TEST_STEP][PASSED] - click: Object: 'Object Repository/Page_KiboPush  Broadcast/a_Create New Broadcast' is clicked on

2018-08-06 16:46:29 - [MESSAGE][PASSED] - Object: 'Object Repository/Page_KiboPush  Broadcast/a_Create New Broadcast' is clicked on

2018-08-06 16:46:29 - [TEST_STEP][PASSED] - custom.newKeyword.clickUsingJS: custom.newKeyword.clickUsingJS is PASSED

2018-08-06 16:46:29 - [MESSAGE][PASSED] - custom.newKeyword.clickUsingJS is PASSED

2018-08-06 16:46:29 - [TEST_STEP][PASSED] - click: Object: 'Object Repository/Page_KiboPush  Create Broadcast/button_Next' is clicked on

2018-08-06 16:46:30 - [MESSAGE][PASSED] - Object: 'Object Repository/Page_KiboPush  Create Broadcast/button_Next' is clicked on

2018-08-06 16:46:30 - [TEST_STEP][PASSED] - click: Object: 'Object Repository/Page_KiboPush  Create Broadcast/div_Text cannot be empty' is clicked on

2018-08-06 16:46:30 - [MESSAGE][PASSED] - Object: 'Object Repository/Page_KiboPush  Create Broadcast/div_Text cannot be empty' is clicked on

2018-08-06 16:46:30 - [TEST_STEP][PASSED] - setText: Text 'X' is set on object 'Object Repository/Page_KiboPush  Create Broadcast/textarea_hoverbordersolid form (1)'

2018-08-06 16:46:30 - [MESSAGE][PASSED] - Text 'X' is set on object 'Object Repository/Page_KiboPush  Create Broadcast/textarea_hoverbordersolid form (1)'

2018-08-06 16:46:30 - [TEST_STEP][PASSED] - closeBrowser: Browser is closed

2018-08-06 16:46:30 - [MESSAGE][PASSED] - Browser is closed]]></system-out>
         <system-err><![CDATA[]]></system-err>
      </testcase>
      <testcase name="Test Cases/TC0122" classname="Test Cases/TC0122" status="PASSED">
         <system-out><![CDATA[2018-08-06 16:46:30 - [TEST_CASE][PASSED] - Test Cases/TC0122: Test Cases/TC0122

2018-08-06 16:46:30 - [TEST_STEP][PASSED] - openBrowser: Browser is opened with url: ''

2018-08-06 16:46:31 - [MESSAGE][PASSED] - Browser is opened with url: ''

2018-08-06 16:46:31 - [TEST_STEP][PASSED] - navigateToUrl: Navigate to 'https://staging.kibopush.com/' successfully

2018-08-06 16:46:40 - [MESSAGE][PASSED] - Navigate to 'https://staging.kibopush.com/' successfully

2018-08-06 16:46:40 - [TEST_STEP][PASSED] - click: Object: 'Object Repository/Page_KiboPush  Sign In/a_Login' is clicked on

2018-08-06 16:46:40 - [MESSAGE][PASSED] - Object: 'Object Repository/Page_KiboPush  Sign In/a_Login' is clicked on

2018-08-06 16:46:40 - [TEST_STEP][PASSED] - click: Object: 'Object Repository/Page_KiboPush  Sign In/button_Team Account' is clicked on

2018-08-06 16:46:41 - [MESSAGE][PASSED] - Object: 'Object Repository/Page_KiboPush  Sign In/button_Team Account' is clicked on

2018-08-06 16:46:41 - [TEST_STEP][PASSED] - setText: Text 'kibopush.com' is set on object 'Object Repository/Page_KiboPush  Sign In/input_form-control m-input'

2018-08-06 16:46:41 - [MESSAGE][PASSED] - Text 'kibopush.com' is set on object 'Object Repository/Page_KiboPush  Sign In/input_form-control m-input'

2018-08-06 16:46:41 - [TEST_STEP][PASSED] - setText: Text 'bjafri5@gmail.com' is set on object 'Object Repository/Page_KiboPush  Sign In/input_form-control m-input_1'

2018-08-06 16:46:41 - [MESSAGE][PASSED] - Text 'bjafri5@gmail.com' is set on object 'Object Repository/Page_KiboPush  Sign In/input_form-control m-input_1'

2018-08-06 16:46:41 - [TEST_STEP][PASSED] - setEncryptedText: Text ****** has been set on object 'Object Repository/Page_KiboPush  Sign In/input_form-control m-input_2'

2018-08-06 16:46:41 - [MESSAGE][PASSED] - Text ****** has been set on object 'Object Repository/Page_KiboPush  Sign In/input_form-control m-input_2'

2018-08-06 16:46:41 - [TEST_STEP][PASSED] - click: Object: 'Object Repository/Page_KiboPush  Sign In/button_Sign In' is clicked on

2018-08-06 16:46:41 - [MESSAGE][PASSED] - Object: 'Object Repository/Page_KiboPush  Sign In/button_Sign In' is clicked on

2018-08-06 16:46:41 - [TEST_STEP][PASSED] - click: Object: 'Object Repository/Page_KiboPush  Dashboard/span_Broadcasts' is clicked on

2018-08-06 16:46:44 - [MESSAGE][PASSED] - Object: 'Object Repository/Page_KiboPush  Dashboard/span_Broadcasts' is clicked on

2018-08-06 16:46:44 - [TEST_STEP][PASSED] - click: Object: 'Object Repository/Page_KiboPush  Broadcast/div_Filter by type...textimage' is clicked on

2018-08-06 16:46:45 - [MESSAGE][PASSED] - Object: 'Object Repository/Page_KiboPush  Broadcast/div_Filter by type...textimage' is clicked on

2018-08-06 16:46:45 - [TEST_STEP][PASSED] - Statement - driver = com.kms.katalon.core.webui.driver.DriverFactory.getWebDriver(): null

2018-08-06 16:46:45 - [TEST_STEP][PASSED] - Statement - Table = driver.findElement(org.openqa.selenium.By.xpath("//table/tbody")): null

2018-08-06 16:46:45 - [TEST_STEP][PASSED] - Statement - rows_table = Table.findElements(org.openqa.selenium.By.tagName("tr")): null

2018-08-06 16:46:45 - [TEST_STEP][PASSED] - Statement - rows_count_before = rows_table.size(): null

2018-08-06 16:46:45 - [TEST_STEP][PASSED] - setText: Text '1' is set on object 'Object Repository/Page_KiboPush  Broadcast/input_example-text-input'

2018-08-06 16:46:45 - [MESSAGE][PASSED] - Text '1' is set on object 'Object Repository/Page_KiboPush  Broadcast/input_example-text-input'

2018-08-06 16:46:45 - [TEST_STEP][PASSED] - delay: Delayed 1 second(s)

2018-08-06 16:46:46 - [MESSAGE][PASSED] - Delayed 1 second(s)

2018-08-06 16:46:46 - [TEST_STEP][PASSED] - click: Object: 'Object Repository/Page_KiboPush  Broadcast/div_Filter by type...textimage_1' is clicked on

2018-08-06 16:46:46 - [MESSAGE][PASSED] - Object: 'Object Repository/Page_KiboPush  Broadcast/div_Filter by type...textimage_1' is clicked on

2018-08-06 16:46:46 - [TEST_STEP][PASSED] - Statement - Table = driver.findElement(org.openqa.selenium.By.xpath("//table/tbody")): null

2018-08-06 16:46:46 - [TEST_STEP][PASSED] - Statement - rows_table = Table.findElements(org.openqa.selenium.By.tagName("tr")): null

2018-08-06 16:46:46 - [TEST_STEP][PASSED] - Statement - rows_count_after = rows_table.size(): null

2018-08-06 16:46:46 - [TEST_STEP][PASSED] - verifyNotMatch: Actual text '10' and expected text '1' are not matched 

2018-08-06 16:46:46 - [MESSAGE][PASSED] - Actual text '10' and expected text '1' are not matched 

2018-08-06 16:46:46 - [TEST_STEP][PASSED] - closeBrowser: Browser is closed

2018-08-06 16:46:46 - [MESSAGE][PASSED] - Browser is closed]]></system-out>
         <system-err><![CDATA[]]></system-err>
      </testcase>
      <testcase name="Test Cases/TC0119" classname="Test Cases/TC0119" status="FAILED">
         <failure type="FAILED" message="Unable to click on object 'Object Repository/Page_KiboPush  Broadcast/a_Logout' (Root cause: org.openqa.selenium.ElementNotVisibleException: element not visible
  (Session info: chrome=67.0.3396.99)
  (Driver info: chromedriver=2.35.528157 (4429ca2590d6988c0745c24c8858745aaaec01ef),platform=Mac OS X 10.13.1 x86_64) (WARNING: The server did not provide any stacktrace information)
Command duration or timeout: 0 milliseconds
Build info: version: '3.7.1', revision: '8a0099a', time: '2017-11-06T21:07:36.161Z'
System info: host: 'Baqars-MacBook-Pro.local', ip: 'fe80:0:0:0:86b:36f2:e832:f5d1%en0', os.name: 'Mac OS X', os.arch: 'x86_64', os.version: '10.13.1', java.version: '1.8.0_102'
Driver info: com.kms.katalon.selenium.driver.CChromeDriver
Capabilities {acceptInsecureCerts: false, acceptSslCerts: false, applicationCacheEnabled: false, browserConnectionEnabled: false, browserName: chrome, chrome: {chromedriverVersion: 2.35.528157 (4429ca2590d698..., userDataDir: /var/folders/d9/974yd97x407...}, cssSelectorsEnabled: true, databaseEnabled: false, handlesAlerts: true, hasTouchScreen: false, javascriptEnabled: true, locationContextEnabled: true, mobileEmulationEnabled: false, nativeEvents: true, networkConnectionEnabled: false, pageLoadStrategy: normal, platform: MAC, platformName: MAC, rotatable: false, setWindowRect: true, takesHeapSnapshot: true, takesScreenshot: true, unexpectedAlertBehaviour: , unhandledPromptBehavior: , version: 67.0.3396.99, webStorageEnabled: true}
Session ID: 19be6fbfa9d215b6c30eb5c33256f083)"/>
         <system-out><![CDATA[2018-08-06 16:46:46 - [TEST_CASE][FAILED] - Test Cases/TC0119: Test Cases/TC0119 FAILED because (of) Unable to click on object 'Object Repository/Page_KiboPush  Broadcast/a_Logout' (Root cause: org.openqa.selenium.ElementNotVisibleException: element not visible
  (Session info: chrome=67.0.3396.99)
  (Driver info: chromedriver=2.35.528157 (4429ca2590d6988c0745c24c8858745aaaec01ef),platform=Mac OS X 10.13.1 x86_64) (WARNING: The server did not provide any stacktrace information)
Command duration or timeout: 0 milliseconds
Build info: version: '3.7.1', revision: '8a0099a', time: '2017-11-06T21:07:36.161Z'
System info: host: 'Baqars-MacBook-Pro.local', ip: 'fe80:0:0:0:86b:36f2:e832:f5d1%en0', os.name: 'Mac OS X', os.arch: 'x86_64', os.version: '10.13.1', java.version: '1.8.0_102'
Driver info: com.kms.katalon.selenium.driver.CChromeDriver
Capabilities {acceptInsecureCerts: false, acceptSslCerts: false, applicationCacheEnabled: false, browserConnectionEnabled: false, browserName: chrome, chrome: {chromedriverVersion: 2.35.528157 (4429ca2590d698..., userDataDir: /var/folders/d9/974yd97x407...}, cssSelectorsEnabled: true, databaseEnabled: false, handlesAlerts: true, hasTouchScreen: false, javascriptEnabled: true, locationContextEnabled: true, mobileEmulationEnabled: false, nativeEvents: true, networkConnectionEnabled: false, pageLoadStrategy: normal, platform: MAC, platformName: MAC, rotatable: false, setWindowRect: true, takesHeapSnapshot: true, takesScreenshot: true, unexpectedAlertBehaviour: , unhandledPromptBehavior: , version: 67.0.3396.99, webStorageEnabled: true}
Session ID: 19be6fbfa9d215b6c30eb5c33256f083)

2018-08-06 16:46:46 - [TEST_STEP][PASSED] - openBrowser: Browser is opened with url: ''

2018-08-06 16:46:47 - [MESSAGE][PASSED] - Browser is opened with url: ''

2018-08-06 16:46:47 - [TEST_STEP][PASSED] - navigateToUrl: Navigate to 'https://staging.kibopush.com/' successfully

2018-08-06 16:46:58 - [MESSAGE][PASSED] - Navigate to 'https://staging.kibopush.com/' successfully

2018-08-06 16:46:58 - [TEST_STEP][PASSED] - click: Object: 'Object Repository/Page_KiboPush  Sign In/a_Login' is clicked on

2018-08-06 16:46:59 - [MESSAGE][PASSED] - Object: 'Object Repository/Page_KiboPush  Sign In/a_Login' is clicked on

2018-08-06 16:46:59 - [TEST_STEP][PASSED] - click: Object: 'Object Repository/Page_KiboPush  Sign In/button_Team Account' is clicked on

2018-08-06 16:46:59 - [MESSAGE][PASSED] - Object: 'Object Repository/Page_KiboPush  Sign In/button_Team Account' is clicked on

2018-08-06 16:46:59 - [TEST_STEP][PASSED] - setText: Text 'kibopush.com' is set on object 'Object Repository/Page_KiboPush  Sign In/input_form-control m-input'

2018-08-06 16:46:59 - [MESSAGE][PASSED] - Text 'kibopush.com' is set on object 'Object Repository/Page_KiboPush  Sign In/input_form-control m-input'

2018-08-06 16:46:59 - [TEST_STEP][PASSED] - setText: Text 'bjafri5@gmail.com' is set on object 'Object Repository/Page_KiboPush  Sign In/input_form-control m-input_1'

2018-08-06 16:46:59 - [MESSAGE][PASSED] - Text 'bjafri5@gmail.com' is set on object 'Object Repository/Page_KiboPush  Sign In/input_form-control m-input_1'

2018-08-06 16:46:59 - [TEST_STEP][PASSED] - setEncryptedText: Text ****** has been set on object 'Object Repository/Page_KiboPush  Sign In/input_form-control m-input_2'

2018-08-06 16:47:00 - [MESSAGE][PASSED] - Text ****** has been set on object 'Object Repository/Page_KiboPush  Sign In/input_form-control m-input_2'

2018-08-06 16:47:00 - [TEST_STEP][PASSED] - click: Object: 'Object Repository/Page_KiboPush  Sign In/button_Sign In' is clicked on

2018-08-06 16:47:00 - [MESSAGE][PASSED] - Object: 'Object Repository/Page_KiboPush  Sign In/button_Sign In' is clicked on

2018-08-06 16:47:00 - [TEST_STEP][PASSED] - click: Object: 'Object Repository/Page_KiboPush  Dashboard/span_Broadcasts' is clicked on

2018-08-06 16:47:03 - [MESSAGE][PASSED] - Object: 'Object Repository/Page_KiboPush  Dashboard/span_Broadcasts' is clicked on

2018-08-06 16:47:03 - [TEST_STEP][PASSED] - selectOptionByValue: All options with value 'miscellaneous' are selected in object 'Object Repository/Page_KiboPush  Broadcast/select_Filter by type...textim'  using regular expression

2018-08-06 16:47:03 - [MESSAGE][PASSED] - All options with value 'miscellaneous' are selected in object 'Object Repository/Page_KiboPush  Broadcast/select_Filter by type...textim'  using regular expression

2018-08-06 16:47:03 - [TEST_STEP][PASSED] - click: Object: 'Object Repository/Page_KiboPush  Broadcast/span_Miscellaneous' is clicked on

2018-08-06 16:47:03 - [MESSAGE][PASSED] - Object: 'Object Repository/Page_KiboPush  Broadcast/span_Miscellaneous' is clicked on

2018-08-06 16:47:03 - [TEST_STEP][PASSED] - click: Object: 'Object Repository/Page_KiboPush  Broadcast/i_fa fa-chevron-down' is clicked on

2018-08-06 16:47:04 - [MESSAGE][PASSED] - Object: 'Object Repository/Page_KiboPush  Broadcast/i_fa fa-chevron-down' is clicked on

2018-08-06 16:47:04 - [TEST_STEP][FAILED] - click: Unable to click on object 'Object Repository/Page_KiboPush  Broadcast/a_Logout' (Root cause: org.openqa.selenium.ElementNotVisibleException: element not visible
  (Session info: chrome=67.0.3396.99)
  (Driver info: chromedriver=2.35.528157 (4429ca2590d6988c0745c24c8858745aaaec01ef),platform=Mac OS X 10.13.1 x86_64) (WARNING: The server did not provide any stacktrace information)
Command duration or timeout: 0 milliseconds
Build info: version: '3.7.1', revision: '8a0099a', time: '2017-11-06T21:07:36.161Z'
System info: host: 'Baqars-MacBook-Pro.local', ip: 'fe80:0:0:0:86b:36f2:e832:f5d1%en0', os.name: 'Mac OS X', os.arch: 'x86_64', os.version: '10.13.1', java.version: '1.8.0_102'
Driver info: com.kms.katalon.selenium.driver.CChromeDriver
Capabilities {acceptInsecureCerts: false, acceptSslCerts: false, applicationCacheEnabled: false, browserConnectionEnabled: false, browserName: chrome, chrome: {chromedriverVersion: 2.35.528157 (4429ca2590d698..., userDataDir: /var/folders/d9/974yd97x407...}, cssSelectorsEnabled: true, databaseEnabled: false, handlesAlerts: true, hasTouchScreen: false, javascriptEnabled: true, locationContextEnabled: true, mobileEmulationEnabled: false, nativeEvents: true, networkConnectionEnabled: false, pageLoadStrategy: normal, platform: MAC, platformName: MAC, rotatable: false, setWindowRect: true, takesHeapSnapshot: true, takesScreenshot: true, unexpectedAlertBehaviour: , unhandledPromptBehavior: , version: 67.0.3396.99, webStorageEnabled: true}
Session ID: 19be6fbfa9d215b6c30eb5c33256f083)

2018-08-06 16:47:04 - [MESSAGE][FAILED] - Unable to click on object 'Object Repository/Page_KiboPush  Broadcast/a_Logout' (Root cause: org.openqa.selenium.ElementNotVisibleException: element not visible
  (Session info: chrome=67.0.3396.99)
  (Driver info: chromedriver=2.35.528157 (4429ca2590d6988c0745c24c8858745aaaec01ef),platform=Mac OS X 10.13.1 x86_64) (WARNING: The server did not provide any stacktrace information)
Command duration or timeout: 0 milliseconds
Build info: version: '3.7.1', revision: '8a0099a', time: '2017-11-06T21:07:36.161Z'
System info: host: 'Baqars-MacBook-Pro.local', ip: 'fe80:0:0:0:86b:36f2:e832:f5d1%en0', os.name: 'Mac OS X', os.arch: 'x86_64', os.version: '10.13.1', java.version: '1.8.0_102'
Driver info: com.kms.katalon.selenium.driver.CChromeDriver
Capabilities {acceptInsecureCerts: false, acceptSslCerts: false, applicationCacheEnabled: false, browserConnectionEnabled: false, browserName: chrome, chrome: {chromedriverVersion: 2.35.528157 (4429ca2590d698..., userDataDir: /var/folders/d9/974yd97x407...}, cssSelectorsEnabled: true, databaseEnabled: false, handlesAlerts: true, hasTouchScreen: false, javascriptEnabled: true, locationContextEnabled: true, mobileEmulationEnabled: false, nativeEvents: true, networkConnectionEnabled: false, pageLoadStrategy: normal, platform: MAC, platformName: MAC, rotatable: false, setWindowRect: true, takesHeapSnapshot: true, takesScreenshot: true, unexpectedAlertBehaviour: , unhandledPromptBehavior: , version: 67.0.3396.99, webStorageEnabled: true}
Session ID: 19be6fbfa9d215b6c30eb5c33256f083)
[[ATTACHMENT|/Users/baqarjafri/Katalon Studio/KiboPush/Reports/KiboPush Broadcasts/20180806_163904/1533556024084.png]]]]></system-out>
         <system-err><![CDATA[2018-08-06 16:46:46 - [TEST_CASE][FAILED] - Test Cases/TC0119: Test Cases/TC0119 FAILED because (of) Unable to click on object 'Object Repository/Page_KiboPush  Broadcast/a_Logout' (Root cause: org.openqa.selenium.ElementNotVisibleException: element not visible
  (Session info: chrome=67.0.3396.99)
  (Driver info: chromedriver=2.35.528157 (4429ca2590d6988c0745c24c8858745aaaec01ef),platform=Mac OS X 10.13.1 x86_64) (WARNING: The server did not provide any stacktrace information)
Command duration or timeout: 0 milliseconds
Build info: version: '3.7.1', revision: '8a0099a', time: '2017-11-06T21:07:36.161Z'
System info: host: 'Baqars-MacBook-Pro.local', ip: 'fe80:0:0:0:86b:36f2:e832:f5d1%en0', os.name: 'Mac OS X', os.arch: 'x86_64', os.version: '10.13.1', java.version: '1.8.0_102'
Driver info: com.kms.katalon.selenium.driver.CChromeDriver
Capabilities {acceptInsecureCerts: false, acceptSslCerts: false, applicationCacheEnabled: false, browserConnectionEnabled: false, browserName: chrome, chrome: {chromedriverVersion: 2.35.528157 (4429ca2590d698..., userDataDir: /var/folders/d9/974yd97x407...}, cssSelectorsEnabled: true, databaseEnabled: false, handlesAlerts: true, hasTouchScreen: false, javascriptEnabled: true, locationContextEnabled: true, mobileEmulationEnabled: false, nativeEvents: true, networkConnectionEnabled: false, pageLoadStrategy: normal, platform: MAC, platformName: MAC, rotatable: false, setWindowRect: true, takesHeapSnapshot: true, takesScreenshot: true, unexpectedAlertBehaviour: , unhandledPromptBehavior: , version: 67.0.3396.99, webStorageEnabled: true}
Session ID: 19be6fbfa9d215b6c30eb5c33256f083)]]></system-err>
      </testcase>
      <testcase name="Test Cases/TC0129" classname="Test Cases/TC0129" status="PASSED">
         <system-out><![CDATA[2018-08-06 16:47:04 - [TEST_CASE][PASSED] - Test Cases/TC0129: Test Cases/TC0129

2018-08-06 16:47:04 - [TEST_STEP][PASSED] - openBrowser: Browser is opened with url: ''

2018-08-06 16:47:04 - [MESSAGE][WARNING] - A browser is already opened. Closing browser and opening a new one

2018-08-06 16:47:06 - [MESSAGE][PASSED] - Browser is opened with url: ''

2018-08-06 16:47:06 - [TEST_STEP][PASSED] - navigateToUrl: Navigate to 'https://staging.kibopush.com/' successfully

2018-08-06 16:47:19 - [MESSAGE][PASSED] - Navigate to 'https://staging.kibopush.com/' successfully

2018-08-06 16:47:19 - [TEST_STEP][PASSED] - click: Object: 'Object Repository/Page_KiboPush  Sign In/a_Login' is clicked on

2018-08-06 16:47:19 - [MESSAGE][PASSED] - Object: 'Object Repository/Page_KiboPush  Sign In/a_Login' is clicked on

2018-08-06 16:47:19 - [TEST_STEP][PASSED] - click: Object: 'Object Repository/Page_KiboPush  Sign In/button_Team Account' is clicked on

2018-08-06 16:47:19 - [MESSAGE][PASSED] - Object: 'Object Repository/Page_KiboPush  Sign In/button_Team Account' is clicked on

2018-08-06 16:47:19 - [TEST_STEP][PASSED] - setText: Text 'kibopush.com' is set on object 'Object Repository/Page_KiboPush  Sign In/input_form-control m-input'

2018-08-06 16:47:20 - [MESSAGE][PASSED] - Text 'kibopush.com' is set on object 'Object Repository/Page_KiboPush  Sign In/input_form-control m-input'

2018-08-06 16:47:20 - [TEST_STEP][PASSED] - setText: Text 'bjafri5@gmail.com' is set on object 'Object Repository/Page_KiboPush  Sign In/input_form-control m-input_1'

2018-08-06 16:47:20 - [MESSAGE][PASSED] - Text 'bjafri5@gmail.com' is set on object 'Object Repository/Page_KiboPush  Sign In/input_form-control m-input_1'

2018-08-06 16:47:20 - [TEST_STEP][PASSED] - setEncryptedText: Text ****** has been set on object 'Object Repository/Page_KiboPush  Sign In/input_form-control m-input_2'

2018-08-06 16:47:20 - [MESSAGE][PASSED] - Text ****** has been set on object 'Object Repository/Page_KiboPush  Sign In/input_form-control m-input_2'

2018-08-06 16:47:20 - [TEST_STEP][PASSED] - click: Object: 'Object Repository/Page_KiboPush  Sign In/button_Sign In' is clicked on

2018-08-06 16:47:20 - [MESSAGE][PASSED] - Object: 'Object Repository/Page_KiboPush  Sign In/button_Sign In' is clicked on

2018-08-06 16:47:20 - [TEST_STEP][PASSED] - click: Object: 'Object Repository/Page_KiboPush  Dashboard/span_Broadcasts' is clicked on

2018-08-06 16:47:23 - [MESSAGE][PASSED] - Object: 'Object Repository/Page_KiboPush  Dashboard/span_Broadcasts' is clicked on

2018-08-06 16:47:23 - [TEST_STEP][PASSED] - click: Object: 'Object Repository/Page_KiboPush  Broadcast/span_Create New Broadcast (1)' is clicked on

2018-08-06 16:47:23 - [MESSAGE][PASSED] - Object: 'Object Repository/Page_KiboPush  Broadcast/span_Create New Broadcast (1)' is clicked on

2018-08-06 16:47:23 - [TEST_STEP][PASSED] - click: Object: 'Object Repository/Page_KiboPush  Broadcast/a_Use Template (1)' is clicked on

2018-08-06 16:47:23 - [MESSAGE][PASSED] - Object: 'Object Repository/Page_KiboPush  Broadcast/a_Use Template (1)' is clicked on

2018-08-06 16:47:23 - [TEST_STEP][PASSED] - selectOptionByValue: All options with value 'Customer Behavior' are selected in object 'Object Repository/Page_KiboPush  Broadcast/select_Filter by Category...Al'  using regular expression

2018-08-06 16:47:24 - [MESSAGE][PASSED] - All options with value 'Customer Behavior' are selected in object 'Object Repository/Page_KiboPush  Broadcast/select_Filter by Category...Al'  using regular expression

2018-08-06 16:47:24 - [TEST_STEP][PASSED] - click: Object: 'Object Repository/Page_KiboPush  Broadcast/span_Category Customer Behavio' is clicked on

2018-08-06 16:47:25 - [MESSAGE][PASSED] - Object: 'Object Repository/Page_KiboPush  Broadcast/span_Category Customer Behavio' is clicked on

2018-08-06 16:47:25 - [TEST_STEP][PASSED] - selectOptionByValue: All options with value 'Product Use' are selected in object 'Object Repository/Page_KiboPush  Broadcast/select_Filter by Category...Al'  using regular expression

2018-08-06 16:47:25 - [MESSAGE][PASSED] - All options with value 'Product Use' are selected in object 'Object Repository/Page_KiboPush  Broadcast/select_Filter by Category...Al'  using regular expression

2018-08-06 16:47:25 - [TEST_STEP][PASSED] - click: Object: 'Object Repository/Page_KiboPush  Broadcast/span_Category Product Use' is clicked on

2018-08-06 16:47:25 - [MESSAGE][PASSED] - Object: 'Object Repository/Page_KiboPush  Broadcast/span_Category Product Use' is clicked on

2018-08-06 16:47:25 - [TEST_STEP][PASSED] - selectOptionByValue: All options with value 'Entertain and Engage' are selected in object 'Object Repository/Page_KiboPush  Broadcast/select_Filter by Category...Al'  using regular expression

2018-08-06 16:47:25 - [MESSAGE][PASSED] - All options with value 'Entertain and Engage' are selected in object 'Object Repository/Page_KiboPush  Broadcast/select_Filter by Category...Al'  using regular expression

2018-08-06 16:47:25 - [TEST_STEP][PASSED] - click: Object: 'Object Repository/Page_KiboPush  Broadcast/span_Category Entertain and En' is clicked on

2018-08-06 16:47:25 - [MESSAGE][PASSED] - Object: 'Object Repository/Page_KiboPush  Broadcast/span_Category Entertain and En' is clicked on

2018-08-06 16:47:25 - [TEST_STEP][PASSED] - closeBrowser: Browser is closed

2018-08-06 16:47:26 - [MESSAGE][PASSED] - Browser is closed]]></system-out>
         <system-err><![CDATA[]]></system-err>
      </testcase>
      <system-out><![CDATA[2018-08-06 16:39:16 - [TEST_SUITE][FAILED] - KiboPush Broadcasts: Test Cases/TC0125 FAILED because (of) Unable to click on object 'Object Repository/Page_KiboPush  Broadcast/div_Filter by type...textimage (2)' (Root cause: com.kms.katalon.core.webui.exception.WebElementNotFoundException: Web element with id: 'Object Repository/Page_KiboPush  Broadcast/div_Filter by type...textimage (2)' located by 'By.xpath: //div[(text() = 'Filter by type...textimagecardgalleryaudiovideofilelistmediamiscellaneousallShow records for last:    daysTitleTypeCreated AtSentSeenClicksSampleVideovideoMon Aug 06 2018 9:45 AM100Broadcast TitlegalleryFri Aug 03 2018 8:06 AM110TitleYtextThu Aug 02 2018 1:12 PM110TitleXtextThu Aug 02 2018 9:42 AM110Broadcast TitletextWed Aug 01 2018 10:59 AM110Broadcast TitletextWed Aug 01 2018 10:59 AM110Broadcast TitletextWed Aug 01 2018 10:58 AM110Broadcast TitlemediaMon Jul 30 2018 2:07 PM110Broadcast TitlecardThu Jul 19 2018 8:25 AM110Broadcast TitlecardThu Jul 19 2018 8:21 AM110previous1234next' or . = 'Filter by type...textimagecardgalleryaudiovideofilelistmediamiscellaneousallShow records for last:    daysTitleTypeCreated AtSentSeenClicksSampleVideovideoMon Aug 06 2018 9:45 AM100Broadcast TitlegalleryFri Aug 03 2018 8:06 AM110TitleYtextThu Aug 02 2018 1:12 PM110TitleXtextThu Aug 02 2018 9:42 AM110Broadcast TitletextWed Aug 01 2018 10:59 AM110Broadcast TitletextWed Aug 01 2018 10:59 AM110Broadcast TitletextWed Aug 01 2018 10:58 AM110Broadcast TitlemediaMon Jul 30 2018 2:07 PM110Broadcast TitlecardThu Jul 19 2018 8:25 AM110Broadcast TitlecardThu Jul 19 2018 8:21 AM110previous1234next')]' not found)]]></system-out>
      <system-err><![CDATA[2018-08-06 16:39:16 - [TEST_SUITE][FAILED] - KiboPush Broadcasts: Test Cases/TC0125 FAILED because (of) Unable to click on object 'Object Repository/Page_KiboPush  Broadcast/div_Filter by type...textimage (2)' (Root cause: com.kms.katalon.core.webui.exception.WebElementNotFoundException: Web element with id: 'Object Repository/Page_KiboPush  Broadcast/div_Filter by type...textimage (2)' located by 'By.xpath: //div[(text() = 'Filter by type...textimagecardgalleryaudiovideofilelistmediamiscellaneousallShow records for last:    daysTitleTypeCreated AtSentSeenClicksSampleVideovideoMon Aug 06 2018 9:45 AM100Broadcast TitlegalleryFri Aug 03 2018 8:06 AM110TitleYtextThu Aug 02 2018 1:12 PM110TitleXtextThu Aug 02 2018 9:42 AM110Broadcast TitletextWed Aug 01 2018 10:59 AM110Broadcast TitletextWed Aug 01 2018 10:59 AM110Broadcast TitletextWed Aug 01 2018 10:58 AM110Broadcast TitlemediaMon Jul 30 2018 2:07 PM110Broadcast TitlecardThu Jul 19 2018 8:25 AM110Broadcast TitlecardThu Jul 19 2018 8:21 AM110previous1234next' or . = 'Filter by type...textimagecardgalleryaudiovideofilelistmediamiscellaneousallShow records for last:    daysTitleTypeCreated AtSentSeenClicksSampleVideovideoMon Aug 06 2018 9:45 AM100Broadcast TitlegalleryFri Aug 03 2018 8:06 AM110TitleYtextThu Aug 02 2018 1:12 PM110TitleXtextThu Aug 02 2018 9:42 AM110Broadcast TitletextWed Aug 01 2018 10:59 AM110Broadcast TitletextWed Aug 01 2018 10:59 AM110Broadcast TitletextWed Aug 01 2018 10:58 AM110Broadcast TitlemediaMon Jul 30 2018 2:07 PM110Broadcast TitlecardThu Jul 19 2018 8:25 AM110Broadcast TitlecardThu Jul 19 2018 8:21 AM110previous1234next')]' not found)]]></system-err>
   </testsuite>
</testsuites>
