<?xml version="1.0" encoding="UTF-8"?>
<testsuites name="KiboPush Broadcasts" time="899" tests="16" failures="5" errors="0">
   <testsuite name="KiboPush Broadcasts" tests="16" failures="5" errors="0" time="899" timestamp="2018-08-07 22:51:53" hostname="baqarjafri - baqars-mbp" id="Test Suites/KiboPush Broadcasts">
      <properties>
         <property name="deviceName" value=""/>
         <property name="devicePlatform" value=""/>
         <property name="logFolder" value="/Users/baqarjafri/Katalon Studio/KiboPush/Reports/KiboPush Broadcasts/20180807_225150"/>
         <property name="logFiles" value="/Users/baqarjafri/Katalon Studio/KiboPush/Reports/KiboPush Broadcasts/20180807_225150/execution0.log"/>
         <property name="attachments" value="/Users/baqarjafri/Katalon Studio/KiboPush/Reports/KiboPush Broadcasts/20180807_225150/1533664606976.png, /Users/baqarjafri/Katalon Studio/KiboPush/Reports/KiboPush Broadcasts/20180807_225150/1533664998977.png, /Users/baqarjafri/Katalon Studio/KiboPush/Reports/KiboPush Broadcasts/20180807_225150/1533665149589.png, /Users/baqarjafri/Katalon Studio/KiboPush/Reports/KiboPush Broadcasts/20180807_225150/1533665211226.png"/>
         <property name="hostName" value="baqarjafri - baqars-mbp"/>
         <property name="os" value="Mac OS X 64bit"/>
         <property name="katalonVersion" value="5.6.0.1"/>
         <property name="browser" value="Chrome 67.0.3396.99"/>
         <property name="hostAddress" value="192.168.1.3"/>
         <property name="sessionId" value="30d577c5f9677bcca1a287bf30fedc3b"/>
         <property name="seleniumVersion" value="3.7.1"/>
         <property name="proxyInformation" value="ProxyInformation{proxyOption=NO_PROXY, proxyServerType=HTTP, password=, proxyServerAddress=, proxyServerPort=0}"/>
         <property name="platform" value="Mac OS X"/>
      </properties>
      <testcase name="Test Cases/TC0106" classname="Test Cases/TC0106" status="PASSED">
         <system-out><![CDATA[2018-08-07 22:51:53 - [TEST_CASE][PASSED] - Test Cases/TC0106: Test Cases/TC0106

2018-08-07 22:51:54 - [TEST_STEP][PASSED] - openBrowser: Browser is opened with url: ''

2018-08-07 22:51:57 - [MESSAGE][PASSED] - Browser is opened with url: ''

2018-08-07 22:51:57 - [TEST_STEP][PASSED] - navigateToUrl: Navigate to 'https://staging.kibopush.com/' successfully

2018-08-07 22:52:19 - [MESSAGE][PASSED] - Navigate to 'https://staging.kibopush.com/' successfully

2018-08-07 22:52:19 - [TEST_STEP][PASSED] - click: Object: 'Object Repository/Page_KiboPush  Sign In/a_Login' is clicked on

2018-08-07 22:52:20 - [MESSAGE][PASSED] - Object: 'Object Repository/Page_KiboPush  Sign In/a_Login' is clicked on

2018-08-07 22:52:20 - [TEST_STEP][PASSED] - click: Object: 'Object Repository/Page_KiboPush  Sign In/button_Team Account' is clicked on

2018-08-07 22:52:20 - [MESSAGE][PASSED] - Object: 'Object Repository/Page_KiboPush  Sign In/button_Team Account' is clicked on

2018-08-07 22:52:20 - [TEST_STEP][PASSED] - setText: Text 'kibopush.com' is set on object 'Object Repository/Page_KiboPush  Sign In/input_form-control m-input'

2018-08-07 22:52:20 - [MESSAGE][PASSED] - Text 'kibopush.com' is set on object 'Object Repository/Page_KiboPush  Sign In/input_form-control m-input'

2018-08-07 22:52:20 - [TEST_STEP][PASSED] - setText: Text 'bjafri5@gmail.com' is set on object 'Object Repository/Page_KiboPush  Sign In/input_form-control m-input_1'

2018-08-07 22:52:21 - [MESSAGE][PASSED] - Text 'bjafri5@gmail.com' is set on object 'Object Repository/Page_KiboPush  Sign In/input_form-control m-input_1'

2018-08-07 22:52:21 - [TEST_STEP][PASSED] - setEncryptedText: Text ****** has been set on object 'Object Repository/Page_KiboPush  Sign In/input_form-control m-input_2'

2018-08-07 22:52:21 - [MESSAGE][PASSED] - Text ****** has been set on object 'Object Repository/Page_KiboPush  Sign In/input_form-control m-input_2'

2018-08-07 22:52:21 - [TEST_STEP][PASSED] - click: Object: 'Object Repository/Page_KiboPush  Sign In/button_Sign In' is clicked on

2018-08-07 22:52:21 - [MESSAGE][PASSED] - Object: 'Object Repository/Page_KiboPush  Sign In/button_Sign In' is clicked on

2018-08-07 22:52:21 - [TEST_STEP][PASSED] - click: Object: 'Object Repository/Page_KiboPush  Dashboard/span_Broadcasts' is clicked on

2018-08-07 22:52:25 - [MESSAGE][PASSED] - Object: 'Object Repository/Page_KiboPush  Dashboard/span_Broadcasts' is clicked on

2018-08-07 22:52:25 - [TEST_STEP][PASSED] - click: Object: 'Object Repository/Page_KiboPush  Broadcast/a_documentation' is clicked on

2018-08-07 22:52:25 - [MESSAGE][PASSED] - Object: 'Object Repository/Page_KiboPush  Broadcast/a_documentation' is clicked on

2018-08-07 22:52:25 - [TEST_STEP][PASSED] - switchToWindowTitle: Switched to window with title: 'Broadcasts - KiboPush'

2018-08-07 22:52:37 - [MESSAGE][PASSED] - Switched to window with title: 'Broadcasts - KiboPush'

2018-08-07 22:52:37 - [TEST_STEP][PASSED] - switchToWindowTitle: Switched to window with title: 'KiboPush | Broadcast'

2018-08-07 22:52:37 - [MESSAGE][PASSED] - Switched to window with title: 'KiboPush | Broadcast'

2018-08-07 22:52:37 - [TEST_STEP][PASSED] - click: Object: 'Object Repository/Page_KiboPush  Broadcast/i_fa fa-chevron-down' is clicked on

2018-08-07 22:52:37 - [MESSAGE][PASSED] - Object: 'Object Repository/Page_KiboPush  Broadcast/i_fa fa-chevron-down' is clicked on

2018-08-07 22:52:37 - [TEST_STEP][PASSED] - click: Object: 'Object Repository/Page_KiboPush  Broadcast/a_Logout' is clicked on

2018-08-07 22:52:41 - [MESSAGE][PASSED] - Object: 'Object Repository/Page_KiboPush  Broadcast/a_Logout' is clicked on

2018-08-07 22:52:41 - [TEST_STEP][PASSED] - closeBrowser: Browser is closed

2018-08-07 22:52:41 - [MESSAGE][PASSED] - Browser is closed]]></system-out>
         <system-err><![CDATA[]]></system-err>
      </testcase>
      <testcase name="Test Cases/TC0109" classname="Test Cases/TC0109" status="PASSED">
         <system-out><![CDATA[2018-08-07 22:52:41 - [TEST_CASE][PASSED] - Test Cases/TC0109: Test Cases/TC0109

2018-08-07 22:52:42 - [TEST_STEP][PASSED] - openBrowser: Browser is opened with url: ''

2018-08-07 22:52:43 - [MESSAGE][PASSED] - Browser is opened with url: ''

2018-08-07 22:52:43 - [TEST_STEP][PASSED] - navigateToUrl: Navigate to 'https://staging.kibopush.com/' successfully

2018-08-07 22:53:16 - [MESSAGE][PASSED] - Navigate to 'https://staging.kibopush.com/' successfully

2018-08-07 22:53:16 - [TEST_STEP][PASSED] - click: Object: 'Object Repository/Page_KiboPush  Sign In/a_Login' is clicked on

2018-08-07 22:53:16 - [MESSAGE][PASSED] - Object: 'Object Repository/Page_KiboPush  Sign In/a_Login' is clicked on

2018-08-07 22:53:16 - [TEST_STEP][PASSED] - click: Object: 'Object Repository/Page_KiboPush  Sign In/button_Team Account' is clicked on

2018-08-07 22:53:16 - [MESSAGE][PASSED] - Object: 'Object Repository/Page_KiboPush  Sign In/button_Team Account' is clicked on

2018-08-07 22:53:16 - [TEST_STEP][PASSED] - setText: Text 'kibopush.com' is set on object 'Object Repository/Page_KiboPush  Sign In/input_form-control m-input'

2018-08-07 22:53:17 - [MESSAGE][PASSED] - Text 'kibopush.com' is set on object 'Object Repository/Page_KiboPush  Sign In/input_form-control m-input'

2018-08-07 22:53:17 - [TEST_STEP][PASSED] - setText: Text 'bjafri5@gmail.com' is set on object 'Object Repository/Page_KiboPush  Sign In/input_form-control m-input_1'

2018-08-07 22:53:17 - [MESSAGE][PASSED] - Text 'bjafri5@gmail.com' is set on object 'Object Repository/Page_KiboPush  Sign In/input_form-control m-input_1'

2018-08-07 22:53:17 - [TEST_STEP][PASSED] - setEncryptedText: Text ****** has been set on object 'Object Repository/Page_KiboPush  Sign In/input_form-control m-input_2'

2018-08-07 22:53:17 - [MESSAGE][PASSED] - Text ****** has been set on object 'Object Repository/Page_KiboPush  Sign In/input_form-control m-input_2'

2018-08-07 22:53:17 - [TEST_STEP][PASSED] - click: Object: 'Object Repository/Page_KiboPush  Sign In/button_Sign In' is clicked on

2018-08-07 22:53:18 - [MESSAGE][PASSED] - Object: 'Object Repository/Page_KiboPush  Sign In/button_Sign In' is clicked on

2018-08-07 22:53:18 - [TEST_STEP][PASSED] - click: Object: 'Object Repository/Page_KiboPush  Dashboard/span_Broadcasts' is clicked on

2018-08-07 22:53:21 - [MESSAGE][PASSED] - Object: 'Object Repository/Page_KiboPush  Dashboard/span_Broadcasts' is clicked on

2018-08-07 22:53:21 - [TEST_STEP][PASSED] - setText: Text 'TitleX' is set on object 'Object Repository/Page_KiboPush  Broadcast/input_form-control'

2018-08-07 22:53:22 - [MESSAGE][PASSED] - Text 'TitleX' is set on object 'Object Repository/Page_KiboPush  Broadcast/input_form-control'

2018-08-07 22:53:22 - [TEST_STEP][PASSED] - click: Object: 'Object Repository/Page_KiboPush  Broadcast/span_TitleX' is clicked on

2018-08-07 22:53:23 - [MESSAGE][PASSED] - Object: 'Object Repository/Page_KiboPush  Broadcast/span_TitleX' is clicked on

2018-08-07 22:53:23 - [TEST_STEP][PASSED] - click: Object: 'Object Repository/Page_KiboPush  Broadcast/i_fa fa-chevron-down' is clicked on

2018-08-07 22:53:23 - [MESSAGE][PASSED] - Object: 'Object Repository/Page_KiboPush  Broadcast/i_fa fa-chevron-down' is clicked on

2018-08-07 22:53:23 - [TEST_STEP][PASSED] - click: Object: 'Object Repository/Page_KiboPush  Broadcast/a_Logout' is clicked on

2018-08-07 22:53:28 - [MESSAGE][PASSED] - Object: 'Object Repository/Page_KiboPush  Broadcast/a_Logout' is clicked on]]></system-out>
         <system-err><![CDATA[]]></system-err>
      </testcase>
      <testcase name="Test Cases/TC0110" classname="Test Cases/TC0110" status="PASSED">
         <system-out><![CDATA[2018-08-07 22:53:28 - [TEST_CASE][PASSED] - Test Cases/TC0110: Test Cases/TC0110

2018-08-07 22:53:28 - [TEST_STEP][PASSED] - openBrowser: Browser is opened with url: ''

2018-08-07 22:53:28 - [MESSAGE][WARNING] - A browser is already opened. Closing browser and opening a new one

2018-08-07 22:53:29 - [MESSAGE][PASSED] - Browser is opened with url: ''

2018-08-07 22:53:29 - [TEST_STEP][PASSED] - navigateToUrl: Navigate to 'https://staging.kibopush.com/' successfully

2018-08-07 22:54:13 - [MESSAGE][PASSED] - Navigate to 'https://staging.kibopush.com/' successfully

2018-08-07 22:54:13 - [TEST_STEP][PASSED] - click: Object: 'Object Repository/Page_KiboPush  Sign In/a_Login' is clicked on

2018-08-07 22:54:13 - [MESSAGE][PASSED] - Object: 'Object Repository/Page_KiboPush  Sign In/a_Login' is clicked on

2018-08-07 22:54:13 - [TEST_STEP][PASSED] - click: Object: 'Object Repository/Page_KiboPush  Sign In/button_Team Account' is clicked on

2018-08-07 22:54:14 - [MESSAGE][PASSED] - Object: 'Object Repository/Page_KiboPush  Sign In/button_Team Account' is clicked on

2018-08-07 22:54:14 - [TEST_STEP][PASSED] - setText: Text 'kibopush.com' is set on object 'Object Repository/Page_KiboPush  Sign In/input_form-control m-input'

2018-08-07 22:54:14 - [MESSAGE][PASSED] - Text 'kibopush.com' is set on object 'Object Repository/Page_KiboPush  Sign In/input_form-control m-input'

2018-08-07 22:54:14 - [TEST_STEP][PASSED] - setText: Text 'bjafri5@gmail.com' is set on object 'Object Repository/Page_KiboPush  Sign In/input_form-control m-input_1'

2018-08-07 22:54:14 - [MESSAGE][PASSED] - Text 'bjafri5@gmail.com' is set on object 'Object Repository/Page_KiboPush  Sign In/input_form-control m-input_1'

2018-08-07 22:54:14 - [TEST_STEP][PASSED] - setEncryptedText: Text ****** has been set on object 'Object Repository/Page_KiboPush  Sign In/input_form-control m-input_2'

2018-08-07 22:54:14 - [MESSAGE][PASSED] - Text ****** has been set on object 'Object Repository/Page_KiboPush  Sign In/input_form-control m-input_2'

2018-08-07 22:54:14 - [TEST_STEP][PASSED] - click: Object: 'Object Repository/Page_KiboPush  Sign In/button_Sign In' is clicked on

2018-08-07 22:54:14 - [MESSAGE][PASSED] - Object: 'Object Repository/Page_KiboPush  Sign In/button_Sign In' is clicked on

2018-08-07 22:54:14 - [TEST_STEP][PASSED] - click: Object: 'Object Repository/Page_KiboPush  Dashboard/span_Broadcasts' is clicked on

2018-08-07 22:54:18 - [MESSAGE][PASSED] - Object: 'Object Repository/Page_KiboPush  Dashboard/span_Broadcasts' is clicked on

2018-08-07 22:54:18 - [TEST_STEP][PASSED] - selectOptionByValue: All options with value 'image' are selected in object 'Object Repository/Page_KiboPush  Broadcast/select_Filter by type...textim'  using regular expression

2018-08-07 22:54:18 - [MESSAGE][PASSED] - All options with value 'image' are selected in object 'Object Repository/Page_KiboPush  Broadcast/select_Filter by type...textim'  using regular expression

2018-08-07 22:54:18 - [TEST_STEP][PASSED] - click: Object: 'Object Repository/Page_KiboPush  Broadcast/span_image' is clicked on

2018-08-07 22:54:19 - [MESSAGE][PASSED] - Object: 'Object Repository/Page_KiboPush  Broadcast/span_image' is clicked on

2018-08-07 22:54:19 - [TEST_STEP][PASSED] - click: Object: 'Object Repository/Page_KiboPush  Broadcast/i_fa fa-chevron-down' is clicked on

2018-08-07 22:54:19 - [MESSAGE][PASSED] - Object: 'Object Repository/Page_KiboPush  Broadcast/i_fa fa-chevron-down' is clicked on

2018-08-07 22:54:19 - [TEST_STEP][PASSED] - click: Object: 'Object Repository/Page_KiboPush  Broadcast/a_Logout' is clicked on

2018-08-07 22:54:22 - [MESSAGE][PASSED] - Object: 'Object Repository/Page_KiboPush  Broadcast/a_Logout' is clicked on]]></system-out>
         <system-err><![CDATA[]]></system-err>
      </testcase>
      <testcase name="Test Cases/TC0111" classname="Test Cases/TC0111" status="PASSED">
         <system-out><![CDATA[2018-08-07 22:54:22 - [TEST_CASE][PASSED] - Test Cases/TC0111: Test Cases/TC0111

2018-08-07 22:54:22 - [TEST_STEP][PASSED] - openBrowser: Browser is opened with url: ''

2018-08-07 22:54:22 - [MESSAGE][WARNING] - A browser is already opened. Closing browser and opening a new one

2018-08-07 22:54:23 - [MESSAGE][PASSED] - Browser is opened with url: ''

2018-08-07 22:54:23 - [TEST_STEP][PASSED] - navigateToUrl: Navigate to 'https://staging.kibopush.com/' successfully

2018-08-07 22:55:18 - [MESSAGE][PASSED] - Navigate to 'https://staging.kibopush.com/' successfully

2018-08-07 22:55:18 - [TEST_STEP][PASSED] - click: Object: 'Object Repository/Page_KiboPush  Sign In/a_Login' is clicked on

2018-08-07 22:55:18 - [MESSAGE][PASSED] - Object: 'Object Repository/Page_KiboPush  Sign In/a_Login' is clicked on

2018-08-07 22:55:18 - [TEST_STEP][PASSED] - click: Object: 'Object Repository/Page_KiboPush  Sign In/button_Team Account' is clicked on

2018-08-07 22:55:18 - [MESSAGE][PASSED] - Object: 'Object Repository/Page_KiboPush  Sign In/button_Team Account' is clicked on

2018-08-07 22:55:18 - [TEST_STEP][PASSED] - setText: Text 'kibopush.com' is set on object 'Object Repository/Page_KiboPush  Sign In/input_form-control m-input'

2018-08-07 22:55:18 - [MESSAGE][PASSED] - Text 'kibopush.com' is set on object 'Object Repository/Page_KiboPush  Sign In/input_form-control m-input'

2018-08-07 22:55:18 - [TEST_STEP][PASSED] - setText: Text 'bjafri5@gmail.com' is set on object 'Object Repository/Page_KiboPush  Sign In/input_form-control m-input_1'

2018-08-07 22:55:18 - [MESSAGE][PASSED] - Text 'bjafri5@gmail.com' is set on object 'Object Repository/Page_KiboPush  Sign In/input_form-control m-input_1'

2018-08-07 22:55:18 - [TEST_STEP][PASSED] - setEncryptedText: Text ****** has been set on object 'Object Repository/Page_KiboPush  Sign In/input_form-control m-input_2'

2018-08-07 22:55:18 - [MESSAGE][PASSED] - Text ****** has been set on object 'Object Repository/Page_KiboPush  Sign In/input_form-control m-input_2'

2018-08-07 22:55:18 - [TEST_STEP][PASSED] - click: Object: 'Object Repository/Page_KiboPush  Sign In/button_Sign In' is clicked on

2018-08-07 22:55:19 - [MESSAGE][PASSED] - Object: 'Object Repository/Page_KiboPush  Sign In/button_Sign In' is clicked on

2018-08-07 22:55:19 - [TEST_STEP][PASSED] - click: Object: 'Object Repository/Page_KiboPush  Dashboard/span_Broadcasts' is clicked on

2018-08-07 22:55:22 - [MESSAGE][PASSED] - Object: 'Object Repository/Page_KiboPush  Dashboard/span_Broadcasts' is clicked on

2018-08-07 22:55:22 - [TEST_STEP][PASSED] - selectOptionByValue: All options with value 'text' are selected in object 'Object Repository/Page_KiboPush  Broadcast/select_Filter by type...textim'  using regular expression

2018-08-07 22:55:22 - [MESSAGE][PASSED] - All options with value 'text' are selected in object 'Object Repository/Page_KiboPush  Broadcast/select_Filter by type...textim'  using regular expression

2018-08-07 22:55:22 - [TEST_STEP][PASSED] - click: Object: 'Object Repository/Page_KiboPush  Broadcast/span_text' is clicked on

2018-08-07 22:55:23 - [MESSAGE][PASSED] - Object: 'Object Repository/Page_KiboPush  Broadcast/span_text' is clicked on

2018-08-07 22:55:23 - [TEST_STEP][PASSED] - click: Object: 'Object Repository/Page_KiboPush  Broadcast/span_Baqar' is clicked on

2018-08-07 22:55:23 - [MESSAGE][PASSED] - Object: 'Object Repository/Page_KiboPush  Broadcast/span_Baqar' is clicked on

2018-08-07 22:55:23 - [TEST_STEP][PASSED] - click: Object: 'Object Repository/Page_KiboPush  Broadcast/a_Logout' is clicked on

2018-08-07 22:55:26 - [MESSAGE][PASSED] - Object: 'Object Repository/Page_KiboPush  Broadcast/a_Logout' is clicked on]]></system-out>
         <system-err><![CDATA[]]></system-err>
      </testcase>
      <testcase name="Test Cases/TC0112" classname="Test Cases/TC0112" status="FAILED">
         <failure type="FAILED" message="Unable to click on object 'Object Repository/Page_KiboPush  Broadcast/span_card' (Root cause: org.openqa.selenium.StaleElementReferenceException: stale element reference: element is not attached to the page document
  (Session info: chrome=67.0.3396.99)
  (Driver info: chromedriver=2.35.528157 (4429ca2590d6988c0745c24c8858745aaaec01ef),platform=Mac OS X 10.13.1 x86_64) (WARNING: The server did not provide any stacktrace information)
Command duration or timeout: 0 milliseconds
For documentation on this error, please visit: http://seleniumhq.org/exceptions/stale_element_reference.html
Build info: version: '3.7.1', revision: '8a0099a', time: '2017-11-06T21:07:36.161Z'
System info: host: 'Baqars-MBP', ip: 'fe80:0:0:0:86b:36f2:e832:f5d1%en0', os.name: 'Mac OS X', os.arch: 'x86_64', os.version: '10.13.1', java.version: '1.8.0_102'
Driver info: com.kms.katalon.selenium.driver.CChromeDriver
Capabilities {acceptInsecureCerts: false, acceptSslCerts: false, applicationCacheEnabled: false, browserConnectionEnabled: false, browserName: chrome, chrome: {chromedriverVersion: 2.35.528157 (4429ca2590d698..., userDataDir: /var/folders/d9/974yd97x407...}, cssSelectorsEnabled: true, databaseEnabled: false, handlesAlerts: true, hasTouchScreen: false, javascriptEnabled: true, locationContextEnabled: true, mobileEmulationEnabled: false, nativeEvents: true, networkConnectionEnabled: false, pageLoadStrategy: normal, platform: MAC, platformName: MAC, rotatable: false, setWindowRect: true, takesHeapSnapshot: true, takesScreenshot: true, unexpectedAlertBehaviour: , unhandledPromptBehavior: , version: 67.0.3396.99, webStorageEnabled: true}
Session ID: 99b611bbf6cb9a143b02cc1948f4bf40)"/>
         <system-out><![CDATA[2018-08-07 22:55:26 - [TEST_CASE][FAILED] - Test Cases/TC0112: Test Cases/TC0112 FAILED because (of) Unable to click on object 'Object Repository/Page_KiboPush  Broadcast/span_card' (Root cause: org.openqa.selenium.StaleElementReferenceException: stale element reference: element is not attached to the page document
  (Session info: chrome=67.0.3396.99)
  (Driver info: chromedriver=2.35.528157 (4429ca2590d6988c0745c24c8858745aaaec01ef),platform=Mac OS X 10.13.1 x86_64) (WARNING: The server did not provide any stacktrace information)
Command duration or timeout: 0 milliseconds
For documentation on this error, please visit: http://seleniumhq.org/exceptions/stale_element_reference.html
Build info: version: '3.7.1', revision: '8a0099a', time: '2017-11-06T21:07:36.161Z'
System info: host: 'Baqars-MBP', ip: 'fe80:0:0:0:86b:36f2:e832:f5d1%en0', os.name: 'Mac OS X', os.arch: 'x86_64', os.version: '10.13.1', java.version: '1.8.0_102'
Driver info: com.kms.katalon.selenium.driver.CChromeDriver
Capabilities {acceptInsecureCerts: false, acceptSslCerts: false, applicationCacheEnabled: false, browserConnectionEnabled: false, browserName: chrome, chrome: {chromedriverVersion: 2.35.528157 (4429ca2590d698..., userDataDir: /var/folders/d9/974yd97x407...}, cssSelectorsEnabled: true, databaseEnabled: false, handlesAlerts: true, hasTouchScreen: false, javascriptEnabled: true, locationContextEnabled: true, mobileEmulationEnabled: false, nativeEvents: true, networkConnectionEnabled: false, pageLoadStrategy: normal, platform: MAC, platformName: MAC, rotatable: false, setWindowRect: true, takesHeapSnapshot: true, takesScreenshot: true, unexpectedAlertBehaviour: , unhandledPromptBehavior: , version: 67.0.3396.99, webStorageEnabled: true}
Session ID: 99b611bbf6cb9a143b02cc1948f4bf40)

2018-08-07 22:55:26 - [TEST_STEP][PASSED] - openBrowser: Browser is opened with url: ''

2018-08-07 22:55:26 - [MESSAGE][WARNING] - A browser is already opened. Closing browser and opening a new one

2018-08-07 22:55:27 - [MESSAGE][PASSED] - Browser is opened with url: ''

2018-08-07 22:55:27 - [TEST_STEP][PASSED] - navigateToUrl: Navigate to 'https://staging.kibopush.com/' successfully

2018-08-07 22:56:21 - [MESSAGE][PASSED] - Navigate to 'https://staging.kibopush.com/' successfully

2018-08-07 22:56:21 - [TEST_STEP][PASSED] - click: Object: 'Object Repository/Page_KiboPush  Sign In/a_Login' is clicked on

2018-08-07 22:56:26 - [MESSAGE][PASSED] - Object: 'Object Repository/Page_KiboPush  Sign In/a_Login' is clicked on

2018-08-07 22:56:26 - [TEST_STEP][PASSED] - click: Object: 'Object Repository/Page_KiboPush  Sign In/button_Team Account' is clicked on

2018-08-07 22:56:31 - [MESSAGE][PASSED] - Object: 'Object Repository/Page_KiboPush  Sign In/button_Team Account' is clicked on

2018-08-07 22:56:31 - [TEST_STEP][PASSED] - setText: Text 'kibopush.com' is set on object 'Object Repository/Page_KiboPush  Sign In/input_form-control m-input'

2018-08-07 22:56:32 - [MESSAGE][PASSED] - Text 'kibopush.com' is set on object 'Object Repository/Page_KiboPush  Sign In/input_form-control m-input'

2018-08-07 22:56:32 - [TEST_STEP][PASSED] - setText: Text 'bjafri5@gmail.com' is set on object 'Object Repository/Page_KiboPush  Sign In/input_form-control m-input_1'

2018-08-07 22:56:32 - [MESSAGE][PASSED] - Text 'bjafri5@gmail.com' is set on object 'Object Repository/Page_KiboPush  Sign In/input_form-control m-input_1'

2018-08-07 22:56:32 - [TEST_STEP][PASSED] - setEncryptedText: Text ****** has been set on object 'Object Repository/Page_KiboPush  Sign In/input_form-control m-input_2'

2018-08-07 22:56:32 - [MESSAGE][PASSED] - Text ****** has been set on object 'Object Repository/Page_KiboPush  Sign In/input_form-control m-input_2'

2018-08-07 22:56:32 - [TEST_STEP][PASSED] - click: Object: 'Object Repository/Page_KiboPush  Sign In/button_Sign In' is clicked on

2018-08-07 22:56:37 - [MESSAGE][PASSED] - Object: 'Object Repository/Page_KiboPush  Sign In/button_Sign In' is clicked on

2018-08-07 22:56:37 - [TEST_STEP][PASSED] - click: Object: 'Object Repository/Page_KiboPush  Dashboard/span_Broadcasts' is clicked on

2018-08-07 22:56:46 - [MESSAGE][PASSED] - Object: 'Object Repository/Page_KiboPush  Dashboard/span_Broadcasts' is clicked on

2018-08-07 22:56:46 - [TEST_STEP][PASSED] - selectOptionByValue: All options with value 'card' are selected in object 'Object Repository/Page_KiboPush  Broadcast/select_Filter by type...textim'  using regular expression

2018-08-07 22:56:46 - [MESSAGE][PASSED] - All options with value 'card' are selected in object 'Object Repository/Page_KiboPush  Broadcast/select_Filter by type...textim'  using regular expression

2018-08-07 22:56:46 - [TEST_STEP][FAILED] - click: Unable to click on object 'Object Repository/Page_KiboPush  Broadcast/span_card' (Root cause: org.openqa.selenium.StaleElementReferenceException: stale element reference: element is not attached to the page document
  (Session info: chrome=67.0.3396.99)
  (Driver info: chromedriver=2.35.528157 (4429ca2590d6988c0745c24c8858745aaaec01ef),platform=Mac OS X 10.13.1 x86_64) (WARNING: The server did not provide any stacktrace information)
Command duration or timeout: 0 milliseconds
For documentation on this error, please visit: http://seleniumhq.org/exceptions/stale_element_reference.html
Build info: version: '3.7.1', revision: '8a0099a', time: '2017-11-06T21:07:36.161Z'
System info: host: 'Baqars-MBP', ip: 'fe80:0:0:0:86b:36f2:e832:f5d1%en0', os.name: 'Mac OS X', os.arch: 'x86_64', os.version: '10.13.1', java.version: '1.8.0_102'
Driver info: com.kms.katalon.selenium.driver.CChromeDriver
Capabilities {acceptInsecureCerts: false, acceptSslCerts: false, applicationCacheEnabled: false, browserConnectionEnabled: false, browserName: chrome, chrome: {chromedriverVersion: 2.35.528157 (4429ca2590d698..., userDataDir: /var/folders/d9/974yd97x407...}, cssSelectorsEnabled: true, databaseEnabled: false, handlesAlerts: true, hasTouchScreen: false, javascriptEnabled: true, locationContextEnabled: true, mobileEmulationEnabled: false, nativeEvents: true, networkConnectionEnabled: false, pageLoadStrategy: normal, platform: MAC, platformName: MAC, rotatable: false, setWindowRect: true, takesHeapSnapshot: true, takesScreenshot: true, unexpectedAlertBehaviour: , unhandledPromptBehavior: , version: 67.0.3396.99, webStorageEnabled: true}
Session ID: 99b611bbf6cb9a143b02cc1948f4bf40)

2018-08-07 22:56:47 - [MESSAGE][FAILED] - Unable to click on object 'Object Repository/Page_KiboPush  Broadcast/span_card' (Root cause: org.openqa.selenium.StaleElementReferenceException: stale element reference: element is not attached to the page document
  (Session info: chrome=67.0.3396.99)
  (Driver info: chromedriver=2.35.528157 (4429ca2590d6988c0745c24c8858745aaaec01ef),platform=Mac OS X 10.13.1 x86_64) (WARNING: The server did not provide any stacktrace information)
Command duration or timeout: 0 milliseconds
For documentation on this error, please visit: http://seleniumhq.org/exceptions/stale_element_reference.html
Build info: version: '3.7.1', revision: '8a0099a', time: '2017-11-06T21:07:36.161Z'
System info: host: 'Baqars-MBP', ip: 'fe80:0:0:0:86b:36f2:e832:f5d1%en0', os.name: 'Mac OS X', os.arch: 'x86_64', os.version: '10.13.1', java.version: '1.8.0_102'
Driver info: com.kms.katalon.selenium.driver.CChromeDriver
Capabilities {acceptInsecureCerts: false, acceptSslCerts: false, applicationCacheEnabled: false, browserConnectionEnabled: false, browserName: chrome, chrome: {chromedriverVersion: 2.35.528157 (4429ca2590d698..., userDataDir: /var/folders/d9/974yd97x407...}, cssSelectorsEnabled: true, databaseEnabled: false, handlesAlerts: true, hasTouchScreen: false, javascriptEnabled: true, locationContextEnabled: true, mobileEmulationEnabled: false, nativeEvents: true, networkConnectionEnabled: false, pageLoadStrategy: normal, platform: MAC, platformName: MAC, rotatable: false, setWindowRect: true, takesHeapSnapshot: true, takesScreenshot: true, unexpectedAlertBehaviour: , unhandledPromptBehavior: , version: 67.0.3396.99, webStorageEnabled: true}
Session ID: 99b611bbf6cb9a143b02cc1948f4bf40)
[[ATTACHMENT|/Users/baqarjafri/Katalon Studio/KiboPush/Reports/KiboPush Broadcasts/20180807_225150/1533664606976.png]]]]></system-out>
         <system-err><![CDATA[2018-08-07 22:55:26 - [TEST_CASE][FAILED] - Test Cases/TC0112: Test Cases/TC0112 FAILED because (of) Unable to click on object 'Object Repository/Page_KiboPush  Broadcast/span_card' (Root cause: org.openqa.selenium.StaleElementReferenceException: stale element reference: element is not attached to the page document
  (Session info: chrome=67.0.3396.99)
  (Driver info: chromedriver=2.35.528157 (4429ca2590d6988c0745c24c8858745aaaec01ef),platform=Mac OS X 10.13.1 x86_64) (WARNING: The server did not provide any stacktrace information)
Command duration or timeout: 0 milliseconds
For documentation on this error, please visit: http://seleniumhq.org/exceptions/stale_element_reference.html
Build info: version: '3.7.1', revision: '8a0099a', time: '2017-11-06T21:07:36.161Z'
System info: host: 'Baqars-MBP', ip: 'fe80:0:0:0:86b:36f2:e832:f5d1%en0', os.name: 'Mac OS X', os.arch: 'x86_64', os.version: '10.13.1', java.version: '1.8.0_102'
Driver info: com.kms.katalon.selenium.driver.CChromeDriver
Capabilities {acceptInsecureCerts: false, acceptSslCerts: false, applicationCacheEnabled: false, browserConnectionEnabled: false, browserName: chrome, chrome: {chromedriverVersion: 2.35.528157 (4429ca2590d698..., userDataDir: /var/folders/d9/974yd97x407...}, cssSelectorsEnabled: true, databaseEnabled: false, handlesAlerts: true, hasTouchScreen: false, javascriptEnabled: true, locationContextEnabled: true, mobileEmulationEnabled: false, nativeEvents: true, networkConnectionEnabled: false, pageLoadStrategy: normal, platform: MAC, platformName: MAC, rotatable: false, setWindowRect: true, takesHeapSnapshot: true, takesScreenshot: true, unexpectedAlertBehaviour: , unhandledPromptBehavior: , version: 67.0.3396.99, webStorageEnabled: true}
Session ID: 99b611bbf6cb9a143b02cc1948f4bf40)]]></system-err>
      </testcase>
      <testcase name="Test Cases/TC0114" classname="Test Cases/TC0114" status="PASSED">
         <system-out><![CDATA[2018-08-07 22:56:47 - [TEST_CASE][PASSED] - Test Cases/TC0114: Test Cases/TC0114

2018-08-07 22:56:48 - [TEST_STEP][PASSED] - callTestCase: Call Test Case 'Test Cases/Login' successfully

2018-08-07 22:56:48 - [TEST_CASE][PASSED] - Test Cases/Login: Test Cases/Login

2018-08-07 22:56:48 - [TEST_STEP][PASSED] - openBrowser: Browser is opened with url: ''

2018-08-07 22:56:48 - [MESSAGE][WARNING] - A browser is already opened. Closing browser and opening a new one

2018-08-07 22:56:50 - [MESSAGE][PASSED] - Browser is opened with url: ''

2018-08-07 22:56:50 - [TEST_STEP][PASSED] - navigateToUrl: Navigate to 'https://staging.kibopush.com/' successfully

2018-08-07 22:57:09 - [MESSAGE][PASSED] - Navigate to 'https://staging.kibopush.com/' successfully

2018-08-07 22:57:09 - [TEST_STEP][PASSED] - click: Object: 'Object Repository/Page_KiboPush  Sign In/a_Login' is clicked on

2018-08-07 22:57:14 - [MESSAGE][PASSED] - Object: 'Object Repository/Page_KiboPush  Sign In/a_Login' is clicked on

2018-08-07 22:57:14 - [TEST_STEP][PASSED] - click: Object: 'Object Repository/Page_KiboPush  Sign In/button_Team Account' is clicked on

2018-08-07 22:57:19 - [MESSAGE][PASSED] - Object: 'Object Repository/Page_KiboPush  Sign In/button_Team Account' is clicked on

2018-08-07 22:57:19 - [TEST_STEP][PASSED] - setText: Text 'kibopush.com' is set on object 'Object Repository/Page_KiboPush  Sign In/input_form-control m-input'

2018-08-07 22:57:20 - [MESSAGE][PASSED] - Text 'kibopush.com' is set on object 'Object Repository/Page_KiboPush  Sign In/input_form-control m-input'

2018-08-07 22:57:20 - [TEST_STEP][PASSED] - setText: Text 'bjafri5@gmail.com' is set on object 'Object Repository/Page_KiboPush  Sign In/input_form-control m-input_1'

2018-08-07 22:57:20 - [MESSAGE][PASSED] - Text 'bjafri5@gmail.com' is set on object 'Object Repository/Page_KiboPush  Sign In/input_form-control m-input_1'

2018-08-07 22:57:20 - [TEST_STEP][PASSED] - setEncryptedText: Text ****** has been set on object 'Object Repository/Page_KiboPush  Sign In/input_form-control m-input_2'

2018-08-07 22:57:20 - [MESSAGE][PASSED] - Text ****** has been set on object 'Object Repository/Page_KiboPush  Sign In/input_form-control m-input_2'

2018-08-07 22:57:20 - [TEST_STEP][PASSED] - click: Object: 'Object Repository/Page_KiboPush  Sign In/button_Sign In' is clicked on

2018-08-07 22:57:26 - [MESSAGE][PASSED] - Object: 'Object Repository/Page_KiboPush  Sign In/button_Sign In' is clicked on

2018-08-07 22:57:26 - [MESSAGE][PASSED] - Call Test Case 'Test Cases/Login' successfully

2018-08-07 22:57:26 - [TEST_STEP][PASSED] - click: Object: 'Object Repository/Page_KiboPush  Dashboard/span_Broadcasts' is clicked on

2018-08-07 22:57:35 - [MESSAGE][PASSED] - Object: 'Object Repository/Page_KiboPush  Dashboard/span_Broadcasts' is clicked on

2018-08-07 22:57:35 - [TEST_STEP][PASSED] - selectOptionByValue: All options with value 'audio' are selected in object 'Object Repository/Page_KiboPush  Broadcast/select_Filter by type...textim'  using regular expression

2018-08-07 22:57:35 - [MESSAGE][PASSED] - All options with value 'audio' are selected in object 'Object Repository/Page_KiboPush  Broadcast/select_Filter by type...textim'  using regular expression

2018-08-07 22:57:35 - [TEST_STEP][PASSED] - click: Object: 'Object Repository/Page_KiboPush  Broadcast/span_audio' is clicked on

2018-08-07 22:57:41 - [MESSAGE][PASSED] - Object: 'Object Repository/Page_KiboPush  Broadcast/span_audio' is clicked on

2018-08-07 22:57:41 - [TEST_STEP][PASSED] - callTestCase: Call Test Case 'Test Cases/Logout' successfully

2018-08-07 22:57:41 - [TEST_CASE][PASSED] - Test Cases/Logout: Test Cases/Logout

2018-08-07 22:57:41 - [TEST_STEP][PASSED] - click: Object: 'Object Repository/Page_KiboPush  Broadcast/i_fa fa-chevron-down' is clicked on

2018-08-07 22:57:46 - [MESSAGE][PASSED] - Object: 'Object Repository/Page_KiboPush  Broadcast/i_fa fa-chevron-down' is clicked on

2018-08-07 22:57:46 - [TEST_STEP][PASSED] - click: Object: 'Object Repository/Page_KiboPush  Broadcast/a_Logout' is clicked on

2018-08-07 22:57:53 - [MESSAGE][PASSED] - Object: 'Object Repository/Page_KiboPush  Broadcast/a_Logout' is clicked on

2018-08-07 22:57:53 - [MESSAGE][PASSED] - Call Test Case 'Test Cases/Logout' successfully]]></system-out>
         <system-err><![CDATA[]]></system-err>
      </testcase>
      <testcase name="Test Cases/TC0115" classname="Test Cases/TC0115" status="PASSED">
         <system-out><![CDATA[2018-08-07 22:57:53 - [TEST_CASE][PASSED] - Test Cases/TC0115: Test Cases/TC0115

2018-08-07 22:57:54 - [TEST_STEP][PASSED] - callTestCase: Call Test Case 'Test Cases/Login' successfully

2018-08-07 22:57:54 - [TEST_CASE][PASSED] - Test Cases/Login: Test Cases/Login

2018-08-07 22:57:54 - [TEST_STEP][PASSED] - openBrowser: Browser is opened with url: ''

2018-08-07 22:57:54 - [MESSAGE][WARNING] - A browser is already opened. Closing browser and opening a new one

2018-08-07 22:57:55 - [MESSAGE][PASSED] - Browser is opened with url: ''

2018-08-07 22:57:55 - [TEST_STEP][PASSED] - navigateToUrl: Navigate to 'https://staging.kibopush.com/' successfully

2018-08-07 22:58:08 - [MESSAGE][PASSED] - Navigate to 'https://staging.kibopush.com/' successfully

2018-08-07 22:58:08 - [TEST_STEP][PASSED] - click: Object: 'Object Repository/Page_KiboPush  Sign In/a_Login' is clicked on

2018-08-07 22:58:08 - [MESSAGE][PASSED] - Object: 'Object Repository/Page_KiboPush  Sign In/a_Login' is clicked on

2018-08-07 22:58:08 - [TEST_STEP][PASSED] - click: Object: 'Object Repository/Page_KiboPush  Sign In/button_Team Account' is clicked on

2018-08-07 22:58:08 - [MESSAGE][PASSED] - Object: 'Object Repository/Page_KiboPush  Sign In/button_Team Account' is clicked on

2018-08-07 22:58:08 - [TEST_STEP][PASSED] - setText: Text 'kibopush.com' is set on object 'Object Repository/Page_KiboPush  Sign In/input_form-control m-input'

2018-08-07 22:58:09 - [MESSAGE][PASSED] - Text 'kibopush.com' is set on object 'Object Repository/Page_KiboPush  Sign In/input_form-control m-input'

2018-08-07 22:58:09 - [TEST_STEP][PASSED] - setText: Text 'bjafri5@gmail.com' is set on object 'Object Repository/Page_KiboPush  Sign In/input_form-control m-input_1'

2018-08-07 22:58:09 - [MESSAGE][PASSED] - Text 'bjafri5@gmail.com' is set on object 'Object Repository/Page_KiboPush  Sign In/input_form-control m-input_1'

2018-08-07 22:58:09 - [TEST_STEP][PASSED] - setEncryptedText: Text ****** has been set on object 'Object Repository/Page_KiboPush  Sign In/input_form-control m-input_2'

2018-08-07 22:58:09 - [MESSAGE][PASSED] - Text ****** has been set on object 'Object Repository/Page_KiboPush  Sign In/input_form-control m-input_2'

2018-08-07 22:58:09 - [TEST_STEP][PASSED] - click: Object: 'Object Repository/Page_KiboPush  Sign In/button_Sign In' is clicked on

2018-08-07 22:58:09 - [MESSAGE][PASSED] - Object: 'Object Repository/Page_KiboPush  Sign In/button_Sign In' is clicked on

2018-08-07 22:58:09 - [MESSAGE][PASSED] - Call Test Case 'Test Cases/Login' successfully

2018-08-07 22:58:09 - [TEST_STEP][PASSED] - click: Object: 'Object Repository/Page_KiboPush  Dashboard/span_Broadcasts' is clicked on

2018-08-07 22:58:13 - [MESSAGE][PASSED] - Object: 'Object Repository/Page_KiboPush  Dashboard/span_Broadcasts' is clicked on

2018-08-07 22:58:13 - [TEST_STEP][PASSED] - selectOptionByValue: All options with value 'video' are selected in object 'Object Repository/Page_KiboPush  Broadcast/select_Filter by type...textim (1)'  using regular expression

2018-08-07 22:58:13 - [MESSAGE][PASSED] - All options with value 'video' are selected in object 'Object Repository/Page_KiboPush  Broadcast/select_Filter by type...textim (1)'  using regular expression

2018-08-07 22:58:13 - [TEST_STEP][PASSED] - click: Object: 'Object Repository/Page_KiboPush  Broadcast/span_video' is clicked on

2018-08-07 22:58:14 - [MESSAGE][PASSED] - Object: 'Object Repository/Page_KiboPush  Broadcast/span_video' is clicked on

2018-08-07 22:58:14 - [TEST_STEP][PASSED] - callTestCase: Call Test Case 'Test Cases/Logout' successfully

2018-08-07 22:58:14 - [TEST_CASE][PASSED] - Test Cases/Logout: Test Cases/Logout

2018-08-07 22:58:14 - [TEST_STEP][PASSED] - click: Object: 'Object Repository/Page_KiboPush  Broadcast/i_fa fa-chevron-down' is clicked on

2018-08-07 22:58:14 - [MESSAGE][PASSED] - Object: 'Object Repository/Page_KiboPush  Broadcast/i_fa fa-chevron-down' is clicked on

2018-08-07 22:58:14 - [TEST_STEP][PASSED] - click: Object: 'Object Repository/Page_KiboPush  Broadcast/a_Logout' is clicked on

2018-08-07 22:58:17 - [MESSAGE][PASSED] - Object: 'Object Repository/Page_KiboPush  Broadcast/a_Logout' is clicked on

2018-08-07 22:58:17 - [MESSAGE][PASSED] - Call Test Case 'Test Cases/Logout' successfully]]></system-out>
         <system-err><![CDATA[]]></system-err>
      </testcase>
      <testcase name="Test Cases/TC0119" classname="Test Cases/TC0119" status="PASSED">
         <system-out><![CDATA[2018-08-07 22:58:17 - [TEST_CASE][PASSED] - Test Cases/TC0119: Test Cases/TC0119

2018-08-07 22:58:17 - [TEST_STEP][PASSED] - openBrowser: Browser is opened with url: ''

2018-08-07 22:58:17 - [MESSAGE][WARNING] - A browser is already opened. Closing browser and opening a new one

2018-08-07 22:58:18 - [MESSAGE][PASSED] - Browser is opened with url: ''

2018-08-07 22:58:18 - [TEST_STEP][PASSED] - navigateToUrl: Navigate to 'https://staging.kibopush.com/' successfully

2018-08-07 22:58:31 - [MESSAGE][PASSED] - Navigate to 'https://staging.kibopush.com/' successfully

2018-08-07 22:58:31 - [TEST_STEP][PASSED] - click: Object: 'Object Repository/Page_KiboPush  Sign In/a_Login' is clicked on

2018-08-07 22:58:31 - [MESSAGE][PASSED] - Object: 'Object Repository/Page_KiboPush  Sign In/a_Login' is clicked on

2018-08-07 22:58:31 - [TEST_STEP][PASSED] - click: Object: 'Object Repository/Page_KiboPush  Sign In/button_Team Account' is clicked on

2018-08-07 22:58:32 - [MESSAGE][PASSED] - Object: 'Object Repository/Page_KiboPush  Sign In/button_Team Account' is clicked on

2018-08-07 22:58:32 - [TEST_STEP][PASSED] - setText: Text 'kibopush.com' is set on object 'Object Repository/Page_KiboPush  Sign In/input_form-control m-input'

2018-08-07 22:58:32 - [MESSAGE][PASSED] - Text 'kibopush.com' is set on object 'Object Repository/Page_KiboPush  Sign In/input_form-control m-input'

2018-08-07 22:58:32 - [TEST_STEP][PASSED] - setText: Text 'bjafri5@gmail.com' is set on object 'Object Repository/Page_KiboPush  Sign In/input_form-control m-input_1'

2018-08-07 22:58:32 - [MESSAGE][PASSED] - Text 'bjafri5@gmail.com' is set on object 'Object Repository/Page_KiboPush  Sign In/input_form-control m-input_1'

2018-08-07 22:58:32 - [TEST_STEP][PASSED] - setEncryptedText: Text ****** has been set on object 'Object Repository/Page_KiboPush  Sign In/input_form-control m-input_2'

2018-08-07 22:58:32 - [MESSAGE][PASSED] - Text ****** has been set on object 'Object Repository/Page_KiboPush  Sign In/input_form-control m-input_2'

2018-08-07 22:58:32 - [TEST_STEP][PASSED] - click: Object: 'Object Repository/Page_KiboPush  Sign In/button_Sign In' is clicked on

2018-08-07 22:58:32 - [MESSAGE][PASSED] - Object: 'Object Repository/Page_KiboPush  Sign In/button_Sign In' is clicked on

2018-08-07 22:58:32 - [TEST_STEP][PASSED] - click: Object: 'Object Repository/Page_KiboPush  Dashboard/span_Broadcasts' is clicked on

2018-08-07 22:58:36 - [MESSAGE][PASSED] - Object: 'Object Repository/Page_KiboPush  Dashboard/span_Broadcasts' is clicked on

2018-08-07 22:58:36 - [TEST_STEP][PASSED] - selectOptionByValue: All options with value 'miscellaneous' are selected in object 'Object Repository/Page_KiboPush  Broadcast/select_Filter by type...textim'  using regular expression

2018-08-07 22:58:36 - [MESSAGE][PASSED] - All options with value 'miscellaneous' are selected in object 'Object Repository/Page_KiboPush  Broadcast/select_Filter by type...textim'  using regular expression

2018-08-07 22:58:36 - [TEST_STEP][PASSED] - click: Object: 'Object Repository/Page_KiboPush  Broadcast/span_Miscellaneous' is clicked on

2018-08-07 22:58:37 - [MESSAGE][PASSED] - Object: 'Object Repository/Page_KiboPush  Broadcast/span_Miscellaneous' is clicked on

2018-08-07 22:58:37 - [TEST_STEP][PASSED] - click: Object: 'Object Repository/Page_KiboPush  Broadcast/i_fa fa-chevron-down' is clicked on

2018-08-07 22:58:37 - [MESSAGE][PASSED] - Object: 'Object Repository/Page_KiboPush  Broadcast/i_fa fa-chevron-down' is clicked on

2018-08-07 22:58:37 - [TEST_STEP][PASSED] - click: Object: 'Object Repository/Page_KiboPush  Broadcast/a_Logout' is clicked on

2018-08-07 22:58:39 - [MESSAGE][PASSED] - Object: 'Object Repository/Page_KiboPush  Broadcast/a_Logout' is clicked on

2018-08-07 22:58:39 - [TEST_STEP][PASSED] - closeBrowser: Browser is closed

2018-08-07 22:58:39 - [MESSAGE][PASSED] - Browser is closed]]></system-out>
         <system-err><![CDATA[]]></system-err>
      </testcase>
      <testcase name="Test Cases/TC0120" classname="Test Cases/TC0120" status="PASSED">
         <system-out><![CDATA[2018-08-07 22:58:39 - [TEST_CASE][PASSED] - Test Cases/TC0120: Test Cases/TC0120

2018-08-07 22:58:40 - [TEST_STEP][PASSED] - openBrowser: Browser is opened with url: ''

2018-08-07 22:58:40 - [MESSAGE][PASSED] - Browser is opened with url: ''

2018-08-07 22:58:40 - [TEST_STEP][PASSED] - navigateToUrl: Navigate to 'https://staging.kibopush.com/' successfully

2018-08-07 22:59:52 - [MESSAGE][PASSED] - Navigate to 'https://staging.kibopush.com/' successfully

2018-08-07 22:59:52 - [TEST_STEP][PASSED] - click: Object: 'Object Repository/Page_KiboPush  Sign In/a_Login' is clicked on

2018-08-07 22:59:52 - [MESSAGE][PASSED] - Object: 'Object Repository/Page_KiboPush  Sign In/a_Login' is clicked on

2018-08-07 22:59:52 - [TEST_STEP][PASSED] - click: Object: 'Object Repository/Page_KiboPush  Sign In/button_Team Account' is clicked on

2018-08-07 22:59:52 - [MESSAGE][PASSED] - Object: 'Object Repository/Page_KiboPush  Sign In/button_Team Account' is clicked on

2018-08-07 22:59:52 - [TEST_STEP][PASSED] - setText: Text 'kibopush.com' is set on object 'Object Repository/Page_KiboPush  Sign In/input_form-control m-input'

2018-08-07 22:59:52 - [MESSAGE][PASSED] - Text 'kibopush.com' is set on object 'Object Repository/Page_KiboPush  Sign In/input_form-control m-input'

2018-08-07 22:59:52 - [TEST_STEP][PASSED] - setText: Text 'bjafri5@gmail.com' is set on object 'Object Repository/Page_KiboPush  Sign In/input_form-control m-input_1'

2018-08-07 22:59:53 - [MESSAGE][PASSED] - Text 'bjafri5@gmail.com' is set on object 'Object Repository/Page_KiboPush  Sign In/input_form-control m-input_1'

2018-08-07 22:59:53 - [TEST_STEP][PASSED] - setEncryptedText: Text ****** has been set on object 'Object Repository/Page_KiboPush  Sign In/input_form-control m-input_2'

2018-08-07 22:59:53 - [MESSAGE][PASSED] - Text ****** has been set on object 'Object Repository/Page_KiboPush  Sign In/input_form-control m-input_2'

2018-08-07 22:59:53 - [TEST_STEP][PASSED] - click: Object: 'Object Repository/Page_KiboPush  Sign In/button_Sign In' is clicked on

2018-08-07 22:59:53 - [MESSAGE][PASSED] - Object: 'Object Repository/Page_KiboPush  Sign In/button_Sign In' is clicked on

2018-08-07 22:59:53 - [TEST_STEP][PASSED] - click: Object: 'Object Repository/Page_KiboPush  Dashboard/span_Broadcasts' is clicked on

2018-08-07 22:59:56 - [MESSAGE][PASSED] - Object: 'Object Repository/Page_KiboPush  Dashboard/span_Broadcasts' is clicked on

2018-08-07 22:59:56 - [TEST_STEP][PASSED] - selectOptionByValue: All options with value 'all' are selected in object 'Object Repository/Page_KiboPush  Broadcast/select_Filter by type...textim'  using regular expression

2018-08-07 22:59:56 - [MESSAGE][PASSED] - All options with value 'all' are selected in object 'Object Repository/Page_KiboPush  Broadcast/select_Filter by type...textim'  using regular expression

2018-08-07 22:59:56 - [TEST_STEP][PASSED] - closeBrowser: Browser is closed

2018-08-07 22:59:57 - [MESSAGE][PASSED] - Browser is closed]]></system-out>
         <system-err><![CDATA[]]></system-err>
      </testcase>
      <testcase name="Test Cases/TC0121" classname="Test Cases/TC0121" status="PASSED">
         <system-out><![CDATA[2018-08-07 22:59:57 - [TEST_CASE][PASSED] - Test Cases/TC0121: Test Cases/TC0121

2018-08-07 22:59:57 - [TEST_STEP][PASSED] - openBrowser: Browser is opened with url: ''

2018-08-07 22:59:58 - [MESSAGE][PASSED] - Browser is opened with url: ''

2018-08-07 22:59:58 - [TEST_STEP][PASSED] - navigateToUrl: Navigate to 'https://staging.kibopush.com/' successfully

2018-08-07 23:00:36 - [MESSAGE][PASSED] - Navigate to 'https://staging.kibopush.com/' successfully

2018-08-07 23:00:36 - [TEST_STEP][PASSED] - click: Object: 'Object Repository/Page_KiboPush  Sign In/a_Login' is clicked on

2018-08-07 23:00:36 - [MESSAGE][PASSED] - Object: 'Object Repository/Page_KiboPush  Sign In/a_Login' is clicked on

2018-08-07 23:00:36 - [TEST_STEP][PASSED] - click: Object: 'Object Repository/Page_KiboPush  Sign In/button_Team Account' is clicked on

2018-08-07 23:00:36 - [MESSAGE][PASSED] - Object: 'Object Repository/Page_KiboPush  Sign In/button_Team Account' is clicked on

2018-08-07 23:00:36 - [TEST_STEP][PASSED] - setText: Text 'kibopush.com' is set on object 'Object Repository/Page_KiboPush  Sign In/input_form-control m-input'

2018-08-07 23:00:36 - [MESSAGE][PASSED] - Text 'kibopush.com' is set on object 'Object Repository/Page_KiboPush  Sign In/input_form-control m-input'

2018-08-07 23:00:36 - [TEST_STEP][PASSED] - setText: Text 'bjafri5@gmail.com' is set on object 'Object Repository/Page_KiboPush  Sign In/input_form-control m-input_1'

2018-08-07 23:00:37 - [MESSAGE][PASSED] - Text 'bjafri5@gmail.com' is set on object 'Object Repository/Page_KiboPush  Sign In/input_form-control m-input_1'

2018-08-07 23:00:37 - [TEST_STEP][PASSED] - setEncryptedText: Text ****** has been set on object 'Object Repository/Page_KiboPush  Sign In/input_form-control m-input_2'

2018-08-07 23:00:37 - [MESSAGE][PASSED] - Text ****** has been set on object 'Object Repository/Page_KiboPush  Sign In/input_form-control m-input_2'

2018-08-07 23:00:37 - [TEST_STEP][PASSED] - click: Object: 'Object Repository/Page_KiboPush  Sign In/button_Sign In' is clicked on

2018-08-07 23:00:37 - [MESSAGE][PASSED] - Object: 'Object Repository/Page_KiboPush  Sign In/button_Sign In' is clicked on

2018-08-07 23:00:37 - [TEST_STEP][PASSED] - click: Object: 'Object Repository/Page_KiboPush  Dashboard/span_Broadcasts' is clicked on

2018-08-07 23:00:40 - [MESSAGE][PASSED] - Object: 'Object Repository/Page_KiboPush  Dashboard/span_Broadcasts' is clicked on

2018-08-07 23:00:40 - [TEST_STEP][PASSED] - selectOptionByValue: All options with value 'video' are selected in object 'Object Repository/Page_KiboPush  Broadcast/select_Filter by type...textim (3)'  using regular expression

2018-08-07 23:00:40 - [MESSAGE][PASSED] - All options with value 'video' are selected in object 'Object Repository/Page_KiboPush  Broadcast/select_Filter by type...textim (3)'  using regular expression

2018-08-07 23:00:40 - [TEST_STEP][PASSED] - click: Object: 'Object Repository/Page_KiboPush  Broadcast/span_video (1)' is clicked on

2018-08-07 23:00:41 - [MESSAGE][PASSED] - Object: 'Object Repository/Page_KiboPush  Broadcast/span_video (1)' is clicked on

2018-08-07 23:00:41 - [TEST_STEP][PASSED] - setText: Text 'SampleVideo' is set on object 'Object Repository/Page_KiboPush  Broadcast/input_form-control (1)'

2018-08-07 23:00:41 - [MESSAGE][PASSED] - Text 'SampleVideo' is set on object 'Object Repository/Page_KiboPush  Broadcast/input_form-control (1)'

2018-08-07 23:00:41 - [TEST_STEP][PASSED] - click: Object: 'Object Repository/Page_KiboPush  Broadcast/span_SampleVideo' is clicked on

2018-08-07 23:00:41 - [MESSAGE][PASSED] - Object: 'Object Repository/Page_KiboPush  Broadcast/span_SampleVideo' is clicked on

2018-08-07 23:00:41 - [TEST_STEP][PASSED] - closeBrowser: Browser is closed

2018-08-07 23:00:41 - [MESSAGE][PASSED] - Browser is closed]]></system-out>
         <system-err><![CDATA[]]></system-err>
      </testcase>
      <testcase name="Test Cases/TC0122" classname="Test Cases/TC0122" status="PASSED">
         <system-out><![CDATA[2018-08-07 23:00:41 - [TEST_CASE][PASSED] - Test Cases/TC0122: Test Cases/TC0122

2018-08-07 23:00:42 - [TEST_STEP][PASSED] - openBrowser: Browser is opened with url: ''

2018-08-07 23:00:43 - [MESSAGE][PASSED] - Browser is opened with url: ''

2018-08-07 23:00:43 - [TEST_STEP][PASSED] - navigateToUrl: Navigate to 'https://staging.kibopush.com/' successfully

2018-08-07 23:00:56 - [MESSAGE][PASSED] - Navigate to 'https://staging.kibopush.com/' successfully

2018-08-07 23:00:56 - [TEST_STEP][PASSED] - click: Object: 'Object Repository/Page_KiboPush  Sign In/a_Login' is clicked on

2018-08-07 23:00:56 - [MESSAGE][PASSED] - Object: 'Object Repository/Page_KiboPush  Sign In/a_Login' is clicked on

2018-08-07 23:00:56 - [TEST_STEP][PASSED] - click: Object: 'Object Repository/Page_KiboPush  Sign In/button_Team Account' is clicked on

2018-08-07 23:00:56 - [MESSAGE][PASSED] - Object: 'Object Repository/Page_KiboPush  Sign In/button_Team Account' is clicked on

2018-08-07 23:00:56 - [TEST_STEP][PASSED] - setText: Text 'kibopush.com' is set on object 'Object Repository/Page_KiboPush  Sign In/input_form-control m-input'

2018-08-07 23:00:57 - [MESSAGE][PASSED] - Text 'kibopush.com' is set on object 'Object Repository/Page_KiboPush  Sign In/input_form-control m-input'

2018-08-07 23:00:57 - [TEST_STEP][PASSED] - setText: Text 'bjafri5@gmail.com' is set on object 'Object Repository/Page_KiboPush  Sign In/input_form-control m-input_1'

2018-08-07 23:00:57 - [MESSAGE][PASSED] - Text 'bjafri5@gmail.com' is set on object 'Object Repository/Page_KiboPush  Sign In/input_form-control m-input_1'

2018-08-07 23:00:57 - [TEST_STEP][PASSED] - setEncryptedText: Text ****** has been set on object 'Object Repository/Page_KiboPush  Sign In/input_form-control m-input_2'

2018-08-07 23:00:57 - [MESSAGE][PASSED] - Text ****** has been set on object 'Object Repository/Page_KiboPush  Sign In/input_form-control m-input_2'

2018-08-07 23:00:57 - [TEST_STEP][PASSED] - click: Object: 'Object Repository/Page_KiboPush  Sign In/button_Sign In' is clicked on

2018-08-07 23:00:57 - [MESSAGE][PASSED] - Object: 'Object Repository/Page_KiboPush  Sign In/button_Sign In' is clicked on

2018-08-07 23:00:57 - [TEST_STEP][PASSED] - click: Object: 'Object Repository/Page_KiboPush  Dashboard/span_Broadcasts' is clicked on

2018-08-07 23:01:00 - [MESSAGE][PASSED] - Object: 'Object Repository/Page_KiboPush  Dashboard/span_Broadcasts' is clicked on

2018-08-07 23:01:00 - [TEST_STEP][PASSED] - click: Object: 'Object Repository/Page_KiboPush  Broadcast/div_Filter by type...textimage' is clicked on

2018-08-07 23:01:01 - [MESSAGE][PASSED] - Object: 'Object Repository/Page_KiboPush  Broadcast/div_Filter by type...textimage' is clicked on

2018-08-07 23:01:01 - [TEST_STEP][PASSED] - Statement - driver = com.kms.katalon.core.webui.driver.DriverFactory.getWebDriver(): null

2018-08-07 23:01:01 - [TEST_STEP][PASSED] - Statement - Table = driver.findElement(org.openqa.selenium.By.xpath("//table/tbody")): null

2018-08-07 23:01:01 - [TEST_STEP][PASSED] - Statement - rows_table = Table.findElements(org.openqa.selenium.By.tagName("tr")): null

2018-08-07 23:01:01 - [TEST_STEP][PASSED] - Statement - rows_count_before = rows_table.size(): null

2018-08-07 23:01:01 - [TEST_STEP][PASSED] - setText: Text '1' is set on object 'Object Repository/Page_KiboPush  Broadcast/input_example-text-input'

2018-08-07 23:01:01 - [MESSAGE][PASSED] - Text '1' is set on object 'Object Repository/Page_KiboPush  Broadcast/input_example-text-input'

2018-08-07 23:01:01 - [TEST_STEP][PASSED] - delay: Delayed 1 second(s)

2018-08-07 23:01:02 - [MESSAGE][PASSED] - Delayed 1 second(s)

2018-08-07 23:01:02 - [TEST_STEP][PASSED] - click: Object: 'Object Repository/Page_KiboPush  Broadcast/div_Filter by type...textimage_1' is clicked on

2018-08-07 23:01:02 - [MESSAGE][PASSED] - Object: 'Object Repository/Page_KiboPush  Broadcast/div_Filter by type...textimage_1' is clicked on

2018-08-07 23:01:02 - [TEST_STEP][PASSED] - Statement - Table = driver.findElement(org.openqa.selenium.By.xpath("//table/tbody")): null

2018-08-07 23:01:02 - [TEST_STEP][PASSED] - Statement - rows_table = Table.findElements(org.openqa.selenium.By.tagName("tr")): null

2018-08-07 23:01:02 - [TEST_STEP][PASSED] - Statement - rows_count_after = rows_table.size(): null

2018-08-07 23:01:02 - [TEST_STEP][PASSED] - verifyNotMatch: Actual text '10' and expected text '1' are not matched 

2018-08-07 23:01:02 - [MESSAGE][PASSED] - Actual text '10' and expected text '1' are not matched 

2018-08-07 23:01:02 - [TEST_STEP][PASSED] - closeBrowser: Browser is closed

2018-08-07 23:01:03 - [MESSAGE][PASSED] - Browser is closed]]></system-out>
         <system-err><![CDATA[]]></system-err>
      </testcase>
      <testcase name="Test Cases/TC0123" classname="Test Cases/TC0123" status="PASSED">
         <system-out><![CDATA[2018-08-07 23:01:03 - [TEST_CASE][PASSED] - Test Cases/TC0123: Test Cases/TC0123

2018-08-07 23:01:03 - [TEST_STEP][PASSED] - openBrowser: Browser is opened with url: ''

2018-08-07 23:01:04 - [MESSAGE][PASSED] - Browser is opened with url: ''

2018-08-07 23:01:04 - [TEST_STEP][PASSED] - navigateToUrl: Navigate to 'https://staging.kibopush.com/' successfully

2018-08-07 23:01:25 - [MESSAGE][PASSED] - Navigate to 'https://staging.kibopush.com/' successfully

2018-08-07 23:01:25 - [TEST_STEP][PASSED] - click: Object: 'Object Repository/Page_KiboPush  Sign In/a_Login' is clicked on

2018-08-07 23:01:25 - [MESSAGE][PASSED] - Object: 'Object Repository/Page_KiboPush  Sign In/a_Login' is clicked on

2018-08-07 23:01:25 - [TEST_STEP][PASSED] - click: Object: 'Object Repository/Page_KiboPush  Sign In/button_Team Account' is clicked on

2018-08-07 23:01:25 - [MESSAGE][PASSED] - Object: 'Object Repository/Page_KiboPush  Sign In/button_Team Account' is clicked on

2018-08-07 23:01:25 - [TEST_STEP][PASSED] - setText: Text 'kibopush.com' is set on object 'Object Repository/Page_KiboPush  Sign In/input_form-control m-input'

2018-08-07 23:01:26 - [MESSAGE][PASSED] - Text 'kibopush.com' is set on object 'Object Repository/Page_KiboPush  Sign In/input_form-control m-input'

2018-08-07 23:01:26 - [TEST_STEP][PASSED] - setText: Text 'bjafri5@gmail.com' is set on object 'Object Repository/Page_KiboPush  Sign In/input_form-control m-input_1'

2018-08-07 23:01:26 - [MESSAGE][PASSED] - Text 'bjafri5@gmail.com' is set on object 'Object Repository/Page_KiboPush  Sign In/input_form-control m-input_1'

2018-08-07 23:01:26 - [TEST_STEP][PASSED] - setEncryptedText: Text ****** has been set on object 'Object Repository/Page_KiboPush  Sign In/input_form-control m-input_2'

2018-08-07 23:01:26 - [MESSAGE][PASSED] - Text ****** has been set on object 'Object Repository/Page_KiboPush  Sign In/input_form-control m-input_2'

2018-08-07 23:01:26 - [TEST_STEP][PASSED] - click: Object: 'Object Repository/Page_KiboPush  Sign In/button_Sign In' is clicked on

2018-08-07 23:01:26 - [MESSAGE][PASSED] - Object: 'Object Repository/Page_KiboPush  Sign In/button_Sign In' is clicked on

2018-08-07 23:01:26 - [TEST_STEP][PASSED] - click: Object: 'Object Repository/Page_KiboPush  Dashboard/span_Broadcasts' is clicked on

2018-08-07 23:01:30 - [MESSAGE][PASSED] - Object: 'Object Repository/Page_KiboPush  Dashboard/span_Broadcasts' is clicked on

2018-08-07 23:01:30 - [TEST_STEP][PASSED] - click: Object: 'Object Repository/Page_KiboPush  Broadcast/div_Filter by type...textimage (3)' is clicked on

2018-08-07 23:01:31 - [MESSAGE][PASSED] - Object: 'Object Repository/Page_KiboPush  Broadcast/div_Filter by type...textimage (3)' is clicked on

2018-08-07 23:01:31 - [TEST_STEP][PASSED] - Statement - date_page1 = getFirstRowDate(): null

2018-08-07 23:01:31 - [TEST_STEP][PASSED] - Statement - driver = com.kms.katalon.core.webui.driver.DriverFactory.getWebDriver(): null

2018-08-07 23:01:31 - [TEST_STEP][PASSED] - Statement - Try: null

2018-08-07 23:01:31 - [TEST_STEP][PASSED] - Statement - Table = driver.findElement(org.openqa.selenium.By.xpath("//table/tbody")): null

2018-08-07 23:01:31 - [TEST_STEP][PASSED] - Statement - rows_table = Table.findElements(org.openqa.selenium.By.tagName("tr")): null

2018-08-07 23:01:31 - [TEST_STEP][PASSED] - Statement - dates = new java.util.ArrayList(): null

2018-08-07 23:01:31 - [TEST_STEP][PASSED] - Statement - date = rows_table.get(0).findElement(org.openqa.selenium.By.xpath(".//td[@data-field="datetime"]")).getText(): null

2018-08-07 23:01:31 - [TEST_STEP][PASSED] - Statement - return date: null

2018-08-07 23:01:31 - [TEST_STEP][PASSED] - click: Object: 'Object Repository/Page_KiboPush  Broadcast/a_next (1)' is clicked on

2018-08-07 23:01:31 - [MESSAGE][PASSED] - Object: 'Object Repository/Page_KiboPush  Broadcast/a_next (1)' is clicked on

2018-08-07 23:01:31 - [TEST_STEP][PASSED] - click: Object: 'Object Repository/Page_KiboPush  Broadcast/div_Filter by type...textimage_3' is clicked on

2018-08-07 23:01:32 - [MESSAGE][PASSED] - Object: 'Object Repository/Page_KiboPush  Broadcast/div_Filter by type...textimage_3' is clicked on

2018-08-07 23:01:32 - [TEST_STEP][PASSED] - Statement - date_page2 = getFirstRowDate(): null

2018-08-07 23:01:32 - [TEST_STEP][PASSED] - Statement - driver = com.kms.katalon.core.webui.driver.DriverFactory.getWebDriver(): null

2018-08-07 23:01:32 - [TEST_STEP][PASSED] - Statement - Try: null

2018-08-07 23:01:32 - [TEST_STEP][PASSED] - Statement - Table = driver.findElement(org.openqa.selenium.By.xpath("//table/tbody")): null

2018-08-07 23:01:32 - [TEST_STEP][PASSED] - Statement - rows_table = Table.findElements(org.openqa.selenium.By.tagName("tr")): null

2018-08-07 23:01:32 - [TEST_STEP][PASSED] - Statement - dates = new java.util.ArrayList(): null

2018-08-07 23:01:32 - [TEST_STEP][PASSED] - Statement - date = rows_table.get(0).findElement(org.openqa.selenium.By.xpath(".//td[@data-field="datetime"]")).getText(): null

2018-08-07 23:01:32 - [TEST_STEP][PASSED] - Statement - return date: null

2018-08-07 23:01:32 - [TEST_STEP][PASSED] - click: Object: 'Object Repository/Page_KiboPush  Broadcast/a_next (1)' is clicked on

2018-08-07 23:01:33 - [MESSAGE][PASSED] - Object: 'Object Repository/Page_KiboPush  Broadcast/a_next (1)' is clicked on

2018-08-07 23:01:33 - [TEST_STEP][PASSED] - click: Object: 'Object Repository/Page_KiboPush  Broadcast/div_Filter by type...textimage_4' is clicked on

2018-08-07 23:01:35 - [MESSAGE][PASSED] - Object: 'Object Repository/Page_KiboPush  Broadcast/div_Filter by type...textimage_4' is clicked on

2018-08-07 23:01:35 - [TEST_STEP][PASSED] - Statement - date_page3 = getFirstRowDate(): null

2018-08-07 23:01:35 - [TEST_STEP][PASSED] - Statement - driver = com.kms.katalon.core.webui.driver.DriverFactory.getWebDriver(): null

2018-08-07 23:01:35 - [TEST_STEP][PASSED] - Statement - Try: null

2018-08-07 23:01:35 - [TEST_STEP][PASSED] - Statement - Table = driver.findElement(org.openqa.selenium.By.xpath("//table/tbody")): null

2018-08-07 23:01:35 - [TEST_STEP][PASSED] - Statement - rows_table = Table.findElements(org.openqa.selenium.By.tagName("tr")): null

2018-08-07 23:01:35 - [TEST_STEP][PASSED] - Statement - dates = new java.util.ArrayList(): null

2018-08-07 23:01:35 - [TEST_STEP][PASSED] - Statement - date = rows_table.get(0).findElement(org.openqa.selenium.By.xpath(".//td[@data-field="datetime"]")).getText(): null

2018-08-07 23:01:35 - [TEST_STEP][PASSED] - Statement - return date: null

2018-08-07 23:01:35 - [TEST_STEP][PASSED] - verifyNotMatch: Actual text 'Mon Aug 06 2018 9:45 AM' and expected text 'Thu Jul 19 2018 8:11 AM' are not matched 

2018-08-07 23:01:35 - [MESSAGE][PASSED] - Actual text 'Mon Aug 06 2018 9:45 AM' and expected text 'Thu Jul 19 2018 8:11 AM' are not matched 

2018-08-07 23:01:35 - [TEST_STEP][PASSED] - verifyNotMatch: Actual text 'Mon Aug 06 2018 9:45 AM' and expected text 'Fri Jun 29 2018 6:50 AM' are not matched 

2018-08-07 23:01:35 - [MESSAGE][PASSED] - Actual text 'Mon Aug 06 2018 9:45 AM' and expected text 'Fri Jun 29 2018 6:50 AM' are not matched 

2018-08-07 23:01:35 - [TEST_STEP][PASSED] - verifyNotMatch: Actual text 'Thu Jul 19 2018 8:11 AM' and expected text 'Fri Jun 29 2018 6:50 AM' are not matched 

2018-08-07 23:01:35 - [MESSAGE][PASSED] - Actual text 'Thu Jul 19 2018 8:11 AM' and expected text 'Fri Jun 29 2018 6:50 AM' are not matched 

2018-08-07 23:01:35 - [TEST_STEP][PASSED] - closeBrowser: Browser is closed

2018-08-07 23:01:35 - [MESSAGE][PASSED] - Browser is closed]]></system-out>
         <system-err><![CDATA[]]></system-err>
      </testcase>
      <testcase name="Test Cases/TC0124" classname="Test Cases/TC0124" status="FAILED">
         <failure type="FAILED" message="ERROR: No Table Present"/>
         <system-out><![CDATA[2018-08-07 23:01:35 - [TEST_CASE][FAILED] - Test Cases/TC0124: Test Cases/TC0124 FAILED because (of) ERROR: No Table Present

2018-08-07 23:01:36 - [TEST_STEP][PASSED] - openBrowser: Browser is opened with url: ''

2018-08-07 23:01:37 - [MESSAGE][PASSED] - Browser is opened with url: ''

2018-08-07 23:01:37 - [TEST_STEP][PASSED] - navigateToUrl: Navigate to 'https://staging.kibopush.com/' successfully

2018-08-07 23:02:06 - [MESSAGE][PASSED] - Navigate to 'https://staging.kibopush.com/' successfully

2018-08-07 23:02:06 - [TEST_STEP][PASSED] - click: Object: 'Object Repository/Page_KiboPush  Sign In/a_Login' is clicked on

2018-08-07 23:02:06 - [MESSAGE][PASSED] - Object: 'Object Repository/Page_KiboPush  Sign In/a_Login' is clicked on

2018-08-07 23:02:06 - [TEST_STEP][PASSED] - click: Object: 'Object Repository/Page_KiboPush  Sign In/button_Team Account' is clicked on

2018-08-07 23:02:06 - [MESSAGE][PASSED] - Object: 'Object Repository/Page_KiboPush  Sign In/button_Team Account' is clicked on

2018-08-07 23:02:06 - [TEST_STEP][PASSED] - setText: Text 'kibopush.com' is set on object 'Object Repository/Page_KiboPush  Sign In/input_form-control m-input'

2018-08-07 23:02:07 - [MESSAGE][PASSED] - Text 'kibopush.com' is set on object 'Object Repository/Page_KiboPush  Sign In/input_form-control m-input'

2018-08-07 23:02:07 - [TEST_STEP][PASSED] - setText: Text 'bjafri5@gmail.com' is set on object 'Object Repository/Page_KiboPush  Sign In/input_form-control m-input_1'

2018-08-07 23:02:07 - [MESSAGE][PASSED] - Text 'bjafri5@gmail.com' is set on object 'Object Repository/Page_KiboPush  Sign In/input_form-control m-input_1'

2018-08-07 23:02:07 - [TEST_STEP][PASSED] - setEncryptedText: Text ****** has been set on object 'Object Repository/Page_KiboPush  Sign In/input_form-control m-input_2'

2018-08-07 23:02:07 - [MESSAGE][PASSED] - Text ****** has been set on object 'Object Repository/Page_KiboPush  Sign In/input_form-control m-input_2'

2018-08-07 23:02:07 - [TEST_STEP][PASSED] - click: Object: 'Object Repository/Page_KiboPush  Sign In/button_Sign In' is clicked on

2018-08-07 23:02:07 - [MESSAGE][PASSED] - Object: 'Object Repository/Page_KiboPush  Sign In/button_Sign In' is clicked on

2018-08-07 23:02:07 - [TEST_STEP][PASSED] - click: Object: 'Object Repository/Page_KiboPush  Dashboard/span_Broadcasts' is clicked on

2018-08-07 23:02:10 - [MESSAGE][PASSED] - Object: 'Object Repository/Page_KiboPush  Dashboard/span_Broadcasts' is clicked on

2018-08-07 23:02:10 - [TEST_STEP][PASSED] - click: Object: 'Object Repository/Page_KiboPush  Broadcast/div_Filter by type...textimage' is clicked on

2018-08-07 23:02:11 - [MESSAGE][PASSED] - Object: 'Object Repository/Page_KiboPush  Broadcast/div_Filter by type...textimage' is clicked on

2018-08-07 23:02:11 - [TEST_STEP][PASSED] - click: Object: 'Object Repository/Page_KiboPush  Broadcast/a_4' is clicked on

2018-08-07 23:02:11 - [MESSAGE][PASSED] - Object: 'Object Repository/Page_KiboPush  Broadcast/a_4' is clicked on

2018-08-07 23:02:11 - [TEST_STEP][PASSED] - delay: Delayed 1 second(s)

2018-08-07 23:02:12 - [MESSAGE][PASSED] - Delayed 1 second(s)

2018-08-07 23:02:12 - [TEST_STEP][PASSED] - Statement - date_page4 = getFirstRowDate(): null

2018-08-07 23:02:12 - [TEST_STEP][PASSED] - Statement - driver = com.kms.katalon.core.webui.driver.DriverFactory.getWebDriver(): null

2018-08-07 23:02:12 - [TEST_STEP][PASSED] - Statement - Try: null

2018-08-07 23:02:12 - [TEST_STEP][PASSED] - Statement - Table = driver.findElement(org.openqa.selenium.By.xpath("//table/tbody")): null

2018-08-07 23:02:12 - [TEST_STEP][PASSED] - Statement - rows_table = Table.findElements(org.openqa.selenium.By.tagName("tr")): null

2018-08-07 23:02:12 - [TEST_STEP][PASSED] - Statement - dates = new java.util.ArrayList(): null

2018-08-07 23:02:12 - [TEST_STEP][PASSED] - Statement - date = rows_table.get(0).findElement(org.openqa.selenium.By.xpath(".//td[@data-field="datetime"]")).getText(): null

2018-08-07 23:02:12 - [TEST_STEP][PASSED] - Statement - return date: null

2018-08-07 23:02:12 - [TEST_STEP][PASSED] - click: Object: 'Object Repository/Page_KiboPush  Broadcast/a_previous' is clicked on

2018-08-07 23:02:12 - [MESSAGE][PASSED] - Object: 'Object Repository/Page_KiboPush  Broadcast/a_previous' is clicked on

2018-08-07 23:02:12 - [TEST_STEP][PASSED] - delay: Delayed 1 second(s)

2018-08-07 23:02:13 - [MESSAGE][PASSED] - Delayed 1 second(s)

2018-08-07 23:02:13 - [TEST_STEP][PASSED] - Statement - date_page3 = getFirstRowDate(): null

2018-08-07 23:02:13 - [TEST_STEP][PASSED] - Statement - driver = com.kms.katalon.core.webui.driver.DriverFactory.getWebDriver(): null

2018-08-07 23:02:13 - [TEST_STEP][PASSED] - Statement - Try: null

2018-08-07 23:02:13 - [TEST_STEP][PASSED] - Statement - Table = driver.findElement(org.openqa.selenium.By.xpath("//table/tbody")): null

2018-08-07 23:02:13 - [TEST_STEP][PASSED] - Statement - rows_table = Table.findElements(org.openqa.selenium.By.tagName("tr")): null

2018-08-07 23:02:13 - [TEST_STEP][PASSED] - Statement - dates = new java.util.ArrayList(): null

2018-08-07 23:02:13 - [TEST_STEP][PASSED] - Statement - date = rows_table.get(0).findElement(org.openqa.selenium.By.xpath(".//td[@data-field="datetime"]")).getText(): null

2018-08-07 23:02:13 - [TEST_STEP][PASSED] - Statement - return date: null

2018-08-07 23:02:13 - [TEST_STEP][PASSED] - click: Object: 'Object Repository/Page_KiboPush  Broadcast/a_previous' is clicked on

2018-08-07 23:02:13 - [MESSAGE][PASSED] - Object: 'Object Repository/Page_KiboPush  Broadcast/a_previous' is clicked on

2018-08-07 23:02:13 - [TEST_STEP][PASSED] - delay: Delayed 1 second(s)

2018-08-07 23:02:14 - [MESSAGE][PASSED] - Delayed 1 second(s)

2018-08-07 23:02:14 - [TEST_STEP][PASSED] - Statement - date_page2 = getFirstRowDate(): null

2018-08-07 23:02:14 - [TEST_STEP][PASSED] - Statement - driver = com.kms.katalon.core.webui.driver.DriverFactory.getWebDriver(): null

2018-08-07 23:02:14 - [TEST_STEP][PASSED] - Statement - Try: null

2018-08-07 23:02:14 - [TEST_STEP][PASSED] - Statement - Table = driver.findElement(org.openqa.selenium.By.xpath("//table/tbody")): null

2018-08-07 23:02:14 - [TEST_STEP][PASSED] - Statement - Catch (Exception e): null

2018-08-07 23:02:14 - [TEST_STEP][PASSED] - Statement - com.kms.katalon.core.util.KeywordUtil.markFailed("ERROR: No Table Present"): null

2018-08-07 23:02:14 - [TEST_STEP][PASSED] - verifyNotMatch: Actual text 'Fri Jun 29 2018 6:40 AM' and expected text 'Mon Aug 06 2018 9:45 AM' are not matched 

2018-08-07 23:02:14 - [MESSAGE][PASSED] - Actual text 'Fri Jun 29 2018 6:40 AM' and expected text 'Mon Aug 06 2018 9:45 AM' are not matched 

2018-08-07 23:02:14 - [TEST_STEP][PASSED] - verifyNotMatch: Actual text 'Fri Jun 29 2018 6:40 AM' and expected text 'null' are not matched 

2018-08-07 23:02:14 - [MESSAGE][PASSED] - Actual text 'Fri Jun 29 2018 6:40 AM' and expected text 'null' are not matched 

2018-08-07 23:02:14 - [TEST_STEP][PASSED] - verifyNotMatch: Actual text 'Mon Aug 06 2018 9:45 AM' and expected text 'null' are not matched 

2018-08-07 23:02:15 - [MESSAGE][PASSED] - Actual text 'Mon Aug 06 2018 9:45 AM' and expected text 'null' are not matched 

2018-08-07 23:02:15 - [TEST_STEP][PASSED] - closeBrowser: Browser is closed

2018-08-07 23:02:15 - [MESSAGE][PASSED] - Browser is closed]]></system-out>
         <system-err><![CDATA[2018-08-07 23:01:35 - [TEST_CASE][FAILED] - Test Cases/TC0124: Test Cases/TC0124 FAILED because (of) ERROR: No Table Present]]></system-err>
      </testcase>
      <testcase name="Test Cases/TC0125" classname="Test Cases/TC0125" status="FAILED">
         <failure type="FAILED" message="Unable to click on object 'Object Repository/Page_KiboPush  Broadcast/div_Filter by type...textimage (2)' (Root cause: com.kms.katalon.core.webui.exception.WebElementNotFoundException: Web element with id: 'Object Repository/Page_KiboPush  Broadcast/div_Filter by type...textimage (2)' located by 'By.xpath: //div[(text() = 'Filter by type...textimagecardgalleryaudiovideofilelistmediamiscellaneousallShow records for last:    daysTitleTypeCreated AtSentSeenClicksSampleVideovideoMon Aug 06 2018 9:45 AM100Broadcast TitlegalleryFri Aug 03 2018 8:06 AM110TitleYtextThu Aug 02 2018 1:12 PM110TitleXtextThu Aug 02 2018 9:42 AM110Broadcast TitletextWed Aug 01 2018 10:59 AM110Broadcast TitletextWed Aug 01 2018 10:59 AM110Broadcast TitletextWed Aug 01 2018 10:58 AM110Broadcast TitlemediaMon Jul 30 2018 2:07 PM110Broadcast TitlecardThu Jul 19 2018 8:25 AM110Broadcast TitlecardThu Jul 19 2018 8:21 AM110previous1234next' or . = 'Filter by type...textimagecardgalleryaudiovideofilelistmediamiscellaneousallShow records for last:    daysTitleTypeCreated AtSentSeenClicksSampleVideovideoMon Aug 06 2018 9:45 AM100Broadcast TitlegalleryFri Aug 03 2018 8:06 AM110TitleYtextThu Aug 02 2018 1:12 PM110TitleXtextThu Aug 02 2018 9:42 AM110Broadcast TitletextWed Aug 01 2018 10:59 AM110Broadcast TitletextWed Aug 01 2018 10:59 AM110Broadcast TitletextWed Aug 01 2018 10:58 AM110Broadcast TitlemediaMon Jul 30 2018 2:07 PM110Broadcast TitlecardThu Jul 19 2018 8:25 AM110Broadcast TitlecardThu Jul 19 2018 8:21 AM110previous1234next')]' not found)"/>
         <system-out><![CDATA[2018-08-07 23:02:15 - [TEST_CASE][FAILED] - Test Cases/TC0125: Test Cases/TC0125 FAILED because (of) Unable to click on object 'Object Repository/Page_KiboPush  Broadcast/div_Filter by type...textimage (2)' (Root cause: com.kms.katalon.core.webui.exception.WebElementNotFoundException: Web element with id: 'Object Repository/Page_KiboPush  Broadcast/div_Filter by type...textimage (2)' located by 'By.xpath: //div[(text() = 'Filter by type...textimagecardgalleryaudiovideofilelistmediamiscellaneousallShow records for last:    daysTitleTypeCreated AtSentSeenClicksSampleVideovideoMon Aug 06 2018 9:45 AM100Broadcast TitlegalleryFri Aug 03 2018 8:06 AM110TitleYtextThu Aug 02 2018 1:12 PM110TitleXtextThu Aug 02 2018 9:42 AM110Broadcast TitletextWed Aug 01 2018 10:59 AM110Broadcast TitletextWed Aug 01 2018 10:59 AM110Broadcast TitletextWed Aug 01 2018 10:58 AM110Broadcast TitlemediaMon Jul 30 2018 2:07 PM110Broadcast TitlecardThu Jul 19 2018 8:25 AM110Broadcast TitlecardThu Jul 19 2018 8:21 AM110previous1234next' or . = 'Filter by type...textimagecardgalleryaudiovideofilelistmediamiscellaneousallShow records for last:    daysTitleTypeCreated AtSentSeenClicksSampleVideovideoMon Aug 06 2018 9:45 AM100Broadcast TitlegalleryFri Aug 03 2018 8:06 AM110TitleYtextThu Aug 02 2018 1:12 PM110TitleXtextThu Aug 02 2018 9:42 AM110Broadcast TitletextWed Aug 01 2018 10:59 AM110Broadcast TitletextWed Aug 01 2018 10:59 AM110Broadcast TitletextWed Aug 01 2018 10:58 AM110Broadcast TitlemediaMon Jul 30 2018 2:07 PM110Broadcast TitlecardThu Jul 19 2018 8:25 AM110Broadcast TitlecardThu Jul 19 2018 8:21 AM110previous1234next')]' not found)

2018-08-07 23:02:15 - [TEST_STEP][PASSED] - openBrowser: Browser is opened with url: ''

2018-08-07 23:02:16 - [MESSAGE][PASSED] - Browser is opened with url: ''

2018-08-07 23:02:16 - [TEST_STEP][PASSED] - navigateToUrl: Navigate to 'https://staging.kibopush.com/' successfully

2018-08-07 23:02:42 - [MESSAGE][PASSED] - Navigate to 'https://staging.kibopush.com/' successfully

2018-08-07 23:02:42 - [TEST_STEP][PASSED] - click: Object: 'Object Repository/Page_KiboPush  Sign In/a_Login' is clicked on

2018-08-07 23:02:42 - [MESSAGE][PASSED] - Object: 'Object Repository/Page_KiboPush  Sign In/a_Login' is clicked on

2018-08-07 23:02:42 - [TEST_STEP][PASSED] - click: Object: 'Object Repository/Page_KiboPush  Sign In/button_Team Account' is clicked on

2018-08-07 23:02:43 - [MESSAGE][PASSED] - Object: 'Object Repository/Page_KiboPush  Sign In/button_Team Account' is clicked on

2018-08-07 23:02:43 - [TEST_STEP][PASSED] - setText: Text 'kibopush.com' is set on object 'Object Repository/Page_KiboPush  Sign In/input_form-control m-input'

2018-08-07 23:02:43 - [MESSAGE][PASSED] - Text 'kibopush.com' is set on object 'Object Repository/Page_KiboPush  Sign In/input_form-control m-input'

2018-08-07 23:02:43 - [TEST_STEP][PASSED] - setText: Text 'bjafri5@gmail.com' is set on object 'Object Repository/Page_KiboPush  Sign In/input_form-control m-input_1'

2018-08-07 23:02:43 - [MESSAGE][PASSED] - Text 'bjafri5@gmail.com' is set on object 'Object Repository/Page_KiboPush  Sign In/input_form-control m-input_1'

2018-08-07 23:02:43 - [TEST_STEP][PASSED] - setEncryptedText: Text ****** has been set on object 'Object Repository/Page_KiboPush  Sign In/input_form-control m-input_2'

2018-08-07 23:02:43 - [MESSAGE][PASSED] - Text ****** has been set on object 'Object Repository/Page_KiboPush  Sign In/input_form-control m-input_2'

2018-08-07 23:02:43 - [TEST_STEP][PASSED] - click: Object: 'Object Repository/Page_KiboPush  Sign In/button_Sign In' is clicked on

2018-08-07 23:02:43 - [MESSAGE][PASSED] - Object: 'Object Repository/Page_KiboPush  Sign In/button_Sign In' is clicked on

2018-08-07 23:02:43 - [TEST_STEP][PASSED] - click: Object: 'Object Repository/Page_KiboPush  Dashboard/span_Broadcasts' is clicked on

2018-08-07 23:02:46 - [MESSAGE][PASSED] - Object: 'Object Repository/Page_KiboPush  Dashboard/span_Broadcasts' is clicked on

2018-08-07 23:02:46 - [TEST_STEP][FAILED] - click: Unable to click on object 'Object Repository/Page_KiboPush  Broadcast/div_Filter by type...textimage (2)' (Root cause: com.kms.katalon.core.webui.exception.WebElementNotFoundException: Web element with id: 'Object Repository/Page_KiboPush  Broadcast/div_Filter by type...textimage (2)' located by 'By.xpath: //div[(text() = 'Filter by type...textimagecardgalleryaudiovideofilelistmediamiscellaneousallShow records for last:    daysTitleTypeCreated AtSentSeenClicksSampleVideovideoMon Aug 06 2018 9:45 AM100Broadcast TitlegalleryFri Aug 03 2018 8:06 AM110TitleYtextThu Aug 02 2018 1:12 PM110TitleXtextThu Aug 02 2018 9:42 AM110Broadcast TitletextWed Aug 01 2018 10:59 AM110Broadcast TitletextWed Aug 01 2018 10:59 AM110Broadcast TitletextWed Aug 01 2018 10:58 AM110Broadcast TitlemediaMon Jul 30 2018 2:07 PM110Broadcast TitlecardThu Jul 19 2018 8:25 AM110Broadcast TitlecardThu Jul 19 2018 8:21 AM110previous1234next' or . = 'Filter by type...textimagecardgalleryaudiovideofilelistmediamiscellaneousallShow records for last:    daysTitleTypeCreated AtSentSeenClicksSampleVideovideoMon Aug 06 2018 9:45 AM100Broadcast TitlegalleryFri Aug 03 2018 8:06 AM110TitleYtextThu Aug 02 2018 1:12 PM110TitleXtextThu Aug 02 2018 9:42 AM110Broadcast TitletextWed Aug 01 2018 10:59 AM110Broadcast TitletextWed Aug 01 2018 10:59 AM110Broadcast TitletextWed Aug 01 2018 10:58 AM110Broadcast TitlemediaMon Jul 30 2018 2:07 PM110Broadcast TitlecardThu Jul 19 2018 8:25 AM110Broadcast TitlecardThu Jul 19 2018 8:21 AM110previous1234next')]' not found)

2018-08-07 23:03:19 - [MESSAGE][FAILED] - Unable to click on object 'Object Repository/Page_KiboPush  Broadcast/div_Filter by type...textimage (2)' (Root cause: com.kms.katalon.core.webui.exception.WebElementNotFoundException: Web element with id: 'Object Repository/Page_KiboPush  Broadcast/div_Filter by type...textimage (2)' located by 'By.xpath: //div[(text() = 'Filter by type...textimagecardgalleryaudiovideofilelistmediamiscellaneousallShow records for last:    daysTitleTypeCreated AtSentSeenClicksSampleVideovideoMon Aug 06 2018 9:45 AM100Broadcast TitlegalleryFri Aug 03 2018 8:06 AM110TitleYtextThu Aug 02 2018 1:12 PM110TitleXtextThu Aug 02 2018 9:42 AM110Broadcast TitletextWed Aug 01 2018 10:59 AM110Broadcast TitletextWed Aug 01 2018 10:59 AM110Broadcast TitletextWed Aug 01 2018 10:58 AM110Broadcast TitlemediaMon Jul 30 2018 2:07 PM110Broadcast TitlecardThu Jul 19 2018 8:25 AM110Broadcast TitlecardThu Jul 19 2018 8:21 AM110previous1234next' or . = 'Filter by type...textimagecardgalleryaudiovideofilelistmediamiscellaneousallShow records for last:    daysTitleTypeCreated AtSentSeenClicksSampleVideovideoMon Aug 06 2018 9:45 AM100Broadcast TitlegalleryFri Aug 03 2018 8:06 AM110TitleYtextThu Aug 02 2018 1:12 PM110TitleXtextThu Aug 02 2018 9:42 AM110Broadcast TitletextWed Aug 01 2018 10:59 AM110Broadcast TitletextWed Aug 01 2018 10:59 AM110Broadcast TitletextWed Aug 01 2018 10:58 AM110Broadcast TitlemediaMon Jul 30 2018 2:07 PM110Broadcast TitlecardThu Jul 19 2018 8:25 AM110Broadcast TitlecardThu Jul 19 2018 8:21 AM110previous1234next')]' not found)
[[ATTACHMENT|/Users/baqarjafri/Katalon Studio/KiboPush/Reports/KiboPush Broadcasts/20180807_225150/1533664998977.png]]]]></system-out>
         <system-err><![CDATA[2018-08-07 23:02:15 - [TEST_CASE][FAILED] - Test Cases/TC0125: Test Cases/TC0125 FAILED because (of) Unable to click on object 'Object Repository/Page_KiboPush  Broadcast/div_Filter by type...textimage (2)' (Root cause: com.kms.katalon.core.webui.exception.WebElementNotFoundException: Web element with id: 'Object Repository/Page_KiboPush  Broadcast/div_Filter by type...textimage (2)' located by 'By.xpath: //div[(text() = 'Filter by type...textimagecardgalleryaudiovideofilelistmediamiscellaneousallShow records for last:    daysTitleTypeCreated AtSentSeenClicksSampleVideovideoMon Aug 06 2018 9:45 AM100Broadcast TitlegalleryFri Aug 03 2018 8:06 AM110TitleYtextThu Aug 02 2018 1:12 PM110TitleXtextThu Aug 02 2018 9:42 AM110Broadcast TitletextWed Aug 01 2018 10:59 AM110Broadcast TitletextWed Aug 01 2018 10:59 AM110Broadcast TitletextWed Aug 01 2018 10:58 AM110Broadcast TitlemediaMon Jul 30 2018 2:07 PM110Broadcast TitlecardThu Jul 19 2018 8:25 AM110Broadcast TitlecardThu Jul 19 2018 8:21 AM110previous1234next' or . = 'Filter by type...textimagecardgalleryaudiovideofilelistmediamiscellaneousallShow records for last:    daysTitleTypeCreated AtSentSeenClicksSampleVideovideoMon Aug 06 2018 9:45 AM100Broadcast TitlegalleryFri Aug 03 2018 8:06 AM110TitleYtextThu Aug 02 2018 1:12 PM110TitleXtextThu Aug 02 2018 9:42 AM110Broadcast TitletextWed Aug 01 2018 10:59 AM110Broadcast TitletextWed Aug 01 2018 10:59 AM110Broadcast TitletextWed Aug 01 2018 10:58 AM110Broadcast TitlemediaMon Jul 30 2018 2:07 PM110Broadcast TitlecardThu Jul 19 2018 8:25 AM110Broadcast TitlecardThu Jul 19 2018 8:21 AM110previous1234next')]' not found)]]></system-err>
      </testcase>
      <testcase name="Test Cases/TC0126" classname="Test Cases/TC0126" status="PASSED">
         <system-out><![CDATA[2018-08-07 23:03:19 - [TEST_CASE][PASSED] - Test Cases/TC0126: Test Cases/TC0126

2018-08-07 23:03:19 - [TEST_STEP][PASSED] - openBrowser: Browser is opened with url: ''

2018-08-07 23:03:19 - [MESSAGE][WARNING] - A browser is already opened. Closing browser and opening a new one

2018-08-07 23:03:21 - [MESSAGE][PASSED] - Browser is opened with url: ''

2018-08-07 23:03:21 - [TEST_STEP][PASSED] - navigateToUrl: Navigate to 'https://staging.kibopush.com/' successfully

2018-08-07 23:03:34 - [MESSAGE][PASSED] - Navigate to 'https://staging.kibopush.com/' successfully

2018-08-07 23:03:34 - [TEST_STEP][PASSED] - click: Object: 'Object Repository/Page_KiboPush  Sign In/a_Login' is clicked on

2018-08-07 23:03:35 - [MESSAGE][PASSED] - Object: 'Object Repository/Page_KiboPush  Sign In/a_Login' is clicked on

2018-08-07 23:03:35 - [TEST_STEP][PASSED] - click: Object: 'Object Repository/Page_KiboPush  Sign In/button_Team Account' is clicked on

2018-08-07 23:03:35 - [MESSAGE][PASSED] - Object: 'Object Repository/Page_KiboPush  Sign In/button_Team Account' is clicked on

2018-08-07 23:03:35 - [TEST_STEP][PASSED] - setText: Text 'kibopush.com' is set on object 'Object Repository/Page_KiboPush  Sign In/input_form-control m-input'

2018-08-07 23:03:35 - [MESSAGE][PASSED] - Text 'kibopush.com' is set on object 'Object Repository/Page_KiboPush  Sign In/input_form-control m-input'

2018-08-07 23:03:35 - [TEST_STEP][PASSED] - setText: Text 'bjafri5@gmail.com' is set on object 'Object Repository/Page_KiboPush  Sign In/input_form-control m-input_1'

2018-08-07 23:03:35 - [MESSAGE][PASSED] - Text 'bjafri5@gmail.com' is set on object 'Object Repository/Page_KiboPush  Sign In/input_form-control m-input_1'

2018-08-07 23:03:35 - [TEST_STEP][PASSED] - setEncryptedText: Text ****** has been set on object 'Object Repository/Page_KiboPush  Sign In/input_form-control m-input_2'

2018-08-07 23:03:35 - [MESSAGE][PASSED] - Text ****** has been set on object 'Object Repository/Page_KiboPush  Sign In/input_form-control m-input_2'

2018-08-07 23:03:35 - [TEST_STEP][PASSED] - click: Object: 'Object Repository/Page_KiboPush  Sign In/button_Sign In' is clicked on

2018-08-07 23:03:35 - [MESSAGE][PASSED] - Object: 'Object Repository/Page_KiboPush  Sign In/button_Sign In' is clicked on

2018-08-07 23:03:35 - [TEST_STEP][PASSED] - click: Object: 'Object Repository/Page_KiboPush  Dashboard/span_Broadcasts' is clicked on

2018-08-07 23:03:39 - [MESSAGE][PASSED] - Object: 'Object Repository/Page_KiboPush  Dashboard/span_Broadcasts' is clicked on

2018-08-07 23:03:39 - [TEST_STEP][PASSED] - click: Object: 'Object Repository/Page_KiboPush  Broadcast/span_Create New Broadcast' is clicked on

2018-08-07 23:03:39 - [MESSAGE][PASSED] - Object: 'Object Repository/Page_KiboPush  Broadcast/span_Create New Broadcast' is clicked on

2018-08-07 23:03:39 - [TEST_STEP][PASSED] - click: Object: 'Object Repository/Page_KiboPush  Broadcast/h3_Create Broadcast' is clicked on

2018-08-07 23:03:39 - [MESSAGE][PASSED] - Object: 'Object Repository/Page_KiboPush  Broadcast/h3_Create Broadcast' is clicked on

2018-08-07 23:03:39 - [TEST_STEP][PASSED] - click: Object: 'Object Repository/Page_KiboPush  Broadcast/p_To create a new broadcast fr' is clicked on

2018-08-07 23:03:39 - [MESSAGE][PASSED] - Object: 'Object Repository/Page_KiboPush  Broadcast/p_To create a new broadcast fr' is clicked on

2018-08-07 23:03:39 - [TEST_STEP][PASSED] - click: Object: 'Object Repository/Page_KiboPush  Broadcast/a_Create New Broadcast' is clicked on

2018-08-07 23:03:39 - [MESSAGE][PASSED] - Object: 'Object Repository/Page_KiboPush  Broadcast/a_Create New Broadcast' is clicked on

2018-08-07 23:03:39 - [TEST_STEP][PASSED] - click: Object: 'Object Repository/Page_KiboPush  Create Broadcast/div_Broadcast TargetingTextIma' is clicked on

2018-08-07 23:03:40 - [MESSAGE][PASSED] - Object: 'Object Repository/Page_KiboPush  Create Broadcast/div_Broadcast TargetingTextIma' is clicked on

2018-08-07 23:03:40 - [TEST_STEP][PASSED] - closeBrowser: Browser is closed

2018-08-07 23:03:40 - [MESSAGE][PASSED] - Browser is closed]]></system-out>
         <system-err><![CDATA[]]></system-err>
      </testcase>
      <testcase name="Test Cases/TC0127" classname="Test Cases/TC0127" status="PASSED">
         <system-out><![CDATA[2018-08-07 23:03:40 - [TEST_CASE][PASSED] - Test Cases/TC0127: Test Cases/TC0127

2018-08-07 23:03:41 - [TEST_STEP][PASSED] - openBrowser: Browser is opened with url: ''

2018-08-07 23:03:42 - [MESSAGE][PASSED] - Browser is opened with url: ''

2018-08-07 23:03:42 - [TEST_STEP][PASSED] - navigateToUrl: Navigate to 'https://staging.kibopush.com/' successfully

2018-08-07 23:04:14 - [MESSAGE][PASSED] - Navigate to 'https://staging.kibopush.com/' successfully

2018-08-07 23:04:14 - [TEST_STEP][PASSED] - click: Object: 'Object Repository/Page_KiboPush  Sign In/a_Login' is clicked on

2018-08-07 23:04:14 - [MESSAGE][PASSED] - Object: 'Object Repository/Page_KiboPush  Sign In/a_Login' is clicked on

2018-08-07 23:04:14 - [TEST_STEP][PASSED] - click: Object: 'Object Repository/Page_KiboPush  Sign In/button_Team Account' is clicked on

2018-08-07 23:04:14 - [MESSAGE][PASSED] - Object: 'Object Repository/Page_KiboPush  Sign In/button_Team Account' is clicked on

2018-08-07 23:04:14 - [TEST_STEP][PASSED] - setText: Text 'kibopush.com' is set on object 'Object Repository/Page_KiboPush  Sign In/input_form-control m-input'

2018-08-07 23:04:15 - [MESSAGE][PASSED] - Text 'kibopush.com' is set on object 'Object Repository/Page_KiboPush  Sign In/input_form-control m-input'

2018-08-07 23:04:15 - [TEST_STEP][PASSED] - setText: Text 'bjafri5@gmail.com' is set on object 'Object Repository/Page_KiboPush  Sign In/input_form-control m-input_1'

2018-08-07 23:04:15 - [MESSAGE][PASSED] - Text 'bjafri5@gmail.com' is set on object 'Object Repository/Page_KiboPush  Sign In/input_form-control m-input_1'

2018-08-07 23:04:15 - [TEST_STEP][PASSED] - setEncryptedText: Text ****** has been set on object 'Object Repository/Page_KiboPush  Sign In/input_form-control m-input_2'

2018-08-07 23:04:15 - [MESSAGE][PASSED] - Text ****** has been set on object 'Object Repository/Page_KiboPush  Sign In/input_form-control m-input_2'

2018-08-07 23:04:15 - [TEST_STEP][PASSED] - click: Object: 'Object Repository/Page_KiboPush  Sign In/button_Sign In' is clicked on

2018-08-07 23:04:15 - [MESSAGE][PASSED] - Object: 'Object Repository/Page_KiboPush  Sign In/button_Sign In' is clicked on

2018-08-07 23:04:15 - [TEST_STEP][PASSED] - click: Object: 'Object Repository/Page_KiboPush  Dashboard/span_Broadcasts' is clicked on

2018-08-07 23:04:20 - [MESSAGE][PASSED] - Object: 'Object Repository/Page_KiboPush  Dashboard/span_Broadcasts' is clicked on

2018-08-07 23:04:20 - [TEST_STEP][PASSED] - click: Object: 'Object Repository/Page_KiboPush  Broadcast/button_Create New Broadcast' is clicked on

2018-08-07 23:04:21 - [MESSAGE][PASSED] - Object: 'Object Repository/Page_KiboPush  Broadcast/button_Create New Broadcast' is clicked on

2018-08-07 23:04:21 - [TEST_STEP][PASSED] - click: Object: 'Object Repository/Page_KiboPush  Broadcast/a_Use Template' is clicked on

2018-08-07 23:04:21 - [MESSAGE][PASSED] - Object: 'Object Repository/Page_KiboPush  Broadcast/a_Use Template' is clicked on

2018-08-07 23:04:21 - [TEST_STEP][PASSED] - custom.newKeyword.clickUsingJS: custom.newKeyword.clickUsingJS is PASSED

2018-08-07 23:04:21 - [MESSAGE][PASSED] - custom.newKeyword.clickUsingJS is PASSED

2018-08-07 23:04:21 - [TEST_STEP][PASSED] - click: Object: 'Object Repository/Page_KiboPush  Create Broadcast/div_Broadcast TargetingTextIma' is clicked on

2018-08-07 23:04:21 - [MESSAGE][PASSED] - Object: 'Object Repository/Page_KiboPush  Create Broadcast/div_Broadcast TargetingTextIma' is clicked on

2018-08-07 23:04:21 - [TEST_STEP][PASSED] - closeBrowser: Browser is closed

2018-08-07 23:04:21 - [MESSAGE][PASSED] - Browser is closed]]></system-out>
         <system-err><![CDATA[]]></system-err>
      </testcase>
      <testcase name="Test Cases/TC0129" classname="Test Cases/TC0129" status="PASSED">
         <system-out><![CDATA[2018-08-07 23:04:21 - [TEST_CASE][PASSED] - Test Cases/TC0129: Test Cases/TC0129

2018-08-07 23:04:22 - [TEST_STEP][PASSED] - openBrowser: Browser is opened with url: ''

2018-08-07 23:04:23 - [MESSAGE][PASSED] - Browser is opened with url: ''

2018-08-07 23:04:23 - [TEST_STEP][PASSED] - navigateToUrl: Navigate to 'https://staging.kibopush.com/' successfully

2018-08-07 23:04:49 - [MESSAGE][PASSED] - Navigate to 'https://staging.kibopush.com/' successfully

2018-08-07 23:04:49 - [TEST_STEP][PASSED] - click: Object: 'Object Repository/Page_KiboPush  Sign In/a_Login' is clicked on

2018-08-07 23:04:49 - [MESSAGE][PASSED] - Object: 'Object Repository/Page_KiboPush  Sign In/a_Login' is clicked on

2018-08-07 23:04:49 - [TEST_STEP][PASSED] - click: Object: 'Object Repository/Page_KiboPush  Sign In/button_Team Account' is clicked on

2018-08-07 23:04:50 - [MESSAGE][PASSED] - Object: 'Object Repository/Page_KiboPush  Sign In/button_Team Account' is clicked on

2018-08-07 23:04:50 - [TEST_STEP][PASSED] - setText: Text 'kibopush.com' is set on object 'Object Repository/Page_KiboPush  Sign In/input_form-control m-input'

2018-08-07 23:04:50 - [MESSAGE][PASSED] - Text 'kibopush.com' is set on object 'Object Repository/Page_KiboPush  Sign In/input_form-control m-input'

2018-08-07 23:04:50 - [TEST_STEP][PASSED] - setText: Text 'bjafri5@gmail.com' is set on object 'Object Repository/Page_KiboPush  Sign In/input_form-control m-input_1'

2018-08-07 23:04:50 - [MESSAGE][PASSED] - Text 'bjafri5@gmail.com' is set on object 'Object Repository/Page_KiboPush  Sign In/input_form-control m-input_1'

2018-08-07 23:04:50 - [TEST_STEP][PASSED] - setEncryptedText: Text ****** has been set on object 'Object Repository/Page_KiboPush  Sign In/input_form-control m-input_2'

2018-08-07 23:04:50 - [MESSAGE][PASSED] - Text ****** has been set on object 'Object Repository/Page_KiboPush  Sign In/input_form-control m-input_2'

2018-08-07 23:04:50 - [TEST_STEP][PASSED] - click: Object: 'Object Repository/Page_KiboPush  Sign In/button_Sign In' is clicked on

2018-08-07 23:04:50 - [MESSAGE][PASSED] - Object: 'Object Repository/Page_KiboPush  Sign In/button_Sign In' is clicked on

2018-08-07 23:04:50 - [TEST_STEP][PASSED] - click: Object: 'Object Repository/Page_KiboPush  Dashboard/span_Broadcasts' is clicked on

2018-08-07 23:04:54 - [MESSAGE][PASSED] - Object: 'Object Repository/Page_KiboPush  Dashboard/span_Broadcasts' is clicked on

2018-08-07 23:04:54 - [TEST_STEP][PASSED] - click: Object: 'Object Repository/Page_KiboPush  Broadcast/span_Create New Broadcast (1)' is clicked on

2018-08-07 23:04:54 - [MESSAGE][PASSED] - Object: 'Object Repository/Page_KiboPush  Broadcast/span_Create New Broadcast (1)' is clicked on

2018-08-07 23:04:54 - [TEST_STEP][PASSED] - click: Object: 'Object Repository/Page_KiboPush  Broadcast/a_Use Template (1)' is clicked on

2018-08-07 23:04:54 - [MESSAGE][PASSED] - Object: 'Object Repository/Page_KiboPush  Broadcast/a_Use Template (1)' is clicked on

2018-08-07 23:04:54 - [TEST_STEP][PASSED] - selectOptionByValue: All options with value 'Customer Behavior' are selected in object 'Object Repository/Page_KiboPush  Broadcast/select_Filter by Category...Al'  using regular expression

2018-08-07 23:04:56 - [MESSAGE][PASSED] - All options with value 'Customer Behavior' are selected in object 'Object Repository/Page_KiboPush  Broadcast/select_Filter by Category...Al'  using regular expression

2018-08-07 23:04:56 - [TEST_STEP][PASSED] - click: Object: 'Object Repository/Page_KiboPush  Broadcast/span_Category Customer Behavio' is clicked on

2018-08-07 23:04:56 - [MESSAGE][PASSED] - Object: 'Object Repository/Page_KiboPush  Broadcast/span_Category Customer Behavio' is clicked on

2018-08-07 23:04:56 - [TEST_STEP][PASSED] - selectOptionByValue: All options with value 'Product Use' are selected in object 'Object Repository/Page_KiboPush  Broadcast/select_Filter by Category...Al'  using regular expression

2018-08-07 23:04:56 - [MESSAGE][PASSED] - All options with value 'Product Use' are selected in object 'Object Repository/Page_KiboPush  Broadcast/select_Filter by Category...Al'  using regular expression

2018-08-07 23:04:56 - [TEST_STEP][PASSED] - click: Object: 'Object Repository/Page_KiboPush  Broadcast/span_Category Product Use' is clicked on

2018-08-07 23:04:56 - [MESSAGE][PASSED] - Object: 'Object Repository/Page_KiboPush  Broadcast/span_Category Product Use' is clicked on

2018-08-07 23:04:56 - [TEST_STEP][PASSED] - selectOptionByValue: All options with value 'Entertain and Engage' are selected in object 'Object Repository/Page_KiboPush  Broadcast/select_Filter by Category...Al'  using regular expression

2018-08-07 23:04:57 - [MESSAGE][PASSED] - All options with value 'Entertain and Engage' are selected in object 'Object Repository/Page_KiboPush  Broadcast/select_Filter by Category...Al'  using regular expression

2018-08-07 23:04:57 - [TEST_STEP][PASSED] - click: Object: 'Object Repository/Page_KiboPush  Broadcast/span_Category Entertain and En' is clicked on

2018-08-07 23:04:57 - [MESSAGE][PASSED] - Object: 'Object Repository/Page_KiboPush  Broadcast/span_Category Entertain and En' is clicked on

2018-08-07 23:04:57 - [TEST_STEP][PASSED] - closeBrowser: Browser is closed

2018-08-07 23:04:57 - [MESSAGE][PASSED] - Browser is closed]]></system-out>
         <system-err><![CDATA[]]></system-err>
      </testcase>
      <testcase name="Test Cases/TC0130" classname="Test Cases/TC0130" status="FAILED">
         <failure type="FAILED" message="Unable to set text 'TitleX' of object 'Object Repository/Page_KiboPush  Create Broadcast/input_form-control' (Root cause: com.kms.katalon.core.webui.exception.WebElementNotFoundException: Web element with id: 'Object Repository/Page_KiboPush  Create Broadcast/input_form-control' located by 'By.xpath: //input[@type = 'text' and @placeholder = 'Enter button title']' not found)"/>
         <system-out><![CDATA[2018-08-07 23:04:57 - [TEST_CASE][FAILED] - Test Cases/TC0130: Test Cases/TC0130 FAILED because (of) Unable to set text 'TitleX' of object 'Object Repository/Page_KiboPush  Create Broadcast/input_form-control' (Root cause: com.kms.katalon.core.webui.exception.WebElementNotFoundException: Web element with id: 'Object Repository/Page_KiboPush  Create Broadcast/input_form-control' located by 'By.xpath: //input[@type = 'text' and @placeholder = 'Enter button title']' not found)

2018-08-07 23:04:57 - [TEST_STEP][PASSED] - openBrowser: Browser is opened with url: ''

2018-08-07 23:04:58 - [MESSAGE][PASSED] - Browser is opened with url: ''

2018-08-07 23:04:58 - [TEST_STEP][PASSED] - navigateToUrl: Navigate to 'https://staging.kibopush.com/' successfully

2018-08-07 23:05:12 - [MESSAGE][PASSED] - Navigate to 'https://staging.kibopush.com/' successfully

2018-08-07 23:05:12 - [TEST_STEP][PASSED] - click: Object: 'Object Repository/Page_KiboPush  Sign In/a_Login' is clicked on

2018-08-07 23:05:12 - [MESSAGE][PASSED] - Object: 'Object Repository/Page_KiboPush  Sign In/a_Login' is clicked on

2018-08-07 23:05:12 - [TEST_STEP][PASSED] - click: Object: 'Object Repository/Page_KiboPush  Sign In/button_Team Account' is clicked on

2018-08-07 23:05:12 - [MESSAGE][PASSED] - Object: 'Object Repository/Page_KiboPush  Sign In/button_Team Account' is clicked on

2018-08-07 23:05:12 - [TEST_STEP][PASSED] - setText: Text 'kibopush.com' is set on object 'Object Repository/Page_KiboPush  Sign In/input_form-control m-input'

2018-08-07 23:05:12 - [MESSAGE][PASSED] - Text 'kibopush.com' is set on object 'Object Repository/Page_KiboPush  Sign In/input_form-control m-input'

2018-08-07 23:05:12 - [TEST_STEP][PASSED] - setText: Text 'bjafri5@gmail.com' is set on object 'Object Repository/Page_KiboPush  Sign In/input_form-control m-input_1'

2018-08-07 23:05:13 - [MESSAGE][PASSED] - Text 'bjafri5@gmail.com' is set on object 'Object Repository/Page_KiboPush  Sign In/input_form-control m-input_1'

2018-08-07 23:05:13 - [TEST_STEP][PASSED] - setEncryptedText: Text ****** has been set on object 'Object Repository/Page_KiboPush  Sign In/input_form-control m-input_2'

2018-08-07 23:05:13 - [MESSAGE][PASSED] - Text ****** has been set on object 'Object Repository/Page_KiboPush  Sign In/input_form-control m-input_2'

2018-08-07 23:05:13 - [TEST_STEP][PASSED] - click: Object: 'Object Repository/Page_KiboPush  Sign In/button_Sign In' is clicked on

2018-08-07 23:05:13 - [MESSAGE][PASSED] - Object: 'Object Repository/Page_KiboPush  Sign In/button_Sign In' is clicked on

2018-08-07 23:05:13 - [TEST_STEP][PASSED] - click: Object: 'Object Repository/Page_KiboPush  Dashboard/span_Broadcasts' is clicked on

2018-08-07 23:05:16 - [MESSAGE][PASSED] - Object: 'Object Repository/Page_KiboPush  Dashboard/span_Broadcasts' is clicked on

2018-08-07 23:05:16 - [TEST_STEP][PASSED] - click: Object: 'Object Repository/Page_KiboPush  Broadcast/button_Create New Broadcast' is clicked on

2018-08-07 23:05:16 - [MESSAGE][PASSED] - Object: 'Object Repository/Page_KiboPush  Broadcast/button_Create New Broadcast' is clicked on

2018-08-07 23:05:16 - [TEST_STEP][PASSED] - click: Object: 'Object Repository/Page_KiboPush  Broadcast/a_Use Template' is clicked on

2018-08-07 23:05:16 - [MESSAGE][PASSED] - Object: 'Object Repository/Page_KiboPush  Broadcast/a_Use Template' is clicked on

2018-08-07 23:05:16 - [TEST_STEP][PASSED] - click: Object: 'Object Repository/Page_KiboPush  Create Broadcast/a_Edit Template' is clicked on

2018-08-07 23:05:17 - [MESSAGE][PASSED] - Object: 'Object Repository/Page_KiboPush  Create Broadcast/a_Edit Template' is clicked on

2018-08-07 23:05:17 - [TEST_STEP][FAILED] - setText: Unable to set text 'TitleX' of object 'Object Repository/Page_KiboPush  Create Broadcast/input_form-control' (Root cause: com.kms.katalon.core.webui.exception.WebElementNotFoundException: Web element with id: 'Object Repository/Page_KiboPush  Create Broadcast/input_form-control' located by 'By.xpath: //input[@type = 'text' and @placeholder = 'Enter button title']' not found)

2018-08-07 23:05:50 - [MESSAGE][FAILED] - Unable to set text 'TitleX' of object 'Object Repository/Page_KiboPush  Create Broadcast/input_form-control' (Root cause: com.kms.katalon.core.webui.exception.WebElementNotFoundException: Web element with id: 'Object Repository/Page_KiboPush  Create Broadcast/input_form-control' located by 'By.xpath: //input[@type = 'text' and @placeholder = 'Enter button title']' not found)
[[ATTACHMENT|/Users/baqarjafri/Katalon Studio/KiboPush/Reports/KiboPush Broadcasts/20180807_225150/1533665149589.png]]]]></system-out>
         <system-err><![CDATA[2018-08-07 23:04:57 - [TEST_CASE][FAILED] - Test Cases/TC0130: Test Cases/TC0130 FAILED because (of) Unable to set text 'TitleX' of object 'Object Repository/Page_KiboPush  Create Broadcast/input_form-control' (Root cause: com.kms.katalon.core.webui.exception.WebElementNotFoundException: Web element with id: 'Object Repository/Page_KiboPush  Create Broadcast/input_form-control' located by 'By.xpath: //input[@type = 'text' and @placeholder = 'Enter button title']' not found)]]></system-err>
      </testcase>
      <testcase name="Test Cases/TC0131" classname="Test Cases/TC0131" status="PASSED">
         <system-out><![CDATA[2018-08-07 23:05:50 - [TEST_CASE][PASSED] - Test Cases/TC0131: Test Cases/TC0131

2018-08-07 23:05:50 - [TEST_STEP][PASSED] - openBrowser: Browser is opened with url: ''

2018-08-07 23:05:50 - [MESSAGE][WARNING] - A browser is already opened. Closing browser and opening a new one

2018-08-07 23:05:52 - [MESSAGE][PASSED] - Browser is opened with url: ''

2018-08-07 23:05:52 - [TEST_STEP][PASSED] - navigateToUrl: Navigate to 'https://staging.kibopush.com/' successfully

2018-08-07 23:06:05 - [MESSAGE][PASSED] - Navigate to 'https://staging.kibopush.com/' successfully

2018-08-07 23:06:05 - [TEST_STEP][PASSED] - click: Object: 'Object Repository/Page_KiboPush  Sign In/a_Login' is clicked on

2018-08-07 23:06:05 - [MESSAGE][PASSED] - Object: 'Object Repository/Page_KiboPush  Sign In/a_Login' is clicked on

2018-08-07 23:06:05 - [TEST_STEP][PASSED] - click: Object: 'Object Repository/Page_KiboPush  Sign In/button_Team Account' is clicked on

2018-08-07 23:06:05 - [MESSAGE][PASSED] - Object: 'Object Repository/Page_KiboPush  Sign In/button_Team Account' is clicked on

2018-08-07 23:06:05 - [TEST_STEP][PASSED] - setText: Text 'kibopush.com' is set on object 'Object Repository/Page_KiboPush  Sign In/input_form-control m-input'

2018-08-07 23:06:06 - [MESSAGE][PASSED] - Text 'kibopush.com' is set on object 'Object Repository/Page_KiboPush  Sign In/input_form-control m-input'

2018-08-07 23:06:06 - [TEST_STEP][PASSED] - setText: Text 'bjafri5@gmail.com' is set on object 'Object Repository/Page_KiboPush  Sign In/input_form-control m-input_1'

2018-08-07 23:06:06 - [MESSAGE][PASSED] - Text 'bjafri5@gmail.com' is set on object 'Object Repository/Page_KiboPush  Sign In/input_form-control m-input_1'

2018-08-07 23:06:06 - [TEST_STEP][PASSED] - setEncryptedText: Text ****** has been set on object 'Object Repository/Page_KiboPush  Sign In/input_form-control m-input_2'

2018-08-07 23:06:06 - [MESSAGE][PASSED] - Text ****** has been set on object 'Object Repository/Page_KiboPush  Sign In/input_form-control m-input_2'

2018-08-07 23:06:06 - [TEST_STEP][PASSED] - click: Object: 'Object Repository/Page_KiboPush  Sign In/button_Sign In' is clicked on

2018-08-07 23:06:06 - [MESSAGE][PASSED] - Object: 'Object Repository/Page_KiboPush  Sign In/button_Sign In' is clicked on

2018-08-07 23:06:06 - [TEST_STEP][PASSED] - click: Object: 'Object Repository/Page_KiboPush  Dashboard/span_Broadcasts' is clicked on

2018-08-07 23:06:09 - [MESSAGE][PASSED] - Object: 'Object Repository/Page_KiboPush  Dashboard/span_Broadcasts' is clicked on

2018-08-07 23:06:09 - [TEST_STEP][PASSED] - click: Object: 'Object Repository/Page_KiboPush  Broadcast/span_Create New Broadcast' is clicked on

2018-08-07 23:06:09 - [MESSAGE][PASSED] - Object: 'Object Repository/Page_KiboPush  Broadcast/span_Create New Broadcast' is clicked on

2018-08-07 23:06:09 - [TEST_STEP][PASSED] - click: Object: 'Object Repository/Page_KiboPush  Broadcast/a_Create New Broadcast' is clicked on

2018-08-07 23:06:10 - [MESSAGE][PASSED] - Object: 'Object Repository/Page_KiboPush  Broadcast/a_Create New Broadcast' is clicked on

2018-08-07 23:06:10 - [TEST_STEP][PASSED] - custom.newKeyword.clickUsingJS: custom.newKeyword.clickUsingJS is PASSED

2018-08-07 23:06:10 - [MESSAGE][PASSED] - custom.newKeyword.clickUsingJS is PASSED

2018-08-07 23:06:10 - [TEST_STEP][PASSED] - setText: Text 'T' is set on object 'Object Repository/Page_KiboPush  Create Broadcast/textarea_hoverbordersolid form'

2018-08-07 23:06:10 - [MESSAGE][PASSED] - Text 'T' is set on object 'Object Repository/Page_KiboPush  Create Broadcast/textarea_hoverbordersolid form'

2018-08-07 23:06:10 - [TEST_STEP][PASSED] - setText: Text 'Te' is set on object 'Object Repository/Page_KiboPush  Create Broadcast/textarea_T'

2018-08-07 23:06:10 - [MESSAGE][PASSED] - Text 'Te' is set on object 'Object Repository/Page_KiboPush  Create Broadcast/textarea_T'

2018-08-07 23:06:10 - [TEST_STEP][PASSED] - setText: Text 'Tex' is set on object 'Object Repository/Page_KiboPush  Create Broadcast/textarea_Te'

2018-08-07 23:06:10 - [MESSAGE][PASSED] - Text 'Tex' is set on object 'Object Repository/Page_KiboPush  Create Broadcast/textarea_Te'

2018-08-07 23:06:10 - [TEST_STEP][PASSED] - setText: Text 'Text' is set on object 'Object Repository/Page_KiboPush  Create Broadcast/textarea_Tex'

2018-08-07 23:06:11 - [MESSAGE][PASSED] - Text 'Text' is set on object 'Object Repository/Page_KiboPush  Create Broadcast/textarea_Tex'

2018-08-07 23:06:11 - [TEST_STEP][PASSED] - closeBrowser: Browser is closed

2018-08-07 23:06:11 - [MESSAGE][PASSED] - Browser is closed]]></system-out>
         <system-err><![CDATA[]]></system-err>
      </testcase>
      <testcase name="Test Cases/TC0132" classname="Test Cases/TC0132" status="PASSED">
         <system-out><![CDATA[2018-08-07 23:06:11 - [TEST_CASE][PASSED] - Test Cases/TC0132: Test Cases/TC0132

2018-08-07 23:06:11 - [TEST_STEP][PASSED] - openBrowser: Browser is opened with url: ''

2018-08-07 23:06:12 - [MESSAGE][PASSED] - Browser is opened with url: ''

2018-08-07 23:06:12 - [TEST_STEP][PASSED] - navigateToUrl: Navigate to 'https://staging.kibopush.com/' successfully

2018-08-07 23:06:26 - [MESSAGE][PASSED] - Navigate to 'https://staging.kibopush.com/' successfully

2018-08-07 23:06:26 - [TEST_STEP][PASSED] - click: Object: 'Object Repository/Page_KiboPush  Sign In/a_Login' is clicked on

2018-08-07 23:06:26 - [MESSAGE][PASSED] - Object: 'Object Repository/Page_KiboPush  Sign In/a_Login' is clicked on

2018-08-07 23:06:26 - [TEST_STEP][PASSED] - click: Object: 'Object Repository/Page_KiboPush  Sign In/button_Team Account' is clicked on

2018-08-07 23:06:26 - [MESSAGE][PASSED] - Object: 'Object Repository/Page_KiboPush  Sign In/button_Team Account' is clicked on

2018-08-07 23:06:26 - [TEST_STEP][PASSED] - setText: Text 'kibopush.com' is set on object 'Object Repository/Page_KiboPush  Sign In/input_form-control m-input'

2018-08-07 23:06:26 - [MESSAGE][PASSED] - Text 'kibopush.com' is set on object 'Object Repository/Page_KiboPush  Sign In/input_form-control m-input'

2018-08-07 23:06:26 - [TEST_STEP][PASSED] - setText: Text 'bjafri5@gmail.com' is set on object 'Object Repository/Page_KiboPush  Sign In/input_form-control m-input_1'

2018-08-07 23:06:26 - [MESSAGE][PASSED] - Text 'bjafri5@gmail.com' is set on object 'Object Repository/Page_KiboPush  Sign In/input_form-control m-input_1'

2018-08-07 23:06:26 - [TEST_STEP][PASSED] - setEncryptedText: Text ****** has been set on object 'Object Repository/Page_KiboPush  Sign In/input_form-control m-input_2'

2018-08-07 23:06:27 - [MESSAGE][PASSED] - Text ****** has been set on object 'Object Repository/Page_KiboPush  Sign In/input_form-control m-input_2'

2018-08-07 23:06:27 - [TEST_STEP][PASSED] - click: Object: 'Object Repository/Page_KiboPush  Sign In/button_Sign In' is clicked on

2018-08-07 23:06:27 - [MESSAGE][PASSED] - Object: 'Object Repository/Page_KiboPush  Sign In/button_Sign In' is clicked on

2018-08-07 23:06:27 - [TEST_STEP][PASSED] - click: Object: 'Object Repository/Page_KiboPush  Dashboard/span_Broadcasts' is clicked on

2018-08-07 23:06:30 - [MESSAGE][PASSED] - Object: 'Object Repository/Page_KiboPush  Dashboard/span_Broadcasts' is clicked on

2018-08-07 23:06:30 - [TEST_STEP][PASSED] - click: Object: 'Object Repository/Page_KiboPush  Broadcast/span_Create New Broadcast' is clicked on

2018-08-07 23:06:30 - [MESSAGE][PASSED] - Object: 'Object Repository/Page_KiboPush  Broadcast/span_Create New Broadcast' is clicked on

2018-08-07 23:06:30 - [TEST_STEP][PASSED] - click: Object: 'Object Repository/Page_KiboPush  Broadcast/a_Create New Broadcast' is clicked on

2018-08-07 23:06:30 - [MESSAGE][PASSED] - Object: 'Object Repository/Page_KiboPush  Broadcast/a_Create New Broadcast' is clicked on

2018-08-07 23:06:30 - [TEST_STEP][PASSED] - custom.newKeyword.clickUsingJS: custom.newKeyword.clickUsingJS is PASSED

2018-08-07 23:06:30 - [MESSAGE][PASSED] - custom.newKeyword.clickUsingJS is PASSED

2018-08-07 23:06:30 - [TEST_STEP][PASSED] - click: Object: 'Object Repository/Page_KiboPush  Create Broadcast/button_Next' is clicked on

2018-08-07 23:06:31 - [MESSAGE][PASSED] - Object: 'Object Repository/Page_KiboPush  Create Broadcast/button_Next' is clicked on

2018-08-07 23:06:31 - [TEST_STEP][PASSED] - click: Object: 'Object Repository/Page_KiboPush  Create Broadcast/div_Text cannot be empty' is clicked on

2018-08-07 23:06:31 - [MESSAGE][PASSED] - Object: 'Object Repository/Page_KiboPush  Create Broadcast/div_Text cannot be empty' is clicked on

2018-08-07 23:06:31 - [TEST_STEP][PASSED] - setText: Text 'X' is set on object 'Object Repository/Page_KiboPush  Create Broadcast/textarea_hoverbordersolid form (1)'

2018-08-07 23:06:31 - [MESSAGE][PASSED] - Text 'X' is set on object 'Object Repository/Page_KiboPush  Create Broadcast/textarea_hoverbordersolid form (1)'

2018-08-07 23:06:31 - [TEST_STEP][PASSED] - closeBrowser: Browser is closed

2018-08-07 23:06:31 - [MESSAGE][PASSED] - Browser is closed]]></system-out>
         <system-err><![CDATA[]]></system-err>
      </testcase>
      <testcase name="Test Cases/TC0133" classname="Test Cases/TC0133" status="FAILED">
         <failure type="FAILED" message="Unable to click on object 'Object Repository/Page_KiboPush  Create Broadcast/div_Text' (Root cause: org.openqa.selenium.WebDriverException: unknown error: Element &lt;div class=&quot;col-3&quot;>...&lt;/div> is not clickable at point (353, 442). Other element would receive the click: &lt;div style=&quot;opacity: 0; overflow-y: auto; position: absolute; top: 0px; left: 0px; height: 100%; width: 100%; transition: opacity 0.3s; cursor: pointer;&quot;>...&lt;/div>
  (Session info: chrome=67.0.3396.99)
  (Driver info: chromedriver=2.35.528157 (4429ca2590d6988c0745c24c8858745aaaec01ef),platform=Mac OS X 10.13.1 x86_64) (WARNING: The server did not provide any stacktrace information)
Command duration or timeout: 0 milliseconds
Build info: version: '3.7.1', revision: '8a0099a', time: '2017-11-06T21:07:36.161Z'
System info: host: 'Baqars-MBP', ip: 'fe80:0:0:0:86b:36f2:e832:f5d1%en0', os.name: 'Mac OS X', os.arch: 'x86_64', os.version: '10.13.1', java.version: '1.8.0_102'
Driver info: com.kms.katalon.selenium.driver.CChromeDriver
Capabilities {acceptInsecureCerts: false, acceptSslCerts: false, applicationCacheEnabled: false, browserConnectionEnabled: false, browserName: chrome, chrome: {chromedriverVersion: 2.35.528157 (4429ca2590d698..., userDataDir: /var/folders/d9/974yd97x407...}, cssSelectorsEnabled: true, databaseEnabled: false, handlesAlerts: true, hasTouchScreen: false, javascriptEnabled: true, locationContextEnabled: true, mobileEmulationEnabled: false, nativeEvents: true, networkConnectionEnabled: false, pageLoadStrategy: normal, platform: MAC, platformName: MAC, rotatable: false, setWindowRect: true, takesHeapSnapshot: true, takesScreenshot: true, unexpectedAlertBehaviour: , unhandledPromptBehavior: , version: 67.0.3396.99, webStorageEnabled: true}
Session ID: 30d577c5f9677bcca1a287bf30fedc3b)"/>
         <system-out><![CDATA[2018-08-07 23:06:31 - [TEST_CASE][FAILED] - Test Cases/TC0133: Test Cases/TC0133 FAILED because (of) Unable to click on object 'Object Repository/Page_KiboPush  Create Broadcast/div_Text' (Root cause: org.openqa.selenium.WebDriverException: unknown error: Element <div class="col-3">...</div> is not clickable at point (353, 442). Other element would receive the click: <div style="opacity: 0; overflow-y: auto; position: absolute; top: 0px; left: 0px; height: 100%; width: 100%; transition: opacity 0.3s; cursor: pointer;">...</div>
  (Session info: chrome=67.0.3396.99)
  (Driver info: chromedriver=2.35.528157 (4429ca2590d6988c0745c24c8858745aaaec01ef),platform=Mac OS X 10.13.1 x86_64) (WARNING: The server did not provide any stacktrace information)
Command duration or timeout: 0 milliseconds
Build info: version: '3.7.1', revision: '8a0099a', time: '2017-11-06T21:07:36.161Z'
System info: host: 'Baqars-MBP', ip: 'fe80:0:0:0:86b:36f2:e832:f5d1%en0', os.name: 'Mac OS X', os.arch: 'x86_64', os.version: '10.13.1', java.version: '1.8.0_102'
Driver info: com.kms.katalon.selenium.driver.CChromeDriver
Capabilities {acceptInsecureCerts: false, acceptSslCerts: false, applicationCacheEnabled: false, browserConnectionEnabled: false, browserName: chrome, chrome: {chromedriverVersion: 2.35.528157 (4429ca2590d698..., userDataDir: /var/folders/d9/974yd97x407...}, cssSelectorsEnabled: true, databaseEnabled: false, handlesAlerts: true, hasTouchScreen: false, javascriptEnabled: true, locationContextEnabled: true, mobileEmulationEnabled: false, nativeEvents: true, networkConnectionEnabled: false, pageLoadStrategy: normal, platform: MAC, platformName: MAC, rotatable: false, setWindowRect: true, takesHeapSnapshot: true, takesScreenshot: true, unexpectedAlertBehaviour: , unhandledPromptBehavior: , version: 67.0.3396.99, webStorageEnabled: true}
Session ID: 30d577c5f9677bcca1a287bf30fedc3b)

2018-08-07 23:06:31 - [TEST_STEP][PASSED] - openBrowser: Browser is opened with url: ''

2018-08-07 23:06:32 - [MESSAGE][PASSED] - Browser is opened with url: ''

2018-08-07 23:06:32 - [TEST_STEP][PASSED] - navigateToUrl: Navigate to 'https://staging.kibopush.com/' successfully

2018-08-07 23:06:46 - [MESSAGE][PASSED] - Navigate to 'https://staging.kibopush.com/' successfully

2018-08-07 23:06:46 - [TEST_STEP][PASSED] - click: Object: 'Object Repository/Page_KiboPush  Sign In/a_Login' is clicked on

2018-08-07 23:06:46 - [MESSAGE][PASSED] - Object: 'Object Repository/Page_KiboPush  Sign In/a_Login' is clicked on

2018-08-07 23:06:46 - [TEST_STEP][PASSED] - click: Object: 'Object Repository/Page_KiboPush  Sign In/button_Team Account' is clicked on

2018-08-07 23:06:46 - [MESSAGE][PASSED] - Object: 'Object Repository/Page_KiboPush  Sign In/button_Team Account' is clicked on

2018-08-07 23:06:46 - [TEST_STEP][PASSED] - setText: Text 'kibopush.com' is set on object 'Object Repository/Page_KiboPush  Sign In/input_form-control m-input'

2018-08-07 23:06:46 - [MESSAGE][PASSED] - Text 'kibopush.com' is set on object 'Object Repository/Page_KiboPush  Sign In/input_form-control m-input'

2018-08-07 23:06:46 - [TEST_STEP][PASSED] - setText: Text 'bjafri5@gmail.com' is set on object 'Object Repository/Page_KiboPush  Sign In/input_form-control m-input_1'

2018-08-07 23:06:47 - [MESSAGE][PASSED] - Text 'bjafri5@gmail.com' is set on object 'Object Repository/Page_KiboPush  Sign In/input_form-control m-input_1'

2018-08-07 23:06:47 - [TEST_STEP][PASSED] - setEncryptedText: Text ****** has been set on object 'Object Repository/Page_KiboPush  Sign In/input_form-control m-input_2'

2018-08-07 23:06:47 - [MESSAGE][PASSED] - Text ****** has been set on object 'Object Repository/Page_KiboPush  Sign In/input_form-control m-input_2'

2018-08-07 23:06:47 - [TEST_STEP][PASSED] - click: Object: 'Object Repository/Page_KiboPush  Sign In/button_Sign In' is clicked on

2018-08-07 23:06:47 - [MESSAGE][PASSED] - Object: 'Object Repository/Page_KiboPush  Sign In/button_Sign In' is clicked on

2018-08-07 23:06:47 - [TEST_STEP][PASSED] - click: Object: 'Object Repository/Page_KiboPush  Dashboard/span_Broadcasts' is clicked on

2018-08-07 23:06:50 - [MESSAGE][PASSED] - Object: 'Object Repository/Page_KiboPush  Dashboard/span_Broadcasts' is clicked on

2018-08-07 23:06:50 - [TEST_STEP][PASSED] - click: Object: 'Object Repository/Page_KiboPush  Broadcast/span_Create New Broadcast' is clicked on

2018-08-07 23:06:50 - [MESSAGE][PASSED] - Object: 'Object Repository/Page_KiboPush  Broadcast/span_Create New Broadcast' is clicked on

2018-08-07 23:06:50 - [TEST_STEP][PASSED] - click: Object: 'Object Repository/Page_KiboPush  Broadcast/a_Create New Broadcast' is clicked on

2018-08-07 23:06:51 - [MESSAGE][PASSED] - Object: 'Object Repository/Page_KiboPush  Broadcast/a_Create New Broadcast' is clicked on

2018-08-07 23:06:51 - [TEST_STEP][FAILED] - click: Unable to click on object 'Object Repository/Page_KiboPush  Create Broadcast/div_Text' (Root cause: org.openqa.selenium.WebDriverException: unknown error: Element <div class="col-3">...</div> is not clickable at point (353, 442). Other element would receive the click: <div style="opacity: 0; overflow-y: auto; position: absolute; top: 0px; left: 0px; height: 100%; width: 100%; transition: opacity 0.3s; cursor: pointer;">...</div>
  (Session info: chrome=67.0.3396.99)
  (Driver info: chromedriver=2.35.528157 (4429ca2590d6988c0745c24c8858745aaaec01ef),platform=Mac OS X 10.13.1 x86_64) (WARNING: The server did not provide any stacktrace information)
Command duration or timeout: 0 milliseconds
Build info: version: '3.7.1', revision: '8a0099a', time: '2017-11-06T21:07:36.161Z'
System info: host: 'Baqars-MBP', ip: 'fe80:0:0:0:86b:36f2:e832:f5d1%en0', os.name: 'Mac OS X', os.arch: 'x86_64', os.version: '10.13.1', java.version: '1.8.0_102'
Driver info: com.kms.katalon.selenium.driver.CChromeDriver
Capabilities {acceptInsecureCerts: false, acceptSslCerts: false, applicationCacheEnabled: false, browserConnectionEnabled: false, browserName: chrome, chrome: {chromedriverVersion: 2.35.528157 (4429ca2590d698..., userDataDir: /var/folders/d9/974yd97x407...}, cssSelectorsEnabled: true, databaseEnabled: false, handlesAlerts: true, hasTouchScreen: false, javascriptEnabled: true, locationContextEnabled: true, mobileEmulationEnabled: false, nativeEvents: true, networkConnectionEnabled: false, pageLoadStrategy: normal, platform: MAC, platformName: MAC, rotatable: false, setWindowRect: true, takesHeapSnapshot: true, takesScreenshot: true, unexpectedAlertBehaviour: , unhandledPromptBehavior: , version: 67.0.3396.99, webStorageEnabled: true}
Session ID: 30d577c5f9677bcca1a287bf30fedc3b)

2018-08-07 23:06:51 - [MESSAGE][FAILED] - Unable to click on object 'Object Repository/Page_KiboPush  Create Broadcast/div_Text' (Root cause: org.openqa.selenium.WebDriverException: unknown error: Element <div class="col-3">...</div> is not clickable at point (353, 442). Other element would receive the click: <div style="opacity: 0; overflow-y: auto; position: absolute; top: 0px; left: 0px; height: 100%; width: 100%; transition: opacity 0.3s; cursor: pointer;">...</div>
  (Session info: chrome=67.0.3396.99)
  (Driver info: chromedriver=2.35.528157 (4429ca2590d6988c0745c24c8858745aaaec01ef),platform=Mac OS X 10.13.1 x86_64) (WARNING: The server did not provide any stacktrace information)
Command duration or timeout: 0 milliseconds
Build info: version: '3.7.1', revision: '8a0099a', time: '2017-11-06T21:07:36.161Z'
System info: host: 'Baqars-MBP', ip: 'fe80:0:0:0:86b:36f2:e832:f5d1%en0', os.name: 'Mac OS X', os.arch: 'x86_64', os.version: '10.13.1', java.version: '1.8.0_102'
Driver info: com.kms.katalon.selenium.driver.CChromeDriver
Capabilities {acceptInsecureCerts: false, acceptSslCerts: false, applicationCacheEnabled: false, browserConnectionEnabled: false, browserName: chrome, chrome: {chromedriverVersion: 2.35.528157 (4429ca2590d698..., userDataDir: /var/folders/d9/974yd97x407...}, cssSelectorsEnabled: true, databaseEnabled: false, handlesAlerts: true, hasTouchScreen: false, javascriptEnabled: true, locationContextEnabled: true, mobileEmulationEnabled: false, nativeEvents: true, networkConnectionEnabled: false, pageLoadStrategy: normal, platform: MAC, platformName: MAC, rotatable: false, setWindowRect: true, takesHeapSnapshot: true, takesScreenshot: true, unexpectedAlertBehaviour: , unhandledPromptBehavior: , version: 67.0.3396.99, webStorageEnabled: true}
Session ID: 30d577c5f9677bcca1a287bf30fedc3b)
[[ATTACHMENT|/Users/baqarjafri/Katalon Studio/KiboPush/Reports/KiboPush Broadcasts/20180807_225150/1533665211226.png]]]]></system-out>
         <system-err><![CDATA[2018-08-07 23:06:31 - [TEST_CASE][FAILED] - Test Cases/TC0133: Test Cases/TC0133 FAILED because (of) Unable to click on object 'Object Repository/Page_KiboPush  Create Broadcast/div_Text' (Root cause: org.openqa.selenium.WebDriverException: unknown error: Element <div class="col-3">...</div> is not clickable at point (353, 442). Other element would receive the click: <div style="opacity: 0; overflow-y: auto; position: absolute; top: 0px; left: 0px; height: 100%; width: 100%; transition: opacity 0.3s; cursor: pointer;">...</div>
  (Session info: chrome=67.0.3396.99)
  (Driver info: chromedriver=2.35.528157 (4429ca2590d6988c0745c24c8858745aaaec01ef),platform=Mac OS X 10.13.1 x86_64) (WARNING: The server did not provide any stacktrace information)
Command duration or timeout: 0 milliseconds
Build info: version: '3.7.1', revision: '8a0099a', time: '2017-11-06T21:07:36.161Z'
System info: host: 'Baqars-MBP', ip: 'fe80:0:0:0:86b:36f2:e832:f5d1%en0', os.name: 'Mac OS X', os.arch: 'x86_64', os.version: '10.13.1', java.version: '1.8.0_102'
Driver info: com.kms.katalon.selenium.driver.CChromeDriver
Capabilities {acceptInsecureCerts: false, acceptSslCerts: false, applicationCacheEnabled: false, browserConnectionEnabled: false, browserName: chrome, chrome: {chromedriverVersion: 2.35.528157 (4429ca2590d698..., userDataDir: /var/folders/d9/974yd97x407...}, cssSelectorsEnabled: true, databaseEnabled: false, handlesAlerts: true, hasTouchScreen: false, javascriptEnabled: true, locationContextEnabled: true, mobileEmulationEnabled: false, nativeEvents: true, networkConnectionEnabled: false, pageLoadStrategy: normal, platform: MAC, platformName: MAC, rotatable: false, setWindowRect: true, takesHeapSnapshot: true, takesScreenshot: true, unexpectedAlertBehaviour: , unhandledPromptBehavior: , version: 67.0.3396.99, webStorageEnabled: true}
Session ID: 30d577c5f9677bcca1a287bf30fedc3b)]]></system-err>
      </testcase>
      <system-out><![CDATA[2018-08-07 22:51:53 - [TEST_SUITE][FAILED] - KiboPush Broadcasts: Test Cases/TC0112 FAILED because (of) Unable to click on object 'Object Repository/Page_KiboPush  Broadcast/span_card' (Root cause: org.openqa.selenium.StaleElementReferenceException: stale element reference: element is not attached to the page document
  (Session info: chrome=67.0.3396.99)
  (Driver info: chromedriver=2.35.528157 (4429ca2590d6988c0745c24c8858745aaaec01ef),platform=Mac OS X 10.13.1 x86_64) (WARNING: The server did not provide any stacktrace information)
Command duration or timeout: 0 milliseconds
For documentation on this error, please visit: http://seleniumhq.org/exceptions/stale_element_reference.html
Build info: version: '3.7.1', revision: '8a0099a', time: '2017-11-06T21:07:36.161Z'
System info: host: 'Baqars-MBP', ip: 'fe80:0:0:0:86b:36f2:e832:f5d1%en0', os.name: 'Mac OS X', os.arch: 'x86_64', os.version: '10.13.1', java.version: '1.8.0_102'
Driver info: com.kms.katalon.selenium.driver.CChromeDriver
Capabilities {acceptInsecureCerts: false, acceptSslCerts: false, applicationCacheEnabled: false, browserConnectionEnabled: false, browserName: chrome, chrome: {chromedriverVersion: 2.35.528157 (4429ca2590d698..., userDataDir: /var/folders/d9/974yd97x407...}, cssSelectorsEnabled: true, databaseEnabled: false, handlesAlerts: true, hasTouchScreen: false, javascriptEnabled: true, locationContextEnabled: true, mobileEmulationEnabled: false, nativeEvents: true, networkConnectionEnabled: false, pageLoadStrategy: normal, platform: MAC, platformName: MAC, rotatable: false, setWindowRect: true, takesHeapSnapshot: true, takesScreenshot: true, unexpectedAlertBehaviour: , unhandledPromptBehavior: , version: 67.0.3396.99, webStorageEnabled: true}
Session ID: 99b611bbf6cb9a143b02cc1948f4bf40)]]></system-out>
      <system-err><![CDATA[2018-08-07 22:51:53 - [TEST_SUITE][FAILED] - KiboPush Broadcasts: Test Cases/TC0112 FAILED because (of) Unable to click on object 'Object Repository/Page_KiboPush  Broadcast/span_card' (Root cause: org.openqa.selenium.StaleElementReferenceException: stale element reference: element is not attached to the page document
  (Session info: chrome=67.0.3396.99)
  (Driver info: chromedriver=2.35.528157 (4429ca2590d6988c0745c24c8858745aaaec01ef),platform=Mac OS X 10.13.1 x86_64) (WARNING: The server did not provide any stacktrace information)
Command duration or timeout: 0 milliseconds
For documentation on this error, please visit: http://seleniumhq.org/exceptions/stale_element_reference.html
Build info: version: '3.7.1', revision: '8a0099a', time: '2017-11-06T21:07:36.161Z'
System info: host: 'Baqars-MBP', ip: 'fe80:0:0:0:86b:36f2:e832:f5d1%en0', os.name: 'Mac OS X', os.arch: 'x86_64', os.version: '10.13.1', java.version: '1.8.0_102'
Driver info: com.kms.katalon.selenium.driver.CChromeDriver
Capabilities {acceptInsecureCerts: false, acceptSslCerts: false, applicationCacheEnabled: false, browserConnectionEnabled: false, browserName: chrome, chrome: {chromedriverVersion: 2.35.528157 (4429ca2590d698..., userDataDir: /var/folders/d9/974yd97x407...}, cssSelectorsEnabled: true, databaseEnabled: false, handlesAlerts: true, hasTouchScreen: false, javascriptEnabled: true, locationContextEnabled: true, mobileEmulationEnabled: false, nativeEvents: true, networkConnectionEnabled: false, pageLoadStrategy: normal, platform: MAC, platformName: MAC, rotatable: false, setWindowRect: true, takesHeapSnapshot: true, takesScreenshot: true, unexpectedAlertBehaviour: , unhandledPromptBehavior: , version: 67.0.3396.99, webStorageEnabled: true}
Session ID: 99b611bbf6cb9a143b02cc1948f4bf40)]]></system-err>
   </testsuite>
</testsuites>
