<?xml version="1.0" encoding="UTF-8"?>
<testsuites name="ManagePages" time="117" tests="16" failures="0" errors="0">
   <testsuite name="ManagePages" tests="16" failures="0" errors="0" time="117" timestamp="2019-04-21 07:16:35" hostname="faizan - faizan-HP-EliteBook-850-G2" id="Test Suites/Faizan Suits/ManagePages">
      <properties>
         <property name="deviceName" value=""/>
         <property name="devicePlatform" value=""/>
         <property name="logFolder" value="/home/faizan/Drive/KiboPush_Automated_Testing/KiboPush Katalon/Reports/Faizan Suits/ManagePages/20190421_065849"/>
         <property name="logFiles" value="/home/faizan/Drive/KiboPush_Automated_Testing/KiboPush Katalon/Reports/Faizan Suits/ManagePages/20190421_065849/execution0.log"/>
         <property name="attachments" value=""/>
         <property name="hostName" value="faizan - faizan-HP-EliteBook-850-G2"/>
         <property name="os" value="Linux 64bit"/>
         <property name="katalonVersion" value="6.1.2.2"/>
         <property name="browser" value="Chrome 73.0.3683.103"/>
         <property name="hostAddress" value="127.0.1.1"/>
         <property name="sessionId" value="d652ccdc462034d2d356400b162dedff"/>
         <property name="seleniumVersion" value="3.7.1"/>
         <property name="proxyInformation" value="ProxyInformation{proxyOption=NO_PROXY, proxyServerType=HTTP, password=, proxyServerAddress=, proxyServerPort=0}"/>
         <property name="platform" value="Linux"/>
      </properties>
      <testcase name="Test Cases/s-sidebar_navigation/individualAccount/Faizan_production_login_kiboengage" classname="Test Cases/s-sidebar_navigation/individualAccount/Faizan_production_login_kiboengage" status="PASSED">
         <system-out><![CDATA[2019-04-21 07:16:35 - [TEST_CASE][PASSED] - Test Cases/s-sidebar_navigation/individualAccount/Faizan_production_login_kiboengage: Test Cases/s-sidebar_navigation/individualAccount/Faizan_production_login_kiboengage

2019-04-21 07:16:35 - [TEST_STEP][PASSED] - openBrowser(""): Browser is opened with url: ''

2019-04-21 07:16:36 - [MESSAGE][INFO] - Starting 'Chrome' driver

2019-04-21 07:16:36 - [MESSAGE][INFO] - User set preference: ['args', '[--no-sandbox]']

2019-04-21 07:16:36 - [MESSAGE][INFO] - Action delay is set to 0 seconds

2019-04-21 07:16:38 - [MESSAGE][PASSED] - Browser is opened with url: ''

2019-04-21 07:16:38 - [TEST_STEP][PASSED] - maximizeWindow(): Current window maximized

2019-04-21 07:16:38 - [MESSAGE][PASSED] - Current window maximized

2019-04-21 07:16:38 - [TEST_STEP][PASSED] - navigateToUrl("https://kiboengage.cloudkibo.com/"): Navigate to 'https://kiboengage.cloudkibo.com/' successfully

2019-04-21 07:16:45 - [MESSAGE][PASSED] - Navigate to 'https://kiboengage.cloudkibo.com/' successfully

2019-04-21 07:16:45 - [TEST_STEP][PASSED] - navigateToUrl("https://accounts.cloudkibo.com/?continue=https://kiboengage.cloudkibo.com"): Navigate to 'https://accounts.cloudkibo.com/?continue=https://kiboengage.cloudkibo.com' successfully

2019-04-21 07:16:46 - [MESSAGE][PASSED] - Navigate to 'https://accounts.cloudkibo.com/?continue=https://kiboengage.cloudkibo.com' successfully

2019-04-21 07:16:46 - [TEST_STEP][PASSED] - click(findTestObject("Page_CloudKibo/a_Login (2) (1) (1)")): Object: 'Object Repository/Page_CloudKibo/a_Login (2) (1) (1)' is clicked on

2019-04-21 07:16:47 - [MESSAGE][PASSED] - Object: 'Object Repository/Page_CloudKibo/a_Login (2) (1) (1)' is clicked on

2019-04-21 07:16:47 - [TEST_STEP][PASSED] - setText(findTestObject("Page_KiboPush/input_email (10) (1) (1)"), "faizan@cloudkibo.com"): Text 'faizan@cloudkibo.com' is set on object 'Object Repository/Page_KiboPush/input_email (10) (1) (1)'

2019-04-21 07:16:47 - [MESSAGE][PASSED] - Text 'faizan@cloudkibo.com' is set on object 'Object Repository/Page_KiboPush/input_email (10) (1) (1)'

2019-04-21 07:16:47 - [TEST_STEP][PASSED] - setEncryptedText(findTestObject("Page_CloudKibo/input_Sign In_password (7)"), "qeJ0sjJnwEs="): Text ****** has been set on object 'Object Repository/Page_CloudKibo/input_Sign In_password (7)'

2019-04-21 07:16:47 - [MESSAGE][PASSED] - Text ****** has been set on object 'Object Repository/Page_CloudKibo/input_Sign In_password (7)'

2019-04-21 07:16:47 - [TEST_STEP][PASSED] - click(findTestObject("Page_KiboPush/button_Sign In (10) (1) (2)")): Object: 'Object Repository/Page_KiboPush/button_Sign In (10) (1) (2)' is clicked on

2019-04-21 07:16:47 - [MESSAGE][PASSED] - Object: 'Object Repository/Page_KiboPush/button_Sign In (10) (1) (2)' is clicked on

2019-04-21 07:16:47 - [TEST_STEP][PASSED] - navigateToUrl("https://kiboengage.cloudkibo.com/dashboard"): Navigate to 'https://kiboengage.cloudkibo.com/dashboard' successfully

2019-04-21 07:17:13 - [MESSAGE][PASSED] - Navigate to 'https://kiboengage.cloudkibo.com/dashboard' successfully

2019-04-21 07:17:13 - [TEST_STEP][PASSED] - click(findTestObject("Page_KiboPush  Dashboard/h3_Dashboard (57)")): Object: 'Object Repository/Page_KiboPush  Dashboard/h3_Dashboard (57)' is clicked on

2019-04-21 07:17:13 - [MESSAGE][PASSED] - Object: 'Object Repository/Page_KiboPush  Dashboard/h3_Dashboard (57)' is clicked on

2019-04-21 07:17:13 - [TEST_STEP][PASSED] - delay(3): Delayed 3 second(s)

2019-04-21 07:17:16 - [MESSAGE][PASSED] - Delayed 3 second(s)

2019-04-21 07:17:16 - [TEST_STEP][PASSED] - click(findTestObject("Page_KiboEngage  Dashboard/a_SMS (2) (1) (1) (1) (3)")): Object: 'Object Repository/Page_KiboEngage  Dashboard/a_SMS (2) (1) (1) (1) (3)' is clicked on

2019-04-21 07:17:17 - [MESSAGE][PASSED] - Object: 'Object Repository/Page_KiboEngage  Dashboard/a_SMS (2) (1) (1) (1) (3)' is clicked on

2019-04-21 07:17:17 - [TEST_STEP][PASSED] - click(findTestObject("Page_KiboEngage  Dashboard/span_Messenger (1) (1) (1) (3)")): Object: 'Object Repository/Page_KiboEngage  Dashboard/span_Messenger (1) (1) (1) (3)' is clicked on

2019-04-21 07:17:17 - [MESSAGE][PASSED] - Object: 'Object Repository/Page_KiboEngage  Dashboard/span_Messenger (1) (1) (1) (3)' is clicked on]]></system-out>
         <system-err><![CDATA[]]></system-err>
      </testcase>
      <testcase name="Test Cases/Welcome messages/open Manage Pages" classname="Test Cases/Welcome messages/open Manage Pages" status="PASSED">
         <system-out><![CDATA[2019-04-21 07:17:17 - [TEST_CASE][PASSED] - Test Cases/Welcome messages/open Manage Pages: Test Cases/Welcome messages/open Manage Pages

2019-04-21 07:17:17 - [TEST_STEP][PASSED] - click(findTestObject("Page_KiboPush  Dashboard/span_Manage Pages")): Object: 'Object Repository/Page_KiboPush  Dashboard/span_Manage Pages' is clicked on

2019-04-21 07:17:17 - [MESSAGE][PASSED] - Object: 'Object Repository/Page_KiboPush  Dashboard/span_Manage Pages' is clicked on

2019-04-21 07:17:17 - [TEST_STEP][PASSED] - delay(1): Delayed 1 second(s)

2019-04-21 07:17:18 - [MESSAGE][PASSED] - Delayed 1 second(s)]]></system-out>
         <system-err><![CDATA[]]></system-err>
      </testcase>
      <testcase name="Test Cases/Manage Pages TestCases/TC0402" classname="Test Cases/Manage Pages TestCases/TC0402" status="PASSED">
         <system-out><![CDATA[2019-04-21 07:17:18 - [TEST_CASE][PASSED] - Test Cases/Manage Pages TestCases/TC0402: Test Cases/Manage Pages TestCases/TC0402

2019-04-21 07:17:18 - [TEST_STEP][PASSED] - callTestCase(findTestCase("s-sidebar_navigation/individualAccount/Pages"), [:], STOP_ON_FAILURE): Call Test Case 'Test Cases/s-sidebar_navigation/individualAccount/Pages' successfully

2019-04-21 07:17:18 - [TEST_CASE][PASSED] - Test Cases/s-sidebar_navigation/individualAccount/Pages: Test Cases/s-sidebar_navigation/individualAccount/Pages

2019-04-21 07:17:19 - [TEST_STEP][PASSED] - click(findTestObject("Object Repository/Page_KiboEngage  Welcome Message/span_Persistent Menu")): Object: 'Object Repository/Page_KiboEngage  Welcome Message/span_Persistent Menu' is clicked on

2019-04-21 07:17:19 - [MESSAGE][PASSED] - Object: 'Object Repository/Page_KiboEngage  Welcome Message/span_Persistent Menu' is clicked on

2019-04-21 07:17:19 - [TEST_STEP][PASSED] - delay(1): Delayed 1 second(s)

2019-04-21 07:17:20 - [MESSAGE][PASSED] - Delayed 1 second(s)

2019-04-21 07:17:20 - [TEST_STEP][PASSED] - click(findTestObject("Page_KiboPush  Dashboard/span_Pages")): Object: 'Object Repository/Page_KiboPush  Dashboard/span_Pages' is clicked on

2019-04-21 07:17:20 - [MESSAGE][PASSED] - Object: 'Object Repository/Page_KiboPush  Dashboard/span_Pages' is clicked on

2019-04-21 07:17:20 - [TEST_STEP][PASSED] - delay(1): Delayed 1 second(s)

2019-04-21 07:17:21 - [MESSAGE][PASSED] - Delayed 1 second(s)

2019-04-21 07:17:21 - [MESSAGE][PASSED] - Call Test Case 'Test Cases/s-sidebar_navigation/individualAccount/Pages' successfully

2019-04-21 07:17:21 - [TEST_STEP][PASSED] - click(findTestObject("Page_KiboPush  Dashboard/a_documentation (1)")): Object: 'Object Repository/Page_KiboPush  Dashboard/a_documentation (1)' is clicked on

2019-04-21 07:17:21 - [MESSAGE][PASSED] - Object: 'Object Repository/Page_KiboPush  Dashboard/a_documentation (1)' is clicked on]]></system-out>
         <system-err><![CDATA[]]></system-err>
      </testcase>
      <testcase name="Test Cases/Manage Pages TestCases/TC0403" classname="Test Cases/Manage Pages TestCases/TC0403" status="PASSED">
         <system-out><![CDATA[2019-04-21 07:17:21 - [TEST_CASE][PASSED] - Test Cases/Manage Pages TestCases/TC0403: Test Cases/Manage Pages TestCases/TC0403

2019-04-21 07:17:21 - [TEST_STEP][PASSED] - callTestCase(findTestCase("s-sidebar_navigation/individualAccount/Pages"), [:], STOP_ON_FAILURE): Call Test Case 'Test Cases/s-sidebar_navigation/individualAccount/Pages' successfully

2019-04-21 07:17:21 - [TEST_CASE][PASSED] - Test Cases/s-sidebar_navigation/individualAccount/Pages: Test Cases/s-sidebar_navigation/individualAccount/Pages

2019-04-21 07:17:21 - [TEST_STEP][PASSED] - click(findTestObject("Object Repository/Page_KiboEngage  Welcome Message/span_Persistent Menu")): Object: 'Object Repository/Page_KiboEngage  Welcome Message/span_Persistent Menu' is clicked on

2019-04-21 07:17:22 - [MESSAGE][PASSED] - Object: 'Object Repository/Page_KiboEngage  Welcome Message/span_Persistent Menu' is clicked on

2019-04-21 07:17:22 - [TEST_STEP][PASSED] - delay(1): Delayed 1 second(s)

2019-04-21 07:17:23 - [MESSAGE][PASSED] - Delayed 1 second(s)

2019-04-21 07:17:23 - [TEST_STEP][PASSED] - click(findTestObject("Page_KiboPush  Dashboard/span_Pages")): Object: 'Object Repository/Page_KiboPush  Dashboard/span_Pages' is clicked on

2019-04-21 07:17:23 - [MESSAGE][PASSED] - Object: 'Object Repository/Page_KiboPush  Dashboard/span_Pages' is clicked on

2019-04-21 07:17:23 - [TEST_STEP][PASSED] - delay(1): Delayed 1 second(s)

2019-04-21 07:17:24 - [MESSAGE][PASSED] - Delayed 1 second(s)

2019-04-21 07:17:24 - [MESSAGE][PASSED] - Call Test Case 'Test Cases/s-sidebar_navigation/individualAccount/Pages' successfully

2019-04-21 07:17:24 - [TEST_STEP][PASSED] - click(findTestObject("Page_KiboPush  Dashboard/a_video tutorial (1) (1)")): Object: 'Object Repository/Page_KiboPush  Dashboard/a_video tutorial (1) (1)' is clicked on

2019-04-21 07:17:24 - [MESSAGE][PASSED] - Object: 'Object Repository/Page_KiboPush  Dashboard/a_video tutorial (1) (1)' is clicked on]]></system-out>
         <system-err><![CDATA[]]></system-err>
      </testcase>
      <testcase name="Test Cases/Manage Pages TestCases/TC0404" classname="Test Cases/Manage Pages TestCases/TC0404" status="PASSED">
         <system-out><![CDATA[2019-04-21 07:17:24 - [TEST_CASE][PASSED] - Test Cases/Manage Pages TestCases/TC0404: Test Cases/Manage Pages TestCases/TC0404

2019-04-21 07:17:24 - [TEST_STEP][PASSED] - callTestCase(findTestCase("s-sidebar_navigation/individualAccount/Pages"), [:], STOP_ON_FAILURE): Call Test Case 'Test Cases/s-sidebar_navigation/individualAccount/Pages' successfully

2019-04-21 07:17:24 - [TEST_CASE][PASSED] - Test Cases/s-sidebar_navigation/individualAccount/Pages: Test Cases/s-sidebar_navigation/individualAccount/Pages

2019-04-21 07:17:24 - [TEST_STEP][PASSED] - click(findTestObject("Object Repository/Page_KiboEngage  Welcome Message/span_Persistent Menu")): Object: 'Object Repository/Page_KiboEngage  Welcome Message/span_Persistent Menu' is clicked on

2019-04-21 07:17:25 - [MESSAGE][PASSED] - Object: 'Object Repository/Page_KiboEngage  Welcome Message/span_Persistent Menu' is clicked on

2019-04-21 07:17:25 - [TEST_STEP][PASSED] - delay(1): Delayed 1 second(s)

2019-04-21 07:17:26 - [MESSAGE][PASSED] - Delayed 1 second(s)

2019-04-21 07:17:26 - [TEST_STEP][PASSED] - click(findTestObject("Page_KiboPush  Dashboard/span_Pages")): Object: 'Object Repository/Page_KiboPush  Dashboard/span_Pages' is clicked on

2019-04-21 07:17:26 - [MESSAGE][PASSED] - Object: 'Object Repository/Page_KiboPush  Dashboard/span_Pages' is clicked on

2019-04-21 07:17:26 - [TEST_STEP][PASSED] - delay(1): Delayed 1 second(s)

2019-04-21 07:17:27 - [MESSAGE][PASSED] - Delayed 1 second(s)

2019-04-21 07:17:27 - [MESSAGE][PASSED] - Call Test Case 'Test Cases/s-sidebar_navigation/individualAccount/Pages' successfully

2019-04-21 07:17:27 - [TEST_STEP][PASSED] - delay(2): Delayed 2 second(s)

2019-04-21 07:17:29 - [MESSAGE][PASSED] - Delayed 2 second(s)

2019-04-21 07:17:29 - [TEST_STEP][PASSED] - driver = getWebDriver(): null

2019-04-21 07:17:29 - [TEST_STEP][PASSED] - Table = driver.findElements(By.xpath("//table/tbody/tr")): null

2019-04-21 07:17:29 - [TEST_STEP][PASSED] - verifyGreaterThanOrEqual(Table.size(), 1): Actual number '6' is greater than or equal to expected number '1'

2019-04-21 07:17:29 - [MESSAGE][PASSED] - Actual number '6' is greater than or equal to expected number '1'

2019-04-21 07:17:29 - [TEST_STEP][PASSED] - println(Table.size()): null]]></system-out>
         <system-err><![CDATA[]]></system-err>
      </testcase>
      <testcase name="Test Cases/Manage Pages TestCases/TC0405" classname="Test Cases/Manage Pages TestCases/TC0405" status="PASSED">
         <system-out><![CDATA[2019-04-21 07:17:29 - [TEST_CASE][PASSED] - Test Cases/Manage Pages TestCases/TC0405: Test Cases/Manage Pages TestCases/TC0405

2019-04-21 07:17:29 - [TEST_STEP][PASSED] - callTestCase(findTestCase("s-sidebar_navigation/individualAccount/Pages"), [:], STOP_ON_FAILURE): Call Test Case 'Test Cases/s-sidebar_navigation/individualAccount/Pages' successfully

2019-04-21 07:17:29 - [TEST_CASE][PASSED] - Test Cases/s-sidebar_navigation/individualAccount/Pages: Test Cases/s-sidebar_navigation/individualAccount/Pages

2019-04-21 07:17:29 - [TEST_STEP][PASSED] - click(findTestObject("Object Repository/Page_KiboEngage  Welcome Message/span_Persistent Menu")): Object: 'Object Repository/Page_KiboEngage  Welcome Message/span_Persistent Menu' is clicked on

2019-04-21 07:17:29 - [MESSAGE][PASSED] - Object: 'Object Repository/Page_KiboEngage  Welcome Message/span_Persistent Menu' is clicked on

2019-04-21 07:17:29 - [TEST_STEP][PASSED] - delay(1): Delayed 1 second(s)

2019-04-21 07:17:30 - [MESSAGE][PASSED] - Delayed 1 second(s)

2019-04-21 07:17:30 - [TEST_STEP][PASSED] - click(findTestObject("Page_KiboPush  Dashboard/span_Pages")): Object: 'Object Repository/Page_KiboPush  Dashboard/span_Pages' is clicked on

2019-04-21 07:17:31 - [MESSAGE][PASSED] - Object: 'Object Repository/Page_KiboPush  Dashboard/span_Pages' is clicked on

2019-04-21 07:17:31 - [TEST_STEP][PASSED] - delay(1): Delayed 1 second(s)

2019-04-21 07:17:32 - [MESSAGE][PASSED] - Delayed 1 second(s)

2019-04-21 07:17:32 - [MESSAGE][PASSED] - Call Test Case 'Test Cases/s-sidebar_navigation/individualAccount/Pages' successfully

2019-04-21 07:17:32 - [TEST_STEP][PASSED] - setText(findTestObject("Object Repository/Page_KiboEngage  Page/input_generalSearch"), "production new"): Text 'production new' is set on object 'Object Repository/Page_KiboEngage  Page/input_generalSearch'

2019-04-21 07:17:32 - [MESSAGE][PASSED] - Text 'production new' is set on object 'Object Repository/Page_KiboEngage  Page/input_generalSearch'

2019-04-21 07:17:32 - [TEST_STEP][PASSED] - delay(2): Delayed 2 second(s)

2019-04-21 07:17:34 - [MESSAGE][PASSED] - Delayed 2 second(s)

2019-04-21 07:17:34 - [TEST_STEP][PASSED] - driver = getWebDriver(): null

2019-04-21 07:17:34 - [TEST_STEP][PASSED] - Table = driver.findElements(By.xpath("//table/tbody/tr")): null

2019-04-21 07:17:34 - [TEST_STEP][PASSED] - verifyGreaterThanOrEqual(Table.size(), 1): Actual number '1' is greater than or equal to expected number '1'

2019-04-21 07:17:34 - [MESSAGE][PASSED] - Actual number '1' is greater than or equal to expected number '1']]></system-out>
         <system-err><![CDATA[]]></system-err>
      </testcase>
      <testcase name="Test Cases/Manage Pages TestCases/TC0406" classname="Test Cases/Manage Pages TestCases/TC0406" status="PASSED">
         <system-out><![CDATA[2019-04-21 07:17:34 - [TEST_CASE][PASSED] - Test Cases/Manage Pages TestCases/TC0406: Test Cases/Manage Pages TestCases/TC0406

2019-04-21 07:17:34 - [TEST_STEP][PASSED] - callTestCase(findTestCase("s-sidebar_navigation/individualAccount/Pages"), [:], STOP_ON_FAILURE): Call Test Case 'Test Cases/s-sidebar_navigation/individualAccount/Pages' successfully

2019-04-21 07:17:35 - [TEST_CASE][PASSED] - Test Cases/s-sidebar_navigation/individualAccount/Pages: Test Cases/s-sidebar_navigation/individualAccount/Pages

2019-04-21 07:17:35 - [TEST_STEP][PASSED] - click(findTestObject("Object Repository/Page_KiboEngage  Welcome Message/span_Persistent Menu")): Object: 'Object Repository/Page_KiboEngage  Welcome Message/span_Persistent Menu' is clicked on

2019-04-21 07:17:35 - [MESSAGE][PASSED] - Object: 'Object Repository/Page_KiboEngage  Welcome Message/span_Persistent Menu' is clicked on

2019-04-21 07:17:35 - [TEST_STEP][PASSED] - delay(1): Delayed 1 second(s)

2019-04-21 07:17:36 - [MESSAGE][PASSED] - Delayed 1 second(s)

2019-04-21 07:17:36 - [TEST_STEP][PASSED] - click(findTestObject("Page_KiboPush  Dashboard/span_Pages")): Object: 'Object Repository/Page_KiboPush  Dashboard/span_Pages' is clicked on

2019-04-21 07:17:36 - [MESSAGE][PASSED] - Object: 'Object Repository/Page_KiboPush  Dashboard/span_Pages' is clicked on

2019-04-21 07:17:36 - [TEST_STEP][PASSED] - delay(1): Delayed 1 second(s)

2019-04-21 07:17:37 - [MESSAGE][PASSED] - Delayed 1 second(s)

2019-04-21 07:17:37 - [MESSAGE][PASSED] - Call Test Case 'Test Cases/s-sidebar_navigation/individualAccount/Pages' successfully

2019-04-21 07:17:37 - [TEST_STEP][PASSED] - delay(2): Delayed 2 second(s)

2019-04-21 07:17:39 - [MESSAGE][PASSED] - Delayed 2 second(s)

2019-04-21 07:17:39 - [TEST_STEP][PASSED] - click(findTestObject("Page_KiboPush  Dashboard/a_next")): Object: 'Object Repository/Page_KiboPush  Dashboard/a_next' is clicked on

2019-04-21 07:17:39 - [MESSAGE][PASSED] - Object: 'Object Repository/Page_KiboPush  Dashboard/a_next' is clicked on

2019-04-21 07:17:39 - [TEST_STEP][PASSED] - delay(2): Delayed 2 second(s)

2019-04-21 07:17:41 - [MESSAGE][PASSED] - Delayed 2 second(s)

2019-04-21 07:17:41 - [TEST_STEP][PASSED] - driver = getWebDriver(): null

2019-04-21 07:17:41 - [TEST_STEP][PASSED] - rows_table = driver.findElements(By.xpath("//table/tbody/tr")): null

2019-04-21 07:17:41 - [TEST_STEP][PASSED] - println(rows_table.size()): null

2019-04-21 07:17:41 - [TEST_STEP][PASSED] - verifyGreaterThanOrEqual(rows_table.size(), 1): Actual number '6' is greater than or equal to expected number '1'

2019-04-21 07:17:41 - [MESSAGE][PASSED] - Actual number '6' is greater than or equal to expected number '1']]></system-out>
         <system-err><![CDATA[]]></system-err>
      </testcase>
      <testcase name="Test Cases/Manage Pages TestCases/TC0407" classname="Test Cases/Manage Pages TestCases/TC0407" status="PASSED">
         <system-out><![CDATA[2019-04-21 07:17:41 - [TEST_CASE][PASSED] - Test Cases/Manage Pages TestCases/TC0407: Test Cases/Manage Pages TestCases/TC0407

2019-04-21 07:17:41 - [TEST_STEP][PASSED] - callTestCase(findTestCase("s-sidebar_navigation/individualAccount/Pages"), [:], STOP_ON_FAILURE): Call Test Case 'Test Cases/s-sidebar_navigation/individualAccount/Pages' successfully

2019-04-21 07:17:41 - [TEST_CASE][PASSED] - Test Cases/s-sidebar_navigation/individualAccount/Pages: Test Cases/s-sidebar_navigation/individualAccount/Pages

2019-04-21 07:17:41 - [TEST_STEP][PASSED] - click(findTestObject("Object Repository/Page_KiboEngage  Welcome Message/span_Persistent Menu")): Object: 'Object Repository/Page_KiboEngage  Welcome Message/span_Persistent Menu' is clicked on

2019-04-21 07:17:42 - [MESSAGE][PASSED] - Object: 'Object Repository/Page_KiboEngage  Welcome Message/span_Persistent Menu' is clicked on

2019-04-21 07:17:42 - [TEST_STEP][PASSED] - delay(1): Delayed 1 second(s)

2019-04-21 07:17:43 - [MESSAGE][PASSED] - Delayed 1 second(s)

2019-04-21 07:17:43 - [TEST_STEP][PASSED] - click(findTestObject("Page_KiboPush  Dashboard/span_Pages")): Object: 'Object Repository/Page_KiboPush  Dashboard/span_Pages' is clicked on

2019-04-21 07:17:43 - [MESSAGE][PASSED] - Object: 'Object Repository/Page_KiboPush  Dashboard/span_Pages' is clicked on

2019-04-21 07:17:43 - [TEST_STEP][PASSED] - delay(1): Delayed 1 second(s)

2019-04-21 07:17:44 - [MESSAGE][PASSED] - Delayed 1 second(s)

2019-04-21 07:17:44 - [MESSAGE][PASSED] - Call Test Case 'Test Cases/s-sidebar_navigation/individualAccount/Pages' successfully

2019-04-21 07:17:44 - [TEST_STEP][PASSED] - click(findTestObject("Page_KiboPush  Dashboard/a_next")): Object: 'Object Repository/Page_KiboPush  Dashboard/a_next' is clicked on

2019-04-21 07:17:44 - [MESSAGE][PASSED] - Object: 'Object Repository/Page_KiboPush  Dashboard/a_next' is clicked on

2019-04-21 07:17:44 - [TEST_STEP][PASSED] - click(findTestObject("Page_KiboPush  Dashboard/a_previous")): Object: 'Object Repository/Page_KiboPush  Dashboard/a_previous' is clicked on

2019-04-21 07:17:44 - [MESSAGE][PASSED] - Object: 'Object Repository/Page_KiboPush  Dashboard/a_previous' is clicked on

2019-04-21 07:17:44 - [TEST_STEP][PASSED] - delay(2): Delayed 2 second(s)

2019-04-21 07:17:46 - [MESSAGE][PASSED] - Delayed 2 second(s)

2019-04-21 07:17:46 - [TEST_STEP][PASSED] - driver = getWebDriver(): null

2019-04-21 07:17:46 - [TEST_STEP][PASSED] - rows_table = driver.findElements(By.xpath("//table/tbody/tr")): null

2019-04-21 07:17:46 - [TEST_STEP][PASSED] - println(rows_table.size()): null

2019-04-21 07:17:46 - [TEST_STEP][PASSED] - verifyEqual(rows_table.size(), 6): Actual object '6' and expected object '6' are equal

2019-04-21 07:17:46 - [MESSAGE][PASSED] - Actual object '6' and expected object '6' are equal]]></system-out>
         <system-err><![CDATA[]]></system-err>
      </testcase>
      <testcase name="Test Cases/Manage Pages TestCases/TC0408" classname="Test Cases/Manage Pages TestCases/TC0408" status="PASSED">
         <system-out><![CDATA[2019-04-21 07:17:46 - [TEST_CASE][PASSED] - Test Cases/Manage Pages TestCases/TC0408: Test Cases/Manage Pages TestCases/TC0408

2019-04-21 07:17:46 - [TEST_STEP][PASSED] - callTestCase(findTestCase("s-sidebar_navigation/individualAccount/Pages"), [:], STOP_ON_FAILURE): Call Test Case 'Test Cases/s-sidebar_navigation/individualAccount/Pages' successfully

2019-04-21 07:17:46 - [TEST_CASE][PASSED] - Test Cases/s-sidebar_navigation/individualAccount/Pages: Test Cases/s-sidebar_navigation/individualAccount/Pages

2019-04-21 07:17:46 - [TEST_STEP][PASSED] - click(findTestObject("Object Repository/Page_KiboEngage  Welcome Message/span_Persistent Menu")): Object: 'Object Repository/Page_KiboEngage  Welcome Message/span_Persistent Menu' is clicked on

2019-04-21 07:17:47 - [MESSAGE][PASSED] - Object: 'Object Repository/Page_KiboEngage  Welcome Message/span_Persistent Menu' is clicked on

2019-04-21 07:17:47 - [TEST_STEP][PASSED] - delay(1): Delayed 1 second(s)

2019-04-21 07:17:48 - [MESSAGE][PASSED] - Delayed 1 second(s)

2019-04-21 07:17:48 - [TEST_STEP][PASSED] - click(findTestObject("Page_KiboPush  Dashboard/span_Pages")): Object: 'Object Repository/Page_KiboPush  Dashboard/span_Pages' is clicked on

2019-04-21 07:17:48 - [MESSAGE][PASSED] - Object: 'Object Repository/Page_KiboPush  Dashboard/span_Pages' is clicked on

2019-04-21 07:17:48 - [TEST_STEP][PASSED] - delay(1): Delayed 1 second(s)

2019-04-21 07:17:49 - [MESSAGE][PASSED] - Delayed 1 second(s)

2019-04-21 07:17:49 - [MESSAGE][PASSED] - Call Test Case 'Test Cases/s-sidebar_navigation/individualAccount/Pages' successfully

2019-04-21 07:17:49 - [TEST_STEP][PASSED] - delay(2): Delayed 2 second(s)

2019-04-21 07:17:51 - [MESSAGE][PASSED] - Delayed 2 second(s)

2019-04-21 07:17:51 - [TEST_STEP][PASSED] - click(findTestObject("Page_KiboPush  Dashboard/a_next")): Object: 'Object Repository/Page_KiboPush  Dashboard/a_next' is clicked on

2019-04-21 07:17:51 - [MESSAGE][PASSED] - Object: 'Object Repository/Page_KiboPush  Dashboard/a_next' is clicked on

2019-04-21 07:17:51 - [TEST_STEP][PASSED] - delay(2): Delayed 2 second(s)

2019-04-21 07:17:53 - [MESSAGE][PASSED] - Delayed 2 second(s)

2019-04-21 07:17:53 - [TEST_STEP][PASSED] - driver = getWebDriver(): null

2019-04-21 07:17:53 - [TEST_STEP][PASSED] - rows_table = driver.findElements(By.xpath("//table/tbody/tr")): null

2019-04-21 07:17:53 - [TEST_STEP][PASSED] - println(rows_table.size()): null

2019-04-21 07:17:53 - [TEST_STEP][PASSED] - verifyGreaterThanOrEqual(rows_table.size(), 1): Actual number '6' is greater than or equal to expected number '1'

2019-04-21 07:17:53 - [MESSAGE][PASSED] - Actual number '6' is greater than or equal to expected number '1']]></system-out>
         <system-err><![CDATA[]]></system-err>
      </testcase>
      <testcase name="Test Cases/Manage Pages TestCases/TC0409" classname="Test Cases/Manage Pages TestCases/TC0409" status="PASSED">
         <system-out><![CDATA[2019-04-21 07:17:53 - [TEST_CASE][PASSED] - Test Cases/Manage Pages TestCases/TC0409: Test Cases/Manage Pages TestCases/TC0409

2019-04-21 07:17:53 - [TEST_STEP][PASSED] - callTestCase(findTestCase("s-sidebar_navigation/individualAccount/Pages"), [:], STOP_ON_FAILURE): Call Test Case 'Test Cases/s-sidebar_navigation/individualAccount/Pages' successfully

2019-04-21 07:17:53 - [TEST_CASE][PASSED] - Test Cases/s-sidebar_navigation/individualAccount/Pages: Test Cases/s-sidebar_navigation/individualAccount/Pages

2019-04-21 07:17:53 - [TEST_STEP][PASSED] - click(findTestObject("Object Repository/Page_KiboEngage  Welcome Message/span_Persistent Menu")): Object: 'Object Repository/Page_KiboEngage  Welcome Message/span_Persistent Menu' is clicked on

2019-04-21 07:17:53 - [MESSAGE][PASSED] - Object: 'Object Repository/Page_KiboEngage  Welcome Message/span_Persistent Menu' is clicked on

2019-04-21 07:17:53 - [TEST_STEP][PASSED] - delay(1): Delayed 1 second(s)

2019-04-21 07:17:54 - [MESSAGE][PASSED] - Delayed 1 second(s)

2019-04-21 07:17:54 - [TEST_STEP][PASSED] - click(findTestObject("Page_KiboPush  Dashboard/span_Pages")): Object: 'Object Repository/Page_KiboPush  Dashboard/span_Pages' is clicked on

2019-04-21 07:17:54 - [MESSAGE][PASSED] - Object: 'Object Repository/Page_KiboPush  Dashboard/span_Pages' is clicked on

2019-04-21 07:17:54 - [TEST_STEP][PASSED] - delay(1): Delayed 1 second(s)

2019-04-21 07:17:55 - [MESSAGE][PASSED] - Delayed 1 second(s)

2019-04-21 07:17:55 - [MESSAGE][PASSED] - Call Test Case 'Test Cases/s-sidebar_navigation/individualAccount/Pages' successfully

2019-04-21 07:17:55 - [TEST_STEP][PASSED] - scrollToPosition(0, 0): Browser is scrolled to position x = 0, y = 0

2019-04-21 07:17:55 - [MESSAGE][PASSED] - Browser is scrolled to position x = 0, y = 0

2019-04-21 07:17:55 - [TEST_STEP][PASSED] - delay(2): Delayed 2 second(s)

2019-04-21 07:17:57 - [MESSAGE][PASSED] - Delayed 2 second(s)

2019-04-21 07:17:57 - [TEST_STEP][PASSED] - click(findTestObject("Page_KiboPush  Dashboard/button_Invite Subscribers (1)")): Object: 'Object Repository/Page_KiboPush  Dashboard/button_Invite Subscribers (1)' is clicked on

2019-04-21 07:17:58 - [MESSAGE][PASSED] - Object: 'Object Repository/Page_KiboPush  Dashboard/button_Invite Subscribers (1)' is clicked on

2019-04-21 07:17:58 - [TEST_STEP][PASSED] - delay(2): Delayed 2 second(s)

2019-04-21 07:18:00 - [MESSAGE][PASSED] - Delayed 2 second(s)

2019-04-21 07:18:00 - [TEST_STEP][PASSED] - scrollToPosition(0, 0): Browser is scrolled to position x = 0, y = 0

2019-04-21 07:18:00 - [MESSAGE][PASSED] - Browser is scrolled to position x = 0, y = 0

2019-04-21 07:18:00 - [TEST_STEP][PASSED] - click(findTestObject("Page_KiboPush  Invite Subscribers/h3_Invite Subscribers (5)")): Object: 'Object Repository/Page_KiboPush  Invite Subscribers/h3_Invite Subscribers (5)' is clicked on

2019-04-21 07:18:00 - [MESSAGE][PASSED] - Object: 'Object Repository/Page_KiboPush  Invite Subscribers/h3_Invite Subscribers (5)' is clicked on]]></system-out>
         <system-err><![CDATA[]]></system-err>
      </testcase>
      <testcase name="Test Cases/Manage Pages TestCases/TC0410" classname="Test Cases/Manage Pages TestCases/TC0410" status="PASSED">
         <system-out><![CDATA[2019-04-21 07:18:00 - [TEST_CASE][PASSED] - Test Cases/Manage Pages TestCases/TC0410: Test Cases/Manage Pages TestCases/TC0410

2019-04-21 07:18:00 - [TEST_STEP][PASSED] - callTestCase(findTestCase("s-sidebar_navigation/individualAccount/Pages"), [:], STOP_ON_FAILURE): Call Test Case 'Test Cases/s-sidebar_navigation/individualAccount/Pages' successfully

2019-04-21 07:18:00 - [TEST_CASE][PASSED] - Test Cases/s-sidebar_navigation/individualAccount/Pages: Test Cases/s-sidebar_navigation/individualAccount/Pages

2019-04-21 07:18:00 - [TEST_STEP][PASSED] - click(findTestObject("Object Repository/Page_KiboEngage  Welcome Message/span_Persistent Menu")): Object: 'Object Repository/Page_KiboEngage  Welcome Message/span_Persistent Menu' is clicked on

2019-04-21 07:18:00 - [MESSAGE][PASSED] - Object: 'Object Repository/Page_KiboEngage  Welcome Message/span_Persistent Menu' is clicked on

2019-04-21 07:18:00 - [TEST_STEP][PASSED] - delay(1): Delayed 1 second(s)

2019-04-21 07:18:01 - [MESSAGE][PASSED] - Delayed 1 second(s)

2019-04-21 07:18:01 - [TEST_STEP][PASSED] - click(findTestObject("Page_KiboPush  Dashboard/span_Pages")): Object: 'Object Repository/Page_KiboPush  Dashboard/span_Pages' is clicked on

2019-04-21 07:18:01 - [MESSAGE][PASSED] - Object: 'Object Repository/Page_KiboPush  Dashboard/span_Pages' is clicked on

2019-04-21 07:18:01 - [TEST_STEP][PASSED] - delay(1): Delayed 1 second(s)

2019-04-21 07:18:02 - [MESSAGE][PASSED] - Delayed 1 second(s)

2019-04-21 07:18:02 - [MESSAGE][PASSED] - Call Test Case 'Test Cases/s-sidebar_navigation/individualAccount/Pages' successfully

2019-04-21 07:18:02 - [TEST_STEP][PASSED] - click(findTestObject("Page_KiboPush  Dashboard/button_Remove")): Object: 'Object Repository/Page_KiboPush  Dashboard/button_Remove' is clicked on

2019-04-21 07:18:03 - [MESSAGE][PASSED] - Object: 'Object Repository/Page_KiboPush  Dashboard/button_Remove' is clicked on

2019-04-21 07:18:03 - [TEST_STEP][PASSED] - click(findTestObject("Page_KiboPush  Dashboard/remove_button_pages")): Object: 'Object Repository/Page_KiboPush  Dashboard/remove_button_pages' is clicked on

2019-04-21 07:18:03 - [MESSAGE][PASSED] - Object: 'Object Repository/Page_KiboPush  Dashboard/remove_button_pages' is clicked on]]></system-out>
         <system-err><![CDATA[]]></system-err>
      </testcase>
      <testcase name="Test Cases/Manage Pages TestCases/TC0411" classname="Test Cases/Manage Pages TestCases/TC0411" status="PASSED">
         <system-out><![CDATA[2019-04-21 07:18:03 - [TEST_CASE][PASSED] - Test Cases/Manage Pages TestCases/TC0411: Test Cases/Manage Pages TestCases/TC0411

2019-04-21 07:18:03 - [TEST_STEP][PASSED] - callTestCase(findTestCase("s-sidebar_navigation/individualAccount/Pages"), [:], STOP_ON_FAILURE): Call Test Case 'Test Cases/s-sidebar_navigation/individualAccount/Pages' successfully

2019-04-21 07:18:03 - [TEST_CASE][PASSED] - Test Cases/s-sidebar_navigation/individualAccount/Pages: Test Cases/s-sidebar_navigation/individualAccount/Pages

2019-04-21 07:18:03 - [TEST_STEP][PASSED] - click(findTestObject("Object Repository/Page_KiboEngage  Welcome Message/span_Persistent Menu")): Object: 'Object Repository/Page_KiboEngage  Welcome Message/span_Persistent Menu' is clicked on

2019-04-21 07:18:03 - [MESSAGE][PASSED] - Object: 'Object Repository/Page_KiboEngage  Welcome Message/span_Persistent Menu' is clicked on

2019-04-21 07:18:03 - [TEST_STEP][PASSED] - delay(1): Delayed 1 second(s)

2019-04-21 07:18:04 - [MESSAGE][PASSED] - Delayed 1 second(s)

2019-04-21 07:18:04 - [TEST_STEP][PASSED] - click(findTestObject("Page_KiboPush  Dashboard/span_Pages")): Object: 'Object Repository/Page_KiboPush  Dashboard/span_Pages' is clicked on

2019-04-21 07:18:04 - [MESSAGE][PASSED] - Object: 'Object Repository/Page_KiboPush  Dashboard/span_Pages' is clicked on

2019-04-21 07:18:04 - [TEST_STEP][PASSED] - delay(1): Delayed 1 second(s)

2019-04-21 07:18:05 - [MESSAGE][PASSED] - Delayed 1 second(s)

2019-04-21 07:18:05 - [MESSAGE][PASSED] - Call Test Case 'Test Cases/s-sidebar_navigation/individualAccount/Pages' successfully

2019-04-21 07:18:05 - [TEST_STEP][PASSED] - scrollToPosition(0, 0): Browser is scrolled to position x = 0, y = 0

2019-04-21 07:18:05 - [MESSAGE][PASSED] - Browser is scrolled to position x = 0, y = 0

2019-04-21 07:18:05 - [TEST_STEP][PASSED] - click(findTestObject("Object Repository/Page_KiboPush  Dashboard/button_Connect New")): Object: 'Object Repository/Page_KiboPush  Dashboard/button_Connect New' is clicked on

2019-04-21 07:18:06 - [MESSAGE][PASSED] - Object: 'Object Repository/Page_KiboPush  Dashboard/button_Connect New' is clicked on

2019-04-21 07:18:06 - [TEST_STEP][PASSED] - click(findTestObject("Page_KiboPush  Add Pages/h3_Manage Pages (1)")): Object: 'Object Repository/Page_KiboPush  Add Pages/h3_Manage Pages (1)' is clicked on

2019-04-21 07:18:06 - [MESSAGE][PASSED] - Object: 'Object Repository/Page_KiboPush  Add Pages/h3_Manage Pages (1)' is clicked on

2019-04-21 07:18:06 - [TEST_STEP][PASSED] - delay(2): Delayed 2 second(s)

2019-04-21 07:18:08 - [MESSAGE][PASSED] - Delayed 2 second(s)

2019-04-21 07:18:08 - [TEST_STEP][PASSED] - driver = getWebDriver(): null

2019-04-21 07:18:08 - [TEST_STEP][PASSED] - Table = driver.findElements(By.xpath("//*[@id="content"]/div/div/div/div[2]/div[2]/div[2]/div/div/div[2]/div")): null

2019-04-21 07:18:08 - [TEST_STEP][PASSED] - verifyEqual(Table.size(), 1): Actual object '1' and expected object '1' are equal

2019-04-21 07:18:08 - [MESSAGE][PASSED] - Actual object '1' and expected object '1' are equal

2019-04-21 07:18:08 - [TEST_STEP][PASSED] - println(Table.size()): null]]></system-out>
         <system-err><![CDATA[]]></system-err>
      </testcase>
      <testcase name="Test Cases/Manage Pages TestCases/TC0412" classname="Test Cases/Manage Pages TestCases/TC0412" status="PASSED">
         <system-out><![CDATA[2019-04-21 07:18:08 - [TEST_CASE][PASSED] - Test Cases/Manage Pages TestCases/TC0412: Test Cases/Manage Pages TestCases/TC0412

2019-04-21 07:18:08 - [TEST_STEP][PASSED] - callTestCase(findTestCase("s-sidebar_navigation/individualAccount/Pages"), [:], STOP_ON_FAILURE): Call Test Case 'Test Cases/s-sidebar_navigation/individualAccount/Pages' successfully

2019-04-21 07:18:08 - [TEST_CASE][PASSED] - Test Cases/s-sidebar_navigation/individualAccount/Pages: Test Cases/s-sidebar_navigation/individualAccount/Pages

2019-04-21 07:18:08 - [TEST_STEP][PASSED] - click(findTestObject("Object Repository/Page_KiboEngage  Welcome Message/span_Persistent Menu")): Object: 'Object Repository/Page_KiboEngage  Welcome Message/span_Persistent Menu' is clicked on

2019-04-21 07:18:08 - [MESSAGE][PASSED] - Object: 'Object Repository/Page_KiboEngage  Welcome Message/span_Persistent Menu' is clicked on

2019-04-21 07:18:08 - [TEST_STEP][PASSED] - delay(1): Delayed 1 second(s)

2019-04-21 07:18:09 - [MESSAGE][PASSED] - Delayed 1 second(s)

2019-04-21 07:18:09 - [TEST_STEP][PASSED] - click(findTestObject("Page_KiboPush  Dashboard/span_Pages")): Object: 'Object Repository/Page_KiboPush  Dashboard/span_Pages' is clicked on

2019-04-21 07:18:09 - [MESSAGE][PASSED] - Object: 'Object Repository/Page_KiboPush  Dashboard/span_Pages' is clicked on

2019-04-21 07:18:09 - [TEST_STEP][PASSED] - delay(1): Delayed 1 second(s)

2019-04-21 07:18:10 - [MESSAGE][PASSED] - Delayed 1 second(s)

2019-04-21 07:18:10 - [MESSAGE][PASSED] - Call Test Case 'Test Cases/s-sidebar_navigation/individualAccount/Pages' successfully

2019-04-21 07:18:10 - [TEST_STEP][PASSED] - scrollToPosition(0, 0): Browser is scrolled to position x = 0, y = 0

2019-04-21 07:18:10 - [MESSAGE][PASSED] - Browser is scrolled to position x = 0, y = 0

2019-04-21 07:18:10 - [TEST_STEP][PASSED] - click(findTestObject("Object Repository/Page_KiboPush  Dashboard/button_Connect New")): Object: 'Object Repository/Page_KiboPush  Dashboard/button_Connect New' is clicked on

2019-04-21 07:18:11 - [MESSAGE][PASSED] - Object: 'Object Repository/Page_KiboPush  Dashboard/button_Connect New' is clicked on

2019-04-21 07:18:11 - [TEST_STEP][PASSED] - click(findTestObject("Page_KiboPush  Add Pages/h3_Manage Pages (1)")): Object: 'Object Repository/Page_KiboPush  Add Pages/h3_Manage Pages (1)' is clicked on

2019-04-21 07:18:11 - [MESSAGE][PASSED] - Object: 'Object Repository/Page_KiboPush  Add Pages/h3_Manage Pages (1)' is clicked on

2019-04-21 07:18:11 - [TEST_STEP][PASSED] - delay(3): Delayed 3 second(s)

2019-04-21 07:18:14 - [MESSAGE][PASSED] - Delayed 3 second(s)

2019-04-21 07:18:14 - [TEST_STEP][PASSED] - click(findTestObject("Page_KiboPush  Add Pages/button_Disconnect")): Object: 'Object Repository/Page_KiboPush  Add Pages/button_Disconnect' is clicked on

2019-04-21 07:18:14 - [MESSAGE][PASSED] - Object: 'Object Repository/Page_KiboPush  Add Pages/button_Disconnect' is clicked on]]></system-out>
         <system-err><![CDATA[]]></system-err>
      </testcase>
      <testcase name="Test Cases/Manage Pages TestCases/TC0413" classname="Test Cases/Manage Pages TestCases/TC0413" status="PASSED">
         <system-out><![CDATA[2019-04-21 07:18:14 - [TEST_CASE][PASSED] - Test Cases/Manage Pages TestCases/TC0413: Test Cases/Manage Pages TestCases/TC0413

2019-04-21 07:18:14 - [TEST_STEP][PASSED] - callTestCase(findTestCase("s-sidebar_navigation/individualAccount/Pages"), [:], STOP_ON_FAILURE): Call Test Case 'Test Cases/s-sidebar_navigation/individualAccount/Pages' successfully

2019-04-21 07:18:14 - [TEST_CASE][PASSED] - Test Cases/s-sidebar_navigation/individualAccount/Pages: Test Cases/s-sidebar_navigation/individualAccount/Pages

2019-04-21 07:18:14 - [TEST_STEP][PASSED] - click(findTestObject("Object Repository/Page_KiboEngage  Welcome Message/span_Persistent Menu")): Object: 'Object Repository/Page_KiboEngage  Welcome Message/span_Persistent Menu' is clicked on

2019-04-21 07:18:14 - [MESSAGE][PASSED] - Object: 'Object Repository/Page_KiboEngage  Welcome Message/span_Persistent Menu' is clicked on

2019-04-21 07:18:14 - [TEST_STEP][PASSED] - delay(1): Delayed 1 second(s)

2019-04-21 07:18:15 - [MESSAGE][PASSED] - Delayed 1 second(s)

2019-04-21 07:18:15 - [TEST_STEP][PASSED] - click(findTestObject("Page_KiboPush  Dashboard/span_Pages")): Object: 'Object Repository/Page_KiboPush  Dashboard/span_Pages' is clicked on

2019-04-21 07:18:15 - [MESSAGE][PASSED] - Object: 'Object Repository/Page_KiboPush  Dashboard/span_Pages' is clicked on

2019-04-21 07:18:15 - [TEST_STEP][PASSED] - delay(1): Delayed 1 second(s)

2019-04-21 07:18:16 - [MESSAGE][PASSED] - Delayed 1 second(s)

2019-04-21 07:18:16 - [MESSAGE][PASSED] - Call Test Case 'Test Cases/s-sidebar_navigation/individualAccount/Pages' successfully

2019-04-21 07:18:16 - [TEST_STEP][PASSED] - delay(2): Delayed 2 second(s)

2019-04-21 07:18:18 - [MESSAGE][PASSED] - Delayed 2 second(s)

2019-04-21 07:18:18 - [TEST_STEP][PASSED] - scrollToPosition(0, 0): Browser is scrolled to position x = 0, y = 0

2019-04-21 07:18:18 - [MESSAGE][PASSED] - Browser is scrolled to position x = 0, y = 0

2019-04-21 07:18:18 - [TEST_STEP][PASSED] - click(findTestObject("Object Repository/Page_KiboPush  Dashboard/button_Connect New")): Object: 'Object Repository/Page_KiboPush  Dashboard/button_Connect New' is clicked on

2019-04-21 07:18:19 - [MESSAGE][PASSED] - Object: 'Object Repository/Page_KiboPush  Dashboard/button_Connect New' is clicked on

2019-04-21 07:18:19 - [TEST_STEP][PASSED] - scrollToPosition(0, 0): Browser is scrolled to position x = 0, y = 0

2019-04-21 07:18:19 - [MESSAGE][PASSED] - Browser is scrolled to position x = 0, y = 0

2019-04-21 07:18:19 - [TEST_STEP][PASSED] - click(findTestObject("Page_KiboPush  Add Pages/h3_Manage Pages (1)")): Object: 'Object Repository/Page_KiboPush  Add Pages/h3_Manage Pages (1)' is clicked on

2019-04-21 07:18:19 - [MESSAGE][PASSED] - Object: 'Object Repository/Page_KiboPush  Add Pages/h3_Manage Pages (1)' is clicked on

2019-04-21 07:18:19 - [TEST_STEP][PASSED] - delay(3): Delayed 3 second(s)

2019-04-21 07:18:22 - [MESSAGE][PASSED] - Delayed 3 second(s)

2019-04-21 07:18:22 - [TEST_STEP][PASSED] - click(findTestObject("Page_KiboPush  Add Pages/button_Connect")): Object: 'Object Repository/Page_KiboPush  Add Pages/button_Connect' is clicked on

2019-04-21 07:18:22 - [MESSAGE][PASSED] - Object: 'Object Repository/Page_KiboPush  Add Pages/button_Connect' is clicked on]]></system-out>
         <system-err><![CDATA[]]></system-err>
      </testcase>
      <testcase name="Test Cases/Manage Pages TestCases/TC0414" classname="Test Cases/Manage Pages TestCases/TC0414" status="PASSED">
         <system-out><![CDATA[2019-04-21 07:18:22 - [TEST_CASE][PASSED] - Test Cases/Manage Pages TestCases/TC0414: Test Cases/Manage Pages TestCases/TC0414

2019-04-21 07:18:22 - [TEST_STEP][PASSED] - callTestCase(findTestCase("s-sidebar_navigation/individualAccount/Pages"), [:], STOP_ON_FAILURE): Call Test Case 'Test Cases/s-sidebar_navigation/individualAccount/Pages' successfully

2019-04-21 07:18:22 - [TEST_CASE][PASSED] - Test Cases/s-sidebar_navigation/individualAccount/Pages: Test Cases/s-sidebar_navigation/individualAccount/Pages

2019-04-21 07:18:22 - [TEST_STEP][PASSED] - click(findTestObject("Object Repository/Page_KiboEngage  Welcome Message/span_Persistent Menu")): Object: 'Object Repository/Page_KiboEngage  Welcome Message/span_Persistent Menu' is clicked on

2019-04-21 07:18:22 - [MESSAGE][PASSED] - Object: 'Object Repository/Page_KiboEngage  Welcome Message/span_Persistent Menu' is clicked on

2019-04-21 07:18:22 - [TEST_STEP][PASSED] - delay(1): Delayed 1 second(s)

2019-04-21 07:18:23 - [MESSAGE][PASSED] - Delayed 1 second(s)

2019-04-21 07:18:23 - [TEST_STEP][PASSED] - click(findTestObject("Page_KiboPush  Dashboard/span_Pages")): Object: 'Object Repository/Page_KiboPush  Dashboard/span_Pages' is clicked on

2019-04-21 07:18:23 - [MESSAGE][PASSED] - Object: 'Object Repository/Page_KiboPush  Dashboard/span_Pages' is clicked on

2019-04-21 07:18:23 - [TEST_STEP][PASSED] - delay(1): Delayed 1 second(s)

2019-04-21 07:18:24 - [MESSAGE][PASSED] - Delayed 1 second(s)

2019-04-21 07:18:24 - [MESSAGE][PASSED] - Call Test Case 'Test Cases/s-sidebar_navigation/individualAccount/Pages' successfully

2019-04-21 07:18:24 - [TEST_STEP][PASSED] - delay(2): Delayed 2 second(s)

2019-04-21 07:18:26 - [MESSAGE][PASSED] - Delayed 2 second(s)

2019-04-21 07:18:26 - [TEST_STEP][PASSED] - scrollToPosition(0, 0): Browser is scrolled to position x = 0, y = 0

2019-04-21 07:18:26 - [MESSAGE][PASSED] - Browser is scrolled to position x = 0, y = 0

2019-04-21 07:18:26 - [TEST_STEP][PASSED] - click(findTestObject("Object Repository/Page_KiboPush  Dashboard/button_Connect New")): Object: 'Object Repository/Page_KiboPush  Dashboard/button_Connect New' is clicked on

2019-04-21 07:18:27 - [MESSAGE][PASSED] - Object: 'Object Repository/Page_KiboPush  Dashboard/button_Connect New' is clicked on

2019-04-21 07:18:27 - [TEST_STEP][PASSED] - scrollToPosition(0, 0): Browser is scrolled to position x = 0, y = 0

2019-04-21 07:18:27 - [MESSAGE][PASSED] - Browser is scrolled to position x = 0, y = 0

2019-04-21 07:18:27 - [TEST_STEP][PASSED] - click(findTestObject("Page_KiboPush  Add Pages/h3_Manage Pages (1)")): Object: 'Object Repository/Page_KiboPush  Add Pages/h3_Manage Pages (1)' is clicked on

2019-04-21 07:18:27 - [MESSAGE][PASSED] - Object: 'Object Repository/Page_KiboPush  Add Pages/h3_Manage Pages (1)' is clicked on

2019-04-21 07:18:27 - [TEST_STEP][PASSED] - click(findTestObject("Page_KiboPush  Add Pages/button_Connect")): Object: 'Object Repository/Page_KiboPush  Add Pages/button_Connect' is clicked on

2019-04-21 07:18:27 - [MESSAGE][PASSED] - Object: 'Object Repository/Page_KiboPush  Add Pages/button_Connect' is clicked on

2019-04-21 07:18:27 - [TEST_STEP][PASSED] - click(findTestObject("Page_KiboPush  Add Pages/button_Disconnect")): Object: 'Object Repository/Page_KiboPush  Add Pages/button_Disconnect' is clicked on

2019-04-21 07:18:27 - [MESSAGE][PASSED] - Object: 'Object Repository/Page_KiboPush  Add Pages/button_Disconnect' is clicked on]]></system-out>
         <system-err><![CDATA[]]></system-err>
      </testcase>
      <testcase name="Test Cases/Manage Pages TestCases/TC0415" classname="Test Cases/Manage Pages TestCases/TC0415" status="PASSED">
         <system-out><![CDATA[2019-04-21 07:18:27 - [TEST_CASE][PASSED] - Test Cases/Manage Pages TestCases/TC0415: Test Cases/Manage Pages TestCases/TC0415

2019-04-21 07:18:27 - [TEST_STEP][PASSED] - callTestCase(findTestCase("s-sidebar_navigation/individualAccount/Pages"), [:], STOP_ON_FAILURE): Call Test Case 'Test Cases/s-sidebar_navigation/individualAccount/Pages' successfully

2019-04-21 07:18:27 - [TEST_CASE][PASSED] - Test Cases/s-sidebar_navigation/individualAccount/Pages: Test Cases/s-sidebar_navigation/individualAccount/Pages

2019-04-21 07:18:27 - [TEST_STEP][PASSED] - click(findTestObject("Object Repository/Page_KiboEngage  Welcome Message/span_Persistent Menu")): Object: 'Object Repository/Page_KiboEngage  Welcome Message/span_Persistent Menu' is clicked on

2019-04-21 07:18:27 - [MESSAGE][PASSED] - Object: 'Object Repository/Page_KiboEngage  Welcome Message/span_Persistent Menu' is clicked on

2019-04-21 07:18:27 - [TEST_STEP][PASSED] - delay(1): Delayed 1 second(s)

2019-04-21 07:18:28 - [MESSAGE][PASSED] - Delayed 1 second(s)

2019-04-21 07:18:28 - [TEST_STEP][PASSED] - click(findTestObject("Page_KiboPush  Dashboard/span_Pages")): Object: 'Object Repository/Page_KiboPush  Dashboard/span_Pages' is clicked on

2019-04-21 07:18:29 - [MESSAGE][PASSED] - Object: 'Object Repository/Page_KiboPush  Dashboard/span_Pages' is clicked on

2019-04-21 07:18:29 - [TEST_STEP][PASSED] - delay(1): Delayed 1 second(s)

2019-04-21 07:18:30 - [MESSAGE][PASSED] - Delayed 1 second(s)

2019-04-21 07:18:30 - [MESSAGE][PASSED] - Call Test Case 'Test Cases/s-sidebar_navigation/individualAccount/Pages' successfully

2019-04-21 07:18:30 - [TEST_STEP][PASSED] - delay(2): Delayed 2 second(s)

2019-04-21 07:18:32 - [MESSAGE][PASSED] - Delayed 2 second(s)

2019-04-21 07:18:32 - [TEST_STEP][PASSED] - scrollToPosition(0, 0): Browser is scrolled to position x = 0, y = 0

2019-04-21 07:18:32 - [MESSAGE][PASSED] - Browser is scrolled to position x = 0, y = 0

2019-04-21 07:18:32 - [TEST_STEP][PASSED] - click(findTestObject("Object Repository/Page_KiboPush  Dashboard/button_Connect New")): Object: 'Object Repository/Page_KiboPush  Dashboard/button_Connect New' is clicked on

2019-04-21 07:18:32 - [MESSAGE][PASSED] - Object: 'Object Repository/Page_KiboPush  Dashboard/button_Connect New' is clicked on

2019-04-21 07:18:32 - [TEST_STEP][PASSED] - click(findTestObject("Page_KiboPush  Add Pages/button_Connect")): Object: 'Object Repository/Page_KiboPush  Add Pages/button_Connect' is clicked on

2019-04-21 07:18:32 - [MESSAGE][PASSED] - Object: 'Object Repository/Page_KiboPush  Add Pages/button_Connect' is clicked on

2019-04-21 07:18:32 - [TEST_STEP][PASSED] - click(findTestObject("Page_KiboPush  Add Pages/a_Done")): Object: 'Object Repository/Page_KiboPush  Add Pages/a_Done' is clicked on

2019-04-21 07:18:32 - [MESSAGE][PASSED] - Object: 'Object Repository/Page_KiboPush  Add Pages/a_Done' is clicked on

2019-04-21 07:18:32 - [TEST_STEP][PASSED] - scrollToPosition(0, 0): Browser is scrolled to position x = 0, y = 0

2019-04-21 07:18:32 - [MESSAGE][PASSED] - Browser is scrolled to position x = 0, y = 0

2019-04-21 07:18:32 - [TEST_STEP][PASSED] - click(findTestObject("Page_KiboPush  Add Pages/h3_Manage Pages")): Object: 'Object Repository/Page_KiboPush  Add Pages/h3_Manage Pages' is clicked on

2019-04-21 07:18:32 - [MESSAGE][PASSED] - Object: 'Object Repository/Page_KiboPush  Add Pages/h3_Manage Pages' is clicked on]]></system-out>
         <system-err><![CDATA[]]></system-err>
      </testcase>
      <system-out><![CDATA[2019-04-21 07:16:35 - [TEST_SUITE][PASSED] - ManagePages: Test Cases/Manage Pages TestCases/TC0415]]></system-out>
      <system-err><![CDATA[]]></system-err>
   </testsuite>
</testsuites>
