<?xml version="1.0" encoding="UTF-8"?>
<testsuites name="smart replies" time="504" tests="19" failures="1" errors="0">
   <testsuite name="smart replies" tests="19" failures="1" errors="0" time="504" timestamp="2019-04-25 11:36:54" hostname="cloudkibo - 10.0.2.15" id="Test Suites/smart replies">
      <properties>
         <property name="deviceName" value=""/>
         <property name="devicePlatform" value=""/>
         <property name="logFolder" value="C:\\Users\\cloudkibo\\Desktop\\KiboPush_Automated_Testing\\KiboPush Katalon\\Reports\\smart replies\\20190425_113648"/>
         <property name="logFiles" value="C:\\Users\\cloudkibo\\Desktop\\KiboPush_Automated_Testing\\KiboPush Katalon\\Reports\\smart replies\\20190425_113648\\execution0.log"/>
         <property name="attachments" value="C:\\Users\\cloudkibo\\Desktop\\KiboPush_Automated_Testing\\KiboPush Katalon\\Reports\\smart replies\\20190425_113648\\1556174328058.png"/>
         <property name="hostName" value="cloudkibo - 10.0.2.15"/>
         <property name="os" value="Windows 10 64bit"/>
         <property name="katalonVersion" value="5.6.0.1"/>
         <property name="browser" value="Chrome 73.0.3683.103"/>
         <property name="hostAddress" value="10.0.2.15"/>
         <property name="sessionId" value="43d11c142c6ff0d7ca704ce875f32a6e"/>
         <property name="seleniumVersion" value="3.7.1"/>
         <property name="proxyInformation" value="ProxyInformation{proxyOption=NO_PROXY, proxyServerType=HTTP, password=, proxyServerAddress=, proxyServerPort=0}"/>
         <property name="platform" value="Windows 10"/>
      </properties>
      <testcase name="Test Cases/s-sidebar_navigation/individualAccount/arveen_production_login_kibochat" classname="Test Cases/s-sidebar_navigation/individualAccount/arveen_production_login_kibochat" status="PASSED">
         <system-out><![CDATA[2019-04-25 11:36:55 - [TEST_CASE][PASSED] - Test Cases/s-sidebar_navigation/individualAccount/arveen_production_login_kibochat: Test Cases/s-sidebar_navigation/individualAccount/arveen_production_login_kibochat

2019-04-25 11:36:57 - [TEST_STEP][PASSED] - openBrowser: Browser is opened with url: ''

2019-04-25 11:37:03 - [MESSAGE][PASSED] - Browser is opened with url: ''

2019-04-25 11:37:03 - [TEST_STEP][PASSED] - maximizeWindow: Current window maximized

2019-04-25 11:37:05 - [MESSAGE][PASSED] - Current window maximized

2019-04-25 11:37:05 - [TEST_STEP][PASSED] - navigateToUrl: Navigate to 'https://kibochat.cloudkibo.com/' successfully

2019-04-25 11:37:27 - [MESSAGE][PASSED] - Navigate to 'https://kibochat.cloudkibo.com/' successfully

2019-04-25 11:37:27 - [TEST_STEP][PASSED] - navigateToUrl: Navigate to 'https://accounts.cloudkibo.com/?continue=https://kibochat.cloudkibo.com' successfully

2019-04-25 11:37:28 - [MESSAGE][PASSED] - Navigate to 'https://accounts.cloudkibo.com/?continue=https://kibochat.cloudkibo.com' successfully

2019-04-25 11:37:28 - [TEST_STEP][PASSED] - click: Object: 'Object Repository/Page_KiboPush/a_Login (10)' is clicked on

2019-04-25 11:37:30 - [MESSAGE][PASSED] - Object: 'Object Repository/Page_KiboPush/a_Login (10)' is clicked on

2019-04-25 11:37:30 - [TEST_STEP][PASSED] - setText: Text 'individual@cloudkibo.com' is set on object 'Object Repository/Page_KiboPush/input_email (10) (1) (1)'

2019-04-25 11:37:30 - [MESSAGE][PASSED] - Text 'individual@cloudkibo.com' is set on object 'Object Repository/Page_KiboPush/input_email (10) (1) (1)'

2019-04-25 11:37:30 - [TEST_STEP][PASSED] - setEncryptedText: Text ****** has been set on object 'Object Repository/Page_CloudKibo/input_Sign In_password (7)'

2019-04-25 11:37:31 - [MESSAGE][PASSED] - Text ****** has been set on object 'Object Repository/Page_CloudKibo/input_Sign In_password (7)'

2019-04-25 11:37:31 - [TEST_STEP][PASSED] - click: Object: 'Object Repository/Page_KiboPush/button_Sign In (11)' is clicked on

2019-04-25 11:37:31 - [MESSAGE][PASSED] - Object: 'Object Repository/Page_KiboPush/button_Sign In (11)' is clicked on

2019-04-25 11:37:31 - [TEST_STEP][PASSED] - click: Object: 'Object Repository/Page_KiboPush  Dashboard/h3_Dashboard (58)' is clicked on

2019-04-25 11:38:04 - [MESSAGE][PASSED] - Object: 'Object Repository/Page_KiboPush  Dashboard/h3_Dashboard (58)' is clicked on

2019-04-25 11:38:04 - [TEST_STEP][PASSED] - delay: Delayed 3 second(s)

2019-04-25 11:38:08 - [MESSAGE][PASSED] - Delayed 3 second(s)

2019-04-25 11:38:08 - [TEST_STEP][PASSED] - click: Object: 'Object Repository/Page_KiboEngage  Dashboard/a_SMS (2)' is clicked on

2019-04-25 11:38:08 - [MESSAGE][PASSED] - Object: 'Object Repository/Page_KiboEngage  Dashboard/a_SMS (2)' is clicked on

2019-04-25 11:38:08 - [TEST_STEP][PASSED] - delay: Delayed 2 second(s)

2019-04-25 11:38:10 - [MESSAGE][PASSED] - Delayed 2 second(s)

2019-04-25 11:38:10 - [TEST_STEP][PASSED] - click: Object: 'Object Repository/Page_KiboEngage  Dashboard/span_Messenger' is clicked on

2019-04-25 11:38:10 - [MESSAGE][PASSED] - Object: 'Object Repository/Page_KiboEngage  Dashboard/span_Messenger' is clicked on

2019-04-25 11:38:10 - [TEST_STEP][PASSED] - delay: Delayed 2 second(s)

2019-04-25 11:38:12 - [MESSAGE][PASSED] - Delayed 2 second(s)]]></system-out>
         <system-err><![CDATA[]]></system-err>
      </testcase>
      <testcase name="Test Cases/Smart Replies/open_automation" classname="Test Cases/Smart Replies/open_automation" status="PASSED">
         <system-out><![CDATA[2019-04-25 11:38:12 - [TEST_CASE][PASSED] - Test Cases/Smart Replies/open_automation: Test Cases/Smart Replies/open_automation

2019-04-25 11:38:13 - [TEST_STEP][PASSED] - click: Object: 'Object Repository/Page_KiboPush  Dashboard/span_Automation (1) (1)' is clicked on

2019-04-25 11:38:14 - [MESSAGE][PASSED] - Object: 'Object Repository/Page_KiboPush  Dashboard/span_Automation (1) (1)' is clicked on

2019-04-25 11:38:14 - [TEST_STEP][PASSED] - delay: Delayed 1 second(s)

2019-04-25 11:38:15 - [MESSAGE][PASSED] - Delayed 1 second(s)]]></system-out>
         <system-err><![CDATA[]]></system-err>
      </testcase>
      <testcase name="Test Cases/Smart Replies/TC0618" classname="Test Cases/Smart Replies/TC0618" status="PASSED">
         <system-out><![CDATA[2019-04-25 11:38:15 - [TEST_CASE][PASSED] - Test Cases/Smart Replies/TC0618: Test Cases/Smart Replies/TC0618

2019-04-25 11:38:15 - [TEST_STEP][PASSED] - callTestCase: Call Test Case 'Test Cases/s-sidebar_navigation/individualAccount/Smart Replies' successfully

2019-04-25 11:38:15 - [TEST_CASE][PASSED] - Test Cases/s-sidebar_navigation/individualAccount/Smart Replies: Test Cases/s-sidebar_navigation/individualAccount/Smart Replies

2019-04-25 11:38:16 - [TEST_STEP][PASSED] - click: Object: 'Object Repository/Page_KiboPush  Dashboard/span_Dashboard' is clicked on

2019-04-25 11:38:16 - [MESSAGE][PASSED] - Object: 'Object Repository/Page_KiboPush  Dashboard/span_Dashboard' is clicked on

2019-04-25 11:38:16 - [TEST_STEP][PASSED] - delay: Delayed 2 second(s)

2019-04-25 11:38:18 - [MESSAGE][PASSED] - Delayed 2 second(s)

2019-04-25 11:38:18 - [TEST_STEP][PASSED] - click: Object: 'Object Repository/Page_KiboPush  Dashboard/span_Smart Replies' is clicked on

2019-04-25 11:38:19 - [MESSAGE][PASSED] - Object: 'Object Repository/Page_KiboPush  Dashboard/span_Smart Replies' is clicked on

2019-04-25 11:38:19 - [TEST_STEP][PASSED] - scrollToPosition: Browser is scrolled to position x = 0, y = 0

2019-04-25 11:38:19 - [MESSAGE][PASSED] - Browser is scrolled to position x = 0, y = 0

2019-04-25 11:38:19 - [TEST_STEP][PASSED] - delay: Delayed 2 second(s)

2019-04-25 11:38:21 - [MESSAGE][PASSED] - Delayed 2 second(s)

2019-04-25 11:38:21 - [TEST_STEP][PASSED] - click: Object: 'Object Repository/Page_KiboPush  Dashboard/h3_Manage Bots' is clicked on

2019-04-25 11:38:21 - [MESSAGE][PASSED] - Object: 'Object Repository/Page_KiboPush  Dashboard/h3_Manage Bots' is clicked on

2019-04-25 11:38:21 - [MESSAGE][PASSED] - Call Test Case 'Test Cases/s-sidebar_navigation/individualAccount/Smart Replies' successfully

2019-04-25 11:38:21 - [TEST_STEP][PASSED] - delay: Delayed 3 second(s)

2019-04-25 11:38:24 - [MESSAGE][PASSED] - Delayed 3 second(s)

2019-04-25 11:38:24 - [TEST_STEP][PASSED] - click: Object: 'Object Repository/Page_KiboChat  Bots/button_Create New' is clicked on

2019-04-25 11:38:24 - [MESSAGE][PASSED] - Object: 'Object Repository/Page_KiboChat  Bots/button_Create New' is clicked on

2019-04-25 11:38:24 - [TEST_STEP][PASSED] - delay: Delayed 1 second(s)

2019-04-25 11:38:25 - [MESSAGE][PASSED] - Delayed 1 second(s)]]></system-out>
         <system-err><![CDATA[]]></system-err>
      </testcase>
      <testcase name="Test Cases/Smart Replies/TC0619" classname="Test Cases/Smart Replies/TC0619" status="PASSED">
         <system-out><![CDATA[2019-04-25 11:38:25 - [TEST_CASE][PASSED] - Test Cases/Smart Replies/TC0619: Test Cases/Smart Replies/TC0619

2019-04-25 11:38:25 - [TEST_STEP][PASSED] - callTestCase: Call Test Case 'Test Cases/Smart Replies/TC0618' successfully

2019-04-25 11:38:26 - [TEST_CASE][PASSED] - Test Cases/Smart Replies/TC0618: Test Cases/Smart Replies/TC0618

2019-04-25 11:38:26 - [TEST_STEP][PASSED] - callTestCase: Call Test Case 'Test Cases/s-sidebar_navigation/individualAccount/Smart Replies' successfully

2019-04-25 11:38:26 - [TEST_CASE][PASSED] - Test Cases/s-sidebar_navigation/individualAccount/Smart Replies: Test Cases/s-sidebar_navigation/individualAccount/Smart Replies

2019-04-25 11:38:26 - [TEST_STEP][PASSED] - click: Object: 'Object Repository/Page_KiboPush  Dashboard/span_Dashboard' is clicked on

2019-04-25 11:38:26 - [MESSAGE][PASSED] - Object: 'Object Repository/Page_KiboPush  Dashboard/span_Dashboard' is clicked on

2019-04-25 11:38:26 - [TEST_STEP][PASSED] - delay: Delayed 2 second(s)

2019-04-25 11:38:28 - [MESSAGE][PASSED] - Delayed 2 second(s)

2019-04-25 11:38:28 - [TEST_STEP][PASSED] - click: Object: 'Object Repository/Page_KiboPush  Dashboard/span_Smart Replies' is clicked on

2019-04-25 11:38:29 - [MESSAGE][PASSED] - Object: 'Object Repository/Page_KiboPush  Dashboard/span_Smart Replies' is clicked on

2019-04-25 11:38:29 - [TEST_STEP][PASSED] - scrollToPosition: Browser is scrolled to position x = 0, y = 0

2019-04-25 11:38:29 - [MESSAGE][PASSED] - Browser is scrolled to position x = 0, y = 0

2019-04-25 11:38:29 - [TEST_STEP][PASSED] - delay: Delayed 2 second(s)

2019-04-25 11:38:31 - [MESSAGE][PASSED] - Delayed 2 second(s)

2019-04-25 11:38:31 - [TEST_STEP][PASSED] - click: Object: 'Object Repository/Page_KiboPush  Dashboard/h3_Manage Bots' is clicked on

2019-04-25 11:38:31 - [MESSAGE][PASSED] - Object: 'Object Repository/Page_KiboPush  Dashboard/h3_Manage Bots' is clicked on

2019-04-25 11:38:31 - [MESSAGE][PASSED] - Call Test Case 'Test Cases/s-sidebar_navigation/individualAccount/Smart Replies' successfully

2019-04-25 11:38:31 - [TEST_STEP][PASSED] - delay: Delayed 3 second(s)

2019-04-25 11:38:34 - [MESSAGE][PASSED] - Delayed 3 second(s)

2019-04-25 11:38:34 - [TEST_STEP][PASSED] - click: Object: 'Object Repository/Page_KiboChat  Bots/button_Create New' is clicked on

2019-04-25 11:38:34 - [MESSAGE][PASSED] - Object: 'Object Repository/Page_KiboChat  Bots/button_Create New' is clicked on

2019-04-25 11:38:34 - [TEST_STEP][PASSED] - delay: Delayed 1 second(s)

2019-04-25 11:38:35 - [MESSAGE][PASSED] - Delayed 1 second(s)

2019-04-25 11:38:35 - [MESSAGE][PASSED] - Call Test Case 'Test Cases/Smart Replies/TC0618' successfully

2019-04-25 11:38:35 - [TEST_STEP][PASSED] - setText: Text 'Test' is set on object 'Object Repository/Page_KiboPush  Dashboard/input_form-control (2)'

2019-04-25 11:38:36 - [MESSAGE][PASSED] - Text 'Test' is set on object 'Object Repository/Page_KiboPush  Dashboard/input_form-control (2)'

2019-04-25 11:38:36 - [TEST_STEP][PASSED] - click: Object: 'Object Repository/Page_KiboPush  Dashboard/button_Create' is clicked on

2019-04-25 11:38:36 - [MESSAGE][PASSED] - Object: 'Object Repository/Page_KiboPush  Dashboard/button_Create' is clicked on

2019-04-25 11:38:36 - [TEST_STEP][PASSED] - scrollToPosition: Browser is scrolled to position x = 0, y = 0

2019-04-25 11:38:36 - [MESSAGE][PASSED] - Browser is scrolled to position x = 0, y = 0

2019-04-25 11:38:36 - [TEST_STEP][PASSED] - click: Object: 'Object Repository/Page_KiboPush  Create Bot/h3_Create Bot' is clicked on

2019-04-25 11:38:36 - [MESSAGE][PASSED] - Object: 'Object Repository/Page_KiboPush  Create Bot/h3_Create Bot' is clicked on]]></system-out>
         <system-err><![CDATA[]]></system-err>
      </testcase>
      <testcase name="Test Cases/Smart Replies/TC0621" classname="Test Cases/Smart Replies/TC0621" status="FAILED">
         <failure type="FAILED" message="Unable to click on object 'Object Repository/Page_KiboPush  Create Bot/h3_Create Bot' (Root cause: org.openqa.selenium.WebDriverException: unknown error: Element &lt;h3 class=&quot;m-subheader__title&quot;>...&lt;/h3> is not clickable at point (348, 118). Other element would receive the click: &lt;svg width=&quot;40&quot; height=&quot;40&quot;>...&lt;/svg>
  (Session info: chrome=73.0.3683.103)
  (Driver info: chromedriver=2.35.528161 (5b82f2d2aae0ca24b877009200ced9065a772e73),platform=Windows NT 10.0.17134 x86_64) (WARNING: The server did not provide any stacktrace information)
Command duration or timeout: 0 milliseconds
Build info: version: '3.7.1', revision: '8a0099a', time: '2017-11-06T21:07:36.161Z'
System info: host: 'DESKTOP-4M6R1V0', ip: '10.0.2.15', os.name: 'Windows 10', os.arch: 'amd64', os.version: '10.0', java.version: '1.8.0_181'
Driver info: com.kms.katalon.selenium.driver.CChromeDriver
Capabilities {acceptInsecureCerts: false, acceptSslCerts: false, applicationCacheEnabled: false, browserConnectionEnabled: false, browserName: chrome, chrome: {chromedriverVersion: 2.35.528161 (5b82f2d2aae0ca..., userDataDir: C:\Users\CLOUDK~1\AppData\L...}, cssSelectorsEnabled: true, databaseEnabled: false, handlesAlerts: true, hasTouchScreen: false, javascriptEnabled: true, locationContextEnabled: true, mobileEmulationEnabled: false, nativeEvents: true, networkConnectionEnabled: false, pageLoadStrategy: normal, platform: XP, platformName: XP, rotatable: false, setWindowRect: true, takesHeapSnapshot: true, takesScreenshot: true, unexpectedAlertBehaviour: , unhandledPromptBehavior: , version: 73.0.3683.103, webStorageEnabled: true}
Session ID: e62ec6d1ae61db9bdb08acad7b735bb2)"/>
         <system-out><![CDATA[2019-04-25 11:38:36 - [TEST_CASE][FAILED] - Test Cases/Smart Replies/TC0621: Test Cases/Smart Replies/TC0621 FAILED because (of) Unable to click on object 'Object Repository/Page_KiboPush  Create Bot/h3_Create Bot' (Root cause: org.openqa.selenium.WebDriverException: unknown error: Element <h3 class="m-subheader__title">...</h3> is not clickable at point (348, 118). Other element would receive the click: <svg width="40" height="40">...</svg>
  (Session info: chrome=73.0.3683.103)
  (Driver info: chromedriver=2.35.528161 (5b82f2d2aae0ca24b877009200ced9065a772e73),platform=Windows NT 10.0.17134 x86_64) (WARNING: The server did not provide any stacktrace information)
Command duration or timeout: 0 milliseconds
Build info: version: '3.7.1', revision: '8a0099a', time: '2017-11-06T21:07:36.161Z'
System info: host: 'DESKTOP-4M6R1V0', ip: '10.0.2.15', os.name: 'Windows 10', os.arch: 'amd64', os.version: '10.0', java.version: '1.8.0_181'
Driver info: com.kms.katalon.selenium.driver.CChromeDriver
Capabilities {acceptInsecureCerts: false, acceptSslCerts: false, applicationCacheEnabled: false, browserConnectionEnabled: false, browserName: chrome, chrome: {chromedriverVersion: 2.35.528161 (5b82f2d2aae0ca..., userDataDir: C:\Users\CLOUDK~1\AppData\L...}, cssSelectorsEnabled: true, databaseEnabled: false, handlesAlerts: true, hasTouchScreen: false, javascriptEnabled: true, locationContextEnabled: true, mobileEmulationEnabled: false, nativeEvents: true, networkConnectionEnabled: false, pageLoadStrategy: normal, platform: XP, platformName: XP, rotatable: false, setWindowRect: true, takesHeapSnapshot: true, takesScreenshot: true, unexpectedAlertBehaviour: , unhandledPromptBehavior: , version: 73.0.3683.103, webStorageEnabled: true}
Session ID: e62ec6d1ae61db9bdb08acad7b735bb2)

2019-04-25 11:38:37 - [TEST_STEP][FAILED] - callTestCase: Unable to call Test Case with id 'Test Cases/Smart Replies/TC0619' (Root cause: Call Test Case 'Test Cases/Smart Replies/TC0619' failed)

2019-04-25 11:38:37 - [TEST_CASE][FAILED] - Test Cases/Smart Replies/TC0619: Test Cases/Smart Replies/TC0619 FAILED because (of) Unable to click on object 'Object Repository/Page_KiboPush  Create Bot/h3_Create Bot' (Root cause: org.openqa.selenium.WebDriverException: unknown error: Element <h3 class="m-subheader__title">...</h3> is not clickable at point (348, 118). Other element would receive the click: <svg width="40" height="40">...</svg>
  (Session info: chrome=73.0.3683.103)
  (Driver info: chromedriver=2.35.528161 (5b82f2d2aae0ca24b877009200ced9065a772e73),platform=Windows NT 10.0.17134 x86_64) (WARNING: The server did not provide any stacktrace information)
Command duration or timeout: 0 milliseconds
Build info: version: '3.7.1', revision: '8a0099a', time: '2017-11-06T21:07:36.161Z'
System info: host: 'DESKTOP-4M6R1V0', ip: '10.0.2.15', os.name: 'Windows 10', os.arch: 'amd64', os.version: '10.0', java.version: '1.8.0_181'
Driver info: com.kms.katalon.selenium.driver.CChromeDriver
Capabilities {acceptInsecureCerts: false, acceptSslCerts: false, applicationCacheEnabled: false, browserConnectionEnabled: false, browserName: chrome, chrome: {chromedriverVersion: 2.35.528161 (5b82f2d2aae0ca..., userDataDir: C:\Users\CLOUDK~1\AppData\L...}, cssSelectorsEnabled: true, databaseEnabled: false, handlesAlerts: true, hasTouchScreen: false, javascriptEnabled: true, locationContextEnabled: true, mobileEmulationEnabled: false, nativeEvents: true, networkConnectionEnabled: false, pageLoadStrategy: normal, platform: XP, platformName: XP, rotatable: false, setWindowRect: true, takesHeapSnapshot: true, takesScreenshot: true, unexpectedAlertBehaviour: , unhandledPromptBehavior: , version: 73.0.3683.103, webStorageEnabled: true}
Session ID: e62ec6d1ae61db9bdb08acad7b735bb2)

2019-04-25 11:38:37 - [TEST_STEP][PASSED] - callTestCase: Call Test Case 'Test Cases/Smart Replies/TC0618' successfully

2019-04-25 11:38:37 - [TEST_CASE][PASSED] - Test Cases/Smart Replies/TC0618: Test Cases/Smart Replies/TC0618

2019-04-25 11:38:37 - [TEST_STEP][PASSED] - callTestCase: Call Test Case 'Test Cases/s-sidebar_navigation/individualAccount/Smart Replies' successfully

2019-04-25 11:38:37 - [TEST_CASE][PASSED] - Test Cases/s-sidebar_navigation/individualAccount/Smart Replies: Test Cases/s-sidebar_navigation/individualAccount/Smart Replies

2019-04-25 11:38:37 - [TEST_STEP][PASSED] - click: Object: 'Object Repository/Page_KiboPush  Dashboard/span_Dashboard' is clicked on

2019-04-25 11:38:38 - [MESSAGE][PASSED] - Object: 'Object Repository/Page_KiboPush  Dashboard/span_Dashboard' is clicked on

2019-04-25 11:38:38 - [TEST_STEP][PASSED] - delay: Delayed 2 second(s)

2019-04-25 11:38:40 - [MESSAGE][PASSED] - Delayed 2 second(s)

2019-04-25 11:38:40 - [TEST_STEP][PASSED] - click: Object: 'Object Repository/Page_KiboPush  Dashboard/span_Smart Replies' is clicked on

2019-04-25 11:38:40 - [MESSAGE][PASSED] - Object: 'Object Repository/Page_KiboPush  Dashboard/span_Smart Replies' is clicked on

2019-04-25 11:38:40 - [TEST_STEP][PASSED] - scrollToPosition: Browser is scrolled to position x = 0, y = 0

2019-04-25 11:38:40 - [MESSAGE][PASSED] - Browser is scrolled to position x = 0, y = 0

2019-04-25 11:38:40 - [TEST_STEP][PASSED] - delay: Delayed 2 second(s)

2019-04-25 11:38:42 - [MESSAGE][PASSED] - Delayed 2 second(s)

2019-04-25 11:38:42 - [TEST_STEP][PASSED] - click: Object: 'Object Repository/Page_KiboPush  Dashboard/h3_Manage Bots' is clicked on

2019-04-25 11:38:42 - [MESSAGE][PASSED] - Object: 'Object Repository/Page_KiboPush  Dashboard/h3_Manage Bots' is clicked on

2019-04-25 11:38:42 - [MESSAGE][PASSED] - Call Test Case 'Test Cases/s-sidebar_navigation/individualAccount/Smart Replies' successfully

2019-04-25 11:38:42 - [TEST_STEP][PASSED] - delay: Delayed 3 second(s)

2019-04-25 11:38:45 - [MESSAGE][PASSED] - Delayed 3 second(s)

2019-04-25 11:38:45 - [TEST_STEP][PASSED] - click: Object: 'Object Repository/Page_KiboChat  Bots/button_Create New' is clicked on

2019-04-25 11:38:46 - [MESSAGE][PASSED] - Object: 'Object Repository/Page_KiboChat  Bots/button_Create New' is clicked on

2019-04-25 11:38:46 - [TEST_STEP][PASSED] - delay: Delayed 1 second(s)

2019-04-25 11:38:47 - [MESSAGE][PASSED] - Delayed 1 second(s)

2019-04-25 11:38:47 - [MESSAGE][PASSED] - Call Test Case 'Test Cases/Smart Replies/TC0618' successfully

2019-04-25 11:38:47 - [TEST_STEP][PASSED] - setText: Text 'Test' is set on object 'Object Repository/Page_KiboPush  Dashboard/input_form-control (2)'

2019-04-25 11:38:47 - [MESSAGE][PASSED] - Text 'Test' is set on object 'Object Repository/Page_KiboPush  Dashboard/input_form-control (2)'

2019-04-25 11:38:47 - [TEST_STEP][PASSED] - click: Object: 'Object Repository/Page_KiboPush  Dashboard/button_Create' is clicked on

2019-04-25 11:38:47 - [MESSAGE][PASSED] - Object: 'Object Repository/Page_KiboPush  Dashboard/button_Create' is clicked on

2019-04-25 11:38:47 - [TEST_STEP][PASSED] - scrollToPosition: Browser is scrolled to position x = 0, y = 0

2019-04-25 11:38:47 - [MESSAGE][PASSED] - Browser is scrolled to position x = 0, y = 0

2019-04-25 11:38:47 - [TEST_STEP][FAILED] - click: Unable to click on object 'Object Repository/Page_KiboPush  Create Bot/h3_Create Bot' (Root cause: org.openqa.selenium.WebDriverException: unknown error: Element <h3 class="m-subheader__title">...</h3> is not clickable at point (348, 118). Other element would receive the click: <svg width="40" height="40">...</svg>
  (Session info: chrome=73.0.3683.103)
  (Driver info: chromedriver=2.35.528161 (5b82f2d2aae0ca24b877009200ced9065a772e73),platform=Windows NT 10.0.17134 x86_64) (WARNING: The server did not provide any stacktrace information)
Command duration or timeout: 0 milliseconds
Build info: version: '3.7.1', revision: '8a0099a', time: '2017-11-06T21:07:36.161Z'
System info: host: 'DESKTOP-4M6R1V0', ip: '10.0.2.15', os.name: 'Windows 10', os.arch: 'amd64', os.version: '10.0', java.version: '1.8.0_181'
Driver info: com.kms.katalon.selenium.driver.CChromeDriver
Capabilities {acceptInsecureCerts: false, acceptSslCerts: false, applicationCacheEnabled: false, browserConnectionEnabled: false, browserName: chrome, chrome: {chromedriverVersion: 2.35.528161 (5b82f2d2aae0ca..., userDataDir: C:\Users\CLOUDK~1\AppData\L...}, cssSelectorsEnabled: true, databaseEnabled: false, handlesAlerts: true, hasTouchScreen: false, javascriptEnabled: true, locationContextEnabled: true, mobileEmulationEnabled: false, nativeEvents: true, networkConnectionEnabled: false, pageLoadStrategy: normal, platform: XP, platformName: XP, rotatable: false, setWindowRect: true, takesHeapSnapshot: true, takesScreenshot: true, unexpectedAlertBehaviour: , unhandledPromptBehavior: , version: 73.0.3683.103, webStorageEnabled: true}
Session ID: e62ec6d1ae61db9bdb08acad7b735bb2)

2019-04-25 11:38:48 - [MESSAGE][FAILED] - Unable to click on object 'Object Repository/Page_KiboPush  Create Bot/h3_Create Bot' (Root cause: org.openqa.selenium.WebDriverException: unknown error: Element <h3 class="m-subheader__title">...</h3> is not clickable at point (348, 118). Other element would receive the click: <svg width="40" height="40">...</svg>
  (Session info: chrome=73.0.3683.103)
  (Driver info: chromedriver=2.35.528161 (5b82f2d2aae0ca24b877009200ced9065a772e73),platform=Windows NT 10.0.17134 x86_64) (WARNING: The server did not provide any stacktrace information)
Command duration or timeout: 0 milliseconds
Build info: version: '3.7.1', revision: '8a0099a', time: '2017-11-06T21:07:36.161Z'
System info: host: 'DESKTOP-4M6R1V0', ip: '10.0.2.15', os.name: 'Windows 10', os.arch: 'amd64', os.version: '10.0', java.version: '1.8.0_181'
Driver info: com.kms.katalon.selenium.driver.CChromeDriver
Capabilities {acceptInsecureCerts: false, acceptSslCerts: false, applicationCacheEnabled: false, browserConnectionEnabled: false, browserName: chrome, chrome: {chromedriverVersion: 2.35.528161 (5b82f2d2aae0ca..., userDataDir: C:\Users\CLOUDK~1\AppData\L...}, cssSelectorsEnabled: true, databaseEnabled: false, handlesAlerts: true, hasTouchScreen: false, javascriptEnabled: true, locationContextEnabled: true, mobileEmulationEnabled: false, nativeEvents: true, networkConnectionEnabled: false, pageLoadStrategy: normal, platform: XP, platformName: XP, rotatable: false, setWindowRect: true, takesHeapSnapshot: true, takesScreenshot: true, unexpectedAlertBehaviour: , unhandledPromptBehavior: , version: 73.0.3683.103, webStorageEnabled: true}
Session ID: e62ec6d1ae61db9bdb08acad7b735bb2)
[[ATTACHMENT|C:\\Users\\cloudkibo\\Desktop\\KiboPush_Automated_Testing\\KiboPush Katalon\\Reports\\smart replies\\20190425_113648\\1556174328058.png]]

2019-04-25 11:38:48 - [MESSAGE][FAILED] - Unable to call Test Case with id 'Test Cases/Smart Replies/TC0619' (Root cause: Call Test Case 'Test Cases/Smart Replies/TC0619' failed)]]></system-out>
         <system-err><![CDATA[2019-04-25 11:38:36 - [TEST_CASE][FAILED] - Test Cases/Smart Replies/TC0621: Test Cases/Smart Replies/TC0621 FAILED because (of) Unable to click on object 'Object Repository/Page_KiboPush  Create Bot/h3_Create Bot' (Root cause: org.openqa.selenium.WebDriverException: unknown error: Element <h3 class="m-subheader__title">...</h3> is not clickable at point (348, 118). Other element would receive the click: <svg width="40" height="40">...</svg>
  (Session info: chrome=73.0.3683.103)
  (Driver info: chromedriver=2.35.528161 (5b82f2d2aae0ca24b877009200ced9065a772e73),platform=Windows NT 10.0.17134 x86_64) (WARNING: The server did not provide any stacktrace information)
Command duration or timeout: 0 milliseconds
Build info: version: '3.7.1', revision: '8a0099a', time: '2017-11-06T21:07:36.161Z'
System info: host: 'DESKTOP-4M6R1V0', ip: '10.0.2.15', os.name: 'Windows 10', os.arch: 'amd64', os.version: '10.0', java.version: '1.8.0_181'
Driver info: com.kms.katalon.selenium.driver.CChromeDriver
Capabilities {acceptInsecureCerts: false, acceptSslCerts: false, applicationCacheEnabled: false, browserConnectionEnabled: false, browserName: chrome, chrome: {chromedriverVersion: 2.35.528161 (5b82f2d2aae0ca..., userDataDir: C:\Users\CLOUDK~1\AppData\L...}, cssSelectorsEnabled: true, databaseEnabled: false, handlesAlerts: true, hasTouchScreen: false, javascriptEnabled: true, locationContextEnabled: true, mobileEmulationEnabled: false, nativeEvents: true, networkConnectionEnabled: false, pageLoadStrategy: normal, platform: XP, platformName: XP, rotatable: false, setWindowRect: true, takesHeapSnapshot: true, takesScreenshot: true, unexpectedAlertBehaviour: , unhandledPromptBehavior: , version: 73.0.3683.103, webStorageEnabled: true}
Session ID: e62ec6d1ae61db9bdb08acad7b735bb2)]]></system-err>
      </testcase>
      <testcase name="Test Cases/Smart Replies/TC0622" classname="Test Cases/Smart Replies/TC0622" status="PASSED">
         <system-out><![CDATA[2019-04-25 11:38:48 - [TEST_CASE][PASSED] - Test Cases/Smart Replies/TC0622: Test Cases/Smart Replies/TC0622

2019-04-25 11:38:48 - [TEST_STEP][PASSED] - callTestCase: Call Test Case 'Test Cases/Smart Replies/TC0622_n' successfully

2019-04-25 11:38:48 - [TEST_CASE][PASSED] - Test Cases/Smart Replies/TC0622_n: Test Cases/Smart Replies/TC0622_n

2019-04-25 11:38:49 - [TEST_STEP][PASSED] - callTestCase: Call Test Case 'Test Cases/Smart Replies/TC0619' successfully

2019-04-25 11:38:49 - [TEST_CASE][PASSED] - Test Cases/Smart Replies/TC0619: Test Cases/Smart Replies/TC0619

2019-04-25 11:38:49 - [TEST_STEP][PASSED] - callTestCase: Call Test Case 'Test Cases/Smart Replies/TC0618' successfully

2019-04-25 11:38:49 - [TEST_CASE][PASSED] - Test Cases/Smart Replies/TC0618: Test Cases/Smart Replies/TC0618

2019-04-25 11:38:49 - [TEST_STEP][PASSED] - callTestCase: Call Test Case 'Test Cases/s-sidebar_navigation/individualAccount/Smart Replies' successfully

2019-04-25 11:38:49 - [TEST_CASE][PASSED] - Test Cases/s-sidebar_navigation/individualAccount/Smart Replies: Test Cases/s-sidebar_navigation/individualAccount/Smart Replies

2019-04-25 11:38:49 - [TEST_STEP][PASSED] - click: Object: 'Object Repository/Page_KiboPush  Dashboard/span_Dashboard' is clicked on

2019-04-25 11:38:50 - [MESSAGE][PASSED] - Object: 'Object Repository/Page_KiboPush  Dashboard/span_Dashboard' is clicked on

2019-04-25 11:38:50 - [TEST_STEP][PASSED] - delay: Delayed 2 second(s)

2019-04-25 11:38:52 - [MESSAGE][PASSED] - Delayed 2 second(s)

2019-04-25 11:38:52 - [TEST_STEP][PASSED] - click: Object: 'Object Repository/Page_KiboPush  Dashboard/span_Smart Replies' is clicked on

2019-04-25 11:38:52 - [MESSAGE][PASSED] - Object: 'Object Repository/Page_KiboPush  Dashboard/span_Smart Replies' is clicked on

2019-04-25 11:38:52 - [TEST_STEP][PASSED] - scrollToPosition: Browser is scrolled to position x = 0, y = 0

2019-04-25 11:38:52 - [MESSAGE][PASSED] - Browser is scrolled to position x = 0, y = 0

2019-04-25 11:38:52 - [TEST_STEP][PASSED] - delay: Delayed 2 second(s)

2019-04-25 11:38:54 - [MESSAGE][PASSED] - Delayed 2 second(s)

2019-04-25 11:38:54 - [TEST_STEP][PASSED] - click: Object: 'Object Repository/Page_KiboPush  Dashboard/h3_Manage Bots' is clicked on

2019-04-25 11:38:54 - [MESSAGE][PASSED] - Object: 'Object Repository/Page_KiboPush  Dashboard/h3_Manage Bots' is clicked on

2019-04-25 11:38:54 - [MESSAGE][PASSED] - Call Test Case 'Test Cases/s-sidebar_navigation/individualAccount/Smart Replies' successfully

2019-04-25 11:38:54 - [TEST_STEP][PASSED] - delay: Delayed 3 second(s)

2019-04-25 11:38:57 - [MESSAGE][PASSED] - Delayed 3 second(s)

2019-04-25 11:38:57 - [TEST_STEP][PASSED] - click: Object: 'Object Repository/Page_KiboChat  Bots/button_Create New' is clicked on

2019-04-25 11:38:58 - [MESSAGE][PASSED] - Object: 'Object Repository/Page_KiboChat  Bots/button_Create New' is clicked on

2019-04-25 11:38:58 - [TEST_STEP][PASSED] - delay: Delayed 1 second(s)

2019-04-25 11:38:59 - [MESSAGE][PASSED] - Delayed 1 second(s)

2019-04-25 11:38:59 - [MESSAGE][PASSED] - Call Test Case 'Test Cases/Smart Replies/TC0618' successfully

2019-04-25 11:38:59 - [TEST_STEP][PASSED] - setText: Text 'Test' is set on object 'Object Repository/Page_KiboPush  Dashboard/input_form-control (2)'

2019-04-25 11:38:59 - [MESSAGE][PASSED] - Text 'Test' is set on object 'Object Repository/Page_KiboPush  Dashboard/input_form-control (2)'

2019-04-25 11:38:59 - [TEST_STEP][PASSED] - click: Object: 'Object Repository/Page_KiboPush  Dashboard/button_Create' is clicked on

2019-04-25 11:39:00 - [MESSAGE][PASSED] - Object: 'Object Repository/Page_KiboPush  Dashboard/button_Create' is clicked on

2019-04-25 11:39:00 - [TEST_STEP][PASSED] - scrollToPosition: Browser is scrolled to position x = 0, y = 0

2019-04-25 11:39:00 - [MESSAGE][PASSED] - Browser is scrolled to position x = 0, y = 0

2019-04-25 11:39:00 - [TEST_STEP][PASSED] - click: Object: 'Object Repository/Page_KiboPush  Create Bot/h3_Create Bot' is clicked on

2019-04-25 11:39:00 - [MESSAGE][PASSED] - Object: 'Object Repository/Page_KiboPush  Create Bot/h3_Create Bot' is clicked on

2019-04-25 11:39:00 - [MESSAGE][PASSED] - Call Test Case 'Test Cases/Smart Replies/TC0619' successfully

2019-04-25 11:39:00 - [TEST_STEP][PASSED] - click: Object: 'Object Repository/Page_KiboPush  Create Bot/button_Add Questions' is clicked on

2019-04-25 11:39:00 - [MESSAGE][PASSED] - Object: 'Object Repository/Page_KiboPush  Create Bot/button_Add Questions' is clicked on

2019-04-25 11:39:00 - [TEST_STEP][PASSED] - delay: Delayed 2 second(s)

2019-04-25 11:39:02 - [MESSAGE][PASSED] - Delayed 2 second(s)

2019-04-25 11:39:02 - [TEST_STEP][PASSED] - setText: Text 'How are you?' is set on object 'Object Repository/Page_KiboPush  Create Bot/Bot Question1'

2019-04-25 11:39:03 - [MESSAGE][PASSED] - Text 'How are you?' is set on object 'Object Repository/Page_KiboPush  Create Bot/Bot Question1'

2019-04-25 11:39:03 - [TEST_STEP][PASSED] - delay: Delayed 2 second(s)

2019-04-25 11:39:05 - [MESSAGE][PASSED] - Delayed 2 second(s)

2019-04-25 11:39:05 - [TEST_STEP][PASSED] - setText: Text 'How are you doing?' is set on object 'Object Repository/Page_KiboPush  Create Bot/Bot Question2'

2019-04-25 11:39:06 - [MESSAGE][PASSED] - Text 'How are you doing?' is set on object 'Object Repository/Page_KiboPush  Create Bot/Bot Question2'

2019-04-25 11:39:06 - [TEST_STEP][PASSED] - delay: Delayed 2 second(s)

2019-04-25 11:39:08 - [MESSAGE][PASSED] - Delayed 2 second(s)

2019-04-25 11:39:08 - [TEST_STEP][PASSED] - setText: Text 'How are you feeling?' is set on object 'Object Repository/Page_KiboPush  Create Bot/Bot Question3'

2019-04-25 11:39:08 - [MESSAGE][PASSED] - Text 'How are you feeling?' is set on object 'Object Repository/Page_KiboPush  Create Bot/Bot Question3'

2019-04-25 11:39:08 - [TEST_STEP][PASSED] - delay: Delayed 2 second(s)

2019-04-25 11:39:10 - [MESSAGE][PASSED] - Delayed 2 second(s)

2019-04-25 11:39:10 - [TEST_STEP][PASSED] - setText: Text 'I am doing good.' is set on object 'Object Repository/Page_KiboPush  Create Bot/Bot Answer Questions'

2019-04-25 11:39:11 - [MESSAGE][PASSED] - Text 'I am doing good.' is set on object 'Object Repository/Page_KiboPush  Create Bot/Bot Answer Questions'

2019-04-25 11:39:11 - [TEST_STEP][PASSED] - delay: Delayed 2 second(s)

2019-04-25 11:39:13 - [MESSAGE][PASSED] - Delayed 2 second(s)

2019-04-25 11:39:13 - [MESSAGE][PASSED] - Call Test Case 'Test Cases/Smart Replies/TC0622_n' successfully

2019-04-25 11:39:13 - [TEST_STEP][PASSED] - click: Object: 'Object Repository/Page_KiboPush  Create Bot/button_Add More' is clicked on

2019-04-25 11:39:13 - [MESSAGE][PASSED] - Object: 'Object Repository/Page_KiboPush  Create Bot/button_Add More' is clicked on

2019-04-25 11:39:13 - [TEST_STEP][PASSED] - delay: Delayed 2 second(s)

2019-04-25 11:39:15 - [MESSAGE][PASSED] - Delayed 2 second(s)]]></system-out>
         <system-err><![CDATA[]]></system-err>
      </testcase>
      <testcase name="Test Cases/Smart Replies/TC0622_n" classname="Test Cases/Smart Replies/TC0622_n" status="PASSED">
         <system-out><![CDATA[2019-04-25 11:39:15 - [TEST_CASE][PASSED] - Test Cases/Smart Replies/TC0622_n: Test Cases/Smart Replies/TC0622_n

2019-04-25 11:39:15 - [TEST_STEP][PASSED] - callTestCase: Call Test Case 'Test Cases/Smart Replies/TC0619' successfully

2019-04-25 11:39:15 - [TEST_CASE][PASSED] - Test Cases/Smart Replies/TC0619: Test Cases/Smart Replies/TC0619

2019-04-25 11:39:15 - [TEST_STEP][PASSED] - callTestCase: Call Test Case 'Test Cases/Smart Replies/TC0618' successfully

2019-04-25 11:39:15 - [TEST_CASE][PASSED] - Test Cases/Smart Replies/TC0618: Test Cases/Smart Replies/TC0618

2019-04-25 11:39:15 - [TEST_STEP][PASSED] - callTestCase: Call Test Case 'Test Cases/s-sidebar_navigation/individualAccount/Smart Replies' successfully

2019-04-25 11:39:15 - [TEST_CASE][PASSED] - Test Cases/s-sidebar_navigation/individualAccount/Smart Replies: Test Cases/s-sidebar_navigation/individualAccount/Smart Replies

2019-04-25 11:39:15 - [TEST_STEP][PASSED] - click: Object: 'Object Repository/Page_KiboPush  Dashboard/span_Dashboard' is clicked on

2019-04-25 11:39:16 - [MESSAGE][PASSED] - Object: 'Object Repository/Page_KiboPush  Dashboard/span_Dashboard' is clicked on

2019-04-25 11:39:16 - [TEST_STEP][PASSED] - delay: Delayed 2 second(s)

2019-04-25 11:39:18 - [MESSAGE][PASSED] - Delayed 2 second(s)

2019-04-25 11:39:18 - [TEST_STEP][PASSED] - click: Object: 'Object Repository/Page_KiboPush  Dashboard/span_Smart Replies' is clicked on

2019-04-25 11:39:18 - [MESSAGE][PASSED] - Object: 'Object Repository/Page_KiboPush  Dashboard/span_Smart Replies' is clicked on

2019-04-25 11:39:18 - [TEST_STEP][PASSED] - scrollToPosition: Browser is scrolled to position x = 0, y = 0

2019-04-25 11:39:18 - [MESSAGE][PASSED] - Browser is scrolled to position x = 0, y = 0

2019-04-25 11:39:18 - [TEST_STEP][PASSED] - delay: Delayed 2 second(s)

2019-04-25 11:39:20 - [MESSAGE][PASSED] - Delayed 2 second(s)

2019-04-25 11:39:20 - [TEST_STEP][PASSED] - click: Object: 'Object Repository/Page_KiboPush  Dashboard/h3_Manage Bots' is clicked on

2019-04-25 11:39:21 - [MESSAGE][PASSED] - Object: 'Object Repository/Page_KiboPush  Dashboard/h3_Manage Bots' is clicked on

2019-04-25 11:39:21 - [MESSAGE][PASSED] - Call Test Case 'Test Cases/s-sidebar_navigation/individualAccount/Smart Replies' successfully

2019-04-25 11:39:21 - [TEST_STEP][PASSED] - delay: Delayed 3 second(s)

2019-04-25 11:39:24 - [MESSAGE][PASSED] - Delayed 3 second(s)

2019-04-25 11:39:24 - [TEST_STEP][PASSED] - click: Object: 'Object Repository/Page_KiboChat  Bots/button_Create New' is clicked on

2019-04-25 11:39:24 - [MESSAGE][PASSED] - Object: 'Object Repository/Page_KiboChat  Bots/button_Create New' is clicked on

2019-04-25 11:39:24 - [TEST_STEP][PASSED] - delay: Delayed 1 second(s)

2019-04-25 11:39:25 - [MESSAGE][PASSED] - Delayed 1 second(s)

2019-04-25 11:39:25 - [MESSAGE][PASSED] - Call Test Case 'Test Cases/Smart Replies/TC0618' successfully

2019-04-25 11:39:25 - [TEST_STEP][PASSED] - setText: Text 'Test' is set on object 'Object Repository/Page_KiboPush  Dashboard/input_form-control (2)'

2019-04-25 11:39:26 - [MESSAGE][PASSED] - Text 'Test' is set on object 'Object Repository/Page_KiboPush  Dashboard/input_form-control (2)'

2019-04-25 11:39:26 - [TEST_STEP][PASSED] - click: Object: 'Object Repository/Page_KiboPush  Dashboard/button_Create' is clicked on

2019-04-25 11:39:26 - [MESSAGE][PASSED] - Object: 'Object Repository/Page_KiboPush  Dashboard/button_Create' is clicked on

2019-04-25 11:39:26 - [TEST_STEP][PASSED] - scrollToPosition: Browser is scrolled to position x = 0, y = 0

2019-04-25 11:39:26 - [MESSAGE][PASSED] - Browser is scrolled to position x = 0, y = 0

2019-04-25 11:39:26 - [TEST_STEP][PASSED] - click: Object: 'Object Repository/Page_KiboPush  Create Bot/h3_Create Bot' is clicked on

2019-04-25 11:39:27 - [MESSAGE][PASSED] - Object: 'Object Repository/Page_KiboPush  Create Bot/h3_Create Bot' is clicked on

2019-04-25 11:39:27 - [MESSAGE][PASSED] - Call Test Case 'Test Cases/Smart Replies/TC0619' successfully

2019-04-25 11:39:27 - [TEST_STEP][PASSED] - click: Object: 'Object Repository/Page_KiboPush  Create Bot/button_Add Questions' is clicked on

2019-04-25 11:39:28 - [MESSAGE][PASSED] - Object: 'Object Repository/Page_KiboPush  Create Bot/button_Add Questions' is clicked on

2019-04-25 11:39:28 - [TEST_STEP][PASSED] - delay: Delayed 2 second(s)

2019-04-25 11:39:30 - [MESSAGE][PASSED] - Delayed 2 second(s)

2019-04-25 11:39:30 - [TEST_STEP][PASSED] - setText: Text 'How are you?' is set on object 'Object Repository/Page_KiboPush  Create Bot/Bot Question1'

2019-04-25 11:39:30 - [MESSAGE][PASSED] - Text 'How are you?' is set on object 'Object Repository/Page_KiboPush  Create Bot/Bot Question1'

2019-04-25 11:39:30 - [TEST_STEP][PASSED] - delay: Delayed 2 second(s)

2019-04-25 11:39:32 - [MESSAGE][PASSED] - Delayed 2 second(s)

2019-04-25 11:39:32 - [TEST_STEP][PASSED] - setText: Text 'How are you doing?' is set on object 'Object Repository/Page_KiboPush  Create Bot/Bot Question2'

2019-04-25 11:39:33 - [MESSAGE][PASSED] - Text 'How are you doing?' is set on object 'Object Repository/Page_KiboPush  Create Bot/Bot Question2'

2019-04-25 11:39:33 - [TEST_STEP][PASSED] - delay: Delayed 2 second(s)

2019-04-25 11:39:35 - [MESSAGE][PASSED] - Delayed 2 second(s)

2019-04-25 11:39:35 - [TEST_STEP][PASSED] - setText: Text 'How are you feeling?' is set on object 'Object Repository/Page_KiboPush  Create Bot/Bot Question3'

2019-04-25 11:39:36 - [MESSAGE][PASSED] - Text 'How are you feeling?' is set on object 'Object Repository/Page_KiboPush  Create Bot/Bot Question3'

2019-04-25 11:39:36 - [TEST_STEP][PASSED] - delay: Delayed 2 second(s)

2019-04-25 11:39:38 - [MESSAGE][PASSED] - Delayed 2 second(s)

2019-04-25 11:39:38 - [TEST_STEP][PASSED] - setText: Text 'I am doing good.' is set on object 'Object Repository/Page_KiboPush  Create Bot/Bot Answer Questions'

2019-04-25 11:39:39 - [MESSAGE][PASSED] - Text 'I am doing good.' is set on object 'Object Repository/Page_KiboPush  Create Bot/Bot Answer Questions'

2019-04-25 11:39:39 - [TEST_STEP][PASSED] - delay: Delayed 2 second(s)

2019-04-25 11:39:41 - [MESSAGE][PASSED] - Delayed 2 second(s)]]></system-out>
         <system-err><![CDATA[]]></system-err>
      </testcase>
      <testcase name="Test Cases/Smart Replies/TC0623" classname="Test Cases/Smart Replies/TC0623" status="PASSED">
         <system-out><![CDATA[2019-04-25 11:39:41 - [TEST_CASE][PASSED] - Test Cases/Smart Replies/TC0623: Test Cases/Smart Replies/TC0623

2019-04-25 11:39:42 - [TEST_STEP][PASSED] - callTestCase: Call Test Case 'Test Cases/Smart Replies/TC0622' successfully

2019-04-25 11:39:42 - [TEST_CASE][PASSED] - Test Cases/Smart Replies/TC0622: Test Cases/Smart Replies/TC0622

2019-04-25 11:39:42 - [TEST_STEP][PASSED] - callTestCase: Call Test Case 'Test Cases/Smart Replies/TC0622_n' successfully

2019-04-25 11:39:42 - [TEST_CASE][PASSED] - Test Cases/Smart Replies/TC0622_n: Test Cases/Smart Replies/TC0622_n

2019-04-25 11:39:42 - [TEST_STEP][PASSED] - callTestCase: Call Test Case 'Test Cases/Smart Replies/TC0619' successfully

2019-04-25 11:39:42 - [TEST_CASE][PASSED] - Test Cases/Smart Replies/TC0619: Test Cases/Smart Replies/TC0619

2019-04-25 11:39:42 - [TEST_STEP][PASSED] - callTestCase: Call Test Case 'Test Cases/Smart Replies/TC0618' successfully

2019-04-25 11:39:42 - [TEST_CASE][PASSED] - Test Cases/Smart Replies/TC0618: Test Cases/Smart Replies/TC0618

2019-04-25 11:39:42 - [TEST_STEP][PASSED] - callTestCase: Call Test Case 'Test Cases/s-sidebar_navigation/individualAccount/Smart Replies' successfully

2019-04-25 11:39:42 - [TEST_CASE][PASSED] - Test Cases/s-sidebar_navigation/individualAccount/Smart Replies: Test Cases/s-sidebar_navigation/individualAccount/Smart Replies

2019-04-25 11:39:42 - [TEST_STEP][PASSED] - click: Object: 'Object Repository/Page_KiboPush  Dashboard/span_Dashboard' is clicked on

2019-04-25 11:39:43 - [MESSAGE][PASSED] - Object: 'Object Repository/Page_KiboPush  Dashboard/span_Dashboard' is clicked on

2019-04-25 11:39:43 - [TEST_STEP][PASSED] - delay: Delayed 2 second(s)

2019-04-25 11:39:45 - [MESSAGE][PASSED] - Delayed 2 second(s)

2019-04-25 11:39:45 - [TEST_STEP][PASSED] - click: Object: 'Object Repository/Page_KiboPush  Dashboard/span_Smart Replies' is clicked on

2019-04-25 11:39:46 - [MESSAGE][PASSED] - Object: 'Object Repository/Page_KiboPush  Dashboard/span_Smart Replies' is clicked on

2019-04-25 11:39:46 - [TEST_STEP][PASSED] - scrollToPosition: Browser is scrolled to position x = 0, y = 0

2019-04-25 11:39:46 - [MESSAGE][PASSED] - Browser is scrolled to position x = 0, y = 0

2019-04-25 11:39:46 - [TEST_STEP][PASSED] - delay: Delayed 2 second(s)

2019-04-25 11:39:48 - [MESSAGE][PASSED] - Delayed 2 second(s)

2019-04-25 11:39:48 - [TEST_STEP][PASSED] - click: Object: 'Object Repository/Page_KiboPush  Dashboard/h3_Manage Bots' is clicked on

2019-04-25 11:39:48 - [MESSAGE][PASSED] - Object: 'Object Repository/Page_KiboPush  Dashboard/h3_Manage Bots' is clicked on

2019-04-25 11:39:48 - [MESSAGE][PASSED] - Call Test Case 'Test Cases/s-sidebar_navigation/individualAccount/Smart Replies' successfully

2019-04-25 11:39:48 - [TEST_STEP][PASSED] - delay: Delayed 3 second(s)

2019-04-25 11:39:51 - [MESSAGE][PASSED] - Delayed 3 second(s)

2019-04-25 11:39:51 - [TEST_STEP][PASSED] - click: Object: 'Object Repository/Page_KiboChat  Bots/button_Create New' is clicked on

2019-04-25 11:39:51 - [MESSAGE][PASSED] - Object: 'Object Repository/Page_KiboChat  Bots/button_Create New' is clicked on

2019-04-25 11:39:51 - [TEST_STEP][PASSED] - delay: Delayed 1 second(s)

2019-04-25 11:39:52 - [MESSAGE][PASSED] - Delayed 1 second(s)

2019-04-25 11:39:52 - [MESSAGE][PASSED] - Call Test Case 'Test Cases/Smart Replies/TC0618' successfully

2019-04-25 11:39:52 - [TEST_STEP][PASSED] - setText: Text 'Test' is set on object 'Object Repository/Page_KiboPush  Dashboard/input_form-control (2)'

2019-04-25 11:39:53 - [MESSAGE][PASSED] - Text 'Test' is set on object 'Object Repository/Page_KiboPush  Dashboard/input_form-control (2)'

2019-04-25 11:39:53 - [TEST_STEP][PASSED] - click: Object: 'Object Repository/Page_KiboPush  Dashboard/button_Create' is clicked on

2019-04-25 11:39:53 - [MESSAGE][PASSED] - Object: 'Object Repository/Page_KiboPush  Dashboard/button_Create' is clicked on

2019-04-25 11:39:53 - [TEST_STEP][PASSED] - scrollToPosition: Browser is scrolled to position x = 0, y = 0

2019-04-25 11:39:53 - [MESSAGE][PASSED] - Browser is scrolled to position x = 0, y = 0

2019-04-25 11:39:53 - [TEST_STEP][PASSED] - click: Object: 'Object Repository/Page_KiboPush  Create Bot/h3_Create Bot' is clicked on

2019-04-25 11:39:53 - [MESSAGE][PASSED] - Object: 'Object Repository/Page_KiboPush  Create Bot/h3_Create Bot' is clicked on

2019-04-25 11:39:53 - [MESSAGE][PASSED] - Call Test Case 'Test Cases/Smart Replies/TC0619' successfully

2019-04-25 11:39:53 - [TEST_STEP][PASSED] - click: Object: 'Object Repository/Page_KiboPush  Create Bot/button_Add Questions' is clicked on

2019-04-25 11:39:54 - [MESSAGE][PASSED] - Object: 'Object Repository/Page_KiboPush  Create Bot/button_Add Questions' is clicked on

2019-04-25 11:39:54 - [TEST_STEP][PASSED] - delay: Delayed 2 second(s)

2019-04-25 11:39:56 - [MESSAGE][PASSED] - Delayed 2 second(s)

2019-04-25 11:39:56 - [TEST_STEP][PASSED] - setText: Text 'How are you?' is set on object 'Object Repository/Page_KiboPush  Create Bot/Bot Question1'

2019-04-25 11:39:56 - [MESSAGE][PASSED] - Text 'How are you?' is set on object 'Object Repository/Page_KiboPush  Create Bot/Bot Question1'

2019-04-25 11:39:56 - [TEST_STEP][PASSED] - delay: Delayed 2 second(s)

2019-04-25 11:39:58 - [MESSAGE][PASSED] - Delayed 2 second(s)

2019-04-25 11:39:58 - [TEST_STEP][PASSED] - setText: Text 'How are you doing?' is set on object 'Object Repository/Page_KiboPush  Create Bot/Bot Question2'

2019-04-25 11:39:59 - [MESSAGE][PASSED] - Text 'How are you doing?' is set on object 'Object Repository/Page_KiboPush  Create Bot/Bot Question2'

2019-04-25 11:39:59 - [TEST_STEP][PASSED] - delay: Delayed 2 second(s)

2019-04-25 11:40:01 - [MESSAGE][PASSED] - Delayed 2 second(s)

2019-04-25 11:40:01 - [TEST_STEP][PASSED] - setText: Text 'How are you feeling?' is set on object 'Object Repository/Page_KiboPush  Create Bot/Bot Question3'

2019-04-25 11:40:02 - [MESSAGE][PASSED] - Text 'How are you feeling?' is set on object 'Object Repository/Page_KiboPush  Create Bot/Bot Question3'

2019-04-25 11:40:02 - [TEST_STEP][PASSED] - delay: Delayed 2 second(s)

2019-04-25 11:40:04 - [MESSAGE][PASSED] - Delayed 2 second(s)

2019-04-25 11:40:04 - [TEST_STEP][PASSED] - setText: Text 'I am doing good.' is set on object 'Object Repository/Page_KiboPush  Create Bot/Bot Answer Questions'

2019-04-25 11:40:05 - [MESSAGE][PASSED] - Text 'I am doing good.' is set on object 'Object Repository/Page_KiboPush  Create Bot/Bot Answer Questions'

2019-04-25 11:40:05 - [TEST_STEP][PASSED] - delay: Delayed 2 second(s)

2019-04-25 11:40:07 - [MESSAGE][PASSED] - Delayed 2 second(s)

2019-04-25 11:40:07 - [MESSAGE][PASSED] - Call Test Case 'Test Cases/Smart Replies/TC0622_n' successfully

2019-04-25 11:40:07 - [TEST_STEP][PASSED] - click: Object: 'Object Repository/Page_KiboPush  Create Bot/button_Add More' is clicked on

2019-04-25 11:40:07 - [MESSAGE][PASSED] - Object: 'Object Repository/Page_KiboPush  Create Bot/button_Add More' is clicked on

2019-04-25 11:40:07 - [TEST_STEP][PASSED] - delay: Delayed 2 second(s)

2019-04-25 11:40:09 - [MESSAGE][PASSED] - Delayed 2 second(s)

2019-04-25 11:40:09 - [MESSAGE][PASSED] - Call Test Case 'Test Cases/Smart Replies/TC0622' successfully

2019-04-25 11:40:09 - [TEST_STEP][PASSED] - click: Object: 'Object Repository/Page_KiboPush  Create Bot/i_Enter several variations of' is clicked on

2019-04-25 11:40:10 - [MESSAGE][PASSED] - Object: 'Object Repository/Page_KiboPush  Create Bot/i_Enter several variations of' is clicked on]]></system-out>
         <system-err><![CDATA[]]></system-err>
      </testcase>
      <testcase name="Test Cases/Smart Replies/TC0624" classname="Test Cases/Smart Replies/TC0624" status="PASSED">
         <system-out><![CDATA[2019-04-25 11:40:10 - [TEST_CASE][PASSED] - Test Cases/Smart Replies/TC0624: Test Cases/Smart Replies/TC0624

2019-04-25 11:40:10 - [TEST_STEP][PASSED] - callTestCase: Call Test Case 'Test Cases/Smart Replies/TC0621' successfully

2019-04-25 11:40:10 - [TEST_CASE][PASSED] - Test Cases/Smart Replies/TC0621: Test Cases/Smart Replies/TC0621

2019-04-25 11:40:10 - [TEST_STEP][PASSED] - callTestCase: Call Test Case 'Test Cases/Smart Replies/TC0619' successfully

2019-04-25 11:40:10 - [TEST_CASE][PASSED] - Test Cases/Smart Replies/TC0619: Test Cases/Smart Replies/TC0619

2019-04-25 11:40:10 - [TEST_STEP][PASSED] - callTestCase: Call Test Case 'Test Cases/Smart Replies/TC0618' successfully

2019-04-25 11:40:10 - [TEST_CASE][PASSED] - Test Cases/Smart Replies/TC0618: Test Cases/Smart Replies/TC0618

2019-04-25 11:40:10 - [TEST_STEP][PASSED] - callTestCase: Call Test Case 'Test Cases/s-sidebar_navigation/individualAccount/Smart Replies' successfully

2019-04-25 11:40:10 - [TEST_CASE][PASSED] - Test Cases/s-sidebar_navigation/individualAccount/Smart Replies: Test Cases/s-sidebar_navigation/individualAccount/Smart Replies

2019-04-25 11:40:10 - [TEST_STEP][PASSED] - click: Object: 'Object Repository/Page_KiboPush  Dashboard/span_Dashboard' is clicked on

2019-04-25 11:40:11 - [MESSAGE][PASSED] - Object: 'Object Repository/Page_KiboPush  Dashboard/span_Dashboard' is clicked on

2019-04-25 11:40:11 - [TEST_STEP][PASSED] - delay: Delayed 2 second(s)

2019-04-25 11:40:13 - [MESSAGE][PASSED] - Delayed 2 second(s)

2019-04-25 11:40:13 - [TEST_STEP][PASSED] - click: Object: 'Object Repository/Page_KiboPush  Dashboard/span_Smart Replies' is clicked on

2019-04-25 11:40:14 - [MESSAGE][PASSED] - Object: 'Object Repository/Page_KiboPush  Dashboard/span_Smart Replies' is clicked on

2019-04-25 11:40:14 - [TEST_STEP][PASSED] - scrollToPosition: Browser is scrolled to position x = 0, y = 0

2019-04-25 11:40:14 - [MESSAGE][PASSED] - Browser is scrolled to position x = 0, y = 0

2019-04-25 11:40:14 - [TEST_STEP][PASSED] - delay: Delayed 2 second(s)

2019-04-25 11:40:16 - [MESSAGE][PASSED] - Delayed 2 second(s)

2019-04-25 11:40:16 - [TEST_STEP][PASSED] - click: Object: 'Object Repository/Page_KiboPush  Dashboard/h3_Manage Bots' is clicked on

2019-04-25 11:40:17 - [MESSAGE][PASSED] - Object: 'Object Repository/Page_KiboPush  Dashboard/h3_Manage Bots' is clicked on

2019-04-25 11:40:17 - [MESSAGE][PASSED] - Call Test Case 'Test Cases/s-sidebar_navigation/individualAccount/Smart Replies' successfully

2019-04-25 11:40:17 - [TEST_STEP][PASSED] - delay: Delayed 3 second(s)

2019-04-25 11:40:20 - [MESSAGE][PASSED] - Delayed 3 second(s)

2019-04-25 11:40:20 - [TEST_STEP][PASSED] - click: Object: 'Object Repository/Page_KiboChat  Bots/button_Create New' is clicked on

2019-04-25 11:40:20 - [MESSAGE][PASSED] - Object: 'Object Repository/Page_KiboChat  Bots/button_Create New' is clicked on

2019-04-25 11:40:20 - [TEST_STEP][PASSED] - delay: Delayed 1 second(s)

2019-04-25 11:40:21 - [MESSAGE][PASSED] - Delayed 1 second(s)

2019-04-25 11:40:21 - [MESSAGE][PASSED] - Call Test Case 'Test Cases/Smart Replies/TC0618' successfully

2019-04-25 11:40:21 - [TEST_STEP][PASSED] - setText: Text 'Test' is set on object 'Object Repository/Page_KiboPush  Dashboard/input_form-control (2)'

2019-04-25 11:40:22 - [MESSAGE][PASSED] - Text 'Test' is set on object 'Object Repository/Page_KiboPush  Dashboard/input_form-control (2)'

2019-04-25 11:40:22 - [TEST_STEP][PASSED] - click: Object: 'Object Repository/Page_KiboPush  Dashboard/button_Create' is clicked on

2019-04-25 11:40:22 - [MESSAGE][PASSED] - Object: 'Object Repository/Page_KiboPush  Dashboard/button_Create' is clicked on

2019-04-25 11:40:22 - [TEST_STEP][PASSED] - scrollToPosition: Browser is scrolled to position x = 0, y = 0

2019-04-25 11:40:23 - [MESSAGE][PASSED] - Browser is scrolled to position x = 0, y = 0

2019-04-25 11:40:23 - [TEST_STEP][PASSED] - click: Object: 'Object Repository/Page_KiboPush  Create Bot/h3_Create Bot' is clicked on

2019-04-25 11:40:23 - [MESSAGE][PASSED] - Object: 'Object Repository/Page_KiboPush  Create Bot/h3_Create Bot' is clicked on

2019-04-25 11:40:23 - [MESSAGE][PASSED] - Call Test Case 'Test Cases/Smart Replies/TC0619' successfully

2019-04-25 11:40:23 - [TEST_STEP][PASSED] - click: Object: 'Object Repository/Page_KiboPush  Create Bot/button_Add Questions' is clicked on

2019-04-25 11:40:24 - [MESSAGE][PASSED] - Object: 'Object Repository/Page_KiboPush  Create Bot/button_Add Questions' is clicked on

2019-04-25 11:40:24 - [MESSAGE][PASSED] - Call Test Case 'Test Cases/Smart Replies/TC0621' successfully

2019-04-25 11:40:24 - [TEST_STEP][PASSED] - click: Object: 'Object Repository/Page_KiboPush  Create Bot/span_Question1_fa fa-times' is clicked on

2019-04-25 11:40:24 - [MESSAGE][PASSED] - Object: 'Object Repository/Page_KiboPush  Create Bot/span_Question1_fa fa-times' is clicked on]]></system-out>
         <system-err><![CDATA[]]></system-err>
      </testcase>
      <testcase name="Test Cases/Smart Replies/Test-Actions-Button" classname="Test Cases/Smart Replies/Test-Actions-Button" status="PASSED">
         <system-out><![CDATA[2019-04-25 11:40:24 - [TEST_CASE][PASSED] - Test Cases/Smart Replies/Test-Actions-Button: Test Cases/Smart Replies/Test-Actions-Button

2019-04-25 11:40:25 - [TEST_STEP][PASSED] - callTestCase: Call Test Case 'Test Cases/s-sidebar_navigation/individualAccount/Smart Replies' successfully

2019-04-25 11:40:25 - [TEST_CASE][PASSED] - Test Cases/s-sidebar_navigation/individualAccount/Smart Replies: Test Cases/s-sidebar_navigation/individualAccount/Smart Replies

2019-04-25 11:40:25 - [TEST_STEP][PASSED] - click: Object: 'Object Repository/Page_KiboPush  Dashboard/span_Dashboard' is clicked on

2019-04-25 11:40:25 - [MESSAGE][PASSED] - Object: 'Object Repository/Page_KiboPush  Dashboard/span_Dashboard' is clicked on

2019-04-25 11:40:25 - [TEST_STEP][PASSED] - delay: Delayed 2 second(s)

2019-04-25 11:40:27 - [MESSAGE][PASSED] - Delayed 2 second(s)

2019-04-25 11:40:27 - [TEST_STEP][PASSED] - click: Object: 'Object Repository/Page_KiboPush  Dashboard/span_Smart Replies' is clicked on

2019-04-25 11:40:28 - [MESSAGE][PASSED] - Object: 'Object Repository/Page_KiboPush  Dashboard/span_Smart Replies' is clicked on

2019-04-25 11:40:28 - [TEST_STEP][PASSED] - scrollToPosition: Browser is scrolled to position x = 0, y = 0

2019-04-25 11:40:28 - [MESSAGE][PASSED] - Browser is scrolled to position x = 0, y = 0

2019-04-25 11:40:28 - [TEST_STEP][PASSED] - delay: Delayed 2 second(s)

2019-04-25 11:40:30 - [MESSAGE][PASSED] - Delayed 2 second(s)

2019-04-25 11:40:30 - [TEST_STEP][PASSED] - click: Object: 'Object Repository/Page_KiboPush  Dashboard/h3_Manage Bots' is clicked on

2019-04-25 11:40:30 - [MESSAGE][PASSED] - Object: 'Object Repository/Page_KiboPush  Dashboard/h3_Manage Bots' is clicked on

2019-04-25 11:40:30 - [MESSAGE][PASSED] - Call Test Case 'Test Cases/s-sidebar_navigation/individualAccount/Smart Replies' successfully

2019-04-25 11:40:30 - [TEST_STEP][PASSED] - delay: Delayed 3 second(s)

2019-04-25 11:40:33 - [MESSAGE][PASSED] - Delayed 3 second(s)

2019-04-25 11:40:33 - [TEST_STEP][PASSED] - click: Object: 'Object Repository/Page_KiboPush  Dashboard/i_la la-ellipsis-h (1)' is clicked on

2019-04-25 11:40:34 - [MESSAGE][PASSED] - Object: 'Object Repository/Page_KiboPush  Dashboard/i_la la-ellipsis-h (1)' is clicked on]]></system-out>
         <system-err><![CDATA[]]></system-err>
      </testcase>
      <testcase name="Test Cases/Smart Replies/TC0624 - delete" classname="Test Cases/Smart Replies/TC0624 - delete" status="PASSED">
         <system-out><![CDATA[2019-04-25 11:40:34 - [TEST_CASE][PASSED] - Test Cases/Smart Replies/TC0624 - delete: Test Cases/Smart Replies/TC0624 - delete

2019-04-25 11:40:34 - [TEST_STEP][PASSED] - callTestCase: Call Test Case 'Test Cases/Smart Replies/Test-Actions-Button' successfully

2019-04-25 11:40:34 - [TEST_CASE][PASSED] - Test Cases/Smart Replies/Test-Actions-Button: Test Cases/Smart Replies/Test-Actions-Button

2019-04-25 11:40:34 - [TEST_STEP][PASSED] - callTestCase: Call Test Case 'Test Cases/s-sidebar_navigation/individualAccount/Smart Replies' successfully

2019-04-25 11:40:34 - [TEST_CASE][PASSED] - Test Cases/s-sidebar_navigation/individualAccount/Smart Replies: Test Cases/s-sidebar_navigation/individualAccount/Smart Replies

2019-04-25 11:40:34 - [TEST_STEP][PASSED] - click: Object: 'Object Repository/Page_KiboPush  Dashboard/span_Dashboard' is clicked on

2019-04-25 11:40:35 - [MESSAGE][PASSED] - Object: 'Object Repository/Page_KiboPush  Dashboard/span_Dashboard' is clicked on

2019-04-25 11:40:35 - [TEST_STEP][PASSED] - delay: Delayed 2 second(s)

2019-04-25 11:40:37 - [MESSAGE][PASSED] - Delayed 2 second(s)

2019-04-25 11:40:37 - [TEST_STEP][PASSED] - click: Object: 'Object Repository/Page_KiboPush  Dashboard/span_Smart Replies' is clicked on

2019-04-25 11:40:37 - [MESSAGE][PASSED] - Object: 'Object Repository/Page_KiboPush  Dashboard/span_Smart Replies' is clicked on

2019-04-25 11:40:37 - [TEST_STEP][PASSED] - scrollToPosition: Browser is scrolled to position x = 0, y = 0

2019-04-25 11:40:38 - [MESSAGE][PASSED] - Browser is scrolled to position x = 0, y = 0

2019-04-25 11:40:38 - [TEST_STEP][PASSED] - delay: Delayed 2 second(s)

2019-04-25 11:40:40 - [MESSAGE][PASSED] - Delayed 2 second(s)

2019-04-25 11:40:40 - [TEST_STEP][PASSED] - click: Object: 'Object Repository/Page_KiboPush  Dashboard/h3_Manage Bots' is clicked on

2019-04-25 11:40:40 - [MESSAGE][PASSED] - Object: 'Object Repository/Page_KiboPush  Dashboard/h3_Manage Bots' is clicked on

2019-04-25 11:40:40 - [MESSAGE][PASSED] - Call Test Case 'Test Cases/s-sidebar_navigation/individualAccount/Smart Replies' successfully

2019-04-25 11:40:40 - [TEST_STEP][PASSED] - delay: Delayed 3 second(s)

2019-04-25 11:40:43 - [MESSAGE][PASSED] - Delayed 3 second(s)

2019-04-25 11:40:43 - [TEST_STEP][PASSED] - click: Object: 'Object Repository/Page_KiboPush  Dashboard/i_la la-ellipsis-h (1)' is clicked on

2019-04-25 11:40:43 - [MESSAGE][PASSED] - Object: 'Object Repository/Page_KiboPush  Dashboard/i_la la-ellipsis-h (1)' is clicked on

2019-04-25 11:40:43 - [MESSAGE][PASSED] - Call Test Case 'Test Cases/Smart Replies/Test-Actions-Button' successfully

2019-04-25 11:40:43 - [TEST_STEP][PASSED] - delay: Delayed 5 second(s)

2019-04-25 11:40:48 - [MESSAGE][PASSED] - Delayed 5 second(s)

2019-04-25 11:40:48 - [TEST_STEP][PASSED] - click: Object: 'Object Repository/Page_KiboPush  Dashboard/span_Delete' is clicked on

2019-04-25 11:40:49 - [MESSAGE][PASSED] - Object: 'Object Repository/Page_KiboPush  Dashboard/span_Delete' is clicked on

2019-04-25 11:40:49 - [TEST_STEP][PASSED] - delay: Delayed 2 second(s)

2019-04-25 11:40:51 - [MESSAGE][PASSED] - Delayed 2 second(s)

2019-04-25 11:40:51 - [TEST_STEP][PASSED] - click: Object: 'Object Repository/Page_KiboPush  Dashboard/button_Delete (6)' is clicked on

2019-04-25 11:40:51 - [MESSAGE][PASSED] - Object: 'Object Repository/Page_KiboPush  Dashboard/button_Delete (6)' is clicked on

2019-04-25 11:40:51 - [TEST_STEP][PASSED] - delay: Delayed 2 second(s)

2019-04-25 11:40:53 - [MESSAGE][PASSED] - Delayed 2 second(s)

2019-04-25 11:40:53 - [TEST_STEP][PASSED] - click: Object: 'Object Repository/Page_KiboPush  Dashboard/div_Bot deleted successfully' is clicked on

2019-04-25 11:40:54 - [MESSAGE][PASSED] - Object: 'Object Repository/Page_KiboPush  Dashboard/div_Bot deleted successfully' is clicked on

2019-04-25 11:40:54 - [TEST_STEP][PASSED] - delay: Delayed 5 second(s)

2019-04-25 11:40:59 - [MESSAGE][PASSED] - Delayed 5 second(s)

2019-04-25 11:40:59 - [TEST_STEP][PASSED] - click: Object: 'Object Repository/Page_KiboPush  Dashboard/i_la la-ellipsis-h (1)' is clicked on

2019-04-25 11:41:00 - [MESSAGE][PASSED] - Object: 'Object Repository/Page_KiboPush  Dashboard/i_la la-ellipsis-h (1)' is clicked on

2019-04-25 11:41:00 - [TEST_STEP][PASSED] - delay: Delayed 1 second(s)

2019-04-25 11:41:01 - [MESSAGE][PASSED] - Delayed 1 second(s)

2019-04-25 11:41:01 - [TEST_STEP][PASSED] - click: Object: 'Object Repository/Page_KiboPush  Dashboard/span_Delete' is clicked on

2019-04-25 11:41:01 - [MESSAGE][PASSED] - Object: 'Object Repository/Page_KiboPush  Dashboard/span_Delete' is clicked on

2019-04-25 11:41:01 - [TEST_STEP][PASSED] - delay: Delayed 2 second(s)

2019-04-25 11:41:03 - [MESSAGE][PASSED] - Delayed 2 second(s)

2019-04-25 11:41:03 - [TEST_STEP][PASSED] - click: Object: 'Object Repository/Page_KiboPush  Dashboard/button_Delete (6)' is clicked on

2019-04-25 11:41:03 - [MESSAGE][PASSED] - Object: 'Object Repository/Page_KiboPush  Dashboard/button_Delete (6)' is clicked on

2019-04-25 11:41:03 - [TEST_STEP][PASSED] - delay: Delayed 2 second(s)

2019-04-25 11:41:05 - [MESSAGE][PASSED] - Delayed 2 second(s)

2019-04-25 11:41:05 - [TEST_STEP][PASSED] - click: Object: 'Object Repository/Page_KiboPush  Dashboard/div_Bot deleted successfully' is clicked on

2019-04-25 11:41:06 - [MESSAGE][PASSED] - Object: 'Object Repository/Page_KiboPush  Dashboard/div_Bot deleted successfully' is clicked on

2019-04-25 11:41:06 - [TEST_STEP][PASSED] - delay: Delayed 5 second(s)

2019-04-25 11:41:11 - [MESSAGE][PASSED] - Delayed 5 second(s)]]></system-out>
         <system-err><![CDATA[]]></system-err>
      </testcase>
      <testcase name="Test Cases/Smart Replies/TC0625" classname="Test Cases/Smart Replies/TC0625" status="PASSED">
         <system-out><![CDATA[2019-04-25 11:41:11 - [TEST_CASE][PASSED] - Test Cases/Smart Replies/TC0625: Test Cases/Smart Replies/TC0625

2019-04-25 11:41:11 - [TEST_STEP][PASSED] - callTestCase: Call Test Case 'Test Cases/Smart Replies/TC0618' successfully

2019-04-25 11:41:12 - [TEST_CASE][PASSED] - Test Cases/Smart Replies/TC0618: Test Cases/Smart Replies/TC0618

2019-04-25 11:41:12 - [TEST_STEP][PASSED] - callTestCase: Call Test Case 'Test Cases/s-sidebar_navigation/individualAccount/Smart Replies' successfully

2019-04-25 11:41:12 - [TEST_CASE][PASSED] - Test Cases/s-sidebar_navigation/individualAccount/Smart Replies: Test Cases/s-sidebar_navigation/individualAccount/Smart Replies

2019-04-25 11:41:12 - [TEST_STEP][PASSED] - click: Object: 'Object Repository/Page_KiboPush  Dashboard/span_Dashboard' is clicked on

2019-04-25 11:41:12 - [MESSAGE][PASSED] - Object: 'Object Repository/Page_KiboPush  Dashboard/span_Dashboard' is clicked on

2019-04-25 11:41:12 - [TEST_STEP][PASSED] - delay: Delayed 2 second(s)

2019-04-25 11:41:14 - [MESSAGE][PASSED] - Delayed 2 second(s)

2019-04-25 11:41:14 - [TEST_STEP][PASSED] - click: Object: 'Object Repository/Page_KiboPush  Dashboard/span_Smart Replies' is clicked on

2019-04-25 11:41:15 - [MESSAGE][PASSED] - Object: 'Object Repository/Page_KiboPush  Dashboard/span_Smart Replies' is clicked on

2019-04-25 11:41:15 - [TEST_STEP][PASSED] - scrollToPosition: Browser is scrolled to position x = 0, y = 0

2019-04-25 11:41:15 - [MESSAGE][PASSED] - Browser is scrolled to position x = 0, y = 0

2019-04-25 11:41:15 - [TEST_STEP][PASSED] - delay: Delayed 2 second(s)

2019-04-25 11:41:17 - [MESSAGE][PASSED] - Delayed 2 second(s)

2019-04-25 11:41:17 - [TEST_STEP][PASSED] - click: Object: 'Object Repository/Page_KiboPush  Dashboard/h3_Manage Bots' is clicked on

2019-04-25 11:41:17 - [MESSAGE][PASSED] - Object: 'Object Repository/Page_KiboPush  Dashboard/h3_Manage Bots' is clicked on

2019-04-25 11:41:17 - [MESSAGE][PASSED] - Call Test Case 'Test Cases/s-sidebar_navigation/individualAccount/Smart Replies' successfully

2019-04-25 11:41:17 - [TEST_STEP][PASSED] - delay: Delayed 3 second(s)

2019-04-25 11:41:20 - [MESSAGE][PASSED] - Delayed 3 second(s)

2019-04-25 11:41:20 - [TEST_STEP][PASSED] - click: Object: 'Object Repository/Page_KiboChat  Bots/button_Create New' is clicked on

2019-04-25 11:41:21 - [MESSAGE][PASSED] - Object: 'Object Repository/Page_KiboChat  Bots/button_Create New' is clicked on

2019-04-25 11:41:21 - [TEST_STEP][PASSED] - delay: Delayed 1 second(s)

2019-04-25 11:41:22 - [MESSAGE][PASSED] - Delayed 1 second(s)

2019-04-25 11:41:22 - [MESSAGE][PASSED] - Call Test Case 'Test Cases/Smart Replies/TC0618' successfully

2019-04-25 11:41:22 - [TEST_STEP][PASSED] - setText: Text 'Test' is set on object 'Object Repository/Page_KiboPush  Dashboard/input_form-control (2) (1)'

2019-04-25 11:41:22 - [MESSAGE][PASSED] - Text 'Test' is set on object 'Object Repository/Page_KiboPush  Dashboard/input_form-control (2) (1)'

2019-04-25 11:41:22 - [TEST_STEP][PASSED] - delay: Delayed 2 second(s)

2019-04-25 11:41:24 - [MESSAGE][PASSED] - Delayed 2 second(s)

2019-04-25 11:41:24 - [TEST_STEP][PASSED] - selectOptionByValue: All options with value 'false' are selected in object 'Object Repository/Page_KiboPush  Dashboard/select_ActiveDisabled'  using regular expression

2019-04-25 11:41:25 - [MESSAGE][PASSED] - All options with value 'false' are selected in object 'Object Repository/Page_KiboPush  Dashboard/select_ActiveDisabled'  using regular expression

2019-04-25 11:41:25 - [TEST_STEP][PASSED] - delay: Delayed 2 second(s)

2019-04-25 11:41:27 - [MESSAGE][PASSED] - Delayed 2 second(s)]]></system-out>
         <system-err><![CDATA[]]></system-err>
      </testcase>
      <testcase name="Test Cases/Smart Replies/TC0626" classname="Test Cases/Smart Replies/TC0626" status="PASSED">
         <system-out><![CDATA[2019-04-25 11:41:27 - [TEST_CASE][PASSED] - Test Cases/Smart Replies/TC0626: Test Cases/Smart Replies/TC0626

2019-04-25 11:41:27 - [TEST_STEP][PASSED] - callTestCase: Call Test Case 'Test Cases/Smart Replies/TC0619' successfully

2019-04-25 11:41:27 - [TEST_CASE][PASSED] - Test Cases/Smart Replies/TC0619: Test Cases/Smart Replies/TC0619

2019-04-25 11:41:27 - [TEST_STEP][PASSED] - callTestCase: Call Test Case 'Test Cases/Smart Replies/TC0618' successfully

2019-04-25 11:41:27 - [TEST_CASE][PASSED] - Test Cases/Smart Replies/TC0618: Test Cases/Smart Replies/TC0618

2019-04-25 11:41:27 - [TEST_STEP][PASSED] - callTestCase: Call Test Case 'Test Cases/s-sidebar_navigation/individualAccount/Smart Replies' successfully

2019-04-25 11:41:27 - [TEST_CASE][PASSED] - Test Cases/s-sidebar_navigation/individualAccount/Smart Replies: Test Cases/s-sidebar_navigation/individualAccount/Smart Replies

2019-04-25 11:41:27 - [TEST_STEP][PASSED] - click: Object: 'Object Repository/Page_KiboPush  Dashboard/span_Dashboard' is clicked on

2019-04-25 11:41:28 - [MESSAGE][PASSED] - Object: 'Object Repository/Page_KiboPush  Dashboard/span_Dashboard' is clicked on

2019-04-25 11:41:28 - [TEST_STEP][PASSED] - delay: Delayed 2 second(s)

2019-04-25 11:41:30 - [MESSAGE][PASSED] - Delayed 2 second(s)

2019-04-25 11:41:30 - [TEST_STEP][PASSED] - click: Object: 'Object Repository/Page_KiboPush  Dashboard/span_Smart Replies' is clicked on

2019-04-25 11:41:31 - [MESSAGE][PASSED] - Object: 'Object Repository/Page_KiboPush  Dashboard/span_Smart Replies' is clicked on

2019-04-25 11:41:31 - [TEST_STEP][PASSED] - scrollToPosition: Browser is scrolled to position x = 0, y = 0

2019-04-25 11:41:31 - [MESSAGE][PASSED] - Browser is scrolled to position x = 0, y = 0

2019-04-25 11:41:31 - [TEST_STEP][PASSED] - delay: Delayed 2 second(s)

2019-04-25 11:41:33 - [MESSAGE][PASSED] - Delayed 2 second(s)

2019-04-25 11:41:33 - [TEST_STEP][PASSED] - click: Object: 'Object Repository/Page_KiboPush  Dashboard/h3_Manage Bots' is clicked on

2019-04-25 11:41:33 - [MESSAGE][PASSED] - Object: 'Object Repository/Page_KiboPush  Dashboard/h3_Manage Bots' is clicked on

2019-04-25 11:41:33 - [MESSAGE][PASSED] - Call Test Case 'Test Cases/s-sidebar_navigation/individualAccount/Smart Replies' successfully

2019-04-25 11:41:33 - [TEST_STEP][PASSED] - delay: Delayed 3 second(s)

2019-04-25 11:41:36 - [MESSAGE][PASSED] - Delayed 3 second(s)

2019-04-25 11:41:36 - [TEST_STEP][PASSED] - click: Object: 'Object Repository/Page_KiboChat  Bots/button_Create New' is clicked on

2019-04-25 11:41:37 - [MESSAGE][PASSED] - Object: 'Object Repository/Page_KiboChat  Bots/button_Create New' is clicked on

2019-04-25 11:41:37 - [TEST_STEP][PASSED] - delay: Delayed 1 second(s)

2019-04-25 11:41:38 - [MESSAGE][PASSED] - Delayed 1 second(s)

2019-04-25 11:41:38 - [MESSAGE][PASSED] - Call Test Case 'Test Cases/Smart Replies/TC0618' successfully

2019-04-25 11:41:38 - [TEST_STEP][PASSED] - setText: Text 'Test' is set on object 'Object Repository/Page_KiboPush  Dashboard/input_form-control (2)'

2019-04-25 11:41:38 - [MESSAGE][PASSED] - Text 'Test' is set on object 'Object Repository/Page_KiboPush  Dashboard/input_form-control (2)'

2019-04-25 11:41:38 - [TEST_STEP][PASSED] - click: Object: 'Object Repository/Page_KiboPush  Dashboard/button_Create' is clicked on

2019-04-25 11:41:39 - [MESSAGE][PASSED] - Object: 'Object Repository/Page_KiboPush  Dashboard/button_Create' is clicked on

2019-04-25 11:41:39 - [TEST_STEP][PASSED] - scrollToPosition: Browser is scrolled to position x = 0, y = 0

2019-04-25 11:41:39 - [MESSAGE][PASSED] - Browser is scrolled to position x = 0, y = 0

2019-04-25 11:41:39 - [TEST_STEP][PASSED] - click: Object: 'Object Repository/Page_KiboPush  Create Bot/h3_Create Bot' is clicked on

2019-04-25 11:41:39 - [MESSAGE][PASSED] - Object: 'Object Repository/Page_KiboPush  Create Bot/h3_Create Bot' is clicked on

2019-04-25 11:41:39 - [MESSAGE][PASSED] - Call Test Case 'Test Cases/Smart Replies/TC0619' successfully

2019-04-25 11:41:39 - [TEST_STEP][PASSED] - click: Object: 'Object Repository/Page_KiboPush  Create Bot/button_Apply Politics Chat Bot' is clicked on

2019-04-25 11:41:40 - [MESSAGE][PASSED] - Object: 'Object Repository/Page_KiboPush  Create Bot/button_Apply Politics Chat Bot' is clicked on]]></system-out>
         <system-err><![CDATA[]]></system-err>
      </testcase>
      <testcase name="Test Cases/Smart Replies/TC0627" classname="Test Cases/Smart Replies/TC0627" status="PASSED">
         <system-out><![CDATA[2019-04-25 11:41:40 - [TEST_CASE][PASSED] - Test Cases/Smart Replies/TC0627: Test Cases/Smart Replies/TC0627

2019-04-25 11:41:40 - [TEST_STEP][PASSED] - callTestCase: Call Test Case 'Test Cases/Smart Replies/TC0626' successfully

2019-04-25 11:41:41 - [TEST_CASE][PASSED] - Test Cases/Smart Replies/TC0626: Test Cases/Smart Replies/TC0626

2019-04-25 11:41:41 - [TEST_STEP][PASSED] - callTestCase: Call Test Case 'Test Cases/Smart Replies/TC0619' successfully

2019-04-25 11:41:41 - [TEST_CASE][PASSED] - Test Cases/Smart Replies/TC0619: Test Cases/Smart Replies/TC0619

2019-04-25 11:41:41 - [TEST_STEP][PASSED] - callTestCase: Call Test Case 'Test Cases/Smart Replies/TC0618' successfully

2019-04-25 11:41:41 - [TEST_CASE][PASSED] - Test Cases/Smart Replies/TC0618: Test Cases/Smart Replies/TC0618

2019-04-25 11:41:41 - [TEST_STEP][PASSED] - callTestCase: Call Test Case 'Test Cases/s-sidebar_navigation/individualAccount/Smart Replies' successfully

2019-04-25 11:41:42 - [TEST_CASE][PASSED] - Test Cases/s-sidebar_navigation/individualAccount/Smart Replies: Test Cases/s-sidebar_navigation/individualAccount/Smart Replies

2019-04-25 11:41:42 - [TEST_STEP][PASSED] - click: Object: 'Object Repository/Page_KiboPush  Dashboard/span_Dashboard' is clicked on

2019-04-25 11:41:42 - [MESSAGE][PASSED] - Object: 'Object Repository/Page_KiboPush  Dashboard/span_Dashboard' is clicked on

2019-04-25 11:41:42 - [TEST_STEP][PASSED] - delay: Delayed 2 second(s)

2019-04-25 11:41:44 - [MESSAGE][PASSED] - Delayed 2 second(s)

2019-04-25 11:41:44 - [TEST_STEP][PASSED] - click: Object: 'Object Repository/Page_KiboPush  Dashboard/span_Smart Replies' is clicked on

2019-04-25 11:41:45 - [MESSAGE][PASSED] - Object: 'Object Repository/Page_KiboPush  Dashboard/span_Smart Replies' is clicked on

2019-04-25 11:41:45 - [TEST_STEP][PASSED] - scrollToPosition: Browser is scrolled to position x = 0, y = 0

2019-04-25 11:41:45 - [MESSAGE][PASSED] - Browser is scrolled to position x = 0, y = 0

2019-04-25 11:41:45 - [TEST_STEP][PASSED] - delay: Delayed 2 second(s)

2019-04-25 11:41:47 - [MESSAGE][PASSED] - Delayed 2 second(s)

2019-04-25 11:41:47 - [TEST_STEP][PASSED] - click: Object: 'Object Repository/Page_KiboPush  Dashboard/h3_Manage Bots' is clicked on

2019-04-25 11:41:47 - [MESSAGE][PASSED] - Object: 'Object Repository/Page_KiboPush  Dashboard/h3_Manage Bots' is clicked on

2019-04-25 11:41:47 - [MESSAGE][PASSED] - Call Test Case 'Test Cases/s-sidebar_navigation/individualAccount/Smart Replies' successfully

2019-04-25 11:41:47 - [TEST_STEP][PASSED] - delay: Delayed 3 second(s)

2019-04-25 11:41:50 - [MESSAGE][PASSED] - Delayed 3 second(s)

2019-04-25 11:41:50 - [TEST_STEP][PASSED] - click: Object: 'Object Repository/Page_KiboChat  Bots/button_Create New' is clicked on

2019-04-25 11:41:51 - [MESSAGE][PASSED] - Object: 'Object Repository/Page_KiboChat  Bots/button_Create New' is clicked on

2019-04-25 11:41:51 - [TEST_STEP][PASSED] - delay: Delayed 1 second(s)

2019-04-25 11:41:52 - [MESSAGE][PASSED] - Delayed 1 second(s)

2019-04-25 11:41:52 - [MESSAGE][PASSED] - Call Test Case 'Test Cases/Smart Replies/TC0618' successfully

2019-04-25 11:41:52 - [TEST_STEP][PASSED] - setText: Text 'Test' is set on object 'Object Repository/Page_KiboPush  Dashboard/input_form-control (2)'

2019-04-25 11:41:52 - [MESSAGE][PASSED] - Text 'Test' is set on object 'Object Repository/Page_KiboPush  Dashboard/input_form-control (2)'

2019-04-25 11:41:52 - [TEST_STEP][PASSED] - click: Object: 'Object Repository/Page_KiboPush  Dashboard/button_Create' is clicked on

2019-04-25 11:41:53 - [MESSAGE][PASSED] - Object: 'Object Repository/Page_KiboPush  Dashboard/button_Create' is clicked on

2019-04-25 11:41:53 - [TEST_STEP][PASSED] - scrollToPosition: Browser is scrolled to position x = 0, y = 0

2019-04-25 11:41:53 - [MESSAGE][PASSED] - Browser is scrolled to position x = 0, y = 0

2019-04-25 11:41:53 - [TEST_STEP][PASSED] - click: Object: 'Object Repository/Page_KiboPush  Create Bot/h3_Create Bot' is clicked on

2019-04-25 11:41:53 - [MESSAGE][PASSED] - Object: 'Object Repository/Page_KiboPush  Create Bot/h3_Create Bot' is clicked on

2019-04-25 11:41:53 - [MESSAGE][PASSED] - Call Test Case 'Test Cases/Smart Replies/TC0619' successfully

2019-04-25 11:41:53 - [TEST_STEP][PASSED] - click: Object: 'Object Repository/Page_KiboPush  Create Bot/button_Apply Politics Chat Bot' is clicked on

2019-04-25 11:41:54 - [MESSAGE][PASSED] - Object: 'Object Repository/Page_KiboPush  Create Bot/button_Apply Politics Chat Bot' is clicked on

2019-04-25 11:41:54 - [MESSAGE][PASSED] - Call Test Case 'Test Cases/Smart Replies/TC0626' successfully

2019-04-25 11:41:54 - [TEST_STEP][PASSED] - click: Object: 'Object Repository/Page_KiboPush  Create Bot/button_Create' is clicked on

2019-04-25 11:41:54 - [MESSAGE][PASSED] - Object: 'Object Repository/Page_KiboPush  Create Bot/button_Create' is clicked on]]></system-out>
         <system-err><![CDATA[]]></system-err>
      </testcase>
      <testcase name="Test Cases/Smart Replies/TC0629" classname="Test Cases/Smart Replies/TC0629" status="PASSED">
         <system-out><![CDATA[2019-04-25 11:41:54 - [TEST_CASE][PASSED] - Test Cases/Smart Replies/TC0629: Test Cases/Smart Replies/TC0629

2019-04-25 11:41:55 - [TEST_STEP][PASSED] - callTestCase: Call Test Case 'Test Cases/s-sidebar_navigation/individualAccount/Smart Replies' successfully

2019-04-25 11:41:55 - [TEST_CASE][PASSED] - Test Cases/s-sidebar_navigation/individualAccount/Smart Replies: Test Cases/s-sidebar_navigation/individualAccount/Smart Replies

2019-04-25 11:41:55 - [TEST_STEP][PASSED] - click: Object: 'Object Repository/Page_KiboPush  Dashboard/span_Dashboard' is clicked on

2019-04-25 11:41:55 - [MESSAGE][PASSED] - Object: 'Object Repository/Page_KiboPush  Dashboard/span_Dashboard' is clicked on

2019-04-25 11:41:55 - [TEST_STEP][PASSED] - delay: Delayed 2 second(s)

2019-04-25 11:41:57 - [MESSAGE][PASSED] - Delayed 2 second(s)

2019-04-25 11:41:57 - [TEST_STEP][PASSED] - click: Object: 'Object Repository/Page_KiboPush  Dashboard/span_Smart Replies' is clicked on

2019-04-25 11:41:58 - [MESSAGE][PASSED] - Object: 'Object Repository/Page_KiboPush  Dashboard/span_Smart Replies' is clicked on

2019-04-25 11:41:58 - [TEST_STEP][PASSED] - scrollToPosition: Browser is scrolled to position x = 0, y = 0

2019-04-25 11:41:58 - [MESSAGE][PASSED] - Browser is scrolled to position x = 0, y = 0

2019-04-25 11:41:58 - [TEST_STEP][PASSED] - delay: Delayed 2 second(s)

2019-04-25 11:42:00 - [MESSAGE][PASSED] - Delayed 2 second(s)

2019-04-25 11:42:00 - [TEST_STEP][PASSED] - click: Object: 'Object Repository/Page_KiboPush  Dashboard/h3_Manage Bots' is clicked on

2019-04-25 11:42:00 - [MESSAGE][PASSED] - Object: 'Object Repository/Page_KiboPush  Dashboard/h3_Manage Bots' is clicked on

2019-04-25 11:42:00 - [MESSAGE][PASSED] - Call Test Case 'Test Cases/s-sidebar_navigation/individualAccount/Smart Replies' successfully

2019-04-25 11:42:00 - [TEST_STEP][PASSED] - delay: Delayed 3 second(s)

2019-04-25 11:42:03 - [MESSAGE][PASSED] - Delayed 3 second(s)

2019-04-25 11:42:03 - [TEST_STEP][PASSED] - Statement - driver = com.kms.katalon.core.webui.driver.DriverFactory.getWebDriver(): null

2019-04-25 11:42:03 - [TEST_STEP][PASSED] - Statement - rows_table1 = driver.findElements(org.openqa.selenium.By.xpath("//*[@id="m_form_status"]/option")): null

2019-04-25 11:42:03 - [TEST_STEP][PASSED] - Statement - println(rows_table1.size()): null

2019-04-25 11:42:03 - [TEST_STEP][PASSED] - Statement - rows_table1[2].click(): null

2019-04-25 11:42:04 - [TEST_STEP][PASSED] - delay: Delayed 3 second(s)

2019-04-25 11:42:07 - [MESSAGE][PASSED] - Delayed 3 second(s)

2019-04-25 11:42:07 - [TEST_STEP][PASSED] - Statement - Table = driver.findElement(org.openqa.selenium.By.xpath("//table/tbody")): null

2019-04-25 11:42:07 - [TEST_STEP][PASSED] - Statement - rows_table = Table.findElements(org.openqa.selenium.By.tagName("tr")): null

2019-04-25 11:42:07 - [TEST_STEP][PASSED] - Statement - rows_count = rows_table.size(): null

2019-04-25 11:42:07 - [TEST_STEP][PASSED] - verifyEqual: Actual object '1' and expected object '1' are equal

2019-04-25 11:42:07 - [MESSAGE][PASSED] - Actual object '1' and expected object '1' are equal]]></system-out>
         <system-err><![CDATA[]]></system-err>
      </testcase>
      <testcase name="Test Cases/Smart Replies/TC0632" classname="Test Cases/Smart Replies/TC0632" status="PASSED">
         <system-out><![CDATA[2019-04-25 11:42:07 - [TEST_CASE][PASSED] - Test Cases/Smart Replies/TC0632: Test Cases/Smart Replies/TC0632

2019-04-25 11:42:07 - [TEST_STEP][PASSED] - callTestCase: Call Test Case 'Test Cases/Smart Replies/Test-Actions-Button' successfully

2019-04-25 11:42:07 - [TEST_CASE][PASSED] - Test Cases/Smart Replies/Test-Actions-Button: Test Cases/Smart Replies/Test-Actions-Button

2019-04-25 11:42:07 - [TEST_STEP][PASSED] - callTestCase: Call Test Case 'Test Cases/s-sidebar_navigation/individualAccount/Smart Replies' successfully

2019-04-25 11:42:07 - [TEST_CASE][PASSED] - Test Cases/s-sidebar_navigation/individualAccount/Smart Replies: Test Cases/s-sidebar_navigation/individualAccount/Smart Replies

2019-04-25 11:42:07 - [TEST_STEP][PASSED] - click: Object: 'Object Repository/Page_KiboPush  Dashboard/span_Dashboard' is clicked on

2019-04-25 11:42:08 - [MESSAGE][PASSED] - Object: 'Object Repository/Page_KiboPush  Dashboard/span_Dashboard' is clicked on

2019-04-25 11:42:08 - [TEST_STEP][PASSED] - delay: Delayed 2 second(s)

2019-04-25 11:42:10 - [MESSAGE][PASSED] - Delayed 2 second(s)

2019-04-25 11:42:10 - [TEST_STEP][PASSED] - click: Object: 'Object Repository/Page_KiboPush  Dashboard/span_Smart Replies' is clicked on

2019-04-25 11:42:11 - [MESSAGE][PASSED] - Object: 'Object Repository/Page_KiboPush  Dashboard/span_Smart Replies' is clicked on

2019-04-25 11:42:11 - [TEST_STEP][PASSED] - scrollToPosition: Browser is scrolled to position x = 0, y = 0

2019-04-25 11:42:11 - [MESSAGE][PASSED] - Browser is scrolled to position x = 0, y = 0

2019-04-25 11:42:11 - [TEST_STEP][PASSED] - delay: Delayed 2 second(s)

2019-04-25 11:42:13 - [MESSAGE][PASSED] - Delayed 2 second(s)

2019-04-25 11:42:13 - [TEST_STEP][PASSED] - click: Object: 'Object Repository/Page_KiboPush  Dashboard/h3_Manage Bots' is clicked on

2019-04-25 11:42:13 - [MESSAGE][PASSED] - Object: 'Object Repository/Page_KiboPush  Dashboard/h3_Manage Bots' is clicked on

2019-04-25 11:42:13 - [MESSAGE][PASSED] - Call Test Case 'Test Cases/s-sidebar_navigation/individualAccount/Smart Replies' successfully

2019-04-25 11:42:13 - [TEST_STEP][PASSED] - delay: Delayed 3 second(s)

2019-04-25 11:42:16 - [MESSAGE][PASSED] - Delayed 3 second(s)

2019-04-25 11:42:16 - [TEST_STEP][PASSED] - click: Object: 'Object Repository/Page_KiboPush  Dashboard/i_la la-ellipsis-h (1)' is clicked on

2019-04-25 11:42:16 - [MESSAGE][PASSED] - Object: 'Object Repository/Page_KiboPush  Dashboard/i_la la-ellipsis-h (1)' is clicked on

2019-04-25 11:42:16 - [MESSAGE][PASSED] - Call Test Case 'Test Cases/Smart Replies/Test-Actions-Button' successfully

2019-04-25 11:42:16 - [TEST_STEP][PASSED] - delay: Delayed 2 second(s)

2019-04-25 11:42:18 - [MESSAGE][PASSED] - Delayed 2 second(s)]]></system-out>
         <system-err><![CDATA[]]></system-err>
      </testcase>
      <testcase name="Test Cases/Smart Replies/TC0633" classname="Test Cases/Smart Replies/TC0633" status="PASSED">
         <system-out><![CDATA[2019-04-25 11:42:18 - [TEST_CASE][PASSED] - Test Cases/Smart Replies/TC0633: Test Cases/Smart Replies/TC0633

2019-04-25 11:42:18 - [TEST_STEP][PASSED] - callTestCase: Call Test Case 'Test Cases/Smart Replies/Test-Actions-Button' successfully

2019-04-25 11:42:19 - [TEST_CASE][PASSED] - Test Cases/Smart Replies/Test-Actions-Button: Test Cases/Smart Replies/Test-Actions-Button

2019-04-25 11:42:19 - [TEST_STEP][PASSED] - callTestCase: Call Test Case 'Test Cases/s-sidebar_navigation/individualAccount/Smart Replies' successfully

2019-04-25 11:42:19 - [TEST_CASE][PASSED] - Test Cases/s-sidebar_navigation/individualAccount/Smart Replies: Test Cases/s-sidebar_navigation/individualAccount/Smart Replies

2019-04-25 11:42:19 - [TEST_STEP][PASSED] - click: Object: 'Object Repository/Page_KiboPush  Dashboard/span_Dashboard' is clicked on

2019-04-25 11:42:19 - [MESSAGE][PASSED] - Object: 'Object Repository/Page_KiboPush  Dashboard/span_Dashboard' is clicked on

2019-04-25 11:42:19 - [TEST_STEP][PASSED] - delay: Delayed 2 second(s)

2019-04-25 11:42:21 - [MESSAGE][PASSED] - Delayed 2 second(s)

2019-04-25 11:42:21 - [TEST_STEP][PASSED] - click: Object: 'Object Repository/Page_KiboPush  Dashboard/span_Smart Replies' is clicked on

2019-04-25 11:42:22 - [MESSAGE][PASSED] - Object: 'Object Repository/Page_KiboPush  Dashboard/span_Smart Replies' is clicked on

2019-04-25 11:42:22 - [TEST_STEP][PASSED] - scrollToPosition: Browser is scrolled to position x = 0, y = 0

2019-04-25 11:42:22 - [MESSAGE][PASSED] - Browser is scrolled to position x = 0, y = 0

2019-04-25 11:42:22 - [TEST_STEP][PASSED] - delay: Delayed 2 second(s)

2019-04-25 11:42:24 - [MESSAGE][PASSED] - Delayed 2 second(s)

2019-04-25 11:42:24 - [TEST_STEP][PASSED] - click: Object: 'Object Repository/Page_KiboPush  Dashboard/h3_Manage Bots' is clicked on

2019-04-25 11:42:24 - [MESSAGE][PASSED] - Object: 'Object Repository/Page_KiboPush  Dashboard/h3_Manage Bots' is clicked on

2019-04-25 11:42:24 - [MESSAGE][PASSED] - Call Test Case 'Test Cases/s-sidebar_navigation/individualAccount/Smart Replies' successfully

2019-04-25 11:42:24 - [TEST_STEP][PASSED] - delay: Delayed 3 second(s)

2019-04-25 11:42:27 - [MESSAGE][PASSED] - Delayed 3 second(s)

2019-04-25 11:42:27 - [TEST_STEP][PASSED] - click: Object: 'Object Repository/Page_KiboPush  Dashboard/i_la la-ellipsis-h (1)' is clicked on

2019-04-25 11:42:28 - [MESSAGE][PASSED] - Object: 'Object Repository/Page_KiboPush  Dashboard/i_la la-ellipsis-h (1)' is clicked on

2019-04-25 11:42:28 - [MESSAGE][PASSED] - Call Test Case 'Test Cases/Smart Replies/Test-Actions-Button' successfully

2019-04-25 11:42:28 - [TEST_STEP][PASSED] - delay: Delayed 2 second(s)

2019-04-25 11:42:30 - [MESSAGE][PASSED] - Delayed 2 second(s)

2019-04-25 11:42:30 - [TEST_STEP][PASSED] - click: Object: 'Object Repository/Page_KiboPush  Dashboard/span_Edit' is clicked on

2019-04-25 11:42:30 - [MESSAGE][PASSED] - Object: 'Object Repository/Page_KiboPush  Dashboard/span_Edit' is clicked on]]></system-out>
         <system-err><![CDATA[]]></system-err>
      </testcase>
      <testcase name="Test Cases/Smart Replies/TC0634" classname="Test Cases/Smart Replies/TC0634" status="PASSED">
         <system-out><![CDATA[2019-04-25 11:42:30 - [TEST_CASE][PASSED] - Test Cases/Smart Replies/TC0634: Test Cases/Smart Replies/TC0634

2019-04-25 11:42:30 - [TEST_STEP][PASSED] - callTestCase: Call Test Case 'Test Cases/s-sidebar_navigation/individualAccount/arveen_production_login_kibochat' successfully

2019-04-25 11:42:31 - [TEST_CASE][PASSED] - Test Cases/s-sidebar_navigation/individualAccount/arveen_production_login_kibochat: Test Cases/s-sidebar_navigation/individualAccount/arveen_production_login_kibochat

2019-04-25 11:42:31 - [TEST_STEP][PASSED] - openBrowser: Browser is opened with url: ''

2019-04-25 11:42:31 - [MESSAGE][WARNING] - A browser is already opened. Closing browser and opening a new one

2019-04-25 11:42:35 - [MESSAGE][PASSED] - Browser is opened with url: ''

2019-04-25 11:42:35 - [TEST_STEP][PASSED] - maximizeWindow: Current window maximized

2019-04-25 11:42:36 - [MESSAGE][PASSED] - Current window maximized

2019-04-25 11:42:36 - [TEST_STEP][PASSED] - navigateToUrl: Navigate to 'https://kibochat.cloudkibo.com/' successfully

2019-04-25 11:43:01 - [MESSAGE][PASSED] - Navigate to 'https://kibochat.cloudkibo.com/' successfully

2019-04-25 11:43:01 - [TEST_STEP][PASSED] - navigateToUrl: Navigate to 'https://accounts.cloudkibo.com/?continue=https://kibochat.cloudkibo.com' successfully

2019-04-25 11:43:02 - [MESSAGE][PASSED] - Navigate to 'https://accounts.cloudkibo.com/?continue=https://kibochat.cloudkibo.com' successfully

2019-04-25 11:43:02 - [TEST_STEP][PASSED] - click: Object: 'Object Repository/Page_KiboPush/a_Login (10)' is clicked on

2019-04-25 11:43:04 - [MESSAGE][PASSED] - Object: 'Object Repository/Page_KiboPush/a_Login (10)' is clicked on

2019-04-25 11:43:04 - [TEST_STEP][PASSED] - setText: Text 'individual@cloudkibo.com' is set on object 'Object Repository/Page_KiboPush/input_email (10) (1) (1)'

2019-04-25 11:43:04 - [MESSAGE][PASSED] - Text 'individual@cloudkibo.com' is set on object 'Object Repository/Page_KiboPush/input_email (10) (1) (1)'

2019-04-25 11:43:04 - [TEST_STEP][PASSED] - setEncryptedText: Text ****** has been set on object 'Object Repository/Page_CloudKibo/input_Sign In_password (7)'

2019-04-25 11:43:05 - [MESSAGE][PASSED] - Text ****** has been set on object 'Object Repository/Page_CloudKibo/input_Sign In_password (7)'

2019-04-25 11:43:05 - [TEST_STEP][PASSED] - click: Object: 'Object Repository/Page_KiboPush/button_Sign In (11)' is clicked on

2019-04-25 11:43:05 - [MESSAGE][PASSED] - Object: 'Object Repository/Page_KiboPush/button_Sign In (11)' is clicked on

2019-04-25 11:43:05 - [TEST_STEP][PASSED] - click: Object: 'Object Repository/Page_KiboPush  Dashboard/h3_Dashboard (58)' is clicked on

2019-04-25 11:43:27 - [MESSAGE][PASSED] - Object: 'Object Repository/Page_KiboPush  Dashboard/h3_Dashboard (58)' is clicked on

2019-04-25 11:43:27 - [TEST_STEP][PASSED] - delay: Delayed 3 second(s)

2019-04-25 11:43:30 - [MESSAGE][PASSED] - Delayed 3 second(s)

2019-04-25 11:43:30 - [TEST_STEP][PASSED] - click: Object: 'Object Repository/Page_KiboEngage  Dashboard/a_SMS (2)' is clicked on

2019-04-25 11:43:30 - [MESSAGE][PASSED] - Object: 'Object Repository/Page_KiboEngage  Dashboard/a_SMS (2)' is clicked on

2019-04-25 11:43:30 - [TEST_STEP][PASSED] - delay: Delayed 2 second(s)

2019-04-25 11:43:32 - [MESSAGE][PASSED] - Delayed 2 second(s)

2019-04-25 11:43:32 - [TEST_STEP][PASSED] - click: Object: 'Object Repository/Page_KiboEngage  Dashboard/span_Messenger' is clicked on

2019-04-25 11:43:33 - [MESSAGE][PASSED] - Object: 'Object Repository/Page_KiboEngage  Dashboard/span_Messenger' is clicked on

2019-04-25 11:43:33 - [TEST_STEP][PASSED] - delay: Delayed 2 second(s)

2019-04-25 11:43:35 - [MESSAGE][PASSED] - Delayed 2 second(s)

2019-04-25 11:43:35 - [MESSAGE][PASSED] - Call Test Case 'Test Cases/s-sidebar_navigation/individualAccount/arveen_production_login_kibochat' successfully

2019-04-25 11:43:35 - [TEST_STEP][PASSED] - callTestCase: Call Test Case 'Test Cases/Smart Replies/open_automation' successfully

2019-04-25 11:43:35 - [TEST_CASE][PASSED] - Test Cases/Smart Replies/open_automation: Test Cases/Smart Replies/open_automation

2019-04-25 11:43:35 - [TEST_STEP][PASSED] - click: Object: 'Object Repository/Page_KiboPush  Dashboard/span_Automation (1) (1)' is clicked on

2019-04-25 11:43:35 - [MESSAGE][PASSED] - Object: 'Object Repository/Page_KiboPush  Dashboard/span_Automation (1) (1)' is clicked on

2019-04-25 11:43:35 - [TEST_STEP][PASSED] - delay: Delayed 1 second(s)

2019-04-25 11:43:36 - [MESSAGE][PASSED] - Delayed 1 second(s)

2019-04-25 11:43:36 - [MESSAGE][PASSED] - Call Test Case 'Test Cases/Smart Replies/open_automation' successfully

2019-04-25 11:43:36 - [TEST_STEP][PASSED] - callTestCase: Call Test Case 'Test Cases/Smart Replies/Test-Actions-Button' successfully

2019-04-25 11:43:36 - [TEST_CASE][PASSED] - Test Cases/Smart Replies/Test-Actions-Button: Test Cases/Smart Replies/Test-Actions-Button

2019-04-25 11:43:36 - [TEST_STEP][PASSED] - callTestCase: Call Test Case 'Test Cases/s-sidebar_navigation/individualAccount/Smart Replies' successfully

2019-04-25 11:43:36 - [TEST_CASE][PASSED] - Test Cases/s-sidebar_navigation/individualAccount/Smart Replies: Test Cases/s-sidebar_navigation/individualAccount/Smart Replies

2019-04-25 11:43:37 - [TEST_STEP][PASSED] - click: Object: 'Object Repository/Page_KiboPush  Dashboard/span_Dashboard' is clicked on

2019-04-25 11:43:38 - [MESSAGE][PASSED] - Object: 'Object Repository/Page_KiboPush  Dashboard/span_Dashboard' is clicked on

2019-04-25 11:43:38 - [TEST_STEP][PASSED] - delay: Delayed 2 second(s)

2019-04-25 11:43:40 - [MESSAGE][PASSED] - Delayed 2 second(s)

2019-04-25 11:43:40 - [TEST_STEP][PASSED] - click: Object: 'Object Repository/Page_KiboPush  Dashboard/span_Smart Replies' is clicked on

2019-04-25 11:43:40 - [MESSAGE][PASSED] - Object: 'Object Repository/Page_KiboPush  Dashboard/span_Smart Replies' is clicked on

2019-04-25 11:43:40 - [TEST_STEP][PASSED] - scrollToPosition: Browser is scrolled to position x = 0, y = 0

2019-04-25 11:43:40 - [MESSAGE][PASSED] - Browser is scrolled to position x = 0, y = 0

2019-04-25 11:43:40 - [TEST_STEP][PASSED] - delay: Delayed 2 second(s)

2019-04-25 11:43:42 - [MESSAGE][PASSED] - Delayed 2 second(s)

2019-04-25 11:43:42 - [TEST_STEP][PASSED] - click: Object: 'Object Repository/Page_KiboPush  Dashboard/h3_Manage Bots' is clicked on

2019-04-25 11:43:42 - [MESSAGE][PASSED] - Object: 'Object Repository/Page_KiboPush  Dashboard/h3_Manage Bots' is clicked on

2019-04-25 11:43:42 - [MESSAGE][PASSED] - Call Test Case 'Test Cases/s-sidebar_navigation/individualAccount/Smart Replies' successfully

2019-04-25 11:43:42 - [TEST_STEP][PASSED] - delay: Delayed 3 second(s)

2019-04-25 11:43:45 - [MESSAGE][PASSED] - Delayed 3 second(s)

2019-04-25 11:43:45 - [TEST_STEP][PASSED] - click: Object: 'Object Repository/Page_KiboPush  Dashboard/i_la la-ellipsis-h (1)' is clicked on

2019-04-25 11:43:46 - [MESSAGE][PASSED] - Object: 'Object Repository/Page_KiboPush  Dashboard/i_la la-ellipsis-h (1)' is clicked on

2019-04-25 11:43:46 - [MESSAGE][PASSED] - Call Test Case 'Test Cases/Smart Replies/Test-Actions-Button' successfully

2019-04-25 11:43:46 - [TEST_STEP][PASSED] - delay: Delayed 5 second(s)

2019-04-25 11:43:51 - [MESSAGE][PASSED] - Delayed 5 second(s)

2019-04-25 11:43:51 - [TEST_STEP][PASSED] - click: Object: 'Object Repository/Page_KiboPush  Dashboard/span_Delete' is clicked on

2019-04-25 11:43:51 - [MESSAGE][PASSED] - Object: 'Object Repository/Page_KiboPush  Dashboard/span_Delete' is clicked on

2019-04-25 11:43:51 - [TEST_STEP][PASSED] - delay: Delayed 2 second(s)

2019-04-25 11:43:53 - [MESSAGE][PASSED] - Delayed 2 second(s)

2019-04-25 11:43:53 - [TEST_STEP][PASSED] - click: Object: 'Object Repository/Page_KiboPush  Dashboard/button_Delete (6)' is clicked on

2019-04-25 11:43:54 - [MESSAGE][PASSED] - Object: 'Object Repository/Page_KiboPush  Dashboard/button_Delete (6)' is clicked on

2019-04-25 11:43:54 - [TEST_STEP][PASSED] - delay: Delayed 2 second(s)

2019-04-25 11:43:56 - [MESSAGE][PASSED] - Delayed 2 second(s)

2019-04-25 11:43:56 - [TEST_STEP][PASSED] - click: Object: 'Object Repository/Page_KiboPush  Dashboard/div_Bot deleted successfully' is clicked on

2019-04-25 11:43:57 - [MESSAGE][PASSED] - Object: 'Object Repository/Page_KiboPush  Dashboard/div_Bot deleted successfully' is clicked on

2019-04-25 11:43:57 - [TEST_STEP][PASSED] - delay: Delayed 5 second(s)

2019-04-25 11:44:02 - [MESSAGE][PASSED] - Delayed 5 second(s)

2019-04-25 11:44:02 - [TEST_STEP][PASSED] - click: Object: 'Object Repository/Page_KiboPush  Dashboard/i_la la-ellipsis-h (1)' is clicked on

2019-04-25 11:44:03 - [MESSAGE][PASSED] - Object: 'Object Repository/Page_KiboPush  Dashboard/i_la la-ellipsis-h (1)' is clicked on

2019-04-25 11:44:03 - [TEST_STEP][PASSED] - delay: Delayed 1 second(s)

2019-04-25 11:44:04 - [MESSAGE][PASSED] - Delayed 1 second(s)

2019-04-25 11:44:04 - [TEST_STEP][PASSED] - click: Object: 'Object Repository/Page_KiboPush  Dashboard/span_Delete' is clicked on

2019-04-25 11:44:04 - [MESSAGE][PASSED] - Object: 'Object Repository/Page_KiboPush  Dashboard/span_Delete' is clicked on

2019-04-25 11:44:04 - [TEST_STEP][PASSED] - delay: Delayed 2 second(s)

2019-04-25 11:44:06 - [MESSAGE][PASSED] - Delayed 2 second(s)

2019-04-25 11:44:06 - [TEST_STEP][PASSED] - click: Object: 'Object Repository/Page_KiboPush  Dashboard/button_Delete (6)' is clicked on

2019-04-25 11:44:06 - [MESSAGE][PASSED] - Object: 'Object Repository/Page_KiboPush  Dashboard/button_Delete (6)' is clicked on

2019-04-25 11:44:06 - [TEST_STEP][PASSED] - click: Object: 'Object Repository/Page_KiboPush  Dashboard/div_Bot deleted successfully' is clicked on

2019-04-25 11:44:10 - [MESSAGE][PASSED] - Object: 'Object Repository/Page_KiboPush  Dashboard/div_Bot deleted successfully' is clicked on

2019-04-25 11:44:10 - [TEST_STEP][PASSED] - delay: Delayed 5 second(s)

2019-04-25 11:44:15 - [MESSAGE][PASSED] - Delayed 5 second(s)

2019-04-25 11:44:15 - [TEST_STEP][PASSED] - click: Object: 'Object Repository/Page_KiboPush  Dashboard/i_la la-ellipsis-h (1)' is clicked on

2019-04-25 11:44:15 - [MESSAGE][PASSED] - Object: 'Object Repository/Page_KiboPush  Dashboard/i_la la-ellipsis-h (1)' is clicked on

2019-04-25 11:44:15 - [TEST_STEP][PASSED] - delay: Delayed 1 second(s)

2019-04-25 11:44:16 - [MESSAGE][PASSED] - Delayed 1 second(s)

2019-04-25 11:44:16 - [TEST_STEP][PASSED] - click: Object: 'Object Repository/Page_KiboPush  Dashboard/span_Delete' is clicked on

2019-04-25 11:44:16 - [MESSAGE][PASSED] - Object: 'Object Repository/Page_KiboPush  Dashboard/span_Delete' is clicked on

2019-04-25 11:44:16 - [TEST_STEP][PASSED] - delay: Delayed 2 second(s)

2019-04-25 11:44:18 - [MESSAGE][PASSED] - Delayed 2 second(s)

2019-04-25 11:44:18 - [TEST_STEP][PASSED] - click: Object: 'Object Repository/Page_KiboPush  Dashboard/button_Delete (6)' is clicked on

2019-04-25 11:44:18 - [MESSAGE][PASSED] - Object: 'Object Repository/Page_KiboPush  Dashboard/button_Delete (6)' is clicked on

2019-04-25 11:44:18 - [TEST_STEP][PASSED] - click: Object: 'Object Repository/Page_KiboPush  Dashboard/div_Bot deleted successfully' is clicked on

2019-04-25 11:44:22 - [MESSAGE][PASSED] - Object: 'Object Repository/Page_KiboPush  Dashboard/div_Bot deleted successfully' is clicked on

2019-04-25 11:44:22 - [TEST_STEP][PASSED] - delay: Delayed 5 second(s)

2019-04-25 11:44:27 - [MESSAGE][PASSED] - Delayed 5 second(s)

2019-04-25 11:44:27 - [TEST_STEP][PASSED] - click: Object: 'Object Repository/Page_KiboPush  Dashboard/i_la la-ellipsis-h (1)' is clicked on

2019-04-25 11:44:27 - [MESSAGE][PASSED] - Object: 'Object Repository/Page_KiboPush  Dashboard/i_la la-ellipsis-h (1)' is clicked on

2019-04-25 11:44:27 - [TEST_STEP][PASSED] - delay: Delayed 1 second(s)

2019-04-25 11:44:28 - [MESSAGE][PASSED] - Delayed 1 second(s)

2019-04-25 11:44:28 - [TEST_STEP][PASSED] - click: Object: 'Object Repository/Page_KiboPush  Dashboard/span_Delete' is clicked on

2019-04-25 11:44:29 - [MESSAGE][PASSED] - Object: 'Object Repository/Page_KiboPush  Dashboard/span_Delete' is clicked on

2019-04-25 11:44:29 - [TEST_STEP][PASSED] - delay: Delayed 2 second(s)

2019-04-25 11:44:31 - [MESSAGE][PASSED] - Delayed 2 second(s)

2019-04-25 11:44:31 - [TEST_STEP][PASSED] - click: Object: 'Object Repository/Page_KiboPush  Dashboard/button_Delete (6)' is clicked on

2019-04-25 11:44:31 - [MESSAGE][PASSED] - Object: 'Object Repository/Page_KiboPush  Dashboard/button_Delete (6)' is clicked on

2019-04-25 11:44:31 - [TEST_STEP][PASSED] - click: Object: 'Object Repository/Page_KiboPush  Dashboard/div_Bot deleted successfully' is clicked on

2019-04-25 11:44:34 - [MESSAGE][PASSED] - Object: 'Object Repository/Page_KiboPush  Dashboard/div_Bot deleted successfully' is clicked on

2019-04-25 11:44:34 - [TEST_STEP][PASSED] - delay: Delayed 5 second(s)

2019-04-25 11:44:39 - [MESSAGE][PASSED] - Delayed 5 second(s)

2019-04-25 11:44:39 - [TEST_STEP][PASSED] - click: Object: 'Object Repository/Page_KiboPush  Dashboard/i_la la-ellipsis-h (1)' is clicked on

2019-04-25 11:44:40 - [MESSAGE][PASSED] - Object: 'Object Repository/Page_KiboPush  Dashboard/i_la la-ellipsis-h (1)' is clicked on

2019-04-25 11:44:40 - [TEST_STEP][PASSED] - delay: Delayed 1 second(s)

2019-04-25 11:44:41 - [MESSAGE][PASSED] - Delayed 1 second(s)

2019-04-25 11:44:41 - [TEST_STEP][PASSED] - click: Object: 'Object Repository/Page_KiboPush  Dashboard/span_Delete' is clicked on

2019-04-25 11:44:41 - [MESSAGE][PASSED] - Object: 'Object Repository/Page_KiboPush  Dashboard/span_Delete' is clicked on

2019-04-25 11:44:41 - [TEST_STEP][PASSED] - delay: Delayed 2 second(s)

2019-04-25 11:44:43 - [MESSAGE][PASSED] - Delayed 2 second(s)

2019-04-25 11:44:43 - [TEST_STEP][PASSED] - click: Object: 'Object Repository/Page_KiboPush  Dashboard/button_Delete (6)' is clicked on

2019-04-25 11:44:43 - [MESSAGE][PASSED] - Object: 'Object Repository/Page_KiboPush  Dashboard/button_Delete (6)' is clicked on

2019-04-25 11:44:43 - [TEST_STEP][PASSED] - click: Object: 'Object Repository/Page_KiboPush  Dashboard/div_Bot deleted successfully' is clicked on

2019-04-25 11:44:46 - [MESSAGE][PASSED] - Object: 'Object Repository/Page_KiboPush  Dashboard/div_Bot deleted successfully' is clicked on]]></system-out>
         <system-err><![CDATA[]]></system-err>
      </testcase>
      <testcase name="Test Cases/Smart Replies/TC0635" classname="Test Cases/Smart Replies/TC0635" status="PASSED">
         <system-out><![CDATA[2019-04-25 11:44:46 - [TEST_CASE][PASSED] - Test Cases/Smart Replies/TC0635: Test Cases/Smart Replies/TC0635

2019-04-25 11:44:47 - [TEST_STEP][PASSED] - callTestCase: Call Test Case 'Test Cases/Smart Replies/Test-Actions-Button' successfully

2019-04-25 11:44:47 - [TEST_CASE][PASSED] - Test Cases/Smart Replies/Test-Actions-Button: Test Cases/Smart Replies/Test-Actions-Button

2019-04-25 11:44:47 - [TEST_STEP][PASSED] - callTestCase: Call Test Case 'Test Cases/s-sidebar_navigation/individualAccount/Smart Replies' successfully

2019-04-25 11:44:47 - [TEST_CASE][PASSED] - Test Cases/s-sidebar_navigation/individualAccount/Smart Replies: Test Cases/s-sidebar_navigation/individualAccount/Smart Replies

2019-04-25 11:44:47 - [TEST_STEP][PASSED] - click: Object: 'Object Repository/Page_KiboPush  Dashboard/span_Dashboard' is clicked on

2019-04-25 11:44:48 - [MESSAGE][PASSED] - Object: 'Object Repository/Page_KiboPush  Dashboard/span_Dashboard' is clicked on

2019-04-25 11:44:48 - [TEST_STEP][PASSED] - delay: Delayed 2 second(s)

2019-04-25 11:44:50 - [MESSAGE][PASSED] - Delayed 2 second(s)

2019-04-25 11:44:50 - [TEST_STEP][PASSED] - click: Object: 'Object Repository/Page_KiboPush  Dashboard/span_Smart Replies' is clicked on

2019-04-25 11:44:50 - [MESSAGE][PASSED] - Object: 'Object Repository/Page_KiboPush  Dashboard/span_Smart Replies' is clicked on

2019-04-25 11:44:50 - [TEST_STEP][PASSED] - scrollToPosition: Browser is scrolled to position x = 0, y = 0

2019-04-25 11:44:50 - [MESSAGE][PASSED] - Browser is scrolled to position x = 0, y = 0

2019-04-25 11:44:50 - [TEST_STEP][PASSED] - delay: Delayed 2 second(s)

2019-04-25 11:44:52 - [MESSAGE][PASSED] - Delayed 2 second(s)

2019-04-25 11:44:52 - [TEST_STEP][PASSED] - click: Object: 'Object Repository/Page_KiboPush  Dashboard/h3_Manage Bots' is clicked on

2019-04-25 11:44:53 - [MESSAGE][PASSED] - Object: 'Object Repository/Page_KiboPush  Dashboard/h3_Manage Bots' is clicked on

2019-04-25 11:44:53 - [MESSAGE][PASSED] - Call Test Case 'Test Cases/s-sidebar_navigation/individualAccount/Smart Replies' successfully

2019-04-25 11:44:53 - [TEST_STEP][PASSED] - delay: Delayed 3 second(s)

2019-04-25 11:44:56 - [MESSAGE][PASSED] - Delayed 3 second(s)

2019-04-25 11:44:56 - [TEST_STEP][PASSED] - click: Object: 'Object Repository/Page_KiboPush  Dashboard/i_la la-ellipsis-h (1)' is clicked on

2019-04-25 11:44:56 - [MESSAGE][PASSED] - Object: 'Object Repository/Page_KiboPush  Dashboard/i_la la-ellipsis-h (1)' is clicked on

2019-04-25 11:44:56 - [MESSAGE][PASSED] - Call Test Case 'Test Cases/Smart Replies/Test-Actions-Button' successfully

2019-04-25 11:44:56 - [TEST_STEP][PASSED] - delay: Delayed 1 second(s)

2019-04-25 11:44:57 - [MESSAGE][PASSED] - Delayed 1 second(s)

2019-04-25 11:44:57 - [TEST_STEP][PASSED] - click: Object: 'Object Repository/Page_KiboPush  Dashboard/span_Unanswered Queries (1) (1) (1)' is clicked on

2019-04-25 11:44:57 - [MESSAGE][PASSED] - Object: 'Object Repository/Page_KiboPush  Dashboard/span_Unanswered Queries (1) (1) (1)' is clicked on]]></system-out>
         <system-err><![CDATA[]]></system-err>
      </testcase>
      <testcase name="Test Cases/Smart Replies/TC0636" classname="Test Cases/Smart Replies/TC0636" status="PASSED">
         <system-out><![CDATA[2019-04-25 11:44:57 - [TEST_CASE][PASSED] - Test Cases/Smart Replies/TC0636: Test Cases/Smart Replies/TC0636

2019-04-25 11:44:57 - [TEST_STEP][PASSED] - callTestCase: Call Test Case 'Test Cases/Smart Replies/Test-Actions-Button' successfully

2019-04-25 11:44:58 - [TEST_CASE][PASSED] - Test Cases/Smart Replies/Test-Actions-Button: Test Cases/Smart Replies/Test-Actions-Button

2019-04-25 11:44:58 - [TEST_STEP][PASSED] - callTestCase: Call Test Case 'Test Cases/s-sidebar_navigation/individualAccount/Smart Replies' successfully

2019-04-25 11:44:58 - [TEST_CASE][PASSED] - Test Cases/s-sidebar_navigation/individualAccount/Smart Replies: Test Cases/s-sidebar_navigation/individualAccount/Smart Replies

2019-04-25 11:44:58 - [TEST_STEP][PASSED] - click: Object: 'Object Repository/Page_KiboPush  Dashboard/span_Dashboard' is clicked on

2019-04-25 11:44:58 - [MESSAGE][PASSED] - Object: 'Object Repository/Page_KiboPush  Dashboard/span_Dashboard' is clicked on

2019-04-25 11:44:58 - [TEST_STEP][PASSED] - delay: Delayed 2 second(s)

2019-04-25 11:45:00 - [MESSAGE][PASSED] - Delayed 2 second(s)

2019-04-25 11:45:00 - [TEST_STEP][PASSED] - click: Object: 'Object Repository/Page_KiboPush  Dashboard/span_Smart Replies' is clicked on

2019-04-25 11:45:01 - [MESSAGE][PASSED] - Object: 'Object Repository/Page_KiboPush  Dashboard/span_Smart Replies' is clicked on

2019-04-25 11:45:01 - [TEST_STEP][PASSED] - scrollToPosition: Browser is scrolled to position x = 0, y = 0

2019-04-25 11:45:02 - [MESSAGE][PASSED] - Browser is scrolled to position x = 0, y = 0

2019-04-25 11:45:02 - [TEST_STEP][PASSED] - delay: Delayed 2 second(s)

2019-04-25 11:45:04 - [MESSAGE][PASSED] - Delayed 2 second(s)

2019-04-25 11:45:04 - [TEST_STEP][PASSED] - click: Object: 'Object Repository/Page_KiboPush  Dashboard/h3_Manage Bots' is clicked on

2019-04-25 11:45:04 - [MESSAGE][PASSED] - Object: 'Object Repository/Page_KiboPush  Dashboard/h3_Manage Bots' is clicked on

2019-04-25 11:45:04 - [MESSAGE][PASSED] - Call Test Case 'Test Cases/s-sidebar_navigation/individualAccount/Smart Replies' successfully

2019-04-25 11:45:04 - [TEST_STEP][PASSED] - delay: Delayed 3 second(s)

2019-04-25 11:45:07 - [MESSAGE][PASSED] - Delayed 3 second(s)

2019-04-25 11:45:07 - [TEST_STEP][PASSED] - click: Object: 'Object Repository/Page_KiboPush  Dashboard/i_la la-ellipsis-h (1)' is clicked on

2019-04-25 11:45:07 - [MESSAGE][PASSED] - Object: 'Object Repository/Page_KiboPush  Dashboard/i_la la-ellipsis-h (1)' is clicked on

2019-04-25 11:45:07 - [MESSAGE][PASSED] - Call Test Case 'Test Cases/Smart Replies/Test-Actions-Button' successfully

2019-04-25 11:45:07 - [TEST_STEP][PASSED] - delay: Delayed 2 second(s)

2019-04-25 11:45:09 - [MESSAGE][PASSED] - Delayed 2 second(s)

2019-04-25 11:45:09 - [TEST_STEP][PASSED] - click: Object: 'Object Repository/Page_KiboPush  Dashboard/span_Waiting Subscribers (1)' is clicked on

2019-04-25 11:45:09 - [MESSAGE][PASSED] - Object: 'Object Repository/Page_KiboPush  Dashboard/span_Waiting Subscribers (1)' is clicked on

2019-04-25 11:45:09 - [TEST_STEP][PASSED] - scrollToPosition: Browser is scrolled to position x = 0, y = 0

2019-04-25 11:45:09 - [MESSAGE][PASSED] - Browser is scrolled to position x = 0, y = 0

2019-04-25 11:45:09 - [TEST_STEP][PASSED] - click: Object: 'Object Repository/Page_KiboPush  Dashboard/h3_Subscribers waiting for res (1)' is clicked on

2019-04-25 11:45:10 - [MESSAGE][PASSED] - Object: 'Object Repository/Page_KiboPush  Dashboard/h3_Subscribers waiting for res (1)' is clicked on

2019-04-25 11:45:10 - [TEST_STEP][PASSED] - click: Object: 'Object Repository/Page_KiboPush  Dashboard/a_Back (6)' is clicked on

2019-04-25 11:45:10 - [MESSAGE][PASSED] - Object: 'Object Repository/Page_KiboPush  Dashboard/a_Back (6)' is clicked on

2019-04-25 11:45:10 - [TEST_STEP][PASSED] - delay: Delayed 3 second(s)

2019-04-25 11:45:13 - [MESSAGE][PASSED] - Delayed 3 second(s)

2019-04-25 11:45:13 - [TEST_STEP][PASSED] - click: Object: 'Object Repository/Page_KiboPush  Dashboard/i_la la-ellipsis-h (1)' is clicked on

2019-04-25 11:45:13 - [MESSAGE][PASSED] - Object: 'Object Repository/Page_KiboPush  Dashboard/i_la la-ellipsis-h (1)' is clicked on

2019-04-25 11:45:13 - [TEST_STEP][PASSED] - delay: Delayed 1 second(s)

2019-04-25 11:45:14 - [MESSAGE][PASSED] - Delayed 1 second(s)

2019-04-25 11:45:14 - [TEST_STEP][PASSED] - click: Object: 'Object Repository/Page_KiboPush  Dashboard/span_Delete' is clicked on

2019-04-25 11:45:15 - [MESSAGE][PASSED] - Object: 'Object Repository/Page_KiboPush  Dashboard/span_Delete' is clicked on

2019-04-25 11:45:15 - [TEST_STEP][PASSED] - click: Object: 'Object Repository/Page_KiboPush  Dashboard/button_Delete (6)' is clicked on

2019-04-25 11:45:15 - [MESSAGE][PASSED] - Object: 'Object Repository/Page_KiboPush  Dashboard/button_Delete (6)' is clicked on

2019-04-25 11:45:15 - [TEST_STEP][PASSED] - delay: Delayed 2 second(s)

2019-04-25 11:45:17 - [MESSAGE][PASSED] - Delayed 2 second(s)

2019-04-25 11:45:17 - [TEST_STEP][PASSED] - click: Object: 'Object Repository/Page_KiboPush  Dashboard/div_Bot deleted successfully' is clicked on

2019-04-25 11:45:17 - [MESSAGE][PASSED] - Object: 'Object Repository/Page_KiboPush  Dashboard/div_Bot deleted successfully' is clicked on]]></system-out>
         <system-err><![CDATA[]]></system-err>
      </testcase>
      <system-out><![CDATA[2019-04-25 11:36:54 - [TEST_SUITE][FAILED] - smart replies: Test Cases/Smart Replies/TC0621 FAILED because (of) Unable to click on object 'Object Repository/Page_KiboPush  Create Bot/h3_Create Bot' (Root cause: org.openqa.selenium.WebDriverException: unknown error: Element <h3 class="m-subheader__title">...</h3> is not clickable at point (348, 118). Other element would receive the click: <svg width="40" height="40">...</svg>
  (Session info: chrome=73.0.3683.103)
  (Driver info: chromedriver=2.35.528161 (5b82f2d2aae0ca24b877009200ced9065a772e73),platform=Windows NT 10.0.17134 x86_64) (WARNING: The server did not provide any stacktrace information)
Command duration or timeout: 0 milliseconds
Build info: version: '3.7.1', revision: '8a0099a', time: '2017-11-06T21:07:36.161Z'
System info: host: 'DESKTOP-4M6R1V0', ip: '10.0.2.15', os.name: 'Windows 10', os.arch: 'amd64', os.version: '10.0', java.version: '1.8.0_181'
Driver info: com.kms.katalon.selenium.driver.CChromeDriver
Capabilities {acceptInsecureCerts: false, acceptSslCerts: false, applicationCacheEnabled: false, browserConnectionEnabled: false, browserName: chrome, chrome: {chromedriverVersion: 2.35.528161 (5b82f2d2aae0ca..., userDataDir: C:\Users\CLOUDK~1\AppData\L...}, cssSelectorsEnabled: true, databaseEnabled: false, handlesAlerts: true, hasTouchScreen: false, javascriptEnabled: true, locationContextEnabled: true, mobileEmulationEnabled: false, nativeEvents: true, networkConnectionEnabled: false, pageLoadStrategy: normal, platform: XP, platformName: XP, rotatable: false, setWindowRect: true, takesHeapSnapshot: true, takesScreenshot: true, unexpectedAlertBehaviour: , unhandledPromptBehavior: , version: 73.0.3683.103, webStorageEnabled: true}
Session ID: e62ec6d1ae61db9bdb08acad7b735bb2)]]></system-out>
      <system-err><![CDATA[2019-04-25 11:36:54 - [TEST_SUITE][FAILED] - smart replies: Test Cases/Smart Replies/TC0621 FAILED because (of) Unable to click on object 'Object Repository/Page_KiboPush  Create Bot/h3_Create Bot' (Root cause: org.openqa.selenium.WebDriverException: unknown error: Element <h3 class="m-subheader__title">...</h3> is not clickable at point (348, 118). Other element would receive the click: <svg width="40" height="40">...</svg>
  (Session info: chrome=73.0.3683.103)
  (Driver info: chromedriver=2.35.528161 (5b82f2d2aae0ca24b877009200ced9065a772e73),platform=Windows NT 10.0.17134 x86_64) (WARNING: The server did not provide any stacktrace information)
Command duration or timeout: 0 milliseconds
Build info: version: '3.7.1', revision: '8a0099a', time: '2017-11-06T21:07:36.161Z'
System info: host: 'DESKTOP-4M6R1V0', ip: '10.0.2.15', os.name: 'Windows 10', os.arch: 'amd64', os.version: '10.0', java.version: '1.8.0_181'
Driver info: com.kms.katalon.selenium.driver.CChromeDriver
Capabilities {acceptInsecureCerts: false, acceptSslCerts: false, applicationCacheEnabled: false, browserConnectionEnabled: false, browserName: chrome, chrome: {chromedriverVersion: 2.35.528161 (5b82f2d2aae0ca..., userDataDir: C:\Users\CLOUDK~1\AppData\L...}, cssSelectorsEnabled: true, databaseEnabled: false, handlesAlerts: true, hasTouchScreen: false, javascriptEnabled: true, locationContextEnabled: true, mobileEmulationEnabled: false, nativeEvents: true, networkConnectionEnabled: false, pageLoadStrategy: normal, platform: XP, platformName: XP, rotatable: false, setWindowRect: true, takesHeapSnapshot: true, takesScreenshot: true, unexpectedAlertBehaviour: , unhandledPromptBehavior: , version: 73.0.3683.103, webStorageEnabled: true}
Session ID: e62ec6d1ae61db9bdb08acad7b735bb2)]]></system-err>
   </testsuite>
</testsuites>
