<?xml version="1.0" encoding="UTF-8"?>
<testsuites name="Webview" time="2867" tests="31" failures="12" errors="0">
   <testsuite name="Webview" tests="31" failures="12" errors="0" time="2867" timestamp="2019-04-03 12:10:24" hostname="cloudkibo-muzamil - cloudkibomuzamil-Precision-T1700" id="Test Suites/Webview">
      <properties>
         <property name="deviceName" value=""/>
         <property name="devicePlatform" value=""/>
         <property name="logFolder" value="/home/cloudkibo-muzamil/Downloads/Test cases/production/KiboPush/Reports/Webview/20190403_121022"/>
         <property name="logFiles" value="/home/cloudkibo-muzamil/Downloads/Test cases/production/KiboPush/Reports/Webview/20190403_121022/execution0.log"/>
         <property name="attachments" value="/home/cloudkibo-muzamil/Downloads/Test cases/production/KiboPush/Reports/Webview/20190403_121022/1554275726323.png, /home/cloudkibo-muzamil/Downloads/Test cases/production/KiboPush/Reports/Webview/20190403_121022/1554275726476.png, /home/cloudkibo-muzamil/Downloads/Test cases/production/KiboPush/Reports/Webview/20190403_121022/1554275887858.png, /home/cloudkibo-muzamil/Downloads/Test cases/production/KiboPush/Reports/Webview/20190403_121022/1554275888825.png, /home/cloudkibo-muzamil/Downloads/Test cases/production/KiboPush/Reports/Webview/20190403_121022/1554275970588.png, /home/cloudkibo-muzamil/Downloads/Test cases/production/KiboPush/Reports/Webview/20190403_121022/1554276062831.png, /home/cloudkibo-muzamil/Downloads/Test cases/production/KiboPush/Reports/Webview/20190403_121022/1554276148590.png, /home/cloudkibo-muzamil/Downloads/Test cases/production/KiboPush/Reports/Webview/20190403_121022/1554276612499.png, /home/cloudkibo-muzamil/Downloads/Test cases/production/KiboPush/Reports/Webview/20190403_121022/1554276612627.png, /home/cloudkibo-muzamil/Downloads/Test cases/production/KiboPush/Reports/Webview/20190403_121022/1554277298721.png, /home/cloudkibo-muzamil/Downloads/Test cases/production/KiboPush/Reports/Webview/20190403_121022/1554277298884.png, /home/cloudkibo-muzamil/Downloads/Test cases/production/KiboPush/Reports/Webview/20190403_121022/1554277549150.png, /home/cloudkibo-muzamil/Downloads/Test cases/production/KiboPush/Reports/Webview/20190403_121022/1554277741638.png, /home/cloudkibo-muzamil/Downloads/Test cases/production/KiboPush/Reports/Webview/20190403_121022/1554277741758.png, /home/cloudkibo-muzamil/Downloads/Test cases/production/KiboPush/Reports/Webview/20190403_121022/1554277932493.png, /home/cloudkibo-muzamil/Downloads/Test cases/production/KiboPush/Reports/Webview/20190403_121022/1554277932681.png, /home/cloudkibo-muzamil/Downloads/Test cases/production/KiboPush/Reports/Webview/20190403_121022/1554278018668.png, /home/cloudkibo-muzamil/Downloads/Test cases/production/KiboPush/Reports/Webview/20190403_121022/1554278018810.png"/>
         <property name="hostName" value="cloudkibo-muzamil - cloudkibomuzamil-Precision-T1700"/>
         <property name="os" value="Linux 64bit"/>
         <property name="katalonVersion" value="6.0.6.4"/>
         <property name="browser" value="Chrome 73.0.3683.86"/>
         <property name="hostAddress" value="127.0.1.1"/>
         <property name="sessionId" value="02b0ed0eabd0c51d2829918b809fef05"/>
         <property name="seleniumVersion" value="3.7.1"/>
         <property name="proxyInformation" value="ProxyInformation{proxyOption=NO_PROXY, proxyServerType=HTTP, password=, proxyServerAddress=, proxyServerPort=0}"/>
         <property name="platform" value="Linux"/>
      </properties>
      <testcase name="Test Cases/Webview/TC1085" classname="Test Cases/Webview/TC1085" status="PASSED">
         <system-out><![CDATA[2019-04-03 12:10:24 - [TEST_CASE][PASSED] - Test Cases/Webview/TC1085: Test Cases/Webview/TC1085

2019-04-03 12:10:24 - [TEST_STEP][PASSED] - callTestCase(findTestCase("s-sidebar_navigation/individualAccount/Login_Muzamil"), [:], STOP_ON_FAILURE): Call Test Case 'Test Cases/s-sidebar_navigation/individualAccount/Login_Muzamil' successfully

2019-04-03 12:10:24 - [TEST_CASE][PASSED] - Test Cases/s-sidebar_navigation/individualAccount/Login_Muzamil: Test Cases/s-sidebar_navigation/individualAccount/Login_Muzamil

2019-04-03 12:10:25 - [TEST_STEP][PASSED] - openBrowser(""): Browser is opened with url: ''

2019-04-03 12:10:25 - [MESSAGE][INFO] - Starting 'Chrome' driver

2019-04-03 12:10:25 - [MESSAGE][INFO] - Action delay is set to 0 seconds

2019-04-03 12:10:27 - [MESSAGE][PASSED] - Browser is opened with url: ''

2019-04-03 12:10:27 - [TEST_STEP][PASSED] - maximizeWindow(): Current window maximized

2019-04-03 12:10:27 - [MESSAGE][PASSED] - Current window maximized

2019-04-03 12:10:27 - [TEST_STEP][PASSED] - navigateToUrl("https://app.kibopush.com/"): Navigate to 'https://app.kibopush.com/' successfully

2019-04-03 12:10:44 - [MESSAGE][PASSED] - Navigate to 'https://app.kibopush.com/' successfully

2019-04-03 12:10:44 - [TEST_STEP][PASSED] - click(findTestObject("Page_CloudKibo/a_Login (2)")): Object: 'Object Repository/Page_CloudKibo/a_Login (2)' is clicked on

2019-04-03 12:10:45 - [MESSAGE][PASSED] - Object: 'Object Repository/Page_CloudKibo/a_Login (2)' is clicked on

2019-04-03 12:10:45 - [TEST_STEP][PASSED] - delay(2): Delayed 2 second(s)

2019-04-03 12:10:47 - [MESSAGE][PASSED] - Delayed 2 second(s)

2019-04-03 12:10:47 - [TEST_STEP][PASSED] - setText(findTestObject("Page_CloudKibo/input_Sign In_email (1)"), "muzamil.bukhari.39@gmail.com"): Text 'muzamil.bukhari.39@gmail.com' is set on object 'Object Repository/Page_CloudKibo/input_Sign In_email (1)'

2019-04-03 12:10:48 - [MESSAGE][PASSED] - Text 'muzamil.bukhari.39@gmail.com' is set on object 'Object Repository/Page_CloudKibo/input_Sign In_email (1)'

2019-04-03 12:10:48 - [TEST_STEP][PASSED] - setEncryptedText(findTestObject("Page_CloudKibo/input_Sign In_password (1)"), "ZOMPkeJIpHWb3LMKk986MQ=="): Text ****** has been set on object 'Object Repository/Page_CloudKibo/input_Sign In_password (1)'

2019-04-03 12:10:48 - [MESSAGE][PASSED] - Text ****** has been set on object 'Object Repository/Page_CloudKibo/input_Sign In_password (1)'

2019-04-03 12:10:48 - [TEST_STEP][PASSED] - delay(1): Delayed 1 second(s)

2019-04-03 12:10:49 - [MESSAGE][PASSED] - Delayed 1 second(s)

2019-04-03 12:10:49 - [TEST_STEP][PASSED] - click(findTestObject("Page_CloudKibo/button_Sign In (5)")): Object: 'Object Repository/Page_CloudKibo/button_Sign In (5)' is clicked on

2019-04-03 12:10:49 - [MESSAGE][PASSED] - Object: 'Object Repository/Page_CloudKibo/button_Sign In (5)' is clicked on

2019-04-03 12:10:49 - [TEST_STEP][PASSED] - delay(3): Delayed 3 second(s)

2019-04-03 12:10:52 - [MESSAGE][PASSED] - Delayed 3 second(s)

2019-04-03 12:10:52 - [TEST_STEP][PASSED] - click(findTestObject("Object Repository/Page_KiboEngage  Dashboard/h4_KIBOPUSH")): Object: 'Object Repository/Page_KiboEngage  Dashboard/h4_KIBOPUSH' is clicked on

2019-04-03 12:11:27 - [MESSAGE][PASSED] - Object: 'Object Repository/Page_KiboEngage  Dashboard/h4_KIBOPUSH' is clicked on

2019-04-03 12:11:27 - [MESSAGE][PASSED] - Call Test Case 'Test Cases/s-sidebar_navigation/individualAccount/Login_Muzamil' successfully

2019-04-03 12:11:27 - [TEST_STEP][PASSED] - delay(2): Delayed 2 second(s)

2019-04-03 12:11:29 - [MESSAGE][PASSED] - Delayed 2 second(s)

2019-04-03 12:11:29 - [TEST_STEP][PASSED] - click(findTestObject("Object Repository/Page_KiboEngage  Dashboard/span_Broadcasting (1)")): Object: 'Object Repository/Page_KiboEngage  Dashboard/span_Broadcasting (1)' is clicked on

2019-04-03 12:11:30 - [MESSAGE][PASSED] - Object: 'Object Repository/Page_KiboEngage  Dashboard/span_Broadcasting (1)' is clicked on

2019-04-03 12:11:30 - [TEST_STEP][PASSED] - delay(1): Delayed 1 second(s)

2019-04-03 12:11:31 - [MESSAGE][PASSED] - Delayed 1 second(s)

2019-04-03 12:11:31 - [TEST_STEP][PASSED] - click(findTestObject("Object Repository/Page_KiboEngage  Dashboard/span_Broadcasts")): Object: 'Object Repository/Page_KiboEngage  Dashboard/span_Broadcasts' is clicked on

2019-04-03 12:11:31 - [MESSAGE][PASSED] - Object: 'Object Repository/Page_KiboEngage  Dashboard/span_Broadcasts' is clicked on

2019-04-03 12:11:31 - [TEST_STEP][PASSED] - delay(1): Delayed 1 second(s)

2019-04-03 12:11:32 - [MESSAGE][PASSED] - Delayed 1 second(s)

2019-04-03 12:11:32 - [TEST_STEP][PASSED] - click(findTestObject("Page_KiboEngage  Broadcast/span_Create New")): Object: 'Object Repository/Page_KiboEngage  Broadcast/span_Create New' is clicked on

2019-04-03 12:11:32 - [MESSAGE][PASSED] - Object: 'Object Repository/Page_KiboEngage  Broadcast/span_Create New' is clicked on

2019-04-03 12:11:32 - [TEST_STEP][PASSED] - click(findTestObject("Page_KiboEngage  Broadcast/button_Create New Broadcast (1)")): Object: 'Object Repository/Page_KiboEngage  Broadcast/button_Create New Broadcast (1)' is clicked on

2019-04-03 12:11:32 - [MESSAGE][PASSED] - Object: 'Object Repository/Page_KiboEngage  Broadcast/button_Create New Broadcast (1)' is clicked on

2019-04-03 12:11:32 - [TEST_STEP][PASSED] - delay(1): Delayed 1 second(s)

2019-04-03 12:11:33 - [MESSAGE][PASSED] - Delayed 1 second(s)

2019-04-03 12:11:33 - [TEST_STEP][PASSED] - click(findTestObject("Object Repository/Page_KiboEngage  Create Broadcast/div_Text")): Object: 'Object Repository/Page_KiboEngage  Create Broadcast/div_Text' is clicked on

2019-04-03 12:11:33 - [MESSAGE][PASSED] - Object: 'Object Repository/Page_KiboEngage  Create Broadcast/div_Text' is clicked on

2019-04-03 12:11:33 - [TEST_STEP][PASSED] - delay(1): Delayed 1 second(s)

2019-04-03 12:11:34 - [MESSAGE][PASSED] - Delayed 1 second(s)

2019-04-03 12:11:34 - [TEST_STEP][PASSED] - click(findTestObject("Object Repository/Page_KiboEngage  Create Broadcast/h6_ Add Button")): Object: 'Object Repository/Page_KiboEngage  Create Broadcast/h6_ Add Button' is clicked on

2019-04-03 12:11:34 - [MESSAGE][PASSED] - Object: 'Object Repository/Page_KiboEngage  Create Broadcast/h6_ Add Button' is clicked on

2019-04-03 12:11:34 - [TEST_STEP][PASSED] - setText(findTestObject("Object Repository/Page_KiboEngage  Create Broadcast/input_Button Title_form-control"), "test"): Text 'test' is set on object 'Object Repository/Page_KiboEngage  Create Broadcast/input_Button Title_form-control'

2019-04-03 12:11:34 - [MESSAGE][PASSED] - Text 'test' is set on object 'Object Repository/Page_KiboEngage  Create Broadcast/input_Button Title_form-control'

2019-04-03 12:11:34 - [TEST_STEP][PASSED] - click(findTestObject("Object Repository/Page_KiboEngage  Create Broadcast/h7_Open a webview")): Object: 'Object Repository/Page_KiboEngage  Create Broadcast/h7_Open a webview' is clicked on

2019-04-03 12:11:34 - [MESSAGE][PASSED] - Object: 'Object Repository/Page_KiboEngage  Create Broadcast/h7_Open a webview' is clicked on

2019-04-03 12:11:34 - [TEST_STEP][PASSED] - setText(findTestObject("Object Repository/Page_KiboEngage  Create Broadcast/input_Url_form-control"), "https://kiboengage.cloudkibo.com"): Text 'https://kiboengage.cloudkibo.com' is set on object 'Object Repository/Page_KiboEngage  Create Broadcast/input_Url_form-control'

2019-04-03 12:11:35 - [MESSAGE][PASSED] - Text 'https://kiboengage.cloudkibo.com' is set on object 'Object Repository/Page_KiboEngage  Create Broadcast/input_Url_form-control'

2019-04-03 12:11:35 - [TEST_STEP][PASSED] - click(findTestObject("Object Repository/Page_KiboEngage  Create Broadcast/button_Done")): Object: 'Object Repository/Page_KiboEngage  Create Broadcast/button_Done' is clicked on

2019-04-03 12:11:35 - [MESSAGE][PASSED] - Object: 'Object Repository/Page_KiboEngage  Create Broadcast/button_Done' is clicked on

2019-04-03 12:11:35 - [TEST_STEP][PASSED] - delay(1): Delayed 1 second(s)

2019-04-03 12:11:36 - [MESSAGE][PASSED] - Delayed 1 second(s)

2019-04-03 12:11:36 - [TEST_STEP][PASSED] - click(findTestObject("Object Repository/Page_KiboEngage  Create Broadcast/button_test")): Object: 'Object Repository/Page_KiboEngage  Create Broadcast/button_test' is clicked on

2019-04-03 12:11:36 - [MESSAGE][PASSED] - Object: 'Object Repository/Page_KiboEngage  Create Broadcast/button_test' is clicked on

2019-04-03 12:11:36 - [TEST_STEP][PASSED] - delay(1): Delayed 1 second(s)

2019-04-03 12:11:37 - [MESSAGE][PASSED] - Delayed 1 second(s)

2019-04-03 12:11:37 - [TEST_STEP][PASSED] - click(findTestObject("Object Repository/Page_KiboEngage  Create Broadcast/strong_Edit Button")): Object: 'Object Repository/Page_KiboEngage  Create Broadcast/strong_Edit Button' is clicked on

2019-04-03 12:11:37 - [MESSAGE][PASSED] - Object: 'Object Repository/Page_KiboEngage  Create Broadcast/strong_Edit Button' is clicked on

2019-04-03 12:11:37 - [TEST_STEP][PASSED] - click(findTestObject("Object Repository/Page_KiboEngage  Create Broadcast/button_Remove")): Object: 'Object Repository/Page_KiboEngage  Create Broadcast/button_Remove' is clicked on

2019-04-03 12:11:37 - [MESSAGE][PASSED] - Object: 'Object Repository/Page_KiboEngage  Create Broadcast/button_Remove' is clicked on

2019-04-03 12:11:37 - [TEST_STEP][PASSED] - delay(1): Delayed 1 second(s)

2019-04-03 12:11:38 - [MESSAGE][PASSED] - Delayed 1 second(s)

2019-04-03 12:11:38 - [TEST_STEP][PASSED] - click(findTestObject("Object Repository/Page_KiboEngage  Create Broadcast/i_Broadcast Title_fa fa-times fa-stack-2x")): Object: 'Object Repository/Page_KiboEngage  Create Broadcast/i_Broadcast Title_fa fa-times fa-stack-2x' is clicked on

2019-04-03 12:11:38 - [MESSAGE][PASSED] - Object: 'Object Repository/Page_KiboEngage  Create Broadcast/i_Broadcast Title_fa fa-times fa-stack-2x' is clicked on

2019-04-03 12:11:38 - [TEST_STEP][PASSED] - delay(1): Delayed 1 second(s)

2019-04-03 12:11:39 - [MESSAGE][PASSED] - Delayed 1 second(s)

2019-04-03 12:11:39 - [TEST_STEP][PASSED] - click(findTestObject("Object Repository/Page_KiboEngage  Create Broadcast/div_Card")): Object: 'Object Repository/Page_KiboEngage  Create Broadcast/div_Card' is clicked on

2019-04-03 12:11:39 - [MESSAGE][PASSED] - Object: 'Object Repository/Page_KiboEngage  Create Broadcast/div_Card' is clicked on

2019-04-03 12:11:39 - [TEST_STEP][PASSED] - click(findTestObject("Object Repository/Page_KiboEngage  Create Broadcast/h6_ Add Button")): Object: 'Object Repository/Page_KiboEngage  Create Broadcast/h6_ Add Button' is clicked on

2019-04-03 12:11:39 - [MESSAGE][PASSED] - Object: 'Object Repository/Page_KiboEngage  Create Broadcast/h6_ Add Button' is clicked on

2019-04-03 12:11:39 - [TEST_STEP][PASSED] - setText(findTestObject("Object Repository/Page_KiboEngage  Create Broadcast/input_Button Title_form-control"), "test2"): Text 'test2' is set on object 'Object Repository/Page_KiboEngage  Create Broadcast/input_Button Title_form-control'

2019-04-03 12:11:39 - [MESSAGE][PASSED] - Text 'test2' is set on object 'Object Repository/Page_KiboEngage  Create Broadcast/input_Button Title_form-control'

2019-04-03 12:11:39 - [TEST_STEP][PASSED] - click(findTestObject("Object Repository/Page_KiboEngage  Create Broadcast/h7_Open a webview")): Object: 'Object Repository/Page_KiboEngage  Create Broadcast/h7_Open a webview' is clicked on

2019-04-03 12:11:40 - [MESSAGE][PASSED] - Object: 'Object Repository/Page_KiboEngage  Create Broadcast/h7_Open a webview' is clicked on

2019-04-03 12:11:40 - [TEST_STEP][PASSED] - setText(findTestObject("Object Repository/Page_KiboEngage  Create Broadcast/input_Url_form-control"), "https://kiboengage.cloudkibo.com"): Text 'https://kiboengage.cloudkibo.com' is set on object 'Object Repository/Page_KiboEngage  Create Broadcast/input_Url_form-control'

2019-04-03 12:11:40 - [MESSAGE][PASSED] - Text 'https://kiboengage.cloudkibo.com' is set on object 'Object Repository/Page_KiboEngage  Create Broadcast/input_Url_form-control'

2019-04-03 12:11:40 - [TEST_STEP][PASSED] - click(findTestObject("Object Repository/Page_KiboEngage  Create Broadcast/button_Done")): Object: 'Object Repository/Page_KiboEngage  Create Broadcast/button_Done' is clicked on

2019-04-03 12:11:40 - [MESSAGE][PASSED] - Object: 'Object Repository/Page_KiboEngage  Create Broadcast/button_Done' is clicked on

2019-04-03 12:11:40 - [TEST_STEP][PASSED] - delay(1): Delayed 1 second(s)

2019-04-03 12:11:41 - [MESSAGE][PASSED] - Delayed 1 second(s)

2019-04-03 12:11:41 - [TEST_STEP][PASSED] - click(findTestObject("Object Repository/Page_KiboEngage  Create Broadcast/button_test2")): Object: 'Object Repository/Page_KiboEngage  Create Broadcast/button_test2' is clicked on

2019-04-03 12:11:41 - [MESSAGE][PASSED] - Object: 'Object Repository/Page_KiboEngage  Create Broadcast/button_test2' is clicked on

2019-04-03 12:11:41 - [TEST_STEP][PASSED] - click(findTestObject("Object Repository/Page_KiboEngage  Create Broadcast/strong_Edit Button")): Object: 'Object Repository/Page_KiboEngage  Create Broadcast/strong_Edit Button' is clicked on

2019-04-03 12:11:41 - [MESSAGE][PASSED] - Object: 'Object Repository/Page_KiboEngage  Create Broadcast/strong_Edit Button' is clicked on

2019-04-03 12:11:41 - [TEST_STEP][PASSED] - click(findTestObject("Object Repository/Page_KiboEngage  Create Broadcast/button_Remove")): Object: 'Object Repository/Page_KiboEngage  Create Broadcast/button_Remove' is clicked on

2019-04-03 12:11:41 - [MESSAGE][PASSED] - Object: 'Object Repository/Page_KiboEngage  Create Broadcast/button_Remove' is clicked on

2019-04-03 12:11:41 - [TEST_STEP][PASSED] - click(findTestObject("Object Repository/Page_KiboEngage  Create Broadcast/i_Broadcast Title_fa fa-times fa-stack-2x_1")): Object: 'Object Repository/Page_KiboEngage  Create Broadcast/i_Broadcast Title_fa fa-times fa-stack-2x_1' is clicked on

2019-04-03 12:11:41 - [MESSAGE][PASSED] - Object: 'Object Repository/Page_KiboEngage  Create Broadcast/i_Broadcast Title_fa fa-times fa-stack-2x_1' is clicked on

2019-04-03 12:11:41 - [TEST_STEP][PASSED] - delay(2): Delayed 2 second(s)

2019-04-03 12:11:43 - [MESSAGE][PASSED] - Delayed 2 second(s)

2019-04-03 12:11:43 - [TEST_STEP][PASSED] - click(findTestObject("Object Repository/Page_KiboEngage  Create Broadcast/div_Gallery")): Object: 'Object Repository/Page_KiboEngage  Create Broadcast/div_Gallery' is clicked on

2019-04-03 12:11:43 - [MESSAGE][PASSED] - Object: 'Object Repository/Page_KiboEngage  Create Broadcast/div_Gallery' is clicked on

2019-04-03 12:11:43 - [TEST_STEP][PASSED] - click(findTestObject("Object Repository/Page_KiboEngage  Create Broadcast/h6_ Add Button")): Object: 'Object Repository/Page_KiboEngage  Create Broadcast/h6_ Add Button' is clicked on

2019-04-03 12:11:43 - [MESSAGE][PASSED] - Object: 'Object Repository/Page_KiboEngage  Create Broadcast/h6_ Add Button' is clicked on

2019-04-03 12:11:43 - [TEST_STEP][PASSED] - setText(findTestObject("Object Repository/Page_KiboEngage  Create Broadcast/input_Button Title_form-control"), "test3"): Text 'test3' is set on object 'Object Repository/Page_KiboEngage  Create Broadcast/input_Button Title_form-control'

2019-04-03 12:11:44 - [MESSAGE][PASSED] - Text 'test3' is set on object 'Object Repository/Page_KiboEngage  Create Broadcast/input_Button Title_form-control'

2019-04-03 12:11:44 - [TEST_STEP][PASSED] - click(findTestObject("Object Repository/Page_KiboEngage  Create Broadcast/div_Open a webview")): Object: 'Object Repository/Page_KiboEngage  Create Broadcast/div_Open a webview' is clicked on

2019-04-03 12:11:44 - [MESSAGE][PASSED] - Object: 'Object Repository/Page_KiboEngage  Create Broadcast/div_Open a webview' is clicked on

2019-04-03 12:11:44 - [TEST_STEP][PASSED] - setText(findTestObject("Object Repository/Page_KiboEngage  Create Broadcast/input_Url_form-control"), "https://kiboengage.cloudkibo.com"): Text 'https://kiboengage.cloudkibo.com' is set on object 'Object Repository/Page_KiboEngage  Create Broadcast/input_Url_form-control'

2019-04-03 12:11:44 - [MESSAGE][PASSED] - Text 'https://kiboengage.cloudkibo.com' is set on object 'Object Repository/Page_KiboEngage  Create Broadcast/input_Url_form-control'

2019-04-03 12:11:44 - [TEST_STEP][PASSED] - click(findTestObject("Object Repository/Page_KiboEngage  Create Broadcast/button_Done")): Object: 'Object Repository/Page_KiboEngage  Create Broadcast/button_Done' is clicked on

2019-04-03 12:11:44 - [MESSAGE][PASSED] - Object: 'Object Repository/Page_KiboEngage  Create Broadcast/button_Done' is clicked on

2019-04-03 12:11:44 - [TEST_STEP][PASSED] - delay(1): Delayed 1 second(s)

2019-04-03 12:11:45 - [MESSAGE][PASSED] - Delayed 1 second(s)

2019-04-03 12:11:45 - [TEST_STEP][PASSED] - click(findTestObject("Object Repository/Page_KiboEngage  Create Broadcast/button_test3")): Object: 'Object Repository/Page_KiboEngage  Create Broadcast/button_test3' is clicked on

2019-04-03 12:11:45 - [MESSAGE][PASSED] - Object: 'Object Repository/Page_KiboEngage  Create Broadcast/button_test3' is clicked on

2019-04-03 12:11:45 - [TEST_STEP][PASSED] - click(findTestObject("Object Repository/Page_KiboEngage  Create Broadcast/strong_Edit Button")): Object: 'Object Repository/Page_KiboEngage  Create Broadcast/strong_Edit Button' is clicked on

2019-04-03 12:11:45 - [MESSAGE][PASSED] - Object: 'Object Repository/Page_KiboEngage  Create Broadcast/strong_Edit Button' is clicked on

2019-04-03 12:11:45 - [TEST_STEP][PASSED] - click(findTestObject("Object Repository/Page_KiboEngage  Create Broadcast/button_Remove")): Object: 'Object Repository/Page_KiboEngage  Create Broadcast/button_Remove' is clicked on

2019-04-03 12:11:45 - [MESSAGE][PASSED] - Object: 'Object Repository/Page_KiboEngage  Create Broadcast/button_Remove' is clicked on

2019-04-03 12:11:45 - [TEST_STEP][PASSED] - click(findTestObject("Object Repository/Page_KiboEngage  Create Broadcast/i_Broadcast Title_fa fa-times fa-stack-2x_2")): Object: 'Object Repository/Page_KiboEngage  Create Broadcast/i_Broadcast Title_fa fa-times fa-stack-2x_2' is clicked on

2019-04-03 12:11:45 - [MESSAGE][PASSED] - Object: 'Object Repository/Page_KiboEngage  Create Broadcast/i_Broadcast Title_fa fa-times fa-stack-2x_2' is clicked on

2019-04-03 12:11:45 - [TEST_STEP][PASSED] - delay(2): Delayed 2 second(s)

2019-04-03 12:11:47 - [MESSAGE][PASSED] - Delayed 2 second(s)

2019-04-03 12:11:47 - [TEST_STEP][PASSED] - click(findTestObject("Object Repository/Page_KiboEngage  Create Broadcast/div_List")): Object: 'Object Repository/Page_KiboEngage  Create Broadcast/div_List' is clicked on

2019-04-03 12:11:48 - [MESSAGE][PASSED] - Object: 'Object Repository/Page_KiboEngage  Create Broadcast/div_List' is clicked on

2019-04-03 12:11:48 - [TEST_STEP][PASSED] - click(findTestObject("Object Repository/Page_KiboEngage  Create Broadcast/h6_ Add Button")): Object: 'Object Repository/Page_KiboEngage  Create Broadcast/h6_ Add Button' is clicked on

2019-04-03 12:11:48 - [MESSAGE][PASSED] - Object: 'Object Repository/Page_KiboEngage  Create Broadcast/h6_ Add Button' is clicked on

2019-04-03 12:11:48 - [TEST_STEP][PASSED] - setText(findTestObject("Object Repository/Page_KiboEngage  Create Broadcast/input_Button Title_form-control"), "test4"): Text 'test4' is set on object 'Object Repository/Page_KiboEngage  Create Broadcast/input_Button Title_form-control'

2019-04-03 12:11:48 - [MESSAGE][PASSED] - Text 'test4' is set on object 'Object Repository/Page_KiboEngage  Create Broadcast/input_Button Title_form-control'

2019-04-03 12:11:48 - [TEST_STEP][PASSED] - click(findTestObject("Object Repository/Page_KiboEngage  Create Broadcast/h7_Open a webview")): Object: 'Object Repository/Page_KiboEngage  Create Broadcast/h7_Open a webview' is clicked on

2019-04-03 12:11:48 - [MESSAGE][PASSED] - Object: 'Object Repository/Page_KiboEngage  Create Broadcast/h7_Open a webview' is clicked on

2019-04-03 12:11:48 - [TEST_STEP][PASSED] - setText(findTestObject("Object Repository/Page_KiboEngage  Create Broadcast/input_Url_form-control"), "https://kiboengage.cloudkibo.com"): Text 'https://kiboengage.cloudkibo.com' is set on object 'Object Repository/Page_KiboEngage  Create Broadcast/input_Url_form-control'

2019-04-03 12:11:48 - [MESSAGE][PASSED] - Text 'https://kiboengage.cloudkibo.com' is set on object 'Object Repository/Page_KiboEngage  Create Broadcast/input_Url_form-control'

2019-04-03 12:11:48 - [TEST_STEP][PASSED] - click(findTestObject("Object Repository/Page_KiboEngage  Create Broadcast/button_Done")): Object: 'Object Repository/Page_KiboEngage  Create Broadcast/button_Done' is clicked on

2019-04-03 12:11:48 - [MESSAGE][PASSED] - Object: 'Object Repository/Page_KiboEngage  Create Broadcast/button_Done' is clicked on

2019-04-03 12:11:48 - [TEST_STEP][PASSED] - delay(1): Delayed 1 second(s)

2019-04-03 12:11:49 - [MESSAGE][PASSED] - Delayed 1 second(s)

2019-04-03 12:11:49 - [TEST_STEP][PASSED] - click(findTestObject("Object Repository/Page_KiboEngage  Create Broadcast/button_test4")): Object: 'Object Repository/Page_KiboEngage  Create Broadcast/button_test4' is clicked on

2019-04-03 12:11:49 - [MESSAGE][PASSED] - Object: 'Object Repository/Page_KiboEngage  Create Broadcast/button_test4' is clicked on

2019-04-03 12:11:49 - [TEST_STEP][PASSED] - click(findTestObject("Object Repository/Page_KiboEngage  Create Broadcast/strong_Edit Button")): Object: 'Object Repository/Page_KiboEngage  Create Broadcast/strong_Edit Button' is clicked on

2019-04-03 12:11:49 - [MESSAGE][PASSED] - Object: 'Object Repository/Page_KiboEngage  Create Broadcast/strong_Edit Button' is clicked on

2019-04-03 12:11:49 - [TEST_STEP][PASSED] - click(findTestObject("Object Repository/Page_KiboEngage  Create Broadcast/button_Remove")): Object: 'Object Repository/Page_KiboEngage  Create Broadcast/button_Remove' is clicked on

2019-04-03 12:11:49 - [MESSAGE][PASSED] - Object: 'Object Repository/Page_KiboEngage  Create Broadcast/button_Remove' is clicked on]]></system-out>
         <system-err><![CDATA[]]></system-err>
      </testcase>
      <testcase name="Test Cases/Webview/TC1086" classname="Test Cases/Webview/TC1086" status="PASSED">
         <system-out><![CDATA[2019-04-03 12:11:49 - [TEST_CASE][PASSED] - Test Cases/Webview/TC1086: Test Cases/Webview/TC1086

2019-04-03 12:11:50 - [TEST_STEP][PASSED] - callTestCase(findTestCase("s-sidebar_navigation/individualAccount/Login_Muzamil"), [:], STOP_ON_FAILURE): Call Test Case 'Test Cases/s-sidebar_navigation/individualAccount/Login_Muzamil' successfully

2019-04-03 12:11:50 - [TEST_CASE][PASSED] - Test Cases/s-sidebar_navigation/individualAccount/Login_Muzamil: Test Cases/s-sidebar_navigation/individualAccount/Login_Muzamil

2019-04-03 12:11:50 - [TEST_STEP][PASSED] - openBrowser(""): Browser is opened with url: ''

2019-04-03 12:11:50 - [MESSAGE][WARNING] - A browser is already opened. Closing browser and opening a new one

2019-04-03 12:11:50 - [MESSAGE][INFO] - Starting 'Chrome' driver

2019-04-03 12:11:50 - [MESSAGE][PASSED] - Browser is opened with url: ''

2019-04-03 12:11:50 - [TEST_STEP][PASSED] - maximizeWindow(): Current window maximized

2019-04-03 12:11:50 - [MESSAGE][PASSED] - Current window maximized

2019-04-03 12:11:50 - [TEST_STEP][PASSED] - navigateToUrl("https://app.kibopush.com/"): Navigate to 'https://app.kibopush.com/' successfully

2019-04-03 12:12:04 - [MESSAGE][PASSED] - Navigate to 'https://app.kibopush.com/' successfully

2019-04-03 12:12:04 - [TEST_STEP][PASSED] - click(findTestObject("Page_CloudKibo/a_Login (2)")): Object: 'Object Repository/Page_CloudKibo/a_Login (2)' is clicked on

2019-04-03 12:12:05 - [MESSAGE][PASSED] - Object: 'Object Repository/Page_CloudKibo/a_Login (2)' is clicked on

2019-04-03 12:12:05 - [TEST_STEP][PASSED] - delay(2): Delayed 2 second(s)

2019-04-03 12:12:07 - [MESSAGE][PASSED] - Delayed 2 second(s)

2019-04-03 12:12:07 - [TEST_STEP][PASSED] - setText(findTestObject("Page_CloudKibo/input_Sign In_email (1)"), "muzamil.bukhari.39@gmail.com"): Text 'muzamil.bukhari.39@gmail.com' is set on object 'Object Repository/Page_CloudKibo/input_Sign In_email (1)'

2019-04-03 12:12:07 - [MESSAGE][PASSED] - Text 'muzamil.bukhari.39@gmail.com' is set on object 'Object Repository/Page_CloudKibo/input_Sign In_email (1)'

2019-04-03 12:12:07 - [TEST_STEP][PASSED] - setEncryptedText(findTestObject("Page_CloudKibo/input_Sign In_password (1)"), "ZOMPkeJIpHWb3LMKk986MQ=="): Text ****** has been set on object 'Object Repository/Page_CloudKibo/input_Sign In_password (1)'

2019-04-03 12:12:07 - [MESSAGE][PASSED] - Text ****** has been set on object 'Object Repository/Page_CloudKibo/input_Sign In_password (1)'

2019-04-03 12:12:07 - [TEST_STEP][PASSED] - delay(1): Delayed 1 second(s)

2019-04-03 12:12:08 - [MESSAGE][PASSED] - Delayed 1 second(s)

2019-04-03 12:12:08 - [TEST_STEP][PASSED] - click(findTestObject("Page_CloudKibo/button_Sign In (5)")): Object: 'Object Repository/Page_CloudKibo/button_Sign In (5)' is clicked on

2019-04-03 12:12:09 - [MESSAGE][PASSED] - Object: 'Object Repository/Page_CloudKibo/button_Sign In (5)' is clicked on

2019-04-03 12:12:09 - [TEST_STEP][PASSED] - delay(3): Delayed 3 second(s)

2019-04-03 12:12:12 - [MESSAGE][PASSED] - Delayed 3 second(s)

2019-04-03 12:12:12 - [TEST_STEP][PASSED] - click(findTestObject("Object Repository/Page_KiboEngage  Dashboard/h4_KIBOPUSH")): Object: 'Object Repository/Page_KiboEngage  Dashboard/h4_KIBOPUSH' is clicked on

2019-04-03 12:12:23 - [MESSAGE][PASSED] - Object: 'Object Repository/Page_KiboEngage  Dashboard/h4_KIBOPUSH' is clicked on

2019-04-03 12:12:23 - [MESSAGE][PASSED] - Call Test Case 'Test Cases/s-sidebar_navigation/individualAccount/Login_Muzamil' successfully

2019-04-03 12:12:23 - [TEST_STEP][PASSED] - delay(2): Delayed 2 second(s)

2019-04-03 12:12:25 - [MESSAGE][PASSED] - Delayed 2 second(s)

2019-04-03 12:12:25 - [TEST_STEP][PASSED] - click(findTestObject("Page_KiboEngage  Dashboard/span_Broadcasting (1)")): Object: 'Object Repository/Page_KiboEngage  Dashboard/span_Broadcasting (1)' is clicked on

2019-04-03 12:12:26 - [MESSAGE][PASSED] - Object: 'Object Repository/Page_KiboEngage  Dashboard/span_Broadcasting (1)' is clicked on

2019-04-03 12:12:26 - [TEST_STEP][PASSED] - delay(1): Delayed 1 second(s)

2019-04-03 12:12:27 - [MESSAGE][PASSED] - Delayed 1 second(s)

2019-04-03 12:12:27 - [TEST_STEP][PASSED] - click(findTestObject("Page_KiboEngage  Dashboard/span_Broadcasts")): Object: 'Object Repository/Page_KiboEngage  Dashboard/span_Broadcasts' is clicked on

2019-04-03 12:12:27 - [MESSAGE][PASSED] - Object: 'Object Repository/Page_KiboEngage  Dashboard/span_Broadcasts' is clicked on

2019-04-03 12:12:27 - [TEST_STEP][PASSED] - delay(1): Delayed 1 second(s)

2019-04-03 12:12:28 - [MESSAGE][PASSED] - Delayed 1 second(s)

2019-04-03 12:12:28 - [TEST_STEP][PASSED] - click(findTestObject("Page_KiboEngage  Broadcast/span_Create New (1)")): Object: 'Object Repository/Page_KiboEngage  Broadcast/span_Create New (1)' is clicked on

2019-04-03 12:12:28 - [MESSAGE][PASSED] - Object: 'Object Repository/Page_KiboEngage  Broadcast/span_Create New (1)' is clicked on

2019-04-03 12:12:28 - [TEST_STEP][PASSED] - delay(1): Delayed 1 second(s)

2019-04-03 12:12:29 - [MESSAGE][PASSED] - Delayed 1 second(s)

2019-04-03 12:12:29 - [TEST_STEP][PASSED] - click(findTestObject("Page_KiboEngage  Broadcast/button_Create New Broadcast (1) (1)")): Object: 'Object Repository/Page_KiboEngage  Broadcast/button_Create New Broadcast (1) (1)' is clicked on

2019-04-03 12:12:29 - [MESSAGE][PASSED] - Object: 'Object Repository/Page_KiboEngage  Broadcast/button_Create New Broadcast (1) (1)' is clicked on

2019-04-03 12:12:29 - [TEST_STEP][PASSED] - delay(1): Delayed 1 second(s)

2019-04-03 12:12:30 - [MESSAGE][PASSED] - Delayed 1 second(s)

2019-04-03 12:12:30 - [TEST_STEP][PASSED] - click(findTestObject("Object Repository/Page_KiboEngage  Create Broadcast/div_Text (1)")): Object: 'Object Repository/Page_KiboEngage  Create Broadcast/div_Text (1)' is clicked on

2019-04-03 12:12:30 - [MESSAGE][PASSED] - Object: 'Object Repository/Page_KiboEngage  Create Broadcast/div_Text (1)' is clicked on

2019-04-03 12:12:30 - [TEST_STEP][PASSED] - delay(1): Delayed 1 second(s)

2019-04-03 12:12:31 - [MESSAGE][PASSED] - Delayed 1 second(s)

2019-04-03 12:12:31 - [TEST_STEP][PASSED] - click(findTestObject("Object Repository/Page_KiboEngage  Create Broadcast/h6_ Add Button (1)")): Object: 'Object Repository/Page_KiboEngage  Create Broadcast/h6_ Add Button (1)' is clicked on

2019-04-03 12:12:31 - [MESSAGE][PASSED] - Object: 'Object Repository/Page_KiboEngage  Create Broadcast/h6_ Add Button (1)' is clicked on

2019-04-03 12:12:31 - [TEST_STEP][PASSED] - delay(1): Delayed 1 second(s)

2019-04-03 12:12:32 - [MESSAGE][PASSED] - Delayed 1 second(s)

2019-04-03 12:12:32 - [TEST_STEP][PASSED] - setText(findTestObject("Object Repository/Page_KiboEngage  Create Broadcast/input_Button Title_form-control (1)"), "test"): Text 'test' is set on object 'Object Repository/Page_KiboEngage  Create Broadcast/input_Button Title_form-control (1)'

2019-04-03 12:12:32 - [MESSAGE][PASSED] - Text 'test' is set on object 'Object Repository/Page_KiboEngage  Create Broadcast/input_Button Title_form-control (1)'

2019-04-03 12:12:32 - [TEST_STEP][PASSED] - delay(1): Delayed 1 second(s)

2019-04-03 12:12:33 - [MESSAGE][PASSED] - Delayed 1 second(s)

2019-04-03 12:12:33 - [TEST_STEP][PASSED] - click(findTestObject("Object Repository/Page_KiboEngage  Create Broadcast/h7_Open a webview (1)")): Object: 'Object Repository/Page_KiboEngage  Create Broadcast/h7_Open a webview (1)' is clicked on

2019-04-03 12:12:33 - [MESSAGE][PASSED] - Object: 'Object Repository/Page_KiboEngage  Create Broadcast/h7_Open a webview (1)' is clicked on

2019-04-03 12:12:33 - [TEST_STEP][PASSED] - delay(1): Delayed 1 second(s)

2019-04-03 12:12:34 - [MESSAGE][PASSED] - Delayed 1 second(s)

2019-04-03 12:12:34 - [TEST_STEP][PASSED] - click(findTestObject("Object Repository/Page_KiboEngage  Create Broadcast/a_Whitelist url domains to open in-app browser")): Object: 'Object Repository/Page_KiboEngage  Create Broadcast/a_Whitelist url domains to open in-app browser' is clicked on

2019-04-03 12:12:35 - [MESSAGE][PASSED] - Object: 'Object Repository/Page_KiboEngage  Create Broadcast/a_Whitelist url domains to open in-app browser' is clicked on

2019-04-03 12:12:35 - [TEST_STEP][PASSED] - delay(1): Delayed 1 second(s)

2019-04-03 12:12:36 - [MESSAGE][PASSED] - Delayed 1 second(s)

2019-04-03 12:12:36 - [TEST_STEP][PASSED] - click(findTestObject("Object Repository/Page_KiboPush  api_settings/span_Whitelist Domains")): Object: 'Object Repository/Page_KiboPush  api_settings/span_Whitelist Domains' is clicked on

2019-04-03 12:12:36 - [MESSAGE][PASSED] - Object: 'Object Repository/Page_KiboPush  api_settings/span_Whitelist Domains' is clicked on

2019-04-03 12:12:36 - [TEST_STEP][PASSED] - delay(1): Delayed 1 second(s)

2019-04-03 12:12:37 - [MESSAGE][PASSED] - Delayed 1 second(s)

2019-04-03 12:12:37 - [TEST_STEP][PASSED] - click(findTestObject("Object Repository/Page_KiboPush  Whitelist Domains/span_Whitelist Domains")): Object: 'Object Repository/Page_KiboPush  Whitelist Domains/span_Whitelist Domains' is clicked on

2019-04-03 12:12:37 - [MESSAGE][PASSED] - Object: 'Object Repository/Page_KiboPush  Whitelist Domains/span_Whitelist Domains' is clicked on]]></system-out>
         <system-err><![CDATA[]]></system-err>
      </testcase>
      <testcase name="Test Cases/Webview/TC1087" classname="Test Cases/Webview/TC1087" status="PASSED">
         <system-out><![CDATA[2019-04-03 12:12:37 - [TEST_CASE][PASSED] - Test Cases/Webview/TC1087: Test Cases/Webview/TC1087

2019-04-03 12:12:37 - [TEST_STEP][PASSED] - callTestCase(findTestCase("s-sidebar_navigation/individualAccount/Login_Muzamil"), [:], STOP_ON_FAILURE): Call Test Case 'Test Cases/s-sidebar_navigation/individualAccount/Login_Muzamil' successfully

2019-04-03 12:12:37 - [TEST_CASE][PASSED] - Test Cases/s-sidebar_navigation/individualAccount/Login_Muzamil: Test Cases/s-sidebar_navigation/individualAccount/Login_Muzamil

2019-04-03 12:12:37 - [TEST_STEP][PASSED] - openBrowser(""): Browser is opened with url: ''

2019-04-03 12:12:37 - [MESSAGE][WARNING] - A browser is already opened. Closing browser and opening a new one

2019-04-03 12:12:37 - [MESSAGE][INFO] - Starting 'Chrome' driver

2019-04-03 12:12:37 - [MESSAGE][PASSED] - Browser is opened with url: ''

2019-04-03 12:12:37 - [TEST_STEP][PASSED] - maximizeWindow(): Current window maximized

2019-04-03 12:12:38 - [MESSAGE][PASSED] - Current window maximized

2019-04-03 12:12:38 - [TEST_STEP][PASSED] - navigateToUrl("https://app.kibopush.com/"): Navigate to 'https://app.kibopush.com/' successfully

2019-04-03 12:12:48 - [MESSAGE][PASSED] - Navigate to 'https://app.kibopush.com/' successfully

2019-04-03 12:12:48 - [TEST_STEP][PASSED] - click(findTestObject("Page_CloudKibo/a_Login (2)")): Object: 'Object Repository/Page_CloudKibo/a_Login (2)' is clicked on

2019-04-03 12:12:49 - [MESSAGE][PASSED] - Object: 'Object Repository/Page_CloudKibo/a_Login (2)' is clicked on

2019-04-03 12:12:49 - [TEST_STEP][PASSED] - delay(2): Delayed 2 second(s)

2019-04-03 12:12:51 - [MESSAGE][PASSED] - Delayed 2 second(s)

2019-04-03 12:12:51 - [TEST_STEP][PASSED] - setText(findTestObject("Page_CloudKibo/input_Sign In_email (1)"), "muzamil.bukhari.39@gmail.com"): Text 'muzamil.bukhari.39@gmail.com' is set on object 'Object Repository/Page_CloudKibo/input_Sign In_email (1)'

2019-04-03 12:12:51 - [MESSAGE][PASSED] - Text 'muzamil.bukhari.39@gmail.com' is set on object 'Object Repository/Page_CloudKibo/input_Sign In_email (1)'

2019-04-03 12:12:51 - [TEST_STEP][PASSED] - setEncryptedText(findTestObject("Page_CloudKibo/input_Sign In_password (1)"), "ZOMPkeJIpHWb3LMKk986MQ=="): Text ****** has been set on object 'Object Repository/Page_CloudKibo/input_Sign In_password (1)'

2019-04-03 12:12:51 - [MESSAGE][PASSED] - Text ****** has been set on object 'Object Repository/Page_CloudKibo/input_Sign In_password (1)'

2019-04-03 12:12:51 - [TEST_STEP][PASSED] - delay(1): Delayed 1 second(s)

2019-04-03 12:12:52 - [MESSAGE][PASSED] - Delayed 1 second(s)

2019-04-03 12:12:52 - [TEST_STEP][PASSED] - click(findTestObject("Page_CloudKibo/button_Sign In (5)")): Object: 'Object Repository/Page_CloudKibo/button_Sign In (5)' is clicked on

2019-04-03 12:12:52 - [MESSAGE][PASSED] - Object: 'Object Repository/Page_CloudKibo/button_Sign In (5)' is clicked on

2019-04-03 12:12:52 - [TEST_STEP][PASSED] - delay(3): Delayed 3 second(s)

2019-04-03 12:12:55 - [MESSAGE][PASSED] - Delayed 3 second(s)

2019-04-03 12:12:55 - [TEST_STEP][PASSED] - click(findTestObject("Object Repository/Page_KiboEngage  Dashboard/h4_KIBOPUSH")): Object: 'Object Repository/Page_KiboEngage  Dashboard/h4_KIBOPUSH' is clicked on

2019-04-03 12:13:10 - [MESSAGE][PASSED] - Object: 'Object Repository/Page_KiboEngage  Dashboard/h4_KIBOPUSH' is clicked on

2019-04-03 12:13:10 - [MESSAGE][PASSED] - Call Test Case 'Test Cases/s-sidebar_navigation/individualAccount/Login_Muzamil' successfully

2019-04-03 12:13:10 - [TEST_STEP][PASSED] - delay(2): Delayed 2 second(s)

2019-04-03 12:13:12 - [MESSAGE][PASSED] - Delayed 2 second(s)

2019-04-03 12:13:12 - [TEST_STEP][PASSED] - click(findTestObject("Page_KiboEngage  Dashboard/span_Broadcasting (1)")): Object: 'Object Repository/Page_KiboEngage  Dashboard/span_Broadcasting (1)' is clicked on

2019-04-03 12:13:12 - [MESSAGE][PASSED] - Object: 'Object Repository/Page_KiboEngage  Dashboard/span_Broadcasting (1)' is clicked on

2019-04-03 12:13:12 - [TEST_STEP][PASSED] - delay(1): Delayed 1 second(s)

2019-04-03 12:13:13 - [MESSAGE][PASSED] - Delayed 1 second(s)

2019-04-03 12:13:13 - [TEST_STEP][PASSED] - click(findTestObject("Page_KiboEngage  Dashboard/span_Broadcasts")): Object: 'Object Repository/Page_KiboEngage  Dashboard/span_Broadcasts' is clicked on

2019-04-03 12:13:13 - [MESSAGE][PASSED] - Object: 'Object Repository/Page_KiboEngage  Dashboard/span_Broadcasts' is clicked on

2019-04-03 12:13:13 - [TEST_STEP][PASSED] - delay(1): Delayed 1 second(s)

2019-04-03 12:13:14 - [MESSAGE][PASSED] - Delayed 1 second(s)

2019-04-03 12:13:14 - [TEST_STEP][PASSED] - click(findTestObject("Page_KiboEngage  Broadcast/span_Create New (1)")): Object: 'Object Repository/Page_KiboEngage  Broadcast/span_Create New (1)' is clicked on

2019-04-03 12:13:14 - [MESSAGE][PASSED] - Object: 'Object Repository/Page_KiboEngage  Broadcast/span_Create New (1)' is clicked on

2019-04-03 12:13:14 - [TEST_STEP][PASSED] - delay(1): Delayed 1 second(s)

2019-04-03 12:13:15 - [MESSAGE][PASSED] - Delayed 1 second(s)

2019-04-03 12:13:15 - [TEST_STEP][PASSED] - click(findTestObject("Page_KiboEngage  Broadcast/button_Create New Broadcast (1) (1)")): Object: 'Object Repository/Page_KiboEngage  Broadcast/button_Create New Broadcast (1) (1)' is clicked on

2019-04-03 12:13:15 - [MESSAGE][PASSED] - Object: 'Object Repository/Page_KiboEngage  Broadcast/button_Create New Broadcast (1) (1)' is clicked on

2019-04-03 12:13:15 - [TEST_STEP][PASSED] - delay(1): Delayed 1 second(s)

2019-04-03 12:13:16 - [MESSAGE][PASSED] - Delayed 1 second(s)

2019-04-03 12:13:16 - [TEST_STEP][PASSED] - click(findTestObject("Object Repository/Page_KiboEngage  Create Broadcast/div_Text (1) (1)")): Object: 'Object Repository/Page_KiboEngage  Create Broadcast/div_Text (1) (1)' is clicked on

2019-04-03 12:13:16 - [MESSAGE][PASSED] - Object: 'Object Repository/Page_KiboEngage  Create Broadcast/div_Text (1) (1)' is clicked on

2019-04-03 12:13:16 - [TEST_STEP][PASSED] - delay(1): Delayed 1 second(s)

2019-04-03 12:13:17 - [MESSAGE][PASSED] - Delayed 1 second(s)

2019-04-03 12:13:17 - [TEST_STEP][PASSED] - click(findTestObject("Object Repository/Page_KiboEngage  Create Broadcast/h6_ Add Button (1) (1)")): Object: 'Object Repository/Page_KiboEngage  Create Broadcast/h6_ Add Button (1) (1)' is clicked on

2019-04-03 12:13:17 - [MESSAGE][PASSED] - Object: 'Object Repository/Page_KiboEngage  Create Broadcast/h6_ Add Button (1) (1)' is clicked on

2019-04-03 12:13:17 - [TEST_STEP][PASSED] - delay(1): Delayed 1 second(s)

2019-04-03 12:13:18 - [MESSAGE][PASSED] - Delayed 1 second(s)

2019-04-03 12:13:18 - [TEST_STEP][PASSED] - setText(findTestObject("Object Repository/Page_KiboEngage  Create Broadcast/input_Button Title_form-control (1) (1)"), "test"): Text 'test' is set on object 'Object Repository/Page_KiboEngage  Create Broadcast/input_Button Title_form-control (1) (1)'

2019-04-03 12:13:19 - [MESSAGE][PASSED] - Text 'test' is set on object 'Object Repository/Page_KiboEngage  Create Broadcast/input_Button Title_form-control (1) (1)'

2019-04-03 12:13:19 - [TEST_STEP][PASSED] - delay(1): Delayed 1 second(s)

2019-04-03 12:13:20 - [MESSAGE][PASSED] - Delayed 1 second(s)

2019-04-03 12:13:20 - [TEST_STEP][PASSED] - click(findTestObject("Object Repository/Page_KiboEngage  Create Broadcast/h7_Open a webview (1) (1)")): Object: 'Object Repository/Page_KiboEngage  Create Broadcast/h7_Open a webview (1) (1)' is clicked on

2019-04-03 12:13:20 - [MESSAGE][PASSED] - Object: 'Object Repository/Page_KiboEngage  Create Broadcast/h7_Open a webview (1) (1)' is clicked on

2019-04-03 12:13:20 - [TEST_STEP][PASSED] - delay(1): Delayed 1 second(s)

2019-04-03 12:13:21 - [MESSAGE][PASSED] - Delayed 1 second(s)

2019-04-03 12:13:21 - [TEST_STEP][PASSED] - click(findTestObject("Object Repository/Page_KiboEngage  Create Broadcast/button_Cancel")): Object: 'Object Repository/Page_KiboEngage  Create Broadcast/button_Cancel' is clicked on

2019-04-03 12:13:21 - [MESSAGE][PASSED] - Object: 'Object Repository/Page_KiboEngage  Create Broadcast/button_Cancel' is clicked on

2019-04-03 12:13:21 - [TEST_STEP][PASSED] - delay(1): Delayed 1 second(s)

2019-04-03 12:13:22 - [MESSAGE][PASSED] - Delayed 1 second(s)

2019-04-03 12:13:22 - [TEST_STEP][PASSED] - click(findTestObject("Object Repository/Page_KiboEngage  Create Broadcast/div_ Add Button")): Object: 'Object Repository/Page_KiboEngage  Create Broadcast/div_ Add Button' is clicked on

2019-04-03 12:13:22 - [MESSAGE][PASSED] - Object: 'Object Repository/Page_KiboEngage  Create Broadcast/div_ Add Button' is clicked on]]></system-out>
         <system-err><![CDATA[]]></system-err>
      </testcase>
      <testcase name="Test Cases/Webview/TC1088" classname="Test Cases/Webview/TC1088" status="PASSED">
         <system-out><![CDATA[2019-04-03 12:13:22 - [TEST_CASE][PASSED] - Test Cases/Webview/TC1088: Test Cases/Webview/TC1088

2019-04-03 12:13:22 - [TEST_STEP][PASSED] - callTestCase(findTestCase("s-sidebar_navigation/individualAccount/Login_Muzamil"), [:], STOP_ON_FAILURE): Call Test Case 'Test Cases/s-sidebar_navigation/individualAccount/Login_Muzamil' successfully

2019-04-03 12:13:22 - [TEST_CASE][PASSED] - Test Cases/s-sidebar_navigation/individualAccount/Login_Muzamil: Test Cases/s-sidebar_navigation/individualAccount/Login_Muzamil

2019-04-03 12:13:22 - [TEST_STEP][PASSED] - openBrowser(""): Browser is opened with url: ''

2019-04-03 12:13:22 - [MESSAGE][WARNING] - A browser is already opened. Closing browser and opening a new one

2019-04-03 12:13:22 - [MESSAGE][INFO] - Starting 'Chrome' driver

2019-04-03 12:13:23 - [MESSAGE][PASSED] - Browser is opened with url: ''

2019-04-03 12:13:23 - [TEST_STEP][PASSED] - maximizeWindow(): Current window maximized

2019-04-03 12:13:23 - [MESSAGE][PASSED] - Current window maximized

2019-04-03 12:13:23 - [TEST_STEP][PASSED] - navigateToUrl("https://app.kibopush.com/"): Navigate to 'https://app.kibopush.com/' successfully

2019-04-03 12:13:33 - [MESSAGE][PASSED] - Navigate to 'https://app.kibopush.com/' successfully

2019-04-03 12:13:33 - [TEST_STEP][PASSED] - click(findTestObject("Page_CloudKibo/a_Login (2)")): Object: 'Object Repository/Page_CloudKibo/a_Login (2)' is clicked on

2019-04-03 12:13:34 - [MESSAGE][PASSED] - Object: 'Object Repository/Page_CloudKibo/a_Login (2)' is clicked on

2019-04-03 12:13:34 - [TEST_STEP][PASSED] - delay(2): Delayed 2 second(s)

2019-04-03 12:13:36 - [MESSAGE][PASSED] - Delayed 2 second(s)

2019-04-03 12:13:36 - [TEST_STEP][PASSED] - setText(findTestObject("Page_CloudKibo/input_Sign In_email (1)"), "muzamil.bukhari.39@gmail.com"): Text 'muzamil.bukhari.39@gmail.com' is set on object 'Object Repository/Page_CloudKibo/input_Sign In_email (1)'

2019-04-03 12:13:36 - [MESSAGE][PASSED] - Text 'muzamil.bukhari.39@gmail.com' is set on object 'Object Repository/Page_CloudKibo/input_Sign In_email (1)'

2019-04-03 12:13:36 - [TEST_STEP][PASSED] - setEncryptedText(findTestObject("Page_CloudKibo/input_Sign In_password (1)"), "ZOMPkeJIpHWb3LMKk986MQ=="): Text ****** has been set on object 'Object Repository/Page_CloudKibo/input_Sign In_password (1)'

2019-04-03 12:13:36 - [MESSAGE][PASSED] - Text ****** has been set on object 'Object Repository/Page_CloudKibo/input_Sign In_password (1)'

2019-04-03 12:13:36 - [TEST_STEP][PASSED] - delay(1): Delayed 1 second(s)

2019-04-03 12:13:37 - [MESSAGE][PASSED] - Delayed 1 second(s)

2019-04-03 12:13:37 - [TEST_STEP][PASSED] - click(findTestObject("Page_CloudKibo/button_Sign In (5)")): Object: 'Object Repository/Page_CloudKibo/button_Sign In (5)' is clicked on

2019-04-03 12:13:37 - [MESSAGE][PASSED] - Object: 'Object Repository/Page_CloudKibo/button_Sign In (5)' is clicked on

2019-04-03 12:13:37 - [TEST_STEP][PASSED] - delay(3): Delayed 3 second(s)

2019-04-03 12:13:40 - [MESSAGE][PASSED] - Delayed 3 second(s)

2019-04-03 12:13:40 - [TEST_STEP][PASSED] - click(findTestObject("Object Repository/Page_KiboEngage  Dashboard/h4_KIBOPUSH")): Object: 'Object Repository/Page_KiboEngage  Dashboard/h4_KIBOPUSH' is clicked on

2019-04-03 12:13:52 - [MESSAGE][PASSED] - Object: 'Object Repository/Page_KiboEngage  Dashboard/h4_KIBOPUSH' is clicked on

2019-04-03 12:13:52 - [MESSAGE][PASSED] - Call Test Case 'Test Cases/s-sidebar_navigation/individualAccount/Login_Muzamil' successfully

2019-04-03 12:13:52 - [TEST_STEP][PASSED] - delay(2): Delayed 2 second(s)

2019-04-03 12:13:54 - [MESSAGE][PASSED] - Delayed 2 second(s)

2019-04-03 12:13:54 - [TEST_STEP][PASSED] - click(findTestObject("Page_KiboEngage  Dashboard/span_Broadcasting (1)")): Object: 'Object Repository/Page_KiboEngage  Dashboard/span_Broadcasting (1)' is clicked on

2019-04-03 12:13:54 - [MESSAGE][PASSED] - Object: 'Object Repository/Page_KiboEngage  Dashboard/span_Broadcasting (1)' is clicked on

2019-04-03 12:13:54 - [TEST_STEP][PASSED] - delay(1): Delayed 1 second(s)

2019-04-03 12:13:55 - [MESSAGE][PASSED] - Delayed 1 second(s)

2019-04-03 12:13:55 - [TEST_STEP][PASSED] - click(findTestObject("Page_KiboEngage  Dashboard/span_Broadcasts")): Object: 'Object Repository/Page_KiboEngage  Dashboard/span_Broadcasts' is clicked on

2019-04-03 12:13:55 - [MESSAGE][PASSED] - Object: 'Object Repository/Page_KiboEngage  Dashboard/span_Broadcasts' is clicked on

2019-04-03 12:13:55 - [TEST_STEP][PASSED] - delay(1): Delayed 1 second(s)

2019-04-03 12:13:56 - [MESSAGE][PASSED] - Delayed 1 second(s)

2019-04-03 12:13:56 - [TEST_STEP][PASSED] - click(findTestObject("Page_KiboEngage  Broadcast/span_Create New")): Object: 'Object Repository/Page_KiboEngage  Broadcast/span_Create New' is clicked on

2019-04-03 12:13:56 - [MESSAGE][PASSED] - Object: 'Object Repository/Page_KiboEngage  Broadcast/span_Create New' is clicked on

2019-04-03 12:13:56 - [TEST_STEP][PASSED] - click(findTestObject("Page_KiboEngage  Broadcast/button_Create New Broadcast (1)")): Object: 'Object Repository/Page_KiboEngage  Broadcast/button_Create New Broadcast (1)' is clicked on

2019-04-03 12:13:57 - [MESSAGE][PASSED] - Object: 'Object Repository/Page_KiboEngage  Broadcast/button_Create New Broadcast (1)' is clicked on

2019-04-03 12:13:57 - [TEST_STEP][PASSED] - delay(1): Delayed 1 second(s)

2019-04-03 12:13:58 - [MESSAGE][PASSED] - Delayed 1 second(s)

2019-04-03 12:13:58 - [TEST_STEP][PASSED] - click(findTestObject("Object Repository/Page_KiboEngage  Create Broadcast/div_Text (2)")): Object: 'Object Repository/Page_KiboEngage  Create Broadcast/div_Text (2)' is clicked on

2019-04-03 12:13:58 - [MESSAGE][PASSED] - Object: 'Object Repository/Page_KiboEngage  Create Broadcast/div_Text (2)' is clicked on

2019-04-03 12:13:58 - [TEST_STEP][PASSED] - delay(1): Delayed 1 second(s)

2019-04-03 12:13:59 - [MESSAGE][PASSED] - Delayed 1 second(s)

2019-04-03 12:13:59 - [TEST_STEP][PASSED] - click(findTestObject("Object Repository/Page_KiboEngage  Create Broadcast/h6_ Add Button (2)")): Object: 'Object Repository/Page_KiboEngage  Create Broadcast/h6_ Add Button (2)' is clicked on

2019-04-03 12:13:59 - [MESSAGE][PASSED] - Object: 'Object Repository/Page_KiboEngage  Create Broadcast/h6_ Add Button (2)' is clicked on

2019-04-03 12:13:59 - [TEST_STEP][PASSED] - setText(findTestObject("Object Repository/Page_KiboEngage  Create Broadcast/input_Button Title_form-control (2)"), "test"): Text 'test' is set on object 'Object Repository/Page_KiboEngage  Create Broadcast/input_Button Title_form-control (2)'

2019-04-03 12:13:59 - [MESSAGE][PASSED] - Text 'test' is set on object 'Object Repository/Page_KiboEngage  Create Broadcast/input_Button Title_form-control (2)'

2019-04-03 12:13:59 - [TEST_STEP][PASSED] - click(findTestObject("Object Repository/Page_KiboEngage  Create Broadcast/h7_Open a webview (2)")): Object: 'Object Repository/Page_KiboEngage  Create Broadcast/h7_Open a webview (2)' is clicked on

2019-04-03 12:13:59 - [MESSAGE][PASSED] - Object: 'Object Repository/Page_KiboEngage  Create Broadcast/h7_Open a webview (2)' is clicked on

2019-04-03 12:13:59 - [TEST_STEP][PASSED] - setText(findTestObject("Object Repository/Page_KiboEngage  Create Broadcast/input_Url_form-control (1)"), "https://kiboengage.cloudkibo.com"): Text 'https://kiboengage.cloudkibo.com' is set on object 'Object Repository/Page_KiboEngage  Create Broadcast/input_Url_form-control (1)'

2019-04-03 12:14:00 - [MESSAGE][PASSED] - Text 'https://kiboengage.cloudkibo.com' is set on object 'Object Repository/Page_KiboEngage  Create Broadcast/input_Url_form-control (1)'

2019-04-03 12:14:00 - [TEST_STEP][PASSED] - click(findTestObject("Object Repository/Page_KiboEngage  Create Broadcast/button_Done (1)")): Object: 'Object Repository/Page_KiboEngage  Create Broadcast/button_Done (1)' is clicked on

2019-04-03 12:14:00 - [MESSAGE][PASSED] - Object: 'Object Repository/Page_KiboEngage  Create Broadcast/button_Done (1)' is clicked on

2019-04-03 12:14:00 - [TEST_STEP][PASSED] - delay(1): Delayed 1 second(s)

2019-04-03 12:14:01 - [MESSAGE][PASSED] - Delayed 1 second(s)

2019-04-03 12:14:01 - [TEST_STEP][PASSED] - click(findTestObject("Object Repository/Page_KiboEngage  Create Broadcast/button_test (1)")): Object: 'Object Repository/Page_KiboEngage  Create Broadcast/button_test (1)' is clicked on

2019-04-03 12:14:01 - [MESSAGE][PASSED] - Object: 'Object Repository/Page_KiboEngage  Create Broadcast/button_test (1)' is clicked on

2019-04-03 12:14:01 - [TEST_STEP][PASSED] - delay(1): Delayed 1 second(s)

2019-04-03 12:14:02 - [MESSAGE][PASSED] - Delayed 1 second(s)

2019-04-03 12:14:02 - [TEST_STEP][PASSED] - selectOptionByValue(findTestObject("Object Repository/Page_KiboEngage  Create Broadcast/select_COMPACTTALLFULL"), "COMPACT", true): All options with value 'COMPACT' are selected in object 'Object Repository/Page_KiboEngage  Create Broadcast/select_COMPACTTALLFULL'  using regular expression

2019-04-03 12:14:02 - [MESSAGE][PASSED] - All options with value 'COMPACT' are selected in object 'Object Repository/Page_KiboEngage  Create Broadcast/select_COMPACTTALLFULL'  using regular expression

2019-04-03 12:14:02 - [TEST_STEP][PASSED] - click(findTestObject("Object Repository/Page_KiboEngage  Create Broadcast/button_Done (1)")): Object: 'Object Repository/Page_KiboEngage  Create Broadcast/button_Done (1)' is clicked on

2019-04-03 12:14:02 - [MESSAGE][PASSED] - Object: 'Object Repository/Page_KiboEngage  Create Broadcast/button_Done (1)' is clicked on]]></system-out>
         <system-err><![CDATA[]]></system-err>
      </testcase>
      <testcase name="Test Cases/Webview/TC1089" classname="Test Cases/Webview/TC1089" status="FAILED">
         <failure type="FAILED" message="Test Cases/Webview/TC1089 FAILED.
Reason:
com.kms.katalon.core.exception.StepFailedException: Unable to verify object 'Object Repository/Page_KiboEngage  Create Broadcast/button_test (2)' is not present
	at com.kms.katalon.core.webui.keyword.internal.WebUIKeywordMain.stepFailed(WebUIKeywordMain.groovy:64)
	at com.kms.katalon.core.webui.keyword.internal.WebUIKeywordMain.runKeyword(WebUIKeywordMain.groovy:26)
	at com.kms.katalon.core.webui.keyword.builtin.VerifyElementNotPresentKeyword.verifyElementNotPresent(VerifyElementNotPresentKeyword.groovy:118)
	at com.kms.katalon.core.webui.keyword.builtin.VerifyElementNotPresentKeyword.execute(VerifyElementNotPresentKeyword.groovy:68)
	at com.kms.katalon.core.keyword.internal.KeywordExecutor.executeKeywordForPlatform(KeywordExecutor.groovy:56)
	at com.kms.katalon.core.webui.keyword.WebUiBuiltInKeywords.verifyElementNotPresent(WebUiBuiltInKeywords.groovy:1467)
	at com.kms.katalon.core.webui.keyword.WebUiBuiltInKeywords$verifyElementNotPresent$6.call(Unknown Source)
	at TC1089.run(TC1089:58)
	at com.kms.katalon.core.main.ScriptEngine.run(ScriptEngine.java:194)
	at com.kms.katalon.core.main.ScriptEngine.runScriptAsRawText(ScriptEngine.java:119)
	at com.kms.katalon.core.main.TestCaseExecutor.runScript(TestCaseExecutor.java:331)
	at com.kms.katalon.core.main.TestCaseExecutor.doExecute(TestCaseExecutor.java:322)
	at com.kms.katalon.core.main.TestCaseExecutor.processExecutionPhase(TestCaseExecutor.java:301)
	at com.kms.katalon.core.main.TestCaseExecutor.accessMainPhase(TestCaseExecutor.java:293)
	at com.kms.katalon.core.main.TestCaseExecutor.execute(TestCaseExecutor.java:227)
	at com.kms.katalon.core.main.TestSuiteExecutor.accessTestCaseMainPhase(TestSuiteExecutor.java:129)
	at com.kms.katalon.core.main.TestSuiteExecutor.accessTestSuiteMainPhase(TestSuiteExecutor.java:112)
	at com.kms.katalon.core.main.TestSuiteExecutor.execute(TestSuiteExecutor.java:81)
	at com.kms.katalon.core.main.TestCaseMain.startTestSuite(TestCaseMain.java:157)
	at com.kms.katalon.core.main.TestCaseMain$startTestSuite$0.call(Unknown Source)
	at TempTestSuite1554275422234.run(TempTestSuite1554275422234.groovy:35)
Caused by: com.kms.katalon.core.exception.StepFailedException: Web element with id: 'Object Repository/Page_KiboEngage  Create Broadcast/button_test (2)' located by 'By.xpath: //button[(text() = 'test' or . = 'test')]' is present after '30' second(s)
	at com.kms.katalon.core.webui.keyword.internal.WebUIKeywordMain.stepFailed(WebUIKeywordMain.groovy:64)
	at com.kms.katalon.core.webui.keyword.builtin.VerifyElementNotPresentKeyword$_verifyElementNotPresent_closure1.doCall(VerifyElementNotPresentKeyword.groovy:107)
	at com.kms.katalon.core.webui.keyword.builtin.VerifyElementNotPresentKeyword$_verifyElementNotPresent_closure1.call(VerifyElementNotPresentKeyword.groovy)
	at com.kms.katalon.core.webui.keyword.internal.WebUIKeywordMain.runKeyword(WebUIKeywordMain.groovy:20)
	... 19 more
"/>
         <system-out><![CDATA[2019-04-03 12:14:02 - [TEST_CASE][FAILED] - Test Cases/Webview/TC1089: Test Cases/Webview/TC1089 FAILED.
Reason:
com.kms.katalon.core.exception.StepFailedException: Unable to verify object 'Object Repository/Page_KiboEngage  Create Broadcast/button_test (2)' is not present
	at com.kms.katalon.core.webui.keyword.internal.WebUIKeywordMain.stepFailed(WebUIKeywordMain.groovy:64)
	at com.kms.katalon.core.webui.keyword.internal.WebUIKeywordMain.runKeyword(WebUIKeywordMain.groovy:26)
	at com.kms.katalon.core.webui.keyword.builtin.VerifyElementNotPresentKeyword.verifyElementNotPresent(VerifyElementNotPresentKeyword.groovy:118)
	at com.kms.katalon.core.webui.keyword.builtin.VerifyElementNotPresentKeyword.execute(VerifyElementNotPresentKeyword.groovy:68)
	at com.kms.katalon.core.keyword.internal.KeywordExecutor.executeKeywordForPlatform(KeywordExecutor.groovy:56)
	at com.kms.katalon.core.webui.keyword.WebUiBuiltInKeywords.verifyElementNotPresent(WebUiBuiltInKeywords.groovy:1467)
	at com.kms.katalon.core.webui.keyword.WebUiBuiltInKeywords$verifyElementNotPresent$6.call(Unknown Source)
	at TC1089.run(TC1089:58)
	at com.kms.katalon.core.main.ScriptEngine.run(ScriptEngine.java:194)
	at com.kms.katalon.core.main.ScriptEngine.runScriptAsRawText(ScriptEngine.java:119)
	at com.kms.katalon.core.main.TestCaseExecutor.runScript(TestCaseExecutor.java:331)
	at com.kms.katalon.core.main.TestCaseExecutor.doExecute(TestCaseExecutor.java:322)
	at com.kms.katalon.core.main.TestCaseExecutor.processExecutionPhase(TestCaseExecutor.java:301)
	at com.kms.katalon.core.main.TestCaseExecutor.accessMainPhase(TestCaseExecutor.java:293)
	at com.kms.katalon.core.main.TestCaseExecutor.execute(TestCaseExecutor.java:227)
	at com.kms.katalon.core.main.TestSuiteExecutor.accessTestCaseMainPhase(TestSuiteExecutor.java:129)
	at com.kms.katalon.core.main.TestSuiteExecutor.accessTestSuiteMainPhase(TestSuiteExecutor.java:112)
	at com.kms.katalon.core.main.TestSuiteExecutor.execute(TestSuiteExecutor.java:81)
	at com.kms.katalon.core.main.TestCaseMain.startTestSuite(TestCaseMain.java:157)
	at com.kms.katalon.core.main.TestCaseMain$startTestSuite$0.call(Unknown Source)
	at TempTestSuite1554275422234.run(TempTestSuite1554275422234.groovy:35)
Caused by: com.kms.katalon.core.exception.StepFailedException: Web element with id: 'Object Repository/Page_KiboEngage  Create Broadcast/button_test (2)' located by 'By.xpath: //button[(text() = 'test' or . = 'test')]' is present after '30' second(s)
	at com.kms.katalon.core.webui.keyword.internal.WebUIKeywordMain.stepFailed(WebUIKeywordMain.groovy:64)
	at com.kms.katalon.core.webui.keyword.builtin.VerifyElementNotPresentKeyword$_verifyElementNotPresent_closure1.doCall(VerifyElementNotPresentKeyword.groovy:107)
	at com.kms.katalon.core.webui.keyword.builtin.VerifyElementNotPresentKeyword$_verifyElementNotPresent_closure1.call(VerifyElementNotPresentKeyword.groovy)
	at com.kms.katalon.core.webui.keyword.internal.WebUIKeywordMain.runKeyword(WebUIKeywordMain.groovy:20)
	... 19 more


2019-04-03 12:14:02 - [TEST_STEP][PASSED] - callTestCase(findTestCase("s-sidebar_navigation/individualAccount/Login_Muzamil"), [:], STOP_ON_FAILURE): Call Test Case 'Test Cases/s-sidebar_navigation/individualAccount/Login_Muzamil' successfully

2019-04-03 12:14:02 - [TEST_CASE][PASSED] - Test Cases/s-sidebar_navigation/individualAccount/Login_Muzamil: Test Cases/s-sidebar_navigation/individualAccount/Login_Muzamil

2019-04-03 12:14:02 - [TEST_STEP][PASSED] - openBrowser(""): Browser is opened with url: ''

2019-04-03 12:14:02 - [MESSAGE][WARNING] - A browser is already opened. Closing browser and opening a new one

2019-04-03 12:14:02 - [MESSAGE][INFO] - Starting 'Chrome' driver

2019-04-03 12:14:03 - [MESSAGE][PASSED] - Browser is opened with url: ''

2019-04-03 12:14:03 - [TEST_STEP][PASSED] - maximizeWindow(): Current window maximized

2019-04-03 12:14:03 - [MESSAGE][PASSED] - Current window maximized

2019-04-03 12:14:03 - [TEST_STEP][PASSED] - navigateToUrl("https://app.kibopush.com/"): Navigate to 'https://app.kibopush.com/' successfully

2019-04-03 12:14:21 - [MESSAGE][PASSED] - Navigate to 'https://app.kibopush.com/' successfully

2019-04-03 12:14:21 - [TEST_STEP][PASSED] - click(findTestObject("Page_CloudKibo/a_Login (2)")): Object: 'Object Repository/Page_CloudKibo/a_Login (2)' is clicked on

2019-04-03 12:14:22 - [MESSAGE][PASSED] - Object: 'Object Repository/Page_CloudKibo/a_Login (2)' is clicked on

2019-04-03 12:14:22 - [TEST_STEP][PASSED] - delay(2): Delayed 2 second(s)

2019-04-03 12:14:24 - [MESSAGE][PASSED] - Delayed 2 second(s)

2019-04-03 12:14:24 - [TEST_STEP][PASSED] - setText(findTestObject("Page_CloudKibo/input_Sign In_email (1)"), "muzamil.bukhari.39@gmail.com"): Text 'muzamil.bukhari.39@gmail.com' is set on object 'Object Repository/Page_CloudKibo/input_Sign In_email (1)'

2019-04-03 12:14:24 - [MESSAGE][PASSED] - Text 'muzamil.bukhari.39@gmail.com' is set on object 'Object Repository/Page_CloudKibo/input_Sign In_email (1)'

2019-04-03 12:14:24 - [TEST_STEP][PASSED] - setEncryptedText(findTestObject("Page_CloudKibo/input_Sign In_password (1)"), "ZOMPkeJIpHWb3LMKk986MQ=="): Text ****** has been set on object 'Object Repository/Page_CloudKibo/input_Sign In_password (1)'

2019-04-03 12:14:24 - [MESSAGE][PASSED] - Text ****** has been set on object 'Object Repository/Page_CloudKibo/input_Sign In_password (1)'

2019-04-03 12:14:24 - [TEST_STEP][PASSED] - delay(1): Delayed 1 second(s)

2019-04-03 12:14:25 - [MESSAGE][PASSED] - Delayed 1 second(s)

2019-04-03 12:14:25 - [TEST_STEP][PASSED] - click(findTestObject("Page_CloudKibo/button_Sign In (5)")): Object: 'Object Repository/Page_CloudKibo/button_Sign In (5)' is clicked on

2019-04-03 12:14:25 - [MESSAGE][PASSED] - Object: 'Object Repository/Page_CloudKibo/button_Sign In (5)' is clicked on

2019-04-03 12:14:25 - [TEST_STEP][PASSED] - delay(3): Delayed 3 second(s)

2019-04-03 12:14:28 - [MESSAGE][PASSED] - Delayed 3 second(s)

2019-04-03 12:14:28 - [TEST_STEP][PASSED] - click(findTestObject("Object Repository/Page_KiboEngage  Dashboard/h4_KIBOPUSH")): Object: 'Object Repository/Page_KiboEngage  Dashboard/h4_KIBOPUSH' is clicked on

2019-04-03 12:14:45 - [MESSAGE][PASSED] - Object: 'Object Repository/Page_KiboEngage  Dashboard/h4_KIBOPUSH' is clicked on

2019-04-03 12:14:45 - [MESSAGE][PASSED] - Call Test Case 'Test Cases/s-sidebar_navigation/individualAccount/Login_Muzamil' successfully

2019-04-03 12:14:45 - [TEST_STEP][PASSED] - delay(2): Delayed 2 second(s)

2019-04-03 12:14:47 - [MESSAGE][PASSED] - Delayed 2 second(s)

2019-04-03 12:14:47 - [TEST_STEP][PASSED] - click(findTestObject("Page_KiboEngage  Dashboard/span_Broadcasting (1)")): Object: 'Object Repository/Page_KiboEngage  Dashboard/span_Broadcasting (1)' is clicked on

2019-04-03 12:14:47 - [MESSAGE][PASSED] - Object: 'Object Repository/Page_KiboEngage  Dashboard/span_Broadcasting (1)' is clicked on

2019-04-03 12:14:47 - [TEST_STEP][PASSED] - delay(1): Delayed 1 second(s)

2019-04-03 12:14:48 - [MESSAGE][PASSED] - Delayed 1 second(s)

2019-04-03 12:14:48 - [TEST_STEP][PASSED] - click(findTestObject("Page_KiboEngage  Dashboard/span_Broadcasts")): Object: 'Object Repository/Page_KiboEngage  Dashboard/span_Broadcasts' is clicked on

2019-04-03 12:14:48 - [MESSAGE][PASSED] - Object: 'Object Repository/Page_KiboEngage  Dashboard/span_Broadcasts' is clicked on

2019-04-03 12:14:48 - [TEST_STEP][PASSED] - delay(1): Delayed 1 second(s)

2019-04-03 12:14:49 - [MESSAGE][PASSED] - Delayed 1 second(s)

2019-04-03 12:14:49 - [TEST_STEP][PASSED] - click(findTestObject("Page_KiboEngage  Broadcast/span_Create New")): Object: 'Object Repository/Page_KiboEngage  Broadcast/span_Create New' is clicked on

2019-04-03 12:14:49 - [MESSAGE][PASSED] - Object: 'Object Repository/Page_KiboEngage  Broadcast/span_Create New' is clicked on

2019-04-03 12:14:49 - [TEST_STEP][PASSED] - click(findTestObject("Page_KiboEngage  Broadcast/button_Create New Broadcast (1)")): Object: 'Object Repository/Page_KiboEngage  Broadcast/button_Create New Broadcast (1)' is clicked on

2019-04-03 12:14:49 - [MESSAGE][PASSED] - Object: 'Object Repository/Page_KiboEngage  Broadcast/button_Create New Broadcast (1)' is clicked on

2019-04-03 12:14:49 - [TEST_STEP][PASSED] - delay(1): Delayed 1 second(s)

2019-04-03 12:14:50 - [MESSAGE][PASSED] - Delayed 1 second(s)

2019-04-03 12:14:50 - [TEST_STEP][PASSED] - click(findTestObject("Page_KiboEngage  Create Broadcast/div_Text (2) (1)")): Object: 'Object Repository/Page_KiboEngage  Create Broadcast/div_Text (2) (1)' is clicked on

2019-04-03 12:14:50 - [MESSAGE][PASSED] - Object: 'Object Repository/Page_KiboEngage  Create Broadcast/div_Text (2) (1)' is clicked on

2019-04-03 12:14:50 - [TEST_STEP][PASSED] - delay(1): Delayed 1 second(s)

2019-04-03 12:14:51 - [MESSAGE][PASSED] - Delayed 1 second(s)

2019-04-03 12:14:51 - [TEST_STEP][PASSED] - click(findTestObject("Page_KiboEngage  Create Broadcast/h6_ Add Button (2) (1)")): Object: 'Object Repository/Page_KiboEngage  Create Broadcast/h6_ Add Button (2) (1)' is clicked on

2019-04-03 12:14:51 - [MESSAGE][PASSED] - Object: 'Object Repository/Page_KiboEngage  Create Broadcast/h6_ Add Button (2) (1)' is clicked on

2019-04-03 12:14:51 - [TEST_STEP][PASSED] - setText(findTestObject("Page_KiboEngage  Create Broadcast/input_Button Title_form-control (2) (1)"), "test"): Text 'test' is set on object 'Object Repository/Page_KiboEngage  Create Broadcast/input_Button Title_form-control (2) (1)'

2019-04-03 12:14:52 - [MESSAGE][PASSED] - Text 'test' is set on object 'Object Repository/Page_KiboEngage  Create Broadcast/input_Button Title_form-control (2) (1)'

2019-04-03 12:14:52 - [TEST_STEP][PASSED] - click(findTestObject("Page_KiboEngage  Create Broadcast/h7_Open a webview (2) (1)")): Object: 'Object Repository/Page_KiboEngage  Create Broadcast/h7_Open a webview (2) (1)' is clicked on

2019-04-03 12:14:52 - [MESSAGE][PASSED] - Object: 'Object Repository/Page_KiboEngage  Create Broadcast/h7_Open a webview (2) (1)' is clicked on

2019-04-03 12:14:52 - [TEST_STEP][PASSED] - setText(findTestObject("Page_KiboEngage  Create Broadcast/input_Url_form-control (1) (1)"), "https://kiboengage.cloudkibo.com"): Text 'https://kiboengage.cloudkibo.com' is set on object 'Object Repository/Page_KiboEngage  Create Broadcast/input_Url_form-control (1) (1)'

2019-04-03 12:14:52 - [MESSAGE][PASSED] - Text 'https://kiboengage.cloudkibo.com' is set on object 'Object Repository/Page_KiboEngage  Create Broadcast/input_Url_form-control (1) (1)'

2019-04-03 12:14:52 - [TEST_STEP][PASSED] - click(findTestObject("Page_KiboEngage  Create Broadcast/button_Done (1) (1)")): Object: 'Object Repository/Page_KiboEngage  Create Broadcast/button_Done (1) (1)' is clicked on

2019-04-03 12:14:52 - [MESSAGE][PASSED] - Object: 'Object Repository/Page_KiboEngage  Create Broadcast/button_Done (1) (1)' is clicked on

2019-04-03 12:14:52 - [TEST_STEP][PASSED] - delay(1): Delayed 1 second(s)

2019-04-03 12:14:53 - [MESSAGE][PASSED] - Delayed 1 second(s)

2019-04-03 12:14:53 - [TEST_STEP][PASSED] - click(findTestObject("Page_KiboEngage  Create Broadcast/button_test (2)")): Object: 'Object Repository/Page_KiboEngage  Create Broadcast/button_test (2)' is clicked on

2019-04-03 12:14:54 - [MESSAGE][PASSED] - Object: 'Object Repository/Page_KiboEngage  Create Broadcast/button_test (2)' is clicked on

2019-04-03 12:14:54 - [TEST_STEP][PASSED] - delay(1): Delayed 1 second(s)

2019-04-03 12:14:55 - [MESSAGE][PASSED] - Delayed 1 second(s)

2019-04-03 12:14:55 - [TEST_STEP][PASSED] - click(findTestObject("Page_KiboEngage  Create Broadcast/button_Remove (1)")): Object: 'Object Repository/Page_KiboEngage  Create Broadcast/button_Remove (1)' is clicked on

2019-04-03 12:14:55 - [MESSAGE][PASSED] - Object: 'Object Repository/Page_KiboEngage  Create Broadcast/button_Remove (1)' is clicked on

2019-04-03 12:14:55 - [TEST_STEP][PASSED] - delay(1): Delayed 1 second(s)

2019-04-03 12:14:56 - [MESSAGE][PASSED] - Delayed 1 second(s)

2019-04-03 12:14:56 - [TEST_STEP][FAILED] - verifyElementNotPresent(findTestObject("Page_KiboEngage  Create Broadcast/button_test (2)"), 0): verifyElementNotPresent(findTestObject("Page_KiboEngage  Create Broadcast/button_test (2)"), 0) FAILED.
Reason:
com.kms.katalon.core.exception.StepFailedException: Unable to verify object 'Object Repository/Page_KiboEngage  Create Broadcast/button_test (2)' is not present
	at com.kms.katalon.core.webui.keyword.internal.WebUIKeywordMain.stepFailed(WebUIKeywordMain.groovy:64)
	at com.kms.katalon.core.webui.keyword.internal.WebUIKeywordMain.runKeyword(WebUIKeywordMain.groovy:26)
	at com.kms.katalon.core.webui.keyword.builtin.VerifyElementNotPresentKeyword.verifyElementNotPresent(VerifyElementNotPresentKeyword.groovy:118)
	at com.kms.katalon.core.webui.keyword.builtin.VerifyElementNotPresentKeyword.execute(VerifyElementNotPresentKeyword.groovy:68)
	at com.kms.katalon.core.keyword.internal.KeywordExecutor.executeKeywordForPlatform(KeywordExecutor.groovy:56)
	at com.kms.katalon.core.webui.keyword.WebUiBuiltInKeywords.verifyElementNotPresent(WebUiBuiltInKeywords.groovy:1467)
	at com.kms.katalon.core.webui.keyword.WebUiBuiltInKeywords$verifyElementNotPresent$6.call(Unknown Source)
	at TC1089.run(TC1089:58)
	at com.kms.katalon.core.main.ScriptEngine.run(ScriptEngine.java:194)
	at com.kms.katalon.core.main.ScriptEngine.runScriptAsRawText(ScriptEngine.java:119)
	at com.kms.katalon.core.main.TestCaseExecutor.runScript(TestCaseExecutor.java:331)
	at com.kms.katalon.core.main.TestCaseExecutor.doExecute(TestCaseExecutor.java:322)
	at com.kms.katalon.core.main.TestCaseExecutor.processExecutionPhase(TestCaseExecutor.java:301)
	at com.kms.katalon.core.main.TestCaseExecutor.accessMainPhase(TestCaseExecutor.java:293)
	at com.kms.katalon.core.main.TestCaseExecutor.execute(TestCaseExecutor.java:227)
	at com.kms.katalon.core.main.TestSuiteExecutor.accessTestCaseMainPhase(TestSuiteExecutor.java:129)
	at com.kms.katalon.core.main.TestSuiteExecutor.accessTestSuiteMainPhase(TestSuiteExecutor.java:112)
	at com.kms.katalon.core.main.TestSuiteExecutor.execute(TestSuiteExecutor.java:81)
	at com.kms.katalon.core.main.TestCaseMain.startTestSuite(TestCaseMain.java:157)
	at com.kms.katalon.core.main.TestCaseMain$startTestSuite$0.call(Unknown Source)
	at TempTestSuite1554275422234.run(TempTestSuite1554275422234.groovy:35)
Caused by: com.kms.katalon.core.exception.StepFailedException: Web element with id: 'Object Repository/Page_KiboEngage  Create Broadcast/button_test (2)' located by 'By.xpath: //button[(text() = 'test' or . = 'test')]' is present after '30' second(s)
	at com.kms.katalon.core.webui.keyword.internal.WebUIKeywordMain.stepFailed(WebUIKeywordMain.groovy:64)
	at com.kms.katalon.core.webui.keyword.builtin.VerifyElementNotPresentKeyword$_verifyElementNotPresent_closure1.doCall(VerifyElementNotPresentKeyword.groovy:107)
	at com.kms.katalon.core.webui.keyword.builtin.VerifyElementNotPresentKeyword$_verifyElementNotPresent_closure1.call(VerifyElementNotPresentKeyword.groovy)
	at com.kms.katalon.core.webui.keyword.internal.WebUIKeywordMain.runKeyword(WebUIKeywordMain.groovy:20)
	... 19 more


2019-04-03 12:14:56 - [MESSAGE][WARNING] - Timeout '0' is invalid. Using default page load timeout: '30'

2019-04-03 12:15:26 - [MESSAGE][FAILED] - Web element with id: 'Object Repository/Page_KiboEngage  Create Broadcast/button_test (2)' located by 'By.xpath: //button[(text() = 'test' or . = 'test')]' is present after '30' second(s) (Root cause: com.kms.katalon.core.exception.StepFailedException: Web element with id: 'Object Repository/Page_KiboEngage  Create Broadcast/button_test (2)' located by 'By.xpath: //button[(text() = 'test' or . = 'test')]' is present after '30' second(s)
	at com.kms.katalon.core.webui.keyword.internal.WebUIKeywordMain.stepFailed(WebUIKeywordMain.groovy:64)
	at com.kms.katalon.core.webui.keyword.builtin.VerifyElementNotPresentKeyword$_verifyElementNotPresent_closure1.doCall(VerifyElementNotPresentKeyword.groovy:107)
	at com.kms.katalon.core.webui.keyword.builtin.VerifyElementNotPresentKeyword$_verifyElementNotPresent_closure1.call(VerifyElementNotPresentKeyword.groovy)
	at com.kms.katalon.core.webui.keyword.internal.WebUIKeywordMain.runKeyword(WebUIKeywordMain.groovy:20)
	at com.kms.katalon.core.webui.keyword.builtin.VerifyElementNotPresentKeyword.verifyElementNotPresent(VerifyElementNotPresentKeyword.groovy:118)
	at com.kms.katalon.core.webui.keyword.builtin.VerifyElementNotPresentKeyword.execute(VerifyElementNotPresentKeyword.groovy:68)
	at com.kms.katalon.core.keyword.internal.KeywordExecutor.executeKeywordForPlatform(KeywordExecutor.groovy:56)
	at com.kms.katalon.core.webui.keyword.WebUiBuiltInKeywords.verifyElementNotPresent(WebUiBuiltInKeywords.groovy:1467)
	at com.kms.katalon.core.webui.keyword.WebUiBuiltInKeywords$verifyElementNotPresent$6.call(Unknown Source)
	at TC1089.run(TC1089:58)
	at com.kms.katalon.core.main.ScriptEngine.run(ScriptEngine.java:194)
	at com.kms.katalon.core.main.ScriptEngine.runScriptAsRawText(ScriptEngine.java:119)
	at com.kms.katalon.core.main.TestCaseExecutor.runScript(TestCaseExecutor.java:331)
	at com.kms.katalon.core.main.TestCaseExecutor.doExecute(TestCaseExecutor.java:322)
	at com.kms.katalon.core.main.TestCaseExecutor.processExecutionPhase(TestCaseExecutor.java:301)
	at com.kms.katalon.core.main.TestCaseExecutor.accessMainPhase(TestCaseExecutor.java:293)
	at com.kms.katalon.core.main.TestCaseExecutor.execute(TestCaseExecutor.java:227)
	at com.kms.katalon.core.main.TestSuiteExecutor.accessTestCaseMainPhase(TestSuiteExecutor.java:129)
	at com.kms.katalon.core.main.TestSuiteExecutor.accessTestSuiteMainPhase(TestSuiteExecutor.java:112)
	at com.kms.katalon.core.main.TestSuiteExecutor.execute(TestSuiteExecutor.java:81)
	at com.kms.katalon.core.main.TestCaseMain.startTestSuite(TestCaseMain.java:157)
	at com.kms.katalon.core.main.TestCaseMain$startTestSuite$0.call(Unknown Source)
	at TempTestSuite1554275422234.run(TempTestSuite1554275422234.groovy:35)
)
[[ATTACHMENT|/home/cloudkibo-muzamil/Downloads/Test cases/production/KiboPush/Reports/Webview/20190403_121022/1554275726323.png]]

2019-04-03 12:15:26 - [MESSAGE][FAILED] - Unable to verify object 'Object Repository/Page_KiboEngage  Create Broadcast/button_test (2)' is not present (Root cause: com.kms.katalon.core.exception.StepFailedException: Unable to verify object 'Object Repository/Page_KiboEngage  Create Broadcast/button_test (2)' is not present
	at com.kms.katalon.core.webui.keyword.internal.WebUIKeywordMain.stepFailed(WebUIKeywordMain.groovy:64)
	at com.kms.katalon.core.webui.keyword.internal.WebUIKeywordMain.runKeyword(WebUIKeywordMain.groovy:26)
	at com.kms.katalon.core.webui.keyword.builtin.VerifyElementNotPresentKeyword.verifyElementNotPresent(VerifyElementNotPresentKeyword.groovy:118)
	at com.kms.katalon.core.webui.keyword.builtin.VerifyElementNotPresentKeyword.execute(VerifyElementNotPresentKeyword.groovy:68)
	at com.kms.katalon.core.keyword.internal.KeywordExecutor.executeKeywordForPlatform(KeywordExecutor.groovy:56)
	at com.kms.katalon.core.webui.keyword.WebUiBuiltInKeywords.verifyElementNotPresent(WebUiBuiltInKeywords.groovy:1467)
	at com.kms.katalon.core.webui.keyword.WebUiBuiltInKeywords$verifyElementNotPresent$6.call(Unknown Source)
	at TC1089.run(TC1089:58)
	at com.kms.katalon.core.main.ScriptEngine.run(ScriptEngine.java:194)
	at com.kms.katalon.core.main.ScriptEngine.runScriptAsRawText(ScriptEngine.java:119)
	at com.kms.katalon.core.main.TestCaseExecutor.runScript(TestCaseExecutor.java:331)
	at com.kms.katalon.core.main.TestCaseExecutor.doExecute(TestCaseExecutor.java:322)
	at com.kms.katalon.core.main.TestCaseExecutor.processExecutionPhase(TestCaseExecutor.java:301)
	at com.kms.katalon.core.main.TestCaseExecutor.accessMainPhase(TestCaseExecutor.java:293)
	at com.kms.katalon.core.main.TestCaseExecutor.execute(TestCaseExecutor.java:227)
	at com.kms.katalon.core.main.TestSuiteExecutor.accessTestCaseMainPhase(TestSuiteExecutor.java:129)
	at com.kms.katalon.core.main.TestSuiteExecutor.accessTestSuiteMainPhase(TestSuiteExecutor.java:112)
	at com.kms.katalon.core.main.TestSuiteExecutor.execute(TestSuiteExecutor.java:81)
	at com.kms.katalon.core.main.TestCaseMain.startTestSuite(TestCaseMain.java:157)
	at com.kms.katalon.core.main.TestCaseMain$startTestSuite$0.call(Unknown Source)
	at TempTestSuite1554275422234.run(TempTestSuite1554275422234.groovy:35)
Caused by: com.kms.katalon.core.exception.StepFailedException: Web element with id: 'Object Repository/Page_KiboEngage  Create Broadcast/button_test (2)' located by 'By.xpath: //button[(text() = 'test' or . = 'test')]' is present after '30' second(s)
	at com.kms.katalon.core.webui.keyword.internal.WebUIKeywordMain.stepFailed(WebUIKeywordMain.groovy:64)
	at com.kms.katalon.core.webui.keyword.builtin.VerifyElementNotPresentKeyword$_verifyElementNotPresent_closure1.doCall(VerifyElementNotPresentKeyword.groovy:107)
	at com.kms.katalon.core.webui.keyword.builtin.VerifyElementNotPresentKeyword$_verifyElementNotPresent_closure1.call(VerifyElementNotPresentKeyword.groovy)
	at com.kms.katalon.core.webui.keyword.internal.WebUIKeywordMain.runKeyword(WebUIKeywordMain.groovy:20)
	... 19 more
)
[[ATTACHMENT|/home/cloudkibo-muzamil/Downloads/Test cases/production/KiboPush/Reports/Webview/20190403_121022/1554275726476.png]]

2019-04-03 12:15:26 - [MESSAGE][FAILED] - verifyElementNotPresent(findTestObject("Page_KiboEngage  Create Broadcast/button_test (2)"), 0) FAILED.
Reason:
com.kms.katalon.core.exception.StepFailedException: Unable to verify object 'Object Repository/Page_KiboEngage  Create Broadcast/button_test (2)' is not present
	at com.kms.katalon.core.webui.keyword.internal.WebUIKeywordMain.stepFailed(WebUIKeywordMain.groovy:64)
	at com.kms.katalon.core.webui.keyword.internal.WebUIKeywordMain.runKeyword(WebUIKeywordMain.groovy:26)
	at com.kms.katalon.core.webui.keyword.builtin.VerifyElementNotPresentKeyword.verifyElementNotPresent(VerifyElementNotPresentKeyword.groovy:118)
	at com.kms.katalon.core.webui.keyword.builtin.VerifyElementNotPresentKeyword.execute(VerifyElementNotPresentKeyword.groovy:68)
	at com.kms.katalon.core.keyword.internal.KeywordExecutor.executeKeywordForPlatform(KeywordExecutor.groovy:56)
	at com.kms.katalon.core.webui.keyword.WebUiBuiltInKeywords.verifyElementNotPresent(WebUiBuiltInKeywords.groovy:1467)
	at com.kms.katalon.core.webui.keyword.WebUiBuiltInKeywords$verifyElementNotPresent$6.call(Unknown Source)
	at TC1089.run(TC1089:58)
	at com.kms.katalon.core.main.ScriptEngine.run(ScriptEngine.java:194)
	at com.kms.katalon.core.main.ScriptEngine.runScriptAsRawText(ScriptEngine.java:119)
	at com.kms.katalon.core.main.TestCaseExecutor.runScript(TestCaseExecutor.java:331)
	at com.kms.katalon.core.main.TestCaseExecutor.doExecute(TestCaseExecutor.java:322)
	at com.kms.katalon.core.main.TestCaseExecutor.processExecutionPhase(TestCaseExecutor.java:301)
	at com.kms.katalon.core.main.TestCaseExecutor.accessMainPhase(TestCaseExecutor.java:293)
	at com.kms.katalon.core.main.TestCaseExecutor.execute(TestCaseExecutor.java:227)
	at com.kms.katalon.core.main.TestSuiteExecutor.accessTestCaseMainPhase(TestSuiteExecutor.java:129)
	at com.kms.katalon.core.main.TestSuiteExecutor.accessTestSuiteMainPhase(TestSuiteExecutor.java:112)
	at com.kms.katalon.core.main.TestSuiteExecutor.execute(TestSuiteExecutor.java:81)
	at com.kms.katalon.core.main.TestCaseMain.startTestSuite(TestCaseMain.java:157)
	at com.kms.katalon.core.main.TestCaseMain$startTestSuite$0.call(Unknown Source)
	at TempTestSuite1554275422234.run(TempTestSuite1554275422234.groovy:35)
Caused by: com.kms.katalon.core.exception.StepFailedException: Web element with id: 'Object Repository/Page_KiboEngage  Create Broadcast/button_test (2)' located by 'By.xpath: //button[(text() = 'test' or . = 'test')]' is present after '30' second(s)
	at com.kms.katalon.core.webui.keyword.internal.WebUIKeywordMain.stepFailed(WebUIKeywordMain.groovy:64)
	at com.kms.katalon.core.webui.keyword.builtin.VerifyElementNotPresentKeyword$_verifyElementNotPresent_closure1.doCall(VerifyElementNotPresentKeyword.groovy:107)
	at com.kms.katalon.core.webui.keyword.builtin.VerifyElementNotPresentKeyword$_verifyElementNotPresent_closure1.call(VerifyElementNotPresentKeyword.groovy)
	at com.kms.katalon.core.webui.keyword.internal.WebUIKeywordMain.runKeyword(WebUIKeywordMain.groovy:20)
	... 19 more]]></system-out>
         <system-err><![CDATA[2019-04-03 12:14:02 - [TEST_CASE][FAILED] - Test Cases/Webview/TC1089: Test Cases/Webview/TC1089 FAILED.
Reason:
com.kms.katalon.core.exception.StepFailedException: Unable to verify object 'Object Repository/Page_KiboEngage  Create Broadcast/button_test (2)' is not present
	at com.kms.katalon.core.webui.keyword.internal.WebUIKeywordMain.stepFailed(WebUIKeywordMain.groovy:64)
	at com.kms.katalon.core.webui.keyword.internal.WebUIKeywordMain.runKeyword(WebUIKeywordMain.groovy:26)
	at com.kms.katalon.core.webui.keyword.builtin.VerifyElementNotPresentKeyword.verifyElementNotPresent(VerifyElementNotPresentKeyword.groovy:118)
	at com.kms.katalon.core.webui.keyword.builtin.VerifyElementNotPresentKeyword.execute(VerifyElementNotPresentKeyword.groovy:68)
	at com.kms.katalon.core.keyword.internal.KeywordExecutor.executeKeywordForPlatform(KeywordExecutor.groovy:56)
	at com.kms.katalon.core.webui.keyword.WebUiBuiltInKeywords.verifyElementNotPresent(WebUiBuiltInKeywords.groovy:1467)
	at com.kms.katalon.core.webui.keyword.WebUiBuiltInKeywords$verifyElementNotPresent$6.call(Unknown Source)
	at TC1089.run(TC1089:58)
	at com.kms.katalon.core.main.ScriptEngine.run(ScriptEngine.java:194)
	at com.kms.katalon.core.main.ScriptEngine.runScriptAsRawText(ScriptEngine.java:119)
	at com.kms.katalon.core.main.TestCaseExecutor.runScript(TestCaseExecutor.java:331)
	at com.kms.katalon.core.main.TestCaseExecutor.doExecute(TestCaseExecutor.java:322)
	at com.kms.katalon.core.main.TestCaseExecutor.processExecutionPhase(TestCaseExecutor.java:301)
	at com.kms.katalon.core.main.TestCaseExecutor.accessMainPhase(TestCaseExecutor.java:293)
	at com.kms.katalon.core.main.TestCaseExecutor.execute(TestCaseExecutor.java:227)
	at com.kms.katalon.core.main.TestSuiteExecutor.accessTestCaseMainPhase(TestSuiteExecutor.java:129)
	at com.kms.katalon.core.main.TestSuiteExecutor.accessTestSuiteMainPhase(TestSuiteExecutor.java:112)
	at com.kms.katalon.core.main.TestSuiteExecutor.execute(TestSuiteExecutor.java:81)
	at com.kms.katalon.core.main.TestCaseMain.startTestSuite(TestCaseMain.java:157)
	at com.kms.katalon.core.main.TestCaseMain$startTestSuite$0.call(Unknown Source)
	at TempTestSuite1554275422234.run(TempTestSuite1554275422234.groovy:35)
Caused by: com.kms.katalon.core.exception.StepFailedException: Web element with id: 'Object Repository/Page_KiboEngage  Create Broadcast/button_test (2)' located by 'By.xpath: //button[(text() = 'test' or . = 'test')]' is present after '30' second(s)
	at com.kms.katalon.core.webui.keyword.internal.WebUIKeywordMain.stepFailed(WebUIKeywordMain.groovy:64)
	at com.kms.katalon.core.webui.keyword.builtin.VerifyElementNotPresentKeyword$_verifyElementNotPresent_closure1.doCall(VerifyElementNotPresentKeyword.groovy:107)
	at com.kms.katalon.core.webui.keyword.builtin.VerifyElementNotPresentKeyword$_verifyElementNotPresent_closure1.call(VerifyElementNotPresentKeyword.groovy)
	at com.kms.katalon.core.webui.keyword.internal.WebUIKeywordMain.runKeyword(WebUIKeywordMain.groovy:20)
	... 19 more]]></system-err>
      </testcase>
      <testcase name="Test Cases/Webview/TC1090" classname="Test Cases/Webview/TC1090" status="PASSED">
         <system-out><![CDATA[2019-04-03 12:15:26 - [TEST_CASE][PASSED] - Test Cases/Webview/TC1090: Test Cases/Webview/TC1090

2019-04-03 12:15:26 - [TEST_STEP][PASSED] - callTestCase(findTestCase("s-sidebar_navigation/individualAccount/Login_Muzamil"), [:], STOP_ON_FAILURE): Call Test Case 'Test Cases/s-sidebar_navigation/individualAccount/Login_Muzamil' successfully

2019-04-03 12:15:26 - [TEST_CASE][PASSED] - Test Cases/s-sidebar_navigation/individualAccount/Login_Muzamil: Test Cases/s-sidebar_navigation/individualAccount/Login_Muzamil

2019-04-03 12:15:26 - [TEST_STEP][PASSED] - openBrowser(""): Browser is opened with url: ''

2019-04-03 12:15:26 - [MESSAGE][WARNING] - A browser is already opened. Closing browser and opening a new one

2019-04-03 12:15:26 - [MESSAGE][INFO] - Starting 'Chrome' driver

2019-04-03 12:15:27 - [MESSAGE][PASSED] - Browser is opened with url: ''

2019-04-03 12:15:27 - [TEST_STEP][PASSED] - maximizeWindow(): Current window maximized

2019-04-03 12:15:27 - [MESSAGE][PASSED] - Current window maximized

2019-04-03 12:15:27 - [TEST_STEP][PASSED] - navigateToUrl("https://app.kibopush.com/"): Navigate to 'https://app.kibopush.com/' successfully

2019-04-03 12:15:42 - [MESSAGE][PASSED] - Navigate to 'https://app.kibopush.com/' successfully

2019-04-03 12:15:42 - [TEST_STEP][PASSED] - click(findTestObject("Page_CloudKibo/a_Login (2)")): Object: 'Object Repository/Page_CloudKibo/a_Login (2)' is clicked on

2019-04-03 12:15:43 - [MESSAGE][PASSED] - Object: 'Object Repository/Page_CloudKibo/a_Login (2)' is clicked on

2019-04-03 12:15:43 - [TEST_STEP][PASSED] - delay(2): Delayed 2 second(s)

2019-04-03 12:15:45 - [MESSAGE][PASSED] - Delayed 2 second(s)

2019-04-03 12:15:45 - [TEST_STEP][PASSED] - setText(findTestObject("Page_CloudKibo/input_Sign In_email (1)"), "muzamil.bukhari.39@gmail.com"): Text 'muzamil.bukhari.39@gmail.com' is set on object 'Object Repository/Page_CloudKibo/input_Sign In_email (1)'

2019-04-03 12:15:45 - [MESSAGE][PASSED] - Text 'muzamil.bukhari.39@gmail.com' is set on object 'Object Repository/Page_CloudKibo/input_Sign In_email (1)'

2019-04-03 12:15:45 - [TEST_STEP][PASSED] - setEncryptedText(findTestObject("Page_CloudKibo/input_Sign In_password (1)"), "ZOMPkeJIpHWb3LMKk986MQ=="): Text ****** has been set on object 'Object Repository/Page_CloudKibo/input_Sign In_password (1)'

2019-04-03 12:15:45 - [MESSAGE][PASSED] - Text ****** has been set on object 'Object Repository/Page_CloudKibo/input_Sign In_password (1)'

2019-04-03 12:15:45 - [TEST_STEP][PASSED] - delay(1): Delayed 1 second(s)

2019-04-03 12:15:46 - [MESSAGE][PASSED] - Delayed 1 second(s)

2019-04-03 12:15:46 - [TEST_STEP][PASSED] - click(findTestObject("Page_CloudKibo/button_Sign In (5)")): Object: 'Object Repository/Page_CloudKibo/button_Sign In (5)' is clicked on

2019-04-03 12:15:46 - [MESSAGE][PASSED] - Object: 'Object Repository/Page_CloudKibo/button_Sign In (5)' is clicked on

2019-04-03 12:15:46 - [TEST_STEP][PASSED] - delay(3): Delayed 3 second(s)

2019-04-03 12:15:49 - [MESSAGE][PASSED] - Delayed 3 second(s)

2019-04-03 12:15:49 - [TEST_STEP][PASSED] - click(findTestObject("Object Repository/Page_KiboEngage  Dashboard/h4_KIBOPUSH")): Object: 'Object Repository/Page_KiboEngage  Dashboard/h4_KIBOPUSH' is clicked on

2019-04-03 12:16:11 - [MESSAGE][PASSED] - Object: 'Object Repository/Page_KiboEngage  Dashboard/h4_KIBOPUSH' is clicked on

2019-04-03 12:16:11 - [MESSAGE][PASSED] - Call Test Case 'Test Cases/s-sidebar_navigation/individualAccount/Login_Muzamil' successfully

2019-04-03 12:16:11 - [TEST_STEP][PASSED] - delay(2): Delayed 2 second(s)

2019-04-03 12:16:13 - [MESSAGE][PASSED] - Delayed 2 second(s)

2019-04-03 12:16:13 - [TEST_STEP][PASSED] - click(findTestObject("Page_KiboEngage  Dashboard/span_Broadcasting (1)")): Object: 'Object Repository/Page_KiboEngage  Dashboard/span_Broadcasting (1)' is clicked on

2019-04-03 12:16:13 - [MESSAGE][PASSED] - Object: 'Object Repository/Page_KiboEngage  Dashboard/span_Broadcasting (1)' is clicked on

2019-04-03 12:16:13 - [TEST_STEP][PASSED] - delay(1): Delayed 1 second(s)

2019-04-03 12:16:14 - [MESSAGE][PASSED] - Delayed 1 second(s)

2019-04-03 12:16:14 - [TEST_STEP][PASSED] - click(findTestObject("Page_KiboEngage  Dashboard/span_Broadcasts")): Object: 'Object Repository/Page_KiboEngage  Dashboard/span_Broadcasts' is clicked on

2019-04-03 12:16:15 - [MESSAGE][PASSED] - Object: 'Object Repository/Page_KiboEngage  Dashboard/span_Broadcasts' is clicked on

2019-04-03 12:16:15 - [TEST_STEP][PASSED] - delay(1): Delayed 1 second(s)

2019-04-03 12:16:16 - [MESSAGE][PASSED] - Delayed 1 second(s)

2019-04-03 12:16:16 - [TEST_STEP][PASSED] - click(findTestObject("Page_KiboEngage  Broadcast/span_Create New")): Object: 'Object Repository/Page_KiboEngage  Broadcast/span_Create New' is clicked on

2019-04-03 12:16:16 - [MESSAGE][PASSED] - Object: 'Object Repository/Page_KiboEngage  Broadcast/span_Create New' is clicked on

2019-04-03 12:16:16 - [TEST_STEP][PASSED] - delay(1): Delayed 1 second(s)

2019-04-03 12:16:17 - [MESSAGE][PASSED] - Delayed 1 second(s)

2019-04-03 12:16:17 - [TEST_STEP][PASSED] - click(findTestObject("Page_KiboEngage  Broadcast/button_Create New Broadcast (1)")): Object: 'Object Repository/Page_KiboEngage  Broadcast/button_Create New Broadcast (1)' is clicked on

2019-04-03 12:16:17 - [MESSAGE][PASSED] - Object: 'Object Repository/Page_KiboEngage  Broadcast/button_Create New Broadcast (1)' is clicked on

2019-04-03 12:16:17 - [TEST_STEP][PASSED] - delay(1): Delayed 1 second(s)

2019-04-03 12:16:18 - [MESSAGE][PASSED] - Delayed 1 second(s)

2019-04-03 12:16:18 - [TEST_STEP][PASSED] - click(findTestObject("Object Repository/Page_KiboEngage  Create Broadcast/div_Card (1) (1) (2)")): Object: 'Object Repository/Page_KiboEngage  Create Broadcast/div_Card (1) (1) (2)' is clicked on

2019-04-03 12:16:18 - [MESSAGE][PASSED] - Object: 'Object Repository/Page_KiboEngage  Create Broadcast/div_Card (1) (1) (2)' is clicked on

2019-04-03 12:16:18 - [TEST_STEP][PASSED] - delay(1): Delayed 1 second(s)

2019-04-03 12:16:19 - [MESSAGE][PASSED] - Delayed 1 second(s)

2019-04-03 12:16:19 - [TEST_STEP][PASSED] - setText(findTestObject("Object Repository/Page_KiboEngage  Create Broadcast/input_Broadcast Title_form-control (1) (2)"), "test"): Text 'test' is set on object 'Object Repository/Page_KiboEngage  Create Broadcast/input_Broadcast Title_form-control (1) (2)'

2019-04-03 12:16:19 - [MESSAGE][PASSED] - Text 'test' is set on object 'Object Repository/Page_KiboEngage  Create Broadcast/input_Broadcast Title_form-control (1) (2)'

2019-04-03 12:16:19 - [TEST_STEP][PASSED] - delay(1): Delayed 1 second(s)

2019-04-03 12:16:20 - [MESSAGE][PASSED] - Delayed 1 second(s)

2019-04-03 12:16:20 - [TEST_STEP][PASSED] - setText(findTestObject("Object Repository/Page_KiboEngage  Create Broadcast/textarea_Broadcast Title_form-control (1) (2)"), "subtitle"): Text 'subtitle' is set on object 'Object Repository/Page_KiboEngage  Create Broadcast/textarea_Broadcast Title_form-control (1) (2)'

2019-04-03 12:16:20 - [MESSAGE][PASSED] - Text 'subtitle' is set on object 'Object Repository/Page_KiboEngage  Create Broadcast/textarea_Broadcast Title_form-control (1) (2)'

2019-04-03 12:16:20 - [TEST_STEP][PASSED] - delay(1): Delayed 1 second(s)

2019-04-03 12:16:21 - [MESSAGE][PASSED] - Delayed 1 second(s)

2019-04-03 12:16:21 - [TEST_STEP][PASSED] - click(findTestObject("Object Repository/Page_KiboEngage  Create Broadcast/h6_ Add Button (3) (1) (2)")): Object: 'Object Repository/Page_KiboEngage  Create Broadcast/h6_ Add Button (3) (1) (2)' is clicked on

2019-04-03 12:16:21 - [MESSAGE][PASSED] - Object: 'Object Repository/Page_KiboEngage  Create Broadcast/h6_ Add Button (3) (1) (2)' is clicked on

2019-04-03 12:16:21 - [TEST_STEP][PASSED] - setText(findTestObject("Object Repository/Page_KiboEngage  Create Broadcast/input_Button Title_form-control (5)"), "test"): Text 'test' is set on object 'Object Repository/Page_KiboEngage  Create Broadcast/input_Button Title_form-control (5)'

2019-04-03 12:16:22 - [MESSAGE][PASSED] - Text 'test' is set on object 'Object Repository/Page_KiboEngage  Create Broadcast/input_Button Title_form-control (5)'

2019-04-03 12:16:22 - [TEST_STEP][PASSED] - click(findTestObject("Object Repository/Page_KiboEngage  Create Broadcast/h7_Open a webview (5)")): Object: 'Object Repository/Page_KiboEngage  Create Broadcast/h7_Open a webview (5)' is clicked on

2019-04-03 12:16:22 - [MESSAGE][PASSED] - Object: 'Object Repository/Page_KiboEngage  Create Broadcast/h7_Open a webview (5)' is clicked on

2019-04-03 12:16:22 - [TEST_STEP][PASSED] - setText(findTestObject("Object Repository/Page_KiboEngage  Create Broadcast/input_Url_form-control (4)"), "https://kiboengage.cloudkibo.com"): Text 'https://kiboengage.cloudkibo.com' is set on object 'Object Repository/Page_KiboEngage  Create Broadcast/input_Url_form-control (4)'

2019-04-03 12:16:22 - [MESSAGE][PASSED] - Text 'https://kiboengage.cloudkibo.com' is set on object 'Object Repository/Page_KiboEngage  Create Broadcast/input_Url_form-control (4)'

2019-04-03 12:16:22 - [TEST_STEP][PASSED] - delay(1): Delayed 1 second(s)

2019-04-03 12:16:23 - [MESSAGE][PASSED] - Delayed 1 second(s)

2019-04-03 12:16:23 - [TEST_STEP][PASSED] - click(findTestObject("Object Repository/Page_KiboEngage  Create Broadcast/button_Done (2) (1) (2)")): Object: 'Object Repository/Page_KiboEngage  Create Broadcast/button_Done (2) (1) (2)' is clicked on

2019-04-03 12:16:23 - [MESSAGE][PASSED] - Object: 'Object Repository/Page_KiboEngage  Create Broadcast/button_Done (2) (1) (2)' is clicked on

2019-04-03 12:16:23 - [TEST_STEP][PASSED] - delay(1): Delayed 1 second(s)

2019-04-03 12:16:24 - [MESSAGE][PASSED] - Delayed 1 second(s)

2019-04-03 12:16:24 - [TEST_STEP][PASSED] - img = getProjectDir() + "/sample.jpg": null

2019-04-03 12:16:24 - [TEST_STEP][PASSED] - delay(3): Delayed 3 second(s)

2019-04-03 12:16:27 - [MESSAGE][PASSED] - Delayed 3 second(s)

2019-04-03 12:16:27 - [TEST_STEP][PASSED] - uploadFile(findTestObject("Object Repository/Page_KiboEngage  Create Broadcast/Upload Image (1) (2)"), img): File '/home/cloudkibo-muzamil/Downloads/Test cases/production/KiboPush/sample.jpg' sent to object: 'Object Repository/Page_KiboEngage  Create Broadcast/Upload Image (1) (2)'

2019-04-03 12:16:27 - [MESSAGE][PASSED] - File '/home/cloudkibo-muzamil/Downloads/Test cases/production/KiboPush/sample.jpg' sent to object: 'Object Repository/Page_KiboEngage  Create Broadcast/Upload Image (1) (2)'

2019-04-03 12:16:27 - [TEST_STEP][PASSED] - delay(10): Delayed 10 second(s)

2019-04-03 12:16:37 - [MESSAGE][PASSED] - Delayed 10 second(s)

2019-04-03 12:16:37 - [TEST_STEP][PASSED] - click(findTestObject("Object Repository/Page_KiboEngage  Dashboard/h4_KIBOPUSH")): Object: 'Object Repository/Page_KiboEngage  Dashboard/h4_KIBOPUSH' is clicked on

2019-04-03 12:16:37 - [MESSAGE][PASSED] - Object: 'Object Repository/Page_KiboEngage  Dashboard/h4_KIBOPUSH' is clicked on

2019-04-03 12:16:37 - [TEST_STEP][PASSED] - delay(1): Delayed 1 second(s)

2019-04-03 12:16:38 - [MESSAGE][PASSED] - Delayed 1 second(s)

2019-04-03 12:16:38 - [TEST_STEP][PASSED] - click(findTestObject("Object Repository/Page_KiboEngage  Create Broadcast/button_Next (3) (1) (2)")): Object: 'Object Repository/Page_KiboEngage  Create Broadcast/button_Next (3) (1) (2)' is clicked on

2019-04-03 12:16:38 - [MESSAGE][PASSED] - Object: 'Object Repository/Page_KiboEngage  Create Broadcast/button_Next (3) (1) (2)' is clicked on

2019-04-03 12:16:38 - [TEST_STEP][PASSED] - delay(1): Delayed 1 second(s)

2019-04-03 12:16:39 - [MESSAGE][PASSED] - Delayed 1 second(s)

2019-04-03 12:16:39 - [TEST_STEP][PASSED] - click(findTestObject("Object Repository/Page_KiboEngage  Create Broadcast/button_Send (2) (1) (2)")): Object: 'Object Repository/Page_KiboEngage  Create Broadcast/button_Send (2) (1) (2)' is clicked on

2019-04-03 12:16:40 - [MESSAGE][PASSED] - Object: 'Object Repository/Page_KiboEngage  Create Broadcast/button_Send (2) (1) (2)' is clicked on

2019-04-03 12:16:40 - [TEST_STEP][PASSED] - delay(1): Delayed 1 second(s)

2019-04-03 12:16:41 - [MESSAGE][PASSED] - Delayed 1 second(s)

2019-04-03 12:16:41 - [TEST_STEP][PASSED] - click(findTestObject("Page_KiboEngage  Create Broadcast/div_Sending broadcast You will be notified when it is sent (1) (1) (1)")): Object: 'Object Repository/Page_KiboEngage  Create Broadcast/div_Sending broadcast You will be notified when it is sent (1) (1) (1)' is clicked on

2019-04-03 12:16:41 - [MESSAGE][PASSED] - Object: 'Object Repository/Page_KiboEngage  Create Broadcast/div_Sending broadcast You will be notified when it is sent (1) (1) (1)' is clicked on

2019-04-03 12:16:41 - [TEST_STEP][PASSED] - delay(3): Delayed 3 second(s)

2019-04-03 12:16:44 - [MESSAGE][PASSED] - Delayed 3 second(s)

2019-04-03 12:16:44 - [TEST_STEP][PASSED] - click(findTestObject("Object Repository/Page_KiboEngage  Create Broadcast/div_Conversation successfully sent (2) (1) (2)")): Object: 'Object Repository/Page_KiboEngage  Create Broadcast/div_Conversation successfully sent (2) (1) (2)' is clicked on

2019-04-03 12:16:45 - [MESSAGE][PASSED] - Object: 'Object Repository/Page_KiboEngage  Create Broadcast/div_Conversation successfully sent (2) (1) (2)' is clicked on]]></system-out>
         <system-err><![CDATA[]]></system-err>
      </testcase>
      <testcase name="Test Cases/Webview/TC1091" classname="Test Cases/Webview/TC1091" status="PASSED">
         <system-out><![CDATA[2019-04-03 12:16:45 - [TEST_CASE][PASSED] - Test Cases/Webview/TC1091: Test Cases/Webview/TC1091

2019-04-03 12:16:45 - [TEST_STEP][PASSED] - callTestCase(findTestCase("Webview/TC1090"), [:], STOP_ON_FAILURE): Call Test Case 'Test Cases/Webview/TC1090' successfully

2019-04-03 12:16:45 - [TEST_CASE][PASSED] - Test Cases/Webview/TC1090: Test Cases/Webview/TC1090

2019-04-03 12:16:45 - [TEST_STEP][PASSED] - callTestCase(findTestCase("s-sidebar_navigation/individualAccount/Login_Muzamil"), [:], STOP_ON_FAILURE): Call Test Case 'Test Cases/s-sidebar_navigation/individualAccount/Login_Muzamil' successfully

2019-04-03 12:16:45 - [TEST_CASE][PASSED] - Test Cases/s-sidebar_navigation/individualAccount/Login_Muzamil: Test Cases/s-sidebar_navigation/individualAccount/Login_Muzamil

2019-04-03 12:16:45 - [TEST_STEP][PASSED] - openBrowser(""): Browser is opened with url: ''

2019-04-03 12:16:45 - [MESSAGE][WARNING] - A browser is already opened. Closing browser and opening a new one

2019-04-03 12:16:45 - [MESSAGE][INFO] - Starting 'Chrome' driver

2019-04-03 12:16:46 - [MESSAGE][PASSED] - Browser is opened with url: ''

2019-04-03 12:16:46 - [TEST_STEP][PASSED] - maximizeWindow(): Current window maximized

2019-04-03 12:16:46 - [MESSAGE][PASSED] - Current window maximized

2019-04-03 12:16:46 - [TEST_STEP][PASSED] - navigateToUrl("https://app.kibopush.com/"): Navigate to 'https://app.kibopush.com/' successfully

2019-04-03 12:17:07 - [MESSAGE][PASSED] - Navigate to 'https://app.kibopush.com/' successfully

2019-04-03 12:17:07 - [TEST_STEP][PASSED] - click(findTestObject("Page_CloudKibo/a_Login (2)")): Object: 'Object Repository/Page_CloudKibo/a_Login (2)' is clicked on

2019-04-03 12:17:08 - [MESSAGE][PASSED] - Object: 'Object Repository/Page_CloudKibo/a_Login (2)' is clicked on

2019-04-03 12:17:08 - [TEST_STEP][PASSED] - delay(2): Delayed 2 second(s)

2019-04-03 12:17:10 - [MESSAGE][PASSED] - Delayed 2 second(s)

2019-04-03 12:17:10 - [TEST_STEP][PASSED] - setText(findTestObject("Page_CloudKibo/input_Sign In_email (1)"), "muzamil.bukhari.39@gmail.com"): Text 'muzamil.bukhari.39@gmail.com' is set on object 'Object Repository/Page_CloudKibo/input_Sign In_email (1)'

2019-04-03 12:17:10 - [MESSAGE][PASSED] - Text 'muzamil.bukhari.39@gmail.com' is set on object 'Object Repository/Page_CloudKibo/input_Sign In_email (1)'

2019-04-03 12:17:10 - [TEST_STEP][PASSED] - setEncryptedText(findTestObject("Page_CloudKibo/input_Sign In_password (1)"), "ZOMPkeJIpHWb3LMKk986MQ=="): Text ****** has been set on object 'Object Repository/Page_CloudKibo/input_Sign In_password (1)'

2019-04-03 12:17:10 - [MESSAGE][PASSED] - Text ****** has been set on object 'Object Repository/Page_CloudKibo/input_Sign In_password (1)'

2019-04-03 12:17:10 - [TEST_STEP][PASSED] - delay(1): Delayed 1 second(s)

2019-04-03 12:17:11 - [MESSAGE][PASSED] - Delayed 1 second(s)

2019-04-03 12:17:11 - [TEST_STEP][PASSED] - click(findTestObject("Page_CloudKibo/button_Sign In (5)")): Object: 'Object Repository/Page_CloudKibo/button_Sign In (5)' is clicked on

2019-04-03 12:17:11 - [MESSAGE][PASSED] - Object: 'Object Repository/Page_CloudKibo/button_Sign In (5)' is clicked on

2019-04-03 12:17:11 - [TEST_STEP][PASSED] - delay(3): Delayed 3 second(s)

2019-04-03 12:17:14 - [MESSAGE][PASSED] - Delayed 3 second(s)

2019-04-03 12:17:14 - [TEST_STEP][PASSED] - click(findTestObject("Object Repository/Page_KiboEngage  Dashboard/h4_KIBOPUSH")): Object: 'Object Repository/Page_KiboEngage  Dashboard/h4_KIBOPUSH' is clicked on

2019-04-03 12:17:34 - [MESSAGE][PASSED] - Object: 'Object Repository/Page_KiboEngage  Dashboard/h4_KIBOPUSH' is clicked on

2019-04-03 12:17:34 - [MESSAGE][PASSED] - Call Test Case 'Test Cases/s-sidebar_navigation/individualAccount/Login_Muzamil' successfully

2019-04-03 12:17:34 - [TEST_STEP][PASSED] - delay(2): Delayed 2 second(s)

2019-04-03 12:17:36 - [MESSAGE][PASSED] - Delayed 2 second(s)

2019-04-03 12:17:36 - [TEST_STEP][PASSED] - click(findTestObject("Page_KiboEngage  Dashboard/span_Broadcasting (1)")): Object: 'Object Repository/Page_KiboEngage  Dashboard/span_Broadcasting (1)' is clicked on

2019-04-03 12:17:36 - [MESSAGE][PASSED] - Object: 'Object Repository/Page_KiboEngage  Dashboard/span_Broadcasting (1)' is clicked on

2019-04-03 12:17:36 - [TEST_STEP][PASSED] - delay(1): Delayed 1 second(s)

2019-04-03 12:17:37 - [MESSAGE][PASSED] - Delayed 1 second(s)

2019-04-03 12:17:37 - [TEST_STEP][PASSED] - click(findTestObject("Page_KiboEngage  Dashboard/span_Broadcasts")): Object: 'Object Repository/Page_KiboEngage  Dashboard/span_Broadcasts' is clicked on

2019-04-03 12:17:37 - [MESSAGE][PASSED] - Object: 'Object Repository/Page_KiboEngage  Dashboard/span_Broadcasts' is clicked on

2019-04-03 12:17:37 - [TEST_STEP][PASSED] - delay(1): Delayed 1 second(s)

2019-04-03 12:17:38 - [MESSAGE][PASSED] - Delayed 1 second(s)

2019-04-03 12:17:38 - [TEST_STEP][PASSED] - click(findTestObject("Page_KiboEngage  Broadcast/span_Create New")): Object: 'Object Repository/Page_KiboEngage  Broadcast/span_Create New' is clicked on

2019-04-03 12:17:38 - [MESSAGE][PASSED] - Object: 'Object Repository/Page_KiboEngage  Broadcast/span_Create New' is clicked on

2019-04-03 12:17:38 - [TEST_STEP][PASSED] - delay(1): Delayed 1 second(s)

2019-04-03 12:17:39 - [MESSAGE][PASSED] - Delayed 1 second(s)

2019-04-03 12:17:39 - [TEST_STEP][PASSED] - click(findTestObject("Page_KiboEngage  Broadcast/button_Create New Broadcast (1)")): Object: 'Object Repository/Page_KiboEngage  Broadcast/button_Create New Broadcast (1)' is clicked on

2019-04-03 12:17:39 - [MESSAGE][PASSED] - Object: 'Object Repository/Page_KiboEngage  Broadcast/button_Create New Broadcast (1)' is clicked on

2019-04-03 12:17:39 - [TEST_STEP][PASSED] - delay(1): Delayed 1 second(s)

2019-04-03 12:17:40 - [MESSAGE][PASSED] - Delayed 1 second(s)

2019-04-03 12:17:40 - [TEST_STEP][PASSED] - click(findTestObject("Object Repository/Page_KiboEngage  Create Broadcast/div_Card (1) (1) (2)")): Object: 'Object Repository/Page_KiboEngage  Create Broadcast/div_Card (1) (1) (2)' is clicked on

2019-04-03 12:17:40 - [MESSAGE][PASSED] - Object: 'Object Repository/Page_KiboEngage  Create Broadcast/div_Card (1) (1) (2)' is clicked on

2019-04-03 12:17:40 - [TEST_STEP][PASSED] - delay(1): Delayed 1 second(s)

2019-04-03 12:17:41 - [MESSAGE][PASSED] - Delayed 1 second(s)

2019-04-03 12:17:41 - [TEST_STEP][PASSED] - setText(findTestObject("Object Repository/Page_KiboEngage  Create Broadcast/input_Broadcast Title_form-control (1) (2)"), "test"): Text 'test' is set on object 'Object Repository/Page_KiboEngage  Create Broadcast/input_Broadcast Title_form-control (1) (2)'

2019-04-03 12:17:41 - [MESSAGE][PASSED] - Text 'test' is set on object 'Object Repository/Page_KiboEngage  Create Broadcast/input_Broadcast Title_form-control (1) (2)'

2019-04-03 12:17:41 - [TEST_STEP][PASSED] - delay(1): Delayed 1 second(s)

2019-04-03 12:17:42 - [MESSAGE][PASSED] - Delayed 1 second(s)

2019-04-03 12:17:42 - [TEST_STEP][PASSED] - setText(findTestObject("Object Repository/Page_KiboEngage  Create Broadcast/textarea_Broadcast Title_form-control (1) (2)"), "subtitle"): Text 'subtitle' is set on object 'Object Repository/Page_KiboEngage  Create Broadcast/textarea_Broadcast Title_form-control (1) (2)'

2019-04-03 12:17:43 - [MESSAGE][PASSED] - Text 'subtitle' is set on object 'Object Repository/Page_KiboEngage  Create Broadcast/textarea_Broadcast Title_form-control (1) (2)'

2019-04-03 12:17:43 - [TEST_STEP][PASSED] - delay(1): Delayed 1 second(s)

2019-04-03 12:17:44 - [MESSAGE][PASSED] - Delayed 1 second(s)

2019-04-03 12:17:44 - [TEST_STEP][PASSED] - click(findTestObject("Object Repository/Page_KiboEngage  Create Broadcast/h6_ Add Button (3) (1) (2)")): Object: 'Object Repository/Page_KiboEngage  Create Broadcast/h6_ Add Button (3) (1) (2)' is clicked on

2019-04-03 12:17:44 - [MESSAGE][PASSED] - Object: 'Object Repository/Page_KiboEngage  Create Broadcast/h6_ Add Button (3) (1) (2)' is clicked on

2019-04-03 12:17:44 - [TEST_STEP][PASSED] - setText(findTestObject("Object Repository/Page_KiboEngage  Create Broadcast/input_Button Title_form-control (5)"), "test"): Text 'test' is set on object 'Object Repository/Page_KiboEngage  Create Broadcast/input_Button Title_form-control (5)'

2019-04-03 12:17:44 - [MESSAGE][PASSED] - Text 'test' is set on object 'Object Repository/Page_KiboEngage  Create Broadcast/input_Button Title_form-control (5)'

2019-04-03 12:17:44 - [TEST_STEP][PASSED] - click(findTestObject("Object Repository/Page_KiboEngage  Create Broadcast/h7_Open a webview (5)")): Object: 'Object Repository/Page_KiboEngage  Create Broadcast/h7_Open a webview (5)' is clicked on

2019-04-03 12:17:44 - [MESSAGE][PASSED] - Object: 'Object Repository/Page_KiboEngage  Create Broadcast/h7_Open a webview (5)' is clicked on

2019-04-03 12:17:44 - [TEST_STEP][PASSED] - setText(findTestObject("Object Repository/Page_KiboEngage  Create Broadcast/input_Url_form-control (4)"), "https://kiboengage.cloudkibo.com"): Text 'https://kiboengage.cloudkibo.com' is set on object 'Object Repository/Page_KiboEngage  Create Broadcast/input_Url_form-control (4)'

2019-04-03 12:17:44 - [MESSAGE][PASSED] - Text 'https://kiboengage.cloudkibo.com' is set on object 'Object Repository/Page_KiboEngage  Create Broadcast/input_Url_form-control (4)'

2019-04-03 12:17:44 - [TEST_STEP][PASSED] - delay(1): Delayed 1 second(s)

2019-04-03 12:17:45 - [MESSAGE][PASSED] - Delayed 1 second(s)

2019-04-03 12:17:45 - [TEST_STEP][PASSED] - click(findTestObject("Object Repository/Page_KiboEngage  Create Broadcast/button_Done (2) (1) (2)")): Object: 'Object Repository/Page_KiboEngage  Create Broadcast/button_Done (2) (1) (2)' is clicked on

2019-04-03 12:17:45 - [MESSAGE][PASSED] - Object: 'Object Repository/Page_KiboEngage  Create Broadcast/button_Done (2) (1) (2)' is clicked on

2019-04-03 12:17:45 - [TEST_STEP][PASSED] - delay(1): Delayed 1 second(s)

2019-04-03 12:17:46 - [MESSAGE][PASSED] - Delayed 1 second(s)

2019-04-03 12:17:46 - [TEST_STEP][PASSED] - img = getProjectDir() + "/sample.jpg": null

2019-04-03 12:17:46 - [TEST_STEP][PASSED] - delay(3): Delayed 3 second(s)

2019-04-03 12:17:49 - [MESSAGE][PASSED] - Delayed 3 second(s)

2019-04-03 12:17:49 - [TEST_STEP][PASSED] - uploadFile(findTestObject("Object Repository/Page_KiboEngage  Create Broadcast/Upload Image (1) (2)"), img): File '/home/cloudkibo-muzamil/Downloads/Test cases/production/KiboPush/sample.jpg' sent to object: 'Object Repository/Page_KiboEngage  Create Broadcast/Upload Image (1) (2)'

2019-04-03 12:17:49 - [MESSAGE][PASSED] - File '/home/cloudkibo-muzamil/Downloads/Test cases/production/KiboPush/sample.jpg' sent to object: 'Object Repository/Page_KiboEngage  Create Broadcast/Upload Image (1) (2)'

2019-04-03 12:17:49 - [TEST_STEP][PASSED] - delay(10): Delayed 10 second(s)

2019-04-03 12:17:59 - [MESSAGE][PASSED] - Delayed 10 second(s)

2019-04-03 12:17:59 - [TEST_STEP][PASSED] - click(findTestObject("Object Repository/Page_KiboEngage  Dashboard/h4_KIBOPUSH")): Object: 'Object Repository/Page_KiboEngage  Dashboard/h4_KIBOPUSH' is clicked on

2019-04-03 12:17:59 - [MESSAGE][PASSED] - Object: 'Object Repository/Page_KiboEngage  Dashboard/h4_KIBOPUSH' is clicked on

2019-04-03 12:17:59 - [TEST_STEP][PASSED] - delay(1): Delayed 1 second(s)

2019-04-03 12:18:00 - [MESSAGE][PASSED] - Delayed 1 second(s)

2019-04-03 12:18:00 - [TEST_STEP][PASSED] - click(findTestObject("Object Repository/Page_KiboEngage  Create Broadcast/button_Next (3) (1) (2)")): Object: 'Object Repository/Page_KiboEngage  Create Broadcast/button_Next (3) (1) (2)' is clicked on

2019-04-03 12:18:00 - [MESSAGE][PASSED] - Object: 'Object Repository/Page_KiboEngage  Create Broadcast/button_Next (3) (1) (2)' is clicked on

2019-04-03 12:18:00 - [TEST_STEP][PASSED] - delay(1): Delayed 1 second(s)

2019-04-03 12:18:01 - [MESSAGE][PASSED] - Delayed 1 second(s)

2019-04-03 12:18:01 - [TEST_STEP][PASSED] - click(findTestObject("Object Repository/Page_KiboEngage  Create Broadcast/button_Send (2) (1) (2)")): Object: 'Object Repository/Page_KiboEngage  Create Broadcast/button_Send (2) (1) (2)' is clicked on

2019-04-03 12:18:02 - [MESSAGE][PASSED] - Object: 'Object Repository/Page_KiboEngage  Create Broadcast/button_Send (2) (1) (2)' is clicked on

2019-04-03 12:18:02 - [TEST_STEP][PASSED] - delay(1): Delayed 1 second(s)

2019-04-03 12:18:03 - [MESSAGE][PASSED] - Delayed 1 second(s)

2019-04-03 12:18:03 - [TEST_STEP][PASSED] - click(findTestObject("Page_KiboEngage  Create Broadcast/div_Sending broadcast You will be notified when it is sent (1) (1) (1)")): Object: 'Object Repository/Page_KiboEngage  Create Broadcast/div_Sending broadcast You will be notified when it is sent (1) (1) (1)' is clicked on

2019-04-03 12:18:03 - [MESSAGE][PASSED] - Object: 'Object Repository/Page_KiboEngage  Create Broadcast/div_Sending broadcast You will be notified when it is sent (1) (1) (1)' is clicked on

2019-04-03 12:18:03 - [TEST_STEP][PASSED] - delay(3): Delayed 3 second(s)

2019-04-03 12:18:06 - [MESSAGE][PASSED] - Delayed 3 second(s)

2019-04-03 12:18:06 - [TEST_STEP][PASSED] - click(findTestObject("Object Repository/Page_KiboEngage  Create Broadcast/div_Conversation successfully sent (2) (1) (2)")): Object: 'Object Repository/Page_KiboEngage  Create Broadcast/div_Conversation successfully sent (2) (1) (2)' is clicked on

2019-04-03 12:18:07 - [MESSAGE][PASSED] - Object: 'Object Repository/Page_KiboEngage  Create Broadcast/div_Conversation successfully sent (2) (1) (2)' is clicked on

2019-04-03 12:18:07 - [MESSAGE][PASSED] - Call Test Case 'Test Cases/Webview/TC1090' successfully]]></system-out>
         <system-err><![CDATA[]]></system-err>
      </testcase>
      <testcase name="Test Cases/Webview/TC1092" classname="Test Cases/Webview/TC1092" status="FAILED">
         <failure type="FAILED" message="Test Cases/Webview/TC1092 FAILED.
Reason:
com.kms.katalon.core.exception.StepFailedException: Call Test Case 'Test Cases/s-sidebar_navigation/individualAccount/Login_Muzamil' failed
	at com.kms.katalon.core.keyword.builtin.CallTestCaseKeyword$_callTestCase_closure1.doCall(CallTestCaseKeyword.groovy:63)
	at com.kms.katalon.core.keyword.builtin.CallTestCaseKeyword$_callTestCase_closure1.call(CallTestCaseKeyword.groovy)
	at com.kms.katalon.core.keyword.internal.KeywordMain.runKeyword(KeywordMain.groovy:66)
	at com.kms.katalon.core.keyword.builtin.CallTestCaseKeyword.callTestCase(CallTestCaseKeyword.groovy:81)
	at com.kms.katalon.core.keyword.builtin.CallTestCaseKeyword.execute(CallTestCaseKeyword.groovy:44)
	at com.kms.katalon.core.keyword.internal.KeywordExecutor.executeKeywordForPlatform(KeywordExecutor.groovy:56)
	at com.kms.katalon.core.keyword.BuiltinKeywords.callTestCase(BuiltinKeywords.groovy:334)
	at TC1092.run(TC1092:17)
	at com.kms.katalon.core.main.ScriptEngine.run(ScriptEngine.java:194)
	at com.kms.katalon.core.main.ScriptEngine.runScriptAsRawText(ScriptEngine.java:119)
	at com.kms.katalon.core.main.TestCaseExecutor.runScript(TestCaseExecutor.java:331)
	at com.kms.katalon.core.main.TestCaseExecutor.doExecute(TestCaseExecutor.java:322)
	at com.kms.katalon.core.main.TestCaseExecutor.processExecutionPhase(TestCaseExecutor.java:301)
	at com.kms.katalon.core.main.TestCaseExecutor.accessMainPhase(TestCaseExecutor.java:293)
	at com.kms.katalon.core.main.TestCaseExecutor.execute(TestCaseExecutor.java:227)
	at com.kms.katalon.core.main.TestSuiteExecutor.accessTestCaseMainPhase(TestSuiteExecutor.java:129)
	at com.kms.katalon.core.main.TestSuiteExecutor.accessTestSuiteMainPhase(TestSuiteExecutor.java:112)
	at com.kms.katalon.core.main.TestSuiteExecutor.execute(TestSuiteExecutor.java:81)
	at com.kms.katalon.core.main.TestCaseMain.startTestSuite(TestCaseMain.java:157)
	at com.kms.katalon.core.main.TestCaseMain$startTestSuite$0.call(Unknown Source)
	at TempTestSuite1554275422234.run(TempTestSuite1554275422234.groovy:35)
Caused by: com.kms.katalon.core.exception.StepFailedException: Unable to maximize current window
	at com.kms.katalon.core.webui.keyword.internal.WebUIKeywordMain.stepFailed(WebUIKeywordMain.groovy:64)
	at com.kms.katalon.core.webui.keyword.internal.WebUIKeywordMain.runKeyword(WebUIKeywordMain.groovy:26)
	at com.kms.katalon.core.webui.keyword.builtin.MaximizeWindowKeyword.maximizeWindow(MaximizeWindowKeyword.groovy:74)
	at com.kms.katalon.core.webui.keyword.builtin.MaximizeWindowKeyword.execute(MaximizeWindowKeyword.groovy:69)
	at com.kms.katalon.core.keyword.internal.KeywordExecutor.executeKeywordForPlatform(KeywordExecutor.groovy:56)
	at com.kms.katalon.core.webui.keyword.WebUiBuiltInKeywords.maximizeWindow(WebUiBuiltInKeywords.groovy:279)
	at com.kms.katalon.core.webui.keyword.WebUiBuiltInKeywords$maximizeWindow$0.call(Unknown Source)
	at Login_Muzamil.run(Login_Muzamil:18)
	at com.kms.katalon.core.main.ScriptEngine.run(ScriptEngine.java:194)
	at com.kms.katalon.core.main.ScriptEngine.runScriptAsRawText(ScriptEngine.java:119)
	at com.kms.katalon.core.main.TestCaseExecutor.runScript(TestCaseExecutor.java:331)
	at com.kms.katalon.core.main.TestCaseExecutor.doExecute(TestCaseExecutor.java:322)
	at com.kms.katalon.core.main.TestCaseExecutor.processExecutionPhase(TestCaseExecutor.java:301)
	at com.kms.katalon.core.main.TestCaseExecutor.accessMainPhase(TestCaseExecutor.java:293)
	at com.kms.katalon.core.main.TestCaseExecutor.execute(TestCaseExecutor.java:227)
	at com.kms.katalon.core.main.TestCaseMain.runTestCase(TestCaseMain.java:114)
	at com.kms.katalon.core.keyword.builtin.CallTestCaseKeyword$_callTestCase_closure1.doCall(CallTestCaseKeyword.groovy:59)
	... 20 more
Caused by: org.openqa.selenium.WebDriverException: unknown error: failed to change window state to maximized, current state is normal
  (Session info: chrome=73.0.3683.86)
  (Driver info: chromedriver=2.43.600233 (523efee95e3d68b8719b3a1c83051aa63aa6b10d),platform=Linux 4.18.0-16-generic x86_64) (WARNING: The server did not provide any stacktrace information)
Command duration or timeout: 0 milliseconds
Build info: version: '3.7.1', revision: '8a0099a', time: '2017-11-06T21:07:36.161Z'
System info: host: 'cloudkibomuzamil-Precision-T1700', ip: '127.0.1.1', os.name: 'Linux', os.arch: 'amd64', os.version: '4.18.0-16-generic', java.version: '1.8.0_191'
Driver info: com.kms.katalon.selenium.driver.CChromeDriver
Capabilities {acceptInsecureCerts: false, acceptSslCerts: false, applicationCacheEnabled: false, browserConnectionEnabled: false, browserName: chrome, chrome: {chromedriverVersion: 2.43.600233 (523efee95e3d68..., userDataDir: /tmp/.org.chromium.Chromium...}, cssSelectorsEnabled: true, databaseEnabled: false, goog:chromeOptions: {debuggerAddress: localhost:43015}, handlesAlerts: true, hasTouchScreen: false, javascriptEnabled: true, locationContextEnabled: true, mobileEmulationEnabled: false, nativeEvents: true, networkConnectionEnabled: false, pageLoadStrategy: normal, platform: LINUX, platformName: LINUX, rotatable: false, setWindowRect: true, takesHeapSnapshot: true, takesScreenshot: true, unexpectedAlertBehaviour: , unhandledPromptBehavior: , version: 73.0.3683.86, webStorageEnabled: true}
Session ID: 5cc4231a12b43e8bc57999a3481ae46d
	at org.openqa.selenium.remote.ErrorHandler.createThrowable(ErrorHandler.java:214)
	at org.openqa.selenium.remote.ErrorHandler.throwIfResponseFailed(ErrorHandler.java:166)
	at org.openqa.selenium.remote.http.JsonHttpResponseCodec.reconstructValue(JsonHttpResponseCodec.java:40)
	at org.openqa.selenium.remote.http.AbstractHttpResponseCodec.decode(AbstractHttpResponseCodec.java:80)
	at org.openqa.selenium.remote.http.AbstractHttpResponseCodec.decode(AbstractHttpResponseCodec.java:44)
	at org.openqa.selenium.remote.HttpCommandExecutor.execute(HttpCommandExecutor.java:164)
	at org.openqa.selenium.remote.service.DriverCommandExecutor.execute(DriverCommandExecutor.java:83)
	at org.openqa.selenium.remote.RemoteWebDriver.execute(RemoteWebDriver.java:600)
	at com.kms.katalon.selenium.driver.CChromeDriver.execute(CChromeDriver.java:20)
	at org.openqa.selenium.remote.RemoteWebDriver.execute(RemoteWebDriver.java:657)
	at org.openqa.selenium.remote.RemoteWebDriver$RemoteWebDriverOptions$RemoteWindow.maximize(RemoteWebDriver.java:891)
	at com.kms.katalon.core.webui.keyword.builtin.MaximizeWindowKeyword$_maximizeWindow_closure1.doCall(MaximizeWindowKeyword.groovy:85)
	at com.kms.katalon.core.webui.keyword.builtin.MaximizeWindowKeyword$_maximizeWindow_closure1.call(MaximizeWindowKeyword.groovy)
	at com.kms.katalon.core.webui.keyword.internal.WebUIKeywordMain.runKeyword(WebUIKeywordMain.groovy:20)
	at com.kms.katalon.core.webui.keyword.builtin.MaximizeWindowKeyword.maximizeWindow(MaximizeWindowKeyword.groovy:74)
	at com.kms.katalon.core.webui.keyword.builtin.MaximizeWindowKeyword.execute(MaximizeWindowKeyword.groovy:69)
	at com.kms.katalon.core.keyword.internal.KeywordExecutor.executeKeywordForPlatform(KeywordExecutor.groovy:56)
	at com.kms.katalon.core.webui.keyword.WebUiBuiltInKeywords.maximizeWindow(WebUiBuiltInKeywords.groovy:279)
	at com.kms.katalon.core.webui.keyword.WebUiBuiltInKeywords$maximizeWindow$0.call(Unknown Source)
	at Script1552980585608.run(Script1552980585608.groovy:18)
	at com.kms.katalon.core.main.ScriptEngine.run(ScriptEngine.java:194)
	at com.kms.katalon.core.main.ScriptEngine.runScriptAsRawText(ScriptEngine.java:119)
	at com.kms.katalon.core.main.TestCaseExecutor.runScript(TestCaseExecutor.java:331)
	at com.kms.katalon.core.main.TestCaseExecutor.doExecute(TestCaseExecutor.java:322)
	at com.kms.katalon.core.main.TestCaseExecutor.processExecutionPhase(TestCaseExecutor.java:301)
	at com.kms.katalon.core.main.TestCaseExecutor.accessMainPhase(TestCaseExecutor.java:293)
	at com.kms.katalon.core.main.TestCaseExecutor.execute(TestCaseExecutor.java:227)
	at com.kms.katalon.core.main.TestCaseMain.runTestCase(TestCaseMain.java:114)
	at com.kms.katalon.core.keyword.builtin.CallTestCaseKeyword$_callTestCase_closure1.doCall(CallTestCaseKeyword.groovy:59)
	at com.kms.katalon.core.keyword.builtin.CallTestCaseKeyword$_callTestCase_closure1.call(CallTestCaseKeyword.groovy)
	at com.kms.katalon.core.keyword.internal.KeywordMain.runKeyword(KeywordMain.groovy:66)
	at com.kms.katalon.core.keyword.builtin.CallTestCaseKeyword.callTestCase(CallTestCaseKeyword.groovy:81)
	at com.kms.katalon.core.keyword.builtin.CallTestCaseKeyword.execute(CallTestCaseKeyword.groovy:44)
	at com.kms.katalon.core.keyword.internal.KeywordExecutor.executeKeywordForPlatform(KeywordExecutor.groovy:56)
	at com.kms.katalon.core.keyword.BuiltinKeywords.callTestCase(BuiltinKeywords.groovy:334)
	at Script1552995995937.run(Script1552995995937.groovy:17)
	... 13 more
"/>
         <system-out><![CDATA[2019-04-03 12:18:07 - [TEST_CASE][FAILED] - Test Cases/Webview/TC1092: Test Cases/Webview/TC1092 FAILED.
Reason:
com.kms.katalon.core.exception.StepFailedException: Call Test Case 'Test Cases/s-sidebar_navigation/individualAccount/Login_Muzamil' failed
	at com.kms.katalon.core.keyword.builtin.CallTestCaseKeyword$_callTestCase_closure1.doCall(CallTestCaseKeyword.groovy:63)
	at com.kms.katalon.core.keyword.builtin.CallTestCaseKeyword$_callTestCase_closure1.call(CallTestCaseKeyword.groovy)
	at com.kms.katalon.core.keyword.internal.KeywordMain.runKeyword(KeywordMain.groovy:66)
	at com.kms.katalon.core.keyword.builtin.CallTestCaseKeyword.callTestCase(CallTestCaseKeyword.groovy:81)
	at com.kms.katalon.core.keyword.builtin.CallTestCaseKeyword.execute(CallTestCaseKeyword.groovy:44)
	at com.kms.katalon.core.keyword.internal.KeywordExecutor.executeKeywordForPlatform(KeywordExecutor.groovy:56)
	at com.kms.katalon.core.keyword.BuiltinKeywords.callTestCase(BuiltinKeywords.groovy:334)
	at TC1092.run(TC1092:17)
	at com.kms.katalon.core.main.ScriptEngine.run(ScriptEngine.java:194)
	at com.kms.katalon.core.main.ScriptEngine.runScriptAsRawText(ScriptEngine.java:119)
	at com.kms.katalon.core.main.TestCaseExecutor.runScript(TestCaseExecutor.java:331)
	at com.kms.katalon.core.main.TestCaseExecutor.doExecute(TestCaseExecutor.java:322)
	at com.kms.katalon.core.main.TestCaseExecutor.processExecutionPhase(TestCaseExecutor.java:301)
	at com.kms.katalon.core.main.TestCaseExecutor.accessMainPhase(TestCaseExecutor.java:293)
	at com.kms.katalon.core.main.TestCaseExecutor.execute(TestCaseExecutor.java:227)
	at com.kms.katalon.core.main.TestSuiteExecutor.accessTestCaseMainPhase(TestSuiteExecutor.java:129)
	at com.kms.katalon.core.main.TestSuiteExecutor.accessTestSuiteMainPhase(TestSuiteExecutor.java:112)
	at com.kms.katalon.core.main.TestSuiteExecutor.execute(TestSuiteExecutor.java:81)
	at com.kms.katalon.core.main.TestCaseMain.startTestSuite(TestCaseMain.java:157)
	at com.kms.katalon.core.main.TestCaseMain$startTestSuite$0.call(Unknown Source)
	at TempTestSuite1554275422234.run(TempTestSuite1554275422234.groovy:35)
Caused by: com.kms.katalon.core.exception.StepFailedException: Unable to maximize current window
	at com.kms.katalon.core.webui.keyword.internal.WebUIKeywordMain.stepFailed(WebUIKeywordMain.groovy:64)
	at com.kms.katalon.core.webui.keyword.internal.WebUIKeywordMain.runKeyword(WebUIKeywordMain.groovy:26)
	at com.kms.katalon.core.webui.keyword.builtin.MaximizeWindowKeyword.maximizeWindow(MaximizeWindowKeyword.groovy:74)
	at com.kms.katalon.core.webui.keyword.builtin.MaximizeWindowKeyword.execute(MaximizeWindowKeyword.groovy:69)
	at com.kms.katalon.core.keyword.internal.KeywordExecutor.executeKeywordForPlatform(KeywordExecutor.groovy:56)
	at com.kms.katalon.core.webui.keyword.WebUiBuiltInKeywords.maximizeWindow(WebUiBuiltInKeywords.groovy:279)
	at com.kms.katalon.core.webui.keyword.WebUiBuiltInKeywords$maximizeWindow$0.call(Unknown Source)
	at Login_Muzamil.run(Login_Muzamil:18)
	at com.kms.katalon.core.main.ScriptEngine.run(ScriptEngine.java:194)
	at com.kms.katalon.core.main.ScriptEngine.runScriptAsRawText(ScriptEngine.java:119)
	at com.kms.katalon.core.main.TestCaseExecutor.runScript(TestCaseExecutor.java:331)
	at com.kms.katalon.core.main.TestCaseExecutor.doExecute(TestCaseExecutor.java:322)
	at com.kms.katalon.core.main.TestCaseExecutor.processExecutionPhase(TestCaseExecutor.java:301)
	at com.kms.katalon.core.main.TestCaseExecutor.accessMainPhase(TestCaseExecutor.java:293)
	at com.kms.katalon.core.main.TestCaseExecutor.execute(TestCaseExecutor.java:227)
	at com.kms.katalon.core.main.TestCaseMain.runTestCase(TestCaseMain.java:114)
	at com.kms.katalon.core.keyword.builtin.CallTestCaseKeyword$_callTestCase_closure1.doCall(CallTestCaseKeyword.groovy:59)
	... 20 more
Caused by: org.openqa.selenium.WebDriverException: unknown error: failed to change window state to maximized, current state is normal
  (Session info: chrome=73.0.3683.86)
  (Driver info: chromedriver=2.43.600233 (523efee95e3d68b8719b3a1c83051aa63aa6b10d),platform=Linux 4.18.0-16-generic x86_64) (WARNING: The server did not provide any stacktrace information)
Command duration or timeout: 0 milliseconds
Build info: version: '3.7.1', revision: '8a0099a', time: '2017-11-06T21:07:36.161Z'
System info: host: 'cloudkibomuzamil-Precision-T1700', ip: '127.0.1.1', os.name: 'Linux', os.arch: 'amd64', os.version: '4.18.0-16-generic', java.version: '1.8.0_191'
Driver info: com.kms.katalon.selenium.driver.CChromeDriver
Capabilities {acceptInsecureCerts: false, acceptSslCerts: false, applicationCacheEnabled: false, browserConnectionEnabled: false, browserName: chrome, chrome: {chromedriverVersion: 2.43.600233 (523efee95e3d68..., userDataDir: /tmp/.org.chromium.Chromium...}, cssSelectorsEnabled: true, databaseEnabled: false, goog:chromeOptions: {debuggerAddress: localhost:43015}, handlesAlerts: true, hasTouchScreen: false, javascriptEnabled: true, locationContextEnabled: true, mobileEmulationEnabled: false, nativeEvents: true, networkConnectionEnabled: false, pageLoadStrategy: normal, platform: LINUX, platformName: LINUX, rotatable: false, setWindowRect: true, takesHeapSnapshot: true, takesScreenshot: true, unexpectedAlertBehaviour: , unhandledPromptBehavior: , version: 73.0.3683.86, webStorageEnabled: true}
Session ID: 5cc4231a12b43e8bc57999a3481ae46d
	at org.openqa.selenium.remote.ErrorHandler.createThrowable(ErrorHandler.java:214)
	at org.openqa.selenium.remote.ErrorHandler.throwIfResponseFailed(ErrorHandler.java:166)
	at org.openqa.selenium.remote.http.JsonHttpResponseCodec.reconstructValue(JsonHttpResponseCodec.java:40)
	at org.openqa.selenium.remote.http.AbstractHttpResponseCodec.decode(AbstractHttpResponseCodec.java:80)
	at org.openqa.selenium.remote.http.AbstractHttpResponseCodec.decode(AbstractHttpResponseCodec.java:44)
	at org.openqa.selenium.remote.HttpCommandExecutor.execute(HttpCommandExecutor.java:164)
	at org.openqa.selenium.remote.service.DriverCommandExecutor.execute(DriverCommandExecutor.java:83)
	at org.openqa.selenium.remote.RemoteWebDriver.execute(RemoteWebDriver.java:600)
	at com.kms.katalon.selenium.driver.CChromeDriver.execute(CChromeDriver.java:20)
	at org.openqa.selenium.remote.RemoteWebDriver.execute(RemoteWebDriver.java:657)
	at org.openqa.selenium.remote.RemoteWebDriver$RemoteWebDriverOptions$RemoteWindow.maximize(RemoteWebDriver.java:891)
	at com.kms.katalon.core.webui.keyword.builtin.MaximizeWindowKeyword$_maximizeWindow_closure1.doCall(MaximizeWindowKeyword.groovy:85)
	at com.kms.katalon.core.webui.keyword.builtin.MaximizeWindowKeyword$_maximizeWindow_closure1.call(MaximizeWindowKeyword.groovy)
	at com.kms.katalon.core.webui.keyword.internal.WebUIKeywordMain.runKeyword(WebUIKeywordMain.groovy:20)
	at com.kms.katalon.core.webui.keyword.builtin.MaximizeWindowKeyword.maximizeWindow(MaximizeWindowKeyword.groovy:74)
	at com.kms.katalon.core.webui.keyword.builtin.MaximizeWindowKeyword.execute(MaximizeWindowKeyword.groovy:69)
	at com.kms.katalon.core.keyword.internal.KeywordExecutor.executeKeywordForPlatform(KeywordExecutor.groovy:56)
	at com.kms.katalon.core.webui.keyword.WebUiBuiltInKeywords.maximizeWindow(WebUiBuiltInKeywords.groovy:279)
	at com.kms.katalon.core.webui.keyword.WebUiBuiltInKeywords$maximizeWindow$0.call(Unknown Source)
	at Script1552980585608.run(Script1552980585608.groovy:18)
	at com.kms.katalon.core.main.ScriptEngine.run(ScriptEngine.java:194)
	at com.kms.katalon.core.main.ScriptEngine.runScriptAsRawText(ScriptEngine.java:119)
	at com.kms.katalon.core.main.TestCaseExecutor.runScript(TestCaseExecutor.java:331)
	at com.kms.katalon.core.main.TestCaseExecutor.doExecute(TestCaseExecutor.java:322)
	at com.kms.katalon.core.main.TestCaseExecutor.processExecutionPhase(TestCaseExecutor.java:301)
	at com.kms.katalon.core.main.TestCaseExecutor.accessMainPhase(TestCaseExecutor.java:293)
	at com.kms.katalon.core.main.TestCaseExecutor.execute(TestCaseExecutor.java:227)
	at com.kms.katalon.core.main.TestCaseMain.runTestCase(TestCaseMain.java:114)
	at com.kms.katalon.core.keyword.builtin.CallTestCaseKeyword$_callTestCase_closure1.doCall(CallTestCaseKeyword.groovy:59)
	at com.kms.katalon.core.keyword.builtin.CallTestCaseKeyword$_callTestCase_closure1.call(CallTestCaseKeyword.groovy)
	at com.kms.katalon.core.keyword.internal.KeywordMain.runKeyword(KeywordMain.groovy:66)
	at com.kms.katalon.core.keyword.builtin.CallTestCaseKeyword.callTestCase(CallTestCaseKeyword.groovy:81)
	at com.kms.katalon.core.keyword.builtin.CallTestCaseKeyword.execute(CallTestCaseKeyword.groovy:44)
	at com.kms.katalon.core.keyword.internal.KeywordExecutor.executeKeywordForPlatform(KeywordExecutor.groovy:56)
	at com.kms.katalon.core.keyword.BuiltinKeywords.callTestCase(BuiltinKeywords.groovy:334)
	at Script1552995995937.run(Script1552995995937.groovy:17)
	... 13 more


2019-04-03 12:18:07 - [TEST_STEP][FAILED] - callTestCase(findTestCase("s-sidebar_navigation/individualAccount/Login_Muzamil"), [:], STOP_ON_FAILURE): callTestCase(findTestCase("s-sidebar_navigation/individualAccount/Login_Muzamil"), [:], STOP_ON_FAILURE) FAILED.
Reason:
com.kms.katalon.core.exception.StepFailedException: Call Test Case 'Test Cases/s-sidebar_navigation/individualAccount/Login_Muzamil' failed
	at com.kms.katalon.core.keyword.builtin.CallTestCaseKeyword$_callTestCase_closure1.doCall(CallTestCaseKeyword.groovy:63)
	at com.kms.katalon.core.keyword.builtin.CallTestCaseKeyword$_callTestCase_closure1.call(CallTestCaseKeyword.groovy)
	at com.kms.katalon.core.keyword.internal.KeywordMain.runKeyword(KeywordMain.groovy:66)
	at com.kms.katalon.core.keyword.builtin.CallTestCaseKeyword.callTestCase(CallTestCaseKeyword.groovy:81)
	at com.kms.katalon.core.keyword.builtin.CallTestCaseKeyword.execute(CallTestCaseKeyword.groovy:44)
	at com.kms.katalon.core.keyword.internal.KeywordExecutor.executeKeywordForPlatform(KeywordExecutor.groovy:56)
	at com.kms.katalon.core.keyword.BuiltinKeywords.callTestCase(BuiltinKeywords.groovy:334)
	at TC1092.run(TC1092:17)
	at com.kms.katalon.core.main.ScriptEngine.run(ScriptEngine.java:194)
	at com.kms.katalon.core.main.ScriptEngine.runScriptAsRawText(ScriptEngine.java:119)
	at com.kms.katalon.core.main.TestCaseExecutor.runScript(TestCaseExecutor.java:331)
	at com.kms.katalon.core.main.TestCaseExecutor.doExecute(TestCaseExecutor.java:322)
	at com.kms.katalon.core.main.TestCaseExecutor.processExecutionPhase(TestCaseExecutor.java:301)
	at com.kms.katalon.core.main.TestCaseExecutor.accessMainPhase(TestCaseExecutor.java:293)
	at com.kms.katalon.core.main.TestCaseExecutor.execute(TestCaseExecutor.java:227)
	at com.kms.katalon.core.main.TestSuiteExecutor.accessTestCaseMainPhase(TestSuiteExecutor.java:129)
	at com.kms.katalon.core.main.TestSuiteExecutor.accessTestSuiteMainPhase(TestSuiteExecutor.java:112)
	at com.kms.katalon.core.main.TestSuiteExecutor.execute(TestSuiteExecutor.java:81)
	at com.kms.katalon.core.main.TestCaseMain.startTestSuite(TestCaseMain.java:157)
	at com.kms.katalon.core.main.TestCaseMain$startTestSuite$0.call(Unknown Source)
	at TempTestSuite1554275422234.run(TempTestSuite1554275422234.groovy:35)
Caused by: com.kms.katalon.core.exception.StepFailedException: Unable to maximize current window
	at com.kms.katalon.core.webui.keyword.internal.WebUIKeywordMain.stepFailed(WebUIKeywordMain.groovy:64)
	at com.kms.katalon.core.webui.keyword.internal.WebUIKeywordMain.runKeyword(WebUIKeywordMain.groovy:26)
	at com.kms.katalon.core.webui.keyword.builtin.MaximizeWindowKeyword.maximizeWindow(MaximizeWindowKeyword.groovy:74)
	at com.kms.katalon.core.webui.keyword.builtin.MaximizeWindowKeyword.execute(MaximizeWindowKeyword.groovy:69)
	at com.kms.katalon.core.keyword.internal.KeywordExecutor.executeKeywordForPlatform(KeywordExecutor.groovy:56)
	at com.kms.katalon.core.webui.keyword.WebUiBuiltInKeywords.maximizeWindow(WebUiBuiltInKeywords.groovy:279)
	at com.kms.katalon.core.webui.keyword.WebUiBuiltInKeywords$maximizeWindow$0.call(Unknown Source)
	at Login_Muzamil.run(Login_Muzamil:18)
	at com.kms.katalon.core.main.ScriptEngine.run(ScriptEngine.java:194)
	at com.kms.katalon.core.main.ScriptEngine.runScriptAsRawText(ScriptEngine.java:119)
	at com.kms.katalon.core.main.TestCaseExecutor.runScript(TestCaseExecutor.java:331)
	at com.kms.katalon.core.main.TestCaseExecutor.doExecute(TestCaseExecutor.java:322)
	at com.kms.katalon.core.main.TestCaseExecutor.processExecutionPhase(TestCaseExecutor.java:301)
	at com.kms.katalon.core.main.TestCaseExecutor.accessMainPhase(TestCaseExecutor.java:293)
	at com.kms.katalon.core.main.TestCaseExecutor.execute(TestCaseExecutor.java:227)
	at com.kms.katalon.core.main.TestCaseMain.runTestCase(TestCaseMain.java:114)
	at com.kms.katalon.core.keyword.builtin.CallTestCaseKeyword$_callTestCase_closure1.doCall(CallTestCaseKeyword.groovy:59)
	... 20 more
Caused by: org.openqa.selenium.WebDriverException: unknown error: failed to change window state to maximized, current state is normal
  (Session info: chrome=73.0.3683.86)
  (Driver info: chromedriver=2.43.600233 (523efee95e3d68b8719b3a1c83051aa63aa6b10d),platform=Linux 4.18.0-16-generic x86_64) (WARNING: The server did not provide any stacktrace information)
Command duration or timeout: 0 milliseconds
Build info: version: '3.7.1', revision: '8a0099a', time: '2017-11-06T21:07:36.161Z'
System info: host: 'cloudkibomuzamil-Precision-T1700', ip: '127.0.1.1', os.name: 'Linux', os.arch: 'amd64', os.version: '4.18.0-16-generic', java.version: '1.8.0_191'
Driver info: com.kms.katalon.selenium.driver.CChromeDriver
Capabilities {acceptInsecureCerts: false, acceptSslCerts: false, applicationCacheEnabled: false, browserConnectionEnabled: false, browserName: chrome, chrome: {chromedriverVersion: 2.43.600233 (523efee95e3d68..., userDataDir: /tmp/.org.chromium.Chromium...}, cssSelectorsEnabled: true, databaseEnabled: false, goog:chromeOptions: {debuggerAddress: localhost:43015}, handlesAlerts: true, hasTouchScreen: false, javascriptEnabled: true, locationContextEnabled: true, mobileEmulationEnabled: false, nativeEvents: true, networkConnectionEnabled: false, pageLoadStrategy: normal, platform: LINUX, platformName: LINUX, rotatable: false, setWindowRect: true, takesHeapSnapshot: true, takesScreenshot: true, unexpectedAlertBehaviour: , unhandledPromptBehavior: , version: 73.0.3683.86, webStorageEnabled: true}
Session ID: 5cc4231a12b43e8bc57999a3481ae46d
	at org.openqa.selenium.remote.ErrorHandler.createThrowable(ErrorHandler.java:214)
	at org.openqa.selenium.remote.ErrorHandler.throwIfResponseFailed(ErrorHandler.java:166)
	at org.openqa.selenium.remote.http.JsonHttpResponseCodec.reconstructValue(JsonHttpResponseCodec.java:40)
	at org.openqa.selenium.remote.http.AbstractHttpResponseCodec.decode(AbstractHttpResponseCodec.java:80)
	at org.openqa.selenium.remote.http.AbstractHttpResponseCodec.decode(AbstractHttpResponseCodec.java:44)
	at org.openqa.selenium.remote.HttpCommandExecutor.execute(HttpCommandExecutor.java:164)
	at org.openqa.selenium.remote.service.DriverCommandExecutor.execute(DriverCommandExecutor.java:83)
	at org.openqa.selenium.remote.RemoteWebDriver.execute(RemoteWebDriver.java:600)
	at com.kms.katalon.selenium.driver.CChromeDriver.execute(CChromeDriver.java:20)
	at org.openqa.selenium.remote.RemoteWebDriver.execute(RemoteWebDriver.java:657)
	at org.openqa.selenium.remote.RemoteWebDriver$RemoteWebDriverOptions$RemoteWindow.maximize(RemoteWebDriver.java:891)
	at com.kms.katalon.core.webui.keyword.builtin.MaximizeWindowKeyword$_maximizeWindow_closure1.doCall(MaximizeWindowKeyword.groovy:85)
	at com.kms.katalon.core.webui.keyword.builtin.MaximizeWindowKeyword$_maximizeWindow_closure1.call(MaximizeWindowKeyword.groovy)
	at com.kms.katalon.core.webui.keyword.internal.WebUIKeywordMain.runKeyword(WebUIKeywordMain.groovy:20)
	at com.kms.katalon.core.webui.keyword.builtin.MaximizeWindowKeyword.maximizeWindow(MaximizeWindowKeyword.groovy:74)
	at com.kms.katalon.core.webui.keyword.builtin.MaximizeWindowKeyword.execute(MaximizeWindowKeyword.groovy:69)
	at com.kms.katalon.core.keyword.internal.KeywordExecutor.executeKeywordForPlatform(KeywordExecutor.groovy:56)
	at com.kms.katalon.core.webui.keyword.WebUiBuiltInKeywords.maximizeWindow(WebUiBuiltInKeywords.groovy:279)
	at com.kms.katalon.core.webui.keyword.WebUiBuiltInKeywords$maximizeWindow$0.call(Unknown Source)
	at Script1552980585608.run(Script1552980585608.groovy:18)
	at com.kms.katalon.core.main.ScriptEngine.run(ScriptEngine.java:194)
	at com.kms.katalon.core.main.ScriptEngine.runScriptAsRawText(ScriptEngine.java:119)
	at com.kms.katalon.core.main.TestCaseExecutor.runScript(TestCaseExecutor.java:331)
	at com.kms.katalon.core.main.TestCaseExecutor.doExecute(TestCaseExecutor.java:322)
	at com.kms.katalon.core.main.TestCaseExecutor.processExecutionPhase(TestCaseExecutor.java:301)
	at com.kms.katalon.core.main.TestCaseExecutor.accessMainPhase(TestCaseExecutor.java:293)
	at com.kms.katalon.core.main.TestCaseExecutor.execute(TestCaseExecutor.java:227)
	at com.kms.katalon.core.main.TestCaseMain.runTestCase(TestCaseMain.java:114)
	at com.kms.katalon.core.keyword.builtin.CallTestCaseKeyword$_callTestCase_closure1.doCall(CallTestCaseKeyword.groovy:59)
	at com.kms.katalon.core.keyword.builtin.CallTestCaseKeyword$_callTestCase_closure1.call(CallTestCaseKeyword.groovy)
	at com.kms.katalon.core.keyword.internal.KeywordMain.runKeyword(KeywordMain.groovy:66)
	at com.kms.katalon.core.keyword.builtin.CallTestCaseKeyword.callTestCase(CallTestCaseKeyword.groovy:81)
	at com.kms.katalon.core.keyword.builtin.CallTestCaseKeyword.execute(CallTestCaseKeyword.groovy:44)
	at com.kms.katalon.core.keyword.internal.KeywordExecutor.executeKeywordForPlatform(KeywordExecutor.groovy:56)
	at com.kms.katalon.core.keyword.BuiltinKeywords.callTestCase(BuiltinKeywords.groovy:334)
	at Script1552995995937.run(Script1552995995937.groovy:17)
	... 13 more


2019-04-03 12:18:07 - [TEST_CASE][FAILED] - Test Cases/s-sidebar_navigation/individualAccount/Login_Muzamil: Test Cases/s-sidebar_navigation/individualAccount/Login_Muzamil FAILED.
Reason:
com.kms.katalon.core.exception.StepFailedException: Unable to maximize current window
	at com.kms.katalon.core.webui.keyword.internal.WebUIKeywordMain.stepFailed(WebUIKeywordMain.groovy:64)
	at com.kms.katalon.core.webui.keyword.internal.WebUIKeywordMain.runKeyword(WebUIKeywordMain.groovy:26)
	at com.kms.katalon.core.webui.keyword.builtin.MaximizeWindowKeyword.maximizeWindow(MaximizeWindowKeyword.groovy:74)
	at com.kms.katalon.core.webui.keyword.builtin.MaximizeWindowKeyword.execute(MaximizeWindowKeyword.groovy:69)
	at com.kms.katalon.core.keyword.internal.KeywordExecutor.executeKeywordForPlatform(KeywordExecutor.groovy:56)
	at com.kms.katalon.core.webui.keyword.WebUiBuiltInKeywords.maximizeWindow(WebUiBuiltInKeywords.groovy:279)
	at com.kms.katalon.core.webui.keyword.WebUiBuiltInKeywords$maximizeWindow$0.call(Unknown Source)
	at Login_Muzamil.run(Login_Muzamil:18)
	at com.kms.katalon.core.main.ScriptEngine.run(ScriptEngine.java:194)
	at com.kms.katalon.core.main.ScriptEngine.runScriptAsRawText(ScriptEngine.java:119)
	at com.kms.katalon.core.main.TestCaseExecutor.runScript(TestCaseExecutor.java:331)
	at com.kms.katalon.core.main.TestCaseExecutor.doExecute(TestCaseExecutor.java:322)
	at com.kms.katalon.core.main.TestCaseExecutor.processExecutionPhase(TestCaseExecutor.java:301)
	at com.kms.katalon.core.main.TestCaseExecutor.accessMainPhase(TestCaseExecutor.java:293)
	at com.kms.katalon.core.main.TestCaseExecutor.execute(TestCaseExecutor.java:227)
	at com.kms.katalon.core.main.TestCaseMain.runTestCase(TestCaseMain.java:114)
	at com.kms.katalon.core.keyword.builtin.CallTestCaseKeyword$_callTestCase_closure1.doCall(CallTestCaseKeyword.groovy:59)
	at com.kms.katalon.core.keyword.builtin.CallTestCaseKeyword$_callTestCase_closure1.call(CallTestCaseKeyword.groovy)
	at com.kms.katalon.core.keyword.internal.KeywordMain.runKeyword(KeywordMain.groovy:66)
	at com.kms.katalon.core.keyword.builtin.CallTestCaseKeyword.callTestCase(CallTestCaseKeyword.groovy:81)
	at com.kms.katalon.core.keyword.builtin.CallTestCaseKeyword.execute(CallTestCaseKeyword.groovy:44)
	at com.kms.katalon.core.keyword.internal.KeywordExecutor.executeKeywordForPlatform(KeywordExecutor.groovy:56)
	at com.kms.katalon.core.keyword.BuiltinKeywords.callTestCase(BuiltinKeywords.groovy:334)
	at TC1092.run(TC1092:17)
	at com.kms.katalon.core.main.ScriptEngine.run(ScriptEngine.java:194)
	at com.kms.katalon.core.main.ScriptEngine.runScriptAsRawText(ScriptEngine.java:119)
	at com.kms.katalon.core.main.TestCaseExecutor.runScript(TestCaseExecutor.java:331)
	at com.kms.katalon.core.main.TestCaseExecutor.doExecute(TestCaseExecutor.java:322)
	at com.kms.katalon.core.main.TestCaseExecutor.processExecutionPhase(TestCaseExecutor.java:301)
	at com.kms.katalon.core.main.TestCaseExecutor.accessMainPhase(TestCaseExecutor.java:293)
	at com.kms.katalon.core.main.TestCaseExecutor.execute(TestCaseExecutor.java:227)
	at com.kms.katalon.core.main.TestSuiteExecutor.accessTestCaseMainPhase(TestSuiteExecutor.java:129)
	at com.kms.katalon.core.main.TestSuiteExecutor.accessTestSuiteMainPhase(TestSuiteExecutor.java:112)
	at com.kms.katalon.core.main.TestSuiteExecutor.execute(TestSuiteExecutor.java:81)
	at com.kms.katalon.core.main.TestCaseMain.startTestSuite(TestCaseMain.java:157)
	at com.kms.katalon.core.main.TestCaseMain$startTestSuite$0.call(Unknown Source)
	at TempTestSuite1554275422234.run(TempTestSuite1554275422234.groovy:35)
Caused by: org.openqa.selenium.WebDriverException: unknown error: failed to change window state to maximized, current state is normal
  (Session info: chrome=73.0.3683.86)
  (Driver info: chromedriver=2.43.600233 (523efee95e3d68b8719b3a1c83051aa63aa6b10d),platform=Linux 4.18.0-16-generic x86_64) (WARNING: The server did not provide any stacktrace information)
Command duration or timeout: 0 milliseconds
Build info: version: '3.7.1', revision: '8a0099a', time: '2017-11-06T21:07:36.161Z'
System info: host: 'cloudkibomuzamil-Precision-T1700', ip: '127.0.1.1', os.name: 'Linux', os.arch: 'amd64', os.version: '4.18.0-16-generic', java.version: '1.8.0_191'
Driver info: com.kms.katalon.selenium.driver.CChromeDriver
Capabilities {acceptInsecureCerts: false, acceptSslCerts: false, applicationCacheEnabled: false, browserConnectionEnabled: false, browserName: chrome, chrome: {chromedriverVersion: 2.43.600233 (523efee95e3d68..., userDataDir: /tmp/.org.chromium.Chromium...}, cssSelectorsEnabled: true, databaseEnabled: false, goog:chromeOptions: {debuggerAddress: localhost:43015}, handlesAlerts: true, hasTouchScreen: false, javascriptEnabled: true, locationContextEnabled: true, mobileEmulationEnabled: false, nativeEvents: true, networkConnectionEnabled: false, pageLoadStrategy: normal, platform: LINUX, platformName: LINUX, rotatable: false, setWindowRect: true, takesHeapSnapshot: true, takesScreenshot: true, unexpectedAlertBehaviour: , unhandledPromptBehavior: , version: 73.0.3683.86, webStorageEnabled: true}
Session ID: 5cc4231a12b43e8bc57999a3481ae46d
	at org.openqa.selenium.remote.ErrorHandler.createThrowable(ErrorHandler.java:214)
	at org.openqa.selenium.remote.ErrorHandler.throwIfResponseFailed(ErrorHandler.java:166)
	at org.openqa.selenium.remote.http.JsonHttpResponseCodec.reconstructValue(JsonHttpResponseCodec.java:40)
	at org.openqa.selenium.remote.http.AbstractHttpResponseCodec.decode(AbstractHttpResponseCodec.java:80)
	at org.openqa.selenium.remote.http.AbstractHttpResponseCodec.decode(AbstractHttpResponseCodec.java:44)
	at org.openqa.selenium.remote.HttpCommandExecutor.execute(HttpCommandExecutor.java:164)
	at org.openqa.selenium.remote.service.DriverCommandExecutor.execute(DriverCommandExecutor.java:83)
	at org.openqa.selenium.remote.RemoteWebDriver.execute(RemoteWebDriver.java:600)
	at com.kms.katalon.selenium.driver.CChromeDriver.execute(CChromeDriver.java:20)
	at org.openqa.selenium.remote.RemoteWebDriver.execute(RemoteWebDriver.java:657)
	at org.openqa.selenium.remote.RemoteWebDriver$RemoteWebDriverOptions$RemoteWindow.maximize(RemoteWebDriver.java:891)
	at com.kms.katalon.core.webui.keyword.builtin.MaximizeWindowKeyword$_maximizeWindow_closure1.doCall(MaximizeWindowKeyword.groovy:85)
	at com.kms.katalon.core.webui.keyword.builtin.MaximizeWindowKeyword$_maximizeWindow_closure1.call(MaximizeWindowKeyword.groovy)
	at com.kms.katalon.core.webui.keyword.internal.WebUIKeywordMain.runKeyword(WebUIKeywordMain.groovy:20)
	at com.kms.katalon.core.webui.keyword.builtin.MaximizeWindowKeyword.maximizeWindow(MaximizeWindowKeyword.groovy:74)
	at com.kms.katalon.core.webui.keyword.builtin.MaximizeWindowKeyword.execute(MaximizeWindowKeyword.groovy:69)
	at com.kms.katalon.core.keyword.internal.KeywordExecutor.executeKeywordForPlatform(KeywordExecutor.groovy:56)
	at com.kms.katalon.core.webui.keyword.WebUiBuiltInKeywords.maximizeWindow(WebUiBuiltInKeywords.groovy:279)
	at com.kms.katalon.core.webui.keyword.WebUiBuiltInKeywords$maximizeWindow$0.call(Unknown Source)
	at Script1552980585608.run(Script1552980585608.groovy:18)
	at com.kms.katalon.core.main.ScriptEngine.run(ScriptEngine.java:194)
	at com.kms.katalon.core.main.ScriptEngine.runScriptAsRawText(ScriptEngine.java:119)
	at com.kms.katalon.core.main.TestCaseExecutor.runScript(TestCaseExecutor.java:331)
	at com.kms.katalon.core.main.TestCaseExecutor.doExecute(TestCaseExecutor.java:322)
	at com.kms.katalon.core.main.TestCaseExecutor.processExecutionPhase(TestCaseExecutor.java:301)
	at com.kms.katalon.core.main.TestCaseExecutor.accessMainPhase(TestCaseExecutor.java:293)
	at com.kms.katalon.core.main.TestCaseExecutor.execute(TestCaseExecutor.java:227)
	at com.kms.katalon.core.main.TestCaseMain.runTestCase(TestCaseMain.java:114)
	at com.kms.katalon.core.keyword.builtin.CallTestCaseKeyword$_callTestCase_closure1.doCall(CallTestCaseKeyword.groovy:59)
	at com.kms.katalon.core.keyword.builtin.CallTestCaseKeyword$_callTestCase_closure1.call(CallTestCaseKeyword.groovy)
	at com.kms.katalon.core.keyword.internal.KeywordMain.runKeyword(KeywordMain.groovy:66)
	at com.kms.katalon.core.keyword.builtin.CallTestCaseKeyword.callTestCase(CallTestCaseKeyword.groovy:81)
	at com.kms.katalon.core.keyword.builtin.CallTestCaseKeyword.execute(CallTestCaseKeyword.groovy:44)
	at com.kms.katalon.core.keyword.internal.KeywordExecutor.executeKeywordForPlatform(KeywordExecutor.groovy:56)
	at com.kms.katalon.core.keyword.BuiltinKeywords.callTestCase(BuiltinKeywords.groovy:334)
	at Script1552995995937.run(Script1552995995937.groovy:17)
	... 13 more


2019-04-03 12:18:07 - [TEST_STEP][PASSED] - openBrowser(""): Browser is opened with url: ''

2019-04-03 12:18:07 - [MESSAGE][WARNING] - A browser is already opened. Closing browser and opening a new one

2019-04-03 12:18:07 - [MESSAGE][INFO] - Starting 'Chrome' driver

2019-04-03 12:18:07 - [MESSAGE][PASSED] - Browser is opened with url: ''

2019-04-03 12:18:07 - [TEST_STEP][FAILED] - maximizeWindow(): maximizeWindow() FAILED.
Reason:
com.kms.katalon.core.exception.StepFailedException: Unable to maximize current window
	at com.kms.katalon.core.webui.keyword.internal.WebUIKeywordMain.stepFailed(WebUIKeywordMain.groovy:64)
	at com.kms.katalon.core.webui.keyword.internal.WebUIKeywordMain.runKeyword(WebUIKeywordMain.groovy:26)
	at com.kms.katalon.core.webui.keyword.builtin.MaximizeWindowKeyword.maximizeWindow(MaximizeWindowKeyword.groovy:74)
	at com.kms.katalon.core.webui.keyword.builtin.MaximizeWindowKeyword.execute(MaximizeWindowKeyword.groovy:69)
	at com.kms.katalon.core.keyword.internal.KeywordExecutor.executeKeywordForPlatform(KeywordExecutor.groovy:56)
	at com.kms.katalon.core.webui.keyword.WebUiBuiltInKeywords.maximizeWindow(WebUiBuiltInKeywords.groovy:279)
	at com.kms.katalon.core.webui.keyword.WebUiBuiltInKeywords$maximizeWindow$0.call(Unknown Source)
	at Login_Muzamil.run(Login_Muzamil:18)
	at com.kms.katalon.core.main.ScriptEngine.run(ScriptEngine.java:194)
	at com.kms.katalon.core.main.ScriptEngine.runScriptAsRawText(ScriptEngine.java:119)
	at com.kms.katalon.core.main.TestCaseExecutor.runScript(TestCaseExecutor.java:331)
	at com.kms.katalon.core.main.TestCaseExecutor.doExecute(TestCaseExecutor.java:322)
	at com.kms.katalon.core.main.TestCaseExecutor.processExecutionPhase(TestCaseExecutor.java:301)
	at com.kms.katalon.core.main.TestCaseExecutor.accessMainPhase(TestCaseExecutor.java:293)
	at com.kms.katalon.core.main.TestCaseExecutor.execute(TestCaseExecutor.java:227)
	at com.kms.katalon.core.main.TestCaseMain.runTestCase(TestCaseMain.java:114)
	at com.kms.katalon.core.keyword.builtin.CallTestCaseKeyword$_callTestCase_closure1.doCall(CallTestCaseKeyword.groovy:59)
	at com.kms.katalon.core.keyword.builtin.CallTestCaseKeyword$_callTestCase_closure1.call(CallTestCaseKeyword.groovy)
	at com.kms.katalon.core.keyword.internal.KeywordMain.runKeyword(KeywordMain.groovy:66)
	at com.kms.katalon.core.keyword.builtin.CallTestCaseKeyword.callTestCase(CallTestCaseKeyword.groovy:81)
	at com.kms.katalon.core.keyword.builtin.CallTestCaseKeyword.execute(CallTestCaseKeyword.groovy:44)
	at com.kms.katalon.core.keyword.internal.KeywordExecutor.executeKeywordForPlatform(KeywordExecutor.groovy:56)
	at com.kms.katalon.core.keyword.BuiltinKeywords.callTestCase(BuiltinKeywords.groovy:334)
	at TC1092.run(TC1092:17)
	at com.kms.katalon.core.main.ScriptEngine.run(ScriptEngine.java:194)
	at com.kms.katalon.core.main.ScriptEngine.runScriptAsRawText(ScriptEngine.java:119)
	at com.kms.katalon.core.main.TestCaseExecutor.runScript(TestCaseExecutor.java:331)
	at com.kms.katalon.core.main.TestCaseExecutor.doExecute(TestCaseExecutor.java:322)
	at com.kms.katalon.core.main.TestCaseExecutor.processExecutionPhase(TestCaseExecutor.java:301)
	at com.kms.katalon.core.main.TestCaseExecutor.accessMainPhase(TestCaseExecutor.java:293)
	at com.kms.katalon.core.main.TestCaseExecutor.execute(TestCaseExecutor.java:227)
	at com.kms.katalon.core.main.TestSuiteExecutor.accessTestCaseMainPhase(TestSuiteExecutor.java:129)
	at com.kms.katalon.core.main.TestSuiteExecutor.accessTestSuiteMainPhase(TestSuiteExecutor.java:112)
	at com.kms.katalon.core.main.TestSuiteExecutor.execute(TestSuiteExecutor.java:81)
	at com.kms.katalon.core.main.TestCaseMain.startTestSuite(TestCaseMain.java:157)
	at com.kms.katalon.core.main.TestCaseMain$startTestSuite$0.call(Unknown Source)
	at TempTestSuite1554275422234.run(TempTestSuite1554275422234.groovy:35)
Caused by: org.openqa.selenium.WebDriverException: unknown error: failed to change window state to maximized, current state is normal
  (Session info: chrome=73.0.3683.86)
  (Driver info: chromedriver=2.43.600233 (523efee95e3d68b8719b3a1c83051aa63aa6b10d),platform=Linux 4.18.0-16-generic x86_64) (WARNING: The server did not provide any stacktrace information)
Command duration or timeout: 0 milliseconds
Build info: version: '3.7.1', revision: '8a0099a', time: '2017-11-06T21:07:36.161Z'
System info: host: 'cloudkibomuzamil-Precision-T1700', ip: '127.0.1.1', os.name: 'Linux', os.arch: 'amd64', os.version: '4.18.0-16-generic', java.version: '1.8.0_191'
Driver info: com.kms.katalon.selenium.driver.CChromeDriver
Capabilities {acceptInsecureCerts: false, acceptSslCerts: false, applicationCacheEnabled: false, browserConnectionEnabled: false, browserName: chrome, chrome: {chromedriverVersion: 2.43.600233 (523efee95e3d68..., userDataDir: /tmp/.org.chromium.Chromium...}, cssSelectorsEnabled: true, databaseEnabled: false, goog:chromeOptions: {debuggerAddress: localhost:43015}, handlesAlerts: true, hasTouchScreen: false, javascriptEnabled: true, locationContextEnabled: true, mobileEmulationEnabled: false, nativeEvents: true, networkConnectionEnabled: false, pageLoadStrategy: normal, platform: LINUX, platformName: LINUX, rotatable: false, setWindowRect: true, takesHeapSnapshot: true, takesScreenshot: true, unexpectedAlertBehaviour: , unhandledPromptBehavior: , version: 73.0.3683.86, webStorageEnabled: true}
Session ID: 5cc4231a12b43e8bc57999a3481ae46d
	at org.openqa.selenium.remote.ErrorHandler.createThrowable(ErrorHandler.java:214)
	at org.openqa.selenium.remote.ErrorHandler.throwIfResponseFailed(ErrorHandler.java:166)
	at org.openqa.selenium.remote.http.JsonHttpResponseCodec.reconstructValue(JsonHttpResponseCodec.java:40)
	at org.openqa.selenium.remote.http.AbstractHttpResponseCodec.decode(AbstractHttpResponseCodec.java:80)
	at org.openqa.selenium.remote.http.AbstractHttpResponseCodec.decode(AbstractHttpResponseCodec.java:44)
	at org.openqa.selenium.remote.HttpCommandExecutor.execute(HttpCommandExecutor.java:164)
	at org.openqa.selenium.remote.service.DriverCommandExecutor.execute(DriverCommandExecutor.java:83)
	at org.openqa.selenium.remote.RemoteWebDriver.execute(RemoteWebDriver.java:600)
	at com.kms.katalon.selenium.driver.CChromeDriver.execute(CChromeDriver.java:20)
	at org.openqa.selenium.remote.RemoteWebDriver.execute(RemoteWebDriver.java:657)
	at org.openqa.selenium.remote.RemoteWebDriver$RemoteWebDriverOptions$RemoteWindow.maximize(RemoteWebDriver.java:891)
	at com.kms.katalon.core.webui.keyword.builtin.MaximizeWindowKeyword$_maximizeWindow_closure1.doCall(MaximizeWindowKeyword.groovy:85)
	at com.kms.katalon.core.webui.keyword.builtin.MaximizeWindowKeyword$_maximizeWindow_closure1.call(MaximizeWindowKeyword.groovy)
	at com.kms.katalon.core.webui.keyword.internal.WebUIKeywordMain.runKeyword(WebUIKeywordMain.groovy:20)
	at com.kms.katalon.core.webui.keyword.builtin.MaximizeWindowKeyword.maximizeWindow(MaximizeWindowKeyword.groovy:74)
	at com.kms.katalon.core.webui.keyword.builtin.MaximizeWindowKeyword.execute(MaximizeWindowKeyword.groovy:69)
	at com.kms.katalon.core.keyword.internal.KeywordExecutor.executeKeywordForPlatform(KeywordExecutor.groovy:56)
	at com.kms.katalon.core.webui.keyword.WebUiBuiltInKeywords.maximizeWindow(WebUiBuiltInKeywords.groovy:279)
	at com.kms.katalon.core.webui.keyword.WebUiBuiltInKeywords$maximizeWindow$0.call(Unknown Source)
	at Script1552980585608.run(Script1552980585608.groovy:18)
	at com.kms.katalon.core.main.ScriptEngine.run(ScriptEngine.java:194)
	at com.kms.katalon.core.main.ScriptEngine.runScriptAsRawText(ScriptEngine.java:119)
	at com.kms.katalon.core.main.TestCaseExecutor.runScript(TestCaseExecutor.java:331)
	at com.kms.katalon.core.main.TestCaseExecutor.doExecute(TestCaseExecutor.java:322)
	at com.kms.katalon.core.main.TestCaseExecutor.processExecutionPhase(TestCaseExecutor.java:301)
	at com.kms.katalon.core.main.TestCaseExecutor.accessMainPhase(TestCaseExecutor.java:293)
	at com.kms.katalon.core.main.TestCaseExecutor.execute(TestCaseExecutor.java:227)
	at com.kms.katalon.core.main.TestCaseMain.runTestCase(TestCaseMain.java:114)
	at com.kms.katalon.core.keyword.builtin.CallTestCaseKeyword$_callTestCase_closure1.doCall(CallTestCaseKeyword.groovy:59)
	at com.kms.katalon.core.keyword.builtin.CallTestCaseKeyword$_callTestCase_closure1.call(CallTestCaseKeyword.groovy)
	at com.kms.katalon.core.keyword.internal.KeywordMain.runKeyword(KeywordMain.groovy:66)
	at com.kms.katalon.core.keyword.builtin.CallTestCaseKeyword.callTestCase(CallTestCaseKeyword.groovy:81)
	at com.kms.katalon.core.keyword.builtin.CallTestCaseKeyword.execute(CallTestCaseKeyword.groovy:44)
	at com.kms.katalon.core.keyword.internal.KeywordExecutor.executeKeywordForPlatform(KeywordExecutor.groovy:56)
	at com.kms.katalon.core.keyword.BuiltinKeywords.callTestCase(BuiltinKeywords.groovy:334)
	at Script1552995995937.run(Script1552995995937.groovy:17)
	... 13 more


2019-04-03 12:18:08 - [MESSAGE][FAILED] - Unable to maximize current window (Root cause: com.kms.katalon.core.exception.StepFailedException: Unable to maximize current window
	at com.kms.katalon.core.webui.keyword.internal.WebUIKeywordMain.stepFailed(WebUIKeywordMain.groovy:64)
	at com.kms.katalon.core.webui.keyword.internal.WebUIKeywordMain.runKeyword(WebUIKeywordMain.groovy:26)
	at com.kms.katalon.core.webui.keyword.builtin.MaximizeWindowKeyword.maximizeWindow(MaximizeWindowKeyword.groovy:74)
	at com.kms.katalon.core.webui.keyword.builtin.MaximizeWindowKeyword.execute(MaximizeWindowKeyword.groovy:69)
	at com.kms.katalon.core.keyword.internal.KeywordExecutor.executeKeywordForPlatform(KeywordExecutor.groovy:56)
	at com.kms.katalon.core.webui.keyword.WebUiBuiltInKeywords.maximizeWindow(WebUiBuiltInKeywords.groovy:279)
	at com.kms.katalon.core.webui.keyword.WebUiBuiltInKeywords$maximizeWindow$0.call(Unknown Source)
	at Login_Muzamil.run(Login_Muzamil:18)
	at com.kms.katalon.core.main.ScriptEngine.run(ScriptEngine.java:194)
	at com.kms.katalon.core.main.ScriptEngine.runScriptAsRawText(ScriptEngine.java:119)
	at com.kms.katalon.core.main.TestCaseExecutor.runScript(TestCaseExecutor.java:331)
	at com.kms.katalon.core.main.TestCaseExecutor.doExecute(TestCaseExecutor.java:322)
	at com.kms.katalon.core.main.TestCaseExecutor.processExecutionPhase(TestCaseExecutor.java:301)
	at com.kms.katalon.core.main.TestCaseExecutor.accessMainPhase(TestCaseExecutor.java:293)
	at com.kms.katalon.core.main.TestCaseExecutor.execute(TestCaseExecutor.java:227)
	at com.kms.katalon.core.main.TestCaseMain.runTestCase(TestCaseMain.java:114)
	at com.kms.katalon.core.keyword.builtin.CallTestCaseKeyword$_callTestCase_closure1.doCall(CallTestCaseKeyword.groovy:59)
	at com.kms.katalon.core.keyword.builtin.CallTestCaseKeyword$_callTestCase_closure1.call(CallTestCaseKeyword.groovy)
	at com.kms.katalon.core.keyword.internal.KeywordMain.runKeyword(KeywordMain.groovy:66)
	at com.kms.katalon.core.keyword.builtin.CallTestCaseKeyword.callTestCase(CallTestCaseKeyword.groovy:81)
	at com.kms.katalon.core.keyword.builtin.CallTestCaseKeyword.execute(CallTestCaseKeyword.groovy:44)
	at com.kms.katalon.core.keyword.internal.KeywordExecutor.executeKeywordForPlatform(KeywordExecutor.groovy:56)
	at com.kms.katalon.core.keyword.BuiltinKeywords.callTestCase(BuiltinKeywords.groovy:334)
	at TC1092.run(TC1092:17)
	at com.kms.katalon.core.main.ScriptEngine.run(ScriptEngine.java:194)
	at com.kms.katalon.core.main.ScriptEngine.runScriptAsRawText(ScriptEngine.java:119)
	at com.kms.katalon.core.main.TestCaseExecutor.runScript(TestCaseExecutor.java:331)
	at com.kms.katalon.core.main.TestCaseExecutor.doExecute(TestCaseExecutor.java:322)
	at com.kms.katalon.core.main.TestCaseExecutor.processExecutionPhase(TestCaseExecutor.java:301)
	at com.kms.katalon.core.main.TestCaseExecutor.accessMainPhase(TestCaseExecutor.java:293)
	at com.kms.katalon.core.main.TestCaseExecutor.execute(TestCaseExecutor.java:227)
	at com.kms.katalon.core.main.TestSuiteExecutor.accessTestCaseMainPhase(TestSuiteExecutor.java:129)
	at com.kms.katalon.core.main.TestSuiteExecutor.accessTestSuiteMainPhase(TestSuiteExecutor.java:112)
	at com.kms.katalon.core.main.TestSuiteExecutor.execute(TestSuiteExecutor.java:81)
	at com.kms.katalon.core.main.TestCaseMain.startTestSuite(TestCaseMain.java:157)
	at com.kms.katalon.core.main.TestCaseMain$startTestSuite$0.call(Unknown Source)
	at TempTestSuite1554275422234.run(TempTestSuite1554275422234.groovy:35)
Caused by: org.openqa.selenium.WebDriverException: unknown error: failed to change window state to maximized, current state is normal
  (Session info: chrome=73.0.3683.86)
  (Driver info: chromedriver=2.43.600233 (523efee95e3d68b8719b3a1c83051aa63aa6b10d),platform=Linux 4.18.0-16-generic x86_64) (WARNING: The server did not provide any stacktrace information)
Command duration or timeout: 0 milliseconds
Build info: version: '3.7.1', revision: '8a0099a', time: '2017-11-06T21:07:36.161Z'
System info: host: 'cloudkibomuzamil-Precision-T1700', ip: '127.0.1.1', os.name: 'Linux', os.arch: 'amd64', os.version: '4.18.0-16-generic', java.version: '1.8.0_191'
Driver info: com.kms.katalon.selenium.driver.CChromeDriver
Capabilities {acceptInsecureCerts: false, acceptSslCerts: false, applicationCacheEnabled: false, browserConnectionEnabled: false, browserName: chrome, chrome: {chromedriverVersion: 2.43.600233 (523efee95e3d68..., userDataDir: /tmp/.org.chromium.Chromium...}, cssSelectorsEnabled: true, databaseEnabled: false, goog:chromeOptions: {debuggerAddress: localhost:43015}, handlesAlerts: true, hasTouchScreen: false, javascriptEnabled: true, locationContextEnabled: true, mobileEmulationEnabled: false, nativeEvents: true, networkConnectionEnabled: false, pageLoadStrategy: normal, platform: LINUX, platformName: LINUX, rotatable: false, setWindowRect: true, takesHeapSnapshot: true, takesScreenshot: true, unexpectedAlertBehaviour: , unhandledPromptBehavior: , version: 73.0.3683.86, webStorageEnabled: true}
Session ID: 5cc4231a12b43e8bc57999a3481ae46d
	at org.openqa.selenium.remote.ErrorHandler.createThrowable(ErrorHandler.java:214)
	at org.openqa.selenium.remote.ErrorHandler.throwIfResponseFailed(ErrorHandler.java:166)
	at org.openqa.selenium.remote.http.JsonHttpResponseCodec.reconstructValue(JsonHttpResponseCodec.java:40)
	at org.openqa.selenium.remote.http.AbstractHttpResponseCodec.decode(AbstractHttpResponseCodec.java:80)
	at org.openqa.selenium.remote.http.AbstractHttpResponseCodec.decode(AbstractHttpResponseCodec.java:44)
	at org.openqa.selenium.remote.HttpCommandExecutor.execute(HttpCommandExecutor.java:164)
	at org.openqa.selenium.remote.service.DriverCommandExecutor.execute(DriverCommandExecutor.java:83)
	at org.openqa.selenium.remote.RemoteWebDriver.execute(RemoteWebDriver.java:600)
	at com.kms.katalon.selenium.driver.CChromeDriver.execute(CChromeDriver.java:20)
	at org.openqa.selenium.remote.RemoteWebDriver.execute(RemoteWebDriver.java:657)
	at org.openqa.selenium.remote.RemoteWebDriver$RemoteWebDriverOptions$RemoteWindow.maximize(RemoteWebDriver.java:891)
	at com.kms.katalon.core.webui.keyword.builtin.MaximizeWindowKeyword$_maximizeWindow_closure1.doCall(MaximizeWindowKeyword.groovy:85)
	at com.kms.katalon.core.webui.keyword.builtin.MaximizeWindowKeyword$_maximizeWindow_closure1.call(MaximizeWindowKeyword.groovy)
	at com.kms.katalon.core.webui.keyword.internal.WebUIKeywordMain.runKeyword(WebUIKeywordMain.groovy:20)
	at com.kms.katalon.core.webui.keyword.builtin.MaximizeWindowKeyword.maximizeWindow(MaximizeWindowKeyword.groovy:74)
	at com.kms.katalon.core.webui.keyword.builtin.MaximizeWindowKeyword.execute(MaximizeWindowKeyword.groovy:69)
	at com.kms.katalon.core.keyword.internal.KeywordExecutor.executeKeywordForPlatform(KeywordExecutor.groovy:56)
	at com.kms.katalon.core.webui.keyword.WebUiBuiltInKeywords.maximizeWindow(WebUiBuiltInKeywords.groovy:279)
	at com.kms.katalon.core.webui.keyword.WebUiBuiltInKeywords$maximizeWindow$0.call(Unknown Source)
	at Script1552980585608.run(Script1552980585608.groovy:18)
	at com.kms.katalon.core.main.ScriptEngine.run(ScriptEngine.java:194)
	at com.kms.katalon.core.main.ScriptEngine.runScriptAsRawText(ScriptEngine.java:119)
	at com.kms.katalon.core.main.TestCaseExecutor.runScript(TestCaseExecutor.java:331)
	at com.kms.katalon.core.main.TestCaseExecutor.doExecute(TestCaseExecutor.java:322)
	at com.kms.katalon.core.main.TestCaseExecutor.processExecutionPhase(TestCaseExecutor.java:301)
	at com.kms.katalon.core.main.TestCaseExecutor.accessMainPhase(TestCaseExecutor.java:293)
	at com.kms.katalon.core.main.TestCaseExecutor.execute(TestCaseExecutor.java:227)
	at com.kms.katalon.core.main.TestCaseMain.runTestCase(TestCaseMain.java:114)
	at com.kms.katalon.core.keyword.builtin.CallTestCaseKeyword$_callTestCase_closure1.doCall(CallTestCaseKeyword.groovy:59)
	at com.kms.katalon.core.keyword.builtin.CallTestCaseKeyword$_callTestCase_closure1.call(CallTestCaseKeyword.groovy)
	at com.kms.katalon.core.keyword.internal.KeywordMain.runKeyword(KeywordMain.groovy:66)
	at com.kms.katalon.core.keyword.builtin.CallTestCaseKeyword.callTestCase(CallTestCaseKeyword.groovy:81)
	at com.kms.katalon.core.keyword.builtin.CallTestCaseKeyword.execute(CallTestCaseKeyword.groovy:44)
	at com.kms.katalon.core.keyword.internal.KeywordExecutor.executeKeywordForPlatform(KeywordExecutor.groovy:56)
	at com.kms.katalon.core.keyword.BuiltinKeywords.callTestCase(BuiltinKeywords.groovy:334)
	at Script1552995995937.run(Script1552995995937.groovy:17)
	... 13 more
)
[[ATTACHMENT|/home/cloudkibo-muzamil/Downloads/Test cases/production/KiboPush/Reports/Webview/20190403_121022/1554275887858.png]]

2019-04-03 12:18:08 - [MESSAGE][FAILED] - maximizeWindow() FAILED.
Reason:
com.kms.katalon.core.exception.StepFailedException: Unable to maximize current window
	at com.kms.katalon.core.webui.keyword.internal.WebUIKeywordMain.stepFailed(WebUIKeywordMain.groovy:64)
	at com.kms.katalon.core.webui.keyword.internal.WebUIKeywordMain.runKeyword(WebUIKeywordMain.groovy:26)
	at com.kms.katalon.core.webui.keyword.builtin.MaximizeWindowKeyword.maximizeWindow(MaximizeWindowKeyword.groovy:74)
	at com.kms.katalon.core.webui.keyword.builtin.MaximizeWindowKeyword.execute(MaximizeWindowKeyword.groovy:69)
	at com.kms.katalon.core.keyword.internal.KeywordExecutor.executeKeywordForPlatform(KeywordExecutor.groovy:56)
	at com.kms.katalon.core.webui.keyword.WebUiBuiltInKeywords.maximizeWindow(WebUiBuiltInKeywords.groovy:279)
	at com.kms.katalon.core.webui.keyword.WebUiBuiltInKeywords$maximizeWindow$0.call(Unknown Source)
	at Login_Muzamil.run(Login_Muzamil:18)
	at com.kms.katalon.core.main.ScriptEngine.run(ScriptEngine.java:194)
	at com.kms.katalon.core.main.ScriptEngine.runScriptAsRawText(ScriptEngine.java:119)
	at com.kms.katalon.core.main.TestCaseExecutor.runScript(TestCaseExecutor.java:331)
	at com.kms.katalon.core.main.TestCaseExecutor.doExecute(TestCaseExecutor.java:322)
	at com.kms.katalon.core.main.TestCaseExecutor.processExecutionPhase(TestCaseExecutor.java:301)
	at com.kms.katalon.core.main.TestCaseExecutor.accessMainPhase(TestCaseExecutor.java:293)
	at com.kms.katalon.core.main.TestCaseExecutor.execute(TestCaseExecutor.java:227)
	at com.kms.katalon.core.main.TestCaseMain.runTestCase(TestCaseMain.java:114)
	at com.kms.katalon.core.keyword.builtin.CallTestCaseKeyword$_callTestCase_closure1.doCall(CallTestCaseKeyword.groovy:59)
	at com.kms.katalon.core.keyword.builtin.CallTestCaseKeyword$_callTestCase_closure1.call(CallTestCaseKeyword.groovy)
	at com.kms.katalon.core.keyword.internal.KeywordMain.runKeyword(KeywordMain.groovy:66)
	at com.kms.katalon.core.keyword.builtin.CallTestCaseKeyword.callTestCase(CallTestCaseKeyword.groovy:81)
	at com.kms.katalon.core.keyword.builtin.CallTestCaseKeyword.execute(CallTestCaseKeyword.groovy:44)
	at com.kms.katalon.core.keyword.internal.KeywordExecutor.executeKeywordForPlatform(KeywordExecutor.groovy:56)
	at com.kms.katalon.core.keyword.BuiltinKeywords.callTestCase(BuiltinKeywords.groovy:334)
	at TC1092.run(TC1092:17)
	at com.kms.katalon.core.main.ScriptEngine.run(ScriptEngine.java:194)
	at com.kms.katalon.core.main.ScriptEngine.runScriptAsRawText(ScriptEngine.java:119)
	at com.kms.katalon.core.main.TestCaseExecutor.runScript(TestCaseExecutor.java:331)
	at com.kms.katalon.core.main.TestCaseExecutor.doExecute(TestCaseExecutor.java:322)
	at com.kms.katalon.core.main.TestCaseExecutor.processExecutionPhase(TestCaseExecutor.java:301)
	at com.kms.katalon.core.main.TestCaseExecutor.accessMainPhase(TestCaseExecutor.java:293)
	at com.kms.katalon.core.main.TestCaseExecutor.execute(TestCaseExecutor.java:227)
	at com.kms.katalon.core.main.TestSuiteExecutor.accessTestCaseMainPhase(TestSuiteExecutor.java:129)
	at com.kms.katalon.core.main.TestSuiteExecutor.accessTestSuiteMainPhase(TestSuiteExecutor.java:112)
	at com.kms.katalon.core.main.TestSuiteExecutor.execute(TestSuiteExecutor.java:81)
	at com.kms.katalon.core.main.TestCaseMain.startTestSuite(TestCaseMain.java:157)
	at com.kms.katalon.core.main.TestCaseMain$startTestSuite$0.call(Unknown Source)
	at TempTestSuite1554275422234.run(TempTestSuite1554275422234.groovy:35)
Caused by: org.openqa.selenium.WebDriverException: unknown error: failed to change window state to maximized, current state is normal
  (Session info: chrome=73.0.3683.86)
  (Driver info: chromedriver=2.43.600233 (523efee95e3d68b8719b3a1c83051aa63aa6b10d),platform=Linux 4.18.0-16-generic x86_64) (WARNING: The server did not provide any stacktrace information)
Command duration or timeout: 0 milliseconds
Build info: version: '3.7.1', revision: '8a0099a', time: '2017-11-06T21:07:36.161Z'
System info: host: 'cloudkibomuzamil-Precision-T1700', ip: '127.0.1.1', os.name: 'Linux', os.arch: 'amd64', os.version: '4.18.0-16-generic', java.version: '1.8.0_191'
Driver info: com.kms.katalon.selenium.driver.CChromeDriver
Capabilities {acceptInsecureCerts: false, acceptSslCerts: false, applicationCacheEnabled: false, browserConnectionEnabled: false, browserName: chrome, chrome: {chromedriverVersion: 2.43.600233 (523efee95e3d68..., userDataDir: /tmp/.org.chromium.Chromium...}, cssSelectorsEnabled: true, databaseEnabled: false, goog:chromeOptions: {debuggerAddress: localhost:43015}, handlesAlerts: true, hasTouchScreen: false, javascriptEnabled: true, locationContextEnabled: true, mobileEmulationEnabled: false, nativeEvents: true, networkConnectionEnabled: false, pageLoadStrategy: normal, platform: LINUX, platformName: LINUX, rotatable: false, setWindowRect: true, takesHeapSnapshot: true, takesScreenshot: true, unexpectedAlertBehaviour: , unhandledPromptBehavior: , version: 73.0.3683.86, webStorageEnabled: true}
Session ID: 5cc4231a12b43e8bc57999a3481ae46d
	at org.openqa.selenium.remote.ErrorHandler.createThrowable(ErrorHandler.java:214)
	at org.openqa.selenium.remote.ErrorHandler.throwIfResponseFailed(ErrorHandler.java:166)
	at org.openqa.selenium.remote.http.JsonHttpResponseCodec.reconstructValue(JsonHttpResponseCodec.java:40)
	at org.openqa.selenium.remote.http.AbstractHttpResponseCodec.decode(AbstractHttpResponseCodec.java:80)
	at org.openqa.selenium.remote.http.AbstractHttpResponseCodec.decode(AbstractHttpResponseCodec.java:44)
	at org.openqa.selenium.remote.HttpCommandExecutor.execute(HttpCommandExecutor.java:164)
	at org.openqa.selenium.remote.service.DriverCommandExecutor.execute(DriverCommandExecutor.java:83)
	at org.openqa.selenium.remote.RemoteWebDriver.execute(RemoteWebDriver.java:600)
	at com.kms.katalon.selenium.driver.CChromeDriver.execute(CChromeDriver.java:20)
	at org.openqa.selenium.remote.RemoteWebDriver.execute(RemoteWebDriver.java:657)
	at org.openqa.selenium.remote.RemoteWebDriver$RemoteWebDriverOptions$RemoteWindow.maximize(RemoteWebDriver.java:891)
	at com.kms.katalon.core.webui.keyword.builtin.MaximizeWindowKeyword$_maximizeWindow_closure1.doCall(MaximizeWindowKeyword.groovy:85)
	at com.kms.katalon.core.webui.keyword.builtin.MaximizeWindowKeyword$_maximizeWindow_closure1.call(MaximizeWindowKeyword.groovy)
	at com.kms.katalon.core.webui.keyword.internal.WebUIKeywordMain.runKeyword(WebUIKeywordMain.groovy:20)
	at com.kms.katalon.core.webui.keyword.builtin.MaximizeWindowKeyword.maximizeWindow(MaximizeWindowKeyword.groovy:74)
	at com.kms.katalon.core.webui.keyword.builtin.MaximizeWindowKeyword.execute(MaximizeWindowKeyword.groovy:69)
	at com.kms.katalon.core.keyword.internal.KeywordExecutor.executeKeywordForPlatform(KeywordExecutor.groovy:56)
	at com.kms.katalon.core.webui.keyword.WebUiBuiltInKeywords.maximizeWindow(WebUiBuiltInKeywords.groovy:279)
	at com.kms.katalon.core.webui.keyword.WebUiBuiltInKeywords$maximizeWindow$0.call(Unknown Source)
	at Script1552980585608.run(Script1552980585608.groovy:18)
	at com.kms.katalon.core.main.ScriptEngine.run(ScriptEngine.java:194)
	at com.kms.katalon.core.main.ScriptEngine.runScriptAsRawText(ScriptEngine.java:119)
	at com.kms.katalon.core.main.TestCaseExecutor.runScript(TestCaseExecutor.java:331)
	at com.kms.katalon.core.main.TestCaseExecutor.doExecute(TestCaseExecutor.java:322)
	at com.kms.katalon.core.main.TestCaseExecutor.processExecutionPhase(TestCaseExecutor.java:301)
	at com.kms.katalon.core.main.TestCaseExecutor.accessMainPhase(TestCaseExecutor.java:293)
	at com.kms.katalon.core.main.TestCaseExecutor.execute(TestCaseExecutor.java:227)
	at com.kms.katalon.core.main.TestCaseMain.runTestCase(TestCaseMain.java:114)
	at com.kms.katalon.core.keyword.builtin.CallTestCaseKeyword$_callTestCase_closure1.doCall(CallTestCaseKeyword.groovy:59)
	at com.kms.katalon.core.keyword.builtin.CallTestCaseKeyword$_callTestCase_closure1.call(CallTestCaseKeyword.groovy)
	at com.kms.katalon.core.keyword.internal.KeywordMain.runKeyword(KeywordMain.groovy:66)
	at com.kms.katalon.core.keyword.builtin.CallTestCaseKeyword.callTestCase(CallTestCaseKeyword.groovy:81)
	at com.kms.katalon.core.keyword.builtin.CallTestCaseKeyword.execute(CallTestCaseKeyword.groovy:44)
	at com.kms.katalon.core.keyword.internal.KeywordExecutor.executeKeywordForPlatform(KeywordExecutor.groovy:56)
	at com.kms.katalon.core.keyword.BuiltinKeywords.callTestCase(BuiltinKeywords.groovy:334)
	at Script1552995995937.run(Script1552995995937.groovy:17)
	... 13 more


2019-04-03 12:18:08 - [MESSAGE][FAILED] - Unable to call Test Case 'Test Cases/s-sidebar_navigation/individualAccount/Login_Muzamil' (Root cause: com.kms.katalon.core.exception.StepFailedException: Call Test Case 'Test Cases/s-sidebar_navigation/individualAccount/Login_Muzamil' failed
	at com.kms.katalon.core.keyword.builtin.CallTestCaseKeyword$_callTestCase_closure1.doCall(CallTestCaseKeyword.groovy:63)
	at com.kms.katalon.core.keyword.builtin.CallTestCaseKeyword$_callTestCase_closure1.call(CallTestCaseKeyword.groovy)
	at com.kms.katalon.core.keyword.internal.KeywordMain.runKeyword(KeywordMain.groovy:66)
	at com.kms.katalon.core.keyword.builtin.CallTestCaseKeyword.callTestCase(CallTestCaseKeyword.groovy:81)
	at com.kms.katalon.core.keyword.builtin.CallTestCaseKeyword.execute(CallTestCaseKeyword.groovy:44)
	at com.kms.katalon.core.keyword.internal.KeywordExecutor.executeKeywordForPlatform(KeywordExecutor.groovy:56)
	at com.kms.katalon.core.keyword.BuiltinKeywords.callTestCase(BuiltinKeywords.groovy:334)
	at TC1092.run(TC1092:17)
	at com.kms.katalon.core.main.ScriptEngine.run(ScriptEngine.java:194)
	at com.kms.katalon.core.main.ScriptEngine.runScriptAsRawText(ScriptEngine.java:119)
	at com.kms.katalon.core.main.TestCaseExecutor.runScript(TestCaseExecutor.java:331)
	at com.kms.katalon.core.main.TestCaseExecutor.doExecute(TestCaseExecutor.java:322)
	at com.kms.katalon.core.main.TestCaseExecutor.processExecutionPhase(TestCaseExecutor.java:301)
	at com.kms.katalon.core.main.TestCaseExecutor.accessMainPhase(TestCaseExecutor.java:293)
	at com.kms.katalon.core.main.TestCaseExecutor.execute(TestCaseExecutor.java:227)
	at com.kms.katalon.core.main.TestSuiteExecutor.accessTestCaseMainPhase(TestSuiteExecutor.java:129)
	at com.kms.katalon.core.main.TestSuiteExecutor.accessTestSuiteMainPhase(TestSuiteExecutor.java:112)
	at com.kms.katalon.core.main.TestSuiteExecutor.execute(TestSuiteExecutor.java:81)
	at com.kms.katalon.core.main.TestCaseMain.startTestSuite(TestCaseMain.java:157)
	at com.kms.katalon.core.main.TestCaseMain$startTestSuite$0.call(Unknown Source)
	at TempTestSuite1554275422234.run(TempTestSuite1554275422234.groovy:35)
Caused by: com.kms.katalon.core.exception.StepFailedException: Unable to maximize current window
	at com.kms.katalon.core.webui.keyword.internal.WebUIKeywordMain.stepFailed(WebUIKeywordMain.groovy:64)
	at com.kms.katalon.core.webui.keyword.internal.WebUIKeywordMain.runKeyword(WebUIKeywordMain.groovy:26)
	at com.kms.katalon.core.webui.keyword.builtin.MaximizeWindowKeyword.maximizeWindow(MaximizeWindowKeyword.groovy:74)
	at com.kms.katalon.core.webui.keyword.builtin.MaximizeWindowKeyword.execute(MaximizeWindowKeyword.groovy:69)
	at com.kms.katalon.core.keyword.internal.KeywordExecutor.executeKeywordForPlatform(KeywordExecutor.groovy:56)
	at com.kms.katalon.core.webui.keyword.WebUiBuiltInKeywords.maximizeWindow(WebUiBuiltInKeywords.groovy:279)
	at com.kms.katalon.core.webui.keyword.WebUiBuiltInKeywords$maximizeWindow$0.call(Unknown Source)
	at Login_Muzamil.run(Login_Muzamil:18)
	at com.kms.katalon.core.main.ScriptEngine.run(ScriptEngine.java:194)
	at com.kms.katalon.core.main.ScriptEngine.runScriptAsRawText(ScriptEngine.java:119)
	at com.kms.katalon.core.main.TestCaseExecutor.runScript(TestCaseExecutor.java:331)
	at com.kms.katalon.core.main.TestCaseExecutor.doExecute(TestCaseExecutor.java:322)
	at com.kms.katalon.core.main.TestCaseExecutor.processExecutionPhase(TestCaseExecutor.java:301)
	at com.kms.katalon.core.main.TestCaseExecutor.accessMainPhase(TestCaseExecutor.java:293)
	at com.kms.katalon.core.main.TestCaseExecutor.execute(TestCaseExecutor.java:227)
	at com.kms.katalon.core.main.TestCaseMain.runTestCase(TestCaseMain.java:114)
	at com.kms.katalon.core.keyword.builtin.CallTestCaseKeyword$_callTestCase_closure1.doCall(CallTestCaseKeyword.groovy:59)
	... 20 more
Caused by: org.openqa.selenium.WebDriverException: unknown error: failed to change window state to maximized, current state is normal
  (Session info: chrome=73.0.3683.86)
  (Driver info: chromedriver=2.43.600233 (523efee95e3d68b8719b3a1c83051aa63aa6b10d),platform=Linux 4.18.0-16-generic x86_64) (WARNING: The server did not provide any stacktrace information)
Command duration or timeout: 0 milliseconds
Build info: version: '3.7.1', revision: '8a0099a', time: '2017-11-06T21:07:36.161Z'
System info: host: 'cloudkibomuzamil-Precision-T1700', ip: '127.0.1.1', os.name: 'Linux', os.arch: 'amd64', os.version: '4.18.0-16-generic', java.version: '1.8.0_191'
Driver info: com.kms.katalon.selenium.driver.CChromeDriver
Capabilities {acceptInsecureCerts: false, acceptSslCerts: false, applicationCacheEnabled: false, browserConnectionEnabled: false, browserName: chrome, chrome: {chromedriverVersion: 2.43.600233 (523efee95e3d68..., userDataDir: /tmp/.org.chromium.Chromium...}, cssSelectorsEnabled: true, databaseEnabled: false, goog:chromeOptions: {debuggerAddress: localhost:43015}, handlesAlerts: true, hasTouchScreen: false, javascriptEnabled: true, locationContextEnabled: true, mobileEmulationEnabled: false, nativeEvents: true, networkConnectionEnabled: false, pageLoadStrategy: normal, platform: LINUX, platformName: LINUX, rotatable: false, setWindowRect: true, takesHeapSnapshot: true, takesScreenshot: true, unexpectedAlertBehaviour: , unhandledPromptBehavior: , version: 73.0.3683.86, webStorageEnabled: true}
Session ID: 5cc4231a12b43e8bc57999a3481ae46d
	at org.openqa.selenium.remote.ErrorHandler.createThrowable(ErrorHandler.java:214)
	at org.openqa.selenium.remote.ErrorHandler.throwIfResponseFailed(ErrorHandler.java:166)
	at org.openqa.selenium.remote.http.JsonHttpResponseCodec.reconstructValue(JsonHttpResponseCodec.java:40)
	at org.openqa.selenium.remote.http.AbstractHttpResponseCodec.decode(AbstractHttpResponseCodec.java:80)
	at org.openqa.selenium.remote.http.AbstractHttpResponseCodec.decode(AbstractHttpResponseCodec.java:44)
	at org.openqa.selenium.remote.HttpCommandExecutor.execute(HttpCommandExecutor.java:164)
	at org.openqa.selenium.remote.service.DriverCommandExecutor.execute(DriverCommandExecutor.java:83)
	at org.openqa.selenium.remote.RemoteWebDriver.execute(RemoteWebDriver.java:600)
	at com.kms.katalon.selenium.driver.CChromeDriver.execute(CChromeDriver.java:20)
	at org.openqa.selenium.remote.RemoteWebDriver.execute(RemoteWebDriver.java:657)
	at org.openqa.selenium.remote.RemoteWebDriver$RemoteWebDriverOptions$RemoteWindow.maximize(RemoteWebDriver.java:891)
	at com.kms.katalon.core.webui.keyword.builtin.MaximizeWindowKeyword$_maximizeWindow_closure1.doCall(MaximizeWindowKeyword.groovy:85)
	at com.kms.katalon.core.webui.keyword.builtin.MaximizeWindowKeyword$_maximizeWindow_closure1.call(MaximizeWindowKeyword.groovy)
	at com.kms.katalon.core.webui.keyword.internal.WebUIKeywordMain.runKeyword(WebUIKeywordMain.groovy:20)
	at com.kms.katalon.core.webui.keyword.builtin.MaximizeWindowKeyword.maximizeWindow(MaximizeWindowKeyword.groovy:74)
	at com.kms.katalon.core.webui.keyword.builtin.MaximizeWindowKeyword.execute(MaximizeWindowKeyword.groovy:69)
	at com.kms.katalon.core.keyword.internal.KeywordExecutor.executeKeywordForPlatform(KeywordExecutor.groovy:56)
	at com.kms.katalon.core.webui.keyword.WebUiBuiltInKeywords.maximizeWindow(WebUiBuiltInKeywords.groovy:279)
	at com.kms.katalon.core.webui.keyword.WebUiBuiltInKeywords$maximizeWindow$0.call(Unknown Source)
	at Script1552980585608.run(Script1552980585608.groovy:18)
	at com.kms.katalon.core.main.ScriptEngine.run(ScriptEngine.java:194)
	at com.kms.katalon.core.main.ScriptEngine.runScriptAsRawText(ScriptEngine.java:119)
	at com.kms.katalon.core.main.TestCaseExecutor.runScript(TestCaseExecutor.java:331)
	at com.kms.katalon.core.main.TestCaseExecutor.doExecute(TestCaseExecutor.java:322)
	at com.kms.katalon.core.main.TestCaseExecutor.processExecutionPhase(TestCaseExecutor.java:301)
	at com.kms.katalon.core.main.TestCaseExecutor.accessMainPhase(TestCaseExecutor.java:293)
	at com.kms.katalon.core.main.TestCaseExecutor.execute(TestCaseExecutor.java:227)
	at com.kms.katalon.core.main.TestCaseMain.runTestCase(TestCaseMain.java:114)
	at com.kms.katalon.core.keyword.builtin.CallTestCaseKeyword$_callTestCase_closure1.doCall(CallTestCaseKeyword.groovy:59)
	at com.kms.katalon.core.keyword.builtin.CallTestCaseKeyword$_callTestCase_closure1.call(CallTestCaseKeyword.groovy)
	at com.kms.katalon.core.keyword.internal.KeywordMain.runKeyword(KeywordMain.groovy:66)
	at com.kms.katalon.core.keyword.builtin.CallTestCaseKeyword.callTestCase(CallTestCaseKeyword.groovy:81)
	at com.kms.katalon.core.keyword.builtin.CallTestCaseKeyword.execute(CallTestCaseKeyword.groovy:44)
	at com.kms.katalon.core.keyword.internal.KeywordExecutor.executeKeywordForPlatform(KeywordExecutor.groovy:56)
	at com.kms.katalon.core.keyword.BuiltinKeywords.callTestCase(BuiltinKeywords.groovy:334)
	at Script1552995995937.run(Script1552995995937.groovy:17)
	... 13 more
)

2019-04-03 12:18:08 - [MESSAGE][FAILED] - callTestCase(findTestCase("s-sidebar_navigation/individualAccount/Login_Muzamil"), [:], STOP_ON_FAILURE) FAILED.
Reason:
com.kms.katalon.core.exception.StepFailedException: Call Test Case 'Test Cases/s-sidebar_navigation/individualAccount/Login_Muzamil' failed
	at com.kms.katalon.core.keyword.builtin.CallTestCaseKeyword$_callTestCase_closure1.doCall(CallTestCaseKeyword.groovy:63)
	at com.kms.katalon.core.keyword.builtin.CallTestCaseKeyword$_callTestCase_closure1.call(CallTestCaseKeyword.groovy)
	at com.kms.katalon.core.keyword.internal.KeywordMain.runKeyword(KeywordMain.groovy:66)
	at com.kms.katalon.core.keyword.builtin.CallTestCaseKeyword.callTestCase(CallTestCaseKeyword.groovy:81)
	at com.kms.katalon.core.keyword.builtin.CallTestCaseKeyword.execute(CallTestCaseKeyword.groovy:44)
	at com.kms.katalon.core.keyword.internal.KeywordExecutor.executeKeywordForPlatform(KeywordExecutor.groovy:56)
	at com.kms.katalon.core.keyword.BuiltinKeywords.callTestCase(BuiltinKeywords.groovy:334)
	at TC1092.run(TC1092:17)
	at com.kms.katalon.core.main.ScriptEngine.run(ScriptEngine.java:194)
	at com.kms.katalon.core.main.ScriptEngine.runScriptAsRawText(ScriptEngine.java:119)
	at com.kms.katalon.core.main.TestCaseExecutor.runScript(TestCaseExecutor.java:331)
	at com.kms.katalon.core.main.TestCaseExecutor.doExecute(TestCaseExecutor.java:322)
	at com.kms.katalon.core.main.TestCaseExecutor.processExecutionPhase(TestCaseExecutor.java:301)
	at com.kms.katalon.core.main.TestCaseExecutor.accessMainPhase(TestCaseExecutor.java:293)
	at com.kms.katalon.core.main.TestCaseExecutor.execute(TestCaseExecutor.java:227)
	at com.kms.katalon.core.main.TestSuiteExecutor.accessTestCaseMainPhase(TestSuiteExecutor.java:129)
	at com.kms.katalon.core.main.TestSuiteExecutor.accessTestSuiteMainPhase(TestSuiteExecutor.java:112)
	at com.kms.katalon.core.main.TestSuiteExecutor.execute(TestSuiteExecutor.java:81)
	at com.kms.katalon.core.main.TestCaseMain.startTestSuite(TestCaseMain.java:157)
	at com.kms.katalon.core.main.TestCaseMain$startTestSuite$0.call(Unknown Source)
	at TempTestSuite1554275422234.run(TempTestSuite1554275422234.groovy:35)
Caused by: com.kms.katalon.core.exception.StepFailedException: Unable to maximize current window
	at com.kms.katalon.core.webui.keyword.internal.WebUIKeywordMain.stepFailed(WebUIKeywordMain.groovy:64)
	at com.kms.katalon.core.webui.keyword.internal.WebUIKeywordMain.runKeyword(WebUIKeywordMain.groovy:26)
	at com.kms.katalon.core.webui.keyword.builtin.MaximizeWindowKeyword.maximizeWindow(MaximizeWindowKeyword.groovy:74)
	at com.kms.katalon.core.webui.keyword.builtin.MaximizeWindowKeyword.execute(MaximizeWindowKeyword.groovy:69)
	at com.kms.katalon.core.keyword.internal.KeywordExecutor.executeKeywordForPlatform(KeywordExecutor.groovy:56)
	at com.kms.katalon.core.webui.keyword.WebUiBuiltInKeywords.maximizeWindow(WebUiBuiltInKeywords.groovy:279)
	at com.kms.katalon.core.webui.keyword.WebUiBuiltInKeywords$maximizeWindow$0.call(Unknown Source)
	at Login_Muzamil.run(Login_Muzamil:18)
	at com.kms.katalon.core.main.ScriptEngine.run(ScriptEngine.java:194)
	at com.kms.katalon.core.main.ScriptEngine.runScriptAsRawText(ScriptEngine.java:119)
	at com.kms.katalon.core.main.TestCaseExecutor.runScript(TestCaseExecutor.java:331)
	at com.kms.katalon.core.main.TestCaseExecutor.doExecute(TestCaseExecutor.java:322)
	at com.kms.katalon.core.main.TestCaseExecutor.processExecutionPhase(TestCaseExecutor.java:301)
	at com.kms.katalon.core.main.TestCaseExecutor.accessMainPhase(TestCaseExecutor.java:293)
	at com.kms.katalon.core.main.TestCaseExecutor.execute(TestCaseExecutor.java:227)
	at com.kms.katalon.core.main.TestCaseMain.runTestCase(TestCaseMain.java:114)
	at com.kms.katalon.core.keyword.builtin.CallTestCaseKeyword$_callTestCase_closure1.doCall(CallTestCaseKeyword.groovy:59)
	... 20 more
Caused by: org.openqa.selenium.WebDriverException: unknown error: failed to change window state to maximized, current state is normal
  (Session info: chrome=73.0.3683.86)
  (Driver info: chromedriver=2.43.600233 (523efee95e3d68b8719b3a1c83051aa63aa6b10d),platform=Linux 4.18.0-16-generic x86_64) (WARNING: The server did not provide any stacktrace information)
Command duration or timeout: 0 milliseconds
Build info: version: '3.7.1', revision: '8a0099a', time: '2017-11-06T21:07:36.161Z'
System info: host: 'cloudkibomuzamil-Precision-T1700', ip: '127.0.1.1', os.name: 'Linux', os.arch: 'amd64', os.version: '4.18.0-16-generic', java.version: '1.8.0_191'
Driver info: com.kms.katalon.selenium.driver.CChromeDriver
Capabilities {acceptInsecureCerts: false, acceptSslCerts: false, applicationCacheEnabled: false, browserConnectionEnabled: false, browserName: chrome, chrome: {chromedriverVersion: 2.43.600233 (523efee95e3d68..., userDataDir: /tmp/.org.chromium.Chromium...}, cssSelectorsEnabled: true, databaseEnabled: false, goog:chromeOptions: {debuggerAddress: localhost:43015}, handlesAlerts: true, hasTouchScreen: false, javascriptEnabled: true, locationContextEnabled: true, mobileEmulationEnabled: false, nativeEvents: true, networkConnectionEnabled: false, pageLoadStrategy: normal, platform: LINUX, platformName: LINUX, rotatable: false, setWindowRect: true, takesHeapSnapshot: true, takesScreenshot: true, unexpectedAlertBehaviour: , unhandledPromptBehavior: , version: 73.0.3683.86, webStorageEnabled: true}
Session ID: 5cc4231a12b43e8bc57999a3481ae46d
	at org.openqa.selenium.remote.ErrorHandler.createThrowable(ErrorHandler.java:214)
	at org.openqa.selenium.remote.ErrorHandler.throwIfResponseFailed(ErrorHandler.java:166)
	at org.openqa.selenium.remote.http.JsonHttpResponseCodec.reconstructValue(JsonHttpResponseCodec.java:40)
	at org.openqa.selenium.remote.http.AbstractHttpResponseCodec.decode(AbstractHttpResponseCodec.java:80)
	at org.openqa.selenium.remote.http.AbstractHttpResponseCodec.decode(AbstractHttpResponseCodec.java:44)
	at org.openqa.selenium.remote.HttpCommandExecutor.execute(HttpCommandExecutor.java:164)
	at org.openqa.selenium.remote.service.DriverCommandExecutor.execute(DriverCommandExecutor.java:83)
	at org.openqa.selenium.remote.RemoteWebDriver.execute(RemoteWebDriver.java:600)
	at com.kms.katalon.selenium.driver.CChromeDriver.execute(CChromeDriver.java:20)
	at org.openqa.selenium.remote.RemoteWebDriver.execute(RemoteWebDriver.java:657)
	at org.openqa.selenium.remote.RemoteWebDriver$RemoteWebDriverOptions$RemoteWindow.maximize(RemoteWebDriver.java:891)
	at com.kms.katalon.core.webui.keyword.builtin.MaximizeWindowKeyword$_maximizeWindow_closure1.doCall(MaximizeWindowKeyword.groovy:85)
	at com.kms.katalon.core.webui.keyword.builtin.MaximizeWindowKeyword$_maximizeWindow_closure1.call(MaximizeWindowKeyword.groovy)
	at com.kms.katalon.core.webui.keyword.internal.WebUIKeywordMain.runKeyword(WebUIKeywordMain.groovy:20)
	at com.kms.katalon.core.webui.keyword.builtin.MaximizeWindowKeyword.maximizeWindow(MaximizeWindowKeyword.groovy:74)
	at com.kms.katalon.core.webui.keyword.builtin.MaximizeWindowKeyword.execute(MaximizeWindowKeyword.groovy:69)
	at com.kms.katalon.core.keyword.internal.KeywordExecutor.executeKeywordForPlatform(KeywordExecutor.groovy:56)
	at com.kms.katalon.core.webui.keyword.WebUiBuiltInKeywords.maximizeWindow(WebUiBuiltInKeywords.groovy:279)
	at com.kms.katalon.core.webui.keyword.WebUiBuiltInKeywords$maximizeWindow$0.call(Unknown Source)
	at Script1552980585608.run(Script1552980585608.groovy:18)
	at com.kms.katalon.core.main.ScriptEngine.run(ScriptEngine.java:194)
	at com.kms.katalon.core.main.ScriptEngine.runScriptAsRawText(ScriptEngine.java:119)
	at com.kms.katalon.core.main.TestCaseExecutor.runScript(TestCaseExecutor.java:331)
	at com.kms.katalon.core.main.TestCaseExecutor.doExecute(TestCaseExecutor.java:322)
	at com.kms.katalon.core.main.TestCaseExecutor.processExecutionPhase(TestCaseExecutor.java:301)
	at com.kms.katalon.core.main.TestCaseExecutor.accessMainPhase(TestCaseExecutor.java:293)
	at com.kms.katalon.core.main.TestCaseExecutor.execute(TestCaseExecutor.java:227)
	at com.kms.katalon.core.main.TestCaseMain.runTestCase(TestCaseMain.java:114)
	at com.kms.katalon.core.keyword.builtin.CallTestCaseKeyword$_callTestCase_closure1.doCall(CallTestCaseKeyword.groovy:59)
	at com.kms.katalon.core.keyword.builtin.CallTestCaseKeyword$_callTestCase_closure1.call(CallTestCaseKeyword.groovy)
	at com.kms.katalon.core.keyword.internal.KeywordMain.runKeyword(KeywordMain.groovy:66)
	at com.kms.katalon.core.keyword.builtin.CallTestCaseKeyword.callTestCase(CallTestCaseKeyword.groovy:81)
	at com.kms.katalon.core.keyword.builtin.CallTestCaseKeyword.execute(CallTestCaseKeyword.groovy:44)
	at com.kms.katalon.core.keyword.internal.KeywordExecutor.executeKeywordForPlatform(KeywordExecutor.groovy:56)
	at com.kms.katalon.core.keyword.BuiltinKeywords.callTestCase(BuiltinKeywords.groovy:334)
	at Script1552995995937.run(Script1552995995937.groovy:17)
	... 13 more]]></system-out>
         <system-err><![CDATA[2019-04-03 12:18:07 - [TEST_CASE][FAILED] - Test Cases/Webview/TC1092: Test Cases/Webview/TC1092 FAILED.
Reason:
com.kms.katalon.core.exception.StepFailedException: Call Test Case 'Test Cases/s-sidebar_navigation/individualAccount/Login_Muzamil' failed
	at com.kms.katalon.core.keyword.builtin.CallTestCaseKeyword$_callTestCase_closure1.doCall(CallTestCaseKeyword.groovy:63)
	at com.kms.katalon.core.keyword.builtin.CallTestCaseKeyword$_callTestCase_closure1.call(CallTestCaseKeyword.groovy)
	at com.kms.katalon.core.keyword.internal.KeywordMain.runKeyword(KeywordMain.groovy:66)
	at com.kms.katalon.core.keyword.builtin.CallTestCaseKeyword.callTestCase(CallTestCaseKeyword.groovy:81)
	at com.kms.katalon.core.keyword.builtin.CallTestCaseKeyword.execute(CallTestCaseKeyword.groovy:44)
	at com.kms.katalon.core.keyword.internal.KeywordExecutor.executeKeywordForPlatform(KeywordExecutor.groovy:56)
	at com.kms.katalon.core.keyword.BuiltinKeywords.callTestCase(BuiltinKeywords.groovy:334)
	at TC1092.run(TC1092:17)
	at com.kms.katalon.core.main.ScriptEngine.run(ScriptEngine.java:194)
	at com.kms.katalon.core.main.ScriptEngine.runScriptAsRawText(ScriptEngine.java:119)
	at com.kms.katalon.core.main.TestCaseExecutor.runScript(TestCaseExecutor.java:331)
	at com.kms.katalon.core.main.TestCaseExecutor.doExecute(TestCaseExecutor.java:322)
	at com.kms.katalon.core.main.TestCaseExecutor.processExecutionPhase(TestCaseExecutor.java:301)
	at com.kms.katalon.core.main.TestCaseExecutor.accessMainPhase(TestCaseExecutor.java:293)
	at com.kms.katalon.core.main.TestCaseExecutor.execute(TestCaseExecutor.java:227)
	at com.kms.katalon.core.main.TestSuiteExecutor.accessTestCaseMainPhase(TestSuiteExecutor.java:129)
	at com.kms.katalon.core.main.TestSuiteExecutor.accessTestSuiteMainPhase(TestSuiteExecutor.java:112)
	at com.kms.katalon.core.main.TestSuiteExecutor.execute(TestSuiteExecutor.java:81)
	at com.kms.katalon.core.main.TestCaseMain.startTestSuite(TestCaseMain.java:157)
	at com.kms.katalon.core.main.TestCaseMain$startTestSuite$0.call(Unknown Source)
	at TempTestSuite1554275422234.run(TempTestSuite1554275422234.groovy:35)
Caused by: com.kms.katalon.core.exception.StepFailedException: Unable to maximize current window
	at com.kms.katalon.core.webui.keyword.internal.WebUIKeywordMain.stepFailed(WebUIKeywordMain.groovy:64)
	at com.kms.katalon.core.webui.keyword.internal.WebUIKeywordMain.runKeyword(WebUIKeywordMain.groovy:26)
	at com.kms.katalon.core.webui.keyword.builtin.MaximizeWindowKeyword.maximizeWindow(MaximizeWindowKeyword.groovy:74)
	at com.kms.katalon.core.webui.keyword.builtin.MaximizeWindowKeyword.execute(MaximizeWindowKeyword.groovy:69)
	at com.kms.katalon.core.keyword.internal.KeywordExecutor.executeKeywordForPlatform(KeywordExecutor.groovy:56)
	at com.kms.katalon.core.webui.keyword.WebUiBuiltInKeywords.maximizeWindow(WebUiBuiltInKeywords.groovy:279)
	at com.kms.katalon.core.webui.keyword.WebUiBuiltInKeywords$maximizeWindow$0.call(Unknown Source)
	at Login_Muzamil.run(Login_Muzamil:18)
	at com.kms.katalon.core.main.ScriptEngine.run(ScriptEngine.java:194)
	at com.kms.katalon.core.main.ScriptEngine.runScriptAsRawText(ScriptEngine.java:119)
	at com.kms.katalon.core.main.TestCaseExecutor.runScript(TestCaseExecutor.java:331)
	at com.kms.katalon.core.main.TestCaseExecutor.doExecute(TestCaseExecutor.java:322)
	at com.kms.katalon.core.main.TestCaseExecutor.processExecutionPhase(TestCaseExecutor.java:301)
	at com.kms.katalon.core.main.TestCaseExecutor.accessMainPhase(TestCaseExecutor.java:293)
	at com.kms.katalon.core.main.TestCaseExecutor.execute(TestCaseExecutor.java:227)
	at com.kms.katalon.core.main.TestCaseMain.runTestCase(TestCaseMain.java:114)
	at com.kms.katalon.core.keyword.builtin.CallTestCaseKeyword$_callTestCase_closure1.doCall(CallTestCaseKeyword.groovy:59)
	... 20 more
Caused by: org.openqa.selenium.WebDriverException: unknown error: failed to change window state to maximized, current state is normal
  (Session info: chrome=73.0.3683.86)
  (Driver info: chromedriver=2.43.600233 (523efee95e3d68b8719b3a1c83051aa63aa6b10d),platform=Linux 4.18.0-16-generic x86_64) (WARNING: The server did not provide any stacktrace information)
Command duration or timeout: 0 milliseconds
Build info: version: '3.7.1', revision: '8a0099a', time: '2017-11-06T21:07:36.161Z'
System info: host: 'cloudkibomuzamil-Precision-T1700', ip: '127.0.1.1', os.name: 'Linux', os.arch: 'amd64', os.version: '4.18.0-16-generic', java.version: '1.8.0_191'
Driver info: com.kms.katalon.selenium.driver.CChromeDriver
Capabilities {acceptInsecureCerts: false, acceptSslCerts: false, applicationCacheEnabled: false, browserConnectionEnabled: false, browserName: chrome, chrome: {chromedriverVersion: 2.43.600233 (523efee95e3d68..., userDataDir: /tmp/.org.chromium.Chromium...}, cssSelectorsEnabled: true, databaseEnabled: false, goog:chromeOptions: {debuggerAddress: localhost:43015}, handlesAlerts: true, hasTouchScreen: false, javascriptEnabled: true, locationContextEnabled: true, mobileEmulationEnabled: false, nativeEvents: true, networkConnectionEnabled: false, pageLoadStrategy: normal, platform: LINUX, platformName: LINUX, rotatable: false, setWindowRect: true, takesHeapSnapshot: true, takesScreenshot: true, unexpectedAlertBehaviour: , unhandledPromptBehavior: , version: 73.0.3683.86, webStorageEnabled: true}
Session ID: 5cc4231a12b43e8bc57999a3481ae46d
	at org.openqa.selenium.remote.ErrorHandler.createThrowable(ErrorHandler.java:214)
	at org.openqa.selenium.remote.ErrorHandler.throwIfResponseFailed(ErrorHandler.java:166)
	at org.openqa.selenium.remote.http.JsonHttpResponseCodec.reconstructValue(JsonHttpResponseCodec.java:40)
	at org.openqa.selenium.remote.http.AbstractHttpResponseCodec.decode(AbstractHttpResponseCodec.java:80)
	at org.openqa.selenium.remote.http.AbstractHttpResponseCodec.decode(AbstractHttpResponseCodec.java:44)
	at org.openqa.selenium.remote.HttpCommandExecutor.execute(HttpCommandExecutor.java:164)
	at org.openqa.selenium.remote.service.DriverCommandExecutor.execute(DriverCommandExecutor.java:83)
	at org.openqa.selenium.remote.RemoteWebDriver.execute(RemoteWebDriver.java:600)
	at com.kms.katalon.selenium.driver.CChromeDriver.execute(CChromeDriver.java:20)
	at org.openqa.selenium.remote.RemoteWebDriver.execute(RemoteWebDriver.java:657)
	at org.openqa.selenium.remote.RemoteWebDriver$RemoteWebDriverOptions$RemoteWindow.maximize(RemoteWebDriver.java:891)
	at com.kms.katalon.core.webui.keyword.builtin.MaximizeWindowKeyword$_maximizeWindow_closure1.doCall(MaximizeWindowKeyword.groovy:85)
	at com.kms.katalon.core.webui.keyword.builtin.MaximizeWindowKeyword$_maximizeWindow_closure1.call(MaximizeWindowKeyword.groovy)
	at com.kms.katalon.core.webui.keyword.internal.WebUIKeywordMain.runKeyword(WebUIKeywordMain.groovy:20)
	at com.kms.katalon.core.webui.keyword.builtin.MaximizeWindowKeyword.maximizeWindow(MaximizeWindowKeyword.groovy:74)
	at com.kms.katalon.core.webui.keyword.builtin.MaximizeWindowKeyword.execute(MaximizeWindowKeyword.groovy:69)
	at com.kms.katalon.core.keyword.internal.KeywordExecutor.executeKeywordForPlatform(KeywordExecutor.groovy:56)
	at com.kms.katalon.core.webui.keyword.WebUiBuiltInKeywords.maximizeWindow(WebUiBuiltInKeywords.groovy:279)
	at com.kms.katalon.core.webui.keyword.WebUiBuiltInKeywords$maximizeWindow$0.call(Unknown Source)
	at Script1552980585608.run(Script1552980585608.groovy:18)
	at com.kms.katalon.core.main.ScriptEngine.run(ScriptEngine.java:194)
	at com.kms.katalon.core.main.ScriptEngine.runScriptAsRawText(ScriptEngine.java:119)
	at com.kms.katalon.core.main.TestCaseExecutor.runScript(TestCaseExecutor.java:331)
	at com.kms.katalon.core.main.TestCaseExecutor.doExecute(TestCaseExecutor.java:322)
	at com.kms.katalon.core.main.TestCaseExecutor.processExecutionPhase(TestCaseExecutor.java:301)
	at com.kms.katalon.core.main.TestCaseExecutor.accessMainPhase(TestCaseExecutor.java:293)
	at com.kms.katalon.core.main.TestCaseExecutor.execute(TestCaseExecutor.java:227)
	at com.kms.katalon.core.main.TestCaseMain.runTestCase(TestCaseMain.java:114)
	at com.kms.katalon.core.keyword.builtin.CallTestCaseKeyword$_callTestCase_closure1.doCall(CallTestCaseKeyword.groovy:59)
	at com.kms.katalon.core.keyword.builtin.CallTestCaseKeyword$_callTestCase_closure1.call(CallTestCaseKeyword.groovy)
	at com.kms.katalon.core.keyword.internal.KeywordMain.runKeyword(KeywordMain.groovy:66)
	at com.kms.katalon.core.keyword.builtin.CallTestCaseKeyword.callTestCase(CallTestCaseKeyword.groovy:81)
	at com.kms.katalon.core.keyword.builtin.CallTestCaseKeyword.execute(CallTestCaseKeyword.groovy:44)
	at com.kms.katalon.core.keyword.internal.KeywordExecutor.executeKeywordForPlatform(KeywordExecutor.groovy:56)
	at com.kms.katalon.core.keyword.BuiltinKeywords.callTestCase(BuiltinKeywords.groovy:334)
	at Script1552995995937.run(Script1552995995937.groovy:17)
	... 13 more]]></system-err>
      </testcase>
      <testcase name="Test Cases/Webview/TC1093" classname="Test Cases/Webview/TC1093" status="FAILED">
         <failure type="FAILED" message="Test Cases/Webview/TC1093 FAILED.
Reason:
com.kms.katalon.core.exception.StepFailedException: Call Test Case 'Test Cases/s-sidebar_navigation/individualAccount/Login_Muzamil' failed
	at com.kms.katalon.core.keyword.builtin.CallTestCaseKeyword$_callTestCase_closure1.doCall(CallTestCaseKeyword.groovy:63)
	at com.kms.katalon.core.keyword.builtin.CallTestCaseKeyword$_callTestCase_closure1.call(CallTestCaseKeyword.groovy)
	at com.kms.katalon.core.keyword.internal.KeywordMain.runKeyword(KeywordMain.groovy:66)
	at com.kms.katalon.core.keyword.builtin.CallTestCaseKeyword.callTestCase(CallTestCaseKeyword.groovy:81)
	at com.kms.katalon.core.keyword.builtin.CallTestCaseKeyword.execute(CallTestCaseKeyword.groovy:44)
	at com.kms.katalon.core.keyword.internal.KeywordExecutor.executeKeywordForPlatform(KeywordExecutor.groovy:56)
	at com.kms.katalon.core.keyword.BuiltinKeywords.callTestCase(BuiltinKeywords.groovy:334)
	at TC1093.run(TC1093:17)
	at com.kms.katalon.core.main.ScriptEngine.run(ScriptEngine.java:194)
	at com.kms.katalon.core.main.ScriptEngine.runScriptAsRawText(ScriptEngine.java:119)
	at com.kms.katalon.core.main.TestCaseExecutor.runScript(TestCaseExecutor.java:331)
	at com.kms.katalon.core.main.TestCaseExecutor.doExecute(TestCaseExecutor.java:322)
	at com.kms.katalon.core.main.TestCaseExecutor.processExecutionPhase(TestCaseExecutor.java:301)
	at com.kms.katalon.core.main.TestCaseExecutor.accessMainPhase(TestCaseExecutor.java:293)
	at com.kms.katalon.core.main.TestCaseExecutor.execute(TestCaseExecutor.java:227)
	at com.kms.katalon.core.main.TestSuiteExecutor.accessTestCaseMainPhase(TestSuiteExecutor.java:129)
	at com.kms.katalon.core.main.TestSuiteExecutor.accessTestSuiteMainPhase(TestSuiteExecutor.java:112)
	at com.kms.katalon.core.main.TestSuiteExecutor.execute(TestSuiteExecutor.java:81)
	at com.kms.katalon.core.main.TestCaseMain.startTestSuite(TestCaseMain.java:157)
	at com.kms.katalon.core.main.TestCaseMain$startTestSuite$0.call(Unknown Source)
	at TempTestSuite1554275422234.run(TempTestSuite1554275422234.groovy:35)
Caused by: com.kms.katalon.core.exception.StepFailedException: Unable to maximize current window
	at com.kms.katalon.core.webui.keyword.internal.WebUIKeywordMain.stepFailed(WebUIKeywordMain.groovy:64)
	at com.kms.katalon.core.webui.keyword.internal.WebUIKeywordMain.runKeyword(WebUIKeywordMain.groovy:26)
	at com.kms.katalon.core.webui.keyword.builtin.MaximizeWindowKeyword.maximizeWindow(MaximizeWindowKeyword.groovy:74)
	at com.kms.katalon.core.webui.keyword.builtin.MaximizeWindowKeyword.execute(MaximizeWindowKeyword.groovy:69)
	at com.kms.katalon.core.keyword.internal.KeywordExecutor.executeKeywordForPlatform(KeywordExecutor.groovy:56)
	at com.kms.katalon.core.webui.keyword.WebUiBuiltInKeywords.maximizeWindow(WebUiBuiltInKeywords.groovy:279)
	at com.kms.katalon.core.webui.keyword.WebUiBuiltInKeywords$maximizeWindow$0.call(Unknown Source)
	at Login_Muzamil.run(Login_Muzamil:18)
	at com.kms.katalon.core.main.ScriptEngine.run(ScriptEngine.java:194)
	at com.kms.katalon.core.main.ScriptEngine.runScriptAsRawText(ScriptEngine.java:119)
	at com.kms.katalon.core.main.TestCaseExecutor.runScript(TestCaseExecutor.java:331)
	at com.kms.katalon.core.main.TestCaseExecutor.doExecute(TestCaseExecutor.java:322)
	at com.kms.katalon.core.main.TestCaseExecutor.processExecutionPhase(TestCaseExecutor.java:301)
	at com.kms.katalon.core.main.TestCaseExecutor.accessMainPhase(TestCaseExecutor.java:293)
	at com.kms.katalon.core.main.TestCaseExecutor.execute(TestCaseExecutor.java:227)
	at com.kms.katalon.core.main.TestCaseMain.runTestCase(TestCaseMain.java:114)
	at com.kms.katalon.core.keyword.builtin.CallTestCaseKeyword$_callTestCase_closure1.doCall(CallTestCaseKeyword.groovy:59)
	... 20 more
Caused by: org.openqa.selenium.WebDriverException: unknown error: failed to change window state to maximized, current state is normal
  (Session info: chrome=73.0.3683.86)
  (Driver info: chromedriver=2.43.600233 (523efee95e3d68b8719b3a1c83051aa63aa6b10d),platform=Linux 4.18.0-16-generic x86_64) (WARNING: The server did not provide any stacktrace information)
Command duration or timeout: 0 milliseconds
Build info: version: '3.7.1', revision: '8a0099a', time: '2017-11-06T21:07:36.161Z'
System info: host: 'cloudkibomuzamil-Precision-T1700', ip: '127.0.1.1', os.name: 'Linux', os.arch: 'amd64', os.version: '4.18.0-16-generic', java.version: '1.8.0_191'
Driver info: com.kms.katalon.selenium.driver.CChromeDriver
Capabilities {acceptInsecureCerts: false, acceptSslCerts: false, applicationCacheEnabled: false, browserConnectionEnabled: false, browserName: chrome, chrome: {chromedriverVersion: 2.43.600233 (523efee95e3d68..., userDataDir: /tmp/.org.chromium.Chromium...}, cssSelectorsEnabled: true, databaseEnabled: false, goog:chromeOptions: {debuggerAddress: localhost:36107}, handlesAlerts: true, hasTouchScreen: false, javascriptEnabled: true, locationContextEnabled: true, mobileEmulationEnabled: false, nativeEvents: true, networkConnectionEnabled: false, pageLoadStrategy: normal, platform: LINUX, platformName: LINUX, rotatable: false, setWindowRect: true, takesHeapSnapshot: true, takesScreenshot: true, unexpectedAlertBehaviour: , unhandledPromptBehavior: , version: 73.0.3683.86, webStorageEnabled: true}
Session ID: 888fdf9165320535d4f5b0fcf98c6e5d
	at org.openqa.selenium.remote.ErrorHandler.createThrowable(ErrorHandler.java:214)
	at org.openqa.selenium.remote.ErrorHandler.throwIfResponseFailed(ErrorHandler.java:166)
	at org.openqa.selenium.remote.http.JsonHttpResponseCodec.reconstructValue(JsonHttpResponseCodec.java:40)
	at org.openqa.selenium.remote.http.AbstractHttpResponseCodec.decode(AbstractHttpResponseCodec.java:80)
	at org.openqa.selenium.remote.http.AbstractHttpResponseCodec.decode(AbstractHttpResponseCodec.java:44)
	at org.openqa.selenium.remote.HttpCommandExecutor.execute(HttpCommandExecutor.java:164)
	at org.openqa.selenium.remote.service.DriverCommandExecutor.execute(DriverCommandExecutor.java:83)
	at org.openqa.selenium.remote.RemoteWebDriver.execute(RemoteWebDriver.java:600)
	at com.kms.katalon.selenium.driver.CChromeDriver.execute(CChromeDriver.java:20)
	at org.openqa.selenium.remote.RemoteWebDriver.execute(RemoteWebDriver.java:657)
	at org.openqa.selenium.remote.RemoteWebDriver$RemoteWebDriverOptions$RemoteWindow.maximize(RemoteWebDriver.java:891)
	at com.kms.katalon.core.webui.keyword.builtin.MaximizeWindowKeyword$_maximizeWindow_closure1.doCall(MaximizeWindowKeyword.groovy:85)
	at com.kms.katalon.core.webui.keyword.builtin.MaximizeWindowKeyword$_maximizeWindow_closure1.call(MaximizeWindowKeyword.groovy)
	at com.kms.katalon.core.webui.keyword.internal.WebUIKeywordMain.runKeyword(WebUIKeywordMain.groovy:20)
	at com.kms.katalon.core.webui.keyword.builtin.MaximizeWindowKeyword.maximizeWindow(MaximizeWindowKeyword.groovy:74)
	at com.kms.katalon.core.webui.keyword.builtin.MaximizeWindowKeyword.execute(MaximizeWindowKeyword.groovy:69)
	at com.kms.katalon.core.keyword.internal.KeywordExecutor.executeKeywordForPlatform(KeywordExecutor.groovy:56)
	at com.kms.katalon.core.webui.keyword.WebUiBuiltInKeywords.maximizeWindow(WebUiBuiltInKeywords.groovy:279)
	at com.kms.katalon.core.webui.keyword.WebUiBuiltInKeywords$maximizeWindow$0.call(Unknown Source)
	at Script1552980585608.run(Script1552980585608.groovy:18)
	at com.kms.katalon.core.main.ScriptEngine.run(ScriptEngine.java:194)
	at com.kms.katalon.core.main.ScriptEngine.runScriptAsRawText(ScriptEngine.java:119)
	at com.kms.katalon.core.main.TestCaseExecutor.runScript(TestCaseExecutor.java:331)
	at com.kms.katalon.core.main.TestCaseExecutor.doExecute(TestCaseExecutor.java:322)
	at com.kms.katalon.core.main.TestCaseExecutor.processExecutionPhase(TestCaseExecutor.java:301)
	at com.kms.katalon.core.main.TestCaseExecutor.accessMainPhase(TestCaseExecutor.java:293)
	at com.kms.katalon.core.main.TestCaseExecutor.execute(TestCaseExecutor.java:227)
	at com.kms.katalon.core.main.TestCaseMain.runTestCase(TestCaseMain.java:114)
	at com.kms.katalon.core.keyword.builtin.CallTestCaseKeyword$_callTestCase_closure1.doCall(CallTestCaseKeyword.groovy:59)
	at com.kms.katalon.core.keyword.builtin.CallTestCaseKeyword$_callTestCase_closure1.call(CallTestCaseKeyword.groovy)
	at com.kms.katalon.core.keyword.internal.KeywordMain.runKeyword(KeywordMain.groovy:66)
	at com.kms.katalon.core.keyword.builtin.CallTestCaseKeyword.callTestCase(CallTestCaseKeyword.groovy:81)
	at com.kms.katalon.core.keyword.builtin.CallTestCaseKeyword.execute(CallTestCaseKeyword.groovy:44)
	at com.kms.katalon.core.keyword.internal.KeywordExecutor.executeKeywordForPlatform(KeywordExecutor.groovy:56)
	at com.kms.katalon.core.keyword.BuiltinKeywords.callTestCase(BuiltinKeywords.groovy:334)
	at Script1552997788216.run(Script1552997788216.groovy:17)
	... 13 more
"/>
         <system-out><![CDATA[2019-04-03 12:18:08 - [TEST_CASE][FAILED] - Test Cases/Webview/TC1093: Test Cases/Webview/TC1093 FAILED.
Reason:
com.kms.katalon.core.exception.StepFailedException: Call Test Case 'Test Cases/s-sidebar_navigation/individualAccount/Login_Muzamil' failed
	at com.kms.katalon.core.keyword.builtin.CallTestCaseKeyword$_callTestCase_closure1.doCall(CallTestCaseKeyword.groovy:63)
	at com.kms.katalon.core.keyword.builtin.CallTestCaseKeyword$_callTestCase_closure1.call(CallTestCaseKeyword.groovy)
	at com.kms.katalon.core.keyword.internal.KeywordMain.runKeyword(KeywordMain.groovy:66)
	at com.kms.katalon.core.keyword.builtin.CallTestCaseKeyword.callTestCase(CallTestCaseKeyword.groovy:81)
	at com.kms.katalon.core.keyword.builtin.CallTestCaseKeyword.execute(CallTestCaseKeyword.groovy:44)
	at com.kms.katalon.core.keyword.internal.KeywordExecutor.executeKeywordForPlatform(KeywordExecutor.groovy:56)
	at com.kms.katalon.core.keyword.BuiltinKeywords.callTestCase(BuiltinKeywords.groovy:334)
	at TC1093.run(TC1093:17)
	at com.kms.katalon.core.main.ScriptEngine.run(ScriptEngine.java:194)
	at com.kms.katalon.core.main.ScriptEngine.runScriptAsRawText(ScriptEngine.java:119)
	at com.kms.katalon.core.main.TestCaseExecutor.runScript(TestCaseExecutor.java:331)
	at com.kms.katalon.core.main.TestCaseExecutor.doExecute(TestCaseExecutor.java:322)
	at com.kms.katalon.core.main.TestCaseExecutor.processExecutionPhase(TestCaseExecutor.java:301)
	at com.kms.katalon.core.main.TestCaseExecutor.accessMainPhase(TestCaseExecutor.java:293)
	at com.kms.katalon.core.main.TestCaseExecutor.execute(TestCaseExecutor.java:227)
	at com.kms.katalon.core.main.TestSuiteExecutor.accessTestCaseMainPhase(TestSuiteExecutor.java:129)
	at com.kms.katalon.core.main.TestSuiteExecutor.accessTestSuiteMainPhase(TestSuiteExecutor.java:112)
	at com.kms.katalon.core.main.TestSuiteExecutor.execute(TestSuiteExecutor.java:81)
	at com.kms.katalon.core.main.TestCaseMain.startTestSuite(TestCaseMain.java:157)
	at com.kms.katalon.core.main.TestCaseMain$startTestSuite$0.call(Unknown Source)
	at TempTestSuite1554275422234.run(TempTestSuite1554275422234.groovy:35)
Caused by: com.kms.katalon.core.exception.StepFailedException: Unable to maximize current window
	at com.kms.katalon.core.webui.keyword.internal.WebUIKeywordMain.stepFailed(WebUIKeywordMain.groovy:64)
	at com.kms.katalon.core.webui.keyword.internal.WebUIKeywordMain.runKeyword(WebUIKeywordMain.groovy:26)
	at com.kms.katalon.core.webui.keyword.builtin.MaximizeWindowKeyword.maximizeWindow(MaximizeWindowKeyword.groovy:74)
	at com.kms.katalon.core.webui.keyword.builtin.MaximizeWindowKeyword.execute(MaximizeWindowKeyword.groovy:69)
	at com.kms.katalon.core.keyword.internal.KeywordExecutor.executeKeywordForPlatform(KeywordExecutor.groovy:56)
	at com.kms.katalon.core.webui.keyword.WebUiBuiltInKeywords.maximizeWindow(WebUiBuiltInKeywords.groovy:279)
	at com.kms.katalon.core.webui.keyword.WebUiBuiltInKeywords$maximizeWindow$0.call(Unknown Source)
	at Login_Muzamil.run(Login_Muzamil:18)
	at com.kms.katalon.core.main.ScriptEngine.run(ScriptEngine.java:194)
	at com.kms.katalon.core.main.ScriptEngine.runScriptAsRawText(ScriptEngine.java:119)
	at com.kms.katalon.core.main.TestCaseExecutor.runScript(TestCaseExecutor.java:331)
	at com.kms.katalon.core.main.TestCaseExecutor.doExecute(TestCaseExecutor.java:322)
	at com.kms.katalon.core.main.TestCaseExecutor.processExecutionPhase(TestCaseExecutor.java:301)
	at com.kms.katalon.core.main.TestCaseExecutor.accessMainPhase(TestCaseExecutor.java:293)
	at com.kms.katalon.core.main.TestCaseExecutor.execute(TestCaseExecutor.java:227)
	at com.kms.katalon.core.main.TestCaseMain.runTestCase(TestCaseMain.java:114)
	at com.kms.katalon.core.keyword.builtin.CallTestCaseKeyword$_callTestCase_closure1.doCall(CallTestCaseKeyword.groovy:59)
	... 20 more
Caused by: org.openqa.selenium.WebDriverException: unknown error: failed to change window state to maximized, current state is normal
  (Session info: chrome=73.0.3683.86)
  (Driver info: chromedriver=2.43.600233 (523efee95e3d68b8719b3a1c83051aa63aa6b10d),platform=Linux 4.18.0-16-generic x86_64) (WARNING: The server did not provide any stacktrace information)
Command duration or timeout: 0 milliseconds
Build info: version: '3.7.1', revision: '8a0099a', time: '2017-11-06T21:07:36.161Z'
System info: host: 'cloudkibomuzamil-Precision-T1700', ip: '127.0.1.1', os.name: 'Linux', os.arch: 'amd64', os.version: '4.18.0-16-generic', java.version: '1.8.0_191'
Driver info: com.kms.katalon.selenium.driver.CChromeDriver
Capabilities {acceptInsecureCerts: false, acceptSslCerts: false, applicationCacheEnabled: false, browserConnectionEnabled: false, browserName: chrome, chrome: {chromedriverVersion: 2.43.600233 (523efee95e3d68..., userDataDir: /tmp/.org.chromium.Chromium...}, cssSelectorsEnabled: true, databaseEnabled: false, goog:chromeOptions: {debuggerAddress: localhost:36107}, handlesAlerts: true, hasTouchScreen: false, javascriptEnabled: true, locationContextEnabled: true, mobileEmulationEnabled: false, nativeEvents: true, networkConnectionEnabled: false, pageLoadStrategy: normal, platform: LINUX, platformName: LINUX, rotatable: false, setWindowRect: true, takesHeapSnapshot: true, takesScreenshot: true, unexpectedAlertBehaviour: , unhandledPromptBehavior: , version: 73.0.3683.86, webStorageEnabled: true}
Session ID: 888fdf9165320535d4f5b0fcf98c6e5d
	at org.openqa.selenium.remote.ErrorHandler.createThrowable(ErrorHandler.java:214)
	at org.openqa.selenium.remote.ErrorHandler.throwIfResponseFailed(ErrorHandler.java:166)
	at org.openqa.selenium.remote.http.JsonHttpResponseCodec.reconstructValue(JsonHttpResponseCodec.java:40)
	at org.openqa.selenium.remote.http.AbstractHttpResponseCodec.decode(AbstractHttpResponseCodec.java:80)
	at org.openqa.selenium.remote.http.AbstractHttpResponseCodec.decode(AbstractHttpResponseCodec.java:44)
	at org.openqa.selenium.remote.HttpCommandExecutor.execute(HttpCommandExecutor.java:164)
	at org.openqa.selenium.remote.service.DriverCommandExecutor.execute(DriverCommandExecutor.java:83)
	at org.openqa.selenium.remote.RemoteWebDriver.execute(RemoteWebDriver.java:600)
	at com.kms.katalon.selenium.driver.CChromeDriver.execute(CChromeDriver.java:20)
	at org.openqa.selenium.remote.RemoteWebDriver.execute(RemoteWebDriver.java:657)
	at org.openqa.selenium.remote.RemoteWebDriver$RemoteWebDriverOptions$RemoteWindow.maximize(RemoteWebDriver.java:891)
	at com.kms.katalon.core.webui.keyword.builtin.MaximizeWindowKeyword$_maximizeWindow_closure1.doCall(MaximizeWindowKeyword.groovy:85)
	at com.kms.katalon.core.webui.keyword.builtin.MaximizeWindowKeyword$_maximizeWindow_closure1.call(MaximizeWindowKeyword.groovy)
	at com.kms.katalon.core.webui.keyword.internal.WebUIKeywordMain.runKeyword(WebUIKeywordMain.groovy:20)
	at com.kms.katalon.core.webui.keyword.builtin.MaximizeWindowKeyword.maximizeWindow(MaximizeWindowKeyword.groovy:74)
	at com.kms.katalon.core.webui.keyword.builtin.MaximizeWindowKeyword.execute(MaximizeWindowKeyword.groovy:69)
	at com.kms.katalon.core.keyword.internal.KeywordExecutor.executeKeywordForPlatform(KeywordExecutor.groovy:56)
	at com.kms.katalon.core.webui.keyword.WebUiBuiltInKeywords.maximizeWindow(WebUiBuiltInKeywords.groovy:279)
	at com.kms.katalon.core.webui.keyword.WebUiBuiltInKeywords$maximizeWindow$0.call(Unknown Source)
	at Script1552980585608.run(Script1552980585608.groovy:18)
	at com.kms.katalon.core.main.ScriptEngine.run(ScriptEngine.java:194)
	at com.kms.katalon.core.main.ScriptEngine.runScriptAsRawText(ScriptEngine.java:119)
	at com.kms.katalon.core.main.TestCaseExecutor.runScript(TestCaseExecutor.java:331)
	at com.kms.katalon.core.main.TestCaseExecutor.doExecute(TestCaseExecutor.java:322)
	at com.kms.katalon.core.main.TestCaseExecutor.processExecutionPhase(TestCaseExecutor.java:301)
	at com.kms.katalon.core.main.TestCaseExecutor.accessMainPhase(TestCaseExecutor.java:293)
	at com.kms.katalon.core.main.TestCaseExecutor.execute(TestCaseExecutor.java:227)
	at com.kms.katalon.core.main.TestCaseMain.runTestCase(TestCaseMain.java:114)
	at com.kms.katalon.core.keyword.builtin.CallTestCaseKeyword$_callTestCase_closure1.doCall(CallTestCaseKeyword.groovy:59)
	at com.kms.katalon.core.keyword.builtin.CallTestCaseKeyword$_callTestCase_closure1.call(CallTestCaseKeyword.groovy)
	at com.kms.katalon.core.keyword.internal.KeywordMain.runKeyword(KeywordMain.groovy:66)
	at com.kms.katalon.core.keyword.builtin.CallTestCaseKeyword.callTestCase(CallTestCaseKeyword.groovy:81)
	at com.kms.katalon.core.keyword.builtin.CallTestCaseKeyword.execute(CallTestCaseKeyword.groovy:44)
	at com.kms.katalon.core.keyword.internal.KeywordExecutor.executeKeywordForPlatform(KeywordExecutor.groovy:56)
	at com.kms.katalon.core.keyword.BuiltinKeywords.callTestCase(BuiltinKeywords.groovy:334)
	at Script1552997788216.run(Script1552997788216.groovy:17)
	... 13 more


2019-04-03 12:18:08 - [TEST_STEP][FAILED] - callTestCase(findTestCase("s-sidebar_navigation/individualAccount/Login_Muzamil"), [:], STOP_ON_FAILURE): callTestCase(findTestCase("s-sidebar_navigation/individualAccount/Login_Muzamil"), [:], STOP_ON_FAILURE) FAILED.
Reason:
com.kms.katalon.core.exception.StepFailedException: Call Test Case 'Test Cases/s-sidebar_navigation/individualAccount/Login_Muzamil' failed
	at com.kms.katalon.core.keyword.builtin.CallTestCaseKeyword$_callTestCase_closure1.doCall(CallTestCaseKeyword.groovy:63)
	at com.kms.katalon.core.keyword.builtin.CallTestCaseKeyword$_callTestCase_closure1.call(CallTestCaseKeyword.groovy)
	at com.kms.katalon.core.keyword.internal.KeywordMain.runKeyword(KeywordMain.groovy:66)
	at com.kms.katalon.core.keyword.builtin.CallTestCaseKeyword.callTestCase(CallTestCaseKeyword.groovy:81)
	at com.kms.katalon.core.keyword.builtin.CallTestCaseKeyword.execute(CallTestCaseKeyword.groovy:44)
	at com.kms.katalon.core.keyword.internal.KeywordExecutor.executeKeywordForPlatform(KeywordExecutor.groovy:56)
	at com.kms.katalon.core.keyword.BuiltinKeywords.callTestCase(BuiltinKeywords.groovy:334)
	at TC1093.run(TC1093:17)
	at com.kms.katalon.core.main.ScriptEngine.run(ScriptEngine.java:194)
	at com.kms.katalon.core.main.ScriptEngine.runScriptAsRawText(ScriptEngine.java:119)
	at com.kms.katalon.core.main.TestCaseExecutor.runScript(TestCaseExecutor.java:331)
	at com.kms.katalon.core.main.TestCaseExecutor.doExecute(TestCaseExecutor.java:322)
	at com.kms.katalon.core.main.TestCaseExecutor.processExecutionPhase(TestCaseExecutor.java:301)
	at com.kms.katalon.core.main.TestCaseExecutor.accessMainPhase(TestCaseExecutor.java:293)
	at com.kms.katalon.core.main.TestCaseExecutor.execute(TestCaseExecutor.java:227)
	at com.kms.katalon.core.main.TestSuiteExecutor.accessTestCaseMainPhase(TestSuiteExecutor.java:129)
	at com.kms.katalon.core.main.TestSuiteExecutor.accessTestSuiteMainPhase(TestSuiteExecutor.java:112)
	at com.kms.katalon.core.main.TestSuiteExecutor.execute(TestSuiteExecutor.java:81)
	at com.kms.katalon.core.main.TestCaseMain.startTestSuite(TestCaseMain.java:157)
	at com.kms.katalon.core.main.TestCaseMain$startTestSuite$0.call(Unknown Source)
	at TempTestSuite1554275422234.run(TempTestSuite1554275422234.groovy:35)
Caused by: com.kms.katalon.core.exception.StepFailedException: Unable to maximize current window
	at com.kms.katalon.core.webui.keyword.internal.WebUIKeywordMain.stepFailed(WebUIKeywordMain.groovy:64)
	at com.kms.katalon.core.webui.keyword.internal.WebUIKeywordMain.runKeyword(WebUIKeywordMain.groovy:26)
	at com.kms.katalon.core.webui.keyword.builtin.MaximizeWindowKeyword.maximizeWindow(MaximizeWindowKeyword.groovy:74)
	at com.kms.katalon.core.webui.keyword.builtin.MaximizeWindowKeyword.execute(MaximizeWindowKeyword.groovy:69)
	at com.kms.katalon.core.keyword.internal.KeywordExecutor.executeKeywordForPlatform(KeywordExecutor.groovy:56)
	at com.kms.katalon.core.webui.keyword.WebUiBuiltInKeywords.maximizeWindow(WebUiBuiltInKeywords.groovy:279)
	at com.kms.katalon.core.webui.keyword.WebUiBuiltInKeywords$maximizeWindow$0.call(Unknown Source)
	at Login_Muzamil.run(Login_Muzamil:18)
	at com.kms.katalon.core.main.ScriptEngine.run(ScriptEngine.java:194)
	at com.kms.katalon.core.main.ScriptEngine.runScriptAsRawText(ScriptEngine.java:119)
	at com.kms.katalon.core.main.TestCaseExecutor.runScript(TestCaseExecutor.java:331)
	at com.kms.katalon.core.main.TestCaseExecutor.doExecute(TestCaseExecutor.java:322)
	at com.kms.katalon.core.main.TestCaseExecutor.processExecutionPhase(TestCaseExecutor.java:301)
	at com.kms.katalon.core.main.TestCaseExecutor.accessMainPhase(TestCaseExecutor.java:293)
	at com.kms.katalon.core.main.TestCaseExecutor.execute(TestCaseExecutor.java:227)
	at com.kms.katalon.core.main.TestCaseMain.runTestCase(TestCaseMain.java:114)
	at com.kms.katalon.core.keyword.builtin.CallTestCaseKeyword$_callTestCase_closure1.doCall(CallTestCaseKeyword.groovy:59)
	... 20 more
Caused by: org.openqa.selenium.WebDriverException: unknown error: failed to change window state to maximized, current state is normal
  (Session info: chrome=73.0.3683.86)
  (Driver info: chromedriver=2.43.600233 (523efee95e3d68b8719b3a1c83051aa63aa6b10d),platform=Linux 4.18.0-16-generic x86_64) (WARNING: The server did not provide any stacktrace information)
Command duration or timeout: 0 milliseconds
Build info: version: '3.7.1', revision: '8a0099a', time: '2017-11-06T21:07:36.161Z'
System info: host: 'cloudkibomuzamil-Precision-T1700', ip: '127.0.1.1', os.name: 'Linux', os.arch: 'amd64', os.version: '4.18.0-16-generic', java.version: '1.8.0_191'
Driver info: com.kms.katalon.selenium.driver.CChromeDriver
Capabilities {acceptInsecureCerts: false, acceptSslCerts: false, applicationCacheEnabled: false, browserConnectionEnabled: false, browserName: chrome, chrome: {chromedriverVersion: 2.43.600233 (523efee95e3d68..., userDataDir: /tmp/.org.chromium.Chromium...}, cssSelectorsEnabled: true, databaseEnabled: false, goog:chromeOptions: {debuggerAddress: localhost:36107}, handlesAlerts: true, hasTouchScreen: false, javascriptEnabled: true, locationContextEnabled: true, mobileEmulationEnabled: false, nativeEvents: true, networkConnectionEnabled: false, pageLoadStrategy: normal, platform: LINUX, platformName: LINUX, rotatable: false, setWindowRect: true, takesHeapSnapshot: true, takesScreenshot: true, unexpectedAlertBehaviour: , unhandledPromptBehavior: , version: 73.0.3683.86, webStorageEnabled: true}
Session ID: 888fdf9165320535d4f5b0fcf98c6e5d
	at org.openqa.selenium.remote.ErrorHandler.createThrowable(ErrorHandler.java:214)
	at org.openqa.selenium.remote.ErrorHandler.throwIfResponseFailed(ErrorHandler.java:166)
	at org.openqa.selenium.remote.http.JsonHttpResponseCodec.reconstructValue(JsonHttpResponseCodec.java:40)
	at org.openqa.selenium.remote.http.AbstractHttpResponseCodec.decode(AbstractHttpResponseCodec.java:80)
	at org.openqa.selenium.remote.http.AbstractHttpResponseCodec.decode(AbstractHttpResponseCodec.java:44)
	at org.openqa.selenium.remote.HttpCommandExecutor.execute(HttpCommandExecutor.java:164)
	at org.openqa.selenium.remote.service.DriverCommandExecutor.execute(DriverCommandExecutor.java:83)
	at org.openqa.selenium.remote.RemoteWebDriver.execute(RemoteWebDriver.java:600)
	at com.kms.katalon.selenium.driver.CChromeDriver.execute(CChromeDriver.java:20)
	at org.openqa.selenium.remote.RemoteWebDriver.execute(RemoteWebDriver.java:657)
	at org.openqa.selenium.remote.RemoteWebDriver$RemoteWebDriverOptions$RemoteWindow.maximize(RemoteWebDriver.java:891)
	at com.kms.katalon.core.webui.keyword.builtin.MaximizeWindowKeyword$_maximizeWindow_closure1.doCall(MaximizeWindowKeyword.groovy:85)
	at com.kms.katalon.core.webui.keyword.builtin.MaximizeWindowKeyword$_maximizeWindow_closure1.call(MaximizeWindowKeyword.groovy)
	at com.kms.katalon.core.webui.keyword.internal.WebUIKeywordMain.runKeyword(WebUIKeywordMain.groovy:20)
	at com.kms.katalon.core.webui.keyword.builtin.MaximizeWindowKeyword.maximizeWindow(MaximizeWindowKeyword.groovy:74)
	at com.kms.katalon.core.webui.keyword.builtin.MaximizeWindowKeyword.execute(MaximizeWindowKeyword.groovy:69)
	at com.kms.katalon.core.keyword.internal.KeywordExecutor.executeKeywordForPlatform(KeywordExecutor.groovy:56)
	at com.kms.katalon.core.webui.keyword.WebUiBuiltInKeywords.maximizeWindow(WebUiBuiltInKeywords.groovy:279)
	at com.kms.katalon.core.webui.keyword.WebUiBuiltInKeywords$maximizeWindow$0.call(Unknown Source)
	at Script1552980585608.run(Script1552980585608.groovy:18)
	at com.kms.katalon.core.main.ScriptEngine.run(ScriptEngine.java:194)
	at com.kms.katalon.core.main.ScriptEngine.runScriptAsRawText(ScriptEngine.java:119)
	at com.kms.katalon.core.main.TestCaseExecutor.runScript(TestCaseExecutor.java:331)
	at com.kms.katalon.core.main.TestCaseExecutor.doExecute(TestCaseExecutor.java:322)
	at com.kms.katalon.core.main.TestCaseExecutor.processExecutionPhase(TestCaseExecutor.java:301)
	at com.kms.katalon.core.main.TestCaseExecutor.accessMainPhase(TestCaseExecutor.java:293)
	at com.kms.katalon.core.main.TestCaseExecutor.execute(TestCaseExecutor.java:227)
	at com.kms.katalon.core.main.TestCaseMain.runTestCase(TestCaseMain.java:114)
	at com.kms.katalon.core.keyword.builtin.CallTestCaseKeyword$_callTestCase_closure1.doCall(CallTestCaseKeyword.groovy:59)
	at com.kms.katalon.core.keyword.builtin.CallTestCaseKeyword$_callTestCase_closure1.call(CallTestCaseKeyword.groovy)
	at com.kms.katalon.core.keyword.internal.KeywordMain.runKeyword(KeywordMain.groovy:66)
	at com.kms.katalon.core.keyword.builtin.CallTestCaseKeyword.callTestCase(CallTestCaseKeyword.groovy:81)
	at com.kms.katalon.core.keyword.builtin.CallTestCaseKeyword.execute(CallTestCaseKeyword.groovy:44)
	at com.kms.katalon.core.keyword.internal.KeywordExecutor.executeKeywordForPlatform(KeywordExecutor.groovy:56)
	at com.kms.katalon.core.keyword.BuiltinKeywords.callTestCase(BuiltinKeywords.groovy:334)
	at Script1552997788216.run(Script1552997788216.groovy:17)
	... 13 more


2019-04-03 12:18:08 - [TEST_CASE][FAILED] - Test Cases/s-sidebar_navigation/individualAccount/Login_Muzamil: Test Cases/s-sidebar_navigation/individualAccount/Login_Muzamil FAILED.
Reason:
com.kms.katalon.core.exception.StepFailedException: Unable to maximize current window
	at com.kms.katalon.core.webui.keyword.internal.WebUIKeywordMain.stepFailed(WebUIKeywordMain.groovy:64)
	at com.kms.katalon.core.webui.keyword.internal.WebUIKeywordMain.runKeyword(WebUIKeywordMain.groovy:26)
	at com.kms.katalon.core.webui.keyword.builtin.MaximizeWindowKeyword.maximizeWindow(MaximizeWindowKeyword.groovy:74)
	at com.kms.katalon.core.webui.keyword.builtin.MaximizeWindowKeyword.execute(MaximizeWindowKeyword.groovy:69)
	at com.kms.katalon.core.keyword.internal.KeywordExecutor.executeKeywordForPlatform(KeywordExecutor.groovy:56)
	at com.kms.katalon.core.webui.keyword.WebUiBuiltInKeywords.maximizeWindow(WebUiBuiltInKeywords.groovy:279)
	at com.kms.katalon.core.webui.keyword.WebUiBuiltInKeywords$maximizeWindow$0.call(Unknown Source)
	at Login_Muzamil.run(Login_Muzamil:18)
	at com.kms.katalon.core.main.ScriptEngine.run(ScriptEngine.java:194)
	at com.kms.katalon.core.main.ScriptEngine.runScriptAsRawText(ScriptEngine.java:119)
	at com.kms.katalon.core.main.TestCaseExecutor.runScript(TestCaseExecutor.java:331)
	at com.kms.katalon.core.main.TestCaseExecutor.doExecute(TestCaseExecutor.java:322)
	at com.kms.katalon.core.main.TestCaseExecutor.processExecutionPhase(TestCaseExecutor.java:301)
	at com.kms.katalon.core.main.TestCaseExecutor.accessMainPhase(TestCaseExecutor.java:293)
	at com.kms.katalon.core.main.TestCaseExecutor.execute(TestCaseExecutor.java:227)
	at com.kms.katalon.core.main.TestCaseMain.runTestCase(TestCaseMain.java:114)
	at com.kms.katalon.core.keyword.builtin.CallTestCaseKeyword$_callTestCase_closure1.doCall(CallTestCaseKeyword.groovy:59)
	at com.kms.katalon.core.keyword.builtin.CallTestCaseKeyword$_callTestCase_closure1.call(CallTestCaseKeyword.groovy)
	at com.kms.katalon.core.keyword.internal.KeywordMain.runKeyword(KeywordMain.groovy:66)
	at com.kms.katalon.core.keyword.builtin.CallTestCaseKeyword.callTestCase(CallTestCaseKeyword.groovy:81)
	at com.kms.katalon.core.keyword.builtin.CallTestCaseKeyword.execute(CallTestCaseKeyword.groovy:44)
	at com.kms.katalon.core.keyword.internal.KeywordExecutor.executeKeywordForPlatform(KeywordExecutor.groovy:56)
	at com.kms.katalon.core.keyword.BuiltinKeywords.callTestCase(BuiltinKeywords.groovy:334)
	at TC1093.run(TC1093:17)
	at com.kms.katalon.core.main.ScriptEngine.run(ScriptEngine.java:194)
	at com.kms.katalon.core.main.ScriptEngine.runScriptAsRawText(ScriptEngine.java:119)
	at com.kms.katalon.core.main.TestCaseExecutor.runScript(TestCaseExecutor.java:331)
	at com.kms.katalon.core.main.TestCaseExecutor.doExecute(TestCaseExecutor.java:322)
	at com.kms.katalon.core.main.TestCaseExecutor.processExecutionPhase(TestCaseExecutor.java:301)
	at com.kms.katalon.core.main.TestCaseExecutor.accessMainPhase(TestCaseExecutor.java:293)
	at com.kms.katalon.core.main.TestCaseExecutor.execute(TestCaseExecutor.java:227)
	at com.kms.katalon.core.main.TestSuiteExecutor.accessTestCaseMainPhase(TestSuiteExecutor.java:129)
	at com.kms.katalon.core.main.TestSuiteExecutor.accessTestSuiteMainPhase(TestSuiteExecutor.java:112)
	at com.kms.katalon.core.main.TestSuiteExecutor.execute(TestSuiteExecutor.java:81)
	at com.kms.katalon.core.main.TestCaseMain.startTestSuite(TestCaseMain.java:157)
	at com.kms.katalon.core.main.TestCaseMain$startTestSuite$0.call(Unknown Source)
	at TempTestSuite1554275422234.run(TempTestSuite1554275422234.groovy:35)
Caused by: org.openqa.selenium.WebDriverException: unknown error: failed to change window state to maximized, current state is normal
  (Session info: chrome=73.0.3683.86)
  (Driver info: chromedriver=2.43.600233 (523efee95e3d68b8719b3a1c83051aa63aa6b10d),platform=Linux 4.18.0-16-generic x86_64) (WARNING: The server did not provide any stacktrace information)
Command duration or timeout: 0 milliseconds
Build info: version: '3.7.1', revision: '8a0099a', time: '2017-11-06T21:07:36.161Z'
System info: host: 'cloudkibomuzamil-Precision-T1700', ip: '127.0.1.1', os.name: 'Linux', os.arch: 'amd64', os.version: '4.18.0-16-generic', java.version: '1.8.0_191'
Driver info: com.kms.katalon.selenium.driver.CChromeDriver
Capabilities {acceptInsecureCerts: false, acceptSslCerts: false, applicationCacheEnabled: false, browserConnectionEnabled: false, browserName: chrome, chrome: {chromedriverVersion: 2.43.600233 (523efee95e3d68..., userDataDir: /tmp/.org.chromium.Chromium...}, cssSelectorsEnabled: true, databaseEnabled: false, goog:chromeOptions: {debuggerAddress: localhost:36107}, handlesAlerts: true, hasTouchScreen: false, javascriptEnabled: true, locationContextEnabled: true, mobileEmulationEnabled: false, nativeEvents: true, networkConnectionEnabled: false, pageLoadStrategy: normal, platform: LINUX, platformName: LINUX, rotatable: false, setWindowRect: true, takesHeapSnapshot: true, takesScreenshot: true, unexpectedAlertBehaviour: , unhandledPromptBehavior: , version: 73.0.3683.86, webStorageEnabled: true}
Session ID: 888fdf9165320535d4f5b0fcf98c6e5d
	at org.openqa.selenium.remote.ErrorHandler.createThrowable(ErrorHandler.java:214)
	at org.openqa.selenium.remote.ErrorHandler.throwIfResponseFailed(ErrorHandler.java:166)
	at org.openqa.selenium.remote.http.JsonHttpResponseCodec.reconstructValue(JsonHttpResponseCodec.java:40)
	at org.openqa.selenium.remote.http.AbstractHttpResponseCodec.decode(AbstractHttpResponseCodec.java:80)
	at org.openqa.selenium.remote.http.AbstractHttpResponseCodec.decode(AbstractHttpResponseCodec.java:44)
	at org.openqa.selenium.remote.HttpCommandExecutor.execute(HttpCommandExecutor.java:164)
	at org.openqa.selenium.remote.service.DriverCommandExecutor.execute(DriverCommandExecutor.java:83)
	at org.openqa.selenium.remote.RemoteWebDriver.execute(RemoteWebDriver.java:600)
	at com.kms.katalon.selenium.driver.CChromeDriver.execute(CChromeDriver.java:20)
	at org.openqa.selenium.remote.RemoteWebDriver.execute(RemoteWebDriver.java:657)
	at org.openqa.selenium.remote.RemoteWebDriver$RemoteWebDriverOptions$RemoteWindow.maximize(RemoteWebDriver.java:891)
	at com.kms.katalon.core.webui.keyword.builtin.MaximizeWindowKeyword$_maximizeWindow_closure1.doCall(MaximizeWindowKeyword.groovy:85)
	at com.kms.katalon.core.webui.keyword.builtin.MaximizeWindowKeyword$_maximizeWindow_closure1.call(MaximizeWindowKeyword.groovy)
	at com.kms.katalon.core.webui.keyword.internal.WebUIKeywordMain.runKeyword(WebUIKeywordMain.groovy:20)
	at com.kms.katalon.core.webui.keyword.builtin.MaximizeWindowKeyword.maximizeWindow(MaximizeWindowKeyword.groovy:74)
	at com.kms.katalon.core.webui.keyword.builtin.MaximizeWindowKeyword.execute(MaximizeWindowKeyword.groovy:69)
	at com.kms.katalon.core.keyword.internal.KeywordExecutor.executeKeywordForPlatform(KeywordExecutor.groovy:56)
	at com.kms.katalon.core.webui.keyword.WebUiBuiltInKeywords.maximizeWindow(WebUiBuiltInKeywords.groovy:279)
	at com.kms.katalon.core.webui.keyword.WebUiBuiltInKeywords$maximizeWindow$0.call(Unknown Source)
	at Script1552980585608.run(Script1552980585608.groovy:18)
	at com.kms.katalon.core.main.ScriptEngine.run(ScriptEngine.java:194)
	at com.kms.katalon.core.main.ScriptEngine.runScriptAsRawText(ScriptEngine.java:119)
	at com.kms.katalon.core.main.TestCaseExecutor.runScript(TestCaseExecutor.java:331)
	at com.kms.katalon.core.main.TestCaseExecutor.doExecute(TestCaseExecutor.java:322)
	at com.kms.katalon.core.main.TestCaseExecutor.processExecutionPhase(TestCaseExecutor.java:301)
	at com.kms.katalon.core.main.TestCaseExecutor.accessMainPhase(TestCaseExecutor.java:293)
	at com.kms.katalon.core.main.TestCaseExecutor.execute(TestCaseExecutor.java:227)
	at com.kms.katalon.core.main.TestCaseMain.runTestCase(TestCaseMain.java:114)
	at com.kms.katalon.core.keyword.builtin.CallTestCaseKeyword$_callTestCase_closure1.doCall(CallTestCaseKeyword.groovy:59)
	at com.kms.katalon.core.keyword.builtin.CallTestCaseKeyword$_callTestCase_closure1.call(CallTestCaseKeyword.groovy)
	at com.kms.katalon.core.keyword.internal.KeywordMain.runKeyword(KeywordMain.groovy:66)
	at com.kms.katalon.core.keyword.builtin.CallTestCaseKeyword.callTestCase(CallTestCaseKeyword.groovy:81)
	at com.kms.katalon.core.keyword.builtin.CallTestCaseKeyword.execute(CallTestCaseKeyword.groovy:44)
	at com.kms.katalon.core.keyword.internal.KeywordExecutor.executeKeywordForPlatform(KeywordExecutor.groovy:56)
	at com.kms.katalon.core.keyword.BuiltinKeywords.callTestCase(BuiltinKeywords.groovy:334)
	at Script1552997788216.run(Script1552997788216.groovy:17)
	... 13 more


2019-04-03 12:18:08 - [TEST_STEP][PASSED] - openBrowser(""): Browser is opened with url: ''

2019-04-03 12:18:08 - [MESSAGE][WARNING] - A browser is already opened. Closing browser and opening a new one

2019-04-03 12:18:08 - [MESSAGE][INFO] - Starting 'Chrome' driver

2019-04-03 12:18:08 - [MESSAGE][PASSED] - Browser is opened with url: ''

2019-04-03 12:18:08 - [TEST_STEP][FAILED] - maximizeWindow(): maximizeWindow() FAILED.
Reason:
com.kms.katalon.core.exception.StepFailedException: Unable to maximize current window
	at com.kms.katalon.core.webui.keyword.internal.WebUIKeywordMain.stepFailed(WebUIKeywordMain.groovy:64)
	at com.kms.katalon.core.webui.keyword.internal.WebUIKeywordMain.runKeyword(WebUIKeywordMain.groovy:26)
	at com.kms.katalon.core.webui.keyword.builtin.MaximizeWindowKeyword.maximizeWindow(MaximizeWindowKeyword.groovy:74)
	at com.kms.katalon.core.webui.keyword.builtin.MaximizeWindowKeyword.execute(MaximizeWindowKeyword.groovy:69)
	at com.kms.katalon.core.keyword.internal.KeywordExecutor.executeKeywordForPlatform(KeywordExecutor.groovy:56)
	at com.kms.katalon.core.webui.keyword.WebUiBuiltInKeywords.maximizeWindow(WebUiBuiltInKeywords.groovy:279)
	at com.kms.katalon.core.webui.keyword.WebUiBuiltInKeywords$maximizeWindow$0.call(Unknown Source)
	at Login_Muzamil.run(Login_Muzamil:18)
	at com.kms.katalon.core.main.ScriptEngine.run(ScriptEngine.java:194)
	at com.kms.katalon.core.main.ScriptEngine.runScriptAsRawText(ScriptEngine.java:119)
	at com.kms.katalon.core.main.TestCaseExecutor.runScript(TestCaseExecutor.java:331)
	at com.kms.katalon.core.main.TestCaseExecutor.doExecute(TestCaseExecutor.java:322)
	at com.kms.katalon.core.main.TestCaseExecutor.processExecutionPhase(TestCaseExecutor.java:301)
	at com.kms.katalon.core.main.TestCaseExecutor.accessMainPhase(TestCaseExecutor.java:293)
	at com.kms.katalon.core.main.TestCaseExecutor.execute(TestCaseExecutor.java:227)
	at com.kms.katalon.core.main.TestCaseMain.runTestCase(TestCaseMain.java:114)
	at com.kms.katalon.core.keyword.builtin.CallTestCaseKeyword$_callTestCase_closure1.doCall(CallTestCaseKeyword.groovy:59)
	at com.kms.katalon.core.keyword.builtin.CallTestCaseKeyword$_callTestCase_closure1.call(CallTestCaseKeyword.groovy)
	at com.kms.katalon.core.keyword.internal.KeywordMain.runKeyword(KeywordMain.groovy:66)
	at com.kms.katalon.core.keyword.builtin.CallTestCaseKeyword.callTestCase(CallTestCaseKeyword.groovy:81)
	at com.kms.katalon.core.keyword.builtin.CallTestCaseKeyword.execute(CallTestCaseKeyword.groovy:44)
	at com.kms.katalon.core.keyword.internal.KeywordExecutor.executeKeywordForPlatform(KeywordExecutor.groovy:56)
	at com.kms.katalon.core.keyword.BuiltinKeywords.callTestCase(BuiltinKeywords.groovy:334)
	at TC1093.run(TC1093:17)
	at com.kms.katalon.core.main.ScriptEngine.run(ScriptEngine.java:194)
	at com.kms.katalon.core.main.ScriptEngine.runScriptAsRawText(ScriptEngine.java:119)
	at com.kms.katalon.core.main.TestCaseExecutor.runScript(TestCaseExecutor.java:331)
	at com.kms.katalon.core.main.TestCaseExecutor.doExecute(TestCaseExecutor.java:322)
	at com.kms.katalon.core.main.TestCaseExecutor.processExecutionPhase(TestCaseExecutor.java:301)
	at com.kms.katalon.core.main.TestCaseExecutor.accessMainPhase(TestCaseExecutor.java:293)
	at com.kms.katalon.core.main.TestCaseExecutor.execute(TestCaseExecutor.java:227)
	at com.kms.katalon.core.main.TestSuiteExecutor.accessTestCaseMainPhase(TestSuiteExecutor.java:129)
	at com.kms.katalon.core.main.TestSuiteExecutor.accessTestSuiteMainPhase(TestSuiteExecutor.java:112)
	at com.kms.katalon.core.main.TestSuiteExecutor.execute(TestSuiteExecutor.java:81)
	at com.kms.katalon.core.main.TestCaseMain.startTestSuite(TestCaseMain.java:157)
	at com.kms.katalon.core.main.TestCaseMain$startTestSuite$0.call(Unknown Source)
	at TempTestSuite1554275422234.run(TempTestSuite1554275422234.groovy:35)
Caused by: org.openqa.selenium.WebDriverException: unknown error: failed to change window state to maximized, current state is normal
  (Session info: chrome=73.0.3683.86)
  (Driver info: chromedriver=2.43.600233 (523efee95e3d68b8719b3a1c83051aa63aa6b10d),platform=Linux 4.18.0-16-generic x86_64) (WARNING: The server did not provide any stacktrace information)
Command duration or timeout: 0 milliseconds
Build info: version: '3.7.1', revision: '8a0099a', time: '2017-11-06T21:07:36.161Z'
System info: host: 'cloudkibomuzamil-Precision-T1700', ip: '127.0.1.1', os.name: 'Linux', os.arch: 'amd64', os.version: '4.18.0-16-generic', java.version: '1.8.0_191'
Driver info: com.kms.katalon.selenium.driver.CChromeDriver
Capabilities {acceptInsecureCerts: false, acceptSslCerts: false, applicationCacheEnabled: false, browserConnectionEnabled: false, browserName: chrome, chrome: {chromedriverVersion: 2.43.600233 (523efee95e3d68..., userDataDir: /tmp/.org.chromium.Chromium...}, cssSelectorsEnabled: true, databaseEnabled: false, goog:chromeOptions: {debuggerAddress: localhost:36107}, handlesAlerts: true, hasTouchScreen: false, javascriptEnabled: true, locationContextEnabled: true, mobileEmulationEnabled: false, nativeEvents: true, networkConnectionEnabled: false, pageLoadStrategy: normal, platform: LINUX, platformName: LINUX, rotatable: false, setWindowRect: true, takesHeapSnapshot: true, takesScreenshot: true, unexpectedAlertBehaviour: , unhandledPromptBehavior: , version: 73.0.3683.86, webStorageEnabled: true}
Session ID: 888fdf9165320535d4f5b0fcf98c6e5d
	at org.openqa.selenium.remote.ErrorHandler.createThrowable(ErrorHandler.java:214)
	at org.openqa.selenium.remote.ErrorHandler.throwIfResponseFailed(ErrorHandler.java:166)
	at org.openqa.selenium.remote.http.JsonHttpResponseCodec.reconstructValue(JsonHttpResponseCodec.java:40)
	at org.openqa.selenium.remote.http.AbstractHttpResponseCodec.decode(AbstractHttpResponseCodec.java:80)
	at org.openqa.selenium.remote.http.AbstractHttpResponseCodec.decode(AbstractHttpResponseCodec.java:44)
	at org.openqa.selenium.remote.HttpCommandExecutor.execute(HttpCommandExecutor.java:164)
	at org.openqa.selenium.remote.service.DriverCommandExecutor.execute(DriverCommandExecutor.java:83)
	at org.openqa.selenium.remote.RemoteWebDriver.execute(RemoteWebDriver.java:600)
	at com.kms.katalon.selenium.driver.CChromeDriver.execute(CChromeDriver.java:20)
	at org.openqa.selenium.remote.RemoteWebDriver.execute(RemoteWebDriver.java:657)
	at org.openqa.selenium.remote.RemoteWebDriver$RemoteWebDriverOptions$RemoteWindow.maximize(RemoteWebDriver.java:891)
	at com.kms.katalon.core.webui.keyword.builtin.MaximizeWindowKeyword$_maximizeWindow_closure1.doCall(MaximizeWindowKeyword.groovy:85)
	at com.kms.katalon.core.webui.keyword.builtin.MaximizeWindowKeyword$_maximizeWindow_closure1.call(MaximizeWindowKeyword.groovy)
	at com.kms.katalon.core.webui.keyword.internal.WebUIKeywordMain.runKeyword(WebUIKeywordMain.groovy:20)
	at com.kms.katalon.core.webui.keyword.builtin.MaximizeWindowKeyword.maximizeWindow(MaximizeWindowKeyword.groovy:74)
	at com.kms.katalon.core.webui.keyword.builtin.MaximizeWindowKeyword.execute(MaximizeWindowKeyword.groovy:69)
	at com.kms.katalon.core.keyword.internal.KeywordExecutor.executeKeywordForPlatform(KeywordExecutor.groovy:56)
	at com.kms.katalon.core.webui.keyword.WebUiBuiltInKeywords.maximizeWindow(WebUiBuiltInKeywords.groovy:279)
	at com.kms.katalon.core.webui.keyword.WebUiBuiltInKeywords$maximizeWindow$0.call(Unknown Source)
	at Script1552980585608.run(Script1552980585608.groovy:18)
	at com.kms.katalon.core.main.ScriptEngine.run(ScriptEngine.java:194)
	at com.kms.katalon.core.main.ScriptEngine.runScriptAsRawText(ScriptEngine.java:119)
	at com.kms.katalon.core.main.TestCaseExecutor.runScript(TestCaseExecutor.java:331)
	at com.kms.katalon.core.main.TestCaseExecutor.doExecute(TestCaseExecutor.java:322)
	at com.kms.katalon.core.main.TestCaseExecutor.processExecutionPhase(TestCaseExecutor.java:301)
	at com.kms.katalon.core.main.TestCaseExecutor.accessMainPhase(TestCaseExecutor.java:293)
	at com.kms.katalon.core.main.TestCaseExecutor.execute(TestCaseExecutor.java:227)
	at com.kms.katalon.core.main.TestCaseMain.runTestCase(TestCaseMain.java:114)
	at com.kms.katalon.core.keyword.builtin.CallTestCaseKeyword$_callTestCase_closure1.doCall(CallTestCaseKeyword.groovy:59)
	at com.kms.katalon.core.keyword.builtin.CallTestCaseKeyword$_callTestCase_closure1.call(CallTestCaseKeyword.groovy)
	at com.kms.katalon.core.keyword.internal.KeywordMain.runKeyword(KeywordMain.groovy:66)
	at com.kms.katalon.core.keyword.builtin.CallTestCaseKeyword.callTestCase(CallTestCaseKeyword.groovy:81)
	at com.kms.katalon.core.keyword.builtin.CallTestCaseKeyword.execute(CallTestCaseKeyword.groovy:44)
	at com.kms.katalon.core.keyword.internal.KeywordExecutor.executeKeywordForPlatform(KeywordExecutor.groovy:56)
	at com.kms.katalon.core.keyword.BuiltinKeywords.callTestCase(BuiltinKeywords.groovy:334)
	at Script1552997788216.run(Script1552997788216.groovy:17)
	... 13 more


2019-04-03 12:18:08 - [MESSAGE][FAILED] - Unable to maximize current window (Root cause: com.kms.katalon.core.exception.StepFailedException: Unable to maximize current window
	at com.kms.katalon.core.webui.keyword.internal.WebUIKeywordMain.stepFailed(WebUIKeywordMain.groovy:64)
	at com.kms.katalon.core.webui.keyword.internal.WebUIKeywordMain.runKeyword(WebUIKeywordMain.groovy:26)
	at com.kms.katalon.core.webui.keyword.builtin.MaximizeWindowKeyword.maximizeWindow(MaximizeWindowKeyword.groovy:74)
	at com.kms.katalon.core.webui.keyword.builtin.MaximizeWindowKeyword.execute(MaximizeWindowKeyword.groovy:69)
	at com.kms.katalon.core.keyword.internal.KeywordExecutor.executeKeywordForPlatform(KeywordExecutor.groovy:56)
	at com.kms.katalon.core.webui.keyword.WebUiBuiltInKeywords.maximizeWindow(WebUiBuiltInKeywords.groovy:279)
	at com.kms.katalon.core.webui.keyword.WebUiBuiltInKeywords$maximizeWindow$0.call(Unknown Source)
	at Login_Muzamil.run(Login_Muzamil:18)
	at com.kms.katalon.core.main.ScriptEngine.run(ScriptEngine.java:194)
	at com.kms.katalon.core.main.ScriptEngine.runScriptAsRawText(ScriptEngine.java:119)
	at com.kms.katalon.core.main.TestCaseExecutor.runScript(TestCaseExecutor.java:331)
	at com.kms.katalon.core.main.TestCaseExecutor.doExecute(TestCaseExecutor.java:322)
	at com.kms.katalon.core.main.TestCaseExecutor.processExecutionPhase(TestCaseExecutor.java:301)
	at com.kms.katalon.core.main.TestCaseExecutor.accessMainPhase(TestCaseExecutor.java:293)
	at com.kms.katalon.core.main.TestCaseExecutor.execute(TestCaseExecutor.java:227)
	at com.kms.katalon.core.main.TestCaseMain.runTestCase(TestCaseMain.java:114)
	at com.kms.katalon.core.keyword.builtin.CallTestCaseKeyword$_callTestCase_closure1.doCall(CallTestCaseKeyword.groovy:59)
	at com.kms.katalon.core.keyword.builtin.CallTestCaseKeyword$_callTestCase_closure1.call(CallTestCaseKeyword.groovy)
	at com.kms.katalon.core.keyword.internal.KeywordMain.runKeyword(KeywordMain.groovy:66)
	at com.kms.katalon.core.keyword.builtin.CallTestCaseKeyword.callTestCase(CallTestCaseKeyword.groovy:81)
	at com.kms.katalon.core.keyword.builtin.CallTestCaseKeyword.execute(CallTestCaseKeyword.groovy:44)
	at com.kms.katalon.core.keyword.internal.KeywordExecutor.executeKeywordForPlatform(KeywordExecutor.groovy:56)
	at com.kms.katalon.core.keyword.BuiltinKeywords.callTestCase(BuiltinKeywords.groovy:334)
	at TC1093.run(TC1093:17)
	at com.kms.katalon.core.main.ScriptEngine.run(ScriptEngine.java:194)
	at com.kms.katalon.core.main.ScriptEngine.runScriptAsRawText(ScriptEngine.java:119)
	at com.kms.katalon.core.main.TestCaseExecutor.runScript(TestCaseExecutor.java:331)
	at com.kms.katalon.core.main.TestCaseExecutor.doExecute(TestCaseExecutor.java:322)
	at com.kms.katalon.core.main.TestCaseExecutor.processExecutionPhase(TestCaseExecutor.java:301)
	at com.kms.katalon.core.main.TestCaseExecutor.accessMainPhase(TestCaseExecutor.java:293)
	at com.kms.katalon.core.main.TestCaseExecutor.execute(TestCaseExecutor.java:227)
	at com.kms.katalon.core.main.TestSuiteExecutor.accessTestCaseMainPhase(TestSuiteExecutor.java:129)
	at com.kms.katalon.core.main.TestSuiteExecutor.accessTestSuiteMainPhase(TestSuiteExecutor.java:112)
	at com.kms.katalon.core.main.TestSuiteExecutor.execute(TestSuiteExecutor.java:81)
	at com.kms.katalon.core.main.TestCaseMain.startTestSuite(TestCaseMain.java:157)
	at com.kms.katalon.core.main.TestCaseMain$startTestSuite$0.call(Unknown Source)
	at TempTestSuite1554275422234.run(TempTestSuite1554275422234.groovy:35)
Caused by: org.openqa.selenium.WebDriverException: unknown error: failed to change window state to maximized, current state is normal
  (Session info: chrome=73.0.3683.86)
  (Driver info: chromedriver=2.43.600233 (523efee95e3d68b8719b3a1c83051aa63aa6b10d),platform=Linux 4.18.0-16-generic x86_64) (WARNING: The server did not provide any stacktrace information)
Command duration or timeout: 0 milliseconds
Build info: version: '3.7.1', revision: '8a0099a', time: '2017-11-06T21:07:36.161Z'
System info: host: 'cloudkibomuzamil-Precision-T1700', ip: '127.0.1.1', os.name: 'Linux', os.arch: 'amd64', os.version: '4.18.0-16-generic', java.version: '1.8.0_191'
Driver info: com.kms.katalon.selenium.driver.CChromeDriver
Capabilities {acceptInsecureCerts: false, acceptSslCerts: false, applicationCacheEnabled: false, browserConnectionEnabled: false, browserName: chrome, chrome: {chromedriverVersion: 2.43.600233 (523efee95e3d68..., userDataDir: /tmp/.org.chromium.Chromium...}, cssSelectorsEnabled: true, databaseEnabled: false, goog:chromeOptions: {debuggerAddress: localhost:36107}, handlesAlerts: true, hasTouchScreen: false, javascriptEnabled: true, locationContextEnabled: true, mobileEmulationEnabled: false, nativeEvents: true, networkConnectionEnabled: false, pageLoadStrategy: normal, platform: LINUX, platformName: LINUX, rotatable: false, setWindowRect: true, takesHeapSnapshot: true, takesScreenshot: true, unexpectedAlertBehaviour: , unhandledPromptBehavior: , version: 73.0.3683.86, webStorageEnabled: true}
Session ID: 888fdf9165320535d4f5b0fcf98c6e5d
	at org.openqa.selenium.remote.ErrorHandler.createThrowable(ErrorHandler.java:214)
	at org.openqa.selenium.remote.ErrorHandler.throwIfResponseFailed(ErrorHandler.java:166)
	at org.openqa.selenium.remote.http.JsonHttpResponseCodec.reconstructValue(JsonHttpResponseCodec.java:40)
	at org.openqa.selenium.remote.http.AbstractHttpResponseCodec.decode(AbstractHttpResponseCodec.java:80)
	at org.openqa.selenium.remote.http.AbstractHttpResponseCodec.decode(AbstractHttpResponseCodec.java:44)
	at org.openqa.selenium.remote.HttpCommandExecutor.execute(HttpCommandExecutor.java:164)
	at org.openqa.selenium.remote.service.DriverCommandExecutor.execute(DriverCommandExecutor.java:83)
	at org.openqa.selenium.remote.RemoteWebDriver.execute(RemoteWebDriver.java:600)
	at com.kms.katalon.selenium.driver.CChromeDriver.execute(CChromeDriver.java:20)
	at org.openqa.selenium.remote.RemoteWebDriver.execute(RemoteWebDriver.java:657)
	at org.openqa.selenium.remote.RemoteWebDriver$RemoteWebDriverOptions$RemoteWindow.maximize(RemoteWebDriver.java:891)
	at com.kms.katalon.core.webui.keyword.builtin.MaximizeWindowKeyword$_maximizeWindow_closure1.doCall(MaximizeWindowKeyword.groovy:85)
	at com.kms.katalon.core.webui.keyword.builtin.MaximizeWindowKeyword$_maximizeWindow_closure1.call(MaximizeWindowKeyword.groovy)
	at com.kms.katalon.core.webui.keyword.internal.WebUIKeywordMain.runKeyword(WebUIKeywordMain.groovy:20)
	at com.kms.katalon.core.webui.keyword.builtin.MaximizeWindowKeyword.maximizeWindow(MaximizeWindowKeyword.groovy:74)
	at com.kms.katalon.core.webui.keyword.builtin.MaximizeWindowKeyword.execute(MaximizeWindowKeyword.groovy:69)
	at com.kms.katalon.core.keyword.internal.KeywordExecutor.executeKeywordForPlatform(KeywordExecutor.groovy:56)
	at com.kms.katalon.core.webui.keyword.WebUiBuiltInKeywords.maximizeWindow(WebUiBuiltInKeywords.groovy:279)
	at com.kms.katalon.core.webui.keyword.WebUiBuiltInKeywords$maximizeWindow$0.call(Unknown Source)
	at Script1552980585608.run(Script1552980585608.groovy:18)
	at com.kms.katalon.core.main.ScriptEngine.run(ScriptEngine.java:194)
	at com.kms.katalon.core.main.ScriptEngine.runScriptAsRawText(ScriptEngine.java:119)
	at com.kms.katalon.core.main.TestCaseExecutor.runScript(TestCaseExecutor.java:331)
	at com.kms.katalon.core.main.TestCaseExecutor.doExecute(TestCaseExecutor.java:322)
	at com.kms.katalon.core.main.TestCaseExecutor.processExecutionPhase(TestCaseExecutor.java:301)
	at com.kms.katalon.core.main.TestCaseExecutor.accessMainPhase(TestCaseExecutor.java:293)
	at com.kms.katalon.core.main.TestCaseExecutor.execute(TestCaseExecutor.java:227)
	at com.kms.katalon.core.main.TestCaseMain.runTestCase(TestCaseMain.java:114)
	at com.kms.katalon.core.keyword.builtin.CallTestCaseKeyword$_callTestCase_closure1.doCall(CallTestCaseKeyword.groovy:59)
	at com.kms.katalon.core.keyword.builtin.CallTestCaseKeyword$_callTestCase_closure1.call(CallTestCaseKeyword.groovy)
	at com.kms.katalon.core.keyword.internal.KeywordMain.runKeyword(KeywordMain.groovy:66)
	at com.kms.katalon.core.keyword.builtin.CallTestCaseKeyword.callTestCase(CallTestCaseKeyword.groovy:81)
	at com.kms.katalon.core.keyword.builtin.CallTestCaseKeyword.execute(CallTestCaseKeyword.groovy:44)
	at com.kms.katalon.core.keyword.internal.KeywordExecutor.executeKeywordForPlatform(KeywordExecutor.groovy:56)
	at com.kms.katalon.core.keyword.BuiltinKeywords.callTestCase(BuiltinKeywords.groovy:334)
	at Script1552997788216.run(Script1552997788216.groovy:17)
	... 13 more
)
[[ATTACHMENT|/home/cloudkibo-muzamil/Downloads/Test cases/production/KiboPush/Reports/Webview/20190403_121022/1554275888825.png]]

2019-04-03 12:18:08 - [MESSAGE][FAILED] - maximizeWindow() FAILED.
Reason:
com.kms.katalon.core.exception.StepFailedException: Unable to maximize current window
	at com.kms.katalon.core.webui.keyword.internal.WebUIKeywordMain.stepFailed(WebUIKeywordMain.groovy:64)
	at com.kms.katalon.core.webui.keyword.internal.WebUIKeywordMain.runKeyword(WebUIKeywordMain.groovy:26)
	at com.kms.katalon.core.webui.keyword.builtin.MaximizeWindowKeyword.maximizeWindow(MaximizeWindowKeyword.groovy:74)
	at com.kms.katalon.core.webui.keyword.builtin.MaximizeWindowKeyword.execute(MaximizeWindowKeyword.groovy:69)
	at com.kms.katalon.core.keyword.internal.KeywordExecutor.executeKeywordForPlatform(KeywordExecutor.groovy:56)
	at com.kms.katalon.core.webui.keyword.WebUiBuiltInKeywords.maximizeWindow(WebUiBuiltInKeywords.groovy:279)
	at com.kms.katalon.core.webui.keyword.WebUiBuiltInKeywords$maximizeWindow$0.call(Unknown Source)
	at Login_Muzamil.run(Login_Muzamil:18)
	at com.kms.katalon.core.main.ScriptEngine.run(ScriptEngine.java:194)
	at com.kms.katalon.core.main.ScriptEngine.runScriptAsRawText(ScriptEngine.java:119)
	at com.kms.katalon.core.main.TestCaseExecutor.runScript(TestCaseExecutor.java:331)
	at com.kms.katalon.core.main.TestCaseExecutor.doExecute(TestCaseExecutor.java:322)
	at com.kms.katalon.core.main.TestCaseExecutor.processExecutionPhase(TestCaseExecutor.java:301)
	at com.kms.katalon.core.main.TestCaseExecutor.accessMainPhase(TestCaseExecutor.java:293)
	at com.kms.katalon.core.main.TestCaseExecutor.execute(TestCaseExecutor.java:227)
	at com.kms.katalon.core.main.TestCaseMain.runTestCase(TestCaseMain.java:114)
	at com.kms.katalon.core.keyword.builtin.CallTestCaseKeyword$_callTestCase_closure1.doCall(CallTestCaseKeyword.groovy:59)
	at com.kms.katalon.core.keyword.builtin.CallTestCaseKeyword$_callTestCase_closure1.call(CallTestCaseKeyword.groovy)
	at com.kms.katalon.core.keyword.internal.KeywordMain.runKeyword(KeywordMain.groovy:66)
	at com.kms.katalon.core.keyword.builtin.CallTestCaseKeyword.callTestCase(CallTestCaseKeyword.groovy:81)
	at com.kms.katalon.core.keyword.builtin.CallTestCaseKeyword.execute(CallTestCaseKeyword.groovy:44)
	at com.kms.katalon.core.keyword.internal.KeywordExecutor.executeKeywordForPlatform(KeywordExecutor.groovy:56)
	at com.kms.katalon.core.keyword.BuiltinKeywords.callTestCase(BuiltinKeywords.groovy:334)
	at TC1093.run(TC1093:17)
	at com.kms.katalon.core.main.ScriptEngine.run(ScriptEngine.java:194)
	at com.kms.katalon.core.main.ScriptEngine.runScriptAsRawText(ScriptEngine.java:119)
	at com.kms.katalon.core.main.TestCaseExecutor.runScript(TestCaseExecutor.java:331)
	at com.kms.katalon.core.main.TestCaseExecutor.doExecute(TestCaseExecutor.java:322)
	at com.kms.katalon.core.main.TestCaseExecutor.processExecutionPhase(TestCaseExecutor.java:301)
	at com.kms.katalon.core.main.TestCaseExecutor.accessMainPhase(TestCaseExecutor.java:293)
	at com.kms.katalon.core.main.TestCaseExecutor.execute(TestCaseExecutor.java:227)
	at com.kms.katalon.core.main.TestSuiteExecutor.accessTestCaseMainPhase(TestSuiteExecutor.java:129)
	at com.kms.katalon.core.main.TestSuiteExecutor.accessTestSuiteMainPhase(TestSuiteExecutor.java:112)
	at com.kms.katalon.core.main.TestSuiteExecutor.execute(TestSuiteExecutor.java:81)
	at com.kms.katalon.core.main.TestCaseMain.startTestSuite(TestCaseMain.java:157)
	at com.kms.katalon.core.main.TestCaseMain$startTestSuite$0.call(Unknown Source)
	at TempTestSuite1554275422234.run(TempTestSuite1554275422234.groovy:35)
Caused by: org.openqa.selenium.WebDriverException: unknown error: failed to change window state to maximized, current state is normal
  (Session info: chrome=73.0.3683.86)
  (Driver info: chromedriver=2.43.600233 (523efee95e3d68b8719b3a1c83051aa63aa6b10d),platform=Linux 4.18.0-16-generic x86_64) (WARNING: The server did not provide any stacktrace information)
Command duration or timeout: 0 milliseconds
Build info: version: '3.7.1', revision: '8a0099a', time: '2017-11-06T21:07:36.161Z'
System info: host: 'cloudkibomuzamil-Precision-T1700', ip: '127.0.1.1', os.name: 'Linux', os.arch: 'amd64', os.version: '4.18.0-16-generic', java.version: '1.8.0_191'
Driver info: com.kms.katalon.selenium.driver.CChromeDriver
Capabilities {acceptInsecureCerts: false, acceptSslCerts: false, applicationCacheEnabled: false, browserConnectionEnabled: false, browserName: chrome, chrome: {chromedriverVersion: 2.43.600233 (523efee95e3d68..., userDataDir: /tmp/.org.chromium.Chromium...}, cssSelectorsEnabled: true, databaseEnabled: false, goog:chromeOptions: {debuggerAddress: localhost:36107}, handlesAlerts: true, hasTouchScreen: false, javascriptEnabled: true, locationContextEnabled: true, mobileEmulationEnabled: false, nativeEvents: true, networkConnectionEnabled: false, pageLoadStrategy: normal, platform: LINUX, platformName: LINUX, rotatable: false, setWindowRect: true, takesHeapSnapshot: true, takesScreenshot: true, unexpectedAlertBehaviour: , unhandledPromptBehavior: , version: 73.0.3683.86, webStorageEnabled: true}
Session ID: 888fdf9165320535d4f5b0fcf98c6e5d
	at org.openqa.selenium.remote.ErrorHandler.createThrowable(ErrorHandler.java:214)
	at org.openqa.selenium.remote.ErrorHandler.throwIfResponseFailed(ErrorHandler.java:166)
	at org.openqa.selenium.remote.http.JsonHttpResponseCodec.reconstructValue(JsonHttpResponseCodec.java:40)
	at org.openqa.selenium.remote.http.AbstractHttpResponseCodec.decode(AbstractHttpResponseCodec.java:80)
	at org.openqa.selenium.remote.http.AbstractHttpResponseCodec.decode(AbstractHttpResponseCodec.java:44)
	at org.openqa.selenium.remote.HttpCommandExecutor.execute(HttpCommandExecutor.java:164)
	at org.openqa.selenium.remote.service.DriverCommandExecutor.execute(DriverCommandExecutor.java:83)
	at org.openqa.selenium.remote.RemoteWebDriver.execute(RemoteWebDriver.java:600)
	at com.kms.katalon.selenium.driver.CChromeDriver.execute(CChromeDriver.java:20)
	at org.openqa.selenium.remote.RemoteWebDriver.execute(RemoteWebDriver.java:657)
	at org.openqa.selenium.remote.RemoteWebDriver$RemoteWebDriverOptions$RemoteWindow.maximize(RemoteWebDriver.java:891)
	at com.kms.katalon.core.webui.keyword.builtin.MaximizeWindowKeyword$_maximizeWindow_closure1.doCall(MaximizeWindowKeyword.groovy:85)
	at com.kms.katalon.core.webui.keyword.builtin.MaximizeWindowKeyword$_maximizeWindow_closure1.call(MaximizeWindowKeyword.groovy)
	at com.kms.katalon.core.webui.keyword.internal.WebUIKeywordMain.runKeyword(WebUIKeywordMain.groovy:20)
	at com.kms.katalon.core.webui.keyword.builtin.MaximizeWindowKeyword.maximizeWindow(MaximizeWindowKeyword.groovy:74)
	at com.kms.katalon.core.webui.keyword.builtin.MaximizeWindowKeyword.execute(MaximizeWindowKeyword.groovy:69)
	at com.kms.katalon.core.keyword.internal.KeywordExecutor.executeKeywordForPlatform(KeywordExecutor.groovy:56)
	at com.kms.katalon.core.webui.keyword.WebUiBuiltInKeywords.maximizeWindow(WebUiBuiltInKeywords.groovy:279)
	at com.kms.katalon.core.webui.keyword.WebUiBuiltInKeywords$maximizeWindow$0.call(Unknown Source)
	at Script1552980585608.run(Script1552980585608.groovy:18)
	at com.kms.katalon.core.main.ScriptEngine.run(ScriptEngine.java:194)
	at com.kms.katalon.core.main.ScriptEngine.runScriptAsRawText(ScriptEngine.java:119)
	at com.kms.katalon.core.main.TestCaseExecutor.runScript(TestCaseExecutor.java:331)
	at com.kms.katalon.core.main.TestCaseExecutor.doExecute(TestCaseExecutor.java:322)
	at com.kms.katalon.core.main.TestCaseExecutor.processExecutionPhase(TestCaseExecutor.java:301)
	at com.kms.katalon.core.main.TestCaseExecutor.accessMainPhase(TestCaseExecutor.java:293)
	at com.kms.katalon.core.main.TestCaseExecutor.execute(TestCaseExecutor.java:227)
	at com.kms.katalon.core.main.TestCaseMain.runTestCase(TestCaseMain.java:114)
	at com.kms.katalon.core.keyword.builtin.CallTestCaseKeyword$_callTestCase_closure1.doCall(CallTestCaseKeyword.groovy:59)
	at com.kms.katalon.core.keyword.builtin.CallTestCaseKeyword$_callTestCase_closure1.call(CallTestCaseKeyword.groovy)
	at com.kms.katalon.core.keyword.internal.KeywordMain.runKeyword(KeywordMain.groovy:66)
	at com.kms.katalon.core.keyword.builtin.CallTestCaseKeyword.callTestCase(CallTestCaseKeyword.groovy:81)
	at com.kms.katalon.core.keyword.builtin.CallTestCaseKeyword.execute(CallTestCaseKeyword.groovy:44)
	at com.kms.katalon.core.keyword.internal.KeywordExecutor.executeKeywordForPlatform(KeywordExecutor.groovy:56)
	at com.kms.katalon.core.keyword.BuiltinKeywords.callTestCase(BuiltinKeywords.groovy:334)
	at Script1552997788216.run(Script1552997788216.groovy:17)
	... 13 more


2019-04-03 12:18:08 - [MESSAGE][FAILED] - Unable to call Test Case 'Test Cases/s-sidebar_navigation/individualAccount/Login_Muzamil' (Root cause: com.kms.katalon.core.exception.StepFailedException: Call Test Case 'Test Cases/s-sidebar_navigation/individualAccount/Login_Muzamil' failed
	at com.kms.katalon.core.keyword.builtin.CallTestCaseKeyword$_callTestCase_closure1.doCall(CallTestCaseKeyword.groovy:63)
	at com.kms.katalon.core.keyword.builtin.CallTestCaseKeyword$_callTestCase_closure1.call(CallTestCaseKeyword.groovy)
	at com.kms.katalon.core.keyword.internal.KeywordMain.runKeyword(KeywordMain.groovy:66)
	at com.kms.katalon.core.keyword.builtin.CallTestCaseKeyword.callTestCase(CallTestCaseKeyword.groovy:81)
	at com.kms.katalon.core.keyword.builtin.CallTestCaseKeyword.execute(CallTestCaseKeyword.groovy:44)
	at com.kms.katalon.core.keyword.internal.KeywordExecutor.executeKeywordForPlatform(KeywordExecutor.groovy:56)
	at com.kms.katalon.core.keyword.BuiltinKeywords.callTestCase(BuiltinKeywords.groovy:334)
	at TC1093.run(TC1093:17)
	at com.kms.katalon.core.main.ScriptEngine.run(ScriptEngine.java:194)
	at com.kms.katalon.core.main.ScriptEngine.runScriptAsRawText(ScriptEngine.java:119)
	at com.kms.katalon.core.main.TestCaseExecutor.runScript(TestCaseExecutor.java:331)
	at com.kms.katalon.core.main.TestCaseExecutor.doExecute(TestCaseExecutor.java:322)
	at com.kms.katalon.core.main.TestCaseExecutor.processExecutionPhase(TestCaseExecutor.java:301)
	at com.kms.katalon.core.main.TestCaseExecutor.accessMainPhase(TestCaseExecutor.java:293)
	at com.kms.katalon.core.main.TestCaseExecutor.execute(TestCaseExecutor.java:227)
	at com.kms.katalon.core.main.TestSuiteExecutor.accessTestCaseMainPhase(TestSuiteExecutor.java:129)
	at com.kms.katalon.core.main.TestSuiteExecutor.accessTestSuiteMainPhase(TestSuiteExecutor.java:112)
	at com.kms.katalon.core.main.TestSuiteExecutor.execute(TestSuiteExecutor.java:81)
	at com.kms.katalon.core.main.TestCaseMain.startTestSuite(TestCaseMain.java:157)
	at com.kms.katalon.core.main.TestCaseMain$startTestSuite$0.call(Unknown Source)
	at TempTestSuite1554275422234.run(TempTestSuite1554275422234.groovy:35)
Caused by: com.kms.katalon.core.exception.StepFailedException: Unable to maximize current window
	at com.kms.katalon.core.webui.keyword.internal.WebUIKeywordMain.stepFailed(WebUIKeywordMain.groovy:64)
	at com.kms.katalon.core.webui.keyword.internal.WebUIKeywordMain.runKeyword(WebUIKeywordMain.groovy:26)
	at com.kms.katalon.core.webui.keyword.builtin.MaximizeWindowKeyword.maximizeWindow(MaximizeWindowKeyword.groovy:74)
	at com.kms.katalon.core.webui.keyword.builtin.MaximizeWindowKeyword.execute(MaximizeWindowKeyword.groovy:69)
	at com.kms.katalon.core.keyword.internal.KeywordExecutor.executeKeywordForPlatform(KeywordExecutor.groovy:56)
	at com.kms.katalon.core.webui.keyword.WebUiBuiltInKeywords.maximizeWindow(WebUiBuiltInKeywords.groovy:279)
	at com.kms.katalon.core.webui.keyword.WebUiBuiltInKeywords$maximizeWindow$0.call(Unknown Source)
	at Login_Muzamil.run(Login_Muzamil:18)
	at com.kms.katalon.core.main.ScriptEngine.run(ScriptEngine.java:194)
	at com.kms.katalon.core.main.ScriptEngine.runScriptAsRawText(ScriptEngine.java:119)
	at com.kms.katalon.core.main.TestCaseExecutor.runScript(TestCaseExecutor.java:331)
	at com.kms.katalon.core.main.TestCaseExecutor.doExecute(TestCaseExecutor.java:322)
	at com.kms.katalon.core.main.TestCaseExecutor.processExecutionPhase(TestCaseExecutor.java:301)
	at com.kms.katalon.core.main.TestCaseExecutor.accessMainPhase(TestCaseExecutor.java:293)
	at com.kms.katalon.core.main.TestCaseExecutor.execute(TestCaseExecutor.java:227)
	at com.kms.katalon.core.main.TestCaseMain.runTestCase(TestCaseMain.java:114)
	at com.kms.katalon.core.keyword.builtin.CallTestCaseKeyword$_callTestCase_closure1.doCall(CallTestCaseKeyword.groovy:59)
	... 20 more
Caused by: org.openqa.selenium.WebDriverException: unknown error: failed to change window state to maximized, current state is normal
  (Session info: chrome=73.0.3683.86)
  (Driver info: chromedriver=2.43.600233 (523efee95e3d68b8719b3a1c83051aa63aa6b10d),platform=Linux 4.18.0-16-generic x86_64) (WARNING: The server did not provide any stacktrace information)
Command duration or timeout: 0 milliseconds
Build info: version: '3.7.1', revision: '8a0099a', time: '2017-11-06T21:07:36.161Z'
System info: host: 'cloudkibomuzamil-Precision-T1700', ip: '127.0.1.1', os.name: 'Linux', os.arch: 'amd64', os.version: '4.18.0-16-generic', java.version: '1.8.0_191'
Driver info: com.kms.katalon.selenium.driver.CChromeDriver
Capabilities {acceptInsecureCerts: false, acceptSslCerts: false, applicationCacheEnabled: false, browserConnectionEnabled: false, browserName: chrome, chrome: {chromedriverVersion: 2.43.600233 (523efee95e3d68..., userDataDir: /tmp/.org.chromium.Chromium...}, cssSelectorsEnabled: true, databaseEnabled: false, goog:chromeOptions: {debuggerAddress: localhost:36107}, handlesAlerts: true, hasTouchScreen: false, javascriptEnabled: true, locationContextEnabled: true, mobileEmulationEnabled: false, nativeEvents: true, networkConnectionEnabled: false, pageLoadStrategy: normal, platform: LINUX, platformName: LINUX, rotatable: false, setWindowRect: true, takesHeapSnapshot: true, takesScreenshot: true, unexpectedAlertBehaviour: , unhandledPromptBehavior: , version: 73.0.3683.86, webStorageEnabled: true}
Session ID: 888fdf9165320535d4f5b0fcf98c6e5d
	at org.openqa.selenium.remote.ErrorHandler.createThrowable(ErrorHandler.java:214)
	at org.openqa.selenium.remote.ErrorHandler.throwIfResponseFailed(ErrorHandler.java:166)
	at org.openqa.selenium.remote.http.JsonHttpResponseCodec.reconstructValue(JsonHttpResponseCodec.java:40)
	at org.openqa.selenium.remote.http.AbstractHttpResponseCodec.decode(AbstractHttpResponseCodec.java:80)
	at org.openqa.selenium.remote.http.AbstractHttpResponseCodec.decode(AbstractHttpResponseCodec.java:44)
	at org.openqa.selenium.remote.HttpCommandExecutor.execute(HttpCommandExecutor.java:164)
	at org.openqa.selenium.remote.service.DriverCommandExecutor.execute(DriverCommandExecutor.java:83)
	at org.openqa.selenium.remote.RemoteWebDriver.execute(RemoteWebDriver.java:600)
	at com.kms.katalon.selenium.driver.CChromeDriver.execute(CChromeDriver.java:20)
	at org.openqa.selenium.remote.RemoteWebDriver.execute(RemoteWebDriver.java:657)
	at org.openqa.selenium.remote.RemoteWebDriver$RemoteWebDriverOptions$RemoteWindow.maximize(RemoteWebDriver.java:891)
	at com.kms.katalon.core.webui.keyword.builtin.MaximizeWindowKeyword$_maximizeWindow_closure1.doCall(MaximizeWindowKeyword.groovy:85)
	at com.kms.katalon.core.webui.keyword.builtin.MaximizeWindowKeyword$_maximizeWindow_closure1.call(MaximizeWindowKeyword.groovy)
	at com.kms.katalon.core.webui.keyword.internal.WebUIKeywordMain.runKeyword(WebUIKeywordMain.groovy:20)
	at com.kms.katalon.core.webui.keyword.builtin.MaximizeWindowKeyword.maximizeWindow(MaximizeWindowKeyword.groovy:74)
	at com.kms.katalon.core.webui.keyword.builtin.MaximizeWindowKeyword.execute(MaximizeWindowKeyword.groovy:69)
	at com.kms.katalon.core.keyword.internal.KeywordExecutor.executeKeywordForPlatform(KeywordExecutor.groovy:56)
	at com.kms.katalon.core.webui.keyword.WebUiBuiltInKeywords.maximizeWindow(WebUiBuiltInKeywords.groovy:279)
	at com.kms.katalon.core.webui.keyword.WebUiBuiltInKeywords$maximizeWindow$0.call(Unknown Source)
	at Script1552980585608.run(Script1552980585608.groovy:18)
	at com.kms.katalon.core.main.ScriptEngine.run(ScriptEngine.java:194)
	at com.kms.katalon.core.main.ScriptEngine.runScriptAsRawText(ScriptEngine.java:119)
	at com.kms.katalon.core.main.TestCaseExecutor.runScript(TestCaseExecutor.java:331)
	at com.kms.katalon.core.main.TestCaseExecutor.doExecute(TestCaseExecutor.java:322)
	at com.kms.katalon.core.main.TestCaseExecutor.processExecutionPhase(TestCaseExecutor.java:301)
	at com.kms.katalon.core.main.TestCaseExecutor.accessMainPhase(TestCaseExecutor.java:293)
	at com.kms.katalon.core.main.TestCaseExecutor.execute(TestCaseExecutor.java:227)
	at com.kms.katalon.core.main.TestCaseMain.runTestCase(TestCaseMain.java:114)
	at com.kms.katalon.core.keyword.builtin.CallTestCaseKeyword$_callTestCase_closure1.doCall(CallTestCaseKeyword.groovy:59)
	at com.kms.katalon.core.keyword.builtin.CallTestCaseKeyword$_callTestCase_closure1.call(CallTestCaseKeyword.groovy)
	at com.kms.katalon.core.keyword.internal.KeywordMain.runKeyword(KeywordMain.groovy:66)
	at com.kms.katalon.core.keyword.builtin.CallTestCaseKeyword.callTestCase(CallTestCaseKeyword.groovy:81)
	at com.kms.katalon.core.keyword.builtin.CallTestCaseKeyword.execute(CallTestCaseKeyword.groovy:44)
	at com.kms.katalon.core.keyword.internal.KeywordExecutor.executeKeywordForPlatform(KeywordExecutor.groovy:56)
	at com.kms.katalon.core.keyword.BuiltinKeywords.callTestCase(BuiltinKeywords.groovy:334)
	at Script1552997788216.run(Script1552997788216.groovy:17)
	... 13 more
)

2019-04-03 12:18:08 - [MESSAGE][FAILED] - callTestCase(findTestCase("s-sidebar_navigation/individualAccount/Login_Muzamil"), [:], STOP_ON_FAILURE) FAILED.
Reason:
com.kms.katalon.core.exception.StepFailedException: Call Test Case 'Test Cases/s-sidebar_navigation/individualAccount/Login_Muzamil' failed
	at com.kms.katalon.core.keyword.builtin.CallTestCaseKeyword$_callTestCase_closure1.doCall(CallTestCaseKeyword.groovy:63)
	at com.kms.katalon.core.keyword.builtin.CallTestCaseKeyword$_callTestCase_closure1.call(CallTestCaseKeyword.groovy)
	at com.kms.katalon.core.keyword.internal.KeywordMain.runKeyword(KeywordMain.groovy:66)
	at com.kms.katalon.core.keyword.builtin.CallTestCaseKeyword.callTestCase(CallTestCaseKeyword.groovy:81)
	at com.kms.katalon.core.keyword.builtin.CallTestCaseKeyword.execute(CallTestCaseKeyword.groovy:44)
	at com.kms.katalon.core.keyword.internal.KeywordExecutor.executeKeywordForPlatform(KeywordExecutor.groovy:56)
	at com.kms.katalon.core.keyword.BuiltinKeywords.callTestCase(BuiltinKeywords.groovy:334)
	at TC1093.run(TC1093:17)
	at com.kms.katalon.core.main.ScriptEngine.run(ScriptEngine.java:194)
	at com.kms.katalon.core.main.ScriptEngine.runScriptAsRawText(ScriptEngine.java:119)
	at com.kms.katalon.core.main.TestCaseExecutor.runScript(TestCaseExecutor.java:331)
	at com.kms.katalon.core.main.TestCaseExecutor.doExecute(TestCaseExecutor.java:322)
	at com.kms.katalon.core.main.TestCaseExecutor.processExecutionPhase(TestCaseExecutor.java:301)
	at com.kms.katalon.core.main.TestCaseExecutor.accessMainPhase(TestCaseExecutor.java:293)
	at com.kms.katalon.core.main.TestCaseExecutor.execute(TestCaseExecutor.java:227)
	at com.kms.katalon.core.main.TestSuiteExecutor.accessTestCaseMainPhase(TestSuiteExecutor.java:129)
	at com.kms.katalon.core.main.TestSuiteExecutor.accessTestSuiteMainPhase(TestSuiteExecutor.java:112)
	at com.kms.katalon.core.main.TestSuiteExecutor.execute(TestSuiteExecutor.java:81)
	at com.kms.katalon.core.main.TestCaseMain.startTestSuite(TestCaseMain.java:157)
	at com.kms.katalon.core.main.TestCaseMain$startTestSuite$0.call(Unknown Source)
	at TempTestSuite1554275422234.run(TempTestSuite1554275422234.groovy:35)
Caused by: com.kms.katalon.core.exception.StepFailedException: Unable to maximize current window
	at com.kms.katalon.core.webui.keyword.internal.WebUIKeywordMain.stepFailed(WebUIKeywordMain.groovy:64)
	at com.kms.katalon.core.webui.keyword.internal.WebUIKeywordMain.runKeyword(WebUIKeywordMain.groovy:26)
	at com.kms.katalon.core.webui.keyword.builtin.MaximizeWindowKeyword.maximizeWindow(MaximizeWindowKeyword.groovy:74)
	at com.kms.katalon.core.webui.keyword.builtin.MaximizeWindowKeyword.execute(MaximizeWindowKeyword.groovy:69)
	at com.kms.katalon.core.keyword.internal.KeywordExecutor.executeKeywordForPlatform(KeywordExecutor.groovy:56)
	at com.kms.katalon.core.webui.keyword.WebUiBuiltInKeywords.maximizeWindow(WebUiBuiltInKeywords.groovy:279)
	at com.kms.katalon.core.webui.keyword.WebUiBuiltInKeywords$maximizeWindow$0.call(Unknown Source)
	at Login_Muzamil.run(Login_Muzamil:18)
	at com.kms.katalon.core.main.ScriptEngine.run(ScriptEngine.java:194)
	at com.kms.katalon.core.main.ScriptEngine.runScriptAsRawText(ScriptEngine.java:119)
	at com.kms.katalon.core.main.TestCaseExecutor.runScript(TestCaseExecutor.java:331)
	at com.kms.katalon.core.main.TestCaseExecutor.doExecute(TestCaseExecutor.java:322)
	at com.kms.katalon.core.main.TestCaseExecutor.processExecutionPhase(TestCaseExecutor.java:301)
	at com.kms.katalon.core.main.TestCaseExecutor.accessMainPhase(TestCaseExecutor.java:293)
	at com.kms.katalon.core.main.TestCaseExecutor.execute(TestCaseExecutor.java:227)
	at com.kms.katalon.core.main.TestCaseMain.runTestCase(TestCaseMain.java:114)
	at com.kms.katalon.core.keyword.builtin.CallTestCaseKeyword$_callTestCase_closure1.doCall(CallTestCaseKeyword.groovy:59)
	... 20 more
Caused by: org.openqa.selenium.WebDriverException: unknown error: failed to change window state to maximized, current state is normal
  (Session info: chrome=73.0.3683.86)
  (Driver info: chromedriver=2.43.600233 (523efee95e3d68b8719b3a1c83051aa63aa6b10d),platform=Linux 4.18.0-16-generic x86_64) (WARNING: The server did not provide any stacktrace information)
Command duration or timeout: 0 milliseconds
Build info: version: '3.7.1', revision: '8a0099a', time: '2017-11-06T21:07:36.161Z'
System info: host: 'cloudkibomuzamil-Precision-T1700', ip: '127.0.1.1', os.name: 'Linux', os.arch: 'amd64', os.version: '4.18.0-16-generic', java.version: '1.8.0_191'
Driver info: com.kms.katalon.selenium.driver.CChromeDriver
Capabilities {acceptInsecureCerts: false, acceptSslCerts: false, applicationCacheEnabled: false, browserConnectionEnabled: false, browserName: chrome, chrome: {chromedriverVersion: 2.43.600233 (523efee95e3d68..., userDataDir: /tmp/.org.chromium.Chromium...}, cssSelectorsEnabled: true, databaseEnabled: false, goog:chromeOptions: {debuggerAddress: localhost:36107}, handlesAlerts: true, hasTouchScreen: false, javascriptEnabled: true, locationContextEnabled: true, mobileEmulationEnabled: false, nativeEvents: true, networkConnectionEnabled: false, pageLoadStrategy: normal, platform: LINUX, platformName: LINUX, rotatable: false, setWindowRect: true, takesHeapSnapshot: true, takesScreenshot: true, unexpectedAlertBehaviour: , unhandledPromptBehavior: , version: 73.0.3683.86, webStorageEnabled: true}
Session ID: 888fdf9165320535d4f5b0fcf98c6e5d
	at org.openqa.selenium.remote.ErrorHandler.createThrowable(ErrorHandler.java:214)
	at org.openqa.selenium.remote.ErrorHandler.throwIfResponseFailed(ErrorHandler.java:166)
	at org.openqa.selenium.remote.http.JsonHttpResponseCodec.reconstructValue(JsonHttpResponseCodec.java:40)
	at org.openqa.selenium.remote.http.AbstractHttpResponseCodec.decode(AbstractHttpResponseCodec.java:80)
	at org.openqa.selenium.remote.http.AbstractHttpResponseCodec.decode(AbstractHttpResponseCodec.java:44)
	at org.openqa.selenium.remote.HttpCommandExecutor.execute(HttpCommandExecutor.java:164)
	at org.openqa.selenium.remote.service.DriverCommandExecutor.execute(DriverCommandExecutor.java:83)
	at org.openqa.selenium.remote.RemoteWebDriver.execute(RemoteWebDriver.java:600)
	at com.kms.katalon.selenium.driver.CChromeDriver.execute(CChromeDriver.java:20)
	at org.openqa.selenium.remote.RemoteWebDriver.execute(RemoteWebDriver.java:657)
	at org.openqa.selenium.remote.RemoteWebDriver$RemoteWebDriverOptions$RemoteWindow.maximize(RemoteWebDriver.java:891)
	at com.kms.katalon.core.webui.keyword.builtin.MaximizeWindowKeyword$_maximizeWindow_closure1.doCall(MaximizeWindowKeyword.groovy:85)
	at com.kms.katalon.core.webui.keyword.builtin.MaximizeWindowKeyword$_maximizeWindow_closure1.call(MaximizeWindowKeyword.groovy)
	at com.kms.katalon.core.webui.keyword.internal.WebUIKeywordMain.runKeyword(WebUIKeywordMain.groovy:20)
	at com.kms.katalon.core.webui.keyword.builtin.MaximizeWindowKeyword.maximizeWindow(MaximizeWindowKeyword.groovy:74)
	at com.kms.katalon.core.webui.keyword.builtin.MaximizeWindowKeyword.execute(MaximizeWindowKeyword.groovy:69)
	at com.kms.katalon.core.keyword.internal.KeywordExecutor.executeKeywordForPlatform(KeywordExecutor.groovy:56)
	at com.kms.katalon.core.webui.keyword.WebUiBuiltInKeywords.maximizeWindow(WebUiBuiltInKeywords.groovy:279)
	at com.kms.katalon.core.webui.keyword.WebUiBuiltInKeywords$maximizeWindow$0.call(Unknown Source)
	at Script1552980585608.run(Script1552980585608.groovy:18)
	at com.kms.katalon.core.main.ScriptEngine.run(ScriptEngine.java:194)
	at com.kms.katalon.core.main.ScriptEngine.runScriptAsRawText(ScriptEngine.java:119)
	at com.kms.katalon.core.main.TestCaseExecutor.runScript(TestCaseExecutor.java:331)
	at com.kms.katalon.core.main.TestCaseExecutor.doExecute(TestCaseExecutor.java:322)
	at com.kms.katalon.core.main.TestCaseExecutor.processExecutionPhase(TestCaseExecutor.java:301)
	at com.kms.katalon.core.main.TestCaseExecutor.accessMainPhase(TestCaseExecutor.java:293)
	at com.kms.katalon.core.main.TestCaseExecutor.execute(TestCaseExecutor.java:227)
	at com.kms.katalon.core.main.TestCaseMain.runTestCase(TestCaseMain.java:114)
	at com.kms.katalon.core.keyword.builtin.CallTestCaseKeyword$_callTestCase_closure1.doCall(CallTestCaseKeyword.groovy:59)
	at com.kms.katalon.core.keyword.builtin.CallTestCaseKeyword$_callTestCase_closure1.call(CallTestCaseKeyword.groovy)
	at com.kms.katalon.core.keyword.internal.KeywordMain.runKeyword(KeywordMain.groovy:66)
	at com.kms.katalon.core.keyword.builtin.CallTestCaseKeyword.callTestCase(CallTestCaseKeyword.groovy:81)
	at com.kms.katalon.core.keyword.builtin.CallTestCaseKeyword.execute(CallTestCaseKeyword.groovy:44)
	at com.kms.katalon.core.keyword.internal.KeywordExecutor.executeKeywordForPlatform(KeywordExecutor.groovy:56)
	at com.kms.katalon.core.keyword.BuiltinKeywords.callTestCase(BuiltinKeywords.groovy:334)
	at Script1552997788216.run(Script1552997788216.groovy:17)
	... 13 more]]></system-out>
         <system-err><![CDATA[2019-04-03 12:18:08 - [TEST_CASE][FAILED] - Test Cases/Webview/TC1093: Test Cases/Webview/TC1093 FAILED.
Reason:
com.kms.katalon.core.exception.StepFailedException: Call Test Case 'Test Cases/s-sidebar_navigation/individualAccount/Login_Muzamil' failed
	at com.kms.katalon.core.keyword.builtin.CallTestCaseKeyword$_callTestCase_closure1.doCall(CallTestCaseKeyword.groovy:63)
	at com.kms.katalon.core.keyword.builtin.CallTestCaseKeyword$_callTestCase_closure1.call(CallTestCaseKeyword.groovy)
	at com.kms.katalon.core.keyword.internal.KeywordMain.runKeyword(KeywordMain.groovy:66)
	at com.kms.katalon.core.keyword.builtin.CallTestCaseKeyword.callTestCase(CallTestCaseKeyword.groovy:81)
	at com.kms.katalon.core.keyword.builtin.CallTestCaseKeyword.execute(CallTestCaseKeyword.groovy:44)
	at com.kms.katalon.core.keyword.internal.KeywordExecutor.executeKeywordForPlatform(KeywordExecutor.groovy:56)
	at com.kms.katalon.core.keyword.BuiltinKeywords.callTestCase(BuiltinKeywords.groovy:334)
	at TC1093.run(TC1093:17)
	at com.kms.katalon.core.main.ScriptEngine.run(ScriptEngine.java:194)
	at com.kms.katalon.core.main.ScriptEngine.runScriptAsRawText(ScriptEngine.java:119)
	at com.kms.katalon.core.main.TestCaseExecutor.runScript(TestCaseExecutor.java:331)
	at com.kms.katalon.core.main.TestCaseExecutor.doExecute(TestCaseExecutor.java:322)
	at com.kms.katalon.core.main.TestCaseExecutor.processExecutionPhase(TestCaseExecutor.java:301)
	at com.kms.katalon.core.main.TestCaseExecutor.accessMainPhase(TestCaseExecutor.java:293)
	at com.kms.katalon.core.main.TestCaseExecutor.execute(TestCaseExecutor.java:227)
	at com.kms.katalon.core.main.TestSuiteExecutor.accessTestCaseMainPhase(TestSuiteExecutor.java:129)
	at com.kms.katalon.core.main.TestSuiteExecutor.accessTestSuiteMainPhase(TestSuiteExecutor.java:112)
	at com.kms.katalon.core.main.TestSuiteExecutor.execute(TestSuiteExecutor.java:81)
	at com.kms.katalon.core.main.TestCaseMain.startTestSuite(TestCaseMain.java:157)
	at com.kms.katalon.core.main.TestCaseMain$startTestSuite$0.call(Unknown Source)
	at TempTestSuite1554275422234.run(TempTestSuite1554275422234.groovy:35)
Caused by: com.kms.katalon.core.exception.StepFailedException: Unable to maximize current window
	at com.kms.katalon.core.webui.keyword.internal.WebUIKeywordMain.stepFailed(WebUIKeywordMain.groovy:64)
	at com.kms.katalon.core.webui.keyword.internal.WebUIKeywordMain.runKeyword(WebUIKeywordMain.groovy:26)
	at com.kms.katalon.core.webui.keyword.builtin.MaximizeWindowKeyword.maximizeWindow(MaximizeWindowKeyword.groovy:74)
	at com.kms.katalon.core.webui.keyword.builtin.MaximizeWindowKeyword.execute(MaximizeWindowKeyword.groovy:69)
	at com.kms.katalon.core.keyword.internal.KeywordExecutor.executeKeywordForPlatform(KeywordExecutor.groovy:56)
	at com.kms.katalon.core.webui.keyword.WebUiBuiltInKeywords.maximizeWindow(WebUiBuiltInKeywords.groovy:279)
	at com.kms.katalon.core.webui.keyword.WebUiBuiltInKeywords$maximizeWindow$0.call(Unknown Source)
	at Login_Muzamil.run(Login_Muzamil:18)
	at com.kms.katalon.core.main.ScriptEngine.run(ScriptEngine.java:194)
	at com.kms.katalon.core.main.ScriptEngine.runScriptAsRawText(ScriptEngine.java:119)
	at com.kms.katalon.core.main.TestCaseExecutor.runScript(TestCaseExecutor.java:331)
	at com.kms.katalon.core.main.TestCaseExecutor.doExecute(TestCaseExecutor.java:322)
	at com.kms.katalon.core.main.TestCaseExecutor.processExecutionPhase(TestCaseExecutor.java:301)
	at com.kms.katalon.core.main.TestCaseExecutor.accessMainPhase(TestCaseExecutor.java:293)
	at com.kms.katalon.core.main.TestCaseExecutor.execute(TestCaseExecutor.java:227)
	at com.kms.katalon.core.main.TestCaseMain.runTestCase(TestCaseMain.java:114)
	at com.kms.katalon.core.keyword.builtin.CallTestCaseKeyword$_callTestCase_closure1.doCall(CallTestCaseKeyword.groovy:59)
	... 20 more
Caused by: org.openqa.selenium.WebDriverException: unknown error: failed to change window state to maximized, current state is normal
  (Session info: chrome=73.0.3683.86)
  (Driver info: chromedriver=2.43.600233 (523efee95e3d68b8719b3a1c83051aa63aa6b10d),platform=Linux 4.18.0-16-generic x86_64) (WARNING: The server did not provide any stacktrace information)
Command duration or timeout: 0 milliseconds
Build info: version: '3.7.1', revision: '8a0099a', time: '2017-11-06T21:07:36.161Z'
System info: host: 'cloudkibomuzamil-Precision-T1700', ip: '127.0.1.1', os.name: 'Linux', os.arch: 'amd64', os.version: '4.18.0-16-generic', java.version: '1.8.0_191'
Driver info: com.kms.katalon.selenium.driver.CChromeDriver
Capabilities {acceptInsecureCerts: false, acceptSslCerts: false, applicationCacheEnabled: false, browserConnectionEnabled: false, browserName: chrome, chrome: {chromedriverVersion: 2.43.600233 (523efee95e3d68..., userDataDir: /tmp/.org.chromium.Chromium...}, cssSelectorsEnabled: true, databaseEnabled: false, goog:chromeOptions: {debuggerAddress: localhost:36107}, handlesAlerts: true, hasTouchScreen: false, javascriptEnabled: true, locationContextEnabled: true, mobileEmulationEnabled: false, nativeEvents: true, networkConnectionEnabled: false, pageLoadStrategy: normal, platform: LINUX, platformName: LINUX, rotatable: false, setWindowRect: true, takesHeapSnapshot: true, takesScreenshot: true, unexpectedAlertBehaviour: , unhandledPromptBehavior: , version: 73.0.3683.86, webStorageEnabled: true}
Session ID: 888fdf9165320535d4f5b0fcf98c6e5d
	at org.openqa.selenium.remote.ErrorHandler.createThrowable(ErrorHandler.java:214)
	at org.openqa.selenium.remote.ErrorHandler.throwIfResponseFailed(ErrorHandler.java:166)
	at org.openqa.selenium.remote.http.JsonHttpResponseCodec.reconstructValue(JsonHttpResponseCodec.java:40)
	at org.openqa.selenium.remote.http.AbstractHttpResponseCodec.decode(AbstractHttpResponseCodec.java:80)
	at org.openqa.selenium.remote.http.AbstractHttpResponseCodec.decode(AbstractHttpResponseCodec.java:44)
	at org.openqa.selenium.remote.HttpCommandExecutor.execute(HttpCommandExecutor.java:164)
	at org.openqa.selenium.remote.service.DriverCommandExecutor.execute(DriverCommandExecutor.java:83)
	at org.openqa.selenium.remote.RemoteWebDriver.execute(RemoteWebDriver.java:600)
	at com.kms.katalon.selenium.driver.CChromeDriver.execute(CChromeDriver.java:20)
	at org.openqa.selenium.remote.RemoteWebDriver.execute(RemoteWebDriver.java:657)
	at org.openqa.selenium.remote.RemoteWebDriver$RemoteWebDriverOptions$RemoteWindow.maximize(RemoteWebDriver.java:891)
	at com.kms.katalon.core.webui.keyword.builtin.MaximizeWindowKeyword$_maximizeWindow_closure1.doCall(MaximizeWindowKeyword.groovy:85)
	at com.kms.katalon.core.webui.keyword.builtin.MaximizeWindowKeyword$_maximizeWindow_closure1.call(MaximizeWindowKeyword.groovy)
	at com.kms.katalon.core.webui.keyword.internal.WebUIKeywordMain.runKeyword(WebUIKeywordMain.groovy:20)
	at com.kms.katalon.core.webui.keyword.builtin.MaximizeWindowKeyword.maximizeWindow(MaximizeWindowKeyword.groovy:74)
	at com.kms.katalon.core.webui.keyword.builtin.MaximizeWindowKeyword.execute(MaximizeWindowKeyword.groovy:69)
	at com.kms.katalon.core.keyword.internal.KeywordExecutor.executeKeywordForPlatform(KeywordExecutor.groovy:56)
	at com.kms.katalon.core.webui.keyword.WebUiBuiltInKeywords.maximizeWindow(WebUiBuiltInKeywords.groovy:279)
	at com.kms.katalon.core.webui.keyword.WebUiBuiltInKeywords$maximizeWindow$0.call(Unknown Source)
	at Script1552980585608.run(Script1552980585608.groovy:18)
	at com.kms.katalon.core.main.ScriptEngine.run(ScriptEngine.java:194)
	at com.kms.katalon.core.main.ScriptEngine.runScriptAsRawText(ScriptEngine.java:119)
	at com.kms.katalon.core.main.TestCaseExecutor.runScript(TestCaseExecutor.java:331)
	at com.kms.katalon.core.main.TestCaseExecutor.doExecute(TestCaseExecutor.java:322)
	at com.kms.katalon.core.main.TestCaseExecutor.processExecutionPhase(TestCaseExecutor.java:301)
	at com.kms.katalon.core.main.TestCaseExecutor.accessMainPhase(TestCaseExecutor.java:293)
	at com.kms.katalon.core.main.TestCaseExecutor.execute(TestCaseExecutor.java:227)
	at com.kms.katalon.core.main.TestCaseMain.runTestCase(TestCaseMain.java:114)
	at com.kms.katalon.core.keyword.builtin.CallTestCaseKeyword$_callTestCase_closure1.doCall(CallTestCaseKeyword.groovy:59)
	at com.kms.katalon.core.keyword.builtin.CallTestCaseKeyword$_callTestCase_closure1.call(CallTestCaseKeyword.groovy)
	at com.kms.katalon.core.keyword.internal.KeywordMain.runKeyword(KeywordMain.groovy:66)
	at com.kms.katalon.core.keyword.builtin.CallTestCaseKeyword.callTestCase(CallTestCaseKeyword.groovy:81)
	at com.kms.katalon.core.keyword.builtin.CallTestCaseKeyword.execute(CallTestCaseKeyword.groovy:44)
	at com.kms.katalon.core.keyword.internal.KeywordExecutor.executeKeywordForPlatform(KeywordExecutor.groovy:56)
	at com.kms.katalon.core.keyword.BuiltinKeywords.callTestCase(BuiltinKeywords.groovy:334)
	at Script1552997788216.run(Script1552997788216.groovy:17)
	... 13 more]]></system-err>
      </testcase>
      <testcase name="Test Cases/Webview/TC1094" classname="Test Cases/Webview/TC1094" status="FAILED">
         <failure type="FAILED" message="Test Cases/Webview/TC1094 FAILED.
Reason:
com.kms.katalon.core.exception.StepFailedException: Unable to click on object 'Object Repository/Page_KiboEngage  Create Broadcast/button_Next (4) (1)'
	at com.kms.katalon.core.webui.keyword.internal.WebUIKeywordMain.stepFailed(WebUIKeywordMain.groovy:64)
	at com.kms.katalon.core.webui.keyword.internal.WebUIKeywordMain.runKeyword(WebUIKeywordMain.groovy:26)
	at com.kms.katalon.core.webui.keyword.builtin.ClickKeyword.click(ClickKeyword.groovy:86)
	at com.kms.katalon.core.webui.keyword.builtin.ClickKeyword.execute(ClickKeyword.groovy:67)
	at com.kms.katalon.core.keyword.internal.KeywordExecutor.executeKeywordForPlatform(KeywordExecutor.groovy:56)
	at com.kms.katalon.core.webui.keyword.WebUiBuiltInKeywords.click(WebUiBuiltInKeywords.groovy:616)
	at com.kms.katalon.core.webui.keyword.WebUiBuiltInKeywords$click$2.call(Unknown Source)
	at TC1094.run(TC1094:97)
	at com.kms.katalon.core.main.ScriptEngine.run(ScriptEngine.java:194)
	at com.kms.katalon.core.main.ScriptEngine.runScriptAsRawText(ScriptEngine.java:119)
	at com.kms.katalon.core.main.TestCaseExecutor.runScript(TestCaseExecutor.java:331)
	at com.kms.katalon.core.main.TestCaseExecutor.doExecute(TestCaseExecutor.java:322)
	at com.kms.katalon.core.main.TestCaseExecutor.processExecutionPhase(TestCaseExecutor.java:301)
	at com.kms.katalon.core.main.TestCaseExecutor.accessMainPhase(TestCaseExecutor.java:293)
	at com.kms.katalon.core.main.TestCaseExecutor.execute(TestCaseExecutor.java:227)
	at com.kms.katalon.core.main.TestSuiteExecutor.accessTestCaseMainPhase(TestSuiteExecutor.java:129)
	at com.kms.katalon.core.main.TestSuiteExecutor.accessTestSuiteMainPhase(TestSuiteExecutor.java:112)
	at com.kms.katalon.core.main.TestSuiteExecutor.execute(TestSuiteExecutor.java:81)
	at com.kms.katalon.core.main.TestCaseMain.startTestSuite(TestCaseMain.java:157)
	at com.kms.katalon.core.main.TestCaseMain$startTestSuite$0.call(Unknown Source)
	at TempTestSuite1554275422234.run(TempTestSuite1554275422234.groovy:35)
Caused by: org.openqa.selenium.WebDriverException: unknown error: Element &lt;button class=&quot;btn btn-primary&quot;>...&lt;/button> is not clickable at point (1428, 17). Other element would receive the click: &lt;span class=&quot;m-nav__link-text&quot; style=&quot;line-height: 41px; vertical-align: middle; text-align: center;&quot;>...&lt;/span>
  (Session info: chrome=73.0.3683.86)
  (Driver info: chromedriver=2.43.600233 (523efee95e3d68b8719b3a1c83051aa63aa6b10d),platform=Linux 4.18.0-16-generic x86_64) (WARNING: The server did not provide any stacktrace information)
Command duration or timeout: 0 milliseconds
Build info: version: '3.7.1', revision: '8a0099a', time: '2017-11-06T21:07:36.161Z'
System info: host: 'cloudkibomuzamil-Precision-T1700', ip: '127.0.1.1', os.name: 'Linux', os.arch: 'amd64', os.version: '4.18.0-16-generic', java.version: '1.8.0_191'
Driver info: com.kms.katalon.selenium.driver.CChromeDriver
Capabilities {acceptInsecureCerts: false, acceptSslCerts: false, applicationCacheEnabled: false, browserConnectionEnabled: false, browserName: chrome, chrome: {chromedriverVersion: 2.43.600233 (523efee95e3d68..., userDataDir: /tmp/.org.chromium.Chromium...}, cssSelectorsEnabled: true, databaseEnabled: false, goog:chromeOptions: {debuggerAddress: localhost:46139}, handlesAlerts: true, hasTouchScreen: false, javascriptEnabled: true, locationContextEnabled: true, mobileEmulationEnabled: false, nativeEvents: true, networkConnectionEnabled: false, pageLoadStrategy: normal, platform: LINUX, platformName: LINUX, rotatable: false, setWindowRect: true, takesHeapSnapshot: true, takesScreenshot: true, unexpectedAlertBehaviour: , unhandledPromptBehavior: , version: 73.0.3683.86, webStorageEnabled: true}
Session ID: f6eb23b9b1fa3e699a6df6e1199f29af
	at org.openqa.selenium.remote.ErrorHandler.createThrowable(ErrorHandler.java:214)
	at org.openqa.selenium.remote.ErrorHandler.throwIfResponseFailed(ErrorHandler.java:166)
	at org.openqa.selenium.remote.http.JsonHttpResponseCodec.reconstructValue(JsonHttpResponseCodec.java:40)
	at org.openqa.selenium.remote.http.AbstractHttpResponseCodec.decode(AbstractHttpResponseCodec.java:80)
	at org.openqa.selenium.remote.http.AbstractHttpResponseCodec.decode(AbstractHttpResponseCodec.java:44)
	at org.openqa.selenium.remote.HttpCommandExecutor.execute(HttpCommandExecutor.java:164)
	at org.openqa.selenium.remote.service.DriverCommandExecutor.execute(DriverCommandExecutor.java:83)
	at org.openqa.selenium.remote.RemoteWebDriver.execute(RemoteWebDriver.java:600)
	at com.kms.katalon.selenium.driver.CChromeDriver.execute(CChromeDriver.java:20)
	at org.openqa.selenium.remote.RemoteWebElement.execute(RemoteWebElement.java:279)
	at org.openqa.selenium.remote.RemoteWebElement.click(RemoteWebElement.java:83)
	at com.kms.katalon.core.webui.keyword.builtin.ClickKeyword$_click_closure1.doCall(ClickKeyword.groovy:79)
	at com.kms.katalon.core.webui.keyword.builtin.ClickKeyword$_click_closure1.call(ClickKeyword.groovy)
	at com.kms.katalon.core.webui.keyword.internal.WebUIKeywordMain.runKeyword(WebUIKeywordMain.groovy:20)
	at com.kms.katalon.core.webui.keyword.builtin.ClickKeyword.click(ClickKeyword.groovy:86)
	at com.kms.katalon.core.webui.keyword.builtin.ClickKeyword.execute(ClickKeyword.groovy:67)
	at com.kms.katalon.core.keyword.internal.KeywordExecutor.executeKeywordForPlatform(KeywordExecutor.groovy:56)
	at com.kms.katalon.core.webui.keyword.WebUiBuiltInKeywords.click(WebUiBuiltInKeywords.groovy:616)
	at com.kms.katalon.core.webui.keyword.WebUiBuiltInKeywords$click$2.call(Unknown Source)
	at Script1553238920310.run(Script1553238920310.groovy:97)
	... 13 more
"/>
         <system-out><![CDATA[2019-04-03 12:18:08 - [TEST_CASE][FAILED] - Test Cases/Webview/TC1094: Test Cases/Webview/TC1094 FAILED.
Reason:
com.kms.katalon.core.exception.StepFailedException: Unable to click on object 'Object Repository/Page_KiboEngage  Create Broadcast/button_Next (4) (1)'
	at com.kms.katalon.core.webui.keyword.internal.WebUIKeywordMain.stepFailed(WebUIKeywordMain.groovy:64)
	at com.kms.katalon.core.webui.keyword.internal.WebUIKeywordMain.runKeyword(WebUIKeywordMain.groovy:26)
	at com.kms.katalon.core.webui.keyword.builtin.ClickKeyword.click(ClickKeyword.groovy:86)
	at com.kms.katalon.core.webui.keyword.builtin.ClickKeyword.execute(ClickKeyword.groovy:67)
	at com.kms.katalon.core.keyword.internal.KeywordExecutor.executeKeywordForPlatform(KeywordExecutor.groovy:56)
	at com.kms.katalon.core.webui.keyword.WebUiBuiltInKeywords.click(WebUiBuiltInKeywords.groovy:616)
	at com.kms.katalon.core.webui.keyword.WebUiBuiltInKeywords$click$2.call(Unknown Source)
	at TC1094.run(TC1094:97)
	at com.kms.katalon.core.main.ScriptEngine.run(ScriptEngine.java:194)
	at com.kms.katalon.core.main.ScriptEngine.runScriptAsRawText(ScriptEngine.java:119)
	at com.kms.katalon.core.main.TestCaseExecutor.runScript(TestCaseExecutor.java:331)
	at com.kms.katalon.core.main.TestCaseExecutor.doExecute(TestCaseExecutor.java:322)
	at com.kms.katalon.core.main.TestCaseExecutor.processExecutionPhase(TestCaseExecutor.java:301)
	at com.kms.katalon.core.main.TestCaseExecutor.accessMainPhase(TestCaseExecutor.java:293)
	at com.kms.katalon.core.main.TestCaseExecutor.execute(TestCaseExecutor.java:227)
	at com.kms.katalon.core.main.TestSuiteExecutor.accessTestCaseMainPhase(TestSuiteExecutor.java:129)
	at com.kms.katalon.core.main.TestSuiteExecutor.accessTestSuiteMainPhase(TestSuiteExecutor.java:112)
	at com.kms.katalon.core.main.TestSuiteExecutor.execute(TestSuiteExecutor.java:81)
	at com.kms.katalon.core.main.TestCaseMain.startTestSuite(TestCaseMain.java:157)
	at com.kms.katalon.core.main.TestCaseMain$startTestSuite$0.call(Unknown Source)
	at TempTestSuite1554275422234.run(TempTestSuite1554275422234.groovy:35)
Caused by: org.openqa.selenium.WebDriverException: unknown error: Element <button class="btn btn-primary">...</button> is not clickable at point (1428, 17). Other element would receive the click: <span class="m-nav__link-text" style="line-height: 41px; vertical-align: middle; text-align: center;">...</span>
  (Session info: chrome=73.0.3683.86)
  (Driver info: chromedriver=2.43.600233 (523efee95e3d68b8719b3a1c83051aa63aa6b10d),platform=Linux 4.18.0-16-generic x86_64) (WARNING: The server did not provide any stacktrace information)
Command duration or timeout: 0 milliseconds
Build info: version: '3.7.1', revision: '8a0099a', time: '2017-11-06T21:07:36.161Z'
System info: host: 'cloudkibomuzamil-Precision-T1700', ip: '127.0.1.1', os.name: 'Linux', os.arch: 'amd64', os.version: '4.18.0-16-generic', java.version: '1.8.0_191'
Driver info: com.kms.katalon.selenium.driver.CChromeDriver
Capabilities {acceptInsecureCerts: false, acceptSslCerts: false, applicationCacheEnabled: false, browserConnectionEnabled: false, browserName: chrome, chrome: {chromedriverVersion: 2.43.600233 (523efee95e3d68..., userDataDir: /tmp/.org.chromium.Chromium...}, cssSelectorsEnabled: true, databaseEnabled: false, goog:chromeOptions: {debuggerAddress: localhost:46139}, handlesAlerts: true, hasTouchScreen: false, javascriptEnabled: true, locationContextEnabled: true, mobileEmulationEnabled: false, nativeEvents: true, networkConnectionEnabled: false, pageLoadStrategy: normal, platform: LINUX, platformName: LINUX, rotatable: false, setWindowRect: true, takesHeapSnapshot: true, takesScreenshot: true, unexpectedAlertBehaviour: , unhandledPromptBehavior: , version: 73.0.3683.86, webStorageEnabled: true}
Session ID: f6eb23b9b1fa3e699a6df6e1199f29af
	at org.openqa.selenium.remote.ErrorHandler.createThrowable(ErrorHandler.java:214)
	at org.openqa.selenium.remote.ErrorHandler.throwIfResponseFailed(ErrorHandler.java:166)
	at org.openqa.selenium.remote.http.JsonHttpResponseCodec.reconstructValue(JsonHttpResponseCodec.java:40)
	at org.openqa.selenium.remote.http.AbstractHttpResponseCodec.decode(AbstractHttpResponseCodec.java:80)
	at org.openqa.selenium.remote.http.AbstractHttpResponseCodec.decode(AbstractHttpResponseCodec.java:44)
	at org.openqa.selenium.remote.HttpCommandExecutor.execute(HttpCommandExecutor.java:164)
	at org.openqa.selenium.remote.service.DriverCommandExecutor.execute(DriverCommandExecutor.java:83)
	at org.openqa.selenium.remote.RemoteWebDriver.execute(RemoteWebDriver.java:600)
	at com.kms.katalon.selenium.driver.CChromeDriver.execute(CChromeDriver.java:20)
	at org.openqa.selenium.remote.RemoteWebElement.execute(RemoteWebElement.java:279)
	at org.openqa.selenium.remote.RemoteWebElement.click(RemoteWebElement.java:83)
	at com.kms.katalon.core.webui.keyword.builtin.ClickKeyword$_click_closure1.doCall(ClickKeyword.groovy:79)
	at com.kms.katalon.core.webui.keyword.builtin.ClickKeyword$_click_closure1.call(ClickKeyword.groovy)
	at com.kms.katalon.core.webui.keyword.internal.WebUIKeywordMain.runKeyword(WebUIKeywordMain.groovy:20)
	at com.kms.katalon.core.webui.keyword.builtin.ClickKeyword.click(ClickKeyword.groovy:86)
	at com.kms.katalon.core.webui.keyword.builtin.ClickKeyword.execute(ClickKeyword.groovy:67)
	at com.kms.katalon.core.keyword.internal.KeywordExecutor.executeKeywordForPlatform(KeywordExecutor.groovy:56)
	at com.kms.katalon.core.webui.keyword.WebUiBuiltInKeywords.click(WebUiBuiltInKeywords.groovy:616)
	at com.kms.katalon.core.webui.keyword.WebUiBuiltInKeywords$click$2.call(Unknown Source)
	at Script1553238920310.run(Script1553238920310.groovy:97)
	... 13 more


2019-04-03 12:18:09 - [TEST_STEP][PASSED] - callTestCase(findTestCase("s-sidebar_navigation/individualAccount/Login_Muzamil"), [:], STOP_ON_FAILURE): Call Test Case 'Test Cases/s-sidebar_navigation/individualAccount/Login_Muzamil' successfully

2019-04-03 12:18:09 - [TEST_CASE][PASSED] - Test Cases/s-sidebar_navigation/individualAccount/Login_Muzamil: Test Cases/s-sidebar_navigation/individualAccount/Login_Muzamil

2019-04-03 12:18:09 - [TEST_STEP][PASSED] - openBrowser(""): Browser is opened with url: ''

2019-04-03 12:18:09 - [MESSAGE][WARNING] - A browser is already opened. Closing browser and opening a new one

2019-04-03 12:18:09 - [MESSAGE][INFO] - Starting 'Chrome' driver

2019-04-03 12:18:09 - [MESSAGE][PASSED] - Browser is opened with url: ''

2019-04-03 12:18:09 - [TEST_STEP][PASSED] - maximizeWindow(): Current window maximized

2019-04-03 12:18:09 - [MESSAGE][PASSED] - Current window maximized

2019-04-03 12:18:09 - [TEST_STEP][PASSED] - navigateToUrl("https://app.kibopush.com/"): Navigate to 'https://app.kibopush.com/' successfully

2019-04-03 12:18:23 - [MESSAGE][PASSED] - Navigate to 'https://app.kibopush.com/' successfully

2019-04-03 12:18:23 - [TEST_STEP][PASSED] - click(findTestObject("Page_CloudKibo/a_Login (2)")): Object: 'Object Repository/Page_CloudKibo/a_Login (2)' is clicked on

2019-04-03 12:18:23 - [MESSAGE][PASSED] - Object: 'Object Repository/Page_CloudKibo/a_Login (2)' is clicked on

2019-04-03 12:18:23 - [TEST_STEP][PASSED] - delay(2): Delayed 2 second(s)

2019-04-03 12:18:25 - [MESSAGE][PASSED] - Delayed 2 second(s)

2019-04-03 12:18:25 - [TEST_STEP][PASSED] - setText(findTestObject("Page_CloudKibo/input_Sign In_email (1)"), "muzamil.bukhari.39@gmail.com"): Text 'muzamil.bukhari.39@gmail.com' is set on object 'Object Repository/Page_CloudKibo/input_Sign In_email (1)'

2019-04-03 12:18:26 - [MESSAGE][PASSED] - Text 'muzamil.bukhari.39@gmail.com' is set on object 'Object Repository/Page_CloudKibo/input_Sign In_email (1)'

2019-04-03 12:18:26 - [TEST_STEP][PASSED] - setEncryptedText(findTestObject("Page_CloudKibo/input_Sign In_password (1)"), "ZOMPkeJIpHWb3LMKk986MQ=="): Text ****** has been set on object 'Object Repository/Page_CloudKibo/input_Sign In_password (1)'

2019-04-03 12:18:26 - [MESSAGE][PASSED] - Text ****** has been set on object 'Object Repository/Page_CloudKibo/input_Sign In_password (1)'

2019-04-03 12:18:26 - [TEST_STEP][PASSED] - delay(1): Delayed 1 second(s)

2019-04-03 12:18:27 - [MESSAGE][PASSED] - Delayed 1 second(s)

2019-04-03 12:18:27 - [TEST_STEP][PASSED] - click(findTestObject("Page_CloudKibo/button_Sign In (5)")): Object: 'Object Repository/Page_CloudKibo/button_Sign In (5)' is clicked on

2019-04-03 12:18:27 - [MESSAGE][PASSED] - Object: 'Object Repository/Page_CloudKibo/button_Sign In (5)' is clicked on

2019-04-03 12:18:27 - [TEST_STEP][PASSED] - delay(3): Delayed 3 second(s)

2019-04-03 12:18:30 - [MESSAGE][PASSED] - Delayed 3 second(s)

2019-04-03 12:18:30 - [TEST_STEP][PASSED] - click(findTestObject("Object Repository/Page_KiboEngage  Dashboard/h4_KIBOPUSH")): Object: 'Object Repository/Page_KiboEngage  Dashboard/h4_KIBOPUSH' is clicked on

2019-04-03 12:18:46 - [MESSAGE][PASSED] - Object: 'Object Repository/Page_KiboEngage  Dashboard/h4_KIBOPUSH' is clicked on

2019-04-03 12:18:46 - [MESSAGE][PASSED] - Call Test Case 'Test Cases/s-sidebar_navigation/individualAccount/Login_Muzamil' successfully

2019-04-03 12:18:46 - [TEST_STEP][PASSED] - delay(2): Delayed 2 second(s)

2019-04-03 12:18:48 - [MESSAGE][PASSED] - Delayed 2 second(s)

2019-04-03 12:18:48 - [TEST_STEP][PASSED] - click(findTestObject("Page_KiboEngage  Dashboard/span_Broadcasting (1) (2) (1)")): Object: 'Object Repository/Page_KiboEngage  Dashboard/span_Broadcasting (1) (2) (1)' is clicked on

2019-04-03 12:18:49 - [MESSAGE][PASSED] - Object: 'Object Repository/Page_KiboEngage  Dashboard/span_Broadcasting (1) (2) (1)' is clicked on

2019-04-03 12:18:49 - [TEST_STEP][PASSED] - delay(1): Delayed 1 second(s)

2019-04-03 12:18:50 - [MESSAGE][PASSED] - Delayed 1 second(s)

2019-04-03 12:18:50 - [TEST_STEP][PASSED] - click(findTestObject("Page_KiboEngage  Dashboard/span_Broadcasts (1) (1)")): Object: 'Object Repository/Page_KiboEngage  Dashboard/span_Broadcasts (1) (1)' is clicked on

2019-04-03 12:18:50 - [MESSAGE][PASSED] - Object: 'Object Repository/Page_KiboEngage  Dashboard/span_Broadcasts (1) (1)' is clicked on

2019-04-03 12:18:50 - [TEST_STEP][PASSED] - delay(1): Delayed 1 second(s)

2019-04-03 12:18:51 - [MESSAGE][PASSED] - Delayed 1 second(s)

2019-04-03 12:18:51 - [TEST_STEP][PASSED] - click(findTestObject("Page_KiboEngage  Broadcast/span_Create New (2)")): Object: 'Object Repository/Page_KiboEngage  Broadcast/span_Create New (2)' is clicked on

2019-04-03 12:18:51 - [MESSAGE][PASSED] - Object: 'Object Repository/Page_KiboEngage  Broadcast/span_Create New (2)' is clicked on

2019-04-03 12:18:51 - [TEST_STEP][PASSED] - delay(1): Delayed 1 second(s)

2019-04-03 12:18:52 - [MESSAGE][PASSED] - Delayed 1 second(s)

2019-04-03 12:18:52 - [TEST_STEP][PASSED] - click(findTestObject("Page_KiboEngage  Broadcast/button_Create New Broadcast (1) (2)")): Object: 'Object Repository/Page_KiboEngage  Broadcast/button_Create New Broadcast (1) (2)' is clicked on

2019-04-03 12:18:52 - [MESSAGE][PASSED] - Object: 'Object Repository/Page_KiboEngage  Broadcast/button_Create New Broadcast (1) (2)' is clicked on

2019-04-03 12:18:52 - [TEST_STEP][PASSED] - delay(1): Delayed 1 second(s)

2019-04-03 12:18:53 - [MESSAGE][PASSED] - Delayed 1 second(s)

2019-04-03 12:18:53 - [TEST_STEP][PASSED] - click(findTestObject("Page_KiboEngage  Create Broadcast/div_List (1) (1)")): Object: 'Object Repository/Page_KiboEngage  Create Broadcast/div_List (1) (1)' is clicked on

2019-04-03 12:18:53 - [MESSAGE][PASSED] - Object: 'Object Repository/Page_KiboEngage  Create Broadcast/div_List (1) (1)' is clicked on

2019-04-03 12:18:53 - [TEST_STEP][PASSED] - setText(findTestObject("Page_KiboEngage  Create Broadcast/input_Broadcast Title_form-control (2) (1)"), "Title1"): Text 'Title1' is set on object 'Object Repository/Page_KiboEngage  Create Broadcast/input_Broadcast Title_form-control (2) (1)'

2019-04-03 12:18:53 - [MESSAGE][PASSED] - Text 'Title1' is set on object 'Object Repository/Page_KiboEngage  Create Broadcast/input_Broadcast Title_form-control (2) (1)'

2019-04-03 12:18:53 - [TEST_STEP][PASSED] - setText(findTestObject("Page_KiboEngage  Create Broadcast/TextArea-ListItem1 (1)"), "SubTitle1"): Text 'SubTitle1' is set on object 'Object Repository/Page_KiboEngage  Create Broadcast/TextArea-ListItem1 (1)'

2019-04-03 12:18:54 - [MESSAGE][PASSED] - Text 'SubTitle1' is set on object 'Object Repository/Page_KiboEngage  Create Broadcast/TextArea-ListItem1 (1)'

2019-04-03 12:18:54 - [TEST_STEP][PASSED] - setText(findTestObject("Page_KiboEngage  Create Broadcast/Input_Add_Title_Item_2 (1)"), "title2"): Text 'title2' is set on object 'Object Repository/Page_KiboEngage  Create Broadcast/Input_Add_Title_Item_2 (1)'

2019-04-03 12:18:54 - [MESSAGE][PASSED] - Text 'title2' is set on object 'Object Repository/Page_KiboEngage  Create Broadcast/Input_Add_Title_Item_2 (1)'

2019-04-03 12:18:54 - [TEST_STEP][PASSED] - setText(findTestObject("Page_KiboEngage  Create Broadcast/TextArea_ListItem2 (1)"), "Subtitle2"): Text 'Subtitle2' is set on object 'Object Repository/Page_KiboEngage  Create Broadcast/TextArea_ListItem2 (1)'

2019-04-03 12:18:54 - [MESSAGE][PASSED] - Text 'Subtitle2' is set on object 'Object Repository/Page_KiboEngage  Create Broadcast/TextArea_ListItem2 (1)'

2019-04-03 12:18:54 - [TEST_STEP][PASSED] - click(findTestObject("Page_KiboEngage  Create Broadcast/a_Add Action (3) (1)")): Object: 'Object Repository/Page_KiboEngage  Create Broadcast/a_Add Action (3) (1)' is clicked on

2019-04-03 12:18:54 - [MESSAGE][PASSED] - Object: 'Object Repository/Page_KiboEngage  Create Broadcast/a_Add Action (3) (1)' is clicked on

2019-04-03 12:18:54 - [TEST_STEP][PASSED] - click(findTestObject("Page_KiboEngage  Create Broadcast/div_Open a webview (1) (1)")): Object: 'Object Repository/Page_KiboEngage  Create Broadcast/div_Open a webview (1) (1)' is clicked on

2019-04-03 12:18:54 - [MESSAGE][PASSED] - Object: 'Object Repository/Page_KiboEngage  Create Broadcast/div_Open a webview (1) (1)' is clicked on

2019-04-03 12:18:54 - [TEST_STEP][PASSED] - setText(findTestObject("Page_KiboEngage  Create Broadcast/input_Url_form-control (7) (1)"), "https://kiboengage.cloudkibo.com"): Text 'https://kiboengage.cloudkibo.com' is set on object 'Object Repository/Page_KiboEngage  Create Broadcast/input_Url_form-control (7) (1)'

2019-04-03 12:18:54 - [MESSAGE][PASSED] - Text 'https://kiboengage.cloudkibo.com' is set on object 'Object Repository/Page_KiboEngage  Create Broadcast/input_Url_form-control (7) (1)'

2019-04-03 12:18:54 - [TEST_STEP][PASSED] - click(findTestObject("Page_KiboEngage  Create Broadcast/button_Done (6) (1)")): Object: 'Object Repository/Page_KiboEngage  Create Broadcast/button_Done (6) (1)' is clicked on

2019-04-03 12:18:54 - [MESSAGE][PASSED] - Object: 'Object Repository/Page_KiboEngage  Create Broadcast/button_Done (6) (1)' is clicked on

2019-04-03 12:18:54 - [TEST_STEP][PASSED] - delay(2): Delayed 2 second(s)

2019-04-03 12:18:56 - [MESSAGE][PASSED] - Delayed 2 second(s)

2019-04-03 12:18:56 - [TEST_STEP][PASSED] - click(findTestObject("Page_KiboEngage  Create Broadcast/a_Add Action_1 (1) (1)")): Object: 'Object Repository/Page_KiboEngage  Create Broadcast/a_Add Action_1 (1) (1)' is clicked on

2019-04-03 12:18:57 - [MESSAGE][PASSED] - Object: 'Object Repository/Page_KiboEngage  Create Broadcast/a_Add Action_1 (1) (1)' is clicked on

2019-04-03 12:18:57 - [TEST_STEP][PASSED] - click(findTestObject("Page_KiboEngage  Create Broadcast/h7_Open a webview (9) (1)")): Object: 'Object Repository/Page_KiboEngage  Create Broadcast/h7_Open a webview (9) (1)' is clicked on

2019-04-03 12:18:57 - [MESSAGE][PASSED] - Object: 'Object Repository/Page_KiboEngage  Create Broadcast/h7_Open a webview (9) (1)' is clicked on

2019-04-03 12:18:57 - [TEST_STEP][PASSED] - setText(findTestObject("Page_KiboEngage  Create Broadcast/input_Url_form-control (7) (1)"), "https://kiboengage.cloudkibo.com"): Text 'https://kiboengage.cloudkibo.com' is set on object 'Object Repository/Page_KiboEngage  Create Broadcast/input_Url_form-control (7) (1)'

2019-04-03 12:18:57 - [MESSAGE][PASSED] - Text 'https://kiboengage.cloudkibo.com' is set on object 'Object Repository/Page_KiboEngage  Create Broadcast/input_Url_form-control (7) (1)'

2019-04-03 12:18:57 - [TEST_STEP][PASSED] - click(findTestObject("Page_KiboEngage  Create Broadcast/button_Done (6) (1)")): Object: 'Object Repository/Page_KiboEngage  Create Broadcast/button_Done (6) (1)' is clicked on

2019-04-03 12:18:57 - [MESSAGE][PASSED] - Object: 'Object Repository/Page_KiboEngage  Create Broadcast/button_Done (6) (1)' is clicked on

2019-04-03 12:18:57 - [TEST_STEP][PASSED] - delay(2): Delayed 2 second(s)

2019-04-03 12:18:59 - [MESSAGE][PASSED] - Delayed 2 second(s)

2019-04-03 12:18:59 - [TEST_STEP][PASSED] - img = getProjectDir() + "/sample.jpg": null

2019-04-03 12:18:59 - [TEST_STEP][PASSED] - delay(3): Delayed 3 second(s)

2019-04-03 12:19:02 - [MESSAGE][PASSED] - Delayed 3 second(s)

2019-04-03 12:19:02 - [TEST_STEP][PASSED] - uploadFile(findTestObject("Page_KiboEngage  Create Broadcast/Upload_Image_List_Item1 (1)"), img): File '/home/cloudkibo-muzamil/Downloads/Test cases/production/KiboPush/sample.jpg' sent to object: 'Object Repository/Page_KiboEngage  Create Broadcast/Upload_Image_List_Item1 (1)'

2019-04-03 12:19:02 - [MESSAGE][PASSED] - File '/home/cloudkibo-muzamil/Downloads/Test cases/production/KiboPush/sample.jpg' sent to object: 'Object Repository/Page_KiboEngage  Create Broadcast/Upload_Image_List_Item1 (1)'

2019-04-03 12:19:02 - [TEST_STEP][PASSED] - delay(10): Delayed 10 second(s)

2019-04-03 12:19:12 - [MESSAGE][PASSED] - Delayed 10 second(s)

2019-04-03 12:19:12 - [TEST_STEP][PASSED] - click(findTestObject("Page_KiboEngage  Dashboard/h4_KIBOPUSH (1)")): Object: 'Object Repository/Page_KiboEngage  Dashboard/h4_KIBOPUSH (1)' is clicked on

2019-04-03 12:19:12 - [MESSAGE][PASSED] - Object: 'Object Repository/Page_KiboEngage  Dashboard/h4_KIBOPUSH (1)' is clicked on

2019-04-03 12:19:12 - [TEST_STEP][PASSED] - img2 = getProjectDir() + "/sample.jpg": null

2019-04-03 12:19:12 - [TEST_STEP][PASSED] - delay(3): Delayed 3 second(s)

2019-04-03 12:19:15 - [MESSAGE][PASSED] - Delayed 3 second(s)

2019-04-03 12:19:15 - [TEST_STEP][PASSED] - uploadFile(findTestObject("Page_KiboEngage  Create Broadcast/Upload_Image_List_Item2 (1)"), img2): File '/home/cloudkibo-muzamil/Downloads/Test cases/production/KiboPush/sample.jpg' sent to object: 'Object Repository/Page_KiboEngage  Create Broadcast/Upload_Image_List_Item2 (1)'

2019-04-03 12:19:15 - [MESSAGE][PASSED] - File '/home/cloudkibo-muzamil/Downloads/Test cases/production/KiboPush/sample.jpg' sent to object: 'Object Repository/Page_KiboEngage  Create Broadcast/Upload_Image_List_Item2 (1)'

2019-04-03 12:19:15 - [TEST_STEP][PASSED] - delay(10): Delayed 10 second(s)

2019-04-03 12:19:25 - [MESSAGE][PASSED] - Delayed 10 second(s)

2019-04-03 12:19:25 - [TEST_STEP][PASSED] - click(findTestObject("Page_KiboEngage  Dashboard/h4_KIBOPUSH (1)")): Object: 'Object Repository/Page_KiboEngage  Dashboard/h4_KIBOPUSH (1)' is clicked on

2019-04-03 12:19:25 - [MESSAGE][PASSED] - Object: 'Object Repository/Page_KiboEngage  Dashboard/h4_KIBOPUSH (1)' is clicked on

2019-04-03 12:19:25 - [TEST_STEP][PASSED] - delay(2): Delayed 2 second(s)

2019-04-03 12:19:27 - [MESSAGE][PASSED] - Delayed 2 second(s)

2019-04-03 12:19:27 - [TEST_STEP][PASSED] - click(findTestObject("Page_KiboEngage  Create Broadcast/a_Edit Action")): Object: 'Object Repository/Page_KiboEngage  Create Broadcast/a_Edit Action' is clicked on

2019-04-03 12:19:27 - [MESSAGE][PASSED] - Object: 'Object Repository/Page_KiboEngage  Create Broadcast/a_Edit Action' is clicked on

2019-04-03 12:19:27 - [TEST_STEP][PASSED] - setText(findTestObject("Page_KiboEngage  Create Broadcast/input_Url_form-control"), "https://skiboengage.cloudkibo.com"): Text 'https://skiboengage.cloudkibo.com' is set on object 'Object Repository/Page_KiboEngage  Create Broadcast/input_Url_form-control'

2019-04-03 12:19:28 - [MESSAGE][PASSED] - Text 'https://skiboengage.cloudkibo.com' is set on object 'Object Repository/Page_KiboEngage  Create Broadcast/input_Url_form-control'

2019-04-03 12:19:28 - [TEST_STEP][PASSED] - click(findTestObject("Page_KiboEngage  Create Broadcast/button_Done")): Object: 'Object Repository/Page_KiboEngage  Create Broadcast/button_Done' is clicked on

2019-04-03 12:19:28 - [MESSAGE][PASSED] - Object: 'Object Repository/Page_KiboEngage  Create Broadcast/button_Done' is clicked on

2019-04-03 12:19:28 - [TEST_STEP][PASSED] - delay(2): Delayed 2 second(s)

2019-04-03 12:19:30 - [MESSAGE][PASSED] - Delayed 2 second(s)

2019-04-03 12:19:30 - [TEST_STEP][FAILED] - click(findTestObject("Page_KiboEngage  Create Broadcast/button_Next (4) (1)")): click(findTestObject("Page_KiboEngage  Create Broadcast/button_Next (4) (1)")) FAILED.
Reason:
com.kms.katalon.core.exception.StepFailedException: Unable to click on object 'Object Repository/Page_KiboEngage  Create Broadcast/button_Next (4) (1)'
	at com.kms.katalon.core.webui.keyword.internal.WebUIKeywordMain.stepFailed(WebUIKeywordMain.groovy:64)
	at com.kms.katalon.core.webui.keyword.internal.WebUIKeywordMain.runKeyword(WebUIKeywordMain.groovy:26)
	at com.kms.katalon.core.webui.keyword.builtin.ClickKeyword.click(ClickKeyword.groovy:86)
	at com.kms.katalon.core.webui.keyword.builtin.ClickKeyword.execute(ClickKeyword.groovy:67)
	at com.kms.katalon.core.keyword.internal.KeywordExecutor.executeKeywordForPlatform(KeywordExecutor.groovy:56)
	at com.kms.katalon.core.webui.keyword.WebUiBuiltInKeywords.click(WebUiBuiltInKeywords.groovy:616)
	at com.kms.katalon.core.webui.keyword.WebUiBuiltInKeywords$click$2.call(Unknown Source)
	at TC1094.run(TC1094:97)
	at com.kms.katalon.core.main.ScriptEngine.run(ScriptEngine.java:194)
	at com.kms.katalon.core.main.ScriptEngine.runScriptAsRawText(ScriptEngine.java:119)
	at com.kms.katalon.core.main.TestCaseExecutor.runScript(TestCaseExecutor.java:331)
	at com.kms.katalon.core.main.TestCaseExecutor.doExecute(TestCaseExecutor.java:322)
	at com.kms.katalon.core.main.TestCaseExecutor.processExecutionPhase(TestCaseExecutor.java:301)
	at com.kms.katalon.core.main.TestCaseExecutor.accessMainPhase(TestCaseExecutor.java:293)
	at com.kms.katalon.core.main.TestCaseExecutor.execute(TestCaseExecutor.java:227)
	at com.kms.katalon.core.main.TestSuiteExecutor.accessTestCaseMainPhase(TestSuiteExecutor.java:129)
	at com.kms.katalon.core.main.TestSuiteExecutor.accessTestSuiteMainPhase(TestSuiteExecutor.java:112)
	at com.kms.katalon.core.main.TestSuiteExecutor.execute(TestSuiteExecutor.java:81)
	at com.kms.katalon.core.main.TestCaseMain.startTestSuite(TestCaseMain.java:157)
	at com.kms.katalon.core.main.TestCaseMain$startTestSuite$0.call(Unknown Source)
	at TempTestSuite1554275422234.run(TempTestSuite1554275422234.groovy:35)
Caused by: org.openqa.selenium.WebDriverException: unknown error: Element <button class="btn btn-primary">...</button> is not clickable at point (1428, 17). Other element would receive the click: <span class="m-nav__link-text" style="line-height: 41px; vertical-align: middle; text-align: center;">...</span>
  (Session info: chrome=73.0.3683.86)
  (Driver info: chromedriver=2.43.600233 (523efee95e3d68b8719b3a1c83051aa63aa6b10d),platform=Linux 4.18.0-16-generic x86_64) (WARNING: The server did not provide any stacktrace information)
Command duration or timeout: 0 milliseconds
Build info: version: '3.7.1', revision: '8a0099a', time: '2017-11-06T21:07:36.161Z'
System info: host: 'cloudkibomuzamil-Precision-T1700', ip: '127.0.1.1', os.name: 'Linux', os.arch: 'amd64', os.version: '4.18.0-16-generic', java.version: '1.8.0_191'
Driver info: com.kms.katalon.selenium.driver.CChromeDriver
Capabilities {acceptInsecureCerts: false, acceptSslCerts: false, applicationCacheEnabled: false, browserConnectionEnabled: false, browserName: chrome, chrome: {chromedriverVersion: 2.43.600233 (523efee95e3d68..., userDataDir: /tmp/.org.chromium.Chromium...}, cssSelectorsEnabled: true, databaseEnabled: false, goog:chromeOptions: {debuggerAddress: localhost:46139}, handlesAlerts: true, hasTouchScreen: false, javascriptEnabled: true, locationContextEnabled: true, mobileEmulationEnabled: false, nativeEvents: true, networkConnectionEnabled: false, pageLoadStrategy: normal, platform: LINUX, platformName: LINUX, rotatable: false, setWindowRect: true, takesHeapSnapshot: true, takesScreenshot: true, unexpectedAlertBehaviour: , unhandledPromptBehavior: , version: 73.0.3683.86, webStorageEnabled: true}
Session ID: f6eb23b9b1fa3e699a6df6e1199f29af
	at org.openqa.selenium.remote.ErrorHandler.createThrowable(ErrorHandler.java:214)
	at org.openqa.selenium.remote.ErrorHandler.throwIfResponseFailed(ErrorHandler.java:166)
	at org.openqa.selenium.remote.http.JsonHttpResponseCodec.reconstructValue(JsonHttpResponseCodec.java:40)
	at org.openqa.selenium.remote.http.AbstractHttpResponseCodec.decode(AbstractHttpResponseCodec.java:80)
	at org.openqa.selenium.remote.http.AbstractHttpResponseCodec.decode(AbstractHttpResponseCodec.java:44)
	at org.openqa.selenium.remote.HttpCommandExecutor.execute(HttpCommandExecutor.java:164)
	at org.openqa.selenium.remote.service.DriverCommandExecutor.execute(DriverCommandExecutor.java:83)
	at org.openqa.selenium.remote.RemoteWebDriver.execute(RemoteWebDriver.java:600)
	at com.kms.katalon.selenium.driver.CChromeDriver.execute(CChromeDriver.java:20)
	at org.openqa.selenium.remote.RemoteWebElement.execute(RemoteWebElement.java:279)
	at org.openqa.selenium.remote.RemoteWebElement.click(RemoteWebElement.java:83)
	at com.kms.katalon.core.webui.keyword.builtin.ClickKeyword$_click_closure1.doCall(ClickKeyword.groovy:79)
	at com.kms.katalon.core.webui.keyword.builtin.ClickKeyword$_click_closure1.call(ClickKeyword.groovy)
	at com.kms.katalon.core.webui.keyword.internal.WebUIKeywordMain.runKeyword(WebUIKeywordMain.groovy:20)
	at com.kms.katalon.core.webui.keyword.builtin.ClickKeyword.click(ClickKeyword.groovy:86)
	at com.kms.katalon.core.webui.keyword.builtin.ClickKeyword.execute(ClickKeyword.groovy:67)
	at com.kms.katalon.core.keyword.internal.KeywordExecutor.executeKeywordForPlatform(KeywordExecutor.groovy:56)
	at com.kms.katalon.core.webui.keyword.WebUiBuiltInKeywords.click(WebUiBuiltInKeywords.groovy:616)
	at com.kms.katalon.core.webui.keyword.WebUiBuiltInKeywords$click$2.call(Unknown Source)
	at Script1553238920310.run(Script1553238920310.groovy:97)
	... 13 more


2019-04-03 12:19:30 - [MESSAGE][FAILED] - Unable to click on object 'Object Repository/Page_KiboEngage  Create Broadcast/button_Next (4) (1)' (Root cause: com.kms.katalon.core.exception.StepFailedException: Unable to click on object 'Object Repository/Page_KiboEngage  Create Broadcast/button_Next (4) (1)'
	at com.kms.katalon.core.webui.keyword.internal.WebUIKeywordMain.stepFailed(WebUIKeywordMain.groovy:64)
	at com.kms.katalon.core.webui.keyword.internal.WebUIKeywordMain.runKeyword(WebUIKeywordMain.groovy:26)
	at com.kms.katalon.core.webui.keyword.builtin.ClickKeyword.click(ClickKeyword.groovy:86)
	at com.kms.katalon.core.webui.keyword.builtin.ClickKeyword.execute(ClickKeyword.groovy:67)
	at com.kms.katalon.core.keyword.internal.KeywordExecutor.executeKeywordForPlatform(KeywordExecutor.groovy:56)
	at com.kms.katalon.core.webui.keyword.WebUiBuiltInKeywords.click(WebUiBuiltInKeywords.groovy:616)
	at com.kms.katalon.core.webui.keyword.WebUiBuiltInKeywords$click$2.call(Unknown Source)
	at TC1094.run(TC1094:97)
	at com.kms.katalon.core.main.ScriptEngine.run(ScriptEngine.java:194)
	at com.kms.katalon.core.main.ScriptEngine.runScriptAsRawText(ScriptEngine.java:119)
	at com.kms.katalon.core.main.TestCaseExecutor.runScript(TestCaseExecutor.java:331)
	at com.kms.katalon.core.main.TestCaseExecutor.doExecute(TestCaseExecutor.java:322)
	at com.kms.katalon.core.main.TestCaseExecutor.processExecutionPhase(TestCaseExecutor.java:301)
	at com.kms.katalon.core.main.TestCaseExecutor.accessMainPhase(TestCaseExecutor.java:293)
	at com.kms.katalon.core.main.TestCaseExecutor.execute(TestCaseExecutor.java:227)
	at com.kms.katalon.core.main.TestSuiteExecutor.accessTestCaseMainPhase(TestSuiteExecutor.java:129)
	at com.kms.katalon.core.main.TestSuiteExecutor.accessTestSuiteMainPhase(TestSuiteExecutor.java:112)
	at com.kms.katalon.core.main.TestSuiteExecutor.execute(TestSuiteExecutor.java:81)
	at com.kms.katalon.core.main.TestCaseMain.startTestSuite(TestCaseMain.java:157)
	at com.kms.katalon.core.main.TestCaseMain$startTestSuite$0.call(Unknown Source)
	at TempTestSuite1554275422234.run(TempTestSuite1554275422234.groovy:35)
Caused by: org.openqa.selenium.WebDriverException: unknown error: Element <button class="btn btn-primary">...</button> is not clickable at point (1428, 17). Other element would receive the click: <span class="m-nav__link-text" style="line-height: 41px; vertical-align: middle; text-align: center;">...</span>
  (Session info: chrome=73.0.3683.86)
  (Driver info: chromedriver=2.43.600233 (523efee95e3d68b8719b3a1c83051aa63aa6b10d),platform=Linux 4.18.0-16-generic x86_64) (WARNING: The server did not provide any stacktrace information)
Command duration or timeout: 0 milliseconds
Build info: version: '3.7.1', revision: '8a0099a', time: '2017-11-06T21:07:36.161Z'
System info: host: 'cloudkibomuzamil-Precision-T1700', ip: '127.0.1.1', os.name: 'Linux', os.arch: 'amd64', os.version: '4.18.0-16-generic', java.version: '1.8.0_191'
Driver info: com.kms.katalon.selenium.driver.CChromeDriver
Capabilities {acceptInsecureCerts: false, acceptSslCerts: false, applicationCacheEnabled: false, browserConnectionEnabled: false, browserName: chrome, chrome: {chromedriverVersion: 2.43.600233 (523efee95e3d68..., userDataDir: /tmp/.org.chromium.Chromium...}, cssSelectorsEnabled: true, databaseEnabled: false, goog:chromeOptions: {debuggerAddress: localhost:46139}, handlesAlerts: true, hasTouchScreen: false, javascriptEnabled: true, locationContextEnabled: true, mobileEmulationEnabled: false, nativeEvents: true, networkConnectionEnabled: false, pageLoadStrategy: normal, platform: LINUX, platformName: LINUX, rotatable: false, setWindowRect: true, takesHeapSnapshot: true, takesScreenshot: true, unexpectedAlertBehaviour: , unhandledPromptBehavior: , version: 73.0.3683.86, webStorageEnabled: true}
Session ID: f6eb23b9b1fa3e699a6df6e1199f29af
	at org.openqa.selenium.remote.ErrorHandler.createThrowable(ErrorHandler.java:214)
	at org.openqa.selenium.remote.ErrorHandler.throwIfResponseFailed(ErrorHandler.java:166)
	at org.openqa.selenium.remote.http.JsonHttpResponseCodec.reconstructValue(JsonHttpResponseCodec.java:40)
	at org.openqa.selenium.remote.http.AbstractHttpResponseCodec.decode(AbstractHttpResponseCodec.java:80)
	at org.openqa.selenium.remote.http.AbstractHttpResponseCodec.decode(AbstractHttpResponseCodec.java:44)
	at org.openqa.selenium.remote.HttpCommandExecutor.execute(HttpCommandExecutor.java:164)
	at org.openqa.selenium.remote.service.DriverCommandExecutor.execute(DriverCommandExecutor.java:83)
	at org.openqa.selenium.remote.RemoteWebDriver.execute(RemoteWebDriver.java:600)
	at com.kms.katalon.selenium.driver.CChromeDriver.execute(CChromeDriver.java:20)
	at org.openqa.selenium.remote.RemoteWebElement.execute(RemoteWebElement.java:279)
	at org.openqa.selenium.remote.RemoteWebElement.click(RemoteWebElement.java:83)
	at com.kms.katalon.core.webui.keyword.builtin.ClickKeyword$_click_closure1.doCall(ClickKeyword.groovy:79)
	at com.kms.katalon.core.webui.keyword.builtin.ClickKeyword$_click_closure1.call(ClickKeyword.groovy)
	at com.kms.katalon.core.webui.keyword.internal.WebUIKeywordMain.runKeyword(WebUIKeywordMain.groovy:20)
	at com.kms.katalon.core.webui.keyword.builtin.ClickKeyword.click(ClickKeyword.groovy:86)
	at com.kms.katalon.core.webui.keyword.builtin.ClickKeyword.execute(ClickKeyword.groovy:67)
	at com.kms.katalon.core.keyword.internal.KeywordExecutor.executeKeywordForPlatform(KeywordExecutor.groovy:56)
	at com.kms.katalon.core.webui.keyword.WebUiBuiltInKeywords.click(WebUiBuiltInKeywords.groovy:616)
	at com.kms.katalon.core.webui.keyword.WebUiBuiltInKeywords$click$2.call(Unknown Source)
	at Script1553238920310.run(Script1553238920310.groovy:97)
	... 13 more
)
[[ATTACHMENT|/home/cloudkibo-muzamil/Downloads/Test cases/production/KiboPush/Reports/Webview/20190403_121022/1554275970588.png]]

2019-04-03 12:19:30 - [MESSAGE][FAILED] - click(findTestObject("Page_KiboEngage  Create Broadcast/button_Next (4) (1)")) FAILED.
Reason:
com.kms.katalon.core.exception.StepFailedException: Unable to click on object 'Object Repository/Page_KiboEngage  Create Broadcast/button_Next (4) (1)'
	at com.kms.katalon.core.webui.keyword.internal.WebUIKeywordMain.stepFailed(WebUIKeywordMain.groovy:64)
	at com.kms.katalon.core.webui.keyword.internal.WebUIKeywordMain.runKeyword(WebUIKeywordMain.groovy:26)
	at com.kms.katalon.core.webui.keyword.builtin.ClickKeyword.click(ClickKeyword.groovy:86)
	at com.kms.katalon.core.webui.keyword.builtin.ClickKeyword.execute(ClickKeyword.groovy:67)
	at com.kms.katalon.core.keyword.internal.KeywordExecutor.executeKeywordForPlatform(KeywordExecutor.groovy:56)
	at com.kms.katalon.core.webui.keyword.WebUiBuiltInKeywords.click(WebUiBuiltInKeywords.groovy:616)
	at com.kms.katalon.core.webui.keyword.WebUiBuiltInKeywords$click$2.call(Unknown Source)
	at TC1094.run(TC1094:97)
	at com.kms.katalon.core.main.ScriptEngine.run(ScriptEngine.java:194)
	at com.kms.katalon.core.main.ScriptEngine.runScriptAsRawText(ScriptEngine.java:119)
	at com.kms.katalon.core.main.TestCaseExecutor.runScript(TestCaseExecutor.java:331)
	at com.kms.katalon.core.main.TestCaseExecutor.doExecute(TestCaseExecutor.java:322)
	at com.kms.katalon.core.main.TestCaseExecutor.processExecutionPhase(TestCaseExecutor.java:301)
	at com.kms.katalon.core.main.TestCaseExecutor.accessMainPhase(TestCaseExecutor.java:293)
	at com.kms.katalon.core.main.TestCaseExecutor.execute(TestCaseExecutor.java:227)
	at com.kms.katalon.core.main.TestSuiteExecutor.accessTestCaseMainPhase(TestSuiteExecutor.java:129)
	at com.kms.katalon.core.main.TestSuiteExecutor.accessTestSuiteMainPhase(TestSuiteExecutor.java:112)
	at com.kms.katalon.core.main.TestSuiteExecutor.execute(TestSuiteExecutor.java:81)
	at com.kms.katalon.core.main.TestCaseMain.startTestSuite(TestCaseMain.java:157)
	at com.kms.katalon.core.main.TestCaseMain$startTestSuite$0.call(Unknown Source)
	at TempTestSuite1554275422234.run(TempTestSuite1554275422234.groovy:35)
Caused by: org.openqa.selenium.WebDriverException: unknown error: Element <button class="btn btn-primary">...</button> is not clickable at point (1428, 17). Other element would receive the click: <span class="m-nav__link-text" style="line-height: 41px; vertical-align: middle; text-align: center;">...</span>
  (Session info: chrome=73.0.3683.86)
  (Driver info: chromedriver=2.43.600233 (523efee95e3d68b8719b3a1c83051aa63aa6b10d),platform=Linux 4.18.0-16-generic x86_64) (WARNING: The server did not provide any stacktrace information)
Command duration or timeout: 0 milliseconds
Build info: version: '3.7.1', revision: '8a0099a', time: '2017-11-06T21:07:36.161Z'
System info: host: 'cloudkibomuzamil-Precision-T1700', ip: '127.0.1.1', os.name: 'Linux', os.arch: 'amd64', os.version: '4.18.0-16-generic', java.version: '1.8.0_191'
Driver info: com.kms.katalon.selenium.driver.CChromeDriver
Capabilities {acceptInsecureCerts: false, acceptSslCerts: false, applicationCacheEnabled: false, browserConnectionEnabled: false, browserName: chrome, chrome: {chromedriverVersion: 2.43.600233 (523efee95e3d68..., userDataDir: /tmp/.org.chromium.Chromium...}, cssSelectorsEnabled: true, databaseEnabled: false, goog:chromeOptions: {debuggerAddress: localhost:46139}, handlesAlerts: true, hasTouchScreen: false, javascriptEnabled: true, locationContextEnabled: true, mobileEmulationEnabled: false, nativeEvents: true, networkConnectionEnabled: false, pageLoadStrategy: normal, platform: LINUX, platformName: LINUX, rotatable: false, setWindowRect: true, takesHeapSnapshot: true, takesScreenshot: true, unexpectedAlertBehaviour: , unhandledPromptBehavior: , version: 73.0.3683.86, webStorageEnabled: true}
Session ID: f6eb23b9b1fa3e699a6df6e1199f29af
	at org.openqa.selenium.remote.ErrorHandler.createThrowable(ErrorHandler.java:214)
	at org.openqa.selenium.remote.ErrorHandler.throwIfResponseFailed(ErrorHandler.java:166)
	at org.openqa.selenium.remote.http.JsonHttpResponseCodec.reconstructValue(JsonHttpResponseCodec.java:40)
	at org.openqa.selenium.remote.http.AbstractHttpResponseCodec.decode(AbstractHttpResponseCodec.java:80)
	at org.openqa.selenium.remote.http.AbstractHttpResponseCodec.decode(AbstractHttpResponseCodec.java:44)
	at org.openqa.selenium.remote.HttpCommandExecutor.execute(HttpCommandExecutor.java:164)
	at org.openqa.selenium.remote.service.DriverCommandExecutor.execute(DriverCommandExecutor.java:83)
	at org.openqa.selenium.remote.RemoteWebDriver.execute(RemoteWebDriver.java:600)
	at com.kms.katalon.selenium.driver.CChromeDriver.execute(CChromeDriver.java:20)
	at org.openqa.selenium.remote.RemoteWebElement.execute(RemoteWebElement.java:279)
	at org.openqa.selenium.remote.RemoteWebElement.click(RemoteWebElement.java:83)
	at com.kms.katalon.core.webui.keyword.builtin.ClickKeyword$_click_closure1.doCall(ClickKeyword.groovy:79)
	at com.kms.katalon.core.webui.keyword.builtin.ClickKeyword$_click_closure1.call(ClickKeyword.groovy)
	at com.kms.katalon.core.webui.keyword.internal.WebUIKeywordMain.runKeyword(WebUIKeywordMain.groovy:20)
	at com.kms.katalon.core.webui.keyword.builtin.ClickKeyword.click(ClickKeyword.groovy:86)
	at com.kms.katalon.core.webui.keyword.builtin.ClickKeyword.execute(ClickKeyword.groovy:67)
	at com.kms.katalon.core.keyword.internal.KeywordExecutor.executeKeywordForPlatform(KeywordExecutor.groovy:56)
	at com.kms.katalon.core.webui.keyword.WebUiBuiltInKeywords.click(WebUiBuiltInKeywords.groovy:616)
	at com.kms.katalon.core.webui.keyword.WebUiBuiltInKeywords$click$2.call(Unknown Source)
	at Script1553238920310.run(Script1553238920310.groovy:97)
	... 13 more]]></system-out>
         <system-err><![CDATA[2019-04-03 12:18:08 - [TEST_CASE][FAILED] - Test Cases/Webview/TC1094: Test Cases/Webview/TC1094 FAILED.
Reason:
com.kms.katalon.core.exception.StepFailedException: Unable to click on object 'Object Repository/Page_KiboEngage  Create Broadcast/button_Next (4) (1)'
	at com.kms.katalon.core.webui.keyword.internal.WebUIKeywordMain.stepFailed(WebUIKeywordMain.groovy:64)
	at com.kms.katalon.core.webui.keyword.internal.WebUIKeywordMain.runKeyword(WebUIKeywordMain.groovy:26)
	at com.kms.katalon.core.webui.keyword.builtin.ClickKeyword.click(ClickKeyword.groovy:86)
	at com.kms.katalon.core.webui.keyword.builtin.ClickKeyword.execute(ClickKeyword.groovy:67)
	at com.kms.katalon.core.keyword.internal.KeywordExecutor.executeKeywordForPlatform(KeywordExecutor.groovy:56)
	at com.kms.katalon.core.webui.keyword.WebUiBuiltInKeywords.click(WebUiBuiltInKeywords.groovy:616)
	at com.kms.katalon.core.webui.keyword.WebUiBuiltInKeywords$click$2.call(Unknown Source)
	at TC1094.run(TC1094:97)
	at com.kms.katalon.core.main.ScriptEngine.run(ScriptEngine.java:194)
	at com.kms.katalon.core.main.ScriptEngine.runScriptAsRawText(ScriptEngine.java:119)
	at com.kms.katalon.core.main.TestCaseExecutor.runScript(TestCaseExecutor.java:331)
	at com.kms.katalon.core.main.TestCaseExecutor.doExecute(TestCaseExecutor.java:322)
	at com.kms.katalon.core.main.TestCaseExecutor.processExecutionPhase(TestCaseExecutor.java:301)
	at com.kms.katalon.core.main.TestCaseExecutor.accessMainPhase(TestCaseExecutor.java:293)
	at com.kms.katalon.core.main.TestCaseExecutor.execute(TestCaseExecutor.java:227)
	at com.kms.katalon.core.main.TestSuiteExecutor.accessTestCaseMainPhase(TestSuiteExecutor.java:129)
	at com.kms.katalon.core.main.TestSuiteExecutor.accessTestSuiteMainPhase(TestSuiteExecutor.java:112)
	at com.kms.katalon.core.main.TestSuiteExecutor.execute(TestSuiteExecutor.java:81)
	at com.kms.katalon.core.main.TestCaseMain.startTestSuite(TestCaseMain.java:157)
	at com.kms.katalon.core.main.TestCaseMain$startTestSuite$0.call(Unknown Source)
	at TempTestSuite1554275422234.run(TempTestSuite1554275422234.groovy:35)
Caused by: org.openqa.selenium.WebDriverException: unknown error: Element <button class="btn btn-primary">...</button> is not clickable at point (1428, 17). Other element would receive the click: <span class="m-nav__link-text" style="line-height: 41px; vertical-align: middle; text-align: center;">...</span>
  (Session info: chrome=73.0.3683.86)
  (Driver info: chromedriver=2.43.600233 (523efee95e3d68b8719b3a1c83051aa63aa6b10d),platform=Linux 4.18.0-16-generic x86_64) (WARNING: The server did not provide any stacktrace information)
Command duration or timeout: 0 milliseconds
Build info: version: '3.7.1', revision: '8a0099a', time: '2017-11-06T21:07:36.161Z'
System info: host: 'cloudkibomuzamil-Precision-T1700', ip: '127.0.1.1', os.name: 'Linux', os.arch: 'amd64', os.version: '4.18.0-16-generic', java.version: '1.8.0_191'
Driver info: com.kms.katalon.selenium.driver.CChromeDriver
Capabilities {acceptInsecureCerts: false, acceptSslCerts: false, applicationCacheEnabled: false, browserConnectionEnabled: false, browserName: chrome, chrome: {chromedriverVersion: 2.43.600233 (523efee95e3d68..., userDataDir: /tmp/.org.chromium.Chromium...}, cssSelectorsEnabled: true, databaseEnabled: false, goog:chromeOptions: {debuggerAddress: localhost:46139}, handlesAlerts: true, hasTouchScreen: false, javascriptEnabled: true, locationContextEnabled: true, mobileEmulationEnabled: false, nativeEvents: true, networkConnectionEnabled: false, pageLoadStrategy: normal, platform: LINUX, platformName: LINUX, rotatable: false, setWindowRect: true, takesHeapSnapshot: true, takesScreenshot: true, unexpectedAlertBehaviour: , unhandledPromptBehavior: , version: 73.0.3683.86, webStorageEnabled: true}
Session ID: f6eb23b9b1fa3e699a6df6e1199f29af
	at org.openqa.selenium.remote.ErrorHandler.createThrowable(ErrorHandler.java:214)
	at org.openqa.selenium.remote.ErrorHandler.throwIfResponseFailed(ErrorHandler.java:166)
	at org.openqa.selenium.remote.http.JsonHttpResponseCodec.reconstructValue(JsonHttpResponseCodec.java:40)
	at org.openqa.selenium.remote.http.AbstractHttpResponseCodec.decode(AbstractHttpResponseCodec.java:80)
	at org.openqa.selenium.remote.http.AbstractHttpResponseCodec.decode(AbstractHttpResponseCodec.java:44)
	at org.openqa.selenium.remote.HttpCommandExecutor.execute(HttpCommandExecutor.java:164)
	at org.openqa.selenium.remote.service.DriverCommandExecutor.execute(DriverCommandExecutor.java:83)
	at org.openqa.selenium.remote.RemoteWebDriver.execute(RemoteWebDriver.java:600)
	at com.kms.katalon.selenium.driver.CChromeDriver.execute(CChromeDriver.java:20)
	at org.openqa.selenium.remote.RemoteWebElement.execute(RemoteWebElement.java:279)
	at org.openqa.selenium.remote.RemoteWebElement.click(RemoteWebElement.java:83)
	at com.kms.katalon.core.webui.keyword.builtin.ClickKeyword$_click_closure1.doCall(ClickKeyword.groovy:79)
	at com.kms.katalon.core.webui.keyword.builtin.ClickKeyword$_click_closure1.call(ClickKeyword.groovy)
	at com.kms.katalon.core.webui.keyword.internal.WebUIKeywordMain.runKeyword(WebUIKeywordMain.groovy:20)
	at com.kms.katalon.core.webui.keyword.builtin.ClickKeyword.click(ClickKeyword.groovy:86)
	at com.kms.katalon.core.webui.keyword.builtin.ClickKeyword.execute(ClickKeyword.groovy:67)
	at com.kms.katalon.core.keyword.internal.KeywordExecutor.executeKeywordForPlatform(KeywordExecutor.groovy:56)
	at com.kms.katalon.core.webui.keyword.WebUiBuiltInKeywords.click(WebUiBuiltInKeywords.groovy:616)
	at com.kms.katalon.core.webui.keyword.WebUiBuiltInKeywords$click$2.call(Unknown Source)
	at Script1553238920310.run(Script1553238920310.groovy:97)
	... 13 more]]></system-err>
      </testcase>
      <testcase name="Test Cases/Webview/TC1095" classname="Test Cases/Webview/TC1095" status="PASSED">
         <system-out><![CDATA[2019-04-03 12:19:30 - [TEST_CASE][PASSED] - Test Cases/Webview/TC1095: Test Cases/Webview/TC1095

2019-04-03 12:19:30 - [TEST_STEP][PASSED] - callTestCase(findTestCase("Persistent Menu/open_popover"), [:], STOP_ON_FAILURE): Call Test Case 'Test Cases/Persistent Menu/open_popover' successfully

2019-04-03 12:19:30 - [TEST_CASE][PASSED] - Test Cases/Persistent Menu/open_popover: Test Cases/Persistent Menu/open_popover

2019-04-03 12:19:30 - [TEST_STEP][PASSED] - callTestCase(findTestCase("Persistent Menu/Go_to_menu_item"), [:], STOP_ON_FAILURE): Call Test Case 'Test Cases/Persistent Menu/Go_to_menu_item' successfully

2019-04-03 12:19:30 - [TEST_CASE][PASSED] - Test Cases/Persistent Menu/Go_to_menu_item: Test Cases/Persistent Menu/Go_to_menu_item

2019-04-03 12:19:31 - [TEST_STEP][PASSED] - callTestCase(findTestCase("s-sidebar_navigation/individualAccount/Login_Muzamil"), [:], STOP_ON_FAILURE): Call Test Case 'Test Cases/s-sidebar_navigation/individualAccount/Login_Muzamil' successfully

2019-04-03 12:19:31 - [TEST_CASE][PASSED] - Test Cases/s-sidebar_navigation/individualAccount/Login_Muzamil: Test Cases/s-sidebar_navigation/individualAccount/Login_Muzamil

2019-04-03 12:19:31 - [TEST_STEP][PASSED] - openBrowser(""): Browser is opened with url: ''

2019-04-03 12:19:31 - [MESSAGE][WARNING] - A browser is already opened. Closing browser and opening a new one

2019-04-03 12:19:31 - [MESSAGE][INFO] - Starting 'Chrome' driver

2019-04-03 12:19:31 - [MESSAGE][PASSED] - Browser is opened with url: ''

2019-04-03 12:19:31 - [TEST_STEP][PASSED] - maximizeWindow(): Current window maximized

2019-04-03 12:19:31 - [MESSAGE][PASSED] - Current window maximized

2019-04-03 12:19:31 - [TEST_STEP][PASSED] - navigateToUrl("https://app.kibopush.com/"): Navigate to 'https://app.kibopush.com/' successfully

2019-04-03 12:19:39 - [MESSAGE][PASSED] - Navigate to 'https://app.kibopush.com/' successfully

2019-04-03 12:19:39 - [TEST_STEP][PASSED] - click(findTestObject("Page_CloudKibo/a_Login (2)")): Object: 'Object Repository/Page_CloudKibo/a_Login (2)' is clicked on

2019-04-03 12:19:40 - [MESSAGE][PASSED] - Object: 'Object Repository/Page_CloudKibo/a_Login (2)' is clicked on

2019-04-03 12:19:40 - [TEST_STEP][PASSED] - delay(2): Delayed 2 second(s)

2019-04-03 12:19:42 - [MESSAGE][PASSED] - Delayed 2 second(s)

2019-04-03 12:19:42 - [TEST_STEP][PASSED] - setText(findTestObject("Page_CloudKibo/input_Sign In_email (1)"), "muzamil.bukhari.39@gmail.com"): Text 'muzamil.bukhari.39@gmail.com' is set on object 'Object Repository/Page_CloudKibo/input_Sign In_email (1)'

2019-04-03 12:19:42 - [MESSAGE][PASSED] - Text 'muzamil.bukhari.39@gmail.com' is set on object 'Object Repository/Page_CloudKibo/input_Sign In_email (1)'

2019-04-03 12:19:42 - [TEST_STEP][PASSED] - setEncryptedText(findTestObject("Page_CloudKibo/input_Sign In_password (1)"), "ZOMPkeJIpHWb3LMKk986MQ=="): Text ****** has been set on object 'Object Repository/Page_CloudKibo/input_Sign In_password (1)'

2019-04-03 12:19:42 - [MESSAGE][PASSED] - Text ****** has been set on object 'Object Repository/Page_CloudKibo/input_Sign In_password (1)'

2019-04-03 12:19:42 - [TEST_STEP][PASSED] - delay(1): Delayed 1 second(s)

2019-04-03 12:19:43 - [MESSAGE][PASSED] - Delayed 1 second(s)

2019-04-03 12:19:43 - [TEST_STEP][PASSED] - click(findTestObject("Page_CloudKibo/button_Sign In (5)")): Object: 'Object Repository/Page_CloudKibo/button_Sign In (5)' is clicked on

2019-04-03 12:19:43 - [MESSAGE][PASSED] - Object: 'Object Repository/Page_CloudKibo/button_Sign In (5)' is clicked on

2019-04-03 12:19:43 - [TEST_STEP][PASSED] - delay(3): Delayed 3 second(s)

2019-04-03 12:19:46 - [MESSAGE][PASSED] - Delayed 3 second(s)

2019-04-03 12:19:46 - [TEST_STEP][PASSED] - click(findTestObject("Object Repository/Page_KiboEngage  Dashboard/h4_KIBOPUSH")): Object: 'Object Repository/Page_KiboEngage  Dashboard/h4_KIBOPUSH' is clicked on

2019-04-03 12:19:57 - [MESSAGE][PASSED] - Object: 'Object Repository/Page_KiboEngage  Dashboard/h4_KIBOPUSH' is clicked on

2019-04-03 12:19:57 - [MESSAGE][PASSED] - Call Test Case 'Test Cases/s-sidebar_navigation/individualAccount/Login_Muzamil' successfully

2019-04-03 12:19:57 - [TEST_STEP][PASSED] - click(findTestObject("Page_KiboPush  Dashboard/span_Manage Pages")): Object: 'Object Repository/Page_KiboPush  Dashboard/span_Manage Pages' is clicked on

2019-04-03 12:19:57 - [MESSAGE][PASSED] - Object: 'Object Repository/Page_KiboPush  Dashboard/span_Manage Pages' is clicked on

2019-04-03 12:19:57 - [TEST_STEP][PASSED] - delay(2): Delayed 2 second(s)

2019-04-03 12:19:59 - [MESSAGE][PASSED] - Delayed 2 second(s)

2019-04-03 12:19:59 - [TEST_STEP][PASSED] - click(findTestObject("Page_KiboPush  Dashboard/span_Persistent Menu")): Object: 'Object Repository/Page_KiboPush  Dashboard/span_Persistent Menu' is clicked on

2019-04-03 12:19:59 - [MESSAGE][PASSED] - Object: 'Object Repository/Page_KiboPush  Dashboard/span_Persistent Menu' is clicked on

2019-04-03 12:19:59 - [TEST_STEP][PASSED] - delay(2): Delayed 2 second(s)

2019-04-03 12:20:01 - [MESSAGE][PASSED] - Delayed 2 second(s)

2019-04-03 12:20:01 - [MESSAGE][PASSED] - Call Test Case 'Test Cases/Persistent Menu/Go_to_menu_item' successfully

2019-04-03 12:20:01 - [TEST_STEP][PASSED] - delay(2): Delayed 2 second(s)

2019-04-03 12:20:03 - [MESSAGE][PASSED] - Delayed 2 second(s)

2019-04-03 12:20:03 - [TEST_STEP][PASSED] - click(findTestObject("Page_KiboPush  Menu/open popover")): Object: 'Object Repository/Page_KiboPush  Menu/open popover' is clicked on

2019-04-03 12:20:03 - [MESSAGE][PASSED] - Object: 'Object Repository/Page_KiboPush  Menu/open popover' is clicked on

2019-04-03 12:20:03 - [TEST_STEP][PASSED] - delay(2): Delayed 2 second(s)

2019-04-03 12:20:05 - [MESSAGE][PASSED] - Delayed 2 second(s)

2019-04-03 12:20:05 - [MESSAGE][PASSED] - Call Test Case 'Test Cases/Persistent Menu/open_popover' successfully

2019-04-03 12:20:05 - [TEST_STEP][PASSED] - click(findTestObject("Page_KiboPush  Menu/input_Reply with a message_ope (4) (1)")): Object: 'Object Repository/Page_KiboPush  Menu/input_Reply with a message_ope (4) (1)' is clicked on

2019-04-03 12:20:05 - [MESSAGE][PASSED] - Object: 'Object Repository/Page_KiboPush  Menu/input_Reply with a message_ope (4) (1)' is clicked on

2019-04-03 12:20:05 - [TEST_STEP][PASSED] - click(findTestObject("Page_KiboEngage  Menu/h7_Open a webview (2)")): Object: 'Object Repository/Page_KiboEngage  Menu/h7_Open a webview (2)' is clicked on

2019-04-03 12:20:05 - [MESSAGE][PASSED] - Object: 'Object Repository/Page_KiboEngage  Menu/h7_Open a webview (2)' is clicked on

2019-04-03 12:20:05 - [TEST_STEP][PASSED] - setText(findTestObject("Page_KiboEngage  Menu/input_Url_form-control (2)"), "https://kiboengage.cloudkibo.com"): Text 'https://kiboengage.cloudkibo.com' is set on object 'Object Repository/Page_KiboEngage  Menu/input_Url_form-control (2)'

2019-04-03 12:20:06 - [MESSAGE][PASSED] - Text 'https://kiboengage.cloudkibo.com' is set on object 'Object Repository/Page_KiboEngage  Menu/input_Url_form-control (2)'

2019-04-03 12:20:06 - [TEST_STEP][PASSED] - delay(2): Delayed 2 second(s)

2019-04-03 12:20:08 - [MESSAGE][PASSED] - Delayed 2 second(s)

2019-04-03 12:20:08 - [TEST_STEP][PASSED] - click(findTestObject("Page_KiboEngage  Menu/button_Done (2)")): Object: 'Object Repository/Page_KiboEngage  Menu/button_Done (2)' is clicked on

2019-04-03 12:20:08 - [MESSAGE][PASSED] - Object: 'Object Repository/Page_KiboEngage  Menu/button_Done (2)' is clicked on

2019-04-03 12:20:08 - [TEST_STEP][PASSED] - click(findTestObject("Page_KiboEngage  Menu/button_Save Menu (2)")): Object: 'Object Repository/Page_KiboEngage  Menu/button_Save Menu (2)' is clicked on

2019-04-03 12:20:08 - [MESSAGE][PASSED] - Object: 'Object Repository/Page_KiboEngage  Menu/button_Save Menu (2)' is clicked on

2019-04-03 12:20:08 - [TEST_STEP][PASSED] - delay(2): Delayed 2 second(s)

2019-04-03 12:20:10 - [MESSAGE][PASSED] - Delayed 2 second(s)

2019-04-03 12:20:10 - [TEST_STEP][PASSED] - click(findTestObject("Page_KiboEngage  Menu/div_Menu saved successfully (2)")): Object: 'Object Repository/Page_KiboEngage  Menu/div_Menu saved successfully (2)' is clicked on

2019-04-03 12:20:12 - [MESSAGE][PASSED] - Object: 'Object Repository/Page_KiboEngage  Menu/div_Menu saved successfully (2)' is clicked on

2019-04-03 12:20:12 - [TEST_STEP][PASSED] - click(findTestObject("Page_KiboEngage  Menu/Remove_Menu_Button")): Object: 'Object Repository/Page_KiboEngage  Menu/Remove_Menu_Button' is clicked on

2019-04-03 12:20:12 - [MESSAGE][PASSED] - Object: 'Object Repository/Page_KiboEngage  Menu/Remove_Menu_Button' is clicked on]]></system-out>
         <system-err><![CDATA[]]></system-err>
      </testcase>
      <testcase name="Test Cases/Webview/TC1096" classname="Test Cases/Webview/TC1096" status="FAILED">
         <failure type="FAILED" message="Test Cases/Webview/TC1096 FAILED.
Reason:
com.kms.katalon.core.exception.StepFailedException: Unable to click on object 'Object Repository/Page_KiboEngage  Menu/Open_Popover_Edit (1)'
	at com.kms.katalon.core.webui.keyword.internal.WebUIKeywordMain.stepFailed(WebUIKeywordMain.groovy:64)
	at com.kms.katalon.core.webui.keyword.internal.WebUIKeywordMain.runKeyword(WebUIKeywordMain.groovy:26)
	at com.kms.katalon.core.webui.keyword.builtin.ClickKeyword.click(ClickKeyword.groovy:86)
	at com.kms.katalon.core.webui.keyword.builtin.ClickKeyword.execute(ClickKeyword.groovy:67)
	at com.kms.katalon.core.keyword.internal.KeywordExecutor.executeKeywordForPlatform(KeywordExecutor.groovy:56)
	at com.kms.katalon.core.webui.keyword.WebUiBuiltInKeywords.click(WebUiBuiltInKeywords.groovy:616)
	at com.kms.katalon.core.webui.keyword.WebUiBuiltInKeywords$click$2.call(Unknown Source)
	at TC1096.run(TC1096:34)
	at com.kms.katalon.core.main.ScriptEngine.run(ScriptEngine.java:194)
	at com.kms.katalon.core.main.ScriptEngine.runScriptAsRawText(ScriptEngine.java:119)
	at com.kms.katalon.core.main.TestCaseExecutor.runScript(TestCaseExecutor.java:331)
	at com.kms.katalon.core.main.TestCaseExecutor.doExecute(TestCaseExecutor.java:322)
	at com.kms.katalon.core.main.TestCaseExecutor.processExecutionPhase(TestCaseExecutor.java:301)
	at com.kms.katalon.core.main.TestCaseExecutor.accessMainPhase(TestCaseExecutor.java:293)
	at com.kms.katalon.core.main.TestCaseExecutor.execute(TestCaseExecutor.java:227)
	at com.kms.katalon.core.main.TestSuiteExecutor.accessTestCaseMainPhase(TestSuiteExecutor.java:129)
	at com.kms.katalon.core.main.TestSuiteExecutor.accessTestSuiteMainPhase(TestSuiteExecutor.java:112)
	at com.kms.katalon.core.main.TestSuiteExecutor.execute(TestSuiteExecutor.java:81)
	at com.kms.katalon.core.main.TestCaseMain.startTestSuite(TestCaseMain.java:157)
	at com.kms.katalon.core.main.TestCaseMain$startTestSuite$0.call(Unknown Source)
	at TempTestSuite1554275422234.run(TempTestSuite1554275422234.groovy:35)
Caused by: org.openqa.selenium.WebDriverException: unknown error: Element &lt;input type=&quot;text&quot; id=&quot;item-0&quot; class=&quot;form-control m-input menuInput&quot; value=&quot;Main Menu&quot;> is not clickable at point (610, 436). Other element would receive the click: &lt;div style=&quot;opacity: 0; overflow-y: auto; position: absolute; top: 0px; left: 0px; height: 100%; width: 100%; transition: opacity 0.3s ease 0s; cursor: pointer;&quot;>...&lt;/div>
  (Session info: chrome=73.0.3683.86)
  (Driver info: chromedriver=2.43.600233 (523efee95e3d68b8719b3a1c83051aa63aa6b10d),platform=Linux 4.18.0-16-generic x86_64) (WARNING: The server did not provide any stacktrace information)
Command duration or timeout: 0 milliseconds
Build info: version: '3.7.1', revision: '8a0099a', time: '2017-11-06T21:07:36.161Z'
System info: host: 'cloudkibomuzamil-Precision-T1700', ip: '127.0.1.1', os.name: 'Linux', os.arch: 'amd64', os.version: '4.18.0-16-generic', java.version: '1.8.0_191'
Driver info: com.kms.katalon.selenium.driver.CChromeDriver
Capabilities {acceptInsecureCerts: false, acceptSslCerts: false, applicationCacheEnabled: false, browserConnectionEnabled: false, browserName: chrome, chrome: {chromedriverVersion: 2.43.600233 (523efee95e3d68..., userDataDir: /tmp/.org.chromium.Chromium...}, cssSelectorsEnabled: true, databaseEnabled: false, goog:chromeOptions: {debuggerAddress: localhost:35503}, handlesAlerts: true, hasTouchScreen: false, javascriptEnabled: true, locationContextEnabled: true, mobileEmulationEnabled: false, nativeEvents: true, networkConnectionEnabled: false, pageLoadStrategy: normal, platform: LINUX, platformName: LINUX, rotatable: false, setWindowRect: true, takesHeapSnapshot: true, takesScreenshot: true, unexpectedAlertBehaviour: , unhandledPromptBehavior: , version: 73.0.3683.86, webStorageEnabled: true}
Session ID: 0123d1dadd919eb6ba432f2bbdd99bc0
	at org.openqa.selenium.remote.ErrorHandler.createThrowable(ErrorHandler.java:214)
	at org.openqa.selenium.remote.ErrorHandler.throwIfResponseFailed(ErrorHandler.java:166)
	at org.openqa.selenium.remote.http.JsonHttpResponseCodec.reconstructValue(JsonHttpResponseCodec.java:40)
	at org.openqa.selenium.remote.http.AbstractHttpResponseCodec.decode(AbstractHttpResponseCodec.java:80)
	at org.openqa.selenium.remote.http.AbstractHttpResponseCodec.decode(AbstractHttpResponseCodec.java:44)
	at org.openqa.selenium.remote.HttpCommandExecutor.execute(HttpCommandExecutor.java:164)
	at org.openqa.selenium.remote.service.DriverCommandExecutor.execute(DriverCommandExecutor.java:83)
	at org.openqa.selenium.remote.RemoteWebDriver.execute(RemoteWebDriver.java:600)
	at com.kms.katalon.selenium.driver.CChromeDriver.execute(CChromeDriver.java:20)
	at org.openqa.selenium.remote.RemoteWebElement.execute(RemoteWebElement.java:279)
	at org.openqa.selenium.remote.RemoteWebElement.click(RemoteWebElement.java:83)
	at com.kms.katalon.core.webui.keyword.builtin.ClickKeyword$_click_closure1.doCall(ClickKeyword.groovy:79)
	at com.kms.katalon.core.webui.keyword.builtin.ClickKeyword$_click_closure1.call(ClickKeyword.groovy)
	at com.kms.katalon.core.webui.keyword.internal.WebUIKeywordMain.runKeyword(WebUIKeywordMain.groovy:20)
	at com.kms.katalon.core.webui.keyword.builtin.ClickKeyword.click(ClickKeyword.groovy:86)
	at com.kms.katalon.core.webui.keyword.builtin.ClickKeyword.execute(ClickKeyword.groovy:67)
	at com.kms.katalon.core.keyword.internal.KeywordExecutor.executeKeywordForPlatform(KeywordExecutor.groovy:56)
	at com.kms.katalon.core.webui.keyword.WebUiBuiltInKeywords.click(WebUiBuiltInKeywords.groovy:616)
	at com.kms.katalon.core.webui.keyword.WebUiBuiltInKeywords$click$2.call(Unknown Source)
	at Script1553241811470.run(Script1553241811470.groovy:34)
	... 13 more
"/>
         <system-out><![CDATA[2019-04-03 12:20:12 - [TEST_CASE][FAILED] - Test Cases/Webview/TC1096: Test Cases/Webview/TC1096 FAILED.
Reason:
com.kms.katalon.core.exception.StepFailedException: Unable to click on object 'Object Repository/Page_KiboEngage  Menu/Open_Popover_Edit (1)'
	at com.kms.katalon.core.webui.keyword.internal.WebUIKeywordMain.stepFailed(WebUIKeywordMain.groovy:64)
	at com.kms.katalon.core.webui.keyword.internal.WebUIKeywordMain.runKeyword(WebUIKeywordMain.groovy:26)
	at com.kms.katalon.core.webui.keyword.builtin.ClickKeyword.click(ClickKeyword.groovy:86)
	at com.kms.katalon.core.webui.keyword.builtin.ClickKeyword.execute(ClickKeyword.groovy:67)
	at com.kms.katalon.core.keyword.internal.KeywordExecutor.executeKeywordForPlatform(KeywordExecutor.groovy:56)
	at com.kms.katalon.core.webui.keyword.WebUiBuiltInKeywords.click(WebUiBuiltInKeywords.groovy:616)
	at com.kms.katalon.core.webui.keyword.WebUiBuiltInKeywords$click$2.call(Unknown Source)
	at TC1096.run(TC1096:34)
	at com.kms.katalon.core.main.ScriptEngine.run(ScriptEngine.java:194)
	at com.kms.katalon.core.main.ScriptEngine.runScriptAsRawText(ScriptEngine.java:119)
	at com.kms.katalon.core.main.TestCaseExecutor.runScript(TestCaseExecutor.java:331)
	at com.kms.katalon.core.main.TestCaseExecutor.doExecute(TestCaseExecutor.java:322)
	at com.kms.katalon.core.main.TestCaseExecutor.processExecutionPhase(TestCaseExecutor.java:301)
	at com.kms.katalon.core.main.TestCaseExecutor.accessMainPhase(TestCaseExecutor.java:293)
	at com.kms.katalon.core.main.TestCaseExecutor.execute(TestCaseExecutor.java:227)
	at com.kms.katalon.core.main.TestSuiteExecutor.accessTestCaseMainPhase(TestSuiteExecutor.java:129)
	at com.kms.katalon.core.main.TestSuiteExecutor.accessTestSuiteMainPhase(TestSuiteExecutor.java:112)
	at com.kms.katalon.core.main.TestSuiteExecutor.execute(TestSuiteExecutor.java:81)
	at com.kms.katalon.core.main.TestCaseMain.startTestSuite(TestCaseMain.java:157)
	at com.kms.katalon.core.main.TestCaseMain$startTestSuite$0.call(Unknown Source)
	at TempTestSuite1554275422234.run(TempTestSuite1554275422234.groovy:35)
Caused by: org.openqa.selenium.WebDriverException: unknown error: Element <input type="text" id="item-0" class="form-control m-input menuInput" value="Main Menu"> is not clickable at point (610, 436). Other element would receive the click: <div style="opacity: 0; overflow-y: auto; position: absolute; top: 0px; left: 0px; height: 100%; width: 100%; transition: opacity 0.3s ease 0s; cursor: pointer;">...</div>
  (Session info: chrome=73.0.3683.86)
  (Driver info: chromedriver=2.43.600233 (523efee95e3d68b8719b3a1c83051aa63aa6b10d),platform=Linux 4.18.0-16-generic x86_64) (WARNING: The server did not provide any stacktrace information)
Command duration or timeout: 0 milliseconds
Build info: version: '3.7.1', revision: '8a0099a', time: '2017-11-06T21:07:36.161Z'
System info: host: 'cloudkibomuzamil-Precision-T1700', ip: '127.0.1.1', os.name: 'Linux', os.arch: 'amd64', os.version: '4.18.0-16-generic', java.version: '1.8.0_191'
Driver info: com.kms.katalon.selenium.driver.CChromeDriver
Capabilities {acceptInsecureCerts: false, acceptSslCerts: false, applicationCacheEnabled: false, browserConnectionEnabled: false, browserName: chrome, chrome: {chromedriverVersion: 2.43.600233 (523efee95e3d68..., userDataDir: /tmp/.org.chromium.Chromium...}, cssSelectorsEnabled: true, databaseEnabled: false, goog:chromeOptions: {debuggerAddress: localhost:35503}, handlesAlerts: true, hasTouchScreen: false, javascriptEnabled: true, locationContextEnabled: true, mobileEmulationEnabled: false, nativeEvents: true, networkConnectionEnabled: false, pageLoadStrategy: normal, platform: LINUX, platformName: LINUX, rotatable: false, setWindowRect: true, takesHeapSnapshot: true, takesScreenshot: true, unexpectedAlertBehaviour: , unhandledPromptBehavior: , version: 73.0.3683.86, webStorageEnabled: true}
Session ID: 0123d1dadd919eb6ba432f2bbdd99bc0
	at org.openqa.selenium.remote.ErrorHandler.createThrowable(ErrorHandler.java:214)
	at org.openqa.selenium.remote.ErrorHandler.throwIfResponseFailed(ErrorHandler.java:166)
	at org.openqa.selenium.remote.http.JsonHttpResponseCodec.reconstructValue(JsonHttpResponseCodec.java:40)
	at org.openqa.selenium.remote.http.AbstractHttpResponseCodec.decode(AbstractHttpResponseCodec.java:80)
	at org.openqa.selenium.remote.http.AbstractHttpResponseCodec.decode(AbstractHttpResponseCodec.java:44)
	at org.openqa.selenium.remote.HttpCommandExecutor.execute(HttpCommandExecutor.java:164)
	at org.openqa.selenium.remote.service.DriverCommandExecutor.execute(DriverCommandExecutor.java:83)
	at org.openqa.selenium.remote.RemoteWebDriver.execute(RemoteWebDriver.java:600)
	at com.kms.katalon.selenium.driver.CChromeDriver.execute(CChromeDriver.java:20)
	at org.openqa.selenium.remote.RemoteWebElement.execute(RemoteWebElement.java:279)
	at org.openqa.selenium.remote.RemoteWebElement.click(RemoteWebElement.java:83)
	at com.kms.katalon.core.webui.keyword.builtin.ClickKeyword$_click_closure1.doCall(ClickKeyword.groovy:79)
	at com.kms.katalon.core.webui.keyword.builtin.ClickKeyword$_click_closure1.call(ClickKeyword.groovy)
	at com.kms.katalon.core.webui.keyword.internal.WebUIKeywordMain.runKeyword(WebUIKeywordMain.groovy:20)
	at com.kms.katalon.core.webui.keyword.builtin.ClickKeyword.click(ClickKeyword.groovy:86)
	at com.kms.katalon.core.webui.keyword.builtin.ClickKeyword.execute(ClickKeyword.groovy:67)
	at com.kms.katalon.core.keyword.internal.KeywordExecutor.executeKeywordForPlatform(KeywordExecutor.groovy:56)
	at com.kms.katalon.core.webui.keyword.WebUiBuiltInKeywords.click(WebUiBuiltInKeywords.groovy:616)
	at com.kms.katalon.core.webui.keyword.WebUiBuiltInKeywords$click$2.call(Unknown Source)
	at Script1553241811470.run(Script1553241811470.groovy:34)
	... 13 more


2019-04-03 12:20:13 - [TEST_STEP][PASSED] - callTestCase(findTestCase("Persistent Menu/open_popover"), [:], STOP_ON_FAILURE): Call Test Case 'Test Cases/Persistent Menu/open_popover' successfully

2019-04-03 12:20:13 - [TEST_CASE][PASSED] - Test Cases/Persistent Menu/open_popover: Test Cases/Persistent Menu/open_popover

2019-04-03 12:20:13 - [TEST_STEP][PASSED] - callTestCase(findTestCase("Persistent Menu/Go_to_menu_item"), [:], STOP_ON_FAILURE): Call Test Case 'Test Cases/Persistent Menu/Go_to_menu_item' successfully

2019-04-03 12:20:13 - [TEST_CASE][PASSED] - Test Cases/Persistent Menu/Go_to_menu_item: Test Cases/Persistent Menu/Go_to_menu_item

2019-04-03 12:20:13 - [TEST_STEP][PASSED] - callTestCase(findTestCase("s-sidebar_navigation/individualAccount/Login_Muzamil"), [:], STOP_ON_FAILURE): Call Test Case 'Test Cases/s-sidebar_navigation/individualAccount/Login_Muzamil' successfully

2019-04-03 12:20:13 - [TEST_CASE][PASSED] - Test Cases/s-sidebar_navigation/individualAccount/Login_Muzamil: Test Cases/s-sidebar_navigation/individualAccount/Login_Muzamil

2019-04-03 12:20:13 - [TEST_STEP][PASSED] - openBrowser(""): Browser is opened with url: ''

2019-04-03 12:20:13 - [MESSAGE][WARNING] - A browser is already opened. Closing browser and opening a new one

2019-04-03 12:20:13 - [MESSAGE][INFO] - Starting 'Chrome' driver

2019-04-03 12:20:13 - [MESSAGE][PASSED] - Browser is opened with url: ''

2019-04-03 12:20:13 - [TEST_STEP][PASSED] - maximizeWindow(): Current window maximized

2019-04-03 12:20:13 - [MESSAGE][PASSED] - Current window maximized

2019-04-03 12:20:13 - [TEST_STEP][PASSED] - navigateToUrl("https://app.kibopush.com/"): Navigate to 'https://app.kibopush.com/' successfully

2019-04-03 12:20:26 - [MESSAGE][PASSED] - Navigate to 'https://app.kibopush.com/' successfully

2019-04-03 12:20:26 - [TEST_STEP][PASSED] - click(findTestObject("Page_CloudKibo/a_Login (2)")): Object: 'Object Repository/Page_CloudKibo/a_Login (2)' is clicked on

2019-04-03 12:20:27 - [MESSAGE][PASSED] - Object: 'Object Repository/Page_CloudKibo/a_Login (2)' is clicked on

2019-04-03 12:20:27 - [TEST_STEP][PASSED] - delay(2): Delayed 2 second(s)

2019-04-03 12:20:29 - [MESSAGE][PASSED] - Delayed 2 second(s)

2019-04-03 12:20:29 - [TEST_STEP][PASSED] - setText(findTestObject("Page_CloudKibo/input_Sign In_email (1)"), "muzamil.bukhari.39@gmail.com"): Text 'muzamil.bukhari.39@gmail.com' is set on object 'Object Repository/Page_CloudKibo/input_Sign In_email (1)'

2019-04-03 12:20:29 - [MESSAGE][PASSED] - Text 'muzamil.bukhari.39@gmail.com' is set on object 'Object Repository/Page_CloudKibo/input_Sign In_email (1)'

2019-04-03 12:20:29 - [TEST_STEP][PASSED] - setEncryptedText(findTestObject("Page_CloudKibo/input_Sign In_password (1)"), "ZOMPkeJIpHWb3LMKk986MQ=="): Text ****** has been set on object 'Object Repository/Page_CloudKibo/input_Sign In_password (1)'

2019-04-03 12:20:29 - [MESSAGE][PASSED] - Text ****** has been set on object 'Object Repository/Page_CloudKibo/input_Sign In_password (1)'

2019-04-03 12:20:29 - [TEST_STEP][PASSED] - delay(1): Delayed 1 second(s)

2019-04-03 12:20:30 - [MESSAGE][PASSED] - Delayed 1 second(s)

2019-04-03 12:20:30 - [TEST_STEP][PASSED] - click(findTestObject("Page_CloudKibo/button_Sign In (5)")): Object: 'Object Repository/Page_CloudKibo/button_Sign In (5)' is clicked on

2019-04-03 12:20:30 - [MESSAGE][PASSED] - Object: 'Object Repository/Page_CloudKibo/button_Sign In (5)' is clicked on

2019-04-03 12:20:30 - [TEST_STEP][PASSED] - delay(3): Delayed 3 second(s)

2019-04-03 12:20:33 - [MESSAGE][PASSED] - Delayed 3 second(s)

2019-04-03 12:20:33 - [TEST_STEP][PASSED] - click(findTestObject("Object Repository/Page_KiboEngage  Dashboard/h4_KIBOPUSH")): Object: 'Object Repository/Page_KiboEngage  Dashboard/h4_KIBOPUSH' is clicked on

2019-04-03 12:20:48 - [MESSAGE][PASSED] - Object: 'Object Repository/Page_KiboEngage  Dashboard/h4_KIBOPUSH' is clicked on

2019-04-03 12:20:48 - [MESSAGE][PASSED] - Call Test Case 'Test Cases/s-sidebar_navigation/individualAccount/Login_Muzamil' successfully

2019-04-03 12:20:48 - [TEST_STEP][PASSED] - click(findTestObject("Page_KiboPush  Dashboard/span_Manage Pages")): Object: 'Object Repository/Page_KiboPush  Dashboard/span_Manage Pages' is clicked on

2019-04-03 12:20:48 - [MESSAGE][PASSED] - Object: 'Object Repository/Page_KiboPush  Dashboard/span_Manage Pages' is clicked on

2019-04-03 12:20:48 - [TEST_STEP][PASSED] - delay(2): Delayed 2 second(s)

2019-04-03 12:20:50 - [MESSAGE][PASSED] - Delayed 2 second(s)

2019-04-03 12:20:50 - [TEST_STEP][PASSED] - click(findTestObject("Page_KiboPush  Dashboard/span_Persistent Menu")): Object: 'Object Repository/Page_KiboPush  Dashboard/span_Persistent Menu' is clicked on

2019-04-03 12:20:50 - [MESSAGE][PASSED] - Object: 'Object Repository/Page_KiboPush  Dashboard/span_Persistent Menu' is clicked on

2019-04-03 12:20:50 - [TEST_STEP][PASSED] - delay(2): Delayed 2 second(s)

2019-04-03 12:20:52 - [MESSAGE][PASSED] - Delayed 2 second(s)

2019-04-03 12:20:52 - [MESSAGE][PASSED] - Call Test Case 'Test Cases/Persistent Menu/Go_to_menu_item' successfully

2019-04-03 12:20:52 - [TEST_STEP][PASSED] - delay(2): Delayed 2 second(s)

2019-04-03 12:20:54 - [MESSAGE][PASSED] - Delayed 2 second(s)

2019-04-03 12:20:54 - [TEST_STEP][PASSED] - click(findTestObject("Page_KiboPush  Menu/open popover")): Object: 'Object Repository/Page_KiboPush  Menu/open popover' is clicked on

2019-04-03 12:20:54 - [MESSAGE][PASSED] - Object: 'Object Repository/Page_KiboPush  Menu/open popover' is clicked on

2019-04-03 12:20:54 - [TEST_STEP][PASSED] - delay(2): Delayed 2 second(s)

2019-04-03 12:20:56 - [MESSAGE][PASSED] - Delayed 2 second(s)

2019-04-03 12:20:56 - [MESSAGE][PASSED] - Call Test Case 'Test Cases/Persistent Menu/open_popover' successfully

2019-04-03 12:20:56 - [TEST_STEP][PASSED] - click(findTestObject("Page_KiboPush  Menu/input_Reply with a message_ope (4) (1)")): Object: 'Object Repository/Page_KiboPush  Menu/input_Reply with a message_ope (4) (1)' is clicked on

2019-04-03 12:20:56 - [MESSAGE][PASSED] - Object: 'Object Repository/Page_KiboPush  Menu/input_Reply with a message_ope (4) (1)' is clicked on

2019-04-03 12:20:56 - [TEST_STEP][PASSED] - click(findTestObject("Object Repository/Page_KiboEngage  Menu/h7_Open a webview (2) (1) (1)")): Object: 'Object Repository/Page_KiboEngage  Menu/h7_Open a webview (2) (1) (1)' is clicked on

2019-04-03 12:20:56 - [MESSAGE][PASSED] - Object: 'Object Repository/Page_KiboEngage  Menu/h7_Open a webview (2) (1) (1)' is clicked on

2019-04-03 12:20:56 - [TEST_STEP][PASSED] - setText(findTestObject("Object Repository/Page_KiboEngage  Menu/input_Url_form-control (2) (1) (1)"), "https://kiboengage.cloudkibo.com"): Text 'https://kiboengage.cloudkibo.com' is set on object 'Object Repository/Page_KiboEngage  Menu/input_Url_form-control (2) (1) (1)'

2019-04-03 12:20:57 - [MESSAGE][PASSED] - Text 'https://kiboengage.cloudkibo.com' is set on object 'Object Repository/Page_KiboEngage  Menu/input_Url_form-control (2) (1) (1)'

2019-04-03 12:20:57 - [TEST_STEP][PASSED] - delay(2): Delayed 2 second(s)

2019-04-03 12:20:59 - [MESSAGE][PASSED] - Delayed 2 second(s)

2019-04-03 12:20:59 - [TEST_STEP][PASSED] - click(findTestObject("Object Repository/Page_KiboEngage  Menu/button_Done (2) (1) (1)")): Object: 'Object Repository/Page_KiboEngage  Menu/button_Done (2) (1) (1)' is clicked on

2019-04-03 12:20:59 - [MESSAGE][PASSED] - Object: 'Object Repository/Page_KiboEngage  Menu/button_Done (2) (1) (1)' is clicked on

2019-04-03 12:20:59 - [TEST_STEP][PASSED] - click(findTestObject("Object Repository/Page_KiboEngage  Menu/button_Save Menu (2) (1) (1)")): Object: 'Object Repository/Page_KiboEngage  Menu/button_Save Menu (2) (1) (1)' is clicked on

2019-04-03 12:20:59 - [MESSAGE][PASSED] - Object: 'Object Repository/Page_KiboEngage  Menu/button_Save Menu (2) (1) (1)' is clicked on

2019-04-03 12:20:59 - [TEST_STEP][PASSED] - delay(2): Delayed 2 second(s)

2019-04-03 12:21:01 - [MESSAGE][PASSED] - Delayed 2 second(s)

2019-04-03 12:21:01 - [TEST_STEP][PASSED] - click(findTestObject("Object Repository/Page_KiboEngage  Menu/div_Menu saved successfully (2) (1) (1)")): Object: 'Object Repository/Page_KiboEngage  Menu/div_Menu saved successfully (2) (1) (1)' is clicked on

2019-04-03 12:21:02 - [MESSAGE][PASSED] - Object: 'Object Repository/Page_KiboEngage  Menu/div_Menu saved successfully (2) (1) (1)' is clicked on

2019-04-03 12:21:02 - [TEST_STEP][FAILED] - click(findTestObject("Object Repository/Page_KiboEngage  Menu/Open_Popover_Edit (1)")): click(findTestObject("Object Repository/Page_KiboEngage  Menu/Open_Popover_Edit (1)")) FAILED.
Reason:
com.kms.katalon.core.exception.StepFailedException: Unable to click on object 'Object Repository/Page_KiboEngage  Menu/Open_Popover_Edit (1)'
	at com.kms.katalon.core.webui.keyword.internal.WebUIKeywordMain.stepFailed(WebUIKeywordMain.groovy:64)
	at com.kms.katalon.core.webui.keyword.internal.WebUIKeywordMain.runKeyword(WebUIKeywordMain.groovy:26)
	at com.kms.katalon.core.webui.keyword.builtin.ClickKeyword.click(ClickKeyword.groovy:86)
	at com.kms.katalon.core.webui.keyword.builtin.ClickKeyword.execute(ClickKeyword.groovy:67)
	at com.kms.katalon.core.keyword.internal.KeywordExecutor.executeKeywordForPlatform(KeywordExecutor.groovy:56)
	at com.kms.katalon.core.webui.keyword.WebUiBuiltInKeywords.click(WebUiBuiltInKeywords.groovy:616)
	at com.kms.katalon.core.webui.keyword.WebUiBuiltInKeywords$click$2.call(Unknown Source)
	at TC1096.run(TC1096:34)
	at com.kms.katalon.core.main.ScriptEngine.run(ScriptEngine.java:194)
	at com.kms.katalon.core.main.ScriptEngine.runScriptAsRawText(ScriptEngine.java:119)
	at com.kms.katalon.core.main.TestCaseExecutor.runScript(TestCaseExecutor.java:331)
	at com.kms.katalon.core.main.TestCaseExecutor.doExecute(TestCaseExecutor.java:322)
	at com.kms.katalon.core.main.TestCaseExecutor.processExecutionPhase(TestCaseExecutor.java:301)
	at com.kms.katalon.core.main.TestCaseExecutor.accessMainPhase(TestCaseExecutor.java:293)
	at com.kms.katalon.core.main.TestCaseExecutor.execute(TestCaseExecutor.java:227)
	at com.kms.katalon.core.main.TestSuiteExecutor.accessTestCaseMainPhase(TestSuiteExecutor.java:129)
	at com.kms.katalon.core.main.TestSuiteExecutor.accessTestSuiteMainPhase(TestSuiteExecutor.java:112)
	at com.kms.katalon.core.main.TestSuiteExecutor.execute(TestSuiteExecutor.java:81)
	at com.kms.katalon.core.main.TestCaseMain.startTestSuite(TestCaseMain.java:157)
	at com.kms.katalon.core.main.TestCaseMain$startTestSuite$0.call(Unknown Source)
	at TempTestSuite1554275422234.run(TempTestSuite1554275422234.groovy:35)
Caused by: org.openqa.selenium.WebDriverException: unknown error: Element <input type="text" id="item-0" class="form-control m-input menuInput" value="Main Menu"> is not clickable at point (610, 436). Other element would receive the click: <div style="opacity: 0; overflow-y: auto; position: absolute; top: 0px; left: 0px; height: 100%; width: 100%; transition: opacity 0.3s ease 0s; cursor: pointer;">...</div>
  (Session info: chrome=73.0.3683.86)
  (Driver info: chromedriver=2.43.600233 (523efee95e3d68b8719b3a1c83051aa63aa6b10d),platform=Linux 4.18.0-16-generic x86_64) (WARNING: The server did not provide any stacktrace information)
Command duration or timeout: 0 milliseconds
Build info: version: '3.7.1', revision: '8a0099a', time: '2017-11-06T21:07:36.161Z'
System info: host: 'cloudkibomuzamil-Precision-T1700', ip: '127.0.1.1', os.name: 'Linux', os.arch: 'amd64', os.version: '4.18.0-16-generic', java.version: '1.8.0_191'
Driver info: com.kms.katalon.selenium.driver.CChromeDriver
Capabilities {acceptInsecureCerts: false, acceptSslCerts: false, applicationCacheEnabled: false, browserConnectionEnabled: false, browserName: chrome, chrome: {chromedriverVersion: 2.43.600233 (523efee95e3d68..., userDataDir: /tmp/.org.chromium.Chromium...}, cssSelectorsEnabled: true, databaseEnabled: false, goog:chromeOptions: {debuggerAddress: localhost:35503}, handlesAlerts: true, hasTouchScreen: false, javascriptEnabled: true, locationContextEnabled: true, mobileEmulationEnabled: false, nativeEvents: true, networkConnectionEnabled: false, pageLoadStrategy: normal, platform: LINUX, platformName: LINUX, rotatable: false, setWindowRect: true, takesHeapSnapshot: true, takesScreenshot: true, unexpectedAlertBehaviour: , unhandledPromptBehavior: , version: 73.0.3683.86, webStorageEnabled: true}
Session ID: 0123d1dadd919eb6ba432f2bbdd99bc0
	at org.openqa.selenium.remote.ErrorHandler.createThrowable(ErrorHandler.java:214)
	at org.openqa.selenium.remote.ErrorHandler.throwIfResponseFailed(ErrorHandler.java:166)
	at org.openqa.selenium.remote.http.JsonHttpResponseCodec.reconstructValue(JsonHttpResponseCodec.java:40)
	at org.openqa.selenium.remote.http.AbstractHttpResponseCodec.decode(AbstractHttpResponseCodec.java:80)
	at org.openqa.selenium.remote.http.AbstractHttpResponseCodec.decode(AbstractHttpResponseCodec.java:44)
	at org.openqa.selenium.remote.HttpCommandExecutor.execute(HttpCommandExecutor.java:164)
	at org.openqa.selenium.remote.service.DriverCommandExecutor.execute(DriverCommandExecutor.java:83)
	at org.openqa.selenium.remote.RemoteWebDriver.execute(RemoteWebDriver.java:600)
	at com.kms.katalon.selenium.driver.CChromeDriver.execute(CChromeDriver.java:20)
	at org.openqa.selenium.remote.RemoteWebElement.execute(RemoteWebElement.java:279)
	at org.openqa.selenium.remote.RemoteWebElement.click(RemoteWebElement.java:83)
	at com.kms.katalon.core.webui.keyword.builtin.ClickKeyword$_click_closure1.doCall(ClickKeyword.groovy:79)
	at com.kms.katalon.core.webui.keyword.builtin.ClickKeyword$_click_closure1.call(ClickKeyword.groovy)
	at com.kms.katalon.core.webui.keyword.internal.WebUIKeywordMain.runKeyword(WebUIKeywordMain.groovy:20)
	at com.kms.katalon.core.webui.keyword.builtin.ClickKeyword.click(ClickKeyword.groovy:86)
	at com.kms.katalon.core.webui.keyword.builtin.ClickKeyword.execute(ClickKeyword.groovy:67)
	at com.kms.katalon.core.keyword.internal.KeywordExecutor.executeKeywordForPlatform(KeywordExecutor.groovy:56)
	at com.kms.katalon.core.webui.keyword.WebUiBuiltInKeywords.click(WebUiBuiltInKeywords.groovy:616)
	at com.kms.katalon.core.webui.keyword.WebUiBuiltInKeywords$click$2.call(Unknown Source)
	at Script1553241811470.run(Script1553241811470.groovy:34)
	... 13 more


2019-04-03 12:21:02 - [MESSAGE][FAILED] - Unable to click on object 'Object Repository/Page_KiboEngage  Menu/Open_Popover_Edit (1)' (Root cause: com.kms.katalon.core.exception.StepFailedException: Unable to click on object 'Object Repository/Page_KiboEngage  Menu/Open_Popover_Edit (1)'
	at com.kms.katalon.core.webui.keyword.internal.WebUIKeywordMain.stepFailed(WebUIKeywordMain.groovy:64)
	at com.kms.katalon.core.webui.keyword.internal.WebUIKeywordMain.runKeyword(WebUIKeywordMain.groovy:26)
	at com.kms.katalon.core.webui.keyword.builtin.ClickKeyword.click(ClickKeyword.groovy:86)
	at com.kms.katalon.core.webui.keyword.builtin.ClickKeyword.execute(ClickKeyword.groovy:67)
	at com.kms.katalon.core.keyword.internal.KeywordExecutor.executeKeywordForPlatform(KeywordExecutor.groovy:56)
	at com.kms.katalon.core.webui.keyword.WebUiBuiltInKeywords.click(WebUiBuiltInKeywords.groovy:616)
	at com.kms.katalon.core.webui.keyword.WebUiBuiltInKeywords$click$2.call(Unknown Source)
	at TC1096.run(TC1096:34)
	at com.kms.katalon.core.main.ScriptEngine.run(ScriptEngine.java:194)
	at com.kms.katalon.core.main.ScriptEngine.runScriptAsRawText(ScriptEngine.java:119)
	at com.kms.katalon.core.main.TestCaseExecutor.runScript(TestCaseExecutor.java:331)
	at com.kms.katalon.core.main.TestCaseExecutor.doExecute(TestCaseExecutor.java:322)
	at com.kms.katalon.core.main.TestCaseExecutor.processExecutionPhase(TestCaseExecutor.java:301)
	at com.kms.katalon.core.main.TestCaseExecutor.accessMainPhase(TestCaseExecutor.java:293)
	at com.kms.katalon.core.main.TestCaseExecutor.execute(TestCaseExecutor.java:227)
	at com.kms.katalon.core.main.TestSuiteExecutor.accessTestCaseMainPhase(TestSuiteExecutor.java:129)
	at com.kms.katalon.core.main.TestSuiteExecutor.accessTestSuiteMainPhase(TestSuiteExecutor.java:112)
	at com.kms.katalon.core.main.TestSuiteExecutor.execute(TestSuiteExecutor.java:81)
	at com.kms.katalon.core.main.TestCaseMain.startTestSuite(TestCaseMain.java:157)
	at com.kms.katalon.core.main.TestCaseMain$startTestSuite$0.call(Unknown Source)
	at TempTestSuite1554275422234.run(TempTestSuite1554275422234.groovy:35)
Caused by: org.openqa.selenium.WebDriverException: unknown error: Element <input type="text" id="item-0" class="form-control m-input menuInput" value="Main Menu"> is not clickable at point (610, 436). Other element would receive the click: <div style="opacity: 0; overflow-y: auto; position: absolute; top: 0px; left: 0px; height: 100%; width: 100%; transition: opacity 0.3s ease 0s; cursor: pointer;">...</div>
  (Session info: chrome=73.0.3683.86)
  (Driver info: chromedriver=2.43.600233 (523efee95e3d68b8719b3a1c83051aa63aa6b10d),platform=Linux 4.18.0-16-generic x86_64) (WARNING: The server did not provide any stacktrace information)
Command duration or timeout: 0 milliseconds
Build info: version: '3.7.1', revision: '8a0099a', time: '2017-11-06T21:07:36.161Z'
System info: host: 'cloudkibomuzamil-Precision-T1700', ip: '127.0.1.1', os.name: 'Linux', os.arch: 'amd64', os.version: '4.18.0-16-generic', java.version: '1.8.0_191'
Driver info: com.kms.katalon.selenium.driver.CChromeDriver
Capabilities {acceptInsecureCerts: false, acceptSslCerts: false, applicationCacheEnabled: false, browserConnectionEnabled: false, browserName: chrome, chrome: {chromedriverVersion: 2.43.600233 (523efee95e3d68..., userDataDir: /tmp/.org.chromium.Chromium...}, cssSelectorsEnabled: true, databaseEnabled: false, goog:chromeOptions: {debuggerAddress: localhost:35503}, handlesAlerts: true, hasTouchScreen: false, javascriptEnabled: true, locationContextEnabled: true, mobileEmulationEnabled: false, nativeEvents: true, networkConnectionEnabled: false, pageLoadStrategy: normal, platform: LINUX, platformName: LINUX, rotatable: false, setWindowRect: true, takesHeapSnapshot: true, takesScreenshot: true, unexpectedAlertBehaviour: , unhandledPromptBehavior: , version: 73.0.3683.86, webStorageEnabled: true}
Session ID: 0123d1dadd919eb6ba432f2bbdd99bc0
	at org.openqa.selenium.remote.ErrorHandler.createThrowable(ErrorHandler.java:214)
	at org.openqa.selenium.remote.ErrorHandler.throwIfResponseFailed(ErrorHandler.java:166)
	at org.openqa.selenium.remote.http.JsonHttpResponseCodec.reconstructValue(JsonHttpResponseCodec.java:40)
	at org.openqa.selenium.remote.http.AbstractHttpResponseCodec.decode(AbstractHttpResponseCodec.java:80)
	at org.openqa.selenium.remote.http.AbstractHttpResponseCodec.decode(AbstractHttpResponseCodec.java:44)
	at org.openqa.selenium.remote.HttpCommandExecutor.execute(HttpCommandExecutor.java:164)
	at org.openqa.selenium.remote.service.DriverCommandExecutor.execute(DriverCommandExecutor.java:83)
	at org.openqa.selenium.remote.RemoteWebDriver.execute(RemoteWebDriver.java:600)
	at com.kms.katalon.selenium.driver.CChromeDriver.execute(CChromeDriver.java:20)
	at org.openqa.selenium.remote.RemoteWebElement.execute(RemoteWebElement.java:279)
	at org.openqa.selenium.remote.RemoteWebElement.click(RemoteWebElement.java:83)
	at com.kms.katalon.core.webui.keyword.builtin.ClickKeyword$_click_closure1.doCall(ClickKeyword.groovy:79)
	at com.kms.katalon.core.webui.keyword.builtin.ClickKeyword$_click_closure1.call(ClickKeyword.groovy)
	at com.kms.katalon.core.webui.keyword.internal.WebUIKeywordMain.runKeyword(WebUIKeywordMain.groovy:20)
	at com.kms.katalon.core.webui.keyword.builtin.ClickKeyword.click(ClickKeyword.groovy:86)
	at com.kms.katalon.core.webui.keyword.builtin.ClickKeyword.execute(ClickKeyword.groovy:67)
	at com.kms.katalon.core.keyword.internal.KeywordExecutor.executeKeywordForPlatform(KeywordExecutor.groovy:56)
	at com.kms.katalon.core.webui.keyword.WebUiBuiltInKeywords.click(WebUiBuiltInKeywords.groovy:616)
	at com.kms.katalon.core.webui.keyword.WebUiBuiltInKeywords$click$2.call(Unknown Source)
	at Script1553241811470.run(Script1553241811470.groovy:34)
	... 13 more
)
[[ATTACHMENT|/home/cloudkibo-muzamil/Downloads/Test cases/production/KiboPush/Reports/Webview/20190403_121022/1554276062831.png]]

2019-04-03 12:21:02 - [MESSAGE][FAILED] - click(findTestObject("Object Repository/Page_KiboEngage  Menu/Open_Popover_Edit (1)")) FAILED.
Reason:
com.kms.katalon.core.exception.StepFailedException: Unable to click on object 'Object Repository/Page_KiboEngage  Menu/Open_Popover_Edit (1)'
	at com.kms.katalon.core.webui.keyword.internal.WebUIKeywordMain.stepFailed(WebUIKeywordMain.groovy:64)
	at com.kms.katalon.core.webui.keyword.internal.WebUIKeywordMain.runKeyword(WebUIKeywordMain.groovy:26)
	at com.kms.katalon.core.webui.keyword.builtin.ClickKeyword.click(ClickKeyword.groovy:86)
	at com.kms.katalon.core.webui.keyword.builtin.ClickKeyword.execute(ClickKeyword.groovy:67)
	at com.kms.katalon.core.keyword.internal.KeywordExecutor.executeKeywordForPlatform(KeywordExecutor.groovy:56)
	at com.kms.katalon.core.webui.keyword.WebUiBuiltInKeywords.click(WebUiBuiltInKeywords.groovy:616)
	at com.kms.katalon.core.webui.keyword.WebUiBuiltInKeywords$click$2.call(Unknown Source)
	at TC1096.run(TC1096:34)
	at com.kms.katalon.core.main.ScriptEngine.run(ScriptEngine.java:194)
	at com.kms.katalon.core.main.ScriptEngine.runScriptAsRawText(ScriptEngine.java:119)
	at com.kms.katalon.core.main.TestCaseExecutor.runScript(TestCaseExecutor.java:331)
	at com.kms.katalon.core.main.TestCaseExecutor.doExecute(TestCaseExecutor.java:322)
	at com.kms.katalon.core.main.TestCaseExecutor.processExecutionPhase(TestCaseExecutor.java:301)
	at com.kms.katalon.core.main.TestCaseExecutor.accessMainPhase(TestCaseExecutor.java:293)
	at com.kms.katalon.core.main.TestCaseExecutor.execute(TestCaseExecutor.java:227)
	at com.kms.katalon.core.main.TestSuiteExecutor.accessTestCaseMainPhase(TestSuiteExecutor.java:129)
	at com.kms.katalon.core.main.TestSuiteExecutor.accessTestSuiteMainPhase(TestSuiteExecutor.java:112)
	at com.kms.katalon.core.main.TestSuiteExecutor.execute(TestSuiteExecutor.java:81)
	at com.kms.katalon.core.main.TestCaseMain.startTestSuite(TestCaseMain.java:157)
	at com.kms.katalon.core.main.TestCaseMain$startTestSuite$0.call(Unknown Source)
	at TempTestSuite1554275422234.run(TempTestSuite1554275422234.groovy:35)
Caused by: org.openqa.selenium.WebDriverException: unknown error: Element <input type="text" id="item-0" class="form-control m-input menuInput" value="Main Menu"> is not clickable at point (610, 436). Other element would receive the click: <div style="opacity: 0; overflow-y: auto; position: absolute; top: 0px; left: 0px; height: 100%; width: 100%; transition: opacity 0.3s ease 0s; cursor: pointer;">...</div>
  (Session info: chrome=73.0.3683.86)
  (Driver info: chromedriver=2.43.600233 (523efee95e3d68b8719b3a1c83051aa63aa6b10d),platform=Linux 4.18.0-16-generic x86_64) (WARNING: The server did not provide any stacktrace information)
Command duration or timeout: 0 milliseconds
Build info: version: '3.7.1', revision: '8a0099a', time: '2017-11-06T21:07:36.161Z'
System info: host: 'cloudkibomuzamil-Precision-T1700', ip: '127.0.1.1', os.name: 'Linux', os.arch: 'amd64', os.version: '4.18.0-16-generic', java.version: '1.8.0_191'
Driver info: com.kms.katalon.selenium.driver.CChromeDriver
Capabilities {acceptInsecureCerts: false, acceptSslCerts: false, applicationCacheEnabled: false, browserConnectionEnabled: false, browserName: chrome, chrome: {chromedriverVersion: 2.43.600233 (523efee95e3d68..., userDataDir: /tmp/.org.chromium.Chromium...}, cssSelectorsEnabled: true, databaseEnabled: false, goog:chromeOptions: {debuggerAddress: localhost:35503}, handlesAlerts: true, hasTouchScreen: false, javascriptEnabled: true, locationContextEnabled: true, mobileEmulationEnabled: false, nativeEvents: true, networkConnectionEnabled: false, pageLoadStrategy: normal, platform: LINUX, platformName: LINUX, rotatable: false, setWindowRect: true, takesHeapSnapshot: true, takesScreenshot: true, unexpectedAlertBehaviour: , unhandledPromptBehavior: , version: 73.0.3683.86, webStorageEnabled: true}
Session ID: 0123d1dadd919eb6ba432f2bbdd99bc0
	at org.openqa.selenium.remote.ErrorHandler.createThrowable(ErrorHandler.java:214)
	at org.openqa.selenium.remote.ErrorHandler.throwIfResponseFailed(ErrorHandler.java:166)
	at org.openqa.selenium.remote.http.JsonHttpResponseCodec.reconstructValue(JsonHttpResponseCodec.java:40)
	at org.openqa.selenium.remote.http.AbstractHttpResponseCodec.decode(AbstractHttpResponseCodec.java:80)
	at org.openqa.selenium.remote.http.AbstractHttpResponseCodec.decode(AbstractHttpResponseCodec.java:44)
	at org.openqa.selenium.remote.HttpCommandExecutor.execute(HttpCommandExecutor.java:164)
	at org.openqa.selenium.remote.service.DriverCommandExecutor.execute(DriverCommandExecutor.java:83)
	at org.openqa.selenium.remote.RemoteWebDriver.execute(RemoteWebDriver.java:600)
	at com.kms.katalon.selenium.driver.CChromeDriver.execute(CChromeDriver.java:20)
	at org.openqa.selenium.remote.RemoteWebElement.execute(RemoteWebElement.java:279)
	at org.openqa.selenium.remote.RemoteWebElement.click(RemoteWebElement.java:83)
	at com.kms.katalon.core.webui.keyword.builtin.ClickKeyword$_click_closure1.doCall(ClickKeyword.groovy:79)
	at com.kms.katalon.core.webui.keyword.builtin.ClickKeyword$_click_closure1.call(ClickKeyword.groovy)
	at com.kms.katalon.core.webui.keyword.internal.WebUIKeywordMain.runKeyword(WebUIKeywordMain.groovy:20)
	at com.kms.katalon.core.webui.keyword.builtin.ClickKeyword.click(ClickKeyword.groovy:86)
	at com.kms.katalon.core.webui.keyword.builtin.ClickKeyword.execute(ClickKeyword.groovy:67)
	at com.kms.katalon.core.keyword.internal.KeywordExecutor.executeKeywordForPlatform(KeywordExecutor.groovy:56)
	at com.kms.katalon.core.webui.keyword.WebUiBuiltInKeywords.click(WebUiBuiltInKeywords.groovy:616)
	at com.kms.katalon.core.webui.keyword.WebUiBuiltInKeywords$click$2.call(Unknown Source)
	at Script1553241811470.run(Script1553241811470.groovy:34)
	... 13 more]]></system-out>
         <system-err><![CDATA[2019-04-03 12:20:12 - [TEST_CASE][FAILED] - Test Cases/Webview/TC1096: Test Cases/Webview/TC1096 FAILED.
Reason:
com.kms.katalon.core.exception.StepFailedException: Unable to click on object 'Object Repository/Page_KiboEngage  Menu/Open_Popover_Edit (1)'
	at com.kms.katalon.core.webui.keyword.internal.WebUIKeywordMain.stepFailed(WebUIKeywordMain.groovy:64)
	at com.kms.katalon.core.webui.keyword.internal.WebUIKeywordMain.runKeyword(WebUIKeywordMain.groovy:26)
	at com.kms.katalon.core.webui.keyword.builtin.ClickKeyword.click(ClickKeyword.groovy:86)
	at com.kms.katalon.core.webui.keyword.builtin.ClickKeyword.execute(ClickKeyword.groovy:67)
	at com.kms.katalon.core.keyword.internal.KeywordExecutor.executeKeywordForPlatform(KeywordExecutor.groovy:56)
	at com.kms.katalon.core.webui.keyword.WebUiBuiltInKeywords.click(WebUiBuiltInKeywords.groovy:616)
	at com.kms.katalon.core.webui.keyword.WebUiBuiltInKeywords$click$2.call(Unknown Source)
	at TC1096.run(TC1096:34)
	at com.kms.katalon.core.main.ScriptEngine.run(ScriptEngine.java:194)
	at com.kms.katalon.core.main.ScriptEngine.runScriptAsRawText(ScriptEngine.java:119)
	at com.kms.katalon.core.main.TestCaseExecutor.runScript(TestCaseExecutor.java:331)
	at com.kms.katalon.core.main.TestCaseExecutor.doExecute(TestCaseExecutor.java:322)
	at com.kms.katalon.core.main.TestCaseExecutor.processExecutionPhase(TestCaseExecutor.java:301)
	at com.kms.katalon.core.main.TestCaseExecutor.accessMainPhase(TestCaseExecutor.java:293)
	at com.kms.katalon.core.main.TestCaseExecutor.execute(TestCaseExecutor.java:227)
	at com.kms.katalon.core.main.TestSuiteExecutor.accessTestCaseMainPhase(TestSuiteExecutor.java:129)
	at com.kms.katalon.core.main.TestSuiteExecutor.accessTestSuiteMainPhase(TestSuiteExecutor.java:112)
	at com.kms.katalon.core.main.TestSuiteExecutor.execute(TestSuiteExecutor.java:81)
	at com.kms.katalon.core.main.TestCaseMain.startTestSuite(TestCaseMain.java:157)
	at com.kms.katalon.core.main.TestCaseMain$startTestSuite$0.call(Unknown Source)
	at TempTestSuite1554275422234.run(TempTestSuite1554275422234.groovy:35)
Caused by: org.openqa.selenium.WebDriverException: unknown error: Element <input type="text" id="item-0" class="form-control m-input menuInput" value="Main Menu"> is not clickable at point (610, 436). Other element would receive the click: <div style="opacity: 0; overflow-y: auto; position: absolute; top: 0px; left: 0px; height: 100%; width: 100%; transition: opacity 0.3s ease 0s; cursor: pointer;">...</div>
  (Session info: chrome=73.0.3683.86)
  (Driver info: chromedriver=2.43.600233 (523efee95e3d68b8719b3a1c83051aa63aa6b10d),platform=Linux 4.18.0-16-generic x86_64) (WARNING: The server did not provide any stacktrace information)
Command duration or timeout: 0 milliseconds
Build info: version: '3.7.1', revision: '8a0099a', time: '2017-11-06T21:07:36.161Z'
System info: host: 'cloudkibomuzamil-Precision-T1700', ip: '127.0.1.1', os.name: 'Linux', os.arch: 'amd64', os.version: '4.18.0-16-generic', java.version: '1.8.0_191'
Driver info: com.kms.katalon.selenium.driver.CChromeDriver
Capabilities {acceptInsecureCerts: false, acceptSslCerts: false, applicationCacheEnabled: false, browserConnectionEnabled: false, browserName: chrome, chrome: {chromedriverVersion: 2.43.600233 (523efee95e3d68..., userDataDir: /tmp/.org.chromium.Chromium...}, cssSelectorsEnabled: true, databaseEnabled: false, goog:chromeOptions: {debuggerAddress: localhost:35503}, handlesAlerts: true, hasTouchScreen: false, javascriptEnabled: true, locationContextEnabled: true, mobileEmulationEnabled: false, nativeEvents: true, networkConnectionEnabled: false, pageLoadStrategy: normal, platform: LINUX, platformName: LINUX, rotatable: false, setWindowRect: true, takesHeapSnapshot: true, takesScreenshot: true, unexpectedAlertBehaviour: , unhandledPromptBehavior: , version: 73.0.3683.86, webStorageEnabled: true}
Session ID: 0123d1dadd919eb6ba432f2bbdd99bc0
	at org.openqa.selenium.remote.ErrorHandler.createThrowable(ErrorHandler.java:214)
	at org.openqa.selenium.remote.ErrorHandler.throwIfResponseFailed(ErrorHandler.java:166)
	at org.openqa.selenium.remote.http.JsonHttpResponseCodec.reconstructValue(JsonHttpResponseCodec.java:40)
	at org.openqa.selenium.remote.http.AbstractHttpResponseCodec.decode(AbstractHttpResponseCodec.java:80)
	at org.openqa.selenium.remote.http.AbstractHttpResponseCodec.decode(AbstractHttpResponseCodec.java:44)
	at org.openqa.selenium.remote.HttpCommandExecutor.execute(HttpCommandExecutor.java:164)
	at org.openqa.selenium.remote.service.DriverCommandExecutor.execute(DriverCommandExecutor.java:83)
	at org.openqa.selenium.remote.RemoteWebDriver.execute(RemoteWebDriver.java:600)
	at com.kms.katalon.selenium.driver.CChromeDriver.execute(CChromeDriver.java:20)
	at org.openqa.selenium.remote.RemoteWebElement.execute(RemoteWebElement.java:279)
	at org.openqa.selenium.remote.RemoteWebElement.click(RemoteWebElement.java:83)
	at com.kms.katalon.core.webui.keyword.builtin.ClickKeyword$_click_closure1.doCall(ClickKeyword.groovy:79)
	at com.kms.katalon.core.webui.keyword.builtin.ClickKeyword$_click_closure1.call(ClickKeyword.groovy)
	at com.kms.katalon.core.webui.keyword.internal.WebUIKeywordMain.runKeyword(WebUIKeywordMain.groovy:20)
	at com.kms.katalon.core.webui.keyword.builtin.ClickKeyword.click(ClickKeyword.groovy:86)
	at com.kms.katalon.core.webui.keyword.builtin.ClickKeyword.execute(ClickKeyword.groovy:67)
	at com.kms.katalon.core.keyword.internal.KeywordExecutor.executeKeywordForPlatform(KeywordExecutor.groovy:56)
	at com.kms.katalon.core.webui.keyword.WebUiBuiltInKeywords.click(WebUiBuiltInKeywords.groovy:616)
	at com.kms.katalon.core.webui.keyword.WebUiBuiltInKeywords$click$2.call(Unknown Source)
	at Script1553241811470.run(Script1553241811470.groovy:34)
	... 13 more]]></system-err>
      </testcase>
      <testcase name="Test Cases/Webview/TC1097" classname="Test Cases/Webview/TC1097" status="FAILED">
         <failure type="FAILED" message="Test Cases/Webview/TC1097 FAILED.
Reason:
com.kms.katalon.core.exception.StepFailedException: Call Test Case 'Test Cases/Webview/TC1095' failed
	at com.kms.katalon.core.keyword.builtin.CallTestCaseKeyword$_callTestCase_closure1.doCall(CallTestCaseKeyword.groovy:63)
	at com.kms.katalon.core.keyword.builtin.CallTestCaseKeyword$_callTestCase_closure1.call(CallTestCaseKeyword.groovy)
	at com.kms.katalon.core.keyword.internal.KeywordMain.runKeyword(KeywordMain.groovy:66)
	at com.kms.katalon.core.keyword.builtin.CallTestCaseKeyword.callTestCase(CallTestCaseKeyword.groovy:81)
	at com.kms.katalon.core.keyword.builtin.CallTestCaseKeyword.execute(CallTestCaseKeyword.groovy:44)
	at com.kms.katalon.core.keyword.internal.KeywordExecutor.executeKeywordForPlatform(KeywordExecutor.groovy:56)
	at com.kms.katalon.core.keyword.BuiltinKeywords.callTestCase(BuiltinKeywords.groovy:334)
	at TC1097.run(TC1097:16)
	at com.kms.katalon.core.main.ScriptEngine.run(ScriptEngine.java:194)
	at com.kms.katalon.core.main.ScriptEngine.runScriptAsRawText(ScriptEngine.java:119)
	at com.kms.katalon.core.main.TestCaseExecutor.runScript(TestCaseExecutor.java:331)
	at com.kms.katalon.core.main.TestCaseExecutor.doExecute(TestCaseExecutor.java:322)
	at com.kms.katalon.core.main.TestCaseExecutor.processExecutionPhase(TestCaseExecutor.java:301)
	at com.kms.katalon.core.main.TestCaseExecutor.accessMainPhase(TestCaseExecutor.java:293)
	at com.kms.katalon.core.main.TestCaseExecutor.execute(TestCaseExecutor.java:227)
	at com.kms.katalon.core.main.TestSuiteExecutor.accessTestCaseMainPhase(TestSuiteExecutor.java:129)
	at com.kms.katalon.core.main.TestSuiteExecutor.accessTestSuiteMainPhase(TestSuiteExecutor.java:112)
	at com.kms.katalon.core.main.TestSuiteExecutor.execute(TestSuiteExecutor.java:81)
	at com.kms.katalon.core.main.TestCaseMain.startTestSuite(TestCaseMain.java:157)
	at com.kms.katalon.core.main.TestCaseMain$startTestSuite$0.call(Unknown Source)
	at TempTestSuite1554275422234.run(TempTestSuite1554275422234.groovy:35)
Caused by: com.kms.katalon.core.exception.StepFailedException: Unable to click on object 'Object Repository/Page_KiboEngage  Menu/h7_Open a webview (2)'
	at com.kms.katalon.core.webui.keyword.internal.WebUIKeywordMain.stepFailed(WebUIKeywordMain.groovy:64)
	at com.kms.katalon.core.webui.keyword.internal.WebUIKeywordMain.runKeyword(WebUIKeywordMain.groovy:26)
	at com.kms.katalon.core.webui.keyword.builtin.ClickKeyword.click(ClickKeyword.groovy:86)
	at com.kms.katalon.core.webui.keyword.builtin.ClickKeyword.execute(ClickKeyword.groovy:67)
	at com.kms.katalon.core.keyword.internal.KeywordExecutor.executeKeywordForPlatform(KeywordExecutor.groovy:56)
	at com.kms.katalon.core.webui.keyword.WebUiBuiltInKeywords.click(WebUiBuiltInKeywords.groovy:616)
	at com.kms.katalon.core.webui.keyword.WebUiBuiltInKeywords$click$2.call(Unknown Source)
	at TC1095.run(TC1095:20)
	at com.kms.katalon.core.main.ScriptEngine.run(ScriptEngine.java:194)
	at com.kms.katalon.core.main.ScriptEngine.runScriptAsRawText(ScriptEngine.java:119)
	at com.kms.katalon.core.main.TestCaseExecutor.runScript(TestCaseExecutor.java:331)
	at com.kms.katalon.core.main.TestCaseExecutor.doExecute(TestCaseExecutor.java:322)
	at com.kms.katalon.core.main.TestCaseExecutor.processExecutionPhase(TestCaseExecutor.java:301)
	at com.kms.katalon.core.main.TestCaseExecutor.accessMainPhase(TestCaseExecutor.java:293)
	at com.kms.katalon.core.main.TestCaseExecutor.execute(TestCaseExecutor.java:227)
	at com.kms.katalon.core.main.TestCaseMain.runTestCase(TestCaseMain.java:114)
	at com.kms.katalon.core.keyword.builtin.CallTestCaseKeyword$_callTestCase_closure1.doCall(CallTestCaseKeyword.groovy:59)
	... 20 more
Caused by: com.kms.katalon.core.webui.exception.WebElementNotFoundException: Web element with id: 'Object Repository/Page_KiboEngage  Menu/h7_Open a webview (2)' located by 'By.xpath: //h7[(text() = ' Open a webview' or . = ' Open a webview')]' not found
	at com.kms.katalon.core.webui.common.WebUiCommonHelper.findWebElement(WebUiCommonHelper.java:1053)
	at com.kms.katalon.core.webui.keyword.internal.WebUIAbstractKeyword.findWebElement(WebUIAbstractKeyword.groovy:27)
	at com.kms.katalon.core.webui.keyword.internal.WebUIAbstractKeyword.findWebElement(WebUIAbstractKeyword.groovy:26)
	at com.kms.katalon.core.webui.keyword.builtin.ClickKeyword$_click_closure1.doCall(ClickKeyword.groovy:77)
	at com.kms.katalon.core.webui.keyword.builtin.ClickKeyword$_click_closure1.call(ClickKeyword.groovy)
	at com.kms.katalon.core.webui.keyword.internal.WebUIKeywordMain.runKeyword(WebUIKeywordMain.groovy:20)
	at com.kms.katalon.core.webui.keyword.builtin.ClickKeyword.click(ClickKeyword.groovy:86)
	at com.kms.katalon.core.webui.keyword.builtin.ClickKeyword.execute(ClickKeyword.groovy:67)
	at com.kms.katalon.core.keyword.internal.KeywordExecutor.executeKeywordForPlatform(KeywordExecutor.groovy:56)
	at com.kms.katalon.core.webui.keyword.WebUiBuiltInKeywords.click(WebUiBuiltInKeywords.groovy:616)
	at com.kms.katalon.core.webui.keyword.WebUiBuiltInKeywords$click$2.call(Unknown Source)
	at Script1553155624990.run(Script1553155624990.groovy:20)
	at com.kms.katalon.core.main.ScriptEngine.run(ScriptEngine.java:194)
	at com.kms.katalon.core.main.ScriptEngine.runScriptAsRawText(ScriptEngine.java:119)
	at com.kms.katalon.core.main.TestCaseExecutor.runScript(TestCaseExecutor.java:331)
	at com.kms.katalon.core.main.TestCaseExecutor.doExecute(TestCaseExecutor.java:322)
	at com.kms.katalon.core.main.TestCaseExecutor.processExecutionPhase(TestCaseExecutor.java:301)
	at com.kms.katalon.core.main.TestCaseExecutor.accessMainPhase(TestCaseExecutor.java:293)
	at com.kms.katalon.core.main.TestCaseExecutor.execute(TestCaseExecutor.java:227)
	at com.kms.katalon.core.main.TestCaseMain.runTestCase(TestCaseMain.java:114)
	at com.kms.katalon.core.keyword.builtin.CallTestCaseKeyword$_callTestCase_closure1.doCall(CallTestCaseKeyword.groovy:59)
	at com.kms.katalon.core.keyword.builtin.CallTestCaseKeyword$_callTestCase_closure1.call(CallTestCaseKeyword.groovy)
	at com.kms.katalon.core.keyword.internal.KeywordMain.runKeyword(KeywordMain.groovy:66)
	at com.kms.katalon.core.keyword.builtin.CallTestCaseKeyword.callTestCase(CallTestCaseKeyword.groovy:81)
	at com.kms.katalon.core.keyword.builtin.CallTestCaseKeyword.execute(CallTestCaseKeyword.groovy:44)
	at com.kms.katalon.core.keyword.internal.KeywordExecutor.executeKeywordForPlatform(KeywordExecutor.groovy:56)
	at com.kms.katalon.core.keyword.BuiltinKeywords.callTestCase(BuiltinKeywords.groovy:334)
	at Script1553243057258.run(Script1553243057258.groovy:16)
	... 13 more
"/>
         <system-out><![CDATA[2019-04-03 12:21:02 - [TEST_CASE][FAILED] - Test Cases/Webview/TC1097: Test Cases/Webview/TC1097 FAILED.
Reason:
com.kms.katalon.core.exception.StepFailedException: Call Test Case 'Test Cases/Webview/TC1095' failed
	at com.kms.katalon.core.keyword.builtin.CallTestCaseKeyword$_callTestCase_closure1.doCall(CallTestCaseKeyword.groovy:63)
	at com.kms.katalon.core.keyword.builtin.CallTestCaseKeyword$_callTestCase_closure1.call(CallTestCaseKeyword.groovy)
	at com.kms.katalon.core.keyword.internal.KeywordMain.runKeyword(KeywordMain.groovy:66)
	at com.kms.katalon.core.keyword.builtin.CallTestCaseKeyword.callTestCase(CallTestCaseKeyword.groovy:81)
	at com.kms.katalon.core.keyword.builtin.CallTestCaseKeyword.execute(CallTestCaseKeyword.groovy:44)
	at com.kms.katalon.core.keyword.internal.KeywordExecutor.executeKeywordForPlatform(KeywordExecutor.groovy:56)
	at com.kms.katalon.core.keyword.BuiltinKeywords.callTestCase(BuiltinKeywords.groovy:334)
	at TC1097.run(TC1097:16)
	at com.kms.katalon.core.main.ScriptEngine.run(ScriptEngine.java:194)
	at com.kms.katalon.core.main.ScriptEngine.runScriptAsRawText(ScriptEngine.java:119)
	at com.kms.katalon.core.main.TestCaseExecutor.runScript(TestCaseExecutor.java:331)
	at com.kms.katalon.core.main.TestCaseExecutor.doExecute(TestCaseExecutor.java:322)
	at com.kms.katalon.core.main.TestCaseExecutor.processExecutionPhase(TestCaseExecutor.java:301)
	at com.kms.katalon.core.main.TestCaseExecutor.accessMainPhase(TestCaseExecutor.java:293)
	at com.kms.katalon.core.main.TestCaseExecutor.execute(TestCaseExecutor.java:227)
	at com.kms.katalon.core.main.TestSuiteExecutor.accessTestCaseMainPhase(TestSuiteExecutor.java:129)
	at com.kms.katalon.core.main.TestSuiteExecutor.accessTestSuiteMainPhase(TestSuiteExecutor.java:112)
	at com.kms.katalon.core.main.TestSuiteExecutor.execute(TestSuiteExecutor.java:81)
	at com.kms.katalon.core.main.TestCaseMain.startTestSuite(TestCaseMain.java:157)
	at com.kms.katalon.core.main.TestCaseMain$startTestSuite$0.call(Unknown Source)
	at TempTestSuite1554275422234.run(TempTestSuite1554275422234.groovy:35)
Caused by: com.kms.katalon.core.exception.StepFailedException: Unable to click on object 'Object Repository/Page_KiboEngage  Menu/h7_Open a webview (2)'
	at com.kms.katalon.core.webui.keyword.internal.WebUIKeywordMain.stepFailed(WebUIKeywordMain.groovy:64)
	at com.kms.katalon.core.webui.keyword.internal.WebUIKeywordMain.runKeyword(WebUIKeywordMain.groovy:26)
	at com.kms.katalon.core.webui.keyword.builtin.ClickKeyword.click(ClickKeyword.groovy:86)
	at com.kms.katalon.core.webui.keyword.builtin.ClickKeyword.execute(ClickKeyword.groovy:67)
	at com.kms.katalon.core.keyword.internal.KeywordExecutor.executeKeywordForPlatform(KeywordExecutor.groovy:56)
	at com.kms.katalon.core.webui.keyword.WebUiBuiltInKeywords.click(WebUiBuiltInKeywords.groovy:616)
	at com.kms.katalon.core.webui.keyword.WebUiBuiltInKeywords$click$2.call(Unknown Source)
	at TC1095.run(TC1095:20)
	at com.kms.katalon.core.main.ScriptEngine.run(ScriptEngine.java:194)
	at com.kms.katalon.core.main.ScriptEngine.runScriptAsRawText(ScriptEngine.java:119)
	at com.kms.katalon.core.main.TestCaseExecutor.runScript(TestCaseExecutor.java:331)
	at com.kms.katalon.core.main.TestCaseExecutor.doExecute(TestCaseExecutor.java:322)
	at com.kms.katalon.core.main.TestCaseExecutor.processExecutionPhase(TestCaseExecutor.java:301)
	at com.kms.katalon.core.main.TestCaseExecutor.accessMainPhase(TestCaseExecutor.java:293)
	at com.kms.katalon.core.main.TestCaseExecutor.execute(TestCaseExecutor.java:227)
	at com.kms.katalon.core.main.TestCaseMain.runTestCase(TestCaseMain.java:114)
	at com.kms.katalon.core.keyword.builtin.CallTestCaseKeyword$_callTestCase_closure1.doCall(CallTestCaseKeyword.groovy:59)
	... 20 more
Caused by: com.kms.katalon.core.webui.exception.WebElementNotFoundException: Web element with id: 'Object Repository/Page_KiboEngage  Menu/h7_Open a webview (2)' located by 'By.xpath: //h7[(text() = ' Open a webview' or . = ' Open a webview')]' not found
	at com.kms.katalon.core.webui.common.WebUiCommonHelper.findWebElement(WebUiCommonHelper.java:1053)
	at com.kms.katalon.core.webui.keyword.internal.WebUIAbstractKeyword.findWebElement(WebUIAbstractKeyword.groovy:27)
	at com.kms.katalon.core.webui.keyword.internal.WebUIAbstractKeyword.findWebElement(WebUIAbstractKeyword.groovy:26)
	at com.kms.katalon.core.webui.keyword.builtin.ClickKeyword$_click_closure1.doCall(ClickKeyword.groovy:77)
	at com.kms.katalon.core.webui.keyword.builtin.ClickKeyword$_click_closure1.call(ClickKeyword.groovy)
	at com.kms.katalon.core.webui.keyword.internal.WebUIKeywordMain.runKeyword(WebUIKeywordMain.groovy:20)
	at com.kms.katalon.core.webui.keyword.builtin.ClickKeyword.click(ClickKeyword.groovy:86)
	at com.kms.katalon.core.webui.keyword.builtin.ClickKeyword.execute(ClickKeyword.groovy:67)
	at com.kms.katalon.core.keyword.internal.KeywordExecutor.executeKeywordForPlatform(KeywordExecutor.groovy:56)
	at com.kms.katalon.core.webui.keyword.WebUiBuiltInKeywords.click(WebUiBuiltInKeywords.groovy:616)
	at com.kms.katalon.core.webui.keyword.WebUiBuiltInKeywords$click$2.call(Unknown Source)
	at Script1553155624990.run(Script1553155624990.groovy:20)
	at com.kms.katalon.core.main.ScriptEngine.run(ScriptEngine.java:194)
	at com.kms.katalon.core.main.ScriptEngine.runScriptAsRawText(ScriptEngine.java:119)
	at com.kms.katalon.core.main.TestCaseExecutor.runScript(TestCaseExecutor.java:331)
	at com.kms.katalon.core.main.TestCaseExecutor.doExecute(TestCaseExecutor.java:322)
	at com.kms.katalon.core.main.TestCaseExecutor.processExecutionPhase(TestCaseExecutor.java:301)
	at com.kms.katalon.core.main.TestCaseExecutor.accessMainPhase(TestCaseExecutor.java:293)
	at com.kms.katalon.core.main.TestCaseExecutor.execute(TestCaseExecutor.java:227)
	at com.kms.katalon.core.main.TestCaseMain.runTestCase(TestCaseMain.java:114)
	at com.kms.katalon.core.keyword.builtin.CallTestCaseKeyword$_callTestCase_closure1.doCall(CallTestCaseKeyword.groovy:59)
	at com.kms.katalon.core.keyword.builtin.CallTestCaseKeyword$_callTestCase_closure1.call(CallTestCaseKeyword.groovy)
	at com.kms.katalon.core.keyword.internal.KeywordMain.runKeyword(KeywordMain.groovy:66)
	at com.kms.katalon.core.keyword.builtin.CallTestCaseKeyword.callTestCase(CallTestCaseKeyword.groovy:81)
	at com.kms.katalon.core.keyword.builtin.CallTestCaseKeyword.execute(CallTestCaseKeyword.groovy:44)
	at com.kms.katalon.core.keyword.internal.KeywordExecutor.executeKeywordForPlatform(KeywordExecutor.groovy:56)
	at com.kms.katalon.core.keyword.BuiltinKeywords.callTestCase(BuiltinKeywords.groovy:334)
	at Script1553243057258.run(Script1553243057258.groovy:16)
	... 13 more


2019-04-03 12:21:03 - [TEST_STEP][FAILED] - callTestCase(findTestCase("Webview/TC1095"), [:], STOP_ON_FAILURE): callTestCase(findTestCase("Webview/TC1095"), [:], STOP_ON_FAILURE) FAILED.
Reason:
com.kms.katalon.core.exception.StepFailedException: Call Test Case 'Test Cases/Webview/TC1095' failed
	at com.kms.katalon.core.keyword.builtin.CallTestCaseKeyword$_callTestCase_closure1.doCall(CallTestCaseKeyword.groovy:63)
	at com.kms.katalon.core.keyword.builtin.CallTestCaseKeyword$_callTestCase_closure1.call(CallTestCaseKeyword.groovy)
	at com.kms.katalon.core.keyword.internal.KeywordMain.runKeyword(KeywordMain.groovy:66)
	at com.kms.katalon.core.keyword.builtin.CallTestCaseKeyword.callTestCase(CallTestCaseKeyword.groovy:81)
	at com.kms.katalon.core.keyword.builtin.CallTestCaseKeyword.execute(CallTestCaseKeyword.groovy:44)
	at com.kms.katalon.core.keyword.internal.KeywordExecutor.executeKeywordForPlatform(KeywordExecutor.groovy:56)
	at com.kms.katalon.core.keyword.BuiltinKeywords.callTestCase(BuiltinKeywords.groovy:334)
	at TC1097.run(TC1097:16)
	at com.kms.katalon.core.main.ScriptEngine.run(ScriptEngine.java:194)
	at com.kms.katalon.core.main.ScriptEngine.runScriptAsRawText(ScriptEngine.java:119)
	at com.kms.katalon.core.main.TestCaseExecutor.runScript(TestCaseExecutor.java:331)
	at com.kms.katalon.core.main.TestCaseExecutor.doExecute(TestCaseExecutor.java:322)
	at com.kms.katalon.core.main.TestCaseExecutor.processExecutionPhase(TestCaseExecutor.java:301)
	at com.kms.katalon.core.main.TestCaseExecutor.accessMainPhase(TestCaseExecutor.java:293)
	at com.kms.katalon.core.main.TestCaseExecutor.execute(TestCaseExecutor.java:227)
	at com.kms.katalon.core.main.TestSuiteExecutor.accessTestCaseMainPhase(TestSuiteExecutor.java:129)
	at com.kms.katalon.core.main.TestSuiteExecutor.accessTestSuiteMainPhase(TestSuiteExecutor.java:112)
	at com.kms.katalon.core.main.TestSuiteExecutor.execute(TestSuiteExecutor.java:81)
	at com.kms.katalon.core.main.TestCaseMain.startTestSuite(TestCaseMain.java:157)
	at com.kms.katalon.core.main.TestCaseMain$startTestSuite$0.call(Unknown Source)
	at TempTestSuite1554275422234.run(TempTestSuite1554275422234.groovy:35)
Caused by: com.kms.katalon.core.exception.StepFailedException: Unable to click on object 'Object Repository/Page_KiboEngage  Menu/h7_Open a webview (2)'
	at com.kms.katalon.core.webui.keyword.internal.WebUIKeywordMain.stepFailed(WebUIKeywordMain.groovy:64)
	at com.kms.katalon.core.webui.keyword.internal.WebUIKeywordMain.runKeyword(WebUIKeywordMain.groovy:26)
	at com.kms.katalon.core.webui.keyword.builtin.ClickKeyword.click(ClickKeyword.groovy:86)
	at com.kms.katalon.core.webui.keyword.builtin.ClickKeyword.execute(ClickKeyword.groovy:67)
	at com.kms.katalon.core.keyword.internal.KeywordExecutor.executeKeywordForPlatform(KeywordExecutor.groovy:56)
	at com.kms.katalon.core.webui.keyword.WebUiBuiltInKeywords.click(WebUiBuiltInKeywords.groovy:616)
	at com.kms.katalon.core.webui.keyword.WebUiBuiltInKeywords$click$2.call(Unknown Source)
	at TC1095.run(TC1095:20)
	at com.kms.katalon.core.main.ScriptEngine.run(ScriptEngine.java:194)
	at com.kms.katalon.core.main.ScriptEngine.runScriptAsRawText(ScriptEngine.java:119)
	at com.kms.katalon.core.main.TestCaseExecutor.runScript(TestCaseExecutor.java:331)
	at com.kms.katalon.core.main.TestCaseExecutor.doExecute(TestCaseExecutor.java:322)
	at com.kms.katalon.core.main.TestCaseExecutor.processExecutionPhase(TestCaseExecutor.java:301)
	at com.kms.katalon.core.main.TestCaseExecutor.accessMainPhase(TestCaseExecutor.java:293)
	at com.kms.katalon.core.main.TestCaseExecutor.execute(TestCaseExecutor.java:227)
	at com.kms.katalon.core.main.TestCaseMain.runTestCase(TestCaseMain.java:114)
	at com.kms.katalon.core.keyword.builtin.CallTestCaseKeyword$_callTestCase_closure1.doCall(CallTestCaseKeyword.groovy:59)
	... 20 more
Caused by: com.kms.katalon.core.webui.exception.WebElementNotFoundException: Web element with id: 'Object Repository/Page_KiboEngage  Menu/h7_Open a webview (2)' located by 'By.xpath: //h7[(text() = ' Open a webview' or . = ' Open a webview')]' not found
	at com.kms.katalon.core.webui.common.WebUiCommonHelper.findWebElement(WebUiCommonHelper.java:1053)
	at com.kms.katalon.core.webui.keyword.internal.WebUIAbstractKeyword.findWebElement(WebUIAbstractKeyword.groovy:27)
	at com.kms.katalon.core.webui.keyword.internal.WebUIAbstractKeyword.findWebElement(WebUIAbstractKeyword.groovy:26)
	at com.kms.katalon.core.webui.keyword.builtin.ClickKeyword$_click_closure1.doCall(ClickKeyword.groovy:77)
	at com.kms.katalon.core.webui.keyword.builtin.ClickKeyword$_click_closure1.call(ClickKeyword.groovy)
	at com.kms.katalon.core.webui.keyword.internal.WebUIKeywordMain.runKeyword(WebUIKeywordMain.groovy:20)
	at com.kms.katalon.core.webui.keyword.builtin.ClickKeyword.click(ClickKeyword.groovy:86)
	at com.kms.katalon.core.webui.keyword.builtin.ClickKeyword.execute(ClickKeyword.groovy:67)
	at com.kms.katalon.core.keyword.internal.KeywordExecutor.executeKeywordForPlatform(KeywordExecutor.groovy:56)
	at com.kms.katalon.core.webui.keyword.WebUiBuiltInKeywords.click(WebUiBuiltInKeywords.groovy:616)
	at com.kms.katalon.core.webui.keyword.WebUiBuiltInKeywords$click$2.call(Unknown Source)
	at Script1553155624990.run(Script1553155624990.groovy:20)
	at com.kms.katalon.core.main.ScriptEngine.run(ScriptEngine.java:194)
	at com.kms.katalon.core.main.ScriptEngine.runScriptAsRawText(ScriptEngine.java:119)
	at com.kms.katalon.core.main.TestCaseExecutor.runScript(TestCaseExecutor.java:331)
	at com.kms.katalon.core.main.TestCaseExecutor.doExecute(TestCaseExecutor.java:322)
	at com.kms.katalon.core.main.TestCaseExecutor.processExecutionPhase(TestCaseExecutor.java:301)
	at com.kms.katalon.core.main.TestCaseExecutor.accessMainPhase(TestCaseExecutor.java:293)
	at com.kms.katalon.core.main.TestCaseExecutor.execute(TestCaseExecutor.java:227)
	at com.kms.katalon.core.main.TestCaseMain.runTestCase(TestCaseMain.java:114)
	at com.kms.katalon.core.keyword.builtin.CallTestCaseKeyword$_callTestCase_closure1.doCall(CallTestCaseKeyword.groovy:59)
	at com.kms.katalon.core.keyword.builtin.CallTestCaseKeyword$_callTestCase_closure1.call(CallTestCaseKeyword.groovy)
	at com.kms.katalon.core.keyword.internal.KeywordMain.runKeyword(KeywordMain.groovy:66)
	at com.kms.katalon.core.keyword.builtin.CallTestCaseKeyword.callTestCase(CallTestCaseKeyword.groovy:81)
	at com.kms.katalon.core.keyword.builtin.CallTestCaseKeyword.execute(CallTestCaseKeyword.groovy:44)
	at com.kms.katalon.core.keyword.internal.KeywordExecutor.executeKeywordForPlatform(KeywordExecutor.groovy:56)
	at com.kms.katalon.core.keyword.BuiltinKeywords.callTestCase(BuiltinKeywords.groovy:334)
	at Script1553243057258.run(Script1553243057258.groovy:16)
	... 13 more


2019-04-03 12:21:03 - [TEST_CASE][FAILED] - Test Cases/Webview/TC1095: Test Cases/Webview/TC1095 FAILED.
Reason:
com.kms.katalon.core.exception.StepFailedException: Unable to click on object 'Object Repository/Page_KiboEngage  Menu/h7_Open a webview (2)'
	at com.kms.katalon.core.webui.keyword.internal.WebUIKeywordMain.stepFailed(WebUIKeywordMain.groovy:64)
	at com.kms.katalon.core.webui.keyword.internal.WebUIKeywordMain.runKeyword(WebUIKeywordMain.groovy:26)
	at com.kms.katalon.core.webui.keyword.builtin.ClickKeyword.click(ClickKeyword.groovy:86)
	at com.kms.katalon.core.webui.keyword.builtin.ClickKeyword.execute(ClickKeyword.groovy:67)
	at com.kms.katalon.core.keyword.internal.KeywordExecutor.executeKeywordForPlatform(KeywordExecutor.groovy:56)
	at com.kms.katalon.core.webui.keyword.WebUiBuiltInKeywords.click(WebUiBuiltInKeywords.groovy:616)
	at com.kms.katalon.core.webui.keyword.WebUiBuiltInKeywords$click$2.call(Unknown Source)
	at TC1095.run(TC1095:20)
	at com.kms.katalon.core.main.ScriptEngine.run(ScriptEngine.java:194)
	at com.kms.katalon.core.main.ScriptEngine.runScriptAsRawText(ScriptEngine.java:119)
	at com.kms.katalon.core.main.TestCaseExecutor.runScript(TestCaseExecutor.java:331)
	at com.kms.katalon.core.main.TestCaseExecutor.doExecute(TestCaseExecutor.java:322)
	at com.kms.katalon.core.main.TestCaseExecutor.processExecutionPhase(TestCaseExecutor.java:301)
	at com.kms.katalon.core.main.TestCaseExecutor.accessMainPhase(TestCaseExecutor.java:293)
	at com.kms.katalon.core.main.TestCaseExecutor.execute(TestCaseExecutor.java:227)
	at com.kms.katalon.core.main.TestCaseMain.runTestCase(TestCaseMain.java:114)
	at com.kms.katalon.core.keyword.builtin.CallTestCaseKeyword$_callTestCase_closure1.doCall(CallTestCaseKeyword.groovy:59)
	at com.kms.katalon.core.keyword.builtin.CallTestCaseKeyword$_callTestCase_closure1.call(CallTestCaseKeyword.groovy)
	at com.kms.katalon.core.keyword.internal.KeywordMain.runKeyword(KeywordMain.groovy:66)
	at com.kms.katalon.core.keyword.builtin.CallTestCaseKeyword.callTestCase(CallTestCaseKeyword.groovy:81)
	at com.kms.katalon.core.keyword.builtin.CallTestCaseKeyword.execute(CallTestCaseKeyword.groovy:44)
	at com.kms.katalon.core.keyword.internal.KeywordExecutor.executeKeywordForPlatform(KeywordExecutor.groovy:56)
	at com.kms.katalon.core.keyword.BuiltinKeywords.callTestCase(BuiltinKeywords.groovy:334)
	at TC1097.run(TC1097:16)
	at com.kms.katalon.core.main.ScriptEngine.run(ScriptEngine.java:194)
	at com.kms.katalon.core.main.ScriptEngine.runScriptAsRawText(ScriptEngine.java:119)
	at com.kms.katalon.core.main.TestCaseExecutor.runScript(TestCaseExecutor.java:331)
	at com.kms.katalon.core.main.TestCaseExecutor.doExecute(TestCaseExecutor.java:322)
	at com.kms.katalon.core.main.TestCaseExecutor.processExecutionPhase(TestCaseExecutor.java:301)
	at com.kms.katalon.core.main.TestCaseExecutor.accessMainPhase(TestCaseExecutor.java:293)
	at com.kms.katalon.core.main.TestCaseExecutor.execute(TestCaseExecutor.java:227)
	at com.kms.katalon.core.main.TestSuiteExecutor.accessTestCaseMainPhase(TestSuiteExecutor.java:129)
	at com.kms.katalon.core.main.TestSuiteExecutor.accessTestSuiteMainPhase(TestSuiteExecutor.java:112)
	at com.kms.katalon.core.main.TestSuiteExecutor.execute(TestSuiteExecutor.java:81)
	at com.kms.katalon.core.main.TestCaseMain.startTestSuite(TestCaseMain.java:157)
	at com.kms.katalon.core.main.TestCaseMain$startTestSuite$0.call(Unknown Source)
	at TempTestSuite1554275422234.run(TempTestSuite1554275422234.groovy:35)
Caused by: com.kms.katalon.core.webui.exception.WebElementNotFoundException: Web element with id: 'Object Repository/Page_KiboEngage  Menu/h7_Open a webview (2)' located by 'By.xpath: //h7[(text() = ' Open a webview' or . = ' Open a webview')]' not found
	at com.kms.katalon.core.webui.common.WebUiCommonHelper.findWebElement(WebUiCommonHelper.java:1053)
	at com.kms.katalon.core.webui.keyword.internal.WebUIAbstractKeyword.findWebElement(WebUIAbstractKeyword.groovy:27)
	at com.kms.katalon.core.webui.keyword.internal.WebUIAbstractKeyword.findWebElement(WebUIAbstractKeyword.groovy:26)
	at com.kms.katalon.core.webui.keyword.builtin.ClickKeyword$_click_closure1.doCall(ClickKeyword.groovy:77)
	at com.kms.katalon.core.webui.keyword.builtin.ClickKeyword$_click_closure1.call(ClickKeyword.groovy)
	at com.kms.katalon.core.webui.keyword.internal.WebUIKeywordMain.runKeyword(WebUIKeywordMain.groovy:20)
	at com.kms.katalon.core.webui.keyword.builtin.ClickKeyword.click(ClickKeyword.groovy:86)
	at com.kms.katalon.core.webui.keyword.builtin.ClickKeyword.execute(ClickKeyword.groovy:67)
	at com.kms.katalon.core.keyword.internal.KeywordExecutor.executeKeywordForPlatform(KeywordExecutor.groovy:56)
	at com.kms.katalon.core.webui.keyword.WebUiBuiltInKeywords.click(WebUiBuiltInKeywords.groovy:616)
	at com.kms.katalon.core.webui.keyword.WebUiBuiltInKeywords$click$2.call(Unknown Source)
	at Script1553155624990.run(Script1553155624990.groovy:20)
	at com.kms.katalon.core.main.ScriptEngine.run(ScriptEngine.java:194)
	at com.kms.katalon.core.main.ScriptEngine.runScriptAsRawText(ScriptEngine.java:119)
	at com.kms.katalon.core.main.TestCaseExecutor.runScript(TestCaseExecutor.java:331)
	at com.kms.katalon.core.main.TestCaseExecutor.doExecute(TestCaseExecutor.java:322)
	at com.kms.katalon.core.main.TestCaseExecutor.processExecutionPhase(TestCaseExecutor.java:301)
	at com.kms.katalon.core.main.TestCaseExecutor.accessMainPhase(TestCaseExecutor.java:293)
	at com.kms.katalon.core.main.TestCaseExecutor.execute(TestCaseExecutor.java:227)
	at com.kms.katalon.core.main.TestCaseMain.runTestCase(TestCaseMain.java:114)
	at com.kms.katalon.core.keyword.builtin.CallTestCaseKeyword$_callTestCase_closure1.doCall(CallTestCaseKeyword.groovy:59)
	at com.kms.katalon.core.keyword.builtin.CallTestCaseKeyword$_callTestCase_closure1.call(CallTestCaseKeyword.groovy)
	at com.kms.katalon.core.keyword.internal.KeywordMain.runKeyword(KeywordMain.groovy:66)
	at com.kms.katalon.core.keyword.builtin.CallTestCaseKeyword.callTestCase(CallTestCaseKeyword.groovy:81)
	at com.kms.katalon.core.keyword.builtin.CallTestCaseKeyword.execute(CallTestCaseKeyword.groovy:44)
	at com.kms.katalon.core.keyword.internal.KeywordExecutor.executeKeywordForPlatform(KeywordExecutor.groovy:56)
	at com.kms.katalon.core.keyword.BuiltinKeywords.callTestCase(BuiltinKeywords.groovy:334)
	at Script1553243057258.run(Script1553243057258.groovy:16)
	... 13 more


2019-04-03 12:21:03 - [TEST_STEP][PASSED] - callTestCase(findTestCase("Persistent Menu/open_popover"), [:], STOP_ON_FAILURE): Call Test Case 'Test Cases/Persistent Menu/open_popover' successfully

2019-04-03 12:21:03 - [TEST_CASE][PASSED] - Test Cases/Persistent Menu/open_popover: Test Cases/Persistent Menu/open_popover

2019-04-03 12:21:03 - [TEST_STEP][PASSED] - callTestCase(findTestCase("Persistent Menu/Go_to_menu_item"), [:], STOP_ON_FAILURE): Call Test Case 'Test Cases/Persistent Menu/Go_to_menu_item' successfully

2019-04-03 12:21:03 - [TEST_CASE][PASSED] - Test Cases/Persistent Menu/Go_to_menu_item: Test Cases/Persistent Menu/Go_to_menu_item

2019-04-03 12:21:03 - [TEST_STEP][PASSED] - callTestCase(findTestCase("s-sidebar_navigation/individualAccount/Login_Muzamil"), [:], STOP_ON_FAILURE): Call Test Case 'Test Cases/s-sidebar_navigation/individualAccount/Login_Muzamil' successfully

2019-04-03 12:21:03 - [TEST_CASE][PASSED] - Test Cases/s-sidebar_navigation/individualAccount/Login_Muzamil: Test Cases/s-sidebar_navigation/individualAccount/Login_Muzamil

2019-04-03 12:21:03 - [TEST_STEP][PASSED] - openBrowser(""): Browser is opened with url: ''

2019-04-03 12:21:03 - [MESSAGE][WARNING] - A browser is already opened. Closing browser and opening a new one

2019-04-03 12:21:03 - [MESSAGE][INFO] - Starting 'Chrome' driver

2019-04-03 12:21:03 - [MESSAGE][PASSED] - Browser is opened with url: ''

2019-04-03 12:21:03 - [TEST_STEP][PASSED] - maximizeWindow(): Current window maximized

2019-04-03 12:21:03 - [MESSAGE][PASSED] - Current window maximized

2019-04-03 12:21:03 - [TEST_STEP][PASSED] - navigateToUrl("https://app.kibopush.com/"): Navigate to 'https://app.kibopush.com/' successfully

2019-04-03 12:21:16 - [MESSAGE][PASSED] - Navigate to 'https://app.kibopush.com/' successfully

2019-04-03 12:21:16 - [TEST_STEP][PASSED] - click(findTestObject("Page_CloudKibo/a_Login (2)")): Object: 'Object Repository/Page_CloudKibo/a_Login (2)' is clicked on

2019-04-03 12:21:17 - [MESSAGE][PASSED] - Object: 'Object Repository/Page_CloudKibo/a_Login (2)' is clicked on

2019-04-03 12:21:17 - [TEST_STEP][PASSED] - delay(2): Delayed 2 second(s)

2019-04-03 12:21:19 - [MESSAGE][PASSED] - Delayed 2 second(s)

2019-04-03 12:21:19 - [TEST_STEP][PASSED] - setText(findTestObject("Page_CloudKibo/input_Sign In_email (1)"), "muzamil.bukhari.39@gmail.com"): Text 'muzamil.bukhari.39@gmail.com' is set on object 'Object Repository/Page_CloudKibo/input_Sign In_email (1)'

2019-04-03 12:21:19 - [MESSAGE][PASSED] - Text 'muzamil.bukhari.39@gmail.com' is set on object 'Object Repository/Page_CloudKibo/input_Sign In_email (1)'

2019-04-03 12:21:19 - [TEST_STEP][PASSED] - setEncryptedText(findTestObject("Page_CloudKibo/input_Sign In_password (1)"), "ZOMPkeJIpHWb3LMKk986MQ=="): Text ****** has been set on object 'Object Repository/Page_CloudKibo/input_Sign In_password (1)'

2019-04-03 12:21:19 - [MESSAGE][PASSED] - Text ****** has been set on object 'Object Repository/Page_CloudKibo/input_Sign In_password (1)'

2019-04-03 12:21:19 - [TEST_STEP][PASSED] - delay(1): Delayed 1 second(s)

2019-04-03 12:21:20 - [MESSAGE][PASSED] - Delayed 1 second(s)

2019-04-03 12:21:20 - [TEST_STEP][PASSED] - click(findTestObject("Page_CloudKibo/button_Sign In (5)")): Object: 'Object Repository/Page_CloudKibo/button_Sign In (5)' is clicked on

2019-04-03 12:21:20 - [MESSAGE][PASSED] - Object: 'Object Repository/Page_CloudKibo/button_Sign In (5)' is clicked on

2019-04-03 12:21:20 - [TEST_STEP][PASSED] - delay(3): Delayed 3 second(s)

2019-04-03 12:21:23 - [MESSAGE][PASSED] - Delayed 3 second(s)

2019-04-03 12:21:23 - [TEST_STEP][PASSED] - click(findTestObject("Object Repository/Page_KiboEngage  Dashboard/h4_KIBOPUSH")): Object: 'Object Repository/Page_KiboEngage  Dashboard/h4_KIBOPUSH' is clicked on

2019-04-03 12:21:49 - [MESSAGE][PASSED] - Object: 'Object Repository/Page_KiboEngage  Dashboard/h4_KIBOPUSH' is clicked on

2019-04-03 12:21:49 - [MESSAGE][PASSED] - Call Test Case 'Test Cases/s-sidebar_navigation/individualAccount/Login_Muzamil' successfully

2019-04-03 12:21:49 - [TEST_STEP][PASSED] - click(findTestObject("Page_KiboPush  Dashboard/span_Manage Pages")): Object: 'Object Repository/Page_KiboPush  Dashboard/span_Manage Pages' is clicked on

2019-04-03 12:21:49 - [MESSAGE][PASSED] - Object: 'Object Repository/Page_KiboPush  Dashboard/span_Manage Pages' is clicked on

2019-04-03 12:21:49 - [TEST_STEP][PASSED] - delay(2): Delayed 2 second(s)

2019-04-03 12:21:51 - [MESSAGE][PASSED] - Delayed 2 second(s)

2019-04-03 12:21:51 - [TEST_STEP][PASSED] - click(findTestObject("Page_KiboPush  Dashboard/span_Persistent Menu")): Object: 'Object Repository/Page_KiboPush  Dashboard/span_Persistent Menu' is clicked on

2019-04-03 12:21:51 - [MESSAGE][PASSED] - Object: 'Object Repository/Page_KiboPush  Dashboard/span_Persistent Menu' is clicked on

2019-04-03 12:21:51 - [TEST_STEP][PASSED] - delay(2): Delayed 2 second(s)

2019-04-03 12:21:53 - [MESSAGE][PASSED] - Delayed 2 second(s)

2019-04-03 12:21:53 - [MESSAGE][PASSED] - Call Test Case 'Test Cases/Persistent Menu/Go_to_menu_item' successfully

2019-04-03 12:21:53 - [TEST_STEP][PASSED] - delay(2): Delayed 2 second(s)

2019-04-03 12:21:55 - [MESSAGE][PASSED] - Delayed 2 second(s)

2019-04-03 12:21:55 - [TEST_STEP][PASSED] - click(findTestObject("Page_KiboPush  Menu/open popover")): Object: 'Object Repository/Page_KiboPush  Menu/open popover' is clicked on

2019-04-03 12:21:55 - [MESSAGE][PASSED] - Object: 'Object Repository/Page_KiboPush  Menu/open popover' is clicked on

2019-04-03 12:21:55 - [TEST_STEP][PASSED] - delay(2): Delayed 2 second(s)

2019-04-03 12:21:57 - [MESSAGE][PASSED] - Delayed 2 second(s)

2019-04-03 12:21:57 - [MESSAGE][PASSED] - Call Test Case 'Test Cases/Persistent Menu/open_popover' successfully

2019-04-03 12:21:57 - [TEST_STEP][PASSED] - click(findTestObject("Page_KiboPush  Menu/input_Reply with a message_ope (4) (1)")): Object: 'Object Repository/Page_KiboPush  Menu/input_Reply with a message_ope (4) (1)' is clicked on

2019-04-03 12:21:58 - [MESSAGE][PASSED] - Object: 'Object Repository/Page_KiboPush  Menu/input_Reply with a message_ope (4) (1)' is clicked on

2019-04-03 12:21:58 - [TEST_STEP][FAILED] - click(findTestObject("Page_KiboEngage  Menu/h7_Open a webview (2)")): click(findTestObject("Page_KiboEngage  Menu/h7_Open a webview (2)")) FAILED.
Reason:
com.kms.katalon.core.exception.StepFailedException: Unable to click on object 'Object Repository/Page_KiboEngage  Menu/h7_Open a webview (2)'
	at com.kms.katalon.core.webui.keyword.internal.WebUIKeywordMain.stepFailed(WebUIKeywordMain.groovy:64)
	at com.kms.katalon.core.webui.keyword.internal.WebUIKeywordMain.runKeyword(WebUIKeywordMain.groovy:26)
	at com.kms.katalon.core.webui.keyword.builtin.ClickKeyword.click(ClickKeyword.groovy:86)
	at com.kms.katalon.core.webui.keyword.builtin.ClickKeyword.execute(ClickKeyword.groovy:67)
	at com.kms.katalon.core.keyword.internal.KeywordExecutor.executeKeywordForPlatform(KeywordExecutor.groovy:56)
	at com.kms.katalon.core.webui.keyword.WebUiBuiltInKeywords.click(WebUiBuiltInKeywords.groovy:616)
	at com.kms.katalon.core.webui.keyword.WebUiBuiltInKeywords$click$2.call(Unknown Source)
	at TC1095.run(TC1095:20)
	at com.kms.katalon.core.main.ScriptEngine.run(ScriptEngine.java:194)
	at com.kms.katalon.core.main.ScriptEngine.runScriptAsRawText(ScriptEngine.java:119)
	at com.kms.katalon.core.main.TestCaseExecutor.runScript(TestCaseExecutor.java:331)
	at com.kms.katalon.core.main.TestCaseExecutor.doExecute(TestCaseExecutor.java:322)
	at com.kms.katalon.core.main.TestCaseExecutor.processExecutionPhase(TestCaseExecutor.java:301)
	at com.kms.katalon.core.main.TestCaseExecutor.accessMainPhase(TestCaseExecutor.java:293)
	at com.kms.katalon.core.main.TestCaseExecutor.execute(TestCaseExecutor.java:227)
	at com.kms.katalon.core.main.TestCaseMain.runTestCase(TestCaseMain.java:114)
	at com.kms.katalon.core.keyword.builtin.CallTestCaseKeyword$_callTestCase_closure1.doCall(CallTestCaseKeyword.groovy:59)
	at com.kms.katalon.core.keyword.builtin.CallTestCaseKeyword$_callTestCase_closure1.call(CallTestCaseKeyword.groovy)
	at com.kms.katalon.core.keyword.internal.KeywordMain.runKeyword(KeywordMain.groovy:66)
	at com.kms.katalon.core.keyword.builtin.CallTestCaseKeyword.callTestCase(CallTestCaseKeyword.groovy:81)
	at com.kms.katalon.core.keyword.builtin.CallTestCaseKeyword.execute(CallTestCaseKeyword.groovy:44)
	at com.kms.katalon.core.keyword.internal.KeywordExecutor.executeKeywordForPlatform(KeywordExecutor.groovy:56)
	at com.kms.katalon.core.keyword.BuiltinKeywords.callTestCase(BuiltinKeywords.groovy:334)
	at TC1097.run(TC1097:16)
	at com.kms.katalon.core.main.ScriptEngine.run(ScriptEngine.java:194)
	at com.kms.katalon.core.main.ScriptEngine.runScriptAsRawText(ScriptEngine.java:119)
	at com.kms.katalon.core.main.TestCaseExecutor.runScript(TestCaseExecutor.java:331)
	at com.kms.katalon.core.main.TestCaseExecutor.doExecute(TestCaseExecutor.java:322)
	at com.kms.katalon.core.main.TestCaseExecutor.processExecutionPhase(TestCaseExecutor.java:301)
	at com.kms.katalon.core.main.TestCaseExecutor.accessMainPhase(TestCaseExecutor.java:293)
	at com.kms.katalon.core.main.TestCaseExecutor.execute(TestCaseExecutor.java:227)
	at com.kms.katalon.core.main.TestSuiteExecutor.accessTestCaseMainPhase(TestSuiteExecutor.java:129)
	at com.kms.katalon.core.main.TestSuiteExecutor.accessTestSuiteMainPhase(TestSuiteExecutor.java:112)
	at com.kms.katalon.core.main.TestSuiteExecutor.execute(TestSuiteExecutor.java:81)
	at com.kms.katalon.core.main.TestCaseMain.startTestSuite(TestCaseMain.java:157)
	at com.kms.katalon.core.main.TestCaseMain$startTestSuite$0.call(Unknown Source)
	at TempTestSuite1554275422234.run(TempTestSuite1554275422234.groovy:35)
Caused by: com.kms.katalon.core.webui.exception.WebElementNotFoundException: Web element with id: 'Object Repository/Page_KiboEngage  Menu/h7_Open a webview (2)' located by 'By.xpath: //h7[(text() = ' Open a webview' or . = ' Open a webview')]' not found
	at com.kms.katalon.core.webui.common.WebUiCommonHelper.findWebElement(WebUiCommonHelper.java:1053)
	at com.kms.katalon.core.webui.keyword.internal.WebUIAbstractKeyword.findWebElement(WebUIAbstractKeyword.groovy:27)
	at com.kms.katalon.core.webui.keyword.internal.WebUIAbstractKeyword.findWebElement(WebUIAbstractKeyword.groovy:26)
	at com.kms.katalon.core.webui.keyword.builtin.ClickKeyword$_click_closure1.doCall(ClickKeyword.groovy:77)
	at com.kms.katalon.core.webui.keyword.builtin.ClickKeyword$_click_closure1.call(ClickKeyword.groovy)
	at com.kms.katalon.core.webui.keyword.internal.WebUIKeywordMain.runKeyword(WebUIKeywordMain.groovy:20)
	at com.kms.katalon.core.webui.keyword.builtin.ClickKeyword.click(ClickKeyword.groovy:86)
	at com.kms.katalon.core.webui.keyword.builtin.ClickKeyword.execute(ClickKeyword.groovy:67)
	at com.kms.katalon.core.keyword.internal.KeywordExecutor.executeKeywordForPlatform(KeywordExecutor.groovy:56)
	at com.kms.katalon.core.webui.keyword.WebUiBuiltInKeywords.click(WebUiBuiltInKeywords.groovy:616)
	at com.kms.katalon.core.webui.keyword.WebUiBuiltInKeywords$click$2.call(Unknown Source)
	at Script1553155624990.run(Script1553155624990.groovy:20)
	at com.kms.katalon.core.main.ScriptEngine.run(ScriptEngine.java:194)
	at com.kms.katalon.core.main.ScriptEngine.runScriptAsRawText(ScriptEngine.java:119)
	at com.kms.katalon.core.main.TestCaseExecutor.runScript(TestCaseExecutor.java:331)
	at com.kms.katalon.core.main.TestCaseExecutor.doExecute(TestCaseExecutor.java:322)
	at com.kms.katalon.core.main.TestCaseExecutor.processExecutionPhase(TestCaseExecutor.java:301)
	at com.kms.katalon.core.main.TestCaseExecutor.accessMainPhase(TestCaseExecutor.java:293)
	at com.kms.katalon.core.main.TestCaseExecutor.execute(TestCaseExecutor.java:227)
	at com.kms.katalon.core.main.TestCaseMain.runTestCase(TestCaseMain.java:114)
	at com.kms.katalon.core.keyword.builtin.CallTestCaseKeyword$_callTestCase_closure1.doCall(CallTestCaseKeyword.groovy:59)
	at com.kms.katalon.core.keyword.builtin.CallTestCaseKeyword$_callTestCase_closure1.call(CallTestCaseKeyword.groovy)
	at com.kms.katalon.core.keyword.internal.KeywordMain.runKeyword(KeywordMain.groovy:66)
	at com.kms.katalon.core.keyword.builtin.CallTestCaseKeyword.callTestCase(CallTestCaseKeyword.groovy:81)
	at com.kms.katalon.core.keyword.builtin.CallTestCaseKeyword.execute(CallTestCaseKeyword.groovy:44)
	at com.kms.katalon.core.keyword.internal.KeywordExecutor.executeKeywordForPlatform(KeywordExecutor.groovy:56)
	at com.kms.katalon.core.keyword.BuiltinKeywords.callTestCase(BuiltinKeywords.groovy:334)
	at Script1553243057258.run(Script1553243057258.groovy:16)
	... 13 more


2019-04-03 12:22:28 - [MESSAGE][INFO] - Unable to find the element located by 'By.xpath: //h7[(text() = ' Open a webview' or . = ' Open a webview')]'. Please recheck the objects properties to make sure the desired element is located. 

2019-04-03 12:22:28 - [MESSAGE][FAILED] - Unable to click on object 'Object Repository/Page_KiboEngage  Menu/h7_Open a webview (2)' (Root cause: com.kms.katalon.core.exception.StepFailedException: Unable to click on object 'Object Repository/Page_KiboEngage  Menu/h7_Open a webview (2)'
	at com.kms.katalon.core.webui.keyword.internal.WebUIKeywordMain.stepFailed(WebUIKeywordMain.groovy:64)
	at com.kms.katalon.core.webui.keyword.internal.WebUIKeywordMain.runKeyword(WebUIKeywordMain.groovy:26)
	at com.kms.katalon.core.webui.keyword.builtin.ClickKeyword.click(ClickKeyword.groovy:86)
	at com.kms.katalon.core.webui.keyword.builtin.ClickKeyword.execute(ClickKeyword.groovy:67)
	at com.kms.katalon.core.keyword.internal.KeywordExecutor.executeKeywordForPlatform(KeywordExecutor.groovy:56)
	at com.kms.katalon.core.webui.keyword.WebUiBuiltInKeywords.click(WebUiBuiltInKeywords.groovy:616)
	at com.kms.katalon.core.webui.keyword.WebUiBuiltInKeywords$click$2.call(Unknown Source)
	at TC1095.run(TC1095:20)
	at com.kms.katalon.core.main.ScriptEngine.run(ScriptEngine.java:194)
	at com.kms.katalon.core.main.ScriptEngine.runScriptAsRawText(ScriptEngine.java:119)
	at com.kms.katalon.core.main.TestCaseExecutor.runScript(TestCaseExecutor.java:331)
	at com.kms.katalon.core.main.TestCaseExecutor.doExecute(TestCaseExecutor.java:322)
	at com.kms.katalon.core.main.TestCaseExecutor.processExecutionPhase(TestCaseExecutor.java:301)
	at com.kms.katalon.core.main.TestCaseExecutor.accessMainPhase(TestCaseExecutor.java:293)
	at com.kms.katalon.core.main.TestCaseExecutor.execute(TestCaseExecutor.java:227)
	at com.kms.katalon.core.main.TestCaseMain.runTestCase(TestCaseMain.java:114)
	at com.kms.katalon.core.keyword.builtin.CallTestCaseKeyword$_callTestCase_closure1.doCall(CallTestCaseKeyword.groovy:59)
	at com.kms.katalon.core.keyword.builtin.CallTestCaseKeyword$_callTestCase_closure1.call(CallTestCaseKeyword.groovy)
	at com.kms.katalon.core.keyword.internal.KeywordMain.runKeyword(KeywordMain.groovy:66)
	at com.kms.katalon.core.keyword.builtin.CallTestCaseKeyword.callTestCase(CallTestCaseKeyword.groovy:81)
	at com.kms.katalon.core.keyword.builtin.CallTestCaseKeyword.execute(CallTestCaseKeyword.groovy:44)
	at com.kms.katalon.core.keyword.internal.KeywordExecutor.executeKeywordForPlatform(KeywordExecutor.groovy:56)
	at com.kms.katalon.core.keyword.BuiltinKeywords.callTestCase(BuiltinKeywords.groovy:334)
	at TC1097.run(TC1097:16)
	at com.kms.katalon.core.main.ScriptEngine.run(ScriptEngine.java:194)
	at com.kms.katalon.core.main.ScriptEngine.runScriptAsRawText(ScriptEngine.java:119)
	at com.kms.katalon.core.main.TestCaseExecutor.runScript(TestCaseExecutor.java:331)
	at com.kms.katalon.core.main.TestCaseExecutor.doExecute(TestCaseExecutor.java:322)
	at com.kms.katalon.core.main.TestCaseExecutor.processExecutionPhase(TestCaseExecutor.java:301)
	at com.kms.katalon.core.main.TestCaseExecutor.accessMainPhase(TestCaseExecutor.java:293)
	at com.kms.katalon.core.main.TestCaseExecutor.execute(TestCaseExecutor.java:227)
	at com.kms.katalon.core.main.TestSuiteExecutor.accessTestCaseMainPhase(TestSuiteExecutor.java:129)
	at com.kms.katalon.core.main.TestSuiteExecutor.accessTestSuiteMainPhase(TestSuiteExecutor.java:112)
	at com.kms.katalon.core.main.TestSuiteExecutor.execute(TestSuiteExecutor.java:81)
	at com.kms.katalon.core.main.TestCaseMain.startTestSuite(TestCaseMain.java:157)
	at com.kms.katalon.core.main.TestCaseMain$startTestSuite$0.call(Unknown Source)
	at TempTestSuite1554275422234.run(TempTestSuite1554275422234.groovy:35)
Caused by: com.kms.katalon.core.webui.exception.WebElementNotFoundException: Web element with id: 'Object Repository/Page_KiboEngage  Menu/h7_Open a webview (2)' located by 'By.xpath: //h7[(text() = ' Open a webview' or . = ' Open a webview')]' not found
	at com.kms.katalon.core.webui.common.WebUiCommonHelper.findWebElement(WebUiCommonHelper.java:1053)
	at com.kms.katalon.core.webui.keyword.internal.WebUIAbstractKeyword.findWebElement(WebUIAbstractKeyword.groovy:27)
	at com.kms.katalon.core.webui.keyword.internal.WebUIAbstractKeyword.findWebElement(WebUIAbstractKeyword.groovy:26)
	at com.kms.katalon.core.webui.keyword.builtin.ClickKeyword$_click_closure1.doCall(ClickKeyword.groovy:77)
	at com.kms.katalon.core.webui.keyword.builtin.ClickKeyword$_click_closure1.call(ClickKeyword.groovy)
	at com.kms.katalon.core.webui.keyword.internal.WebUIKeywordMain.runKeyword(WebUIKeywordMain.groovy:20)
	at com.kms.katalon.core.webui.keyword.builtin.ClickKeyword.click(ClickKeyword.groovy:86)
	at com.kms.katalon.core.webui.keyword.builtin.ClickKeyword.execute(ClickKeyword.groovy:67)
	at com.kms.katalon.core.keyword.internal.KeywordExecutor.executeKeywordForPlatform(KeywordExecutor.groovy:56)
	at com.kms.katalon.core.webui.keyword.WebUiBuiltInKeywords.click(WebUiBuiltInKeywords.groovy:616)
	at com.kms.katalon.core.webui.keyword.WebUiBuiltInKeywords$click$2.call(Unknown Source)
	at Script1553155624990.run(Script1553155624990.groovy:20)
	at com.kms.katalon.core.main.ScriptEngine.run(ScriptEngine.java:194)
	at com.kms.katalon.core.main.ScriptEngine.runScriptAsRawText(ScriptEngine.java:119)
	at com.kms.katalon.core.main.TestCaseExecutor.runScript(TestCaseExecutor.java:331)
	at com.kms.katalon.core.main.TestCaseExecutor.doExecute(TestCaseExecutor.java:322)
	at com.kms.katalon.core.main.TestCaseExecutor.processExecutionPhase(TestCaseExecutor.java:301)
	at com.kms.katalon.core.main.TestCaseExecutor.accessMainPhase(TestCaseExecutor.java:293)
	at com.kms.katalon.core.main.TestCaseExecutor.execute(TestCaseExecutor.java:227)
	at com.kms.katalon.core.main.TestCaseMain.runTestCase(TestCaseMain.java:114)
	at com.kms.katalon.core.keyword.builtin.CallTestCaseKeyword$_callTestCase_closure1.doCall(CallTestCaseKeyword.groovy:59)
	at com.kms.katalon.core.keyword.builtin.CallTestCaseKeyword$_callTestCase_closure1.call(CallTestCaseKeyword.groovy)
	at com.kms.katalon.core.keyword.internal.KeywordMain.runKeyword(KeywordMain.groovy:66)
	at com.kms.katalon.core.keyword.builtin.CallTestCaseKeyword.callTestCase(CallTestCaseKeyword.groovy:81)
	at com.kms.katalon.core.keyword.builtin.CallTestCaseKeyword.execute(CallTestCaseKeyword.groovy:44)
	at com.kms.katalon.core.keyword.internal.KeywordExecutor.executeKeywordForPlatform(KeywordExecutor.groovy:56)
	at com.kms.katalon.core.keyword.BuiltinKeywords.callTestCase(BuiltinKeywords.groovy:334)
	at Script1553243057258.run(Script1553243057258.groovy:16)
	... 13 more
)
[[ATTACHMENT|/home/cloudkibo-muzamil/Downloads/Test cases/production/KiboPush/Reports/Webview/20190403_121022/1554276148590.png]]

2019-04-03 12:22:28 - [MESSAGE][FAILED] - click(findTestObject("Page_KiboEngage  Menu/h7_Open a webview (2)")) FAILED.
Reason:
com.kms.katalon.core.exception.StepFailedException: Unable to click on object 'Object Repository/Page_KiboEngage  Menu/h7_Open a webview (2)'
	at com.kms.katalon.core.webui.keyword.internal.WebUIKeywordMain.stepFailed(WebUIKeywordMain.groovy:64)
	at com.kms.katalon.core.webui.keyword.internal.WebUIKeywordMain.runKeyword(WebUIKeywordMain.groovy:26)
	at com.kms.katalon.core.webui.keyword.builtin.ClickKeyword.click(ClickKeyword.groovy:86)
	at com.kms.katalon.core.webui.keyword.builtin.ClickKeyword.execute(ClickKeyword.groovy:67)
	at com.kms.katalon.core.keyword.internal.KeywordExecutor.executeKeywordForPlatform(KeywordExecutor.groovy:56)
	at com.kms.katalon.core.webui.keyword.WebUiBuiltInKeywords.click(WebUiBuiltInKeywords.groovy:616)
	at com.kms.katalon.core.webui.keyword.WebUiBuiltInKeywords$click$2.call(Unknown Source)
	at TC1095.run(TC1095:20)
	at com.kms.katalon.core.main.ScriptEngine.run(ScriptEngine.java:194)
	at com.kms.katalon.core.main.ScriptEngine.runScriptAsRawText(ScriptEngine.java:119)
	at com.kms.katalon.core.main.TestCaseExecutor.runScript(TestCaseExecutor.java:331)
	at com.kms.katalon.core.main.TestCaseExecutor.doExecute(TestCaseExecutor.java:322)
	at com.kms.katalon.core.main.TestCaseExecutor.processExecutionPhase(TestCaseExecutor.java:301)
	at com.kms.katalon.core.main.TestCaseExecutor.accessMainPhase(TestCaseExecutor.java:293)
	at com.kms.katalon.core.main.TestCaseExecutor.execute(TestCaseExecutor.java:227)
	at com.kms.katalon.core.main.TestCaseMain.runTestCase(TestCaseMain.java:114)
	at com.kms.katalon.core.keyword.builtin.CallTestCaseKeyword$_callTestCase_closure1.doCall(CallTestCaseKeyword.groovy:59)
	at com.kms.katalon.core.keyword.builtin.CallTestCaseKeyword$_callTestCase_closure1.call(CallTestCaseKeyword.groovy)
	at com.kms.katalon.core.keyword.internal.KeywordMain.runKeyword(KeywordMain.groovy:66)
	at com.kms.katalon.core.keyword.builtin.CallTestCaseKeyword.callTestCase(CallTestCaseKeyword.groovy:81)
	at com.kms.katalon.core.keyword.builtin.CallTestCaseKeyword.execute(CallTestCaseKeyword.groovy:44)
	at com.kms.katalon.core.keyword.internal.KeywordExecutor.executeKeywordForPlatform(KeywordExecutor.groovy:56)
	at com.kms.katalon.core.keyword.BuiltinKeywords.callTestCase(BuiltinKeywords.groovy:334)
	at TC1097.run(TC1097:16)
	at com.kms.katalon.core.main.ScriptEngine.run(ScriptEngine.java:194)
	at com.kms.katalon.core.main.ScriptEngine.runScriptAsRawText(ScriptEngine.java:119)
	at com.kms.katalon.core.main.TestCaseExecutor.runScript(TestCaseExecutor.java:331)
	at com.kms.katalon.core.main.TestCaseExecutor.doExecute(TestCaseExecutor.java:322)
	at com.kms.katalon.core.main.TestCaseExecutor.processExecutionPhase(TestCaseExecutor.java:301)
	at com.kms.katalon.core.main.TestCaseExecutor.accessMainPhase(TestCaseExecutor.java:293)
	at com.kms.katalon.core.main.TestCaseExecutor.execute(TestCaseExecutor.java:227)
	at com.kms.katalon.core.main.TestSuiteExecutor.accessTestCaseMainPhase(TestSuiteExecutor.java:129)
	at com.kms.katalon.core.main.TestSuiteExecutor.accessTestSuiteMainPhase(TestSuiteExecutor.java:112)
	at com.kms.katalon.core.main.TestSuiteExecutor.execute(TestSuiteExecutor.java:81)
	at com.kms.katalon.core.main.TestCaseMain.startTestSuite(TestCaseMain.java:157)
	at com.kms.katalon.core.main.TestCaseMain$startTestSuite$0.call(Unknown Source)
	at TempTestSuite1554275422234.run(TempTestSuite1554275422234.groovy:35)
Caused by: com.kms.katalon.core.webui.exception.WebElementNotFoundException: Web element with id: 'Object Repository/Page_KiboEngage  Menu/h7_Open a webview (2)' located by 'By.xpath: //h7[(text() = ' Open a webview' or . = ' Open a webview')]' not found
	at com.kms.katalon.core.webui.common.WebUiCommonHelper.findWebElement(WebUiCommonHelper.java:1053)
	at com.kms.katalon.core.webui.keyword.internal.WebUIAbstractKeyword.findWebElement(WebUIAbstractKeyword.groovy:27)
	at com.kms.katalon.core.webui.keyword.internal.WebUIAbstractKeyword.findWebElement(WebUIAbstractKeyword.groovy:26)
	at com.kms.katalon.core.webui.keyword.builtin.ClickKeyword$_click_closure1.doCall(ClickKeyword.groovy:77)
	at com.kms.katalon.core.webui.keyword.builtin.ClickKeyword$_click_closure1.call(ClickKeyword.groovy)
	at com.kms.katalon.core.webui.keyword.internal.WebUIKeywordMain.runKeyword(WebUIKeywordMain.groovy:20)
	at com.kms.katalon.core.webui.keyword.builtin.ClickKeyword.click(ClickKeyword.groovy:86)
	at com.kms.katalon.core.webui.keyword.builtin.ClickKeyword.execute(ClickKeyword.groovy:67)
	at com.kms.katalon.core.keyword.internal.KeywordExecutor.executeKeywordForPlatform(KeywordExecutor.groovy:56)
	at com.kms.katalon.core.webui.keyword.WebUiBuiltInKeywords.click(WebUiBuiltInKeywords.groovy:616)
	at com.kms.katalon.core.webui.keyword.WebUiBuiltInKeywords$click$2.call(Unknown Source)
	at Script1553155624990.run(Script1553155624990.groovy:20)
	at com.kms.katalon.core.main.ScriptEngine.run(ScriptEngine.java:194)
	at com.kms.katalon.core.main.ScriptEngine.runScriptAsRawText(ScriptEngine.java:119)
	at com.kms.katalon.core.main.TestCaseExecutor.runScript(TestCaseExecutor.java:331)
	at com.kms.katalon.core.main.TestCaseExecutor.doExecute(TestCaseExecutor.java:322)
	at com.kms.katalon.core.main.TestCaseExecutor.processExecutionPhase(TestCaseExecutor.java:301)
	at com.kms.katalon.core.main.TestCaseExecutor.accessMainPhase(TestCaseExecutor.java:293)
	at com.kms.katalon.core.main.TestCaseExecutor.execute(TestCaseExecutor.java:227)
	at com.kms.katalon.core.main.TestCaseMain.runTestCase(TestCaseMain.java:114)
	at com.kms.katalon.core.keyword.builtin.CallTestCaseKeyword$_callTestCase_closure1.doCall(CallTestCaseKeyword.groovy:59)
	at com.kms.katalon.core.keyword.builtin.CallTestCaseKeyword$_callTestCase_closure1.call(CallTestCaseKeyword.groovy)
	at com.kms.katalon.core.keyword.internal.KeywordMain.runKeyword(KeywordMain.groovy:66)
	at com.kms.katalon.core.keyword.builtin.CallTestCaseKeyword.callTestCase(CallTestCaseKeyword.groovy:81)
	at com.kms.katalon.core.keyword.builtin.CallTestCaseKeyword.execute(CallTestCaseKeyword.groovy:44)
	at com.kms.katalon.core.keyword.internal.KeywordExecutor.executeKeywordForPlatform(KeywordExecutor.groovy:56)
	at com.kms.katalon.core.keyword.BuiltinKeywords.callTestCase(BuiltinKeywords.groovy:334)
	at Script1553243057258.run(Script1553243057258.groovy:16)
	... 13 more


2019-04-03 12:22:28 - [MESSAGE][FAILED] - Unable to call Test Case 'Test Cases/Webview/TC1095' (Root cause: com.kms.katalon.core.exception.StepFailedException: Call Test Case 'Test Cases/Webview/TC1095' failed
	at com.kms.katalon.core.keyword.builtin.CallTestCaseKeyword$_callTestCase_closure1.doCall(CallTestCaseKeyword.groovy:63)
	at com.kms.katalon.core.keyword.builtin.CallTestCaseKeyword$_callTestCase_closure1.call(CallTestCaseKeyword.groovy)
	at com.kms.katalon.core.keyword.internal.KeywordMain.runKeyword(KeywordMain.groovy:66)
	at com.kms.katalon.core.keyword.builtin.CallTestCaseKeyword.callTestCase(CallTestCaseKeyword.groovy:81)
	at com.kms.katalon.core.keyword.builtin.CallTestCaseKeyword.execute(CallTestCaseKeyword.groovy:44)
	at com.kms.katalon.core.keyword.internal.KeywordExecutor.executeKeywordForPlatform(KeywordExecutor.groovy:56)
	at com.kms.katalon.core.keyword.BuiltinKeywords.callTestCase(BuiltinKeywords.groovy:334)
	at TC1097.run(TC1097:16)
	at com.kms.katalon.core.main.ScriptEngine.run(ScriptEngine.java:194)
	at com.kms.katalon.core.main.ScriptEngine.runScriptAsRawText(ScriptEngine.java:119)
	at com.kms.katalon.core.main.TestCaseExecutor.runScript(TestCaseExecutor.java:331)
	at com.kms.katalon.core.main.TestCaseExecutor.doExecute(TestCaseExecutor.java:322)
	at com.kms.katalon.core.main.TestCaseExecutor.processExecutionPhase(TestCaseExecutor.java:301)
	at com.kms.katalon.core.main.TestCaseExecutor.accessMainPhase(TestCaseExecutor.java:293)
	at com.kms.katalon.core.main.TestCaseExecutor.execute(TestCaseExecutor.java:227)
	at com.kms.katalon.core.main.TestSuiteExecutor.accessTestCaseMainPhase(TestSuiteExecutor.java:129)
	at com.kms.katalon.core.main.TestSuiteExecutor.accessTestSuiteMainPhase(TestSuiteExecutor.java:112)
	at com.kms.katalon.core.main.TestSuiteExecutor.execute(TestSuiteExecutor.java:81)
	at com.kms.katalon.core.main.TestCaseMain.startTestSuite(TestCaseMain.java:157)
	at com.kms.katalon.core.main.TestCaseMain$startTestSuite$0.call(Unknown Source)
	at TempTestSuite1554275422234.run(TempTestSuite1554275422234.groovy:35)
Caused by: com.kms.katalon.core.exception.StepFailedException: Unable to click on object 'Object Repository/Page_KiboEngage  Menu/h7_Open a webview (2)'
	at com.kms.katalon.core.webui.keyword.internal.WebUIKeywordMain.stepFailed(WebUIKeywordMain.groovy:64)
	at com.kms.katalon.core.webui.keyword.internal.WebUIKeywordMain.runKeyword(WebUIKeywordMain.groovy:26)
	at com.kms.katalon.core.webui.keyword.builtin.ClickKeyword.click(ClickKeyword.groovy:86)
	at com.kms.katalon.core.webui.keyword.builtin.ClickKeyword.execute(ClickKeyword.groovy:67)
	at com.kms.katalon.core.keyword.internal.KeywordExecutor.executeKeywordForPlatform(KeywordExecutor.groovy:56)
	at com.kms.katalon.core.webui.keyword.WebUiBuiltInKeywords.click(WebUiBuiltInKeywords.groovy:616)
	at com.kms.katalon.core.webui.keyword.WebUiBuiltInKeywords$click$2.call(Unknown Source)
	at TC1095.run(TC1095:20)
	at com.kms.katalon.core.main.ScriptEngine.run(ScriptEngine.java:194)
	at com.kms.katalon.core.main.ScriptEngine.runScriptAsRawText(ScriptEngine.java:119)
	at com.kms.katalon.core.main.TestCaseExecutor.runScript(TestCaseExecutor.java:331)
	at com.kms.katalon.core.main.TestCaseExecutor.doExecute(TestCaseExecutor.java:322)
	at com.kms.katalon.core.main.TestCaseExecutor.processExecutionPhase(TestCaseExecutor.java:301)
	at com.kms.katalon.core.main.TestCaseExecutor.accessMainPhase(TestCaseExecutor.java:293)
	at com.kms.katalon.core.main.TestCaseExecutor.execute(TestCaseExecutor.java:227)
	at com.kms.katalon.core.main.TestCaseMain.runTestCase(TestCaseMain.java:114)
	at com.kms.katalon.core.keyword.builtin.CallTestCaseKeyword$_callTestCase_closure1.doCall(CallTestCaseKeyword.groovy:59)
	... 20 more
Caused by: com.kms.katalon.core.webui.exception.WebElementNotFoundException: Web element with id: 'Object Repository/Page_KiboEngage  Menu/h7_Open a webview (2)' located by 'By.xpath: //h7[(text() = ' Open a webview' or . = ' Open a webview')]' not found
	at com.kms.katalon.core.webui.common.WebUiCommonHelper.findWebElement(WebUiCommonHelper.java:1053)
	at com.kms.katalon.core.webui.keyword.internal.WebUIAbstractKeyword.findWebElement(WebUIAbstractKeyword.groovy:27)
	at com.kms.katalon.core.webui.keyword.internal.WebUIAbstractKeyword.findWebElement(WebUIAbstractKeyword.groovy:26)
	at com.kms.katalon.core.webui.keyword.builtin.ClickKeyword$_click_closure1.doCall(ClickKeyword.groovy:77)
	at com.kms.katalon.core.webui.keyword.builtin.ClickKeyword$_click_closure1.call(ClickKeyword.groovy)
	at com.kms.katalon.core.webui.keyword.internal.WebUIKeywordMain.runKeyword(WebUIKeywordMain.groovy:20)
	at com.kms.katalon.core.webui.keyword.builtin.ClickKeyword.click(ClickKeyword.groovy:86)
	at com.kms.katalon.core.webui.keyword.builtin.ClickKeyword.execute(ClickKeyword.groovy:67)
	at com.kms.katalon.core.keyword.internal.KeywordExecutor.executeKeywordForPlatform(KeywordExecutor.groovy:56)
	at com.kms.katalon.core.webui.keyword.WebUiBuiltInKeywords.click(WebUiBuiltInKeywords.groovy:616)
	at com.kms.katalon.core.webui.keyword.WebUiBuiltInKeywords$click$2.call(Unknown Source)
	at Script1553155624990.run(Script1553155624990.groovy:20)
	at com.kms.katalon.core.main.ScriptEngine.run(ScriptEngine.java:194)
	at com.kms.katalon.core.main.ScriptEngine.runScriptAsRawText(ScriptEngine.java:119)
	at com.kms.katalon.core.main.TestCaseExecutor.runScript(TestCaseExecutor.java:331)
	at com.kms.katalon.core.main.TestCaseExecutor.doExecute(TestCaseExecutor.java:322)
	at com.kms.katalon.core.main.TestCaseExecutor.processExecutionPhase(TestCaseExecutor.java:301)
	at com.kms.katalon.core.main.TestCaseExecutor.accessMainPhase(TestCaseExecutor.java:293)
	at com.kms.katalon.core.main.TestCaseExecutor.execute(TestCaseExecutor.java:227)
	at com.kms.katalon.core.main.TestCaseMain.runTestCase(TestCaseMain.java:114)
	at com.kms.katalon.core.keyword.builtin.CallTestCaseKeyword$_callTestCase_closure1.doCall(CallTestCaseKeyword.groovy:59)
	at com.kms.katalon.core.keyword.builtin.CallTestCaseKeyword$_callTestCase_closure1.call(CallTestCaseKeyword.groovy)
	at com.kms.katalon.core.keyword.internal.KeywordMain.runKeyword(KeywordMain.groovy:66)
	at com.kms.katalon.core.keyword.builtin.CallTestCaseKeyword.callTestCase(CallTestCaseKeyword.groovy:81)
	at com.kms.katalon.core.keyword.builtin.CallTestCaseKeyword.execute(CallTestCaseKeyword.groovy:44)
	at com.kms.katalon.core.keyword.internal.KeywordExecutor.executeKeywordForPlatform(KeywordExecutor.groovy:56)
	at com.kms.katalon.core.keyword.BuiltinKeywords.callTestCase(BuiltinKeywords.groovy:334)
	at Script1553243057258.run(Script1553243057258.groovy:16)
	... 13 more
)

2019-04-03 12:22:28 - [MESSAGE][FAILED] - callTestCase(findTestCase("Webview/TC1095"), [:], STOP_ON_FAILURE) FAILED.
Reason:
com.kms.katalon.core.exception.StepFailedException: Call Test Case 'Test Cases/Webview/TC1095' failed
	at com.kms.katalon.core.keyword.builtin.CallTestCaseKeyword$_callTestCase_closure1.doCall(CallTestCaseKeyword.groovy:63)
	at com.kms.katalon.core.keyword.builtin.CallTestCaseKeyword$_callTestCase_closure1.call(CallTestCaseKeyword.groovy)
	at com.kms.katalon.core.keyword.internal.KeywordMain.runKeyword(KeywordMain.groovy:66)
	at com.kms.katalon.core.keyword.builtin.CallTestCaseKeyword.callTestCase(CallTestCaseKeyword.groovy:81)
	at com.kms.katalon.core.keyword.builtin.CallTestCaseKeyword.execute(CallTestCaseKeyword.groovy:44)
	at com.kms.katalon.core.keyword.internal.KeywordExecutor.executeKeywordForPlatform(KeywordExecutor.groovy:56)
	at com.kms.katalon.core.keyword.BuiltinKeywords.callTestCase(BuiltinKeywords.groovy:334)
	at TC1097.run(TC1097:16)
	at com.kms.katalon.core.main.ScriptEngine.run(ScriptEngine.java:194)
	at com.kms.katalon.core.main.ScriptEngine.runScriptAsRawText(ScriptEngine.java:119)
	at com.kms.katalon.core.main.TestCaseExecutor.runScript(TestCaseExecutor.java:331)
	at com.kms.katalon.core.main.TestCaseExecutor.doExecute(TestCaseExecutor.java:322)
	at com.kms.katalon.core.main.TestCaseExecutor.processExecutionPhase(TestCaseExecutor.java:301)
	at com.kms.katalon.core.main.TestCaseExecutor.accessMainPhase(TestCaseExecutor.java:293)
	at com.kms.katalon.core.main.TestCaseExecutor.execute(TestCaseExecutor.java:227)
	at com.kms.katalon.core.main.TestSuiteExecutor.accessTestCaseMainPhase(TestSuiteExecutor.java:129)
	at com.kms.katalon.core.main.TestSuiteExecutor.accessTestSuiteMainPhase(TestSuiteExecutor.java:112)
	at com.kms.katalon.core.main.TestSuiteExecutor.execute(TestSuiteExecutor.java:81)
	at com.kms.katalon.core.main.TestCaseMain.startTestSuite(TestCaseMain.java:157)
	at com.kms.katalon.core.main.TestCaseMain$startTestSuite$0.call(Unknown Source)
	at TempTestSuite1554275422234.run(TempTestSuite1554275422234.groovy:35)
Caused by: com.kms.katalon.core.exception.StepFailedException: Unable to click on object 'Object Repository/Page_KiboEngage  Menu/h7_Open a webview (2)'
	at com.kms.katalon.core.webui.keyword.internal.WebUIKeywordMain.stepFailed(WebUIKeywordMain.groovy:64)
	at com.kms.katalon.core.webui.keyword.internal.WebUIKeywordMain.runKeyword(WebUIKeywordMain.groovy:26)
	at com.kms.katalon.core.webui.keyword.builtin.ClickKeyword.click(ClickKeyword.groovy:86)
	at com.kms.katalon.core.webui.keyword.builtin.ClickKeyword.execute(ClickKeyword.groovy:67)
	at com.kms.katalon.core.keyword.internal.KeywordExecutor.executeKeywordForPlatform(KeywordExecutor.groovy:56)
	at com.kms.katalon.core.webui.keyword.WebUiBuiltInKeywords.click(WebUiBuiltInKeywords.groovy:616)
	at com.kms.katalon.core.webui.keyword.WebUiBuiltInKeywords$click$2.call(Unknown Source)
	at TC1095.run(TC1095:20)
	at com.kms.katalon.core.main.ScriptEngine.run(ScriptEngine.java:194)
	at com.kms.katalon.core.main.ScriptEngine.runScriptAsRawText(ScriptEngine.java:119)
	at com.kms.katalon.core.main.TestCaseExecutor.runScript(TestCaseExecutor.java:331)
	at com.kms.katalon.core.main.TestCaseExecutor.doExecute(TestCaseExecutor.java:322)
	at com.kms.katalon.core.main.TestCaseExecutor.processExecutionPhase(TestCaseExecutor.java:301)
	at com.kms.katalon.core.main.TestCaseExecutor.accessMainPhase(TestCaseExecutor.java:293)
	at com.kms.katalon.core.main.TestCaseExecutor.execute(TestCaseExecutor.java:227)
	at com.kms.katalon.core.main.TestCaseMain.runTestCase(TestCaseMain.java:114)
	at com.kms.katalon.core.keyword.builtin.CallTestCaseKeyword$_callTestCase_closure1.doCall(CallTestCaseKeyword.groovy:59)
	... 20 more
Caused by: com.kms.katalon.core.webui.exception.WebElementNotFoundException: Web element with id: 'Object Repository/Page_KiboEngage  Menu/h7_Open a webview (2)' located by 'By.xpath: //h7[(text() = ' Open a webview' or . = ' Open a webview')]' not found
	at com.kms.katalon.core.webui.common.WebUiCommonHelper.findWebElement(WebUiCommonHelper.java:1053)
	at com.kms.katalon.core.webui.keyword.internal.WebUIAbstractKeyword.findWebElement(WebUIAbstractKeyword.groovy:27)
	at com.kms.katalon.core.webui.keyword.internal.WebUIAbstractKeyword.findWebElement(WebUIAbstractKeyword.groovy:26)
	at com.kms.katalon.core.webui.keyword.builtin.ClickKeyword$_click_closure1.doCall(ClickKeyword.groovy:77)
	at com.kms.katalon.core.webui.keyword.builtin.ClickKeyword$_click_closure1.call(ClickKeyword.groovy)
	at com.kms.katalon.core.webui.keyword.internal.WebUIKeywordMain.runKeyword(WebUIKeywordMain.groovy:20)
	at com.kms.katalon.core.webui.keyword.builtin.ClickKeyword.click(ClickKeyword.groovy:86)
	at com.kms.katalon.core.webui.keyword.builtin.ClickKeyword.execute(ClickKeyword.groovy:67)
	at com.kms.katalon.core.keyword.internal.KeywordExecutor.executeKeywordForPlatform(KeywordExecutor.groovy:56)
	at com.kms.katalon.core.webui.keyword.WebUiBuiltInKeywords.click(WebUiBuiltInKeywords.groovy:616)
	at com.kms.katalon.core.webui.keyword.WebUiBuiltInKeywords$click$2.call(Unknown Source)
	at Script1553155624990.run(Script1553155624990.groovy:20)
	at com.kms.katalon.core.main.ScriptEngine.run(ScriptEngine.java:194)
	at com.kms.katalon.core.main.ScriptEngine.runScriptAsRawText(ScriptEngine.java:119)
	at com.kms.katalon.core.main.TestCaseExecutor.runScript(TestCaseExecutor.java:331)
	at com.kms.katalon.core.main.TestCaseExecutor.doExecute(TestCaseExecutor.java:322)
	at com.kms.katalon.core.main.TestCaseExecutor.processExecutionPhase(TestCaseExecutor.java:301)
	at com.kms.katalon.core.main.TestCaseExecutor.accessMainPhase(TestCaseExecutor.java:293)
	at com.kms.katalon.core.main.TestCaseExecutor.execute(TestCaseExecutor.java:227)
	at com.kms.katalon.core.main.TestCaseMain.runTestCase(TestCaseMain.java:114)
	at com.kms.katalon.core.keyword.builtin.CallTestCaseKeyword$_callTestCase_closure1.doCall(CallTestCaseKeyword.groovy:59)
	at com.kms.katalon.core.keyword.builtin.CallTestCaseKeyword$_callTestCase_closure1.call(CallTestCaseKeyword.groovy)
	at com.kms.katalon.core.keyword.internal.KeywordMain.runKeyword(KeywordMain.groovy:66)
	at com.kms.katalon.core.keyword.builtin.CallTestCaseKeyword.callTestCase(CallTestCaseKeyword.groovy:81)
	at com.kms.katalon.core.keyword.builtin.CallTestCaseKeyword.execute(CallTestCaseKeyword.groovy:44)
	at com.kms.katalon.core.keyword.internal.KeywordExecutor.executeKeywordForPlatform(KeywordExecutor.groovy:56)
	at com.kms.katalon.core.keyword.BuiltinKeywords.callTestCase(BuiltinKeywords.groovy:334)
	at Script1553243057258.run(Script1553243057258.groovy:16)
	... 13 more]]></system-out>
         <system-err><![CDATA[2019-04-03 12:21:02 - [TEST_CASE][FAILED] - Test Cases/Webview/TC1097: Test Cases/Webview/TC1097 FAILED.
Reason:
com.kms.katalon.core.exception.StepFailedException: Call Test Case 'Test Cases/Webview/TC1095' failed
	at com.kms.katalon.core.keyword.builtin.CallTestCaseKeyword$_callTestCase_closure1.doCall(CallTestCaseKeyword.groovy:63)
	at com.kms.katalon.core.keyword.builtin.CallTestCaseKeyword$_callTestCase_closure1.call(CallTestCaseKeyword.groovy)
	at com.kms.katalon.core.keyword.internal.KeywordMain.runKeyword(KeywordMain.groovy:66)
	at com.kms.katalon.core.keyword.builtin.CallTestCaseKeyword.callTestCase(CallTestCaseKeyword.groovy:81)
	at com.kms.katalon.core.keyword.builtin.CallTestCaseKeyword.execute(CallTestCaseKeyword.groovy:44)
	at com.kms.katalon.core.keyword.internal.KeywordExecutor.executeKeywordForPlatform(KeywordExecutor.groovy:56)
	at com.kms.katalon.core.keyword.BuiltinKeywords.callTestCase(BuiltinKeywords.groovy:334)
	at TC1097.run(TC1097:16)
	at com.kms.katalon.core.main.ScriptEngine.run(ScriptEngine.java:194)
	at com.kms.katalon.core.main.ScriptEngine.runScriptAsRawText(ScriptEngine.java:119)
	at com.kms.katalon.core.main.TestCaseExecutor.runScript(TestCaseExecutor.java:331)
	at com.kms.katalon.core.main.TestCaseExecutor.doExecute(TestCaseExecutor.java:322)
	at com.kms.katalon.core.main.TestCaseExecutor.processExecutionPhase(TestCaseExecutor.java:301)
	at com.kms.katalon.core.main.TestCaseExecutor.accessMainPhase(TestCaseExecutor.java:293)
	at com.kms.katalon.core.main.TestCaseExecutor.execute(TestCaseExecutor.java:227)
	at com.kms.katalon.core.main.TestSuiteExecutor.accessTestCaseMainPhase(TestSuiteExecutor.java:129)
	at com.kms.katalon.core.main.TestSuiteExecutor.accessTestSuiteMainPhase(TestSuiteExecutor.java:112)
	at com.kms.katalon.core.main.TestSuiteExecutor.execute(TestSuiteExecutor.java:81)
	at com.kms.katalon.core.main.TestCaseMain.startTestSuite(TestCaseMain.java:157)
	at com.kms.katalon.core.main.TestCaseMain$startTestSuite$0.call(Unknown Source)
	at TempTestSuite1554275422234.run(TempTestSuite1554275422234.groovy:35)
Caused by: com.kms.katalon.core.exception.StepFailedException: Unable to click on object 'Object Repository/Page_KiboEngage  Menu/h7_Open a webview (2)'
	at com.kms.katalon.core.webui.keyword.internal.WebUIKeywordMain.stepFailed(WebUIKeywordMain.groovy:64)
	at com.kms.katalon.core.webui.keyword.internal.WebUIKeywordMain.runKeyword(WebUIKeywordMain.groovy:26)
	at com.kms.katalon.core.webui.keyword.builtin.ClickKeyword.click(ClickKeyword.groovy:86)
	at com.kms.katalon.core.webui.keyword.builtin.ClickKeyword.execute(ClickKeyword.groovy:67)
	at com.kms.katalon.core.keyword.internal.KeywordExecutor.executeKeywordForPlatform(KeywordExecutor.groovy:56)
	at com.kms.katalon.core.webui.keyword.WebUiBuiltInKeywords.click(WebUiBuiltInKeywords.groovy:616)
	at com.kms.katalon.core.webui.keyword.WebUiBuiltInKeywords$click$2.call(Unknown Source)
	at TC1095.run(TC1095:20)
	at com.kms.katalon.core.main.ScriptEngine.run(ScriptEngine.java:194)
	at com.kms.katalon.core.main.ScriptEngine.runScriptAsRawText(ScriptEngine.java:119)
	at com.kms.katalon.core.main.TestCaseExecutor.runScript(TestCaseExecutor.java:331)
	at com.kms.katalon.core.main.TestCaseExecutor.doExecute(TestCaseExecutor.java:322)
	at com.kms.katalon.core.main.TestCaseExecutor.processExecutionPhase(TestCaseExecutor.java:301)
	at com.kms.katalon.core.main.TestCaseExecutor.accessMainPhase(TestCaseExecutor.java:293)
	at com.kms.katalon.core.main.TestCaseExecutor.execute(TestCaseExecutor.java:227)
	at com.kms.katalon.core.main.TestCaseMain.runTestCase(TestCaseMain.java:114)
	at com.kms.katalon.core.keyword.builtin.CallTestCaseKeyword$_callTestCase_closure1.doCall(CallTestCaseKeyword.groovy:59)
	... 20 more
Caused by: com.kms.katalon.core.webui.exception.WebElementNotFoundException: Web element with id: 'Object Repository/Page_KiboEngage  Menu/h7_Open a webview (2)' located by 'By.xpath: //h7[(text() = ' Open a webview' or . = ' Open a webview')]' not found
	at com.kms.katalon.core.webui.common.WebUiCommonHelper.findWebElement(WebUiCommonHelper.java:1053)
	at com.kms.katalon.core.webui.keyword.internal.WebUIAbstractKeyword.findWebElement(WebUIAbstractKeyword.groovy:27)
	at com.kms.katalon.core.webui.keyword.internal.WebUIAbstractKeyword.findWebElement(WebUIAbstractKeyword.groovy:26)
	at com.kms.katalon.core.webui.keyword.builtin.ClickKeyword$_click_closure1.doCall(ClickKeyword.groovy:77)
	at com.kms.katalon.core.webui.keyword.builtin.ClickKeyword$_click_closure1.call(ClickKeyword.groovy)
	at com.kms.katalon.core.webui.keyword.internal.WebUIKeywordMain.runKeyword(WebUIKeywordMain.groovy:20)
	at com.kms.katalon.core.webui.keyword.builtin.ClickKeyword.click(ClickKeyword.groovy:86)
	at com.kms.katalon.core.webui.keyword.builtin.ClickKeyword.execute(ClickKeyword.groovy:67)
	at com.kms.katalon.core.keyword.internal.KeywordExecutor.executeKeywordForPlatform(KeywordExecutor.groovy:56)
	at com.kms.katalon.core.webui.keyword.WebUiBuiltInKeywords.click(WebUiBuiltInKeywords.groovy:616)
	at com.kms.katalon.core.webui.keyword.WebUiBuiltInKeywords$click$2.call(Unknown Source)
	at Script1553155624990.run(Script1553155624990.groovy:20)
	at com.kms.katalon.core.main.ScriptEngine.run(ScriptEngine.java:194)
	at com.kms.katalon.core.main.ScriptEngine.runScriptAsRawText(ScriptEngine.java:119)
	at com.kms.katalon.core.main.TestCaseExecutor.runScript(TestCaseExecutor.java:331)
	at com.kms.katalon.core.main.TestCaseExecutor.doExecute(TestCaseExecutor.java:322)
	at com.kms.katalon.core.main.TestCaseExecutor.processExecutionPhase(TestCaseExecutor.java:301)
	at com.kms.katalon.core.main.TestCaseExecutor.accessMainPhase(TestCaseExecutor.java:293)
	at com.kms.katalon.core.main.TestCaseExecutor.execute(TestCaseExecutor.java:227)
	at com.kms.katalon.core.main.TestCaseMain.runTestCase(TestCaseMain.java:114)
	at com.kms.katalon.core.keyword.builtin.CallTestCaseKeyword$_callTestCase_closure1.doCall(CallTestCaseKeyword.groovy:59)
	at com.kms.katalon.core.keyword.builtin.CallTestCaseKeyword$_callTestCase_closure1.call(CallTestCaseKeyword.groovy)
	at com.kms.katalon.core.keyword.internal.KeywordMain.runKeyword(KeywordMain.groovy:66)
	at com.kms.katalon.core.keyword.builtin.CallTestCaseKeyword.callTestCase(CallTestCaseKeyword.groovy:81)
	at com.kms.katalon.core.keyword.builtin.CallTestCaseKeyword.execute(CallTestCaseKeyword.groovy:44)
	at com.kms.katalon.core.keyword.internal.KeywordExecutor.executeKeywordForPlatform(KeywordExecutor.groovy:56)
	at com.kms.katalon.core.keyword.BuiltinKeywords.callTestCase(BuiltinKeywords.groovy:334)
	at Script1553243057258.run(Script1553243057258.groovy:16)
	... 13 more]]></system-err>
      </testcase>
      <testcase name="Test Cases/Webview/TC1098" classname="Test Cases/Webview/TC1098" status="PASSED">
         <system-out><![CDATA[2019-04-03 12:22:28 - [TEST_CASE][PASSED] - Test Cases/Webview/TC1098: Test Cases/Webview/TC1098

2019-04-03 12:22:28 - [TEST_STEP][PASSED] - callTestCase(findTestCase("s-sidebar_navigation/individualAccount/Login_Muzamil"), [:], STOP_ON_FAILURE): Call Test Case 'Test Cases/s-sidebar_navigation/individualAccount/Login_Muzamil' successfully

2019-04-03 12:22:28 - [TEST_CASE][PASSED] - Test Cases/s-sidebar_navigation/individualAccount/Login_Muzamil: Test Cases/s-sidebar_navigation/individualAccount/Login_Muzamil

2019-04-03 12:22:28 - [TEST_STEP][PASSED] - openBrowser(""): Browser is opened with url: ''

2019-04-03 12:22:28 - [MESSAGE][WARNING] - A browser is already opened. Closing browser and opening a new one

2019-04-03 12:22:28 - [MESSAGE][INFO] - Starting 'Chrome' driver

2019-04-03 12:22:29 - [MESSAGE][PASSED] - Browser is opened with url: ''

2019-04-03 12:22:29 - [TEST_STEP][PASSED] - maximizeWindow(): Current window maximized

2019-04-03 12:22:29 - [MESSAGE][PASSED] - Current window maximized

2019-04-03 12:22:29 - [TEST_STEP][PASSED] - navigateToUrl("https://app.kibopush.com/"): Navigate to 'https://app.kibopush.com/' successfully

2019-04-03 12:22:44 - [MESSAGE][PASSED] - Navigate to 'https://app.kibopush.com/' successfully

2019-04-03 12:22:44 - [TEST_STEP][PASSED] - click(findTestObject("Page_CloudKibo/a_Login (2)")): Object: 'Object Repository/Page_CloudKibo/a_Login (2)' is clicked on

2019-04-03 12:22:45 - [MESSAGE][PASSED] - Object: 'Object Repository/Page_CloudKibo/a_Login (2)' is clicked on

2019-04-03 12:22:45 - [TEST_STEP][PASSED] - delay(2): Delayed 2 second(s)

2019-04-03 12:22:47 - [MESSAGE][PASSED] - Delayed 2 second(s)

2019-04-03 12:22:47 - [TEST_STEP][PASSED] - setText(findTestObject("Page_CloudKibo/input_Sign In_email (1)"), "muzamil.bukhari.39@gmail.com"): Text 'muzamil.bukhari.39@gmail.com' is set on object 'Object Repository/Page_CloudKibo/input_Sign In_email (1)'

2019-04-03 12:22:47 - [MESSAGE][PASSED] - Text 'muzamil.bukhari.39@gmail.com' is set on object 'Object Repository/Page_CloudKibo/input_Sign In_email (1)'

2019-04-03 12:22:47 - [TEST_STEP][PASSED] - setEncryptedText(findTestObject("Page_CloudKibo/input_Sign In_password (1)"), "ZOMPkeJIpHWb3LMKk986MQ=="): Text ****** has been set on object 'Object Repository/Page_CloudKibo/input_Sign In_password (1)'

2019-04-03 12:22:47 - [MESSAGE][PASSED] - Text ****** has been set on object 'Object Repository/Page_CloudKibo/input_Sign In_password (1)'

2019-04-03 12:22:47 - [TEST_STEP][PASSED] - delay(1): Delayed 1 second(s)

2019-04-03 12:22:48 - [MESSAGE][PASSED] - Delayed 1 second(s)

2019-04-03 12:22:48 - [TEST_STEP][PASSED] - click(findTestObject("Page_CloudKibo/button_Sign In (5)")): Object: 'Object Repository/Page_CloudKibo/button_Sign In (5)' is clicked on

2019-04-03 12:22:48 - [MESSAGE][PASSED] - Object: 'Object Repository/Page_CloudKibo/button_Sign In (5)' is clicked on

2019-04-03 12:22:48 - [TEST_STEP][PASSED] - delay(3): Delayed 3 second(s)

2019-04-03 12:22:51 - [MESSAGE][PASSED] - Delayed 3 second(s)

2019-04-03 12:22:51 - [TEST_STEP][PASSED] - click(findTestObject("Object Repository/Page_KiboEngage  Dashboard/h4_KIBOPUSH")): Object: 'Object Repository/Page_KiboEngage  Dashboard/h4_KIBOPUSH' is clicked on

2019-04-03 12:23:10 - [MESSAGE][PASSED] - Object: 'Object Repository/Page_KiboEngage  Dashboard/h4_KIBOPUSH' is clicked on

2019-04-03 12:23:10 - [MESSAGE][PASSED] - Call Test Case 'Test Cases/s-sidebar_navigation/individualAccount/Login_Muzamil' successfully

2019-04-03 12:23:10 - [TEST_STEP][PASSED] - delay(2): Delayed 2 second(s)

2019-04-03 12:23:12 - [MESSAGE][PASSED] - Delayed 2 second(s)

2019-04-03 12:23:12 - [TEST_STEP][PASSED] - click(findTestObject("Object Repository/Page_KiboEngage  Dashboard/span_Automation")): Object: 'Object Repository/Page_KiboEngage  Dashboard/span_Automation' is clicked on

2019-04-03 12:23:13 - [MESSAGE][PASSED] - Object: 'Object Repository/Page_KiboEngage  Dashboard/span_Automation' is clicked on

2019-04-03 12:23:13 - [TEST_STEP][PASSED] - delay(1): Delayed 1 second(s)

2019-04-03 12:23:14 - [MESSAGE][PASSED] - Delayed 1 second(s)

2019-04-03 12:23:14 - [TEST_STEP][PASSED] - click(findTestObject("Object Repository/Page_KiboEngage  Dashboard/span_Sequence Messaging")): Object: 'Object Repository/Page_KiboEngage  Dashboard/span_Sequence Messaging' is clicked on

2019-04-03 12:23:14 - [MESSAGE][PASSED] - Object: 'Object Repository/Page_KiboEngage  Dashboard/span_Sequence Messaging' is clicked on

2019-04-03 12:23:14 - [TEST_STEP][PASSED] - delay(2): Delayed 2 second(s)

2019-04-03 12:23:16 - [MESSAGE][PASSED] - Delayed 2 second(s)

2019-04-03 12:23:16 - [TEST_STEP][PASSED] - click(findTestObject("Object Repository/Page_KiboEngage  Sequence/button_Create New Sequence")): Object: 'Object Repository/Page_KiboEngage  Sequence/button_Create New Sequence' is clicked on

2019-04-03 12:23:16 - [MESSAGE][PASSED] - Object: 'Object Repository/Page_KiboEngage  Sequence/button_Create New Sequence' is clicked on

2019-04-03 12:23:16 - [TEST_STEP][PASSED] - delay(1): Delayed 1 second(s)

2019-04-03 12:23:17 - [MESSAGE][PASSED] - Delayed 1 second(s)

2019-04-03 12:23:17 - [TEST_STEP][PASSED] - setText(findTestObject("Object Repository/Page_KiboEngage  Sequence/input_Sequence Name_form-control"), "Test"): Text 'Test' is set on object 'Object Repository/Page_KiboEngage  Sequence/input_Sequence Name_form-control'

2019-04-03 12:23:17 - [MESSAGE][PASSED] - Text 'Test' is set on object 'Object Repository/Page_KiboEngage  Sequence/input_Sequence Name_form-control'

2019-04-03 12:23:17 - [TEST_STEP][PASSED] - click(findTestObject("Object Repository/Page_KiboEngage  Sequence/button_Create")): Object: 'Object Repository/Page_KiboEngage  Sequence/button_Create' is clicked on

2019-04-03 12:23:17 - [MESSAGE][PASSED] - Object: 'Object Repository/Page_KiboEngage  Sequence/button_Create' is clicked on

2019-04-03 12:23:17 - [TEST_STEP][PASSED] - delay(2): Delayed 2 second(s)

2019-04-03 12:23:19 - [MESSAGE][PASSED] - Delayed 2 second(s)

2019-04-03 12:23:19 - [TEST_STEP][PASSED] - click(findTestObject("Object Repository/Page_KiboEngage  Edit Sequence/button_Add Message")): Object: 'Object Repository/Page_KiboEngage  Edit Sequence/button_Add Message' is clicked on

2019-04-03 12:23:19 - [MESSAGE][PASSED] - Object: 'Object Repository/Page_KiboEngage  Edit Sequence/button_Add Message' is clicked on

2019-04-03 12:23:19 - [TEST_STEP][PASSED] - delay(1): Delayed 1 second(s)

2019-04-03 12:23:20 - [MESSAGE][PASSED] - Delayed 1 second(s)

2019-04-03 12:23:20 - [TEST_STEP][PASSED] - click(findTestObject("Object Repository/Page_KiboEngage  Edit Sequence/div_New MessageTriggerNone -- EditScheduleAfter 1 day(s) -- EditSegmentNone -- Edit0Sent0Seen0Clicked")): Object: 'Object Repository/Page_KiboEngage  Edit Sequence/div_New MessageTriggerNone -- EditScheduleAfter 1 day(s) -- EditSegmentNone -- Edit0Sent0Seen0Clicked' is clicked on

2019-04-03 12:23:20 - [MESSAGE][PASSED] - Object: 'Object Repository/Page_KiboEngage  Edit Sequence/div_New MessageTriggerNone -- EditScheduleAfter 1 day(s) -- EditSegmentNone -- Edit0Sent0Seen0Clicked' is clicked on

2019-04-03 12:23:20 - [TEST_STEP][PASSED] - click(findTestObject("Object Repository/Page_KiboEngage  Edit Sequence/span_New Message")): Object: 'Object Repository/Page_KiboEngage  Edit Sequence/span_New Message' is clicked on

2019-04-03 12:23:20 - [MESSAGE][PASSED] - Object: 'Object Repository/Page_KiboEngage  Edit Sequence/span_New Message' is clicked on

2019-04-03 12:23:20 - [TEST_STEP][PASSED] - click(findTestObject("Object Repository/Page_KiboEngage  Create Sequence Message/div_Text")): Object: 'Object Repository/Page_KiboEngage  Create Sequence Message/div_Text' is clicked on

2019-04-03 12:23:20 - [MESSAGE][PASSED] - Object: 'Object Repository/Page_KiboEngage  Create Sequence Message/div_Text' is clicked on

2019-04-03 12:23:20 - [TEST_STEP][PASSED] - delay(2): Delayed 2 second(s)

2019-04-03 12:23:22 - [MESSAGE][PASSED] - Delayed 2 second(s)

2019-04-03 12:23:22 - [TEST_STEP][PASSED] - click(findTestObject("Object Repository/Page_KiboEngage  Create Sequence Message/h6_ Add Button")): Object: 'Object Repository/Page_KiboEngage  Create Sequence Message/h6_ Add Button' is clicked on

2019-04-03 12:23:22 - [MESSAGE][PASSED] - Object: 'Object Repository/Page_KiboEngage  Create Sequence Message/h6_ Add Button' is clicked on

2019-04-03 12:23:22 - [TEST_STEP][PASSED] - verifyTextNotPresent(" Open a webview", false): Text ' Open a webview' is not present on page

2019-04-03 12:23:23 - [MESSAGE][PASSED] - Text ' Open a webview' is not present on page]]></system-out>
         <system-err><![CDATA[]]></system-err>
      </testcase>
      <testcase name="Test Cases/Webview/TC1099" classname="Test Cases/Webview/TC1099" status="PASSED">
         <system-out><![CDATA[2019-04-03 12:23:23 - [TEST_CASE][PASSED] - Test Cases/Webview/TC1099: Test Cases/Webview/TC1099

2019-04-03 12:23:23 - [TEST_STEP][PASSED] - callTestCase(findTestCase("s-sidebar_navigation/individualAccount/Login_Muzamil"), [:], STOP_ON_FAILURE): Call Test Case 'Test Cases/s-sidebar_navigation/individualAccount/Login_Muzamil' successfully

2019-04-03 12:23:23 - [TEST_CASE][PASSED] - Test Cases/s-sidebar_navigation/individualAccount/Login_Muzamil: Test Cases/s-sidebar_navigation/individualAccount/Login_Muzamil

2019-04-03 12:23:23 - [TEST_STEP][PASSED] - openBrowser(""): Browser is opened with url: ''

2019-04-03 12:23:23 - [MESSAGE][WARNING] - A browser is already opened. Closing browser and opening a new one

2019-04-03 12:23:23 - [MESSAGE][INFO] - Starting 'Chrome' driver

2019-04-03 12:23:23 - [MESSAGE][PASSED] - Browser is opened with url: ''

2019-04-03 12:23:23 - [TEST_STEP][PASSED] - maximizeWindow(): Current window maximized

2019-04-03 12:23:23 - [MESSAGE][PASSED] - Current window maximized

2019-04-03 12:23:23 - [TEST_STEP][PASSED] - navigateToUrl("https://app.kibopush.com/"): Navigate to 'https://app.kibopush.com/' successfully

2019-04-03 12:23:35 - [MESSAGE][PASSED] - Navigate to 'https://app.kibopush.com/' successfully

2019-04-03 12:23:35 - [TEST_STEP][PASSED] - click(findTestObject("Page_CloudKibo/a_Login (2)")): Object: 'Object Repository/Page_CloudKibo/a_Login (2)' is clicked on

2019-04-03 12:23:36 - [MESSAGE][PASSED] - Object: 'Object Repository/Page_CloudKibo/a_Login (2)' is clicked on

2019-04-03 12:23:36 - [TEST_STEP][PASSED] - delay(2): Delayed 2 second(s)

2019-04-03 12:23:38 - [MESSAGE][PASSED] - Delayed 2 second(s)

2019-04-03 12:23:38 - [TEST_STEP][PASSED] - setText(findTestObject("Page_CloudKibo/input_Sign In_email (1)"), "muzamil.bukhari.39@gmail.com"): Text 'muzamil.bukhari.39@gmail.com' is set on object 'Object Repository/Page_CloudKibo/input_Sign In_email (1)'

2019-04-03 12:23:38 - [MESSAGE][PASSED] - Text 'muzamil.bukhari.39@gmail.com' is set on object 'Object Repository/Page_CloudKibo/input_Sign In_email (1)'

2019-04-03 12:23:38 - [TEST_STEP][PASSED] - setEncryptedText(findTestObject("Page_CloudKibo/input_Sign In_password (1)"), "ZOMPkeJIpHWb3LMKk986MQ=="): Text ****** has been set on object 'Object Repository/Page_CloudKibo/input_Sign In_password (1)'

2019-04-03 12:23:38 - [MESSAGE][PASSED] - Text ****** has been set on object 'Object Repository/Page_CloudKibo/input_Sign In_password (1)'

2019-04-03 12:23:38 - [TEST_STEP][PASSED] - delay(1): Delayed 1 second(s)

2019-04-03 12:23:39 - [MESSAGE][PASSED] - Delayed 1 second(s)

2019-04-03 12:23:39 - [TEST_STEP][PASSED] - click(findTestObject("Page_CloudKibo/button_Sign In (5)")): Object: 'Object Repository/Page_CloudKibo/button_Sign In (5)' is clicked on

2019-04-03 12:23:39 - [MESSAGE][PASSED] - Object: 'Object Repository/Page_CloudKibo/button_Sign In (5)' is clicked on

2019-04-03 12:23:39 - [TEST_STEP][PASSED] - delay(3): Delayed 3 second(s)

2019-04-03 12:23:42 - [MESSAGE][PASSED] - Delayed 3 second(s)

2019-04-03 12:23:42 - [TEST_STEP][PASSED] - click(findTestObject("Object Repository/Page_KiboEngage  Dashboard/h4_KIBOPUSH")): Object: 'Object Repository/Page_KiboEngage  Dashboard/h4_KIBOPUSH' is clicked on

2019-04-03 12:24:11 - [MESSAGE][PASSED] - Object: 'Object Repository/Page_KiboEngage  Dashboard/h4_KIBOPUSH' is clicked on

2019-04-03 12:24:11 - [MESSAGE][PASSED] - Call Test Case 'Test Cases/s-sidebar_navigation/individualAccount/Login_Muzamil' successfully

2019-04-03 12:24:11 - [TEST_STEP][PASSED] - delay(2): Delayed 2 second(s)

2019-04-03 12:24:13 - [MESSAGE][PASSED] - Delayed 2 second(s)

2019-04-03 12:24:13 - [TEST_STEP][PASSED] - click(findTestObject("Object Repository/Page_KiboEngage  Dashboard/span_Broadcasting (1) (1)")): Object: 'Object Repository/Page_KiboEngage  Dashboard/span_Broadcasting (1) (1)' is clicked on

2019-04-03 12:24:13 - [MESSAGE][PASSED] - Object: 'Object Repository/Page_KiboEngage  Dashboard/span_Broadcasting (1) (1)' is clicked on

2019-04-03 12:24:13 - [TEST_STEP][PASSED] - delay(1): Delayed 1 second(s)

2019-04-03 12:24:14 - [MESSAGE][PASSED] - Delayed 1 second(s)

2019-04-03 12:24:14 - [TEST_STEP][PASSED] - click(findTestObject("Page_KiboEngage  Dashboard/span_Templates")): Object: 'Object Repository/Page_KiboEngage  Dashboard/span_Templates' is clicked on

2019-04-03 12:24:14 - [MESSAGE][PASSED] - Object: 'Object Repository/Page_KiboEngage  Dashboard/span_Templates' is clicked on

2019-04-03 12:24:14 - [TEST_STEP][PASSED] - delay(1): Delayed 1 second(s)

2019-04-03 12:24:15 - [MESSAGE][PASSED] - Delayed 1 second(s)

2019-04-03 12:24:15 - [TEST_STEP][PASSED] - click(findTestObject("Page_KiboEngage  Templates/span_Create New")): Object: 'Object Repository/Page_KiboEngage  Templates/span_Create New' is clicked on

2019-04-03 12:24:15 - [MESSAGE][PASSED] - Object: 'Object Repository/Page_KiboEngage  Templates/span_Create New' is clicked on

2019-04-03 12:24:15 - [TEST_STEP][PASSED] - delay(1): Delayed 1 second(s)

2019-04-03 12:24:16 - [MESSAGE][PASSED] - Delayed 1 second(s)

2019-04-03 12:24:16 - [TEST_STEP][PASSED] - click(findTestObject("Page_KiboEngage  Create Broadcast Template/div_Text")): Object: 'Object Repository/Page_KiboEngage  Create Broadcast Template/div_Text' is clicked on

2019-04-03 12:24:16 - [MESSAGE][PASSED] - Object: 'Object Repository/Page_KiboEngage  Create Broadcast Template/div_Text' is clicked on

2019-04-03 12:24:16 - [TEST_STEP][PASSED] - click(findTestObject("Page_KiboEngage  Create Broadcast Template/h6_ Add Button")): Object: 'Object Repository/Page_KiboEngage  Create Broadcast Template/h6_ Add Button' is clicked on

2019-04-03 12:24:16 - [MESSAGE][PASSED] - Object: 'Object Repository/Page_KiboEngage  Create Broadcast Template/h6_ Add Button' is clicked on

2019-04-03 12:24:16 - [TEST_STEP][PASSED] - delay(1): Delayed 1 second(s)

2019-04-03 12:24:17 - [MESSAGE][PASSED] - Delayed 1 second(s)

2019-04-03 12:24:17 - [TEST_STEP][PASSED] - verifyTextNotPresent(" Open a webview", false): Text ' Open a webview' is not present on page

2019-04-03 12:24:17 - [MESSAGE][PASSED] - Text ' Open a webview' is not present on page]]></system-out>
         <system-err><![CDATA[]]></system-err>
      </testcase>
      <testcase name="Test Cases/Webview/TC1100" classname="Test Cases/Webview/TC1100" status="PASSED">
         <system-out><![CDATA[2019-04-03 12:24:17 - [TEST_CASE][PASSED] - Test Cases/Webview/TC1100: Test Cases/Webview/TC1100

2019-04-03 12:24:18 - [TEST_STEP][PASSED] - callTestCase(findTestCase("s-sidebar_navigation/individualAccount/Login_Muzamil"), [:], STOP_ON_FAILURE): Call Test Case 'Test Cases/s-sidebar_navigation/individualAccount/Login_Muzamil' successfully

2019-04-03 12:24:18 - [TEST_CASE][PASSED] - Test Cases/s-sidebar_navigation/individualAccount/Login_Muzamil: Test Cases/s-sidebar_navigation/individualAccount/Login_Muzamil

2019-04-03 12:24:18 - [TEST_STEP][PASSED] - openBrowser(""): Browser is opened with url: ''

2019-04-03 12:24:18 - [MESSAGE][WARNING] - A browser is already opened. Closing browser and opening a new one

2019-04-03 12:24:18 - [MESSAGE][INFO] - Starting 'Chrome' driver

2019-04-03 12:24:18 - [MESSAGE][PASSED] - Browser is opened with url: ''

2019-04-03 12:24:18 - [TEST_STEP][PASSED] - maximizeWindow(): Current window maximized

2019-04-03 12:24:18 - [MESSAGE][PASSED] - Current window maximized

2019-04-03 12:24:18 - [TEST_STEP][PASSED] - navigateToUrl("https://app.kibopush.com/"): Navigate to 'https://app.kibopush.com/' successfully

2019-04-03 12:24:32 - [MESSAGE][PASSED] - Navigate to 'https://app.kibopush.com/' successfully

2019-04-03 12:24:32 - [TEST_STEP][PASSED] - click(findTestObject("Page_CloudKibo/a_Login (2)")): Object: 'Object Repository/Page_CloudKibo/a_Login (2)' is clicked on

2019-04-03 12:24:33 - [MESSAGE][PASSED] - Object: 'Object Repository/Page_CloudKibo/a_Login (2)' is clicked on

2019-04-03 12:24:33 - [TEST_STEP][PASSED] - delay(2): Delayed 2 second(s)

2019-04-03 12:24:35 - [MESSAGE][PASSED] - Delayed 2 second(s)

2019-04-03 12:24:35 - [TEST_STEP][PASSED] - setText(findTestObject("Page_CloudKibo/input_Sign In_email (1)"), "muzamil.bukhari.39@gmail.com"): Text 'muzamil.bukhari.39@gmail.com' is set on object 'Object Repository/Page_CloudKibo/input_Sign In_email (1)'

2019-04-03 12:24:35 - [MESSAGE][PASSED] - Text 'muzamil.bukhari.39@gmail.com' is set on object 'Object Repository/Page_CloudKibo/input_Sign In_email (1)'

2019-04-03 12:24:35 - [TEST_STEP][PASSED] - setEncryptedText(findTestObject("Page_CloudKibo/input_Sign In_password (1)"), "ZOMPkeJIpHWb3LMKk986MQ=="): Text ****** has been set on object 'Object Repository/Page_CloudKibo/input_Sign In_password (1)'

2019-04-03 12:24:35 - [MESSAGE][PASSED] - Text ****** has been set on object 'Object Repository/Page_CloudKibo/input_Sign In_password (1)'

2019-04-03 12:24:35 - [TEST_STEP][PASSED] - delay(1): Delayed 1 second(s)

2019-04-03 12:24:36 - [MESSAGE][PASSED] - Delayed 1 second(s)

2019-04-03 12:24:36 - [TEST_STEP][PASSED] - click(findTestObject("Page_CloudKibo/button_Sign In (5)")): Object: 'Object Repository/Page_CloudKibo/button_Sign In (5)' is clicked on

2019-04-03 12:24:37 - [MESSAGE][PASSED] - Object: 'Object Repository/Page_CloudKibo/button_Sign In (5)' is clicked on

2019-04-03 12:24:37 - [TEST_STEP][PASSED] - delay(3): Delayed 3 second(s)

2019-04-03 12:24:40 - [MESSAGE][PASSED] - Delayed 3 second(s)

2019-04-03 12:24:40 - [TEST_STEP][PASSED] - click(findTestObject("Object Repository/Page_KiboEngage  Dashboard/h4_KIBOPUSH")): Object: 'Object Repository/Page_KiboEngage  Dashboard/h4_KIBOPUSH' is clicked on

2019-04-03 12:24:55 - [MESSAGE][PASSED] - Object: 'Object Repository/Page_KiboEngage  Dashboard/h4_KIBOPUSH' is clicked on

2019-04-03 12:24:55 - [MESSAGE][PASSED] - Call Test Case 'Test Cases/s-sidebar_navigation/individualAccount/Login_Muzamil' successfully

2019-04-03 12:24:55 - [TEST_STEP][PASSED] - delay(2): Delayed 2 second(s)

2019-04-03 12:24:57 - [MESSAGE][PASSED] - Delayed 2 second(s)

2019-04-03 12:24:57 - [TEST_STEP][PASSED] - click(findTestObject("Page_KiboEngage  Dashboard/span_Growth Tools (2) (1)")): Object: 'Object Repository/Page_KiboEngage  Dashboard/span_Growth Tools (2) (1)' is clicked on

2019-04-03 12:24:57 - [MESSAGE][PASSED] - Object: 'Object Repository/Page_KiboEngage  Dashboard/span_Growth Tools (2) (1)' is clicked on

2019-04-03 12:24:57 - [TEST_STEP][PASSED] - delay(1): Delayed 1 second(s)

2019-04-03 12:24:58 - [MESSAGE][PASSED] - Delayed 1 second(s)

2019-04-03 12:24:58 - [TEST_STEP][PASSED] - click(findTestObject("Page_KiboEngage  Dashboard/span_Messenger Ads (1) (1)")): Object: 'Object Repository/Page_KiboEngage  Dashboard/span_Messenger Ads (1) (1)' is clicked on

2019-04-03 12:24:59 - [MESSAGE][PASSED] - Object: 'Object Repository/Page_KiboEngage  Dashboard/span_Messenger Ads (1) (1)' is clicked on

2019-04-03 12:24:59 - [TEST_STEP][PASSED] - delay(1): Delayed 1 second(s)

2019-04-03 12:25:00 - [MESSAGE][PASSED] - Delayed 1 second(s)

2019-04-03 12:25:00 - [TEST_STEP][PASSED] - click(findTestObject("Page_KiboEngage  Messenger Ads/span_Create New (1)")): Object: 'Object Repository/Page_KiboEngage  Messenger Ads/span_Create New (1)' is clicked on

2019-04-03 12:25:00 - [MESSAGE][PASSED] - Object: 'Object Repository/Page_KiboEngage  Messenger Ads/span_Create New (1)' is clicked on

2019-04-03 12:25:00 - [TEST_STEP][PASSED] - delay(1): Delayed 1 second(s)

2019-04-03 12:25:01 - [MESSAGE][PASSED] - Delayed 1 second(s)

2019-04-03 12:25:01 - [TEST_STEP][PASSED] - click(findTestObject("Page_KiboEngage  Create Messenger Ad/a_Opt-In Message_btn btn-circle btn-icon-only btn-default m-input-icon__icon m-input-icon__icon--right")): Object: 'Object Repository/Page_KiboEngage  Create Messenger Ad/a_Opt-In Message_btn btn-circle btn-icon-only btn-default m-input-icon__icon m-input-icon__icon--right' is clicked on

2019-04-03 12:25:02 - [MESSAGE][PASSED] - Object: 'Object Repository/Page_KiboEngage  Create Messenger Ad/a_Opt-In Message_btn btn-circle btn-icon-only btn-default m-input-icon__icon m-input-icon__icon--right' is clicked on

2019-04-03 12:25:02 - [TEST_STEP][PASSED] - delay(1): Delayed 1 second(s)

2019-04-03 12:25:03 - [MESSAGE][PASSED] - Delayed 1 second(s)

2019-04-03 12:25:03 - [TEST_STEP][PASSED] - click(findTestObject("Page_KiboEngage  Create Message/h6_ Add Button")): Object: 'Object Repository/Page_KiboEngage  Create Message/h6_ Add Button' is clicked on

2019-04-03 12:25:04 - [MESSAGE][PASSED] - Object: 'Object Repository/Page_KiboEngage  Create Message/h6_ Add Button' is clicked on

2019-04-03 12:25:04 - [TEST_STEP][PASSED] - verifyTextNotPresent(" Open a webview", false): Text ' Open a webview' is not present on page

2019-04-03 12:25:04 - [MESSAGE][PASSED] - Text ' Open a webview' is not present on page]]></system-out>
         <system-err><![CDATA[]]></system-err>
      </testcase>
      <testcase name="Test Cases/Webview/TC11110" classname="Test Cases/Webview/TC11110" status="PASSED">
         <system-out><![CDATA[2019-04-03 12:25:04 - [TEST_CASE][PASSED] - Test Cases/Webview/TC11110: Test Cases/Webview/TC11110

2019-04-03 12:25:04 - [TEST_STEP][PASSED] - callTestCase(findTestCase("Persistent Menu/open_popover"), [:], STOP_ON_FAILURE): Call Test Case 'Test Cases/Persistent Menu/open_popover' successfully

2019-04-03 12:25:04 - [TEST_CASE][PASSED] - Test Cases/Persistent Menu/open_popover: Test Cases/Persistent Menu/open_popover

2019-04-03 12:25:04 - [TEST_STEP][PASSED] - callTestCase(findTestCase("Persistent Menu/Go_to_menu_item"), [:], STOP_ON_FAILURE): Call Test Case 'Test Cases/Persistent Menu/Go_to_menu_item' successfully

2019-04-03 12:25:04 - [TEST_CASE][PASSED] - Test Cases/Persistent Menu/Go_to_menu_item: Test Cases/Persistent Menu/Go_to_menu_item

2019-04-03 12:25:04 - [TEST_STEP][PASSED] - callTestCase(findTestCase("s-sidebar_navigation/individualAccount/Login_Muzamil"), [:], STOP_ON_FAILURE): Call Test Case 'Test Cases/s-sidebar_navigation/individualAccount/Login_Muzamil' successfully

2019-04-03 12:25:04 - [TEST_CASE][PASSED] - Test Cases/s-sidebar_navigation/individualAccount/Login_Muzamil: Test Cases/s-sidebar_navigation/individualAccount/Login_Muzamil

2019-04-03 12:25:04 - [TEST_STEP][PASSED] - openBrowser(""): Browser is opened with url: ''

2019-04-03 12:25:04 - [MESSAGE][WARNING] - A browser is already opened. Closing browser and opening a new one

2019-04-03 12:25:04 - [MESSAGE][INFO] - Starting 'Chrome' driver

2019-04-03 12:25:04 - [MESSAGE][PASSED] - Browser is opened with url: ''

2019-04-03 12:25:04 - [TEST_STEP][PASSED] - maximizeWindow(): Current window maximized

2019-04-03 12:25:04 - [MESSAGE][PASSED] - Current window maximized

2019-04-03 12:25:04 - [TEST_STEP][PASSED] - navigateToUrl("https://app.kibopush.com/"): Navigate to 'https://app.kibopush.com/' successfully

2019-04-03 12:25:14 - [MESSAGE][PASSED] - Navigate to 'https://app.kibopush.com/' successfully

2019-04-03 12:25:14 - [TEST_STEP][PASSED] - click(findTestObject("Page_CloudKibo/a_Login (2)")): Object: 'Object Repository/Page_CloudKibo/a_Login (2)' is clicked on

2019-04-03 12:25:15 - [MESSAGE][PASSED] - Object: 'Object Repository/Page_CloudKibo/a_Login (2)' is clicked on

2019-04-03 12:25:15 - [TEST_STEP][PASSED] - delay(2): Delayed 2 second(s)

2019-04-03 12:25:17 - [MESSAGE][PASSED] - Delayed 2 second(s)

2019-04-03 12:25:17 - [TEST_STEP][PASSED] - setText(findTestObject("Page_CloudKibo/input_Sign In_email (1)"), "muzamil.bukhari.39@gmail.com"): Text 'muzamil.bukhari.39@gmail.com' is set on object 'Object Repository/Page_CloudKibo/input_Sign In_email (1)'

2019-04-03 12:25:17 - [MESSAGE][PASSED] - Text 'muzamil.bukhari.39@gmail.com' is set on object 'Object Repository/Page_CloudKibo/input_Sign In_email (1)'

2019-04-03 12:25:17 - [TEST_STEP][PASSED] - setEncryptedText(findTestObject("Page_CloudKibo/input_Sign In_password (1)"), "ZOMPkeJIpHWb3LMKk986MQ=="): Text ****** has been set on object 'Object Repository/Page_CloudKibo/input_Sign In_password (1)'

2019-04-03 12:25:17 - [MESSAGE][PASSED] - Text ****** has been set on object 'Object Repository/Page_CloudKibo/input_Sign In_password (1)'

2019-04-03 12:25:17 - [TEST_STEP][PASSED] - delay(1): Delayed 1 second(s)

2019-04-03 12:25:18 - [MESSAGE][PASSED] - Delayed 1 second(s)

2019-04-03 12:25:18 - [TEST_STEP][PASSED] - click(findTestObject("Page_CloudKibo/button_Sign In (5)")): Object: 'Object Repository/Page_CloudKibo/button_Sign In (5)' is clicked on

2019-04-03 12:25:18 - [MESSAGE][PASSED] - Object: 'Object Repository/Page_CloudKibo/button_Sign In (5)' is clicked on

2019-04-03 12:25:18 - [TEST_STEP][PASSED] - delay(3): Delayed 3 second(s)

2019-04-03 12:25:21 - [MESSAGE][PASSED] - Delayed 3 second(s)

2019-04-03 12:25:21 - [TEST_STEP][PASSED] - click(findTestObject("Object Repository/Page_KiboEngage  Dashboard/h4_KIBOPUSH")): Object: 'Object Repository/Page_KiboEngage  Dashboard/h4_KIBOPUSH' is clicked on

2019-04-03 12:25:39 - [MESSAGE][PASSED] - Object: 'Object Repository/Page_KiboEngage  Dashboard/h4_KIBOPUSH' is clicked on

2019-04-03 12:25:39 - [MESSAGE][PASSED] - Call Test Case 'Test Cases/s-sidebar_navigation/individualAccount/Login_Muzamil' successfully

2019-04-03 12:25:39 - [TEST_STEP][PASSED] - click(findTestObject("Page_KiboPush  Dashboard/span_Manage Pages")): Object: 'Object Repository/Page_KiboPush  Dashboard/span_Manage Pages' is clicked on

2019-04-03 12:25:39 - [MESSAGE][PASSED] - Object: 'Object Repository/Page_KiboPush  Dashboard/span_Manage Pages' is clicked on

2019-04-03 12:25:39 - [TEST_STEP][PASSED] - delay(2): Delayed 2 second(s)

2019-04-03 12:25:41 - [MESSAGE][PASSED] - Delayed 2 second(s)

2019-04-03 12:25:41 - [TEST_STEP][PASSED] - click(findTestObject("Page_KiboPush  Dashboard/span_Persistent Menu")): Object: 'Object Repository/Page_KiboPush  Dashboard/span_Persistent Menu' is clicked on

2019-04-03 12:25:41 - [MESSAGE][PASSED] - Object: 'Object Repository/Page_KiboPush  Dashboard/span_Persistent Menu' is clicked on

2019-04-03 12:25:41 - [TEST_STEP][PASSED] - delay(2): Delayed 2 second(s)

2019-04-03 12:25:43 - [MESSAGE][PASSED] - Delayed 2 second(s)

2019-04-03 12:25:43 - [MESSAGE][PASSED] - Call Test Case 'Test Cases/Persistent Menu/Go_to_menu_item' successfully

2019-04-03 12:25:43 - [TEST_STEP][PASSED] - delay(2): Delayed 2 second(s)

2019-04-03 12:25:45 - [MESSAGE][PASSED] - Delayed 2 second(s)

2019-04-03 12:25:45 - [TEST_STEP][PASSED] - click(findTestObject("Page_KiboPush  Menu/open popover")): Object: 'Object Repository/Page_KiboPush  Menu/open popover' is clicked on

2019-04-03 12:25:45 - [MESSAGE][PASSED] - Object: 'Object Repository/Page_KiboPush  Menu/open popover' is clicked on

2019-04-03 12:25:45 - [TEST_STEP][PASSED] - delay(2): Delayed 2 second(s)

2019-04-03 12:25:47 - [MESSAGE][PASSED] - Delayed 2 second(s)

2019-04-03 12:25:47 - [MESSAGE][PASSED] - Call Test Case 'Test Cases/Persistent Menu/open_popover' successfully

2019-04-03 12:25:47 - [TEST_STEP][PASSED] - delay(1): Delayed 1 second(s)

2019-04-03 12:25:48 - [MESSAGE][PASSED] - Delayed 1 second(s)

2019-04-03 12:25:48 - [TEST_STEP][PASSED] - click(findTestObject("Page_KiboEngage  Menu/input_Open a submenu_replyWithMessage (1)")): Object: 'Object Repository/Page_KiboEngage  Menu/input_Open a submenu_replyWithMessage (1)' is clicked on

2019-04-03 12:25:48 - [MESSAGE][PASSED] - Object: 'Object Repository/Page_KiboEngage  Menu/input_Open a submenu_replyWithMessage (1)' is clicked on

2019-04-03 12:25:48 - [TEST_STEP][PASSED] - delay(1): Delayed 1 second(s)

2019-04-03 12:25:49 - [MESSAGE][PASSED] - Delayed 1 second(s)

2019-04-03 12:25:49 - [TEST_STEP][PASSED] - click(findTestObject("Page_KiboEngage  Menu/a_Create Message (1)")): Object: 'Object Repository/Page_KiboEngage  Menu/a_Create Message (1)' is clicked on

2019-04-03 12:25:50 - [MESSAGE][PASSED] - Object: 'Object Repository/Page_KiboEngage  Menu/a_Create Message (1)' is clicked on

2019-04-03 12:25:50 - [TEST_STEP][PASSED] - click(findTestObject("Object Repository/Page_KiboEngage  Create Menu/div_Text")): Object: 'Object Repository/Page_KiboEngage  Create Menu/div_Text' is clicked on

2019-04-03 12:25:50 - [MESSAGE][PASSED] - Object: 'Object Repository/Page_KiboEngage  Create Menu/div_Text' is clicked on

2019-04-03 12:25:50 - [TEST_STEP][PASSED] - click(findTestObject("Object Repository/Page_KiboEngage  Create Menu/h6_ Add Button")): Object: 'Object Repository/Page_KiboEngage  Create Menu/h6_ Add Button' is clicked on

2019-04-03 12:25:50 - [MESSAGE][PASSED] - Object: 'Object Repository/Page_KiboEngage  Create Menu/h6_ Add Button' is clicked on

2019-04-03 12:25:50 - [TEST_STEP][PASSED] - delay(1): Delayed 1 second(s)

2019-04-03 12:25:51 - [MESSAGE][PASSED] - Delayed 1 second(s)

2019-04-03 12:25:51 - [TEST_STEP][PASSED] - setText(findTestObject("Object Repository/Page_KiboEngage  Create Menu/input_Button Title_form-control"), "Testing Webview"): Text 'Testing Webview' is set on object 'Object Repository/Page_KiboEngage  Create Menu/input_Button Title_form-control'

2019-04-03 12:25:51 - [MESSAGE][PASSED] - Text 'Testing Webview' is set on object 'Object Repository/Page_KiboEngage  Create Menu/input_Button Title_form-control'

2019-04-03 12:25:51 - [TEST_STEP][PASSED] - click(findTestObject("Object Repository/Page_KiboEngage  Create Menu/h7_Open a webview")): Object: 'Object Repository/Page_KiboEngage  Create Menu/h7_Open a webview' is clicked on

2019-04-03 12:25:51 - [MESSAGE][PASSED] - Object: 'Object Repository/Page_KiboEngage  Create Menu/h7_Open a webview' is clicked on

2019-04-03 12:25:51 - [TEST_STEP][PASSED] - delay(1): Delayed 1 second(s)

2019-04-03 12:25:52 - [MESSAGE][PASSED] - Delayed 1 second(s)

2019-04-03 12:25:52 - [TEST_STEP][PASSED] - setText(findTestObject("Object Repository/Page_KiboEngage  Create Menu/input_Url_form-control"), "https://kiboengage.cloudkibo.com"): Text 'https://kiboengage.cloudkibo.com' is set on object 'Object Repository/Page_KiboEngage  Create Menu/input_Url_form-control'

2019-04-03 12:25:53 - [MESSAGE][PASSED] - Text 'https://kiboengage.cloudkibo.com' is set on object 'Object Repository/Page_KiboEngage  Create Menu/input_Url_form-control'

2019-04-03 12:25:53 - [TEST_STEP][PASSED] - click(findTestObject("Object Repository/Page_KiboEngage  Create Menu/button_Done")): Object: 'Object Repository/Page_KiboEngage  Create Menu/button_Done' is clicked on

2019-04-03 12:25:53 - [MESSAGE][PASSED] - Object: 'Object Repository/Page_KiboEngage  Create Menu/button_Done' is clicked on

2019-04-03 12:25:53 - [TEST_STEP][PASSED] - delay(1): Delayed 1 second(s)

2019-04-03 12:25:54 - [MESSAGE][PASSED] - Delayed 1 second(s)

2019-04-03 12:25:54 - [TEST_STEP][PASSED] - verifyElementPresent(findTestObject("Object Repository/Page_KiboEngage  Create Menu/button_Testing Webview"), 1): Object 'Object Repository/Page_KiboEngage  Create Menu/button_Testing Webview' is present

2019-04-03 12:25:54 - [MESSAGE][PASSED] - Object 'Object Repository/Page_KiboEngage  Create Menu/button_Testing Webview' is present]]></system-out>
         <system-err><![CDATA[]]></system-err>
      </testcase>
      <testcase name="Test Cases/Webview/TC11111" classname="Test Cases/Webview/TC11111" status="PASSED">
         <system-out><![CDATA[2019-04-03 12:25:54 - [TEST_CASE][PASSED] - Test Cases/Webview/TC11111: Test Cases/Webview/TC11111

2019-04-03 12:25:54 - [TEST_STEP][PASSED] - callTestCase(findTestCase("Persistent Menu/open_popover"), [:], STOP_ON_FAILURE): Call Test Case 'Test Cases/Persistent Menu/open_popover' successfully

2019-04-03 12:25:54 - [TEST_CASE][PASSED] - Test Cases/Persistent Menu/open_popover: Test Cases/Persistent Menu/open_popover

2019-04-03 12:25:54 - [TEST_STEP][PASSED] - callTestCase(findTestCase("Persistent Menu/Go_to_menu_item"), [:], STOP_ON_FAILURE): Call Test Case 'Test Cases/Persistent Menu/Go_to_menu_item' successfully

2019-04-03 12:25:54 - [TEST_CASE][PASSED] - Test Cases/Persistent Menu/Go_to_menu_item: Test Cases/Persistent Menu/Go_to_menu_item

2019-04-03 12:25:54 - [TEST_STEP][PASSED] - callTestCase(findTestCase("s-sidebar_navigation/individualAccount/Login_Muzamil"), [:], STOP_ON_FAILURE): Call Test Case 'Test Cases/s-sidebar_navigation/individualAccount/Login_Muzamil' successfully

2019-04-03 12:25:54 - [TEST_CASE][PASSED] - Test Cases/s-sidebar_navigation/individualAccount/Login_Muzamil: Test Cases/s-sidebar_navigation/individualAccount/Login_Muzamil

2019-04-03 12:25:54 - [TEST_STEP][PASSED] - openBrowser(""): Browser is opened with url: ''

2019-04-03 12:25:54 - [MESSAGE][WARNING] - A browser is already opened. Closing browser and opening a new one

2019-04-03 12:25:54 - [MESSAGE][INFO] - Starting 'Chrome' driver

2019-04-03 12:25:54 - [MESSAGE][PASSED] - Browser is opened with url: ''

2019-04-03 12:25:54 - [TEST_STEP][PASSED] - maximizeWindow(): Current window maximized

2019-04-03 12:25:55 - [MESSAGE][PASSED] - Current window maximized

2019-04-03 12:25:55 - [TEST_STEP][PASSED] - navigateToUrl("https://app.kibopush.com/"): Navigate to 'https://app.kibopush.com/' successfully

2019-04-03 12:26:07 - [MESSAGE][PASSED] - Navigate to 'https://app.kibopush.com/' successfully

2019-04-03 12:26:07 - [TEST_STEP][PASSED] - click(findTestObject("Page_CloudKibo/a_Login (2)")): Object: 'Object Repository/Page_CloudKibo/a_Login (2)' is clicked on

2019-04-03 12:26:08 - [MESSAGE][PASSED] - Object: 'Object Repository/Page_CloudKibo/a_Login (2)' is clicked on

2019-04-03 12:26:08 - [TEST_STEP][PASSED] - delay(2): Delayed 2 second(s)

2019-04-03 12:26:10 - [MESSAGE][PASSED] - Delayed 2 second(s)

2019-04-03 12:26:10 - [TEST_STEP][PASSED] - setText(findTestObject("Page_CloudKibo/input_Sign In_email (1)"), "muzamil.bukhari.39@gmail.com"): Text 'muzamil.bukhari.39@gmail.com' is set on object 'Object Repository/Page_CloudKibo/input_Sign In_email (1)'

2019-04-03 12:26:10 - [MESSAGE][PASSED] - Text 'muzamil.bukhari.39@gmail.com' is set on object 'Object Repository/Page_CloudKibo/input_Sign In_email (1)'

2019-04-03 12:26:10 - [TEST_STEP][PASSED] - setEncryptedText(findTestObject("Page_CloudKibo/input_Sign In_password (1)"), "ZOMPkeJIpHWb3LMKk986MQ=="): Text ****** has been set on object 'Object Repository/Page_CloudKibo/input_Sign In_password (1)'

2019-04-03 12:26:10 - [MESSAGE][PASSED] - Text ****** has been set on object 'Object Repository/Page_CloudKibo/input_Sign In_password (1)'

2019-04-03 12:26:10 - [TEST_STEP][PASSED] - delay(1): Delayed 1 second(s)

2019-04-03 12:26:11 - [MESSAGE][PASSED] - Delayed 1 second(s)

2019-04-03 12:26:11 - [TEST_STEP][PASSED] - click(findTestObject("Page_CloudKibo/button_Sign In (5)")): Object: 'Object Repository/Page_CloudKibo/button_Sign In (5)' is clicked on

2019-04-03 12:26:11 - [MESSAGE][PASSED] - Object: 'Object Repository/Page_CloudKibo/button_Sign In (5)' is clicked on

2019-04-03 12:26:11 - [TEST_STEP][PASSED] - delay(3): Delayed 3 second(s)

2019-04-03 12:26:14 - [MESSAGE][PASSED] - Delayed 3 second(s)

2019-04-03 12:26:14 - [TEST_STEP][PASSED] - click(findTestObject("Object Repository/Page_KiboEngage  Dashboard/h4_KIBOPUSH")): Object: 'Object Repository/Page_KiboEngage  Dashboard/h4_KIBOPUSH' is clicked on

2019-04-03 12:26:31 - [MESSAGE][PASSED] - Object: 'Object Repository/Page_KiboEngage  Dashboard/h4_KIBOPUSH' is clicked on

2019-04-03 12:26:31 - [MESSAGE][PASSED] - Call Test Case 'Test Cases/s-sidebar_navigation/individualAccount/Login_Muzamil' successfully

2019-04-03 12:26:31 - [TEST_STEP][PASSED] - click(findTestObject("Page_KiboPush  Dashboard/span_Manage Pages")): Object: 'Object Repository/Page_KiboPush  Dashboard/span_Manage Pages' is clicked on

2019-04-03 12:26:31 - [MESSAGE][PASSED] - Object: 'Object Repository/Page_KiboPush  Dashboard/span_Manage Pages' is clicked on

2019-04-03 12:26:31 - [TEST_STEP][PASSED] - delay(2): Delayed 2 second(s)

2019-04-03 12:26:33 - [MESSAGE][PASSED] - Delayed 2 second(s)

2019-04-03 12:26:33 - [TEST_STEP][PASSED] - click(findTestObject("Page_KiboPush  Dashboard/span_Persistent Menu")): Object: 'Object Repository/Page_KiboPush  Dashboard/span_Persistent Menu' is clicked on

2019-04-03 12:26:33 - [MESSAGE][PASSED] - Object: 'Object Repository/Page_KiboPush  Dashboard/span_Persistent Menu' is clicked on

2019-04-03 12:26:33 - [TEST_STEP][PASSED] - delay(2): Delayed 2 second(s)

2019-04-03 12:26:35 - [MESSAGE][PASSED] - Delayed 2 second(s)

2019-04-03 12:26:35 - [MESSAGE][PASSED] - Call Test Case 'Test Cases/Persistent Menu/Go_to_menu_item' successfully

2019-04-03 12:26:35 - [TEST_STEP][PASSED] - delay(2): Delayed 2 second(s)

2019-04-03 12:26:37 - [MESSAGE][PASSED] - Delayed 2 second(s)

2019-04-03 12:26:37 - [TEST_STEP][PASSED] - click(findTestObject("Page_KiboPush  Menu/open popover")): Object: 'Object Repository/Page_KiboPush  Menu/open popover' is clicked on

2019-04-03 12:26:37 - [MESSAGE][PASSED] - Object: 'Object Repository/Page_KiboPush  Menu/open popover' is clicked on

2019-04-03 12:26:37 - [TEST_STEP][PASSED] - delay(2): Delayed 2 second(s)

2019-04-03 12:26:39 - [MESSAGE][PASSED] - Delayed 2 second(s)

2019-04-03 12:26:39 - [MESSAGE][PASSED] - Call Test Case 'Test Cases/Persistent Menu/open_popover' successfully

2019-04-03 12:26:39 - [TEST_STEP][PASSED] - delay(1): Delayed 1 second(s)

2019-04-03 12:26:40 - [MESSAGE][PASSED] - Delayed 1 second(s)

2019-04-03 12:26:40 - [TEST_STEP][PASSED] - click(findTestObject("Page_KiboEngage  Menu/input_Open a submenu_replyWithMessage (1)")): Object: 'Object Repository/Page_KiboEngage  Menu/input_Open a submenu_replyWithMessage (1)' is clicked on

2019-04-03 12:26:40 - [MESSAGE][PASSED] - Object: 'Object Repository/Page_KiboEngage  Menu/input_Open a submenu_replyWithMessage (1)' is clicked on

2019-04-03 12:26:40 - [TEST_STEP][PASSED] - delay(1): Delayed 1 second(s)

2019-04-03 12:26:41 - [MESSAGE][PASSED] - Delayed 1 second(s)

2019-04-03 12:26:41 - [TEST_STEP][PASSED] - click(findTestObject("Page_KiboEngage  Menu/a_Create Message (1)")): Object: 'Object Repository/Page_KiboEngage  Menu/a_Create Message (1)' is clicked on

2019-04-03 12:26:41 - [MESSAGE][PASSED] - Object: 'Object Repository/Page_KiboEngage  Menu/a_Create Message (1)' is clicked on

2019-04-03 12:26:41 - [TEST_STEP][PASSED] - delay(2): Delayed 2 second(s)

2019-04-03 12:26:43 - [MESSAGE][PASSED] - Delayed 2 second(s)

2019-04-03 12:26:43 - [TEST_STEP][PASSED] - click(findTestObject("Object Repository/Page_KiboEngage  Create Menu/div_Text (1)")): Object: 'Object Repository/Page_KiboEngage  Create Menu/div_Text (1)' is clicked on

2019-04-03 12:26:43 - [MESSAGE][PASSED] - Object: 'Object Repository/Page_KiboEngage  Create Menu/div_Text (1)' is clicked on

2019-04-03 12:26:43 - [TEST_STEP][PASSED] - click(findTestObject("Object Repository/Page_KiboEngage  Create Menu/h6_ Add Button (1)")): Object: 'Object Repository/Page_KiboEngage  Create Menu/h6_ Add Button (1)' is clicked on

2019-04-03 12:26:43 - [MESSAGE][PASSED] - Object: 'Object Repository/Page_KiboEngage  Create Menu/h6_ Add Button (1)' is clicked on

2019-04-03 12:26:43 - [TEST_STEP][PASSED] - delay(1): Delayed 1 second(s)

2019-04-03 12:26:44 - [MESSAGE][PASSED] - Delayed 1 second(s)

2019-04-03 12:26:44 - [TEST_STEP][PASSED] - setText(findTestObject("Object Repository/Page_KiboEngage  Create Menu/input_Button Title_form-control (1)"), "Testing Webview"): Text 'Testing Webview' is set on object 'Object Repository/Page_KiboEngage  Create Menu/input_Button Title_form-control (1)'

2019-04-03 12:26:45 - [MESSAGE][PASSED] - Text 'Testing Webview' is set on object 'Object Repository/Page_KiboEngage  Create Menu/input_Button Title_form-control (1)'

2019-04-03 12:26:45 - [TEST_STEP][PASSED] - click(findTestObject("Object Repository/Page_KiboEngage  Create Menu/h7_Open a webview (1)")): Object: 'Object Repository/Page_KiboEngage  Create Menu/h7_Open a webview (1)' is clicked on

2019-04-03 12:26:45 - [MESSAGE][PASSED] - Object: 'Object Repository/Page_KiboEngage  Create Menu/h7_Open a webview (1)' is clicked on

2019-04-03 12:26:45 - [TEST_STEP][PASSED] - delay(1): Delayed 1 second(s)

2019-04-03 12:26:46 - [MESSAGE][PASSED] - Delayed 1 second(s)

2019-04-03 12:26:46 - [TEST_STEP][PASSED] - click(findTestObject("Object Repository/Page_KiboEngage  Create Menu/a_Whitelist url domains to open in-app browser")): Object: 'Object Repository/Page_KiboEngage  Create Menu/a_Whitelist url domains to open in-app browser' is clicked on

2019-04-03 12:26:46 - [MESSAGE][PASSED] - Object: 'Object Repository/Page_KiboEngage  Create Menu/a_Whitelist url domains to open in-app browser' is clicked on

2019-04-03 12:26:46 - [TEST_STEP][PASSED] - delay(1): Delayed 1 second(s)

2019-04-03 12:26:47 - [MESSAGE][PASSED] - Delayed 1 second(s)

2019-04-03 12:26:47 - [TEST_STEP][PASSED] - click(findTestObject("Page_KiboPush  api_settings/span_Whitelist Domains (1)")): Object: 'Object Repository/Page_KiboPush  api_settings/span_Whitelist Domains (1)' is clicked on

2019-04-03 12:26:47 - [MESSAGE][PASSED] - Object: 'Object Repository/Page_KiboPush  api_settings/span_Whitelist Domains (1)' is clicked on

2019-04-03 12:26:47 - [TEST_STEP][PASSED] - delay(1): Delayed 1 second(s)

2019-04-03 12:26:48 - [MESSAGE][PASSED] - Delayed 1 second(s)

2019-04-03 12:26:48 - [TEST_STEP][PASSED] - click(findTestObject("Page_KiboPush  Whitelist Domains/span_Whitelist Domains (1)")): Object: 'Object Repository/Page_KiboPush  Whitelist Domains/span_Whitelist Domains (1)' is clicked on

2019-04-03 12:26:48 - [MESSAGE][PASSED] - Object: 'Object Repository/Page_KiboPush  Whitelist Domains/span_Whitelist Domains (1)' is clicked on]]></system-out>
         <system-err><![CDATA[]]></system-err>
      </testcase>
      <testcase name="Test Cases/Webview/TC11112" classname="Test Cases/Webview/TC11112" status="PASSED">
         <system-out><![CDATA[2019-04-03 12:26:48 - [TEST_CASE][PASSED] - Test Cases/Webview/TC11112: Test Cases/Webview/TC11112

2019-04-03 12:26:48 - [TEST_STEP][PASSED] - callTestCase(findTestCase("Persistent Menu/open_popover"), [:], STOP_ON_FAILURE): Call Test Case 'Test Cases/Persistent Menu/open_popover' successfully

2019-04-03 12:26:48 - [TEST_CASE][PASSED] - Test Cases/Persistent Menu/open_popover: Test Cases/Persistent Menu/open_popover

2019-04-03 12:26:48 - [TEST_STEP][PASSED] - callTestCase(findTestCase("Persistent Menu/Go_to_menu_item"), [:], STOP_ON_FAILURE): Call Test Case 'Test Cases/Persistent Menu/Go_to_menu_item' successfully

2019-04-03 12:26:48 - [TEST_CASE][PASSED] - Test Cases/Persistent Menu/Go_to_menu_item: Test Cases/Persistent Menu/Go_to_menu_item

2019-04-03 12:26:48 - [TEST_STEP][PASSED] - callTestCase(findTestCase("s-sidebar_navigation/individualAccount/Login_Muzamil"), [:], STOP_ON_FAILURE): Call Test Case 'Test Cases/s-sidebar_navigation/individualAccount/Login_Muzamil' successfully

2019-04-03 12:26:48 - [TEST_CASE][PASSED] - Test Cases/s-sidebar_navigation/individualAccount/Login_Muzamil: Test Cases/s-sidebar_navigation/individualAccount/Login_Muzamil

2019-04-03 12:26:48 - [TEST_STEP][PASSED] - openBrowser(""): Browser is opened with url: ''

2019-04-03 12:26:48 - [MESSAGE][WARNING] - A browser is already opened. Closing browser and opening a new one

2019-04-03 12:26:48 - [MESSAGE][INFO] - Starting 'Chrome' driver

2019-04-03 12:26:49 - [MESSAGE][PASSED] - Browser is opened with url: ''

2019-04-03 12:26:49 - [TEST_STEP][PASSED] - maximizeWindow(): Current window maximized

2019-04-03 12:26:49 - [MESSAGE][PASSED] - Current window maximized

2019-04-03 12:26:49 - [TEST_STEP][PASSED] - navigateToUrl("https://app.kibopush.com/"): Navigate to 'https://app.kibopush.com/' successfully

2019-04-03 12:27:07 - [MESSAGE][PASSED] - Navigate to 'https://app.kibopush.com/' successfully

2019-04-03 12:27:07 - [TEST_STEP][PASSED] - click(findTestObject("Page_CloudKibo/a_Login (2)")): Object: 'Object Repository/Page_CloudKibo/a_Login (2)' is clicked on

2019-04-03 12:27:08 - [MESSAGE][PASSED] - Object: 'Object Repository/Page_CloudKibo/a_Login (2)' is clicked on

2019-04-03 12:27:08 - [TEST_STEP][PASSED] - delay(2): Delayed 2 second(s)

2019-04-03 12:27:10 - [MESSAGE][PASSED] - Delayed 2 second(s)

2019-04-03 12:27:10 - [TEST_STEP][PASSED] - setText(findTestObject("Page_CloudKibo/input_Sign In_email (1)"), "muzamil.bukhari.39@gmail.com"): Text 'muzamil.bukhari.39@gmail.com' is set on object 'Object Repository/Page_CloudKibo/input_Sign In_email (1)'

2019-04-03 12:27:10 - [MESSAGE][PASSED] - Text 'muzamil.bukhari.39@gmail.com' is set on object 'Object Repository/Page_CloudKibo/input_Sign In_email (1)'

2019-04-03 12:27:10 - [TEST_STEP][PASSED] - setEncryptedText(findTestObject("Page_CloudKibo/input_Sign In_password (1)"), "ZOMPkeJIpHWb3LMKk986MQ=="): Text ****** has been set on object 'Object Repository/Page_CloudKibo/input_Sign In_password (1)'

2019-04-03 12:27:11 - [MESSAGE][PASSED] - Text ****** has been set on object 'Object Repository/Page_CloudKibo/input_Sign In_password (1)'

2019-04-03 12:27:11 - [TEST_STEP][PASSED] - delay(1): Delayed 1 second(s)

2019-04-03 12:27:12 - [MESSAGE][PASSED] - Delayed 1 second(s)

2019-04-03 12:27:12 - [TEST_STEP][PASSED] - click(findTestObject("Page_CloudKibo/button_Sign In (5)")): Object: 'Object Repository/Page_CloudKibo/button_Sign In (5)' is clicked on

2019-04-03 12:27:12 - [MESSAGE][PASSED] - Object: 'Object Repository/Page_CloudKibo/button_Sign In (5)' is clicked on

2019-04-03 12:27:12 - [TEST_STEP][PASSED] - delay(3): Delayed 3 second(s)

2019-04-03 12:27:15 - [MESSAGE][PASSED] - Delayed 3 second(s)

2019-04-03 12:27:15 - [TEST_STEP][PASSED] - click(findTestObject("Object Repository/Page_KiboEngage  Dashboard/h4_KIBOPUSH")): Object: 'Object Repository/Page_KiboEngage  Dashboard/h4_KIBOPUSH' is clicked on

2019-04-03 12:27:32 - [MESSAGE][PASSED] - Object: 'Object Repository/Page_KiboEngage  Dashboard/h4_KIBOPUSH' is clicked on

2019-04-03 12:27:32 - [MESSAGE][PASSED] - Call Test Case 'Test Cases/s-sidebar_navigation/individualAccount/Login_Muzamil' successfully

2019-04-03 12:27:32 - [TEST_STEP][PASSED] - click(findTestObject("Page_KiboPush  Dashboard/span_Manage Pages")): Object: 'Object Repository/Page_KiboPush  Dashboard/span_Manage Pages' is clicked on

2019-04-03 12:27:33 - [MESSAGE][PASSED] - Object: 'Object Repository/Page_KiboPush  Dashboard/span_Manage Pages' is clicked on

2019-04-03 12:27:33 - [TEST_STEP][PASSED] - delay(2): Delayed 2 second(s)

2019-04-03 12:27:35 - [MESSAGE][PASSED] - Delayed 2 second(s)

2019-04-03 12:27:35 - [TEST_STEP][PASSED] - click(findTestObject("Page_KiboPush  Dashboard/span_Persistent Menu")): Object: 'Object Repository/Page_KiboPush  Dashboard/span_Persistent Menu' is clicked on

2019-04-03 12:27:35 - [MESSAGE][PASSED] - Object: 'Object Repository/Page_KiboPush  Dashboard/span_Persistent Menu' is clicked on

2019-04-03 12:27:35 - [TEST_STEP][PASSED] - delay(2): Delayed 2 second(s)

2019-04-03 12:27:37 - [MESSAGE][PASSED] - Delayed 2 second(s)

2019-04-03 12:27:37 - [MESSAGE][PASSED] - Call Test Case 'Test Cases/Persistent Menu/Go_to_menu_item' successfully

2019-04-03 12:27:37 - [TEST_STEP][PASSED] - delay(2): Delayed 2 second(s)

2019-04-03 12:27:39 - [MESSAGE][PASSED] - Delayed 2 second(s)

2019-04-03 12:27:39 - [TEST_STEP][PASSED] - click(findTestObject("Page_KiboPush  Menu/open popover")): Object: 'Object Repository/Page_KiboPush  Menu/open popover' is clicked on

2019-04-03 12:27:39 - [MESSAGE][PASSED] - Object: 'Object Repository/Page_KiboPush  Menu/open popover' is clicked on

2019-04-03 12:27:39 - [TEST_STEP][PASSED] - delay(2): Delayed 2 second(s)

2019-04-03 12:27:41 - [MESSAGE][PASSED] - Delayed 2 second(s)

2019-04-03 12:27:41 - [MESSAGE][PASSED] - Call Test Case 'Test Cases/Persistent Menu/open_popover' successfully

2019-04-03 12:27:41 - [TEST_STEP][PASSED] - delay(1): Delayed 1 second(s)

2019-04-03 12:27:42 - [MESSAGE][PASSED] - Delayed 1 second(s)

2019-04-03 12:27:42 - [TEST_STEP][PASSED] - click(findTestObject("Page_KiboEngage  Menu/input_Open a submenu_replyWithMessage (1)")): Object: 'Object Repository/Page_KiboEngage  Menu/input_Open a submenu_replyWithMessage (1)' is clicked on

2019-04-03 12:27:42 - [MESSAGE][PASSED] - Object: 'Object Repository/Page_KiboEngage  Menu/input_Open a submenu_replyWithMessage (1)' is clicked on

2019-04-03 12:27:42 - [TEST_STEP][PASSED] - delay(1): Delayed 1 second(s)

2019-04-03 12:27:43 - [MESSAGE][PASSED] - Delayed 1 second(s)

2019-04-03 12:27:43 - [TEST_STEP][PASSED] - click(findTestObject("Page_KiboEngage  Menu/a_Create Message (1)")): Object: 'Object Repository/Page_KiboEngage  Menu/a_Create Message (1)' is clicked on

2019-04-03 12:27:43 - [MESSAGE][PASSED] - Object: 'Object Repository/Page_KiboEngage  Menu/a_Create Message (1)' is clicked on

2019-04-03 12:27:43 - [TEST_STEP][PASSED] - delay(2): Delayed 2 second(s)

2019-04-03 12:27:45 - [MESSAGE][PASSED] - Delayed 2 second(s)

2019-04-03 12:27:45 - [TEST_STEP][PASSED] - click(findTestObject("Object Repository/Page_KiboEngage  Create Menu/div_Text (1) (1)")): Object: 'Object Repository/Page_KiboEngage  Create Menu/div_Text (1) (1)' is clicked on

2019-04-03 12:27:45 - [MESSAGE][PASSED] - Object: 'Object Repository/Page_KiboEngage  Create Menu/div_Text (1) (1)' is clicked on

2019-04-03 12:27:45 - [TEST_STEP][PASSED] - click(findTestObject("Object Repository/Page_KiboEngage  Create Menu/h6_ Add Button (1) (1)")): Object: 'Object Repository/Page_KiboEngage  Create Menu/h6_ Add Button (1) (1)' is clicked on

2019-04-03 12:27:45 - [MESSAGE][PASSED] - Object: 'Object Repository/Page_KiboEngage  Create Menu/h6_ Add Button (1) (1)' is clicked on

2019-04-03 12:27:45 - [TEST_STEP][PASSED] - delay(1): Delayed 1 second(s)

2019-04-03 12:27:46 - [MESSAGE][PASSED] - Delayed 1 second(s)

2019-04-03 12:27:46 - [TEST_STEP][PASSED] - setText(findTestObject("Object Repository/Page_KiboEngage  Create Menu/input_Button Title_form-control (1) (1)"), "Testing Webview"): Text 'Testing Webview' is set on object 'Object Repository/Page_KiboEngage  Create Menu/input_Button Title_form-control (1) (1)'

2019-04-03 12:27:46 - [MESSAGE][PASSED] - Text 'Testing Webview' is set on object 'Object Repository/Page_KiboEngage  Create Menu/input_Button Title_form-control (1) (1)'

2019-04-03 12:27:46 - [TEST_STEP][PASSED] - click(findTestObject("Object Repository/Page_KiboEngage  Create Menu/h7_Open a webview (1) (1)")): Object: 'Object Repository/Page_KiboEngage  Create Menu/h7_Open a webview (1) (1)' is clicked on

2019-04-03 12:27:46 - [MESSAGE][PASSED] - Object: 'Object Repository/Page_KiboEngage  Create Menu/h7_Open a webview (1) (1)' is clicked on

2019-04-03 12:27:46 - [TEST_STEP][PASSED] - delay(1): Delayed 1 second(s)

2019-04-03 12:27:47 - [MESSAGE][PASSED] - Delayed 1 second(s)

2019-04-03 12:27:47 - [TEST_STEP][PASSED] - click(findTestObject("Object Repository/Page_KiboEngage  Create Menu/button_Cancel")): Object: 'Object Repository/Page_KiboEngage  Create Menu/button_Cancel' is clicked on

2019-04-03 12:27:48 - [MESSAGE][PASSED] - Object: 'Object Repository/Page_KiboEngage  Create Menu/button_Cancel' is clicked on

2019-04-03 12:27:48 - [TEST_STEP][PASSED] - delay(1): Delayed 1 second(s)

2019-04-03 12:27:49 - [MESSAGE][PASSED] - Delayed 1 second(s)

2019-04-03 12:27:49 - [TEST_STEP][PASSED] - verifyElementNotPresent(findTestObject("Object Repository/Page_KiboEngage  Create Menu/div_Button TitleWhen this button is pressed Open a website Open a webview Done  Cancel"), 0): Web element with id: 'Object Repository/Page_KiboEngage  Create Menu/div_Button TitleWhen this button is pressed Open a website Open a webview Done  Cancel' located by 'By.xpath: //div[(text() = 'Button Title:When this button is pressed: Open a website Open a webview Done  Cancel ' or . = 'Button Title:When this button is pressed: Open a website Open a webview Done  Cancel ')]' is not present after '30' second(s)

2019-04-03 12:27:49 - [MESSAGE][WARNING] - Timeout '0' is invalid. Using default page load timeout: '30'

2019-04-03 12:27:49 - [MESSAGE][PASSED] - Web element with id: 'Object Repository/Page_KiboEngage  Create Menu/div_Button TitleWhen this button is pressed Open a website Open a webview Done  Cancel' located by 'By.xpath: //div[(text() = 'Button Title:When this button is pressed: Open a website Open a webview Done  Cancel ' or . = 'Button Title:When this button is pressed: Open a website Open a webview Done  Cancel ')]' is not present after '30' second(s)]]></system-out>
         <system-err><![CDATA[]]></system-err>
      </testcase>
      <testcase name="Test Cases/Webview/TC11113" classname="Test Cases/Webview/TC11113" status="PASSED">
         <system-out><![CDATA[2019-04-03 12:27:49 - [TEST_CASE][PASSED] - Test Cases/Webview/TC11113: Test Cases/Webview/TC11113

2019-04-03 12:27:49 - [TEST_STEP][PASSED] - callTestCase(findTestCase("Persistent Menu/open_popover"), [:], STOP_ON_FAILURE): Call Test Case 'Test Cases/Persistent Menu/open_popover' successfully

2019-04-03 12:27:49 - [TEST_CASE][PASSED] - Test Cases/Persistent Menu/open_popover: Test Cases/Persistent Menu/open_popover

2019-04-03 12:27:49 - [TEST_STEP][PASSED] - callTestCase(findTestCase("Persistent Menu/Go_to_menu_item"), [:], STOP_ON_FAILURE): Call Test Case 'Test Cases/Persistent Menu/Go_to_menu_item' successfully

2019-04-03 12:27:49 - [TEST_CASE][PASSED] - Test Cases/Persistent Menu/Go_to_menu_item: Test Cases/Persistent Menu/Go_to_menu_item

2019-04-03 12:27:49 - [TEST_STEP][PASSED] - callTestCase(findTestCase("s-sidebar_navigation/individualAccount/Login_Muzamil"), [:], STOP_ON_FAILURE): Call Test Case 'Test Cases/s-sidebar_navigation/individualAccount/Login_Muzamil' successfully

2019-04-03 12:27:49 - [TEST_CASE][PASSED] - Test Cases/s-sidebar_navigation/individualAccount/Login_Muzamil: Test Cases/s-sidebar_navigation/individualAccount/Login_Muzamil

2019-04-03 12:27:49 - [TEST_STEP][PASSED] - openBrowser(""): Browser is opened with url: ''

2019-04-03 12:27:49 - [MESSAGE][WARNING] - A browser is already opened. Closing browser and opening a new one

2019-04-03 12:27:49 - [MESSAGE][INFO] - Starting 'Chrome' driver

2019-04-03 12:27:49 - [MESSAGE][PASSED] - Browser is opened with url: ''

2019-04-03 12:27:49 - [TEST_STEP][PASSED] - maximizeWindow(): Current window maximized

2019-04-03 12:27:49 - [MESSAGE][PASSED] - Current window maximized

2019-04-03 12:27:49 - [TEST_STEP][PASSED] - navigateToUrl("https://app.kibopush.com/"): Navigate to 'https://app.kibopush.com/' successfully

2019-04-03 12:28:02 - [MESSAGE][PASSED] - Navigate to 'https://app.kibopush.com/' successfully

2019-04-03 12:28:02 - [TEST_STEP][PASSED] - click(findTestObject("Page_CloudKibo/a_Login (2)")): Object: 'Object Repository/Page_CloudKibo/a_Login (2)' is clicked on

2019-04-03 12:28:03 - [MESSAGE][PASSED] - Object: 'Object Repository/Page_CloudKibo/a_Login (2)' is clicked on

2019-04-03 12:28:03 - [TEST_STEP][PASSED] - delay(2): Delayed 2 second(s)

2019-04-03 12:28:05 - [MESSAGE][PASSED] - Delayed 2 second(s)

2019-04-03 12:28:05 - [TEST_STEP][PASSED] - setText(findTestObject("Page_CloudKibo/input_Sign In_email (1)"), "muzamil.bukhari.39@gmail.com"): Text 'muzamil.bukhari.39@gmail.com' is set on object 'Object Repository/Page_CloudKibo/input_Sign In_email (1)'

2019-04-03 12:28:05 - [MESSAGE][PASSED] - Text 'muzamil.bukhari.39@gmail.com' is set on object 'Object Repository/Page_CloudKibo/input_Sign In_email (1)'

2019-04-03 12:28:05 - [TEST_STEP][PASSED] - setEncryptedText(findTestObject("Page_CloudKibo/input_Sign In_password (1)"), "ZOMPkeJIpHWb3LMKk986MQ=="): Text ****** has been set on object 'Object Repository/Page_CloudKibo/input_Sign In_password (1)'

2019-04-03 12:28:05 - [MESSAGE][PASSED] - Text ****** has been set on object 'Object Repository/Page_CloudKibo/input_Sign In_password (1)'

2019-04-03 12:28:05 - [TEST_STEP][PASSED] - delay(1): Delayed 1 second(s)

2019-04-03 12:28:06 - [MESSAGE][PASSED] - Delayed 1 second(s)

2019-04-03 12:28:06 - [TEST_STEP][PASSED] - click(findTestObject("Page_CloudKibo/button_Sign In (5)")): Object: 'Object Repository/Page_CloudKibo/button_Sign In (5)' is clicked on

2019-04-03 12:28:06 - [MESSAGE][PASSED] - Object: 'Object Repository/Page_CloudKibo/button_Sign In (5)' is clicked on

2019-04-03 12:28:06 - [TEST_STEP][PASSED] - delay(3): Delayed 3 second(s)

2019-04-03 12:28:09 - [MESSAGE][PASSED] - Delayed 3 second(s)

2019-04-03 12:28:09 - [TEST_STEP][PASSED] - click(findTestObject("Object Repository/Page_KiboEngage  Dashboard/h4_KIBOPUSH")): Object: 'Object Repository/Page_KiboEngage  Dashboard/h4_KIBOPUSH' is clicked on

2019-04-03 12:28:25 - [MESSAGE][PASSED] - Object: 'Object Repository/Page_KiboEngage  Dashboard/h4_KIBOPUSH' is clicked on

2019-04-03 12:28:25 - [MESSAGE][PASSED] - Call Test Case 'Test Cases/s-sidebar_navigation/individualAccount/Login_Muzamil' successfully

2019-04-03 12:28:25 - [TEST_STEP][PASSED] - click(findTestObject("Page_KiboPush  Dashboard/span_Manage Pages")): Object: 'Object Repository/Page_KiboPush  Dashboard/span_Manage Pages' is clicked on

2019-04-03 12:28:25 - [MESSAGE][PASSED] - Object: 'Object Repository/Page_KiboPush  Dashboard/span_Manage Pages' is clicked on

2019-04-03 12:28:25 - [TEST_STEP][PASSED] - delay(2): Delayed 2 second(s)

2019-04-03 12:28:27 - [MESSAGE][PASSED] - Delayed 2 second(s)

2019-04-03 12:28:27 - [TEST_STEP][PASSED] - click(findTestObject("Page_KiboPush  Dashboard/span_Persistent Menu")): Object: 'Object Repository/Page_KiboPush  Dashboard/span_Persistent Menu' is clicked on

2019-04-03 12:28:28 - [MESSAGE][PASSED] - Object: 'Object Repository/Page_KiboPush  Dashboard/span_Persistent Menu' is clicked on

2019-04-03 12:28:28 - [TEST_STEP][PASSED] - delay(2): Delayed 2 second(s)

2019-04-03 12:28:30 - [MESSAGE][PASSED] - Delayed 2 second(s)

2019-04-03 12:28:30 - [MESSAGE][PASSED] - Call Test Case 'Test Cases/Persistent Menu/Go_to_menu_item' successfully

2019-04-03 12:28:30 - [TEST_STEP][PASSED] - delay(2): Delayed 2 second(s)

2019-04-03 12:28:32 - [MESSAGE][PASSED] - Delayed 2 second(s)

2019-04-03 12:28:32 - [TEST_STEP][PASSED] - click(findTestObject("Page_KiboPush  Menu/open popover")): Object: 'Object Repository/Page_KiboPush  Menu/open popover' is clicked on

2019-04-03 12:28:32 - [MESSAGE][PASSED] - Object: 'Object Repository/Page_KiboPush  Menu/open popover' is clicked on

2019-04-03 12:28:32 - [TEST_STEP][PASSED] - delay(2): Delayed 2 second(s)

2019-04-03 12:28:34 - [MESSAGE][PASSED] - Delayed 2 second(s)

2019-04-03 12:28:34 - [MESSAGE][PASSED] - Call Test Case 'Test Cases/Persistent Menu/open_popover' successfully

2019-04-03 12:28:34 - [TEST_STEP][PASSED] - delay(1): Delayed 1 second(s)

2019-04-03 12:28:35 - [MESSAGE][PASSED] - Delayed 1 second(s)

2019-04-03 12:28:35 - [TEST_STEP][PASSED] - click(findTestObject("Page_KiboEngage  Menu/input_Open a submenu_replyWithMessage (1)")): Object: 'Object Repository/Page_KiboEngage  Menu/input_Open a submenu_replyWithMessage (1)' is clicked on

2019-04-03 12:28:35 - [MESSAGE][PASSED] - Object: 'Object Repository/Page_KiboEngage  Menu/input_Open a submenu_replyWithMessage (1)' is clicked on

2019-04-03 12:28:35 - [TEST_STEP][PASSED] - delay(1): Delayed 1 second(s)

2019-04-03 12:28:36 - [MESSAGE][PASSED] - Delayed 1 second(s)

2019-04-03 12:28:36 - [TEST_STEP][PASSED] - click(findTestObject("Page_KiboEngage  Menu/a_Create Message (1)")): Object: 'Object Repository/Page_KiboEngage  Menu/a_Create Message (1)' is clicked on

2019-04-03 12:28:36 - [MESSAGE][PASSED] - Object: 'Object Repository/Page_KiboEngage  Menu/a_Create Message (1)' is clicked on

2019-04-03 12:28:36 - [TEST_STEP][PASSED] - click(findTestObject("Object Repository/Page_KiboEngage  Create Menu/div_Text (2)")): Object: 'Object Repository/Page_KiboEngage  Create Menu/div_Text (2)' is clicked on

2019-04-03 12:28:36 - [MESSAGE][PASSED] - Object: 'Object Repository/Page_KiboEngage  Create Menu/div_Text (2)' is clicked on

2019-04-03 12:28:36 - [TEST_STEP][PASSED] - click(findTestObject("Object Repository/Page_KiboEngage  Create Menu/h6_ Add Button (3)")): Object: 'Object Repository/Page_KiboEngage  Create Menu/h6_ Add Button (3)' is clicked on

2019-04-03 12:28:36 - [MESSAGE][PASSED] - Object: 'Object Repository/Page_KiboEngage  Create Menu/h6_ Add Button (3)' is clicked on

2019-04-03 12:28:36 - [TEST_STEP][PASSED] - delay(1): Delayed 1 second(s)

2019-04-03 12:28:37 - [MESSAGE][PASSED] - Delayed 1 second(s)

2019-04-03 12:28:37 - [TEST_STEP][PASSED] - setText(findTestObject("Object Repository/Page_KiboEngage  Create Menu/input_Button Title_form-control (3)"), "Testing Webview"): Text 'Testing Webview' is set on object 'Object Repository/Page_KiboEngage  Create Menu/input_Button Title_form-control (3)'

2019-04-03 12:28:37 - [MESSAGE][PASSED] - Text 'Testing Webview' is set on object 'Object Repository/Page_KiboEngage  Create Menu/input_Button Title_form-control (3)'

2019-04-03 12:28:37 - [TEST_STEP][PASSED] - click(findTestObject("Object Repository/Page_KiboEngage  Create Menu/h7_Open a webview (2)")): Object: 'Object Repository/Page_KiboEngage  Create Menu/h7_Open a webview (2)' is clicked on

2019-04-03 12:28:37 - [MESSAGE][PASSED] - Object: 'Object Repository/Page_KiboEngage  Create Menu/h7_Open a webview (2)' is clicked on

2019-04-03 12:28:37 - [TEST_STEP][PASSED] - delay(1): Delayed 1 second(s)

2019-04-03 12:28:38 - [MESSAGE][PASSED] - Delayed 1 second(s)

2019-04-03 12:28:38 - [TEST_STEP][PASSED] - setText(findTestObject("Object Repository/Page_KiboEngage  Create Menu/input_Url_form-control (1)"), "https://kiboengage.cloudkibo.com"): Text 'https://kiboengage.cloudkibo.com' is set on object 'Object Repository/Page_KiboEngage  Create Menu/input_Url_form-control (1)'

2019-04-03 12:28:39 - [MESSAGE][PASSED] - Text 'https://kiboengage.cloudkibo.com' is set on object 'Object Repository/Page_KiboEngage  Create Menu/input_Url_form-control (1)'

2019-04-03 12:28:39 - [TEST_STEP][PASSED] - click(findTestObject("Object Repository/Page_KiboEngage  Create Menu/button_Done (2)")): Object: 'Object Repository/Page_KiboEngage  Create Menu/button_Done (2)' is clicked on

2019-04-03 12:28:39 - [MESSAGE][PASSED] - Object: 'Object Repository/Page_KiboEngage  Create Menu/button_Done (2)' is clicked on

2019-04-03 12:28:39 - [TEST_STEP][PASSED] - click(findTestObject("Object Repository/Page_KiboEngage  Create Menu/button_Testing Webview (1)")): Object: 'Object Repository/Page_KiboEngage  Create Menu/button_Testing Webview (1)' is clicked on

2019-04-03 12:28:40 - [MESSAGE][PASSED] - Object: 'Object Repository/Page_KiboEngage  Create Menu/button_Testing Webview (1)' is clicked on

2019-04-03 12:28:40 - [TEST_STEP][PASSED] - setText(findTestObject("Object Repository/Page_KiboEngage  Create Menu/input_Url_form-control (1)"), "https://skiboengage.cloudkibo.com"): Text 'https://skiboengage.cloudkibo.com' is set on object 'Object Repository/Page_KiboEngage  Create Menu/input_Url_form-control (1)'

2019-04-03 12:28:40 - [MESSAGE][PASSED] - Text 'https://skiboengage.cloudkibo.com' is set on object 'Object Repository/Page_KiboEngage  Create Menu/input_Url_form-control (1)'

2019-04-03 12:28:40 - [TEST_STEP][PASSED] - click(findTestObject("Object Repository/Page_KiboEngage  Create Menu/button_Done (2)")): Object: 'Object Repository/Page_KiboEngage  Create Menu/button_Done (2)' is clicked on

2019-04-03 12:28:40 - [MESSAGE][PASSED] - Object: 'Object Repository/Page_KiboEngage  Create Menu/button_Done (2)' is clicked on

2019-04-03 12:28:40 - [TEST_STEP][PASSED] - verifyElementNotPresent(findTestObject("Page_KiboEngage  Create Menu/div_Whitelist url domains to open in-app browserUrlWebView SizeCOMPACTTALLFULL"), 0): Web element with id: 'Object Repository/Page_KiboEngage  Create Menu/div_Whitelist url domains to open in-app browserUrlWebView SizeCOMPACTTALLFULL' located by 'By.xpath: //div[(text() = 'Whitelist url domains to open in-app browserUrlWebView SizeCOMPACTTALLFULL' or . = 'Whitelist url domains to open in-app browserUrlWebView SizeCOMPACTTALLFULL')]' is not present after '30' second(s)

2019-04-03 12:28:40 - [MESSAGE][WARNING] - Timeout '0' is invalid. Using default page load timeout: '30'

2019-04-03 12:28:41 - [MESSAGE][PASSED] - Web element with id: 'Object Repository/Page_KiboEngage  Create Menu/div_Whitelist url domains to open in-app browserUrlWebView SizeCOMPACTTALLFULL' located by 'By.xpath: //div[(text() = 'Whitelist url domains to open in-app browserUrlWebView SizeCOMPACTTALLFULL' or . = 'Whitelist url domains to open in-app browserUrlWebView SizeCOMPACTTALLFULL')]' is not present after '30' second(s)]]></system-out>
         <system-err><![CDATA[]]></system-err>
      </testcase>
      <testcase name="Test Cases/Webview/TC11114" classname="Test Cases/Webview/TC11114" status="FAILED">
         <failure type="FAILED" message="Test Cases/Webview/TC11114 FAILED.
Reason:
com.kms.katalon.core.exception.StepFailedException: Unable to verify object 'Object Repository/Page_KiboEngage  Create Menu/button_Testing Webview (1) (1)' is not present
	at com.kms.katalon.core.webui.keyword.internal.WebUIKeywordMain.stepFailed(WebUIKeywordMain.groovy:64)
	at com.kms.katalon.core.webui.keyword.internal.WebUIKeywordMain.runKeyword(WebUIKeywordMain.groovy:26)
	at com.kms.katalon.core.webui.keyword.builtin.VerifyElementNotPresentKeyword.verifyElementNotPresent(VerifyElementNotPresentKeyword.groovy:118)
	at com.kms.katalon.core.webui.keyword.builtin.VerifyElementNotPresentKeyword.execute(VerifyElementNotPresentKeyword.groovy:68)
	at com.kms.katalon.core.keyword.internal.KeywordExecutor.executeKeywordForPlatform(KeywordExecutor.groovy:56)
	at com.kms.katalon.core.webui.keyword.WebUiBuiltInKeywords.verifyElementNotPresent(WebUiBuiltInKeywords.groovy:1467)
	at com.kms.katalon.core.webui.keyword.WebUiBuiltInKeywords$verifyElementNotPresent$6.call(Unknown Source)
	at TC11114.run(TC11114:46)
	at com.kms.katalon.core.main.ScriptEngine.run(ScriptEngine.java:194)
	at com.kms.katalon.core.main.ScriptEngine.runScriptAsRawText(ScriptEngine.java:119)
	at com.kms.katalon.core.main.TestCaseExecutor.runScript(TestCaseExecutor.java:331)
	at com.kms.katalon.core.main.TestCaseExecutor.doExecute(TestCaseExecutor.java:322)
	at com.kms.katalon.core.main.TestCaseExecutor.processExecutionPhase(TestCaseExecutor.java:301)
	at com.kms.katalon.core.main.TestCaseExecutor.accessMainPhase(TestCaseExecutor.java:293)
	at com.kms.katalon.core.main.TestCaseExecutor.execute(TestCaseExecutor.java:227)
	at com.kms.katalon.core.main.TestSuiteExecutor.accessTestCaseMainPhase(TestSuiteExecutor.java:129)
	at com.kms.katalon.core.main.TestSuiteExecutor.accessTestSuiteMainPhase(TestSuiteExecutor.java:112)
	at com.kms.katalon.core.main.TestSuiteExecutor.execute(TestSuiteExecutor.java:81)
	at com.kms.katalon.core.main.TestCaseMain.startTestSuite(TestCaseMain.java:157)
	at com.kms.katalon.core.main.TestCaseMain$startTestSuite$0.call(Unknown Source)
	at TempTestSuite1554275422234.run(TempTestSuite1554275422234.groovy:35)
Caused by: com.kms.katalon.core.exception.StepFailedException: Web element with id: 'Object Repository/Page_KiboEngage  Create Menu/button_Testing Webview (1) (1)' located by 'By.xpath: //button[(text() = 'Testing Webview' or . = 'Testing Webview')]' is present after '30' second(s)
	at com.kms.katalon.core.webui.keyword.internal.WebUIKeywordMain.stepFailed(WebUIKeywordMain.groovy:64)
	at com.kms.katalon.core.webui.keyword.builtin.VerifyElementNotPresentKeyword$_verifyElementNotPresent_closure1.doCall(VerifyElementNotPresentKeyword.groovy:107)
	at com.kms.katalon.core.webui.keyword.builtin.VerifyElementNotPresentKeyword$_verifyElementNotPresent_closure1.call(VerifyElementNotPresentKeyword.groovy)
	at com.kms.katalon.core.webui.keyword.internal.WebUIKeywordMain.runKeyword(WebUIKeywordMain.groovy:20)
	... 19 more
"/>
         <system-out><![CDATA[2019-04-03 12:28:41 - [TEST_CASE][FAILED] - Test Cases/Webview/TC11114: Test Cases/Webview/TC11114 FAILED.
Reason:
com.kms.katalon.core.exception.StepFailedException: Unable to verify object 'Object Repository/Page_KiboEngage  Create Menu/button_Testing Webview (1) (1)' is not present
	at com.kms.katalon.core.webui.keyword.internal.WebUIKeywordMain.stepFailed(WebUIKeywordMain.groovy:64)
	at com.kms.katalon.core.webui.keyword.internal.WebUIKeywordMain.runKeyword(WebUIKeywordMain.groovy:26)
	at com.kms.katalon.core.webui.keyword.builtin.VerifyElementNotPresentKeyword.verifyElementNotPresent(VerifyElementNotPresentKeyword.groovy:118)
	at com.kms.katalon.core.webui.keyword.builtin.VerifyElementNotPresentKeyword.execute(VerifyElementNotPresentKeyword.groovy:68)
	at com.kms.katalon.core.keyword.internal.KeywordExecutor.executeKeywordForPlatform(KeywordExecutor.groovy:56)
	at com.kms.katalon.core.webui.keyword.WebUiBuiltInKeywords.verifyElementNotPresent(WebUiBuiltInKeywords.groovy:1467)
	at com.kms.katalon.core.webui.keyword.WebUiBuiltInKeywords$verifyElementNotPresent$6.call(Unknown Source)
	at TC11114.run(TC11114:46)
	at com.kms.katalon.core.main.ScriptEngine.run(ScriptEngine.java:194)
	at com.kms.katalon.core.main.ScriptEngine.runScriptAsRawText(ScriptEngine.java:119)
	at com.kms.katalon.core.main.TestCaseExecutor.runScript(TestCaseExecutor.java:331)
	at com.kms.katalon.core.main.TestCaseExecutor.doExecute(TestCaseExecutor.java:322)
	at com.kms.katalon.core.main.TestCaseExecutor.processExecutionPhase(TestCaseExecutor.java:301)
	at com.kms.katalon.core.main.TestCaseExecutor.accessMainPhase(TestCaseExecutor.java:293)
	at com.kms.katalon.core.main.TestCaseExecutor.execute(TestCaseExecutor.java:227)
	at com.kms.katalon.core.main.TestSuiteExecutor.accessTestCaseMainPhase(TestSuiteExecutor.java:129)
	at com.kms.katalon.core.main.TestSuiteExecutor.accessTestSuiteMainPhase(TestSuiteExecutor.java:112)
	at com.kms.katalon.core.main.TestSuiteExecutor.execute(TestSuiteExecutor.java:81)
	at com.kms.katalon.core.main.TestCaseMain.startTestSuite(TestCaseMain.java:157)
	at com.kms.katalon.core.main.TestCaseMain$startTestSuite$0.call(Unknown Source)
	at TempTestSuite1554275422234.run(TempTestSuite1554275422234.groovy:35)
Caused by: com.kms.katalon.core.exception.StepFailedException: Web element with id: 'Object Repository/Page_KiboEngage  Create Menu/button_Testing Webview (1) (1)' located by 'By.xpath: //button[(text() = 'Testing Webview' or . = 'Testing Webview')]' is present after '30' second(s)
	at com.kms.katalon.core.webui.keyword.internal.WebUIKeywordMain.stepFailed(WebUIKeywordMain.groovy:64)
	at com.kms.katalon.core.webui.keyword.builtin.VerifyElementNotPresentKeyword$_verifyElementNotPresent_closure1.doCall(VerifyElementNotPresentKeyword.groovy:107)
	at com.kms.katalon.core.webui.keyword.builtin.VerifyElementNotPresentKeyword$_verifyElementNotPresent_closure1.call(VerifyElementNotPresentKeyword.groovy)
	at com.kms.katalon.core.webui.keyword.internal.WebUIKeywordMain.runKeyword(WebUIKeywordMain.groovy:20)
	... 19 more


2019-04-03 12:28:41 - [TEST_STEP][PASSED] - callTestCase(findTestCase("Persistent Menu/open_popover"), [:], STOP_ON_FAILURE): Call Test Case 'Test Cases/Persistent Menu/open_popover' successfully

2019-04-03 12:28:41 - [TEST_CASE][PASSED] - Test Cases/Persistent Menu/open_popover: Test Cases/Persistent Menu/open_popover

2019-04-03 12:28:41 - [TEST_STEP][PASSED] - callTestCase(findTestCase("Persistent Menu/Go_to_menu_item"), [:], STOP_ON_FAILURE): Call Test Case 'Test Cases/Persistent Menu/Go_to_menu_item' successfully

2019-04-03 12:28:41 - [TEST_CASE][PASSED] - Test Cases/Persistent Menu/Go_to_menu_item: Test Cases/Persistent Menu/Go_to_menu_item

2019-04-03 12:28:41 - [TEST_STEP][PASSED] - callTestCase(findTestCase("s-sidebar_navigation/individualAccount/Login_Muzamil"), [:], STOP_ON_FAILURE): Call Test Case 'Test Cases/s-sidebar_navigation/individualAccount/Login_Muzamil' successfully

2019-04-03 12:28:41 - [TEST_CASE][PASSED] - Test Cases/s-sidebar_navigation/individualAccount/Login_Muzamil: Test Cases/s-sidebar_navigation/individualAccount/Login_Muzamil

2019-04-03 12:28:41 - [TEST_STEP][PASSED] - openBrowser(""): Browser is opened with url: ''

2019-04-03 12:28:41 - [MESSAGE][WARNING] - A browser is already opened. Closing browser and opening a new one

2019-04-03 12:28:42 - [MESSAGE][INFO] - Starting 'Chrome' driver

2019-04-03 12:28:42 - [MESSAGE][PASSED] - Browser is opened with url: ''

2019-04-03 12:28:42 - [TEST_STEP][PASSED] - maximizeWindow(): Current window maximized

2019-04-03 12:28:42 - [MESSAGE][PASSED] - Current window maximized

2019-04-03 12:28:42 - [TEST_STEP][PASSED] - navigateToUrl("https://app.kibopush.com/"): Navigate to 'https://app.kibopush.com/' successfully

2019-04-03 12:28:59 - [MESSAGE][PASSED] - Navigate to 'https://app.kibopush.com/' successfully

2019-04-03 12:28:59 - [TEST_STEP][PASSED] - click(findTestObject("Page_CloudKibo/a_Login (2)")): Object: 'Object Repository/Page_CloudKibo/a_Login (2)' is clicked on

2019-04-03 12:29:00 - [MESSAGE][PASSED] - Object: 'Object Repository/Page_CloudKibo/a_Login (2)' is clicked on

2019-04-03 12:29:00 - [TEST_STEP][PASSED] - delay(2): Delayed 2 second(s)

2019-04-03 12:29:02 - [MESSAGE][PASSED] - Delayed 2 second(s)

2019-04-03 12:29:02 - [TEST_STEP][PASSED] - setText(findTestObject("Page_CloudKibo/input_Sign In_email (1)"), "muzamil.bukhari.39@gmail.com"): Text 'muzamil.bukhari.39@gmail.com' is set on object 'Object Repository/Page_CloudKibo/input_Sign In_email (1)'

2019-04-03 12:29:02 - [MESSAGE][PASSED] - Text 'muzamil.bukhari.39@gmail.com' is set on object 'Object Repository/Page_CloudKibo/input_Sign In_email (1)'

2019-04-03 12:29:02 - [TEST_STEP][PASSED] - setEncryptedText(findTestObject("Page_CloudKibo/input_Sign In_password (1)"), "ZOMPkeJIpHWb3LMKk986MQ=="): Text ****** has been set on object 'Object Repository/Page_CloudKibo/input_Sign In_password (1)'

2019-04-03 12:29:02 - [MESSAGE][PASSED] - Text ****** has been set on object 'Object Repository/Page_CloudKibo/input_Sign In_password (1)'

2019-04-03 12:29:02 - [TEST_STEP][PASSED] - delay(1): Delayed 1 second(s)

2019-04-03 12:29:03 - [MESSAGE][PASSED] - Delayed 1 second(s)

2019-04-03 12:29:03 - [TEST_STEP][PASSED] - click(findTestObject("Page_CloudKibo/button_Sign In (5)")): Object: 'Object Repository/Page_CloudKibo/button_Sign In (5)' is clicked on

2019-04-03 12:29:03 - [MESSAGE][PASSED] - Object: 'Object Repository/Page_CloudKibo/button_Sign In (5)' is clicked on

2019-04-03 12:29:03 - [TEST_STEP][PASSED] - delay(3): Delayed 3 second(s)

2019-04-03 12:29:06 - [MESSAGE][PASSED] - Delayed 3 second(s)

2019-04-03 12:29:06 - [TEST_STEP][PASSED] - click(findTestObject("Object Repository/Page_KiboEngage  Dashboard/h4_KIBOPUSH")): Object: 'Object Repository/Page_KiboEngage  Dashboard/h4_KIBOPUSH' is clicked on

2019-04-03 12:29:27 - [MESSAGE][PASSED] - Object: 'Object Repository/Page_KiboEngage  Dashboard/h4_KIBOPUSH' is clicked on

2019-04-03 12:29:27 - [MESSAGE][PASSED] - Call Test Case 'Test Cases/s-sidebar_navigation/individualAccount/Login_Muzamil' successfully

2019-04-03 12:29:27 - [TEST_STEP][PASSED] - click(findTestObject("Page_KiboPush  Dashboard/span_Manage Pages")): Object: 'Object Repository/Page_KiboPush  Dashboard/span_Manage Pages' is clicked on

2019-04-03 12:29:27 - [MESSAGE][PASSED] - Object: 'Object Repository/Page_KiboPush  Dashboard/span_Manage Pages' is clicked on

2019-04-03 12:29:27 - [TEST_STEP][PASSED] - delay(2): Delayed 2 second(s)

2019-04-03 12:29:29 - [MESSAGE][PASSED] - Delayed 2 second(s)

2019-04-03 12:29:29 - [TEST_STEP][PASSED] - click(findTestObject("Page_KiboPush  Dashboard/span_Persistent Menu")): Object: 'Object Repository/Page_KiboPush  Dashboard/span_Persistent Menu' is clicked on

2019-04-03 12:29:29 - [MESSAGE][PASSED] - Object: 'Object Repository/Page_KiboPush  Dashboard/span_Persistent Menu' is clicked on

2019-04-03 12:29:29 - [TEST_STEP][PASSED] - delay(2): Delayed 2 second(s)

2019-04-03 12:29:31 - [MESSAGE][PASSED] - Delayed 2 second(s)

2019-04-03 12:29:31 - [MESSAGE][PASSED] - Call Test Case 'Test Cases/Persistent Menu/Go_to_menu_item' successfully

2019-04-03 12:29:31 - [TEST_STEP][PASSED] - delay(2): Delayed 2 second(s)

2019-04-03 12:29:33 - [MESSAGE][PASSED] - Delayed 2 second(s)

2019-04-03 12:29:33 - [TEST_STEP][PASSED] - click(findTestObject("Page_KiboPush  Menu/open popover")): Object: 'Object Repository/Page_KiboPush  Menu/open popover' is clicked on

2019-04-03 12:29:33 - [MESSAGE][PASSED] - Object: 'Object Repository/Page_KiboPush  Menu/open popover' is clicked on

2019-04-03 12:29:33 - [TEST_STEP][PASSED] - delay(2): Delayed 2 second(s)

2019-04-03 12:29:35 - [MESSAGE][PASSED] - Delayed 2 second(s)

2019-04-03 12:29:35 - [MESSAGE][PASSED] - Call Test Case 'Test Cases/Persistent Menu/open_popover' successfully

2019-04-03 12:29:35 - [TEST_STEP][PASSED] - delay(1): Delayed 1 second(s)

2019-04-03 12:29:36 - [MESSAGE][PASSED] - Delayed 1 second(s)

2019-04-03 12:29:36 - [TEST_STEP][PASSED] - click(findTestObject("Page_KiboEngage  Menu/input_Open a submenu_replyWithMessage (1)")): Object: 'Object Repository/Page_KiboEngage  Menu/input_Open a submenu_replyWithMessage (1)' is clicked on

2019-04-03 12:29:36 - [MESSAGE][PASSED] - Object: 'Object Repository/Page_KiboEngage  Menu/input_Open a submenu_replyWithMessage (1)' is clicked on

2019-04-03 12:29:36 - [TEST_STEP][PASSED] - delay(1): Delayed 1 second(s)

2019-04-03 12:29:37 - [MESSAGE][PASSED] - Delayed 1 second(s)

2019-04-03 12:29:37 - [TEST_STEP][PASSED] - click(findTestObject("Page_KiboEngage  Menu/a_Create Message (1)")): Object: 'Object Repository/Page_KiboEngage  Menu/a_Create Message (1)' is clicked on

2019-04-03 12:29:37 - [MESSAGE][PASSED] - Object: 'Object Repository/Page_KiboEngage  Menu/a_Create Message (1)' is clicked on

2019-04-03 12:29:37 - [TEST_STEP][PASSED] - click(findTestObject("Page_KiboEngage  Create Menu/div_Text (2) (1)")): Object: 'Object Repository/Page_KiboEngage  Create Menu/div_Text (2) (1)' is clicked on

2019-04-03 12:29:37 - [MESSAGE][PASSED] - Object: 'Object Repository/Page_KiboEngage  Create Menu/div_Text (2) (1)' is clicked on

2019-04-03 12:29:37 - [TEST_STEP][PASSED] - click(findTestObject("Page_KiboEngage  Create Menu/h6_ Add Button (3) (1)")): Object: 'Object Repository/Page_KiboEngage  Create Menu/h6_ Add Button (3) (1)' is clicked on

2019-04-03 12:29:38 - [MESSAGE][PASSED] - Object: 'Object Repository/Page_KiboEngage  Create Menu/h6_ Add Button (3) (1)' is clicked on

2019-04-03 12:29:38 - [TEST_STEP][PASSED] - delay(1): Delayed 1 second(s)

2019-04-03 12:29:39 - [MESSAGE][PASSED] - Delayed 1 second(s)

2019-04-03 12:29:39 - [TEST_STEP][PASSED] - setText(findTestObject("Page_KiboEngage  Create Menu/input_Button Title_form-control (3) (1)"), "Testing Webview"): Text 'Testing Webview' is set on object 'Object Repository/Page_KiboEngage  Create Menu/input_Button Title_form-control (3) (1)'

2019-04-03 12:29:39 - [MESSAGE][PASSED] - Text 'Testing Webview' is set on object 'Object Repository/Page_KiboEngage  Create Menu/input_Button Title_form-control (3) (1)'

2019-04-03 12:29:39 - [TEST_STEP][PASSED] - click(findTestObject("Page_KiboEngage  Create Menu/h7_Open a webview (2) (1)")): Object: 'Object Repository/Page_KiboEngage  Create Menu/h7_Open a webview (2) (1)' is clicked on

2019-04-03 12:29:39 - [MESSAGE][PASSED] - Object: 'Object Repository/Page_KiboEngage  Create Menu/h7_Open a webview (2) (1)' is clicked on

2019-04-03 12:29:39 - [TEST_STEP][PASSED] - delay(1): Delayed 1 second(s)

2019-04-03 12:29:40 - [MESSAGE][PASSED] - Delayed 1 second(s)

2019-04-03 12:29:40 - [TEST_STEP][PASSED] - setText(findTestObject("Page_KiboEngage  Create Menu/input_Url_form-control (1) (1)"), "https://kiboengage.cloudkibo.com"): Text 'https://kiboengage.cloudkibo.com' is set on object 'Object Repository/Page_KiboEngage  Create Menu/input_Url_form-control (1) (1)'

2019-04-03 12:29:41 - [MESSAGE][PASSED] - Text 'https://kiboengage.cloudkibo.com' is set on object 'Object Repository/Page_KiboEngage  Create Menu/input_Url_form-control (1) (1)'

2019-04-03 12:29:41 - [TEST_STEP][PASSED] - click(findTestObject("Page_KiboEngage  Create Menu/button_Done (2) (1)")): Object: 'Object Repository/Page_KiboEngage  Create Menu/button_Done (2) (1)' is clicked on

2019-04-03 12:29:41 - [MESSAGE][PASSED] - Object: 'Object Repository/Page_KiboEngage  Create Menu/button_Done (2) (1)' is clicked on

2019-04-03 12:29:41 - [TEST_STEP][PASSED] - click(findTestObject("Page_KiboEngage  Create Menu/button_Testing Webview (1) (1)")): Object: 'Object Repository/Page_KiboEngage  Create Menu/button_Testing Webview (1) (1)' is clicked on

2019-04-03 12:29:42 - [MESSAGE][PASSED] - Object: 'Object Repository/Page_KiboEngage  Create Menu/button_Testing Webview (1) (1)' is clicked on

2019-04-03 12:29:42 - [TEST_STEP][PASSED] - click(findTestObject("Page_KiboEngage  Create Menu/button_Remove (1)")): Object: 'Object Repository/Page_KiboEngage  Create Menu/button_Remove (1)' is clicked on

2019-04-03 12:29:42 - [MESSAGE][PASSED] - Object: 'Object Repository/Page_KiboEngage  Create Menu/button_Remove (1)' is clicked on

2019-04-03 12:29:42 - [TEST_STEP][FAILED] - verifyElementNotPresent(findTestObject("Page_KiboEngage  Create Menu/button_Testing Webview (1) (1)"), 0): verifyElementNotPresent(findTestObject("Page_KiboEngage  Create Menu/button_Testing Webview (1) (1)"), 0) FAILED.
Reason:
com.kms.katalon.core.exception.StepFailedException: Unable to verify object 'Object Repository/Page_KiboEngage  Create Menu/button_Testing Webview (1) (1)' is not present
	at com.kms.katalon.core.webui.keyword.internal.WebUIKeywordMain.stepFailed(WebUIKeywordMain.groovy:64)
	at com.kms.katalon.core.webui.keyword.internal.WebUIKeywordMain.runKeyword(WebUIKeywordMain.groovy:26)
	at com.kms.katalon.core.webui.keyword.builtin.VerifyElementNotPresentKeyword.verifyElementNotPresent(VerifyElementNotPresentKeyword.groovy:118)
	at com.kms.katalon.core.webui.keyword.builtin.VerifyElementNotPresentKeyword.execute(VerifyElementNotPresentKeyword.groovy:68)
	at com.kms.katalon.core.keyword.internal.KeywordExecutor.executeKeywordForPlatform(KeywordExecutor.groovy:56)
	at com.kms.katalon.core.webui.keyword.WebUiBuiltInKeywords.verifyElementNotPresent(WebUiBuiltInKeywords.groovy:1467)
	at com.kms.katalon.core.webui.keyword.WebUiBuiltInKeywords$verifyElementNotPresent$6.call(Unknown Source)
	at TC11114.run(TC11114:46)
	at com.kms.katalon.core.main.ScriptEngine.run(ScriptEngine.java:194)
	at com.kms.katalon.core.main.ScriptEngine.runScriptAsRawText(ScriptEngine.java:119)
	at com.kms.katalon.core.main.TestCaseExecutor.runScript(TestCaseExecutor.java:331)
	at com.kms.katalon.core.main.TestCaseExecutor.doExecute(TestCaseExecutor.java:322)
	at com.kms.katalon.core.main.TestCaseExecutor.processExecutionPhase(TestCaseExecutor.java:301)
	at com.kms.katalon.core.main.TestCaseExecutor.accessMainPhase(TestCaseExecutor.java:293)
	at com.kms.katalon.core.main.TestCaseExecutor.execute(TestCaseExecutor.java:227)
	at com.kms.katalon.core.main.TestSuiteExecutor.accessTestCaseMainPhase(TestSuiteExecutor.java:129)
	at com.kms.katalon.core.main.TestSuiteExecutor.accessTestSuiteMainPhase(TestSuiteExecutor.java:112)
	at com.kms.katalon.core.main.TestSuiteExecutor.execute(TestSuiteExecutor.java:81)
	at com.kms.katalon.core.main.TestCaseMain.startTestSuite(TestCaseMain.java:157)
	at com.kms.katalon.core.main.TestCaseMain$startTestSuite$0.call(Unknown Source)
	at TempTestSuite1554275422234.run(TempTestSuite1554275422234.groovy:35)
Caused by: com.kms.katalon.core.exception.StepFailedException: Web element with id: 'Object Repository/Page_KiboEngage  Create Menu/button_Testing Webview (1) (1)' located by 'By.xpath: //button[(text() = 'Testing Webview' or . = 'Testing Webview')]' is present after '30' second(s)
	at com.kms.katalon.core.webui.keyword.internal.WebUIKeywordMain.stepFailed(WebUIKeywordMain.groovy:64)
	at com.kms.katalon.core.webui.keyword.builtin.VerifyElementNotPresentKeyword$_verifyElementNotPresent_closure1.doCall(VerifyElementNotPresentKeyword.groovy:107)
	at com.kms.katalon.core.webui.keyword.builtin.VerifyElementNotPresentKeyword$_verifyElementNotPresent_closure1.call(VerifyElementNotPresentKeyword.groovy)
	at com.kms.katalon.core.webui.keyword.internal.WebUIKeywordMain.runKeyword(WebUIKeywordMain.groovy:20)
	... 19 more


2019-04-03 12:29:42 - [MESSAGE][WARNING] - Timeout '0' is invalid. Using default page load timeout: '30'

2019-04-03 12:30:12 - [MESSAGE][FAILED] - Web element with id: 'Object Repository/Page_KiboEngage  Create Menu/button_Testing Webview (1) (1)' located by 'By.xpath: //button[(text() = 'Testing Webview' or . = 'Testing Webview')]' is present after '30' second(s) (Root cause: com.kms.katalon.core.exception.StepFailedException: Web element with id: 'Object Repository/Page_KiboEngage  Create Menu/button_Testing Webview (1) (1)' located by 'By.xpath: //button[(text() = 'Testing Webview' or . = 'Testing Webview')]' is present after '30' second(s)
	at com.kms.katalon.core.webui.keyword.internal.WebUIKeywordMain.stepFailed(WebUIKeywordMain.groovy:64)
	at com.kms.katalon.core.webui.keyword.builtin.VerifyElementNotPresentKeyword$_verifyElementNotPresent_closure1.doCall(VerifyElementNotPresentKeyword.groovy:107)
	at com.kms.katalon.core.webui.keyword.builtin.VerifyElementNotPresentKeyword$_verifyElementNotPresent_closure1.call(VerifyElementNotPresentKeyword.groovy)
	at com.kms.katalon.core.webui.keyword.internal.WebUIKeywordMain.runKeyword(WebUIKeywordMain.groovy:20)
	at com.kms.katalon.core.webui.keyword.builtin.VerifyElementNotPresentKeyword.verifyElementNotPresent(VerifyElementNotPresentKeyword.groovy:118)
	at com.kms.katalon.core.webui.keyword.builtin.VerifyElementNotPresentKeyword.execute(VerifyElementNotPresentKeyword.groovy:68)
	at com.kms.katalon.core.keyword.internal.KeywordExecutor.executeKeywordForPlatform(KeywordExecutor.groovy:56)
	at com.kms.katalon.core.webui.keyword.WebUiBuiltInKeywords.verifyElementNotPresent(WebUiBuiltInKeywords.groovy:1467)
	at com.kms.katalon.core.webui.keyword.WebUiBuiltInKeywords$verifyElementNotPresent$6.call(Unknown Source)
	at TC11114.run(TC11114:46)
	at com.kms.katalon.core.main.ScriptEngine.run(ScriptEngine.java:194)
	at com.kms.katalon.core.main.ScriptEngine.runScriptAsRawText(ScriptEngine.java:119)
	at com.kms.katalon.core.main.TestCaseExecutor.runScript(TestCaseExecutor.java:331)
	at com.kms.katalon.core.main.TestCaseExecutor.doExecute(TestCaseExecutor.java:322)
	at com.kms.katalon.core.main.TestCaseExecutor.processExecutionPhase(TestCaseExecutor.java:301)
	at com.kms.katalon.core.main.TestCaseExecutor.accessMainPhase(TestCaseExecutor.java:293)
	at com.kms.katalon.core.main.TestCaseExecutor.execute(TestCaseExecutor.java:227)
	at com.kms.katalon.core.main.TestSuiteExecutor.accessTestCaseMainPhase(TestSuiteExecutor.java:129)
	at com.kms.katalon.core.main.TestSuiteExecutor.accessTestSuiteMainPhase(TestSuiteExecutor.java:112)
	at com.kms.katalon.core.main.TestSuiteExecutor.execute(TestSuiteExecutor.java:81)
	at com.kms.katalon.core.main.TestCaseMain.startTestSuite(TestCaseMain.java:157)
	at com.kms.katalon.core.main.TestCaseMain$startTestSuite$0.call(Unknown Source)
	at TempTestSuite1554275422234.run(TempTestSuite1554275422234.groovy:35)
)
[[ATTACHMENT|/home/cloudkibo-muzamil/Downloads/Test cases/production/KiboPush/Reports/Webview/20190403_121022/1554276612499.png]]

2019-04-03 12:30:12 - [MESSAGE][FAILED] - Unable to verify object 'Object Repository/Page_KiboEngage  Create Menu/button_Testing Webview (1) (1)' is not present (Root cause: com.kms.katalon.core.exception.StepFailedException: Unable to verify object 'Object Repository/Page_KiboEngage  Create Menu/button_Testing Webview (1) (1)' is not present
	at com.kms.katalon.core.webui.keyword.internal.WebUIKeywordMain.stepFailed(WebUIKeywordMain.groovy:64)
	at com.kms.katalon.core.webui.keyword.internal.WebUIKeywordMain.runKeyword(WebUIKeywordMain.groovy:26)
	at com.kms.katalon.core.webui.keyword.builtin.VerifyElementNotPresentKeyword.verifyElementNotPresent(VerifyElementNotPresentKeyword.groovy:118)
	at com.kms.katalon.core.webui.keyword.builtin.VerifyElementNotPresentKeyword.execute(VerifyElementNotPresentKeyword.groovy:68)
	at com.kms.katalon.core.keyword.internal.KeywordExecutor.executeKeywordForPlatform(KeywordExecutor.groovy:56)
	at com.kms.katalon.core.webui.keyword.WebUiBuiltInKeywords.verifyElementNotPresent(WebUiBuiltInKeywords.groovy:1467)
	at com.kms.katalon.core.webui.keyword.WebUiBuiltInKeywords$verifyElementNotPresent$6.call(Unknown Source)
	at TC11114.run(TC11114:46)
	at com.kms.katalon.core.main.ScriptEngine.run(ScriptEngine.java:194)
	at com.kms.katalon.core.main.ScriptEngine.runScriptAsRawText(ScriptEngine.java:119)
	at com.kms.katalon.core.main.TestCaseExecutor.runScript(TestCaseExecutor.java:331)
	at com.kms.katalon.core.main.TestCaseExecutor.doExecute(TestCaseExecutor.java:322)
	at com.kms.katalon.core.main.TestCaseExecutor.processExecutionPhase(TestCaseExecutor.java:301)
	at com.kms.katalon.core.main.TestCaseExecutor.accessMainPhase(TestCaseExecutor.java:293)
	at com.kms.katalon.core.main.TestCaseExecutor.execute(TestCaseExecutor.java:227)
	at com.kms.katalon.core.main.TestSuiteExecutor.accessTestCaseMainPhase(TestSuiteExecutor.java:129)
	at com.kms.katalon.core.main.TestSuiteExecutor.accessTestSuiteMainPhase(TestSuiteExecutor.java:112)
	at com.kms.katalon.core.main.TestSuiteExecutor.execute(TestSuiteExecutor.java:81)
	at com.kms.katalon.core.main.TestCaseMain.startTestSuite(TestCaseMain.java:157)
	at com.kms.katalon.core.main.TestCaseMain$startTestSuite$0.call(Unknown Source)
	at TempTestSuite1554275422234.run(TempTestSuite1554275422234.groovy:35)
Caused by: com.kms.katalon.core.exception.StepFailedException: Web element with id: 'Object Repository/Page_KiboEngage  Create Menu/button_Testing Webview (1) (1)' located by 'By.xpath: //button[(text() = 'Testing Webview' or . = 'Testing Webview')]' is present after '30' second(s)
	at com.kms.katalon.core.webui.keyword.internal.WebUIKeywordMain.stepFailed(WebUIKeywordMain.groovy:64)
	at com.kms.katalon.core.webui.keyword.builtin.VerifyElementNotPresentKeyword$_verifyElementNotPresent_closure1.doCall(VerifyElementNotPresentKeyword.groovy:107)
	at com.kms.katalon.core.webui.keyword.builtin.VerifyElementNotPresentKeyword$_verifyElementNotPresent_closure1.call(VerifyElementNotPresentKeyword.groovy)
	at com.kms.katalon.core.webui.keyword.internal.WebUIKeywordMain.runKeyword(WebUIKeywordMain.groovy:20)
	... 19 more
)
[[ATTACHMENT|/home/cloudkibo-muzamil/Downloads/Test cases/production/KiboPush/Reports/Webview/20190403_121022/1554276612627.png]]

2019-04-03 12:30:12 - [MESSAGE][FAILED] - verifyElementNotPresent(findTestObject("Page_KiboEngage  Create Menu/button_Testing Webview (1) (1)"), 0) FAILED.
Reason:
com.kms.katalon.core.exception.StepFailedException: Unable to verify object 'Object Repository/Page_KiboEngage  Create Menu/button_Testing Webview (1) (1)' is not present
	at com.kms.katalon.core.webui.keyword.internal.WebUIKeywordMain.stepFailed(WebUIKeywordMain.groovy:64)
	at com.kms.katalon.core.webui.keyword.internal.WebUIKeywordMain.runKeyword(WebUIKeywordMain.groovy:26)
	at com.kms.katalon.core.webui.keyword.builtin.VerifyElementNotPresentKeyword.verifyElementNotPresent(VerifyElementNotPresentKeyword.groovy:118)
	at com.kms.katalon.core.webui.keyword.builtin.VerifyElementNotPresentKeyword.execute(VerifyElementNotPresentKeyword.groovy:68)
	at com.kms.katalon.core.keyword.internal.KeywordExecutor.executeKeywordForPlatform(KeywordExecutor.groovy:56)
	at com.kms.katalon.core.webui.keyword.WebUiBuiltInKeywords.verifyElementNotPresent(WebUiBuiltInKeywords.groovy:1467)
	at com.kms.katalon.core.webui.keyword.WebUiBuiltInKeywords$verifyElementNotPresent$6.call(Unknown Source)
	at TC11114.run(TC11114:46)
	at com.kms.katalon.core.main.ScriptEngine.run(ScriptEngine.java:194)
	at com.kms.katalon.core.main.ScriptEngine.runScriptAsRawText(ScriptEngine.java:119)
	at com.kms.katalon.core.main.TestCaseExecutor.runScript(TestCaseExecutor.java:331)
	at com.kms.katalon.core.main.TestCaseExecutor.doExecute(TestCaseExecutor.java:322)
	at com.kms.katalon.core.main.TestCaseExecutor.processExecutionPhase(TestCaseExecutor.java:301)
	at com.kms.katalon.core.main.TestCaseExecutor.accessMainPhase(TestCaseExecutor.java:293)
	at com.kms.katalon.core.main.TestCaseExecutor.execute(TestCaseExecutor.java:227)
	at com.kms.katalon.core.main.TestSuiteExecutor.accessTestCaseMainPhase(TestSuiteExecutor.java:129)
	at com.kms.katalon.core.main.TestSuiteExecutor.accessTestSuiteMainPhase(TestSuiteExecutor.java:112)
	at com.kms.katalon.core.main.TestSuiteExecutor.execute(TestSuiteExecutor.java:81)
	at com.kms.katalon.core.main.TestCaseMain.startTestSuite(TestCaseMain.java:157)
	at com.kms.katalon.core.main.TestCaseMain$startTestSuite$0.call(Unknown Source)
	at TempTestSuite1554275422234.run(TempTestSuite1554275422234.groovy:35)
Caused by: com.kms.katalon.core.exception.StepFailedException: Web element with id: 'Object Repository/Page_KiboEngage  Create Menu/button_Testing Webview (1) (1)' located by 'By.xpath: //button[(text() = 'Testing Webview' or . = 'Testing Webview')]' is present after '30' second(s)
	at com.kms.katalon.core.webui.keyword.internal.WebUIKeywordMain.stepFailed(WebUIKeywordMain.groovy:64)
	at com.kms.katalon.core.webui.keyword.builtin.VerifyElementNotPresentKeyword$_verifyElementNotPresent_closure1.doCall(VerifyElementNotPresentKeyword.groovy:107)
	at com.kms.katalon.core.webui.keyword.builtin.VerifyElementNotPresentKeyword$_verifyElementNotPresent_closure1.call(VerifyElementNotPresentKeyword.groovy)
	at com.kms.katalon.core.webui.keyword.internal.WebUIKeywordMain.runKeyword(WebUIKeywordMain.groovy:20)
	... 19 more]]></system-out>
         <system-err><![CDATA[2019-04-03 12:28:41 - [TEST_CASE][FAILED] - Test Cases/Webview/TC11114: Test Cases/Webview/TC11114 FAILED.
Reason:
com.kms.katalon.core.exception.StepFailedException: Unable to verify object 'Object Repository/Page_KiboEngage  Create Menu/button_Testing Webview (1) (1)' is not present
	at com.kms.katalon.core.webui.keyword.internal.WebUIKeywordMain.stepFailed(WebUIKeywordMain.groovy:64)
	at com.kms.katalon.core.webui.keyword.internal.WebUIKeywordMain.runKeyword(WebUIKeywordMain.groovy:26)
	at com.kms.katalon.core.webui.keyword.builtin.VerifyElementNotPresentKeyword.verifyElementNotPresent(VerifyElementNotPresentKeyword.groovy:118)
	at com.kms.katalon.core.webui.keyword.builtin.VerifyElementNotPresentKeyword.execute(VerifyElementNotPresentKeyword.groovy:68)
	at com.kms.katalon.core.keyword.internal.KeywordExecutor.executeKeywordForPlatform(KeywordExecutor.groovy:56)
	at com.kms.katalon.core.webui.keyword.WebUiBuiltInKeywords.verifyElementNotPresent(WebUiBuiltInKeywords.groovy:1467)
	at com.kms.katalon.core.webui.keyword.WebUiBuiltInKeywords$verifyElementNotPresent$6.call(Unknown Source)
	at TC11114.run(TC11114:46)
	at com.kms.katalon.core.main.ScriptEngine.run(ScriptEngine.java:194)
	at com.kms.katalon.core.main.ScriptEngine.runScriptAsRawText(ScriptEngine.java:119)
	at com.kms.katalon.core.main.TestCaseExecutor.runScript(TestCaseExecutor.java:331)
	at com.kms.katalon.core.main.TestCaseExecutor.doExecute(TestCaseExecutor.java:322)
	at com.kms.katalon.core.main.TestCaseExecutor.processExecutionPhase(TestCaseExecutor.java:301)
	at com.kms.katalon.core.main.TestCaseExecutor.accessMainPhase(TestCaseExecutor.java:293)
	at com.kms.katalon.core.main.TestCaseExecutor.execute(TestCaseExecutor.java:227)
	at com.kms.katalon.core.main.TestSuiteExecutor.accessTestCaseMainPhase(TestSuiteExecutor.java:129)
	at com.kms.katalon.core.main.TestSuiteExecutor.accessTestSuiteMainPhase(TestSuiteExecutor.java:112)
	at com.kms.katalon.core.main.TestSuiteExecutor.execute(TestSuiteExecutor.java:81)
	at com.kms.katalon.core.main.TestCaseMain.startTestSuite(TestCaseMain.java:157)
	at com.kms.katalon.core.main.TestCaseMain$startTestSuite$0.call(Unknown Source)
	at TempTestSuite1554275422234.run(TempTestSuite1554275422234.groovy:35)
Caused by: com.kms.katalon.core.exception.StepFailedException: Web element with id: 'Object Repository/Page_KiboEngage  Create Menu/button_Testing Webview (1) (1)' located by 'By.xpath: //button[(text() = 'Testing Webview' or . = 'Testing Webview')]' is present after '30' second(s)
	at com.kms.katalon.core.webui.keyword.internal.WebUIKeywordMain.stepFailed(WebUIKeywordMain.groovy:64)
	at com.kms.katalon.core.webui.keyword.builtin.VerifyElementNotPresentKeyword$_verifyElementNotPresent_closure1.doCall(VerifyElementNotPresentKeyword.groovy:107)
	at com.kms.katalon.core.webui.keyword.builtin.VerifyElementNotPresentKeyword$_verifyElementNotPresent_closure1.call(VerifyElementNotPresentKeyword.groovy)
	at com.kms.katalon.core.webui.keyword.internal.WebUIKeywordMain.runKeyword(WebUIKeywordMain.groovy:20)
	... 19 more]]></system-err>
      </testcase>
      <testcase name="Test Cases/Webview/TC11115" classname="Test Cases/Webview/TC11115" status="PASSED">
         <system-out><![CDATA[2019-04-03 12:30:12 - [TEST_CASE][PASSED] - Test Cases/Webview/TC11115: Test Cases/Webview/TC11115

2019-04-03 12:30:12 - [TEST_STEP][PASSED] - callTestCase(findTestCase("Persistent Menu/open_popover"), [:], STOP_ON_FAILURE): Call Test Case 'Test Cases/Persistent Menu/open_popover' successfully

2019-04-03 12:30:12 - [TEST_CASE][PASSED] - Test Cases/Persistent Menu/open_popover: Test Cases/Persistent Menu/open_popover

2019-04-03 12:30:12 - [TEST_STEP][PASSED] - callTestCase(findTestCase("Persistent Menu/Go_to_menu_item"), [:], STOP_ON_FAILURE): Call Test Case 'Test Cases/Persistent Menu/Go_to_menu_item' successfully

2019-04-03 12:30:12 - [TEST_CASE][PASSED] - Test Cases/Persistent Menu/Go_to_menu_item: Test Cases/Persistent Menu/Go_to_menu_item

2019-04-03 12:30:12 - [TEST_STEP][PASSED] - callTestCase(findTestCase("s-sidebar_navigation/individualAccount/Login_Muzamil"), [:], STOP_ON_FAILURE): Call Test Case 'Test Cases/s-sidebar_navigation/individualAccount/Login_Muzamil' successfully

2019-04-03 12:30:12 - [TEST_CASE][PASSED] - Test Cases/s-sidebar_navigation/individualAccount/Login_Muzamil: Test Cases/s-sidebar_navigation/individualAccount/Login_Muzamil

2019-04-03 12:30:12 - [TEST_STEP][PASSED] - openBrowser(""): Browser is opened with url: ''

2019-04-03 12:30:12 - [MESSAGE][WARNING] - A browser is already opened. Closing browser and opening a new one

2019-04-03 12:30:13 - [MESSAGE][INFO] - Starting 'Chrome' driver

2019-04-03 12:30:13 - [MESSAGE][PASSED] - Browser is opened with url: ''

2019-04-03 12:30:13 - [TEST_STEP][PASSED] - maximizeWindow(): Current window maximized

2019-04-03 12:30:13 - [MESSAGE][PASSED] - Current window maximized

2019-04-03 12:30:13 - [TEST_STEP][PASSED] - navigateToUrl("https://app.kibopush.com/"): Navigate to 'https://app.kibopush.com/' successfully

2019-04-03 12:30:26 - [MESSAGE][PASSED] - Navigate to 'https://app.kibopush.com/' successfully

2019-04-03 12:30:26 - [TEST_STEP][PASSED] - click(findTestObject("Page_CloudKibo/a_Login (2)")): Object: 'Object Repository/Page_CloudKibo/a_Login (2)' is clicked on

2019-04-03 12:30:27 - [MESSAGE][PASSED] - Object: 'Object Repository/Page_CloudKibo/a_Login (2)' is clicked on

2019-04-03 12:30:27 - [TEST_STEP][PASSED] - delay(2): Delayed 2 second(s)

2019-04-03 12:30:29 - [MESSAGE][PASSED] - Delayed 2 second(s)

2019-04-03 12:30:29 - [TEST_STEP][PASSED] - setText(findTestObject("Page_CloudKibo/input_Sign In_email (1)"), "muzamil.bukhari.39@gmail.com"): Text 'muzamil.bukhari.39@gmail.com' is set on object 'Object Repository/Page_CloudKibo/input_Sign In_email (1)'

2019-04-03 12:30:29 - [MESSAGE][PASSED] - Text 'muzamil.bukhari.39@gmail.com' is set on object 'Object Repository/Page_CloudKibo/input_Sign In_email (1)'

2019-04-03 12:30:29 - [TEST_STEP][PASSED] - setEncryptedText(findTestObject("Page_CloudKibo/input_Sign In_password (1)"), "ZOMPkeJIpHWb3LMKk986MQ=="): Text ****** has been set on object 'Object Repository/Page_CloudKibo/input_Sign In_password (1)'

2019-04-03 12:30:29 - [MESSAGE][PASSED] - Text ****** has been set on object 'Object Repository/Page_CloudKibo/input_Sign In_password (1)'

2019-04-03 12:30:29 - [TEST_STEP][PASSED] - delay(1): Delayed 1 second(s)

2019-04-03 12:30:30 - [MESSAGE][PASSED] - Delayed 1 second(s)

2019-04-03 12:30:30 - [TEST_STEP][PASSED] - click(findTestObject("Page_CloudKibo/button_Sign In (5)")): Object: 'Object Repository/Page_CloudKibo/button_Sign In (5)' is clicked on

2019-04-03 12:30:31 - [MESSAGE][PASSED] - Object: 'Object Repository/Page_CloudKibo/button_Sign In (5)' is clicked on

2019-04-03 12:30:31 - [TEST_STEP][PASSED] - delay(3): Delayed 3 second(s)

2019-04-03 12:30:34 - [MESSAGE][PASSED] - Delayed 3 second(s)

2019-04-03 12:30:34 - [TEST_STEP][PASSED] - click(findTestObject("Object Repository/Page_KiboEngage  Dashboard/h4_KIBOPUSH")): Object: 'Object Repository/Page_KiboEngage  Dashboard/h4_KIBOPUSH' is clicked on

2019-04-03 12:30:46 - [MESSAGE][PASSED] - Object: 'Object Repository/Page_KiboEngage  Dashboard/h4_KIBOPUSH' is clicked on

2019-04-03 12:30:46 - [MESSAGE][PASSED] - Call Test Case 'Test Cases/s-sidebar_navigation/individualAccount/Login_Muzamil' successfully

2019-04-03 12:30:46 - [TEST_STEP][PASSED] - click(findTestObject("Page_KiboPush  Dashboard/span_Manage Pages")): Object: 'Object Repository/Page_KiboPush  Dashboard/span_Manage Pages' is clicked on

2019-04-03 12:30:46 - [MESSAGE][PASSED] - Object: 'Object Repository/Page_KiboPush  Dashboard/span_Manage Pages' is clicked on

2019-04-03 12:30:46 - [TEST_STEP][PASSED] - delay(2): Delayed 2 second(s)

2019-04-03 12:30:48 - [MESSAGE][PASSED] - Delayed 2 second(s)

2019-04-03 12:30:48 - [TEST_STEP][PASSED] - click(findTestObject("Page_KiboPush  Dashboard/span_Persistent Menu")): Object: 'Object Repository/Page_KiboPush  Dashboard/span_Persistent Menu' is clicked on

2019-04-03 12:30:48 - [MESSAGE][PASSED] - Object: 'Object Repository/Page_KiboPush  Dashboard/span_Persistent Menu' is clicked on

2019-04-03 12:30:48 - [TEST_STEP][PASSED] - delay(2): Delayed 2 second(s)

2019-04-03 12:30:50 - [MESSAGE][PASSED] - Delayed 2 second(s)

2019-04-03 12:30:50 - [MESSAGE][PASSED] - Call Test Case 'Test Cases/Persistent Menu/Go_to_menu_item' successfully

2019-04-03 12:30:50 - [TEST_STEP][PASSED] - delay(2): Delayed 2 second(s)

2019-04-03 12:30:52 - [MESSAGE][PASSED] - Delayed 2 second(s)

2019-04-03 12:30:52 - [TEST_STEP][PASSED] - click(findTestObject("Page_KiboPush  Menu/open popover")): Object: 'Object Repository/Page_KiboPush  Menu/open popover' is clicked on

2019-04-03 12:30:52 - [MESSAGE][PASSED] - Object: 'Object Repository/Page_KiboPush  Menu/open popover' is clicked on

2019-04-03 12:30:52 - [TEST_STEP][PASSED] - delay(2): Delayed 2 second(s)

2019-04-03 12:30:54 - [MESSAGE][PASSED] - Delayed 2 second(s)

2019-04-03 12:30:54 - [MESSAGE][PASSED] - Call Test Case 'Test Cases/Persistent Menu/open_popover' successfully

2019-04-03 12:30:54 - [TEST_STEP][PASSED] - delay(1): Delayed 1 second(s)

2019-04-03 12:30:55 - [MESSAGE][PASSED] - Delayed 1 second(s)

2019-04-03 12:30:55 - [TEST_STEP][PASSED] - click(findTestObject("Page_KiboEngage  Menu/input_Open a submenu_replyWithMessage (1) (1)")): Object: 'Object Repository/Page_KiboEngage  Menu/input_Open a submenu_replyWithMessage (1) (1)' is clicked on

2019-04-03 12:30:55 - [MESSAGE][PASSED] - Object: 'Object Repository/Page_KiboEngage  Menu/input_Open a submenu_replyWithMessage (1) (1)' is clicked on

2019-04-03 12:30:55 - [TEST_STEP][PASSED] - delay(1): Delayed 1 second(s)

2019-04-03 12:30:56 - [MESSAGE][PASSED] - Delayed 1 second(s)

2019-04-03 12:30:56 - [TEST_STEP][PASSED] - click(findTestObject("Page_KiboEngage  Menu/a_Create Message (1) (1)")): Object: 'Object Repository/Page_KiboEngage  Menu/a_Create Message (1) (1)' is clicked on

2019-04-03 12:30:56 - [MESSAGE][PASSED] - Object: 'Object Repository/Page_KiboEngage  Menu/a_Create Message (1) (1)' is clicked on

2019-04-03 12:30:56 - [TEST_STEP][PASSED] - click(findTestObject("Page_KiboEngage  Create Menu/div_Card (1)")): Object: 'Object Repository/Page_KiboEngage  Create Menu/div_Card (1)' is clicked on

2019-04-03 12:30:56 - [MESSAGE][PASSED] - Object: 'Object Repository/Page_KiboEngage  Create Menu/div_Card (1)' is clicked on

2019-04-03 12:30:56 - [TEST_STEP][PASSED] - click(findTestObject("Page_KiboEngage  Create Menu/a_Add Action (1)")): Object: 'Object Repository/Page_KiboEngage  Create Menu/a_Add Action (1)' is clicked on

2019-04-03 12:30:56 - [MESSAGE][PASSED] - Object: 'Object Repository/Page_KiboEngage  Create Menu/a_Add Action (1)' is clicked on

2019-04-03 12:30:56 - [TEST_STEP][PASSED] - click(findTestObject("Page_KiboEngage  Create Menu/div_Open a webview (1)")): Object: 'Object Repository/Page_KiboEngage  Create Menu/div_Open a webview (1)' is clicked on

2019-04-03 12:30:57 - [MESSAGE][PASSED] - Object: 'Object Repository/Page_KiboEngage  Create Menu/div_Open a webview (1)' is clicked on

2019-04-03 12:30:57 - [TEST_STEP][PASSED] - setText(findTestObject("Page_KiboEngage  Create Menu/input_Url_form-control (2) (1)"), "https://kiboengage.cloudkibo.com"): Text 'https://kiboengage.cloudkibo.com' is set on object 'Object Repository/Page_KiboEngage  Create Menu/input_Url_form-control (2) (1)'

2019-04-03 12:30:57 - [MESSAGE][PASSED] - Text 'https://kiboengage.cloudkibo.com' is set on object 'Object Repository/Page_KiboEngage  Create Menu/input_Url_form-control (2) (1)'

2019-04-03 12:30:57 - [TEST_STEP][PASSED] - click(findTestObject("Page_KiboEngage  Create Menu/button_Done (3) (1)")): Object: 'Object Repository/Page_KiboEngage  Create Menu/button_Done (3) (1)' is clicked on

2019-04-03 12:30:57 - [MESSAGE][PASSED] - Object: 'Object Repository/Page_KiboEngage  Create Menu/button_Done (3) (1)' is clicked on

2019-04-03 12:30:57 - [TEST_STEP][PASSED] - setText(findTestObject("Page_KiboEngage  Create Menu/input_Message_form-control (1)"), "Test title"): Text 'Test title' is set on object 'Object Repository/Page_KiboEngage  Create Menu/input_Message_form-control (1)'

2019-04-03 12:30:58 - [MESSAGE][PASSED] - Text 'Test title' is set on object 'Object Repository/Page_KiboEngage  Create Menu/input_Message_form-control (1)'

2019-04-03 12:30:58 - [TEST_STEP][PASSED] - setText(findTestObject("Page_KiboEngage  Create Menu/Card_Subtitle_Textarea (1)"), "subtitle"): Text 'subtitle' is set on object 'Object Repository/Page_KiboEngage  Create Menu/Card_Subtitle_Textarea (1)'

2019-04-03 12:30:58 - [MESSAGE][PASSED] - Text 'subtitle' is set on object 'Object Repository/Page_KiboEngage  Create Menu/Card_Subtitle_Textarea (1)'

2019-04-03 12:30:58 - [TEST_STEP][PASSED] - img = getProjectDir() + "/sample.jpg": null

2019-04-03 12:30:58 - [TEST_STEP][PASSED] - delay(2): Delayed 2 second(s)

2019-04-03 12:31:00 - [MESSAGE][PASSED] - Delayed 2 second(s)

2019-04-03 12:31:00 - [TEST_STEP][PASSED] - uploadFile(findTestObject("Page_KiboEngage  Create Broadcast/Upload Image (1) (2) (1) (1) (1)"), img): File '/home/cloudkibo-muzamil/Downloads/Test cases/production/KiboPush/sample.jpg' sent to object: 'Object Repository/Page_KiboEngage  Create Broadcast/Upload Image (1) (2) (1) (1) (1)'

2019-04-03 12:31:00 - [MESSAGE][PASSED] - File '/home/cloudkibo-muzamil/Downloads/Test cases/production/KiboPush/sample.jpg' sent to object: 'Object Repository/Page_KiboEngage  Create Broadcast/Upload Image (1) (2) (1) (1) (1)'

2019-04-03 12:31:00 - [TEST_STEP][PASSED] - delay(10): Delayed 10 second(s)

2019-04-03 12:31:10 - [MESSAGE][PASSED] - Delayed 10 second(s)

2019-04-03 12:31:10 - [TEST_STEP][PASSED] - click(findTestObject("Page_KiboEngage  Create Menu/h4_KIBOPUSH (1)")): Object: 'Object Repository/Page_KiboEngage  Create Menu/h4_KIBOPUSH (1)' is clicked on

2019-04-03 12:31:10 - [MESSAGE][PASSED] - Object: 'Object Repository/Page_KiboEngage  Create Menu/h4_KIBOPUSH (1)' is clicked on

2019-04-03 12:31:10 - [TEST_STEP][PASSED] - delay(2): Delayed 2 second(s)

2019-04-03 12:31:12 - [MESSAGE][PASSED] - Delayed 2 second(s)

2019-04-03 12:31:12 - [TEST_STEP][PASSED] - click(findTestObject("Page_KiboEngage  Create Menu/h6_ Add Button (1)")): Object: 'Object Repository/Page_KiboEngage  Create Menu/h6_ Add Button (1)' is clicked on

2019-04-03 12:31:12 - [MESSAGE][PASSED] - Object: 'Object Repository/Page_KiboEngage  Create Menu/h6_ Add Button (1)' is clicked on

2019-04-03 12:31:12 - [TEST_STEP][PASSED] - click(findTestObject("Page_KiboEngage  Create Menu/h7_Add Share button")): Object: 'Object Repository/Page_KiboEngage  Create Menu/h7_Add Share button' is clicked on

2019-04-03 12:31:12 - [MESSAGE][PASSED] - Object: 'Object Repository/Page_KiboEngage  Create Menu/h7_Add Share button' is clicked on

2019-04-03 12:31:12 - [TEST_STEP][PASSED] - click(findTestObject("Page_KiboEngage  Create Menu/button_Done")): Object: 'Object Repository/Page_KiboEngage  Create Menu/button_Done' is clicked on

2019-04-03 12:31:12 - [MESSAGE][PASSED] - Object: 'Object Repository/Page_KiboEngage  Create Menu/button_Done' is clicked on

2019-04-03 12:31:12 - [TEST_STEP][PASSED] - delay(2): Delayed 2 second(s)

2019-04-03 12:31:14 - [MESSAGE][PASSED] - Delayed 2 second(s)

2019-04-03 12:31:14 - [TEST_STEP][PASSED] - click(findTestObject("Page_KiboEngage  Create Menu/button_Save (4) (1)")): Object: 'Object Repository/Page_KiboEngage  Create Menu/button_Save (4) (1)' is clicked on

2019-04-03 12:31:14 - [MESSAGE][PASSED] - Object: 'Object Repository/Page_KiboEngage  Create Menu/button_Save (4) (1)' is clicked on

2019-04-03 12:31:14 - [TEST_STEP][PASSED] - delay(1): Delayed 1 second(s)

2019-04-03 12:31:15 - [MESSAGE][PASSED] - Delayed 1 second(s)

2019-04-03 12:31:15 - [TEST_STEP][PASSED] - click(findTestObject("Page_KiboEngage  Create Menu/div_Message Saved Successfully (5) (1)")): Object: 'Object Repository/Page_KiboEngage  Create Menu/div_Message Saved Successfully (5) (1)' is clicked on

2019-04-03 12:31:15 - [MESSAGE][PASSED] - Object: 'Object Repository/Page_KiboEngage  Create Menu/div_Message Saved Successfully (5) (1)' is clicked on]]></system-out>
         <system-err><![CDATA[]]></system-err>
      </testcase>
      <testcase name="Test Cases/Webview/TC11116" classname="Test Cases/Webview/TC11116" status="PASSED">
         <system-out><![CDATA[2019-04-03 12:31:15 - [TEST_CASE][PASSED] - Test Cases/Webview/TC11116: Test Cases/Webview/TC11116

2019-04-03 12:31:15 - [TEST_STEP][PASSED] - callTestCase(findTestCase("Persistent Menu/open_popover"), [:], STOP_ON_FAILURE): Call Test Case 'Test Cases/Persistent Menu/open_popover' successfully

2019-04-03 12:31:15 - [TEST_CASE][PASSED] - Test Cases/Persistent Menu/open_popover: Test Cases/Persistent Menu/open_popover

2019-04-03 12:31:15 - [TEST_STEP][PASSED] - callTestCase(findTestCase("Persistent Menu/Go_to_menu_item"), [:], STOP_ON_FAILURE): Call Test Case 'Test Cases/Persistent Menu/Go_to_menu_item' successfully

2019-04-03 12:31:15 - [TEST_CASE][PASSED] - Test Cases/Persistent Menu/Go_to_menu_item: Test Cases/Persistent Menu/Go_to_menu_item

2019-04-03 12:31:15 - [TEST_STEP][PASSED] - callTestCase(findTestCase("s-sidebar_navigation/individualAccount/Login_Muzamil"), [:], STOP_ON_FAILURE): Call Test Case 'Test Cases/s-sidebar_navigation/individualAccount/Login_Muzamil' successfully

2019-04-03 12:31:16 - [TEST_CASE][PASSED] - Test Cases/s-sidebar_navigation/individualAccount/Login_Muzamil: Test Cases/s-sidebar_navigation/individualAccount/Login_Muzamil

2019-04-03 12:31:16 - [TEST_STEP][PASSED] - openBrowser(""): Browser is opened with url: ''

2019-04-03 12:31:16 - [MESSAGE][WARNING] - A browser is already opened. Closing browser and opening a new one

2019-04-03 12:31:16 - [MESSAGE][INFO] - Starting 'Chrome' driver

2019-04-03 12:31:16 - [MESSAGE][PASSED] - Browser is opened with url: ''

2019-04-03 12:31:16 - [TEST_STEP][PASSED] - maximizeWindow(): Current window maximized

2019-04-03 12:31:16 - [MESSAGE][PASSED] - Current window maximized

2019-04-03 12:31:16 - [TEST_STEP][PASSED] - navigateToUrl("https://app.kibopush.com/"): Navigate to 'https://app.kibopush.com/' successfully

2019-04-03 12:31:33 - [MESSAGE][PASSED] - Navigate to 'https://app.kibopush.com/' successfully

2019-04-03 12:31:33 - [TEST_STEP][PASSED] - click(findTestObject("Page_CloudKibo/a_Login (2)")): Object: 'Object Repository/Page_CloudKibo/a_Login (2)' is clicked on

2019-04-03 12:31:34 - [MESSAGE][PASSED] - Object: 'Object Repository/Page_CloudKibo/a_Login (2)' is clicked on

2019-04-03 12:31:34 - [TEST_STEP][PASSED] - delay(2): Delayed 2 second(s)

2019-04-03 12:31:36 - [MESSAGE][PASSED] - Delayed 2 second(s)

2019-04-03 12:31:36 - [TEST_STEP][PASSED] - setText(findTestObject("Page_CloudKibo/input_Sign In_email (1)"), "muzamil.bukhari.39@gmail.com"): Text 'muzamil.bukhari.39@gmail.com' is set on object 'Object Repository/Page_CloudKibo/input_Sign In_email (1)'

2019-04-03 12:31:36 - [MESSAGE][PASSED] - Text 'muzamil.bukhari.39@gmail.com' is set on object 'Object Repository/Page_CloudKibo/input_Sign In_email (1)'

2019-04-03 12:31:36 - [TEST_STEP][PASSED] - setEncryptedText(findTestObject("Page_CloudKibo/input_Sign In_password (1)"), "ZOMPkeJIpHWb3LMKk986MQ=="): Text ****** has been set on object 'Object Repository/Page_CloudKibo/input_Sign In_password (1)'

2019-04-03 12:31:36 - [MESSAGE][PASSED] - Text ****** has been set on object 'Object Repository/Page_CloudKibo/input_Sign In_password (1)'

2019-04-03 12:31:36 - [TEST_STEP][PASSED] - delay(1): Delayed 1 second(s)

2019-04-03 12:31:37 - [MESSAGE][PASSED] - Delayed 1 second(s)

2019-04-03 12:31:37 - [TEST_STEP][PASSED] - click(findTestObject("Page_CloudKibo/button_Sign In (5)")): Object: 'Object Repository/Page_CloudKibo/button_Sign In (5)' is clicked on

2019-04-03 12:31:37 - [MESSAGE][PASSED] - Object: 'Object Repository/Page_CloudKibo/button_Sign In (5)' is clicked on

2019-04-03 12:31:37 - [TEST_STEP][PASSED] - delay(3): Delayed 3 second(s)

2019-04-03 12:31:40 - [MESSAGE][PASSED] - Delayed 3 second(s)

2019-04-03 12:31:40 - [TEST_STEP][PASSED] - click(findTestObject("Object Repository/Page_KiboEngage  Dashboard/h4_KIBOPUSH")): Object: 'Object Repository/Page_KiboEngage  Dashboard/h4_KIBOPUSH' is clicked on

2019-04-03 12:32:39 - [MESSAGE][PASSED] - Object: 'Object Repository/Page_KiboEngage  Dashboard/h4_KIBOPUSH' is clicked on

2019-04-03 12:32:39 - [MESSAGE][PASSED] - Call Test Case 'Test Cases/s-sidebar_navigation/individualAccount/Login_Muzamil' successfully

2019-04-03 12:32:39 - [TEST_STEP][PASSED] - click(findTestObject("Page_KiboPush  Dashboard/span_Manage Pages")): Object: 'Object Repository/Page_KiboPush  Dashboard/span_Manage Pages' is clicked on

2019-04-03 12:32:39 - [MESSAGE][PASSED] - Object: 'Object Repository/Page_KiboPush  Dashboard/span_Manage Pages' is clicked on

2019-04-03 12:32:39 - [TEST_STEP][PASSED] - delay(2): Delayed 2 second(s)

2019-04-03 12:32:41 - [MESSAGE][PASSED] - Delayed 2 second(s)

2019-04-03 12:32:41 - [TEST_STEP][PASSED] - click(findTestObject("Page_KiboPush  Dashboard/span_Persistent Menu")): Object: 'Object Repository/Page_KiboPush  Dashboard/span_Persistent Menu' is clicked on

2019-04-03 12:32:41 - [MESSAGE][PASSED] - Object: 'Object Repository/Page_KiboPush  Dashboard/span_Persistent Menu' is clicked on

2019-04-03 12:32:41 - [TEST_STEP][PASSED] - delay(2): Delayed 2 second(s)

2019-04-03 12:32:43 - [MESSAGE][PASSED] - Delayed 2 second(s)

2019-04-03 12:32:43 - [MESSAGE][PASSED] - Call Test Case 'Test Cases/Persistent Menu/Go_to_menu_item' successfully

2019-04-03 12:32:43 - [TEST_STEP][PASSED] - delay(2): Delayed 2 second(s)

2019-04-03 12:32:45 - [MESSAGE][PASSED] - Delayed 2 second(s)

2019-04-03 12:32:45 - [TEST_STEP][PASSED] - click(findTestObject("Page_KiboPush  Menu/open popover")): Object: 'Object Repository/Page_KiboPush  Menu/open popover' is clicked on

2019-04-03 12:32:45 - [MESSAGE][PASSED] - Object: 'Object Repository/Page_KiboPush  Menu/open popover' is clicked on

2019-04-03 12:32:45 - [TEST_STEP][PASSED] - delay(2): Delayed 2 second(s)

2019-04-03 12:32:47 - [MESSAGE][PASSED] - Delayed 2 second(s)

2019-04-03 12:32:47 - [MESSAGE][PASSED] - Call Test Case 'Test Cases/Persistent Menu/open_popover' successfully

2019-04-03 12:32:47 - [TEST_STEP][PASSED] - delay(1): Delayed 1 second(s)

2019-04-03 12:32:48 - [MESSAGE][PASSED] - Delayed 1 second(s)

2019-04-03 12:32:48 - [TEST_STEP][PASSED] - click(findTestObject("Page_KiboEngage  Menu/input_Open a submenu_replyWithMessage (1) (1)")): Object: 'Object Repository/Page_KiboEngage  Menu/input_Open a submenu_replyWithMessage (1) (1)' is clicked on

2019-04-03 12:32:48 - [MESSAGE][PASSED] - Object: 'Object Repository/Page_KiboEngage  Menu/input_Open a submenu_replyWithMessage (1) (1)' is clicked on

2019-04-03 12:32:48 - [TEST_STEP][PASSED] - delay(1): Delayed 1 second(s)

2019-04-03 12:32:49 - [MESSAGE][PASSED] - Delayed 1 second(s)

2019-04-03 12:32:49 - [TEST_STEP][PASSED] - click(findTestObject("Page_KiboEngage  Menu/a_Create Message (1) (1)")): Object: 'Object Repository/Page_KiboEngage  Menu/a_Create Message (1) (1)' is clicked on

2019-04-03 12:32:49 - [MESSAGE][PASSED] - Object: 'Object Repository/Page_KiboEngage  Menu/a_Create Message (1) (1)' is clicked on

2019-04-03 12:32:49 - [TEST_STEP][PASSED] - click(findTestObject("Object Repository/Page_KiboEngage  Create Menu/div_Card (1) (1)")): Object: 'Object Repository/Page_KiboEngage  Create Menu/div_Card (1) (1)' is clicked on

2019-04-03 12:32:49 - [MESSAGE][PASSED] - Object: 'Object Repository/Page_KiboEngage  Create Menu/div_Card (1) (1)' is clicked on

2019-04-03 12:32:49 - [TEST_STEP][PASSED] - click(findTestObject("Object Repository/Page_KiboEngage  Create Menu/a_Add Action (1) (1)")): Object: 'Object Repository/Page_KiboEngage  Create Menu/a_Add Action (1) (1)' is clicked on

2019-04-03 12:32:49 - [MESSAGE][PASSED] - Object: 'Object Repository/Page_KiboEngage  Create Menu/a_Add Action (1) (1)' is clicked on

2019-04-03 12:32:49 - [TEST_STEP][PASSED] - click(findTestObject("Object Repository/Page_KiboEngage  Create Menu/div_Open a webview (1) (1)")): Object: 'Object Repository/Page_KiboEngage  Create Menu/div_Open a webview (1) (1)' is clicked on

2019-04-03 12:32:50 - [MESSAGE][PASSED] - Object: 'Object Repository/Page_KiboEngage  Create Menu/div_Open a webview (1) (1)' is clicked on

2019-04-03 12:32:50 - [TEST_STEP][PASSED] - setText(findTestObject("Object Repository/Page_KiboEngage  Create Menu/input_Url_form-control (2) (1) (1)"), "https://kiboengage.cloudkibo.com"): Text 'https://kiboengage.cloudkibo.com' is set on object 'Object Repository/Page_KiboEngage  Create Menu/input_Url_form-control (2) (1) (1)'

2019-04-03 12:32:50 - [MESSAGE][PASSED] - Text 'https://kiboengage.cloudkibo.com' is set on object 'Object Repository/Page_KiboEngage  Create Menu/input_Url_form-control (2) (1) (1)'

2019-04-03 12:32:50 - [TEST_STEP][PASSED] - click(findTestObject("Object Repository/Page_KiboEngage  Create Menu/button_Done (3) (1) (1)")): Object: 'Object Repository/Page_KiboEngage  Create Menu/button_Done (3) (1) (1)' is clicked on

2019-04-03 12:32:50 - [MESSAGE][PASSED] - Object: 'Object Repository/Page_KiboEngage  Create Menu/button_Done (3) (1) (1)' is clicked on

2019-04-03 12:32:50 - [TEST_STEP][PASSED] - delay(1): Delayed 1 second(s)

2019-04-03 12:32:51 - [MESSAGE][PASSED] - Delayed 1 second(s)

2019-04-03 12:32:51 - [TEST_STEP][PASSED] - setText(findTestObject("Object Repository/Page_KiboEngage  Create Menu/input_Message_form-control (1) (1)"), "Test title"): Text 'Test title' is set on object 'Object Repository/Page_KiboEngage  Create Menu/input_Message_form-control (1) (1)'

2019-04-03 12:32:51 - [MESSAGE][PASSED] - Text 'Test title' is set on object 'Object Repository/Page_KiboEngage  Create Menu/input_Message_form-control (1) (1)'

2019-04-03 12:32:51 - [TEST_STEP][PASSED] - setText(findTestObject("Object Repository/Page_KiboEngage  Create Menu/Card_Subtitle_Textarea (1) (1)"), "subtitle"): Text 'subtitle' is set on object 'Object Repository/Page_KiboEngage  Create Menu/Card_Subtitle_Textarea (1) (1)'

2019-04-03 12:32:52 - [MESSAGE][PASSED] - Text 'subtitle' is set on object 'Object Repository/Page_KiboEngage  Create Menu/Card_Subtitle_Textarea (1) (1)'

2019-04-03 12:32:52 - [TEST_STEP][PASSED] - img = getProjectDir() + "/sample.jpg": null

2019-04-03 12:32:52 - [TEST_STEP][PASSED] - delay(2): Delayed 2 second(s)

2019-04-03 12:32:54 - [MESSAGE][PASSED] - Delayed 2 second(s)

2019-04-03 12:32:54 - [TEST_STEP][PASSED] - uploadFile(findTestObject("Page_KiboEngage  Create Broadcast/Upload Image (1) (2) (1) (1) (1)"), img): File '/home/cloudkibo-muzamil/Downloads/Test cases/production/KiboPush/sample.jpg' sent to object: 'Object Repository/Page_KiboEngage  Create Broadcast/Upload Image (1) (2) (1) (1) (1)'

2019-04-03 12:32:54 - [MESSAGE][PASSED] - File '/home/cloudkibo-muzamil/Downloads/Test cases/production/KiboPush/sample.jpg' sent to object: 'Object Repository/Page_KiboEngage  Create Broadcast/Upload Image (1) (2) (1) (1) (1)'

2019-04-03 12:32:54 - [TEST_STEP][PASSED] - delay(10): Delayed 10 second(s)

2019-04-03 12:33:04 - [MESSAGE][PASSED] - Delayed 10 second(s)

2019-04-03 12:33:04 - [TEST_STEP][PASSED] - click(findTestObject("Object Repository/Page_KiboEngage  Create Menu/h4_KIBOPUSH (1) (1)")): Object: 'Object Repository/Page_KiboEngage  Create Menu/h4_KIBOPUSH (1) (1)' is clicked on

2019-04-03 12:33:04 - [MESSAGE][PASSED] - Object: 'Object Repository/Page_KiboEngage  Create Menu/h4_KIBOPUSH (1) (1)' is clicked on

2019-04-03 12:33:04 - [TEST_STEP][PASSED] - delay(2): Delayed 2 second(s)

2019-04-03 12:33:06 - [MESSAGE][PASSED] - Delayed 2 second(s)

2019-04-03 12:33:06 - [TEST_STEP][PASSED] - click(findTestObject("Object Repository/Page_KiboEngage  Create Menu/h6_ Add Button (1) (2)")): Object: 'Object Repository/Page_KiboEngage  Create Menu/h6_ Add Button (1) (2)' is clicked on

2019-04-03 12:33:06 - [MESSAGE][PASSED] - Object: 'Object Repository/Page_KiboEngage  Create Menu/h6_ Add Button (1) (2)' is clicked on

2019-04-03 12:33:06 - [TEST_STEP][PASSED] - click(findTestObject("Object Repository/Page_KiboEngage  Create Menu/h7_Add Share button (2)")): Object: 'Object Repository/Page_KiboEngage  Create Menu/h7_Add Share button (2)' is clicked on

2019-04-03 12:33:06 - [MESSAGE][PASSED] - Object: 'Object Repository/Page_KiboEngage  Create Menu/h7_Add Share button (2)' is clicked on

2019-04-03 12:33:06 - [TEST_STEP][PASSED] - click(findTestObject("Object Repository/Page_KiboEngage  Create Menu/button_Done (5)")): Object: 'Object Repository/Page_KiboEngage  Create Menu/button_Done (5)' is clicked on

2019-04-03 12:33:06 - [MESSAGE][PASSED] - Object: 'Object Repository/Page_KiboEngage  Create Menu/button_Done (5)' is clicked on

2019-04-03 12:33:06 - [TEST_STEP][PASSED] - delay(2): Delayed 2 second(s)

2019-04-03 12:33:08 - [MESSAGE][PASSED] - Delayed 2 second(s)

2019-04-03 12:33:08 - [TEST_STEP][PASSED] - click(findTestObject("Object Repository/Page_KiboEngage  Create Menu/a_Edit Action")): Object: 'Object Repository/Page_KiboEngage  Create Menu/a_Edit Action' is clicked on

2019-04-03 12:33:08 - [MESSAGE][PASSED] - Object: 'Object Repository/Page_KiboEngage  Create Menu/a_Edit Action' is clicked on

2019-04-03 12:33:08 - [TEST_STEP][PASSED] - selectOptionByValue(findTestObject("Object Repository/Page_KiboEngage  Create Menu/select_COMPACTTALLFULL"), "COMPACT", true): All options with value 'COMPACT' are selected in object 'Object Repository/Page_KiboEngage  Create Menu/select_COMPACTTALLFULL'  using regular expression

2019-04-03 12:33:08 - [MESSAGE][PASSED] - All options with value 'COMPACT' are selected in object 'Object Repository/Page_KiboEngage  Create Menu/select_COMPACTTALLFULL'  using regular expression

2019-04-03 12:33:08 - [TEST_STEP][PASSED] - click(findTestObject("Object Repository/Page_KiboEngage  Create Menu/button_Done (5)")): Object: 'Object Repository/Page_KiboEngage  Create Menu/button_Done (5)' is clicked on

2019-04-03 12:33:08 - [MESSAGE][PASSED] - Object: 'Object Repository/Page_KiboEngage  Create Menu/button_Done (5)' is clicked on

2019-04-03 12:33:08 - [TEST_STEP][PASSED] - delay(2): Delayed 2 second(s)

2019-04-03 12:33:10 - [MESSAGE][PASSED] - Delayed 2 second(s)

2019-04-03 12:33:10 - [TEST_STEP][PASSED] - click(findTestObject("Object Repository/Page_KiboEngage  Create Menu/button_Save (4) (1) (1)")): Object: 'Object Repository/Page_KiboEngage  Create Menu/button_Save (4) (1) (1)' is clicked on

2019-04-03 12:33:10 - [MESSAGE][PASSED] - Object: 'Object Repository/Page_KiboEngage  Create Menu/button_Save (4) (1) (1)' is clicked on

2019-04-03 12:33:10 - [TEST_STEP][PASSED] - delay(1): Delayed 1 second(s)

2019-04-03 12:33:11 - [MESSAGE][PASSED] - Delayed 1 second(s)

2019-04-03 12:33:11 - [TEST_STEP][PASSED] - click(findTestObject("Object Repository/Page_KiboEngage  Create Menu/div_Message Saved Successfully (5) (1) (1)")): Object: 'Object Repository/Page_KiboEngage  Create Menu/div_Message Saved Successfully (5) (1) (1)' is clicked on

2019-04-03 12:33:11 - [MESSAGE][PASSED] - Object: 'Object Repository/Page_KiboEngage  Create Menu/div_Message Saved Successfully (5) (1) (1)' is clicked on]]></system-out>
         <system-err><![CDATA[]]></system-err>
      </testcase>
      <testcase name="Test Cases/Webview/TC11117" classname="Test Cases/Webview/TC11117" status="PASSED">
         <system-out><![CDATA[2019-04-03 12:33:11 - [TEST_CASE][PASSED] - Test Cases/Webview/TC11117: Test Cases/Webview/TC11117

2019-04-03 12:33:11 - [TEST_STEP][PASSED] - callTestCase(findTestCase("Persistent Menu/open_popover"), [:], STOP_ON_FAILURE): Call Test Case 'Test Cases/Persistent Menu/open_popover' successfully

2019-04-03 12:33:12 - [TEST_CASE][PASSED] - Test Cases/Persistent Menu/open_popover: Test Cases/Persistent Menu/open_popover

2019-04-03 12:33:12 - [TEST_STEP][PASSED] - callTestCase(findTestCase("Persistent Menu/Go_to_menu_item"), [:], STOP_ON_FAILURE): Call Test Case 'Test Cases/Persistent Menu/Go_to_menu_item' successfully

2019-04-03 12:33:12 - [TEST_CASE][PASSED] - Test Cases/Persistent Menu/Go_to_menu_item: Test Cases/Persistent Menu/Go_to_menu_item

2019-04-03 12:33:12 - [TEST_STEP][PASSED] - callTestCase(findTestCase("s-sidebar_navigation/individualAccount/Login_Muzamil"), [:], STOP_ON_FAILURE): Call Test Case 'Test Cases/s-sidebar_navigation/individualAccount/Login_Muzamil' successfully

2019-04-03 12:33:12 - [TEST_CASE][PASSED] - Test Cases/s-sidebar_navigation/individualAccount/Login_Muzamil: Test Cases/s-sidebar_navigation/individualAccount/Login_Muzamil

2019-04-03 12:33:12 - [TEST_STEP][PASSED] - openBrowser(""): Browser is opened with url: ''

2019-04-03 12:33:12 - [MESSAGE][WARNING] - A browser is already opened. Closing browser and opening a new one

2019-04-03 12:33:12 - [MESSAGE][INFO] - Starting 'Chrome' driver

2019-04-03 12:33:12 - [MESSAGE][PASSED] - Browser is opened with url: ''

2019-04-03 12:33:12 - [TEST_STEP][PASSED] - maximizeWindow(): Current window maximized

2019-04-03 12:33:12 - [MESSAGE][PASSED] - Current window maximized

2019-04-03 12:33:12 - [TEST_STEP][PASSED] - navigateToUrl("https://app.kibopush.com/"): Navigate to 'https://app.kibopush.com/' successfully

2019-04-03 12:33:32 - [MESSAGE][PASSED] - Navigate to 'https://app.kibopush.com/' successfully

2019-04-03 12:33:32 - [TEST_STEP][PASSED] - click(findTestObject("Page_CloudKibo/a_Login (2)")): Object: 'Object Repository/Page_CloudKibo/a_Login (2)' is clicked on

2019-04-03 12:33:32 - [MESSAGE][PASSED] - Object: 'Object Repository/Page_CloudKibo/a_Login (2)' is clicked on

2019-04-03 12:33:32 - [TEST_STEP][PASSED] - delay(2): Delayed 2 second(s)

2019-04-03 12:33:34 - [MESSAGE][PASSED] - Delayed 2 second(s)

2019-04-03 12:33:34 - [TEST_STEP][PASSED] - setText(findTestObject("Page_CloudKibo/input_Sign In_email (1)"), "muzamil.bukhari.39@gmail.com"): Text 'muzamil.bukhari.39@gmail.com' is set on object 'Object Repository/Page_CloudKibo/input_Sign In_email (1)'

2019-04-03 12:33:35 - [MESSAGE][PASSED] - Text 'muzamil.bukhari.39@gmail.com' is set on object 'Object Repository/Page_CloudKibo/input_Sign In_email (1)'

2019-04-03 12:33:35 - [TEST_STEP][PASSED] - setEncryptedText(findTestObject("Page_CloudKibo/input_Sign In_password (1)"), "ZOMPkeJIpHWb3LMKk986MQ=="): Text ****** has been set on object 'Object Repository/Page_CloudKibo/input_Sign In_password (1)'

2019-04-03 12:33:35 - [MESSAGE][PASSED] - Text ****** has been set on object 'Object Repository/Page_CloudKibo/input_Sign In_password (1)'

2019-04-03 12:33:35 - [TEST_STEP][PASSED] - delay(1): Delayed 1 second(s)

2019-04-03 12:33:36 - [MESSAGE][PASSED] - Delayed 1 second(s)

2019-04-03 12:33:36 - [TEST_STEP][PASSED] - click(findTestObject("Page_CloudKibo/button_Sign In (5)")): Object: 'Object Repository/Page_CloudKibo/button_Sign In (5)' is clicked on

2019-04-03 12:33:36 - [MESSAGE][PASSED] - Object: 'Object Repository/Page_CloudKibo/button_Sign In (5)' is clicked on

2019-04-03 12:33:36 - [TEST_STEP][PASSED] - delay(3): Delayed 3 second(s)

2019-04-03 12:33:39 - [MESSAGE][PASSED] - Delayed 3 second(s)

2019-04-03 12:33:39 - [TEST_STEP][PASSED] - click(findTestObject("Object Repository/Page_KiboEngage  Dashboard/h4_KIBOPUSH")): Object: 'Object Repository/Page_KiboEngage  Dashboard/h4_KIBOPUSH' is clicked on

2019-04-03 12:34:03 - [MESSAGE][PASSED] - Object: 'Object Repository/Page_KiboEngage  Dashboard/h4_KIBOPUSH' is clicked on

2019-04-03 12:34:03 - [MESSAGE][PASSED] - Call Test Case 'Test Cases/s-sidebar_navigation/individualAccount/Login_Muzamil' successfully

2019-04-03 12:34:03 - [TEST_STEP][PASSED] - click(findTestObject("Page_KiboPush  Dashboard/span_Manage Pages")): Object: 'Object Repository/Page_KiboPush  Dashboard/span_Manage Pages' is clicked on

2019-04-03 12:34:03 - [MESSAGE][PASSED] - Object: 'Object Repository/Page_KiboPush  Dashboard/span_Manage Pages' is clicked on

2019-04-03 12:34:03 - [TEST_STEP][PASSED] - delay(2): Delayed 2 second(s)

2019-04-03 12:34:05 - [MESSAGE][PASSED] - Delayed 2 second(s)

2019-04-03 12:34:05 - [TEST_STEP][PASSED] - click(findTestObject("Page_KiboPush  Dashboard/span_Persistent Menu")): Object: 'Object Repository/Page_KiboPush  Dashboard/span_Persistent Menu' is clicked on

2019-04-03 12:34:05 - [MESSAGE][PASSED] - Object: 'Object Repository/Page_KiboPush  Dashboard/span_Persistent Menu' is clicked on

2019-04-03 12:34:05 - [TEST_STEP][PASSED] - delay(2): Delayed 2 second(s)

2019-04-03 12:34:07 - [MESSAGE][PASSED] - Delayed 2 second(s)

2019-04-03 12:34:07 - [MESSAGE][PASSED] - Call Test Case 'Test Cases/Persistent Menu/Go_to_menu_item' successfully

2019-04-03 12:34:07 - [TEST_STEP][PASSED] - delay(2): Delayed 2 second(s)

2019-04-03 12:34:09 - [MESSAGE][PASSED] - Delayed 2 second(s)

2019-04-03 12:34:09 - [TEST_STEP][PASSED] - click(findTestObject("Page_KiboPush  Menu/open popover")): Object: 'Object Repository/Page_KiboPush  Menu/open popover' is clicked on

2019-04-03 12:34:09 - [MESSAGE][PASSED] - Object: 'Object Repository/Page_KiboPush  Menu/open popover' is clicked on

2019-04-03 12:34:09 - [TEST_STEP][PASSED] - delay(2): Delayed 2 second(s)

2019-04-03 12:34:11 - [MESSAGE][PASSED] - Delayed 2 second(s)

2019-04-03 12:34:11 - [MESSAGE][PASSED] - Call Test Case 'Test Cases/Persistent Menu/open_popover' successfully

2019-04-03 12:34:11 - [TEST_STEP][PASSED] - delay(1): Delayed 1 second(s)

2019-04-03 12:34:12 - [MESSAGE][PASSED] - Delayed 1 second(s)

2019-04-03 12:34:12 - [TEST_STEP][PASSED] - click(findTestObject("Page_KiboEngage  Menu/input_Open a submenu_replyWithMessage (1) (1) (1)")): Object: 'Object Repository/Page_KiboEngage  Menu/input_Open a submenu_replyWithMessage (1) (1) (1)' is clicked on

2019-04-03 12:34:12 - [MESSAGE][PASSED] - Object: 'Object Repository/Page_KiboEngage  Menu/input_Open a submenu_replyWithMessage (1) (1) (1)' is clicked on

2019-04-03 12:34:12 - [TEST_STEP][PASSED] - delay(1): Delayed 1 second(s)

2019-04-03 12:34:13 - [MESSAGE][PASSED] - Delayed 1 second(s)

2019-04-03 12:34:13 - [TEST_STEP][PASSED] - click(findTestObject("Page_KiboEngage  Menu/a_Create Message (1) (1) (1)")): Object: 'Object Repository/Page_KiboEngage  Menu/a_Create Message (1) (1) (1)' is clicked on

2019-04-03 12:34:13 - [MESSAGE][PASSED] - Object: 'Object Repository/Page_KiboEngage  Menu/a_Create Message (1) (1) (1)' is clicked on

2019-04-03 12:34:13 - [TEST_STEP][PASSED] - click(findTestObject("Page_KiboEngage  Create Menu/div_List")): Object: 'Object Repository/Page_KiboEngage  Create Menu/div_List' is clicked on

2019-04-03 12:34:13 - [MESSAGE][PASSED] - Object: 'Object Repository/Page_KiboEngage  Create Menu/div_List' is clicked on

2019-04-03 12:34:13 - [TEST_STEP][PASSED] - setText(findTestObject("Page_KiboEngage  Create Menu/input_Message_form-control (2)"), "title1"): Text 'title1' is set on object 'Object Repository/Page_KiboEngage  Create Menu/input_Message_form-control (2)'

2019-04-03 12:34:13 - [MESSAGE][PASSED] - Text 'title1' is set on object 'Object Repository/Page_KiboEngage  Create Menu/input_Message_form-control (2)'

2019-04-03 12:34:13 - [TEST_STEP][PASSED] - setText(findTestObject("Page_KiboEngage  Create Menu/input_Add Action_form-control"), "title2"): Text 'title2' is set on object 'Object Repository/Page_KiboEngage  Create Menu/input_Add Action_form-control'

2019-04-03 12:34:14 - [MESSAGE][PASSED] - Text 'title2' is set on object 'Object Repository/Page_KiboEngage  Create Menu/input_Add Action_form-control'

2019-04-03 12:34:14 - [TEST_STEP][PASSED] - setText(findTestObject("Page_KiboEngage  Create Menu/Subtitle_List_Item1"), "subtitle1"): Text 'subtitle1' is set on object 'Object Repository/Page_KiboEngage  Create Menu/Subtitle_List_Item1'

2019-04-03 12:34:14 - [MESSAGE][PASSED] - Text 'subtitle1' is set on object 'Object Repository/Page_KiboEngage  Create Menu/Subtitle_List_Item1'

2019-04-03 12:34:14 - [TEST_STEP][PASSED] - setText(findTestObject("Page_KiboEngage  Create Menu/Subtitle_List_Item2"), "Subtitle2"): Text 'Subtitle2' is set on object 'Object Repository/Page_KiboEngage  Create Menu/Subtitle_List_Item2'

2019-04-03 12:34:14 - [MESSAGE][PASSED] - Text 'Subtitle2' is set on object 'Object Repository/Page_KiboEngage  Create Menu/Subtitle_List_Item2'

2019-04-03 12:34:14 - [TEST_STEP][PASSED] - click(findTestObject("Page_KiboEngage  Create Menu/a_Add Action (2)")): Object: 'Object Repository/Page_KiboEngage  Create Menu/a_Add Action (2)' is clicked on

2019-04-03 12:34:14 - [MESSAGE][PASSED] - Object: 'Object Repository/Page_KiboEngage  Create Menu/a_Add Action (2)' is clicked on

2019-04-03 12:34:14 - [TEST_STEP][PASSED] - click(findTestObject("Page_KiboEngage  Create Menu/div_Open a webview (2)")): Object: 'Object Repository/Page_KiboEngage  Create Menu/div_Open a webview (2)' is clicked on

2019-04-03 12:34:14 - [MESSAGE][PASSED] - Object: 'Object Repository/Page_KiboEngage  Create Menu/div_Open a webview (2)' is clicked on

2019-04-03 12:34:14 - [TEST_STEP][PASSED] - setText(findTestObject("Page_KiboEngage  Create Menu/input_Url_form-control (3)"), "https://kiboengage.cloudkibo.com"): Text 'https://kiboengage.cloudkibo.com' is set on object 'Object Repository/Page_KiboEngage  Create Menu/input_Url_form-control (3)'

2019-04-03 12:34:15 - [MESSAGE][PASSED] - Text 'https://kiboengage.cloudkibo.com' is set on object 'Object Repository/Page_KiboEngage  Create Menu/input_Url_form-control (3)'

2019-04-03 12:34:15 - [TEST_STEP][PASSED] - click(findTestObject("Page_KiboEngage  Create Menu/button_Done (6)")): Object: 'Object Repository/Page_KiboEngage  Create Menu/button_Done (6)' is clicked on

2019-04-03 12:34:15 - [MESSAGE][PASSED] - Object: 'Object Repository/Page_KiboEngage  Create Menu/button_Done (6)' is clicked on

2019-04-03 12:34:15 - [TEST_STEP][PASSED] - click(findTestObject("Page_KiboEngage  Create Menu/a_Add Action_1")): Object: 'Object Repository/Page_KiboEngage  Create Menu/a_Add Action_1' is clicked on

2019-04-03 12:34:15 - [MESSAGE][PASSED] - Object: 'Object Repository/Page_KiboEngage  Create Menu/a_Add Action_1' is clicked on

2019-04-03 12:34:15 - [TEST_STEP][PASSED] - click(findTestObject("Page_KiboEngage  Create Menu/div_Open a webview (2)")): Object: 'Object Repository/Page_KiboEngage  Create Menu/div_Open a webview (2)' is clicked on

2019-04-03 12:34:15 - [MESSAGE][PASSED] - Object: 'Object Repository/Page_KiboEngage  Create Menu/div_Open a webview (2)' is clicked on

2019-04-03 12:34:15 - [TEST_STEP][PASSED] - setText(findTestObject("Page_KiboEngage  Create Menu/input_Url_form-control (3)"), "https://kiboengage.cloudkibo.com"): Text 'https://kiboengage.cloudkibo.com' is set on object 'Object Repository/Page_KiboEngage  Create Menu/input_Url_form-control (3)'

2019-04-03 12:34:16 - [MESSAGE][PASSED] - Text 'https://kiboengage.cloudkibo.com' is set on object 'Object Repository/Page_KiboEngage  Create Menu/input_Url_form-control (3)'

2019-04-03 12:34:16 - [TEST_STEP][PASSED] - click(findTestObject("Page_KiboEngage  Create Menu/button_Done (6)")): Object: 'Object Repository/Page_KiboEngage  Create Menu/button_Done (6)' is clicked on

2019-04-03 12:34:16 - [MESSAGE][PASSED] - Object: 'Object Repository/Page_KiboEngage  Create Menu/button_Done (6)' is clicked on

2019-04-03 12:34:16 - [TEST_STEP][PASSED] - delay(1): Delayed 1 second(s)

2019-04-03 12:34:17 - [MESSAGE][PASSED] - Delayed 1 second(s)

2019-04-03 12:34:17 - [TEST_STEP][PASSED] - img = getProjectDir() + "/sample.jpg": null

2019-04-03 12:34:17 - [TEST_STEP][PASSED] - delay(2): Delayed 2 second(s)

2019-04-03 12:34:19 - [MESSAGE][PASSED] - Delayed 2 second(s)

2019-04-03 12:34:19 - [TEST_STEP][PASSED] - uploadFile(findTestObject("Page_KiboEngage  Create Broadcast/Upload_Image_List_Item1 (1)"), img): File '/home/cloudkibo-muzamil/Downloads/Test cases/production/KiboPush/sample.jpg' sent to object: 'Object Repository/Page_KiboEngage  Create Broadcast/Upload_Image_List_Item1 (1)'

2019-04-03 12:34:19 - [MESSAGE][PASSED] - File '/home/cloudkibo-muzamil/Downloads/Test cases/production/KiboPush/sample.jpg' sent to object: 'Object Repository/Page_KiboEngage  Create Broadcast/Upload_Image_List_Item1 (1)'

2019-04-03 12:34:19 - [TEST_STEP][PASSED] - delay(10): Delayed 10 second(s)

2019-04-03 12:34:29 - [MESSAGE][PASSED] - Delayed 10 second(s)

2019-04-03 12:34:29 - [TEST_STEP][PASSED] - click(findTestObject("Object Repository/Page_KiboEngage  Create Menu/h4_KIBOPUSH (1) (1)")): Object: 'Object Repository/Page_KiboEngage  Create Menu/h4_KIBOPUSH (1) (1)' is clicked on

2019-04-03 12:34:29 - [MESSAGE][PASSED] - Object: 'Object Repository/Page_KiboEngage  Create Menu/h4_KIBOPUSH (1) (1)' is clicked on

2019-04-03 12:34:29 - [TEST_STEP][PASSED] - delay(2): Delayed 2 second(s)

2019-04-03 12:34:31 - [MESSAGE][PASSED] - Delayed 2 second(s)

2019-04-03 12:34:31 - [TEST_STEP][PASSED] - img2 = getProjectDir() + "/sample.jpg": null

2019-04-03 12:34:31 - [TEST_STEP][PASSED] - delay(2): Delayed 2 second(s)

2019-04-03 12:34:33 - [MESSAGE][PASSED] - Delayed 2 second(s)

2019-04-03 12:34:33 - [TEST_STEP][PASSED] - uploadFile(findTestObject("Page_KiboEngage  Create Broadcast/Upload_Image_List_Item2 (1)"), img2): File '/home/cloudkibo-muzamil/Downloads/Test cases/production/KiboPush/sample.jpg' sent to object: 'Object Repository/Page_KiboEngage  Create Broadcast/Upload_Image_List_Item2 (1)'

2019-04-03 12:34:33 - [MESSAGE][PASSED] - File '/home/cloudkibo-muzamil/Downloads/Test cases/production/KiboPush/sample.jpg' sent to object: 'Object Repository/Page_KiboEngage  Create Broadcast/Upload_Image_List_Item2 (1)'

2019-04-03 12:34:33 - [TEST_STEP][PASSED] - delay(10): Delayed 10 second(s)

2019-04-03 12:34:43 - [MESSAGE][PASSED] - Delayed 10 second(s)

2019-04-03 12:34:43 - [TEST_STEP][PASSED] - click(findTestObject("Object Repository/Page_KiboEngage  Create Menu/h4_KIBOPUSH (1) (1)")): Object: 'Object Repository/Page_KiboEngage  Create Menu/h4_KIBOPUSH (1) (1)' is clicked on

2019-04-03 12:34:43 - [MESSAGE][PASSED] - Object: 'Object Repository/Page_KiboEngage  Create Menu/h4_KIBOPUSH (1) (1)' is clicked on

2019-04-03 12:34:43 - [TEST_STEP][PASSED] - click(findTestObject("Page_KiboEngage  Create Menu/button_Save (5)")): Object: 'Object Repository/Page_KiboEngage  Create Menu/button_Save (5)' is clicked on

2019-04-03 12:34:43 - [MESSAGE][PASSED] - Object: 'Object Repository/Page_KiboEngage  Create Menu/button_Save (5)' is clicked on

2019-04-03 12:34:43 - [TEST_STEP][PASSED] - click(findTestObject("Page_KiboEngage  Create Menu/div_Message Saved Successfully (6)")): Object: 'Object Repository/Page_KiboEngage  Create Menu/div_Message Saved Successfully (6)' is clicked on

2019-04-03 12:34:43 - [MESSAGE][PASSED] - Object: 'Object Repository/Page_KiboEngage  Create Menu/div_Message Saved Successfully (6)' is clicked on]]></system-out>
         <system-err><![CDATA[]]></system-err>
      </testcase>
      <testcase name="Test Cases/Webview/TC11118" classname="Test Cases/Webview/TC11118" status="PASSED">
         <system-out><![CDATA[2019-04-03 12:34:43 - [TEST_CASE][PASSED] - Test Cases/Webview/TC11118: Test Cases/Webview/TC11118

2019-04-03 12:34:43 - [TEST_STEP][PASSED] - callTestCase(findTestCase("Persistent Menu/open_popover"), [:], STOP_ON_FAILURE): Call Test Case 'Test Cases/Persistent Menu/open_popover' successfully

2019-04-03 12:34:43 - [TEST_CASE][PASSED] - Test Cases/Persistent Menu/open_popover: Test Cases/Persistent Menu/open_popover

2019-04-03 12:34:43 - [TEST_STEP][PASSED] - callTestCase(findTestCase("Persistent Menu/Go_to_menu_item"), [:], STOP_ON_FAILURE): Call Test Case 'Test Cases/Persistent Menu/Go_to_menu_item' successfully

2019-04-03 12:34:43 - [TEST_CASE][PASSED] - Test Cases/Persistent Menu/Go_to_menu_item: Test Cases/Persistent Menu/Go_to_menu_item

2019-04-03 12:34:43 - [TEST_STEP][PASSED] - callTestCase(findTestCase("s-sidebar_navigation/individualAccount/Login_Muzamil"), [:], STOP_ON_FAILURE): Call Test Case 'Test Cases/s-sidebar_navigation/individualAccount/Login_Muzamil' successfully

2019-04-03 12:34:44 - [TEST_CASE][PASSED] - Test Cases/s-sidebar_navigation/individualAccount/Login_Muzamil: Test Cases/s-sidebar_navigation/individualAccount/Login_Muzamil

2019-04-03 12:34:44 - [TEST_STEP][PASSED] - openBrowser(""): Browser is opened with url: ''

2019-04-03 12:34:44 - [MESSAGE][WARNING] - A browser is already opened. Closing browser and opening a new one

2019-04-03 12:34:44 - [MESSAGE][INFO] - Starting 'Chrome' driver

2019-04-03 12:34:44 - [MESSAGE][PASSED] - Browser is opened with url: ''

2019-04-03 12:34:44 - [TEST_STEP][PASSED] - maximizeWindow(): Current window maximized

2019-04-03 12:34:44 - [MESSAGE][PASSED] - Current window maximized

2019-04-03 12:34:44 - [TEST_STEP][PASSED] - navigateToUrl("https://app.kibopush.com/"): Navigate to 'https://app.kibopush.com/' successfully

2019-04-03 12:35:04 - [MESSAGE][PASSED] - Navigate to 'https://app.kibopush.com/' successfully

2019-04-03 12:35:04 - [TEST_STEP][PASSED] - click(findTestObject("Page_CloudKibo/a_Login (2)")): Object: 'Object Repository/Page_CloudKibo/a_Login (2)' is clicked on

2019-04-03 12:35:05 - [MESSAGE][PASSED] - Object: 'Object Repository/Page_CloudKibo/a_Login (2)' is clicked on

2019-04-03 12:35:05 - [TEST_STEP][PASSED] - delay(2): Delayed 2 second(s)

2019-04-03 12:35:07 - [MESSAGE][PASSED] - Delayed 2 second(s)

2019-04-03 12:35:07 - [TEST_STEP][PASSED] - setText(findTestObject("Page_CloudKibo/input_Sign In_email (1)"), "muzamil.bukhari.39@gmail.com"): Text 'muzamil.bukhari.39@gmail.com' is set on object 'Object Repository/Page_CloudKibo/input_Sign In_email (1)'

2019-04-03 12:35:07 - [MESSAGE][PASSED] - Text 'muzamil.bukhari.39@gmail.com' is set on object 'Object Repository/Page_CloudKibo/input_Sign In_email (1)'

2019-04-03 12:35:07 - [TEST_STEP][PASSED] - setEncryptedText(findTestObject("Page_CloudKibo/input_Sign In_password (1)"), "ZOMPkeJIpHWb3LMKk986MQ=="): Text ****** has been set on object 'Object Repository/Page_CloudKibo/input_Sign In_password (1)'

2019-04-03 12:35:07 - [MESSAGE][PASSED] - Text ****** has been set on object 'Object Repository/Page_CloudKibo/input_Sign In_password (1)'

2019-04-03 12:35:07 - [TEST_STEP][PASSED] - delay(1): Delayed 1 second(s)

2019-04-03 12:35:08 - [MESSAGE][PASSED] - Delayed 1 second(s)

2019-04-03 12:35:08 - [TEST_STEP][PASSED] - click(findTestObject("Page_CloudKibo/button_Sign In (5)")): Object: 'Object Repository/Page_CloudKibo/button_Sign In (5)' is clicked on

2019-04-03 12:35:08 - [MESSAGE][PASSED] - Object: 'Object Repository/Page_CloudKibo/button_Sign In (5)' is clicked on

2019-04-03 12:35:08 - [TEST_STEP][PASSED] - delay(3): Delayed 3 second(s)

2019-04-03 12:35:11 - [MESSAGE][PASSED] - Delayed 3 second(s)

2019-04-03 12:35:11 - [TEST_STEP][PASSED] - click(findTestObject("Object Repository/Page_KiboEngage  Dashboard/h4_KIBOPUSH")): Object: 'Object Repository/Page_KiboEngage  Dashboard/h4_KIBOPUSH' is clicked on

2019-04-03 12:35:30 - [MESSAGE][PASSED] - Object: 'Object Repository/Page_KiboEngage  Dashboard/h4_KIBOPUSH' is clicked on

2019-04-03 12:35:30 - [MESSAGE][PASSED] - Call Test Case 'Test Cases/s-sidebar_navigation/individualAccount/Login_Muzamil' successfully

2019-04-03 12:35:30 - [TEST_STEP][PASSED] - click(findTestObject("Page_KiboPush  Dashboard/span_Manage Pages")): Object: 'Object Repository/Page_KiboPush  Dashboard/span_Manage Pages' is clicked on

2019-04-03 12:35:30 - [MESSAGE][PASSED] - Object: 'Object Repository/Page_KiboPush  Dashboard/span_Manage Pages' is clicked on

2019-04-03 12:35:30 - [TEST_STEP][PASSED] - delay(2): Delayed 2 second(s)

2019-04-03 12:35:32 - [MESSAGE][PASSED] - Delayed 2 second(s)

2019-04-03 12:35:32 - [TEST_STEP][PASSED] - click(findTestObject("Page_KiboPush  Dashboard/span_Persistent Menu")): Object: 'Object Repository/Page_KiboPush  Dashboard/span_Persistent Menu' is clicked on

2019-04-03 12:35:32 - [MESSAGE][PASSED] - Object: 'Object Repository/Page_KiboPush  Dashboard/span_Persistent Menu' is clicked on

2019-04-03 12:35:32 - [TEST_STEP][PASSED] - delay(2): Delayed 2 second(s)

2019-04-03 12:35:34 - [MESSAGE][PASSED] - Delayed 2 second(s)

2019-04-03 12:35:34 - [MESSAGE][PASSED] - Call Test Case 'Test Cases/Persistent Menu/Go_to_menu_item' successfully

2019-04-03 12:35:34 - [TEST_STEP][PASSED] - delay(2): Delayed 2 second(s)

2019-04-03 12:35:36 - [MESSAGE][PASSED] - Delayed 2 second(s)

2019-04-03 12:35:36 - [TEST_STEP][PASSED] - click(findTestObject("Page_KiboPush  Menu/open popover")): Object: 'Object Repository/Page_KiboPush  Menu/open popover' is clicked on

2019-04-03 12:35:37 - [MESSAGE][PASSED] - Object: 'Object Repository/Page_KiboPush  Menu/open popover' is clicked on

2019-04-03 12:35:37 - [TEST_STEP][PASSED] - delay(2): Delayed 2 second(s)

2019-04-03 12:35:39 - [MESSAGE][PASSED] - Delayed 2 second(s)

2019-04-03 12:35:39 - [MESSAGE][PASSED] - Call Test Case 'Test Cases/Persistent Menu/open_popover' successfully

2019-04-03 12:35:39 - [TEST_STEP][PASSED] - delay(1): Delayed 1 second(s)

2019-04-03 12:35:40 - [MESSAGE][PASSED] - Delayed 1 second(s)

2019-04-03 12:35:40 - [TEST_STEP][PASSED] - click(findTestObject("Page_KiboEngage  Menu/input_Open a submenu_replyWithMessage (1) (1) (1)")): Object: 'Object Repository/Page_KiboEngage  Menu/input_Open a submenu_replyWithMessage (1) (1) (1)' is clicked on

2019-04-03 12:35:40 - [MESSAGE][PASSED] - Object: 'Object Repository/Page_KiboEngage  Menu/input_Open a submenu_replyWithMessage (1) (1) (1)' is clicked on

2019-04-03 12:35:40 - [TEST_STEP][PASSED] - delay(1): Delayed 1 second(s)

2019-04-03 12:35:41 - [MESSAGE][PASSED] - Delayed 1 second(s)

2019-04-03 12:35:41 - [TEST_STEP][PASSED] - click(findTestObject("Page_KiboEngage  Menu/a_Create Message (1) (1) (1)")): Object: 'Object Repository/Page_KiboEngage  Menu/a_Create Message (1) (1) (1)' is clicked on

2019-04-03 12:35:41 - [MESSAGE][PASSED] - Object: 'Object Repository/Page_KiboEngage  Menu/a_Create Message (1) (1) (1)' is clicked on

2019-04-03 12:35:41 - [TEST_STEP][PASSED] - click(findTestObject("Page_KiboEngage  Create Menu/div_List (1)")): Object: 'Object Repository/Page_KiboEngage  Create Menu/div_List (1)' is clicked on

2019-04-03 12:35:41 - [MESSAGE][PASSED] - Object: 'Object Repository/Page_KiboEngage  Create Menu/div_List (1)' is clicked on

2019-04-03 12:35:41 - [TEST_STEP][PASSED] - setText(findTestObject("Page_KiboEngage  Create Menu/input_Message_form-control (2) (1)"), "title1"): Text 'title1' is set on object 'Object Repository/Page_KiboEngage  Create Menu/input_Message_form-control (2) (1)'

2019-04-03 12:35:41 - [MESSAGE][PASSED] - Text 'title1' is set on object 'Object Repository/Page_KiboEngage  Create Menu/input_Message_form-control (2) (1)'

2019-04-03 12:35:41 - [TEST_STEP][PASSED] - setText(findTestObject("Page_KiboEngage  Create Menu/input_Add Action_form-control (1)"), "title2"): Text 'title2' is set on object 'Object Repository/Page_KiboEngage  Create Menu/input_Add Action_form-control (1)'

2019-04-03 12:35:41 - [MESSAGE][PASSED] - Text 'title2' is set on object 'Object Repository/Page_KiboEngage  Create Menu/input_Add Action_form-control (1)'

2019-04-03 12:35:41 - [TEST_STEP][PASSED] - setText(findTestObject("Page_KiboEngage  Create Menu/Subtitle_List_Item1 (1)"), "subtitle1"): Text 'subtitle1' is set on object 'Object Repository/Page_KiboEngage  Create Menu/Subtitle_List_Item1 (1)'

2019-04-03 12:35:42 - [MESSAGE][PASSED] - Text 'subtitle1' is set on object 'Object Repository/Page_KiboEngage  Create Menu/Subtitle_List_Item1 (1)'

2019-04-03 12:35:42 - [TEST_STEP][PASSED] - setText(findTestObject("Page_KiboEngage  Create Menu/Subtitle_List_Item2 (1)"), "Subtitle2"): Text 'Subtitle2' is set on object 'Object Repository/Page_KiboEngage  Create Menu/Subtitle_List_Item2 (1)'

2019-04-03 12:35:42 - [MESSAGE][PASSED] - Text 'Subtitle2' is set on object 'Object Repository/Page_KiboEngage  Create Menu/Subtitle_List_Item2 (1)'

2019-04-03 12:35:42 - [TEST_STEP][PASSED] - click(findTestObject("Page_KiboEngage  Create Menu/a_Add Action (2) (1)")): Object: 'Object Repository/Page_KiboEngage  Create Menu/a_Add Action (2) (1)' is clicked on

2019-04-03 12:35:42 - [MESSAGE][PASSED] - Object: 'Object Repository/Page_KiboEngage  Create Menu/a_Add Action (2) (1)' is clicked on

2019-04-03 12:35:42 - [TEST_STEP][PASSED] - click(findTestObject("Page_KiboEngage  Create Menu/div_Open a webview (2) (1)")): Object: 'Object Repository/Page_KiboEngage  Create Menu/div_Open a webview (2) (1)' is clicked on

2019-04-03 12:35:42 - [MESSAGE][PASSED] - Object: 'Object Repository/Page_KiboEngage  Create Menu/div_Open a webview (2) (1)' is clicked on

2019-04-03 12:35:42 - [TEST_STEP][PASSED] - setText(findTestObject("Page_KiboEngage  Create Menu/input_Url_form-control (3) (1)"), "https://kiboengage.cloudkibo.com"): Text 'https://kiboengage.cloudkibo.com' is set on object 'Object Repository/Page_KiboEngage  Create Menu/input_Url_form-control (3) (1)'

2019-04-03 12:35:43 - [MESSAGE][PASSED] - Text 'https://kiboengage.cloudkibo.com' is set on object 'Object Repository/Page_KiboEngage  Create Menu/input_Url_form-control (3) (1)'

2019-04-03 12:35:43 - [TEST_STEP][PASSED] - click(findTestObject("Page_KiboEngage  Create Menu/button_Done (6) (1)")): Object: 'Object Repository/Page_KiboEngage  Create Menu/button_Done (6) (1)' is clicked on

2019-04-03 12:35:43 - [MESSAGE][PASSED] - Object: 'Object Repository/Page_KiboEngage  Create Menu/button_Done (6) (1)' is clicked on

2019-04-03 12:35:43 - [TEST_STEP][PASSED] - click(findTestObject("Page_KiboEngage  Create Menu/a_Add Action_1 (1)")): Object: 'Object Repository/Page_KiboEngage  Create Menu/a_Add Action_1 (1)' is clicked on

2019-04-03 12:35:43 - [MESSAGE][PASSED] - Object: 'Object Repository/Page_KiboEngage  Create Menu/a_Add Action_1 (1)' is clicked on

2019-04-03 12:35:43 - [TEST_STEP][PASSED] - click(findTestObject("Page_KiboEngage  Create Menu/div_Open a webview (2) (1)")): Object: 'Object Repository/Page_KiboEngage  Create Menu/div_Open a webview (2) (1)' is clicked on

2019-04-03 12:35:43 - [MESSAGE][PASSED] - Object: 'Object Repository/Page_KiboEngage  Create Menu/div_Open a webview (2) (1)' is clicked on

2019-04-03 12:35:43 - [TEST_STEP][PASSED] - setText(findTestObject("Page_KiboEngage  Create Menu/input_Url_form-control (3) (1)"), "https://kiboengage.cloudkibo.com"): Text 'https://kiboengage.cloudkibo.com' is set on object 'Object Repository/Page_KiboEngage  Create Menu/input_Url_form-control (3) (1)'

2019-04-03 12:35:43 - [MESSAGE][PASSED] - Text 'https://kiboengage.cloudkibo.com' is set on object 'Object Repository/Page_KiboEngage  Create Menu/input_Url_form-control (3) (1)'

2019-04-03 12:35:43 - [TEST_STEP][PASSED] - click(findTestObject("Page_KiboEngage  Create Menu/button_Done (6) (1)")): Object: 'Object Repository/Page_KiboEngage  Create Menu/button_Done (6) (1)' is clicked on

2019-04-03 12:35:44 - [MESSAGE][PASSED] - Object: 'Object Repository/Page_KiboEngage  Create Menu/button_Done (6) (1)' is clicked on

2019-04-03 12:35:44 - [TEST_STEP][PASSED] - delay(1): Delayed 1 second(s)

2019-04-03 12:35:45 - [MESSAGE][PASSED] - Delayed 1 second(s)

2019-04-03 12:35:45 - [TEST_STEP][PASSED] - img = getProjectDir() + "/sample.jpg": null

2019-04-03 12:35:45 - [TEST_STEP][PASSED] - delay(2): Delayed 2 second(s)

2019-04-03 12:35:47 - [MESSAGE][PASSED] - Delayed 2 second(s)

2019-04-03 12:35:47 - [TEST_STEP][PASSED] - uploadFile(findTestObject("Page_KiboEngage  Create Broadcast/Upload_Image_List_Item1 (1)"), img): File '/home/cloudkibo-muzamil/Downloads/Test cases/production/KiboPush/sample.jpg' sent to object: 'Object Repository/Page_KiboEngage  Create Broadcast/Upload_Image_List_Item1 (1)'

2019-04-03 12:35:47 - [MESSAGE][PASSED] - File '/home/cloudkibo-muzamil/Downloads/Test cases/production/KiboPush/sample.jpg' sent to object: 'Object Repository/Page_KiboEngage  Create Broadcast/Upload_Image_List_Item1 (1)'

2019-04-03 12:35:47 - [TEST_STEP][PASSED] - delay(10): Delayed 10 second(s)

2019-04-03 12:35:57 - [MESSAGE][PASSED] - Delayed 10 second(s)

2019-04-03 12:35:57 - [TEST_STEP][PASSED] - click(findTestObject("Page_KiboEngage  Create Menu/h4_KIBOPUSH (1) (1) (1)")): Object: 'Object Repository/Page_KiboEngage  Create Menu/h4_KIBOPUSH (1) (1) (1)' is clicked on

2019-04-03 12:35:57 - [MESSAGE][PASSED] - Object: 'Object Repository/Page_KiboEngage  Create Menu/h4_KIBOPUSH (1) (1) (1)' is clicked on

2019-04-03 12:35:57 - [TEST_STEP][PASSED] - delay(2): Delayed 2 second(s)

2019-04-03 12:35:59 - [MESSAGE][PASSED] - Delayed 2 second(s)

2019-04-03 12:35:59 - [TEST_STEP][PASSED] - img2 = getProjectDir() + "/sample.jpg": null

2019-04-03 12:35:59 - [TEST_STEP][PASSED] - delay(2): Delayed 2 second(s)

2019-04-03 12:36:01 - [MESSAGE][PASSED] - Delayed 2 second(s)

2019-04-03 12:36:01 - [TEST_STEP][PASSED] - uploadFile(findTestObject("Page_KiboEngage  Create Broadcast/Upload_Image_List_Item2 (1)"), img2): File '/home/cloudkibo-muzamil/Downloads/Test cases/production/KiboPush/sample.jpg' sent to object: 'Object Repository/Page_KiboEngage  Create Broadcast/Upload_Image_List_Item2 (1)'

2019-04-03 12:36:01 - [MESSAGE][PASSED] - File '/home/cloudkibo-muzamil/Downloads/Test cases/production/KiboPush/sample.jpg' sent to object: 'Object Repository/Page_KiboEngage  Create Broadcast/Upload_Image_List_Item2 (1)'

2019-04-03 12:36:01 - [TEST_STEP][PASSED] - delay(10): Delayed 10 second(s)

2019-04-03 12:36:11 - [MESSAGE][PASSED] - Delayed 10 second(s)

2019-04-03 12:36:11 - [TEST_STEP][PASSED] - click(findTestObject("Page_KiboEngage  Create Menu/h4_KIBOPUSH (1) (1) (1)")): Object: 'Object Repository/Page_KiboEngage  Create Menu/h4_KIBOPUSH (1) (1) (1)' is clicked on

2019-04-03 12:36:11 - [MESSAGE][PASSED] - Object: 'Object Repository/Page_KiboEngage  Create Menu/h4_KIBOPUSH (1) (1) (1)' is clicked on

2019-04-03 12:36:11 - [TEST_STEP][PASSED] - delay(2): Delayed 2 second(s)

2019-04-03 12:36:13 - [MESSAGE][PASSED] - Delayed 2 second(s)

2019-04-03 12:36:13 - [TEST_STEP][PASSED] - click(findTestObject("Page_KiboEngage  Create Menu/a_Edit Action (1)")): Object: 'Object Repository/Page_KiboEngage  Create Menu/a_Edit Action (1)' is clicked on

2019-04-03 12:36:13 - [MESSAGE][PASSED] - Object: 'Object Repository/Page_KiboEngage  Create Menu/a_Edit Action (1)' is clicked on

2019-04-03 12:36:13 - [TEST_STEP][PASSED] - selectOptionByValue(findTestObject("Page_KiboEngage  Create Menu/select_COMPACTTALLFULL (1)"), "COMPACT", true): All options with value 'COMPACT' are selected in object 'Object Repository/Page_KiboEngage  Create Menu/select_COMPACTTALLFULL (1)'  using regular expression

2019-04-03 12:36:13 - [MESSAGE][PASSED] - All options with value 'COMPACT' are selected in object 'Object Repository/Page_KiboEngage  Create Menu/select_COMPACTTALLFULL (1)'  using regular expression

2019-04-03 12:36:13 - [TEST_STEP][PASSED] - click(findTestObject("Page_KiboEngage  Create Menu/button_Done (7)")): Object: 'Object Repository/Page_KiboEngage  Create Menu/button_Done (7)' is clicked on

2019-04-03 12:36:13 - [MESSAGE][PASSED] - Object: 'Object Repository/Page_KiboEngage  Create Menu/button_Done (7)' is clicked on

2019-04-03 12:36:13 - [TEST_STEP][PASSED] - click(findTestObject("Page_KiboEngage  Create Menu/button_Save (5) (1)")): Object: 'Object Repository/Page_KiboEngage  Create Menu/button_Save (5) (1)' is clicked on

2019-04-03 12:36:13 - [MESSAGE][PASSED] - Object: 'Object Repository/Page_KiboEngage  Create Menu/button_Save (5) (1)' is clicked on

2019-04-03 12:36:13 - [TEST_STEP][PASSED] - click(findTestObject("Page_KiboEngage  Create Menu/div_Message Saved Successfully (6) (1)")): Object: 'Object Repository/Page_KiboEngage  Create Menu/div_Message Saved Successfully (6) (1)' is clicked on

2019-04-03 12:36:13 - [MESSAGE][PASSED] - Object: 'Object Repository/Page_KiboEngage  Create Menu/div_Message Saved Successfully (6) (1)' is clicked on]]></system-out>
         <system-err><![CDATA[]]></system-err>
      </testcase>
      <testcase name="Test Cases/Webview/TC11119" classname="Test Cases/Webview/TC11119" status="PASSED">
         <system-out><![CDATA[2019-04-03 12:36:13 - [TEST_CASE][PASSED] - Test Cases/Webview/TC11119: Test Cases/Webview/TC11119

2019-04-03 12:36:13 - [TEST_STEP][PASSED] - callTestCase(findTestCase("Landing Pages Test Cases/Open Create Landing Page"), [:], STOP_ON_FAILURE): Call Test Case 'Test Cases/Landing Pages Test Cases/Open Create Landing Page' successfully

2019-04-03 12:36:14 - [TEST_CASE][PASSED] - Test Cases/Landing Pages Test Cases/Open Create Landing Page: Test Cases/Landing Pages Test Cases/Open Create Landing Page

2019-04-03 12:36:14 - [TEST_STEP][PASSED] - openBrowser(""): Browser is opened with url: ''

2019-04-03 12:36:14 - [MESSAGE][WARNING] - A browser is already opened. Closing browser and opening a new one

2019-04-03 12:36:14 - [MESSAGE][INFO] - Starting 'Chrome' driver

2019-04-03 12:36:14 - [MESSAGE][PASSED] - Browser is opened with url: ''

2019-04-03 12:36:14 - [TEST_STEP][PASSED] - callTestCase(findTestCase("s-sidebar_navigation/individualAccount/Login_Muzamil"), [:], STOP_ON_FAILURE): Call Test Case 'Test Cases/s-sidebar_navigation/individualAccount/Login_Muzamil' successfully

2019-04-03 12:36:14 - [TEST_CASE][PASSED] - Test Cases/s-sidebar_navigation/individualAccount/Login_Muzamil: Test Cases/s-sidebar_navigation/individualAccount/Login_Muzamil

2019-04-03 12:36:14 - [TEST_STEP][PASSED] - openBrowser(""): Browser is opened with url: ''

2019-04-03 12:36:14 - [MESSAGE][WARNING] - A browser is already opened. Closing browser and opening a new one

2019-04-03 12:36:14 - [MESSAGE][INFO] - Starting 'Chrome' driver

2019-04-03 12:36:15 - [MESSAGE][PASSED] - Browser is opened with url: ''

2019-04-03 12:36:15 - [TEST_STEP][PASSED] - maximizeWindow(): Current window maximized

2019-04-03 12:36:15 - [MESSAGE][PASSED] - Current window maximized

2019-04-03 12:36:15 - [TEST_STEP][PASSED] - navigateToUrl("https://app.kibopush.com/"): Navigate to 'https://app.kibopush.com/' successfully

2019-04-03 12:36:30 - [MESSAGE][PASSED] - Navigate to 'https://app.kibopush.com/' successfully

2019-04-03 12:36:30 - [TEST_STEP][PASSED] - click(findTestObject("Page_CloudKibo/a_Login (2)")): Object: 'Object Repository/Page_CloudKibo/a_Login (2)' is clicked on

2019-04-03 12:36:31 - [MESSAGE][PASSED] - Object: 'Object Repository/Page_CloudKibo/a_Login (2)' is clicked on

2019-04-03 12:36:31 - [TEST_STEP][PASSED] - delay(2): Delayed 2 second(s)

2019-04-03 12:36:33 - [MESSAGE][PASSED] - Delayed 2 second(s)

2019-04-03 12:36:33 - [TEST_STEP][PASSED] - setText(findTestObject("Page_CloudKibo/input_Sign In_email (1)"), "muzamil.bukhari.39@gmail.com"): Text 'muzamil.bukhari.39@gmail.com' is set on object 'Object Repository/Page_CloudKibo/input_Sign In_email (1)'

2019-04-03 12:36:33 - [MESSAGE][PASSED] - Text 'muzamil.bukhari.39@gmail.com' is set on object 'Object Repository/Page_CloudKibo/input_Sign In_email (1)'

2019-04-03 12:36:33 - [TEST_STEP][PASSED] - setEncryptedText(findTestObject("Page_CloudKibo/input_Sign In_password (1)"), "ZOMPkeJIpHWb3LMKk986MQ=="): Text ****** has been set on object 'Object Repository/Page_CloudKibo/input_Sign In_password (1)'

2019-04-03 12:36:33 - [MESSAGE][PASSED] - Text ****** has been set on object 'Object Repository/Page_CloudKibo/input_Sign In_password (1)'

2019-04-03 12:36:33 - [TEST_STEP][PASSED] - delay(1): Delayed 1 second(s)

2019-04-03 12:36:34 - [MESSAGE][PASSED] - Delayed 1 second(s)

2019-04-03 12:36:34 - [TEST_STEP][PASSED] - click(findTestObject("Page_CloudKibo/button_Sign In (5)")): Object: 'Object Repository/Page_CloudKibo/button_Sign In (5)' is clicked on

2019-04-03 12:36:34 - [MESSAGE][PASSED] - Object: 'Object Repository/Page_CloudKibo/button_Sign In (5)' is clicked on

2019-04-03 12:36:34 - [TEST_STEP][PASSED] - delay(3): Delayed 3 second(s)

2019-04-03 12:36:37 - [MESSAGE][PASSED] - Delayed 3 second(s)

2019-04-03 12:36:37 - [TEST_STEP][PASSED] - click(findTestObject("Object Repository/Page_KiboEngage  Dashboard/h4_KIBOPUSH")): Object: 'Object Repository/Page_KiboEngage  Dashboard/h4_KIBOPUSH' is clicked on

2019-04-03 12:36:48 - [MESSAGE][PASSED] - Object: 'Object Repository/Page_KiboEngage  Dashboard/h4_KIBOPUSH' is clicked on

2019-04-03 12:36:48 - [MESSAGE][PASSED] - Call Test Case 'Test Cases/s-sidebar_navigation/individualAccount/Login_Muzamil' successfully

2019-04-03 12:36:48 - [TEST_STEP][PASSED] - delay(2): Delayed 2 second(s)

2019-04-03 12:36:50 - [MESSAGE][PASSED] - Delayed 2 second(s)

2019-04-03 12:36:50 - [TEST_STEP][PASSED] - click(findTestObject("Page_KiboEngage  Dashboard/span_Growth Tools (3) (1)")): Object: 'Object Repository/Page_KiboEngage  Dashboard/span_Growth Tools (3) (1)' is clicked on

2019-04-03 12:36:50 - [MESSAGE][PASSED] - Object: 'Object Repository/Page_KiboEngage  Dashboard/span_Growth Tools (3) (1)' is clicked on

2019-04-03 12:36:50 - [TEST_STEP][PASSED] - delay(2): Delayed 2 second(s)

2019-04-03 12:36:52 - [MESSAGE][PASSED] - Delayed 2 second(s)

2019-04-03 12:36:52 - [TEST_STEP][PASSED] - click(findTestObject("Page_KiboEngage  Dashboard/span_Landing Pages (1) (1)")): Object: 'Object Repository/Page_KiboEngage  Dashboard/span_Landing Pages (1) (1)' is clicked on

2019-04-03 12:36:52 - [MESSAGE][PASSED] - Object: 'Object Repository/Page_KiboEngage  Dashboard/span_Landing Pages (1) (1)' is clicked on

2019-04-03 12:36:52 - [TEST_STEP][PASSED] - delay(2): Delayed 2 second(s)

2019-04-03 12:36:54 - [MESSAGE][PASSED] - Delayed 2 second(s)

2019-04-03 12:36:54 - [TEST_STEP][PASSED] - click(findTestObject("Page_KiboEngage  Landing Pages/span_Create New")): Object: 'Object Repository/Page_KiboEngage  Landing Pages/span_Create New' is clicked on

2019-04-03 12:36:54 - [MESSAGE][PASSED] - Object: 'Object Repository/Page_KiboEngage  Landing Pages/span_Create New' is clicked on

2019-04-03 12:36:54 - [TEST_STEP][PASSED] - delay(2): Delayed 2 second(s)

2019-04-03 12:36:56 - [MESSAGE][PASSED] - Delayed 2 second(s)

2019-04-03 12:36:56 - [TEST_STEP][PASSED] - click(findTestObject("Page_KiboEngage  Landing Pages/button_Create")): Object: 'Object Repository/Page_KiboEngage  Landing Pages/button_Create' is clicked on

2019-04-03 12:36:56 - [MESSAGE][PASSED] - Object: 'Object Repository/Page_KiboEngage  Landing Pages/button_Create' is clicked on

2019-04-03 12:36:56 - [TEST_STEP][PASSED] - delay(2): Delayed 2 second(s)

2019-04-03 12:36:58 - [MESSAGE][PASSED] - Delayed 2 second(s)

2019-04-03 12:36:58 - [TEST_STEP][PASSED] - click(findTestObject("Page_KiboEngage  Create Landing Page/a_Opt-In Actions")): Object: 'Object Repository/Page_KiboEngage  Create Landing Page/a_Opt-In Actions' is clicked on

2019-04-03 12:37:00 - [MESSAGE][PASSED] - Object: 'Object Repository/Page_KiboEngage  Create Landing Page/a_Opt-In Actions' is clicked on

2019-04-03 12:37:00 - [TEST_STEP][PASSED] - delay(2): Delayed 2 second(s)

2019-04-03 12:37:02 - [MESSAGE][PASSED] - Delayed 2 second(s)

2019-04-03 12:37:02 - [TEST_STEP][PASSED] - click(findTestObject("Page_KiboEngage  Create Landing Page/a_Next_btn btn-circle btn-icon-only btn-default m-input-icon__icon m-input-icon__icon--right")): Object: 'Object Repository/Page_KiboEngage  Create Landing Page/a_Next_btn btn-circle btn-icon-only btn-default m-input-icon__icon m-input-icon__icon--right' is clicked on

2019-04-03 12:37:03 - [MESSAGE][PASSED] - Object: 'Object Repository/Page_KiboEngage  Create Landing Page/a_Next_btn btn-circle btn-icon-only btn-default m-input-icon__icon m-input-icon__icon--right' is clicked on

2019-04-03 12:37:03 - [TEST_STEP][PASSED] - click(findTestObject("Page_KiboEngage  Create Message/h3_Landing Page Opt-In Message (1)")): Object: 'Object Repository/Page_KiboEngage  Create Message/h3_Landing Page Opt-In Message (1)' is clicked on

2019-04-03 12:37:03 - [MESSAGE][PASSED] - Object: 'Object Repository/Page_KiboEngage  Create Message/h3_Landing Page Opt-In Message (1)' is clicked on

2019-04-03 12:37:03 - [MESSAGE][PASSED] - Call Test Case 'Test Cases/Landing Pages Test Cases/Open Create Landing Page' successfully

2019-04-03 12:37:03 - [TEST_STEP][PASSED] - delay(2): Delayed 2 second(s)

2019-04-03 12:37:05 - [MESSAGE][PASSED] - Delayed 2 second(s)

2019-04-03 12:37:05 - [TEST_STEP][PASSED] - click(findTestObject("Object Repository/Page_KiboEngage  Create Message/h6_ Add Button (1)")): Object: 'Object Repository/Page_KiboEngage  Create Message/h6_ Add Button (1)' is clicked on

2019-04-03 12:37:05 - [MESSAGE][PASSED] - Object: 'Object Repository/Page_KiboEngage  Create Message/h6_ Add Button (1)' is clicked on

2019-04-03 12:37:05 - [TEST_STEP][PASSED] - setText(findTestObject("Object Repository/Page_KiboEngage  Create Message/input_Button Title_form-control"), "Test"): Text 'Test' is set on object 'Object Repository/Page_KiboEngage  Create Message/input_Button Title_form-control'

2019-04-03 12:37:06 - [MESSAGE][PASSED] - Text 'Test' is set on object 'Object Repository/Page_KiboEngage  Create Message/input_Button Title_form-control'

2019-04-03 12:37:06 - [TEST_STEP][PASSED] - delay(1): Delayed 1 second(s)

2019-04-03 12:37:07 - [MESSAGE][PASSED] - Delayed 1 second(s)

2019-04-03 12:37:07 - [TEST_STEP][PASSED] - click(findTestObject("Object Repository/Page_KiboEngage  Create Message/h7_Open a webview")): Object: 'Object Repository/Page_KiboEngage  Create Message/h7_Open a webview' is clicked on

2019-04-03 12:37:07 - [MESSAGE][PASSED] - Object: 'Object Repository/Page_KiboEngage  Create Message/h7_Open a webview' is clicked on

2019-04-03 12:37:07 - [TEST_STEP][PASSED] - setText(findTestObject("Object Repository/Page_KiboEngage  Create Message/input_Url_form-control"), "https://kiboengage.cloudkibo.com"): Text 'https://kiboengage.cloudkibo.com' is set on object 'Object Repository/Page_KiboEngage  Create Message/input_Url_form-control'

2019-04-03 12:37:07 - [MESSAGE][PASSED] - Text 'https://kiboengage.cloudkibo.com' is set on object 'Object Repository/Page_KiboEngage  Create Message/input_Url_form-control'

2019-04-03 12:37:07 - [TEST_STEP][PASSED] - click(findTestObject("Object Repository/Page_KiboEngage  Create Message/button_Done")): Object: 'Object Repository/Page_KiboEngage  Create Message/button_Done' is clicked on

2019-04-03 12:37:07 - [MESSAGE][PASSED] - Object: 'Object Repository/Page_KiboEngage  Create Message/button_Done' is clicked on

2019-04-03 12:37:07 - [TEST_STEP][PASSED] - click(findTestObject("Object Repository/Page_KiboEngage  Create Message/button_Save")): Object: 'Object Repository/Page_KiboEngage  Create Message/button_Save' is clicked on

2019-04-03 12:37:07 - [MESSAGE][PASSED] - Object: 'Object Repository/Page_KiboEngage  Create Message/button_Save' is clicked on

2019-04-03 12:37:07 - [TEST_STEP][PASSED] - delay(1): Delayed 1 second(s)

2019-04-03 12:37:08 - [MESSAGE][PASSED] - Delayed 1 second(s)

2019-04-03 12:37:08 - [TEST_STEP][PASSED] - click(findTestObject("Object Repository/Page_KiboEngage  Create Message/div_Message has been saved")): Object: 'Object Repository/Page_KiboEngage  Create Message/div_Message has been saved' is clicked on

2019-04-03 12:37:08 - [MESSAGE][PASSED] - Object: 'Object Repository/Page_KiboEngage  Create Message/div_Message has been saved' is clicked on]]></system-out>
         <system-err><![CDATA[]]></system-err>
      </testcase>
      <testcase name="Test Cases/Webview/TC11120" classname="Test Cases/Webview/TC11120" status="PASSED">
         <system-out><![CDATA[2019-04-03 12:37:08 - [TEST_CASE][PASSED] - Test Cases/Webview/TC11120: Test Cases/Webview/TC11120

2019-04-03 12:37:08 - [TEST_STEP][PASSED] - callTestCase(findTestCase("Landing Pages Test Cases/Open Create Landing Page"), [:], STOP_ON_FAILURE): Call Test Case 'Test Cases/Landing Pages Test Cases/Open Create Landing Page' successfully

2019-04-03 12:37:09 - [TEST_CASE][PASSED] - Test Cases/Landing Pages Test Cases/Open Create Landing Page: Test Cases/Landing Pages Test Cases/Open Create Landing Page

2019-04-03 12:37:09 - [TEST_STEP][PASSED] - openBrowser(""): Browser is opened with url: ''

2019-04-03 12:37:09 - [MESSAGE][WARNING] - A browser is already opened. Closing browser and opening a new one

2019-04-03 12:37:09 - [MESSAGE][INFO] - Starting 'Chrome' driver

2019-04-03 12:37:09 - [MESSAGE][PASSED] - Browser is opened with url: ''

2019-04-03 12:37:09 - [TEST_STEP][PASSED] - callTestCase(findTestCase("s-sidebar_navigation/individualAccount/Login_Muzamil"), [:], STOP_ON_FAILURE): Call Test Case 'Test Cases/s-sidebar_navigation/individualAccount/Login_Muzamil' successfully

2019-04-03 12:37:09 - [TEST_CASE][PASSED] - Test Cases/s-sidebar_navigation/individualAccount/Login_Muzamil: Test Cases/s-sidebar_navigation/individualAccount/Login_Muzamil

2019-04-03 12:37:09 - [TEST_STEP][PASSED] - openBrowser(""): Browser is opened with url: ''

2019-04-03 12:37:09 - [MESSAGE][WARNING] - A browser is already opened. Closing browser and opening a new one

2019-04-03 12:37:09 - [MESSAGE][INFO] - Starting 'Chrome' driver

2019-04-03 12:37:10 - [MESSAGE][PASSED] - Browser is opened with url: ''

2019-04-03 12:37:10 - [TEST_STEP][PASSED] - maximizeWindow(): Current window maximized

2019-04-03 12:37:10 - [MESSAGE][PASSED] - Current window maximized

2019-04-03 12:37:10 - [TEST_STEP][PASSED] - navigateToUrl("https://app.kibopush.com/"): Navigate to 'https://app.kibopush.com/' successfully

2019-04-03 12:37:23 - [MESSAGE][PASSED] - Navigate to 'https://app.kibopush.com/' successfully

2019-04-03 12:37:23 - [TEST_STEP][PASSED] - click(findTestObject("Page_CloudKibo/a_Login (2)")): Object: 'Object Repository/Page_CloudKibo/a_Login (2)' is clicked on

2019-04-03 12:37:24 - [MESSAGE][PASSED] - Object: 'Object Repository/Page_CloudKibo/a_Login (2)' is clicked on

2019-04-03 12:37:24 - [TEST_STEP][PASSED] - delay(2): Delayed 2 second(s)

2019-04-03 12:37:26 - [MESSAGE][PASSED] - Delayed 2 second(s)

2019-04-03 12:37:26 - [TEST_STEP][PASSED] - setText(findTestObject("Page_CloudKibo/input_Sign In_email (1)"), "muzamil.bukhari.39@gmail.com"): Text 'muzamil.bukhari.39@gmail.com' is set on object 'Object Repository/Page_CloudKibo/input_Sign In_email (1)'

2019-04-03 12:37:26 - [MESSAGE][PASSED] - Text 'muzamil.bukhari.39@gmail.com' is set on object 'Object Repository/Page_CloudKibo/input_Sign In_email (1)'

2019-04-03 12:37:26 - [TEST_STEP][PASSED] - setEncryptedText(findTestObject("Page_CloudKibo/input_Sign In_password (1)"), "ZOMPkeJIpHWb3LMKk986MQ=="): Text ****** has been set on object 'Object Repository/Page_CloudKibo/input_Sign In_password (1)'

2019-04-03 12:37:26 - [MESSAGE][PASSED] - Text ****** has been set on object 'Object Repository/Page_CloudKibo/input_Sign In_password (1)'

2019-04-03 12:37:26 - [TEST_STEP][PASSED] - delay(1): Delayed 1 second(s)

2019-04-03 12:37:27 - [MESSAGE][PASSED] - Delayed 1 second(s)

2019-04-03 12:37:27 - [TEST_STEP][PASSED] - click(findTestObject("Page_CloudKibo/button_Sign In (5)")): Object: 'Object Repository/Page_CloudKibo/button_Sign In (5)' is clicked on

2019-04-03 12:37:27 - [MESSAGE][PASSED] - Object: 'Object Repository/Page_CloudKibo/button_Sign In (5)' is clicked on

2019-04-03 12:37:27 - [TEST_STEP][PASSED] - delay(3): Delayed 3 second(s)

2019-04-03 12:37:30 - [MESSAGE][PASSED] - Delayed 3 second(s)

2019-04-03 12:37:30 - [TEST_STEP][PASSED] - click(findTestObject("Object Repository/Page_KiboEngage  Dashboard/h4_KIBOPUSH")): Object: 'Object Repository/Page_KiboEngage  Dashboard/h4_KIBOPUSH' is clicked on

2019-04-03 12:37:42 - [MESSAGE][PASSED] - Object: 'Object Repository/Page_KiboEngage  Dashboard/h4_KIBOPUSH' is clicked on

2019-04-03 12:37:42 - [MESSAGE][PASSED] - Call Test Case 'Test Cases/s-sidebar_navigation/individualAccount/Login_Muzamil' successfully

2019-04-03 12:37:42 - [TEST_STEP][PASSED] - delay(2): Delayed 2 second(s)

2019-04-03 12:37:44 - [MESSAGE][PASSED] - Delayed 2 second(s)

2019-04-03 12:37:44 - [TEST_STEP][PASSED] - click(findTestObject("Page_KiboEngage  Dashboard/span_Growth Tools (3) (1)")): Object: 'Object Repository/Page_KiboEngage  Dashboard/span_Growth Tools (3) (1)' is clicked on

2019-04-03 12:37:44 - [MESSAGE][PASSED] - Object: 'Object Repository/Page_KiboEngage  Dashboard/span_Growth Tools (3) (1)' is clicked on

2019-04-03 12:37:44 - [TEST_STEP][PASSED] - delay(2): Delayed 2 second(s)

2019-04-03 12:37:46 - [MESSAGE][PASSED] - Delayed 2 second(s)

2019-04-03 12:37:46 - [TEST_STEP][PASSED] - click(findTestObject("Page_KiboEngage  Dashboard/span_Landing Pages (1) (1)")): Object: 'Object Repository/Page_KiboEngage  Dashboard/span_Landing Pages (1) (1)' is clicked on

2019-04-03 12:37:47 - [MESSAGE][PASSED] - Object: 'Object Repository/Page_KiboEngage  Dashboard/span_Landing Pages (1) (1)' is clicked on

2019-04-03 12:37:47 - [TEST_STEP][PASSED] - delay(2): Delayed 2 second(s)

2019-04-03 12:37:49 - [MESSAGE][PASSED] - Delayed 2 second(s)

2019-04-03 12:37:49 - [TEST_STEP][PASSED] - click(findTestObject("Page_KiboEngage  Landing Pages/span_Create New")): Object: 'Object Repository/Page_KiboEngage  Landing Pages/span_Create New' is clicked on

2019-04-03 12:37:49 - [MESSAGE][PASSED] - Object: 'Object Repository/Page_KiboEngage  Landing Pages/span_Create New' is clicked on

2019-04-03 12:37:49 - [TEST_STEP][PASSED] - delay(2): Delayed 2 second(s)

2019-04-03 12:37:51 - [MESSAGE][PASSED] - Delayed 2 second(s)

2019-04-03 12:37:51 - [TEST_STEP][PASSED] - click(findTestObject("Page_KiboEngage  Landing Pages/button_Create")): Object: 'Object Repository/Page_KiboEngage  Landing Pages/button_Create' is clicked on

2019-04-03 12:37:51 - [MESSAGE][PASSED] - Object: 'Object Repository/Page_KiboEngage  Landing Pages/button_Create' is clicked on

2019-04-03 12:37:51 - [TEST_STEP][PASSED] - delay(2): Delayed 2 second(s)

2019-04-03 12:37:53 - [MESSAGE][PASSED] - Delayed 2 second(s)

2019-04-03 12:37:53 - [TEST_STEP][PASSED] - click(findTestObject("Page_KiboEngage  Create Landing Page/a_Opt-In Actions")): Object: 'Object Repository/Page_KiboEngage  Create Landing Page/a_Opt-In Actions' is clicked on

2019-04-03 12:37:54 - [MESSAGE][PASSED] - Object: 'Object Repository/Page_KiboEngage  Create Landing Page/a_Opt-In Actions' is clicked on

2019-04-03 12:37:54 - [TEST_STEP][PASSED] - delay(2): Delayed 2 second(s)

2019-04-03 12:37:56 - [MESSAGE][PASSED] - Delayed 2 second(s)

2019-04-03 12:37:56 - [TEST_STEP][PASSED] - click(findTestObject("Page_KiboEngage  Create Landing Page/a_Next_btn btn-circle btn-icon-only btn-default m-input-icon__icon m-input-icon__icon--right")): Object: 'Object Repository/Page_KiboEngage  Create Landing Page/a_Next_btn btn-circle btn-icon-only btn-default m-input-icon__icon m-input-icon__icon--right' is clicked on

2019-04-03 12:37:58 - [MESSAGE][PASSED] - Object: 'Object Repository/Page_KiboEngage  Create Landing Page/a_Next_btn btn-circle btn-icon-only btn-default m-input-icon__icon m-input-icon__icon--right' is clicked on

2019-04-03 12:37:58 - [TEST_STEP][PASSED] - click(findTestObject("Page_KiboEngage  Create Message/h3_Landing Page Opt-In Message (1)")): Object: 'Object Repository/Page_KiboEngage  Create Message/h3_Landing Page Opt-In Message (1)' is clicked on

2019-04-03 12:37:58 - [MESSAGE][PASSED] - Object: 'Object Repository/Page_KiboEngage  Create Message/h3_Landing Page Opt-In Message (1)' is clicked on

2019-04-03 12:37:58 - [MESSAGE][PASSED] - Call Test Case 'Test Cases/Landing Pages Test Cases/Open Create Landing Page' successfully

2019-04-03 12:37:58 - [TEST_STEP][PASSED] - delay(2): Delayed 2 second(s)

2019-04-03 12:38:00 - [MESSAGE][PASSED] - Delayed 2 second(s)

2019-04-03 12:38:00 - [TEST_STEP][PASSED] - click(findTestObject("Object Repository/Page_KiboEngage  Create Message/h6_ Add Button (1) (1)")): Object: 'Object Repository/Page_KiboEngage  Create Message/h6_ Add Button (1) (1)' is clicked on

2019-04-03 12:38:00 - [MESSAGE][PASSED] - Object: 'Object Repository/Page_KiboEngage  Create Message/h6_ Add Button (1) (1)' is clicked on

2019-04-03 12:38:00 - [TEST_STEP][PASSED] - setText(findTestObject("Object Repository/Page_KiboEngage  Create Message/input_Button Title_form-control (1)"), "Test"): Text 'Test' is set on object 'Object Repository/Page_KiboEngage  Create Message/input_Button Title_form-control (1)'

2019-04-03 12:38:00 - [MESSAGE][PASSED] - Text 'Test' is set on object 'Object Repository/Page_KiboEngage  Create Message/input_Button Title_form-control (1)'

2019-04-03 12:38:00 - [TEST_STEP][PASSED] - delay(1): Delayed 1 second(s)

2019-04-03 12:38:01 - [MESSAGE][PASSED] - Delayed 1 second(s)

2019-04-03 12:38:01 - [TEST_STEP][PASSED] - click(findTestObject("Object Repository/Page_KiboEngage  Create Message/h7_Open a webview (1)")): Object: 'Object Repository/Page_KiboEngage  Create Message/h7_Open a webview (1)' is clicked on

2019-04-03 12:38:01 - [MESSAGE][PASSED] - Object: 'Object Repository/Page_KiboEngage  Create Message/h7_Open a webview (1)' is clicked on

2019-04-03 12:38:01 - [TEST_STEP][PASSED] - delay(2): Delayed 2 second(s)

2019-04-03 12:38:03 - [MESSAGE][PASSED] - Delayed 2 second(s)

2019-04-03 12:38:03 - [TEST_STEP][PASSED] - click(findTestObject("Object Repository/Page_KiboEngage  Create Message/a_Whitelist url domains to open in-app browser")): Object: 'Object Repository/Page_KiboEngage  Create Message/a_Whitelist url domains to open in-app browser' is clicked on

2019-04-03 12:38:03 - [MESSAGE][PASSED] - Object: 'Object Repository/Page_KiboEngage  Create Message/a_Whitelist url domains to open in-app browser' is clicked on

2019-04-03 12:38:03 - [TEST_STEP][PASSED] - delay(1): Delayed 1 second(s)

2019-04-03 12:38:04 - [MESSAGE][PASSED] - Delayed 1 second(s)

2019-04-03 12:38:04 - [TEST_STEP][PASSED] - click(findTestObject("Page_KiboPush  api_settings/span_Whitelist Domains (2)")): Object: 'Object Repository/Page_KiboPush  api_settings/span_Whitelist Domains (2)' is clicked on

2019-04-03 12:38:04 - [MESSAGE][PASSED] - Object: 'Object Repository/Page_KiboPush  api_settings/span_Whitelist Domains (2)' is clicked on

2019-04-03 12:38:04 - [TEST_STEP][PASSED] - click(findTestObject("Page_KiboPush  Whitelist Domains/span_Whitelist Domains (2)")): Object: 'Object Repository/Page_KiboPush  Whitelist Domains/span_Whitelist Domains (2)' is clicked on

2019-04-03 12:38:04 - [MESSAGE][PASSED] - Object: 'Object Repository/Page_KiboPush  Whitelist Domains/span_Whitelist Domains (2)' is clicked on]]></system-out>
         <system-err><![CDATA[]]></system-err>
      </testcase>
      <testcase name="Test Cases/Webview/TC11121" classname="Test Cases/Webview/TC11121" status="PASSED">
         <system-out><![CDATA[2019-04-03 12:38:04 - [TEST_CASE][PASSED] - Test Cases/Webview/TC11121: Test Cases/Webview/TC11121

2019-04-03 12:38:04 - [TEST_STEP][PASSED] - callTestCase(findTestCase("Landing Pages Test Cases/Open Create Landing Page"), [:], STOP_ON_FAILURE): Call Test Case 'Test Cases/Landing Pages Test Cases/Open Create Landing Page' successfully

2019-04-03 12:38:04 - [TEST_CASE][PASSED] - Test Cases/Landing Pages Test Cases/Open Create Landing Page: Test Cases/Landing Pages Test Cases/Open Create Landing Page

2019-04-03 12:38:04 - [TEST_STEP][PASSED] - openBrowser(""): Browser is opened with url: ''

2019-04-03 12:38:04 - [MESSAGE][WARNING] - A browser is already opened. Closing browser and opening a new one

2019-04-03 12:38:04 - [MESSAGE][INFO] - Starting 'Chrome' driver

2019-04-03 12:38:05 - [MESSAGE][PASSED] - Browser is opened with url: ''

2019-04-03 12:38:05 - [TEST_STEP][PASSED] - callTestCase(findTestCase("s-sidebar_navigation/individualAccount/Login_Muzamil"), [:], STOP_ON_FAILURE): Call Test Case 'Test Cases/s-sidebar_navigation/individualAccount/Login_Muzamil' successfully

2019-04-03 12:38:05 - [TEST_CASE][PASSED] - Test Cases/s-sidebar_navigation/individualAccount/Login_Muzamil: Test Cases/s-sidebar_navigation/individualAccount/Login_Muzamil

2019-04-03 12:38:05 - [TEST_STEP][PASSED] - openBrowser(""): Browser is opened with url: ''

2019-04-03 12:38:05 - [MESSAGE][WARNING] - A browser is already opened. Closing browser and opening a new one

2019-04-03 12:38:05 - [MESSAGE][INFO] - Starting 'Chrome' driver

2019-04-03 12:38:06 - [MESSAGE][PASSED] - Browser is opened with url: ''

2019-04-03 12:38:06 - [TEST_STEP][PASSED] - maximizeWindow(): Current window maximized

2019-04-03 12:38:06 - [MESSAGE][PASSED] - Current window maximized

2019-04-03 12:38:06 - [TEST_STEP][PASSED] - navigateToUrl("https://app.kibopush.com/"): Navigate to 'https://app.kibopush.com/' successfully

2019-04-03 12:38:14 - [MESSAGE][PASSED] - Navigate to 'https://app.kibopush.com/' successfully

2019-04-03 12:38:14 - [TEST_STEP][PASSED] - click(findTestObject("Page_CloudKibo/a_Login (2)")): Object: 'Object Repository/Page_CloudKibo/a_Login (2)' is clicked on

2019-04-03 12:38:15 - [MESSAGE][PASSED] - Object: 'Object Repository/Page_CloudKibo/a_Login (2)' is clicked on

2019-04-03 12:38:15 - [TEST_STEP][PASSED] - delay(2): Delayed 2 second(s)

2019-04-03 12:38:17 - [MESSAGE][PASSED] - Delayed 2 second(s)

2019-04-03 12:38:17 - [TEST_STEP][PASSED] - setText(findTestObject("Page_CloudKibo/input_Sign In_email (1)"), "muzamil.bukhari.39@gmail.com"): Text 'muzamil.bukhari.39@gmail.com' is set on object 'Object Repository/Page_CloudKibo/input_Sign In_email (1)'

2019-04-03 12:38:17 - [MESSAGE][PASSED] - Text 'muzamil.bukhari.39@gmail.com' is set on object 'Object Repository/Page_CloudKibo/input_Sign In_email (1)'

2019-04-03 12:38:17 - [TEST_STEP][PASSED] - setEncryptedText(findTestObject("Page_CloudKibo/input_Sign In_password (1)"), "ZOMPkeJIpHWb3LMKk986MQ=="): Text ****** has been set on object 'Object Repository/Page_CloudKibo/input_Sign In_password (1)'

2019-04-03 12:38:17 - [MESSAGE][PASSED] - Text ****** has been set on object 'Object Repository/Page_CloudKibo/input_Sign In_password (1)'

2019-04-03 12:38:17 - [TEST_STEP][PASSED] - delay(1): Delayed 1 second(s)

2019-04-03 12:38:18 - [MESSAGE][PASSED] - Delayed 1 second(s)

2019-04-03 12:38:18 - [TEST_STEP][PASSED] - click(findTestObject("Page_CloudKibo/button_Sign In (5)")): Object: 'Object Repository/Page_CloudKibo/button_Sign In (5)' is clicked on

2019-04-03 12:38:19 - [MESSAGE][PASSED] - Object: 'Object Repository/Page_CloudKibo/button_Sign In (5)' is clicked on

2019-04-03 12:38:19 - [TEST_STEP][PASSED] - delay(3): Delayed 3 second(s)

2019-04-03 12:38:22 - [MESSAGE][PASSED] - Delayed 3 second(s)

2019-04-03 12:38:22 - [TEST_STEP][PASSED] - click(findTestObject("Object Repository/Page_KiboEngage  Dashboard/h4_KIBOPUSH")): Object: 'Object Repository/Page_KiboEngage  Dashboard/h4_KIBOPUSH' is clicked on

2019-04-03 12:38:49 - [MESSAGE][PASSED] - Object: 'Object Repository/Page_KiboEngage  Dashboard/h4_KIBOPUSH' is clicked on

2019-04-03 12:38:49 - [MESSAGE][PASSED] - Call Test Case 'Test Cases/s-sidebar_navigation/individualAccount/Login_Muzamil' successfully

2019-04-03 12:38:49 - [TEST_STEP][PASSED] - delay(2): Delayed 2 second(s)

2019-04-03 12:38:51 - [MESSAGE][PASSED] - Delayed 2 second(s)

2019-04-03 12:38:51 - [TEST_STEP][PASSED] - click(findTestObject("Page_KiboEngage  Dashboard/span_Growth Tools (3) (1)")): Object: 'Object Repository/Page_KiboEngage  Dashboard/span_Growth Tools (3) (1)' is clicked on

2019-04-03 12:38:51 - [MESSAGE][PASSED] - Object: 'Object Repository/Page_KiboEngage  Dashboard/span_Growth Tools (3) (1)' is clicked on

2019-04-03 12:38:51 - [TEST_STEP][PASSED] - delay(2): Delayed 2 second(s)

2019-04-03 12:38:53 - [MESSAGE][PASSED] - Delayed 2 second(s)

2019-04-03 12:38:53 - [TEST_STEP][PASSED] - click(findTestObject("Page_KiboEngage  Dashboard/span_Landing Pages (1) (1)")): Object: 'Object Repository/Page_KiboEngage  Dashboard/span_Landing Pages (1) (1)' is clicked on

2019-04-03 12:38:54 - [MESSAGE][PASSED] - Object: 'Object Repository/Page_KiboEngage  Dashboard/span_Landing Pages (1) (1)' is clicked on

2019-04-03 12:38:54 - [TEST_STEP][PASSED] - delay(2): Delayed 2 second(s)

2019-04-03 12:38:56 - [MESSAGE][PASSED] - Delayed 2 second(s)

2019-04-03 12:38:56 - [TEST_STEP][PASSED] - click(findTestObject("Page_KiboEngage  Landing Pages/span_Create New")): Object: 'Object Repository/Page_KiboEngage  Landing Pages/span_Create New' is clicked on

2019-04-03 12:38:56 - [MESSAGE][PASSED] - Object: 'Object Repository/Page_KiboEngage  Landing Pages/span_Create New' is clicked on

2019-04-03 12:38:56 - [TEST_STEP][PASSED] - delay(2): Delayed 2 second(s)

2019-04-03 12:38:58 - [MESSAGE][PASSED] - Delayed 2 second(s)

2019-04-03 12:38:58 - [TEST_STEP][PASSED] - click(findTestObject("Page_KiboEngage  Landing Pages/button_Create")): Object: 'Object Repository/Page_KiboEngage  Landing Pages/button_Create' is clicked on

2019-04-03 12:38:58 - [MESSAGE][PASSED] - Object: 'Object Repository/Page_KiboEngage  Landing Pages/button_Create' is clicked on

2019-04-03 12:38:58 - [TEST_STEP][PASSED] - delay(2): Delayed 2 second(s)

2019-04-03 12:39:00 - [MESSAGE][PASSED] - Delayed 2 second(s)

2019-04-03 12:39:00 - [TEST_STEP][PASSED] - click(findTestObject("Page_KiboEngage  Create Landing Page/a_Opt-In Actions")): Object: 'Object Repository/Page_KiboEngage  Create Landing Page/a_Opt-In Actions' is clicked on

2019-04-03 12:39:01 - [MESSAGE][PASSED] - Object: 'Object Repository/Page_KiboEngage  Create Landing Page/a_Opt-In Actions' is clicked on

2019-04-03 12:39:01 - [TEST_STEP][PASSED] - delay(2): Delayed 2 second(s)

2019-04-03 12:39:03 - [MESSAGE][PASSED] - Delayed 2 second(s)

2019-04-03 12:39:03 - [TEST_STEP][PASSED] - click(findTestObject("Page_KiboEngage  Create Landing Page/a_Next_btn btn-circle btn-icon-only btn-default m-input-icon__icon m-input-icon__icon--right")): Object: 'Object Repository/Page_KiboEngage  Create Landing Page/a_Next_btn btn-circle btn-icon-only btn-default m-input-icon__icon m-input-icon__icon--right' is clicked on

2019-04-03 12:39:05 - [MESSAGE][PASSED] - Object: 'Object Repository/Page_KiboEngage  Create Landing Page/a_Next_btn btn-circle btn-icon-only btn-default m-input-icon__icon m-input-icon__icon--right' is clicked on

2019-04-03 12:39:05 - [TEST_STEP][PASSED] - click(findTestObject("Page_KiboEngage  Create Message/h3_Landing Page Opt-In Message (1)")): Object: 'Object Repository/Page_KiboEngage  Create Message/h3_Landing Page Opt-In Message (1)' is clicked on

2019-04-03 12:39:05 - [MESSAGE][PASSED] - Object: 'Object Repository/Page_KiboEngage  Create Message/h3_Landing Page Opt-In Message (1)' is clicked on

2019-04-03 12:39:05 - [MESSAGE][PASSED] - Call Test Case 'Test Cases/Landing Pages Test Cases/Open Create Landing Page' successfully

2019-04-03 12:39:05 - [TEST_STEP][PASSED] - delay(2): Delayed 2 second(s)

2019-04-03 12:39:07 - [MESSAGE][PASSED] - Delayed 2 second(s)

2019-04-03 12:39:07 - [TEST_STEP][PASSED] - click(findTestObject("Object Repository/Page_KiboEngage  Create Message/h6_ Add Button (1) (1) (1) (3)")): Object: 'Object Repository/Page_KiboEngage  Create Message/h6_ Add Button (1) (1) (1) (3)' is clicked on

2019-04-03 12:39:07 - [MESSAGE][PASSED] - Object: 'Object Repository/Page_KiboEngage  Create Message/h6_ Add Button (1) (1) (1) (3)' is clicked on

2019-04-03 12:39:07 - [TEST_STEP][PASSED] - setText(findTestObject("Object Repository/Page_KiboEngage  Create Message/input_Button Title_form-control (1) (1) (3)"), "Test"): Text 'Test' is set on object 'Object Repository/Page_KiboEngage  Create Message/input_Button Title_form-control (1) (1) (3)'

2019-04-03 12:39:07 - [MESSAGE][PASSED] - Text 'Test' is set on object 'Object Repository/Page_KiboEngage  Create Message/input_Button Title_form-control (1) (1) (3)'

2019-04-03 12:39:07 - [TEST_STEP][PASSED] - delay(1): Delayed 1 second(s)

2019-04-03 12:39:08 - [MESSAGE][PASSED] - Delayed 1 second(s)

2019-04-03 12:39:08 - [TEST_STEP][PASSED] - click(findTestObject("Object Repository/Page_KiboEngage  Create Message/h7_Open a webview (1) (1) (3)")): Object: 'Object Repository/Page_KiboEngage  Create Message/h7_Open a webview (1) (1) (3)' is clicked on

2019-04-03 12:39:08 - [MESSAGE][PASSED] - Object: 'Object Repository/Page_KiboEngage  Create Message/h7_Open a webview (1) (1) (3)' is clicked on

2019-04-03 12:39:08 - [TEST_STEP][PASSED] - click(findTestObject("Object Repository/Page_KiboEngage  Create Message/button_Cancel (3)")): Object: 'Object Repository/Page_KiboEngage  Create Message/button_Cancel (3)' is clicked on

2019-04-03 12:39:08 - [MESSAGE][PASSED] - Object: 'Object Repository/Page_KiboEngage  Create Message/button_Cancel (3)' is clicked on

2019-04-03 12:39:08 - [TEST_STEP][PASSED] - verifyElementNotPresent(findTestObject("Object Repository/Page_KiboEngage  Create Message/div_Need help in understanding webview click hereWhitelist url domains to open in-app browserUrlWebView SizeCOMPACTTALLFULL"), 0): Web element with id: 'Object Repository/Page_KiboEngage  Create Message/div_Need help in understanding webview click hereWhitelist url domains to open in-app browserUrlWebView SizeCOMPACTTALLFULL' located by 'By.xpath: //div[(text() = 'Need help in understanding webview? click here.Whitelist url domains to open in-app browserUrlWebView SizeCOMPACTTALLFULL' or . = 'Need help in understanding webview? click here.Whitelist url domains to open in-app browserUrlWebView SizeCOMPACTTALLFULL')]' is not present after '30' second(s)

2019-04-03 12:39:08 - [MESSAGE][WARNING] - Timeout '0' is invalid. Using default page load timeout: '30'

2019-04-03 12:39:08 - [MESSAGE][PASSED] - Web element with id: 'Object Repository/Page_KiboEngage  Create Message/div_Need help in understanding webview click hereWhitelist url domains to open in-app browserUrlWebView SizeCOMPACTTALLFULL' located by 'By.xpath: //div[(text() = 'Need help in understanding webview? click here.Whitelist url domains to open in-app browserUrlWebView SizeCOMPACTTALLFULL' or . = 'Need help in understanding webview? click here.Whitelist url domains to open in-app browserUrlWebView SizeCOMPACTTALLFULL')]' is not present after '30' second(s)]]></system-out>
         <system-err><![CDATA[]]></system-err>
      </testcase>
      <testcase name="Test Cases/Webview/TC11122" classname="Test Cases/Webview/TC11122" status="PASSED">
         <system-out><![CDATA[2019-04-03 12:39:08 - [TEST_CASE][PASSED] - Test Cases/Webview/TC11122: Test Cases/Webview/TC11122

2019-04-03 12:39:08 - [TEST_STEP][PASSED] - callTestCase(findTestCase("Webview/TC11119"), [:], STOP_ON_FAILURE): Call Test Case 'Test Cases/Webview/TC11119' successfully

2019-04-03 12:39:08 - [TEST_CASE][PASSED] - Test Cases/Webview/TC11119: Test Cases/Webview/TC11119

2019-04-03 12:39:08 - [TEST_STEP][PASSED] - callTestCase(findTestCase("Landing Pages Test Cases/Open Create Landing Page"), [:], STOP_ON_FAILURE): Call Test Case 'Test Cases/Landing Pages Test Cases/Open Create Landing Page' successfully

2019-04-03 12:39:08 - [TEST_CASE][PASSED] - Test Cases/Landing Pages Test Cases/Open Create Landing Page: Test Cases/Landing Pages Test Cases/Open Create Landing Page

2019-04-03 12:39:08 - [TEST_STEP][PASSED] - openBrowser(""): Browser is opened with url: ''

2019-04-03 12:39:08 - [MESSAGE][WARNING] - A browser is already opened. Closing browser and opening a new one

2019-04-03 12:39:08 - [MESSAGE][INFO] - Starting 'Chrome' driver

2019-04-03 12:39:09 - [MESSAGE][PASSED] - Browser is opened with url: ''

2019-04-03 12:39:09 - [TEST_STEP][PASSED] - callTestCase(findTestCase("s-sidebar_navigation/individualAccount/Login_Muzamil"), [:], STOP_ON_FAILURE): Call Test Case 'Test Cases/s-sidebar_navigation/individualAccount/Login_Muzamil' successfully

2019-04-03 12:39:09 - [TEST_CASE][PASSED] - Test Cases/s-sidebar_navigation/individualAccount/Login_Muzamil: Test Cases/s-sidebar_navigation/individualAccount/Login_Muzamil

2019-04-03 12:39:09 - [TEST_STEP][PASSED] - openBrowser(""): Browser is opened with url: ''

2019-04-03 12:39:09 - [MESSAGE][WARNING] - A browser is already opened. Closing browser and opening a new one

2019-04-03 12:39:09 - [MESSAGE][INFO] - Starting 'Chrome' driver

2019-04-03 12:39:09 - [MESSAGE][PASSED] - Browser is opened with url: ''

2019-04-03 12:39:09 - [TEST_STEP][PASSED] - maximizeWindow(): Current window maximized

2019-04-03 12:39:09 - [MESSAGE][PASSED] - Current window maximized

2019-04-03 12:39:09 - [TEST_STEP][PASSED] - navigateToUrl("https://app.kibopush.com/"): Navigate to 'https://app.kibopush.com/' successfully

2019-04-03 12:39:26 - [MESSAGE][PASSED] - Navigate to 'https://app.kibopush.com/' successfully

2019-04-03 12:39:26 - [TEST_STEP][PASSED] - click(findTestObject("Page_CloudKibo/a_Login (2)")): Object: 'Object Repository/Page_CloudKibo/a_Login (2)' is clicked on

2019-04-03 12:39:27 - [MESSAGE][PASSED] - Object: 'Object Repository/Page_CloudKibo/a_Login (2)' is clicked on

2019-04-03 12:39:27 - [TEST_STEP][PASSED] - delay(2): Delayed 2 second(s)

2019-04-03 12:39:29 - [MESSAGE][PASSED] - Delayed 2 second(s)

2019-04-03 12:39:29 - [TEST_STEP][PASSED] - setText(findTestObject("Page_CloudKibo/input_Sign In_email (1)"), "muzamil.bukhari.39@gmail.com"): Text 'muzamil.bukhari.39@gmail.com' is set on object 'Object Repository/Page_CloudKibo/input_Sign In_email (1)'

2019-04-03 12:39:29 - [MESSAGE][PASSED] - Text 'muzamil.bukhari.39@gmail.com' is set on object 'Object Repository/Page_CloudKibo/input_Sign In_email (1)'

2019-04-03 12:39:29 - [TEST_STEP][PASSED] - setEncryptedText(findTestObject("Page_CloudKibo/input_Sign In_password (1)"), "ZOMPkeJIpHWb3LMKk986MQ=="): Text ****** has been set on object 'Object Repository/Page_CloudKibo/input_Sign In_password (1)'

2019-04-03 12:39:29 - [MESSAGE][PASSED] - Text ****** has been set on object 'Object Repository/Page_CloudKibo/input_Sign In_password (1)'

2019-04-03 12:39:29 - [TEST_STEP][PASSED] - delay(1): Delayed 1 second(s)

2019-04-03 12:39:30 - [MESSAGE][PASSED] - Delayed 1 second(s)

2019-04-03 12:39:30 - [TEST_STEP][PASSED] - click(findTestObject("Page_CloudKibo/button_Sign In (5)")): Object: 'Object Repository/Page_CloudKibo/button_Sign In (5)' is clicked on

2019-04-03 12:39:30 - [MESSAGE][PASSED] - Object: 'Object Repository/Page_CloudKibo/button_Sign In (5)' is clicked on

2019-04-03 12:39:30 - [TEST_STEP][PASSED] - delay(3): Delayed 3 second(s)

2019-04-03 12:39:33 - [MESSAGE][PASSED] - Delayed 3 second(s)

2019-04-03 12:39:33 - [TEST_STEP][PASSED] - click(findTestObject("Object Repository/Page_KiboEngage  Dashboard/h4_KIBOPUSH")): Object: 'Object Repository/Page_KiboEngage  Dashboard/h4_KIBOPUSH' is clicked on

2019-04-03 12:39:48 - [MESSAGE][PASSED] - Object: 'Object Repository/Page_KiboEngage  Dashboard/h4_KIBOPUSH' is clicked on

2019-04-03 12:39:48 - [MESSAGE][PASSED] - Call Test Case 'Test Cases/s-sidebar_navigation/individualAccount/Login_Muzamil' successfully

2019-04-03 12:39:48 - [TEST_STEP][PASSED] - delay(2): Delayed 2 second(s)

2019-04-03 12:39:50 - [MESSAGE][PASSED] - Delayed 2 second(s)

2019-04-03 12:39:50 - [TEST_STEP][PASSED] - click(findTestObject("Page_KiboEngage  Dashboard/span_Growth Tools (3) (1)")): Object: 'Object Repository/Page_KiboEngage  Dashboard/span_Growth Tools (3) (1)' is clicked on

2019-04-03 12:39:51 - [MESSAGE][PASSED] - Object: 'Object Repository/Page_KiboEngage  Dashboard/span_Growth Tools (3) (1)' is clicked on

2019-04-03 12:39:51 - [TEST_STEP][PASSED] - delay(2): Delayed 2 second(s)

2019-04-03 12:39:53 - [MESSAGE][PASSED] - Delayed 2 second(s)

2019-04-03 12:39:53 - [TEST_STEP][PASSED] - click(findTestObject("Page_KiboEngage  Dashboard/span_Landing Pages (1) (1)")): Object: 'Object Repository/Page_KiboEngage  Dashboard/span_Landing Pages (1) (1)' is clicked on

2019-04-03 12:39:53 - [MESSAGE][PASSED] - Object: 'Object Repository/Page_KiboEngage  Dashboard/span_Landing Pages (1) (1)' is clicked on

2019-04-03 12:39:53 - [TEST_STEP][PASSED] - delay(2): Delayed 2 second(s)

2019-04-03 12:39:55 - [MESSAGE][PASSED] - Delayed 2 second(s)

2019-04-03 12:39:55 - [TEST_STEP][PASSED] - click(findTestObject("Page_KiboEngage  Landing Pages/span_Create New")): Object: 'Object Repository/Page_KiboEngage  Landing Pages/span_Create New' is clicked on

2019-04-03 12:39:55 - [MESSAGE][PASSED] - Object: 'Object Repository/Page_KiboEngage  Landing Pages/span_Create New' is clicked on

2019-04-03 12:39:55 - [TEST_STEP][PASSED] - delay(2): Delayed 2 second(s)

2019-04-03 12:39:57 - [MESSAGE][PASSED] - Delayed 2 second(s)

2019-04-03 12:39:57 - [TEST_STEP][PASSED] - click(findTestObject("Page_KiboEngage  Landing Pages/button_Create")): Object: 'Object Repository/Page_KiboEngage  Landing Pages/button_Create' is clicked on

2019-04-03 12:39:57 - [MESSAGE][PASSED] - Object: 'Object Repository/Page_KiboEngage  Landing Pages/button_Create' is clicked on

2019-04-03 12:39:57 - [TEST_STEP][PASSED] - delay(2): Delayed 2 second(s)

2019-04-03 12:39:59 - [MESSAGE][PASSED] - Delayed 2 second(s)

2019-04-03 12:39:59 - [TEST_STEP][PASSED] - click(findTestObject("Page_KiboEngage  Create Landing Page/a_Opt-In Actions")): Object: 'Object Repository/Page_KiboEngage  Create Landing Page/a_Opt-In Actions' is clicked on

2019-04-03 12:39:59 - [MESSAGE][PASSED] - Object: 'Object Repository/Page_KiboEngage  Create Landing Page/a_Opt-In Actions' is clicked on

2019-04-03 12:39:59 - [TEST_STEP][PASSED] - delay(2): Delayed 2 second(s)

2019-04-03 12:40:01 - [MESSAGE][PASSED] - Delayed 2 second(s)

2019-04-03 12:40:01 - [TEST_STEP][PASSED] - click(findTestObject("Page_KiboEngage  Create Landing Page/a_Next_btn btn-circle btn-icon-only btn-default m-input-icon__icon m-input-icon__icon--right")): Object: 'Object Repository/Page_KiboEngage  Create Landing Page/a_Next_btn btn-circle btn-icon-only btn-default m-input-icon__icon m-input-icon__icon--right' is clicked on

2019-04-03 12:40:03 - [MESSAGE][PASSED] - Object: 'Object Repository/Page_KiboEngage  Create Landing Page/a_Next_btn btn-circle btn-icon-only btn-default m-input-icon__icon m-input-icon__icon--right' is clicked on

2019-04-03 12:40:03 - [TEST_STEP][PASSED] - click(findTestObject("Page_KiboEngage  Create Message/h3_Landing Page Opt-In Message (1)")): Object: 'Object Repository/Page_KiboEngage  Create Message/h3_Landing Page Opt-In Message (1)' is clicked on

2019-04-03 12:40:03 - [MESSAGE][PASSED] - Object: 'Object Repository/Page_KiboEngage  Create Message/h3_Landing Page Opt-In Message (1)' is clicked on

2019-04-03 12:40:03 - [MESSAGE][PASSED] - Call Test Case 'Test Cases/Landing Pages Test Cases/Open Create Landing Page' successfully

2019-04-03 12:40:03 - [TEST_STEP][PASSED] - delay(2): Delayed 2 second(s)

2019-04-03 12:40:05 - [MESSAGE][PASSED] - Delayed 2 second(s)

2019-04-03 12:40:05 - [TEST_STEP][PASSED] - click(findTestObject("Object Repository/Page_KiboEngage  Create Message/h6_ Add Button (1)")): Object: 'Object Repository/Page_KiboEngage  Create Message/h6_ Add Button (1)' is clicked on

2019-04-03 12:40:05 - [MESSAGE][PASSED] - Object: 'Object Repository/Page_KiboEngage  Create Message/h6_ Add Button (1)' is clicked on

2019-04-03 12:40:05 - [TEST_STEP][PASSED] - setText(findTestObject("Object Repository/Page_KiboEngage  Create Message/input_Button Title_form-control"), "Test"): Text 'Test' is set on object 'Object Repository/Page_KiboEngage  Create Message/input_Button Title_form-control'

2019-04-03 12:40:05 - [MESSAGE][PASSED] - Text 'Test' is set on object 'Object Repository/Page_KiboEngage  Create Message/input_Button Title_form-control'

2019-04-03 12:40:05 - [TEST_STEP][PASSED] - delay(1): Delayed 1 second(s)

2019-04-03 12:40:06 - [MESSAGE][PASSED] - Delayed 1 second(s)

2019-04-03 12:40:06 - [TEST_STEP][PASSED] - click(findTestObject("Object Repository/Page_KiboEngage  Create Message/h7_Open a webview")): Object: 'Object Repository/Page_KiboEngage  Create Message/h7_Open a webview' is clicked on

2019-04-03 12:40:06 - [MESSAGE][PASSED] - Object: 'Object Repository/Page_KiboEngage  Create Message/h7_Open a webview' is clicked on

2019-04-03 12:40:06 - [TEST_STEP][PASSED] - setText(findTestObject("Object Repository/Page_KiboEngage  Create Message/input_Url_form-control"), "https://kiboengage.cloudkibo.com"): Text 'https://kiboengage.cloudkibo.com' is set on object 'Object Repository/Page_KiboEngage  Create Message/input_Url_form-control'

2019-04-03 12:40:07 - [MESSAGE][PASSED] - Text 'https://kiboengage.cloudkibo.com' is set on object 'Object Repository/Page_KiboEngage  Create Message/input_Url_form-control'

2019-04-03 12:40:07 - [TEST_STEP][PASSED] - click(findTestObject("Object Repository/Page_KiboEngage  Create Message/button_Done")): Object: 'Object Repository/Page_KiboEngage  Create Message/button_Done' is clicked on

2019-04-03 12:40:07 - [MESSAGE][PASSED] - Object: 'Object Repository/Page_KiboEngage  Create Message/button_Done' is clicked on

2019-04-03 12:40:07 - [TEST_STEP][PASSED] - click(findTestObject("Object Repository/Page_KiboEngage  Create Message/button_Save")): Object: 'Object Repository/Page_KiboEngage  Create Message/button_Save' is clicked on

2019-04-03 12:40:07 - [MESSAGE][PASSED] - Object: 'Object Repository/Page_KiboEngage  Create Message/button_Save' is clicked on

2019-04-03 12:40:07 - [TEST_STEP][PASSED] - delay(1): Delayed 1 second(s)

2019-04-03 12:40:08 - [MESSAGE][PASSED] - Delayed 1 second(s)

2019-04-03 12:40:08 - [TEST_STEP][PASSED] - click(findTestObject("Object Repository/Page_KiboEngage  Create Message/div_Message has been saved")): Object: 'Object Repository/Page_KiboEngage  Create Message/div_Message has been saved' is clicked on

2019-04-03 12:40:08 - [MESSAGE][PASSED] - Object: 'Object Repository/Page_KiboEngage  Create Message/div_Message has been saved' is clicked on

2019-04-03 12:40:08 - [MESSAGE][PASSED] - Call Test Case 'Test Cases/Webview/TC11119' successfully

2019-04-03 12:40:08 - [TEST_STEP][PASSED] - delay(1): Delayed 1 second(s)

2019-04-03 12:40:09 - [MESSAGE][PASSED] - Delayed 1 second(s)

2019-04-03 12:40:09 - [TEST_STEP][PASSED] - click(findTestObject("Page_KiboEngage  Create Message/button_Test")): Object: 'Object Repository/Page_KiboEngage  Create Message/button_Test' is clicked on

2019-04-03 12:40:09 - [MESSAGE][PASSED] - Object: 'Object Repository/Page_KiboEngage  Create Message/button_Test' is clicked on

2019-04-03 12:40:09 - [TEST_STEP][PASSED] - selectOptionByValue(findTestObject("Page_KiboEngage  Create Message/select_COMPACTTALLFULL"), "COMPACT", true): All options with value 'COMPACT' are selected in object 'Object Repository/Page_KiboEngage  Create Message/select_COMPACTTALLFULL'  using regular expression

2019-04-03 12:40:09 - [MESSAGE][PASSED] - All options with value 'COMPACT' are selected in object 'Object Repository/Page_KiboEngage  Create Message/select_COMPACTTALLFULL'  using regular expression

2019-04-03 12:40:09 - [TEST_STEP][PASSED] - setText(findTestObject("Page_KiboEngage  Create Message/input_Url_form-control (1)"), "https://skiboengage.cloudkibo.com"): Text 'https://skiboengage.cloudkibo.com' is set on object 'Object Repository/Page_KiboEngage  Create Message/input_Url_form-control (1)'

2019-04-03 12:40:10 - [MESSAGE][PASSED] - Text 'https://skiboengage.cloudkibo.com' is set on object 'Object Repository/Page_KiboEngage  Create Message/input_Url_form-control (1)'

2019-04-03 12:40:10 - [TEST_STEP][PASSED] - click(findTestObject("Page_KiboEngage  Create Message/button_Done (1)")): Object: 'Object Repository/Page_KiboEngage  Create Message/button_Done (1)' is clicked on

2019-04-03 12:40:10 - [MESSAGE][PASSED] - Object: 'Object Repository/Page_KiboEngage  Create Message/button_Done (1)' is clicked on

2019-04-03 12:40:10 - [TEST_STEP][PASSED] - delay(1): Delayed 1 second(s)

2019-04-03 12:40:11 - [MESSAGE][PASSED] - Delayed 1 second(s)

2019-04-03 12:40:11 - [TEST_STEP][PASSED] - click(findTestObject("Page_KiboEngage  Create Message/button_Save (1)")): Object: 'Object Repository/Page_KiboEngage  Create Message/button_Save (1)' is clicked on

2019-04-03 12:40:11 - [MESSAGE][PASSED] - Object: 'Object Repository/Page_KiboEngage  Create Message/button_Save (1)' is clicked on

2019-04-03 12:40:11 - [TEST_STEP][PASSED] - delay(1): Delayed 1 second(s)

2019-04-03 12:40:12 - [MESSAGE][PASSED] - Delayed 1 second(s)

2019-04-03 12:40:12 - [TEST_STEP][PASSED] - click(findTestObject("Page_KiboEngage  Create Message/div_Message has been saved (1)")): Object: 'Object Repository/Page_KiboEngage  Create Message/div_Message has been saved (1)' is clicked on

2019-04-03 12:40:12 - [MESSAGE][PASSED] - Object: 'Object Repository/Page_KiboEngage  Create Message/div_Message has been saved (1)' is clicked on]]></system-out>
         <system-err><![CDATA[]]></system-err>
      </testcase>
      <testcase name="Test Cases/Webview/TC11123" classname="Test Cases/Webview/TC11123" status="FAILED">
         <failure type="FAILED" message="Test Cases/Webview/TC11123 FAILED.
Reason:
com.kms.katalon.core.exception.StepFailedException: Unable to verify object 'Object Repository/Page_KiboEngage  Create Message/button_Test (1)' is not present
	at com.kms.katalon.core.webui.keyword.internal.WebUIKeywordMain.stepFailed(WebUIKeywordMain.groovy:64)
	at com.kms.katalon.core.webui.keyword.internal.WebUIKeywordMain.runKeyword(WebUIKeywordMain.groovy:26)
	at com.kms.katalon.core.webui.keyword.builtin.VerifyElementNotPresentKeyword.verifyElementNotPresent(VerifyElementNotPresentKeyword.groovy:118)
	at com.kms.katalon.core.webui.keyword.builtin.VerifyElementNotPresentKeyword.execute(VerifyElementNotPresentKeyword.groovy:68)
	at com.kms.katalon.core.keyword.internal.KeywordExecutor.executeKeywordForPlatform(KeywordExecutor.groovy:56)
	at com.kms.katalon.core.webui.keyword.WebUiBuiltInKeywords.verifyElementNotPresent(WebUiBuiltInKeywords.groovy:1467)
	at com.kms.katalon.core.webui.keyword.WebUiBuiltInKeywords$verifyElementNotPresent$6.call(Unknown Source)
	at TC11123.run(TC11123:36)
	at com.kms.katalon.core.main.ScriptEngine.run(ScriptEngine.java:194)
	at com.kms.katalon.core.main.ScriptEngine.runScriptAsRawText(ScriptEngine.java:119)
	at com.kms.katalon.core.main.TestCaseExecutor.runScript(TestCaseExecutor.java:331)
	at com.kms.katalon.core.main.TestCaseExecutor.doExecute(TestCaseExecutor.java:322)
	at com.kms.katalon.core.main.TestCaseExecutor.processExecutionPhase(TestCaseExecutor.java:301)
	at com.kms.katalon.core.main.TestCaseExecutor.accessMainPhase(TestCaseExecutor.java:293)
	at com.kms.katalon.core.main.TestCaseExecutor.execute(TestCaseExecutor.java:227)
	at com.kms.katalon.core.main.TestSuiteExecutor.accessTestCaseMainPhase(TestSuiteExecutor.java:129)
	at com.kms.katalon.core.main.TestSuiteExecutor.accessTestSuiteMainPhase(TestSuiteExecutor.java:112)
	at com.kms.katalon.core.main.TestSuiteExecutor.execute(TestSuiteExecutor.java:81)
	at com.kms.katalon.core.main.TestCaseMain.startTestSuite(TestCaseMain.java:157)
	at com.kms.katalon.core.main.TestCaseMain$startTestSuite$0.call(Unknown Source)
	at TempTestSuite1554275422234.run(TempTestSuite1554275422234.groovy:35)
Caused by: com.kms.katalon.core.exception.StepFailedException: Web element with id: 'Object Repository/Page_KiboEngage  Create Message/button_Test (1)' located by 'By.xpath: //button[(text() = 'Test' or . = 'Test')]' is present after '30' second(s)
	at com.kms.katalon.core.webui.keyword.internal.WebUIKeywordMain.stepFailed(WebUIKeywordMain.groovy:64)
	at com.kms.katalon.core.webui.keyword.builtin.VerifyElementNotPresentKeyword$_verifyElementNotPresent_closure1.doCall(VerifyElementNotPresentKeyword.groovy:107)
	at com.kms.katalon.core.webui.keyword.builtin.VerifyElementNotPresentKeyword$_verifyElementNotPresent_closure1.call(VerifyElementNotPresentKeyword.groovy)
	at com.kms.katalon.core.webui.keyword.internal.WebUIKeywordMain.runKeyword(WebUIKeywordMain.groovy:20)
	... 19 more
"/>
         <system-out><![CDATA[2019-04-03 12:40:12 - [TEST_CASE][FAILED] - Test Cases/Webview/TC11123: Test Cases/Webview/TC11123 FAILED.
Reason:
com.kms.katalon.core.exception.StepFailedException: Unable to verify object 'Object Repository/Page_KiboEngage  Create Message/button_Test (1)' is not present
	at com.kms.katalon.core.webui.keyword.internal.WebUIKeywordMain.stepFailed(WebUIKeywordMain.groovy:64)
	at com.kms.katalon.core.webui.keyword.internal.WebUIKeywordMain.runKeyword(WebUIKeywordMain.groovy:26)
	at com.kms.katalon.core.webui.keyword.builtin.VerifyElementNotPresentKeyword.verifyElementNotPresent(VerifyElementNotPresentKeyword.groovy:118)
	at com.kms.katalon.core.webui.keyword.builtin.VerifyElementNotPresentKeyword.execute(VerifyElementNotPresentKeyword.groovy:68)
	at com.kms.katalon.core.keyword.internal.KeywordExecutor.executeKeywordForPlatform(KeywordExecutor.groovy:56)
	at com.kms.katalon.core.webui.keyword.WebUiBuiltInKeywords.verifyElementNotPresent(WebUiBuiltInKeywords.groovy:1467)
	at com.kms.katalon.core.webui.keyword.WebUiBuiltInKeywords$verifyElementNotPresent$6.call(Unknown Source)
	at TC11123.run(TC11123:36)
	at com.kms.katalon.core.main.ScriptEngine.run(ScriptEngine.java:194)
	at com.kms.katalon.core.main.ScriptEngine.runScriptAsRawText(ScriptEngine.java:119)
	at com.kms.katalon.core.main.TestCaseExecutor.runScript(TestCaseExecutor.java:331)
	at com.kms.katalon.core.main.TestCaseExecutor.doExecute(TestCaseExecutor.java:322)
	at com.kms.katalon.core.main.TestCaseExecutor.processExecutionPhase(TestCaseExecutor.java:301)
	at com.kms.katalon.core.main.TestCaseExecutor.accessMainPhase(TestCaseExecutor.java:293)
	at com.kms.katalon.core.main.TestCaseExecutor.execute(TestCaseExecutor.java:227)
	at com.kms.katalon.core.main.TestSuiteExecutor.accessTestCaseMainPhase(TestSuiteExecutor.java:129)
	at com.kms.katalon.core.main.TestSuiteExecutor.accessTestSuiteMainPhase(TestSuiteExecutor.java:112)
	at com.kms.katalon.core.main.TestSuiteExecutor.execute(TestSuiteExecutor.java:81)
	at com.kms.katalon.core.main.TestCaseMain.startTestSuite(TestCaseMain.java:157)
	at com.kms.katalon.core.main.TestCaseMain$startTestSuite$0.call(Unknown Source)
	at TempTestSuite1554275422234.run(TempTestSuite1554275422234.groovy:35)
Caused by: com.kms.katalon.core.exception.StepFailedException: Web element with id: 'Object Repository/Page_KiboEngage  Create Message/button_Test (1)' located by 'By.xpath: //button[(text() = 'Test' or . = 'Test')]' is present after '30' second(s)
	at com.kms.katalon.core.webui.keyword.internal.WebUIKeywordMain.stepFailed(WebUIKeywordMain.groovy:64)
	at com.kms.katalon.core.webui.keyword.builtin.VerifyElementNotPresentKeyword$_verifyElementNotPresent_closure1.doCall(VerifyElementNotPresentKeyword.groovy:107)
	at com.kms.katalon.core.webui.keyword.builtin.VerifyElementNotPresentKeyword$_verifyElementNotPresent_closure1.call(VerifyElementNotPresentKeyword.groovy)
	at com.kms.katalon.core.webui.keyword.internal.WebUIKeywordMain.runKeyword(WebUIKeywordMain.groovy:20)
	... 19 more


2019-04-03 12:40:12 - [TEST_STEP][PASSED] - callTestCase(findTestCase("Landing Pages Test Cases/Open Create Landing Page"), [:], STOP_ON_FAILURE): Call Test Case 'Test Cases/Landing Pages Test Cases/Open Create Landing Page' successfully

2019-04-03 12:40:12 - [TEST_CASE][PASSED] - Test Cases/Landing Pages Test Cases/Open Create Landing Page: Test Cases/Landing Pages Test Cases/Open Create Landing Page

2019-04-03 12:40:12 - [TEST_STEP][PASSED] - openBrowser(""): Browser is opened with url: ''

2019-04-03 12:40:12 - [MESSAGE][WARNING] - A browser is already opened. Closing browser and opening a new one

2019-04-03 12:40:12 - [MESSAGE][INFO] - Starting 'Chrome' driver

2019-04-03 12:40:13 - [MESSAGE][PASSED] - Browser is opened with url: ''

2019-04-03 12:40:13 - [TEST_STEP][PASSED] - callTestCase(findTestCase("s-sidebar_navigation/individualAccount/Login_Muzamil"), [:], STOP_ON_FAILURE): Call Test Case 'Test Cases/s-sidebar_navigation/individualAccount/Login_Muzamil' successfully

2019-04-03 12:40:13 - [TEST_CASE][PASSED] - Test Cases/s-sidebar_navigation/individualAccount/Login_Muzamil: Test Cases/s-sidebar_navigation/individualAccount/Login_Muzamil

2019-04-03 12:40:13 - [TEST_STEP][PASSED] - openBrowser(""): Browser is opened with url: ''

2019-04-03 12:40:13 - [MESSAGE][WARNING] - A browser is already opened. Closing browser and opening a new one

2019-04-03 12:40:13 - [MESSAGE][INFO] - Starting 'Chrome' driver

2019-04-03 12:40:13 - [MESSAGE][PASSED] - Browser is opened with url: ''

2019-04-03 12:40:13 - [TEST_STEP][PASSED] - maximizeWindow(): Current window maximized

2019-04-03 12:40:13 - [MESSAGE][PASSED] - Current window maximized

2019-04-03 12:40:13 - [TEST_STEP][PASSED] - navigateToUrl("https://app.kibopush.com/"): Navigate to 'https://app.kibopush.com/' successfully

2019-04-03 12:40:24 - [MESSAGE][PASSED] - Navigate to 'https://app.kibopush.com/' successfully

2019-04-03 12:40:24 - [TEST_STEP][PASSED] - click(findTestObject("Page_CloudKibo/a_Login (2)")): Object: 'Object Repository/Page_CloudKibo/a_Login (2)' is clicked on

2019-04-03 12:40:25 - [MESSAGE][PASSED] - Object: 'Object Repository/Page_CloudKibo/a_Login (2)' is clicked on

2019-04-03 12:40:25 - [TEST_STEP][PASSED] - delay(2): Delayed 2 second(s)

2019-04-03 12:40:27 - [MESSAGE][PASSED] - Delayed 2 second(s)

2019-04-03 12:40:27 - [TEST_STEP][PASSED] - setText(findTestObject("Page_CloudKibo/input_Sign In_email (1)"), "muzamil.bukhari.39@gmail.com"): Text 'muzamil.bukhari.39@gmail.com' is set on object 'Object Repository/Page_CloudKibo/input_Sign In_email (1)'

2019-04-03 12:40:27 - [MESSAGE][PASSED] - Text 'muzamil.bukhari.39@gmail.com' is set on object 'Object Repository/Page_CloudKibo/input_Sign In_email (1)'

2019-04-03 12:40:27 - [TEST_STEP][PASSED] - setEncryptedText(findTestObject("Page_CloudKibo/input_Sign In_password (1)"), "ZOMPkeJIpHWb3LMKk986MQ=="): Text ****** has been set on object 'Object Repository/Page_CloudKibo/input_Sign In_password (1)'

2019-04-03 12:40:27 - [MESSAGE][PASSED] - Text ****** has been set on object 'Object Repository/Page_CloudKibo/input_Sign In_password (1)'

2019-04-03 12:40:27 - [TEST_STEP][PASSED] - delay(1): Delayed 1 second(s)

2019-04-03 12:40:28 - [MESSAGE][PASSED] - Delayed 1 second(s)

2019-04-03 12:40:28 - [TEST_STEP][PASSED] - click(findTestObject("Page_CloudKibo/button_Sign In (5)")): Object: 'Object Repository/Page_CloudKibo/button_Sign In (5)' is clicked on

2019-04-03 12:40:28 - [MESSAGE][PASSED] - Object: 'Object Repository/Page_CloudKibo/button_Sign In (5)' is clicked on

2019-04-03 12:40:28 - [TEST_STEP][PASSED] - delay(3): Delayed 3 second(s)

2019-04-03 12:40:31 - [MESSAGE][PASSED] - Delayed 3 second(s)

2019-04-03 12:40:31 - [TEST_STEP][PASSED] - click(findTestObject("Object Repository/Page_KiboEngage  Dashboard/h4_KIBOPUSH")): Object: 'Object Repository/Page_KiboEngage  Dashboard/h4_KIBOPUSH' is clicked on

2019-04-03 12:40:49 - [MESSAGE][PASSED] - Object: 'Object Repository/Page_KiboEngage  Dashboard/h4_KIBOPUSH' is clicked on

2019-04-03 12:40:49 - [MESSAGE][PASSED] - Call Test Case 'Test Cases/s-sidebar_navigation/individualAccount/Login_Muzamil' successfully

2019-04-03 12:40:49 - [TEST_STEP][PASSED] - delay(2): Delayed 2 second(s)

2019-04-03 12:40:51 - [MESSAGE][PASSED] - Delayed 2 second(s)

2019-04-03 12:40:51 - [TEST_STEP][PASSED] - click(findTestObject("Page_KiboEngage  Dashboard/span_Growth Tools (3) (1)")): Object: 'Object Repository/Page_KiboEngage  Dashboard/span_Growth Tools (3) (1)' is clicked on

2019-04-03 12:40:51 - [MESSAGE][PASSED] - Object: 'Object Repository/Page_KiboEngage  Dashboard/span_Growth Tools (3) (1)' is clicked on

2019-04-03 12:40:51 - [TEST_STEP][PASSED] - delay(2): Delayed 2 second(s)

2019-04-03 12:40:53 - [MESSAGE][PASSED] - Delayed 2 second(s)

2019-04-03 12:40:53 - [TEST_STEP][PASSED] - click(findTestObject("Page_KiboEngage  Dashboard/span_Landing Pages (1) (1)")): Object: 'Object Repository/Page_KiboEngage  Dashboard/span_Landing Pages (1) (1)' is clicked on

2019-04-03 12:40:54 - [MESSAGE][PASSED] - Object: 'Object Repository/Page_KiboEngage  Dashboard/span_Landing Pages (1) (1)' is clicked on

2019-04-03 12:40:54 - [TEST_STEP][PASSED] - delay(2): Delayed 2 second(s)

2019-04-03 12:40:56 - [MESSAGE][PASSED] - Delayed 2 second(s)

2019-04-03 12:40:56 - [TEST_STEP][PASSED] - click(findTestObject("Page_KiboEngage  Landing Pages/span_Create New")): Object: 'Object Repository/Page_KiboEngage  Landing Pages/span_Create New' is clicked on

2019-04-03 12:40:56 - [MESSAGE][PASSED] - Object: 'Object Repository/Page_KiboEngage  Landing Pages/span_Create New' is clicked on

2019-04-03 12:40:56 - [TEST_STEP][PASSED] - delay(2): Delayed 2 second(s)

2019-04-03 12:40:58 - [MESSAGE][PASSED] - Delayed 2 second(s)

2019-04-03 12:40:58 - [TEST_STEP][PASSED] - click(findTestObject("Page_KiboEngage  Landing Pages/button_Create")): Object: 'Object Repository/Page_KiboEngage  Landing Pages/button_Create' is clicked on

2019-04-03 12:40:58 - [MESSAGE][PASSED] - Object: 'Object Repository/Page_KiboEngage  Landing Pages/button_Create' is clicked on

2019-04-03 12:40:58 - [TEST_STEP][PASSED] - delay(2): Delayed 2 second(s)

2019-04-03 12:41:00 - [MESSAGE][PASSED] - Delayed 2 second(s)

2019-04-03 12:41:00 - [TEST_STEP][PASSED] - click(findTestObject("Page_KiboEngage  Create Landing Page/a_Opt-In Actions")): Object: 'Object Repository/Page_KiboEngage  Create Landing Page/a_Opt-In Actions' is clicked on

2019-04-03 12:41:00 - [MESSAGE][PASSED] - Object: 'Object Repository/Page_KiboEngage  Create Landing Page/a_Opt-In Actions' is clicked on

2019-04-03 12:41:00 - [TEST_STEP][PASSED] - delay(2): Delayed 2 second(s)

2019-04-03 12:41:02 - [MESSAGE][PASSED] - Delayed 2 second(s)

2019-04-03 12:41:02 - [TEST_STEP][PASSED] - click(findTestObject("Page_KiboEngage  Create Landing Page/a_Next_btn btn-circle btn-icon-only btn-default m-input-icon__icon m-input-icon__icon--right")): Object: 'Object Repository/Page_KiboEngage  Create Landing Page/a_Next_btn btn-circle btn-icon-only btn-default m-input-icon__icon m-input-icon__icon--right' is clicked on

2019-04-03 12:41:03 - [MESSAGE][PASSED] - Object: 'Object Repository/Page_KiboEngage  Create Landing Page/a_Next_btn btn-circle btn-icon-only btn-default m-input-icon__icon m-input-icon__icon--right' is clicked on

2019-04-03 12:41:03 - [TEST_STEP][PASSED] - click(findTestObject("Page_KiboEngage  Create Message/h3_Landing Page Opt-In Message (1)")): Object: 'Object Repository/Page_KiboEngage  Create Message/h3_Landing Page Opt-In Message (1)' is clicked on

2019-04-03 12:41:03 - [MESSAGE][PASSED] - Object: 'Object Repository/Page_KiboEngage  Create Message/h3_Landing Page Opt-In Message (1)' is clicked on

2019-04-03 12:41:03 - [MESSAGE][PASSED] - Call Test Case 'Test Cases/Landing Pages Test Cases/Open Create Landing Page' successfully

2019-04-03 12:41:03 - [TEST_STEP][PASSED] - delay(2): Delayed 2 second(s)

2019-04-03 12:41:05 - [MESSAGE][PASSED] - Delayed 2 second(s)

2019-04-03 12:41:05 - [TEST_STEP][PASSED] - click(findTestObject("Object Repository/Page_KiboEngage  Create Message/h6_ Add Button (1) (2)")): Object: 'Object Repository/Page_KiboEngage  Create Message/h6_ Add Button (1) (2)' is clicked on

2019-04-03 12:41:05 - [MESSAGE][PASSED] - Object: 'Object Repository/Page_KiboEngage  Create Message/h6_ Add Button (1) (2)' is clicked on

2019-04-03 12:41:05 - [TEST_STEP][PASSED] - setText(findTestObject("Object Repository/Page_KiboEngage  Create Message/input_Button Title_form-control (2)"), "Test"): Text 'Test' is set on object 'Object Repository/Page_KiboEngage  Create Message/input_Button Title_form-control (2)'

2019-04-03 12:41:05 - [MESSAGE][PASSED] - Text 'Test' is set on object 'Object Repository/Page_KiboEngage  Create Message/input_Button Title_form-control (2)'

2019-04-03 12:41:05 - [TEST_STEP][PASSED] - delay(1): Delayed 1 second(s)

2019-04-03 12:41:06 - [MESSAGE][PASSED] - Delayed 1 second(s)

2019-04-03 12:41:06 - [TEST_STEP][PASSED] - click(findTestObject("Object Repository/Page_KiboEngage  Create Message/h7_Open a webview (2)")): Object: 'Object Repository/Page_KiboEngage  Create Message/h7_Open a webview (2)' is clicked on

2019-04-03 12:41:06 - [MESSAGE][PASSED] - Object: 'Object Repository/Page_KiboEngage  Create Message/h7_Open a webview (2)' is clicked on

2019-04-03 12:41:06 - [TEST_STEP][PASSED] - setText(findTestObject("Object Repository/Page_KiboEngage  Create Message/input_Url_form-control (2)"), "https://kiboengage.cloudkibo.com"): Text 'https://kiboengage.cloudkibo.com' is set on object 'Object Repository/Page_KiboEngage  Create Message/input_Url_form-control (2)'

2019-04-03 12:41:07 - [MESSAGE][PASSED] - Text 'https://kiboengage.cloudkibo.com' is set on object 'Object Repository/Page_KiboEngage  Create Message/input_Url_form-control (2)'

2019-04-03 12:41:07 - [TEST_STEP][PASSED] - click(findTestObject("Object Repository/Page_KiboEngage  Create Message/button_Done (2)")): Object: 'Object Repository/Page_KiboEngage  Create Message/button_Done (2)' is clicked on

2019-04-03 12:41:07 - [MESSAGE][PASSED] - Object: 'Object Repository/Page_KiboEngage  Create Message/button_Done (2)' is clicked on

2019-04-03 12:41:07 - [TEST_STEP][PASSED] - click(findTestObject("Object Repository/Page_KiboEngage  Create Message/button_Test (1)")): Object: 'Object Repository/Page_KiboEngage  Create Message/button_Test (1)' is clicked on

2019-04-03 12:41:08 - [MESSAGE][PASSED] - Object: 'Object Repository/Page_KiboEngage  Create Message/button_Test (1)' is clicked on

2019-04-03 12:41:08 - [TEST_STEP][PASSED] - click(findTestObject("Object Repository/Page_KiboEngage  Create Message/button_Remove")): Object: 'Object Repository/Page_KiboEngage  Create Message/button_Remove' is clicked on

2019-04-03 12:41:08 - [MESSAGE][PASSED] - Object: 'Object Repository/Page_KiboEngage  Create Message/button_Remove' is clicked on

2019-04-03 12:41:08 - [TEST_STEP][FAILED] - verifyElementNotPresent(findTestObject("Object Repository/Page_KiboEngage  Create Message/button_Test (1)"), 0): verifyElementNotPresent(findTestObject("Object Repository/Page_KiboEngage  Create Message/button_Test (1)"), 0) FAILED.
Reason:
com.kms.katalon.core.exception.StepFailedException: Unable to verify object 'Object Repository/Page_KiboEngage  Create Message/button_Test (1)' is not present
	at com.kms.katalon.core.webui.keyword.internal.WebUIKeywordMain.stepFailed(WebUIKeywordMain.groovy:64)
	at com.kms.katalon.core.webui.keyword.internal.WebUIKeywordMain.runKeyword(WebUIKeywordMain.groovy:26)
	at com.kms.katalon.core.webui.keyword.builtin.VerifyElementNotPresentKeyword.verifyElementNotPresent(VerifyElementNotPresentKeyword.groovy:118)
	at com.kms.katalon.core.webui.keyword.builtin.VerifyElementNotPresentKeyword.execute(VerifyElementNotPresentKeyword.groovy:68)
	at com.kms.katalon.core.keyword.internal.KeywordExecutor.executeKeywordForPlatform(KeywordExecutor.groovy:56)
	at com.kms.katalon.core.webui.keyword.WebUiBuiltInKeywords.verifyElementNotPresent(WebUiBuiltInKeywords.groovy:1467)
	at com.kms.katalon.core.webui.keyword.WebUiBuiltInKeywords$verifyElementNotPresent$6.call(Unknown Source)
	at TC11123.run(TC11123:36)
	at com.kms.katalon.core.main.ScriptEngine.run(ScriptEngine.java:194)
	at com.kms.katalon.core.main.ScriptEngine.runScriptAsRawText(ScriptEngine.java:119)
	at com.kms.katalon.core.main.TestCaseExecutor.runScript(TestCaseExecutor.java:331)
	at com.kms.katalon.core.main.TestCaseExecutor.doExecute(TestCaseExecutor.java:322)
	at com.kms.katalon.core.main.TestCaseExecutor.processExecutionPhase(TestCaseExecutor.java:301)
	at com.kms.katalon.core.main.TestCaseExecutor.accessMainPhase(TestCaseExecutor.java:293)
	at com.kms.katalon.core.main.TestCaseExecutor.execute(TestCaseExecutor.java:227)
	at com.kms.katalon.core.main.TestSuiteExecutor.accessTestCaseMainPhase(TestSuiteExecutor.java:129)
	at com.kms.katalon.core.main.TestSuiteExecutor.accessTestSuiteMainPhase(TestSuiteExecutor.java:112)
	at com.kms.katalon.core.main.TestSuiteExecutor.execute(TestSuiteExecutor.java:81)
	at com.kms.katalon.core.main.TestCaseMain.startTestSuite(TestCaseMain.java:157)
	at com.kms.katalon.core.main.TestCaseMain$startTestSuite$0.call(Unknown Source)
	at TempTestSuite1554275422234.run(TempTestSuite1554275422234.groovy:35)
Caused by: com.kms.katalon.core.exception.StepFailedException: Web element with id: 'Object Repository/Page_KiboEngage  Create Message/button_Test (1)' located by 'By.xpath: //button[(text() = 'Test' or . = 'Test')]' is present after '30' second(s)
	at com.kms.katalon.core.webui.keyword.internal.WebUIKeywordMain.stepFailed(WebUIKeywordMain.groovy:64)
	at com.kms.katalon.core.webui.keyword.builtin.VerifyElementNotPresentKeyword$_verifyElementNotPresent_closure1.doCall(VerifyElementNotPresentKeyword.groovy:107)
	at com.kms.katalon.core.webui.keyword.builtin.VerifyElementNotPresentKeyword$_verifyElementNotPresent_closure1.call(VerifyElementNotPresentKeyword.groovy)
	at com.kms.katalon.core.webui.keyword.internal.WebUIKeywordMain.runKeyword(WebUIKeywordMain.groovy:20)
	... 19 more


2019-04-03 12:41:08 - [MESSAGE][WARNING] - Timeout '0' is invalid. Using default page load timeout: '30'

2019-04-03 12:41:38 - [MESSAGE][FAILED] - Web element with id: 'Object Repository/Page_KiboEngage  Create Message/button_Test (1)' located by 'By.xpath: //button[(text() = 'Test' or . = 'Test')]' is present after '30' second(s) (Root cause: com.kms.katalon.core.exception.StepFailedException: Web element with id: 'Object Repository/Page_KiboEngage  Create Message/button_Test (1)' located by 'By.xpath: //button[(text() = 'Test' or . = 'Test')]' is present after '30' second(s)
	at com.kms.katalon.core.webui.keyword.internal.WebUIKeywordMain.stepFailed(WebUIKeywordMain.groovy:64)
	at com.kms.katalon.core.webui.keyword.builtin.VerifyElementNotPresentKeyword$_verifyElementNotPresent_closure1.doCall(VerifyElementNotPresentKeyword.groovy:107)
	at com.kms.katalon.core.webui.keyword.builtin.VerifyElementNotPresentKeyword$_verifyElementNotPresent_closure1.call(VerifyElementNotPresentKeyword.groovy)
	at com.kms.katalon.core.webui.keyword.internal.WebUIKeywordMain.runKeyword(WebUIKeywordMain.groovy:20)
	at com.kms.katalon.core.webui.keyword.builtin.VerifyElementNotPresentKeyword.verifyElementNotPresent(VerifyElementNotPresentKeyword.groovy:118)
	at com.kms.katalon.core.webui.keyword.builtin.VerifyElementNotPresentKeyword.execute(VerifyElementNotPresentKeyword.groovy:68)
	at com.kms.katalon.core.keyword.internal.KeywordExecutor.executeKeywordForPlatform(KeywordExecutor.groovy:56)
	at com.kms.katalon.core.webui.keyword.WebUiBuiltInKeywords.verifyElementNotPresent(WebUiBuiltInKeywords.groovy:1467)
	at com.kms.katalon.core.webui.keyword.WebUiBuiltInKeywords$verifyElementNotPresent$6.call(Unknown Source)
	at TC11123.run(TC11123:36)
	at com.kms.katalon.core.main.ScriptEngine.run(ScriptEngine.java:194)
	at com.kms.katalon.core.main.ScriptEngine.runScriptAsRawText(ScriptEngine.java:119)
	at com.kms.katalon.core.main.TestCaseExecutor.runScript(TestCaseExecutor.java:331)
	at com.kms.katalon.core.main.TestCaseExecutor.doExecute(TestCaseExecutor.java:322)
	at com.kms.katalon.core.main.TestCaseExecutor.processExecutionPhase(TestCaseExecutor.java:301)
	at com.kms.katalon.core.main.TestCaseExecutor.accessMainPhase(TestCaseExecutor.java:293)
	at com.kms.katalon.core.main.TestCaseExecutor.execute(TestCaseExecutor.java:227)
	at com.kms.katalon.core.main.TestSuiteExecutor.accessTestCaseMainPhase(TestSuiteExecutor.java:129)
	at com.kms.katalon.core.main.TestSuiteExecutor.accessTestSuiteMainPhase(TestSuiteExecutor.java:112)
	at com.kms.katalon.core.main.TestSuiteExecutor.execute(TestSuiteExecutor.java:81)
	at com.kms.katalon.core.main.TestCaseMain.startTestSuite(TestCaseMain.java:157)
	at com.kms.katalon.core.main.TestCaseMain$startTestSuite$0.call(Unknown Source)
	at TempTestSuite1554275422234.run(TempTestSuite1554275422234.groovy:35)
)
[[ATTACHMENT|/home/cloudkibo-muzamil/Downloads/Test cases/production/KiboPush/Reports/Webview/20190403_121022/1554277298721.png]]

2019-04-03 12:41:39 - [MESSAGE][FAILED] - Unable to verify object 'Object Repository/Page_KiboEngage  Create Message/button_Test (1)' is not present (Root cause: com.kms.katalon.core.exception.StepFailedException: Unable to verify object 'Object Repository/Page_KiboEngage  Create Message/button_Test (1)' is not present
	at com.kms.katalon.core.webui.keyword.internal.WebUIKeywordMain.stepFailed(WebUIKeywordMain.groovy:64)
	at com.kms.katalon.core.webui.keyword.internal.WebUIKeywordMain.runKeyword(WebUIKeywordMain.groovy:26)
	at com.kms.katalon.core.webui.keyword.builtin.VerifyElementNotPresentKeyword.verifyElementNotPresent(VerifyElementNotPresentKeyword.groovy:118)
	at com.kms.katalon.core.webui.keyword.builtin.VerifyElementNotPresentKeyword.execute(VerifyElementNotPresentKeyword.groovy:68)
	at com.kms.katalon.core.keyword.internal.KeywordExecutor.executeKeywordForPlatform(KeywordExecutor.groovy:56)
	at com.kms.katalon.core.webui.keyword.WebUiBuiltInKeywords.verifyElementNotPresent(WebUiBuiltInKeywords.groovy:1467)
	at com.kms.katalon.core.webui.keyword.WebUiBuiltInKeywords$verifyElementNotPresent$6.call(Unknown Source)
	at TC11123.run(TC11123:36)
	at com.kms.katalon.core.main.ScriptEngine.run(ScriptEngine.java:194)
	at com.kms.katalon.core.main.ScriptEngine.runScriptAsRawText(ScriptEngine.java:119)
	at com.kms.katalon.core.main.TestCaseExecutor.runScript(TestCaseExecutor.java:331)
	at com.kms.katalon.core.main.TestCaseExecutor.doExecute(TestCaseExecutor.java:322)
	at com.kms.katalon.core.main.TestCaseExecutor.processExecutionPhase(TestCaseExecutor.java:301)
	at com.kms.katalon.core.main.TestCaseExecutor.accessMainPhase(TestCaseExecutor.java:293)
	at com.kms.katalon.core.main.TestCaseExecutor.execute(TestCaseExecutor.java:227)
	at com.kms.katalon.core.main.TestSuiteExecutor.accessTestCaseMainPhase(TestSuiteExecutor.java:129)
	at com.kms.katalon.core.main.TestSuiteExecutor.accessTestSuiteMainPhase(TestSuiteExecutor.java:112)
	at com.kms.katalon.core.main.TestSuiteExecutor.execute(TestSuiteExecutor.java:81)
	at com.kms.katalon.core.main.TestCaseMain.startTestSuite(TestCaseMain.java:157)
	at com.kms.katalon.core.main.TestCaseMain$startTestSuite$0.call(Unknown Source)
	at TempTestSuite1554275422234.run(TempTestSuite1554275422234.groovy:35)
Caused by: com.kms.katalon.core.exception.StepFailedException: Web element with id: 'Object Repository/Page_KiboEngage  Create Message/button_Test (1)' located by 'By.xpath: //button[(text() = 'Test' or . = 'Test')]' is present after '30' second(s)
	at com.kms.katalon.core.webui.keyword.internal.WebUIKeywordMain.stepFailed(WebUIKeywordMain.groovy:64)
	at com.kms.katalon.core.webui.keyword.builtin.VerifyElementNotPresentKeyword$_verifyElementNotPresent_closure1.doCall(VerifyElementNotPresentKeyword.groovy:107)
	at com.kms.katalon.core.webui.keyword.builtin.VerifyElementNotPresentKeyword$_verifyElementNotPresent_closure1.call(VerifyElementNotPresentKeyword.groovy)
	at com.kms.katalon.core.webui.keyword.internal.WebUIKeywordMain.runKeyword(WebUIKeywordMain.groovy:20)
	... 19 more
)
[[ATTACHMENT|/home/cloudkibo-muzamil/Downloads/Test cases/production/KiboPush/Reports/Webview/20190403_121022/1554277298884.png]]

2019-04-03 12:41:39 - [MESSAGE][FAILED] - verifyElementNotPresent(findTestObject("Object Repository/Page_KiboEngage  Create Message/button_Test (1)"), 0) FAILED.
Reason:
com.kms.katalon.core.exception.StepFailedException: Unable to verify object 'Object Repository/Page_KiboEngage  Create Message/button_Test (1)' is not present
	at com.kms.katalon.core.webui.keyword.internal.WebUIKeywordMain.stepFailed(WebUIKeywordMain.groovy:64)
	at com.kms.katalon.core.webui.keyword.internal.WebUIKeywordMain.runKeyword(WebUIKeywordMain.groovy:26)
	at com.kms.katalon.core.webui.keyword.builtin.VerifyElementNotPresentKeyword.verifyElementNotPresent(VerifyElementNotPresentKeyword.groovy:118)
	at com.kms.katalon.core.webui.keyword.builtin.VerifyElementNotPresentKeyword.execute(VerifyElementNotPresentKeyword.groovy:68)
	at com.kms.katalon.core.keyword.internal.KeywordExecutor.executeKeywordForPlatform(KeywordExecutor.groovy:56)
	at com.kms.katalon.core.webui.keyword.WebUiBuiltInKeywords.verifyElementNotPresent(WebUiBuiltInKeywords.groovy:1467)
	at com.kms.katalon.core.webui.keyword.WebUiBuiltInKeywords$verifyElementNotPresent$6.call(Unknown Source)
	at TC11123.run(TC11123:36)
	at com.kms.katalon.core.main.ScriptEngine.run(ScriptEngine.java:194)
	at com.kms.katalon.core.main.ScriptEngine.runScriptAsRawText(ScriptEngine.java:119)
	at com.kms.katalon.core.main.TestCaseExecutor.runScript(TestCaseExecutor.java:331)
	at com.kms.katalon.core.main.TestCaseExecutor.doExecute(TestCaseExecutor.java:322)
	at com.kms.katalon.core.main.TestCaseExecutor.processExecutionPhase(TestCaseExecutor.java:301)
	at com.kms.katalon.core.main.TestCaseExecutor.accessMainPhase(TestCaseExecutor.java:293)
	at com.kms.katalon.core.main.TestCaseExecutor.execute(TestCaseExecutor.java:227)
	at com.kms.katalon.core.main.TestSuiteExecutor.accessTestCaseMainPhase(TestSuiteExecutor.java:129)
	at com.kms.katalon.core.main.TestSuiteExecutor.accessTestSuiteMainPhase(TestSuiteExecutor.java:112)
	at com.kms.katalon.core.main.TestSuiteExecutor.execute(TestSuiteExecutor.java:81)
	at com.kms.katalon.core.main.TestCaseMain.startTestSuite(TestCaseMain.java:157)
	at com.kms.katalon.core.main.TestCaseMain$startTestSuite$0.call(Unknown Source)
	at TempTestSuite1554275422234.run(TempTestSuite1554275422234.groovy:35)
Caused by: com.kms.katalon.core.exception.StepFailedException: Web element with id: 'Object Repository/Page_KiboEngage  Create Message/button_Test (1)' located by 'By.xpath: //button[(text() = 'Test' or . = 'Test')]' is present after '30' second(s)
	at com.kms.katalon.core.webui.keyword.internal.WebUIKeywordMain.stepFailed(WebUIKeywordMain.groovy:64)
	at com.kms.katalon.core.webui.keyword.builtin.VerifyElementNotPresentKeyword$_verifyElementNotPresent_closure1.doCall(VerifyElementNotPresentKeyword.groovy:107)
	at com.kms.katalon.core.webui.keyword.builtin.VerifyElementNotPresentKeyword$_verifyElementNotPresent_closure1.call(VerifyElementNotPresentKeyword.groovy)
	at com.kms.katalon.core.webui.keyword.internal.WebUIKeywordMain.runKeyword(WebUIKeywordMain.groovy:20)
	... 19 more]]></system-out>
         <system-err><![CDATA[2019-04-03 12:40:12 - [TEST_CASE][FAILED] - Test Cases/Webview/TC11123: Test Cases/Webview/TC11123 FAILED.
Reason:
com.kms.katalon.core.exception.StepFailedException: Unable to verify object 'Object Repository/Page_KiboEngage  Create Message/button_Test (1)' is not present
	at com.kms.katalon.core.webui.keyword.internal.WebUIKeywordMain.stepFailed(WebUIKeywordMain.groovy:64)
	at com.kms.katalon.core.webui.keyword.internal.WebUIKeywordMain.runKeyword(WebUIKeywordMain.groovy:26)
	at com.kms.katalon.core.webui.keyword.builtin.VerifyElementNotPresentKeyword.verifyElementNotPresent(VerifyElementNotPresentKeyword.groovy:118)
	at com.kms.katalon.core.webui.keyword.builtin.VerifyElementNotPresentKeyword.execute(VerifyElementNotPresentKeyword.groovy:68)
	at com.kms.katalon.core.keyword.internal.KeywordExecutor.executeKeywordForPlatform(KeywordExecutor.groovy:56)
	at com.kms.katalon.core.webui.keyword.WebUiBuiltInKeywords.verifyElementNotPresent(WebUiBuiltInKeywords.groovy:1467)
	at com.kms.katalon.core.webui.keyword.WebUiBuiltInKeywords$verifyElementNotPresent$6.call(Unknown Source)
	at TC11123.run(TC11123:36)
	at com.kms.katalon.core.main.ScriptEngine.run(ScriptEngine.java:194)
	at com.kms.katalon.core.main.ScriptEngine.runScriptAsRawText(ScriptEngine.java:119)
	at com.kms.katalon.core.main.TestCaseExecutor.runScript(TestCaseExecutor.java:331)
	at com.kms.katalon.core.main.TestCaseExecutor.doExecute(TestCaseExecutor.java:322)
	at com.kms.katalon.core.main.TestCaseExecutor.processExecutionPhase(TestCaseExecutor.java:301)
	at com.kms.katalon.core.main.TestCaseExecutor.accessMainPhase(TestCaseExecutor.java:293)
	at com.kms.katalon.core.main.TestCaseExecutor.execute(TestCaseExecutor.java:227)
	at com.kms.katalon.core.main.TestSuiteExecutor.accessTestCaseMainPhase(TestSuiteExecutor.java:129)
	at com.kms.katalon.core.main.TestSuiteExecutor.accessTestSuiteMainPhase(TestSuiteExecutor.java:112)
	at com.kms.katalon.core.main.TestSuiteExecutor.execute(TestSuiteExecutor.java:81)
	at com.kms.katalon.core.main.TestCaseMain.startTestSuite(TestCaseMain.java:157)
	at com.kms.katalon.core.main.TestCaseMain$startTestSuite$0.call(Unknown Source)
	at TempTestSuite1554275422234.run(TempTestSuite1554275422234.groovy:35)
Caused by: com.kms.katalon.core.exception.StepFailedException: Web element with id: 'Object Repository/Page_KiboEngage  Create Message/button_Test (1)' located by 'By.xpath: //button[(text() = 'Test' or . = 'Test')]' is present after '30' second(s)
	at com.kms.katalon.core.webui.keyword.internal.WebUIKeywordMain.stepFailed(WebUIKeywordMain.groovy:64)
	at com.kms.katalon.core.webui.keyword.builtin.VerifyElementNotPresentKeyword$_verifyElementNotPresent_closure1.doCall(VerifyElementNotPresentKeyword.groovy:107)
	at com.kms.katalon.core.webui.keyword.builtin.VerifyElementNotPresentKeyword$_verifyElementNotPresent_closure1.call(VerifyElementNotPresentKeyword.groovy)
	at com.kms.katalon.core.webui.keyword.internal.WebUIKeywordMain.runKeyword(WebUIKeywordMain.groovy:20)
	... 19 more]]></system-err>
      </testcase>
      <testcase name="Test Cases/Webview/TC11124" classname="Test Cases/Webview/TC11124" status="PASSED">
         <system-out><![CDATA[2019-04-03 12:41:39 - [TEST_CASE][PASSED] - Test Cases/Webview/TC11124: Test Cases/Webview/TC11124

2019-04-03 12:41:39 - [TEST_STEP][PASSED] - callTestCase(findTestCase("Landing Pages Test Cases/Open Create Landing Page"), [:], STOP_ON_FAILURE): Call Test Case 'Test Cases/Landing Pages Test Cases/Open Create Landing Page' successfully

2019-04-03 12:41:39 - [TEST_CASE][PASSED] - Test Cases/Landing Pages Test Cases/Open Create Landing Page: Test Cases/Landing Pages Test Cases/Open Create Landing Page

2019-04-03 12:41:39 - [TEST_STEP][PASSED] - openBrowser(""): Browser is opened with url: ''

2019-04-03 12:41:39 - [MESSAGE][WARNING] - A browser is already opened. Closing browser and opening a new one

2019-04-03 12:41:39 - [MESSAGE][INFO] - Starting 'Chrome' driver

2019-04-03 12:41:39 - [MESSAGE][PASSED] - Browser is opened with url: ''

2019-04-03 12:41:39 - [TEST_STEP][PASSED] - callTestCase(findTestCase("s-sidebar_navigation/individualAccount/Login_Muzamil"), [:], STOP_ON_FAILURE): Call Test Case 'Test Cases/s-sidebar_navigation/individualAccount/Login_Muzamil' successfully

2019-04-03 12:41:39 - [TEST_CASE][PASSED] - Test Cases/s-sidebar_navigation/individualAccount/Login_Muzamil: Test Cases/s-sidebar_navigation/individualAccount/Login_Muzamil

2019-04-03 12:41:39 - [TEST_STEP][PASSED] - openBrowser(""): Browser is opened with url: ''

2019-04-03 12:41:39 - [MESSAGE][WARNING] - A browser is already opened. Closing browser and opening a new one

2019-04-03 12:41:39 - [MESSAGE][INFO] - Starting 'Chrome' driver

2019-04-03 12:41:40 - [MESSAGE][PASSED] - Browser is opened with url: ''

2019-04-03 12:41:40 - [TEST_STEP][PASSED] - maximizeWindow(): Current window maximized

2019-04-03 12:41:40 - [MESSAGE][PASSED] - Current window maximized

2019-04-03 12:41:40 - [TEST_STEP][PASSED] - navigateToUrl("https://app.kibopush.com/"): Navigate to 'https://app.kibopush.com/' successfully

2019-04-03 12:41:52 - [MESSAGE][PASSED] - Navigate to 'https://app.kibopush.com/' successfully

2019-04-03 12:41:52 - [TEST_STEP][PASSED] - click(findTestObject("Page_CloudKibo/a_Login (2)")): Object: 'Object Repository/Page_CloudKibo/a_Login (2)' is clicked on

2019-04-03 12:41:53 - [MESSAGE][PASSED] - Object: 'Object Repository/Page_CloudKibo/a_Login (2)' is clicked on

2019-04-03 12:41:53 - [TEST_STEP][PASSED] - delay(2): Delayed 2 second(s)

2019-04-03 12:41:55 - [MESSAGE][PASSED] - Delayed 2 second(s)

2019-04-03 12:41:55 - [TEST_STEP][PASSED] - setText(findTestObject("Page_CloudKibo/input_Sign In_email (1)"), "muzamil.bukhari.39@gmail.com"): Text 'muzamil.bukhari.39@gmail.com' is set on object 'Object Repository/Page_CloudKibo/input_Sign In_email (1)'

2019-04-03 12:41:55 - [MESSAGE][PASSED] - Text 'muzamil.bukhari.39@gmail.com' is set on object 'Object Repository/Page_CloudKibo/input_Sign In_email (1)'

2019-04-03 12:41:55 - [TEST_STEP][PASSED] - setEncryptedText(findTestObject("Page_CloudKibo/input_Sign In_password (1)"), "ZOMPkeJIpHWb3LMKk986MQ=="): Text ****** has been set on object 'Object Repository/Page_CloudKibo/input_Sign In_password (1)'

2019-04-03 12:41:55 - [MESSAGE][PASSED] - Text ****** has been set on object 'Object Repository/Page_CloudKibo/input_Sign In_password (1)'

2019-04-03 12:41:55 - [TEST_STEP][PASSED] - delay(1): Delayed 1 second(s)

2019-04-03 12:41:56 - [MESSAGE][PASSED] - Delayed 1 second(s)

2019-04-03 12:41:56 - [TEST_STEP][PASSED] - click(findTestObject("Page_CloudKibo/button_Sign In (5)")): Object: 'Object Repository/Page_CloudKibo/button_Sign In (5)' is clicked on

2019-04-03 12:41:56 - [MESSAGE][PASSED] - Object: 'Object Repository/Page_CloudKibo/button_Sign In (5)' is clicked on

2019-04-03 12:41:56 - [TEST_STEP][PASSED] - delay(3): Delayed 3 second(s)

2019-04-03 12:41:59 - [MESSAGE][PASSED] - Delayed 3 second(s)

2019-04-03 12:41:59 - [TEST_STEP][PASSED] - click(findTestObject("Object Repository/Page_KiboEngage  Dashboard/h4_KIBOPUSH")): Object: 'Object Repository/Page_KiboEngage  Dashboard/h4_KIBOPUSH' is clicked on

2019-04-03 12:42:12 - [MESSAGE][PASSED] - Object: 'Object Repository/Page_KiboEngage  Dashboard/h4_KIBOPUSH' is clicked on

2019-04-03 12:42:12 - [MESSAGE][PASSED] - Call Test Case 'Test Cases/s-sidebar_navigation/individualAccount/Login_Muzamil' successfully

2019-04-03 12:42:12 - [TEST_STEP][PASSED] - delay(2): Delayed 2 second(s)

2019-04-03 12:42:14 - [MESSAGE][PASSED] - Delayed 2 second(s)

2019-04-03 12:42:14 - [TEST_STEP][PASSED] - click(findTestObject("Page_KiboEngage  Dashboard/span_Growth Tools (3) (1)")): Object: 'Object Repository/Page_KiboEngage  Dashboard/span_Growth Tools (3) (1)' is clicked on

2019-04-03 12:42:14 - [MESSAGE][PASSED] - Object: 'Object Repository/Page_KiboEngage  Dashboard/span_Growth Tools (3) (1)' is clicked on

2019-04-03 12:42:14 - [TEST_STEP][PASSED] - delay(2): Delayed 2 second(s)

2019-04-03 12:42:16 - [MESSAGE][PASSED] - Delayed 2 second(s)

2019-04-03 12:42:16 - [TEST_STEP][PASSED] - click(findTestObject("Page_KiboEngage  Dashboard/span_Landing Pages (1) (1)")): Object: 'Object Repository/Page_KiboEngage  Dashboard/span_Landing Pages (1) (1)' is clicked on

2019-04-03 12:42:16 - [MESSAGE][PASSED] - Object: 'Object Repository/Page_KiboEngage  Dashboard/span_Landing Pages (1) (1)' is clicked on

2019-04-03 12:42:16 - [TEST_STEP][PASSED] - delay(2): Delayed 2 second(s)

2019-04-03 12:42:18 - [MESSAGE][PASSED] - Delayed 2 second(s)

2019-04-03 12:42:18 - [TEST_STEP][PASSED] - click(findTestObject("Page_KiboEngage  Landing Pages/span_Create New")): Object: 'Object Repository/Page_KiboEngage  Landing Pages/span_Create New' is clicked on

2019-04-03 12:42:18 - [MESSAGE][PASSED] - Object: 'Object Repository/Page_KiboEngage  Landing Pages/span_Create New' is clicked on

2019-04-03 12:42:18 - [TEST_STEP][PASSED] - delay(2): Delayed 2 second(s)

2019-04-03 12:42:20 - [MESSAGE][PASSED] - Delayed 2 second(s)

2019-04-03 12:42:20 - [TEST_STEP][PASSED] - click(findTestObject("Page_KiboEngage  Landing Pages/button_Create")): Object: 'Object Repository/Page_KiboEngage  Landing Pages/button_Create' is clicked on

2019-04-03 12:42:20 - [MESSAGE][PASSED] - Object: 'Object Repository/Page_KiboEngage  Landing Pages/button_Create' is clicked on

2019-04-03 12:42:20 - [TEST_STEP][PASSED] - delay(2): Delayed 2 second(s)

2019-04-03 12:42:22 - [MESSAGE][PASSED] - Delayed 2 second(s)

2019-04-03 12:42:22 - [TEST_STEP][PASSED] - click(findTestObject("Page_KiboEngage  Create Landing Page/a_Opt-In Actions")): Object: 'Object Repository/Page_KiboEngage  Create Landing Page/a_Opt-In Actions' is clicked on

2019-04-03 12:42:23 - [MESSAGE][PASSED] - Object: 'Object Repository/Page_KiboEngage  Create Landing Page/a_Opt-In Actions' is clicked on

2019-04-03 12:42:23 - [TEST_STEP][PASSED] - delay(2): Delayed 2 second(s)

2019-04-03 12:42:25 - [MESSAGE][PASSED] - Delayed 2 second(s)

2019-04-03 12:42:25 - [TEST_STEP][PASSED] - click(findTestObject("Page_KiboEngage  Create Landing Page/a_Next_btn btn-circle btn-icon-only btn-default m-input-icon__icon m-input-icon__icon--right")): Object: 'Object Repository/Page_KiboEngage  Create Landing Page/a_Next_btn btn-circle btn-icon-only btn-default m-input-icon__icon m-input-icon__icon--right' is clicked on

2019-04-03 12:42:26 - [MESSAGE][PASSED] - Object: 'Object Repository/Page_KiboEngage  Create Landing Page/a_Next_btn btn-circle btn-icon-only btn-default m-input-icon__icon m-input-icon__icon--right' is clicked on

2019-04-03 12:42:26 - [TEST_STEP][PASSED] - click(findTestObject("Page_KiboEngage  Create Message/h3_Landing Page Opt-In Message (1)")): Object: 'Object Repository/Page_KiboEngage  Create Message/h3_Landing Page Opt-In Message (1)' is clicked on

2019-04-03 12:42:26 - [MESSAGE][PASSED] - Object: 'Object Repository/Page_KiboEngage  Create Message/h3_Landing Page Opt-In Message (1)' is clicked on

2019-04-03 12:42:26 - [MESSAGE][PASSED] - Call Test Case 'Test Cases/Landing Pages Test Cases/Open Create Landing Page' successfully

2019-04-03 12:42:26 - [TEST_STEP][PASSED] - delay(2): Delayed 2 second(s)

2019-04-03 12:42:28 - [MESSAGE][PASSED] - Delayed 2 second(s)

2019-04-03 12:42:28 - [TEST_STEP][PASSED] - click(findTestObject("Object Repository/Page_KiboEngage  Create Message/h6_Card")): Object: 'Object Repository/Page_KiboEngage  Create Message/h6_Card' is clicked on

2019-04-03 12:42:28 - [MESSAGE][PASSED] - Object: 'Object Repository/Page_KiboEngage  Create Message/h6_Card' is clicked on

2019-04-03 12:42:28 - [TEST_STEP][PASSED] - click(findTestObject("Object Repository/Page_KiboEngage  Create Message/i_Landing Page Opt-In Message_fa fa-times fa-stack-2x")): Object: 'Object Repository/Page_KiboEngage  Create Message/i_Landing Page Opt-In Message_fa fa-times fa-stack-2x' is clicked on

2019-04-03 12:42:28 - [MESSAGE][PASSED] - Object: 'Object Repository/Page_KiboEngage  Create Message/i_Landing Page Opt-In Message_fa fa-times fa-stack-2x' is clicked on

2019-04-03 12:42:28 - [TEST_STEP][PASSED] - setText(findTestObject("Object Repository/Page_KiboEngage  Create Message/input_Landing Page Opt-In Message_form-control"), "title"): Text 'title' is set on object 'Object Repository/Page_KiboEngage  Create Message/input_Landing Page Opt-In Message_form-control'

2019-04-03 12:42:29 - [MESSAGE][PASSED] - Text 'title' is set on object 'Object Repository/Page_KiboEngage  Create Message/input_Landing Page Opt-In Message_form-control'

2019-04-03 12:42:29 - [TEST_STEP][PASSED] - delay(2): Delayed 2 second(s)

2019-04-03 12:42:31 - [MESSAGE][PASSED] - Delayed 2 second(s)

2019-04-03 12:42:31 - [TEST_STEP][PASSED] - setText(findTestObject("Page_KiboEngage  Create Message/Card_Subtitle_textarea"), "subtitle"): Text 'subtitle' is set on object 'Object Repository/Page_KiboEngage  Create Message/Card_Subtitle_textarea'

2019-04-03 12:42:31 - [MESSAGE][PASSED] - Text 'subtitle' is set on object 'Object Repository/Page_KiboEngage  Create Message/Card_Subtitle_textarea'

2019-04-03 12:42:31 - [TEST_STEP][PASSED] - click(findTestObject("Object Repository/Page_KiboEngage  Create Message/a_Add Action")): Object: 'Object Repository/Page_KiboEngage  Create Message/a_Add Action' is clicked on

2019-04-03 12:42:31 - [MESSAGE][PASSED] - Object: 'Object Repository/Page_KiboEngage  Create Message/a_Add Action' is clicked on

2019-04-03 12:42:31 - [TEST_STEP][PASSED] - click(findTestObject("Object Repository/Page_KiboEngage  Create Message/div_Open a webview")): Object: 'Object Repository/Page_KiboEngage  Create Message/div_Open a webview' is clicked on

2019-04-03 12:42:31 - [MESSAGE][PASSED] - Object: 'Object Repository/Page_KiboEngage  Create Message/div_Open a webview' is clicked on

2019-04-03 12:42:31 - [TEST_STEP][PASSED] - setText(findTestObject("Object Repository/Page_KiboEngage  Create Message/input_Url_form-control (3)"), "https://kiboengage.cloudkibo.com"): Text 'https://kiboengage.cloudkibo.com' is set on object 'Object Repository/Page_KiboEngage  Create Message/input_Url_form-control (3)'

2019-04-03 12:42:31 - [MESSAGE][PASSED] - Text 'https://kiboengage.cloudkibo.com' is set on object 'Object Repository/Page_KiboEngage  Create Message/input_Url_form-control (3)'

2019-04-03 12:42:31 - [TEST_STEP][PASSED] - delay(2): Delayed 2 second(s)

2019-04-03 12:42:33 - [MESSAGE][PASSED] - Delayed 2 second(s)

2019-04-03 12:42:33 - [TEST_STEP][PASSED] - click(findTestObject("Object Repository/Page_KiboEngage  Create Message/button_Done (3)")): Object: 'Object Repository/Page_KiboEngage  Create Message/button_Done (3)' is clicked on

2019-04-03 12:42:33 - [MESSAGE][PASSED] - Object: 'Object Repository/Page_KiboEngage  Create Message/button_Done (3)' is clicked on

2019-04-03 12:42:33 - [TEST_STEP][PASSED] - delay(2): Delayed 2 second(s)

2019-04-03 12:42:35 - [MESSAGE][PASSED] - Delayed 2 second(s)

2019-04-03 12:42:35 - [TEST_STEP][PASSED] - click(findTestObject("Object Repository/Page_KiboEngage  Create Message/h6_ Add Button (3)")): Object: 'Object Repository/Page_KiboEngage  Create Message/h6_ Add Button (3)' is clicked on

2019-04-03 12:42:35 - [MESSAGE][PASSED] - Object: 'Object Repository/Page_KiboEngage  Create Message/h6_ Add Button (3)' is clicked on

2019-04-03 12:42:35 - [TEST_STEP][PASSED] - delay(2): Delayed 2 second(s)

2019-04-03 12:42:37 - [MESSAGE][PASSED] - Delayed 2 second(s)

2019-04-03 12:42:37 - [TEST_STEP][PASSED] - click(findTestObject("Object Repository/Page_KiboEngage  Create Message/div_Add Share button")): Object: 'Object Repository/Page_KiboEngage  Create Message/div_Add Share button' is clicked on

2019-04-03 12:42:38 - [MESSAGE][PASSED] - Object: 'Object Repository/Page_KiboEngage  Create Message/div_Add Share button' is clicked on

2019-04-03 12:42:38 - [TEST_STEP][PASSED] - click(findTestObject("Object Repository/Page_KiboEngage  Create Message/button_Done (3)")): Object: 'Object Repository/Page_KiboEngage  Create Message/button_Done (3)' is clicked on

2019-04-03 12:42:38 - [MESSAGE][PASSED] - Object: 'Object Repository/Page_KiboEngage  Create Message/button_Done (3)' is clicked on

2019-04-03 12:42:38 - [TEST_STEP][PASSED] - delay(2): Delayed 2 second(s)

2019-04-03 12:42:40 - [MESSAGE][PASSED] - Delayed 2 second(s)

2019-04-03 12:42:40 - [TEST_STEP][PASSED] - img = getProjectDir() + "/sample.jpg": null

2019-04-03 12:42:40 - [TEST_STEP][PASSED] - delay(3): Delayed 3 second(s)

2019-04-03 12:42:43 - [MESSAGE][PASSED] - Delayed 3 second(s)

2019-04-03 12:42:43 - [TEST_STEP][PASSED] - uploadFile(findTestObject("Page_KiboEngage  Create Broadcast/Upload Image"), img): File '/home/cloudkibo-muzamil/Downloads/Test cases/production/KiboPush/sample.jpg' sent to object: 'Object Repository/Page_KiboEngage  Create Broadcast/Upload Image'

2019-04-03 12:42:43 - [MESSAGE][PASSED] - File '/home/cloudkibo-muzamil/Downloads/Test cases/production/KiboPush/sample.jpg' sent to object: 'Object Repository/Page_KiboEngage  Create Broadcast/Upload Image'

2019-04-03 12:42:43 - [TEST_STEP][PASSED] - delay(8): Delayed 8 second(s)

2019-04-03 12:42:51 - [MESSAGE][PASSED] - Delayed 8 second(s)

2019-04-03 12:42:51 - [TEST_STEP][PASSED] - click(findTestObject("Object Repository/Page_KiboEngage  Create Message/h4_KIBOPUSH")): Object: 'Object Repository/Page_KiboEngage  Create Message/h4_KIBOPUSH' is clicked on

2019-04-03 12:42:51 - [MESSAGE][PASSED] - Object: 'Object Repository/Page_KiboEngage  Create Message/h4_KIBOPUSH' is clicked on

2019-04-03 12:42:51 - [TEST_STEP][PASSED] - delay(2): Delayed 2 second(s)

2019-04-03 12:42:53 - [MESSAGE][PASSED] - Delayed 2 second(s)

2019-04-03 12:42:53 - [TEST_STEP][PASSED] - click(findTestObject("Object Repository/Page_KiboEngage  Create Message/button_Save (2)")): Object: 'Object Repository/Page_KiboEngage  Create Message/button_Save (2)' is clicked on

2019-04-03 12:42:53 - [MESSAGE][PASSED] - Object: 'Object Repository/Page_KiboEngage  Create Message/button_Save (2)' is clicked on

2019-04-03 12:42:53 - [TEST_STEP][PASSED] - delay(1): Delayed 1 second(s)

2019-04-03 12:42:54 - [MESSAGE][PASSED] - Delayed 1 second(s)

2019-04-03 12:42:54 - [TEST_STEP][PASSED] - click(findTestObject("Object Repository/Page_KiboEngage  Create Message/div_Message has been saved (2)")): Object: 'Object Repository/Page_KiboEngage  Create Message/div_Message has been saved (2)' is clicked on

2019-04-03 12:42:54 - [MESSAGE][PASSED] - Object: 'Object Repository/Page_KiboEngage  Create Message/div_Message has been saved (2)' is clicked on]]></system-out>
         <system-err><![CDATA[]]></system-err>
      </testcase>
      <testcase name="Test Cases/Webview/TC11125" classname="Test Cases/Webview/TC11125" status="PASSED">
         <system-out><![CDATA[2019-04-03 12:42:54 - [TEST_CASE][PASSED] - Test Cases/Webview/TC11125: Test Cases/Webview/TC11125

2019-04-03 12:42:54 - [TEST_STEP][PASSED] - callTestCase(findTestCase("Landing Pages Test Cases/Open Create Landing Page"), [:], STOP_ON_FAILURE): Call Test Case 'Test Cases/Landing Pages Test Cases/Open Create Landing Page' successfully

2019-04-03 12:42:54 - [TEST_CASE][PASSED] - Test Cases/Landing Pages Test Cases/Open Create Landing Page: Test Cases/Landing Pages Test Cases/Open Create Landing Page

2019-04-03 12:42:54 - [TEST_STEP][PASSED] - openBrowser(""): Browser is opened with url: ''

2019-04-03 12:42:54 - [MESSAGE][WARNING] - A browser is already opened. Closing browser and opening a new one

2019-04-03 12:42:54 - [MESSAGE][INFO] - Starting 'Chrome' driver

2019-04-03 12:42:55 - [MESSAGE][PASSED] - Browser is opened with url: ''

2019-04-03 12:42:55 - [TEST_STEP][PASSED] - callTestCase(findTestCase("s-sidebar_navigation/individualAccount/Login_Muzamil"), [:], STOP_ON_FAILURE): Call Test Case 'Test Cases/s-sidebar_navigation/individualAccount/Login_Muzamil' successfully

2019-04-03 12:42:55 - [TEST_CASE][PASSED] - Test Cases/s-sidebar_navigation/individualAccount/Login_Muzamil: Test Cases/s-sidebar_navigation/individualAccount/Login_Muzamil

2019-04-03 12:42:55 - [TEST_STEP][PASSED] - openBrowser(""): Browser is opened with url: ''

2019-04-03 12:42:55 - [MESSAGE][WARNING] - A browser is already opened. Closing browser and opening a new one

2019-04-03 12:42:55 - [MESSAGE][INFO] - Starting 'Chrome' driver

2019-04-03 12:42:55 - [MESSAGE][PASSED] - Browser is opened with url: ''

2019-04-03 12:42:55 - [TEST_STEP][PASSED] - maximizeWindow(): Current window maximized

2019-04-03 12:42:55 - [MESSAGE][PASSED] - Current window maximized

2019-04-03 12:42:55 - [TEST_STEP][PASSED] - navigateToUrl("https://app.kibopush.com/"): Navigate to 'https://app.kibopush.com/' successfully

2019-04-03 12:43:09 - [MESSAGE][PASSED] - Navigate to 'https://app.kibopush.com/' successfully

2019-04-03 12:43:09 - [TEST_STEP][PASSED] - click(findTestObject("Page_CloudKibo/a_Login (2)")): Object: 'Object Repository/Page_CloudKibo/a_Login (2)' is clicked on

2019-04-03 12:43:10 - [MESSAGE][PASSED] - Object: 'Object Repository/Page_CloudKibo/a_Login (2)' is clicked on

2019-04-03 12:43:10 - [TEST_STEP][PASSED] - delay(2): Delayed 2 second(s)

2019-04-03 12:43:12 - [MESSAGE][PASSED] - Delayed 2 second(s)

2019-04-03 12:43:12 - [TEST_STEP][PASSED] - setText(findTestObject("Page_CloudKibo/input_Sign In_email (1)"), "muzamil.bukhari.39@gmail.com"): Text 'muzamil.bukhari.39@gmail.com' is set on object 'Object Repository/Page_CloudKibo/input_Sign In_email (1)'

2019-04-03 12:43:12 - [MESSAGE][PASSED] - Text 'muzamil.bukhari.39@gmail.com' is set on object 'Object Repository/Page_CloudKibo/input_Sign In_email (1)'

2019-04-03 12:43:12 - [TEST_STEP][PASSED] - setEncryptedText(findTestObject("Page_CloudKibo/input_Sign In_password (1)"), "ZOMPkeJIpHWb3LMKk986MQ=="): Text ****** has been set on object 'Object Repository/Page_CloudKibo/input_Sign In_password (1)'

2019-04-03 12:43:12 - [MESSAGE][PASSED] - Text ****** has been set on object 'Object Repository/Page_CloudKibo/input_Sign In_password (1)'

2019-04-03 12:43:12 - [TEST_STEP][PASSED] - delay(1): Delayed 1 second(s)

2019-04-03 12:43:13 - [MESSAGE][PASSED] - Delayed 1 second(s)

2019-04-03 12:43:13 - [TEST_STEP][PASSED] - click(findTestObject("Page_CloudKibo/button_Sign In (5)")): Object: 'Object Repository/Page_CloudKibo/button_Sign In (5)' is clicked on

2019-04-03 12:43:13 - [MESSAGE][PASSED] - Object: 'Object Repository/Page_CloudKibo/button_Sign In (5)' is clicked on

2019-04-03 12:43:13 - [TEST_STEP][PASSED] - delay(3): Delayed 3 second(s)

2019-04-03 12:43:16 - [MESSAGE][PASSED] - Delayed 3 second(s)

2019-04-03 12:43:16 - [TEST_STEP][PASSED] - click(findTestObject("Object Repository/Page_KiboEngage  Dashboard/h4_KIBOPUSH")): Object: 'Object Repository/Page_KiboEngage  Dashboard/h4_KIBOPUSH' is clicked on

2019-04-03 12:43:33 - [MESSAGE][PASSED] - Object: 'Object Repository/Page_KiboEngage  Dashboard/h4_KIBOPUSH' is clicked on

2019-04-03 12:43:33 - [MESSAGE][PASSED] - Call Test Case 'Test Cases/s-sidebar_navigation/individualAccount/Login_Muzamil' successfully

2019-04-03 12:43:33 - [TEST_STEP][PASSED] - delay(2): Delayed 2 second(s)

2019-04-03 12:43:35 - [MESSAGE][PASSED] - Delayed 2 second(s)

2019-04-03 12:43:35 - [TEST_STEP][PASSED] - click(findTestObject("Page_KiboEngage  Dashboard/span_Growth Tools (3) (1)")): Object: 'Object Repository/Page_KiboEngage  Dashboard/span_Growth Tools (3) (1)' is clicked on

2019-04-03 12:43:35 - [MESSAGE][PASSED] - Object: 'Object Repository/Page_KiboEngage  Dashboard/span_Growth Tools (3) (1)' is clicked on

2019-04-03 12:43:35 - [TEST_STEP][PASSED] - delay(2): Delayed 2 second(s)

2019-04-03 12:43:37 - [MESSAGE][PASSED] - Delayed 2 second(s)

2019-04-03 12:43:37 - [TEST_STEP][PASSED] - click(findTestObject("Page_KiboEngage  Dashboard/span_Landing Pages (1) (1)")): Object: 'Object Repository/Page_KiboEngage  Dashboard/span_Landing Pages (1) (1)' is clicked on

2019-04-03 12:43:37 - [MESSAGE][PASSED] - Object: 'Object Repository/Page_KiboEngage  Dashboard/span_Landing Pages (1) (1)' is clicked on

2019-04-03 12:43:37 - [TEST_STEP][PASSED] - delay(2): Delayed 2 second(s)

2019-04-03 12:43:39 - [MESSAGE][PASSED] - Delayed 2 second(s)

2019-04-03 12:43:39 - [TEST_STEP][PASSED] - click(findTestObject("Page_KiboEngage  Landing Pages/span_Create New")): Object: 'Object Repository/Page_KiboEngage  Landing Pages/span_Create New' is clicked on

2019-04-03 12:43:39 - [MESSAGE][PASSED] - Object: 'Object Repository/Page_KiboEngage  Landing Pages/span_Create New' is clicked on

2019-04-03 12:43:39 - [TEST_STEP][PASSED] - delay(2): Delayed 2 second(s)

2019-04-03 12:43:41 - [MESSAGE][PASSED] - Delayed 2 second(s)

2019-04-03 12:43:41 - [TEST_STEP][PASSED] - click(findTestObject("Page_KiboEngage  Landing Pages/button_Create")): Object: 'Object Repository/Page_KiboEngage  Landing Pages/button_Create' is clicked on

2019-04-03 12:43:42 - [MESSAGE][PASSED] - Object: 'Object Repository/Page_KiboEngage  Landing Pages/button_Create' is clicked on

2019-04-03 12:43:42 - [TEST_STEP][PASSED] - delay(2): Delayed 2 second(s)

2019-04-03 12:43:44 - [MESSAGE][PASSED] - Delayed 2 second(s)

2019-04-03 12:43:44 - [TEST_STEP][PASSED] - click(findTestObject("Page_KiboEngage  Create Landing Page/a_Opt-In Actions")): Object: 'Object Repository/Page_KiboEngage  Create Landing Page/a_Opt-In Actions' is clicked on

2019-04-03 12:43:44 - [MESSAGE][PASSED] - Object: 'Object Repository/Page_KiboEngage  Create Landing Page/a_Opt-In Actions' is clicked on

2019-04-03 12:43:44 - [TEST_STEP][PASSED] - delay(2): Delayed 2 second(s)

2019-04-03 12:43:46 - [MESSAGE][PASSED] - Delayed 2 second(s)

2019-04-03 12:43:46 - [TEST_STEP][PASSED] - click(findTestObject("Page_KiboEngage  Create Landing Page/a_Next_btn btn-circle btn-icon-only btn-default m-input-icon__icon m-input-icon__icon--right")): Object: 'Object Repository/Page_KiboEngage  Create Landing Page/a_Next_btn btn-circle btn-icon-only btn-default m-input-icon__icon m-input-icon__icon--right' is clicked on

2019-04-03 12:43:48 - [MESSAGE][PASSED] - Object: 'Object Repository/Page_KiboEngage  Create Landing Page/a_Next_btn btn-circle btn-icon-only btn-default m-input-icon__icon m-input-icon__icon--right' is clicked on

2019-04-03 12:43:48 - [TEST_STEP][PASSED] - click(findTestObject("Page_KiboEngage  Create Message/h3_Landing Page Opt-In Message (1)")): Object: 'Object Repository/Page_KiboEngage  Create Message/h3_Landing Page Opt-In Message (1)' is clicked on

2019-04-03 12:43:48 - [MESSAGE][PASSED] - Object: 'Object Repository/Page_KiboEngage  Create Message/h3_Landing Page Opt-In Message (1)' is clicked on

2019-04-03 12:43:48 - [MESSAGE][PASSED] - Call Test Case 'Test Cases/Landing Pages Test Cases/Open Create Landing Page' successfully

2019-04-03 12:43:48 - [TEST_STEP][PASSED] - delay(2): Delayed 2 second(s)

2019-04-03 12:43:50 - [MESSAGE][PASSED] - Delayed 2 second(s)

2019-04-03 12:43:50 - [TEST_STEP][PASSED] - click(findTestObject("Object Repository/Page_KiboEngage  Create Message/h6_Card (1)")): Object: 'Object Repository/Page_KiboEngage  Create Message/h6_Card (1)' is clicked on

2019-04-03 12:43:50 - [MESSAGE][PASSED] - Object: 'Object Repository/Page_KiboEngage  Create Message/h6_Card (1)' is clicked on

2019-04-03 12:43:50 - [TEST_STEP][PASSED] - click(findTestObject("Object Repository/Page_KiboEngage  Create Message/i_Landing Page Opt-In Message_fa fa-times fa-stack-2x (1)")): Object: 'Object Repository/Page_KiboEngage  Create Message/i_Landing Page Opt-In Message_fa fa-times fa-stack-2x (1)' is clicked on

2019-04-03 12:43:50 - [MESSAGE][PASSED] - Object: 'Object Repository/Page_KiboEngage  Create Message/i_Landing Page Opt-In Message_fa fa-times fa-stack-2x (1)' is clicked on

2019-04-03 12:43:50 - [TEST_STEP][PASSED] - setText(findTestObject("Object Repository/Page_KiboEngage  Create Message/input_Landing Page Opt-In Message_form-control (1)"), "title"): Text 'title' is set on object 'Object Repository/Page_KiboEngage  Create Message/input_Landing Page Opt-In Message_form-control (1)'

2019-04-03 12:43:51 - [MESSAGE][PASSED] - Text 'title' is set on object 'Object Repository/Page_KiboEngage  Create Message/input_Landing Page Opt-In Message_form-control (1)'

2019-04-03 12:43:51 - [TEST_STEP][PASSED] - delay(2): Delayed 2 second(s)

2019-04-03 12:43:53 - [MESSAGE][PASSED] - Delayed 2 second(s)

2019-04-03 12:43:53 - [TEST_STEP][PASSED] - setText(findTestObject("Object Repository/Page_KiboEngage  Create Message/Card_Subtitle_textarea (1)"), "subtitle"): Text 'subtitle' is set on object 'Object Repository/Page_KiboEngage  Create Message/Card_Subtitle_textarea (1)'

2019-04-03 12:43:53 - [MESSAGE][PASSED] - Text 'subtitle' is set on object 'Object Repository/Page_KiboEngage  Create Message/Card_Subtitle_textarea (1)'

2019-04-03 12:43:53 - [TEST_STEP][PASSED] - click(findTestObject("Object Repository/Page_KiboEngage  Create Message/a_Add Action (1)")): Object: 'Object Repository/Page_KiboEngage  Create Message/a_Add Action (1)' is clicked on

2019-04-03 12:43:53 - [MESSAGE][PASSED] - Object: 'Object Repository/Page_KiboEngage  Create Message/a_Add Action (1)' is clicked on

2019-04-03 12:43:53 - [TEST_STEP][PASSED] - click(findTestObject("Object Repository/Page_KiboEngage  Create Message/div_Open a webview (1)")): Object: 'Object Repository/Page_KiboEngage  Create Message/div_Open a webview (1)' is clicked on

2019-04-03 12:43:53 - [MESSAGE][PASSED] - Object: 'Object Repository/Page_KiboEngage  Create Message/div_Open a webview (1)' is clicked on

2019-04-03 12:43:53 - [TEST_STEP][PASSED] - setText(findTestObject("Object Repository/Page_KiboEngage  Create Message/input_Url_form-control (3) (1)"), "https://kiboengage.cloudkibo.com"): Text 'https://kiboengage.cloudkibo.com' is set on object 'Object Repository/Page_KiboEngage  Create Message/input_Url_form-control (3) (1)'

2019-04-03 12:43:53 - [MESSAGE][PASSED] - Text 'https://kiboengage.cloudkibo.com' is set on object 'Object Repository/Page_KiboEngage  Create Message/input_Url_form-control (3) (1)'

2019-04-03 12:43:53 - [TEST_STEP][PASSED] - delay(2): Delayed 2 second(s)

2019-04-03 12:43:55 - [MESSAGE][PASSED] - Delayed 2 second(s)

2019-04-03 12:43:55 - [TEST_STEP][PASSED] - click(findTestObject("Object Repository/Page_KiboEngage  Create Message/button_Done (3) (1)")): Object: 'Object Repository/Page_KiboEngage  Create Message/button_Done (3) (1)' is clicked on

2019-04-03 12:43:55 - [MESSAGE][PASSED] - Object: 'Object Repository/Page_KiboEngage  Create Message/button_Done (3) (1)' is clicked on

2019-04-03 12:43:55 - [TEST_STEP][PASSED] - delay(2): Delayed 2 second(s)

2019-04-03 12:43:57 - [MESSAGE][PASSED] - Delayed 2 second(s)

2019-04-03 12:43:57 - [TEST_STEP][PASSED] - click(findTestObject("Object Repository/Page_KiboEngage  Create Message/h6_ Add Button (3) (1)")): Object: 'Object Repository/Page_KiboEngage  Create Message/h6_ Add Button (3) (1)' is clicked on

2019-04-03 12:43:58 - [MESSAGE][PASSED] - Object: 'Object Repository/Page_KiboEngage  Create Message/h6_ Add Button (3) (1)' is clicked on

2019-04-03 12:43:58 - [TEST_STEP][PASSED] - delay(2): Delayed 2 second(s)

2019-04-03 12:44:00 - [MESSAGE][PASSED] - Delayed 2 second(s)

2019-04-03 12:44:00 - [TEST_STEP][PASSED] - click(findTestObject("Object Repository/Page_KiboEngage  Create Message/div_Add Share button (1)")): Object: 'Object Repository/Page_KiboEngage  Create Message/div_Add Share button (1)' is clicked on

2019-04-03 12:44:00 - [MESSAGE][PASSED] - Object: 'Object Repository/Page_KiboEngage  Create Message/div_Add Share button (1)' is clicked on

2019-04-03 12:44:00 - [TEST_STEP][PASSED] - click(findTestObject("Object Repository/Page_KiboEngage  Create Message/button_Done (3) (1)")): Object: 'Object Repository/Page_KiboEngage  Create Message/button_Done (3) (1)' is clicked on

2019-04-03 12:44:00 - [MESSAGE][PASSED] - Object: 'Object Repository/Page_KiboEngage  Create Message/button_Done (3) (1)' is clicked on

2019-04-03 12:44:00 - [TEST_STEP][PASSED] - delay(2): Delayed 2 second(s)

2019-04-03 12:44:02 - [MESSAGE][PASSED] - Delayed 2 second(s)

2019-04-03 12:44:02 - [TEST_STEP][PASSED] - img = getProjectDir() + "/sample.jpg": null

2019-04-03 12:44:02 - [TEST_STEP][PASSED] - delay(3): Delayed 3 second(s)

2019-04-03 12:44:05 - [MESSAGE][PASSED] - Delayed 3 second(s)

2019-04-03 12:44:05 - [TEST_STEP][PASSED] - uploadFile(findTestObject("Page_KiboEngage  Create Broadcast/Upload Image"), img): File '/home/cloudkibo-muzamil/Downloads/Test cases/production/KiboPush/sample.jpg' sent to object: 'Object Repository/Page_KiboEngage  Create Broadcast/Upload Image'

2019-04-03 12:44:05 - [MESSAGE][PASSED] - File '/home/cloudkibo-muzamil/Downloads/Test cases/production/KiboPush/sample.jpg' sent to object: 'Object Repository/Page_KiboEngage  Create Broadcast/Upload Image'

2019-04-03 12:44:05 - [TEST_STEP][PASSED] - delay(8): Delayed 8 second(s)

2019-04-03 12:44:13 - [MESSAGE][PASSED] - Delayed 8 second(s)

2019-04-03 12:44:13 - [TEST_STEP][PASSED] - click(findTestObject("Object Repository/Page_KiboEngage  Create Message/h4_KIBOPUSH (1)")): Object: 'Object Repository/Page_KiboEngage  Create Message/h4_KIBOPUSH (1)' is clicked on

2019-04-03 12:44:13 - [MESSAGE][PASSED] - Object: 'Object Repository/Page_KiboEngage  Create Message/h4_KIBOPUSH (1)' is clicked on

2019-04-03 12:44:13 - [TEST_STEP][PASSED] - delay(2): Delayed 2 second(s)

2019-04-03 12:44:15 - [MESSAGE][PASSED] - Delayed 2 second(s)

2019-04-03 12:44:15 - [TEST_STEP][PASSED] - click(findTestObject("Object Repository/Page_KiboEngage  Create Message/button_Save (2) (1)")): Object: 'Object Repository/Page_KiboEngage  Create Message/button_Save (2) (1)' is clicked on

2019-04-03 12:44:15 - [MESSAGE][PASSED] - Object: 'Object Repository/Page_KiboEngage  Create Message/button_Save (2) (1)' is clicked on

2019-04-03 12:44:15 - [TEST_STEP][PASSED] - delay(1): Delayed 1 second(s)

2019-04-03 12:44:16 - [MESSAGE][PASSED] - Delayed 1 second(s)

2019-04-03 12:44:16 - [TEST_STEP][PASSED] - click(findTestObject("Object Repository/Page_KiboEngage  Create Message/div_Message has been saved (2) (1)")): Object: 'Object Repository/Page_KiboEngage  Create Message/div_Message has been saved (2) (1)' is clicked on

2019-04-03 12:44:16 - [MESSAGE][PASSED] - Object: 'Object Repository/Page_KiboEngage  Create Message/div_Message has been saved (2) (1)' is clicked on

2019-04-03 12:44:16 - [TEST_STEP][PASSED] - click(findTestObject("Page_KiboEngage  Create Message/a_Edit Action")): Object: 'Object Repository/Page_KiboEngage  Create Message/a_Edit Action' is clicked on

2019-04-03 12:44:16 - [MESSAGE][PASSED] - Object: 'Object Repository/Page_KiboEngage  Create Message/a_Edit Action' is clicked on

2019-04-03 12:44:16 - [TEST_STEP][PASSED] - setText(findTestObject("Object Repository/Page_KiboEngage  Create Message/input_Url_form-control (4)"), "https://skiboengage.cloudkibo.com"): Text 'https://skiboengage.cloudkibo.com' is set on object 'Object Repository/Page_KiboEngage  Create Message/input_Url_form-control (4)'

2019-04-03 12:44:16 - [MESSAGE][PASSED] - Text 'https://skiboengage.cloudkibo.com' is set on object 'Object Repository/Page_KiboEngage  Create Message/input_Url_form-control (4)'

2019-04-03 12:44:16 - [TEST_STEP][PASSED] - selectOptionByValue(findTestObject("Object Repository/Page_KiboEngage  Create Message/select_COMPACTTALLFULL (1)"), "COMPACT", true): All options with value 'COMPACT' are selected in object 'Object Repository/Page_KiboEngage  Create Message/select_COMPACTTALLFULL (1)'  using regular expression

2019-04-03 12:44:17 - [MESSAGE][PASSED] - All options with value 'COMPACT' are selected in object 'Object Repository/Page_KiboEngage  Create Message/select_COMPACTTALLFULL (1)'  using regular expression

2019-04-03 12:44:17 - [TEST_STEP][PASSED] - click(findTestObject("Object Repository/Page_KiboEngage  Create Message/button_Done (4)")): Object: 'Object Repository/Page_KiboEngage  Create Message/button_Done (4)' is clicked on

2019-04-03 12:44:17 - [MESSAGE][PASSED] - Object: 'Object Repository/Page_KiboEngage  Create Message/button_Done (4)' is clicked on

2019-04-03 12:44:17 - [TEST_STEP][PASSED] - delay(1): Delayed 1 second(s)

2019-04-03 12:44:18 - [MESSAGE][PASSED] - Delayed 1 second(s)

2019-04-03 12:44:18 - [TEST_STEP][PASSED] - click(findTestObject("Object Repository/Page_KiboEngage  Create Message/button_Save (3)")): Object: 'Object Repository/Page_KiboEngage  Create Message/button_Save (3)' is clicked on

2019-04-03 12:44:18 - [MESSAGE][PASSED] - Object: 'Object Repository/Page_KiboEngage  Create Message/button_Save (3)' is clicked on

2019-04-03 12:44:18 - [TEST_STEP][PASSED] - delay(1): Delayed 1 second(s)

2019-04-03 12:44:19 - [MESSAGE][PASSED] - Delayed 1 second(s)

2019-04-03 12:44:19 - [TEST_STEP][PASSED] - click(findTestObject("Object Repository/Page_KiboEngage  Create Message/div_Message has been saved (2) (1)")): Object: 'Object Repository/Page_KiboEngage  Create Message/div_Message has been saved (2) (1)' is clicked on

2019-04-03 12:44:19 - [MESSAGE][PASSED] - Object: 'Object Repository/Page_KiboEngage  Create Message/div_Message has been saved (2) (1)' is clicked on]]></system-out>
         <system-err><![CDATA[]]></system-err>
      </testcase>
      <testcase name="Test Cases/Webview/TC11126" classname="Test Cases/Webview/TC11126" status="FAILED">
         <failure type="FAILED" message="Test Cases/Webview/TC11126 FAILED.
Reason:
com.kms.katalon.core.exception.StepFailedException: Unable to click on object 'Object Repository/Page_KiboEngage  Create Message/button_Save (4)'
	at com.kms.katalon.core.webui.keyword.internal.WebUIKeywordMain.stepFailed(WebUIKeywordMain.groovy:64)
	at com.kms.katalon.core.webui.keyword.internal.WebUIKeywordMain.runKeyword(WebUIKeywordMain.groovy:26)
	at com.kms.katalon.core.webui.keyword.builtin.ClickKeyword.click(ClickKeyword.groovy:86)
	at com.kms.katalon.core.webui.keyword.builtin.ClickKeyword.execute(ClickKeyword.groovy:67)
	at com.kms.katalon.core.keyword.internal.KeywordExecutor.executeKeywordForPlatform(KeywordExecutor.groovy:56)
	at com.kms.katalon.core.webui.keyword.WebUiBuiltInKeywords.click(WebUiBuiltInKeywords.groovy:616)
	at com.kms.katalon.core.webui.keyword.WebUiBuiltInKeywords$click$2.call(Unknown Source)
	at TC11126.run(TC11126:77)
	at com.kms.katalon.core.main.ScriptEngine.run(ScriptEngine.java:194)
	at com.kms.katalon.core.main.ScriptEngine.runScriptAsRawText(ScriptEngine.java:119)
	at com.kms.katalon.core.main.TestCaseExecutor.runScript(TestCaseExecutor.java:331)
	at com.kms.katalon.core.main.TestCaseExecutor.doExecute(TestCaseExecutor.java:322)
	at com.kms.katalon.core.main.TestCaseExecutor.processExecutionPhase(TestCaseExecutor.java:301)
	at com.kms.katalon.core.main.TestCaseExecutor.accessMainPhase(TestCaseExecutor.java:293)
	at com.kms.katalon.core.main.TestCaseExecutor.execute(TestCaseExecutor.java:227)
	at com.kms.katalon.core.main.TestSuiteExecutor.accessTestCaseMainPhase(TestSuiteExecutor.java:129)
	at com.kms.katalon.core.main.TestSuiteExecutor.accessTestSuiteMainPhase(TestSuiteExecutor.java:112)
	at com.kms.katalon.core.main.TestSuiteExecutor.execute(TestSuiteExecutor.java:81)
	at com.kms.katalon.core.main.TestCaseMain.startTestSuite(TestCaseMain.java:157)
	at com.kms.katalon.core.main.TestCaseMain$startTestSuite$0.call(Unknown Source)
	at TempTestSuite1554275422234.run(TempTestSuite1554275422234.groovy:35)
Caused by: org.openqa.selenium.WebDriverException: unknown error: Element &lt;button class=&quot;btn btn-primary&quot;>...&lt;/button> is not clickable at point (1457, 23). Other element would receive the click: &lt;span class=&quot;m-nav__link-text&quot; style=&quot;line-height: 41px; vertical-align: middle; text-align: center;&quot;>...&lt;/span>
  (Session info: chrome=73.0.3683.86)
  (Driver info: chromedriver=2.43.600233 (523efee95e3d68b8719b3a1c83051aa63aa6b10d),platform=Linux 4.18.0-16-generic x86_64) (WARNING: The server did not provide any stacktrace information)
Command duration or timeout: 0 milliseconds
Build info: version: '3.7.1', revision: '8a0099a', time: '2017-11-06T21:07:36.161Z'
System info: host: 'cloudkibomuzamil-Precision-T1700', ip: '127.0.1.1', os.name: 'Linux', os.arch: 'amd64', os.version: '4.18.0-16-generic', java.version: '1.8.0_191'
Driver info: com.kms.katalon.selenium.driver.CChromeDriver
Capabilities {acceptInsecureCerts: false, acceptSslCerts: false, applicationCacheEnabled: false, browserConnectionEnabled: false, browserName: chrome, chrome: {chromedriverVersion: 2.43.600233 (523efee95e3d68..., userDataDir: /tmp/.org.chromium.Chromium...}, cssSelectorsEnabled: true, databaseEnabled: false, goog:chromeOptions: {debuggerAddress: localhost:33133}, handlesAlerts: true, hasTouchScreen: false, javascriptEnabled: true, locationContextEnabled: true, mobileEmulationEnabled: false, nativeEvents: true, networkConnectionEnabled: false, pageLoadStrategy: normal, platform: LINUX, platformName: LINUX, rotatable: false, setWindowRect: true, takesHeapSnapshot: true, takesScreenshot: true, unexpectedAlertBehaviour: , unhandledPromptBehavior: , version: 73.0.3683.86, webStorageEnabled: true}
Session ID: 5e7d26858897fe712e22423c63c0f479
	at org.openqa.selenium.remote.ErrorHandler.createThrowable(ErrorHandler.java:214)
	at org.openqa.selenium.remote.ErrorHandler.throwIfResponseFailed(ErrorHandler.java:166)
	at org.openqa.selenium.remote.http.JsonHttpResponseCodec.reconstructValue(JsonHttpResponseCodec.java:40)
	at org.openqa.selenium.remote.http.AbstractHttpResponseCodec.decode(AbstractHttpResponseCodec.java:80)
	at org.openqa.selenium.remote.http.AbstractHttpResponseCodec.decode(AbstractHttpResponseCodec.java:44)
	at org.openqa.selenium.remote.HttpCommandExecutor.execute(HttpCommandExecutor.java:164)
	at org.openqa.selenium.remote.service.DriverCommandExecutor.execute(DriverCommandExecutor.java:83)
	at org.openqa.selenium.remote.RemoteWebDriver.execute(RemoteWebDriver.java:600)
	at com.kms.katalon.selenium.driver.CChromeDriver.execute(CChromeDriver.java:20)
	at org.openqa.selenium.remote.RemoteWebElement.execute(RemoteWebElement.java:279)
	at org.openqa.selenium.remote.RemoteWebElement.click(RemoteWebElement.java:83)
	at com.kms.katalon.core.webui.keyword.builtin.ClickKeyword$_click_closure1.doCall(ClickKeyword.groovy:79)
	at com.kms.katalon.core.webui.keyword.builtin.ClickKeyword$_click_closure1.call(ClickKeyword.groovy)
	at com.kms.katalon.core.webui.keyword.internal.WebUIKeywordMain.runKeyword(WebUIKeywordMain.groovy:20)
	at com.kms.katalon.core.webui.keyword.builtin.ClickKeyword.click(ClickKeyword.groovy:86)
	at com.kms.katalon.core.webui.keyword.builtin.ClickKeyword.execute(ClickKeyword.groovy:67)
	at com.kms.katalon.core.keyword.internal.KeywordExecutor.executeKeywordForPlatform(KeywordExecutor.groovy:56)
	at com.kms.katalon.core.webui.keyword.WebUiBuiltInKeywords.click(WebUiBuiltInKeywords.groovy:616)
	at com.kms.katalon.core.webui.keyword.WebUiBuiltInKeywords$click$2.call(Unknown Source)
	at Script1553263808330.run(Script1553263808330.groovy:77)
	... 13 more
"/>
         <system-out><![CDATA[2019-04-03 12:44:19 - [TEST_CASE][FAILED] - Test Cases/Webview/TC11126: Test Cases/Webview/TC11126 FAILED.
Reason:
com.kms.katalon.core.exception.StepFailedException: Unable to click on object 'Object Repository/Page_KiboEngage  Create Message/button_Save (4)'
	at com.kms.katalon.core.webui.keyword.internal.WebUIKeywordMain.stepFailed(WebUIKeywordMain.groovy:64)
	at com.kms.katalon.core.webui.keyword.internal.WebUIKeywordMain.runKeyword(WebUIKeywordMain.groovy:26)
	at com.kms.katalon.core.webui.keyword.builtin.ClickKeyword.click(ClickKeyword.groovy:86)
	at com.kms.katalon.core.webui.keyword.builtin.ClickKeyword.execute(ClickKeyword.groovy:67)
	at com.kms.katalon.core.keyword.internal.KeywordExecutor.executeKeywordForPlatform(KeywordExecutor.groovy:56)
	at com.kms.katalon.core.webui.keyword.WebUiBuiltInKeywords.click(WebUiBuiltInKeywords.groovy:616)
	at com.kms.katalon.core.webui.keyword.WebUiBuiltInKeywords$click$2.call(Unknown Source)
	at TC11126.run(TC11126:77)
	at com.kms.katalon.core.main.ScriptEngine.run(ScriptEngine.java:194)
	at com.kms.katalon.core.main.ScriptEngine.runScriptAsRawText(ScriptEngine.java:119)
	at com.kms.katalon.core.main.TestCaseExecutor.runScript(TestCaseExecutor.java:331)
	at com.kms.katalon.core.main.TestCaseExecutor.doExecute(TestCaseExecutor.java:322)
	at com.kms.katalon.core.main.TestCaseExecutor.processExecutionPhase(TestCaseExecutor.java:301)
	at com.kms.katalon.core.main.TestCaseExecutor.accessMainPhase(TestCaseExecutor.java:293)
	at com.kms.katalon.core.main.TestCaseExecutor.execute(TestCaseExecutor.java:227)
	at com.kms.katalon.core.main.TestSuiteExecutor.accessTestCaseMainPhase(TestSuiteExecutor.java:129)
	at com.kms.katalon.core.main.TestSuiteExecutor.accessTestSuiteMainPhase(TestSuiteExecutor.java:112)
	at com.kms.katalon.core.main.TestSuiteExecutor.execute(TestSuiteExecutor.java:81)
	at com.kms.katalon.core.main.TestCaseMain.startTestSuite(TestCaseMain.java:157)
	at com.kms.katalon.core.main.TestCaseMain$startTestSuite$0.call(Unknown Source)
	at TempTestSuite1554275422234.run(TempTestSuite1554275422234.groovy:35)
Caused by: org.openqa.selenium.WebDriverException: unknown error: Element <button class="btn btn-primary">...</button> is not clickable at point (1457, 23). Other element would receive the click: <span class="m-nav__link-text" style="line-height: 41px; vertical-align: middle; text-align: center;">...</span>
  (Session info: chrome=73.0.3683.86)
  (Driver info: chromedriver=2.43.600233 (523efee95e3d68b8719b3a1c83051aa63aa6b10d),platform=Linux 4.18.0-16-generic x86_64) (WARNING: The server did not provide any stacktrace information)
Command duration or timeout: 0 milliseconds
Build info: version: '3.7.1', revision: '8a0099a', time: '2017-11-06T21:07:36.161Z'
System info: host: 'cloudkibomuzamil-Precision-T1700', ip: '127.0.1.1', os.name: 'Linux', os.arch: 'amd64', os.version: '4.18.0-16-generic', java.version: '1.8.0_191'
Driver info: com.kms.katalon.selenium.driver.CChromeDriver
Capabilities {acceptInsecureCerts: false, acceptSslCerts: false, applicationCacheEnabled: false, browserConnectionEnabled: false, browserName: chrome, chrome: {chromedriverVersion: 2.43.600233 (523efee95e3d68..., userDataDir: /tmp/.org.chromium.Chromium...}, cssSelectorsEnabled: true, databaseEnabled: false, goog:chromeOptions: {debuggerAddress: localhost:33133}, handlesAlerts: true, hasTouchScreen: false, javascriptEnabled: true, locationContextEnabled: true, mobileEmulationEnabled: false, nativeEvents: true, networkConnectionEnabled: false, pageLoadStrategy: normal, platform: LINUX, platformName: LINUX, rotatable: false, setWindowRect: true, takesHeapSnapshot: true, takesScreenshot: true, unexpectedAlertBehaviour: , unhandledPromptBehavior: , version: 73.0.3683.86, webStorageEnabled: true}
Session ID: 5e7d26858897fe712e22423c63c0f479
	at org.openqa.selenium.remote.ErrorHandler.createThrowable(ErrorHandler.java:214)
	at org.openqa.selenium.remote.ErrorHandler.throwIfResponseFailed(ErrorHandler.java:166)
	at org.openqa.selenium.remote.http.JsonHttpResponseCodec.reconstructValue(JsonHttpResponseCodec.java:40)
	at org.openqa.selenium.remote.http.AbstractHttpResponseCodec.decode(AbstractHttpResponseCodec.java:80)
	at org.openqa.selenium.remote.http.AbstractHttpResponseCodec.decode(AbstractHttpResponseCodec.java:44)
	at org.openqa.selenium.remote.HttpCommandExecutor.execute(HttpCommandExecutor.java:164)
	at org.openqa.selenium.remote.service.DriverCommandExecutor.execute(DriverCommandExecutor.java:83)
	at org.openqa.selenium.remote.RemoteWebDriver.execute(RemoteWebDriver.java:600)
	at com.kms.katalon.selenium.driver.CChromeDriver.execute(CChromeDriver.java:20)
	at org.openqa.selenium.remote.RemoteWebElement.execute(RemoteWebElement.java:279)
	at org.openqa.selenium.remote.RemoteWebElement.click(RemoteWebElement.java:83)
	at com.kms.katalon.core.webui.keyword.builtin.ClickKeyword$_click_closure1.doCall(ClickKeyword.groovy:79)
	at com.kms.katalon.core.webui.keyword.builtin.ClickKeyword$_click_closure1.call(ClickKeyword.groovy)
	at com.kms.katalon.core.webui.keyword.internal.WebUIKeywordMain.runKeyword(WebUIKeywordMain.groovy:20)
	at com.kms.katalon.core.webui.keyword.builtin.ClickKeyword.click(ClickKeyword.groovy:86)
	at com.kms.katalon.core.webui.keyword.builtin.ClickKeyword.execute(ClickKeyword.groovy:67)
	at com.kms.katalon.core.keyword.internal.KeywordExecutor.executeKeywordForPlatform(KeywordExecutor.groovy:56)
	at com.kms.katalon.core.webui.keyword.WebUiBuiltInKeywords.click(WebUiBuiltInKeywords.groovy:616)
	at com.kms.katalon.core.webui.keyword.WebUiBuiltInKeywords$click$2.call(Unknown Source)
	at Script1553263808330.run(Script1553263808330.groovy:77)
	... 13 more


2019-04-03 12:44:19 - [TEST_STEP][PASSED] - callTestCase(findTestCase("Landing Pages Test Cases/Open Create Landing Page"), [:], STOP_ON_FAILURE): Call Test Case 'Test Cases/Landing Pages Test Cases/Open Create Landing Page' successfully

2019-04-03 12:44:19 - [TEST_CASE][PASSED] - Test Cases/Landing Pages Test Cases/Open Create Landing Page: Test Cases/Landing Pages Test Cases/Open Create Landing Page

2019-04-03 12:44:19 - [TEST_STEP][PASSED] - openBrowser(""): Browser is opened with url: ''

2019-04-03 12:44:19 - [MESSAGE][WARNING] - A browser is already opened. Closing browser and opening a new one

2019-04-03 12:44:19 - [MESSAGE][INFO] - Starting 'Chrome' driver

2019-04-03 12:44:19 - [MESSAGE][PASSED] - Browser is opened with url: ''

2019-04-03 12:44:19 - [TEST_STEP][PASSED] - callTestCase(findTestCase("s-sidebar_navigation/individualAccount/Login_Muzamil"), [:], STOP_ON_FAILURE): Call Test Case 'Test Cases/s-sidebar_navigation/individualAccount/Login_Muzamil' successfully

2019-04-03 12:44:19 - [TEST_CASE][PASSED] - Test Cases/s-sidebar_navigation/individualAccount/Login_Muzamil: Test Cases/s-sidebar_navigation/individualAccount/Login_Muzamil

2019-04-03 12:44:19 - [TEST_STEP][PASSED] - openBrowser(""): Browser is opened with url: ''

2019-04-03 12:44:19 - [MESSAGE][WARNING] - A browser is already opened. Closing browser and opening a new one

2019-04-03 12:44:20 - [MESSAGE][INFO] - Starting 'Chrome' driver

2019-04-03 12:44:20 - [MESSAGE][PASSED] - Browser is opened with url: ''

2019-04-03 12:44:20 - [TEST_STEP][PASSED] - maximizeWindow(): Current window maximized

2019-04-03 12:44:20 - [MESSAGE][PASSED] - Current window maximized

2019-04-03 12:44:20 - [TEST_STEP][PASSED] - navigateToUrl("https://app.kibopush.com/"): Navigate to 'https://app.kibopush.com/' successfully

2019-04-03 12:44:32 - [MESSAGE][PASSED] - Navigate to 'https://app.kibopush.com/' successfully

2019-04-03 12:44:32 - [TEST_STEP][PASSED] - click(findTestObject("Page_CloudKibo/a_Login (2)")): Object: 'Object Repository/Page_CloudKibo/a_Login (2)' is clicked on

2019-04-03 12:44:33 - [MESSAGE][PASSED] - Object: 'Object Repository/Page_CloudKibo/a_Login (2)' is clicked on

2019-04-03 12:44:33 - [TEST_STEP][PASSED] - delay(2): Delayed 2 second(s)

2019-04-03 12:44:35 - [MESSAGE][PASSED] - Delayed 2 second(s)

2019-04-03 12:44:35 - [TEST_STEP][PASSED] - setText(findTestObject("Page_CloudKibo/input_Sign In_email (1)"), "muzamil.bukhari.39@gmail.com"): Text 'muzamil.bukhari.39@gmail.com' is set on object 'Object Repository/Page_CloudKibo/input_Sign In_email (1)'

2019-04-03 12:44:35 - [MESSAGE][PASSED] - Text 'muzamil.bukhari.39@gmail.com' is set on object 'Object Repository/Page_CloudKibo/input_Sign In_email (1)'

2019-04-03 12:44:35 - [TEST_STEP][PASSED] - setEncryptedText(findTestObject("Page_CloudKibo/input_Sign In_password (1)"), "ZOMPkeJIpHWb3LMKk986MQ=="): Text ****** has been set on object 'Object Repository/Page_CloudKibo/input_Sign In_password (1)'

2019-04-03 12:44:35 - [MESSAGE][PASSED] - Text ****** has been set on object 'Object Repository/Page_CloudKibo/input_Sign In_password (1)'

2019-04-03 12:44:35 - [TEST_STEP][PASSED] - delay(1): Delayed 1 second(s)

2019-04-03 12:44:36 - [MESSAGE][PASSED] - Delayed 1 second(s)

2019-04-03 12:44:36 - [TEST_STEP][PASSED] - click(findTestObject("Page_CloudKibo/button_Sign In (5)")): Object: 'Object Repository/Page_CloudKibo/button_Sign In (5)' is clicked on

2019-04-03 12:44:36 - [MESSAGE][PASSED] - Object: 'Object Repository/Page_CloudKibo/button_Sign In (5)' is clicked on

2019-04-03 12:44:36 - [TEST_STEP][PASSED] - delay(3): Delayed 3 second(s)

2019-04-03 12:44:39 - [MESSAGE][PASSED] - Delayed 3 second(s)

2019-04-03 12:44:39 - [TEST_STEP][PASSED] - click(findTestObject("Object Repository/Page_KiboEngage  Dashboard/h4_KIBOPUSH")): Object: 'Object Repository/Page_KiboEngage  Dashboard/h4_KIBOPUSH' is clicked on

2019-04-03 12:45:00 - [MESSAGE][PASSED] - Object: 'Object Repository/Page_KiboEngage  Dashboard/h4_KIBOPUSH' is clicked on

2019-04-03 12:45:00 - [MESSAGE][PASSED] - Call Test Case 'Test Cases/s-sidebar_navigation/individualAccount/Login_Muzamil' successfully

2019-04-03 12:45:00 - [TEST_STEP][PASSED] - delay(2): Delayed 2 second(s)

2019-04-03 12:45:02 - [MESSAGE][PASSED] - Delayed 2 second(s)

2019-04-03 12:45:02 - [TEST_STEP][PASSED] - click(findTestObject("Page_KiboEngage  Dashboard/span_Growth Tools (3) (1)")): Object: 'Object Repository/Page_KiboEngage  Dashboard/span_Growth Tools (3) (1)' is clicked on

2019-04-03 12:45:02 - [MESSAGE][PASSED] - Object: 'Object Repository/Page_KiboEngage  Dashboard/span_Growth Tools (3) (1)' is clicked on

2019-04-03 12:45:02 - [TEST_STEP][PASSED] - delay(2): Delayed 2 second(s)

2019-04-03 12:45:04 - [MESSAGE][PASSED] - Delayed 2 second(s)

2019-04-03 12:45:04 - [TEST_STEP][PASSED] - click(findTestObject("Page_KiboEngage  Dashboard/span_Landing Pages (1) (1)")): Object: 'Object Repository/Page_KiboEngage  Dashboard/span_Landing Pages (1) (1)' is clicked on

2019-04-03 12:45:04 - [MESSAGE][PASSED] - Object: 'Object Repository/Page_KiboEngage  Dashboard/span_Landing Pages (1) (1)' is clicked on

2019-04-03 12:45:04 - [TEST_STEP][PASSED] - delay(2): Delayed 2 second(s)

2019-04-03 12:45:06 - [MESSAGE][PASSED] - Delayed 2 second(s)

2019-04-03 12:45:06 - [TEST_STEP][PASSED] - click(findTestObject("Page_KiboEngage  Landing Pages/span_Create New")): Object: 'Object Repository/Page_KiboEngage  Landing Pages/span_Create New' is clicked on

2019-04-03 12:45:06 - [MESSAGE][PASSED] - Object: 'Object Repository/Page_KiboEngage  Landing Pages/span_Create New' is clicked on

2019-04-03 12:45:06 - [TEST_STEP][PASSED] - delay(2): Delayed 2 second(s)

2019-04-03 12:45:08 - [MESSAGE][PASSED] - Delayed 2 second(s)

2019-04-03 12:45:08 - [TEST_STEP][PASSED] - click(findTestObject("Page_KiboEngage  Landing Pages/button_Create")): Object: 'Object Repository/Page_KiboEngage  Landing Pages/button_Create' is clicked on

2019-04-03 12:45:08 - [MESSAGE][PASSED] - Object: 'Object Repository/Page_KiboEngage  Landing Pages/button_Create' is clicked on

2019-04-03 12:45:08 - [TEST_STEP][PASSED] - delay(2): Delayed 2 second(s)

2019-04-03 12:45:10 - [MESSAGE][PASSED] - Delayed 2 second(s)

2019-04-03 12:45:10 - [TEST_STEP][PASSED] - click(findTestObject("Page_KiboEngage  Create Landing Page/a_Opt-In Actions")): Object: 'Object Repository/Page_KiboEngage  Create Landing Page/a_Opt-In Actions' is clicked on

2019-04-03 12:45:10 - [MESSAGE][PASSED] - Object: 'Object Repository/Page_KiboEngage  Create Landing Page/a_Opt-In Actions' is clicked on

2019-04-03 12:45:10 - [TEST_STEP][PASSED] - delay(2): Delayed 2 second(s)

2019-04-03 12:45:12 - [MESSAGE][PASSED] - Delayed 2 second(s)

2019-04-03 12:45:12 - [TEST_STEP][PASSED] - click(findTestObject("Page_KiboEngage  Create Landing Page/a_Next_btn btn-circle btn-icon-only btn-default m-input-icon__icon m-input-icon__icon--right")): Object: 'Object Repository/Page_KiboEngage  Create Landing Page/a_Next_btn btn-circle btn-icon-only btn-default m-input-icon__icon m-input-icon__icon--right' is clicked on

2019-04-03 12:45:14 - [MESSAGE][PASSED] - Object: 'Object Repository/Page_KiboEngage  Create Landing Page/a_Next_btn btn-circle btn-icon-only btn-default m-input-icon__icon m-input-icon__icon--right' is clicked on

2019-04-03 12:45:14 - [TEST_STEP][PASSED] - click(findTestObject("Page_KiboEngage  Create Message/h3_Landing Page Opt-In Message (1)")): Object: 'Object Repository/Page_KiboEngage  Create Message/h3_Landing Page Opt-In Message (1)' is clicked on

2019-04-03 12:45:14 - [MESSAGE][PASSED] - Object: 'Object Repository/Page_KiboEngage  Create Message/h3_Landing Page Opt-In Message (1)' is clicked on

2019-04-03 12:45:14 - [MESSAGE][PASSED] - Call Test Case 'Test Cases/Landing Pages Test Cases/Open Create Landing Page' successfully

2019-04-03 12:45:14 - [TEST_STEP][PASSED] - delay(2): Delayed 2 second(s)

2019-04-03 12:45:16 - [MESSAGE][PASSED] - Delayed 2 second(s)

2019-04-03 12:45:16 - [TEST_STEP][PASSED] - click(findTestObject("Page_KiboEngage  Create Message/div_List")): Object: 'Object Repository/Page_KiboEngage  Create Message/div_List' is clicked on

2019-04-03 12:45:16 - [MESSAGE][PASSED] - Object: 'Object Repository/Page_KiboEngage  Create Message/div_List' is clicked on

2019-04-03 12:45:16 - [TEST_STEP][PASSED] - click(findTestObject("Page_KiboEngage  Create Message/i_Landing Page Opt-In Message_fa fa-times fa-stack-2x (2)")): Object: 'Object Repository/Page_KiboEngage  Create Message/i_Landing Page Opt-In Message_fa fa-times fa-stack-2x (2)' is clicked on

2019-04-03 12:45:16 - [MESSAGE][PASSED] - Object: 'Object Repository/Page_KiboEngage  Create Message/i_Landing Page Opt-In Message_fa fa-times fa-stack-2x (2)' is clicked on

2019-04-03 12:45:16 - [TEST_STEP][PASSED] - setText(findTestObject("Page_KiboEngage  Create Message/input_Landing Page Opt-In Message_form-control (2)"), "title1"): Text 'title1' is set on object 'Object Repository/Page_KiboEngage  Create Message/input_Landing Page Opt-In Message_form-control (2)'

2019-04-03 12:45:17 - [MESSAGE][PASSED] - Text 'title1' is set on object 'Object Repository/Page_KiboEngage  Create Message/input_Landing Page Opt-In Message_form-control (2)'

2019-04-03 12:45:17 - [TEST_STEP][PASSED] - delay(2): Delayed 2 second(s)

2019-04-03 12:45:19 - [MESSAGE][PASSED] - Delayed 2 second(s)

2019-04-03 12:45:19 - [TEST_STEP][PASSED] - setText(findTestObject("Page_KiboEngage  Create Message/List Subtitle1 Text Area"), "st1"): Text 'st1' is set on object 'Object Repository/Page_KiboEngage  Create Message/List Subtitle1 Text Area'

2019-04-03 12:45:19 - [MESSAGE][PASSED] - Text 'st1' is set on object 'Object Repository/Page_KiboEngage  Create Message/List Subtitle1 Text Area'

2019-04-03 12:45:19 - [TEST_STEP][PASSED] - setText(findTestObject("Page_KiboEngage  Create Message/List Title 2"), "Title2"): Text 'Title2' is set on object 'Object Repository/Page_KiboEngage  Create Message/List Title 2'

2019-04-03 12:45:19 - [MESSAGE][PASSED] - Text 'Title2' is set on object 'Object Repository/Page_KiboEngage  Create Message/List Title 2'

2019-04-03 12:45:19 - [TEST_STEP][PASSED] - delay(2): Delayed 2 second(s)

2019-04-03 12:45:21 - [MESSAGE][PASSED] - Delayed 2 second(s)

2019-04-03 12:45:21 - [TEST_STEP][PASSED] - setText(findTestObject("Page_KiboEngage  Create Message/List Subtitle2 Text Area"), "st2"): Text 'st2' is set on object 'Object Repository/Page_KiboEngage  Create Message/List Subtitle2 Text Area'

2019-04-03 12:45:21 - [MESSAGE][PASSED] - Text 'st2' is set on object 'Object Repository/Page_KiboEngage  Create Message/List Subtitle2 Text Area'

2019-04-03 12:45:21 - [TEST_STEP][PASSED] - click(findTestObject("Page_KiboEngage  Create Message/a_Add Action (2)")): Object: 'Object Repository/Page_KiboEngage  Create Message/a_Add Action (2)' is clicked on

2019-04-03 12:45:21 - [MESSAGE][PASSED] - Object: 'Object Repository/Page_KiboEngage  Create Message/a_Add Action (2)' is clicked on

2019-04-03 12:45:21 - [TEST_STEP][PASSED] - click(findTestObject("Page_KiboEngage  Create Message/h7_Open a webview (3)")): Object: 'Object Repository/Page_KiboEngage  Create Message/h7_Open a webview (3)' is clicked on

2019-04-03 12:45:21 - [MESSAGE][PASSED] - Object: 'Object Repository/Page_KiboEngage  Create Message/h7_Open a webview (3)' is clicked on

2019-04-03 12:45:21 - [TEST_STEP][PASSED] - setText(findTestObject("Page_KiboEngage  Create Message/input_Url_form-control (5)"), "https://kiboengage.cloudkibo.com"): Text 'https://kiboengage.cloudkibo.com' is set on object 'Object Repository/Page_KiboEngage  Create Message/input_Url_form-control (5)'

2019-04-03 12:45:22 - [MESSAGE][PASSED] - Text 'https://kiboengage.cloudkibo.com' is set on object 'Object Repository/Page_KiboEngage  Create Message/input_Url_form-control (5)'

2019-04-03 12:45:22 - [TEST_STEP][PASSED] - click(findTestObject("Page_KiboEngage  Create Message/button_Done (5)")): Object: 'Object Repository/Page_KiboEngage  Create Message/button_Done (5)' is clicked on

2019-04-03 12:45:22 - [MESSAGE][PASSED] - Object: 'Object Repository/Page_KiboEngage  Create Message/button_Done (5)' is clicked on

2019-04-03 12:45:22 - [TEST_STEP][PASSED] - click(findTestObject("Page_KiboEngage  Create Message/a_Add Action_1")): Object: 'Object Repository/Page_KiboEngage  Create Message/a_Add Action_1' is clicked on

2019-04-03 12:45:22 - [MESSAGE][PASSED] - Object: 'Object Repository/Page_KiboEngage  Create Message/a_Add Action_1' is clicked on

2019-04-03 12:45:22 - [TEST_STEP][PASSED] - click(findTestObject("Page_KiboEngage  Create Message/h7_Open a webview (3)")): Object: 'Object Repository/Page_KiboEngage  Create Message/h7_Open a webview (3)' is clicked on

2019-04-03 12:45:22 - [MESSAGE][PASSED] - Object: 'Object Repository/Page_KiboEngage  Create Message/h7_Open a webview (3)' is clicked on

2019-04-03 12:45:22 - [TEST_STEP][PASSED] - setText(findTestObject("Page_KiboEngage  Create Message/input_Url_form-control (5)"), "https://kiboengage.cloudkibo.com/"): Text 'https://kiboengage.cloudkibo.com/' is set on object 'Object Repository/Page_KiboEngage  Create Message/input_Url_form-control (5)'

2019-04-03 12:45:22 - [MESSAGE][PASSED] - Text 'https://kiboengage.cloudkibo.com/' is set on object 'Object Repository/Page_KiboEngage  Create Message/input_Url_form-control (5)'

2019-04-03 12:45:22 - [TEST_STEP][PASSED] - click(findTestObject("Page_KiboEngage  Create Message/button_Done (5)")): Object: 'Object Repository/Page_KiboEngage  Create Message/button_Done (5)' is clicked on

2019-04-03 12:45:22 - [MESSAGE][PASSED] - Object: 'Object Repository/Page_KiboEngage  Create Message/button_Done (5)' is clicked on

2019-04-03 12:45:22 - [TEST_STEP][PASSED] - delay(2): Delayed 2 second(s)

2019-04-03 12:45:24 - [MESSAGE][PASSED] - Delayed 2 second(s)

2019-04-03 12:45:24 - [TEST_STEP][PASSED] - img = getProjectDir() + "/sample.jpg": null

2019-04-03 12:45:24 - [TEST_STEP][PASSED] - delay(3): Delayed 3 second(s)

2019-04-03 12:45:27 - [MESSAGE][PASSED] - Delayed 3 second(s)

2019-04-03 12:45:27 - [TEST_STEP][PASSED] - uploadFile(findTestObject("Page_KiboEngage  Create Broadcast/Upload_Image_List_Item1"), img): File '/home/cloudkibo-muzamil/Downloads/Test cases/production/KiboPush/sample.jpg' sent to object: 'Object Repository/Page_KiboEngage  Create Broadcast/Upload_Image_List_Item1'

2019-04-03 12:45:27 - [MESSAGE][PASSED] - File '/home/cloudkibo-muzamil/Downloads/Test cases/production/KiboPush/sample.jpg' sent to object: 'Object Repository/Page_KiboEngage  Create Broadcast/Upload_Image_List_Item1'

2019-04-03 12:45:27 - [TEST_STEP][PASSED] - delay(8): Delayed 8 second(s)

2019-04-03 12:45:35 - [MESSAGE][PASSED] - Delayed 8 second(s)

2019-04-03 12:45:35 - [TEST_STEP][PASSED] - click(findTestObject("Object Repository/Page_KiboEngage  Create Message/h4_KIBOPUSH (1)")): Object: 'Object Repository/Page_KiboEngage  Create Message/h4_KIBOPUSH (1)' is clicked on

2019-04-03 12:45:35 - [MESSAGE][PASSED] - Object: 'Object Repository/Page_KiboEngage  Create Message/h4_KIBOPUSH (1)' is clicked on

2019-04-03 12:45:35 - [TEST_STEP][PASSED] - delay(2): Delayed 2 second(s)

2019-04-03 12:45:37 - [MESSAGE][PASSED] - Delayed 2 second(s)

2019-04-03 12:45:37 - [TEST_STEP][PASSED] - img2 = getProjectDir() + "/sample.jpg": null

2019-04-03 12:45:37 - [TEST_STEP][PASSED] - delay(3): Delayed 3 second(s)

2019-04-03 12:45:40 - [MESSAGE][PASSED] - Delayed 3 second(s)

2019-04-03 12:45:40 - [TEST_STEP][PASSED] - uploadFile(findTestObject("Page_KiboEngage  Create Broadcast/Upload_Image_List_Item2"), img2): File '/home/cloudkibo-muzamil/Downloads/Test cases/production/KiboPush/sample.jpg' sent to object: 'Object Repository/Page_KiboEngage  Create Broadcast/Upload_Image_List_Item2'

2019-04-03 12:45:41 - [MESSAGE][PASSED] - File '/home/cloudkibo-muzamil/Downloads/Test cases/production/KiboPush/sample.jpg' sent to object: 'Object Repository/Page_KiboEngage  Create Broadcast/Upload_Image_List_Item2'

2019-04-03 12:45:41 - [TEST_STEP][PASSED] - delay(8): Delayed 8 second(s)

2019-04-03 12:45:49 - [MESSAGE][PASSED] - Delayed 8 second(s)

2019-04-03 12:45:49 - [TEST_STEP][PASSED] - click(findTestObject("Object Repository/Page_KiboEngage  Create Message/h4_KIBOPUSH (1)")): Object: 'Object Repository/Page_KiboEngage  Create Message/h4_KIBOPUSH (1)' is clicked on

2019-04-03 12:45:49 - [MESSAGE][PASSED] - Object: 'Object Repository/Page_KiboEngage  Create Message/h4_KIBOPUSH (1)' is clicked on

2019-04-03 12:45:49 - [TEST_STEP][FAILED] - click(findTestObject("Page_KiboEngage  Create Message/button_Save (4)")): click(findTestObject("Page_KiboEngage  Create Message/button_Save (4)")) FAILED.
Reason:
com.kms.katalon.core.exception.StepFailedException: Unable to click on object 'Object Repository/Page_KiboEngage  Create Message/button_Save (4)'
	at com.kms.katalon.core.webui.keyword.internal.WebUIKeywordMain.stepFailed(WebUIKeywordMain.groovy:64)
	at com.kms.katalon.core.webui.keyword.internal.WebUIKeywordMain.runKeyword(WebUIKeywordMain.groovy:26)
	at com.kms.katalon.core.webui.keyword.builtin.ClickKeyword.click(ClickKeyword.groovy:86)
	at com.kms.katalon.core.webui.keyword.builtin.ClickKeyword.execute(ClickKeyword.groovy:67)
	at com.kms.katalon.core.keyword.internal.KeywordExecutor.executeKeywordForPlatform(KeywordExecutor.groovy:56)
	at com.kms.katalon.core.webui.keyword.WebUiBuiltInKeywords.click(WebUiBuiltInKeywords.groovy:616)
	at com.kms.katalon.core.webui.keyword.WebUiBuiltInKeywords$click$2.call(Unknown Source)
	at TC11126.run(TC11126:77)
	at com.kms.katalon.core.main.ScriptEngine.run(ScriptEngine.java:194)
	at com.kms.katalon.core.main.ScriptEngine.runScriptAsRawText(ScriptEngine.java:119)
	at com.kms.katalon.core.main.TestCaseExecutor.runScript(TestCaseExecutor.java:331)
	at com.kms.katalon.core.main.TestCaseExecutor.doExecute(TestCaseExecutor.java:322)
	at com.kms.katalon.core.main.TestCaseExecutor.processExecutionPhase(TestCaseExecutor.java:301)
	at com.kms.katalon.core.main.TestCaseExecutor.accessMainPhase(TestCaseExecutor.java:293)
	at com.kms.katalon.core.main.TestCaseExecutor.execute(TestCaseExecutor.java:227)
	at com.kms.katalon.core.main.TestSuiteExecutor.accessTestCaseMainPhase(TestSuiteExecutor.java:129)
	at com.kms.katalon.core.main.TestSuiteExecutor.accessTestSuiteMainPhase(TestSuiteExecutor.java:112)
	at com.kms.katalon.core.main.TestSuiteExecutor.execute(TestSuiteExecutor.java:81)
	at com.kms.katalon.core.main.TestCaseMain.startTestSuite(TestCaseMain.java:157)
	at com.kms.katalon.core.main.TestCaseMain$startTestSuite$0.call(Unknown Source)
	at TempTestSuite1554275422234.run(TempTestSuite1554275422234.groovy:35)
Caused by: org.openqa.selenium.WebDriverException: unknown error: Element <button class="btn btn-primary">...</button> is not clickable at point (1457, 23). Other element would receive the click: <span class="m-nav__link-text" style="line-height: 41px; vertical-align: middle; text-align: center;">...</span>
  (Session info: chrome=73.0.3683.86)
  (Driver info: chromedriver=2.43.600233 (523efee95e3d68b8719b3a1c83051aa63aa6b10d),platform=Linux 4.18.0-16-generic x86_64) (WARNING: The server did not provide any stacktrace information)
Command duration or timeout: 0 milliseconds
Build info: version: '3.7.1', revision: '8a0099a', time: '2017-11-06T21:07:36.161Z'
System info: host: 'cloudkibomuzamil-Precision-T1700', ip: '127.0.1.1', os.name: 'Linux', os.arch: 'amd64', os.version: '4.18.0-16-generic', java.version: '1.8.0_191'
Driver info: com.kms.katalon.selenium.driver.CChromeDriver
Capabilities {acceptInsecureCerts: false, acceptSslCerts: false, applicationCacheEnabled: false, browserConnectionEnabled: false, browserName: chrome, chrome: {chromedriverVersion: 2.43.600233 (523efee95e3d68..., userDataDir: /tmp/.org.chromium.Chromium...}, cssSelectorsEnabled: true, databaseEnabled: false, goog:chromeOptions: {debuggerAddress: localhost:33133}, handlesAlerts: true, hasTouchScreen: false, javascriptEnabled: true, locationContextEnabled: true, mobileEmulationEnabled: false, nativeEvents: true, networkConnectionEnabled: false, pageLoadStrategy: normal, platform: LINUX, platformName: LINUX, rotatable: false, setWindowRect: true, takesHeapSnapshot: true, takesScreenshot: true, unexpectedAlertBehaviour: , unhandledPromptBehavior: , version: 73.0.3683.86, webStorageEnabled: true}
Session ID: 5e7d26858897fe712e22423c63c0f479
	at org.openqa.selenium.remote.ErrorHandler.createThrowable(ErrorHandler.java:214)
	at org.openqa.selenium.remote.ErrorHandler.throwIfResponseFailed(ErrorHandler.java:166)
	at org.openqa.selenium.remote.http.JsonHttpResponseCodec.reconstructValue(JsonHttpResponseCodec.java:40)
	at org.openqa.selenium.remote.http.AbstractHttpResponseCodec.decode(AbstractHttpResponseCodec.java:80)
	at org.openqa.selenium.remote.http.AbstractHttpResponseCodec.decode(AbstractHttpResponseCodec.java:44)
	at org.openqa.selenium.remote.HttpCommandExecutor.execute(HttpCommandExecutor.java:164)
	at org.openqa.selenium.remote.service.DriverCommandExecutor.execute(DriverCommandExecutor.java:83)
	at org.openqa.selenium.remote.RemoteWebDriver.execute(RemoteWebDriver.java:600)
	at com.kms.katalon.selenium.driver.CChromeDriver.execute(CChromeDriver.java:20)
	at org.openqa.selenium.remote.RemoteWebElement.execute(RemoteWebElement.java:279)
	at org.openqa.selenium.remote.RemoteWebElement.click(RemoteWebElement.java:83)
	at com.kms.katalon.core.webui.keyword.builtin.ClickKeyword$_click_closure1.doCall(ClickKeyword.groovy:79)
	at com.kms.katalon.core.webui.keyword.builtin.ClickKeyword$_click_closure1.call(ClickKeyword.groovy)
	at com.kms.katalon.core.webui.keyword.internal.WebUIKeywordMain.runKeyword(WebUIKeywordMain.groovy:20)
	at com.kms.katalon.core.webui.keyword.builtin.ClickKeyword.click(ClickKeyword.groovy:86)
	at com.kms.katalon.core.webui.keyword.builtin.ClickKeyword.execute(ClickKeyword.groovy:67)
	at com.kms.katalon.core.keyword.internal.KeywordExecutor.executeKeywordForPlatform(KeywordExecutor.groovy:56)
	at com.kms.katalon.core.webui.keyword.WebUiBuiltInKeywords.click(WebUiBuiltInKeywords.groovy:616)
	at com.kms.katalon.core.webui.keyword.WebUiBuiltInKeywords$click$2.call(Unknown Source)
	at Script1553263808330.run(Script1553263808330.groovy:77)
	... 13 more


2019-04-03 12:45:49 - [MESSAGE][FAILED] - Unable to click on object 'Object Repository/Page_KiboEngage  Create Message/button_Save (4)' (Root cause: com.kms.katalon.core.exception.StepFailedException: Unable to click on object 'Object Repository/Page_KiboEngage  Create Message/button_Save (4)'
	at com.kms.katalon.core.webui.keyword.internal.WebUIKeywordMain.stepFailed(WebUIKeywordMain.groovy:64)
	at com.kms.katalon.core.webui.keyword.internal.WebUIKeywordMain.runKeyword(WebUIKeywordMain.groovy:26)
	at com.kms.katalon.core.webui.keyword.builtin.ClickKeyword.click(ClickKeyword.groovy:86)
	at com.kms.katalon.core.webui.keyword.builtin.ClickKeyword.execute(ClickKeyword.groovy:67)
	at com.kms.katalon.core.keyword.internal.KeywordExecutor.executeKeywordForPlatform(KeywordExecutor.groovy:56)
	at com.kms.katalon.core.webui.keyword.WebUiBuiltInKeywords.click(WebUiBuiltInKeywords.groovy:616)
	at com.kms.katalon.core.webui.keyword.WebUiBuiltInKeywords$click$2.call(Unknown Source)
	at TC11126.run(TC11126:77)
	at com.kms.katalon.core.main.ScriptEngine.run(ScriptEngine.java:194)
	at com.kms.katalon.core.main.ScriptEngine.runScriptAsRawText(ScriptEngine.java:119)
	at com.kms.katalon.core.main.TestCaseExecutor.runScript(TestCaseExecutor.java:331)
	at com.kms.katalon.core.main.TestCaseExecutor.doExecute(TestCaseExecutor.java:322)
	at com.kms.katalon.core.main.TestCaseExecutor.processExecutionPhase(TestCaseExecutor.java:301)
	at com.kms.katalon.core.main.TestCaseExecutor.accessMainPhase(TestCaseExecutor.java:293)
	at com.kms.katalon.core.main.TestCaseExecutor.execute(TestCaseExecutor.java:227)
	at com.kms.katalon.core.main.TestSuiteExecutor.accessTestCaseMainPhase(TestSuiteExecutor.java:129)
	at com.kms.katalon.core.main.TestSuiteExecutor.accessTestSuiteMainPhase(TestSuiteExecutor.java:112)
	at com.kms.katalon.core.main.TestSuiteExecutor.execute(TestSuiteExecutor.java:81)
	at com.kms.katalon.core.main.TestCaseMain.startTestSuite(TestCaseMain.java:157)
	at com.kms.katalon.core.main.TestCaseMain$startTestSuite$0.call(Unknown Source)
	at TempTestSuite1554275422234.run(TempTestSuite1554275422234.groovy:35)
Caused by: org.openqa.selenium.WebDriverException: unknown error: Element <button class="btn btn-primary">...</button> is not clickable at point (1457, 23). Other element would receive the click: <span class="m-nav__link-text" style="line-height: 41px; vertical-align: middle; text-align: center;">...</span>
  (Session info: chrome=73.0.3683.86)
  (Driver info: chromedriver=2.43.600233 (523efee95e3d68b8719b3a1c83051aa63aa6b10d),platform=Linux 4.18.0-16-generic x86_64) (WARNING: The server did not provide any stacktrace information)
Command duration or timeout: 0 milliseconds
Build info: version: '3.7.1', revision: '8a0099a', time: '2017-11-06T21:07:36.161Z'
System info: host: 'cloudkibomuzamil-Precision-T1700', ip: '127.0.1.1', os.name: 'Linux', os.arch: 'amd64', os.version: '4.18.0-16-generic', java.version: '1.8.0_191'
Driver info: com.kms.katalon.selenium.driver.CChromeDriver
Capabilities {acceptInsecureCerts: false, acceptSslCerts: false, applicationCacheEnabled: false, browserConnectionEnabled: false, browserName: chrome, chrome: {chromedriverVersion: 2.43.600233 (523efee95e3d68..., userDataDir: /tmp/.org.chromium.Chromium...}, cssSelectorsEnabled: true, databaseEnabled: false, goog:chromeOptions: {debuggerAddress: localhost:33133}, handlesAlerts: true, hasTouchScreen: false, javascriptEnabled: true, locationContextEnabled: true, mobileEmulationEnabled: false, nativeEvents: true, networkConnectionEnabled: false, pageLoadStrategy: normal, platform: LINUX, platformName: LINUX, rotatable: false, setWindowRect: true, takesHeapSnapshot: true, takesScreenshot: true, unexpectedAlertBehaviour: , unhandledPromptBehavior: , version: 73.0.3683.86, webStorageEnabled: true}
Session ID: 5e7d26858897fe712e22423c63c0f479
	at org.openqa.selenium.remote.ErrorHandler.createThrowable(ErrorHandler.java:214)
	at org.openqa.selenium.remote.ErrorHandler.throwIfResponseFailed(ErrorHandler.java:166)
	at org.openqa.selenium.remote.http.JsonHttpResponseCodec.reconstructValue(JsonHttpResponseCodec.java:40)
	at org.openqa.selenium.remote.http.AbstractHttpResponseCodec.decode(AbstractHttpResponseCodec.java:80)
	at org.openqa.selenium.remote.http.AbstractHttpResponseCodec.decode(AbstractHttpResponseCodec.java:44)
	at org.openqa.selenium.remote.HttpCommandExecutor.execute(HttpCommandExecutor.java:164)
	at org.openqa.selenium.remote.service.DriverCommandExecutor.execute(DriverCommandExecutor.java:83)
	at org.openqa.selenium.remote.RemoteWebDriver.execute(RemoteWebDriver.java:600)
	at com.kms.katalon.selenium.driver.CChromeDriver.execute(CChromeDriver.java:20)
	at org.openqa.selenium.remote.RemoteWebElement.execute(RemoteWebElement.java:279)
	at org.openqa.selenium.remote.RemoteWebElement.click(RemoteWebElement.java:83)
	at com.kms.katalon.core.webui.keyword.builtin.ClickKeyword$_click_closure1.doCall(ClickKeyword.groovy:79)
	at com.kms.katalon.core.webui.keyword.builtin.ClickKeyword$_click_closure1.call(ClickKeyword.groovy)
	at com.kms.katalon.core.webui.keyword.internal.WebUIKeywordMain.runKeyword(WebUIKeywordMain.groovy:20)
	at com.kms.katalon.core.webui.keyword.builtin.ClickKeyword.click(ClickKeyword.groovy:86)
	at com.kms.katalon.core.webui.keyword.builtin.ClickKeyword.execute(ClickKeyword.groovy:67)
	at com.kms.katalon.core.keyword.internal.KeywordExecutor.executeKeywordForPlatform(KeywordExecutor.groovy:56)
	at com.kms.katalon.core.webui.keyword.WebUiBuiltInKeywords.click(WebUiBuiltInKeywords.groovy:616)
	at com.kms.katalon.core.webui.keyword.WebUiBuiltInKeywords$click$2.call(Unknown Source)
	at Script1553263808330.run(Script1553263808330.groovy:77)
	... 13 more
)
[[ATTACHMENT|/home/cloudkibo-muzamil/Downloads/Test cases/production/KiboPush/Reports/Webview/20190403_121022/1554277549150.png]]

2019-04-03 12:45:49 - [MESSAGE][FAILED] - click(findTestObject("Page_KiboEngage  Create Message/button_Save (4)")) FAILED.
Reason:
com.kms.katalon.core.exception.StepFailedException: Unable to click on object 'Object Repository/Page_KiboEngage  Create Message/button_Save (4)'
	at com.kms.katalon.core.webui.keyword.internal.WebUIKeywordMain.stepFailed(WebUIKeywordMain.groovy:64)
	at com.kms.katalon.core.webui.keyword.internal.WebUIKeywordMain.runKeyword(WebUIKeywordMain.groovy:26)
	at com.kms.katalon.core.webui.keyword.builtin.ClickKeyword.click(ClickKeyword.groovy:86)
	at com.kms.katalon.core.webui.keyword.builtin.ClickKeyword.execute(ClickKeyword.groovy:67)
	at com.kms.katalon.core.keyword.internal.KeywordExecutor.executeKeywordForPlatform(KeywordExecutor.groovy:56)
	at com.kms.katalon.core.webui.keyword.WebUiBuiltInKeywords.click(WebUiBuiltInKeywords.groovy:616)
	at com.kms.katalon.core.webui.keyword.WebUiBuiltInKeywords$click$2.call(Unknown Source)
	at TC11126.run(TC11126:77)
	at com.kms.katalon.core.main.ScriptEngine.run(ScriptEngine.java:194)
	at com.kms.katalon.core.main.ScriptEngine.runScriptAsRawText(ScriptEngine.java:119)
	at com.kms.katalon.core.main.TestCaseExecutor.runScript(TestCaseExecutor.java:331)
	at com.kms.katalon.core.main.TestCaseExecutor.doExecute(TestCaseExecutor.java:322)
	at com.kms.katalon.core.main.TestCaseExecutor.processExecutionPhase(TestCaseExecutor.java:301)
	at com.kms.katalon.core.main.TestCaseExecutor.accessMainPhase(TestCaseExecutor.java:293)
	at com.kms.katalon.core.main.TestCaseExecutor.execute(TestCaseExecutor.java:227)
	at com.kms.katalon.core.main.TestSuiteExecutor.accessTestCaseMainPhase(TestSuiteExecutor.java:129)
	at com.kms.katalon.core.main.TestSuiteExecutor.accessTestSuiteMainPhase(TestSuiteExecutor.java:112)
	at com.kms.katalon.core.main.TestSuiteExecutor.execute(TestSuiteExecutor.java:81)
	at com.kms.katalon.core.main.TestCaseMain.startTestSuite(TestCaseMain.java:157)
	at com.kms.katalon.core.main.TestCaseMain$startTestSuite$0.call(Unknown Source)
	at TempTestSuite1554275422234.run(TempTestSuite1554275422234.groovy:35)
Caused by: org.openqa.selenium.WebDriverException: unknown error: Element <button class="btn btn-primary">...</button> is not clickable at point (1457, 23). Other element would receive the click: <span class="m-nav__link-text" style="line-height: 41px; vertical-align: middle; text-align: center;">...</span>
  (Session info: chrome=73.0.3683.86)
  (Driver info: chromedriver=2.43.600233 (523efee95e3d68b8719b3a1c83051aa63aa6b10d),platform=Linux 4.18.0-16-generic x86_64) (WARNING: The server did not provide any stacktrace information)
Command duration or timeout: 0 milliseconds
Build info: version: '3.7.1', revision: '8a0099a', time: '2017-11-06T21:07:36.161Z'
System info: host: 'cloudkibomuzamil-Precision-T1700', ip: '127.0.1.1', os.name: 'Linux', os.arch: 'amd64', os.version: '4.18.0-16-generic', java.version: '1.8.0_191'
Driver info: com.kms.katalon.selenium.driver.CChromeDriver
Capabilities {acceptInsecureCerts: false, acceptSslCerts: false, applicationCacheEnabled: false, browserConnectionEnabled: false, browserName: chrome, chrome: {chromedriverVersion: 2.43.600233 (523efee95e3d68..., userDataDir: /tmp/.org.chromium.Chromium...}, cssSelectorsEnabled: true, databaseEnabled: false, goog:chromeOptions: {debuggerAddress: localhost:33133}, handlesAlerts: true, hasTouchScreen: false, javascriptEnabled: true, locationContextEnabled: true, mobileEmulationEnabled: false, nativeEvents: true, networkConnectionEnabled: false, pageLoadStrategy: normal, platform: LINUX, platformName: LINUX, rotatable: false, setWindowRect: true, takesHeapSnapshot: true, takesScreenshot: true, unexpectedAlertBehaviour: , unhandledPromptBehavior: , version: 73.0.3683.86, webStorageEnabled: true}
Session ID: 5e7d26858897fe712e22423c63c0f479
	at org.openqa.selenium.remote.ErrorHandler.createThrowable(ErrorHandler.java:214)
	at org.openqa.selenium.remote.ErrorHandler.throwIfResponseFailed(ErrorHandler.java:166)
	at org.openqa.selenium.remote.http.JsonHttpResponseCodec.reconstructValue(JsonHttpResponseCodec.java:40)
	at org.openqa.selenium.remote.http.AbstractHttpResponseCodec.decode(AbstractHttpResponseCodec.java:80)
	at org.openqa.selenium.remote.http.AbstractHttpResponseCodec.decode(AbstractHttpResponseCodec.java:44)
	at org.openqa.selenium.remote.HttpCommandExecutor.execute(HttpCommandExecutor.java:164)
	at org.openqa.selenium.remote.service.DriverCommandExecutor.execute(DriverCommandExecutor.java:83)
	at org.openqa.selenium.remote.RemoteWebDriver.execute(RemoteWebDriver.java:600)
	at com.kms.katalon.selenium.driver.CChromeDriver.execute(CChromeDriver.java:20)
	at org.openqa.selenium.remote.RemoteWebElement.execute(RemoteWebElement.java:279)
	at org.openqa.selenium.remote.RemoteWebElement.click(RemoteWebElement.java:83)
	at com.kms.katalon.core.webui.keyword.builtin.ClickKeyword$_click_closure1.doCall(ClickKeyword.groovy:79)
	at com.kms.katalon.core.webui.keyword.builtin.ClickKeyword$_click_closure1.call(ClickKeyword.groovy)
	at com.kms.katalon.core.webui.keyword.internal.WebUIKeywordMain.runKeyword(WebUIKeywordMain.groovy:20)
	at com.kms.katalon.core.webui.keyword.builtin.ClickKeyword.click(ClickKeyword.groovy:86)
	at com.kms.katalon.core.webui.keyword.builtin.ClickKeyword.execute(ClickKeyword.groovy:67)
	at com.kms.katalon.core.keyword.internal.KeywordExecutor.executeKeywordForPlatform(KeywordExecutor.groovy:56)
	at com.kms.katalon.core.webui.keyword.WebUiBuiltInKeywords.click(WebUiBuiltInKeywords.groovy:616)
	at com.kms.katalon.core.webui.keyword.WebUiBuiltInKeywords$click$2.call(Unknown Source)
	at Script1553263808330.run(Script1553263808330.groovy:77)
	... 13 more]]></system-out>
         <system-err><![CDATA[2019-04-03 12:44:19 - [TEST_CASE][FAILED] - Test Cases/Webview/TC11126: Test Cases/Webview/TC11126 FAILED.
Reason:
com.kms.katalon.core.exception.StepFailedException: Unable to click on object 'Object Repository/Page_KiboEngage  Create Message/button_Save (4)'
	at com.kms.katalon.core.webui.keyword.internal.WebUIKeywordMain.stepFailed(WebUIKeywordMain.groovy:64)
	at com.kms.katalon.core.webui.keyword.internal.WebUIKeywordMain.runKeyword(WebUIKeywordMain.groovy:26)
	at com.kms.katalon.core.webui.keyword.builtin.ClickKeyword.click(ClickKeyword.groovy:86)
	at com.kms.katalon.core.webui.keyword.builtin.ClickKeyword.execute(ClickKeyword.groovy:67)
	at com.kms.katalon.core.keyword.internal.KeywordExecutor.executeKeywordForPlatform(KeywordExecutor.groovy:56)
	at com.kms.katalon.core.webui.keyword.WebUiBuiltInKeywords.click(WebUiBuiltInKeywords.groovy:616)
	at com.kms.katalon.core.webui.keyword.WebUiBuiltInKeywords$click$2.call(Unknown Source)
	at TC11126.run(TC11126:77)
	at com.kms.katalon.core.main.ScriptEngine.run(ScriptEngine.java:194)
	at com.kms.katalon.core.main.ScriptEngine.runScriptAsRawText(ScriptEngine.java:119)
	at com.kms.katalon.core.main.TestCaseExecutor.runScript(TestCaseExecutor.java:331)
	at com.kms.katalon.core.main.TestCaseExecutor.doExecute(TestCaseExecutor.java:322)
	at com.kms.katalon.core.main.TestCaseExecutor.processExecutionPhase(TestCaseExecutor.java:301)
	at com.kms.katalon.core.main.TestCaseExecutor.accessMainPhase(TestCaseExecutor.java:293)
	at com.kms.katalon.core.main.TestCaseExecutor.execute(TestCaseExecutor.java:227)
	at com.kms.katalon.core.main.TestSuiteExecutor.accessTestCaseMainPhase(TestSuiteExecutor.java:129)
	at com.kms.katalon.core.main.TestSuiteExecutor.accessTestSuiteMainPhase(TestSuiteExecutor.java:112)
	at com.kms.katalon.core.main.TestSuiteExecutor.execute(TestSuiteExecutor.java:81)
	at com.kms.katalon.core.main.TestCaseMain.startTestSuite(TestCaseMain.java:157)
	at com.kms.katalon.core.main.TestCaseMain$startTestSuite$0.call(Unknown Source)
	at TempTestSuite1554275422234.run(TempTestSuite1554275422234.groovy:35)
Caused by: org.openqa.selenium.WebDriverException: unknown error: Element <button class="btn btn-primary">...</button> is not clickable at point (1457, 23). Other element would receive the click: <span class="m-nav__link-text" style="line-height: 41px; vertical-align: middle; text-align: center;">...</span>
  (Session info: chrome=73.0.3683.86)
  (Driver info: chromedriver=2.43.600233 (523efee95e3d68b8719b3a1c83051aa63aa6b10d),platform=Linux 4.18.0-16-generic x86_64) (WARNING: The server did not provide any stacktrace information)
Command duration or timeout: 0 milliseconds
Build info: version: '3.7.1', revision: '8a0099a', time: '2017-11-06T21:07:36.161Z'
System info: host: 'cloudkibomuzamil-Precision-T1700', ip: '127.0.1.1', os.name: 'Linux', os.arch: 'amd64', os.version: '4.18.0-16-generic', java.version: '1.8.0_191'
Driver info: com.kms.katalon.selenium.driver.CChromeDriver
Capabilities {acceptInsecureCerts: false, acceptSslCerts: false, applicationCacheEnabled: false, browserConnectionEnabled: false, browserName: chrome, chrome: {chromedriverVersion: 2.43.600233 (523efee95e3d68..., userDataDir: /tmp/.org.chromium.Chromium...}, cssSelectorsEnabled: true, databaseEnabled: false, goog:chromeOptions: {debuggerAddress: localhost:33133}, handlesAlerts: true, hasTouchScreen: false, javascriptEnabled: true, locationContextEnabled: true, mobileEmulationEnabled: false, nativeEvents: true, networkConnectionEnabled: false, pageLoadStrategy: normal, platform: LINUX, platformName: LINUX, rotatable: false, setWindowRect: true, takesHeapSnapshot: true, takesScreenshot: true, unexpectedAlertBehaviour: , unhandledPromptBehavior: , version: 73.0.3683.86, webStorageEnabled: true}
Session ID: 5e7d26858897fe712e22423c63c0f479
	at org.openqa.selenium.remote.ErrorHandler.createThrowable(ErrorHandler.java:214)
	at org.openqa.selenium.remote.ErrorHandler.throwIfResponseFailed(ErrorHandler.java:166)
	at org.openqa.selenium.remote.http.JsonHttpResponseCodec.reconstructValue(JsonHttpResponseCodec.java:40)
	at org.openqa.selenium.remote.http.AbstractHttpResponseCodec.decode(AbstractHttpResponseCodec.java:80)
	at org.openqa.selenium.remote.http.AbstractHttpResponseCodec.decode(AbstractHttpResponseCodec.java:44)
	at org.openqa.selenium.remote.HttpCommandExecutor.execute(HttpCommandExecutor.java:164)
	at org.openqa.selenium.remote.service.DriverCommandExecutor.execute(DriverCommandExecutor.java:83)
	at org.openqa.selenium.remote.RemoteWebDriver.execute(RemoteWebDriver.java:600)
	at com.kms.katalon.selenium.driver.CChromeDriver.execute(CChromeDriver.java:20)
	at org.openqa.selenium.remote.RemoteWebElement.execute(RemoteWebElement.java:279)
	at org.openqa.selenium.remote.RemoteWebElement.click(RemoteWebElement.java:83)
	at com.kms.katalon.core.webui.keyword.builtin.ClickKeyword$_click_closure1.doCall(ClickKeyword.groovy:79)
	at com.kms.katalon.core.webui.keyword.builtin.ClickKeyword$_click_closure1.call(ClickKeyword.groovy)
	at com.kms.katalon.core.webui.keyword.internal.WebUIKeywordMain.runKeyword(WebUIKeywordMain.groovy:20)
	at com.kms.katalon.core.webui.keyword.builtin.ClickKeyword.click(ClickKeyword.groovy:86)
	at com.kms.katalon.core.webui.keyword.builtin.ClickKeyword.execute(ClickKeyword.groovy:67)
	at com.kms.katalon.core.keyword.internal.KeywordExecutor.executeKeywordForPlatform(KeywordExecutor.groovy:56)
	at com.kms.katalon.core.webui.keyword.WebUiBuiltInKeywords.click(WebUiBuiltInKeywords.groovy:616)
	at com.kms.katalon.core.webui.keyword.WebUiBuiltInKeywords$click$2.call(Unknown Source)
	at Script1553263808330.run(Script1553263808330.groovy:77)
	... 13 more]]></system-err>
      </testcase>
      <testcase name="Test Cases/Webview/TC11127" classname="Test Cases/Webview/TC11127" status="PASSED">
         <system-out><![CDATA[2019-04-03 12:45:49 - [TEST_CASE][PASSED] - Test Cases/Webview/TC11127: Test Cases/Webview/TC11127

2019-04-03 12:45:49 - [TEST_STEP][PASSED] - callTestCase(findTestCase("Webview/TC11126"), [:], STOP_ON_FAILURE): Call Test Case 'Test Cases/Webview/TC11126' successfully

2019-04-03 12:45:49 - [TEST_CASE][PASSED] - Test Cases/Webview/TC11126: Test Cases/Webview/TC11126

2019-04-03 12:45:49 - [TEST_STEP][PASSED] - callTestCase(findTestCase("Landing Pages Test Cases/Open Create Landing Page"), [:], STOP_ON_FAILURE): Call Test Case 'Test Cases/Landing Pages Test Cases/Open Create Landing Page' successfully

2019-04-03 12:45:49 - [TEST_CASE][PASSED] - Test Cases/Landing Pages Test Cases/Open Create Landing Page: Test Cases/Landing Pages Test Cases/Open Create Landing Page

2019-04-03 12:45:49 - [TEST_STEP][PASSED] - openBrowser(""): Browser is opened with url: ''

2019-04-03 12:45:49 - [MESSAGE][WARNING] - A browser is already opened. Closing browser and opening a new one

2019-04-03 12:45:49 - [MESSAGE][INFO] - Starting 'Chrome' driver

2019-04-03 12:45:50 - [MESSAGE][PASSED] - Browser is opened with url: ''

2019-04-03 12:45:50 - [TEST_STEP][PASSED] - callTestCase(findTestCase("s-sidebar_navigation/individualAccount/Login_Muzamil"), [:], STOP_ON_FAILURE): Call Test Case 'Test Cases/s-sidebar_navigation/individualAccount/Login_Muzamil' successfully

2019-04-03 12:45:50 - [TEST_CASE][PASSED] - Test Cases/s-sidebar_navigation/individualAccount/Login_Muzamil: Test Cases/s-sidebar_navigation/individualAccount/Login_Muzamil

2019-04-03 12:45:50 - [TEST_STEP][PASSED] - openBrowser(""): Browser is opened with url: ''

2019-04-03 12:45:50 - [MESSAGE][WARNING] - A browser is already opened. Closing browser and opening a new one

2019-04-03 12:45:50 - [MESSAGE][INFO] - Starting 'Chrome' driver

2019-04-03 12:45:50 - [MESSAGE][PASSED] - Browser is opened with url: ''

2019-04-03 12:45:50 - [TEST_STEP][PASSED] - maximizeWindow(): Current window maximized

2019-04-03 12:45:50 - [MESSAGE][PASSED] - Current window maximized

2019-04-03 12:45:50 - [TEST_STEP][PASSED] - navigateToUrl("https://app.kibopush.com/"): Navigate to 'https://app.kibopush.com/' successfully

2019-04-03 12:46:00 - [MESSAGE][PASSED] - Navigate to 'https://app.kibopush.com/' successfully

2019-04-03 12:46:00 - [TEST_STEP][PASSED] - click(findTestObject("Page_CloudKibo/a_Login (2)")): Object: 'Object Repository/Page_CloudKibo/a_Login (2)' is clicked on

2019-04-03 12:46:01 - [MESSAGE][PASSED] - Object: 'Object Repository/Page_CloudKibo/a_Login (2)' is clicked on

2019-04-03 12:46:01 - [TEST_STEP][PASSED] - delay(2): Delayed 2 second(s)

2019-04-03 12:46:03 - [MESSAGE][PASSED] - Delayed 2 second(s)

2019-04-03 12:46:03 - [TEST_STEP][PASSED] - setText(findTestObject("Page_CloudKibo/input_Sign In_email (1)"), "muzamil.bukhari.39@gmail.com"): Text 'muzamil.bukhari.39@gmail.com' is set on object 'Object Repository/Page_CloudKibo/input_Sign In_email (1)'

2019-04-03 12:46:03 - [MESSAGE][PASSED] - Text 'muzamil.bukhari.39@gmail.com' is set on object 'Object Repository/Page_CloudKibo/input_Sign In_email (1)'

2019-04-03 12:46:03 - [TEST_STEP][PASSED] - setEncryptedText(findTestObject("Page_CloudKibo/input_Sign In_password (1)"), "ZOMPkeJIpHWb3LMKk986MQ=="): Text ****** has been set on object 'Object Repository/Page_CloudKibo/input_Sign In_password (1)'

2019-04-03 12:46:04 - [MESSAGE][PASSED] - Text ****** has been set on object 'Object Repository/Page_CloudKibo/input_Sign In_password (1)'

2019-04-03 12:46:04 - [TEST_STEP][PASSED] - delay(1): Delayed 1 second(s)

2019-04-03 12:46:05 - [MESSAGE][PASSED] - Delayed 1 second(s)

2019-04-03 12:46:05 - [TEST_STEP][PASSED] - click(findTestObject("Page_CloudKibo/button_Sign In (5)")): Object: 'Object Repository/Page_CloudKibo/button_Sign In (5)' is clicked on

2019-04-03 12:46:05 - [MESSAGE][PASSED] - Object: 'Object Repository/Page_CloudKibo/button_Sign In (5)' is clicked on

2019-04-03 12:46:05 - [TEST_STEP][PASSED] - delay(3): Delayed 3 second(s)

2019-04-03 12:46:08 - [MESSAGE][PASSED] - Delayed 3 second(s)

2019-04-03 12:46:08 - [TEST_STEP][PASSED] - click(findTestObject("Object Repository/Page_KiboEngage  Dashboard/h4_KIBOPUSH")): Object: 'Object Repository/Page_KiboEngage  Dashboard/h4_KIBOPUSH' is clicked on

2019-04-03 12:46:33 - [MESSAGE][PASSED] - Object: 'Object Repository/Page_KiboEngage  Dashboard/h4_KIBOPUSH' is clicked on

2019-04-03 12:46:33 - [MESSAGE][PASSED] - Call Test Case 'Test Cases/s-sidebar_navigation/individualAccount/Login_Muzamil' successfully

2019-04-03 12:46:33 - [TEST_STEP][PASSED] - delay(2): Delayed 2 second(s)

2019-04-03 12:46:35 - [MESSAGE][PASSED] - Delayed 2 second(s)

2019-04-03 12:46:35 - [TEST_STEP][PASSED] - click(findTestObject("Page_KiboEngage  Dashboard/span_Growth Tools (3) (1)")): Object: 'Object Repository/Page_KiboEngage  Dashboard/span_Growth Tools (3) (1)' is clicked on

2019-04-03 12:46:35 - [MESSAGE][PASSED] - Object: 'Object Repository/Page_KiboEngage  Dashboard/span_Growth Tools (3) (1)' is clicked on

2019-04-03 12:46:35 - [TEST_STEP][PASSED] - delay(2): Delayed 2 second(s)

2019-04-03 12:46:37 - [MESSAGE][PASSED] - Delayed 2 second(s)

2019-04-03 12:46:37 - [TEST_STEP][PASSED] - click(findTestObject("Page_KiboEngage  Dashboard/span_Landing Pages (1) (1)")): Object: 'Object Repository/Page_KiboEngage  Dashboard/span_Landing Pages (1) (1)' is clicked on

2019-04-03 12:46:37 - [MESSAGE][PASSED] - Object: 'Object Repository/Page_KiboEngage  Dashboard/span_Landing Pages (1) (1)' is clicked on

2019-04-03 12:46:37 - [TEST_STEP][PASSED] - delay(2): Delayed 2 second(s)

2019-04-03 12:46:39 - [MESSAGE][PASSED] - Delayed 2 second(s)

2019-04-03 12:46:39 - [TEST_STEP][PASSED] - click(findTestObject("Page_KiboEngage  Landing Pages/span_Create New")): Object: 'Object Repository/Page_KiboEngage  Landing Pages/span_Create New' is clicked on

2019-04-03 12:46:39 - [MESSAGE][PASSED] - Object: 'Object Repository/Page_KiboEngage  Landing Pages/span_Create New' is clicked on

2019-04-03 12:46:39 - [TEST_STEP][PASSED] - delay(2): Delayed 2 second(s)

2019-04-03 12:46:41 - [MESSAGE][PASSED] - Delayed 2 second(s)

2019-04-03 12:46:41 - [TEST_STEP][PASSED] - click(findTestObject("Page_KiboEngage  Landing Pages/button_Create")): Object: 'Object Repository/Page_KiboEngage  Landing Pages/button_Create' is clicked on

2019-04-03 12:46:41 - [MESSAGE][PASSED] - Object: 'Object Repository/Page_KiboEngage  Landing Pages/button_Create' is clicked on

2019-04-03 12:46:41 - [TEST_STEP][PASSED] - delay(2): Delayed 2 second(s)

2019-04-03 12:46:43 - [MESSAGE][PASSED] - Delayed 2 second(s)

2019-04-03 12:46:43 - [TEST_STEP][PASSED] - click(findTestObject("Page_KiboEngage  Create Landing Page/a_Opt-In Actions")): Object: 'Object Repository/Page_KiboEngage  Create Landing Page/a_Opt-In Actions' is clicked on

2019-04-03 12:46:44 - [MESSAGE][PASSED] - Object: 'Object Repository/Page_KiboEngage  Create Landing Page/a_Opt-In Actions' is clicked on

2019-04-03 12:46:44 - [TEST_STEP][PASSED] - delay(2): Delayed 2 second(s)

2019-04-03 12:46:46 - [MESSAGE][PASSED] - Delayed 2 second(s)

2019-04-03 12:46:46 - [TEST_STEP][PASSED] - click(findTestObject("Page_KiboEngage  Create Landing Page/a_Next_btn btn-circle btn-icon-only btn-default m-input-icon__icon m-input-icon__icon--right")): Object: 'Object Repository/Page_KiboEngage  Create Landing Page/a_Next_btn btn-circle btn-icon-only btn-default m-input-icon__icon m-input-icon__icon--right' is clicked on

2019-04-03 12:46:47 - [MESSAGE][PASSED] - Object: 'Object Repository/Page_KiboEngage  Create Landing Page/a_Next_btn btn-circle btn-icon-only btn-default m-input-icon__icon m-input-icon__icon--right' is clicked on

2019-04-03 12:46:47 - [TEST_STEP][PASSED] - click(findTestObject("Page_KiboEngage  Create Message/h3_Landing Page Opt-In Message (1)")): Object: 'Object Repository/Page_KiboEngage  Create Message/h3_Landing Page Opt-In Message (1)' is clicked on

2019-04-03 12:46:47 - [MESSAGE][PASSED] - Object: 'Object Repository/Page_KiboEngage  Create Message/h3_Landing Page Opt-In Message (1)' is clicked on

2019-04-03 12:46:47 - [MESSAGE][PASSED] - Call Test Case 'Test Cases/Landing Pages Test Cases/Open Create Landing Page' successfully

2019-04-03 12:46:47 - [TEST_STEP][PASSED] - delay(2): Delayed 2 second(s)

2019-04-03 12:46:49 - [MESSAGE][PASSED] - Delayed 2 second(s)

2019-04-03 12:46:49 - [TEST_STEP][PASSED] - click(findTestObject("Page_KiboEngage  Create Message/div_List")): Object: 'Object Repository/Page_KiboEngage  Create Message/div_List' is clicked on

2019-04-03 12:46:49 - [MESSAGE][PASSED] - Object: 'Object Repository/Page_KiboEngage  Create Message/div_List' is clicked on

2019-04-03 12:46:49 - [TEST_STEP][PASSED] - click(findTestObject("Page_KiboEngage  Create Message/i_Landing Page Opt-In Message_fa fa-times fa-stack-2x (2)")): Object: 'Object Repository/Page_KiboEngage  Create Message/i_Landing Page Opt-In Message_fa fa-times fa-stack-2x (2)' is clicked on

2019-04-03 12:46:50 - [MESSAGE][PASSED] - Object: 'Object Repository/Page_KiboEngage  Create Message/i_Landing Page Opt-In Message_fa fa-times fa-stack-2x (2)' is clicked on

2019-04-03 12:46:50 - [TEST_STEP][PASSED] - setText(findTestObject("Page_KiboEngage  Create Message/input_Landing Page Opt-In Message_form-control (2)"), "title1"): Text 'title1' is set on object 'Object Repository/Page_KiboEngage  Create Message/input_Landing Page Opt-In Message_form-control (2)'

2019-04-03 12:46:50 - [MESSAGE][PASSED] - Text 'title1' is set on object 'Object Repository/Page_KiboEngage  Create Message/input_Landing Page Opt-In Message_form-control (2)'

2019-04-03 12:46:50 - [TEST_STEP][PASSED] - delay(2): Delayed 2 second(s)

2019-04-03 12:46:52 - [MESSAGE][PASSED] - Delayed 2 second(s)

2019-04-03 12:46:52 - [TEST_STEP][PASSED] - setText(findTestObject("Page_KiboEngage  Create Message/List Subtitle1 Text Area"), "st1"): Text 'st1' is set on object 'Object Repository/Page_KiboEngage  Create Message/List Subtitle1 Text Area'

2019-04-03 12:46:52 - [MESSAGE][PASSED] - Text 'st1' is set on object 'Object Repository/Page_KiboEngage  Create Message/List Subtitle1 Text Area'

2019-04-03 12:46:52 - [TEST_STEP][PASSED] - setText(findTestObject("Page_KiboEngage  Create Message/List Title 2"), "Title2"): Text 'Title2' is set on object 'Object Repository/Page_KiboEngage  Create Message/List Title 2'

2019-04-03 12:46:52 - [MESSAGE][PASSED] - Text 'Title2' is set on object 'Object Repository/Page_KiboEngage  Create Message/List Title 2'

2019-04-03 12:46:52 - [TEST_STEP][PASSED] - delay(2): Delayed 2 second(s)

2019-04-03 12:46:54 - [MESSAGE][PASSED] - Delayed 2 second(s)

2019-04-03 12:46:54 - [TEST_STEP][PASSED] - setText(findTestObject("Page_KiboEngage  Create Message/List Subtitle2 Text Area"), "st2"): Text 'st2' is set on object 'Object Repository/Page_KiboEngage  Create Message/List Subtitle2 Text Area'

2019-04-03 12:46:54 - [MESSAGE][PASSED] - Text 'st2' is set on object 'Object Repository/Page_KiboEngage  Create Message/List Subtitle2 Text Area'

2019-04-03 12:46:54 - [TEST_STEP][PASSED] - click(findTestObject("Page_KiboEngage  Create Message/a_Add Action (2)")): Object: 'Object Repository/Page_KiboEngage  Create Message/a_Add Action (2)' is clicked on

2019-04-03 12:46:54 - [MESSAGE][PASSED] - Object: 'Object Repository/Page_KiboEngage  Create Message/a_Add Action (2)' is clicked on

2019-04-03 12:46:54 - [TEST_STEP][PASSED] - click(findTestObject("Page_KiboEngage  Create Message/h7_Open a webview (3)")): Object: 'Object Repository/Page_KiboEngage  Create Message/h7_Open a webview (3)' is clicked on

2019-04-03 12:46:55 - [MESSAGE][PASSED] - Object: 'Object Repository/Page_KiboEngage  Create Message/h7_Open a webview (3)' is clicked on

2019-04-03 12:46:55 - [TEST_STEP][PASSED] - setText(findTestObject("Page_KiboEngage  Create Message/input_Url_form-control (5)"), "https://kiboengage.cloudkibo.com"): Text 'https://kiboengage.cloudkibo.com' is set on object 'Object Repository/Page_KiboEngage  Create Message/input_Url_form-control (5)'

2019-04-03 12:46:55 - [MESSAGE][PASSED] - Text 'https://kiboengage.cloudkibo.com' is set on object 'Object Repository/Page_KiboEngage  Create Message/input_Url_form-control (5)'

2019-04-03 12:46:55 - [TEST_STEP][PASSED] - click(findTestObject("Page_KiboEngage  Create Message/button_Done (5)")): Object: 'Object Repository/Page_KiboEngage  Create Message/button_Done (5)' is clicked on

2019-04-03 12:46:55 - [MESSAGE][PASSED] - Object: 'Object Repository/Page_KiboEngage  Create Message/button_Done (5)' is clicked on

2019-04-03 12:46:55 - [TEST_STEP][PASSED] - click(findTestObject("Page_KiboEngage  Create Message/a_Add Action_1")): Object: 'Object Repository/Page_KiboEngage  Create Message/a_Add Action_1' is clicked on

2019-04-03 12:46:55 - [MESSAGE][PASSED] - Object: 'Object Repository/Page_KiboEngage  Create Message/a_Add Action_1' is clicked on

2019-04-03 12:46:55 - [TEST_STEP][PASSED] - click(findTestObject("Page_KiboEngage  Create Message/h7_Open a webview (3)")): Object: 'Object Repository/Page_KiboEngage  Create Message/h7_Open a webview (3)' is clicked on

2019-04-03 12:46:55 - [MESSAGE][PASSED] - Object: 'Object Repository/Page_KiboEngage  Create Message/h7_Open a webview (3)' is clicked on

2019-04-03 12:46:55 - [TEST_STEP][PASSED] - setText(findTestObject("Page_KiboEngage  Create Message/input_Url_form-control (5)"), "https://kiboengage.cloudkibo.com/"): Text 'https://kiboengage.cloudkibo.com/' is set on object 'Object Repository/Page_KiboEngage  Create Message/input_Url_form-control (5)'

2019-04-03 12:46:56 - [MESSAGE][PASSED] - Text 'https://kiboengage.cloudkibo.com/' is set on object 'Object Repository/Page_KiboEngage  Create Message/input_Url_form-control (5)'

2019-04-03 12:46:56 - [TEST_STEP][PASSED] - click(findTestObject("Page_KiboEngage  Create Message/button_Done (5)")): Object: 'Object Repository/Page_KiboEngage  Create Message/button_Done (5)' is clicked on

2019-04-03 12:46:56 - [MESSAGE][PASSED] - Object: 'Object Repository/Page_KiboEngage  Create Message/button_Done (5)' is clicked on

2019-04-03 12:46:56 - [TEST_STEP][PASSED] - delay(2): Delayed 2 second(s)

2019-04-03 12:46:58 - [MESSAGE][PASSED] - Delayed 2 second(s)

2019-04-03 12:46:58 - [TEST_STEP][PASSED] - img = getProjectDir() + "/sample.jpg": null

2019-04-03 12:46:58 - [TEST_STEP][PASSED] - delay(3): Delayed 3 second(s)

2019-04-03 12:47:01 - [MESSAGE][PASSED] - Delayed 3 second(s)

2019-04-03 12:47:01 - [TEST_STEP][PASSED] - uploadFile(findTestObject("Page_KiboEngage  Create Broadcast/Upload_Image_List_Item1"), img): File '/home/cloudkibo-muzamil/Downloads/Test cases/production/KiboPush/sample.jpg' sent to object: 'Object Repository/Page_KiboEngage  Create Broadcast/Upload_Image_List_Item1'

2019-04-03 12:47:01 - [MESSAGE][PASSED] - File '/home/cloudkibo-muzamil/Downloads/Test cases/production/KiboPush/sample.jpg' sent to object: 'Object Repository/Page_KiboEngage  Create Broadcast/Upload_Image_List_Item1'

2019-04-03 12:47:01 - [TEST_STEP][PASSED] - delay(8): Delayed 8 second(s)

2019-04-03 12:47:09 - [MESSAGE][PASSED] - Delayed 8 second(s)

2019-04-03 12:47:09 - [TEST_STEP][PASSED] - click(findTestObject("Object Repository/Page_KiboEngage  Create Message/h4_KIBOPUSH (1)")): Object: 'Object Repository/Page_KiboEngage  Create Message/h4_KIBOPUSH (1)' is clicked on

2019-04-03 12:47:09 - [MESSAGE][PASSED] - Object: 'Object Repository/Page_KiboEngage  Create Message/h4_KIBOPUSH (1)' is clicked on

2019-04-03 12:47:09 - [TEST_STEP][PASSED] - delay(2): Delayed 2 second(s)

2019-04-03 12:47:11 - [MESSAGE][PASSED] - Delayed 2 second(s)

2019-04-03 12:47:11 - [TEST_STEP][PASSED] - img2 = getProjectDir() + "/sample.jpg": null

2019-04-03 12:47:11 - [TEST_STEP][PASSED] - delay(3): Delayed 3 second(s)

2019-04-03 12:47:14 - [MESSAGE][PASSED] - Delayed 3 second(s)

2019-04-03 12:47:14 - [TEST_STEP][PASSED] - uploadFile(findTestObject("Page_KiboEngage  Create Broadcast/Upload_Image_List_Item2"), img2): File '/home/cloudkibo-muzamil/Downloads/Test cases/production/KiboPush/sample.jpg' sent to object: 'Object Repository/Page_KiboEngage  Create Broadcast/Upload_Image_List_Item2'

2019-04-03 12:47:14 - [MESSAGE][PASSED] - File '/home/cloudkibo-muzamil/Downloads/Test cases/production/KiboPush/sample.jpg' sent to object: 'Object Repository/Page_KiboEngage  Create Broadcast/Upload_Image_List_Item2'

2019-04-03 12:47:14 - [TEST_STEP][PASSED] - delay(8): Delayed 8 second(s)

2019-04-03 12:47:22 - [MESSAGE][PASSED] - Delayed 8 second(s)

2019-04-03 12:47:22 - [TEST_STEP][PASSED] - click(findTestObject("Object Repository/Page_KiboEngage  Create Message/h4_KIBOPUSH (1)")): Object: 'Object Repository/Page_KiboEngage  Create Message/h4_KIBOPUSH (1)' is clicked on

2019-04-03 12:47:22 - [MESSAGE][PASSED] - Object: 'Object Repository/Page_KiboEngage  Create Message/h4_KIBOPUSH (1)' is clicked on

2019-04-03 12:47:22 - [TEST_STEP][PASSED] - click(findTestObject("Page_KiboEngage  Create Message/button_Save (4)")): Object: 'Object Repository/Page_KiboEngage  Create Message/button_Save (4)' is clicked on

2019-04-03 12:47:22 - [MESSAGE][PASSED] - Object: 'Object Repository/Page_KiboEngage  Create Message/button_Save (4)' is clicked on

2019-04-03 12:47:22 - [TEST_STEP][PASSED] - click(findTestObject("Page_KiboEngage  Create Message/div_Message has been saved (3)")): Object: 'Object Repository/Page_KiboEngage  Create Message/div_Message has been saved (3)' is clicked on

2019-04-03 12:47:22 - [MESSAGE][PASSED] - Object: 'Object Repository/Page_KiboEngage  Create Message/div_Message has been saved (3)' is clicked on

2019-04-03 12:47:22 - [MESSAGE][PASSED] - Call Test Case 'Test Cases/Webview/TC11126' successfully

2019-04-03 12:47:22 - [TEST_STEP][PASSED] - delay(2): Delayed 2 second(s)

2019-04-03 12:47:24 - [MESSAGE][PASSED] - Delayed 2 second(s)

2019-04-03 12:47:24 - [TEST_STEP][PASSED] - click(findTestObject("Page_KiboEngage  Create Message/a_Edit Action (1)")): Object: 'Object Repository/Page_KiboEngage  Create Message/a_Edit Action (1)' is clicked on

2019-04-03 12:47:24 - [MESSAGE][PASSED] - Object: 'Object Repository/Page_KiboEngage  Create Message/a_Edit Action (1)' is clicked on

2019-04-03 12:47:24 - [TEST_STEP][PASSED] - setText(findTestObject("Page_KiboEngage  Create Message/input_Url_form-control (6)"), "https://skiboengage.cloudkibo.com"): Text 'https://skiboengage.cloudkibo.com' is set on object 'Object Repository/Page_KiboEngage  Create Message/input_Url_form-control (6)'

2019-04-03 12:47:25 - [MESSAGE][PASSED] - Text 'https://skiboengage.cloudkibo.com' is set on object 'Object Repository/Page_KiboEngage  Create Message/input_Url_form-control (6)'

2019-04-03 12:47:25 - [TEST_STEP][PASSED] - selectOptionByValue(findTestObject("Page_KiboEngage  Create Message/select_COMPACTTALLFULL (2)"), "COMPACT", true): All options with value 'COMPACT' are selected in object 'Object Repository/Page_KiboEngage  Create Message/select_COMPACTTALLFULL (2)'  using regular expression

2019-04-03 12:47:25 - [MESSAGE][PASSED] - All options with value 'COMPACT' are selected in object 'Object Repository/Page_KiboEngage  Create Message/select_COMPACTTALLFULL (2)'  using regular expression

2019-04-03 12:47:25 - [TEST_STEP][PASSED] - click(findTestObject("Page_KiboEngage  Create Message/button_Done (6)")): Object: 'Object Repository/Page_KiboEngage  Create Message/button_Done (6)' is clicked on

2019-04-03 12:47:25 - [MESSAGE][PASSED] - Object: 'Object Repository/Page_KiboEngage  Create Message/button_Done (6)' is clicked on

2019-04-03 12:47:25 - [TEST_STEP][PASSED] - click(findTestObject("Page_KiboEngage  Create Message/button_Save (4)")): Object: 'Object Repository/Page_KiboEngage  Create Message/button_Save (4)' is clicked on

2019-04-03 12:47:25 - [MESSAGE][PASSED] - Object: 'Object Repository/Page_KiboEngage  Create Message/button_Save (4)' is clicked on

2019-04-03 12:47:25 - [TEST_STEP][PASSED] - delay(1): Delayed 1 second(s)

2019-04-03 12:47:26 - [MESSAGE][PASSED] - Delayed 1 second(s)

2019-04-03 12:47:26 - [TEST_STEP][PASSED] - click(findTestObject("Page_KiboEngage  Create Message/div_Message has been saved (3)")): Object: 'Object Repository/Page_KiboEngage  Create Message/div_Message has been saved (3)' is clicked on

2019-04-03 12:47:26 - [MESSAGE][PASSED] - Object: 'Object Repository/Page_KiboEngage  Create Message/div_Message has been saved (3)' is clicked on]]></system-out>
         <system-err><![CDATA[]]></system-err>
      </testcase>
      <testcase name="Test Cases/Webview/TC11128" classname="Test Cases/Webview/TC11128" status="FAILED">
         <failure type="FAILED" message="Test Cases/Webview/TC11128 FAILED.
Reason:
com.kms.katalon.core.exception.StepFailedException: Unable to verify object 'Object Repository/Page_KiboEngage  Edit Template/button_Test webview (2)' is not present
	at com.kms.katalon.core.webui.keyword.internal.WebUIKeywordMain.stepFailed(WebUIKeywordMain.groovy:64)
	at com.kms.katalon.core.webui.keyword.internal.WebUIKeywordMain.runKeyword(WebUIKeywordMain.groovy:26)
	at com.kms.katalon.core.webui.keyword.builtin.VerifyElementNotPresentKeyword.verifyElementNotPresent(VerifyElementNotPresentKeyword.groovy:118)
	at com.kms.katalon.core.webui.keyword.builtin.VerifyElementNotPresentKeyword.execute(VerifyElementNotPresentKeyword.groovy:68)
	at com.kms.katalon.core.keyword.internal.KeywordExecutor.executeKeywordForPlatform(KeywordExecutor.groovy:56)
	at com.kms.katalon.core.webui.keyword.WebUiBuiltInKeywords.verifyElementNotPresent(WebUiBuiltInKeywords.groovy:1467)
	at com.kms.katalon.core.webui.keyword.WebUiBuiltInKeywords$verifyElementNotPresent$6.call(Unknown Source)
	at TC11128.run(TC11128:60)
	at com.kms.katalon.core.main.ScriptEngine.run(ScriptEngine.java:194)
	at com.kms.katalon.core.main.ScriptEngine.runScriptAsRawText(ScriptEngine.java:119)
	at com.kms.katalon.core.main.TestCaseExecutor.runScript(TestCaseExecutor.java:331)
	at com.kms.katalon.core.main.TestCaseExecutor.doExecute(TestCaseExecutor.java:322)
	at com.kms.katalon.core.main.TestCaseExecutor.processExecutionPhase(TestCaseExecutor.java:301)
	at com.kms.katalon.core.main.TestCaseExecutor.accessMainPhase(TestCaseExecutor.java:293)
	at com.kms.katalon.core.main.TestCaseExecutor.execute(TestCaseExecutor.java:227)
	at com.kms.katalon.core.main.TestSuiteExecutor.accessTestCaseMainPhase(TestSuiteExecutor.java:129)
	at com.kms.katalon.core.main.TestSuiteExecutor.accessTestSuiteMainPhase(TestSuiteExecutor.java:112)
	at com.kms.katalon.core.main.TestSuiteExecutor.execute(TestSuiteExecutor.java:81)
	at com.kms.katalon.core.main.TestCaseMain.startTestSuite(TestCaseMain.java:157)
	at com.kms.katalon.core.main.TestCaseMain$startTestSuite$0.call(Unknown Source)
	at TempTestSuite1554275422234.run(TempTestSuite1554275422234.groovy:35)
Caused by: com.kms.katalon.core.exception.StepFailedException: Web element with id: 'Object Repository/Page_KiboEngage  Edit Template/button_Test webview (2)' located by 'By.xpath: //button[(text() = 'Test webview' or . = 'Test webview')]' is present after '30' second(s)
	at com.kms.katalon.core.webui.keyword.internal.WebUIKeywordMain.stepFailed(WebUIKeywordMain.groovy:64)
	at com.kms.katalon.core.webui.keyword.builtin.VerifyElementNotPresentKeyword$_verifyElementNotPresent_closure1.doCall(VerifyElementNotPresentKeyword.groovy:107)
	at com.kms.katalon.core.webui.keyword.builtin.VerifyElementNotPresentKeyword$_verifyElementNotPresent_closure1.call(VerifyElementNotPresentKeyword.groovy)
	at com.kms.katalon.core.webui.keyword.internal.WebUIKeywordMain.runKeyword(WebUIKeywordMain.groovy:20)
	... 19 more
"/>
         <system-out><![CDATA[2019-04-03 12:47:26 - [TEST_CASE][FAILED] - Test Cases/Webview/TC11128: Test Cases/Webview/TC11128 FAILED.
Reason:
com.kms.katalon.core.exception.StepFailedException: Unable to verify object 'Object Repository/Page_KiboEngage  Edit Template/button_Test webview (2)' is not present
	at com.kms.katalon.core.webui.keyword.internal.WebUIKeywordMain.stepFailed(WebUIKeywordMain.groovy:64)
	at com.kms.katalon.core.webui.keyword.internal.WebUIKeywordMain.runKeyword(WebUIKeywordMain.groovy:26)
	at com.kms.katalon.core.webui.keyword.builtin.VerifyElementNotPresentKeyword.verifyElementNotPresent(VerifyElementNotPresentKeyword.groovy:118)
	at com.kms.katalon.core.webui.keyword.builtin.VerifyElementNotPresentKeyword.execute(VerifyElementNotPresentKeyword.groovy:68)
	at com.kms.katalon.core.keyword.internal.KeywordExecutor.executeKeywordForPlatform(KeywordExecutor.groovy:56)
	at com.kms.katalon.core.webui.keyword.WebUiBuiltInKeywords.verifyElementNotPresent(WebUiBuiltInKeywords.groovy:1467)
	at com.kms.katalon.core.webui.keyword.WebUiBuiltInKeywords$verifyElementNotPresent$6.call(Unknown Source)
	at TC11128.run(TC11128:60)
	at com.kms.katalon.core.main.ScriptEngine.run(ScriptEngine.java:194)
	at com.kms.katalon.core.main.ScriptEngine.runScriptAsRawText(ScriptEngine.java:119)
	at com.kms.katalon.core.main.TestCaseExecutor.runScript(TestCaseExecutor.java:331)
	at com.kms.katalon.core.main.TestCaseExecutor.doExecute(TestCaseExecutor.java:322)
	at com.kms.katalon.core.main.TestCaseExecutor.processExecutionPhase(TestCaseExecutor.java:301)
	at com.kms.katalon.core.main.TestCaseExecutor.accessMainPhase(TestCaseExecutor.java:293)
	at com.kms.katalon.core.main.TestCaseExecutor.execute(TestCaseExecutor.java:227)
	at com.kms.katalon.core.main.TestSuiteExecutor.accessTestCaseMainPhase(TestSuiteExecutor.java:129)
	at com.kms.katalon.core.main.TestSuiteExecutor.accessTestSuiteMainPhase(TestSuiteExecutor.java:112)
	at com.kms.katalon.core.main.TestSuiteExecutor.execute(TestSuiteExecutor.java:81)
	at com.kms.katalon.core.main.TestCaseMain.startTestSuite(TestCaseMain.java:157)
	at com.kms.katalon.core.main.TestCaseMain$startTestSuite$0.call(Unknown Source)
	at TempTestSuite1554275422234.run(TempTestSuite1554275422234.groovy:35)
Caused by: com.kms.katalon.core.exception.StepFailedException: Web element with id: 'Object Repository/Page_KiboEngage  Edit Template/button_Test webview (2)' located by 'By.xpath: //button[(text() = 'Test webview' or . = 'Test webview')]' is present after '30' second(s)
	at com.kms.katalon.core.webui.keyword.internal.WebUIKeywordMain.stepFailed(WebUIKeywordMain.groovy:64)
	at com.kms.katalon.core.webui.keyword.builtin.VerifyElementNotPresentKeyword$_verifyElementNotPresent_closure1.doCall(VerifyElementNotPresentKeyword.groovy:107)
	at com.kms.katalon.core.webui.keyword.builtin.VerifyElementNotPresentKeyword$_verifyElementNotPresent_closure1.call(VerifyElementNotPresentKeyword.groovy)
	at com.kms.katalon.core.webui.keyword.internal.WebUIKeywordMain.runKeyword(WebUIKeywordMain.groovy:20)
	... 19 more


2019-04-03 12:47:26 - [TEST_STEP][PASSED] - callTestCase(findTestCase("Welcome Message TestCases/Open Welcome Message Edit Screen"), [:], STOP_ON_FAILURE): Call Test Case 'Test Cases/Welcome Message TestCases/Open Welcome Message Edit Screen' successfully

2019-04-03 12:47:26 - [TEST_CASE][PASSED] - Test Cases/Welcome Message TestCases/Open Welcome Message Edit Screen: Test Cases/Welcome Message TestCases/Open Welcome Message Edit Screen

2019-04-03 12:47:26 - [TEST_STEP][PASSED] - callTestCase(findTestCase("s-sidebar_navigation/individualAccount/Login_Muzamil"), [:], STOP_ON_FAILURE): Call Test Case 'Test Cases/s-sidebar_navigation/individualAccount/Login_Muzamil' successfully

2019-04-03 12:47:26 - [TEST_CASE][PASSED] - Test Cases/s-sidebar_navigation/individualAccount/Login_Muzamil: Test Cases/s-sidebar_navigation/individualAccount/Login_Muzamil

2019-04-03 12:47:26 - [TEST_STEP][PASSED] - openBrowser(""): Browser is opened with url: ''

2019-04-03 12:47:26 - [MESSAGE][WARNING] - A browser is already opened. Closing browser and opening a new one

2019-04-03 12:47:26 - [MESSAGE][INFO] - Starting 'Chrome' driver

2019-04-03 12:47:27 - [MESSAGE][PASSED] - Browser is opened with url: ''

2019-04-03 12:47:27 - [TEST_STEP][PASSED] - maximizeWindow(): Current window maximized

2019-04-03 12:47:27 - [MESSAGE][PASSED] - Current window maximized

2019-04-03 12:47:27 - [TEST_STEP][PASSED] - navigateToUrl("https://app.kibopush.com/"): Navigate to 'https://app.kibopush.com/' successfully

2019-04-03 12:47:41 - [MESSAGE][PASSED] - Navigate to 'https://app.kibopush.com/' successfully

2019-04-03 12:47:41 - [TEST_STEP][PASSED] - click(findTestObject("Page_CloudKibo/a_Login (2)")): Object: 'Object Repository/Page_CloudKibo/a_Login (2)' is clicked on

2019-04-03 12:47:42 - [MESSAGE][PASSED] - Object: 'Object Repository/Page_CloudKibo/a_Login (2)' is clicked on

2019-04-03 12:47:42 - [TEST_STEP][PASSED] - delay(2): Delayed 2 second(s)

2019-04-03 12:47:44 - [MESSAGE][PASSED] - Delayed 2 second(s)

2019-04-03 12:47:44 - [TEST_STEP][PASSED] - setText(findTestObject("Page_CloudKibo/input_Sign In_email (1)"), "muzamil.bukhari.39@gmail.com"): Text 'muzamil.bukhari.39@gmail.com' is set on object 'Object Repository/Page_CloudKibo/input_Sign In_email (1)'

2019-04-03 12:47:44 - [MESSAGE][PASSED] - Text 'muzamil.bukhari.39@gmail.com' is set on object 'Object Repository/Page_CloudKibo/input_Sign In_email (1)'

2019-04-03 12:47:44 - [TEST_STEP][PASSED] - setEncryptedText(findTestObject("Page_CloudKibo/input_Sign In_password (1)"), "ZOMPkeJIpHWb3LMKk986MQ=="): Text ****** has been set on object 'Object Repository/Page_CloudKibo/input_Sign In_password (1)'

2019-04-03 12:47:44 - [MESSAGE][PASSED] - Text ****** has been set on object 'Object Repository/Page_CloudKibo/input_Sign In_password (1)'

2019-04-03 12:47:44 - [TEST_STEP][PASSED] - delay(1): Delayed 1 second(s)

2019-04-03 12:47:45 - [MESSAGE][PASSED] - Delayed 1 second(s)

2019-04-03 12:47:45 - [TEST_STEP][PASSED] - click(findTestObject("Page_CloudKibo/button_Sign In (5)")): Object: 'Object Repository/Page_CloudKibo/button_Sign In (5)' is clicked on

2019-04-03 12:47:45 - [MESSAGE][PASSED] - Object: 'Object Repository/Page_CloudKibo/button_Sign In (5)' is clicked on

2019-04-03 12:47:45 - [TEST_STEP][PASSED] - delay(3): Delayed 3 second(s)

2019-04-03 12:47:48 - [MESSAGE][PASSED] - Delayed 3 second(s)

2019-04-03 12:47:48 - [TEST_STEP][PASSED] - click(findTestObject("Object Repository/Page_KiboEngage  Dashboard/h4_KIBOPUSH")): Object: 'Object Repository/Page_KiboEngage  Dashboard/h4_KIBOPUSH' is clicked on

2019-04-03 12:48:15 - [MESSAGE][PASSED] - Object: 'Object Repository/Page_KiboEngage  Dashboard/h4_KIBOPUSH' is clicked on

2019-04-03 12:48:15 - [MESSAGE][PASSED] - Call Test Case 'Test Cases/s-sidebar_navigation/individualAccount/Login_Muzamil' successfully

2019-04-03 12:48:15 - [TEST_STEP][PASSED] - delay(2): Delayed 2 second(s)

2019-04-03 12:48:17 - [MESSAGE][PASSED] - Delayed 2 second(s)

2019-04-03 12:48:17 - [TEST_STEP][PASSED] - click(findTestObject("Object Repository/Page_KiboEngage  Dashboard/span_Manage Pages (2)")): Object: 'Object Repository/Page_KiboEngage  Dashboard/span_Manage Pages (2)' is clicked on

2019-04-03 12:48:17 - [MESSAGE][PASSED] - Object: 'Object Repository/Page_KiboEngage  Dashboard/span_Manage Pages (2)' is clicked on

2019-04-03 12:48:17 - [TEST_STEP][PASSED] - delay(1): Delayed 1 second(s)

2019-04-03 12:48:18 - [MESSAGE][PASSED] - Delayed 1 second(s)

2019-04-03 12:48:18 - [TEST_STEP][PASSED] - click(findTestObject("Object Repository/Page_KiboEngage  Dashboard/span_Welcome Message")): Object: 'Object Repository/Page_KiboEngage  Dashboard/span_Welcome Message' is clicked on

2019-04-03 12:48:19 - [MESSAGE][PASSED] - Object: 'Object Repository/Page_KiboEngage  Dashboard/span_Welcome Message' is clicked on

2019-04-03 12:48:19 - [TEST_STEP][PASSED] - delay(1): Delayed 1 second(s)

2019-04-03 12:48:20 - [MESSAGE][PASSED] - Delayed 1 second(s)

2019-04-03 12:48:20 - [TEST_STEP][PASSED] - click(findTestObject("Object Repository/Page_KiboEngage  Welcome Message/button_Edit Message")): Object: 'Object Repository/Page_KiboEngage  Welcome Message/button_Edit Message' is clicked on

2019-04-03 12:48:20 - [MESSAGE][PASSED] - Object: 'Object Repository/Page_KiboEngage  Welcome Message/button_Edit Message' is clicked on

2019-04-03 12:48:20 - [TEST_STEP][PASSED] - delay(1): Delayed 1 second(s)

2019-04-03 12:48:21 - [MESSAGE][PASSED] - Delayed 1 second(s)

2019-04-03 12:48:21 - [TEST_STEP][PASSED] - click(findTestObject("Object Repository/Page_KiboEngage  Edit Template/h3_Welcome Message")): Object: 'Object Repository/Page_KiboEngage  Edit Template/h3_Welcome Message' is clicked on

2019-04-03 12:48:21 - [MESSAGE][PASSED] - Object: 'Object Repository/Page_KiboEngage  Edit Template/h3_Welcome Message' is clicked on

2019-04-03 12:48:21 - [MESSAGE][PASSED] - Call Test Case 'Test Cases/Welcome Message TestCases/Open Welcome Message Edit Screen' successfully

2019-04-03 12:48:21 - [TEST_STEP][PASSED] - delay(1): Delayed 1 second(s)

2019-04-03 12:48:22 - [MESSAGE][PASSED] - Delayed 1 second(s)

2019-04-03 12:48:22 - [TEST_STEP][PASSED] - click(findTestObject("Object Repository/Page_KiboEngage  Edit Template/h6_ Add Button (5)")): Object: 'Object Repository/Page_KiboEngage  Edit Template/h6_ Add Button (5)' is clicked on

2019-04-03 12:48:22 - [MESSAGE][PASSED] - Object: 'Object Repository/Page_KiboEngage  Edit Template/h6_ Add Button (5)' is clicked on

2019-04-03 12:48:22 - [TEST_STEP][PASSED] - delay(1): Delayed 1 second(s)

2019-04-03 12:48:23 - [MESSAGE][PASSED] - Delayed 1 second(s)

2019-04-03 12:48:23 - [TEST_STEP][PASSED] - setText(findTestObject("Object Repository/Page_KiboEngage  Edit Template/input_Button Title_form-control (3)"), "Test webview"): Text 'Test webview' is set on object 'Object Repository/Page_KiboEngage  Edit Template/input_Button Title_form-control (3)'

2019-04-03 12:48:23 - [MESSAGE][PASSED] - Text 'Test webview' is set on object 'Object Repository/Page_KiboEngage  Edit Template/input_Button Title_form-control (3)'

2019-04-03 12:48:23 - [TEST_STEP][PASSED] - delay(1): Delayed 1 second(s)

2019-04-03 12:48:24 - [MESSAGE][PASSED] - Delayed 1 second(s)

2019-04-03 12:48:24 - [TEST_STEP][PASSED] - click(findTestObject("Object Repository/Page_KiboEngage  Edit Template/h7_Open a webview (3)")): Object: 'Object Repository/Page_KiboEngage  Edit Template/h7_Open a webview (3)' is clicked on

2019-04-03 12:48:24 - [MESSAGE][PASSED] - Object: 'Object Repository/Page_KiboEngage  Edit Template/h7_Open a webview (3)' is clicked on

2019-04-03 12:48:24 - [TEST_STEP][PASSED] - delay(1): Delayed 1 second(s)

2019-04-03 12:48:25 - [MESSAGE][PASSED] - Delayed 1 second(s)

2019-04-03 12:48:25 - [TEST_STEP][PASSED] - setText(findTestObject("Object Repository/Page_KiboEngage  Edit Template/input_Url_form-control (2)"), "https://kiboengage.cloudkibo.com"): Text 'https://kiboengage.cloudkibo.com' is set on object 'Object Repository/Page_KiboEngage  Edit Template/input_Url_form-control (2)'

2019-04-03 12:48:26 - [MESSAGE][PASSED] - Text 'https://kiboengage.cloudkibo.com' is set on object 'Object Repository/Page_KiboEngage  Edit Template/input_Url_form-control (2)'

2019-04-03 12:48:26 - [TEST_STEP][PASSED] - click(findTestObject("Object Repository/Page_KiboEngage  Edit Template/button_Done (2)")): Object: 'Object Repository/Page_KiboEngage  Edit Template/button_Done (2)' is clicked on

2019-04-03 12:48:26 - [MESSAGE][PASSED] - Object: 'Object Repository/Page_KiboEngage  Edit Template/button_Done (2)' is clicked on

2019-04-03 12:48:26 - [TEST_STEP][PASSED] - delay(1): Delayed 1 second(s)

2019-04-03 12:48:27 - [MESSAGE][PASSED] - Delayed 1 second(s)

2019-04-03 12:48:27 - [TEST_STEP][PASSED] - verifyElementPresent(findTestObject("Object Repository/Page_KiboEngage  Edit Template/button_Test webview (2)"), 0): Object 'Object Repository/Page_KiboEngage  Edit Template/button_Test webview (2)' is present

2019-04-03 12:48:27 - [MESSAGE][WARNING] - Timeout '0' is invalid. Using default page load timeout: '30'

2019-04-03 12:48:27 - [MESSAGE][PASSED] - Object 'Object Repository/Page_KiboEngage  Edit Template/button_Test webview (2)' is present

2019-04-03 12:48:27 - [TEST_STEP][PASSED] - delay(1): Delayed 1 second(s)

2019-04-03 12:48:28 - [MESSAGE][PASSED] - Delayed 1 second(s)

2019-04-03 12:48:28 - [TEST_STEP][PASSED] - click(findTestObject("Object Repository/Page_KiboEngage  Edit Template/button_Save (2)")): Object: 'Object Repository/Page_KiboEngage  Edit Template/button_Save (2)' is clicked on

2019-04-03 12:48:28 - [MESSAGE][PASSED] - Object: 'Object Repository/Page_KiboEngage  Edit Template/button_Save (2)' is clicked on

2019-04-03 12:48:28 - [TEST_STEP][PASSED] - delay(1): Delayed 1 second(s)

2019-04-03 12:48:29 - [MESSAGE][PASSED] - Delayed 1 second(s)

2019-04-03 12:48:29 - [TEST_STEP][PASSED] - click(findTestObject("Object Repository/Page_KiboEngage  Edit Template/div_Message saved successfully (2)")): Object: 'Object Repository/Page_KiboEngage  Edit Template/div_Message saved successfully (2)' is clicked on

2019-04-03 12:48:29 - [MESSAGE][PASSED] - Object: 'Object Repository/Page_KiboEngage  Edit Template/div_Message saved successfully (2)' is clicked on

2019-04-03 12:48:29 - [TEST_STEP][PASSED] - click(findTestObject("Object Repository/Page_KiboEngage  Edit Template/button_Test webview (2)")): Object: 'Object Repository/Page_KiboEngage  Edit Template/button_Test webview (2)' is clicked on

2019-04-03 12:48:29 - [MESSAGE][PASSED] - Object: 'Object Repository/Page_KiboEngage  Edit Template/button_Test webview (2)' is clicked on

2019-04-03 12:48:29 - [TEST_STEP][PASSED] - click(findTestObject("Object Repository/Page_KiboEngage  Edit Template/button_Remove")): Object: 'Object Repository/Page_KiboEngage  Edit Template/button_Remove' is clicked on

2019-04-03 12:48:29 - [MESSAGE][PASSED] - Object: 'Object Repository/Page_KiboEngage  Edit Template/button_Remove' is clicked on

2019-04-03 12:48:29 - [TEST_STEP][PASSED] - click(findTestObject("Object Repository/Page_KiboEngage  Edit Template/button_Save (2)")): Object: 'Object Repository/Page_KiboEngage  Edit Template/button_Save (2)' is clicked on

2019-04-03 12:48:29 - [MESSAGE][PASSED] - Object: 'Object Repository/Page_KiboEngage  Edit Template/button_Save (2)' is clicked on

2019-04-03 12:48:29 - [TEST_STEP][PASSED] - delay(1): Delayed 1 second(s)

2019-04-03 12:48:30 - [MESSAGE][PASSED] - Delayed 1 second(s)

2019-04-03 12:48:30 - [TEST_STEP][PASSED] - click(findTestObject("Object Repository/Page_KiboEngage  Edit Template/div_Message saved successfully (2)")): Object: 'Object Repository/Page_KiboEngage  Edit Template/div_Message saved successfully (2)' is clicked on

2019-04-03 12:48:30 - [MESSAGE][PASSED] - Object: 'Object Repository/Page_KiboEngage  Edit Template/div_Message saved successfully (2)' is clicked on

2019-04-03 12:48:30 - [TEST_STEP][PASSED] - delay(1): Delayed 1 second(s)

2019-04-03 12:48:31 - [MESSAGE][PASSED] - Delayed 1 second(s)

2019-04-03 12:48:31 - [TEST_STEP][FAILED] - verifyElementNotPresent(findTestObject("Object Repository/Page_KiboEngage  Edit Template/button_Test webview (2)"), 0): verifyElementNotPresent(findTestObject("Object Repository/Page_KiboEngage  Edit Template/button_Test webview (2)"), 0) FAILED.
Reason:
com.kms.katalon.core.exception.StepFailedException: Unable to verify object 'Object Repository/Page_KiboEngage  Edit Template/button_Test webview (2)' is not present
	at com.kms.katalon.core.webui.keyword.internal.WebUIKeywordMain.stepFailed(WebUIKeywordMain.groovy:64)
	at com.kms.katalon.core.webui.keyword.internal.WebUIKeywordMain.runKeyword(WebUIKeywordMain.groovy:26)
	at com.kms.katalon.core.webui.keyword.builtin.VerifyElementNotPresentKeyword.verifyElementNotPresent(VerifyElementNotPresentKeyword.groovy:118)
	at com.kms.katalon.core.webui.keyword.builtin.VerifyElementNotPresentKeyword.execute(VerifyElementNotPresentKeyword.groovy:68)
	at com.kms.katalon.core.keyword.internal.KeywordExecutor.executeKeywordForPlatform(KeywordExecutor.groovy:56)
	at com.kms.katalon.core.webui.keyword.WebUiBuiltInKeywords.verifyElementNotPresent(WebUiBuiltInKeywords.groovy:1467)
	at com.kms.katalon.core.webui.keyword.WebUiBuiltInKeywords$verifyElementNotPresent$6.call(Unknown Source)
	at TC11128.run(TC11128:60)
	at com.kms.katalon.core.main.ScriptEngine.run(ScriptEngine.java:194)
	at com.kms.katalon.core.main.ScriptEngine.runScriptAsRawText(ScriptEngine.java:119)
	at com.kms.katalon.core.main.TestCaseExecutor.runScript(TestCaseExecutor.java:331)
	at com.kms.katalon.core.main.TestCaseExecutor.doExecute(TestCaseExecutor.java:322)
	at com.kms.katalon.core.main.TestCaseExecutor.processExecutionPhase(TestCaseExecutor.java:301)
	at com.kms.katalon.core.main.TestCaseExecutor.accessMainPhase(TestCaseExecutor.java:293)
	at com.kms.katalon.core.main.TestCaseExecutor.execute(TestCaseExecutor.java:227)
	at com.kms.katalon.core.main.TestSuiteExecutor.accessTestCaseMainPhase(TestSuiteExecutor.java:129)
	at com.kms.katalon.core.main.TestSuiteExecutor.accessTestSuiteMainPhase(TestSuiteExecutor.java:112)
	at com.kms.katalon.core.main.TestSuiteExecutor.execute(TestSuiteExecutor.java:81)
	at com.kms.katalon.core.main.TestCaseMain.startTestSuite(TestCaseMain.java:157)
	at com.kms.katalon.core.main.TestCaseMain$startTestSuite$0.call(Unknown Source)
	at TempTestSuite1554275422234.run(TempTestSuite1554275422234.groovy:35)
Caused by: com.kms.katalon.core.exception.StepFailedException: Web element with id: 'Object Repository/Page_KiboEngage  Edit Template/button_Test webview (2)' located by 'By.xpath: //button[(text() = 'Test webview' or . = 'Test webview')]' is present after '30' second(s)
	at com.kms.katalon.core.webui.keyword.internal.WebUIKeywordMain.stepFailed(WebUIKeywordMain.groovy:64)
	at com.kms.katalon.core.webui.keyword.builtin.VerifyElementNotPresentKeyword$_verifyElementNotPresent_closure1.doCall(VerifyElementNotPresentKeyword.groovy:107)
	at com.kms.katalon.core.webui.keyword.builtin.VerifyElementNotPresentKeyword$_verifyElementNotPresent_closure1.call(VerifyElementNotPresentKeyword.groovy)
	at com.kms.katalon.core.webui.keyword.internal.WebUIKeywordMain.runKeyword(WebUIKeywordMain.groovy:20)
	... 19 more


2019-04-03 12:48:31 - [MESSAGE][WARNING] - Timeout '0' is invalid. Using default page load timeout: '30'

2019-04-03 12:49:01 - [MESSAGE][FAILED] - Web element with id: 'Object Repository/Page_KiboEngage  Edit Template/button_Test webview (2)' located by 'By.xpath: //button[(text() = 'Test webview' or . = 'Test webview')]' is present after '30' second(s) (Root cause: com.kms.katalon.core.exception.StepFailedException: Web element with id: 'Object Repository/Page_KiboEngage  Edit Template/button_Test webview (2)' located by 'By.xpath: //button[(text() = 'Test webview' or . = 'Test webview')]' is present after '30' second(s)
	at com.kms.katalon.core.webui.keyword.internal.WebUIKeywordMain.stepFailed(WebUIKeywordMain.groovy:64)
	at com.kms.katalon.core.webui.keyword.builtin.VerifyElementNotPresentKeyword$_verifyElementNotPresent_closure1.doCall(VerifyElementNotPresentKeyword.groovy:107)
	at com.kms.katalon.core.webui.keyword.builtin.VerifyElementNotPresentKeyword$_verifyElementNotPresent_closure1.call(VerifyElementNotPresentKeyword.groovy)
	at com.kms.katalon.core.webui.keyword.internal.WebUIKeywordMain.runKeyword(WebUIKeywordMain.groovy:20)
	at com.kms.katalon.core.webui.keyword.builtin.VerifyElementNotPresentKeyword.verifyElementNotPresent(VerifyElementNotPresentKeyword.groovy:118)
	at com.kms.katalon.core.webui.keyword.builtin.VerifyElementNotPresentKeyword.execute(VerifyElementNotPresentKeyword.groovy:68)
	at com.kms.katalon.core.keyword.internal.KeywordExecutor.executeKeywordForPlatform(KeywordExecutor.groovy:56)
	at com.kms.katalon.core.webui.keyword.WebUiBuiltInKeywords.verifyElementNotPresent(WebUiBuiltInKeywords.groovy:1467)
	at com.kms.katalon.core.webui.keyword.WebUiBuiltInKeywords$verifyElementNotPresent$6.call(Unknown Source)
	at TC11128.run(TC11128:60)
	at com.kms.katalon.core.main.ScriptEngine.run(ScriptEngine.java:194)
	at com.kms.katalon.core.main.ScriptEngine.runScriptAsRawText(ScriptEngine.java:119)
	at com.kms.katalon.core.main.TestCaseExecutor.runScript(TestCaseExecutor.java:331)
	at com.kms.katalon.core.main.TestCaseExecutor.doExecute(TestCaseExecutor.java:322)
	at com.kms.katalon.core.main.TestCaseExecutor.processExecutionPhase(TestCaseExecutor.java:301)
	at com.kms.katalon.core.main.TestCaseExecutor.accessMainPhase(TestCaseExecutor.java:293)
	at com.kms.katalon.core.main.TestCaseExecutor.execute(TestCaseExecutor.java:227)
	at com.kms.katalon.core.main.TestSuiteExecutor.accessTestCaseMainPhase(TestSuiteExecutor.java:129)
	at com.kms.katalon.core.main.TestSuiteExecutor.accessTestSuiteMainPhase(TestSuiteExecutor.java:112)
	at com.kms.katalon.core.main.TestSuiteExecutor.execute(TestSuiteExecutor.java:81)
	at com.kms.katalon.core.main.TestCaseMain.startTestSuite(TestCaseMain.java:157)
	at com.kms.katalon.core.main.TestCaseMain$startTestSuite$0.call(Unknown Source)
	at TempTestSuite1554275422234.run(TempTestSuite1554275422234.groovy:35)
)
[[ATTACHMENT|/home/cloudkibo-muzamil/Downloads/Test cases/production/KiboPush/Reports/Webview/20190403_121022/1554277741638.png]]

2019-04-03 12:49:01 - [MESSAGE][FAILED] - Unable to verify object 'Object Repository/Page_KiboEngage  Edit Template/button_Test webview (2)' is not present (Root cause: com.kms.katalon.core.exception.StepFailedException: Unable to verify object 'Object Repository/Page_KiboEngage  Edit Template/button_Test webview (2)' is not present
	at com.kms.katalon.core.webui.keyword.internal.WebUIKeywordMain.stepFailed(WebUIKeywordMain.groovy:64)
	at com.kms.katalon.core.webui.keyword.internal.WebUIKeywordMain.runKeyword(WebUIKeywordMain.groovy:26)
	at com.kms.katalon.core.webui.keyword.builtin.VerifyElementNotPresentKeyword.verifyElementNotPresent(VerifyElementNotPresentKeyword.groovy:118)
	at com.kms.katalon.core.webui.keyword.builtin.VerifyElementNotPresentKeyword.execute(VerifyElementNotPresentKeyword.groovy:68)
	at com.kms.katalon.core.keyword.internal.KeywordExecutor.executeKeywordForPlatform(KeywordExecutor.groovy:56)
	at com.kms.katalon.core.webui.keyword.WebUiBuiltInKeywords.verifyElementNotPresent(WebUiBuiltInKeywords.groovy:1467)
	at com.kms.katalon.core.webui.keyword.WebUiBuiltInKeywords$verifyElementNotPresent$6.call(Unknown Source)
	at TC11128.run(TC11128:60)
	at com.kms.katalon.core.main.ScriptEngine.run(ScriptEngine.java:194)
	at com.kms.katalon.core.main.ScriptEngine.runScriptAsRawText(ScriptEngine.java:119)
	at com.kms.katalon.core.main.TestCaseExecutor.runScript(TestCaseExecutor.java:331)
	at com.kms.katalon.core.main.TestCaseExecutor.doExecute(TestCaseExecutor.java:322)
	at com.kms.katalon.core.main.TestCaseExecutor.processExecutionPhase(TestCaseExecutor.java:301)
	at com.kms.katalon.core.main.TestCaseExecutor.accessMainPhase(TestCaseExecutor.java:293)
	at com.kms.katalon.core.main.TestCaseExecutor.execute(TestCaseExecutor.java:227)
	at com.kms.katalon.core.main.TestSuiteExecutor.accessTestCaseMainPhase(TestSuiteExecutor.java:129)
	at com.kms.katalon.core.main.TestSuiteExecutor.accessTestSuiteMainPhase(TestSuiteExecutor.java:112)
	at com.kms.katalon.core.main.TestSuiteExecutor.execute(TestSuiteExecutor.java:81)
	at com.kms.katalon.core.main.TestCaseMain.startTestSuite(TestCaseMain.java:157)
	at com.kms.katalon.core.main.TestCaseMain$startTestSuite$0.call(Unknown Source)
	at TempTestSuite1554275422234.run(TempTestSuite1554275422234.groovy:35)
Caused by: com.kms.katalon.core.exception.StepFailedException: Web element with id: 'Object Repository/Page_KiboEngage  Edit Template/button_Test webview (2)' located by 'By.xpath: //button[(text() = 'Test webview' or . = 'Test webview')]' is present after '30' second(s)
	at com.kms.katalon.core.webui.keyword.internal.WebUIKeywordMain.stepFailed(WebUIKeywordMain.groovy:64)
	at com.kms.katalon.core.webui.keyword.builtin.VerifyElementNotPresentKeyword$_verifyElementNotPresent_closure1.doCall(VerifyElementNotPresentKeyword.groovy:107)
	at com.kms.katalon.core.webui.keyword.builtin.VerifyElementNotPresentKeyword$_verifyElementNotPresent_closure1.call(VerifyElementNotPresentKeyword.groovy)
	at com.kms.katalon.core.webui.keyword.internal.WebUIKeywordMain.runKeyword(WebUIKeywordMain.groovy:20)
	... 19 more
)
[[ATTACHMENT|/home/cloudkibo-muzamil/Downloads/Test cases/production/KiboPush/Reports/Webview/20190403_121022/1554277741758.png]]

2019-04-03 12:49:01 - [MESSAGE][FAILED] - verifyElementNotPresent(findTestObject("Object Repository/Page_KiboEngage  Edit Template/button_Test webview (2)"), 0) FAILED.
Reason:
com.kms.katalon.core.exception.StepFailedException: Unable to verify object 'Object Repository/Page_KiboEngage  Edit Template/button_Test webview (2)' is not present
	at com.kms.katalon.core.webui.keyword.internal.WebUIKeywordMain.stepFailed(WebUIKeywordMain.groovy:64)
	at com.kms.katalon.core.webui.keyword.internal.WebUIKeywordMain.runKeyword(WebUIKeywordMain.groovy:26)
	at com.kms.katalon.core.webui.keyword.builtin.VerifyElementNotPresentKeyword.verifyElementNotPresent(VerifyElementNotPresentKeyword.groovy:118)
	at com.kms.katalon.core.webui.keyword.builtin.VerifyElementNotPresentKeyword.execute(VerifyElementNotPresentKeyword.groovy:68)
	at com.kms.katalon.core.keyword.internal.KeywordExecutor.executeKeywordForPlatform(KeywordExecutor.groovy:56)
	at com.kms.katalon.core.webui.keyword.WebUiBuiltInKeywords.verifyElementNotPresent(WebUiBuiltInKeywords.groovy:1467)
	at com.kms.katalon.core.webui.keyword.WebUiBuiltInKeywords$verifyElementNotPresent$6.call(Unknown Source)
	at TC11128.run(TC11128:60)
	at com.kms.katalon.core.main.ScriptEngine.run(ScriptEngine.java:194)
	at com.kms.katalon.core.main.ScriptEngine.runScriptAsRawText(ScriptEngine.java:119)
	at com.kms.katalon.core.main.TestCaseExecutor.runScript(TestCaseExecutor.java:331)
	at com.kms.katalon.core.main.TestCaseExecutor.doExecute(TestCaseExecutor.java:322)
	at com.kms.katalon.core.main.TestCaseExecutor.processExecutionPhase(TestCaseExecutor.java:301)
	at com.kms.katalon.core.main.TestCaseExecutor.accessMainPhase(TestCaseExecutor.java:293)
	at com.kms.katalon.core.main.TestCaseExecutor.execute(TestCaseExecutor.java:227)
	at com.kms.katalon.core.main.TestSuiteExecutor.accessTestCaseMainPhase(TestSuiteExecutor.java:129)
	at com.kms.katalon.core.main.TestSuiteExecutor.accessTestSuiteMainPhase(TestSuiteExecutor.java:112)
	at com.kms.katalon.core.main.TestSuiteExecutor.execute(TestSuiteExecutor.java:81)
	at com.kms.katalon.core.main.TestCaseMain.startTestSuite(TestCaseMain.java:157)
	at com.kms.katalon.core.main.TestCaseMain$startTestSuite$0.call(Unknown Source)
	at TempTestSuite1554275422234.run(TempTestSuite1554275422234.groovy:35)
Caused by: com.kms.katalon.core.exception.StepFailedException: Web element with id: 'Object Repository/Page_KiboEngage  Edit Template/button_Test webview (2)' located by 'By.xpath: //button[(text() = 'Test webview' or . = 'Test webview')]' is present after '30' second(s)
	at com.kms.katalon.core.webui.keyword.internal.WebUIKeywordMain.stepFailed(WebUIKeywordMain.groovy:64)
	at com.kms.katalon.core.webui.keyword.builtin.VerifyElementNotPresentKeyword$_verifyElementNotPresent_closure1.doCall(VerifyElementNotPresentKeyword.groovy:107)
	at com.kms.katalon.core.webui.keyword.builtin.VerifyElementNotPresentKeyword$_verifyElementNotPresent_closure1.call(VerifyElementNotPresentKeyword.groovy)
	at com.kms.katalon.core.webui.keyword.internal.WebUIKeywordMain.runKeyword(WebUIKeywordMain.groovy:20)
	... 19 more]]></system-out>
         <system-err><![CDATA[2019-04-03 12:47:26 - [TEST_CASE][FAILED] - Test Cases/Webview/TC11128: Test Cases/Webview/TC11128 FAILED.
Reason:
com.kms.katalon.core.exception.StepFailedException: Unable to verify object 'Object Repository/Page_KiboEngage  Edit Template/button_Test webview (2)' is not present
	at com.kms.katalon.core.webui.keyword.internal.WebUIKeywordMain.stepFailed(WebUIKeywordMain.groovy:64)
	at com.kms.katalon.core.webui.keyword.internal.WebUIKeywordMain.runKeyword(WebUIKeywordMain.groovy:26)
	at com.kms.katalon.core.webui.keyword.builtin.VerifyElementNotPresentKeyword.verifyElementNotPresent(VerifyElementNotPresentKeyword.groovy:118)
	at com.kms.katalon.core.webui.keyword.builtin.VerifyElementNotPresentKeyword.execute(VerifyElementNotPresentKeyword.groovy:68)
	at com.kms.katalon.core.keyword.internal.KeywordExecutor.executeKeywordForPlatform(KeywordExecutor.groovy:56)
	at com.kms.katalon.core.webui.keyword.WebUiBuiltInKeywords.verifyElementNotPresent(WebUiBuiltInKeywords.groovy:1467)
	at com.kms.katalon.core.webui.keyword.WebUiBuiltInKeywords$verifyElementNotPresent$6.call(Unknown Source)
	at TC11128.run(TC11128:60)
	at com.kms.katalon.core.main.ScriptEngine.run(ScriptEngine.java:194)
	at com.kms.katalon.core.main.ScriptEngine.runScriptAsRawText(ScriptEngine.java:119)
	at com.kms.katalon.core.main.TestCaseExecutor.runScript(TestCaseExecutor.java:331)
	at com.kms.katalon.core.main.TestCaseExecutor.doExecute(TestCaseExecutor.java:322)
	at com.kms.katalon.core.main.TestCaseExecutor.processExecutionPhase(TestCaseExecutor.java:301)
	at com.kms.katalon.core.main.TestCaseExecutor.accessMainPhase(TestCaseExecutor.java:293)
	at com.kms.katalon.core.main.TestCaseExecutor.execute(TestCaseExecutor.java:227)
	at com.kms.katalon.core.main.TestSuiteExecutor.accessTestCaseMainPhase(TestSuiteExecutor.java:129)
	at com.kms.katalon.core.main.TestSuiteExecutor.accessTestSuiteMainPhase(TestSuiteExecutor.java:112)
	at com.kms.katalon.core.main.TestSuiteExecutor.execute(TestSuiteExecutor.java:81)
	at com.kms.katalon.core.main.TestCaseMain.startTestSuite(TestCaseMain.java:157)
	at com.kms.katalon.core.main.TestCaseMain$startTestSuite$0.call(Unknown Source)
	at TempTestSuite1554275422234.run(TempTestSuite1554275422234.groovy:35)
Caused by: com.kms.katalon.core.exception.StepFailedException: Web element with id: 'Object Repository/Page_KiboEngage  Edit Template/button_Test webview (2)' located by 'By.xpath: //button[(text() = 'Test webview' or . = 'Test webview')]' is present after '30' second(s)
	at com.kms.katalon.core.webui.keyword.internal.WebUIKeywordMain.stepFailed(WebUIKeywordMain.groovy:64)
	at com.kms.katalon.core.webui.keyword.builtin.VerifyElementNotPresentKeyword$_verifyElementNotPresent_closure1.doCall(VerifyElementNotPresentKeyword.groovy:107)
	at com.kms.katalon.core.webui.keyword.builtin.VerifyElementNotPresentKeyword$_verifyElementNotPresent_closure1.call(VerifyElementNotPresentKeyword.groovy)
	at com.kms.katalon.core.webui.keyword.internal.WebUIKeywordMain.runKeyword(WebUIKeywordMain.groovy:20)
	... 19 more]]></system-err>
      </testcase>
      <testcase name="Test Cases/Webview/TC11129" classname="Test Cases/Webview/TC11129" status="PASSED">
         <system-out><![CDATA[2019-04-03 12:49:01 - [TEST_CASE][PASSED] - Test Cases/Webview/TC11129: Test Cases/Webview/TC11129

2019-04-03 12:49:01 - [TEST_STEP][PASSED] - callTestCase(findTestCase("Welcome Message TestCases/Open Welcome Message Edit Screen"), [:], STOP_ON_FAILURE): Call Test Case 'Test Cases/Welcome Message TestCases/Open Welcome Message Edit Screen' successfully

2019-04-03 12:49:01 - [TEST_CASE][PASSED] - Test Cases/Welcome Message TestCases/Open Welcome Message Edit Screen: Test Cases/Welcome Message TestCases/Open Welcome Message Edit Screen

2019-04-03 12:49:01 - [TEST_STEP][PASSED] - callTestCase(findTestCase("s-sidebar_navigation/individualAccount/Login_Muzamil"), [:], STOP_ON_FAILURE): Call Test Case 'Test Cases/s-sidebar_navigation/individualAccount/Login_Muzamil' successfully

2019-04-03 12:49:02 - [TEST_CASE][PASSED] - Test Cases/s-sidebar_navigation/individualAccount/Login_Muzamil: Test Cases/s-sidebar_navigation/individualAccount/Login_Muzamil

2019-04-03 12:49:02 - [TEST_STEP][PASSED] - openBrowser(""): Browser is opened with url: ''

2019-04-03 12:49:02 - [MESSAGE][WARNING] - A browser is already opened. Closing browser and opening a new one

2019-04-03 12:49:02 - [MESSAGE][INFO] - Starting 'Chrome' driver

2019-04-03 12:49:02 - [MESSAGE][PASSED] - Browser is opened with url: ''

2019-04-03 12:49:02 - [TEST_STEP][PASSED] - maximizeWindow(): Current window maximized

2019-04-03 12:49:02 - [MESSAGE][PASSED] - Current window maximized

2019-04-03 12:49:02 - [TEST_STEP][PASSED] - navigateToUrl("https://app.kibopush.com/"): Navigate to 'https://app.kibopush.com/' successfully

2019-04-03 12:49:18 - [MESSAGE][PASSED] - Navigate to 'https://app.kibopush.com/' successfully

2019-04-03 12:49:18 - [TEST_STEP][PASSED] - click(findTestObject("Page_CloudKibo/a_Login (2)")): Object: 'Object Repository/Page_CloudKibo/a_Login (2)' is clicked on

2019-04-03 12:49:19 - [MESSAGE][PASSED] - Object: 'Object Repository/Page_CloudKibo/a_Login (2)' is clicked on

2019-04-03 12:49:19 - [TEST_STEP][PASSED] - delay(2): Delayed 2 second(s)

2019-04-03 12:49:21 - [MESSAGE][PASSED] - Delayed 2 second(s)

2019-04-03 12:49:21 - [TEST_STEP][PASSED] - setText(findTestObject("Page_CloudKibo/input_Sign In_email (1)"), "muzamil.bukhari.39@gmail.com"): Text 'muzamil.bukhari.39@gmail.com' is set on object 'Object Repository/Page_CloudKibo/input_Sign In_email (1)'

2019-04-03 12:49:21 - [MESSAGE][PASSED] - Text 'muzamil.bukhari.39@gmail.com' is set on object 'Object Repository/Page_CloudKibo/input_Sign In_email (1)'

2019-04-03 12:49:21 - [TEST_STEP][PASSED] - setEncryptedText(findTestObject("Page_CloudKibo/input_Sign In_password (1)"), "ZOMPkeJIpHWb3LMKk986MQ=="): Text ****** has been set on object 'Object Repository/Page_CloudKibo/input_Sign In_password (1)'

2019-04-03 12:49:21 - [MESSAGE][PASSED] - Text ****** has been set on object 'Object Repository/Page_CloudKibo/input_Sign In_password (1)'

2019-04-03 12:49:21 - [TEST_STEP][PASSED] - delay(1): Delayed 1 second(s)

2019-04-03 12:49:22 - [MESSAGE][PASSED] - Delayed 1 second(s)

2019-04-03 12:49:22 - [TEST_STEP][PASSED] - click(findTestObject("Page_CloudKibo/button_Sign In (5)")): Object: 'Object Repository/Page_CloudKibo/button_Sign In (5)' is clicked on

2019-04-03 12:49:22 - [MESSAGE][PASSED] - Object: 'Object Repository/Page_CloudKibo/button_Sign In (5)' is clicked on

2019-04-03 12:49:22 - [TEST_STEP][PASSED] - delay(3): Delayed 3 second(s)

2019-04-03 12:49:25 - [MESSAGE][PASSED] - Delayed 3 second(s)

2019-04-03 12:49:25 - [TEST_STEP][PASSED] - click(findTestObject("Object Repository/Page_KiboEngage  Dashboard/h4_KIBOPUSH")): Object: 'Object Repository/Page_KiboEngage  Dashboard/h4_KIBOPUSH' is clicked on

2019-04-03 12:49:41 - [MESSAGE][PASSED] - Object: 'Object Repository/Page_KiboEngage  Dashboard/h4_KIBOPUSH' is clicked on

2019-04-03 12:49:41 - [MESSAGE][PASSED] - Call Test Case 'Test Cases/s-sidebar_navigation/individualAccount/Login_Muzamil' successfully

2019-04-03 12:49:41 - [TEST_STEP][PASSED] - delay(2): Delayed 2 second(s)

2019-04-03 12:49:43 - [MESSAGE][PASSED] - Delayed 2 second(s)

2019-04-03 12:49:43 - [TEST_STEP][PASSED] - click(findTestObject("Object Repository/Page_KiboEngage  Dashboard/span_Manage Pages (2)")): Object: 'Object Repository/Page_KiboEngage  Dashboard/span_Manage Pages (2)' is clicked on

2019-04-03 12:49:43 - [MESSAGE][PASSED] - Object: 'Object Repository/Page_KiboEngage  Dashboard/span_Manage Pages (2)' is clicked on

2019-04-03 12:49:43 - [TEST_STEP][PASSED] - delay(1): Delayed 1 second(s)

2019-04-03 12:49:44 - [MESSAGE][PASSED] - Delayed 1 second(s)

2019-04-03 12:49:44 - [TEST_STEP][PASSED] - click(findTestObject("Object Repository/Page_KiboEngage  Dashboard/span_Welcome Message")): Object: 'Object Repository/Page_KiboEngage  Dashboard/span_Welcome Message' is clicked on

2019-04-03 12:49:44 - [MESSAGE][PASSED] - Object: 'Object Repository/Page_KiboEngage  Dashboard/span_Welcome Message' is clicked on

2019-04-03 12:49:44 - [TEST_STEP][PASSED] - delay(1): Delayed 1 second(s)

2019-04-03 12:49:45 - [MESSAGE][PASSED] - Delayed 1 second(s)

2019-04-03 12:49:45 - [TEST_STEP][PASSED] - click(findTestObject("Object Repository/Page_KiboEngage  Welcome Message/button_Edit Message")): Object: 'Object Repository/Page_KiboEngage  Welcome Message/button_Edit Message' is clicked on

2019-04-03 12:49:45 - [MESSAGE][PASSED] - Object: 'Object Repository/Page_KiboEngage  Welcome Message/button_Edit Message' is clicked on

2019-04-03 12:49:45 - [TEST_STEP][PASSED] - delay(1): Delayed 1 second(s)

2019-04-03 12:49:46 - [MESSAGE][PASSED] - Delayed 1 second(s)

2019-04-03 12:49:46 - [TEST_STEP][PASSED] - click(findTestObject("Object Repository/Page_KiboEngage  Edit Template/h3_Welcome Message")): Object: 'Object Repository/Page_KiboEngage  Edit Template/h3_Welcome Message' is clicked on

2019-04-03 12:49:46 - [MESSAGE][PASSED] - Object: 'Object Repository/Page_KiboEngage  Edit Template/h3_Welcome Message' is clicked on

2019-04-03 12:49:46 - [MESSAGE][PASSED] - Call Test Case 'Test Cases/Welcome Message TestCases/Open Welcome Message Edit Screen' successfully

2019-04-03 12:49:46 - [TEST_STEP][PASSED] - delay(1): Delayed 1 second(s)

2019-04-03 12:49:47 - [MESSAGE][PASSED] - Delayed 1 second(s)

2019-04-03 12:49:47 - [TEST_STEP][PASSED] - click(findTestObject("Object Repository/Page_KiboEngage  Edit Template/h6_ Add Button (1)")): Object: 'Object Repository/Page_KiboEngage  Edit Template/h6_ Add Button (1)' is clicked on

2019-04-03 12:49:47 - [MESSAGE][PASSED] - Object: 'Object Repository/Page_KiboEngage  Edit Template/h6_ Add Button (1)' is clicked on

2019-04-03 12:49:47 - [TEST_STEP][PASSED] - delay(1): Delayed 1 second(s)

2019-04-03 12:49:48 - [MESSAGE][PASSED] - Delayed 1 second(s)

2019-04-03 12:49:48 - [TEST_STEP][PASSED] - setText(findTestObject("Object Repository/Page_KiboEngage  Edit Template/input_Button Title_form-control (1)"), "Test webview"): Text 'Test webview' is set on object 'Object Repository/Page_KiboEngage  Edit Template/input_Button Title_form-control (1)'

2019-04-03 12:49:48 - [MESSAGE][PASSED] - Text 'Test webview' is set on object 'Object Repository/Page_KiboEngage  Edit Template/input_Button Title_form-control (1)'

2019-04-03 12:49:48 - [TEST_STEP][PASSED] - delay(1): Delayed 1 second(s)

2019-04-03 12:49:49 - [MESSAGE][PASSED] - Delayed 1 second(s)

2019-04-03 12:49:49 - [TEST_STEP][PASSED] - click(findTestObject("Object Repository/Page_KiboEngage  Edit Template/h7_Open a webview (1)")): Object: 'Object Repository/Page_KiboEngage  Edit Template/h7_Open a webview (1)' is clicked on

2019-04-03 12:49:49 - [MESSAGE][PASSED] - Object: 'Object Repository/Page_KiboEngage  Edit Template/h7_Open a webview (1)' is clicked on

2019-04-03 12:49:49 - [TEST_STEP][PASSED] - delay(1): Delayed 1 second(s)

2019-04-03 12:49:50 - [MESSAGE][PASSED] - Delayed 1 second(s)

2019-04-03 12:49:50 - [TEST_STEP][PASSED] - click(findTestObject("Object Repository/Page_KiboEngage  Edit Template/a_Whitelist url domains to open in-app browser")): Object: 'Object Repository/Page_KiboEngage  Edit Template/a_Whitelist url domains to open in-app browser' is clicked on

2019-04-03 12:49:51 - [MESSAGE][PASSED] - Object: 'Object Repository/Page_KiboEngage  Edit Template/a_Whitelist url domains to open in-app browser' is clicked on

2019-04-03 12:49:51 - [TEST_STEP][PASSED] - delay(1): Delayed 1 second(s)

2019-04-03 12:49:52 - [MESSAGE][PASSED] - Delayed 1 second(s)

2019-04-03 12:49:52 - [TEST_STEP][PASSED] - click(findTestObject("Page_KiboPush  api_settings/span_Whitelist Domains (3)")): Object: 'Object Repository/Page_KiboPush  api_settings/span_Whitelist Domains (3)' is clicked on

2019-04-03 12:49:52 - [MESSAGE][PASSED] - Object: 'Object Repository/Page_KiboPush  api_settings/span_Whitelist Domains (3)' is clicked on

2019-04-03 12:49:52 - [TEST_STEP][PASSED] - delay(1): Delayed 1 second(s)

2019-04-03 12:49:53 - [MESSAGE][PASSED] - Delayed 1 second(s)

2019-04-03 12:49:53 - [TEST_STEP][PASSED] - click(findTestObject("Page_KiboPush  Whitelist Domains/span_Whitelist Domains (3)")): Object: 'Object Repository/Page_KiboPush  Whitelist Domains/span_Whitelist Domains (3)' is clicked on

2019-04-03 12:49:53 - [MESSAGE][PASSED] - Object: 'Object Repository/Page_KiboPush  Whitelist Domains/span_Whitelist Domains (3)' is clicked on]]></system-out>
         <system-err><![CDATA[]]></system-err>
      </testcase>
      <testcase name="Test Cases/Webview/TC11130" classname="Test Cases/Webview/TC11130" status="PASSED">
         <system-out><![CDATA[2019-04-03 12:49:53 - [TEST_CASE][PASSED] - Test Cases/Webview/TC11130: Test Cases/Webview/TC11130

2019-04-03 12:49:53 - [TEST_STEP][PASSED] - callTestCase(findTestCase("Welcome Message TestCases/Open Welcome Message Edit Screen"), [:], STOP_ON_FAILURE): Call Test Case 'Test Cases/Welcome Message TestCases/Open Welcome Message Edit Screen' successfully

2019-04-03 12:49:53 - [TEST_CASE][PASSED] - Test Cases/Welcome Message TestCases/Open Welcome Message Edit Screen: Test Cases/Welcome Message TestCases/Open Welcome Message Edit Screen

2019-04-03 12:49:53 - [TEST_STEP][PASSED] - callTestCase(findTestCase("s-sidebar_navigation/individualAccount/Login_Muzamil"), [:], STOP_ON_FAILURE): Call Test Case 'Test Cases/s-sidebar_navigation/individualAccount/Login_Muzamil' successfully

2019-04-03 12:49:53 - [TEST_CASE][PASSED] - Test Cases/s-sidebar_navigation/individualAccount/Login_Muzamil: Test Cases/s-sidebar_navigation/individualAccount/Login_Muzamil

2019-04-03 12:49:53 - [TEST_STEP][PASSED] - openBrowser(""): Browser is opened with url: ''

2019-04-03 12:49:53 - [MESSAGE][WARNING] - A browser is already opened. Closing browser and opening a new one

2019-04-03 12:49:53 - [MESSAGE][INFO] - Starting 'Chrome' driver

2019-04-03 12:49:54 - [MESSAGE][PASSED] - Browser is opened with url: ''

2019-04-03 12:49:54 - [TEST_STEP][PASSED] - maximizeWindow(): Current window maximized

2019-04-03 12:49:54 - [MESSAGE][PASSED] - Current window maximized

2019-04-03 12:49:54 - [TEST_STEP][PASSED] - navigateToUrl("https://app.kibopush.com/"): Navigate to 'https://app.kibopush.com/' successfully

2019-04-03 12:50:07 - [MESSAGE][PASSED] - Navigate to 'https://app.kibopush.com/' successfully

2019-04-03 12:50:07 - [TEST_STEP][PASSED] - click(findTestObject("Page_CloudKibo/a_Login (2)")): Object: 'Object Repository/Page_CloudKibo/a_Login (2)' is clicked on

2019-04-03 12:50:08 - [MESSAGE][PASSED] - Object: 'Object Repository/Page_CloudKibo/a_Login (2)' is clicked on

2019-04-03 12:50:08 - [TEST_STEP][PASSED] - delay(2): Delayed 2 second(s)

2019-04-03 12:50:10 - [MESSAGE][PASSED] - Delayed 2 second(s)

2019-04-03 12:50:10 - [TEST_STEP][PASSED] - setText(findTestObject("Page_CloudKibo/input_Sign In_email (1)"), "muzamil.bukhari.39@gmail.com"): Text 'muzamil.bukhari.39@gmail.com' is set on object 'Object Repository/Page_CloudKibo/input_Sign In_email (1)'

2019-04-03 12:50:10 - [MESSAGE][PASSED] - Text 'muzamil.bukhari.39@gmail.com' is set on object 'Object Repository/Page_CloudKibo/input_Sign In_email (1)'

2019-04-03 12:50:10 - [TEST_STEP][PASSED] - setEncryptedText(findTestObject("Page_CloudKibo/input_Sign In_password (1)"), "ZOMPkeJIpHWb3LMKk986MQ=="): Text ****** has been set on object 'Object Repository/Page_CloudKibo/input_Sign In_password (1)'

2019-04-03 12:50:10 - [MESSAGE][PASSED] - Text ****** has been set on object 'Object Repository/Page_CloudKibo/input_Sign In_password (1)'

2019-04-03 12:50:10 - [TEST_STEP][PASSED] - delay(1): Delayed 1 second(s)

2019-04-03 12:50:11 - [MESSAGE][PASSED] - Delayed 1 second(s)

2019-04-03 12:50:11 - [TEST_STEP][PASSED] - click(findTestObject("Page_CloudKibo/button_Sign In (5)")): Object: 'Object Repository/Page_CloudKibo/button_Sign In (5)' is clicked on

2019-04-03 12:50:11 - [MESSAGE][PASSED] - Object: 'Object Repository/Page_CloudKibo/button_Sign In (5)' is clicked on

2019-04-03 12:50:11 - [TEST_STEP][PASSED] - delay(3): Delayed 3 second(s)

2019-04-03 12:50:14 - [MESSAGE][PASSED] - Delayed 3 second(s)

2019-04-03 12:50:14 - [TEST_STEP][PASSED] - click(findTestObject("Object Repository/Page_KiboEngage  Dashboard/h4_KIBOPUSH")): Object: 'Object Repository/Page_KiboEngage  Dashboard/h4_KIBOPUSH' is clicked on

2019-04-03 12:50:36 - [MESSAGE][PASSED] - Object: 'Object Repository/Page_KiboEngage  Dashboard/h4_KIBOPUSH' is clicked on

2019-04-03 12:50:36 - [MESSAGE][PASSED] - Call Test Case 'Test Cases/s-sidebar_navigation/individualAccount/Login_Muzamil' successfully

2019-04-03 12:50:36 - [TEST_STEP][PASSED] - delay(2): Delayed 2 second(s)

2019-04-03 12:50:38 - [MESSAGE][PASSED] - Delayed 2 second(s)

2019-04-03 12:50:38 - [TEST_STEP][PASSED] - click(findTestObject("Object Repository/Page_KiboEngage  Dashboard/span_Manage Pages (2)")): Object: 'Object Repository/Page_KiboEngage  Dashboard/span_Manage Pages (2)' is clicked on

2019-04-03 12:50:39 - [MESSAGE][PASSED] - Object: 'Object Repository/Page_KiboEngage  Dashboard/span_Manage Pages (2)' is clicked on

2019-04-03 12:50:39 - [TEST_STEP][PASSED] - delay(1): Delayed 1 second(s)

2019-04-03 12:50:40 - [MESSAGE][PASSED] - Delayed 1 second(s)

2019-04-03 12:50:40 - [TEST_STEP][PASSED] - click(findTestObject("Object Repository/Page_KiboEngage  Dashboard/span_Welcome Message")): Object: 'Object Repository/Page_KiboEngage  Dashboard/span_Welcome Message' is clicked on

2019-04-03 12:50:40 - [MESSAGE][PASSED] - Object: 'Object Repository/Page_KiboEngage  Dashboard/span_Welcome Message' is clicked on

2019-04-03 12:50:40 - [TEST_STEP][PASSED] - delay(1): Delayed 1 second(s)

2019-04-03 12:50:41 - [MESSAGE][PASSED] - Delayed 1 second(s)

2019-04-03 12:50:41 - [TEST_STEP][PASSED] - click(findTestObject("Object Repository/Page_KiboEngage  Welcome Message/button_Edit Message")): Object: 'Object Repository/Page_KiboEngage  Welcome Message/button_Edit Message' is clicked on

2019-04-03 12:50:41 - [MESSAGE][PASSED] - Object: 'Object Repository/Page_KiboEngage  Welcome Message/button_Edit Message' is clicked on

2019-04-03 12:50:41 - [TEST_STEP][PASSED] - delay(1): Delayed 1 second(s)

2019-04-03 12:50:42 - [MESSAGE][PASSED] - Delayed 1 second(s)

2019-04-03 12:50:42 - [TEST_STEP][PASSED] - click(findTestObject("Object Repository/Page_KiboEngage  Edit Template/h3_Welcome Message")): Object: 'Object Repository/Page_KiboEngage  Edit Template/h3_Welcome Message' is clicked on

2019-04-03 12:50:42 - [MESSAGE][PASSED] - Object: 'Object Repository/Page_KiboEngage  Edit Template/h3_Welcome Message' is clicked on

2019-04-03 12:50:42 - [MESSAGE][PASSED] - Call Test Case 'Test Cases/Welcome Message TestCases/Open Welcome Message Edit Screen' successfully

2019-04-03 12:50:42 - [TEST_STEP][PASSED] - delay(1): Delayed 1 second(s)

2019-04-03 12:50:43 - [MESSAGE][PASSED] - Delayed 1 second(s)

2019-04-03 12:50:43 - [TEST_STEP][PASSED] - click(findTestObject("Object Repository/Page_KiboEngage  Edit Template/h6_ Add Button (1) (3)")): Object: 'Object Repository/Page_KiboEngage  Edit Template/h6_ Add Button (1) (3)' is clicked on

2019-04-03 12:50:43 - [MESSAGE][PASSED] - Object: 'Object Repository/Page_KiboEngage  Edit Template/h6_ Add Button (1) (3)' is clicked on

2019-04-03 12:50:43 - [TEST_STEP][PASSED] - delay(1): Delayed 1 second(s)

2019-04-03 12:50:44 - [MESSAGE][PASSED] - Delayed 1 second(s)

2019-04-03 12:50:44 - [TEST_STEP][PASSED] - click(findTestObject("Object Repository/Page_KiboEngage  Edit Template/h7_Open a webview (1) (3)")): Object: 'Object Repository/Page_KiboEngage  Edit Template/h7_Open a webview (1) (3)' is clicked on

2019-04-03 12:50:44 - [MESSAGE][PASSED] - Object: 'Object Repository/Page_KiboEngage  Edit Template/h7_Open a webview (1) (3)' is clicked on

2019-04-03 12:50:44 - [TEST_STEP][PASSED] - click(findTestObject("Object Repository/Page_KiboEngage  Edit Template/button_Cancel")): Object: 'Object Repository/Page_KiboEngage  Edit Template/button_Cancel' is clicked on

2019-04-03 12:50:44 - [MESSAGE][PASSED] - Object: 'Object Repository/Page_KiboEngage  Edit Template/button_Cancel' is clicked on

2019-04-03 12:50:44 - [TEST_STEP][PASSED] - verifyElementNotPresent(findTestObject("Page_KiboEngage  Edit Template/h6_Button Title"), 0): Web element with id: 'Object Repository/Page_KiboEngage  Edit Template/h6_Button Title' located by 'By.xpath: //h6[(text() = 'Button Title:' or . = 'Button Title:')]' is not present after '30' second(s)

2019-04-03 12:50:44 - [MESSAGE][WARNING] - Timeout '0' is invalid. Using default page load timeout: '30'

2019-04-03 12:50:44 - [MESSAGE][PASSED] - Web element with id: 'Object Repository/Page_KiboEngage  Edit Template/h6_Button Title' located by 'By.xpath: //h6[(text() = 'Button Title:' or . = 'Button Title:')]' is not present after '30' second(s)]]></system-out>
         <system-err><![CDATA[]]></system-err>
      </testcase>
      <testcase name="Test Cases/Webview/TC11131" classname="Test Cases/Webview/TC11131" status="FAILED">
         <failure type="FAILED" message="Test Cases/Webview/TC11131 FAILED.
Reason:
com.kms.katalon.core.exception.StepFailedException: Unable to verify object 'Object Repository/Page_KiboEngage  Edit Template/button_Test webview (2)' is not present
	at com.kms.katalon.core.webui.keyword.internal.WebUIKeywordMain.stepFailed(WebUIKeywordMain.groovy:64)
	at com.kms.katalon.core.webui.keyword.internal.WebUIKeywordMain.runKeyword(WebUIKeywordMain.groovy:26)
	at com.kms.katalon.core.webui.keyword.builtin.VerifyElementNotPresentKeyword.verifyElementNotPresent(VerifyElementNotPresentKeyword.groovy:118)
	at com.kms.katalon.core.webui.keyword.builtin.VerifyElementNotPresentKeyword.execute(VerifyElementNotPresentKeyword.groovy:68)
	at com.kms.katalon.core.keyword.internal.KeywordExecutor.executeKeywordForPlatform(KeywordExecutor.groovy:56)
	at com.kms.katalon.core.webui.keyword.WebUiBuiltInKeywords.verifyElementNotPresent(WebUiBuiltInKeywords.groovy:1467)
	at com.kms.katalon.core.webui.keyword.WebUiBuiltInKeywords$verifyElementNotPresent$6.call(Unknown Source)
	at TC11131.run(TC11131:80)
	at com.kms.katalon.core.main.ScriptEngine.run(ScriptEngine.java:194)
	at com.kms.katalon.core.main.ScriptEngine.runScriptAsRawText(ScriptEngine.java:119)
	at com.kms.katalon.core.main.TestCaseExecutor.runScript(TestCaseExecutor.java:331)
	at com.kms.katalon.core.main.TestCaseExecutor.doExecute(TestCaseExecutor.java:322)
	at com.kms.katalon.core.main.TestCaseExecutor.processExecutionPhase(TestCaseExecutor.java:301)
	at com.kms.katalon.core.main.TestCaseExecutor.accessMainPhase(TestCaseExecutor.java:293)
	at com.kms.katalon.core.main.TestCaseExecutor.execute(TestCaseExecutor.java:227)
	at com.kms.katalon.core.main.TestSuiteExecutor.accessTestCaseMainPhase(TestSuiteExecutor.java:129)
	at com.kms.katalon.core.main.TestSuiteExecutor.accessTestSuiteMainPhase(TestSuiteExecutor.java:112)
	at com.kms.katalon.core.main.TestSuiteExecutor.execute(TestSuiteExecutor.java:81)
	at com.kms.katalon.core.main.TestCaseMain.startTestSuite(TestCaseMain.java:157)
	at com.kms.katalon.core.main.TestCaseMain$startTestSuite$0.call(Unknown Source)
	at TempTestSuite1554275422234.run(TempTestSuite1554275422234.groovy:35)
Caused by: com.kms.katalon.core.exception.StepFailedException: Web element with id: 'Object Repository/Page_KiboEngage  Edit Template/button_Test webview (2)' located by 'By.xpath: //button[(text() = 'Test webview' or . = 'Test webview')]' is present after '30' second(s)
	at com.kms.katalon.core.webui.keyword.internal.WebUIKeywordMain.stepFailed(WebUIKeywordMain.groovy:64)
	at com.kms.katalon.core.webui.keyword.builtin.VerifyElementNotPresentKeyword$_verifyElementNotPresent_closure1.doCall(VerifyElementNotPresentKeyword.groovy:107)
	at com.kms.katalon.core.webui.keyword.builtin.VerifyElementNotPresentKeyword$_verifyElementNotPresent_closure1.call(VerifyElementNotPresentKeyword.groovy)
	at com.kms.katalon.core.webui.keyword.internal.WebUIKeywordMain.runKeyword(WebUIKeywordMain.groovy:20)
	... 19 more
"/>
         <system-out><![CDATA[2019-04-03 12:50:44 - [TEST_CASE][FAILED] - Test Cases/Webview/TC11131: Test Cases/Webview/TC11131 FAILED.
Reason:
com.kms.katalon.core.exception.StepFailedException: Unable to verify object 'Object Repository/Page_KiboEngage  Edit Template/button_Test webview (2)' is not present
	at com.kms.katalon.core.webui.keyword.internal.WebUIKeywordMain.stepFailed(WebUIKeywordMain.groovy:64)
	at com.kms.katalon.core.webui.keyword.internal.WebUIKeywordMain.runKeyword(WebUIKeywordMain.groovy:26)
	at com.kms.katalon.core.webui.keyword.builtin.VerifyElementNotPresentKeyword.verifyElementNotPresent(VerifyElementNotPresentKeyword.groovy:118)
	at com.kms.katalon.core.webui.keyword.builtin.VerifyElementNotPresentKeyword.execute(VerifyElementNotPresentKeyword.groovy:68)
	at com.kms.katalon.core.keyword.internal.KeywordExecutor.executeKeywordForPlatform(KeywordExecutor.groovy:56)
	at com.kms.katalon.core.webui.keyword.WebUiBuiltInKeywords.verifyElementNotPresent(WebUiBuiltInKeywords.groovy:1467)
	at com.kms.katalon.core.webui.keyword.WebUiBuiltInKeywords$verifyElementNotPresent$6.call(Unknown Source)
	at TC11131.run(TC11131:80)
	at com.kms.katalon.core.main.ScriptEngine.run(ScriptEngine.java:194)
	at com.kms.katalon.core.main.ScriptEngine.runScriptAsRawText(ScriptEngine.java:119)
	at com.kms.katalon.core.main.TestCaseExecutor.runScript(TestCaseExecutor.java:331)
	at com.kms.katalon.core.main.TestCaseExecutor.doExecute(TestCaseExecutor.java:322)
	at com.kms.katalon.core.main.TestCaseExecutor.processExecutionPhase(TestCaseExecutor.java:301)
	at com.kms.katalon.core.main.TestCaseExecutor.accessMainPhase(TestCaseExecutor.java:293)
	at com.kms.katalon.core.main.TestCaseExecutor.execute(TestCaseExecutor.java:227)
	at com.kms.katalon.core.main.TestSuiteExecutor.accessTestCaseMainPhase(TestSuiteExecutor.java:129)
	at com.kms.katalon.core.main.TestSuiteExecutor.accessTestSuiteMainPhase(TestSuiteExecutor.java:112)
	at com.kms.katalon.core.main.TestSuiteExecutor.execute(TestSuiteExecutor.java:81)
	at com.kms.katalon.core.main.TestCaseMain.startTestSuite(TestCaseMain.java:157)
	at com.kms.katalon.core.main.TestCaseMain$startTestSuite$0.call(Unknown Source)
	at TempTestSuite1554275422234.run(TempTestSuite1554275422234.groovy:35)
Caused by: com.kms.katalon.core.exception.StepFailedException: Web element with id: 'Object Repository/Page_KiboEngage  Edit Template/button_Test webview (2)' located by 'By.xpath: //button[(text() = 'Test webview' or . = 'Test webview')]' is present after '30' second(s)
	at com.kms.katalon.core.webui.keyword.internal.WebUIKeywordMain.stepFailed(WebUIKeywordMain.groovy:64)
	at com.kms.katalon.core.webui.keyword.builtin.VerifyElementNotPresentKeyword$_verifyElementNotPresent_closure1.doCall(VerifyElementNotPresentKeyword.groovy:107)
	at com.kms.katalon.core.webui.keyword.builtin.VerifyElementNotPresentKeyword$_verifyElementNotPresent_closure1.call(VerifyElementNotPresentKeyword.groovy)
	at com.kms.katalon.core.webui.keyword.internal.WebUIKeywordMain.runKeyword(WebUIKeywordMain.groovy:20)
	... 19 more


2019-04-03 12:50:44 - [TEST_STEP][PASSED] - callTestCase(findTestCase("Welcome Message TestCases/Open Welcome Message Edit Screen"), [:], STOP_ON_FAILURE): Call Test Case 'Test Cases/Welcome Message TestCases/Open Welcome Message Edit Screen' successfully

2019-04-03 12:50:44 - [TEST_CASE][PASSED] - Test Cases/Welcome Message TestCases/Open Welcome Message Edit Screen: Test Cases/Welcome Message TestCases/Open Welcome Message Edit Screen

2019-04-03 12:50:44 - [TEST_STEP][PASSED] - callTestCase(findTestCase("s-sidebar_navigation/individualAccount/Login_Muzamil"), [:], STOP_ON_FAILURE): Call Test Case 'Test Cases/s-sidebar_navigation/individualAccount/Login_Muzamil' successfully

2019-04-03 12:50:44 - [TEST_CASE][PASSED] - Test Cases/s-sidebar_navigation/individualAccount/Login_Muzamil: Test Cases/s-sidebar_navigation/individualAccount/Login_Muzamil

2019-04-03 12:50:44 - [TEST_STEP][PASSED] - openBrowser(""): Browser is opened with url: ''

2019-04-03 12:50:44 - [MESSAGE][WARNING] - A browser is already opened. Closing browser and opening a new one

2019-04-03 12:50:44 - [MESSAGE][INFO] - Starting 'Chrome' driver

2019-04-03 12:50:45 - [MESSAGE][PASSED] - Browser is opened with url: ''

2019-04-03 12:50:45 - [TEST_STEP][PASSED] - maximizeWindow(): Current window maximized

2019-04-03 12:50:45 - [MESSAGE][PASSED] - Current window maximized

2019-04-03 12:50:45 - [TEST_STEP][PASSED] - navigateToUrl("https://app.kibopush.com/"): Navigate to 'https://app.kibopush.com/' successfully

2019-04-03 12:50:58 - [MESSAGE][PASSED] - Navigate to 'https://app.kibopush.com/' successfully

2019-04-03 12:50:58 - [TEST_STEP][PASSED] - click(findTestObject("Page_CloudKibo/a_Login (2)")): Object: 'Object Repository/Page_CloudKibo/a_Login (2)' is clicked on

2019-04-03 12:50:59 - [MESSAGE][PASSED] - Object: 'Object Repository/Page_CloudKibo/a_Login (2)' is clicked on

2019-04-03 12:50:59 - [TEST_STEP][PASSED] - delay(2): Delayed 2 second(s)

2019-04-03 12:51:01 - [MESSAGE][PASSED] - Delayed 2 second(s)

2019-04-03 12:51:01 - [TEST_STEP][PASSED] - setText(findTestObject("Page_CloudKibo/input_Sign In_email (1)"), "muzamil.bukhari.39@gmail.com"): Text 'muzamil.bukhari.39@gmail.com' is set on object 'Object Repository/Page_CloudKibo/input_Sign In_email (1)'

2019-04-03 12:51:01 - [MESSAGE][PASSED] - Text 'muzamil.bukhari.39@gmail.com' is set on object 'Object Repository/Page_CloudKibo/input_Sign In_email (1)'

2019-04-03 12:51:01 - [TEST_STEP][PASSED] - setEncryptedText(findTestObject("Page_CloudKibo/input_Sign In_password (1)"), "ZOMPkeJIpHWb3LMKk986MQ=="): Text ****** has been set on object 'Object Repository/Page_CloudKibo/input_Sign In_password (1)'

2019-04-03 12:51:02 - [MESSAGE][PASSED] - Text ****** has been set on object 'Object Repository/Page_CloudKibo/input_Sign In_password (1)'

2019-04-03 12:51:02 - [TEST_STEP][PASSED] - delay(1): Delayed 1 second(s)

2019-04-03 12:51:03 - [MESSAGE][PASSED] - Delayed 1 second(s)

2019-04-03 12:51:03 - [TEST_STEP][PASSED] - click(findTestObject("Page_CloudKibo/button_Sign In (5)")): Object: 'Object Repository/Page_CloudKibo/button_Sign In (5)' is clicked on

2019-04-03 12:51:03 - [MESSAGE][PASSED] - Object: 'Object Repository/Page_CloudKibo/button_Sign In (5)' is clicked on

2019-04-03 12:51:03 - [TEST_STEP][PASSED] - delay(3): Delayed 3 second(s)

2019-04-03 12:51:06 - [MESSAGE][PASSED] - Delayed 3 second(s)

2019-04-03 12:51:06 - [TEST_STEP][PASSED] - click(findTestObject("Object Repository/Page_KiboEngage  Dashboard/h4_KIBOPUSH")): Object: 'Object Repository/Page_KiboEngage  Dashboard/h4_KIBOPUSH' is clicked on

2019-04-03 12:51:16 - [MESSAGE][PASSED] - Object: 'Object Repository/Page_KiboEngage  Dashboard/h4_KIBOPUSH' is clicked on

2019-04-03 12:51:16 - [MESSAGE][PASSED] - Call Test Case 'Test Cases/s-sidebar_navigation/individualAccount/Login_Muzamil' successfully

2019-04-03 12:51:16 - [TEST_STEP][PASSED] - delay(2): Delayed 2 second(s)

2019-04-03 12:51:18 - [MESSAGE][PASSED] - Delayed 2 second(s)

2019-04-03 12:51:18 - [TEST_STEP][PASSED] - click(findTestObject("Object Repository/Page_KiboEngage  Dashboard/span_Manage Pages (2)")): Object: 'Object Repository/Page_KiboEngage  Dashboard/span_Manage Pages (2)' is clicked on

2019-04-03 12:51:18 - [MESSAGE][PASSED] - Object: 'Object Repository/Page_KiboEngage  Dashboard/span_Manage Pages (2)' is clicked on

2019-04-03 12:51:18 - [TEST_STEP][PASSED] - delay(1): Delayed 1 second(s)

2019-04-03 12:51:19 - [MESSAGE][PASSED] - Delayed 1 second(s)

2019-04-03 12:51:19 - [TEST_STEP][PASSED] - click(findTestObject("Object Repository/Page_KiboEngage  Dashboard/span_Welcome Message")): Object: 'Object Repository/Page_KiboEngage  Dashboard/span_Welcome Message' is clicked on

2019-04-03 12:51:19 - [MESSAGE][PASSED] - Object: 'Object Repository/Page_KiboEngage  Dashboard/span_Welcome Message' is clicked on

2019-04-03 12:51:19 - [TEST_STEP][PASSED] - delay(1): Delayed 1 second(s)

2019-04-03 12:51:20 - [MESSAGE][PASSED] - Delayed 1 second(s)

2019-04-03 12:51:20 - [TEST_STEP][PASSED] - click(findTestObject("Object Repository/Page_KiboEngage  Welcome Message/button_Edit Message")): Object: 'Object Repository/Page_KiboEngage  Welcome Message/button_Edit Message' is clicked on

2019-04-03 12:51:21 - [MESSAGE][PASSED] - Object: 'Object Repository/Page_KiboEngage  Welcome Message/button_Edit Message' is clicked on

2019-04-03 12:51:21 - [TEST_STEP][PASSED] - delay(1): Delayed 1 second(s)

2019-04-03 12:51:22 - [MESSAGE][PASSED] - Delayed 1 second(s)

2019-04-03 12:51:22 - [TEST_STEP][PASSED] - click(findTestObject("Object Repository/Page_KiboEngage  Edit Template/h3_Welcome Message")): Object: 'Object Repository/Page_KiboEngage  Edit Template/h3_Welcome Message' is clicked on

2019-04-03 12:51:22 - [MESSAGE][PASSED] - Object: 'Object Repository/Page_KiboEngage  Edit Template/h3_Welcome Message' is clicked on

2019-04-03 12:51:22 - [MESSAGE][PASSED] - Call Test Case 'Test Cases/Welcome Message TestCases/Open Welcome Message Edit Screen' successfully

2019-04-03 12:51:22 - [TEST_STEP][PASSED] - delay(1): Delayed 1 second(s)

2019-04-03 12:51:23 - [MESSAGE][PASSED] - Delayed 1 second(s)

2019-04-03 12:51:23 - [TEST_STEP][PASSED] - click(findTestObject("Object Repository/Page_KiboEngage  Edit Template/h6_ Add Button (5)")): Object: 'Object Repository/Page_KiboEngage  Edit Template/h6_ Add Button (5)' is clicked on

2019-04-03 12:51:23 - [MESSAGE][PASSED] - Object: 'Object Repository/Page_KiboEngage  Edit Template/h6_ Add Button (5)' is clicked on

2019-04-03 12:51:23 - [TEST_STEP][PASSED] - delay(1): Delayed 1 second(s)

2019-04-03 12:51:24 - [MESSAGE][PASSED] - Delayed 1 second(s)

2019-04-03 12:51:24 - [TEST_STEP][PASSED] - setText(findTestObject("Object Repository/Page_KiboEngage  Edit Template/input_Button Title_form-control (3)"), "Test webview"): Text 'Test webview' is set on object 'Object Repository/Page_KiboEngage  Edit Template/input_Button Title_form-control (3)'

2019-04-03 12:51:24 - [MESSAGE][PASSED] - Text 'Test webview' is set on object 'Object Repository/Page_KiboEngage  Edit Template/input_Button Title_form-control (3)'

2019-04-03 12:51:24 - [TEST_STEP][PASSED] - delay(1): Delayed 1 second(s)

2019-04-03 12:51:25 - [MESSAGE][PASSED] - Delayed 1 second(s)

2019-04-03 12:51:25 - [TEST_STEP][PASSED] - click(findTestObject("Object Repository/Page_KiboEngage  Edit Template/h7_Open a webview (3)")): Object: 'Object Repository/Page_KiboEngage  Edit Template/h7_Open a webview (3)' is clicked on

2019-04-03 12:51:25 - [MESSAGE][PASSED] - Object: 'Object Repository/Page_KiboEngage  Edit Template/h7_Open a webview (3)' is clicked on

2019-04-03 12:51:25 - [TEST_STEP][PASSED] - delay(1): Delayed 1 second(s)

2019-04-03 12:51:26 - [MESSAGE][PASSED] - Delayed 1 second(s)

2019-04-03 12:51:26 - [TEST_STEP][PASSED] - setText(findTestObject("Object Repository/Page_KiboEngage  Edit Template/input_Url_form-control (2)"), "https://kiboengage.cloudkibo.com"): Text 'https://kiboengage.cloudkibo.com' is set on object 'Object Repository/Page_KiboEngage  Edit Template/input_Url_form-control (2)'

2019-04-03 12:51:27 - [MESSAGE][PASSED] - Text 'https://kiboengage.cloudkibo.com' is set on object 'Object Repository/Page_KiboEngage  Edit Template/input_Url_form-control (2)'

2019-04-03 12:51:27 - [TEST_STEP][PASSED] - click(findTestObject("Object Repository/Page_KiboEngage  Edit Template/button_Done (2)")): Object: 'Object Repository/Page_KiboEngage  Edit Template/button_Done (2)' is clicked on

2019-04-03 12:51:27 - [MESSAGE][PASSED] - Object: 'Object Repository/Page_KiboEngage  Edit Template/button_Done (2)' is clicked on

2019-04-03 12:51:27 - [TEST_STEP][PASSED] - delay(1): Delayed 1 second(s)

2019-04-03 12:51:28 - [MESSAGE][PASSED] - Delayed 1 second(s)

2019-04-03 12:51:28 - [TEST_STEP][PASSED] - click(findTestObject("Object Repository/Page_KiboEngage  Edit Template/button_Save (2)")): Object: 'Object Repository/Page_KiboEngage  Edit Template/button_Save (2)' is clicked on

2019-04-03 12:51:28 - [MESSAGE][PASSED] - Object: 'Object Repository/Page_KiboEngage  Edit Template/button_Save (2)' is clicked on

2019-04-03 12:51:28 - [TEST_STEP][PASSED] - delay(1): Delayed 1 second(s)

2019-04-03 12:51:29 - [MESSAGE][PASSED] - Delayed 1 second(s)

2019-04-03 12:51:29 - [TEST_STEP][PASSED] - click(findTestObject("Object Repository/Page_KiboEngage  Edit Template/div_Message saved successfully (2)")): Object: 'Object Repository/Page_KiboEngage  Edit Template/div_Message saved successfully (2)' is clicked on

2019-04-03 12:51:29 - [MESSAGE][PASSED] - Object: 'Object Repository/Page_KiboEngage  Edit Template/div_Message saved successfully (2)' is clicked on

2019-04-03 12:51:29 - [TEST_STEP][PASSED] - delay(2): Delayed 2 second(s)

2019-04-03 12:51:31 - [MESSAGE][PASSED] - Delayed 2 second(s)

2019-04-03 12:51:31 - [TEST_STEP][PASSED] - click(findTestObject("Page_KiboEngage  Edit Template/button_Test webview (1)")): Object: 'Object Repository/Page_KiboEngage  Edit Template/button_Test webview (1)' is clicked on

2019-04-03 12:51:31 - [MESSAGE][PASSED] - Object: 'Object Repository/Page_KiboEngage  Edit Template/button_Test webview (1)' is clicked on

2019-04-03 12:51:31 - [TEST_STEP][PASSED] - delay(2): Delayed 2 second(s)

2019-04-03 12:51:33 - [MESSAGE][PASSED] - Delayed 2 second(s)

2019-04-03 12:51:33 - [TEST_STEP][PASSED] - setText(findTestObject("Page_KiboEngage  Edit Template/input_Url_form-control (1)"), "https://skiboengage.cloudkibo.com"): Text 'https://skiboengage.cloudkibo.com' is set on object 'Object Repository/Page_KiboEngage  Edit Template/input_Url_form-control (1)'

2019-04-03 12:51:33 - [MESSAGE][PASSED] - Text 'https://skiboengage.cloudkibo.com' is set on object 'Object Repository/Page_KiboEngage  Edit Template/input_Url_form-control (1)'

2019-04-03 12:51:33 - [TEST_STEP][PASSED] - selectOptionByValue(findTestObject("Page_KiboEngage  Edit Template/select_COMPACTTALLFULL"), "COMPACT", true): All options with value 'COMPACT' are selected in object 'Object Repository/Page_KiboEngage  Edit Template/select_COMPACTTALLFULL'  using regular expression

2019-04-03 12:51:33 - [MESSAGE][PASSED] - All options with value 'COMPACT' are selected in object 'Object Repository/Page_KiboEngage  Edit Template/select_COMPACTTALLFULL'  using regular expression

2019-04-03 12:51:33 - [TEST_STEP][PASSED] - delay(2): Delayed 2 second(s)

2019-04-03 12:51:35 - [MESSAGE][PASSED] - Delayed 2 second(s)

2019-04-03 12:51:35 - [TEST_STEP][PASSED] - click(findTestObject("Page_KiboEngage  Edit Template/button_Done (1)")): Object: 'Object Repository/Page_KiboEngage  Edit Template/button_Done (1)' is clicked on

2019-04-03 12:51:35 - [MESSAGE][PASSED] - Object: 'Object Repository/Page_KiboEngage  Edit Template/button_Done (1)' is clicked on

2019-04-03 12:51:35 - [TEST_STEP][PASSED] - delay(2): Delayed 2 second(s)

2019-04-03 12:51:37 - [MESSAGE][PASSED] - Delayed 2 second(s)

2019-04-03 12:51:37 - [TEST_STEP][PASSED] - click(findTestObject("Page_KiboEngage  Edit Template/button_Save (1)")): Object: 'Object Repository/Page_KiboEngage  Edit Template/button_Save (1)' is clicked on

2019-04-03 12:51:37 - [MESSAGE][PASSED] - Object: 'Object Repository/Page_KiboEngage  Edit Template/button_Save (1)' is clicked on

2019-04-03 12:51:37 - [TEST_STEP][PASSED] - delay(1): Delayed 1 second(s)

2019-04-03 12:51:38 - [MESSAGE][PASSED] - Delayed 1 second(s)

2019-04-03 12:51:38 - [TEST_STEP][PASSED] - click(findTestObject("Page_KiboEngage  Edit Template/div_Message saved successfully (1)")): Object: 'Object Repository/Page_KiboEngage  Edit Template/div_Message saved successfully (1)' is clicked on

2019-04-03 12:51:39 - [MESSAGE][PASSED] - Object: 'Object Repository/Page_KiboEngage  Edit Template/div_Message saved successfully (1)' is clicked on

2019-04-03 12:51:39 - [TEST_STEP][PASSED] - delay(1): Delayed 1 second(s)

2019-04-03 12:51:40 - [MESSAGE][PASSED] - Delayed 1 second(s)

2019-04-03 12:51:40 - [TEST_STEP][PASSED] - click(findTestObject("Object Repository/Page_KiboEngage  Edit Template/button_Test webview (2)")): Object: 'Object Repository/Page_KiboEngage  Edit Template/button_Test webview (2)' is clicked on

2019-04-03 12:51:40 - [MESSAGE][PASSED] - Object: 'Object Repository/Page_KiboEngage  Edit Template/button_Test webview (2)' is clicked on

2019-04-03 12:51:40 - [TEST_STEP][PASSED] - click(findTestObject("Object Repository/Page_KiboEngage  Edit Template/button_Remove")): Object: 'Object Repository/Page_KiboEngage  Edit Template/button_Remove' is clicked on

2019-04-03 12:51:40 - [MESSAGE][PASSED] - Object: 'Object Repository/Page_KiboEngage  Edit Template/button_Remove' is clicked on

2019-04-03 12:51:40 - [TEST_STEP][PASSED] - click(findTestObject("Object Repository/Page_KiboEngage  Edit Template/button_Save (2)")): Object: 'Object Repository/Page_KiboEngage  Edit Template/button_Save (2)' is clicked on

2019-04-03 12:51:40 - [MESSAGE][PASSED] - Object: 'Object Repository/Page_KiboEngage  Edit Template/button_Save (2)' is clicked on

2019-04-03 12:51:40 - [TEST_STEP][PASSED] - delay(1): Delayed 1 second(s)

2019-04-03 12:51:41 - [MESSAGE][PASSED] - Delayed 1 second(s)

2019-04-03 12:51:41 - [TEST_STEP][PASSED] - click(findTestObject("Object Repository/Page_KiboEngage  Edit Template/div_Message saved successfully (2)")): Object: 'Object Repository/Page_KiboEngage  Edit Template/div_Message saved successfully (2)' is clicked on

2019-04-03 12:51:41 - [MESSAGE][PASSED] - Object: 'Object Repository/Page_KiboEngage  Edit Template/div_Message saved successfully (2)' is clicked on

2019-04-03 12:51:41 - [TEST_STEP][PASSED] - delay(1): Delayed 1 second(s)

2019-04-03 12:51:42 - [MESSAGE][PASSED] - Delayed 1 second(s)

2019-04-03 12:51:42 - [TEST_STEP][FAILED] - verifyElementNotPresent(findTestObject("Object Repository/Page_KiboEngage  Edit Template/button_Test webview (2)"), 0): verifyElementNotPresent(findTestObject("Object Repository/Page_KiboEngage  Edit Template/button_Test webview (2)"), 0) FAILED.
Reason:
com.kms.katalon.core.exception.StepFailedException: Unable to verify object 'Object Repository/Page_KiboEngage  Edit Template/button_Test webview (2)' is not present
	at com.kms.katalon.core.webui.keyword.internal.WebUIKeywordMain.stepFailed(WebUIKeywordMain.groovy:64)
	at com.kms.katalon.core.webui.keyword.internal.WebUIKeywordMain.runKeyword(WebUIKeywordMain.groovy:26)
	at com.kms.katalon.core.webui.keyword.builtin.VerifyElementNotPresentKeyword.verifyElementNotPresent(VerifyElementNotPresentKeyword.groovy:118)
	at com.kms.katalon.core.webui.keyword.builtin.VerifyElementNotPresentKeyword.execute(VerifyElementNotPresentKeyword.groovy:68)
	at com.kms.katalon.core.keyword.internal.KeywordExecutor.executeKeywordForPlatform(KeywordExecutor.groovy:56)
	at com.kms.katalon.core.webui.keyword.WebUiBuiltInKeywords.verifyElementNotPresent(WebUiBuiltInKeywords.groovy:1467)
	at com.kms.katalon.core.webui.keyword.WebUiBuiltInKeywords$verifyElementNotPresent$6.call(Unknown Source)
	at TC11131.run(TC11131:80)
	at com.kms.katalon.core.main.ScriptEngine.run(ScriptEngine.java:194)
	at com.kms.katalon.core.main.ScriptEngine.runScriptAsRawText(ScriptEngine.java:119)
	at com.kms.katalon.core.main.TestCaseExecutor.runScript(TestCaseExecutor.java:331)
	at com.kms.katalon.core.main.TestCaseExecutor.doExecute(TestCaseExecutor.java:322)
	at com.kms.katalon.core.main.TestCaseExecutor.processExecutionPhase(TestCaseExecutor.java:301)
	at com.kms.katalon.core.main.TestCaseExecutor.accessMainPhase(TestCaseExecutor.java:293)
	at com.kms.katalon.core.main.TestCaseExecutor.execute(TestCaseExecutor.java:227)
	at com.kms.katalon.core.main.TestSuiteExecutor.accessTestCaseMainPhase(TestSuiteExecutor.java:129)
	at com.kms.katalon.core.main.TestSuiteExecutor.accessTestSuiteMainPhase(TestSuiteExecutor.java:112)
	at com.kms.katalon.core.main.TestSuiteExecutor.execute(TestSuiteExecutor.java:81)
	at com.kms.katalon.core.main.TestCaseMain.startTestSuite(TestCaseMain.java:157)
	at com.kms.katalon.core.main.TestCaseMain$startTestSuite$0.call(Unknown Source)
	at TempTestSuite1554275422234.run(TempTestSuite1554275422234.groovy:35)
Caused by: com.kms.katalon.core.exception.StepFailedException: Web element with id: 'Object Repository/Page_KiboEngage  Edit Template/button_Test webview (2)' located by 'By.xpath: //button[(text() = 'Test webview' or . = 'Test webview')]' is present after '30' second(s)
	at com.kms.katalon.core.webui.keyword.internal.WebUIKeywordMain.stepFailed(WebUIKeywordMain.groovy:64)
	at com.kms.katalon.core.webui.keyword.builtin.VerifyElementNotPresentKeyword$_verifyElementNotPresent_closure1.doCall(VerifyElementNotPresentKeyword.groovy:107)
	at com.kms.katalon.core.webui.keyword.builtin.VerifyElementNotPresentKeyword$_verifyElementNotPresent_closure1.call(VerifyElementNotPresentKeyword.groovy)
	at com.kms.katalon.core.webui.keyword.internal.WebUIKeywordMain.runKeyword(WebUIKeywordMain.groovy:20)
	... 19 more


2019-04-03 12:51:42 - [MESSAGE][WARNING] - Timeout '0' is invalid. Using default page load timeout: '30'

2019-04-03 12:52:12 - [MESSAGE][FAILED] - Web element with id: 'Object Repository/Page_KiboEngage  Edit Template/button_Test webview (2)' located by 'By.xpath: //button[(text() = 'Test webview' or . = 'Test webview')]' is present after '30' second(s) (Root cause: com.kms.katalon.core.exception.StepFailedException: Web element with id: 'Object Repository/Page_KiboEngage  Edit Template/button_Test webview (2)' located by 'By.xpath: //button[(text() = 'Test webview' or . = 'Test webview')]' is present after '30' second(s)
	at com.kms.katalon.core.webui.keyword.internal.WebUIKeywordMain.stepFailed(WebUIKeywordMain.groovy:64)
	at com.kms.katalon.core.webui.keyword.builtin.VerifyElementNotPresentKeyword$_verifyElementNotPresent_closure1.doCall(VerifyElementNotPresentKeyword.groovy:107)
	at com.kms.katalon.core.webui.keyword.builtin.VerifyElementNotPresentKeyword$_verifyElementNotPresent_closure1.call(VerifyElementNotPresentKeyword.groovy)
	at com.kms.katalon.core.webui.keyword.internal.WebUIKeywordMain.runKeyword(WebUIKeywordMain.groovy:20)
	at com.kms.katalon.core.webui.keyword.builtin.VerifyElementNotPresentKeyword.verifyElementNotPresent(VerifyElementNotPresentKeyword.groovy:118)
	at com.kms.katalon.core.webui.keyword.builtin.VerifyElementNotPresentKeyword.execute(VerifyElementNotPresentKeyword.groovy:68)
	at com.kms.katalon.core.keyword.internal.KeywordExecutor.executeKeywordForPlatform(KeywordExecutor.groovy:56)
	at com.kms.katalon.core.webui.keyword.WebUiBuiltInKeywords.verifyElementNotPresent(WebUiBuiltInKeywords.groovy:1467)
	at com.kms.katalon.core.webui.keyword.WebUiBuiltInKeywords$verifyElementNotPresent$6.call(Unknown Source)
	at TC11131.run(TC11131:80)
	at com.kms.katalon.core.main.ScriptEngine.run(ScriptEngine.java:194)
	at com.kms.katalon.core.main.ScriptEngine.runScriptAsRawText(ScriptEngine.java:119)
	at com.kms.katalon.core.main.TestCaseExecutor.runScript(TestCaseExecutor.java:331)
	at com.kms.katalon.core.main.TestCaseExecutor.doExecute(TestCaseExecutor.java:322)
	at com.kms.katalon.core.main.TestCaseExecutor.processExecutionPhase(TestCaseExecutor.java:301)
	at com.kms.katalon.core.main.TestCaseExecutor.accessMainPhase(TestCaseExecutor.java:293)
	at com.kms.katalon.core.main.TestCaseExecutor.execute(TestCaseExecutor.java:227)
	at com.kms.katalon.core.main.TestSuiteExecutor.accessTestCaseMainPhase(TestSuiteExecutor.java:129)
	at com.kms.katalon.core.main.TestSuiteExecutor.accessTestSuiteMainPhase(TestSuiteExecutor.java:112)
	at com.kms.katalon.core.main.TestSuiteExecutor.execute(TestSuiteExecutor.java:81)
	at com.kms.katalon.core.main.TestCaseMain.startTestSuite(TestCaseMain.java:157)
	at com.kms.katalon.core.main.TestCaseMain$startTestSuite$0.call(Unknown Source)
	at TempTestSuite1554275422234.run(TempTestSuite1554275422234.groovy:35)
)
[[ATTACHMENT|/home/cloudkibo-muzamil/Downloads/Test cases/production/KiboPush/Reports/Webview/20190403_121022/1554277932493.png]]

2019-04-03 12:52:12 - [MESSAGE][FAILED] - Unable to verify object 'Object Repository/Page_KiboEngage  Edit Template/button_Test webview (2)' is not present (Root cause: com.kms.katalon.core.exception.StepFailedException: Unable to verify object 'Object Repository/Page_KiboEngage  Edit Template/button_Test webview (2)' is not present
	at com.kms.katalon.core.webui.keyword.internal.WebUIKeywordMain.stepFailed(WebUIKeywordMain.groovy:64)
	at com.kms.katalon.core.webui.keyword.internal.WebUIKeywordMain.runKeyword(WebUIKeywordMain.groovy:26)
	at com.kms.katalon.core.webui.keyword.builtin.VerifyElementNotPresentKeyword.verifyElementNotPresent(VerifyElementNotPresentKeyword.groovy:118)
	at com.kms.katalon.core.webui.keyword.builtin.VerifyElementNotPresentKeyword.execute(VerifyElementNotPresentKeyword.groovy:68)
	at com.kms.katalon.core.keyword.internal.KeywordExecutor.executeKeywordForPlatform(KeywordExecutor.groovy:56)
	at com.kms.katalon.core.webui.keyword.WebUiBuiltInKeywords.verifyElementNotPresent(WebUiBuiltInKeywords.groovy:1467)
	at com.kms.katalon.core.webui.keyword.WebUiBuiltInKeywords$verifyElementNotPresent$6.call(Unknown Source)
	at TC11131.run(TC11131:80)
	at com.kms.katalon.core.main.ScriptEngine.run(ScriptEngine.java:194)
	at com.kms.katalon.core.main.ScriptEngine.runScriptAsRawText(ScriptEngine.java:119)
	at com.kms.katalon.core.main.TestCaseExecutor.runScript(TestCaseExecutor.java:331)
	at com.kms.katalon.core.main.TestCaseExecutor.doExecute(TestCaseExecutor.java:322)
	at com.kms.katalon.core.main.TestCaseExecutor.processExecutionPhase(TestCaseExecutor.java:301)
	at com.kms.katalon.core.main.TestCaseExecutor.accessMainPhase(TestCaseExecutor.java:293)
	at com.kms.katalon.core.main.TestCaseExecutor.execute(TestCaseExecutor.java:227)
	at com.kms.katalon.core.main.TestSuiteExecutor.accessTestCaseMainPhase(TestSuiteExecutor.java:129)
	at com.kms.katalon.core.main.TestSuiteExecutor.accessTestSuiteMainPhase(TestSuiteExecutor.java:112)
	at com.kms.katalon.core.main.TestSuiteExecutor.execute(TestSuiteExecutor.java:81)
	at com.kms.katalon.core.main.TestCaseMain.startTestSuite(TestCaseMain.java:157)
	at com.kms.katalon.core.main.TestCaseMain$startTestSuite$0.call(Unknown Source)
	at TempTestSuite1554275422234.run(TempTestSuite1554275422234.groovy:35)
Caused by: com.kms.katalon.core.exception.StepFailedException: Web element with id: 'Object Repository/Page_KiboEngage  Edit Template/button_Test webview (2)' located by 'By.xpath: //button[(text() = 'Test webview' or . = 'Test webview')]' is present after '30' second(s)
	at com.kms.katalon.core.webui.keyword.internal.WebUIKeywordMain.stepFailed(WebUIKeywordMain.groovy:64)
	at com.kms.katalon.core.webui.keyword.builtin.VerifyElementNotPresentKeyword$_verifyElementNotPresent_closure1.doCall(VerifyElementNotPresentKeyword.groovy:107)
	at com.kms.katalon.core.webui.keyword.builtin.VerifyElementNotPresentKeyword$_verifyElementNotPresent_closure1.call(VerifyElementNotPresentKeyword.groovy)
	at com.kms.katalon.core.webui.keyword.internal.WebUIKeywordMain.runKeyword(WebUIKeywordMain.groovy:20)
	... 19 more
)
[[ATTACHMENT|/home/cloudkibo-muzamil/Downloads/Test cases/production/KiboPush/Reports/Webview/20190403_121022/1554277932681.png]]

2019-04-03 12:52:12 - [MESSAGE][FAILED] - verifyElementNotPresent(findTestObject("Object Repository/Page_KiboEngage  Edit Template/button_Test webview (2)"), 0) FAILED.
Reason:
com.kms.katalon.core.exception.StepFailedException: Unable to verify object 'Object Repository/Page_KiboEngage  Edit Template/button_Test webview (2)' is not present
	at com.kms.katalon.core.webui.keyword.internal.WebUIKeywordMain.stepFailed(WebUIKeywordMain.groovy:64)
	at com.kms.katalon.core.webui.keyword.internal.WebUIKeywordMain.runKeyword(WebUIKeywordMain.groovy:26)
	at com.kms.katalon.core.webui.keyword.builtin.VerifyElementNotPresentKeyword.verifyElementNotPresent(VerifyElementNotPresentKeyword.groovy:118)
	at com.kms.katalon.core.webui.keyword.builtin.VerifyElementNotPresentKeyword.execute(VerifyElementNotPresentKeyword.groovy:68)
	at com.kms.katalon.core.keyword.internal.KeywordExecutor.executeKeywordForPlatform(KeywordExecutor.groovy:56)
	at com.kms.katalon.core.webui.keyword.WebUiBuiltInKeywords.verifyElementNotPresent(WebUiBuiltInKeywords.groovy:1467)
	at com.kms.katalon.core.webui.keyword.WebUiBuiltInKeywords$verifyElementNotPresent$6.call(Unknown Source)
	at TC11131.run(TC11131:80)
	at com.kms.katalon.core.main.ScriptEngine.run(ScriptEngine.java:194)
	at com.kms.katalon.core.main.ScriptEngine.runScriptAsRawText(ScriptEngine.java:119)
	at com.kms.katalon.core.main.TestCaseExecutor.runScript(TestCaseExecutor.java:331)
	at com.kms.katalon.core.main.TestCaseExecutor.doExecute(TestCaseExecutor.java:322)
	at com.kms.katalon.core.main.TestCaseExecutor.processExecutionPhase(TestCaseExecutor.java:301)
	at com.kms.katalon.core.main.TestCaseExecutor.accessMainPhase(TestCaseExecutor.java:293)
	at com.kms.katalon.core.main.TestCaseExecutor.execute(TestCaseExecutor.java:227)
	at com.kms.katalon.core.main.TestSuiteExecutor.accessTestCaseMainPhase(TestSuiteExecutor.java:129)
	at com.kms.katalon.core.main.TestSuiteExecutor.accessTestSuiteMainPhase(TestSuiteExecutor.java:112)
	at com.kms.katalon.core.main.TestSuiteExecutor.execute(TestSuiteExecutor.java:81)
	at com.kms.katalon.core.main.TestCaseMain.startTestSuite(TestCaseMain.java:157)
	at com.kms.katalon.core.main.TestCaseMain$startTestSuite$0.call(Unknown Source)
	at TempTestSuite1554275422234.run(TempTestSuite1554275422234.groovy:35)
Caused by: com.kms.katalon.core.exception.StepFailedException: Web element with id: 'Object Repository/Page_KiboEngage  Edit Template/button_Test webview (2)' located by 'By.xpath: //button[(text() = 'Test webview' or . = 'Test webview')]' is present after '30' second(s)
	at com.kms.katalon.core.webui.keyword.internal.WebUIKeywordMain.stepFailed(WebUIKeywordMain.groovy:64)
	at com.kms.katalon.core.webui.keyword.builtin.VerifyElementNotPresentKeyword$_verifyElementNotPresent_closure1.doCall(VerifyElementNotPresentKeyword.groovy:107)
	at com.kms.katalon.core.webui.keyword.builtin.VerifyElementNotPresentKeyword$_verifyElementNotPresent_closure1.call(VerifyElementNotPresentKeyword.groovy)
	at com.kms.katalon.core.webui.keyword.internal.WebUIKeywordMain.runKeyword(WebUIKeywordMain.groovy:20)
	... 19 more]]></system-out>
         <system-err><![CDATA[2019-04-03 12:50:44 - [TEST_CASE][FAILED] - Test Cases/Webview/TC11131: Test Cases/Webview/TC11131 FAILED.
Reason:
com.kms.katalon.core.exception.StepFailedException: Unable to verify object 'Object Repository/Page_KiboEngage  Edit Template/button_Test webview (2)' is not present
	at com.kms.katalon.core.webui.keyword.internal.WebUIKeywordMain.stepFailed(WebUIKeywordMain.groovy:64)
	at com.kms.katalon.core.webui.keyword.internal.WebUIKeywordMain.runKeyword(WebUIKeywordMain.groovy:26)
	at com.kms.katalon.core.webui.keyword.builtin.VerifyElementNotPresentKeyword.verifyElementNotPresent(VerifyElementNotPresentKeyword.groovy:118)
	at com.kms.katalon.core.webui.keyword.builtin.VerifyElementNotPresentKeyword.execute(VerifyElementNotPresentKeyword.groovy:68)
	at com.kms.katalon.core.keyword.internal.KeywordExecutor.executeKeywordForPlatform(KeywordExecutor.groovy:56)
	at com.kms.katalon.core.webui.keyword.WebUiBuiltInKeywords.verifyElementNotPresent(WebUiBuiltInKeywords.groovy:1467)
	at com.kms.katalon.core.webui.keyword.WebUiBuiltInKeywords$verifyElementNotPresent$6.call(Unknown Source)
	at TC11131.run(TC11131:80)
	at com.kms.katalon.core.main.ScriptEngine.run(ScriptEngine.java:194)
	at com.kms.katalon.core.main.ScriptEngine.runScriptAsRawText(ScriptEngine.java:119)
	at com.kms.katalon.core.main.TestCaseExecutor.runScript(TestCaseExecutor.java:331)
	at com.kms.katalon.core.main.TestCaseExecutor.doExecute(TestCaseExecutor.java:322)
	at com.kms.katalon.core.main.TestCaseExecutor.processExecutionPhase(TestCaseExecutor.java:301)
	at com.kms.katalon.core.main.TestCaseExecutor.accessMainPhase(TestCaseExecutor.java:293)
	at com.kms.katalon.core.main.TestCaseExecutor.execute(TestCaseExecutor.java:227)
	at com.kms.katalon.core.main.TestSuiteExecutor.accessTestCaseMainPhase(TestSuiteExecutor.java:129)
	at com.kms.katalon.core.main.TestSuiteExecutor.accessTestSuiteMainPhase(TestSuiteExecutor.java:112)
	at com.kms.katalon.core.main.TestSuiteExecutor.execute(TestSuiteExecutor.java:81)
	at com.kms.katalon.core.main.TestCaseMain.startTestSuite(TestCaseMain.java:157)
	at com.kms.katalon.core.main.TestCaseMain$startTestSuite$0.call(Unknown Source)
	at TempTestSuite1554275422234.run(TempTestSuite1554275422234.groovy:35)
Caused by: com.kms.katalon.core.exception.StepFailedException: Web element with id: 'Object Repository/Page_KiboEngage  Edit Template/button_Test webview (2)' located by 'By.xpath: //button[(text() = 'Test webview' or . = 'Test webview')]' is present after '30' second(s)
	at com.kms.katalon.core.webui.keyword.internal.WebUIKeywordMain.stepFailed(WebUIKeywordMain.groovy:64)
	at com.kms.katalon.core.webui.keyword.builtin.VerifyElementNotPresentKeyword$_verifyElementNotPresent_closure1.doCall(VerifyElementNotPresentKeyword.groovy:107)
	at com.kms.katalon.core.webui.keyword.builtin.VerifyElementNotPresentKeyword$_verifyElementNotPresent_closure1.call(VerifyElementNotPresentKeyword.groovy)
	at com.kms.katalon.core.webui.keyword.internal.WebUIKeywordMain.runKeyword(WebUIKeywordMain.groovy:20)
	... 19 more]]></system-err>
      </testcase>
      <testcase name="Test Cases/Webview/TC11132" classname="Test Cases/Webview/TC11132" status="FAILED">
         <failure type="FAILED" message="Test Cases/Webview/TC11132 FAILED.
Reason:
com.kms.katalon.core.exception.StepFailedException: Call Test Case 'Test Cases/Webview/TC11128' failed
	at com.kms.katalon.core.keyword.builtin.CallTestCaseKeyword$_callTestCase_closure1.doCall(CallTestCaseKeyword.groovy:63)
	at com.kms.katalon.core.keyword.builtin.CallTestCaseKeyword$_callTestCase_closure1.call(CallTestCaseKeyword.groovy)
	at com.kms.katalon.core.keyword.internal.KeywordMain.runKeyword(KeywordMain.groovy:66)
	at com.kms.katalon.core.keyword.builtin.CallTestCaseKeyword.callTestCase(CallTestCaseKeyword.groovy:81)
	at com.kms.katalon.core.keyword.builtin.CallTestCaseKeyword.execute(CallTestCaseKeyword.groovy:44)
	at com.kms.katalon.core.keyword.internal.KeywordExecutor.executeKeywordForPlatform(KeywordExecutor.groovy:56)
	at com.kms.katalon.core.keyword.BuiltinKeywords.callTestCase(BuiltinKeywords.groovy:334)
	at TC11132.run(TC11132:16)
	at com.kms.katalon.core.main.ScriptEngine.run(ScriptEngine.java:194)
	at com.kms.katalon.core.main.ScriptEngine.runScriptAsRawText(ScriptEngine.java:119)
	at com.kms.katalon.core.main.TestCaseExecutor.runScript(TestCaseExecutor.java:331)
	at com.kms.katalon.core.main.TestCaseExecutor.doExecute(TestCaseExecutor.java:322)
	at com.kms.katalon.core.main.TestCaseExecutor.processExecutionPhase(TestCaseExecutor.java:301)
	at com.kms.katalon.core.main.TestCaseExecutor.accessMainPhase(TestCaseExecutor.java:293)
	at com.kms.katalon.core.main.TestCaseExecutor.execute(TestCaseExecutor.java:227)
	at com.kms.katalon.core.main.TestSuiteExecutor.accessTestCaseMainPhase(TestSuiteExecutor.java:129)
	at com.kms.katalon.core.main.TestSuiteExecutor.accessTestSuiteMainPhase(TestSuiteExecutor.java:112)
	at com.kms.katalon.core.main.TestSuiteExecutor.execute(TestSuiteExecutor.java:81)
	at com.kms.katalon.core.main.TestCaseMain.startTestSuite(TestCaseMain.java:157)
	at com.kms.katalon.core.main.TestCaseMain$startTestSuite$0.call(Unknown Source)
	at TempTestSuite1554275422234.run(TempTestSuite1554275422234.groovy:35)
Caused by: com.kms.katalon.core.exception.StepFailedException: Unable to verify object 'Object Repository/Page_KiboEngage  Edit Template/button_Test webview (2)' is not present
	at com.kms.katalon.core.webui.keyword.internal.WebUIKeywordMain.stepFailed(WebUIKeywordMain.groovy:64)
	at com.kms.katalon.core.webui.keyword.internal.WebUIKeywordMain.runKeyword(WebUIKeywordMain.groovy:26)
	at com.kms.katalon.core.webui.keyword.builtin.VerifyElementNotPresentKeyword.verifyElementNotPresent(VerifyElementNotPresentKeyword.groovy:118)
	at com.kms.katalon.core.webui.keyword.builtin.VerifyElementNotPresentKeyword.execute(VerifyElementNotPresentKeyword.groovy:68)
	at com.kms.katalon.core.keyword.internal.KeywordExecutor.executeKeywordForPlatform(KeywordExecutor.groovy:56)
	at com.kms.katalon.core.webui.keyword.WebUiBuiltInKeywords.verifyElementNotPresent(WebUiBuiltInKeywords.groovy:1467)
	at com.kms.katalon.core.webui.keyword.WebUiBuiltInKeywords$verifyElementNotPresent$6.call(Unknown Source)
	at TC11128.run(TC11128:60)
	at com.kms.katalon.core.main.ScriptEngine.run(ScriptEngine.java:194)
	at com.kms.katalon.core.main.ScriptEngine.runScriptAsRawText(ScriptEngine.java:119)
	at com.kms.katalon.core.main.TestCaseExecutor.runScript(TestCaseExecutor.java:331)
	at com.kms.katalon.core.main.TestCaseExecutor.doExecute(TestCaseExecutor.java:322)
	at com.kms.katalon.core.main.TestCaseExecutor.processExecutionPhase(TestCaseExecutor.java:301)
	at com.kms.katalon.core.main.TestCaseExecutor.accessMainPhase(TestCaseExecutor.java:293)
	at com.kms.katalon.core.main.TestCaseExecutor.execute(TestCaseExecutor.java:227)
	at com.kms.katalon.core.main.TestCaseMain.runTestCase(TestCaseMain.java:114)
	at com.kms.katalon.core.keyword.builtin.CallTestCaseKeyword$_callTestCase_closure1.doCall(CallTestCaseKeyword.groovy:59)
	... 20 more
Caused by: com.kms.katalon.core.exception.StepFailedException: Web element with id: 'Object Repository/Page_KiboEngage  Edit Template/button_Test webview (2)' located by 'By.xpath: //button[(text() = 'Test webview' or . = 'Test webview')]' is present after '30' second(s)
	at com.kms.katalon.core.webui.keyword.internal.WebUIKeywordMain.stepFailed(WebUIKeywordMain.groovy:64)
	at com.kms.katalon.core.webui.keyword.builtin.VerifyElementNotPresentKeyword$_verifyElementNotPresent_closure1.doCall(VerifyElementNotPresentKeyword.groovy:107)
	at com.kms.katalon.core.webui.keyword.builtin.VerifyElementNotPresentKeyword$_verifyElementNotPresent_closure1.call(VerifyElementNotPresentKeyword.groovy)
	at com.kms.katalon.core.webui.keyword.internal.WebUIKeywordMain.runKeyword(WebUIKeywordMain.groovy:20)
	... 35 more
"/>
         <system-out><![CDATA[2019-04-03 12:52:12 - [TEST_CASE][FAILED] - Test Cases/Webview/TC11132: Test Cases/Webview/TC11132 FAILED.
Reason:
com.kms.katalon.core.exception.StepFailedException: Call Test Case 'Test Cases/Webview/TC11128' failed
	at com.kms.katalon.core.keyword.builtin.CallTestCaseKeyword$_callTestCase_closure1.doCall(CallTestCaseKeyword.groovy:63)
	at com.kms.katalon.core.keyword.builtin.CallTestCaseKeyword$_callTestCase_closure1.call(CallTestCaseKeyword.groovy)
	at com.kms.katalon.core.keyword.internal.KeywordMain.runKeyword(KeywordMain.groovy:66)
	at com.kms.katalon.core.keyword.builtin.CallTestCaseKeyword.callTestCase(CallTestCaseKeyword.groovy:81)
	at com.kms.katalon.core.keyword.builtin.CallTestCaseKeyword.execute(CallTestCaseKeyword.groovy:44)
	at com.kms.katalon.core.keyword.internal.KeywordExecutor.executeKeywordForPlatform(KeywordExecutor.groovy:56)
	at com.kms.katalon.core.keyword.BuiltinKeywords.callTestCase(BuiltinKeywords.groovy:334)
	at TC11132.run(TC11132:16)
	at com.kms.katalon.core.main.ScriptEngine.run(ScriptEngine.java:194)
	at com.kms.katalon.core.main.ScriptEngine.runScriptAsRawText(ScriptEngine.java:119)
	at com.kms.katalon.core.main.TestCaseExecutor.runScript(TestCaseExecutor.java:331)
	at com.kms.katalon.core.main.TestCaseExecutor.doExecute(TestCaseExecutor.java:322)
	at com.kms.katalon.core.main.TestCaseExecutor.processExecutionPhase(TestCaseExecutor.java:301)
	at com.kms.katalon.core.main.TestCaseExecutor.accessMainPhase(TestCaseExecutor.java:293)
	at com.kms.katalon.core.main.TestCaseExecutor.execute(TestCaseExecutor.java:227)
	at com.kms.katalon.core.main.TestSuiteExecutor.accessTestCaseMainPhase(TestSuiteExecutor.java:129)
	at com.kms.katalon.core.main.TestSuiteExecutor.accessTestSuiteMainPhase(TestSuiteExecutor.java:112)
	at com.kms.katalon.core.main.TestSuiteExecutor.execute(TestSuiteExecutor.java:81)
	at com.kms.katalon.core.main.TestCaseMain.startTestSuite(TestCaseMain.java:157)
	at com.kms.katalon.core.main.TestCaseMain$startTestSuite$0.call(Unknown Source)
	at TempTestSuite1554275422234.run(TempTestSuite1554275422234.groovy:35)
Caused by: com.kms.katalon.core.exception.StepFailedException: Unable to verify object 'Object Repository/Page_KiboEngage  Edit Template/button_Test webview (2)' is not present
	at com.kms.katalon.core.webui.keyword.internal.WebUIKeywordMain.stepFailed(WebUIKeywordMain.groovy:64)
	at com.kms.katalon.core.webui.keyword.internal.WebUIKeywordMain.runKeyword(WebUIKeywordMain.groovy:26)
	at com.kms.katalon.core.webui.keyword.builtin.VerifyElementNotPresentKeyword.verifyElementNotPresent(VerifyElementNotPresentKeyword.groovy:118)
	at com.kms.katalon.core.webui.keyword.builtin.VerifyElementNotPresentKeyword.execute(VerifyElementNotPresentKeyword.groovy:68)
	at com.kms.katalon.core.keyword.internal.KeywordExecutor.executeKeywordForPlatform(KeywordExecutor.groovy:56)
	at com.kms.katalon.core.webui.keyword.WebUiBuiltInKeywords.verifyElementNotPresent(WebUiBuiltInKeywords.groovy:1467)
	at com.kms.katalon.core.webui.keyword.WebUiBuiltInKeywords$verifyElementNotPresent$6.call(Unknown Source)
	at TC11128.run(TC11128:60)
	at com.kms.katalon.core.main.ScriptEngine.run(ScriptEngine.java:194)
	at com.kms.katalon.core.main.ScriptEngine.runScriptAsRawText(ScriptEngine.java:119)
	at com.kms.katalon.core.main.TestCaseExecutor.runScript(TestCaseExecutor.java:331)
	at com.kms.katalon.core.main.TestCaseExecutor.doExecute(TestCaseExecutor.java:322)
	at com.kms.katalon.core.main.TestCaseExecutor.processExecutionPhase(TestCaseExecutor.java:301)
	at com.kms.katalon.core.main.TestCaseExecutor.accessMainPhase(TestCaseExecutor.java:293)
	at com.kms.katalon.core.main.TestCaseExecutor.execute(TestCaseExecutor.java:227)
	at com.kms.katalon.core.main.TestCaseMain.runTestCase(TestCaseMain.java:114)
	at com.kms.katalon.core.keyword.builtin.CallTestCaseKeyword$_callTestCase_closure1.doCall(CallTestCaseKeyword.groovy:59)
	... 20 more
Caused by: com.kms.katalon.core.exception.StepFailedException: Web element with id: 'Object Repository/Page_KiboEngage  Edit Template/button_Test webview (2)' located by 'By.xpath: //button[(text() = 'Test webview' or . = 'Test webview')]' is present after '30' second(s)
	at com.kms.katalon.core.webui.keyword.internal.WebUIKeywordMain.stepFailed(WebUIKeywordMain.groovy:64)
	at com.kms.katalon.core.webui.keyword.builtin.VerifyElementNotPresentKeyword$_verifyElementNotPresent_closure1.doCall(VerifyElementNotPresentKeyword.groovy:107)
	at com.kms.katalon.core.webui.keyword.builtin.VerifyElementNotPresentKeyword$_verifyElementNotPresent_closure1.call(VerifyElementNotPresentKeyword.groovy)
	at com.kms.katalon.core.webui.keyword.internal.WebUIKeywordMain.runKeyword(WebUIKeywordMain.groovy:20)
	... 35 more


2019-04-03 12:52:12 - [TEST_STEP][FAILED] - callTestCase(findTestCase("Webview/TC11128"), [:], STOP_ON_FAILURE): callTestCase(findTestCase("Webview/TC11128"), [:], STOP_ON_FAILURE) FAILED.
Reason:
com.kms.katalon.core.exception.StepFailedException: Call Test Case 'Test Cases/Webview/TC11128' failed
	at com.kms.katalon.core.keyword.builtin.CallTestCaseKeyword$_callTestCase_closure1.doCall(CallTestCaseKeyword.groovy:63)
	at com.kms.katalon.core.keyword.builtin.CallTestCaseKeyword$_callTestCase_closure1.call(CallTestCaseKeyword.groovy)
	at com.kms.katalon.core.keyword.internal.KeywordMain.runKeyword(KeywordMain.groovy:66)
	at com.kms.katalon.core.keyword.builtin.CallTestCaseKeyword.callTestCase(CallTestCaseKeyword.groovy:81)
	at com.kms.katalon.core.keyword.builtin.CallTestCaseKeyword.execute(CallTestCaseKeyword.groovy:44)
	at com.kms.katalon.core.keyword.internal.KeywordExecutor.executeKeywordForPlatform(KeywordExecutor.groovy:56)
	at com.kms.katalon.core.keyword.BuiltinKeywords.callTestCase(BuiltinKeywords.groovy:334)
	at TC11132.run(TC11132:16)
	at com.kms.katalon.core.main.ScriptEngine.run(ScriptEngine.java:194)
	at com.kms.katalon.core.main.ScriptEngine.runScriptAsRawText(ScriptEngine.java:119)
	at com.kms.katalon.core.main.TestCaseExecutor.runScript(TestCaseExecutor.java:331)
	at com.kms.katalon.core.main.TestCaseExecutor.doExecute(TestCaseExecutor.java:322)
	at com.kms.katalon.core.main.TestCaseExecutor.processExecutionPhase(TestCaseExecutor.java:301)
	at com.kms.katalon.core.main.TestCaseExecutor.accessMainPhase(TestCaseExecutor.java:293)
	at com.kms.katalon.core.main.TestCaseExecutor.execute(TestCaseExecutor.java:227)
	at com.kms.katalon.core.main.TestSuiteExecutor.accessTestCaseMainPhase(TestSuiteExecutor.java:129)
	at com.kms.katalon.core.main.TestSuiteExecutor.accessTestSuiteMainPhase(TestSuiteExecutor.java:112)
	at com.kms.katalon.core.main.TestSuiteExecutor.execute(TestSuiteExecutor.java:81)
	at com.kms.katalon.core.main.TestCaseMain.startTestSuite(TestCaseMain.java:157)
	at com.kms.katalon.core.main.TestCaseMain$startTestSuite$0.call(Unknown Source)
	at TempTestSuite1554275422234.run(TempTestSuite1554275422234.groovy:35)
Caused by: com.kms.katalon.core.exception.StepFailedException: Unable to verify object 'Object Repository/Page_KiboEngage  Edit Template/button_Test webview (2)' is not present
	at com.kms.katalon.core.webui.keyword.internal.WebUIKeywordMain.stepFailed(WebUIKeywordMain.groovy:64)
	at com.kms.katalon.core.webui.keyword.internal.WebUIKeywordMain.runKeyword(WebUIKeywordMain.groovy:26)
	at com.kms.katalon.core.webui.keyword.builtin.VerifyElementNotPresentKeyword.verifyElementNotPresent(VerifyElementNotPresentKeyword.groovy:118)
	at com.kms.katalon.core.webui.keyword.builtin.VerifyElementNotPresentKeyword.execute(VerifyElementNotPresentKeyword.groovy:68)
	at com.kms.katalon.core.keyword.internal.KeywordExecutor.executeKeywordForPlatform(KeywordExecutor.groovy:56)
	at com.kms.katalon.core.webui.keyword.WebUiBuiltInKeywords.verifyElementNotPresent(WebUiBuiltInKeywords.groovy:1467)
	at com.kms.katalon.core.webui.keyword.WebUiBuiltInKeywords$verifyElementNotPresent$6.call(Unknown Source)
	at TC11128.run(TC11128:60)
	at com.kms.katalon.core.main.ScriptEngine.run(ScriptEngine.java:194)
	at com.kms.katalon.core.main.ScriptEngine.runScriptAsRawText(ScriptEngine.java:119)
	at com.kms.katalon.core.main.TestCaseExecutor.runScript(TestCaseExecutor.java:331)
	at com.kms.katalon.core.main.TestCaseExecutor.doExecute(TestCaseExecutor.java:322)
	at com.kms.katalon.core.main.TestCaseExecutor.processExecutionPhase(TestCaseExecutor.java:301)
	at com.kms.katalon.core.main.TestCaseExecutor.accessMainPhase(TestCaseExecutor.java:293)
	at com.kms.katalon.core.main.TestCaseExecutor.execute(TestCaseExecutor.java:227)
	at com.kms.katalon.core.main.TestCaseMain.runTestCase(TestCaseMain.java:114)
	at com.kms.katalon.core.keyword.builtin.CallTestCaseKeyword$_callTestCase_closure1.doCall(CallTestCaseKeyword.groovy:59)
	... 20 more
Caused by: com.kms.katalon.core.exception.StepFailedException: Web element with id: 'Object Repository/Page_KiboEngage  Edit Template/button_Test webview (2)' located by 'By.xpath: //button[(text() = 'Test webview' or . = 'Test webview')]' is present after '30' second(s)
	at com.kms.katalon.core.webui.keyword.internal.WebUIKeywordMain.stepFailed(WebUIKeywordMain.groovy:64)
	at com.kms.katalon.core.webui.keyword.builtin.VerifyElementNotPresentKeyword$_verifyElementNotPresent_closure1.doCall(VerifyElementNotPresentKeyword.groovy:107)
	at com.kms.katalon.core.webui.keyword.builtin.VerifyElementNotPresentKeyword$_verifyElementNotPresent_closure1.call(VerifyElementNotPresentKeyword.groovy)
	at com.kms.katalon.core.webui.keyword.internal.WebUIKeywordMain.runKeyword(WebUIKeywordMain.groovy:20)
	... 35 more


2019-04-03 12:52:12 - [TEST_CASE][FAILED] - Test Cases/Webview/TC11128: Test Cases/Webview/TC11128 FAILED.
Reason:
com.kms.katalon.core.exception.StepFailedException: Unable to verify object 'Object Repository/Page_KiboEngage  Edit Template/button_Test webview (2)' is not present
	at com.kms.katalon.core.webui.keyword.internal.WebUIKeywordMain.stepFailed(WebUIKeywordMain.groovy:64)
	at com.kms.katalon.core.webui.keyword.internal.WebUIKeywordMain.runKeyword(WebUIKeywordMain.groovy:26)
	at com.kms.katalon.core.webui.keyword.builtin.VerifyElementNotPresentKeyword.verifyElementNotPresent(VerifyElementNotPresentKeyword.groovy:118)
	at com.kms.katalon.core.webui.keyword.builtin.VerifyElementNotPresentKeyword.execute(VerifyElementNotPresentKeyword.groovy:68)
	at com.kms.katalon.core.keyword.internal.KeywordExecutor.executeKeywordForPlatform(KeywordExecutor.groovy:56)
	at com.kms.katalon.core.webui.keyword.WebUiBuiltInKeywords.verifyElementNotPresent(WebUiBuiltInKeywords.groovy:1467)
	at com.kms.katalon.core.webui.keyword.WebUiBuiltInKeywords$verifyElementNotPresent$6.call(Unknown Source)
	at TC11128.run(TC11128:60)
	at com.kms.katalon.core.main.ScriptEngine.run(ScriptEngine.java:194)
	at com.kms.katalon.core.main.ScriptEngine.runScriptAsRawText(ScriptEngine.java:119)
	at com.kms.katalon.core.main.TestCaseExecutor.runScript(TestCaseExecutor.java:331)
	at com.kms.katalon.core.main.TestCaseExecutor.doExecute(TestCaseExecutor.java:322)
	at com.kms.katalon.core.main.TestCaseExecutor.processExecutionPhase(TestCaseExecutor.java:301)
	at com.kms.katalon.core.main.TestCaseExecutor.accessMainPhase(TestCaseExecutor.java:293)
	at com.kms.katalon.core.main.TestCaseExecutor.execute(TestCaseExecutor.java:227)
	at com.kms.katalon.core.main.TestCaseMain.runTestCase(TestCaseMain.java:114)
	at com.kms.katalon.core.keyword.builtin.CallTestCaseKeyword$_callTestCase_closure1.doCall(CallTestCaseKeyword.groovy:59)
	at com.kms.katalon.core.keyword.builtin.CallTestCaseKeyword$_callTestCase_closure1.call(CallTestCaseKeyword.groovy)
	at com.kms.katalon.core.keyword.internal.KeywordMain.runKeyword(KeywordMain.groovy:66)
	at com.kms.katalon.core.keyword.builtin.CallTestCaseKeyword.callTestCase(CallTestCaseKeyword.groovy:81)
	at com.kms.katalon.core.keyword.builtin.CallTestCaseKeyword.execute(CallTestCaseKeyword.groovy:44)
	at com.kms.katalon.core.keyword.internal.KeywordExecutor.executeKeywordForPlatform(KeywordExecutor.groovy:56)
	at com.kms.katalon.core.keyword.BuiltinKeywords.callTestCase(BuiltinKeywords.groovy:334)
	at TC11132.run(TC11132:16)
	at com.kms.katalon.core.main.ScriptEngine.run(ScriptEngine.java:194)
	at com.kms.katalon.core.main.ScriptEngine.runScriptAsRawText(ScriptEngine.java:119)
	at com.kms.katalon.core.main.TestCaseExecutor.runScript(TestCaseExecutor.java:331)
	at com.kms.katalon.core.main.TestCaseExecutor.doExecute(TestCaseExecutor.java:322)
	at com.kms.katalon.core.main.TestCaseExecutor.processExecutionPhase(TestCaseExecutor.java:301)
	at com.kms.katalon.core.main.TestCaseExecutor.accessMainPhase(TestCaseExecutor.java:293)
	at com.kms.katalon.core.main.TestCaseExecutor.execute(TestCaseExecutor.java:227)
	at com.kms.katalon.core.main.TestSuiteExecutor.accessTestCaseMainPhase(TestSuiteExecutor.java:129)
	at com.kms.katalon.core.main.TestSuiteExecutor.accessTestSuiteMainPhase(TestSuiteExecutor.java:112)
	at com.kms.katalon.core.main.TestSuiteExecutor.execute(TestSuiteExecutor.java:81)
	at com.kms.katalon.core.main.TestCaseMain.startTestSuite(TestCaseMain.java:157)
	at com.kms.katalon.core.main.TestCaseMain$startTestSuite$0.call(Unknown Source)
	at TempTestSuite1554275422234.run(TempTestSuite1554275422234.groovy:35)
Caused by: com.kms.katalon.core.exception.StepFailedException: Web element with id: 'Object Repository/Page_KiboEngage  Edit Template/button_Test webview (2)' located by 'By.xpath: //button[(text() = 'Test webview' or . = 'Test webview')]' is present after '30' second(s)
	at com.kms.katalon.core.webui.keyword.internal.WebUIKeywordMain.stepFailed(WebUIKeywordMain.groovy:64)
	at com.kms.katalon.core.webui.keyword.builtin.VerifyElementNotPresentKeyword$_verifyElementNotPresent_closure1.doCall(VerifyElementNotPresentKeyword.groovy:107)
	at com.kms.katalon.core.webui.keyword.builtin.VerifyElementNotPresentKeyword$_verifyElementNotPresent_closure1.call(VerifyElementNotPresentKeyword.groovy)
	at com.kms.katalon.core.webui.keyword.internal.WebUIKeywordMain.runKeyword(WebUIKeywordMain.groovy:20)
	... 35 more


2019-04-03 12:52:12 - [TEST_STEP][PASSED] - callTestCase(findTestCase("Welcome Message TestCases/Open Welcome Message Edit Screen"), [:], STOP_ON_FAILURE): Call Test Case 'Test Cases/Welcome Message TestCases/Open Welcome Message Edit Screen' successfully

2019-04-03 12:52:13 - [TEST_CASE][PASSED] - Test Cases/Welcome Message TestCases/Open Welcome Message Edit Screen: Test Cases/Welcome Message TestCases/Open Welcome Message Edit Screen

2019-04-03 12:52:13 - [TEST_STEP][PASSED] - callTestCase(findTestCase("s-sidebar_navigation/individualAccount/Login_Muzamil"), [:], STOP_ON_FAILURE): Call Test Case 'Test Cases/s-sidebar_navigation/individualAccount/Login_Muzamil' successfully

2019-04-03 12:52:13 - [TEST_CASE][PASSED] - Test Cases/s-sidebar_navigation/individualAccount/Login_Muzamil: Test Cases/s-sidebar_navigation/individualAccount/Login_Muzamil

2019-04-03 12:52:13 - [TEST_STEP][PASSED] - openBrowser(""): Browser is opened with url: ''

2019-04-03 12:52:13 - [MESSAGE][WARNING] - A browser is already opened. Closing browser and opening a new one

2019-04-03 12:52:13 - [MESSAGE][INFO] - Starting 'Chrome' driver

2019-04-03 12:52:13 - [MESSAGE][PASSED] - Browser is opened with url: ''

2019-04-03 12:52:13 - [TEST_STEP][PASSED] - maximizeWindow(): Current window maximized

2019-04-03 12:52:13 - [MESSAGE][PASSED] - Current window maximized

2019-04-03 12:52:13 - [TEST_STEP][PASSED] - navigateToUrl("https://app.kibopush.com/"): Navigate to 'https://app.kibopush.com/' successfully

2019-04-03 12:52:28 - [MESSAGE][PASSED] - Navigate to 'https://app.kibopush.com/' successfully

2019-04-03 12:52:28 - [TEST_STEP][PASSED] - click(findTestObject("Page_CloudKibo/a_Login (2)")): Object: 'Object Repository/Page_CloudKibo/a_Login (2)' is clicked on

2019-04-03 12:52:29 - [MESSAGE][PASSED] - Object: 'Object Repository/Page_CloudKibo/a_Login (2)' is clicked on

2019-04-03 12:52:29 - [TEST_STEP][PASSED] - delay(2): Delayed 2 second(s)

2019-04-03 12:52:31 - [MESSAGE][PASSED] - Delayed 2 second(s)

2019-04-03 12:52:31 - [TEST_STEP][PASSED] - setText(findTestObject("Page_CloudKibo/input_Sign In_email (1)"), "muzamil.bukhari.39@gmail.com"): Text 'muzamil.bukhari.39@gmail.com' is set on object 'Object Repository/Page_CloudKibo/input_Sign In_email (1)'

2019-04-03 12:52:31 - [MESSAGE][PASSED] - Text 'muzamil.bukhari.39@gmail.com' is set on object 'Object Repository/Page_CloudKibo/input_Sign In_email (1)'

2019-04-03 12:52:31 - [TEST_STEP][PASSED] - setEncryptedText(findTestObject("Page_CloudKibo/input_Sign In_password (1)"), "ZOMPkeJIpHWb3LMKk986MQ=="): Text ****** has been set on object 'Object Repository/Page_CloudKibo/input_Sign In_password (1)'

2019-04-03 12:52:31 - [MESSAGE][PASSED] - Text ****** has been set on object 'Object Repository/Page_CloudKibo/input_Sign In_password (1)'

2019-04-03 12:52:31 - [TEST_STEP][PASSED] - delay(1): Delayed 1 second(s)

2019-04-03 12:52:32 - [MESSAGE][PASSED] - Delayed 1 second(s)

2019-04-03 12:52:32 - [TEST_STEP][PASSED] - click(findTestObject("Page_CloudKibo/button_Sign In (5)")): Object: 'Object Repository/Page_CloudKibo/button_Sign In (5)' is clicked on

2019-04-03 12:52:33 - [MESSAGE][PASSED] - Object: 'Object Repository/Page_CloudKibo/button_Sign In (5)' is clicked on

2019-04-03 12:52:33 - [TEST_STEP][PASSED] - delay(3): Delayed 3 second(s)

2019-04-03 12:52:36 - [MESSAGE][PASSED] - Delayed 3 second(s)

2019-04-03 12:52:36 - [TEST_STEP][PASSED] - click(findTestObject("Object Repository/Page_KiboEngage  Dashboard/h4_KIBOPUSH")): Object: 'Object Repository/Page_KiboEngage  Dashboard/h4_KIBOPUSH' is clicked on

2019-04-03 12:52:52 - [MESSAGE][PASSED] - Object: 'Object Repository/Page_KiboEngage  Dashboard/h4_KIBOPUSH' is clicked on

2019-04-03 12:52:52 - [MESSAGE][PASSED] - Call Test Case 'Test Cases/s-sidebar_navigation/individualAccount/Login_Muzamil' successfully

2019-04-03 12:52:52 - [TEST_STEP][PASSED] - delay(2): Delayed 2 second(s)

2019-04-03 12:52:54 - [MESSAGE][PASSED] - Delayed 2 second(s)

2019-04-03 12:52:54 - [TEST_STEP][PASSED] - click(findTestObject("Object Repository/Page_KiboEngage  Dashboard/span_Manage Pages (2)")): Object: 'Object Repository/Page_KiboEngage  Dashboard/span_Manage Pages (2)' is clicked on

2019-04-03 12:52:54 - [MESSAGE][PASSED] - Object: 'Object Repository/Page_KiboEngage  Dashboard/span_Manage Pages (2)' is clicked on

2019-04-03 12:52:54 - [TEST_STEP][PASSED] - delay(1): Delayed 1 second(s)

2019-04-03 12:52:55 - [MESSAGE][PASSED] - Delayed 1 second(s)

2019-04-03 12:52:55 - [TEST_STEP][PASSED] - click(findTestObject("Object Repository/Page_KiboEngage  Dashboard/span_Welcome Message")): Object: 'Object Repository/Page_KiboEngage  Dashboard/span_Welcome Message' is clicked on

2019-04-03 12:52:55 - [MESSAGE][PASSED] - Object: 'Object Repository/Page_KiboEngage  Dashboard/span_Welcome Message' is clicked on

2019-04-03 12:52:55 - [TEST_STEP][PASSED] - delay(1): Delayed 1 second(s)

2019-04-03 12:52:56 - [MESSAGE][PASSED] - Delayed 1 second(s)

2019-04-03 12:52:56 - [TEST_STEP][PASSED] - click(findTestObject("Object Repository/Page_KiboEngage  Welcome Message/button_Edit Message")): Object: 'Object Repository/Page_KiboEngage  Welcome Message/button_Edit Message' is clicked on

2019-04-03 12:52:56 - [MESSAGE][PASSED] - Object: 'Object Repository/Page_KiboEngage  Welcome Message/button_Edit Message' is clicked on

2019-04-03 12:52:56 - [TEST_STEP][PASSED] - delay(1): Delayed 1 second(s)

2019-04-03 12:52:57 - [MESSAGE][PASSED] - Delayed 1 second(s)

2019-04-03 12:52:57 - [TEST_STEP][PASSED] - click(findTestObject("Object Repository/Page_KiboEngage  Edit Template/h3_Welcome Message")): Object: 'Object Repository/Page_KiboEngage  Edit Template/h3_Welcome Message' is clicked on

2019-04-03 12:52:57 - [MESSAGE][PASSED] - Object: 'Object Repository/Page_KiboEngage  Edit Template/h3_Welcome Message' is clicked on

2019-04-03 12:52:57 - [MESSAGE][PASSED] - Call Test Case 'Test Cases/Welcome Message TestCases/Open Welcome Message Edit Screen' successfully

2019-04-03 12:52:57 - [TEST_STEP][PASSED] - delay(1): Delayed 1 second(s)

2019-04-03 12:52:58 - [MESSAGE][PASSED] - Delayed 1 second(s)

2019-04-03 12:52:58 - [TEST_STEP][PASSED] - click(findTestObject("Object Repository/Page_KiboEngage  Edit Template/h6_ Add Button (5)")): Object: 'Object Repository/Page_KiboEngage  Edit Template/h6_ Add Button (5)' is clicked on

2019-04-03 12:52:58 - [MESSAGE][PASSED] - Object: 'Object Repository/Page_KiboEngage  Edit Template/h6_ Add Button (5)' is clicked on

2019-04-03 12:52:58 - [TEST_STEP][PASSED] - delay(1): Delayed 1 second(s)

2019-04-03 12:52:59 - [MESSAGE][PASSED] - Delayed 1 second(s)

2019-04-03 12:52:59 - [TEST_STEP][PASSED] - setText(findTestObject("Object Repository/Page_KiboEngage  Edit Template/input_Button Title_form-control (3)"), "Test webview"): Text 'Test webview' is set on object 'Object Repository/Page_KiboEngage  Edit Template/input_Button Title_form-control (3)'

2019-04-03 12:53:00 - [MESSAGE][PASSED] - Text 'Test webview' is set on object 'Object Repository/Page_KiboEngage  Edit Template/input_Button Title_form-control (3)'

2019-04-03 12:53:00 - [TEST_STEP][PASSED] - delay(1): Delayed 1 second(s)

2019-04-03 12:53:01 - [MESSAGE][PASSED] - Delayed 1 second(s)

2019-04-03 12:53:01 - [TEST_STEP][PASSED] - click(findTestObject("Object Repository/Page_KiboEngage  Edit Template/h7_Open a webview (3)")): Object: 'Object Repository/Page_KiboEngage  Edit Template/h7_Open a webview (3)' is clicked on

2019-04-03 12:53:01 - [MESSAGE][PASSED] - Object: 'Object Repository/Page_KiboEngage  Edit Template/h7_Open a webview (3)' is clicked on

2019-04-03 12:53:01 - [TEST_STEP][PASSED] - delay(1): Delayed 1 second(s)

2019-04-03 12:53:02 - [MESSAGE][PASSED] - Delayed 1 second(s)

2019-04-03 12:53:02 - [TEST_STEP][PASSED] - setText(findTestObject("Object Repository/Page_KiboEngage  Edit Template/input_Url_form-control (2)"), "https://kiboengage.cloudkibo.com"): Text 'https://kiboengage.cloudkibo.com' is set on object 'Object Repository/Page_KiboEngage  Edit Template/input_Url_form-control (2)'

2019-04-03 12:53:02 - [MESSAGE][PASSED] - Text 'https://kiboengage.cloudkibo.com' is set on object 'Object Repository/Page_KiboEngage  Edit Template/input_Url_form-control (2)'

2019-04-03 12:53:02 - [TEST_STEP][PASSED] - click(findTestObject("Object Repository/Page_KiboEngage  Edit Template/button_Done (2)")): Object: 'Object Repository/Page_KiboEngage  Edit Template/button_Done (2)' is clicked on

2019-04-03 12:53:03 - [MESSAGE][PASSED] - Object: 'Object Repository/Page_KiboEngage  Edit Template/button_Done (2)' is clicked on

2019-04-03 12:53:03 - [TEST_STEP][PASSED] - delay(1): Delayed 1 second(s)

2019-04-03 12:53:04 - [MESSAGE][PASSED] - Delayed 1 second(s)

2019-04-03 12:53:04 - [TEST_STEP][PASSED] - verifyElementPresent(findTestObject("Object Repository/Page_KiboEngage  Edit Template/button_Test webview (2)"), 0): Object 'Object Repository/Page_KiboEngage  Edit Template/button_Test webview (2)' is present

2019-04-03 12:53:04 - [MESSAGE][WARNING] - Timeout '0' is invalid. Using default page load timeout: '30'

2019-04-03 12:53:04 - [MESSAGE][PASSED] - Object 'Object Repository/Page_KiboEngage  Edit Template/button_Test webview (2)' is present

2019-04-03 12:53:04 - [TEST_STEP][PASSED] - delay(1): Delayed 1 second(s)

2019-04-03 12:53:05 - [MESSAGE][PASSED] - Delayed 1 second(s)

2019-04-03 12:53:05 - [TEST_STEP][PASSED] - click(findTestObject("Object Repository/Page_KiboEngage  Edit Template/button_Save (2)")): Object: 'Object Repository/Page_KiboEngage  Edit Template/button_Save (2)' is clicked on

2019-04-03 12:53:05 - [MESSAGE][PASSED] - Object: 'Object Repository/Page_KiboEngage  Edit Template/button_Save (2)' is clicked on

2019-04-03 12:53:05 - [TEST_STEP][PASSED] - delay(1): Delayed 1 second(s)

2019-04-03 12:53:06 - [MESSAGE][PASSED] - Delayed 1 second(s)

2019-04-03 12:53:06 - [TEST_STEP][PASSED] - click(findTestObject("Object Repository/Page_KiboEngage  Edit Template/div_Message saved successfully (2)")): Object: 'Object Repository/Page_KiboEngage  Edit Template/div_Message saved successfully (2)' is clicked on

2019-04-03 12:53:06 - [MESSAGE][PASSED] - Object: 'Object Repository/Page_KiboEngage  Edit Template/div_Message saved successfully (2)' is clicked on

2019-04-03 12:53:06 - [TEST_STEP][PASSED] - click(findTestObject("Object Repository/Page_KiboEngage  Edit Template/button_Test webview (2)")): Object: 'Object Repository/Page_KiboEngage  Edit Template/button_Test webview (2)' is clicked on

2019-04-03 12:53:06 - [MESSAGE][PASSED] - Object: 'Object Repository/Page_KiboEngage  Edit Template/button_Test webview (2)' is clicked on

2019-04-03 12:53:06 - [TEST_STEP][PASSED] - click(findTestObject("Object Repository/Page_KiboEngage  Edit Template/button_Remove")): Object: 'Object Repository/Page_KiboEngage  Edit Template/button_Remove' is clicked on

2019-04-03 12:53:06 - [MESSAGE][PASSED] - Object: 'Object Repository/Page_KiboEngage  Edit Template/button_Remove' is clicked on

2019-04-03 12:53:06 - [TEST_STEP][PASSED] - click(findTestObject("Object Repository/Page_KiboEngage  Edit Template/button_Save (2)")): Object: 'Object Repository/Page_KiboEngage  Edit Template/button_Save (2)' is clicked on

2019-04-03 12:53:06 - [MESSAGE][PASSED] - Object: 'Object Repository/Page_KiboEngage  Edit Template/button_Save (2)' is clicked on

2019-04-03 12:53:06 - [TEST_STEP][PASSED] - delay(1): Delayed 1 second(s)

2019-04-03 12:53:07 - [MESSAGE][PASSED] - Delayed 1 second(s)

2019-04-03 12:53:07 - [TEST_STEP][PASSED] - click(findTestObject("Object Repository/Page_KiboEngage  Edit Template/div_Message saved successfully (2)")): Object: 'Object Repository/Page_KiboEngage  Edit Template/div_Message saved successfully (2)' is clicked on

2019-04-03 12:53:07 - [MESSAGE][PASSED] - Object: 'Object Repository/Page_KiboEngage  Edit Template/div_Message saved successfully (2)' is clicked on

2019-04-03 12:53:07 - [TEST_STEP][PASSED] - delay(1): Delayed 1 second(s)

2019-04-03 12:53:08 - [MESSAGE][PASSED] - Delayed 1 second(s)

2019-04-03 12:53:08 - [TEST_STEP][FAILED] - verifyElementNotPresent(findTestObject("Object Repository/Page_KiboEngage  Edit Template/button_Test webview (2)"), 0): verifyElementNotPresent(findTestObject("Object Repository/Page_KiboEngage  Edit Template/button_Test webview (2)"), 0) FAILED.
Reason:
com.kms.katalon.core.exception.StepFailedException: Unable to verify object 'Object Repository/Page_KiboEngage  Edit Template/button_Test webview (2)' is not present
	at com.kms.katalon.core.webui.keyword.internal.WebUIKeywordMain.stepFailed(WebUIKeywordMain.groovy:64)
	at com.kms.katalon.core.webui.keyword.internal.WebUIKeywordMain.runKeyword(WebUIKeywordMain.groovy:26)
	at com.kms.katalon.core.webui.keyword.builtin.VerifyElementNotPresentKeyword.verifyElementNotPresent(VerifyElementNotPresentKeyword.groovy:118)
	at com.kms.katalon.core.webui.keyword.builtin.VerifyElementNotPresentKeyword.execute(VerifyElementNotPresentKeyword.groovy:68)
	at com.kms.katalon.core.keyword.internal.KeywordExecutor.executeKeywordForPlatform(KeywordExecutor.groovy:56)
	at com.kms.katalon.core.webui.keyword.WebUiBuiltInKeywords.verifyElementNotPresent(WebUiBuiltInKeywords.groovy:1467)
	at com.kms.katalon.core.webui.keyword.WebUiBuiltInKeywords$verifyElementNotPresent$6.call(Unknown Source)
	at TC11128.run(TC11128:60)
	at com.kms.katalon.core.main.ScriptEngine.run(ScriptEngine.java:194)
	at com.kms.katalon.core.main.ScriptEngine.runScriptAsRawText(ScriptEngine.java:119)
	at com.kms.katalon.core.main.TestCaseExecutor.runScript(TestCaseExecutor.java:331)
	at com.kms.katalon.core.main.TestCaseExecutor.doExecute(TestCaseExecutor.java:322)
	at com.kms.katalon.core.main.TestCaseExecutor.processExecutionPhase(TestCaseExecutor.java:301)
	at com.kms.katalon.core.main.TestCaseExecutor.accessMainPhase(TestCaseExecutor.java:293)
	at com.kms.katalon.core.main.TestCaseExecutor.execute(TestCaseExecutor.java:227)
	at com.kms.katalon.core.main.TestCaseMain.runTestCase(TestCaseMain.java:114)
	at com.kms.katalon.core.keyword.builtin.CallTestCaseKeyword$_callTestCase_closure1.doCall(CallTestCaseKeyword.groovy:59)
	at com.kms.katalon.core.keyword.builtin.CallTestCaseKeyword$_callTestCase_closure1.call(CallTestCaseKeyword.groovy)
	at com.kms.katalon.core.keyword.internal.KeywordMain.runKeyword(KeywordMain.groovy:66)
	at com.kms.katalon.core.keyword.builtin.CallTestCaseKeyword.callTestCase(CallTestCaseKeyword.groovy:81)
	at com.kms.katalon.core.keyword.builtin.CallTestCaseKeyword.execute(CallTestCaseKeyword.groovy:44)
	at com.kms.katalon.core.keyword.internal.KeywordExecutor.executeKeywordForPlatform(KeywordExecutor.groovy:56)
	at com.kms.katalon.core.keyword.BuiltinKeywords.callTestCase(BuiltinKeywords.groovy:334)
	at TC11132.run(TC11132:16)
	at com.kms.katalon.core.main.ScriptEngine.run(ScriptEngine.java:194)
	at com.kms.katalon.core.main.ScriptEngine.runScriptAsRawText(ScriptEngine.java:119)
	at com.kms.katalon.core.main.TestCaseExecutor.runScript(TestCaseExecutor.java:331)
	at com.kms.katalon.core.main.TestCaseExecutor.doExecute(TestCaseExecutor.java:322)
	at com.kms.katalon.core.main.TestCaseExecutor.processExecutionPhase(TestCaseExecutor.java:301)
	at com.kms.katalon.core.main.TestCaseExecutor.accessMainPhase(TestCaseExecutor.java:293)
	at com.kms.katalon.core.main.TestCaseExecutor.execute(TestCaseExecutor.java:227)
	at com.kms.katalon.core.main.TestSuiteExecutor.accessTestCaseMainPhase(TestSuiteExecutor.java:129)
	at com.kms.katalon.core.main.TestSuiteExecutor.accessTestSuiteMainPhase(TestSuiteExecutor.java:112)
	at com.kms.katalon.core.main.TestSuiteExecutor.execute(TestSuiteExecutor.java:81)
	at com.kms.katalon.core.main.TestCaseMain.startTestSuite(TestCaseMain.java:157)
	at com.kms.katalon.core.main.TestCaseMain$startTestSuite$0.call(Unknown Source)
	at TempTestSuite1554275422234.run(TempTestSuite1554275422234.groovy:35)
Caused by: com.kms.katalon.core.exception.StepFailedException: Web element with id: 'Object Repository/Page_KiboEngage  Edit Template/button_Test webview (2)' located by 'By.xpath: //button[(text() = 'Test webview' or . = 'Test webview')]' is present after '30' second(s)
	at com.kms.katalon.core.webui.keyword.internal.WebUIKeywordMain.stepFailed(WebUIKeywordMain.groovy:64)
	at com.kms.katalon.core.webui.keyword.builtin.VerifyElementNotPresentKeyword$_verifyElementNotPresent_closure1.doCall(VerifyElementNotPresentKeyword.groovy:107)
	at com.kms.katalon.core.webui.keyword.builtin.VerifyElementNotPresentKeyword$_verifyElementNotPresent_closure1.call(VerifyElementNotPresentKeyword.groovy)
	at com.kms.katalon.core.webui.keyword.internal.WebUIKeywordMain.runKeyword(WebUIKeywordMain.groovy:20)
	... 35 more


2019-04-03 12:53:08 - [MESSAGE][WARNING] - Timeout '0' is invalid. Using default page load timeout: '30'

2019-04-03 12:53:38 - [MESSAGE][FAILED] - Web element with id: 'Object Repository/Page_KiboEngage  Edit Template/button_Test webview (2)' located by 'By.xpath: //button[(text() = 'Test webview' or . = 'Test webview')]' is present after '30' second(s) (Root cause: com.kms.katalon.core.exception.StepFailedException: Web element with id: 'Object Repository/Page_KiboEngage  Edit Template/button_Test webview (2)' located by 'By.xpath: //button[(text() = 'Test webview' or . = 'Test webview')]' is present after '30' second(s)
	at com.kms.katalon.core.webui.keyword.internal.WebUIKeywordMain.stepFailed(WebUIKeywordMain.groovy:64)
	at com.kms.katalon.core.webui.keyword.builtin.VerifyElementNotPresentKeyword$_verifyElementNotPresent_closure1.doCall(VerifyElementNotPresentKeyword.groovy:107)
	at com.kms.katalon.core.webui.keyword.builtin.VerifyElementNotPresentKeyword$_verifyElementNotPresent_closure1.call(VerifyElementNotPresentKeyword.groovy)
	at com.kms.katalon.core.webui.keyword.internal.WebUIKeywordMain.runKeyword(WebUIKeywordMain.groovy:20)
	at com.kms.katalon.core.webui.keyword.builtin.VerifyElementNotPresentKeyword.verifyElementNotPresent(VerifyElementNotPresentKeyword.groovy:118)
	at com.kms.katalon.core.webui.keyword.builtin.VerifyElementNotPresentKeyword.execute(VerifyElementNotPresentKeyword.groovy:68)
	at com.kms.katalon.core.keyword.internal.KeywordExecutor.executeKeywordForPlatform(KeywordExecutor.groovy:56)
	at com.kms.katalon.core.webui.keyword.WebUiBuiltInKeywords.verifyElementNotPresent(WebUiBuiltInKeywords.groovy:1467)
	at com.kms.katalon.core.webui.keyword.WebUiBuiltInKeywords$verifyElementNotPresent$6.call(Unknown Source)
	at TC11128.run(TC11128:60)
	at com.kms.katalon.core.main.ScriptEngine.run(ScriptEngine.java:194)
	at com.kms.katalon.core.main.ScriptEngine.runScriptAsRawText(ScriptEngine.java:119)
	at com.kms.katalon.core.main.TestCaseExecutor.runScript(TestCaseExecutor.java:331)
	at com.kms.katalon.core.main.TestCaseExecutor.doExecute(TestCaseExecutor.java:322)
	at com.kms.katalon.core.main.TestCaseExecutor.processExecutionPhase(TestCaseExecutor.java:301)
	at com.kms.katalon.core.main.TestCaseExecutor.accessMainPhase(TestCaseExecutor.java:293)
	at com.kms.katalon.core.main.TestCaseExecutor.execute(TestCaseExecutor.java:227)
	at com.kms.katalon.core.main.TestCaseMain.runTestCase(TestCaseMain.java:114)
	at com.kms.katalon.core.keyword.builtin.CallTestCaseKeyword$_callTestCase_closure1.doCall(CallTestCaseKeyword.groovy:59)
	at com.kms.katalon.core.keyword.builtin.CallTestCaseKeyword$_callTestCase_closure1.call(CallTestCaseKeyword.groovy)
	at com.kms.katalon.core.keyword.internal.KeywordMain.runKeyword(KeywordMain.groovy:66)
	at com.kms.katalon.core.keyword.builtin.CallTestCaseKeyword.callTestCase(CallTestCaseKeyword.groovy:81)
	at com.kms.katalon.core.keyword.builtin.CallTestCaseKeyword.execute(CallTestCaseKeyword.groovy:44)
	at com.kms.katalon.core.keyword.internal.KeywordExecutor.executeKeywordForPlatform(KeywordExecutor.groovy:56)
	at com.kms.katalon.core.keyword.BuiltinKeywords.callTestCase(BuiltinKeywords.groovy:334)
	at TC11132.run(TC11132:16)
	at com.kms.katalon.core.main.ScriptEngine.run(ScriptEngine.java:194)
	at com.kms.katalon.core.main.ScriptEngine.runScriptAsRawText(ScriptEngine.java:119)
	at com.kms.katalon.core.main.TestCaseExecutor.runScript(TestCaseExecutor.java:331)
	at com.kms.katalon.core.main.TestCaseExecutor.doExecute(TestCaseExecutor.java:322)
	at com.kms.katalon.core.main.TestCaseExecutor.processExecutionPhase(TestCaseExecutor.java:301)
	at com.kms.katalon.core.main.TestCaseExecutor.accessMainPhase(TestCaseExecutor.java:293)
	at com.kms.katalon.core.main.TestCaseExecutor.execute(TestCaseExecutor.java:227)
	at com.kms.katalon.core.main.TestSuiteExecutor.accessTestCaseMainPhase(TestSuiteExecutor.java:129)
	at com.kms.katalon.core.main.TestSuiteExecutor.accessTestSuiteMainPhase(TestSuiteExecutor.java:112)
	at com.kms.katalon.core.main.TestSuiteExecutor.execute(TestSuiteExecutor.java:81)
	at com.kms.katalon.core.main.TestCaseMain.startTestSuite(TestCaseMain.java:157)
	at com.kms.katalon.core.main.TestCaseMain$startTestSuite$0.call(Unknown Source)
	at TempTestSuite1554275422234.run(TempTestSuite1554275422234.groovy:35)
)
[[ATTACHMENT|/home/cloudkibo-muzamil/Downloads/Test cases/production/KiboPush/Reports/Webview/20190403_121022/1554278018668.png]]

2019-04-03 12:53:38 - [MESSAGE][FAILED] - Unable to verify object 'Object Repository/Page_KiboEngage  Edit Template/button_Test webview (2)' is not present (Root cause: com.kms.katalon.core.exception.StepFailedException: Unable to verify object 'Object Repository/Page_KiboEngage  Edit Template/button_Test webview (2)' is not present
	at com.kms.katalon.core.webui.keyword.internal.WebUIKeywordMain.stepFailed(WebUIKeywordMain.groovy:64)
	at com.kms.katalon.core.webui.keyword.internal.WebUIKeywordMain.runKeyword(WebUIKeywordMain.groovy:26)
	at com.kms.katalon.core.webui.keyword.builtin.VerifyElementNotPresentKeyword.verifyElementNotPresent(VerifyElementNotPresentKeyword.groovy:118)
	at com.kms.katalon.core.webui.keyword.builtin.VerifyElementNotPresentKeyword.execute(VerifyElementNotPresentKeyword.groovy:68)
	at com.kms.katalon.core.keyword.internal.KeywordExecutor.executeKeywordForPlatform(KeywordExecutor.groovy:56)
	at com.kms.katalon.core.webui.keyword.WebUiBuiltInKeywords.verifyElementNotPresent(WebUiBuiltInKeywords.groovy:1467)
	at com.kms.katalon.core.webui.keyword.WebUiBuiltInKeywords$verifyElementNotPresent$6.call(Unknown Source)
	at TC11128.run(TC11128:60)
	at com.kms.katalon.core.main.ScriptEngine.run(ScriptEngine.java:194)
	at com.kms.katalon.core.main.ScriptEngine.runScriptAsRawText(ScriptEngine.java:119)
	at com.kms.katalon.core.main.TestCaseExecutor.runScript(TestCaseExecutor.java:331)
	at com.kms.katalon.core.main.TestCaseExecutor.doExecute(TestCaseExecutor.java:322)
	at com.kms.katalon.core.main.TestCaseExecutor.processExecutionPhase(TestCaseExecutor.java:301)
	at com.kms.katalon.core.main.TestCaseExecutor.accessMainPhase(TestCaseExecutor.java:293)
	at com.kms.katalon.core.main.TestCaseExecutor.execute(TestCaseExecutor.java:227)
	at com.kms.katalon.core.main.TestCaseMain.runTestCase(TestCaseMain.java:114)
	at com.kms.katalon.core.keyword.builtin.CallTestCaseKeyword$_callTestCase_closure1.doCall(CallTestCaseKeyword.groovy:59)
	at com.kms.katalon.core.keyword.builtin.CallTestCaseKeyword$_callTestCase_closure1.call(CallTestCaseKeyword.groovy)
	at com.kms.katalon.core.keyword.internal.KeywordMain.runKeyword(KeywordMain.groovy:66)
	at com.kms.katalon.core.keyword.builtin.CallTestCaseKeyword.callTestCase(CallTestCaseKeyword.groovy:81)
	at com.kms.katalon.core.keyword.builtin.CallTestCaseKeyword.execute(CallTestCaseKeyword.groovy:44)
	at com.kms.katalon.core.keyword.internal.KeywordExecutor.executeKeywordForPlatform(KeywordExecutor.groovy:56)
	at com.kms.katalon.core.keyword.BuiltinKeywords.callTestCase(BuiltinKeywords.groovy:334)
	at TC11132.run(TC11132:16)
	at com.kms.katalon.core.main.ScriptEngine.run(ScriptEngine.java:194)
	at com.kms.katalon.core.main.ScriptEngine.runScriptAsRawText(ScriptEngine.java:119)
	at com.kms.katalon.core.main.TestCaseExecutor.runScript(TestCaseExecutor.java:331)
	at com.kms.katalon.core.main.TestCaseExecutor.doExecute(TestCaseExecutor.java:322)
	at com.kms.katalon.core.main.TestCaseExecutor.processExecutionPhase(TestCaseExecutor.java:301)
	at com.kms.katalon.core.main.TestCaseExecutor.accessMainPhase(TestCaseExecutor.java:293)
	at com.kms.katalon.core.main.TestCaseExecutor.execute(TestCaseExecutor.java:227)
	at com.kms.katalon.core.main.TestSuiteExecutor.accessTestCaseMainPhase(TestSuiteExecutor.java:129)
	at com.kms.katalon.core.main.TestSuiteExecutor.accessTestSuiteMainPhase(TestSuiteExecutor.java:112)
	at com.kms.katalon.core.main.TestSuiteExecutor.execute(TestSuiteExecutor.java:81)
	at com.kms.katalon.core.main.TestCaseMain.startTestSuite(TestCaseMain.java:157)
	at com.kms.katalon.core.main.TestCaseMain$startTestSuite$0.call(Unknown Source)
	at TempTestSuite1554275422234.run(TempTestSuite1554275422234.groovy:35)
Caused by: com.kms.katalon.core.exception.StepFailedException: Web element with id: 'Object Repository/Page_KiboEngage  Edit Template/button_Test webview (2)' located by 'By.xpath: //button[(text() = 'Test webview' or . = 'Test webview')]' is present after '30' second(s)
	at com.kms.katalon.core.webui.keyword.internal.WebUIKeywordMain.stepFailed(WebUIKeywordMain.groovy:64)
	at com.kms.katalon.core.webui.keyword.builtin.VerifyElementNotPresentKeyword$_verifyElementNotPresent_closure1.doCall(VerifyElementNotPresentKeyword.groovy:107)
	at com.kms.katalon.core.webui.keyword.builtin.VerifyElementNotPresentKeyword$_verifyElementNotPresent_closure1.call(VerifyElementNotPresentKeyword.groovy)
	at com.kms.katalon.core.webui.keyword.internal.WebUIKeywordMain.runKeyword(WebUIKeywordMain.groovy:20)
	... 35 more
)
[[ATTACHMENT|/home/cloudkibo-muzamil/Downloads/Test cases/production/KiboPush/Reports/Webview/20190403_121022/1554278018810.png]]

2019-04-03 12:53:38 - [MESSAGE][FAILED] - verifyElementNotPresent(findTestObject("Object Repository/Page_KiboEngage  Edit Template/button_Test webview (2)"), 0) FAILED.
Reason:
com.kms.katalon.core.exception.StepFailedException: Unable to verify object 'Object Repository/Page_KiboEngage  Edit Template/button_Test webview (2)' is not present
	at com.kms.katalon.core.webui.keyword.internal.WebUIKeywordMain.stepFailed(WebUIKeywordMain.groovy:64)
	at com.kms.katalon.core.webui.keyword.internal.WebUIKeywordMain.runKeyword(WebUIKeywordMain.groovy:26)
	at com.kms.katalon.core.webui.keyword.builtin.VerifyElementNotPresentKeyword.verifyElementNotPresent(VerifyElementNotPresentKeyword.groovy:118)
	at com.kms.katalon.core.webui.keyword.builtin.VerifyElementNotPresentKeyword.execute(VerifyElementNotPresentKeyword.groovy:68)
	at com.kms.katalon.core.keyword.internal.KeywordExecutor.executeKeywordForPlatform(KeywordExecutor.groovy:56)
	at com.kms.katalon.core.webui.keyword.WebUiBuiltInKeywords.verifyElementNotPresent(WebUiBuiltInKeywords.groovy:1467)
	at com.kms.katalon.core.webui.keyword.WebUiBuiltInKeywords$verifyElementNotPresent$6.call(Unknown Source)
	at TC11128.run(TC11128:60)
	at com.kms.katalon.core.main.ScriptEngine.run(ScriptEngine.java:194)
	at com.kms.katalon.core.main.ScriptEngine.runScriptAsRawText(ScriptEngine.java:119)
	at com.kms.katalon.core.main.TestCaseExecutor.runScript(TestCaseExecutor.java:331)
	at com.kms.katalon.core.main.TestCaseExecutor.doExecute(TestCaseExecutor.java:322)
	at com.kms.katalon.core.main.TestCaseExecutor.processExecutionPhase(TestCaseExecutor.java:301)
	at com.kms.katalon.core.main.TestCaseExecutor.accessMainPhase(TestCaseExecutor.java:293)
	at com.kms.katalon.core.main.TestCaseExecutor.execute(TestCaseExecutor.java:227)
	at com.kms.katalon.core.main.TestCaseMain.runTestCase(TestCaseMain.java:114)
	at com.kms.katalon.core.keyword.builtin.CallTestCaseKeyword$_callTestCase_closure1.doCall(CallTestCaseKeyword.groovy:59)
	at com.kms.katalon.core.keyword.builtin.CallTestCaseKeyword$_callTestCase_closure1.call(CallTestCaseKeyword.groovy)
	at com.kms.katalon.core.keyword.internal.KeywordMain.runKeyword(KeywordMain.groovy:66)
	at com.kms.katalon.core.keyword.builtin.CallTestCaseKeyword.callTestCase(CallTestCaseKeyword.groovy:81)
	at com.kms.katalon.core.keyword.builtin.CallTestCaseKeyword.execute(CallTestCaseKeyword.groovy:44)
	at com.kms.katalon.core.keyword.internal.KeywordExecutor.executeKeywordForPlatform(KeywordExecutor.groovy:56)
	at com.kms.katalon.core.keyword.BuiltinKeywords.callTestCase(BuiltinKeywords.groovy:334)
	at TC11132.run(TC11132:16)
	at com.kms.katalon.core.main.ScriptEngine.run(ScriptEngine.java:194)
	at com.kms.katalon.core.main.ScriptEngine.runScriptAsRawText(ScriptEngine.java:119)
	at com.kms.katalon.core.main.TestCaseExecutor.runScript(TestCaseExecutor.java:331)
	at com.kms.katalon.core.main.TestCaseExecutor.doExecute(TestCaseExecutor.java:322)
	at com.kms.katalon.core.main.TestCaseExecutor.processExecutionPhase(TestCaseExecutor.java:301)
	at com.kms.katalon.core.main.TestCaseExecutor.accessMainPhase(TestCaseExecutor.java:293)
	at com.kms.katalon.core.main.TestCaseExecutor.execute(TestCaseExecutor.java:227)
	at com.kms.katalon.core.main.TestSuiteExecutor.accessTestCaseMainPhase(TestSuiteExecutor.java:129)
	at com.kms.katalon.core.main.TestSuiteExecutor.accessTestSuiteMainPhase(TestSuiteExecutor.java:112)
	at com.kms.katalon.core.main.TestSuiteExecutor.execute(TestSuiteExecutor.java:81)
	at com.kms.katalon.core.main.TestCaseMain.startTestSuite(TestCaseMain.java:157)
	at com.kms.katalon.core.main.TestCaseMain$startTestSuite$0.call(Unknown Source)
	at TempTestSuite1554275422234.run(TempTestSuite1554275422234.groovy:35)
Caused by: com.kms.katalon.core.exception.StepFailedException: Web element with id: 'Object Repository/Page_KiboEngage  Edit Template/button_Test webview (2)' located by 'By.xpath: //button[(text() = 'Test webview' or . = 'Test webview')]' is present after '30' second(s)
	at com.kms.katalon.core.webui.keyword.internal.WebUIKeywordMain.stepFailed(WebUIKeywordMain.groovy:64)
	at com.kms.katalon.core.webui.keyword.builtin.VerifyElementNotPresentKeyword$_verifyElementNotPresent_closure1.doCall(VerifyElementNotPresentKeyword.groovy:107)
	at com.kms.katalon.core.webui.keyword.builtin.VerifyElementNotPresentKeyword$_verifyElementNotPresent_closure1.call(VerifyElementNotPresentKeyword.groovy)
	at com.kms.katalon.core.webui.keyword.internal.WebUIKeywordMain.runKeyword(WebUIKeywordMain.groovy:20)
	... 35 more


2019-04-03 12:53:38 - [MESSAGE][FAILED] - Unable to call Test Case 'Test Cases/Webview/TC11128' (Root cause: com.kms.katalon.core.exception.StepFailedException: Call Test Case 'Test Cases/Webview/TC11128' failed
	at com.kms.katalon.core.keyword.builtin.CallTestCaseKeyword$_callTestCase_closure1.doCall(CallTestCaseKeyword.groovy:63)
	at com.kms.katalon.core.keyword.builtin.CallTestCaseKeyword$_callTestCase_closure1.call(CallTestCaseKeyword.groovy)
	at com.kms.katalon.core.keyword.internal.KeywordMain.runKeyword(KeywordMain.groovy:66)
	at com.kms.katalon.core.keyword.builtin.CallTestCaseKeyword.callTestCase(CallTestCaseKeyword.groovy:81)
	at com.kms.katalon.core.keyword.builtin.CallTestCaseKeyword.execute(CallTestCaseKeyword.groovy:44)
	at com.kms.katalon.core.keyword.internal.KeywordExecutor.executeKeywordForPlatform(KeywordExecutor.groovy:56)
	at com.kms.katalon.core.keyword.BuiltinKeywords.callTestCase(BuiltinKeywords.groovy:334)
	at TC11132.run(TC11132:16)
	at com.kms.katalon.core.main.ScriptEngine.run(ScriptEngine.java:194)
	at com.kms.katalon.core.main.ScriptEngine.runScriptAsRawText(ScriptEngine.java:119)
	at com.kms.katalon.core.main.TestCaseExecutor.runScript(TestCaseExecutor.java:331)
	at com.kms.katalon.core.main.TestCaseExecutor.doExecute(TestCaseExecutor.java:322)
	at com.kms.katalon.core.main.TestCaseExecutor.processExecutionPhase(TestCaseExecutor.java:301)
	at com.kms.katalon.core.main.TestCaseExecutor.accessMainPhase(TestCaseExecutor.java:293)
	at com.kms.katalon.core.main.TestCaseExecutor.execute(TestCaseExecutor.java:227)
	at com.kms.katalon.core.main.TestSuiteExecutor.accessTestCaseMainPhase(TestSuiteExecutor.java:129)
	at com.kms.katalon.core.main.TestSuiteExecutor.accessTestSuiteMainPhase(TestSuiteExecutor.java:112)
	at com.kms.katalon.core.main.TestSuiteExecutor.execute(TestSuiteExecutor.java:81)
	at com.kms.katalon.core.main.TestCaseMain.startTestSuite(TestCaseMain.java:157)
	at com.kms.katalon.core.main.TestCaseMain$startTestSuite$0.call(Unknown Source)
	at TempTestSuite1554275422234.run(TempTestSuite1554275422234.groovy:35)
Caused by: com.kms.katalon.core.exception.StepFailedException: Unable to verify object 'Object Repository/Page_KiboEngage  Edit Template/button_Test webview (2)' is not present
	at com.kms.katalon.core.webui.keyword.internal.WebUIKeywordMain.stepFailed(WebUIKeywordMain.groovy:64)
	at com.kms.katalon.core.webui.keyword.internal.WebUIKeywordMain.runKeyword(WebUIKeywordMain.groovy:26)
	at com.kms.katalon.core.webui.keyword.builtin.VerifyElementNotPresentKeyword.verifyElementNotPresent(VerifyElementNotPresentKeyword.groovy:118)
	at com.kms.katalon.core.webui.keyword.builtin.VerifyElementNotPresentKeyword.execute(VerifyElementNotPresentKeyword.groovy:68)
	at com.kms.katalon.core.keyword.internal.KeywordExecutor.executeKeywordForPlatform(KeywordExecutor.groovy:56)
	at com.kms.katalon.core.webui.keyword.WebUiBuiltInKeywords.verifyElementNotPresent(WebUiBuiltInKeywords.groovy:1467)
	at com.kms.katalon.core.webui.keyword.WebUiBuiltInKeywords$verifyElementNotPresent$6.call(Unknown Source)
	at TC11128.run(TC11128:60)
	at com.kms.katalon.core.main.ScriptEngine.run(ScriptEngine.java:194)
	at com.kms.katalon.core.main.ScriptEngine.runScriptAsRawText(ScriptEngine.java:119)
	at com.kms.katalon.core.main.TestCaseExecutor.runScript(TestCaseExecutor.java:331)
	at com.kms.katalon.core.main.TestCaseExecutor.doExecute(TestCaseExecutor.java:322)
	at com.kms.katalon.core.main.TestCaseExecutor.processExecutionPhase(TestCaseExecutor.java:301)
	at com.kms.katalon.core.main.TestCaseExecutor.accessMainPhase(TestCaseExecutor.java:293)
	at com.kms.katalon.core.main.TestCaseExecutor.execute(TestCaseExecutor.java:227)
	at com.kms.katalon.core.main.TestCaseMain.runTestCase(TestCaseMain.java:114)
	at com.kms.katalon.core.keyword.builtin.CallTestCaseKeyword$_callTestCase_closure1.doCall(CallTestCaseKeyword.groovy:59)
	... 20 more
Caused by: com.kms.katalon.core.exception.StepFailedException: Web element with id: 'Object Repository/Page_KiboEngage  Edit Template/button_Test webview (2)' located by 'By.xpath: //button[(text() = 'Test webview' or . = 'Test webview')]' is present after '30' second(s)
	at com.kms.katalon.core.webui.keyword.internal.WebUIKeywordMain.stepFailed(WebUIKeywordMain.groovy:64)
	at com.kms.katalon.core.webui.keyword.builtin.VerifyElementNotPresentKeyword$_verifyElementNotPresent_closure1.doCall(VerifyElementNotPresentKeyword.groovy:107)
	at com.kms.katalon.core.webui.keyword.builtin.VerifyElementNotPresentKeyword$_verifyElementNotPresent_closure1.call(VerifyElementNotPresentKeyword.groovy)
	at com.kms.katalon.core.webui.keyword.internal.WebUIKeywordMain.runKeyword(WebUIKeywordMain.groovy:20)
	... 35 more
)

2019-04-03 12:53:38 - [MESSAGE][FAILED] - callTestCase(findTestCase("Webview/TC11128"), [:], STOP_ON_FAILURE) FAILED.
Reason:
com.kms.katalon.core.exception.StepFailedException: Call Test Case 'Test Cases/Webview/TC11128' failed
	at com.kms.katalon.core.keyword.builtin.CallTestCaseKeyword$_callTestCase_closure1.doCall(CallTestCaseKeyword.groovy:63)
	at com.kms.katalon.core.keyword.builtin.CallTestCaseKeyword$_callTestCase_closure1.call(CallTestCaseKeyword.groovy)
	at com.kms.katalon.core.keyword.internal.KeywordMain.runKeyword(KeywordMain.groovy:66)
	at com.kms.katalon.core.keyword.builtin.CallTestCaseKeyword.callTestCase(CallTestCaseKeyword.groovy:81)
	at com.kms.katalon.core.keyword.builtin.CallTestCaseKeyword.execute(CallTestCaseKeyword.groovy:44)
	at com.kms.katalon.core.keyword.internal.KeywordExecutor.executeKeywordForPlatform(KeywordExecutor.groovy:56)
	at com.kms.katalon.core.keyword.BuiltinKeywords.callTestCase(BuiltinKeywords.groovy:334)
	at TC11132.run(TC11132:16)
	at com.kms.katalon.core.main.ScriptEngine.run(ScriptEngine.java:194)
	at com.kms.katalon.core.main.ScriptEngine.runScriptAsRawText(ScriptEngine.java:119)
	at com.kms.katalon.core.main.TestCaseExecutor.runScript(TestCaseExecutor.java:331)
	at com.kms.katalon.core.main.TestCaseExecutor.doExecute(TestCaseExecutor.java:322)
	at com.kms.katalon.core.main.TestCaseExecutor.processExecutionPhase(TestCaseExecutor.java:301)
	at com.kms.katalon.core.main.TestCaseExecutor.accessMainPhase(TestCaseExecutor.java:293)
	at com.kms.katalon.core.main.TestCaseExecutor.execute(TestCaseExecutor.java:227)
	at com.kms.katalon.core.main.TestSuiteExecutor.accessTestCaseMainPhase(TestSuiteExecutor.java:129)
	at com.kms.katalon.core.main.TestSuiteExecutor.accessTestSuiteMainPhase(TestSuiteExecutor.java:112)
	at com.kms.katalon.core.main.TestSuiteExecutor.execute(TestSuiteExecutor.java:81)
	at com.kms.katalon.core.main.TestCaseMain.startTestSuite(TestCaseMain.java:157)
	at com.kms.katalon.core.main.TestCaseMain$startTestSuite$0.call(Unknown Source)
	at TempTestSuite1554275422234.run(TempTestSuite1554275422234.groovy:35)
Caused by: com.kms.katalon.core.exception.StepFailedException: Unable to verify object 'Object Repository/Page_KiboEngage  Edit Template/button_Test webview (2)' is not present
	at com.kms.katalon.core.webui.keyword.internal.WebUIKeywordMain.stepFailed(WebUIKeywordMain.groovy:64)
	at com.kms.katalon.core.webui.keyword.internal.WebUIKeywordMain.runKeyword(WebUIKeywordMain.groovy:26)
	at com.kms.katalon.core.webui.keyword.builtin.VerifyElementNotPresentKeyword.verifyElementNotPresent(VerifyElementNotPresentKeyword.groovy:118)
	at com.kms.katalon.core.webui.keyword.builtin.VerifyElementNotPresentKeyword.execute(VerifyElementNotPresentKeyword.groovy:68)
	at com.kms.katalon.core.keyword.internal.KeywordExecutor.executeKeywordForPlatform(KeywordExecutor.groovy:56)
	at com.kms.katalon.core.webui.keyword.WebUiBuiltInKeywords.verifyElementNotPresent(WebUiBuiltInKeywords.groovy:1467)
	at com.kms.katalon.core.webui.keyword.WebUiBuiltInKeywords$verifyElementNotPresent$6.call(Unknown Source)
	at TC11128.run(TC11128:60)
	at com.kms.katalon.core.main.ScriptEngine.run(ScriptEngine.java:194)
	at com.kms.katalon.core.main.ScriptEngine.runScriptAsRawText(ScriptEngine.java:119)
	at com.kms.katalon.core.main.TestCaseExecutor.runScript(TestCaseExecutor.java:331)
	at com.kms.katalon.core.main.TestCaseExecutor.doExecute(TestCaseExecutor.java:322)
	at com.kms.katalon.core.main.TestCaseExecutor.processExecutionPhase(TestCaseExecutor.java:301)
	at com.kms.katalon.core.main.TestCaseExecutor.accessMainPhase(TestCaseExecutor.java:293)
	at com.kms.katalon.core.main.TestCaseExecutor.execute(TestCaseExecutor.java:227)
	at com.kms.katalon.core.main.TestCaseMain.runTestCase(TestCaseMain.java:114)
	at com.kms.katalon.core.keyword.builtin.CallTestCaseKeyword$_callTestCase_closure1.doCall(CallTestCaseKeyword.groovy:59)
	... 20 more
Caused by: com.kms.katalon.core.exception.StepFailedException: Web element with id: 'Object Repository/Page_KiboEngage  Edit Template/button_Test webview (2)' located by 'By.xpath: //button[(text() = 'Test webview' or . = 'Test webview')]' is present after '30' second(s)
	at com.kms.katalon.core.webui.keyword.internal.WebUIKeywordMain.stepFailed(WebUIKeywordMain.groovy:64)
	at com.kms.katalon.core.webui.keyword.builtin.VerifyElementNotPresentKeyword$_verifyElementNotPresent_closure1.doCall(VerifyElementNotPresentKeyword.groovy:107)
	at com.kms.katalon.core.webui.keyword.builtin.VerifyElementNotPresentKeyword$_verifyElementNotPresent_closure1.call(VerifyElementNotPresentKeyword.groovy)
	at com.kms.katalon.core.webui.keyword.internal.WebUIKeywordMain.runKeyword(WebUIKeywordMain.groovy:20)
	... 35 more]]></system-out>
         <system-err><![CDATA[2019-04-03 12:52:12 - [TEST_CASE][FAILED] - Test Cases/Webview/TC11132: Test Cases/Webview/TC11132 FAILED.
Reason:
com.kms.katalon.core.exception.StepFailedException: Call Test Case 'Test Cases/Webview/TC11128' failed
	at com.kms.katalon.core.keyword.builtin.CallTestCaseKeyword$_callTestCase_closure1.doCall(CallTestCaseKeyword.groovy:63)
	at com.kms.katalon.core.keyword.builtin.CallTestCaseKeyword$_callTestCase_closure1.call(CallTestCaseKeyword.groovy)
	at com.kms.katalon.core.keyword.internal.KeywordMain.runKeyword(KeywordMain.groovy:66)
	at com.kms.katalon.core.keyword.builtin.CallTestCaseKeyword.callTestCase(CallTestCaseKeyword.groovy:81)
	at com.kms.katalon.core.keyword.builtin.CallTestCaseKeyword.execute(CallTestCaseKeyword.groovy:44)
	at com.kms.katalon.core.keyword.internal.KeywordExecutor.executeKeywordForPlatform(KeywordExecutor.groovy:56)
	at com.kms.katalon.core.keyword.BuiltinKeywords.callTestCase(BuiltinKeywords.groovy:334)
	at TC11132.run(TC11132:16)
	at com.kms.katalon.core.main.ScriptEngine.run(ScriptEngine.java:194)
	at com.kms.katalon.core.main.ScriptEngine.runScriptAsRawText(ScriptEngine.java:119)
	at com.kms.katalon.core.main.TestCaseExecutor.runScript(TestCaseExecutor.java:331)
	at com.kms.katalon.core.main.TestCaseExecutor.doExecute(TestCaseExecutor.java:322)
	at com.kms.katalon.core.main.TestCaseExecutor.processExecutionPhase(TestCaseExecutor.java:301)
	at com.kms.katalon.core.main.TestCaseExecutor.accessMainPhase(TestCaseExecutor.java:293)
	at com.kms.katalon.core.main.TestCaseExecutor.execute(TestCaseExecutor.java:227)
	at com.kms.katalon.core.main.TestSuiteExecutor.accessTestCaseMainPhase(TestSuiteExecutor.java:129)
	at com.kms.katalon.core.main.TestSuiteExecutor.accessTestSuiteMainPhase(TestSuiteExecutor.java:112)
	at com.kms.katalon.core.main.TestSuiteExecutor.execute(TestSuiteExecutor.java:81)
	at com.kms.katalon.core.main.TestCaseMain.startTestSuite(TestCaseMain.java:157)
	at com.kms.katalon.core.main.TestCaseMain$startTestSuite$0.call(Unknown Source)
	at TempTestSuite1554275422234.run(TempTestSuite1554275422234.groovy:35)
Caused by: com.kms.katalon.core.exception.StepFailedException: Unable to verify object 'Object Repository/Page_KiboEngage  Edit Template/button_Test webview (2)' is not present
	at com.kms.katalon.core.webui.keyword.internal.WebUIKeywordMain.stepFailed(WebUIKeywordMain.groovy:64)
	at com.kms.katalon.core.webui.keyword.internal.WebUIKeywordMain.runKeyword(WebUIKeywordMain.groovy:26)
	at com.kms.katalon.core.webui.keyword.builtin.VerifyElementNotPresentKeyword.verifyElementNotPresent(VerifyElementNotPresentKeyword.groovy:118)
	at com.kms.katalon.core.webui.keyword.builtin.VerifyElementNotPresentKeyword.execute(VerifyElementNotPresentKeyword.groovy:68)
	at com.kms.katalon.core.keyword.internal.KeywordExecutor.executeKeywordForPlatform(KeywordExecutor.groovy:56)
	at com.kms.katalon.core.webui.keyword.WebUiBuiltInKeywords.verifyElementNotPresent(WebUiBuiltInKeywords.groovy:1467)
	at com.kms.katalon.core.webui.keyword.WebUiBuiltInKeywords$verifyElementNotPresent$6.call(Unknown Source)
	at TC11128.run(TC11128:60)
	at com.kms.katalon.core.main.ScriptEngine.run(ScriptEngine.java:194)
	at com.kms.katalon.core.main.ScriptEngine.runScriptAsRawText(ScriptEngine.java:119)
	at com.kms.katalon.core.main.TestCaseExecutor.runScript(TestCaseExecutor.java:331)
	at com.kms.katalon.core.main.TestCaseExecutor.doExecute(TestCaseExecutor.java:322)
	at com.kms.katalon.core.main.TestCaseExecutor.processExecutionPhase(TestCaseExecutor.java:301)
	at com.kms.katalon.core.main.TestCaseExecutor.accessMainPhase(TestCaseExecutor.java:293)
	at com.kms.katalon.core.main.TestCaseExecutor.execute(TestCaseExecutor.java:227)
	at com.kms.katalon.core.main.TestCaseMain.runTestCase(TestCaseMain.java:114)
	at com.kms.katalon.core.keyword.builtin.CallTestCaseKeyword$_callTestCase_closure1.doCall(CallTestCaseKeyword.groovy:59)
	... 20 more
Caused by: com.kms.katalon.core.exception.StepFailedException: Web element with id: 'Object Repository/Page_KiboEngage  Edit Template/button_Test webview (2)' located by 'By.xpath: //button[(text() = 'Test webview' or . = 'Test webview')]' is present after '30' second(s)
	at com.kms.katalon.core.webui.keyword.internal.WebUIKeywordMain.stepFailed(WebUIKeywordMain.groovy:64)
	at com.kms.katalon.core.webui.keyword.builtin.VerifyElementNotPresentKeyword$_verifyElementNotPresent_closure1.doCall(VerifyElementNotPresentKeyword.groovy:107)
	at com.kms.katalon.core.webui.keyword.builtin.VerifyElementNotPresentKeyword$_verifyElementNotPresent_closure1.call(VerifyElementNotPresentKeyword.groovy)
	at com.kms.katalon.core.webui.keyword.internal.WebUIKeywordMain.runKeyword(WebUIKeywordMain.groovy:20)
	... 35 more]]></system-err>
      </testcase>
      <testcase name="Test Cases/Webview/TC11133" classname="Test Cases/Webview/TC11133" status="PASSED">
         <system-out><![CDATA[2019-04-03 12:53:38 - [TEST_CASE][PASSED] - Test Cases/Webview/TC11133: Test Cases/Webview/TC11133

2019-04-03 12:53:39 - [TEST_STEP][PASSED] - callTestCase(findTestCase("Welcome Message TestCases/Open Welcome Message Edit Screen"), [:], STOP_ON_FAILURE): Call Test Case 'Test Cases/Welcome Message TestCases/Open Welcome Message Edit Screen' successfully

2019-04-03 12:53:39 - [TEST_CASE][PASSED] - Test Cases/Welcome Message TestCases/Open Welcome Message Edit Screen: Test Cases/Welcome Message TestCases/Open Welcome Message Edit Screen

2019-04-03 12:53:39 - [TEST_STEP][PASSED] - callTestCase(findTestCase("s-sidebar_navigation/individualAccount/Login_Muzamil"), [:], STOP_ON_FAILURE): Call Test Case 'Test Cases/s-sidebar_navigation/individualAccount/Login_Muzamil' successfully

2019-04-03 12:53:39 - [TEST_CASE][PASSED] - Test Cases/s-sidebar_navigation/individualAccount/Login_Muzamil: Test Cases/s-sidebar_navigation/individualAccount/Login_Muzamil

2019-04-03 12:53:39 - [TEST_STEP][PASSED] - openBrowser(""): Browser is opened with url: ''

2019-04-03 12:53:39 - [MESSAGE][WARNING] - A browser is already opened. Closing browser and opening a new one

2019-04-03 12:53:39 - [MESSAGE][INFO] - Starting 'Chrome' driver

2019-04-03 12:53:39 - [MESSAGE][PASSED] - Browser is opened with url: ''

2019-04-03 12:53:39 - [TEST_STEP][PASSED] - maximizeWindow(): Current window maximized

2019-04-03 12:53:39 - [MESSAGE][PASSED] - Current window maximized

2019-04-03 12:53:39 - [TEST_STEP][PASSED] - navigateToUrl("https://app.kibopush.com/"): Navigate to 'https://app.kibopush.com/' successfully

2019-04-03 12:53:57 - [MESSAGE][PASSED] - Navigate to 'https://app.kibopush.com/' successfully

2019-04-03 12:53:57 - [TEST_STEP][PASSED] - click(findTestObject("Page_CloudKibo/a_Login (2)")): Object: 'Object Repository/Page_CloudKibo/a_Login (2)' is clicked on

2019-04-03 12:53:58 - [MESSAGE][PASSED] - Object: 'Object Repository/Page_CloudKibo/a_Login (2)' is clicked on

2019-04-03 12:53:58 - [TEST_STEP][PASSED] - delay(2): Delayed 2 second(s)

2019-04-03 12:54:00 - [MESSAGE][PASSED] - Delayed 2 second(s)

2019-04-03 12:54:00 - [TEST_STEP][PASSED] - setText(findTestObject("Page_CloudKibo/input_Sign In_email (1)"), "muzamil.bukhari.39@gmail.com"): Text 'muzamil.bukhari.39@gmail.com' is set on object 'Object Repository/Page_CloudKibo/input_Sign In_email (1)'

2019-04-03 12:54:00 - [MESSAGE][PASSED] - Text 'muzamil.bukhari.39@gmail.com' is set on object 'Object Repository/Page_CloudKibo/input_Sign In_email (1)'

2019-04-03 12:54:00 - [TEST_STEP][PASSED] - setEncryptedText(findTestObject("Page_CloudKibo/input_Sign In_password (1)"), "ZOMPkeJIpHWb3LMKk986MQ=="): Text ****** has been set on object 'Object Repository/Page_CloudKibo/input_Sign In_password (1)'

2019-04-03 12:54:00 - [MESSAGE][PASSED] - Text ****** has been set on object 'Object Repository/Page_CloudKibo/input_Sign In_password (1)'

2019-04-03 12:54:00 - [TEST_STEP][PASSED] - delay(1): Delayed 1 second(s)

2019-04-03 12:54:01 - [MESSAGE][PASSED] - Delayed 1 second(s)

2019-04-03 12:54:01 - [TEST_STEP][PASSED] - click(findTestObject("Page_CloudKibo/button_Sign In (5)")): Object: 'Object Repository/Page_CloudKibo/button_Sign In (5)' is clicked on

2019-04-03 12:54:01 - [MESSAGE][PASSED] - Object: 'Object Repository/Page_CloudKibo/button_Sign In (5)' is clicked on

2019-04-03 12:54:01 - [TEST_STEP][PASSED] - delay(3): Delayed 3 second(s)

2019-04-03 12:54:04 - [MESSAGE][PASSED] - Delayed 3 second(s)

2019-04-03 12:54:04 - [TEST_STEP][PASSED] - click(findTestObject("Object Repository/Page_KiboEngage  Dashboard/h4_KIBOPUSH")): Object: 'Object Repository/Page_KiboEngage  Dashboard/h4_KIBOPUSH' is clicked on

2019-04-03 12:54:14 - [MESSAGE][PASSED] - Object: 'Object Repository/Page_KiboEngage  Dashboard/h4_KIBOPUSH' is clicked on

2019-04-03 12:54:14 - [MESSAGE][PASSED] - Call Test Case 'Test Cases/s-sidebar_navigation/individualAccount/Login_Muzamil' successfully

2019-04-03 12:54:14 - [TEST_STEP][PASSED] - delay(2): Delayed 2 second(s)

2019-04-03 12:54:16 - [MESSAGE][PASSED] - Delayed 2 second(s)

2019-04-03 12:54:16 - [TEST_STEP][PASSED] - click(findTestObject("Object Repository/Page_KiboEngage  Dashboard/span_Manage Pages (2)")): Object: 'Object Repository/Page_KiboEngage  Dashboard/span_Manage Pages (2)' is clicked on

2019-04-03 12:54:16 - [MESSAGE][PASSED] - Object: 'Object Repository/Page_KiboEngage  Dashboard/span_Manage Pages (2)' is clicked on

2019-04-03 12:54:16 - [TEST_STEP][PASSED] - delay(1): Delayed 1 second(s)

2019-04-03 12:54:17 - [MESSAGE][PASSED] - Delayed 1 second(s)

2019-04-03 12:54:17 - [TEST_STEP][PASSED] - click(findTestObject("Object Repository/Page_KiboEngage  Dashboard/span_Welcome Message")): Object: 'Object Repository/Page_KiboEngage  Dashboard/span_Welcome Message' is clicked on

2019-04-03 12:54:18 - [MESSAGE][PASSED] - Object: 'Object Repository/Page_KiboEngage  Dashboard/span_Welcome Message' is clicked on

2019-04-03 12:54:18 - [TEST_STEP][PASSED] - delay(1): Delayed 1 second(s)

2019-04-03 12:54:19 - [MESSAGE][PASSED] - Delayed 1 second(s)

2019-04-03 12:54:19 - [TEST_STEP][PASSED] - click(findTestObject("Object Repository/Page_KiboEngage  Welcome Message/button_Edit Message")): Object: 'Object Repository/Page_KiboEngage  Welcome Message/button_Edit Message' is clicked on

2019-04-03 12:54:19 - [MESSAGE][PASSED] - Object: 'Object Repository/Page_KiboEngage  Welcome Message/button_Edit Message' is clicked on

2019-04-03 12:54:19 - [TEST_STEP][PASSED] - delay(1): Delayed 1 second(s)

2019-04-03 12:54:20 - [MESSAGE][PASSED] - Delayed 1 second(s)

2019-04-03 12:54:20 - [TEST_STEP][PASSED] - click(findTestObject("Object Repository/Page_KiboEngage  Edit Template/h3_Welcome Message")): Object: 'Object Repository/Page_KiboEngage  Edit Template/h3_Welcome Message' is clicked on

2019-04-03 12:54:20 - [MESSAGE][PASSED] - Object: 'Object Repository/Page_KiboEngage  Edit Template/h3_Welcome Message' is clicked on

2019-04-03 12:54:20 - [MESSAGE][PASSED] - Call Test Case 'Test Cases/Welcome Message TestCases/Open Welcome Message Edit Screen' successfully

2019-04-03 12:54:20 - [TEST_STEP][PASSED] - delay(2): Delayed 2 second(s)

2019-04-03 12:54:22 - [MESSAGE][PASSED] - Delayed 2 second(s)

2019-04-03 12:54:22 - [TEST_STEP][PASSED] - click(findTestObject("Page_KiboEngage  Edit Template/i_Welcome Message_fa fa-times fa-stack-2x")): Object: 'Object Repository/Page_KiboEngage  Edit Template/i_Welcome Message_fa fa-times fa-stack-2x' is clicked on

2019-04-03 12:54:22 - [MESSAGE][PASSED] - Object: 'Object Repository/Page_KiboEngage  Edit Template/i_Welcome Message_fa fa-times fa-stack-2x' is clicked on

2019-04-03 12:54:22 - [TEST_STEP][PASSED] - delay(2): Delayed 2 second(s)

2019-04-03 12:54:24 - [MESSAGE][PASSED] - Delayed 2 second(s)

2019-04-03 12:54:24 - [TEST_STEP][PASSED] - click(findTestObject("Page_KiboEngage  Edit Template/div_Card (1) (1)")): Object: 'Object Repository/Page_KiboEngage  Edit Template/div_Card (1) (1)' is clicked on

2019-04-03 12:54:24 - [MESSAGE][PASSED] - Object: 'Object Repository/Page_KiboEngage  Edit Template/div_Card (1) (1)' is clicked on

2019-04-03 12:54:24 - [TEST_STEP][PASSED] - setText(findTestObject("Page_KiboEngage  Edit Template/input_ Add Button_form-control (1) (1)"), "title"): Text 'title' is set on object 'Object Repository/Page_KiboEngage  Edit Template/input_ Add Button_form-control (1) (1)'

2019-04-03 12:54:24 - [MESSAGE][PASSED] - Text 'title' is set on object 'Object Repository/Page_KiboEngage  Edit Template/input_ Add Button_form-control (1) (1)'

2019-04-03 12:54:24 - [TEST_STEP][PASSED] - setText(findTestObject("Page_KiboEngage  Edit Template/Card Subtitle TextArea (1) (1)"), "subtitle"): Text 'subtitle' is set on object 'Object Repository/Page_KiboEngage  Edit Template/Card Subtitle TextArea (1) (1)'

2019-04-03 12:54:24 - [MESSAGE][PASSED] - Text 'subtitle' is set on object 'Object Repository/Page_KiboEngage  Edit Template/Card Subtitle TextArea (1) (1)'

2019-04-03 12:54:24 - [TEST_STEP][PASSED] - delay(2): Delayed 2 second(s)

2019-04-03 12:54:26 - [MESSAGE][PASSED] - Delayed 2 second(s)

2019-04-03 12:54:26 - [TEST_STEP][PASSED] - img = getProjectDir() + "/sample.jpg": null

2019-04-03 12:54:26 - [TEST_STEP][PASSED] - delay(3): Delayed 3 second(s)

2019-04-03 12:54:29 - [MESSAGE][PASSED] - Delayed 3 second(s)

2019-04-03 12:54:29 - [TEST_STEP][PASSED] - uploadFile(findTestObject("Page_KiboEngage  Create Broadcast/Upload Image"), img): File '/home/cloudkibo-muzamil/Downloads/Test cases/production/KiboPush/sample.jpg' sent to object: 'Object Repository/Page_KiboEngage  Create Broadcast/Upload Image'

2019-04-03 12:54:29 - [MESSAGE][PASSED] - File '/home/cloudkibo-muzamil/Downloads/Test cases/production/KiboPush/sample.jpg' sent to object: 'Object Repository/Page_KiboEngage  Create Broadcast/Upload Image'

2019-04-03 12:54:29 - [TEST_STEP][PASSED] - delay(8): Delayed 8 second(s)

2019-04-03 12:54:37 - [MESSAGE][PASSED] - Delayed 8 second(s)

2019-04-03 12:54:37 - [TEST_STEP][PASSED] - click(findTestObject("Page_KiboEngage  Edit Template/h4_KIBOPUSH (1) (1)")): Object: 'Object Repository/Page_KiboEngage  Edit Template/h4_KIBOPUSH (1) (1)' is clicked on

2019-04-03 12:54:37 - [MESSAGE][PASSED] - Object: 'Object Repository/Page_KiboEngage  Edit Template/h4_KIBOPUSH (1) (1)' is clicked on

2019-04-03 12:54:37 - [TEST_STEP][PASSED] - delay(2): Delayed 2 second(s)

2019-04-03 12:54:39 - [MESSAGE][PASSED] - Delayed 2 second(s)

2019-04-03 12:54:39 - [TEST_STEP][PASSED] - click(findTestObject("Page_KiboEngage  Edit Template/a_Add Action (1) (1)")): Object: 'Object Repository/Page_KiboEngage  Edit Template/a_Add Action (1) (1)' is clicked on

2019-04-03 12:54:39 - [MESSAGE][PASSED] - Object: 'Object Repository/Page_KiboEngage  Edit Template/a_Add Action (1) (1)' is clicked on

2019-04-03 12:54:39 - [TEST_STEP][PASSED] - click(findTestObject("Page_KiboEngage  Edit Template/h7_Open a webview (4) (1) (1)")): Object: 'Object Repository/Page_KiboEngage  Edit Template/h7_Open a webview (4) (1) (1)' is clicked on

2019-04-03 12:54:40 - [MESSAGE][PASSED] - Object: 'Object Repository/Page_KiboEngage  Edit Template/h7_Open a webview (4) (1) (1)' is clicked on

2019-04-03 12:54:40 - [TEST_STEP][PASSED] - setText(findTestObject("Page_KiboEngage  Edit Template/input_Url_form-control (3) (1) (1)"), "https://kiboengage.cloudkibo.com"): Text 'https://kiboengage.cloudkibo.com' is set on object 'Object Repository/Page_KiboEngage  Edit Template/input_Url_form-control (3) (1) (1)'

2019-04-03 12:54:40 - [MESSAGE][PASSED] - Text 'https://kiboengage.cloudkibo.com' is set on object 'Object Repository/Page_KiboEngage  Edit Template/input_Url_form-control (3) (1) (1)'

2019-04-03 12:54:40 - [TEST_STEP][PASSED] - click(findTestObject("Page_KiboEngage  Edit Template/button_Done (3) (1) (1)")): Object: 'Object Repository/Page_KiboEngage  Edit Template/button_Done (3) (1) (1)' is clicked on

2019-04-03 12:54:40 - [MESSAGE][PASSED] - Object: 'Object Repository/Page_KiboEngage  Edit Template/button_Done (3) (1) (1)' is clicked on

2019-04-03 12:54:40 - [TEST_STEP][PASSED] - delay(2): Delayed 2 second(s)

2019-04-03 12:54:42 - [MESSAGE][PASSED] - Delayed 2 second(s)

2019-04-03 12:54:42 - [TEST_STEP][PASSED] - click(findTestObject("Page_KiboEngage  Edit Template/h6_ Add Button (7) (1)")): Object: 'Object Repository/Page_KiboEngage  Edit Template/h6_ Add Button (7) (1)' is clicked on

2019-04-03 12:54:42 - [MESSAGE][PASSED] - Object: 'Object Repository/Page_KiboEngage  Edit Template/h6_ Add Button (7) (1)' is clicked on

2019-04-03 12:54:42 - [TEST_STEP][PASSED] - click(findTestObject("Page_KiboEngage  Edit Template/h7_Add Share button (1) (1)")): Object: 'Object Repository/Page_KiboEngage  Edit Template/h7_Add Share button (1) (1)' is clicked on

2019-04-03 12:54:42 - [MESSAGE][PASSED] - Object: 'Object Repository/Page_KiboEngage  Edit Template/h7_Add Share button (1) (1)' is clicked on

2019-04-03 12:54:42 - [TEST_STEP][PASSED] - click(findTestObject("Page_KiboEngage  Edit Template/button_Done (3) (1) (1)")): Object: 'Object Repository/Page_KiboEngage  Edit Template/button_Done (3) (1) (1)' is clicked on

2019-04-03 12:54:42 - [MESSAGE][PASSED] - Object: 'Object Repository/Page_KiboEngage  Edit Template/button_Done (3) (1) (1)' is clicked on

2019-04-03 12:54:42 - [TEST_STEP][PASSED] - delay(2): Delayed 2 second(s)

2019-04-03 12:54:44 - [MESSAGE][PASSED] - Delayed 2 second(s)

2019-04-03 12:54:44 - [TEST_STEP][PASSED] - click(findTestObject("Page_KiboEngage  Edit Template/button_Save (3) (1) (1)")): Object: 'Object Repository/Page_KiboEngage  Edit Template/button_Save (3) (1) (1)' is clicked on

2019-04-03 12:54:44 - [MESSAGE][PASSED] - Object: 'Object Repository/Page_KiboEngage  Edit Template/button_Save (3) (1) (1)' is clicked on

2019-04-03 12:54:44 - [TEST_STEP][PASSED] - delay(2): Delayed 2 second(s)

2019-04-03 12:54:46 - [MESSAGE][PASSED] - Delayed 2 second(s)

2019-04-03 12:54:46 - [TEST_STEP][PASSED] - click(findTestObject("Page_KiboEngage  Edit Template/div_Message saved successfully (3) (1) (1)")): Object: 'Object Repository/Page_KiboEngage  Edit Template/div_Message saved successfully (3) (1) (1)' is clicked on

2019-04-03 12:54:46 - [MESSAGE][PASSED] - Object: 'Object Repository/Page_KiboEngage  Edit Template/div_Message saved successfully (3) (1) (1)' is clicked on

2019-04-03 12:54:46 - [TEST_STEP][PASSED] - delay(2): Delayed 2 second(s)

2019-04-03 12:54:48 - [MESSAGE][PASSED] - Delayed 2 second(s)

2019-04-03 12:54:48 - [TEST_STEP][PASSED] - click(findTestObject("Page_KiboEngage  Edit Template/i_Welcome Message_fa fa-times fa-stack-2x")): Object: 'Object Repository/Page_KiboEngage  Edit Template/i_Welcome Message_fa fa-times fa-stack-2x' is clicked on

2019-04-03 12:54:48 - [MESSAGE][PASSED] - Object: 'Object Repository/Page_KiboEngage  Edit Template/i_Welcome Message_fa fa-times fa-stack-2x' is clicked on

2019-04-03 12:54:48 - [TEST_STEP][PASSED] - click(findTestObject("Page_KiboEngage  Edit Template/h6_Text")): Object: 'Object Repository/Page_KiboEngage  Edit Template/h6_Text' is clicked on

2019-04-03 12:54:49 - [MESSAGE][PASSED] - Object: 'Object Repository/Page_KiboEngage  Edit Template/h6_Text' is clicked on

2019-04-03 12:54:49 - [TEST_STEP][PASSED] - delay(2): Delayed 2 second(s)

2019-04-03 12:54:51 - [MESSAGE][PASSED] - Delayed 2 second(s)

2019-04-03 12:54:51 - [TEST_STEP][PASSED] - setText(findTestObject("Page_KiboEngage  Edit Template/Text Text Area Post Card"), "Hi {{user_full_name}}! Thanks for getting in touch with us on Messenger. Please send us any questions you may have"): Text 'Hi {{user_full_name}}! Thanks for getting in touch with us on Messenger. Please send us any questions you may have' is set on object 'Object Repository/Page_KiboEngage  Edit Template/Text Text Area Post Card'

2019-04-03 12:54:52 - [MESSAGE][PASSED] - Text 'Hi {{user_full_name}}! Thanks for getting in touch with us on Messenger. Please send us any questions you may have' is set on object 'Object Repository/Page_KiboEngage  Edit Template/Text Text Area Post Card'

2019-04-03 12:54:52 - [TEST_STEP][PASSED] - delay(2): Delayed 2 second(s)

2019-04-03 12:54:54 - [MESSAGE][PASSED] - Delayed 2 second(s)

2019-04-03 12:54:54 - [TEST_STEP][PASSED] - click(findTestObject("Page_KiboEngage  Edit Template/button_Save (3) (1) (1)")): Object: 'Object Repository/Page_KiboEngage  Edit Template/button_Save (3) (1) (1)' is clicked on

2019-04-03 12:54:54 - [MESSAGE][PASSED] - Object: 'Object Repository/Page_KiboEngage  Edit Template/button_Save (3) (1) (1)' is clicked on

2019-04-03 12:54:54 - [TEST_STEP][PASSED] - delay(2): Delayed 2 second(s)

2019-04-03 12:54:56 - [MESSAGE][PASSED] - Delayed 2 second(s)

2019-04-03 12:54:56 - [TEST_STEP][PASSED] - click(findTestObject("Page_KiboEngage  Edit Template/div_Message saved successfully (3) (1) (1)")): Object: 'Object Repository/Page_KiboEngage  Edit Template/div_Message saved successfully (3) (1) (1)' is clicked on

2019-04-03 12:54:56 - [MESSAGE][PASSED] - Object: 'Object Repository/Page_KiboEngage  Edit Template/div_Message saved successfully (3) (1) (1)' is clicked on]]></system-out>
         <system-err><![CDATA[]]></system-err>
      </testcase>
      <testcase name="Test Cases/Webview/TC11134" classname="Test Cases/Webview/TC11134" status="PASSED">
         <system-out><![CDATA[2019-04-03 12:54:56 - [TEST_CASE][PASSED] - Test Cases/Webview/TC11134: Test Cases/Webview/TC11134

2019-04-03 12:54:56 - [TEST_STEP][PASSED] - callTestCase(findTestCase("Welcome Message TestCases/Open Welcome Message Edit Screen"), [:], STOP_ON_FAILURE): Call Test Case 'Test Cases/Welcome Message TestCases/Open Welcome Message Edit Screen' successfully

2019-04-03 12:54:56 - [TEST_CASE][PASSED] - Test Cases/Welcome Message TestCases/Open Welcome Message Edit Screen: Test Cases/Welcome Message TestCases/Open Welcome Message Edit Screen

2019-04-03 12:54:56 - [TEST_STEP][PASSED] - callTestCase(findTestCase("s-sidebar_navigation/individualAccount/Login_Muzamil"), [:], STOP_ON_FAILURE): Call Test Case 'Test Cases/s-sidebar_navigation/individualAccount/Login_Muzamil' successfully

2019-04-03 12:54:56 - [TEST_CASE][PASSED] - Test Cases/s-sidebar_navigation/individualAccount/Login_Muzamil: Test Cases/s-sidebar_navigation/individualAccount/Login_Muzamil

2019-04-03 12:54:56 - [TEST_STEP][PASSED] - openBrowser(""): Browser is opened with url: ''

2019-04-03 12:54:56 - [MESSAGE][WARNING] - A browser is already opened. Closing browser and opening a new one

2019-04-03 12:54:56 - [MESSAGE][INFO] - Starting 'Chrome' driver

2019-04-03 12:54:57 - [MESSAGE][PASSED] - Browser is opened with url: ''

2019-04-03 12:54:57 - [TEST_STEP][PASSED] - maximizeWindow(): Current window maximized

2019-04-03 12:54:57 - [MESSAGE][PASSED] - Current window maximized

2019-04-03 12:54:57 - [TEST_STEP][PASSED] - navigateToUrl("https://app.kibopush.com/"): Navigate to 'https://app.kibopush.com/' successfully

2019-04-03 12:55:07 - [MESSAGE][PASSED] - Navigate to 'https://app.kibopush.com/' successfully

2019-04-03 12:55:07 - [TEST_STEP][PASSED] - click(findTestObject("Page_CloudKibo/a_Login (2)")): Object: 'Object Repository/Page_CloudKibo/a_Login (2)' is clicked on

2019-04-03 12:55:08 - [MESSAGE][PASSED] - Object: 'Object Repository/Page_CloudKibo/a_Login (2)' is clicked on

2019-04-03 12:55:08 - [TEST_STEP][PASSED] - delay(2): Delayed 2 second(s)

2019-04-03 12:55:10 - [MESSAGE][PASSED] - Delayed 2 second(s)

2019-04-03 12:55:10 - [TEST_STEP][PASSED] - setText(findTestObject("Page_CloudKibo/input_Sign In_email (1)"), "muzamil.bukhari.39@gmail.com"): Text 'muzamil.bukhari.39@gmail.com' is set on object 'Object Repository/Page_CloudKibo/input_Sign In_email (1)'

2019-04-03 12:55:10 - [MESSAGE][PASSED] - Text 'muzamil.bukhari.39@gmail.com' is set on object 'Object Repository/Page_CloudKibo/input_Sign In_email (1)'

2019-04-03 12:55:10 - [TEST_STEP][PASSED] - setEncryptedText(findTestObject("Page_CloudKibo/input_Sign In_password (1)"), "ZOMPkeJIpHWb3LMKk986MQ=="): Text ****** has been set on object 'Object Repository/Page_CloudKibo/input_Sign In_password (1)'

2019-04-03 12:55:10 - [MESSAGE][PASSED] - Text ****** has been set on object 'Object Repository/Page_CloudKibo/input_Sign In_password (1)'

2019-04-03 12:55:10 - [TEST_STEP][PASSED] - delay(1): Delayed 1 second(s)

2019-04-03 12:55:11 - [MESSAGE][PASSED] - Delayed 1 second(s)

2019-04-03 12:55:11 - [TEST_STEP][PASSED] - click(findTestObject("Page_CloudKibo/button_Sign In (5)")): Object: 'Object Repository/Page_CloudKibo/button_Sign In (5)' is clicked on

2019-04-03 12:55:11 - [MESSAGE][PASSED] - Object: 'Object Repository/Page_CloudKibo/button_Sign In (5)' is clicked on

2019-04-03 12:55:11 - [TEST_STEP][PASSED] - delay(3): Delayed 3 second(s)

2019-04-03 12:55:14 - [MESSAGE][PASSED] - Delayed 3 second(s)

2019-04-03 12:55:14 - [TEST_STEP][PASSED] - click(findTestObject("Object Repository/Page_KiboEngage  Dashboard/h4_KIBOPUSH")): Object: 'Object Repository/Page_KiboEngage  Dashboard/h4_KIBOPUSH' is clicked on

2019-04-03 12:55:34 - [MESSAGE][PASSED] - Object: 'Object Repository/Page_KiboEngage  Dashboard/h4_KIBOPUSH' is clicked on

2019-04-03 12:55:34 - [MESSAGE][PASSED] - Call Test Case 'Test Cases/s-sidebar_navigation/individualAccount/Login_Muzamil' successfully

2019-04-03 12:55:34 - [TEST_STEP][PASSED] - delay(2): Delayed 2 second(s)

2019-04-03 12:55:36 - [MESSAGE][PASSED] - Delayed 2 second(s)

2019-04-03 12:55:36 - [TEST_STEP][PASSED] - click(findTestObject("Object Repository/Page_KiboEngage  Dashboard/span_Manage Pages (2)")): Object: 'Object Repository/Page_KiboEngage  Dashboard/span_Manage Pages (2)' is clicked on

2019-04-03 12:55:36 - [MESSAGE][PASSED] - Object: 'Object Repository/Page_KiboEngage  Dashboard/span_Manage Pages (2)' is clicked on

2019-04-03 12:55:36 - [TEST_STEP][PASSED] - delay(1): Delayed 1 second(s)

2019-04-03 12:55:37 - [MESSAGE][PASSED] - Delayed 1 second(s)

2019-04-03 12:55:37 - [TEST_STEP][PASSED] - click(findTestObject("Object Repository/Page_KiboEngage  Dashboard/span_Welcome Message")): Object: 'Object Repository/Page_KiboEngage  Dashboard/span_Welcome Message' is clicked on

2019-04-03 12:55:37 - [MESSAGE][PASSED] - Object: 'Object Repository/Page_KiboEngage  Dashboard/span_Welcome Message' is clicked on

2019-04-03 12:55:37 - [TEST_STEP][PASSED] - delay(1): Delayed 1 second(s)

2019-04-03 12:55:38 - [MESSAGE][PASSED] - Delayed 1 second(s)

2019-04-03 12:55:38 - [TEST_STEP][PASSED] - click(findTestObject("Object Repository/Page_KiboEngage  Welcome Message/button_Edit Message")): Object: 'Object Repository/Page_KiboEngage  Welcome Message/button_Edit Message' is clicked on

2019-04-03 12:55:38 - [MESSAGE][PASSED] - Object: 'Object Repository/Page_KiboEngage  Welcome Message/button_Edit Message' is clicked on

2019-04-03 12:55:38 - [TEST_STEP][PASSED] - delay(1): Delayed 1 second(s)

2019-04-03 12:55:39 - [MESSAGE][PASSED] - Delayed 1 second(s)

2019-04-03 12:55:39 - [TEST_STEP][PASSED] - click(findTestObject("Object Repository/Page_KiboEngage  Edit Template/h3_Welcome Message")): Object: 'Object Repository/Page_KiboEngage  Edit Template/h3_Welcome Message' is clicked on

2019-04-03 12:55:39 - [MESSAGE][PASSED] - Object: 'Object Repository/Page_KiboEngage  Edit Template/h3_Welcome Message' is clicked on

2019-04-03 12:55:39 - [MESSAGE][PASSED] - Call Test Case 'Test Cases/Welcome Message TestCases/Open Welcome Message Edit Screen' successfully

2019-04-03 12:55:39 - [TEST_STEP][PASSED] - delay(2): Delayed 2 second(s)

2019-04-03 12:55:41 - [MESSAGE][PASSED] - Delayed 2 second(s)

2019-04-03 12:55:41 - [TEST_STEP][PASSED] - click(findTestObject("Page_KiboEngage  Edit Template/i_Welcome Message_fa fa-times fa-stack-2x (2)")): Object: 'Object Repository/Page_KiboEngage  Edit Template/i_Welcome Message_fa fa-times fa-stack-2x (2)' is clicked on

2019-04-03 12:55:41 - [MESSAGE][PASSED] - Object: 'Object Repository/Page_KiboEngage  Edit Template/i_Welcome Message_fa fa-times fa-stack-2x (2)' is clicked on

2019-04-03 12:55:41 - [TEST_STEP][PASSED] - delay(2): Delayed 2 second(s)

2019-04-03 12:55:43 - [MESSAGE][PASSED] - Delayed 2 second(s)

2019-04-03 12:55:43 - [TEST_STEP][PASSED] - click(findTestObject("Page_KiboEngage  Edit Template/div_Card (1) (1) (1)")): Object: 'Object Repository/Page_KiboEngage  Edit Template/div_Card (1) (1) (1)' is clicked on

2019-04-03 12:55:43 - [MESSAGE][PASSED] - Object: 'Object Repository/Page_KiboEngage  Edit Template/div_Card (1) (1) (1)' is clicked on

2019-04-03 12:55:43 - [TEST_STEP][PASSED] - setText(findTestObject("Page_KiboEngage  Edit Template/input_ Add Button_form-control (1) (1) (1)"), "title"): Text 'title' is set on object 'Object Repository/Page_KiboEngage  Edit Template/input_ Add Button_form-control (1) (1) (1)'

2019-04-03 12:55:43 - [MESSAGE][PASSED] - Text 'title' is set on object 'Object Repository/Page_KiboEngage  Edit Template/input_ Add Button_form-control (1) (1) (1)'

2019-04-03 12:55:43 - [TEST_STEP][PASSED] - setText(findTestObject("Page_KiboEngage  Edit Template/Card Subtitle TextArea (1) (1) (1)"), "subtitle"): Text 'subtitle' is set on object 'Object Repository/Page_KiboEngage  Edit Template/Card Subtitle TextArea (1) (1) (1)'

2019-04-03 12:55:44 - [MESSAGE][PASSED] - Text 'subtitle' is set on object 'Object Repository/Page_KiboEngage  Edit Template/Card Subtitle TextArea (1) (1) (1)'

2019-04-03 12:55:44 - [TEST_STEP][PASSED] - delay(2): Delayed 2 second(s)

2019-04-03 12:55:46 - [MESSAGE][PASSED] - Delayed 2 second(s)

2019-04-03 12:55:46 - [TEST_STEP][PASSED] - click(findTestObject("Page_KiboEngage  Edit Template/a_Add Action (1) (1) (1)")): Object: 'Object Repository/Page_KiboEngage  Edit Template/a_Add Action (1) (1) (1)' is clicked on

2019-04-03 12:55:46 - [MESSAGE][PASSED] - Object: 'Object Repository/Page_KiboEngage  Edit Template/a_Add Action (1) (1) (1)' is clicked on

2019-04-03 12:55:46 - [TEST_STEP][PASSED] - click(findTestObject("Page_KiboEngage  Edit Template/h7_Open a webview (4) (1) (1) (1)")): Object: 'Object Repository/Page_KiboEngage  Edit Template/h7_Open a webview (4) (1) (1) (1)' is clicked on

2019-04-03 12:55:46 - [MESSAGE][PASSED] - Object: 'Object Repository/Page_KiboEngage  Edit Template/h7_Open a webview (4) (1) (1) (1)' is clicked on

2019-04-03 12:55:46 - [TEST_STEP][PASSED] - setText(findTestObject("Page_KiboEngage  Edit Template/input_Url_form-control (3) (1) (1) (1)"), "https://kiboengage.cloudkibo.com"): Text 'https://kiboengage.cloudkibo.com' is set on object 'Object Repository/Page_KiboEngage  Edit Template/input_Url_form-control (3) (1) (1) (1)'

2019-04-03 12:55:46 - [MESSAGE][PASSED] - Text 'https://kiboengage.cloudkibo.com' is set on object 'Object Repository/Page_KiboEngage  Edit Template/input_Url_form-control (3) (1) (1) (1)'

2019-04-03 12:55:46 - [TEST_STEP][PASSED] - click(findTestObject("Page_KiboEngage  Edit Template/button_Done (3) (1) (1) (1)")): Object: 'Object Repository/Page_KiboEngage  Edit Template/button_Done (3) (1) (1) (1)' is clicked on

2019-04-03 12:55:46 - [MESSAGE][PASSED] - Object: 'Object Repository/Page_KiboEngage  Edit Template/button_Done (3) (1) (1) (1)' is clicked on

2019-04-03 12:55:46 - [TEST_STEP][PASSED] - delay(2): Delayed 2 second(s)

2019-04-03 12:55:48 - [MESSAGE][PASSED] - Delayed 2 second(s)

2019-04-03 12:55:48 - [TEST_STEP][PASSED] - img = getProjectDir() + "/sample.jpg": null

2019-04-03 12:55:48 - [TEST_STEP][PASSED] - delay(3): Delayed 3 second(s)

2019-04-03 12:55:51 - [MESSAGE][PASSED] - Delayed 3 second(s)

2019-04-03 12:55:51 - [TEST_STEP][PASSED] - uploadFile(findTestObject("Page_KiboEngage  Create Broadcast/Upload Image"), img): File '/home/cloudkibo-muzamil/Downloads/Test cases/production/KiboPush/sample.jpg' sent to object: 'Object Repository/Page_KiboEngage  Create Broadcast/Upload Image'

2019-04-03 12:55:51 - [MESSAGE][PASSED] - File '/home/cloudkibo-muzamil/Downloads/Test cases/production/KiboPush/sample.jpg' sent to object: 'Object Repository/Page_KiboEngage  Create Broadcast/Upload Image'

2019-04-03 12:55:51 - [TEST_STEP][PASSED] - delay(8): Delayed 8 second(s)

2019-04-03 12:55:59 - [MESSAGE][PASSED] - Delayed 8 second(s)

2019-04-03 12:55:59 - [TEST_STEP][PASSED] - click(findTestObject("Page_KiboEngage  Edit Template/h4_KIBOPUSH (1) (1) (1)")): Object: 'Object Repository/Page_KiboEngage  Edit Template/h4_KIBOPUSH (1) (1) (1)' is clicked on

2019-04-03 12:55:59 - [MESSAGE][PASSED] - Object: 'Object Repository/Page_KiboEngage  Edit Template/h4_KIBOPUSH (1) (1) (1)' is clicked on

2019-04-03 12:55:59 - [TEST_STEP][PASSED] - delay(2): Delayed 2 second(s)

2019-04-03 12:56:01 - [MESSAGE][PASSED] - Delayed 2 second(s)

2019-04-03 12:56:01 - [TEST_STEP][PASSED] - click(findTestObject("Page_KiboEngage  Edit Template/h6_ Add Button (7) (1) (1)")): Object: 'Object Repository/Page_KiboEngage  Edit Template/h6_ Add Button (7) (1) (1)' is clicked on

2019-04-03 12:56:01 - [MESSAGE][PASSED] - Object: 'Object Repository/Page_KiboEngage  Edit Template/h6_ Add Button (7) (1) (1)' is clicked on

2019-04-03 12:56:01 - [TEST_STEP][PASSED] - click(findTestObject("Page_KiboEngage  Edit Template/h7_Add Share button (1) (1) (1)")): Object: 'Object Repository/Page_KiboEngage  Edit Template/h7_Add Share button (1) (1) (1)' is clicked on

2019-04-03 12:56:01 - [MESSAGE][PASSED] - Object: 'Object Repository/Page_KiboEngage  Edit Template/h7_Add Share button (1) (1) (1)' is clicked on

2019-04-03 12:56:01 - [TEST_STEP][PASSED] - click(findTestObject("Page_KiboEngage  Edit Template/button_Done (3) (1) (1) (1)")): Object: 'Object Repository/Page_KiboEngage  Edit Template/button_Done (3) (1) (1) (1)' is clicked on

2019-04-03 12:56:01 - [MESSAGE][PASSED] - Object: 'Object Repository/Page_KiboEngage  Edit Template/button_Done (3) (1) (1) (1)' is clicked on

2019-04-03 12:56:01 - [TEST_STEP][PASSED] - delay(2): Delayed 2 second(s)

2019-04-03 12:56:03 - [MESSAGE][PASSED] - Delayed 2 second(s)

2019-04-03 12:56:03 - [TEST_STEP][PASSED] - click(findTestObject("Page_KiboEngage  Edit Template/a_Edit Action")): Object: 'Object Repository/Page_KiboEngage  Edit Template/a_Edit Action' is clicked on

2019-04-03 12:56:04 - [MESSAGE][PASSED] - Object: 'Object Repository/Page_KiboEngage  Edit Template/a_Edit Action' is clicked on

2019-04-03 12:56:04 - [TEST_STEP][PASSED] - setText(findTestObject("Page_KiboEngage  Edit Template/input_Url_form-control (4)"), "https://skiboengage.cloudkibo.com"): Text 'https://skiboengage.cloudkibo.com' is set on object 'Object Repository/Page_KiboEngage  Edit Template/input_Url_form-control (4)'

2019-04-03 12:56:04 - [MESSAGE][PASSED] - Text 'https://skiboengage.cloudkibo.com' is set on object 'Object Repository/Page_KiboEngage  Edit Template/input_Url_form-control (4)'

2019-04-03 12:56:04 - [TEST_STEP][PASSED] - selectOptionByValue(findTestObject("Page_KiboEngage  Edit Template/select_COMPACTTALLFULL (1)"), "COMPACT", true): All options with value 'COMPACT' are selected in object 'Object Repository/Page_KiboEngage  Edit Template/select_COMPACTTALLFULL (1)'  using regular expression

2019-04-03 12:56:04 - [MESSAGE][PASSED] - All options with value 'COMPACT' are selected in object 'Object Repository/Page_KiboEngage  Edit Template/select_COMPACTTALLFULL (1)'  using regular expression

2019-04-03 12:56:04 - [TEST_STEP][PASSED] - click(findTestObject("Page_KiboEngage  Edit Template/button_Done (4)")): Object: 'Object Repository/Page_KiboEngage  Edit Template/button_Done (4)' is clicked on

2019-04-03 12:56:04 - [MESSAGE][PASSED] - Object: 'Object Repository/Page_KiboEngage  Edit Template/button_Done (4)' is clicked on

2019-04-03 12:56:04 - [TEST_STEP][PASSED] - delay(2): Delayed 2 second(s)

2019-04-03 12:56:06 - [MESSAGE][PASSED] - Delayed 2 second(s)

2019-04-03 12:56:06 - [TEST_STEP][PASSED] - click(findTestObject("Page_KiboEngage  Edit Template/button_Save (3) (1) (1) (1)")): Object: 'Object Repository/Page_KiboEngage  Edit Template/button_Save (3) (1) (1) (1)' is clicked on

2019-04-03 12:56:06 - [MESSAGE][PASSED] - Object: 'Object Repository/Page_KiboEngage  Edit Template/button_Save (3) (1) (1) (1)' is clicked on

2019-04-03 12:56:06 - [TEST_STEP][PASSED] - delay(2): Delayed 2 second(s)

2019-04-03 12:56:08 - [MESSAGE][PASSED] - Delayed 2 second(s)

2019-04-03 12:56:08 - [TEST_STEP][PASSED] - click(findTestObject("Page_KiboEngage  Edit Template/div_Message saved successfully (3) (1) (1) (1)")): Object: 'Object Repository/Page_KiboEngage  Edit Template/div_Message saved successfully (3) (1) (1) (1)' is clicked on

2019-04-03 12:56:08 - [MESSAGE][PASSED] - Object: 'Object Repository/Page_KiboEngage  Edit Template/div_Message saved successfully (3) (1) (1) (1)' is clicked on

2019-04-03 12:56:08 - [TEST_STEP][PASSED] - delay(2): Delayed 2 second(s)

2019-04-03 12:56:10 - [MESSAGE][PASSED] - Delayed 2 second(s)

2019-04-03 12:56:10 - [TEST_STEP][PASSED] - click(findTestObject("Page_KiboEngage  Edit Template/i_Welcome Message_fa fa-times fa-stack-2x (2)")): Object: 'Object Repository/Page_KiboEngage  Edit Template/i_Welcome Message_fa fa-times fa-stack-2x (2)' is clicked on

2019-04-03 12:56:10 - [MESSAGE][PASSED] - Object: 'Object Repository/Page_KiboEngage  Edit Template/i_Welcome Message_fa fa-times fa-stack-2x (2)' is clicked on

2019-04-03 12:56:10 - [TEST_STEP][PASSED] - click(findTestObject("Page_KiboEngage  Edit Template/h6_Text (1)")): Object: 'Object Repository/Page_KiboEngage  Edit Template/h6_Text (1)' is clicked on

2019-04-03 12:56:11 - [MESSAGE][PASSED] - Object: 'Object Repository/Page_KiboEngage  Edit Template/h6_Text (1)' is clicked on

2019-04-03 12:56:11 - [TEST_STEP][PASSED] - delay(2): Delayed 2 second(s)

2019-04-03 12:56:13 - [MESSAGE][PASSED] - Delayed 2 second(s)

2019-04-03 12:56:13 - [TEST_STEP][PASSED] - setText(findTestObject("Page_KiboEngage  Edit Template/Text Text Area Post Card (1)"), "Hi {{user_full_name}}! Thanks for getting in touch with us on Messenger. Please send us any questions you may have"): Text 'Hi {{user_full_name}}! Thanks for getting in touch with us on Messenger. Please send us any questions you may have' is set on object 'Object Repository/Page_KiboEngage  Edit Template/Text Text Area Post Card (1)'

2019-04-03 12:56:14 - [MESSAGE][PASSED] - Text 'Hi {{user_full_name}}! Thanks for getting in touch with us on Messenger. Please send us any questions you may have' is set on object 'Object Repository/Page_KiboEngage  Edit Template/Text Text Area Post Card (1)'

2019-04-03 12:56:14 - [TEST_STEP][PASSED] - delay(2): Delayed 2 second(s)

2019-04-03 12:56:16 - [MESSAGE][PASSED] - Delayed 2 second(s)

2019-04-03 12:56:16 - [TEST_STEP][PASSED] - click(findTestObject("Page_KiboEngage  Edit Template/button_Save (3) (1) (1) (1)")): Object: 'Object Repository/Page_KiboEngage  Edit Template/button_Save (3) (1) (1) (1)' is clicked on

2019-04-03 12:56:16 - [MESSAGE][PASSED] - Object: 'Object Repository/Page_KiboEngage  Edit Template/button_Save (3) (1) (1) (1)' is clicked on

2019-04-03 12:56:16 - [TEST_STEP][PASSED] - delay(2): Delayed 2 second(s)

2019-04-03 12:56:18 - [MESSAGE][PASSED] - Delayed 2 second(s)

2019-04-03 12:56:18 - [TEST_STEP][PASSED] - click(findTestObject("Page_KiboEngage  Edit Template/div_Message saved successfully (3) (1) (1) (1)")): Object: 'Object Repository/Page_KiboEngage  Edit Template/div_Message saved successfully (3) (1) (1) (1)' is clicked on

2019-04-03 12:56:18 - [MESSAGE][PASSED] - Object: 'Object Repository/Page_KiboEngage  Edit Template/div_Message saved successfully (3) (1) (1) (1)' is clicked on]]></system-out>
         <system-err><![CDATA[]]></system-err>
      </testcase>
      <testcase name="Test Cases/Webview/TC11135" classname="Test Cases/Webview/TC11135" status="PASSED">
         <system-out><![CDATA[2019-04-03 12:56:18 - [TEST_CASE][PASSED] - Test Cases/Webview/TC11135: Test Cases/Webview/TC11135

2019-04-03 12:56:18 - [TEST_STEP][PASSED] - callTestCase(findTestCase("Welcome Message TestCases/Open Welcome Message Edit Screen"), [:], STOP_ON_FAILURE): Call Test Case 'Test Cases/Welcome Message TestCases/Open Welcome Message Edit Screen' successfully

2019-04-03 12:56:18 - [TEST_CASE][PASSED] - Test Cases/Welcome Message TestCases/Open Welcome Message Edit Screen: Test Cases/Welcome Message TestCases/Open Welcome Message Edit Screen

2019-04-03 12:56:18 - [TEST_STEP][PASSED] - callTestCase(findTestCase("s-sidebar_navigation/individualAccount/Login_Muzamil"), [:], STOP_ON_FAILURE): Call Test Case 'Test Cases/s-sidebar_navigation/individualAccount/Login_Muzamil' successfully

2019-04-03 12:56:18 - [TEST_CASE][PASSED] - Test Cases/s-sidebar_navigation/individualAccount/Login_Muzamil: Test Cases/s-sidebar_navigation/individualAccount/Login_Muzamil

2019-04-03 12:56:18 - [TEST_STEP][PASSED] - openBrowser(""): Browser is opened with url: ''

2019-04-03 12:56:18 - [MESSAGE][WARNING] - A browser is already opened. Closing browser and opening a new one

2019-04-03 12:56:18 - [MESSAGE][INFO] - Starting 'Chrome' driver

2019-04-03 12:56:19 - [MESSAGE][PASSED] - Browser is opened with url: ''

2019-04-03 12:56:19 - [TEST_STEP][PASSED] - maximizeWindow(): Current window maximized

2019-04-03 12:56:19 - [MESSAGE][PASSED] - Current window maximized

2019-04-03 12:56:19 - [TEST_STEP][PASSED] - navigateToUrl("https://app.kibopush.com/"): Navigate to 'https://app.kibopush.com/' successfully

2019-04-03 12:56:29 - [MESSAGE][PASSED] - Navigate to 'https://app.kibopush.com/' successfully

2019-04-03 12:56:29 - [TEST_STEP][PASSED] - click(findTestObject("Page_CloudKibo/a_Login (2)")): Object: 'Object Repository/Page_CloudKibo/a_Login (2)' is clicked on

2019-04-03 12:56:30 - [MESSAGE][PASSED] - Object: 'Object Repository/Page_CloudKibo/a_Login (2)' is clicked on

2019-04-03 12:56:30 - [TEST_STEP][PASSED] - delay(2): Delayed 2 second(s)

2019-04-03 12:56:32 - [MESSAGE][PASSED] - Delayed 2 second(s)

2019-04-03 12:56:32 - [TEST_STEP][PASSED] - setText(findTestObject("Page_CloudKibo/input_Sign In_email (1)"), "muzamil.bukhari.39@gmail.com"): Text 'muzamil.bukhari.39@gmail.com' is set on object 'Object Repository/Page_CloudKibo/input_Sign In_email (1)'

2019-04-03 12:56:32 - [MESSAGE][PASSED] - Text 'muzamil.bukhari.39@gmail.com' is set on object 'Object Repository/Page_CloudKibo/input_Sign In_email (1)'

2019-04-03 12:56:32 - [TEST_STEP][PASSED] - setEncryptedText(findTestObject("Page_CloudKibo/input_Sign In_password (1)"), "ZOMPkeJIpHWb3LMKk986MQ=="): Text ****** has been set on object 'Object Repository/Page_CloudKibo/input_Sign In_password (1)'

2019-04-03 12:56:32 - [MESSAGE][PASSED] - Text ****** has been set on object 'Object Repository/Page_CloudKibo/input_Sign In_password (1)'

2019-04-03 12:56:32 - [TEST_STEP][PASSED] - delay(1): Delayed 1 second(s)

2019-04-03 12:56:33 - [MESSAGE][PASSED] - Delayed 1 second(s)

2019-04-03 12:56:33 - [TEST_STEP][PASSED] - click(findTestObject("Page_CloudKibo/button_Sign In (5)")): Object: 'Object Repository/Page_CloudKibo/button_Sign In (5)' is clicked on

2019-04-03 12:56:33 - [MESSAGE][PASSED] - Object: 'Object Repository/Page_CloudKibo/button_Sign In (5)' is clicked on

2019-04-03 12:56:33 - [TEST_STEP][PASSED] - delay(3): Delayed 3 second(s)

2019-04-03 12:56:36 - [MESSAGE][PASSED] - Delayed 3 second(s)

2019-04-03 12:56:36 - [TEST_STEP][PASSED] - click(findTestObject("Object Repository/Page_KiboEngage  Dashboard/h4_KIBOPUSH")): Object: 'Object Repository/Page_KiboEngage  Dashboard/h4_KIBOPUSH' is clicked on

2019-04-03 12:56:48 - [MESSAGE][PASSED] - Object: 'Object Repository/Page_KiboEngage  Dashboard/h4_KIBOPUSH' is clicked on

2019-04-03 12:56:48 - [MESSAGE][PASSED] - Call Test Case 'Test Cases/s-sidebar_navigation/individualAccount/Login_Muzamil' successfully

2019-04-03 12:56:48 - [TEST_STEP][PASSED] - delay(2): Delayed 2 second(s)

2019-04-03 12:56:50 - [MESSAGE][PASSED] - Delayed 2 second(s)

2019-04-03 12:56:50 - [TEST_STEP][PASSED] - click(findTestObject("Object Repository/Page_KiboEngage  Dashboard/span_Manage Pages (2)")): Object: 'Object Repository/Page_KiboEngage  Dashboard/span_Manage Pages (2)' is clicked on

2019-04-03 12:56:50 - [MESSAGE][PASSED] - Object: 'Object Repository/Page_KiboEngage  Dashboard/span_Manage Pages (2)' is clicked on

2019-04-03 12:56:50 - [TEST_STEP][PASSED] - delay(1): Delayed 1 second(s)

2019-04-03 12:56:51 - [MESSAGE][PASSED] - Delayed 1 second(s)

2019-04-03 12:56:51 - [TEST_STEP][PASSED] - click(findTestObject("Object Repository/Page_KiboEngage  Dashboard/span_Welcome Message")): Object: 'Object Repository/Page_KiboEngage  Dashboard/span_Welcome Message' is clicked on

2019-04-03 12:56:51 - [MESSAGE][PASSED] - Object: 'Object Repository/Page_KiboEngage  Dashboard/span_Welcome Message' is clicked on

2019-04-03 12:56:51 - [TEST_STEP][PASSED] - delay(1): Delayed 1 second(s)

2019-04-03 12:56:52 - [MESSAGE][PASSED] - Delayed 1 second(s)

2019-04-03 12:56:52 - [TEST_STEP][PASSED] - click(findTestObject("Object Repository/Page_KiboEngage  Welcome Message/button_Edit Message")): Object: 'Object Repository/Page_KiboEngage  Welcome Message/button_Edit Message' is clicked on

2019-04-03 12:56:52 - [MESSAGE][PASSED] - Object: 'Object Repository/Page_KiboEngage  Welcome Message/button_Edit Message' is clicked on

2019-04-03 12:56:52 - [TEST_STEP][PASSED] - delay(1): Delayed 1 second(s)

2019-04-03 12:56:53 - [MESSAGE][PASSED] - Delayed 1 second(s)

2019-04-03 12:56:53 - [TEST_STEP][PASSED] - click(findTestObject("Object Repository/Page_KiboEngage  Edit Template/h3_Welcome Message")): Object: 'Object Repository/Page_KiboEngage  Edit Template/h3_Welcome Message' is clicked on

2019-04-03 12:56:53 - [MESSAGE][PASSED] - Object: 'Object Repository/Page_KiboEngage  Edit Template/h3_Welcome Message' is clicked on

2019-04-03 12:56:53 - [MESSAGE][PASSED] - Call Test Case 'Test Cases/Welcome Message TestCases/Open Welcome Message Edit Screen' successfully

2019-04-03 12:56:53 - [TEST_STEP][PASSED] - delay(2): Delayed 2 second(s)

2019-04-03 12:56:55 - [MESSAGE][PASSED] - Delayed 2 second(s)

2019-04-03 12:56:55 - [TEST_STEP][PASSED] - click(findTestObject("Object Repository/Page_KiboEngage  Edit Template/i_Welcome Message_fa fa-times fa-stack-2x (2) (1)")): Object: 'Object Repository/Page_KiboEngage  Edit Template/i_Welcome Message_fa fa-times fa-stack-2x (2) (1)' is clicked on

2019-04-03 12:56:55 - [MESSAGE][PASSED] - Object: 'Object Repository/Page_KiboEngage  Edit Template/i_Welcome Message_fa fa-times fa-stack-2x (2) (1)' is clicked on

2019-04-03 12:56:55 - [TEST_STEP][PASSED] - delay(2): Delayed 2 second(s)

2019-04-03 12:56:57 - [MESSAGE][PASSED] - Delayed 2 second(s)

2019-04-03 12:56:57 - [TEST_STEP][PASSED] - click(findTestObject("Object Repository/Page_KiboEngage  Edit Template/h6_List")): Object: 'Object Repository/Page_KiboEngage  Edit Template/h6_List' is clicked on

2019-04-03 12:56:58 - [MESSAGE][PASSED] - Object: 'Object Repository/Page_KiboEngage  Edit Template/h6_List' is clicked on

2019-04-03 12:56:58 - [TEST_STEP][PASSED] - setText(findTestObject("Object Repository/Page_KiboEngage  Edit Template/input_Welcome Message_form-control"), "title1"): Text 'title1' is set on object 'Object Repository/Page_KiboEngage  Edit Template/input_Welcome Message_form-control'

2019-04-03 12:56:58 - [MESSAGE][PASSED] - Text 'title1' is set on object 'Object Repository/Page_KiboEngage  Edit Template/input_Welcome Message_form-control'

2019-04-03 12:56:58 - [TEST_STEP][PASSED] - setText(findTestObject("Page_KiboEngage  Edit Template/List Item2 Title"), "title2"): Text 'title2' is set on object 'Object Repository/Page_KiboEngage  Edit Template/List Item2 Title'

2019-04-03 12:56:58 - [MESSAGE][PASSED] - Text 'title2' is set on object 'Object Repository/Page_KiboEngage  Edit Template/List Item2 Title'

2019-04-03 12:56:58 - [TEST_STEP][PASSED] - click(findTestObject("Object Repository/Page_KiboEngage  Edit Template/a_Add Action (2)")): Object: 'Object Repository/Page_KiboEngage  Edit Template/a_Add Action (2)' is clicked on

2019-04-03 12:56:58 - [MESSAGE][PASSED] - Object: 'Object Repository/Page_KiboEngage  Edit Template/a_Add Action (2)' is clicked on

2019-04-03 12:56:58 - [TEST_STEP][PASSED] - click(findTestObject("Object Repository/Page_KiboEngage  Edit Template/h7_Open a webview (5)")): Object: 'Object Repository/Page_KiboEngage  Edit Template/h7_Open a webview (5)' is clicked on

2019-04-03 12:56:58 - [MESSAGE][PASSED] - Object: 'Object Repository/Page_KiboEngage  Edit Template/h7_Open a webview (5)' is clicked on

2019-04-03 12:56:58 - [TEST_STEP][PASSED] - setText(findTestObject("Object Repository/Page_KiboEngage  Edit Template/input_Url_form-control (5)"), "https://kiboengage.cloudkibo.com"): Text 'https://kiboengage.cloudkibo.com' is set on object 'Object Repository/Page_KiboEngage  Edit Template/input_Url_form-control (5)'

2019-04-03 12:56:59 - [MESSAGE][PASSED] - Text 'https://kiboengage.cloudkibo.com' is set on object 'Object Repository/Page_KiboEngage  Edit Template/input_Url_form-control (5)'

2019-04-03 12:56:59 - [TEST_STEP][PASSED] - click(findTestObject("Object Repository/Page_KiboEngage  Edit Template/button_Done (5)")): Object: 'Object Repository/Page_KiboEngage  Edit Template/button_Done (5)' is clicked on

2019-04-03 12:56:59 - [MESSAGE][PASSED] - Object: 'Object Repository/Page_KiboEngage  Edit Template/button_Done (5)' is clicked on

2019-04-03 12:56:59 - [TEST_STEP][PASSED] - click(findTestObject("Object Repository/Page_KiboEngage  Edit Template/a_Add Action_1")): Object: 'Object Repository/Page_KiboEngage  Edit Template/a_Add Action_1' is clicked on

2019-04-03 12:56:59 - [MESSAGE][PASSED] - Object: 'Object Repository/Page_KiboEngage  Edit Template/a_Add Action_1' is clicked on

2019-04-03 12:56:59 - [TEST_STEP][PASSED] - click(findTestObject("Object Repository/Page_KiboEngage  Edit Template/h7_Open a webview (5)")): Object: 'Object Repository/Page_KiboEngage  Edit Template/h7_Open a webview (5)' is clicked on

2019-04-03 12:56:59 - [MESSAGE][PASSED] - Object: 'Object Repository/Page_KiboEngage  Edit Template/h7_Open a webview (5)' is clicked on

2019-04-03 12:56:59 - [TEST_STEP][PASSED] - setText(findTestObject("Object Repository/Page_KiboEngage  Edit Template/input_Url_form-control (5)"), "https://kiboengage.cloudkibo.com"): Text 'https://kiboengage.cloudkibo.com' is set on object 'Object Repository/Page_KiboEngage  Edit Template/input_Url_form-control (5)'

2019-04-03 12:56:59 - [MESSAGE][PASSED] - Text 'https://kiboengage.cloudkibo.com' is set on object 'Object Repository/Page_KiboEngage  Edit Template/input_Url_form-control (5)'

2019-04-03 12:56:59 - [TEST_STEP][PASSED] - click(findTestObject("Object Repository/Page_KiboEngage  Edit Template/button_Done (5)")): Object: 'Object Repository/Page_KiboEngage  Edit Template/button_Done (5)' is clicked on

2019-04-03 12:56:59 - [MESSAGE][PASSED] - Object: 'Object Repository/Page_KiboEngage  Edit Template/button_Done (5)' is clicked on

2019-04-03 12:56:59 - [TEST_STEP][PASSED] - setText(findTestObject("Page_KiboEngage  Edit Template/List Item1 Subtitle"), "1"): Text '1' is set on object 'Object Repository/Page_KiboEngage  Edit Template/List Item1 Subtitle'

2019-04-03 12:56:59 - [MESSAGE][PASSED] - Text '1' is set on object 'Object Repository/Page_KiboEngage  Edit Template/List Item1 Subtitle'

2019-04-03 12:56:59 - [TEST_STEP][PASSED] - setText(findTestObject("Page_KiboEngage  Edit Template/List Item2 Subtitle"), "2"): Text '2' is set on object 'Object Repository/Page_KiboEngage  Edit Template/List Item2 Subtitle'

2019-04-03 12:57:00 - [MESSAGE][PASSED] - Text '2' is set on object 'Object Repository/Page_KiboEngage  Edit Template/List Item2 Subtitle'

2019-04-03 12:57:00 - [TEST_STEP][PASSED] - click(findTestObject("Object Repository/Page_KiboEngage  Edit Template/button_Save (5)")): Object: 'Object Repository/Page_KiboEngage  Edit Template/button_Save (5)' is clicked on

2019-04-03 12:57:00 - [MESSAGE][PASSED] - Object: 'Object Repository/Page_KiboEngage  Edit Template/button_Save (5)' is clicked on

2019-04-03 12:57:00 - [TEST_STEP][PASSED] - delay(2): Delayed 2 second(s)

2019-04-03 12:57:02 - [MESSAGE][PASSED] - Delayed 2 second(s)

2019-04-03 12:57:02 - [TEST_STEP][PASSED] - click(findTestObject("Object Repository/Page_KiboEngage  Edit Template/div_Message saved successfully (5)")): Object: 'Object Repository/Page_KiboEngage  Edit Template/div_Message saved successfully (5)' is clicked on

2019-04-03 12:57:02 - [MESSAGE][PASSED] - Object: 'Object Repository/Page_KiboEngage  Edit Template/div_Message saved successfully (5)' is clicked on

2019-04-03 12:57:02 - [TEST_STEP][PASSED] - click(findTestObject("Object Repository/Page_KiboEngage  Edit Template/i_Welcome Message_fa fa-times fa-stack-2x (3)")): Object: 'Object Repository/Page_KiboEngage  Edit Template/i_Welcome Message_fa fa-times fa-stack-2x (3)' is clicked on

2019-04-03 12:57:02 - [MESSAGE][PASSED] - Object: 'Object Repository/Page_KiboEngage  Edit Template/i_Welcome Message_fa fa-times fa-stack-2x (3)' is clicked on

2019-04-03 12:57:02 - [TEST_STEP][PASSED] - click(findTestObject("Object Repository/Page_KiboEngage  Edit Template/h6_Text (2)")): Object: 'Object Repository/Page_KiboEngage  Edit Template/h6_Text (2)' is clicked on

2019-04-03 12:57:02 - [MESSAGE][PASSED] - Object: 'Object Repository/Page_KiboEngage  Edit Template/h6_Text (2)' is clicked on

2019-04-03 12:57:02 - [TEST_STEP][PASSED] - setText(findTestObject("Page_KiboEngage  Edit Template/Text Text Area Post Card"), "Hi {{user_full_name}}! Thanks for getting in touch with us on Messenger. Please send us any questions you may have"): Text 'Hi {{user_full_name}}! Thanks for getting in touch with us on Messenger. Please send us any questions you may have' is set on object 'Object Repository/Page_KiboEngage  Edit Template/Text Text Area Post Card'

2019-04-03 12:57:03 - [MESSAGE][PASSED] - Text 'Hi {{user_full_name}}! Thanks for getting in touch with us on Messenger. Please send us any questions you may have' is set on object 'Object Repository/Page_KiboEngage  Edit Template/Text Text Area Post Card'

2019-04-03 12:57:03 - [TEST_STEP][PASSED] - click(findTestObject("Object Repository/Page_KiboEngage  Edit Template/button_Save (5)")): Object: 'Object Repository/Page_KiboEngage  Edit Template/button_Save (5)' is clicked on

2019-04-03 12:57:03 - [MESSAGE][PASSED] - Object: 'Object Repository/Page_KiboEngage  Edit Template/button_Save (5)' is clicked on

2019-04-03 12:57:03 - [TEST_STEP][PASSED] - delay(2): Delayed 2 second(s)

2019-04-03 12:57:05 - [MESSAGE][PASSED] - Delayed 2 second(s)

2019-04-03 12:57:05 - [TEST_STEP][PASSED] - click(findTestObject("Object Repository/Page_KiboEngage  Edit Template/div_Message saved successfully (5)")): Object: 'Object Repository/Page_KiboEngage  Edit Template/div_Message saved successfully (5)' is clicked on

2019-04-03 12:57:05 - [MESSAGE][PASSED] - Object: 'Object Repository/Page_KiboEngage  Edit Template/div_Message saved successfully (5)' is clicked on]]></system-out>
         <system-err><![CDATA[]]></system-err>
      </testcase>
      <testcase name="Test Cases/Webview/TC11136" classname="Test Cases/Webview/TC11136" status="PASSED">
         <system-out><![CDATA[2019-04-03 12:57:05 - [TEST_CASE][PASSED] - Test Cases/Webview/TC11136: Test Cases/Webview/TC11136

2019-04-03 12:57:05 - [TEST_STEP][PASSED] - callTestCase(findTestCase("Welcome Message TestCases/Open Welcome Message Edit Screen"), [:], STOP_ON_FAILURE): Call Test Case 'Test Cases/Welcome Message TestCases/Open Welcome Message Edit Screen' successfully

2019-04-03 12:57:05 - [TEST_CASE][PASSED] - Test Cases/Welcome Message TestCases/Open Welcome Message Edit Screen: Test Cases/Welcome Message TestCases/Open Welcome Message Edit Screen

2019-04-03 12:57:05 - [TEST_STEP][PASSED] - callTestCase(findTestCase("s-sidebar_navigation/individualAccount/Login_Muzamil"), [:], STOP_ON_FAILURE): Call Test Case 'Test Cases/s-sidebar_navigation/individualAccount/Login_Muzamil' successfully

2019-04-03 12:57:06 - [TEST_CASE][PASSED] - Test Cases/s-sidebar_navigation/individualAccount/Login_Muzamil: Test Cases/s-sidebar_navigation/individualAccount/Login_Muzamil

2019-04-03 12:57:06 - [TEST_STEP][PASSED] - openBrowser(""): Browser is opened with url: ''

2019-04-03 12:57:06 - [MESSAGE][WARNING] - A browser is already opened. Closing browser and opening a new one

2019-04-03 12:57:06 - [MESSAGE][INFO] - Starting 'Chrome' driver

2019-04-03 12:57:06 - [MESSAGE][PASSED] - Browser is opened with url: ''

2019-04-03 12:57:06 - [TEST_STEP][PASSED] - maximizeWindow(): Current window maximized

2019-04-03 12:57:07 - [MESSAGE][PASSED] - Current window maximized

2019-04-03 12:57:07 - [TEST_STEP][PASSED] - navigateToUrl("https://app.kibopush.com/"): Navigate to 'https://app.kibopush.com/' successfully

2019-04-03 12:57:25 - [MESSAGE][PASSED] - Navigate to 'https://app.kibopush.com/' successfully

2019-04-03 12:57:25 - [TEST_STEP][PASSED] - click(findTestObject("Page_CloudKibo/a_Login (2)")): Object: 'Object Repository/Page_CloudKibo/a_Login (2)' is clicked on

2019-04-03 12:57:26 - [MESSAGE][PASSED] - Object: 'Object Repository/Page_CloudKibo/a_Login (2)' is clicked on

2019-04-03 12:57:26 - [TEST_STEP][PASSED] - delay(2): Delayed 2 second(s)

2019-04-03 12:57:28 - [MESSAGE][PASSED] - Delayed 2 second(s)

2019-04-03 12:57:28 - [TEST_STEP][PASSED] - setText(findTestObject("Page_CloudKibo/input_Sign In_email (1)"), "muzamil.bukhari.39@gmail.com"): Text 'muzamil.bukhari.39@gmail.com' is set on object 'Object Repository/Page_CloudKibo/input_Sign In_email (1)'

2019-04-03 12:57:28 - [MESSAGE][PASSED] - Text 'muzamil.bukhari.39@gmail.com' is set on object 'Object Repository/Page_CloudKibo/input_Sign In_email (1)'

2019-04-03 12:57:28 - [TEST_STEP][PASSED] - setEncryptedText(findTestObject("Page_CloudKibo/input_Sign In_password (1)"), "ZOMPkeJIpHWb3LMKk986MQ=="): Text ****** has been set on object 'Object Repository/Page_CloudKibo/input_Sign In_password (1)'

2019-04-03 12:57:29 - [MESSAGE][PASSED] - Text ****** has been set on object 'Object Repository/Page_CloudKibo/input_Sign In_password (1)'

2019-04-03 12:57:29 - [TEST_STEP][PASSED] - delay(1): Delayed 1 second(s)

2019-04-03 12:57:30 - [MESSAGE][PASSED] - Delayed 1 second(s)

2019-04-03 12:57:30 - [TEST_STEP][PASSED] - click(findTestObject("Page_CloudKibo/button_Sign In (5)")): Object: 'Object Repository/Page_CloudKibo/button_Sign In (5)' is clicked on

2019-04-03 12:57:30 - [MESSAGE][PASSED] - Object: 'Object Repository/Page_CloudKibo/button_Sign In (5)' is clicked on

2019-04-03 12:57:30 - [TEST_STEP][PASSED] - delay(3): Delayed 3 second(s)

2019-04-03 12:57:33 - [MESSAGE][PASSED] - Delayed 3 second(s)

2019-04-03 12:57:33 - [TEST_STEP][PASSED] - click(findTestObject("Object Repository/Page_KiboEngage  Dashboard/h4_KIBOPUSH")): Object: 'Object Repository/Page_KiboEngage  Dashboard/h4_KIBOPUSH' is clicked on

2019-04-03 12:57:46 - [MESSAGE][PASSED] - Object: 'Object Repository/Page_KiboEngage  Dashboard/h4_KIBOPUSH' is clicked on

2019-04-03 12:57:46 - [MESSAGE][PASSED] - Call Test Case 'Test Cases/s-sidebar_navigation/individualAccount/Login_Muzamil' successfully

2019-04-03 12:57:46 - [TEST_STEP][PASSED] - delay(2): Delayed 2 second(s)

2019-04-03 12:57:48 - [MESSAGE][PASSED] - Delayed 2 second(s)

2019-04-03 12:57:48 - [TEST_STEP][PASSED] - click(findTestObject("Object Repository/Page_KiboEngage  Dashboard/span_Manage Pages (2)")): Object: 'Object Repository/Page_KiboEngage  Dashboard/span_Manage Pages (2)' is clicked on

2019-04-03 12:57:48 - [MESSAGE][PASSED] - Object: 'Object Repository/Page_KiboEngage  Dashboard/span_Manage Pages (2)' is clicked on

2019-04-03 12:57:48 - [TEST_STEP][PASSED] - delay(1): Delayed 1 second(s)

2019-04-03 12:57:49 - [MESSAGE][PASSED] - Delayed 1 second(s)

2019-04-03 12:57:49 - [TEST_STEP][PASSED] - click(findTestObject("Object Repository/Page_KiboEngage  Dashboard/span_Welcome Message")): Object: 'Object Repository/Page_KiboEngage  Dashboard/span_Welcome Message' is clicked on

2019-04-03 12:57:49 - [MESSAGE][PASSED] - Object: 'Object Repository/Page_KiboEngage  Dashboard/span_Welcome Message' is clicked on

2019-04-03 12:57:49 - [TEST_STEP][PASSED] - delay(1): Delayed 1 second(s)

2019-04-03 12:57:50 - [MESSAGE][PASSED] - Delayed 1 second(s)

2019-04-03 12:57:50 - [TEST_STEP][PASSED] - click(findTestObject("Object Repository/Page_KiboEngage  Welcome Message/button_Edit Message")): Object: 'Object Repository/Page_KiboEngage  Welcome Message/button_Edit Message' is clicked on

2019-04-03 12:57:51 - [MESSAGE][PASSED] - Object: 'Object Repository/Page_KiboEngage  Welcome Message/button_Edit Message' is clicked on

2019-04-03 12:57:51 - [TEST_STEP][PASSED] - delay(1): Delayed 1 second(s)

2019-04-03 12:57:52 - [MESSAGE][PASSED] - Delayed 1 second(s)

2019-04-03 12:57:52 - [TEST_STEP][PASSED] - click(findTestObject("Object Repository/Page_KiboEngage  Edit Template/h3_Welcome Message")): Object: 'Object Repository/Page_KiboEngage  Edit Template/h3_Welcome Message' is clicked on

2019-04-03 12:57:52 - [MESSAGE][PASSED] - Object: 'Object Repository/Page_KiboEngage  Edit Template/h3_Welcome Message' is clicked on

2019-04-03 12:57:52 - [MESSAGE][PASSED] - Call Test Case 'Test Cases/Welcome Message TestCases/Open Welcome Message Edit Screen' successfully

2019-04-03 12:57:52 - [TEST_STEP][PASSED] - delay(2): Delayed 2 second(s)

2019-04-03 12:57:54 - [MESSAGE][PASSED] - Delayed 2 second(s)

2019-04-03 12:57:54 - [TEST_STEP][PASSED] - click(findTestObject("Page_KiboEngage  Edit Template/i_Welcome Message_fa fa-times fa-stack-2x (2) (1) (1)")): Object: 'Object Repository/Page_KiboEngage  Edit Template/i_Welcome Message_fa fa-times fa-stack-2x (2) (1) (1)' is clicked on

2019-04-03 12:57:54 - [MESSAGE][PASSED] - Object: 'Object Repository/Page_KiboEngage  Edit Template/i_Welcome Message_fa fa-times fa-stack-2x (2) (1) (1)' is clicked on

2019-04-03 12:57:54 - [TEST_STEP][PASSED] - delay(2): Delayed 2 second(s)

2019-04-03 12:57:56 - [MESSAGE][PASSED] - Delayed 2 second(s)

2019-04-03 12:57:56 - [TEST_STEP][PASSED] - click(findTestObject("Page_KiboEngage  Edit Template/h6_List (1)")): Object: 'Object Repository/Page_KiboEngage  Edit Template/h6_List (1)' is clicked on

2019-04-03 12:57:56 - [MESSAGE][PASSED] - Object: 'Object Repository/Page_KiboEngage  Edit Template/h6_List (1)' is clicked on

2019-04-03 12:57:56 - [TEST_STEP][PASSED] - setText(findTestObject("Page_KiboEngage  Edit Template/input_Welcome Message_form-control (1)"), "title1"): Text 'title1' is set on object 'Object Repository/Page_KiboEngage  Edit Template/input_Welcome Message_form-control (1)'

2019-04-03 12:57:56 - [MESSAGE][PASSED] - Text 'title1' is set on object 'Object Repository/Page_KiboEngage  Edit Template/input_Welcome Message_form-control (1)'

2019-04-03 12:57:56 - [TEST_STEP][PASSED] - setText(findTestObject("Page_KiboEngage  Edit Template/List Item2 Title (1)"), "title2"): Text 'title2' is set on object 'Object Repository/Page_KiboEngage  Edit Template/List Item2 Title (1)'

2019-04-03 12:57:56 - [MESSAGE][PASSED] - Text 'title2' is set on object 'Object Repository/Page_KiboEngage  Edit Template/List Item2 Title (1)'

2019-04-03 12:57:56 - [TEST_STEP][PASSED] - click(findTestObject("Page_KiboEngage  Edit Template/a_Add Action (2) (1)")): Object: 'Object Repository/Page_KiboEngage  Edit Template/a_Add Action (2) (1)' is clicked on

2019-04-03 12:57:56 - [MESSAGE][PASSED] - Object: 'Object Repository/Page_KiboEngage  Edit Template/a_Add Action (2) (1)' is clicked on

2019-04-03 12:57:56 - [TEST_STEP][PASSED] - click(findTestObject("Page_KiboEngage  Edit Template/h7_Open a webview (5) (1)")): Object: 'Object Repository/Page_KiboEngage  Edit Template/h7_Open a webview (5) (1)' is clicked on

2019-04-03 12:57:56 - [MESSAGE][PASSED] - Object: 'Object Repository/Page_KiboEngage  Edit Template/h7_Open a webview (5) (1)' is clicked on

2019-04-03 12:57:56 - [TEST_STEP][PASSED] - setText(findTestObject("Page_KiboEngage  Edit Template/input_Url_form-control (5) (1)"), "https://kiboengage.cloudkibo.com"): Text 'https://kiboengage.cloudkibo.com' is set on object 'Object Repository/Page_KiboEngage  Edit Template/input_Url_form-control (5) (1)'

2019-04-03 12:57:57 - [MESSAGE][PASSED] - Text 'https://kiboengage.cloudkibo.com' is set on object 'Object Repository/Page_KiboEngage  Edit Template/input_Url_form-control (5) (1)'

2019-04-03 12:57:57 - [TEST_STEP][PASSED] - click(findTestObject("Page_KiboEngage  Edit Template/button_Done (5) (1)")): Object: 'Object Repository/Page_KiboEngage  Edit Template/button_Done (5) (1)' is clicked on

2019-04-03 12:57:57 - [MESSAGE][PASSED] - Object: 'Object Repository/Page_KiboEngage  Edit Template/button_Done (5) (1)' is clicked on

2019-04-03 12:57:57 - [TEST_STEP][PASSED] - click(findTestObject("Page_KiboEngage  Edit Template/a_Add Action_1 (1)")): Object: 'Object Repository/Page_KiboEngage  Edit Template/a_Add Action_1 (1)' is clicked on

2019-04-03 12:57:57 - [MESSAGE][PASSED] - Object: 'Object Repository/Page_KiboEngage  Edit Template/a_Add Action_1 (1)' is clicked on

2019-04-03 12:57:57 - [TEST_STEP][PASSED] - click(findTestObject("Page_KiboEngage  Edit Template/h7_Open a webview (5) (1)")): Object: 'Object Repository/Page_KiboEngage  Edit Template/h7_Open a webview (5) (1)' is clicked on

2019-04-03 12:57:57 - [MESSAGE][PASSED] - Object: 'Object Repository/Page_KiboEngage  Edit Template/h7_Open a webview (5) (1)' is clicked on

2019-04-03 12:57:57 - [TEST_STEP][PASSED] - setText(findTestObject("Page_KiboEngage  Edit Template/input_Url_form-control (5) (1)"), "https://kiboengage.cloudkibo.com"): Text 'https://kiboengage.cloudkibo.com' is set on object 'Object Repository/Page_KiboEngage  Edit Template/input_Url_form-control (5) (1)'

2019-04-03 12:57:58 - [MESSAGE][PASSED] - Text 'https://kiboengage.cloudkibo.com' is set on object 'Object Repository/Page_KiboEngage  Edit Template/input_Url_form-control (5) (1)'

2019-04-03 12:57:58 - [TEST_STEP][PASSED] - click(findTestObject("Page_KiboEngage  Edit Template/button_Done (5) (1)")): Object: 'Object Repository/Page_KiboEngage  Edit Template/button_Done (5) (1)' is clicked on

2019-04-03 12:57:58 - [MESSAGE][PASSED] - Object: 'Object Repository/Page_KiboEngage  Edit Template/button_Done (5) (1)' is clicked on

2019-04-03 12:57:58 - [TEST_STEP][PASSED] - setText(findTestObject("Page_KiboEngage  Edit Template/List Item1 Subtitle (1)"), "1"): Text '1' is set on object 'Object Repository/Page_KiboEngage  Edit Template/List Item1 Subtitle (1)'

2019-04-03 12:57:58 - [MESSAGE][PASSED] - Text '1' is set on object 'Object Repository/Page_KiboEngage  Edit Template/List Item1 Subtitle (1)'

2019-04-03 12:57:58 - [TEST_STEP][PASSED] - setText(findTestObject("Page_KiboEngage  Edit Template/List Item2 Subtitle (1)"), "2"): Text '2' is set on object 'Object Repository/Page_KiboEngage  Edit Template/List Item2 Subtitle (1)'

2019-04-03 12:57:58 - [MESSAGE][PASSED] - Text '2' is set on object 'Object Repository/Page_KiboEngage  Edit Template/List Item2 Subtitle (1)'

2019-04-03 12:57:58 - [TEST_STEP][PASSED] - delay(2): Delayed 2 second(s)

2019-04-03 12:58:00 - [MESSAGE][PASSED] - Delayed 2 second(s)

2019-04-03 12:58:00 - [TEST_STEP][PASSED] - click(findTestObject("Page_KiboEngage  Edit Template/a_Edit Action (1)")): Object: 'Object Repository/Page_KiboEngage  Edit Template/a_Edit Action (1)' is clicked on

2019-04-03 12:58:00 - [MESSAGE][PASSED] - Object: 'Object Repository/Page_KiboEngage  Edit Template/a_Edit Action (1)' is clicked on

2019-04-03 12:58:00 - [TEST_STEP][PASSED] - setText(findTestObject("Page_KiboEngage  Edit Template/input_Url_form-control (6)"), "https://skiboengage.cloudkibo.com"): Text 'https://skiboengage.cloudkibo.com' is set on object 'Object Repository/Page_KiboEngage  Edit Template/input_Url_form-control (6)'

2019-04-03 12:58:00 - [MESSAGE][PASSED] - Text 'https://skiboengage.cloudkibo.com' is set on object 'Object Repository/Page_KiboEngage  Edit Template/input_Url_form-control (6)'

2019-04-03 12:58:00 - [TEST_STEP][PASSED] - selectOptionByValue(findTestObject("Page_KiboEngage  Edit Template/select_COMPACTTALLFULL (2)"), "COMPACT", true): All options with value 'COMPACT' are selected in object 'Object Repository/Page_KiboEngage  Edit Template/select_COMPACTTALLFULL (2)'  using regular expression

2019-04-03 12:58:00 - [MESSAGE][PASSED] - All options with value 'COMPACT' are selected in object 'Object Repository/Page_KiboEngage  Edit Template/select_COMPACTTALLFULL (2)'  using regular expression

2019-04-03 12:58:00 - [TEST_STEP][PASSED] - click(findTestObject("Page_KiboEngage  Edit Template/button_Done (6)")): Object: 'Object Repository/Page_KiboEngage  Edit Template/button_Done (6)' is clicked on

2019-04-03 12:58:01 - [MESSAGE][PASSED] - Object: 'Object Repository/Page_KiboEngage  Edit Template/button_Done (6)' is clicked on

2019-04-03 12:58:01 - [TEST_STEP][PASSED] - delay(2): Delayed 2 second(s)

2019-04-03 12:58:03 - [MESSAGE][PASSED] - Delayed 2 second(s)

2019-04-03 12:58:03 - [TEST_STEP][PASSED] - click(findTestObject("Page_KiboEngage  Edit Template/button_Save (5) (1)")): Object: 'Object Repository/Page_KiboEngage  Edit Template/button_Save (5) (1)' is clicked on

2019-04-03 12:58:03 - [MESSAGE][PASSED] - Object: 'Object Repository/Page_KiboEngage  Edit Template/button_Save (5) (1)' is clicked on

2019-04-03 12:58:03 - [TEST_STEP][PASSED] - delay(2): Delayed 2 second(s)

2019-04-03 12:58:05 - [MESSAGE][PASSED] - Delayed 2 second(s)

2019-04-03 12:58:05 - [TEST_STEP][PASSED] - click(findTestObject("Page_KiboEngage  Edit Template/div_Message saved successfully (5) (1)")): Object: 'Object Repository/Page_KiboEngage  Edit Template/div_Message saved successfully (5) (1)' is clicked on

2019-04-03 12:58:05 - [MESSAGE][PASSED] - Object: 'Object Repository/Page_KiboEngage  Edit Template/div_Message saved successfully (5) (1)' is clicked on

2019-04-03 12:58:05 - [TEST_STEP][PASSED] - delay(2): Delayed 2 second(s)

2019-04-03 12:58:07 - [MESSAGE][PASSED] - Delayed 2 second(s)

2019-04-03 12:58:07 - [TEST_STEP][PASSED] - click(findTestObject("Page_KiboEngage  Edit Template/i_Welcome Message_fa fa-times fa-stack-2x (3) (1)")): Object: 'Object Repository/Page_KiboEngage  Edit Template/i_Welcome Message_fa fa-times fa-stack-2x (3) (1)' is clicked on

2019-04-03 12:58:07 - [MESSAGE][PASSED] - Object: 'Object Repository/Page_KiboEngage  Edit Template/i_Welcome Message_fa fa-times fa-stack-2x (3) (1)' is clicked on

2019-04-03 12:58:07 - [TEST_STEP][PASSED] - click(findTestObject("Page_KiboEngage  Edit Template/h6_Text (2) (1)")): Object: 'Object Repository/Page_KiboEngage  Edit Template/h6_Text (2) (1)' is clicked on

2019-04-03 12:58:07 - [MESSAGE][PASSED] - Object: 'Object Repository/Page_KiboEngage  Edit Template/h6_Text (2) (1)' is clicked on

2019-04-03 12:58:07 - [TEST_STEP][PASSED] - setText(findTestObject("Page_KiboEngage  Edit Template/Text Text Area Post Card (2)"), "Hi {{user_full_name}}! Thanks for getting in touch with us on Messenger. Please send us any questions you may have"): Text 'Hi {{user_full_name}}! Thanks for getting in touch with us on Messenger. Please send us any questions you may have' is set on object 'Object Repository/Page_KiboEngage  Edit Template/Text Text Area Post Card (2)'

2019-04-03 12:58:09 - [MESSAGE][PASSED] - Text 'Hi {{user_full_name}}! Thanks for getting in touch with us on Messenger. Please send us any questions you may have' is set on object 'Object Repository/Page_KiboEngage  Edit Template/Text Text Area Post Card (2)'

2019-04-03 12:58:09 - [TEST_STEP][PASSED] - click(findTestObject("Page_KiboEngage  Edit Template/button_Save (5) (1)")): Object: 'Object Repository/Page_KiboEngage  Edit Template/button_Save (5) (1)' is clicked on

2019-04-03 12:58:09 - [MESSAGE][PASSED] - Object: 'Object Repository/Page_KiboEngage  Edit Template/button_Save (5) (1)' is clicked on

2019-04-03 12:58:09 - [TEST_STEP][PASSED] - delay(2): Delayed 2 second(s)

2019-04-03 12:58:11 - [MESSAGE][PASSED] - Delayed 2 second(s)

2019-04-03 12:58:11 - [TEST_STEP][PASSED] - click(findTestObject("Page_KiboEngage  Edit Template/div_Message saved successfully (5) (1)")): Object: 'Object Repository/Page_KiboEngage  Edit Template/div_Message saved successfully (5) (1)' is clicked on

2019-04-03 12:58:11 - [MESSAGE][PASSED] - Object: 'Object Repository/Page_KiboEngage  Edit Template/div_Message saved successfully (5) (1)' is clicked on]]></system-out>
         <system-err><![CDATA[]]></system-err>
      </testcase>
      <system-out><![CDATA[2019-04-03 12:10:24 - [TEST_SUITE][FAILED] - Webview: Test Cases/Webview/TC1089 FAILED.
Reason:
com.kms.katalon.core.exception.StepFailedException: Unable to verify object 'Object Repository/Page_KiboEngage  Create Broadcast/button_test (2)' is not present
	at com.kms.katalon.core.webui.keyword.internal.WebUIKeywordMain.stepFailed(WebUIKeywordMain.groovy:64)
	at com.kms.katalon.core.webui.keyword.internal.WebUIKeywordMain.runKeyword(WebUIKeywordMain.groovy:26)
	at com.kms.katalon.core.webui.keyword.builtin.VerifyElementNotPresentKeyword.verifyElementNotPresent(VerifyElementNotPresentKeyword.groovy:118)
	at com.kms.katalon.core.webui.keyword.builtin.VerifyElementNotPresentKeyword.execute(VerifyElementNotPresentKeyword.groovy:68)
	at com.kms.katalon.core.keyword.internal.KeywordExecutor.executeKeywordForPlatform(KeywordExecutor.groovy:56)
	at com.kms.katalon.core.webui.keyword.WebUiBuiltInKeywords.verifyElementNotPresent(WebUiBuiltInKeywords.groovy:1467)
	at com.kms.katalon.core.webui.keyword.WebUiBuiltInKeywords$verifyElementNotPresent$6.call(Unknown Source)
	at TC1089.run(TC1089:58)
	at com.kms.katalon.core.main.ScriptEngine.run(ScriptEngine.java:194)
	at com.kms.katalon.core.main.ScriptEngine.runScriptAsRawText(ScriptEngine.java:119)
	at com.kms.katalon.core.main.TestCaseExecutor.runScript(TestCaseExecutor.java:331)
	at com.kms.katalon.core.main.TestCaseExecutor.doExecute(TestCaseExecutor.java:322)
	at com.kms.katalon.core.main.TestCaseExecutor.processExecutionPhase(TestCaseExecutor.java:301)
	at com.kms.katalon.core.main.TestCaseExecutor.accessMainPhase(TestCaseExecutor.java:293)
	at com.kms.katalon.core.main.TestCaseExecutor.execute(TestCaseExecutor.java:227)
	at com.kms.katalon.core.main.TestSuiteExecutor.accessTestCaseMainPhase(TestSuiteExecutor.java:129)
	at com.kms.katalon.core.main.TestSuiteExecutor.accessTestSuiteMainPhase(TestSuiteExecutor.java:112)
	at com.kms.katalon.core.main.TestSuiteExecutor.execute(TestSuiteExecutor.java:81)
	at com.kms.katalon.core.main.TestCaseMain.startTestSuite(TestCaseMain.java:157)
	at com.kms.katalon.core.main.TestCaseMain$startTestSuite$0.call(Unknown Source)
	at TempTestSuite1554275422234.run(TempTestSuite1554275422234.groovy:35)
Caused by: com.kms.katalon.core.exception.StepFailedException: Web element with id: 'Object Repository/Page_KiboEngage  Create Broadcast/button_test (2)' located by 'By.xpath: //button[(text() = 'test' or . = 'test')]' is present after '30' second(s)
	at com.kms.katalon.core.webui.keyword.internal.WebUIKeywordMain.stepFailed(WebUIKeywordMain.groovy:64)
	at com.kms.katalon.core.webui.keyword.builtin.VerifyElementNotPresentKeyword$_verifyElementNotPresent_closure1.doCall(VerifyElementNotPresentKeyword.groovy:107)
	at com.kms.katalon.core.webui.keyword.builtin.VerifyElementNotPresentKeyword$_verifyElementNotPresent_closure1.call(VerifyElementNotPresentKeyword.groovy)
	at com.kms.katalon.core.webui.keyword.internal.WebUIKeywordMain.runKeyword(WebUIKeywordMain.groovy:20)
	... 19 more]]></system-out>
      <system-err><![CDATA[2019-04-03 12:10:24 - [TEST_SUITE][FAILED] - Webview: Test Cases/Webview/TC1089 FAILED.
Reason:
com.kms.katalon.core.exception.StepFailedException: Unable to verify object 'Object Repository/Page_KiboEngage  Create Broadcast/button_test (2)' is not present
	at com.kms.katalon.core.webui.keyword.internal.WebUIKeywordMain.stepFailed(WebUIKeywordMain.groovy:64)
	at com.kms.katalon.core.webui.keyword.internal.WebUIKeywordMain.runKeyword(WebUIKeywordMain.groovy:26)
	at com.kms.katalon.core.webui.keyword.builtin.VerifyElementNotPresentKeyword.verifyElementNotPresent(VerifyElementNotPresentKeyword.groovy:118)
	at com.kms.katalon.core.webui.keyword.builtin.VerifyElementNotPresentKeyword.execute(VerifyElementNotPresentKeyword.groovy:68)
	at com.kms.katalon.core.keyword.internal.KeywordExecutor.executeKeywordForPlatform(KeywordExecutor.groovy:56)
	at com.kms.katalon.core.webui.keyword.WebUiBuiltInKeywords.verifyElementNotPresent(WebUiBuiltInKeywords.groovy:1467)
	at com.kms.katalon.core.webui.keyword.WebUiBuiltInKeywords$verifyElementNotPresent$6.call(Unknown Source)
	at TC1089.run(TC1089:58)
	at com.kms.katalon.core.main.ScriptEngine.run(ScriptEngine.java:194)
	at com.kms.katalon.core.main.ScriptEngine.runScriptAsRawText(ScriptEngine.java:119)
	at com.kms.katalon.core.main.TestCaseExecutor.runScript(TestCaseExecutor.java:331)
	at com.kms.katalon.core.main.TestCaseExecutor.doExecute(TestCaseExecutor.java:322)
	at com.kms.katalon.core.main.TestCaseExecutor.processExecutionPhase(TestCaseExecutor.java:301)
	at com.kms.katalon.core.main.TestCaseExecutor.accessMainPhase(TestCaseExecutor.java:293)
	at com.kms.katalon.core.main.TestCaseExecutor.execute(TestCaseExecutor.java:227)
	at com.kms.katalon.core.main.TestSuiteExecutor.accessTestCaseMainPhase(TestSuiteExecutor.java:129)
	at com.kms.katalon.core.main.TestSuiteExecutor.accessTestSuiteMainPhase(TestSuiteExecutor.java:112)
	at com.kms.katalon.core.main.TestSuiteExecutor.execute(TestSuiteExecutor.java:81)
	at com.kms.katalon.core.main.TestCaseMain.startTestSuite(TestCaseMain.java:157)
	at com.kms.katalon.core.main.TestCaseMain$startTestSuite$0.call(Unknown Source)
	at TempTestSuite1554275422234.run(TempTestSuite1554275422234.groovy:35)
Caused by: com.kms.katalon.core.exception.StepFailedException: Web element with id: 'Object Repository/Page_KiboEngage  Create Broadcast/button_test (2)' located by 'By.xpath: //button[(text() = 'test' or . = 'test')]' is present after '30' second(s)
	at com.kms.katalon.core.webui.keyword.internal.WebUIKeywordMain.stepFailed(WebUIKeywordMain.groovy:64)
	at com.kms.katalon.core.webui.keyword.builtin.VerifyElementNotPresentKeyword$_verifyElementNotPresent_closure1.doCall(VerifyElementNotPresentKeyword.groovy:107)
	at com.kms.katalon.core.webui.keyword.builtin.VerifyElementNotPresentKeyword$_verifyElementNotPresent_closure1.call(VerifyElementNotPresentKeyword.groovy)
	at com.kms.katalon.core.webui.keyword.internal.WebUIKeywordMain.runKeyword(WebUIKeywordMain.groovy:20)
	... 19 more]]></system-err>
   </testsuite>
</testsuites>
