<?xml version="1.0" encoding="UTF-8"?>
<testsuites name="KiboLite" time="169" tests="19" failures="0" errors="0">
   <testsuite name="KiboLite" tests="19" failures="0" errors="0" time="169" timestamp="2019-04-30 10:50:13" hostname="cloudkibo-faizan - cloudkibo-faizan" id="Test Suites/Faizan Suits/KiboLite">
      <properties>
         <property name="deviceName" value=""/>
         <property name="devicePlatform" value=""/>
         <property name="logFolder" value="/home/cloudkibo-faizan/Drive/KiboPush_Automated_Testing/Reports/Faizan Suits/KiboLite/20190430_102018"/>
         <property name="logFiles" value="/home/cloudkibo-faizan/Drive/KiboPush_Automated_Testing/Reports/Faizan Suits/KiboLite/20190430_102018/execution0.log"/>
         <property name="attachments" value=""/>
         <property name="hostName" value="cloudkibo-faizan - cloudkibo-faizan"/>
         <property name="os" value="Linux 64bit"/>
         <property name="katalonVersion" value="6.0.6.4"/>
         <property name="browser" value="Chrome 73.0.3683.75"/>
         <property name="hostAddress" value="127.0.1.1"/>
         <property name="sessionId" value="fde61b214406315711b7b5bcc3ca1a5f"/>
         <property name="seleniumVersion" value="3.7.1"/>
         <property name="proxyInformation" value="ProxyInformation{proxyOption=NO_PROXY, proxyServerType=HTTP, password=, proxyServerAddress=, proxyServerPort=0}"/>
         <property name="platform" value="Linux"/>
      </properties>
      <testcase name="Test Cases/KiboLite/login" classname="Test Cases/KiboLite/login" status="PASSED">
         <system-out><![CDATA[2019-04-30 10:50:13 - [TEST_CASE][PASSED] - Test Cases/KiboLite/login: Test Cases/KiboLite/login

2019-04-30 10:50:13 - [TEST_STEP][PASSED] - openBrowser(""): Browser is opened with url: ''

2019-04-30 10:50:14 - [MESSAGE][INFO] - Starting 'Chrome' driver

2019-04-30 10:50:14 - [MESSAGE][INFO] - User set preference: ['args', '[--no-sandbox]']

2019-04-30 10:50:14 - [MESSAGE][INFO] - Action delay is set to 0 seconds

2019-04-30 10:50:15 - [MESSAGE][PASSED] - Browser is opened with url: ''

2019-04-30 10:50:15 - [TEST_STEP][PASSED] - maximizeWindow(): Current window maximized

2019-04-30 10:50:15 - [MESSAGE][PASSED] - Current window maximized

2019-04-30 10:50:15 - [TEST_STEP][PASSED] - navigateToUrl("https://kibolite.cloudkibo.com/"): Navigate to 'https://kibolite.cloudkibo.com/' successfully

2019-04-30 10:50:28 - [MESSAGE][PASSED] - Navigate to 'https://kibolite.cloudkibo.com/' successfully

2019-04-30 10:50:28 - [TEST_STEP][PASSED] - navigateToUrl("https://accounts.cloudkibo.com/?continue=http://kibolite.cloudkibo.com"): Navigate to 'https://accounts.cloudkibo.com/?continue=http://kibolite.cloudkibo.com' successfully

2019-04-30 10:50:29 - [MESSAGE][PASSED] - Navigate to 'https://accounts.cloudkibo.com/?continue=http://kibolite.cloudkibo.com' successfully

2019-04-30 10:50:29 - [TEST_STEP][PASSED] - click(findTestObject("Page_CloudKibo/a_Login (2) (1) (1)")): Object: 'Object Repository/Page_CloudKibo/a_Login (2) (1) (1)' is clicked on

2019-04-30 10:50:30 - [MESSAGE][PASSED] - Object: 'Object Repository/Page_CloudKibo/a_Login (2) (1) (1)' is clicked on

2019-04-30 10:50:30 - [TEST_STEP][PASSED] - setText(findTestObject("Page_KiboPush/input_email (10) (1) (1)"), "faizan@cloudkibo.com"): Text 'faizan@cloudkibo.com' is set on object 'Object Repository/Page_KiboPush/input_email (10) (1) (1)'

2019-04-30 10:50:30 - [MESSAGE][PASSED] - Text 'faizan@cloudkibo.com' is set on object 'Object Repository/Page_KiboPush/input_email (10) (1) (1)'

2019-04-30 10:50:30 - [TEST_STEP][PASSED] - setEncryptedText(findTestObject("Page_CloudKibo/input_Sign In_password (7)"), "qeJ0sjJnwEs="): Text ****** has been set on object 'Object Repository/Page_CloudKibo/input_Sign In_password (7)'

2019-04-30 10:50:30 - [MESSAGE][PASSED] - Text ****** has been set on object 'Object Repository/Page_CloudKibo/input_Sign In_password (7)'

2019-04-30 10:50:30 - [TEST_STEP][PASSED] - click(findTestObject("Page_CloudKibo/button_Sign In (4) (1)")): Object: 'Object Repository/Page_CloudKibo/button_Sign In (4) (1)' is clicked on

2019-04-30 10:50:30 - [MESSAGE][PASSED] - Object: 'Object Repository/Page_CloudKibo/button_Sign In (4) (1)' is clicked on

2019-04-30 10:50:30 - [TEST_STEP][PASSED] - click(findTestObject("Page_ Dashboard/h3_Dashboard (1)")): Object: 'Object Repository/Page_ Dashboard/h3_Dashboard (1)' is clicked on

2019-04-30 10:50:57 - [MESSAGE][PASSED] - Object: 'Object Repository/Page_ Dashboard/h3_Dashboard (1)' is clicked on

2019-04-30 10:50:57 - [TEST_STEP][PASSED] - delay(3): Delayed 3 second(s)

2019-04-30 10:51:00 - [MESSAGE][PASSED] - Delayed 3 second(s)

2019-04-30 10:51:00 - [TEST_STEP][PASSED] - click(findTestObject("Page_KiboEngage  Dashboard/a_SMS (2) (1) (1) (1) (1)")): Object: 'Object Repository/Page_KiboEngage  Dashboard/a_SMS (2) (1) (1) (1) (1)' is clicked on

2019-04-30 10:51:00 - [MESSAGE][PASSED] - Object: 'Object Repository/Page_KiboEngage  Dashboard/a_SMS (2) (1) (1) (1) (1)' is clicked on

2019-04-30 10:51:00 - [TEST_STEP][PASSED] - click(findTestObject("Page_KiboEngage  Dashboard/span_Messenger (1) (1) (1) (1)")): Object: 'Object Repository/Page_KiboEngage  Dashboard/span_Messenger (1) (1) (1) (1)' is clicked on

2019-04-30 10:51:00 - [MESSAGE][PASSED] - Object: 'Object Repository/Page_KiboEngage  Dashboard/span_Messenger (1) (1) (1) (1)' is clicked on]]></system-out>
         <system-err><![CDATA[]]></system-err>
      </testcase>
      <testcase name="Test Cases/KiboLite/TC11077" classname="Test Cases/KiboLite/TC11077" status="PASSED">
         <system-out><![CDATA[2019-04-30 10:51:00 - [TEST_CASE][PASSED] - Test Cases/KiboLite/TC11077: Test Cases/KiboLite/TC11077

2019-04-30 10:51:00 - [TEST_STEP][PASSED] - click(findTestObject("Page_KiboPush  Subscribers/span_Subscribers (5)")): Object: 'Object Repository/Page_KiboPush  Subscribers/span_Subscribers (5)' is clicked on

2019-04-30 10:51:00 - [MESSAGE][PASSED] - Object: 'Object Repository/Page_KiboPush  Subscribers/span_Subscribers (5)' is clicked on

2019-04-30 10:51:00 - [TEST_STEP][PASSED] - delay(1): Delayed 1 second(s)

2019-04-30 10:51:01 - [MESSAGE][PASSED] - Delayed 1 second(s)

2019-04-30 10:51:01 - [TEST_STEP][PASSED] - click(findTestObject("Page_ Dashboard/span_Broadcast")): Object: 'Object Repository/Page_ Dashboard/span_Broadcast' is clicked on

2019-04-30 10:51:01 - [MESSAGE][PASSED] - Object: 'Object Repository/Page_ Dashboard/span_Broadcast' is clicked on

2019-04-30 10:51:01 - [TEST_STEP][PASSED] - delay(1): Delayed 1 second(s)

2019-04-30 10:51:02 - [MESSAGE][PASSED] - Delayed 1 second(s)]]></system-out>
         <system-err><![CDATA[]]></system-err>
      </testcase>
      <testcase name="Test Cases/KiboLite/TC11078" classname="Test Cases/KiboLite/TC11078" status="PASSED">
         <system-out><![CDATA[2019-04-30 10:51:02 - [TEST_CASE][PASSED] - Test Cases/KiboLite/TC11078: Test Cases/KiboLite/TC11078

2019-04-30 10:51:02 - [TEST_STEP][PASSED] - delay(2): Delayed 2 second(s)

2019-04-30 10:51:04 - [MESSAGE][PASSED] - Delayed 2 second(s)

2019-04-30 10:51:04 - [TEST_STEP][PASSED] - click(findTestObject("Page_KiboPush  Subscribers/span_Subscribers (5)")): Object: 'Object Repository/Page_KiboPush  Subscribers/span_Subscribers (5)' is clicked on

2019-04-30 10:51:05 - [MESSAGE][PASSED] - Object: 'Object Repository/Page_KiboPush  Subscribers/span_Subscribers (5)' is clicked on

2019-04-30 10:51:05 - [TEST_STEP][PASSED] - delay(1): Delayed 1 second(s)

2019-04-30 10:51:06 - [MESSAGE][PASSED] - Delayed 1 second(s)

2019-04-30 10:51:06 - [TEST_STEP][PASSED] - click(findTestObject("Page_ Dashboard/span_Broadcast")): Object: 'Object Repository/Page_ Dashboard/span_Broadcast' is clicked on

2019-04-30 10:51:06 - [MESSAGE][PASSED] - Object: 'Object Repository/Page_ Dashboard/span_Broadcast' is clicked on

2019-04-30 10:51:06 - [TEST_STEP][PASSED] - delay(1): Delayed 1 second(s)

2019-04-30 10:51:07 - [MESSAGE][PASSED] - Delayed 1 second(s)

2019-04-30 10:51:07 - [TEST_STEP][PASSED] - driver = getWebDriver(): null

2019-04-30 10:51:07 - [TEST_STEP][PASSED] - Select = driver.findElements(By.xpath("//*[@id="tab_1"]/div/div[2]/div/select/option")): null

2019-04-30 10:51:07 - [TEST_STEP][PASSED] - println(Select.size()): null

2019-04-30 10:51:07 - [TEST_STEP][PASSED] - verifyGreaterThanOrEqual(Select.size(), 1): Actual number '4' is greater than or equal to expected number '1'

2019-04-30 10:51:07 - [MESSAGE][PASSED] - Actual number '4' is greater than or equal to expected number '1']]></system-out>
         <system-err><![CDATA[]]></system-err>
      </testcase>
      <testcase name="Test Cases/KiboLite/TC11079" classname="Test Cases/KiboLite/TC11079" status="PASSED">
         <system-out><![CDATA[2019-04-30 10:51:07 - [TEST_CASE][PASSED] - Test Cases/KiboLite/TC11079: Test Cases/KiboLite/TC11079

2019-04-30 10:51:07 - [TEST_STEP][PASSED] - delay(2): Delayed 2 second(s)

2019-04-30 10:51:09 - [MESSAGE][PASSED] - Delayed 2 second(s)

2019-04-30 10:51:09 - [TEST_STEP][PASSED] - click(findTestObject("Page_KiboPush  Subscribers/span_Subscribers (5)")): Object: 'Object Repository/Page_KiboPush  Subscribers/span_Subscribers (5)' is clicked on

2019-04-30 10:51:09 - [MESSAGE][PASSED] - Object: 'Object Repository/Page_KiboPush  Subscribers/span_Subscribers (5)' is clicked on

2019-04-30 10:51:09 - [TEST_STEP][PASSED] - delay(1): Delayed 1 second(s)

2019-04-30 10:51:10 - [MESSAGE][PASSED] - Delayed 1 second(s)

2019-04-30 10:51:10 - [TEST_STEP][PASSED] - click(findTestObject("Page_ Dashboard/span_Broadcast")): Object: 'Object Repository/Page_ Dashboard/span_Broadcast' is clicked on

2019-04-30 10:51:10 - [MESSAGE][PASSED] - Object: 'Object Repository/Page_ Dashboard/span_Broadcast' is clicked on

2019-04-30 10:51:10 - [TEST_STEP][PASSED] - delay(1): Delayed 1 second(s)

2019-04-30 10:51:11 - [MESSAGE][PASSED] - Delayed 1 second(s)

2019-04-30 10:51:11 - [TEST_STEP][PASSED] - csv = getProjectDir() + "/sampleFile.csv": null

2019-04-30 10:51:11 - [TEST_STEP][PASSED] - uploadFile(findTestObject("Object Repository/Page_ Business Gateway/h4_sampleFilecsv"), csv): File '/home/cloudkibo-faizan/Drive/KiboPush_Automated_Testing/sampleFile.csv' sent to object: 'Object Repository/Page_ Business Gateway/h4_sampleFilecsv'

2019-04-30 10:51:11 - [MESSAGE][PASSED] - File '/home/cloudkibo-faizan/Drive/KiboPush_Automated_Testing/sampleFile.csv' sent to object: 'Object Repository/Page_ Business Gateway/h4_sampleFilecsv'

2019-04-30 10:51:11 - [TEST_STEP][PASSED] - delay(10): Delayed 10 second(s)

2019-04-30 10:51:21 - [MESSAGE][PASSED] - Delayed 10 second(s)]]></system-out>
         <system-err><![CDATA[]]></system-err>
      </testcase>
      <testcase name="Test Cases/KiboLite/TC11081" classname="Test Cases/KiboLite/TC11081" status="PASSED">
         <system-out><![CDATA[2019-04-30 10:51:21 - [TEST_CASE][PASSED] - Test Cases/KiboLite/TC11081: Test Cases/KiboLite/TC11081

2019-04-30 10:51:21 - [TEST_STEP][PASSED] - callTestCase(findTestCase("KiboLite/TC11079"), [:], STOP_ON_FAILURE): Call Test Case 'Test Cases/KiboLite/TC11079' successfully

2019-04-30 10:51:21 - [TEST_CASE][PASSED] - Test Cases/KiboLite/TC11079: Test Cases/KiboLite/TC11079

2019-04-30 10:51:21 - [TEST_STEP][PASSED] - delay(2): Delayed 2 second(s)

2019-04-30 10:51:23 - [MESSAGE][PASSED] - Delayed 2 second(s)

2019-04-30 10:51:23 - [TEST_STEP][PASSED] - click(findTestObject("Page_KiboPush  Subscribers/span_Subscribers (5)")): Object: 'Object Repository/Page_KiboPush  Subscribers/span_Subscribers (5)' is clicked on

2019-04-30 10:51:23 - [MESSAGE][PASSED] - Object: 'Object Repository/Page_KiboPush  Subscribers/span_Subscribers (5)' is clicked on

2019-04-30 10:51:23 - [TEST_STEP][PASSED] - delay(1): Delayed 1 second(s)

2019-04-30 10:51:24 - [MESSAGE][PASSED] - Delayed 1 second(s)

2019-04-30 10:51:24 - [TEST_STEP][PASSED] - click(findTestObject("Page_ Dashboard/span_Broadcast")): Object: 'Object Repository/Page_ Dashboard/span_Broadcast' is clicked on

2019-04-30 10:51:25 - [MESSAGE][PASSED] - Object: 'Object Repository/Page_ Dashboard/span_Broadcast' is clicked on

2019-04-30 10:51:25 - [TEST_STEP][PASSED] - delay(1): Delayed 1 second(s)

2019-04-30 10:51:26 - [MESSAGE][PASSED] - Delayed 1 second(s)

2019-04-30 10:51:26 - [TEST_STEP][PASSED] - csv = getProjectDir() + "/sampleFile.csv": null

2019-04-30 10:51:26 - [TEST_STEP][PASSED] - uploadFile(findTestObject("Object Repository/Page_ Business Gateway/h4_sampleFilecsv"), csv): File '/home/cloudkibo-faizan/Drive/KiboPush_Automated_Testing/sampleFile.csv' sent to object: 'Object Repository/Page_ Business Gateway/h4_sampleFilecsv'

2019-04-30 10:51:26 - [MESSAGE][PASSED] - File '/home/cloudkibo-faizan/Drive/KiboPush_Automated_Testing/sampleFile.csv' sent to object: 'Object Repository/Page_ Business Gateway/h4_sampleFilecsv'

2019-04-30 10:51:26 - [TEST_STEP][PASSED] - delay(10): Delayed 10 second(s)

2019-04-30 10:51:36 - [MESSAGE][PASSED] - Delayed 10 second(s)

2019-04-30 10:51:36 - [MESSAGE][PASSED] - Call Test Case 'Test Cases/KiboLite/TC11079' successfully

2019-04-30 10:51:36 - [TEST_STEP][PASSED] - click(findTestObject("Object Repository/Page_ Business Gateway/input_names_names")): Object: 'Object Repository/Page_ Business Gateway/input_names_names' is clicked on

2019-04-30 10:51:36 - [MESSAGE][PASSED] - Object: 'Object Repository/Page_ Business Gateway/input_names_names' is clicked on

2019-04-30 10:51:36 - [TEST_STEP][PASSED] - click(findTestObject("Object Repository/Page_ Business Gateway/input_phone_numbers_phone_numbers")): Object: 'Object Repository/Page_ Business Gateway/input_phone_numbers_phone_numbers' is clicked on

2019-04-30 10:51:36 - [MESSAGE][PASSED] - Object: 'Object Repository/Page_ Business Gateway/input_phone_numbers_phone_numbers' is clicked on]]></system-out>
         <system-err><![CDATA[]]></system-err>
      </testcase>
      <testcase name="Test Cases/KiboLite/TC11085" classname="Test Cases/KiboLite/TC11085" status="PASSED">
         <system-out><![CDATA[2019-04-30 10:51:36 - [TEST_CASE][PASSED] - Test Cases/KiboLite/TC11085: Test Cases/KiboLite/TC11085

2019-04-30 10:51:36 - [TEST_STEP][PASSED] - delay(2): Delayed 2 second(s)

2019-04-30 10:51:38 - [MESSAGE][PASSED] - Delayed 2 second(s)

2019-04-30 10:51:38 - [TEST_STEP][PASSED] - click(findTestObject("Page_KiboPush  Subscribers/span_Subscribers (5)")): Object: 'Object Repository/Page_KiboPush  Subscribers/span_Subscribers (5)' is clicked on

2019-04-30 10:51:38 - [MESSAGE][PASSED] - Object: 'Object Repository/Page_KiboPush  Subscribers/span_Subscribers (5)' is clicked on

2019-04-30 10:51:38 - [TEST_STEP][PASSED] - delay(1): Delayed 1 second(s)

2019-04-30 10:51:39 - [MESSAGE][PASSED] - Delayed 1 second(s)

2019-04-30 10:51:39 - [TEST_STEP][PASSED] - click(findTestObject("Page_ Dashboard/span_Broadcast")): Object: 'Object Repository/Page_ Dashboard/span_Broadcast' is clicked on

2019-04-30 10:51:39 - [MESSAGE][PASSED] - Object: 'Object Repository/Page_ Dashboard/span_Broadcast' is clicked on

2019-04-30 10:51:39 - [TEST_STEP][PASSED] - delay(1): Delayed 1 second(s)

2019-04-30 10:51:40 - [MESSAGE][PASSED] - Delayed 1 second(s)

2019-04-30 10:51:40 - [TEST_STEP][PASSED] - click(findTestObject("Object Repository/Page_ Business Gateway/a_Create Push Message")): Object: 'Object Repository/Page_ Business Gateway/a_Create Push Message' is clicked on

2019-04-30 10:51:40 - [MESSAGE][PASSED] - Object: 'Object Repository/Page_ Business Gateway/a_Create Push Message' is clicked on

2019-04-30 10:51:40 - [TEST_STEP][PASSED] - click(findTestObject("Object Repository/Page_ Business Gateway/h3_Push Message")): Object: 'Object Repository/Page_ Business Gateway/h3_Push Message' is clicked on

2019-04-30 10:51:40 - [MESSAGE][PASSED] - Object: 'Object Repository/Page_ Business Gateway/h3_Push Message' is clicked on

2019-04-30 10:51:40 - [TEST_STEP][PASSED] - click(findTestObject("Object Repository/Page_ Business Gateway/span_Back")): Object: 'Object Repository/Page_ Business Gateway/span_Back' is clicked on

2019-04-30 10:51:40 - [MESSAGE][PASSED] - Object: 'Object Repository/Page_ Business Gateway/span_Back' is clicked on

2019-04-30 10:51:40 - [TEST_STEP][PASSED] - click(findTestObject("Object Repository/Page_ Business Gateway/label_Change Page")): Object: 'Object Repository/Page_ Business Gateway/label_Change Page' is clicked on

2019-04-30 10:51:41 - [MESSAGE][PASSED] - Object: 'Object Repository/Page_ Business Gateway/label_Change Page' is clicked on]]></system-out>
         <system-err><![CDATA[]]></system-err>
      </testcase>
      <testcase name="Test Cases/KiboLite/TC11086" classname="Test Cases/KiboLite/TC11086" status="PASSED">
         <system-out><![CDATA[2019-04-30 10:51:41 - [TEST_CASE][PASSED] - Test Cases/KiboLite/TC11086: Test Cases/KiboLite/TC11086

2019-04-30 10:51:41 - [TEST_STEP][PASSED] - delay(2): Delayed 2 second(s)

2019-04-30 10:51:43 - [MESSAGE][PASSED] - Delayed 2 second(s)

2019-04-30 10:51:43 - [TEST_STEP][PASSED] - click(findTestObject("Page_KiboPush  Subscribers/span_Subscribers (5)")): Object: 'Object Repository/Page_KiboPush  Subscribers/span_Subscribers (5)' is clicked on

2019-04-30 10:51:43 - [MESSAGE][PASSED] - Object: 'Object Repository/Page_KiboPush  Subscribers/span_Subscribers (5)' is clicked on

2019-04-30 10:51:43 - [TEST_STEP][PASSED] - delay(1): Delayed 1 second(s)

2019-04-30 10:51:44 - [MESSAGE][PASSED] - Delayed 1 second(s)

2019-04-30 10:51:44 - [TEST_STEP][PASSED] - click(findTestObject("Page_ Dashboard/span_Broadcast")): Object: 'Object Repository/Page_ Dashboard/span_Broadcast' is clicked on

2019-04-30 10:51:44 - [MESSAGE][PASSED] - Object: 'Object Repository/Page_ Dashboard/span_Broadcast' is clicked on

2019-04-30 10:51:44 - [TEST_STEP][PASSED] - delay(1): Delayed 1 second(s)

2019-04-30 10:51:45 - [MESSAGE][PASSED] - Delayed 1 second(s)

2019-04-30 10:51:45 - [TEST_STEP][PASSED] - click(findTestObject("Page_ Business Gateway/a_Target Customers (1) (1)")): Object: 'Object Repository/Page_ Business Gateway/a_Target Customers (1) (1)' is clicked on

2019-04-30 10:51:45 - [MESSAGE][PASSED] - Object: 'Object Repository/Page_ Business Gateway/a_Target Customers (1) (1)' is clicked on

2019-04-30 10:51:45 - [TEST_STEP][PASSED] - click(findTestObject("Page_ Business Gateway/span_Condition (1)")): Object: 'Object Repository/Page_ Business Gateway/span_Condition (1)' is clicked on

2019-04-30 10:51:45 - [MESSAGE][PASSED] - Object: 'Object Repository/Page_ Business Gateway/span_Condition (1)' is clicked on

2019-04-30 10:51:45 - [TEST_STEP][PASSED] - delay(2): Delayed 2 second(s)

2019-04-30 10:51:47 - [MESSAGE][PASSED] - Delayed 2 second(s)

2019-04-30 10:51:47 - [TEST_STEP][PASSED] - click(findTestObject("Page_ Business Gateway/button_Back")): Object: 'Object Repository/Page_ Business Gateway/button_Back' is clicked on

2019-04-30 10:51:47 - [MESSAGE][PASSED] - Object: 'Object Repository/Page_ Business Gateway/button_Back' is clicked on]]></system-out>
         <system-err><![CDATA[]]></system-err>
      </testcase>
      <testcase name="Test Cases/KiboLite/TC11087" classname="Test Cases/KiboLite/TC11087" status="PASSED">
         <system-out><![CDATA[2019-04-30 10:51:47 - [TEST_CASE][PASSED] - Test Cases/KiboLite/TC11087: Test Cases/KiboLite/TC11087

2019-04-30 10:51:47 - [TEST_STEP][PASSED] - delay(2): Delayed 2 second(s)

2019-04-30 10:51:49 - [MESSAGE][PASSED] - Delayed 2 second(s)

2019-04-30 10:51:49 - [TEST_STEP][PASSED] - click(findTestObject("Page_KiboPush  Subscribers/span_Subscribers (5)")): Object: 'Object Repository/Page_KiboPush  Subscribers/span_Subscribers (5)' is clicked on

2019-04-30 10:51:49 - [MESSAGE][PASSED] - Object: 'Object Repository/Page_KiboPush  Subscribers/span_Subscribers (5)' is clicked on

2019-04-30 10:51:49 - [TEST_STEP][PASSED] - delay(1): Delayed 1 second(s)

2019-04-30 10:51:50 - [MESSAGE][PASSED] - Delayed 1 second(s)

2019-04-30 10:51:50 - [TEST_STEP][PASSED] - click(findTestObject("Page_ Dashboard/span_Broadcast")): Object: 'Object Repository/Page_ Dashboard/span_Broadcast' is clicked on

2019-04-30 10:51:50 - [MESSAGE][PASSED] - Object: 'Object Repository/Page_ Dashboard/span_Broadcast' is clicked on

2019-04-30 10:51:50 - [TEST_STEP][PASSED] - delay(1): Delayed 1 second(s)

2019-04-30 10:51:51 - [MESSAGE][PASSED] - Delayed 1 second(s)

2019-04-30 10:51:51 - [TEST_STEP][PASSED] - click(findTestObject("Object Repository/Page_ Business Gateway/a_Create Push Message (1)")): Object: 'Object Repository/Page_ Business Gateway/a_Create Push Message (1)' is clicked on

2019-04-30 10:51:52 - [MESSAGE][PASSED] - Object: 'Object Repository/Page_ Business Gateway/a_Create Push Message (1)' is clicked on

2019-04-30 10:51:52 - [TEST_STEP][PASSED] - click(findTestObject("Object Repository/Page_ Business Gateway/h6_Image")): Object: 'Object Repository/Page_ Business Gateway/h6_Image' is clicked on

2019-04-30 10:51:52 - [MESSAGE][PASSED] - Object: 'Object Repository/Page_ Business Gateway/h6_Image' is clicked on

2019-04-30 10:51:52 - [TEST_STEP][PASSED] - click(findTestObject("Object Repository/Page_ Business Gateway/div_New image component added")): Object: 'Object Repository/Page_ Business Gateway/div_New image component added' is clicked on

2019-04-30 10:51:52 - [MESSAGE][PASSED] - Object: 'Object Repository/Page_ Business Gateway/div_New image component added' is clicked on

2019-04-30 10:51:52 - [TEST_STEP][PASSED] - click(findTestObject("Object Repository/Page_ Business Gateway/h6_Card")): Object: 'Object Repository/Page_ Business Gateway/h6_Card' is clicked on

2019-04-30 10:51:52 - [MESSAGE][PASSED] - Object: 'Object Repository/Page_ Business Gateway/h6_Card' is clicked on

2019-04-30 10:51:52 - [TEST_STEP][PASSED] - click(findTestObject("Object Repository/Page_ Business Gateway/div_New card component added")): Object: 'Object Repository/Page_ Business Gateway/div_New card component added' is clicked on

2019-04-30 10:51:52 - [MESSAGE][PASSED] - Object: 'Object Repository/Page_ Business Gateway/div_New card component added' is clicked on

2019-04-30 10:51:52 - [TEST_STEP][PASSED] - click(findTestObject("Object Repository/Page_ Business Gateway/h6_Gallery")): Object: 'Object Repository/Page_ Business Gateway/h6_Gallery' is clicked on

2019-04-30 10:51:52 - [MESSAGE][PASSED] - Object: 'Object Repository/Page_ Business Gateway/h6_Gallery' is clicked on

2019-04-30 10:51:52 - [TEST_STEP][PASSED] - click(findTestObject("Object Repository/Page_ Business Gateway/div_New gallery component added")): Object: 'Object Repository/Page_ Business Gateway/div_New gallery component added' is clicked on

2019-04-30 10:51:52 - [MESSAGE][PASSED] - Object: 'Object Repository/Page_ Business Gateway/div_New gallery component added' is clicked on

2019-04-30 10:51:52 - [TEST_STEP][PASSED] - click(findTestObject("Object Repository/Page_ Business Gateway/h6_Audio")): Object: 'Object Repository/Page_ Business Gateway/h6_Audio' is clicked on

2019-04-30 10:51:52 - [MESSAGE][PASSED] - Object: 'Object Repository/Page_ Business Gateway/h6_Audio' is clicked on

2019-04-30 10:51:52 - [TEST_STEP][PASSED] - click(findTestObject("Object Repository/Page_ Business Gateway/div_New audio component added")): Object: 'Object Repository/Page_ Business Gateway/div_New audio component added' is clicked on

2019-04-30 10:51:52 - [MESSAGE][PASSED] - Object: 'Object Repository/Page_ Business Gateway/div_New audio component added' is clicked on

2019-04-30 10:51:52 - [TEST_STEP][PASSED] - click(findTestObject("Object Repository/Page_ Business Gateway/h6_Video")): Object: 'Object Repository/Page_ Business Gateway/h6_Video' is clicked on

2019-04-30 10:51:52 - [MESSAGE][PASSED] - Object: 'Object Repository/Page_ Business Gateway/h6_Video' is clicked on

2019-04-30 10:51:52 - [TEST_STEP][PASSED] - click(findTestObject("Object Repository/Page_ Business Gateway/div_New video component added")): Object: 'Object Repository/Page_ Business Gateway/div_New video component added' is clicked on

2019-04-30 10:51:53 - [MESSAGE][PASSED] - Object: 'Object Repository/Page_ Business Gateway/div_New video component added' is clicked on

2019-04-30 10:51:53 - [TEST_STEP][PASSED] - click(findTestObject("Object Repository/Page_ Business Gateway/h6_File")): Object: 'Object Repository/Page_ Business Gateway/h6_File' is clicked on

2019-04-30 10:51:53 - [MESSAGE][PASSED] - Object: 'Object Repository/Page_ Business Gateway/h6_File' is clicked on

2019-04-30 10:51:53 - [TEST_STEP][PASSED] - click(findTestObject("Object Repository/Page_ Business Gateway/div_New file component added")): Object: 'Object Repository/Page_ Business Gateway/div_New file component added' is clicked on

2019-04-30 10:51:53 - [MESSAGE][PASSED] - Object: 'Object Repository/Page_ Business Gateway/div_New file component added' is clicked on

2019-04-30 10:51:53 - [TEST_STEP][PASSED] - click(findTestObject("Object Repository/Page_ Business Gateway/h6_List")): Object: 'Object Repository/Page_ Business Gateway/h6_List' is clicked on

2019-04-30 10:51:53 - [MESSAGE][PASSED] - Object: 'Object Repository/Page_ Business Gateway/h6_List' is clicked on

2019-04-30 10:51:53 - [TEST_STEP][PASSED] - click(findTestObject("Object Repository/Page_ Business Gateway/div_New list component added")): Object: 'Object Repository/Page_ Business Gateway/div_New list component added' is clicked on

2019-04-30 10:51:53 - [MESSAGE][PASSED] - Object: 'Object Repository/Page_ Business Gateway/div_New list component added' is clicked on

2019-04-30 10:51:53 - [TEST_STEP][PASSED] - click(findTestObject("Object Repository/Page_ Business Gateway/h6_Media")): Object: 'Object Repository/Page_ Business Gateway/h6_Media' is clicked on

2019-04-30 10:51:53 - [MESSAGE][PASSED] - Object: 'Object Repository/Page_ Business Gateway/h6_Media' is clicked on

2019-04-30 10:51:53 - [TEST_STEP][PASSED] - click(findTestObject("Object Repository/Page_ Business Gateway/div_New media component added")): Object: 'Object Repository/Page_ Business Gateway/div_New media component added' is clicked on

2019-04-30 10:51:53 - [MESSAGE][PASSED] - Object: 'Object Repository/Page_ Business Gateway/div_New media component added' is clicked on]]></system-out>
         <system-err><![CDATA[]]></system-err>
      </testcase>
      <testcase name="Test Cases/KiboLite/TC11090" classname="Test Cases/KiboLite/TC11090" status="PASSED">
         <system-out><![CDATA[2019-04-30 10:51:53 - [TEST_CASE][PASSED] - Test Cases/KiboLite/TC11090: Test Cases/KiboLite/TC11090

2019-04-30 10:51:53 - [TEST_STEP][PASSED] - delay(2): Delayed 2 second(s)

2019-04-30 10:51:55 - [MESSAGE][PASSED] - Delayed 2 second(s)

2019-04-30 10:51:55 - [TEST_STEP][PASSED] - click(findTestObject("Page_KiboPush  Subscribers/span_Subscribers (5)")): Object: 'Object Repository/Page_KiboPush  Subscribers/span_Subscribers (5)' is clicked on

2019-04-30 10:51:55 - [MESSAGE][PASSED] - Object: 'Object Repository/Page_KiboPush  Subscribers/span_Subscribers (5)' is clicked on

2019-04-30 10:51:55 - [TEST_STEP][PASSED] - delay(1): Delayed 1 second(s)

2019-04-30 10:51:56 - [MESSAGE][PASSED] - Delayed 1 second(s)

2019-04-30 10:51:56 - [TEST_STEP][PASSED] - click(findTestObject("Page_ Dashboard/span_Broadcast")): Object: 'Object Repository/Page_ Dashboard/span_Broadcast' is clicked on

2019-04-30 10:51:56 - [MESSAGE][PASSED] - Object: 'Object Repository/Page_ Dashboard/span_Broadcast' is clicked on

2019-04-30 10:51:56 - [TEST_STEP][PASSED] - delay(1): Delayed 1 second(s)

2019-04-30 10:51:57 - [MESSAGE][PASSED] - Delayed 1 second(s)

2019-04-30 10:51:57 - [TEST_STEP][PASSED] - click(findTestObject("Page_ Business Gateway/a_Target Customers (2)")): Object: 'Object Repository/Page_ Business Gateway/a_Target Customers (2)' is clicked on

2019-04-30 10:51:57 - [MESSAGE][PASSED] - Object: 'Object Repository/Page_ Business Gateway/a_Target Customers (2)' is clicked on

2019-04-30 10:51:57 - [TEST_STEP][PASSED] - driver = getWebDriver(): null

2019-04-30 10:51:57 - [TEST_STEP][PASSED] - Select = driver.findElements(By.xpath("//*[@id="m-datatable--27866229129"]/tbody/tr/td[2]/select/option")): null

2019-04-30 10:51:57 - [TEST_STEP][PASSED] - println(Select.size()): null

2019-04-30 10:51:57 - [TEST_STEP][PASSED] - verifyGreaterThanOrEqual(Select.size(), 3): Actual number '4' is greater than or equal to expected number '3'

2019-04-30 10:51:57 - [MESSAGE][PASSED] - Actual number '4' is greater than or equal to expected number '3']]></system-out>
         <system-err><![CDATA[]]></system-err>
      </testcase>
      <testcase name="Test Cases/KiboLite/TC11091" classname="Test Cases/KiboLite/TC11091" status="PASSED">
         <system-out><![CDATA[2019-04-30 10:51:57 - [TEST_CASE][PASSED] - Test Cases/KiboLite/TC11091: Test Cases/KiboLite/TC11091

2019-04-30 10:51:58 - [TEST_STEP][PASSED] - delay(2): Delayed 2 second(s)

2019-04-30 10:52:00 - [MESSAGE][PASSED] - Delayed 2 second(s)

2019-04-30 10:52:00 - [TEST_STEP][PASSED] - click(findTestObject("Page_KiboPush  Subscribers/span_Subscribers (5)")): Object: 'Object Repository/Page_KiboPush  Subscribers/span_Subscribers (5)' is clicked on

2019-04-30 10:52:00 - [MESSAGE][PASSED] - Object: 'Object Repository/Page_KiboPush  Subscribers/span_Subscribers (5)' is clicked on

2019-04-30 10:52:00 - [TEST_STEP][PASSED] - delay(1): Delayed 1 second(s)

2019-04-30 10:52:01 - [MESSAGE][PASSED] - Delayed 1 second(s)

2019-04-30 10:52:01 - [TEST_STEP][PASSED] - click(findTestObject("Page_ Dashboard/span_Broadcast")): Object: 'Object Repository/Page_ Dashboard/span_Broadcast' is clicked on

2019-04-30 10:52:01 - [MESSAGE][PASSED] - Object: 'Object Repository/Page_ Dashboard/span_Broadcast' is clicked on

2019-04-30 10:52:01 - [TEST_STEP][PASSED] - delay(1): Delayed 1 second(s)

2019-04-30 10:52:02 - [MESSAGE][PASSED] - Delayed 1 second(s)

2019-04-30 10:52:02 - [TEST_STEP][PASSED] - click(findTestObject("Object Repository/Page_ Business Gateway/a_Target Customers (2) (1)")): Object: 'Object Repository/Page_ Business Gateway/a_Target Customers (2) (1)' is clicked on

2019-04-30 10:52:02 - [MESSAGE][PASSED] - Object: 'Object Repository/Page_ Business Gateway/a_Target Customers (2) (1)' is clicked on

2019-04-30 10:52:02 - [TEST_STEP][PASSED] - setText(findTestObject("Object Repository/Page_ Business Gateway/input_Value_text"), "1212"): Text '1212' is set on object 'Object Repository/Page_ Business Gateway/input_Value_text'

2019-04-30 10:52:02 - [MESSAGE][PASSED] - Text '1212' is set on object 'Object Repository/Page_ Business Gateway/input_Value_text']]></system-out>
         <system-err><![CDATA[]]></system-err>
      </testcase>
      <testcase name="Test Cases/KiboLite/TC11077" classname="Test Cases/KiboLite/TC11077" status="PASSED">
         <system-out><![CDATA[2019-04-30 10:52:02 - [TEST_CASE][PASSED] - Test Cases/KiboLite/TC11077: Test Cases/KiboLite/TC11077

2019-04-30 10:52:02 - [TEST_STEP][PASSED] - click(findTestObject("Page_KiboPush  Subscribers/span_Subscribers (5)")): Object: 'Object Repository/Page_KiboPush  Subscribers/span_Subscribers (5)' is clicked on

2019-04-30 10:52:02 - [MESSAGE][PASSED] - Object: 'Object Repository/Page_KiboPush  Subscribers/span_Subscribers (5)' is clicked on

2019-04-30 10:52:02 - [TEST_STEP][PASSED] - delay(1): Delayed 1 second(s)

2019-04-30 10:52:03 - [MESSAGE][PASSED] - Delayed 1 second(s)

2019-04-30 10:52:03 - [TEST_STEP][PASSED] - click(findTestObject("Page_ Dashboard/span_Broadcast")): Object: 'Object Repository/Page_ Dashboard/span_Broadcast' is clicked on

2019-04-30 10:52:03 - [MESSAGE][PASSED] - Object: 'Object Repository/Page_ Dashboard/span_Broadcast' is clicked on

2019-04-30 10:52:03 - [TEST_STEP][PASSED] - delay(1): Delayed 1 second(s)

2019-04-30 10:52:04 - [MESSAGE][PASSED] - Delayed 1 second(s)]]></system-out>
         <system-err><![CDATA[]]></system-err>
      </testcase>
      <testcase name="Test Cases/KiboLite/TC11079" classname="Test Cases/KiboLite/TC11079" status="PASSED">
         <system-out><![CDATA[2019-04-30 10:52:04 - [TEST_CASE][PASSED] - Test Cases/KiboLite/TC11079: Test Cases/KiboLite/TC11079

2019-04-30 10:52:04 - [TEST_STEP][PASSED] - delay(2): Delayed 2 second(s)

2019-04-30 10:52:06 - [MESSAGE][PASSED] - Delayed 2 second(s)

2019-04-30 10:52:06 - [TEST_STEP][PASSED] - click(findTestObject("Page_KiboPush  Subscribers/span_Subscribers (5)")): Object: 'Object Repository/Page_KiboPush  Subscribers/span_Subscribers (5)' is clicked on

2019-04-30 10:52:06 - [MESSAGE][PASSED] - Object: 'Object Repository/Page_KiboPush  Subscribers/span_Subscribers (5)' is clicked on

2019-04-30 10:52:06 - [TEST_STEP][PASSED] - delay(1): Delayed 1 second(s)

2019-04-30 10:52:07 - [MESSAGE][PASSED] - Delayed 1 second(s)

2019-04-30 10:52:07 - [TEST_STEP][PASSED] - click(findTestObject("Page_ Dashboard/span_Broadcast")): Object: 'Object Repository/Page_ Dashboard/span_Broadcast' is clicked on

2019-04-30 10:52:07 - [MESSAGE][PASSED] - Object: 'Object Repository/Page_ Dashboard/span_Broadcast' is clicked on

2019-04-30 10:52:07 - [TEST_STEP][PASSED] - delay(1): Delayed 1 second(s)

2019-04-30 10:52:08 - [MESSAGE][PASSED] - Delayed 1 second(s)

2019-04-30 10:52:08 - [TEST_STEP][PASSED] - csv = getProjectDir() + "/sampleFile.csv": null

2019-04-30 10:52:08 - [TEST_STEP][PASSED] - uploadFile(findTestObject("Object Repository/Page_ Business Gateway/h4_sampleFilecsv"), csv): File '/home/cloudkibo-faizan/Drive/KiboPush_Automated_Testing/sampleFile.csv' sent to object: 'Object Repository/Page_ Business Gateway/h4_sampleFilecsv'

2019-04-30 10:52:09 - [MESSAGE][PASSED] - File '/home/cloudkibo-faizan/Drive/KiboPush_Automated_Testing/sampleFile.csv' sent to object: 'Object Repository/Page_ Business Gateway/h4_sampleFilecsv'

2019-04-30 10:52:09 - [TEST_STEP][PASSED] - delay(10): Delayed 10 second(s)

2019-04-30 10:52:19 - [MESSAGE][PASSED] - Delayed 10 second(s)]]></system-out>
         <system-err><![CDATA[]]></system-err>
      </testcase>
      <testcase name="Test Cases/KiboLite/TC11086" classname="Test Cases/KiboLite/TC11086" status="PASSED">
         <system-out><![CDATA[2019-04-30 10:52:19 - [TEST_CASE][PASSED] - Test Cases/KiboLite/TC11086: Test Cases/KiboLite/TC11086

2019-04-30 10:52:19 - [TEST_STEP][PASSED] - delay(2): Delayed 2 second(s)

2019-04-30 10:52:21 - [MESSAGE][PASSED] - Delayed 2 second(s)

2019-04-30 10:52:21 - [TEST_STEP][PASSED] - click(findTestObject("Page_KiboPush  Subscribers/span_Subscribers (5)")): Object: 'Object Repository/Page_KiboPush  Subscribers/span_Subscribers (5)' is clicked on

2019-04-30 10:52:21 - [MESSAGE][PASSED] - Object: 'Object Repository/Page_KiboPush  Subscribers/span_Subscribers (5)' is clicked on

2019-04-30 10:52:21 - [TEST_STEP][PASSED] - delay(1): Delayed 1 second(s)

2019-04-30 10:52:22 - [MESSAGE][PASSED] - Delayed 1 second(s)

2019-04-30 10:52:22 - [TEST_STEP][PASSED] - click(findTestObject("Page_ Dashboard/span_Broadcast")): Object: 'Object Repository/Page_ Dashboard/span_Broadcast' is clicked on

2019-04-30 10:52:22 - [MESSAGE][PASSED] - Object: 'Object Repository/Page_ Dashboard/span_Broadcast' is clicked on

2019-04-30 10:52:22 - [TEST_STEP][PASSED] - delay(1): Delayed 1 second(s)

2019-04-30 10:52:23 - [MESSAGE][PASSED] - Delayed 1 second(s)

2019-04-30 10:52:23 - [TEST_STEP][PASSED] - click(findTestObject("Page_ Business Gateway/a_Target Customers (1) (1)")): Object: 'Object Repository/Page_ Business Gateway/a_Target Customers (1) (1)' is clicked on

2019-04-30 10:52:23 - [MESSAGE][PASSED] - Object: 'Object Repository/Page_ Business Gateway/a_Target Customers (1) (1)' is clicked on

2019-04-30 10:52:23 - [TEST_STEP][PASSED] - click(findTestObject("Page_ Business Gateway/span_Condition (1)")): Object: 'Object Repository/Page_ Business Gateway/span_Condition (1)' is clicked on

2019-04-30 10:52:23 - [MESSAGE][PASSED] - Object: 'Object Repository/Page_ Business Gateway/span_Condition (1)' is clicked on

2019-04-30 10:52:23 - [TEST_STEP][PASSED] - delay(2): Delayed 2 second(s)

2019-04-30 10:52:25 - [MESSAGE][PASSED] - Delayed 2 second(s)

2019-04-30 10:52:25 - [TEST_STEP][PASSED] - click(findTestObject("Page_ Business Gateway/button_Back")): Object: 'Object Repository/Page_ Business Gateway/button_Back' is clicked on

2019-04-30 10:52:25 - [MESSAGE][PASSED] - Object: 'Object Repository/Page_ Business Gateway/button_Back' is clicked on]]></system-out>
         <system-err><![CDATA[]]></system-err>
      </testcase>
      <testcase name="Test Cases/KiboLite/TC11078" classname="Test Cases/KiboLite/TC11078" status="PASSED">
         <system-out><![CDATA[2019-04-30 10:52:25 - [TEST_CASE][PASSED] - Test Cases/KiboLite/TC11078: Test Cases/KiboLite/TC11078

2019-04-30 10:52:25 - [TEST_STEP][PASSED] - delay(2): Delayed 2 second(s)

2019-04-30 10:52:27 - [MESSAGE][PASSED] - Delayed 2 second(s)

2019-04-30 10:52:27 - [TEST_STEP][PASSED] - click(findTestObject("Page_KiboPush  Subscribers/span_Subscribers (5)")): Object: 'Object Repository/Page_KiboPush  Subscribers/span_Subscribers (5)' is clicked on

2019-04-30 10:52:27 - [MESSAGE][PASSED] - Object: 'Object Repository/Page_KiboPush  Subscribers/span_Subscribers (5)' is clicked on

2019-04-30 10:52:27 - [TEST_STEP][PASSED] - delay(1): Delayed 1 second(s)

2019-04-30 10:52:28 - [MESSAGE][PASSED] - Delayed 1 second(s)

2019-04-30 10:52:28 - [TEST_STEP][PASSED] - click(findTestObject("Page_ Dashboard/span_Broadcast")): Object: 'Object Repository/Page_ Dashboard/span_Broadcast' is clicked on

2019-04-30 10:52:28 - [MESSAGE][PASSED] - Object: 'Object Repository/Page_ Dashboard/span_Broadcast' is clicked on

2019-04-30 10:52:28 - [TEST_STEP][PASSED] - delay(1): Delayed 1 second(s)

2019-04-30 10:52:29 - [MESSAGE][PASSED] - Delayed 1 second(s)

2019-04-30 10:52:29 - [TEST_STEP][PASSED] - driver = getWebDriver(): null

2019-04-30 10:52:29 - [TEST_STEP][PASSED] - Select = driver.findElements(By.xpath("//*[@id="tab_1"]/div/div[2]/div/select/option")): null

2019-04-30 10:52:29 - [TEST_STEP][PASSED] - println(Select.size()): null

2019-04-30 10:52:29 - [TEST_STEP][PASSED] - verifyGreaterThanOrEqual(Select.size(), 1): Actual number '4' is greater than or equal to expected number '1'

2019-04-30 10:52:29 - [MESSAGE][PASSED] - Actual number '4' is greater than or equal to expected number '1']]></system-out>
         <system-err><![CDATA[]]></system-err>
      </testcase>
      <testcase name="Test Cases/KiboLite/TC11090" classname="Test Cases/KiboLite/TC11090" status="PASSED">
         <system-out><![CDATA[2019-04-30 10:52:29 - [TEST_CASE][PASSED] - Test Cases/KiboLite/TC11090: Test Cases/KiboLite/TC11090

2019-04-30 10:52:29 - [TEST_STEP][PASSED] - delay(2): Delayed 2 second(s)

2019-04-30 10:52:31 - [MESSAGE][PASSED] - Delayed 2 second(s)

2019-04-30 10:52:31 - [TEST_STEP][PASSED] - click(findTestObject("Page_KiboPush  Subscribers/span_Subscribers (5)")): Object: 'Object Repository/Page_KiboPush  Subscribers/span_Subscribers (5)' is clicked on

2019-04-30 10:52:31 - [MESSAGE][PASSED] - Object: 'Object Repository/Page_KiboPush  Subscribers/span_Subscribers (5)' is clicked on

2019-04-30 10:52:31 - [TEST_STEP][PASSED] - delay(1): Delayed 1 second(s)

2019-04-30 10:52:32 - [MESSAGE][PASSED] - Delayed 1 second(s)

2019-04-30 10:52:32 - [TEST_STEP][PASSED] - click(findTestObject("Page_ Dashboard/span_Broadcast")): Object: 'Object Repository/Page_ Dashboard/span_Broadcast' is clicked on

2019-04-30 10:52:33 - [MESSAGE][PASSED] - Object: 'Object Repository/Page_ Dashboard/span_Broadcast' is clicked on

2019-04-30 10:52:33 - [TEST_STEP][PASSED] - delay(1): Delayed 1 second(s)

2019-04-30 10:52:34 - [MESSAGE][PASSED] - Delayed 1 second(s)

2019-04-30 10:52:34 - [TEST_STEP][PASSED] - click(findTestObject("Page_ Business Gateway/a_Target Customers (2)")): Object: 'Object Repository/Page_ Business Gateway/a_Target Customers (2)' is clicked on

2019-04-30 10:52:34 - [MESSAGE][PASSED] - Object: 'Object Repository/Page_ Business Gateway/a_Target Customers (2)' is clicked on

2019-04-30 10:52:34 - [TEST_STEP][PASSED] - driver = getWebDriver(): null

2019-04-30 10:52:34 - [TEST_STEP][PASSED] - Select = driver.findElements(By.xpath("//*[@id="m-datatable--27866229129"]/tbody/tr/td[2]/select/option")): null

2019-04-30 10:52:34 - [TEST_STEP][PASSED] - println(Select.size()): null

2019-04-30 10:52:34 - [TEST_STEP][PASSED] - verifyGreaterThanOrEqual(Select.size(), 3): Actual number '4' is greater than or equal to expected number '3'

2019-04-30 10:52:34 - [MESSAGE][PASSED] - Actual number '4' is greater than or equal to expected number '3']]></system-out>
         <system-err><![CDATA[]]></system-err>
      </testcase>
      <testcase name="Test Cases/KiboLite/TC11091" classname="Test Cases/KiboLite/TC11091" status="PASSED">
         <system-out><![CDATA[2019-04-30 10:52:34 - [TEST_CASE][PASSED] - Test Cases/KiboLite/TC11091: Test Cases/KiboLite/TC11091

2019-04-30 10:52:34 - [TEST_STEP][PASSED] - delay(2): Delayed 2 second(s)

2019-04-30 10:52:36 - [MESSAGE][PASSED] - Delayed 2 second(s)

2019-04-30 10:52:36 - [TEST_STEP][PASSED] - click(findTestObject("Page_KiboPush  Subscribers/span_Subscribers (5)")): Object: 'Object Repository/Page_KiboPush  Subscribers/span_Subscribers (5)' is clicked on

2019-04-30 10:52:36 - [MESSAGE][PASSED] - Object: 'Object Repository/Page_KiboPush  Subscribers/span_Subscribers (5)' is clicked on

2019-04-30 10:52:36 - [TEST_STEP][PASSED] - delay(1): Delayed 1 second(s)

2019-04-30 10:52:37 - [MESSAGE][PASSED] - Delayed 1 second(s)

2019-04-30 10:52:37 - [TEST_STEP][PASSED] - click(findTestObject("Page_ Dashboard/span_Broadcast")): Object: 'Object Repository/Page_ Dashboard/span_Broadcast' is clicked on

2019-04-30 10:52:37 - [MESSAGE][PASSED] - Object: 'Object Repository/Page_ Dashboard/span_Broadcast' is clicked on

2019-04-30 10:52:37 - [TEST_STEP][PASSED] - delay(1): Delayed 1 second(s)

2019-04-30 10:52:38 - [MESSAGE][PASSED] - Delayed 1 second(s)

2019-04-30 10:52:38 - [TEST_STEP][PASSED] - click(findTestObject("Object Repository/Page_ Business Gateway/a_Target Customers (2) (1)")): Object: 'Object Repository/Page_ Business Gateway/a_Target Customers (2) (1)' is clicked on

2019-04-30 10:52:38 - [MESSAGE][PASSED] - Object: 'Object Repository/Page_ Business Gateway/a_Target Customers (2) (1)' is clicked on

2019-04-30 10:52:38 - [TEST_STEP][PASSED] - setText(findTestObject("Object Repository/Page_ Business Gateway/input_Value_text"), "1212"): Text '1212' is set on object 'Object Repository/Page_ Business Gateway/input_Value_text'

2019-04-30 10:52:38 - [MESSAGE][PASSED] - Text '1212' is set on object 'Object Repository/Page_ Business Gateway/input_Value_text']]></system-out>
         <system-err><![CDATA[]]></system-err>
      </testcase>
      <testcase name="Test Cases/KiboLite/TC11081" classname="Test Cases/KiboLite/TC11081" status="PASSED">
         <system-out><![CDATA[2019-04-30 10:52:38 - [TEST_CASE][PASSED] - Test Cases/KiboLite/TC11081: Test Cases/KiboLite/TC11081

2019-04-30 10:52:38 - [TEST_STEP][PASSED] - callTestCase(findTestCase("KiboLite/TC11079"), [:], STOP_ON_FAILURE): Call Test Case 'Test Cases/KiboLite/TC11079' successfully

2019-04-30 10:52:38 - [TEST_CASE][PASSED] - Test Cases/KiboLite/TC11079: Test Cases/KiboLite/TC11079

2019-04-30 10:52:38 - [TEST_STEP][PASSED] - delay(2): Delayed 2 second(s)

2019-04-30 10:52:40 - [MESSAGE][PASSED] - Delayed 2 second(s)

2019-04-30 10:52:40 - [TEST_STEP][PASSED] - click(findTestObject("Page_KiboPush  Subscribers/span_Subscribers (5)")): Object: 'Object Repository/Page_KiboPush  Subscribers/span_Subscribers (5)' is clicked on

2019-04-30 10:52:40 - [MESSAGE][PASSED] - Object: 'Object Repository/Page_KiboPush  Subscribers/span_Subscribers (5)' is clicked on

2019-04-30 10:52:40 - [TEST_STEP][PASSED] - delay(1): Delayed 1 second(s)

2019-04-30 10:52:41 - [MESSAGE][PASSED] - Delayed 1 second(s)

2019-04-30 10:52:41 - [TEST_STEP][PASSED] - click(findTestObject("Page_ Dashboard/span_Broadcast")): Object: 'Object Repository/Page_ Dashboard/span_Broadcast' is clicked on

2019-04-30 10:52:41 - [MESSAGE][PASSED] - Object: 'Object Repository/Page_ Dashboard/span_Broadcast' is clicked on

2019-04-30 10:52:41 - [TEST_STEP][PASSED] - delay(1): Delayed 1 second(s)

2019-04-30 10:52:42 - [MESSAGE][PASSED] - Delayed 1 second(s)

2019-04-30 10:52:42 - [TEST_STEP][PASSED] - csv = getProjectDir() + "/sampleFile.csv": null

2019-04-30 10:52:42 - [TEST_STEP][PASSED] - uploadFile(findTestObject("Object Repository/Page_ Business Gateway/h4_sampleFilecsv"), csv): File '/home/cloudkibo-faizan/Drive/KiboPush_Automated_Testing/sampleFile.csv' sent to object: 'Object Repository/Page_ Business Gateway/h4_sampleFilecsv'

2019-04-30 10:52:42 - [MESSAGE][PASSED] - File '/home/cloudkibo-faizan/Drive/KiboPush_Automated_Testing/sampleFile.csv' sent to object: 'Object Repository/Page_ Business Gateway/h4_sampleFilecsv'

2019-04-30 10:52:42 - [TEST_STEP][PASSED] - delay(10): Delayed 10 second(s)

2019-04-30 10:52:52 - [MESSAGE][PASSED] - Delayed 10 second(s)

2019-04-30 10:52:52 - [MESSAGE][PASSED] - Call Test Case 'Test Cases/KiboLite/TC11079' successfully

2019-04-30 10:52:52 - [TEST_STEP][PASSED] - click(findTestObject("Object Repository/Page_ Business Gateway/input_names_names")): Object: 'Object Repository/Page_ Business Gateway/input_names_names' is clicked on

2019-04-30 10:52:52 - [MESSAGE][PASSED] - Object: 'Object Repository/Page_ Business Gateway/input_names_names' is clicked on

2019-04-30 10:52:52 - [TEST_STEP][PASSED] - click(findTestObject("Object Repository/Page_ Business Gateway/input_phone_numbers_phone_numbers")): Object: 'Object Repository/Page_ Business Gateway/input_phone_numbers_phone_numbers' is clicked on

2019-04-30 10:52:53 - [MESSAGE][PASSED] - Object: 'Object Repository/Page_ Business Gateway/input_phone_numbers_phone_numbers' is clicked on]]></system-out>
         <system-err><![CDATA[]]></system-err>
      </testcase>
      <testcase name="Test Cases/KiboLite/TC11087" classname="Test Cases/KiboLite/TC11087" status="PASSED">
         <system-out><![CDATA[2019-04-30 10:52:53 - [TEST_CASE][PASSED] - Test Cases/KiboLite/TC11087: Test Cases/KiboLite/TC11087

2019-04-30 10:52:53 - [TEST_STEP][PASSED] - delay(2): Delayed 2 second(s)

2019-04-30 10:52:55 - [MESSAGE][PASSED] - Delayed 2 second(s)

2019-04-30 10:52:55 - [TEST_STEP][PASSED] - click(findTestObject("Page_KiboPush  Subscribers/span_Subscribers (5)")): Object: 'Object Repository/Page_KiboPush  Subscribers/span_Subscribers (5)' is clicked on

2019-04-30 10:52:55 - [MESSAGE][PASSED] - Object: 'Object Repository/Page_KiboPush  Subscribers/span_Subscribers (5)' is clicked on

2019-04-30 10:52:55 - [TEST_STEP][PASSED] - delay(1): Delayed 1 second(s)

2019-04-30 10:52:56 - [MESSAGE][PASSED] - Delayed 1 second(s)

2019-04-30 10:52:56 - [TEST_STEP][PASSED] - click(findTestObject("Page_ Dashboard/span_Broadcast")): Object: 'Object Repository/Page_ Dashboard/span_Broadcast' is clicked on

2019-04-30 10:52:56 - [MESSAGE][PASSED] - Object: 'Object Repository/Page_ Dashboard/span_Broadcast' is clicked on

2019-04-30 10:52:56 - [TEST_STEP][PASSED] - delay(1): Delayed 1 second(s)

2019-04-30 10:52:57 - [MESSAGE][PASSED] - Delayed 1 second(s)

2019-04-30 10:52:57 - [TEST_STEP][PASSED] - click(findTestObject("Object Repository/Page_ Business Gateway/a_Create Push Message (1)")): Object: 'Object Repository/Page_ Business Gateway/a_Create Push Message (1)' is clicked on

2019-04-30 10:52:57 - [MESSAGE][PASSED] - Object: 'Object Repository/Page_ Business Gateway/a_Create Push Message (1)' is clicked on

2019-04-30 10:52:57 - [TEST_STEP][PASSED] - click(findTestObject("Object Repository/Page_ Business Gateway/h6_Image")): Object: 'Object Repository/Page_ Business Gateway/h6_Image' is clicked on

2019-04-30 10:52:57 - [MESSAGE][PASSED] - Object: 'Object Repository/Page_ Business Gateway/h6_Image' is clicked on

2019-04-30 10:52:57 - [TEST_STEP][PASSED] - click(findTestObject("Object Repository/Page_ Business Gateway/div_New image component added")): Object: 'Object Repository/Page_ Business Gateway/div_New image component added' is clicked on

2019-04-30 10:52:57 - [MESSAGE][PASSED] - Object: 'Object Repository/Page_ Business Gateway/div_New image component added' is clicked on

2019-04-30 10:52:57 - [TEST_STEP][PASSED] - click(findTestObject("Object Repository/Page_ Business Gateway/h6_Card")): Object: 'Object Repository/Page_ Business Gateway/h6_Card' is clicked on

2019-04-30 10:52:57 - [MESSAGE][PASSED] - Object: 'Object Repository/Page_ Business Gateway/h6_Card' is clicked on

2019-04-30 10:52:57 - [TEST_STEP][PASSED] - click(findTestObject("Object Repository/Page_ Business Gateway/div_New card component added")): Object: 'Object Repository/Page_ Business Gateway/div_New card component added' is clicked on

2019-04-30 10:52:57 - [MESSAGE][PASSED] - Object: 'Object Repository/Page_ Business Gateway/div_New card component added' is clicked on

2019-04-30 10:52:57 - [TEST_STEP][PASSED] - click(findTestObject("Object Repository/Page_ Business Gateway/h6_Gallery")): Object: 'Object Repository/Page_ Business Gateway/h6_Gallery' is clicked on

2019-04-30 10:52:57 - [MESSAGE][PASSED] - Object: 'Object Repository/Page_ Business Gateway/h6_Gallery' is clicked on

2019-04-30 10:52:57 - [TEST_STEP][PASSED] - click(findTestObject("Object Repository/Page_ Business Gateway/div_New gallery component added")): Object: 'Object Repository/Page_ Business Gateway/div_New gallery component added' is clicked on

2019-04-30 10:52:57 - [MESSAGE][PASSED] - Object: 'Object Repository/Page_ Business Gateway/div_New gallery component added' is clicked on

2019-04-30 10:52:57 - [TEST_STEP][PASSED] - click(findTestObject("Object Repository/Page_ Business Gateway/h6_Audio")): Object: 'Object Repository/Page_ Business Gateway/h6_Audio' is clicked on

2019-04-30 10:52:57 - [MESSAGE][PASSED] - Object: 'Object Repository/Page_ Business Gateway/h6_Audio' is clicked on

2019-04-30 10:52:57 - [TEST_STEP][PASSED] - click(findTestObject("Object Repository/Page_ Business Gateway/div_New audio component added")): Object: 'Object Repository/Page_ Business Gateway/div_New audio component added' is clicked on

2019-04-30 10:52:58 - [MESSAGE][PASSED] - Object: 'Object Repository/Page_ Business Gateway/div_New audio component added' is clicked on

2019-04-30 10:52:58 - [TEST_STEP][PASSED] - click(findTestObject("Object Repository/Page_ Business Gateway/h6_Video")): Object: 'Object Repository/Page_ Business Gateway/h6_Video' is clicked on

2019-04-30 10:52:58 - [MESSAGE][PASSED] - Object: 'Object Repository/Page_ Business Gateway/h6_Video' is clicked on

2019-04-30 10:52:58 - [TEST_STEP][PASSED] - click(findTestObject("Object Repository/Page_ Business Gateway/div_New video component added")): Object: 'Object Repository/Page_ Business Gateway/div_New video component added' is clicked on

2019-04-30 10:52:58 - [MESSAGE][PASSED] - Object: 'Object Repository/Page_ Business Gateway/div_New video component added' is clicked on

2019-04-30 10:52:58 - [TEST_STEP][PASSED] - click(findTestObject("Object Repository/Page_ Business Gateway/h6_File")): Object: 'Object Repository/Page_ Business Gateway/h6_File' is clicked on

2019-04-30 10:52:58 - [MESSAGE][PASSED] - Object: 'Object Repository/Page_ Business Gateway/h6_File' is clicked on

2019-04-30 10:52:58 - [TEST_STEP][PASSED] - click(findTestObject("Object Repository/Page_ Business Gateway/div_New file component added")): Object: 'Object Repository/Page_ Business Gateway/div_New file component added' is clicked on

2019-04-30 10:52:58 - [MESSAGE][PASSED] - Object: 'Object Repository/Page_ Business Gateway/div_New file component added' is clicked on

2019-04-30 10:52:58 - [TEST_STEP][PASSED] - click(findTestObject("Object Repository/Page_ Business Gateway/h6_List")): Object: 'Object Repository/Page_ Business Gateway/h6_List' is clicked on

2019-04-30 10:52:58 - [MESSAGE][PASSED] - Object: 'Object Repository/Page_ Business Gateway/h6_List' is clicked on

2019-04-30 10:52:58 - [TEST_STEP][PASSED] - click(findTestObject("Object Repository/Page_ Business Gateway/div_New list component added")): Object: 'Object Repository/Page_ Business Gateway/div_New list component added' is clicked on

2019-04-30 10:52:58 - [MESSAGE][PASSED] - Object: 'Object Repository/Page_ Business Gateway/div_New list component added' is clicked on

2019-04-30 10:52:58 - [TEST_STEP][PASSED] - click(findTestObject("Object Repository/Page_ Business Gateway/h6_Media")): Object: 'Object Repository/Page_ Business Gateway/h6_Media' is clicked on

2019-04-30 10:52:58 - [MESSAGE][PASSED] - Object: 'Object Repository/Page_ Business Gateway/h6_Media' is clicked on

2019-04-30 10:52:58 - [TEST_STEP][PASSED] - click(findTestObject("Object Repository/Page_ Business Gateway/div_New media component added")): Object: 'Object Repository/Page_ Business Gateway/div_New media component added' is clicked on

2019-04-30 10:52:58 - [MESSAGE][PASSED] - Object: 'Object Repository/Page_ Business Gateway/div_New media component added' is clicked on]]></system-out>
         <system-err><![CDATA[]]></system-err>
      </testcase>
      <testcase name="Test Cases/KiboLite/TC11085" classname="Test Cases/KiboLite/TC11085" status="PASSED">
         <system-out><![CDATA[2019-04-30 10:52:58 - [TEST_CASE][PASSED] - Test Cases/KiboLite/TC11085: Test Cases/KiboLite/TC11085

2019-04-30 10:52:58 - [TEST_STEP][PASSED] - delay(2): Delayed 2 second(s)

2019-04-30 10:53:00 - [MESSAGE][PASSED] - Delayed 2 second(s)

2019-04-30 10:53:00 - [TEST_STEP][PASSED] - click(findTestObject("Page_KiboPush  Subscribers/span_Subscribers (5)")): Object: 'Object Repository/Page_KiboPush  Subscribers/span_Subscribers (5)' is clicked on

2019-04-30 10:53:00 - [MESSAGE][PASSED] - Object: 'Object Repository/Page_KiboPush  Subscribers/span_Subscribers (5)' is clicked on

2019-04-30 10:53:00 - [TEST_STEP][PASSED] - delay(1): Delayed 1 second(s)

2019-04-30 10:53:01 - [MESSAGE][PASSED] - Delayed 1 second(s)

2019-04-30 10:53:01 - [TEST_STEP][PASSED] - click(findTestObject("Page_ Dashboard/span_Broadcast")): Object: 'Object Repository/Page_ Dashboard/span_Broadcast' is clicked on

2019-04-30 10:53:01 - [MESSAGE][PASSED] - Object: 'Object Repository/Page_ Dashboard/span_Broadcast' is clicked on

2019-04-30 10:53:01 - [TEST_STEP][PASSED] - delay(1): Delayed 1 second(s)

2019-04-30 10:53:02 - [MESSAGE][PASSED] - Delayed 1 second(s)

2019-04-30 10:53:02 - [TEST_STEP][PASSED] - click(findTestObject("Object Repository/Page_ Business Gateway/a_Create Push Message")): Object: 'Object Repository/Page_ Business Gateway/a_Create Push Message' is clicked on

2019-04-30 10:53:03 - [MESSAGE][PASSED] - Object: 'Object Repository/Page_ Business Gateway/a_Create Push Message' is clicked on

2019-04-30 10:53:03 - [TEST_STEP][PASSED] - click(findTestObject("Object Repository/Page_ Business Gateway/h3_Push Message")): Object: 'Object Repository/Page_ Business Gateway/h3_Push Message' is clicked on

2019-04-30 10:53:03 - [MESSAGE][PASSED] - Object: 'Object Repository/Page_ Business Gateway/h3_Push Message' is clicked on

2019-04-30 10:53:03 - [TEST_STEP][PASSED] - click(findTestObject("Object Repository/Page_ Business Gateway/span_Back")): Object: 'Object Repository/Page_ Business Gateway/span_Back' is clicked on

2019-04-30 10:53:03 - [MESSAGE][PASSED] - Object: 'Object Repository/Page_ Business Gateway/span_Back' is clicked on

2019-04-30 10:53:03 - [TEST_STEP][PASSED] - click(findTestObject("Object Repository/Page_ Business Gateway/label_Change Page")): Object: 'Object Repository/Page_ Business Gateway/label_Change Page' is clicked on

2019-04-30 10:53:03 - [MESSAGE][PASSED] - Object: 'Object Repository/Page_ Business Gateway/label_Change Page' is clicked on]]></system-out>
         <system-err><![CDATA[]]></system-err>
      </testcase>
      <system-out><![CDATA[2019-04-30 10:50:13 - [TEST_SUITE][PASSED] - KiboLite: Test Cases/KiboLite/TC11085]]></system-out>
      <system-err><![CDATA[]]></system-err>
   </testsuite>
</testsuites>
