<?xml version="1.0" encoding="UTF-8"?>
<testsuites name="KiboPush Broadcasts" time="496" tests="11" failures="3" errors="0">
   <testsuite name="KiboPush Broadcasts" tests="11" failures="3" errors="0" time="496" timestamp="2018-08-09 17:01:38" hostname="baqarjafri - 192.168.10.16" id="Test Suites/KiboPush Broadcasts">
      <properties>
         <property name="deviceName" value=""/>
         <property name="devicePlatform" value=""/>
         <property name="logFolder" value="/Users/baqarjafri/Katalon Studio/KiboPush/Reports/KiboPush Broadcasts/20180809_170126"/>
         <property name="logFiles" value="/Users/baqarjafri/Katalon Studio/KiboPush/Reports/KiboPush Broadcasts/20180809_170126/execution0.log"/>
         <property name="attachments" value="/Users/baqarjafri/Katalon Studio/KiboPush/Reports/KiboPush Broadcasts/20180809_170126/1533816217596.png, /Users/baqarjafri/Katalon Studio/KiboPush/Reports/KiboPush Broadcasts/20180809_170126/1533816292828.png, /Users/baqarjafri/Katalon Studio/KiboPush/Reports/KiboPush Broadcasts/20180809_170126/1533816537992.png"/>
         <property name="hostName" value="baqarjafri - 192.168.10.16"/>
         <property name="os" value="Mac OS X 64bit"/>
         <property name="katalonVersion" value="5.6.0.1"/>
         <property name="browser" value="Chrome 67.0.3396.99"/>
         <property name="hostAddress" value="192.168.10.16"/>
         <property name="sessionId" value="edb0addde20280f20457bff74350d3e1"/>
         <property name="seleniumVersion" value="3.7.1"/>
         <property name="proxyInformation" value="ProxyInformation{proxyOption=NO_PROXY, proxyServerType=HTTP, password=, proxyServerAddress=, proxyServerPort=0}"/>
         <property name="platform" value="Mac OS X"/>
      </properties>
      <testcase name="Test Cases/TC0124" classname="Test Cases/TC0124" status="PASSED">
         <system-out><![CDATA[2018-08-09 17:01:39 - [TEST_CASE][PASSED] - Test Cases/TC0124: Test Cases/TC0124

2018-08-09 17:01:39 - [TEST_STEP][PASSED] - openBrowser: Browser is opened with url: ''

2018-08-09 17:01:42 - [MESSAGE][PASSED] - Browser is opened with url: ''

2018-08-09 17:01:42 - [TEST_STEP][PASSED] - navigateToUrl: Navigate to 'https://staging.kibopush.com/' successfully

2018-08-09 17:01:58 - [MESSAGE][PASSED] - Navigate to 'https://staging.kibopush.com/' successfully

2018-08-09 17:01:58 - [TEST_STEP][PASSED] - click: Object: 'Object Repository/Page_KiboPush  Sign In/a_Login' is clicked on

2018-08-09 17:02:03 - [MESSAGE][PASSED] - Object: 'Object Repository/Page_KiboPush  Sign In/a_Login' is clicked on

2018-08-09 17:02:03 - [TEST_STEP][PASSED] - click: Object: 'Object Repository/Page_KiboPush  Sign In/button_Team Account' is clicked on

2018-08-09 17:02:08 - [MESSAGE][PASSED] - Object: 'Object Repository/Page_KiboPush  Sign In/button_Team Account' is clicked on

2018-08-09 17:02:08 - [TEST_STEP][PASSED] - setText: Text 'kibopush.com' is set on object 'Object Repository/Page_KiboPush  Sign In/input_form-control m-input'

2018-08-09 17:02:09 - [MESSAGE][PASSED] - Text 'kibopush.com' is set on object 'Object Repository/Page_KiboPush  Sign In/input_form-control m-input'

2018-08-09 17:02:09 - [TEST_STEP][PASSED] - setText: Text 'bjafri5@gmail.com' is set on object 'Object Repository/Page_KiboPush  Sign In/input_form-control m-input_1'

2018-08-09 17:02:09 - [MESSAGE][PASSED] - Text 'bjafri5@gmail.com' is set on object 'Object Repository/Page_KiboPush  Sign In/input_form-control m-input_1'

2018-08-09 17:02:09 - [TEST_STEP][PASSED] - setEncryptedText: Text ****** has been set on object 'Object Repository/Page_KiboPush  Sign In/input_form-control m-input_2'

2018-08-09 17:02:09 - [MESSAGE][PASSED] - Text ****** has been set on object 'Object Repository/Page_KiboPush  Sign In/input_form-control m-input_2'

2018-08-09 17:02:09 - [TEST_STEP][PASSED] - click: Object: 'Object Repository/Page_KiboPush  Sign In/button_Sign In' is clicked on

2018-08-09 17:02:15 - [MESSAGE][PASSED] - Object: 'Object Repository/Page_KiboPush  Sign In/button_Sign In' is clicked on

2018-08-09 17:02:15 - [TEST_STEP][PASSED] - click: Object: 'Object Repository/Page_KiboPush  Dashboard/span_Broadcasts' is clicked on

2018-08-09 17:02:23 - [MESSAGE][PASSED] - Object: 'Object Repository/Page_KiboPush  Dashboard/span_Broadcasts' is clicked on

2018-08-09 17:02:23 - [TEST_STEP][PASSED] - delay: Delayed 1 second(s)

2018-08-09 17:02:24 - [MESSAGE][PASSED] - Delayed 1 second(s)

2018-08-09 17:02:24 - [TEST_STEP][PASSED] - click: Object: 'Object Repository/Page_KiboPush  Broadcast/a_4' is clicked on

2018-08-09 17:02:29 - [MESSAGE][PASSED] - Object: 'Object Repository/Page_KiboPush  Broadcast/a_4' is clicked on

2018-08-09 17:02:29 - [TEST_STEP][PASSED] - delay: Delayed 1 second(s)

2018-08-09 17:02:30 - [MESSAGE][PASSED] - Delayed 1 second(s)

2018-08-09 17:02:30 - [TEST_STEP][PASSED] - Statement - date_page4 = getFirstRowDate(): null

2018-08-09 17:02:30 - [TEST_STEP][PASSED] - Statement - driver = com.kms.katalon.core.webui.driver.DriverFactory.getWebDriver(): null

2018-08-09 17:02:30 - [TEST_STEP][PASSED] - Statement - Try: null

2018-08-09 17:02:30 - [TEST_STEP][PASSED] - Statement - Table = driver.findElement(org.openqa.selenium.By.xpath("//table/tbody")): null

2018-08-09 17:02:30 - [TEST_STEP][PASSED] - Statement - rows_table = Table.findElements(org.openqa.selenium.By.tagName("tr")): null

2018-08-09 17:02:30 - [TEST_STEP][PASSED] - Statement - dates = new java.util.ArrayList(): null

2018-08-09 17:02:30 - [TEST_STEP][PASSED] - Statement - date = rows_table.get(0).findElement(org.openqa.selenium.By.xpath(".//td[@data-field="datetime"]")).getText(): null

2018-08-09 17:02:30 - [TEST_STEP][PASSED] - Statement - return date: null

2018-08-09 17:02:30 - [TEST_STEP][PASSED] - click: Object: 'Object Repository/Page_KiboPush  Broadcast/a_previous' is clicked on

2018-08-09 17:02:36 - [MESSAGE][PASSED] - Object: 'Object Repository/Page_KiboPush  Broadcast/a_previous' is clicked on

2018-08-09 17:02:36 - [TEST_STEP][PASSED] - delay: Delayed 1 second(s)

2018-08-09 17:02:37 - [MESSAGE][PASSED] - Delayed 1 second(s)

2018-08-09 17:02:37 - [TEST_STEP][PASSED] - Statement - date_page3 = getFirstRowDate(): null

2018-08-09 17:02:37 - [TEST_STEP][PASSED] - Statement - driver = com.kms.katalon.core.webui.driver.DriverFactory.getWebDriver(): null

2018-08-09 17:02:37 - [TEST_STEP][PASSED] - Statement - Try: null

2018-08-09 17:02:37 - [TEST_STEP][PASSED] - Statement - Table = driver.findElement(org.openqa.selenium.By.xpath("//table/tbody")): null

2018-08-09 17:02:37 - [TEST_STEP][PASSED] - Statement - rows_table = Table.findElements(org.openqa.selenium.By.tagName("tr")): null

2018-08-09 17:02:37 - [TEST_STEP][PASSED] - Statement - dates = new java.util.ArrayList(): null

2018-08-09 17:02:37 - [TEST_STEP][PASSED] - Statement - date = rows_table.get(0).findElement(org.openqa.selenium.By.xpath(".//td[@data-field="datetime"]")).getText(): null

2018-08-09 17:02:37 - [TEST_STEP][PASSED] - Statement - return date: null

2018-08-09 17:02:37 - [TEST_STEP][PASSED] - click: Object: 'Object Repository/Page_KiboPush  Broadcast/a_previous' is clicked on

2018-08-09 17:02:42 - [MESSAGE][PASSED] - Object: 'Object Repository/Page_KiboPush  Broadcast/a_previous' is clicked on

2018-08-09 17:02:42 - [TEST_STEP][PASSED] - delay: Delayed 1 second(s)

2018-08-09 17:02:43 - [MESSAGE][PASSED] - Delayed 1 second(s)

2018-08-09 17:02:43 - [TEST_STEP][PASSED] - Statement - date_page2 = getFirstRowDate(): null

2018-08-09 17:02:43 - [TEST_STEP][PASSED] - Statement - driver = com.kms.katalon.core.webui.driver.DriverFactory.getWebDriver(): null

2018-08-09 17:02:43 - [TEST_STEP][PASSED] - Statement - Try: null

2018-08-09 17:02:43 - [TEST_STEP][PASSED] - Statement - Table = driver.findElement(org.openqa.selenium.By.xpath("//table/tbody")): null

2018-08-09 17:02:43 - [TEST_STEP][PASSED] - Statement - rows_table = Table.findElements(org.openqa.selenium.By.tagName("tr")): null

2018-08-09 17:02:43 - [TEST_STEP][PASSED] - Statement - dates = new java.util.ArrayList(): null

2018-08-09 17:02:43 - [TEST_STEP][PASSED] - Statement - date = rows_table.get(0).findElement(org.openqa.selenium.By.xpath(".//td[@data-field="datetime"]")).getText(): null

2018-08-09 17:02:43 - [TEST_STEP][PASSED] - Statement - return date: null

2018-08-09 17:02:43 - [TEST_STEP][PASSED] - verifyNotMatch: Actual text 'Fri Jun 29 2018 6:41 AM' and expected text 'Fri Jun 29 2018 6:51 AM' are not matched 

2018-08-09 17:02:43 - [MESSAGE][PASSED] - Actual text 'Fri Jun 29 2018 6:41 AM' and expected text 'Fri Jun 29 2018 6:51 AM' are not matched 

2018-08-09 17:02:43 - [TEST_STEP][PASSED] - verifyNotMatch: Actual text 'Fri Jun 29 2018 6:41 AM' and expected text 'Thu Jul 19 2018 8:25 AM' are not matched 

2018-08-09 17:02:43 - [MESSAGE][PASSED] - Actual text 'Fri Jun 29 2018 6:41 AM' and expected text 'Thu Jul 19 2018 8:25 AM' are not matched 

2018-08-09 17:02:43 - [TEST_STEP][PASSED] - verifyNotMatch: Actual text 'Fri Jun 29 2018 6:51 AM' and expected text 'Thu Jul 19 2018 8:25 AM' are not matched 

2018-08-09 17:02:43 - [MESSAGE][PASSED] - Actual text 'Fri Jun 29 2018 6:51 AM' and expected text 'Thu Jul 19 2018 8:25 AM' are not matched 

2018-08-09 17:02:43 - [TEST_STEP][PASSED] - closeBrowser: Browser is closed

2018-08-09 17:02:43 - [MESSAGE][PASSED] - Browser is closed]]></system-out>
         <system-err><![CDATA[]]></system-err>
      </testcase>
      <testcase name="Test Cases/TC0125" classname="Test Cases/TC0125" status="FAILED">
         <failure type="FAILED" message="Unable to click on object 'Object Repository/Page_KiboPush  Broadcast/div_Filter by type...textimage (2)' (Root cause: com.kms.katalon.core.webui.exception.WebElementNotFoundException: Web element with id: 'Object Repository/Page_KiboPush  Broadcast/div_Filter by type...textimage (2)' located by 'By.xpath: //div[(text() = 'Filter by type...textimagecardgalleryaudiovideofilelistmediamiscellaneousallShow records for last:    daysTitleTypeCreated AtSentSeenClicksSampleVideovideoMon Aug 06 2018 9:45 AM100Broadcast TitlegalleryFri Aug 03 2018 8:06 AM110TitleYtextThu Aug 02 2018 1:12 PM110TitleXtextThu Aug 02 2018 9:42 AM110Broadcast TitletextWed Aug 01 2018 10:59 AM110Broadcast TitletextWed Aug 01 2018 10:59 AM110Broadcast TitletextWed Aug 01 2018 10:58 AM110Broadcast TitlemediaMon Jul 30 2018 2:07 PM110Broadcast TitlecardThu Jul 19 2018 8:25 AM110Broadcast TitlecardThu Jul 19 2018 8:21 AM110previous1234next' or . = 'Filter by type...textimagecardgalleryaudiovideofilelistmediamiscellaneousallShow records for last:    daysTitleTypeCreated AtSentSeenClicksSampleVideovideoMon Aug 06 2018 9:45 AM100Broadcast TitlegalleryFri Aug 03 2018 8:06 AM110TitleYtextThu Aug 02 2018 1:12 PM110TitleXtextThu Aug 02 2018 9:42 AM110Broadcast TitletextWed Aug 01 2018 10:59 AM110Broadcast TitletextWed Aug 01 2018 10:59 AM110Broadcast TitletextWed Aug 01 2018 10:58 AM110Broadcast TitlemediaMon Jul 30 2018 2:07 PM110Broadcast TitlecardThu Jul 19 2018 8:25 AM110Broadcast TitlecardThu Jul 19 2018 8:21 AM110previous1234next')]' not found)"/>
         <system-out><![CDATA[2018-08-09 17:02:43 - [TEST_CASE][FAILED] - Test Cases/TC0125: Test Cases/TC0125 FAILED because (of) Unable to click on object 'Object Repository/Page_KiboPush  Broadcast/div_Filter by type...textimage (2)' (Root cause: com.kms.katalon.core.webui.exception.WebElementNotFoundException: Web element with id: 'Object Repository/Page_KiboPush  Broadcast/div_Filter by type...textimage (2)' located by 'By.xpath: //div[(text() = 'Filter by type...textimagecardgalleryaudiovideofilelistmediamiscellaneousallShow records for last:    daysTitleTypeCreated AtSentSeenClicksSampleVideovideoMon Aug 06 2018 9:45 AM100Broadcast TitlegalleryFri Aug 03 2018 8:06 AM110TitleYtextThu Aug 02 2018 1:12 PM110TitleXtextThu Aug 02 2018 9:42 AM110Broadcast TitletextWed Aug 01 2018 10:59 AM110Broadcast TitletextWed Aug 01 2018 10:59 AM110Broadcast TitletextWed Aug 01 2018 10:58 AM110Broadcast TitlemediaMon Jul 30 2018 2:07 PM110Broadcast TitlecardThu Jul 19 2018 8:25 AM110Broadcast TitlecardThu Jul 19 2018 8:21 AM110previous1234next' or . = 'Filter by type...textimagecardgalleryaudiovideofilelistmediamiscellaneousallShow records for last:    daysTitleTypeCreated AtSentSeenClicksSampleVideovideoMon Aug 06 2018 9:45 AM100Broadcast TitlegalleryFri Aug 03 2018 8:06 AM110TitleYtextThu Aug 02 2018 1:12 PM110TitleXtextThu Aug 02 2018 9:42 AM110Broadcast TitletextWed Aug 01 2018 10:59 AM110Broadcast TitletextWed Aug 01 2018 10:59 AM110Broadcast TitletextWed Aug 01 2018 10:58 AM110Broadcast TitlemediaMon Jul 30 2018 2:07 PM110Broadcast TitlecardThu Jul 19 2018 8:25 AM110Broadcast TitlecardThu Jul 19 2018 8:21 AM110previous1234next')]' not found)

2018-08-09 17:02:43 - [TEST_STEP][PASSED] - openBrowser: Browser is opened with url: ''

2018-08-09 17:02:44 - [MESSAGE][PASSED] - Browser is opened with url: ''

2018-08-09 17:02:44 - [TEST_STEP][PASSED] - navigateToUrl: Navigate to 'https://staging.kibopush.com/' successfully

2018-08-09 17:03:00 - [MESSAGE][PASSED] - Navigate to 'https://staging.kibopush.com/' successfully

2018-08-09 17:03:00 - [TEST_STEP][PASSED] - click: Object: 'Object Repository/Page_KiboPush  Sign In/a_Login' is clicked on

2018-08-09 17:03:00 - [MESSAGE][PASSED] - Object: 'Object Repository/Page_KiboPush  Sign In/a_Login' is clicked on

2018-08-09 17:03:00 - [TEST_STEP][PASSED] - click: Object: 'Object Repository/Page_KiboPush  Sign In/button_Team Account' is clicked on

2018-08-09 17:03:00 - [MESSAGE][PASSED] - Object: 'Object Repository/Page_KiboPush  Sign In/button_Team Account' is clicked on

2018-08-09 17:03:00 - [TEST_STEP][PASSED] - setText: Text 'kibopush.com' is set on object 'Object Repository/Page_KiboPush  Sign In/input_form-control m-input'

2018-08-09 17:03:00 - [MESSAGE][PASSED] - Text 'kibopush.com' is set on object 'Object Repository/Page_KiboPush  Sign In/input_form-control m-input'

2018-08-09 17:03:00 - [TEST_STEP][PASSED] - setText: Text 'bjafri5@gmail.com' is set on object 'Object Repository/Page_KiboPush  Sign In/input_form-control m-input_1'

2018-08-09 17:03:01 - [MESSAGE][PASSED] - Text 'bjafri5@gmail.com' is set on object 'Object Repository/Page_KiboPush  Sign In/input_form-control m-input_1'

2018-08-09 17:03:01 - [TEST_STEP][PASSED] - setEncryptedText: Text ****** has been set on object 'Object Repository/Page_KiboPush  Sign In/input_form-control m-input_2'

2018-08-09 17:03:01 - [MESSAGE][PASSED] - Text ****** has been set on object 'Object Repository/Page_KiboPush  Sign In/input_form-control m-input_2'

2018-08-09 17:03:01 - [TEST_STEP][PASSED] - click: Object: 'Object Repository/Page_KiboPush  Sign In/button_Sign In' is clicked on

2018-08-09 17:03:01 - [MESSAGE][PASSED] - Object: 'Object Repository/Page_KiboPush  Sign In/button_Sign In' is clicked on

2018-08-09 17:03:01 - [TEST_STEP][PASSED] - click: Object: 'Object Repository/Page_KiboPush  Dashboard/span_Broadcasts' is clicked on

2018-08-09 17:03:04 - [MESSAGE][PASSED] - Object: 'Object Repository/Page_KiboPush  Dashboard/span_Broadcasts' is clicked on

2018-08-09 17:03:04 - [TEST_STEP][PASSED] - delay: Delayed 1 second(s)

2018-08-09 17:03:05 - [MESSAGE][PASSED] - Delayed 1 second(s)

2018-08-09 17:03:05 - [TEST_STEP][FAILED] - click: Unable to click on object 'Object Repository/Page_KiboPush  Broadcast/div_Filter by type...textimage (2)' (Root cause: com.kms.katalon.core.webui.exception.WebElementNotFoundException: Web element with id: 'Object Repository/Page_KiboPush  Broadcast/div_Filter by type...textimage (2)' located by 'By.xpath: //div[(text() = 'Filter by type...textimagecardgalleryaudiovideofilelistmediamiscellaneousallShow records for last:    daysTitleTypeCreated AtSentSeenClicksSampleVideovideoMon Aug 06 2018 9:45 AM100Broadcast TitlegalleryFri Aug 03 2018 8:06 AM110TitleYtextThu Aug 02 2018 1:12 PM110TitleXtextThu Aug 02 2018 9:42 AM110Broadcast TitletextWed Aug 01 2018 10:59 AM110Broadcast TitletextWed Aug 01 2018 10:59 AM110Broadcast TitletextWed Aug 01 2018 10:58 AM110Broadcast TitlemediaMon Jul 30 2018 2:07 PM110Broadcast TitlecardThu Jul 19 2018 8:25 AM110Broadcast TitlecardThu Jul 19 2018 8:21 AM110previous1234next' or . = 'Filter by type...textimagecardgalleryaudiovideofilelistmediamiscellaneousallShow records for last:    daysTitleTypeCreated AtSentSeenClicksSampleVideovideoMon Aug 06 2018 9:45 AM100Broadcast TitlegalleryFri Aug 03 2018 8:06 AM110TitleYtextThu Aug 02 2018 1:12 PM110TitleXtextThu Aug 02 2018 9:42 AM110Broadcast TitletextWed Aug 01 2018 10:59 AM110Broadcast TitletextWed Aug 01 2018 10:59 AM110Broadcast TitletextWed Aug 01 2018 10:58 AM110Broadcast TitlemediaMon Jul 30 2018 2:07 PM110Broadcast TitlecardThu Jul 19 2018 8:25 AM110Broadcast TitlecardThu Jul 19 2018 8:21 AM110previous1234next')]' not found)

2018-08-09 17:03:38 - [MESSAGE][FAILED] - Unable to click on object 'Object Repository/Page_KiboPush  Broadcast/div_Filter by type...textimage (2)' (Root cause: com.kms.katalon.core.webui.exception.WebElementNotFoundException: Web element with id: 'Object Repository/Page_KiboPush  Broadcast/div_Filter by type...textimage (2)' located by 'By.xpath: //div[(text() = 'Filter by type...textimagecardgalleryaudiovideofilelistmediamiscellaneousallShow records for last:    daysTitleTypeCreated AtSentSeenClicksSampleVideovideoMon Aug 06 2018 9:45 AM100Broadcast TitlegalleryFri Aug 03 2018 8:06 AM110TitleYtextThu Aug 02 2018 1:12 PM110TitleXtextThu Aug 02 2018 9:42 AM110Broadcast TitletextWed Aug 01 2018 10:59 AM110Broadcast TitletextWed Aug 01 2018 10:59 AM110Broadcast TitletextWed Aug 01 2018 10:58 AM110Broadcast TitlemediaMon Jul 30 2018 2:07 PM110Broadcast TitlecardThu Jul 19 2018 8:25 AM110Broadcast TitlecardThu Jul 19 2018 8:21 AM110previous1234next' or . = 'Filter by type...textimagecardgalleryaudiovideofilelistmediamiscellaneousallShow records for last:    daysTitleTypeCreated AtSentSeenClicksSampleVideovideoMon Aug 06 2018 9:45 AM100Broadcast TitlegalleryFri Aug 03 2018 8:06 AM110TitleYtextThu Aug 02 2018 1:12 PM110TitleXtextThu Aug 02 2018 9:42 AM110Broadcast TitletextWed Aug 01 2018 10:59 AM110Broadcast TitletextWed Aug 01 2018 10:59 AM110Broadcast TitletextWed Aug 01 2018 10:58 AM110Broadcast TitlemediaMon Jul 30 2018 2:07 PM110Broadcast TitlecardThu Jul 19 2018 8:25 AM110Broadcast TitlecardThu Jul 19 2018 8:21 AM110previous1234next')]' not found)
[[ATTACHMENT|/Users/baqarjafri/Katalon Studio/KiboPush/Reports/KiboPush Broadcasts/20180809_170126/1533816217596.png]]]]></system-out>
         <system-err><![CDATA[2018-08-09 17:02:43 - [TEST_CASE][FAILED] - Test Cases/TC0125: Test Cases/TC0125 FAILED because (of) Unable to click on object 'Object Repository/Page_KiboPush  Broadcast/div_Filter by type...textimage (2)' (Root cause: com.kms.katalon.core.webui.exception.WebElementNotFoundException: Web element with id: 'Object Repository/Page_KiboPush  Broadcast/div_Filter by type...textimage (2)' located by 'By.xpath: //div[(text() = 'Filter by type...textimagecardgalleryaudiovideofilelistmediamiscellaneousallShow records for last:    daysTitleTypeCreated AtSentSeenClicksSampleVideovideoMon Aug 06 2018 9:45 AM100Broadcast TitlegalleryFri Aug 03 2018 8:06 AM110TitleYtextThu Aug 02 2018 1:12 PM110TitleXtextThu Aug 02 2018 9:42 AM110Broadcast TitletextWed Aug 01 2018 10:59 AM110Broadcast TitletextWed Aug 01 2018 10:59 AM110Broadcast TitletextWed Aug 01 2018 10:58 AM110Broadcast TitlemediaMon Jul 30 2018 2:07 PM110Broadcast TitlecardThu Jul 19 2018 8:25 AM110Broadcast TitlecardThu Jul 19 2018 8:21 AM110previous1234next' or . = 'Filter by type...textimagecardgalleryaudiovideofilelistmediamiscellaneousallShow records for last:    daysTitleTypeCreated AtSentSeenClicksSampleVideovideoMon Aug 06 2018 9:45 AM100Broadcast TitlegalleryFri Aug 03 2018 8:06 AM110TitleYtextThu Aug 02 2018 1:12 PM110TitleXtextThu Aug 02 2018 9:42 AM110Broadcast TitletextWed Aug 01 2018 10:59 AM110Broadcast TitletextWed Aug 01 2018 10:59 AM110Broadcast TitletextWed Aug 01 2018 10:58 AM110Broadcast TitlemediaMon Jul 30 2018 2:07 PM110Broadcast TitlecardThu Jul 19 2018 8:25 AM110Broadcast TitlecardThu Jul 19 2018 8:21 AM110previous1234next')]' not found)]]></system-err>
      </testcase>
      <testcase name="Test Cases/TC0132" classname="Test Cases/TC0132" status="PASSED">
         <system-out><![CDATA[2018-08-09 17:03:38 - [TEST_CASE][PASSED] - Test Cases/TC0132: Test Cases/TC0132

2018-08-09 17:03:38 - [TEST_STEP][PASSED] - callTestCase: Call Test Case 'Test Cases/Login' successfully

2018-08-09 17:03:38 - [TEST_CASE][PASSED] - Test Cases/Login: Test Cases/Login

2018-08-09 17:03:38 - [TEST_STEP][PASSED] - openBrowser: Browser is opened with url: ''

2018-08-09 17:03:38 - [MESSAGE][WARNING] - A browser is already opened. Closing browser and opening a new one

2018-08-09 17:03:40 - [MESSAGE][PASSED] - Browser is opened with url: ''

2018-08-09 17:03:40 - [TEST_STEP][PASSED] - navigateToUrl: Navigate to 'https://staging.kibopush.com/' successfully

2018-08-09 17:03:52 - [MESSAGE][PASSED] - Navigate to 'https://staging.kibopush.com/' successfully

2018-08-09 17:03:52 - [TEST_STEP][PASSED] - click: Object: 'Object Repository/Page_KiboPush  Sign In/a_Login' is clicked on

2018-08-09 17:03:53 - [MESSAGE][PASSED] - Object: 'Object Repository/Page_KiboPush  Sign In/a_Login' is clicked on

2018-08-09 17:03:53 - [TEST_STEP][PASSED] - click: Object: 'Object Repository/Page_KiboPush  Sign In/button_Team Account' is clicked on

2018-08-09 17:03:53 - [MESSAGE][PASSED] - Object: 'Object Repository/Page_KiboPush  Sign In/button_Team Account' is clicked on

2018-08-09 17:03:53 - [TEST_STEP][PASSED] - setText: Text 'kibopush.com' is set on object 'Object Repository/Page_KiboPush  Sign In/input_form-control m-input'

2018-08-09 17:03:53 - [MESSAGE][PASSED] - Text 'kibopush.com' is set on object 'Object Repository/Page_KiboPush  Sign In/input_form-control m-input'

2018-08-09 17:03:53 - [TEST_STEP][PASSED] - setText: Text 'bjafri5@gmail.com' is set on object 'Object Repository/Page_KiboPush  Sign In/input_form-control m-input_1'

2018-08-09 17:03:53 - [MESSAGE][PASSED] - Text 'bjafri5@gmail.com' is set on object 'Object Repository/Page_KiboPush  Sign In/input_form-control m-input_1'

2018-08-09 17:03:53 - [TEST_STEP][PASSED] - setEncryptedText: Text ****** has been set on object 'Object Repository/Page_KiboPush  Sign In/input_form-control m-input_2'

2018-08-09 17:03:53 - [MESSAGE][PASSED] - Text ****** has been set on object 'Object Repository/Page_KiboPush  Sign In/input_form-control m-input_2'

2018-08-09 17:03:53 - [TEST_STEP][PASSED] - click: Object: 'Object Repository/Page_KiboPush  Sign In/button_Sign In' is clicked on

2018-08-09 17:03:54 - [MESSAGE][PASSED] - Object: 'Object Repository/Page_KiboPush  Sign In/button_Sign In' is clicked on

2018-08-09 17:03:54 - [MESSAGE][PASSED] - Call Test Case 'Test Cases/Login' successfully

2018-08-09 17:03:54 - [TEST_STEP][PASSED] - click: Object: 'Object Repository/Page_KiboPush  Dashboard/span_Broadcasts' is clicked on

2018-08-09 17:03:56 - [MESSAGE][PASSED] - Object: 'Object Repository/Page_KiboPush  Dashboard/span_Broadcasts' is clicked on

2018-08-09 17:03:56 - [TEST_STEP][PASSED] - click: Object: 'Object Repository/Page_KiboPush  Broadcast/span_Create New Broadcast' is clicked on

2018-08-09 17:03:57 - [MESSAGE][PASSED] - Object: 'Object Repository/Page_KiboPush  Broadcast/span_Create New Broadcast' is clicked on

2018-08-09 17:03:57 - [TEST_STEP][PASSED] - click: Object: 'Object Repository/Page_KiboPush  Broadcast/a_Create New Broadcast' is clicked on

2018-08-09 17:03:57 - [MESSAGE][PASSED] - Object: 'Object Repository/Page_KiboPush  Broadcast/a_Create New Broadcast' is clicked on

2018-08-09 17:03:57 - [TEST_STEP][PASSED] - custom.newKeyword.clickUsingJS: custom.newKeyword.clickUsingJS is PASSED

2018-08-09 17:03:57 - [MESSAGE][PASSED] - custom.newKeyword.clickUsingJS is PASSED

2018-08-09 17:03:57 - [TEST_STEP][PASSED] - click: Object: 'Object Repository/Page_KiboPush  Create Broadcast/button_Next' is clicked on

2018-08-09 17:03:58 - [MESSAGE][PASSED] - Object: 'Object Repository/Page_KiboPush  Create Broadcast/button_Next' is clicked on

2018-08-09 17:03:58 - [TEST_STEP][PASSED] - click: Object: 'Object Repository/Page_KiboPush  Create Broadcast/div_Text cannot be empty' is clicked on

2018-08-09 17:03:58 - [MESSAGE][PASSED] - Object: 'Object Repository/Page_KiboPush  Create Broadcast/div_Text cannot be empty' is clicked on

2018-08-09 17:03:58 - [TEST_STEP][PASSED] - setText: Text 'X' is set on object 'Object Repository/Page_KiboPush  Create Broadcast/textarea_hoverbordersolid form (1)'

2018-08-09 17:03:58 - [MESSAGE][PASSED] - Text 'X' is set on object 'Object Repository/Page_KiboPush  Create Broadcast/textarea_hoverbordersolid form (1)'

2018-08-09 17:03:58 - [TEST_STEP][PASSED] - closeBrowser: Browser is closed

2018-08-09 17:03:58 - [MESSAGE][PASSED] - Browser is closed]]></system-out>
         <system-err><![CDATA[]]></system-err>
      </testcase>
      <testcase name="Test Cases/TC0133" classname="Test Cases/TC0133" status="FAILED">
         <failure type="FAILED" message="Unable to set text 'KiboPush' of object 'Object Repository/Page_KiboPush  Create Broadcast/input_form-control' (Root cause: com.kms.katalon.core.webui.exception.WebElementNotFoundException: Web element with id: 'Object Repository/Page_KiboPush  Create Broadcast/input_form-control' located by 'By.xpath: //input[@type = 'text' and @placeholder = 'Enter Title...']' not found)"/>
         <system-out><![CDATA[2018-08-09 17:03:58 - [TEST_CASE][FAILED] - Test Cases/TC0133: Test Cases/TC0133 FAILED because (of) Unable to set text 'KiboPush' of object 'Object Repository/Page_KiboPush  Create Broadcast/input_form-control' (Root cause: com.kms.katalon.core.webui.exception.WebElementNotFoundException: Web element with id: 'Object Repository/Page_KiboPush  Create Broadcast/input_form-control' located by 'By.xpath: //input[@type = 'text' and @placeholder = 'Enter Title...']' not found)

2018-08-09 17:03:58 - [TEST_STEP][PASSED] - callTestCase: Call Test Case 'Test Cases/Login' successfully

2018-08-09 17:03:58 - [TEST_CASE][PASSED] - Test Cases/Login: Test Cases/Login

2018-08-09 17:03:58 - [TEST_STEP][PASSED] - openBrowser: Browser is opened with url: ''

2018-08-09 17:03:59 - [MESSAGE][PASSED] - Browser is opened with url: ''

2018-08-09 17:03:59 - [TEST_STEP][PASSED] - navigateToUrl: Navigate to 'https://staging.kibopush.com/' successfully

2018-08-09 17:04:14 - [MESSAGE][PASSED] - Navigate to 'https://staging.kibopush.com/' successfully

2018-08-09 17:04:14 - [TEST_STEP][PASSED] - click: Object: 'Object Repository/Page_KiboPush  Sign In/a_Login' is clicked on

2018-08-09 17:04:15 - [MESSAGE][PASSED] - Object: 'Object Repository/Page_KiboPush  Sign In/a_Login' is clicked on

2018-08-09 17:04:15 - [TEST_STEP][PASSED] - click: Object: 'Object Repository/Page_KiboPush  Sign In/button_Team Account' is clicked on

2018-08-09 17:04:15 - [MESSAGE][PASSED] - Object: 'Object Repository/Page_KiboPush  Sign In/button_Team Account' is clicked on

2018-08-09 17:04:15 - [TEST_STEP][PASSED] - setText: Text 'kibopush.com' is set on object 'Object Repository/Page_KiboPush  Sign In/input_form-control m-input'

2018-08-09 17:04:15 - [MESSAGE][PASSED] - Text 'kibopush.com' is set on object 'Object Repository/Page_KiboPush  Sign In/input_form-control m-input'

2018-08-09 17:04:15 - [TEST_STEP][PASSED] - setText: Text 'bjafri5@gmail.com' is set on object 'Object Repository/Page_KiboPush  Sign In/input_form-control m-input_1'

2018-08-09 17:04:15 - [MESSAGE][PASSED] - Text 'bjafri5@gmail.com' is set on object 'Object Repository/Page_KiboPush  Sign In/input_form-control m-input_1'

2018-08-09 17:04:15 - [TEST_STEP][PASSED] - setEncryptedText: Text ****** has been set on object 'Object Repository/Page_KiboPush  Sign In/input_form-control m-input_2'

2018-08-09 17:04:15 - [MESSAGE][PASSED] - Text ****** has been set on object 'Object Repository/Page_KiboPush  Sign In/input_form-control m-input_2'

2018-08-09 17:04:15 - [TEST_STEP][PASSED] - click: Object: 'Object Repository/Page_KiboPush  Sign In/button_Sign In' is clicked on

2018-08-09 17:04:15 - [MESSAGE][PASSED] - Object: 'Object Repository/Page_KiboPush  Sign In/button_Sign In' is clicked on

2018-08-09 17:04:15 - [MESSAGE][PASSED] - Call Test Case 'Test Cases/Login' successfully

2018-08-09 17:04:15 - [TEST_STEP][PASSED] - click: Object: 'Object Repository/Page_KiboPush  Dashboard/span_Broadcasts' is clicked on

2018-08-09 17:04:19 - [MESSAGE][PASSED] - Object: 'Object Repository/Page_KiboPush  Dashboard/span_Broadcasts' is clicked on

2018-08-09 17:04:19 - [TEST_STEP][PASSED] - click: Object: 'Object Repository/Page_KiboPush  Broadcast/span_Create New Broadcast' is clicked on

2018-08-09 17:04:19 - [MESSAGE][PASSED] - Object: 'Object Repository/Page_KiboPush  Broadcast/span_Create New Broadcast' is clicked on

2018-08-09 17:04:19 - [TEST_STEP][PASSED] - click: Object: 'Object Repository/Page_KiboPush  Broadcast/a_Create New Broadcast' is clicked on

2018-08-09 17:04:20 - [MESSAGE][PASSED] - Object: 'Object Repository/Page_KiboPush  Broadcast/a_Create New Broadcast' is clicked on

2018-08-09 17:04:20 - [TEST_STEP][PASSED] - delay: Delayed 1 second(s)

2018-08-09 17:04:21 - [MESSAGE][PASSED] - Delayed 1 second(s)

2018-08-09 17:04:21 - [TEST_STEP][PASSED] - click: Object: 'Object Repository/Page_KiboPush  Create Broadcast/div_Text' is clicked on

2018-08-09 17:04:21 - [MESSAGE][PASSED] - Object: 'Object Repository/Page_KiboPush  Create Broadcast/div_Text' is clicked on

2018-08-09 17:04:21 - [TEST_STEP][PASSED] - click: Object: 'Object Repository/Page_KiboPush  Create Broadcast/div_ Add Button' is clicked on

2018-08-09 17:04:21 - [MESSAGE][PASSED] - Object: 'Object Repository/Page_KiboPush  Create Broadcast/div_ Add Button' is clicked on

2018-08-09 17:04:21 - [TEST_STEP][FAILED] - setText: Unable to set text 'KiboPush' of object 'Object Repository/Page_KiboPush  Create Broadcast/input_form-control' (Root cause: com.kms.katalon.core.webui.exception.WebElementNotFoundException: Web element with id: 'Object Repository/Page_KiboPush  Create Broadcast/input_form-control' located by 'By.xpath: //input[@type = 'text' and @placeholder = 'Enter Title...']' not found)

2018-08-09 17:04:53 - [MESSAGE][FAILED] - Unable to set text 'KiboPush' of object 'Object Repository/Page_KiboPush  Create Broadcast/input_form-control' (Root cause: com.kms.katalon.core.webui.exception.WebElementNotFoundException: Web element with id: 'Object Repository/Page_KiboPush  Create Broadcast/input_form-control' located by 'By.xpath: //input[@type = 'text' and @placeholder = 'Enter Title...']' not found)
[[ATTACHMENT|/Users/baqarjafri/Katalon Studio/KiboPush/Reports/KiboPush Broadcasts/20180809_170126/1533816292828.png]]]]></system-out>
         <system-err><![CDATA[2018-08-09 17:03:58 - [TEST_CASE][FAILED] - Test Cases/TC0133: Test Cases/TC0133 FAILED because (of) Unable to set text 'KiboPush' of object 'Object Repository/Page_KiboPush  Create Broadcast/input_form-control' (Root cause: com.kms.katalon.core.webui.exception.WebElementNotFoundException: Web element with id: 'Object Repository/Page_KiboPush  Create Broadcast/input_form-control' located by 'By.xpath: //input[@type = 'text' and @placeholder = 'Enter Title...']' not found)]]></system-err>
      </testcase>
      <testcase name="Test Cases/TC0137" classname="Test Cases/TC0137" status="PASSED">
         <system-out><![CDATA[2018-08-09 17:04:53 - [TEST_CASE][PASSED] - Test Cases/TC0137: Test Cases/TC0137

2018-08-09 17:04:53 - [TEST_STEP][PASSED] - callTestCase: Call Test Case 'Test Cases/Login' successfully

2018-08-09 17:04:53 - [TEST_CASE][PASSED] - Test Cases/Login: Test Cases/Login

2018-08-09 17:04:53 - [TEST_STEP][PASSED] - openBrowser: Browser is opened with url: ''

2018-08-09 17:04:53 - [MESSAGE][WARNING] - A browser is already opened. Closing browser and opening a new one

2018-08-09 17:04:55 - [MESSAGE][PASSED] - Browser is opened with url: ''

2018-08-09 17:04:55 - [TEST_STEP][PASSED] - navigateToUrl: Navigate to 'https://staging.kibopush.com/' successfully

2018-08-09 17:05:07 - [MESSAGE][PASSED] - Navigate to 'https://staging.kibopush.com/' successfully

2018-08-09 17:05:07 - [TEST_STEP][PASSED] - click: Object: 'Object Repository/Page_KiboPush  Sign In/a_Login' is clicked on

2018-08-09 17:05:07 - [MESSAGE][PASSED] - Object: 'Object Repository/Page_KiboPush  Sign In/a_Login' is clicked on

2018-08-09 17:05:07 - [TEST_STEP][PASSED] - click: Object: 'Object Repository/Page_KiboPush  Sign In/button_Team Account' is clicked on

2018-08-09 17:05:07 - [MESSAGE][PASSED] - Object: 'Object Repository/Page_KiboPush  Sign In/button_Team Account' is clicked on

2018-08-09 17:05:07 - [TEST_STEP][PASSED] - setText: Text 'kibopush.com' is set on object 'Object Repository/Page_KiboPush  Sign In/input_form-control m-input'

2018-08-09 17:05:07 - [MESSAGE][PASSED] - Text 'kibopush.com' is set on object 'Object Repository/Page_KiboPush  Sign In/input_form-control m-input'

2018-08-09 17:05:07 - [TEST_STEP][PASSED] - setText: Text 'bjafri5@gmail.com' is set on object 'Object Repository/Page_KiboPush  Sign In/input_form-control m-input_1'

2018-08-09 17:05:07 - [MESSAGE][PASSED] - Text 'bjafri5@gmail.com' is set on object 'Object Repository/Page_KiboPush  Sign In/input_form-control m-input_1'

2018-08-09 17:05:07 - [TEST_STEP][PASSED] - setEncryptedText: Text ****** has been set on object 'Object Repository/Page_KiboPush  Sign In/input_form-control m-input_2'

2018-08-09 17:05:08 - [MESSAGE][PASSED] - Text ****** has been set on object 'Object Repository/Page_KiboPush  Sign In/input_form-control m-input_2'

2018-08-09 17:05:08 - [TEST_STEP][PASSED] - click: Object: 'Object Repository/Page_KiboPush  Sign In/button_Sign In' is clicked on

2018-08-09 17:05:08 - [MESSAGE][PASSED] - Object: 'Object Repository/Page_KiboPush  Sign In/button_Sign In' is clicked on

2018-08-09 17:05:08 - [MESSAGE][PASSED] - Call Test Case 'Test Cases/Login' successfully

2018-08-09 17:05:08 - [TEST_STEP][PASSED] - click: Object: 'Object Repository/Page_KiboPush  Dashboard/span_Broadcasts' is clicked on

2018-08-09 17:05:11 - [MESSAGE][PASSED] - Object: 'Object Repository/Page_KiboPush  Dashboard/span_Broadcasts' is clicked on

2018-08-09 17:05:11 - [TEST_STEP][PASSED] - click: Object: 'Object Repository/Page_KiboPush  Broadcast/span_Create New Broadcast' is clicked on

2018-08-09 17:05:11 - [MESSAGE][PASSED] - Object: 'Object Repository/Page_KiboPush  Broadcast/span_Create New Broadcast' is clicked on

2018-08-09 17:05:11 - [TEST_STEP][PASSED] - click: Object: 'Object Repository/Page_KiboPush  Broadcast/a_Create New Broadcast' is clicked on

2018-08-09 17:05:11 - [MESSAGE][PASSED] - Object: 'Object Repository/Page_KiboPush  Broadcast/a_Create New Broadcast' is clicked on

2018-08-09 17:05:11 - [TEST_STEP][PASSED] - delay: Delayed 1 second(s)

2018-08-09 17:05:12 - [MESSAGE][PASSED] - Delayed 1 second(s)

2018-08-09 17:05:12 - [TEST_STEP][PASSED] - click: Object: 'Object Repository/Page_KiboPush  Create Broadcast/div_Image (2)' is clicked on

2018-08-09 17:05:12 - [MESSAGE][PASSED] - Object: 'Object Repository/Page_KiboPush  Create Broadcast/div_Image (2)' is clicked on

2018-08-09 17:05:12 - [TEST_STEP][PASSED] - delay: Delayed 1 second(s)

2018-08-09 17:05:13 - [MESSAGE][PASSED] - Delayed 1 second(s)

2018-08-09 17:05:13 - [TEST_STEP][PASSED] - click: Object: 'Object Repository/Page_KiboPush  Create Broadcast/div_Image_1' is clicked on

2018-08-09 17:05:13 - [MESSAGE][PASSED] - Object: 'Object Repository/Page_KiboPush  Create Broadcast/div_Image_1' is clicked on

2018-08-09 17:05:13 - [TEST_STEP][PASSED] - closeBrowser: Browser is closed

2018-08-09 17:05:14 - [MESSAGE][PASSED] - Browser is closed]]></system-out>
         <system-err><![CDATA[]]></system-err>
      </testcase>
      <testcase name="Test Cases/TC0141" classname="Test Cases/TC0141" status="PASSED">
         <system-out><![CDATA[2018-08-09 17:05:14 - [TEST_CASE][PASSED] - Test Cases/TC0141: Test Cases/TC0141

2018-08-09 17:05:14 - [TEST_STEP][PASSED] - callTestCase: Call Test Case 'Test Cases/Login' successfully

2018-08-09 17:05:14 - [TEST_CASE][PASSED] - Test Cases/Login: Test Cases/Login

2018-08-09 17:05:14 - [TEST_STEP][PASSED] - openBrowser: Browser is opened with url: ''

2018-08-09 17:05:15 - [MESSAGE][PASSED] - Browser is opened with url: ''

2018-08-09 17:05:15 - [TEST_STEP][PASSED] - navigateToUrl: Navigate to 'https://staging.kibopush.com/' successfully

2018-08-09 17:05:41 - [MESSAGE][PASSED] - Navigate to 'https://staging.kibopush.com/' successfully

2018-08-09 17:05:41 - [TEST_STEP][PASSED] - click: Object: 'Object Repository/Page_KiboPush  Sign In/a_Login' is clicked on

2018-08-09 17:05:41 - [MESSAGE][PASSED] - Object: 'Object Repository/Page_KiboPush  Sign In/a_Login' is clicked on

2018-08-09 17:05:41 - [TEST_STEP][PASSED] - click: Object: 'Object Repository/Page_KiboPush  Sign In/button_Team Account' is clicked on

2018-08-09 17:05:41 - [MESSAGE][PASSED] - Object: 'Object Repository/Page_KiboPush  Sign In/button_Team Account' is clicked on

2018-08-09 17:05:41 - [TEST_STEP][PASSED] - setText: Text 'kibopush.com' is set on object 'Object Repository/Page_KiboPush  Sign In/input_form-control m-input'

2018-08-09 17:05:41 - [MESSAGE][PASSED] - Text 'kibopush.com' is set on object 'Object Repository/Page_KiboPush  Sign In/input_form-control m-input'

2018-08-09 17:05:41 - [TEST_STEP][PASSED] - setText: Text 'bjafri5@gmail.com' is set on object 'Object Repository/Page_KiboPush  Sign In/input_form-control m-input_1'

2018-08-09 17:05:42 - [MESSAGE][PASSED] - Text 'bjafri5@gmail.com' is set on object 'Object Repository/Page_KiboPush  Sign In/input_form-control m-input_1'

2018-08-09 17:05:42 - [TEST_STEP][PASSED] - setEncryptedText: Text ****** has been set on object 'Object Repository/Page_KiboPush  Sign In/input_form-control m-input_2'

2018-08-09 17:05:42 - [MESSAGE][PASSED] - Text ****** has been set on object 'Object Repository/Page_KiboPush  Sign In/input_form-control m-input_2'

2018-08-09 17:05:42 - [TEST_STEP][PASSED] - click: Object: 'Object Repository/Page_KiboPush  Sign In/button_Sign In' is clicked on

2018-08-09 17:05:42 - [MESSAGE][PASSED] - Object: 'Object Repository/Page_KiboPush  Sign In/button_Sign In' is clicked on

2018-08-09 17:05:42 - [MESSAGE][PASSED] - Call Test Case 'Test Cases/Login' successfully

2018-08-09 17:05:42 - [TEST_STEP][PASSED] - click: Object: 'Object Repository/Page_KiboPush  Dashboard/span_Broadcasts' is clicked on

2018-08-09 17:05:45 - [MESSAGE][PASSED] - Object: 'Object Repository/Page_KiboPush  Dashboard/span_Broadcasts' is clicked on

2018-08-09 17:05:45 - [TEST_STEP][PASSED] - click: Object: 'Object Repository/Page_KiboPush  Broadcast/span_Create New Broadcast' is clicked on

2018-08-09 17:05:45 - [MESSAGE][PASSED] - Object: 'Object Repository/Page_KiboPush  Broadcast/span_Create New Broadcast' is clicked on

2018-08-09 17:05:45 - [TEST_STEP][PASSED] - click: Object: 'Object Repository/Page_KiboPush  Broadcast/a_Create New Broadcast' is clicked on

2018-08-09 17:05:46 - [MESSAGE][PASSED] - Object: 'Object Repository/Page_KiboPush  Broadcast/a_Create New Broadcast' is clicked on

2018-08-09 17:05:46 - [TEST_STEP][PASSED] - delay: Delayed 1 second(s)

2018-08-09 17:05:47 - [MESSAGE][PASSED] - Delayed 1 second(s)

2018-08-09 17:05:47 - [TEST_STEP][PASSED] - click: Object: 'Object Repository/Page_KiboPush  Create Broadcast/div_Card' is clicked on

2018-08-09 17:05:47 - [MESSAGE][PASSED] - Object: 'Object Repository/Page_KiboPush  Create Broadcast/div_Card' is clicked on

2018-08-09 17:05:47 - [TEST_STEP][PASSED] - verifyElementPresent: Object 'Object Repository/Page_KiboPush  Create Broadcast/div_ui-block hoverbordersolid' is present

2018-08-09 17:05:47 - [MESSAGE][PASSED] - Object 'Object Repository/Page_KiboPush  Create Broadcast/div_ui-block hoverbordersolid' is present]]></system-out>
         <system-err><![CDATA[]]></system-err>
      </testcase>
      <testcase name="Test Cases/TC0143" classname="Test Cases/TC0143" status="PASSED">
         <system-out><![CDATA[2018-08-09 17:05:47 - [TEST_CASE][PASSED] - Test Cases/TC0143: Test Cases/TC0143

2018-08-09 17:05:47 - [TEST_STEP][PASSED] - callTestCase: Call Test Case 'Test Cases/Login' successfully

2018-08-09 17:05:47 - [TEST_CASE][PASSED] - Test Cases/Login: Test Cases/Login

2018-08-09 17:05:47 - [TEST_STEP][PASSED] - openBrowser: Browser is opened with url: ''

2018-08-09 17:05:47 - [MESSAGE][WARNING] - A browser is already opened. Closing browser and opening a new one

2018-08-09 17:05:48 - [MESSAGE][PASSED] - Browser is opened with url: ''

2018-08-09 17:05:48 - [TEST_STEP][PASSED] - navigateToUrl: Navigate to 'https://staging.kibopush.com/' successfully

2018-08-09 17:06:07 - [MESSAGE][PASSED] - Navigate to 'https://staging.kibopush.com/' successfully

2018-08-09 17:06:07 - [TEST_STEP][PASSED] - click: Object: 'Object Repository/Page_KiboPush  Sign In/a_Login' is clicked on

2018-08-09 17:06:07 - [MESSAGE][PASSED] - Object: 'Object Repository/Page_KiboPush  Sign In/a_Login' is clicked on

2018-08-09 17:06:07 - [TEST_STEP][PASSED] - click: Object: 'Object Repository/Page_KiboPush  Sign In/button_Team Account' is clicked on

2018-08-09 17:06:07 - [MESSAGE][PASSED] - Object: 'Object Repository/Page_KiboPush  Sign In/button_Team Account' is clicked on

2018-08-09 17:06:07 - [TEST_STEP][PASSED] - setText: Text 'kibopush.com' is set on object 'Object Repository/Page_KiboPush  Sign In/input_form-control m-input'

2018-08-09 17:06:07 - [MESSAGE][PASSED] - Text 'kibopush.com' is set on object 'Object Repository/Page_KiboPush  Sign In/input_form-control m-input'

2018-08-09 17:06:07 - [TEST_STEP][PASSED] - setText: Text 'bjafri5@gmail.com' is set on object 'Object Repository/Page_KiboPush  Sign In/input_form-control m-input_1'

2018-08-09 17:06:08 - [MESSAGE][PASSED] - Text 'bjafri5@gmail.com' is set on object 'Object Repository/Page_KiboPush  Sign In/input_form-control m-input_1'

2018-08-09 17:06:08 - [TEST_STEP][PASSED] - setEncryptedText: Text ****** has been set on object 'Object Repository/Page_KiboPush  Sign In/input_form-control m-input_2'

2018-08-09 17:06:08 - [MESSAGE][PASSED] - Text ****** has been set on object 'Object Repository/Page_KiboPush  Sign In/input_form-control m-input_2'

2018-08-09 17:06:08 - [TEST_STEP][PASSED] - click: Object: 'Object Repository/Page_KiboPush  Sign In/button_Sign In' is clicked on

2018-08-09 17:06:08 - [MESSAGE][PASSED] - Object: 'Object Repository/Page_KiboPush  Sign In/button_Sign In' is clicked on

2018-08-09 17:06:08 - [MESSAGE][PASSED] - Call Test Case 'Test Cases/Login' successfully

2018-08-09 17:06:08 - [TEST_STEP][PASSED] - click: Object: 'Object Repository/Page_KiboPush  Dashboard/span_Broadcasts' is clicked on

2018-08-09 17:06:11 - [MESSAGE][PASSED] - Object: 'Object Repository/Page_KiboPush  Dashboard/span_Broadcasts' is clicked on

2018-08-09 17:06:11 - [TEST_STEP][PASSED] - click: Object: 'Object Repository/Page_KiboPush  Broadcast/span_Create New Broadcast' is clicked on

2018-08-09 17:06:11 - [MESSAGE][PASSED] - Object: 'Object Repository/Page_KiboPush  Broadcast/span_Create New Broadcast' is clicked on

2018-08-09 17:06:11 - [TEST_STEP][PASSED] - click: Object: 'Object Repository/Page_KiboPush  Broadcast/a_Create New Broadcast' is clicked on

2018-08-09 17:06:11 - [MESSAGE][PASSED] - Object: 'Object Repository/Page_KiboPush  Broadcast/a_Create New Broadcast' is clicked on

2018-08-09 17:06:11 - [TEST_STEP][PASSED] - delay: Delayed 1 second(s)

2018-08-09 17:06:12 - [MESSAGE][PASSED] - Delayed 1 second(s)

2018-08-09 17:06:12 - [TEST_STEP][PASSED] - click: Object: 'Object Repository/Page_KiboPush  Create Broadcast/div_Card' is clicked on

2018-08-09 17:06:13 - [MESSAGE][PASSED] - Object: 'Object Repository/Page_KiboPush  Create Broadcast/div_Card' is clicked on

2018-08-09 17:06:13 - [TEST_STEP][PASSED] - delay: Delayed 1 second(s)

2018-08-09 17:06:14 - [MESSAGE][PASSED] - Delayed 1 second(s)

2018-08-09 17:06:14 - [TEST_STEP][PASSED] - Statement - img = com.kms.katalon.core.configuration.RunConfiguration.getProjectDir() + "/sample.jpg": null

2018-08-09 17:06:14 - [TEST_STEP][PASSED] - uploadFile: File '/Users/baqarjafri/Katalon Studio/KiboPush/sample.jpg' sent to object: 'Object Repository/Page_KiboPush  Create Broadcast/input_file'

2018-08-09 17:06:14 - [MESSAGE][PASSED] - File '/Users/baqarjafri/Katalon Studio/KiboPush/sample.jpg' sent to object: 'Object Repository/Page_KiboPush  Create Broadcast/input_file'

2018-08-09 17:06:14 - [TEST_STEP][PASSED] - verifyElementPresent: Object 'Object Repository/Page_KiboPush  Create Broadcast/img' is present

2018-08-09 17:06:22 - [MESSAGE][PASSED] - Object 'Object Repository/Page_KiboPush  Create Broadcast/img' is present

2018-08-09 17:06:22 - [TEST_STEP][PASSED] - setText: Text 'Card Subtitle' is set on object 'Object Repository/Page_KiboPush  Create Broadcast/textarea_form-control'

2018-08-09 17:06:23 - [MESSAGE][PASSED] - Text 'Card Subtitle' is set on object 'Object Repository/Page_KiboPush  Create Broadcast/textarea_form-control'

2018-08-09 17:06:23 - [TEST_STEP][PASSED] - scrollToPosition: Browser is scrolled to position x = 0, y = 0

2018-08-09 17:06:23 - [MESSAGE][PASSED] - Browser is scrolled to position x = 0, y = 0

2018-08-09 17:06:23 - [TEST_STEP][PASSED] - click: Object: 'Object Repository/Page_KiboPush  Create Broadcast/button_Next' is clicked on

2018-08-09 17:06:23 - [MESSAGE][PASSED] - Object: 'Object Repository/Page_KiboPush  Create Broadcast/button_Next' is clicked on

2018-08-09 17:06:23 - [TEST_STEP][PASSED] - click: Object: 'Object Repository/Page_KiboPush  Create Broadcast/div_Card must have a Title' is clicked on

2018-08-09 17:06:23 - [MESSAGE][PASSED] - Object: 'Object Repository/Page_KiboPush  Create Broadcast/div_Card must have a Title' is clicked on

2018-08-09 17:06:23 - [TEST_STEP][PASSED] - closeBrowser: Browser is closed

2018-08-09 17:06:23 - [MESSAGE][PASSED] - Browser is closed]]></system-out>
         <system-err><![CDATA[]]></system-err>
      </testcase>
      <testcase name="Test Cases/TC0144" classname="Test Cases/TC0144" status="PASSED">
         <system-out><![CDATA[2018-08-09 17:06:23 - [TEST_CASE][PASSED] - Test Cases/TC0144: Test Cases/TC0144

2018-08-09 17:06:23 - [TEST_STEP][PASSED] - callTestCase: Call Test Case 'Test Cases/Login' successfully

2018-08-09 17:06:23 - [TEST_CASE][PASSED] - Test Cases/Login: Test Cases/Login

2018-08-09 17:06:23 - [TEST_STEP][PASSED] - openBrowser: Browser is opened with url: ''

2018-08-09 17:06:24 - [MESSAGE][PASSED] - Browser is opened with url: ''

2018-08-09 17:06:24 - [TEST_STEP][PASSED] - navigateToUrl: Navigate to 'https://staging.kibopush.com/' successfully

2018-08-09 17:06:42 - [MESSAGE][PASSED] - Navigate to 'https://staging.kibopush.com/' successfully

2018-08-09 17:06:42 - [TEST_STEP][PASSED] - click: Object: 'Object Repository/Page_KiboPush  Sign In/a_Login' is clicked on

2018-08-09 17:06:42 - [MESSAGE][PASSED] - Object: 'Object Repository/Page_KiboPush  Sign In/a_Login' is clicked on

2018-08-09 17:06:42 - [TEST_STEP][PASSED] - click: Object: 'Object Repository/Page_KiboPush  Sign In/button_Team Account' is clicked on

2018-08-09 17:06:42 - [MESSAGE][PASSED] - Object: 'Object Repository/Page_KiboPush  Sign In/button_Team Account' is clicked on

2018-08-09 17:06:42 - [TEST_STEP][PASSED] - setText: Text 'kibopush.com' is set on object 'Object Repository/Page_KiboPush  Sign In/input_form-control m-input'

2018-08-09 17:06:42 - [MESSAGE][PASSED] - Text 'kibopush.com' is set on object 'Object Repository/Page_KiboPush  Sign In/input_form-control m-input'

2018-08-09 17:06:42 - [TEST_STEP][PASSED] - setText: Text 'bjafri5@gmail.com' is set on object 'Object Repository/Page_KiboPush  Sign In/input_form-control m-input_1'

2018-08-09 17:06:43 - [MESSAGE][PASSED] - Text 'bjafri5@gmail.com' is set on object 'Object Repository/Page_KiboPush  Sign In/input_form-control m-input_1'

2018-08-09 17:06:43 - [TEST_STEP][PASSED] - setEncryptedText: Text ****** has been set on object 'Object Repository/Page_KiboPush  Sign In/input_form-control m-input_2'

2018-08-09 17:06:43 - [MESSAGE][PASSED] - Text ****** has been set on object 'Object Repository/Page_KiboPush  Sign In/input_form-control m-input_2'

2018-08-09 17:06:43 - [TEST_STEP][PASSED] - click: Object: 'Object Repository/Page_KiboPush  Sign In/button_Sign In' is clicked on

2018-08-09 17:06:43 - [MESSAGE][PASSED] - Object: 'Object Repository/Page_KiboPush  Sign In/button_Sign In' is clicked on

2018-08-09 17:06:43 - [MESSAGE][PASSED] - Call Test Case 'Test Cases/Login' successfully

2018-08-09 17:06:43 - [TEST_STEP][PASSED] - click: Object: 'Object Repository/Page_KiboPush  Dashboard/span_Broadcasts' is clicked on

2018-08-09 17:06:46 - [MESSAGE][PASSED] - Object: 'Object Repository/Page_KiboPush  Dashboard/span_Broadcasts' is clicked on

2018-08-09 17:06:46 - [TEST_STEP][PASSED] - click: Object: 'Object Repository/Page_KiboPush  Broadcast/span_Create New Broadcast' is clicked on

2018-08-09 17:06:46 - [MESSAGE][PASSED] - Object: 'Object Repository/Page_KiboPush  Broadcast/span_Create New Broadcast' is clicked on

2018-08-09 17:06:46 - [TEST_STEP][PASSED] - click: Object: 'Object Repository/Page_KiboPush  Broadcast/a_Create New Broadcast' is clicked on

2018-08-09 17:06:47 - [MESSAGE][PASSED] - Object: 'Object Repository/Page_KiboPush  Broadcast/a_Create New Broadcast' is clicked on

2018-08-09 17:06:47 - [TEST_STEP][PASSED] - delay: Delayed 1 second(s)

2018-08-09 17:06:48 - [MESSAGE][PASSED] - Delayed 1 second(s)

2018-08-09 17:06:48 - [TEST_STEP][PASSED] - click: Object: 'Object Repository/Page_KiboPush  Create Broadcast/div_Card (3)' is clicked on

2018-08-09 17:06:48 - [MESSAGE][PASSED] - Object: 'Object Repository/Page_KiboPush  Create Broadcast/div_Card (3)' is clicked on

2018-08-09 17:06:48 - [TEST_STEP][PASSED] - delay: Delayed 1 second(s)

2018-08-09 17:06:49 - [MESSAGE][PASSED] - Delayed 1 second(s)

2018-08-09 17:06:49 - [TEST_STEP][PASSED] - Statement - img = com.kms.katalon.core.configuration.RunConfiguration.getProjectDir() + "/sample.jpg": null

2018-08-09 17:06:49 - [TEST_STEP][PASSED] - uploadFile: File '/Users/baqarjafri/Katalon Studio/KiboPush/sample.jpg' sent to object: 'Object Repository/Page_KiboPush  Create Broadcast/input_file'

2018-08-09 17:06:49 - [MESSAGE][PASSED] - File '/Users/baqarjafri/Katalon Studio/KiboPush/sample.jpg' sent to object: 'Object Repository/Page_KiboPush  Create Broadcast/input_file'

2018-08-09 17:06:49 - [TEST_STEP][PASSED] - verifyElementPresent: Object 'Object Repository/Page_KiboPush  Create Broadcast/img' is present

2018-08-09 17:06:50 - [MESSAGE][PASSED] - Object 'Object Repository/Page_KiboPush  Create Broadcast/img' is present

2018-08-09 17:06:50 - [TEST_STEP][PASSED] - setText: Text 'Card Title' is set on object 'Object Repository/Page_KiboPush  Create Broadcast/input_form-control (4)'

2018-08-09 17:06:51 - [MESSAGE][PASSED] - Text 'Card Title' is set on object 'Object Repository/Page_KiboPush  Create Broadcast/input_form-control (4)'

2018-08-09 17:06:51 - [TEST_STEP][PASSED] - scrollToPosition: Browser is scrolled to position x = 0, y = 0

2018-08-09 17:06:51 - [MESSAGE][PASSED] - Browser is scrolled to position x = 0, y = 0

2018-08-09 17:06:51 - [TEST_STEP][PASSED] - click: Object: 'Object Repository/Page_KiboPush  Create Broadcast/button_Next (4)' is clicked on

2018-08-09 17:06:51 - [MESSAGE][PASSED] - Object: 'Object Repository/Page_KiboPush  Create Broadcast/button_Next (4)' is clicked on

2018-08-09 17:06:51 - [TEST_STEP][PASSED] - click: Object: 'Object Repository/Page_KiboPush  Create Broadcast/div_Card must have a subtitle' is clicked on

2018-08-09 17:06:51 - [MESSAGE][PASSED] - Object: 'Object Repository/Page_KiboPush  Create Broadcast/div_Card must have a subtitle' is clicked on

2018-08-09 17:06:51 - [TEST_STEP][PASSED] - closeBrowser: Browser is closed

2018-08-09 17:06:51 - [MESSAGE][PASSED] - Browser is closed]]></system-out>
         <system-err><![CDATA[]]></system-err>
      </testcase>
      <testcase name="Test Cases/TC0145" classname="Test Cases/TC0145" status="PASSED">
         <system-out><![CDATA[2018-08-09 17:06:51 - [TEST_CASE][PASSED] - Test Cases/TC0145: Test Cases/TC0145

2018-08-09 17:06:51 - [TEST_STEP][PASSED] - openBrowser: Browser is opened with url: ''

2018-08-09 17:06:52 - [MESSAGE][PASSED] - Browser is opened with url: ''

2018-08-09 17:06:52 - [TEST_STEP][PASSED] - navigateToUrl: Navigate to 'https://staging.kibopush.com/' successfully

2018-08-09 17:07:04 - [MESSAGE][PASSED] - Navigate to 'https://staging.kibopush.com/' successfully

2018-08-09 17:07:04 - [TEST_STEP][PASSED] - click: Object: 'Object Repository/Page_KiboPush  Sign In/a_Login' is clicked on

2018-08-09 17:07:05 - [MESSAGE][PASSED] - Object: 'Object Repository/Page_KiboPush  Sign In/a_Login' is clicked on

2018-08-09 17:07:05 - [TEST_STEP][PASSED] - click: Object: 'Object Repository/Page_KiboPush  Sign In/button_Team Account' is clicked on

2018-08-09 17:07:05 - [MESSAGE][PASSED] - Object: 'Object Repository/Page_KiboPush  Sign In/button_Team Account' is clicked on

2018-08-09 17:07:05 - [TEST_STEP][PASSED] - setText: Text 'kibopush.com' is set on object 'Object Repository/Page_KiboPush  Sign In/input_form-control m-input'

2018-08-09 17:07:05 - [MESSAGE][PASSED] - Text 'kibopush.com' is set on object 'Object Repository/Page_KiboPush  Sign In/input_form-control m-input'

2018-08-09 17:07:05 - [TEST_STEP][PASSED] - setText: Text 'bjafri5@gmail.com' is set on object 'Object Repository/Page_KiboPush  Sign In/input_form-control m-input_1'

2018-08-09 17:07:05 - [MESSAGE][PASSED] - Text 'bjafri5@gmail.com' is set on object 'Object Repository/Page_KiboPush  Sign In/input_form-control m-input_1'

2018-08-09 17:07:05 - [TEST_STEP][PASSED] - setEncryptedText: Text ****** has been set on object 'Object Repository/Page_KiboPush  Sign In/input_form-control m-input_2'

2018-08-09 17:07:05 - [MESSAGE][PASSED] - Text ****** has been set on object 'Object Repository/Page_KiboPush  Sign In/input_form-control m-input_2'

2018-08-09 17:07:05 - [TEST_STEP][PASSED] - click: Object: 'Object Repository/Page_KiboPush  Sign In/button_Sign In' is clicked on

2018-08-09 17:07:05 - [MESSAGE][PASSED] - Object: 'Object Repository/Page_KiboPush  Sign In/button_Sign In' is clicked on

2018-08-09 17:07:05 - [TEST_STEP][PASSED] - click: Object: 'Object Repository/Page_KiboPush  Dashboard/span_Broadcasts' is clicked on

2018-08-09 17:07:08 - [MESSAGE][PASSED] - Object: 'Object Repository/Page_KiboPush  Dashboard/span_Broadcasts' is clicked on

2018-08-09 17:07:08 - [TEST_STEP][PASSED] - click: Object: 'Object Repository/Page_KiboPush  Broadcast/span_Create New Broadcast' is clicked on

2018-08-09 17:07:09 - [MESSAGE][PASSED] - Object: 'Object Repository/Page_KiboPush  Broadcast/span_Create New Broadcast' is clicked on

2018-08-09 17:07:09 - [TEST_STEP][PASSED] - click: Object: 'Object Repository/Page_KiboPush  Broadcast/a_Create New Broadcast' is clicked on

2018-08-09 17:07:09 - [MESSAGE][PASSED] - Object: 'Object Repository/Page_KiboPush  Broadcast/a_Create New Broadcast' is clicked on

2018-08-09 17:07:09 - [TEST_STEP][PASSED] - delay: Delayed 1 second(s)

2018-08-09 17:07:10 - [MESSAGE][PASSED] - Delayed 1 second(s)

2018-08-09 17:07:10 - [TEST_STEP][PASSED] - click: Object: 'Object Repository/Page_KiboPush  Create Broadcast/div_Card (3) (1)' is clicked on

2018-08-09 17:07:10 - [MESSAGE][PASSED] - Object: 'Object Repository/Page_KiboPush  Create Broadcast/div_Card (3) (1)' is clicked on

2018-08-09 17:07:10 - [TEST_STEP][PASSED] - delay: Delayed 1 second(s)

2018-08-09 17:07:11 - [MESSAGE][PASSED] - Delayed 1 second(s)

2018-08-09 17:07:11 - [TEST_STEP][PASSED] - Statement - driver = com.kms.katalon.core.webui.driver.DriverFactory.getWebDriver(): null

2018-08-09 17:07:11 - [TEST_STEP][PASSED] - Statement - upload = driver.findElement(org.openqa.selenium.By.xpath("//input[@type='file']")): null

2018-08-09 17:07:11 - [TEST_STEP][PASSED] - Statement - img = com.kms.katalon.core.configuration.RunConfiguration.getProjectDir() + "/sample.jpg": null

2018-08-09 17:07:11 - [TEST_STEP][PASSED] - Statement - upload.sendKeys(img): null

2018-08-09 17:07:11 - [TEST_STEP][PASSED] - delay: Delayed 5 second(s)

2018-08-09 17:07:16 - [MESSAGE][PASSED] - Delayed 5 second(s)

2018-08-09 17:07:16 - [TEST_STEP][PASSED] - setText: Text 'Card Title' is set on object 'Object Repository/Page_KiboPush  Create Broadcast/input_form-control (4) (1)'

2018-08-09 17:07:16 - [MESSAGE][PASSED] - Text 'Card Title' is set on object 'Object Repository/Page_KiboPush  Create Broadcast/input_form-control (4) (1)'

2018-08-09 17:07:16 - [TEST_STEP][PASSED] - setText: Text 'Card Subtitle' is set on object 'Object Repository/Page_KiboPush  Create Broadcast/textarea_form-control'

2018-08-09 17:07:17 - [MESSAGE][PASSED] - Text 'Card Subtitle' is set on object 'Object Repository/Page_KiboPush  Create Broadcast/textarea_form-control'

2018-08-09 17:07:17 - [TEST_STEP][PASSED] - scrollToPosition: Browser is scrolled to position x = 0, y = 0

2018-08-09 17:07:17 - [MESSAGE][PASSED] - Browser is scrolled to position x = 0, y = 0

2018-08-09 17:07:17 - [TEST_STEP][PASSED] - click: Object: 'Object Repository/Page_KiboPush  Create Broadcast/button_Next (4) (1)' is clicked on

2018-08-09 17:07:17 - [MESSAGE][PASSED] - Object: 'Object Repository/Page_KiboPush  Create Broadcast/button_Next (4) (1)' is clicked on

2018-08-09 17:07:17 - [TEST_STEP][PASSED] - click: Object: 'Object Repository/Page_KiboPush  Create Broadcast/div_Card must have at least on' is clicked on

2018-08-09 17:07:17 - [MESSAGE][PASSED] - Object: 'Object Repository/Page_KiboPush  Create Broadcast/div_Card must have at least on' is clicked on

2018-08-09 17:07:17 - [TEST_STEP][PASSED] - closeBrowser: Browser is closed

2018-08-09 17:07:17 - [MESSAGE][PASSED] - Browser is closed]]></system-out>
         <system-err><![CDATA[]]></system-err>
      </testcase>
      <testcase name="Test Cases/TC0146" classname="Test Cases/TC0146" status="PASSED">
         <system-out><![CDATA[2018-08-09 17:07:17 - [TEST_CASE][PASSED] - Test Cases/TC0146: Test Cases/TC0146

2018-08-09 17:07:17 - [TEST_STEP][PASSED] - openBrowser: Browser is opened with url: ''

2018-08-09 17:07:18 - [MESSAGE][PASSED] - Browser is opened with url: ''

2018-08-09 17:07:18 - [TEST_STEP][PASSED] - navigateToUrl: Navigate to 'https://staging.kibopush.com/' successfully

2018-08-09 17:07:31 - [MESSAGE][PASSED] - Navigate to 'https://staging.kibopush.com/' successfully

2018-08-09 17:07:31 - [TEST_STEP][PASSED] - click: Object: 'Object Repository/Page_KiboPush  Sign In/a_Login' is clicked on

2018-08-09 17:07:31 - [MESSAGE][PASSED] - Object: 'Object Repository/Page_KiboPush  Sign In/a_Login' is clicked on

2018-08-09 17:07:31 - [TEST_STEP][PASSED] - click: Object: 'Object Repository/Page_KiboPush  Sign In/button_Team Account' is clicked on

2018-08-09 17:07:31 - [MESSAGE][PASSED] - Object: 'Object Repository/Page_KiboPush  Sign In/button_Team Account' is clicked on

2018-08-09 17:07:31 - [TEST_STEP][PASSED] - setText: Text 'kibopush.com' is set on object 'Object Repository/Page_KiboPush  Sign In/input_form-control m-input'

2018-08-09 17:07:31 - [MESSAGE][PASSED] - Text 'kibopush.com' is set on object 'Object Repository/Page_KiboPush  Sign In/input_form-control m-input'

2018-08-09 17:07:31 - [TEST_STEP][PASSED] - setText: Text 'bjafri5@gmail.com' is set on object 'Object Repository/Page_KiboPush  Sign In/input_form-control m-input_1'

2018-08-09 17:07:32 - [MESSAGE][PASSED] - Text 'bjafri5@gmail.com' is set on object 'Object Repository/Page_KiboPush  Sign In/input_form-control m-input_1'

2018-08-09 17:07:32 - [TEST_STEP][PASSED] - setEncryptedText: Text ****** has been set on object 'Object Repository/Page_KiboPush  Sign In/input_form-control m-input_2'

2018-08-09 17:07:32 - [MESSAGE][PASSED] - Text ****** has been set on object 'Object Repository/Page_KiboPush  Sign In/input_form-control m-input_2'

2018-08-09 17:07:32 - [TEST_STEP][PASSED] - click: Object: 'Object Repository/Page_KiboPush  Sign In/button_Sign In' is clicked on

2018-08-09 17:07:32 - [MESSAGE][PASSED] - Object: 'Object Repository/Page_KiboPush  Sign In/button_Sign In' is clicked on

2018-08-09 17:07:32 - [TEST_STEP][PASSED] - click: Object: 'Object Repository/Page_KiboPush  Dashboard/span_Broadcasts' is clicked on

2018-08-09 17:07:35 - [MESSAGE][PASSED] - Object: 'Object Repository/Page_KiboPush  Dashboard/span_Broadcasts' is clicked on

2018-08-09 17:07:35 - [TEST_STEP][PASSED] - click: Object: 'Object Repository/Page_KiboPush  Broadcast/span_Create New Broadcast' is clicked on

2018-08-09 17:07:35 - [MESSAGE][PASSED] - Object: 'Object Repository/Page_KiboPush  Broadcast/span_Create New Broadcast' is clicked on

2018-08-09 17:07:35 - [TEST_STEP][PASSED] - click: Object: 'Object Repository/Page_KiboPush  Broadcast/a_Create New Broadcast' is clicked on

2018-08-09 17:07:35 - [MESSAGE][PASSED] - Object: 'Object Repository/Page_KiboPush  Broadcast/a_Create New Broadcast' is clicked on

2018-08-09 17:07:35 - [TEST_STEP][PASSED] - delay: Delayed 1 second(s)

2018-08-09 17:07:36 - [MESSAGE][PASSED] - Delayed 1 second(s)

2018-08-09 17:07:36 - [TEST_STEP][PASSED] - click: Object: 'Object Repository/Page_KiboPush  Create Broadcast/div_Card (3) (1)' is clicked on

2018-08-09 17:07:36 - [MESSAGE][PASSED] - Object: 'Object Repository/Page_KiboPush  Create Broadcast/div_Card (3) (1)' is clicked on

2018-08-09 17:07:36 - [TEST_STEP][PASSED] - delay: Delayed 1 second(s)

2018-08-09 17:07:37 - [MESSAGE][PASSED] - Delayed 1 second(s)

2018-08-09 17:07:37 - [TEST_STEP][PASSED] - Statement - img = com.kms.katalon.core.configuration.RunConfiguration.getProjectDir() + "/sample.jpg": null

2018-08-09 17:07:37 - [TEST_STEP][PASSED] - uploadFile: File '/Users/baqarjafri/Katalon Studio/KiboPush/sample.jpg' sent to object: 'Object Repository/Page_KiboPush  Create Broadcast/input_file'

2018-08-09 17:07:38 - [MESSAGE][PASSED] - File '/Users/baqarjafri/Katalon Studio/KiboPush/sample.jpg' sent to object: 'Object Repository/Page_KiboPush  Create Broadcast/input_file'

2018-08-09 17:07:38 - [TEST_STEP][PASSED] - verifyElementPresent: Object 'Object Repository/Page_KiboPush  Create Broadcast/img' is present

2018-08-09 17:07:39 - [MESSAGE][PASSED] - Object 'Object Repository/Page_KiboPush  Create Broadcast/img' is present

2018-08-09 17:07:39 - [TEST_STEP][PASSED] - closeBrowser: Browser is closed

2018-08-09 17:07:39 - [MESSAGE][PASSED] - Browser is closed]]></system-out>
         <system-err><![CDATA[]]></system-err>
      </testcase>
      <testcase name="Test Cases/TC0153" classname="Test Cases/TC0153" status="PASSED">
         <system-out><![CDATA[2018-08-09 17:07:39 - [TEST_CASE][PASSED] - Test Cases/TC0153: Test Cases/TC0153

2018-08-09 17:07:39 - [TEST_STEP][PASSED] - callTestCase: Call Test Case 'Test Cases/TC0150' successfully

2018-08-09 17:07:39 - [TEST_CASE][PASSED] - Test Cases/TC0150: Test Cases/TC0150

2018-08-09 17:07:40 - [TEST_STEP][PASSED] - openBrowser: Browser is opened with url: ''

2018-08-09 17:07:41 - [MESSAGE][PASSED] - Browser is opened with url: ''

2018-08-09 17:07:41 - [TEST_STEP][PASSED] - navigateToUrl: Navigate to 'https://staging.kibopush.com/' successfully

2018-08-09 17:07:51 - [MESSAGE][PASSED] - Navigate to 'https://staging.kibopush.com/' successfully

2018-08-09 17:07:51 - [TEST_STEP][PASSED] - click: Object: 'Object Repository/Page_KiboPush  Sign In/a_Login' is clicked on

2018-08-09 17:07:51 - [MESSAGE][PASSED] - Object: 'Object Repository/Page_KiboPush  Sign In/a_Login' is clicked on

2018-08-09 17:07:51 - [TEST_STEP][PASSED] - click: Object: 'Object Repository/Page_KiboPush  Sign In/button_Team Account' is clicked on

2018-08-09 17:07:52 - [MESSAGE][PASSED] - Object: 'Object Repository/Page_KiboPush  Sign In/button_Team Account' is clicked on

2018-08-09 17:07:52 - [TEST_STEP][PASSED] - setText: Text 'kibopush.com' is set on object 'Object Repository/Page_KiboPush  Sign In/input_form-control m-input'

2018-08-09 17:07:52 - [MESSAGE][PASSED] - Text 'kibopush.com' is set on object 'Object Repository/Page_KiboPush  Sign In/input_form-control m-input'

2018-08-09 17:07:52 - [TEST_STEP][PASSED] - setText: Text 'bjafri5@gmail.com' is set on object 'Object Repository/Page_KiboPush  Sign In/input_form-control m-input_1'

2018-08-09 17:07:52 - [MESSAGE][PASSED] - Text 'bjafri5@gmail.com' is set on object 'Object Repository/Page_KiboPush  Sign In/input_form-control m-input_1'

2018-08-09 17:07:52 - [TEST_STEP][PASSED] - setEncryptedText: Text ****** has been set on object 'Object Repository/Page_KiboPush  Sign In/input_form-control m-input_2'

2018-08-09 17:07:52 - [MESSAGE][PASSED] - Text ****** has been set on object 'Object Repository/Page_KiboPush  Sign In/input_form-control m-input_2'

2018-08-09 17:07:52 - [TEST_STEP][PASSED] - click: Object: 'Object Repository/Page_KiboPush  Sign In/button_Sign In' is clicked on

2018-08-09 17:07:52 - [MESSAGE][PASSED] - Object: 'Object Repository/Page_KiboPush  Sign In/button_Sign In' is clicked on

2018-08-09 17:07:52 - [TEST_STEP][PASSED] - click: Object: 'Object Repository/Page_KiboPush  Dashboard/span_Broadcasts' is clicked on

2018-08-09 17:07:55 - [MESSAGE][PASSED] - Object: 'Object Repository/Page_KiboPush  Dashboard/span_Broadcasts' is clicked on

2018-08-09 17:07:55 - [TEST_STEP][PASSED] - click: Object: 'Object Repository/Page_KiboPush  Broadcast/span_Create New Broadcast' is clicked on

2018-08-09 17:07:55 - [MESSAGE][PASSED] - Object: 'Object Repository/Page_KiboPush  Broadcast/span_Create New Broadcast' is clicked on

2018-08-09 17:07:55 - [TEST_STEP][PASSED] - click: Object: 'Object Repository/Page_KiboPush  Broadcast/a_Create New Broadcast' is clicked on

2018-08-09 17:07:56 - [MESSAGE][PASSED] - Object: 'Object Repository/Page_KiboPush  Broadcast/a_Create New Broadcast' is clicked on

2018-08-09 17:07:56 - [TEST_STEP][PASSED] - delay: Delayed 1 second(s)

2018-08-09 17:07:57 - [MESSAGE][PASSED] - Delayed 1 second(s)

2018-08-09 17:07:57 - [TEST_STEP][PASSED] - click: Object: 'Object Repository/Page_KiboPush  Create Broadcast/div_Gallery (1)' is clicked on

2018-08-09 17:07:57 - [MESSAGE][PASSED] - Object: 'Object Repository/Page_KiboPush  Create Broadcast/div_Gallery (1)' is clicked on

2018-08-09 17:07:57 - [TEST_STEP][PASSED] - click: Object: 'Object Repository/Page_KiboPush  Create Broadcast/div_New Gallery Component Adde (1)' is clicked on

2018-08-09 17:07:57 - [MESSAGE][PASSED] - Object: 'Object Repository/Page_KiboPush  Create Broadcast/div_New Gallery Component Adde (1)' is clicked on

2018-08-09 17:07:57 - [TEST_STEP][PASSED] - click: Object: 'Object Repository/Page_KiboPush  Create Broadcast/span_slick-arrow slick-next (2)' is clicked on

2018-08-09 17:07:57 - [MESSAGE][PASSED] - Object: 'Object Repository/Page_KiboPush  Create Broadcast/span_slick-arrow slick-next (2)' is clicked on

2018-08-09 17:07:57 - [TEST_STEP][PASSED] - delay: Delayed 1 second(s)

2018-08-09 17:07:58 - [MESSAGE][PASSED] - Delayed 1 second(s)

2018-08-09 17:07:58 - [TEST_STEP][PASSED] - click: Object: 'Object Repository/Page_KiboPush  Create Broadcast/span_slick-arrow slick-prev (1) (1)' is clicked on

2018-08-09 17:07:58 - [MESSAGE][PASSED] - Object: 'Object Repository/Page_KiboPush  Create Broadcast/span_slick-arrow slick-prev (1) (1)' is clicked on

2018-08-09 17:07:58 - [MESSAGE][PASSED] - Call Test Case 'Test Cases/TC0150' successfully

2018-08-09 17:07:58 - [TEST_STEP][PASSED] - setText: Text 'Subtitle' is set on object 'Object Repository/Page_KiboPush  Create Broadcast/textarea_S'

2018-08-09 17:07:59 - [MESSAGE][PASSED] - Text 'Subtitle' is set on object 'Object Repository/Page_KiboPush  Create Broadcast/textarea_S'

2018-08-09 17:07:59 - [TEST_STEP][PASSED] - click: Object: 'Object Repository/Page_KiboPush  Create Broadcast/div_ Add Button' is clicked on

2018-08-09 17:07:59 - [MESSAGE][PASSED] - Object: 'Object Repository/Page_KiboPush  Create Broadcast/div_ Add Button' is clicked on

2018-08-09 17:07:59 - [TEST_STEP][PASSED] - setText: Text 'KiboPush' is set on object 'Object Repository/Page_KiboPush  Create Broadcast/input_form-control_1'

2018-08-09 17:07:59 - [MESSAGE][PASSED] - Text 'KiboPush' is set on object 'Object Repository/Page_KiboPush  Create Broadcast/input_form-control_1'

2018-08-09 17:07:59 - [TEST_STEP][PASSED] - click: Object: 'Object Repository/Page_KiboPush  Create Broadcast/div_Open a website' is clicked on

2018-08-09 17:07:59 - [MESSAGE][PASSED] - Object: 'Object Repository/Page_KiboPush  Create Broadcast/div_Open a website' is clicked on

2018-08-09 17:07:59 - [TEST_STEP][PASSED] - setText: Text 'kibopush.com' is set on object 'Object Repository/Page_KiboPush  Create Broadcast/input_form-control_2'

2018-08-09 17:07:59 - [MESSAGE][PASSED] - Text 'kibopush.com' is set on object 'Object Repository/Page_KiboPush  Create Broadcast/input_form-control_2'

2018-08-09 17:07:59 - [TEST_STEP][PASSED] - click: Object: 'Object Repository/Page_KiboPush  Create Broadcast/button_Done' is clicked on

2018-08-09 17:08:00 - [MESSAGE][PASSED] - Object: 'Object Repository/Page_KiboPush  Create Broadcast/button_Done' is clicked on

2018-08-09 17:08:00 - [TEST_STEP][PASSED] - Statement - img = com.kms.katalon.core.configuration.RunConfiguration.getProjectDir() + "/sample.jpg": null

2018-08-09 17:08:00 - [TEST_STEP][PASSED] - uploadFile: File '/Users/baqarjafri/Katalon Studio/KiboPush/sample.jpg' sent to object: 'Object Repository/Page_KiboPush  Create Broadcast/input_file'

2018-08-09 17:08:00 - [MESSAGE][PASSED] - File '/Users/baqarjafri/Katalon Studio/KiboPush/sample.jpg' sent to object: 'Object Repository/Page_KiboPush  Create Broadcast/input_file'

2018-08-09 17:08:00 - [TEST_STEP][PASSED] - verifyElementPresent: Object 'Object Repository/Page_KiboPush  Create Broadcast/gallery_image' is present

2018-08-09 17:08:01 - [MESSAGE][PASSED] - Object 'Object Repository/Page_KiboPush  Create Broadcast/gallery_image' is present

2018-08-09 17:08:01 - [TEST_STEP][PASSED] - scrollToPosition: Browser is scrolled to position x = 0, y = 0

2018-08-09 17:08:01 - [MESSAGE][PASSED] - Browser is scrolled to position x = 0, y = 0

2018-08-09 17:08:01 - [TEST_STEP][PASSED] - click: Object: 'Object Repository/Page_KiboPush  Create Broadcast/button_Next' is clicked on

2018-08-09 17:08:01 - [MESSAGE][PASSED] - Object: 'Object Repository/Page_KiboPush  Create Broadcast/button_Next' is clicked on

2018-08-09 17:08:01 - [TEST_STEP][PASSED] - click: Object: 'Object Repository/Page_KiboPush  Create Broadcast/div_Card in gallery must have (2)' is clicked on

2018-08-09 17:08:01 - [MESSAGE][PASSED] - Object: 'Object Repository/Page_KiboPush  Create Broadcast/div_Card in gallery must have (2)' is clicked on]]></system-out>
         <system-err><![CDATA[]]></system-err>
      </testcase>
      <testcase name="Test Cases/TC0154" classname="Test Cases/TC0154" status="FAILED">
         <failure type="FAILED" message="Unable to click on object 'Object Repository/Page_KiboPush  Create Broadcast/div_Gallery (1)' (Root cause: org.openqa.selenium.WebDriverException: unknown error: Element &lt;div class=&quot;col-3&quot;>...&lt;/div> is not clickable at point (673, 444). Other element would receive the click: &lt;div style=&quot;opacity: 0; overflow-y: auto; position: absolute; top: 0px; left: 0px; height: 100%; width: 100%; transition: opacity 0.3s; cursor: pointer;&quot;>...&lt;/div>
  (Session info: chrome=67.0.3396.99)
  (Driver info: chromedriver=2.35.528157 (4429ca2590d6988c0745c24c8858745aaaec01ef),platform=Mac OS X 10.13.1 x86_64) (WARNING: The server did not provide any stacktrace information)
Command duration or timeout: 0 milliseconds
Build info: version: '3.7.1', revision: '8a0099a', time: '2017-11-06T21:07:36.161Z'
System info: host: 'Baqars-MacBook-Pro.local', ip: 'fe80:0:0:0:86b:36f2:e832:f5d1%en0', os.name: 'Mac OS X', os.arch: 'x86_64', os.version: '10.13.1', java.version: '1.8.0_102'
Driver info: com.kms.katalon.selenium.driver.CChromeDriver
Capabilities {acceptInsecureCerts: false, acceptSslCerts: false, applicationCacheEnabled: false, browserConnectionEnabled: false, browserName: chrome, chrome: {chromedriverVersion: 2.35.528157 (4429ca2590d698..., userDataDir: /var/folders/d9/974yd97x407...}, cssSelectorsEnabled: true, databaseEnabled: false, handlesAlerts: true, hasTouchScreen: false, javascriptEnabled: true, locationContextEnabled: true, mobileEmulationEnabled: false, nativeEvents: true, networkConnectionEnabled: false, pageLoadStrategy: normal, platform: MAC, platformName: MAC, rotatable: false, setWindowRect: true, takesHeapSnapshot: true, takesScreenshot: true, unexpectedAlertBehaviour: , unhandledPromptBehavior: , version: 67.0.3396.99, webStorageEnabled: true}
Session ID: ded3894e98781cbe31dd60cfb5dc9af1)"/>
         <system-out><![CDATA[2018-08-09 17:08:01 - [TEST_CASE][FAILED] - Test Cases/TC0154: Test Cases/TC0154 FAILED because (of) Unable to click on object 'Object Repository/Page_KiboPush  Create Broadcast/div_Gallery (1)' (Root cause: org.openqa.selenium.WebDriverException: unknown error: Element <div class="col-3">...</div> is not clickable at point (673, 444). Other element would receive the click: <div style="opacity: 0; overflow-y: auto; position: absolute; top: 0px; left: 0px; height: 100%; width: 100%; transition: opacity 0.3s; cursor: pointer;">...</div>
  (Session info: chrome=67.0.3396.99)
  (Driver info: chromedriver=2.35.528157 (4429ca2590d6988c0745c24c8858745aaaec01ef),platform=Mac OS X 10.13.1 x86_64) (WARNING: The server did not provide any stacktrace information)
Command duration or timeout: 0 milliseconds
Build info: version: '3.7.1', revision: '8a0099a', time: '2017-11-06T21:07:36.161Z'
System info: host: 'Baqars-MacBook-Pro.local', ip: 'fe80:0:0:0:86b:36f2:e832:f5d1%en0', os.name: 'Mac OS X', os.arch: 'x86_64', os.version: '10.13.1', java.version: '1.8.0_102'
Driver info: com.kms.katalon.selenium.driver.CChromeDriver
Capabilities {acceptInsecureCerts: false, acceptSslCerts: false, applicationCacheEnabled: false, browserConnectionEnabled: false, browserName: chrome, chrome: {chromedriverVersion: 2.35.528157 (4429ca2590d698..., userDataDir: /var/folders/d9/974yd97x407...}, cssSelectorsEnabled: true, databaseEnabled: false, handlesAlerts: true, hasTouchScreen: false, javascriptEnabled: true, locationContextEnabled: true, mobileEmulationEnabled: false, nativeEvents: true, networkConnectionEnabled: false, pageLoadStrategy: normal, platform: MAC, platformName: MAC, rotatable: false, setWindowRect: true, takesHeapSnapshot: true, takesScreenshot: true, unexpectedAlertBehaviour: , unhandledPromptBehavior: , version: 67.0.3396.99, webStorageEnabled: true}
Session ID: ded3894e98781cbe31dd60cfb5dc9af1)

2018-08-09 17:08:02 - [TEST_STEP][FAILED] - callTestCase: Unable to call Test Case with id 'Test Cases/TC0150' (Root cause: Call Test Case 'Test Cases/TC0150' failed)

2018-08-09 17:08:02 - [TEST_CASE][FAILED] - Test Cases/TC0150: Test Cases/TC0150 FAILED because (of) Unable to click on object 'Object Repository/Page_KiboPush  Create Broadcast/div_Gallery (1)' (Root cause: org.openqa.selenium.WebDriverException: unknown error: Element <div class="col-3">...</div> is not clickable at point (673, 444). Other element would receive the click: <div style="opacity: 0; overflow-y: auto; position: absolute; top: 0px; left: 0px; height: 100%; width: 100%; transition: opacity 0.3s; cursor: pointer;">...</div>
  (Session info: chrome=67.0.3396.99)
  (Driver info: chromedriver=2.35.528157 (4429ca2590d6988c0745c24c8858745aaaec01ef),platform=Mac OS X 10.13.1 x86_64) (WARNING: The server did not provide any stacktrace information)
Command duration or timeout: 0 milliseconds
Build info: version: '3.7.1', revision: '8a0099a', time: '2017-11-06T21:07:36.161Z'
System info: host: 'Baqars-MacBook-Pro.local', ip: 'fe80:0:0:0:86b:36f2:e832:f5d1%en0', os.name: 'Mac OS X', os.arch: 'x86_64', os.version: '10.13.1', java.version: '1.8.0_102'
Driver info: com.kms.katalon.selenium.driver.CChromeDriver
Capabilities {acceptInsecureCerts: false, acceptSslCerts: false, applicationCacheEnabled: false, browserConnectionEnabled: false, browserName: chrome, chrome: {chromedriverVersion: 2.35.528157 (4429ca2590d698..., userDataDir: /var/folders/d9/974yd97x407...}, cssSelectorsEnabled: true, databaseEnabled: false, handlesAlerts: true, hasTouchScreen: false, javascriptEnabled: true, locationContextEnabled: true, mobileEmulationEnabled: false, nativeEvents: true, networkConnectionEnabled: false, pageLoadStrategy: normal, platform: MAC, platformName: MAC, rotatable: false, setWindowRect: true, takesHeapSnapshot: true, takesScreenshot: true, unexpectedAlertBehaviour: , unhandledPromptBehavior: , version: 67.0.3396.99, webStorageEnabled: true}
Session ID: ded3894e98781cbe31dd60cfb5dc9af1)

2018-08-09 17:08:02 - [TEST_STEP][PASSED] - openBrowser: Browser is opened with url: ''

2018-08-09 17:08:02 - [MESSAGE][WARNING] - A browser is already opened. Closing browser and opening a new one

2018-08-09 17:08:03 - [MESSAGE][PASSED] - Browser is opened with url: ''

2018-08-09 17:08:03 - [TEST_STEP][PASSED] - navigateToUrl: Navigate to 'https://staging.kibopush.com/' successfully

2018-08-09 17:08:21 - [MESSAGE][PASSED] - Navigate to 'https://staging.kibopush.com/' successfully

2018-08-09 17:08:21 - [TEST_STEP][PASSED] - click: Object: 'Object Repository/Page_KiboPush  Sign In/a_Login' is clicked on

2018-08-09 17:08:26 - [MESSAGE][PASSED] - Object: 'Object Repository/Page_KiboPush  Sign In/a_Login' is clicked on

2018-08-09 17:08:26 - [TEST_STEP][PASSED] - click: Object: 'Object Repository/Page_KiboPush  Sign In/button_Team Account' is clicked on

2018-08-09 17:08:32 - [MESSAGE][PASSED] - Object: 'Object Repository/Page_KiboPush  Sign In/button_Team Account' is clicked on

2018-08-09 17:08:32 - [TEST_STEP][PASSED] - setText: Text 'kibopush.com' is set on object 'Object Repository/Page_KiboPush  Sign In/input_form-control m-input'

2018-08-09 17:08:32 - [MESSAGE][PASSED] - Text 'kibopush.com' is set on object 'Object Repository/Page_KiboPush  Sign In/input_form-control m-input'

2018-08-09 17:08:32 - [TEST_STEP][PASSED] - setText: Text 'bjafri5@gmail.com' is set on object 'Object Repository/Page_KiboPush  Sign In/input_form-control m-input_1'

2018-08-09 17:08:32 - [MESSAGE][PASSED] - Text 'bjafri5@gmail.com' is set on object 'Object Repository/Page_KiboPush  Sign In/input_form-control m-input_1'

2018-08-09 17:08:32 - [TEST_STEP][PASSED] - setEncryptedText: Text ****** has been set on object 'Object Repository/Page_KiboPush  Sign In/input_form-control m-input_2'

2018-08-09 17:08:32 - [MESSAGE][PASSED] - Text ****** has been set on object 'Object Repository/Page_KiboPush  Sign In/input_form-control m-input_2'

2018-08-09 17:08:32 - [TEST_STEP][PASSED] - click: Object: 'Object Repository/Page_KiboPush  Sign In/button_Sign In' is clicked on

2018-08-09 17:08:38 - [MESSAGE][PASSED] - Object: 'Object Repository/Page_KiboPush  Sign In/button_Sign In' is clicked on

2018-08-09 17:08:38 - [TEST_STEP][PASSED] - click: Object: 'Object Repository/Page_KiboPush  Dashboard/span_Broadcasts' is clicked on

2018-08-09 17:08:46 - [MESSAGE][PASSED] - Object: 'Object Repository/Page_KiboPush  Dashboard/span_Broadcasts' is clicked on

2018-08-09 17:08:46 - [TEST_STEP][PASSED] - click: Object: 'Object Repository/Page_KiboPush  Broadcast/span_Create New Broadcast' is clicked on

2018-08-09 17:08:51 - [MESSAGE][PASSED] - Object: 'Object Repository/Page_KiboPush  Broadcast/span_Create New Broadcast' is clicked on

2018-08-09 17:08:51 - [TEST_STEP][PASSED] - click: Object: 'Object Repository/Page_KiboPush  Broadcast/a_Create New Broadcast' is clicked on

2018-08-09 17:08:56 - [MESSAGE][PASSED] - Object: 'Object Repository/Page_KiboPush  Broadcast/a_Create New Broadcast' is clicked on

2018-08-09 17:08:56 - [TEST_STEP][PASSED] - delay: Delayed 1 second(s)

2018-08-09 17:08:57 - [MESSAGE][PASSED] - Delayed 1 second(s)

2018-08-09 17:08:57 - [TEST_STEP][FAILED] - click: Unable to click on object 'Object Repository/Page_KiboPush  Create Broadcast/div_Gallery (1)' (Root cause: org.openqa.selenium.WebDriverException: unknown error: Element <div class="col-3">...</div> is not clickable at point (673, 444). Other element would receive the click: <div style="opacity: 0; overflow-y: auto; position: absolute; top: 0px; left: 0px; height: 100%; width: 100%; transition: opacity 0.3s; cursor: pointer;">...</div>
  (Session info: chrome=67.0.3396.99)
  (Driver info: chromedriver=2.35.528157 (4429ca2590d6988c0745c24c8858745aaaec01ef),platform=Mac OS X 10.13.1 x86_64) (WARNING: The server did not provide any stacktrace information)
Command duration or timeout: 0 milliseconds
Build info: version: '3.7.1', revision: '8a0099a', time: '2017-11-06T21:07:36.161Z'
System info: host: 'Baqars-MacBook-Pro.local', ip: 'fe80:0:0:0:86b:36f2:e832:f5d1%en0', os.name: 'Mac OS X', os.arch: 'x86_64', os.version: '10.13.1', java.version: '1.8.0_102'
Driver info: com.kms.katalon.selenium.driver.CChromeDriver
Capabilities {acceptInsecureCerts: false, acceptSslCerts: false, applicationCacheEnabled: false, browserConnectionEnabled: false, browserName: chrome, chrome: {chromedriverVersion: 2.35.528157 (4429ca2590d698..., userDataDir: /var/folders/d9/974yd97x407...}, cssSelectorsEnabled: true, databaseEnabled: false, handlesAlerts: true, hasTouchScreen: false, javascriptEnabled: true, locationContextEnabled: true, mobileEmulationEnabled: false, nativeEvents: true, networkConnectionEnabled: false, pageLoadStrategy: normal, platform: MAC, platformName: MAC, rotatable: false, setWindowRect: true, takesHeapSnapshot: true, takesScreenshot: true, unexpectedAlertBehaviour: , unhandledPromptBehavior: , version: 67.0.3396.99, webStorageEnabled: true}
Session ID: ded3894e98781cbe31dd60cfb5dc9af1)

2018-08-09 17:08:58 - [MESSAGE][FAILED] - Unable to click on object 'Object Repository/Page_KiboPush  Create Broadcast/div_Gallery (1)' (Root cause: org.openqa.selenium.WebDriverException: unknown error: Element <div class="col-3">...</div> is not clickable at point (673, 444). Other element would receive the click: <div style="opacity: 0; overflow-y: auto; position: absolute; top: 0px; left: 0px; height: 100%; width: 100%; transition: opacity 0.3s; cursor: pointer;">...</div>
  (Session info: chrome=67.0.3396.99)
  (Driver info: chromedriver=2.35.528157 (4429ca2590d6988c0745c24c8858745aaaec01ef),platform=Mac OS X 10.13.1 x86_64) (WARNING: The server did not provide any stacktrace information)
Command duration or timeout: 0 milliseconds
Build info: version: '3.7.1', revision: '8a0099a', time: '2017-11-06T21:07:36.161Z'
System info: host: 'Baqars-MacBook-Pro.local', ip: 'fe80:0:0:0:86b:36f2:e832:f5d1%en0', os.name: 'Mac OS X', os.arch: 'x86_64', os.version: '10.13.1', java.version: '1.8.0_102'
Driver info: com.kms.katalon.selenium.driver.CChromeDriver
Capabilities {acceptInsecureCerts: false, acceptSslCerts: false, applicationCacheEnabled: false, browserConnectionEnabled: false, browserName: chrome, chrome: {chromedriverVersion: 2.35.528157 (4429ca2590d698..., userDataDir: /var/folders/d9/974yd97x407...}, cssSelectorsEnabled: true, databaseEnabled: false, handlesAlerts: true, hasTouchScreen: false, javascriptEnabled: true, locationContextEnabled: true, mobileEmulationEnabled: false, nativeEvents: true, networkConnectionEnabled: false, pageLoadStrategy: normal, platform: MAC, platformName: MAC, rotatable: false, setWindowRect: true, takesHeapSnapshot: true, takesScreenshot: true, unexpectedAlertBehaviour: , unhandledPromptBehavior: , version: 67.0.3396.99, webStorageEnabled: true}
Session ID: ded3894e98781cbe31dd60cfb5dc9af1)
[[ATTACHMENT|/Users/baqarjafri/Katalon Studio/KiboPush/Reports/KiboPush Broadcasts/20180809_170126/1533816537992.png]]

2018-08-09 17:08:58 - [MESSAGE][FAILED] - Unable to call Test Case with id 'Test Cases/TC0150' (Root cause: Call Test Case 'Test Cases/TC0150' failed)]]></system-out>
         <system-err><![CDATA[2018-08-09 17:08:01 - [TEST_CASE][FAILED] - Test Cases/TC0154: Test Cases/TC0154 FAILED because (of) Unable to click on object 'Object Repository/Page_KiboPush  Create Broadcast/div_Gallery (1)' (Root cause: org.openqa.selenium.WebDriverException: unknown error: Element <div class="col-3">...</div> is not clickable at point (673, 444). Other element would receive the click: <div style="opacity: 0; overflow-y: auto; position: absolute; top: 0px; left: 0px; height: 100%; width: 100%; transition: opacity 0.3s; cursor: pointer;">...</div>
  (Session info: chrome=67.0.3396.99)
  (Driver info: chromedriver=2.35.528157 (4429ca2590d6988c0745c24c8858745aaaec01ef),platform=Mac OS X 10.13.1 x86_64) (WARNING: The server did not provide any stacktrace information)
Command duration or timeout: 0 milliseconds
Build info: version: '3.7.1', revision: '8a0099a', time: '2017-11-06T21:07:36.161Z'
System info: host: 'Baqars-MacBook-Pro.local', ip: 'fe80:0:0:0:86b:36f2:e832:f5d1%en0', os.name: 'Mac OS X', os.arch: 'x86_64', os.version: '10.13.1', java.version: '1.8.0_102'
Driver info: com.kms.katalon.selenium.driver.CChromeDriver
Capabilities {acceptInsecureCerts: false, acceptSslCerts: false, applicationCacheEnabled: false, browserConnectionEnabled: false, browserName: chrome, chrome: {chromedriverVersion: 2.35.528157 (4429ca2590d698..., userDataDir: /var/folders/d9/974yd97x407...}, cssSelectorsEnabled: true, databaseEnabled: false, handlesAlerts: true, hasTouchScreen: false, javascriptEnabled: true, locationContextEnabled: true, mobileEmulationEnabled: false, nativeEvents: true, networkConnectionEnabled: false, pageLoadStrategy: normal, platform: MAC, platformName: MAC, rotatable: false, setWindowRect: true, takesHeapSnapshot: true, takesScreenshot: true, unexpectedAlertBehaviour: , unhandledPromptBehavior: , version: 67.0.3396.99, webStorageEnabled: true}
Session ID: ded3894e98781cbe31dd60cfb5dc9af1)]]></system-err>
      </testcase>
      <testcase name="Test Cases/TC0155" classname="Test Cases/TC0155" status="PASSED">
         <system-out><![CDATA[2018-08-09 17:08:58 - [TEST_CASE][PASSED] - Test Cases/TC0155: Test Cases/TC0155

2018-08-09 17:08:58 - [TEST_STEP][PASSED] - callTestCase: Call Test Case 'Test Cases/TC0150' successfully

2018-08-09 17:08:58 - [TEST_CASE][PASSED] - Test Cases/TC0150: Test Cases/TC0150

2018-08-09 17:08:58 - [TEST_STEP][PASSED] - openBrowser: Browser is opened with url: ''

2018-08-09 17:08:58 - [MESSAGE][WARNING] - A browser is already opened. Closing browser and opening a new one

2018-08-09 17:09:00 - [MESSAGE][PASSED] - Browser is opened with url: ''

2018-08-09 17:09:00 - [TEST_STEP][PASSED] - navigateToUrl: Navigate to 'https://staging.kibopush.com/' successfully

2018-08-09 17:09:13 - [MESSAGE][PASSED] - Navigate to 'https://staging.kibopush.com/' successfully

2018-08-09 17:09:13 - [TEST_STEP][PASSED] - click: Object: 'Object Repository/Page_KiboPush  Sign In/a_Login' is clicked on

2018-08-09 17:09:13 - [MESSAGE][PASSED] - Object: 'Object Repository/Page_KiboPush  Sign In/a_Login' is clicked on

2018-08-09 17:09:13 - [TEST_STEP][PASSED] - click: Object: 'Object Repository/Page_KiboPush  Sign In/button_Team Account' is clicked on

2018-08-09 17:09:13 - [MESSAGE][PASSED] - Object: 'Object Repository/Page_KiboPush  Sign In/button_Team Account' is clicked on

2018-08-09 17:09:13 - [TEST_STEP][PASSED] - setText: Text 'kibopush.com' is set on object 'Object Repository/Page_KiboPush  Sign In/input_form-control m-input'

2018-08-09 17:09:14 - [MESSAGE][PASSED] - Text 'kibopush.com' is set on object 'Object Repository/Page_KiboPush  Sign In/input_form-control m-input'

2018-08-09 17:09:14 - [TEST_STEP][PASSED] - setText: Text 'bjafri5@gmail.com' is set on object 'Object Repository/Page_KiboPush  Sign In/input_form-control m-input_1'

2018-08-09 17:09:14 - [MESSAGE][PASSED] - Text 'bjafri5@gmail.com' is set on object 'Object Repository/Page_KiboPush  Sign In/input_form-control m-input_1'

2018-08-09 17:09:14 - [TEST_STEP][PASSED] - setEncryptedText: Text ****** has been set on object 'Object Repository/Page_KiboPush  Sign In/input_form-control m-input_2'

2018-08-09 17:09:14 - [MESSAGE][PASSED] - Text ****** has been set on object 'Object Repository/Page_KiboPush  Sign In/input_form-control m-input_2'

2018-08-09 17:09:14 - [TEST_STEP][PASSED] - click: Object: 'Object Repository/Page_KiboPush  Sign In/button_Sign In' is clicked on

2018-08-09 17:09:14 - [MESSAGE][PASSED] - Object: 'Object Repository/Page_KiboPush  Sign In/button_Sign In' is clicked on

2018-08-09 17:09:14 - [TEST_STEP][PASSED] - click: Object: 'Object Repository/Page_KiboPush  Dashboard/span_Broadcasts' is clicked on

2018-08-09 17:09:17 - [MESSAGE][PASSED] - Object: 'Object Repository/Page_KiboPush  Dashboard/span_Broadcasts' is clicked on

2018-08-09 17:09:17 - [TEST_STEP][PASSED] - click: Object: 'Object Repository/Page_KiboPush  Broadcast/span_Create New Broadcast' is clicked on

2018-08-09 17:09:17 - [MESSAGE][PASSED] - Object: 'Object Repository/Page_KiboPush  Broadcast/span_Create New Broadcast' is clicked on

2018-08-09 17:09:17 - [TEST_STEP][PASSED] - click: Object: 'Object Repository/Page_KiboPush  Broadcast/a_Create New Broadcast' is clicked on

2018-08-09 17:09:17 - [MESSAGE][PASSED] - Object: 'Object Repository/Page_KiboPush  Broadcast/a_Create New Broadcast' is clicked on

2018-08-09 17:09:17 - [TEST_STEP][PASSED] - delay: Delayed 1 second(s)

2018-08-09 17:09:18 - [MESSAGE][PASSED] - Delayed 1 second(s)

2018-08-09 17:09:18 - [TEST_STEP][PASSED] - click: Object: 'Object Repository/Page_KiboPush  Create Broadcast/div_Gallery (1)' is clicked on

2018-08-09 17:09:19 - [MESSAGE][PASSED] - Object: 'Object Repository/Page_KiboPush  Create Broadcast/div_Gallery (1)' is clicked on

2018-08-09 17:09:19 - [TEST_STEP][PASSED] - click: Object: 'Object Repository/Page_KiboPush  Create Broadcast/div_New Gallery Component Adde (1)' is clicked on

2018-08-09 17:09:19 - [MESSAGE][PASSED] - Object: 'Object Repository/Page_KiboPush  Create Broadcast/div_New Gallery Component Adde (1)' is clicked on

2018-08-09 17:09:19 - [TEST_STEP][PASSED] - click: Object: 'Object Repository/Page_KiboPush  Create Broadcast/span_slick-arrow slick-next (2)' is clicked on

2018-08-09 17:09:19 - [MESSAGE][PASSED] - Object: 'Object Repository/Page_KiboPush  Create Broadcast/span_slick-arrow slick-next (2)' is clicked on

2018-08-09 17:09:19 - [TEST_STEP][PASSED] - delay: Delayed 1 second(s)

2018-08-09 17:09:20 - [MESSAGE][PASSED] - Delayed 1 second(s)

2018-08-09 17:09:20 - [TEST_STEP][PASSED] - click: Object: 'Object Repository/Page_KiboPush  Create Broadcast/span_slick-arrow slick-prev (1) (1)' is clicked on

2018-08-09 17:09:20 - [MESSAGE][PASSED] - Object: 'Object Repository/Page_KiboPush  Create Broadcast/span_slick-arrow slick-prev (1) (1)' is clicked on

2018-08-09 17:09:20 - [MESSAGE][PASSED] - Call Test Case 'Test Cases/TC0150' successfully

2018-08-09 17:09:20 - [TEST_STEP][PASSED] - setText: Text 'Title' is set on object 'Object Repository/Page_KiboPush  Create Broadcast/input_form-control'

2018-08-09 17:09:20 - [MESSAGE][PASSED] - Text 'Title' is set on object 'Object Repository/Page_KiboPush  Create Broadcast/input_form-control'

2018-08-09 17:09:20 - [TEST_STEP][PASSED] - setText: Text 'Subtitle' is set on object 'Object Repository/Page_KiboPush  Create Broadcast/textarea_form-control'

2018-08-09 17:09:21 - [MESSAGE][PASSED] - Text 'Subtitle' is set on object 'Object Repository/Page_KiboPush  Create Broadcast/textarea_form-control'

2018-08-09 17:09:21 - [TEST_STEP][PASSED] - Statement - img = com.kms.katalon.core.configuration.RunConfiguration.getProjectDir() + "/sample.jpg": null

2018-08-09 17:09:21 - [TEST_STEP][PASSED] - uploadFile: File '/Users/baqarjafri/Katalon Studio/KiboPush/sample.jpg' sent to object: 'Object Repository/Page_KiboPush  Create Broadcast/input_file'

2018-08-09 17:09:21 - [MESSAGE][PASSED] - File '/Users/baqarjafri/Katalon Studio/KiboPush/sample.jpg' sent to object: 'Object Repository/Page_KiboPush  Create Broadcast/input_file'

2018-08-09 17:09:21 - [TEST_STEP][PASSED] - scrollToPosition: Browser is scrolled to position x = 0, y = 0

2018-08-09 17:09:21 - [MESSAGE][PASSED] - Browser is scrolled to position x = 0, y = 0

2018-08-09 17:09:21 - [TEST_STEP][PASSED] - click: Object: 'Object Repository/Page_KiboPush  Create Broadcast/button_Next' is clicked on

2018-08-09 17:09:21 - [MESSAGE][PASSED] - Object: 'Object Repository/Page_KiboPush  Create Broadcast/button_Next' is clicked on

2018-08-09 17:09:21 - [TEST_STEP][PASSED] - click: Object: 'Object Repository/Page_KiboPush  Create Broadcast/div_Card in gallery must have (3)' is clicked on

2018-08-09 17:09:21 - [MESSAGE][PASSED] - Object: 'Object Repository/Page_KiboPush  Create Broadcast/div_Card in gallery must have (3)' is clicked on]]></system-out>
         <system-err><![CDATA[]]></system-err>
      </testcase>
      <testcase name="Test Cases/TC0157" classname="Test Cases/TC0157" status="PASSED">
         <system-out><![CDATA[2018-08-09 17:09:21 - [TEST_CASE][PASSED] - Test Cases/TC0157: Test Cases/TC0157

2018-08-09 17:09:21 - [TEST_STEP][PASSED] - callTestCase: Call Test Case 'Test Cases/TC0150' successfully

2018-08-09 17:09:21 - [TEST_CASE][PASSED] - Test Cases/TC0150: Test Cases/TC0150

2018-08-09 17:09:21 - [TEST_STEP][PASSED] - openBrowser: Browser is opened with url: ''

2018-08-09 17:09:21 - [MESSAGE][WARNING] - A browser is already opened. Closing browser and opening a new one

2018-08-09 17:09:22 - [MESSAGE][PASSED] - Browser is opened with url: ''

2018-08-09 17:09:22 - [TEST_STEP][PASSED] - navigateToUrl: Navigate to 'https://staging.kibopush.com/' successfully

2018-08-09 17:09:43 - [MESSAGE][PASSED] - Navigate to 'https://staging.kibopush.com/' successfully

2018-08-09 17:09:43 - [TEST_STEP][PASSED] - click: Object: 'Object Repository/Page_KiboPush  Sign In/a_Login' is clicked on

2018-08-09 17:09:43 - [MESSAGE][PASSED] - Object: 'Object Repository/Page_KiboPush  Sign In/a_Login' is clicked on

2018-08-09 17:09:43 - [TEST_STEP][PASSED] - click: Object: 'Object Repository/Page_KiboPush  Sign In/button_Team Account' is clicked on

2018-08-09 17:09:43 - [MESSAGE][PASSED] - Object: 'Object Repository/Page_KiboPush  Sign In/button_Team Account' is clicked on

2018-08-09 17:09:43 - [TEST_STEP][PASSED] - setText: Text 'kibopush.com' is set on object 'Object Repository/Page_KiboPush  Sign In/input_form-control m-input'

2018-08-09 17:09:43 - [MESSAGE][PASSED] - Text 'kibopush.com' is set on object 'Object Repository/Page_KiboPush  Sign In/input_form-control m-input'

2018-08-09 17:09:43 - [TEST_STEP][PASSED] - setText: Text 'bjafri5@gmail.com' is set on object 'Object Repository/Page_KiboPush  Sign In/input_form-control m-input_1'

2018-08-09 17:09:44 - [MESSAGE][PASSED] - Text 'bjafri5@gmail.com' is set on object 'Object Repository/Page_KiboPush  Sign In/input_form-control m-input_1'

2018-08-09 17:09:44 - [TEST_STEP][PASSED] - setEncryptedText: Text ****** has been set on object 'Object Repository/Page_KiboPush  Sign In/input_form-control m-input_2'

2018-08-09 17:09:44 - [MESSAGE][PASSED] - Text ****** has been set on object 'Object Repository/Page_KiboPush  Sign In/input_form-control m-input_2'

2018-08-09 17:09:44 - [TEST_STEP][PASSED] - click: Object: 'Object Repository/Page_KiboPush  Sign In/button_Sign In' is clicked on

2018-08-09 17:09:44 - [MESSAGE][PASSED] - Object: 'Object Repository/Page_KiboPush  Sign In/button_Sign In' is clicked on

2018-08-09 17:09:44 - [TEST_STEP][PASSED] - click: Object: 'Object Repository/Page_KiboPush  Dashboard/span_Broadcasts' is clicked on

2018-08-09 17:09:49 - [MESSAGE][PASSED] - Object: 'Object Repository/Page_KiboPush  Dashboard/span_Broadcasts' is clicked on

2018-08-09 17:09:49 - [TEST_STEP][PASSED] - click: Object: 'Object Repository/Page_KiboPush  Broadcast/span_Create New Broadcast' is clicked on

2018-08-09 17:09:50 - [MESSAGE][PASSED] - Object: 'Object Repository/Page_KiboPush  Broadcast/span_Create New Broadcast' is clicked on

2018-08-09 17:09:50 - [TEST_STEP][PASSED] - click: Object: 'Object Repository/Page_KiboPush  Broadcast/a_Create New Broadcast' is clicked on

2018-08-09 17:09:50 - [MESSAGE][PASSED] - Object: 'Object Repository/Page_KiboPush  Broadcast/a_Create New Broadcast' is clicked on

2018-08-09 17:09:50 - [TEST_STEP][PASSED] - delay: Delayed 1 second(s)

2018-08-09 17:09:51 - [MESSAGE][PASSED] - Delayed 1 second(s)

2018-08-09 17:09:51 - [TEST_STEP][PASSED] - click: Object: 'Object Repository/Page_KiboPush  Create Broadcast/div_Gallery (1)' is clicked on

2018-08-09 17:09:51 - [MESSAGE][PASSED] - Object: 'Object Repository/Page_KiboPush  Create Broadcast/div_Gallery (1)' is clicked on

2018-08-09 17:09:51 - [TEST_STEP][PASSED] - click: Object: 'Object Repository/Page_KiboPush  Create Broadcast/div_New Gallery Component Adde (1)' is clicked on

2018-08-09 17:09:51 - [MESSAGE][PASSED] - Object: 'Object Repository/Page_KiboPush  Create Broadcast/div_New Gallery Component Adde (1)' is clicked on

2018-08-09 17:09:51 - [TEST_STEP][PASSED] - click: Object: 'Object Repository/Page_KiboPush  Create Broadcast/span_slick-arrow slick-next (2)' is clicked on

2018-08-09 17:09:51 - [MESSAGE][PASSED] - Object: 'Object Repository/Page_KiboPush  Create Broadcast/span_slick-arrow slick-next (2)' is clicked on

2018-08-09 17:09:51 - [TEST_STEP][PASSED] - delay: Delayed 1 second(s)

2018-08-09 17:09:52 - [MESSAGE][PASSED] - Delayed 1 second(s)

2018-08-09 17:09:52 - [TEST_STEP][PASSED] - click: Object: 'Object Repository/Page_KiboPush  Create Broadcast/span_slick-arrow slick-prev (1) (1)' is clicked on

2018-08-09 17:09:53 - [MESSAGE][PASSED] - Object: 'Object Repository/Page_KiboPush  Create Broadcast/span_slick-arrow slick-prev (1) (1)' is clicked on

2018-08-09 17:09:53 - [MESSAGE][PASSED] - Call Test Case 'Test Cases/TC0150' successfully

2018-08-09 17:09:53 - [TEST_STEP][PASSED] - delay: Delayed 1 second(s)

2018-08-09 17:09:54 - [MESSAGE][PASSED] - Delayed 1 second(s)

2018-08-09 17:09:54 - [TEST_STEP][PASSED] - click: Object: 'Object Repository/Page_KiboPush  Create Broadcast/div_ Add Button' is clicked on

2018-08-09 17:09:54 - [MESSAGE][PASSED] - Object: 'Object Repository/Page_KiboPush  Create Broadcast/div_ Add Button' is clicked on

2018-08-09 17:09:54 - [TEST_STEP][PASSED] - setText: Text 'KiboPush' is set on object 'Object Repository/Page_KiboPush  Create Broadcast/input_form-control'

2018-08-09 17:09:54 - [MESSAGE][PASSED] - Text 'KiboPush' is set on object 'Object Repository/Page_KiboPush  Create Broadcast/input_form-control'

2018-08-09 17:09:54 - [TEST_STEP][PASSED] - click: Object: 'Object Repository/Page_KiboPush  Create Broadcast/div_Open a website' is clicked on

2018-08-09 17:09:54 - [MESSAGE][PASSED] - Object: 'Object Repository/Page_KiboPush  Create Broadcast/div_Open a website' is clicked on

2018-08-09 17:09:54 - [TEST_STEP][PASSED] - setText: Text 'kibopush.com' is set on object 'Object Repository/Page_KiboPush  Create Broadcast/input_form-control_1'

2018-08-09 17:09:54 - [MESSAGE][PASSED] - Text 'kibopush.com' is set on object 'Object Repository/Page_KiboPush  Create Broadcast/input_form-control_1'

2018-08-09 17:09:54 - [TEST_STEP][PASSED] - click: Object: 'Object Repository/Page_KiboPush  Create Broadcast/button_Done' is clicked on

2018-08-09 17:09:55 - [MESSAGE][PASSED] - Object: 'Object Repository/Page_KiboPush  Create Broadcast/button_Done' is clicked on]]></system-out>
         <system-err><![CDATA[]]></system-err>
      </testcase>
      <system-out><![CDATA[2018-08-09 17:01:38 - [TEST_SUITE][FAILED] - KiboPush Broadcasts: Test Cases/TC0125 FAILED because (of) Unable to click on object 'Object Repository/Page_KiboPush  Broadcast/div_Filter by type...textimage (2)' (Root cause: com.kms.katalon.core.webui.exception.WebElementNotFoundException: Web element with id: 'Object Repository/Page_KiboPush  Broadcast/div_Filter by type...textimage (2)' located by 'By.xpath: //div[(text() = 'Filter by type...textimagecardgalleryaudiovideofilelistmediamiscellaneousallShow records for last:    daysTitleTypeCreated AtSentSeenClicksSampleVideovideoMon Aug 06 2018 9:45 AM100Broadcast TitlegalleryFri Aug 03 2018 8:06 AM110TitleYtextThu Aug 02 2018 1:12 PM110TitleXtextThu Aug 02 2018 9:42 AM110Broadcast TitletextWed Aug 01 2018 10:59 AM110Broadcast TitletextWed Aug 01 2018 10:59 AM110Broadcast TitletextWed Aug 01 2018 10:58 AM110Broadcast TitlemediaMon Jul 30 2018 2:07 PM110Broadcast TitlecardThu Jul 19 2018 8:25 AM110Broadcast TitlecardThu Jul 19 2018 8:21 AM110previous1234next' or . = 'Filter by type...textimagecardgalleryaudiovideofilelistmediamiscellaneousallShow records for last:    daysTitleTypeCreated AtSentSeenClicksSampleVideovideoMon Aug 06 2018 9:45 AM100Broadcast TitlegalleryFri Aug 03 2018 8:06 AM110TitleYtextThu Aug 02 2018 1:12 PM110TitleXtextThu Aug 02 2018 9:42 AM110Broadcast TitletextWed Aug 01 2018 10:59 AM110Broadcast TitletextWed Aug 01 2018 10:59 AM110Broadcast TitletextWed Aug 01 2018 10:58 AM110Broadcast TitlemediaMon Jul 30 2018 2:07 PM110Broadcast TitlecardThu Jul 19 2018 8:25 AM110Broadcast TitlecardThu Jul 19 2018 8:21 AM110previous1234next')]' not found)]]></system-out>
      <system-err><![CDATA[2018-08-09 17:01:38 - [TEST_SUITE][FAILED] - KiboPush Broadcasts: Test Cases/TC0125 FAILED because (of) Unable to click on object 'Object Repository/Page_KiboPush  Broadcast/div_Filter by type...textimage (2)' (Root cause: com.kms.katalon.core.webui.exception.WebElementNotFoundException: Web element with id: 'Object Repository/Page_KiboPush  Broadcast/div_Filter by type...textimage (2)' located by 'By.xpath: //div[(text() = 'Filter by type...textimagecardgalleryaudiovideofilelistmediamiscellaneousallShow records for last:    daysTitleTypeCreated AtSentSeenClicksSampleVideovideoMon Aug 06 2018 9:45 AM100Broadcast TitlegalleryFri Aug 03 2018 8:06 AM110TitleYtextThu Aug 02 2018 1:12 PM110TitleXtextThu Aug 02 2018 9:42 AM110Broadcast TitletextWed Aug 01 2018 10:59 AM110Broadcast TitletextWed Aug 01 2018 10:59 AM110Broadcast TitletextWed Aug 01 2018 10:58 AM110Broadcast TitlemediaMon Jul 30 2018 2:07 PM110Broadcast TitlecardThu Jul 19 2018 8:25 AM110Broadcast TitlecardThu Jul 19 2018 8:21 AM110previous1234next' or . = 'Filter by type...textimagecardgalleryaudiovideofilelistmediamiscellaneousallShow records for last:    daysTitleTypeCreated AtSentSeenClicksSampleVideovideoMon Aug 06 2018 9:45 AM100Broadcast TitlegalleryFri Aug 03 2018 8:06 AM110TitleYtextThu Aug 02 2018 1:12 PM110TitleXtextThu Aug 02 2018 9:42 AM110Broadcast TitletextWed Aug 01 2018 10:59 AM110Broadcast TitletextWed Aug 01 2018 10:59 AM110Broadcast TitletextWed Aug 01 2018 10:58 AM110Broadcast TitlemediaMon Jul 30 2018 2:07 PM110Broadcast TitlecardThu Jul 19 2018 8:25 AM110Broadcast TitlecardThu Jul 19 2018 8:21 AM110previous1234next')]' not found)]]></system-err>
   </testsuite>
</testsuites>
