<?xml version="1.0" encoding="UTF-8"?>
<testsuites name="smart replies" time="677" tests="0" failures="20" errors="0">
   <testsuite name="smart replies" tests="0" failures="20" errors="0" time="677" timestamp="2019-04-26 13:02:16" hostname="cloudkibo - 10.0.2.15" id="Test Suites/smart replies">
      <properties>
         <property name="deviceName" value=""/>
         <property name="devicePlatform" value=""/>
         <property name="logFolder" value="C:\\Users\\cloudkibo\\Desktop\\KiboPush_Automated_Testing\\KiboPush Katalon\\Reports\\smart replies\\20190426_120211"/>
         <property name="logFiles" value="C:\\Users\\cloudkibo\\Desktop\\KiboPush_Automated_Testing\\KiboPush Katalon\\Reports\\smart replies\\20190426_120211\\execution0.log"/>
         <property name="attachments" value="C:\\Users\\cloudkibo\\Desktop\\KiboPush_Automated_Testing\\KiboPush Katalon\\Reports\\smart replies\\20190426_120211\\1556265796779.png, C:\\Users\\cloudkibo\\Desktop\\KiboPush_Automated_Testing\\KiboPush Katalon\\Reports\\smart replies\\20190426_120211\\1556265829303.png, C:\\Users\\cloudkibo\\Desktop\\KiboPush_Automated_Testing\\KiboPush Katalon\\Reports\\smart replies\\20190426_120211\\1556265861759.png, C:\\Users\\cloudkibo\\Desktop\\KiboPush_Automated_Testing\\KiboPush Katalon\\Reports\\smart replies\\20190426_120211\\1556265894423.png, C:\\Users\\cloudkibo\\Desktop\\KiboPush_Automated_Testing\\KiboPush Katalon\\Reports\\smart replies\\20190426_120211\\1556265927281.png, C:\\Users\\cloudkibo\\Desktop\\KiboPush_Automated_Testing\\KiboPush Katalon\\Reports\\smart replies\\20190426_120211\\1556265959608.png, C:\\Users\\cloudkibo\\Desktop\\KiboPush_Automated_Testing\\KiboPush Katalon\\Reports\\smart replies\\20190426_120211\\1556265991313.png, C:\\Users\\cloudkibo\\Desktop\\KiboPush_Automated_Testing\\KiboPush Katalon\\Reports\\smart replies\\20190426_120211\\1556266023655.png, C:\\Users\\cloudkibo\\Desktop\\KiboPush_Automated_Testing\\KiboPush Katalon\\Reports\\smart replies\\20190426_120211\\1556266056100.png, C:\\Users\\cloudkibo\\Desktop\\KiboPush_Automated_Testing\\KiboPush Katalon\\Reports\\smart replies\\20190426_120211\\1556266091062.png, C:\\Users\\cloudkibo\\Desktop\\KiboPush_Automated_Testing\\KiboPush Katalon\\Reports\\smart replies\\20190426_120211\\1556266123218.png, C:\\Users\\cloudkibo\\Desktop\\KiboPush_Automated_Testing\\KiboPush Katalon\\Reports\\smart replies\\20190426_120211\\1556266155577.png, C:\\Users\\cloudkibo\\Desktop\\KiboPush_Automated_Testing\\KiboPush Katalon\\Reports\\smart replies\\20190426_120211\\1556266187735.png, C:\\Users\\cloudkibo\\Desktop\\KiboPush_Automated_Testing\\KiboPush Katalon\\Reports\\smart replies\\20190426_120211\\1556266219775.png, C:\\Users\\cloudkibo\\Desktop\\KiboPush_Automated_Testing\\KiboPush Katalon\\Reports\\smart replies\\20190426_120211\\1556266251997.png, C:\\Users\\cloudkibo\\Desktop\\KiboPush_Automated_Testing\\KiboPush Katalon\\Reports\\smart replies\\20190426_120211\\1556266284103.png, C:\\Users\\cloudkibo\\Desktop\\KiboPush_Automated_Testing\\KiboPush Katalon\\Reports\\smart replies\\20190426_120211\\1556266316006.png, C:\\Users\\cloudkibo\\Desktop\\KiboPush_Automated_Testing\\KiboPush Katalon\\Reports\\smart replies\\20190426_120211\\1556266348220.png, C:\\Users\\cloudkibo\\Desktop\\KiboPush_Automated_Testing\\KiboPush Katalon\\Reports\\smart replies\\20190426_120211\\1556266380644.png, C:\\Users\\cloudkibo\\Desktop\\KiboPush_Automated_Testing\\KiboPush Katalon\\Reports\\smart replies\\20190426_120211\\1556266412934.png"/>
         <property name="hostName" value="cloudkibo - 10.0.2.15"/>
         <property name="os" value="Windows 10 64bit"/>
         <property name="katalonVersion" value="5.6.0.1"/>
         <property name="browser" value="Chrome 73.0.3683.103"/>
         <property name="hostAddress" value="10.0.2.15"/>
         <property name="sessionId" value="d40e9c644d4e287159e652cd11013b82"/>
         <property name="seleniumVersion" value="3.7.1"/>
         <property name="proxyInformation" value="ProxyInformation{proxyOption=NO_PROXY, proxyServerType=HTTP, password=, proxyServerAddress=, proxyServerPort=0}"/>
         <property name="platform" value="Windows 10"/>
      </properties>
      <testcase name="Test Cases/s-sidebar_navigation/individualAccount/arveen_production_login_kibochat" classname="Test Cases/s-sidebar_navigation/individualAccount/arveen_production_login_kibochat" status="FAILED">
         <failure type="FAILED" message="Unable to click on object 'Object Repository/Page_KiboPush  Dashboard/h3_Dashboard (58)' (Root cause: com.kms.katalon.core.webui.exception.WebElementNotFoundException: Web element with id: 'Object Repository/Page_KiboPush  Dashboard/h3_Dashboard (58)' located by 'By.xpath: //h3[(text() = 'Dashboard' or . = 'Dashboard')]' not found)"/>
         <system-out><![CDATA[2019-04-26 13:02:18 - [TEST_CASE][FAILED] - Test Cases/s-sidebar_navigation/individualAccount/arveen_production_login_kibochat: Test Cases/s-sidebar_navigation/individualAccount/arveen_production_login_kibochat FAILED because (of) Unable to click on object 'Object Repository/Page_KiboPush  Dashboard/h3_Dashboard (58)' (Root cause: com.kms.katalon.core.webui.exception.WebElementNotFoundException: Web element with id: 'Object Repository/Page_KiboPush  Dashboard/h3_Dashboard (58)' located by 'By.xpath: //h3[(text() = 'Dashboard' or . = 'Dashboard')]' not found)

2019-04-26 13:02:20 - [TEST_STEP][PASSED] - openBrowser: Browser is opened with url: ''

2019-04-26 13:02:27 - [MESSAGE][PASSED] - Browser is opened with url: ''

2019-04-26 13:02:27 - [TEST_STEP][PASSED] - maximizeWindow: Current window maximized

2019-04-26 13:02:29 - [MESSAGE][PASSED] - Current window maximized

2019-04-26 13:02:29 - [TEST_STEP][PASSED] - navigateToUrl: Navigate to 'https://kibochat.cloudkibo.com/' successfully

2019-04-26 13:02:41 - [MESSAGE][PASSED] - Navigate to 'https://kibochat.cloudkibo.com/' successfully

2019-04-26 13:02:41 - [TEST_STEP][PASSED] - navigateToUrl: Navigate to 'https://accounts.cloudkibo.com/?continue=https://kibochat.cloudkibo.com' successfully

2019-04-26 13:02:42 - [MESSAGE][PASSED] - Navigate to 'https://accounts.cloudkibo.com/?continue=https://kibochat.cloudkibo.com' successfully

2019-04-26 13:02:42 - [TEST_STEP][PASSED] - click: Object: 'Object Repository/Page_KiboPush/a_Login (10)' is clicked on

2019-04-26 13:02:43 - [MESSAGE][PASSED] - Object: 'Object Repository/Page_KiboPush/a_Login (10)' is clicked on

2019-04-26 13:02:43 - [TEST_STEP][PASSED] - setText: Text 'individual@cloudkibo.com' is set on object 'Object Repository/Page_KiboPush/input_email (10) (1) (1)'

2019-04-26 13:02:44 - [MESSAGE][PASSED] - Text 'individual@cloudkibo.com' is set on object 'Object Repository/Page_KiboPush/input_email (10) (1) (1)'

2019-04-26 13:02:44 - [TEST_STEP][PASSED] - setEncryptedText: Text ****** has been set on object 'Object Repository/Page_CloudKibo/input_Sign In_password (7)'

2019-04-26 13:02:44 - [MESSAGE][PASSED] - Text ****** has been set on object 'Object Repository/Page_CloudKibo/input_Sign In_password (7)'

2019-04-26 13:02:44 - [TEST_STEP][PASSED] - click: Object: 'Object Repository/Page_KiboPush/button_Sign In (11)' is clicked on

2019-04-26 13:02:44 - [MESSAGE][PASSED] - Object: 'Object Repository/Page_KiboPush/button_Sign In (11)' is clicked on

2019-04-26 13:02:44 - [TEST_STEP][FAILED] - click: Unable to click on object 'Object Repository/Page_KiboPush  Dashboard/h3_Dashboard (58)' (Root cause: com.kms.katalon.core.webui.exception.WebElementNotFoundException: Web element with id: 'Object Repository/Page_KiboPush  Dashboard/h3_Dashboard (58)' located by 'By.xpath: //h3[(text() = 'Dashboard' or . = 'Dashboard')]' not found)

2019-04-26 13:03:17 - [MESSAGE][FAILED] - Unable to click on object 'Object Repository/Page_KiboPush  Dashboard/h3_Dashboard (58)' (Root cause: com.kms.katalon.core.webui.exception.WebElementNotFoundException: Web element with id: 'Object Repository/Page_KiboPush  Dashboard/h3_Dashboard (58)' located by 'By.xpath: //h3[(text() = 'Dashboard' or . = 'Dashboard')]' not found)
[[ATTACHMENT|C:\\Users\\cloudkibo\\Desktop\\KiboPush_Automated_Testing\\KiboPush Katalon\\Reports\\smart replies\\20190426_120211\\1556265796779.png]]]]></system-out>
         <system-err><![CDATA[2019-04-26 13:02:18 - [TEST_CASE][FAILED] - Test Cases/s-sidebar_navigation/individualAccount/arveen_production_login_kibochat: Test Cases/s-sidebar_navigation/individualAccount/arveen_production_login_kibochat FAILED because (of) Unable to click on object 'Object Repository/Page_KiboPush  Dashboard/h3_Dashboard (58)' (Root cause: com.kms.katalon.core.webui.exception.WebElementNotFoundException: Web element with id: 'Object Repository/Page_KiboPush  Dashboard/h3_Dashboard (58)' located by 'By.xpath: //h3[(text() = 'Dashboard' or . = 'Dashboard')]' not found)]]></system-err>
      </testcase>
      <testcase name="Test Cases/Smart Replies/open_automation" classname="Test Cases/Smart Replies/open_automation" status="FAILED">
         <failure type="FAILED" message="Unable to click on object 'Object Repository/Page_KiboPush  Dashboard/span_Automation (1) (1)' (Root cause: com.kms.katalon.core.webui.exception.WebElementNotFoundException: Web element with id: 'Object Repository/Page_KiboPush  Dashboard/span_Automation (1) (1)' located by 'By.xpath: //span[(text() = 'Automation' or . = 'Automation')]' not found)"/>
         <system-out><![CDATA[2019-04-26 13:03:17 - [TEST_CASE][FAILED] - Test Cases/Smart Replies/open_automation: Test Cases/Smart Replies/open_automation FAILED because (of) Unable to click on object 'Object Repository/Page_KiboPush  Dashboard/span_Automation (1) (1)' (Root cause: com.kms.katalon.core.webui.exception.WebElementNotFoundException: Web element with id: 'Object Repository/Page_KiboPush  Dashboard/span_Automation (1) (1)' located by 'By.xpath: //span[(text() = 'Automation' or . = 'Automation')]' not found)

2019-04-26 13:03:17 - [TEST_STEP][FAILED] - click: Unable to click on object 'Object Repository/Page_KiboPush  Dashboard/span_Automation (1) (1)' (Root cause: com.kms.katalon.core.webui.exception.WebElementNotFoundException: Web element with id: 'Object Repository/Page_KiboPush  Dashboard/span_Automation (1) (1)' located by 'By.xpath: //span[(text() = 'Automation' or . = 'Automation')]' not found)

2019-04-26 13:03:49 - [MESSAGE][FAILED] - Unable to click on object 'Object Repository/Page_KiboPush  Dashboard/span_Automation (1) (1)' (Root cause: com.kms.katalon.core.webui.exception.WebElementNotFoundException: Web element with id: 'Object Repository/Page_KiboPush  Dashboard/span_Automation (1) (1)' located by 'By.xpath: //span[(text() = 'Automation' or . = 'Automation')]' not found)
[[ATTACHMENT|C:\\Users\\cloudkibo\\Desktop\\KiboPush_Automated_Testing\\KiboPush Katalon\\Reports\\smart replies\\20190426_120211\\1556265829303.png]]]]></system-out>
         <system-err><![CDATA[2019-04-26 13:03:17 - [TEST_CASE][FAILED] - Test Cases/Smart Replies/open_automation: Test Cases/Smart Replies/open_automation FAILED because (of) Unable to click on object 'Object Repository/Page_KiboPush  Dashboard/span_Automation (1) (1)' (Root cause: com.kms.katalon.core.webui.exception.WebElementNotFoundException: Web element with id: 'Object Repository/Page_KiboPush  Dashboard/span_Automation (1) (1)' located by 'By.xpath: //span[(text() = 'Automation' or . = 'Automation')]' not found)]]></system-err>
      </testcase>
      <testcase name="Test Cases/Smart Replies/TC0618" classname="Test Cases/Smart Replies/TC0618" status="FAILED">
         <failure type="FAILED" message="Unable to click on object 'Object Repository/Page_KiboPush  Dashboard/span_Dashboard' (Root cause: com.kms.katalon.core.webui.exception.WebElementNotFoundException: Web element with id: 'Object Repository/Page_KiboPush  Dashboard/span_Dashboard' located by 'By.xpath: //span[(text() = 'Dashboard' or . = 'Dashboard')]' not found)"/>
         <system-out><![CDATA[2019-04-26 13:03:49 - [TEST_CASE][FAILED] - Test Cases/Smart Replies/TC0618: Test Cases/Smart Replies/TC0618 FAILED because (of) Unable to click on object 'Object Repository/Page_KiboPush  Dashboard/span_Dashboard' (Root cause: com.kms.katalon.core.webui.exception.WebElementNotFoundException: Web element with id: 'Object Repository/Page_KiboPush  Dashboard/span_Dashboard' located by 'By.xpath: //span[(text() = 'Dashboard' or . = 'Dashboard')]' not found)

2019-04-26 13:03:49 - [TEST_STEP][FAILED] - callTestCase: Unable to call Test Case with id 'Test Cases/s-sidebar_navigation/individualAccount/Smart Replies' (Root cause: Call Test Case 'Test Cases/s-sidebar_navigation/individualAccount/Smart Replies' failed)

2019-04-26 13:03:49 - [TEST_CASE][FAILED] - Test Cases/s-sidebar_navigation/individualAccount/Smart Replies: Test Cases/s-sidebar_navigation/individualAccount/Smart Replies FAILED because (of) Unable to click on object 'Object Repository/Page_KiboPush  Dashboard/span_Dashboard' (Root cause: com.kms.katalon.core.webui.exception.WebElementNotFoundException: Web element with id: 'Object Repository/Page_KiboPush  Dashboard/span_Dashboard' located by 'By.xpath: //span[(text() = 'Dashboard' or . = 'Dashboard')]' not found)

2019-04-26 13:03:50 - [TEST_STEP][FAILED] - click: Unable to click on object 'Object Repository/Page_KiboPush  Dashboard/span_Dashboard' (Root cause: com.kms.katalon.core.webui.exception.WebElementNotFoundException: Web element with id: 'Object Repository/Page_KiboPush  Dashboard/span_Dashboard' located by 'By.xpath: //span[(text() = 'Dashboard' or . = 'Dashboard')]' not found)

2019-04-26 13:04:22 - [MESSAGE][FAILED] - Unable to click on object 'Object Repository/Page_KiboPush  Dashboard/span_Dashboard' (Root cause: com.kms.katalon.core.webui.exception.WebElementNotFoundException: Web element with id: 'Object Repository/Page_KiboPush  Dashboard/span_Dashboard' located by 'By.xpath: //span[(text() = 'Dashboard' or . = 'Dashboard')]' not found)
[[ATTACHMENT|C:\\Users\\cloudkibo\\Desktop\\KiboPush_Automated_Testing\\KiboPush Katalon\\Reports\\smart replies\\20190426_120211\\1556265861759.png]]

2019-04-26 13:04:22 - [MESSAGE][FAILED] - Unable to call Test Case with id 'Test Cases/s-sidebar_navigation/individualAccount/Smart Replies' (Root cause: Call Test Case 'Test Cases/s-sidebar_navigation/individualAccount/Smart Replies' failed)]]></system-out>
         <system-err><![CDATA[2019-04-26 13:03:49 - [TEST_CASE][FAILED] - Test Cases/Smart Replies/TC0618: Test Cases/Smart Replies/TC0618 FAILED because (of) Unable to click on object 'Object Repository/Page_KiboPush  Dashboard/span_Dashboard' (Root cause: com.kms.katalon.core.webui.exception.WebElementNotFoundException: Web element with id: 'Object Repository/Page_KiboPush  Dashboard/span_Dashboard' located by 'By.xpath: //span[(text() = 'Dashboard' or . = 'Dashboard')]' not found)]]></system-err>
      </testcase>
      <testcase name="Test Cases/Smart Replies/TC0619" classname="Test Cases/Smart Replies/TC0619" status="FAILED">
         <failure type="FAILED" message="Unable to click on object 'Object Repository/Page_KiboPush  Dashboard/span_Dashboard' (Root cause: com.kms.katalon.core.webui.exception.WebElementNotFoundException: Web element with id: 'Object Repository/Page_KiboPush  Dashboard/span_Dashboard' located by 'By.xpath: //span[(text() = 'Dashboard' or . = 'Dashboard')]' not found)"/>
         <system-out><![CDATA[2019-04-26 13:04:22 - [TEST_CASE][FAILED] - Test Cases/Smart Replies/TC0619: Test Cases/Smart Replies/TC0619 FAILED because (of) Unable to click on object 'Object Repository/Page_KiboPush  Dashboard/span_Dashboard' (Root cause: com.kms.katalon.core.webui.exception.WebElementNotFoundException: Web element with id: 'Object Repository/Page_KiboPush  Dashboard/span_Dashboard' located by 'By.xpath: //span[(text() = 'Dashboard' or . = 'Dashboard')]' not found)

2019-04-26 13:04:22 - [TEST_STEP][FAILED] - callTestCase: Unable to call Test Case with id 'Test Cases/Smart Replies/TC0618' (Root cause: Call Test Case 'Test Cases/Smart Replies/TC0618' failed)

2019-04-26 13:04:22 - [TEST_CASE][FAILED] - Test Cases/Smart Replies/TC0618: Test Cases/Smart Replies/TC0618 FAILED because (of) Unable to click on object 'Object Repository/Page_KiboPush  Dashboard/span_Dashboard' (Root cause: com.kms.katalon.core.webui.exception.WebElementNotFoundException: Web element with id: 'Object Repository/Page_KiboPush  Dashboard/span_Dashboard' located by 'By.xpath: //span[(text() = 'Dashboard' or . = 'Dashboard')]' not found)

2019-04-26 13:04:22 - [TEST_STEP][FAILED] - callTestCase: Unable to call Test Case with id 'Test Cases/s-sidebar_navigation/individualAccount/Smart Replies' (Root cause: Call Test Case 'Test Cases/s-sidebar_navigation/individualAccount/Smart Replies' failed)

2019-04-26 13:04:22 - [TEST_CASE][FAILED] - Test Cases/s-sidebar_navigation/individualAccount/Smart Replies: Test Cases/s-sidebar_navigation/individualAccount/Smart Replies FAILED because (of) Unable to click on object 'Object Repository/Page_KiboPush  Dashboard/span_Dashboard' (Root cause: com.kms.katalon.core.webui.exception.WebElementNotFoundException: Web element with id: 'Object Repository/Page_KiboPush  Dashboard/span_Dashboard' located by 'By.xpath: //span[(text() = 'Dashboard' or . = 'Dashboard')]' not found)

2019-04-26 13:04:22 - [TEST_STEP][FAILED] - click: Unable to click on object 'Object Repository/Page_KiboPush  Dashboard/span_Dashboard' (Root cause: com.kms.katalon.core.webui.exception.WebElementNotFoundException: Web element with id: 'Object Repository/Page_KiboPush  Dashboard/span_Dashboard' located by 'By.xpath: //span[(text() = 'Dashboard' or . = 'Dashboard')]' not found)

2019-04-26 13:04:54 - [MESSAGE][FAILED] - Unable to click on object 'Object Repository/Page_KiboPush  Dashboard/span_Dashboard' (Root cause: com.kms.katalon.core.webui.exception.WebElementNotFoundException: Web element with id: 'Object Repository/Page_KiboPush  Dashboard/span_Dashboard' located by 'By.xpath: //span[(text() = 'Dashboard' or . = 'Dashboard')]' not found)
[[ATTACHMENT|C:\\Users\\cloudkibo\\Desktop\\KiboPush_Automated_Testing\\KiboPush Katalon\\Reports\\smart replies\\20190426_120211\\1556265894423.png]]

2019-04-26 13:04:54 - [MESSAGE][FAILED] - Unable to call Test Case with id 'Test Cases/s-sidebar_navigation/individualAccount/Smart Replies' (Root cause: Call Test Case 'Test Cases/s-sidebar_navigation/individualAccount/Smart Replies' failed)

2019-04-26 13:04:54 - [MESSAGE][FAILED] - Unable to call Test Case with id 'Test Cases/Smart Replies/TC0618' (Root cause: Call Test Case 'Test Cases/Smart Replies/TC0618' failed)]]></system-out>
         <system-err><![CDATA[2019-04-26 13:04:22 - [TEST_CASE][FAILED] - Test Cases/Smart Replies/TC0619: Test Cases/Smart Replies/TC0619 FAILED because (of) Unable to click on object 'Object Repository/Page_KiboPush  Dashboard/span_Dashboard' (Root cause: com.kms.katalon.core.webui.exception.WebElementNotFoundException: Web element with id: 'Object Repository/Page_KiboPush  Dashboard/span_Dashboard' located by 'By.xpath: //span[(text() = 'Dashboard' or . = 'Dashboard')]' not found)]]></system-err>
      </testcase>
      <testcase name="Test Cases/Smart Replies/TC0621" classname="Test Cases/Smart Replies/TC0621" status="FAILED">
         <failure type="FAILED" message="Unable to click on object 'Object Repository/Page_KiboPush  Dashboard/span_Dashboard' (Root cause: com.kms.katalon.core.webui.exception.WebElementNotFoundException: Web element with id: 'Object Repository/Page_KiboPush  Dashboard/span_Dashboard' located by 'By.xpath: //span[(text() = 'Dashboard' or . = 'Dashboard')]' not found)"/>
         <system-out><![CDATA[2019-04-26 13:04:54 - [TEST_CASE][FAILED] - Test Cases/Smart Replies/TC0621: Test Cases/Smart Replies/TC0621 FAILED because (of) Unable to click on object 'Object Repository/Page_KiboPush  Dashboard/span_Dashboard' (Root cause: com.kms.katalon.core.webui.exception.WebElementNotFoundException: Web element with id: 'Object Repository/Page_KiboPush  Dashboard/span_Dashboard' located by 'By.xpath: //span[(text() = 'Dashboard' or . = 'Dashboard')]' not found)

2019-04-26 13:04:54 - [TEST_STEP][FAILED] - callTestCase: Unable to call Test Case with id 'Test Cases/Smart Replies/TC0619' (Root cause: Call Test Case 'Test Cases/Smart Replies/TC0619' failed)

2019-04-26 13:04:55 - [TEST_CASE][FAILED] - Test Cases/Smart Replies/TC0619: Test Cases/Smart Replies/TC0619 FAILED because (of) Unable to click on object 'Object Repository/Page_KiboPush  Dashboard/span_Dashboard' (Root cause: com.kms.katalon.core.webui.exception.WebElementNotFoundException: Web element with id: 'Object Repository/Page_KiboPush  Dashboard/span_Dashboard' located by 'By.xpath: //span[(text() = 'Dashboard' or . = 'Dashboard')]' not found)

2019-04-26 13:04:55 - [TEST_STEP][FAILED] - callTestCase: Unable to call Test Case with id 'Test Cases/Smart Replies/TC0618' (Root cause: Call Test Case 'Test Cases/Smart Replies/TC0618' failed)

2019-04-26 13:04:55 - [TEST_CASE][FAILED] - Test Cases/Smart Replies/TC0618: Test Cases/Smart Replies/TC0618 FAILED because (of) Unable to click on object 'Object Repository/Page_KiboPush  Dashboard/span_Dashboard' (Root cause: com.kms.katalon.core.webui.exception.WebElementNotFoundException: Web element with id: 'Object Repository/Page_KiboPush  Dashboard/span_Dashboard' located by 'By.xpath: //span[(text() = 'Dashboard' or . = 'Dashboard')]' not found)

2019-04-26 13:04:55 - [TEST_STEP][FAILED] - callTestCase: Unable to call Test Case with id 'Test Cases/s-sidebar_navigation/individualAccount/Smart Replies' (Root cause: Call Test Case 'Test Cases/s-sidebar_navigation/individualAccount/Smart Replies' failed)

2019-04-26 13:04:55 - [TEST_CASE][FAILED] - Test Cases/s-sidebar_navigation/individualAccount/Smart Replies: Test Cases/s-sidebar_navigation/individualAccount/Smart Replies FAILED because (of) Unable to click on object 'Object Repository/Page_KiboPush  Dashboard/span_Dashboard' (Root cause: com.kms.katalon.core.webui.exception.WebElementNotFoundException: Web element with id: 'Object Repository/Page_KiboPush  Dashboard/span_Dashboard' located by 'By.xpath: //span[(text() = 'Dashboard' or . = 'Dashboard')]' not found)

2019-04-26 13:04:55 - [TEST_STEP][FAILED] - click: Unable to click on object 'Object Repository/Page_KiboPush  Dashboard/span_Dashboard' (Root cause: com.kms.katalon.core.webui.exception.WebElementNotFoundException: Web element with id: 'Object Repository/Page_KiboPush  Dashboard/span_Dashboard' located by 'By.xpath: //span[(text() = 'Dashboard' or . = 'Dashboard')]' not found)

2019-04-26 13:05:27 - [MESSAGE][FAILED] - Unable to click on object 'Object Repository/Page_KiboPush  Dashboard/span_Dashboard' (Root cause: com.kms.katalon.core.webui.exception.WebElementNotFoundException: Web element with id: 'Object Repository/Page_KiboPush  Dashboard/span_Dashboard' located by 'By.xpath: //span[(text() = 'Dashboard' or . = 'Dashboard')]' not found)
[[ATTACHMENT|C:\\Users\\cloudkibo\\Desktop\\KiboPush_Automated_Testing\\KiboPush Katalon\\Reports\\smart replies\\20190426_120211\\1556265927281.png]]

2019-04-26 13:05:27 - [MESSAGE][FAILED] - Unable to call Test Case with id 'Test Cases/s-sidebar_navigation/individualAccount/Smart Replies' (Root cause: Call Test Case 'Test Cases/s-sidebar_navigation/individualAccount/Smart Replies' failed)

2019-04-26 13:05:27 - [MESSAGE][FAILED] - Unable to call Test Case with id 'Test Cases/Smart Replies/TC0618' (Root cause: Call Test Case 'Test Cases/Smart Replies/TC0618' failed)

2019-04-26 13:05:27 - [MESSAGE][FAILED] - Unable to call Test Case with id 'Test Cases/Smart Replies/TC0619' (Root cause: Call Test Case 'Test Cases/Smart Replies/TC0619' failed)]]></system-out>
         <system-err><![CDATA[2019-04-26 13:04:54 - [TEST_CASE][FAILED] - Test Cases/Smart Replies/TC0621: Test Cases/Smart Replies/TC0621 FAILED because (of) Unable to click on object 'Object Repository/Page_KiboPush  Dashboard/span_Dashboard' (Root cause: com.kms.katalon.core.webui.exception.WebElementNotFoundException: Web element with id: 'Object Repository/Page_KiboPush  Dashboard/span_Dashboard' located by 'By.xpath: //span[(text() = 'Dashboard' or . = 'Dashboard')]' not found)]]></system-err>
      </testcase>
      <testcase name="Test Cases/Smart Replies/TC0622" classname="Test Cases/Smart Replies/TC0622" status="FAILED">
         <failure type="FAILED" message="Unable to click on object 'Object Repository/Page_KiboPush  Dashboard/span_Dashboard' (Root cause: com.kms.katalon.core.webui.exception.WebElementNotFoundException: Web element with id: 'Object Repository/Page_KiboPush  Dashboard/span_Dashboard' located by 'By.xpath: //span[(text() = 'Dashboard' or . = 'Dashboard')]' not found)"/>
         <system-out><![CDATA[2019-04-26 13:05:27 - [TEST_CASE][FAILED] - Test Cases/Smart Replies/TC0622: Test Cases/Smart Replies/TC0622 FAILED because (of) Unable to click on object 'Object Repository/Page_KiboPush  Dashboard/span_Dashboard' (Root cause: com.kms.katalon.core.webui.exception.WebElementNotFoundException: Web element with id: 'Object Repository/Page_KiboPush  Dashboard/span_Dashboard' located by 'By.xpath: //span[(text() = 'Dashboard' or . = 'Dashboard')]' not found)

2019-04-26 13:05:27 - [TEST_STEP][FAILED] - callTestCase: Unable to call Test Case with id 'Test Cases/Smart Replies/TC0622_n' (Root cause: Call Test Case 'Test Cases/Smart Replies/TC0622_n' failed)

2019-04-26 13:05:27 - [TEST_CASE][FAILED] - Test Cases/Smart Replies/TC0622_n: Test Cases/Smart Replies/TC0622_n FAILED because (of) Unable to click on object 'Object Repository/Page_KiboPush  Dashboard/span_Dashboard' (Root cause: com.kms.katalon.core.webui.exception.WebElementNotFoundException: Web element with id: 'Object Repository/Page_KiboPush  Dashboard/span_Dashboard' located by 'By.xpath: //span[(text() = 'Dashboard' or . = 'Dashboard')]' not found)

2019-04-26 13:05:28 - [TEST_STEP][FAILED] - callTestCase: Unable to call Test Case with id 'Test Cases/Smart Replies/TC0619' (Root cause: Call Test Case 'Test Cases/Smart Replies/TC0619' failed)

2019-04-26 13:05:28 - [TEST_CASE][FAILED] - Test Cases/Smart Replies/TC0619: Test Cases/Smart Replies/TC0619 FAILED because (of) Unable to click on object 'Object Repository/Page_KiboPush  Dashboard/span_Dashboard' (Root cause: com.kms.katalon.core.webui.exception.WebElementNotFoundException: Web element with id: 'Object Repository/Page_KiboPush  Dashboard/span_Dashboard' located by 'By.xpath: //span[(text() = 'Dashboard' or . = 'Dashboard')]' not found)

2019-04-26 13:05:28 - [TEST_STEP][FAILED] - callTestCase: Unable to call Test Case with id 'Test Cases/Smart Replies/TC0618' (Root cause: Call Test Case 'Test Cases/Smart Replies/TC0618' failed)

2019-04-26 13:05:28 - [TEST_CASE][FAILED] - Test Cases/Smart Replies/TC0618: Test Cases/Smart Replies/TC0618 FAILED because (of) Unable to click on object 'Object Repository/Page_KiboPush  Dashboard/span_Dashboard' (Root cause: com.kms.katalon.core.webui.exception.WebElementNotFoundException: Web element with id: 'Object Repository/Page_KiboPush  Dashboard/span_Dashboard' located by 'By.xpath: //span[(text() = 'Dashboard' or . = 'Dashboard')]' not found)

2019-04-26 13:05:28 - [TEST_STEP][FAILED] - callTestCase: Unable to call Test Case with id 'Test Cases/s-sidebar_navigation/individualAccount/Smart Replies' (Root cause: Call Test Case 'Test Cases/s-sidebar_navigation/individualAccount/Smart Replies' failed)

2019-04-26 13:05:28 - [TEST_CASE][FAILED] - Test Cases/s-sidebar_navigation/individualAccount/Smart Replies: Test Cases/s-sidebar_navigation/individualAccount/Smart Replies FAILED because (of) Unable to click on object 'Object Repository/Page_KiboPush  Dashboard/span_Dashboard' (Root cause: com.kms.katalon.core.webui.exception.WebElementNotFoundException: Web element with id: 'Object Repository/Page_KiboPush  Dashboard/span_Dashboard' located by 'By.xpath: //span[(text() = 'Dashboard' or . = 'Dashboard')]' not found)

2019-04-26 13:05:28 - [TEST_STEP][FAILED] - click: Unable to click on object 'Object Repository/Page_KiboPush  Dashboard/span_Dashboard' (Root cause: com.kms.katalon.core.webui.exception.WebElementNotFoundException: Web element with id: 'Object Repository/Page_KiboPush  Dashboard/span_Dashboard' located by 'By.xpath: //span[(text() = 'Dashboard' or . = 'Dashboard')]' not found)

2019-04-26 13:05:59 - [MESSAGE][FAILED] - Unable to click on object 'Object Repository/Page_KiboPush  Dashboard/span_Dashboard' (Root cause: com.kms.katalon.core.webui.exception.WebElementNotFoundException: Web element with id: 'Object Repository/Page_KiboPush  Dashboard/span_Dashboard' located by 'By.xpath: //span[(text() = 'Dashboard' or . = 'Dashboard')]' not found)
[[ATTACHMENT|C:\\Users\\cloudkibo\\Desktop\\KiboPush_Automated_Testing\\KiboPush Katalon\\Reports\\smart replies\\20190426_120211\\1556265959608.png]]

2019-04-26 13:05:59 - [MESSAGE][FAILED] - Unable to call Test Case with id 'Test Cases/s-sidebar_navigation/individualAccount/Smart Replies' (Root cause: Call Test Case 'Test Cases/s-sidebar_navigation/individualAccount/Smart Replies' failed)

2019-04-26 13:05:59 - [MESSAGE][FAILED] - Unable to call Test Case with id 'Test Cases/Smart Replies/TC0618' (Root cause: Call Test Case 'Test Cases/Smart Replies/TC0618' failed)

2019-04-26 13:05:59 - [MESSAGE][FAILED] - Unable to call Test Case with id 'Test Cases/Smart Replies/TC0619' (Root cause: Call Test Case 'Test Cases/Smart Replies/TC0619' failed)

2019-04-26 13:05:59 - [MESSAGE][FAILED] - Unable to call Test Case with id 'Test Cases/Smart Replies/TC0622_n' (Root cause: Call Test Case 'Test Cases/Smart Replies/TC0622_n' failed)]]></system-out>
         <system-err><![CDATA[2019-04-26 13:05:27 - [TEST_CASE][FAILED] - Test Cases/Smart Replies/TC0622: Test Cases/Smart Replies/TC0622 FAILED because (of) Unable to click on object 'Object Repository/Page_KiboPush  Dashboard/span_Dashboard' (Root cause: com.kms.katalon.core.webui.exception.WebElementNotFoundException: Web element with id: 'Object Repository/Page_KiboPush  Dashboard/span_Dashboard' located by 'By.xpath: //span[(text() = 'Dashboard' or . = 'Dashboard')]' not found)]]></system-err>
      </testcase>
      <testcase name="Test Cases/Smart Replies/TC0622_n" classname="Test Cases/Smart Replies/TC0622_n" status="FAILED">
         <failure type="FAILED" message="Unable to click on object 'Object Repository/Page_KiboPush  Dashboard/span_Dashboard' (Root cause: com.kms.katalon.core.webui.exception.WebElementNotFoundException: Web element with id: 'Object Repository/Page_KiboPush  Dashboard/span_Dashboard' located by 'By.xpath: //span[(text() = 'Dashboard' or . = 'Dashboard')]' not found)"/>
         <system-out><![CDATA[2019-04-26 13:05:59 - [TEST_CASE][FAILED] - Test Cases/Smart Replies/TC0622_n: Test Cases/Smart Replies/TC0622_n FAILED because (of) Unable to click on object 'Object Repository/Page_KiboPush  Dashboard/span_Dashboard' (Root cause: com.kms.katalon.core.webui.exception.WebElementNotFoundException: Web element with id: 'Object Repository/Page_KiboPush  Dashboard/span_Dashboard' located by 'By.xpath: //span[(text() = 'Dashboard' or . = 'Dashboard')]' not found)

2019-04-26 13:05:59 - [TEST_STEP][FAILED] - callTestCase: Unable to call Test Case with id 'Test Cases/Smart Replies/TC0619' (Root cause: Call Test Case 'Test Cases/Smart Replies/TC0619' failed)

2019-04-26 13:06:00 - [TEST_CASE][FAILED] - Test Cases/Smart Replies/TC0619: Test Cases/Smart Replies/TC0619 FAILED because (of) Unable to click on object 'Object Repository/Page_KiboPush  Dashboard/span_Dashboard' (Root cause: com.kms.katalon.core.webui.exception.WebElementNotFoundException: Web element with id: 'Object Repository/Page_KiboPush  Dashboard/span_Dashboard' located by 'By.xpath: //span[(text() = 'Dashboard' or . = 'Dashboard')]' not found)

2019-04-26 13:06:00 - [TEST_STEP][FAILED] - callTestCase: Unable to call Test Case with id 'Test Cases/Smart Replies/TC0618' (Root cause: Call Test Case 'Test Cases/Smart Replies/TC0618' failed)

2019-04-26 13:06:00 - [TEST_CASE][FAILED] - Test Cases/Smart Replies/TC0618: Test Cases/Smart Replies/TC0618 FAILED because (of) Unable to click on object 'Object Repository/Page_KiboPush  Dashboard/span_Dashboard' (Root cause: com.kms.katalon.core.webui.exception.WebElementNotFoundException: Web element with id: 'Object Repository/Page_KiboPush  Dashboard/span_Dashboard' located by 'By.xpath: //span[(text() = 'Dashboard' or . = 'Dashboard')]' not found)

2019-04-26 13:06:00 - [TEST_STEP][FAILED] - callTestCase: Unable to call Test Case with id 'Test Cases/s-sidebar_navigation/individualAccount/Smart Replies' (Root cause: Call Test Case 'Test Cases/s-sidebar_navigation/individualAccount/Smart Replies' failed)

2019-04-26 13:06:00 - [TEST_CASE][FAILED] - Test Cases/s-sidebar_navigation/individualAccount/Smart Replies: Test Cases/s-sidebar_navigation/individualAccount/Smart Replies FAILED because (of) Unable to click on object 'Object Repository/Page_KiboPush  Dashboard/span_Dashboard' (Root cause: com.kms.katalon.core.webui.exception.WebElementNotFoundException: Web element with id: 'Object Repository/Page_KiboPush  Dashboard/span_Dashboard' located by 'By.xpath: //span[(text() = 'Dashboard' or . = 'Dashboard')]' not found)

2019-04-26 13:06:00 - [TEST_STEP][FAILED] - click: Unable to click on object 'Object Repository/Page_KiboPush  Dashboard/span_Dashboard' (Root cause: com.kms.katalon.core.webui.exception.WebElementNotFoundException: Web element with id: 'Object Repository/Page_KiboPush  Dashboard/span_Dashboard' located by 'By.xpath: //span[(text() = 'Dashboard' or . = 'Dashboard')]' not found)

2019-04-26 13:06:31 - [MESSAGE][FAILED] - Unable to click on object 'Object Repository/Page_KiboPush  Dashboard/span_Dashboard' (Root cause: com.kms.katalon.core.webui.exception.WebElementNotFoundException: Web element with id: 'Object Repository/Page_KiboPush  Dashboard/span_Dashboard' located by 'By.xpath: //span[(text() = 'Dashboard' or . = 'Dashboard')]' not found)
[[ATTACHMENT|C:\\Users\\cloudkibo\\Desktop\\KiboPush_Automated_Testing\\KiboPush Katalon\\Reports\\smart replies\\20190426_120211\\1556265991313.png]]

2019-04-26 13:06:31 - [MESSAGE][FAILED] - Unable to call Test Case with id 'Test Cases/s-sidebar_navigation/individualAccount/Smart Replies' (Root cause: Call Test Case 'Test Cases/s-sidebar_navigation/individualAccount/Smart Replies' failed)

2019-04-26 13:06:31 - [MESSAGE][FAILED] - Unable to call Test Case with id 'Test Cases/Smart Replies/TC0618' (Root cause: Call Test Case 'Test Cases/Smart Replies/TC0618' failed)

2019-04-26 13:06:31 - [MESSAGE][FAILED] - Unable to call Test Case with id 'Test Cases/Smart Replies/TC0619' (Root cause: Call Test Case 'Test Cases/Smart Replies/TC0619' failed)]]></system-out>
         <system-err><![CDATA[2019-04-26 13:05:59 - [TEST_CASE][FAILED] - Test Cases/Smart Replies/TC0622_n: Test Cases/Smart Replies/TC0622_n FAILED because (of) Unable to click on object 'Object Repository/Page_KiboPush  Dashboard/span_Dashboard' (Root cause: com.kms.katalon.core.webui.exception.WebElementNotFoundException: Web element with id: 'Object Repository/Page_KiboPush  Dashboard/span_Dashboard' located by 'By.xpath: //span[(text() = 'Dashboard' or . = 'Dashboard')]' not found)]]></system-err>
      </testcase>
      <testcase name="Test Cases/Smart Replies/TC0623" classname="Test Cases/Smart Replies/TC0623" status="FAILED">
         <failure type="FAILED" message="Unable to click on object 'Object Repository/Page_KiboPush  Dashboard/span_Dashboard' (Root cause: com.kms.katalon.core.webui.exception.WebElementNotFoundException: Web element with id: 'Object Repository/Page_KiboPush  Dashboard/span_Dashboard' located by 'By.xpath: //span[(text() = 'Dashboard' or . = 'Dashboard')]' not found)"/>
         <system-out><![CDATA[2019-04-26 13:06:31 - [TEST_CASE][FAILED] - Test Cases/Smart Replies/TC0623: Test Cases/Smart Replies/TC0623 FAILED because (of) Unable to click on object 'Object Repository/Page_KiboPush  Dashboard/span_Dashboard' (Root cause: com.kms.katalon.core.webui.exception.WebElementNotFoundException: Web element with id: 'Object Repository/Page_KiboPush  Dashboard/span_Dashboard' located by 'By.xpath: //span[(text() = 'Dashboard' or . = 'Dashboard')]' not found)

2019-04-26 13:06:31 - [TEST_STEP][FAILED] - callTestCase: Unable to call Test Case with id 'Test Cases/Smart Replies/TC0622' (Root cause: Call Test Case 'Test Cases/Smart Replies/TC0622' failed)

2019-04-26 13:06:31 - [TEST_CASE][FAILED] - Test Cases/Smart Replies/TC0622: Test Cases/Smart Replies/TC0622 FAILED because (of) Unable to click on object 'Object Repository/Page_KiboPush  Dashboard/span_Dashboard' (Root cause: com.kms.katalon.core.webui.exception.WebElementNotFoundException: Web element with id: 'Object Repository/Page_KiboPush  Dashboard/span_Dashboard' located by 'By.xpath: //span[(text() = 'Dashboard' or . = 'Dashboard')]' not found)

2019-04-26 13:06:31 - [TEST_STEP][FAILED] - callTestCase: Unable to call Test Case with id 'Test Cases/Smart Replies/TC0622_n' (Root cause: Call Test Case 'Test Cases/Smart Replies/TC0622_n' failed)

2019-04-26 13:06:32 - [TEST_CASE][FAILED] - Test Cases/Smart Replies/TC0622_n: Test Cases/Smart Replies/TC0622_n FAILED because (of) Unable to click on object 'Object Repository/Page_KiboPush  Dashboard/span_Dashboard' (Root cause: com.kms.katalon.core.webui.exception.WebElementNotFoundException: Web element with id: 'Object Repository/Page_KiboPush  Dashboard/span_Dashboard' located by 'By.xpath: //span[(text() = 'Dashboard' or . = 'Dashboard')]' not found)

2019-04-26 13:06:32 - [TEST_STEP][FAILED] - callTestCase: Unable to call Test Case with id 'Test Cases/Smart Replies/TC0619' (Root cause: Call Test Case 'Test Cases/Smart Replies/TC0619' failed)

2019-04-26 13:06:32 - [TEST_CASE][FAILED] - Test Cases/Smart Replies/TC0619: Test Cases/Smart Replies/TC0619 FAILED because (of) Unable to click on object 'Object Repository/Page_KiboPush  Dashboard/span_Dashboard' (Root cause: com.kms.katalon.core.webui.exception.WebElementNotFoundException: Web element with id: 'Object Repository/Page_KiboPush  Dashboard/span_Dashboard' located by 'By.xpath: //span[(text() = 'Dashboard' or . = 'Dashboard')]' not found)

2019-04-26 13:06:32 - [TEST_STEP][FAILED] - callTestCase: Unable to call Test Case with id 'Test Cases/Smart Replies/TC0618' (Root cause: Call Test Case 'Test Cases/Smart Replies/TC0618' failed)

2019-04-26 13:06:32 - [TEST_CASE][FAILED] - Test Cases/Smart Replies/TC0618: Test Cases/Smart Replies/TC0618 FAILED because (of) Unable to click on object 'Object Repository/Page_KiboPush  Dashboard/span_Dashboard' (Root cause: com.kms.katalon.core.webui.exception.WebElementNotFoundException: Web element with id: 'Object Repository/Page_KiboPush  Dashboard/span_Dashboard' located by 'By.xpath: //span[(text() = 'Dashboard' or . = 'Dashboard')]' not found)

2019-04-26 13:06:32 - [TEST_STEP][FAILED] - callTestCase: Unable to call Test Case with id 'Test Cases/s-sidebar_navigation/individualAccount/Smart Replies' (Root cause: Call Test Case 'Test Cases/s-sidebar_navigation/individualAccount/Smart Replies' failed)

2019-04-26 13:06:32 - [TEST_CASE][FAILED] - Test Cases/s-sidebar_navigation/individualAccount/Smart Replies: Test Cases/s-sidebar_navigation/individualAccount/Smart Replies FAILED because (of) Unable to click on object 'Object Repository/Page_KiboPush  Dashboard/span_Dashboard' (Root cause: com.kms.katalon.core.webui.exception.WebElementNotFoundException: Web element with id: 'Object Repository/Page_KiboPush  Dashboard/span_Dashboard' located by 'By.xpath: //span[(text() = 'Dashboard' or . = 'Dashboard')]' not found)

2019-04-26 13:06:32 - [TEST_STEP][FAILED] - click: Unable to click on object 'Object Repository/Page_KiboPush  Dashboard/span_Dashboard' (Root cause: com.kms.katalon.core.webui.exception.WebElementNotFoundException: Web element with id: 'Object Repository/Page_KiboPush  Dashboard/span_Dashboard' located by 'By.xpath: //span[(text() = 'Dashboard' or . = 'Dashboard')]' not found)

2019-04-26 13:07:03 - [MESSAGE][FAILED] - Unable to click on object 'Object Repository/Page_KiboPush  Dashboard/span_Dashboard' (Root cause: com.kms.katalon.core.webui.exception.WebElementNotFoundException: Web element with id: 'Object Repository/Page_KiboPush  Dashboard/span_Dashboard' located by 'By.xpath: //span[(text() = 'Dashboard' or . = 'Dashboard')]' not found)
[[ATTACHMENT|C:\\Users\\cloudkibo\\Desktop\\KiboPush_Automated_Testing\\KiboPush Katalon\\Reports\\smart replies\\20190426_120211\\1556266023655.png]]

2019-04-26 13:07:03 - [MESSAGE][FAILED] - Unable to call Test Case with id 'Test Cases/s-sidebar_navigation/individualAccount/Smart Replies' (Root cause: Call Test Case 'Test Cases/s-sidebar_navigation/individualAccount/Smart Replies' failed)

2019-04-26 13:07:03 - [MESSAGE][FAILED] - Unable to call Test Case with id 'Test Cases/Smart Replies/TC0618' (Root cause: Call Test Case 'Test Cases/Smart Replies/TC0618' failed)

2019-04-26 13:07:03 - [MESSAGE][FAILED] - Unable to call Test Case with id 'Test Cases/Smart Replies/TC0619' (Root cause: Call Test Case 'Test Cases/Smart Replies/TC0619' failed)

2019-04-26 13:07:03 - [MESSAGE][FAILED] - Unable to call Test Case with id 'Test Cases/Smart Replies/TC0622_n' (Root cause: Call Test Case 'Test Cases/Smart Replies/TC0622_n' failed)

2019-04-26 13:07:03 - [MESSAGE][FAILED] - Unable to call Test Case with id 'Test Cases/Smart Replies/TC0622' (Root cause: Call Test Case 'Test Cases/Smart Replies/TC0622' failed)]]></system-out>
         <system-err><![CDATA[2019-04-26 13:06:31 - [TEST_CASE][FAILED] - Test Cases/Smart Replies/TC0623: Test Cases/Smart Replies/TC0623 FAILED because (of) Unable to click on object 'Object Repository/Page_KiboPush  Dashboard/span_Dashboard' (Root cause: com.kms.katalon.core.webui.exception.WebElementNotFoundException: Web element with id: 'Object Repository/Page_KiboPush  Dashboard/span_Dashboard' located by 'By.xpath: //span[(text() = 'Dashboard' or . = 'Dashboard')]' not found)]]></system-err>
      </testcase>
      <testcase name="Test Cases/Smart Replies/TC0624" classname="Test Cases/Smart Replies/TC0624" status="FAILED">
         <failure type="FAILED" message="Unable to click on object 'Object Repository/Page_KiboPush  Dashboard/span_Dashboard' (Root cause: com.kms.katalon.core.webui.exception.WebElementNotFoundException: Web element with id: 'Object Repository/Page_KiboPush  Dashboard/span_Dashboard' located by 'By.xpath: //span[(text() = 'Dashboard' or . = 'Dashboard')]' not found)"/>
         <system-out><![CDATA[2019-04-26 13:07:03 - [TEST_CASE][FAILED] - Test Cases/Smart Replies/TC0624: Test Cases/Smart Replies/TC0624 FAILED because (of) Unable to click on object 'Object Repository/Page_KiboPush  Dashboard/span_Dashboard' (Root cause: com.kms.katalon.core.webui.exception.WebElementNotFoundException: Web element with id: 'Object Repository/Page_KiboPush  Dashboard/span_Dashboard' located by 'By.xpath: //span[(text() = 'Dashboard' or . = 'Dashboard')]' not found)

2019-04-26 13:07:04 - [TEST_STEP][FAILED] - callTestCase: Unable to call Test Case with id 'Test Cases/Smart Replies/TC0621' (Root cause: Call Test Case 'Test Cases/Smart Replies/TC0621' failed)

2019-04-26 13:07:04 - [TEST_CASE][FAILED] - Test Cases/Smart Replies/TC0621: Test Cases/Smart Replies/TC0621 FAILED because (of) Unable to click on object 'Object Repository/Page_KiboPush  Dashboard/span_Dashboard' (Root cause: com.kms.katalon.core.webui.exception.WebElementNotFoundException: Web element with id: 'Object Repository/Page_KiboPush  Dashboard/span_Dashboard' located by 'By.xpath: //span[(text() = 'Dashboard' or . = 'Dashboard')]' not found)

2019-04-26 13:07:04 - [TEST_STEP][FAILED] - callTestCase: Unable to call Test Case with id 'Test Cases/Smart Replies/TC0619' (Root cause: Call Test Case 'Test Cases/Smart Replies/TC0619' failed)

2019-04-26 13:07:04 - [TEST_CASE][FAILED] - Test Cases/Smart Replies/TC0619: Test Cases/Smart Replies/TC0619 FAILED because (of) Unable to click on object 'Object Repository/Page_KiboPush  Dashboard/span_Dashboard' (Root cause: com.kms.katalon.core.webui.exception.WebElementNotFoundException: Web element with id: 'Object Repository/Page_KiboPush  Dashboard/span_Dashboard' located by 'By.xpath: //span[(text() = 'Dashboard' or . = 'Dashboard')]' not found)

2019-04-26 13:07:04 - [TEST_STEP][FAILED] - callTestCase: Unable to call Test Case with id 'Test Cases/Smart Replies/TC0618' (Root cause: Call Test Case 'Test Cases/Smart Replies/TC0618' failed)

2019-04-26 13:07:04 - [TEST_CASE][FAILED] - Test Cases/Smart Replies/TC0618: Test Cases/Smart Replies/TC0618 FAILED because (of) Unable to click on object 'Object Repository/Page_KiboPush  Dashboard/span_Dashboard' (Root cause: com.kms.katalon.core.webui.exception.WebElementNotFoundException: Web element with id: 'Object Repository/Page_KiboPush  Dashboard/span_Dashboard' located by 'By.xpath: //span[(text() = 'Dashboard' or . = 'Dashboard')]' not found)

2019-04-26 13:07:04 - [TEST_STEP][FAILED] - callTestCase: Unable to call Test Case with id 'Test Cases/s-sidebar_navigation/individualAccount/Smart Replies' (Root cause: Call Test Case 'Test Cases/s-sidebar_navigation/individualAccount/Smart Replies' failed)

2019-04-26 13:07:04 - [TEST_CASE][FAILED] - Test Cases/s-sidebar_navigation/individualAccount/Smart Replies: Test Cases/s-sidebar_navigation/individualAccount/Smart Replies FAILED because (of) Unable to click on object 'Object Repository/Page_KiboPush  Dashboard/span_Dashboard' (Root cause: com.kms.katalon.core.webui.exception.WebElementNotFoundException: Web element with id: 'Object Repository/Page_KiboPush  Dashboard/span_Dashboard' located by 'By.xpath: //span[(text() = 'Dashboard' or . = 'Dashboard')]' not found)

2019-04-26 13:07:04 - [TEST_STEP][FAILED] - click: Unable to click on object 'Object Repository/Page_KiboPush  Dashboard/span_Dashboard' (Root cause: com.kms.katalon.core.webui.exception.WebElementNotFoundException: Web element with id: 'Object Repository/Page_KiboPush  Dashboard/span_Dashboard' located by 'By.xpath: //span[(text() = 'Dashboard' or . = 'Dashboard')]' not found)

2019-04-26 13:07:36 - [MESSAGE][FAILED] - Unable to click on object 'Object Repository/Page_KiboPush  Dashboard/span_Dashboard' (Root cause: com.kms.katalon.core.webui.exception.WebElementNotFoundException: Web element with id: 'Object Repository/Page_KiboPush  Dashboard/span_Dashboard' located by 'By.xpath: //span[(text() = 'Dashboard' or . = 'Dashboard')]' not found)
[[ATTACHMENT|C:\\Users\\cloudkibo\\Desktop\\KiboPush_Automated_Testing\\KiboPush Katalon\\Reports\\smart replies\\20190426_120211\\1556266056100.png]]

2019-04-26 13:07:36 - [MESSAGE][FAILED] - Unable to call Test Case with id 'Test Cases/s-sidebar_navigation/individualAccount/Smart Replies' (Root cause: Call Test Case 'Test Cases/s-sidebar_navigation/individualAccount/Smart Replies' failed)

2019-04-26 13:07:36 - [MESSAGE][FAILED] - Unable to call Test Case with id 'Test Cases/Smart Replies/TC0618' (Root cause: Call Test Case 'Test Cases/Smart Replies/TC0618' failed)

2019-04-26 13:07:36 - [MESSAGE][FAILED] - Unable to call Test Case with id 'Test Cases/Smart Replies/TC0619' (Root cause: Call Test Case 'Test Cases/Smart Replies/TC0619' failed)

2019-04-26 13:07:36 - [MESSAGE][FAILED] - Unable to call Test Case with id 'Test Cases/Smart Replies/TC0621' (Root cause: Call Test Case 'Test Cases/Smart Replies/TC0621' failed)]]></system-out>
         <system-err><![CDATA[2019-04-26 13:07:03 - [TEST_CASE][FAILED] - Test Cases/Smart Replies/TC0624: Test Cases/Smart Replies/TC0624 FAILED because (of) Unable to click on object 'Object Repository/Page_KiboPush  Dashboard/span_Dashboard' (Root cause: com.kms.katalon.core.webui.exception.WebElementNotFoundException: Web element with id: 'Object Repository/Page_KiboPush  Dashboard/span_Dashboard' located by 'By.xpath: //span[(text() = 'Dashboard' or . = 'Dashboard')]' not found)]]></system-err>
      </testcase>
      <testcase name="Test Cases/Smart Replies/Test-Actions-Button" classname="Test Cases/Smart Replies/Test-Actions-Button" status="FAILED">
         <failure type="FAILED" message="Unable to click on object 'Object Repository/Page_KiboPush  Dashboard/span_Dashboard' (Root cause: com.kms.katalon.core.webui.exception.WebElementNotFoundException: Web element with id: 'Object Repository/Page_KiboPush  Dashboard/span_Dashboard' located by 'By.xpath: //span[(text() = 'Dashboard' or . = 'Dashboard')]' not found)"/>
         <system-out><![CDATA[2019-04-26 13:07:36 - [TEST_CASE][FAILED] - Test Cases/Smart Replies/Test-Actions-Button: Test Cases/Smart Replies/Test-Actions-Button FAILED because (of) Unable to click on object 'Object Repository/Page_KiboPush  Dashboard/span_Dashboard' (Root cause: com.kms.katalon.core.webui.exception.WebElementNotFoundException: Web element with id: 'Object Repository/Page_KiboPush  Dashboard/span_Dashboard' located by 'By.xpath: //span[(text() = 'Dashboard' or . = 'Dashboard')]' not found)

2019-04-26 13:07:39 - [TEST_STEP][FAILED] - callTestCase: Unable to call Test Case with id 'Test Cases/s-sidebar_navigation/individualAccount/Smart Replies' (Root cause: Call Test Case 'Test Cases/s-sidebar_navigation/individualAccount/Smart Replies' failed)

2019-04-26 13:07:39 - [TEST_CASE][FAILED] - Test Cases/s-sidebar_navigation/individualAccount/Smart Replies: Test Cases/s-sidebar_navigation/individualAccount/Smart Replies FAILED because (of) Unable to click on object 'Object Repository/Page_KiboPush  Dashboard/span_Dashboard' (Root cause: com.kms.katalon.core.webui.exception.WebElementNotFoundException: Web element with id: 'Object Repository/Page_KiboPush  Dashboard/span_Dashboard' located by 'By.xpath: //span[(text() = 'Dashboard' or . = 'Dashboard')]' not found)

2019-04-26 13:07:39 - [TEST_STEP][FAILED] - click: Unable to click on object 'Object Repository/Page_KiboPush  Dashboard/span_Dashboard' (Root cause: com.kms.katalon.core.webui.exception.WebElementNotFoundException: Web element with id: 'Object Repository/Page_KiboPush  Dashboard/span_Dashboard' located by 'By.xpath: //span[(text() = 'Dashboard' or . = 'Dashboard')]' not found)

2019-04-26 13:08:11 - [MESSAGE][FAILED] - Unable to click on object 'Object Repository/Page_KiboPush  Dashboard/span_Dashboard' (Root cause: com.kms.katalon.core.webui.exception.WebElementNotFoundException: Web element with id: 'Object Repository/Page_KiboPush  Dashboard/span_Dashboard' located by 'By.xpath: //span[(text() = 'Dashboard' or . = 'Dashboard')]' not found)
[[ATTACHMENT|C:\\Users\\cloudkibo\\Desktop\\KiboPush_Automated_Testing\\KiboPush Katalon\\Reports\\smart replies\\20190426_120211\\1556266091062.png]]

2019-04-26 13:08:11 - [MESSAGE][FAILED] - Unable to call Test Case with id 'Test Cases/s-sidebar_navigation/individualAccount/Smart Replies' (Root cause: Call Test Case 'Test Cases/s-sidebar_navigation/individualAccount/Smart Replies' failed)]]></system-out>
         <system-err><![CDATA[2019-04-26 13:07:36 - [TEST_CASE][FAILED] - Test Cases/Smart Replies/Test-Actions-Button: Test Cases/Smart Replies/Test-Actions-Button FAILED because (of) Unable to click on object 'Object Repository/Page_KiboPush  Dashboard/span_Dashboard' (Root cause: com.kms.katalon.core.webui.exception.WebElementNotFoundException: Web element with id: 'Object Repository/Page_KiboPush  Dashboard/span_Dashboard' located by 'By.xpath: //span[(text() = 'Dashboard' or . = 'Dashboard')]' not found)]]></system-err>
      </testcase>
      <testcase name="Test Cases/Smart Replies/TC0624 - delete" classname="Test Cases/Smart Replies/TC0624 - delete" status="FAILED">
         <failure type="FAILED" message="Unable to click on object 'Object Repository/Page_KiboPush  Dashboard/span_Dashboard' (Root cause: com.kms.katalon.core.webui.exception.WebElementNotFoundException: Web element with id: 'Object Repository/Page_KiboPush  Dashboard/span_Dashboard' located by 'By.xpath: //span[(text() = 'Dashboard' or . = 'Dashboard')]' not found)"/>
         <system-out><![CDATA[2019-04-26 13:08:11 - [TEST_CASE][FAILED] - Test Cases/Smart Replies/TC0624 - delete: Test Cases/Smart Replies/TC0624 - delete FAILED because (of) Unable to click on object 'Object Repository/Page_KiboPush  Dashboard/span_Dashboard' (Root cause: com.kms.katalon.core.webui.exception.WebElementNotFoundException: Web element with id: 'Object Repository/Page_KiboPush  Dashboard/span_Dashboard' located by 'By.xpath: //span[(text() = 'Dashboard' or . = 'Dashboard')]' not found)

2019-04-26 13:08:11 - [TEST_STEP][FAILED] - callTestCase: Unable to call Test Case with id 'Test Cases/Smart Replies/Test-Actions-Button' (Root cause: Call Test Case 'Test Cases/Smart Replies/Test-Actions-Button' failed)

2019-04-26 13:08:11 - [TEST_CASE][FAILED] - Test Cases/Smart Replies/Test-Actions-Button: Test Cases/Smart Replies/Test-Actions-Button FAILED because (of) Unable to click on object 'Object Repository/Page_KiboPush  Dashboard/span_Dashboard' (Root cause: com.kms.katalon.core.webui.exception.WebElementNotFoundException: Web element with id: 'Object Repository/Page_KiboPush  Dashboard/span_Dashboard' located by 'By.xpath: //span[(text() = 'Dashboard' or . = 'Dashboard')]' not found)

2019-04-26 13:08:11 - [TEST_STEP][FAILED] - callTestCase: Unable to call Test Case with id 'Test Cases/s-sidebar_navigation/individualAccount/Smart Replies' (Root cause: Call Test Case 'Test Cases/s-sidebar_navigation/individualAccount/Smart Replies' failed)

2019-04-26 13:08:11 - [TEST_CASE][FAILED] - Test Cases/s-sidebar_navigation/individualAccount/Smart Replies: Test Cases/s-sidebar_navigation/individualAccount/Smart Replies FAILED because (of) Unable to click on object 'Object Repository/Page_KiboPush  Dashboard/span_Dashboard' (Root cause: com.kms.katalon.core.webui.exception.WebElementNotFoundException: Web element with id: 'Object Repository/Page_KiboPush  Dashboard/span_Dashboard' located by 'By.xpath: //span[(text() = 'Dashboard' or . = 'Dashboard')]' not found)

2019-04-26 13:08:11 - [TEST_STEP][FAILED] - click: Unable to click on object 'Object Repository/Page_KiboPush  Dashboard/span_Dashboard' (Root cause: com.kms.katalon.core.webui.exception.WebElementNotFoundException: Web element with id: 'Object Repository/Page_KiboPush  Dashboard/span_Dashboard' located by 'By.xpath: //span[(text() = 'Dashboard' or . = 'Dashboard')]' not found)

2019-04-26 13:08:43 - [MESSAGE][FAILED] - Unable to click on object 'Object Repository/Page_KiboPush  Dashboard/span_Dashboard' (Root cause: com.kms.katalon.core.webui.exception.WebElementNotFoundException: Web element with id: 'Object Repository/Page_KiboPush  Dashboard/span_Dashboard' located by 'By.xpath: //span[(text() = 'Dashboard' or . = 'Dashboard')]' not found)
[[ATTACHMENT|C:\\Users\\cloudkibo\\Desktop\\KiboPush_Automated_Testing\\KiboPush Katalon\\Reports\\smart replies\\20190426_120211\\1556266123218.png]]

2019-04-26 13:08:43 - [MESSAGE][FAILED] - Unable to call Test Case with id 'Test Cases/s-sidebar_navigation/individualAccount/Smart Replies' (Root cause: Call Test Case 'Test Cases/s-sidebar_navigation/individualAccount/Smart Replies' failed)

2019-04-26 13:08:43 - [MESSAGE][FAILED] - Unable to call Test Case with id 'Test Cases/Smart Replies/Test-Actions-Button' (Root cause: Call Test Case 'Test Cases/Smart Replies/Test-Actions-Button' failed)]]></system-out>
         <system-err><![CDATA[2019-04-26 13:08:11 - [TEST_CASE][FAILED] - Test Cases/Smart Replies/TC0624 - delete: Test Cases/Smart Replies/TC0624 - delete FAILED because (of) Unable to click on object 'Object Repository/Page_KiboPush  Dashboard/span_Dashboard' (Root cause: com.kms.katalon.core.webui.exception.WebElementNotFoundException: Web element with id: 'Object Repository/Page_KiboPush  Dashboard/span_Dashboard' located by 'By.xpath: //span[(text() = 'Dashboard' or . = 'Dashboard')]' not found)]]></system-err>
      </testcase>
      <testcase name="Test Cases/Smart Replies/TC0625" classname="Test Cases/Smart Replies/TC0625" status="FAILED">
         <failure type="FAILED" message="Unable to click on object 'Object Repository/Page_KiboPush  Dashboard/span_Dashboard' (Root cause: com.kms.katalon.core.webui.exception.WebElementNotFoundException: Web element with id: 'Object Repository/Page_KiboPush  Dashboard/span_Dashboard' located by 'By.xpath: //span[(text() = 'Dashboard' or . = 'Dashboard')]' not found)"/>
         <system-out><![CDATA[2019-04-26 13:08:43 - [TEST_CASE][FAILED] - Test Cases/Smart Replies/TC0625: Test Cases/Smart Replies/TC0625 FAILED because (of) Unable to click on object 'Object Repository/Page_KiboPush  Dashboard/span_Dashboard' (Root cause: com.kms.katalon.core.webui.exception.WebElementNotFoundException: Web element with id: 'Object Repository/Page_KiboPush  Dashboard/span_Dashboard' located by 'By.xpath: //span[(text() = 'Dashboard' or . = 'Dashboard')]' not found)

2019-04-26 13:08:43 - [TEST_STEP][FAILED] - callTestCase: Unable to call Test Case with id 'Test Cases/Smart Replies/TC0618' (Root cause: Call Test Case 'Test Cases/Smart Replies/TC0618' failed)

2019-04-26 13:08:43 - [TEST_CASE][FAILED] - Test Cases/Smart Replies/TC0618: Test Cases/Smart Replies/TC0618 FAILED because (of) Unable to click on object 'Object Repository/Page_KiboPush  Dashboard/span_Dashboard' (Root cause: com.kms.katalon.core.webui.exception.WebElementNotFoundException: Web element with id: 'Object Repository/Page_KiboPush  Dashboard/span_Dashboard' located by 'By.xpath: //span[(text() = 'Dashboard' or . = 'Dashboard')]' not found)

2019-04-26 13:08:43 - [TEST_STEP][FAILED] - callTestCase: Unable to call Test Case with id 'Test Cases/s-sidebar_navigation/individualAccount/Smart Replies' (Root cause: Call Test Case 'Test Cases/s-sidebar_navigation/individualAccount/Smart Replies' failed)

2019-04-26 13:08:43 - [TEST_CASE][FAILED] - Test Cases/s-sidebar_navigation/individualAccount/Smart Replies: Test Cases/s-sidebar_navigation/individualAccount/Smart Replies FAILED because (of) Unable to click on object 'Object Repository/Page_KiboPush  Dashboard/span_Dashboard' (Root cause: com.kms.katalon.core.webui.exception.WebElementNotFoundException: Web element with id: 'Object Repository/Page_KiboPush  Dashboard/span_Dashboard' located by 'By.xpath: //span[(text() = 'Dashboard' or . = 'Dashboard')]' not found)

2019-04-26 13:08:43 - [TEST_STEP][FAILED] - click: Unable to click on object 'Object Repository/Page_KiboPush  Dashboard/span_Dashboard' (Root cause: com.kms.katalon.core.webui.exception.WebElementNotFoundException: Web element with id: 'Object Repository/Page_KiboPush  Dashboard/span_Dashboard' located by 'By.xpath: //span[(text() = 'Dashboard' or . = 'Dashboard')]' not found)

2019-04-26 13:09:15 - [MESSAGE][FAILED] - Unable to click on object 'Object Repository/Page_KiboPush  Dashboard/span_Dashboard' (Root cause: com.kms.katalon.core.webui.exception.WebElementNotFoundException: Web element with id: 'Object Repository/Page_KiboPush  Dashboard/span_Dashboard' located by 'By.xpath: //span[(text() = 'Dashboard' or . = 'Dashboard')]' not found)
[[ATTACHMENT|C:\\Users\\cloudkibo\\Desktop\\KiboPush_Automated_Testing\\KiboPush Katalon\\Reports\\smart replies\\20190426_120211\\1556266155577.png]]

2019-04-26 13:09:15 - [MESSAGE][FAILED] - Unable to call Test Case with id 'Test Cases/s-sidebar_navigation/individualAccount/Smart Replies' (Root cause: Call Test Case 'Test Cases/s-sidebar_navigation/individualAccount/Smart Replies' failed)

2019-04-26 13:09:15 - [MESSAGE][FAILED] - Unable to call Test Case with id 'Test Cases/Smart Replies/TC0618' (Root cause: Call Test Case 'Test Cases/Smart Replies/TC0618' failed)]]></system-out>
         <system-err><![CDATA[2019-04-26 13:08:43 - [TEST_CASE][FAILED] - Test Cases/Smart Replies/TC0625: Test Cases/Smart Replies/TC0625 FAILED because (of) Unable to click on object 'Object Repository/Page_KiboPush  Dashboard/span_Dashboard' (Root cause: com.kms.katalon.core.webui.exception.WebElementNotFoundException: Web element with id: 'Object Repository/Page_KiboPush  Dashboard/span_Dashboard' located by 'By.xpath: //span[(text() = 'Dashboard' or . = 'Dashboard')]' not found)]]></system-err>
      </testcase>
      <testcase name="Test Cases/Smart Replies/TC0626" classname="Test Cases/Smart Replies/TC0626" status="FAILED">
         <failure type="FAILED" message="Unable to click on object 'Object Repository/Page_KiboPush  Dashboard/span_Dashboard' (Root cause: com.kms.katalon.core.webui.exception.WebElementNotFoundException: Web element with id: 'Object Repository/Page_KiboPush  Dashboard/span_Dashboard' located by 'By.xpath: //span[(text() = 'Dashboard' or . = 'Dashboard')]' not found)"/>
         <system-out><![CDATA[2019-04-26 13:09:15 - [TEST_CASE][FAILED] - Test Cases/Smart Replies/TC0626: Test Cases/Smart Replies/TC0626 FAILED because (of) Unable to click on object 'Object Repository/Page_KiboPush  Dashboard/span_Dashboard' (Root cause: com.kms.katalon.core.webui.exception.WebElementNotFoundException: Web element with id: 'Object Repository/Page_KiboPush  Dashboard/span_Dashboard' located by 'By.xpath: //span[(text() = 'Dashboard' or . = 'Dashboard')]' not found)

2019-04-26 13:09:16 - [TEST_STEP][FAILED] - callTestCase: Unable to call Test Case with id 'Test Cases/Smart Replies/TC0619' (Root cause: Call Test Case 'Test Cases/Smart Replies/TC0619' failed)

2019-04-26 13:09:16 - [TEST_CASE][FAILED] - Test Cases/Smart Replies/TC0619: Test Cases/Smart Replies/TC0619 FAILED because (of) Unable to click on object 'Object Repository/Page_KiboPush  Dashboard/span_Dashboard' (Root cause: com.kms.katalon.core.webui.exception.WebElementNotFoundException: Web element with id: 'Object Repository/Page_KiboPush  Dashboard/span_Dashboard' located by 'By.xpath: //span[(text() = 'Dashboard' or . = 'Dashboard')]' not found)

2019-04-26 13:09:16 - [TEST_STEP][FAILED] - callTestCase: Unable to call Test Case with id 'Test Cases/Smart Replies/TC0618' (Root cause: Call Test Case 'Test Cases/Smart Replies/TC0618' failed)

2019-04-26 13:09:16 - [TEST_CASE][FAILED] - Test Cases/Smart Replies/TC0618: Test Cases/Smart Replies/TC0618 FAILED because (of) Unable to click on object 'Object Repository/Page_KiboPush  Dashboard/span_Dashboard' (Root cause: com.kms.katalon.core.webui.exception.WebElementNotFoundException: Web element with id: 'Object Repository/Page_KiboPush  Dashboard/span_Dashboard' located by 'By.xpath: //span[(text() = 'Dashboard' or . = 'Dashboard')]' not found)

2019-04-26 13:09:16 - [TEST_STEP][FAILED] - callTestCase: Unable to call Test Case with id 'Test Cases/s-sidebar_navigation/individualAccount/Smart Replies' (Root cause: Call Test Case 'Test Cases/s-sidebar_navigation/individualAccount/Smart Replies' failed)

2019-04-26 13:09:16 - [TEST_CASE][FAILED] - Test Cases/s-sidebar_navigation/individualAccount/Smart Replies: Test Cases/s-sidebar_navigation/individualAccount/Smart Replies FAILED because (of) Unable to click on object 'Object Repository/Page_KiboPush  Dashboard/span_Dashboard' (Root cause: com.kms.katalon.core.webui.exception.WebElementNotFoundException: Web element with id: 'Object Repository/Page_KiboPush  Dashboard/span_Dashboard' located by 'By.xpath: //span[(text() = 'Dashboard' or . = 'Dashboard')]' not found)

2019-04-26 13:09:16 - [TEST_STEP][FAILED] - click: Unable to click on object 'Object Repository/Page_KiboPush  Dashboard/span_Dashboard' (Root cause: com.kms.katalon.core.webui.exception.WebElementNotFoundException: Web element with id: 'Object Repository/Page_KiboPush  Dashboard/span_Dashboard' located by 'By.xpath: //span[(text() = 'Dashboard' or . = 'Dashboard')]' not found)

2019-04-26 13:09:48 - [MESSAGE][FAILED] - Unable to click on object 'Object Repository/Page_KiboPush  Dashboard/span_Dashboard' (Root cause: com.kms.katalon.core.webui.exception.WebElementNotFoundException: Web element with id: 'Object Repository/Page_KiboPush  Dashboard/span_Dashboard' located by 'By.xpath: //span[(text() = 'Dashboard' or . = 'Dashboard')]' not found)
[[ATTACHMENT|C:\\Users\\cloudkibo\\Desktop\\KiboPush_Automated_Testing\\KiboPush Katalon\\Reports\\smart replies\\20190426_120211\\1556266187735.png]]

2019-04-26 13:09:48 - [MESSAGE][FAILED] - Unable to call Test Case with id 'Test Cases/s-sidebar_navigation/individualAccount/Smart Replies' (Root cause: Call Test Case 'Test Cases/s-sidebar_navigation/individualAccount/Smart Replies' failed)

2019-04-26 13:09:48 - [MESSAGE][FAILED] - Unable to call Test Case with id 'Test Cases/Smart Replies/TC0618' (Root cause: Call Test Case 'Test Cases/Smart Replies/TC0618' failed)

2019-04-26 13:09:48 - [MESSAGE][FAILED] - Unable to call Test Case with id 'Test Cases/Smart Replies/TC0619' (Root cause: Call Test Case 'Test Cases/Smart Replies/TC0619' failed)]]></system-out>
         <system-err><![CDATA[2019-04-26 13:09:15 - [TEST_CASE][FAILED] - Test Cases/Smart Replies/TC0626: Test Cases/Smart Replies/TC0626 FAILED because (of) Unable to click on object 'Object Repository/Page_KiboPush  Dashboard/span_Dashboard' (Root cause: com.kms.katalon.core.webui.exception.WebElementNotFoundException: Web element with id: 'Object Repository/Page_KiboPush  Dashboard/span_Dashboard' located by 'By.xpath: //span[(text() = 'Dashboard' or . = 'Dashboard')]' not found)]]></system-err>
      </testcase>
      <testcase name="Test Cases/Smart Replies/TC0627" classname="Test Cases/Smart Replies/TC0627" status="FAILED">
         <failure type="FAILED" message="Unable to click on object 'Object Repository/Page_KiboPush  Dashboard/span_Dashboard' (Root cause: com.kms.katalon.core.webui.exception.WebElementNotFoundException: Web element with id: 'Object Repository/Page_KiboPush  Dashboard/span_Dashboard' located by 'By.xpath: //span[(text() = 'Dashboard' or . = 'Dashboard')]' not found)"/>
         <system-out><![CDATA[2019-04-26 13:09:48 - [TEST_CASE][FAILED] - Test Cases/Smart Replies/TC0627: Test Cases/Smart Replies/TC0627 FAILED because (of) Unable to click on object 'Object Repository/Page_KiboPush  Dashboard/span_Dashboard' (Root cause: com.kms.katalon.core.webui.exception.WebElementNotFoundException: Web element with id: 'Object Repository/Page_KiboPush  Dashboard/span_Dashboard' located by 'By.xpath: //span[(text() = 'Dashboard' or . = 'Dashboard')]' not found)

2019-04-26 13:09:48 - [TEST_STEP][FAILED] - callTestCase: Unable to call Test Case with id 'Test Cases/Smart Replies/TC0626' (Root cause: Call Test Case 'Test Cases/Smart Replies/TC0626' failed)

2019-04-26 13:09:48 - [TEST_CASE][FAILED] - Test Cases/Smart Replies/TC0626: Test Cases/Smart Replies/TC0626 FAILED because (of) Unable to click on object 'Object Repository/Page_KiboPush  Dashboard/span_Dashboard' (Root cause: com.kms.katalon.core.webui.exception.WebElementNotFoundException: Web element with id: 'Object Repository/Page_KiboPush  Dashboard/span_Dashboard' located by 'By.xpath: //span[(text() = 'Dashboard' or . = 'Dashboard')]' not found)

2019-04-26 13:09:48 - [TEST_STEP][FAILED] - callTestCase: Unable to call Test Case with id 'Test Cases/Smart Replies/TC0619' (Root cause: Call Test Case 'Test Cases/Smart Replies/TC0619' failed)

2019-04-26 13:09:48 - [TEST_CASE][FAILED] - Test Cases/Smart Replies/TC0619: Test Cases/Smart Replies/TC0619 FAILED because (of) Unable to click on object 'Object Repository/Page_KiboPush  Dashboard/span_Dashboard' (Root cause: com.kms.katalon.core.webui.exception.WebElementNotFoundException: Web element with id: 'Object Repository/Page_KiboPush  Dashboard/span_Dashboard' located by 'By.xpath: //span[(text() = 'Dashboard' or . = 'Dashboard')]' not found)

2019-04-26 13:09:48 - [TEST_STEP][FAILED] - callTestCase: Unable to call Test Case with id 'Test Cases/Smart Replies/TC0618' (Root cause: Call Test Case 'Test Cases/Smart Replies/TC0618' failed)

2019-04-26 13:09:48 - [TEST_CASE][FAILED] - Test Cases/Smart Replies/TC0618: Test Cases/Smart Replies/TC0618 FAILED because (of) Unable to click on object 'Object Repository/Page_KiboPush  Dashboard/span_Dashboard' (Root cause: com.kms.katalon.core.webui.exception.WebElementNotFoundException: Web element with id: 'Object Repository/Page_KiboPush  Dashboard/span_Dashboard' located by 'By.xpath: //span[(text() = 'Dashboard' or . = 'Dashboard')]' not found)

2019-04-26 13:09:48 - [TEST_STEP][FAILED] - callTestCase: Unable to call Test Case with id 'Test Cases/s-sidebar_navigation/individualAccount/Smart Replies' (Root cause: Call Test Case 'Test Cases/s-sidebar_navigation/individualAccount/Smart Replies' failed)

2019-04-26 13:09:48 - [TEST_CASE][FAILED] - Test Cases/s-sidebar_navigation/individualAccount/Smart Replies: Test Cases/s-sidebar_navigation/individualAccount/Smart Replies FAILED because (of) Unable to click on object 'Object Repository/Page_KiboPush  Dashboard/span_Dashboard' (Root cause: com.kms.katalon.core.webui.exception.WebElementNotFoundException: Web element with id: 'Object Repository/Page_KiboPush  Dashboard/span_Dashboard' located by 'By.xpath: //span[(text() = 'Dashboard' or . = 'Dashboard')]' not found)

2019-04-26 13:09:48 - [TEST_STEP][FAILED] - click: Unable to click on object 'Object Repository/Page_KiboPush  Dashboard/span_Dashboard' (Root cause: com.kms.katalon.core.webui.exception.WebElementNotFoundException: Web element with id: 'Object Repository/Page_KiboPush  Dashboard/span_Dashboard' located by 'By.xpath: //span[(text() = 'Dashboard' or . = 'Dashboard')]' not found)

2019-04-26 13:10:20 - [MESSAGE][FAILED] - Unable to click on object 'Object Repository/Page_KiboPush  Dashboard/span_Dashboard' (Root cause: com.kms.katalon.core.webui.exception.WebElementNotFoundException: Web element with id: 'Object Repository/Page_KiboPush  Dashboard/span_Dashboard' located by 'By.xpath: //span[(text() = 'Dashboard' or . = 'Dashboard')]' not found)
[[ATTACHMENT|C:\\Users\\cloudkibo\\Desktop\\KiboPush_Automated_Testing\\KiboPush Katalon\\Reports\\smart replies\\20190426_120211\\1556266219775.png]]

2019-04-26 13:10:20 - [MESSAGE][FAILED] - Unable to call Test Case with id 'Test Cases/s-sidebar_navigation/individualAccount/Smart Replies' (Root cause: Call Test Case 'Test Cases/s-sidebar_navigation/individualAccount/Smart Replies' failed)

2019-04-26 13:10:20 - [MESSAGE][FAILED] - Unable to call Test Case with id 'Test Cases/Smart Replies/TC0618' (Root cause: Call Test Case 'Test Cases/Smart Replies/TC0618' failed)

2019-04-26 13:10:20 - [MESSAGE][FAILED] - Unable to call Test Case with id 'Test Cases/Smart Replies/TC0619' (Root cause: Call Test Case 'Test Cases/Smart Replies/TC0619' failed)

2019-04-26 13:10:20 - [MESSAGE][FAILED] - Unable to call Test Case with id 'Test Cases/Smart Replies/TC0626' (Root cause: Call Test Case 'Test Cases/Smart Replies/TC0626' failed)]]></system-out>
         <system-err><![CDATA[2019-04-26 13:09:48 - [TEST_CASE][FAILED] - Test Cases/Smart Replies/TC0627: Test Cases/Smart Replies/TC0627 FAILED because (of) Unable to click on object 'Object Repository/Page_KiboPush  Dashboard/span_Dashboard' (Root cause: com.kms.katalon.core.webui.exception.WebElementNotFoundException: Web element with id: 'Object Repository/Page_KiboPush  Dashboard/span_Dashboard' located by 'By.xpath: //span[(text() = 'Dashboard' or . = 'Dashboard')]' not found)]]></system-err>
      </testcase>
      <testcase name="Test Cases/Smart Replies/TC0629" classname="Test Cases/Smart Replies/TC0629" status="FAILED">
         <failure type="FAILED" message="Unable to click on object 'Object Repository/Page_KiboPush  Dashboard/span_Dashboard' (Root cause: com.kms.katalon.core.webui.exception.WebElementNotFoundException: Web element with id: 'Object Repository/Page_KiboPush  Dashboard/span_Dashboard' located by 'By.xpath: //span[(text() = 'Dashboard' or . = 'Dashboard')]' not found)"/>
         <system-out><![CDATA[2019-04-26 13:10:20 - [TEST_CASE][FAILED] - Test Cases/Smart Replies/TC0629: Test Cases/Smart Replies/TC0629 FAILED because (of) Unable to click on object 'Object Repository/Page_KiboPush  Dashboard/span_Dashboard' (Root cause: com.kms.katalon.core.webui.exception.WebElementNotFoundException: Web element with id: 'Object Repository/Page_KiboPush  Dashboard/span_Dashboard' located by 'By.xpath: //span[(text() = 'Dashboard' or . = 'Dashboard')]' not found)

2019-04-26 13:10:20 - [TEST_STEP][FAILED] - callTestCase: Unable to call Test Case with id 'Test Cases/s-sidebar_navigation/individualAccount/Smart Replies' (Root cause: Call Test Case 'Test Cases/s-sidebar_navigation/individualAccount/Smart Replies' failed)

2019-04-26 13:10:20 - [TEST_CASE][FAILED] - Test Cases/s-sidebar_navigation/individualAccount/Smart Replies: Test Cases/s-sidebar_navigation/individualAccount/Smart Replies FAILED because (of) Unable to click on object 'Object Repository/Page_KiboPush  Dashboard/span_Dashboard' (Root cause: com.kms.katalon.core.webui.exception.WebElementNotFoundException: Web element with id: 'Object Repository/Page_KiboPush  Dashboard/span_Dashboard' located by 'By.xpath: //span[(text() = 'Dashboard' or . = 'Dashboard')]' not found)

2019-04-26 13:10:20 - [TEST_STEP][FAILED] - click: Unable to click on object 'Object Repository/Page_KiboPush  Dashboard/span_Dashboard' (Root cause: com.kms.katalon.core.webui.exception.WebElementNotFoundException: Web element with id: 'Object Repository/Page_KiboPush  Dashboard/span_Dashboard' located by 'By.xpath: //span[(text() = 'Dashboard' or . = 'Dashboard')]' not found)

2019-04-26 13:10:52 - [MESSAGE][FAILED] - Unable to click on object 'Object Repository/Page_KiboPush  Dashboard/span_Dashboard' (Root cause: com.kms.katalon.core.webui.exception.WebElementNotFoundException: Web element with id: 'Object Repository/Page_KiboPush  Dashboard/span_Dashboard' located by 'By.xpath: //span[(text() = 'Dashboard' or . = 'Dashboard')]' not found)
[[ATTACHMENT|C:\\Users\\cloudkibo\\Desktop\\KiboPush_Automated_Testing\\KiboPush Katalon\\Reports\\smart replies\\20190426_120211\\1556266251997.png]]

2019-04-26 13:10:52 - [MESSAGE][FAILED] - Unable to call Test Case with id 'Test Cases/s-sidebar_navigation/individualAccount/Smart Replies' (Root cause: Call Test Case 'Test Cases/s-sidebar_navigation/individualAccount/Smart Replies' failed)]]></system-out>
         <system-err><![CDATA[2019-04-26 13:10:20 - [TEST_CASE][FAILED] - Test Cases/Smart Replies/TC0629: Test Cases/Smart Replies/TC0629 FAILED because (of) Unable to click on object 'Object Repository/Page_KiboPush  Dashboard/span_Dashboard' (Root cause: com.kms.katalon.core.webui.exception.WebElementNotFoundException: Web element with id: 'Object Repository/Page_KiboPush  Dashboard/span_Dashboard' located by 'By.xpath: //span[(text() = 'Dashboard' or . = 'Dashboard')]' not found)]]></system-err>
      </testcase>
      <testcase name="Test Cases/Smart Replies/TC0632" classname="Test Cases/Smart Replies/TC0632" status="FAILED">
         <failure type="FAILED" message="Unable to click on object 'Object Repository/Page_KiboPush  Dashboard/span_Dashboard' (Root cause: com.kms.katalon.core.webui.exception.WebElementNotFoundException: Web element with id: 'Object Repository/Page_KiboPush  Dashboard/span_Dashboard' located by 'By.xpath: //span[(text() = 'Dashboard' or . = 'Dashboard')]' not found)"/>
         <system-out><![CDATA[2019-04-26 13:10:52 - [TEST_CASE][FAILED] - Test Cases/Smart Replies/TC0632: Test Cases/Smart Replies/TC0632 FAILED because (of) Unable to click on object 'Object Repository/Page_KiboPush  Dashboard/span_Dashboard' (Root cause: com.kms.katalon.core.webui.exception.WebElementNotFoundException: Web element with id: 'Object Repository/Page_KiboPush  Dashboard/span_Dashboard' located by 'By.xpath: //span[(text() = 'Dashboard' or . = 'Dashboard')]' not found)

2019-04-26 13:10:52 - [TEST_STEP][FAILED] - callTestCase: Unable to call Test Case with id 'Test Cases/Smart Replies/Test-Actions-Button' (Root cause: Call Test Case 'Test Cases/Smart Replies/Test-Actions-Button' failed)

2019-04-26 13:10:52 - [TEST_CASE][FAILED] - Test Cases/Smart Replies/Test-Actions-Button: Test Cases/Smart Replies/Test-Actions-Button FAILED because (of) Unable to click on object 'Object Repository/Page_KiboPush  Dashboard/span_Dashboard' (Root cause: com.kms.katalon.core.webui.exception.WebElementNotFoundException: Web element with id: 'Object Repository/Page_KiboPush  Dashboard/span_Dashboard' located by 'By.xpath: //span[(text() = 'Dashboard' or . = 'Dashboard')]' not found)

2019-04-26 13:10:52 - [TEST_STEP][FAILED] - callTestCase: Unable to call Test Case with id 'Test Cases/s-sidebar_navigation/individualAccount/Smart Replies' (Root cause: Call Test Case 'Test Cases/s-sidebar_navigation/individualAccount/Smart Replies' failed)

2019-04-26 13:10:52 - [TEST_CASE][FAILED] - Test Cases/s-sidebar_navigation/individualAccount/Smart Replies: Test Cases/s-sidebar_navigation/individualAccount/Smart Replies FAILED because (of) Unable to click on object 'Object Repository/Page_KiboPush  Dashboard/span_Dashboard' (Root cause: com.kms.katalon.core.webui.exception.WebElementNotFoundException: Web element with id: 'Object Repository/Page_KiboPush  Dashboard/span_Dashboard' located by 'By.xpath: //span[(text() = 'Dashboard' or . = 'Dashboard')]' not found)

2019-04-26 13:10:52 - [TEST_STEP][FAILED] - click: Unable to click on object 'Object Repository/Page_KiboPush  Dashboard/span_Dashboard' (Root cause: com.kms.katalon.core.webui.exception.WebElementNotFoundException: Web element with id: 'Object Repository/Page_KiboPush  Dashboard/span_Dashboard' located by 'By.xpath: //span[(text() = 'Dashboard' or . = 'Dashboard')]' not found)

2019-04-26 13:11:24 - [MESSAGE][FAILED] - Unable to click on object 'Object Repository/Page_KiboPush  Dashboard/span_Dashboard' (Root cause: com.kms.katalon.core.webui.exception.WebElementNotFoundException: Web element with id: 'Object Repository/Page_KiboPush  Dashboard/span_Dashboard' located by 'By.xpath: //span[(text() = 'Dashboard' or . = 'Dashboard')]' not found)
[[ATTACHMENT|C:\\Users\\cloudkibo\\Desktop\\KiboPush_Automated_Testing\\KiboPush Katalon\\Reports\\smart replies\\20190426_120211\\1556266284103.png]]

2019-04-26 13:11:24 - [MESSAGE][FAILED] - Unable to call Test Case with id 'Test Cases/s-sidebar_navigation/individualAccount/Smart Replies' (Root cause: Call Test Case 'Test Cases/s-sidebar_navigation/individualAccount/Smart Replies' failed)

2019-04-26 13:11:24 - [MESSAGE][FAILED] - Unable to call Test Case with id 'Test Cases/Smart Replies/Test-Actions-Button' (Root cause: Call Test Case 'Test Cases/Smart Replies/Test-Actions-Button' failed)]]></system-out>
         <system-err><![CDATA[2019-04-26 13:10:52 - [TEST_CASE][FAILED] - Test Cases/Smart Replies/TC0632: Test Cases/Smart Replies/TC0632 FAILED because (of) Unable to click on object 'Object Repository/Page_KiboPush  Dashboard/span_Dashboard' (Root cause: com.kms.katalon.core.webui.exception.WebElementNotFoundException: Web element with id: 'Object Repository/Page_KiboPush  Dashboard/span_Dashboard' located by 'By.xpath: //span[(text() = 'Dashboard' or . = 'Dashboard')]' not found)]]></system-err>
      </testcase>
      <testcase name="Test Cases/Smart Replies/TC0633" classname="Test Cases/Smart Replies/TC0633" status="FAILED">
         <failure type="FAILED" message="Unable to click on object 'Object Repository/Page_KiboPush  Dashboard/span_Dashboard' (Root cause: com.kms.katalon.core.webui.exception.WebElementNotFoundException: Web element with id: 'Object Repository/Page_KiboPush  Dashboard/span_Dashboard' located by 'By.xpath: //span[(text() = 'Dashboard' or . = 'Dashboard')]' not found)"/>
         <system-out><![CDATA[2019-04-26 13:11:24 - [TEST_CASE][FAILED] - Test Cases/Smart Replies/TC0633: Test Cases/Smart Replies/TC0633 FAILED because (of) Unable to click on object 'Object Repository/Page_KiboPush  Dashboard/span_Dashboard' (Root cause: com.kms.katalon.core.webui.exception.WebElementNotFoundException: Web element with id: 'Object Repository/Page_KiboPush  Dashboard/span_Dashboard' located by 'By.xpath: //span[(text() = 'Dashboard' or . = 'Dashboard')]' not found)

2019-04-26 13:11:24 - [TEST_STEP][FAILED] - callTestCase: Unable to call Test Case with id 'Test Cases/Smart Replies/Test-Actions-Button' (Root cause: Call Test Case 'Test Cases/Smart Replies/Test-Actions-Button' failed)

2019-04-26 13:11:24 - [TEST_CASE][FAILED] - Test Cases/Smart Replies/Test-Actions-Button: Test Cases/Smart Replies/Test-Actions-Button FAILED because (of) Unable to click on object 'Object Repository/Page_KiboPush  Dashboard/span_Dashboard' (Root cause: com.kms.katalon.core.webui.exception.WebElementNotFoundException: Web element with id: 'Object Repository/Page_KiboPush  Dashboard/span_Dashboard' located by 'By.xpath: //span[(text() = 'Dashboard' or . = 'Dashboard')]' not found)

2019-04-26 13:11:24 - [TEST_STEP][FAILED] - callTestCase: Unable to call Test Case with id 'Test Cases/s-sidebar_navigation/individualAccount/Smart Replies' (Root cause: Call Test Case 'Test Cases/s-sidebar_navigation/individualAccount/Smart Replies' failed)

2019-04-26 13:11:24 - [TEST_CASE][FAILED] - Test Cases/s-sidebar_navigation/individualAccount/Smart Replies: Test Cases/s-sidebar_navigation/individualAccount/Smart Replies FAILED because (of) Unable to click on object 'Object Repository/Page_KiboPush  Dashboard/span_Dashboard' (Root cause: com.kms.katalon.core.webui.exception.WebElementNotFoundException: Web element with id: 'Object Repository/Page_KiboPush  Dashboard/span_Dashboard' located by 'By.xpath: //span[(text() = 'Dashboard' or . = 'Dashboard')]' not found)

2019-04-26 13:11:24 - [TEST_STEP][FAILED] - click: Unable to click on object 'Object Repository/Page_KiboPush  Dashboard/span_Dashboard' (Root cause: com.kms.katalon.core.webui.exception.WebElementNotFoundException: Web element with id: 'Object Repository/Page_KiboPush  Dashboard/span_Dashboard' located by 'By.xpath: //span[(text() = 'Dashboard' or . = 'Dashboard')]' not found)

2019-04-26 13:11:56 - [MESSAGE][FAILED] - Unable to click on object 'Object Repository/Page_KiboPush  Dashboard/span_Dashboard' (Root cause: com.kms.katalon.core.webui.exception.WebElementNotFoundException: Web element with id: 'Object Repository/Page_KiboPush  Dashboard/span_Dashboard' located by 'By.xpath: //span[(text() = 'Dashboard' or . = 'Dashboard')]' not found)
[[ATTACHMENT|C:\\Users\\cloudkibo\\Desktop\\KiboPush_Automated_Testing\\KiboPush Katalon\\Reports\\smart replies\\20190426_120211\\1556266316006.png]]

2019-04-26 13:11:56 - [MESSAGE][FAILED] - Unable to call Test Case with id 'Test Cases/s-sidebar_navigation/individualAccount/Smart Replies' (Root cause: Call Test Case 'Test Cases/s-sidebar_navigation/individualAccount/Smart Replies' failed)

2019-04-26 13:11:56 - [MESSAGE][FAILED] - Unable to call Test Case with id 'Test Cases/Smart Replies/Test-Actions-Button' (Root cause: Call Test Case 'Test Cases/Smart Replies/Test-Actions-Button' failed)]]></system-out>
         <system-err><![CDATA[2019-04-26 13:11:24 - [TEST_CASE][FAILED] - Test Cases/Smart Replies/TC0633: Test Cases/Smart Replies/TC0633 FAILED because (of) Unable to click on object 'Object Repository/Page_KiboPush  Dashboard/span_Dashboard' (Root cause: com.kms.katalon.core.webui.exception.WebElementNotFoundException: Web element with id: 'Object Repository/Page_KiboPush  Dashboard/span_Dashboard' located by 'By.xpath: //span[(text() = 'Dashboard' or . = 'Dashboard')]' not found)]]></system-err>
      </testcase>
      <testcase name="Test Cases/Smart Replies/TC0634" classname="Test Cases/Smart Replies/TC0634" status="FAILED">
         <failure type="FAILED" message="Unable to click on object 'Object Repository/Page_KiboPush  Dashboard/span_Dashboard' (Root cause: com.kms.katalon.core.webui.exception.WebElementNotFoundException: Web element with id: 'Object Repository/Page_KiboPush  Dashboard/span_Dashboard' located by 'By.xpath: //span[(text() = 'Dashboard' or . = 'Dashboard')]' not found)"/>
         <system-out><![CDATA[2019-04-26 13:11:56 - [TEST_CASE][FAILED] - Test Cases/Smart Replies/TC0634: Test Cases/Smart Replies/TC0634 FAILED because (of) Unable to click on object 'Object Repository/Page_KiboPush  Dashboard/span_Dashboard' (Root cause: com.kms.katalon.core.webui.exception.WebElementNotFoundException: Web element with id: 'Object Repository/Page_KiboPush  Dashboard/span_Dashboard' located by 'By.xpath: //span[(text() = 'Dashboard' or . = 'Dashboard')]' not found)

2019-04-26 13:11:56 - [TEST_STEP][FAILED] - callTestCase: Unable to call Test Case with id 'Test Cases/Smart Replies/Test-Actions-Button' (Root cause: Call Test Case 'Test Cases/Smart Replies/Test-Actions-Button' failed)

2019-04-26 13:11:56 - [TEST_CASE][FAILED] - Test Cases/Smart Replies/Test-Actions-Button: Test Cases/Smart Replies/Test-Actions-Button FAILED because (of) Unable to click on object 'Object Repository/Page_KiboPush  Dashboard/span_Dashboard' (Root cause: com.kms.katalon.core.webui.exception.WebElementNotFoundException: Web element with id: 'Object Repository/Page_KiboPush  Dashboard/span_Dashboard' located by 'By.xpath: //span[(text() = 'Dashboard' or . = 'Dashboard')]' not found)

2019-04-26 13:11:56 - [TEST_STEP][FAILED] - callTestCase: Unable to call Test Case with id 'Test Cases/s-sidebar_navigation/individualAccount/Smart Replies' (Root cause: Call Test Case 'Test Cases/s-sidebar_navigation/individualAccount/Smart Replies' failed)

2019-04-26 13:11:56 - [TEST_CASE][FAILED] - Test Cases/s-sidebar_navigation/individualAccount/Smart Replies: Test Cases/s-sidebar_navigation/individualAccount/Smart Replies FAILED because (of) Unable to click on object 'Object Repository/Page_KiboPush  Dashboard/span_Dashboard' (Root cause: com.kms.katalon.core.webui.exception.WebElementNotFoundException: Web element with id: 'Object Repository/Page_KiboPush  Dashboard/span_Dashboard' located by 'By.xpath: //span[(text() = 'Dashboard' or . = 'Dashboard')]' not found)

2019-04-26 13:11:56 - [TEST_STEP][FAILED] - click: Unable to click on object 'Object Repository/Page_KiboPush  Dashboard/span_Dashboard' (Root cause: com.kms.katalon.core.webui.exception.WebElementNotFoundException: Web element with id: 'Object Repository/Page_KiboPush  Dashboard/span_Dashboard' located by 'By.xpath: //span[(text() = 'Dashboard' or . = 'Dashboard')]' not found)

2019-04-26 13:12:28 - [MESSAGE][FAILED] - Unable to click on object 'Object Repository/Page_KiboPush  Dashboard/span_Dashboard' (Root cause: com.kms.katalon.core.webui.exception.WebElementNotFoundException: Web element with id: 'Object Repository/Page_KiboPush  Dashboard/span_Dashboard' located by 'By.xpath: //span[(text() = 'Dashboard' or . = 'Dashboard')]' not found)
[[ATTACHMENT|C:\\Users\\cloudkibo\\Desktop\\KiboPush_Automated_Testing\\KiboPush Katalon\\Reports\\smart replies\\20190426_120211\\1556266348220.png]]

2019-04-26 13:12:28 - [MESSAGE][FAILED] - Unable to call Test Case with id 'Test Cases/s-sidebar_navigation/individualAccount/Smart Replies' (Root cause: Call Test Case 'Test Cases/s-sidebar_navigation/individualAccount/Smart Replies' failed)

2019-04-26 13:12:28 - [MESSAGE][FAILED] - Unable to call Test Case with id 'Test Cases/Smart Replies/Test-Actions-Button' (Root cause: Call Test Case 'Test Cases/Smart Replies/Test-Actions-Button' failed)]]></system-out>
         <system-err><![CDATA[2019-04-26 13:11:56 - [TEST_CASE][FAILED] - Test Cases/Smart Replies/TC0634: Test Cases/Smart Replies/TC0634 FAILED because (of) Unable to click on object 'Object Repository/Page_KiboPush  Dashboard/span_Dashboard' (Root cause: com.kms.katalon.core.webui.exception.WebElementNotFoundException: Web element with id: 'Object Repository/Page_KiboPush  Dashboard/span_Dashboard' located by 'By.xpath: //span[(text() = 'Dashboard' or . = 'Dashboard')]' not found)]]></system-err>
      </testcase>
      <testcase name="Test Cases/Smart Replies/TC0635" classname="Test Cases/Smart Replies/TC0635" status="FAILED">
         <failure type="FAILED" message="Unable to click on object 'Object Repository/Page_KiboPush  Dashboard/span_Dashboard' (Root cause: com.kms.katalon.core.webui.exception.WebElementNotFoundException: Web element with id: 'Object Repository/Page_KiboPush  Dashboard/span_Dashboard' located by 'By.xpath: //span[(text() = 'Dashboard' or . = 'Dashboard')]' not found)"/>
         <system-out><![CDATA[2019-04-26 13:12:28 - [TEST_CASE][FAILED] - Test Cases/Smart Replies/TC0635: Test Cases/Smart Replies/TC0635 FAILED because (of) Unable to click on object 'Object Repository/Page_KiboPush  Dashboard/span_Dashboard' (Root cause: com.kms.katalon.core.webui.exception.WebElementNotFoundException: Web element with id: 'Object Repository/Page_KiboPush  Dashboard/span_Dashboard' located by 'By.xpath: //span[(text() = 'Dashboard' or . = 'Dashboard')]' not found)

2019-04-26 13:12:28 - [TEST_STEP][FAILED] - callTestCase: Unable to call Test Case with id 'Test Cases/Smart Replies/Test-Actions-Button' (Root cause: Call Test Case 'Test Cases/Smart Replies/Test-Actions-Button' failed)

2019-04-26 13:12:28 - [TEST_CASE][FAILED] - Test Cases/Smart Replies/Test-Actions-Button: Test Cases/Smart Replies/Test-Actions-Button FAILED because (of) Unable to click on object 'Object Repository/Page_KiboPush  Dashboard/span_Dashboard' (Root cause: com.kms.katalon.core.webui.exception.WebElementNotFoundException: Web element with id: 'Object Repository/Page_KiboPush  Dashboard/span_Dashboard' located by 'By.xpath: //span[(text() = 'Dashboard' or . = 'Dashboard')]' not found)

2019-04-26 13:12:29 - [TEST_STEP][FAILED] - callTestCase: Unable to call Test Case with id 'Test Cases/s-sidebar_navigation/individualAccount/Smart Replies' (Root cause: Call Test Case 'Test Cases/s-sidebar_navigation/individualAccount/Smart Replies' failed)

2019-04-26 13:12:29 - [TEST_CASE][FAILED] - Test Cases/s-sidebar_navigation/individualAccount/Smart Replies: Test Cases/s-sidebar_navigation/individualAccount/Smart Replies FAILED because (of) Unable to click on object 'Object Repository/Page_KiboPush  Dashboard/span_Dashboard' (Root cause: com.kms.katalon.core.webui.exception.WebElementNotFoundException: Web element with id: 'Object Repository/Page_KiboPush  Dashboard/span_Dashboard' located by 'By.xpath: //span[(text() = 'Dashboard' or . = 'Dashboard')]' not found)

2019-04-26 13:12:29 - [TEST_STEP][FAILED] - click: Unable to click on object 'Object Repository/Page_KiboPush  Dashboard/span_Dashboard' (Root cause: com.kms.katalon.core.webui.exception.WebElementNotFoundException: Web element with id: 'Object Repository/Page_KiboPush  Dashboard/span_Dashboard' located by 'By.xpath: //span[(text() = 'Dashboard' or . = 'Dashboard')]' not found)

2019-04-26 13:13:00 - [MESSAGE][FAILED] - Unable to click on object 'Object Repository/Page_KiboPush  Dashboard/span_Dashboard' (Root cause: com.kms.katalon.core.webui.exception.WebElementNotFoundException: Web element with id: 'Object Repository/Page_KiboPush  Dashboard/span_Dashboard' located by 'By.xpath: //span[(text() = 'Dashboard' or . = 'Dashboard')]' not found)
[[ATTACHMENT|C:\\Users\\cloudkibo\\Desktop\\KiboPush_Automated_Testing\\KiboPush Katalon\\Reports\\smart replies\\20190426_120211\\1556266380644.png]]

2019-04-26 13:13:00 - [MESSAGE][FAILED] - Unable to call Test Case with id 'Test Cases/s-sidebar_navigation/individualAccount/Smart Replies' (Root cause: Call Test Case 'Test Cases/s-sidebar_navigation/individualAccount/Smart Replies' failed)

2019-04-26 13:13:00 - [MESSAGE][FAILED] - Unable to call Test Case with id 'Test Cases/Smart Replies/Test-Actions-Button' (Root cause: Call Test Case 'Test Cases/Smart Replies/Test-Actions-Button' failed)]]></system-out>
         <system-err><![CDATA[2019-04-26 13:12:28 - [TEST_CASE][FAILED] - Test Cases/Smart Replies/TC0635: Test Cases/Smart Replies/TC0635 FAILED because (of) Unable to click on object 'Object Repository/Page_KiboPush  Dashboard/span_Dashboard' (Root cause: com.kms.katalon.core.webui.exception.WebElementNotFoundException: Web element with id: 'Object Repository/Page_KiboPush  Dashboard/span_Dashboard' located by 'By.xpath: //span[(text() = 'Dashboard' or . = 'Dashboard')]' not found)]]></system-err>
      </testcase>
      <testcase name="Test Cases/Smart Replies/TC0636" classname="Test Cases/Smart Replies/TC0636" status="FAILED">
         <failure type="FAILED" message="Unable to click on object 'Object Repository/Page_KiboPush  Dashboard/span_Dashboard' (Root cause: com.kms.katalon.core.webui.exception.WebElementNotFoundException: Web element with id: 'Object Repository/Page_KiboPush  Dashboard/span_Dashboard' located by 'By.xpath: //span[(text() = 'Dashboard' or . = 'Dashboard')]' not found)"/>
         <system-out><![CDATA[2019-04-26 13:13:00 - [TEST_CASE][FAILED] - Test Cases/Smart Replies/TC0636: Test Cases/Smart Replies/TC0636 FAILED because (of) Unable to click on object 'Object Repository/Page_KiboPush  Dashboard/span_Dashboard' (Root cause: com.kms.katalon.core.webui.exception.WebElementNotFoundException: Web element with id: 'Object Repository/Page_KiboPush  Dashboard/span_Dashboard' located by 'By.xpath: //span[(text() = 'Dashboard' or . = 'Dashboard')]' not found)

2019-04-26 13:13:01 - [TEST_STEP][FAILED] - callTestCase: Unable to call Test Case with id 'Test Cases/Smart Replies/Test-Actions-Button' (Root cause: Call Test Case 'Test Cases/Smart Replies/Test-Actions-Button' failed)

2019-04-26 13:13:01 - [TEST_CASE][FAILED] - Test Cases/Smart Replies/Test-Actions-Button: Test Cases/Smart Replies/Test-Actions-Button FAILED because (of) Unable to click on object 'Object Repository/Page_KiboPush  Dashboard/span_Dashboard' (Root cause: com.kms.katalon.core.webui.exception.WebElementNotFoundException: Web element with id: 'Object Repository/Page_KiboPush  Dashboard/span_Dashboard' located by 'By.xpath: //span[(text() = 'Dashboard' or . = 'Dashboard')]' not found)

2019-04-26 13:13:01 - [TEST_STEP][FAILED] - callTestCase: Unable to call Test Case with id 'Test Cases/s-sidebar_navigation/individualAccount/Smart Replies' (Root cause: Call Test Case 'Test Cases/s-sidebar_navigation/individualAccount/Smart Replies' failed)

2019-04-26 13:13:01 - [TEST_CASE][FAILED] - Test Cases/s-sidebar_navigation/individualAccount/Smart Replies: Test Cases/s-sidebar_navigation/individualAccount/Smart Replies FAILED because (of) Unable to click on object 'Object Repository/Page_KiboPush  Dashboard/span_Dashboard' (Root cause: com.kms.katalon.core.webui.exception.WebElementNotFoundException: Web element with id: 'Object Repository/Page_KiboPush  Dashboard/span_Dashboard' located by 'By.xpath: //span[(text() = 'Dashboard' or . = 'Dashboard')]' not found)

2019-04-26 13:13:01 - [TEST_STEP][FAILED] - click: Unable to click on object 'Object Repository/Page_KiboPush  Dashboard/span_Dashboard' (Root cause: com.kms.katalon.core.webui.exception.WebElementNotFoundException: Web element with id: 'Object Repository/Page_KiboPush  Dashboard/span_Dashboard' located by 'By.xpath: //span[(text() = 'Dashboard' or . = 'Dashboard')]' not found)

2019-04-26 13:13:33 - [MESSAGE][FAILED] - Unable to click on object 'Object Repository/Page_KiboPush  Dashboard/span_Dashboard' (Root cause: com.kms.katalon.core.webui.exception.WebElementNotFoundException: Web element with id: 'Object Repository/Page_KiboPush  Dashboard/span_Dashboard' located by 'By.xpath: //span[(text() = 'Dashboard' or . = 'Dashboard')]' not found)
[[ATTACHMENT|C:\\Users\\cloudkibo\\Desktop\\KiboPush_Automated_Testing\\KiboPush Katalon\\Reports\\smart replies\\20190426_120211\\1556266412934.png]]

2019-04-26 13:13:33 - [MESSAGE][FAILED] - Unable to call Test Case with id 'Test Cases/s-sidebar_navigation/individualAccount/Smart Replies' (Root cause: Call Test Case 'Test Cases/s-sidebar_navigation/individualAccount/Smart Replies' failed)

2019-04-26 13:13:33 - [MESSAGE][FAILED] - Unable to call Test Case with id 'Test Cases/Smart Replies/Test-Actions-Button' (Root cause: Call Test Case 'Test Cases/Smart Replies/Test-Actions-Button' failed)]]></system-out>
         <system-err><![CDATA[2019-04-26 13:13:00 - [TEST_CASE][FAILED] - Test Cases/Smart Replies/TC0636: Test Cases/Smart Replies/TC0636 FAILED because (of) Unable to click on object 'Object Repository/Page_KiboPush  Dashboard/span_Dashboard' (Root cause: com.kms.katalon.core.webui.exception.WebElementNotFoundException: Web element with id: 'Object Repository/Page_KiboPush  Dashboard/span_Dashboard' located by 'By.xpath: //span[(text() = 'Dashboard' or . = 'Dashboard')]' not found)]]></system-err>
      </testcase>
      <system-out><![CDATA[2019-04-26 13:02:16 - [TEST_SUITE][FAILED] - smart replies: Test Cases/s-sidebar_navigation/individualAccount/arveen_production_login_kibochat FAILED because (of) Unable to click on object 'Object Repository/Page_KiboPush  Dashboard/h3_Dashboard (58)' (Root cause: com.kms.katalon.core.webui.exception.WebElementNotFoundException: Web element with id: 'Object Repository/Page_KiboPush  Dashboard/h3_Dashboard (58)' located by 'By.xpath: //h3[(text() = 'Dashboard' or . = 'Dashboard')]' not found)]]></system-out>
      <system-err><![CDATA[2019-04-26 13:02:16 - [TEST_SUITE][FAILED] - smart replies: Test Cases/s-sidebar_navigation/individualAccount/arveen_production_login_kibochat FAILED because (of) Unable to click on object 'Object Repository/Page_KiboPush  Dashboard/h3_Dashboard (58)' (Root cause: com.kms.katalon.core.webui.exception.WebElementNotFoundException: Web element with id: 'Object Repository/Page_KiboPush  Dashboard/h3_Dashboard (58)' located by 'By.xpath: //h3[(text() = 'Dashboard' or . = 'Dashboard')]' not found)]]></system-err>
   </testsuite>
</testsuites>
