<?xml version="1.0" encoding="UTF-8"?>
<testsuites name="broadcast" time="1243" tests="90" failures="6" errors="0">
   <testsuite name="broadcast" tests="90" failures="6" errors="0" time="1243" timestamp="2019-04-26 16:04:30" hostname="cloudkibo - 10.0.2.15" id="Test Suites/broadcast">
      <properties>
         <property name="deviceName" value=""/>
         <property name="devicePlatform" value=""/>
         <property name="logFolder" value="C:\\Users\\cloudkibo\\Desktop\\KiboPush_Automated_Testing\\KiboPush Katalon\\Reports\\broadcast\\20190426_154219"/>
         <property name="logFiles" value="C:\\Users\\cloudkibo\\Desktop\\KiboPush_Automated_Testing\\KiboPush Katalon\\Reports\\broadcast\\20190426_154219\\execution0.log"/>
         <property name="attachments" value="C:\\Users\\cloudkibo\\Desktop\\KiboPush_Automated_Testing\\KiboPush Katalon\\Reports\\broadcast\\20190426_154219\\1556276942175.png, C:\\Users\\cloudkibo\\Desktop\\KiboPush_Automated_Testing\\KiboPush Katalon\\Reports\\broadcast\\20190426_154219\\1556277116103.png, C:\\Users\\cloudkibo\\Desktop\\KiboPush_Automated_Testing\\KiboPush Katalon\\Reports\\broadcast\\20190426_154219\\1556277453267.png, C:\\Users\\cloudkibo\\Desktop\\KiboPush_Automated_Testing\\KiboPush Katalon\\Reports\\broadcast\\20190426_154219\\1556277499673.png, C:\\Users\\cloudkibo\\Desktop\\KiboPush_Automated_Testing\\KiboPush Katalon\\Reports\\broadcast\\20190426_154219\\1556277740221.png, C:\\Users\\cloudkibo\\Desktop\\KiboPush_Automated_Testing\\KiboPush Katalon\\Reports\\broadcast\\20190426_154219\\1556277816579.png"/>
         <property name="hostName" value="cloudkibo - 10.0.2.15"/>
         <property name="os" value="Windows 10 64bit"/>
         <property name="katalonVersion" value="5.6.0.1"/>
         <property name="browser" value="Chrome 73.0.3683.103"/>
         <property name="hostAddress" value="10.0.2.15"/>
         <property name="sessionId" value="2b0b12b33a3d44f80991339f43f86f0e"/>
         <property name="seleniumVersion" value="3.7.1"/>
         <property name="proxyInformation" value="ProxyInformation{proxyOption=NO_PROXY, proxyServerType=HTTP, password=, proxyServerAddress=, proxyServerPort=0}"/>
         <property name="platform" value="Windows 10"/>
      </properties>
      <testcase name="Test Cases/s-sidebar_navigation/individualAccount/arveen_production_login_kiboengage" classname="Test Cases/s-sidebar_navigation/individualAccount/arveen_production_login_kiboengage" status="PASSED">
         <system-out><![CDATA[2019-04-26 16:04:31 - [TEST_CASE][PASSED] - Test Cases/s-sidebar_navigation/individualAccount/arveen_production_login_kiboengage: Test Cases/s-sidebar_navigation/individualAccount/arveen_production_login_kiboengage

2019-04-26 16:04:32 - [TEST_STEP][PASSED] - openBrowser: Browser is opened with url: ''

2019-04-26 16:04:38 - [MESSAGE][PASSED] - Browser is opened with url: ''

2019-04-26 16:04:38 - [TEST_STEP][PASSED] - maximizeWindow: Current window maximized

2019-04-26 16:04:39 - [MESSAGE][PASSED] - Current window maximized

2019-04-26 16:04:39 - [TEST_STEP][PASSED] - navigateToUrl: Navigate to 'https://kiboengage.cloudkibo.com/' successfully

2019-04-26 16:04:57 - [MESSAGE][PASSED] - Navigate to 'https://kiboengage.cloudkibo.com/' successfully

2019-04-26 16:04:57 - [TEST_STEP][PASSED] - navigateToUrl: Navigate to 'https://accounts.cloudkibo.com/?continue=https://kiboengage.cloudkibo.com' successfully

2019-04-26 16:04:58 - [MESSAGE][PASSED] - Navigate to 'https://accounts.cloudkibo.com/?continue=https://kiboengage.cloudkibo.com' successfully

2019-04-26 16:04:58 - [TEST_STEP][PASSED] - click: Object: 'Object Repository/Page_CloudKibo/a_Login (2) (1) (1)' is clicked on

2019-04-26 16:04:59 - [MESSAGE][PASSED] - Object: 'Object Repository/Page_CloudKibo/a_Login (2) (1) (1)' is clicked on

2019-04-26 16:04:59 - [TEST_STEP][PASSED] - setText: Text 'individual@cloudkibo.com' is set on object 'Object Repository/Page_KiboPush/input_email (10) (1) (1)'

2019-04-26 16:05:00 - [MESSAGE][PASSED] - Text 'individual@cloudkibo.com' is set on object 'Object Repository/Page_KiboPush/input_email (10) (1) (1)'

2019-04-26 16:05:00 - [TEST_STEP][PASSED] - setEncryptedText: Text ****** has been set on object 'Object Repository/Page_CloudKibo/input_Sign In_password (7)'

2019-04-26 16:05:00 - [MESSAGE][PASSED] - Text ****** has been set on object 'Object Repository/Page_CloudKibo/input_Sign In_password (7)'

2019-04-26 16:05:00 - [TEST_STEP][PASSED] - click: Object: 'Object Repository/Page_KiboPush/button_Sign In (10) (1) (2)' is clicked on

2019-04-26 16:05:00 - [MESSAGE][PASSED] - Object: 'Object Repository/Page_KiboPush/button_Sign In (10) (1) (2)' is clicked on

2019-04-26 16:05:00 - [TEST_STEP][PASSED] - click: Object: 'Object Repository/Page_KiboPush  Dashboard/h3_Dashboard (57)' is clicked on

2019-04-26 16:06:05 - [MESSAGE][PASSED] - Object: 'Object Repository/Page_KiboPush  Dashboard/h3_Dashboard (57)' is clicked on

2019-04-26 16:06:05 - [TEST_STEP][PASSED] - delay: Delayed 3 second(s)

2019-04-26 16:06:08 - [MESSAGE][PASSED] - Delayed 3 second(s)

2019-04-26 16:06:08 - [TEST_STEP][PASSED] - click: Object: 'Object Repository/Page_KiboEngage  Dashboard/a_SMS (2) (1) (1) (1) (3)' is clicked on

2019-04-26 16:06:09 - [MESSAGE][PASSED] - Object: 'Object Repository/Page_KiboEngage  Dashboard/a_SMS (2) (1) (1) (1) (3)' is clicked on

2019-04-26 16:06:09 - [TEST_STEP][PASSED] - delay: Delayed 2 second(s)

2019-04-26 16:06:11 - [MESSAGE][PASSED] - Delayed 2 second(s)

2019-04-26 16:06:11 - [TEST_STEP][PASSED] - click: Object: 'Object Repository/Page_KiboEngage  Dashboard/span_Messenger (1) (1) (1) (3)' is clicked on

2019-04-26 16:06:11 - [MESSAGE][PASSED] - Object: 'Object Repository/Page_KiboEngage  Dashboard/span_Messenger (1) (1) (1) (3)' is clicked on

2019-04-26 16:06:11 - [TEST_STEP][PASSED] - delay: Delayed 2 second(s)

2019-04-26 16:06:13 - [MESSAGE][PASSED] - Delayed 2 second(s)]]></system-out>
         <system-err><![CDATA[]]></system-err>
      </testcase>
      <testcase name="Test Cases/Broadcasts/open_broadcast" classname="Test Cases/Broadcasts/open_broadcast" status="PASSED">
         <system-out><![CDATA[2019-04-26 16:06:13 - [TEST_CASE][PASSED] - Test Cases/Broadcasts/open_broadcast: Test Cases/Broadcasts/open_broadcast

2019-04-26 16:06:13 - [TEST_STEP][PASSED] - click: Object: 'Object Repository/Page_KiboPush  Dashboard/span_Broadcasting' is clicked on

2019-04-26 16:06:13 - [MESSAGE][PASSED] - Object: 'Object Repository/Page_KiboPush  Dashboard/span_Broadcasting' is clicked on

2019-04-26 16:06:13 - [TEST_STEP][PASSED] - delay: Delayed 2 second(s)

2019-04-26 16:06:15 - [MESSAGE][PASSED] - Delayed 2 second(s)]]></system-out>
         <system-err><![CDATA[]]></system-err>
      </testcase>
      <testcase name="Test Cases/Broadcasts/TC0106" classname="Test Cases/Broadcasts/TC0106" status="PASSED">
         <system-out><![CDATA[2019-04-26 16:06:15 - [TEST_CASE][PASSED] - Test Cases/Broadcasts/TC0106: Test Cases/Broadcasts/TC0106

2019-04-26 16:06:16 - [TEST_STEP][PASSED] - callTestCase: Call Test Case 'Test Cases/s-sidebar_navigation/TeamAccount/Broadcasts' successfully

2019-04-26 16:06:16 - [TEST_CASE][PASSED] - Test Cases/s-sidebar_navigation/TeamAccount/Broadcasts: Test Cases/s-sidebar_navigation/TeamAccount/Broadcasts

2019-04-26 16:06:16 - [TEST_STEP][PASSED] - callTestCase: Call Test Case 'Test Cases/s-sidebar_navigation/individualAccount/broadcast' successfully

2019-04-26 16:06:16 - [TEST_CASE][PASSED] - Test Cases/s-sidebar_navigation/individualAccount/broadcast: Test Cases/s-sidebar_navigation/individualAccount/broadcast

2019-04-26 16:06:17 - [TEST_STEP][PASSED] - click: Object: 'Object Repository/Page_KiboPush  Dashboard/span_Polls' is clicked on

2019-04-26 16:06:17 - [MESSAGE][PASSED] - Object: 'Object Repository/Page_KiboPush  Dashboard/span_Polls' is clicked on

2019-04-26 16:06:17 - [TEST_STEP][PASSED] - delay: Delayed 1 second(s)

2019-04-26 16:06:18 - [MESSAGE][PASSED] - Delayed 1 second(s)

2019-04-26 16:06:18 - [TEST_STEP][PASSED] - click: Object: 'Object Repository/Page_KiboPush  Dashboard/span_Broadcasts' is clicked on

2019-04-26 16:06:18 - [MESSAGE][PASSED] - Object: 'Object Repository/Page_KiboPush  Dashboard/span_Broadcasts' is clicked on

2019-04-26 16:06:18 - [TEST_STEP][PASSED] - delay: Delayed 1 second(s)

2019-04-26 16:06:19 - [MESSAGE][PASSED] - Delayed 1 second(s)

2019-04-26 16:06:19 - [TEST_STEP][PASSED] - scrollToPosition: Browser is scrolled to position x = 0, y = 0

2019-04-26 16:06:19 - [MESSAGE][PASSED] - Browser is scrolled to position x = 0, y = 0

2019-04-26 16:06:19 - [TEST_STEP][PASSED] - click: Object: 'Object Repository/Page_KiboPush  Broadcast/h3_Manage Broadcasts' is clicked on

2019-04-26 16:06:19 - [MESSAGE][PASSED] - Object: 'Object Repository/Page_KiboPush  Broadcast/h3_Manage Broadcasts' is clicked on

2019-04-26 16:06:19 - [MESSAGE][PASSED] - Call Test Case 'Test Cases/s-sidebar_navigation/individualAccount/broadcast' successfully

2019-04-26 16:06:19 - [MESSAGE][PASSED] - Call Test Case 'Test Cases/s-sidebar_navigation/TeamAccount/Broadcasts' successfully

2019-04-26 16:06:20 - [TEST_STEP][PASSED] - click: Object: 'Object Repository/Page_KiboPush  Broadcast/a_documentation' is clicked on

2019-04-26 16:06:20 - [MESSAGE][PASSED] - Object: 'Object Repository/Page_KiboPush  Broadcast/a_documentation' is clicked on]]></system-out>
         <system-err><![CDATA[]]></system-err>
      </testcase>
      <testcase name="Test Cases/Broadcasts/TC0107" classname="Test Cases/Broadcasts/TC0107" status="PASSED">
         <system-out><![CDATA[2019-04-26 16:06:20 - [TEST_CASE][PASSED] - Test Cases/Broadcasts/TC0107: Test Cases/Broadcasts/TC0107

2019-04-26 16:06:20 - [TEST_STEP][PASSED] - callTestCase: Call Test Case 'Test Cases/s-sidebar_navigation/TeamAccount/Broadcasts' successfully

2019-04-26 16:06:20 - [TEST_CASE][PASSED] - Test Cases/s-sidebar_navigation/TeamAccount/Broadcasts: Test Cases/s-sidebar_navigation/TeamAccount/Broadcasts

2019-04-26 16:06:20 - [TEST_STEP][PASSED] - callTestCase: Call Test Case 'Test Cases/s-sidebar_navigation/individualAccount/broadcast' successfully

2019-04-26 16:06:21 - [TEST_CASE][PASSED] - Test Cases/s-sidebar_navigation/individualAccount/broadcast: Test Cases/s-sidebar_navigation/individualAccount/broadcast

2019-04-26 16:06:21 - [TEST_STEP][PASSED] - click: Object: 'Object Repository/Page_KiboPush  Dashboard/span_Polls' is clicked on

2019-04-26 16:06:21 - [MESSAGE][PASSED] - Object: 'Object Repository/Page_KiboPush  Dashboard/span_Polls' is clicked on

2019-04-26 16:06:21 - [TEST_STEP][PASSED] - delay: Delayed 1 second(s)

2019-04-26 16:06:22 - [MESSAGE][PASSED] - Delayed 1 second(s)

2019-04-26 16:06:22 - [TEST_STEP][PASSED] - click: Object: 'Object Repository/Page_KiboPush  Dashboard/span_Broadcasts' is clicked on

2019-04-26 16:06:23 - [MESSAGE][PASSED] - Object: 'Object Repository/Page_KiboPush  Dashboard/span_Broadcasts' is clicked on

2019-04-26 16:06:23 - [TEST_STEP][PASSED] - delay: Delayed 1 second(s)

2019-04-26 16:06:24 - [MESSAGE][PASSED] - Delayed 1 second(s)

2019-04-26 16:06:24 - [TEST_STEP][PASSED] - scrollToPosition: Browser is scrolled to position x = 0, y = 0

2019-04-26 16:06:24 - [MESSAGE][PASSED] - Browser is scrolled to position x = 0, y = 0

2019-04-26 16:06:24 - [TEST_STEP][PASSED] - click: Object: 'Object Repository/Page_KiboPush  Broadcast/h3_Manage Broadcasts' is clicked on

2019-04-26 16:06:24 - [MESSAGE][PASSED] - Object: 'Object Repository/Page_KiboPush  Broadcast/h3_Manage Broadcasts' is clicked on

2019-04-26 16:06:24 - [MESSAGE][PASSED] - Call Test Case 'Test Cases/s-sidebar_navigation/individualAccount/broadcast' successfully

2019-04-26 16:06:24 - [MESSAGE][PASSED] - Call Test Case 'Test Cases/s-sidebar_navigation/TeamAccount/Broadcasts' successfully

2019-04-26 16:06:24 - [TEST_STEP][PASSED] - click: Object: 'Object Repository/Page_KiboPush  Broadcast/a_video tutorial (1)' is clicked on

2019-04-26 16:06:25 - [MESSAGE][PASSED] - Object: 'Object Repository/Page_KiboPush  Broadcast/a_video tutorial (1)' is clicked on]]></system-out>
         <system-err><![CDATA[]]></system-err>
      </testcase>
      <testcase name="Test Cases/Broadcasts/TC0108" classname="Test Cases/Broadcasts/TC0108" status="PASSED">
         <system-out><![CDATA[2019-04-26 16:06:25 - [TEST_CASE][PASSED] - Test Cases/Broadcasts/TC0108: Test Cases/Broadcasts/TC0108

2019-04-26 16:06:26 - [TEST_STEP][PASSED] - callTestCase: Call Test Case 'Test Cases/s-sidebar_navigation/TeamAccount/Broadcasts' successfully

2019-04-26 16:06:26 - [TEST_CASE][PASSED] - Test Cases/s-sidebar_navigation/TeamAccount/Broadcasts: Test Cases/s-sidebar_navigation/TeamAccount/Broadcasts

2019-04-26 16:06:26 - [TEST_STEP][PASSED] - callTestCase: Call Test Case 'Test Cases/s-sidebar_navigation/individualAccount/broadcast' successfully

2019-04-26 16:06:26 - [TEST_CASE][PASSED] - Test Cases/s-sidebar_navigation/individualAccount/broadcast: Test Cases/s-sidebar_navigation/individualAccount/broadcast

2019-04-26 16:06:26 - [TEST_STEP][PASSED] - click: Object: 'Object Repository/Page_KiboPush  Dashboard/span_Polls' is clicked on

2019-04-26 16:06:30 - [MESSAGE][PASSED] - Object: 'Object Repository/Page_KiboPush  Dashboard/span_Polls' is clicked on

2019-04-26 16:06:30 - [TEST_STEP][PASSED] - delay: Delayed 1 second(s)

2019-04-26 16:06:31 - [MESSAGE][PASSED] - Delayed 1 second(s)

2019-04-26 16:06:31 - [TEST_STEP][PASSED] - click: Object: 'Object Repository/Page_KiboPush  Dashboard/span_Broadcasts' is clicked on

2019-04-26 16:06:33 - [MESSAGE][PASSED] - Object: 'Object Repository/Page_KiboPush  Dashboard/span_Broadcasts' is clicked on

2019-04-26 16:06:33 - [TEST_STEP][PASSED] - delay: Delayed 1 second(s)

2019-04-26 16:06:34 - [MESSAGE][PASSED] - Delayed 1 second(s)

2019-04-26 16:06:34 - [TEST_STEP][PASSED] - scrollToPosition: Browser is scrolled to position x = 0, y = 0

2019-04-26 16:06:34 - [MESSAGE][PASSED] - Browser is scrolled to position x = 0, y = 0

2019-04-26 16:06:34 - [TEST_STEP][PASSED] - click: Object: 'Object Repository/Page_KiboPush  Broadcast/h3_Manage Broadcasts' is clicked on

2019-04-26 16:06:34 - [MESSAGE][PASSED] - Object: 'Object Repository/Page_KiboPush  Broadcast/h3_Manage Broadcasts' is clicked on

2019-04-26 16:06:34 - [MESSAGE][PASSED] - Call Test Case 'Test Cases/s-sidebar_navigation/individualAccount/broadcast' successfully

2019-04-26 16:06:34 - [MESSAGE][PASSED] - Call Test Case 'Test Cases/s-sidebar_navigation/TeamAccount/Broadcasts' successfully

2019-04-26 16:06:34 - [TEST_STEP][PASSED] - delay: Delayed 1 second(s)

2019-04-26 16:06:35 - [MESSAGE][PASSED] - Delayed 1 second(s)

2019-04-26 16:06:35 - [TEST_STEP][PASSED] - Statement - driver = com.kms.katalon.core.webui.driver.DriverFactory.getWebDriver(): null

2019-04-26 16:06:35 - [TEST_STEP][PASSED] - Statement - Table = driver.findElement(org.openqa.selenium.By.xpath("//table/tbody")): null

2019-04-26 16:06:36 - [TEST_STEP][PASSED] - Statement - rows_table = Table.findElements(org.openqa.selenium.By.tagName("tr")): null

2019-04-26 16:06:36 - [TEST_STEP][PASSED] - Statement - rows_count = rows_table.size(): null

2019-04-26 16:06:36 - [TEST_STEP][PASSED] - verifyGreaterThanOrEqual: Actual number '10' is greater than or equal to expected number '1'

2019-04-26 16:06:36 - [MESSAGE][PASSED] - Actual number '10' is greater than or equal to expected number '1']]></system-out>
         <system-err><![CDATA[]]></system-err>
      </testcase>
      <testcase name="Test Cases/Broadcasts/TC0109" classname="Test Cases/Broadcasts/TC0109" status="PASSED">
         <system-out><![CDATA[2019-04-26 16:06:36 - [TEST_CASE][PASSED] - Test Cases/Broadcasts/TC0109: Test Cases/Broadcasts/TC0109

2019-04-26 16:06:36 - [TEST_STEP][PASSED] - callTestCase: Call Test Case 'Test Cases/s-sidebar_navigation/TeamAccount/Broadcasts' successfully

2019-04-26 16:06:36 - [TEST_CASE][PASSED] - Test Cases/s-sidebar_navigation/TeamAccount/Broadcasts: Test Cases/s-sidebar_navigation/TeamAccount/Broadcasts

2019-04-26 16:06:36 - [TEST_STEP][PASSED] - callTestCase: Call Test Case 'Test Cases/s-sidebar_navigation/individualAccount/broadcast' successfully

2019-04-26 16:06:36 - [TEST_CASE][PASSED] - Test Cases/s-sidebar_navigation/individualAccount/broadcast: Test Cases/s-sidebar_navigation/individualAccount/broadcast

2019-04-26 16:06:36 - [TEST_STEP][PASSED] - click: Object: 'Object Repository/Page_KiboPush  Dashboard/span_Polls' is clicked on

2019-04-26 16:06:37 - [MESSAGE][PASSED] - Object: 'Object Repository/Page_KiboPush  Dashboard/span_Polls' is clicked on

2019-04-26 16:06:37 - [TEST_STEP][PASSED] - delay: Delayed 1 second(s)

2019-04-26 16:06:38 - [MESSAGE][PASSED] - Delayed 1 second(s)

2019-04-26 16:06:38 - [TEST_STEP][PASSED] - click: Object: 'Object Repository/Page_KiboPush  Dashboard/span_Broadcasts' is clicked on

2019-04-26 16:06:38 - [MESSAGE][PASSED] - Object: 'Object Repository/Page_KiboPush  Dashboard/span_Broadcasts' is clicked on

2019-04-26 16:06:38 - [TEST_STEP][PASSED] - delay: Delayed 1 second(s)

2019-04-26 16:06:39 - [MESSAGE][PASSED] - Delayed 1 second(s)

2019-04-26 16:06:39 - [TEST_STEP][PASSED] - scrollToPosition: Browser is scrolled to position x = 0, y = 0

2019-04-26 16:06:39 - [MESSAGE][PASSED] - Browser is scrolled to position x = 0, y = 0

2019-04-26 16:06:39 - [TEST_STEP][PASSED] - click: Object: 'Object Repository/Page_KiboPush  Broadcast/h3_Manage Broadcasts' is clicked on

2019-04-26 16:06:39 - [MESSAGE][PASSED] - Object: 'Object Repository/Page_KiboPush  Broadcast/h3_Manage Broadcasts' is clicked on

2019-04-26 16:06:39 - [MESSAGE][PASSED] - Call Test Case 'Test Cases/s-sidebar_navigation/individualAccount/broadcast' successfully

2019-04-26 16:06:39 - [MESSAGE][PASSED] - Call Test Case 'Test Cases/s-sidebar_navigation/TeamAccount/Broadcasts' successfully

2019-04-26 16:06:39 - [TEST_STEP][PASSED] - delay: Delayed 1 second(s)

2019-04-26 16:06:40 - [MESSAGE][PASSED] - Delayed 1 second(s)

2019-04-26 16:06:40 - [TEST_STEP][PASSED] - setText: Text 'TitleX' is set on object 'Object Repository/Page_KiboPush  Broadcast/input_form-control'

2019-04-26 16:06:40 - [MESSAGE][PASSED] - Text 'TitleX' is set on object 'Object Repository/Page_KiboPush  Broadcast/input_form-control'

2019-04-26 16:06:40 - [TEST_STEP][PASSED] - click: Object: 'Object Repository/Page_KiboPush  Broadcast/span_TitleX' is clicked on

2019-04-26 16:06:41 - [MESSAGE][PASSED] - Object: 'Object Repository/Page_KiboPush  Broadcast/span_TitleX' is clicked on]]></system-out>
         <system-err><![CDATA[]]></system-err>
      </testcase>
      <testcase name="Test Cases/Broadcasts/TC0110" classname="Test Cases/Broadcasts/TC0110" status="PASSED">
         <system-out><![CDATA[2019-04-26 16:06:41 - [TEST_CASE][PASSED] - Test Cases/Broadcasts/TC0110: Test Cases/Broadcasts/TC0110

2019-04-26 16:06:41 - [TEST_STEP][PASSED] - callTestCase: Call Test Case 'Test Cases/s-sidebar_navigation/TeamAccount/Broadcasts' successfully

2019-04-26 16:06:41 - [TEST_CASE][PASSED] - Test Cases/s-sidebar_navigation/TeamAccount/Broadcasts: Test Cases/s-sidebar_navigation/TeamAccount/Broadcasts

2019-04-26 16:06:41 - [TEST_STEP][PASSED] - callTestCase: Call Test Case 'Test Cases/s-sidebar_navigation/individualAccount/broadcast' successfully

2019-04-26 16:06:41 - [TEST_CASE][PASSED] - Test Cases/s-sidebar_navigation/individualAccount/broadcast: Test Cases/s-sidebar_navigation/individualAccount/broadcast

2019-04-26 16:06:41 - [TEST_STEP][PASSED] - click: Object: 'Object Repository/Page_KiboPush  Dashboard/span_Polls' is clicked on

2019-04-26 16:06:41 - [MESSAGE][PASSED] - Object: 'Object Repository/Page_KiboPush  Dashboard/span_Polls' is clicked on

2019-04-26 16:06:41 - [TEST_STEP][PASSED] - delay: Delayed 1 second(s)

2019-04-26 16:06:42 - [MESSAGE][PASSED] - Delayed 1 second(s)

2019-04-26 16:06:42 - [TEST_STEP][PASSED] - click: Object: 'Object Repository/Page_KiboPush  Dashboard/span_Broadcasts' is clicked on

2019-04-26 16:06:42 - [MESSAGE][PASSED] - Object: 'Object Repository/Page_KiboPush  Dashboard/span_Broadcasts' is clicked on

2019-04-26 16:06:42 - [TEST_STEP][PASSED] - delay: Delayed 1 second(s)

2019-04-26 16:06:43 - [MESSAGE][PASSED] - Delayed 1 second(s)

2019-04-26 16:06:43 - [TEST_STEP][PASSED] - scrollToPosition: Browser is scrolled to position x = 0, y = 0

2019-04-26 16:06:43 - [MESSAGE][PASSED] - Browser is scrolled to position x = 0, y = 0

2019-04-26 16:06:43 - [TEST_STEP][PASSED] - click: Object: 'Object Repository/Page_KiboPush  Broadcast/h3_Manage Broadcasts' is clicked on

2019-04-26 16:06:44 - [MESSAGE][PASSED] - Object: 'Object Repository/Page_KiboPush  Broadcast/h3_Manage Broadcasts' is clicked on

2019-04-26 16:06:44 - [MESSAGE][PASSED] - Call Test Case 'Test Cases/s-sidebar_navigation/individualAccount/broadcast' successfully

2019-04-26 16:06:44 - [MESSAGE][PASSED] - Call Test Case 'Test Cases/s-sidebar_navigation/TeamAccount/Broadcasts' successfully

2019-04-26 16:06:44 - [TEST_STEP][PASSED] - selectOptionByValue: All options with value 'image' are selected in object 'Object Repository/Page_KiboPush  Broadcast/select_Filter by type...textim'  using regular expression

2019-04-26 16:06:44 - [MESSAGE][PASSED] - All options with value 'image' are selected in object 'Object Repository/Page_KiboPush  Broadcast/select_Filter by type...textim'  using regular expression

2019-04-26 16:06:44 - [TEST_STEP][PASSED] - delay: Delayed 1 second(s)

2019-04-26 16:06:45 - [MESSAGE][PASSED] - Delayed 1 second(s)

2019-04-26 16:06:45 - [TEST_STEP][PASSED] - click: Object: 'Object Repository/Page_KiboPush  Broadcast/span_image' is clicked on

2019-04-26 16:06:45 - [MESSAGE][PASSED] - Object: 'Object Repository/Page_KiboPush  Broadcast/span_image' is clicked on]]></system-out>
         <system-err><![CDATA[]]></system-err>
      </testcase>
      <testcase name="Test Cases/Broadcasts/TC0111" classname="Test Cases/Broadcasts/TC0111" status="PASSED">
         <system-out><![CDATA[2019-04-26 16:06:45 - [TEST_CASE][PASSED] - Test Cases/Broadcasts/TC0111: Test Cases/Broadcasts/TC0111

2019-04-26 16:06:45 - [TEST_STEP][PASSED] - callTestCase: Call Test Case 'Test Cases/s-sidebar_navigation/TeamAccount/Broadcasts' successfully

2019-04-26 16:06:45 - [TEST_CASE][PASSED] - Test Cases/s-sidebar_navigation/TeamAccount/Broadcasts: Test Cases/s-sidebar_navigation/TeamAccount/Broadcasts

2019-04-26 16:06:45 - [TEST_STEP][PASSED] - callTestCase: Call Test Case 'Test Cases/s-sidebar_navigation/individualAccount/broadcast' successfully

2019-04-26 16:06:45 - [TEST_CASE][PASSED] - Test Cases/s-sidebar_navigation/individualAccount/broadcast: Test Cases/s-sidebar_navigation/individualAccount/broadcast

2019-04-26 16:06:45 - [TEST_STEP][PASSED] - click: Object: 'Object Repository/Page_KiboPush  Dashboard/span_Polls' is clicked on

2019-04-26 16:06:46 - [MESSAGE][PASSED] - Object: 'Object Repository/Page_KiboPush  Dashboard/span_Polls' is clicked on

2019-04-26 16:06:46 - [TEST_STEP][PASSED] - delay: Delayed 1 second(s)

2019-04-26 16:06:47 - [MESSAGE][PASSED] - Delayed 1 second(s)

2019-04-26 16:06:47 - [TEST_STEP][PASSED] - click: Object: 'Object Repository/Page_KiboPush  Dashboard/span_Broadcasts' is clicked on

2019-04-26 16:06:47 - [MESSAGE][PASSED] - Object: 'Object Repository/Page_KiboPush  Dashboard/span_Broadcasts' is clicked on

2019-04-26 16:06:47 - [TEST_STEP][PASSED] - delay: Delayed 1 second(s)

2019-04-26 16:06:48 - [MESSAGE][PASSED] - Delayed 1 second(s)

2019-04-26 16:06:48 - [TEST_STEP][PASSED] - scrollToPosition: Browser is scrolled to position x = 0, y = 0

2019-04-26 16:06:48 - [MESSAGE][PASSED] - Browser is scrolled to position x = 0, y = 0

2019-04-26 16:06:48 - [TEST_STEP][PASSED] - click: Object: 'Object Repository/Page_KiboPush  Broadcast/h3_Manage Broadcasts' is clicked on

2019-04-26 16:06:48 - [MESSAGE][PASSED] - Object: 'Object Repository/Page_KiboPush  Broadcast/h3_Manage Broadcasts' is clicked on

2019-04-26 16:06:48 - [MESSAGE][PASSED] - Call Test Case 'Test Cases/s-sidebar_navigation/individualAccount/broadcast' successfully

2019-04-26 16:06:48 - [MESSAGE][PASSED] - Call Test Case 'Test Cases/s-sidebar_navigation/TeamAccount/Broadcasts' successfully

2019-04-26 16:06:48 - [TEST_STEP][PASSED] - selectOptionByValue: All options with value 'text' are selected in object 'Object Repository/Page_KiboPush  Broadcast/select_Filter by type...textim'  using regular expression

2019-04-26 16:06:48 - [MESSAGE][PASSED] - All options with value 'text' are selected in object 'Object Repository/Page_KiboPush  Broadcast/select_Filter by type...textim'  using regular expression

2019-04-26 16:06:48 - [TEST_STEP][PASSED] - click: Object: 'Object Repository/Page_KiboPush  Broadcast/span_text' is clicked on

2019-04-26 16:06:48 - [MESSAGE][PASSED] - Object: 'Object Repository/Page_KiboPush  Broadcast/span_text' is clicked on]]></system-out>
         <system-err><![CDATA[]]></system-err>
      </testcase>
      <testcase name="Test Cases/Broadcasts/TC0112" classname="Test Cases/Broadcasts/TC0112" status="PASSED">
         <system-out><![CDATA[2019-04-26 16:06:48 - [TEST_CASE][PASSED] - Test Cases/Broadcasts/TC0112: Test Cases/Broadcasts/TC0112

2019-04-26 16:06:49 - [TEST_STEP][PASSED] - callTestCase: Call Test Case 'Test Cases/s-sidebar_navigation/TeamAccount/Broadcasts' successfully

2019-04-26 16:06:49 - [TEST_CASE][PASSED] - Test Cases/s-sidebar_navigation/TeamAccount/Broadcasts: Test Cases/s-sidebar_navigation/TeamAccount/Broadcasts

2019-04-26 16:06:49 - [TEST_STEP][PASSED] - callTestCase: Call Test Case 'Test Cases/s-sidebar_navigation/individualAccount/broadcast' successfully

2019-04-26 16:06:49 - [TEST_CASE][PASSED] - Test Cases/s-sidebar_navigation/individualAccount/broadcast: Test Cases/s-sidebar_navigation/individualAccount/broadcast

2019-04-26 16:06:49 - [TEST_STEP][PASSED] - click: Object: 'Object Repository/Page_KiboPush  Dashboard/span_Polls' is clicked on

2019-04-26 16:06:49 - [MESSAGE][PASSED] - Object: 'Object Repository/Page_KiboPush  Dashboard/span_Polls' is clicked on

2019-04-26 16:06:49 - [TEST_STEP][PASSED] - delay: Delayed 1 second(s)

2019-04-26 16:06:50 - [MESSAGE][PASSED] - Delayed 1 second(s)

2019-04-26 16:06:50 - [TEST_STEP][PASSED] - click: Object: 'Object Repository/Page_KiboPush  Dashboard/span_Broadcasts' is clicked on

2019-04-26 16:06:50 - [MESSAGE][PASSED] - Object: 'Object Repository/Page_KiboPush  Dashboard/span_Broadcasts' is clicked on

2019-04-26 16:06:50 - [TEST_STEP][PASSED] - delay: Delayed 1 second(s)

2019-04-26 16:06:51 - [MESSAGE][PASSED] - Delayed 1 second(s)

2019-04-26 16:06:51 - [TEST_STEP][PASSED] - scrollToPosition: Browser is scrolled to position x = 0, y = 0

2019-04-26 16:06:51 - [MESSAGE][PASSED] - Browser is scrolled to position x = 0, y = 0

2019-04-26 16:06:51 - [TEST_STEP][PASSED] - click: Object: 'Object Repository/Page_KiboPush  Broadcast/h3_Manage Broadcasts' is clicked on

2019-04-26 16:06:51 - [MESSAGE][PASSED] - Object: 'Object Repository/Page_KiboPush  Broadcast/h3_Manage Broadcasts' is clicked on

2019-04-26 16:06:51 - [MESSAGE][PASSED] - Call Test Case 'Test Cases/s-sidebar_navigation/individualAccount/broadcast' successfully

2019-04-26 16:06:51 - [MESSAGE][PASSED] - Call Test Case 'Test Cases/s-sidebar_navigation/TeamAccount/Broadcasts' successfully

2019-04-26 16:06:51 - [TEST_STEP][PASSED] - selectOptionByValue: All options with value 'card' are selected in object 'Object Repository/Page_KiboPush  Broadcast/select_Filter by type...textim'  using regular expression

2019-04-26 16:06:52 - [MESSAGE][PASSED] - All options with value 'card' are selected in object 'Object Repository/Page_KiboPush  Broadcast/select_Filter by type...textim'  using regular expression

2019-04-26 16:06:52 - [TEST_STEP][PASSED] - delay: Delayed 1 second(s)

2019-04-26 16:06:53 - [MESSAGE][PASSED] - Delayed 1 second(s)

2019-04-26 16:06:53 - [TEST_STEP][PASSED] - click: Object: 'Object Repository/Page_KiboPush  Broadcast/span_card' is clicked on

2019-04-26 16:06:53 - [MESSAGE][PASSED] - Object: 'Object Repository/Page_KiboPush  Broadcast/span_card' is clicked on]]></system-out>
         <system-err><![CDATA[]]></system-err>
      </testcase>
      <testcase name="Test Cases/Broadcasts/TC0113" classname="Test Cases/Broadcasts/TC0113" status="PASSED">
         <system-out><![CDATA[2019-04-26 16:06:53 - [TEST_CASE][PASSED] - Test Cases/Broadcasts/TC0113: Test Cases/Broadcasts/TC0113

2019-04-26 16:06:53 - [TEST_STEP][PASSED] - callTestCase: Call Test Case 'Test Cases/s-sidebar_navigation/TeamAccount/Broadcasts' successfully

2019-04-26 16:06:53 - [TEST_CASE][PASSED] - Test Cases/s-sidebar_navigation/TeamAccount/Broadcasts: Test Cases/s-sidebar_navigation/TeamAccount/Broadcasts

2019-04-26 16:06:53 - [TEST_STEP][PASSED] - callTestCase: Call Test Case 'Test Cases/s-sidebar_navigation/individualAccount/broadcast' successfully

2019-04-26 16:06:53 - [TEST_CASE][PASSED] - Test Cases/s-sidebar_navigation/individualAccount/broadcast: Test Cases/s-sidebar_navigation/individualAccount/broadcast

2019-04-26 16:06:53 - [TEST_STEP][PASSED] - click: Object: 'Object Repository/Page_KiboPush  Dashboard/span_Polls' is clicked on

2019-04-26 16:06:54 - [MESSAGE][PASSED] - Object: 'Object Repository/Page_KiboPush  Dashboard/span_Polls' is clicked on

2019-04-26 16:06:54 - [TEST_STEP][PASSED] - delay: Delayed 1 second(s)

2019-04-26 16:06:55 - [MESSAGE][PASSED] - Delayed 1 second(s)

2019-04-26 16:06:55 - [TEST_STEP][PASSED] - click: Object: 'Object Repository/Page_KiboPush  Dashboard/span_Broadcasts' is clicked on

2019-04-26 16:06:55 - [MESSAGE][PASSED] - Object: 'Object Repository/Page_KiboPush  Dashboard/span_Broadcasts' is clicked on

2019-04-26 16:06:55 - [TEST_STEP][PASSED] - delay: Delayed 1 second(s)

2019-04-26 16:06:56 - [MESSAGE][PASSED] - Delayed 1 second(s)

2019-04-26 16:06:56 - [TEST_STEP][PASSED] - scrollToPosition: Browser is scrolled to position x = 0, y = 0

2019-04-26 16:06:56 - [MESSAGE][PASSED] - Browser is scrolled to position x = 0, y = 0

2019-04-26 16:06:56 - [TEST_STEP][PASSED] - click: Object: 'Object Repository/Page_KiboPush  Broadcast/h3_Manage Broadcasts' is clicked on

2019-04-26 16:06:56 - [MESSAGE][PASSED] - Object: 'Object Repository/Page_KiboPush  Broadcast/h3_Manage Broadcasts' is clicked on

2019-04-26 16:06:56 - [MESSAGE][PASSED] - Call Test Case 'Test Cases/s-sidebar_navigation/individualAccount/broadcast' successfully

2019-04-26 16:06:56 - [MESSAGE][PASSED] - Call Test Case 'Test Cases/s-sidebar_navigation/TeamAccount/Broadcasts' successfully

2019-04-26 16:06:56 - [TEST_STEP][PASSED] - selectOptionByValue: All options with value 'gallery' are selected in object 'Object Repository/Page_KiboPush  Broadcast/select_Filter by type...textim (4)'  using regular expression

2019-04-26 16:06:57 - [MESSAGE][PASSED] - All options with value 'gallery' are selected in object 'Object Repository/Page_KiboPush  Broadcast/select_Filter by type...textim (4)'  using regular expression

2019-04-26 16:06:57 - [TEST_STEP][PASSED] - click: Object: 'Object Repository/Page_KiboPush  Broadcast/span_gallery' is clicked on

2019-04-26 16:06:59 - [MESSAGE][PASSED] - Object: 'Object Repository/Page_KiboPush  Broadcast/span_gallery' is clicked on]]></system-out>
         <system-err><![CDATA[]]></system-err>
      </testcase>
      <testcase name="Test Cases/Broadcasts/TC0114" classname="Test Cases/Broadcasts/TC0114" status="PASSED">
         <system-out><![CDATA[2019-04-26 16:06:59 - [TEST_CASE][PASSED] - Test Cases/Broadcasts/TC0114: Test Cases/Broadcasts/TC0114

2019-04-26 16:06:59 - [TEST_STEP][PASSED] - callTestCase: Call Test Case 'Test Cases/s-sidebar_navigation/TeamAccount/Broadcasts' successfully

2019-04-26 16:06:59 - [TEST_CASE][PASSED] - Test Cases/s-sidebar_navigation/TeamAccount/Broadcasts: Test Cases/s-sidebar_navigation/TeamAccount/Broadcasts

2019-04-26 16:06:59 - [TEST_STEP][PASSED] - callTestCase: Call Test Case 'Test Cases/s-sidebar_navigation/individualAccount/broadcast' successfully

2019-04-26 16:06:59 - [TEST_CASE][PASSED] - Test Cases/s-sidebar_navigation/individualAccount/broadcast: Test Cases/s-sidebar_navigation/individualAccount/broadcast

2019-04-26 16:06:59 - [TEST_STEP][PASSED] - click: Object: 'Object Repository/Page_KiboPush  Dashboard/span_Polls' is clicked on

2019-04-26 16:06:59 - [MESSAGE][PASSED] - Object: 'Object Repository/Page_KiboPush  Dashboard/span_Polls' is clicked on

2019-04-26 16:06:59 - [TEST_STEP][PASSED] - delay: Delayed 1 second(s)

2019-04-26 16:07:00 - [MESSAGE][PASSED] - Delayed 1 second(s)

2019-04-26 16:07:00 - [TEST_STEP][PASSED] - click: Object: 'Object Repository/Page_KiboPush  Dashboard/span_Broadcasts' is clicked on

2019-04-26 16:07:00 - [MESSAGE][PASSED] - Object: 'Object Repository/Page_KiboPush  Dashboard/span_Broadcasts' is clicked on

2019-04-26 16:07:00 - [TEST_STEP][PASSED] - delay: Delayed 1 second(s)

2019-04-26 16:07:01 - [MESSAGE][PASSED] - Delayed 1 second(s)

2019-04-26 16:07:01 - [TEST_STEP][PASSED] - scrollToPosition: Browser is scrolled to position x = 0, y = 0

2019-04-26 16:07:01 - [MESSAGE][PASSED] - Browser is scrolled to position x = 0, y = 0

2019-04-26 16:07:01 - [TEST_STEP][PASSED] - click: Object: 'Object Repository/Page_KiboPush  Broadcast/h3_Manage Broadcasts' is clicked on

2019-04-26 16:07:02 - [MESSAGE][PASSED] - Object: 'Object Repository/Page_KiboPush  Broadcast/h3_Manage Broadcasts' is clicked on

2019-04-26 16:07:02 - [MESSAGE][PASSED] - Call Test Case 'Test Cases/s-sidebar_navigation/individualAccount/broadcast' successfully

2019-04-26 16:07:02 - [MESSAGE][PASSED] - Call Test Case 'Test Cases/s-sidebar_navigation/TeamAccount/Broadcasts' successfully

2019-04-26 16:07:02 - [TEST_STEP][PASSED] - selectOptionByValue: All options with value 'audio' are selected in object 'Object Repository/Page_KiboPush  Broadcast/select_Filter by type...textim'  using regular expression

2019-04-26 16:07:02 - [MESSAGE][PASSED] - All options with value 'audio' are selected in object 'Object Repository/Page_KiboPush  Broadcast/select_Filter by type...textim'  using regular expression

2019-04-26 16:07:02 - [TEST_STEP][PASSED] - click: Object: 'Object Repository/Page_KiboPush  Broadcast/span_audio' is clicked on

2019-04-26 16:07:02 - [MESSAGE][PASSED] - Object: 'Object Repository/Page_KiboPush  Broadcast/span_audio' is clicked on]]></system-out>
         <system-err><![CDATA[]]></system-err>
      </testcase>
      <testcase name="Test Cases/Broadcasts/TC0115" classname="Test Cases/Broadcasts/TC0115" status="PASSED">
         <system-out><![CDATA[2019-04-26 16:07:02 - [TEST_CASE][PASSED] - Test Cases/Broadcasts/TC0115: Test Cases/Broadcasts/TC0115

2019-04-26 16:07:02 - [TEST_STEP][PASSED] - callTestCase: Call Test Case 'Test Cases/s-sidebar_navigation/TeamAccount/Broadcasts' successfully

2019-04-26 16:07:02 - [TEST_CASE][PASSED] - Test Cases/s-sidebar_navigation/TeamAccount/Broadcasts: Test Cases/s-sidebar_navigation/TeamAccount/Broadcasts

2019-04-26 16:07:02 - [TEST_STEP][PASSED] - callTestCase: Call Test Case 'Test Cases/s-sidebar_navigation/individualAccount/broadcast' successfully

2019-04-26 16:07:02 - [TEST_CASE][PASSED] - Test Cases/s-sidebar_navigation/individualAccount/broadcast: Test Cases/s-sidebar_navigation/individualAccount/broadcast

2019-04-26 16:07:02 - [TEST_STEP][PASSED] - click: Object: 'Object Repository/Page_KiboPush  Dashboard/span_Polls' is clicked on

2019-04-26 16:07:02 - [MESSAGE][PASSED] - Object: 'Object Repository/Page_KiboPush  Dashboard/span_Polls' is clicked on

2019-04-26 16:07:02 - [TEST_STEP][PASSED] - delay: Delayed 1 second(s)

2019-04-26 16:07:03 - [MESSAGE][PASSED] - Delayed 1 second(s)

2019-04-26 16:07:03 - [TEST_STEP][PASSED] - click: Object: 'Object Repository/Page_KiboPush  Dashboard/span_Broadcasts' is clicked on

2019-04-26 16:07:04 - [MESSAGE][PASSED] - Object: 'Object Repository/Page_KiboPush  Dashboard/span_Broadcasts' is clicked on

2019-04-26 16:07:04 - [TEST_STEP][PASSED] - delay: Delayed 1 second(s)

2019-04-26 16:07:05 - [MESSAGE][PASSED] - Delayed 1 second(s)

2019-04-26 16:07:05 - [TEST_STEP][PASSED] - scrollToPosition: Browser is scrolled to position x = 0, y = 0

2019-04-26 16:07:05 - [MESSAGE][PASSED] - Browser is scrolled to position x = 0, y = 0

2019-04-26 16:07:05 - [TEST_STEP][PASSED] - click: Object: 'Object Repository/Page_KiboPush  Broadcast/h3_Manage Broadcasts' is clicked on

2019-04-26 16:07:05 - [MESSAGE][PASSED] - Object: 'Object Repository/Page_KiboPush  Broadcast/h3_Manage Broadcasts' is clicked on

2019-04-26 16:07:05 - [MESSAGE][PASSED] - Call Test Case 'Test Cases/s-sidebar_navigation/individualAccount/broadcast' successfully

2019-04-26 16:07:05 - [MESSAGE][PASSED] - Call Test Case 'Test Cases/s-sidebar_navigation/TeamAccount/Broadcasts' successfully

2019-04-26 16:07:05 - [TEST_STEP][PASSED] - selectOptionByValue: All options with value 'video' are selected in object 'Object Repository/Page_KiboPush  Broadcast/select_Filter by type...textim (1)'  using regular expression

2019-04-26 16:07:05 - [MESSAGE][PASSED] - All options with value 'video' are selected in object 'Object Repository/Page_KiboPush  Broadcast/select_Filter by type...textim (1)'  using regular expression

2019-04-26 16:07:05 - [TEST_STEP][PASSED] - click: Object: 'Object Repository/Page_KiboPush  Broadcast/span_video' is clicked on

2019-04-26 16:07:07 - [MESSAGE][PASSED] - Object: 'Object Repository/Page_KiboPush  Broadcast/span_video' is clicked on]]></system-out>
         <system-err><![CDATA[]]></system-err>
      </testcase>
      <testcase name="Test Cases/Broadcasts/TC0116" classname="Test Cases/Broadcasts/TC0116" status="PASSED">
         <system-out><![CDATA[2019-04-26 16:07:07 - [TEST_CASE][PASSED] - Test Cases/Broadcasts/TC0116: Test Cases/Broadcasts/TC0116

2019-04-26 16:07:07 - [TEST_STEP][PASSED] - callTestCase: Call Test Case 'Test Cases/s-sidebar_navigation/TeamAccount/Broadcasts' successfully

2019-04-26 16:07:07 - [TEST_CASE][PASSED] - Test Cases/s-sidebar_navigation/TeamAccount/Broadcasts: Test Cases/s-sidebar_navigation/TeamAccount/Broadcasts

2019-04-26 16:07:07 - [TEST_STEP][PASSED] - callTestCase: Call Test Case 'Test Cases/s-sidebar_navigation/individualAccount/broadcast' successfully

2019-04-26 16:07:07 - [TEST_CASE][PASSED] - Test Cases/s-sidebar_navigation/individualAccount/broadcast: Test Cases/s-sidebar_navigation/individualAccount/broadcast

2019-04-26 16:07:07 - [TEST_STEP][PASSED] - click: Object: 'Object Repository/Page_KiboPush  Dashboard/span_Polls' is clicked on

2019-04-26 16:07:07 - [MESSAGE][PASSED] - Object: 'Object Repository/Page_KiboPush  Dashboard/span_Polls' is clicked on

2019-04-26 16:07:07 - [TEST_STEP][PASSED] - delay: Delayed 1 second(s)

2019-04-26 16:07:08 - [MESSAGE][PASSED] - Delayed 1 second(s)

2019-04-26 16:07:08 - [TEST_STEP][PASSED] - click: Object: 'Object Repository/Page_KiboPush  Dashboard/span_Broadcasts' is clicked on

2019-04-26 16:07:08 - [MESSAGE][PASSED] - Object: 'Object Repository/Page_KiboPush  Dashboard/span_Broadcasts' is clicked on

2019-04-26 16:07:08 - [TEST_STEP][PASSED] - delay: Delayed 1 second(s)

2019-04-26 16:07:09 - [MESSAGE][PASSED] - Delayed 1 second(s)

2019-04-26 16:07:09 - [TEST_STEP][PASSED] - scrollToPosition: Browser is scrolled to position x = 0, y = 0

2019-04-26 16:07:09 - [MESSAGE][PASSED] - Browser is scrolled to position x = 0, y = 0

2019-04-26 16:07:09 - [TEST_STEP][PASSED] - click: Object: 'Object Repository/Page_KiboPush  Broadcast/h3_Manage Broadcasts' is clicked on

2019-04-26 16:07:09 - [MESSAGE][PASSED] - Object: 'Object Repository/Page_KiboPush  Broadcast/h3_Manage Broadcasts' is clicked on

2019-04-26 16:07:09 - [MESSAGE][PASSED] - Call Test Case 'Test Cases/s-sidebar_navigation/individualAccount/broadcast' successfully

2019-04-26 16:07:09 - [MESSAGE][PASSED] - Call Test Case 'Test Cases/s-sidebar_navigation/TeamAccount/Broadcasts' successfully

2019-04-26 16:07:09 - [TEST_STEP][PASSED] - selectOptionByValue: All options with value 'file' are selected in object 'Object Repository/Page_KiboPush  Broadcast/select_Filter by type...textim (5)'  using regular expression

2019-04-26 16:07:10 - [MESSAGE][PASSED] - All options with value 'file' are selected in object 'Object Repository/Page_KiboPush  Broadcast/select_Filter by type...textim (5)'  using regular expression

2019-04-26 16:07:10 - [TEST_STEP][PASSED] - click: Object: 'Object Repository/Page_KiboPush  Broadcast/span_file' is clicked on

2019-04-26 16:07:11 - [MESSAGE][PASSED] - Object: 'Object Repository/Page_KiboPush  Broadcast/span_file' is clicked on]]></system-out>
         <system-err><![CDATA[]]></system-err>
      </testcase>
      <testcase name="Test Cases/Broadcasts/TC0117" classname="Test Cases/Broadcasts/TC0117" status="PASSED">
         <system-out><![CDATA[2019-04-26 16:07:11 - [TEST_CASE][PASSED] - Test Cases/Broadcasts/TC0117: Test Cases/Broadcasts/TC0117

2019-04-26 16:07:11 - [TEST_STEP][PASSED] - callTestCase: Call Test Case 'Test Cases/s-sidebar_navigation/TeamAccount/Broadcasts' successfully

2019-04-26 16:07:11 - [TEST_CASE][PASSED] - Test Cases/s-sidebar_navigation/TeamAccount/Broadcasts: Test Cases/s-sidebar_navigation/TeamAccount/Broadcasts

2019-04-26 16:07:11 - [TEST_STEP][PASSED] - callTestCase: Call Test Case 'Test Cases/s-sidebar_navigation/individualAccount/broadcast' successfully

2019-04-26 16:07:11 - [TEST_CASE][PASSED] - Test Cases/s-sidebar_navigation/individualAccount/broadcast: Test Cases/s-sidebar_navigation/individualAccount/broadcast

2019-04-26 16:07:11 - [TEST_STEP][PASSED] - click: Object: 'Object Repository/Page_KiboPush  Dashboard/span_Polls' is clicked on

2019-04-26 16:07:11 - [MESSAGE][PASSED] - Object: 'Object Repository/Page_KiboPush  Dashboard/span_Polls' is clicked on

2019-04-26 16:07:11 - [TEST_STEP][PASSED] - delay: Delayed 1 second(s)

2019-04-26 16:07:12 - [MESSAGE][PASSED] - Delayed 1 second(s)

2019-04-26 16:07:12 - [TEST_STEP][PASSED] - click: Object: 'Object Repository/Page_KiboPush  Dashboard/span_Broadcasts' is clicked on

2019-04-26 16:07:13 - [MESSAGE][PASSED] - Object: 'Object Repository/Page_KiboPush  Dashboard/span_Broadcasts' is clicked on

2019-04-26 16:07:13 - [TEST_STEP][PASSED] - delay: Delayed 1 second(s)

2019-04-26 16:07:14 - [MESSAGE][PASSED] - Delayed 1 second(s)

2019-04-26 16:07:14 - [TEST_STEP][PASSED] - scrollToPosition: Browser is scrolled to position x = 0, y = 0

2019-04-26 16:07:14 - [MESSAGE][PASSED] - Browser is scrolled to position x = 0, y = 0

2019-04-26 16:07:14 - [TEST_STEP][PASSED] - click: Object: 'Object Repository/Page_KiboPush  Broadcast/h3_Manage Broadcasts' is clicked on

2019-04-26 16:07:14 - [MESSAGE][PASSED] - Object: 'Object Repository/Page_KiboPush  Broadcast/h3_Manage Broadcasts' is clicked on

2019-04-26 16:07:14 - [MESSAGE][PASSED] - Call Test Case 'Test Cases/s-sidebar_navigation/individualAccount/broadcast' successfully

2019-04-26 16:07:14 - [MESSAGE][PASSED] - Call Test Case 'Test Cases/s-sidebar_navigation/TeamAccount/Broadcasts' successfully

2019-04-26 16:07:14 - [TEST_STEP][PASSED] - selectOptionByValue: All options with value 'list' are selected in object 'Object Repository/Page_KiboPush  Broadcast/select_Filter by type...textim (6)'  using regular expression

2019-04-26 16:07:14 - [MESSAGE][PASSED] - All options with value 'list' are selected in object 'Object Repository/Page_KiboPush  Broadcast/select_Filter by type...textim (6)'  using regular expression

2019-04-26 16:07:14 - [TEST_STEP][PASSED] - click: Object: 'Object Repository/Page_KiboPush  Broadcast/span_list' is clicked on

2019-04-26 16:07:15 - [MESSAGE][PASSED] - Object: 'Object Repository/Page_KiboPush  Broadcast/span_list' is clicked on]]></system-out>
         <system-err><![CDATA[]]></system-err>
      </testcase>
      <testcase name="Test Cases/Broadcasts/TC0119" classname="Test Cases/Broadcasts/TC0119" status="PASSED">
         <system-out><![CDATA[2019-04-26 16:07:15 - [TEST_CASE][PASSED] - Test Cases/Broadcasts/TC0119: Test Cases/Broadcasts/TC0119

2019-04-26 16:07:16 - [TEST_STEP][PASSED] - callTestCase: Call Test Case 'Test Cases/s-sidebar_navigation/TeamAccount/Broadcasts' successfully

2019-04-26 16:07:16 - [TEST_CASE][PASSED] - Test Cases/s-sidebar_navigation/TeamAccount/Broadcasts: Test Cases/s-sidebar_navigation/TeamAccount/Broadcasts

2019-04-26 16:07:16 - [TEST_STEP][PASSED] - callTestCase: Call Test Case 'Test Cases/s-sidebar_navigation/individualAccount/broadcast' successfully

2019-04-26 16:07:16 - [TEST_CASE][PASSED] - Test Cases/s-sidebar_navigation/individualAccount/broadcast: Test Cases/s-sidebar_navigation/individualAccount/broadcast

2019-04-26 16:07:16 - [TEST_STEP][PASSED] - click: Object: 'Object Repository/Page_KiboPush  Dashboard/span_Polls' is clicked on

2019-04-26 16:07:16 - [MESSAGE][PASSED] - Object: 'Object Repository/Page_KiboPush  Dashboard/span_Polls' is clicked on

2019-04-26 16:07:16 - [TEST_STEP][PASSED] - delay: Delayed 1 second(s)

2019-04-26 16:07:17 - [MESSAGE][PASSED] - Delayed 1 second(s)

2019-04-26 16:07:17 - [TEST_STEP][PASSED] - click: Object: 'Object Repository/Page_KiboPush  Dashboard/span_Broadcasts' is clicked on

2019-04-26 16:07:17 - [MESSAGE][PASSED] - Object: 'Object Repository/Page_KiboPush  Dashboard/span_Broadcasts' is clicked on

2019-04-26 16:07:17 - [TEST_STEP][PASSED] - delay: Delayed 1 second(s)

2019-04-26 16:07:18 - [MESSAGE][PASSED] - Delayed 1 second(s)

2019-04-26 16:07:18 - [TEST_STEP][PASSED] - scrollToPosition: Browser is scrolled to position x = 0, y = 0

2019-04-26 16:07:18 - [MESSAGE][PASSED] - Browser is scrolled to position x = 0, y = 0

2019-04-26 16:07:18 - [TEST_STEP][PASSED] - click: Object: 'Object Repository/Page_KiboPush  Broadcast/h3_Manage Broadcasts' is clicked on

2019-04-26 16:07:18 - [MESSAGE][PASSED] - Object: 'Object Repository/Page_KiboPush  Broadcast/h3_Manage Broadcasts' is clicked on

2019-04-26 16:07:18 - [MESSAGE][PASSED] - Call Test Case 'Test Cases/s-sidebar_navigation/individualAccount/broadcast' successfully

2019-04-26 16:07:18 - [MESSAGE][PASSED] - Call Test Case 'Test Cases/s-sidebar_navigation/TeamAccount/Broadcasts' successfully

2019-04-26 16:07:18 - [TEST_STEP][PASSED] - selectOptionByValue: All options with value 'miscellaneous' are selected in object 'Object Repository/Page_KiboPush  Broadcast/select_Filter by type...textim'  using regular expression

2019-04-26 16:07:19 - [MESSAGE][PASSED] - All options with value 'miscellaneous' are selected in object 'Object Repository/Page_KiboPush  Broadcast/select_Filter by type...textim'  using regular expression

2019-04-26 16:07:19 - [TEST_STEP][PASSED] - click: Object: 'Object Repository/Page_KiboPush  Broadcast/span_Miscellaneous' is clicked on

2019-04-26 16:07:20 - [MESSAGE][PASSED] - Object: 'Object Repository/Page_KiboPush  Broadcast/span_Miscellaneous' is clicked on]]></system-out>
         <system-err><![CDATA[]]></system-err>
      </testcase>
      <testcase name="Test Cases/Broadcasts/TC0120" classname="Test Cases/Broadcasts/TC0120" status="PASSED">
         <system-out><![CDATA[2019-04-26 16:07:20 - [TEST_CASE][PASSED] - Test Cases/Broadcasts/TC0120: Test Cases/Broadcasts/TC0120

2019-04-26 16:07:20 - [TEST_STEP][PASSED] - callTestCase: Call Test Case 'Test Cases/s-sidebar_navigation/TeamAccount/Broadcasts' successfully

2019-04-26 16:07:20 - [TEST_CASE][PASSED] - Test Cases/s-sidebar_navigation/TeamAccount/Broadcasts: Test Cases/s-sidebar_navigation/TeamAccount/Broadcasts

2019-04-26 16:07:20 - [TEST_STEP][PASSED] - callTestCase: Call Test Case 'Test Cases/s-sidebar_navigation/individualAccount/broadcast' successfully

2019-04-26 16:07:20 - [TEST_CASE][PASSED] - Test Cases/s-sidebar_navigation/individualAccount/broadcast: Test Cases/s-sidebar_navigation/individualAccount/broadcast

2019-04-26 16:07:20 - [TEST_STEP][PASSED] - click: Object: 'Object Repository/Page_KiboPush  Dashboard/span_Polls' is clicked on

2019-04-26 16:07:20 - [MESSAGE][PASSED] - Object: 'Object Repository/Page_KiboPush  Dashboard/span_Polls' is clicked on

2019-04-26 16:07:20 - [TEST_STEP][PASSED] - delay: Delayed 1 second(s)

2019-04-26 16:07:21 - [MESSAGE][PASSED] - Delayed 1 second(s)

2019-04-26 16:07:21 - [TEST_STEP][PASSED] - click: Object: 'Object Repository/Page_KiboPush  Dashboard/span_Broadcasts' is clicked on

2019-04-26 16:07:22 - [MESSAGE][PASSED] - Object: 'Object Repository/Page_KiboPush  Dashboard/span_Broadcasts' is clicked on

2019-04-26 16:07:22 - [TEST_STEP][PASSED] - delay: Delayed 1 second(s)

2019-04-26 16:07:23 - [MESSAGE][PASSED] - Delayed 1 second(s)

2019-04-26 16:07:23 - [TEST_STEP][PASSED] - scrollToPosition: Browser is scrolled to position x = 0, y = 0

2019-04-26 16:07:23 - [MESSAGE][PASSED] - Browser is scrolled to position x = 0, y = 0

2019-04-26 16:07:23 - [TEST_STEP][PASSED] - click: Object: 'Object Repository/Page_KiboPush  Broadcast/h3_Manage Broadcasts' is clicked on

2019-04-26 16:07:23 - [MESSAGE][PASSED] - Object: 'Object Repository/Page_KiboPush  Broadcast/h3_Manage Broadcasts' is clicked on

2019-04-26 16:07:23 - [MESSAGE][PASSED] - Call Test Case 'Test Cases/s-sidebar_navigation/individualAccount/broadcast' successfully

2019-04-26 16:07:23 - [MESSAGE][PASSED] - Call Test Case 'Test Cases/s-sidebar_navigation/TeamAccount/Broadcasts' successfully

2019-04-26 16:07:23 - [TEST_STEP][PASSED] - selectOptionByValue: All options with value 'all' are selected in object 'Object Repository/Page_KiboPush  Broadcast/select_Filter by type...textim'  using regular expression

2019-04-26 16:07:23 - [MESSAGE][PASSED] - All options with value 'all' are selected in object 'Object Repository/Page_KiboPush  Broadcast/select_Filter by type...textim'  using regular expression]]></system-out>
         <system-err><![CDATA[]]></system-err>
      </testcase>
      <testcase name="Test Cases/Broadcasts/TC0121" classname="Test Cases/Broadcasts/TC0121" status="PASSED">
         <system-out><![CDATA[2019-04-26 16:07:23 - [TEST_CASE][PASSED] - Test Cases/Broadcasts/TC0121: Test Cases/Broadcasts/TC0121

2019-04-26 16:07:23 - [TEST_STEP][PASSED] - callTestCase: Call Test Case 'Test Cases/s-sidebar_navigation/TeamAccount/Broadcasts' successfully

2019-04-26 16:07:23 - [TEST_CASE][PASSED] - Test Cases/s-sidebar_navigation/TeamAccount/Broadcasts: Test Cases/s-sidebar_navigation/TeamAccount/Broadcasts

2019-04-26 16:07:23 - [TEST_STEP][PASSED] - callTestCase: Call Test Case 'Test Cases/s-sidebar_navigation/individualAccount/broadcast' successfully

2019-04-26 16:07:23 - [TEST_CASE][PASSED] - Test Cases/s-sidebar_navigation/individualAccount/broadcast: Test Cases/s-sidebar_navigation/individualAccount/broadcast

2019-04-26 16:07:23 - [TEST_STEP][PASSED] - click: Object: 'Object Repository/Page_KiboPush  Dashboard/span_Polls' is clicked on

2019-04-26 16:07:24 - [MESSAGE][PASSED] - Object: 'Object Repository/Page_KiboPush  Dashboard/span_Polls' is clicked on

2019-04-26 16:07:24 - [TEST_STEP][PASSED] - delay: Delayed 1 second(s)

2019-04-26 16:07:25 - [MESSAGE][PASSED] - Delayed 1 second(s)

2019-04-26 16:07:25 - [TEST_STEP][PASSED] - click: Object: 'Object Repository/Page_KiboPush  Dashboard/span_Broadcasts' is clicked on

2019-04-26 16:07:25 - [MESSAGE][PASSED] - Object: 'Object Repository/Page_KiboPush  Dashboard/span_Broadcasts' is clicked on

2019-04-26 16:07:25 - [TEST_STEP][PASSED] - delay: Delayed 1 second(s)

2019-04-26 16:07:26 - [MESSAGE][PASSED] - Delayed 1 second(s)

2019-04-26 16:07:26 - [TEST_STEP][PASSED] - scrollToPosition: Browser is scrolled to position x = 0, y = 0

2019-04-26 16:07:26 - [MESSAGE][PASSED] - Browser is scrolled to position x = 0, y = 0

2019-04-26 16:07:26 - [TEST_STEP][PASSED] - click: Object: 'Object Repository/Page_KiboPush  Broadcast/h3_Manage Broadcasts' is clicked on

2019-04-26 16:07:26 - [MESSAGE][PASSED] - Object: 'Object Repository/Page_KiboPush  Broadcast/h3_Manage Broadcasts' is clicked on

2019-04-26 16:07:26 - [MESSAGE][PASSED] - Call Test Case 'Test Cases/s-sidebar_navigation/individualAccount/broadcast' successfully

2019-04-26 16:07:26 - [MESSAGE][PASSED] - Call Test Case 'Test Cases/s-sidebar_navigation/TeamAccount/Broadcasts' successfully

2019-04-26 16:07:26 - [TEST_STEP][PASSED] - selectOptionByValue: All options with value 'video' are selected in object 'Object Repository/Page_KiboPush  Broadcast/select_Filter by type...textim (3)'  using regular expression

2019-04-26 16:07:26 - [MESSAGE][PASSED] - All options with value 'video' are selected in object 'Object Repository/Page_KiboPush  Broadcast/select_Filter by type...textim (3)'  using regular expression

2019-04-26 16:07:26 - [TEST_STEP][PASSED] - click: Object: 'Object Repository/Page_KiboPush  Broadcast/span_video (1)' is clicked on

2019-04-26 16:07:28 - [MESSAGE][PASSED] - Object: 'Object Repository/Page_KiboPush  Broadcast/span_video (1)' is clicked on]]></system-out>
         <system-err><![CDATA[]]></system-err>
      </testcase>
      <testcase name="Test Cases/Broadcasts/TC0122" classname="Test Cases/Broadcasts/TC0122" status="PASSED">
         <system-out><![CDATA[2019-04-26 16:07:28 - [TEST_CASE][PASSED] - Test Cases/Broadcasts/TC0122: Test Cases/Broadcasts/TC0122

2019-04-26 16:07:28 - [TEST_STEP][PASSED] - callTestCase: Call Test Case 'Test Cases/s-sidebar_navigation/TeamAccount/Broadcasts' successfully

2019-04-26 16:07:28 - [TEST_CASE][PASSED] - Test Cases/s-sidebar_navigation/TeamAccount/Broadcasts: Test Cases/s-sidebar_navigation/TeamAccount/Broadcasts

2019-04-26 16:07:28 - [TEST_STEP][PASSED] - callTestCase: Call Test Case 'Test Cases/s-sidebar_navigation/individualAccount/broadcast' successfully

2019-04-26 16:07:28 - [TEST_CASE][PASSED] - Test Cases/s-sidebar_navigation/individualAccount/broadcast: Test Cases/s-sidebar_navigation/individualAccount/broadcast

2019-04-26 16:07:28 - [TEST_STEP][PASSED] - click: Object: 'Object Repository/Page_KiboPush  Dashboard/span_Polls' is clicked on

2019-04-26 16:07:28 - [MESSAGE][PASSED] - Object: 'Object Repository/Page_KiboPush  Dashboard/span_Polls' is clicked on

2019-04-26 16:07:28 - [TEST_STEP][PASSED] - delay: Delayed 1 second(s)

2019-04-26 16:07:29 - [MESSAGE][PASSED] - Delayed 1 second(s)

2019-04-26 16:07:29 - [TEST_STEP][PASSED] - click: Object: 'Object Repository/Page_KiboPush  Dashboard/span_Broadcasts' is clicked on

2019-04-26 16:07:29 - [MESSAGE][PASSED] - Object: 'Object Repository/Page_KiboPush  Dashboard/span_Broadcasts' is clicked on

2019-04-26 16:07:29 - [TEST_STEP][PASSED] - delay: Delayed 1 second(s)

2019-04-26 16:07:30 - [MESSAGE][PASSED] - Delayed 1 second(s)

2019-04-26 16:07:30 - [TEST_STEP][PASSED] - scrollToPosition: Browser is scrolled to position x = 0, y = 0

2019-04-26 16:07:30 - [MESSAGE][PASSED] - Browser is scrolled to position x = 0, y = 0

2019-04-26 16:07:30 - [TEST_STEP][PASSED] - click: Object: 'Object Repository/Page_KiboPush  Broadcast/h3_Manage Broadcasts' is clicked on

2019-04-26 16:07:31 - [MESSAGE][PASSED] - Object: 'Object Repository/Page_KiboPush  Broadcast/h3_Manage Broadcasts' is clicked on

2019-04-26 16:07:31 - [MESSAGE][PASSED] - Call Test Case 'Test Cases/s-sidebar_navigation/individualAccount/broadcast' successfully

2019-04-26 16:07:31 - [MESSAGE][PASSED] - Call Test Case 'Test Cases/s-sidebar_navigation/TeamAccount/Broadcasts' successfully

2019-04-26 16:07:31 - [TEST_STEP][PASSED] - delay: Delayed 2 second(s)

2019-04-26 16:07:33 - [MESSAGE][PASSED] - Delayed 2 second(s)

2019-04-26 16:07:33 - [TEST_STEP][PASSED] - Statement - driver = com.kms.katalon.core.webui.driver.DriverFactory.getWebDriver(): null

2019-04-26 16:07:33 - [TEST_STEP][PASSED] - Statement - Table = driver.findElement(org.openqa.selenium.By.xpath("//table/tbody")): null

2019-04-26 16:07:33 - [TEST_STEP][PASSED] - Statement - rows_table = Table.findElements(org.openqa.selenium.By.tagName("tr")): null

2019-04-26 16:07:33 - [TEST_STEP][PASSED] - Statement - rows_count_before = rows_table.size(): null

2019-04-26 16:07:33 - [TEST_STEP][PASSED] - setText: Text '7' is set on object 'Object Repository/Page_KiboPush  Broadcast/input_example-text-input'

2019-04-26 16:07:33 - [MESSAGE][PASSED] - Text '7' is set on object 'Object Repository/Page_KiboPush  Broadcast/input_example-text-input'

2019-04-26 16:07:33 - [TEST_STEP][PASSED] - delay: Delayed 2 second(s)

2019-04-26 16:07:35 - [MESSAGE][PASSED] - Delayed 2 second(s)

2019-04-26 16:07:35 - [TEST_STEP][PASSED] - Statement - Table = driver.findElement(org.openqa.selenium.By.xpath("//table/tbody")): null

2019-04-26 16:07:35 - [TEST_STEP][PASSED] - Statement - rows_table = Table.findElements(org.openqa.selenium.By.tagName("tr")): null

2019-04-26 16:07:35 - [TEST_STEP][PASSED] - Statement - rows_count_after = rows_table.size(): null

2019-04-26 16:07:35 - [TEST_STEP][PASSED] - verifyNotMatch: Actual text '10' and expected text '1' are not matched 

2019-04-26 16:07:35 - [MESSAGE][PASSED] - Actual text '10' and expected text '1' are not matched 

2019-04-26 16:07:35 - [TEST_STEP][PASSED] - Statement - lastDateStr = Table.findElement(org.openqa.selenium.By.xpath("./tr[" + rows_count_after + "]/td[3]")).getText(): null

2019-04-26 16:07:35 - [TEST_STEP][PASSED] - Statement - dateFormat = new java.text.SimpleDateFormat(EEE MMM dd yyyy hh:mm aaa, java.util.Locale.ENGLISH): null

2019-04-26 16:07:35 - [TEST_STEP][PASSED] - Statement - lastDate = dateFormat.parse(lastDateStr): null

2019-04-26 16:07:35 - [TEST_STEP][PASSED] - Statement - currentDate = new java.util.Date(): null

2019-04-26 16:07:35 - [TEST_STEP][PASSED] - Statement - ltime = currentDate.getTime() - 7 * 24 * 60 * 60 * 1000: null

2019-04-26 16:07:35 - [TEST_STEP][PASSED] - Statement - currentDate = new java.util.Date(ltime): null

2019-04-26 16:07:35 - [TEST_STEP][PASSED] - Statement - println(lastDate): null

2019-04-26 16:07:35 - [TEST_STEP][PASSED] - Statement - println(currentDate): null

2019-04-26 16:07:35 - [TEST_STEP][PASSED] - Statement - If (currentDate.compareTo(lastDate).toString() == "-1"): Actual text '-1' and expected text '-1' are matched 

2019-04-26 16:07:35 - [TEST_STEP][PASSED] - verifyMatch: Actual text '-1' and expected text '-1' are matched 

2019-04-26 16:07:35 - [MESSAGE][PASSED] - Actual text '-1' and expected text '-1' are matched]]></system-out>
         <system-err><![CDATA[]]></system-err>
      </testcase>
      <testcase name="Test Cases/Broadcasts/TC0123" classname="Test Cases/Broadcasts/TC0123" status="PASSED">
         <system-out><![CDATA[2019-04-26 16:07:35 - [TEST_CASE][PASSED] - Test Cases/Broadcasts/TC0123: Test Cases/Broadcasts/TC0123

2019-04-26 16:07:35 - [TEST_STEP][PASSED] - callTestCase: Call Test Case 'Test Cases/s-sidebar_navigation/TeamAccount/Broadcasts' successfully

2019-04-26 16:07:35 - [TEST_CASE][PASSED] - Test Cases/s-sidebar_navigation/TeamAccount/Broadcasts: Test Cases/s-sidebar_navigation/TeamAccount/Broadcasts

2019-04-26 16:07:35 - [TEST_STEP][PASSED] - callTestCase: Call Test Case 'Test Cases/s-sidebar_navigation/individualAccount/broadcast' successfully

2019-04-26 16:07:35 - [TEST_CASE][PASSED] - Test Cases/s-sidebar_navigation/individualAccount/broadcast: Test Cases/s-sidebar_navigation/individualAccount/broadcast

2019-04-26 16:07:35 - [TEST_STEP][PASSED] - click: Object: 'Object Repository/Page_KiboPush  Dashboard/span_Polls' is clicked on

2019-04-26 16:07:36 - [MESSAGE][PASSED] - Object: 'Object Repository/Page_KiboPush  Dashboard/span_Polls' is clicked on

2019-04-26 16:07:36 - [TEST_STEP][PASSED] - delay: Delayed 1 second(s)

2019-04-26 16:07:37 - [MESSAGE][PASSED] - Delayed 1 second(s)

2019-04-26 16:07:37 - [TEST_STEP][PASSED] - click: Object: 'Object Repository/Page_KiboPush  Dashboard/span_Broadcasts' is clicked on

2019-04-26 16:07:37 - [MESSAGE][PASSED] - Object: 'Object Repository/Page_KiboPush  Dashboard/span_Broadcasts' is clicked on

2019-04-26 16:07:37 - [TEST_STEP][PASSED] - delay: Delayed 1 second(s)

2019-04-26 16:07:38 - [MESSAGE][PASSED] - Delayed 1 second(s)

2019-04-26 16:07:38 - [TEST_STEP][PASSED] - scrollToPosition: Browser is scrolled to position x = 0, y = 0

2019-04-26 16:07:38 - [MESSAGE][PASSED] - Browser is scrolled to position x = 0, y = 0

2019-04-26 16:07:38 - [TEST_STEP][PASSED] - click: Object: 'Object Repository/Page_KiboPush  Broadcast/h3_Manage Broadcasts' is clicked on

2019-04-26 16:07:38 - [MESSAGE][PASSED] - Object: 'Object Repository/Page_KiboPush  Broadcast/h3_Manage Broadcasts' is clicked on

2019-04-26 16:07:38 - [MESSAGE][PASSED] - Call Test Case 'Test Cases/s-sidebar_navigation/individualAccount/broadcast' successfully

2019-04-26 16:07:38 - [MESSAGE][PASSED] - Call Test Case 'Test Cases/s-sidebar_navigation/TeamAccount/Broadcasts' successfully

2019-04-26 16:07:38 - [TEST_STEP][PASSED] - delay: Delayed 2 second(s)

2019-04-26 16:07:40 - [MESSAGE][PASSED] - Delayed 2 second(s)

2019-04-26 16:07:40 - [TEST_STEP][PASSED] - Statement - date_page1 = getFirstRowDate(): null

2019-04-26 16:07:40 - [TEST_STEP][PASSED] - Statement - driver = com.kms.katalon.core.webui.driver.DriverFactory.getWebDriver(): null

2019-04-26 16:07:40 - [TEST_STEP][PASSED] - Statement - Try: null

2019-04-26 16:07:40 - [TEST_STEP][PASSED] - Statement - Table = driver.findElement(org.openqa.selenium.By.xpath("//table/tbody")): null

2019-04-26 16:07:40 - [TEST_STEP][PASSED] - Statement - rows_table = Table.findElements(org.openqa.selenium.By.tagName("tr")): null

2019-04-26 16:07:40 - [TEST_STEP][PASSED] - Statement - dates = new java.util.ArrayList(): null

2019-04-26 16:07:40 - [TEST_STEP][PASSED] - Statement - date = rows_table.get(0).findElement(org.openqa.selenium.By.xpath(".//td[@data-field="datetime"]")).getText(): null

2019-04-26 16:07:40 - [TEST_STEP][PASSED] - Statement - return date: null

2019-04-26 16:07:40 - [TEST_STEP][PASSED] - click: Object: 'Object Repository/Page_KiboPush  Broadcast/a_next (1)' is clicked on

2019-04-26 16:07:40 - [MESSAGE][PASSED] - Object: 'Object Repository/Page_KiboPush  Broadcast/a_next (1)' is clicked on

2019-04-26 16:07:40 - [TEST_STEP][PASSED] - delay: Delayed 2 second(s)

2019-04-26 16:07:42 - [MESSAGE][PASSED] - Delayed 2 second(s)

2019-04-26 16:07:42 - [TEST_STEP][PASSED] - Statement - date_page2 = getFirstRowDate(): null

2019-04-26 16:07:42 - [TEST_STEP][PASSED] - Statement - driver = com.kms.katalon.core.webui.driver.DriverFactory.getWebDriver(): null

2019-04-26 16:07:42 - [TEST_STEP][PASSED] - Statement - Try: null

2019-04-26 16:07:42 - [TEST_STEP][PASSED] - Statement - Table = driver.findElement(org.openqa.selenium.By.xpath("//table/tbody")): null

2019-04-26 16:07:42 - [TEST_STEP][PASSED] - Statement - rows_table = Table.findElements(org.openqa.selenium.By.tagName("tr")): null

2019-04-26 16:07:42 - [TEST_STEP][PASSED] - Statement - dates = new java.util.ArrayList(): null

2019-04-26 16:07:42 - [TEST_STEP][PASSED] - Statement - date = rows_table.get(0).findElement(org.openqa.selenium.By.xpath(".//td[@data-field="datetime"]")).getText(): null

2019-04-26 16:07:42 - [TEST_STEP][PASSED] - Statement - return date: null

2019-04-26 16:07:42 - [TEST_STEP][PASSED] - click: Object: 'Object Repository/Page_KiboPush  Broadcast/a_next (1)' is clicked on

2019-04-26 16:07:43 - [MESSAGE][PASSED] - Object: 'Object Repository/Page_KiboPush  Broadcast/a_next (1)' is clicked on

2019-04-26 16:07:43 - [TEST_STEP][PASSED] - delay: Delayed 2 second(s)

2019-04-26 16:07:45 - [MESSAGE][PASSED] - Delayed 2 second(s)

2019-04-26 16:07:45 - [TEST_STEP][PASSED] - Statement - date_page3 = getFirstRowDate(): null

2019-04-26 16:07:45 - [TEST_STEP][PASSED] - Statement - driver = com.kms.katalon.core.webui.driver.DriverFactory.getWebDriver(): null

2019-04-26 16:07:45 - [TEST_STEP][PASSED] - Statement - Try: null

2019-04-26 16:07:45 - [TEST_STEP][PASSED] - Statement - Table = driver.findElement(org.openqa.selenium.By.xpath("//table/tbody")): null

2019-04-26 16:07:45 - [TEST_STEP][PASSED] - Statement - rows_table = Table.findElements(org.openqa.selenium.By.tagName("tr")): null

2019-04-26 16:07:45 - [TEST_STEP][PASSED] - Statement - dates = new java.util.ArrayList(): null

2019-04-26 16:07:45 - [TEST_STEP][PASSED] - Statement - date = rows_table.get(0).findElement(org.openqa.selenium.By.xpath(".//td[@data-field="datetime"]")).getText(): null

2019-04-26 16:07:45 - [TEST_STEP][PASSED] - Statement - return date: null

2019-04-26 16:07:45 - [TEST_STEP][PASSED] - verifyNotMatch: Actual text 'Wed Apr 24 2019 2:04 PM' and expected text 'Mon Mar 11 2019 1:58 PM' are not matched 

2019-04-26 16:07:45 - [MESSAGE][PASSED] - Actual text 'Wed Apr 24 2019 2:04 PM' and expected text 'Mon Mar 11 2019 1:58 PM' are not matched 

2019-04-26 16:07:45 - [TEST_STEP][PASSED] - verifyNotMatch: Actual text 'Wed Apr 24 2019 2:04 PM' and expected text 'Thu Mar 07 2019 2:15 PM' are not matched 

2019-04-26 16:07:45 - [MESSAGE][PASSED] - Actual text 'Wed Apr 24 2019 2:04 PM' and expected text 'Thu Mar 07 2019 2:15 PM' are not matched 

2019-04-26 16:07:45 - [TEST_STEP][PASSED] - verifyNotMatch: Actual text 'Mon Mar 11 2019 1:58 PM' and expected text 'Thu Mar 07 2019 2:15 PM' are not matched 

2019-04-26 16:07:45 - [MESSAGE][PASSED] - Actual text 'Mon Mar 11 2019 1:58 PM' and expected text 'Thu Mar 07 2019 2:15 PM' are not matched 

2019-04-26 16:07:45 - [TEST_STEP][PASSED] - Statement - dateFormat = new java.text.SimpleDateFormat(EEE MMM dd yyyy hh:mm aaa, java.util.Locale.ENGLISH): null

2019-04-26 16:07:45 - [TEST_STEP][PASSED] - Statement - date1 = dateFormat.parse(date_page1): null

2019-04-26 16:07:45 - [TEST_STEP][PASSED] - Statement - date2 = dateFormat.parse(date_page2): null

2019-04-26 16:07:45 - [TEST_STEP][PASSED] - Statement - date3 = dateFormat.parse(date_page3): null

2019-04-26 16:07:45 - [TEST_STEP][PASSED] - Statement - println(date1): null

2019-04-26 16:07:45 - [TEST_STEP][PASSED] - Statement - println(date2): null

2019-04-26 16:07:45 - [TEST_STEP][PASSED] - Statement - println(date3): null

2019-04-26 16:07:45 - [TEST_STEP][PASSED] - Statement - If (!(date1.after(date2) && date2.after(date3))): null]]></system-out>
         <system-err><![CDATA[]]></system-err>
      </testcase>
      <testcase name="Test Cases/Broadcasts/TC0124" classname="Test Cases/Broadcasts/TC0124" status="PASSED">
         <system-out><![CDATA[2019-04-26 16:07:45 - [TEST_CASE][PASSED] - Test Cases/Broadcasts/TC0124: Test Cases/Broadcasts/TC0124

2019-04-26 16:07:45 - [TEST_STEP][PASSED] - callTestCase: Call Test Case 'Test Cases/s-sidebar_navigation/TeamAccount/Broadcasts' successfully

2019-04-26 16:07:45 - [TEST_CASE][PASSED] - Test Cases/s-sidebar_navigation/TeamAccount/Broadcasts: Test Cases/s-sidebar_navigation/TeamAccount/Broadcasts

2019-04-26 16:07:45 - [TEST_STEP][PASSED] - callTestCase: Call Test Case 'Test Cases/s-sidebar_navigation/individualAccount/broadcast' successfully

2019-04-26 16:07:45 - [TEST_CASE][PASSED] - Test Cases/s-sidebar_navigation/individualAccount/broadcast: Test Cases/s-sidebar_navigation/individualAccount/broadcast

2019-04-26 16:07:45 - [TEST_STEP][PASSED] - click: Object: 'Object Repository/Page_KiboPush  Dashboard/span_Polls' is clicked on

2019-04-26 16:07:46 - [MESSAGE][PASSED] - Object: 'Object Repository/Page_KiboPush  Dashboard/span_Polls' is clicked on

2019-04-26 16:07:46 - [TEST_STEP][PASSED] - delay: Delayed 1 second(s)

2019-04-26 16:07:47 - [MESSAGE][PASSED] - Delayed 1 second(s)

2019-04-26 16:07:47 - [TEST_STEP][PASSED] - click: Object: 'Object Repository/Page_KiboPush  Dashboard/span_Broadcasts' is clicked on

2019-04-26 16:07:47 - [MESSAGE][PASSED] - Object: 'Object Repository/Page_KiboPush  Dashboard/span_Broadcasts' is clicked on

2019-04-26 16:07:47 - [TEST_STEP][PASSED] - delay: Delayed 1 second(s)

2019-04-26 16:07:48 - [MESSAGE][PASSED] - Delayed 1 second(s)

2019-04-26 16:07:48 - [TEST_STEP][PASSED] - scrollToPosition: Browser is scrolled to position x = 0, y = 0

2019-04-26 16:07:48 - [MESSAGE][PASSED] - Browser is scrolled to position x = 0, y = 0

2019-04-26 16:07:48 - [TEST_STEP][PASSED] - click: Object: 'Object Repository/Page_KiboPush  Broadcast/h3_Manage Broadcasts' is clicked on

2019-04-26 16:07:48 - [MESSAGE][PASSED] - Object: 'Object Repository/Page_KiboPush  Broadcast/h3_Manage Broadcasts' is clicked on

2019-04-26 16:07:48 - [MESSAGE][PASSED] - Call Test Case 'Test Cases/s-sidebar_navigation/individualAccount/broadcast' successfully

2019-04-26 16:07:48 - [MESSAGE][PASSED] - Call Test Case 'Test Cases/s-sidebar_navigation/TeamAccount/Broadcasts' successfully

2019-04-26 16:07:48 - [TEST_STEP][PASSED] - delay: Delayed 2 second(s)

2019-04-26 16:07:50 - [MESSAGE][PASSED] - Delayed 2 second(s)

2019-04-26 16:07:50 - [TEST_STEP][PASSED] - click: Object: 'Object Repository/Page_KiboPush  Broadcast/a_4' is clicked on

2019-04-26 16:07:50 - [MESSAGE][PASSED] - Object: 'Object Repository/Page_KiboPush  Broadcast/a_4' is clicked on

2019-04-26 16:07:50 - [TEST_STEP][PASSED] - delay: Delayed 2 second(s)

2019-04-26 16:07:52 - [MESSAGE][PASSED] - Delayed 2 second(s)

2019-04-26 16:07:52 - [TEST_STEP][PASSED] - Statement - date_page4 = getFirstRowDate(): null

2019-04-26 16:07:52 - [TEST_STEP][PASSED] - Statement - driver = com.kms.katalon.core.webui.driver.DriverFactory.getWebDriver(): null

2019-04-26 16:07:52 - [TEST_STEP][PASSED] - Statement - Try: null

2019-04-26 16:07:52 - [TEST_STEP][PASSED] - Statement - Table = driver.findElement(org.openqa.selenium.By.xpath("//table/tbody")): null

2019-04-26 16:07:52 - [TEST_STEP][PASSED] - Statement - rows_table = Table.findElements(org.openqa.selenium.By.tagName("tr")): null

2019-04-26 16:07:52 - [TEST_STEP][PASSED] - Statement - dates = new java.util.ArrayList(): null

2019-04-26 16:07:52 - [TEST_STEP][PASSED] - Statement - date = rows_table.get(0).findElement(org.openqa.selenium.By.xpath(".//td[@data-field="datetime"]")).getText(): null

2019-04-26 16:07:52 - [TEST_STEP][PASSED] - Statement - return date: null

2019-04-26 16:07:52 - [TEST_STEP][PASSED] - click: Object: 'Object Repository/Page_KiboPush  Broadcast/a_previous' is clicked on

2019-04-26 16:07:52 - [MESSAGE][PASSED] - Object: 'Object Repository/Page_KiboPush  Broadcast/a_previous' is clicked on

2019-04-26 16:07:52 - [TEST_STEP][PASSED] - delay: Delayed 2 second(s)

2019-04-26 16:07:54 - [MESSAGE][PASSED] - Delayed 2 second(s)

2019-04-26 16:07:54 - [TEST_STEP][PASSED] - Statement - date_page3 = getFirstRowDate(): null

2019-04-26 16:07:54 - [TEST_STEP][PASSED] - Statement - driver = com.kms.katalon.core.webui.driver.DriverFactory.getWebDriver(): null

2019-04-26 16:07:54 - [TEST_STEP][PASSED] - Statement - Try: null

2019-04-26 16:07:54 - [TEST_STEP][PASSED] - Statement - Table = driver.findElement(org.openqa.selenium.By.xpath("//table/tbody")): null

2019-04-26 16:07:54 - [TEST_STEP][PASSED] - Statement - rows_table = Table.findElements(org.openqa.selenium.By.tagName("tr")): null

2019-04-26 16:07:54 - [TEST_STEP][PASSED] - Statement - dates = new java.util.ArrayList(): null

2019-04-26 16:07:54 - [TEST_STEP][PASSED] - Statement - date = rows_table.get(0).findElement(org.openqa.selenium.By.xpath(".//td[@data-field="datetime"]")).getText(): null

2019-04-26 16:07:54 - [TEST_STEP][PASSED] - Statement - return date: null

2019-04-26 16:07:54 - [TEST_STEP][PASSED] - click: Object: 'Object Repository/Page_KiboPush  Broadcast/a_previous' is clicked on

2019-04-26 16:07:55 - [MESSAGE][PASSED] - Object: 'Object Repository/Page_KiboPush  Broadcast/a_previous' is clicked on

2019-04-26 16:07:55 - [TEST_STEP][PASSED] - delay: Delayed 3 second(s)

2019-04-26 16:07:58 - [MESSAGE][PASSED] - Delayed 3 second(s)

2019-04-26 16:07:58 - [TEST_STEP][PASSED] - Statement - date_page2 = getFirstRowDate(): null

2019-04-26 16:07:58 - [TEST_STEP][PASSED] - Statement - driver = com.kms.katalon.core.webui.driver.DriverFactory.getWebDriver(): null

2019-04-26 16:07:58 - [TEST_STEP][PASSED] - Statement - Try: null

2019-04-26 16:07:58 - [TEST_STEP][PASSED] - Statement - Table = driver.findElement(org.openqa.selenium.By.xpath("//table/tbody")): null

2019-04-26 16:07:58 - [TEST_STEP][PASSED] - Statement - rows_table = Table.findElements(org.openqa.selenium.By.tagName("tr")): null

2019-04-26 16:07:58 - [TEST_STEP][PASSED] - Statement - dates = new java.util.ArrayList(): null

2019-04-26 16:07:58 - [TEST_STEP][PASSED] - Statement - date = rows_table.get(0).findElement(org.openqa.selenium.By.xpath(".//td[@data-field="datetime"]")).getText(): null

2019-04-26 16:07:58 - [TEST_STEP][PASSED] - Statement - return date: null

2019-04-26 16:07:58 - [TEST_STEP][PASSED] - verifyNotMatch: Actual text 'Thu Mar 07 2019 1:52 PM' and expected text 'Thu Mar 07 2019 2:15 PM' are not matched 

2019-04-26 16:07:58 - [MESSAGE][PASSED] - Actual text 'Thu Mar 07 2019 1:52 PM' and expected text 'Thu Mar 07 2019 2:15 PM' are not matched 

2019-04-26 16:07:58 - [TEST_STEP][PASSED] - verifyNotMatch: Actual text 'Thu Mar 07 2019 1:52 PM' and expected text 'Mon Mar 11 2019 1:58 PM' are not matched 

2019-04-26 16:07:58 - [MESSAGE][PASSED] - Actual text 'Thu Mar 07 2019 1:52 PM' and expected text 'Mon Mar 11 2019 1:58 PM' are not matched 

2019-04-26 16:07:58 - [TEST_STEP][PASSED] - verifyNotMatch: Actual text 'Thu Mar 07 2019 2:15 PM' and expected text 'Mon Mar 11 2019 1:58 PM' are not matched 

2019-04-26 16:07:58 - [MESSAGE][PASSED] - Actual text 'Thu Mar 07 2019 2:15 PM' and expected text 'Mon Mar 11 2019 1:58 PM' are not matched 

2019-04-26 16:07:58 - [TEST_STEP][PASSED] - Statement - dateFormat = new java.text.SimpleDateFormat(EEE MMM dd yyyy hh:mm aaa, java.util.Locale.ENGLISH): null

2019-04-26 16:07:58 - [TEST_STEP][PASSED] - Statement - date4 = dateFormat.parse(date_page4): null

2019-04-26 16:07:58 - [TEST_STEP][PASSED] - Statement - date3 = dateFormat.parse(date_page3): null

2019-04-26 16:07:58 - [TEST_STEP][PASSED] - Statement - date2 = dateFormat.parse(date_page2): null

2019-04-26 16:07:58 - [TEST_STEP][PASSED] - Statement - If (!(date2.after(date3) && date3.after(date4))): null]]></system-out>
         <system-err><![CDATA[]]></system-err>
      </testcase>
      <testcase name="Test Cases/Broadcasts/TC0125" classname="Test Cases/Broadcasts/TC0125" status="PASSED">
         <system-out><![CDATA[2019-04-26 16:07:58 - [TEST_CASE][PASSED] - Test Cases/Broadcasts/TC0125: Test Cases/Broadcasts/TC0125

2019-04-26 16:07:59 - [TEST_STEP][PASSED] - callTestCase: Call Test Case 'Test Cases/s-sidebar_navigation/TeamAccount/Broadcasts' successfully

2019-04-26 16:07:59 - [TEST_CASE][PASSED] - Test Cases/s-sidebar_navigation/TeamAccount/Broadcasts: Test Cases/s-sidebar_navigation/TeamAccount/Broadcasts

2019-04-26 16:07:59 - [TEST_STEP][PASSED] - callTestCase: Call Test Case 'Test Cases/s-sidebar_navigation/individualAccount/broadcast' successfully

2019-04-26 16:07:59 - [TEST_CASE][PASSED] - Test Cases/s-sidebar_navigation/individualAccount/broadcast: Test Cases/s-sidebar_navigation/individualAccount/broadcast

2019-04-26 16:07:59 - [TEST_STEP][PASSED] - click: Object: 'Object Repository/Page_KiboPush  Dashboard/span_Polls' is clicked on

2019-04-26 16:07:59 - [MESSAGE][PASSED] - Object: 'Object Repository/Page_KiboPush  Dashboard/span_Polls' is clicked on

2019-04-26 16:07:59 - [TEST_STEP][PASSED] - delay: Delayed 1 second(s)

2019-04-26 16:08:00 - [MESSAGE][PASSED] - Delayed 1 second(s)

2019-04-26 16:08:00 - [TEST_STEP][PASSED] - click: Object: 'Object Repository/Page_KiboPush  Dashboard/span_Broadcasts' is clicked on

2019-04-26 16:08:00 - [MESSAGE][PASSED] - Object: 'Object Repository/Page_KiboPush  Dashboard/span_Broadcasts' is clicked on

2019-04-26 16:08:00 - [TEST_STEP][PASSED] - delay: Delayed 1 second(s)

2019-04-26 16:08:01 - [MESSAGE][PASSED] - Delayed 1 second(s)

2019-04-26 16:08:01 - [TEST_STEP][PASSED] - scrollToPosition: Browser is scrolled to position x = 0, y = 0

2019-04-26 16:08:01 - [MESSAGE][PASSED] - Browser is scrolled to position x = 0, y = 0

2019-04-26 16:08:01 - [TEST_STEP][PASSED] - click: Object: 'Object Repository/Page_KiboPush  Broadcast/h3_Manage Broadcasts' is clicked on

2019-04-26 16:08:01 - [MESSAGE][PASSED] - Object: 'Object Repository/Page_KiboPush  Broadcast/h3_Manage Broadcasts' is clicked on

2019-04-26 16:08:01 - [MESSAGE][PASSED] - Call Test Case 'Test Cases/s-sidebar_navigation/individualAccount/broadcast' successfully

2019-04-26 16:08:01 - [MESSAGE][PASSED] - Call Test Case 'Test Cases/s-sidebar_navigation/TeamAccount/Broadcasts' successfully

2019-04-26 16:08:01 - [TEST_STEP][PASSED] - delay: Delayed 1 second(s)

2019-04-26 16:08:02 - [MESSAGE][PASSED] - Delayed 1 second(s)

2019-04-26 16:08:02 - [TEST_STEP][PASSED] - Statement - date_page1 = getFirstRowDate(): null

2019-04-26 16:08:02 - [TEST_STEP][PASSED] - Statement - driver = com.kms.katalon.core.webui.driver.DriverFactory.getWebDriver(): null

2019-04-26 16:08:02 - [TEST_STEP][PASSED] - Statement - Try: null

2019-04-26 16:08:02 - [TEST_STEP][PASSED] - Statement - Table = driver.findElement(org.openqa.selenium.By.xpath("//table/tbody")): null

2019-04-26 16:08:02 - [TEST_STEP][PASSED] - Statement - rows_table = Table.findElements(org.openqa.selenium.By.tagName("tr")): null

2019-04-26 16:08:02 - [TEST_STEP][PASSED] - Statement - dates = new java.util.ArrayList(): null

2019-04-26 16:08:02 - [TEST_STEP][PASSED] - Statement - date = rows_table.get(0).findElement(org.openqa.selenium.By.xpath(".//td[@data-field="datetime"]")).getText(): null

2019-04-26 16:08:03 - [TEST_STEP][PASSED] - Statement - return date: null

2019-04-26 16:08:03 - [TEST_STEP][PASSED] - click: Object: 'Object Repository/Page_KiboPush  Broadcast/a_2' is clicked on

2019-04-26 16:08:03 - [MESSAGE][PASSED] - Object: 'Object Repository/Page_KiboPush  Broadcast/a_2' is clicked on

2019-04-26 16:08:03 - [TEST_STEP][PASSED] - delay: Delayed 4 second(s)

2019-04-26 16:08:07 - [MESSAGE][PASSED] - Delayed 4 second(s)

2019-04-26 16:08:07 - [TEST_STEP][PASSED] - Statement - date_page2 = getFirstRowDate(): null

2019-04-26 16:08:07 - [TEST_STEP][PASSED] - Statement - driver = com.kms.katalon.core.webui.driver.DriverFactory.getWebDriver(): null

2019-04-26 16:08:07 - [TEST_STEP][PASSED] - Statement - Try: null

2019-04-26 16:08:07 - [TEST_STEP][PASSED] - Statement - Table = driver.findElement(org.openqa.selenium.By.xpath("//table/tbody")): null

2019-04-26 16:08:07 - [TEST_STEP][PASSED] - Statement - rows_table = Table.findElements(org.openqa.selenium.By.tagName("tr")): null

2019-04-26 16:08:07 - [TEST_STEP][PASSED] - Statement - dates = new java.util.ArrayList(): null

2019-04-26 16:08:07 - [TEST_STEP][PASSED] - Statement - date = rows_table.get(0).findElement(org.openqa.selenium.By.xpath(".//td[@data-field="datetime"]")).getText(): null

2019-04-26 16:08:07 - [TEST_STEP][PASSED] - Statement - return date: null

2019-04-26 16:08:07 - [TEST_STEP][PASSED] - click: Object: 'Object Repository/Page_KiboPush  Broadcast/a_4' is clicked on

2019-04-26 16:08:07 - [MESSAGE][PASSED] - Object: 'Object Repository/Page_KiboPush  Broadcast/a_4' is clicked on

2019-04-26 16:08:07 - [TEST_STEP][PASSED] - delay: Delayed 4 second(s)

2019-04-26 16:08:11 - [MESSAGE][PASSED] - Delayed 4 second(s)

2019-04-26 16:08:11 - [TEST_STEP][PASSED] - Statement - date_page4 = getFirstRowDate(): null

2019-04-26 16:08:11 - [TEST_STEP][PASSED] - Statement - driver = com.kms.katalon.core.webui.driver.DriverFactory.getWebDriver(): null

2019-04-26 16:08:11 - [TEST_STEP][PASSED] - Statement - Try: null

2019-04-26 16:08:11 - [TEST_STEP][PASSED] - Statement - Table = driver.findElement(org.openqa.selenium.By.xpath("//table/tbody")): null

2019-04-26 16:08:11 - [TEST_STEP][PASSED] - Statement - rows_table = Table.findElements(org.openqa.selenium.By.tagName("tr")): null

2019-04-26 16:08:11 - [TEST_STEP][PASSED] - Statement - dates = new java.util.ArrayList(): null

2019-04-26 16:08:11 - [TEST_STEP][PASSED] - Statement - date = rows_table.get(0).findElement(org.openqa.selenium.By.xpath(".//td[@data-field="datetime"]")).getText(): null

2019-04-26 16:08:11 - [TEST_STEP][PASSED] - Statement - return date: null

2019-04-26 16:08:11 - [TEST_STEP][PASSED] - Statement - println("Testing next pages"): null

2019-04-26 16:08:11 - [TEST_STEP][PASSED] - verifyNotMatch: Actual text 'Wed Apr 24 2019 2:04 PM' and expected text 'Mon Mar 11 2019 1:58 PM' are not matched 

2019-04-26 16:08:11 - [MESSAGE][PASSED] - Actual text 'Wed Apr 24 2019 2:04 PM' and expected text 'Mon Mar 11 2019 1:58 PM' are not matched 

2019-04-26 16:08:11 - [TEST_STEP][PASSED] - verifyNotMatch: Actual text 'Wed Apr 24 2019 2:04 PM' and expected text 'Thu Mar 07 2019 1:52 PM' are not matched 

2019-04-26 16:08:11 - [MESSAGE][PASSED] - Actual text 'Wed Apr 24 2019 2:04 PM' and expected text 'Thu Mar 07 2019 1:52 PM' are not matched 

2019-04-26 16:08:11 - [TEST_STEP][PASSED] - verifyNotMatch: Actual text 'Mon Mar 11 2019 1:58 PM' and expected text 'Thu Mar 07 2019 1:52 PM' are not matched 

2019-04-26 16:08:11 - [MESSAGE][PASSED] - Actual text 'Mon Mar 11 2019 1:58 PM' and expected text 'Thu Mar 07 2019 1:52 PM' are not matched 

2019-04-26 16:08:11 - [TEST_STEP][PASSED] - click: Object: 'Object Repository/Page_KiboPush  Broadcast/a_3' is clicked on

2019-04-26 16:08:11 - [MESSAGE][PASSED] - Object: 'Object Repository/Page_KiboPush  Broadcast/a_3' is clicked on

2019-04-26 16:08:11 - [TEST_STEP][PASSED] - delay: Delayed 2 second(s)

2019-04-26 16:08:13 - [MESSAGE][PASSED] - Delayed 2 second(s)

2019-04-26 16:08:13 - [TEST_STEP][PASSED] - Statement - date_page3 = getFirstRowDate(): null

2019-04-26 16:08:13 - [TEST_STEP][PASSED] - Statement - driver = com.kms.katalon.core.webui.driver.DriverFactory.getWebDriver(): null

2019-04-26 16:08:13 - [TEST_STEP][PASSED] - Statement - Try: null

2019-04-26 16:08:13 - [TEST_STEP][PASSED] - Statement - Table = driver.findElement(org.openqa.selenium.By.xpath("//table/tbody")): null

2019-04-26 16:08:13 - [TEST_STEP][PASSED] - Statement - rows_table = Table.findElements(org.openqa.selenium.By.tagName("tr")): null

2019-04-26 16:08:13 - [TEST_STEP][PASSED] - Statement - dates = new java.util.ArrayList(): null

2019-04-26 16:08:13 - [TEST_STEP][PASSED] - Statement - date = rows_table.get(0).findElement(org.openqa.selenium.By.xpath(".//td[@data-field="datetime"]")).getText(): null

2019-04-26 16:08:13 - [TEST_STEP][PASSED] - Statement - return date: null

2019-04-26 16:08:13 - [TEST_STEP][PASSED] - click: Object: 'Object Repository/Page_KiboPush  Broadcast/a_1' is clicked on

2019-04-26 16:08:13 - [MESSAGE][PASSED] - Object: 'Object Repository/Page_KiboPush  Broadcast/a_1' is clicked on

2019-04-26 16:08:13 - [TEST_STEP][PASSED] - delay: Delayed 4 second(s)

2019-04-26 16:08:17 - [MESSAGE][PASSED] - Delayed 4 second(s)

2019-04-26 16:08:17 - [TEST_STEP][PASSED] - Statement - date_page1 = getFirstRowDate(): null

2019-04-26 16:08:17 - [TEST_STEP][PASSED] - Statement - driver = com.kms.katalon.core.webui.driver.DriverFactory.getWebDriver(): null

2019-04-26 16:08:17 - [TEST_STEP][PASSED] - Statement - Try: null

2019-04-26 16:08:17 - [TEST_STEP][PASSED] - Statement - Table = driver.findElement(org.openqa.selenium.By.xpath("//table/tbody")): null

2019-04-26 16:08:17 - [TEST_STEP][PASSED] - Statement - rows_table = Table.findElements(org.openqa.selenium.By.tagName("tr")): null

2019-04-26 16:08:17 - [TEST_STEP][PASSED] - Statement - dates = new java.util.ArrayList(): null

2019-04-26 16:08:17 - [TEST_STEP][PASSED] - Statement - date = rows_table.get(0).findElement(org.openqa.selenium.By.xpath(".//td[@data-field="datetime"]")).getText(): null

2019-04-26 16:08:17 - [TEST_STEP][PASSED] - Statement - return date: null

2019-04-26 16:08:17 - [TEST_STEP][PASSED] - Statement - println("Testing previous pages"): null

2019-04-26 16:08:17 - [TEST_STEP][PASSED] - verifyNotMatch: Actual text 'Thu Mar 07 2019 1:52 PM' and expected text 'Thu Mar 07 2019 2:15 PM' are not matched 

2019-04-26 16:08:17 - [MESSAGE][PASSED] - Actual text 'Thu Mar 07 2019 1:52 PM' and expected text 'Thu Mar 07 2019 2:15 PM' are not matched 

2019-04-26 16:08:17 - [TEST_STEP][PASSED] - verifyNotMatch: Actual text 'Thu Mar 07 2019 1:52 PM' and expected text 'Wed Apr 24 2019 2:04 PM' are not matched 

2019-04-26 16:08:17 - [MESSAGE][PASSED] - Actual text 'Thu Mar 07 2019 1:52 PM' and expected text 'Wed Apr 24 2019 2:04 PM' are not matched 

2019-04-26 16:08:17 - [TEST_STEP][PASSED] - verifyNotMatch: Actual text 'Thu Mar 07 2019 2:15 PM' and expected text 'Wed Apr 24 2019 2:04 PM' are not matched 

2019-04-26 16:08:17 - [MESSAGE][PASSED] - Actual text 'Thu Mar 07 2019 2:15 PM' and expected text 'Wed Apr 24 2019 2:04 PM' are not matched 

2019-04-26 16:08:17 - [TEST_STEP][PASSED] - Statement - dateFormat = new java.text.SimpleDateFormat(EEE MMM dd yyyy hh:mm aaa, java.util.Locale.ENGLISH): null

2019-04-26 16:08:17 - [TEST_STEP][PASSED] - Statement - date4 = dateFormat.parse(date_page4): null

2019-04-26 16:08:17 - [TEST_STEP][PASSED] - Statement - date3 = dateFormat.parse(date_page3): null

2019-04-26 16:08:17 - [TEST_STEP][PASSED] - Statement - date1 = dateFormat.parse(date_page1): null

2019-04-26 16:08:17 - [TEST_STEP][PASSED] - Statement - If (!(date1.after(date3) && date3.after(date4))): null]]></system-out>
         <system-err><![CDATA[]]></system-err>
      </testcase>
      <testcase name="Test Cases/Broadcasts/TC0126" classname="Test Cases/Broadcasts/TC0126" status="PASSED">
         <system-out><![CDATA[2019-04-26 16:08:17 - [TEST_CASE][PASSED] - Test Cases/Broadcasts/TC0126: Test Cases/Broadcasts/TC0126

2019-04-26 16:08:18 - [TEST_STEP][PASSED] - callTestCase: Call Test Case 'Test Cases/s-sidebar_navigation/TeamAccount/Broadcasts' successfully

2019-04-26 16:08:18 - [TEST_CASE][PASSED] - Test Cases/s-sidebar_navigation/TeamAccount/Broadcasts: Test Cases/s-sidebar_navigation/TeamAccount/Broadcasts

2019-04-26 16:08:18 - [TEST_STEP][PASSED] - callTestCase: Call Test Case 'Test Cases/s-sidebar_navigation/individualAccount/broadcast' successfully

2019-04-26 16:08:18 - [TEST_CASE][PASSED] - Test Cases/s-sidebar_navigation/individualAccount/broadcast: Test Cases/s-sidebar_navigation/individualAccount/broadcast

2019-04-26 16:08:18 - [TEST_STEP][PASSED] - click: Object: 'Object Repository/Page_KiboPush  Dashboard/span_Polls' is clicked on

2019-04-26 16:08:18 - [MESSAGE][PASSED] - Object: 'Object Repository/Page_KiboPush  Dashboard/span_Polls' is clicked on

2019-04-26 16:08:18 - [TEST_STEP][PASSED] - delay: Delayed 1 second(s)

2019-04-26 16:08:19 - [MESSAGE][PASSED] - Delayed 1 second(s)

2019-04-26 16:08:19 - [TEST_STEP][PASSED] - click: Object: 'Object Repository/Page_KiboPush  Dashboard/span_Broadcasts' is clicked on

2019-04-26 16:08:19 - [MESSAGE][PASSED] - Object: 'Object Repository/Page_KiboPush  Dashboard/span_Broadcasts' is clicked on

2019-04-26 16:08:19 - [TEST_STEP][PASSED] - delay: Delayed 1 second(s)

2019-04-26 16:08:20 - [MESSAGE][PASSED] - Delayed 1 second(s)

2019-04-26 16:08:20 - [TEST_STEP][PASSED] - scrollToPosition: Browser is scrolled to position x = 0, y = 0

2019-04-26 16:08:20 - [MESSAGE][PASSED] - Browser is scrolled to position x = 0, y = 0

2019-04-26 16:08:20 - [TEST_STEP][PASSED] - click: Object: 'Object Repository/Page_KiboPush  Broadcast/h3_Manage Broadcasts' is clicked on

2019-04-26 16:08:20 - [MESSAGE][PASSED] - Object: 'Object Repository/Page_KiboPush  Broadcast/h3_Manage Broadcasts' is clicked on

2019-04-26 16:08:20 - [MESSAGE][PASSED] - Call Test Case 'Test Cases/s-sidebar_navigation/individualAccount/broadcast' successfully

2019-04-26 16:08:20 - [MESSAGE][PASSED] - Call Test Case 'Test Cases/s-sidebar_navigation/TeamAccount/Broadcasts' successfully

2019-04-26 16:08:20 - [TEST_STEP][PASSED] - click: Object: 'Object Repository/Page_KiboPush  Broadcast/span_Create New Broadcast' is clicked on

2019-04-26 16:08:20 - [MESSAGE][PASSED] - Object: 'Object Repository/Page_KiboPush  Broadcast/span_Create New Broadcast' is clicked on

2019-04-26 16:08:20 - [TEST_STEP][PASSED] - click: Object: 'Object Repository/Page_KiboPush  Broadcast/h3_Create Broadcast (1) (1)' is clicked on

2019-04-26 16:08:21 - [MESSAGE][PASSED] - Object: 'Object Repository/Page_KiboPush  Broadcast/h3_Create Broadcast (1) (1)' is clicked on

2019-04-26 16:08:21 - [TEST_STEP][PASSED] - click: Object: 'Object Repository/Page_KiboPush  Broadcast/p_To create a new broadcast fr (1)' is clicked on

2019-04-26 16:08:21 - [MESSAGE][PASSED] - Object: 'Object Repository/Page_KiboPush  Broadcast/p_To create a new broadcast fr (1)' is clicked on

2019-04-26 16:08:21 - [TEST_STEP][PASSED] - click: Object: 'Object Repository/Page_KiboPush  Broadcast/a_Create New Broadcast' is clicked on

2019-04-26 16:08:21 - [MESSAGE][PASSED] - Object: 'Object Repository/Page_KiboPush  Broadcast/a_Create New Broadcast' is clicked on]]></system-out>
         <system-err><![CDATA[]]></system-err>
      </testcase>
      <testcase name="Test Cases/Broadcasts/TC0127" classname="Test Cases/Broadcasts/TC0127" status="PASSED">
         <system-out><![CDATA[2019-04-26 16:08:21 - [TEST_CASE][PASSED] - Test Cases/Broadcasts/TC0127: Test Cases/Broadcasts/TC0127

2019-04-26 16:08:21 - [TEST_STEP][PASSED] - callTestCase: Call Test Case 'Test Cases/s-sidebar_navigation/TeamAccount/Broadcasts' successfully

2019-04-26 16:08:21 - [TEST_CASE][PASSED] - Test Cases/s-sidebar_navigation/TeamAccount/Broadcasts: Test Cases/s-sidebar_navigation/TeamAccount/Broadcasts

2019-04-26 16:08:21 - [TEST_STEP][PASSED] - callTestCase: Call Test Case 'Test Cases/s-sidebar_navigation/individualAccount/broadcast' successfully

2019-04-26 16:08:21 - [TEST_CASE][PASSED] - Test Cases/s-sidebar_navigation/individualAccount/broadcast: Test Cases/s-sidebar_navigation/individualAccount/broadcast

2019-04-26 16:08:22 - [TEST_STEP][PASSED] - click: Object: 'Object Repository/Page_KiboPush  Dashboard/span_Polls' is clicked on

2019-04-26 16:08:22 - [MESSAGE][PASSED] - Object: 'Object Repository/Page_KiboPush  Dashboard/span_Polls' is clicked on

2019-04-26 16:08:22 - [TEST_STEP][PASSED] - delay: Delayed 1 second(s)

2019-04-26 16:08:23 - [MESSAGE][PASSED] - Delayed 1 second(s)

2019-04-26 16:08:23 - [TEST_STEP][PASSED] - click: Object: 'Object Repository/Page_KiboPush  Dashboard/span_Broadcasts' is clicked on

2019-04-26 16:08:24 - [MESSAGE][PASSED] - Object: 'Object Repository/Page_KiboPush  Dashboard/span_Broadcasts' is clicked on

2019-04-26 16:08:24 - [TEST_STEP][PASSED] - delay: Delayed 1 second(s)

2019-04-26 16:08:25 - [MESSAGE][PASSED] - Delayed 1 second(s)

2019-04-26 16:08:25 - [TEST_STEP][PASSED] - scrollToPosition: Browser is scrolled to position x = 0, y = 0

2019-04-26 16:08:25 - [MESSAGE][PASSED] - Browser is scrolled to position x = 0, y = 0

2019-04-26 16:08:25 - [TEST_STEP][PASSED] - click: Object: 'Object Repository/Page_KiboPush  Broadcast/h3_Manage Broadcasts' is clicked on

2019-04-26 16:08:25 - [MESSAGE][PASSED] - Object: 'Object Repository/Page_KiboPush  Broadcast/h3_Manage Broadcasts' is clicked on

2019-04-26 16:08:25 - [MESSAGE][PASSED] - Call Test Case 'Test Cases/s-sidebar_navigation/individualAccount/broadcast' successfully

2019-04-26 16:08:25 - [MESSAGE][PASSED] - Call Test Case 'Test Cases/s-sidebar_navigation/TeamAccount/Broadcasts' successfully

2019-04-26 16:08:25 - [TEST_STEP][PASSED] - click: Object: 'Object Repository/Page_KiboPush  Broadcast/span_Create New Broadcast' is clicked on

2019-04-26 16:08:25 - [MESSAGE][PASSED] - Object: 'Object Repository/Page_KiboPush  Broadcast/span_Create New Broadcast' is clicked on

2019-04-26 16:08:25 - [TEST_STEP][PASSED] - click: Object: 'Object Repository/Page_KiboPush  Broadcast/a_Use Template' is clicked on

2019-04-26 16:08:25 - [MESSAGE][PASSED] - Object: 'Object Repository/Page_KiboPush  Broadcast/a_Use Template' is clicked on

2019-04-26 16:08:25 - [TEST_STEP][PASSED] - custom.newKeyword.clickUsingJS: custom.newKeyword.clickUsingJS is PASSED

2019-04-26 16:08:26 - [MESSAGE][PASSED] - custom.newKeyword.clickUsingJS is PASSED]]></system-out>
         <system-err><![CDATA[]]></system-err>
      </testcase>
      <testcase name="Test Cases/Broadcasts/TC0128" classname="Test Cases/Broadcasts/TC0128" status="PASSED">
         <system-out><![CDATA[2019-04-26 16:08:26 - [TEST_CASE][PASSED] - Test Cases/Broadcasts/TC0128: Test Cases/Broadcasts/TC0128

2019-04-26 16:08:26 - [TEST_STEP][PASSED] - callTestCase: Call Test Case 'Test Cases/s-sidebar_navigation/TeamAccount/Broadcasts' successfully

2019-04-26 16:08:26 - [TEST_CASE][PASSED] - Test Cases/s-sidebar_navigation/TeamAccount/Broadcasts: Test Cases/s-sidebar_navigation/TeamAccount/Broadcasts

2019-04-26 16:08:26 - [TEST_STEP][PASSED] - callTestCase: Call Test Case 'Test Cases/s-sidebar_navigation/individualAccount/broadcast' successfully

2019-04-26 16:08:26 - [TEST_CASE][PASSED] - Test Cases/s-sidebar_navigation/individualAccount/broadcast: Test Cases/s-sidebar_navigation/individualAccount/broadcast

2019-04-26 16:08:26 - [TEST_STEP][PASSED] - click: Object: 'Object Repository/Page_KiboPush  Dashboard/span_Polls' is clicked on

2019-04-26 16:08:27 - [MESSAGE][PASSED] - Object: 'Object Repository/Page_KiboPush  Dashboard/span_Polls' is clicked on

2019-04-26 16:08:27 - [TEST_STEP][PASSED] - delay: Delayed 1 second(s)

2019-04-26 16:08:28 - [MESSAGE][PASSED] - Delayed 1 second(s)

2019-04-26 16:08:28 - [TEST_STEP][PASSED] - click: Object: 'Object Repository/Page_KiboPush  Dashboard/span_Broadcasts' is clicked on

2019-04-26 16:08:28 - [MESSAGE][PASSED] - Object: 'Object Repository/Page_KiboPush  Dashboard/span_Broadcasts' is clicked on

2019-04-26 16:08:28 - [TEST_STEP][PASSED] - delay: Delayed 1 second(s)

2019-04-26 16:08:29 - [MESSAGE][PASSED] - Delayed 1 second(s)

2019-04-26 16:08:29 - [TEST_STEP][PASSED] - scrollToPosition: Browser is scrolled to position x = 0, y = 0

2019-04-26 16:08:29 - [MESSAGE][PASSED] - Browser is scrolled to position x = 0, y = 0

2019-04-26 16:08:29 - [TEST_STEP][PASSED] - click: Object: 'Object Repository/Page_KiboPush  Broadcast/h3_Manage Broadcasts' is clicked on

2019-04-26 16:08:29 - [MESSAGE][PASSED] - Object: 'Object Repository/Page_KiboPush  Broadcast/h3_Manage Broadcasts' is clicked on

2019-04-26 16:08:29 - [MESSAGE][PASSED] - Call Test Case 'Test Cases/s-sidebar_navigation/individualAccount/broadcast' successfully

2019-04-26 16:08:29 - [MESSAGE][PASSED] - Call Test Case 'Test Cases/s-sidebar_navigation/TeamAccount/Broadcasts' successfully

2019-04-26 16:08:29 - [TEST_STEP][PASSED] - click: Object: 'Object Repository/Page_KiboPush  Broadcast/span_Create New Broadcast' is clicked on

2019-04-26 16:08:29 - [MESSAGE][PASSED] - Object: 'Object Repository/Page_KiboPush  Broadcast/span_Create New Broadcast' is clicked on

2019-04-26 16:08:29 - [TEST_STEP][PASSED] - click: Object: 'Object Repository/Page_KiboPush  Broadcast/a_Use Template' is clicked on

2019-04-26 16:08:29 - [MESSAGE][PASSED] - Object: 'Object Repository/Page_KiboPush  Broadcast/a_Use Template' is clicked on

2019-04-26 16:08:29 - [TEST_STEP][PASSED] - delay: Delayed 2 second(s)

2019-04-26 16:08:31 - [MESSAGE][PASSED] - Delayed 2 second(s)

2019-04-26 16:08:31 - [TEST_STEP][PASSED] - Statement - driver = com.kms.katalon.core.webui.driver.DriverFactory.getWebDriver(): null

2019-04-26 16:08:31 - [TEST_STEP][PASSED] - Statement - templates = driver.findElements(org.openqa.selenium.By.className("m-widget4__item")): null

2019-04-26 16:08:31 - [TEST_STEP][PASSED] - Statement - println(templates.size()): null

2019-04-26 16:08:31 - [TEST_STEP][PASSED] - Statement - If (templates.size() < 10): null]]></system-out>
         <system-err><![CDATA[]]></system-err>
      </testcase>
      <testcase name="Test Cases/Broadcasts/TC0129" classname="Test Cases/Broadcasts/TC0129" status="PASSED">
         <system-out><![CDATA[2019-04-26 16:08:31 - [TEST_CASE][PASSED] - Test Cases/Broadcasts/TC0129: Test Cases/Broadcasts/TC0129

2019-04-26 16:08:32 - [TEST_STEP][PASSED] - callTestCase: Call Test Case 'Test Cases/s-sidebar_navigation/TeamAccount/Broadcasts' successfully

2019-04-26 16:08:32 - [TEST_CASE][PASSED] - Test Cases/s-sidebar_navigation/TeamAccount/Broadcasts: Test Cases/s-sidebar_navigation/TeamAccount/Broadcasts

2019-04-26 16:08:32 - [TEST_STEP][PASSED] - callTestCase: Call Test Case 'Test Cases/s-sidebar_navigation/individualAccount/broadcast' successfully

2019-04-26 16:08:32 - [TEST_CASE][PASSED] - Test Cases/s-sidebar_navigation/individualAccount/broadcast: Test Cases/s-sidebar_navigation/individualAccount/broadcast

2019-04-26 16:08:32 - [TEST_STEP][PASSED] - click: Object: 'Object Repository/Page_KiboPush  Dashboard/span_Polls' is clicked on

2019-04-26 16:08:32 - [MESSAGE][PASSED] - Object: 'Object Repository/Page_KiboPush  Dashboard/span_Polls' is clicked on

2019-04-26 16:08:32 - [TEST_STEP][PASSED] - delay: Delayed 1 second(s)

2019-04-26 16:08:33 - [MESSAGE][PASSED] - Delayed 1 second(s)

2019-04-26 16:08:33 - [TEST_STEP][PASSED] - click: Object: 'Object Repository/Page_KiboPush  Dashboard/span_Broadcasts' is clicked on

2019-04-26 16:08:33 - [MESSAGE][PASSED] - Object: 'Object Repository/Page_KiboPush  Dashboard/span_Broadcasts' is clicked on

2019-04-26 16:08:33 - [TEST_STEP][PASSED] - delay: Delayed 1 second(s)

2019-04-26 16:08:34 - [MESSAGE][PASSED] - Delayed 1 second(s)

2019-04-26 16:08:34 - [TEST_STEP][PASSED] - scrollToPosition: Browser is scrolled to position x = 0, y = 0

2019-04-26 16:08:34 - [MESSAGE][PASSED] - Browser is scrolled to position x = 0, y = 0

2019-04-26 16:08:34 - [TEST_STEP][PASSED] - click: Object: 'Object Repository/Page_KiboPush  Broadcast/h3_Manage Broadcasts' is clicked on

2019-04-26 16:08:34 - [MESSAGE][PASSED] - Object: 'Object Repository/Page_KiboPush  Broadcast/h3_Manage Broadcasts' is clicked on

2019-04-26 16:08:34 - [MESSAGE][PASSED] - Call Test Case 'Test Cases/s-sidebar_navigation/individualAccount/broadcast' successfully

2019-04-26 16:08:34 - [MESSAGE][PASSED] - Call Test Case 'Test Cases/s-sidebar_navigation/TeamAccount/Broadcasts' successfully

2019-04-26 16:08:34 - [TEST_STEP][PASSED] - click: Object: 'Object Repository/Page_KiboPush  Broadcast/span_Create New Broadcast' is clicked on

2019-04-26 16:08:34 - [MESSAGE][PASSED] - Object: 'Object Repository/Page_KiboPush  Broadcast/span_Create New Broadcast' is clicked on

2019-04-26 16:08:35 - [TEST_STEP][PASSED] - click: Object: 'Object Repository/Page_KiboPush  Broadcast/a_Use Template' is clicked on

2019-04-26 16:08:35 - [MESSAGE][PASSED] - Object: 'Object Repository/Page_KiboPush  Broadcast/a_Use Template' is clicked on

2019-04-26 16:08:35 - [TEST_STEP][PASSED] - selectOptionByValue: All options with value 'Customer Behavior' are selected in object 'Object Repository/Page_KiboPush  Broadcast/select_Filter by Category...Al'  using regular expression

2019-04-26 16:08:36 - [MESSAGE][PASSED] - All options with value 'Customer Behavior' are selected in object 'Object Repository/Page_KiboPush  Broadcast/select_Filter by Category...Al'  using regular expression

2019-04-26 16:08:36 - [TEST_STEP][PASSED] - click: Object: 'Object Repository/Page_KiboPush  Broadcast/span_Category Customer Behavio' is clicked on

2019-04-26 16:08:36 - [MESSAGE][PASSED] - Object: 'Object Repository/Page_KiboPush  Broadcast/span_Category Customer Behavio' is clicked on]]></system-out>
         <system-err><![CDATA[]]></system-err>
      </testcase>
      <testcase name="Test Cases/Broadcasts/TC0130" classname="Test Cases/Broadcasts/TC0130" status="PASSED">
         <system-out><![CDATA[2019-04-26 16:08:36 - [TEST_CASE][PASSED] - Test Cases/Broadcasts/TC0130: Test Cases/Broadcasts/TC0130

2019-04-26 16:08:37 - [TEST_STEP][PASSED] - callTestCase: Call Test Case 'Test Cases/s-sidebar_navigation/TeamAccount/Broadcasts' successfully

2019-04-26 16:08:37 - [TEST_CASE][PASSED] - Test Cases/s-sidebar_navigation/TeamAccount/Broadcasts: Test Cases/s-sidebar_navigation/TeamAccount/Broadcasts

2019-04-26 16:08:37 - [TEST_STEP][PASSED] - callTestCase: Call Test Case 'Test Cases/s-sidebar_navigation/individualAccount/broadcast' successfully

2019-04-26 16:08:37 - [TEST_CASE][PASSED] - Test Cases/s-sidebar_navigation/individualAccount/broadcast: Test Cases/s-sidebar_navigation/individualAccount/broadcast

2019-04-26 16:08:37 - [TEST_STEP][PASSED] - click: Object: 'Object Repository/Page_KiboPush  Dashboard/span_Polls' is clicked on

2019-04-26 16:08:37 - [MESSAGE][PASSED] - Object: 'Object Repository/Page_KiboPush  Dashboard/span_Polls' is clicked on

2019-04-26 16:08:37 - [TEST_STEP][PASSED] - delay: Delayed 1 second(s)

2019-04-26 16:08:38 - [MESSAGE][PASSED] - Delayed 1 second(s)

2019-04-26 16:08:38 - [TEST_STEP][PASSED] - click: Object: 'Object Repository/Page_KiboPush  Dashboard/span_Broadcasts' is clicked on

2019-04-26 16:08:39 - [MESSAGE][PASSED] - Object: 'Object Repository/Page_KiboPush  Dashboard/span_Broadcasts' is clicked on

2019-04-26 16:08:39 - [TEST_STEP][PASSED] - delay: Delayed 1 second(s)

2019-04-26 16:08:40 - [MESSAGE][PASSED] - Delayed 1 second(s)

2019-04-26 16:08:40 - [TEST_STEP][PASSED] - scrollToPosition: Browser is scrolled to position x = 0, y = 0

2019-04-26 16:08:40 - [MESSAGE][PASSED] - Browser is scrolled to position x = 0, y = 0

2019-04-26 16:08:40 - [TEST_STEP][PASSED] - click: Object: 'Object Repository/Page_KiboPush  Broadcast/h3_Manage Broadcasts' is clicked on

2019-04-26 16:08:40 - [MESSAGE][PASSED] - Object: 'Object Repository/Page_KiboPush  Broadcast/h3_Manage Broadcasts' is clicked on

2019-04-26 16:08:40 - [MESSAGE][PASSED] - Call Test Case 'Test Cases/s-sidebar_navigation/individualAccount/broadcast' successfully

2019-04-26 16:08:40 - [MESSAGE][PASSED] - Call Test Case 'Test Cases/s-sidebar_navigation/TeamAccount/Broadcasts' successfully

2019-04-26 16:08:40 - [TEST_STEP][PASSED] - click: Object: 'Object Repository/Page_KiboPush  Broadcast/span_Create New Broadcast (4)' is clicked on

2019-04-26 16:08:40 - [MESSAGE][PASSED] - Object: 'Object Repository/Page_KiboPush  Broadcast/span_Create New Broadcast (4)' is clicked on

2019-04-26 16:08:40 - [TEST_STEP][PASSED] - click: Object: 'Object Repository/Page_KiboPush  Broadcast/a_Use Template (3)' is clicked on

2019-04-26 16:08:40 - [MESSAGE][PASSED] - Object: 'Object Repository/Page_KiboPush  Broadcast/a_Use Template (3)' is clicked on

2019-04-26 16:08:40 - [TEST_STEP][PASSED] - delay: Delayed 2 second(s)

2019-04-26 16:08:42 - [MESSAGE][PASSED] - Delayed 2 second(s)

2019-04-26 16:08:42 - [TEST_STEP][PASSED] - click: Object: 'Object Repository/Page_KiboPush  Broadcast/a_Edit Template (1)' is clicked on

2019-04-26 16:08:43 - [MESSAGE][PASSED] - Object: 'Object Repository/Page_KiboPush  Broadcast/a_Edit Template (1)' is clicked on

2019-04-26 16:08:43 - [TEST_STEP][PASSED] - delay: Delayed 1 second(s)

2019-04-26 16:08:44 - [MESSAGE][PASSED] - Delayed 1 second(s)

2019-04-26 16:08:44 - [TEST_STEP][PASSED] - scrollToPosition: Browser is scrolled to position x = 0, y = 0

2019-04-26 16:08:44 - [MESSAGE][PASSED] - Browser is scrolled to position x = 0, y = 0]]></system-out>
         <system-err><![CDATA[]]></system-err>
      </testcase>
      <testcase name="Test Cases/Broadcasts/TC0131" classname="Test Cases/Broadcasts/TC0131" status="PASSED">
         <system-out><![CDATA[2019-04-26 16:08:44 - [TEST_CASE][PASSED] - Test Cases/Broadcasts/TC0131: Test Cases/Broadcasts/TC0131

2019-04-26 16:08:44 - [TEST_STEP][PASSED] - callTestCase: Call Test Case 'Test Cases/s-sidebar_navigation/TeamAccount/Broadcasts' successfully

2019-04-26 16:08:44 - [TEST_CASE][PASSED] - Test Cases/s-sidebar_navigation/TeamAccount/Broadcasts: Test Cases/s-sidebar_navigation/TeamAccount/Broadcasts

2019-04-26 16:08:44 - [TEST_STEP][PASSED] - callTestCase: Call Test Case 'Test Cases/s-sidebar_navigation/individualAccount/broadcast' successfully

2019-04-26 16:08:44 - [TEST_CASE][PASSED] - Test Cases/s-sidebar_navigation/individualAccount/broadcast: Test Cases/s-sidebar_navigation/individualAccount/broadcast

2019-04-26 16:08:44 - [TEST_STEP][PASSED] - click: Object: 'Object Repository/Page_KiboPush  Dashboard/span_Polls' is clicked on

2019-04-26 16:08:45 - [MESSAGE][PASSED] - Object: 'Object Repository/Page_KiboPush  Dashboard/span_Polls' is clicked on

2019-04-26 16:08:45 - [TEST_STEP][PASSED] - delay: Delayed 1 second(s)

2019-04-26 16:08:46 - [MESSAGE][PASSED] - Delayed 1 second(s)

2019-04-26 16:08:46 - [TEST_STEP][PASSED] - click: Object: 'Object Repository/Page_KiboPush  Dashboard/span_Broadcasts' is clicked on

2019-04-26 16:08:46 - [MESSAGE][PASSED] - Object: 'Object Repository/Page_KiboPush  Dashboard/span_Broadcasts' is clicked on

2019-04-26 16:08:46 - [TEST_STEP][PASSED] - delay: Delayed 1 second(s)

2019-04-26 16:08:47 - [MESSAGE][PASSED] - Delayed 1 second(s)

2019-04-26 16:08:47 - [TEST_STEP][PASSED] - scrollToPosition: Browser is scrolled to position x = 0, y = 0

2019-04-26 16:08:47 - [MESSAGE][PASSED] - Browser is scrolled to position x = 0, y = 0

2019-04-26 16:08:47 - [TEST_STEP][PASSED] - click: Object: 'Object Repository/Page_KiboPush  Broadcast/h3_Manage Broadcasts' is clicked on

2019-04-26 16:08:47 - [MESSAGE][PASSED] - Object: 'Object Repository/Page_KiboPush  Broadcast/h3_Manage Broadcasts' is clicked on

2019-04-26 16:08:47 - [MESSAGE][PASSED] - Call Test Case 'Test Cases/s-sidebar_navigation/individualAccount/broadcast' successfully

2019-04-26 16:08:47 - [MESSAGE][PASSED] - Call Test Case 'Test Cases/s-sidebar_navigation/TeamAccount/Broadcasts' successfully

2019-04-26 16:08:47 - [TEST_STEP][PASSED] - click: Object: 'Object Repository/Page_KiboPush  Broadcast/span_Create New Broadcast' is clicked on

2019-04-26 16:08:48 - [MESSAGE][PASSED] - Object: 'Object Repository/Page_KiboPush  Broadcast/span_Create New Broadcast' is clicked on

2019-04-26 16:08:48 - [TEST_STEP][PASSED] - click: Object: 'Object Repository/Page_KiboPush  Broadcast/a_Create New Broadcast' is clicked on

2019-04-26 16:08:48 - [MESSAGE][PASSED] - Object: 'Object Repository/Page_KiboPush  Broadcast/a_Create New Broadcast' is clicked on

2019-04-26 16:08:48 - [TEST_STEP][PASSED] - delay: Delayed 1 second(s)

2019-04-26 16:08:49 - [MESSAGE][PASSED] - Delayed 1 second(s)

2019-04-26 16:08:49 - [TEST_STEP][PASSED] - click: Object: 'Object Repository/Page_KiboPush  Create Broadcast/div_Text_1' is clicked on

2019-04-26 16:08:49 - [MESSAGE][PASSED] - Object: 'Object Repository/Page_KiboPush  Create Broadcast/div_Text_1' is clicked on]]></system-out>
         <system-err><![CDATA[]]></system-err>
      </testcase>
      <testcase name="Test Cases/Broadcasts/TC0132" classname="Test Cases/Broadcasts/TC0132" status="FAILED">
         <failure type="FAILED" message="Unable to click on object 'Object Repository/Page_KiboPush  Create Broadcast/div_Text cannot be empty' (Root cause: org.openqa.selenium.WebDriverException: unknown error: Element &lt;div class=&quot;css-l17kki&quot;>...&lt;/div> is not clickable at point (1057, 105). Other element would receive the click: &lt;div class=&quot;css-6bx4c3&quot;>...&lt;/div>
  (Session info: chrome=73.0.3683.103)
  (Driver info: chromedriver=2.35.528161 (5b82f2d2aae0ca24b877009200ced9065a772e73),platform=Windows NT 10.0.17134 x86_64) (WARNING: The server did not provide any stacktrace information)
Command duration or timeout: 0 milliseconds
Build info: version: '3.7.1', revision: '8a0099a', time: '2017-11-06T21:07:36.161Z'
System info: host: 'DESKTOP-4M6R1V0', ip: '10.0.2.15', os.name: 'Windows 10', os.arch: 'amd64', os.version: '10.0', java.version: '1.8.0_181'
Driver info: com.kms.katalon.selenium.driver.CChromeDriver
Capabilities {acceptInsecureCerts: false, acceptSslCerts: false, applicationCacheEnabled: false, browserConnectionEnabled: false, browserName: chrome, chrome: {chromedriverVersion: 2.35.528161 (5b82f2d2aae0ca..., userDataDir: C:\Users\CLOUDK~1\AppData\L...}, cssSelectorsEnabled: true, databaseEnabled: false, handlesAlerts: true, hasTouchScreen: false, javascriptEnabled: true, locationContextEnabled: true, mobileEmulationEnabled: false, nativeEvents: true, networkConnectionEnabled: false, pageLoadStrategy: normal, platform: XP, platformName: XP, rotatable: false, setWindowRect: true, takesHeapSnapshot: true, takesScreenshot: true, unexpectedAlertBehaviour: , unhandledPromptBehavior: , version: 73.0.3683.103, webStorageEnabled: true}
Session ID: aaa6e2c23605f4938578d1cad5d32416)"/>
         <system-out><![CDATA[2019-04-26 16:08:49 - [TEST_CASE][FAILED] - Test Cases/Broadcasts/TC0132: Test Cases/Broadcasts/TC0132 FAILED because (of) Unable to click on object 'Object Repository/Page_KiboPush  Create Broadcast/div_Text cannot be empty' (Root cause: org.openqa.selenium.WebDriverException: unknown error: Element <div class="css-l17kki">...</div> is not clickable at point (1057, 105). Other element would receive the click: <div class="css-6bx4c3">...</div>
  (Session info: chrome=73.0.3683.103)
  (Driver info: chromedriver=2.35.528161 (5b82f2d2aae0ca24b877009200ced9065a772e73),platform=Windows NT 10.0.17134 x86_64) (WARNING: The server did not provide any stacktrace information)
Command duration or timeout: 0 milliseconds
Build info: version: '3.7.1', revision: '8a0099a', time: '2017-11-06T21:07:36.161Z'
System info: host: 'DESKTOP-4M6R1V0', ip: '10.0.2.15', os.name: 'Windows 10', os.arch: 'amd64', os.version: '10.0', java.version: '1.8.0_181'
Driver info: com.kms.katalon.selenium.driver.CChromeDriver
Capabilities {acceptInsecureCerts: false, acceptSslCerts: false, applicationCacheEnabled: false, browserConnectionEnabled: false, browserName: chrome, chrome: {chromedriverVersion: 2.35.528161 (5b82f2d2aae0ca..., userDataDir: C:\Users\CLOUDK~1\AppData\L...}, cssSelectorsEnabled: true, databaseEnabled: false, handlesAlerts: true, hasTouchScreen: false, javascriptEnabled: true, locationContextEnabled: true, mobileEmulationEnabled: false, nativeEvents: true, networkConnectionEnabled: false, pageLoadStrategy: normal, platform: XP, platformName: XP, rotatable: false, setWindowRect: true, takesHeapSnapshot: true, takesScreenshot: true, unexpectedAlertBehaviour: , unhandledPromptBehavior: , version: 73.0.3683.103, webStorageEnabled: true}
Session ID: aaa6e2c23605f4938578d1cad5d32416)

2019-04-26 16:08:50 - [TEST_STEP][PASSED] - callTestCase: Call Test Case 'Test Cases/s-sidebar_navigation/TeamAccount/Broadcasts' successfully

2019-04-26 16:08:50 - [TEST_CASE][PASSED] - Test Cases/s-sidebar_navigation/TeamAccount/Broadcasts: Test Cases/s-sidebar_navigation/TeamAccount/Broadcasts

2019-04-26 16:08:50 - [TEST_STEP][PASSED] - callTestCase: Call Test Case 'Test Cases/s-sidebar_navigation/individualAccount/broadcast' successfully

2019-04-26 16:08:50 - [TEST_CASE][PASSED] - Test Cases/s-sidebar_navigation/individualAccount/broadcast: Test Cases/s-sidebar_navigation/individualAccount/broadcast

2019-04-26 16:08:50 - [TEST_STEP][PASSED] - click: Object: 'Object Repository/Page_KiboPush  Dashboard/span_Polls' is clicked on

2019-04-26 16:08:51 - [MESSAGE][PASSED] - Object: 'Object Repository/Page_KiboPush  Dashboard/span_Polls' is clicked on

2019-04-26 16:08:51 - [TEST_STEP][PASSED] - delay: Delayed 1 second(s)

2019-04-26 16:08:52 - [MESSAGE][PASSED] - Delayed 1 second(s)

2019-04-26 16:08:52 - [TEST_STEP][PASSED] - click: Object: 'Object Repository/Page_KiboPush  Dashboard/span_Broadcasts' is clicked on

2019-04-26 16:08:52 - [MESSAGE][PASSED] - Object: 'Object Repository/Page_KiboPush  Dashboard/span_Broadcasts' is clicked on

2019-04-26 16:08:52 - [TEST_STEP][PASSED] - delay: Delayed 1 second(s)

2019-04-26 16:08:53 - [MESSAGE][PASSED] - Delayed 1 second(s)

2019-04-26 16:08:53 - [TEST_STEP][PASSED] - scrollToPosition: Browser is scrolled to position x = 0, y = 0

2019-04-26 16:08:53 - [MESSAGE][PASSED] - Browser is scrolled to position x = 0, y = 0

2019-04-26 16:08:53 - [TEST_STEP][PASSED] - click: Object: 'Object Repository/Page_KiboPush  Broadcast/h3_Manage Broadcasts' is clicked on

2019-04-26 16:08:53 - [MESSAGE][PASSED] - Object: 'Object Repository/Page_KiboPush  Broadcast/h3_Manage Broadcasts' is clicked on

2019-04-26 16:08:53 - [MESSAGE][PASSED] - Call Test Case 'Test Cases/s-sidebar_navigation/individualAccount/broadcast' successfully

2019-04-26 16:08:53 - [MESSAGE][PASSED] - Call Test Case 'Test Cases/s-sidebar_navigation/TeamAccount/Broadcasts' successfully

2019-04-26 16:08:53 - [TEST_STEP][PASSED] - click: Object: 'Object Repository/Page_KiboPush  Broadcast/span_Create New Broadcast' is clicked on

2019-04-26 16:08:54 - [MESSAGE][PASSED] - Object: 'Object Repository/Page_KiboPush  Broadcast/span_Create New Broadcast' is clicked on

2019-04-26 16:08:54 - [TEST_STEP][PASSED] - click: Object: 'Object Repository/Page_KiboPush  Broadcast/a_Create New Broadcast' is clicked on

2019-04-26 16:08:54 - [MESSAGE][PASSED] - Object: 'Object Repository/Page_KiboPush  Broadcast/a_Create New Broadcast' is clicked on

2019-04-26 16:08:54 - [TEST_STEP][PASSED] - delay: Delayed 1 second(s)

2019-04-26 16:08:55 - [MESSAGE][PASSED] - Delayed 1 second(s)

2019-04-26 16:08:55 - [TEST_STEP][PASSED] - click: Object: 'Object Repository/Page_KiboPush  Create Broadcast/div_Text_1' is clicked on

2019-04-26 16:08:55 - [MESSAGE][PASSED] - Object: 'Object Repository/Page_KiboPush  Create Broadcast/div_Text_1' is clicked on

2019-04-26 16:08:55 - [TEST_STEP][PASSED] - scrollToPosition: Browser is scrolled to position x = 0, y = 0

2019-04-26 16:08:55 - [MESSAGE][PASSED] - Browser is scrolled to position x = 0, y = 0

2019-04-26 16:08:55 - [TEST_STEP][PASSED] - delay: Delayed 3 second(s)

2019-04-26 16:08:58 - [MESSAGE][PASSED] - Delayed 3 second(s)

2019-04-26 16:08:58 - [TEST_STEP][PASSED] - click: Object: 'Object Repository/Page_KiboPush  Create Broadcast/button_Next' is clicked on

2019-04-26 16:08:59 - [MESSAGE][PASSED] - Object: 'Object Repository/Page_KiboPush  Create Broadcast/button_Next' is clicked on

2019-04-26 16:08:59 - [TEST_STEP][PASSED] - delay: Delayed 3 second(s)

2019-04-26 16:09:02 - [MESSAGE][PASSED] - Delayed 3 second(s)

2019-04-26 16:09:02 - [TEST_STEP][FAILED] - click: Unable to click on object 'Object Repository/Page_KiboPush  Create Broadcast/div_Text cannot be empty' (Root cause: org.openqa.selenium.WebDriverException: unknown error: Element <div class="css-l17kki">...</div> is not clickable at point (1057, 105). Other element would receive the click: <div class="css-6bx4c3">...</div>
  (Session info: chrome=73.0.3683.103)
  (Driver info: chromedriver=2.35.528161 (5b82f2d2aae0ca24b877009200ced9065a772e73),platform=Windows NT 10.0.17134 x86_64) (WARNING: The server did not provide any stacktrace information)
Command duration or timeout: 0 milliseconds
Build info: version: '3.7.1', revision: '8a0099a', time: '2017-11-06T21:07:36.161Z'
System info: host: 'DESKTOP-4M6R1V0', ip: '10.0.2.15', os.name: 'Windows 10', os.arch: 'amd64', os.version: '10.0', java.version: '1.8.0_181'
Driver info: com.kms.katalon.selenium.driver.CChromeDriver
Capabilities {acceptInsecureCerts: false, acceptSslCerts: false, applicationCacheEnabled: false, browserConnectionEnabled: false, browserName: chrome, chrome: {chromedriverVersion: 2.35.528161 (5b82f2d2aae0ca..., userDataDir: C:\Users\CLOUDK~1\AppData\L...}, cssSelectorsEnabled: true, databaseEnabled: false, handlesAlerts: true, hasTouchScreen: false, javascriptEnabled: true, locationContextEnabled: true, mobileEmulationEnabled: false, nativeEvents: true, networkConnectionEnabled: false, pageLoadStrategy: normal, platform: XP, platformName: XP, rotatable: false, setWindowRect: true, takesHeapSnapshot: true, takesScreenshot: true, unexpectedAlertBehaviour: , unhandledPromptBehavior: , version: 73.0.3683.103, webStorageEnabled: true}
Session ID: aaa6e2c23605f4938578d1cad5d32416)

2019-04-26 16:09:02 - [MESSAGE][FAILED] - Unable to click on object 'Object Repository/Page_KiboPush  Create Broadcast/div_Text cannot be empty' (Root cause: org.openqa.selenium.WebDriverException: unknown error: Element <div class="css-l17kki">...</div> is not clickable at point (1057, 105). Other element would receive the click: <div class="css-6bx4c3">...</div>
  (Session info: chrome=73.0.3683.103)
  (Driver info: chromedriver=2.35.528161 (5b82f2d2aae0ca24b877009200ced9065a772e73),platform=Windows NT 10.0.17134 x86_64) (WARNING: The server did not provide any stacktrace information)
Command duration or timeout: 0 milliseconds
Build info: version: '3.7.1', revision: '8a0099a', time: '2017-11-06T21:07:36.161Z'
System info: host: 'DESKTOP-4M6R1V0', ip: '10.0.2.15', os.name: 'Windows 10', os.arch: 'amd64', os.version: '10.0', java.version: '1.8.0_181'
Driver info: com.kms.katalon.selenium.driver.CChromeDriver
Capabilities {acceptInsecureCerts: false, acceptSslCerts: false, applicationCacheEnabled: false, browserConnectionEnabled: false, browserName: chrome, chrome: {chromedriverVersion: 2.35.528161 (5b82f2d2aae0ca..., userDataDir: C:\Users\CLOUDK~1\AppData\L...}, cssSelectorsEnabled: true, databaseEnabled: false, handlesAlerts: true, hasTouchScreen: false, javascriptEnabled: true, locationContextEnabled: true, mobileEmulationEnabled: false, nativeEvents: true, networkConnectionEnabled: false, pageLoadStrategy: normal, platform: XP, platformName: XP, rotatable: false, setWindowRect: true, takesHeapSnapshot: true, takesScreenshot: true, unexpectedAlertBehaviour: , unhandledPromptBehavior: , version: 73.0.3683.103, webStorageEnabled: true}
Session ID: aaa6e2c23605f4938578d1cad5d32416)
[[ATTACHMENT|C:\\Users\\cloudkibo\\Desktop\\KiboPush_Automated_Testing\\KiboPush Katalon\\Reports\\broadcast\\20190426_154219\\1556276942175.png]]]]></system-out>
         <system-err><![CDATA[2019-04-26 16:08:49 - [TEST_CASE][FAILED] - Test Cases/Broadcasts/TC0132: Test Cases/Broadcasts/TC0132 FAILED because (of) Unable to click on object 'Object Repository/Page_KiboPush  Create Broadcast/div_Text cannot be empty' (Root cause: org.openqa.selenium.WebDriverException: unknown error: Element <div class="css-l17kki">...</div> is not clickable at point (1057, 105). Other element would receive the click: <div class="css-6bx4c3">...</div>
  (Session info: chrome=73.0.3683.103)
  (Driver info: chromedriver=2.35.528161 (5b82f2d2aae0ca24b877009200ced9065a772e73),platform=Windows NT 10.0.17134 x86_64) (WARNING: The server did not provide any stacktrace information)
Command duration or timeout: 0 milliseconds
Build info: version: '3.7.1', revision: '8a0099a', time: '2017-11-06T21:07:36.161Z'
System info: host: 'DESKTOP-4M6R1V0', ip: '10.0.2.15', os.name: 'Windows 10', os.arch: 'amd64', os.version: '10.0', java.version: '1.8.0_181'
Driver info: com.kms.katalon.selenium.driver.CChromeDriver
Capabilities {acceptInsecureCerts: false, acceptSslCerts: false, applicationCacheEnabled: false, browserConnectionEnabled: false, browserName: chrome, chrome: {chromedriverVersion: 2.35.528161 (5b82f2d2aae0ca..., userDataDir: C:\Users\CLOUDK~1\AppData\L...}, cssSelectorsEnabled: true, databaseEnabled: false, handlesAlerts: true, hasTouchScreen: false, javascriptEnabled: true, locationContextEnabled: true, mobileEmulationEnabled: false, nativeEvents: true, networkConnectionEnabled: false, pageLoadStrategy: normal, platform: XP, platformName: XP, rotatable: false, setWindowRect: true, takesHeapSnapshot: true, takesScreenshot: true, unexpectedAlertBehaviour: , unhandledPromptBehavior: , version: 73.0.3683.103, webStorageEnabled: true}
Session ID: aaa6e2c23605f4938578d1cad5d32416)]]></system-err>
      </testcase>
      <testcase name="Test Cases/Broadcasts/TC0133" classname="Test Cases/Broadcasts/TC0133" status="PASSED">
         <system-out><![CDATA[2019-04-26 16:09:02 - [TEST_CASE][PASSED] - Test Cases/Broadcasts/TC0133: Test Cases/Broadcasts/TC0133

2019-04-26 16:09:02 - [TEST_STEP][PASSED] - callTestCase: Call Test Case 'Test Cases/s-sidebar_navigation/TeamAccount/Broadcasts' successfully

2019-04-26 16:09:02 - [TEST_CASE][PASSED] - Test Cases/s-sidebar_navigation/TeamAccount/Broadcasts: Test Cases/s-sidebar_navigation/TeamAccount/Broadcasts

2019-04-26 16:09:02 - [TEST_STEP][PASSED] - callTestCase: Call Test Case 'Test Cases/s-sidebar_navigation/individualAccount/broadcast' successfully

2019-04-26 16:09:02 - [TEST_CASE][PASSED] - Test Cases/s-sidebar_navigation/individualAccount/broadcast: Test Cases/s-sidebar_navigation/individualAccount/broadcast

2019-04-26 16:09:02 - [TEST_STEP][PASSED] - click: Object: 'Object Repository/Page_KiboPush  Dashboard/span_Polls' is clicked on

2019-04-26 16:09:03 - [MESSAGE][PASSED] - Object: 'Object Repository/Page_KiboPush  Dashboard/span_Polls' is clicked on

2019-04-26 16:09:03 - [TEST_STEP][PASSED] - delay: Delayed 1 second(s)

2019-04-26 16:09:04 - [MESSAGE][PASSED] - Delayed 1 second(s)

2019-04-26 16:09:04 - [TEST_STEP][PASSED] - click: Object: 'Object Repository/Page_KiboPush  Dashboard/span_Broadcasts' is clicked on

2019-04-26 16:09:04 - [MESSAGE][PASSED] - Object: 'Object Repository/Page_KiboPush  Dashboard/span_Broadcasts' is clicked on

2019-04-26 16:09:04 - [TEST_STEP][PASSED] - delay: Delayed 1 second(s)

2019-04-26 16:09:05 - [MESSAGE][PASSED] - Delayed 1 second(s)

2019-04-26 16:09:05 - [TEST_STEP][PASSED] - scrollToPosition: Browser is scrolled to position x = 0, y = 0

2019-04-26 16:09:05 - [MESSAGE][PASSED] - Browser is scrolled to position x = 0, y = 0

2019-04-26 16:09:05 - [TEST_STEP][PASSED] - click: Object: 'Object Repository/Page_KiboPush  Broadcast/h3_Manage Broadcasts' is clicked on

2019-04-26 16:09:05 - [MESSAGE][PASSED] - Object: 'Object Repository/Page_KiboPush  Broadcast/h3_Manage Broadcasts' is clicked on

2019-04-26 16:09:05 - [MESSAGE][PASSED] - Call Test Case 'Test Cases/s-sidebar_navigation/individualAccount/broadcast' successfully

2019-04-26 16:09:05 - [MESSAGE][PASSED] - Call Test Case 'Test Cases/s-sidebar_navigation/TeamAccount/Broadcasts' successfully

2019-04-26 16:09:05 - [TEST_STEP][PASSED] - click: Object: 'Object Repository/Page_KiboPush  Broadcast/span_Create New Broadcast' is clicked on

2019-04-26 16:09:06 - [MESSAGE][PASSED] - Object: 'Object Repository/Page_KiboPush  Broadcast/span_Create New Broadcast' is clicked on

2019-04-26 16:09:06 - [TEST_STEP][PASSED] - click: Object: 'Object Repository/Page_KiboPush  Broadcast/a_Create New Broadcast' is clicked on

2019-04-26 16:09:06 - [MESSAGE][PASSED] - Object: 'Object Repository/Page_KiboPush  Broadcast/a_Create New Broadcast' is clicked on

2019-04-26 16:09:06 - [TEST_STEP][PASSED] - delay: Delayed 1 second(s)

2019-04-26 16:09:07 - [MESSAGE][PASSED] - Delayed 1 second(s)

2019-04-26 16:09:07 - [TEST_STEP][PASSED] - click: Object: 'Object Repository/Page_KiboPush  Create Broadcast/div_Text' is clicked on

2019-04-26 16:09:08 - [MESSAGE][PASSED] - Object: 'Object Repository/Page_KiboPush  Create Broadcast/div_Text' is clicked on

2019-04-26 16:09:08 - [TEST_STEP][PASSED] - click: Object: 'Object Repository/Page_KiboPush  Create Broadcast/div_ Add Button' is clicked on

2019-04-26 16:09:08 - [MESSAGE][PASSED] - Object: 'Object Repository/Page_KiboPush  Create Broadcast/div_ Add Button' is clicked on

2019-04-26 16:09:08 - [TEST_STEP][PASSED] - setText: Text 'KiboPush' is set on object 'Object Repository/Page_KiboPush  Create Broadcast/input_form-control (9)'

2019-04-26 16:09:08 - [MESSAGE][PASSED] - Text 'KiboPush' is set on object 'Object Repository/Page_KiboPush  Create Broadcast/input_form-control (9)'

2019-04-26 16:09:08 - [TEST_STEP][PASSED] - click: Object: 'Object Repository/Page_KiboPush  Create Broadcast/div_Open a website (5)' is clicked on

2019-04-26 16:09:08 - [MESSAGE][PASSED] - Object: 'Object Repository/Page_KiboPush  Create Broadcast/div_Open a website (5)' is clicked on

2019-04-26 16:09:08 - [TEST_STEP][PASSED] - setText: Text 'kibopush.com' is set on object 'Object Repository/Page_KiboPush  Create Broadcast/input_form-control_1 (5)'

2019-04-26 16:09:09 - [MESSAGE][PASSED] - Text 'kibopush.com' is set on object 'Object Repository/Page_KiboPush  Create Broadcast/input_form-control_1 (5)'

2019-04-26 16:09:09 - [TEST_STEP][PASSED] - click: Object: 'Object Repository/Page_KiboPush  Create Broadcast/button_Done (5)' is clicked on

2019-04-26 16:09:09 - [MESSAGE][PASSED] - Object: 'Object Repository/Page_KiboPush  Create Broadcast/button_Done (5)' is clicked on]]></system-out>
         <system-err><![CDATA[]]></system-err>
      </testcase>
      <testcase name="Test Cases/Broadcasts/TC0137" classname="Test Cases/Broadcasts/TC0137" status="PASSED">
         <system-out><![CDATA[2019-04-26 16:09:09 - [TEST_CASE][PASSED] - Test Cases/Broadcasts/TC0137: Test Cases/Broadcasts/TC0137

2019-04-26 16:09:09 - [TEST_STEP][PASSED] - callTestCase: Call Test Case 'Test Cases/s-sidebar_navigation/TeamAccount/Broadcasts' successfully

2019-04-26 16:09:09 - [TEST_CASE][PASSED] - Test Cases/s-sidebar_navigation/TeamAccount/Broadcasts: Test Cases/s-sidebar_navigation/TeamAccount/Broadcasts

2019-04-26 16:09:09 - [TEST_STEP][PASSED] - callTestCase: Call Test Case 'Test Cases/s-sidebar_navigation/individualAccount/broadcast' successfully

2019-04-26 16:09:09 - [TEST_CASE][PASSED] - Test Cases/s-sidebar_navigation/individualAccount/broadcast: Test Cases/s-sidebar_navigation/individualAccount/broadcast

2019-04-26 16:09:09 - [TEST_STEP][PASSED] - click: Object: 'Object Repository/Page_KiboPush  Dashboard/span_Polls' is clicked on

2019-04-26 16:09:10 - [MESSAGE][PASSED] - Object: 'Object Repository/Page_KiboPush  Dashboard/span_Polls' is clicked on

2019-04-26 16:09:10 - [TEST_STEP][PASSED] - delay: Delayed 1 second(s)

2019-04-26 16:09:11 - [MESSAGE][PASSED] - Delayed 1 second(s)

2019-04-26 16:09:11 - [TEST_STEP][PASSED] - click: Object: 'Object Repository/Page_KiboPush  Dashboard/span_Broadcasts' is clicked on

2019-04-26 16:09:11 - [MESSAGE][PASSED] - Object: 'Object Repository/Page_KiboPush  Dashboard/span_Broadcasts' is clicked on

2019-04-26 16:09:11 - [TEST_STEP][PASSED] - delay: Delayed 1 second(s)

2019-04-26 16:09:12 - [MESSAGE][PASSED] - Delayed 1 second(s)

2019-04-26 16:09:12 - [TEST_STEP][PASSED] - scrollToPosition: Browser is scrolled to position x = 0, y = 0

2019-04-26 16:09:12 - [MESSAGE][PASSED] - Browser is scrolled to position x = 0, y = 0

2019-04-26 16:09:12 - [TEST_STEP][PASSED] - click: Object: 'Object Repository/Page_KiboPush  Broadcast/h3_Manage Broadcasts' is clicked on

2019-04-26 16:09:12 - [MESSAGE][PASSED] - Object: 'Object Repository/Page_KiboPush  Broadcast/h3_Manage Broadcasts' is clicked on

2019-04-26 16:09:12 - [MESSAGE][PASSED] - Call Test Case 'Test Cases/s-sidebar_navigation/individualAccount/broadcast' successfully

2019-04-26 16:09:12 - [MESSAGE][PASSED] - Call Test Case 'Test Cases/s-sidebar_navigation/TeamAccount/Broadcasts' successfully

2019-04-26 16:09:12 - [TEST_STEP][PASSED] - click: Object: 'Object Repository/Page_KiboPush  Broadcast/span_Create New Broadcast' is clicked on

2019-04-26 16:09:12 - [MESSAGE][PASSED] - Object: 'Object Repository/Page_KiboPush  Broadcast/span_Create New Broadcast' is clicked on

2019-04-26 16:09:12 - [TEST_STEP][PASSED] - click: Object: 'Object Repository/Page_KiboPush  Broadcast/a_Create New Broadcast' is clicked on

2019-04-26 16:09:13 - [MESSAGE][PASSED] - Object: 'Object Repository/Page_KiboPush  Broadcast/a_Create New Broadcast' is clicked on

2019-04-26 16:09:13 - [TEST_STEP][PASSED] - delay: Delayed 1 second(s)

2019-04-26 16:09:14 - [MESSAGE][PASSED] - Delayed 1 second(s)

2019-04-26 16:09:14 - [TEST_STEP][PASSED] - click: Object: 'Object Repository/Page_KiboPush  Create Broadcast/div_Image (2)' is clicked on

2019-04-26 16:09:14 - [MESSAGE][PASSED] - Object: 'Object Repository/Page_KiboPush  Create Broadcast/div_Image (2)' is clicked on

2019-04-26 16:09:14 - [TEST_STEP][PASSED] - delay: Delayed 1 second(s)

2019-04-26 16:09:15 - [MESSAGE][PASSED] - Delayed 1 second(s)]]></system-out>
         <system-err><![CDATA[]]></system-err>
      </testcase>
      <testcase name="Test Cases/Broadcasts/TC0138" classname="Test Cases/Broadcasts/TC0138" status="PASSED">
         <system-out><![CDATA[2019-04-26 16:09:15 - [TEST_CASE][PASSED] - Test Cases/Broadcasts/TC0138: Test Cases/Broadcasts/TC0138

2019-04-26 16:09:15 - [TEST_STEP][PASSED] - callTestCase: Call Test Case 'Test Cases/s-sidebar_navigation/TeamAccount/Broadcasts' successfully

2019-04-26 16:09:16 - [TEST_CASE][PASSED] - Test Cases/s-sidebar_navigation/TeamAccount/Broadcasts: Test Cases/s-sidebar_navigation/TeamAccount/Broadcasts

2019-04-26 16:09:16 - [TEST_STEP][PASSED] - callTestCase: Call Test Case 'Test Cases/s-sidebar_navigation/individualAccount/broadcast' successfully

2019-04-26 16:09:16 - [TEST_CASE][PASSED] - Test Cases/s-sidebar_navigation/individualAccount/broadcast: Test Cases/s-sidebar_navigation/individualAccount/broadcast

2019-04-26 16:09:16 - [TEST_STEP][PASSED] - click: Object: 'Object Repository/Page_KiboPush  Dashboard/span_Polls' is clicked on

2019-04-26 16:09:16 - [MESSAGE][PASSED] - Object: 'Object Repository/Page_KiboPush  Dashboard/span_Polls' is clicked on

2019-04-26 16:09:16 - [TEST_STEP][PASSED] - delay: Delayed 1 second(s)

2019-04-26 16:09:17 - [MESSAGE][PASSED] - Delayed 1 second(s)

2019-04-26 16:09:17 - [TEST_STEP][PASSED] - click: Object: 'Object Repository/Page_KiboPush  Dashboard/span_Broadcasts' is clicked on

2019-04-26 16:09:17 - [MESSAGE][PASSED] - Object: 'Object Repository/Page_KiboPush  Dashboard/span_Broadcasts' is clicked on

2019-04-26 16:09:17 - [TEST_STEP][PASSED] - delay: Delayed 1 second(s)

2019-04-26 16:09:18 - [MESSAGE][PASSED] - Delayed 1 second(s)

2019-04-26 16:09:18 - [TEST_STEP][PASSED] - scrollToPosition: Browser is scrolled to position x = 0, y = 0

2019-04-26 16:09:18 - [MESSAGE][PASSED] - Browser is scrolled to position x = 0, y = 0

2019-04-26 16:09:18 - [TEST_STEP][PASSED] - click: Object: 'Object Repository/Page_KiboPush  Broadcast/h3_Manage Broadcasts' is clicked on

2019-04-26 16:09:18 - [MESSAGE][PASSED] - Object: 'Object Repository/Page_KiboPush  Broadcast/h3_Manage Broadcasts' is clicked on

2019-04-26 16:09:18 - [MESSAGE][PASSED] - Call Test Case 'Test Cases/s-sidebar_navigation/individualAccount/broadcast' successfully

2019-04-26 16:09:18 - [MESSAGE][PASSED] - Call Test Case 'Test Cases/s-sidebar_navigation/TeamAccount/Broadcasts' successfully

2019-04-26 16:09:18 - [TEST_STEP][PASSED] - click: Object: 'Object Repository/Page_KiboPush  Broadcast/span_Create New Broadcast (5)' is clicked on

2019-04-26 16:09:18 - [MESSAGE][PASSED] - Object: 'Object Repository/Page_KiboPush  Broadcast/span_Create New Broadcast (5)' is clicked on

2019-04-26 16:09:18 - [TEST_STEP][PASSED] - click: Object: 'Object Repository/Page_KiboPush  Broadcast/a_Create New Broadcast (3)' is clicked on

2019-04-26 16:09:19 - [MESSAGE][PASSED] - Object: 'Object Repository/Page_KiboPush  Broadcast/a_Create New Broadcast (3)' is clicked on

2019-04-26 16:09:19 - [TEST_STEP][PASSED] - delay: Delayed 1 second(s)

2019-04-26 16:09:20 - [MESSAGE][PASSED] - Delayed 1 second(s)

2019-04-26 16:09:20 - [TEST_STEP][PASSED] - click: Object: 'Object Repository/Page_KiboPush  Create Broadcast/div_Image (3) (1)' is clicked on

2019-04-26 16:09:20 - [MESSAGE][PASSED] - Object: 'Object Repository/Page_KiboPush  Create Broadcast/div_Image (3) (1)' is clicked on

2019-04-26 16:09:20 - [TEST_STEP][PASSED] - delay: Delayed 3 second(s)

2019-04-26 16:09:23 - [MESSAGE][PASSED] - Delayed 3 second(s)

2019-04-26 16:09:23 - [TEST_STEP][PASSED] - click: Object: 'Object Repository/Page_KiboPush  Create Broadcast/button_Next (1) (1)' is clicked on

2019-04-26 16:09:23 - [MESSAGE][PASSED] - Object: 'Object Repository/Page_KiboPush  Create Broadcast/button_Next (1) (1)' is clicked on

2019-04-26 16:09:23 - [TEST_STEP][PASSED] - delay: Delayed 1 second(s)

2019-04-26 16:09:24 - [MESSAGE][PASSED] - Delayed 1 second(s)

2019-04-26 16:09:24 - [TEST_STEP][PASSED] - verifyTextPresent: Text 'SELECT A VALID IMAGE' is present on page 

2019-04-26 16:09:25 - [MESSAGE][PASSED] - Text 'SELECT A VALID IMAGE' is present on page]]></system-out>
         <system-err><![CDATA[]]></system-err>
      </testcase>
      <testcase name="Test Cases/Broadcasts/TC0139" classname="Test Cases/Broadcasts/TC0139" status="PASSED">
         <system-out><![CDATA[2019-04-26 16:09:25 - [TEST_CASE][PASSED] - Test Cases/Broadcasts/TC0139: Test Cases/Broadcasts/TC0139

2019-04-26 16:09:25 - [TEST_STEP][PASSED] - callTestCase: Call Test Case 'Test Cases/s-sidebar_navigation/TeamAccount/Broadcasts' successfully

2019-04-26 16:09:25 - [TEST_CASE][PASSED] - Test Cases/s-sidebar_navigation/TeamAccount/Broadcasts: Test Cases/s-sidebar_navigation/TeamAccount/Broadcasts

2019-04-26 16:09:25 - [TEST_STEP][PASSED] - callTestCase: Call Test Case 'Test Cases/s-sidebar_navigation/individualAccount/broadcast' successfully

2019-04-26 16:09:25 - [TEST_CASE][PASSED] - Test Cases/s-sidebar_navigation/individualAccount/broadcast: Test Cases/s-sidebar_navigation/individualAccount/broadcast

2019-04-26 16:09:25 - [TEST_STEP][PASSED] - click: Object: 'Object Repository/Page_KiboPush  Dashboard/span_Polls' is clicked on

2019-04-26 16:09:25 - [MESSAGE][PASSED] - Object: 'Object Repository/Page_KiboPush  Dashboard/span_Polls' is clicked on

2019-04-26 16:09:25 - [TEST_STEP][PASSED] - delay: Delayed 1 second(s)

2019-04-26 16:09:26 - [MESSAGE][PASSED] - Delayed 1 second(s)

2019-04-26 16:09:26 - [TEST_STEP][PASSED] - click: Object: 'Object Repository/Page_KiboPush  Dashboard/span_Broadcasts' is clicked on

2019-04-26 16:09:27 - [MESSAGE][PASSED] - Object: 'Object Repository/Page_KiboPush  Dashboard/span_Broadcasts' is clicked on

2019-04-26 16:09:27 - [TEST_STEP][PASSED] - delay: Delayed 1 second(s)

2019-04-26 16:09:28 - [MESSAGE][PASSED] - Delayed 1 second(s)

2019-04-26 16:09:28 - [TEST_STEP][PASSED] - scrollToPosition: Browser is scrolled to position x = 0, y = 0

2019-04-26 16:09:28 - [MESSAGE][PASSED] - Browser is scrolled to position x = 0, y = 0

2019-04-26 16:09:28 - [TEST_STEP][PASSED] - click: Object: 'Object Repository/Page_KiboPush  Broadcast/h3_Manage Broadcasts' is clicked on

2019-04-26 16:09:28 - [MESSAGE][PASSED] - Object: 'Object Repository/Page_KiboPush  Broadcast/h3_Manage Broadcasts' is clicked on

2019-04-26 16:09:28 - [MESSAGE][PASSED] - Call Test Case 'Test Cases/s-sidebar_navigation/individualAccount/broadcast' successfully

2019-04-26 16:09:28 - [MESSAGE][PASSED] - Call Test Case 'Test Cases/s-sidebar_navigation/TeamAccount/Broadcasts' successfully

2019-04-26 16:09:28 - [TEST_STEP][PASSED] - click: Object: 'Object Repository/Page_KiboPush  Broadcast/span_Create New Broadcast' is clicked on

2019-04-26 16:09:28 - [MESSAGE][PASSED] - Object: 'Object Repository/Page_KiboPush  Broadcast/span_Create New Broadcast' is clicked on

2019-04-26 16:09:28 - [TEST_STEP][PASSED] - click: Object: 'Object Repository/Page_KiboPush  Broadcast/a_Create New Broadcast' is clicked on

2019-04-26 16:09:29 - [MESSAGE][PASSED] - Object: 'Object Repository/Page_KiboPush  Broadcast/a_Create New Broadcast' is clicked on

2019-04-26 16:09:29 - [TEST_STEP][PASSED] - delay: Delayed 1 second(s)

2019-04-26 16:09:30 - [MESSAGE][PASSED] - Delayed 1 second(s)

2019-04-26 16:09:30 - [TEST_STEP][PASSED] - click: Object: 'Object Repository/Page_KiboPush  Create Broadcast/div_Image (1)' is clicked on

2019-04-26 16:09:30 - [MESSAGE][PASSED] - Object: 'Object Repository/Page_KiboPush  Create Broadcast/div_Image (1)' is clicked on

2019-04-26 16:09:30 - [TEST_STEP][PASSED] - delay: Delayed 1 second(s)

2019-04-26 16:09:31 - [MESSAGE][PASSED] - Delayed 1 second(s)

2019-04-26 16:09:31 - [TEST_STEP][PASSED] - Statement - driver = com.kms.katalon.core.webui.driver.DriverFactory.getWebDriver(): null

2019-04-26 16:09:31 - [TEST_STEP][PASSED] - Statement - upload = driver.findElement(org.openqa.selenium.By.xpath("//input[@type='file']")): null

2019-04-26 16:09:31 - [TEST_STEP][PASSED] - Statement - img = com.kms.katalon.core.configuration.RunConfiguration.getProjectDir() + "/sample.jpg": null

2019-04-26 16:09:31 - [TEST_STEP][PASSED] - Statement - upload.sendKeys(img): null

2019-04-26 16:09:31 - [TEST_STEP][PASSED] - delay: Delayed 5 second(s)

2019-04-26 16:09:36 - [MESSAGE][PASSED] - Delayed 5 second(s)]]></system-out>
         <system-err><![CDATA[]]></system-err>
      </testcase>
      <testcase name="Test Cases/Broadcasts/TC0141" classname="Test Cases/Broadcasts/TC0141" status="PASSED">
         <system-out><![CDATA[2019-04-26 16:09:36 - [TEST_CASE][PASSED] - Test Cases/Broadcasts/TC0141: Test Cases/Broadcasts/TC0141

2019-04-26 16:09:36 - [TEST_STEP][PASSED] - callTestCase: Call Test Case 'Test Cases/s-sidebar_navigation/TeamAccount/Broadcasts' successfully

2019-04-26 16:09:37 - [TEST_CASE][PASSED] - Test Cases/s-sidebar_navigation/TeamAccount/Broadcasts: Test Cases/s-sidebar_navigation/TeamAccount/Broadcasts

2019-04-26 16:09:37 - [TEST_STEP][PASSED] - callTestCase: Call Test Case 'Test Cases/s-sidebar_navigation/individualAccount/broadcast' successfully

2019-04-26 16:09:37 - [TEST_CASE][PASSED] - Test Cases/s-sidebar_navigation/individualAccount/broadcast: Test Cases/s-sidebar_navigation/individualAccount/broadcast

2019-04-26 16:09:37 - [TEST_STEP][PASSED] - click: Object: 'Object Repository/Page_KiboPush  Dashboard/span_Polls' is clicked on

2019-04-26 16:09:37 - [MESSAGE][PASSED] - Object: 'Object Repository/Page_KiboPush  Dashboard/span_Polls' is clicked on

2019-04-26 16:09:37 - [TEST_STEP][PASSED] - delay: Delayed 1 second(s)

2019-04-26 16:09:38 - [MESSAGE][PASSED] - Delayed 1 second(s)

2019-04-26 16:09:38 - [TEST_STEP][PASSED] - click: Object: 'Object Repository/Page_KiboPush  Dashboard/span_Broadcasts' is clicked on

2019-04-26 16:09:38 - [MESSAGE][PASSED] - Object: 'Object Repository/Page_KiboPush  Dashboard/span_Broadcasts' is clicked on

2019-04-26 16:09:38 - [TEST_STEP][PASSED] - delay: Delayed 1 second(s)

2019-04-26 16:09:39 - [MESSAGE][PASSED] - Delayed 1 second(s)

2019-04-26 16:09:39 - [TEST_STEP][PASSED] - scrollToPosition: Browser is scrolled to position x = 0, y = 0

2019-04-26 16:09:39 - [MESSAGE][PASSED] - Browser is scrolled to position x = 0, y = 0

2019-04-26 16:09:39 - [TEST_STEP][PASSED] - click: Object: 'Object Repository/Page_KiboPush  Broadcast/h3_Manage Broadcasts' is clicked on

2019-04-26 16:09:39 - [MESSAGE][PASSED] - Object: 'Object Repository/Page_KiboPush  Broadcast/h3_Manage Broadcasts' is clicked on

2019-04-26 16:09:39 - [MESSAGE][PASSED] - Call Test Case 'Test Cases/s-sidebar_navigation/individualAccount/broadcast' successfully

2019-04-26 16:09:39 - [MESSAGE][PASSED] - Call Test Case 'Test Cases/s-sidebar_navigation/TeamAccount/Broadcasts' successfully

2019-04-26 16:09:39 - [TEST_STEP][PASSED] - click: Object: 'Object Repository/Page_KiboPush  Broadcast/span_Create New Broadcast' is clicked on

2019-04-26 16:09:39 - [MESSAGE][PASSED] - Object: 'Object Repository/Page_KiboPush  Broadcast/span_Create New Broadcast' is clicked on

2019-04-26 16:09:39 - [TEST_STEP][PASSED] - click: Object: 'Object Repository/Page_KiboPush  Broadcast/a_Create New Broadcast' is clicked on

2019-04-26 16:09:40 - [MESSAGE][PASSED] - Object: 'Object Repository/Page_KiboPush  Broadcast/a_Create New Broadcast' is clicked on

2019-04-26 16:09:40 - [TEST_STEP][PASSED] - delay: Delayed 1 second(s)

2019-04-26 16:09:41 - [MESSAGE][PASSED] - Delayed 1 second(s)

2019-04-26 16:09:41 - [TEST_STEP][PASSED] - click: Object: 'Object Repository/Page_KiboPush  Create Broadcast/div_Card' is clicked on

2019-04-26 16:09:42 - [MESSAGE][PASSED] - Object: 'Object Repository/Page_KiboPush  Create Broadcast/div_Card' is clicked on]]></system-out>
         <system-err><![CDATA[]]></system-err>
      </testcase>
      <testcase name="Test Cases/Broadcasts/TC0142" classname="Test Cases/Broadcasts/TC0142" status="PASSED">
         <system-out><![CDATA[2019-04-26 16:09:42 - [TEST_CASE][PASSED] - Test Cases/Broadcasts/TC0142: Test Cases/Broadcasts/TC0142

2019-04-26 16:09:42 - [TEST_STEP][PASSED] - callTestCase: Call Test Case 'Test Cases/s-sidebar_navigation/TeamAccount/Broadcasts' successfully

2019-04-26 16:09:42 - [TEST_CASE][PASSED] - Test Cases/s-sidebar_navigation/TeamAccount/Broadcasts: Test Cases/s-sidebar_navigation/TeamAccount/Broadcasts

2019-04-26 16:09:42 - [TEST_STEP][PASSED] - callTestCase: Call Test Case 'Test Cases/s-sidebar_navigation/individualAccount/broadcast' successfully

2019-04-26 16:09:42 - [TEST_CASE][PASSED] - Test Cases/s-sidebar_navigation/individualAccount/broadcast: Test Cases/s-sidebar_navigation/individualAccount/broadcast

2019-04-26 16:09:42 - [TEST_STEP][PASSED] - click: Object: 'Object Repository/Page_KiboPush  Dashboard/span_Polls' is clicked on

2019-04-26 16:09:43 - [MESSAGE][PASSED] - Object: 'Object Repository/Page_KiboPush  Dashboard/span_Polls' is clicked on

2019-04-26 16:09:43 - [TEST_STEP][PASSED] - delay: Delayed 1 second(s)

2019-04-26 16:09:44 - [MESSAGE][PASSED] - Delayed 1 second(s)

2019-04-26 16:09:44 - [TEST_STEP][PASSED] - click: Object: 'Object Repository/Page_KiboPush  Dashboard/span_Broadcasts' is clicked on

2019-04-26 16:09:44 - [MESSAGE][PASSED] - Object: 'Object Repository/Page_KiboPush  Dashboard/span_Broadcasts' is clicked on

2019-04-26 16:09:44 - [TEST_STEP][PASSED] - delay: Delayed 1 second(s)

2019-04-26 16:09:45 - [MESSAGE][PASSED] - Delayed 1 second(s)

2019-04-26 16:09:45 - [TEST_STEP][PASSED] - scrollToPosition: Browser is scrolled to position x = 0, y = 0

2019-04-26 16:09:45 - [MESSAGE][PASSED] - Browser is scrolled to position x = 0, y = 0

2019-04-26 16:09:45 - [TEST_STEP][PASSED] - click: Object: 'Object Repository/Page_KiboPush  Broadcast/h3_Manage Broadcasts' is clicked on

2019-04-26 16:09:45 - [MESSAGE][PASSED] - Object: 'Object Repository/Page_KiboPush  Broadcast/h3_Manage Broadcasts' is clicked on

2019-04-26 16:09:45 - [MESSAGE][PASSED] - Call Test Case 'Test Cases/s-sidebar_navigation/individualAccount/broadcast' successfully

2019-04-26 16:09:45 - [MESSAGE][PASSED] - Call Test Case 'Test Cases/s-sidebar_navigation/TeamAccount/Broadcasts' successfully

2019-04-26 16:09:45 - [TEST_STEP][PASSED] - click: Object: 'Object Repository/Page_KiboPush  Broadcast/span_Create New Broadcast' is clicked on

2019-04-26 16:09:45 - [MESSAGE][PASSED] - Object: 'Object Repository/Page_KiboPush  Broadcast/span_Create New Broadcast' is clicked on

2019-04-26 16:09:45 - [TEST_STEP][PASSED] - click: Object: 'Object Repository/Page_KiboPush  Broadcast/a_Create New Broadcast' is clicked on

2019-04-26 16:09:46 - [MESSAGE][PASSED] - Object: 'Object Repository/Page_KiboPush  Broadcast/a_Create New Broadcast' is clicked on

2019-04-26 16:09:46 - [TEST_STEP][PASSED] - delay: Delayed 1 second(s)

2019-04-26 16:09:47 - [MESSAGE][PASSED] - Delayed 1 second(s)

2019-04-26 16:09:47 - [TEST_STEP][PASSED] - click: Object: 'Object Repository/Page_KiboPush  Create Broadcast/div_Card (1)' is clicked on

2019-04-26 16:09:47 - [MESSAGE][PASSED] - Object: 'Object Repository/Page_KiboPush  Create Broadcast/div_Card (1)' is clicked on

2019-04-26 16:09:47 - [TEST_STEP][PASSED] - setText: Text 'Card Title' is set on object 'Object Repository/Page_KiboPush  Create Broadcast/input_form-control (3)'

2019-04-26 16:09:48 - [MESSAGE][PASSED] - Text 'Card Title' is set on object 'Object Repository/Page_KiboPush  Create Broadcast/input_form-control (3)'

2019-04-26 16:09:48 - [TEST_STEP][PASSED] - setText: Text 'Card Subtitle' is set on object 'Object Repository/Page_KiboPush  Create Broadcast/textarea_form-control'

2019-04-26 16:09:48 - [MESSAGE][PASSED] - Text 'Card Subtitle' is set on object 'Object Repository/Page_KiboPush  Create Broadcast/textarea_form-control'

2019-04-26 16:09:48 - [TEST_STEP][PASSED] - scrollToPosition: Browser is scrolled to position x = 0, y = 0

2019-04-26 16:09:48 - [MESSAGE][PASSED] - Browser is scrolled to position x = 0, y = 0

2019-04-26 16:09:48 - [TEST_STEP][PASSED] - click: Object: 'Object Repository/Page_KiboPush  Create Broadcast/button_Next (2)' is clicked on

2019-04-26 16:09:48 - [MESSAGE][PASSED] - Object: 'Object Repository/Page_KiboPush  Create Broadcast/button_Next (2)' is clicked on

2019-04-26 16:09:48 - [TEST_STEP][PASSED] - delay: Delayed 1 second(s)

2019-04-26 16:09:49 - [MESSAGE][PASSED] - Delayed 1 second(s)

2019-04-26 16:09:49 - [TEST_STEP][PASSED] - verifyTextPresent: Text 'CARD MUST HAVE AN IMAGE' is present on page 

2019-04-26 16:09:50 - [MESSAGE][PASSED] - Text 'CARD MUST HAVE AN IMAGE' is present on page]]></system-out>
         <system-err><![CDATA[]]></system-err>
      </testcase>
      <testcase name="Test Cases/Broadcasts/TC0143" classname="Test Cases/Broadcasts/TC0143" status="PASSED">
         <system-out><![CDATA[2019-04-26 16:09:50 - [TEST_CASE][PASSED] - Test Cases/Broadcasts/TC0143: Test Cases/Broadcasts/TC0143

2019-04-26 16:09:50 - [TEST_STEP][PASSED] - callTestCase: Call Test Case 'Test Cases/s-sidebar_navigation/TeamAccount/Broadcasts' successfully

2019-04-26 16:09:50 - [TEST_CASE][PASSED] - Test Cases/s-sidebar_navigation/TeamAccount/Broadcasts: Test Cases/s-sidebar_navigation/TeamAccount/Broadcasts

2019-04-26 16:09:50 - [TEST_STEP][PASSED] - callTestCase: Call Test Case 'Test Cases/s-sidebar_navigation/individualAccount/broadcast' successfully

2019-04-26 16:09:50 - [TEST_CASE][PASSED] - Test Cases/s-sidebar_navigation/individualAccount/broadcast: Test Cases/s-sidebar_navigation/individualAccount/broadcast

2019-04-26 16:09:50 - [TEST_STEP][PASSED] - click: Object: 'Object Repository/Page_KiboPush  Dashboard/span_Polls' is clicked on

2019-04-26 16:09:50 - [MESSAGE][PASSED] - Object: 'Object Repository/Page_KiboPush  Dashboard/span_Polls' is clicked on

2019-04-26 16:09:50 - [TEST_STEP][PASSED] - delay: Delayed 1 second(s)

2019-04-26 16:09:51 - [MESSAGE][PASSED] - Delayed 1 second(s)

2019-04-26 16:09:51 - [TEST_STEP][PASSED] - click: Object: 'Object Repository/Page_KiboPush  Dashboard/span_Broadcasts' is clicked on

2019-04-26 16:09:51 - [MESSAGE][PASSED] - Object: 'Object Repository/Page_KiboPush  Dashboard/span_Broadcasts' is clicked on

2019-04-26 16:09:51 - [TEST_STEP][PASSED] - delay: Delayed 1 second(s)

2019-04-26 16:09:52 - [MESSAGE][PASSED] - Delayed 1 second(s)

2019-04-26 16:09:52 - [TEST_STEP][PASSED] - scrollToPosition: Browser is scrolled to position x = 0, y = 0

2019-04-26 16:09:52 - [MESSAGE][PASSED] - Browser is scrolled to position x = 0, y = 0

2019-04-26 16:09:52 - [TEST_STEP][PASSED] - click: Object: 'Object Repository/Page_KiboPush  Broadcast/h3_Manage Broadcasts' is clicked on

2019-04-26 16:09:53 - [MESSAGE][PASSED] - Object: 'Object Repository/Page_KiboPush  Broadcast/h3_Manage Broadcasts' is clicked on

2019-04-26 16:09:53 - [MESSAGE][PASSED] - Call Test Case 'Test Cases/s-sidebar_navigation/individualAccount/broadcast' successfully

2019-04-26 16:09:53 - [MESSAGE][PASSED] - Call Test Case 'Test Cases/s-sidebar_navigation/TeamAccount/Broadcasts' successfully

2019-04-26 16:09:53 - [TEST_STEP][PASSED] - click: Object: 'Object Repository/Page_KiboPush  Broadcast/span_Create New Broadcast' is clicked on

2019-04-26 16:09:53 - [MESSAGE][PASSED] - Object: 'Object Repository/Page_KiboPush  Broadcast/span_Create New Broadcast' is clicked on

2019-04-26 16:09:53 - [TEST_STEP][PASSED] - click: Object: 'Object Repository/Page_KiboPush  Broadcast/a_Create New Broadcast' is clicked on

2019-04-26 16:09:53 - [MESSAGE][PASSED] - Object: 'Object Repository/Page_KiboPush  Broadcast/a_Create New Broadcast' is clicked on

2019-04-26 16:09:53 - [TEST_STEP][PASSED] - delay: Delayed 1 second(s)

2019-04-26 16:09:54 - [MESSAGE][PASSED] - Delayed 1 second(s)

2019-04-26 16:09:54 - [TEST_STEP][PASSED] - click: Object: 'Object Repository/Page_KiboPush  Create Broadcast/div_Card' is clicked on

2019-04-26 16:09:55 - [MESSAGE][PASSED] - Object: 'Object Repository/Page_KiboPush  Create Broadcast/div_Card' is clicked on

2019-04-26 16:09:55 - [TEST_STEP][PASSED] - delay: Delayed 3 second(s)

2019-04-26 16:09:58 - [MESSAGE][PASSED] - Delayed 3 second(s)

2019-04-26 16:09:58 - [TEST_STEP][PASSED] - Statement - img = com.kms.katalon.core.configuration.RunConfiguration.getProjectDir() + "/sample.jpg": null

2019-04-26 16:09:58 - [TEST_STEP][PASSED] - uploadFile: File 'C:/Users/cloudkibo/Desktop/KiboPush_Automated_Testing/KiboPush Katalon/sample.jpg' sent to object: 'Object Repository/Page_KiboPush  Create Broadcast/input_file'

2019-04-26 16:09:58 - [MESSAGE][PASSED] - File 'C:/Users/cloudkibo/Desktop/KiboPush_Automated_Testing/KiboPush Katalon/sample.jpg' sent to object: 'Object Repository/Page_KiboPush  Create Broadcast/input_file'

2019-04-26 16:09:58 - [TEST_STEP][PASSED] - delay: Delayed 5 second(s)

2019-04-26 16:10:03 - [MESSAGE][PASSED] - Delayed 5 second(s)

2019-04-26 16:10:03 - [TEST_STEP][PASSED] - Statement - driver = com.kms.katalon.core.webui.driver.DriverFactory.getWebDriver(): null

2019-04-26 16:10:03 - [TEST_STEP][PASSED] - Statement - image_popup = driver.findElement(org.openqa.selenium.By.xpath("/html/body/div[5]/div/div[2]/div/a")): null

2019-04-26 16:10:03 - [TEST_STEP][PASSED] - Statement - image_popup.click(): null

2019-04-26 16:10:03 - [TEST_STEP][PASSED] - delay: Delayed 2 second(s)

2019-04-26 16:10:05 - [MESSAGE][PASSED] - Delayed 2 second(s)

2019-04-26 16:10:05 - [TEST_STEP][PASSED] - setText: Text 'Card Subtitle' is set on object 'Object Repository/Page_KiboPush  Create Broadcast/textarea_form-control'

2019-04-26 16:10:06 - [MESSAGE][PASSED] - Text 'Card Subtitle' is set on object 'Object Repository/Page_KiboPush  Create Broadcast/textarea_form-control'

2019-04-26 16:10:06 - [TEST_STEP][PASSED] - scrollToPosition: Browser is scrolled to position x = 0, y = 0

2019-04-26 16:10:06 - [MESSAGE][PASSED] - Browser is scrolled to position x = 0, y = 0

2019-04-26 16:10:06 - [TEST_STEP][PASSED] - click: Object: 'Object Repository/Page_KiboPush  Create Broadcast/button_Next (2)' is clicked on

2019-04-26 16:10:06 - [MESSAGE][PASSED] - Object: 'Object Repository/Page_KiboPush  Create Broadcast/button_Next (2)' is clicked on

2019-04-26 16:10:06 - [TEST_STEP][PASSED] - verifyTextPresent: Text 'CARD MUST HAVE A TITLE' is present on page 

2019-04-26 16:10:06 - [MESSAGE][PASSED] - Text 'CARD MUST HAVE A TITLE' is present on page]]></system-out>
         <system-err><![CDATA[]]></system-err>
      </testcase>
      <testcase name="Test Cases/Broadcasts/TC0144" classname="Test Cases/Broadcasts/TC0144" status="PASSED">
         <system-out><![CDATA[2019-04-26 16:10:06 - [TEST_CASE][PASSED] - Test Cases/Broadcasts/TC0144: Test Cases/Broadcasts/TC0144

2019-04-26 16:10:06 - [TEST_STEP][PASSED] - callTestCase: Call Test Case 'Test Cases/s-sidebar_navigation/TeamAccount/Broadcasts' successfully

2019-04-26 16:10:06 - [TEST_CASE][PASSED] - Test Cases/s-sidebar_navigation/TeamAccount/Broadcasts: Test Cases/s-sidebar_navigation/TeamAccount/Broadcasts

2019-04-26 16:10:06 - [TEST_STEP][PASSED] - callTestCase: Call Test Case 'Test Cases/s-sidebar_navigation/individualAccount/broadcast' successfully

2019-04-26 16:10:07 - [TEST_CASE][PASSED] - Test Cases/s-sidebar_navigation/individualAccount/broadcast: Test Cases/s-sidebar_navigation/individualAccount/broadcast

2019-04-26 16:10:07 - [TEST_STEP][PASSED] - click: Object: 'Object Repository/Page_KiboPush  Dashboard/span_Polls' is clicked on

2019-04-26 16:10:07 - [MESSAGE][PASSED] - Object: 'Object Repository/Page_KiboPush  Dashboard/span_Polls' is clicked on

2019-04-26 16:10:07 - [TEST_STEP][PASSED] - delay: Delayed 1 second(s)

2019-04-26 16:10:08 - [MESSAGE][PASSED] - Delayed 1 second(s)

2019-04-26 16:10:08 - [TEST_STEP][PASSED] - click: Object: 'Object Repository/Page_KiboPush  Dashboard/span_Broadcasts' is clicked on

2019-04-26 16:10:08 - [MESSAGE][PASSED] - Object: 'Object Repository/Page_KiboPush  Dashboard/span_Broadcasts' is clicked on

2019-04-26 16:10:08 - [TEST_STEP][PASSED] - delay: Delayed 1 second(s)

2019-04-26 16:10:09 - [MESSAGE][PASSED] - Delayed 1 second(s)

2019-04-26 16:10:09 - [TEST_STEP][PASSED] - scrollToPosition: Browser is scrolled to position x = 0, y = 0

2019-04-26 16:10:09 - [MESSAGE][PASSED] - Browser is scrolled to position x = 0, y = 0

2019-04-26 16:10:09 - [TEST_STEP][PASSED] - click: Object: 'Object Repository/Page_KiboPush  Broadcast/h3_Manage Broadcasts' is clicked on

2019-04-26 16:10:09 - [MESSAGE][PASSED] - Object: 'Object Repository/Page_KiboPush  Broadcast/h3_Manage Broadcasts' is clicked on

2019-04-26 16:10:09 - [MESSAGE][PASSED] - Call Test Case 'Test Cases/s-sidebar_navigation/individualAccount/broadcast' successfully

2019-04-26 16:10:09 - [MESSAGE][PASSED] - Call Test Case 'Test Cases/s-sidebar_navigation/TeamAccount/Broadcasts' successfully

2019-04-26 16:10:09 - [TEST_STEP][PASSED] - click: Object: 'Object Repository/Page_KiboPush  Broadcast/span_Create New Broadcast' is clicked on

2019-04-26 16:10:09 - [MESSAGE][PASSED] - Object: 'Object Repository/Page_KiboPush  Broadcast/span_Create New Broadcast' is clicked on

2019-04-26 16:10:09 - [TEST_STEP][PASSED] - click: Object: 'Object Repository/Page_KiboPush  Broadcast/a_Create New Broadcast' is clicked on

2019-04-26 16:10:10 - [MESSAGE][PASSED] - Object: 'Object Repository/Page_KiboPush  Broadcast/a_Create New Broadcast' is clicked on

2019-04-26 16:10:10 - [TEST_STEP][PASSED] - delay: Delayed 1 second(s)

2019-04-26 16:10:11 - [MESSAGE][PASSED] - Delayed 1 second(s)

2019-04-26 16:10:11 - [TEST_STEP][PASSED] - click: Object: 'Object Repository/Page_KiboPush  Create Broadcast/div_Card (3)' is clicked on

2019-04-26 16:10:11 - [MESSAGE][PASSED] - Object: 'Object Repository/Page_KiboPush  Create Broadcast/div_Card (3)' is clicked on

2019-04-26 16:10:11 - [TEST_STEP][PASSED] - delay: Delayed 1 second(s)

2019-04-26 16:10:12 - [MESSAGE][PASSED] - Delayed 1 second(s)

2019-04-26 16:10:12 - [TEST_STEP][PASSED] - Statement - img = com.kms.katalon.core.configuration.RunConfiguration.getProjectDir() + "/sample.jpg": null

2019-04-26 16:10:12 - [TEST_STEP][PASSED] - uploadFile: File 'C:/Users/cloudkibo/Desktop/KiboPush_Automated_Testing/KiboPush Katalon/sample.jpg' sent to object: 'Object Repository/Page_KiboPush  Create Broadcast/input_file'

2019-04-26 16:10:13 - [MESSAGE][PASSED] - File 'C:/Users/cloudkibo/Desktop/KiboPush_Automated_Testing/KiboPush Katalon/sample.jpg' sent to object: 'Object Repository/Page_KiboPush  Create Broadcast/input_file'

2019-04-26 16:10:13 - [TEST_STEP][PASSED] - delay: Delayed 5 second(s)

2019-04-26 16:10:18 - [MESSAGE][PASSED] - Delayed 5 second(s)

2019-04-26 16:10:18 - [TEST_STEP][PASSED] - Statement - driver = com.kms.katalon.core.webui.driver.DriverFactory.getWebDriver(): null

2019-04-26 16:10:18 - [TEST_STEP][PASSED] - Statement - image_popup = driver.findElement(org.openqa.selenium.By.xpath("/html/body/div[5]/div/div[2]/div/a")): null

2019-04-26 16:10:18 - [TEST_STEP][PASSED] - Statement - image_popup.click(): null

2019-04-26 16:10:18 - [TEST_STEP][PASSED] - delay: Delayed 2 second(s)

2019-04-26 16:10:20 - [MESSAGE][PASSED] - Delayed 2 second(s)

2019-04-26 16:10:20 - [TEST_STEP][PASSED] - setText: Text 'Card Title' is set on object 'Object Repository/Page_KiboPush  Create Broadcast/input_form-control (4)'

2019-04-26 16:10:20 - [MESSAGE][PASSED] - Text 'Card Title' is set on object 'Object Repository/Page_KiboPush  Create Broadcast/input_form-control (4)'

2019-04-26 16:10:20 - [TEST_STEP][PASSED] - scrollToPosition: Browser is scrolled to position x = 0, y = 0

2019-04-26 16:10:20 - [MESSAGE][PASSED] - Browser is scrolled to position x = 0, y = 0

2019-04-26 16:10:20 - [TEST_STEP][PASSED] - click: Object: 'Object Repository/Page_KiboPush  Create Broadcast/button_Next (4)' is clicked on

2019-04-26 16:10:20 - [MESSAGE][PASSED] - Object: 'Object Repository/Page_KiboPush  Create Broadcast/button_Next (4)' is clicked on

2019-04-26 16:10:20 - [TEST_STEP][PASSED] - delay: Delayed 1 second(s)

2019-04-26 16:10:21 - [MESSAGE][PASSED] - Delayed 1 second(s)

2019-04-26 16:10:21 - [TEST_STEP][PASSED] - verifyTextPresent: Text 'CARD MUST HAVE A SUBTITLE' is present on page 

2019-04-26 16:10:22 - [MESSAGE][PASSED] - Text 'CARD MUST HAVE A SUBTITLE' is present on page]]></system-out>
         <system-err><![CDATA[]]></system-err>
      </testcase>
      <testcase name="Test Cases/Broadcasts/TC0145" classname="Test Cases/Broadcasts/TC0145" status="PASSED">
         <system-out><![CDATA[2019-04-26 16:10:22 - [TEST_CASE][PASSED] - Test Cases/Broadcasts/TC0145: Test Cases/Broadcasts/TC0145

2019-04-26 16:10:22 - [TEST_STEP][PASSED] - callTestCase: Call Test Case 'Test Cases/s-sidebar_navigation/TeamAccount/Broadcasts' successfully

2019-04-26 16:10:22 - [TEST_CASE][PASSED] - Test Cases/s-sidebar_navigation/TeamAccount/Broadcasts: Test Cases/s-sidebar_navigation/TeamAccount/Broadcasts

2019-04-26 16:10:22 - [TEST_STEP][PASSED] - callTestCase: Call Test Case 'Test Cases/s-sidebar_navigation/individualAccount/broadcast' successfully

2019-04-26 16:10:22 - [TEST_CASE][PASSED] - Test Cases/s-sidebar_navigation/individualAccount/broadcast: Test Cases/s-sidebar_navigation/individualAccount/broadcast

2019-04-26 16:10:22 - [TEST_STEP][PASSED] - click: Object: 'Object Repository/Page_KiboPush  Dashboard/span_Polls' is clicked on

2019-04-26 16:10:23 - [MESSAGE][PASSED] - Object: 'Object Repository/Page_KiboPush  Dashboard/span_Polls' is clicked on

2019-04-26 16:10:23 - [TEST_STEP][PASSED] - delay: Delayed 1 second(s)

2019-04-26 16:10:24 - [MESSAGE][PASSED] - Delayed 1 second(s)

2019-04-26 16:10:24 - [TEST_STEP][PASSED] - click: Object: 'Object Repository/Page_KiboPush  Dashboard/span_Broadcasts' is clicked on

2019-04-26 16:10:24 - [MESSAGE][PASSED] - Object: 'Object Repository/Page_KiboPush  Dashboard/span_Broadcasts' is clicked on

2019-04-26 16:10:24 - [TEST_STEP][PASSED] - delay: Delayed 1 second(s)

2019-04-26 16:10:25 - [MESSAGE][PASSED] - Delayed 1 second(s)

2019-04-26 16:10:25 - [TEST_STEP][PASSED] - scrollToPosition: Browser is scrolled to position x = 0, y = 0

2019-04-26 16:10:25 - [MESSAGE][PASSED] - Browser is scrolled to position x = 0, y = 0

2019-04-26 16:10:25 - [TEST_STEP][PASSED] - click: Object: 'Object Repository/Page_KiboPush  Broadcast/h3_Manage Broadcasts' is clicked on

2019-04-26 16:10:25 - [MESSAGE][PASSED] - Object: 'Object Repository/Page_KiboPush  Broadcast/h3_Manage Broadcasts' is clicked on

2019-04-26 16:10:25 - [MESSAGE][PASSED] - Call Test Case 'Test Cases/s-sidebar_navigation/individualAccount/broadcast' successfully

2019-04-26 16:10:25 - [MESSAGE][PASSED] - Call Test Case 'Test Cases/s-sidebar_navigation/TeamAccount/Broadcasts' successfully

2019-04-26 16:10:25 - [TEST_STEP][PASSED] - click: Object: 'Object Repository/Page_KiboPush  Broadcast/span_Create New Broadcast' is clicked on

2019-04-26 16:10:25 - [MESSAGE][PASSED] - Object: 'Object Repository/Page_KiboPush  Broadcast/span_Create New Broadcast' is clicked on

2019-04-26 16:10:25 - [TEST_STEP][PASSED] - click: Object: 'Object Repository/Page_KiboPush  Broadcast/a_Create New Broadcast' is clicked on

2019-04-26 16:10:26 - [MESSAGE][PASSED] - Object: 'Object Repository/Page_KiboPush  Broadcast/a_Create New Broadcast' is clicked on

2019-04-26 16:10:26 - [TEST_STEP][PASSED] - delay: Delayed 1 second(s)

2019-04-26 16:10:27 - [MESSAGE][PASSED] - Delayed 1 second(s)

2019-04-26 16:10:27 - [TEST_STEP][PASSED] - click: Object: 'Object Repository/Page_KiboPush  Create Broadcast/div_Card (3) (1)' is clicked on

2019-04-26 16:10:27 - [MESSAGE][PASSED] - Object: 'Object Repository/Page_KiboPush  Create Broadcast/div_Card (3) (1)' is clicked on

2019-04-26 16:10:27 - [TEST_STEP][PASSED] - delay: Delayed 1 second(s)

2019-04-26 16:10:28 - [MESSAGE][PASSED] - Delayed 1 second(s)

2019-04-26 16:10:28 - [TEST_STEP][PASSED] - Statement - driver = com.kms.katalon.core.webui.driver.DriverFactory.getWebDriver(): null

2019-04-26 16:10:28 - [TEST_STEP][PASSED] - Statement - upload = driver.findElement(org.openqa.selenium.By.xpath("//input[@type='file']")): null

2019-04-26 16:10:28 - [TEST_STEP][PASSED] - Statement - img = com.kms.katalon.core.configuration.RunConfiguration.getProjectDir() + "/sample.jpg": null

2019-04-26 16:10:28 - [TEST_STEP][PASSED] - Statement - upload.sendKeys(img): null

2019-04-26 16:10:28 - [TEST_STEP][PASSED] - delay: Delayed 5 second(s)

2019-04-26 16:10:33 - [MESSAGE][PASSED] - Delayed 5 second(s)

2019-04-26 16:10:33 - [TEST_STEP][PASSED] - Statement - image_popup = driver.findElement(org.openqa.selenium.By.xpath("/html/body/div[5]/div/div[2]/div/a")): null

2019-04-26 16:10:33 - [TEST_STEP][PASSED] - Statement - image_popup.click(): null

2019-04-26 16:10:33 - [TEST_STEP][PASSED] - delay: Delayed 2 second(s)

2019-04-26 16:10:35 - [MESSAGE][PASSED] - Delayed 2 second(s)

2019-04-26 16:10:35 - [TEST_STEP][PASSED] - setText: Text 'Card Title' is set on object 'Object Repository/Page_KiboPush  Create Broadcast/input_form-control (4) (1)'

2019-04-26 16:10:36 - [MESSAGE][PASSED] - Text 'Card Title' is set on object 'Object Repository/Page_KiboPush  Create Broadcast/input_form-control (4) (1)'

2019-04-26 16:10:36 - [TEST_STEP][PASSED] - setText: Text 'Card Subtitle' is set on object 'Object Repository/Page_KiboPush  Create Broadcast/textarea_form-control'

2019-04-26 16:10:36 - [MESSAGE][PASSED] - Text 'Card Subtitle' is set on object 'Object Repository/Page_KiboPush  Create Broadcast/textarea_form-control'

2019-04-26 16:10:36 - [TEST_STEP][PASSED] - scrollToPosition: Browser is scrolled to position x = 0, y = 0

2019-04-26 16:10:36 - [MESSAGE][PASSED] - Browser is scrolled to position x = 0, y = 0

2019-04-26 16:10:36 - [TEST_STEP][PASSED] - click: Object: 'Object Repository/Page_KiboPush  Create Broadcast/button_Next (4) (1)' is clicked on

2019-04-26 16:10:36 - [MESSAGE][PASSED] - Object: 'Object Repository/Page_KiboPush  Create Broadcast/button_Next (4) (1)' is clicked on

2019-04-26 16:10:36 - [TEST_STEP][PASSED] - delay: Delayed 1 second(s)

2019-04-26 16:10:37 - [MESSAGE][PASSED] - Delayed 1 second(s)

2019-04-26 16:10:37 - [TEST_STEP][PASSED] - verifyTextPresent: Text 'CARD MUST HAVE AT LEAST ONE BUTTON.' is present on page 

2019-04-26 16:10:38 - [MESSAGE][PASSED] - Text 'CARD MUST HAVE AT LEAST ONE BUTTON.' is present on page]]></system-out>
         <system-err><![CDATA[]]></system-err>
      </testcase>
      <testcase name="Test Cases/Broadcasts/TC0146" classname="Test Cases/Broadcasts/TC0146" status="PASSED">
         <system-out><![CDATA[2019-04-26 16:10:38 - [TEST_CASE][PASSED] - Test Cases/Broadcasts/TC0146: Test Cases/Broadcasts/TC0146

2019-04-26 16:10:38 - [TEST_STEP][PASSED] - callTestCase: Call Test Case 'Test Cases/s-sidebar_navigation/TeamAccount/Broadcasts' successfully

2019-04-26 16:10:38 - [TEST_CASE][PASSED] - Test Cases/s-sidebar_navigation/TeamAccount/Broadcasts: Test Cases/s-sidebar_navigation/TeamAccount/Broadcasts

2019-04-26 16:10:38 - [TEST_STEP][PASSED] - callTestCase: Call Test Case 'Test Cases/s-sidebar_navigation/individualAccount/broadcast' successfully

2019-04-26 16:10:38 - [TEST_CASE][PASSED] - Test Cases/s-sidebar_navigation/individualAccount/broadcast: Test Cases/s-sidebar_navigation/individualAccount/broadcast

2019-04-26 16:10:38 - [TEST_STEP][PASSED] - click: Object: 'Object Repository/Page_KiboPush  Dashboard/span_Polls' is clicked on

2019-04-26 16:10:38 - [MESSAGE][PASSED] - Object: 'Object Repository/Page_KiboPush  Dashboard/span_Polls' is clicked on

2019-04-26 16:10:38 - [TEST_STEP][PASSED] - delay: Delayed 1 second(s)

2019-04-26 16:10:39 - [MESSAGE][PASSED] - Delayed 1 second(s)

2019-04-26 16:10:39 - [TEST_STEP][PASSED] - click: Object: 'Object Repository/Page_KiboPush  Dashboard/span_Broadcasts' is clicked on

2019-04-26 16:10:39 - [MESSAGE][PASSED] - Object: 'Object Repository/Page_KiboPush  Dashboard/span_Broadcasts' is clicked on

2019-04-26 16:10:39 - [TEST_STEP][PASSED] - delay: Delayed 1 second(s)

2019-04-26 16:10:40 - [MESSAGE][PASSED] - Delayed 1 second(s)

2019-04-26 16:10:40 - [TEST_STEP][PASSED] - scrollToPosition: Browser is scrolled to position x = 0, y = 0

2019-04-26 16:10:40 - [MESSAGE][PASSED] - Browser is scrolled to position x = 0, y = 0

2019-04-26 16:10:40 - [TEST_STEP][PASSED] - click: Object: 'Object Repository/Page_KiboPush  Broadcast/h3_Manage Broadcasts' is clicked on

2019-04-26 16:10:41 - [MESSAGE][PASSED] - Object: 'Object Repository/Page_KiboPush  Broadcast/h3_Manage Broadcasts' is clicked on

2019-04-26 16:10:41 - [MESSAGE][PASSED] - Call Test Case 'Test Cases/s-sidebar_navigation/individualAccount/broadcast' successfully

2019-04-26 16:10:41 - [MESSAGE][PASSED] - Call Test Case 'Test Cases/s-sidebar_navigation/TeamAccount/Broadcasts' successfully

2019-04-26 16:10:41 - [TEST_STEP][PASSED] - click: Object: 'Object Repository/Page_KiboPush  Broadcast/span_Create New Broadcast' is clicked on

2019-04-26 16:10:41 - [MESSAGE][PASSED] - Object: 'Object Repository/Page_KiboPush  Broadcast/span_Create New Broadcast' is clicked on

2019-04-26 16:10:41 - [TEST_STEP][PASSED] - click: Object: 'Object Repository/Page_KiboPush  Broadcast/a_Create New Broadcast' is clicked on

2019-04-26 16:10:42 - [MESSAGE][PASSED] - Object: 'Object Repository/Page_KiboPush  Broadcast/a_Create New Broadcast' is clicked on

2019-04-26 16:10:42 - [TEST_STEP][PASSED] - delay: Delayed 1 second(s)

2019-04-26 16:10:43 - [MESSAGE][PASSED] - Delayed 1 second(s)

2019-04-26 16:10:43 - [TEST_STEP][PASSED] - click: Object: 'Object Repository/Page_KiboPush  Create Broadcast/div_Card (3) (1)' is clicked on

2019-04-26 16:10:43 - [MESSAGE][PASSED] - Object: 'Object Repository/Page_KiboPush  Create Broadcast/div_Card (3) (1)' is clicked on

2019-04-26 16:10:43 - [TEST_STEP][PASSED] - delay: Delayed 1 second(s)

2019-04-26 16:10:44 - [MESSAGE][PASSED] - Delayed 1 second(s)

2019-04-26 16:10:44 - [TEST_STEP][PASSED] - Statement - img = com.kms.katalon.core.configuration.RunConfiguration.getProjectDir() + "/sample.jpg": null

2019-04-26 16:10:44 - [TEST_STEP][PASSED] - uploadFile: File 'C:/Users/cloudkibo/Desktop/KiboPush_Automated_Testing/KiboPush Katalon/sample.jpg' sent to object: 'Object Repository/Page_KiboPush  Create Broadcast/input_file'

2019-04-26 16:10:44 - [MESSAGE][PASSED] - File 'C:/Users/cloudkibo/Desktop/KiboPush_Automated_Testing/KiboPush Katalon/sample.jpg' sent to object: 'Object Repository/Page_KiboPush  Create Broadcast/input_file']]></system-out>
         <system-err><![CDATA[]]></system-err>
      </testcase>
      <testcase name="Test Cases/Broadcasts/TC0147" classname="Test Cases/Broadcasts/TC0147" status="PASSED">
         <system-out><![CDATA[2019-04-26 16:10:44 - [TEST_CASE][PASSED] - Test Cases/Broadcasts/TC0147: Test Cases/Broadcasts/TC0147

2019-04-26 16:10:44 - [TEST_STEP][PASSED] - callTestCase: Call Test Case 'Test Cases/s-sidebar_navigation/TeamAccount/Broadcasts' successfully

2019-04-26 16:10:44 - [TEST_CASE][PASSED] - Test Cases/s-sidebar_navigation/TeamAccount/Broadcasts: Test Cases/s-sidebar_navigation/TeamAccount/Broadcasts

2019-04-26 16:10:44 - [TEST_STEP][PASSED] - callTestCase: Call Test Case 'Test Cases/s-sidebar_navigation/individualAccount/broadcast' successfully

2019-04-26 16:10:44 - [TEST_CASE][PASSED] - Test Cases/s-sidebar_navigation/individualAccount/broadcast: Test Cases/s-sidebar_navigation/individualAccount/broadcast

2019-04-26 16:10:44 - [TEST_STEP][PASSED] - click: Object: 'Object Repository/Page_KiboPush  Dashboard/span_Polls' is clicked on

2019-04-26 16:10:45 - [MESSAGE][PASSED] - Object: 'Object Repository/Page_KiboPush  Dashboard/span_Polls' is clicked on

2019-04-26 16:10:45 - [TEST_STEP][PASSED] - delay: Delayed 1 second(s)

2019-04-26 16:10:46 - [MESSAGE][PASSED] - Delayed 1 second(s)

2019-04-26 16:10:46 - [TEST_STEP][PASSED] - click: Object: 'Object Repository/Page_KiboPush  Dashboard/span_Broadcasts' is clicked on

2019-04-26 16:10:46 - [MESSAGE][PASSED] - Object: 'Object Repository/Page_KiboPush  Dashboard/span_Broadcasts' is clicked on

2019-04-26 16:10:46 - [TEST_STEP][PASSED] - delay: Delayed 1 second(s)

2019-04-26 16:10:47 - [MESSAGE][PASSED] - Delayed 1 second(s)

2019-04-26 16:10:47 - [TEST_STEP][PASSED] - scrollToPosition: Browser is scrolled to position x = 0, y = 0

2019-04-26 16:10:47 - [MESSAGE][PASSED] - Browser is scrolled to position x = 0, y = 0

2019-04-26 16:10:47 - [TEST_STEP][PASSED] - click: Object: 'Object Repository/Page_KiboPush  Broadcast/h3_Manage Broadcasts' is clicked on

2019-04-26 16:10:47 - [MESSAGE][PASSED] - Object: 'Object Repository/Page_KiboPush  Broadcast/h3_Manage Broadcasts' is clicked on

2019-04-26 16:10:47 - [MESSAGE][PASSED] - Call Test Case 'Test Cases/s-sidebar_navigation/individualAccount/broadcast' successfully

2019-04-26 16:10:47 - [MESSAGE][PASSED] - Call Test Case 'Test Cases/s-sidebar_navigation/TeamAccount/Broadcasts' successfully

2019-04-26 16:10:47 - [TEST_STEP][PASSED] - click: Object: 'Object Repository/Page_KiboPush  Broadcast/span_Create New Broadcast' is clicked on

2019-04-26 16:10:48 - [MESSAGE][PASSED] - Object: 'Object Repository/Page_KiboPush  Broadcast/span_Create New Broadcast' is clicked on

2019-04-26 16:10:48 - [TEST_STEP][PASSED] - click: Object: 'Object Repository/Page_KiboPush  Broadcast/a_Create New Broadcast' is clicked on

2019-04-26 16:10:48 - [MESSAGE][PASSED] - Object: 'Object Repository/Page_KiboPush  Broadcast/a_Create New Broadcast' is clicked on

2019-04-26 16:10:48 - [TEST_STEP][PASSED] - delay: Delayed 1 second(s)

2019-04-26 16:10:49 - [MESSAGE][PASSED] - Delayed 1 second(s)

2019-04-26 16:10:49 - [TEST_STEP][PASSED] - click: Object: 'Object Repository/Page_KiboPush  Create Broadcast/div_Card' is clicked on

2019-04-26 16:10:50 - [MESSAGE][PASSED] - Object: 'Object Repository/Page_KiboPush  Create Broadcast/div_Card' is clicked on

2019-04-26 16:10:50 - [TEST_STEP][PASSED] - click: Object: 'Object Repository/Page_KiboPush  Create Broadcast/div_ Add Button' is clicked on

2019-04-26 16:10:50 - [MESSAGE][PASSED] - Object: 'Object Repository/Page_KiboPush  Create Broadcast/div_ Add Button' is clicked on

2019-04-26 16:10:50 - [TEST_STEP][PASSED] - setText: Text 'KiboPush' is set on object 'Object Repository/Page_KiboPush  Create Broadcast/input_form-control'

2019-04-26 16:10:50 - [MESSAGE][PASSED] - Text 'KiboPush' is set on object 'Object Repository/Page_KiboPush  Create Broadcast/input_form-control'

2019-04-26 16:10:50 - [TEST_STEP][PASSED] - click: Object: 'Object Repository/Page_KiboPush  Create Broadcast/div_Open a website' is clicked on

2019-04-26 16:10:50 - [MESSAGE][PASSED] - Object: 'Object Repository/Page_KiboPush  Create Broadcast/div_Open a website' is clicked on

2019-04-26 16:10:50 - [TEST_STEP][PASSED] - setText: Text 'kibopush.com' is set on object 'Object Repository/Page_KiboPush  Create Broadcast/input_form-control_1'

2019-04-26 16:10:51 - [MESSAGE][PASSED] - Text 'kibopush.com' is set on object 'Object Repository/Page_KiboPush  Create Broadcast/input_form-control_1'

2019-04-26 16:10:51 - [TEST_STEP][PASSED] - click: Object: 'Object Repository/Page_KiboPush  Create Broadcast/button_Done' is clicked on

2019-04-26 16:10:51 - [MESSAGE][PASSED] - Object: 'Object Repository/Page_KiboPush  Create Broadcast/button_Done' is clicked on]]></system-out>
         <system-err><![CDATA[]]></system-err>
      </testcase>
      <testcase name="Test Cases/Broadcasts/TC0150" classname="Test Cases/Broadcasts/TC0150" status="PASSED">
         <system-out><![CDATA[2019-04-26 16:10:51 - [TEST_CASE][PASSED] - Test Cases/Broadcasts/TC0150: Test Cases/Broadcasts/TC0150

2019-04-26 16:10:51 - [TEST_STEP][PASSED] - callTestCase: Call Test Case 'Test Cases/s-sidebar_navigation/TeamAccount/Broadcasts' successfully

2019-04-26 16:10:51 - [TEST_CASE][PASSED] - Test Cases/s-sidebar_navigation/TeamAccount/Broadcasts: Test Cases/s-sidebar_navigation/TeamAccount/Broadcasts

2019-04-26 16:10:51 - [TEST_STEP][PASSED] - callTestCase: Call Test Case 'Test Cases/s-sidebar_navigation/individualAccount/broadcast' successfully

2019-04-26 16:10:51 - [TEST_CASE][PASSED] - Test Cases/s-sidebar_navigation/individualAccount/broadcast: Test Cases/s-sidebar_navigation/individualAccount/broadcast

2019-04-26 16:10:51 - [TEST_STEP][PASSED] - click: Object: 'Object Repository/Page_KiboPush  Dashboard/span_Polls' is clicked on

2019-04-26 16:10:51 - [MESSAGE][PASSED] - Object: 'Object Repository/Page_KiboPush  Dashboard/span_Polls' is clicked on

2019-04-26 16:10:51 - [TEST_STEP][PASSED] - delay: Delayed 1 second(s)

2019-04-26 16:10:52 - [MESSAGE][PASSED] - Delayed 1 second(s)

2019-04-26 16:10:52 - [TEST_STEP][PASSED] - click: Object: 'Object Repository/Page_KiboPush  Dashboard/span_Broadcasts' is clicked on

2019-04-26 16:10:53 - [MESSAGE][PASSED] - Object: 'Object Repository/Page_KiboPush  Dashboard/span_Broadcasts' is clicked on

2019-04-26 16:10:53 - [TEST_STEP][PASSED] - delay: Delayed 1 second(s)

2019-04-26 16:10:54 - [MESSAGE][PASSED] - Delayed 1 second(s)

2019-04-26 16:10:54 - [TEST_STEP][PASSED] - scrollToPosition: Browser is scrolled to position x = 0, y = 0

2019-04-26 16:10:54 - [MESSAGE][PASSED] - Browser is scrolled to position x = 0, y = 0

2019-04-26 16:10:54 - [TEST_STEP][PASSED] - click: Object: 'Object Repository/Page_KiboPush  Broadcast/h3_Manage Broadcasts' is clicked on

2019-04-26 16:10:54 - [MESSAGE][PASSED] - Object: 'Object Repository/Page_KiboPush  Broadcast/h3_Manage Broadcasts' is clicked on

2019-04-26 16:10:54 - [MESSAGE][PASSED] - Call Test Case 'Test Cases/s-sidebar_navigation/individualAccount/broadcast' successfully

2019-04-26 16:10:54 - [MESSAGE][PASSED] - Call Test Case 'Test Cases/s-sidebar_navigation/TeamAccount/Broadcasts' successfully

2019-04-26 16:10:54 - [TEST_STEP][PASSED] - click: Object: 'Object Repository/Page_KiboPush  Broadcast/span_Create New Broadcast' is clicked on

2019-04-26 16:10:54 - [MESSAGE][PASSED] - Object: 'Object Repository/Page_KiboPush  Broadcast/span_Create New Broadcast' is clicked on

2019-04-26 16:10:54 - [TEST_STEP][PASSED] - click: Object: 'Object Repository/Page_KiboPush  Broadcast/a_Create New Broadcast' is clicked on

2019-04-26 16:10:54 - [MESSAGE][PASSED] - Object: 'Object Repository/Page_KiboPush  Broadcast/a_Create New Broadcast' is clicked on

2019-04-26 16:10:54 - [TEST_STEP][PASSED] - delay: Delayed 1 second(s)

2019-04-26 16:10:55 - [MESSAGE][PASSED] - Delayed 1 second(s)

2019-04-26 16:10:55 - [TEST_STEP][PASSED] - click: Object: 'Object Repository/Page_KiboPush  Create Broadcast/div_Gallery (1)' is clicked on

2019-04-26 16:10:56 - [MESSAGE][PASSED] - Object: 'Object Repository/Page_KiboPush  Create Broadcast/div_Gallery (1)' is clicked on

2019-04-26 16:10:56 - [TEST_STEP][PASSED] - delay: Delayed 2 second(s)

2019-04-26 16:10:58 - [MESSAGE][PASSED] - Delayed 2 second(s)]]></system-out>
         <system-err><![CDATA[]]></system-err>
      </testcase>
      <testcase name="Test Cases/Broadcasts/TC0151" classname="Test Cases/Broadcasts/TC0151" status="PASSED">
         <system-out><![CDATA[2019-04-26 16:10:58 - [TEST_CASE][PASSED] - Test Cases/Broadcasts/TC0151: Test Cases/Broadcasts/TC0151

2019-04-26 16:10:58 - [TEST_STEP][PASSED] - callTestCase: Call Test Case 'Test Cases/Broadcasts/TC0150' successfully

2019-04-26 16:10:58 - [TEST_CASE][PASSED] - Test Cases/Broadcasts/TC0150: Test Cases/Broadcasts/TC0150

2019-04-26 16:10:58 - [TEST_STEP][PASSED] - callTestCase: Call Test Case 'Test Cases/s-sidebar_navigation/TeamAccount/Broadcasts' successfully

2019-04-26 16:10:58 - [TEST_CASE][PASSED] - Test Cases/s-sidebar_navigation/TeamAccount/Broadcasts: Test Cases/s-sidebar_navigation/TeamAccount/Broadcasts

2019-04-26 16:10:58 - [TEST_STEP][PASSED] - callTestCase: Call Test Case 'Test Cases/s-sidebar_navigation/individualAccount/broadcast' successfully

2019-04-26 16:10:58 - [TEST_CASE][PASSED] - Test Cases/s-sidebar_navigation/individualAccount/broadcast: Test Cases/s-sidebar_navigation/individualAccount/broadcast

2019-04-26 16:10:58 - [TEST_STEP][PASSED] - click: Object: 'Object Repository/Page_KiboPush  Dashboard/span_Polls' is clicked on

2019-04-26 16:10:58 - [MESSAGE][PASSED] - Object: 'Object Repository/Page_KiboPush  Dashboard/span_Polls' is clicked on

2019-04-26 16:10:58 - [TEST_STEP][PASSED] - delay: Delayed 1 second(s)

2019-04-26 16:10:59 - [MESSAGE][PASSED] - Delayed 1 second(s)

2019-04-26 16:10:59 - [TEST_STEP][PASSED] - click: Object: 'Object Repository/Page_KiboPush  Dashboard/span_Broadcasts' is clicked on

2019-04-26 16:11:00 - [MESSAGE][PASSED] - Object: 'Object Repository/Page_KiboPush  Dashboard/span_Broadcasts' is clicked on

2019-04-26 16:11:00 - [TEST_STEP][PASSED] - delay: Delayed 1 second(s)

2019-04-26 16:11:01 - [MESSAGE][PASSED] - Delayed 1 second(s)

2019-04-26 16:11:01 - [TEST_STEP][PASSED] - scrollToPosition: Browser is scrolled to position x = 0, y = 0

2019-04-26 16:11:01 - [MESSAGE][PASSED] - Browser is scrolled to position x = 0, y = 0

2019-04-26 16:11:01 - [TEST_STEP][PASSED] - click: Object: 'Object Repository/Page_KiboPush  Broadcast/h3_Manage Broadcasts' is clicked on

2019-04-26 16:11:01 - [MESSAGE][PASSED] - Object: 'Object Repository/Page_KiboPush  Broadcast/h3_Manage Broadcasts' is clicked on

2019-04-26 16:11:01 - [MESSAGE][PASSED] - Call Test Case 'Test Cases/s-sidebar_navigation/individualAccount/broadcast' successfully

2019-04-26 16:11:01 - [MESSAGE][PASSED] - Call Test Case 'Test Cases/s-sidebar_navigation/TeamAccount/Broadcasts' successfully

2019-04-26 16:11:01 - [TEST_STEP][PASSED] - click: Object: 'Object Repository/Page_KiboPush  Broadcast/span_Create New Broadcast' is clicked on

2019-04-26 16:11:01 - [MESSAGE][PASSED] - Object: 'Object Repository/Page_KiboPush  Broadcast/span_Create New Broadcast' is clicked on

2019-04-26 16:11:01 - [TEST_STEP][PASSED] - click: Object: 'Object Repository/Page_KiboPush  Broadcast/a_Create New Broadcast' is clicked on

2019-04-26 16:11:01 - [MESSAGE][PASSED] - Object: 'Object Repository/Page_KiboPush  Broadcast/a_Create New Broadcast' is clicked on

2019-04-26 16:11:01 - [TEST_STEP][PASSED] - delay: Delayed 1 second(s)

2019-04-26 16:11:02 - [MESSAGE][PASSED] - Delayed 1 second(s)

2019-04-26 16:11:02 - [TEST_STEP][PASSED] - click: Object: 'Object Repository/Page_KiboPush  Create Broadcast/div_Gallery (1)' is clicked on

2019-04-26 16:11:03 - [MESSAGE][PASSED] - Object: 'Object Repository/Page_KiboPush  Create Broadcast/div_Gallery (1)' is clicked on

2019-04-26 16:11:03 - [TEST_STEP][PASSED] - delay: Delayed 2 second(s)

2019-04-26 16:11:05 - [MESSAGE][PASSED] - Delayed 2 second(s)

2019-04-26 16:11:05 - [MESSAGE][PASSED] - Call Test Case 'Test Cases/Broadcasts/TC0150' successfully]]></system-out>
         <system-err><![CDATA[]]></system-err>
      </testcase>
      <testcase name="Test Cases/Broadcasts/TC0152" classname="Test Cases/Broadcasts/TC0152" status="PASSED">
         <system-out><![CDATA[2019-04-26 16:11:05 - [TEST_CASE][PASSED] - Test Cases/Broadcasts/TC0152: Test Cases/Broadcasts/TC0152

2019-04-26 16:11:05 - [TEST_STEP][PASSED] - callTestCase: Call Test Case 'Test Cases/Broadcasts/TC0150' successfully

2019-04-26 16:11:05 - [TEST_CASE][PASSED] - Test Cases/Broadcasts/TC0150: Test Cases/Broadcasts/TC0150

2019-04-26 16:11:05 - [TEST_STEP][PASSED] - callTestCase: Call Test Case 'Test Cases/s-sidebar_navigation/TeamAccount/Broadcasts' successfully

2019-04-26 16:11:05 - [TEST_CASE][PASSED] - Test Cases/s-sidebar_navigation/TeamAccount/Broadcasts: Test Cases/s-sidebar_navigation/TeamAccount/Broadcasts

2019-04-26 16:11:05 - [TEST_STEP][PASSED] - callTestCase: Call Test Case 'Test Cases/s-sidebar_navigation/individualAccount/broadcast' successfully

2019-04-26 16:11:05 - [TEST_CASE][PASSED] - Test Cases/s-sidebar_navigation/individualAccount/broadcast: Test Cases/s-sidebar_navigation/individualAccount/broadcast

2019-04-26 16:11:05 - [TEST_STEP][PASSED] - click: Object: 'Object Repository/Page_KiboPush  Dashboard/span_Polls' is clicked on

2019-04-26 16:11:05 - [MESSAGE][PASSED] - Object: 'Object Repository/Page_KiboPush  Dashboard/span_Polls' is clicked on

2019-04-26 16:11:05 - [TEST_STEP][PASSED] - delay: Delayed 1 second(s)

2019-04-26 16:11:06 - [MESSAGE][PASSED] - Delayed 1 second(s)

2019-04-26 16:11:06 - [TEST_STEP][PASSED] - click: Object: 'Object Repository/Page_KiboPush  Dashboard/span_Broadcasts' is clicked on

2019-04-26 16:11:07 - [MESSAGE][PASSED] - Object: 'Object Repository/Page_KiboPush  Dashboard/span_Broadcasts' is clicked on

2019-04-26 16:11:07 - [TEST_STEP][PASSED] - delay: Delayed 1 second(s)

2019-04-26 16:11:08 - [MESSAGE][PASSED] - Delayed 1 second(s)

2019-04-26 16:11:08 - [TEST_STEP][PASSED] - scrollToPosition: Browser is scrolled to position x = 0, y = 0

2019-04-26 16:11:08 - [MESSAGE][PASSED] - Browser is scrolled to position x = 0, y = 0

2019-04-26 16:11:08 - [TEST_STEP][PASSED] - click: Object: 'Object Repository/Page_KiboPush  Broadcast/h3_Manage Broadcasts' is clicked on

2019-04-26 16:11:08 - [MESSAGE][PASSED] - Object: 'Object Repository/Page_KiboPush  Broadcast/h3_Manage Broadcasts' is clicked on

2019-04-26 16:11:08 - [MESSAGE][PASSED] - Call Test Case 'Test Cases/s-sidebar_navigation/individualAccount/broadcast' successfully

2019-04-26 16:11:08 - [MESSAGE][PASSED] - Call Test Case 'Test Cases/s-sidebar_navigation/TeamAccount/Broadcasts' successfully

2019-04-26 16:11:08 - [TEST_STEP][PASSED] - click: Object: 'Object Repository/Page_KiboPush  Broadcast/span_Create New Broadcast' is clicked on

2019-04-26 16:11:08 - [MESSAGE][PASSED] - Object: 'Object Repository/Page_KiboPush  Broadcast/span_Create New Broadcast' is clicked on

2019-04-26 16:11:08 - [TEST_STEP][PASSED] - click: Object: 'Object Repository/Page_KiboPush  Broadcast/a_Create New Broadcast' is clicked on

2019-04-26 16:11:08 - [MESSAGE][PASSED] - Object: 'Object Repository/Page_KiboPush  Broadcast/a_Create New Broadcast' is clicked on

2019-04-26 16:11:08 - [TEST_STEP][PASSED] - delay: Delayed 1 second(s)

2019-04-26 16:11:09 - [MESSAGE][PASSED] - Delayed 1 second(s)

2019-04-26 16:11:09 - [TEST_STEP][PASSED] - click: Object: 'Object Repository/Page_KiboPush  Create Broadcast/div_Gallery (1)' is clicked on

2019-04-26 16:11:10 - [MESSAGE][PASSED] - Object: 'Object Repository/Page_KiboPush  Create Broadcast/div_Gallery (1)' is clicked on

2019-04-26 16:11:10 - [TEST_STEP][PASSED] - delay: Delayed 2 second(s)

2019-04-26 16:11:12 - [MESSAGE][PASSED] - Delayed 2 second(s)

2019-04-26 16:11:12 - [MESSAGE][PASSED] - Call Test Case 'Test Cases/Broadcasts/TC0150' successfully

2019-04-26 16:11:12 - [TEST_STEP][PASSED] - setText: Text 'Title' is set on object 'Object Repository/Page_KiboPush  Create Broadcast/input_form-control (6)'

2019-04-26 16:11:12 - [MESSAGE][PASSED] - Text 'Title' is set on object 'Object Repository/Page_KiboPush  Create Broadcast/input_form-control (6)'

2019-04-26 16:11:12 - [TEST_STEP][PASSED] - setText: Text 'Subtitle' is set on object 'Object Repository/Page_KiboPush  Create Broadcast/textarea_form-control'

2019-04-26 16:11:13 - [MESSAGE][PASSED] - Text 'Subtitle' is set on object 'Object Repository/Page_KiboPush  Create Broadcast/textarea_form-control'

2019-04-26 16:11:13 - [TEST_STEP][PASSED] - click: Object: 'Object Repository/Page_KiboPush  Create Broadcast/h6_ Add Button (1)' is clicked on

2019-04-26 16:11:13 - [MESSAGE][PASSED] - Object: 'Object Repository/Page_KiboPush  Create Broadcast/h6_ Add Button (1)' is clicked on

2019-04-26 16:11:13 - [TEST_STEP][PASSED] - click: Object: 'Object Repository/Page_KiboPush  Create Broadcast/button_Cancel (1)' is clicked on

2019-04-26 16:11:13 - [MESSAGE][PASSED] - Object: 'Object Repository/Page_KiboPush  Create Broadcast/button_Cancel (1)' is clicked on

2019-04-26 16:11:13 - [TEST_STEP][PASSED] - click: Object: 'Object Repository/Page_KiboPush  Create Broadcast/div_ Add Button (3)' is clicked on

2019-04-26 16:11:13 - [MESSAGE][PASSED] - Object: 'Object Repository/Page_KiboPush  Create Broadcast/div_ Add Button (3)' is clicked on

2019-04-26 16:11:13 - [TEST_STEP][PASSED] - setText: Text 'KiboPush' is set on object 'Object Repository/Page_KiboPush  Create Broadcast/input_form-control_1 (2)'

2019-04-26 16:11:13 - [MESSAGE][PASSED] - Text 'KiboPush' is set on object 'Object Repository/Page_KiboPush  Create Broadcast/input_form-control_1 (2)'

2019-04-26 16:11:13 - [TEST_STEP][PASSED] - click: Object: 'Object Repository/Page_KiboPush  Create Broadcast/div_Open a website (2)' is clicked on

2019-04-26 16:11:13 - [MESSAGE][PASSED] - Object: 'Object Repository/Page_KiboPush  Create Broadcast/div_Open a website (2)' is clicked on

2019-04-26 16:11:13 - [TEST_STEP][PASSED] - setText: Text 'kibopush.com' is set on object 'Object Repository/Page_KiboPush  Create Broadcast/input_form-control_2'

2019-04-26 16:11:14 - [MESSAGE][PASSED] - Text 'kibopush.com' is set on object 'Object Repository/Page_KiboPush  Create Broadcast/input_form-control_2'

2019-04-26 16:11:14 - [TEST_STEP][PASSED] - click: Object: 'Object Repository/Page_KiboPush  Create Broadcast/button_Done (2)' is clicked on

2019-04-26 16:11:14 - [MESSAGE][PASSED] - Object: 'Object Repository/Page_KiboPush  Create Broadcast/button_Done (2)' is clicked on

2019-04-26 16:11:14 - [TEST_STEP][PASSED] - scrollToPosition: Browser is scrolled to position x = 0, y = 0

2019-04-26 16:11:14 - [MESSAGE][PASSED] - Browser is scrolled to position x = 0, y = 0

2019-04-26 16:11:14 - [TEST_STEP][PASSED] - delay: Delayed 2 second(s)

2019-04-26 16:11:16 - [MESSAGE][PASSED] - Delayed 2 second(s)

2019-04-26 16:11:16 - [TEST_STEP][PASSED] - click: Object: 'Object Repository/Page_KiboPush  Create Broadcast/button_Next (6)' is clicked on

2019-04-26 16:11:16 - [MESSAGE][PASSED] - Object: 'Object Repository/Page_KiboPush  Create Broadcast/button_Next (6)' is clicked on

2019-04-26 16:11:16 - [TEST_STEP][PASSED] - delay: Delayed 1 second(s)

2019-04-26 16:11:17 - [MESSAGE][PASSED] - Delayed 1 second(s)

2019-04-26 16:11:17 - [TEST_STEP][PASSED] - verifyTextPresent: Text 'IN GALLERY MUST HAVE AT LEAST TWO FILLED CARDS.' is present on page 

2019-04-26 16:11:17 - [MESSAGE][PASSED] - Text 'IN GALLERY MUST HAVE AT LEAST TWO FILLED CARDS.' is present on page]]></system-out>
         <system-err><![CDATA[]]></system-err>
      </testcase>
      <testcase name="Test Cases/Broadcasts/TC0153" classname="Test Cases/Broadcasts/TC0153" status="FAILED">
         <failure type="FAILED" message="Unable to click on object 'Object Repository/Page_KiboPush  Create Broadcast/div_Gallery (1)' (Root cause: com.kms.katalon.core.webui.exception.WebElementNotFoundException: Web element with id: 'Object Repository/Page_KiboPush  Create Broadcast/div_Gallery (1)' located by 'By.xpath: //div[(text() = 'Gallery' or . = 'Gallery')]' not found)"/>
         <system-out><![CDATA[2019-04-26 16:11:17 - [TEST_CASE][FAILED] - Test Cases/Broadcasts/TC0153: Test Cases/Broadcasts/TC0153 FAILED because (of) Unable to click on object 'Object Repository/Page_KiboPush  Create Broadcast/div_Gallery (1)' (Root cause: com.kms.katalon.core.webui.exception.WebElementNotFoundException: Web element with id: 'Object Repository/Page_KiboPush  Create Broadcast/div_Gallery (1)' located by 'By.xpath: //div[(text() = 'Gallery' or . = 'Gallery')]' not found)

2019-04-26 16:11:17 - [TEST_STEP][FAILED] - callTestCase: Unable to call Test Case with id 'Test Cases/Broadcasts/TC0150' (Root cause: Call Test Case 'Test Cases/Broadcasts/TC0150' failed)

2019-04-26 16:11:18 - [TEST_CASE][FAILED] - Test Cases/Broadcasts/TC0150: Test Cases/Broadcasts/TC0150 FAILED because (of) Unable to click on object 'Object Repository/Page_KiboPush  Create Broadcast/div_Gallery (1)' (Root cause: com.kms.katalon.core.webui.exception.WebElementNotFoundException: Web element with id: 'Object Repository/Page_KiboPush  Create Broadcast/div_Gallery (1)' located by 'By.xpath: //div[(text() = 'Gallery' or . = 'Gallery')]' not found)

2019-04-26 16:11:18 - [TEST_STEP][PASSED] - callTestCase: Call Test Case 'Test Cases/s-sidebar_navigation/TeamAccount/Broadcasts' successfully

2019-04-26 16:11:18 - [TEST_CASE][PASSED] - Test Cases/s-sidebar_navigation/TeamAccount/Broadcasts: Test Cases/s-sidebar_navigation/TeamAccount/Broadcasts

2019-04-26 16:11:18 - [TEST_STEP][PASSED] - callTestCase: Call Test Case 'Test Cases/s-sidebar_navigation/individualAccount/broadcast' successfully

2019-04-26 16:11:18 - [TEST_CASE][PASSED] - Test Cases/s-sidebar_navigation/individualAccount/broadcast: Test Cases/s-sidebar_navigation/individualAccount/broadcast

2019-04-26 16:11:18 - [TEST_STEP][PASSED] - click: Object: 'Object Repository/Page_KiboPush  Dashboard/span_Polls' is clicked on

2019-04-26 16:11:18 - [MESSAGE][PASSED] - Object: 'Object Repository/Page_KiboPush  Dashboard/span_Polls' is clicked on

2019-04-26 16:11:18 - [TEST_STEP][PASSED] - delay: Delayed 1 second(s)

2019-04-26 16:11:19 - [MESSAGE][PASSED] - Delayed 1 second(s)

2019-04-26 16:11:19 - [TEST_STEP][PASSED] - click: Object: 'Object Repository/Page_KiboPush  Dashboard/span_Broadcasts' is clicked on

2019-04-26 16:11:19 - [MESSAGE][PASSED] - Object: 'Object Repository/Page_KiboPush  Dashboard/span_Broadcasts' is clicked on

2019-04-26 16:11:19 - [TEST_STEP][PASSED] - delay: Delayed 1 second(s)

2019-04-26 16:11:20 - [MESSAGE][PASSED] - Delayed 1 second(s)

2019-04-26 16:11:20 - [TEST_STEP][PASSED] - scrollToPosition: Browser is scrolled to position x = 0, y = 0

2019-04-26 16:11:20 - [MESSAGE][PASSED] - Browser is scrolled to position x = 0, y = 0

2019-04-26 16:11:20 - [TEST_STEP][PASSED] - click: Object: 'Object Repository/Page_KiboPush  Broadcast/h3_Manage Broadcasts' is clicked on

2019-04-26 16:11:20 - [MESSAGE][PASSED] - Object: 'Object Repository/Page_KiboPush  Broadcast/h3_Manage Broadcasts' is clicked on

2019-04-26 16:11:20 - [MESSAGE][PASSED] - Call Test Case 'Test Cases/s-sidebar_navigation/individualAccount/broadcast' successfully

2019-04-26 16:11:20 - [MESSAGE][PASSED] - Call Test Case 'Test Cases/s-sidebar_navigation/TeamAccount/Broadcasts' successfully

2019-04-26 16:11:20 - [TEST_STEP][PASSED] - click: Object: 'Object Repository/Page_KiboPush  Broadcast/span_Create New Broadcast' is clicked on

2019-04-26 16:11:21 - [MESSAGE][PASSED] - Object: 'Object Repository/Page_KiboPush  Broadcast/span_Create New Broadcast' is clicked on

2019-04-26 16:11:21 - [TEST_STEP][PASSED] - click: Object: 'Object Repository/Page_KiboPush  Broadcast/a_Create New Broadcast' is clicked on

2019-04-26 16:11:21 - [MESSAGE][PASSED] - Object: 'Object Repository/Page_KiboPush  Broadcast/a_Create New Broadcast' is clicked on

2019-04-26 16:11:21 - [TEST_STEP][PASSED] - delay: Delayed 1 second(s)

2019-04-26 16:11:22 - [MESSAGE][PASSED] - Delayed 1 second(s)

2019-04-26 16:11:22 - [TEST_STEP][FAILED] - click: Unable to click on object 'Object Repository/Page_KiboPush  Create Broadcast/div_Gallery (1)' (Root cause: com.kms.katalon.core.webui.exception.WebElementNotFoundException: Web element with id: 'Object Repository/Page_KiboPush  Create Broadcast/div_Gallery (1)' located by 'By.xpath: //div[(text() = 'Gallery' or . = 'Gallery')]' not found)

2019-04-26 16:11:56 - [MESSAGE][FAILED] - Unable to click on object 'Object Repository/Page_KiboPush  Create Broadcast/div_Gallery (1)' (Root cause: com.kms.katalon.core.webui.exception.WebElementNotFoundException: Web element with id: 'Object Repository/Page_KiboPush  Create Broadcast/div_Gallery (1)' located by 'By.xpath: //div[(text() = 'Gallery' or . = 'Gallery')]' not found)
[[ATTACHMENT|C:\\Users\\cloudkibo\\Desktop\\KiboPush_Automated_Testing\\KiboPush Katalon\\Reports\\broadcast\\20190426_154219\\1556277116103.png]]

2019-04-26 16:11:56 - [MESSAGE][FAILED] - Unable to call Test Case with id 'Test Cases/Broadcasts/TC0150' (Root cause: Call Test Case 'Test Cases/Broadcasts/TC0150' failed)]]></system-out>
         <system-err><![CDATA[2019-04-26 16:11:17 - [TEST_CASE][FAILED] - Test Cases/Broadcasts/TC0153: Test Cases/Broadcasts/TC0153 FAILED because (of) Unable to click on object 'Object Repository/Page_KiboPush  Create Broadcast/div_Gallery (1)' (Root cause: com.kms.katalon.core.webui.exception.WebElementNotFoundException: Web element with id: 'Object Repository/Page_KiboPush  Create Broadcast/div_Gallery (1)' located by 'By.xpath: //div[(text() = 'Gallery' or . = 'Gallery')]' not found)]]></system-err>
      </testcase>
      <testcase name="Test Cases/Broadcasts/TC0154" classname="Test Cases/Broadcasts/TC0154" status="PASSED">
         <system-out><![CDATA[2019-04-26 16:11:56 - [TEST_CASE][PASSED] - Test Cases/Broadcasts/TC0154: Test Cases/Broadcasts/TC0154

2019-04-26 16:11:56 - [TEST_STEP][PASSED] - callTestCase: Call Test Case 'Test Cases/Broadcasts/TC0150' successfully

2019-04-26 16:11:56 - [TEST_CASE][PASSED] - Test Cases/Broadcasts/TC0150: Test Cases/Broadcasts/TC0150

2019-04-26 16:11:56 - [TEST_STEP][PASSED] - callTestCase: Call Test Case 'Test Cases/s-sidebar_navigation/TeamAccount/Broadcasts' successfully

2019-04-26 16:11:56 - [TEST_CASE][PASSED] - Test Cases/s-sidebar_navigation/TeamAccount/Broadcasts: Test Cases/s-sidebar_navigation/TeamAccount/Broadcasts

2019-04-26 16:11:56 - [TEST_STEP][PASSED] - callTestCase: Call Test Case 'Test Cases/s-sidebar_navigation/individualAccount/broadcast' successfully

2019-04-26 16:11:56 - [TEST_CASE][PASSED] - Test Cases/s-sidebar_navigation/individualAccount/broadcast: Test Cases/s-sidebar_navigation/individualAccount/broadcast

2019-04-26 16:11:56 - [TEST_STEP][PASSED] - click: Object: 'Object Repository/Page_KiboPush  Dashboard/span_Polls' is clicked on

2019-04-26 16:11:57 - [MESSAGE][PASSED] - Object: 'Object Repository/Page_KiboPush  Dashboard/span_Polls' is clicked on

2019-04-26 16:11:57 - [TEST_STEP][PASSED] - delay: Delayed 1 second(s)

2019-04-26 16:11:58 - [MESSAGE][PASSED] - Delayed 1 second(s)

2019-04-26 16:11:58 - [TEST_STEP][PASSED] - click: Object: 'Object Repository/Page_KiboPush  Dashboard/span_Broadcasts' is clicked on

2019-04-26 16:11:58 - [MESSAGE][PASSED] - Object: 'Object Repository/Page_KiboPush  Dashboard/span_Broadcasts' is clicked on

2019-04-26 16:11:58 - [TEST_STEP][PASSED] - delay: Delayed 1 second(s)

2019-04-26 16:11:59 - [MESSAGE][PASSED] - Delayed 1 second(s)

2019-04-26 16:11:59 - [TEST_STEP][PASSED] - scrollToPosition: Browser is scrolled to position x = 0, y = 0

2019-04-26 16:11:59 - [MESSAGE][PASSED] - Browser is scrolled to position x = 0, y = 0

2019-04-26 16:11:59 - [TEST_STEP][PASSED] - click: Object: 'Object Repository/Page_KiboPush  Broadcast/h3_Manage Broadcasts' is clicked on

2019-04-26 16:11:59 - [MESSAGE][PASSED] - Object: 'Object Repository/Page_KiboPush  Broadcast/h3_Manage Broadcasts' is clicked on

2019-04-26 16:11:59 - [MESSAGE][PASSED] - Call Test Case 'Test Cases/s-sidebar_navigation/individualAccount/broadcast' successfully

2019-04-26 16:11:59 - [MESSAGE][PASSED] - Call Test Case 'Test Cases/s-sidebar_navigation/TeamAccount/Broadcasts' successfully

2019-04-26 16:11:59 - [TEST_STEP][PASSED] - click: Object: 'Object Repository/Page_KiboPush  Broadcast/span_Create New Broadcast' is clicked on

2019-04-26 16:12:00 - [MESSAGE][PASSED] - Object: 'Object Repository/Page_KiboPush  Broadcast/span_Create New Broadcast' is clicked on

2019-04-26 16:12:00 - [TEST_STEP][PASSED] - click: Object: 'Object Repository/Page_KiboPush  Broadcast/a_Create New Broadcast' is clicked on

2019-04-26 16:12:00 - [MESSAGE][PASSED] - Object: 'Object Repository/Page_KiboPush  Broadcast/a_Create New Broadcast' is clicked on

2019-04-26 16:12:00 - [TEST_STEP][PASSED] - delay: Delayed 1 second(s)

2019-04-26 16:12:01 - [MESSAGE][PASSED] - Delayed 1 second(s)

2019-04-26 16:12:01 - [TEST_STEP][PASSED] - click: Object: 'Object Repository/Page_KiboPush  Create Broadcast/div_Gallery (1)' is clicked on

2019-04-26 16:12:02 - [MESSAGE][PASSED] - Object: 'Object Repository/Page_KiboPush  Create Broadcast/div_Gallery (1)' is clicked on

2019-04-26 16:12:02 - [TEST_STEP][PASSED] - delay: Delayed 2 second(s)

2019-04-26 16:12:04 - [MESSAGE][PASSED] - Delayed 2 second(s)

2019-04-26 16:12:04 - [MESSAGE][PASSED] - Call Test Case 'Test Cases/Broadcasts/TC0150' successfully

2019-04-26 16:12:04 - [TEST_STEP][PASSED] - setText: Text 'Title' is set on object 'Object Repository/Page_KiboPush  Create Broadcast/input_form-control_3'

2019-04-26 16:12:04 - [MESSAGE][PASSED] - Text 'Title' is set on object 'Object Repository/Page_KiboPush  Create Broadcast/input_form-control_3'

2019-04-26 16:12:04 - [TEST_STEP][PASSED] - click: Object: 'Object Repository/Page_KiboPush  Create Broadcast/div_ Add Button' is clicked on

2019-04-26 16:12:04 - [MESSAGE][PASSED] - Object: 'Object Repository/Page_KiboPush  Create Broadcast/div_ Add Button' is clicked on

2019-04-26 16:12:04 - [TEST_STEP][PASSED] - setText: Text 'KiboPush' is set on object 'Object Repository/Page_KiboPush  Create Broadcast/input_form-control (9)'

2019-04-26 16:12:05 - [MESSAGE][PASSED] - Text 'KiboPush' is set on object 'Object Repository/Page_KiboPush  Create Broadcast/input_form-control (9)'

2019-04-26 16:12:05 - [TEST_STEP][PASSED] - click: Object: 'Object Repository/Page_KiboPush  Create Broadcast/div_Open a website' is clicked on

2019-04-26 16:12:05 - [MESSAGE][PASSED] - Object: 'Object Repository/Page_KiboPush  Create Broadcast/div_Open a website' is clicked on

2019-04-26 16:12:05 - [TEST_STEP][PASSED] - setText: Text 'kibopush.com' is set on object 'Object Repository/Page_KiboPush  Create Broadcast/input_form-control_2'

2019-04-26 16:12:05 - [MESSAGE][PASSED] - Text 'kibopush.com' is set on object 'Object Repository/Page_KiboPush  Create Broadcast/input_form-control_2'

2019-04-26 16:12:05 - [TEST_STEP][PASSED] - click: Object: 'Object Repository/Page_KiboPush  Create Broadcast/button_Done' is clicked on

2019-04-26 16:12:05 - [MESSAGE][PASSED] - Object: 'Object Repository/Page_KiboPush  Create Broadcast/button_Done' is clicked on

2019-04-26 16:12:05 - [TEST_STEP][PASSED] - Statement - img = com.kms.katalon.core.configuration.RunConfiguration.getProjectDir() + "/sample.jpg": null

2019-04-26 16:12:05 - [TEST_STEP][PASSED] - uploadFile: File 'C:/Users/cloudkibo/Desktop/KiboPush_Automated_Testing/KiboPush Katalon/sample.jpg' sent to object: 'Object Repository/Page_KiboPush  Create Broadcast/input_file'

2019-04-26 16:12:06 - [MESSAGE][PASSED] - File 'C:/Users/cloudkibo/Desktop/KiboPush_Automated_Testing/KiboPush Katalon/sample.jpg' sent to object: 'Object Repository/Page_KiboPush  Create Broadcast/input_file'

2019-04-26 16:12:06 - [TEST_STEP][PASSED] - delay: Delayed 5 second(s)

2019-04-26 16:12:11 - [MESSAGE][PASSED] - Delayed 5 second(s)

2019-04-26 16:12:11 - [TEST_STEP][PASSED] - Statement - driver = com.kms.katalon.core.webui.driver.DriverFactory.getWebDriver(): null

2019-04-26 16:12:11 - [TEST_STEP][PASSED] - Statement - image_popup = driver.findElement(org.openqa.selenium.By.xpath("/html/body/div[5]/div/div[2]/div/a")): null

2019-04-26 16:12:11 - [TEST_STEP][PASSED] - Statement - image_popup.click(): null

2019-04-26 16:12:11 - [TEST_STEP][PASSED] - delay: Delayed 2 second(s)

2019-04-26 16:12:13 - [MESSAGE][PASSED] - Delayed 2 second(s)

2019-04-26 16:12:13 - [TEST_STEP][PASSED] - scrollToPosition: Browser is scrolled to position x = 0, y = 0

2019-04-26 16:12:13 - [MESSAGE][PASSED] - Browser is scrolled to position x = 0, y = 0

2019-04-26 16:12:13 - [TEST_STEP][PASSED] - click: Object: 'Object Repository/Page_KiboPush  Create Broadcast/button_Next' is clicked on

2019-04-26 16:12:13 - [MESSAGE][PASSED] - Object: 'Object Repository/Page_KiboPush  Create Broadcast/button_Next' is clicked on

2019-04-26 16:12:13 - [TEST_STEP][PASSED] - verifyTextPresent: Text 'IN GALLERY MUST HAVE AT LEAST TWO FILLED CARDS.' is present on page 

2019-04-26 16:12:13 - [MESSAGE][PASSED] - Text 'IN GALLERY MUST HAVE AT LEAST TWO FILLED CARDS.' is present on page]]></system-out>
         <system-err><![CDATA[]]></system-err>
      </testcase>
      <testcase name="Test Cases/Broadcasts/TC0155" classname="Test Cases/Broadcasts/TC0155" status="PASSED">
         <system-out><![CDATA[2019-04-26 16:12:13 - [TEST_CASE][PASSED] - Test Cases/Broadcasts/TC0155: Test Cases/Broadcasts/TC0155

2019-04-26 16:12:13 - [TEST_STEP][PASSED] - callTestCase: Call Test Case 'Test Cases/Broadcasts/TC0150' successfully

2019-04-26 16:12:13 - [TEST_CASE][PASSED] - Test Cases/Broadcasts/TC0150: Test Cases/Broadcasts/TC0150

2019-04-26 16:12:13 - [TEST_STEP][PASSED] - callTestCase: Call Test Case 'Test Cases/s-sidebar_navigation/TeamAccount/Broadcasts' successfully

2019-04-26 16:12:13 - [TEST_CASE][PASSED] - Test Cases/s-sidebar_navigation/TeamAccount/Broadcasts: Test Cases/s-sidebar_navigation/TeamAccount/Broadcasts

2019-04-26 16:12:13 - [TEST_STEP][PASSED] - callTestCase: Call Test Case 'Test Cases/s-sidebar_navigation/individualAccount/broadcast' successfully

2019-04-26 16:12:14 - [TEST_CASE][PASSED] - Test Cases/s-sidebar_navigation/individualAccount/broadcast: Test Cases/s-sidebar_navigation/individualAccount/broadcast

2019-04-26 16:12:14 - [TEST_STEP][PASSED] - click: Object: 'Object Repository/Page_KiboPush  Dashboard/span_Polls' is clicked on

2019-04-26 16:12:14 - [MESSAGE][PASSED] - Object: 'Object Repository/Page_KiboPush  Dashboard/span_Polls' is clicked on

2019-04-26 16:12:14 - [TEST_STEP][PASSED] - delay: Delayed 1 second(s)

2019-04-26 16:12:15 - [MESSAGE][PASSED] - Delayed 1 second(s)

2019-04-26 16:12:15 - [TEST_STEP][PASSED] - click: Object: 'Object Repository/Page_KiboPush  Dashboard/span_Broadcasts' is clicked on

2019-04-26 16:12:15 - [MESSAGE][PASSED] - Object: 'Object Repository/Page_KiboPush  Dashboard/span_Broadcasts' is clicked on

2019-04-26 16:12:15 - [TEST_STEP][PASSED] - delay: Delayed 1 second(s)

2019-04-26 16:12:16 - [MESSAGE][PASSED] - Delayed 1 second(s)

2019-04-26 16:12:16 - [TEST_STEP][PASSED] - scrollToPosition: Browser is scrolled to position x = 0, y = 0

2019-04-26 16:12:16 - [MESSAGE][PASSED] - Browser is scrolled to position x = 0, y = 0

2019-04-26 16:12:16 - [TEST_STEP][PASSED] - click: Object: 'Object Repository/Page_KiboPush  Broadcast/h3_Manage Broadcasts' is clicked on

2019-04-26 16:12:16 - [MESSAGE][PASSED] - Object: 'Object Repository/Page_KiboPush  Broadcast/h3_Manage Broadcasts' is clicked on

2019-04-26 16:12:16 - [MESSAGE][PASSED] - Call Test Case 'Test Cases/s-sidebar_navigation/individualAccount/broadcast' successfully

2019-04-26 16:12:16 - [MESSAGE][PASSED] - Call Test Case 'Test Cases/s-sidebar_navigation/TeamAccount/Broadcasts' successfully

2019-04-26 16:12:16 - [TEST_STEP][PASSED] - click: Object: 'Object Repository/Page_KiboPush  Broadcast/span_Create New Broadcast' is clicked on

2019-04-26 16:12:17 - [MESSAGE][PASSED] - Object: 'Object Repository/Page_KiboPush  Broadcast/span_Create New Broadcast' is clicked on

2019-04-26 16:12:17 - [TEST_STEP][PASSED] - click: Object: 'Object Repository/Page_KiboPush  Broadcast/a_Create New Broadcast' is clicked on

2019-04-26 16:12:17 - [MESSAGE][PASSED] - Object: 'Object Repository/Page_KiboPush  Broadcast/a_Create New Broadcast' is clicked on

2019-04-26 16:12:17 - [TEST_STEP][PASSED] - delay: Delayed 1 second(s)

2019-04-26 16:12:18 - [MESSAGE][PASSED] - Delayed 1 second(s)

2019-04-26 16:12:18 - [TEST_STEP][PASSED] - click: Object: 'Object Repository/Page_KiboPush  Create Broadcast/div_Gallery (1)' is clicked on

2019-04-26 16:12:19 - [MESSAGE][PASSED] - Object: 'Object Repository/Page_KiboPush  Create Broadcast/div_Gallery (1)' is clicked on

2019-04-26 16:12:19 - [TEST_STEP][PASSED] - delay: Delayed 2 second(s)

2019-04-26 16:12:21 - [MESSAGE][PASSED] - Delayed 2 second(s)

2019-04-26 16:12:21 - [MESSAGE][PASSED] - Call Test Case 'Test Cases/Broadcasts/TC0150' successfully

2019-04-26 16:12:21 - [TEST_STEP][PASSED] - setText: Text 'Title' is set on object 'Object Repository/Page_KiboPush  Create Broadcast/input_form-control_3'

2019-04-26 16:12:21 - [MESSAGE][PASSED] - Text 'Title' is set on object 'Object Repository/Page_KiboPush  Create Broadcast/input_form-control_3'

2019-04-26 16:12:21 - [TEST_STEP][PASSED] - setText: Text 'Subtitle' is set on object 'Object Repository/Page_KiboPush  Create Broadcast/textarea_form-control'

2019-04-26 16:12:22 - [MESSAGE][PASSED] - Text 'Subtitle' is set on object 'Object Repository/Page_KiboPush  Create Broadcast/textarea_form-control'

2019-04-26 16:12:22 - [TEST_STEP][PASSED] - Statement - img = com.kms.katalon.core.configuration.RunConfiguration.getProjectDir() + "/sample.jpg": null

2019-04-26 16:12:22 - [TEST_STEP][PASSED] - uploadFile: File 'C:/Users/cloudkibo/Desktop/KiboPush_Automated_Testing/KiboPush Katalon/sample.jpg' sent to object: 'Object Repository/Page_KiboPush  Create Broadcast/input_file'

2019-04-26 16:12:22 - [MESSAGE][PASSED] - File 'C:/Users/cloudkibo/Desktop/KiboPush_Automated_Testing/KiboPush Katalon/sample.jpg' sent to object: 'Object Repository/Page_KiboPush  Create Broadcast/input_file'

2019-04-26 16:12:22 - [TEST_STEP][PASSED] - delay: Delayed 5 second(s)

2019-04-26 16:12:27 - [MESSAGE][PASSED] - Delayed 5 second(s)

2019-04-26 16:12:27 - [TEST_STEP][PASSED] - Statement - driver = com.kms.katalon.core.webui.driver.DriverFactory.getWebDriver(): null

2019-04-26 16:12:27 - [TEST_STEP][PASSED] - Statement - image_popup = driver.findElement(org.openqa.selenium.By.xpath("/html/body/div[5]/div/div[2]/div/a")): null

2019-04-26 16:12:27 - [TEST_STEP][PASSED] - Statement - image_popup.click(): null

2019-04-26 16:12:27 - [TEST_STEP][PASSED] - delay: Delayed 2 second(s)

2019-04-26 16:12:29 - [MESSAGE][PASSED] - Delayed 2 second(s)

2019-04-26 16:12:29 - [TEST_STEP][PASSED] - scrollToPosition: Browser is scrolled to position x = 0, y = 0

2019-04-26 16:12:29 - [MESSAGE][PASSED] - Browser is scrolled to position x = 0, y = 0

2019-04-26 16:12:29 - [TEST_STEP][PASSED] - click: Object: 'Object Repository/Page_KiboPush  Create Broadcast/button_Next' is clicked on

2019-04-26 16:12:29 - [MESSAGE][PASSED] - Object: 'Object Repository/Page_KiboPush  Create Broadcast/button_Next' is clicked on

2019-04-26 16:12:29 - [TEST_STEP][PASSED] - verifyTextPresent: Text 'IN GALLERY MUST HAVE AT LEAST TWO FILLED CARDS.' is present on page 

2019-04-26 16:12:29 - [MESSAGE][PASSED] - Text 'IN GALLERY MUST HAVE AT LEAST TWO FILLED CARDS.' is present on page]]></system-out>
         <system-err><![CDATA[]]></system-err>
      </testcase>
      <testcase name="Test Cases/Broadcasts/TC0156" classname="Test Cases/Broadcasts/TC0156" status="PASSED">
         <system-out><![CDATA[2019-04-26 16:12:29 - [TEST_CASE][PASSED] - Test Cases/Broadcasts/TC0156: Test Cases/Broadcasts/TC0156

2019-04-26 16:12:30 - [TEST_STEP][PASSED] - callTestCase: Call Test Case 'Test Cases/Broadcasts/TC0150' successfully

2019-04-26 16:12:30 - [TEST_CASE][PASSED] - Test Cases/Broadcasts/TC0150: Test Cases/Broadcasts/TC0150

2019-04-26 16:12:30 - [TEST_STEP][PASSED] - callTestCase: Call Test Case 'Test Cases/s-sidebar_navigation/TeamAccount/Broadcasts' successfully

2019-04-26 16:12:30 - [TEST_CASE][PASSED] - Test Cases/s-sidebar_navigation/TeamAccount/Broadcasts: Test Cases/s-sidebar_navigation/TeamAccount/Broadcasts

2019-04-26 16:12:30 - [TEST_STEP][PASSED] - callTestCase: Call Test Case 'Test Cases/s-sidebar_navigation/individualAccount/broadcast' successfully

2019-04-26 16:12:30 - [TEST_CASE][PASSED] - Test Cases/s-sidebar_navigation/individualAccount/broadcast: Test Cases/s-sidebar_navigation/individualAccount/broadcast

2019-04-26 16:12:30 - [TEST_STEP][PASSED] - click: Object: 'Object Repository/Page_KiboPush  Dashboard/span_Polls' is clicked on

2019-04-26 16:12:30 - [MESSAGE][PASSED] - Object: 'Object Repository/Page_KiboPush  Dashboard/span_Polls' is clicked on

2019-04-26 16:12:30 - [TEST_STEP][PASSED] - delay: Delayed 1 second(s)

2019-04-26 16:12:31 - [MESSAGE][PASSED] - Delayed 1 second(s)

2019-04-26 16:12:31 - [TEST_STEP][PASSED] - click: Object: 'Object Repository/Page_KiboPush  Dashboard/span_Broadcasts' is clicked on

2019-04-26 16:12:31 - [MESSAGE][PASSED] - Object: 'Object Repository/Page_KiboPush  Dashboard/span_Broadcasts' is clicked on

2019-04-26 16:12:31 - [TEST_STEP][PASSED] - delay: Delayed 1 second(s)

2019-04-26 16:12:32 - [MESSAGE][PASSED] - Delayed 1 second(s)

2019-04-26 16:12:32 - [TEST_STEP][PASSED] - scrollToPosition: Browser is scrolled to position x = 0, y = 0

2019-04-26 16:12:32 - [MESSAGE][PASSED] - Browser is scrolled to position x = 0, y = 0

2019-04-26 16:12:32 - [TEST_STEP][PASSED] - click: Object: 'Object Repository/Page_KiboPush  Broadcast/h3_Manage Broadcasts' is clicked on

2019-04-26 16:12:33 - [MESSAGE][PASSED] - Object: 'Object Repository/Page_KiboPush  Broadcast/h3_Manage Broadcasts' is clicked on

2019-04-26 16:12:33 - [MESSAGE][PASSED] - Call Test Case 'Test Cases/s-sidebar_navigation/individualAccount/broadcast' successfully

2019-04-26 16:12:33 - [MESSAGE][PASSED] - Call Test Case 'Test Cases/s-sidebar_navigation/TeamAccount/Broadcasts' successfully

2019-04-26 16:12:33 - [TEST_STEP][PASSED] - click: Object: 'Object Repository/Page_KiboPush  Broadcast/span_Create New Broadcast' is clicked on

2019-04-26 16:12:33 - [MESSAGE][PASSED] - Object: 'Object Repository/Page_KiboPush  Broadcast/span_Create New Broadcast' is clicked on

2019-04-26 16:12:33 - [TEST_STEP][PASSED] - click: Object: 'Object Repository/Page_KiboPush  Broadcast/a_Create New Broadcast' is clicked on

2019-04-26 16:12:33 - [MESSAGE][PASSED] - Object: 'Object Repository/Page_KiboPush  Broadcast/a_Create New Broadcast' is clicked on

2019-04-26 16:12:33 - [TEST_STEP][PASSED] - delay: Delayed 1 second(s)

2019-04-26 16:12:34 - [MESSAGE][PASSED] - Delayed 1 second(s)

2019-04-26 16:12:34 - [TEST_STEP][PASSED] - click: Object: 'Object Repository/Page_KiboPush  Create Broadcast/div_Gallery (1)' is clicked on

2019-04-26 16:12:35 - [MESSAGE][PASSED] - Object: 'Object Repository/Page_KiboPush  Create Broadcast/div_Gallery (1)' is clicked on

2019-04-26 16:12:35 - [TEST_STEP][PASSED] - delay: Delayed 2 second(s)

2019-04-26 16:12:37 - [MESSAGE][PASSED] - Delayed 2 second(s)

2019-04-26 16:12:37 - [MESSAGE][PASSED] - Call Test Case 'Test Cases/Broadcasts/TC0150' successfully

2019-04-26 16:12:37 - [TEST_STEP][PASSED] - Statement - img = com.kms.katalon.core.configuration.RunConfiguration.getProjectDir() + "/sample.jpg": null

2019-04-26 16:12:37 - [TEST_STEP][PASSED] - uploadFile: File 'C:/Users/cloudkibo/Desktop/KiboPush_Automated_Testing/KiboPush Katalon/sample.jpg' sent to object: 'Object Repository/Page_KiboPush  Create Broadcast/input_file'

2019-04-26 16:12:37 - [MESSAGE][PASSED] - File 'C:/Users/cloudkibo/Desktop/KiboPush_Automated_Testing/KiboPush Katalon/sample.jpg' sent to object: 'Object Repository/Page_KiboPush  Create Broadcast/input_file']]></system-out>
         <system-err><![CDATA[]]></system-err>
      </testcase>
      <testcase name="Test Cases/Broadcasts/TC0157" classname="Test Cases/Broadcasts/TC0157" status="PASSED">
         <system-out><![CDATA[2019-04-26 16:12:37 - [TEST_CASE][PASSED] - Test Cases/Broadcasts/TC0157: Test Cases/Broadcasts/TC0157

2019-04-26 16:12:37 - [TEST_STEP][PASSED] - callTestCase: Call Test Case 'Test Cases/Broadcasts/TC0150' successfully

2019-04-26 16:12:37 - [TEST_CASE][PASSED] - Test Cases/Broadcasts/TC0150: Test Cases/Broadcasts/TC0150

2019-04-26 16:12:37 - [TEST_STEP][PASSED] - callTestCase: Call Test Case 'Test Cases/s-sidebar_navigation/TeamAccount/Broadcasts' successfully

2019-04-26 16:12:37 - [TEST_CASE][PASSED] - Test Cases/s-sidebar_navigation/TeamAccount/Broadcasts: Test Cases/s-sidebar_navigation/TeamAccount/Broadcasts

2019-04-26 16:12:37 - [TEST_STEP][PASSED] - callTestCase: Call Test Case 'Test Cases/s-sidebar_navigation/individualAccount/broadcast' successfully

2019-04-26 16:12:37 - [TEST_CASE][PASSED] - Test Cases/s-sidebar_navigation/individualAccount/broadcast: Test Cases/s-sidebar_navigation/individualAccount/broadcast

2019-04-26 16:12:37 - [TEST_STEP][PASSED] - click: Object: 'Object Repository/Page_KiboPush  Dashboard/span_Polls' is clicked on

2019-04-26 16:12:37 - [MESSAGE][PASSED] - Object: 'Object Repository/Page_KiboPush  Dashboard/span_Polls' is clicked on

2019-04-26 16:12:37 - [TEST_STEP][PASSED] - delay: Delayed 1 second(s)

2019-04-26 16:12:38 - [MESSAGE][PASSED] - Delayed 1 second(s)

2019-04-26 16:12:39 - [TEST_STEP][PASSED] - click: Object: 'Object Repository/Page_KiboPush  Dashboard/span_Broadcasts' is clicked on

2019-04-26 16:12:39 - [MESSAGE][PASSED] - Object: 'Object Repository/Page_KiboPush  Dashboard/span_Broadcasts' is clicked on

2019-04-26 16:12:39 - [TEST_STEP][PASSED] - delay: Delayed 1 second(s)

2019-04-26 16:12:40 - [MESSAGE][PASSED] - Delayed 1 second(s)

2019-04-26 16:12:40 - [TEST_STEP][PASSED] - scrollToPosition: Browser is scrolled to position x = 0, y = 0

2019-04-26 16:12:40 - [MESSAGE][PASSED] - Browser is scrolled to position x = 0, y = 0

2019-04-26 16:12:40 - [TEST_STEP][PASSED] - click: Object: 'Object Repository/Page_KiboPush  Broadcast/h3_Manage Broadcasts' is clicked on

2019-04-26 16:12:40 - [MESSAGE][PASSED] - Object: 'Object Repository/Page_KiboPush  Broadcast/h3_Manage Broadcasts' is clicked on

2019-04-26 16:12:40 - [MESSAGE][PASSED] - Call Test Case 'Test Cases/s-sidebar_navigation/individualAccount/broadcast' successfully

2019-04-26 16:12:40 - [MESSAGE][PASSED] - Call Test Case 'Test Cases/s-sidebar_navigation/TeamAccount/Broadcasts' successfully

2019-04-26 16:12:40 - [TEST_STEP][PASSED] - click: Object: 'Object Repository/Page_KiboPush  Broadcast/span_Create New Broadcast' is clicked on

2019-04-26 16:12:40 - [MESSAGE][PASSED] - Object: 'Object Repository/Page_KiboPush  Broadcast/span_Create New Broadcast' is clicked on

2019-04-26 16:12:40 - [TEST_STEP][PASSED] - click: Object: 'Object Repository/Page_KiboPush  Broadcast/a_Create New Broadcast' is clicked on

2019-04-26 16:12:41 - [MESSAGE][PASSED] - Object: 'Object Repository/Page_KiboPush  Broadcast/a_Create New Broadcast' is clicked on

2019-04-26 16:12:41 - [TEST_STEP][PASSED] - delay: Delayed 1 second(s)

2019-04-26 16:12:42 - [MESSAGE][PASSED] - Delayed 1 second(s)

2019-04-26 16:12:42 - [TEST_STEP][PASSED] - click: Object: 'Object Repository/Page_KiboPush  Create Broadcast/div_Gallery (1)' is clicked on

2019-04-26 16:12:42 - [MESSAGE][PASSED] - Object: 'Object Repository/Page_KiboPush  Create Broadcast/div_Gallery (1)' is clicked on

2019-04-26 16:12:42 - [TEST_STEP][PASSED] - delay: Delayed 2 second(s)

2019-04-26 16:12:44 - [MESSAGE][PASSED] - Delayed 2 second(s)

2019-04-26 16:12:44 - [MESSAGE][PASSED] - Call Test Case 'Test Cases/Broadcasts/TC0150' successfully

2019-04-26 16:12:44 - [TEST_STEP][PASSED] - delay: Delayed 1 second(s)

2019-04-26 16:12:45 - [MESSAGE][PASSED] - Delayed 1 second(s)

2019-04-26 16:12:45 - [TEST_STEP][PASSED] - click: Object: 'Object Repository/Page_KiboPush  Create Broadcast/div_ Add Button' is clicked on

2019-04-26 16:12:46 - [MESSAGE][PASSED] - Object: 'Object Repository/Page_KiboPush  Create Broadcast/div_ Add Button' is clicked on

2019-04-26 16:12:46 - [TEST_STEP][PASSED] - setText: Text 'KiboPush' is set on object 'Object Repository/Page_KiboPush  Create Broadcast/input_form-control'

2019-04-26 16:12:46 - [MESSAGE][PASSED] - Text 'KiboPush' is set on object 'Object Repository/Page_KiboPush  Create Broadcast/input_form-control'

2019-04-26 16:12:46 - [TEST_STEP][PASSED] - click: Object: 'Object Repository/Page_KiboPush  Create Broadcast/div_Open a website' is clicked on

2019-04-26 16:12:46 - [MESSAGE][PASSED] - Object: 'Object Repository/Page_KiboPush  Create Broadcast/div_Open a website' is clicked on

2019-04-26 16:12:46 - [TEST_STEP][PASSED] - setText: Text 'kibopush.com' is set on object 'Object Repository/Page_KiboPush  Create Broadcast/input_form-control_1'

2019-04-26 16:12:46 - [MESSAGE][PASSED] - Text 'kibopush.com' is set on object 'Object Repository/Page_KiboPush  Create Broadcast/input_form-control_1'

2019-04-26 16:12:46 - [TEST_STEP][PASSED] - click: Object: 'Object Repository/Page_KiboPush  Create Broadcast/button_Done' is clicked on

2019-04-26 16:12:47 - [MESSAGE][PASSED] - Object: 'Object Repository/Page_KiboPush  Create Broadcast/button_Done' is clicked on]]></system-out>
         <system-err><![CDATA[]]></system-err>
      </testcase>
      <testcase name="Test Cases/Broadcasts/TC0160" classname="Test Cases/Broadcasts/TC0160" status="PASSED">
         <system-out><![CDATA[2019-04-26 16:12:47 - [TEST_CASE][PASSED] - Test Cases/Broadcasts/TC0160: Test Cases/Broadcasts/TC0160

2019-04-26 16:12:47 - [TEST_STEP][PASSED] - callTestCase: Call Test Case 'Test Cases/Broadcasts/TC0150' successfully

2019-04-26 16:12:47 - [TEST_CASE][PASSED] - Test Cases/Broadcasts/TC0150: Test Cases/Broadcasts/TC0150

2019-04-26 16:12:47 - [TEST_STEP][PASSED] - callTestCase: Call Test Case 'Test Cases/s-sidebar_navigation/TeamAccount/Broadcasts' successfully

2019-04-26 16:12:47 - [TEST_CASE][PASSED] - Test Cases/s-sidebar_navigation/TeamAccount/Broadcasts: Test Cases/s-sidebar_navigation/TeamAccount/Broadcasts

2019-04-26 16:12:47 - [TEST_STEP][PASSED] - callTestCase: Call Test Case 'Test Cases/s-sidebar_navigation/individualAccount/broadcast' successfully

2019-04-26 16:12:47 - [TEST_CASE][PASSED] - Test Cases/s-sidebar_navigation/individualAccount/broadcast: Test Cases/s-sidebar_navigation/individualAccount/broadcast

2019-04-26 16:12:47 - [TEST_STEP][PASSED] - click: Object: 'Object Repository/Page_KiboPush  Dashboard/span_Polls' is clicked on

2019-04-26 16:12:48 - [MESSAGE][PASSED] - Object: 'Object Repository/Page_KiboPush  Dashboard/span_Polls' is clicked on

2019-04-26 16:12:48 - [TEST_STEP][PASSED] - delay: Delayed 1 second(s)

2019-04-26 16:12:49 - [MESSAGE][PASSED] - Delayed 1 second(s)

2019-04-26 16:12:49 - [TEST_STEP][PASSED] - click: Object: 'Object Repository/Page_KiboPush  Dashboard/span_Broadcasts' is clicked on

2019-04-26 16:12:49 - [MESSAGE][PASSED] - Object: 'Object Repository/Page_KiboPush  Dashboard/span_Broadcasts' is clicked on

2019-04-26 16:12:49 - [TEST_STEP][PASSED] - delay: Delayed 1 second(s)

2019-04-26 16:12:50 - [MESSAGE][PASSED] - Delayed 1 second(s)

2019-04-26 16:12:50 - [TEST_STEP][PASSED] - scrollToPosition: Browser is scrolled to position x = 0, y = 0

2019-04-26 16:12:50 - [MESSAGE][PASSED] - Browser is scrolled to position x = 0, y = 0

2019-04-26 16:12:50 - [TEST_STEP][PASSED] - click: Object: 'Object Repository/Page_KiboPush  Broadcast/h3_Manage Broadcasts' is clicked on

2019-04-26 16:12:50 - [MESSAGE][PASSED] - Object: 'Object Repository/Page_KiboPush  Broadcast/h3_Manage Broadcasts' is clicked on

2019-04-26 16:12:50 - [MESSAGE][PASSED] - Call Test Case 'Test Cases/s-sidebar_navigation/individualAccount/broadcast' successfully

2019-04-26 16:12:50 - [MESSAGE][PASSED] - Call Test Case 'Test Cases/s-sidebar_navigation/TeamAccount/Broadcasts' successfully

2019-04-26 16:12:50 - [TEST_STEP][PASSED] - click: Object: 'Object Repository/Page_KiboPush  Broadcast/span_Create New Broadcast' is clicked on

2019-04-26 16:12:50 - [MESSAGE][PASSED] - Object: 'Object Repository/Page_KiboPush  Broadcast/span_Create New Broadcast' is clicked on

2019-04-26 16:12:50 - [TEST_STEP][PASSED] - click: Object: 'Object Repository/Page_KiboPush  Broadcast/a_Create New Broadcast' is clicked on

2019-04-26 16:12:51 - [MESSAGE][PASSED] - Object: 'Object Repository/Page_KiboPush  Broadcast/a_Create New Broadcast' is clicked on

2019-04-26 16:12:51 - [TEST_STEP][PASSED] - delay: Delayed 1 second(s)

2019-04-26 16:12:52 - [MESSAGE][PASSED] - Delayed 1 second(s)

2019-04-26 16:12:52 - [TEST_STEP][PASSED] - click: Object: 'Object Repository/Page_KiboPush  Create Broadcast/div_Gallery (1)' is clicked on

2019-04-26 16:12:52 - [MESSAGE][PASSED] - Object: 'Object Repository/Page_KiboPush  Create Broadcast/div_Gallery (1)' is clicked on

2019-04-26 16:12:52 - [TEST_STEP][PASSED] - delay: Delayed 2 second(s)

2019-04-26 16:12:54 - [MESSAGE][PASSED] - Delayed 2 second(s)

2019-04-26 16:12:54 - [MESSAGE][PASSED] - Call Test Case 'Test Cases/Broadcasts/TC0150' successfully

2019-04-26 16:12:54 - [TEST_STEP][PASSED] - delay: Delayed 1 second(s)

2019-04-26 16:12:55 - [MESSAGE][PASSED] - Delayed 1 second(s)

2019-04-26 16:12:55 - [TEST_STEP][PASSED] - click: Object: 'Object Repository/Page_KiboPush  Create Broadcast/span_slick-arrow slick-next (3) (1)' is clicked on

2019-04-26 16:12:55 - [MESSAGE][PASSED] - Object: 'Object Repository/Page_KiboPush  Create Broadcast/span_slick-arrow slick-next (3) (1)' is clicked on

2019-04-26 16:12:55 - [TEST_STEP][PASSED] - click: Object: 'Object Repository/Page_KiboPush  Create Broadcast/span_Add' is clicked on

2019-04-26 16:12:55 - [MESSAGE][PASSED] - Object: 'Object Repository/Page_KiboPush  Create Broadcast/span_Add' is clicked on

2019-04-26 16:12:55 - [TEST_STEP][PASSED] - delay: Delayed 1 second(s)

2019-04-26 16:12:56 - [MESSAGE][PASSED] - Delayed 1 second(s)]]></system-out>
         <system-err><![CDATA[]]></system-err>
      </testcase>
      <testcase name="Test Cases/Broadcasts/TC0161" classname="Test Cases/Broadcasts/TC0161" status="PASSED">
         <system-out><![CDATA[2019-04-26 16:12:56 - [TEST_CASE][PASSED] - Test Cases/Broadcasts/TC0161: Test Cases/Broadcasts/TC0161

2019-04-26 16:12:56 - [TEST_STEP][PASSED] - callTestCase: Call Test Case 'Test Cases/s-sidebar_navigation/individualAccount/arveen_production_login_kiboengage' successfully

2019-04-26 16:12:56 - [TEST_CASE][PASSED] - Test Cases/s-sidebar_navigation/individualAccount/arveen_production_login_kiboengage: Test Cases/s-sidebar_navigation/individualAccount/arveen_production_login_kiboengage

2019-04-26 16:12:56 - [TEST_STEP][PASSED] - openBrowser: Browser is opened with url: ''

2019-04-26 16:12:56 - [MESSAGE][WARNING] - A browser is already opened. Closing browser and opening a new one

2019-04-26 16:13:00 - [MESSAGE][PASSED] - Browser is opened with url: ''

2019-04-26 16:13:00 - [TEST_STEP][PASSED] - maximizeWindow: Current window maximized

2019-04-26 16:13:01 - [MESSAGE][PASSED] - Current window maximized

2019-04-26 16:13:01 - [TEST_STEP][PASSED] - navigateToUrl: Navigate to 'https://kiboengage.cloudkibo.com/' successfully

2019-04-26 16:13:33 - [MESSAGE][PASSED] - Navigate to 'https://kiboengage.cloudkibo.com/' successfully

2019-04-26 16:13:33 - [TEST_STEP][PASSED] - navigateToUrl: Navigate to 'https://accounts.cloudkibo.com/?continue=https://kiboengage.cloudkibo.com' successfully

2019-04-26 16:13:34 - [MESSAGE][PASSED] - Navigate to 'https://accounts.cloudkibo.com/?continue=https://kiboengage.cloudkibo.com' successfully

2019-04-26 16:13:34 - [TEST_STEP][PASSED] - click: Object: 'Object Repository/Page_CloudKibo/a_Login (2) (1) (1)' is clicked on

2019-04-26 16:13:35 - [MESSAGE][PASSED] - Object: 'Object Repository/Page_CloudKibo/a_Login (2) (1) (1)' is clicked on

2019-04-26 16:13:35 - [TEST_STEP][PASSED] - setText: Text 'individual@cloudkibo.com' is set on object 'Object Repository/Page_KiboPush/input_email (10) (1) (1)'

2019-04-26 16:13:36 - [MESSAGE][PASSED] - Text 'individual@cloudkibo.com' is set on object 'Object Repository/Page_KiboPush/input_email (10) (1) (1)'

2019-04-26 16:13:36 - [TEST_STEP][PASSED] - setEncryptedText: Text ****** has been set on object 'Object Repository/Page_CloudKibo/input_Sign In_password (7)'

2019-04-26 16:13:36 - [MESSAGE][PASSED] - Text ****** has been set on object 'Object Repository/Page_CloudKibo/input_Sign In_password (7)'

2019-04-26 16:13:36 - [TEST_STEP][PASSED] - click: Object: 'Object Repository/Page_KiboPush/button_Sign In (10) (1) (2)' is clicked on

2019-04-26 16:13:36 - [MESSAGE][PASSED] - Object: 'Object Repository/Page_KiboPush/button_Sign In (10) (1) (2)' is clicked on

2019-04-26 16:13:36 - [TEST_STEP][PASSED] - click: Object: 'Object Repository/Page_KiboPush  Dashboard/h3_Dashboard (57)' is clicked on

2019-04-26 16:14:29 - [MESSAGE][PASSED] - Object: 'Object Repository/Page_KiboPush  Dashboard/h3_Dashboard (57)' is clicked on

2019-04-26 16:14:29 - [TEST_STEP][PASSED] - delay: Delayed 3 second(s)

2019-04-26 16:14:32 - [MESSAGE][PASSED] - Delayed 3 second(s)

2019-04-26 16:14:32 - [TEST_STEP][PASSED] - click: Object: 'Object Repository/Page_KiboEngage  Dashboard/a_SMS (2) (1) (1) (1) (3)' is clicked on

2019-04-26 16:14:32 - [MESSAGE][PASSED] - Object: 'Object Repository/Page_KiboEngage  Dashboard/a_SMS (2) (1) (1) (1) (3)' is clicked on

2019-04-26 16:14:32 - [TEST_STEP][PASSED] - delay: Delayed 2 second(s)

2019-04-26 16:14:34 - [MESSAGE][PASSED] - Delayed 2 second(s)

2019-04-26 16:14:34 - [TEST_STEP][PASSED] - click: Object: 'Object Repository/Page_KiboEngage  Dashboard/span_Messenger (1) (1) (1) (3)' is clicked on

2019-04-26 16:14:34 - [MESSAGE][PASSED] - Object: 'Object Repository/Page_KiboEngage  Dashboard/span_Messenger (1) (1) (1) (3)' is clicked on

2019-04-26 16:14:34 - [TEST_STEP][PASSED] - delay: Delayed 2 second(s)

2019-04-26 16:14:36 - [MESSAGE][PASSED] - Delayed 2 second(s)

2019-04-26 16:14:36 - [MESSAGE][PASSED] - Call Test Case 'Test Cases/s-sidebar_navigation/individualAccount/arveen_production_login_kiboengage' successfully

2019-04-26 16:14:36 - [TEST_STEP][PASSED] - callTestCase: Call Test Case 'Test Cases/Broadcasts/open_broadcast' successfully

2019-04-26 16:14:36 - [TEST_CASE][PASSED] - Test Cases/Broadcasts/open_broadcast: Test Cases/Broadcasts/open_broadcast

2019-04-26 16:14:36 - [TEST_STEP][PASSED] - click: Object: 'Object Repository/Page_KiboPush  Dashboard/span_Broadcasting' is clicked on

2019-04-26 16:14:36 - [MESSAGE][PASSED] - Object: 'Object Repository/Page_KiboPush  Dashboard/span_Broadcasting' is clicked on

2019-04-26 16:14:36 - [TEST_STEP][PASSED] - delay: Delayed 2 second(s)

2019-04-26 16:14:38 - [MESSAGE][PASSED] - Delayed 2 second(s)

2019-04-26 16:14:38 - [MESSAGE][PASSED] - Call Test Case 'Test Cases/Broadcasts/open_broadcast' successfully

2019-04-26 16:14:38 - [TEST_STEP][PASSED] - callTestCase: Call Test Case 'Test Cases/Broadcasts/TC0150' successfully

2019-04-26 16:14:38 - [TEST_CASE][PASSED] - Test Cases/Broadcasts/TC0150: Test Cases/Broadcasts/TC0150

2019-04-26 16:14:38 - [TEST_STEP][PASSED] - callTestCase: Call Test Case 'Test Cases/s-sidebar_navigation/TeamAccount/Broadcasts' successfully

2019-04-26 16:14:39 - [TEST_CASE][PASSED] - Test Cases/s-sidebar_navigation/TeamAccount/Broadcasts: Test Cases/s-sidebar_navigation/TeamAccount/Broadcasts

2019-04-26 16:14:39 - [TEST_STEP][PASSED] - callTestCase: Call Test Case 'Test Cases/s-sidebar_navigation/individualAccount/broadcast' successfully

2019-04-26 16:14:39 - [TEST_CASE][PASSED] - Test Cases/s-sidebar_navigation/individualAccount/broadcast: Test Cases/s-sidebar_navigation/individualAccount/broadcast

2019-04-26 16:14:39 - [TEST_STEP][PASSED] - click: Object: 'Object Repository/Page_KiboPush  Dashboard/span_Polls' is clicked on

2019-04-26 16:14:39 - [MESSAGE][PASSED] - Object: 'Object Repository/Page_KiboPush  Dashboard/span_Polls' is clicked on

2019-04-26 16:14:39 - [TEST_STEP][PASSED] - delay: Delayed 1 second(s)

2019-04-26 16:14:40 - [MESSAGE][PASSED] - Delayed 1 second(s)

2019-04-26 16:14:40 - [TEST_STEP][PASSED] - click: Object: 'Object Repository/Page_KiboPush  Dashboard/span_Broadcasts' is clicked on

2019-04-26 16:14:40 - [MESSAGE][PASSED] - Object: 'Object Repository/Page_KiboPush  Dashboard/span_Broadcasts' is clicked on

2019-04-26 16:14:40 - [TEST_STEP][PASSED] - delay: Delayed 1 second(s)

2019-04-26 16:14:41 - [MESSAGE][PASSED] - Delayed 1 second(s)

2019-04-26 16:14:41 - [TEST_STEP][PASSED] - scrollToPosition: Browser is scrolled to position x = 0, y = 0

2019-04-26 16:14:41 - [MESSAGE][PASSED] - Browser is scrolled to position x = 0, y = 0

2019-04-26 16:14:41 - [TEST_STEP][PASSED] - click: Object: 'Object Repository/Page_KiboPush  Broadcast/h3_Manage Broadcasts' is clicked on

2019-04-26 16:14:42 - [MESSAGE][PASSED] - Object: 'Object Repository/Page_KiboPush  Broadcast/h3_Manage Broadcasts' is clicked on

2019-04-26 16:14:42 - [MESSAGE][PASSED] - Call Test Case 'Test Cases/s-sidebar_navigation/individualAccount/broadcast' successfully

2019-04-26 16:14:42 - [MESSAGE][PASSED] - Call Test Case 'Test Cases/s-sidebar_navigation/TeamAccount/Broadcasts' successfully

2019-04-26 16:14:42 - [TEST_STEP][PASSED] - click: Object: 'Object Repository/Page_KiboPush  Broadcast/span_Create New Broadcast' is clicked on

2019-04-26 16:14:42 - [MESSAGE][PASSED] - Object: 'Object Repository/Page_KiboPush  Broadcast/span_Create New Broadcast' is clicked on

2019-04-26 16:14:42 - [TEST_STEP][PASSED] - click: Object: 'Object Repository/Page_KiboPush  Broadcast/a_Create New Broadcast' is clicked on

2019-04-26 16:14:42 - [MESSAGE][PASSED] - Object: 'Object Repository/Page_KiboPush  Broadcast/a_Create New Broadcast' is clicked on

2019-04-26 16:14:42 - [TEST_STEP][PASSED] - delay: Delayed 1 second(s)

2019-04-26 16:14:43 - [MESSAGE][PASSED] - Delayed 1 second(s)

2019-04-26 16:14:43 - [TEST_STEP][PASSED] - click: Object: 'Object Repository/Page_KiboPush  Create Broadcast/div_Gallery (1)' is clicked on

2019-04-26 16:14:44 - [MESSAGE][PASSED] - Object: 'Object Repository/Page_KiboPush  Create Broadcast/div_Gallery (1)' is clicked on

2019-04-26 16:14:44 - [TEST_STEP][PASSED] - delay: Delayed 2 second(s)

2019-04-26 16:14:46 - [MESSAGE][PASSED] - Delayed 2 second(s)

2019-04-26 16:14:46 - [MESSAGE][PASSED] - Call Test Case 'Test Cases/Broadcasts/TC0150' successfully

2019-04-26 16:14:46 - [TEST_STEP][PASSED] - delay: Delayed 1 second(s)

2019-04-26 16:14:47 - [MESSAGE][PASSED] - Delayed 1 second(s)]]></system-out>
         <system-err><![CDATA[]]></system-err>
      </testcase>
      <testcase name="Test Cases/Broadcasts/TC0163" classname="Test Cases/Broadcasts/TC0163" status="PASSED">
         <system-out><![CDATA[2019-04-26 16:14:47 - [TEST_CASE][PASSED] - Test Cases/Broadcasts/TC0163: Test Cases/Broadcasts/TC0163

2019-04-26 16:14:47 - [TEST_STEP][PASSED] - callTestCase: Call Test Case 'Test Cases/s-sidebar_navigation/TeamAccount/Broadcasts' successfully

2019-04-26 16:14:47 - [TEST_CASE][PASSED] - Test Cases/s-sidebar_navigation/TeamAccount/Broadcasts: Test Cases/s-sidebar_navigation/TeamAccount/Broadcasts

2019-04-26 16:14:47 - [TEST_STEP][PASSED] - callTestCase: Call Test Case 'Test Cases/s-sidebar_navigation/individualAccount/broadcast' successfully

2019-04-26 16:14:47 - [TEST_CASE][PASSED] - Test Cases/s-sidebar_navigation/individualAccount/broadcast: Test Cases/s-sidebar_navigation/individualAccount/broadcast

2019-04-26 16:14:47 - [TEST_STEP][PASSED] - click: Object: 'Object Repository/Page_KiboPush  Dashboard/span_Polls' is clicked on

2019-04-26 16:14:48 - [MESSAGE][PASSED] - Object: 'Object Repository/Page_KiboPush  Dashboard/span_Polls' is clicked on

2019-04-26 16:14:48 - [TEST_STEP][PASSED] - delay: Delayed 1 second(s)

2019-04-26 16:14:49 - [MESSAGE][PASSED] - Delayed 1 second(s)

2019-04-26 16:14:49 - [TEST_STEP][PASSED] - click: Object: 'Object Repository/Page_KiboPush  Dashboard/span_Broadcasts' is clicked on

2019-04-26 16:14:49 - [MESSAGE][PASSED] - Object: 'Object Repository/Page_KiboPush  Dashboard/span_Broadcasts' is clicked on

2019-04-26 16:14:49 - [TEST_STEP][PASSED] - delay: Delayed 1 second(s)

2019-04-26 16:14:50 - [MESSAGE][PASSED] - Delayed 1 second(s)

2019-04-26 16:14:50 - [TEST_STEP][PASSED] - scrollToPosition: Browser is scrolled to position x = 0, y = 0

2019-04-26 16:14:50 - [MESSAGE][PASSED] - Browser is scrolled to position x = 0, y = 0

2019-04-26 16:14:50 - [TEST_STEP][PASSED] - click: Object: 'Object Repository/Page_KiboPush  Broadcast/h3_Manage Broadcasts' is clicked on

2019-04-26 16:14:50 - [MESSAGE][PASSED] - Object: 'Object Repository/Page_KiboPush  Broadcast/h3_Manage Broadcasts' is clicked on

2019-04-26 16:14:50 - [MESSAGE][PASSED] - Call Test Case 'Test Cases/s-sidebar_navigation/individualAccount/broadcast' successfully

2019-04-26 16:14:50 - [MESSAGE][PASSED] - Call Test Case 'Test Cases/s-sidebar_navigation/TeamAccount/Broadcasts' successfully

2019-04-26 16:14:50 - [TEST_STEP][PASSED] - click: Object: 'Object Repository/Page_KiboPush  Broadcast/span_Create New Broadcast' is clicked on

2019-04-26 16:14:50 - [MESSAGE][PASSED] - Object: 'Object Repository/Page_KiboPush  Broadcast/span_Create New Broadcast' is clicked on

2019-04-26 16:14:50 - [TEST_STEP][PASSED] - click: Object: 'Object Repository/Page_KiboPush  Broadcast/a_Create New Broadcast' is clicked on

2019-04-26 16:14:51 - [MESSAGE][PASSED] - Object: 'Object Repository/Page_KiboPush  Broadcast/a_Create New Broadcast' is clicked on

2019-04-26 16:14:51 - [TEST_STEP][PASSED] - delay: Delayed 1 second(s)

2019-04-26 16:14:52 - [MESSAGE][PASSED] - Delayed 1 second(s)

2019-04-26 16:14:52 - [TEST_STEP][PASSED] - click: Object: 'Object Repository/Page_KiboPush  Create Broadcast/div_Audio' is clicked on

2019-04-26 16:14:52 - [MESSAGE][PASSED] - Object: 'Object Repository/Page_KiboPush  Create Broadcast/div_Audio' is clicked on

2019-04-26 16:14:52 - [TEST_STEP][PASSED] - verifyElementPresent: Object 'Object Repository/Page_KiboPush  Create Broadcast/h4_Audio' is present

2019-04-26 16:14:52 - [MESSAGE][PASSED] - Object 'Object Repository/Page_KiboPush  Create Broadcast/h4_Audio' is present]]></system-out>
         <system-err><![CDATA[]]></system-err>
      </testcase>
      <testcase name="Test Cases/Broadcasts/TC0164" classname="Test Cases/Broadcasts/TC0164" status="PASSED">
         <system-out><![CDATA[2019-04-26 16:14:52 - [TEST_CASE][PASSED] - Test Cases/Broadcasts/TC0164: Test Cases/Broadcasts/TC0164

2019-04-26 16:14:52 - [TEST_STEP][PASSED] - callTestCase: Call Test Case 'Test Cases/Broadcasts/TC0163' successfully

2019-04-26 16:14:53 - [TEST_CASE][PASSED] - Test Cases/Broadcasts/TC0163: Test Cases/Broadcasts/TC0163

2019-04-26 16:14:53 - [TEST_STEP][PASSED] - callTestCase: Call Test Case 'Test Cases/s-sidebar_navigation/TeamAccount/Broadcasts' successfully

2019-04-26 16:14:53 - [TEST_CASE][PASSED] - Test Cases/s-sidebar_navigation/TeamAccount/Broadcasts: Test Cases/s-sidebar_navigation/TeamAccount/Broadcasts

2019-04-26 16:14:53 - [TEST_STEP][PASSED] - callTestCase: Call Test Case 'Test Cases/s-sidebar_navigation/individualAccount/broadcast' successfully

2019-04-26 16:14:53 - [TEST_CASE][PASSED] - Test Cases/s-sidebar_navigation/individualAccount/broadcast: Test Cases/s-sidebar_navigation/individualAccount/broadcast

2019-04-26 16:14:53 - [TEST_STEP][PASSED] - click: Object: 'Object Repository/Page_KiboPush  Dashboard/span_Polls' is clicked on

2019-04-26 16:14:53 - [MESSAGE][PASSED] - Object: 'Object Repository/Page_KiboPush  Dashboard/span_Polls' is clicked on

2019-04-26 16:14:53 - [TEST_STEP][PASSED] - delay: Delayed 1 second(s)

2019-04-26 16:14:54 - [MESSAGE][PASSED] - Delayed 1 second(s)

2019-04-26 16:14:54 - [TEST_STEP][PASSED] - click: Object: 'Object Repository/Page_KiboPush  Dashboard/span_Broadcasts' is clicked on

2019-04-26 16:14:54 - [MESSAGE][PASSED] - Object: 'Object Repository/Page_KiboPush  Dashboard/span_Broadcasts' is clicked on

2019-04-26 16:14:54 - [TEST_STEP][PASSED] - delay: Delayed 1 second(s)

2019-04-26 16:14:55 - [MESSAGE][PASSED] - Delayed 1 second(s)

2019-04-26 16:14:55 - [TEST_STEP][PASSED] - scrollToPosition: Browser is scrolled to position x = 0, y = 0

2019-04-26 16:14:55 - [MESSAGE][PASSED] - Browser is scrolled to position x = 0, y = 0

2019-04-26 16:14:55 - [TEST_STEP][PASSED] - click: Object: 'Object Repository/Page_KiboPush  Broadcast/h3_Manage Broadcasts' is clicked on

2019-04-26 16:14:55 - [MESSAGE][PASSED] - Object: 'Object Repository/Page_KiboPush  Broadcast/h3_Manage Broadcasts' is clicked on

2019-04-26 16:14:55 - [MESSAGE][PASSED] - Call Test Case 'Test Cases/s-sidebar_navigation/individualAccount/broadcast' successfully

2019-04-26 16:14:55 - [MESSAGE][PASSED] - Call Test Case 'Test Cases/s-sidebar_navigation/TeamAccount/Broadcasts' successfully

2019-04-26 16:14:55 - [TEST_STEP][PASSED] - click: Object: 'Object Repository/Page_KiboPush  Broadcast/span_Create New Broadcast' is clicked on

2019-04-26 16:14:56 - [MESSAGE][PASSED] - Object: 'Object Repository/Page_KiboPush  Broadcast/span_Create New Broadcast' is clicked on

2019-04-26 16:14:56 - [TEST_STEP][PASSED] - click: Object: 'Object Repository/Page_KiboPush  Broadcast/a_Create New Broadcast' is clicked on

2019-04-26 16:14:56 - [MESSAGE][PASSED] - Object: 'Object Repository/Page_KiboPush  Broadcast/a_Create New Broadcast' is clicked on

2019-04-26 16:14:56 - [TEST_STEP][PASSED] - delay: Delayed 1 second(s)

2019-04-26 16:14:57 - [MESSAGE][PASSED] - Delayed 1 second(s)

2019-04-26 16:14:57 - [TEST_STEP][PASSED] - click: Object: 'Object Repository/Page_KiboPush  Create Broadcast/div_Audio' is clicked on

2019-04-26 16:14:57 - [MESSAGE][PASSED] - Object: 'Object Repository/Page_KiboPush  Create Broadcast/div_Audio' is clicked on

2019-04-26 16:14:57 - [TEST_STEP][PASSED] - verifyElementPresent: Object 'Object Repository/Page_KiboPush  Create Broadcast/h4_Audio' is present

2019-04-26 16:14:57 - [MESSAGE][PASSED] - Object 'Object Repository/Page_KiboPush  Create Broadcast/h4_Audio' is present

2019-04-26 16:14:57 - [MESSAGE][PASSED] - Call Test Case 'Test Cases/Broadcasts/TC0163' successfully

2019-04-26 16:14:57 - [TEST_STEP][PASSED] - delay: Delayed 2 second(s)

2019-04-26 16:14:59 - [MESSAGE][PASSED] - Delayed 2 second(s)

2019-04-26 16:14:59 - [TEST_STEP][PASSED] - click: Object: 'Object Repository/Page_KiboPush  Create Broadcast/button_Next (7)' is clicked on

2019-04-26 16:14:59 - [MESSAGE][PASSED] - Object: 'Object Repository/Page_KiboPush  Create Broadcast/button_Next (7)' is clicked on

2019-04-26 16:14:59 - [TEST_STEP][PASSED] - delay: Delayed 3 second(s)

2019-04-26 16:15:02 - [MESSAGE][PASSED] - Delayed 3 second(s)

2019-04-26 16:15:02 - [TEST_STEP][PASSED] - click: Object: 'Object Repository/Page_KiboPush  Create Broadcast/div_Select an audio file' is clicked on

2019-04-26 16:15:03 - [MESSAGE][PASSED] - Object: 'Object Repository/Page_KiboPush  Create Broadcast/div_Select an audio file' is clicked on]]></system-out>
         <system-err><![CDATA[]]></system-err>
      </testcase>
      <testcase name="Test Cases/Broadcasts/TC0165" classname="Test Cases/Broadcasts/TC0165" status="PASSED">
         <system-out><![CDATA[2019-04-26 16:15:03 - [TEST_CASE][PASSED] - Test Cases/Broadcasts/TC0165: Test Cases/Broadcasts/TC0165

2019-04-26 16:15:03 - [TEST_STEP][PASSED] - callTestCase: Call Test Case 'Test Cases/Broadcasts/TC0163' successfully

2019-04-26 16:15:03 - [TEST_CASE][PASSED] - Test Cases/Broadcasts/TC0163: Test Cases/Broadcasts/TC0163

2019-04-26 16:15:03 - [TEST_STEP][PASSED] - callTestCase: Call Test Case 'Test Cases/s-sidebar_navigation/TeamAccount/Broadcasts' successfully

2019-04-26 16:15:03 - [TEST_CASE][PASSED] - Test Cases/s-sidebar_navigation/TeamAccount/Broadcasts: Test Cases/s-sidebar_navigation/TeamAccount/Broadcasts

2019-04-26 16:15:03 - [TEST_STEP][PASSED] - callTestCase: Call Test Case 'Test Cases/s-sidebar_navigation/individualAccount/broadcast' successfully

2019-04-26 16:15:03 - [TEST_CASE][PASSED] - Test Cases/s-sidebar_navigation/individualAccount/broadcast: Test Cases/s-sidebar_navigation/individualAccount/broadcast

2019-04-26 16:15:03 - [TEST_STEP][PASSED] - click: Object: 'Object Repository/Page_KiboPush  Dashboard/span_Polls' is clicked on

2019-04-26 16:15:03 - [MESSAGE][PASSED] - Object: 'Object Repository/Page_KiboPush  Dashboard/span_Polls' is clicked on

2019-04-26 16:15:03 - [TEST_STEP][PASSED] - delay: Delayed 1 second(s)

2019-04-26 16:15:04 - [MESSAGE][PASSED] - Delayed 1 second(s)

2019-04-26 16:15:04 - [TEST_STEP][PASSED] - click: Object: 'Object Repository/Page_KiboPush  Dashboard/span_Broadcasts' is clicked on

2019-04-26 16:15:05 - [MESSAGE][PASSED] - Object: 'Object Repository/Page_KiboPush  Dashboard/span_Broadcasts' is clicked on

2019-04-26 16:15:05 - [TEST_STEP][PASSED] - delay: Delayed 1 second(s)

2019-04-26 16:15:06 - [MESSAGE][PASSED] - Delayed 1 second(s)

2019-04-26 16:15:06 - [TEST_STEP][PASSED] - scrollToPosition: Browser is scrolled to position x = 0, y = 0

2019-04-26 16:15:06 - [MESSAGE][PASSED] - Browser is scrolled to position x = 0, y = 0

2019-04-26 16:15:06 - [TEST_STEP][PASSED] - click: Object: 'Object Repository/Page_KiboPush  Broadcast/h3_Manage Broadcasts' is clicked on

2019-04-26 16:15:06 - [MESSAGE][PASSED] - Object: 'Object Repository/Page_KiboPush  Broadcast/h3_Manage Broadcasts' is clicked on

2019-04-26 16:15:06 - [MESSAGE][PASSED] - Call Test Case 'Test Cases/s-sidebar_navigation/individualAccount/broadcast' successfully

2019-04-26 16:15:06 - [MESSAGE][PASSED] - Call Test Case 'Test Cases/s-sidebar_navigation/TeamAccount/Broadcasts' successfully

2019-04-26 16:15:06 - [TEST_STEP][PASSED] - click: Object: 'Object Repository/Page_KiboPush  Broadcast/span_Create New Broadcast' is clicked on

2019-04-26 16:15:06 - [MESSAGE][PASSED] - Object: 'Object Repository/Page_KiboPush  Broadcast/span_Create New Broadcast' is clicked on

2019-04-26 16:15:06 - [TEST_STEP][PASSED] - click: Object: 'Object Repository/Page_KiboPush  Broadcast/a_Create New Broadcast' is clicked on

2019-04-26 16:15:07 - [MESSAGE][PASSED] - Object: 'Object Repository/Page_KiboPush  Broadcast/a_Create New Broadcast' is clicked on

2019-04-26 16:15:07 - [TEST_STEP][PASSED] - delay: Delayed 1 second(s)

2019-04-26 16:15:08 - [MESSAGE][PASSED] - Delayed 1 second(s)

2019-04-26 16:15:08 - [TEST_STEP][PASSED] - click: Object: 'Object Repository/Page_KiboPush  Create Broadcast/div_Audio' is clicked on

2019-04-26 16:15:08 - [MESSAGE][PASSED] - Object: 'Object Repository/Page_KiboPush  Create Broadcast/div_Audio' is clicked on

2019-04-26 16:15:08 - [TEST_STEP][PASSED] - verifyElementPresent: Object 'Object Repository/Page_KiboPush  Create Broadcast/h4_Audio' is present

2019-04-26 16:15:08 - [MESSAGE][PASSED] - Object 'Object Repository/Page_KiboPush  Create Broadcast/h4_Audio' is present

2019-04-26 16:15:08 - [MESSAGE][PASSED] - Call Test Case 'Test Cases/Broadcasts/TC0163' successfully

2019-04-26 16:15:08 - [TEST_STEP][PASSED] - Statement - audio = com.kms.katalon.core.configuration.RunConfiguration.getProjectDir() + "/audio.mp3": null

2019-04-26 16:15:08 - [TEST_STEP][PASSED] - uploadFile: File 'C:/Users/cloudkibo/Desktop/KiboPush_Automated_Testing/KiboPush Katalon/audio.mp3' sent to object: 'Object Repository/Page_KiboPush  Create Broadcast/input_file'

2019-04-26 16:15:08 - [MESSAGE][PASSED] - File 'C:/Users/cloudkibo/Desktop/KiboPush_Automated_Testing/KiboPush Katalon/audio.mp3' sent to object: 'Object Repository/Page_KiboPush  Create Broadcast/input_file']]></system-out>
         <system-err><![CDATA[]]></system-err>
      </testcase>
      <testcase name="Test Cases/Broadcasts/TC0167" classname="Test Cases/Broadcasts/TC0167" status="PASSED">
         <system-out><![CDATA[2019-04-26 16:15:08 - [TEST_CASE][PASSED] - Test Cases/Broadcasts/TC0167: Test Cases/Broadcasts/TC0167

2019-04-26 16:15:08 - [TEST_STEP][PASSED] - callTestCase: Call Test Case 'Test Cases/s-sidebar_navigation/TeamAccount/Broadcasts' successfully

2019-04-26 16:15:08 - [TEST_CASE][PASSED] - Test Cases/s-sidebar_navigation/TeamAccount/Broadcasts: Test Cases/s-sidebar_navigation/TeamAccount/Broadcasts

2019-04-26 16:15:08 - [TEST_STEP][PASSED] - callTestCase: Call Test Case 'Test Cases/s-sidebar_navigation/individualAccount/broadcast' successfully

2019-04-26 16:15:09 - [TEST_CASE][PASSED] - Test Cases/s-sidebar_navigation/individualAccount/broadcast: Test Cases/s-sidebar_navigation/individualAccount/broadcast

2019-04-26 16:15:09 - [TEST_STEP][PASSED] - click: Object: 'Object Repository/Page_KiboPush  Dashboard/span_Polls' is clicked on

2019-04-26 16:15:09 - [MESSAGE][PASSED] - Object: 'Object Repository/Page_KiboPush  Dashboard/span_Polls' is clicked on

2019-04-26 16:15:09 - [TEST_STEP][PASSED] - delay: Delayed 1 second(s)

2019-04-26 16:15:10 - [MESSAGE][PASSED] - Delayed 1 second(s)

2019-04-26 16:15:10 - [TEST_STEP][PASSED] - click: Object: 'Object Repository/Page_KiboPush  Dashboard/span_Broadcasts' is clicked on

2019-04-26 16:15:10 - [MESSAGE][PASSED] - Object: 'Object Repository/Page_KiboPush  Dashboard/span_Broadcasts' is clicked on

2019-04-26 16:15:10 - [TEST_STEP][PASSED] - delay: Delayed 1 second(s)

2019-04-26 16:15:11 - [MESSAGE][PASSED] - Delayed 1 second(s)

2019-04-26 16:15:11 - [TEST_STEP][PASSED] - scrollToPosition: Browser is scrolled to position x = 0, y = 0

2019-04-26 16:15:11 - [MESSAGE][PASSED] - Browser is scrolled to position x = 0, y = 0

2019-04-26 16:15:11 - [TEST_STEP][PASSED] - click: Object: 'Object Repository/Page_KiboPush  Broadcast/h3_Manage Broadcasts' is clicked on

2019-04-26 16:15:11 - [MESSAGE][PASSED] - Object: 'Object Repository/Page_KiboPush  Broadcast/h3_Manage Broadcasts' is clicked on

2019-04-26 16:15:11 - [MESSAGE][PASSED] - Call Test Case 'Test Cases/s-sidebar_navigation/individualAccount/broadcast' successfully

2019-04-26 16:15:11 - [MESSAGE][PASSED] - Call Test Case 'Test Cases/s-sidebar_navigation/TeamAccount/Broadcasts' successfully

2019-04-26 16:15:11 - [TEST_STEP][PASSED] - click: Object: 'Object Repository/Page_KiboPush  Broadcast/span_Create New Broadcast' is clicked on

2019-04-26 16:15:11 - [MESSAGE][PASSED] - Object: 'Object Repository/Page_KiboPush  Broadcast/span_Create New Broadcast' is clicked on

2019-04-26 16:15:11 - [TEST_STEP][PASSED] - click: Object: 'Object Repository/Page_KiboPush  Broadcast/a_Create New Broadcast' is clicked on

2019-04-26 16:15:12 - [MESSAGE][PASSED] - Object: 'Object Repository/Page_KiboPush  Broadcast/a_Create New Broadcast' is clicked on

2019-04-26 16:15:12 - [TEST_STEP][PASSED] - delay: Delayed 1 second(s)

2019-04-26 16:15:13 - [MESSAGE][PASSED] - Delayed 1 second(s)

2019-04-26 16:15:13 - [TEST_STEP][PASSED] - click: Object: 'Object Repository/Page_KiboPush  Create Broadcast/div_Video' is clicked on

2019-04-26 16:15:13 - [MESSAGE][PASSED] - Object: 'Object Repository/Page_KiboPush  Create Broadcast/div_Video' is clicked on

2019-04-26 16:15:13 - [TEST_STEP][PASSED] - verifyElementPresent: Object 'Object Repository/Page_KiboPush  Create Broadcast/h4_Video' is present

2019-04-26 16:15:13 - [MESSAGE][PASSED] - Object 'Object Repository/Page_KiboPush  Create Broadcast/h4_Video' is present

2019-04-26 16:15:13 - [TEST_STEP][PASSED] - delay: Delayed 3 second(s)

2019-04-26 16:15:16 - [MESSAGE][PASSED] - Delayed 3 second(s)]]></system-out>
         <system-err><![CDATA[]]></system-err>
      </testcase>
      <testcase name="Test Cases/Broadcasts/TC0168" classname="Test Cases/Broadcasts/TC0168" status="PASSED">
         <system-out><![CDATA[2019-04-26 16:15:16 - [TEST_CASE][PASSED] - Test Cases/Broadcasts/TC0168: Test Cases/Broadcasts/TC0168

2019-04-26 16:15:16 - [TEST_STEP][PASSED] - callTestCase: Call Test Case 'Test Cases/Broadcasts/TC0167' successfully

2019-04-26 16:15:16 - [TEST_CASE][PASSED] - Test Cases/Broadcasts/TC0167: Test Cases/Broadcasts/TC0167

2019-04-26 16:15:16 - [TEST_STEP][PASSED] - callTestCase: Call Test Case 'Test Cases/s-sidebar_navigation/TeamAccount/Broadcasts' successfully

2019-04-26 16:15:17 - [TEST_CASE][PASSED] - Test Cases/s-sidebar_navigation/TeamAccount/Broadcasts: Test Cases/s-sidebar_navigation/TeamAccount/Broadcasts

2019-04-26 16:15:17 - [TEST_STEP][PASSED] - callTestCase: Call Test Case 'Test Cases/s-sidebar_navigation/individualAccount/broadcast' successfully

2019-04-26 16:15:17 - [TEST_CASE][PASSED] - Test Cases/s-sidebar_navigation/individualAccount/broadcast: Test Cases/s-sidebar_navigation/individualAccount/broadcast

2019-04-26 16:15:17 - [TEST_STEP][PASSED] - click: Object: 'Object Repository/Page_KiboPush  Dashboard/span_Polls' is clicked on

2019-04-26 16:15:17 - [MESSAGE][PASSED] - Object: 'Object Repository/Page_KiboPush  Dashboard/span_Polls' is clicked on

2019-04-26 16:15:17 - [TEST_STEP][PASSED] - delay: Delayed 1 second(s)

2019-04-26 16:15:18 - [MESSAGE][PASSED] - Delayed 1 second(s)

2019-04-26 16:15:18 - [TEST_STEP][PASSED] - click: Object: 'Object Repository/Page_KiboPush  Dashboard/span_Broadcasts' is clicked on

2019-04-26 16:15:18 - [MESSAGE][PASSED] - Object: 'Object Repository/Page_KiboPush  Dashboard/span_Broadcasts' is clicked on

2019-04-26 16:15:18 - [TEST_STEP][PASSED] - delay: Delayed 1 second(s)

2019-04-26 16:15:19 - [MESSAGE][PASSED] - Delayed 1 second(s)

2019-04-26 16:15:19 - [TEST_STEP][PASSED] - scrollToPosition: Browser is scrolled to position x = 0, y = 0

2019-04-26 16:15:19 - [MESSAGE][PASSED] - Browser is scrolled to position x = 0, y = 0

2019-04-26 16:15:19 - [TEST_STEP][PASSED] - click: Object: 'Object Repository/Page_KiboPush  Broadcast/h3_Manage Broadcasts' is clicked on

2019-04-26 16:15:19 - [MESSAGE][PASSED] - Object: 'Object Repository/Page_KiboPush  Broadcast/h3_Manage Broadcasts' is clicked on

2019-04-26 16:15:19 - [MESSAGE][PASSED] - Call Test Case 'Test Cases/s-sidebar_navigation/individualAccount/broadcast' successfully

2019-04-26 16:15:19 - [MESSAGE][PASSED] - Call Test Case 'Test Cases/s-sidebar_navigation/TeamAccount/Broadcasts' successfully

2019-04-26 16:15:19 - [TEST_STEP][PASSED] - click: Object: 'Object Repository/Page_KiboPush  Broadcast/span_Create New Broadcast' is clicked on

2019-04-26 16:15:19 - [MESSAGE][PASSED] - Object: 'Object Repository/Page_KiboPush  Broadcast/span_Create New Broadcast' is clicked on

2019-04-26 16:15:19 - [TEST_STEP][PASSED] - click: Object: 'Object Repository/Page_KiboPush  Broadcast/a_Create New Broadcast' is clicked on

2019-04-26 16:15:20 - [MESSAGE][PASSED] - Object: 'Object Repository/Page_KiboPush  Broadcast/a_Create New Broadcast' is clicked on

2019-04-26 16:15:20 - [TEST_STEP][PASSED] - delay: Delayed 1 second(s)

2019-04-26 16:15:21 - [MESSAGE][PASSED] - Delayed 1 second(s)

2019-04-26 16:15:21 - [TEST_STEP][PASSED] - click: Object: 'Object Repository/Page_KiboPush  Create Broadcast/div_Video' is clicked on

2019-04-26 16:15:21 - [MESSAGE][PASSED] - Object: 'Object Repository/Page_KiboPush  Create Broadcast/div_Video' is clicked on

2019-04-26 16:15:21 - [TEST_STEP][PASSED] - verifyElementPresent: Object 'Object Repository/Page_KiboPush  Create Broadcast/h4_Video' is present

2019-04-26 16:15:21 - [MESSAGE][PASSED] - Object 'Object Repository/Page_KiboPush  Create Broadcast/h4_Video' is present

2019-04-26 16:15:21 - [TEST_STEP][PASSED] - delay: Delayed 3 second(s)

2019-04-26 16:15:24 - [MESSAGE][PASSED] - Delayed 3 second(s)

2019-04-26 16:15:24 - [MESSAGE][PASSED] - Call Test Case 'Test Cases/Broadcasts/TC0167' successfully

2019-04-26 16:15:24 - [TEST_STEP][PASSED] - click: Object: 'Object Repository/Page_KiboPush  Create Broadcast/button_Next (8)' is clicked on

2019-04-26 16:15:24 - [MESSAGE][PASSED] - Object: 'Object Repository/Page_KiboPush  Create Broadcast/button_Next (8)' is clicked on

2019-04-26 16:15:24 - [TEST_STEP][PASSED] - delay: Delayed 3 second(s)

2019-04-26 16:15:27 - [MESSAGE][PASSED] - Delayed 3 second(s)

2019-04-26 16:15:27 - [TEST_STEP][PASSED] - click: Object: 'Object Repository/Page_KiboPush  Create Broadcast/div_Select a video file' is clicked on

2019-04-26 16:15:28 - [MESSAGE][PASSED] - Object: 'Object Repository/Page_KiboPush  Create Broadcast/div_Select a video file' is clicked on]]></system-out>
         <system-err><![CDATA[]]></system-err>
      </testcase>
      <testcase name="Test Cases/Broadcasts/TC0169" classname="Test Cases/Broadcasts/TC0169" status="PASSED">
         <system-out><![CDATA[2019-04-26 16:15:28 - [TEST_CASE][PASSED] - Test Cases/Broadcasts/TC0169: Test Cases/Broadcasts/TC0169

2019-04-26 16:15:28 - [TEST_STEP][PASSED] - callTestCase: Call Test Case 'Test Cases/Broadcasts/TC0167' successfully

2019-04-26 16:15:28 - [TEST_CASE][PASSED] - Test Cases/Broadcasts/TC0167: Test Cases/Broadcasts/TC0167

2019-04-26 16:15:28 - [TEST_STEP][PASSED] - callTestCase: Call Test Case 'Test Cases/s-sidebar_navigation/TeamAccount/Broadcasts' successfully

2019-04-26 16:15:28 - [TEST_CASE][PASSED] - Test Cases/s-sidebar_navigation/TeamAccount/Broadcasts: Test Cases/s-sidebar_navigation/TeamAccount/Broadcasts

2019-04-26 16:15:28 - [TEST_STEP][PASSED] - callTestCase: Call Test Case 'Test Cases/s-sidebar_navigation/individualAccount/broadcast' successfully

2019-04-26 16:15:28 - [TEST_CASE][PASSED] - Test Cases/s-sidebar_navigation/individualAccount/broadcast: Test Cases/s-sidebar_navigation/individualAccount/broadcast

2019-04-26 16:15:28 - [TEST_STEP][PASSED] - click: Object: 'Object Repository/Page_KiboPush  Dashboard/span_Polls' is clicked on

2019-04-26 16:15:28 - [MESSAGE][PASSED] - Object: 'Object Repository/Page_KiboPush  Dashboard/span_Polls' is clicked on

2019-04-26 16:15:28 - [TEST_STEP][PASSED] - delay: Delayed 1 second(s)

2019-04-26 16:15:29 - [MESSAGE][PASSED] - Delayed 1 second(s)

2019-04-26 16:15:29 - [TEST_STEP][PASSED] - click: Object: 'Object Repository/Page_KiboPush  Dashboard/span_Broadcasts' is clicked on

2019-04-26 16:15:30 - [MESSAGE][PASSED] - Object: 'Object Repository/Page_KiboPush  Dashboard/span_Broadcasts' is clicked on

2019-04-26 16:15:30 - [TEST_STEP][PASSED] - delay: Delayed 1 second(s)

2019-04-26 16:15:31 - [MESSAGE][PASSED] - Delayed 1 second(s)

2019-04-26 16:15:31 - [TEST_STEP][PASSED] - scrollToPosition: Browser is scrolled to position x = 0, y = 0

2019-04-26 16:15:31 - [MESSAGE][PASSED] - Browser is scrolled to position x = 0, y = 0

2019-04-26 16:15:31 - [TEST_STEP][PASSED] - click: Object: 'Object Repository/Page_KiboPush  Broadcast/h3_Manage Broadcasts' is clicked on

2019-04-26 16:15:31 - [MESSAGE][PASSED] - Object: 'Object Repository/Page_KiboPush  Broadcast/h3_Manage Broadcasts' is clicked on

2019-04-26 16:15:31 - [MESSAGE][PASSED] - Call Test Case 'Test Cases/s-sidebar_navigation/individualAccount/broadcast' successfully

2019-04-26 16:15:31 - [MESSAGE][PASSED] - Call Test Case 'Test Cases/s-sidebar_navigation/TeamAccount/Broadcasts' successfully

2019-04-26 16:15:31 - [TEST_STEP][PASSED] - click: Object: 'Object Repository/Page_KiboPush  Broadcast/span_Create New Broadcast' is clicked on

2019-04-26 16:15:31 - [MESSAGE][PASSED] - Object: 'Object Repository/Page_KiboPush  Broadcast/span_Create New Broadcast' is clicked on

2019-04-26 16:15:31 - [TEST_STEP][PASSED] - click: Object: 'Object Repository/Page_KiboPush  Broadcast/a_Create New Broadcast' is clicked on

2019-04-26 16:15:32 - [MESSAGE][PASSED] - Object: 'Object Repository/Page_KiboPush  Broadcast/a_Create New Broadcast' is clicked on

2019-04-26 16:15:32 - [TEST_STEP][PASSED] - delay: Delayed 1 second(s)

2019-04-26 16:15:33 - [MESSAGE][PASSED] - Delayed 1 second(s)

2019-04-26 16:15:33 - [TEST_STEP][PASSED] - click: Object: 'Object Repository/Page_KiboPush  Create Broadcast/div_Video' is clicked on

2019-04-26 16:15:33 - [MESSAGE][PASSED] - Object: 'Object Repository/Page_KiboPush  Create Broadcast/div_Video' is clicked on

2019-04-26 16:15:33 - [TEST_STEP][PASSED] - verifyElementPresent: Object 'Object Repository/Page_KiboPush  Create Broadcast/h4_Video' is present

2019-04-26 16:15:33 - [MESSAGE][PASSED] - Object 'Object Repository/Page_KiboPush  Create Broadcast/h4_Video' is present

2019-04-26 16:15:33 - [TEST_STEP][PASSED] - delay: Delayed 3 second(s)

2019-04-26 16:15:36 - [MESSAGE][PASSED] - Delayed 3 second(s)

2019-04-26 16:15:36 - [MESSAGE][PASSED] - Call Test Case 'Test Cases/Broadcasts/TC0167' successfully

2019-04-26 16:15:36 - [TEST_STEP][PASSED] - Statement - video = com.kms.katalon.core.configuration.RunConfiguration.getProjectDir() + "/video.mp4": null

2019-04-26 16:15:36 - [TEST_STEP][PASSED] - uploadFile: File 'C:/Users/cloudkibo/Desktop/KiboPush_Automated_Testing/KiboPush Katalon/video.mp4' sent to object: 'Object Repository/Page_KiboPush  Create Broadcast/input_file'

2019-04-26 16:15:36 - [MESSAGE][PASSED] - File 'C:/Users/cloudkibo/Desktop/KiboPush_Automated_Testing/KiboPush Katalon/video.mp4' sent to object: 'Object Repository/Page_KiboPush  Create Broadcast/input_file']]></system-out>
         <system-err><![CDATA[]]></system-err>
      </testcase>
      <testcase name="Test Cases/Broadcasts/TC0171" classname="Test Cases/Broadcasts/TC0171" status="PASSED">
         <system-out><![CDATA[2019-04-26 16:15:36 - [TEST_CASE][PASSED] - Test Cases/Broadcasts/TC0171: Test Cases/Broadcasts/TC0171

2019-04-26 16:15:36 - [TEST_STEP][PASSED] - callTestCase: Call Test Case 'Test Cases/s-sidebar_navigation/TeamAccount/Broadcasts' successfully

2019-04-26 16:15:36 - [TEST_CASE][PASSED] - Test Cases/s-sidebar_navigation/TeamAccount/Broadcasts: Test Cases/s-sidebar_navigation/TeamAccount/Broadcasts

2019-04-26 16:15:36 - [TEST_STEP][PASSED] - callTestCase: Call Test Case 'Test Cases/s-sidebar_navigation/individualAccount/broadcast' successfully

2019-04-26 16:15:37 - [TEST_CASE][PASSED] - Test Cases/s-sidebar_navigation/individualAccount/broadcast: Test Cases/s-sidebar_navigation/individualAccount/broadcast

2019-04-26 16:15:37 - [TEST_STEP][PASSED] - click: Object: 'Object Repository/Page_KiboPush  Dashboard/span_Polls' is clicked on

2019-04-26 16:15:37 - [MESSAGE][PASSED] - Object: 'Object Repository/Page_KiboPush  Dashboard/span_Polls' is clicked on

2019-04-26 16:15:37 - [TEST_STEP][PASSED] - delay: Delayed 1 second(s)

2019-04-26 16:15:38 - [MESSAGE][PASSED] - Delayed 1 second(s)

2019-04-26 16:15:38 - [TEST_STEP][PASSED] - click: Object: 'Object Repository/Page_KiboPush  Dashboard/span_Broadcasts' is clicked on

2019-04-26 16:15:38 - [MESSAGE][PASSED] - Object: 'Object Repository/Page_KiboPush  Dashboard/span_Broadcasts' is clicked on

2019-04-26 16:15:38 - [TEST_STEP][PASSED] - delay: Delayed 1 second(s)

2019-04-26 16:15:39 - [MESSAGE][PASSED] - Delayed 1 second(s)

2019-04-26 16:15:39 - [TEST_STEP][PASSED] - scrollToPosition: Browser is scrolled to position x = 0, y = 0

2019-04-26 16:15:39 - [MESSAGE][PASSED] - Browser is scrolled to position x = 0, y = 0

2019-04-26 16:15:39 - [TEST_STEP][PASSED] - click: Object: 'Object Repository/Page_KiboPush  Broadcast/h3_Manage Broadcasts' is clicked on

2019-04-26 16:15:39 - [MESSAGE][PASSED] - Object: 'Object Repository/Page_KiboPush  Broadcast/h3_Manage Broadcasts' is clicked on

2019-04-26 16:15:39 - [MESSAGE][PASSED] - Call Test Case 'Test Cases/s-sidebar_navigation/individualAccount/broadcast' successfully

2019-04-26 16:15:39 - [MESSAGE][PASSED] - Call Test Case 'Test Cases/s-sidebar_navigation/TeamAccount/Broadcasts' successfully

2019-04-26 16:15:39 - [TEST_STEP][PASSED] - click: Object: 'Object Repository/Page_KiboPush  Broadcast/span_Create New Broadcast' is clicked on

2019-04-26 16:15:39 - [MESSAGE][PASSED] - Object: 'Object Repository/Page_KiboPush  Broadcast/span_Create New Broadcast' is clicked on

2019-04-26 16:15:39 - [TEST_STEP][PASSED] - click: Object: 'Object Repository/Page_KiboPush  Broadcast/a_Create New Broadcast' is clicked on

2019-04-26 16:15:40 - [MESSAGE][PASSED] - Object: 'Object Repository/Page_KiboPush  Broadcast/a_Create New Broadcast' is clicked on

2019-04-26 16:15:40 - [TEST_STEP][PASSED] - delay: Delayed 1 second(s)

2019-04-26 16:15:41 - [MESSAGE][PASSED] - Delayed 1 second(s)

2019-04-26 16:15:41 - [TEST_STEP][PASSED] - click: Object: 'Object Repository/Page_KiboPush  Create Broadcast/div_File' is clicked on

2019-04-26 16:15:41 - [MESSAGE][PASSED] - Object: 'Object Repository/Page_KiboPush  Create Broadcast/div_File' is clicked on

2019-04-26 16:15:41 - [TEST_STEP][PASSED] - verifyElementPresent: Object 'Object Repository/Page_KiboPush  Create Broadcast/h4_File' is present

2019-04-26 16:15:41 - [MESSAGE][PASSED] - Object 'Object Repository/Page_KiboPush  Create Broadcast/h4_File' is present

2019-04-26 16:15:41 - [TEST_STEP][PASSED] - delay: Delayed 3 second(s)

2019-04-26 16:15:44 - [MESSAGE][PASSED] - Delayed 3 second(s)]]></system-out>
         <system-err><![CDATA[]]></system-err>
      </testcase>
      <testcase name="Test Cases/Broadcasts/TC0172" classname="Test Cases/Broadcasts/TC0172" status="PASSED">
         <system-out><![CDATA[2019-04-26 16:15:44 - [TEST_CASE][PASSED] - Test Cases/Broadcasts/TC0172: Test Cases/Broadcasts/TC0172

2019-04-26 16:15:44 - [TEST_STEP][PASSED] - callTestCase: Call Test Case 'Test Cases/Broadcasts/TC0171' successfully

2019-04-26 16:15:44 - [TEST_CASE][PASSED] - Test Cases/Broadcasts/TC0171: Test Cases/Broadcasts/TC0171

2019-04-26 16:15:44 - [TEST_STEP][PASSED] - callTestCase: Call Test Case 'Test Cases/s-sidebar_navigation/TeamAccount/Broadcasts' successfully

2019-04-26 16:15:45 - [TEST_CASE][PASSED] - Test Cases/s-sidebar_navigation/TeamAccount/Broadcasts: Test Cases/s-sidebar_navigation/TeamAccount/Broadcasts

2019-04-26 16:15:45 - [TEST_STEP][PASSED] - callTestCase: Call Test Case 'Test Cases/s-sidebar_navigation/individualAccount/broadcast' successfully

2019-04-26 16:15:45 - [TEST_CASE][PASSED] - Test Cases/s-sidebar_navigation/individualAccount/broadcast: Test Cases/s-sidebar_navigation/individualAccount/broadcast

2019-04-26 16:15:45 - [TEST_STEP][PASSED] - click: Object: 'Object Repository/Page_KiboPush  Dashboard/span_Polls' is clicked on

2019-04-26 16:15:45 - [MESSAGE][PASSED] - Object: 'Object Repository/Page_KiboPush  Dashboard/span_Polls' is clicked on

2019-04-26 16:15:45 - [TEST_STEP][PASSED] - delay: Delayed 1 second(s)

2019-04-26 16:15:46 - [MESSAGE][PASSED] - Delayed 1 second(s)

2019-04-26 16:15:46 - [TEST_STEP][PASSED] - click: Object: 'Object Repository/Page_KiboPush  Dashboard/span_Broadcasts' is clicked on

2019-04-26 16:15:46 - [MESSAGE][PASSED] - Object: 'Object Repository/Page_KiboPush  Dashboard/span_Broadcasts' is clicked on

2019-04-26 16:15:46 - [TEST_STEP][PASSED] - delay: Delayed 1 second(s)

2019-04-26 16:15:47 - [MESSAGE][PASSED] - Delayed 1 second(s)

2019-04-26 16:15:47 - [TEST_STEP][PASSED] - scrollToPosition: Browser is scrolled to position x = 0, y = 0

2019-04-26 16:15:47 - [MESSAGE][PASSED] - Browser is scrolled to position x = 0, y = 0

2019-04-26 16:15:47 - [TEST_STEP][PASSED] - click: Object: 'Object Repository/Page_KiboPush  Broadcast/h3_Manage Broadcasts' is clicked on

2019-04-26 16:15:47 - [MESSAGE][PASSED] - Object: 'Object Repository/Page_KiboPush  Broadcast/h3_Manage Broadcasts' is clicked on

2019-04-26 16:15:47 - [MESSAGE][PASSED] - Call Test Case 'Test Cases/s-sidebar_navigation/individualAccount/broadcast' successfully

2019-04-26 16:15:47 - [MESSAGE][PASSED] - Call Test Case 'Test Cases/s-sidebar_navigation/TeamAccount/Broadcasts' successfully

2019-04-26 16:15:47 - [TEST_STEP][PASSED] - click: Object: 'Object Repository/Page_KiboPush  Broadcast/span_Create New Broadcast' is clicked on

2019-04-26 16:15:48 - [MESSAGE][PASSED] - Object: 'Object Repository/Page_KiboPush  Broadcast/span_Create New Broadcast' is clicked on

2019-04-26 16:15:48 - [TEST_STEP][PASSED] - click: Object: 'Object Repository/Page_KiboPush  Broadcast/a_Create New Broadcast' is clicked on

2019-04-26 16:15:48 - [MESSAGE][PASSED] - Object: 'Object Repository/Page_KiboPush  Broadcast/a_Create New Broadcast' is clicked on

2019-04-26 16:15:48 - [TEST_STEP][PASSED] - delay: Delayed 1 second(s)

2019-04-26 16:15:49 - [MESSAGE][PASSED] - Delayed 1 second(s)

2019-04-26 16:15:49 - [TEST_STEP][PASSED] - click: Object: 'Object Repository/Page_KiboPush  Create Broadcast/div_File' is clicked on

2019-04-26 16:15:50 - [MESSAGE][PASSED] - Object: 'Object Repository/Page_KiboPush  Create Broadcast/div_File' is clicked on

2019-04-26 16:15:50 - [TEST_STEP][PASSED] - verifyElementPresent: Object 'Object Repository/Page_KiboPush  Create Broadcast/h4_File' is present

2019-04-26 16:15:50 - [MESSAGE][PASSED] - Object 'Object Repository/Page_KiboPush  Create Broadcast/h4_File' is present

2019-04-26 16:15:50 - [TEST_STEP][PASSED] - delay: Delayed 3 second(s)

2019-04-26 16:15:53 - [MESSAGE][PASSED] - Delayed 3 second(s)

2019-04-26 16:15:53 - [MESSAGE][PASSED] - Call Test Case 'Test Cases/Broadcasts/TC0171' successfully

2019-04-26 16:15:53 - [TEST_STEP][PASSED] - click: Object: 'Object Repository/Page_KiboPush  Create Broadcast/button_Next (9)' is clicked on

2019-04-26 16:15:53 - [MESSAGE][PASSED] - Object: 'Object Repository/Page_KiboPush  Create Broadcast/button_Next (9)' is clicked on

2019-04-26 16:15:53 - [TEST_STEP][PASSED] - delay: Delayed 3 second(s)

2019-04-26 16:15:56 - [MESSAGE][PASSED] - Delayed 3 second(s)

2019-04-26 16:15:56 - [TEST_STEP][PASSED] - click: Object: 'Object Repository/Page_KiboPush  Create Broadcast/div_Select a valid file' is clicked on

2019-04-26 16:15:56 - [MESSAGE][PASSED] - Object: 'Object Repository/Page_KiboPush  Create Broadcast/div_Select a valid file' is clicked on]]></system-out>
         <system-err><![CDATA[]]></system-err>
      </testcase>
      <testcase name="Test Cases/Broadcasts/TC0173" classname="Test Cases/Broadcasts/TC0173" status="PASSED">
         <system-out><![CDATA[2019-04-26 16:15:56 - [TEST_CASE][PASSED] - Test Cases/Broadcasts/TC0173: Test Cases/Broadcasts/TC0173

2019-04-26 16:15:56 - [TEST_STEP][PASSED] - callTestCase: Call Test Case 'Test Cases/Broadcasts/TC0171' successfully

2019-04-26 16:15:56 - [TEST_CASE][PASSED] - Test Cases/Broadcasts/TC0171: Test Cases/Broadcasts/TC0171

2019-04-26 16:15:56 - [TEST_STEP][PASSED] - callTestCase: Call Test Case 'Test Cases/s-sidebar_navigation/TeamAccount/Broadcasts' successfully

2019-04-26 16:15:56 - [TEST_CASE][PASSED] - Test Cases/s-sidebar_navigation/TeamAccount/Broadcasts: Test Cases/s-sidebar_navigation/TeamAccount/Broadcasts

2019-04-26 16:15:56 - [TEST_STEP][PASSED] - callTestCase: Call Test Case 'Test Cases/s-sidebar_navigation/individualAccount/broadcast' successfully

2019-04-26 16:15:56 - [TEST_CASE][PASSED] - Test Cases/s-sidebar_navigation/individualAccount/broadcast: Test Cases/s-sidebar_navigation/individualAccount/broadcast

2019-04-26 16:15:56 - [TEST_STEP][PASSED] - click: Object: 'Object Repository/Page_KiboPush  Dashboard/span_Polls' is clicked on

2019-04-26 16:15:56 - [MESSAGE][PASSED] - Object: 'Object Repository/Page_KiboPush  Dashboard/span_Polls' is clicked on

2019-04-26 16:15:56 - [TEST_STEP][PASSED] - delay: Delayed 1 second(s)

2019-04-26 16:15:57 - [MESSAGE][PASSED] - Delayed 1 second(s)

2019-04-26 16:15:57 - [TEST_STEP][PASSED] - click: Object: 'Object Repository/Page_KiboPush  Dashboard/span_Broadcasts' is clicked on

2019-04-26 16:15:58 - [MESSAGE][PASSED] - Object: 'Object Repository/Page_KiboPush  Dashboard/span_Broadcasts' is clicked on

2019-04-26 16:15:58 - [TEST_STEP][PASSED] - delay: Delayed 1 second(s)

2019-04-26 16:15:59 - [MESSAGE][PASSED] - Delayed 1 second(s)

2019-04-26 16:15:59 - [TEST_STEP][PASSED] - scrollToPosition: Browser is scrolled to position x = 0, y = 0

2019-04-26 16:15:59 - [MESSAGE][PASSED] - Browser is scrolled to position x = 0, y = 0

2019-04-26 16:15:59 - [TEST_STEP][PASSED] - click: Object: 'Object Repository/Page_KiboPush  Broadcast/h3_Manage Broadcasts' is clicked on

2019-04-26 16:15:59 - [MESSAGE][PASSED] - Object: 'Object Repository/Page_KiboPush  Broadcast/h3_Manage Broadcasts' is clicked on

2019-04-26 16:15:59 - [MESSAGE][PASSED] - Call Test Case 'Test Cases/s-sidebar_navigation/individualAccount/broadcast' successfully

2019-04-26 16:15:59 - [MESSAGE][PASSED] - Call Test Case 'Test Cases/s-sidebar_navigation/TeamAccount/Broadcasts' successfully

2019-04-26 16:15:59 - [TEST_STEP][PASSED] - click: Object: 'Object Repository/Page_KiboPush  Broadcast/span_Create New Broadcast' is clicked on

2019-04-26 16:15:59 - [MESSAGE][PASSED] - Object: 'Object Repository/Page_KiboPush  Broadcast/span_Create New Broadcast' is clicked on

2019-04-26 16:15:59 - [TEST_STEP][PASSED] - click: Object: 'Object Repository/Page_KiboPush  Broadcast/a_Create New Broadcast' is clicked on

2019-04-26 16:16:00 - [MESSAGE][PASSED] - Object: 'Object Repository/Page_KiboPush  Broadcast/a_Create New Broadcast' is clicked on

2019-04-26 16:16:00 - [TEST_STEP][PASSED] - delay: Delayed 1 second(s)

2019-04-26 16:16:01 - [MESSAGE][PASSED] - Delayed 1 second(s)

2019-04-26 16:16:01 - [TEST_STEP][PASSED] - click: Object: 'Object Repository/Page_KiboPush  Create Broadcast/div_File' is clicked on

2019-04-26 16:16:01 - [MESSAGE][PASSED] - Object: 'Object Repository/Page_KiboPush  Create Broadcast/div_File' is clicked on

2019-04-26 16:16:01 - [TEST_STEP][PASSED] - verifyElementPresent: Object 'Object Repository/Page_KiboPush  Create Broadcast/h4_File' is present

2019-04-26 16:16:01 - [MESSAGE][PASSED] - Object 'Object Repository/Page_KiboPush  Create Broadcast/h4_File' is present

2019-04-26 16:16:01 - [TEST_STEP][PASSED] - delay: Delayed 3 second(s)

2019-04-26 16:16:04 - [MESSAGE][PASSED] - Delayed 3 second(s)

2019-04-26 16:16:04 - [MESSAGE][PASSED] - Call Test Case 'Test Cases/Broadcasts/TC0171' successfully

2019-04-26 16:16:04 - [TEST_STEP][PASSED] - Statement - file = com.kms.katalon.core.configuration.RunConfiguration.getProjectDir() + "/sampleFile.csv": null

2019-04-26 16:16:04 - [TEST_STEP][PASSED] - uploadFile: File 'C:/Users/cloudkibo/Desktop/KiboPush_Automated_Testing/KiboPush Katalon/sampleFile.csv' sent to object: 'Object Repository/Page_KiboPush  Create Broadcast/input_file'

2019-04-26 16:16:04 - [MESSAGE][PASSED] - File 'C:/Users/cloudkibo/Desktop/KiboPush_Automated_Testing/KiboPush Katalon/sampleFile.csv' sent to object: 'Object Repository/Page_KiboPush  Create Broadcast/input_file']]></system-out>
         <system-err><![CDATA[]]></system-err>
      </testcase>
      <testcase name="Test Cases/Broadcasts/TC0175" classname="Test Cases/Broadcasts/TC0175" status="PASSED">
         <system-out><![CDATA[2019-04-26 16:16:04 - [TEST_CASE][PASSED] - Test Cases/Broadcasts/TC0175: Test Cases/Broadcasts/TC0175

2019-04-26 16:16:04 - [TEST_STEP][PASSED] - callTestCase: Call Test Case 'Test Cases/s-sidebar_navigation/TeamAccount/Broadcasts' successfully

2019-04-26 16:16:04 - [TEST_CASE][PASSED] - Test Cases/s-sidebar_navigation/TeamAccount/Broadcasts: Test Cases/s-sidebar_navigation/TeamAccount/Broadcasts

2019-04-26 16:16:04 - [TEST_STEP][PASSED] - callTestCase: Call Test Case 'Test Cases/s-sidebar_navigation/individualAccount/broadcast' successfully

2019-04-26 16:16:04 - [TEST_CASE][PASSED] - Test Cases/s-sidebar_navigation/individualAccount/broadcast: Test Cases/s-sidebar_navigation/individualAccount/broadcast

2019-04-26 16:16:04 - [TEST_STEP][PASSED] - click: Object: 'Object Repository/Page_KiboPush  Dashboard/span_Polls' is clicked on

2019-04-26 16:16:04 - [MESSAGE][PASSED] - Object: 'Object Repository/Page_KiboPush  Dashboard/span_Polls' is clicked on

2019-04-26 16:16:04 - [TEST_STEP][PASSED] - delay: Delayed 1 second(s)

2019-04-26 16:16:05 - [MESSAGE][PASSED] - Delayed 1 second(s)

2019-04-26 16:16:05 - [TEST_STEP][PASSED] - click: Object: 'Object Repository/Page_KiboPush  Dashboard/span_Broadcasts' is clicked on

2019-04-26 16:16:06 - [MESSAGE][PASSED] - Object: 'Object Repository/Page_KiboPush  Dashboard/span_Broadcasts' is clicked on

2019-04-26 16:16:06 - [TEST_STEP][PASSED] - delay: Delayed 1 second(s)

2019-04-26 16:16:07 - [MESSAGE][PASSED] - Delayed 1 second(s)

2019-04-26 16:16:07 - [TEST_STEP][PASSED] - scrollToPosition: Browser is scrolled to position x = 0, y = 0

2019-04-26 16:16:07 - [MESSAGE][PASSED] - Browser is scrolled to position x = 0, y = 0

2019-04-26 16:16:07 - [TEST_STEP][PASSED] - click: Object: 'Object Repository/Page_KiboPush  Broadcast/h3_Manage Broadcasts' is clicked on

2019-04-26 16:16:07 - [MESSAGE][PASSED] - Object: 'Object Repository/Page_KiboPush  Broadcast/h3_Manage Broadcasts' is clicked on

2019-04-26 16:16:07 - [MESSAGE][PASSED] - Call Test Case 'Test Cases/s-sidebar_navigation/individualAccount/broadcast' successfully

2019-04-26 16:16:07 - [MESSAGE][PASSED] - Call Test Case 'Test Cases/s-sidebar_navigation/TeamAccount/Broadcasts' successfully

2019-04-26 16:16:07 - [TEST_STEP][PASSED] - click: Object: 'Object Repository/Page_KiboPush  Broadcast/span_Create New Broadcast' is clicked on

2019-04-26 16:16:07 - [MESSAGE][PASSED] - Object: 'Object Repository/Page_KiboPush  Broadcast/span_Create New Broadcast' is clicked on

2019-04-26 16:16:07 - [TEST_STEP][PASSED] - click: Object: 'Object Repository/Page_KiboPush  Broadcast/a_Create New Broadcast' is clicked on

2019-04-26 16:16:07 - [MESSAGE][PASSED] - Object: 'Object Repository/Page_KiboPush  Broadcast/a_Create New Broadcast' is clicked on

2019-04-26 16:16:07 - [TEST_STEP][PASSED] - delay: Delayed 1 second(s)

2019-04-26 16:16:08 - [MESSAGE][PASSED] - Delayed 1 second(s)

2019-04-26 16:16:08 - [TEST_STEP][PASSED] - click: Object: 'Object Repository/Page_KiboPush  Create Broadcast/div_Media' is clicked on

2019-04-26 16:16:09 - [MESSAGE][PASSED] - Object: 'Object Repository/Page_KiboPush  Create Broadcast/div_Media' is clicked on

2019-04-26 16:16:09 - [TEST_STEP][PASSED] - verifyElementPresent: Object 'Object Repository/Page_KiboPush  Create Broadcast/div_Media_1' is present

2019-04-26 16:16:09 - [MESSAGE][PASSED] - Object 'Object Repository/Page_KiboPush  Create Broadcast/div_Media_1' is present

2019-04-26 16:16:09 - [TEST_STEP][PASSED] - delay: Delayed 3 second(s)

2019-04-26 16:16:12 - [MESSAGE][PASSED] - Delayed 3 second(s)]]></system-out>
         <system-err><![CDATA[]]></system-err>
      </testcase>
      <testcase name="Test Cases/Broadcasts/TC0176" classname="Test Cases/Broadcasts/TC0176" status="PASSED">
         <system-out><![CDATA[2019-04-26 16:16:12 - [TEST_CASE][PASSED] - Test Cases/Broadcasts/TC0176: Test Cases/Broadcasts/TC0176

2019-04-26 16:16:12 - [TEST_STEP][PASSED] - callTestCase: Call Test Case 'Test Cases/Broadcasts/TC0175' successfully

2019-04-26 16:16:12 - [TEST_CASE][PASSED] - Test Cases/Broadcasts/TC0175: Test Cases/Broadcasts/TC0175

2019-04-26 16:16:12 - [TEST_STEP][PASSED] - callTestCase: Call Test Case 'Test Cases/s-sidebar_navigation/TeamAccount/Broadcasts' successfully

2019-04-26 16:16:12 - [TEST_CASE][PASSED] - Test Cases/s-sidebar_navigation/TeamAccount/Broadcasts: Test Cases/s-sidebar_navigation/TeamAccount/Broadcasts

2019-04-26 16:16:12 - [TEST_STEP][PASSED] - callTestCase: Call Test Case 'Test Cases/s-sidebar_navigation/individualAccount/broadcast' successfully

2019-04-26 16:16:12 - [TEST_CASE][PASSED] - Test Cases/s-sidebar_navigation/individualAccount/broadcast: Test Cases/s-sidebar_navigation/individualAccount/broadcast

2019-04-26 16:16:12 - [TEST_STEP][PASSED] - click: Object: 'Object Repository/Page_KiboPush  Dashboard/span_Polls' is clicked on

2019-04-26 16:16:12 - [MESSAGE][PASSED] - Object: 'Object Repository/Page_KiboPush  Dashboard/span_Polls' is clicked on

2019-04-26 16:16:12 - [TEST_STEP][PASSED] - delay: Delayed 1 second(s)

2019-04-26 16:16:13 - [MESSAGE][PASSED] - Delayed 1 second(s)

2019-04-26 16:16:13 - [TEST_STEP][PASSED] - click: Object: 'Object Repository/Page_KiboPush  Dashboard/span_Broadcasts' is clicked on

2019-04-26 16:16:14 - [MESSAGE][PASSED] - Object: 'Object Repository/Page_KiboPush  Dashboard/span_Broadcasts' is clicked on

2019-04-26 16:16:14 - [TEST_STEP][PASSED] - delay: Delayed 1 second(s)

2019-04-26 16:16:15 - [MESSAGE][PASSED] - Delayed 1 second(s)

2019-04-26 16:16:15 - [TEST_STEP][PASSED] - scrollToPosition: Browser is scrolled to position x = 0, y = 0

2019-04-26 16:16:15 - [MESSAGE][PASSED] - Browser is scrolled to position x = 0, y = 0

2019-04-26 16:16:15 - [TEST_STEP][PASSED] - click: Object: 'Object Repository/Page_KiboPush  Broadcast/h3_Manage Broadcasts' is clicked on

2019-04-26 16:16:15 - [MESSAGE][PASSED] - Object: 'Object Repository/Page_KiboPush  Broadcast/h3_Manage Broadcasts' is clicked on

2019-04-26 16:16:15 - [MESSAGE][PASSED] - Call Test Case 'Test Cases/s-sidebar_navigation/individualAccount/broadcast' successfully

2019-04-26 16:16:15 - [MESSAGE][PASSED] - Call Test Case 'Test Cases/s-sidebar_navigation/TeamAccount/Broadcasts' successfully

2019-04-26 16:16:15 - [TEST_STEP][PASSED] - click: Object: 'Object Repository/Page_KiboPush  Broadcast/span_Create New Broadcast' is clicked on

2019-04-26 16:16:15 - [MESSAGE][PASSED] - Object: 'Object Repository/Page_KiboPush  Broadcast/span_Create New Broadcast' is clicked on

2019-04-26 16:16:15 - [TEST_STEP][PASSED] - click: Object: 'Object Repository/Page_KiboPush  Broadcast/a_Create New Broadcast' is clicked on

2019-04-26 16:16:16 - [MESSAGE][PASSED] - Object: 'Object Repository/Page_KiboPush  Broadcast/a_Create New Broadcast' is clicked on

2019-04-26 16:16:16 - [TEST_STEP][PASSED] - delay: Delayed 1 second(s)

2019-04-26 16:16:17 - [MESSAGE][PASSED] - Delayed 1 second(s)

2019-04-26 16:16:17 - [TEST_STEP][PASSED] - click: Object: 'Object Repository/Page_KiboPush  Create Broadcast/div_Media' is clicked on

2019-04-26 16:16:17 - [MESSAGE][PASSED] - Object: 'Object Repository/Page_KiboPush  Create Broadcast/div_Media' is clicked on

2019-04-26 16:16:17 - [TEST_STEP][PASSED] - verifyElementPresent: Object 'Object Repository/Page_KiboPush  Create Broadcast/div_Media_1' is present

2019-04-26 16:16:17 - [MESSAGE][PASSED] - Object 'Object Repository/Page_KiboPush  Create Broadcast/div_Media_1' is present

2019-04-26 16:16:17 - [TEST_STEP][PASSED] - delay: Delayed 3 second(s)

2019-04-26 16:16:20 - [MESSAGE][PASSED] - Delayed 3 second(s)

2019-04-26 16:16:20 - [MESSAGE][PASSED] - Call Test Case 'Test Cases/Broadcasts/TC0175' successfully

2019-04-26 16:16:20 - [TEST_STEP][PASSED] - scrollToPosition: Browser is scrolled to position x = 0, y = 0

2019-04-26 16:16:20 - [MESSAGE][PASSED] - Browser is scrolled to position x = 0, y = 0

2019-04-26 16:16:20 - [TEST_STEP][PASSED] - click: Object: 'Object Repository/Page_KiboPush  Create Broadcast/button_Next (11) (1)' is clicked on

2019-04-26 16:16:20 - [MESSAGE][PASSED] - Object: 'Object Repository/Page_KiboPush  Create Broadcast/button_Next (11) (1)' is clicked on

2019-04-26 16:16:20 - [TEST_STEP][PASSED] - delay: Delayed 3 second(s)

2019-04-26 16:16:23 - [MESSAGE][PASSED] - Delayed 3 second(s)

2019-04-26 16:16:23 - [TEST_STEP][PASSED] - click: Object: 'Object Repository/Page_KiboPush  Create Broadcast/div_Select an image or video' is clicked on

2019-04-26 16:16:23 - [MESSAGE][PASSED] - Object: 'Object Repository/Page_KiboPush  Create Broadcast/div_Select an image or video' is clicked on]]></system-out>
         <system-err><![CDATA[]]></system-err>
      </testcase>
      <testcase name="Test Cases/Broadcasts/TC0177" classname="Test Cases/Broadcasts/TC0177" status="PASSED">
         <system-out><![CDATA[2019-04-26 16:16:23 - [TEST_CASE][PASSED] - Test Cases/Broadcasts/TC0177: Test Cases/Broadcasts/TC0177

2019-04-26 16:16:23 - [TEST_STEP][PASSED] - callTestCase: Call Test Case 'Test Cases/Broadcasts/TC0175' successfully

2019-04-26 16:16:23 - [TEST_CASE][PASSED] - Test Cases/Broadcasts/TC0175: Test Cases/Broadcasts/TC0175

2019-04-26 16:16:23 - [TEST_STEP][PASSED] - callTestCase: Call Test Case 'Test Cases/s-sidebar_navigation/TeamAccount/Broadcasts' successfully

2019-04-26 16:16:24 - [TEST_CASE][PASSED] - Test Cases/s-sidebar_navigation/TeamAccount/Broadcasts: Test Cases/s-sidebar_navigation/TeamAccount/Broadcasts

2019-04-26 16:16:24 - [TEST_STEP][PASSED] - callTestCase: Call Test Case 'Test Cases/s-sidebar_navigation/individualAccount/broadcast' successfully

2019-04-26 16:16:24 - [TEST_CASE][PASSED] - Test Cases/s-sidebar_navigation/individualAccount/broadcast: Test Cases/s-sidebar_navigation/individualAccount/broadcast

2019-04-26 16:16:24 - [TEST_STEP][PASSED] - click: Object: 'Object Repository/Page_KiboPush  Dashboard/span_Polls' is clicked on

2019-04-26 16:16:24 - [MESSAGE][PASSED] - Object: 'Object Repository/Page_KiboPush  Dashboard/span_Polls' is clicked on

2019-04-26 16:16:24 - [TEST_STEP][PASSED] - delay: Delayed 1 second(s)

2019-04-26 16:16:25 - [MESSAGE][PASSED] - Delayed 1 second(s)

2019-04-26 16:16:25 - [TEST_STEP][PASSED] - click: Object: 'Object Repository/Page_KiboPush  Dashboard/span_Broadcasts' is clicked on

2019-04-26 16:16:25 - [MESSAGE][PASSED] - Object: 'Object Repository/Page_KiboPush  Dashboard/span_Broadcasts' is clicked on

2019-04-26 16:16:25 - [TEST_STEP][PASSED] - delay: Delayed 1 second(s)

2019-04-26 16:16:26 - [MESSAGE][PASSED] - Delayed 1 second(s)

2019-04-26 16:16:26 - [TEST_STEP][PASSED] - scrollToPosition: Browser is scrolled to position x = 0, y = 0

2019-04-26 16:16:26 - [MESSAGE][PASSED] - Browser is scrolled to position x = 0, y = 0

2019-04-26 16:16:26 - [TEST_STEP][PASSED] - click: Object: 'Object Repository/Page_KiboPush  Broadcast/h3_Manage Broadcasts' is clicked on

2019-04-26 16:16:26 - [MESSAGE][PASSED] - Object: 'Object Repository/Page_KiboPush  Broadcast/h3_Manage Broadcasts' is clicked on

2019-04-26 16:16:26 - [MESSAGE][PASSED] - Call Test Case 'Test Cases/s-sidebar_navigation/individualAccount/broadcast' successfully

2019-04-26 16:16:26 - [MESSAGE][PASSED] - Call Test Case 'Test Cases/s-sidebar_navigation/TeamAccount/Broadcasts' successfully

2019-04-26 16:16:26 - [TEST_STEP][PASSED] - click: Object: 'Object Repository/Page_KiboPush  Broadcast/span_Create New Broadcast' is clicked on

2019-04-26 16:16:26 - [MESSAGE][PASSED] - Object: 'Object Repository/Page_KiboPush  Broadcast/span_Create New Broadcast' is clicked on

2019-04-26 16:16:26 - [TEST_STEP][PASSED] - click: Object: 'Object Repository/Page_KiboPush  Broadcast/a_Create New Broadcast' is clicked on

2019-04-26 16:16:27 - [MESSAGE][PASSED] - Object: 'Object Repository/Page_KiboPush  Broadcast/a_Create New Broadcast' is clicked on

2019-04-26 16:16:27 - [TEST_STEP][PASSED] - delay: Delayed 1 second(s)

2019-04-26 16:16:28 - [MESSAGE][PASSED] - Delayed 1 second(s)

2019-04-26 16:16:28 - [TEST_STEP][PASSED] - click: Object: 'Object Repository/Page_KiboPush  Create Broadcast/div_Media' is clicked on

2019-04-26 16:16:28 - [MESSAGE][PASSED] - Object: 'Object Repository/Page_KiboPush  Create Broadcast/div_Media' is clicked on

2019-04-26 16:16:28 - [TEST_STEP][PASSED] - verifyElementPresent: Object 'Object Repository/Page_KiboPush  Create Broadcast/div_Media_1' is present

2019-04-26 16:16:28 - [MESSAGE][PASSED] - Object 'Object Repository/Page_KiboPush  Create Broadcast/div_Media_1' is present

2019-04-26 16:16:28 - [TEST_STEP][PASSED] - delay: Delayed 3 second(s)

2019-04-26 16:16:31 - [MESSAGE][PASSED] - Delayed 3 second(s)

2019-04-26 16:16:31 - [MESSAGE][PASSED] - Call Test Case 'Test Cases/Broadcasts/TC0175' successfully

2019-04-26 16:16:31 - [TEST_STEP][PASSED] - click: Object: 'Object Repository/Page_KiboPush  Create Broadcast/div_ Add Button' is clicked on

2019-04-26 16:16:32 - [MESSAGE][PASSED] - Object: 'Object Repository/Page_KiboPush  Create Broadcast/div_ Add Button' is clicked on

2019-04-26 16:16:32 - [TEST_STEP][PASSED] - setText: Text 'KiboPush' is set on object 'Object Repository/Page_KiboPush  Create Broadcast/input_form-control'

2019-04-26 16:16:32 - [MESSAGE][PASSED] - Text 'KiboPush' is set on object 'Object Repository/Page_KiboPush  Create Broadcast/input_form-control'

2019-04-26 16:16:32 - [TEST_STEP][PASSED] - click: Object: 'Object Repository/Page_KiboPush  Create Broadcast/div_Open a website' is clicked on

2019-04-26 16:16:32 - [MESSAGE][PASSED] - Object: 'Object Repository/Page_KiboPush  Create Broadcast/div_Open a website' is clicked on

2019-04-26 16:16:32 - [TEST_STEP][PASSED] - setText: Text 'kibopush.com' is set on object 'Object Repository/Page_KiboPush  Create Broadcast/input_form-control_1'

2019-04-26 16:16:32 - [MESSAGE][PASSED] - Text 'kibopush.com' is set on object 'Object Repository/Page_KiboPush  Create Broadcast/input_form-control_1'

2019-04-26 16:16:32 - [TEST_STEP][PASSED] - click: Object: 'Object Repository/Page_KiboPush  Create Broadcast/button_Done' is clicked on

2019-04-26 16:16:32 - [MESSAGE][PASSED] - Object: 'Object Repository/Page_KiboPush  Create Broadcast/button_Done' is clicked on]]></system-out>
         <system-err><![CDATA[]]></system-err>
      </testcase>
      <testcase name="Test Cases/Broadcasts/TC0178" classname="Test Cases/Broadcasts/TC0178" status="PASSED">
         <system-out><![CDATA[2019-04-26 16:16:32 - [TEST_CASE][PASSED] - Test Cases/Broadcasts/TC0178: Test Cases/Broadcasts/TC0178

2019-04-26 16:16:32 - [TEST_STEP][PASSED] - callTestCase: Call Test Case 'Test Cases/Broadcasts/TC0175' successfully

2019-04-26 16:16:33 - [TEST_CASE][PASSED] - Test Cases/Broadcasts/TC0175: Test Cases/Broadcasts/TC0175

2019-04-26 16:16:33 - [TEST_STEP][PASSED] - callTestCase: Call Test Case 'Test Cases/s-sidebar_navigation/TeamAccount/Broadcasts' successfully

2019-04-26 16:16:33 - [TEST_CASE][PASSED] - Test Cases/s-sidebar_navigation/TeamAccount/Broadcasts: Test Cases/s-sidebar_navigation/TeamAccount/Broadcasts

2019-04-26 16:16:33 - [TEST_STEP][PASSED] - callTestCase: Call Test Case 'Test Cases/s-sidebar_navigation/individualAccount/broadcast' successfully

2019-04-26 16:16:33 - [TEST_CASE][PASSED] - Test Cases/s-sidebar_navigation/individualAccount/broadcast: Test Cases/s-sidebar_navigation/individualAccount/broadcast

2019-04-26 16:16:33 - [TEST_STEP][PASSED] - click: Object: 'Object Repository/Page_KiboPush  Dashboard/span_Polls' is clicked on

2019-04-26 16:16:33 - [MESSAGE][PASSED] - Object: 'Object Repository/Page_KiboPush  Dashboard/span_Polls' is clicked on

2019-04-26 16:16:33 - [TEST_STEP][PASSED] - delay: Delayed 1 second(s)

2019-04-26 16:16:34 - [MESSAGE][PASSED] - Delayed 1 second(s)

2019-04-26 16:16:34 - [TEST_STEP][PASSED] - click: Object: 'Object Repository/Page_KiboPush  Dashboard/span_Broadcasts' is clicked on

2019-04-26 16:16:34 - [MESSAGE][PASSED] - Object: 'Object Repository/Page_KiboPush  Dashboard/span_Broadcasts' is clicked on

2019-04-26 16:16:34 - [TEST_STEP][PASSED] - delay: Delayed 1 second(s)

2019-04-26 16:16:35 - [MESSAGE][PASSED] - Delayed 1 second(s)

2019-04-26 16:16:35 - [TEST_STEP][PASSED] - scrollToPosition: Browser is scrolled to position x = 0, y = 0

2019-04-26 16:16:35 - [MESSAGE][PASSED] - Browser is scrolled to position x = 0, y = 0

2019-04-26 16:16:35 - [TEST_STEP][PASSED] - click: Object: 'Object Repository/Page_KiboPush  Broadcast/h3_Manage Broadcasts' is clicked on

2019-04-26 16:16:35 - [MESSAGE][PASSED] - Object: 'Object Repository/Page_KiboPush  Broadcast/h3_Manage Broadcasts' is clicked on

2019-04-26 16:16:35 - [MESSAGE][PASSED] - Call Test Case 'Test Cases/s-sidebar_navigation/individualAccount/broadcast' successfully

2019-04-26 16:16:35 - [MESSAGE][PASSED] - Call Test Case 'Test Cases/s-sidebar_navigation/TeamAccount/Broadcasts' successfully

2019-04-26 16:16:35 - [TEST_STEP][PASSED] - click: Object: 'Object Repository/Page_KiboPush  Broadcast/span_Create New Broadcast' is clicked on

2019-04-26 16:16:36 - [MESSAGE][PASSED] - Object: 'Object Repository/Page_KiboPush  Broadcast/span_Create New Broadcast' is clicked on

2019-04-26 16:16:36 - [TEST_STEP][PASSED] - click: Object: 'Object Repository/Page_KiboPush  Broadcast/a_Create New Broadcast' is clicked on

2019-04-26 16:16:36 - [MESSAGE][PASSED] - Object: 'Object Repository/Page_KiboPush  Broadcast/a_Create New Broadcast' is clicked on

2019-04-26 16:16:36 - [TEST_STEP][PASSED] - delay: Delayed 1 second(s)

2019-04-26 16:16:37 - [MESSAGE][PASSED] - Delayed 1 second(s)

2019-04-26 16:16:37 - [TEST_STEP][PASSED] - click: Object: 'Object Repository/Page_KiboPush  Create Broadcast/div_Media' is clicked on

2019-04-26 16:16:37 - [MESSAGE][PASSED] - Object: 'Object Repository/Page_KiboPush  Create Broadcast/div_Media' is clicked on

2019-04-26 16:16:37 - [TEST_STEP][PASSED] - verifyElementPresent: Object 'Object Repository/Page_KiboPush  Create Broadcast/div_Media_1' is present

2019-04-26 16:16:37 - [MESSAGE][PASSED] - Object 'Object Repository/Page_KiboPush  Create Broadcast/div_Media_1' is present

2019-04-26 16:16:37 - [TEST_STEP][PASSED] - delay: Delayed 3 second(s)

2019-04-26 16:16:40 - [MESSAGE][PASSED] - Delayed 3 second(s)

2019-04-26 16:16:40 - [MESSAGE][PASSED] - Call Test Case 'Test Cases/Broadcasts/TC0175' successfully

2019-04-26 16:16:40 - [TEST_STEP][PASSED] - Statement - img = com.kms.katalon.core.configuration.RunConfiguration.getProjectDir() + "/sample.jpg": null

2019-04-26 16:16:40 - [TEST_STEP][PASSED] - uploadFile: File 'C:/Users/cloudkibo/Desktop/KiboPush_Automated_Testing/KiboPush Katalon/sample.jpg' sent to object: 'Object Repository/Page_KiboPush  Create Broadcast/input_file'

2019-04-26 16:16:41 - [MESSAGE][PASSED] - File 'C:/Users/cloudkibo/Desktop/KiboPush_Automated_Testing/KiboPush Katalon/sample.jpg' sent to object: 'Object Repository/Page_KiboPush  Create Broadcast/input_file']]></system-out>
         <system-err><![CDATA[]]></system-err>
      </testcase>
      <testcase name="Test Cases/Broadcasts/TC0182" classname="Test Cases/Broadcasts/TC0182" status="PASSED">
         <system-out><![CDATA[2019-04-26 16:16:41 - [TEST_CASE][PASSED] - Test Cases/Broadcasts/TC0182: Test Cases/Broadcasts/TC0182

2019-04-26 16:16:41 - [TEST_STEP][PASSED] - callTestCase: Call Test Case 'Test Cases/Broadcasts/TC0131' successfully

2019-04-26 16:16:41 - [TEST_CASE][PASSED] - Test Cases/Broadcasts/TC0131: Test Cases/Broadcasts/TC0131

2019-04-26 16:16:41 - [TEST_STEP][PASSED] - callTestCase: Call Test Case 'Test Cases/s-sidebar_navigation/TeamAccount/Broadcasts' successfully

2019-04-26 16:16:41 - [TEST_CASE][PASSED] - Test Cases/s-sidebar_navigation/TeamAccount/Broadcasts: Test Cases/s-sidebar_navigation/TeamAccount/Broadcasts

2019-04-26 16:16:41 - [TEST_STEP][PASSED] - callTestCase: Call Test Case 'Test Cases/s-sidebar_navigation/individualAccount/broadcast' successfully

2019-04-26 16:16:41 - [TEST_CASE][PASSED] - Test Cases/s-sidebar_navigation/individualAccount/broadcast: Test Cases/s-sidebar_navigation/individualAccount/broadcast

2019-04-26 16:16:41 - [TEST_STEP][PASSED] - click: Object: 'Object Repository/Page_KiboPush  Dashboard/span_Polls' is clicked on

2019-04-26 16:16:41 - [MESSAGE][PASSED] - Object: 'Object Repository/Page_KiboPush  Dashboard/span_Polls' is clicked on

2019-04-26 16:16:41 - [TEST_STEP][PASSED] - delay: Delayed 1 second(s)

2019-04-26 16:16:42 - [MESSAGE][PASSED] - Delayed 1 second(s)

2019-04-26 16:16:42 - [TEST_STEP][PASSED] - click: Object: 'Object Repository/Page_KiboPush  Dashboard/span_Broadcasts' is clicked on

2019-04-26 16:16:42 - [MESSAGE][PASSED] - Object: 'Object Repository/Page_KiboPush  Dashboard/span_Broadcasts' is clicked on

2019-04-26 16:16:42 - [TEST_STEP][PASSED] - delay: Delayed 1 second(s)

2019-04-26 16:16:43 - [MESSAGE][PASSED] - Delayed 1 second(s)

2019-04-26 16:16:43 - [TEST_STEP][PASSED] - scrollToPosition: Browser is scrolled to position x = 0, y = 0

2019-04-26 16:16:43 - [MESSAGE][PASSED] - Browser is scrolled to position x = 0, y = 0

2019-04-26 16:16:43 - [TEST_STEP][PASSED] - click: Object: 'Object Repository/Page_KiboPush  Broadcast/h3_Manage Broadcasts' is clicked on

2019-04-26 16:16:43 - [MESSAGE][PASSED] - Object: 'Object Repository/Page_KiboPush  Broadcast/h3_Manage Broadcasts' is clicked on

2019-04-26 16:16:43 - [MESSAGE][PASSED] - Call Test Case 'Test Cases/s-sidebar_navigation/individualAccount/broadcast' successfully

2019-04-26 16:16:43 - [MESSAGE][PASSED] - Call Test Case 'Test Cases/s-sidebar_navigation/TeamAccount/Broadcasts' successfully

2019-04-26 16:16:43 - [TEST_STEP][PASSED] - click: Object: 'Object Repository/Page_KiboPush  Broadcast/span_Create New Broadcast' is clicked on

2019-04-26 16:16:44 - [MESSAGE][PASSED] - Object: 'Object Repository/Page_KiboPush  Broadcast/span_Create New Broadcast' is clicked on

2019-04-26 16:16:44 - [TEST_STEP][PASSED] - click: Object: 'Object Repository/Page_KiboPush  Broadcast/a_Create New Broadcast' is clicked on

2019-04-26 16:16:44 - [MESSAGE][PASSED] - Object: 'Object Repository/Page_KiboPush  Broadcast/a_Create New Broadcast' is clicked on

2019-04-26 16:16:44 - [TEST_STEP][PASSED] - delay: Delayed 1 second(s)

2019-04-26 16:16:45 - [MESSAGE][PASSED] - Delayed 1 second(s)

2019-04-26 16:16:45 - [TEST_STEP][PASSED] - click: Object: 'Object Repository/Page_KiboPush  Create Broadcast/div_Text_1' is clicked on

2019-04-26 16:16:45 - [MESSAGE][PASSED] - Object: 'Object Repository/Page_KiboPush  Create Broadcast/div_Text_1' is clicked on

2019-04-26 16:16:45 - [MESSAGE][PASSED] - Call Test Case 'Test Cases/Broadcasts/TC0131' successfully

2019-04-26 16:16:45 - [TEST_STEP][PASSED] - delay: Delayed 1 second(s)

2019-04-26 16:16:46 - [MESSAGE][PASSED] - Delayed 1 second(s)

2019-04-26 16:16:46 - [TEST_STEP][PASSED] - click: Object: 'Object Repository/Page_KiboPush  Create Broadcast/i_fa fa-times fa-stack-2x' is clicked on

2019-04-26 16:16:46 - [MESSAGE][PASSED] - Object: 'Object Repository/Page_KiboPush  Create Broadcast/i_fa fa-times fa-stack-2x' is clicked on

2019-04-26 16:16:46 - [TEST_STEP][PASSED] - verifyElementNotPresent: Web element with id: 'Object Repository/Page_KiboPush  Create Broadcast/text_component' located by 'By.xpath: //*[@id="List1"]/div/div/div[2]/textarea' is not present after '5' second(s)

2019-04-26 16:16:47 - [MESSAGE][PASSED] - Web element with id: 'Object Repository/Page_KiboPush  Create Broadcast/text_component' located by 'By.xpath: //*[@id="List1"]/div/div/div[2]/textarea' is not present after '5' second(s)]]></system-out>
         <system-err><![CDATA[]]></system-err>
      </testcase>
      <testcase name="Test Cases/Broadcasts/TC0183" classname="Test Cases/Broadcasts/TC0183" status="PASSED">
         <system-out><![CDATA[2019-04-26 16:16:47 - [TEST_CASE][PASSED] - Test Cases/Broadcasts/TC0183: Test Cases/Broadcasts/TC0183

2019-04-26 16:16:47 - [TEST_STEP][PASSED] - callTestCase: Call Test Case 'Test Cases/Broadcasts/TC0137' successfully

2019-04-26 16:16:47 - [TEST_CASE][PASSED] - Test Cases/Broadcasts/TC0137: Test Cases/Broadcasts/TC0137

2019-04-26 16:16:47 - [TEST_STEP][PASSED] - callTestCase: Call Test Case 'Test Cases/s-sidebar_navigation/TeamAccount/Broadcasts' successfully

2019-04-26 16:16:47 - [TEST_CASE][PASSED] - Test Cases/s-sidebar_navigation/TeamAccount/Broadcasts: Test Cases/s-sidebar_navigation/TeamAccount/Broadcasts

2019-04-26 16:16:47 - [TEST_STEP][PASSED] - callTestCase: Call Test Case 'Test Cases/s-sidebar_navigation/individualAccount/broadcast' successfully

2019-04-26 16:16:47 - [TEST_CASE][PASSED] - Test Cases/s-sidebar_navigation/individualAccount/broadcast: Test Cases/s-sidebar_navigation/individualAccount/broadcast

2019-04-26 16:16:47 - [TEST_STEP][PASSED] - click: Object: 'Object Repository/Page_KiboPush  Dashboard/span_Polls' is clicked on

2019-04-26 16:16:47 - [MESSAGE][PASSED] - Object: 'Object Repository/Page_KiboPush  Dashboard/span_Polls' is clicked on

2019-04-26 16:16:47 - [TEST_STEP][PASSED] - delay: Delayed 1 second(s)

2019-04-26 16:16:48 - [MESSAGE][PASSED] - Delayed 1 second(s)

2019-04-26 16:16:48 - [TEST_STEP][PASSED] - click: Object: 'Object Repository/Page_KiboPush  Dashboard/span_Broadcasts' is clicked on

2019-04-26 16:16:48 - [MESSAGE][PASSED] - Object: 'Object Repository/Page_KiboPush  Dashboard/span_Broadcasts' is clicked on

2019-04-26 16:16:48 - [TEST_STEP][PASSED] - delay: Delayed 1 second(s)

2019-04-26 16:16:49 - [MESSAGE][PASSED] - Delayed 1 second(s)

2019-04-26 16:16:49 - [TEST_STEP][PASSED] - scrollToPosition: Browser is scrolled to position x = 0, y = 0

2019-04-26 16:16:49 - [MESSAGE][PASSED] - Browser is scrolled to position x = 0, y = 0

2019-04-26 16:16:49 - [TEST_STEP][PASSED] - click: Object: 'Object Repository/Page_KiboPush  Broadcast/h3_Manage Broadcasts' is clicked on

2019-04-26 16:16:50 - [MESSAGE][PASSED] - Object: 'Object Repository/Page_KiboPush  Broadcast/h3_Manage Broadcasts' is clicked on

2019-04-26 16:16:50 - [MESSAGE][PASSED] - Call Test Case 'Test Cases/s-sidebar_navigation/individualAccount/broadcast' successfully

2019-04-26 16:16:50 - [MESSAGE][PASSED] - Call Test Case 'Test Cases/s-sidebar_navigation/TeamAccount/Broadcasts' successfully

2019-04-26 16:16:50 - [TEST_STEP][PASSED] - click: Object: 'Object Repository/Page_KiboPush  Broadcast/span_Create New Broadcast' is clicked on

2019-04-26 16:16:50 - [MESSAGE][PASSED] - Object: 'Object Repository/Page_KiboPush  Broadcast/span_Create New Broadcast' is clicked on

2019-04-26 16:16:50 - [TEST_STEP][PASSED] - click: Object: 'Object Repository/Page_KiboPush  Broadcast/a_Create New Broadcast' is clicked on

2019-04-26 16:16:50 - [MESSAGE][PASSED] - Object: 'Object Repository/Page_KiboPush  Broadcast/a_Create New Broadcast' is clicked on

2019-04-26 16:16:50 - [TEST_STEP][PASSED] - delay: Delayed 1 second(s)

2019-04-26 16:16:51 - [MESSAGE][PASSED] - Delayed 1 second(s)

2019-04-26 16:16:51 - [TEST_STEP][PASSED] - click: Object: 'Object Repository/Page_KiboPush  Create Broadcast/div_Image (2)' is clicked on

2019-04-26 16:16:51 - [MESSAGE][PASSED] - Object: 'Object Repository/Page_KiboPush  Create Broadcast/div_Image (2)' is clicked on

2019-04-26 16:16:51 - [TEST_STEP][PASSED] - delay: Delayed 1 second(s)

2019-04-26 16:16:52 - [MESSAGE][PASSED] - Delayed 1 second(s)

2019-04-26 16:16:52 - [MESSAGE][PASSED] - Call Test Case 'Test Cases/Broadcasts/TC0137' successfully

2019-04-26 16:16:52 - [TEST_STEP][PASSED] - click: Object: 'Object Repository/Page_KiboPush  Create Broadcast/i_fa fa-times fa-stack-2x' is clicked on

2019-04-26 16:16:53 - [MESSAGE][PASSED] - Object: 'Object Repository/Page_KiboPush  Create Broadcast/i_fa fa-times fa-stack-2x' is clicked on

2019-04-26 16:16:53 - [TEST_STEP][PASSED] - verifyElementNotPresent: Web element with id: 'Object Repository/Page_KiboPush  Create Broadcast/div_Image_1' located by 'By.xpath: //div[(text() = ' Image ' or . = ' Image ')]' is not present after '5' second(s)

2019-04-26 16:16:53 - [MESSAGE][PASSED] - Web element with id: 'Object Repository/Page_KiboPush  Create Broadcast/div_Image_1' located by 'By.xpath: //div[(text() = ' Image ' or . = ' Image ')]' is not present after '5' second(s)]]></system-out>
         <system-err><![CDATA[]]></system-err>
      </testcase>
      <testcase name="Test Cases/Broadcasts/TC0184" classname="Test Cases/Broadcasts/TC0184" status="PASSED">
         <system-out><![CDATA[2019-04-26 16:16:53 - [TEST_CASE][PASSED] - Test Cases/Broadcasts/TC0184: Test Cases/Broadcasts/TC0184

2019-04-26 16:16:53 - [TEST_STEP][PASSED] - callTestCase: Call Test Case 'Test Cases/Broadcasts/TC0141' successfully

2019-04-26 16:16:53 - [TEST_CASE][PASSED] - Test Cases/Broadcasts/TC0141: Test Cases/Broadcasts/TC0141

2019-04-26 16:16:53 - [TEST_STEP][PASSED] - callTestCase: Call Test Case 'Test Cases/s-sidebar_navigation/TeamAccount/Broadcasts' successfully

2019-04-26 16:16:53 - [TEST_CASE][PASSED] - Test Cases/s-sidebar_navigation/TeamAccount/Broadcasts: Test Cases/s-sidebar_navigation/TeamAccount/Broadcasts

2019-04-26 16:16:53 - [TEST_STEP][PASSED] - callTestCase: Call Test Case 'Test Cases/s-sidebar_navigation/individualAccount/broadcast' successfully

2019-04-26 16:16:53 - [TEST_CASE][PASSED] - Test Cases/s-sidebar_navigation/individualAccount/broadcast: Test Cases/s-sidebar_navigation/individualAccount/broadcast

2019-04-26 16:16:53 - [TEST_STEP][PASSED] - click: Object: 'Object Repository/Page_KiboPush  Dashboard/span_Polls' is clicked on

2019-04-26 16:16:53 - [MESSAGE][PASSED] - Object: 'Object Repository/Page_KiboPush  Dashboard/span_Polls' is clicked on

2019-04-26 16:16:53 - [TEST_STEP][PASSED] - delay: Delayed 1 second(s)

2019-04-26 16:16:54 - [MESSAGE][PASSED] - Delayed 1 second(s)

2019-04-26 16:16:54 - [TEST_STEP][PASSED] - click: Object: 'Object Repository/Page_KiboPush  Dashboard/span_Broadcasts' is clicked on

2019-04-26 16:16:54 - [MESSAGE][PASSED] - Object: 'Object Repository/Page_KiboPush  Dashboard/span_Broadcasts' is clicked on

2019-04-26 16:16:54 - [TEST_STEP][PASSED] - delay: Delayed 1 second(s)

2019-04-26 16:16:55 - [MESSAGE][PASSED] - Delayed 1 second(s)

2019-04-26 16:16:55 - [TEST_STEP][PASSED] - scrollToPosition: Browser is scrolled to position x = 0, y = 0

2019-04-26 16:16:55 - [MESSAGE][PASSED] - Browser is scrolled to position x = 0, y = 0

2019-04-26 16:16:55 - [TEST_STEP][PASSED] - click: Object: 'Object Repository/Page_KiboPush  Broadcast/h3_Manage Broadcasts' is clicked on

2019-04-26 16:16:56 - [MESSAGE][PASSED] - Object: 'Object Repository/Page_KiboPush  Broadcast/h3_Manage Broadcasts' is clicked on

2019-04-26 16:16:56 - [MESSAGE][PASSED] - Call Test Case 'Test Cases/s-sidebar_navigation/individualAccount/broadcast' successfully

2019-04-26 16:16:56 - [MESSAGE][PASSED] - Call Test Case 'Test Cases/s-sidebar_navigation/TeamAccount/Broadcasts' successfully

2019-04-26 16:16:56 - [TEST_STEP][PASSED] - click: Object: 'Object Repository/Page_KiboPush  Broadcast/span_Create New Broadcast' is clicked on

2019-04-26 16:16:56 - [MESSAGE][PASSED] - Object: 'Object Repository/Page_KiboPush  Broadcast/span_Create New Broadcast' is clicked on

2019-04-26 16:16:56 - [TEST_STEP][PASSED] - click: Object: 'Object Repository/Page_KiboPush  Broadcast/a_Create New Broadcast' is clicked on

2019-04-26 16:16:56 - [MESSAGE][PASSED] - Object: 'Object Repository/Page_KiboPush  Broadcast/a_Create New Broadcast' is clicked on

2019-04-26 16:16:56 - [TEST_STEP][PASSED] - delay: Delayed 1 second(s)

2019-04-26 16:16:57 - [MESSAGE][PASSED] - Delayed 1 second(s)

2019-04-26 16:16:57 - [TEST_STEP][PASSED] - click: Object: 'Object Repository/Page_KiboPush  Create Broadcast/div_Card' is clicked on

2019-04-26 16:16:58 - [MESSAGE][PASSED] - Object: 'Object Repository/Page_KiboPush  Create Broadcast/div_Card' is clicked on

2019-04-26 16:16:58 - [MESSAGE][PASSED] - Call Test Case 'Test Cases/Broadcasts/TC0141' successfully

2019-04-26 16:16:58 - [TEST_STEP][PASSED] - click: Object: 'Object Repository/Page_KiboPush  Create Broadcast/i_fa fa-times fa-stack-2x' is clicked on

2019-04-26 16:16:58 - [MESSAGE][PASSED] - Object: 'Object Repository/Page_KiboPush  Create Broadcast/i_fa fa-times fa-stack-2x' is clicked on

2019-04-26 16:16:58 - [TEST_STEP][PASSED] - verifyElementNotPresent: Web element with id: 'Object Repository/Page_KiboPush  Create Broadcast/card_component' located by 'By.xpath: //*[@id="List1"]/div/div/div[3]/div[1]' is not present after '5' second(s)

2019-04-26 16:16:58 - [MESSAGE][PASSED] - Web element with id: 'Object Repository/Page_KiboPush  Create Broadcast/card_component' located by 'By.xpath: //*[@id="List1"]/div/div/div[3]/div[1]' is not present after '5' second(s)]]></system-out>
         <system-err><![CDATA[]]></system-err>
      </testcase>
      <testcase name="Test Cases/Broadcasts/TC0185" classname="Test Cases/Broadcasts/TC0185" status="PASSED">
         <system-out><![CDATA[2019-04-26 16:16:58 - [TEST_CASE][PASSED] - Test Cases/Broadcasts/TC0185: Test Cases/Broadcasts/TC0185

2019-04-26 16:16:58 - [TEST_STEP][PASSED] - callTestCase: Call Test Case 'Test Cases/Broadcasts/TC0150' successfully

2019-04-26 16:16:58 - [TEST_CASE][PASSED] - Test Cases/Broadcasts/TC0150: Test Cases/Broadcasts/TC0150

2019-04-26 16:16:58 - [TEST_STEP][PASSED] - callTestCase: Call Test Case 'Test Cases/s-sidebar_navigation/TeamAccount/Broadcasts' successfully

2019-04-26 16:16:59 - [TEST_CASE][PASSED] - Test Cases/s-sidebar_navigation/TeamAccount/Broadcasts: Test Cases/s-sidebar_navigation/TeamAccount/Broadcasts

2019-04-26 16:16:59 - [TEST_STEP][PASSED] - callTestCase: Call Test Case 'Test Cases/s-sidebar_navigation/individualAccount/broadcast' successfully

2019-04-26 16:16:59 - [TEST_CASE][PASSED] - Test Cases/s-sidebar_navigation/individualAccount/broadcast: Test Cases/s-sidebar_navigation/individualAccount/broadcast

2019-04-26 16:16:59 - [TEST_STEP][PASSED] - click: Object: 'Object Repository/Page_KiboPush  Dashboard/span_Polls' is clicked on

2019-04-26 16:16:59 - [MESSAGE][PASSED] - Object: 'Object Repository/Page_KiboPush  Dashboard/span_Polls' is clicked on

2019-04-26 16:16:59 - [TEST_STEP][PASSED] - delay: Delayed 1 second(s)

2019-04-26 16:17:00 - [MESSAGE][PASSED] - Delayed 1 second(s)

2019-04-26 16:17:00 - [TEST_STEP][PASSED] - click: Object: 'Object Repository/Page_KiboPush  Dashboard/span_Broadcasts' is clicked on

2019-04-26 16:17:01 - [MESSAGE][PASSED] - Object: 'Object Repository/Page_KiboPush  Dashboard/span_Broadcasts' is clicked on

2019-04-26 16:17:01 - [TEST_STEP][PASSED] - delay: Delayed 1 second(s)

2019-04-26 16:17:02 - [MESSAGE][PASSED] - Delayed 1 second(s)

2019-04-26 16:17:02 - [TEST_STEP][PASSED] - scrollToPosition: Browser is scrolled to position x = 0, y = 0

2019-04-26 16:17:02 - [MESSAGE][PASSED] - Browser is scrolled to position x = 0, y = 0

2019-04-26 16:17:02 - [TEST_STEP][PASSED] - click: Object: 'Object Repository/Page_KiboPush  Broadcast/h3_Manage Broadcasts' is clicked on

2019-04-26 16:17:02 - [MESSAGE][PASSED] - Object: 'Object Repository/Page_KiboPush  Broadcast/h3_Manage Broadcasts' is clicked on

2019-04-26 16:17:02 - [MESSAGE][PASSED] - Call Test Case 'Test Cases/s-sidebar_navigation/individualAccount/broadcast' successfully

2019-04-26 16:17:02 - [MESSAGE][PASSED] - Call Test Case 'Test Cases/s-sidebar_navigation/TeamAccount/Broadcasts' successfully

2019-04-26 16:17:02 - [TEST_STEP][PASSED] - click: Object: 'Object Repository/Page_KiboPush  Broadcast/span_Create New Broadcast' is clicked on

2019-04-26 16:17:02 - [MESSAGE][PASSED] - Object: 'Object Repository/Page_KiboPush  Broadcast/span_Create New Broadcast' is clicked on

2019-04-26 16:17:02 - [TEST_STEP][PASSED] - click: Object: 'Object Repository/Page_KiboPush  Broadcast/a_Create New Broadcast' is clicked on

2019-04-26 16:17:03 - [MESSAGE][PASSED] - Object: 'Object Repository/Page_KiboPush  Broadcast/a_Create New Broadcast' is clicked on

2019-04-26 16:17:03 - [TEST_STEP][PASSED] - delay: Delayed 1 second(s)

2019-04-26 16:17:04 - [MESSAGE][PASSED] - Delayed 1 second(s)

2019-04-26 16:17:04 - [TEST_STEP][PASSED] - click: Object: 'Object Repository/Page_KiboPush  Create Broadcast/div_Gallery (1)' is clicked on

2019-04-26 16:17:04 - [MESSAGE][PASSED] - Object: 'Object Repository/Page_KiboPush  Create Broadcast/div_Gallery (1)' is clicked on

2019-04-26 16:17:04 - [TEST_STEP][PASSED] - delay: Delayed 2 second(s)

2019-04-26 16:17:06 - [MESSAGE][PASSED] - Delayed 2 second(s)

2019-04-26 16:17:06 - [MESSAGE][PASSED] - Call Test Case 'Test Cases/Broadcasts/TC0150' successfully

2019-04-26 16:17:06 - [TEST_STEP][PASSED] - click: Object: 'Object Repository/Page_KiboPush  Create Broadcast/i_fa fa-times fa-stack-2x' is clicked on

2019-04-26 16:17:06 - [MESSAGE][PASSED] - Object: 'Object Repository/Page_KiboPush  Create Broadcast/i_fa fa-times fa-stack-2x' is clicked on

2019-04-26 16:17:06 - [TEST_STEP][PASSED] - delay: Delayed 2 second(s)

2019-04-26 16:17:08 - [MESSAGE][PASSED] - Delayed 2 second(s)

2019-04-26 16:17:08 - [TEST_STEP][PASSED] - verifyElementNotPresent: Web element with id: 'Object Repository/Page_KiboPush  Create Broadcast/gallery_component' located by 'By.xpath: //*[@id="List3"]/div/div/div[3]/div/div[2]/div/div[1]/div/div[2]/div[1]' is not present after '5' second(s)

2019-04-26 16:17:08 - [MESSAGE][PASSED] - Web element with id: 'Object Repository/Page_KiboPush  Create Broadcast/gallery_component' located by 'By.xpath: //*[@id="List3"]/div/div/div[3]/div/div[2]/div/div[1]/div/div[2]/div[1]' is not present after '5' second(s)]]></system-out>
         <system-err><![CDATA[]]></system-err>
      </testcase>
      <testcase name="Test Cases/Broadcasts/TC0186" classname="Test Cases/Broadcasts/TC0186" status="PASSED">
         <system-out><![CDATA[2019-04-26 16:17:08 - [TEST_CASE][PASSED] - Test Cases/Broadcasts/TC0186: Test Cases/Broadcasts/TC0186

2019-04-26 16:17:08 - [TEST_STEP][PASSED] - callTestCase: Call Test Case 'Test Cases/Broadcasts/TC0163' successfully

2019-04-26 16:17:08 - [TEST_CASE][PASSED] - Test Cases/Broadcasts/TC0163: Test Cases/Broadcasts/TC0163

2019-04-26 16:17:08 - [TEST_STEP][PASSED] - callTestCase: Call Test Case 'Test Cases/s-sidebar_navigation/TeamAccount/Broadcasts' successfully

2019-04-26 16:17:08 - [TEST_CASE][PASSED] - Test Cases/s-sidebar_navigation/TeamAccount/Broadcasts: Test Cases/s-sidebar_navigation/TeamAccount/Broadcasts

2019-04-26 16:17:08 - [TEST_STEP][PASSED] - callTestCase: Call Test Case 'Test Cases/s-sidebar_navigation/individualAccount/broadcast' successfully

2019-04-26 16:17:08 - [TEST_CASE][PASSED] - Test Cases/s-sidebar_navigation/individualAccount/broadcast: Test Cases/s-sidebar_navigation/individualAccount/broadcast

2019-04-26 16:17:08 - [TEST_STEP][PASSED] - click: Object: 'Object Repository/Page_KiboPush  Dashboard/span_Polls' is clicked on

2019-04-26 16:17:08 - [MESSAGE][PASSED] - Object: 'Object Repository/Page_KiboPush  Dashboard/span_Polls' is clicked on

2019-04-26 16:17:08 - [TEST_STEP][PASSED] - delay: Delayed 1 second(s)

2019-04-26 16:17:09 - [MESSAGE][PASSED] - Delayed 1 second(s)

2019-04-26 16:17:09 - [TEST_STEP][PASSED] - click: Object: 'Object Repository/Page_KiboPush  Dashboard/span_Broadcasts' is clicked on

2019-04-26 16:17:10 - [MESSAGE][PASSED] - Object: 'Object Repository/Page_KiboPush  Dashboard/span_Broadcasts' is clicked on

2019-04-26 16:17:10 - [TEST_STEP][PASSED] - delay: Delayed 1 second(s)

2019-04-26 16:17:11 - [MESSAGE][PASSED] - Delayed 1 second(s)

2019-04-26 16:17:11 - [TEST_STEP][PASSED] - scrollToPosition: Browser is scrolled to position x = 0, y = 0

2019-04-26 16:17:11 - [MESSAGE][PASSED] - Browser is scrolled to position x = 0, y = 0

2019-04-26 16:17:11 - [TEST_STEP][PASSED] - click: Object: 'Object Repository/Page_KiboPush  Broadcast/h3_Manage Broadcasts' is clicked on

2019-04-26 16:17:11 - [MESSAGE][PASSED] - Object: 'Object Repository/Page_KiboPush  Broadcast/h3_Manage Broadcasts' is clicked on

2019-04-26 16:17:11 - [MESSAGE][PASSED] - Call Test Case 'Test Cases/s-sidebar_navigation/individualAccount/broadcast' successfully

2019-04-26 16:17:11 - [MESSAGE][PASSED] - Call Test Case 'Test Cases/s-sidebar_navigation/TeamAccount/Broadcasts' successfully

2019-04-26 16:17:11 - [TEST_STEP][PASSED] - click: Object: 'Object Repository/Page_KiboPush  Broadcast/span_Create New Broadcast' is clicked on

2019-04-26 16:17:11 - [MESSAGE][PASSED] - Object: 'Object Repository/Page_KiboPush  Broadcast/span_Create New Broadcast' is clicked on

2019-04-26 16:17:11 - [TEST_STEP][PASSED] - click: Object: 'Object Repository/Page_KiboPush  Broadcast/a_Create New Broadcast' is clicked on

2019-04-26 16:17:12 - [MESSAGE][PASSED] - Object: 'Object Repository/Page_KiboPush  Broadcast/a_Create New Broadcast' is clicked on

2019-04-26 16:17:12 - [TEST_STEP][PASSED] - delay: Delayed 1 second(s)

2019-04-26 16:17:13 - [MESSAGE][PASSED] - Delayed 1 second(s)

2019-04-26 16:17:13 - [TEST_STEP][PASSED] - click: Object: 'Object Repository/Page_KiboPush  Create Broadcast/div_Audio' is clicked on

2019-04-26 16:17:13 - [MESSAGE][PASSED] - Object: 'Object Repository/Page_KiboPush  Create Broadcast/div_Audio' is clicked on

2019-04-26 16:17:13 - [TEST_STEP][PASSED] - verifyElementPresent: Object 'Object Repository/Page_KiboPush  Create Broadcast/h4_Audio' is present

2019-04-26 16:17:13 - [MESSAGE][PASSED] - Object 'Object Repository/Page_KiboPush  Create Broadcast/h4_Audio' is present

2019-04-26 16:17:13 - [MESSAGE][PASSED] - Call Test Case 'Test Cases/Broadcasts/TC0163' successfully

2019-04-26 16:17:13 - [TEST_STEP][PASSED] - click: Object: 'Object Repository/Page_KiboPush  Create Broadcast/i_fa fa-times fa-stack-2x' is clicked on

2019-04-26 16:17:13 - [MESSAGE][PASSED] - Object: 'Object Repository/Page_KiboPush  Create Broadcast/i_fa fa-times fa-stack-2x' is clicked on

2019-04-26 16:17:13 - [TEST_STEP][PASSED] - verifyElementNotPresent: Web element with id: 'Object Repository/Page_KiboPush  Create Broadcast/h4_Audio' located by 'By.xpath: //h4[(text() = 'Audio' or . = 'Audio')]' is not present after '30' second(s)

2019-04-26 16:17:13 - [MESSAGE][WARNING] - Timeout '0' is invalid. Using default page load timeout: '30'

2019-04-26 16:17:13 - [MESSAGE][PASSED] - Web element with id: 'Object Repository/Page_KiboPush  Create Broadcast/h4_Audio' located by 'By.xpath: //h4[(text() = 'Audio' or . = 'Audio')]' is not present after '30' second(s)]]></system-out>
         <system-err><![CDATA[]]></system-err>
      </testcase>
      <testcase name="Test Cases/Broadcasts/TC0187" classname="Test Cases/Broadcasts/TC0187" status="PASSED">
         <system-out><![CDATA[2019-04-26 16:17:13 - [TEST_CASE][PASSED] - Test Cases/Broadcasts/TC0187: Test Cases/Broadcasts/TC0187

2019-04-26 16:17:13 - [TEST_STEP][PASSED] - callTestCase: Call Test Case 'Test Cases/Broadcasts/TC0167' successfully

2019-04-26 16:17:13 - [TEST_CASE][PASSED] - Test Cases/Broadcasts/TC0167: Test Cases/Broadcasts/TC0167

2019-04-26 16:17:13 - [TEST_STEP][PASSED] - callTestCase: Call Test Case 'Test Cases/s-sidebar_navigation/TeamAccount/Broadcasts' successfully

2019-04-26 16:17:14 - [TEST_CASE][PASSED] - Test Cases/s-sidebar_navigation/TeamAccount/Broadcasts: Test Cases/s-sidebar_navigation/TeamAccount/Broadcasts

2019-04-26 16:17:14 - [TEST_STEP][PASSED] - callTestCase: Call Test Case 'Test Cases/s-sidebar_navigation/individualAccount/broadcast' successfully

2019-04-26 16:17:14 - [TEST_CASE][PASSED] - Test Cases/s-sidebar_navigation/individualAccount/broadcast: Test Cases/s-sidebar_navigation/individualAccount/broadcast

2019-04-26 16:17:14 - [TEST_STEP][PASSED] - click: Object: 'Object Repository/Page_KiboPush  Dashboard/span_Polls' is clicked on

2019-04-26 16:17:14 - [MESSAGE][PASSED] - Object: 'Object Repository/Page_KiboPush  Dashboard/span_Polls' is clicked on

2019-04-26 16:17:14 - [TEST_STEP][PASSED] - delay: Delayed 1 second(s)

2019-04-26 16:17:15 - [MESSAGE][PASSED] - Delayed 1 second(s)

2019-04-26 16:17:15 - [TEST_STEP][PASSED] - click: Object: 'Object Repository/Page_KiboPush  Dashboard/span_Broadcasts' is clicked on

2019-04-26 16:17:15 - [MESSAGE][PASSED] - Object: 'Object Repository/Page_KiboPush  Dashboard/span_Broadcasts' is clicked on

2019-04-26 16:17:15 - [TEST_STEP][PASSED] - delay: Delayed 1 second(s)

2019-04-26 16:17:16 - [MESSAGE][PASSED] - Delayed 1 second(s)

2019-04-26 16:17:16 - [TEST_STEP][PASSED] - scrollToPosition: Browser is scrolled to position x = 0, y = 0

2019-04-26 16:17:16 - [MESSAGE][PASSED] - Browser is scrolled to position x = 0, y = 0

2019-04-26 16:17:16 - [TEST_STEP][PASSED] - click: Object: 'Object Repository/Page_KiboPush  Broadcast/h3_Manage Broadcasts' is clicked on

2019-04-26 16:17:16 - [MESSAGE][PASSED] - Object: 'Object Repository/Page_KiboPush  Broadcast/h3_Manage Broadcasts' is clicked on

2019-04-26 16:17:16 - [MESSAGE][PASSED] - Call Test Case 'Test Cases/s-sidebar_navigation/individualAccount/broadcast' successfully

2019-04-26 16:17:16 - [MESSAGE][PASSED] - Call Test Case 'Test Cases/s-sidebar_navigation/TeamAccount/Broadcasts' successfully

2019-04-26 16:17:16 - [TEST_STEP][PASSED] - click: Object: 'Object Repository/Page_KiboPush  Broadcast/span_Create New Broadcast' is clicked on

2019-04-26 16:17:16 - [MESSAGE][PASSED] - Object: 'Object Repository/Page_KiboPush  Broadcast/span_Create New Broadcast' is clicked on

2019-04-26 16:17:16 - [TEST_STEP][PASSED] - click: Object: 'Object Repository/Page_KiboPush  Broadcast/a_Create New Broadcast' is clicked on

2019-04-26 16:17:17 - [MESSAGE][PASSED] - Object: 'Object Repository/Page_KiboPush  Broadcast/a_Create New Broadcast' is clicked on

2019-04-26 16:17:17 - [TEST_STEP][PASSED] - delay: Delayed 1 second(s)

2019-04-26 16:17:18 - [MESSAGE][PASSED] - Delayed 1 second(s)

2019-04-26 16:17:18 - [TEST_STEP][PASSED] - click: Object: 'Object Repository/Page_KiboPush  Create Broadcast/div_Video' is clicked on

2019-04-26 16:17:18 - [MESSAGE][PASSED] - Object: 'Object Repository/Page_KiboPush  Create Broadcast/div_Video' is clicked on

2019-04-26 16:17:18 - [TEST_STEP][PASSED] - verifyElementPresent: Object 'Object Repository/Page_KiboPush  Create Broadcast/h4_Video' is present

2019-04-26 16:17:18 - [MESSAGE][PASSED] - Object 'Object Repository/Page_KiboPush  Create Broadcast/h4_Video' is present

2019-04-26 16:17:18 - [TEST_STEP][PASSED] - delay: Delayed 3 second(s)

2019-04-26 16:17:21 - [MESSAGE][PASSED] - Delayed 3 second(s)

2019-04-26 16:17:21 - [MESSAGE][PASSED] - Call Test Case 'Test Cases/Broadcasts/TC0167' successfully

2019-04-26 16:17:21 - [TEST_STEP][PASSED] - click: Object: 'Object Repository/Page_KiboPush  Create Broadcast/i_fa fa-times fa-stack-2x' is clicked on

2019-04-26 16:17:22 - [MESSAGE][PASSED] - Object: 'Object Repository/Page_KiboPush  Create Broadcast/i_fa fa-times fa-stack-2x' is clicked on

2019-04-26 16:17:22 - [TEST_STEP][PASSED] - verifyElementNotPresent: Web element with id: 'Object Repository/Page_KiboPush  Create Broadcast/h4_Video' located by 'By.xpath: //h4[(text() = 'Video' or . = 'Video')]' is not present after '5' second(s)

2019-04-26 16:17:22 - [MESSAGE][PASSED] - Web element with id: 'Object Repository/Page_KiboPush  Create Broadcast/h4_Video' located by 'By.xpath: //h4[(text() = 'Video' or . = 'Video')]' is not present after '5' second(s)]]></system-out>
         <system-err><![CDATA[]]></system-err>
      </testcase>
      <testcase name="Test Cases/Broadcasts/TC0188" classname="Test Cases/Broadcasts/TC0188" status="PASSED">
         <system-out><![CDATA[2019-04-26 16:17:22 - [TEST_CASE][PASSED] - Test Cases/Broadcasts/TC0188: Test Cases/Broadcasts/TC0188

2019-04-26 16:17:22 - [TEST_STEP][PASSED] - callTestCase: Call Test Case 'Test Cases/Broadcasts/TC0171' successfully

2019-04-26 16:17:22 - [TEST_CASE][PASSED] - Test Cases/Broadcasts/TC0171: Test Cases/Broadcasts/TC0171

2019-04-26 16:17:22 - [TEST_STEP][PASSED] - callTestCase: Call Test Case 'Test Cases/s-sidebar_navigation/TeamAccount/Broadcasts' successfully

2019-04-26 16:17:22 - [TEST_CASE][PASSED] - Test Cases/s-sidebar_navigation/TeamAccount/Broadcasts: Test Cases/s-sidebar_navigation/TeamAccount/Broadcasts

2019-04-26 16:17:22 - [TEST_STEP][PASSED] - callTestCase: Call Test Case 'Test Cases/s-sidebar_navigation/individualAccount/broadcast' successfully

2019-04-26 16:17:22 - [TEST_CASE][PASSED] - Test Cases/s-sidebar_navigation/individualAccount/broadcast: Test Cases/s-sidebar_navigation/individualAccount/broadcast

2019-04-26 16:17:22 - [TEST_STEP][PASSED] - click: Object: 'Object Repository/Page_KiboPush  Dashboard/span_Polls' is clicked on

2019-04-26 16:17:22 - [MESSAGE][PASSED] - Object: 'Object Repository/Page_KiboPush  Dashboard/span_Polls' is clicked on

2019-04-26 16:17:22 - [TEST_STEP][PASSED] - delay: Delayed 1 second(s)

2019-04-26 16:17:23 - [MESSAGE][PASSED] - Delayed 1 second(s)

2019-04-26 16:17:23 - [TEST_STEP][PASSED] - click: Object: 'Object Repository/Page_KiboPush  Dashboard/span_Broadcasts' is clicked on

2019-04-26 16:17:23 - [MESSAGE][PASSED] - Object: 'Object Repository/Page_KiboPush  Dashboard/span_Broadcasts' is clicked on

2019-04-26 16:17:23 - [TEST_STEP][PASSED] - delay: Delayed 1 second(s)

2019-04-26 16:17:24 - [MESSAGE][PASSED] - Delayed 1 second(s)

2019-04-26 16:17:24 - [TEST_STEP][PASSED] - scrollToPosition: Browser is scrolled to position x = 0, y = 0

2019-04-26 16:17:24 - [MESSAGE][PASSED] - Browser is scrolled to position x = 0, y = 0

2019-04-26 16:17:24 - [TEST_STEP][PASSED] - click: Object: 'Object Repository/Page_KiboPush  Broadcast/h3_Manage Broadcasts' is clicked on

2019-04-26 16:17:24 - [MESSAGE][PASSED] - Object: 'Object Repository/Page_KiboPush  Broadcast/h3_Manage Broadcasts' is clicked on

2019-04-26 16:17:24 - [MESSAGE][PASSED] - Call Test Case 'Test Cases/s-sidebar_navigation/individualAccount/broadcast' successfully

2019-04-26 16:17:24 - [MESSAGE][PASSED] - Call Test Case 'Test Cases/s-sidebar_navigation/TeamAccount/Broadcasts' successfully

2019-04-26 16:17:24 - [TEST_STEP][PASSED] - click: Object: 'Object Repository/Page_KiboPush  Broadcast/span_Create New Broadcast' is clicked on

2019-04-26 16:17:25 - [MESSAGE][PASSED] - Object: 'Object Repository/Page_KiboPush  Broadcast/span_Create New Broadcast' is clicked on

2019-04-26 16:17:25 - [TEST_STEP][PASSED] - click: Object: 'Object Repository/Page_KiboPush  Broadcast/a_Create New Broadcast' is clicked on

2019-04-26 16:17:25 - [MESSAGE][PASSED] - Object: 'Object Repository/Page_KiboPush  Broadcast/a_Create New Broadcast' is clicked on

2019-04-26 16:17:25 - [TEST_STEP][PASSED] - delay: Delayed 1 second(s)

2019-04-26 16:17:26 - [MESSAGE][PASSED] - Delayed 1 second(s)

2019-04-26 16:17:26 - [TEST_STEP][PASSED] - click: Object: 'Object Repository/Page_KiboPush  Create Broadcast/div_File' is clicked on

2019-04-26 16:17:26 - [MESSAGE][PASSED] - Object: 'Object Repository/Page_KiboPush  Create Broadcast/div_File' is clicked on

2019-04-26 16:17:26 - [TEST_STEP][PASSED] - verifyElementPresent: Object 'Object Repository/Page_KiboPush  Create Broadcast/h4_File' is present

2019-04-26 16:17:26 - [MESSAGE][PASSED] - Object 'Object Repository/Page_KiboPush  Create Broadcast/h4_File' is present

2019-04-26 16:17:26 - [TEST_STEP][PASSED] - delay: Delayed 3 second(s)

2019-04-26 16:17:29 - [MESSAGE][PASSED] - Delayed 3 second(s)

2019-04-26 16:17:29 - [MESSAGE][PASSED] - Call Test Case 'Test Cases/Broadcasts/TC0171' successfully

2019-04-26 16:17:29 - [TEST_STEP][PASSED] - click: Object: 'Object Repository/Page_KiboPush  Create Broadcast/i_fa fa-times fa-stack-2x' is clicked on

2019-04-26 16:17:30 - [MESSAGE][PASSED] - Object: 'Object Repository/Page_KiboPush  Create Broadcast/i_fa fa-times fa-stack-2x' is clicked on

2019-04-26 16:17:30 - [TEST_STEP][PASSED] - verifyElementNotPresent: Web element with id: 'Object Repository/Page_KiboPush  Create Broadcast/h4_File' located by 'By.xpath: //h4[(text() = 'File' or . = 'File')]' is not present after '5' second(s)

2019-04-26 16:17:30 - [MESSAGE][PASSED] - Web element with id: 'Object Repository/Page_KiboPush  Create Broadcast/h4_File' located by 'By.xpath: //h4[(text() = 'File' or . = 'File')]' is not present after '5' second(s)]]></system-out>
         <system-err><![CDATA[]]></system-err>
      </testcase>
      <testcase name="Test Cases/Broadcasts/TC0189" classname="Test Cases/Broadcasts/TC0189" status="FAILED">
         <failure type="FAILED" message="Unable to click on object 'Object Repository/Page_KiboPush  Broadcast/a_Create New Broadcast' (Root cause: org.openqa.selenium.WebDriverException: unknown error: Element &lt;button class=&quot;btn btn-primary&quot; style=&quot;color: white;&quot;>...&lt;/button> is not clickable at point (607, 302). Other element would receive the click: &lt;div style=&quot;width: 100%; text-align: center;&quot;>...&lt;/div>
  (Session info: chrome=73.0.3683.103)
  (Driver info: chromedriver=2.35.528161 (5b82f2d2aae0ca24b877009200ced9065a772e73),platform=Windows NT 10.0.17134 x86_64) (WARNING: The server did not provide any stacktrace information)
Command duration or timeout: 0 milliseconds
Build info: version: '3.7.1', revision: '8a0099a', time: '2017-11-06T21:07:36.161Z'
System info: host: 'DESKTOP-4M6R1V0', ip: '10.0.2.15', os.name: 'Windows 10', os.arch: 'amd64', os.version: '10.0', java.version: '1.8.0_181'
Driver info: com.kms.katalon.selenium.driver.CChromeDriver
Capabilities {acceptInsecureCerts: false, acceptSslCerts: false, applicationCacheEnabled: false, browserConnectionEnabled: false, browserName: chrome, chrome: {chromedriverVersion: 2.35.528161 (5b82f2d2aae0ca..., userDataDir: C:\Users\CLOUDK~1\AppData\L...}, cssSelectorsEnabled: true, databaseEnabled: false, handlesAlerts: true, hasTouchScreen: false, javascriptEnabled: true, locationContextEnabled: true, mobileEmulationEnabled: false, nativeEvents: true, networkConnectionEnabled: false, pageLoadStrategy: normal, platform: XP, platformName: XP, rotatable: false, setWindowRect: true, takesHeapSnapshot: true, takesScreenshot: true, unexpectedAlertBehaviour: , unhandledPromptBehavior: , version: 73.0.3683.103, webStorageEnabled: true}
Session ID: 47331ab227281a1373121dc3dcc07306)"/>
         <system-out><![CDATA[2019-04-26 16:17:30 - [TEST_CASE][FAILED] - Test Cases/Broadcasts/TC0189: Test Cases/Broadcasts/TC0189 FAILED because (of) Unable to click on object 'Object Repository/Page_KiboPush  Broadcast/a_Create New Broadcast' (Root cause: org.openqa.selenium.WebDriverException: unknown error: Element <button class="btn btn-primary" style="color: white;">...</button> is not clickable at point (607, 302). Other element would receive the click: <div style="width: 100%; text-align: center;">...</div>
  (Session info: chrome=73.0.3683.103)
  (Driver info: chromedriver=2.35.528161 (5b82f2d2aae0ca24b877009200ced9065a772e73),platform=Windows NT 10.0.17134 x86_64) (WARNING: The server did not provide any stacktrace information)
Command duration or timeout: 0 milliseconds
Build info: version: '3.7.1', revision: '8a0099a', time: '2017-11-06T21:07:36.161Z'
System info: host: 'DESKTOP-4M6R1V0', ip: '10.0.2.15', os.name: 'Windows 10', os.arch: 'amd64', os.version: '10.0', java.version: '1.8.0_181'
Driver info: com.kms.katalon.selenium.driver.CChromeDriver
Capabilities {acceptInsecureCerts: false, acceptSslCerts: false, applicationCacheEnabled: false, browserConnectionEnabled: false, browserName: chrome, chrome: {chromedriverVersion: 2.35.528161 (5b82f2d2aae0ca..., userDataDir: C:\Users\CLOUDK~1\AppData\L...}, cssSelectorsEnabled: true, databaseEnabled: false, handlesAlerts: true, hasTouchScreen: false, javascriptEnabled: true, locationContextEnabled: true, mobileEmulationEnabled: false, nativeEvents: true, networkConnectionEnabled: false, pageLoadStrategy: normal, platform: XP, platformName: XP, rotatable: false, setWindowRect: true, takesHeapSnapshot: true, takesScreenshot: true, unexpectedAlertBehaviour: , unhandledPromptBehavior: , version: 73.0.3683.103, webStorageEnabled: true}
Session ID: 47331ab227281a1373121dc3dcc07306)

2019-04-26 16:17:30 - [TEST_STEP][FAILED] - callTestCase: Unable to call Test Case with id 'Test Cases/Broadcasts/TC0175' (Root cause: Call Test Case 'Test Cases/Broadcasts/TC0175' failed)

2019-04-26 16:17:30 - [TEST_CASE][FAILED] - Test Cases/Broadcasts/TC0175: Test Cases/Broadcasts/TC0175 FAILED because (of) Unable to click on object 'Object Repository/Page_KiboPush  Broadcast/a_Create New Broadcast' (Root cause: org.openqa.selenium.WebDriverException: unknown error: Element <button class="btn btn-primary" style="color: white;">...</button> is not clickable at point (607, 302). Other element would receive the click: <div style="width: 100%; text-align: center;">...</div>
  (Session info: chrome=73.0.3683.103)
  (Driver info: chromedriver=2.35.528161 (5b82f2d2aae0ca24b877009200ced9065a772e73),platform=Windows NT 10.0.17134 x86_64) (WARNING: The server did not provide any stacktrace information)
Command duration or timeout: 0 milliseconds
Build info: version: '3.7.1', revision: '8a0099a', time: '2017-11-06T21:07:36.161Z'
System info: host: 'DESKTOP-4M6R1V0', ip: '10.0.2.15', os.name: 'Windows 10', os.arch: 'amd64', os.version: '10.0', java.version: '1.8.0_181'
Driver info: com.kms.katalon.selenium.driver.CChromeDriver
Capabilities {acceptInsecureCerts: false, acceptSslCerts: false, applicationCacheEnabled: false, browserConnectionEnabled: false, browserName: chrome, chrome: {chromedriverVersion: 2.35.528161 (5b82f2d2aae0ca..., userDataDir: C:\Users\CLOUDK~1\AppData\L...}, cssSelectorsEnabled: true, databaseEnabled: false, handlesAlerts: true, hasTouchScreen: false, javascriptEnabled: true, locationContextEnabled: true, mobileEmulationEnabled: false, nativeEvents: true, networkConnectionEnabled: false, pageLoadStrategy: normal, platform: XP, platformName: XP, rotatable: false, setWindowRect: true, takesHeapSnapshot: true, takesScreenshot: true, unexpectedAlertBehaviour: , unhandledPromptBehavior: , version: 73.0.3683.103, webStorageEnabled: true}
Session ID: 47331ab227281a1373121dc3dcc07306)

2019-04-26 16:17:30 - [TEST_STEP][PASSED] - callTestCase: Call Test Case 'Test Cases/s-sidebar_navigation/TeamAccount/Broadcasts' successfully

2019-04-26 16:17:30 - [TEST_CASE][PASSED] - Test Cases/s-sidebar_navigation/TeamAccount/Broadcasts: Test Cases/s-sidebar_navigation/TeamAccount/Broadcasts

2019-04-26 16:17:30 - [TEST_STEP][PASSED] - callTestCase: Call Test Case 'Test Cases/s-sidebar_navigation/individualAccount/broadcast' successfully

2019-04-26 16:17:30 - [TEST_CASE][PASSED] - Test Cases/s-sidebar_navigation/individualAccount/broadcast: Test Cases/s-sidebar_navigation/individualAccount/broadcast

2019-04-26 16:17:30 - [TEST_STEP][PASSED] - click: Object: 'Object Repository/Page_KiboPush  Dashboard/span_Polls' is clicked on

2019-04-26 16:17:30 - [MESSAGE][PASSED] - Object: 'Object Repository/Page_KiboPush  Dashboard/span_Polls' is clicked on

2019-04-26 16:17:30 - [TEST_STEP][PASSED] - delay: Delayed 1 second(s)

2019-04-26 16:17:31 - [MESSAGE][PASSED] - Delayed 1 second(s)

2019-04-26 16:17:31 - [TEST_STEP][PASSED] - click: Object: 'Object Repository/Page_KiboPush  Dashboard/span_Broadcasts' is clicked on

2019-04-26 16:17:31 - [MESSAGE][PASSED] - Object: 'Object Repository/Page_KiboPush  Dashboard/span_Broadcasts' is clicked on

2019-04-26 16:17:31 - [TEST_STEP][PASSED] - delay: Delayed 1 second(s)

2019-04-26 16:17:32 - [MESSAGE][PASSED] - Delayed 1 second(s)

2019-04-26 16:17:32 - [TEST_STEP][PASSED] - scrollToPosition: Browser is scrolled to position x = 0, y = 0

2019-04-26 16:17:32 - [MESSAGE][PASSED] - Browser is scrolled to position x = 0, y = 0

2019-04-26 16:17:32 - [TEST_STEP][PASSED] - click: Object: 'Object Repository/Page_KiboPush  Broadcast/h3_Manage Broadcasts' is clicked on

2019-04-26 16:17:32 - [MESSAGE][PASSED] - Object: 'Object Repository/Page_KiboPush  Broadcast/h3_Manage Broadcasts' is clicked on

2019-04-26 16:17:32 - [MESSAGE][PASSED] - Call Test Case 'Test Cases/s-sidebar_navigation/individualAccount/broadcast' successfully

2019-04-26 16:17:32 - [MESSAGE][PASSED] - Call Test Case 'Test Cases/s-sidebar_navigation/TeamAccount/Broadcasts' successfully

2019-04-26 16:17:32 - [TEST_STEP][PASSED] - click: Object: 'Object Repository/Page_KiboPush  Broadcast/span_Create New Broadcast' is clicked on

2019-04-26 16:17:33 - [MESSAGE][PASSED] - Object: 'Object Repository/Page_KiboPush  Broadcast/span_Create New Broadcast' is clicked on

2019-04-26 16:17:33 - [TEST_STEP][FAILED] - click: Unable to click on object 'Object Repository/Page_KiboPush  Broadcast/a_Create New Broadcast' (Root cause: org.openqa.selenium.WebDriverException: unknown error: Element <button class="btn btn-primary" style="color: white;">...</button> is not clickable at point (607, 302). Other element would receive the click: <div style="width: 100%; text-align: center;">...</div>
  (Session info: chrome=73.0.3683.103)
  (Driver info: chromedriver=2.35.528161 (5b82f2d2aae0ca24b877009200ced9065a772e73),platform=Windows NT 10.0.17134 x86_64) (WARNING: The server did not provide any stacktrace information)
Command duration or timeout: 0 milliseconds
Build info: version: '3.7.1', revision: '8a0099a', time: '2017-11-06T21:07:36.161Z'
System info: host: 'DESKTOP-4M6R1V0', ip: '10.0.2.15', os.name: 'Windows 10', os.arch: 'amd64', os.version: '10.0', java.version: '1.8.0_181'
Driver info: com.kms.katalon.selenium.driver.CChromeDriver
Capabilities {acceptInsecureCerts: false, acceptSslCerts: false, applicationCacheEnabled: false, browserConnectionEnabled: false, browserName: chrome, chrome: {chromedriverVersion: 2.35.528161 (5b82f2d2aae0ca..., userDataDir: C:\Users\CLOUDK~1\AppData\L...}, cssSelectorsEnabled: true, databaseEnabled: false, handlesAlerts: true, hasTouchScreen: false, javascriptEnabled: true, locationContextEnabled: true, mobileEmulationEnabled: false, nativeEvents: true, networkConnectionEnabled: false, pageLoadStrategy: normal, platform: XP, platformName: XP, rotatable: false, setWindowRect: true, takesHeapSnapshot: true, takesScreenshot: true, unexpectedAlertBehaviour: , unhandledPromptBehavior: , version: 73.0.3683.103, webStorageEnabled: true}
Session ID: 47331ab227281a1373121dc3dcc07306)

2019-04-26 16:17:33 - [MESSAGE][FAILED] - Unable to click on object 'Object Repository/Page_KiboPush  Broadcast/a_Create New Broadcast' (Root cause: org.openqa.selenium.WebDriverException: unknown error: Element <button class="btn btn-primary" style="color: white;">...</button> is not clickable at point (607, 302). Other element would receive the click: <div style="width: 100%; text-align: center;">...</div>
  (Session info: chrome=73.0.3683.103)
  (Driver info: chromedriver=2.35.528161 (5b82f2d2aae0ca24b877009200ced9065a772e73),platform=Windows NT 10.0.17134 x86_64) (WARNING: The server did not provide any stacktrace information)
Command duration or timeout: 0 milliseconds
Build info: version: '3.7.1', revision: '8a0099a', time: '2017-11-06T21:07:36.161Z'
System info: host: 'DESKTOP-4M6R1V0', ip: '10.0.2.15', os.name: 'Windows 10', os.arch: 'amd64', os.version: '10.0', java.version: '1.8.0_181'
Driver info: com.kms.katalon.selenium.driver.CChromeDriver
Capabilities {acceptInsecureCerts: false, acceptSslCerts: false, applicationCacheEnabled: false, browserConnectionEnabled: false, browserName: chrome, chrome: {chromedriverVersion: 2.35.528161 (5b82f2d2aae0ca..., userDataDir: C:\Users\CLOUDK~1\AppData\L...}, cssSelectorsEnabled: true, databaseEnabled: false, handlesAlerts: true, hasTouchScreen: false, javascriptEnabled: true, locationContextEnabled: true, mobileEmulationEnabled: false, nativeEvents: true, networkConnectionEnabled: false, pageLoadStrategy: normal, platform: XP, platformName: XP, rotatable: false, setWindowRect: true, takesHeapSnapshot: true, takesScreenshot: true, unexpectedAlertBehaviour: , unhandledPromptBehavior: , version: 73.0.3683.103, webStorageEnabled: true}
Session ID: 47331ab227281a1373121dc3dcc07306)
[[ATTACHMENT|C:\\Users\\cloudkibo\\Desktop\\KiboPush_Automated_Testing\\KiboPush Katalon\\Reports\\broadcast\\20190426_154219\\1556277453267.png]]

2019-04-26 16:17:33 - [MESSAGE][FAILED] - Unable to call Test Case with id 'Test Cases/Broadcasts/TC0175' (Root cause: Call Test Case 'Test Cases/Broadcasts/TC0175' failed)]]></system-out>
         <system-err><![CDATA[2019-04-26 16:17:30 - [TEST_CASE][FAILED] - Test Cases/Broadcasts/TC0189: Test Cases/Broadcasts/TC0189 FAILED because (of) Unable to click on object 'Object Repository/Page_KiboPush  Broadcast/a_Create New Broadcast' (Root cause: org.openqa.selenium.WebDriverException: unknown error: Element <button class="btn btn-primary" style="color: white;">...</button> is not clickable at point (607, 302). Other element would receive the click: <div style="width: 100%; text-align: center;">...</div>
  (Session info: chrome=73.0.3683.103)
  (Driver info: chromedriver=2.35.528161 (5b82f2d2aae0ca24b877009200ced9065a772e73),platform=Windows NT 10.0.17134 x86_64) (WARNING: The server did not provide any stacktrace information)
Command duration or timeout: 0 milliseconds
Build info: version: '3.7.1', revision: '8a0099a', time: '2017-11-06T21:07:36.161Z'
System info: host: 'DESKTOP-4M6R1V0', ip: '10.0.2.15', os.name: 'Windows 10', os.arch: 'amd64', os.version: '10.0', java.version: '1.8.0_181'
Driver info: com.kms.katalon.selenium.driver.CChromeDriver
Capabilities {acceptInsecureCerts: false, acceptSslCerts: false, applicationCacheEnabled: false, browserConnectionEnabled: false, browserName: chrome, chrome: {chromedriverVersion: 2.35.528161 (5b82f2d2aae0ca..., userDataDir: C:\Users\CLOUDK~1\AppData\L...}, cssSelectorsEnabled: true, databaseEnabled: false, handlesAlerts: true, hasTouchScreen: false, javascriptEnabled: true, locationContextEnabled: true, mobileEmulationEnabled: false, nativeEvents: true, networkConnectionEnabled: false, pageLoadStrategy: normal, platform: XP, platformName: XP, rotatable: false, setWindowRect: true, takesHeapSnapshot: true, takesScreenshot: true, unexpectedAlertBehaviour: , unhandledPromptBehavior: , version: 73.0.3683.103, webStorageEnabled: true}
Session ID: 47331ab227281a1373121dc3dcc07306)]]></system-err>
      </testcase>
      <testcase name="Test Cases/Broadcasts/TC0190" classname="Test Cases/Broadcasts/TC0190" status="PASSED">
         <system-out><![CDATA[2019-04-26 16:17:33 - [TEST_CASE][PASSED] - Test Cases/Broadcasts/TC0190: Test Cases/Broadcasts/TC0190

2019-04-26 16:17:33 - [TEST_STEP][PASSED] - callTestCase: Call Test Case 'Test Cases/s-sidebar_navigation/TeamAccount/Broadcasts' successfully

2019-04-26 16:17:33 - [TEST_CASE][PASSED] - Test Cases/s-sidebar_navigation/TeamAccount/Broadcasts: Test Cases/s-sidebar_navigation/TeamAccount/Broadcasts

2019-04-26 16:17:33 - [TEST_STEP][PASSED] - callTestCase: Call Test Case 'Test Cases/s-sidebar_navigation/individualAccount/broadcast' successfully

2019-04-26 16:17:34 - [TEST_CASE][PASSED] - Test Cases/s-sidebar_navigation/individualAccount/broadcast: Test Cases/s-sidebar_navigation/individualAccount/broadcast

2019-04-26 16:17:34 - [TEST_STEP][PASSED] - click: Object: 'Object Repository/Page_KiboPush  Dashboard/span_Polls' is clicked on

2019-04-26 16:17:34 - [MESSAGE][PASSED] - Object: 'Object Repository/Page_KiboPush  Dashboard/span_Polls' is clicked on

2019-04-26 16:17:34 - [TEST_STEP][PASSED] - delay: Delayed 1 second(s)

2019-04-26 16:17:35 - [MESSAGE][PASSED] - Delayed 1 second(s)

2019-04-26 16:17:35 - [TEST_STEP][PASSED] - click: Object: 'Object Repository/Page_KiboPush  Dashboard/span_Broadcasts' is clicked on

2019-04-26 16:17:35 - [MESSAGE][PASSED] - Object: 'Object Repository/Page_KiboPush  Dashboard/span_Broadcasts' is clicked on

2019-04-26 16:17:35 - [TEST_STEP][PASSED] - delay: Delayed 1 second(s)

2019-04-26 16:17:36 - [MESSAGE][PASSED] - Delayed 1 second(s)

2019-04-26 16:17:36 - [TEST_STEP][PASSED] - scrollToPosition: Browser is scrolled to position x = 0, y = 0

2019-04-26 16:17:36 - [MESSAGE][PASSED] - Browser is scrolled to position x = 0, y = 0

2019-04-26 16:17:36 - [TEST_STEP][PASSED] - click: Object: 'Object Repository/Page_KiboPush  Broadcast/h3_Manage Broadcasts' is clicked on

2019-04-26 16:17:36 - [MESSAGE][PASSED] - Object: 'Object Repository/Page_KiboPush  Broadcast/h3_Manage Broadcasts' is clicked on

2019-04-26 16:17:36 - [MESSAGE][PASSED] - Call Test Case 'Test Cases/s-sidebar_navigation/individualAccount/broadcast' successfully

2019-04-26 16:17:36 - [MESSAGE][PASSED] - Call Test Case 'Test Cases/s-sidebar_navigation/TeamAccount/Broadcasts' successfully

2019-04-26 16:17:36 - [TEST_STEP][PASSED] - click: Object: 'Object Repository/Page_KiboPush  Broadcast/span_Create New Broadcast' is clicked on

2019-04-26 16:17:36 - [MESSAGE][PASSED] - Object: 'Object Repository/Page_KiboPush  Broadcast/span_Create New Broadcast' is clicked on

2019-04-26 16:17:36 - [TEST_STEP][PASSED] - click: Object: 'Object Repository/Page_KiboPush  Broadcast/a_Create New Broadcast' is clicked on

2019-04-26 16:17:37 - [MESSAGE][PASSED] - Object: 'Object Repository/Page_KiboPush  Broadcast/a_Create New Broadcast' is clicked on

2019-04-26 16:17:37 - [TEST_STEP][PASSED] - delay: Delayed 1 second(s)

2019-04-26 16:17:38 - [MESSAGE][PASSED] - Delayed 1 second(s)

2019-04-26 16:17:38 - [TEST_STEP][PASSED] - click: Object: 'Object Repository/Page_KiboPush  Create Broadcast/i_convoTitle' is clicked on

2019-04-26 16:17:38 - [MESSAGE][PASSED] - Object: 'Object Repository/Page_KiboPush  Create Broadcast/i_convoTitle' is clicked on

2019-04-26 16:17:38 - [TEST_STEP][PASSED] - setText: Text 'TitleX' is set on object 'Object Repository/Page_KiboPush  Create Broadcast/input_form-control (10)'

2019-04-26 16:17:38 - [MESSAGE][PASSED] - Text 'TitleX' is set on object 'Object Repository/Page_KiboPush  Create Broadcast/input_form-control (10)'

2019-04-26 16:17:38 - [TEST_STEP][PASSED] - click: Object: 'Object Repository/Page_KiboPush  Create Broadcast/button_Save' is clicked on

2019-04-26 16:17:39 - [MESSAGE][PASSED] - Object: 'Object Repository/Page_KiboPush  Create Broadcast/button_Save' is clicked on

2019-04-26 16:17:39 - [TEST_STEP][PASSED] - delay: Delayed 1 second(s)

2019-04-26 16:17:40 - [MESSAGE][PASSED] - Delayed 1 second(s)

2019-04-26 16:17:40 - [TEST_STEP][PASSED] - click: Object: 'Object Repository/Page_KiboPush  Create Broadcast/h3_TitleX' is clicked on

2019-04-26 16:17:40 - [MESSAGE][PASSED] - Object: 'Object Repository/Page_KiboPush  Create Broadcast/h3_TitleX' is clicked on]]></system-out>
         <system-err><![CDATA[]]></system-err>
      </testcase>
      <testcase name="Test Cases/Broadcasts/TC0192" classname="Test Cases/Broadcasts/TC0192" status="FAILED">
         <failure type="FAILED" message="Unable to click on object 'Object Repository/Page_KiboPush  Create Broadcast/div_Text_1' (Root cause: com.kms.katalon.core.webui.exception.WebElementNotFoundException: Web element with id: 'Object Repository/Page_KiboPush  Create Broadcast/div_Text_1' located by 'By.xpath: //div[@id = 'text' and (text() = 'Text' or . = 'Text')]' not found)"/>
         <system-out><![CDATA[2019-04-26 16:17:40 - [TEST_CASE][FAILED] - Test Cases/Broadcasts/TC0192: Test Cases/Broadcasts/TC0192 FAILED because (of) Unable to click on object 'Object Repository/Page_KiboPush  Create Broadcast/div_Text_1' (Root cause: com.kms.katalon.core.webui.exception.WebElementNotFoundException: Web element with id: 'Object Repository/Page_KiboPush  Create Broadcast/div_Text_1' located by 'By.xpath: //div[@id = 'text' and (text() = 'Text' or . = 'Text')]' not found)

2019-04-26 16:17:40 - [TEST_STEP][FAILED] - callTestCase: Unable to call Test Case with id 'Test Cases/Broadcasts/TC0131' (Root cause: Call Test Case 'Test Cases/Broadcasts/TC0131' failed)

2019-04-26 16:17:40 - [TEST_CASE][FAILED] - Test Cases/Broadcasts/TC0131: Test Cases/Broadcasts/TC0131 FAILED because (of) Unable to click on object 'Object Repository/Page_KiboPush  Create Broadcast/div_Text_1' (Root cause: com.kms.katalon.core.webui.exception.WebElementNotFoundException: Web element with id: 'Object Repository/Page_KiboPush  Create Broadcast/div_Text_1' located by 'By.xpath: //div[@id = 'text' and (text() = 'Text' or . = 'Text')]' not found)

2019-04-26 16:17:40 - [TEST_STEP][PASSED] - callTestCase: Call Test Case 'Test Cases/s-sidebar_navigation/TeamAccount/Broadcasts' successfully

2019-04-26 16:17:40 - [TEST_CASE][PASSED] - Test Cases/s-sidebar_navigation/TeamAccount/Broadcasts: Test Cases/s-sidebar_navigation/TeamAccount/Broadcasts

2019-04-26 16:17:40 - [TEST_STEP][PASSED] - callTestCase: Call Test Case 'Test Cases/s-sidebar_navigation/individualAccount/broadcast' successfully

2019-04-26 16:17:40 - [TEST_CASE][PASSED] - Test Cases/s-sidebar_navigation/individualAccount/broadcast: Test Cases/s-sidebar_navigation/individualAccount/broadcast

2019-04-26 16:17:40 - [TEST_STEP][PASSED] - click: Object: 'Object Repository/Page_KiboPush  Dashboard/span_Polls' is clicked on

2019-04-26 16:17:40 - [MESSAGE][PASSED] - Object: 'Object Repository/Page_KiboPush  Dashboard/span_Polls' is clicked on

2019-04-26 16:17:40 - [TEST_STEP][PASSED] - delay: Delayed 1 second(s)

2019-04-26 16:17:41 - [MESSAGE][PASSED] - Delayed 1 second(s)

2019-04-26 16:17:41 - [TEST_STEP][PASSED] - click: Object: 'Object Repository/Page_KiboPush  Dashboard/span_Broadcasts' is clicked on

2019-04-26 16:17:41 - [MESSAGE][PASSED] - Object: 'Object Repository/Page_KiboPush  Dashboard/span_Broadcasts' is clicked on

2019-04-26 16:17:41 - [TEST_STEP][PASSED] - delay: Delayed 1 second(s)

2019-04-26 16:17:42 - [MESSAGE][PASSED] - Delayed 1 second(s)

2019-04-26 16:17:42 - [TEST_STEP][PASSED] - scrollToPosition: Browser is scrolled to position x = 0, y = 0

2019-04-26 16:17:42 - [MESSAGE][PASSED] - Browser is scrolled to position x = 0, y = 0

2019-04-26 16:17:42 - [TEST_STEP][PASSED] - click: Object: 'Object Repository/Page_KiboPush  Broadcast/h3_Manage Broadcasts' is clicked on

2019-04-26 16:17:43 - [MESSAGE][PASSED] - Object: 'Object Repository/Page_KiboPush  Broadcast/h3_Manage Broadcasts' is clicked on

2019-04-26 16:17:43 - [MESSAGE][PASSED] - Call Test Case 'Test Cases/s-sidebar_navigation/individualAccount/broadcast' successfully

2019-04-26 16:17:43 - [MESSAGE][PASSED] - Call Test Case 'Test Cases/s-sidebar_navigation/TeamAccount/Broadcasts' successfully

2019-04-26 16:17:43 - [TEST_STEP][PASSED] - click: Object: 'Object Repository/Page_KiboPush  Broadcast/span_Create New Broadcast' is clicked on

2019-04-26 16:17:43 - [MESSAGE][PASSED] - Object: 'Object Repository/Page_KiboPush  Broadcast/span_Create New Broadcast' is clicked on

2019-04-26 16:17:43 - [TEST_STEP][PASSED] - click: Object: 'Object Repository/Page_KiboPush  Broadcast/a_Create New Broadcast' is clicked on

2019-04-26 16:17:43 - [MESSAGE][PASSED] - Object: 'Object Repository/Page_KiboPush  Broadcast/a_Create New Broadcast' is clicked on

2019-04-26 16:17:43 - [TEST_STEP][PASSED] - delay: Delayed 1 second(s)

2019-04-26 16:17:44 - [MESSAGE][PASSED] - Delayed 1 second(s)

2019-04-26 16:17:44 - [TEST_STEP][FAILED] - click: Unable to click on object 'Object Repository/Page_KiboPush  Create Broadcast/div_Text_1' (Root cause: com.kms.katalon.core.webui.exception.WebElementNotFoundException: Web element with id: 'Object Repository/Page_KiboPush  Create Broadcast/div_Text_1' located by 'By.xpath: //div[@id = 'text' and (text() = 'Text' or . = 'Text')]' not found)

2019-04-26 16:18:19 - [MESSAGE][FAILED] - Unable to click on object 'Object Repository/Page_KiboPush  Create Broadcast/div_Text_1' (Root cause: com.kms.katalon.core.webui.exception.WebElementNotFoundException: Web element with id: 'Object Repository/Page_KiboPush  Create Broadcast/div_Text_1' located by 'By.xpath: //div[@id = 'text' and (text() = 'Text' or . = 'Text')]' not found)
[[ATTACHMENT|C:\\Users\\cloudkibo\\Desktop\\KiboPush_Automated_Testing\\KiboPush Katalon\\Reports\\broadcast\\20190426_154219\\1556277499673.png]]

2019-04-26 16:18:19 - [MESSAGE][FAILED] - Unable to call Test Case with id 'Test Cases/Broadcasts/TC0131' (Root cause: Call Test Case 'Test Cases/Broadcasts/TC0131' failed)]]></system-out>
         <system-err><![CDATA[2019-04-26 16:17:40 - [TEST_CASE][FAILED] - Test Cases/Broadcasts/TC0192: Test Cases/Broadcasts/TC0192 FAILED because (of) Unable to click on object 'Object Repository/Page_KiboPush  Create Broadcast/div_Text_1' (Root cause: com.kms.katalon.core.webui.exception.WebElementNotFoundException: Web element with id: 'Object Repository/Page_KiboPush  Create Broadcast/div_Text_1' located by 'By.xpath: //div[@id = 'text' and (text() = 'Text' or . = 'Text')]' not found)]]></system-err>
      </testcase>
      <testcase name="Test Cases/Broadcasts/TC0193" classname="Test Cases/Broadcasts/TC0193" status="PASSED">
         <system-out><![CDATA[2019-04-26 16:18:19 - [TEST_CASE][PASSED] - Test Cases/Broadcasts/TC0193: Test Cases/Broadcasts/TC0193

2019-04-26 16:18:20 - [TEST_STEP][PASSED] - callTestCase: Call Test Case 'Test Cases/Broadcasts/TC0133' successfully

2019-04-26 16:18:20 - [TEST_CASE][PASSED] - Test Cases/Broadcasts/TC0133: Test Cases/Broadcasts/TC0133

2019-04-26 16:18:20 - [TEST_STEP][PASSED] - callTestCase: Call Test Case 'Test Cases/s-sidebar_navigation/TeamAccount/Broadcasts' successfully

2019-04-26 16:18:20 - [TEST_CASE][PASSED] - Test Cases/s-sidebar_navigation/TeamAccount/Broadcasts: Test Cases/s-sidebar_navigation/TeamAccount/Broadcasts

2019-04-26 16:18:20 - [TEST_STEP][PASSED] - callTestCase: Call Test Case 'Test Cases/s-sidebar_navigation/individualAccount/broadcast' successfully

2019-04-26 16:18:20 - [TEST_CASE][PASSED] - Test Cases/s-sidebar_navigation/individualAccount/broadcast: Test Cases/s-sidebar_navigation/individualAccount/broadcast

2019-04-26 16:18:20 - [TEST_STEP][PASSED] - click: Object: 'Object Repository/Page_KiboPush  Dashboard/span_Polls' is clicked on

2019-04-26 16:18:20 - [MESSAGE][PASSED] - Object: 'Object Repository/Page_KiboPush  Dashboard/span_Polls' is clicked on

2019-04-26 16:18:20 - [TEST_STEP][PASSED] - delay: Delayed 1 second(s)

2019-04-26 16:18:21 - [MESSAGE][PASSED] - Delayed 1 second(s)

2019-04-26 16:18:21 - [TEST_STEP][PASSED] - click: Object: 'Object Repository/Page_KiboPush  Dashboard/span_Broadcasts' is clicked on

2019-04-26 16:18:22 - [MESSAGE][PASSED] - Object: 'Object Repository/Page_KiboPush  Dashboard/span_Broadcasts' is clicked on

2019-04-26 16:18:22 - [TEST_STEP][PASSED] - delay: Delayed 1 second(s)

2019-04-26 16:18:23 - [MESSAGE][PASSED] - Delayed 1 second(s)

2019-04-26 16:18:23 - [TEST_STEP][PASSED] - scrollToPosition: Browser is scrolled to position x = 0, y = 0

2019-04-26 16:18:23 - [MESSAGE][PASSED] - Browser is scrolled to position x = 0, y = 0

2019-04-26 16:18:23 - [TEST_STEP][PASSED] - click: Object: 'Object Repository/Page_KiboPush  Broadcast/h3_Manage Broadcasts' is clicked on

2019-04-26 16:18:23 - [MESSAGE][PASSED] - Object: 'Object Repository/Page_KiboPush  Broadcast/h3_Manage Broadcasts' is clicked on

2019-04-26 16:18:23 - [MESSAGE][PASSED] - Call Test Case 'Test Cases/s-sidebar_navigation/individualAccount/broadcast' successfully

2019-04-26 16:18:23 - [MESSAGE][PASSED] - Call Test Case 'Test Cases/s-sidebar_navigation/TeamAccount/Broadcasts' successfully

2019-04-26 16:18:23 - [TEST_STEP][PASSED] - click: Object: 'Object Repository/Page_KiboPush  Broadcast/span_Create New Broadcast' is clicked on

2019-04-26 16:18:23 - [MESSAGE][PASSED] - Object: 'Object Repository/Page_KiboPush  Broadcast/span_Create New Broadcast' is clicked on

2019-04-26 16:18:23 - [TEST_STEP][PASSED] - click: Object: 'Object Repository/Page_KiboPush  Broadcast/a_Create New Broadcast' is clicked on

2019-04-26 16:18:24 - [MESSAGE][PASSED] - Object: 'Object Repository/Page_KiboPush  Broadcast/a_Create New Broadcast' is clicked on

2019-04-26 16:18:24 - [TEST_STEP][PASSED] - delay: Delayed 1 second(s)

2019-04-26 16:18:25 - [MESSAGE][PASSED] - Delayed 1 second(s)

2019-04-26 16:18:25 - [TEST_STEP][PASSED] - click: Object: 'Object Repository/Page_KiboPush  Create Broadcast/div_Text' is clicked on

2019-04-26 16:18:26 - [MESSAGE][PASSED] - Object: 'Object Repository/Page_KiboPush  Create Broadcast/div_Text' is clicked on

2019-04-26 16:18:26 - [TEST_STEP][PASSED] - click: Object: 'Object Repository/Page_KiboPush  Create Broadcast/div_ Add Button' is clicked on

2019-04-26 16:18:26 - [MESSAGE][PASSED] - Object: 'Object Repository/Page_KiboPush  Create Broadcast/div_ Add Button' is clicked on

2019-04-26 16:18:26 - [TEST_STEP][PASSED] - setText: Text 'KiboPush' is set on object 'Object Repository/Page_KiboPush  Create Broadcast/input_form-control (9)'

2019-04-26 16:18:26 - [MESSAGE][PASSED] - Text 'KiboPush' is set on object 'Object Repository/Page_KiboPush  Create Broadcast/input_form-control (9)'

2019-04-26 16:18:26 - [TEST_STEP][PASSED] - click: Object: 'Object Repository/Page_KiboPush  Create Broadcast/div_Open a website (5)' is clicked on

2019-04-26 16:18:26 - [MESSAGE][PASSED] - Object: 'Object Repository/Page_KiboPush  Create Broadcast/div_Open a website (5)' is clicked on

2019-04-26 16:18:26 - [TEST_STEP][PASSED] - setText: Text 'kibopush.com' is set on object 'Object Repository/Page_KiboPush  Create Broadcast/input_form-control_1 (5)'

2019-04-26 16:18:27 - [MESSAGE][PASSED] - Text 'kibopush.com' is set on object 'Object Repository/Page_KiboPush  Create Broadcast/input_form-control_1 (5)'

2019-04-26 16:18:27 - [TEST_STEP][PASSED] - click: Object: 'Object Repository/Page_KiboPush  Create Broadcast/button_Done (5)' is clicked on

2019-04-26 16:18:27 - [MESSAGE][PASSED] - Object: 'Object Repository/Page_KiboPush  Create Broadcast/button_Done (5)' is clicked on

2019-04-26 16:18:27 - [MESSAGE][PASSED] - Call Test Case 'Test Cases/Broadcasts/TC0133' successfully

2019-04-26 16:18:27 - [TEST_STEP][PASSED] - click: Object: 'Object Repository/Page_KiboPush  Create Broadcast/button_KiboPush (1)' is clicked on

2019-04-26 16:18:28 - [MESSAGE][PASSED] - Object: 'Object Repository/Page_KiboPush  Create Broadcast/button_KiboPush (1)' is clicked on

2019-04-26 16:18:28 - [TEST_STEP][PASSED] - doubleClick: Object: 'Object Repository/Page_KiboPush  Create Broadcast/input_form-control (11)' is double clicked on

2019-04-26 16:18:28 - [MESSAGE][PASSED] - Object: 'Object Repository/Page_KiboPush  Create Broadcast/input_form-control (11)' is double clicked on

2019-04-26 16:18:28 - [TEST_STEP][PASSED] - verifyElementAttributeValue: Object 'Object Repository/Page_KiboPush  Create Broadcast/input_form-control' has attribute 'value' with value 'KiboPush'

2019-04-26 16:18:28 - [MESSAGE][PASSED] - Object 'Object Repository/Page_KiboPush  Create Broadcast/input_form-control' has attribute 'value' with value 'KiboPush']]></system-out>
         <system-err><![CDATA[]]></system-err>
      </testcase>
      <testcase name="Test Cases/Broadcasts/TC0194" classname="Test Cases/Broadcasts/TC0194" status="PASSED">
         <system-out><![CDATA[2019-04-26 16:18:28 - [TEST_CASE][PASSED] - Test Cases/Broadcasts/TC0194: Test Cases/Broadcasts/TC0194

2019-04-26 16:18:28 - [TEST_STEP][PASSED] - callTestCase: Call Test Case 'Test Cases/Broadcasts/TC0131' successfully

2019-04-26 16:18:28 - [TEST_CASE][PASSED] - Test Cases/Broadcasts/TC0131: Test Cases/Broadcasts/TC0131

2019-04-26 16:18:28 - [TEST_STEP][PASSED] - callTestCase: Call Test Case 'Test Cases/s-sidebar_navigation/TeamAccount/Broadcasts' successfully

2019-04-26 16:18:29 - [TEST_CASE][PASSED] - Test Cases/s-sidebar_navigation/TeamAccount/Broadcasts: Test Cases/s-sidebar_navigation/TeamAccount/Broadcasts

2019-04-26 16:18:29 - [TEST_STEP][PASSED] - callTestCase: Call Test Case 'Test Cases/s-sidebar_navigation/individualAccount/broadcast' successfully

2019-04-26 16:18:29 - [TEST_CASE][PASSED] - Test Cases/s-sidebar_navigation/individualAccount/broadcast: Test Cases/s-sidebar_navigation/individualAccount/broadcast

2019-04-26 16:18:29 - [TEST_STEP][PASSED] - click: Object: 'Object Repository/Page_KiboPush  Dashboard/span_Polls' is clicked on

2019-04-26 16:18:29 - [MESSAGE][PASSED] - Object: 'Object Repository/Page_KiboPush  Dashboard/span_Polls' is clicked on

2019-04-26 16:18:29 - [TEST_STEP][PASSED] - delay: Delayed 1 second(s)

2019-04-26 16:18:30 - [MESSAGE][PASSED] - Delayed 1 second(s)

2019-04-26 16:18:30 - [TEST_STEP][PASSED] - click: Object: 'Object Repository/Page_KiboPush  Dashboard/span_Broadcasts' is clicked on

2019-04-26 16:18:30 - [MESSAGE][PASSED] - Object: 'Object Repository/Page_KiboPush  Dashboard/span_Broadcasts' is clicked on

2019-04-26 16:18:30 - [TEST_STEP][PASSED] - delay: Delayed 1 second(s)

2019-04-26 16:18:31 - [MESSAGE][PASSED] - Delayed 1 second(s)

2019-04-26 16:18:31 - [TEST_STEP][PASSED] - scrollToPosition: Browser is scrolled to position x = 0, y = 0

2019-04-26 16:18:31 - [MESSAGE][PASSED] - Browser is scrolled to position x = 0, y = 0

2019-04-26 16:18:31 - [TEST_STEP][PASSED] - click: Object: 'Object Repository/Page_KiboPush  Broadcast/h3_Manage Broadcasts' is clicked on

2019-04-26 16:18:31 - [MESSAGE][PASSED] - Object: 'Object Repository/Page_KiboPush  Broadcast/h3_Manage Broadcasts' is clicked on

2019-04-26 16:18:31 - [MESSAGE][PASSED] - Call Test Case 'Test Cases/s-sidebar_navigation/individualAccount/broadcast' successfully

2019-04-26 16:18:31 - [MESSAGE][PASSED] - Call Test Case 'Test Cases/s-sidebar_navigation/TeamAccount/Broadcasts' successfully

2019-04-26 16:18:31 - [TEST_STEP][PASSED] - click: Object: 'Object Repository/Page_KiboPush  Broadcast/span_Create New Broadcast' is clicked on

2019-04-26 16:18:32 - [MESSAGE][PASSED] - Object: 'Object Repository/Page_KiboPush  Broadcast/span_Create New Broadcast' is clicked on

2019-04-26 16:18:32 - [TEST_STEP][PASSED] - click: Object: 'Object Repository/Page_KiboPush  Broadcast/a_Create New Broadcast' is clicked on

2019-04-26 16:18:32 - [MESSAGE][PASSED] - Object: 'Object Repository/Page_KiboPush  Broadcast/a_Create New Broadcast' is clicked on

2019-04-26 16:18:32 - [TEST_STEP][PASSED] - delay: Delayed 1 second(s)

2019-04-26 16:18:33 - [MESSAGE][PASSED] - Delayed 1 second(s)

2019-04-26 16:18:33 - [TEST_STEP][PASSED] - click: Object: 'Object Repository/Page_KiboPush  Create Broadcast/div_Text_1' is clicked on

2019-04-26 16:18:34 - [MESSAGE][PASSED] - Object: 'Object Repository/Page_KiboPush  Create Broadcast/div_Text_1' is clicked on

2019-04-26 16:18:34 - [MESSAGE][PASSED] - Call Test Case 'Test Cases/Broadcasts/TC0131' successfully

2019-04-26 16:18:34 - [TEST_STEP][PASSED] - click: Object: 'Object Repository/Page_KiboPush  Create Broadcast/div_ Add Button' is clicked on

2019-04-26 16:18:34 - [MESSAGE][PASSED] - Object: 'Object Repository/Page_KiboPush  Create Broadcast/div_ Add Button' is clicked on

2019-04-26 16:18:34 - [TEST_STEP][PASSED] - verifyElementPresent: Object 'Object Repository/Page_KiboPush  Create Broadcast/strong_Add Button' is present

2019-04-26 16:18:34 - [MESSAGE][PASSED] - Object 'Object Repository/Page_KiboPush  Create Broadcast/strong_Add Button' is present

2019-04-26 16:18:34 - [TEST_STEP][PASSED] - click: Object: 'Object Repository/Page_KiboPush  Create Broadcast/button_Cancel' is clicked on

2019-04-26 16:18:34 - [MESSAGE][PASSED] - Object: 'Object Repository/Page_KiboPush  Create Broadcast/button_Cancel' is clicked on

2019-04-26 16:18:34 - [TEST_STEP][PASSED] - verifyElementNotPresent: Web element with id: 'Object Repository/Page_KiboPush  Create Broadcast/strong_Add Button' located by 'By.xpath: //strong[(text() = 'Add Button' or . = 'Add Button')]' is not present after '5' second(s)

2019-04-26 16:18:34 - [MESSAGE][PASSED] - Web element with id: 'Object Repository/Page_KiboPush  Create Broadcast/strong_Add Button' located by 'By.xpath: //strong[(text() = 'Add Button' or . = 'Add Button')]' is not present after '5' second(s)]]></system-out>
         <system-err><![CDATA[]]></system-err>
      </testcase>
      <testcase name="Test Cases/Broadcasts/TC0195" classname="Test Cases/Broadcasts/TC0195" status="PASSED">
         <system-out><![CDATA[2019-04-26 16:18:34 - [TEST_CASE][PASSED] - Test Cases/Broadcasts/TC0195: Test Cases/Broadcasts/TC0195

2019-04-26 16:18:34 - [TEST_STEP][PASSED] - callTestCase: Call Test Case 'Test Cases/Broadcasts/TC0133' successfully

2019-04-26 16:18:34 - [TEST_CASE][PASSED] - Test Cases/Broadcasts/TC0133: Test Cases/Broadcasts/TC0133

2019-04-26 16:18:34 - [TEST_STEP][PASSED] - callTestCase: Call Test Case 'Test Cases/s-sidebar_navigation/TeamAccount/Broadcasts' successfully

2019-04-26 16:18:34 - [TEST_CASE][PASSED] - Test Cases/s-sidebar_navigation/TeamAccount/Broadcasts: Test Cases/s-sidebar_navigation/TeamAccount/Broadcasts

2019-04-26 16:18:34 - [TEST_STEP][PASSED] - callTestCase: Call Test Case 'Test Cases/s-sidebar_navigation/individualAccount/broadcast' successfully

2019-04-26 16:18:34 - [TEST_CASE][PASSED] - Test Cases/s-sidebar_navigation/individualAccount/broadcast: Test Cases/s-sidebar_navigation/individualAccount/broadcast

2019-04-26 16:18:34 - [TEST_STEP][PASSED] - click: Object: 'Object Repository/Page_KiboPush  Dashboard/span_Polls' is clicked on

2019-04-26 16:18:35 - [MESSAGE][PASSED] - Object: 'Object Repository/Page_KiboPush  Dashboard/span_Polls' is clicked on

2019-04-26 16:18:35 - [TEST_STEP][PASSED] - delay: Delayed 1 second(s)

2019-04-26 16:18:36 - [MESSAGE][PASSED] - Delayed 1 second(s)

2019-04-26 16:18:36 - [TEST_STEP][PASSED] - click: Object: 'Object Repository/Page_KiboPush  Dashboard/span_Broadcasts' is clicked on

2019-04-26 16:18:36 - [MESSAGE][PASSED] - Object: 'Object Repository/Page_KiboPush  Dashboard/span_Broadcasts' is clicked on

2019-04-26 16:18:36 - [TEST_STEP][PASSED] - delay: Delayed 1 second(s)

2019-04-26 16:18:37 - [MESSAGE][PASSED] - Delayed 1 second(s)

2019-04-26 16:18:37 - [TEST_STEP][PASSED] - scrollToPosition: Browser is scrolled to position x = 0, y = 0

2019-04-26 16:18:37 - [MESSAGE][PASSED] - Browser is scrolled to position x = 0, y = 0

2019-04-26 16:18:37 - [TEST_STEP][PASSED] - click: Object: 'Object Repository/Page_KiboPush  Broadcast/h3_Manage Broadcasts' is clicked on

2019-04-26 16:18:37 - [MESSAGE][PASSED] - Object: 'Object Repository/Page_KiboPush  Broadcast/h3_Manage Broadcasts' is clicked on

2019-04-26 16:18:37 - [MESSAGE][PASSED] - Call Test Case 'Test Cases/s-sidebar_navigation/individualAccount/broadcast' successfully

2019-04-26 16:18:37 - [MESSAGE][PASSED] - Call Test Case 'Test Cases/s-sidebar_navigation/TeamAccount/Broadcasts' successfully

2019-04-26 16:18:37 - [TEST_STEP][PASSED] - click: Object: 'Object Repository/Page_KiboPush  Broadcast/span_Create New Broadcast' is clicked on

2019-04-26 16:18:37 - [MESSAGE][PASSED] - Object: 'Object Repository/Page_KiboPush  Broadcast/span_Create New Broadcast' is clicked on

2019-04-26 16:18:37 - [TEST_STEP][PASSED] - click: Object: 'Object Repository/Page_KiboPush  Broadcast/a_Create New Broadcast' is clicked on

2019-04-26 16:18:37 - [MESSAGE][PASSED] - Object: 'Object Repository/Page_KiboPush  Broadcast/a_Create New Broadcast' is clicked on

2019-04-26 16:18:37 - [TEST_STEP][PASSED] - delay: Delayed 1 second(s)

2019-04-26 16:18:38 - [MESSAGE][PASSED] - Delayed 1 second(s)

2019-04-26 16:18:38 - [TEST_STEP][PASSED] - click: Object: 'Object Repository/Page_KiboPush  Create Broadcast/div_Text' is clicked on

2019-04-26 16:18:39 - [MESSAGE][PASSED] - Object: 'Object Repository/Page_KiboPush  Create Broadcast/div_Text' is clicked on

2019-04-26 16:18:39 - [TEST_STEP][PASSED] - click: Object: 'Object Repository/Page_KiboPush  Create Broadcast/div_ Add Button' is clicked on

2019-04-26 16:18:39 - [MESSAGE][PASSED] - Object: 'Object Repository/Page_KiboPush  Create Broadcast/div_ Add Button' is clicked on

2019-04-26 16:18:39 - [TEST_STEP][PASSED] - setText: Text 'KiboPush' is set on object 'Object Repository/Page_KiboPush  Create Broadcast/input_form-control (9)'

2019-04-26 16:18:39 - [MESSAGE][PASSED] - Text 'KiboPush' is set on object 'Object Repository/Page_KiboPush  Create Broadcast/input_form-control (9)'

2019-04-26 16:18:39 - [TEST_STEP][PASSED] - click: Object: 'Object Repository/Page_KiboPush  Create Broadcast/div_Open a website (5)' is clicked on

2019-04-26 16:18:40 - [MESSAGE][PASSED] - Object: 'Object Repository/Page_KiboPush  Create Broadcast/div_Open a website (5)' is clicked on

2019-04-26 16:18:40 - [TEST_STEP][PASSED] - setText: Text 'kibopush.com' is set on object 'Object Repository/Page_KiboPush  Create Broadcast/input_form-control_1 (5)'

2019-04-26 16:18:40 - [MESSAGE][PASSED] - Text 'kibopush.com' is set on object 'Object Repository/Page_KiboPush  Create Broadcast/input_form-control_1 (5)'

2019-04-26 16:18:40 - [TEST_STEP][PASSED] - click: Object: 'Object Repository/Page_KiboPush  Create Broadcast/button_Done (5)' is clicked on

2019-04-26 16:18:40 - [MESSAGE][PASSED] - Object: 'Object Repository/Page_KiboPush  Create Broadcast/button_Done (5)' is clicked on

2019-04-26 16:18:40 - [MESSAGE][PASSED] - Call Test Case 'Test Cases/Broadcasts/TC0133' successfully

2019-04-26 16:18:40 - [TEST_STEP][PASSED] - verifyElementPresent: Object 'Object Repository/Page_KiboPush  Create Broadcast/button_KiboPush' is present

2019-04-26 16:18:41 - [MESSAGE][PASSED] - Object 'Object Repository/Page_KiboPush  Create Broadcast/button_KiboPush' is present

2019-04-26 16:18:41 - [TEST_STEP][PASSED] - click: Object: 'Object Repository/Page_KiboPush  Create Broadcast/button_KiboPush' is clicked on

2019-04-26 16:18:41 - [MESSAGE][PASSED] - Object: 'Object Repository/Page_KiboPush  Create Broadcast/button_KiboPush' is clicked on

2019-04-26 16:18:41 - [TEST_STEP][PASSED] - click: Object: 'Object Repository/Page_KiboPush  Create Broadcast/button_Remove' is clicked on

2019-04-26 16:18:42 - [MESSAGE][PASSED] - Object: 'Object Repository/Page_KiboPush  Create Broadcast/button_Remove' is clicked on

2019-04-26 16:18:42 - [TEST_STEP][PASSED] - verifyElementNotPresent: Web element with id: 'Object Repository/Page_KiboPush  Create Broadcast/button_KiboPush' located by 'By.xpath: //button[(text() = 'KiboPush' or . = 'KiboPush')]' is not present after '5' second(s)

2019-04-26 16:18:42 - [MESSAGE][PASSED] - Web element with id: 'Object Repository/Page_KiboPush  Create Broadcast/button_KiboPush' located by 'By.xpath: //button[(text() = 'KiboPush' or . = 'KiboPush')]' is not present after '5' second(s)]]></system-out>
         <system-err><![CDATA[]]></system-err>
      </testcase>
      <testcase name="Test Cases/Broadcasts/TC0196" classname="Test Cases/Broadcasts/TC0196" status="PASSED">
         <system-out><![CDATA[2019-04-26 16:18:42 - [TEST_CASE][PASSED] - Test Cases/Broadcasts/TC0196: Test Cases/Broadcasts/TC0196

2019-04-26 16:18:42 - [TEST_STEP][PASSED] - callTestCase: Call Test Case 'Test Cases/Broadcasts/TC0131' successfully

2019-04-26 16:18:42 - [TEST_CASE][PASSED] - Test Cases/Broadcasts/TC0131: Test Cases/Broadcasts/TC0131

2019-04-26 16:18:42 - [TEST_STEP][PASSED] - callTestCase: Call Test Case 'Test Cases/s-sidebar_navigation/TeamAccount/Broadcasts' successfully

2019-04-26 16:18:42 - [TEST_CASE][PASSED] - Test Cases/s-sidebar_navigation/TeamAccount/Broadcasts: Test Cases/s-sidebar_navigation/TeamAccount/Broadcasts

2019-04-26 16:18:42 - [TEST_STEP][PASSED] - callTestCase: Call Test Case 'Test Cases/s-sidebar_navigation/individualAccount/broadcast' successfully

2019-04-26 16:18:42 - [TEST_CASE][PASSED] - Test Cases/s-sidebar_navigation/individualAccount/broadcast: Test Cases/s-sidebar_navigation/individualAccount/broadcast

2019-04-26 16:18:42 - [TEST_STEP][PASSED] - click: Object: 'Object Repository/Page_KiboPush  Dashboard/span_Polls' is clicked on

2019-04-26 16:18:42 - [MESSAGE][PASSED] - Object: 'Object Repository/Page_KiboPush  Dashboard/span_Polls' is clicked on

2019-04-26 16:18:42 - [TEST_STEP][PASSED] - delay: Delayed 1 second(s)

2019-04-26 16:18:43 - [MESSAGE][PASSED] - Delayed 1 second(s)

2019-04-26 16:18:43 - [TEST_STEP][PASSED] - click: Object: 'Object Repository/Page_KiboPush  Dashboard/span_Broadcasts' is clicked on

2019-04-26 16:18:44 - [MESSAGE][PASSED] - Object: 'Object Repository/Page_KiboPush  Dashboard/span_Broadcasts' is clicked on

2019-04-26 16:18:44 - [TEST_STEP][PASSED] - delay: Delayed 1 second(s)

2019-04-26 16:18:45 - [MESSAGE][PASSED] - Delayed 1 second(s)

2019-04-26 16:18:45 - [TEST_STEP][PASSED] - scrollToPosition: Browser is scrolled to position x = 0, y = 0

2019-04-26 16:18:45 - [MESSAGE][PASSED] - Browser is scrolled to position x = 0, y = 0

2019-04-26 16:18:45 - [TEST_STEP][PASSED] - click: Object: 'Object Repository/Page_KiboPush  Broadcast/h3_Manage Broadcasts' is clicked on

2019-04-26 16:18:45 - [MESSAGE][PASSED] - Object: 'Object Repository/Page_KiboPush  Broadcast/h3_Manage Broadcasts' is clicked on

2019-04-26 16:18:45 - [MESSAGE][PASSED] - Call Test Case 'Test Cases/s-sidebar_navigation/individualAccount/broadcast' successfully

2019-04-26 16:18:45 - [MESSAGE][PASSED] - Call Test Case 'Test Cases/s-sidebar_navigation/TeamAccount/Broadcasts' successfully

2019-04-26 16:18:45 - [TEST_STEP][PASSED] - click: Object: 'Object Repository/Page_KiboPush  Broadcast/span_Create New Broadcast' is clicked on

2019-04-26 16:18:45 - [MESSAGE][PASSED] - Object: 'Object Repository/Page_KiboPush  Broadcast/span_Create New Broadcast' is clicked on

2019-04-26 16:18:45 - [TEST_STEP][PASSED] - click: Object: 'Object Repository/Page_KiboPush  Broadcast/a_Create New Broadcast' is clicked on

2019-04-26 16:18:46 - [MESSAGE][PASSED] - Object: 'Object Repository/Page_KiboPush  Broadcast/a_Create New Broadcast' is clicked on

2019-04-26 16:18:46 - [TEST_STEP][PASSED] - delay: Delayed 1 second(s)

2019-04-26 16:18:47 - [MESSAGE][PASSED] - Delayed 1 second(s)

2019-04-26 16:18:47 - [TEST_STEP][PASSED] - click: Object: 'Object Repository/Page_KiboPush  Create Broadcast/div_Text_1' is clicked on

2019-04-26 16:18:47 - [MESSAGE][PASSED] - Object: 'Object Repository/Page_KiboPush  Create Broadcast/div_Text_1' is clicked on

2019-04-26 16:18:47 - [MESSAGE][PASSED] - Call Test Case 'Test Cases/Broadcasts/TC0131' successfully

2019-04-26 16:18:47 - [TEST_STEP][PASSED] - click: Object: 'Object Repository/Page_KiboPush  Create Broadcast/div_Text' is clicked on

2019-04-26 16:18:47 - [MESSAGE][PASSED] - Object: 'Object Repository/Page_KiboPush  Create Broadcast/div_Text' is clicked on

2019-04-26 16:18:47 - [TEST_STEP][PASSED] - click: Object: 'Object Repository/Page_KiboPush  Create Broadcast/button_Reset (1)' is clicked on

2019-04-26 16:18:47 - [MESSAGE][PASSED] - Object: 'Object Repository/Page_KiboPush  Create Broadcast/button_Reset (1)' is clicked on

2019-04-26 16:18:47 - [TEST_STEP][PASSED] - click: Object: 'Object Repository/Page_KiboPush  Create Broadcast/button_Yes' is clicked on

2019-04-26 16:18:47 - [MESSAGE][PASSED] - Object: 'Object Repository/Page_KiboPush  Create Broadcast/button_Yes' is clicked on]]></system-out>
         <system-err><![CDATA[]]></system-err>
      </testcase>
      <testcase name="Test Cases/Broadcasts/TC0204" classname="Test Cases/Broadcasts/TC0204" status="PASSED">
         <system-out><![CDATA[2019-04-26 16:18:47 - [TEST_CASE][PASSED] - Test Cases/Broadcasts/TC0204: Test Cases/Broadcasts/TC0204

2019-04-26 16:18:48 - [TEST_STEP][PASSED] - callTestCase: Call Test Case 'Test Cases/s-sidebar_navigation/individualAccount/arveen_production_login_kiboengage' successfully

2019-04-26 16:18:48 - [TEST_CASE][PASSED] - Test Cases/s-sidebar_navigation/individualAccount/arveen_production_login_kiboengage: Test Cases/s-sidebar_navigation/individualAccount/arveen_production_login_kiboengage

2019-04-26 16:18:48 - [TEST_STEP][PASSED] - openBrowser: Browser is opened with url: ''

2019-04-26 16:18:48 - [MESSAGE][WARNING] - A browser is already opened. Closing browser and opening a new one

2019-04-26 16:18:52 - [MESSAGE][PASSED] - Browser is opened with url: ''

2019-04-26 16:18:52 - [TEST_STEP][PASSED] - maximizeWindow: Current window maximized

2019-04-26 16:18:53 - [MESSAGE][PASSED] - Current window maximized

2019-04-26 16:18:53 - [TEST_STEP][PASSED] - navigateToUrl: Navigate to 'https://kiboengage.cloudkibo.com/' successfully

2019-04-26 16:19:10 - [MESSAGE][PASSED] - Navigate to 'https://kiboengage.cloudkibo.com/' successfully

2019-04-26 16:19:10 - [TEST_STEP][PASSED] - navigateToUrl: Navigate to 'https://accounts.cloudkibo.com/?continue=https://kiboengage.cloudkibo.com' successfully

2019-04-26 16:19:11 - [MESSAGE][PASSED] - Navigate to 'https://accounts.cloudkibo.com/?continue=https://kiboengage.cloudkibo.com' successfully

2019-04-26 16:19:11 - [TEST_STEP][PASSED] - click: Object: 'Object Repository/Page_CloudKibo/a_Login (2) (1) (1)' is clicked on

2019-04-26 16:19:12 - [MESSAGE][PASSED] - Object: 'Object Repository/Page_CloudKibo/a_Login (2) (1) (1)' is clicked on

2019-04-26 16:19:12 - [TEST_STEP][PASSED] - setText: Text 'individual@cloudkibo.com' is set on object 'Object Repository/Page_KiboPush/input_email (10) (1) (1)'

2019-04-26 16:19:12 - [MESSAGE][PASSED] - Text 'individual@cloudkibo.com' is set on object 'Object Repository/Page_KiboPush/input_email (10) (1) (1)'

2019-04-26 16:19:12 - [TEST_STEP][PASSED] - setEncryptedText: Text ****** has been set on object 'Object Repository/Page_CloudKibo/input_Sign In_password (7)'

2019-04-26 16:19:12 - [MESSAGE][PASSED] - Text ****** has been set on object 'Object Repository/Page_CloudKibo/input_Sign In_password (7)'

2019-04-26 16:19:12 - [TEST_STEP][PASSED] - click: Object: 'Object Repository/Page_KiboPush/button_Sign In (10) (1) (2)' is clicked on

2019-04-26 16:19:13 - [MESSAGE][PASSED] - Object: 'Object Repository/Page_KiboPush/button_Sign In (10) (1) (2)' is clicked on

2019-04-26 16:19:13 - [TEST_STEP][PASSED] - click: Object: 'Object Repository/Page_KiboPush  Dashboard/h3_Dashboard (57)' is clicked on

2019-04-26 16:19:40 - [MESSAGE][PASSED] - Object: 'Object Repository/Page_KiboPush  Dashboard/h3_Dashboard (57)' is clicked on

2019-04-26 16:19:40 - [TEST_STEP][PASSED] - delay: Delayed 3 second(s)

2019-04-26 16:19:43 - [MESSAGE][PASSED] - Delayed 3 second(s)

2019-04-26 16:19:43 - [TEST_STEP][PASSED] - click: Object: 'Object Repository/Page_KiboEngage  Dashboard/a_SMS (2) (1) (1) (1) (3)' is clicked on

2019-04-26 16:19:44 - [MESSAGE][PASSED] - Object: 'Object Repository/Page_KiboEngage  Dashboard/a_SMS (2) (1) (1) (1) (3)' is clicked on

2019-04-26 16:19:44 - [TEST_STEP][PASSED] - delay: Delayed 2 second(s)

2019-04-26 16:19:46 - [MESSAGE][PASSED] - Delayed 2 second(s)

2019-04-26 16:19:46 - [TEST_STEP][PASSED] - click: Object: 'Object Repository/Page_KiboEngage  Dashboard/span_Messenger (1) (1) (1) (3)' is clicked on

2019-04-26 16:19:46 - [MESSAGE][PASSED] - Object: 'Object Repository/Page_KiboEngage  Dashboard/span_Messenger (1) (1) (1) (3)' is clicked on

2019-04-26 16:19:46 - [TEST_STEP][PASSED] - delay: Delayed 2 second(s)

2019-04-26 16:19:48 - [MESSAGE][PASSED] - Delayed 2 second(s)

2019-04-26 16:19:48 - [MESSAGE][PASSED] - Call Test Case 'Test Cases/s-sidebar_navigation/individualAccount/arveen_production_login_kiboengage' successfully

2019-04-26 16:19:48 - [TEST_STEP][PASSED] - callTestCase: Call Test Case 'Test Cases/Broadcasts/open_broadcast' successfully

2019-04-26 16:19:48 - [TEST_CASE][PASSED] - Test Cases/Broadcasts/open_broadcast: Test Cases/Broadcasts/open_broadcast

2019-04-26 16:19:48 - [TEST_STEP][PASSED] - click: Object: 'Object Repository/Page_KiboPush  Dashboard/span_Broadcasting' is clicked on

2019-04-26 16:19:48 - [MESSAGE][PASSED] - Object: 'Object Repository/Page_KiboPush  Dashboard/span_Broadcasting' is clicked on

2019-04-26 16:19:48 - [TEST_STEP][PASSED] - delay: Delayed 2 second(s)

2019-04-26 16:19:50 - [MESSAGE][PASSED] - Delayed 2 second(s)

2019-04-26 16:19:50 - [MESSAGE][PASSED] - Call Test Case 'Test Cases/Broadcasts/open_broadcast' successfully

2019-04-26 16:19:50 - [TEST_STEP][PASSED] - callTestCase: Call Test Case 'Test Cases/Broadcasts/TC0131' successfully

2019-04-26 16:19:50 - [TEST_CASE][PASSED] - Test Cases/Broadcasts/TC0131: Test Cases/Broadcasts/TC0131

2019-04-26 16:19:50 - [TEST_STEP][PASSED] - callTestCase: Call Test Case 'Test Cases/s-sidebar_navigation/TeamAccount/Broadcasts' successfully

2019-04-26 16:19:50 - [TEST_CASE][PASSED] - Test Cases/s-sidebar_navigation/TeamAccount/Broadcasts: Test Cases/s-sidebar_navigation/TeamAccount/Broadcasts

2019-04-26 16:19:50 - [TEST_STEP][PASSED] - callTestCase: Call Test Case 'Test Cases/s-sidebar_navigation/individualAccount/broadcast' successfully

2019-04-26 16:19:50 - [TEST_CASE][PASSED] - Test Cases/s-sidebar_navigation/individualAccount/broadcast: Test Cases/s-sidebar_navigation/individualAccount/broadcast

2019-04-26 16:19:50 - [TEST_STEP][PASSED] - click: Object: 'Object Repository/Page_KiboPush  Dashboard/span_Polls' is clicked on

2019-04-26 16:19:50 - [MESSAGE][PASSED] - Object: 'Object Repository/Page_KiboPush  Dashboard/span_Polls' is clicked on

2019-04-26 16:19:50 - [TEST_STEP][PASSED] - delay: Delayed 1 second(s)

2019-04-26 16:19:51 - [MESSAGE][PASSED] - Delayed 1 second(s)

2019-04-26 16:19:51 - [TEST_STEP][PASSED] - click: Object: 'Object Repository/Page_KiboPush  Dashboard/span_Broadcasts' is clicked on

2019-04-26 16:19:52 - [MESSAGE][PASSED] - Object: 'Object Repository/Page_KiboPush  Dashboard/span_Broadcasts' is clicked on

2019-04-26 16:19:52 - [TEST_STEP][PASSED] - delay: Delayed 1 second(s)

2019-04-26 16:19:53 - [MESSAGE][PASSED] - Delayed 1 second(s)

2019-04-26 16:19:53 - [TEST_STEP][PASSED] - scrollToPosition: Browser is scrolled to position x = 0, y = 0

2019-04-26 16:19:53 - [MESSAGE][PASSED] - Browser is scrolled to position x = 0, y = 0

2019-04-26 16:19:53 - [TEST_STEP][PASSED] - click: Object: 'Object Repository/Page_KiboPush  Broadcast/h3_Manage Broadcasts' is clicked on

2019-04-26 16:19:53 - [MESSAGE][PASSED] - Object: 'Object Repository/Page_KiboPush  Broadcast/h3_Manage Broadcasts' is clicked on

2019-04-26 16:19:53 - [MESSAGE][PASSED] - Call Test Case 'Test Cases/s-sidebar_navigation/individualAccount/broadcast' successfully

2019-04-26 16:19:53 - [MESSAGE][PASSED] - Call Test Case 'Test Cases/s-sidebar_navigation/TeamAccount/Broadcasts' successfully

2019-04-26 16:19:53 - [TEST_STEP][PASSED] - click: Object: 'Object Repository/Page_KiboPush  Broadcast/span_Create New Broadcast' is clicked on

2019-04-26 16:19:53 - [MESSAGE][PASSED] - Object: 'Object Repository/Page_KiboPush  Broadcast/span_Create New Broadcast' is clicked on

2019-04-26 16:19:53 - [TEST_STEP][PASSED] - click: Object: 'Object Repository/Page_KiboPush  Broadcast/a_Create New Broadcast' is clicked on

2019-04-26 16:19:54 - [MESSAGE][PASSED] - Object: 'Object Repository/Page_KiboPush  Broadcast/a_Create New Broadcast' is clicked on

2019-04-26 16:19:54 - [TEST_STEP][PASSED] - delay: Delayed 1 second(s)

2019-04-26 16:19:55 - [MESSAGE][PASSED] - Delayed 1 second(s)

2019-04-26 16:19:55 - [TEST_STEP][PASSED] - click: Object: 'Object Repository/Page_KiboPush  Create Broadcast/div_Text_1' is clicked on

2019-04-26 16:19:55 - [MESSAGE][PASSED] - Object: 'Object Repository/Page_KiboPush  Create Broadcast/div_Text_1' is clicked on

2019-04-26 16:19:55 - [MESSAGE][PASSED] - Call Test Case 'Test Cases/Broadcasts/TC0131' successfully

2019-04-26 16:19:55 - [TEST_STEP][PASSED] - click: Object: 'Object Repository/Page_KiboPush  Create Broadcast/div_Text' is clicked on

2019-04-26 16:19:56 - [MESSAGE][PASSED] - Object: 'Object Repository/Page_KiboPush  Create Broadcast/div_Text' is clicked on

2019-04-26 16:19:56 - [TEST_STEP][PASSED] - setText: Text 'X' is set on object 'Object Repository/Page_KiboPush  Create Broadcast/text_component'

2019-04-26 16:19:56 - [MESSAGE][PASSED] - Text 'X' is set on object 'Object Repository/Page_KiboPush  Create Broadcast/text_component'

2019-04-26 16:19:56 - [TEST_STEP][PASSED] - setText: Text 'XY' is set on object 'Object Repository/Page_KiboPush  Create Broadcast/textarea_X'

2019-04-26 16:19:56 - [MESSAGE][PASSED] - Text 'XY' is set on object 'Object Repository/Page_KiboPush  Create Broadcast/textarea_X'

2019-04-26 16:19:56 - [TEST_STEP][PASSED] - setText: Text 'XYZ' is set on object 'Object Repository/Page_KiboPush  Create Broadcast/textarea_XY'

2019-04-26 16:19:56 - [MESSAGE][PASSED] - Text 'XYZ' is set on object 'Object Repository/Page_KiboPush  Create Broadcast/textarea_XY']]></system-out>
         <system-err><![CDATA[]]></system-err>
      </testcase>
      <testcase name="Test Cases/Broadcasts/TC0684" classname="Test Cases/Broadcasts/TC0684" status="PASSED">
         <system-out><![CDATA[2019-04-26 16:19:56 - [TEST_CASE][PASSED] - Test Cases/Broadcasts/TC0684: Test Cases/Broadcasts/TC0684

2019-04-26 16:19:56 - [TEST_STEP][PASSED] - callTestCase: Call Test Case 'Test Cases/s-sidebar_navigation/TeamAccount/Broadcasts' successfully

2019-04-26 16:19:56 - [TEST_CASE][PASSED] - Test Cases/s-sidebar_navigation/TeamAccount/Broadcasts: Test Cases/s-sidebar_navigation/TeamAccount/Broadcasts

2019-04-26 16:19:56 - [TEST_STEP][PASSED] - callTestCase: Call Test Case 'Test Cases/s-sidebar_navigation/individualAccount/broadcast' successfully

2019-04-26 16:19:57 - [TEST_CASE][PASSED] - Test Cases/s-sidebar_navigation/individualAccount/broadcast: Test Cases/s-sidebar_navigation/individualAccount/broadcast

2019-04-26 16:19:57 - [TEST_STEP][PASSED] - click: Object: 'Object Repository/Page_KiboPush  Dashboard/span_Polls' is clicked on

2019-04-26 16:19:57 - [MESSAGE][PASSED] - Object: 'Object Repository/Page_KiboPush  Dashboard/span_Polls' is clicked on

2019-04-26 16:19:57 - [TEST_STEP][PASSED] - delay: Delayed 1 second(s)

2019-04-26 16:19:58 - [MESSAGE][PASSED] - Delayed 1 second(s)

2019-04-26 16:19:58 - [TEST_STEP][PASSED] - click: Object: 'Object Repository/Page_KiboPush  Dashboard/span_Broadcasts' is clicked on

2019-04-26 16:19:58 - [MESSAGE][PASSED] - Object: 'Object Repository/Page_KiboPush  Dashboard/span_Broadcasts' is clicked on

2019-04-26 16:19:58 - [TEST_STEP][PASSED] - delay: Delayed 1 second(s)

2019-04-26 16:19:59 - [MESSAGE][PASSED] - Delayed 1 second(s)

2019-04-26 16:19:59 - [TEST_STEP][PASSED] - scrollToPosition: Browser is scrolled to position x = 0, y = 0

2019-04-26 16:19:59 - [MESSAGE][PASSED] - Browser is scrolled to position x = 0, y = 0

2019-04-26 16:19:59 - [TEST_STEP][PASSED] - click: Object: 'Object Repository/Page_KiboPush  Broadcast/h3_Manage Broadcasts' is clicked on

2019-04-26 16:19:59 - [MESSAGE][PASSED] - Object: 'Object Repository/Page_KiboPush  Broadcast/h3_Manage Broadcasts' is clicked on

2019-04-26 16:19:59 - [MESSAGE][PASSED] - Call Test Case 'Test Cases/s-sidebar_navigation/individualAccount/broadcast' successfully

2019-04-26 16:19:59 - [MESSAGE][PASSED] - Call Test Case 'Test Cases/s-sidebar_navigation/TeamAccount/Broadcasts' successfully

2019-04-26 16:19:59 - [TEST_STEP][PASSED] - click: Object: 'Object Repository/Page_KiboPush  Broadcast/span_Create New Broadcast' is clicked on

2019-04-26 16:20:00 - [MESSAGE][PASSED] - Object: 'Object Repository/Page_KiboPush  Broadcast/span_Create New Broadcast' is clicked on

2019-04-26 16:20:00 - [TEST_STEP][PASSED] - click: Object: 'Object Repository/Page_KiboPush  Broadcast/a_Create New Broadcast' is clicked on

2019-04-26 16:20:00 - [MESSAGE][PASSED] - Object: 'Object Repository/Page_KiboPush  Broadcast/a_Create New Broadcast' is clicked on

2019-04-26 16:20:00 - [TEST_STEP][PASSED] - delay: Delayed 1 second(s)

2019-04-26 16:20:01 - [MESSAGE][PASSED] - Delayed 1 second(s)

2019-04-26 16:20:01 - [TEST_STEP][PASSED] - click: Object: 'Object Repository/Page_KiboPush  Create Broadcast/div_List' is clicked on

2019-04-26 16:20:01 - [MESSAGE][PASSED] - Object: 'Object Repository/Page_KiboPush  Create Broadcast/div_List' is clicked on

2019-04-26 16:20:01 - [TEST_STEP][PASSED] - delay: Delayed 1 second(s)

2019-04-26 16:20:02 - [MESSAGE][PASSED] - Delayed 1 second(s)

2019-04-26 16:20:02 - [TEST_STEP][PASSED] - click: Object: 'Object Repository/Page_KiboPush  Create Broadcast/div_ Add Button  Add Action' is clicked on

2019-04-26 16:20:03 - [MESSAGE][PASSED] - Object: 'Object Repository/Page_KiboPush  Create Broadcast/div_ Add Button  Add Action' is clicked on

2019-04-26 16:20:03 - [TEST_STEP][PASSED] - delay: Delayed 2 second(s)

2019-04-26 16:20:05 - [MESSAGE][PASSED] - Delayed 2 second(s)]]></system-out>
         <system-err><![CDATA[]]></system-err>
      </testcase>
      <testcase name="Test Cases/Broadcasts/TC0685" classname="Test Cases/Broadcasts/TC0685" status="PASSED">
         <system-out><![CDATA[2019-04-26 16:20:05 - [TEST_CASE][PASSED] - Test Cases/Broadcasts/TC0685: Test Cases/Broadcasts/TC0685

2019-04-26 16:20:05 - [TEST_STEP][PASSED] - callTestCase: Call Test Case 'Test Cases/Broadcasts/TC0684' successfully

2019-04-26 16:20:05 - [TEST_CASE][PASSED] - Test Cases/Broadcasts/TC0684: Test Cases/Broadcasts/TC0684

2019-04-26 16:20:05 - [TEST_STEP][PASSED] - callTestCase: Call Test Case 'Test Cases/s-sidebar_navigation/TeamAccount/Broadcasts' successfully

2019-04-26 16:20:05 - [TEST_CASE][PASSED] - Test Cases/s-sidebar_navigation/TeamAccount/Broadcasts: Test Cases/s-sidebar_navigation/TeamAccount/Broadcasts

2019-04-26 16:20:05 - [TEST_STEP][PASSED] - callTestCase: Call Test Case 'Test Cases/s-sidebar_navigation/individualAccount/broadcast' successfully

2019-04-26 16:20:05 - [TEST_CASE][PASSED] - Test Cases/s-sidebar_navigation/individualAccount/broadcast: Test Cases/s-sidebar_navigation/individualAccount/broadcast

2019-04-26 16:20:05 - [TEST_STEP][PASSED] - click: Object: 'Object Repository/Page_KiboPush  Dashboard/span_Polls' is clicked on

2019-04-26 16:20:05 - [MESSAGE][PASSED] - Object: 'Object Repository/Page_KiboPush  Dashboard/span_Polls' is clicked on

2019-04-26 16:20:05 - [TEST_STEP][PASSED] - delay: Delayed 1 second(s)

2019-04-26 16:20:06 - [MESSAGE][PASSED] - Delayed 1 second(s)

2019-04-26 16:20:06 - [TEST_STEP][PASSED] - click: Object: 'Object Repository/Page_KiboPush  Dashboard/span_Broadcasts' is clicked on

2019-04-26 16:20:07 - [MESSAGE][PASSED] - Object: 'Object Repository/Page_KiboPush  Dashboard/span_Broadcasts' is clicked on

2019-04-26 16:20:07 - [TEST_STEP][PASSED] - delay: Delayed 1 second(s)

2019-04-26 16:20:08 - [MESSAGE][PASSED] - Delayed 1 second(s)

2019-04-26 16:20:08 - [TEST_STEP][PASSED] - scrollToPosition: Browser is scrolled to position x = 0, y = 0

2019-04-26 16:20:08 - [MESSAGE][PASSED] - Browser is scrolled to position x = 0, y = 0

2019-04-26 16:20:08 - [TEST_STEP][PASSED] - click: Object: 'Object Repository/Page_KiboPush  Broadcast/h3_Manage Broadcasts' is clicked on

2019-04-26 16:20:08 - [MESSAGE][PASSED] - Object: 'Object Repository/Page_KiboPush  Broadcast/h3_Manage Broadcasts' is clicked on

2019-04-26 16:20:08 - [MESSAGE][PASSED] - Call Test Case 'Test Cases/s-sidebar_navigation/individualAccount/broadcast' successfully

2019-04-26 16:20:08 - [MESSAGE][PASSED] - Call Test Case 'Test Cases/s-sidebar_navigation/TeamAccount/Broadcasts' successfully

2019-04-26 16:20:08 - [TEST_STEP][PASSED] - click: Object: 'Object Repository/Page_KiboPush  Broadcast/span_Create New Broadcast' is clicked on

2019-04-26 16:20:08 - [MESSAGE][PASSED] - Object: 'Object Repository/Page_KiboPush  Broadcast/span_Create New Broadcast' is clicked on

2019-04-26 16:20:08 - [TEST_STEP][PASSED] - click: Object: 'Object Repository/Page_KiboPush  Broadcast/a_Create New Broadcast' is clicked on

2019-04-26 16:20:09 - [MESSAGE][PASSED] - Object: 'Object Repository/Page_KiboPush  Broadcast/a_Create New Broadcast' is clicked on

2019-04-26 16:20:09 - [TEST_STEP][PASSED] - delay: Delayed 1 second(s)

2019-04-26 16:20:10 - [MESSAGE][PASSED] - Delayed 1 second(s)

2019-04-26 16:20:10 - [TEST_STEP][PASSED] - click: Object: 'Object Repository/Page_KiboPush  Create Broadcast/div_List' is clicked on

2019-04-26 16:20:10 - [MESSAGE][PASSED] - Object: 'Object Repository/Page_KiboPush  Create Broadcast/div_List' is clicked on

2019-04-26 16:20:10 - [TEST_STEP][PASSED] - delay: Delayed 1 second(s)

2019-04-26 16:20:11 - [MESSAGE][PASSED] - Delayed 1 second(s)

2019-04-26 16:20:11 - [TEST_STEP][PASSED] - click: Object: 'Object Repository/Page_KiboPush  Create Broadcast/div_ Add Button  Add Action' is clicked on

2019-04-26 16:20:11 - [MESSAGE][PASSED] - Object: 'Object Repository/Page_KiboPush  Create Broadcast/div_ Add Button  Add Action' is clicked on

2019-04-26 16:20:11 - [TEST_STEP][PASSED] - delay: Delayed 2 second(s)

2019-04-26 16:20:13 - [MESSAGE][PASSED] - Delayed 2 second(s)

2019-04-26 16:20:13 - [MESSAGE][PASSED] - Call Test Case 'Test Cases/Broadcasts/TC0684' successfully

2019-04-26 16:20:13 - [TEST_STEP][PASSED] - click: Object: 'Object Repository/Page_KiboPush  Create Broadcast/i_fa fa-times fa-stack-2x' is clicked on

2019-04-26 16:20:13 - [MESSAGE][PASSED] - Object: 'Object Repository/Page_KiboPush  Create Broadcast/i_fa fa-times fa-stack-2x' is clicked on

2019-04-26 16:20:13 - [TEST_STEP][PASSED] - verifyElementNotPresent: Web element with id: 'Object Repository/Page_KiboPush  Create Broadcast/div_ Add Button  Add Action' located by 'By.xpath: //div[(text() = ' + Add Button  Add Action' or . = ' + Add Button  Add Action')]' is not present after '5' second(s)

2019-04-26 16:20:13 - [MESSAGE][PASSED] - Web element with id: 'Object Repository/Page_KiboPush  Create Broadcast/div_ Add Button  Add Action' located by 'By.xpath: //div[(text() = ' + Add Button  Add Action' or . = ' + Add Button  Add Action')]' is not present after '5' second(s)]]></system-out>
         <system-err><![CDATA[]]></system-err>
      </testcase>
      <testcase name="Test Cases/Broadcasts/TC0686" classname="Test Cases/Broadcasts/TC0686" status="PASSED">
         <system-out><![CDATA[2019-04-26 16:20:13 - [TEST_CASE][PASSED] - Test Cases/Broadcasts/TC0686: Test Cases/Broadcasts/TC0686

2019-04-26 16:20:13 - [TEST_STEP][PASSED] - callTestCase: Call Test Case 'Test Cases/Broadcasts/TC0684' successfully

2019-04-26 16:20:13 - [TEST_CASE][PASSED] - Test Cases/Broadcasts/TC0684: Test Cases/Broadcasts/TC0684

2019-04-26 16:20:13 - [TEST_STEP][PASSED] - callTestCase: Call Test Case 'Test Cases/s-sidebar_navigation/TeamAccount/Broadcasts' successfully

2019-04-26 16:20:13 - [TEST_CASE][PASSED] - Test Cases/s-sidebar_navigation/TeamAccount/Broadcasts: Test Cases/s-sidebar_navigation/TeamAccount/Broadcasts

2019-04-26 16:20:13 - [TEST_STEP][PASSED] - callTestCase: Call Test Case 'Test Cases/s-sidebar_navigation/individualAccount/broadcast' successfully

2019-04-26 16:20:14 - [TEST_CASE][PASSED] - Test Cases/s-sidebar_navigation/individualAccount/broadcast: Test Cases/s-sidebar_navigation/individualAccount/broadcast

2019-04-26 16:20:14 - [TEST_STEP][PASSED] - click: Object: 'Object Repository/Page_KiboPush  Dashboard/span_Polls' is clicked on

2019-04-26 16:20:14 - [MESSAGE][PASSED] - Object: 'Object Repository/Page_KiboPush  Dashboard/span_Polls' is clicked on

2019-04-26 16:20:14 - [TEST_STEP][PASSED] - delay: Delayed 1 second(s)

2019-04-26 16:20:15 - [MESSAGE][PASSED] - Delayed 1 second(s)

2019-04-26 16:20:15 - [TEST_STEP][PASSED] - click: Object: 'Object Repository/Page_KiboPush  Dashboard/span_Broadcasts' is clicked on

2019-04-26 16:20:15 - [MESSAGE][PASSED] - Object: 'Object Repository/Page_KiboPush  Dashboard/span_Broadcasts' is clicked on

2019-04-26 16:20:15 - [TEST_STEP][PASSED] - delay: Delayed 1 second(s)

2019-04-26 16:20:16 - [MESSAGE][PASSED] - Delayed 1 second(s)

2019-04-26 16:20:16 - [TEST_STEP][PASSED] - scrollToPosition: Browser is scrolled to position x = 0, y = 0

2019-04-26 16:20:16 - [MESSAGE][PASSED] - Browser is scrolled to position x = 0, y = 0

2019-04-26 16:20:16 - [TEST_STEP][PASSED] - click: Object: 'Object Repository/Page_KiboPush  Broadcast/h3_Manage Broadcasts' is clicked on

2019-04-26 16:20:16 - [MESSAGE][PASSED] - Object: 'Object Repository/Page_KiboPush  Broadcast/h3_Manage Broadcasts' is clicked on

2019-04-26 16:20:16 - [MESSAGE][PASSED] - Call Test Case 'Test Cases/s-sidebar_navigation/individualAccount/broadcast' successfully

2019-04-26 16:20:16 - [MESSAGE][PASSED] - Call Test Case 'Test Cases/s-sidebar_navigation/TeamAccount/Broadcasts' successfully

2019-04-26 16:20:16 - [TEST_STEP][PASSED] - click: Object: 'Object Repository/Page_KiboPush  Broadcast/span_Create New Broadcast' is clicked on

2019-04-26 16:20:16 - [MESSAGE][PASSED] - Object: 'Object Repository/Page_KiboPush  Broadcast/span_Create New Broadcast' is clicked on

2019-04-26 16:20:16 - [TEST_STEP][PASSED] - click: Object: 'Object Repository/Page_KiboPush  Broadcast/a_Create New Broadcast' is clicked on

2019-04-26 16:20:17 - [MESSAGE][PASSED] - Object: 'Object Repository/Page_KiboPush  Broadcast/a_Create New Broadcast' is clicked on

2019-04-26 16:20:17 - [TEST_STEP][PASSED] - delay: Delayed 1 second(s)

2019-04-26 16:20:18 - [MESSAGE][PASSED] - Delayed 1 second(s)

2019-04-26 16:20:18 - [TEST_STEP][PASSED] - click: Object: 'Object Repository/Page_KiboPush  Create Broadcast/div_List' is clicked on

2019-04-26 16:20:18 - [MESSAGE][PASSED] - Object: 'Object Repository/Page_KiboPush  Create Broadcast/div_List' is clicked on

2019-04-26 16:20:18 - [TEST_STEP][PASSED] - delay: Delayed 1 second(s)

2019-04-26 16:20:19 - [MESSAGE][PASSED] - Delayed 1 second(s)

2019-04-26 16:20:19 - [TEST_STEP][PASSED] - click: Object: 'Object Repository/Page_KiboPush  Create Broadcast/div_ Add Button  Add Action' is clicked on

2019-04-26 16:20:19 - [MESSAGE][PASSED] - Object: 'Object Repository/Page_KiboPush  Create Broadcast/div_ Add Button  Add Action' is clicked on

2019-04-26 16:20:19 - [TEST_STEP][PASSED] - delay: Delayed 2 second(s)

2019-04-26 16:20:21 - [MESSAGE][PASSED] - Delayed 2 second(s)

2019-04-26 16:20:21 - [MESSAGE][PASSED] - Call Test Case 'Test Cases/Broadcasts/TC0684' successfully

2019-04-26 16:20:21 - [TEST_STEP][PASSED] - delay: Delayed 2 second(s)

2019-04-26 16:20:23 - [MESSAGE][PASSED] - Delayed 2 second(s)

2019-04-26 16:20:23 - [TEST_STEP][PASSED] - click: Object: 'Object Repository/Page_KiboPush  Create Broadcast/i_fa fa-times-circle-o (1)' is clicked on

2019-04-26 16:20:23 - [MESSAGE][PASSED] - Object: 'Object Repository/Page_KiboPush  Create Broadcast/i_fa fa-times-circle-o (1)' is clicked on

2019-04-26 16:20:23 - [TEST_STEP][PASSED] - delay: Delayed 1 second(s)

2019-04-26 16:20:24 - [MESSAGE][PASSED] - Delayed 1 second(s)

2019-04-26 16:20:24 - [TEST_STEP][PASSED] - click: Object: 'Object Repository/Page_KiboEngage  Create Broadcast/div_A List must have at least' is clicked on

2019-04-26 16:20:25 - [MESSAGE][PASSED] - Object: 'Object Repository/Page_KiboEngage  Create Broadcast/div_A List must have at least' is clicked on]]></system-out>
         <system-err><![CDATA[]]></system-err>
      </testcase>
      <testcase name="Test Cases/Broadcasts/TC0687" classname="Test Cases/Broadcasts/TC0687" status="PASSED">
         <system-out><![CDATA[2019-04-26 16:20:25 - [TEST_CASE][PASSED] - Test Cases/Broadcasts/TC0687: Test Cases/Broadcasts/TC0687

2019-04-26 16:20:25 - [TEST_STEP][PASSED] - callTestCase: Call Test Case 'Test Cases/Broadcasts/TC0684' successfully

2019-04-26 16:20:25 - [TEST_CASE][PASSED] - Test Cases/Broadcasts/TC0684: Test Cases/Broadcasts/TC0684

2019-04-26 16:20:25 - [TEST_STEP][PASSED] - callTestCase: Call Test Case 'Test Cases/s-sidebar_navigation/TeamAccount/Broadcasts' successfully

2019-04-26 16:20:25 - [TEST_CASE][PASSED] - Test Cases/s-sidebar_navigation/TeamAccount/Broadcasts: Test Cases/s-sidebar_navigation/TeamAccount/Broadcasts

2019-04-26 16:20:25 - [TEST_STEP][PASSED] - callTestCase: Call Test Case 'Test Cases/s-sidebar_navigation/individualAccount/broadcast' successfully

2019-04-26 16:20:25 - [TEST_CASE][PASSED] - Test Cases/s-sidebar_navigation/individualAccount/broadcast: Test Cases/s-sidebar_navigation/individualAccount/broadcast

2019-04-26 16:20:25 - [TEST_STEP][PASSED] - click: Object: 'Object Repository/Page_KiboPush  Dashboard/span_Polls' is clicked on

2019-04-26 16:20:25 - [MESSAGE][PASSED] - Object: 'Object Repository/Page_KiboPush  Dashboard/span_Polls' is clicked on

2019-04-26 16:20:25 - [TEST_STEP][PASSED] - delay: Delayed 1 second(s)

2019-04-26 16:20:26 - [MESSAGE][PASSED] - Delayed 1 second(s)

2019-04-26 16:20:26 - [TEST_STEP][PASSED] - click: Object: 'Object Repository/Page_KiboPush  Dashboard/span_Broadcasts' is clicked on

2019-04-26 16:20:26 - [MESSAGE][PASSED] - Object: 'Object Repository/Page_KiboPush  Dashboard/span_Broadcasts' is clicked on

2019-04-26 16:20:26 - [TEST_STEP][PASSED] - delay: Delayed 1 second(s)

2019-04-26 16:20:27 - [MESSAGE][PASSED] - Delayed 1 second(s)

2019-04-26 16:20:27 - [TEST_STEP][PASSED] - scrollToPosition: Browser is scrolled to position x = 0, y = 0

2019-04-26 16:20:27 - [MESSAGE][PASSED] - Browser is scrolled to position x = 0, y = 0

2019-04-26 16:20:27 - [TEST_STEP][PASSED] - click: Object: 'Object Repository/Page_KiboPush  Broadcast/h3_Manage Broadcasts' is clicked on

2019-04-26 16:20:27 - [MESSAGE][PASSED] - Object: 'Object Repository/Page_KiboPush  Broadcast/h3_Manage Broadcasts' is clicked on

2019-04-26 16:20:27 - [MESSAGE][PASSED] - Call Test Case 'Test Cases/s-sidebar_navigation/individualAccount/broadcast' successfully

2019-04-26 16:20:27 - [MESSAGE][PASSED] - Call Test Case 'Test Cases/s-sidebar_navigation/TeamAccount/Broadcasts' successfully

2019-04-26 16:20:27 - [TEST_STEP][PASSED] - click: Object: 'Object Repository/Page_KiboPush  Broadcast/span_Create New Broadcast' is clicked on

2019-04-26 16:20:28 - [MESSAGE][PASSED] - Object: 'Object Repository/Page_KiboPush  Broadcast/span_Create New Broadcast' is clicked on

2019-04-26 16:20:28 - [TEST_STEP][PASSED] - click: Object: 'Object Repository/Page_KiboPush  Broadcast/a_Create New Broadcast' is clicked on

2019-04-26 16:20:29 - [MESSAGE][PASSED] - Object: 'Object Repository/Page_KiboPush  Broadcast/a_Create New Broadcast' is clicked on

2019-04-26 16:20:29 - [TEST_STEP][PASSED] - delay: Delayed 1 second(s)

2019-04-26 16:20:30 - [MESSAGE][PASSED] - Delayed 1 second(s)

2019-04-26 16:20:30 - [TEST_STEP][PASSED] - click: Object: 'Object Repository/Page_KiboPush  Create Broadcast/div_List' is clicked on

2019-04-26 16:20:30 - [MESSAGE][PASSED] - Object: 'Object Repository/Page_KiboPush  Create Broadcast/div_List' is clicked on

2019-04-26 16:20:30 - [TEST_STEP][PASSED] - delay: Delayed 1 second(s)

2019-04-26 16:20:31 - [MESSAGE][PASSED] - Delayed 1 second(s)

2019-04-26 16:20:31 - [TEST_STEP][PASSED] - click: Object: 'Object Repository/Page_KiboPush  Create Broadcast/div_ Add Button  Add Action' is clicked on

2019-04-26 16:20:31 - [MESSAGE][PASSED] - Object: 'Object Repository/Page_KiboPush  Create Broadcast/div_ Add Button  Add Action' is clicked on

2019-04-26 16:20:31 - [TEST_STEP][PASSED] - delay: Delayed 2 second(s)

2019-04-26 16:20:33 - [MESSAGE][PASSED] - Delayed 2 second(s)

2019-04-26 16:20:33 - [MESSAGE][PASSED] - Call Test Case 'Test Cases/Broadcasts/TC0684' successfully

2019-04-26 16:20:33 - [TEST_STEP][PASSED] - delay: Delayed 3 second(s)

2019-04-26 16:20:36 - [MESSAGE][PASSED] - Delayed 3 second(s)

2019-04-26 16:20:36 - [TEST_STEP][PASSED] - setText: Text 'Title1' is set on object 'Object Repository/Page_KiboPush  Create Broadcast/First_Card_List_Title'

2019-04-26 16:20:36 - [MESSAGE][PASSED] - Text 'Title1' is set on object 'Object Repository/Page_KiboPush  Create Broadcast/First_Card_List_Title']]></system-out>
         <system-err><![CDATA[]]></system-err>
      </testcase>
      <testcase name="Test Cases/Broadcasts/TC0688" classname="Test Cases/Broadcasts/TC0688" status="FAILED">
         <failure type="FAILED" message="Unable to click on object 'Object Repository/Page_KiboPush  Create Broadcast/div_List' (Root cause: com.kms.katalon.core.webui.exception.WebElementNotFoundException: Web element with id: 'Object Repository/Page_KiboPush  Create Broadcast/div_List' located by 'By.xpath: //div[(text() = 'List' or . = 'List')]' not found)"/>
         <system-out><![CDATA[2019-04-26 16:20:37 - [TEST_CASE][FAILED] - Test Cases/Broadcasts/TC0688: Test Cases/Broadcasts/TC0688 FAILED because (of) Unable to click on object 'Object Repository/Page_KiboPush  Create Broadcast/div_List' (Root cause: com.kms.katalon.core.webui.exception.WebElementNotFoundException: Web element with id: 'Object Repository/Page_KiboPush  Create Broadcast/div_List' located by 'By.xpath: //div[(text() = 'List' or . = 'List')]' not found)

2019-04-26 16:20:37 - [TEST_STEP][PASSED] - callTestCase: Call Test Case 'Test Cases/s-sidebar_navigation/individualAccount/arveen_production_login_kiboengage' successfully

2019-04-26 16:20:37 - [TEST_CASE][PASSED] - Test Cases/s-sidebar_navigation/individualAccount/arveen_production_login_kiboengage: Test Cases/s-sidebar_navigation/individualAccount/arveen_production_login_kiboengage

2019-04-26 16:20:37 - [TEST_STEP][PASSED] - openBrowser: Browser is opened with url: ''

2019-04-26 16:20:37 - [MESSAGE][WARNING] - A browser is already opened. Closing browser and opening a new one

2019-04-26 16:20:40 - [MESSAGE][PASSED] - Browser is opened with url: ''

2019-04-26 16:20:40 - [TEST_STEP][PASSED] - maximizeWindow: Current window maximized

2019-04-26 16:20:42 - [MESSAGE][PASSED] - Current window maximized

2019-04-26 16:20:42 - [TEST_STEP][PASSED] - navigateToUrl: Navigate to 'https://kiboengage.cloudkibo.com/' successfully

2019-04-26 16:20:53 - [MESSAGE][PASSED] - Navigate to 'https://kiboengage.cloudkibo.com/' successfully

2019-04-26 16:20:53 - [TEST_STEP][PASSED] - navigateToUrl: Navigate to 'https://accounts.cloudkibo.com/?continue=https://kiboengage.cloudkibo.com' successfully

2019-04-26 16:20:54 - [MESSAGE][PASSED] - Navigate to 'https://accounts.cloudkibo.com/?continue=https://kiboengage.cloudkibo.com' successfully

2019-04-26 16:20:54 - [TEST_STEP][PASSED] - click: Object: 'Object Repository/Page_CloudKibo/a_Login (2) (1) (1)' is clicked on

2019-04-26 16:20:56 - [MESSAGE][PASSED] - Object: 'Object Repository/Page_CloudKibo/a_Login (2) (1) (1)' is clicked on

2019-04-26 16:20:56 - [TEST_STEP][PASSED] - setText: Text 'individual@cloudkibo.com' is set on object 'Object Repository/Page_KiboPush/input_email (10) (1) (1)'

2019-04-26 16:20:56 - [MESSAGE][PASSED] - Text 'individual@cloudkibo.com' is set on object 'Object Repository/Page_KiboPush/input_email (10) (1) (1)'

2019-04-26 16:20:56 - [TEST_STEP][PASSED] - setEncryptedText: Text ****** has been set on object 'Object Repository/Page_CloudKibo/input_Sign In_password (7)'

2019-04-26 16:20:56 - [MESSAGE][PASSED] - Text ****** has been set on object 'Object Repository/Page_CloudKibo/input_Sign In_password (7)'

2019-04-26 16:20:56 - [TEST_STEP][PASSED] - click: Object: 'Object Repository/Page_KiboPush/button_Sign In (10) (1) (2)' is clicked on

2019-04-26 16:20:57 - [MESSAGE][PASSED] - Object: 'Object Repository/Page_KiboPush/button_Sign In (10) (1) (2)' is clicked on

2019-04-26 16:20:57 - [TEST_STEP][PASSED] - click: Object: 'Object Repository/Page_KiboPush  Dashboard/h3_Dashboard (57)' is clicked on

2019-04-26 16:21:32 - [MESSAGE][PASSED] - Object: 'Object Repository/Page_KiboPush  Dashboard/h3_Dashboard (57)' is clicked on

2019-04-26 16:21:32 - [TEST_STEP][PASSED] - delay: Delayed 3 second(s)

2019-04-26 16:21:35 - [MESSAGE][PASSED] - Delayed 3 second(s)

2019-04-26 16:21:35 - [TEST_STEP][PASSED] - click: Object: 'Object Repository/Page_KiboEngage  Dashboard/a_SMS (2) (1) (1) (1) (3)' is clicked on

2019-04-26 16:21:35 - [MESSAGE][PASSED] - Object: 'Object Repository/Page_KiboEngage  Dashboard/a_SMS (2) (1) (1) (1) (3)' is clicked on

2019-04-26 16:21:35 - [TEST_STEP][PASSED] - delay: Delayed 2 second(s)

2019-04-26 16:21:37 - [MESSAGE][PASSED] - Delayed 2 second(s)

2019-04-26 16:21:37 - [TEST_STEP][PASSED] - click: Object: 'Object Repository/Page_KiboEngage  Dashboard/span_Messenger (1) (1) (1) (3)' is clicked on

2019-04-26 16:21:37 - [MESSAGE][PASSED] - Object: 'Object Repository/Page_KiboEngage  Dashboard/span_Messenger (1) (1) (1) (3)' is clicked on

2019-04-26 16:21:37 - [TEST_STEP][PASSED] - delay: Delayed 2 second(s)

2019-04-26 16:21:39 - [MESSAGE][PASSED] - Delayed 2 second(s)

2019-04-26 16:21:39 - [MESSAGE][PASSED] - Call Test Case 'Test Cases/s-sidebar_navigation/individualAccount/arveen_production_login_kiboengage' successfully

2019-04-26 16:21:39 - [TEST_STEP][PASSED] - callTestCase: Call Test Case 'Test Cases/Broadcasts/open_broadcast' successfully

2019-04-26 16:21:39 - [TEST_CASE][PASSED] - Test Cases/Broadcasts/open_broadcast: Test Cases/Broadcasts/open_broadcast

2019-04-26 16:21:39 - [TEST_STEP][PASSED] - click: Object: 'Object Repository/Page_KiboPush  Dashboard/span_Broadcasting' is clicked on

2019-04-26 16:21:40 - [MESSAGE][PASSED] - Object: 'Object Repository/Page_KiboPush  Dashboard/span_Broadcasting' is clicked on

2019-04-26 16:21:40 - [TEST_STEP][PASSED] - delay: Delayed 2 second(s)

2019-04-26 16:21:42 - [MESSAGE][PASSED] - Delayed 2 second(s)

2019-04-26 16:21:42 - [MESSAGE][PASSED] - Call Test Case 'Test Cases/Broadcasts/open_broadcast' successfully

2019-04-26 16:21:42 - [TEST_STEP][FAILED] - callTestCase: Unable to call Test Case with id 'Test Cases/Broadcasts/TC0684' (Root cause: Call Test Case 'Test Cases/Broadcasts/TC0684' failed)

2019-04-26 16:21:42 - [TEST_CASE][FAILED] - Test Cases/Broadcasts/TC0684: Test Cases/Broadcasts/TC0684 FAILED because (of) Unable to click on object 'Object Repository/Page_KiboPush  Create Broadcast/div_List' (Root cause: com.kms.katalon.core.webui.exception.WebElementNotFoundException: Web element with id: 'Object Repository/Page_KiboPush  Create Broadcast/div_List' located by 'By.xpath: //div[(text() = 'List' or . = 'List')]' not found)

2019-04-26 16:21:42 - [TEST_STEP][PASSED] - callTestCase: Call Test Case 'Test Cases/s-sidebar_navigation/TeamAccount/Broadcasts' successfully

2019-04-26 16:21:42 - [TEST_CASE][PASSED] - Test Cases/s-sidebar_navigation/TeamAccount/Broadcasts: Test Cases/s-sidebar_navigation/TeamAccount/Broadcasts

2019-04-26 16:21:42 - [TEST_STEP][PASSED] - callTestCase: Call Test Case 'Test Cases/s-sidebar_navigation/individualAccount/broadcast' successfully

2019-04-26 16:21:42 - [TEST_CASE][PASSED] - Test Cases/s-sidebar_navigation/individualAccount/broadcast: Test Cases/s-sidebar_navigation/individualAccount/broadcast

2019-04-26 16:21:42 - [TEST_STEP][PASSED] - click: Object: 'Object Repository/Page_KiboPush  Dashboard/span_Polls' is clicked on

2019-04-26 16:21:42 - [MESSAGE][PASSED] - Object: 'Object Repository/Page_KiboPush  Dashboard/span_Polls' is clicked on

2019-04-26 16:21:42 - [TEST_STEP][PASSED] - delay: Delayed 1 second(s)

2019-04-26 16:21:43 - [MESSAGE][PASSED] - Delayed 1 second(s)

2019-04-26 16:21:43 - [TEST_STEP][PASSED] - click: Object: 'Object Repository/Page_KiboPush  Dashboard/span_Broadcasts' is clicked on

2019-04-26 16:21:43 - [MESSAGE][PASSED] - Object: 'Object Repository/Page_KiboPush  Dashboard/span_Broadcasts' is clicked on

2019-04-26 16:21:43 - [TEST_STEP][PASSED] - delay: Delayed 1 second(s)

2019-04-26 16:21:44 - [MESSAGE][PASSED] - Delayed 1 second(s)

2019-04-26 16:21:44 - [TEST_STEP][PASSED] - scrollToPosition: Browser is scrolled to position x = 0, y = 0

2019-04-26 16:21:44 - [MESSAGE][PASSED] - Browser is scrolled to position x = 0, y = 0

2019-04-26 16:21:44 - [TEST_STEP][PASSED] - click: Object: 'Object Repository/Page_KiboPush  Broadcast/h3_Manage Broadcasts' is clicked on

2019-04-26 16:21:44 - [MESSAGE][PASSED] - Object: 'Object Repository/Page_KiboPush  Broadcast/h3_Manage Broadcasts' is clicked on

2019-04-26 16:21:44 - [MESSAGE][PASSED] - Call Test Case 'Test Cases/s-sidebar_navigation/individualAccount/broadcast' successfully

2019-04-26 16:21:44 - [MESSAGE][PASSED] - Call Test Case 'Test Cases/s-sidebar_navigation/TeamAccount/Broadcasts' successfully

2019-04-26 16:21:44 - [TEST_STEP][PASSED] - click: Object: 'Object Repository/Page_KiboPush  Broadcast/span_Create New Broadcast' is clicked on

2019-04-26 16:21:45 - [MESSAGE][PASSED] - Object: 'Object Repository/Page_KiboPush  Broadcast/span_Create New Broadcast' is clicked on

2019-04-26 16:21:45 - [TEST_STEP][PASSED] - click: Object: 'Object Repository/Page_KiboPush  Broadcast/a_Create New Broadcast' is clicked on

2019-04-26 16:21:45 - [MESSAGE][PASSED] - Object: 'Object Repository/Page_KiboPush  Broadcast/a_Create New Broadcast' is clicked on

2019-04-26 16:21:45 - [TEST_STEP][PASSED] - delay: Delayed 1 second(s)

2019-04-26 16:21:46 - [MESSAGE][PASSED] - Delayed 1 second(s)

2019-04-26 16:21:46 - [TEST_STEP][FAILED] - click: Unable to click on object 'Object Repository/Page_KiboPush  Create Broadcast/div_List' (Root cause: com.kms.katalon.core.webui.exception.WebElementNotFoundException: Web element with id: 'Object Repository/Page_KiboPush  Create Broadcast/div_List' located by 'By.xpath: //div[(text() = 'List' or . = 'List')]' not found)

2019-04-26 16:22:20 - [MESSAGE][FAILED] - Unable to click on object 'Object Repository/Page_KiboPush  Create Broadcast/div_List' (Root cause: com.kms.katalon.core.webui.exception.WebElementNotFoundException: Web element with id: 'Object Repository/Page_KiboPush  Create Broadcast/div_List' located by 'By.xpath: //div[(text() = 'List' or . = 'List')]' not found)
[[ATTACHMENT|C:\\Users\\cloudkibo\\Desktop\\KiboPush_Automated_Testing\\KiboPush Katalon\\Reports\\broadcast\\20190426_154219\\1556277740221.png]]

2019-04-26 16:22:20 - [MESSAGE][FAILED] - Unable to call Test Case with id 'Test Cases/Broadcasts/TC0684' (Root cause: Call Test Case 'Test Cases/Broadcasts/TC0684' failed)]]></system-out>
         <system-err><![CDATA[2019-04-26 16:20:37 - [TEST_CASE][FAILED] - Test Cases/Broadcasts/TC0688: Test Cases/Broadcasts/TC0688 FAILED because (of) Unable to click on object 'Object Repository/Page_KiboPush  Create Broadcast/div_List' (Root cause: com.kms.katalon.core.webui.exception.WebElementNotFoundException: Web element with id: 'Object Repository/Page_KiboPush  Create Broadcast/div_List' located by 'By.xpath: //div[(text() = 'List' or . = 'List')]' not found)]]></system-err>
      </testcase>
      <testcase name="Test Cases/Broadcasts/TC0689" classname="Test Cases/Broadcasts/TC0689" status="PASSED">
         <system-out><![CDATA[2019-04-26 16:22:20 - [TEST_CASE][PASSED] - Test Cases/Broadcasts/TC0689: Test Cases/Broadcasts/TC0689

2019-04-26 16:22:20 - [TEST_STEP][PASSED] - callTestCase: Call Test Case 'Test Cases/Broadcasts/TC0684' successfully

2019-04-26 16:22:20 - [TEST_CASE][PASSED] - Test Cases/Broadcasts/TC0684: Test Cases/Broadcasts/TC0684

2019-04-26 16:22:20 - [TEST_STEP][PASSED] - callTestCase: Call Test Case 'Test Cases/s-sidebar_navigation/TeamAccount/Broadcasts' successfully

2019-04-26 16:22:20 - [TEST_CASE][PASSED] - Test Cases/s-sidebar_navigation/TeamAccount/Broadcasts: Test Cases/s-sidebar_navigation/TeamAccount/Broadcasts

2019-04-26 16:22:20 - [TEST_STEP][PASSED] - callTestCase: Call Test Case 'Test Cases/s-sidebar_navigation/individualAccount/broadcast' successfully

2019-04-26 16:22:20 - [TEST_CASE][PASSED] - Test Cases/s-sidebar_navigation/individualAccount/broadcast: Test Cases/s-sidebar_navigation/individualAccount/broadcast

2019-04-26 16:22:20 - [TEST_STEP][PASSED] - click: Object: 'Object Repository/Page_KiboPush  Dashboard/span_Polls' is clicked on

2019-04-26 16:22:21 - [MESSAGE][PASSED] - Object: 'Object Repository/Page_KiboPush  Dashboard/span_Polls' is clicked on

2019-04-26 16:22:21 - [TEST_STEP][PASSED] - delay: Delayed 1 second(s)

2019-04-26 16:22:22 - [MESSAGE][PASSED] - Delayed 1 second(s)

2019-04-26 16:22:22 - [TEST_STEP][PASSED] - click: Object: 'Object Repository/Page_KiboPush  Dashboard/span_Broadcasts' is clicked on

2019-04-26 16:22:22 - [MESSAGE][PASSED] - Object: 'Object Repository/Page_KiboPush  Dashboard/span_Broadcasts' is clicked on

2019-04-26 16:22:22 - [TEST_STEP][PASSED] - delay: Delayed 1 second(s)

2019-04-26 16:22:23 - [MESSAGE][PASSED] - Delayed 1 second(s)

2019-04-26 16:22:23 - [TEST_STEP][PASSED] - scrollToPosition: Browser is scrolled to position x = 0, y = 0

2019-04-26 16:22:23 - [MESSAGE][PASSED] - Browser is scrolled to position x = 0, y = 0

2019-04-26 16:22:23 - [TEST_STEP][PASSED] - click: Object: 'Object Repository/Page_KiboPush  Broadcast/h3_Manage Broadcasts' is clicked on

2019-04-26 16:22:23 - [MESSAGE][PASSED] - Object: 'Object Repository/Page_KiboPush  Broadcast/h3_Manage Broadcasts' is clicked on

2019-04-26 16:22:23 - [MESSAGE][PASSED] - Call Test Case 'Test Cases/s-sidebar_navigation/individualAccount/broadcast' successfully

2019-04-26 16:22:23 - [MESSAGE][PASSED] - Call Test Case 'Test Cases/s-sidebar_navigation/TeamAccount/Broadcasts' successfully

2019-04-26 16:22:23 - [TEST_STEP][PASSED] - click: Object: 'Object Repository/Page_KiboPush  Broadcast/span_Create New Broadcast' is clicked on

2019-04-26 16:22:25 - [MESSAGE][PASSED] - Object: 'Object Repository/Page_KiboPush  Broadcast/span_Create New Broadcast' is clicked on

2019-04-26 16:22:25 - [TEST_STEP][PASSED] - click: Object: 'Object Repository/Page_KiboPush  Broadcast/a_Create New Broadcast' is clicked on

2019-04-26 16:22:26 - [MESSAGE][PASSED] - Object: 'Object Repository/Page_KiboPush  Broadcast/a_Create New Broadcast' is clicked on

2019-04-26 16:22:26 - [TEST_STEP][PASSED] - delay: Delayed 1 second(s)

2019-04-26 16:22:27 - [MESSAGE][PASSED] - Delayed 1 second(s)

2019-04-26 16:22:27 - [TEST_STEP][PASSED] - click: Object: 'Object Repository/Page_KiboPush  Create Broadcast/div_List' is clicked on

2019-04-26 16:22:27 - [MESSAGE][PASSED] - Object: 'Object Repository/Page_KiboPush  Create Broadcast/div_List' is clicked on

2019-04-26 16:22:27 - [TEST_STEP][PASSED] - delay: Delayed 1 second(s)

2019-04-26 16:22:28 - [MESSAGE][PASSED] - Delayed 1 second(s)

2019-04-26 16:22:28 - [TEST_STEP][PASSED] - click: Object: 'Object Repository/Page_KiboPush  Create Broadcast/div_ Add Button  Add Action' is clicked on

2019-04-26 16:22:28 - [MESSAGE][PASSED] - Object: 'Object Repository/Page_KiboPush  Create Broadcast/div_ Add Button  Add Action' is clicked on

2019-04-26 16:22:28 - [TEST_STEP][PASSED] - delay: Delayed 2 second(s)

2019-04-26 16:22:30 - [MESSAGE][PASSED] - Delayed 2 second(s)

2019-04-26 16:22:30 - [MESSAGE][PASSED] - Call Test Case 'Test Cases/Broadcasts/TC0684' successfully

2019-04-26 16:22:30 - [TEST_STEP][PASSED] - scrollToPosition: Browser is scrolled to position x = 0, y = 0

2019-04-26 16:22:30 - [MESSAGE][PASSED] - Browser is scrolled to position x = 0, y = 0

2019-04-26 16:22:30 - [TEST_STEP][PASSED] - click: Object: 'Object Repository/Page_KiboPush  Create Broadcast/button_Next (12) (1) (1)' is clicked on

2019-04-26 16:22:30 - [MESSAGE][PASSED] - Object: 'Object Repository/Page_KiboPush  Create Broadcast/button_Next (12) (1) (1)' is clicked on

2019-04-26 16:22:30 - [TEST_STEP][PASSED] - delay: Delayed 2 second(s)

2019-04-26 16:22:32 - [MESSAGE][PASSED] - Delayed 2 second(s)

2019-04-26 16:22:32 - [TEST_STEP][PASSED] - verifyTextPresent: Text 'A LIST MUST HAVE AT LEAST 2 COMPLETE ELEMENTS' is present on page 

2019-04-26 16:22:33 - [MESSAGE][PASSED] - Text 'A LIST MUST HAVE AT LEAST 2 COMPLETE ELEMENTS' is present on page]]></system-out>
         <system-err><![CDATA[]]></system-err>
      </testcase>
      <testcase name="Test Cases/Broadcasts/TC0690" classname="Test Cases/Broadcasts/TC0690" status="PASSED">
         <system-out><![CDATA[2019-04-26 16:22:33 - [TEST_CASE][PASSED] - Test Cases/Broadcasts/TC0690: Test Cases/Broadcasts/TC0690

2019-04-26 16:22:33 - [TEST_STEP][PASSED] - callTestCase: Call Test Case 'Test Cases/Broadcasts/TC0684' successfully

2019-04-26 16:22:33 - [TEST_CASE][PASSED] - Test Cases/Broadcasts/TC0684: Test Cases/Broadcasts/TC0684

2019-04-26 16:22:33 - [TEST_STEP][PASSED] - callTestCase: Call Test Case 'Test Cases/s-sidebar_navigation/TeamAccount/Broadcasts' successfully

2019-04-26 16:22:33 - [TEST_CASE][PASSED] - Test Cases/s-sidebar_navigation/TeamAccount/Broadcasts: Test Cases/s-sidebar_navigation/TeamAccount/Broadcasts

2019-04-26 16:22:33 - [TEST_STEP][PASSED] - callTestCase: Call Test Case 'Test Cases/s-sidebar_navigation/individualAccount/broadcast' successfully

2019-04-26 16:22:33 - [TEST_CASE][PASSED] - Test Cases/s-sidebar_navigation/individualAccount/broadcast: Test Cases/s-sidebar_navigation/individualAccount/broadcast

2019-04-26 16:22:33 - [TEST_STEP][PASSED] - click: Object: 'Object Repository/Page_KiboPush  Dashboard/span_Polls' is clicked on

2019-04-26 16:22:33 - [MESSAGE][PASSED] - Object: 'Object Repository/Page_KiboPush  Dashboard/span_Polls' is clicked on

2019-04-26 16:22:33 - [TEST_STEP][PASSED] - delay: Delayed 1 second(s)

2019-04-26 16:22:34 - [MESSAGE][PASSED] - Delayed 1 second(s)

2019-04-26 16:22:34 - [TEST_STEP][PASSED] - click: Object: 'Object Repository/Page_KiboPush  Dashboard/span_Broadcasts' is clicked on

2019-04-26 16:22:35 - [MESSAGE][PASSED] - Object: 'Object Repository/Page_KiboPush  Dashboard/span_Broadcasts' is clicked on

2019-04-26 16:22:35 - [TEST_STEP][PASSED] - delay: Delayed 1 second(s)

2019-04-26 16:22:36 - [MESSAGE][PASSED] - Delayed 1 second(s)

2019-04-26 16:22:36 - [TEST_STEP][PASSED] - scrollToPosition: Browser is scrolled to position x = 0, y = 0

2019-04-26 16:22:36 - [MESSAGE][PASSED] - Browser is scrolled to position x = 0, y = 0

2019-04-26 16:22:36 - [TEST_STEP][PASSED] - click: Object: 'Object Repository/Page_KiboPush  Broadcast/h3_Manage Broadcasts' is clicked on

2019-04-26 16:22:36 - [MESSAGE][PASSED] - Object: 'Object Repository/Page_KiboPush  Broadcast/h3_Manage Broadcasts' is clicked on

2019-04-26 16:22:36 - [MESSAGE][PASSED] - Call Test Case 'Test Cases/s-sidebar_navigation/individualAccount/broadcast' successfully

2019-04-26 16:22:36 - [MESSAGE][PASSED] - Call Test Case 'Test Cases/s-sidebar_navigation/TeamAccount/Broadcasts' successfully

2019-04-26 16:22:36 - [TEST_STEP][PASSED] - click: Object: 'Object Repository/Page_KiboPush  Broadcast/span_Create New Broadcast' is clicked on

2019-04-26 16:22:36 - [MESSAGE][PASSED] - Object: 'Object Repository/Page_KiboPush  Broadcast/span_Create New Broadcast' is clicked on

2019-04-26 16:22:36 - [TEST_STEP][PASSED] - click: Object: 'Object Repository/Page_KiboPush  Broadcast/a_Create New Broadcast' is clicked on

2019-04-26 16:22:37 - [MESSAGE][PASSED] - Object: 'Object Repository/Page_KiboPush  Broadcast/a_Create New Broadcast' is clicked on

2019-04-26 16:22:37 - [TEST_STEP][PASSED] - delay: Delayed 1 second(s)

2019-04-26 16:22:38 - [MESSAGE][PASSED] - Delayed 1 second(s)

2019-04-26 16:22:38 - [TEST_STEP][PASSED] - click: Object: 'Object Repository/Page_KiboPush  Create Broadcast/div_List' is clicked on

2019-04-26 16:22:38 - [MESSAGE][PASSED] - Object: 'Object Repository/Page_KiboPush  Create Broadcast/div_List' is clicked on

2019-04-26 16:22:38 - [TEST_STEP][PASSED] - delay: Delayed 1 second(s)

2019-04-26 16:22:39 - [MESSAGE][PASSED] - Delayed 1 second(s)

2019-04-26 16:22:39 - [TEST_STEP][PASSED] - click: Object: 'Object Repository/Page_KiboPush  Create Broadcast/div_ Add Button  Add Action' is clicked on

2019-04-26 16:22:40 - [MESSAGE][PASSED] - Object: 'Object Repository/Page_KiboPush  Create Broadcast/div_ Add Button  Add Action' is clicked on

2019-04-26 16:22:40 - [TEST_STEP][PASSED] - delay: Delayed 2 second(s)

2019-04-26 16:22:42 - [MESSAGE][PASSED] - Delayed 2 second(s)

2019-04-26 16:22:42 - [MESSAGE][PASSED] - Call Test Case 'Test Cases/Broadcasts/TC0684' successfully

2019-04-26 16:22:42 - [TEST_STEP][PASSED] - setText: Text 'Subtitle1' is set on object 'Object Repository/Page_KiboPush  Create Broadcast/First_Card_Subtitle'

2019-04-26 16:22:42 - [MESSAGE][PASSED] - Text 'Subtitle1' is set on object 'Object Repository/Page_KiboPush  Create Broadcast/First_Card_Subtitle'

2019-04-26 16:22:42 - [TEST_STEP][PASSED] - setText: Text 'Subtitle2' is set on object 'Object Repository/Page_KiboPush  Create Broadcast/Second_Card_Subtitle'

2019-04-26 16:22:42 - [MESSAGE][PASSED] - Text 'Subtitle2' is set on object 'Object Repository/Page_KiboPush  Create Broadcast/Second_Card_Subtitle'

2019-04-26 16:22:42 - [TEST_STEP][PASSED] - scrollToPosition: Browser is scrolled to position x = 0, y = 0

2019-04-26 16:22:42 - [MESSAGE][PASSED] - Browser is scrolled to position x = 0, y = 0

2019-04-26 16:22:42 - [TEST_STEP][PASSED] - click: Object: 'Object Repository/Page_KiboPush  Create Broadcast/button_Next' is clicked on

2019-04-26 16:22:42 - [MESSAGE][PASSED] - Object: 'Object Repository/Page_KiboPush  Create Broadcast/button_Next' is clicked on

2019-04-26 16:22:42 - [TEST_STEP][PASSED] - delay: Delayed 1 second(s)

2019-04-26 16:22:43 - [MESSAGE][PASSED] - Delayed 1 second(s)

2019-04-26 16:22:43 - [TEST_STEP][PASSED] - verifyTextPresent: Text 'ELEMENT IN LIST MUST HAVE A TITLE.' is present on page 

2019-04-26 16:22:44 - [MESSAGE][PASSED] - Text 'ELEMENT IN LIST MUST HAVE A TITLE.' is present on page]]></system-out>
         <system-err><![CDATA[]]></system-err>
      </testcase>
      <testcase name="Test Cases/Broadcasts/TC0691" classname="Test Cases/Broadcasts/TC0691" status="PASSED">
         <system-out><![CDATA[2019-04-26 16:22:44 - [TEST_CASE][PASSED] - Test Cases/Broadcasts/TC0691: Test Cases/Broadcasts/TC0691

2019-04-26 16:22:44 - [TEST_STEP][PASSED] - callTestCase: Call Test Case 'Test Cases/Broadcasts/TC0684' successfully

2019-04-26 16:22:44 - [TEST_CASE][PASSED] - Test Cases/Broadcasts/TC0684: Test Cases/Broadcasts/TC0684

2019-04-26 16:22:44 - [TEST_STEP][PASSED] - callTestCase: Call Test Case 'Test Cases/s-sidebar_navigation/TeamAccount/Broadcasts' successfully

2019-04-26 16:22:44 - [TEST_CASE][PASSED] - Test Cases/s-sidebar_navigation/TeamAccount/Broadcasts: Test Cases/s-sidebar_navigation/TeamAccount/Broadcasts

2019-04-26 16:22:44 - [TEST_STEP][PASSED] - callTestCase: Call Test Case 'Test Cases/s-sidebar_navigation/individualAccount/broadcast' successfully

2019-04-26 16:22:44 - [TEST_CASE][PASSED] - Test Cases/s-sidebar_navigation/individualAccount/broadcast: Test Cases/s-sidebar_navigation/individualAccount/broadcast

2019-04-26 16:22:44 - [TEST_STEP][PASSED] - click: Object: 'Object Repository/Page_KiboPush  Dashboard/span_Polls' is clicked on

2019-04-26 16:22:44 - [MESSAGE][PASSED] - Object: 'Object Repository/Page_KiboPush  Dashboard/span_Polls' is clicked on

2019-04-26 16:22:44 - [TEST_STEP][PASSED] - delay: Delayed 1 second(s)

2019-04-26 16:22:45 - [MESSAGE][PASSED] - Delayed 1 second(s)

2019-04-26 16:22:45 - [TEST_STEP][PASSED] - click: Object: 'Object Repository/Page_KiboPush  Dashboard/span_Broadcasts' is clicked on

2019-04-26 16:22:46 - [MESSAGE][PASSED] - Object: 'Object Repository/Page_KiboPush  Dashboard/span_Broadcasts' is clicked on

2019-04-26 16:22:46 - [TEST_STEP][PASSED] - delay: Delayed 1 second(s)

2019-04-26 16:22:47 - [MESSAGE][PASSED] - Delayed 1 second(s)

2019-04-26 16:22:47 - [TEST_STEP][PASSED] - scrollToPosition: Browser is scrolled to position x = 0, y = 0

2019-04-26 16:22:47 - [MESSAGE][PASSED] - Browser is scrolled to position x = 0, y = 0

2019-04-26 16:22:47 - [TEST_STEP][PASSED] - click: Object: 'Object Repository/Page_KiboPush  Broadcast/h3_Manage Broadcasts' is clicked on

2019-04-26 16:22:47 - [MESSAGE][PASSED] - Object: 'Object Repository/Page_KiboPush  Broadcast/h3_Manage Broadcasts' is clicked on

2019-04-26 16:22:47 - [MESSAGE][PASSED] - Call Test Case 'Test Cases/s-sidebar_navigation/individualAccount/broadcast' successfully

2019-04-26 16:22:47 - [MESSAGE][PASSED] - Call Test Case 'Test Cases/s-sidebar_navigation/TeamAccount/Broadcasts' successfully

2019-04-26 16:22:47 - [TEST_STEP][PASSED] - click: Object: 'Object Repository/Page_KiboPush  Broadcast/span_Create New Broadcast' is clicked on

2019-04-26 16:22:47 - [MESSAGE][PASSED] - Object: 'Object Repository/Page_KiboPush  Broadcast/span_Create New Broadcast' is clicked on

2019-04-26 16:22:47 - [TEST_STEP][PASSED] - click: Object: 'Object Repository/Page_KiboPush  Broadcast/a_Create New Broadcast' is clicked on

2019-04-26 16:22:48 - [MESSAGE][PASSED] - Object: 'Object Repository/Page_KiboPush  Broadcast/a_Create New Broadcast' is clicked on

2019-04-26 16:22:48 - [TEST_STEP][PASSED] - delay: Delayed 1 second(s)

2019-04-26 16:22:49 - [MESSAGE][PASSED] - Delayed 1 second(s)

2019-04-26 16:22:49 - [TEST_STEP][PASSED] - click: Object: 'Object Repository/Page_KiboPush  Create Broadcast/div_List' is clicked on

2019-04-26 16:22:49 - [MESSAGE][PASSED] - Object: 'Object Repository/Page_KiboPush  Create Broadcast/div_List' is clicked on

2019-04-26 16:22:49 - [TEST_STEP][PASSED] - delay: Delayed 1 second(s)

2019-04-26 16:22:50 - [MESSAGE][PASSED] - Delayed 1 second(s)

2019-04-26 16:22:50 - [TEST_STEP][PASSED] - click: Object: 'Object Repository/Page_KiboPush  Create Broadcast/div_ Add Button  Add Action' is clicked on

2019-04-26 16:22:50 - [MESSAGE][PASSED] - Object: 'Object Repository/Page_KiboPush  Create Broadcast/div_ Add Button  Add Action' is clicked on

2019-04-26 16:22:50 - [TEST_STEP][PASSED] - delay: Delayed 2 second(s)

2019-04-26 16:22:52 - [MESSAGE][PASSED] - Delayed 2 second(s)

2019-04-26 16:22:52 - [MESSAGE][PASSED] - Call Test Case 'Test Cases/Broadcasts/TC0684' successfully

2019-04-26 16:22:52 - [TEST_STEP][PASSED] - delay: Delayed 2 second(s)

2019-04-26 16:22:54 - [MESSAGE][PASSED] - Delayed 2 second(s)

2019-04-26 16:22:54 - [TEST_STEP][PASSED] - setText: Text 'Title1' is set on object 'Object Repository/Page_KiboPush  Create Broadcast/First_Card_List_Title'

2019-04-26 16:22:55 - [MESSAGE][PASSED] - Text 'Title1' is set on object 'Object Repository/Page_KiboPush  Create Broadcast/First_Card_List_Title'

2019-04-26 16:22:55 - [TEST_STEP][PASSED] - setText: Text 'Subtitle1' is set on object 'Object Repository/Page_KiboPush  Create Broadcast/First_Card_Subtitle'

2019-04-26 16:22:55 - [MESSAGE][PASSED] - Text 'Subtitle1' is set on object 'Object Repository/Page_KiboPush  Create Broadcast/First_Card_Subtitle'

2019-04-26 16:22:55 - [TEST_STEP][PASSED] - scrollToPosition: Browser is scrolled to position x = 0, y = 0

2019-04-26 16:22:55 - [MESSAGE][PASSED] - Browser is scrolled to position x = 0, y = 0

2019-04-26 16:22:55 - [TEST_STEP][PASSED] - click: Object: 'Object Repository/Page_KiboPush  Create Broadcast/button_Next (13)' is clicked on

2019-04-26 16:22:55 - [MESSAGE][PASSED] - Object: 'Object Repository/Page_KiboPush  Create Broadcast/button_Next (13)' is clicked on

2019-04-26 16:22:55 - [TEST_STEP][PASSED] - delay: Delayed 2 second(s)

2019-04-26 16:22:57 - [MESSAGE][PASSED] - Delayed 2 second(s)

2019-04-26 16:22:57 - [TEST_STEP][PASSED] - verifyTextPresent: Text 'A LIST MUST HAVE AT LEAST 2 COMPLETE ELEMENTS' is present on page 

2019-04-26 16:22:57 - [MESSAGE][PASSED] - Text 'A LIST MUST HAVE AT LEAST 2 COMPLETE ELEMENTS' is present on page]]></system-out>
         <system-err><![CDATA[]]></system-err>
      </testcase>
      <testcase name="Test Cases/Broadcasts/TC0692" classname="Test Cases/Broadcasts/TC0692" status="FAILED">
         <failure type="FAILED" message="Unable to click on object 'Object Repository/Page_KiboPush  Create Broadcast/div_List' (Root cause: com.kms.katalon.core.webui.exception.WebElementNotFoundException: Web element with id: 'Object Repository/Page_KiboPush  Create Broadcast/div_List' located by 'By.xpath: //div[(text() = 'List' or . = 'List')]' not found)"/>
         <system-out><![CDATA[2019-04-26 16:22:57 - [TEST_CASE][FAILED] - Test Cases/Broadcasts/TC0692: Test Cases/Broadcasts/TC0692 FAILED because (of) Unable to click on object 'Object Repository/Page_KiboPush  Create Broadcast/div_List' (Root cause: com.kms.katalon.core.webui.exception.WebElementNotFoundException: Web element with id: 'Object Repository/Page_KiboPush  Create Broadcast/div_List' located by 'By.xpath: //div[(text() = 'List' or . = 'List')]' not found)

2019-04-26 16:22:57 - [TEST_STEP][FAILED] - callTestCase: Unable to call Test Case with id 'Test Cases/Broadcasts/TC0684' (Root cause: Call Test Case 'Test Cases/Broadcasts/TC0684' failed)

2019-04-26 16:22:57 - [TEST_CASE][FAILED] - Test Cases/Broadcasts/TC0684: Test Cases/Broadcasts/TC0684 FAILED because (of) Unable to click on object 'Object Repository/Page_KiboPush  Create Broadcast/div_List' (Root cause: com.kms.katalon.core.webui.exception.WebElementNotFoundException: Web element with id: 'Object Repository/Page_KiboPush  Create Broadcast/div_List' located by 'By.xpath: //div[(text() = 'List' or . = 'List')]' not found)

2019-04-26 16:22:57 - [TEST_STEP][PASSED] - callTestCase: Call Test Case 'Test Cases/s-sidebar_navigation/TeamAccount/Broadcasts' successfully

2019-04-26 16:22:58 - [TEST_CASE][PASSED] - Test Cases/s-sidebar_navigation/TeamAccount/Broadcasts: Test Cases/s-sidebar_navigation/TeamAccount/Broadcasts

2019-04-26 16:22:58 - [TEST_STEP][PASSED] - callTestCase: Call Test Case 'Test Cases/s-sidebar_navigation/individualAccount/broadcast' successfully

2019-04-26 16:22:58 - [TEST_CASE][PASSED] - Test Cases/s-sidebar_navigation/individualAccount/broadcast: Test Cases/s-sidebar_navigation/individualAccount/broadcast

2019-04-26 16:22:58 - [TEST_STEP][PASSED] - click: Object: 'Object Repository/Page_KiboPush  Dashboard/span_Polls' is clicked on

2019-04-26 16:22:58 - [MESSAGE][PASSED] - Object: 'Object Repository/Page_KiboPush  Dashboard/span_Polls' is clicked on

2019-04-26 16:22:58 - [TEST_STEP][PASSED] - delay: Delayed 1 second(s)

2019-04-26 16:22:59 - [MESSAGE][PASSED] - Delayed 1 second(s)

2019-04-26 16:22:59 - [TEST_STEP][PASSED] - click: Object: 'Object Repository/Page_KiboPush  Dashboard/span_Broadcasts' is clicked on

2019-04-26 16:22:59 - [MESSAGE][PASSED] - Object: 'Object Repository/Page_KiboPush  Dashboard/span_Broadcasts' is clicked on

2019-04-26 16:22:59 - [TEST_STEP][PASSED] - delay: Delayed 1 second(s)

2019-04-26 16:23:00 - [MESSAGE][PASSED] - Delayed 1 second(s)

2019-04-26 16:23:00 - [TEST_STEP][PASSED] - scrollToPosition: Browser is scrolled to position x = 0, y = 0

2019-04-26 16:23:00 - [MESSAGE][PASSED] - Browser is scrolled to position x = 0, y = 0

2019-04-26 16:23:00 - [TEST_STEP][PASSED] - click: Object: 'Object Repository/Page_KiboPush  Broadcast/h3_Manage Broadcasts' is clicked on

2019-04-26 16:23:00 - [MESSAGE][PASSED] - Object: 'Object Repository/Page_KiboPush  Broadcast/h3_Manage Broadcasts' is clicked on

2019-04-26 16:23:00 - [MESSAGE][PASSED] - Call Test Case 'Test Cases/s-sidebar_navigation/individualAccount/broadcast' successfully

2019-04-26 16:23:00 - [MESSAGE][PASSED] - Call Test Case 'Test Cases/s-sidebar_navigation/TeamAccount/Broadcasts' successfully

2019-04-26 16:23:00 - [TEST_STEP][PASSED] - click: Object: 'Object Repository/Page_KiboPush  Broadcast/span_Create New Broadcast' is clicked on

2019-04-26 16:23:01 - [MESSAGE][PASSED] - Object: 'Object Repository/Page_KiboPush  Broadcast/span_Create New Broadcast' is clicked on

2019-04-26 16:23:01 - [TEST_STEP][PASSED] - click: Object: 'Object Repository/Page_KiboPush  Broadcast/a_Create New Broadcast' is clicked on

2019-04-26 16:23:01 - [MESSAGE][PASSED] - Object: 'Object Repository/Page_KiboPush  Broadcast/a_Create New Broadcast' is clicked on

2019-04-26 16:23:01 - [TEST_STEP][PASSED] - delay: Delayed 1 second(s)

2019-04-26 16:23:02 - [MESSAGE][PASSED] - Delayed 1 second(s)

2019-04-26 16:23:02 - [TEST_STEP][FAILED] - click: Unable to click on object 'Object Repository/Page_KiboPush  Create Broadcast/div_List' (Root cause: com.kms.katalon.core.webui.exception.WebElementNotFoundException: Web element with id: 'Object Repository/Page_KiboPush  Create Broadcast/div_List' located by 'By.xpath: //div[(text() = 'List' or . = 'List')]' not found)

2019-04-26 16:23:36 - [MESSAGE][FAILED] - Unable to click on object 'Object Repository/Page_KiboPush  Create Broadcast/div_List' (Root cause: com.kms.katalon.core.webui.exception.WebElementNotFoundException: Web element with id: 'Object Repository/Page_KiboPush  Create Broadcast/div_List' located by 'By.xpath: //div[(text() = 'List' or . = 'List')]' not found)
[[ATTACHMENT|C:\\Users\\cloudkibo\\Desktop\\KiboPush_Automated_Testing\\KiboPush Katalon\\Reports\\broadcast\\20190426_154219\\1556277816579.png]]

2019-04-26 16:23:36 - [MESSAGE][FAILED] - Unable to call Test Case with id 'Test Cases/Broadcasts/TC0684' (Root cause: Call Test Case 'Test Cases/Broadcasts/TC0684' failed)]]></system-out>
         <system-err><![CDATA[2019-04-26 16:22:57 - [TEST_CASE][FAILED] - Test Cases/Broadcasts/TC0692: Test Cases/Broadcasts/TC0692 FAILED because (of) Unable to click on object 'Object Repository/Page_KiboPush  Create Broadcast/div_List' (Root cause: com.kms.katalon.core.webui.exception.WebElementNotFoundException: Web element with id: 'Object Repository/Page_KiboPush  Create Broadcast/div_List' located by 'By.xpath: //div[(text() = 'List' or . = 'List')]' not found)]]></system-err>
      </testcase>
      <testcase name="Test Cases/Broadcasts/TC0693" classname="Test Cases/Broadcasts/TC0693" status="PASSED">
         <system-out><![CDATA[2019-04-26 16:23:36 - [TEST_CASE][PASSED] - Test Cases/Broadcasts/TC0693: Test Cases/Broadcasts/TC0693

2019-04-26 16:23:36 - [TEST_STEP][PASSED] - callTestCase: Call Test Case 'Test Cases/Broadcasts/TC0684' successfully

2019-04-26 16:23:37 - [TEST_CASE][PASSED] - Test Cases/Broadcasts/TC0684: Test Cases/Broadcasts/TC0684

2019-04-26 16:23:37 - [TEST_STEP][PASSED] - callTestCase: Call Test Case 'Test Cases/s-sidebar_navigation/TeamAccount/Broadcasts' successfully

2019-04-26 16:23:37 - [TEST_CASE][PASSED] - Test Cases/s-sidebar_navigation/TeamAccount/Broadcasts: Test Cases/s-sidebar_navigation/TeamAccount/Broadcasts

2019-04-26 16:23:37 - [TEST_STEP][PASSED] - callTestCase: Call Test Case 'Test Cases/s-sidebar_navigation/individualAccount/broadcast' successfully

2019-04-26 16:23:37 - [TEST_CASE][PASSED] - Test Cases/s-sidebar_navigation/individualAccount/broadcast: Test Cases/s-sidebar_navigation/individualAccount/broadcast

2019-04-26 16:23:37 - [TEST_STEP][PASSED] - click: Object: 'Object Repository/Page_KiboPush  Dashboard/span_Polls' is clicked on

2019-04-26 16:23:37 - [MESSAGE][PASSED] - Object: 'Object Repository/Page_KiboPush  Dashboard/span_Polls' is clicked on

2019-04-26 16:23:37 - [TEST_STEP][PASSED] - delay: Delayed 1 second(s)

2019-04-26 16:23:38 - [MESSAGE][PASSED] - Delayed 1 second(s)

2019-04-26 16:23:38 - [TEST_STEP][PASSED] - click: Object: 'Object Repository/Page_KiboPush  Dashboard/span_Broadcasts' is clicked on

2019-04-26 16:23:38 - [MESSAGE][PASSED] - Object: 'Object Repository/Page_KiboPush  Dashboard/span_Broadcasts' is clicked on

2019-04-26 16:23:38 - [TEST_STEP][PASSED] - delay: Delayed 1 second(s)

2019-04-26 16:23:39 - [MESSAGE][PASSED] - Delayed 1 second(s)

2019-04-26 16:23:39 - [TEST_STEP][PASSED] - scrollToPosition: Browser is scrolled to position x = 0, y = 0

2019-04-26 16:23:39 - [MESSAGE][PASSED] - Browser is scrolled to position x = 0, y = 0

2019-04-26 16:23:39 - [TEST_STEP][PASSED] - click: Object: 'Object Repository/Page_KiboPush  Broadcast/h3_Manage Broadcasts' is clicked on

2019-04-26 16:23:40 - [MESSAGE][PASSED] - Object: 'Object Repository/Page_KiboPush  Broadcast/h3_Manage Broadcasts' is clicked on

2019-04-26 16:23:40 - [MESSAGE][PASSED] - Call Test Case 'Test Cases/s-sidebar_navigation/individualAccount/broadcast' successfully

2019-04-26 16:23:40 - [MESSAGE][PASSED] - Call Test Case 'Test Cases/s-sidebar_navigation/TeamAccount/Broadcasts' successfully

2019-04-26 16:23:40 - [TEST_STEP][PASSED] - click: Object: 'Object Repository/Page_KiboPush  Broadcast/span_Create New Broadcast' is clicked on

2019-04-26 16:23:40 - [MESSAGE][PASSED] - Object: 'Object Repository/Page_KiboPush  Broadcast/span_Create New Broadcast' is clicked on

2019-04-26 16:23:40 - [TEST_STEP][PASSED] - click: Object: 'Object Repository/Page_KiboPush  Broadcast/a_Create New Broadcast' is clicked on

2019-04-26 16:23:40 - [MESSAGE][PASSED] - Object: 'Object Repository/Page_KiboPush  Broadcast/a_Create New Broadcast' is clicked on

2019-04-26 16:23:40 - [TEST_STEP][PASSED] - delay: Delayed 1 second(s)

2019-04-26 16:23:41 - [MESSAGE][PASSED] - Delayed 1 second(s)

2019-04-26 16:23:41 - [TEST_STEP][PASSED] - click: Object: 'Object Repository/Page_KiboPush  Create Broadcast/div_List' is clicked on

2019-04-26 16:23:42 - [MESSAGE][PASSED] - Object: 'Object Repository/Page_KiboPush  Create Broadcast/div_List' is clicked on

2019-04-26 16:23:42 - [TEST_STEP][PASSED] - delay: Delayed 1 second(s)

2019-04-26 16:23:43 - [MESSAGE][PASSED] - Delayed 1 second(s)

2019-04-26 16:23:43 - [TEST_STEP][PASSED] - click: Object: 'Object Repository/Page_KiboPush  Create Broadcast/div_ Add Button  Add Action' is clicked on

2019-04-26 16:23:43 - [MESSAGE][PASSED] - Object: 'Object Repository/Page_KiboPush  Create Broadcast/div_ Add Button  Add Action' is clicked on

2019-04-26 16:23:43 - [TEST_STEP][PASSED] - delay: Delayed 2 second(s)

2019-04-26 16:23:45 - [MESSAGE][PASSED] - Delayed 2 second(s)

2019-04-26 16:23:45 - [MESSAGE][PASSED] - Call Test Case 'Test Cases/Broadcasts/TC0684' successfully

2019-04-26 16:23:45 - [TEST_STEP][PASSED] - delay: Delayed 2 second(s)

2019-04-26 16:23:47 - [MESSAGE][PASSED] - Delayed 2 second(s)

2019-04-26 16:23:47 - [TEST_STEP][PASSED] - setText: Text 'Title1' is set on object 'Object Repository/Page_KiboPush  Create Broadcast/First_Card_List_Title'

2019-04-26 16:23:47 - [MESSAGE][PASSED] - Text 'Title1' is set on object 'Object Repository/Page_KiboPush  Create Broadcast/First_Card_List_Title'

2019-04-26 16:23:47 - [TEST_STEP][PASSED] - setText: Text 'Subtitle1' is set on object 'Object Repository/Page_KiboPush  Create Broadcast/First_Card_Subtitle'

2019-04-26 16:23:48 - [MESSAGE][PASSED] - Text 'Subtitle1' is set on object 'Object Repository/Page_KiboPush  Create Broadcast/First_Card_Subtitle'

2019-04-26 16:23:48 - [TEST_STEP][PASSED] - setText: Text 'Title2' is set on object 'Object Repository/Page_KiboPush  Create Broadcast/Second_Card_List_Title'

2019-04-26 16:23:48 - [MESSAGE][PASSED] - Text 'Title2' is set on object 'Object Repository/Page_KiboPush  Create Broadcast/Second_Card_List_Title'

2019-04-26 16:23:48 - [TEST_STEP][PASSED] - setText: Text 'Subtitle2' is set on object 'Object Repository/Page_KiboPush  Create Broadcast/Second_Card_Subtitle'

2019-04-26 16:23:49 - [MESSAGE][PASSED] - Text 'Subtitle2' is set on object 'Object Repository/Page_KiboPush  Create Broadcast/Second_Card_Subtitle'

2019-04-26 16:23:49 - [TEST_STEP][PASSED] - scrollToPosition: Browser is scrolled to position x = 0, y = 0

2019-04-26 16:23:49 - [MESSAGE][PASSED] - Browser is scrolled to position x = 0, y = 0

2019-04-26 16:23:49 - [TEST_STEP][PASSED] - click: Object: 'Object Repository/Page_KiboPush  Create Broadcast/button_Next' is clicked on

2019-04-26 16:23:49 - [MESSAGE][PASSED] - Object: 'Object Repository/Page_KiboPush  Create Broadcast/button_Next' is clicked on

2019-04-26 16:23:49 - [TEST_STEP][PASSED] - click: Object: 'Object Repository/Page_KiboPush  Create Broadcast/label_Select Segmentation' is clicked on

2019-04-26 16:23:49 - [MESSAGE][PASSED] - Object: 'Object Repository/Page_KiboPush  Create Broadcast/label_Select Segmentation' is clicked on]]></system-out>
         <system-err><![CDATA[]]></system-err>
      </testcase>
      <testcase name="Test Cases/Broadcasts/TC0694" classname="Test Cases/Broadcasts/TC0694" status="PASSED">
         <system-out><![CDATA[2019-04-26 16:23:49 - [TEST_CASE][PASSED] - Test Cases/Broadcasts/TC0694: Test Cases/Broadcasts/TC0694

2019-04-26 16:23:49 - [TEST_STEP][PASSED] - callTestCase: Call Test Case 'Test Cases/Broadcasts/TC0684' successfully

2019-04-26 16:23:49 - [TEST_CASE][PASSED] - Test Cases/Broadcasts/TC0684: Test Cases/Broadcasts/TC0684

2019-04-26 16:23:49 - [TEST_STEP][PASSED] - callTestCase: Call Test Case 'Test Cases/s-sidebar_navigation/TeamAccount/Broadcasts' successfully

2019-04-26 16:23:49 - [TEST_CASE][PASSED] - Test Cases/s-sidebar_navigation/TeamAccount/Broadcasts: Test Cases/s-sidebar_navigation/TeamAccount/Broadcasts

2019-04-26 16:23:49 - [TEST_STEP][PASSED] - callTestCase: Call Test Case 'Test Cases/s-sidebar_navigation/individualAccount/broadcast' successfully

2019-04-26 16:23:49 - [TEST_CASE][PASSED] - Test Cases/s-sidebar_navigation/individualAccount/broadcast: Test Cases/s-sidebar_navigation/individualAccount/broadcast

2019-04-26 16:23:49 - [TEST_STEP][PASSED] - click: Object: 'Object Repository/Page_KiboPush  Dashboard/span_Polls' is clicked on

2019-04-26 16:23:50 - [MESSAGE][PASSED] - Object: 'Object Repository/Page_KiboPush  Dashboard/span_Polls' is clicked on

2019-04-26 16:23:50 - [TEST_STEP][PASSED] - delay: Delayed 1 second(s)

2019-04-26 16:23:51 - [MESSAGE][PASSED] - Delayed 1 second(s)

2019-04-26 16:23:51 - [TEST_STEP][PASSED] - click: Object: 'Object Repository/Page_KiboPush  Dashboard/span_Broadcasts' is clicked on

2019-04-26 16:23:51 - [MESSAGE][PASSED] - Object: 'Object Repository/Page_KiboPush  Dashboard/span_Broadcasts' is clicked on

2019-04-26 16:23:51 - [TEST_STEP][PASSED] - delay: Delayed 1 second(s)

2019-04-26 16:23:52 - [MESSAGE][PASSED] - Delayed 1 second(s)

2019-04-26 16:23:52 - [TEST_STEP][PASSED] - scrollToPosition: Browser is scrolled to position x = 0, y = 0

2019-04-26 16:23:52 - [MESSAGE][PASSED] - Browser is scrolled to position x = 0, y = 0

2019-04-26 16:23:52 - [TEST_STEP][PASSED] - click: Object: 'Object Repository/Page_KiboPush  Broadcast/h3_Manage Broadcasts' is clicked on

2019-04-26 16:23:52 - [MESSAGE][PASSED] - Object: 'Object Repository/Page_KiboPush  Broadcast/h3_Manage Broadcasts' is clicked on

2019-04-26 16:23:52 - [MESSAGE][PASSED] - Call Test Case 'Test Cases/s-sidebar_navigation/individualAccount/broadcast' successfully

2019-04-26 16:23:52 - [MESSAGE][PASSED] - Call Test Case 'Test Cases/s-sidebar_navigation/TeamAccount/Broadcasts' successfully

2019-04-26 16:23:52 - [TEST_STEP][PASSED] - click: Object: 'Object Repository/Page_KiboPush  Broadcast/span_Create New Broadcast' is clicked on

2019-04-26 16:23:52 - [MESSAGE][PASSED] - Object: 'Object Repository/Page_KiboPush  Broadcast/span_Create New Broadcast' is clicked on

2019-04-26 16:23:52 - [TEST_STEP][PASSED] - click: Object: 'Object Repository/Page_KiboPush  Broadcast/a_Create New Broadcast' is clicked on

2019-04-26 16:23:53 - [MESSAGE][PASSED] - Object: 'Object Repository/Page_KiboPush  Broadcast/a_Create New Broadcast' is clicked on

2019-04-26 16:23:53 - [TEST_STEP][PASSED] - delay: Delayed 1 second(s)

2019-04-26 16:23:54 - [MESSAGE][PASSED] - Delayed 1 second(s)

2019-04-26 16:23:54 - [TEST_STEP][PASSED] - click: Object: 'Object Repository/Page_KiboPush  Create Broadcast/div_List' is clicked on

2019-04-26 16:23:54 - [MESSAGE][PASSED] - Object: 'Object Repository/Page_KiboPush  Create Broadcast/div_List' is clicked on

2019-04-26 16:23:54 - [TEST_STEP][PASSED] - delay: Delayed 1 second(s)

2019-04-26 16:23:55 - [MESSAGE][PASSED] - Delayed 1 second(s)

2019-04-26 16:23:55 - [TEST_STEP][PASSED] - click: Object: 'Object Repository/Page_KiboPush  Create Broadcast/div_ Add Button  Add Action' is clicked on

2019-04-26 16:23:56 - [MESSAGE][PASSED] - Object: 'Object Repository/Page_KiboPush  Create Broadcast/div_ Add Button  Add Action' is clicked on

2019-04-26 16:23:56 - [TEST_STEP][PASSED] - delay: Delayed 2 second(s)

2019-04-26 16:23:58 - [MESSAGE][PASSED] - Delayed 2 second(s)

2019-04-26 16:23:58 - [MESSAGE][PASSED] - Call Test Case 'Test Cases/Broadcasts/TC0684' successfully

2019-04-26 16:23:58 - [TEST_STEP][PASSED] - delay: Delayed 2 second(s)

2019-04-26 16:24:00 - [MESSAGE][PASSED] - Delayed 2 second(s)

2019-04-26 16:24:00 - [TEST_STEP][PASSED] - Statement - img = com.kms.katalon.core.configuration.RunConfiguration.getProjectDir() + "/sample.jpg": null

2019-04-26 16:24:00 - [TEST_STEP][PASSED] - uploadFile: File 'C:/Users/cloudkibo/Desktop/KiboPush_Automated_Testing/KiboPush Katalon/sample.jpg' sent to object: 'Object Repository/Page_KiboPush  Create Broadcast/Upload_Image_List1'

2019-04-26 16:24:00 - [MESSAGE][PASSED] - File 'C:/Users/cloudkibo/Desktop/KiboPush_Automated_Testing/KiboPush Katalon/sample.jpg' sent to object: 'Object Repository/Page_KiboPush  Create Broadcast/Upload_Image_List1'

2019-04-26 16:24:00 - [TEST_STEP][PASSED] - uploadFile: File 'C:/Users/cloudkibo/Desktop/KiboPush_Automated_Testing/KiboPush Katalon/sample.jpg' sent to object: 'Object Repository/Page_KiboPush  Create Broadcast/Upload_Image_List2'

2019-04-26 16:24:00 - [MESSAGE][PASSED] - File 'C:/Users/cloudkibo/Desktop/KiboPush_Automated_Testing/KiboPush Katalon/sample.jpg' sent to object: 'Object Repository/Page_KiboPush  Create Broadcast/Upload_Image_List2'

2019-04-26 16:24:00 - [TEST_STEP][PASSED] - delay: Delayed 5 second(s)

2019-04-26 16:24:05 - [MESSAGE][PASSED] - Delayed 5 second(s)

2019-04-26 16:24:05 - [TEST_STEP][PASSED] - scrollToPosition: Browser is scrolled to position x = 0, y = 0

2019-04-26 16:24:05 - [MESSAGE][PASSED] - Browser is scrolled to position x = 0, y = 0

2019-04-26 16:24:05 - [TEST_STEP][PASSED] - click: Object: 'Object Repository/Page_KiboPush  Create Broadcast/button_Next' is clicked on

2019-04-26 16:24:05 - [MESSAGE][PASSED] - Object: 'Object Repository/Page_KiboPush  Create Broadcast/button_Next' is clicked on

2019-04-26 16:24:05 - [TEST_STEP][PASSED] - click: Object: 'Object Repository/Page_KiboPush  Create Broadcast/div_Element in list must have' is clicked on

2019-04-26 16:24:05 - [MESSAGE][PASSED] - Object: 'Object Repository/Page_KiboPush  Create Broadcast/div_Element in list must have' is clicked on]]></system-out>
         <system-err><![CDATA[]]></system-err>
      </testcase>
      <testcase name="Test Cases/Broadcasts/TC0695" classname="Test Cases/Broadcasts/TC0695" status="PASSED">
         <system-out><![CDATA[2019-04-26 16:24:05 - [TEST_CASE][PASSED] - Test Cases/Broadcasts/TC0695: Test Cases/Broadcasts/TC0695

2019-04-26 16:24:05 - [TEST_STEP][PASSED] - callTestCase: Call Test Case 'Test Cases/Broadcasts/TC0684' successfully

2019-04-26 16:24:05 - [TEST_CASE][PASSED] - Test Cases/Broadcasts/TC0684: Test Cases/Broadcasts/TC0684

2019-04-26 16:24:05 - [TEST_STEP][PASSED] - callTestCase: Call Test Case 'Test Cases/s-sidebar_navigation/TeamAccount/Broadcasts' successfully

2019-04-26 16:24:05 - [TEST_CASE][PASSED] - Test Cases/s-sidebar_navigation/TeamAccount/Broadcasts: Test Cases/s-sidebar_navigation/TeamAccount/Broadcasts

2019-04-26 16:24:05 - [TEST_STEP][PASSED] - callTestCase: Call Test Case 'Test Cases/s-sidebar_navigation/individualAccount/broadcast' successfully

2019-04-26 16:24:05 - [TEST_CASE][PASSED] - Test Cases/s-sidebar_navigation/individualAccount/broadcast: Test Cases/s-sidebar_navigation/individualAccount/broadcast

2019-04-26 16:24:05 - [TEST_STEP][PASSED] - click: Object: 'Object Repository/Page_KiboPush  Dashboard/span_Polls' is clicked on

2019-04-26 16:24:06 - [MESSAGE][PASSED] - Object: 'Object Repository/Page_KiboPush  Dashboard/span_Polls' is clicked on

2019-04-26 16:24:06 - [TEST_STEP][PASSED] - delay: Delayed 1 second(s)

2019-04-26 16:24:07 - [MESSAGE][PASSED] - Delayed 1 second(s)

2019-04-26 16:24:07 - [TEST_STEP][PASSED] - click: Object: 'Object Repository/Page_KiboPush  Dashboard/span_Broadcasts' is clicked on

2019-04-26 16:24:07 - [MESSAGE][PASSED] - Object: 'Object Repository/Page_KiboPush  Dashboard/span_Broadcasts' is clicked on

2019-04-26 16:24:07 - [TEST_STEP][PASSED] - delay: Delayed 1 second(s)

2019-04-26 16:24:08 - [MESSAGE][PASSED] - Delayed 1 second(s)

2019-04-26 16:24:08 - [TEST_STEP][PASSED] - scrollToPosition: Browser is scrolled to position x = 0, y = 0

2019-04-26 16:24:08 - [MESSAGE][PASSED] - Browser is scrolled to position x = 0, y = 0

2019-04-26 16:24:08 - [TEST_STEP][PASSED] - click: Object: 'Object Repository/Page_KiboPush  Broadcast/h3_Manage Broadcasts' is clicked on

2019-04-26 16:24:08 - [MESSAGE][PASSED] - Object: 'Object Repository/Page_KiboPush  Broadcast/h3_Manage Broadcasts' is clicked on

2019-04-26 16:24:08 - [MESSAGE][PASSED] - Call Test Case 'Test Cases/s-sidebar_navigation/individualAccount/broadcast' successfully

2019-04-26 16:24:08 - [MESSAGE][PASSED] - Call Test Case 'Test Cases/s-sidebar_navigation/TeamAccount/Broadcasts' successfully

2019-04-26 16:24:08 - [TEST_STEP][PASSED] - click: Object: 'Object Repository/Page_KiboPush  Broadcast/span_Create New Broadcast' is clicked on

2019-04-26 16:24:08 - [MESSAGE][PASSED] - Object: 'Object Repository/Page_KiboPush  Broadcast/span_Create New Broadcast' is clicked on

2019-04-26 16:24:08 - [TEST_STEP][PASSED] - click: Object: 'Object Repository/Page_KiboPush  Broadcast/a_Create New Broadcast' is clicked on

2019-04-26 16:24:09 - [MESSAGE][PASSED] - Object: 'Object Repository/Page_KiboPush  Broadcast/a_Create New Broadcast' is clicked on

2019-04-26 16:24:09 - [TEST_STEP][PASSED] - delay: Delayed 1 second(s)

2019-04-26 16:24:10 - [MESSAGE][PASSED] - Delayed 1 second(s)

2019-04-26 16:24:10 - [TEST_STEP][PASSED] - click: Object: 'Object Repository/Page_KiboPush  Create Broadcast/div_List' is clicked on

2019-04-26 16:24:10 - [MESSAGE][PASSED] - Object: 'Object Repository/Page_KiboPush  Create Broadcast/div_List' is clicked on

2019-04-26 16:24:10 - [TEST_STEP][PASSED] - delay: Delayed 1 second(s)

2019-04-26 16:24:11 - [MESSAGE][PASSED] - Delayed 1 second(s)

2019-04-26 16:24:11 - [TEST_STEP][PASSED] - click: Object: 'Object Repository/Page_KiboPush  Create Broadcast/div_ Add Button  Add Action' is clicked on

2019-04-26 16:24:11 - [MESSAGE][PASSED] - Object: 'Object Repository/Page_KiboPush  Create Broadcast/div_ Add Button  Add Action' is clicked on

2019-04-26 16:24:11 - [TEST_STEP][PASSED] - delay: Delayed 2 second(s)

2019-04-26 16:24:13 - [MESSAGE][PASSED] - Delayed 2 second(s)

2019-04-26 16:24:13 - [MESSAGE][PASSED] - Call Test Case 'Test Cases/Broadcasts/TC0684' successfully]]></system-out>
         <system-err><![CDATA[]]></system-err>
      </testcase>
      <testcase name="Test Cases/Broadcasts/TC0696" classname="Test Cases/Broadcasts/TC0696" status="PASSED">
         <system-out><![CDATA[2019-04-26 16:24:13 - [TEST_CASE][PASSED] - Test Cases/Broadcasts/TC0696: Test Cases/Broadcasts/TC0696

2019-04-26 16:24:14 - [TEST_STEP][PASSED] - callTestCase: Call Test Case 'Test Cases/Broadcasts/TC0684' successfully

2019-04-26 16:24:14 - [TEST_CASE][PASSED] - Test Cases/Broadcasts/TC0684: Test Cases/Broadcasts/TC0684

2019-04-26 16:24:14 - [TEST_STEP][PASSED] - callTestCase: Call Test Case 'Test Cases/s-sidebar_navigation/TeamAccount/Broadcasts' successfully

2019-04-26 16:24:14 - [TEST_CASE][PASSED] - Test Cases/s-sidebar_navigation/TeamAccount/Broadcasts: Test Cases/s-sidebar_navigation/TeamAccount/Broadcasts

2019-04-26 16:24:14 - [TEST_STEP][PASSED] - callTestCase: Call Test Case 'Test Cases/s-sidebar_navigation/individualAccount/broadcast' successfully

2019-04-26 16:24:14 - [TEST_CASE][PASSED] - Test Cases/s-sidebar_navigation/individualAccount/broadcast: Test Cases/s-sidebar_navigation/individualAccount/broadcast

2019-04-26 16:24:14 - [TEST_STEP][PASSED] - click: Object: 'Object Repository/Page_KiboPush  Dashboard/span_Polls' is clicked on

2019-04-26 16:24:14 - [MESSAGE][PASSED] - Object: 'Object Repository/Page_KiboPush  Dashboard/span_Polls' is clicked on

2019-04-26 16:24:14 - [TEST_STEP][PASSED] - delay: Delayed 1 second(s)

2019-04-26 16:24:15 - [MESSAGE][PASSED] - Delayed 1 second(s)

2019-04-26 16:24:15 - [TEST_STEP][PASSED] - click: Object: 'Object Repository/Page_KiboPush  Dashboard/span_Broadcasts' is clicked on

2019-04-26 16:24:15 - [MESSAGE][PASSED] - Object: 'Object Repository/Page_KiboPush  Dashboard/span_Broadcasts' is clicked on

2019-04-26 16:24:15 - [TEST_STEP][PASSED] - delay: Delayed 1 second(s)

2019-04-26 16:24:16 - [MESSAGE][PASSED] - Delayed 1 second(s)

2019-04-26 16:24:16 - [TEST_STEP][PASSED] - scrollToPosition: Browser is scrolled to position x = 0, y = 0

2019-04-26 16:24:16 - [MESSAGE][PASSED] - Browser is scrolled to position x = 0, y = 0

2019-04-26 16:24:16 - [TEST_STEP][PASSED] - click: Object: 'Object Repository/Page_KiboPush  Broadcast/h3_Manage Broadcasts' is clicked on

2019-04-26 16:24:17 - [MESSAGE][PASSED] - Object: 'Object Repository/Page_KiboPush  Broadcast/h3_Manage Broadcasts' is clicked on

2019-04-26 16:24:17 - [MESSAGE][PASSED] - Call Test Case 'Test Cases/s-sidebar_navigation/individualAccount/broadcast' successfully

2019-04-26 16:24:17 - [MESSAGE][PASSED] - Call Test Case 'Test Cases/s-sidebar_navigation/TeamAccount/Broadcasts' successfully

2019-04-26 16:24:17 - [TEST_STEP][PASSED] - click: Object: 'Object Repository/Page_KiboPush  Broadcast/span_Create New Broadcast' is clicked on

2019-04-26 16:24:17 - [MESSAGE][PASSED] - Object: 'Object Repository/Page_KiboPush  Broadcast/span_Create New Broadcast' is clicked on

2019-04-26 16:24:17 - [TEST_STEP][PASSED] - click: Object: 'Object Repository/Page_KiboPush  Broadcast/a_Create New Broadcast' is clicked on

2019-04-26 16:24:18 - [MESSAGE][PASSED] - Object: 'Object Repository/Page_KiboPush  Broadcast/a_Create New Broadcast' is clicked on

2019-04-26 16:24:18 - [TEST_STEP][PASSED] - delay: Delayed 1 second(s)

2019-04-26 16:24:19 - [MESSAGE][PASSED] - Delayed 1 second(s)

2019-04-26 16:24:19 - [TEST_STEP][PASSED] - click: Object: 'Object Repository/Page_KiboPush  Create Broadcast/div_List' is clicked on

2019-04-26 16:24:19 - [MESSAGE][PASSED] - Object: 'Object Repository/Page_KiboPush  Create Broadcast/div_List' is clicked on

2019-04-26 16:24:19 - [TEST_STEP][PASSED] - delay: Delayed 1 second(s)

2019-04-26 16:24:20 - [MESSAGE][PASSED] - Delayed 1 second(s)

2019-04-26 16:24:20 - [TEST_STEP][PASSED] - click: Object: 'Object Repository/Page_KiboPush  Create Broadcast/div_ Add Button  Add Action' is clicked on

2019-04-26 16:24:20 - [MESSAGE][PASSED] - Object: 'Object Repository/Page_KiboPush  Create Broadcast/div_ Add Button  Add Action' is clicked on

2019-04-26 16:24:20 - [TEST_STEP][PASSED] - delay: Delayed 2 second(s)

2019-04-26 16:24:22 - [MESSAGE][PASSED] - Delayed 2 second(s)

2019-04-26 16:24:22 - [MESSAGE][PASSED] - Call Test Case 'Test Cases/Broadcasts/TC0684' successfully]]></system-out>
         <system-err><![CDATA[]]></system-err>
      </testcase>
      <testcase name="Test Cases/Broadcasts/TC0697" classname="Test Cases/Broadcasts/TC0697" status="PASSED">
         <system-out><![CDATA[2019-04-26 16:24:22 - [TEST_CASE][PASSED] - Test Cases/Broadcasts/TC0697: Test Cases/Broadcasts/TC0697

2019-04-26 16:24:22 - [TEST_STEP][PASSED] - callTestCase: Call Test Case 'Test Cases/Broadcasts/TC0684' successfully

2019-04-26 16:24:22 - [TEST_CASE][PASSED] - Test Cases/Broadcasts/TC0684: Test Cases/Broadcasts/TC0684

2019-04-26 16:24:22 - [TEST_STEP][PASSED] - callTestCase: Call Test Case 'Test Cases/s-sidebar_navigation/TeamAccount/Broadcasts' successfully

2019-04-26 16:24:22 - [TEST_CASE][PASSED] - Test Cases/s-sidebar_navigation/TeamAccount/Broadcasts: Test Cases/s-sidebar_navigation/TeamAccount/Broadcasts

2019-04-26 16:24:22 - [TEST_STEP][PASSED] - callTestCase: Call Test Case 'Test Cases/s-sidebar_navigation/individualAccount/broadcast' successfully

2019-04-26 16:24:22 - [TEST_CASE][PASSED] - Test Cases/s-sidebar_navigation/individualAccount/broadcast: Test Cases/s-sidebar_navigation/individualAccount/broadcast

2019-04-26 16:24:22 - [TEST_STEP][PASSED] - click: Object: 'Object Repository/Page_KiboPush  Dashboard/span_Polls' is clicked on

2019-04-26 16:24:23 - [MESSAGE][PASSED] - Object: 'Object Repository/Page_KiboPush  Dashboard/span_Polls' is clicked on

2019-04-26 16:24:23 - [TEST_STEP][PASSED] - delay: Delayed 1 second(s)

2019-04-26 16:24:24 - [MESSAGE][PASSED] - Delayed 1 second(s)

2019-04-26 16:24:24 - [TEST_STEP][PASSED] - click: Object: 'Object Repository/Page_KiboPush  Dashboard/span_Broadcasts' is clicked on

2019-04-26 16:24:24 - [MESSAGE][PASSED] - Object: 'Object Repository/Page_KiboPush  Dashboard/span_Broadcasts' is clicked on

2019-04-26 16:24:24 - [TEST_STEP][PASSED] - delay: Delayed 1 second(s)

2019-04-26 16:24:25 - [MESSAGE][PASSED] - Delayed 1 second(s)

2019-04-26 16:24:25 - [TEST_STEP][PASSED] - scrollToPosition: Browser is scrolled to position x = 0, y = 0

2019-04-26 16:24:25 - [MESSAGE][PASSED] - Browser is scrolled to position x = 0, y = 0

2019-04-26 16:24:25 - [TEST_STEP][PASSED] - click: Object: 'Object Repository/Page_KiboPush  Broadcast/h3_Manage Broadcasts' is clicked on

2019-04-26 16:24:25 - [MESSAGE][PASSED] - Object: 'Object Repository/Page_KiboPush  Broadcast/h3_Manage Broadcasts' is clicked on

2019-04-26 16:24:25 - [MESSAGE][PASSED] - Call Test Case 'Test Cases/s-sidebar_navigation/individualAccount/broadcast' successfully

2019-04-26 16:24:25 - [MESSAGE][PASSED] - Call Test Case 'Test Cases/s-sidebar_navigation/TeamAccount/Broadcasts' successfully

2019-04-26 16:24:25 - [TEST_STEP][PASSED] - click: Object: 'Object Repository/Page_KiboPush  Broadcast/span_Create New Broadcast' is clicked on

2019-04-26 16:24:25 - [MESSAGE][PASSED] - Object: 'Object Repository/Page_KiboPush  Broadcast/span_Create New Broadcast' is clicked on

2019-04-26 16:24:25 - [TEST_STEP][PASSED] - click: Object: 'Object Repository/Page_KiboPush  Broadcast/a_Create New Broadcast' is clicked on

2019-04-26 16:24:26 - [MESSAGE][PASSED] - Object: 'Object Repository/Page_KiboPush  Broadcast/a_Create New Broadcast' is clicked on

2019-04-26 16:24:26 - [TEST_STEP][PASSED] - delay: Delayed 1 second(s)

2019-04-26 16:24:27 - [MESSAGE][PASSED] - Delayed 1 second(s)

2019-04-26 16:24:27 - [TEST_STEP][PASSED] - click: Object: 'Object Repository/Page_KiboPush  Create Broadcast/div_List' is clicked on

2019-04-26 16:24:27 - [MESSAGE][PASSED] - Object: 'Object Repository/Page_KiboPush  Create Broadcast/div_List' is clicked on

2019-04-26 16:24:27 - [TEST_STEP][PASSED] - delay: Delayed 1 second(s)

2019-04-26 16:24:28 - [MESSAGE][PASSED] - Delayed 1 second(s)

2019-04-26 16:24:28 - [TEST_STEP][PASSED] - click: Object: 'Object Repository/Page_KiboPush  Create Broadcast/div_ Add Button  Add Action' is clicked on

2019-04-26 16:24:28 - [MESSAGE][PASSED] - Object: 'Object Repository/Page_KiboPush  Create Broadcast/div_ Add Button  Add Action' is clicked on

2019-04-26 16:24:28 - [TEST_STEP][PASSED] - delay: Delayed 2 second(s)

2019-04-26 16:24:30 - [MESSAGE][PASSED] - Delayed 2 second(s)

2019-04-26 16:24:30 - [MESSAGE][PASSED] - Call Test Case 'Test Cases/Broadcasts/TC0684' successfully]]></system-out>
         <system-err><![CDATA[]]></system-err>
      </testcase>
      <testcase name="Test Cases/Broadcasts/TC0698" classname="Test Cases/Broadcasts/TC0698" status="PASSED">
         <system-out><![CDATA[2019-04-26 16:24:30 - [TEST_CASE][PASSED] - Test Cases/Broadcasts/TC0698: Test Cases/Broadcasts/TC0698

2019-04-26 16:24:30 - [TEST_STEP][PASSED] - callTestCase: Call Test Case 'Test Cases/Broadcasts/TC0684' successfully

2019-04-26 16:24:30 - [TEST_CASE][PASSED] - Test Cases/Broadcasts/TC0684: Test Cases/Broadcasts/TC0684

2019-04-26 16:24:30 - [TEST_STEP][PASSED] - callTestCase: Call Test Case 'Test Cases/s-sidebar_navigation/TeamAccount/Broadcasts' successfully

2019-04-26 16:24:30 - [TEST_CASE][PASSED] - Test Cases/s-sidebar_navigation/TeamAccount/Broadcasts: Test Cases/s-sidebar_navigation/TeamAccount/Broadcasts

2019-04-26 16:24:30 - [TEST_STEP][PASSED] - callTestCase: Call Test Case 'Test Cases/s-sidebar_navigation/individualAccount/broadcast' successfully

2019-04-26 16:24:31 - [TEST_CASE][PASSED] - Test Cases/s-sidebar_navigation/individualAccount/broadcast: Test Cases/s-sidebar_navigation/individualAccount/broadcast

2019-04-26 16:24:31 - [TEST_STEP][PASSED] - click: Object: 'Object Repository/Page_KiboPush  Dashboard/span_Polls' is clicked on

2019-04-26 16:24:31 - [MESSAGE][PASSED] - Object: 'Object Repository/Page_KiboPush  Dashboard/span_Polls' is clicked on

2019-04-26 16:24:31 - [TEST_STEP][PASSED] - delay: Delayed 1 second(s)

2019-04-26 16:24:32 - [MESSAGE][PASSED] - Delayed 1 second(s)

2019-04-26 16:24:32 - [TEST_STEP][PASSED] - click: Object: 'Object Repository/Page_KiboPush  Dashboard/span_Broadcasts' is clicked on

2019-04-26 16:24:32 - [MESSAGE][PASSED] - Object: 'Object Repository/Page_KiboPush  Dashboard/span_Broadcasts' is clicked on

2019-04-26 16:24:32 - [TEST_STEP][PASSED] - delay: Delayed 1 second(s)

2019-04-26 16:24:33 - [MESSAGE][PASSED] - Delayed 1 second(s)

2019-04-26 16:24:33 - [TEST_STEP][PASSED] - scrollToPosition: Browser is scrolled to position x = 0, y = 0

2019-04-26 16:24:33 - [MESSAGE][PASSED] - Browser is scrolled to position x = 0, y = 0

2019-04-26 16:24:33 - [TEST_STEP][PASSED] - click: Object: 'Object Repository/Page_KiboPush  Broadcast/h3_Manage Broadcasts' is clicked on

2019-04-26 16:24:33 - [MESSAGE][PASSED] - Object: 'Object Repository/Page_KiboPush  Broadcast/h3_Manage Broadcasts' is clicked on

2019-04-26 16:24:33 - [MESSAGE][PASSED] - Call Test Case 'Test Cases/s-sidebar_navigation/individualAccount/broadcast' successfully

2019-04-26 16:24:33 - [MESSAGE][PASSED] - Call Test Case 'Test Cases/s-sidebar_navigation/TeamAccount/Broadcasts' successfully

2019-04-26 16:24:33 - [TEST_STEP][PASSED] - click: Object: 'Object Repository/Page_KiboPush  Broadcast/span_Create New Broadcast' is clicked on

2019-04-26 16:24:34 - [MESSAGE][PASSED] - Object: 'Object Repository/Page_KiboPush  Broadcast/span_Create New Broadcast' is clicked on

2019-04-26 16:24:34 - [TEST_STEP][PASSED] - click: Object: 'Object Repository/Page_KiboPush  Broadcast/a_Create New Broadcast' is clicked on

2019-04-26 16:24:34 - [MESSAGE][PASSED] - Object: 'Object Repository/Page_KiboPush  Broadcast/a_Create New Broadcast' is clicked on

2019-04-26 16:24:34 - [TEST_STEP][PASSED] - delay: Delayed 1 second(s)

2019-04-26 16:24:35 - [MESSAGE][PASSED] - Delayed 1 second(s)

2019-04-26 16:24:35 - [TEST_STEP][PASSED] - click: Object: 'Object Repository/Page_KiboPush  Create Broadcast/div_List' is clicked on

2019-04-26 16:24:36 - [MESSAGE][PASSED] - Object: 'Object Repository/Page_KiboPush  Create Broadcast/div_List' is clicked on

2019-04-26 16:24:36 - [TEST_STEP][PASSED] - delay: Delayed 1 second(s)

2019-04-26 16:24:37 - [MESSAGE][PASSED] - Delayed 1 second(s)

2019-04-26 16:24:37 - [TEST_STEP][PASSED] - click: Object: 'Object Repository/Page_KiboPush  Create Broadcast/div_ Add Button  Add Action' is clicked on

2019-04-26 16:24:37 - [MESSAGE][PASSED] - Object: 'Object Repository/Page_KiboPush  Create Broadcast/div_ Add Button  Add Action' is clicked on

2019-04-26 16:24:37 - [TEST_STEP][PASSED] - delay: Delayed 2 second(s)

2019-04-26 16:24:39 - [MESSAGE][PASSED] - Delayed 2 second(s)

2019-04-26 16:24:39 - [MESSAGE][PASSED] - Call Test Case 'Test Cases/Broadcasts/TC0684' successfully]]></system-out>
         <system-err><![CDATA[]]></system-err>
      </testcase>
      <testcase name="Test Cases/Broadcasts/TC0699" classname="Test Cases/Broadcasts/TC0699" status="PASSED">
         <system-out><![CDATA[2019-04-26 16:24:39 - [TEST_CASE][PASSED] - Test Cases/Broadcasts/TC0699: Test Cases/Broadcasts/TC0699

2019-04-26 16:24:39 - [TEST_STEP][PASSED] - callTestCase: Call Test Case 'Test Cases/Broadcasts/TC0684' successfully

2019-04-26 16:24:39 - [TEST_CASE][PASSED] - Test Cases/Broadcasts/TC0684: Test Cases/Broadcasts/TC0684

2019-04-26 16:24:39 - [TEST_STEP][PASSED] - callTestCase: Call Test Case 'Test Cases/s-sidebar_navigation/TeamAccount/Broadcasts' successfully

2019-04-26 16:24:39 - [TEST_CASE][PASSED] - Test Cases/s-sidebar_navigation/TeamAccount/Broadcasts: Test Cases/s-sidebar_navigation/TeamAccount/Broadcasts

2019-04-26 16:24:39 - [TEST_STEP][PASSED] - callTestCase: Call Test Case 'Test Cases/s-sidebar_navigation/individualAccount/broadcast' successfully

2019-04-26 16:24:39 - [TEST_CASE][PASSED] - Test Cases/s-sidebar_navigation/individualAccount/broadcast: Test Cases/s-sidebar_navigation/individualAccount/broadcast

2019-04-26 16:24:39 - [TEST_STEP][PASSED] - click: Object: 'Object Repository/Page_KiboPush  Dashboard/span_Polls' is clicked on

2019-04-26 16:24:39 - [MESSAGE][PASSED] - Object: 'Object Repository/Page_KiboPush  Dashboard/span_Polls' is clicked on

2019-04-26 16:24:39 - [TEST_STEP][PASSED] - delay: Delayed 1 second(s)

2019-04-26 16:24:40 - [MESSAGE][PASSED] - Delayed 1 second(s)

2019-04-26 16:24:40 - [TEST_STEP][PASSED] - click: Object: 'Object Repository/Page_KiboPush  Dashboard/span_Broadcasts' is clicked on

2019-04-26 16:24:41 - [MESSAGE][PASSED] - Object: 'Object Repository/Page_KiboPush  Dashboard/span_Broadcasts' is clicked on

2019-04-26 16:24:41 - [TEST_STEP][PASSED] - delay: Delayed 1 second(s)

2019-04-26 16:24:42 - [MESSAGE][PASSED] - Delayed 1 second(s)

2019-04-26 16:24:42 - [TEST_STEP][PASSED] - scrollToPosition: Browser is scrolled to position x = 0, y = 0

2019-04-26 16:24:42 - [MESSAGE][PASSED] - Browser is scrolled to position x = 0, y = 0

2019-04-26 16:24:42 - [TEST_STEP][PASSED] - click: Object: 'Object Repository/Page_KiboPush  Broadcast/h3_Manage Broadcasts' is clicked on

2019-04-26 16:24:42 - [MESSAGE][PASSED] - Object: 'Object Repository/Page_KiboPush  Broadcast/h3_Manage Broadcasts' is clicked on

2019-04-26 16:24:42 - [MESSAGE][PASSED] - Call Test Case 'Test Cases/s-sidebar_navigation/individualAccount/broadcast' successfully

2019-04-26 16:24:42 - [MESSAGE][PASSED] - Call Test Case 'Test Cases/s-sidebar_navigation/TeamAccount/Broadcasts' successfully

2019-04-26 16:24:42 - [TEST_STEP][PASSED] - click: Object: 'Object Repository/Page_KiboPush  Broadcast/span_Create New Broadcast' is clicked on

2019-04-26 16:24:42 - [MESSAGE][PASSED] - Object: 'Object Repository/Page_KiboPush  Broadcast/span_Create New Broadcast' is clicked on

2019-04-26 16:24:42 - [TEST_STEP][PASSED] - click: Object: 'Object Repository/Page_KiboPush  Broadcast/a_Create New Broadcast' is clicked on

2019-04-26 16:24:42 - [MESSAGE][PASSED] - Object: 'Object Repository/Page_KiboPush  Broadcast/a_Create New Broadcast' is clicked on

2019-04-26 16:24:42 - [TEST_STEP][PASSED] - delay: Delayed 1 second(s)

2019-04-26 16:24:43 - [MESSAGE][PASSED] - Delayed 1 second(s)

2019-04-26 16:24:43 - [TEST_STEP][PASSED] - click: Object: 'Object Repository/Page_KiboPush  Create Broadcast/div_List' is clicked on

2019-04-26 16:24:44 - [MESSAGE][PASSED] - Object: 'Object Repository/Page_KiboPush  Create Broadcast/div_List' is clicked on

2019-04-26 16:24:44 - [TEST_STEP][PASSED] - delay: Delayed 1 second(s)

2019-04-26 16:24:45 - [MESSAGE][PASSED] - Delayed 1 second(s)

2019-04-26 16:24:45 - [TEST_STEP][PASSED] - click: Object: 'Object Repository/Page_KiboPush  Create Broadcast/div_ Add Button  Add Action' is clicked on

2019-04-26 16:24:45 - [MESSAGE][PASSED] - Object: 'Object Repository/Page_KiboPush  Create Broadcast/div_ Add Button  Add Action' is clicked on

2019-04-26 16:24:45 - [TEST_STEP][PASSED] - delay: Delayed 2 second(s)

2019-04-26 16:24:47 - [MESSAGE][PASSED] - Delayed 2 second(s)

2019-04-26 16:24:47 - [MESSAGE][PASSED] - Call Test Case 'Test Cases/Broadcasts/TC0684' successfully

2019-04-26 16:24:47 - [TEST_STEP][PASSED] - verifyElementNotPresent: Web element with id: 'Object Repository/Page_KiboPush  Create Broadcast/div_Open a website' located by 'By.xpath: //div[(text() = ' Open a website' or . = ' Open a website')]' is not present after '30' second(s)

2019-04-26 16:24:47 - [MESSAGE][WARNING] - Timeout '0' is invalid. Using default page load timeout: '30'

2019-04-26 16:24:47 - [MESSAGE][PASSED] - Web element with id: 'Object Repository/Page_KiboPush  Create Broadcast/div_Open a website' located by 'By.xpath: //div[(text() = ' Open a website' or . = ' Open a website')]' is not present after '30' second(s)]]></system-out>
         <system-err><![CDATA[]]></system-err>
      </testcase>
      <testcase name="Test Cases/Broadcasts/TC0700" classname="Test Cases/Broadcasts/TC0700" status="PASSED">
         <system-out><![CDATA[2019-04-26 16:24:47 - [TEST_CASE][PASSED] - Test Cases/Broadcasts/TC0700: Test Cases/Broadcasts/TC0700

2019-04-26 16:24:47 - [TEST_STEP][PASSED] - callTestCase: Call Test Case 'Test Cases/Broadcasts/TC0699' successfully

2019-04-26 16:24:47 - [TEST_CASE][PASSED] - Test Cases/Broadcasts/TC0699: Test Cases/Broadcasts/TC0699

2019-04-26 16:24:47 - [TEST_STEP][PASSED] - callTestCase: Call Test Case 'Test Cases/Broadcasts/TC0684' successfully

2019-04-26 16:24:47 - [TEST_CASE][PASSED] - Test Cases/Broadcasts/TC0684: Test Cases/Broadcasts/TC0684

2019-04-26 16:24:47 - [TEST_STEP][PASSED] - callTestCase: Call Test Case 'Test Cases/s-sidebar_navigation/TeamAccount/Broadcasts' successfully

2019-04-26 16:24:47 - [TEST_CASE][PASSED] - Test Cases/s-sidebar_navigation/TeamAccount/Broadcasts: Test Cases/s-sidebar_navigation/TeamAccount/Broadcasts

2019-04-26 16:24:47 - [TEST_STEP][PASSED] - callTestCase: Call Test Case 'Test Cases/s-sidebar_navigation/individualAccount/broadcast' successfully

2019-04-26 16:24:47 - [TEST_CASE][PASSED] - Test Cases/s-sidebar_navigation/individualAccount/broadcast: Test Cases/s-sidebar_navigation/individualAccount/broadcast

2019-04-26 16:24:48 - [TEST_STEP][PASSED] - click: Object: 'Object Repository/Page_KiboPush  Dashboard/span_Polls' is clicked on

2019-04-26 16:24:48 - [MESSAGE][PASSED] - Object: 'Object Repository/Page_KiboPush  Dashboard/span_Polls' is clicked on

2019-04-26 16:24:48 - [TEST_STEP][PASSED] - delay: Delayed 1 second(s)

2019-04-26 16:24:49 - [MESSAGE][PASSED] - Delayed 1 second(s)

2019-04-26 16:24:49 - [TEST_STEP][PASSED] - click: Object: 'Object Repository/Page_KiboPush  Dashboard/span_Broadcasts' is clicked on

2019-04-26 16:24:49 - [MESSAGE][PASSED] - Object: 'Object Repository/Page_KiboPush  Dashboard/span_Broadcasts' is clicked on

2019-04-26 16:24:49 - [TEST_STEP][PASSED] - delay: Delayed 1 second(s)

2019-04-26 16:24:50 - [MESSAGE][PASSED] - Delayed 1 second(s)

2019-04-26 16:24:50 - [TEST_STEP][PASSED] - scrollToPosition: Browser is scrolled to position x = 0, y = 0

2019-04-26 16:24:50 - [MESSAGE][PASSED] - Browser is scrolled to position x = 0, y = 0

2019-04-26 16:24:50 - [TEST_STEP][PASSED] - click: Object: 'Object Repository/Page_KiboPush  Broadcast/h3_Manage Broadcasts' is clicked on

2019-04-26 16:24:50 - [MESSAGE][PASSED] - Object: 'Object Repository/Page_KiboPush  Broadcast/h3_Manage Broadcasts' is clicked on

2019-04-26 16:24:50 - [MESSAGE][PASSED] - Call Test Case 'Test Cases/s-sidebar_navigation/individualAccount/broadcast' successfully

2019-04-26 16:24:50 - [MESSAGE][PASSED] - Call Test Case 'Test Cases/s-sidebar_navigation/TeamAccount/Broadcasts' successfully

2019-04-26 16:24:50 - [TEST_STEP][PASSED] - click: Object: 'Object Repository/Page_KiboPush  Broadcast/span_Create New Broadcast' is clicked on

2019-04-26 16:24:50 - [MESSAGE][PASSED] - Object: 'Object Repository/Page_KiboPush  Broadcast/span_Create New Broadcast' is clicked on

2019-04-26 16:24:50 - [TEST_STEP][PASSED] - click: Object: 'Object Repository/Page_KiboPush  Broadcast/a_Create New Broadcast' is clicked on

2019-04-26 16:24:51 - [MESSAGE][PASSED] - Object: 'Object Repository/Page_KiboPush  Broadcast/a_Create New Broadcast' is clicked on

2019-04-26 16:24:51 - [TEST_STEP][PASSED] - delay: Delayed 1 second(s)

2019-04-26 16:24:52 - [MESSAGE][PASSED] - Delayed 1 second(s)

2019-04-26 16:24:52 - [TEST_STEP][PASSED] - click: Object: 'Object Repository/Page_KiboPush  Create Broadcast/div_List' is clicked on

2019-04-26 16:24:53 - [MESSAGE][PASSED] - Object: 'Object Repository/Page_KiboPush  Create Broadcast/div_List' is clicked on

2019-04-26 16:24:53 - [TEST_STEP][PASSED] - delay: Delayed 1 second(s)

2019-04-26 16:24:54 - [MESSAGE][PASSED] - Delayed 1 second(s)

2019-04-26 16:24:54 - [TEST_STEP][PASSED] - click: Object: 'Object Repository/Page_KiboPush  Create Broadcast/div_ Add Button  Add Action' is clicked on

2019-04-26 16:24:54 - [MESSAGE][PASSED] - Object: 'Object Repository/Page_KiboPush  Create Broadcast/div_ Add Button  Add Action' is clicked on

2019-04-26 16:24:54 - [TEST_STEP][PASSED] - delay: Delayed 2 second(s)

2019-04-26 16:24:56 - [MESSAGE][PASSED] - Delayed 2 second(s)

2019-04-26 16:24:56 - [MESSAGE][PASSED] - Call Test Case 'Test Cases/Broadcasts/TC0684' successfully

2019-04-26 16:24:56 - [TEST_STEP][PASSED] - verifyElementNotPresent: Web element with id: 'Object Repository/Page_KiboPush  Create Broadcast/div_Open a website' located by 'By.xpath: //div[(text() = ' Open a website' or . = ' Open a website')]' is not present after '30' second(s)

2019-04-26 16:24:56 - [MESSAGE][WARNING] - Timeout '0' is invalid. Using default page load timeout: '30'

2019-04-26 16:24:56 - [MESSAGE][PASSED] - Web element with id: 'Object Repository/Page_KiboPush  Create Broadcast/div_Open a website' located by 'By.xpath: //div[(text() = ' Open a website' or . = ' Open a website')]' is not present after '30' second(s)

2019-04-26 16:24:56 - [MESSAGE][PASSED] - Call Test Case 'Test Cases/Broadcasts/TC0699' successfully]]></system-out>
         <system-err><![CDATA[]]></system-err>
      </testcase>
      <testcase name="Test Cases/Broadcasts/TC0701" classname="Test Cases/Broadcasts/TC0701" status="PASSED">
         <system-out><![CDATA[2019-04-26 16:24:56 - [TEST_CASE][PASSED] - Test Cases/Broadcasts/TC0701: Test Cases/Broadcasts/TC0701

2019-04-26 16:24:56 - [TEST_STEP][PASSED] - callTestCase: Call Test Case 'Test Cases/Broadcasts/TC0684' successfully

2019-04-26 16:24:56 - [TEST_CASE][PASSED] - Test Cases/Broadcasts/TC0684: Test Cases/Broadcasts/TC0684

2019-04-26 16:24:56 - [TEST_STEP][PASSED] - callTestCase: Call Test Case 'Test Cases/s-sidebar_navigation/TeamAccount/Broadcasts' successfully

2019-04-26 16:24:56 - [TEST_CASE][PASSED] - Test Cases/s-sidebar_navigation/TeamAccount/Broadcasts: Test Cases/s-sidebar_navigation/TeamAccount/Broadcasts

2019-04-26 16:24:56 - [TEST_STEP][PASSED] - callTestCase: Call Test Case 'Test Cases/s-sidebar_navigation/individualAccount/broadcast' successfully

2019-04-26 16:24:56 - [TEST_CASE][PASSED] - Test Cases/s-sidebar_navigation/individualAccount/broadcast: Test Cases/s-sidebar_navigation/individualAccount/broadcast

2019-04-26 16:24:56 - [TEST_STEP][PASSED] - click: Object: 'Object Repository/Page_KiboPush  Dashboard/span_Polls' is clicked on

2019-04-26 16:24:56 - [MESSAGE][PASSED] - Object: 'Object Repository/Page_KiboPush  Dashboard/span_Polls' is clicked on

2019-04-26 16:24:56 - [TEST_STEP][PASSED] - delay: Delayed 1 second(s)

2019-04-26 16:24:57 - [MESSAGE][PASSED] - Delayed 1 second(s)

2019-04-26 16:24:57 - [TEST_STEP][PASSED] - click: Object: 'Object Repository/Page_KiboPush  Dashboard/span_Broadcasts' is clicked on

2019-04-26 16:24:57 - [MESSAGE][PASSED] - Object: 'Object Repository/Page_KiboPush  Dashboard/span_Broadcasts' is clicked on

2019-04-26 16:24:57 - [TEST_STEP][PASSED] - delay: Delayed 1 second(s)

2019-04-26 16:24:58 - [MESSAGE][PASSED] - Delayed 1 second(s)

2019-04-26 16:24:58 - [TEST_STEP][PASSED] - scrollToPosition: Browser is scrolled to position x = 0, y = 0

2019-04-26 16:24:59 - [MESSAGE][PASSED] - Browser is scrolled to position x = 0, y = 0

2019-04-26 16:24:59 - [TEST_STEP][PASSED] - click: Object: 'Object Repository/Page_KiboPush  Broadcast/h3_Manage Broadcasts' is clicked on

2019-04-26 16:24:59 - [MESSAGE][PASSED] - Object: 'Object Repository/Page_KiboPush  Broadcast/h3_Manage Broadcasts' is clicked on

2019-04-26 16:24:59 - [MESSAGE][PASSED] - Call Test Case 'Test Cases/s-sidebar_navigation/individualAccount/broadcast' successfully

2019-04-26 16:24:59 - [MESSAGE][PASSED] - Call Test Case 'Test Cases/s-sidebar_navigation/TeamAccount/Broadcasts' successfully

2019-04-26 16:24:59 - [TEST_STEP][PASSED] - click: Object: 'Object Repository/Page_KiboPush  Broadcast/span_Create New Broadcast' is clicked on

2019-04-26 16:24:59 - [MESSAGE][PASSED] - Object: 'Object Repository/Page_KiboPush  Broadcast/span_Create New Broadcast' is clicked on

2019-04-26 16:24:59 - [TEST_STEP][PASSED] - click: Object: 'Object Repository/Page_KiboPush  Broadcast/a_Create New Broadcast' is clicked on

2019-04-26 16:25:00 - [MESSAGE][PASSED] - Object: 'Object Repository/Page_KiboPush  Broadcast/a_Create New Broadcast' is clicked on

2019-04-26 16:25:00 - [TEST_STEP][PASSED] - delay: Delayed 1 second(s)

2019-04-26 16:25:01 - [MESSAGE][PASSED] - Delayed 1 second(s)

2019-04-26 16:25:01 - [TEST_STEP][PASSED] - click: Object: 'Object Repository/Page_KiboPush  Create Broadcast/div_List' is clicked on

2019-04-26 16:25:01 - [MESSAGE][PASSED] - Object: 'Object Repository/Page_KiboPush  Create Broadcast/div_List' is clicked on

2019-04-26 16:25:01 - [TEST_STEP][PASSED] - delay: Delayed 1 second(s)

2019-04-26 16:25:02 - [MESSAGE][PASSED] - Delayed 1 second(s)

2019-04-26 16:25:02 - [TEST_STEP][PASSED] - click: Object: 'Object Repository/Page_KiboPush  Create Broadcast/div_ Add Button  Add Action' is clicked on

2019-04-26 16:25:03 - [MESSAGE][PASSED] - Object: 'Object Repository/Page_KiboPush  Create Broadcast/div_ Add Button  Add Action' is clicked on

2019-04-26 16:25:03 - [TEST_STEP][PASSED] - delay: Delayed 2 second(s)

2019-04-26 16:25:05 - [MESSAGE][PASSED] - Delayed 2 second(s)

2019-04-26 16:25:05 - [MESSAGE][PASSED] - Call Test Case 'Test Cases/Broadcasts/TC0684' successfully]]></system-out>
         <system-err><![CDATA[]]></system-err>
      </testcase>
      <testcase name="Test Cases/Broadcasts/TC0702" classname="Test Cases/Broadcasts/TC0702" status="PASSED">
         <system-out><![CDATA[2019-04-26 16:25:05 - [TEST_CASE][PASSED] - Test Cases/Broadcasts/TC0702: Test Cases/Broadcasts/TC0702

2019-04-26 16:25:05 - [TEST_STEP][PASSED] - callTestCase: Call Test Case 'Test Cases/Broadcasts/TC0684' successfully

2019-04-26 16:25:05 - [TEST_CASE][PASSED] - Test Cases/Broadcasts/TC0684: Test Cases/Broadcasts/TC0684

2019-04-26 16:25:05 - [TEST_STEP][PASSED] - callTestCase: Call Test Case 'Test Cases/s-sidebar_navigation/TeamAccount/Broadcasts' successfully

2019-04-26 16:25:05 - [TEST_CASE][PASSED] - Test Cases/s-sidebar_navigation/TeamAccount/Broadcasts: Test Cases/s-sidebar_navigation/TeamAccount/Broadcasts

2019-04-26 16:25:05 - [TEST_STEP][PASSED] - callTestCase: Call Test Case 'Test Cases/s-sidebar_navigation/individualAccount/broadcast' successfully

2019-04-26 16:25:05 - [TEST_CASE][PASSED] - Test Cases/s-sidebar_navigation/individualAccount/broadcast: Test Cases/s-sidebar_navigation/individualAccount/broadcast

2019-04-26 16:25:05 - [TEST_STEP][PASSED] - click: Object: 'Object Repository/Page_KiboPush  Dashboard/span_Polls' is clicked on

2019-04-26 16:25:05 - [MESSAGE][PASSED] - Object: 'Object Repository/Page_KiboPush  Dashboard/span_Polls' is clicked on

2019-04-26 16:25:05 - [TEST_STEP][PASSED] - delay: Delayed 1 second(s)

2019-04-26 16:25:06 - [MESSAGE][PASSED] - Delayed 1 second(s)

2019-04-26 16:25:06 - [TEST_STEP][PASSED] - click: Object: 'Object Repository/Page_KiboPush  Dashboard/span_Broadcasts' is clicked on

2019-04-26 16:25:06 - [MESSAGE][PASSED] - Object: 'Object Repository/Page_KiboPush  Dashboard/span_Broadcasts' is clicked on

2019-04-26 16:25:06 - [TEST_STEP][PASSED] - delay: Delayed 1 second(s)

2019-04-26 16:25:07 - [MESSAGE][PASSED] - Delayed 1 second(s)

2019-04-26 16:25:07 - [TEST_STEP][PASSED] - scrollToPosition: Browser is scrolled to position x = 0, y = 0

2019-04-26 16:25:07 - [MESSAGE][PASSED] - Browser is scrolled to position x = 0, y = 0

2019-04-26 16:25:07 - [TEST_STEP][PASSED] - click: Object: 'Object Repository/Page_KiboPush  Broadcast/h3_Manage Broadcasts' is clicked on

2019-04-26 16:25:07 - [MESSAGE][PASSED] - Object: 'Object Repository/Page_KiboPush  Broadcast/h3_Manage Broadcasts' is clicked on

2019-04-26 16:25:07 - [MESSAGE][PASSED] - Call Test Case 'Test Cases/s-sidebar_navigation/individualAccount/broadcast' successfully

2019-04-26 16:25:07 - [MESSAGE][PASSED] - Call Test Case 'Test Cases/s-sidebar_navigation/TeamAccount/Broadcasts' successfully

2019-04-26 16:25:07 - [TEST_STEP][PASSED] - click: Object: 'Object Repository/Page_KiboPush  Broadcast/span_Create New Broadcast' is clicked on

2019-04-26 16:25:08 - [MESSAGE][PASSED] - Object: 'Object Repository/Page_KiboPush  Broadcast/span_Create New Broadcast' is clicked on

2019-04-26 16:25:08 - [TEST_STEP][PASSED] - click: Object: 'Object Repository/Page_KiboPush  Broadcast/a_Create New Broadcast' is clicked on

2019-04-26 16:25:08 - [MESSAGE][PASSED] - Object: 'Object Repository/Page_KiboPush  Broadcast/a_Create New Broadcast' is clicked on

2019-04-26 16:25:08 - [TEST_STEP][PASSED] - delay: Delayed 1 second(s)

2019-04-26 16:25:09 - [MESSAGE][PASSED] - Delayed 1 second(s)

2019-04-26 16:25:09 - [TEST_STEP][PASSED] - click: Object: 'Object Repository/Page_KiboPush  Create Broadcast/div_List' is clicked on

2019-04-26 16:25:10 - [MESSAGE][PASSED] - Object: 'Object Repository/Page_KiboPush  Create Broadcast/div_List' is clicked on

2019-04-26 16:25:10 - [TEST_STEP][PASSED] - delay: Delayed 1 second(s)

2019-04-26 16:25:11 - [MESSAGE][PASSED] - Delayed 1 second(s)

2019-04-26 16:25:11 - [TEST_STEP][PASSED] - click: Object: 'Object Repository/Page_KiboPush  Create Broadcast/div_ Add Button  Add Action' is clicked on

2019-04-26 16:25:11 - [MESSAGE][PASSED] - Object: 'Object Repository/Page_KiboPush  Create Broadcast/div_ Add Button  Add Action' is clicked on

2019-04-26 16:25:11 - [TEST_STEP][PASSED] - delay: Delayed 2 second(s)

2019-04-26 16:25:13 - [MESSAGE][PASSED] - Delayed 2 second(s)

2019-04-26 16:25:13 - [MESSAGE][PASSED] - Call Test Case 'Test Cases/Broadcasts/TC0684' successfully

2019-04-26 16:25:13 - [TEST_STEP][PASSED] - click: Object: 'Object Repository/Page_KiboPush  Create Broadcast/div_ Add Element' is clicked on

2019-04-26 16:25:13 - [MESSAGE][PASSED] - Object: 'Object Repository/Page_KiboPush  Create Broadcast/div_ Add Element' is clicked on]]></system-out>
         <system-err><![CDATA[]]></system-err>
      </testcase>
      <system-out><![CDATA[2019-04-26 16:04:30 - [TEST_SUITE][FAILED] - broadcast: Test Cases/Broadcasts/TC0132 FAILED because (of) Unable to click on object 'Object Repository/Page_KiboPush  Create Broadcast/div_Text cannot be empty' (Root cause: org.openqa.selenium.WebDriverException: unknown error: Element <div class="css-l17kki">...</div> is not clickable at point (1057, 105). Other element would receive the click: <div class="css-6bx4c3">...</div>
  (Session info: chrome=73.0.3683.103)
  (Driver info: chromedriver=2.35.528161 (5b82f2d2aae0ca24b877009200ced9065a772e73),platform=Windows NT 10.0.17134 x86_64) (WARNING: The server did not provide any stacktrace information)
Command duration or timeout: 0 milliseconds
Build info: version: '3.7.1', revision: '8a0099a', time: '2017-11-06T21:07:36.161Z'
System info: host: 'DESKTOP-4M6R1V0', ip: '10.0.2.15', os.name: 'Windows 10', os.arch: 'amd64', os.version: '10.0', java.version: '1.8.0_181'
Driver info: com.kms.katalon.selenium.driver.CChromeDriver
Capabilities {acceptInsecureCerts: false, acceptSslCerts: false, applicationCacheEnabled: false, browserConnectionEnabled: false, browserName: chrome, chrome: {chromedriverVersion: 2.35.528161 (5b82f2d2aae0ca..., userDataDir: C:\Users\CLOUDK~1\AppData\L...}, cssSelectorsEnabled: true, databaseEnabled: false, handlesAlerts: true, hasTouchScreen: false, javascriptEnabled: true, locationContextEnabled: true, mobileEmulationEnabled: false, nativeEvents: true, networkConnectionEnabled: false, pageLoadStrategy: normal, platform: XP, platformName: XP, rotatable: false, setWindowRect: true, takesHeapSnapshot: true, takesScreenshot: true, unexpectedAlertBehaviour: , unhandledPromptBehavior: , version: 73.0.3683.103, webStorageEnabled: true}
Session ID: aaa6e2c23605f4938578d1cad5d32416)]]></system-out>
      <system-err><![CDATA[2019-04-26 16:04:30 - [TEST_SUITE][FAILED] - broadcast: Test Cases/Broadcasts/TC0132 FAILED because (of) Unable to click on object 'Object Repository/Page_KiboPush  Create Broadcast/div_Text cannot be empty' (Root cause: org.openqa.selenium.WebDriverException: unknown error: Element <div class="css-l17kki">...</div> is not clickable at point (1057, 105). Other element would receive the click: <div class="css-6bx4c3">...</div>
  (Session info: chrome=73.0.3683.103)
  (Driver info: chromedriver=2.35.528161 (5b82f2d2aae0ca24b877009200ced9065a772e73),platform=Windows NT 10.0.17134 x86_64) (WARNING: The server did not provide any stacktrace information)
Command duration or timeout: 0 milliseconds
Build info: version: '3.7.1', revision: '8a0099a', time: '2017-11-06T21:07:36.161Z'
System info: host: 'DESKTOP-4M6R1V0', ip: '10.0.2.15', os.name: 'Windows 10', os.arch: 'amd64', os.version: '10.0', java.version: '1.8.0_181'
Driver info: com.kms.katalon.selenium.driver.CChromeDriver
Capabilities {acceptInsecureCerts: false, acceptSslCerts: false, applicationCacheEnabled: false, browserConnectionEnabled: false, browserName: chrome, chrome: {chromedriverVersion: 2.35.528161 (5b82f2d2aae0ca..., userDataDir: C:\Users\CLOUDK~1\AppData\L...}, cssSelectorsEnabled: true, databaseEnabled: false, handlesAlerts: true, hasTouchScreen: false, javascriptEnabled: true, locationContextEnabled: true, mobileEmulationEnabled: false, nativeEvents: true, networkConnectionEnabled: false, pageLoadStrategy: normal, platform: XP, platformName: XP, rotatable: false, setWindowRect: true, takesHeapSnapshot: true, takesScreenshot: true, unexpectedAlertBehaviour: , unhandledPromptBehavior: , version: 73.0.3683.103, webStorageEnabled: true}
Session ID: aaa6e2c23605f4938578d1cad5d32416)]]></system-err>
   </testsuite>
</testsuites>
